<?xml version="1.0" encoding="UTF-8"?>
<testsuite xmlns:xsi="http://www.w3.org/2001/XMLSchema-instance" xsi:noNamespaceSchemaLocation="https://maven.apache.org/surefire/maven-surefire-plugin/xsd/surefire-test-report.xsd" name="org.apache.hadoop.fs.ozone.TestOzoneFileSystem" time="207.239" tests="8" errors="1" skipped="0" failures="0">
  <properties>
    <property name="awt.toolkit" value="sun.awt.X11.XToolkit"/>
    <property name="file.encoding.pkg" value="sun.io"/>
    <property name="java.specification.version" value="1.8"/>
    <property name="sun.cpu.isalist" value=""/>
    <property name="sun.jnu.encoding" value="ANSI_X3.4-1968"/>
    <property name="java.class.path" value="/workdir/hadoop-ozone/ozonefs/target/test-classes:/workdir/hadoop-ozone/ozonefs/target/classes:/home/user/.m2/repository/org/apache/hadoop/hadoop-common/3.2.0/hadoop-common-3.2.0.jar:/home/user/.m2/repository/org/apache/hadoop/hadoop-annotations/3.2.0/hadoop-annotations-3.2.0.jar:/usr/lib/jvm/java-1.8.0-openjdk-1.8.0.222.b10-1.el7_7.x86_64/jre/../lib/tools.jar:/home/user/.m2/repository/com/google/guava/guava/11.0.2/guava-11.0.2.jar:/home/user/.m2/repository/commons-cli/commons-cli/1.2/commons-cli-1.2.jar:/home/user/.m2/repository/org/apache/commons/commons-math3/3.1.1/commons-math3-3.1.1.jar:/home/user/.m2/repository/commons-codec/commons-codec/1.11/commons-codec-1.11.jar:/home/user/.m2/repository/commons-io/commons-io/2.5/commons-io-2.5.jar:/home/user/.m2/repository/commons-net/commons-net/3.6/commons-net-3.6.jar:/home/user/.m2/repository/commons-collections/commons-collections/3.2.2/commons-collections-3.2.2.jar:/home/user/.m2/repository/javax/servlet/javax.servlet-api/3.1.0/javax.servlet-api-3.1.0.jar:/home/user/.m2/repository/org/eclipse/jetty/jetty-server/9.3.25.v20180904/jetty-server-9.3.25.v20180904.jar:/home/user/.m2/repository/org/eclipse/jetty/jetty-http/9.3.25.v20180904/jetty-http-9.3.25.v20180904.jar:/home/user/.m2/repository/org/eclipse/jetty/jetty-io/9.3.25.v20180904/jetty-io-9.3.25.v20180904.jar:/home/user/.m2/repository/org/eclipse/jetty/jetty-util/9.3.25.v20180904/jetty-util-9.3.25.v20180904.jar:/home/user/.m2/repository/org/eclipse/jetty/jetty-servlet/9.3.25.v20180904/jetty-servlet-9.3.25.v20180904.jar:/home/user/.m2/repository/org/eclipse/jetty/jetty-security/9.3.25.v20180904/jetty-security-9.3.25.v20180904.jar:/home/user/.m2/repository/org/eclipse/jetty/jetty-webapp/9.3.25.v20180904/jetty-webapp-9.3.25.v20180904.jar:/home/user/.m2/repository/org/eclipse/jetty/jetty-xml/9.3.25.v20180904/jetty-xml-9.3.25.v20180904.jar:/home/user/.m2/repository/javax/servlet/jsp/jsp-api/2.1/jsp-api-2.1.jar:/home/user/.m2/repository/com/sun/jersey/jersey-core/1.19/jersey-core-1.19.jar:/home/user/.m2/repository/javax/ws/rs/jsr311-api/1.1.1/jsr311-api-1.1.1.jar:/home/user/.m2/repository/com/sun/jersey/jersey-servlet/1.19/jersey-servlet-1.19.jar:/home/user/.m2/repository/com/sun/jersey/jersey-json/1.19/jersey-json-1.19.jar:/home/user/.m2/repository/org/codehaus/jettison/jettison/1.1/jettison-1.1.jar:/home/user/.m2/repository/com/sun/xml/bind/jaxb-impl/2.3.0.1/jaxb-impl-2.3.0.1.jar:/home/user/.m2/repository/org/codehaus/jackson/jackson-core-asl/1.9.13/jackson-core-asl-1.9.13.jar:/home/user/.m2/repository/org/codehaus/jackson/jackson-mapper-asl/1.9.13/jackson-mapper-asl-1.9.13.jar:/home/user/.m2/repository/org/codehaus/jackson/jackson-jaxrs/1.9.13/jackson-jaxrs-1.9.13.jar:/home/user/.m2/repository/org/codehaus/jackson/jackson-xc/1.9.13/jackson-xc-1.9.13.jar:/home/user/.m2/repository/com/sun/jersey/jersey-server/1.19/jersey-server-1.19.jar:/home/user/.m2/repository/commons-logging/commons-logging/1.1.3/commons-logging-1.1.3.jar:/home/user/.m2/repository/log4j/log4j/1.2.17/log4j-1.2.17.jar:/home/user/.m2/repository/commons-beanutils/commons-beanutils/1.9.4/commons-beanutils-1.9.4.jar:/home/user/.m2/repository/org/apache/commons/commons-configuration2/2.1.1/commons-configuration2-2.1.1.jar:/home/user/.m2/repository/org/apache/commons/commons-lang3/3.7/commons-lang3-3.7.jar:/home/user/.m2/repository/org/apache/commons/commons-text/1.4/commons-text-1.4.jar:/home/user/.m2/repository/org/slf4j/slf4j-api/1.7.25/slf4j-api-1.7.25.jar:/home/user/.m2/repository/org/slf4j/slf4j-log4j12/1.7.25/slf4j-log4j12-1.7.25.jar:/home/user/.m2/repository/org/apache/avro/avro/1.7.7/avro-1.7.7.jar:/home/user/.m2/repository/com/thoughtworks/paranamer/paranamer/2.3/paranamer-2.3.jar:/home/user/.m2/repository/org/xerial/snappy/snappy-java/1.0.5/snappy-java-1.0.5.jar:/home/user/.m2/repository/com/google/re2j/re2j/1.1/re2j-1.1.jar:/home/user/.m2/repository/com/google/protobuf/protobuf-java/2.5.0/protobuf-java-2.5.0.jar:/home/user/.m2/repository/com/google/code/gson/gson/2.2.4/gson-2.2.4.jar:/home/user/.m2/repository/org/apache/hadoop/hadoop-auth/3.2.0/hadoop-auth-3.2.0.jar:/home/user/.m2/repository/com/nimbusds/nimbus-jose-jwt/4.41.1/nimbus-jose-jwt-4.41.1.jar:/home/user/.m2/repository/com/github/stephenc/jcip/jcip-annotations/1.0-1/jcip-annotations-1.0-1.jar:/home/user/.m2/repository/net/minidev/json-smart/2.3/json-smart-2.3.jar:/home/user/.m2/repository/net/minidev/accessors-smart/1.2/accessors-smart-1.2.jar:/home/user/.m2/repository/org/apache/curator/curator-framework/2.12.0/curator-framework-2.12.0.jar:/home/user/.m2/repository/com/jcraft/jsch/0.1.54/jsch-0.1.54.jar:/home/user/.m2/repository/org/apache/curator/curator-client/2.12.0/curator-client-2.12.0.jar:/home/user/.m2/repository/org/apache/curator/curator-recipes/2.12.0/curator-recipes-2.12.0.jar:/home/user/.m2/repository/com/google/code/findbugs/jsr305/3.0.0/jsr305-3.0.0.jar:/home/user/.m2/repository/org/apache/htrace/htrace-core4/4.1.0-incubating/htrace-core4-4.1.0-incubating.jar:/home/user/.m2/repository/org/apache/zookeeper/zookeeper/3.4.13/zookeeper-3.4.13.jar:/home/user/.m2/repository/jline/jline/0.9.94/jline-0.9.94.jar:/home/user/.m2/repository/org/apache/yetus/audience-annotations/0.5.0/audience-annotations-0.5.0.jar:/home/user/.m2/repository/org/apache/commons/commons-compress/1.4.1/commons-compress-1.4.1.jar:/home/user/.m2/repository/org/tukaani/xz/1.0/xz-1.0.jar:/home/user/.m2/repository/org/apache/kerby/kerb-simplekdc/1.0.1/kerb-simplekdc-1.0.1.jar:/home/user/.m2/repository/org/apache/kerby/kerb-client/1.0.1/kerb-client-1.0.1.jar:/home/user/.m2/repository/org/apache/kerby/kerby-config/1.0.1/kerby-config-1.0.1.jar:/home/user/.m2/repository/org/apache/kerby/kerb-core/1.0.1/kerb-core-1.0.1.jar:/home/user/.m2/repository/org/apache/kerby/kerby-pkix/1.0.1/kerby-pkix-1.0.1.jar:/home/user/.m2/repository/org/apache/kerby/kerby-asn1/1.0.1/kerby-asn1-1.0.1.jar:/home/user/.m2/repository/org/apache/kerby/kerby-util/1.0.1/kerby-util-1.0.1.jar:/home/user/.m2/repository/org/apache/kerby/kerb-common/1.0.1/kerb-common-1.0.1.jar:/home/user/.m2/repository/org/apache/kerby/kerb-crypto/1.0.1/kerb-crypto-1.0.1.jar:/home/user/.m2/repository/org/apache/kerby/kerb-util/1.0.1/kerb-util-1.0.1.jar:/home/user/.m2/repository/org/apache/kerby/token-provider/1.0.1/token-provider-1.0.1.jar:/home/user/.m2/repository/org/apache/kerby/kerb-admin/1.0.1/kerb-admin-1.0.1.jar:/home/user/.m2/repository/org/apache/kerby/kerb-server/1.0.1/kerb-server-1.0.1.jar:/home/user/.m2/repository/org/apache/kerby/kerb-identity/1.0.1/kerb-identity-1.0.1.jar:/home/user/.m2/repository/org/apache/kerby/kerby-xdr/1.0.1/kerby-xdr-1.0.1.jar:/home/user/.m2/repository/com/fasterxml/jackson/core/jackson-databind/2.9.9/jackson-databind-2.9.9.jar:/home/user/.m2/repository/com/fasterxml/jackson/core/jackson-annotations/2.9.9/jackson-annotations-2.9.9.jar:/home/user/.m2/repository/com/fasterxml/jackson/core/jackson-core/2.9.9/jackson-core-2.9.9.jar:/home/user/.m2/repository/org/codehaus/woodstox/stax2-api/3.1.4/stax2-api-3.1.4.jar:/home/user/.m2/repository/com/fasterxml/woodstox/woodstox-core/5.0.3/woodstox-core-5.0.3.jar:/home/user/.m2/repository/dnsjava/dnsjava/2.1.7/dnsjava-2.1.7.jar:/home/user/.m2/repository/org/apache/hadoop/hadoop-hdfs/3.2.0/hadoop-hdfs-3.2.0.jar:/home/user/.m2/repository/org/eclipse/jetty/jetty-util-ajax/9.3.25.v20180904/jetty-util-ajax-9.3.25.v20180904.jar:/home/user/.m2/repository/commons-daemon/commons-daemon/1.0.13/commons-daemon-1.0.13.jar:/home/user/.m2/repository/io/netty/netty/3.10.5.Final/netty-3.10.5.Final.jar:/home/user/.m2/repository/io/netty/netty-all/4.0.52.Final/netty-all-4.0.52.Final.jar:/home/user/.m2/repository/org/fusesource/leveldbjni/leveldbjni-all/1.8/leveldbjni-all-1.8.jar:/home/user/.m2/repository/org/apache/hadoop/hadoop-hdds-common/0.5.0-SNAPSHOT/hadoop-hdds-common-0.5.0-SNAPSHOT.jar:/home/user/.m2/repository/org/apache/hadoop/hadoop-hdds-config/0.5.0-SNAPSHOT/hadoop-hdds-config-0.5.0-SNAPSHOT.jar:/home/user/.m2/repository/javax/annotation/javax.annotation-api/1.2/javax.annotation-api-1.2.jar:/home/user/.m2/repository/org/apache/ratis/ratis-server/0.5.0-3f446aa-SNAPSHOT/ratis-server-0.5.0-3f446aa-SNAPSHOT.jar:/home/user/.m2/repository/org/apache/ratis/ratis-thirdparty-misc/0.2.0/ratis-thirdparty-misc-0.2.0.jar:/home/user/.m2/repository/org/apache/ratis/ratis-proto/0.5.0-3f446aa-SNAPSHOT/ratis-proto-0.5.0-3f446aa-SNAPSHOT.jar:/home/user/.m2/repository/org/apache/ratis/ratis-common/0.5.0-3f446aa-SNAPSHOT/ratis-common-0.5.0-3f446aa-SNAPSHOT.jar:/home/user/.m2/repository/org/apache/ratis/ratis-client/0.5.0-3f446aa-SNAPSHOT/ratis-client-0.5.0-3f446aa-SNAPSHOT.jar:/home/user/.m2/repository/org/apache/ratis/ratis-metrics/0.5.0-3f446aa-SNAPSHOT/ratis-metrics-0.5.0-3f446aa-SNAPSHOT.jar:/home/user/.m2/repository/com/github/joshelser/dropwizard-metrics-hadoop-metrics2-reporter/0.1.2/dropwizard-metrics-hadoop-metrics2-reporter-0.1.2.jar:/home/user/.m2/repository/io/dropwizard/metrics/metrics-jvm/3.2.5/metrics-jvm-3.2.5.jar:/home/user/.m2/repository/io/dropwizard/metrics/metrics-ganglia/3.2.5/metrics-ganglia-3.2.5.jar:/home/user/.m2/repository/info/ganglia/gmetric4j/gmetric4j/1.0.7/gmetric4j-1.0.7.jar:/home/user/.m2/repository/org/apache/ratis/ratis-netty/0.5.0-3f446aa-SNAPSHOT/ratis-netty-0.5.0-3f446aa-SNAPSHOT.jar:/home/user/.m2/repository/org/apache/ratis/ratis-grpc/0.5.0-3f446aa-SNAPSHOT/ratis-grpc-0.5.0-3f446aa-SNAPSHOT.jar:/home/user/.m2/repository/org/rocksdb/rocksdbjni/6.0.1/rocksdbjni-6.0.1.jar:/home/user/.m2/repository/org/apache/logging/log4j/log4j-api/2.11.0/log4j-api-2.11.0.jar:/home/user/.m2/repository/org/apache/logging/log4j/log4j-core/2.11.0/log4j-core-2.11.0.jar:/home/user/.m2/repository/com/lmax/disruptor/3.4.2/disruptor-3.4.2.jar:/home/user/.m2/repository/org/apache/commons/commons-pool2/2.6.0/commons-pool2-2.6.0.jar:/home/user/.m2/repository/org/bouncycastle/bcpkix-jdk15on/1.60/bcpkix-jdk15on-1.60.jar:/home/user/.m2/repository/commons-validator/commons-validator/1.6/commons-validator-1.6.jar:/home/user/.m2/repository/commons-digester/commons-digester/1.8.1/commons-digester-1.8.1.jar:/home/user/.m2/repository/io/jaegertracing/jaeger-client/0.34.0/jaeger-client-0.34.0.jar:/home/user/.m2/repository/io/jaegertracing/jaeger-thrift/0.34.0/jaeger-thrift-0.34.0.jar:/home/user/.m2/repository/org/apache/thrift/libthrift/0.12.0/libthrift-0.12.0.jar:/home/user/.m2/repository/com/squareup/okhttp3/okhttp/3.9.0/okhttp-3.9.0.jar:/home/user/.m2/repository/com/squareup/okio/okio/1.13.0/okio-1.13.0.jar:/home/user/.m2/repository/io/jaegertracing/jaeger-core/0.34.0/jaeger-core-0.34.0.jar:/home/user/.m2/repository/io/jaegertracing/jaeger-tracerresolver/0.34.0/jaeger-tracerresolver-0.34.0.jar:/home/user/.m2/repository/io/opentracing/contrib/opentracing-tracerresolver/0.1.5/opentracing-tracerresolver-0.1.5.jar:/home/user/.m2/repository/io/opentracing/opentracing-util/0.31.0/opentracing-util-0.31.0.jar:/home/user/.m2/repository/io/opentracing/opentracing-api/0.31.0/opentracing-api-0.31.0.jar:/home/user/.m2/repository/io/opentracing/opentracing-noop/0.31.0/opentracing-noop-0.31.0.jar:/home/user/.m2/repository/org/yaml/snakeyaml/1.16/snakeyaml-1.16.jar:/home/user/.m2/repository/org/apache/hadoop/hadoop-hdfs-client/3.2.0/hadoop-hdfs-client-3.2.0.jar:/home/user/.m2/repository/info/picocli/picocli/3.9.6/picocli-3.9.6.jar:/home/user/.m2/repository/org/apache/hadoop/hadoop-hdds-server-scm/0.5.0-SNAPSHOT/hadoop-hdds-server-scm-0.5.0-SNAPSHOT.jar:/home/user/.m2/repository/org/apache/hadoop/hadoop-hdds-docs/0.5.0-SNAPSHOT/hadoop-hdds-docs-0.5.0-SNAPSHOT.jar:/home/user/.m2/repository/io/dropwizard/metrics/metrics-core/3.2.4/metrics-core-3.2.4.jar:/home/user/.m2/repository/org/hamcrest/hamcrest-all/1.3/hamcrest-all-1.3.jar:/home/user/.m2/repository/org/bouncycastle/bcprov-jdk15on/1.60/bcprov-jdk15on-1.60.jar:/home/user/.m2/repository/org/apache/hadoop/hadoop-hdds-server-framework/0.5.0-SNAPSHOT/hadoop-hdds-server-framework-0.5.0-SNAPSHOT.jar:/home/user/.m2/repository/org/apache/hadoop/hadoop-ozone-ozone-manager/0.5.0-SNAPSHOT/hadoop-ozone-ozone-manager-0.5.0-SNAPSHOT.jar:/home/user/.m2/repository/org/apache/hadoop/hadoop-hdds-container-service/0.5.0-SNAPSHOT/hadoop-hdds-container-service-0.5.0-SNAPSHOT.jar:/home/user/.m2/repository/org/apache/hadoop/hadoop-hdds-client/0.5.0-SNAPSHOT/hadoop-hdds-client-0.5.0-SNAPSHOT.jar:/home/user/.m2/repository/org/apache/hadoop/hadoop-ozone-common/0.5.0-SNAPSHOT/hadoop-ozone-common-0.5.0-SNAPSHOT.jar:/home/user/.m2/repository/org/apache/hadoop/hadoop-hdds-tools/0.5.0-SNAPSHOT/hadoop-hdds-tools-0.5.0-SNAPSHOT.jar:/home/user/.m2/repository/org/xerial/sqlite-jdbc/3.25.2/sqlite-jdbc-3.25.2.jar:/home/user/.m2/repository/org/apache/httpcomponents/httpclient/4.5.2/httpclient-4.5.2.jar:/home/user/.m2/repository/org/apache/httpcomponents/httpcore/4.4.4/httpcore-4.4.4.jar:/home/user/.m2/repository/com/github/spotbugs/spotbugs/3.1.12/spotbugs-3.1.12.jar:/home/user/.m2/repository/org/ow2/asm/asm/5.0.4/asm-5.0.4.jar:/home/user/.m2/repository/org/ow2/asm/asm-analysis/7.0/asm-analysis-7.0.jar:/home/user/.m2/repository/org/ow2/asm/asm-commons/7.0/asm-commons-7.0.jar:/home/user/.m2/repository/org/ow2/asm/asm-tree/7.0/asm-tree-7.0.jar:/home/user/.m2/repository/org/ow2/asm/asm-util/7.0/asm-util-7.0.jar:/home/user/.m2/repository/org/apache/bcel/bcel/6.3/bcel-6.3.jar:/home/user/.m2/repository/net/jcip/jcip-annotations/1.0/jcip-annotations-1.0.jar:/home/user/.m2/repository/org/dom4j/dom4j/2.1.1/dom4j-2.1.1.jar:/home/user/.m2/repository/jaxen/jaxen/1.1.6/jaxen-1.1.6.jar:/home/user/.m2/repository/commons-lang/commons-lang/2.6/commons-lang-2.6.jar:/home/user/.m2/repository/com/github/spotbugs/spotbugs-annotations/3.1.12/spotbugs-annotations-3.1.12.jar:/home/user/.m2/repository/org/apache/hadoop/hadoop-common/3.2.0/hadoop-common-3.2.0-tests.jar:/home/user/.m2/repository/org/apache/hadoop/hadoop-ozone-client/0.5.0-SNAPSHOT/hadoop-ozone-client-0.5.0-SNAPSHOT.jar:/home/user/.m2/repository/org/apache/hadoop/hadoop-hdfs/3.2.0/hadoop-hdfs-3.2.0-tests.jar:/workdir/hadoop-ozone/integration-test/target/test-classes:/home/user/.m2/repository/org/apache/hadoop/hadoop-ozone-s3gateway/0.5.0-SNAPSHOT/hadoop-ozone-s3gateway-0.5.0-SNAPSHOT.jar:/home/user/.m2/repository/org/jboss/weld/servlet/weld-servlet/2.4.7.Final/weld-servlet-2.4.7.Final.jar:/home/user/.m2/repository/org/glassfish/jersey/containers/jersey-container-servlet-core/2.27/jersey-container-servlet-core-2.27.jar:/home/user/.m2/repository/org/glassfish/hk2/external/javax.inject/2.5.0-b42/javax.inject-2.5.0-b42.jar:/home/user/.m2/repository/org/glassfish/jersey/core/jersey-common/2.27/jersey-common-2.27.jar:/home/user/.m2/repository/org/glassfish/hk2/osgi-resource-locator/1.0.1/osgi-resource-locator-1.0.1.jar:/home/user/.m2/repository/javax/ws/rs/javax.ws.rs-api/2.1/javax.ws.rs-api-2.1.jar:/home/user/.m2/repository/org/glassfish/jersey/ext/cdi/jersey-cdi1x/2.27/jersey-cdi1x-2.27.jar:/home/user/.m2/repository/org/glassfish/jersey/inject/jersey-hk2/2.27/jersey-hk2-2.27.jar:/home/user/.m2/repository/org/glassfish/hk2/hk2-locator/2.5.0-b42/hk2-locator-2.5.0-b42.jar:/home/user/.m2/repository/org/javassist/javassist/3.22.0-CR2/javassist-3.22.0-CR2.jar:/home/user/.m2/repository/org/glassfish/hk2/hk2-api/2.5.0/hk2-api-2.5.0.jar:/home/user/.m2/repository/org/glassfish/hk2/external/jakarta.inject/2.5.0/jakarta.inject-2.5.0.jar:/home/user/.m2/repository/org/glassfish/hk2/hk2-utils/2.5.0/hk2-utils-2.5.0.jar:/home/user/.m2/repository/jakarta/annotation/jakarta.annotation-api/1.3.4/jakarta.annotation-api-1.3.4.jar:/home/user/.m2/repository/org/glassfish/hk2/external/aopalliance-repackaged/2.5.0/aopalliance-repackaged-2.5.0.jar:/home/user/.m2/repository/com/fasterxml/jackson/dataformat/jackson-dataformat-xml/2.9.0/jackson-dataformat-xml-2.9.0.jar:/home/user/.m2/repository/com/fasterxml/jackson/module/jackson-module-jaxb-annotations/2.9.9/jackson-module-jaxb-annotations-2.9.9.jar:/home/user/.m2/repository/javax/enterprise/cdi-api/1.2/cdi-api-1.2.jar:/home/user/.m2/repository/javax/el/javax.el-api/3.0.0/javax.el-api-3.0.0.jar:/home/user/.m2/repository/javax/interceptor/javax.interceptor-api/1.2/javax.interceptor-api-1.2.jar:/home/user/.m2/repository/javax/inject/javax.inject/1/javax.inject-1.jar:/home/user/.m2/repository/com/sun/xml/bind/jaxb-core/2.3.0.1/jaxb-core-2.3.0.1.jar:/home/user/.m2/repository/javax/xml/bind/jaxb-api/2.3.0/jaxb-api-2.3.0.jar:/home/user/.m2/repository/javax/activation/activation/1.1.1/activation-1.1.1.jar:/home/user/.m2/repository/org/apache/hadoop/hadoop-ozone-csi/0.5.0-SNAPSHOT/hadoop-ozone-csi-0.5.0-SNAPSHOT.jar:/home/user/.m2/repository/com/google/protobuf/protobuf-java-util/3.5.1/protobuf-java-util-3.5.1.jar:/home/user/.m2/repository/io/grpc/grpc-netty/1.17.1/grpc-netty-1.17.1.jar:/home/user/.m2/repository/io/grpc/grpc-core/1.17.1/grpc-core-1.17.1.jar:/home/user/.m2/repository/io/grpc/grpc-context/1.17.1/grpc-context-1.17.1.jar:/home/user/.m2/repository/com/google/errorprone/error_prone_annotations/2.2.0/error_prone_annotations-2.2.0.jar:/home/user/.m2/repository/org/codehaus/mojo/animal-sniffer-annotations/1.17/animal-sniffer-annotations-1.17.jar:/home/user/.m2/repository/io/opencensus/opencensus-api/0.17.0/opencensus-api-0.17.0.jar:/home/user/.m2/repository/io/opencensus/opencensus-contrib-grpc-metrics/0.17.0/opencensus-contrib-grpc-metrics-0.17.0.jar:/home/user/.m2/repository/io/netty/netty-codec-http2/4.1.30.Final/netty-codec-http2-4.1.30.Final.jar:/home/user/.m2/repository/io/netty/netty-codec-http/4.1.30.Final/netty-codec-http-4.1.30.Final.jar:/home/user/.m2/repository/io/netty/netty-codec/4.1.30.Final/netty-codec-4.1.30.Final.jar:/home/user/.m2/repository/io/netty/netty-handler/4.1.30.Final/netty-handler-4.1.30.Final.jar:/home/user/.m2/repository/io/netty/netty-handler-proxy/4.1.30.Final/netty-handler-proxy-4.1.30.Final.jar:/home/user/.m2/repository/io/netty/netty-codec-socks/4.1.30.Final/netty-codec-socks-4.1.30.Final.jar:/home/user/.m2/repository/io/netty/netty-transport-native-epoll/4.1.30.Final/netty-transport-native-epoll-4.1.30.Final.jar:/home/user/.m2/repository/io/netty/netty-common/4.1.30.Final/netty-common-4.1.30.Final.jar:/home/user/.m2/repository/io/netty/netty-buffer/4.1.30.Final/netty-buffer-4.1.30.Final.jar:/home/user/.m2/repository/io/netty/netty-transport/4.1.30.Final/netty-transport-4.1.30.Final.jar:/home/user/.m2/repository/io/netty/netty-resolver/4.1.30.Final/netty-resolver-4.1.30.Final.jar:/home/user/.m2/repository/io/netty/netty-transport-native-unix-common/4.1.30.Final/netty-transport-native-unix-common-4.1.30.Final.jar:/home/user/.m2/repository/io/grpc/grpc-protobuf/1.17.1/grpc-protobuf-1.17.1.jar:/home/user/.m2/repository/com/google/api/grpc/proto-google-common-protos/1.0.0/proto-google-common-protos-1.0.0.jar:/home/user/.m2/repository/io/grpc/grpc-protobuf-lite/1.17.1/grpc-protobuf-lite-1.17.1.jar:/home/user/.m2/repository/io/grpc/grpc-stub/1.17.1/grpc-stub-1.17.1.jar:/home/user/.m2/repository/org/apache/hadoop/hadoop-ozone-recon/0.5.0-SNAPSHOT/hadoop-ozone-recon-0.5.0-SNAPSHOT.jar:/home/user/.m2/repository/org/apache/hadoop/hadoop-ozone-reconcodegen/0.5.0-SNAPSHOT/hadoop-ozone-reconcodegen-0.5.0-SNAPSHOT.jar:/home/user/.m2/repository/com/google/inject/extensions/guice-multibindings/4.0/guice-multibindings-4.0.jar:/home/user/.m2/repository/com/google/inject/guice/4.0/guice-4.0.jar:/home/user/.m2/repository/aopalliance/aopalliance/1.0/aopalliance-1.0.jar:/home/user/.m2/repository/org/glassfish/jersey/containers/jersey-container-servlet/2.27/jersey-container-servlet-2.27.jar:/home/user/.m2/repository/org/glassfish/hk2/guice-bridge/2.5.0/guice-bridge-2.5.0.jar:/home/user/.m2/repository/org/glassfish/jersey/core/jersey-server/2.27/jersey-server-2.27.jar:/home/user/.m2/repository/org/glassfish/jersey/core/jersey-client/2.27/jersey-client-2.27.jar:/home/user/.m2/repository/org/glassfish/jersey/media/jersey-media-jaxb/2.27/jersey-media-jaxb-2.27.jar:/home/user/.m2/repository/javax/validation/validation-api/1.1.0.Final/validation-api-1.1.0.Final.jar:/home/user/.m2/repository/org/glassfish/jersey/media/jersey-media-json-jackson/2.27/jersey-media-json-jackson-2.27.jar:/home/user/.m2/repository/org/glassfish/jersey/ext/jersey-entity-filtering/2.27/jersey-entity-filtering-2.27.jar:/home/user/.m2/repository/com/google/inject/extensions/guice-assistedinject/4.0/guice-assistedinject-4.0.jar:/home/user/.m2/repository/org/jooq/jooq/3.11.10/jooq-3.11.10.jar:/home/user/.m2/repository/org/jooq/jooq-meta/3.11.10/jooq-meta-3.11.10.jar:/home/user/.m2/repository/org/jooq/jooq-codegen/3.11.10/jooq-codegen-3.11.10.jar:/home/user/.m2/repository/com/jolbox/bonecp/0.8.0.RELEASE/bonecp-0.8.0.RELEASE.jar:/home/user/.m2/repository/org/springframework/spring-jdbc/5.1.3.RELEASE/spring-jdbc-5.1.3.RELEASE.jar:/home/user/.m2/repository/org/springframework/spring-beans/5.1.3.RELEASE/spring-beans-5.1.3.RELEASE.jar:/home/user/.m2/repository/org/springframework/spring-core/5.1.3.RELEASE/spring-core-5.1.3.RELEASE.jar:/home/user/.m2/repository/org/springframework/spring-jcl/5.1.3.RELEASE/spring-jcl-5.1.3.RELEASE.jar:/home/user/.m2/repository/org/springframework/spring-tx/5.1.3.RELEASE/spring-tx-5.1.3.RELEASE.jar:/home/user/.m2/repository/org/mockito/mockito-all/1.10.19/mockito-all-1.10.19.jar:/home/user/.m2/repository/junit/junit/4.11/junit-4.11.jar:/home/user/.m2/repository/org/hamcrest/hamcrest-core/1.3/hamcrest-core-1.3.jar:/home/user/.m2/repository/org/apache/hadoop/hadoop-distcp/3.2.0/hadoop-distcp-3.2.0.jar:/home/user/.m2/repository/org/apache/hadoop/hadoop-distcp/3.2.0/hadoop-distcp-3.2.0-tests.jar:/home/user/.m2/repository/org/apache/hadoop/hadoop-mapreduce-client-jobclient/3.2.0/hadoop-mapreduce-client-jobclient-3.2.0.jar:/home/user/.m2/repository/org/apache/hadoop/hadoop-mapreduce-client-common/3.2.0/hadoop-mapreduce-client-common-3.2.0.jar:/home/user/.m2/repository/org/apache/hadoop/hadoop-yarn-common/3.2.0/hadoop-yarn-common-3.2.0.jar:/home/user/.m2/repository/org/apache/hadoop/hadoop-yarn-api/3.2.0/hadoop-yarn-api-3.2.0.jar:/home/user/.m2/repository/com/sun/jersey/jersey-client/1.19/jersey-client-1.19.jar:/home/user/.m2/repository/com/sun/jersey/contribs/jersey-guice/1.19/jersey-guice-1.19.jar:/home/user/.m2/repository/com/fasterxml/jackson/jaxrs/jackson-jaxrs-json-provider/2.9.9/jackson-jaxrs-json-provider-2.9.9.jar:/home/user/.m2/repository/com/fasterxml/jackson/jaxrs/jackson-jaxrs-base/2.9.9/jackson-jaxrs-base-2.9.9.jar:/home/user/.m2/repository/org/apache/hadoop/hadoop-yarn-client/3.2.0/hadoop-yarn-client-3.2.0.jar:/home/user/.m2/repository/org/apache/hadoop/hadoop-mapreduce-client-core/3.2.0/hadoop-mapreduce-client-core-3.2.0.jar:/home/user/.m2/repository/com/google/inject/extensions/guice-servlet/4.0/guice-servlet-4.0.jar:/home/user/.m2/repository/org/powermock/powermock-module-junit4/1.6.5/powermock-module-junit4-1.6.5.jar:/home/user/.m2/repository/org/powermock/powermock-module-junit4-common/1.6.5/powermock-module-junit4-common-1.6.5.jar:/home/user/.m2/repository/org/powermock/powermock-core/1.6.5/powermock-core-1.6.5.jar:/home/user/.m2/repository/org/powermock/powermock-reflect/1.6.5/powermock-reflect-1.6.5.jar:/home/user/.m2/repository/org/powermock/powermock-api-mockito/1.6.5/powermock-api-mockito-1.6.5.jar:/home/user/.m2/repository/org/mockito/mockito-core/1.10.19/mockito-core-1.10.19.jar:/home/user/.m2/repository/org/objenesis/objenesis/1.0/objenesis-1.0.jar:/home/user/.m2/repository/org/powermock/powermock-api-mockito-common/1.6.5/powermock-api-mockito-common-1.6.5.jar:/home/user/.m2/repository/org/powermock/powermock-api-support/1.6.5/powermock-api-support-1.6.5.jar:"/>
    <property name="java.vm.vendor" value="Oracle Corporation"/>
    <property name="sun.arch.data.model" value="64"/>
    <property name="test.build.dir" value="/workdir/hadoop-ozone/ozonefs/target/test-dir"/>
    <property name="test.cache.data" value=""/>
    <property name="java.vendor.url" value="http://java.oracle.com/"/>
    <property name="user.timezone" value=""/>
    <property name="java.vm.specification.version" value="1.8"/>
    <property name="os.name" value="Linux"/>
    <property name="test.build.data" value="/workdir/hadoop-ozone/ozonefs/target/test-dir"/>
    <property name="user.country" value="US"/>
    <property name="sun.java.launcher" value="SUN_STANDARD"/>
    <property name="sun.boot.library.path" value="/usr/lib/jvm/java-1.8.0-openjdk-1.8.0.222.b10-1.el7_7.x86_64/jre/lib/amd64"/>
    <property name="sun.java.command" value="/workdir/hadoop-ozone/ozonefs/target/surefire/surefirebooter3538829901334644184.jar /workdir/hadoop-ozone/ozonefs/target/surefire 2019-10-16T20-36-31_339-jvmRun1 surefire1667875553798409625tmp surefire_865472039549507729840tmp"/>
    <property name="surefire.test.class.path" value="/workdir/hadoop-ozone/ozonefs/target/test-classes:/workdir/hadoop-ozone/ozonefs/target/classes:/home/user/.m2/repository/org/apache/hadoop/hadoop-common/3.2.0/hadoop-common-3.2.0.jar:/home/user/.m2/repository/org/apache/hadoop/hadoop-annotations/3.2.0/hadoop-annotations-3.2.0.jar:/usr/lib/jvm/java-1.8.0-openjdk-1.8.0.222.b10-1.el7_7.x86_64/jre/../lib/tools.jar:/home/user/.m2/repository/com/google/guava/guava/11.0.2/guava-11.0.2.jar:/home/user/.m2/repository/commons-cli/commons-cli/1.2/commons-cli-1.2.jar:/home/user/.m2/repository/org/apache/commons/commons-math3/3.1.1/commons-math3-3.1.1.jar:/home/user/.m2/repository/commons-codec/commons-codec/1.11/commons-codec-1.11.jar:/home/user/.m2/repository/commons-io/commons-io/2.5/commons-io-2.5.jar:/home/user/.m2/repository/commons-net/commons-net/3.6/commons-net-3.6.jar:/home/user/.m2/repository/commons-collections/commons-collections/3.2.2/commons-collections-3.2.2.jar:/home/user/.m2/repository/javax/servlet/javax.servlet-api/3.1.0/javax.servlet-api-3.1.0.jar:/home/user/.m2/repository/org/eclipse/jetty/jetty-server/9.3.25.v20180904/jetty-server-9.3.25.v20180904.jar:/home/user/.m2/repository/org/eclipse/jetty/jetty-http/9.3.25.v20180904/jetty-http-9.3.25.v20180904.jar:/home/user/.m2/repository/org/eclipse/jetty/jetty-io/9.3.25.v20180904/jetty-io-9.3.25.v20180904.jar:/home/user/.m2/repository/org/eclipse/jetty/jetty-util/9.3.25.v20180904/jetty-util-9.3.25.v20180904.jar:/home/user/.m2/repository/org/eclipse/jetty/jetty-servlet/9.3.25.v20180904/jetty-servlet-9.3.25.v20180904.jar:/home/user/.m2/repository/org/eclipse/jetty/jetty-security/9.3.25.v20180904/jetty-security-9.3.25.v20180904.jar:/home/user/.m2/repository/org/eclipse/jetty/jetty-webapp/9.3.25.v20180904/jetty-webapp-9.3.25.v20180904.jar:/home/user/.m2/repository/org/eclipse/jetty/jetty-xml/9.3.25.v20180904/jetty-xml-9.3.25.v20180904.jar:/home/user/.m2/repository/javax/servlet/jsp/jsp-api/2.1/jsp-api-2.1.jar:/home/user/.m2/repository/com/sun/jersey/jersey-core/1.19/jersey-core-1.19.jar:/home/user/.m2/repository/javax/ws/rs/jsr311-api/1.1.1/jsr311-api-1.1.1.jar:/home/user/.m2/repository/com/sun/jersey/jersey-servlet/1.19/jersey-servlet-1.19.jar:/home/user/.m2/repository/com/sun/jersey/jersey-json/1.19/jersey-json-1.19.jar:/home/user/.m2/repository/org/codehaus/jettison/jettison/1.1/jettison-1.1.jar:/home/user/.m2/repository/com/sun/xml/bind/jaxb-impl/2.3.0.1/jaxb-impl-2.3.0.1.jar:/home/user/.m2/repository/org/codehaus/jackson/jackson-core-asl/1.9.13/jackson-core-asl-1.9.13.jar:/home/user/.m2/repository/org/codehaus/jackson/jackson-mapper-asl/1.9.13/jackson-mapper-asl-1.9.13.jar:/home/user/.m2/repository/org/codehaus/jackson/jackson-jaxrs/1.9.13/jackson-jaxrs-1.9.13.jar:/home/user/.m2/repository/org/codehaus/jackson/jackson-xc/1.9.13/jackson-xc-1.9.13.jar:/home/user/.m2/repository/com/sun/jersey/jersey-server/1.19/jersey-server-1.19.jar:/home/user/.m2/repository/commons-logging/commons-logging/1.1.3/commons-logging-1.1.3.jar:/home/user/.m2/repository/log4j/log4j/1.2.17/log4j-1.2.17.jar:/home/user/.m2/repository/commons-beanutils/commons-beanutils/1.9.4/commons-beanutils-1.9.4.jar:/home/user/.m2/repository/org/apache/commons/commons-configuration2/2.1.1/commons-configuration2-2.1.1.jar:/home/user/.m2/repository/org/apache/commons/commons-lang3/3.7/commons-lang3-3.7.jar:/home/user/.m2/repository/org/apache/commons/commons-text/1.4/commons-text-1.4.jar:/home/user/.m2/repository/org/slf4j/slf4j-api/1.7.25/slf4j-api-1.7.25.jar:/home/user/.m2/repository/org/slf4j/slf4j-log4j12/1.7.25/slf4j-log4j12-1.7.25.jar:/home/user/.m2/repository/org/apache/avro/avro/1.7.7/avro-1.7.7.jar:/home/user/.m2/repository/com/thoughtworks/paranamer/paranamer/2.3/paranamer-2.3.jar:/home/user/.m2/repository/org/xerial/snappy/snappy-java/1.0.5/snappy-java-1.0.5.jar:/home/user/.m2/repository/com/google/re2j/re2j/1.1/re2j-1.1.jar:/home/user/.m2/repository/com/google/protobuf/protobuf-java/2.5.0/protobuf-java-2.5.0.jar:/home/user/.m2/repository/com/google/code/gson/gson/2.2.4/gson-2.2.4.jar:/home/user/.m2/repository/org/apache/hadoop/hadoop-auth/3.2.0/hadoop-auth-3.2.0.jar:/home/user/.m2/repository/com/nimbusds/nimbus-jose-jwt/4.41.1/nimbus-jose-jwt-4.41.1.jar:/home/user/.m2/repository/com/github/stephenc/jcip/jcip-annotations/1.0-1/jcip-annotations-1.0-1.jar:/home/user/.m2/repository/net/minidev/json-smart/2.3/json-smart-2.3.jar:/home/user/.m2/repository/net/minidev/accessors-smart/1.2/accessors-smart-1.2.jar:/home/user/.m2/repository/org/apache/curator/curator-framework/2.12.0/curator-framework-2.12.0.jar:/home/user/.m2/repository/com/jcraft/jsch/0.1.54/jsch-0.1.54.jar:/home/user/.m2/repository/org/apache/curator/curator-client/2.12.0/curator-client-2.12.0.jar:/home/user/.m2/repository/org/apache/curator/curator-recipes/2.12.0/curator-recipes-2.12.0.jar:/home/user/.m2/repository/com/google/code/findbugs/jsr305/3.0.0/jsr305-3.0.0.jar:/home/user/.m2/repository/org/apache/htrace/htrace-core4/4.1.0-incubating/htrace-core4-4.1.0-incubating.jar:/home/user/.m2/repository/org/apache/zookeeper/zookeeper/3.4.13/zookeeper-3.4.13.jar:/home/user/.m2/repository/jline/jline/0.9.94/jline-0.9.94.jar:/home/user/.m2/repository/org/apache/yetus/audience-annotations/0.5.0/audience-annotations-0.5.0.jar:/home/user/.m2/repository/org/apache/commons/commons-compress/1.4.1/commons-compress-1.4.1.jar:/home/user/.m2/repository/org/tukaani/xz/1.0/xz-1.0.jar:/home/user/.m2/repository/org/apache/kerby/kerb-simplekdc/1.0.1/kerb-simplekdc-1.0.1.jar:/home/user/.m2/repository/org/apache/kerby/kerb-client/1.0.1/kerb-client-1.0.1.jar:/home/user/.m2/repository/org/apache/kerby/kerby-config/1.0.1/kerby-config-1.0.1.jar:/home/user/.m2/repository/org/apache/kerby/kerb-core/1.0.1/kerb-core-1.0.1.jar:/home/user/.m2/repository/org/apache/kerby/kerby-pkix/1.0.1/kerby-pkix-1.0.1.jar:/home/user/.m2/repository/org/apache/kerby/kerby-asn1/1.0.1/kerby-asn1-1.0.1.jar:/home/user/.m2/repository/org/apache/kerby/kerby-util/1.0.1/kerby-util-1.0.1.jar:/home/user/.m2/repository/org/apache/kerby/kerb-common/1.0.1/kerb-common-1.0.1.jar:/home/user/.m2/repository/org/apache/kerby/kerb-crypto/1.0.1/kerb-crypto-1.0.1.jar:/home/user/.m2/repository/org/apache/kerby/kerb-util/1.0.1/kerb-util-1.0.1.jar:/home/user/.m2/repository/org/apache/kerby/token-provider/1.0.1/token-provider-1.0.1.jar:/home/user/.m2/repository/org/apache/kerby/kerb-admin/1.0.1/kerb-admin-1.0.1.jar:/home/user/.m2/repository/org/apache/kerby/kerb-server/1.0.1/kerb-server-1.0.1.jar:/home/user/.m2/repository/org/apache/kerby/kerb-identity/1.0.1/kerb-identity-1.0.1.jar:/home/user/.m2/repository/org/apache/kerby/kerby-xdr/1.0.1/kerby-xdr-1.0.1.jar:/home/user/.m2/repository/com/fasterxml/jackson/core/jackson-databind/2.9.9/jackson-databind-2.9.9.jar:/home/user/.m2/repository/com/fasterxml/jackson/core/jackson-annotations/2.9.9/jackson-annotations-2.9.9.jar:/home/user/.m2/repository/com/fasterxml/jackson/core/jackson-core/2.9.9/jackson-core-2.9.9.jar:/home/user/.m2/repository/org/codehaus/woodstox/stax2-api/3.1.4/stax2-api-3.1.4.jar:/home/user/.m2/repository/com/fasterxml/woodstox/woodstox-core/5.0.3/woodstox-core-5.0.3.jar:/home/user/.m2/repository/dnsjava/dnsjava/2.1.7/dnsjava-2.1.7.jar:/home/user/.m2/repository/org/apache/hadoop/hadoop-hdfs/3.2.0/hadoop-hdfs-3.2.0.jar:/home/user/.m2/repository/org/eclipse/jetty/jetty-util-ajax/9.3.25.v20180904/jetty-util-ajax-9.3.25.v20180904.jar:/home/user/.m2/repository/commons-daemon/commons-daemon/1.0.13/commons-daemon-1.0.13.jar:/home/user/.m2/repository/io/netty/netty/3.10.5.Final/netty-3.10.5.Final.jar:/home/user/.m2/repository/io/netty/netty-all/4.0.52.Final/netty-all-4.0.52.Final.jar:/home/user/.m2/repository/org/fusesource/leveldbjni/leveldbjni-all/1.8/leveldbjni-all-1.8.jar:/home/user/.m2/repository/org/apache/hadoop/hadoop-hdds-common/0.5.0-SNAPSHOT/hadoop-hdds-common-0.5.0-SNAPSHOT.jar:/home/user/.m2/repository/org/apache/hadoop/hadoop-hdds-config/0.5.0-SNAPSHOT/hadoop-hdds-config-0.5.0-SNAPSHOT.jar:/home/user/.m2/repository/javax/annotation/javax.annotation-api/1.2/javax.annotation-api-1.2.jar:/home/user/.m2/repository/org/apache/ratis/ratis-server/0.5.0-3f446aa-SNAPSHOT/ratis-server-0.5.0-3f446aa-SNAPSHOT.jar:/home/user/.m2/repository/org/apache/ratis/ratis-thirdparty-misc/0.2.0/ratis-thirdparty-misc-0.2.0.jar:/home/user/.m2/repository/org/apache/ratis/ratis-proto/0.5.0-3f446aa-SNAPSHOT/ratis-proto-0.5.0-3f446aa-SNAPSHOT.jar:/home/user/.m2/repository/org/apache/ratis/ratis-common/0.5.0-3f446aa-SNAPSHOT/ratis-common-0.5.0-3f446aa-SNAPSHOT.jar:/home/user/.m2/repository/org/apache/ratis/ratis-client/0.5.0-3f446aa-SNAPSHOT/ratis-client-0.5.0-3f446aa-SNAPSHOT.jar:/home/user/.m2/repository/org/apache/ratis/ratis-metrics/0.5.0-3f446aa-SNAPSHOT/ratis-metrics-0.5.0-3f446aa-SNAPSHOT.jar:/home/user/.m2/repository/com/github/joshelser/dropwizard-metrics-hadoop-metrics2-reporter/0.1.2/dropwizard-metrics-hadoop-metrics2-reporter-0.1.2.jar:/home/user/.m2/repository/io/dropwizard/metrics/metrics-jvm/3.2.5/metrics-jvm-3.2.5.jar:/home/user/.m2/repository/io/dropwizard/metrics/metrics-ganglia/3.2.5/metrics-ganglia-3.2.5.jar:/home/user/.m2/repository/info/ganglia/gmetric4j/gmetric4j/1.0.7/gmetric4j-1.0.7.jar:/home/user/.m2/repository/org/apache/ratis/ratis-netty/0.5.0-3f446aa-SNAPSHOT/ratis-netty-0.5.0-3f446aa-SNAPSHOT.jar:/home/user/.m2/repository/org/apache/ratis/ratis-grpc/0.5.0-3f446aa-SNAPSHOT/ratis-grpc-0.5.0-3f446aa-SNAPSHOT.jar:/home/user/.m2/repository/org/rocksdb/rocksdbjni/6.0.1/rocksdbjni-6.0.1.jar:/home/user/.m2/repository/org/apache/logging/log4j/log4j-api/2.11.0/log4j-api-2.11.0.jar:/home/user/.m2/repository/org/apache/logging/log4j/log4j-core/2.11.0/log4j-core-2.11.0.jar:/home/user/.m2/repository/com/lmax/disruptor/3.4.2/disruptor-3.4.2.jar:/home/user/.m2/repository/org/apache/commons/commons-pool2/2.6.0/commons-pool2-2.6.0.jar:/home/user/.m2/repository/org/bouncycastle/bcpkix-jdk15on/1.60/bcpkix-jdk15on-1.60.jar:/home/user/.m2/repository/commons-validator/commons-validator/1.6/commons-validator-1.6.jar:/home/user/.m2/repository/commons-digester/commons-digester/1.8.1/commons-digester-1.8.1.jar:/home/user/.m2/repository/io/jaegertracing/jaeger-client/0.34.0/jaeger-client-0.34.0.jar:/home/user/.m2/repository/io/jaegertracing/jaeger-thrift/0.34.0/jaeger-thrift-0.34.0.jar:/home/user/.m2/repository/org/apache/thrift/libthrift/0.12.0/libthrift-0.12.0.jar:/home/user/.m2/repository/com/squareup/okhttp3/okhttp/3.9.0/okhttp-3.9.0.jar:/home/user/.m2/repository/com/squareup/okio/okio/1.13.0/okio-1.13.0.jar:/home/user/.m2/repository/io/jaegertracing/jaeger-core/0.34.0/jaeger-core-0.34.0.jar:/home/user/.m2/repository/io/jaegertracing/jaeger-tracerresolver/0.34.0/jaeger-tracerresolver-0.34.0.jar:/home/user/.m2/repository/io/opentracing/contrib/opentracing-tracerresolver/0.1.5/opentracing-tracerresolver-0.1.5.jar:/home/user/.m2/repository/io/opentracing/opentracing-util/0.31.0/opentracing-util-0.31.0.jar:/home/user/.m2/repository/io/opentracing/opentracing-api/0.31.0/opentracing-api-0.31.0.jar:/home/user/.m2/repository/io/opentracing/opentracing-noop/0.31.0/opentracing-noop-0.31.0.jar:/home/user/.m2/repository/org/yaml/snakeyaml/1.16/snakeyaml-1.16.jar:/home/user/.m2/repository/org/apache/hadoop/hadoop-hdfs-client/3.2.0/hadoop-hdfs-client-3.2.0.jar:/home/user/.m2/repository/info/picocli/picocli/3.9.6/picocli-3.9.6.jar:/home/user/.m2/repository/org/apache/hadoop/hadoop-hdds-server-scm/0.5.0-SNAPSHOT/hadoop-hdds-server-scm-0.5.0-SNAPSHOT.jar:/home/user/.m2/repository/org/apache/hadoop/hadoop-hdds-docs/0.5.0-SNAPSHOT/hadoop-hdds-docs-0.5.0-SNAPSHOT.jar:/home/user/.m2/repository/io/dropwizard/metrics/metrics-core/3.2.4/metrics-core-3.2.4.jar:/home/user/.m2/repository/org/hamcrest/hamcrest-all/1.3/hamcrest-all-1.3.jar:/home/user/.m2/repository/org/bouncycastle/bcprov-jdk15on/1.60/bcprov-jdk15on-1.60.jar:/home/user/.m2/repository/org/apache/hadoop/hadoop-hdds-server-framework/0.5.0-SNAPSHOT/hadoop-hdds-server-framework-0.5.0-SNAPSHOT.jar:/home/user/.m2/repository/org/apache/hadoop/hadoop-ozone-ozone-manager/0.5.0-SNAPSHOT/hadoop-ozone-ozone-manager-0.5.0-SNAPSHOT.jar:/home/user/.m2/repository/org/apache/hadoop/hadoop-hdds-container-service/0.5.0-SNAPSHOT/hadoop-hdds-container-service-0.5.0-SNAPSHOT.jar:/home/user/.m2/repository/org/apache/hadoop/hadoop-hdds-client/0.5.0-SNAPSHOT/hadoop-hdds-client-0.5.0-SNAPSHOT.jar:/home/user/.m2/repository/org/apache/hadoop/hadoop-ozone-common/0.5.0-SNAPSHOT/hadoop-ozone-common-0.5.0-SNAPSHOT.jar:/home/user/.m2/repository/org/apache/hadoop/hadoop-hdds-tools/0.5.0-SNAPSHOT/hadoop-hdds-tools-0.5.0-SNAPSHOT.jar:/home/user/.m2/repository/org/xerial/sqlite-jdbc/3.25.2/sqlite-jdbc-3.25.2.jar:/home/user/.m2/repository/org/apache/httpcomponents/httpclient/4.5.2/httpclient-4.5.2.jar:/home/user/.m2/repository/org/apache/httpcomponents/httpcore/4.4.4/httpcore-4.4.4.jar:/home/user/.m2/repository/com/github/spotbugs/spotbugs/3.1.12/spotbugs-3.1.12.jar:/home/user/.m2/repository/org/ow2/asm/asm/5.0.4/asm-5.0.4.jar:/home/user/.m2/repository/org/ow2/asm/asm-analysis/7.0/asm-analysis-7.0.jar:/home/user/.m2/repository/org/ow2/asm/asm-commons/7.0/asm-commons-7.0.jar:/home/user/.m2/repository/org/ow2/asm/asm-tree/7.0/asm-tree-7.0.jar:/home/user/.m2/repository/org/ow2/asm/asm-util/7.0/asm-util-7.0.jar:/home/user/.m2/repository/org/apache/bcel/bcel/6.3/bcel-6.3.jar:/home/user/.m2/repository/net/jcip/jcip-annotations/1.0/jcip-annotations-1.0.jar:/home/user/.m2/repository/org/dom4j/dom4j/2.1.1/dom4j-2.1.1.jar:/home/user/.m2/repository/jaxen/jaxen/1.1.6/jaxen-1.1.6.jar:/home/user/.m2/repository/commons-lang/commons-lang/2.6/commons-lang-2.6.jar:/home/user/.m2/repository/com/github/spotbugs/spotbugs-annotations/3.1.12/spotbugs-annotations-3.1.12.jar:/home/user/.m2/repository/org/apache/hadoop/hadoop-common/3.2.0/hadoop-common-3.2.0-tests.jar:/home/user/.m2/repository/org/apache/hadoop/hadoop-ozone-client/0.5.0-SNAPSHOT/hadoop-ozone-client-0.5.0-SNAPSHOT.jar:/home/user/.m2/repository/org/apache/hadoop/hadoop-hdfs/3.2.0/hadoop-hdfs-3.2.0-tests.jar:/workdir/hadoop-ozone/integration-test/target/test-classes:/home/user/.m2/repository/org/apache/hadoop/hadoop-ozone-s3gateway/0.5.0-SNAPSHOT/hadoop-ozone-s3gateway-0.5.0-SNAPSHOT.jar:/home/user/.m2/repository/org/jboss/weld/servlet/weld-servlet/2.4.7.Final/weld-servlet-2.4.7.Final.jar:/home/user/.m2/repository/org/glassfish/jersey/containers/jersey-container-servlet-core/2.27/jersey-container-servlet-core-2.27.jar:/home/user/.m2/repository/org/glassfish/hk2/external/javax.inject/2.5.0-b42/javax.inject-2.5.0-b42.jar:/home/user/.m2/repository/org/glassfish/jersey/core/jersey-common/2.27/jersey-common-2.27.jar:/home/user/.m2/repository/org/glassfish/hk2/osgi-resource-locator/1.0.1/osgi-resource-locator-1.0.1.jar:/home/user/.m2/repository/javax/ws/rs/javax.ws.rs-api/2.1/javax.ws.rs-api-2.1.jar:/home/user/.m2/repository/org/glassfish/jersey/ext/cdi/jersey-cdi1x/2.27/jersey-cdi1x-2.27.jar:/home/user/.m2/repository/org/glassfish/jersey/inject/jersey-hk2/2.27/jersey-hk2-2.27.jar:/home/user/.m2/repository/org/glassfish/hk2/hk2-locator/2.5.0-b42/hk2-locator-2.5.0-b42.jar:/home/user/.m2/repository/org/javassist/javassist/3.22.0-CR2/javassist-3.22.0-CR2.jar:/home/user/.m2/repository/org/glassfish/hk2/hk2-api/2.5.0/hk2-api-2.5.0.jar:/home/user/.m2/repository/org/glassfish/hk2/external/jakarta.inject/2.5.0/jakarta.inject-2.5.0.jar:/home/user/.m2/repository/org/glassfish/hk2/hk2-utils/2.5.0/hk2-utils-2.5.0.jar:/home/user/.m2/repository/jakarta/annotation/jakarta.annotation-api/1.3.4/jakarta.annotation-api-1.3.4.jar:/home/user/.m2/repository/org/glassfish/hk2/external/aopalliance-repackaged/2.5.0/aopalliance-repackaged-2.5.0.jar:/home/user/.m2/repository/com/fasterxml/jackson/dataformat/jackson-dataformat-xml/2.9.0/jackson-dataformat-xml-2.9.0.jar:/home/user/.m2/repository/com/fasterxml/jackson/module/jackson-module-jaxb-annotations/2.9.9/jackson-module-jaxb-annotations-2.9.9.jar:/home/user/.m2/repository/javax/enterprise/cdi-api/1.2/cdi-api-1.2.jar:/home/user/.m2/repository/javax/el/javax.el-api/3.0.0/javax.el-api-3.0.0.jar:/home/user/.m2/repository/javax/interceptor/javax.interceptor-api/1.2/javax.interceptor-api-1.2.jar:/home/user/.m2/repository/javax/inject/javax.inject/1/javax.inject-1.jar:/home/user/.m2/repository/com/sun/xml/bind/jaxb-core/2.3.0.1/jaxb-core-2.3.0.1.jar:/home/user/.m2/repository/javax/xml/bind/jaxb-api/2.3.0/jaxb-api-2.3.0.jar:/home/user/.m2/repository/javax/activation/activation/1.1.1/activation-1.1.1.jar:/home/user/.m2/repository/org/apache/hadoop/hadoop-ozone-csi/0.5.0-SNAPSHOT/hadoop-ozone-csi-0.5.0-SNAPSHOT.jar:/home/user/.m2/repository/com/google/protobuf/protobuf-java-util/3.5.1/protobuf-java-util-3.5.1.jar:/home/user/.m2/repository/io/grpc/grpc-netty/1.17.1/grpc-netty-1.17.1.jar:/home/user/.m2/repository/io/grpc/grpc-core/1.17.1/grpc-core-1.17.1.jar:/home/user/.m2/repository/io/grpc/grpc-context/1.17.1/grpc-context-1.17.1.jar:/home/user/.m2/repository/com/google/errorprone/error_prone_annotations/2.2.0/error_prone_annotations-2.2.0.jar:/home/user/.m2/repository/org/codehaus/mojo/animal-sniffer-annotations/1.17/animal-sniffer-annotations-1.17.jar:/home/user/.m2/repository/io/opencensus/opencensus-api/0.17.0/opencensus-api-0.17.0.jar:/home/user/.m2/repository/io/opencensus/opencensus-contrib-grpc-metrics/0.17.0/opencensus-contrib-grpc-metrics-0.17.0.jar:/home/user/.m2/repository/io/netty/netty-codec-http2/4.1.30.Final/netty-codec-http2-4.1.30.Final.jar:/home/user/.m2/repository/io/netty/netty-codec-http/4.1.30.Final/netty-codec-http-4.1.30.Final.jar:/home/user/.m2/repository/io/netty/netty-codec/4.1.30.Final/netty-codec-4.1.30.Final.jar:/home/user/.m2/repository/io/netty/netty-handler/4.1.30.Final/netty-handler-4.1.30.Final.jar:/home/user/.m2/repository/io/netty/netty-handler-proxy/4.1.30.Final/netty-handler-proxy-4.1.30.Final.jar:/home/user/.m2/repository/io/netty/netty-codec-socks/4.1.30.Final/netty-codec-socks-4.1.30.Final.jar:/home/user/.m2/repository/io/netty/netty-transport-native-epoll/4.1.30.Final/netty-transport-native-epoll-4.1.30.Final.jar:/home/user/.m2/repository/io/netty/netty-common/4.1.30.Final/netty-common-4.1.30.Final.jar:/home/user/.m2/repository/io/netty/netty-buffer/4.1.30.Final/netty-buffer-4.1.30.Final.jar:/home/user/.m2/repository/io/netty/netty-transport/4.1.30.Final/netty-transport-4.1.30.Final.jar:/home/user/.m2/repository/io/netty/netty-resolver/4.1.30.Final/netty-resolver-4.1.30.Final.jar:/home/user/.m2/repository/io/netty/netty-transport-native-unix-common/4.1.30.Final/netty-transport-native-unix-common-4.1.30.Final.jar:/home/user/.m2/repository/io/grpc/grpc-protobuf/1.17.1/grpc-protobuf-1.17.1.jar:/home/user/.m2/repository/com/google/api/grpc/proto-google-common-protos/1.0.0/proto-google-common-protos-1.0.0.jar:/home/user/.m2/repository/io/grpc/grpc-protobuf-lite/1.17.1/grpc-protobuf-lite-1.17.1.jar:/home/user/.m2/repository/io/grpc/grpc-stub/1.17.1/grpc-stub-1.17.1.jar:/home/user/.m2/repository/org/apache/hadoop/hadoop-ozone-recon/0.5.0-SNAPSHOT/hadoop-ozone-recon-0.5.0-SNAPSHOT.jar:/home/user/.m2/repository/org/apache/hadoop/hadoop-ozone-reconcodegen/0.5.0-SNAPSHOT/hadoop-ozone-reconcodegen-0.5.0-SNAPSHOT.jar:/home/user/.m2/repository/com/google/inject/extensions/guice-multibindings/4.0/guice-multibindings-4.0.jar:/home/user/.m2/repository/com/google/inject/guice/4.0/guice-4.0.jar:/home/user/.m2/repository/aopalliance/aopalliance/1.0/aopalliance-1.0.jar:/home/user/.m2/repository/org/glassfish/jersey/containers/jersey-container-servlet/2.27/jersey-container-servlet-2.27.jar:/home/user/.m2/repository/org/glassfish/hk2/guice-bridge/2.5.0/guice-bridge-2.5.0.jar:/home/user/.m2/repository/org/glassfish/jersey/core/jersey-server/2.27/jersey-server-2.27.jar:/home/user/.m2/repository/org/glassfish/jersey/core/jersey-client/2.27/jersey-client-2.27.jar:/home/user/.m2/repository/org/glassfish/jersey/media/jersey-media-jaxb/2.27/jersey-media-jaxb-2.27.jar:/home/user/.m2/repository/javax/validation/validation-api/1.1.0.Final/validation-api-1.1.0.Final.jar:/home/user/.m2/repository/org/glassfish/jersey/media/jersey-media-json-jackson/2.27/jersey-media-json-jackson-2.27.jar:/home/user/.m2/repository/org/glassfish/jersey/ext/jersey-entity-filtering/2.27/jersey-entity-filtering-2.27.jar:/home/user/.m2/repository/com/google/inject/extensions/guice-assistedinject/4.0/guice-assistedinject-4.0.jar:/home/user/.m2/repository/org/jooq/jooq/3.11.10/jooq-3.11.10.jar:/home/user/.m2/repository/org/jooq/jooq-meta/3.11.10/jooq-meta-3.11.10.jar:/home/user/.m2/repository/org/jooq/jooq-codegen/3.11.10/jooq-codegen-3.11.10.jar:/home/user/.m2/repository/com/jolbox/bonecp/0.8.0.RELEASE/bonecp-0.8.0.RELEASE.jar:/home/user/.m2/repository/org/springframework/spring-jdbc/5.1.3.RELEASE/spring-jdbc-5.1.3.RELEASE.jar:/home/user/.m2/repository/org/springframework/spring-beans/5.1.3.RELEASE/spring-beans-5.1.3.RELEASE.jar:/home/user/.m2/repository/org/springframework/spring-core/5.1.3.RELEASE/spring-core-5.1.3.RELEASE.jar:/home/user/.m2/repository/org/springframework/spring-jcl/5.1.3.RELEASE/spring-jcl-5.1.3.RELEASE.jar:/home/user/.m2/repository/org/springframework/spring-tx/5.1.3.RELEASE/spring-tx-5.1.3.RELEASE.jar:/home/user/.m2/repository/org/mockito/mockito-all/1.10.19/mockito-all-1.10.19.jar:/home/user/.m2/repository/junit/junit/4.11/junit-4.11.jar:/home/user/.m2/repository/org/hamcrest/hamcrest-core/1.3/hamcrest-core-1.3.jar:/home/user/.m2/repository/org/apache/hadoop/hadoop-distcp/3.2.0/hadoop-distcp-3.2.0.jar:/home/user/.m2/repository/org/apache/hadoop/hadoop-distcp/3.2.0/hadoop-distcp-3.2.0-tests.jar:/home/user/.m2/repository/org/apache/hadoop/hadoop-mapreduce-client-jobclient/3.2.0/hadoop-mapreduce-client-jobclient-3.2.0.jar:/home/user/.m2/repository/org/apache/hadoop/hadoop-mapreduce-client-common/3.2.0/hadoop-mapreduce-client-common-3.2.0.jar:/home/user/.m2/repository/org/apache/hadoop/hadoop-yarn-common/3.2.0/hadoop-yarn-common-3.2.0.jar:/home/user/.m2/repository/org/apache/hadoop/hadoop-yarn-api/3.2.0/hadoop-yarn-api-3.2.0.jar:/home/user/.m2/repository/com/sun/jersey/jersey-client/1.19/jersey-client-1.19.jar:/home/user/.m2/repository/com/sun/jersey/contribs/jersey-guice/1.19/jersey-guice-1.19.jar:/home/user/.m2/repository/com/fasterxml/jackson/jaxrs/jackson-jaxrs-json-provider/2.9.9/jackson-jaxrs-json-provider-2.9.9.jar:/home/user/.m2/repository/com/fasterxml/jackson/jaxrs/jackson-jaxrs-base/2.9.9/jackson-jaxrs-base-2.9.9.jar:/home/user/.m2/repository/org/apache/hadoop/hadoop-yarn-client/3.2.0/hadoop-yarn-client-3.2.0.jar:/home/user/.m2/repository/org/apache/hadoop/hadoop-mapreduce-client-core/3.2.0/hadoop-mapreduce-client-core-3.2.0.jar:/home/user/.m2/repository/com/google/inject/extensions/guice-servlet/4.0/guice-servlet-4.0.jar:/home/user/.m2/repository/org/powermock/powermock-module-junit4/1.6.5/powermock-module-junit4-1.6.5.jar:/home/user/.m2/repository/org/powermock/powermock-module-junit4-common/1.6.5/powermock-module-junit4-common-1.6.5.jar:/home/user/.m2/repository/org/powermock/powermock-core/1.6.5/powermock-core-1.6.5.jar:/home/user/.m2/repository/org/powermock/powermock-reflect/1.6.5/powermock-reflect-1.6.5.jar:/home/user/.m2/repository/org/powermock/powermock-api-mockito/1.6.5/powermock-api-mockito-1.6.5.jar:/home/user/.m2/repository/org/mockito/mockito-core/1.10.19/mockito-core-1.10.19.jar:/home/user/.m2/repository/org/objenesis/objenesis/1.0/objenesis-1.0.jar:/home/user/.m2/repository/org/powermock/powermock-api-mockito-common/1.6.5/powermock-api-mockito-common-1.6.5.jar:/home/user/.m2/repository/org/powermock/powermock-api-support/1.6.5/powermock-api-support-1.6.5.jar:"/>
    <property name="sun.cpu.endian" value="little"/>
    <property name="user.home" value="/home/user"/>
    <property name="user.language" value="en"/>
    <property name="java.specification.vendor" value="Oracle Corporation"/>
    <property name="java.home" value="/usr/lib/jvm/java-1.8.0-openjdk-1.8.0.222.b10-1.el7_7.x86_64/jre"/>
    <property name="surefire.excludesFile" value="/tools/ozone-bad-unit-tests"/>
    <property name="java.security.krb5.conf" value="/workdir/hadoop-ozone/ozonefs/target/test-classes/krb5.conf"/>
    <property name="basedir" value="/workdir/hadoop-ozone/ozonefs"/>
    <property name="file.separator" value="/"/>
    <property name="line.separator" value="&#10;"/>
    <property name="java.vm.specification.vendor" value="Oracle Corporation"/>
    <property name="java.specification.name" value="Java Platform API Specification"/>
    <property name="java.awt.graphicsenv" value="sun.awt.X11GraphicsEnvironment"/>
    <property name="surefire.real.class.path" value="/workdir/hadoop-ozone/ozonefs/target/surefire/surefirebooter3538829901334644184.jar"/>
    <property name="hadoop.log.dir" value="/workdir/hadoop-ozone/ozonefs/target/log"/>
    <property name="sun.boot.class.path" value="/usr/lib/jvm/java-1.8.0-openjdk-1.8.0.222.b10-1.el7_7.x86_64/jre/lib/resources.jar:/usr/lib/jvm/java-1.8.0-openjdk-1.8.0.222.b10-1.el7_7.x86_64/jre/lib/rt.jar:/usr/lib/jvm/java-1.8.0-openjdk-1.8.0.222.b10-1.el7_7.x86_64/jre/lib/sunrsasign.jar:/usr/lib/jvm/java-1.8.0-openjdk-1.8.0.222.b10-1.el7_7.x86_64/jre/lib/jsse.jar:/usr/lib/jvm/java-1.8.0-openjdk-1.8.0.222.b10-1.el7_7.x86_64/jre/lib/jce.jar:/usr/lib/jvm/java-1.8.0-openjdk-1.8.0.222.b10-1.el7_7.x86_64/jre/lib/charsets.jar:/usr/lib/jvm/java-1.8.0-openjdk-1.8.0.222.b10-1.el7_7.x86_64/jre/lib/jfr.jar:/usr/lib/jvm/java-1.8.0-openjdk-1.8.0.222.b10-1.el7_7.x86_64/jre/classes"/>
    <property name="sun.management.compiler" value="HotSpot 64-Bit Tiered Compilers"/>
    <property name="java.runtime.version" value="1.8.0_222-b10"/>
    <property name="java.net.preferIPv4Stack" value="true"/>
    <property name="user.name" value="jenkins1000"/>
    <property name="path.separator" value=":"/>
    <property name="java.security.egd" value="file:///dev/urandom"/>
    <property name="os.version" value="3.10.0-957.12.2.el7.x86_64"/>
    <property name="java.endorsed.dirs" value="/usr/lib/jvm/java-1.8.0-openjdk-1.8.0.222.b10-1.el7_7.x86_64/jre/lib/endorsed"/>
    <property name="java.runtime.name" value="OpenJDK Runtime Environment"/>
    <property name="file.encoding" value="ANSI_X3.4-1968"/>
    <property name="java.vm.name" value="OpenJDK 64-Bit Server VM"/>
    <property name="test.build.webapps" value=""/>
    <property name="localRepository" value="/home/user/.m2/repository"/>
    <property name="java.vendor.url.bug" value="http://bugreport.sun.com/bugreport/"/>
    <property name="java.io.tmpdir" value="/tmp"/>
    <property name="require.test.libhadoop" value=""/>
    <property name="java.version" value="1.8.0_222"/>
    <property name="user.dir" value="/workdir/hadoop-ozone/ozonefs"/>
    <property name="os.arch" value="amd64"/>
    <property name="java.vm.specification.name" value="Java Virtual Machine Specification"/>
    <property name="test.build.classes" value="/workdir/hadoop-ozone/ozonefs/target/test-classes"/>
    <property name="java.awt.printerjob" value="sun.print.PSPrinterJob"/>
    <property name="sun.os.patch.level" value="unknown"/>
    <property name="hadoop.tmp.dir" value="/workdir/hadoop-ozone/ozonefs/target/tmp"/>
    <property name="java.library.path" value="/usr/lib:/workdir/hadoop-ozone/ozonefs/target/native/target/usr/local/lib:/workdir/hadoop-ozone/ozonefs/../../hadoop-common-project/hadoop-common/target/native/target/usr/local/lib:/usr/java/packages/lib/amd64:/usr/lib64:/lib64:/lib:/usr/lib"/>
    <property name="java.vm.info" value="mixed mode"/>
    <property name="java.vendor" value="Oracle Corporation"/>
    <property name="java.vm.version" value="25.222-b10"/>
    <property name="java.ext.dirs" value="/usr/lib/jvm/java-1.8.0-openjdk-1.8.0.222.b10-1.el7_7.x86_64/jre/lib/ext:/usr/java/packages/lib/ext"/>
    <property name="sun.io.unicode.encoding" value="UnicodeLittle"/>
    <property name="java.class.version" value="52.0"/>
  </properties>
  <testcase name="testOzoneFsServiceLoader" classname="org.apache.hadoop.fs.ozone.TestOzoneFileSystem" time="75.866">
    <error message="Timed out waiting for condition. Thread diagnostics:&#10;Timestamp: 2019-10-16 09:55:48,651&#10;&#10;&quot;Timer for &apos;StorageContainerManager&apos; metrics system&quot; daemon prio=5 tid=28 timed_waiting&#10;java.lang.Thread.State: TIMED_WAITING&#10;        at java.lang.Object.wait(Native Method)&#10;        at java.util.TimerThread.mainLoop(Timer.java:552)&#10;        at java.util.TimerThread.run(Timer.java:505)&#10;&quot;metrics-hadoop-metrics2-reporter-6-thread-1&quot; daemon prio=5 tid=449 timed_waiting&#10;java.lang.Thread.State: TIMED_WAITING&#10;        at sun.misc.Unsafe.park(Native Method)&#10;        at java.util.concurrent.locks.LockSupport.parkNanos(LockSupport.java:215)&#10;        at java.util.concurrent.locks.AbstractQueuedSynchronizer$ConditionObject.awaitNanos(AbstractQueuedSynchronizer.java:2078)&#10;        at java.util.concurrent.ScheduledThreadPoolExecutor$DelayedWorkQueue.take(ScheduledThreadPoolExecutor.java:1093)&#10;        at java.util.concurrent.ScheduledThreadPoolExecutor$DelayedWorkQueue.take(ScheduledThreadPoolExecutor.java:809)&#10;        at java.util.concurrent.ThreadPoolExecutor.getTask(ThreadPoolExecutor.java:1074)&#10;        at java.util.concurrent.ThreadPoolExecutor.runWorker(ThreadPoolExecutor.java:1134)&#10;        at java.util.concurrent.ThreadPoolExecutor$Worker.run(ThreadPoolExecutor.java:624)&#10;        at java.lang.Thread.run(Thread.java:748)&#10;&quot;pool-46-thread-42&quot;  prio=5 tid=395 in Object.wait()&#10;java.lang.Thread.State: WAITING (on object monitor)&#10;        at sun.misc.Unsafe.park(Native Method)&#10;        at java.util.concurrent.locks.LockSupport.park(LockSupport.java:175)&#10;        at java.util.concurrent.locks.AbstractQueuedSynchronizer$ConditionObject.await(AbstractQueuedSynchronizer.java:2039)&#10;        at java.util.concurrent.ArrayBlockingQueue.take(ArrayBlockingQueue.java:403)&#10;        at java.util.concurrent.ThreadPoolExecutor.getTask(ThreadPoolExecutor.java:1074)&#10;        at java.util.concurrent.ThreadPoolExecutor.runWorker(ThreadPoolExecutor.java:1134)&#10;        at java.util.concurrent.ThreadPoolExecutor$Worker.run(ThreadPoolExecutor.java:624)&#10;        at java.lang.Thread.run(Thread.java:748)&#10;&quot;IPC Server idle connection scanner for port 39615&quot; daemon prio=5 tid=25 timed_waiting&#10;java.lang.Thread.State: TIMED_WAITING&#10;        at java.lang.Object.wait(Native Method)&#10;        at java.util.TimerThread.mainLoop(Timer.java:552)&#10;        at java.util.TimerThread.run(Timer.java:505)&#10;&quot;IPC Server handler 13 on 37656&quot; daemon prio=5 tid=63 timed_waiting&#10;java.lang.Thread.State: TIMED_WAITING&#10;        at sun.misc.Unsafe.park(Native Method)&#10;        at java.util.concurrent.locks.LockSupport.parkNanos(LockSupport.java:215)&#10;        at java.util.concurrent.locks.AbstractQueuedSynchronizer$ConditionObject.awaitNanos(AbstractQueuedSynchronizer.java:2078)&#10;        at java.util.concurrent.LinkedBlockingQueue.poll(LinkedBlockingQueue.java:467)&#10;        at org.apache.hadoop.ipc.CallQueueManager.take(CallQueueManager.java:288)&#10;        at org.apache.hadoop.ipc.Server$Handler.run(Server.java:2668)&#10;&quot;pool-46-thread-33&quot;  prio=5 tid=386 in Object.wait()&#10;java.lang.Thread.State: WAITING (on object monitor)&#10;        at sun.misc.Unsafe.park(Native Method)&#10;        at java.util.concurrent.locks.LockSupport.park(LockSupport.java:175)&#10;        at java.util.concurrent.locks.AbstractQueuedSynchronizer$ConditionObject.await(AbstractQueuedSynchronizer.java:2039)&#10;        at java.util.concurrent.ArrayBlockingQueue.take(ArrayBlockingQueue.java:403)&#10;        at java.util.concurrent.ThreadPoolExecutor.getTask(ThreadPoolExecutor.java:1074)&#10;        at java.util.concurrent.ThreadPoolExecutor.runWorker(ThreadPoolExecutor.java:1134)&#10;        at java.util.concurrent.ThreadPoolExecutor$Worker.run(ThreadPoolExecutor.java:624)&#10;        at java.lang.Thread.run(Thread.java:748)&#10;&quot;IPC Server Responder&quot; daemon prio=5 tid=22 runnable&#10;java.lang.Thread.State: RUNNABLE&#10;        at sun.nio.ch.EPollArrayWrapper.epollWait(Native Method)&#10;        at sun.nio.ch.EPollArrayWrapper.poll(EPollArrayWrapper.java:269)&#10;        at sun.nio.ch.EPollSelectorImpl.doSelect(EPollSelectorImpl.java:93)&#10;        at sun.nio.ch.SelectorImpl.lockAndDoSelect(SelectorImpl.java:86)&#10;        at sun.nio.ch.SelectorImpl.select(SelectorImpl.java:97)&#10;        at org.apache.hadoop.ipc.Server$Responder.doRunLoop(Server.java:1334)&#10;        at org.apache.hadoop.ipc.Server$Responder.run(Server.java:1317)&#10;&quot;IPC Server handler 16 on 37656&quot; daemon prio=5 tid=66 timed_waiting&#10;java.lang.Thread.State: TIMED_WAITING&#10;        at sun.misc.Unsafe.park(Native Method)&#10;        at java.util.concurrent.locks.LockSupport.parkNanos(LockSupport.java:215)&#10;        at java.util.concurrent.locks.AbstractQueuedSynchronizer$ConditionObject.awaitNanos(AbstractQueuedSynchronizer.java:2078)&#10;        at java.util.concurrent.LinkedBlockingQueue.poll(LinkedBlockingQueue.java:467)&#10;        at org.apache.hadoop.ipc.CallQueueManager.take(CallQueueManager.java:288)&#10;        at org.apache.hadoop.ipc.Server$Handler.run(Server.java:2668)&#10;&quot;java.util.concurrent.ThreadPoolExecutor$Worker@d844b07[State = -1, empty queue]&quot; daemon prio=5 tid=528 timed_waiting&#10;java.lang.Thread.State: TIMED_WAITING&#10;        at sun.misc.Unsafe.park(Native Method)&#10;        at java.util.concurrent.locks.LockSupport.parkNanos(LockSupport.java:215)&#10;        at java.util.concurrent.locks.AbstractQueuedSynchronizer$ConditionObject.awaitNanos(AbstractQueuedSynchronizer.java:2078)&#10;        at java.util.concurrent.ScheduledThreadPoolExecutor$DelayedWorkQueue.take(ScheduledThreadPoolExecutor.java:1093)&#10;        at java.util.concurrent.ScheduledThreadPoolExecutor$DelayedWorkQueue.take(ScheduledThreadPoolExecutor.java:809)&#10;        at java.util.concurrent.ThreadPoolExecutor.getTask(ThreadPoolExecutor.java:1074)&#10;        at java.util.concurrent.ThreadPoolExecutor.runWorker(ThreadPoolExecutor.java:1134)&#10;        at java.util.concurrent.ThreadPoolExecutor$Worker.run(ThreadPoolExecutor.java:624)&#10;        at java.lang.Thread.run(Thread.java:748)&#10;&quot;IPC Server idle connection scanner for port 37656&quot; daemon prio=5 tid=21 timed_waiting&#10;java.lang.Thread.State: TIMED_WAITING&#10;        at java.lang.Object.wait(Native Method)&#10;        at java.util.TimerThread.mainLoop(Timer.java:552)&#10;        at java.util.TimerThread.run(Timer.java:505)&#10;&quot;metrics-hadoop-metrics2-reporter-20-thread-1&quot; daemon prio=5 tid=489 timed_waiting&#10;java.lang.Thread.State: TIMED_WAITING&#10;        at sun.misc.Unsafe.park(Native Method)&#10;        at java.util.concurrent.locks.LockSupport.parkNanos(LockSupport.java:215)&#10;        at java.util.concurrent.locks.AbstractQueuedSynchronizer$ConditionObject.awaitNanos(AbstractQueuedSynchronizer.java:2078)&#10;        at java.util.concurrent.ScheduledThreadPoolExecutor$DelayedWorkQueue.take(ScheduledThreadPoolExecutor.java:1093)&#10;        at java.util.concurrent.ScheduledThreadPoolExecutor$DelayedWorkQueue.take(ScheduledThreadPoolExecutor.java:809)&#10;        at java.util.concurrent.ThreadPoolExecutor.getTask(ThreadPoolExecutor.java:1074)&#10;        at java.util.concurrent.ThreadPoolExecutor.runWorker(ThreadPoolExecutor.java:1134)&#10;        at java.util.concurrent.ThreadPoolExecutor$Worker.run(ThreadPoolExecutor.java:624)&#10;        at java.lang.Thread.run(Thread.java:748)&#10;&quot;pool-26-thread-20&quot;  prio=5 tid=253 in Object.wait()&#10;java.lang.Thread.State: WAITING (on object monitor)&#10;        at sun.misc.Unsafe.park(Native Method)&#10;        at java.util.concurrent.locks.LockSupport.park(LockSupport.java:175)&#10;        at java.util.concurrent.locks.AbstractQueuedSynchronizer$ConditionObject.await(AbstractQueuedSynchronizer.java:2039)&#10;        at java.util.concurrent.ArrayBlockingQueue.take(ArrayBlockingQueue.java:403)&#10;        at java.util.concurrent.ThreadPoolExecutor.getTask(ThreadPoolExecutor.java:1074)&#10;        at java.util.concurrent.ThreadPoolExecutor.runWorker(ThreadPoolExecutor.java:1134)&#10;        at java.util.concurrent.ThreadPoolExecutor$Worker.run(ThreadPoolExecutor.java:624)&#10;        at java.lang.Thread.run(Thread.java:748)&#10;&quot;pool-26-thread-44&quot;  prio=5 tid=277 in Object.wait()&#10;java.lang.Thread.State: WAITING (on object monitor)&#10;        at sun.misc.Unsafe.park(Native Method)&#10;        at java.util.concurrent.locks.LockSupport.park(LockSupport.java:175)&#10;        at java.util.concurrent.locks.AbstractQueuedSynchronizer$ConditionObject.await(AbstractQueuedSynchronizer.java:2039)&#10;        at java.util.concurrent.ArrayBlockingQueue.take(ArrayBlockingQueue.java:403)&#10;        at java.util.concurrent.ThreadPoolExecutor.getTask(ThreadPoolExecutor.java:1074)&#10;        at java.util.concurrent.ThreadPoolExecutor.runWorker(ThreadPoolExecutor.java:1134)&#10;        at java.util.concurrent.ThreadPoolExecutor$Worker.run(ThreadPoolExecutor.java:624)&#10;        at java.lang.Thread.run(Thread.java:748)&#10;&quot;pool-46-thread-29&quot;  prio=5 tid=382 in Object.wait()&#10;java.lang.Thread.State: WAITING (on object monitor)&#10;        at sun.misc.Unsafe.park(Native Method)&#10;        at java.util.concurrent.locks.LockSupport.park(LockSupport.java:175)&#10;        at java.util.concurrent.locks.AbstractQueuedSynchronizer$ConditionObject.await(AbstractQueuedSynchronizer.java:2039)&#10;        at java.util.concurrent.ArrayBlockingQueue.take(ArrayBlockingQueue.java:403)&#10;        at java.util.concurrent.ThreadPoolExecutor.getTask(ThreadPoolExecutor.java:1074)&#10;        at java.util.concurrent.ThreadPoolExecutor.runWorker(ThreadPoolExecutor.java:1134)&#10;        at java.util.concurrent.ThreadPoolExecutor$Worker.run(ThreadPoolExecutor.java:624)&#10;        at java.lang.Thread.run(Thread.java:748)&#10;&quot;pool-46-thread-49&quot;  prio=5 tid=402 in Object.wait()&#10;java.lang.Thread.State: WAITING (on object monitor)&#10;        at sun.misc.Unsafe.park(Native Method)&#10;        at java.util.concurrent.locks.LockSupport.park(LockSupport.java:175)&#10;        at java.util.concurrent.locks.AbstractQueuedSynchronizer$ConditionObject.await(AbstractQueuedSynchronizer.java:2039)&#10;        at java.util.concurrent.ArrayBlockingQueue.take(ArrayBlockingQueue.java:403)&#10;        at java.util.concurrent.ThreadPoolExecutor.getTask(ThreadPoolExecutor.java:1074)&#10;        at java.util.concurrent.ThreadPoolExecutor.runWorker(ThreadPoolExecutor.java:1134)&#10;        at java.util.concurrent.ThreadPoolExecutor$Worker.run(ThreadPoolExecutor.java:624)&#10;        at java.lang.Thread.run(Thread.java:748)&#10;&quot;org.apache.hadoop.util.JvmPauseMonitor$Monitor@1c6ec55c&quot; daemon prio=5 tid=104 timed_waiting&#10;java.lang.Thread.State: TIMED_WAITING&#10;        at java.lang.Thread.sleep(Native Method)&#10;        at org.apache.hadoop.util.JvmPauseMonitor$Monitor.run(JvmPauseMonitor.java:192)&#10;        at java.lang.Thread.run(Thread.java:748)&#10;&quot;pool-46-thread-31&quot;  prio=5 tid=384 in Object.wait()&#10;java.lang.Thread.State: WAITING (on object monitor)&#10;        at sun.misc.Unsafe.park(Native Method)&#10;        at java.util.concurrent.locks.LockSupport.park(LockSupport.java:175)&#10;        at java.util.concurrent.locks.AbstractQueuedSynchronizer$ConditionObject.await(AbstractQueuedSynchronizer.java:2039)&#10;        at java.util.concurrent.ArrayBlockingQueue.take(ArrayBlockingQueue.java:403)&#10;        at java.util.concurrent.ThreadPoolExecutor.getTask(ThreadPoolExecutor.java:1074)&#10;        at java.util.concurrent.ThreadPoolExecutor.runWorker(ThreadPoolExecutor.java:1134)&#10;        at java.util.concurrent.ThreadPoolExecutor$Worker.run(ThreadPoolExecutor.java:624)&#10;        at java.lang.Thread.run(Thread.java:748)&#10;&quot;pool-46-thread-30&quot;  prio=5 tid=383 in Object.wait()&#10;java.lang.Thread.State: WAITING (on object monitor)&#10;        at sun.misc.Unsafe.park(Native Method)&#10;        at java.util.concurrent.locks.LockSupport.park(LockSupport.java:175)&#10;        at java.util.concurrent.locks.AbstractQueuedSynchronizer$ConditionObject.await(AbstractQueuedSynchronizer.java:2039)&#10;        at java.util.concurrent.ArrayBlockingQueue.take(ArrayBlockingQueue.java:403)&#10;        at java.util.concurrent.ThreadPoolExecutor.getTask(ThreadPoolExecutor.java:1074)&#10;        at java.util.concurrent.ThreadPoolExecutor.runWorker(ThreadPoolExecutor.java:1134)&#10;        at java.util.concurrent.ThreadPoolExecutor$Worker.run(ThreadPoolExecutor.java:624)&#10;        at java.lang.Thread.run(Thread.java:748)&#10;&quot;IPC Server Responder&quot; daemon prio=5 tid=26 runnable&#10;java.lang.Thread.State: RUNNABLE&#10;        at sun.nio.ch.EPollArrayWrapper.epollWait(Native Method)&#10;        at sun.nio.ch.EPollArrayWrapper.poll(EPollArrayWrapper.java:269)&#10;        at sun.nio.ch.EPollSelectorImpl.doSelect(EPollSelectorImpl.java:93)&#10;        at sun.nio.ch.SelectorImpl.lockAndDoSelect(SelectorImpl.java:86)&#10;        at sun.nio.ch.SelectorImpl.select(SelectorImpl.java:97)&#10;        at org.apache.hadoop.ipc.Server$Responder.doRunLoop(Server.java:1334)&#10;        at org.apache.hadoop.ipc.Server$Responder.run(Server.java:1317)&#10;&quot;pool-36-thread-27&quot;  prio=5 tid=320 in Object.wait()&#10;java.lang.Thread.State: WAITING (on object monitor)&#10;        at sun.misc.Unsafe.park(Native Method)&#10;        at java.util.concurrent.locks.LockSupport.park(LockSupport.java:175)&#10;        at java.util.concurrent.locks.AbstractQueuedSynchronizer$ConditionObject.await(AbstractQueuedSynchronizer.java:2039)&#10;        at java.util.concurrent.ArrayBlockingQueue.take(ArrayBlockingQueue.java:403)&#10;        at java.util.concurrent.ThreadPoolExecutor.getTask(ThreadPoolExecutor.java:1074)&#10;        at java.util.concurrent.ThreadPoolExecutor.runWorker(ThreadPoolExecutor.java:1134)&#10;        at java.util.concurrent.ThreadPoolExecutor$Worker.run(ThreadPoolExecutor.java:624)&#10;        at java.lang.Thread.run(Thread.java:748)&#10;&quot;IPC Server handler 9 on 39615&quot; daemon prio=5 tid=39 timed_waiting&#10;java.lang.Thread.State: TIMED_WAITING&#10;        at sun.misc.Unsafe.park(Native Method)&#10;        at java.util.concurrent.locks.LockSupport.parkNanos(LockSupport.java:215)&#10;        at java.util.concurrent.locks.AbstractQueuedSynchronizer$ConditionObject.awaitNanos(AbstractQueuedSynchronizer.java:2078)&#10;        at java.util.concurrent.LinkedBlockingQueue.poll(LinkedBlockingQueue.java:467)&#10;        at org.apache.hadoop.ipc.CallQueueManager.take(CallQueueManager.java:288)&#10;        at org.apache.hadoop.ipc.Server$Handler.run(Server.java:2668)&#10;&quot;pool-26-thread-53&quot;  prio=5 tid=286 in Object.wait()&#10;java.lang.Thread.State: WAITING (on object monitor)&#10;        at sun.misc.Unsafe.park(Native Method)&#10;        at java.util.concurrent.locks.LockSupport.park(LockSupport.java:175)&#10;        at java.util.concurrent.locks.AbstractQueuedSynchronizer$ConditionObject.await(AbstractQueuedSynchronizer.java:2039)&#10;        at java.util.concurrent.ArrayBlockingQueue.take(ArrayBlockingQueue.java:403)&#10;        at java.util.concurrent.ThreadPoolExecutor.getTask(ThreadPoolExecutor.java:1074)&#10;        at java.util.concurrent.ThreadPoolExecutor.runWorker(ThreadPoolExecutor.java:1134)&#10;        at java.util.concurrent.ThreadPoolExecutor$Worker.run(ThreadPoolExecutor.java:624)&#10;        at java.lang.Thread.run(Thread.java:748)&#10;&quot;pool-46-thread-46&quot;  prio=5 tid=399 in Object.wait()&#10;java.lang.Thread.State: WAITING (on object monitor)&#10;        at sun.misc.Unsafe.park(Native Method)&#10;        at java.util.concurrent.locks.LockSupport.park(LockSupport.java:175)&#10;        at java.util.concurrent.locks.AbstractQueuedSynchronizer$ConditionObject.await(AbstractQueuedSynchronizer.java:2039)&#10;        at java.util.concurrent.ArrayBlockingQueue.take(ArrayBlockingQueue.java:403)&#10;        at java.util.concurrent.ThreadPoolExecutor.getTask(ThreadPoolExecutor.java:1074)&#10;        at java.util.concurrent.ThreadPoolExecutor.runWorker(ThreadPoolExecutor.java:1134)&#10;        at java.util.concurrent.ThreadPoolExecutor$Worker.run(ThreadPoolExecutor.java:624)&#10;        at java.lang.Thread.run(Thread.java:748)&#10;&quot;qtp1124883352-219&quot; daemon prio=5 tid=219 timed_waiting&#10;java.lang.Thread.State: TIMED_WAITING&#10;        at sun.misc.Unsafe.park(Native Method)&#10;        at java.util.concurrent.locks.LockSupport.parkNanos(LockSupport.java:215)&#10;        at java.util.concurrent.locks.AbstractQueuedSynchronizer$ConditionObject.awaitNanos(AbstractQueuedSynchronizer.java:2078)&#10;        at org.eclipse.jetty.util.BlockingArrayQueue.poll(BlockingArrayQueue.java:392)&#10;        at org.eclipse.jetty.util.thread.QueuedThreadPool.idleJobPoll(QueuedThreadPool.java:563)&#10;        at org.eclipse.jetty.util.thread.QueuedThreadPool.access$800(QueuedThreadPool.java:48)&#10;        at org.eclipse.jetty.util.thread.QueuedThreadPool$2.run(QueuedThreadPool.java:626)&#10;        at java.lang.Thread.run(Thread.java:748)&#10;&quot;pool-26-thread-31&quot;  prio=5 tid=264 in Object.wait()&#10;java.lang.Thread.State: WAITING (on object monitor)&#10;        at sun.misc.Unsafe.park(Native Method)&#10;        at java.util.concurrent.locks.LockSupport.park(LockSupport.java:175)&#10;        at java.util.concurrent.locks.AbstractQueuedSynchronizer$ConditionObject.await(AbstractQueuedSynchronizer.java:2039)&#10;        at java.util.concurrent.ArrayBlockingQueue.take(ArrayBlockingQueue.java:403)&#10;        at java.util.concurrent.ThreadPoolExecutor.getTask(ThreadPoolExecutor.java:1074)&#10;        at java.util.concurrent.ThreadPoolExecutor.runWorker(ThreadPoolExecutor.java:1134)&#10;        at java.util.concurrent.ThreadPoolExecutor$Worker.run(ThreadPoolExecutor.java:624)&#10;        at java.lang.Thread.run(Thread.java:748)&#10;&quot;pool-46-thread-54&quot;  prio=5 tid=407 in Object.wait()&#10;java.lang.Thread.State: WAITING (on object monitor)&#10;        at sun.misc.Unsafe.park(Native Method)&#10;        at java.util.concurrent.locks.LockSupport.park(LockSupport.java:175)&#10;        at java.util.concurrent.locks.AbstractQueuedSynchronizer$ConditionObject.await(AbstractQueuedSynchronizer.java:2039)&#10;        at java.util.concurrent.ArrayBlockingQueue.take(ArrayBlockingQueue.java:403)&#10;        at java.util.concurrent.ThreadPoolExecutor.getTask(ThreadPoolExecutor.java:1074)&#10;        at java.util.concurrent.ThreadPoolExecutor.runWorker(ThreadPoolExecutor.java:1134)&#10;        at java.util.concurrent.ThreadPoolExecutor$Worker.run(ThreadPoolExecutor.java:624)&#10;        at java.lang.Thread.run(Thread.java:748)&#10;&quot;metrics-hadoop-metrics2-reporter-21-thread-1&quot; daemon prio=5 tid=490 timed_waiting&#10;java.lang.Thread.State: TIMED_WAITING&#10;        at sun.misc.Unsafe.park(Native Method)&#10;        at java.util.concurrent.locks.LockSupport.parkNanos(LockSupport.java:215)&#10;        at java.util.concurrent.locks.AbstractQueuedSynchronizer$ConditionObject.awaitNanos(AbstractQueuedSynchronizer.java:2078)&#10;        at java.util.concurrent.ScheduledThreadPoolExecutor$DelayedWorkQueue.take(ScheduledThreadPoolExecutor.java:1093)&#10;        at java.util.concurrent.ScheduledThreadPoolExecutor$DelayedWorkQueue.take(ScheduledThreadPoolExecutor.java:809)&#10;        at java.util.concurrent.ThreadPoolExecutor.getTask(ThreadPoolExecutor.java:1074)&#10;        at java.util.concurrent.ThreadPoolExecutor.runWorker(ThreadPoolExecutor.java:1134)&#10;        at java.util.concurrent.ThreadPoolExecutor$Worker.run(ThreadPoolExecutor.java:624)&#10;        at java.lang.Thread.run(Thread.java:748)&#10;&quot;pool-46-thread-16&quot;  prio=5 tid=369 in Object.wait()&#10;java.lang.Thread.State: WAITING (on object monitor)&#10;        at sun.misc.Unsafe.park(Native Method)&#10;        at java.util.concurrent.locks.LockSupport.park(LockSupport.java:175)&#10;        at java.util.concurrent.locks.AbstractQueuedSynchronizer$ConditionObject.await(AbstractQueuedSynchronizer.java:2039)&#10;        at java.util.concurrent.ArrayBlockingQueue.take(ArrayBlockingQueue.java:403)&#10;        at java.util.concurrent.ThreadPoolExecutor.getTask(ThreadPoolExecutor.java:1074)&#10;        at java.util.concurrent.ThreadPoolExecutor.runWorker(ThreadPoolExecutor.java:1134)&#10;        at java.util.concurrent.ThreadPoolExecutor$Worker.run(ThreadPoolExecutor.java:624)&#10;        at java.lang.Thread.run(Thread.java:748)&#10;&quot;pool-26-thread-11&quot;  prio=5 tid=244 in Object.wait()&#10;java.lang.Thread.State: WAITING (on object monitor)&#10;        at sun.misc.Unsafe.park(Native Method)&#10;        at java.util.concurrent.locks.LockSupport.park(LockSupport.java:175)&#10;        at java.util.concurrent.locks.AbstractQueuedSynchronizer$ConditionObject.await(AbstractQueuedSynchronizer.java:2039)&#10;        at java.util.concurrent.ArrayBlockingQueue.take(ArrayBlockingQueue.java:403)&#10;        at java.util.concurrent.ThreadPoolExecutor.getTask(ThreadPoolExecutor.java:1074)&#10;        at java.util.concurrent.ThreadPoolExecutor.runWorker(ThreadPoolExecutor.java:1134)&#10;        at java.util.concurrent.ThreadPoolExecutor$Worker.run(ThreadPoolExecutor.java:624)&#10;        at java.lang.Thread.run(Thread.java:748)&#10;&quot;pool-46-thread-12&quot;  prio=5 tid=365 in Object.wait()&#10;java.lang.Thread.State: WAITING (on object monitor)&#10;        at sun.misc.Unsafe.park(Native Method)&#10;        at java.util.concurrent.locks.LockSupport.park(LockSupport.java:175)&#10;        at java.util.concurrent.locks.AbstractQueuedSynchronizer$ConditionObject.await(AbstractQueuedSynchronizer.java:2039)&#10;        at java.util.concurrent.ArrayBlockingQueue.take(ArrayBlockingQueue.java:403)&#10;        at java.util.concurrent.ThreadPoolExecutor.getTask(ThreadPoolExecutor.java:1074)&#10;        at java.util.concurrent.ThreadPoolExecutor.runWorker(ThreadPoolExecutor.java:1134)&#10;        at java.util.concurrent.ThreadPoolExecutor$Worker.run(ThreadPoolExecutor.java:624)&#10;        at java.lang.Thread.run(Thread.java:748)&#10;&quot;pool-26-thread-8&quot;  prio=5 tid=241 in Object.wait()&#10;java.lang.Thread.State: WAITING (on object monitor)&#10;        at sun.misc.Unsafe.park(Native Method)&#10;        at java.util.concurrent.locks.LockSupport.park(LockSupport.java:175)&#10;        at java.util.concurrent.locks.AbstractQueuedSynchronizer$ConditionObject.await(AbstractQueuedSynchronizer.java:2039)&#10;        at java.util.concurrent.ArrayBlockingQueue.take(ArrayBlockingQueue.java:403)&#10;        at java.util.concurrent.ThreadPoolExecutor.getTask(ThreadPoolExecutor.java:1074)&#10;        at java.util.concurrent.ThreadPoolExecutor.runWorker(ThreadPoolExecutor.java:1134)&#10;        at java.util.concurrent.ThreadPoolExecutor$Worker.run(ThreadPoolExecutor.java:624)&#10;        at java.lang.Thread.run(Thread.java:748)&#10;&quot;pool-36-thread-59&quot;  prio=5 tid=352 in Object.wait()&#10;java.lang.Thread.State: WAITING (on object monitor)&#10;        at sun.misc.Unsafe.park(Native Method)&#10;        at java.util.concurrent.locks.LockSupport.park(LockSupport.java:175)&#10;        at java.util.concurrent.locks.AbstractQueuedSynchronizer$ConditionObject.await(AbstractQueuedSynchronizer.java:2039)&#10;        at java.util.concurrent.ArrayBlockingQueue.take(ArrayBlockingQueue.java:403)&#10;        at java.util.concurrent.ThreadPoolExecutor.getTask(ThreadPoolExecutor.java:1074)&#10;        at java.util.concurrent.ThreadPoolExecutor.runWorker(ThreadPoolExecutor.java:1134)&#10;        at java.util.concurrent.ThreadPoolExecutor$Worker.run(ThreadPoolExecutor.java:624)&#10;        at java.lang.Thread.run(Thread.java:748)&#10;&quot;Datanode ReportManager Thread - 0&quot; daemon prio=5 tid=172 in Object.wait()&#10;java.lang.Thread.State: WAITING (on object monitor)&#10;        at sun.misc.Unsafe.park(Native Method)&#10;        at java.util.concurrent.locks.LockSupport.park(LockSupport.java:175)&#10;        at java.util.concurrent.locks.AbstractQueuedSynchronizer$ConditionObject.await(AbstractQueuedSynchronizer.java:2039)&#10;        at java.util.concurrent.ScheduledThreadPoolExecutor$DelayedWorkQueue.take(ScheduledThreadPoolExecutor.java:1088)&#10;        at java.util.concurrent.ScheduledThreadPoolExecutor$DelayedWorkQueue.take(ScheduledThreadPoolExecutor.java:809)&#10;        at java.util.concurrent.ThreadPoolExecutor.getTask(ThreadPoolExecutor.java:1074)&#10;        at java.util.concurrent.ThreadPoolExecutor.runWorker(ThreadPoolExecutor.java:1134)&#10;        at java.util.concurrent.ThreadPoolExecutor$Worker.run(ThreadPoolExecutor.java:624)&#10;        at java.lang.Thread.run(Thread.java:748)&#10;&quot;grpc-default-executor-2&quot; daemon prio=5 tid=472 timed_waiting&#10;java.lang.Thread.State: TIMED_WAITING&#10;        at sun.misc.Unsafe.park(Native Method)&#10;        at java.util.concurrent.locks.LockSupport.parkNanos(LockSupport.java:215)&#10;        at java.util.concurrent.SynchronousQueue$TransferStack.awaitFulfill(SynchronousQueue.java:460)&#10;        at java.util.concurrent.SynchronousQueue$TransferStack.transfer(SynchronousQueue.java:362)&#10;        at java.util.concurrent.SynchronousQueue.poll(SynchronousQueue.java:941)&#10;        at java.util.concurrent.ThreadPoolExecutor.getTask(ThreadPoolExecutor.java:1073)&#10;        at java.util.concurrent.ThreadPoolExecutor.runWorker(ThreadPoolExecutor.java:1134)&#10;        at java.util.concurrent.ThreadPoolExecutor$Worker.run(ThreadPoolExecutor.java:624)&#10;        at java.lang.Thread.run(Thread.java:748)&#10;&quot;SCMBlockDeletingService#1&quot; daemon prio=5 tid=103 in Object.wait()&#10;java.lang.Thread.State: WAITING (on object monitor)&#10;        at sun.misc.Unsafe.park(Native Method)&#10;        at java.util.concurrent.locks.LockSupport.park(LockSupport.java:175)&#10;        at java.util.concurrent.locks.AbstractQueuedSynchronizer$ConditionObject.await(AbstractQueuedSynchronizer.java:2039)&#10;        at java.util.concurrent.ScheduledThreadPoolExecutor$DelayedWorkQueue.take(ScheduledThreadPoolExecutor.java:1088)&#10;        at java.util.concurrent.ScheduledThreadPoolExecutor$DelayedWorkQueue.take(ScheduledThreadPoolExecutor.java:809)&#10;        at java.util.concurrent.ThreadPoolExecutor.getTask(ThreadPoolExecutor.java:1074)&#10;        at java.util.concurrent.ThreadPoolExecutor.runWorker(ThreadPoolExecutor.java:1134)&#10;        at java.util.concurrent.ThreadPoolExecutor$Worker.run(ThreadPoolExecutor.java:624)&#10;        at java.lang.Thread.run(Thread.java:748)&#10;&quot;IPC Server handler 19 on 39656&quot; daemon prio=5 tid=89 timed_waiting&#10;java.lang.Thread.State: TIMED_WAITING&#10;        at sun.misc.Unsafe.park(Native Method)&#10;        at java.util.concurrent.locks.LockSupport.parkNanos(LockSupport.java:215)&#10;        at java.util.concurrent.locks.AbstractQueuedSynchronizer$ConditionObject.awaitNanos(AbstractQueuedSynchronizer.java:2078)&#10;        at java.util.concurrent.LinkedBlockingQueue.poll(LinkedBlockingQueue.java:467)&#10;        at org.apache.hadoop.ipc.CallQueueManager.take(CallQueueManager.java:288)&#10;        at org.apache.hadoop.ipc.Server$Handler.run(Server.java:2668)&#10;&quot;metrics-hadoop-metrics2-reporter-17-thread-1&quot; daemon prio=5 tid=482 timed_waiting&#10;java.lang.Thread.State: TIMED_WAITING&#10;        at sun.misc.Unsafe.park(Native Method)&#10;        at java.util.concurrent.locks.LockSupport.parkNanos(LockSupport.java:215)&#10;        at java.util.concurrent.locks.AbstractQueuedSynchronizer$ConditionObject.awaitNanos(AbstractQueuedSynchronizer.java:2078)&#10;        at java.util.concurrent.ScheduledThreadPoolExecutor$DelayedWorkQueue.take(ScheduledThreadPoolExecutor.java:1093)&#10;        at java.util.concurrent.ScheduledThreadPoolExecutor$DelayedWorkQueue.take(ScheduledThreadPoolExecutor.java:809)&#10;        at java.util.concurrent.ThreadPoolExecutor.getTask(ThreadPoolExecutor.java:1074)&#10;        at java.util.concurrent.ThreadPoolExecutor.runWorker(ThreadPoolExecutor.java:1134)&#10;        at java.util.concurrent.ThreadPoolExecutor$Worker.run(ThreadPoolExecutor.java:624)&#10;        at java.lang.Thread.run(Thread.java:748)&#10;&quot;metrics-hadoop-metrics2-reporter-31-thread-1&quot; daemon prio=5 tid=629 timed_waiting&#10;java.lang.Thread.State: TIMED_WAITING&#10;        at sun.misc.Unsafe.park(Native Method)&#10;        at java.util.concurrent.locks.LockSupport.parkNanos(LockSupport.java:215)&#10;        at java.util.concurrent.locks.AbstractQueuedSynchronizer$ConditionObject.awaitNanos(AbstractQueuedSynchronizer.java:2078)&#10;        at java.util.concurrent.ScheduledThreadPoolExecutor$DelayedWorkQueue.take(ScheduledThreadPoolExecutor.java:1093)&#10;        at java.util.concurrent.ScheduledThreadPoolExecutor$DelayedWorkQueue.take(ScheduledThreadPoolExecutor.java:809)&#10;        at java.util.concurrent.ThreadPoolExecutor.getTask(ThreadPoolExecutor.java:1074)&#10;        at java.util.concurrent.ThreadPoolExecutor.runWorker(ThreadPoolExecutor.java:1134)&#10;        at java.util.concurrent.ThreadPoolExecutor$Worker.run(ThreadPoolExecutor.java:624)&#10;        at java.lang.Thread.run(Thread.java:748)&#10;&quot;SCMBlockDeletingService#0&quot; daemon prio=5 tid=102 timed_waiting&#10;java.lang.Thread.State: TIMED_WAITING&#10;        at sun.misc.Unsafe.park(Native Method)&#10;        at java.util.concurrent.locks.LockSupport.parkNanos(LockSupport.java:215)&#10;        at java.util.concurrent.locks.AbstractQueuedSynchronizer$ConditionObject.awaitNanos(AbstractQueuedSynchronizer.java:2078)&#10;        at java.util.concurrent.ScheduledThreadPoolExecutor$DelayedWorkQueue.take(ScheduledThreadPoolExecutor.java:1093)&#10;        at java.util.concurrent.ScheduledThreadPoolExecutor$DelayedWorkQueue.take(ScheduledThreadPoolExecutor.java:809)&#10;        at java.util.concurrent.ThreadPoolExecutor.getTask(ThreadPoolExecutor.java:1074)&#10;        at java.util.concurrent.ThreadPoolExecutor.runWorker(ThreadPoolExecutor.java:1134)&#10;        at java.util.concurrent.ThreadPoolExecutor$Worker.run(ThreadPoolExecutor.java:624)&#10;        at java.lang.Thread.run(Thread.java:748)&#10;&quot;pool-36-thread-33&quot;  prio=5 tid=326 in Object.wait()&#10;java.lang.Thread.State: WAITING (on object monitor)&#10;        at sun.misc.Unsafe.park(Native Method)&#10;        at java.util.concurrent.locks.LockSupport.park(LockSupport.java:175)&#10;        at java.util.concurrent.locks.AbstractQueuedSynchronizer$ConditionObject.await(AbstractQueuedSynchronizer.java:2039)&#10;        at java.util.concurrent.ArrayBlockingQueue.take(ArrayBlockingQueue.java:403)&#10;        at java.util.concurrent.ThreadPoolExecutor.getTask(ThreadPoolExecutor.java:1074)&#10;        at java.util.concurrent.ThreadPoolExecutor.runWorker(ThreadPoolExecutor.java:1134)&#10;        at java.util.concurrent.ThreadPoolExecutor$Worker.run(ThreadPoolExecutor.java:624)&#10;        at java.lang.Thread.run(Thread.java:748)&#10;&quot;IPC Server handler 10 on 32962&quot; daemon prio=5 tid=125 timed_waiting&#10;java.lang.Thread.State: TIMED_WAITING&#10;        at sun.misc.Unsafe.park(Native Method)&#10;        at java.util.concurrent.locks.LockSupport.parkNanos(LockSupport.java:215)&#10;        at java.util.concurrent.locks.AbstractQueuedSynchronizer$ConditionObject.awaitNanos(AbstractQueuedSynchronizer.java:2078)&#10;        at java.util.concurrent.LinkedBlockingQueue.poll(LinkedBlockingQueue.java:467)&#10;        at org.apache.hadoop.ipc.CallQueueManager.take(CallQueueManager.java:288)&#10;        at org.apache.hadoop.ipc.Server$Handler.run(Server.java:2668)&#10;&quot;IPC Server handler 7 on 39656&quot; daemon prio=5 tid=77 timed_waiting&#10;java.lang.Thread.State: TIMED_WAITING&#10;        at sun.misc.Unsafe.park(Native Method)&#10;        at java.util.concurrent.locks.LockSupport.parkNanos(LockSupport.java:215)&#10;        at java.util.concurrent.locks.AbstractQueuedSynchronizer$ConditionObject.awaitNanos(AbstractQueuedSynchronizer.java:2078)&#10;        at java.util.concurrent.LinkedBlockingQueue.poll(LinkedBlockingQueue.java:467)&#10;        at org.apache.hadoop.ipc.CallQueueManager.take(CallQueueManager.java:288)&#10;        at org.apache.hadoop.ipc.Server$Handler.run(Server.java:2668)&#10;&quot;pool-36-thread-21&quot;  prio=5 tid=314 in Object.wait()&#10;java.lang.Thread.State: WAITING (on object monitor)&#10;        at sun.misc.Unsafe.park(Native Method)&#10;        at java.util.concurrent.locks.LockSupport.park(LockSupport.java:175)&#10;        at java.util.concurrent.locks.AbstractQueuedSynchronizer$ConditionObject.await(AbstractQueuedSynchronizer.java:2039)&#10;        at java.util.concurrent.ArrayBlockingQueue.take(ArrayBlockingQueue.java:403)&#10;        at java.util.concurrent.ThreadPoolExecutor.getTask(ThreadPoolExecutor.java:1074)&#10;        at java.util.concurrent.ThreadPoolExecutor.runWorker(ThreadPoolExecutor.java:1134)&#10;        at java.util.concurrent.ThreadPoolExecutor$Worker.run(ThreadPoolExecutor.java:624)&#10;        at java.lang.Thread.run(Thread.java:748)&#10;&quot;qtp312968017-192&quot; daemon prio=5 tid=192 timed_waiting&#10;java.lang.Thread.State: TIMED_WAITING&#10;        at sun.misc.Unsafe.park(Native Method)&#10;        at java.util.concurrent.locks.LockSupport.parkNanos(LockSupport.java:215)&#10;        at java.util.concurrent.locks.AbstractQueuedSynchronizer$ConditionObject.awaitNanos(AbstractQueuedSynchronizer.java:2078)&#10;        at org.eclipse.jetty.util.BlockingArrayQueue.poll(BlockingArrayQueue.java:392)&#10;        at org.eclipse.jetty.util.thread.QueuedThreadPool.idleJobPoll(QueuedThreadPool.java:563)&#10;        at org.eclipse.jetty.util.thread.QueuedThreadPool.access$800(QueuedThreadPool.java:48)&#10;        at org.eclipse.jetty.util.thread.QueuedThreadPool$2.run(QueuedThreadPool.java:626)&#10;        at java.lang.Thread.run(Thread.java:748)&#10;&quot;pool-36-thread-25&quot;  prio=5 tid=318 in Object.wait()&#10;java.lang.Thread.State: WAITING (on object monitor)&#10;        at sun.misc.Unsafe.park(Native Method)&#10;        at java.util.concurrent.locks.LockSupport.park(LockSupport.java:175)&#10;        at java.util.concurrent.locks.AbstractQueuedSynchronizer$ConditionObject.await(AbstractQueuedSynchronizer.java:2039)&#10;        at java.util.concurrent.ArrayBlockingQueue.take(ArrayBlockingQueue.java:403)&#10;        at java.util.concurrent.ThreadPoolExecutor.getTask(ThreadPoolExecutor.java:1074)&#10;        at java.util.concurrent.ThreadPoolExecutor.runWorker(ThreadPoolExecutor.java:1134)&#10;        at java.util.concurrent.ThreadPoolExecutor$Worker.run(ThreadPoolExecutor.java:624)&#10;        at java.lang.Thread.run(Thread.java:748)&#10;&quot;IPC Server handler 12 on 37656&quot; daemon prio=5 tid=62 timed_waiting&#10;java.lang.Thread.State: TIMED_WAITING&#10;        at sun.misc.Unsafe.park(Native Method)&#10;        at java.util.concurrent.locks.LockSupport.parkNanos(LockSupport.java:215)&#10;        at java.util.concurrent.locks.AbstractQueuedSynchronizer$ConditionObject.awaitNanos(AbstractQueuedSynchronizer.java:2078)&#10;        at java.util.concurrent.LinkedBlockingQueue.poll(LinkedBlockingQueue.java:467)&#10;        at org.apache.hadoop.ipc.CallQueueManager.take(CallQueueManager.java:288)&#10;        at org.apache.hadoop.ipc.Server$Handler.run(Server.java:2668)&#10;&quot;6b24a2ab-97ee-4d49-85cc-2d76c2f4b8ef@group-895FFB7708A4-SegmentedRaftLogWorker&quot;  prio=5 tid=462 timed_waiting&#10;java.lang.Thread.State: TIMED_WAITING&#10;        at sun.misc.Unsafe.park(Native Method)&#10;        at java.util.concurrent.locks.LockSupport.parkNanos(LockSupport.java:215)&#10;        at java.util.concurrent.locks.AbstractQueuedSynchronizer$ConditionObject.awaitNanos(AbstractQueuedSynchronizer.java:2078)&#10;        at org.apache.ratis.util.DataBlockingQueue.poll(DataBlockingQueue.java:137)&#10;        at org.apache.ratis.server.raftlog.segmented.SegmentedRaftLogWorker.run(SegmentedRaftLogWorker.java:282)&#10;        at java.lang.Thread.run(Thread.java:748)&#10;&quot;qtp1124883352-214&quot; daemon prio=5 tid=214 runnable&#10;java.lang.Thread.State: RUNNABLE&#10;        at sun.nio.ch.EPollArrayWrapper.epollWait(Native Method)&#10;        at sun.nio.ch.EPollArrayWrapper.poll(EPollArrayWrapper.java:269)&#10;        at sun.nio.ch.EPollSelectorImpl.doSelect(EPollSelectorImpl.java:93)&#10;        at sun.nio.ch.SelectorImpl.lockAndDoSelect(SelectorImpl.java:86)&#10;        at sun.nio.ch.SelectorImpl.select(SelectorImpl.java:97)&#10;        at sun.nio.ch.SelectorImpl.select(SelectorImpl.java:101)&#10;        at org.eclipse.jetty.io.ManagedSelector$SelectorProducer.select(ManagedSelector.java:243)&#10;        at org.eclipse.jetty.io.ManagedSelector$SelectorProducer.produce(ManagedSelector.java:191)&#10;        at org.eclipse.jetty.util.thread.strategy.ExecuteProduceConsume.executeProduceConsume(ExecuteProduceConsume.java:249)&#10;        at org.eclipse.jetty.util.thread.strategy.ExecuteProduceConsume.produceConsume(ExecuteProduceConsume.java:148)&#10;        at org.eclipse.jetty.util.thread.strategy.ExecuteProduceConsume.execute(ExecuteProduceConsume.java:100)&#10;        at org.eclipse.jetty.io.ManagedSelector.run(ManagedSelector.java:147)&#10;        at org.eclipse.jetty.util.thread.QueuedThreadPool.runJob(QueuedThreadPool.java:671)&#10;        at org.eclipse.jetty.util.thread.QueuedThreadPool$2.run(QueuedThreadPool.java:589)&#10;        at java.lang.Thread.run(Thread.java:748)&#10;&quot;Socket Reader #1 for port 37656&quot;  prio=5 tid=20 runnable&#10;java.lang.Thread.State: RUNNABLE&#10;        at sun.nio.ch.EPollArrayWrapper.epollWait(Native Method)&#10;        at sun.nio.ch.EPollArrayWrapper.poll(EPollArrayWrapper.java:269)&#10;        at sun.nio.ch.EPollSelectorImpl.doSelect(EPollSelectorImpl.java:93)&#10;        at sun.nio.ch.SelectorImpl.lockAndDoSelect(SelectorImpl.java:86)&#10;        at sun.nio.ch.SelectorImpl.select(SelectorImpl.java:97)&#10;        at sun.nio.ch.SelectorImpl.select(SelectorImpl.java:101)&#10;        at org.apache.hadoop.ipc.Server$Listener$Reader.doRunLoop(Server.java:1097)&#10;        at org.apache.hadoop.ipc.Server$Listener$Reader.run(Server.java:1076)&#10;&quot;pool-46-thread-11&quot;  prio=5 tid=364 in Object.wait()&#10;java.lang.Thread.State: WAITING (on object monitor)&#10;        at sun.misc.Unsafe.park(Native Method)&#10;        at java.util.concurrent.locks.LockSupport.park(LockSupport.java:175)&#10;        at java.util.concurrent.locks.AbstractQueuedSynchronizer$ConditionObject.await(AbstractQueuedSynchronizer.java:2039)&#10;        at java.util.concurrent.ArrayBlockingQueue.take(ArrayBlockingQueue.java:403)&#10;        at java.util.concurrent.ThreadPoolExecutor.getTask(ThreadPoolExecutor.java:1074)&#10;        at java.util.concurrent.ThreadPoolExecutor.runWorker(ThreadPoolExecutor.java:1134)&#10;        at java.util.concurrent.ThreadPoolExecutor$Worker.run(ThreadPoolExecutor.java:624)&#10;        at java.lang.Thread.run(Thread.java:748)&#10;&quot;qtp190696393-165&quot; daemon prio=5 tid=165 timed_waiting&#10;java.lang.Thread.State: TIMED_WAITING&#10;        at sun.misc.Unsafe.park(Native Method)&#10;        at java.util.concurrent.locks.LockSupport.parkNanos(LockSupport.java:215)&#10;        at java.util.concurrent.locks.AbstractQueuedSynchronizer$ConditionObject.awaitNanos(AbstractQueuedSynchronizer.java:2078)&#10;        at org.eclipse.jetty.util.BlockingArrayQueue.poll(BlockingArrayQueue.java:392)&#10;        at org.eclipse.jetty.util.thread.QueuedThreadPool.idleJobPoll(QueuedThreadPool.java:563)&#10;        at org.eclipse.jetty.util.thread.QueuedThreadPool.access$800(QueuedThreadPool.java:48)&#10;        at org.eclipse.jetty.util.thread.QueuedThreadPool$2.run(QueuedThreadPool.java:626)&#10;        at java.lang.Thread.run(Thread.java:748)&#10;&quot;IPC Server handler 18 on 37656&quot; daemon prio=5 tid=68 timed_waiting&#10;java.lang.Thread.State: TIMED_WAITING&#10;        at sun.misc.Unsafe.park(Native Method)&#10;        at java.util.concurrent.locks.LockSupport.parkNanos(LockSupport.java:215)&#10;        at java.util.concurrent.locks.AbstractQueuedSynchronizer$ConditionObject.awaitNanos(AbstractQueuedSynchronizer.java:2078)&#10;        at java.util.concurrent.LinkedBlockingQueue.poll(LinkedBlockingQueue.java:467)&#10;        at org.apache.hadoop.ipc.CallQueueManager.take(CallQueueManager.java:288)&#10;        at org.apache.hadoop.ipc.Server$Handler.run(Server.java:2668)&#10;&quot;pool-46-thread-24&quot;  prio=5 tid=377 in Object.wait()&#10;java.lang.Thread.State: WAITING (on object monitor)&#10;        at sun.misc.Unsafe.park(Native Method)&#10;        at java.util.concurrent.locks.LockSupport.park(LockSupport.java:175)&#10;        at java.util.concurrent.locks.AbstractQueuedSynchronizer$ConditionObject.await(AbstractQueuedSynchronizer.java:2039)&#10;        at java.util.concurrent.ArrayBlockingQueue.take(ArrayBlockingQueue.java:403)&#10;        at java.util.concurrent.ThreadPoolExecutor.getTask(ThreadPoolExecutor.java:1074)&#10;        at java.util.concurrent.ThreadPoolExecutor.runWorker(ThreadPoolExecutor.java:1134)&#10;        at java.util.concurrent.ThreadPoolExecutor$Worker.run(ThreadPoolExecutor.java:624)&#10;        at java.lang.Thread.run(Thread.java:748)&#10;&quot;EventQueue-NodeRegistrationContainerReportForDataNodeSafeModeRule&quot; daemon prio=5 tid=424 in Object.wait()&#10;java.lang.Thread.State: WAITING (on object monitor)&#10;        at sun.misc.Unsafe.park(Native Method)&#10;        at java.util.concurrent.locks.LockSupport.park(LockSupport.java:175)&#10;        at java.util.concurrent.locks.AbstractQueuedSynchronizer$ConditionObject.await(AbstractQueuedSynchronizer.java:2039)&#10;        at java.util.concurrent.LinkedBlockingQueue.take(LinkedBlockingQueue.java:442)&#10;        at java.util.concurrent.ThreadPoolExecutor.getTask(ThreadPoolExecutor.java:1074)&#10;        at java.util.concurrent.ThreadPoolExecutor.runWorker(ThreadPoolExecutor.java:1134)&#10;        at java.util.concurrent.ThreadPoolExecutor$Worker.run(ThreadPoolExecutor.java:624)&#10;        at java.lang.Thread.run(Thread.java:748)&#10;&quot;grpc-default-executor-3&quot; daemon prio=5 tid=500 timed_waiting&#10;java.lang.Thread.State: TIMED_WAITING&#10;        at sun.misc.Unsafe.park(Native Method)&#10;        at java.util.concurrent.locks.LockSupport.parkNanos(LockSupport.java:215)&#10;        at java.util.concurrent.SynchronousQueue$TransferStack.awaitFulfill(SynchronousQueue.java:460)&#10;        at java.util.concurrent.SynchronousQueue$TransferStack.transfer(SynchronousQueue.java:362)&#10;        at java.util.concurrent.SynchronousQueue.poll(SynchronousQueue.java:941)&#10;        at java.util.concurrent.ThreadPoolExecutor.getTask(ThreadPoolExecutor.java:1073)&#10;        at java.util.concurrent.ThreadPoolExecutor.runWorker(ThreadPoolExecutor.java:1134)&#10;        at java.util.concurrent.ThreadPoolExecutor$Worker.run(ThreadPoolExecutor.java:624)&#10;        at java.lang.Thread.run(Thread.java:748)&#10;&quot;pool-36-thread-4&quot;  prio=5 tid=297 in Object.wait()&#10;java.lang.Thread.State: WAITING (on object monitor)&#10;        at sun.misc.Unsafe.park(Native Method)&#10;        at java.util.concurrent.locks.LockSupport.park(LockSupport.java:175)&#10;        at java.util.concurrent.locks.AbstractQueuedSynchronizer$ConditionObject.await(AbstractQueuedSynchronizer.java:2039)&#10;        at java.util.concurrent.ArrayBlockingQueue.take(ArrayBlockingQueue.java:403)&#10;        at java.util.concurrent.ThreadPoolExecutor.getTask(ThreadPoolExecutor.java:1074)&#10;        at java.util.concurrent.ThreadPoolExecutor.runWorker(ThreadPoolExecutor.java:1134)&#10;        at java.util.concurrent.ThreadPoolExecutor$Worker.run(ThreadPoolExecutor.java:624)&#10;        at java.lang.Thread.run(Thread.java:748)&#10;&quot;process reaper&quot; daemon prio=10 tid=10 timed_waiting&#10;java.lang.Thread.State: TIMED_WAITING&#10;        at sun.misc.Unsafe.park(Native Method)&#10;        at java.util.concurrent.locks.LockSupport.parkNanos(LockSupport.java:215)&#10;        at java.util.concurrent.SynchronousQueue$TransferStack.awaitFulfill(SynchronousQueue.java:460)&#10;        at java.util.concurrent.SynchronousQueue$TransferStack.transfer(SynchronousQueue.java:362)&#10;        at java.util.concurrent.SynchronousQueue.poll(SynchronousQueue.java:941)&#10;        at java.util.concurrent.ThreadPoolExecutor.getTask(ThreadPoolExecutor.java:1073)&#10;        at java.util.concurrent.ThreadPoolExecutor.runWorker(ThreadPoolExecutor.java:1134)&#10;        at java.util.concurrent.ThreadPoolExecutor$Worker.run(ThreadPoolExecutor.java:624)&#10;        at java.lang.Thread.run(Thread.java:748)&#10;&quot;pool-47-thread-1&quot;  prio=5 tid=457 in Object.wait()&#10;java.lang.Thread.State: WAITING (on object monitor)&#10;        at sun.misc.Unsafe.park(Native Method)&#10;        at java.util.concurrent.locks.LockSupport.park(LockSupport.java:175)&#10;        at java.util.concurrent.locks.AbstractQueuedSynchronizer$ConditionObject.await(AbstractQueuedSynchronizer.java:2039)&#10;        at java.util.concurrent.LinkedBlockingQueue.take(LinkedBlockingQueue.java:442)&#10;        at java.util.concurrent.ThreadPoolExecutor.getTask(ThreadPoolExecutor.java:1074)&#10;        at java.util.concurrent.ThreadPoolExecutor.runWorker(ThreadPoolExecutor.java:1134)&#10;        at java.util.concurrent.ThreadPoolExecutor$Worker.run(ThreadPoolExecutor.java:624)&#10;        at java.lang.Thread.run(Thread.java:748)&#10;&quot;Datanode ReportManager Thread - 2&quot; daemon prio=5 tid=228 timed_waiting&#10;java.lang.Thread.State: TIMED_WAITING&#10;        at sun.misc.Unsafe.park(Native Method)&#10;        at java.util.concurrent.locks.LockSupport.parkNanos(LockSupport.java:215)&#10;        at java.util.concurrent.locks.AbstractQueuedSynchronizer$ConditionObject.awaitNanos(AbstractQueuedSynchronizer.java:2078)&#10;        at java.util.concurrent.ScheduledThreadPoolExecutor$DelayedWorkQueue.take(ScheduledThreadPoolExecutor.java:1093)&#10;        at java.util.concurrent.ScheduledThreadPoolExecutor$DelayedWorkQueue.take(ScheduledThreadPoolExecutor.java:809)&#10;        at java.util.concurrent.ThreadPoolExecutor.getTask(ThreadPoolExecutor.java:1074)&#10;        at java.util.concurrent.ThreadPoolExecutor.runWorker(ThreadPoolExecutor.java:1134)&#10;        at java.util.concurrent.ThreadPoolExecutor$Worker.run(ThreadPoolExecutor.java:624)&#10;        at java.lang.Thread.run(Thread.java:748)&#10;&quot;org.eclipse.jetty.server.session.HashSessionManager@37305852Timer&quot; daemon prio=5 tid=146 timed_waiting&#10;java.lang.Thread.State: TIMED_WAITING&#10;        at sun.misc.Unsafe.park(Native Method)&#10;        at java.util.concurrent.locks.LockSupport.parkNanos(LockSupport.java:215)&#10;        at java.util.concurrent.locks.AbstractQueuedSynchronizer$ConditionObject.awaitNanos(AbstractQueuedSynchronizer.java:2078)&#10;        at java.util.concurrent.ScheduledThreadPoolExecutor$DelayedWorkQueue.take(ScheduledThreadPoolExecutor.java:1093)&#10;        at java.util.concurrent.ScheduledThreadPoolExecutor$DelayedWorkQueue.take(ScheduledThreadPoolExecutor.java:809)&#10;        at java.util.concurrent.ThreadPoolExecutor.getTask(ThreadPoolExecutor.java:1074)&#10;        at java.util.concurrent.ThreadPoolExecutor.runWorker(ThreadPoolExecutor.java:1134)&#10;        at java.util.concurrent.ThreadPoolExecutor$Worker.run(ThreadPoolExecutor.java:624)&#10;        at java.lang.Thread.run(Thread.java:748)&#10;&quot;pool-36-thread-38&quot;  prio=5 tid=331 in Object.wait()&#10;java.lang.Thread.State: WAITING (on object monitor)&#10;        at sun.misc.Unsafe.park(Native Method)&#10;        at java.util.concurrent.locks.LockSupport.park(LockSupport.java:175)&#10;        at java.util.concurrent.locks.AbstractQueuedSynchronizer$ConditionObject.await(AbstractQueuedSynchronizer.java:2039)&#10;        at java.util.concurrent.ArrayBlockingQueue.take(ArrayBlockingQueue.java:403)&#10;        at java.util.concurrent.ThreadPoolExecutor.getTask(ThreadPoolExecutor.java:1074)&#10;        at java.util.concurrent.ThreadPoolExecutor.runWorker(ThreadPoolExecutor.java:1134)&#10;        at java.util.concurrent.ThreadPoolExecutor$Worker.run(ThreadPoolExecutor.java:624)&#10;        at java.lang.Thread.run(Thread.java:748)&#10;&quot;pool-46-thread-56&quot;  prio=5 tid=409 in Object.wait()&#10;java.lang.Thread.State: WAITING (on object monitor)&#10;        at sun.misc.Unsafe.park(Native Method)&#10;        at java.util.concurrent.locks.LockSupport.park(LockSupport.java:175)&#10;        at java.util.concurrent.locks.AbstractQueuedSynchronizer$ConditionObject.await(AbstractQueuedSynchronizer.java:2039)&#10;        at java.util.concurrent.ArrayBlockingQueue.take(ArrayBlockingQueue.java:403)&#10;        at java.util.concurrent.ThreadPoolExecutor.getTask(ThreadPoolExecutor.java:1074)&#10;        at java.util.concurrent.ThreadPoolExecutor.runWorker(ThreadPoolExecutor.java:1134)&#10;        at java.util.concurrent.ThreadPoolExecutor$Worker.run(ThreadPoolExecutor.java:624)&#10;        at java.lang.Thread.run(Thread.java:748)&#10;&quot;BlockDeletingService#0&quot; daemon prio=5 tid=417 timed_waiting&#10;java.lang.Thread.State: TIMED_WAITING&#10;        at sun.misc.Unsafe.park(Native Method)&#10;        at java.util.concurrent.locks.LockSupport.parkNanos(LockSupport.java:215)&#10;        at java.util.concurrent.locks.AbstractQueuedSynchronizer$ConditionObject.awaitNanos(AbstractQueuedSynchronizer.java:2078)&#10;        at java.util.concurrent.ScheduledThreadPoolExecutor$DelayedWorkQueue.take(ScheduledThreadPoolExecutor.java:1093)&#10;        at java.util.concurrent.ScheduledThreadPoolExecutor$DelayedWorkQueue.take(ScheduledThreadPoolExecutor.java:809)&#10;        at java.util.concurrent.ThreadPoolExecutor.getTask(ThreadPoolExecutor.java:1074)&#10;        at java.util.concurrent.ThreadPoolExecutor.runWorker(ThreadPoolExecutor.java:1134)&#10;        at java.util.concurrent.ThreadPoolExecutor$Worker.run(ThreadPoolExecutor.java:624)&#10;        at java.lang.Thread.run(Thread.java:748)&#10;&quot;IPC Server handler 18 on 39656&quot; daemon prio=5 tid=88 timed_waiting&#10;java.lang.Thread.State: TIMED_WAITING&#10;        at sun.misc.Unsafe.park(Native Method)&#10;        at java.util.concurrent.locks.LockSupport.parkNanos(LockSupport.java:215)&#10;        at java.util.concurrent.locks.AbstractQueuedSynchronizer$ConditionObject.awaitNanos(AbstractQueuedSynchronizer.java:2078)&#10;        at java.util.concurrent.LinkedBlockingQueue.poll(LinkedBlockingQueue.java:467)&#10;        at org.apache.hadoop.ipc.CallQueueManager.take(CallQueueManager.java:288)&#10;        at org.apache.hadoop.ipc.Server$Handler.run(Server.java:2668)&#10;&quot;Datanode ReportManager Thread - 2&quot; daemon prio=5 tid=174 in Object.wait()&#10;java.lang.Thread.State: WAITING (on object monitor)&#10;        at sun.misc.Unsafe.park(Native Method)&#10;        at java.util.concurrent.locks.LockSupport.park(LockSupport.java:175)&#10;        at java.util.concurrent.locks.AbstractQueuedSynchronizer$ConditionObject.await(AbstractQueuedSynchronizer.java:2039)&#10;        at java.util.concurrent.ScheduledThreadPoolExecutor$DelayedWorkQueue.take(ScheduledThreadPoolExecutor.java:1088)&#10;        at java.util.concurrent.ScheduledThreadPoolExecutor$DelayedWorkQueue.take(ScheduledThreadPoolExecutor.java:809)&#10;        at java.util.concurrent.ThreadPoolExecutor.getTask(ThreadPoolExecutor.java:1074)&#10;        at java.util.concurrent.ThreadPoolExecutor.runWorker(ThreadPoolExecutor.java:1134)&#10;        at java.util.concurrent.ThreadPoolExecutor$Worker.run(ThreadPoolExecutor.java:624)&#10;        at java.lang.Thread.run(Thread.java:748)&#10;&quot;IPC Server handler 4 on 39615&quot; daemon prio=5 tid=34 timed_waiting&#10;java.lang.Thread.State: TIMED_WAITING&#10;        at sun.misc.Unsafe.park(Native Method)&#10;        at java.util.concurrent.locks.LockSupport.parkNanos(LockSupport.java:215)&#10;        at java.util.concurrent.locks.AbstractQueuedSynchronizer$ConditionObject.awaitNanos(AbstractQueuedSynchronizer.java:2078)&#10;        at java.util.concurrent.LinkedBlockingQueue.poll(LinkedBlockingQueue.java:467)&#10;        at org.apache.hadoop.ipc.CallQueueManager.take(CallQueueManager.java:288)&#10;        at org.apache.hadoop.ipc.Server$Handler.run(Server.java:2668)&#10;&quot;pool-46-thread-35&quot;  prio=5 tid=388 in Object.wait()&#10;java.lang.Thread.State: WAITING (on object monitor)&#10;        at sun.misc.Unsafe.park(Native Method)&#10;        at java.util.concurrent.locks.LockSupport.park(LockSupport.java:175)&#10;        at java.util.concurrent.locks.AbstractQueuedSynchronizer$ConditionObject.await(AbstractQueuedSynchronizer.java:2039)&#10;        at java.util.concurrent.ArrayBlockingQueue.take(ArrayBlockingQueue.java:403)&#10;        at java.util.concurrent.ThreadPoolExecutor.getTask(ThreadPoolExecutor.java:1074)&#10;        at java.util.concurrent.ThreadPoolExecutor.runWorker(ThreadPoolExecutor.java:1134)&#10;        at java.util.concurrent.ThreadPoolExecutor$Worker.run(ThreadPoolExecutor.java:624)&#10;        at java.lang.Thread.run(Thread.java:748)&#10;&quot;pool-26-thread-2&quot;  prio=5 tid=235 in Object.wait()&#10;java.lang.Thread.State: WAITING (on object monitor)&#10;        at sun.misc.Unsafe.park(Native Method)&#10;        at java.util.concurrent.locks.LockSupport.park(LockSupport.java:175)&#10;        at java.util.concurrent.locks.AbstractQueuedSynchronizer$ConditionObject.await(AbstractQueuedSynchronizer.java:2039)&#10;        at java.util.concurrent.ArrayBlockingQueue.take(ArrayBlockingQueue.java:403)&#10;        at java.util.concurrent.ThreadPoolExecutor.getTask(ThreadPoolExecutor.java:1074)&#10;        at java.util.concurrent.ThreadPoolExecutor.runWorker(ThreadPoolExecutor.java:1134)&#10;        at java.util.concurrent.ThreadPoolExecutor$Worker.run(ThreadPoolExecutor.java:624)&#10;        at java.lang.Thread.run(Thread.java:748)&#10;&quot;IPC Server handler 0 on 39656&quot; daemon prio=5 tid=70 timed_waiting&#10;java.lang.Thread.State: TIMED_WAITING&#10;        at sun.misc.Unsafe.park(Native Method)&#10;        at java.util.concurrent.locks.LockSupport.parkNanos(LockSupport.java:215)&#10;        at java.util.concurrent.locks.AbstractQueuedSynchronizer$ConditionObject.awaitNanos(AbstractQueuedSynchronizer.java:2078)&#10;        at java.util.concurrent.LinkedBlockingQueue.poll(LinkedBlockingQueue.java:467)&#10;        at org.apache.hadoop.ipc.CallQueueManager.take(CallQueueManager.java:288)&#10;        at org.apache.hadoop.ipc.Server$Handler.run(Server.java:2668)&#10;&quot;pool-46-thread-38&quot;  prio=5 tid=391 in Object.wait()&#10;java.lang.Thread.State: WAITING (on object monitor)&#10;        at sun.misc.Unsafe.park(Native Method)&#10;        at java.util.concurrent.locks.LockSupport.park(LockSupport.java:175)&#10;        at java.util.concurrent.locks.AbstractQueuedSynchronizer$ConditionObject.await(AbstractQueuedSynchronizer.java:2039)&#10;        at java.util.concurrent.ArrayBlockingQueue.take(ArrayBlockingQueue.java:403)&#10;        at java.util.concurrent.ThreadPoolExecutor.getTask(ThreadPoolExecutor.java:1074)&#10;        at java.util.concurrent.ThreadPoolExecutor.runWorker(ThreadPoolExecutor.java:1134)&#10;        at java.util.concurrent.ThreadPoolExecutor$Worker.run(ThreadPoolExecutor.java:624)&#10;        at java.lang.Thread.run(Thread.java:748)&#10;&quot;org.eclipse.jetty.server.session.HashSessionManager@7cac9f22Timer&quot; daemon prio=5 tid=169 timed_waiting&#10;java.lang.Thread.State: TIMED_WAITING&#10;        at sun.misc.Unsafe.park(Native Method)&#10;        at java.util.concurrent.locks.LockSupport.parkNanos(LockSupport.java:215)&#10;        at java.util.concurrent.locks.AbstractQueuedSynchronizer$ConditionObject.awaitNanos(AbstractQueuedSynchronizer.java:2078)&#10;        at java.util.concurrent.ScheduledThreadPoolExecutor$DelayedWorkQueue.take(ScheduledThreadPoolExecutor.java:1093)&#10;        at java.util.concurrent.ScheduledThreadPoolExecutor$DelayedWorkQueue.take(ScheduledThreadPoolExecutor.java:809)&#10;        at java.util.concurrent.ThreadPoolExecutor.getTask(ThreadPoolExecutor.java:1074)&#10;        at java.util.concurrent.ThreadPoolExecutor.runWorker(ThreadPoolExecutor.java:1134)&#10;        at java.util.concurrent.ThreadPoolExecutor$Worker.run(ThreadPoolExecutor.java:624)&#10;        at java.lang.Thread.run(Thread.java:748)&#10;&quot;IPC Server handler 2 on 39615&quot; daemon prio=5 tid=32 timed_waiting&#10;java.lang.Thread.State: TIMED_WAITING&#10;        at sun.misc.Unsafe.park(Native Method)&#10;        at java.util.concurrent.locks.LockSupport.parkNanos(LockSupport.java:215)&#10;        at java.util.concurrent.locks.AbstractQueuedSynchronizer$ConditionObject.awaitNanos(AbstractQueuedSynchronizer.java:2078)&#10;        at java.util.concurrent.LinkedBlockingQueue.poll(LinkedBlockingQueue.java:467)&#10;        at org.apache.hadoop.ipc.CallQueueManager.take(CallQueueManager.java:288)&#10;        at org.apache.hadoop.ipc.Server$Handler.run(Server.java:2668)&#10;&quot;pool-26-thread-57&quot;  prio=5 tid=290 in Object.wait()&#10;java.lang.Thread.State: WAITING (on object monitor)&#10;        at sun.misc.Unsafe.park(Native Method)&#10;        at java.util.concurrent.locks.LockSupport.park(LockSupport.java:175)&#10;        at java.util.concurrent.locks.AbstractQueuedSynchronizer$ConditionObject.await(AbstractQueuedSynchronizer.java:2039)&#10;        at java.util.concurrent.ArrayBlockingQueue.take(ArrayBlockingQueue.java:403)&#10;        at java.util.concurrent.ThreadPoolExecutor.getTask(ThreadPoolExecutor.java:1074)&#10;        at java.util.concurrent.ThreadPoolExecutor.runWorker(ThreadPoolExecutor.java:1134)&#10;        at java.util.concurrent.ThreadPoolExecutor$Worker.run(ThreadPoolExecutor.java:624)&#10;        at java.lang.Thread.run(Thread.java:748)&#10;&quot;qtp1911719100-94&quot; daemon prio=5 tid=94 timed_waiting&#10;java.lang.Thread.State: TIMED_WAITING&#10;        at sun.misc.Unsafe.park(Native Method)&#10;        at java.util.concurrent.locks.LockSupport.parkNanos(LockSupport.java:215)&#10;        at java.util.concurrent.locks.AbstractQueuedSynchronizer$ConditionObject.awaitNanos(AbstractQueuedSynchronizer.java:2078)&#10;        at org.eclipse.jetty.util.BlockingArrayQueue.poll(BlockingArrayQueue.java:392)&#10;        at org.eclipse.jetty.util.thread.QueuedThreadPool.idleJobPoll(QueuedThreadPool.java:563)&#10;        at org.eclipse.jetty.util.thread.QueuedThreadPool.access$800(QueuedThreadPool.java:48)&#10;        at org.eclipse.jetty.util.thread.QueuedThreadPool$2.run(QueuedThreadPool.java:626)&#10;        at java.lang.Thread.run(Thread.java:748)&#10;&quot;pool-46-thread-21&quot;  prio=5 tid=374 in Object.wait()&#10;java.lang.Thread.State: WAITING (on object monitor)&#10;        at sun.misc.Unsafe.park(Native Method)&#10;        at java.util.concurrent.locks.LockSupport.park(LockSupport.java:175)&#10;        at java.util.concurrent.locks.AbstractQueuedSynchronizer$ConditionObject.await(AbstractQueuedSynchronizer.java:2039)&#10;        at java.util.concurrent.ArrayBlockingQueue.take(ArrayBlockingQueue.java:403)&#10;        at java.util.concurrent.ThreadPoolExecutor.getTask(ThreadPoolExecutor.java:1074)&#10;        at java.util.concurrent.ThreadPoolExecutor.runWorker(ThreadPoolExecutor.java:1134)&#10;        at java.util.concurrent.ThreadPoolExecutor$Worker.run(ThreadPoolExecutor.java:624)&#10;        at java.lang.Thread.run(Thread.java:748)&#10;&quot;pool-36-thread-52&quot;  prio=5 tid=345 in Object.wait()&#10;java.lang.Thread.State: WAITING (on object monitor)&#10;        at sun.misc.Unsafe.park(Native Method)&#10;        at java.util.concurrent.locks.LockSupport.park(LockSupport.java:175)&#10;        at java.util.concurrent.locks.AbstractQueuedSynchronizer$ConditionObject.await(AbstractQueuedSynchronizer.java:2039)&#10;        at java.util.concurrent.ArrayBlockingQueue.take(ArrayBlockingQueue.java:403)&#10;        at java.util.concurrent.ThreadPoolExecutor.getTask(ThreadPoolExecutor.java:1074)&#10;        at java.util.concurrent.ThreadPoolExecutor.runWorker(ThreadPoolExecutor.java:1134)&#10;        at java.util.concurrent.ThreadPoolExecutor$Worker.run(ThreadPoolExecutor.java:624)&#10;        at java.lang.Thread.run(Thread.java:748)&#10;&quot;pool-26-thread-18&quot;  prio=5 tid=251 in Object.wait()&#10;java.lang.Thread.State: WAITING (on object monitor)&#10;        at sun.misc.Unsafe.park(Native Method)&#10;        at java.util.concurrent.locks.LockSupport.park(LockSupport.java:175)&#10;        at java.util.concurrent.locks.AbstractQueuedSynchronizer$ConditionObject.await(AbstractQueuedSynchronizer.java:2039)&#10;        at java.util.concurrent.ArrayBlockingQueue.take(ArrayBlockingQueue.java:403)&#10;        at java.util.concurrent.ThreadPoolExecutor.getTask(ThreadPoolExecutor.java:1074)&#10;        at java.util.concurrent.ThreadPoolExecutor.runWorker(ThreadPoolExecutor.java:1134)&#10;        at java.util.concurrent.ThreadPoolExecutor$Worker.run(ThreadPoolExecutor.java:624)&#10;        at java.lang.Thread.run(Thread.java:748)&#10;&quot;IPC Server handler 13 on 39615&quot; daemon prio=5 tid=43 timed_waiting&#10;java.lang.Thread.State: TIMED_WAITING&#10;        at sun.misc.Unsafe.park(Native Method)&#10;        at java.util.concurrent.locks.LockSupport.parkNanos(LockSupport.java:215)&#10;        at java.util.concurrent.locks.AbstractQueuedSynchronizer$ConditionObject.awaitNanos(AbstractQueuedSynchronizer.java:2078)&#10;        at java.util.concurrent.LinkedBlockingQueue.poll(LinkedBlockingQueue.java:467)&#10;        at org.apache.hadoop.ipc.CallQueueManager.take(CallQueueManager.java:288)&#10;        at org.apache.hadoop.ipc.Server$Handler.run(Server.java:2668)&#10;&quot;pool-44-thread-1&quot; daemon prio=5 tid=211 timed_waiting&#10;java.lang.Thread.State: TIMED_WAITING&#10;        at sun.misc.Unsafe.park(Native Method)&#10;        at java.util.concurrent.locks.LockSupport.parkNanos(LockSupport.java:215)&#10;        at java.util.concurrent.locks.AbstractQueuedSynchronizer$ConditionObject.awaitNanos(AbstractQueuedSynchronizer.java:2078)&#10;        at java.util.concurrent.ScheduledThreadPoolExecutor$DelayedWorkQueue.take(ScheduledThreadPoolExecutor.java:1093)&#10;        at java.util.concurrent.ScheduledThreadPoolExecutor$DelayedWorkQueue.take(ScheduledThreadPoolExecutor.java:809)&#10;        at java.util.concurrent.ThreadPoolExecutor.getTask(ThreadPoolExecutor.java:1074)&#10;        at java.util.concurrent.ThreadPoolExecutor.runWorker(ThreadPoolExecutor.java:1134)&#10;        at java.util.concurrent.ThreadPoolExecutor$Worker.run(ThreadPoolExecutor.java:624)&#10;        at java.lang.Thread.run(Thread.java:748)&#10;&quot;pool-26-thread-39&quot;  prio=5 tid=272 in Object.wait()&#10;java.lang.Thread.State: WAITING (on object monitor)&#10;        at sun.misc.Unsafe.park(Native Method)&#10;        at java.util.concurrent.locks.LockSupport.park(LockSupport.java:175)&#10;        at java.util.concurrent.locks.AbstractQueuedSynchronizer$ConditionObject.await(AbstractQueuedSynchronizer.java:2039)&#10;        at java.util.concurrent.ArrayBlockingQueue.take(ArrayBlockingQueue.java:403)&#10;        at java.util.concurrent.ThreadPoolExecutor.getTask(ThreadPoolExecutor.java:1074)&#10;        at java.util.concurrent.ThreadPoolExecutor.runWorker(ThreadPoolExecutor.java:1134)&#10;        at java.util.concurrent.ThreadPoolExecutor$Worker.run(ThreadPoolExecutor.java:624)&#10;        at java.lang.Thread.run(Thread.java:748)&#10;&quot;Signal Dispatcher&quot; daemon prio=9 tid=4 runnable&#10;java.lang.Thread.State: RUNNABLE&#10;&quot;IPC Server handler 16 on 39656&quot; daemon prio=5 tid=86 timed_waiting&#10;java.lang.Thread.State: TIMED_WAITING&#10;        at sun.misc.Unsafe.park(Native Method)&#10;        at java.util.concurrent.locks.LockSupport.parkNanos(LockSupport.java:215)&#10;        at java.util.concurrent.locks.AbstractQueuedSynchronizer$ConditionObject.awaitNanos(AbstractQueuedSynchronizer.java:2078)&#10;        at java.util.concurrent.LinkedBlockingQueue.poll(LinkedBlockingQueue.java:467)&#10;        at org.apache.hadoop.ipc.CallQueueManager.take(CallQueueManager.java:288)&#10;        at org.apache.hadoop.ipc.Server$Handler.run(Server.java:2668)&#10;&quot;pool-26-thread-40&quot;  prio=5 tid=273 in Object.wait()&#10;java.lang.Thread.State: WAITING (on object monitor)&#10;        at sun.misc.Unsafe.park(Native Method)&#10;        at java.util.concurrent.locks.LockSupport.park(LockSupport.java:175)&#10;        at java.util.concurrent.locks.AbstractQueuedSynchronizer$ConditionObject.await(AbstractQueuedSynchronizer.java:2039)&#10;        at java.util.concurrent.ArrayBlockingQueue.take(ArrayBlockingQueue.java:403)&#10;        at java.util.concurrent.ThreadPoolExecutor.getTask(ThreadPoolExecutor.java:1074)&#10;        at java.util.concurrent.ThreadPoolExecutor.runWorker(ThreadPoolExecutor.java:1134)&#10;        at java.util.concurrent.ThreadPoolExecutor$Worker.run(ThreadPoolExecutor.java:624)&#10;        at java.lang.Thread.run(Thread.java:748)&#10;&quot;org.eclipse.jetty.server.session.HashSessionManager@560088ffTimer&quot; daemon prio=5 tid=170 timed_waiting&#10;java.lang.Thread.State: TIMED_WAITING&#10;        at sun.misc.Unsafe.park(Native Method)&#10;        at java.util.concurrent.locks.LockSupport.parkNanos(LockSupport.java:215)&#10;        at java.util.concurrent.locks.AbstractQueuedSynchronizer$ConditionObject.awaitNanos(AbstractQueuedSynchronizer.java:2078)&#10;        at java.util.concurrent.ScheduledThreadPoolExecutor$DelayedWorkQueue.take(ScheduledThreadPoolExecutor.java:1093)&#10;        at java.util.concurrent.ScheduledThreadPoolExecutor$DelayedWorkQueue.take(ScheduledThreadPoolExecutor.java:809)&#10;        at java.util.concurrent.ThreadPoolExecutor.getTask(ThreadPoolExecutor.java:1074)&#10;        at java.util.concurrent.ThreadPoolExecutor.runWorker(ThreadPoolExecutor.java:1134)&#10;        at java.util.concurrent.ThreadPoolExecutor$Worker.run(ThreadPoolExecutor.java:624)&#10;        at java.lang.Thread.run(Thread.java:748)&#10;&quot;java.util.concurrent.ThreadPoolExecutor$Worker@60d22f6f[State = -1, empty queue]&quot; daemon prio=5 tid=648 timed_waiting&#10;java.lang.Thread.State: TIMED_WAITING&#10;        at sun.misc.Unsafe.park(Native Method)&#10;        at java.util.concurrent.locks.LockSupport.parkNanos(LockSupport.java:215)&#10;        at java.util.concurrent.locks.AbstractQueuedSynchronizer$ConditionObject.awaitNanos(AbstractQueuedSynchronizer.java:2078)&#10;        at java.util.concurrent.ScheduledThreadPoolExecutor$DelayedWorkQueue.take(ScheduledThreadPoolExecutor.java:1093)&#10;        at java.util.concurrent.ScheduledThreadPoolExecutor$DelayedWorkQueue.take(ScheduledThreadPoolExecutor.java:809)&#10;        at java.util.concurrent.ThreadPoolExecutor.getTask(ThreadPoolExecutor.java:1074)&#10;        at java.util.concurrent.ThreadPoolExecutor.runWorker(ThreadPoolExecutor.java:1134)&#10;        at java.util.concurrent.ThreadPoolExecutor$Worker.run(ThreadPoolExecutor.java:624)&#10;        at java.lang.Thread.run(Thread.java:748)&#10;&quot;qtp1911719100-95&quot; daemon prio=5 tid=95 timed_waiting&#10;java.lang.Thread.State: TIMED_WAITING&#10;        at sun.misc.Unsafe.park(Native Method)&#10;        at java.util.concurrent.locks.LockSupport.parkNanos(LockSupport.java:215)&#10;        at java.util.concurrent.locks.AbstractQueuedSynchronizer$ConditionObject.awaitNanos(AbstractQueuedSynchronizer.java:2078)&#10;        at org.eclipse.jetty.util.BlockingArrayQueue.poll(BlockingArrayQueue.java:392)&#10;        at org.eclipse.jetty.util.thread.QueuedThreadPool.idleJobPoll(QueuedThreadPool.java:563)&#10;        at org.eclipse.jetty.util.thread.QueuedThreadPool.access$800(QueuedThreadPool.java:48)&#10;        at org.eclipse.jetty.util.thread.QueuedThreadPool$2.run(QueuedThreadPool.java:626)&#10;        at java.lang.Thread.run(Thread.java:748)&#10;&quot;metrics-hadoop-metrics2-reporter-8-thread-1&quot; daemon prio=5 tid=453 timed_waiting&#10;java.lang.Thread.State: TIMED_WAITING&#10;        at sun.misc.Unsafe.park(Native Method)&#10;        at java.util.concurrent.locks.LockSupport.parkNanos(LockSupport.java:215)&#10;        at java.util.concurrent.locks.AbstractQueuedSynchronizer$ConditionObject.awaitNanos(AbstractQueuedSynchronizer.java:2078)&#10;        at java.util.concurrent.ScheduledThreadPoolExecutor$DelayedWorkQueue.take(ScheduledThreadPoolExecutor.java:1093)&#10;        at java.util.concurrent.ScheduledThreadPoolExecutor$DelayedWorkQueue.take(ScheduledThreadPoolExecutor.java:809)&#10;        at java.util.concurrent.ThreadPoolExecutor.getTask(ThreadPoolExecutor.java:1074)&#10;        at java.util.concurrent.ThreadPoolExecutor.runWorker(ThreadPoolExecutor.java:1134)&#10;        at java.util.concurrent.ThreadPoolExecutor$Worker.run(ThreadPoolExecutor.java:624)&#10;        at java.lang.Thread.run(Thread.java:748)&#10;&quot;grpc-default-worker-ELG-3-1&quot; daemon prio=5 tid=430 runnable&#10;java.lang.Thread.State: RUNNABLE&#10;        at sun.nio.ch.EPollArrayWrapper.epollWait(Native Method)&#10;        at sun.nio.ch.EPollArrayWrapper.poll(EPollArrayWrapper.java:269)&#10;        at sun.nio.ch.EPollSelectorImpl.doSelect(EPollSelectorImpl.java:93)&#10;        at sun.nio.ch.SelectorImpl.lockAndDoSelect(SelectorImpl.java:86)&#10;        at sun.nio.ch.SelectorImpl.select(SelectorImpl.java:97)&#10;        at org.apache.ratis.thirdparty.io.netty.channel.nio.SelectedSelectionKeySetSelector.select(SelectedSelectionKeySetSelector.java:62)&#10;        at org.apache.ratis.thirdparty.io.netty.channel.nio.NioEventLoop.select(NioEventLoop.java:753)&#10;        at org.apache.ratis.thirdparty.io.netty.channel.nio.NioEventLoop.run(NioEventLoop.java:408)&#10;        at org.apache.ratis.thirdparty.io.netty.util.concurrent.SingleThreadEventExecutor$5.run(SingleThreadEventExecutor.java:897)&#10;        at org.apache.ratis.thirdparty.io.netty.util.concurrent.FastThreadLocalRunnable.run(FastThreadLocalRunnable.java:30)&#10;        at java.lang.Thread.run(Thread.java:748)&#10;&quot;pool-36-thread-31&quot;  prio=5 tid=324 in Object.wait()&#10;java.lang.Thread.State: WAITING (on object monitor)&#10;        at sun.misc.Unsafe.park(Native Method)&#10;        at java.util.concurrent.locks.LockSupport.park(LockSupport.java:175)&#10;        at java.util.concurrent.locks.AbstractQueuedSynchronizer$ConditionObject.await(AbstractQueuedSynchronizer.java:2039)&#10;        at java.util.concurrent.ArrayBlockingQueue.take(ArrayBlockingQueue.java:403)&#10;        at java.util.concurrent.ThreadPoolExecutor.getTask(ThreadPoolExecutor.java:1074)&#10;        at java.util.concurrent.ThreadPoolExecutor.runWorker(ThreadPoolExecutor.java:1134)&#10;        at java.util.concurrent.ThreadPoolExecutor$Worker.run(ThreadPoolExecutor.java:624)&#10;        at java.lang.Thread.run(Thread.java:748)&#10;&quot;qtp312968017-188-acceptor-0@6c8afbd3-ServerConnector@1f9f3599{HTTP/1.1,[http/1.1]}{0.0.0.0:35501}&quot; daemon prio=3 tid=188 runnable&#10;java.lang.Thread.State: RUNNABLE&#10;        at sun.nio.ch.ServerSocketChannelImpl.accept0(Native Method)&#10;        at sun.nio.ch.ServerSocketChannelImpl.accept(ServerSocketChannelImpl.java:422)&#10;        at sun.nio.ch.ServerSocketChannelImpl.accept(ServerSocketChannelImpl.java:250)&#10;        at org.eclipse.jetty.server.ServerConnector.accept(ServerConnector.java:397)&#10;        at org.eclipse.jetty.server.AbstractConnector$Acceptor.run(AbstractConnector.java:601)&#10;        at org.eclipse.jetty.util.thread.QueuedThreadPool.runJob(QueuedThreadPool.java:671)&#10;        at org.eclipse.jetty.util.thread.QueuedThreadPool$2.run(QueuedThreadPool.java:589)&#10;        at java.lang.Thread.run(Thread.java:748)&#10;&quot;a32408a4-f19d-4bad-97c5-ba33ae94fc9a@group-5A78A96270F8-StateMachineUpdater&quot; daemon prio=5 tid=451 in Object.wait()&#10;java.lang.Thread.State: WAITING (on object monitor)&#10;        at java.lang.Object.wait(Native Method)&#10;        at java.lang.Object.wait(Object.java:502)&#10;        at org.apache.ratis.server.impl.StateMachineUpdater.waitForCommit(StateMachineUpdater.java:194)&#10;        at org.apache.ratis.server.impl.StateMachineUpdater.run(StateMachineUpdater.java:159)&#10;        at java.lang.Thread.run(Thread.java:748)&#10;&quot;pool-46-thread-50&quot;  prio=5 tid=403 in Object.wait()&#10;java.lang.Thread.State: WAITING (on object monitor)&#10;        at sun.misc.Unsafe.park(Native Method)&#10;        at java.util.concurrent.locks.LockSupport.park(LockSupport.java:175)&#10;        at java.util.concurrent.locks.AbstractQueuedSynchronizer$ConditionObject.await(AbstractQueuedSynchronizer.java:2039)&#10;        at java.util.concurrent.ArrayBlockingQueue.take(ArrayBlockingQueue.java:403)&#10;        at java.util.concurrent.ThreadPoolExecutor.getTask(ThreadPoolExecutor.java:1074)&#10;        at java.util.concurrent.ThreadPoolExecutor.runWorker(ThreadPoolExecutor.java:1134)&#10;        at java.util.concurrent.ThreadPoolExecutor$Worker.run(ThreadPoolExecutor.java:624)&#10;        at java.lang.Thread.run(Thread.java:748)&#10;&quot;IPC Client (16473961) connection to /0.0.0.0:39656 from jenkins1000&quot; daemon prio=5 tid=233 timed_waiting&#10;java.lang.Thread.State: TIMED_WAITING&#10;        at java.lang.Object.wait(Native Method)&#10;        at org.apache.hadoop.ipc.Client$Connection.waitForWork(Client.java:1024)&#10;        at org.apache.hadoop.ipc.Client$Connection.run(Client.java:1068)&#10;&quot;IPC Server handler 14 on 37656&quot; daemon prio=5 tid=64 timed_waiting&#10;java.lang.Thread.State: TIMED_WAITING&#10;        at sun.misc.Unsafe.park(Native Method)&#10;        at java.util.concurrent.locks.LockSupport.parkNanos(LockSupport.java:215)&#10;        at java.util.concurrent.locks.AbstractQueuedSynchronizer$ConditionObject.awaitNanos(AbstractQueuedSynchronizer.java:2078)&#10;        at java.util.concurrent.LinkedBlockingQueue.poll(LinkedBlockingQueue.java:467)&#10;        at org.apache.hadoop.ipc.CallQueueManager.take(CallQueueManager.java:288)&#10;        at org.apache.hadoop.ipc.Server$Handler.run(Server.java:2668)&#10;&quot;CommandWatcher-LeaseManager#LeaseMonitor&quot; daemon prio=5 tid=29 timed_waiting&#10;java.lang.Thread.State: TIMED_WAITING&#10;        at java.lang.Thread.sleep(Native Method)&#10;        at org.apache.hadoop.ozone.lease.LeaseManager$LeaseMonitor.run(LeaseManager.java:234)&#10;        at java.lang.Thread.run(Thread.java:748)&#10;&quot;pool-46-thread-36&quot;  prio=5 tid=389 in Object.wait()&#10;java.lang.Thread.State: WAITING (on object monitor)&#10;        at sun.misc.Unsafe.park(Native Method)&#10;        at java.util.concurrent.locks.LockSupport.park(LockSupport.java:175)&#10;        at java.util.concurrent.locks.AbstractQueuedSynchronizer$ConditionObject.await(AbstractQueuedSynchronizer.java:2039)&#10;        at java.util.concurrent.ArrayBlockingQueue.take(ArrayBlockingQueue.java:403)&#10;        at java.util.concurrent.ThreadPoolExecutor.getTask(ThreadPoolExecutor.java:1074)&#10;        at java.util.concurrent.ThreadPoolExecutor.runWorker(ThreadPoolExecutor.java:1134)&#10;        at java.util.concurrent.ThreadPoolExecutor$Worker.run(ThreadPoolExecutor.java:624)&#10;        at java.lang.Thread.run(Thread.java:748)&#10;&quot;org.eclipse.jetty.server.session.HashSessionManager@3d5e6aadTimer&quot; daemon prio=5 tid=168 timed_waiting&#10;java.lang.Thread.State: TIMED_WAITING&#10;        at sun.misc.Unsafe.park(Native Method)&#10;        at java.util.concurrent.locks.LockSupport.parkNanos(LockSupport.java:215)&#10;        at java.util.concurrent.locks.AbstractQueuedSynchronizer$ConditionObject.awaitNanos(AbstractQueuedSynchronizer.java:2078)&#10;        at java.util.concurrent.ScheduledThreadPoolExecutor$DelayedWorkQueue.take(ScheduledThreadPoolExecutor.java:1093)&#10;        at java.util.concurrent.ScheduledThreadPoolExecutor$DelayedWorkQueue.take(ScheduledThreadPoolExecutor.java:809)&#10;        at java.util.concurrent.ThreadPoolExecutor.getTask(ThreadPoolExecutor.java:1074)&#10;        at java.util.concurrent.ThreadPoolExecutor.runWorker(ThreadPoolExecutor.java:1134)&#10;        at java.util.concurrent.ThreadPoolExecutor$Worker.run(ThreadPoolExecutor.java:624)&#10;        at java.lang.Thread.run(Thread.java:748)&#10;&quot;pool-36-thread-32&quot;  prio=5 tid=325 in Object.wait()&#10;java.lang.Thread.State: WAITING (on object monitor)&#10;        at sun.misc.Unsafe.park(Native Method)&#10;        at java.util.concurrent.locks.LockSupport.park(LockSupport.java:175)&#10;        at java.util.concurrent.locks.AbstractQueuedSynchronizer$ConditionObject.await(AbstractQueuedSynchronizer.java:2039)&#10;        at java.util.concurrent.ArrayBlockingQueue.take(ArrayBlockingQueue.java:403)&#10;        at java.util.concurrent.ThreadPoolExecutor.getTask(ThreadPoolExecutor.java:1074)&#10;        at java.util.concurrent.ThreadPoolExecutor.runWorker(ThreadPoolExecutor.java:1134)&#10;        at java.util.concurrent.ThreadPoolExecutor$Worker.run(ThreadPoolExecutor.java:624)&#10;        at java.lang.Thread.run(Thread.java:748)&#10;&quot;metrics-hadoop-metrics2-reporter-24-thread-1&quot; daemon prio=5 tid=512 timed_waiting&#10;java.lang.Thread.State: TIMED_WAITING&#10;        at sun.misc.Unsafe.park(Native Method)&#10;        at java.util.concurrent.locks.LockSupport.parkNanos(LockSupport.java:215)&#10;        at java.util.concurrent.locks.AbstractQueuedSynchronizer$ConditionObject.awaitNanos(AbstractQueuedSynchronizer.java:2078)&#10;        at java.util.concurrent.ScheduledThreadPoolExecutor$DelayedWorkQueue.take(ScheduledThreadPoolExecutor.java:1093)&#10;        at java.util.concurrent.ScheduledThreadPoolExecutor$DelayedWorkQueue.take(ScheduledThreadPoolExecutor.java:809)&#10;        at java.util.concurrent.ThreadPoolExecutor.getTask(ThreadPoolExecutor.java:1074)&#10;        at java.util.concurrent.ThreadPoolExecutor.runWorker(ThreadPoolExecutor.java:1134)&#10;        at java.util.concurrent.ThreadPoolExecutor$Worker.run(ThreadPoolExecutor.java:624)&#10;        at java.lang.Thread.run(Thread.java:748)&#10;&quot;metrics-hadoop-metrics2-reporter-32-thread-1&quot; daemon prio=5 tid=630 timed_waiting&#10;java.lang.Thread.State: TIMED_WAITING&#10;        at sun.misc.Unsafe.park(Native Method)&#10;        at java.util.concurrent.locks.LockSupport.parkNanos(LockSupport.java:215)&#10;        at java.util.concurrent.locks.AbstractQueuedSynchronizer$ConditionObject.awaitNanos(AbstractQueuedSynchronizer.java:2078)&#10;        at java.util.concurrent.ScheduledThreadPoolExecutor$DelayedWorkQueue.take(ScheduledThreadPoolExecutor.java:1093)&#10;        at java.util.concurrent.ScheduledThreadPoolExecutor$DelayedWorkQueue.take(ScheduledThreadPoolExecutor.java:809)&#10;        at java.util.concurrent.ThreadPoolExecutor.getTask(ThreadPoolExecutor.java:1074)&#10;        at java.util.concurrent.ThreadPoolExecutor.runWorker(ThreadPoolExecutor.java:1134)&#10;        at java.util.concurrent.ThreadPoolExecutor$Worker.run(ThreadPoolExecutor.java:624)&#10;        at java.lang.Thread.run(Thread.java:748)&#10;&quot;pool-46-thread-44&quot;  prio=5 tid=397 in Object.wait()&#10;java.lang.Thread.State: WAITING (on object monitor)&#10;        at sun.misc.Unsafe.park(Native Method)&#10;        at java.util.concurrent.locks.LockSupport.park(LockSupport.java:175)&#10;        at java.util.concurrent.locks.AbstractQueuedSynchronizer$ConditionObject.await(AbstractQueuedSynchronizer.java:2039)&#10;        at java.util.concurrent.ArrayBlockingQueue.take(ArrayBlockingQueue.java:403)&#10;        at java.util.concurrent.ThreadPoolExecutor.getTask(ThreadPoolExecutor.java:1074)&#10;        at java.util.concurrent.ThreadPoolExecutor.runWorker(ThreadPoolExecutor.java:1134)&#10;        at java.util.concurrent.ThreadPoolExecutor$Worker.run(ThreadPoolExecutor.java:624)&#10;        at java.lang.Thread.run(Thread.java:748)&#10;&quot;a32408a4-f19d-4bad-97c5-ba33ae94fc9a@group-569FAC3F8BCE-StateMachineUpdater&quot; daemon prio=5 tid=623 in Object.wait()&#10;java.lang.Thread.State: WAITING (on object monitor)&#10;        at java.lang.Object.wait(Native Method)&#10;        at java.lang.Object.wait(Object.java:502)&#10;        at org.apache.ratis.server.impl.StateMachineUpdater.waitForCommit(StateMachineUpdater.java:194)&#10;        at org.apache.ratis.server.impl.StateMachineUpdater.run(StateMachineUpdater.java:159)&#10;        at java.lang.Thread.run(Thread.java:748)&#10;&quot;IPC Server handler 3 on 39615&quot; daemon prio=5 tid=33 timed_waiting&#10;java.lang.Thread.State: TIMED_WAITING&#10;        at sun.misc.Unsafe.park(Native Method)&#10;        at java.util.concurrent.locks.LockSupport.parkNanos(LockSupport.java:215)&#10;        at java.util.concurrent.locks.AbstractQueuedSynchronizer$ConditionObject.awaitNanos(AbstractQueuedSynchronizer.java:2078)&#10;        at java.util.concurrent.LinkedBlockingQueue.poll(LinkedBlockingQueue.java:467)&#10;        at org.apache.hadoop.ipc.CallQueueManager.take(CallQueueManager.java:288)&#10;        at org.apache.hadoop.ipc.Server$Handler.run(Server.java:2668)&#10;&quot;277b5c5e-8c6f-4c9a-a53f-1bbc96404e12@group-0DB353E2D887-StateMachineUpdater&quot; daemon prio=5 tid=438 in Object.wait()&#10;java.lang.Thread.State: WAITING (on object monitor)&#10;        at java.lang.Object.wait(Native Method)&#10;        at java.lang.Object.wait(Object.java:502)&#10;        at org.apache.ratis.server.impl.StateMachineUpdater.waitForCommit(StateMachineUpdater.java:194)&#10;        at org.apache.ratis.server.impl.StateMachineUpdater.run(StateMachineUpdater.java:159)&#10;        at java.lang.Thread.run(Thread.java:748)&#10;&quot;pool-26-thread-26&quot;  prio=5 tid=259 in Object.wait()&#10;java.lang.Thread.State: WAITING (on object monitor)&#10;        at sun.misc.Unsafe.park(Native Method)&#10;        at java.util.concurrent.locks.LockSupport.park(LockSupport.java:175)&#10;        at java.util.concurrent.locks.AbstractQueuedSynchronizer$ConditionObject.await(AbstractQueuedSynchronizer.java:2039)&#10;        at java.util.concurrent.ArrayBlockingQueue.take(ArrayBlockingQueue.java:403)&#10;        at java.util.concurrent.ThreadPoolExecutor.getTask(ThreadPoolExecutor.java:1074)&#10;        at java.util.concurrent.ThreadPoolExecutor.runWorker(ThreadPoolExecutor.java:1134)&#10;        at java.util.concurrent.ThreadPoolExecutor$Worker.run(ThreadPoolExecutor.java:624)&#10;        at java.lang.Thread.run(Thread.java:748)&#10;&quot;IPC Server handler 11 on 39615&quot; daemon prio=5 tid=41 timed_waiting&#10;java.lang.Thread.State: TIMED_WAITING&#10;        at sun.misc.Unsafe.park(Native Method)&#10;        at java.util.concurrent.locks.LockSupport.parkNanos(LockSupport.java:215)&#10;        at java.util.concurrent.locks.AbstractQueuedSynchronizer$ConditionObject.awaitNanos(AbstractQueuedSynchronizer.java:2078)&#10;        at java.util.concurrent.LinkedBlockingQueue.poll(LinkedBlockingQueue.java:467)&#10;        at org.apache.hadoop.ipc.CallQueueManager.take(CallQueueManager.java:288)&#10;        at org.apache.hadoop.ipc.Server$Handler.run(Server.java:2668)&#10;&quot;qtp1761240183-142&quot; daemon prio=5 tid=142 timed_waiting&#10;java.lang.Thread.State: TIMED_WAITING&#10;        at sun.misc.Unsafe.park(Native Method)&#10;        at java.util.concurrent.locks.LockSupport.parkNanos(LockSupport.java:215)&#10;        at java.util.concurrent.locks.AbstractQueuedSynchronizer$ConditionObject.awaitNanos(AbstractQueuedSynchronizer.java:2078)&#10;        at org.eclipse.jetty.util.BlockingArrayQueue.poll(BlockingArrayQueue.java:392)&#10;        at org.eclipse.jetty.util.thread.QueuedThreadPool.idleJobPoll(QueuedThreadPool.java:563)&#10;        at org.eclipse.jetty.util.thread.QueuedThreadPool.access$800(QueuedThreadPool.java:48)&#10;        at org.eclipse.jetty.util.thread.QueuedThreadPool$2.run(QueuedThreadPool.java:626)&#10;        at java.lang.Thread.run(Thread.java:748)&#10;&quot;grpc-default-worker-ELG-3-4&quot; daemon prio=5 tid=434 runnable&#10;java.lang.Thread.State: RUNNABLE&#10;        at sun.nio.ch.EPollArrayWrapper.epollWait(Native Method)&#10;        at sun.nio.ch.EPollArrayWrapper.poll(EPollArrayWrapper.java:269)&#10;        at sun.nio.ch.EPollSelectorImpl.doSelect(EPollSelectorImpl.java:93)&#10;        at sun.nio.ch.SelectorImpl.lockAndDoSelect(SelectorImpl.java:86)&#10;        at sun.nio.ch.SelectorImpl.select(SelectorImpl.java:97)&#10;        at org.apache.ratis.thirdparty.io.netty.channel.nio.SelectedSelectionKeySetSelector.select(SelectedSelectionKeySetSelector.java:62)&#10;        at org.apache.ratis.thirdparty.io.netty.channel.nio.NioEventLoop.select(NioEventLoop.java:753)&#10;        at org.apache.ratis.thirdparty.io.netty.channel.nio.NioEventLoop.run(NioEventLoop.java:408)&#10;        at org.apache.ratis.thirdparty.io.netty.util.concurrent.SingleThreadEventExecutor$5.run(SingleThreadEventExecutor.java:897)&#10;        at org.apache.ratis.thirdparty.io.netty.util.concurrent.FastThreadLocalRunnable.run(FastThreadLocalRunnable.java:30)&#10;        at java.lang.Thread.run(Thread.java:748)&#10;&quot;pool-46-thread-47&quot;  prio=5 tid=400 in Object.wait()&#10;java.lang.Thread.State: WAITING (on object monitor)&#10;        at sun.misc.Unsafe.park(Native Method)&#10;        at java.util.concurrent.locks.LockSupport.park(LockSupport.java:175)&#10;        at java.util.concurrent.locks.AbstractQueuedSynchronizer$ConditionObject.await(AbstractQueuedSynchronizer.java:2039)&#10;        at java.util.concurrent.ArrayBlockingQueue.take(ArrayBlockingQueue.java:403)&#10;        at java.util.concurrent.ThreadPoolExecutor.getTask(ThreadPoolExecutor.java:1074)&#10;        at java.util.concurrent.ThreadPoolExecutor.runWorker(ThreadPoolExecutor.java:1134)&#10;        at java.util.concurrent.ThreadPoolExecutor$Worker.run(ThreadPoolExecutor.java:624)&#10;        at java.lang.Thread.run(Thread.java:748)&#10;&quot;qtp190696393-167&quot; daemon prio=5 tid=167 timed_waiting&#10;java.lang.Thread.State: TIMED_WAITING&#10;        at sun.misc.Unsafe.park(Native Method)&#10;        at java.util.concurrent.locks.LockSupport.parkNanos(LockSupport.java:215)&#10;        at java.util.concurrent.locks.AbstractQueuedSynchronizer$ConditionObject.awaitNanos(AbstractQueuedSynchronizer.java:2078)&#10;        at org.eclipse.jetty.util.BlockingArrayQueue.poll(BlockingArrayQueue.java:392)&#10;        at org.eclipse.jetty.util.thread.QueuedThreadPool.idleJobPoll(QueuedThreadPool.java:563)&#10;        at org.eclipse.jetty.util.thread.QueuedThreadPool.access$800(QueuedThreadPool.java:48)&#10;        at org.eclipse.jetty.util.thread.QueuedThreadPool$2.run(QueuedThreadPool.java:626)&#10;        at java.lang.Thread.run(Thread.java:748)&#10;&quot;IPC Server handler 3 on 32962&quot; daemon prio=5 tid=118 timed_waiting&#10;java.lang.Thread.State: TIMED_WAITING&#10;        at sun.misc.Unsafe.park(Native Method)&#10;        at java.util.concurrent.locks.LockSupport.parkNanos(LockSupport.java:215)&#10;        at java.util.concurrent.locks.AbstractQueuedSynchronizer$ConditionObject.awaitNanos(AbstractQueuedSynchronizer.java:2078)&#10;        at java.util.concurrent.LinkedBlockingQueue.poll(LinkedBlockingQueue.java:467)&#10;        at org.apache.hadoop.ipc.CallQueueManager.take(CallQueueManager.java:288)&#10;        at org.apache.hadoop.ipc.Server$Handler.run(Server.java:2668)&#10;&quot;IPC Server handler 0 on 39615&quot; daemon prio=5 tid=30 timed_waiting&#10;java.lang.Thread.State: TIMED_WAITING&#10;        at sun.misc.Unsafe.park(Native Method)&#10;        at java.util.concurrent.locks.LockSupport.parkNanos(LockSupport.java:215)&#10;        at java.util.concurrent.locks.AbstractQueuedSynchronizer$ConditionObject.awaitNanos(AbstractQueuedSynchronizer.java:2078)&#10;        at java.util.concurrent.LinkedBlockingQueue.poll(LinkedBlockingQueue.java:467)&#10;        at org.apache.hadoop.ipc.CallQueueManager.take(CallQueueManager.java:288)&#10;        at org.apache.hadoop.ipc.Server$Handler.run(Server.java:2668)&#10;&quot;grpc-default-worker-ELG-3-2&quot; daemon prio=5 tid=432 runnable&#10;java.lang.Thread.State: RUNNABLE&#10;        at sun.nio.ch.EPollArrayWrapper.epollWait(Native Method)&#10;        at sun.nio.ch.EPollArrayWrapper.poll(EPollArrayWrapper.java:269)&#10;        at sun.nio.ch.EPollSelectorImpl.doSelect(EPollSelectorImpl.java:93)&#10;        at sun.nio.ch.SelectorImpl.lockAndDoSelect(SelectorImpl.java:86)&#10;        at sun.nio.ch.SelectorImpl.select(SelectorImpl.java:97)&#10;        at org.apache.ratis.thirdparty.io.netty.channel.nio.SelectedSelectionKeySetSelector.select(SelectedSelectionKeySetSelector.java:62)&#10;        at org.apache.ratis.thirdparty.io.netty.channel.nio.NioEventLoop.select(NioEventLoop.java:753)&#10;        at org.apache.ratis.thirdparty.io.netty.channel.nio.NioEventLoop.run(NioEventLoop.java:408)&#10;        at org.apache.ratis.thirdparty.io.netty.util.concurrent.SingleThreadEventExecutor$5.run(SingleThreadEventExecutor.java:897)&#10;        at org.apache.ratis.thirdparty.io.netty.util.concurrent.FastThreadLocalRunnable.run(FastThreadLocalRunnable.java:30)&#10;        at java.lang.Thread.run(Thread.java:748)&#10;&quot;pool-46-thread-53&quot;  prio=5 tid=406 in Object.wait()&#10;java.lang.Thread.State: WAITING (on object monitor)&#10;        at sun.misc.Unsafe.park(Native Method)&#10;        at java.util.concurrent.locks.LockSupport.park(LockSupport.java:175)&#10;        at java.util.concurrent.locks.AbstractQueuedSynchronizer$ConditionObject.await(AbstractQueuedSynchronizer.java:2039)&#10;        at java.util.concurrent.ArrayBlockingQueue.take(ArrayBlockingQueue.java:403)&#10;        at java.util.concurrent.ThreadPoolExecutor.getTask(ThreadPoolExecutor.java:1074)&#10;        at java.util.concurrent.ThreadPoolExecutor.runWorker(ThreadPoolExecutor.java:1134)&#10;        at java.util.concurrent.ThreadPoolExecutor$Worker.run(ThreadPoolExecutor.java:624)&#10;        at java.lang.Thread.run(Thread.java:748)&#10;&quot;Datanode ReportManager Thread - 3&quot; daemon prio=5 tid=202 in Object.wait()&#10;java.lang.Thread.State: WAITING (on object monitor)&#10;        at sun.misc.Unsafe.park(Native Method)&#10;        at java.util.concurrent.locks.LockSupport.park(LockSupport.java:175)&#10;        at java.util.concurrent.locks.AbstractQueuedSynchronizer$ConditionObject.await(AbstractQueuedSynchronizer.java:2039)&#10;        at java.util.concurrent.ScheduledThreadPoolExecutor$DelayedWorkQueue.take(ScheduledThreadPoolExecutor.java:1088)&#10;        at java.util.concurrent.ScheduledThreadPoolExecutor$DelayedWorkQueue.take(ScheduledThreadPoolExecutor.java:809)&#10;        at java.util.concurrent.ThreadPoolExecutor.getTask(ThreadPoolExecutor.java:1074)&#10;        at java.util.concurrent.ThreadPoolExecutor.runWorker(ThreadPoolExecutor.java:1134)&#10;        at java.util.concurrent.ThreadPoolExecutor$Worker.run(ThreadPoolExecutor.java:624)&#10;        at java.lang.Thread.run(Thread.java:748)&#10;&quot;Datanode State Machine Thread - 0&quot; daemon prio=5 tid=198 timed_waiting&#10;java.lang.Thread.State: TIMED_WAITING&#10;        at java.lang.Thread.sleep(Native Method)&#10;        at org.apache.hadoop.ozone.container.common.statemachine.DatanodeStateMachine.start(DatanodeStateMachine.java:191)&#10;        at org.apache.hadoop.ozone.container.common.statemachine.DatanodeStateMachine.lambda$startDaemon$0(DatanodeStateMachine.java:349)&#10;        at org.apache.hadoop.ozone.container.common.statemachine.DatanodeStateMachine$$Lambda$140/53279234.run(Unknown Source)&#10;        at java.lang.Thread.run(Thread.java:748)&#10;&quot;grpc-default-executor-1&quot; daemon prio=5 tid=471 timed_waiting&#10;java.lang.Thread.State: TIMED_WAITING&#10;        at sun.misc.Unsafe.park(Native Method)&#10;        at java.util.concurrent.locks.LockSupport.parkNanos(LockSupport.java:215)&#10;        at java.util.concurrent.SynchronousQueue$TransferStack.awaitFulfill(SynchronousQueue.java:460)&#10;        at java.util.concurrent.SynchronousQueue$TransferStack.transfer(SynchronousQueue.java:362)&#10;        at java.util.concurrent.SynchronousQueue.poll(SynchronousQueue.java:941)&#10;        at java.util.concurrent.ThreadPoolExecutor.getTask(ThreadPoolExecutor.java:1073)&#10;        at java.util.concurrent.ThreadPoolExecutor.runWorker(ThreadPoolExecutor.java:1134)&#10;        at java.util.concurrent.ThreadPoolExecutor$Worker.run(ThreadPoolExecutor.java:624)&#10;        at java.lang.Thread.run(Thread.java:748)&#10;&quot;pool-46-thread-5&quot;  prio=5 tid=358 in Object.wait()&#10;java.lang.Thread.State: WAITING (on object monitor)&#10;        at sun.misc.Unsafe.park(Native Method)&#10;        at java.util.concurrent.locks.LockSupport.park(LockSupport.java:175)&#10;        at java.util.concurrent.locks.AbstractQueuedSynchronizer$ConditionObject.await(AbstractQueuedSynchronizer.java:2039)&#10;        at java.util.concurrent.ArrayBlockingQueue.take(ArrayBlockingQueue.java:403)&#10;        at java.util.concurrent.ThreadPoolExecutor.getTask(ThreadPoolExecutor.java:1074)&#10;        at java.util.concurrent.ThreadPoolExecutor.runWorker(ThreadPoolExecutor.java:1134)&#10;        at java.util.concurrent.ThreadPoolExecutor$Worker.run(ThreadPoolExecutor.java:624)&#10;        at java.lang.Thread.run(Thread.java:748)&#10;&quot;pool-46-thread-20&quot;  prio=5 tid=373 in Object.wait()&#10;java.lang.Thread.State: WAITING (on object monitor)&#10;        at sun.misc.Unsafe.park(Native Method)&#10;        at java.util.concurrent.locks.LockSupport.park(LockSupport.java:175)&#10;        at java.util.concurrent.locks.AbstractQueuedSynchronizer$ConditionObject.await(AbstractQueuedSynchronizer.java:2039)&#10;        at java.util.concurrent.ArrayBlockingQueue.take(ArrayBlockingQueue.java:403)&#10;        at java.util.concurrent.ThreadPoolExecutor.getTask(ThreadPoolExecutor.java:1074)&#10;        at java.util.concurrent.ThreadPoolExecutor.runWorker(ThreadPoolExecutor.java:1134)&#10;        at java.util.concurrent.ThreadPoolExecutor$Worker.run(ThreadPoolExecutor.java:624)&#10;        at java.lang.Thread.run(Thread.java:748)&#10;&quot;IPC Server handler 4 on 39656&quot; daemon prio=5 tid=74 timed_waiting&#10;java.lang.Thread.State: TIMED_WAITING&#10;        at sun.misc.Unsafe.park(Native Method)&#10;        at java.util.concurrent.locks.LockSupport.parkNanos(LockSupport.java:215)&#10;        at java.util.concurrent.locks.AbstractQueuedSynchronizer$ConditionObject.awaitNanos(AbstractQueuedSynchronizer.java:2078)&#10;        at java.util.concurrent.LinkedBlockingQueue.poll(LinkedBlockingQueue.java:467)&#10;        at org.apache.hadoop.ipc.CallQueueManager.take(CallQueueManager.java:288)&#10;        at org.apache.hadoop.ipc.Server$Handler.run(Server.java:2668)&#10;&quot;pool-36-thread-45&quot;  prio=5 tid=338 in Object.wait()&#10;java.lang.Thread.State: WAITING (on object monitor)&#10;        at sun.misc.Unsafe.park(Native Method)&#10;        at java.util.concurrent.locks.LockSupport.park(LockSupport.java:175)&#10;        at java.util.concurrent.locks.AbstractQueuedSynchronizer$ConditionObject.await(AbstractQueuedSynchronizer.java:2039)&#10;        at java.util.concurrent.ArrayBlockingQueue.take(ArrayBlockingQueue.java:403)&#10;        at java.util.concurrent.ThreadPoolExecutor.getTask(ThreadPoolExecutor.java:1074)&#10;        at java.util.concurrent.ThreadPoolExecutor.runWorker(ThreadPoolExecutor.java:1134)&#10;        at java.util.concurrent.ThreadPoolExecutor$Worker.run(ThreadPoolExecutor.java:624)&#10;        at java.lang.Thread.run(Thread.java:748)&#10;&quot;IPC Server handler 18 on 32962&quot; daemon prio=5 tid=134 timed_waiting&#10;java.lang.Thread.State: TIMED_WAITING&#10;        at sun.misc.Unsafe.park(Native Method)&#10;        at java.util.concurrent.locks.LockSupport.parkNanos(LockSupport.java:215)&#10;        at java.util.concurrent.locks.AbstractQueuedSynchronizer$ConditionObject.awaitNanos(AbstractQueuedSynchronizer.java:2078)&#10;        at java.util.concurrent.LinkedBlockingQueue.poll(LinkedBlockingQueue.java:467)&#10;        at org.apache.hadoop.ipc.CallQueueManager.take(CallQueueManager.java:288)&#10;        at org.apache.hadoop.ipc.Server$Handler.run(Server.java:2668)&#10;&quot;pool-26-thread-50&quot;  prio=5 tid=283 in Object.wait()&#10;java.lang.Thread.State: WAITING (on object monitor)&#10;        at sun.misc.Unsafe.park(Native Method)&#10;        at java.util.concurrent.locks.LockSupport.park(LockSupport.java:175)&#10;        at java.util.concurrent.locks.AbstractQueuedSynchronizer$ConditionObject.await(AbstractQueuedSynchronizer.java:2039)&#10;        at java.util.concurrent.ArrayBlockingQueue.take(ArrayBlockingQueue.java:403)&#10;        at java.util.concurrent.ThreadPoolExecutor.getTask(ThreadPoolExecutor.java:1074)&#10;        at java.util.concurrent.ThreadPoolExecutor.runWorker(ThreadPoolExecutor.java:1134)&#10;        at java.util.concurrent.ThreadPoolExecutor$Worker.run(ThreadPoolExecutor.java:624)&#10;        at java.lang.Thread.run(Thread.java:748)&#10;&quot;pool-36-thread-60&quot;  prio=5 tid=353 in Object.wait()&#10;java.lang.Thread.State: WAITING (on object monitor)&#10;        at sun.misc.Unsafe.park(Native Method)&#10;        at java.util.concurrent.locks.LockSupport.park(LockSupport.java:175)&#10;        at java.util.concurrent.locks.AbstractQueuedSynchronizer$ConditionObject.await(AbstractQueuedSynchronizer.java:2039)&#10;        at java.util.concurrent.ArrayBlockingQueue.take(ArrayBlockingQueue.java:403)&#10;        at java.util.concurrent.ThreadPoolExecutor.getTask(ThreadPoolExecutor.java:1074)&#10;        at java.util.concurrent.ThreadPoolExecutor.runWorker(ThreadPoolExecutor.java:1134)&#10;        at java.util.concurrent.ThreadPoolExecutor$Worker.run(ThreadPoolExecutor.java:624)&#10;        at java.lang.Thread.run(Thread.java:748)&#10;&quot;RatisPipelineUtilsThread&quot;  prio=5 tid=422 timed_waiting&#10;java.lang.Thread.State: TIMED_WAITING&#10;        at sun.misc.Unsafe.park(Native Method)&#10;        at java.util.concurrent.locks.LockSupport.parkNanos(LockSupport.java:215)&#10;        at java.util.concurrent.locks.AbstractQueuedSynchronizer$ConditionObject.awaitNanos(AbstractQueuedSynchronizer.java:2078)&#10;        at java.util.concurrent.ScheduledThreadPoolExecutor$DelayedWorkQueue.take(ScheduledThreadPoolExecutor.java:1093)&#10;        at java.util.concurrent.ScheduledThreadPoolExecutor$DelayedWorkQueue.take(ScheduledThreadPoolExecutor.java:809)&#10;        at java.util.concurrent.ThreadPoolExecutor.getTask(ThreadPoolExecutor.java:1074)&#10;        at java.util.concurrent.ThreadPoolExecutor.runWorker(ThreadPoolExecutor.java:1134)&#10;        at java.util.concurrent.ThreadPoolExecutor$Worker.run(ThreadPoolExecutor.java:624)&#10;        at java.lang.Thread.run(Thread.java:748)&#10;&quot;metrics-hadoop-metrics2-reporter-16-thread-1&quot; daemon prio=5 tid=480 timed_waiting&#10;java.lang.Thread.State: TIMED_WAITING&#10;        at sun.misc.Unsafe.park(Native Method)&#10;        at java.util.concurrent.locks.LockSupport.parkNanos(LockSupport.java:215)&#10;        at java.util.concurrent.locks.AbstractQueuedSynchronizer$ConditionObject.awaitNanos(AbstractQueuedSynchronizer.java:2078)&#10;        at java.util.concurrent.ScheduledThreadPoolExecutor$DelayedWorkQueue.take(ScheduledThreadPoolExecutor.java:1093)&#10;        at java.util.concurrent.ScheduledThreadPoolExecutor$DelayedWorkQueue.take(ScheduledThreadPoolExecutor.java:809)&#10;        at java.util.concurrent.ThreadPoolExecutor.getTask(ThreadPoolExecutor.java:1074)&#10;        at java.util.concurrent.ThreadPoolExecutor.runWorker(ThreadPoolExecutor.java:1134)&#10;        at java.util.concurrent.ThreadPoolExecutor$Worker.run(ThreadPoolExecutor.java:624)&#10;        at java.lang.Thread.run(Thread.java:748)&#10;&quot;pool-36-thread-39&quot;  prio=5 tid=332 in Object.wait()&#10;java.lang.Thread.State: WAITING (on object monitor)&#10;        at sun.misc.Unsafe.park(Native Method)&#10;        at java.util.concurrent.locks.LockSupport.park(LockSupport.java:175)&#10;        at java.util.concurrent.locks.AbstractQueuedSynchronizer$ConditionObject.await(AbstractQueuedSynchronizer.java:2039)&#10;        at java.util.concurrent.ArrayBlockingQueue.take(ArrayBlockingQueue.java:403)&#10;        at java.util.concurrent.ThreadPoolExecutor.getTask(ThreadPoolExecutor.java:1074)&#10;        at java.util.concurrent.ThreadPoolExecutor.runWorker(ThreadPoolExecutor.java:1134)&#10;        at java.util.concurrent.ThreadPoolExecutor$Worker.run(ThreadPoolExecutor.java:624)&#10;        at java.lang.Thread.run(Thread.java:748)&#10;&quot;IPC Server handler 10 on 39615&quot; daemon prio=5 tid=40 timed_waiting&#10;java.lang.Thread.State: TIMED_WAITING&#10;        at sun.misc.Unsafe.park(Native Method)&#10;        at java.util.concurrent.locks.LockSupport.parkNanos(LockSupport.java:215)&#10;        at java.util.concurrent.locks.AbstractQueuedSynchronizer$ConditionObject.awaitNanos(AbstractQueuedSynchronizer.java:2078)&#10;        at java.util.concurrent.LinkedBlockingQueue.poll(LinkedBlockingQueue.java:467)&#10;        at org.apache.hadoop.ipc.CallQueueManager.take(CallQueueManager.java:288)&#10;        at org.apache.hadoop.ipc.Server$Handler.run(Server.java:2668)&#10;&quot;qtp1124883352-220&quot; daemon prio=5 tid=220 timed_waiting&#10;java.lang.Thread.State: TIMED_WAITING&#10;        at sun.misc.Unsafe.park(Native Method)&#10;        at java.util.concurrent.locks.LockSupport.parkNanos(LockSupport.java:215)&#10;        at java.util.concurrent.locks.AbstractQueuedSynchronizer$ConditionObject.awaitNanos(AbstractQueuedSynchronizer.java:2078)&#10;        at org.eclipse.jetty.util.BlockingArrayQueue.poll(BlockingArrayQueue.java:392)&#10;        at org.eclipse.jetty.util.thread.QueuedThreadPool.idleJobPoll(QueuedThreadPool.java:563)&#10;        at org.eclipse.jetty.util.thread.QueuedThreadPool.access$800(QueuedThreadPool.java:48)&#10;        at org.eclipse.jetty.util.thread.QueuedThreadPool$2.run(QueuedThreadPool.java:626)&#10;        at java.lang.Thread.run(Thread.java:748)&#10;&quot;Datanode ReportManager Thread - 3&quot; daemon prio=5 tid=229 in Object.wait()&#10;java.lang.Thread.State: WAITING (on object monitor)&#10;        at sun.misc.Unsafe.park(Native Method)&#10;        at java.util.concurrent.locks.LockSupport.park(LockSupport.java:175)&#10;        at java.util.concurrent.locks.AbstractQueuedSynchronizer$ConditionObject.await(AbstractQueuedSynchronizer.java:2039)&#10;        at java.util.concurrent.ScheduledThreadPoolExecutor$DelayedWorkQueue.take(ScheduledThreadPoolExecutor.java:1088)&#10;        at java.util.concurrent.ScheduledThreadPoolExecutor$DelayedWorkQueue.take(ScheduledThreadPoolExecutor.java:809)&#10;        at java.util.concurrent.ThreadPoolExecutor.getTask(ThreadPoolExecutor.java:1074)&#10;        at java.util.concurrent.ThreadPoolExecutor.runWorker(ThreadPoolExecutor.java:1134)&#10;        at java.util.concurrent.ThreadPoolExecutor$Worker.run(ThreadPoolExecutor.java:624)&#10;        at java.lang.Thread.run(Thread.java:748)&#10;&quot;metrics-hadoop-metrics2-reporter-35-thread-1&quot; daemon prio=5 tid=643 timed_waiting&#10;java.lang.Thread.State: TIMED_WAITING&#10;        at sun.misc.Unsafe.park(Native Method)&#10;        at java.util.concurrent.locks.LockSupport.parkNanos(LockSupport.java:215)&#10;        at java.util.concurrent.locks.AbstractQueuedSynchronizer$ConditionObject.awaitNanos(AbstractQueuedSynchronizer.java:2078)&#10;        at java.util.concurrent.ScheduledThreadPoolExecutor$DelayedWorkQueue.take(ScheduledThreadPoolExecutor.java:1093)&#10;        at java.util.concurrent.ScheduledThreadPoolExecutor$DelayedWorkQueue.take(ScheduledThreadPoolExecutor.java:809)&#10;        at java.util.concurrent.ThreadPoolExecutor.getTask(ThreadPoolExecutor.java:1074)&#10;        at java.util.concurrent.ThreadPoolExecutor.runWorker(ThreadPoolExecutor.java:1134)&#10;        at java.util.concurrent.ThreadPoolExecutor$Worker.run(ThreadPoolExecutor.java:624)&#10;        at java.lang.Thread.run(Thread.java:748)&#10;&quot;pool-26-thread-22&quot;  prio=5 tid=255 in Object.wait()&#10;java.lang.Thread.State: WAITING (on object monitor)&#10;        at sun.misc.Unsafe.park(Native Method)&#10;        at java.util.concurrent.locks.LockSupport.park(LockSupport.java:175)&#10;        at java.util.concurrent.locks.AbstractQueuedSynchronizer$ConditionObject.await(AbstractQueuedSynchronizer.java:2039)&#10;        at java.util.concurrent.ArrayBlockingQueue.take(ArrayBlockingQueue.java:403)&#10;        at java.util.concurrent.ThreadPoolExecutor.getTask(ThreadPoolExecutor.java:1074)&#10;        at java.util.concurrent.ThreadPoolExecutor.runWorker(ThreadPoolExecutor.java:1134)&#10;        at java.util.concurrent.ThreadPoolExecutor$Worker.run(ThreadPoolExecutor.java:624)&#10;        at java.lang.Thread.run(Thread.java:748)&#10;&quot;pool-26-thread-3&quot;  prio=5 tid=236 in Object.wait()&#10;java.lang.Thread.State: WAITING (on object monitor)&#10;        at sun.misc.Unsafe.park(Native Method)&#10;        at java.util.concurrent.locks.LockSupport.park(LockSupport.java:175)&#10;        at java.util.concurrent.locks.AbstractQueuedSynchronizer$ConditionObject.await(AbstractQueuedSynchronizer.java:2039)&#10;        at java.util.concurrent.ArrayBlockingQueue.take(ArrayBlockingQueue.java:403)&#10;        at java.util.concurrent.ThreadPoolExecutor.getTask(ThreadPoolExecutor.java:1074)&#10;        at java.util.concurrent.ThreadPoolExecutor.runWorker(ThreadPoolExecutor.java:1134)&#10;        at java.util.concurrent.ThreadPoolExecutor$Worker.run(ThreadPoolExecutor.java:624)&#10;        at java.lang.Thread.run(Thread.java:748)&#10;&quot;pool-36-thread-54&quot;  prio=5 tid=347 in Object.wait()&#10;java.lang.Thread.State: WAITING (on object monitor)&#10;        at sun.misc.Unsafe.park(Native Method)&#10;        at java.util.concurrent.locks.LockSupport.park(LockSupport.java:175)&#10;        at java.util.concurrent.locks.AbstractQueuedSynchronizer$ConditionObject.await(AbstractQueuedSynchronizer.java:2039)&#10;        at java.util.concurrent.ArrayBlockingQueue.take(ArrayBlockingQueue.java:403)&#10;        at java.util.concurrent.ThreadPoolExecutor.getTask(ThreadPoolExecutor.java:1074)&#10;        at java.util.concurrent.ThreadPoolExecutor.runWorker(ThreadPoolExecutor.java:1134)&#10;        at java.util.concurrent.ThreadPoolExecutor$Worker.run(ThreadPoolExecutor.java:624)&#10;        at java.lang.Thread.run(Thread.java:748)&#10;&quot;pool-26-thread-45&quot;  prio=5 tid=278 in Object.wait()&#10;java.lang.Thread.State: WAITING (on object monitor)&#10;        at sun.misc.Unsafe.park(Native Method)&#10;        at java.util.concurrent.locks.LockSupport.park(LockSupport.java:175)&#10;        at java.util.concurrent.locks.AbstractQueuedSynchronizer$ConditionObject.await(AbstractQueuedSynchronizer.java:2039)&#10;        at java.util.concurrent.ArrayBlockingQueue.take(ArrayBlockingQueue.java:403)&#10;        at java.util.concurrent.ThreadPoolExecutor.getTask(ThreadPoolExecutor.java:1074)&#10;        at java.util.concurrent.ThreadPoolExecutor.runWorker(ThreadPoolExecutor.java:1134)&#10;        at java.util.concurrent.ThreadPoolExecutor$Worker.run(ThreadPoolExecutor.java:624)&#10;        at java.lang.Thread.run(Thread.java:748)&#10;&quot;org.eclipse.jetty.server.session.HashSessionManager@67695b21Timer&quot; daemon prio=5 tid=195 timed_waiting&#10;java.lang.Thread.State: TIMED_WAITING&#10;        at sun.misc.Unsafe.park(Native Method)&#10;        at java.util.concurrent.locks.LockSupport.parkNanos(LockSupport.java:215)&#10;        at java.util.concurrent.locks.AbstractQueuedSynchronizer$ConditionObject.awaitNanos(AbstractQueuedSynchronizer.java:2078)&#10;        at java.util.concurrent.ScheduledThreadPoolExecutor$DelayedWorkQueue.take(ScheduledThreadPoolExecutor.java:1093)&#10;        at java.util.concurrent.ScheduledThreadPoolExecutor$DelayedWorkQueue.take(ScheduledThreadPoolExecutor.java:809)&#10;        at java.util.concurrent.ThreadPoolExecutor.getTask(ThreadPoolExecutor.java:1074)&#10;        at java.util.concurrent.ThreadPoolExecutor.runWorker(ThreadPoolExecutor.java:1134)&#10;        at java.util.concurrent.ThreadPoolExecutor$Worker.run(ThreadPoolExecutor.java:624)&#10;        at java.lang.Thread.run(Thread.java:748)&#10;&quot;IPC Server handler 7 on 32962&quot; daemon prio=5 tid=122 timed_waiting&#10;java.lang.Thread.State: TIMED_WAITING&#10;        at sun.misc.Unsafe.park(Native Method)&#10;        at java.util.concurrent.locks.LockSupport.parkNanos(LockSupport.java:215)&#10;        at java.util.concurrent.locks.AbstractQueuedSynchronizer$ConditionObject.awaitNanos(AbstractQueuedSynchronizer.java:2078)&#10;        at java.util.concurrent.LinkedBlockingQueue.poll(LinkedBlockingQueue.java:467)&#10;        at org.apache.hadoop.ipc.CallQueueManager.take(CallQueueManager.java:288)&#10;        at org.apache.hadoop.ipc.Server$Handler.run(Server.java:2668)&#10;&quot;IPC Server handler 8 on 39656&quot; daemon prio=5 tid=78 timed_waiting&#10;java.lang.Thread.State: TIMED_WAITING&#10;        at sun.misc.Unsafe.park(Native Method)&#10;        at java.util.concurrent.locks.LockSupport.parkNanos(LockSupport.java:215)&#10;        at java.util.concurrent.locks.AbstractQueuedSynchronizer$ConditionObject.awaitNanos(AbstractQueuedSynchronizer.java:2078)&#10;        at java.util.concurrent.LinkedBlockingQueue.poll(LinkedBlockingQueue.java:467)&#10;        at org.apache.hadoop.ipc.CallQueueManager.take(CallQueueManager.java:288)&#10;        at org.apache.hadoop.ipc.Server$Handler.run(Server.java:2668)&#10;&quot;IPC Server handler 11 on 39656&quot; daemon prio=5 tid=81 timed_waiting&#10;java.lang.Thread.State: TIMED_WAITING&#10;        at sun.misc.Unsafe.park(Native Method)&#10;        at java.util.concurrent.locks.LockSupport.parkNanos(LockSupport.java:215)&#10;        at java.util.concurrent.locks.AbstractQueuedSynchronizer$ConditionObject.awaitNanos(AbstractQueuedSynchronizer.java:2078)&#10;        at java.util.concurrent.LinkedBlockingQueue.poll(LinkedBlockingQueue.java:467)&#10;        at org.apache.hadoop.ipc.CallQueueManager.take(CallQueueManager.java:288)&#10;        at org.apache.hadoop.ipc.Server$Handler.run(Server.java:2668)&#10;&quot;pool-36-thread-26&quot;  prio=5 tid=319 in Object.wait()&#10;java.lang.Thread.State: WAITING (on object monitor)&#10;        at sun.misc.Unsafe.park(Native Method)&#10;        at java.util.concurrent.locks.LockSupport.park(LockSupport.java:175)&#10;        at java.util.concurrent.locks.AbstractQueuedSynchronizer$ConditionObject.await(AbstractQueuedSynchronizer.java:2039)&#10;        at java.util.concurrent.ArrayBlockingQueue.take(ArrayBlockingQueue.java:403)&#10;        at java.util.concurrent.ThreadPoolExecutor.getTask(ThreadPoolExecutor.java:1074)&#10;        at java.util.concurrent.ThreadPoolExecutor.runWorker(ThreadPoolExecutor.java:1134)&#10;        at java.util.concurrent.ThreadPoolExecutor$Worker.run(ThreadPoolExecutor.java:624)&#10;        at java.lang.Thread.run(Thread.java:748)&#10;&quot;IPC Server handler 1 on 39615&quot; daemon prio=5 tid=31 timed_waiting&#10;java.lang.Thread.State: TIMED_WAITING&#10;        at sun.misc.Unsafe.park(Native Method)&#10;        at java.util.concurrent.locks.LockSupport.parkNanos(LockSupport.java:215)&#10;        at java.util.concurrent.locks.AbstractQueuedSynchronizer$ConditionObject.awaitNanos(AbstractQueuedSynchronizer.java:2078)&#10;        at java.util.concurrent.LinkedBlockingQueue.poll(LinkedBlockingQueue.java:467)&#10;        at org.apache.hadoop.ipc.CallQueueManager.take(CallQueueManager.java:288)&#10;        at org.apache.hadoop.ipc.Server$Handler.run(Server.java:2668)&#10;&quot;IPC Parameter Sending Thread #0&quot; daemon prio=5 tid=106 timed_waiting&#10;java.lang.Thread.State: TIMED_WAITING&#10;        at sun.misc.Unsafe.park(Native Method)&#10;        at java.util.concurrent.locks.LockSupport.parkNanos(LockSupport.java:215)&#10;        at java.util.concurrent.SynchronousQueue$TransferStack.awaitFulfill(SynchronousQueue.java:460)&#10;        at java.util.concurrent.SynchronousQueue$TransferStack.transfer(SynchronousQueue.java:362)&#10;        at java.util.concurrent.SynchronousQueue.poll(SynchronousQueue.java:941)&#10;        at java.util.concurrent.ThreadPoolExecutor.getTask(ThreadPoolExecutor.java:1073)&#10;        at java.util.concurrent.ThreadPoolExecutor.runWorker(ThreadPoolExecutor.java:1134)&#10;        at java.util.concurrent.ThreadPoolExecutor$Worker.run(ThreadPoolExecutor.java:624)&#10;        at java.lang.Thread.run(Thread.java:748)&#10;&quot;qtp1761240183-140&quot; daemon prio=5 tid=140 timed_waiting&#10;java.lang.Thread.State: TIMED_WAITING&#10;        at sun.misc.Unsafe.park(Native Method)&#10;        at java.util.concurrent.locks.LockSupport.parkNanos(LockSupport.java:215)&#10;        at java.util.concurrent.locks.AbstractQueuedSynchronizer$ConditionObject.awaitNanos(AbstractQueuedSynchronizer.java:2078)&#10;        at org.eclipse.jetty.util.BlockingArrayQueue.poll(BlockingArrayQueue.java:392)&#10;        at org.eclipse.jetty.util.thread.QueuedThreadPool.idleJobPoll(QueuedThreadPool.java:563)&#10;        at org.eclipse.jetty.util.thread.QueuedThreadPool.access$800(QueuedThreadPool.java:48)&#10;        at org.eclipse.jetty.util.thread.QueuedThreadPool$2.run(QueuedThreadPool.java:626)&#10;        at java.lang.Thread.run(Thread.java:748)&#10;&quot;pool-46-thread-55&quot;  prio=5 tid=408 in Object.wait()&#10;java.lang.Thread.State: WAITING (on object monitor)&#10;        at sun.misc.Unsafe.park(Native Method)&#10;        at java.util.concurrent.locks.LockSupport.park(LockSupport.java:175)&#10;        at java.util.concurrent.locks.AbstractQueuedSynchronizer$ConditionObject.await(AbstractQueuedSynchronizer.java:2039)&#10;        at java.util.concurrent.ArrayBlockingQueue.take(ArrayBlockingQueue.java:403)&#10;        at java.util.concurrent.ThreadPoolExecutor.getTask(ThreadPoolExecutor.java:1074)&#10;        at java.util.concurrent.ThreadPoolExecutor.runWorker(ThreadPoolExecutor.java:1134)&#10;        at java.util.concurrent.ThreadPoolExecutor$Worker.run(ThreadPoolExecutor.java:624)&#10;        at java.lang.Thread.run(Thread.java:748)&#10;&quot;qtp312968017-187&quot; daemon prio=5 tid=187 runnable&#10;java.lang.Thread.State: RUNNABLE&#10;        at sun.nio.ch.EPollArrayWrapper.epollWait(Native Method)&#10;        at sun.nio.ch.EPollArrayWrapper.poll(EPollArrayWrapper.java:269)&#10;        at sun.nio.ch.EPollSelectorImpl.doSelect(EPollSelectorImpl.java:93)&#10;        at sun.nio.ch.SelectorImpl.lockAndDoSelect(SelectorImpl.java:86)&#10;        at sun.nio.ch.SelectorImpl.select(SelectorImpl.java:97)&#10;        at sun.nio.ch.SelectorImpl.select(SelectorImpl.java:101)&#10;        at org.eclipse.jetty.io.ManagedSelector$SelectorProducer.select(ManagedSelector.java:243)&#10;        at org.eclipse.jetty.io.ManagedSelector$SelectorProducer.produce(ManagedSelector.java:191)&#10;        at org.eclipse.jetty.util.thread.strategy.ExecuteProduceConsume.executeProduceConsume(ExecuteProduceConsume.java:249)&#10;        at org.eclipse.jetty.util.thread.strategy.ExecuteProduceConsume.produceConsume(ExecuteProduceConsume.java:148)&#10;        at org.eclipse.jetty.util.thread.strategy.ExecuteProduceConsume.execute(ExecuteProduceConsume.java:100)&#10;        at org.eclipse.jetty.io.ManagedSelector.run(ManagedSelector.java:147)&#10;        at org.eclipse.jetty.util.thread.QueuedThreadPool.runJob(QueuedThreadPool.java:671)&#10;        at org.eclipse.jetty.util.thread.QueuedThreadPool$2.run(QueuedThreadPool.java:589)&#10;        at java.lang.Thread.run(Thread.java:748)&#10;&quot;pool-36-thread-57&quot;  prio=5 tid=350 in Object.wait()&#10;java.lang.Thread.State: WAITING (on object monitor)&#10;        at sun.misc.Unsafe.park(Native Method)&#10;        at java.util.concurrent.locks.LockSupport.park(LockSupport.java:175)&#10;        at java.util.concurrent.locks.AbstractQueuedSynchronizer$ConditionObject.await(AbstractQueuedSynchronizer.java:2039)&#10;        at java.util.concurrent.ArrayBlockingQueue.take(ArrayBlockingQueue.java:403)&#10;        at java.util.concurrent.ThreadPoolExecutor.getTask(ThreadPoolExecutor.java:1074)&#10;        at java.util.concurrent.ThreadPoolExecutor.runWorker(ThreadPoolExecutor.java:1134)&#10;        at java.util.concurrent.ThreadPoolExecutor$Worker.run(ThreadPoolExecutor.java:624)&#10;        at java.lang.Thread.run(Thread.java:748)&#10;&quot;Datanode ReportManager Thread - 1&quot; daemon prio=5 tid=227 in Object.wait()&#10;java.lang.Thread.State: WAITING (on object monitor)&#10;        at sun.misc.Unsafe.park(Native Method)&#10;        at java.util.concurrent.locks.LockSupport.park(LockSupport.java:175)&#10;        at java.util.concurrent.locks.AbstractQueuedSynchronizer$ConditionObject.await(AbstractQueuedSynchronizer.java:2039)&#10;        at java.util.concurrent.ScheduledThreadPoolExecutor$DelayedWorkQueue.take(ScheduledThreadPoolExecutor.java:1088)&#10;        at java.util.concurrent.ScheduledThreadPoolExecutor$DelayedWorkQueue.take(ScheduledThreadPoolExecutor.java:809)&#10;        at java.util.concurrent.ThreadPoolExecutor.getTask(ThreadPoolExecutor.java:1074)&#10;        at java.util.concurrent.ThreadPoolExecutor.runWorker(ThreadPoolExecutor.java:1134)&#10;        at java.util.concurrent.ThreadPoolExecutor$Worker.run(ThreadPoolExecutor.java:624)&#10;        at java.lang.Thread.run(Thread.java:748)&#10;&quot;org.eclipse.jetty.server.session.HashSessionManager@49d9549bTimer&quot; daemon prio=5 tid=145 timed_waiting&#10;java.lang.Thread.State: TIMED_WAITING&#10;        at sun.misc.Unsafe.park(Native Method)&#10;        at java.util.concurrent.locks.LockSupport.parkNanos(LockSupport.java:215)&#10;        at java.util.concurrent.locks.AbstractQueuedSynchronizer$ConditionObject.awaitNanos(AbstractQueuedSynchronizer.java:2078)&#10;        at java.util.concurrent.ScheduledThreadPoolExecutor$DelayedWorkQueue.take(ScheduledThreadPoolExecutor.java:1093)&#10;        at java.util.concurrent.ScheduledThreadPoolExecutor$DelayedWorkQueue.take(ScheduledThreadPoolExecutor.java:809)&#10;        at java.util.concurrent.ThreadPoolExecutor.getTask(ThreadPoolExecutor.java:1074)&#10;        at java.util.concurrent.ThreadPoolExecutor.runWorker(ThreadPoolExecutor.java:1134)&#10;        at java.util.concurrent.ThreadPoolExecutor$Worker.run(ThreadPoolExecutor.java:624)&#10;        at java.lang.Thread.run(Thread.java:748)&#10;&quot;pool-46-thread-8&quot;  prio=5 tid=361 in Object.wait()&#10;java.lang.Thread.State: WAITING (on object monitor)&#10;        at sun.misc.Unsafe.park(Native Method)&#10;        at java.util.concurrent.locks.LockSupport.park(LockSupport.java:175)&#10;        at java.util.concurrent.locks.AbstractQueuedSynchronizer$ConditionObject.await(AbstractQueuedSynchronizer.java:2039)&#10;        at java.util.concurrent.ArrayBlockingQueue.take(ArrayBlockingQueue.java:403)&#10;        at java.util.concurrent.ThreadPoolExecutor.getTask(ThreadPoolExecutor.java:1074)&#10;        at java.util.concurrent.ThreadPoolExecutor.runWorker(ThreadPoolExecutor.java:1134)&#10;        at java.util.concurrent.ThreadPoolExecutor$Worker.run(ThreadPoolExecutor.java:624)&#10;        at java.lang.Thread.run(Thread.java:748)&#10;&quot;IPC Server handler 6 on 32962&quot; daemon prio=5 tid=121 timed_waiting&#10;java.lang.Thread.State: TIMED_WAITING&#10;        at sun.misc.Unsafe.park(Native Method)&#10;        at java.util.concurrent.locks.LockSupport.parkNanos(LockSupport.java:215)&#10;        at java.util.concurrent.locks.AbstractQueuedSynchronizer$ConditionObject.awaitNanos(AbstractQueuedSynchronizer.java:2078)&#10;        at java.util.concurrent.LinkedBlockingQueue.poll(LinkedBlockingQueue.java:467)&#10;        at org.apache.hadoop.ipc.CallQueueManager.take(CallQueueManager.java:288)&#10;        at org.apache.hadoop.ipc.Server$Handler.run(Server.java:2668)&#10;&quot;pool-36-thread-10&quot;  prio=5 tid=303 in Object.wait()&#10;java.lang.Thread.State: WAITING (on object monitor)&#10;        at sun.misc.Unsafe.park(Native Method)&#10;        at java.util.concurrent.locks.LockSupport.park(LockSupport.java:175)&#10;        at java.util.concurrent.locks.AbstractQueuedSynchronizer$ConditionObject.await(AbstractQueuedSynchronizer.java:2039)&#10;        at java.util.concurrent.ArrayBlockingQueue.take(ArrayBlockingQueue.java:403)&#10;        at java.util.concurrent.ThreadPoolExecutor.getTask(ThreadPoolExecutor.java:1074)&#10;        at java.util.concurrent.ThreadPoolExecutor.runWorker(ThreadPoolExecutor.java:1134)&#10;        at java.util.concurrent.ThreadPoolExecutor$Worker.run(ThreadPoolExecutor.java:624)&#10;        at java.lang.Thread.run(Thread.java:748)&#10;&quot;qtp1124883352-218&quot; daemon prio=5 tid=218 timed_waiting&#10;java.lang.Thread.State: TIMED_WAITING&#10;        at sun.misc.Unsafe.park(Native Method)&#10;        at java.util.concurrent.locks.LockSupport.parkNanos(LockSupport.java:215)&#10;        at java.util.concurrent.locks.AbstractQueuedSynchronizer$ConditionObject.awaitNanos(AbstractQueuedSynchronizer.java:2078)&#10;        at org.eclipse.jetty.util.BlockingArrayQueue.poll(BlockingArrayQueue.java:392)&#10;        at org.eclipse.jetty.util.thread.QueuedThreadPool.idleJobPoll(QueuedThreadPool.java:563)&#10;        at org.eclipse.jetty.util.thread.QueuedThreadPool.access$800(QueuedThreadPool.java:48)&#10;        at org.eclipse.jetty.util.thread.QueuedThreadPool$2.run(QueuedThreadPool.java:626)&#10;        at java.lang.Thread.run(Thread.java:748)&#10;&quot;pool-26-thread-42&quot;  prio=5 tid=275 in Object.wait()&#10;java.lang.Thread.State: WAITING (on object monitor)&#10;        at sun.misc.Unsafe.park(Native Method)&#10;        at java.util.concurrent.locks.LockSupport.park(LockSupport.java:175)&#10;        at java.util.concurrent.locks.AbstractQueuedSynchronizer$ConditionObject.await(AbstractQueuedSynchronizer.java:2039)&#10;        at java.util.concurrent.ArrayBlockingQueue.take(ArrayBlockingQueue.java:403)&#10;        at java.util.concurrent.ThreadPoolExecutor.getTask(ThreadPoolExecutor.java:1074)&#10;        at java.util.concurrent.ThreadPoolExecutor.runWorker(ThreadPoolExecutor.java:1134)&#10;        at java.util.concurrent.ThreadPoolExecutor$Worker.run(ThreadPoolExecutor.java:624)&#10;        at java.lang.Thread.run(Thread.java:748)&#10;&quot;pool-26-thread-24&quot;  prio=5 tid=257 in Object.wait()&#10;java.lang.Thread.State: WAITING (on object monitor)&#10;        at sun.misc.Unsafe.park(Native Method)&#10;        at java.util.concurrent.locks.LockSupport.park(LockSupport.java:175)&#10;        at java.util.concurrent.locks.AbstractQueuedSynchronizer$ConditionObject.await(AbstractQueuedSynchronizer.java:2039)&#10;        at java.util.concurrent.ArrayBlockingQueue.take(ArrayBlockingQueue.java:403)&#10;        at java.util.concurrent.ThreadPoolExecutor.getTask(ThreadPoolExecutor.java:1074)&#10;        at java.util.concurrent.ThreadPoolExecutor.runWorker(ThreadPoolExecutor.java:1134)&#10;        at java.util.concurrent.ThreadPoolExecutor$Worker.run(ThreadPoolExecutor.java:624)&#10;        at java.lang.Thread.run(Thread.java:748)&#10;&quot;pool-46-thread-28&quot;  prio=5 tid=381 in Object.wait()&#10;java.lang.Thread.State: WAITING (on object monitor)&#10;        at sun.misc.Unsafe.park(Native Method)&#10;        at java.util.concurrent.locks.LockSupport.park(LockSupport.java:175)&#10;        at java.util.concurrent.locks.AbstractQueuedSynchronizer$ConditionObject.await(AbstractQueuedSynchronizer.java:2039)&#10;        at java.util.concurrent.ArrayBlockingQueue.take(ArrayBlockingQueue.java:403)&#10;        at java.util.concurrent.ThreadPoolExecutor.getTask(ThreadPoolExecutor.java:1074)&#10;        at java.util.concurrent.ThreadPoolExecutor.runWorker(ThreadPoolExecutor.java:1134)&#10;        at java.util.concurrent.ThreadPoolExecutor$Worker.run(ThreadPoolExecutor.java:624)&#10;        at java.lang.Thread.run(Thread.java:748)&#10;&quot;pool-46-thread-58&quot;  prio=5 tid=411 in Object.wait()&#10;java.lang.Thread.State: WAITING (on object monitor)&#10;        at sun.misc.Unsafe.park(Native Method)&#10;        at java.util.concurrent.locks.LockSupport.park(LockSupport.java:175)&#10;        at java.util.concurrent.locks.AbstractQueuedSynchronizer$ConditionObject.await(AbstractQueuedSynchronizer.java:2039)&#10;        at java.util.concurrent.ArrayBlockingQueue.take(ArrayBlockingQueue.java:403)&#10;        at java.util.concurrent.ThreadPoolExecutor.getTask(ThreadPoolExecutor.java:1074)&#10;        at java.util.concurrent.ThreadPoolExecutor.runWorker(ThreadPoolExecutor.java:1134)&#10;        at java.util.concurrent.ThreadPoolExecutor$Worker.run(ThreadPoolExecutor.java:624)&#10;        at java.lang.Thread.run(Thread.java:748)&#10;&quot;pool-40-thread-1&quot;  prio=5 tid=186 timed_waiting&#10;java.lang.Thread.State: TIMED_WAITING&#10;        at sun.misc.Unsafe.park(Native Method)&#10;        at java.util.concurrent.locks.LockSupport.parkNanos(LockSupport.java:215)&#10;        at java.util.concurrent.locks.AbstractQueuedSynchronizer$ConditionObject.awaitNanos(AbstractQueuedSynchronizer.java:2078)&#10;        at java.util.concurrent.ScheduledThreadPoolExecutor$DelayedWorkQueue.take(ScheduledThreadPoolExecutor.java:1093)&#10;        at java.util.concurrent.ScheduledThreadPoolExecutor$DelayedWorkQueue.take(ScheduledThreadPoolExecutor.java:809)&#10;        at java.util.concurrent.ThreadPoolExecutor.getTask(ThreadPoolExecutor.java:1074)&#10;        at java.util.concurrent.ThreadPoolExecutor.runWorker(ThreadPoolExecutor.java:1134)&#10;        at java.util.concurrent.ThreadPoolExecutor$Worker.run(ThreadPoolExecutor.java:624)&#10;        at java.lang.Thread.run(Thread.java:748)&#10;&quot;pool-36-thread-34&quot;  prio=5 tid=327 in Object.wait()&#10;java.lang.Thread.State: WAITING (on object monitor)&#10;        at sun.misc.Unsafe.park(Native Method)&#10;        at java.util.concurrent.locks.LockSupport.park(LockSupport.java:175)&#10;        at java.util.concurrent.locks.AbstractQueuedSynchronizer$ConditionObject.await(AbstractQueuedSynchronizer.java:2039)&#10;        at java.util.concurrent.ArrayBlockingQueue.take(ArrayBlockingQueue.java:403)&#10;        at java.util.concurrent.ThreadPoolExecutor.getTask(ThreadPoolExecutor.java:1074)&#10;        at java.util.concurrent.ThreadPoolExecutor.runWorker(ThreadPoolExecutor.java:1134)&#10;        at java.util.concurrent.ThreadPoolExecutor$Worker.run(ThreadPoolExecutor.java:624)&#10;        at java.lang.Thread.run(Thread.java:748)&#10;&quot;pool-26-thread-7&quot;  prio=5 tid=240 in Object.wait()&#10;java.lang.Thread.State: WAITING (on object monitor)&#10;        at sun.misc.Unsafe.park(Native Method)&#10;        at java.util.concurrent.locks.LockSupport.park(LockSupport.java:175)&#10;        at java.util.concurrent.locks.AbstractQueuedSynchronizer$ConditionObject.await(AbstractQueuedSynchronizer.java:2039)&#10;        at java.util.concurrent.ArrayBlockingQueue.take(ArrayBlockingQueue.java:403)&#10;        at java.util.concurrent.ThreadPoolExecutor.getTask(ThreadPoolExecutor.java:1074)&#10;        at java.util.concurrent.ThreadPoolExecutor.runWorker(ThreadPoolExecutor.java:1134)&#10;        at java.util.concurrent.ThreadPoolExecutor$Worker.run(ThreadPoolExecutor.java:624)&#10;        at java.lang.Thread.run(Thread.java:748)&#10;&quot;a32408a4-f19d-4bad-97c5-ba33ae94fc9a@group-5A78A96270F8-SegmentedRaftLogWorker&quot;  prio=5 tid=450 timed_waiting&#10;java.lang.Thread.State: TIMED_WAITING&#10;        at sun.misc.Unsafe.park(Native Method)&#10;        at java.util.concurrent.locks.LockSupport.parkNanos(LockSupport.java:215)&#10;        at java.util.concurrent.locks.AbstractQueuedSynchronizer$ConditionObject.awaitNanos(AbstractQueuedSynchronizer.java:2078)&#10;        at org.apache.ratis.util.DataBlockingQueue.poll(DataBlockingQueue.java:137)&#10;        at org.apache.ratis.server.raftlog.segmented.SegmentedRaftLogWorker.run(SegmentedRaftLogWorker.java:282)&#10;        at java.lang.Thread.run(Thread.java:748)&#10;&quot;qtp1761240183-141&quot; daemon prio=5 tid=141 timed_waiting&#10;java.lang.Thread.State: TIMED_WAITING&#10;        at sun.misc.Unsafe.park(Native Method)&#10;        at java.util.concurrent.locks.LockSupport.parkNanos(LockSupport.java:215)&#10;        at java.util.concurrent.locks.AbstractQueuedSynchronizer$ConditionObject.awaitNanos(AbstractQueuedSynchronizer.java:2078)&#10;        at org.eclipse.jetty.util.BlockingArrayQueue.poll(BlockingArrayQueue.java:392)&#10;        at org.eclipse.jetty.util.thread.QueuedThreadPool.idleJobPoll(QueuedThreadPool.java:563)&#10;        at org.eclipse.jetty.util.thread.QueuedThreadPool.access$800(QueuedThreadPool.java:48)&#10;        at org.eclipse.jetty.util.thread.QueuedThreadPool$2.run(QueuedThreadPool.java:626)&#10;        at java.lang.Thread.run(Thread.java:748)&#10;&quot;pool-46-thread-57&quot;  prio=5 tid=410 in Object.wait()&#10;java.lang.Thread.State: WAITING (on object monitor)&#10;        at sun.misc.Unsafe.park(Native Method)&#10;        at java.util.concurrent.locks.LockSupport.park(LockSupport.java:175)&#10;        at java.util.concurrent.locks.AbstractQueuedSynchronizer$ConditionObject.await(AbstractQueuedSynchronizer.java:2039)&#10;        at java.util.concurrent.ArrayBlockingQueue.take(ArrayBlockingQueue.java:403)&#10;        at java.util.concurrent.ThreadPoolExecutor.getTask(ThreadPoolExecutor.java:1074)&#10;        at java.util.concurrent.ThreadPoolExecutor.runWorker(ThreadPoolExecutor.java:1134)&#10;        at java.util.concurrent.ThreadPoolExecutor$Worker.run(ThreadPoolExecutor.java:624)&#10;        at java.lang.Thread.run(Thread.java:748)&#10;&quot;6b24a2ab-97ee-4d49-85cc-2d76c2f4b8ef@group-569FAC3F8BCE-StateMachineUpdater&quot; daemon prio=5 tid=622 in Object.wait()&#10;java.lang.Thread.State: WAITING (on object monitor)&#10;        at java.lang.Object.wait(Native Method)&#10;        at java.lang.Object.wait(Object.java:502)&#10;        at org.apache.ratis.server.impl.StateMachineUpdater.waitForCommit(StateMachineUpdater.java:194)&#10;        at org.apache.ratis.server.impl.StateMachineUpdater.run(StateMachineUpdater.java:159)&#10;        at java.lang.Thread.run(Thread.java:748)&#10;&quot;pool-36-thread-8&quot;  prio=5 tid=301 in Object.wait()&#10;java.lang.Thread.State: WAITING (on object monitor)&#10;        at sun.misc.Unsafe.park(Native Method)&#10;        at java.util.concurrent.locks.LockSupport.park(LockSupport.java:175)&#10;        at java.util.concurrent.locks.AbstractQueuedSynchronizer$ConditionObject.await(AbstractQueuedSynchronizer.java:2039)&#10;        at java.util.concurrent.ArrayBlockingQueue.take(ArrayBlockingQueue.java:403)&#10;        at java.util.concurrent.ThreadPoolExecutor.getTask(ThreadPoolExecutor.java:1074)&#10;        at java.util.concurrent.ThreadPoolExecutor.runWorker(ThreadPoolExecutor.java:1134)&#10;        at java.util.concurrent.ThreadPoolExecutor$Worker.run(ThreadPoolExecutor.java:624)&#10;        at java.lang.Thread.run(Thread.java:748)&#10;&quot;IPC Server handler 19 on 32962&quot; daemon prio=5 tid=135 timed_waiting&#10;java.lang.Thread.State: TIMED_WAITING&#10;        at sun.misc.Unsafe.park(Native Method)&#10;        at java.util.concurrent.locks.LockSupport.parkNanos(LockSupport.java:215)&#10;        at java.util.concurrent.locks.AbstractQueuedSynchronizer$ConditionObject.awaitNanos(AbstractQueuedSynchronizer.java:2078)&#10;        at java.util.concurrent.LinkedBlockingQueue.poll(LinkedBlockingQueue.java:467)&#10;        at org.apache.hadoop.ipc.CallQueueManager.take(CallQueueManager.java:288)&#10;        at org.apache.hadoop.ipc.Server$Handler.run(Server.java:2668)&#10;&quot;IPC Server handler 12 on 39656&quot; daemon prio=5 tid=82 timed_waiting&#10;java.lang.Thread.State: TIMED_WAITING&#10;        at sun.misc.Unsafe.park(Native Method)&#10;        at java.util.concurrent.locks.LockSupport.parkNanos(LockSupport.java:215)&#10;        at java.util.concurrent.locks.AbstractQueuedSynchronizer$ConditionObject.awaitNanos(AbstractQueuedSynchronizer.java:2078)&#10;        at java.util.concurrent.LinkedBlockingQueue.poll(LinkedBlockingQueue.java:467)&#10;        at org.apache.hadoop.ipc.CallQueueManager.take(CallQueueManager.java:288)&#10;        at org.apache.hadoop.ipc.Server$Handler.run(Server.java:2668)&#10;&quot;Command processor thread&quot; daemon prio=5 tid=203 timed_waiting&#10;java.lang.Thread.State: TIMED_WAITING&#10;        at java.lang.Thread.sleep(Native Method)&#10;        at org.apache.hadoop.ozone.container.common.statemachine.DatanodeStateMachine.lambda$initCommandHandlerThread$1(DatanodeStateMachine.java:439)&#10;        at org.apache.hadoop.ozone.container.common.statemachine.DatanodeStateMachine$$Lambda$141/493645716.run(Unknown Source)&#10;        at java.lang.Thread.run(Thread.java:748)&#10;&quot;pool-26-thread-46&quot;  prio=5 tid=279 in Object.wait()&#10;java.lang.Thread.State: WAITING (on object monitor)&#10;        at sun.misc.Unsafe.park(Native Method)&#10;        at java.util.concurrent.locks.LockSupport.park(LockSupport.java:175)&#10;        at java.util.concurrent.locks.AbstractQueuedSynchronizer$ConditionObject.await(AbstractQueuedSynchronizer.java:2039)&#10;        at java.util.concurrent.ArrayBlockingQueue.take(ArrayBlockingQueue.java:403)&#10;        at java.util.concurrent.ThreadPoolExecutor.getTask(ThreadPoolExecutor.java:1074)&#10;        at java.util.concurrent.ThreadPoolExecutor.runWorker(ThreadPoolExecutor.java:1134)&#10;        at java.util.concurrent.ThreadPoolExecutor$Worker.run(ThreadPoolExecutor.java:624)&#10;        at java.lang.Thread.run(Thread.java:748)&#10;&quot;Datanode ReportManager Thread - 3&quot; daemon prio=5 tid=175 timed_waiting&#10;java.lang.Thread.State: TIMED_WAITING&#10;        at sun.misc.Unsafe.park(Native Method)&#10;        at java.util.concurrent.locks.LockSupport.parkNanos(LockSupport.java:215)&#10;        at java.util.concurrent.locks.AbstractQueuedSynchronizer$ConditionObject.awaitNanos(AbstractQueuedSynchronizer.java:2078)&#10;        at java.util.concurrent.ScheduledThreadPoolExecutor$DelayedWorkQueue.take(ScheduledThreadPoolExecutor.java:1093)&#10;        at java.util.concurrent.ScheduledThreadPoolExecutor$DelayedWorkQueue.take(ScheduledThreadPoolExecutor.java:809)&#10;        at java.util.concurrent.ThreadPoolExecutor.getTask(ThreadPoolExecutor.java:1074)&#10;        at java.util.concurrent.ThreadPoolExecutor.runWorker(ThreadPoolExecutor.java:1134)&#10;        at java.util.concurrent.ThreadPoolExecutor$Worker.run(ThreadPoolExecutor.java:624)&#10;        at java.lang.Thread.run(Thread.java:748)&#10;&quot;org.eclipse.jetty.server.session.HashSessionManager@bc8a61dTimer&quot; daemon prio=5 tid=99 timed_waiting&#10;java.lang.Thread.State: TIMED_WAITING&#10;        at sun.misc.Unsafe.park(Native Method)&#10;        at java.util.concurrent.locks.LockSupport.parkNanos(LockSupport.java:215)&#10;        at java.util.concurrent.locks.AbstractQueuedSynchronizer$ConditionObject.awaitNanos(AbstractQueuedSynchronizer.java:2078)&#10;        at java.util.concurrent.ScheduledThreadPoolExecutor$DelayedWorkQueue.take(ScheduledThreadPoolExecutor.java:1093)&#10;        at java.util.concurrent.ScheduledThreadPoolExecutor$DelayedWorkQueue.take(ScheduledThreadPoolExecutor.java:809)&#10;        at java.util.concurrent.ThreadPoolExecutor.getTask(ThreadPoolExecutor.java:1074)&#10;        at java.util.concurrent.ThreadPoolExecutor.runWorker(ThreadPoolExecutor.java:1134)&#10;        at java.util.concurrent.ThreadPoolExecutor$Worker.run(ThreadPoolExecutor.java:624)&#10;        at java.lang.Thread.run(Thread.java:748)&#10;&quot;metrics-hadoop-metrics2-reporter-5-thread-1&quot; daemon prio=5 tid=446 timed_waiting&#10;java.lang.Thread.State: TIMED_WAITING&#10;        at sun.misc.Unsafe.park(Native Method)&#10;        at java.util.concurrent.locks.LockSupport.parkNanos(LockSupport.java:215)&#10;        at java.util.concurrent.locks.AbstractQueuedSynchronizer$ConditionObject.awaitNanos(AbstractQueuedSynchronizer.java:2078)&#10;        at java.util.concurrent.ScheduledThreadPoolExecutor$DelayedWorkQueue.take(ScheduledThreadPoolExecutor.java:1093)&#10;        at java.util.concurrent.ScheduledThreadPoolExecutor$DelayedWorkQueue.take(ScheduledThreadPoolExecutor.java:809)&#10;        at java.util.concurrent.ThreadPoolExecutor.getTask(ThreadPoolExecutor.java:1074)&#10;        at java.util.concurrent.ThreadPoolExecutor.runWorker(ThreadPoolExecutor.java:1134)&#10;        at java.util.concurrent.ThreadPoolExecutor$Worker.run(ThreadPoolExecutor.java:624)&#10;        at java.lang.Thread.run(Thread.java:748)&#10;&quot;metrics-hadoop-metrics2-reporter-22-thread-1&quot; daemon prio=5 tid=507 timed_waiting&#10;java.lang.Thread.State: TIMED_WAITING&#10;        at sun.misc.Unsafe.park(Native Method)&#10;        at java.util.concurrent.locks.LockSupport.parkNanos(LockSupport.java:215)&#10;        at java.util.concurrent.locks.AbstractQueuedSynchronizer$ConditionObject.awaitNanos(AbstractQueuedSynchronizer.java:2078)&#10;        at java.util.concurrent.ScheduledThreadPoolExecutor$DelayedWorkQueue.take(ScheduledThreadPoolExecutor.java:1093)&#10;        at java.util.concurrent.ScheduledThreadPoolExecutor$DelayedWorkQueue.take(ScheduledThreadPoolExecutor.java:809)&#10;        at java.util.concurrent.ThreadPoolExecutor.getTask(ThreadPoolExecutor.java:1074)&#10;        at java.util.concurrent.ThreadPoolExecutor.runWorker(ThreadPoolExecutor.java:1134)&#10;        at java.util.concurrent.ThreadPoolExecutor$Worker.run(ThreadPoolExecutor.java:624)&#10;        at java.lang.Thread.run(Thread.java:748)&#10;&quot;IPC Server handler 15 on 39656&quot; daemon prio=5 tid=85 timed_waiting&#10;java.lang.Thread.State: TIMED_WAITING&#10;        at sun.misc.Unsafe.park(Native Method)&#10;        at java.util.concurrent.locks.LockSupport.parkNanos(LockSupport.java:215)&#10;        at java.util.concurrent.locks.AbstractQueuedSynchronizer$ConditionObject.awaitNanos(AbstractQueuedSynchronizer.java:2078)&#10;        at java.util.concurrent.LinkedBlockingQueue.poll(LinkedBlockingQueue.java:467)&#10;        at org.apache.hadoop.ipc.CallQueueManager.take(CallQueueManager.java:288)&#10;        at org.apache.hadoop.ipc.Server$Handler.run(Server.java:2668)&#10;&quot;Datanode State Machine Thread - 0&quot; daemon prio=5 tid=232 in Object.wait()&#10;java.lang.Thread.State: WAITING (on object monitor)&#10;        at sun.misc.Unsafe.park(Native Method)&#10;        at java.util.concurrent.locks.LockSupport.parkNanos(LockSupport.java:215)&#10;        at java.util.concurrent.SynchronousQueue$TransferStack.awaitFulfill(SynchronousQueue.java:460)&#10;        at java.util.concurrent.SynchronousQueue$TransferStack.transfer(SynchronousQueue.java:362)&#10;        at java.util.concurrent.SynchronousQueue.poll(SynchronousQueue.java:941)&#10;        at java.util.concurrent.ThreadPoolExecutor.getTask(ThreadPoolExecutor.java:1073)&#10;        at java.util.concurrent.ThreadPoolExecutor.runWorker(ThreadPoolExecutor.java:1134)&#10;        at java.util.concurrent.ThreadPoolExecutor$Worker.run(ThreadPoolExecutor.java:624)&#10;        at java.lang.Thread.run(Thread.java:748)&#10;&quot;qtp1124883352-217&quot; daemon prio=5 tid=217 timed_waiting&#10;java.lang.Thread.State: TIMED_WAITING&#10;        at sun.misc.Unsafe.park(Native Method)&#10;        at java.util.concurrent.locks.LockSupport.parkNanos(LockSupport.java:215)&#10;        at java.util.concurrent.locks.AbstractQueuedSynchronizer$ConditionObject.awaitNanos(AbstractQueuedSynchronizer.java:2078)&#10;        at org.eclipse.jetty.util.BlockingArrayQueue.poll(BlockingArrayQueue.java:392)&#10;        at org.eclipse.jetty.util.thread.QueuedThreadPool.idleJobPoll(QueuedThreadPool.java:563)&#10;        at org.eclipse.jetty.util.thread.QueuedThreadPool.access$800(QueuedThreadPool.java:48)&#10;        at org.eclipse.jetty.util.thread.QueuedThreadPool$2.run(QueuedThreadPool.java:626)&#10;        at java.lang.Thread.run(Thread.java:748)&#10;&quot;IPC Server handler 19 on 37656&quot; daemon prio=5 tid=69 timed_waiting&#10;java.lang.Thread.State: TIMED_WAITING&#10;        at sun.misc.Unsafe.park(Native Method)&#10;        at java.util.concurrent.locks.LockSupport.parkNanos(LockSupport.java:215)&#10;        at java.util.concurrent.locks.AbstractQueuedSynchronizer$ConditionObject.awaitNanos(AbstractQueuedSynchronizer.java:2078)&#10;        at java.util.concurrent.LinkedBlockingQueue.poll(LinkedBlockingQueue.java:467)&#10;        at org.apache.hadoop.ipc.CallQueueManager.take(CallQueueManager.java:288)&#10;        at org.apache.hadoop.ipc.Server$Handler.run(Server.java:2668)&#10;&quot;pool-26-thread-12&quot;  prio=5 tid=245 in Object.wait()&#10;java.lang.Thread.State: WAITING (on object monitor)&#10;        at sun.misc.Unsafe.park(Native Method)&#10;        at java.util.concurrent.locks.LockSupport.park(LockSupport.java:175)&#10;        at java.util.concurrent.locks.AbstractQueuedSynchronizer$ConditionObject.await(AbstractQueuedSynchronizer.java:2039)&#10;        at java.util.concurrent.ArrayBlockingQueue.take(ArrayBlockingQueue.java:403)&#10;        at java.util.concurrent.ThreadPoolExecutor.getTask(ThreadPoolExecutor.java:1074)&#10;        at java.util.concurrent.ThreadPoolExecutor.runWorker(ThreadPoolExecutor.java:1134)&#10;        at java.util.concurrent.ThreadPoolExecutor$Worker.run(ThreadPoolExecutor.java:624)&#10;        at java.lang.Thread.run(Thread.java:748)&#10;&quot;metrics-hadoop-metrics2-reporter-14-thread-1&quot; daemon prio=5 tid=467 timed_waiting&#10;java.lang.Thread.State: TIMED_WAITING&#10;        at sun.misc.Unsafe.park(Native Method)&#10;        at java.util.concurrent.locks.LockSupport.parkNanos(LockSupport.java:215)&#10;        at java.util.concurrent.locks.AbstractQueuedSynchronizer$ConditionObject.awaitNanos(AbstractQueuedSynchronizer.java:2078)&#10;        at java.util.concurrent.ScheduledThreadPoolExecutor$DelayedWorkQueue.take(ScheduledThreadPoolExecutor.java:1093)&#10;        at java.util.concurrent.ScheduledThreadPoolExecutor$DelayedWorkQueue.take(ScheduledThreadPoolExecutor.java:809)&#10;        at java.util.concurrent.ThreadPoolExecutor.getTask(ThreadPoolExecutor.java:1074)&#10;        at java.util.concurrent.ThreadPoolExecutor.runWorker(ThreadPoolExecutor.java:1134)&#10;        at java.util.concurrent.ThreadPoolExecutor$Worker.run(ThreadPoolExecutor.java:624)&#10;        at java.lang.Thread.run(Thread.java:748)&#10;&quot;metrics-hadoop-metrics2-reporter-1-thread-1&quot; daemon prio=5 tid=436 timed_waiting&#10;java.lang.Thread.State: TIMED_WAITING&#10;        at sun.misc.Unsafe.park(Native Method)&#10;        at java.util.concurrent.locks.LockSupport.parkNanos(LockSupport.java:215)&#10;        at java.util.concurrent.locks.AbstractQueuedSynchronizer$ConditionObject.awaitNanos(AbstractQueuedSynchronizer.java:2078)&#10;        at java.util.concurrent.ScheduledThreadPoolExecutor$DelayedWorkQueue.take(ScheduledThreadPoolExecutor.java:1093)&#10;        at java.util.concurrent.ScheduledThreadPoolExecutor$DelayedWorkQueue.take(ScheduledThreadPoolExecutor.java:809)&#10;        at java.util.concurrent.ThreadPoolExecutor.getTask(ThreadPoolExecutor.java:1074)&#10;        at java.util.concurrent.ThreadPoolExecutor.runWorker(ThreadPoolExecutor.java:1134)&#10;        at java.util.concurrent.ThreadPoolExecutor$Worker.run(ThreadPoolExecutor.java:624)&#10;        at java.lang.Thread.run(Thread.java:748)&#10;&quot;pool-36-thread-30&quot;  prio=5 tid=323 in Object.wait()&#10;java.lang.Thread.State: WAITING (on object monitor)&#10;        at sun.misc.Unsafe.park(Native Method)&#10;        at java.util.concurrent.locks.LockSupport.park(LockSupport.java:175)&#10;        at java.util.concurrent.locks.AbstractQueuedSynchronizer$ConditionObject.await(AbstractQueuedSynchronizer.java:2039)&#10;        at java.util.concurrent.ArrayBlockingQueue.take(ArrayBlockingQueue.java:403)&#10;        at java.util.concurrent.ThreadPoolExecutor.getTask(ThreadPoolExecutor.java:1074)&#10;        at java.util.concurrent.ThreadPoolExecutor.runWorker(ThreadPoolExecutor.java:1134)&#10;        at java.util.concurrent.ThreadPoolExecutor$Worker.run(ThreadPoolExecutor.java:624)&#10;        at java.lang.Thread.run(Thread.java:748)&#10;&quot;pool-26-thread-58&quot;  prio=5 tid=291 in Object.wait()&#10;java.lang.Thread.State: WAITING (on object monitor)&#10;        at sun.misc.Unsafe.park(Native Method)&#10;        at java.util.concurrent.locks.LockSupport.park(LockSupport.java:175)&#10;        at java.util.concurrent.locks.AbstractQueuedSynchronizer$ConditionObject.await(AbstractQueuedSynchronizer.java:2039)&#10;        at java.util.concurrent.ArrayBlockingQueue.take(ArrayBlockingQueue.java:403)&#10;        at java.util.concurrent.ThreadPoolExecutor.getTask(ThreadPoolExecutor.java:1074)&#10;        at java.util.concurrent.ThreadPoolExecutor.runWorker(ThreadPoolExecutor.java:1134)&#10;        at java.util.concurrent.ThreadPoolExecutor$Worker.run(ThreadPoolExecutor.java:624)&#10;        at java.lang.Thread.run(Thread.java:748)&#10;&quot;IPC Server handler 17 on 39656&quot; daemon prio=5 tid=87 timed_waiting&#10;java.lang.Thread.State: TIMED_WAITING&#10;        at sun.misc.Unsafe.park(Native Method)&#10;        at java.util.concurrent.locks.LockSupport.parkNanos(LockSupport.java:215)&#10;        at java.util.concurrent.locks.AbstractQueuedSynchronizer$ConditionObject.awaitNanos(AbstractQueuedSynchronizer.java:2078)&#10;        at java.util.concurrent.LinkedBlockingQueue.poll(LinkedBlockingQueue.java:467)&#10;        at org.apache.hadoop.ipc.CallQueueManager.take(CallQueueManager.java:288)&#10;        at org.apache.hadoop.ipc.Server$Handler.run(Server.java:2668)&#10;&quot;EventQueue-SafemodestatusForSafeModeHandler&quot; daemon prio=5 tid=427 in Object.wait()&#10;java.lang.Thread.State: WAITING (on object monitor)&#10;        at sun.misc.Unsafe.park(Native Method)&#10;        at java.util.concurrent.locks.LockSupport.park(LockSupport.java:175)&#10;        at java.util.concurrent.locks.AbstractQueuedSynchronizer$ConditionObject.await(AbstractQueuedSynchronizer.java:2039)&#10;        at java.util.concurrent.LinkedBlockingQueue.take(LinkedBlockingQueue.java:442)&#10;        at java.util.concurrent.ThreadPoolExecutor.getTask(ThreadPoolExecutor.java:1074)&#10;        at java.util.concurrent.ThreadPoolExecutor.runWorker(ThreadPoolExecutor.java:1134)&#10;        at java.util.concurrent.ThreadPoolExecutor$Worker.run(ThreadPoolExecutor.java:624)&#10;        at java.lang.Thread.run(Thread.java:748)&#10;&quot;IPC Server handler 14 on 39656&quot; daemon prio=5 tid=84 timed_waiting&#10;java.lang.Thread.State: TIMED_WAITING&#10;        at sun.misc.Unsafe.park(Native Method)&#10;        at java.util.concurrent.locks.LockSupport.parkNanos(LockSupport.java:215)&#10;        at java.util.concurrent.locks.AbstractQueuedSynchronizer$ConditionObject.awaitNanos(AbstractQueuedSynchronizer.java:2078)&#10;        at java.util.concurrent.LinkedBlockingQueue.poll(LinkedBlockingQueue.java:467)&#10;        at org.apache.hadoop.ipc.CallQueueManager.take(CallQueueManager.java:288)&#10;        at org.apache.hadoop.ipc.Server$Handler.run(Server.java:2668)&#10;&quot;pool-26-thread-48&quot;  prio=5 tid=281 in Object.wait()&#10;java.lang.Thread.State: WAITING (on object monitor)&#10;        at sun.misc.Unsafe.park(Native Method)&#10;        at java.util.concurrent.locks.LockSupport.park(LockSupport.java:175)&#10;        at java.util.concurrent.locks.AbstractQueuedSynchronizer$ConditionObject.await(AbstractQueuedSynchronizer.java:2039)&#10;        at java.util.concurrent.ArrayBlockingQueue.take(ArrayBlockingQueue.java:403)&#10;        at java.util.concurrent.ThreadPoolExecutor.getTask(ThreadPoolExecutor.java:1074)&#10;        at java.util.concurrent.ThreadPoolExecutor.runWorker(ThreadPoolExecutor.java:1134)&#10;        at java.util.concurrent.ThreadPoolExecutor$Worker.run(ThreadPoolExecutor.java:624)&#10;        at java.lang.Thread.run(Thread.java:748)&#10;&quot;pool-26-thread-56&quot;  prio=5 tid=289 in Object.wait()&#10;java.lang.Thread.State: WAITING (on object monitor)&#10;        at sun.misc.Unsafe.park(Native Method)&#10;        at java.util.concurrent.locks.LockSupport.park(LockSupport.java:175)&#10;        at java.util.concurrent.locks.AbstractQueuedSynchronizer$ConditionObject.await(AbstractQueuedSynchronizer.java:2039)&#10;        at java.util.concurrent.ArrayBlockingQueue.take(ArrayBlockingQueue.java:403)&#10;        at java.util.concurrent.ThreadPoolExecutor.getTask(ThreadPoolExecutor.java:1074)&#10;        at java.util.concurrent.ThreadPoolExecutor.runWorker(ThreadPoolExecutor.java:1134)&#10;        at java.util.concurrent.ThreadPoolExecutor$Worker.run(ThreadPoolExecutor.java:624)&#10;        at java.lang.Thread.run(Thread.java:748)&#10;&quot;pool-46-thread-9&quot;  prio=5 tid=362 in Object.wait()&#10;java.lang.Thread.State: WAITING (on object monitor)&#10;        at sun.misc.Unsafe.park(Native Method)&#10;        at java.util.concurrent.locks.LockSupport.park(LockSupport.java:175)&#10;        at java.util.concurrent.locks.AbstractQueuedSynchronizer$ConditionObject.await(AbstractQueuedSynchronizer.java:2039)&#10;        at java.util.concurrent.ArrayBlockingQueue.take(ArrayBlockingQueue.java:403)&#10;        at java.util.concurrent.ThreadPoolExecutor.getTask(ThreadPoolExecutor.java:1074)&#10;        at java.util.concurrent.ThreadPoolExecutor.runWorker(ThreadPoolExecutor.java:1134)&#10;        at java.util.concurrent.ThreadPoolExecutor$Worker.run(ThreadPoolExecutor.java:624)&#10;        at java.lang.Thread.run(Thread.java:748)&#10;&quot;Timer-1&quot; daemon prio=5 tid=150 timed_waiting&#10;java.lang.Thread.State: TIMED_WAITING&#10;        at java.lang.Object.wait(Native Method)&#10;        at java.util.TimerThread.mainLoop(Timer.java:552)&#10;        at java.util.TimerThread.run(Timer.java:505)&#10;&quot;qtp1761240183-143&quot; daemon prio=5 tid=143 timed_waiting&#10;java.lang.Thread.State: TIMED_WAITING&#10;        at sun.misc.Unsafe.park(Native Method)&#10;        at java.util.concurrent.locks.LockSupport.parkNanos(LockSupport.java:215)&#10;        at java.util.concurrent.locks.AbstractQueuedSynchronizer$ConditionObject.awaitNanos(AbstractQueuedSynchronizer.java:2078)&#10;        at org.eclipse.jetty.util.BlockingArrayQueue.poll(BlockingArrayQueue.java:392)&#10;        at org.eclipse.jetty.util.thread.QueuedThreadPool.idleJobPoll(QueuedThreadPool.java:563)&#10;        at org.eclipse.jetty.util.thread.QueuedThreadPool.access$800(QueuedThreadPool.java:48)&#10;        at org.eclipse.jetty.util.thread.QueuedThreadPool$2.run(QueuedThreadPool.java:626)&#10;        at java.lang.Thread.run(Thread.java:748)&#10;&quot;pool-36-thread-3&quot;  prio=5 tid=296 in Object.wait()&#10;java.lang.Thread.State: WAITING (on object monitor)&#10;        at sun.misc.Unsafe.park(Native Method)&#10;        at java.util.concurrent.locks.LockSupport.park(LockSupport.java:175)&#10;        at java.util.concurrent.locks.AbstractQueuedSynchronizer$ConditionObject.await(AbstractQueuedSynchronizer.java:2039)&#10;        at java.util.concurrent.ArrayBlockingQueue.take(ArrayBlockingQueue.java:403)&#10;        at java.util.concurrent.ThreadPoolExecutor.getTask(ThreadPoolExecutor.java:1074)&#10;        at java.util.concurrent.ThreadPoolExecutor.runWorker(ThreadPoolExecutor.java:1134)&#10;        at java.util.concurrent.ThreadPoolExecutor$Worker.run(ThreadPoolExecutor.java:624)&#10;        at java.lang.Thread.run(Thread.java:748)&#10;&quot;pool-36-thread-15&quot;  prio=5 tid=308 in Object.wait()&#10;java.lang.Thread.State: WAITING (on object monitor)&#10;        at sun.misc.Unsafe.park(Native Method)&#10;        at java.util.concurrent.locks.LockSupport.park(LockSupport.java:175)&#10;        at java.util.concurrent.locks.AbstractQueuedSynchronizer$ConditionObject.await(AbstractQueuedSynchronizer.java:2039)&#10;        at java.util.concurrent.ArrayBlockingQueue.take(ArrayBlockingQueue.java:403)&#10;        at java.util.concurrent.ThreadPoolExecutor.getTask(ThreadPoolExecutor.java:1074)&#10;        at java.util.concurrent.ThreadPoolExecutor.runWorker(ThreadPoolExecutor.java:1134)&#10;        at java.util.concurrent.ThreadPoolExecutor$Worker.run(ThreadPoolExecutor.java:624)&#10;        at java.lang.Thread.run(Thread.java:748)&#10;&quot;metrics-hadoop-metrics2-reporter-4-thread-1&quot; daemon prio=5 tid=442 timed_waiting&#10;java.lang.Thread.State: TIMED_WAITING&#10;        at sun.misc.Unsafe.park(Native Method)&#10;        at java.util.concurrent.locks.LockSupport.parkNanos(LockSupport.java:215)&#10;        at java.util.concurrent.locks.AbstractQueuedSynchronizer$ConditionObject.awaitNanos(AbstractQueuedSynchronizer.java:2078)&#10;        at java.util.concurrent.ScheduledThreadPoolExecutor$DelayedWorkQueue.take(ScheduledThreadPoolExecutor.java:1093)&#10;        at java.util.concurrent.ScheduledThreadPoolExecutor$DelayedWorkQueue.take(ScheduledThreadPoolExecutor.java:809)&#10;        at java.util.concurrent.ThreadPoolExecutor.getTask(ThreadPoolExecutor.java:1074)&#10;        at java.util.concurrent.ThreadPoolExecutor.runWorker(ThreadPoolExecutor.java:1134)&#10;        at java.util.concurrent.ThreadPoolExecutor$Worker.run(ThreadPoolExecutor.java:624)&#10;        at java.lang.Thread.run(Thread.java:748)&#10;&quot;pool-26-thread-29&quot;  prio=5 tid=262 in Object.wait()&#10;java.lang.Thread.State: WAITING (on object monitor)&#10;        at sun.misc.Unsafe.park(Native Method)&#10;        at java.util.concurrent.locks.LockSupport.park(LockSupport.java:175)&#10;        at java.util.concurrent.locks.AbstractQueuedSynchronizer$ConditionObject.await(AbstractQueuedSynchronizer.java:2039)&#10;        at java.util.concurrent.ArrayBlockingQueue.take(ArrayBlockingQueue.java:403)&#10;        at java.util.concurrent.ThreadPoolExecutor.getTask(ThreadPoolExecutor.java:1074)&#10;        at java.util.concurrent.ThreadPoolExecutor.runWorker(ThreadPoolExecutor.java:1134)&#10;        at java.util.concurrent.ThreadPoolExecutor$Worker.run(ThreadPoolExecutor.java:624)&#10;        at java.lang.Thread.run(Thread.java:748)&#10;&quot;pool-26-thread-60&quot;  prio=5 tid=293 in Object.wait()&#10;java.lang.Thread.State: WAITING (on object monitor)&#10;        at sun.misc.Unsafe.park(Native Method)&#10;        at java.util.concurrent.locks.LockSupport.park(LockSupport.java:175)&#10;        at java.util.concurrent.locks.AbstractQueuedSynchronizer$ConditionObject.await(AbstractQueuedSynchronizer.java:2039)&#10;        at java.util.concurrent.ArrayBlockingQueue.take(ArrayBlockingQueue.java:403)&#10;        at java.util.concurrent.ThreadPoolExecutor.getTask(ThreadPoolExecutor.java:1074)&#10;        at java.util.concurrent.ThreadPoolExecutor.runWorker(ThreadPoolExecutor.java:1134)&#10;        at java.util.concurrent.ThreadPoolExecutor$Worker.run(ThreadPoolExecutor.java:624)&#10;        at java.lang.Thread.run(Thread.java:748)&#10;&quot;IPC Server handler 3 on 39656&quot; daemon prio=5 tid=73 timed_waiting&#10;java.lang.Thread.State: TIMED_WAITING&#10;        at sun.misc.Unsafe.park(Native Method)&#10;        at java.util.concurrent.locks.LockSupport.parkNanos(LockSupport.java:215)&#10;        at java.util.concurrent.locks.AbstractQueuedSynchronizer$ConditionObject.awaitNanos(AbstractQueuedSynchronizer.java:2078)&#10;        at java.util.concurrent.LinkedBlockingQueue.poll(LinkedBlockingQueue.java:467)&#10;        at org.apache.hadoop.ipc.CallQueueManager.take(CallQueueManager.java:288)&#10;        at org.apache.hadoop.ipc.Server$Handler.run(Server.java:2668)&#10;&quot;Thread-184&quot; daemon prio=5 tid=445 timed_waiting&#10;java.lang.Thread.State: TIMED_WAITING&#10;        at sun.misc.Unsafe.park(Native Method)&#10;        at java.util.concurrent.locks.LockSupport.parkNanos(LockSupport.java:215)&#10;        at java.util.concurrent.locks.AbstractQueuedSynchronizer$ConditionObject.awaitNanos(AbstractQueuedSynchronizer.java:2078)&#10;        at java.util.concurrent.ArrayBlockingQueue.poll(ArrayBlockingQueue.java:418)&#10;        at org.apache.ratis.server.impl.LeaderState$EventQueue.poll(LeaderState.java:115)&#10;        at org.apache.ratis.server.impl.LeaderState$EventProcessor.run(LeaderState.java:467)&#10;&quot;Command processor thread&quot; daemon prio=5 tid=230 timed_waiting&#10;java.lang.Thread.State: TIMED_WAITING&#10;        at java.lang.Thread.sleep(Native Method)&#10;        at org.apache.hadoop.ozone.container.common.statemachine.DatanodeStateMachine.lambda$initCommandHandlerThread$1(DatanodeStateMachine.java:439)&#10;        at org.apache.hadoop.ozone.container.common.statemachine.DatanodeStateMachine$$Lambda$141/493645716.run(Unknown Source)&#10;        at java.lang.Thread.run(Thread.java:748)&#10;&quot;pool-46-thread-41&quot;  prio=5 tid=394 in Object.wait()&#10;java.lang.Thread.State: WAITING (on object monitor)&#10;        at sun.misc.Unsafe.park(Native Method)&#10;        at java.util.concurrent.locks.LockSupport.park(LockSupport.java:175)&#10;        at java.util.concurrent.locks.AbstractQueuedSynchronizer$ConditionObject.await(AbstractQueuedSynchronizer.java:2039)&#10;        at java.util.concurrent.ArrayBlockingQueue.take(ArrayBlockingQueue.java:403)&#10;        at java.util.concurrent.ThreadPoolExecutor.getTask(ThreadPoolExecutor.java:1074)&#10;        at java.util.concurrent.ThreadPoolExecutor.runWorker(ThreadPoolExecutor.java:1134)&#10;        at java.util.concurrent.ThreadPoolExecutor$Worker.run(ThreadPoolExecutor.java:624)&#10;        at java.lang.Thread.run(Thread.java:748)&#10;&quot;pool-46-thread-1&quot;  prio=5 tid=354 in Object.wait()&#10;java.lang.Thread.State: WAITING (on object monitor)&#10;        at sun.misc.Unsafe.park(Native Method)&#10;        at java.util.concurrent.locks.LockSupport.park(LockSupport.java:175)&#10;        at java.util.concurrent.locks.AbstractQueuedSynchronizer$ConditionObject.await(AbstractQueuedSynchronizer.java:2039)&#10;        at java.util.concurrent.ArrayBlockingQueue.take(ArrayBlockingQueue.java:403)&#10;        at java.util.concurrent.ThreadPoolExecutor.getTask(ThreadPoolExecutor.java:1074)&#10;        at java.util.concurrent.ThreadPoolExecutor.runWorker(ThreadPoolExecutor.java:1134)&#10;        at java.util.concurrent.ThreadPoolExecutor$Worker.run(ThreadPoolExecutor.java:624)&#10;        at java.lang.Thread.run(Thread.java:748)&#10;&quot;IPC Server handler 7 on 39615&quot; daemon prio=5 tid=37 timed_waiting&#10;java.lang.Thread.State: TIMED_WAITING&#10;        at sun.misc.Unsafe.park(Native Method)&#10;        at java.util.concurrent.locks.LockSupport.parkNanos(LockSupport.java:215)&#10;        at java.util.concurrent.locks.AbstractQueuedSynchronizer$ConditionObject.awaitNanos(AbstractQueuedSynchronizer.java:2078)&#10;        at java.util.concurrent.LinkedBlockingQueue.poll(LinkedBlockingQueue.java:467)&#10;        at org.apache.hadoop.ipc.CallQueueManager.take(CallQueueManager.java:288)&#10;        at org.apache.hadoop.ipc.Server$Handler.run(Server.java:2668)&#10;&quot;metrics-hadoop-metrics2-reporter-25-thread-1&quot; daemon prio=5 tid=519 timed_waiting&#10;java.lang.Thread.State: TIMED_WAITING&#10;        at sun.misc.Unsafe.park(Native Method)&#10;        at java.util.concurrent.locks.LockSupport.parkNanos(LockSupport.java:215)&#10;        at java.util.concurrent.locks.AbstractQueuedSynchronizer$ConditionObject.awaitNanos(AbstractQueuedSynchronizer.java:2078)&#10;        at java.util.concurrent.ScheduledThreadPoolExecutor$DelayedWorkQueue.take(ScheduledThreadPoolExecutor.java:1093)&#10;        at java.util.concurrent.ScheduledThreadPoolExecutor$DelayedWorkQueue.take(ScheduledThreadPoolExecutor.java:809)&#10;        at java.util.concurrent.ThreadPoolExecutor.getTask(ThreadPoolExecutor.java:1074)&#10;        at java.util.concurrent.ThreadPoolExecutor.runWorker(ThreadPoolExecutor.java:1134)&#10;        at java.util.concurrent.ThreadPoolExecutor$Worker.run(ThreadPoolExecutor.java:624)&#10;        at java.lang.Thread.run(Thread.java:748)&#10;&quot;IPC Server handler 17 on 37656&quot; daemon prio=5 tid=67 timed_waiting&#10;java.lang.Thread.State: TIMED_WAITING&#10;        at sun.misc.Unsafe.park(Native Method)&#10;        at java.util.concurrent.locks.LockSupport.parkNanos(LockSupport.java:215)&#10;        at java.util.concurrent.locks.AbstractQueuedSynchronizer$ConditionObject.awaitNanos(AbstractQueuedSynchronizer.java:2078)&#10;        at java.util.concurrent.LinkedBlockingQueue.poll(LinkedBlockingQueue.java:467)&#10;        at org.apache.hadoop.ipc.CallQueueManager.take(CallQueueManager.java:288)&#10;        at org.apache.hadoop.ipc.Server$Handler.run(Server.java:2668)&#10;&quot;pool-26-thread-13&quot;  prio=5 tid=246 in Object.wait()&#10;java.lang.Thread.State: WAITING (on object monitor)&#10;        at sun.misc.Unsafe.park(Native Method)&#10;        at java.util.concurrent.locks.LockSupport.park(LockSupport.java:175)&#10;        at java.util.concurrent.locks.AbstractQueuedSynchronizer$ConditionObject.await(AbstractQueuedSynchronizer.java:2039)&#10;        at java.util.concurrent.ArrayBlockingQueue.take(ArrayBlockingQueue.java:403)&#10;        at java.util.concurrent.ThreadPoolExecutor.getTask(ThreadPoolExecutor.java:1074)&#10;        at java.util.concurrent.ThreadPoolExecutor.runWorker(ThreadPoolExecutor.java:1134)&#10;        at java.util.concurrent.ThreadPoolExecutor$Worker.run(ThreadPoolExecutor.java:624)&#10;        at java.lang.Thread.run(Thread.java:748)&#10;&quot;IPC Server handler 16 on 32962&quot; daemon prio=5 tid=132 timed_waiting&#10;java.lang.Thread.State: TIMED_WAITING&#10;        at sun.misc.Unsafe.park(Native Method)&#10;        at java.util.concurrent.locks.LockSupport.parkNanos(LockSupport.java:215)&#10;        at java.util.concurrent.locks.AbstractQueuedSynchronizer$ConditionObject.awaitNanos(AbstractQueuedSynchronizer.java:2078)&#10;        at java.util.concurrent.LinkedBlockingQueue.poll(LinkedBlockingQueue.java:467)&#10;        at org.apache.hadoop.ipc.CallQueueManager.take(CallQueueManager.java:288)&#10;        at org.apache.hadoop.ipc.Server$Handler.run(Server.java:2668)&#10;&quot;IPC Server handler 19 on 39615&quot; daemon prio=5 tid=49 timed_waiting&#10;java.lang.Thread.State: TIMED_WAITING&#10;        at sun.misc.Unsafe.park(Native Method)&#10;        at java.util.concurrent.locks.LockSupport.parkNanos(LockSupport.java:215)&#10;        at java.util.concurrent.locks.AbstractQueuedSynchronizer$ConditionObject.awaitNanos(AbstractQueuedSynchronizer.java:2078)&#10;        at java.util.concurrent.LinkedBlockingQueue.poll(LinkedBlockingQueue.java:467)&#10;        at org.apache.hadoop.ipc.CallQueueManager.take(CallQueueManager.java:288)&#10;        at org.apache.hadoop.ipc.Server$Handler.run(Server.java:2668)&#10;&quot;pool-46-thread-37&quot;  prio=5 tid=390 in Object.wait()&#10;java.lang.Thread.State: WAITING (on object monitor)&#10;        at sun.misc.Unsafe.park(Native Method)&#10;        at java.util.concurrent.locks.LockSupport.park(LockSupport.java:175)&#10;        at java.util.concurrent.locks.AbstractQueuedSynchronizer$ConditionObject.await(AbstractQueuedSynchronizer.java:2039)&#10;        at java.util.concurrent.ArrayBlockingQueue.take(ArrayBlockingQueue.java:403)&#10;        at java.util.concurrent.ThreadPoolExecutor.getTask(ThreadPoolExecutor.java:1074)&#10;        at java.util.concurrent.ThreadPoolExecutor.runWorker(ThreadPoolExecutor.java:1134)&#10;        at java.util.concurrent.ThreadPoolExecutor$Worker.run(ThreadPoolExecutor.java:624)&#10;        at java.lang.Thread.run(Thread.java:748)&#10;&quot;pool-26-thread-4&quot;  prio=5 tid=237 in Object.wait()&#10;java.lang.Thread.State: WAITING (on object monitor)&#10;        at sun.misc.Unsafe.park(Native Method)&#10;        at java.util.concurrent.locks.LockSupport.park(LockSupport.java:175)&#10;        at java.util.concurrent.locks.AbstractQueuedSynchronizer$ConditionObject.await(AbstractQueuedSynchronizer.java:2039)&#10;        at java.util.concurrent.ArrayBlockingQueue.take(ArrayBlockingQueue.java:403)&#10;        at java.util.concurrent.ThreadPoolExecutor.getTask(ThreadPoolExecutor.java:1074)&#10;        at java.util.concurrent.ThreadPoolExecutor.runWorker(ThreadPoolExecutor.java:1134)&#10;        at java.util.concurrent.ThreadPoolExecutor$Worker.run(ThreadPoolExecutor.java:624)&#10;        at java.lang.Thread.run(Thread.java:748)&#10;&quot;pool-36-thread-18&quot;  prio=5 tid=311 in Object.wait()&#10;java.lang.Thread.State: WAITING (on object monitor)&#10;        at sun.misc.Unsafe.park(Native Method)&#10;        at java.util.concurrent.locks.LockSupport.park(LockSupport.java:175)&#10;        at java.util.concurrent.locks.AbstractQueuedSynchronizer$ConditionObject.await(AbstractQueuedSynchronizer.java:2039)&#10;        at java.util.concurrent.ArrayBlockingQueue.take(ArrayBlockingQueue.java:403)&#10;        at java.util.concurrent.ThreadPoolExecutor.getTask(ThreadPoolExecutor.java:1074)&#10;        at java.util.concurrent.ThreadPoolExecutor.runWorker(ThreadPoolExecutor.java:1134)&#10;        at java.util.concurrent.ThreadPoolExecutor$Worker.run(ThreadPoolExecutor.java:624)&#10;        at java.lang.Thread.run(Thread.java:748)&#10;&quot;pool-26-thread-35&quot;  prio=5 tid=268 in Object.wait()&#10;java.lang.Thread.State: WAITING (on object monitor)&#10;        at sun.misc.Unsafe.park(Native Method)&#10;        at java.util.concurrent.locks.LockSupport.park(LockSupport.java:175)&#10;        at java.util.concurrent.locks.AbstractQueuedSynchronizer$ConditionObject.await(AbstractQueuedSynchronizer.java:2039)&#10;        at java.util.concurrent.ArrayBlockingQueue.take(ArrayBlockingQueue.java:403)&#10;        at java.util.concurrent.ThreadPoolExecutor.getTask(ThreadPoolExecutor.java:1074)&#10;        at java.util.concurrent.ThreadPoolExecutor.runWorker(ThreadPoolExecutor.java:1134)&#10;        at java.util.concurrent.ThreadPoolExecutor$Worker.run(ThreadPoolExecutor.java:624)&#10;        at java.lang.Thread.run(Thread.java:748)&#10;&quot;metrics-hadoop-metrics2-reporter-18-thread-1&quot; daemon prio=5 tid=484 timed_waiting&#10;java.lang.Thread.State: TIMED_WAITING&#10;        at sun.misc.Unsafe.park(Native Method)&#10;        at java.util.concurrent.locks.LockSupport.parkNanos(LockSupport.java:215)&#10;        at java.util.concurrent.locks.AbstractQueuedSynchronizer$ConditionObject.awaitNanos(AbstractQueuedSynchronizer.java:2078)&#10;        at java.util.concurrent.ScheduledThreadPoolExecutor$DelayedWorkQueue.take(ScheduledThreadPoolExecutor.java:1093)&#10;        at java.util.concurrent.ScheduledThreadPoolExecutor$DelayedWorkQueue.take(ScheduledThreadPoolExecutor.java:809)&#10;        at java.util.concurrent.ThreadPoolExecutor.getTask(ThreadPoolExecutor.java:1074)&#10;        at java.util.concurrent.ThreadPoolExecutor.runWorker(ThreadPoolExecutor.java:1134)&#10;        at java.util.concurrent.ThreadPoolExecutor$Worker.run(ThreadPoolExecutor.java:624)&#10;        at java.lang.Thread.run(Thread.java:748)&#10;&quot;qtp190696393-160&quot; daemon prio=5 tid=160 runnable&#10;java.lang.Thread.State: RUNNABLE&#10;        at sun.nio.ch.EPollArrayWrapper.epollWait(Native Method)&#10;        at sun.nio.ch.EPollArrayWrapper.poll(EPollArrayWrapper.java:269)&#10;        at sun.nio.ch.EPollSelectorImpl.doSelect(EPollSelectorImpl.java:93)&#10;        at sun.nio.ch.SelectorImpl.lockAndDoSelect(SelectorImpl.java:86)&#10;        at sun.nio.ch.SelectorImpl.select(SelectorImpl.java:97)&#10;        at sun.nio.ch.SelectorImpl.select(SelectorImpl.java:101)&#10;        at org.eclipse.jetty.io.ManagedSelector$SelectorProducer.select(ManagedSelector.java:243)&#10;        at org.eclipse.jetty.io.ManagedSelector$SelectorProducer.produce(ManagedSelector.java:191)&#10;        at org.eclipse.jetty.util.thread.strategy.ExecuteProduceConsume.executeProduceConsume(ExecuteProduceConsume.java:249)&#10;        at org.eclipse.jetty.util.thread.strategy.ExecuteProduceConsume.produceConsume(ExecuteProduceConsume.java:148)&#10;        at org.eclipse.jetty.util.thread.strategy.ExecuteProduceConsume.execute(ExecuteProduceConsume.java:100)&#10;        at org.eclipse.jetty.io.ManagedSelector.run(ManagedSelector.java:147)&#10;        at org.eclipse.jetty.util.thread.QueuedThreadPool.runJob(QueuedThreadPool.java:671)&#10;        at org.eclipse.jetty.util.thread.QueuedThreadPool$2.run(QueuedThreadPool.java:589)&#10;        at java.lang.Thread.run(Thread.java:748)&#10;&quot;pool-36-thread-5&quot;  prio=5 tid=298 in Object.wait()&#10;java.lang.Thread.State: WAITING (on object monitor)&#10;        at sun.misc.Unsafe.park(Native Method)&#10;        at java.util.concurrent.locks.LockSupport.park(LockSupport.java:175)&#10;        at java.util.concurrent.locks.AbstractQueuedSynchronizer$ConditionObject.await(AbstractQueuedSynchronizer.java:2039)&#10;        at java.util.concurrent.ArrayBlockingQueue.take(ArrayBlockingQueue.java:403)&#10;        at java.util.concurrent.ThreadPoolExecutor.getTask(ThreadPoolExecutor.java:1074)&#10;        at java.util.concurrent.ThreadPoolExecutor.runWorker(ThreadPoolExecutor.java:1134)&#10;        at java.util.concurrent.ThreadPoolExecutor$Worker.run(ThreadPoolExecutor.java:624)&#10;        at java.lang.Thread.run(Thread.java:748)&#10;&quot;pool-36-thread-28&quot;  prio=5 tid=321 in Object.wait()&#10;java.lang.Thread.State: WAITING (on object monitor)&#10;        at sun.misc.Unsafe.park(Native Method)&#10;        at java.util.concurrent.locks.LockSupport.park(LockSupport.java:175)&#10;        at java.util.concurrent.locks.AbstractQueuedSynchronizer$ConditionObject.await(AbstractQueuedSynchronizer.java:2039)&#10;        at java.util.concurrent.ArrayBlockingQueue.take(ArrayBlockingQueue.java:403)&#10;        at java.util.concurrent.ThreadPoolExecutor.getTask(ThreadPoolExecutor.java:1074)&#10;        at java.util.concurrent.ThreadPoolExecutor.runWorker(ThreadPoolExecutor.java:1134)&#10;        at java.util.concurrent.ThreadPoolExecutor$Worker.run(ThreadPoolExecutor.java:624)&#10;        at java.lang.Thread.run(Thread.java:748)&#10;&quot;pool-46-thread-26&quot;  prio=5 tid=379 in Object.wait()&#10;java.lang.Thread.State: WAITING (on object monitor)&#10;        at sun.misc.Unsafe.park(Native Method)&#10;        at java.util.concurrent.locks.LockSupport.park(LockSupport.java:175)&#10;        at java.util.concurrent.locks.AbstractQueuedSynchronizer$ConditionObject.await(AbstractQueuedSynchronizer.java:2039)&#10;        at java.util.concurrent.ArrayBlockingQueue.take(ArrayBlockingQueue.java:403)&#10;        at java.util.concurrent.ThreadPoolExecutor.getTask(ThreadPoolExecutor.java:1074)&#10;        at java.util.concurrent.ThreadPoolExecutor.runWorker(ThreadPoolExecutor.java:1134)&#10;        at java.util.concurrent.ThreadPoolExecutor$Worker.run(ThreadPoolExecutor.java:624)&#10;        at java.lang.Thread.run(Thread.java:748)&#10;&quot;pool-46-thread-2&quot;  prio=5 tid=355 in Object.wait()&#10;java.lang.Thread.State: WAITING (on object monitor)&#10;        at sun.misc.Unsafe.park(Native Method)&#10;        at java.util.concurrent.locks.LockSupport.park(LockSupport.java:175)&#10;        at java.util.concurrent.locks.AbstractQueuedSynchronizer$ConditionObject.await(AbstractQueuedSynchronizer.java:2039)&#10;        at java.util.concurrent.ArrayBlockingQueue.take(ArrayBlockingQueue.java:403)&#10;        at java.util.concurrent.ThreadPoolExecutor.getTask(ThreadPoolExecutor.java:1074)&#10;        at java.util.concurrent.ThreadPoolExecutor.runWorker(ThreadPoolExecutor.java:1134)&#10;        at java.util.concurrent.ThreadPoolExecutor$Worker.run(ThreadPoolExecutor.java:624)&#10;        at java.lang.Thread.run(Thread.java:748)&#10;&quot;pool-36-thread-56&quot;  prio=5 tid=349 in Object.wait()&#10;java.lang.Thread.State: WAITING (on object monitor)&#10;        at sun.misc.Unsafe.park(Native Method)&#10;        at java.util.concurrent.locks.LockSupport.park(LockSupport.java:175)&#10;        at java.util.concurrent.locks.AbstractQueuedSynchronizer$ConditionObject.await(AbstractQueuedSynchronizer.java:2039)&#10;        at java.util.concurrent.ArrayBlockingQueue.take(ArrayBlockingQueue.java:403)&#10;        at java.util.concurrent.ThreadPoolExecutor.getTask(ThreadPoolExecutor.java:1074)&#10;        at java.util.concurrent.ThreadPoolExecutor.runWorker(ThreadPoolExecutor.java:1134)&#10;        at java.util.concurrent.ThreadPoolExecutor$Worker.run(ThreadPoolExecutor.java:624)&#10;        at java.lang.Thread.run(Thread.java:748)&#10;&quot;pool-26-thread-30&quot;  prio=5 tid=263 in Object.wait()&#10;java.lang.Thread.State: WAITING (on object monitor)&#10;        at sun.misc.Unsafe.park(Native Method)&#10;        at java.util.concurrent.locks.LockSupport.park(LockSupport.java:175)&#10;        at java.util.concurrent.locks.AbstractQueuedSynchronizer$ConditionObject.await(AbstractQueuedSynchronizer.java:2039)&#10;        at java.util.concurrent.ArrayBlockingQueue.take(ArrayBlockingQueue.java:403)&#10;        at java.util.concurrent.ThreadPoolExecutor.getTask(ThreadPoolExecutor.java:1074)&#10;        at java.util.concurrent.ThreadPoolExecutor.runWorker(ThreadPoolExecutor.java:1134)&#10;        at java.util.concurrent.ThreadPoolExecutor$Worker.run(ThreadPoolExecutor.java:624)&#10;        at java.lang.Thread.run(Thread.java:748)&#10;&quot;metrics-hadoop-metrics2-reporter-10-thread-1&quot; daemon prio=5 tid=460 timed_waiting&#10;java.lang.Thread.State: TIMED_WAITING&#10;        at sun.misc.Unsafe.park(Native Method)&#10;        at java.util.concurrent.locks.LockSupport.parkNanos(LockSupport.java:215)&#10;        at java.util.concurrent.locks.AbstractQueuedSynchronizer$ConditionObject.awaitNanos(AbstractQueuedSynchronizer.java:2078)&#10;        at java.util.concurrent.ScheduledThreadPoolExecutor$DelayedWorkQueue.take(ScheduledThreadPoolExecutor.java:1093)&#10;        at java.util.concurrent.ScheduledThreadPoolExecutor$DelayedWorkQueue.take(ScheduledThreadPoolExecutor.java:809)&#10;        at java.util.concurrent.ThreadPoolExecutor.getTask(ThreadPoolExecutor.java:1074)&#10;        at java.util.concurrent.ThreadPoolExecutor.runWorker(ThreadPoolExecutor.java:1134)&#10;        at java.util.concurrent.ThreadPoolExecutor$Worker.run(ThreadPoolExecutor.java:624)&#10;        at java.lang.Thread.run(Thread.java:748)&#10;&quot;Reference Handler&quot; daemon prio=10 tid=2 in Object.wait()&#10;java.lang.Thread.State: WAITING (on object monitor)&#10;        at java.lang.Object.wait(Native Method)&#10;        at java.lang.Object.wait(Object.java:502)&#10;        at java.lang.ref.Reference.tryHandlePending(Reference.java:191)&#10;        at java.lang.ref.Reference$ReferenceHandler.run(Reference.java:153)&#10;&quot;IPC Server handler 0 on 37656&quot; daemon prio=5 tid=50 timed_waiting&#10;java.lang.Thread.State: TIMED_WAITING&#10;        at sun.misc.Unsafe.park(Native Method)&#10;        at java.util.concurrent.locks.LockSupport.parkNanos(LockSupport.java:215)&#10;        at java.util.concurrent.locks.AbstractQueuedSynchronizer$ConditionObject.awaitNanos(AbstractQueuedSynchronizer.java:2078)&#10;        at java.util.concurrent.LinkedBlockingQueue.poll(LinkedBlockingQueue.java:467)&#10;        at org.apache.hadoop.ipc.CallQueueManager.take(CallQueueManager.java:288)&#10;        at org.apache.hadoop.ipc.Server$Handler.run(Server.java:2668)&#10;&quot;pool-26-thread-1&quot;  prio=5 tid=234 in Object.wait()&#10;java.lang.Thread.State: WAITING (on object monitor)&#10;        at sun.misc.Unsafe.park(Native Method)&#10;        at java.util.concurrent.locks.LockSupport.park(LockSupport.java:175)&#10;        at java.util.concurrent.locks.AbstractQueuedSynchronizer$ConditionObject.await(AbstractQueuedSynchronizer.java:2039)&#10;        at java.util.concurrent.ArrayBlockingQueue.take(ArrayBlockingQueue.java:403)&#10;        at java.util.concurrent.ThreadPoolExecutor.getTask(ThreadPoolExecutor.java:1074)&#10;        at java.util.concurrent.ThreadPoolExecutor.runWorker(ThreadPoolExecutor.java:1134)&#10;        at java.util.concurrent.ThreadPoolExecutor$Worker.run(ThreadPoolExecutor.java:624)&#10;        at java.lang.Thread.run(Thread.java:748)&#10;&quot;OMDoubleBufferFlushThread&quot; daemon prio=5 tid=107 timed_waiting&#10;java.lang.Thread.State: TIMED_WAITING&#10;        at java.lang.Object.wait(Native Method)&#10;        at org.apache.hadoop.ozone.om.ratis.OzoneManagerDoubleBuffer.canFlush(OzoneManagerDoubleBuffer.java:322)&#10;        at org.apache.hadoop.ozone.om.ratis.OzoneManagerDoubleBuffer.flushTransactions(OzoneManagerDoubleBuffer.java:130)&#10;        at org.apache.hadoop.ozone.om.ratis.OzoneManagerDoubleBuffer$$Lambda$49/487183370.run(Unknown Source)&#10;        at java.lang.Thread.run(Thread.java:748)&#10;&quot;metrics-hadoop-metrics2-reporter-29-thread-1&quot; daemon prio=5 tid=624 timed_waiting&#10;java.lang.Thread.State: TIMED_WAITING&#10;        at sun.misc.Unsafe.park(Native Method)&#10;        at java.util.concurrent.locks.LockSupport.parkNanos(LockSupport.java:215)&#10;        at java.util.concurrent.locks.AbstractQueuedSynchronizer$ConditionObject.awaitNanos(AbstractQueuedSynchronizer.java:2078)&#10;        at java.util.concurrent.ScheduledThreadPoolExecutor$DelayedWorkQueue.take(ScheduledThreadPoolExecutor.java:1093)&#10;        at java.util.concurrent.ScheduledThreadPoolExecutor$DelayedWorkQueue.take(ScheduledThreadPoolExecutor.java:809)&#10;        at java.util.concurrent.ThreadPoolExecutor.getTask(ThreadPoolExecutor.java:1074)&#10;        at java.util.concurrent.ThreadPoolExecutor.runWorker(ThreadPoolExecutor.java:1134)&#10;        at java.util.concurrent.ThreadPoolExecutor$Worker.run(ThreadPoolExecutor.java:624)&#10;        at java.lang.Thread.run(Thread.java:748)&#10;&quot;IPC Server handler 4 on 37656&quot; daemon prio=5 tid=54 timed_waiting&#10;java.lang.Thread.State: TIMED_WAITING&#10;        at sun.misc.Unsafe.park(Native Method)&#10;        at java.util.concurrent.locks.LockSupport.parkNanos(LockSupport.java:215)&#10;        at java.util.concurrent.locks.AbstractQueuedSynchronizer$ConditionObject.awaitNanos(AbstractQueuedSynchronizer.java:2078)&#10;        at java.util.concurrent.LinkedBlockingQueue.poll(LinkedBlockingQueue.java:467)&#10;        at org.apache.hadoop.ipc.CallQueueManager.take(CallQueueManager.java:288)&#10;        at org.apache.hadoop.ipc.Server$Handler.run(Server.java:2668)&#10;&quot;qtp190696393-166&quot; daemon prio=5 tid=166 timed_waiting&#10;java.lang.Thread.State: TIMED_WAITING&#10;        at sun.misc.Unsafe.park(Native Method)&#10;        at java.util.concurrent.locks.LockSupport.parkNanos(LockSupport.java:215)&#10;        at java.util.concurrent.locks.AbstractQueuedSynchronizer$ConditionObject.awaitNanos(AbstractQueuedSynchronizer.java:2078)&#10;        at org.eclipse.jetty.util.BlockingArrayQueue.poll(BlockingArrayQueue.java:392)&#10;        at org.eclipse.jetty.util.thread.QueuedThreadPool.idleJobPoll(QueuedThreadPool.java:563)&#10;        at org.eclipse.jetty.util.thread.QueuedThreadPool.access$800(QueuedThreadPool.java:48)&#10;        at org.eclipse.jetty.util.thread.QueuedThreadPool$2.run(QueuedThreadPool.java:626)&#10;        at java.lang.Thread.run(Thread.java:748)&#10;&quot;IPC Server handler 3 on 37656&quot; daemon prio=5 tid=53 timed_waiting&#10;java.lang.Thread.State: TIMED_WAITING&#10;        at sun.misc.Unsafe.park(Native Method)&#10;        at java.util.concurrent.locks.LockSupport.parkNanos(LockSupport.java:215)&#10;        at java.util.concurrent.locks.AbstractQueuedSynchronizer$ConditionObject.awaitNanos(AbstractQueuedSynchronizer.java:2078)&#10;        at java.util.concurrent.LinkedBlockingQueue.poll(LinkedBlockingQueue.java:467)&#10;        at org.apache.hadoop.ipc.CallQueueManager.take(CallQueueManager.java:288)&#10;        at org.apache.hadoop.ipc.Server$Handler.run(Server.java:2668)&#10;&quot;pool-46-thread-22&quot;  prio=5 tid=375 in Object.wait()&#10;java.lang.Thread.State: WAITING (on object monitor)&#10;        at sun.misc.Unsafe.park(Native Method)&#10;        at java.util.concurrent.locks.LockSupport.park(LockSupport.java:175)&#10;        at java.util.concurrent.locks.AbstractQueuedSynchronizer$ConditionObject.await(AbstractQueuedSynchronizer.java:2039)&#10;        at java.util.concurrent.ArrayBlockingQueue.take(ArrayBlockingQueue.java:403)&#10;        at java.util.concurrent.ThreadPoolExecutor.getTask(ThreadPoolExecutor.java:1074)&#10;        at java.util.concurrent.ThreadPoolExecutor.runWorker(ThreadPoolExecutor.java:1134)&#10;        at java.util.concurrent.ThreadPoolExecutor$Worker.run(ThreadPoolExecutor.java:624)&#10;        at java.lang.Thread.run(Thread.java:748)&#10;&quot;IPC Server handler 2 on 39656&quot; daemon prio=5 tid=72 timed_waiting&#10;java.lang.Thread.State: TIMED_WAITING&#10;        at sun.misc.Unsafe.park(Native Method)&#10;        at java.util.concurrent.locks.LockSupport.parkNanos(LockSupport.java:215)&#10;        at java.util.concurrent.locks.AbstractQueuedSynchronizer$ConditionObject.awaitNanos(AbstractQueuedSynchronizer.java:2078)&#10;        at java.util.concurrent.LinkedBlockingQueue.poll(LinkedBlockingQueue.java:467)&#10;        at org.apache.hadoop.ipc.CallQueueManager.take(CallQueueManager.java:288)&#10;        at org.apache.hadoop.ipc.Server$Handler.run(Server.java:2668)&#10;&quot;BlockDeletingService#1&quot; daemon prio=5 tid=420 in Object.wait()&#10;java.lang.Thread.State: WAITING (on object monitor)&#10;        at sun.misc.Unsafe.park(Native Method)&#10;        at java.util.concurrent.locks.LockSupport.park(LockSupport.java:175)&#10;        at java.util.concurrent.locks.AbstractQueuedSynchronizer$ConditionObject.await(AbstractQueuedSynchronizer.java:2039)&#10;        at java.util.concurrent.ScheduledThreadPoolExecutor$DelayedWorkQueue.take(ScheduledThreadPoolExecutor.java:1088)&#10;        at java.util.concurrent.ScheduledThreadPoolExecutor$DelayedWorkQueue.take(ScheduledThreadPoolExecutor.java:809)&#10;        at java.util.concurrent.ThreadPoolExecutor.getTask(ThreadPoolExecutor.java:1074)&#10;        at java.util.concurrent.ThreadPoolExecutor.runWorker(ThreadPoolExecutor.java:1134)&#10;        at java.util.concurrent.ThreadPoolExecutor$Worker.run(ThreadPoolExecutor.java:624)&#10;        at java.lang.Thread.run(Thread.java:748)&#10;&quot;org.eclipse.jetty.server.session.HashSessionManager@12743c0bTimer&quot; daemon prio=5 tid=222 timed_waiting&#10;java.lang.Thread.State: TIMED_WAITING&#10;        at sun.misc.Unsafe.park(Native Method)&#10;        at java.util.concurrent.locks.LockSupport.parkNanos(LockSupport.java:215)&#10;        at java.util.concurrent.locks.AbstractQueuedSynchronizer$ConditionObject.awaitNanos(AbstractQueuedSynchronizer.java:2078)&#10;        at java.util.concurrent.ScheduledThreadPoolExecutor$DelayedWorkQueue.take(ScheduledThreadPoolExecutor.java:1093)&#10;        at java.util.concurrent.ScheduledThreadPoolExecutor$DelayedWorkQueue.take(ScheduledThreadPoolExecutor.java:809)&#10;        at java.util.concurrent.ThreadPoolExecutor.getTask(ThreadPoolExecutor.java:1074)&#10;        at java.util.concurrent.ThreadPoolExecutor.runWorker(ThreadPoolExecutor.java:1134)&#10;        at java.util.concurrent.ThreadPoolExecutor$Worker.run(ThreadPoolExecutor.java:624)&#10;        at java.lang.Thread.run(Thread.java:748)&#10;&quot;pool-46-thread-13&quot;  prio=5 tid=366 in Object.wait()&#10;java.lang.Thread.State: WAITING (on object monitor)&#10;        at sun.misc.Unsafe.park(Native Method)&#10;        at java.util.concurrent.locks.LockSupport.park(LockSupport.java:175)&#10;        at java.util.concurrent.locks.AbstractQueuedSynchronizer$ConditionObject.await(AbstractQueuedSynchronizer.java:2039)&#10;        at java.util.concurrent.ArrayBlockingQueue.take(ArrayBlockingQueue.java:403)&#10;        at java.util.concurrent.ThreadPoolExecutor.getTask(ThreadPoolExecutor.java:1074)&#10;        at java.util.concurrent.ThreadPoolExecutor.runWorker(ThreadPoolExecutor.java:1134)&#10;        at java.util.concurrent.ThreadPoolExecutor$Worker.run(ThreadPoolExecutor.java:624)&#10;        at java.lang.Thread.run(Thread.java:748)&#10;&quot;pool-36-thread-35&quot;  prio=5 tid=328 in Object.wait()&#10;java.lang.Thread.State: WAITING (on object monitor)&#10;        at sun.misc.Unsafe.park(Native Method)&#10;        at java.util.concurrent.locks.LockSupport.park(LockSupport.java:175)&#10;        at java.util.concurrent.locks.AbstractQueuedSynchronizer$ConditionObject.await(AbstractQueuedSynchronizer.java:2039)&#10;        at java.util.concurrent.ArrayBlockingQueue.take(ArrayBlockingQueue.java:403)&#10;        at java.util.concurrent.ThreadPoolExecutor.getTask(ThreadPoolExecutor.java:1074)&#10;        at java.util.concurrent.ThreadPoolExecutor.runWorker(ThreadPoolExecutor.java:1134)&#10;        at java.util.concurrent.ThreadPoolExecutor$Worker.run(ThreadPoolExecutor.java:624)&#10;        at java.lang.Thread.run(Thread.java:748)&#10;&quot;IPC Server listener on 39656&quot; daemon prio=5 tid=15 runnable&#10;java.lang.Thread.State: RUNNABLE&#10;        at sun.nio.ch.EPollArrayWrapper.epollWait(Native Method)&#10;        at sun.nio.ch.EPollArrayWrapper.poll(EPollArrayWrapper.java:269)&#10;        at sun.nio.ch.EPollSelectorImpl.doSelect(EPollSelectorImpl.java:93)&#10;        at sun.nio.ch.SelectorImpl.lockAndDoSelect(SelectorImpl.java:86)&#10;        at sun.nio.ch.SelectorImpl.select(SelectorImpl.java:97)&#10;        at sun.nio.ch.SelectorImpl.select(SelectorImpl.java:101)&#10;        at org.apache.hadoop.ipc.Server$Listener.run(Server.java:1159)&#10;&quot;grpc-default-executor-0&quot; daemon prio=5 tid=431 timed_waiting&#10;java.lang.Thread.State: TIMED_WAITING&#10;        at sun.misc.Unsafe.park(Native Method)&#10;        at java.util.concurrent.locks.LockSupport.parkNanos(LockSupport.java:215)&#10;        at java.util.concurrent.SynchronousQueue$TransferStack.awaitFulfill(SynchronousQueue.java:460)&#10;        at java.util.concurrent.SynchronousQueue$TransferStack.transfer(SynchronousQueue.java:362)&#10;        at java.util.concurrent.SynchronousQueue.poll(SynchronousQueue.java:941)&#10;        at java.util.concurrent.ThreadPoolExecutor.getTask(ThreadPoolExecutor.java:1073)&#10;        at java.util.concurrent.ThreadPoolExecutor.runWorker(ThreadPoolExecutor.java:1134)&#10;        at java.util.concurrent.ThreadPoolExecutor$Worker.run(ThreadPoolExecutor.java:624)&#10;        at java.lang.Thread.run(Thread.java:748)&#10;&quot;qtp312968017-189&quot; daemon prio=5 tid=189 timed_waiting&#10;java.lang.Thread.State: TIMED_WAITING&#10;        at sun.misc.Unsafe.park(Native Method)&#10;        at java.util.concurrent.locks.LockSupport.parkNanos(LockSupport.java:215)&#10;        at java.util.concurrent.locks.AbstractQueuedSynchronizer$ConditionObject.awaitNanos(AbstractQueuedSynchronizer.java:2078)&#10;        at org.eclipse.jetty.util.BlockingArrayQueue.poll(BlockingArrayQueue.java:392)&#10;        at org.eclipse.jetty.util.thread.QueuedThreadPool.idleJobPoll(QueuedThreadPool.java:563)&#10;        at org.eclipse.jetty.util.thread.QueuedThreadPool.access$800(QueuedThreadPool.java:48)&#10;        at org.eclipse.jetty.util.thread.QueuedThreadPool$2.run(QueuedThreadPool.java:626)&#10;        at java.lang.Thread.run(Thread.java:748)&#10;&quot;IPC Server Responder&quot; daemon prio=5 tid=18 runnable&#10;java.lang.Thread.State: RUNNABLE&#10;        at sun.nio.ch.EPollArrayWrapper.epollWait(Native Method)&#10;        at sun.nio.ch.EPollArrayWrapper.poll(EPollArrayWrapper.java:269)&#10;        at sun.nio.ch.EPollSelectorImpl.doSelect(EPollSelectorImpl.java:93)&#10;        at sun.nio.ch.SelectorImpl.lockAndDoSelect(SelectorImpl.java:86)&#10;        at sun.nio.ch.SelectorImpl.select(SelectorImpl.java:97)&#10;        at org.apache.hadoop.ipc.Server$Responder.doRunLoop(Server.java:1334)&#10;        at org.apache.hadoop.ipc.Server$Responder.run(Server.java:1317)&#10;&quot;pool-26-thread-14&quot;  prio=5 tid=247 in Object.wait()&#10;java.lang.Thread.State: WAITING (on object monitor)&#10;        at sun.misc.Unsafe.park(Native Method)&#10;        at java.util.concurrent.locks.LockSupport.park(LockSupport.java:175)&#10;        at java.util.concurrent.locks.AbstractQueuedSynchronizer$ConditionObject.await(AbstractQueuedSynchronizer.java:2039)&#10;        at java.util.concurrent.ArrayBlockingQueue.take(ArrayBlockingQueue.java:403)&#10;        at java.util.concurrent.ThreadPoolExecutor.getTask(ThreadPoolExecutor.java:1074)&#10;        at java.util.concurrent.ThreadPoolExecutor.runWorker(ThreadPoolExecutor.java:1134)&#10;        at java.util.concurrent.ThreadPoolExecutor$Worker.run(ThreadPoolExecutor.java:624)&#10;        at java.lang.Thread.run(Thread.java:748)&#10;&quot;pool-46-thread-32&quot;  prio=5 tid=385 in Object.wait()&#10;java.lang.Thread.State: WAITING (on object monitor)&#10;        at sun.misc.Unsafe.park(Native Method)&#10;        at java.util.concurrent.locks.LockSupport.park(LockSupport.java:175)&#10;        at java.util.concurrent.locks.AbstractQueuedSynchronizer$ConditionObject.await(AbstractQueuedSynchronizer.java:2039)&#10;        at java.util.concurrent.ArrayBlockingQueue.take(ArrayBlockingQueue.java:403)&#10;        at java.util.concurrent.ThreadPoolExecutor.getTask(ThreadPoolExecutor.java:1074)&#10;        at java.util.concurrent.ThreadPoolExecutor.runWorker(ThreadPoolExecutor.java:1134)&#10;        at java.util.concurrent.ThreadPoolExecutor$Worker.run(ThreadPoolExecutor.java:624)&#10;        at java.lang.Thread.run(Thread.java:748)&#10;&quot;jaeger.RemoteReporter-QueueProcessor&quot; daemon prio=5 tid=148 in Object.wait()&#10;java.lang.Thread.State: WAITING (on object monitor)&#10;        at sun.misc.Unsafe.park(Native Method)&#10;        at java.util.concurrent.locks.LockSupport.park(LockSupport.java:175)&#10;        at java.util.concurrent.locks.AbstractQueuedSynchronizer$ConditionObject.await(AbstractQueuedSynchronizer.java:2039)&#10;        at java.util.concurrent.ArrayBlockingQueue.take(ArrayBlockingQueue.java:403)&#10;        at io.jaegertracing.internal.reporters.RemoteReporter$QueueProcessor.run(RemoteReporter.java:173)&#10;        at java.lang.Thread.run(Thread.java:748)&#10;&quot;IPC Server listener on 32962&quot; daemon prio=5 tid=108 runnable&#10;java.lang.Thread.State: RUNNABLE&#10;        at sun.nio.ch.EPollArrayWrapper.epollWait(Native Method)&#10;        at sun.nio.ch.EPollArrayWrapper.poll(EPollArrayWrapper.java:269)&#10;        at sun.nio.ch.EPollSelectorImpl.doSelect(EPollSelectorImpl.java:93)&#10;        at sun.nio.ch.SelectorImpl.lockAndDoSelect(SelectorImpl.java:86)&#10;        at sun.nio.ch.SelectorImpl.select(SelectorImpl.java:97)&#10;        at sun.nio.ch.SelectorImpl.select(SelectorImpl.java:101)&#10;        at org.apache.hadoop.ipc.Server$Listener.run(Server.java:1159)&#10;&quot;metrics-hadoop-metrics2-reporter-3-thread-1&quot; daemon prio=5 tid=440 timed_waiting&#10;java.lang.Thread.State: TIMED_WAITING&#10;        at sun.misc.Unsafe.park(Native Method)&#10;        at java.util.concurrent.locks.LockSupport.parkNanos(LockSupport.java:215)&#10;        at java.util.concurrent.locks.AbstractQueuedSynchronizer$ConditionObject.awaitNanos(AbstractQueuedSynchronizer.java:2078)&#10;        at java.util.concurrent.ScheduledThreadPoolExecutor$DelayedWorkQueue.take(ScheduledThreadPoolExecutor.java:1093)&#10;        at java.util.concurrent.ScheduledThreadPoolExecutor$DelayedWorkQueue.take(ScheduledThreadPoolExecutor.java:809)&#10;        at java.util.concurrent.ThreadPoolExecutor.getTask(ThreadPoolExecutor.java:1074)&#10;        at java.util.concurrent.ThreadPoolExecutor.runWorker(ThreadPoolExecutor.java:1134)&#10;        at java.util.concurrent.ThreadPoolExecutor$Worker.run(ThreadPoolExecutor.java:624)&#10;        at java.lang.Thread.run(Thread.java:748)&#10;&quot;pool-26-thread-23&quot;  prio=5 tid=256 in Object.wait()&#10;java.lang.Thread.State: WAITING (on object monitor)&#10;        at sun.misc.Unsafe.park(Native Method)&#10;        at java.util.concurrent.locks.LockSupport.park(LockSupport.java:175)&#10;        at java.util.concurrent.locks.AbstractQueuedSynchronizer$ConditionObject.await(AbstractQueuedSynchronizer.java:2039)&#10;        at java.util.concurrent.ArrayBlockingQueue.take(ArrayBlockingQueue.java:403)&#10;        at java.util.concurrent.ThreadPoolExecutor.getTask(ThreadPoolExecutor.java:1074)&#10;        at java.util.concurrent.ThreadPoolExecutor.runWorker(ThreadPoolExecutor.java:1134)&#10;        at java.util.concurrent.ThreadPoolExecutor$Worker.run(ThreadPoolExecutor.java:624)&#10;        at java.lang.Thread.run(Thread.java:748)&#10;&quot;pool-36-thread-53&quot;  prio=5 tid=346 in Object.wait()&#10;java.lang.Thread.State: WAITING (on object monitor)&#10;        at sun.misc.Unsafe.park(Native Method)&#10;        at java.util.concurrent.locks.LockSupport.park(LockSupport.java:175)&#10;        at java.util.concurrent.locks.AbstractQueuedSynchronizer$ConditionObject.await(AbstractQueuedSynchronizer.java:2039)&#10;        at java.util.concurrent.ArrayBlockingQueue.take(ArrayBlockingQueue.java:403)&#10;        at java.util.concurrent.ThreadPoolExecutor.getTask(ThreadPoolExecutor.java:1074)&#10;        at java.util.concurrent.ThreadPoolExecutor.runWorker(ThreadPoolExecutor.java:1134)&#10;        at java.util.concurrent.ThreadPoolExecutor$Worker.run(ThreadPoolExecutor.java:624)&#10;        at java.lang.Thread.run(Thread.java:748)&#10;&quot;pool-26-thread-41&quot;  prio=5 tid=274 in Object.wait()&#10;java.lang.Thread.State: WAITING (on object monitor)&#10;        at sun.misc.Unsafe.park(Native Method)&#10;        at java.util.concurrent.locks.LockSupport.park(LockSupport.java:175)&#10;        at java.util.concurrent.locks.AbstractQueuedSynchronizer$ConditionObject.await(AbstractQueuedSynchronizer.java:2039)&#10;        at java.util.concurrent.ArrayBlockingQueue.take(ArrayBlockingQueue.java:403)&#10;        at java.util.concurrent.ThreadPoolExecutor.getTask(ThreadPoolExecutor.java:1074)&#10;        at java.util.concurrent.ThreadPoolExecutor.runWorker(ThreadPoolExecutor.java:1134)&#10;        at java.util.concurrent.ThreadPoolExecutor$Worker.run(ThreadPoolExecutor.java:624)&#10;        at java.lang.Thread.run(Thread.java:748)&#10;&quot;IPC Server handler 17 on 32962&quot; daemon prio=5 tid=133 timed_waiting&#10;java.lang.Thread.State: TIMED_WAITING&#10;        at sun.misc.Unsafe.park(Native Method)&#10;        at java.util.concurrent.locks.LockSupport.parkNanos(LockSupport.java:215)&#10;        at java.util.concurrent.locks.AbstractQueuedSynchronizer$ConditionObject.awaitNanos(AbstractQueuedSynchronizer.java:2078)&#10;        at java.util.concurrent.LinkedBlockingQueue.poll(LinkedBlockingQueue.java:467)&#10;        at org.apache.hadoop.ipc.CallQueueManager.take(CallQueueManager.java:288)&#10;        at org.apache.hadoop.ipc.Server$Handler.run(Server.java:2668)&#10;&quot;pool-46-thread-7&quot;  prio=5 tid=360 in Object.wait()&#10;java.lang.Thread.State: WAITING (on object monitor)&#10;        at sun.misc.Unsafe.park(Native Method)&#10;        at java.util.concurrent.locks.LockSupport.park(LockSupport.java:175)&#10;        at java.util.concurrent.locks.AbstractQueuedSynchronizer$ConditionObject.await(AbstractQueuedSynchronizer.java:2039)&#10;        at java.util.concurrent.ArrayBlockingQueue.take(ArrayBlockingQueue.java:403)&#10;        at java.util.concurrent.ThreadPoolExecutor.getTask(ThreadPoolExecutor.java:1074)&#10;        at java.util.concurrent.ThreadPoolExecutor.runWorker(ThreadPoolExecutor.java:1134)&#10;        at java.util.concurrent.ThreadPoolExecutor$Worker.run(ThreadPoolExecutor.java:624)&#10;        at java.lang.Thread.run(Thread.java:748)&#10;&quot;metrics-hadoop-metrics2-reporter-34-thread-1&quot; daemon prio=5 tid=641 timed_waiting&#10;java.lang.Thread.State: TIMED_WAITING&#10;        at sun.misc.Unsafe.park(Native Method)&#10;        at java.util.concurrent.locks.LockSupport.parkNanos(LockSupport.java:215)&#10;        at java.util.concurrent.locks.AbstractQueuedSynchronizer$ConditionObject.awaitNanos(AbstractQueuedSynchronizer.java:2078)&#10;        at java.util.concurrent.ScheduledThreadPoolExecutor$DelayedWorkQueue.take(ScheduledThreadPoolExecutor.java:1093)&#10;        at java.util.concurrent.ScheduledThreadPoolExecutor$DelayedWorkQueue.take(ScheduledThreadPoolExecutor.java:809)&#10;        at java.util.concurrent.ThreadPoolExecutor.getTask(ThreadPoolExecutor.java:1074)&#10;        at java.util.concurrent.ThreadPoolExecutor.runWorker(ThreadPoolExecutor.java:1134)&#10;        at java.util.concurrent.ThreadPoolExecutor$Worker.run(ThreadPoolExecutor.java:624)&#10;        at java.lang.Thread.run(Thread.java:748)&#10;&quot;EventQueue-ContainerReportForContainerReportHandler&quot; daemon prio=5 tid=423 in Object.wait()&#10;java.lang.Thread.State: WAITING (on object monitor)&#10;        at sun.misc.Unsafe.park(Native Method)&#10;        at java.util.concurrent.locks.LockSupport.park(LockSupport.java:175)&#10;        at java.util.concurrent.locks.AbstractQueuedSynchronizer$ConditionObject.await(AbstractQueuedSynchronizer.java:2039)&#10;        at java.util.concurrent.LinkedBlockingQueue.take(LinkedBlockingQueue.java:442)&#10;        at java.util.concurrent.ThreadPoolExecutor.getTask(ThreadPoolExecutor.java:1074)&#10;        at java.util.concurrent.ThreadPoolExecutor.runWorker(ThreadPoolExecutor.java:1134)&#10;        at java.util.concurrent.ThreadPoolExecutor$Worker.run(ThreadPoolExecutor.java:624)&#10;        at java.lang.Thread.run(Thread.java:748)&#10;&quot;pool-46-thread-43&quot;  prio=5 tid=396 in Object.wait()&#10;java.lang.Thread.State: WAITING (on object monitor)&#10;        at sun.misc.Unsafe.park(Native Method)&#10;        at java.util.concurrent.locks.LockSupport.park(LockSupport.java:175)&#10;        at java.util.concurrent.locks.AbstractQueuedSynchronizer$ConditionObject.await(AbstractQueuedSynchronizer.java:2039)&#10;        at java.util.concurrent.ArrayBlockingQueue.take(ArrayBlockingQueue.java:403)&#10;        at java.util.concurrent.ThreadPoolExecutor.getTask(ThreadPoolExecutor.java:1074)&#10;        at java.util.concurrent.ThreadPoolExecutor.runWorker(ThreadPoolExecutor.java:1134)&#10;        at java.util.concurrent.ThreadPoolExecutor$Worker.run(ThreadPoolExecutor.java:624)&#10;        at java.lang.Thread.run(Thread.java:748)&#10;&quot;pool-21-thread-1&quot;  prio=5 tid=136 timed_waiting&#10;java.lang.Thread.State: TIMED_WAITING&#10;        at sun.misc.Unsafe.park(Native Method)&#10;        at java.util.concurrent.locks.LockSupport.parkNanos(LockSupport.java:215)&#10;        at java.util.concurrent.locks.AbstractQueuedSynchronizer$ConditionObject.awaitNanos(AbstractQueuedSynchronizer.java:2078)&#10;        at java.util.concurrent.ScheduledThreadPoolExecutor$DelayedWorkQueue.take(ScheduledThreadPoolExecutor.java:1093)&#10;        at java.util.concurrent.ScheduledThreadPoolExecutor$DelayedWorkQueue.take(ScheduledThreadPoolExecutor.java:809)&#10;        at java.util.concurrent.ThreadPoolExecutor.getTask(ThreadPoolExecutor.java:1074)&#10;        at java.util.concurrent.ThreadPoolExecutor.runWorker(ThreadPoolExecutor.java:1134)&#10;        at java.util.concurrent.ThreadPoolExecutor$Worker.run(ThreadPoolExecutor.java:624)&#10;        at java.lang.Thread.run(Thread.java:748)&#10;&quot;pool-36-thread-1&quot;  prio=5 tid=294 in Object.wait()&#10;java.lang.Thread.State: WAITING (on object monitor)&#10;        at sun.misc.Unsafe.park(Native Method)&#10;        at java.util.concurrent.locks.LockSupport.park(LockSupport.java:175)&#10;        at java.util.concurrent.locks.AbstractQueuedSynchronizer$ConditionObject.await(AbstractQueuedSynchronizer.java:2039)&#10;        at java.util.concurrent.ArrayBlockingQueue.take(ArrayBlockingQueue.java:403)&#10;        at java.util.concurrent.ThreadPoolExecutor.getTask(ThreadPoolExecutor.java:1074)&#10;        at java.util.concurrent.ThreadPoolExecutor.runWorker(ThreadPoolExecutor.java:1134)&#10;        at java.util.concurrent.ThreadPoolExecutor$Worker.run(ThreadPoolExecutor.java:624)&#10;        at java.lang.Thread.run(Thread.java:748)&#10;&quot;IPC Server handler 14 on 39615&quot; daemon prio=5 tid=44 timed_waiting&#10;java.lang.Thread.State: TIMED_WAITING&#10;        at sun.misc.Unsafe.park(Native Method)&#10;        at java.util.concurrent.locks.LockSupport.parkNanos(LockSupport.java:215)&#10;        at java.util.concurrent.locks.AbstractQueuedSynchronizer$ConditionObject.awaitNanos(AbstractQueuedSynchronizer.java:2078)&#10;        at java.util.concurrent.LinkedBlockingQueue.poll(LinkedBlockingQueue.java:467)&#10;        at org.apache.hadoop.ipc.CallQueueManager.take(CallQueueManager.java:288)&#10;        at org.apache.hadoop.ipc.Server$Handler.run(Server.java:2668)&#10;&quot;IPC Server handler 14 on 32962&quot; daemon prio=5 tid=130 timed_waiting&#10;java.lang.Thread.State: TIMED_WAITING&#10;        at sun.misc.Unsafe.park(Native Method)&#10;        at java.util.concurrent.locks.LockSupport.parkNanos(LockSupport.java:215)&#10;        at java.util.concurrent.locks.AbstractQueuedSynchronizer$ConditionObject.awaitNanos(AbstractQueuedSynchronizer.java:2078)&#10;        at java.util.concurrent.LinkedBlockingQueue.poll(LinkedBlockingQueue.java:467)&#10;        at org.apache.hadoop.ipc.CallQueueManager.take(CallQueueManager.java:288)&#10;        at org.apache.hadoop.ipc.Server$Handler.run(Server.java:2668)&#10;&quot;IPC Server handler 5 on 39615&quot; daemon prio=5 tid=35 timed_waiting&#10;java.lang.Thread.State: TIMED_WAITING&#10;        at sun.misc.Unsafe.park(Native Method)&#10;        at java.util.concurrent.locks.LockSupport.parkNanos(LockSupport.java:215)&#10;        at java.util.concurrent.locks.AbstractQueuedSynchronizer$ConditionObject.awaitNanos(AbstractQueuedSynchronizer.java:2078)&#10;        at java.util.concurrent.LinkedBlockingQueue.poll(LinkedBlockingQueue.java:467)&#10;        at org.apache.hadoop.ipc.CallQueueManager.take(CallQueueManager.java:288)&#10;        at org.apache.hadoop.ipc.Server$Handler.run(Server.java:2668)&#10;&quot;qtp1911719100-90&quot; daemon prio=5 tid=90 runnable&#10;java.lang.Thread.State: RUNNABLE&#10;        at sun.nio.ch.EPollArrayWrapper.epollWait(Native Method)&#10;        at sun.nio.ch.EPollArrayWrapper.poll(EPollArrayWrapper.java:269)&#10;        at sun.nio.ch.EPollSelectorImpl.doSelect(EPollSelectorImpl.java:93)&#10;        at sun.nio.ch.SelectorImpl.lockAndDoSelect(SelectorImpl.java:86)&#10;        at sun.nio.ch.SelectorImpl.select(SelectorImpl.java:97)&#10;        at sun.nio.ch.SelectorImpl.select(SelectorImpl.java:101)&#10;        at org.eclipse.jetty.io.ManagedSelector$SelectorProducer.select(ManagedSelector.java:243)&#10;        at org.eclipse.jetty.io.ManagedSelector$SelectorProducer.produce(ManagedSelector.java:191)&#10;        at org.eclipse.jetty.util.thread.strategy.ExecuteProduceConsume.executeProduceConsume(ExecuteProduceConsume.java:249)&#10;        at org.eclipse.jetty.util.thread.strategy.ExecuteProduceConsume.produceConsume(ExecuteProduceConsume.java:148)&#10;        at org.eclipse.jetty.util.thread.strategy.ExecuteProduceConsume.execute(ExecuteProduceConsume.java:100)&#10;        at org.eclipse.jetty.io.ManagedSelector.run(ManagedSelector.java:147)&#10;        at org.eclipse.jetty.util.thread.QueuedThreadPool.runJob(QueuedThreadPool.java:671)&#10;        at org.eclipse.jetty.util.thread.QueuedThreadPool$2.run(QueuedThreadPool.java:589)&#10;        at java.lang.Thread.run(Thread.java:748)&#10;&quot;pool-46-thread-15&quot;  prio=5 tid=368 in Object.wait()&#10;java.lang.Thread.State: WAITING (on object monitor)&#10;        at sun.misc.Unsafe.park(Native Method)&#10;        at java.util.concurrent.locks.LockSupport.park(LockSupport.java:175)&#10;        at java.util.concurrent.locks.AbstractQueuedSynchronizer$ConditionObject.await(AbstractQueuedSynchronizer.java:2039)&#10;        at java.util.concurrent.ArrayBlockingQueue.take(ArrayBlockingQueue.java:403)&#10;        at java.util.concurrent.ThreadPoolExecutor.getTask(ThreadPoolExecutor.java:1074)&#10;        at java.util.concurrent.ThreadPoolExecutor.runWorker(ThreadPoolExecutor.java:1134)&#10;        at java.util.concurrent.ThreadPoolExecutor$Worker.run(ThreadPoolExecutor.java:624)&#10;        at java.lang.Thread.run(Thread.java:748)&#10;&quot;pool-26-thread-15&quot;  prio=5 tid=248 in Object.wait()&#10;java.lang.Thread.State: WAITING (on object monitor)&#10;        at sun.misc.Unsafe.park(Native Method)&#10;        at java.util.concurrent.locks.LockSupport.park(LockSupport.java:175)&#10;        at java.util.concurrent.locks.AbstractQueuedSynchronizer$ConditionObject.await(AbstractQueuedSynchronizer.java:2039)&#10;        at java.util.concurrent.ArrayBlockingQueue.take(ArrayBlockingQueue.java:403)&#10;        at java.util.concurrent.ThreadPoolExecutor.getTask(ThreadPoolExecutor.java:1074)&#10;        at java.util.concurrent.ThreadPoolExecutor.runWorker(ThreadPoolExecutor.java:1134)&#10;        at java.util.concurrent.ThreadPoolExecutor$Worker.run(ThreadPoolExecutor.java:624)&#10;        at java.lang.Thread.run(Thread.java:748)&#10;&quot;qtp1761240183-144&quot; daemon prio=5 tid=144 timed_waiting&#10;java.lang.Thread.State: TIMED_WAITING&#10;        at sun.misc.Unsafe.park(Native Method)&#10;        at java.util.concurrent.locks.LockSupport.parkNanos(LockSupport.java:215)&#10;        at java.util.concurrent.locks.AbstractQueuedSynchronizer$ConditionObject.awaitNanos(AbstractQueuedSynchronizer.java:2078)&#10;        at org.eclipse.jetty.util.BlockingArrayQueue.poll(BlockingArrayQueue.java:392)&#10;        at org.eclipse.jetty.util.thread.QueuedThreadPool.idleJobPoll(QueuedThreadPool.java:563)&#10;        at org.eclipse.jetty.util.thread.QueuedThreadPool.access$800(QueuedThreadPool.java:48)&#10;        at org.eclipse.jetty.util.thread.QueuedThreadPool$2.run(QueuedThreadPool.java:626)&#10;        at java.lang.Thread.run(Thread.java:748)&#10;&quot;qtp312968017-193&quot; daemon prio=5 tid=193 timed_waiting&#10;java.lang.Thread.State: TIMED_WAITING&#10;        at sun.misc.Unsafe.park(Native Method)&#10;        at java.util.concurrent.locks.LockSupport.parkNanos(LockSupport.java:215)&#10;        at java.util.concurrent.locks.AbstractQueuedSynchronizer$ConditionObject.awaitNanos(AbstractQueuedSynchronizer.java:2078)&#10;        at org.eclipse.jetty.util.BlockingArrayQueue.poll(BlockingArrayQueue.java:392)&#10;        at org.eclipse.jetty.util.thread.QueuedThreadPool.idleJobPoll(QueuedThreadPool.java:563)&#10;        at org.eclipse.jetty.util.thread.QueuedThreadPool.access$800(QueuedThreadPool.java:48)&#10;        at org.eclipse.jetty.util.thread.QueuedThreadPool$2.run(QueuedThreadPool.java:626)&#10;        at java.lang.Thread.run(Thread.java:748)&#10;&quot;refreshUsed-/workdir/hadoop-ozone/ozonefs/target/test-dir/MiniOzoneClusterImpl-bd2adbcd-a8bb-4b9e-9c25-f9aa9b2c6882/datanode-1/data/containers&quot; daemon prio=5 tid=182 timed_waiting&#10;java.lang.Thread.State: TIMED_WAITING&#10;        at java.lang.Thread.sleep(Native Method)&#10;        at org.apache.hadoop.fs.CachingGetSpaceUsed$RefreshThread.run(CachingGetSpaceUsed.java:179)&#10;        at java.lang.Thread.run(Thread.java:748)&#10;&quot;KeyDeletingService#0&quot; daemon prio=5 tid=114 in Object.wait()&#10;java.lang.Thread.State: WAITING (on object monitor)&#10;        at sun.misc.Unsafe.park(Native Method)&#10;        at java.util.concurrent.locks.LockSupport.park(LockSupport.java:175)&#10;        at java.util.concurrent.locks.AbstractQueuedSynchronizer$ConditionObject.await(AbstractQueuedSynchronizer.java:2039)&#10;        at java.util.concurrent.ScheduledThreadPoolExecutor$DelayedWorkQueue.take(ScheduledThreadPoolExecutor.java:1088)&#10;        at java.util.concurrent.ScheduledThreadPoolExecutor$DelayedWorkQueue.take(ScheduledThreadPoolExecutor.java:809)&#10;        at java.util.concurrent.ThreadPoolExecutor.getTask(ThreadPoolExecutor.java:1074)&#10;        at java.util.concurrent.ThreadPoolExecutor.runWorker(ThreadPoolExecutor.java:1134)&#10;        at java.util.concurrent.ThreadPoolExecutor$Worker.run(ThreadPoolExecutor.java:624)&#10;        at java.lang.Thread.run(Thread.java:748)&#10;&quot;pool-6-thread-1&quot;  prio=5 tid=27 timed_waiting&#10;java.lang.Thread.State: TIMED_WAITING&#10;        at sun.misc.Unsafe.park(Native Method)&#10;        at java.util.concurrent.locks.LockSupport.parkNanos(LockSupport.java:215)&#10;        at java.util.concurrent.locks.AbstractQueuedSynchronizer$ConditionObject.awaitNanos(AbstractQueuedSynchronizer.java:2078)&#10;        at java.util.concurrent.ScheduledThreadPoolExecutor$DelayedWorkQueue.take(ScheduledThreadPoolExecutor.java:1093)&#10;        at java.util.concurrent.ScheduledThreadPoolExecutor$DelayedWorkQueue.take(ScheduledThreadPoolExecutor.java:809)&#10;        at java.util.concurrent.ThreadPoolExecutor.getTask(ThreadPoolExecutor.java:1074)&#10;        at java.util.concurrent.ThreadPoolExecutor.runWorker(ThreadPoolExecutor.java:1134)&#10;        at java.util.concurrent.ThreadPoolExecutor$Worker.run(ThreadPoolExecutor.java:624)&#10;        at java.lang.Thread.run(Thread.java:748)&#10;&quot;IPC Server handler 1 on 32962&quot; daemon prio=5 tid=116 timed_waiting&#10;java.lang.Thread.State: TIMED_WAITING&#10;        at sun.misc.Unsafe.park(Native Method)&#10;        at java.util.concurrent.locks.LockSupport.parkNanos(LockSupport.java:215)&#10;        at java.util.concurrent.locks.AbstractQueuedSynchronizer$ConditionObject.awaitNanos(AbstractQueuedSynchronizer.java:2078)&#10;        at java.util.concurrent.LinkedBlockingQueue.poll(LinkedBlockingQueue.java:467)&#10;        at org.apache.hadoop.ipc.CallQueueManager.take(CallQueueManager.java:288)&#10;        at org.apache.hadoop.ipc.Server$Handler.run(Server.java:2668)&#10;&quot;IPC Server handler 15 on 32962&quot; daemon prio=5 tid=131 timed_waiting&#10;java.lang.Thread.State: TIMED_WAITING&#10;        at sun.misc.Unsafe.park(Native Method)&#10;        at java.util.concurrent.locks.LockSupport.parkNanos(LockSupport.java:215)&#10;        at java.util.concurrent.locks.AbstractQueuedSynchronizer$ConditionObject.awaitNanos(AbstractQueuedSynchronizer.java:2078)&#10;        at java.util.concurrent.LinkedBlockingQueue.poll(LinkedBlockingQueue.java:467)&#10;        at org.apache.hadoop.ipc.CallQueueManager.take(CallQueueManager.java:288)&#10;        at org.apache.hadoop.ipc.Server$Handler.run(Server.java:2668)&#10;&quot;org.eclipse.jetty.server.session.HashSessionManager@5edd449dTimer&quot; daemon prio=5 tid=98 timed_waiting&#10;java.lang.Thread.State: TIMED_WAITING&#10;        at sun.misc.Unsafe.park(Native Method)&#10;        at java.util.concurrent.locks.LockSupport.parkNanos(LockSupport.java:215)&#10;        at java.util.concurrent.locks.AbstractQueuedSynchronizer$ConditionObject.awaitNanos(AbstractQueuedSynchronizer.java:2078)&#10;        at java.util.concurrent.ScheduledThreadPoolExecutor$DelayedWorkQueue.take(ScheduledThreadPoolExecutor.java:1093)&#10;        at java.util.concurrent.ScheduledThreadPoolExecutor$DelayedWorkQueue.take(ScheduledThreadPoolExecutor.java:809)&#10;        at java.util.concurrent.ThreadPoolExecutor.getTask(ThreadPoolExecutor.java:1074)&#10;        at java.util.concurrent.ThreadPoolExecutor.runWorker(ThreadPoolExecutor.java:1134)&#10;        at java.util.concurrent.ThreadPoolExecutor$Worker.run(ThreadPoolExecutor.java:624)&#10;        at java.lang.Thread.run(Thread.java:748)&#10;&quot;qtp1124883352-216&quot; daemon prio=5 tid=216 timed_waiting&#10;java.lang.Thread.State: TIMED_WAITING&#10;        at sun.misc.Unsafe.park(Native Method)&#10;        at java.util.concurrent.locks.LockSupport.parkNanos(LockSupport.java:215)&#10;        at java.util.concurrent.locks.AbstractQueuedSynchronizer$ConditionObject.awaitNanos(AbstractQueuedSynchronizer.java:2078)&#10;        at org.eclipse.jetty.util.BlockingArrayQueue.poll(BlockingArrayQueue.java:392)&#10;        at org.eclipse.jetty.util.thread.QueuedThreadPool.idleJobPoll(QueuedThreadPool.java:563)&#10;        at org.eclipse.jetty.util.thread.QueuedThreadPool.access$800(QueuedThreadPool.java:48)&#10;        at org.eclipse.jetty.util.thread.QueuedThreadPool$2.run(QueuedThreadPool.java:626)&#10;        at java.lang.Thread.run(Thread.java:748)&#10;&quot;org.eclipse.jetty.server.session.HashSessionManager@4edb9a8cTimer&quot; daemon prio=5 tid=100 timed_waiting&#10;java.lang.Thread.State: TIMED_WAITING&#10;        at sun.misc.Unsafe.park(Native Method)&#10;        at java.util.concurrent.locks.LockSupport.parkNanos(LockSupport.java:215)&#10;        at java.util.concurrent.locks.AbstractQueuedSynchronizer$ConditionObject.awaitNanos(AbstractQueuedSynchronizer.java:2078)&#10;        at java.util.concurrent.ScheduledThreadPoolExecutor$DelayedWorkQueue.take(ScheduledThreadPoolExecutor.java:1093)&#10;        at java.util.concurrent.ScheduledThreadPoolExecutor$DelayedWorkQueue.take(ScheduledThreadPoolExecutor.java:809)&#10;        at java.util.concurrent.ThreadPoolExecutor.getTask(ThreadPoolExecutor.java:1074)&#10;        at java.util.concurrent.ThreadPoolExecutor.runWorker(ThreadPoolExecutor.java:1134)&#10;        at java.util.concurrent.ThreadPoolExecutor$Worker.run(ThreadPoolExecutor.java:624)&#10;        at java.lang.Thread.run(Thread.java:748)&#10;&quot;IPC Server handler 17 on 39615&quot; daemon prio=5 tid=47 timed_waiting&#10;java.lang.Thread.State: TIMED_WAITING&#10;        at sun.misc.Unsafe.park(Native Method)&#10;        at java.util.concurrent.locks.LockSupport.parkNanos(LockSupport.java:215)&#10;        at java.util.concurrent.locks.AbstractQueuedSynchronizer$ConditionObject.awaitNanos(AbstractQueuedSynchronizer.java:2078)&#10;        at java.util.concurrent.LinkedBlockingQueue.poll(LinkedBlockingQueue.java:467)&#10;        at org.apache.hadoop.ipc.CallQueueManager.take(CallQueueManager.java:288)&#10;        at org.apache.hadoop.ipc.Server$Handler.run(Server.java:2668)&#10;&quot;grpc-default-worker-ELG-3-3&quot; daemon prio=5 tid=433 runnable&#10;java.lang.Thread.State: RUNNABLE&#10;        at sun.nio.ch.EPollArrayWrapper.epollWait(Native Method)&#10;        at sun.nio.ch.EPollArrayWrapper.poll(EPollArrayWrapper.java:269)&#10;        at sun.nio.ch.EPollSelectorImpl.doSelect(EPollSelectorImpl.java:93)&#10;        at sun.nio.ch.SelectorImpl.lockAndDoSelect(SelectorImpl.java:86)&#10;        at sun.nio.ch.SelectorImpl.select(SelectorImpl.java:97)&#10;        at org.apache.ratis.thirdparty.io.netty.channel.nio.SelectedSelectionKeySetSelector.select(SelectedSelectionKeySetSelector.java:62)&#10;        at org.apache.ratis.thirdparty.io.netty.channel.nio.NioEventLoop.select(NioEventLoop.java:753)&#10;        at org.apache.ratis.thirdparty.io.netty.channel.nio.NioEventLoop.run(NioEventLoop.java:408)&#10;        at org.apache.ratis.thirdparty.io.netty.util.concurrent.SingleThreadEventExecutor$5.run(SingleThreadEventExecutor.java:897)&#10;        at org.apache.ratis.thirdparty.io.netty.util.concurrent.FastThreadLocalRunnable.run(FastThreadLocalRunnable.java:30)&#10;        at java.lang.Thread.run(Thread.java:748)&#10;&quot;pool-36-thread-2&quot;  prio=5 tid=295 in Object.wait()&#10;java.lang.Thread.State: WAITING (on object monitor)&#10;        at sun.misc.Unsafe.park(Native Method)&#10;        at java.util.concurrent.locks.LockSupport.park(LockSupport.java:175)&#10;        at java.util.concurrent.locks.AbstractQueuedSynchronizer$ConditionObject.await(AbstractQueuedSynchronizer.java:2039)&#10;        at java.util.concurrent.ArrayBlockingQueue.take(ArrayBlockingQueue.java:403)&#10;        at java.util.concurrent.ThreadPoolExecutor.getTask(ThreadPoolExecutor.java:1074)&#10;        at java.util.concurrent.ThreadPoolExecutor.runWorker(ThreadPoolExecutor.java:1134)&#10;        at java.util.concurrent.ThreadPoolExecutor$Worker.run(ThreadPoolExecutor.java:624)&#10;        at java.lang.Thread.run(Thread.java:748)&#10;&quot;pool-46-thread-4&quot;  prio=5 tid=357 in Object.wait()&#10;java.lang.Thread.State: WAITING (on object monitor)&#10;        at sun.misc.Unsafe.park(Native Method)&#10;        at java.util.concurrent.locks.LockSupport.park(LockSupport.java:175)&#10;        at java.util.concurrent.locks.AbstractQueuedSynchronizer$ConditionObject.await(AbstractQueuedSynchronizer.java:2039)&#10;        at java.util.concurrent.ArrayBlockingQueue.take(ArrayBlockingQueue.java:403)&#10;        at java.util.concurrent.ThreadPoolExecutor.getTask(ThreadPoolExecutor.java:1074)&#10;        at java.util.concurrent.ThreadPoolExecutor.runWorker(ThreadPoolExecutor.java:1134)&#10;        at java.util.concurrent.ThreadPoolExecutor$Worker.run(ThreadPoolExecutor.java:624)&#10;        at java.lang.Thread.run(Thread.java:748)&#10;&quot;pool-36-thread-42&quot;  prio=5 tid=335 in Object.wait()&#10;java.lang.Thread.State: WAITING (on object monitor)&#10;        at sun.misc.Unsafe.park(Native Method)&#10;        at java.util.concurrent.locks.LockSupport.park(LockSupport.java:175)&#10;        at java.util.concurrent.locks.AbstractQueuedSynchronizer$ConditionObject.await(AbstractQueuedSynchronizer.java:2039)&#10;        at java.util.concurrent.ArrayBlockingQueue.take(ArrayBlockingQueue.java:403)&#10;        at java.util.concurrent.ThreadPoolExecutor.getTask(ThreadPoolExecutor.java:1074)&#10;        at java.util.concurrent.ThreadPoolExecutor.runWorker(ThreadPoolExecutor.java:1134)&#10;        at java.util.concurrent.ThreadPoolExecutor$Worker.run(ThreadPoolExecutor.java:624)&#10;        at java.lang.Thread.run(Thread.java:748)&#10;&quot;pool-26-thread-51&quot;  prio=5 tid=284 in Object.wait()&#10;java.lang.Thread.State: WAITING (on object monitor)&#10;        at sun.misc.Unsafe.park(Native Method)&#10;        at java.util.concurrent.locks.LockSupport.park(LockSupport.java:175)&#10;        at java.util.concurrent.locks.AbstractQueuedSynchronizer$ConditionObject.await(AbstractQueuedSynchronizer.java:2039)&#10;        at java.util.concurrent.ArrayBlockingQueue.take(ArrayBlockingQueue.java:403)&#10;        at java.util.concurrent.ThreadPoolExecutor.getTask(ThreadPoolExecutor.java:1074)&#10;        at java.util.concurrent.ThreadPoolExecutor.runWorker(ThreadPoolExecutor.java:1134)&#10;        at java.util.concurrent.ThreadPoolExecutor$Worker.run(ThreadPoolExecutor.java:624)&#10;        at java.lang.Thread.run(Thread.java:748)&#10;&quot;java.util.concurrent.ThreadPoolExecutor$Worker@25a23712[State = -1, empty queue]&quot; daemon prio=5 tid=647 timed_waiting&#10;java.lang.Thread.State: TIMED_WAITING&#10;        at sun.misc.Unsafe.park(Native Method)&#10;        at java.util.concurrent.locks.LockSupport.parkNanos(LockSupport.java:215)&#10;        at java.util.concurrent.locks.AbstractQueuedSynchronizer$ConditionObject.awaitNanos(AbstractQueuedSynchronizer.java:2078)&#10;        at java.util.concurrent.ScheduledThreadPoolExecutor$DelayedWorkQueue.take(ScheduledThreadPoolExecutor.java:1093)&#10;        at java.util.concurrent.ScheduledThreadPoolExecutor$DelayedWorkQueue.take(ScheduledThreadPoolExecutor.java:809)&#10;        at java.util.concurrent.ThreadPoolExecutor.getTask(ThreadPoolExecutor.java:1074)&#10;        at java.util.concurrent.ThreadPoolExecutor.runWorker(ThreadPoolExecutor.java:1134)&#10;        at java.util.concurrent.ThreadPoolExecutor$Worker.run(ThreadPoolExecutor.java:624)&#10;        at java.lang.Thread.run(Thread.java:748)&#10;&quot;IPC Server idle connection scanner for port 39656&quot; daemon prio=5 tid=17 timed_waiting&#10;java.lang.Thread.State: TIMED_WAITING&#10;        at java.lang.Object.wait(Native Method)&#10;        at java.util.TimerThread.mainLoop(Timer.java:552)&#10;        at java.util.TimerThread.run(Timer.java:505)&#10;&quot;Thread-0&quot;  prio=5 tid=11 runnable&#10;java.lang.Thread.State: RUNNABLE&#10;        at java.lang.Thread.dumpThreads(Native Method)&#10;        at java.lang.Thread.getAllStackTraces(Thread.java:1610)&#10;        at org.apache.hadoop.test.TimedOutTestsListener.buildThreadDump(TimedOutTestsListener.java:87)&#10;        at org.apache.hadoop.test.TimedOutTestsListener.buildThreadDiagnosticString(TimedOutTestsListener.java:73)&#10;        at org.apache.hadoop.test.GenericTestUtils.waitFor(GenericTestUtils.java:389)&#10;        at org.apache.hadoop.ozone.MiniOzoneClusterImpl.waitForClusterToBeReady(MiniOzoneClusterImpl.java:149)&#10;        at org.apache.hadoop.fs.ozone.TestOzoneFileSystem.init(TestOzoneFileSystem.java:74)&#10;        at sun.reflect.NativeMethodAccessorImpl.invoke0(Native Method)&#10;        at sun.reflect.NativeMethodAccessorImpl.invoke(NativeMethodAccessorImpl.java:62)&#10;        at sun.reflect.DelegatingMethodAccessorImpl.invoke(DelegatingMethodAccessorImpl.java:43)&#10;        at java.lang.reflect.Method.invoke(Method.java:498)&#10;        at org.junit.runners.model.FrameworkMethod$1.runReflectiveCall(FrameworkMethod.java:47)&#10;        at org.junit.internal.runners.model.ReflectiveCallable.run(ReflectiveCallable.java:12)&#10;        at org.junit.runners.model.FrameworkMethod.invokeExplosively(FrameworkMethod.java:44)&#10;        at org.junit.internal.runners.statements.RunBefores.evaluate(RunBefores.java:24)&#10;        at org.junit.internal.runners.statements.RunAfters.evaluate(RunAfters.java:27)&#10;        at org.junit.internal.runners.statements.FailOnTimeout$StatementThread.run(FailOnTimeout.java:74)&#10;&quot;pool-50-thread-1&quot;  prio=5 tid=213 timed_waiting&#10;java.lang.Thread.State: TIMED_WAITING&#10;        at sun.misc.Unsafe.park(Native Method)&#10;        at java.util.concurrent.locks.LockSupport.parkNanos(LockSupport.java:215)&#10;        at java.util.concurrent.locks.AbstractQueuedSynchronizer$ConditionObject.awaitNanos(AbstractQueuedSynchronizer.java:2078)&#10;        at java.util.concurrent.ScheduledThreadPoolExecutor$DelayedWorkQueue.take(ScheduledThreadPoolExecutor.java:1093)&#10;        at java.util.concurrent.ScheduledThreadPoolExecutor$DelayedWorkQueue.take(ScheduledThreadPoolExecutor.java:809)&#10;        at java.util.concurrent.ThreadPoolExecutor.getTask(ThreadPoolExecutor.java:1074)&#10;        at java.util.concurrent.ThreadPoolExecutor.runWorker(ThreadPoolExecutor.java:1134)&#10;        at java.util.concurrent.ThreadPoolExecutor$Worker.run(ThreadPoolExecutor.java:624)&#10;        at java.lang.Thread.run(Thread.java:748)&#10;&quot;Datanode ReportManager Thread - 2&quot; daemon prio=5 tid=201 timed_waiting&#10;java.lang.Thread.State: TIMED_WAITING&#10;        at sun.misc.Unsafe.park(Native Method)&#10;        at java.util.concurrent.locks.LockSupport.parkNanos(LockSupport.java:215)&#10;        at java.util.concurrent.locks.AbstractQueuedSynchronizer$ConditionObject.awaitNanos(AbstractQueuedSynchronizer.java:2078)&#10;        at java.util.concurrent.ScheduledThreadPoolExecutor$DelayedWorkQueue.take(ScheduledThreadPoolExecutor.java:1093)&#10;        at java.util.concurrent.ScheduledThreadPoolExecutor$DelayedWorkQueue.take(ScheduledThreadPoolExecutor.java:809)&#10;        at java.util.concurrent.ThreadPoolExecutor.getTask(ThreadPoolExecutor.java:1074)&#10;        at java.util.concurrent.ThreadPoolExecutor.runWorker(ThreadPoolExecutor.java:1134)&#10;        at java.util.concurrent.ThreadPoolExecutor$Worker.run(ThreadPoolExecutor.java:624)&#10;        at java.lang.Thread.run(Thread.java:748)&#10;&quot;Socket Reader #1 for port 32962&quot;  prio=5 tid=109 runnable&#10;java.lang.Thread.State: RUNNABLE&#10;        at sun.nio.ch.EPollArrayWrapper.epollWait(Native Method)&#10;        at sun.nio.ch.EPollArrayWrapper.poll(EPollArrayWrapper.java:269)&#10;        at sun.nio.ch.EPollSelectorImpl.doSelect(EPollSelectorImpl.java:93)&#10;        at sun.nio.ch.SelectorImpl.lockAndDoSelect(SelectorImpl.java:86)&#10;        at sun.nio.ch.SelectorImpl.select(SelectorImpl.java:97)&#10;        at sun.nio.ch.SelectorImpl.select(SelectorImpl.java:101)&#10;        at org.apache.hadoop.ipc.Server$Listener$Reader.doRunLoop(Server.java:1097)&#10;        at org.apache.hadoop.ipc.Server$Listener$Reader.run(Server.java:1076)&#10;&quot;pool-46-thread-39&quot;  prio=5 tid=392 in Object.wait()&#10;java.lang.Thread.State: WAITING (on object monitor)&#10;        at sun.misc.Unsafe.park(Native Method)&#10;        at java.util.concurrent.locks.LockSupport.park(LockSupport.java:175)&#10;        at java.util.concurrent.locks.AbstractQueuedSynchronizer$ConditionObject.await(AbstractQueuedSynchronizer.java:2039)&#10;        at java.util.concurrent.ArrayBlockingQueue.take(ArrayBlockingQueue.java:403)&#10;        at java.util.concurrent.ThreadPoolExecutor.getTask(ThreadPoolExecutor.java:1074)&#10;        at java.util.concurrent.ThreadPoolExecutor.runWorker(ThreadPoolExecutor.java:1134)&#10;        at java.util.concurrent.ThreadPoolExecutor$Worker.run(ThreadPoolExecutor.java:624)&#10;        at java.lang.Thread.run(Thread.java:748)&#10;&quot;qtp312968017-190&quot; daemon prio=5 tid=190 timed_waiting&#10;java.lang.Thread.State: TIMED_WAITING&#10;        at sun.misc.Unsafe.park(Native Method)&#10;        at java.util.concurrent.locks.LockSupport.parkNanos(LockSupport.java:215)&#10;        at java.util.concurrent.locks.AbstractQueuedSynchronizer$ConditionObject.awaitNanos(AbstractQueuedSynchronizer.java:2078)&#10;        at org.eclipse.jetty.util.BlockingArrayQueue.poll(BlockingArrayQueue.java:392)&#10;        at org.eclipse.jetty.util.thread.QueuedThreadPool.idleJobPoll(QueuedThreadPool.java:563)&#10;        at org.eclipse.jetty.util.thread.QueuedThreadPool.access$800(QueuedThreadPool.java:48)&#10;        at org.eclipse.jetty.util.thread.QueuedThreadPool$2.run(QueuedThreadPool.java:626)&#10;        at java.lang.Thread.run(Thread.java:748)&#10;&quot;pool-46-thread-34&quot;  prio=5 tid=387 in Object.wait()&#10;java.lang.Thread.State: WAITING (on object monitor)&#10;        at sun.misc.Unsafe.park(Native Method)&#10;        at java.util.concurrent.locks.LockSupport.park(LockSupport.java:175)&#10;        at java.util.concurrent.locks.AbstractQueuedSynchronizer$ConditionObject.await(AbstractQueuedSynchronizer.java:2039)&#10;        at java.util.concurrent.ArrayBlockingQueue.take(ArrayBlockingQueue.java:403)&#10;        at java.util.concurrent.ThreadPoolExecutor.getTask(ThreadPoolExecutor.java:1074)&#10;        at java.util.concurrent.ThreadPoolExecutor.runWorker(ThreadPoolExecutor.java:1134)&#10;        at java.util.concurrent.ThreadPoolExecutor$Worker.run(ThreadPoolExecutor.java:624)&#10;        at java.lang.Thread.run(Thread.java:748)&#10;&quot;metrics-hadoop-metrics2-reporter-27-thread-1&quot; daemon prio=5 tid=523 timed_waiting&#10;java.lang.Thread.State: TIMED_WAITING&#10;        at sun.misc.Unsafe.park(Native Method)&#10;        at java.util.concurrent.locks.LockSupport.parkNanos(LockSupport.java:215)&#10;        at java.util.concurrent.locks.AbstractQueuedSynchronizer$ConditionObject.awaitNanos(AbstractQueuedSynchronizer.java:2078)&#10;        at java.util.concurrent.ScheduledThreadPoolExecutor$DelayedWorkQueue.take(ScheduledThreadPoolExecutor.java:1093)&#10;        at java.util.concurrent.ScheduledThreadPoolExecutor$DelayedWorkQueue.take(ScheduledThreadPoolExecutor.java:809)&#10;        at java.util.concurrent.ThreadPoolExecutor.getTask(ThreadPoolExecutor.java:1074)&#10;        at java.util.concurrent.ThreadPoolExecutor.runWorker(ThreadPoolExecutor.java:1134)&#10;        at java.util.concurrent.ThreadPoolExecutor$Worker.run(ThreadPoolExecutor.java:624)&#10;        at java.lang.Thread.run(Thread.java:748)&#10;&quot;IPC Server handler 6 on 39656&quot; daemon prio=5 tid=76 timed_waiting&#10;java.lang.Thread.State: TIMED_WAITING&#10;        at sun.misc.Unsafe.park(Native Method)&#10;        at java.util.concurrent.locks.LockSupport.parkNanos(LockSupport.java:215)&#10;        at java.util.concurrent.locks.AbstractQueuedSynchronizer$ConditionObject.awaitNanos(AbstractQueuedSynchronizer.java:2078)&#10;        at java.util.concurrent.LinkedBlockingQueue.poll(LinkedBlockingQueue.java:467)&#10;        at org.apache.hadoop.ipc.CallQueueManager.take(CallQueueManager.java:288)&#10;        at org.apache.hadoop.ipc.Server$Handler.run(Server.java:2668)&#10;&quot;qtp1761240183-138-acceptor-0@53f268b7-ServerConnector@520cf50a{HTTP/1.1,[http/1.1]}{0.0.0.0:43042}&quot; daemon prio=3 tid=138 runnable&#10;java.lang.Thread.State: RUNNABLE&#10;        at sun.nio.ch.ServerSocketChannelImpl.accept0(Native Method)&#10;        at sun.nio.ch.ServerSocketChannelImpl.accept(ServerSocketChannelImpl.java:422)&#10;        at sun.nio.ch.ServerSocketChannelImpl.accept(ServerSocketChannelImpl.java:250)&#10;        at org.eclipse.jetty.server.ServerConnector.accept(ServerConnector.java:397)&#10;        at org.eclipse.jetty.server.AbstractConnector$Acceptor.run(AbstractConnector.java:601)&#10;        at org.eclipse.jetty.util.thread.QueuedThreadPool.runJob(QueuedThreadPool.java:671)&#10;        at org.eclipse.jetty.util.thread.QueuedThreadPool$2.run(QueuedThreadPool.java:589)&#10;        at java.lang.Thread.run(Thread.java:748)&#10;&quot;org.eclipse.jetty.server.session.HashSessionManager@5b38464bTimer&quot; daemon prio=5 tid=147 timed_waiting&#10;java.lang.Thread.State: TIMED_WAITING&#10;        at sun.misc.Unsafe.park(Native Method)&#10;        at java.util.concurrent.locks.LockSupport.parkNanos(LockSupport.java:215)&#10;        at java.util.concurrent.locks.AbstractQueuedSynchronizer$ConditionObject.awaitNanos(AbstractQueuedSynchronizer.java:2078)&#10;        at java.util.concurrent.ScheduledThreadPoolExecutor$DelayedWorkQueue.take(ScheduledThreadPoolExecutor.java:1093)&#10;        at java.util.concurrent.ScheduledThreadPoolExecutor$DelayedWorkQueue.take(ScheduledThreadPoolExecutor.java:809)&#10;        at java.util.concurrent.ThreadPoolExecutor.getTask(ThreadPoolExecutor.java:1074)&#10;        at java.util.concurrent.ThreadPoolExecutor.runWorker(ThreadPoolExecutor.java:1134)&#10;        at java.util.concurrent.ThreadPoolExecutor$Worker.run(ThreadPoolExecutor.java:624)&#10;        at java.lang.Thread.run(Thread.java:748)&#10;&quot;IPC Server handler 9 on 32962&quot; daemon prio=5 tid=124 timed_waiting&#10;java.lang.Thread.State: TIMED_WAITING&#10;        at sun.misc.Unsafe.park(Native Method)&#10;        at java.util.concurrent.locks.LockSupport.parkNanos(LockSupport.java:215)&#10;        at java.util.concurrent.locks.AbstractQueuedSynchronizer$ConditionObject.awaitNanos(AbstractQueuedSynchronizer.java:2078)&#10;        at java.util.concurrent.LinkedBlockingQueue.poll(LinkedBlockingQueue.java:467)&#10;        at org.apache.hadoop.ipc.CallQueueManager.take(CallQueueManager.java:288)&#10;        at org.apache.hadoop.ipc.Server$Handler.run(Server.java:2668)&#10;&quot;IPC Server handler 15 on 37656&quot; daemon prio=5 tid=65 timed_waiting&#10;java.lang.Thread.State: TIMED_WAITING&#10;        at sun.misc.Unsafe.park(Native Method)&#10;        at java.util.concurrent.locks.LockSupport.parkNanos(LockSupport.java:215)&#10;        at java.util.concurrent.locks.AbstractQueuedSynchronizer$ConditionObject.awaitNanos(AbstractQueuedSynchronizer.java:2078)&#10;        at java.util.concurrent.LinkedBlockingQueue.poll(LinkedBlockingQueue.java:467)&#10;        at org.apache.hadoop.ipc.CallQueueManager.take(CallQueueManager.java:288)&#10;        at org.apache.hadoop.ipc.Server$Handler.run(Server.java:2668)&#10;&quot;IPC Server handler 5 on 39656&quot; daemon prio=5 tid=75 timed_waiting&#10;java.lang.Thread.State: TIMED_WAITING&#10;        at sun.misc.Unsafe.park(Native Method)&#10;        at java.util.concurrent.locks.LockSupport.parkNanos(LockSupport.java:215)&#10;        at java.util.concurrent.locks.AbstractQueuedSynchronizer$ConditionObject.awaitNanos(AbstractQueuedSynchronizer.java:2078)&#10;        at java.util.concurrent.LinkedBlockingQueue.poll(LinkedBlockingQueue.java:467)&#10;        at org.apache.hadoop.ipc.CallQueueManager.take(CallQueueManager.java:288)&#10;        at org.apache.hadoop.ipc.Server$Handler.run(Server.java:2668)&#10;&quot;pool-46-thread-51&quot;  prio=5 tid=404 in Object.wait()&#10;java.lang.Thread.State: WAITING (on object monitor)&#10;        at sun.misc.Unsafe.park(Native Method)&#10;        at java.util.concurrent.locks.LockSupport.park(LockSupport.java:175)&#10;        at java.util.concurrent.locks.AbstractQueuedSynchronizer$ConditionObject.await(AbstractQueuedSynchronizer.java:2039)&#10;        at java.util.concurrent.ArrayBlockingQueue.take(ArrayBlockingQueue.java:403)&#10;        at java.util.concurrent.ThreadPoolExecutor.getTask(ThreadPoolExecutor.java:1074)&#10;        at java.util.concurrent.ThreadPoolExecutor.runWorker(ThreadPoolExecutor.java:1134)&#10;        at java.util.concurrent.ThreadPoolExecutor$Worker.run(ThreadPoolExecutor.java:624)&#10;        at java.lang.Thread.run(Thread.java:748)&#10;&quot;qtp1911719100-91&quot; daemon prio=5 tid=91 timed_waiting&#10;java.lang.Thread.State: TIMED_WAITING&#10;        at sun.misc.Unsafe.park(Native Method)&#10;        at java.util.concurrent.locks.LockSupport.parkNanos(LockSupport.java:215)&#10;        at java.util.concurrent.locks.AbstractQueuedSynchronizer$ConditionObject.awaitNanos(AbstractQueuedSynchronizer.java:2078)&#10;        at org.eclipse.jetty.util.BlockingArrayQueue.poll(BlockingArrayQueue.java:392)&#10;        at org.eclipse.jetty.util.thread.QueuedThreadPool.idleJobPoll(QueuedThreadPool.java:563)&#10;        at org.eclipse.jetty.util.thread.QueuedThreadPool.access$800(QueuedThreadPool.java:48)&#10;        at org.eclipse.jetty.util.thread.QueuedThreadPool$2.run(QueuedThreadPool.java:626)&#10;        at java.lang.Thread.run(Thread.java:748)&#10;&quot;pool-26-thread-54&quot;  prio=5 tid=287 in Object.wait()&#10;java.lang.Thread.State: WAITING (on object monitor)&#10;        at sun.misc.Unsafe.park(Native Method)&#10;        at java.util.concurrent.locks.LockSupport.park(LockSupport.java:175)&#10;        at java.util.concurrent.locks.AbstractQueuedSynchronizer$ConditionObject.await(AbstractQueuedSynchronizer.java:2039)&#10;        at java.util.concurrent.ArrayBlockingQueue.take(ArrayBlockingQueue.java:403)&#10;        at java.util.concurrent.ThreadPoolExecutor.getTask(ThreadPoolExecutor.java:1074)&#10;        at java.util.concurrent.ThreadPoolExecutor.runWorker(ThreadPoolExecutor.java:1134)&#10;        at java.util.concurrent.ThreadPoolExecutor$Worker.run(ThreadPoolExecutor.java:624)&#10;        at java.lang.Thread.run(Thread.java:748)&#10;&quot;Datanode State Machine Thread - 0&quot; daemon prio=5 tid=178 timed_waiting&#10;java.lang.Thread.State: TIMED_WAITING&#10;        at sun.misc.Unsafe.park(Native Method)&#10;        at java.util.concurrent.locks.LockSupport.parkNanos(LockSupport.java:215)&#10;        at java.util.concurrent.SynchronousQueue$TransferStack.awaitFulfill(SynchronousQueue.java:460)&#10;        at java.util.concurrent.SynchronousQueue$TransferStack.transfer(SynchronousQueue.java:362)&#10;        at java.util.concurrent.SynchronousQueue.poll(SynchronousQueue.java:941)&#10;        at java.util.concurrent.ThreadPoolExecutor.getTask(ThreadPoolExecutor.java:1073)&#10;        at java.util.concurrent.ThreadPoolExecutor.runWorker(ThreadPoolExecutor.java:1134)&#10;        at java.util.concurrent.ThreadPoolExecutor$Worker.run(ThreadPoolExecutor.java:624)&#10;        at java.lang.Thread.run(Thread.java:748)&#10;&quot;pool-26-thread-17&quot;  prio=5 tid=250 in Object.wait()&#10;java.lang.Thread.State: WAITING (on object monitor)&#10;        at sun.misc.Unsafe.park(Native Method)&#10;        at java.util.concurrent.locks.LockSupport.park(LockSupport.java:175)&#10;        at java.util.concurrent.locks.AbstractQueuedSynchronizer$ConditionObject.await(AbstractQueuedSynchronizer.java:2039)&#10;        at java.util.concurrent.ArrayBlockingQueue.take(ArrayBlockingQueue.java:403)&#10;        at java.util.concurrent.ThreadPoolExecutor.getTask(ThreadPoolExecutor.java:1074)&#10;        at java.util.concurrent.ThreadPoolExecutor.runWorker(ThreadPoolExecutor.java:1134)&#10;        at java.util.concurrent.ThreadPoolExecutor$Worker.run(ThreadPoolExecutor.java:624)&#10;        at java.lang.Thread.run(Thread.java:748)&#10;&quot;pool-36-thread-47&quot;  prio=5 tid=340 in Object.wait()&#10;java.lang.Thread.State: WAITING (on object monitor)&#10;        at sun.misc.Unsafe.park(Native Method)&#10;        at java.util.concurrent.locks.LockSupport.park(LockSupport.java:175)&#10;        at java.util.concurrent.locks.AbstractQueuedSynchronizer$ConditionObject.await(AbstractQueuedSynchronizer.java:2039)&#10;        at java.util.concurrent.ArrayBlockingQueue.take(ArrayBlockingQueue.java:403)&#10;        at java.util.concurrent.ThreadPoolExecutor.getTask(ThreadPoolExecutor.java:1074)&#10;        at java.util.concurrent.ThreadPoolExecutor.runWorker(ThreadPoolExecutor.java:1134)&#10;        at java.util.concurrent.ThreadPoolExecutor$Worker.run(ThreadPoolExecutor.java:624)&#10;        at java.lang.Thread.run(Thread.java:748)&#10;&quot;pool-26-thread-28&quot;  prio=5 tid=261 in Object.wait()&#10;java.lang.Thread.State: WAITING (on object monitor)&#10;        at sun.misc.Unsafe.park(Native Method)&#10;        at java.util.concurrent.locks.LockSupport.park(LockSupport.java:175)&#10;        at java.util.concurrent.locks.AbstractQueuedSynchronizer$ConditionObject.await(AbstractQueuedSynchronizer.java:2039)&#10;        at java.util.concurrent.ArrayBlockingQueue.take(ArrayBlockingQueue.java:403)&#10;        at java.util.concurrent.ThreadPoolExecutor.getTask(ThreadPoolExecutor.java:1074)&#10;        at java.util.concurrent.ThreadPoolExecutor.runWorker(ThreadPoolExecutor.java:1134)&#10;        at java.util.concurrent.ThreadPoolExecutor$Worker.run(ThreadPoolExecutor.java:624)&#10;        at java.lang.Thread.run(Thread.java:748)&#10;&quot;Periodic HDDS volume checker&quot;  prio=5 tid=207 timed_waiting&#10;java.lang.Thread.State: TIMED_WAITING&#10;        at sun.misc.Unsafe.park(Native Method)&#10;        at java.util.concurrent.locks.LockSupport.parkNanos(LockSupport.java:215)&#10;        at java.util.concurrent.locks.AbstractQueuedSynchronizer$ConditionObject.awaitNanos(AbstractQueuedSynchronizer.java:2078)&#10;        at java.util.concurrent.ScheduledThreadPoolExecutor$DelayedWorkQueue.take(ScheduledThreadPoolExecutor.java:1093)&#10;        at java.util.concurrent.ScheduledThreadPoolExecutor$DelayedWorkQueue.take(ScheduledThreadPoolExecutor.java:809)&#10;        at java.util.concurrent.ThreadPoolExecutor.getTask(ThreadPoolExecutor.java:1074)&#10;        at java.util.concurrent.ThreadPoolExecutor.runWorker(ThreadPoolExecutor.java:1134)&#10;        at java.util.concurrent.ThreadPoolExecutor$Worker.run(ThreadPoolExecutor.java:624)&#10;        at java.lang.Thread.run(Thread.java:748)&#10;&quot;org.apache.hadoop.util.JvmPauseMonitor$Monitor@7806b0ce&quot; daemon prio=5 tid=177 timed_waiting&#10;java.lang.Thread.State: TIMED_WAITING&#10;        at java.lang.Thread.sleep(Native Method)&#10;        at org.apache.hadoop.util.JvmPauseMonitor$Monitor.run(JvmPauseMonitor.java:192)&#10;        at java.lang.Thread.run(Thread.java:748)&#10;&quot;pool-36-thread-16&quot;  prio=5 tid=309 in Object.wait()&#10;java.lang.Thread.State: WAITING (on object monitor)&#10;        at sun.misc.Unsafe.park(Native Method)&#10;        at java.util.concurrent.locks.LockSupport.park(LockSupport.java:175)&#10;        at java.util.concurrent.locks.AbstractQueuedSynchronizer$ConditionObject.await(AbstractQueuedSynchronizer.java:2039)&#10;        at java.util.concurrent.ArrayBlockingQueue.take(ArrayBlockingQueue.java:403)&#10;        at java.util.concurrent.ThreadPoolExecutor.getTask(ThreadPoolExecutor.java:1074)&#10;        at java.util.concurrent.ThreadPoolExecutor.runWorker(ThreadPoolExecutor.java:1134)&#10;        at java.util.concurrent.ThreadPoolExecutor$Worker.run(ThreadPoolExecutor.java:624)&#10;        at java.lang.Thread.run(Thread.java:748)&#10;&quot;IPC Server handler 5 on 32962&quot; daemon prio=5 tid=120 timed_waiting&#10;java.lang.Thread.State: TIMED_WAITING&#10;        at sun.misc.Unsafe.park(Native Method)&#10;        at java.util.concurrent.locks.LockSupport.parkNanos(LockSupport.java:215)&#10;        at java.util.concurrent.locks.AbstractQueuedSynchronizer$ConditionObject.awaitNanos(AbstractQueuedSynchronizer.java:2078)&#10;        at java.util.concurrent.LinkedBlockingQueue.poll(LinkedBlockingQueue.java:467)&#10;        at org.apache.hadoop.ipc.CallQueueManager.take(CallQueueManager.java:288)&#10;        at org.apache.hadoop.ipc.Server$Handler.run(Server.java:2668)&#10;&quot;IPC Server handler 5 on 37656&quot; daemon prio=5 tid=55 timed_waiting&#10;java.lang.Thread.State: TIMED_WAITING&#10;        at sun.misc.Unsafe.park(Native Method)&#10;        at java.util.concurrent.locks.LockSupport.parkNanos(LockSupport.java:215)&#10;        at java.util.concurrent.locks.AbstractQueuedSynchronizer$ConditionObject.awaitNanos(AbstractQueuedSynchronizer.java:2078)&#10;        at java.util.concurrent.LinkedBlockingQueue.poll(LinkedBlockingQueue.java:467)&#10;        at org.apache.hadoop.ipc.CallQueueManager.take(CallQueueManager.java:288)&#10;        at org.apache.hadoop.ipc.Server$Handler.run(Server.java:2668)&#10;&quot;pool-26-thread-32&quot;  prio=5 tid=265 in Object.wait()&#10;java.lang.Thread.State: WAITING (on object monitor)&#10;        at sun.misc.Unsafe.park(Native Method)&#10;        at java.util.concurrent.locks.LockSupport.park(LockSupport.java:175)&#10;        at java.util.concurrent.locks.AbstractQueuedSynchronizer$ConditionObject.await(AbstractQueuedSynchronizer.java:2039)&#10;        at java.util.concurrent.ArrayBlockingQueue.take(ArrayBlockingQueue.java:403)&#10;        at java.util.concurrent.ThreadPoolExecutor.getTask(ThreadPoolExecutor.java:1074)&#10;        at java.util.concurrent.ThreadPoolExecutor.runWorker(ThreadPoolExecutor.java:1134)&#10;        at java.util.concurrent.ThreadPoolExecutor$Worker.run(ThreadPoolExecutor.java:624)&#10;        at java.lang.Thread.run(Thread.java:748)&#10;&quot;Datanode ReportManager Thread - 0&quot; daemon prio=5 tid=199 in Object.wait()&#10;java.lang.Thread.State: WAITING (on object monitor)&#10;        at sun.misc.Unsafe.park(Native Method)&#10;        at java.util.concurrent.locks.LockSupport.park(LockSupport.java:175)&#10;        at java.util.concurrent.locks.AbstractQueuedSynchronizer$ConditionObject.await(AbstractQueuedSynchronizer.java:2039)&#10;        at java.util.concurrent.ScheduledThreadPoolExecutor$DelayedWorkQueue.take(ScheduledThreadPoolExecutor.java:1088)&#10;        at java.util.concurrent.ScheduledThreadPoolExecutor$DelayedWorkQueue.take(ScheduledThreadPoolExecutor.java:809)&#10;        at java.util.concurrent.ThreadPoolExecutor.getTask(ThreadPoolExecutor.java:1074)&#10;        at java.util.concurrent.ThreadPoolExecutor.runWorker(ThreadPoolExecutor.java:1134)&#10;        at java.util.concurrent.ThreadPoolExecutor$Worker.run(ThreadPoolExecutor.java:624)&#10;        at java.lang.Thread.run(Thread.java:748)&#10;&quot;pool-36-thread-46&quot;  prio=5 tid=339 in Object.wait()&#10;java.lang.Thread.State: WAITING (on object monitor)&#10;        at sun.misc.Unsafe.park(Native Method)&#10;        at java.util.concurrent.locks.LockSupport.park(LockSupport.java:175)&#10;        at java.util.concurrent.locks.AbstractQueuedSynchronizer$ConditionObject.await(AbstractQueuedSynchronizer.java:2039)&#10;        at java.util.concurrent.ArrayBlockingQueue.take(ArrayBlockingQueue.java:403)&#10;        at java.util.concurrent.ThreadPoolExecutor.getTask(ThreadPoolExecutor.java:1074)&#10;        at java.util.concurrent.ThreadPoolExecutor.runWorker(ThreadPoolExecutor.java:1134)&#10;        at java.util.concurrent.ThreadPoolExecutor$Worker.run(ThreadPoolExecutor.java:624)&#10;        at java.lang.Thread.run(Thread.java:748)&#10;&quot;metrics-hadoop-metrics2-reporter-23-thread-1&quot; daemon prio=5 tid=510 timed_waiting&#10;java.lang.Thread.State: TIMED_WAITING&#10;        at sun.misc.Unsafe.park(Native Method)&#10;        at java.util.concurrent.locks.LockSupport.parkNanos(LockSupport.java:215)&#10;        at java.util.concurrent.locks.AbstractQueuedSynchronizer$ConditionObject.awaitNanos(AbstractQueuedSynchronizer.java:2078)&#10;        at java.util.concurrent.ScheduledThreadPoolExecutor$DelayedWorkQueue.take(ScheduledThreadPoolExecutor.java:1093)&#10;        at java.util.concurrent.ScheduledThreadPoolExecutor$DelayedWorkQueue.take(ScheduledThreadPoolExecutor.java:809)&#10;        at java.util.concurrent.ThreadPoolExecutor.getTask(ThreadPoolExecutor.java:1074)&#10;        at java.util.concurrent.ThreadPoolExecutor.runWorker(ThreadPoolExecutor.java:1134)&#10;        at java.util.concurrent.ThreadPoolExecutor$Worker.run(ThreadPoolExecutor.java:624)&#10;        at java.lang.Thread.run(Thread.java:748)&#10;&quot;6b24a2ab-97ee-4d49-85cc-2d76c2f4b8ef@group-895FFB7708A4-StateMachineUpdater&quot; daemon prio=5 tid=463 in Object.wait()&#10;java.lang.Thread.State: WAITING (on object monitor)&#10;        at java.lang.Object.wait(Native Method)&#10;        at java.lang.Object.wait(Object.java:502)&#10;        at org.apache.ratis.server.impl.StateMachineUpdater.waitForCommit(StateMachineUpdater.java:194)&#10;        at org.apache.ratis.server.impl.StateMachineUpdater.run(StateMachineUpdater.java:159)&#10;        at java.lang.Thread.run(Thread.java:748)&#10;&quot;metrics-hadoop-metrics2-reporter-36-thread-1&quot; daemon prio=5 tid=645 timed_waiting&#10;java.lang.Thread.State: TIMED_WAITING&#10;        at sun.misc.Unsafe.park(Native Method)&#10;        at java.util.concurrent.locks.LockSupport.parkNanos(LockSupport.java:215)&#10;        at java.util.concurrent.locks.AbstractQueuedSynchronizer$ConditionObject.awaitNanos(AbstractQueuedSynchronizer.java:2078)&#10;        at java.util.concurrent.ScheduledThreadPoolExecutor$DelayedWorkQueue.take(ScheduledThreadPoolExecutor.java:1093)&#10;        at java.util.concurrent.ScheduledThreadPoolExecutor$DelayedWorkQueue.take(ScheduledThreadPoolExecutor.java:809)&#10;        at java.util.concurrent.ThreadPoolExecutor.getTask(ThreadPoolExecutor.java:1074)&#10;        at java.util.concurrent.ThreadPoolExecutor.runWorker(ThreadPoolExecutor.java:1134)&#10;        at java.util.concurrent.ThreadPoolExecutor$Worker.run(ThreadPoolExecutor.java:624)&#10;        at java.lang.Thread.run(Thread.java:748)&#10;&quot;surefire-forkedjvm-ping-30s&quot; daemon prio=5 tid=9 timed_waiting&#10;java.lang.Thread.State: TIMED_WAITING&#10;        at sun.misc.Unsafe.park(Native Method)&#10;        at java.util.concurrent.locks.LockSupport.parkNanos(LockSupport.java:215)&#10;        at java.util.concurrent.locks.AbstractQueuedSynchronizer$ConditionObject.awaitNanos(AbstractQueuedSynchronizer.java:2078)&#10;        at java.util.concurrent.ScheduledThreadPoolExecutor$DelayedWorkQueue.take(ScheduledThreadPoolExecutor.java:1093)&#10;        at java.util.concurrent.ScheduledThreadPoolExecutor$DelayedWorkQueue.take(ScheduledThreadPoolExecutor.java:809)&#10;        at java.util.concurrent.ThreadPoolExecutor.getTask(ThreadPoolExecutor.java:1074)&#10;        at java.util.concurrent.ThreadPoolExecutor.runWorker(ThreadPoolExecutor.java:1134)&#10;        at java.util.concurrent.ThreadPoolExecutor$Worker.run(ThreadPoolExecutor.java:624)&#10;        at java.lang.Thread.run(Thread.java:748)&#10;&quot;277b5c5e-8c6f-4c9a-a53f-1bbc96404e12@group-0DB353E2D887-SegmentedRaftLogWorker&quot;  prio=5 tid=437 timed_waiting&#10;java.lang.Thread.State: TIMED_WAITING&#10;        at sun.misc.Unsafe.park(Native Method)&#10;        at java.util.concurrent.locks.LockSupport.parkNanos(LockSupport.java:215)&#10;        at java.util.concurrent.locks.AbstractQueuedSynchronizer$ConditionObject.awaitNanos(AbstractQueuedSynchronizer.java:2078)&#10;        at org.apache.ratis.util.DataBlockingQueue.poll(DataBlockingQueue.java:137)&#10;        at org.apache.ratis.server.raftlog.segmented.SegmentedRaftLogWorker.run(SegmentedRaftLogWorker.java:282)&#10;        at java.lang.Thread.run(Thread.java:748)&#10;&quot;qtp312968017-191&quot; daemon prio=5 tid=191 timed_waiting&#10;java.lang.Thread.State: TIMED_WAITING&#10;        at sun.misc.Unsafe.park(Native Method)&#10;        at java.util.concurrent.locks.LockSupport.parkNanos(LockSupport.java:215)&#10;        at java.util.concurrent.locks.AbstractQueuedSynchronizer$ConditionObject.awaitNanos(AbstractQueuedSynchronizer.java:2078)&#10;        at org.eclipse.jetty.util.BlockingArrayQueue.poll(BlockingArrayQueue.java:392)&#10;        at org.eclipse.jetty.util.thread.QueuedThreadPool.idleJobPoll(QueuedThreadPool.java:563)&#10;        at org.eclipse.jetty.util.thread.QueuedThreadPool.access$800(QueuedThreadPool.java:48)&#10;        at org.eclipse.jetty.util.thread.QueuedThreadPool$2.run(QueuedThreadPool.java:626)&#10;        at java.lang.Thread.run(Thread.java:748)&#10;&quot;IPC Server handler 12 on 39615&quot; daemon prio=5 tid=42 timed_waiting&#10;java.lang.Thread.State: TIMED_WAITING&#10;        at sun.misc.Unsafe.park(Native Method)&#10;        at java.util.concurrent.locks.LockSupport.parkNanos(LockSupport.java:215)&#10;        at java.util.concurrent.locks.AbstractQueuedSynchronizer$ConditionObject.awaitNanos(AbstractQueuedSynchronizer.java:2078)&#10;        at java.util.concurrent.LinkedBlockingQueue.poll(LinkedBlockingQueue.java:467)&#10;        at org.apache.hadoop.ipc.CallQueueManager.take(CallQueueManager.java:288)&#10;        at org.apache.hadoop.ipc.Server$Handler.run(Server.java:2668)&#10;&quot;pool-36-thread-24&quot;  prio=5 tid=317 in Object.wait()&#10;java.lang.Thread.State: WAITING (on object monitor)&#10;        at sun.misc.Unsafe.park(Native Method)&#10;        at java.util.concurrent.locks.LockSupport.park(LockSupport.java:175)&#10;        at java.util.concurrent.locks.AbstractQueuedSynchronizer$ConditionObject.await(AbstractQueuedSynchronizer.java:2039)&#10;        at java.util.concurrent.ArrayBlockingQueue.take(ArrayBlockingQueue.java:403)&#10;        at java.util.concurrent.ThreadPoolExecutor.getTask(ThreadPoolExecutor.java:1074)&#10;        at java.util.concurrent.ThreadPoolExecutor.runWorker(ThreadPoolExecutor.java:1134)&#10;        at java.util.concurrent.ThreadPoolExecutor$Worker.run(ThreadPoolExecutor.java:624)&#10;        at java.lang.Thread.run(Thread.java:748)&#10;&quot;EventQueue-NewNodeForNewNodeHandler&quot; daemon prio=5 tid=421 in Object.wait()&#10;java.lang.Thread.State: WAITING (on object monitor)&#10;        at sun.misc.Unsafe.park(Native Method)&#10;        at java.util.concurrent.locks.LockSupport.park(LockSupport.java:175)&#10;        at java.util.concurrent.locks.AbstractQueuedSynchronizer$ConditionObject.await(AbstractQueuedSynchronizer.java:2039)&#10;        at java.util.concurrent.LinkedBlockingQueue.take(LinkedBlockingQueue.java:442)&#10;        at java.util.concurrent.ThreadPoolExecutor.getTask(ThreadPoolExecutor.java:1074)&#10;        at java.util.concurrent.ThreadPoolExecutor.runWorker(ThreadPoolExecutor.java:1134)&#10;        at java.util.concurrent.ThreadPoolExecutor$Worker.run(ThreadPoolExecutor.java:624)&#10;        at java.lang.Thread.run(Thread.java:748)&#10;&quot;pool-46-thread-45&quot;  prio=5 tid=398 in Object.wait()&#10;java.lang.Thread.State: WAITING (on object monitor)&#10;        at sun.misc.Unsafe.park(Native Method)&#10;        at java.util.concurrent.locks.LockSupport.park(LockSupport.java:175)&#10;        at java.util.concurrent.locks.AbstractQueuedSynchronizer$ConditionObject.await(AbstractQueuedSynchronizer.java:2039)&#10;        at java.util.concurrent.ArrayBlockingQueue.take(ArrayBlockingQueue.java:403)&#10;        at java.util.concurrent.ThreadPoolExecutor.getTask(ThreadPoolExecutor.java:1074)&#10;        at java.util.concurrent.ThreadPoolExecutor.runWorker(ThreadPoolExecutor.java:1134)&#10;        at java.util.concurrent.ThreadPoolExecutor$Worker.run(ThreadPoolExecutor.java:624)&#10;        at java.lang.Thread.run(Thread.java:748)&#10;&quot;metrics-hadoop-metrics2-reporter-26-thread-1&quot; daemon prio=5 tid=521 timed_waiting&#10;java.lang.Thread.State: TIMED_WAITING&#10;        at sun.misc.Unsafe.park(Native Method)&#10;        at java.util.concurrent.locks.LockSupport.parkNanos(LockSupport.java:215)&#10;        at java.util.concurrent.locks.AbstractQueuedSynchronizer$ConditionObject.awaitNanos(AbstractQueuedSynchronizer.java:2078)&#10;        at java.util.concurrent.ScheduledThreadPoolExecutor$DelayedWorkQueue.take(ScheduledThreadPoolExecutor.java:1093)&#10;        at java.util.concurrent.ScheduledThreadPoolExecutor$DelayedWorkQueue.take(ScheduledThreadPoolExecutor.java:809)&#10;        at java.util.concurrent.ThreadPoolExecutor.getTask(ThreadPoolExecutor.java:1074)&#10;        at java.util.concurrent.ThreadPoolExecutor.runWorker(ThreadPoolExecutor.java:1134)&#10;        at java.util.concurrent.ThreadPoolExecutor$Worker.run(ThreadPoolExecutor.java:624)&#10;        at java.lang.Thread.run(Thread.java:748)&#10;&quot;qtp190696393-162&quot; daemon prio=5 tid=162 timed_waiting&#10;java.lang.Thread.State: TIMED_WAITING&#10;        at sun.misc.Unsafe.park(Native Method)&#10;        at java.util.concurrent.locks.LockSupport.parkNanos(LockSupport.java:215)&#10;        at java.util.concurrent.locks.AbstractQueuedSynchronizer$ConditionObject.awaitNanos(AbstractQueuedSynchronizer.java:2078)&#10;        at org.eclipse.jetty.util.BlockingArrayQueue.poll(BlockingArrayQueue.java:392)&#10;        at org.eclipse.jetty.util.thread.QueuedThreadPool.idleJobPoll(QueuedThreadPool.java:563)&#10;        at org.eclipse.jetty.util.thread.QueuedThreadPool.access$800(QueuedThreadPool.java:48)&#10;        at org.eclipse.jetty.util.thread.QueuedThreadPool$2.run(QueuedThreadPool.java:626)&#10;        at java.lang.Thread.run(Thread.java:748)&#10;&quot;pool-24-thread-1&quot; daemon prio=5 tid=157 timed_waiting&#10;java.lang.Thread.State: TIMED_WAITING&#10;        at sun.misc.Unsafe.park(Native Method)&#10;        at java.util.concurrent.locks.LockSupport.parkNanos(LockSupport.java:215)&#10;        at java.util.concurrent.locks.AbstractQueuedSynchronizer$ConditionObject.awaitNanos(AbstractQueuedSynchronizer.java:2078)&#10;        at java.util.concurrent.ScheduledThreadPoolExecutor$DelayedWorkQueue.take(ScheduledThreadPoolExecutor.java:1093)&#10;        at java.util.concurrent.ScheduledThreadPoolExecutor$DelayedWorkQueue.take(ScheduledThreadPoolExecutor.java:809)&#10;        at java.util.concurrent.ThreadPoolExecutor.getTask(ThreadPoolExecutor.java:1074)&#10;        at java.util.concurrent.ThreadPoolExecutor.runWorker(ThreadPoolExecutor.java:1134)&#10;        at java.util.concurrent.ThreadPoolExecutor$Worker.run(ThreadPoolExecutor.java:624)&#10;        at java.lang.Thread.run(Thread.java:748)&#10;&quot;pool-36-thread-23&quot;  prio=5 tid=316 in Object.wait()&#10;java.lang.Thread.State: WAITING (on object monitor)&#10;        at sun.misc.Unsafe.park(Native Method)&#10;        at java.util.concurrent.locks.LockSupport.park(LockSupport.java:175)&#10;        at java.util.concurrent.locks.AbstractQueuedSynchronizer$ConditionObject.await(AbstractQueuedSynchronizer.java:2039)&#10;        at java.util.concurrent.ArrayBlockingQueue.take(ArrayBlockingQueue.java:403)&#10;        at java.util.concurrent.ThreadPoolExecutor.getTask(ThreadPoolExecutor.java:1074)&#10;        at java.util.concurrent.ThreadPoolExecutor.runWorker(ThreadPoolExecutor.java:1134)&#10;        at java.util.concurrent.ThreadPoolExecutor$Worker.run(ThreadPoolExecutor.java:624)&#10;        at java.lang.Thread.run(Thread.java:748)&#10;&quot;java.util.concurrent.ThreadPoolExecutor$Worker@49e23f57[State = -1, empty queue]&quot; daemon prio=5 tid=527 timed_waiting&#10;java.lang.Thread.State: TIMED_WAITING&#10;        at sun.misc.Unsafe.park(Native Method)&#10;        at java.util.concurrent.locks.LockSupport.parkNanos(LockSupport.java:215)&#10;        at java.util.concurrent.locks.AbstractQueuedSynchronizer$ConditionObject.awaitNanos(AbstractQueuedSynchronizer.java:2078)&#10;        at java.util.concurrent.ScheduledThreadPoolExecutor$DelayedWorkQueue.take(ScheduledThreadPoolExecutor.java:1093)&#10;        at java.util.concurrent.ScheduledThreadPoolExecutor$DelayedWorkQueue.take(ScheduledThreadPoolExecutor.java:809)&#10;        at java.util.concurrent.ThreadPoolExecutor.getTask(ThreadPoolExecutor.java:1074)&#10;        at java.util.concurrent.ThreadPoolExecutor.runWorker(ThreadPoolExecutor.java:1134)&#10;        at java.util.concurrent.ThreadPoolExecutor$Worker.run(ThreadPoolExecutor.java:624)&#10;        at java.lang.Thread.run(Thread.java:748)&#10;&quot;org.apache.hadoop.util.JvmPauseMonitor$Monitor@630e2bf4&quot; daemon prio=5 tid=231 timed_waiting&#10;java.lang.Thread.State: TIMED_WAITING&#10;        at java.lang.Thread.sleep(Native Method)&#10;        at org.apache.hadoop.util.JvmPauseMonitor$Monitor.run(JvmPauseMonitor.java:192)&#10;        at java.lang.Thread.run(Thread.java:748)&#10;&quot;pool-36-thread-20&quot;  prio=5 tid=313 in Object.wait()&#10;java.lang.Thread.State: WAITING (on object monitor)&#10;        at sun.misc.Unsafe.park(Native Method)&#10;        at java.util.concurrent.locks.LockSupport.park(LockSupport.java:175)&#10;        at java.util.concurrent.locks.AbstractQueuedSynchronizer$ConditionObject.await(AbstractQueuedSynchronizer.java:2039)&#10;        at java.util.concurrent.ArrayBlockingQueue.take(ArrayBlockingQueue.java:403)&#10;        at java.util.concurrent.ThreadPoolExecutor.getTask(ThreadPoolExecutor.java:1074)&#10;        at java.util.concurrent.ThreadPoolExecutor.runWorker(ThreadPoolExecutor.java:1134)&#10;        at java.util.concurrent.ThreadPoolExecutor$Worker.run(ThreadPoolExecutor.java:624)&#10;        at java.lang.Thread.run(Thread.java:748)&#10;&quot;pool-26-thread-21&quot;  prio=5 tid=254 in Object.wait()&#10;java.lang.Thread.State: WAITING (on object monitor)&#10;        at sun.misc.Unsafe.park(Native Method)&#10;        at java.util.concurrent.locks.LockSupport.park(LockSupport.java:175)&#10;        at java.util.concurrent.locks.AbstractQueuedSynchronizer$ConditionObject.await(AbstractQueuedSynchronizer.java:2039)&#10;        at java.util.concurrent.ArrayBlockingQueue.take(ArrayBlockingQueue.java:403)&#10;        at java.util.concurrent.ThreadPoolExecutor.getTask(ThreadPoolExecutor.java:1074)&#10;        at java.util.concurrent.ThreadPoolExecutor.runWorker(ThreadPoolExecutor.java:1134)&#10;        at java.util.concurrent.ThreadPoolExecutor$Worker.run(ThreadPoolExecutor.java:624)&#10;        at java.lang.Thread.run(Thread.java:748)&#10;&quot;pool-36-thread-48&quot;  prio=5 tid=341 in Object.wait()&#10;java.lang.Thread.State: WAITING (on object monitor)&#10;        at sun.misc.Unsafe.park(Native Method)&#10;        at java.util.concurrent.locks.LockSupport.park(LockSupport.java:175)&#10;        at java.util.concurrent.locks.AbstractQueuedSynchronizer$ConditionObject.await(AbstractQueuedSynchronizer.java:2039)&#10;        at java.util.concurrent.ArrayBlockingQueue.take(ArrayBlockingQueue.java:403)&#10;        at java.util.concurrent.ThreadPoolExecutor.getTask(ThreadPoolExecutor.java:1074)&#10;        at java.util.concurrent.ThreadPoolExecutor.runWorker(ThreadPoolExecutor.java:1134)&#10;        at java.util.concurrent.ThreadPoolExecutor$Worker.run(ThreadPoolExecutor.java:624)&#10;        at java.lang.Thread.run(Thread.java:748)&#10;&quot;pool-36-thread-13&quot;  prio=5 tid=306 in Object.wait()&#10;java.lang.Thread.State: WAITING (on object monitor)&#10;        at sun.misc.Unsafe.park(Native Method)&#10;        at java.util.concurrent.locks.LockSupport.park(LockSupport.java:175)&#10;        at java.util.concurrent.locks.AbstractQueuedSynchronizer$ConditionObject.await(AbstractQueuedSynchronizer.java:2039)&#10;        at java.util.concurrent.ArrayBlockingQueue.take(ArrayBlockingQueue.java:403)&#10;        at java.util.concurrent.ThreadPoolExecutor.getTask(ThreadPoolExecutor.java:1074)&#10;        at java.util.concurrent.ThreadPoolExecutor.runWorker(ThreadPoolExecutor.java:1134)&#10;        at java.util.concurrent.ThreadPoolExecutor$Worker.run(ThreadPoolExecutor.java:624)&#10;        at java.lang.Thread.run(Thread.java:748)&#10;&quot;IPC Server handler 7 on 37656&quot; daemon prio=5 tid=57 timed_waiting&#10;java.lang.Thread.State: TIMED_WAITING&#10;        at sun.misc.Unsafe.park(Native Method)&#10;        at java.util.concurrent.locks.LockSupport.parkNanos(LockSupport.java:215)&#10;        at java.util.concurrent.locks.AbstractQueuedSynchronizer$ConditionObject.awaitNanos(AbstractQueuedSynchronizer.java:2078)&#10;        at java.util.concurrent.LinkedBlockingQueue.poll(LinkedBlockingQueue.java:467)&#10;        at org.apache.hadoop.ipc.CallQueueManager.take(CallQueueManager.java:288)&#10;        at org.apache.hadoop.ipc.Server$Handler.run(Server.java:2668)&#10;&quot;org.eclipse.jetty.server.session.HashSessionManager@468ca8e8Timer&quot; daemon prio=5 tid=223 timed_waiting&#10;java.lang.Thread.State: TIMED_WAITING&#10;        at sun.misc.Unsafe.park(Native Method)&#10;        at java.util.concurrent.locks.LockSupport.parkNanos(LockSupport.java:215)&#10;        at java.util.concurrent.locks.AbstractQueuedSynchronizer$ConditionObject.awaitNanos(AbstractQueuedSynchronizer.java:2078)&#10;        at java.util.concurrent.ScheduledThreadPoolExecutor$DelayedWorkQueue.take(ScheduledThreadPoolExecutor.java:1093)&#10;        at java.util.concurrent.ScheduledThreadPoolExecutor$DelayedWorkQueue.take(ScheduledThreadPoolExecutor.java:809)&#10;        at java.util.concurrent.ThreadPoolExecutor.getTask(ThreadPoolExecutor.java:1074)&#10;        at java.util.concurrent.ThreadPoolExecutor.runWorker(ThreadPoolExecutor.java:1134)&#10;        at java.util.concurrent.ThreadPoolExecutor$Worker.run(ThreadPoolExecutor.java:624)&#10;        at java.lang.Thread.run(Thread.java:748)&#10;&quot;IPC Server listener on 37656&quot; daemon prio=5 tid=19 runnable&#10;java.lang.Thread.State: RUNNABLE&#10;        at sun.nio.ch.EPollArrayWrapper.epollWait(Native Method)&#10;        at sun.nio.ch.EPollArrayWrapper.poll(EPollArrayWrapper.java:269)&#10;        at sun.nio.ch.EPollSelectorImpl.doSelect(EPollSelectorImpl.java:93)&#10;        at sun.nio.ch.SelectorImpl.lockAndDoSelect(SelectorImpl.java:86)&#10;        at sun.nio.ch.SelectorImpl.select(SelectorImpl.java:97)&#10;        at sun.nio.ch.SelectorImpl.select(SelectorImpl.java:101)&#10;        at org.apache.hadoop.ipc.Server$Listener.run(Server.java:1159)&#10;&quot;IPC Server listener on 39615&quot; daemon prio=5 tid=23 runnable&#10;java.lang.Thread.State: RUNNABLE&#10;        at sun.nio.ch.EPollArrayWrapper.epollWait(Native Method)&#10;        at sun.nio.ch.EPollArrayWrapper.poll(EPollArrayWrapper.java:269)&#10;        at sun.nio.ch.EPollSelectorImpl.doSelect(EPollSelectorImpl.java:93)&#10;        at sun.nio.ch.SelectorImpl.lockAndDoSelect(SelectorImpl.java:86)&#10;        at sun.nio.ch.SelectorImpl.select(SelectorImpl.java:97)&#10;        at sun.nio.ch.SelectorImpl.select(SelectorImpl.java:101)&#10;        at org.apache.hadoop.ipc.Server$Listener.run(Server.java:1159)&#10;&quot;IPC Server handler 15 on 39615&quot; daemon prio=5 tid=45 timed_waiting&#10;java.lang.Thread.State: TIMED_WAITING&#10;        at sun.misc.Unsafe.park(Native Method)&#10;        at java.util.concurrent.locks.LockSupport.parkNanos(LockSupport.java:215)&#10;        at java.util.concurrent.locks.AbstractQueuedSynchronizer$ConditionObject.awaitNanos(AbstractQueuedSynchronizer.java:2078)&#10;        at java.util.concurrent.LinkedBlockingQueue.poll(LinkedBlockingQueue.java:467)&#10;        at org.apache.hadoop.ipc.CallQueueManager.take(CallQueueManager.java:288)&#10;        at org.apache.hadoop.ipc.Server$Handler.run(Server.java:2668)&#10;&quot;pool-46-thread-17&quot;  prio=5 tid=370 in Object.wait()&#10;java.lang.Thread.State: WAITING (on object monitor)&#10;        at sun.misc.Unsafe.park(Native Method)&#10;        at java.util.concurrent.locks.LockSupport.park(LockSupport.java:175)&#10;        at java.util.concurrent.locks.AbstractQueuedSynchronizer$ConditionObject.await(AbstractQueuedSynchronizer.java:2039)&#10;        at java.util.concurrent.ArrayBlockingQueue.take(ArrayBlockingQueue.java:403)&#10;        at java.util.concurrent.ThreadPoolExecutor.getTask(ThreadPoolExecutor.java:1074)&#10;        at java.util.concurrent.ThreadPoolExecutor.runWorker(ThreadPoolExecutor.java:1134)&#10;        at java.util.concurrent.ThreadPoolExecutor$Worker.run(ThreadPoolExecutor.java:624)&#10;        at java.lang.Thread.run(Thread.java:748)&#10;&quot;pool-46-thread-3&quot;  prio=5 tid=356 in Object.wait()&#10;java.lang.Thread.State: WAITING (on object monitor)&#10;        at sun.misc.Unsafe.park(Native Method)&#10;        at java.util.concurrent.locks.LockSupport.park(LockSupport.java:175)&#10;        at java.util.concurrent.locks.AbstractQueuedSynchronizer$ConditionObject.await(AbstractQueuedSynchronizer.java:2039)&#10;        at java.util.concurrent.ArrayBlockingQueue.take(ArrayBlockingQueue.java:403)&#10;        at java.util.concurrent.ThreadPoolExecutor.getTask(ThreadPoolExecutor.java:1074)&#10;        at java.util.concurrent.ThreadPoolExecutor.runWorker(ThreadPoolExecutor.java:1134)&#10;        at java.util.concurrent.ThreadPoolExecutor$Worker.run(ThreadPoolExecutor.java:624)&#10;        at java.lang.Thread.run(Thread.java:748)&#10;&quot;ReplicationMonitor&quot; daemon prio=5 tid=609 timed_waiting&#10;java.lang.Thread.State: TIMED_WAITING&#10;        at java.lang.Object.wait(Native Method)&#10;        at org.apache.hadoop.hdds.scm.container.ReplicationManager.run(ReplicationManager.java:229)&#10;        at org.apache.hadoop.hdds.scm.container.ReplicationManager$$Lambda$487/1783602204.run(Unknown Source)&#10;        at java.lang.Thread.run(Thread.java:748)&#10;&quot;metrics-hadoop-metrics2-reporter-7-thread-1&quot; daemon prio=5 tid=452 timed_waiting&#10;java.lang.Thread.State: TIMED_WAITING&#10;        at sun.misc.Unsafe.park(Native Method)&#10;        at java.util.concurrent.locks.LockSupport.parkNanos(LockSupport.java:215)&#10;        at java.util.concurrent.locks.AbstractQueuedSynchronizer$ConditionObject.awaitNanos(AbstractQueuedSynchronizer.java:2078)&#10;        at java.util.concurrent.ScheduledThreadPoolExecutor$DelayedWorkQueue.take(ScheduledThreadPoolExecutor.java:1093)&#10;        at java.util.concurrent.ScheduledThreadPoolExecutor$DelayedWorkQueue.take(ScheduledThreadPoolExecutor.java:809)&#10;        at java.util.concurrent.ThreadPoolExecutor.getTask(ThreadPoolExecutor.java:1074)&#10;        at java.util.concurrent.ThreadPoolExecutor.runWorker(ThreadPoolExecutor.java:1134)&#10;        at java.util.concurrent.ThreadPoolExecutor$Worker.run(ThreadPoolExecutor.java:624)&#10;        at java.lang.Thread.run(Thread.java:748)&#10;&quot;pool-26-thread-59&quot;  prio=5 tid=292 in Object.wait()&#10;java.lang.Thread.State: WAITING (on object monitor)&#10;        at sun.misc.Unsafe.park(Native Method)&#10;        at java.util.concurrent.locks.LockSupport.park(LockSupport.java:175)&#10;        at java.util.concurrent.locks.AbstractQueuedSynchronizer$ConditionObject.await(AbstractQueuedSynchronizer.java:2039)&#10;        at java.util.concurrent.ArrayBlockingQueue.take(ArrayBlockingQueue.java:403)&#10;        at java.util.concurrent.ThreadPoolExecutor.getTask(ThreadPoolExecutor.java:1074)&#10;        at java.util.concurrent.ThreadPoolExecutor.runWorker(ThreadPoolExecutor.java:1134)&#10;        at java.util.concurrent.ThreadPoolExecutor$Worker.run(ThreadPoolExecutor.java:624)&#10;        at java.lang.Thread.run(Thread.java:748)&#10;&quot;pool-26-thread-33&quot;  prio=5 tid=266 in Object.wait()&#10;java.lang.Thread.State: WAITING (on object monitor)&#10;        at sun.misc.Unsafe.park(Native Method)&#10;        at java.util.concurrent.locks.LockSupport.park(LockSupport.java:175)&#10;        at java.util.concurrent.locks.AbstractQueuedSynchronizer$ConditionObject.await(AbstractQueuedSynchronizer.java:2039)&#10;        at java.util.concurrent.ArrayBlockingQueue.take(ArrayBlockingQueue.java:403)&#10;        at java.util.concurrent.ThreadPoolExecutor.getTask(ThreadPoolExecutor.java:1074)&#10;        at java.util.concurrent.ThreadPoolExecutor.runWorker(ThreadPoolExecutor.java:1134)&#10;        at java.util.concurrent.ThreadPoolExecutor$Worker.run(ThreadPoolExecutor.java:624)&#10;        at java.lang.Thread.run(Thread.java:748)&#10;&quot;metrics-hadoop-metrics2-reporter-2-thread-1&quot; daemon prio=5 tid=439 timed_waiting&#10;java.lang.Thread.State: TIMED_WAITING&#10;        at sun.misc.Unsafe.park(Native Method)&#10;        at java.util.concurrent.locks.LockSupport.parkNanos(LockSupport.java:215)&#10;        at java.util.concurrent.locks.AbstractQueuedSynchronizer$ConditionObject.awaitNanos(AbstractQueuedSynchronizer.java:2078)&#10;        at java.util.concurrent.ScheduledThreadPoolExecutor$DelayedWorkQueue.take(ScheduledThreadPoolExecutor.java:1093)&#10;        at java.util.concurrent.ScheduledThreadPoolExecutor$DelayedWorkQueue.take(ScheduledThreadPoolExecutor.java:809)&#10;        at java.util.concurrent.ThreadPoolExecutor.getTask(ThreadPoolExecutor.java:1074)&#10;        at java.util.concurrent.ThreadPoolExecutor.runWorker(ThreadPoolExecutor.java:1134)&#10;        at java.util.concurrent.ThreadPoolExecutor$Worker.run(ThreadPoolExecutor.java:624)&#10;        at java.lang.Thread.run(Thread.java:748)&#10;&quot;Command processor thread&quot; daemon prio=5 tid=176 timed_waiting&#10;java.lang.Thread.State: TIMED_WAITING&#10;        at java.lang.Thread.sleep(Native Method)&#10;        at org.apache.hadoop.ozone.container.common.statemachine.DatanodeStateMachine.lambda$initCommandHandlerThread$1(DatanodeStateMachine.java:439)&#10;        at org.apache.hadoop.ozone.container.common.statemachine.DatanodeStateMachine$$Lambda$141/493645716.run(Unknown Source)&#10;        at java.lang.Thread.run(Thread.java:748)&#10;&quot;grpc-default-executor-4&quot; daemon prio=5 tid=532 timed_waiting&#10;java.lang.Thread.State: TIMED_WAITING&#10;        at sun.misc.Unsafe.park(Native Method)&#10;        at java.util.concurrent.locks.LockSupport.parkNanos(LockSupport.java:215)&#10;        at java.util.concurrent.SynchronousQueue$TransferStack.awaitFulfill(SynchronousQueue.java:460)&#10;        at java.util.concurrent.SynchronousQueue$TransferStack.transfer(SynchronousQueue.java:362)&#10;        at java.util.concurrent.SynchronousQueue.poll(SynchronousQueue.java:941)&#10;        at java.util.concurrent.ThreadPoolExecutor.getTask(ThreadPoolExecutor.java:1073)&#10;        at java.util.concurrent.ThreadPoolExecutor.runWorker(ThreadPoolExecutor.java:1134)&#10;        at java.util.concurrent.ThreadPoolExecutor$Worker.run(ThreadPoolExecutor.java:624)&#10;        at java.lang.Thread.run(Thread.java:748)&#10;&quot;pool-26-thread-43&quot;  prio=5 tid=276 in Object.wait()&#10;java.lang.Thread.State: WAITING (on object monitor)&#10;        at sun.misc.Unsafe.park(Native Method)&#10;        at java.util.concurrent.locks.LockSupport.park(LockSupport.java:175)&#10;        at java.util.concurrent.locks.AbstractQueuedSynchronizer$ConditionObject.await(AbstractQueuedSynchronizer.java:2039)&#10;        at java.util.concurrent.ArrayBlockingQueue.take(ArrayBlockingQueue.java:403)&#10;        at java.util.concurrent.ThreadPoolExecutor.getTask(ThreadPoolExecutor.java:1074)&#10;        at java.util.concurrent.ThreadPoolExecutor.runWorker(ThreadPoolExecutor.java:1134)&#10;        at java.util.concurrent.ThreadPoolExecutor$Worker.run(ThreadPoolExecutor.java:624)&#10;        at java.lang.Thread.run(Thread.java:748)&#10;&quot;IPC Server handler 13 on 32962&quot; daemon prio=5 tid=128 timed_waiting&#10;java.lang.Thread.State: TIMED_WAITING&#10;        at sun.misc.Unsafe.park(Native Method)&#10;        at java.util.concurrent.locks.LockSupport.parkNanos(LockSupport.java:215)&#10;        at java.util.concurrent.locks.AbstractQueuedSynchronizer$ConditionObject.awaitNanos(AbstractQueuedSynchronizer.java:2078)&#10;        at java.util.concurrent.LinkedBlockingQueue.poll(LinkedBlockingQueue.java:467)&#10;        at org.apache.hadoop.ipc.CallQueueManager.take(CallQueueManager.java:288)&#10;        at org.apache.hadoop.ipc.Server$Handler.run(Server.java:2668)&#10;&quot;metrics-hadoop-metrics2-reporter-28-thread-1&quot; daemon prio=5 tid=621 timed_waiting&#10;java.lang.Thread.State: TIMED_WAITING&#10;        at sun.misc.Unsafe.park(Native Method)&#10;        at java.util.concurrent.locks.LockSupport.parkNanos(LockSupport.java:215)&#10;        at java.util.concurrent.locks.AbstractQueuedSynchronizer$ConditionObject.awaitNanos(AbstractQueuedSynchronizer.java:2078)&#10;        at java.util.concurrent.ScheduledThreadPoolExecutor$DelayedWorkQueue.take(ScheduledThreadPoolExecutor.java:1093)&#10;        at java.util.concurrent.ScheduledThreadPoolExecutor$DelayedWorkQueue.take(ScheduledThreadPoolExecutor.java:809)&#10;        at java.util.concurrent.ThreadPoolExecutor.getTask(ThreadPoolExecutor.java:1074)&#10;        at java.util.concurrent.ThreadPoolExecutor.runWorker(ThreadPoolExecutor.java:1134)&#10;        at java.util.concurrent.ThreadPoolExecutor$Worker.run(ThreadPoolExecutor.java:624)&#10;        at java.lang.Thread.run(Thread.java:748)&#10;&quot;IPC Server handler 1 on 37656&quot; daemon prio=5 tid=51 timed_waiting&#10;java.lang.Thread.State: TIMED_WAITING&#10;        at sun.misc.Unsafe.park(Native Method)&#10;        at java.util.concurrent.locks.LockSupport.parkNanos(LockSupport.java:215)&#10;        at java.util.concurrent.locks.AbstractQueuedSynchronizer$ConditionObject.awaitNanos(AbstractQueuedSynchronizer.java:2078)&#10;        at java.util.concurrent.LinkedBlockingQueue.poll(LinkedBlockingQueue.java:467)&#10;        at org.apache.hadoop.ipc.CallQueueManager.take(CallQueueManager.java:288)&#10;        at org.apache.hadoop.ipc.Server$Handler.run(Server.java:2668)&#10;&quot;pool-36-thread-37&quot;  prio=5 tid=330 in Object.wait()&#10;java.lang.Thread.State: WAITING (on object monitor)&#10;        at sun.misc.Unsafe.park(Native Method)&#10;        at java.util.concurrent.locks.LockSupport.park(LockSupport.java:175)&#10;        at java.util.concurrent.locks.AbstractQueuedSynchronizer$ConditionObject.await(AbstractQueuedSynchronizer.java:2039)&#10;        at java.util.concurrent.ArrayBlockingQueue.take(ArrayBlockingQueue.java:403)&#10;        at java.util.concurrent.ThreadPoolExecutor.getTask(ThreadPoolExecutor.java:1074)&#10;        at java.util.concurrent.ThreadPoolExecutor.runWorker(ThreadPoolExecutor.java:1134)&#10;        at java.util.concurrent.ThreadPoolExecutor$Worker.run(ThreadPoolExecutor.java:624)&#10;        at java.lang.Thread.run(Thread.java:748)&#10;&quot;pool-36-thread-19&quot;  prio=5 tid=312 in Object.wait()&#10;java.lang.Thread.State: WAITING (on object monitor)&#10;        at sun.misc.Unsafe.park(Native Method)&#10;        at java.util.concurrent.locks.LockSupport.park(LockSupport.java:175)&#10;        at java.util.concurrent.locks.AbstractQueuedSynchronizer$ConditionObject.await(AbstractQueuedSynchronizer.java:2039)&#10;        at java.util.concurrent.ArrayBlockingQueue.take(ArrayBlockingQueue.java:403)&#10;        at java.util.concurrent.ThreadPoolExecutor.getTask(ThreadPoolExecutor.java:1074)&#10;        at java.util.concurrent.ThreadPoolExecutor.runWorker(ThreadPoolExecutor.java:1134)&#10;        at java.util.concurrent.ThreadPoolExecutor$Worker.run(ThreadPoolExecutor.java:624)&#10;        at java.lang.Thread.run(Thread.java:748)&#10;&quot;pool-26-thread-36&quot;  prio=5 tid=269 in Object.wait()&#10;java.lang.Thread.State: WAITING (on object monitor)&#10;        at sun.misc.Unsafe.park(Native Method)&#10;        at java.util.concurrent.locks.LockSupport.park(LockSupport.java:175)&#10;        at java.util.concurrent.locks.AbstractQueuedSynchronizer$ConditionObject.await(AbstractQueuedSynchronizer.java:2039)&#10;        at java.util.concurrent.ArrayBlockingQueue.take(ArrayBlockingQueue.java:403)&#10;        at java.util.concurrent.ThreadPoolExecutor.getTask(ThreadPoolExecutor.java:1074)&#10;        at java.util.concurrent.ThreadPoolExecutor.runWorker(ThreadPoolExecutor.java:1134)&#10;        at java.util.concurrent.ThreadPoolExecutor$Worker.run(ThreadPoolExecutor.java:624)&#10;        at java.lang.Thread.run(Thread.java:748)&#10;&quot;Timer-0&quot;  prio=5 tid=113 timed_waiting&#10;java.lang.Thread.State: TIMED_WAITING&#10;        at java.lang.Object.wait(Native Method)&#10;        at java.util.TimerThread.mainLoop(Timer.java:552)&#10;        at java.util.TimerThread.run(Timer.java:505)&#10;&quot;IPC Server handler 4 on 32962&quot; daemon prio=5 tid=119 timed_waiting&#10;java.lang.Thread.State: TIMED_WAITING&#10;        at sun.misc.Unsafe.park(Native Method)&#10;        at java.util.concurrent.locks.LockSupport.parkNanos(LockSupport.java:215)&#10;        at java.util.concurrent.locks.AbstractQueuedSynchronizer$ConditionObject.awaitNanos(AbstractQueuedSynchronizer.java:2078)&#10;        at java.util.concurrent.LinkedBlockingQueue.poll(LinkedBlockingQueue.java:467)&#10;        at org.apache.hadoop.ipc.CallQueueManager.take(CallQueueManager.java:288)&#10;        at org.apache.hadoop.ipc.Server$Handler.run(Server.java:2668)&#10;&quot;pool-26-thread-9&quot;  prio=5 tid=242 in Object.wait()&#10;java.lang.Thread.State: WAITING (on object monitor)&#10;        at sun.misc.Unsafe.park(Native Method)&#10;        at java.util.concurrent.locks.LockSupport.park(LockSupport.java:175)&#10;        at java.util.concurrent.locks.AbstractQueuedSynchronizer$ConditionObject.await(AbstractQueuedSynchronizer.java:2039)&#10;        at java.util.concurrent.ArrayBlockingQueue.take(ArrayBlockingQueue.java:403)&#10;        at java.util.concurrent.ThreadPoolExecutor.getTask(ThreadPoolExecutor.java:1074)&#10;        at java.util.concurrent.ThreadPoolExecutor.runWorker(ThreadPoolExecutor.java:1134)&#10;        at java.util.concurrent.ThreadPoolExecutor$Worker.run(ThreadPoolExecutor.java:624)&#10;        at java.lang.Thread.run(Thread.java:748)&#10;&quot;org.apache.hadoop.util.JvmPauseMonitor$Monitor@5089afed&quot; daemon prio=5 tid=204 timed_waiting&#10;java.lang.Thread.State: TIMED_WAITING&#10;        at java.lang.Thread.sleep(Native Method)&#10;        at org.apache.hadoop.util.JvmPauseMonitor$Monitor.run(JvmPauseMonitor.java:192)&#10;        at java.lang.Thread.run(Thread.java:748)&#10;&quot;Thread-2748&quot; daemon prio=5 tid=3058 timed_waiting&#10;java.lang.Thread.State: TIMED_WAITING&#10;        at java.lang.Thread.sleep(Native Method)&#10;        at org.apache.ratis.util.JavaUtils.sleep(JavaUtils.java:247)&#10;        at org.apache.ratis.server.impl.FollowerState.run(FollowerState.java:97)&#10;&quot;IPC Server handler 2 on 37656&quot; daemon prio=5 tid=52 timed_waiting&#10;java.lang.Thread.State: TIMED_WAITING&#10;        at sun.misc.Unsafe.park(Native Method)&#10;        at java.util.concurrent.locks.LockSupport.parkNanos(LockSupport.java:215)&#10;        at java.util.concurrent.locks.AbstractQueuedSynchronizer$ConditionObject.awaitNanos(AbstractQueuedSynchronizer.java:2078)&#10;        at java.util.concurrent.LinkedBlockingQueue.poll(LinkedBlockingQueue.java:467)&#10;        at org.apache.hadoop.ipc.CallQueueManager.take(CallQueueManager.java:288)&#10;        at org.apache.hadoop.ipc.Server$Handler.run(Server.java:2668)&#10;&quot;pool-26-thread-47&quot;  prio=5 tid=280 in Object.wait()&#10;java.lang.Thread.State: WAITING (on object monitor)&#10;        at sun.misc.Unsafe.park(Native Method)&#10;        at java.util.concurrent.locks.LockSupport.park(LockSupport.java:175)&#10;        at java.util.concurrent.locks.AbstractQueuedSynchronizer$ConditionObject.await(AbstractQueuedSynchronizer.java:2039)&#10;        at java.util.concurrent.ArrayBlockingQueue.take(ArrayBlockingQueue.java:403)&#10;        at java.util.concurrent.ThreadPoolExecutor.getTask(ThreadPoolExecutor.java:1074)&#10;        at java.util.concurrent.ThreadPoolExecutor.runWorker(ThreadPoolExecutor.java:1134)&#10;        at java.util.concurrent.ThreadPoolExecutor$Worker.run(ThreadPoolExecutor.java:624)&#10;        at java.lang.Thread.run(Thread.java:748)&#10;&quot;Datanode State Machine Thread - 0&quot; daemon prio=5 tid=205 timed_waiting&#10;java.lang.Thread.State: TIMED_WAITING&#10;        at sun.misc.Unsafe.park(Native Method)&#10;        at java.util.concurrent.locks.LockSupport.parkNanos(LockSupport.java:215)&#10;        at java.util.concurrent.SynchronousQueue$TransferStack.awaitFulfill(SynchronousQueue.java:460)&#10;        at java.util.concurrent.SynchronousQueue$TransferStack.transfer(SynchronousQueue.java:362)&#10;        at java.util.concurrent.SynchronousQueue.poll(SynchronousQueue.java:941)&#10;        at java.util.concurrent.ThreadPoolExecutor.getTask(ThreadPoolExecutor.java:1073)&#10;        at java.util.concurrent.ThreadPoolExecutor.runWorker(ThreadPoolExecutor.java:1134)&#10;        at java.util.concurrent.ThreadPoolExecutor$Worker.run(ThreadPoolExecutor.java:624)&#10;        at java.lang.Thread.run(Thread.java:748)&#10;&quot;qtp190696393-163&quot; daemon prio=5 tid=163 timed_waiting&#10;java.lang.Thread.State: TIMED_WAITING&#10;        at sun.misc.Unsafe.park(Native Method)&#10;        at java.util.concurrent.locks.LockSupport.parkNanos(LockSupport.java:215)&#10;        at java.util.concurrent.locks.AbstractQueuedSynchronizer$ConditionObject.awaitNanos(AbstractQueuedSynchronizer.java:2078)&#10;        at org.eclipse.jetty.util.BlockingArrayQueue.poll(BlockingArrayQueue.java:392)&#10;        at org.eclipse.jetty.util.thread.QueuedThreadPool.idleJobPoll(QueuedThreadPool.java:563)&#10;        at org.eclipse.jetty.util.thread.QueuedThreadPool.access$800(QueuedThreadPool.java:48)&#10;        at org.eclipse.jetty.util.thread.QueuedThreadPool$2.run(QueuedThreadPool.java:626)&#10;        at java.lang.Thread.run(Thread.java:748)&#10;&quot;pool-26-thread-37&quot;  prio=5 tid=270 in Object.wait()&#10;java.lang.Thread.State: WAITING (on object monitor)&#10;        at sun.misc.Unsafe.park(Native Method)&#10;        at java.util.concurrent.locks.LockSupport.park(LockSupport.java:175)&#10;        at java.util.concurrent.locks.AbstractQueuedSynchronizer$ConditionObject.await(AbstractQueuedSynchronizer.java:2039)&#10;        at java.util.concurrent.ArrayBlockingQueue.take(ArrayBlockingQueue.java:403)&#10;        at java.util.concurrent.ThreadPoolExecutor.getTask(ThreadPoolExecutor.java:1074)&#10;        at java.util.concurrent.ThreadPoolExecutor.runWorker(ThreadPoolExecutor.java:1134)&#10;        at java.util.concurrent.ThreadPoolExecutor$Worker.run(ThreadPoolExecutor.java:624)&#10;        at java.lang.Thread.run(Thread.java:748)&#10;&quot;qtp1124883352-215-acceptor-0@61fc91f6-ServerConnector@3d19c2de{HTTP/1.1,[http/1.1]}{0.0.0.0:34684}&quot; daemon prio=3 tid=215 runnable&#10;java.lang.Thread.State: RUNNABLE&#10;        at sun.nio.ch.ServerSocketChannelImpl.accept0(Native Method)&#10;        at sun.nio.ch.ServerSocketChannelImpl.accept(ServerSocketChannelImpl.java:422)&#10;        at sun.nio.ch.ServerSocketChannelImpl.accept(ServerSocketChannelImpl.java:250)&#10;        at org.eclipse.jetty.server.ServerConnector.accept(ServerConnector.java:397)&#10;        at org.eclipse.jetty.server.AbstractConnector$Acceptor.run(AbstractConnector.java:601)&#10;        at org.eclipse.jetty.util.thread.QueuedThreadPool.runJob(QueuedThreadPool.java:671)&#10;        at org.eclipse.jetty.util.thread.QueuedThreadPool$2.run(QueuedThreadPool.java:589)&#10;        at java.lang.Thread.run(Thread.java:748)&#10;&quot;BlockDeletingService#1&quot; daemon prio=5 tid=418 in Object.wait()&#10;java.lang.Thread.State: WAITING (on object monitor)&#10;        at sun.misc.Unsafe.park(Native Method)&#10;        at java.util.concurrent.locks.LockSupport.park(LockSupport.java:175)&#10;        at java.util.concurrent.locks.AbstractQueuedSynchronizer$ConditionObject.await(AbstractQueuedSynchronizer.java:2039)&#10;        at java.util.concurrent.ScheduledThreadPoolExecutor$DelayedWorkQueue.take(ScheduledThreadPoolExecutor.java:1088)&#10;        at java.util.concurrent.ScheduledThreadPoolExecutor$DelayedWorkQueue.take(ScheduledThreadPoolExecutor.java:809)&#10;        at java.util.concurrent.ThreadPoolExecutor.getTask(ThreadPoolExecutor.java:1074)&#10;        at java.util.concurrent.ThreadPoolExecutor.runWorker(ThreadPoolExecutor.java:1134)&#10;        at java.util.concurrent.ThreadPoolExecutor$Worker.run(ThreadPoolExecutor.java:624)&#10;        at java.lang.Thread.run(Thread.java:748)&#10;&quot;pool-36-thread-7&quot;  prio=5 tid=300 in Object.wait()&#10;java.lang.Thread.State: WAITING (on object monitor)&#10;        at sun.misc.Unsafe.park(Native Method)&#10;        at java.util.concurrent.locks.LockSupport.park(LockSupport.java:175)&#10;        at java.util.concurrent.locks.AbstractQueuedSynchronizer$ConditionObject.await(AbstractQueuedSynchronizer.java:2039)&#10;        at java.util.concurrent.ArrayBlockingQueue.take(ArrayBlockingQueue.java:403)&#10;        at java.util.concurrent.ThreadPoolExecutor.getTask(ThreadPoolExecutor.java:1074)&#10;        at java.util.concurrent.ThreadPoolExecutor.runWorker(ThreadPoolExecutor.java:1134)&#10;        at java.util.concurrent.ThreadPoolExecutor$Worker.run(ThreadPoolExecutor.java:624)&#10;        at java.lang.Thread.run(Thread.java:748)&#10;&quot;pool-36-thread-29&quot;  prio=5 tid=322 in Object.wait()&#10;java.lang.Thread.State: WAITING (on object monitor)&#10;        at sun.misc.Unsafe.park(Native Method)&#10;        at java.util.concurrent.locks.LockSupport.park(LockSupport.java:175)&#10;        at java.util.concurrent.locks.AbstractQueuedSynchronizer$ConditionObject.await(AbstractQueuedSynchronizer.java:2039)&#10;        at java.util.concurrent.ArrayBlockingQueue.take(ArrayBlockingQueue.java:403)&#10;        at java.util.concurrent.ThreadPoolExecutor.getTask(ThreadPoolExecutor.java:1074)&#10;        at java.util.concurrent.ThreadPoolExecutor.runWorker(ThreadPoolExecutor.java:1134)&#10;        at java.util.concurrent.ThreadPoolExecutor$Worker.run(ThreadPoolExecutor.java:624)&#10;        at java.lang.Thread.run(Thread.java:748)&#10;&quot;metrics-hadoop-metrics2-reporter-15-thread-1&quot; daemon prio=5 tid=475 timed_waiting&#10;java.lang.Thread.State: TIMED_WAITING&#10;        at sun.misc.Unsafe.park(Native Method)&#10;        at java.util.concurrent.locks.LockSupport.parkNanos(LockSupport.java:215)&#10;        at java.util.concurrent.locks.AbstractQueuedSynchronizer$ConditionObject.awaitNanos(AbstractQueuedSynchronizer.java:2078)&#10;        at java.util.concurrent.ScheduledThreadPoolExecutor$DelayedWorkQueue.take(ScheduledThreadPoolExecutor.java:1093)&#10;        at java.util.concurrent.ScheduledThreadPoolExecutor$DelayedWorkQueue.take(ScheduledThreadPoolExecutor.java:809)&#10;        at java.util.concurrent.ThreadPoolExecutor.getTask(ThreadPoolExecutor.java:1074)&#10;        at java.util.concurrent.ThreadPoolExecutor.runWorker(ThreadPoolExecutor.java:1134)&#10;        at java.util.concurrent.ThreadPoolExecutor$Worker.run(ThreadPoolExecutor.java:624)&#10;        at java.lang.Thread.run(Thread.java:748)&#10;&quot;qtp1911719100-92-acceptor-0@5d1e1237-ServerConnector@4315ccff{HTTP/1.1,[http/1.1]}{0.0.0.0:44773}&quot; daemon prio=3 tid=92 runnable&#10;java.lang.Thread.State: RUNNABLE&#10;        at sun.nio.ch.ServerSocketChannelImpl.accept0(Native Method)&#10;        at sun.nio.ch.ServerSocketChannelImpl.accept(ServerSocketChannelImpl.java:422)&#10;        at sun.nio.ch.ServerSocketChannelImpl.accept(ServerSocketChannelImpl.java:250)&#10;        at org.eclipse.jetty.server.ServerConnector.accept(ServerConnector.java:397)&#10;        at org.eclipse.jetty.server.AbstractConnector$Acceptor.run(AbstractConnector.java:601)&#10;        at org.eclipse.jetty.util.thread.QueuedThreadPool.runJob(QueuedThreadPool.java:671)&#10;        at org.eclipse.jetty.util.thread.QueuedThreadPool$2.run(QueuedThreadPool.java:589)&#10;        at java.lang.Thread.run(Thread.java:748)&#10;&quot;pool-46-thread-14&quot;  prio=5 tid=367 in Object.wait()&#10;java.lang.Thread.State: WAITING (on object monitor)&#10;        at sun.misc.Unsafe.park(Native Method)&#10;        at java.util.concurrent.locks.LockSupport.park(LockSupport.java:175)&#10;        at java.util.concurrent.locks.AbstractQueuedSynchronizer$ConditionObject.await(AbstractQueuedSynchronizer.java:2039)&#10;        at java.util.concurrent.ArrayBlockingQueue.take(ArrayBlockingQueue.java:403)&#10;        at java.util.concurrent.ThreadPoolExecutor.getTask(ThreadPoolExecutor.java:1074)&#10;        at java.util.concurrent.ThreadPoolExecutor.runWorker(ThreadPoolExecutor.java:1134)&#10;        at java.util.concurrent.ThreadPoolExecutor$Worker.run(ThreadPoolExecutor.java:624)&#10;        at java.lang.Thread.run(Thread.java:748)&#10;&quot;IPC Server idle connection scanner for port 32962&quot; daemon prio=5 tid=110 timed_waiting&#10;java.lang.Thread.State: TIMED_WAITING&#10;        at java.lang.Object.wait(Native Method)&#10;        at java.util.TimerThread.mainLoop(Timer.java:552)&#10;        at java.util.TimerThread.run(Timer.java:505)&#10;&quot;metrics-hadoop-metrics2-reporter-33-thread-1&quot; daemon prio=5 tid=631 timed_waiting&#10;java.lang.Thread.State: TIMED_WAITING&#10;        at sun.misc.Unsafe.park(Native Method)&#10;        at java.util.concurrent.locks.LockSupport.parkNanos(LockSupport.java:215)&#10;        at java.util.concurrent.locks.AbstractQueuedSynchronizer$ConditionObject.awaitNanos(AbstractQueuedSynchronizer.java:2078)&#10;        at java.util.concurrent.ScheduledThreadPoolExecutor$DelayedWorkQueue.take(ScheduledThreadPoolExecutor.java:1093)&#10;        at java.util.concurrent.ScheduledThreadPoolExecutor$DelayedWorkQueue.take(ScheduledThreadPoolExecutor.java:809)&#10;        at java.util.concurrent.ThreadPoolExecutor.getTask(ThreadPoolExecutor.java:1074)&#10;        at java.util.concurrent.ThreadPoolExecutor.runWorker(ThreadPoolExecutor.java:1134)&#10;        at java.util.concurrent.ThreadPoolExecutor$Worker.run(ThreadPoolExecutor.java:624)&#10;        at java.lang.Thread.run(Thread.java:748)&#10;&quot;KeyDeletingService#1&quot; daemon prio=5 tid=129 timed_waiting&#10;java.lang.Thread.State: TIMED_WAITING&#10;        at sun.misc.Unsafe.park(Native Method)&#10;        at java.util.concurrent.locks.LockSupport.parkNanos(LockSupport.java:215)&#10;        at java.util.concurrent.locks.AbstractQueuedSynchronizer$ConditionObject.awaitNanos(AbstractQueuedSynchronizer.java:2078)&#10;        at java.util.concurrent.ScheduledThreadPoolExecutor$DelayedWorkQueue.take(ScheduledThreadPoolExecutor.java:1093)&#10;        at java.util.concurrent.ScheduledThreadPoolExecutor$DelayedWorkQueue.take(ScheduledThreadPoolExecutor.java:809)&#10;        at java.util.concurrent.ThreadPoolExecutor.getTask(ThreadPoolExecutor.java:1074)&#10;        at java.util.concurrent.ThreadPoolExecutor.runWorker(ThreadPoolExecutor.java:1134)&#10;        at java.util.concurrent.ThreadPoolExecutor$Worker.run(ThreadPoolExecutor.java:624)&#10;        at java.lang.Thread.run(Thread.java:748)&#10;&quot;refreshUsed-/workdir/hadoop-ozone/ozonefs/target/test-dir/MiniOzoneClusterImpl-bd2adbcd-a8bb-4b9e-9c25-f9aa9b2c6882/datanode-2/data/containers&quot; daemon prio=5 tid=209 timed_waiting&#10;java.lang.Thread.State: TIMED_WAITING&#10;        at java.lang.Thread.sleep(Native Method)&#10;        at org.apache.hadoop.fs.CachingGetSpaceUsed$RefreshThread.run(CachingGetSpaceUsed.java:179)&#10;        at java.lang.Thread.run(Thread.java:748)&#10;&quot;qtp1911719100-93&quot; daemon prio=5 tid=93 timed_waiting&#10;java.lang.Thread.State: TIMED_WAITING&#10;        at sun.misc.Unsafe.park(Native Method)&#10;        at java.util.concurrent.locks.LockSupport.parkNanos(LockSupport.java:215)&#10;        at java.util.concurrent.locks.AbstractQueuedSynchronizer$ConditionObject.awaitNanos(AbstractQueuedSynchronizer.java:2078)&#10;        at org.eclipse.jetty.util.BlockingArrayQueue.poll(BlockingArrayQueue.java:392)&#10;        at org.eclipse.jetty.util.thread.QueuedThreadPool.idleJobPoll(QueuedThreadPool.java:563)&#10;        at org.eclipse.jetty.util.thread.QueuedThreadPool.access$800(QueuedThreadPool.java:48)&#10;        at org.eclipse.jetty.util.thread.QueuedThreadPool$2.run(QueuedThreadPool.java:626)&#10;        at java.lang.Thread.run(Thread.java:748)&#10;&quot;pool-46-thread-27&quot;  prio=5 tid=380 in Object.wait()&#10;java.lang.Thread.State: WAITING (on object monitor)&#10;        at sun.misc.Unsafe.park(Native Method)&#10;        at java.util.concurrent.locks.LockSupport.park(LockSupport.java:175)&#10;        at java.util.concurrent.locks.AbstractQueuedSynchronizer$ConditionObject.await(AbstractQueuedSynchronizer.java:2039)&#10;        at java.util.concurrent.ArrayBlockingQueue.take(ArrayBlockingQueue.java:403)&#10;        at java.util.concurrent.ThreadPoolExecutor.getTask(ThreadPoolExecutor.java:1074)&#10;        at java.util.concurrent.ThreadPoolExecutor.runWorker(ThreadPoolExecutor.java:1134)&#10;        at java.util.concurrent.ThreadPoolExecutor$Worker.run(ThreadPoolExecutor.java:624)&#10;        at java.lang.Thread.run(Thread.java:748)&#10;&quot;prometheus&quot; daemon prio=5 tid=101 in Object.wait()&#10;java.lang.Thread.State: WAITING (on object monitor)&#10;        at java.lang.Object.wait(Native Method)&#10;        at java.lang.Object.wait(Object.java:502)&#10;        at org.apache.hadoop.metrics2.impl.SinkQueue.waitForData(SinkQueue.java:114)&#10;        at org.apache.hadoop.metrics2.impl.SinkQueue.consumeAll(SinkQueue.java:83)&#10;        at org.apache.hadoop.metrics2.impl.MetricsSinkAdapter.publishMetricsFromQueue(MetricsSinkAdapter.java:135)&#10;        at org.apache.hadoop.metrics2.impl.MetricsSinkAdapter$1.run(MetricsSinkAdapter.java:89)&#10;&quot;EventQueue-PipelineReportForPipelineReportHandler&quot; daemon prio=5 tid=426 in Object.wait()&#10;java.lang.Thread.State: WAITING (on object monitor)&#10;        at sun.misc.Unsafe.park(Native Method)&#10;        at java.util.concurrent.locks.LockSupport.park(LockSupport.java:175)&#10;        at java.util.concurrent.locks.AbstractQueuedSynchronizer$ConditionObject.await(AbstractQueuedSynchronizer.java:2039)&#10;        at java.util.concurrent.LinkedBlockingQueue.take(LinkedBlockingQueue.java:442)&#10;        at java.util.concurrent.ThreadPoolExecutor.getTask(ThreadPoolExecutor.java:1074)&#10;        at java.util.concurrent.ThreadPoolExecutor.runWorker(ThreadPoolExecutor.java:1134)&#10;        at java.util.concurrent.ThreadPoolExecutor$Worker.run(ThreadPoolExecutor.java:624)&#10;        at java.lang.Thread.run(Thread.java:748)&#10;&quot;qtp1911719100-97&quot; daemon prio=5 tid=97 timed_waiting&#10;java.lang.Thread.State: TIMED_WAITING&#10;        at sun.misc.Unsafe.park(Native Method)&#10;        at java.util.concurrent.locks.LockSupport.parkNanos(LockSupport.java:215)&#10;        at java.util.concurrent.locks.AbstractQueuedSynchronizer$ConditionObject.awaitNanos(AbstractQueuedSynchronizer.java:2078)&#10;        at org.eclipse.jetty.util.BlockingArrayQueue.poll(BlockingArrayQueue.java:392)&#10;        at org.eclipse.jetty.util.thread.QueuedThreadPool.idleJobPoll(QueuedThreadPool.java:563)&#10;        at org.eclipse.jetty.util.thread.QueuedThreadPool.access$800(QueuedThreadPool.java:48)&#10;        at org.eclipse.jetty.util.thread.QueuedThreadPool$2.run(QueuedThreadPool.java:626)&#10;        at java.lang.Thread.run(Thread.java:748)&#10;&quot;qtp312968017-194&quot; daemon prio=5 tid=194 timed_waiting&#10;java.lang.Thread.State: TIMED_WAITING&#10;        at sun.misc.Unsafe.park(Native Method)&#10;        at java.util.concurrent.locks.LockSupport.parkNanos(LockSupport.java:215)&#10;        at java.util.concurrent.locks.AbstractQueuedSynchronizer$ConditionObject.awaitNanos(AbstractQueuedSynchronizer.java:2078)&#10;        at org.eclipse.jetty.util.BlockingArrayQueue.poll(BlockingArrayQueue.java:392)&#10;        at org.eclipse.jetty.util.thread.QueuedThreadPool.idleJobPoll(QueuedThreadPool.java:563)&#10;        at org.eclipse.jetty.util.thread.QueuedThreadPool.access$800(QueuedThreadPool.java:48)&#10;        at org.eclipse.jetty.util.thread.QueuedThreadPool$2.run(QueuedThreadPool.java:626)&#10;        at java.lang.Thread.run(Thread.java:748)&#10;&quot;pool-26-thread-6&quot;  prio=5 tid=239 in Object.wait()&#10;java.lang.Thread.State: WAITING (on object monitor)&#10;        at sun.misc.Unsafe.park(Native Method)&#10;        at java.util.concurrent.locks.LockSupport.park(LockSupport.java:175)&#10;        at java.util.concurrent.locks.AbstractQueuedSynchronizer$ConditionObject.await(AbstractQueuedSynchronizer.java:2039)&#10;        at java.util.concurrent.ArrayBlockingQueue.take(ArrayBlockingQueue.java:403)&#10;        at java.util.concurrent.ThreadPoolExecutor.getTask(ThreadPoolExecutor.java:1074)&#10;        at java.util.concurrent.ThreadPoolExecutor.runWorker(ThreadPoolExecutor.java:1134)&#10;        at java.util.concurrent.ThreadPoolExecutor$Worker.run(ThreadPoolExecutor.java:624)&#10;        at java.lang.Thread.run(Thread.java:748)&#10;&quot;pool-36-thread-9&quot;  prio=5 tid=302 in Object.wait()&#10;java.lang.Thread.State: WAITING (on object monitor)&#10;        at sun.misc.Unsafe.park(Native Method)&#10;        at java.util.concurrent.locks.LockSupport.park(LockSupport.java:175)&#10;        at java.util.concurrent.locks.AbstractQueuedSynchronizer$ConditionObject.await(AbstractQueuedSynchronizer.java:2039)&#10;        at java.util.concurrent.ArrayBlockingQueue.take(ArrayBlockingQueue.java:403)&#10;        at java.util.concurrent.ThreadPoolExecutor.getTask(ThreadPoolExecutor.java:1074)&#10;        at java.util.concurrent.ThreadPoolExecutor.runWorker(ThreadPoolExecutor.java:1134)&#10;        at java.util.concurrent.ThreadPoolExecutor$Worker.run(ThreadPoolExecutor.java:624)&#10;        at java.lang.Thread.run(Thread.java:748)&#10;&quot;pool-36-thread-40&quot;  prio=5 tid=333 in Object.wait()&#10;java.lang.Thread.State: WAITING (on object monitor)&#10;        at sun.misc.Unsafe.park(Native Method)&#10;        at java.util.concurrent.locks.LockSupport.park(LockSupport.java:175)&#10;        at java.util.concurrent.locks.AbstractQueuedSynchronizer$ConditionObject.await(AbstractQueuedSynchronizer.java:2039)&#10;        at java.util.concurrent.ArrayBlockingQueue.take(ArrayBlockingQueue.java:403)&#10;        at java.util.concurrent.ThreadPoolExecutor.getTask(ThreadPoolExecutor.java:1074)&#10;        at java.util.concurrent.ThreadPoolExecutor.runWorker(ThreadPoolExecutor.java:1134)&#10;        at java.util.concurrent.ThreadPoolExecutor$Worker.run(ThreadPoolExecutor.java:624)&#10;        at java.lang.Thread.run(Thread.java:748)&#10;&quot;pool-36-thread-22&quot;  prio=5 tid=315 in Object.wait()&#10;java.lang.Thread.State: WAITING (on object monitor)&#10;        at sun.misc.Unsafe.park(Native Method)&#10;        at java.util.concurrent.locks.LockSupport.park(LockSupport.java:175)&#10;        at java.util.concurrent.locks.AbstractQueuedSynchronizer$ConditionObject.await(AbstractQueuedSynchronizer.java:2039)&#10;        at java.util.concurrent.ArrayBlockingQueue.take(ArrayBlockingQueue.java:403)&#10;        at java.util.concurrent.ThreadPoolExecutor.getTask(ThreadPoolExecutor.java:1074)&#10;        at java.util.concurrent.ThreadPoolExecutor.runWorker(ThreadPoolExecutor.java:1134)&#10;        at java.util.concurrent.ThreadPoolExecutor$Worker.run(ThreadPoolExecutor.java:624)&#10;        at java.lang.Thread.run(Thread.java:748)&#10;&quot;metrics-hadoop-metrics2-reporter-12-thread-1&quot; daemon prio=5 tid=464 timed_waiting&#10;java.lang.Thread.State: TIMED_WAITING&#10;        at sun.misc.Unsafe.park(Native Method)&#10;        at java.util.concurrent.locks.LockSupport.parkNanos(LockSupport.java:215)&#10;        at java.util.concurrent.locks.AbstractQueuedSynchronizer$ConditionObject.awaitNanos(AbstractQueuedSynchronizer.java:2078)&#10;        at java.util.concurrent.ScheduledThreadPoolExecutor$DelayedWorkQueue.take(ScheduledThreadPoolExecutor.java:1093)&#10;        at java.util.concurrent.ScheduledThreadPoolExecutor$DelayedWorkQueue.take(ScheduledThreadPoolExecutor.java:809)&#10;        at java.util.concurrent.ThreadPoolExecutor.getTask(ThreadPoolExecutor.java:1074)&#10;        at java.util.concurrent.ThreadPoolExecutor.runWorker(ThreadPoolExecutor.java:1134)&#10;        at java.util.concurrent.ThreadPoolExecutor$Worker.run(ThreadPoolExecutor.java:624)&#10;        at java.lang.Thread.run(Thread.java:748)&#10;&quot;pool-46-thread-19&quot;  prio=5 tid=372 in Object.wait()&#10;java.lang.Thread.State: WAITING (on object monitor)&#10;        at sun.misc.Unsafe.park(Native Method)&#10;        at java.util.concurrent.locks.LockSupport.park(LockSupport.java:175)&#10;        at java.util.concurrent.locks.AbstractQueuedSynchronizer$ConditionObject.await(AbstractQueuedSynchronizer.java:2039)&#10;        at java.util.concurrent.ArrayBlockingQueue.take(ArrayBlockingQueue.java:403)&#10;        at java.util.concurrent.ThreadPoolExecutor.getTask(ThreadPoolExecutor.java:1074)&#10;        at java.util.concurrent.ThreadPoolExecutor.runWorker(ThreadPoolExecutor.java:1134)&#10;        at java.util.concurrent.ThreadPoolExecutor$Worker.run(ThreadPoolExecutor.java:624)&#10;        at java.lang.Thread.run(Thread.java:748)&#10;&quot;pool-36-thread-51&quot;  prio=5 tid=344 in Object.wait()&#10;java.lang.Thread.State: WAITING (on object monitor)&#10;        at sun.misc.Unsafe.park(Native Method)&#10;        at java.util.concurrent.locks.LockSupport.park(LockSupport.java:175)&#10;        at java.util.concurrent.locks.AbstractQueuedSynchronizer$ConditionObject.await(AbstractQueuedSynchronizer.java:2039)&#10;        at java.util.concurrent.ArrayBlockingQueue.take(ArrayBlockingQueue.java:403)&#10;        at java.util.concurrent.ThreadPoolExecutor.getTask(ThreadPoolExecutor.java:1074)&#10;        at java.util.concurrent.ThreadPoolExecutor.runWorker(ThreadPoolExecutor.java:1134)&#10;        at java.util.concurrent.ThreadPoolExecutor$Worker.run(ThreadPoolExecutor.java:624)&#10;        at java.lang.Thread.run(Thread.java:748)&#10;&quot;qtp1761240183-139&quot; daemon prio=5 tid=139 timed_waiting&#10;java.lang.Thread.State: TIMED_WAITING&#10;        at sun.misc.Unsafe.park(Native Method)&#10;        at java.util.concurrent.locks.LockSupport.parkNanos(LockSupport.java:215)&#10;        at java.util.concurrent.locks.AbstractQueuedSynchronizer$ConditionObject.awaitNanos(AbstractQueuedSynchronizer.java:2078)&#10;        at org.eclipse.jetty.util.BlockingArrayQueue.poll(BlockingArrayQueue.java:392)&#10;        at org.eclipse.jetty.util.thread.QueuedThreadPool.idleJobPoll(QueuedThreadPool.java:563)&#10;        at org.eclipse.jetty.util.thread.QueuedThreadPool.access$800(QueuedThreadPool.java:48)&#10;        at org.eclipse.jetty.util.thread.QueuedThreadPool$2.run(QueuedThreadPool.java:626)&#10;        at java.lang.Thread.run(Thread.java:748)&#10;&quot;org.eclipse.jetty.server.session.HashSessionManager@7204711dTimer&quot; daemon prio=5 tid=224 timed_waiting&#10;java.lang.Thread.State: TIMED_WAITING&#10;        at sun.misc.Unsafe.park(Native Method)&#10;        at java.util.concurrent.locks.LockSupport.parkNanos(LockSupport.java:215)&#10;        at java.util.concurrent.locks.AbstractQueuedSynchronizer$ConditionObject.awaitNanos(AbstractQueuedSynchronizer.java:2078)&#10;        at java.util.concurrent.ScheduledThreadPoolExecutor$DelayedWorkQueue.take(ScheduledThreadPoolExecutor.java:1093)&#10;        at java.util.concurrent.ScheduledThreadPoolExecutor$DelayedWorkQueue.take(ScheduledThreadPoolExecutor.java:809)&#10;        at java.util.concurrent.ThreadPoolExecutor.getTask(ThreadPoolExecutor.java:1074)&#10;        at java.util.concurrent.ThreadPoolExecutor.runWorker(ThreadPoolExecutor.java:1134)&#10;        at java.util.concurrent.ThreadPoolExecutor$Worker.run(ThreadPoolExecutor.java:624)&#10;        at java.lang.Thread.run(Thread.java:748)&#10;&quot;IPC Server handler 11 on 32962&quot; daemon prio=5 tid=126 timed_waiting&#10;java.lang.Thread.State: TIMED_WAITING&#10;        at sun.misc.Unsafe.park(Native Method)&#10;        at java.util.concurrent.locks.LockSupport.parkNanos(LockSupport.java:215)&#10;        at java.util.concurrent.locks.AbstractQueuedSynchronizer$ConditionObject.awaitNanos(AbstractQueuedSynchronizer.java:2078)&#10;        at java.util.concurrent.LinkedBlockingQueue.poll(LinkedBlockingQueue.java:467)&#10;        at org.apache.hadoop.ipc.CallQueueManager.take(CallQueueManager.java:288)&#10;        at org.apache.hadoop.ipc.Server$Handler.run(Server.java:2668)&#10;&quot;IPC Server handler 8 on 39615&quot; daemon prio=5 tid=38 timed_waiting&#10;java.lang.Thread.State: TIMED_WAITING&#10;        at sun.misc.Unsafe.park(Native Method)&#10;        at java.util.concurrent.locks.LockSupport.parkNanos(LockSupport.java:215)&#10;        at java.util.concurrent.locks.AbstractQueuedSynchronizer$ConditionObject.awaitNanos(AbstractQueuedSynchronizer.java:2078)&#10;        at java.util.concurrent.LinkedBlockingQueue.poll(LinkedBlockingQueue.java:467)&#10;        at org.apache.hadoop.ipc.CallQueueManager.take(CallQueueManager.java:288)&#10;        at org.apache.hadoop.ipc.Server$Handler.run(Server.java:2668)&#10;&quot;pool-36-thread-55&quot;  prio=5 tid=348 in Object.wait()&#10;java.lang.Thread.State: WAITING (on object monitor)&#10;        at sun.misc.Unsafe.park(Native Method)&#10;        at java.util.concurrent.locks.LockSupport.park(LockSupport.java:175)&#10;        at java.util.concurrent.locks.AbstractQueuedSynchronizer$ConditionObject.await(AbstractQueuedSynchronizer.java:2039)&#10;        at java.util.concurrent.ArrayBlockingQueue.take(ArrayBlockingQueue.java:403)&#10;        at java.util.concurrent.ThreadPoolExecutor.getTask(ThreadPoolExecutor.java:1074)&#10;        at java.util.concurrent.ThreadPoolExecutor.runWorker(ThreadPoolExecutor.java:1134)&#10;        at java.util.concurrent.ThreadPoolExecutor$Worker.run(ThreadPoolExecutor.java:624)&#10;        at java.lang.Thread.run(Thread.java:748)&#10;&quot;refreshUsed-/workdir/hadoop-ozone/ozonefs/target/test-dir/MiniOzoneClusterImpl-bd2adbcd-a8bb-4b9e-9c25-f9aa9b2c6882/datanode-0/data/containers&quot; daemon prio=5 tid=155 timed_waiting&#10;java.lang.Thread.State: TIMED_WAITING&#10;        at java.lang.Thread.sleep(Native Method)&#10;        at org.apache.hadoop.fs.CachingGetSpaceUsed$RefreshThread.run(CachingGetSpaceUsed.java:179)&#10;        at java.lang.Thread.run(Thread.java:748)&#10;&quot;pool-36-thread-17&quot;  prio=5 tid=310 in Object.wait()&#10;java.lang.Thread.State: WAITING (on object monitor)&#10;        at sun.misc.Unsafe.park(Native Method)&#10;        at java.util.concurrent.locks.LockSupport.park(LockSupport.java:175)&#10;        at java.util.concurrent.locks.AbstractQueuedSynchronizer$ConditionObject.await(AbstractQueuedSynchronizer.java:2039)&#10;        at java.util.concurrent.ArrayBlockingQueue.take(ArrayBlockingQueue.java:403)&#10;        at java.util.concurrent.ThreadPoolExecutor.getTask(ThreadPoolExecutor.java:1074)&#10;        at java.util.concurrent.ThreadPoolExecutor.runWorker(ThreadPoolExecutor.java:1134)&#10;        at java.util.concurrent.ThreadPoolExecutor$Worker.run(ThreadPoolExecutor.java:624)&#10;        at java.lang.Thread.run(Thread.java:748)&#10;&quot;Datanode ReportManager Thread - 1&quot; daemon prio=5 tid=200 in Object.wait()&#10;java.lang.Thread.State: WAITING (on object monitor)&#10;        at sun.misc.Unsafe.park(Native Method)&#10;        at java.util.concurrent.locks.LockSupport.park(LockSupport.java:175)&#10;        at java.util.concurrent.locks.AbstractQueuedSynchronizer$ConditionObject.await(AbstractQueuedSynchronizer.java:2039)&#10;        at java.util.concurrent.ScheduledThreadPoolExecutor$DelayedWorkQueue.take(ScheduledThreadPoolExecutor.java:1088)&#10;        at java.util.concurrent.ScheduledThreadPoolExecutor$DelayedWorkQueue.take(ScheduledThreadPoolExecutor.java:809)&#10;        at java.util.concurrent.ThreadPoolExecutor.getTask(ThreadPoolExecutor.java:1074)&#10;        at java.util.concurrent.ThreadPoolExecutor.runWorker(ThreadPoolExecutor.java:1134)&#10;        at java.util.concurrent.ThreadPoolExecutor$Worker.run(ThreadPoolExecutor.java:624)&#10;        at java.lang.Thread.run(Thread.java:748)&#10;&quot;main&quot;  prio=5 tid=1 timed_waiting&#10;java.lang.Thread.State: TIMED_WAITING&#10;        at java.lang.Object.wait(Native Method)&#10;        at java.lang.Thread.join(Thread.java:1260)&#10;        at org.junit.internal.runners.statements.FailOnTimeout.evaluateStatement(FailOnTimeout.java:26)&#10;        at org.junit.internal.runners.statements.FailOnTimeout.evaluate(FailOnTimeout.java:17)&#10;        at org.junit.rules.RunRules.evaluate(RunRules.java:20)&#10;        at org.junit.runners.ParentRunner.runLeaf(ParentRunner.java:271)&#10;        at org.junit.runners.BlockJUnit4ClassRunner.runChild(BlockJUnit4ClassRunner.java:70)&#10;        at org.junit.runners.BlockJUnit4ClassRunner.runChild(BlockJUnit4ClassRunner.java:50)&#10;        at org.junit.runners.ParentRunner$3.run(ParentRunner.java:238)&#10;        at org.junit.runners.ParentRunner$1.schedule(ParentRunner.java:63)&#10;        at org.junit.runners.ParentRunner.runChildren(ParentRunner.java:236)&#10;        at org.junit.runners.ParentRunner.access$000(ParentRunner.java:53)&#10;        at org.junit.runners.ParentRunner$2.evaluate(ParentRunner.java:229)&#10;        at org.junit.runners.ParentRunner.run(ParentRunner.java:309)&#10;        at org.apache.maven.surefire.junit4.JUnit4Provider.execute(JUnit4Provider.java:365)&#10;        at org.apache.maven.surefire.junit4.JUnit4Provider.executeWithRerun(JUnit4Provider.java:273)&#10;        at org.apache.maven.surefire.junit4.JUnit4Provider.executeTestSet(JUnit4Provider.java:238)&#10;        at org.apache.maven.surefire.junit4.JUnit4Provider.invoke(JUnit4Provider.java:159)&#10;        at org.apache.maven.surefire.booter.ForkedBooter.invokeProviderInSameClassLoader(ForkedBooter.java:384)&#10;        at org.apache.maven.surefire.booter.ForkedBooter.runSuitesInProcess(ForkedBooter.java:345)&#10;        at org.apache.maven.surefire.booter.ForkedBooter.execute(ForkedBooter.java:126)&#10;        at org.apache.maven.surefire.booter.ForkedBooter.main(ForkedBooter.java:418)&#10;&quot;Socket Reader #1 for port 39615&quot;  prio=5 tid=24 runnable&#10;java.lang.Thread.State: RUNNABLE&#10;        at sun.nio.ch.EPollArrayWrapper.epollWait(Native Method)&#10;        at sun.nio.ch.EPollArrayWrapper.poll(EPollArrayWrapper.java:269)&#10;        at sun.nio.ch.EPollSelectorImpl.doSelect(EPollSelectorImpl.java:93)&#10;        at sun.nio.ch.SelectorImpl.lockAndDoSelect(SelectorImpl.java:86)&#10;        at sun.nio.ch.SelectorImpl.select(SelectorImpl.java:97)&#10;        at sun.nio.ch.SelectorImpl.select(SelectorImpl.java:101)&#10;        at org.apache.hadoop.ipc.Server$Listener$Reader.doRunLoop(Server.java:1097)&#10;        at org.apache.hadoop.ipc.Server$Listener$Reader.run(Server.java:1076)&#10;&quot;jaeger.RemoteReporter-FlushTimer&quot; daemon prio=5 tid=149 timed_waiting&#10;java.lang.Thread.State: TIMED_WAITING&#10;        at java.lang.Object.wait(Native Method)&#10;        at java.util.TimerThread.mainLoop(Timer.java:552)&#10;        at java.util.TimerThread.run(Timer.java:505)&#10;&quot;BlockDeletingService#0&quot; daemon prio=5 tid=416 timed_waiting&#10;java.lang.Thread.State: TIMED_WAITING&#10;        at sun.misc.Unsafe.park(Native Method)&#10;        at java.util.concurrent.locks.LockSupport.parkNanos(LockSupport.java:215)&#10;        at java.util.concurrent.locks.AbstractQueuedSynchronizer$ConditionObject.awaitNanos(AbstractQueuedSynchronizer.java:2078)&#10;        at java.util.concurrent.ScheduledThreadPoolExecutor$DelayedWorkQueue.take(ScheduledThreadPoolExecutor.java:1093)&#10;        at java.util.concurrent.ScheduledThreadPoolExecutor$DelayedWorkQueue.take(ScheduledThreadPoolExecutor.java:809)&#10;        at java.util.concurrent.ThreadPoolExecutor.getTask(ThreadPoolExecutor.java:1074)&#10;        at java.util.concurrent.ThreadPoolExecutor.runWorker(ThreadPoolExecutor.java:1134)&#10;        at java.util.concurrent.ThreadPoolExecutor$Worker.run(ThreadPoolExecutor.java:624)&#10;        at java.lang.Thread.run(Thread.java:748)&#10;&quot;pool-36-thread-58&quot;  prio=5 tid=351 in Object.wait()&#10;java.lang.Thread.State: WAITING (on object monitor)&#10;        at sun.misc.Unsafe.park(Native Method)&#10;        at java.util.concurrent.locks.LockSupport.park(LockSupport.java:175)&#10;        at java.util.concurrent.locks.AbstractQueuedSynchronizer$ConditionObject.await(AbstractQueuedSynchronizer.java:2039)&#10;        at java.util.concurrent.ArrayBlockingQueue.take(ArrayBlockingQueue.java:403)&#10;        at java.util.concurrent.ThreadPoolExecutor.getTask(ThreadPoolExecutor.java:1074)&#10;        at java.util.concurrent.ThreadPoolExecutor.runWorker(ThreadPoolExecutor.java:1134)&#10;        at java.util.concurrent.ThreadPoolExecutor$Worker.run(ThreadPoolExecutor.java:624)&#10;        at java.lang.Thread.run(Thread.java:748)&#10;&quot;IPC Server handler 18 on 39615&quot; daemon prio=5 tid=48 timed_waiting&#10;java.lang.Thread.State: TIMED_WAITING&#10;        at sun.misc.Unsafe.park(Native Method)&#10;        at java.util.concurrent.locks.LockSupport.parkNanos(LockSupport.java:215)&#10;        at java.util.concurrent.locks.AbstractQueuedSynchronizer$ConditionObject.awaitNanos(AbstractQueuedSynchronizer.java:2078)&#10;        at java.util.concurrent.LinkedBlockingQueue.poll(LinkedBlockingQueue.java:467)&#10;        at org.apache.hadoop.ipc.CallQueueManager.take(CallQueueManager.java:288)&#10;        at org.apache.hadoop.ipc.Server$Handler.run(Server.java:2668)&#10;&quot;metrics-hadoop-metrics2-reporter-30-thread-1&quot; daemon prio=5 tid=625 timed_waiting&#10;java.lang.Thread.State: TIMED_WAITING&#10;        at sun.misc.Unsafe.park(Native Method)&#10;        at java.util.concurrent.locks.LockSupport.parkNanos(LockSupport.java:215)&#10;        at java.util.concurrent.locks.AbstractQueuedSynchronizer$ConditionObject.awaitNanos(AbstractQueuedSynchronizer.java:2078)&#10;        at java.util.concurrent.ScheduledThreadPoolExecutor$DelayedWorkQueue.take(ScheduledThreadPoolExecutor.java:1093)&#10;        at java.util.concurrent.ScheduledThreadPoolExecutor$DelayedWorkQueue.take(ScheduledThreadPoolExecutor.java:809)&#10;        at java.util.concurrent.ThreadPoolExecutor.getTask(ThreadPoolExecutor.java:1074)&#10;        at java.util.concurrent.ThreadPoolExecutor.runWorker(ThreadPoolExecutor.java:1134)&#10;        at java.util.concurrent.ThreadPoolExecutor$Worker.run(ThreadPoolExecutor.java:624)&#10;        at java.lang.Thread.run(Thread.java:748)&#10;&quot;IPC Server handler 2 on 32962&quot; daemon prio=5 tid=117 timed_waiting&#10;java.lang.Thread.State: TIMED_WAITING&#10;        at sun.misc.Unsafe.park(Native Method)&#10;        at java.util.concurrent.locks.LockSupport.parkNanos(LockSupport.java:215)&#10;        at java.util.concurrent.locks.AbstractQueuedSynchronizer$ConditionObject.awaitNanos(AbstractQueuedSynchronizer.java:2078)&#10;        at java.util.concurrent.LinkedBlockingQueue.poll(LinkedBlockingQueue.java:467)&#10;        at org.apache.hadoop.ipc.CallQueueManager.take(CallQueueManager.java:288)&#10;        at org.apache.hadoop.ipc.Server$Handler.run(Server.java:2668)&#10;&quot;metrics-hadoop-metrics2-reporter-19-thread-1&quot; daemon prio=5 tid=488 timed_waiting&#10;java.lang.Thread.State: TIMED_WAITING&#10;        at sun.misc.Unsafe.park(Native Method)&#10;        at java.util.concurrent.locks.LockSupport.parkNanos(LockSupport.java:215)&#10;        at java.util.concurrent.locks.AbstractQueuedSynchronizer$ConditionObject.awaitNanos(AbstractQueuedSynchronizer.java:2078)&#10;        at java.util.concurrent.ScheduledThreadPoolExecutor$DelayedWorkQueue.take(ScheduledThreadPoolExecutor.java:1093)&#10;        at java.util.concurrent.ScheduledThreadPoolExecutor$DelayedWorkQueue.take(ScheduledThreadPoolExecutor.java:809)&#10;        at java.util.concurrent.ThreadPoolExecutor.getTask(ThreadPoolExecutor.java:1074)&#10;        at java.util.concurrent.ThreadPoolExecutor.runWorker(ThreadPoolExecutor.java:1134)&#10;        at java.util.concurrent.ThreadPoolExecutor$Worker.run(ThreadPoolExecutor.java:624)&#10;        at java.lang.Thread.run(Thread.java:748)&#10;&quot;pool-46-thread-6&quot;  prio=5 tid=359 in Object.wait()&#10;java.lang.Thread.State: WAITING (on object monitor)&#10;        at sun.misc.Unsafe.park(Native Method)&#10;        at java.util.concurrent.locks.LockSupport.park(LockSupport.java:175)&#10;        at java.util.concurrent.locks.AbstractQueuedSynchronizer$ConditionObject.await(AbstractQueuedSynchronizer.java:2039)&#10;        at java.util.concurrent.ArrayBlockingQueue.take(ArrayBlockingQueue.java:403)&#10;        at java.util.concurrent.ThreadPoolExecutor.getTask(ThreadPoolExecutor.java:1074)&#10;        at java.util.concurrent.ThreadPoolExecutor.runWorker(ThreadPoolExecutor.java:1134)&#10;        at java.util.concurrent.ThreadPoolExecutor$Worker.run(ThreadPoolExecutor.java:624)&#10;        at java.lang.Thread.run(Thread.java:748)&#10;&quot;pool-37-thread-1&quot;  prio=5 tid=448 in Object.wait()&#10;java.lang.Thread.State: WAITING (on object monitor)&#10;        at sun.misc.Unsafe.park(Native Method)&#10;        at java.util.concurrent.locks.LockSupport.park(LockSupport.java:175)&#10;        at java.util.concurrent.locks.AbstractQueuedSynchronizer$ConditionObject.await(AbstractQueuedSynchronizer.java:2039)&#10;        at java.util.concurrent.LinkedBlockingQueue.take(LinkedBlockingQueue.java:442)&#10;        at java.util.concurrent.ThreadPoolExecutor.getTask(ThreadPoolExecutor.java:1074)&#10;        at java.util.concurrent.ThreadPoolExecutor.runWorker(ThreadPoolExecutor.java:1134)&#10;        at java.util.concurrent.ThreadPoolExecutor$Worker.run(ThreadPoolExecutor.java:624)&#10;        at java.lang.Thread.run(Thread.java:748)&#10;&quot;Thread-194&quot; daemon prio=5 tid=474 timed_waiting&#10;java.lang.Thread.State: TIMED_WAITING&#10;        at sun.misc.Unsafe.park(Native Method)&#10;        at java.util.concurrent.locks.LockSupport.parkNanos(LockSupport.java:215)&#10;        at java.util.concurrent.locks.AbstractQueuedSynchronizer$ConditionObject.awaitNanos(AbstractQueuedSynchronizer.java:2078)&#10;        at java.util.concurrent.ArrayBlockingQueue.poll(ArrayBlockingQueue.java:418)&#10;        at org.apache.ratis.server.impl.LeaderState$EventQueue.poll(LeaderState.java:115)&#10;        at org.apache.ratis.server.impl.LeaderState$EventProcessor.run(LeaderState.java:467)&#10;&quot;IPC Server handler 6 on 37656&quot; daemon prio=5 tid=56 timed_waiting&#10;java.lang.Thread.State: TIMED_WAITING&#10;        at sun.misc.Unsafe.park(Native Method)&#10;        at java.util.concurrent.locks.LockSupport.parkNanos(LockSupport.java:215)&#10;        at java.util.concurrent.locks.AbstractQueuedSynchronizer$ConditionObject.awaitNanos(AbstractQueuedSynchronizer.java:2078)&#10;        at java.util.concurrent.LinkedBlockingQueue.poll(LinkedBlockingQueue.java:467)&#10;        at org.apache.hadoop.ipc.CallQueueManager.take(CallQueueManager.java:288)&#10;        at org.apache.hadoop.ipc.Server$Handler.run(Server.java:2668)&#10;&quot;pool-36-thread-50&quot;  prio=5 tid=343 in Object.wait()&#10;java.lang.Thread.State: WAITING (on object monitor)&#10;        at sun.misc.Unsafe.park(Native Method)&#10;        at java.util.concurrent.locks.LockSupport.park(LockSupport.java:175)&#10;        at java.util.concurrent.locks.AbstractQueuedSynchronizer$ConditionObject.await(AbstractQueuedSynchronizer.java:2039)&#10;        at java.util.concurrent.ArrayBlockingQueue.take(ArrayBlockingQueue.java:403)&#10;        at java.util.concurrent.ThreadPoolExecutor.getTask(ThreadPoolExecutor.java:1074)&#10;        at java.util.concurrent.ThreadPoolExecutor.runWorker(ThreadPoolExecutor.java:1134)&#10;        at java.util.concurrent.ThreadPoolExecutor$Worker.run(ThreadPoolExecutor.java:624)&#10;        at java.lang.Thread.run(Thread.java:748)&#10;&quot;Thread-2749&quot; daemon prio=5 tid=3059 timed_waiting&#10;java.lang.Thread.State: TIMED_WAITING&#10;        at java.lang.Thread.sleep(Native Method)&#10;        at org.apache.ratis.util.JavaUtils.sleep(JavaUtils.java:247)&#10;        at org.apache.ratis.server.impl.FollowerState.run(FollowerState.java:97)&#10;&quot;IPC Server handler 9 on 39656&quot; daemon prio=5 tid=79 timed_waiting&#10;java.lang.Thread.State: TIMED_WAITING&#10;        at sun.misc.Unsafe.park(Native Method)&#10;        at java.util.concurrent.locks.LockSupport.parkNanos(LockSupport.java:215)&#10;        at java.util.concurrent.locks.AbstractQueuedSynchronizer$ConditionObject.awaitNanos(AbstractQueuedSynchronizer.java:2078)&#10;        at java.util.concurrent.LinkedBlockingQueue.poll(LinkedBlockingQueue.java:467)&#10;        at org.apache.hadoop.ipc.CallQueueManager.take(CallQueueManager.java:288)&#10;        at org.apache.hadoop.ipc.Server$Handler.run(Server.java:2668)&#10;&quot;pool-26-thread-10&quot;  prio=5 tid=243 in Object.wait()&#10;java.lang.Thread.State: WAITING (on object monitor)&#10;        at sun.misc.Unsafe.park(Native Method)&#10;        at java.util.concurrent.locks.LockSupport.park(LockSupport.java:175)&#10;        at java.util.concurrent.locks.AbstractQueuedSynchronizer$ConditionObject.await(AbstractQueuedSynchronizer.java:2039)&#10;        at java.util.concurrent.ArrayBlockingQueue.take(ArrayBlockingQueue.java:403)&#10;        at java.util.concurrent.ThreadPoolExecutor.getTask(ThreadPoolExecutor.java:1074)&#10;        at java.util.concurrent.ThreadPoolExecutor.runWorker(ThreadPoolExecutor.java:1134)&#10;        at java.util.concurrent.ThreadPoolExecutor$Worker.run(ThreadPoolExecutor.java:624)&#10;        at java.lang.Thread.run(Thread.java:748)&#10;&quot;org.eclipse.jetty.server.session.HashSessionManager@1f0afd0eTimer&quot; daemon prio=5 tid=196 timed_waiting&#10;java.lang.Thread.State: TIMED_WAITING&#10;        at sun.misc.Unsafe.park(Native Method)&#10;        at java.util.concurrent.locks.LockSupport.parkNanos(LockSupport.java:215)&#10;        at java.util.concurrent.locks.AbstractQueuedSynchronizer$ConditionObject.awaitNanos(AbstractQueuedSynchronizer.java:2078)&#10;        at java.util.concurrent.ScheduledThreadPoolExecutor$DelayedWorkQueue.take(ScheduledThreadPoolExecutor.java:1093)&#10;        at java.util.concurrent.ScheduledThreadPoolExecutor$DelayedWorkQueue.take(ScheduledThreadPoolExecutor.java:809)&#10;        at java.util.concurrent.ThreadPoolExecutor.getTask(ThreadPoolExecutor.java:1074)&#10;        at java.util.concurrent.ThreadPoolExecutor.runWorker(ThreadPoolExecutor.java:1134)&#10;        at java.util.concurrent.ThreadPoolExecutor$Worker.run(ThreadPoolExecutor.java:624)&#10;        at java.lang.Thread.run(Thread.java:748)&#10;&quot;IPC Server handler 9 on 37656&quot; daemon prio=5 tid=59 timed_waiting&#10;java.lang.Thread.State: TIMED_WAITING&#10;        at sun.misc.Unsafe.park(Native Method)&#10;        at java.util.concurrent.locks.LockSupport.parkNanos(LockSupport.java:215)&#10;        at java.util.concurrent.locks.AbstractQueuedSynchronizer$ConditionObject.awaitNanos(AbstractQueuedSynchronizer.java:2078)&#10;        at java.util.concurrent.LinkedBlockingQueue.poll(LinkedBlockingQueue.java:467)&#10;        at org.apache.hadoop.ipc.CallQueueManager.take(CallQueueManager.java:288)&#10;        at org.apache.hadoop.ipc.Server$Handler.run(Server.java:2668)&#10;&quot;pool-36-thread-43&quot;  prio=5 tid=336 in Object.wait()&#10;java.lang.Thread.State: WAITING (on object monitor)&#10;        at sun.misc.Unsafe.park(Native Method)&#10;        at java.util.concurrent.locks.LockSupport.park(LockSupport.java:175)&#10;        at java.util.concurrent.locks.AbstractQueuedSynchronizer$ConditionObject.await(AbstractQueuedSynchronizer.java:2039)&#10;        at java.util.concurrent.ArrayBlockingQueue.take(ArrayBlockingQueue.java:403)&#10;        at java.util.concurrent.ThreadPoolExecutor.getTask(ThreadPoolExecutor.java:1074)&#10;        at java.util.concurrent.ThreadPoolExecutor.runWorker(ThreadPoolExecutor.java:1134)&#10;        at java.util.concurrent.ThreadPoolExecutor$Worker.run(ThreadPoolExecutor.java:624)&#10;        at java.lang.Thread.run(Thread.java:748)&#10;&quot;pool-36-thread-12&quot;  prio=5 tid=305 in Object.wait()&#10;java.lang.Thread.State: WAITING (on object monitor)&#10;        at sun.misc.Unsafe.park(Native Method)&#10;        at java.util.concurrent.locks.LockSupport.park(LockSupport.java:175)&#10;        at java.util.concurrent.locks.AbstractQueuedSynchronizer$ConditionObject.await(AbstractQueuedSynchronizer.java:2039)&#10;        at java.util.concurrent.ArrayBlockingQueue.take(ArrayBlockingQueue.java:403)&#10;        at java.util.concurrent.ThreadPoolExecutor.getTask(ThreadPoolExecutor.java:1074)&#10;        at java.util.concurrent.ThreadPoolExecutor.runWorker(ThreadPoolExecutor.java:1134)&#10;        at java.util.concurrent.ThreadPoolExecutor$Worker.run(ThreadPoolExecutor.java:624)&#10;        at java.lang.Thread.run(Thread.java:748)&#10;&quot;pool-46-thread-40&quot;  prio=5 tid=393 in Object.wait()&#10;java.lang.Thread.State: WAITING (on object monitor)&#10;        at sun.misc.Unsafe.park(Native Method)&#10;        at java.util.concurrent.locks.LockSupport.park(LockSupport.java:175)&#10;        at java.util.concurrent.locks.AbstractQueuedSynchronizer$ConditionObject.await(AbstractQueuedSynchronizer.java:2039)&#10;        at java.util.concurrent.ArrayBlockingQueue.take(ArrayBlockingQueue.java:403)&#10;        at java.util.concurrent.ThreadPoolExecutor.getTask(ThreadPoolExecutor.java:1074)&#10;        at java.util.concurrent.ThreadPoolExecutor.runWorker(ThreadPoolExecutor.java:1134)&#10;        at java.util.concurrent.ThreadPoolExecutor$Worker.run(ThreadPoolExecutor.java:624)&#10;        at java.lang.Thread.run(Thread.java:748)&#10;&quot;pool-36-thread-49&quot;  prio=5 tid=342 in Object.wait()&#10;java.lang.Thread.State: WAITING (on object monitor)&#10;        at sun.misc.Unsafe.park(Native Method)&#10;        at java.util.concurrent.locks.LockSupport.park(LockSupport.java:175)&#10;        at java.util.concurrent.locks.AbstractQueuedSynchronizer$ConditionObject.await(AbstractQueuedSynchronizer.java:2039)&#10;        at java.util.concurrent.ArrayBlockingQueue.take(ArrayBlockingQueue.java:403)&#10;        at java.util.concurrent.ThreadPoolExecutor.getTask(ThreadPoolExecutor.java:1074)&#10;        at java.util.concurrent.ThreadPoolExecutor.runWorker(ThreadPoolExecutor.java:1134)&#10;        at java.util.concurrent.ThreadPoolExecutor$Worker.run(ThreadPoolExecutor.java:624)&#10;        at java.lang.Thread.run(Thread.java:748)&#10;&quot;pool-36-thread-41&quot;  prio=5 tid=334 in Object.wait()&#10;java.lang.Thread.State: WAITING (on object monitor)&#10;        at sun.misc.Unsafe.park(Native Method)&#10;        at java.util.concurrent.locks.LockSupport.park(LockSupport.java:175)&#10;        at java.util.concurrent.locks.AbstractQueuedSynchronizer$ConditionObject.await(AbstractQueuedSynchronizer.java:2039)&#10;        at java.util.concurrent.ArrayBlockingQueue.take(ArrayBlockingQueue.java:403)&#10;        at java.util.concurrent.ThreadPoolExecutor.getTask(ThreadPoolExecutor.java:1074)&#10;        at java.util.concurrent.ThreadPoolExecutor.runWorker(ThreadPoolExecutor.java:1134)&#10;        at java.util.concurrent.ThreadPoolExecutor$Worker.run(ThreadPoolExecutor.java:624)&#10;        at java.lang.Thread.run(Thread.java:748)&#10;&quot;pool-46-thread-52&quot;  prio=5 tid=405 in Object.wait()&#10;java.lang.Thread.State: WAITING (on object monitor)&#10;        at sun.misc.Unsafe.park(Native Method)&#10;        at java.util.concurrent.locks.LockSupport.park(LockSupport.java:175)&#10;        at java.util.concurrent.locks.AbstractQueuedSynchronizer$ConditionObject.await(AbstractQueuedSynchronizer.java:2039)&#10;        at java.util.concurrent.ArrayBlockingQueue.take(ArrayBlockingQueue.java:403)&#10;        at java.util.concurrent.ThreadPoolExecutor.getTask(ThreadPoolExecutor.java:1074)&#10;        at java.util.concurrent.ThreadPoolExecutor.runWorker(ThreadPoolExecutor.java:1134)&#10;        at java.util.concurrent.ThreadPoolExecutor$Worker.run(ThreadPoolExecutor.java:624)&#10;        at java.lang.Thread.run(Thread.java:748)&#10;&quot;grpc-default-boss-ELG-1-1&quot; daemon prio=5 tid=414 runnable&#10;java.lang.Thread.State: RUNNABLE&#10;        at sun.nio.ch.EPollArrayWrapper.epollWait(Native Method)&#10;        at sun.nio.ch.EPollArrayWrapper.poll(EPollArrayWrapper.java:269)&#10;        at sun.nio.ch.EPollSelectorImpl.doSelect(EPollSelectorImpl.java:93)&#10;        at sun.nio.ch.SelectorImpl.lockAndDoSelect(SelectorImpl.java:86)&#10;        at sun.nio.ch.SelectorImpl.select(SelectorImpl.java:97)&#10;        at org.apache.ratis.thirdparty.io.netty.channel.nio.SelectedSelectionKeySetSelector.select(SelectedSelectionKeySetSelector.java:62)&#10;        at org.apache.ratis.thirdparty.io.netty.channel.nio.NioEventLoop.select(NioEventLoop.java:753)&#10;        at org.apache.ratis.thirdparty.io.netty.channel.nio.NioEventLoop.run(NioEventLoop.java:408)&#10;        at org.apache.ratis.thirdparty.io.netty.util.concurrent.SingleThreadEventExecutor$5.run(SingleThreadEventExecutor.java:897)&#10;        at org.apache.ratis.thirdparty.io.netty.util.concurrent.FastThreadLocalRunnable.run(FastThreadLocalRunnable.java:30)&#10;        at java.lang.Thread.run(Thread.java:748)&#10;&quot;EventQueue-NodeRegistrationContainerReportForContainerSafeModeRule&quot; daemon prio=5 tid=425 in Object.wait()&#10;java.lang.Thread.State: WAITING (on object monitor)&#10;        at sun.misc.Unsafe.park(Native Method)&#10;        at java.util.concurrent.locks.LockSupport.park(LockSupport.java:175)&#10;        at java.util.concurrent.locks.AbstractQueuedSynchronizer$ConditionObject.await(AbstractQueuedSynchronizer.java:2039)&#10;        at java.util.concurrent.LinkedBlockingQueue.take(LinkedBlockingQueue.java:442)&#10;        at java.util.concurrent.ThreadPoolExecutor.getTask(ThreadPoolExecutor.java:1074)&#10;        at java.util.concurrent.ThreadPoolExecutor.runWorker(ThreadPoolExecutor.java:1134)&#10;        at java.util.concurrent.ThreadPoolExecutor$Worker.run(ThreadPoolExecutor.java:624)&#10;        at java.lang.Thread.run(Thread.java:748)&#10;&quot;pool-26-thread-34&quot;  prio=5 tid=267 in Object.wait()&#10;java.lang.Thread.State: WAITING (on object monitor)&#10;        at sun.misc.Unsafe.park(Native Method)&#10;        at java.util.concurrent.locks.LockSupport.park(LockSupport.java:175)&#10;        at java.util.concurrent.locks.AbstractQueuedSynchronizer$ConditionObject.await(AbstractQueuedSynchronizer.java:2039)&#10;        at java.util.concurrent.ArrayBlockingQueue.take(ArrayBlockingQueue.java:403)&#10;        at java.util.concurrent.ThreadPoolExecutor.getTask(ThreadPoolExecutor.java:1074)&#10;        at java.util.concurrent.ThreadPoolExecutor.runWorker(ThreadPoolExecutor.java:1134)&#10;        at java.util.concurrent.ThreadPoolExecutor$Worker.run(ThreadPoolExecutor.java:624)&#10;        at java.lang.Thread.run(Thread.java:748)&#10;&quot;pool-36-thread-36&quot;  prio=5 tid=329 in Object.wait()&#10;java.lang.Thread.State: WAITING (on object monitor)&#10;        at sun.misc.Unsafe.park(Native Method)&#10;        at java.util.concurrent.locks.LockSupport.park(LockSupport.java:175)&#10;        at java.util.concurrent.locks.AbstractQueuedSynchronizer$ConditionObject.await(AbstractQueuedSynchronizer.java:2039)&#10;        at java.util.concurrent.ArrayBlockingQueue.take(ArrayBlockingQueue.java:403)&#10;        at java.util.concurrent.ThreadPoolExecutor.getTask(ThreadPoolExecutor.java:1074)&#10;        at java.util.concurrent.ThreadPoolExecutor.runWorker(ThreadPoolExecutor.java:1134)&#10;        at java.util.concurrent.ThreadPoolExecutor$Worker.run(ThreadPoolExecutor.java:624)&#10;        at java.lang.Thread.run(Thread.java:748)&#10;&quot;pool-30-thread-1&quot;  prio=5 tid=159 timed_waiting&#10;java.lang.Thread.State: TIMED_WAITING&#10;        at sun.misc.Unsafe.park(Native Method)&#10;        at java.util.concurrent.locks.LockSupport.parkNanos(LockSupport.java:215)&#10;        at java.util.concurrent.locks.AbstractQueuedSynchronizer$ConditionObject.awaitNanos(AbstractQueuedSynchronizer.java:2078)&#10;        at java.util.concurrent.ScheduledThreadPoolExecutor$DelayedWorkQueue.take(ScheduledThreadPoolExecutor.java:1093)&#10;        at java.util.concurrent.ScheduledThreadPoolExecutor$DelayedWorkQueue.take(ScheduledThreadPoolExecutor.java:809)&#10;        at java.util.concurrent.ThreadPoolExecutor.getTask(ThreadPoolExecutor.java:1074)&#10;        at java.util.concurrent.ThreadPoolExecutor.runWorker(ThreadPoolExecutor.java:1134)&#10;        at java.util.concurrent.ThreadPoolExecutor$Worker.run(ThreadPoolExecutor.java:624)&#10;        at java.lang.Thread.run(Thread.java:748)&#10;&quot;Thread-189&quot; daemon prio=5 tid=459 timed_waiting&#10;java.lang.Thread.State: TIMED_WAITING&#10;        at sun.misc.Unsafe.park(Native Method)&#10;        at java.util.concurrent.locks.LockSupport.parkNanos(LockSupport.java:215)&#10;        at java.util.concurrent.locks.AbstractQueuedSynchronizer$ConditionObject.awaitNanos(AbstractQueuedSynchronizer.java:2078)&#10;        at java.util.concurrent.ArrayBlockingQueue.poll(ArrayBlockingQueue.java:418)&#10;        at org.apache.ratis.server.impl.LeaderState$EventQueue.poll(LeaderState.java:115)&#10;        at org.apache.ratis.server.impl.LeaderState$EventProcessor.run(LeaderState.java:467)&#10;&quot;metrics-hadoop-metrics2-reporter-13-thread-1&quot; daemon prio=5 tid=465 timed_waiting&#10;java.lang.Thread.State: TIMED_WAITING&#10;        at sun.misc.Unsafe.park(Native Method)&#10;        at java.util.concurrent.locks.LockSupport.parkNanos(LockSupport.java:215)&#10;        at java.util.concurrent.locks.AbstractQueuedSynchronizer$ConditionObject.awaitNanos(AbstractQueuedSynchronizer.java:2078)&#10;        at java.util.concurrent.ScheduledThreadPoolExecutor$DelayedWorkQueue.take(ScheduledThreadPoolExecutor.java:1093)&#10;        at java.util.concurrent.ScheduledThreadPoolExecutor$DelayedWorkQueue.take(ScheduledThreadPoolExecutor.java:809)&#10;        at java.util.concurrent.ThreadPoolExecutor.getTask(ThreadPoolExecutor.java:1074)&#10;        at java.util.concurrent.ThreadPoolExecutor.runWorker(ThreadPoolExecutor.java:1134)&#10;        at java.util.concurrent.ThreadPoolExecutor$Worker.run(ThreadPoolExecutor.java:624)&#10;        at java.lang.Thread.run(Thread.java:748)&#10;&quot;pool-26-thread-55&quot;  prio=5 tid=288 in Object.wait()&#10;java.lang.Thread.State: WAITING (on object monitor)&#10;        at sun.misc.Unsafe.park(Native Method)&#10;        at java.util.concurrent.locks.LockSupport.park(LockSupport.java:175)&#10;        at java.util.concurrent.locks.AbstractQueuedSynchronizer$ConditionObject.await(AbstractQueuedSynchronizer.java:2039)&#10;        at java.util.concurrent.ArrayBlockingQueue.take(ArrayBlockingQueue.java:403)&#10;        at java.util.concurrent.ThreadPoolExecutor.getTask(ThreadPoolExecutor.java:1074)&#10;        at java.util.concurrent.ThreadPoolExecutor.runWorker(ThreadPoolExecutor.java:1134)&#10;        at java.util.concurrent.ThreadPoolExecutor$Worker.run(ThreadPoolExecutor.java:624)&#10;        at java.lang.Thread.run(Thread.java:748)&#10;&quot;pool-36-thread-6&quot;  prio=5 tid=299 in Object.wait()&#10;java.lang.Thread.State: WAITING (on object monitor)&#10;        at sun.misc.Unsafe.park(Native Method)&#10;        at java.util.concurrent.locks.LockSupport.park(LockSupport.java:175)&#10;        at java.util.concurrent.locks.AbstractQueuedSynchronizer$ConditionObject.await(AbstractQueuedSynchronizer.java:2039)&#10;        at java.util.concurrent.ArrayBlockingQueue.take(ArrayBlockingQueue.java:403)&#10;        at java.util.concurrent.ThreadPoolExecutor.getTask(ThreadPoolExecutor.java:1074)&#10;        at java.util.concurrent.ThreadPoolExecutor.runWorker(ThreadPoolExecutor.java:1134)&#10;        at java.util.concurrent.ThreadPoolExecutor$Worker.run(ThreadPoolExecutor.java:624)&#10;        at java.lang.Thread.run(Thread.java:748)&#10;&quot;Datanode State Machine Thread - 0&quot; daemon prio=5 tid=225 timed_waiting&#10;java.lang.Thread.State: TIMED_WAITING&#10;        at java.lang.Thread.sleep(Native Method)&#10;        at org.apache.hadoop.ozone.container.common.statemachine.DatanodeStateMachine.start(DatanodeStateMachine.java:191)&#10;        at org.apache.hadoop.ozone.container.common.statemachine.DatanodeStateMachine.lambda$startDaemon$0(DatanodeStateMachine.java:349)&#10;        at org.apache.hadoop.ozone.container.common.statemachine.DatanodeStateMachine$$Lambda$140/53279234.run(Unknown Source)&#10;        at java.lang.Thread.run(Thread.java:748)&#10;&quot;pool-46-thread-23&quot;  prio=5 tid=376 in Object.wait()&#10;java.lang.Thread.State: WAITING (on object monitor)&#10;        at sun.misc.Unsafe.park(Native Method)&#10;        at java.util.concurrent.locks.LockSupport.park(LockSupport.java:175)&#10;        at java.util.concurrent.locks.AbstractQueuedSynchronizer$ConditionObject.await(AbstractQueuedSynchronizer.java:2039)&#10;        at java.util.concurrent.ArrayBlockingQueue.take(ArrayBlockingQueue.java:403)&#10;        at java.util.concurrent.ThreadPoolExecutor.getTask(ThreadPoolExecutor.java:1074)&#10;        at java.util.concurrent.ThreadPoolExecutor.runWorker(ThreadPoolExecutor.java:1134)&#10;        at java.util.concurrent.ThreadPoolExecutor$Worker.run(ThreadPoolExecutor.java:624)&#10;        at java.lang.Thread.run(Thread.java:748)&#10;&quot;pool-26-thread-49&quot;  prio=5 tid=282 in Object.wait()&#10;java.lang.Thread.State: WAITING (on object monitor)&#10;        at sun.misc.Unsafe.park(Native Method)&#10;        at java.util.concurrent.locks.LockSupport.park(LockSupport.java:175)&#10;        at java.util.concurrent.locks.AbstractQueuedSynchronizer$ConditionObject.await(AbstractQueuedSynchronizer.java:2039)&#10;        at java.util.concurrent.ArrayBlockingQueue.take(ArrayBlockingQueue.java:403)&#10;        at java.util.concurrent.ThreadPoolExecutor.getTask(ThreadPoolExecutor.java:1074)&#10;        at java.util.concurrent.ThreadPoolExecutor.runWorker(ThreadPoolExecutor.java:1134)&#10;        at java.util.concurrent.ThreadPoolExecutor$Worker.run(ThreadPoolExecutor.java:624)&#10;        at java.lang.Thread.run(Thread.java:748)&#10;&quot;surefire-forkedjvm-command-thread&quot; daemon prio=5 tid=8 runnable&#10;java.lang.Thread.State: RUNNABLE&#10;        at java.io.FileInputStream.readBytes(Native Method)&#10;        at java.io.FileInputStream.read(FileInputStream.java:255)&#10;        at java.io.BufferedInputStream.fill(BufferedInputStream.java:246)&#10;        at java.io.BufferedInputStream.read(BufferedInputStream.java:265)&#10;        at java.io.DataInputStream.readInt(DataInputStream.java:387)&#10;        at org.apache.maven.surefire.booter.MasterProcessCommand.decode(MasterProcessCommand.java:115)&#10;        at org.apache.maven.surefire.booter.CommandReader$CommandRunnable.run(CommandReader.java:390)&#10;        at java.lang.Thread.run(Thread.java:748)&#10;&quot;SCM Heartbeat Processing Thread - 0&quot; daemon prio=5 tid=14 timed_waiting&#10;java.lang.Thread.State: TIMED_WAITING&#10;        at sun.misc.Unsafe.park(Native Method)&#10;        at java.util.concurrent.locks.LockSupport.parkNanos(LockSupport.java:215)&#10;        at java.util.concurrent.locks.AbstractQueuedSynchronizer$ConditionObject.awaitNanos(AbstractQueuedSynchronizer.java:2078)&#10;        at java.util.concurrent.ScheduledThreadPoolExecutor$DelayedWorkQueue.take(ScheduledThreadPoolExecutor.java:1093)&#10;        at java.util.concurrent.ScheduledThreadPoolExecutor$DelayedWorkQueue.take(ScheduledThreadPoolExecutor.java:809)&#10;        at java.util.concurrent.ThreadPoolExecutor.getTask(ThreadPoolExecutor.java:1074)&#10;        at java.util.concurrent.ThreadPoolExecutor.runWorker(ThreadPoolExecutor.java:1134)&#10;        at java.util.concurrent.ThreadPoolExecutor$Worker.run(ThreadPoolExecutor.java:624)&#10;        at java.lang.Thread.run(Thread.java:748)&#10;&quot;pool-26-thread-38&quot;  prio=5 tid=271 in Object.wait()&#10;java.lang.Thread.State: WAITING (on object monitor)&#10;        at sun.misc.Unsafe.park(Native Method)&#10;        at java.util.concurrent.locks.LockSupport.park(LockSupport.java:175)&#10;        at java.util.concurrent.locks.AbstractQueuedSynchronizer$ConditionObject.await(AbstractQueuedSynchronizer.java:2039)&#10;        at java.util.concurrent.ArrayBlockingQueue.take(ArrayBlockingQueue.java:403)&#10;        at java.util.concurrent.ThreadPoolExecutor.getTask(ThreadPoolExecutor.java:1074)&#10;        at java.util.concurrent.ThreadPoolExecutor.runWorker(ThreadPoolExecutor.java:1134)&#10;        at java.util.concurrent.ThreadPoolExecutor$Worker.run(ThreadPoolExecutor.java:624)&#10;        at java.lang.Thread.run(Thread.java:748)&#10;&quot;6b24a2ab-97ee-4d49-85cc-2d76c2f4b8ef@group-569FAC3F8BCE-SegmentedRaftLogWorker&quot;  prio=5 tid=618 timed_waiting&#10;java.lang.Thread.State: TIMED_WAITING&#10;        at sun.misc.Unsafe.park(Native Method)&#10;        at java.util.concurrent.locks.LockSupport.parkNanos(LockSupport.java:215)&#10;        at java.util.concurrent.locks.AbstractQueuedSynchronizer$ConditionObject.awaitNanos(AbstractQueuedSynchronizer.java:2078)&#10;        at org.apache.ratis.util.DataBlockingQueue.poll(DataBlockingQueue.java:137)&#10;        at org.apache.ratis.server.raftlog.segmented.SegmentedRaftLogWorker.run(SegmentedRaftLogWorker.java:282)&#10;        at java.lang.Thread.run(Thread.java:748)&#10;&quot;pool-46-thread-18&quot;  prio=5 tid=371 in Object.wait()&#10;java.lang.Thread.State: WAITING (on object monitor)&#10;        at sun.misc.Unsafe.park(Native Method)&#10;        at java.util.concurrent.locks.LockSupport.park(LockSupport.java:175)&#10;        at java.util.concurrent.locks.AbstractQueuedSynchronizer$ConditionObject.await(AbstractQueuedSynchronizer.java:2039)&#10;        at java.util.concurrent.ArrayBlockingQueue.take(ArrayBlockingQueue.java:403)&#10;        at java.util.concurrent.ThreadPoolExecutor.getTask(ThreadPoolExecutor.java:1074)&#10;        at java.util.concurrent.ThreadPoolExecutor.runWorker(ThreadPoolExecutor.java:1134)&#10;        at java.util.concurrent.ThreadPoolExecutor$Worker.run(ThreadPoolExecutor.java:624)&#10;        at java.lang.Thread.run(Thread.java:748)&#10;&quot;pool-36-thread-14&quot;  prio=5 tid=307 in Object.wait()&#10;java.lang.Thread.State: WAITING (on object monitor)&#10;        at sun.misc.Unsafe.park(Native Method)&#10;        at java.util.concurrent.locks.LockSupport.park(LockSupport.java:175)&#10;        at java.util.concurrent.locks.AbstractQueuedSynchronizer$ConditionObject.await(AbstractQueuedSynchronizer.java:2039)&#10;        at java.util.concurrent.ArrayBlockingQueue.take(ArrayBlockingQueue.java:403)&#10;        at java.util.concurrent.ThreadPoolExecutor.getTask(ThreadPoolExecutor.java:1074)&#10;        at java.util.concurrent.ThreadPoolExecutor.runWorker(ThreadPoolExecutor.java:1134)&#10;        at java.util.concurrent.ThreadPoolExecutor$Worker.run(ThreadPoolExecutor.java:624)&#10;        at java.lang.Thread.run(Thread.java:748)&#10;&quot;pool-36-thread-11&quot;  prio=5 tid=304 in Object.wait()&#10;java.lang.Thread.State: WAITING (on object monitor)&#10;        at sun.misc.Unsafe.park(Native Method)&#10;        at java.util.concurrent.locks.LockSupport.park(LockSupport.java:175)&#10;        at java.util.concurrent.locks.AbstractQueuedSynchronizer$ConditionObject.await(AbstractQueuedSynchronizer.java:2039)&#10;        at java.util.concurrent.ArrayBlockingQueue.take(ArrayBlockingQueue.java:403)&#10;        at java.util.concurrent.ThreadPoolExecutor.getTask(ThreadPoolExecutor.java:1074)&#10;        at java.util.concurrent.ThreadPoolExecutor.runWorker(ThreadPoolExecutor.java:1134)&#10;        at java.util.concurrent.ThreadPoolExecutor$Worker.run(ThreadPoolExecutor.java:624)&#10;        at java.lang.Thread.run(Thread.java:748)&#10;&quot;metrics-hadoop-metrics2-reporter-9-thread-1&quot; daemon prio=5 tid=455 timed_waiting&#10;java.lang.Thread.State: TIMED_WAITING&#10;        at sun.misc.Unsafe.park(Native Method)&#10;        at java.util.concurrent.locks.LockSupport.parkNanos(LockSupport.java:215)&#10;        at java.util.concurrent.locks.AbstractQueuedSynchronizer$ConditionObject.awaitNanos(AbstractQueuedSynchronizer.java:2078)&#10;        at java.util.concurrent.ScheduledThreadPoolExecutor$DelayedWorkQueue.take(ScheduledThreadPoolExecutor.java:1093)&#10;        at java.util.concurrent.ScheduledThreadPoolExecutor$DelayedWorkQueue.take(ScheduledThreadPoolExecutor.java:809)&#10;        at java.util.concurrent.ThreadPoolExecutor.getTask(ThreadPoolExecutor.java:1074)&#10;        at java.util.concurrent.ThreadPoolExecutor.runWorker(ThreadPoolExecutor.java:1134)&#10;        at java.util.concurrent.ThreadPoolExecutor$Worker.run(ThreadPoolExecutor.java:624)&#10;        at java.lang.Thread.run(Thread.java:748)&#10;&quot;Socket Reader #1 for port 39656&quot;  prio=5 tid=16 runnable&#10;java.lang.Thread.State: RUNNABLE&#10;        at sun.nio.ch.EPollArrayWrapper.epollWait(Native Method)&#10;        at sun.nio.ch.EPollArrayWrapper.poll(EPollArrayWrapper.java:269)&#10;        at sun.nio.ch.EPollSelectorImpl.doSelect(EPollSelectorImpl.java:93)&#10;        at sun.nio.ch.SelectorImpl.lockAndDoSelect(SelectorImpl.java:86)&#10;        at sun.nio.ch.SelectorImpl.select(SelectorImpl.java:97)&#10;        at sun.nio.ch.SelectorImpl.select(SelectorImpl.java:101)&#10;        at org.apache.hadoop.ipc.Server$Listener$Reader.doRunLoop(Server.java:1097)&#10;        at org.apache.hadoop.ipc.Server$Listener$Reader.run(Server.java:1076)&#10;&quot;qtp1911719100-96&quot; daemon prio=5 tid=96 timed_waiting&#10;java.lang.Thread.State: TIMED_WAITING&#10;        at sun.misc.Unsafe.park(Native Method)&#10;        at java.util.concurrent.locks.LockSupport.parkNanos(LockSupport.java:215)&#10;        at java.util.concurrent.locks.AbstractQueuedSynchronizer$ConditionObject.awaitNanos(AbstractQueuedSynchronizer.java:2078)&#10;        at org.eclipse.jetty.util.BlockingArrayQueue.poll(BlockingArrayQueue.java:392)&#10;        at org.eclipse.jetty.util.thread.QueuedThreadPool.idleJobPoll(QueuedThreadPool.java:563)&#10;        at org.eclipse.jetty.util.thread.QueuedThreadPool.access$800(QueuedThreadPool.java:48)&#10;        at org.eclipse.jetty.util.thread.QueuedThreadPool$2.run(QueuedThreadPool.java:626)&#10;        at java.lang.Thread.run(Thread.java:748)&#10;&quot;pool-27-thread-1&quot;  prio=5 tid=435 in Object.wait()&#10;java.lang.Thread.State: WAITING (on object monitor)&#10;        at sun.misc.Unsafe.park(Native Method)&#10;        at java.util.concurrent.locks.LockSupport.park(LockSupport.java:175)&#10;        at java.util.concurrent.locks.AbstractQueuedSynchronizer$ConditionObject.await(AbstractQueuedSynchronizer.java:2039)&#10;        at java.util.concurrent.LinkedBlockingQueue.take(LinkedBlockingQueue.java:442)&#10;        at java.util.concurrent.ThreadPoolExecutor.getTask(ThreadPoolExecutor.java:1074)&#10;        at java.util.concurrent.ThreadPoolExecutor.runWorker(ThreadPoolExecutor.java:1134)&#10;        at java.util.concurrent.ThreadPoolExecutor$Worker.run(ThreadPoolExecutor.java:624)&#10;        at java.lang.Thread.run(Thread.java:748)&#10;&quot;pool-46-thread-60&quot;  prio=5 tid=413 in Object.wait()&#10;java.lang.Thread.State: WAITING (on object monitor)&#10;        at sun.misc.Unsafe.park(Native Method)&#10;        at java.util.concurrent.locks.LockSupport.park(LockSupport.java:175)&#10;        at java.util.concurrent.locks.AbstractQueuedSynchronizer$ConditionObject.await(AbstractQueuedSynchronizer.java:2039)&#10;        at java.util.concurrent.ArrayBlockingQueue.take(ArrayBlockingQueue.java:403)&#10;        at java.util.concurrent.ThreadPoolExecutor.getTask(ThreadPoolExecutor.java:1074)&#10;        at java.util.concurrent.ThreadPoolExecutor.runWorker(ThreadPoolExecutor.java:1134)&#10;        at java.util.concurrent.ThreadPoolExecutor$Worker.run(ThreadPoolExecutor.java:624)&#10;        at java.lang.Thread.run(Thread.java:748)&#10;&quot;Datanode ReportManager Thread - 1&quot; daemon prio=5 tid=173 in Object.wait()&#10;java.lang.Thread.State: WAITING (on object monitor)&#10;        at sun.misc.Unsafe.park(Native Method)&#10;        at java.util.concurrent.locks.LockSupport.park(LockSupport.java:175)&#10;        at java.util.concurrent.locks.AbstractQueuedSynchronizer$ConditionObject.await(AbstractQueuedSynchronizer.java:2039)&#10;        at java.util.concurrent.ScheduledThreadPoolExecutor$DelayedWorkQueue.take(ScheduledThreadPoolExecutor.java:1088)&#10;        at java.util.concurrent.ScheduledThreadPoolExecutor$DelayedWorkQueue.take(ScheduledThreadPoolExecutor.java:809)&#10;        at java.util.concurrent.ThreadPoolExecutor.getTask(ThreadPoolExecutor.java:1074)&#10;        at java.util.concurrent.ThreadPoolExecutor.runWorker(ThreadPoolExecutor.java:1134)&#10;        at java.util.concurrent.ThreadPoolExecutor$Worker.run(ThreadPoolExecutor.java:624)&#10;        at java.lang.Thread.run(Thread.java:748)&#10;&quot;Periodic HDDS volume checker&quot;  prio=5 tid=180 timed_waiting&#10;java.lang.Thread.State: TIMED_WAITING&#10;        at sun.misc.Unsafe.park(Native Method)&#10;        at java.util.concurrent.locks.LockSupport.parkNanos(LockSupport.java:215)&#10;        at java.util.concurrent.locks.AbstractQueuedSynchronizer$ConditionObject.awaitNanos(AbstractQueuedSynchronizer.java:2078)&#10;        at java.util.concurrent.ScheduledThreadPoolExecutor$DelayedWorkQueue.take(ScheduledThreadPoolExecutor.java:1093)&#10;        at java.util.concurrent.ScheduledThreadPoolExecutor$DelayedWorkQueue.take(ScheduledThreadPoolExecutor.java:809)&#10;        at java.util.concurrent.ThreadPoolExecutor.getTask(ThreadPoolExecutor.java:1074)&#10;        at java.util.concurrent.ThreadPoolExecutor.runWorker(ThreadPoolExecutor.java:1134)&#10;        at java.util.concurrent.ThreadPoolExecutor$Worker.run(ThreadPoolExecutor.java:624)&#10;        at java.lang.Thread.run(Thread.java:748)&#10;&quot;Datanode ReportManager Thread - 0&quot; daemon prio=5 tid=226 in Object.wait()&#10;java.lang.Thread.State: WAITING (on object monitor)&#10;        at sun.misc.Unsafe.park(Native Method)&#10;        at java.util.concurrent.locks.LockSupport.park(LockSupport.java:175)&#10;        at java.util.concurrent.locks.AbstractQueuedSynchronizer$ConditionObject.await(AbstractQueuedSynchronizer.java:2039)&#10;        at java.util.concurrent.ScheduledThreadPoolExecutor$DelayedWorkQueue.take(ScheduledThreadPoolExecutor.java:1088)&#10;        at java.util.concurrent.ScheduledThreadPoolExecutor$DelayedWorkQueue.take(ScheduledThreadPoolExecutor.java:809)&#10;        at java.util.concurrent.ThreadPoolExecutor.getTask(ThreadPoolExecutor.java:1074)&#10;        at java.util.concurrent.ThreadPoolExecutor.runWorker(ThreadPoolExecutor.java:1134)&#10;        at java.util.concurrent.ThreadPoolExecutor$Worker.run(ThreadPoolExecutor.java:624)&#10;        at java.lang.Thread.run(Thread.java:748)&#10;&quot;qtp1761240183-137&quot; daemon prio=5 tid=137 runnable&#10;java.lang.Thread.State: RUNNABLE&#10;        at sun.nio.ch.EPollArrayWrapper.epollWait(Native Method)&#10;        at sun.nio.ch.EPollArrayWrapper.poll(EPollArrayWrapper.java:269)&#10;        at sun.nio.ch.EPollSelectorImpl.doSelect(EPollSelectorImpl.java:93)&#10;        at sun.nio.ch.SelectorImpl.lockAndDoSelect(SelectorImpl.java:86)&#10;        at sun.nio.ch.SelectorImpl.select(SelectorImpl.java:97)&#10;        at sun.nio.ch.SelectorImpl.select(SelectorImpl.java:101)&#10;        at org.eclipse.jetty.io.ManagedSelector$SelectorProducer.select(ManagedSelector.java:243)&#10;        at org.eclipse.jetty.io.ManagedSelector$SelectorProducer.produce(ManagedSelector.java:191)&#10;        at org.eclipse.jetty.util.thread.strategy.ExecuteProduceConsume.executeProduceConsume(ExecuteProduceConsume.java:249)&#10;        at org.eclipse.jetty.util.thread.strategy.ExecuteProduceConsume.produceConsume(ExecuteProduceConsume.java:148)&#10;        at org.eclipse.jetty.util.thread.strategy.ExecuteProduceConsume.execute(ExecuteProduceConsume.java:100)&#10;        at org.eclipse.jetty.io.ManagedSelector.run(ManagedSelector.java:147)&#10;        at org.eclipse.jetty.util.thread.QueuedThreadPool.runJob(QueuedThreadPool.java:671)&#10;        at org.eclipse.jetty.util.thread.QueuedThreadPool$2.run(QueuedThreadPool.java:589)&#10;        at java.lang.Thread.run(Thread.java:748)&#10;&quot;IPC Server handler 0 on 32962&quot; daemon prio=5 tid=115 timed_waiting&#10;java.lang.Thread.State: TIMED_WAITING&#10;        at sun.misc.Unsafe.park(Native Method)&#10;        at java.util.concurrent.locks.LockSupport.parkNanos(LockSupport.java:215)&#10;        at java.util.concurrent.locks.AbstractQueuedSynchronizer$ConditionObject.awaitNanos(AbstractQueuedSynchronizer.java:2078)&#10;        at java.util.concurrent.LinkedBlockingQueue.poll(LinkedBlockingQueue.java:467)&#10;        at org.apache.hadoop.ipc.CallQueueManager.take(CallQueueManager.java:288)&#10;        at org.apache.hadoop.ipc.Server$Handler.run(Server.java:2668)&#10;&quot;pool-46-thread-25&quot;  prio=5 tid=378 in Object.wait()&#10;java.lang.Thread.State: WAITING (on object monitor)&#10;        at sun.misc.Unsafe.park(Native Method)&#10;        at java.util.concurrent.locks.LockSupport.park(LockSupport.java:175)&#10;        at java.util.concurrent.locks.AbstractQueuedSynchronizer$ConditionObject.await(AbstractQueuedSynchronizer.java:2039)&#10;        at java.util.concurrent.ArrayBlockingQueue.take(ArrayBlockingQueue.java:403)&#10;        at java.util.concurrent.ThreadPoolExecutor.getTask(ThreadPoolExecutor.java:1074)&#10;        at java.util.concurrent.ThreadPoolExecutor.runWorker(ThreadPoolExecutor.java:1134)&#10;        at java.util.concurrent.ThreadPoolExecutor$Worker.run(ThreadPoolExecutor.java:624)&#10;        at java.lang.Thread.run(Thread.java:748)&#10;&quot;277b5c5e-8c6f-4c9a-a53f-1bbc96404e12@group-569FAC3F8BCE-SegmentedRaftLogWorker&quot;  prio=5 tid=617 timed_waiting&#10;java.lang.Thread.State: TIMED_WAITING&#10;        at sun.misc.Unsafe.park(Native Method)&#10;        at java.util.concurrent.locks.LockSupport.parkNanos(LockSupport.java:215)&#10;        at java.util.concurrent.locks.AbstractQueuedSynchronizer$ConditionObject.awaitNanos(AbstractQueuedSynchronizer.java:2078)&#10;        at org.apache.ratis.util.DataBlockingQueue.poll(DataBlockingQueue.java:137)&#10;        at org.apache.ratis.server.raftlog.segmented.SegmentedRaftLogWorker.run(SegmentedRaftLogWorker.java:282)&#10;        at java.lang.Thread.run(Thread.java:748)&#10;&quot;pool-26-thread-16&quot;  prio=5 tid=249 in Object.wait()&#10;java.lang.Thread.State: WAITING (on object monitor)&#10;        at sun.misc.Unsafe.park(Native Method)&#10;        at java.util.concurrent.locks.LockSupport.park(LockSupport.java:175)&#10;        at java.util.concurrent.locks.AbstractQueuedSynchronizer$ConditionObject.await(AbstractQueuedSynchronizer.java:2039)&#10;        at java.util.concurrent.ArrayBlockingQueue.take(ArrayBlockingQueue.java:403)&#10;        at java.util.concurrent.ThreadPoolExecutor.getTask(ThreadPoolExecutor.java:1074)&#10;        at java.util.concurrent.ThreadPoolExecutor.runWorker(ThreadPoolExecutor.java:1134)&#10;        at java.util.concurrent.ThreadPoolExecutor$Worker.run(ThreadPoolExecutor.java:624)&#10;        at java.lang.Thread.run(Thread.java:748)&#10;&quot;pool-26-thread-5&quot;  prio=5 tid=238 in Object.wait()&#10;java.lang.Thread.State: WAITING (on object monitor)&#10;        at sun.misc.Unsafe.park(Native Method)&#10;        at java.util.concurrent.locks.LockSupport.park(LockSupport.java:175)&#10;        at java.util.concurrent.locks.AbstractQueuedSynchronizer$ConditionObject.await(AbstractQueuedSynchronizer.java:2039)&#10;        at java.util.concurrent.ArrayBlockingQueue.take(ArrayBlockingQueue.java:403)&#10;        at java.util.concurrent.ThreadPoolExecutor.getTask(ThreadPoolExecutor.java:1074)&#10;        at java.util.concurrent.ThreadPoolExecutor.runWorker(ThreadPoolExecutor.java:1134)&#10;        at java.util.concurrent.ThreadPoolExecutor$Worker.run(ThreadPoolExecutor.java:624)&#10;        at java.lang.Thread.run(Thread.java:748)&#10;&quot;IPC Server handler 10 on 39656&quot; daemon prio=5 tid=80 timed_waiting&#10;java.lang.Thread.State: TIMED_WAITING&#10;        at sun.misc.Unsafe.park(Native Method)&#10;        at java.util.concurrent.locks.LockSupport.parkNanos(LockSupport.java:215)&#10;        at java.util.concurrent.locks.AbstractQueuedSynchronizer$ConditionObject.awaitNanos(AbstractQueuedSynchronizer.java:2078)&#10;        at java.util.concurrent.LinkedBlockingQueue.poll(LinkedBlockingQueue.java:467)&#10;        at org.apache.hadoop.ipc.CallQueueManager.take(CallQueueManager.java:288)&#10;        at org.apache.hadoop.ipc.Server$Handler.run(Server.java:2668)&#10;&quot;pool-46-thread-48&quot;  prio=5 tid=401 in Object.wait()&#10;java.lang.Thread.State: WAITING (on object monitor)&#10;        at sun.misc.Unsafe.park(Native Method)&#10;        at java.util.concurrent.locks.LockSupport.park(LockSupport.java:175)&#10;        at java.util.concurrent.locks.AbstractQueuedSynchronizer$ConditionObject.await(AbstractQueuedSynchronizer.java:2039)&#10;        at java.util.concurrent.ArrayBlockingQueue.take(ArrayBlockingQueue.java:403)&#10;        at java.util.concurrent.ThreadPoolExecutor.getTask(ThreadPoolExecutor.java:1074)&#10;        at java.util.concurrent.ThreadPoolExecutor.runWorker(ThreadPoolExecutor.java:1134)&#10;        at java.util.concurrent.ThreadPoolExecutor$Worker.run(ThreadPoolExecutor.java:624)&#10;        at java.lang.Thread.run(Thread.java:748)&#10;&quot;IPC Server Responder&quot; daemon prio=5 tid=111 runnable&#10;java.lang.Thread.State: RUNNABLE&#10;        at sun.nio.ch.EPollArrayWrapper.epollWait(Native Method)&#10;        at sun.nio.ch.EPollArrayWrapper.poll(EPollArrayWrapper.java:269)&#10;        at sun.nio.ch.EPollSelectorImpl.doSelect(EPollSelectorImpl.java:93)&#10;        at sun.nio.ch.SelectorImpl.lockAndDoSelect(SelectorImpl.java:86)&#10;        at sun.nio.ch.SelectorImpl.select(SelectorImpl.java:97)&#10;        at org.apache.hadoop.ipc.Server$Responder.doRunLoop(Server.java:1334)&#10;        at org.apache.hadoop.ipc.Server$Responder.run(Server.java:1317)&#10;&quot;IPC Server handler 8 on 37656&quot; daemon prio=5 tid=58 timed_waiting&#10;java.lang.Thread.State: TIMED_WAITING&#10;        at sun.misc.Unsafe.park(Native Method)&#10;        at java.util.concurrent.locks.LockSupport.parkNanos(LockSupport.java:215)&#10;        at java.util.concurrent.locks.AbstractQueuedSynchronizer$ConditionObject.awaitNanos(AbstractQueuedSynchronizer.java:2078)&#10;        at java.util.concurrent.LinkedBlockingQueue.poll(LinkedBlockingQueue.java:467)&#10;        at org.apache.hadoop.ipc.CallQueueManager.take(CallQueueManager.java:288)&#10;        at org.apache.hadoop.ipc.Server$Handler.run(Server.java:2668)&#10;&quot;pool-46-thread-59&quot;  prio=5 tid=412 in Object.wait()&#10;java.lang.Thread.State: WAITING (on object monitor)&#10;        at sun.misc.Unsafe.park(Native Method)&#10;        at java.util.concurrent.locks.LockSupport.park(LockSupport.java:175)&#10;        at java.util.concurrent.locks.AbstractQueuedSynchronizer$ConditionObject.await(AbstractQueuedSynchronizer.java:2039)&#10;        at java.util.concurrent.ArrayBlockingQueue.take(ArrayBlockingQueue.java:403)&#10;        at java.util.concurrent.ThreadPoolExecutor.getTask(ThreadPoolExecutor.java:1074)&#10;        at java.util.concurrent.ThreadPoolExecutor.runWorker(ThreadPoolExecutor.java:1134)&#10;        at java.util.concurrent.ThreadPoolExecutor$Worker.run(ThreadPoolExecutor.java:624)&#10;        at java.lang.Thread.run(Thread.java:748)&#10;&quot;BlockDeletingService#1&quot; daemon prio=5 tid=419 in Object.wait()&#10;java.lang.Thread.State: WAITING (on object monitor)&#10;        at sun.misc.Unsafe.park(Native Method)&#10;        at java.util.concurrent.locks.LockSupport.park(LockSupport.java:175)&#10;        at java.util.concurrent.locks.AbstractQueuedSynchronizer$ConditionObject.await(AbstractQueuedSynchronizer.java:2039)&#10;        at java.util.concurrent.ScheduledThreadPoolExecutor$DelayedWorkQueue.take(ScheduledThreadPoolExecutor.java:1088)&#10;        at java.util.concurrent.ScheduledThreadPoolExecutor$DelayedWorkQueue.take(ScheduledThreadPoolExecutor.java:809)&#10;        at java.util.concurrent.ThreadPoolExecutor.getTask(ThreadPoolExecutor.java:1074)&#10;        at java.util.concurrent.ThreadPoolExecutor.runWorker(ThreadPoolExecutor.java:1134)&#10;        at java.util.concurrent.ThreadPoolExecutor$Worker.run(ThreadPoolExecutor.java:624)&#10;        at java.lang.Thread.run(Thread.java:748)&#10;&quot;qtp1124883352-221&quot; daemon prio=5 tid=221 timed_waiting&#10;java.lang.Thread.State: TIMED_WAITING&#10;        at sun.misc.Unsafe.park(Native Method)&#10;        at java.util.concurrent.locks.LockSupport.parkNanos(LockSupport.java:215)&#10;        at java.util.concurrent.locks.AbstractQueuedSynchronizer$ConditionObject.awaitNanos(AbstractQueuedSynchronizer.java:2078)&#10;        at org.eclipse.jetty.util.BlockingArrayQueue.poll(BlockingArrayQueue.java:392)&#10;        at org.eclipse.jetty.util.thread.QueuedThreadPool.idleJobPoll(QueuedThreadPool.java:563)&#10;        at org.eclipse.jetty.util.thread.QueuedThreadPool.access$800(QueuedThreadPool.java:48)&#10;        at org.eclipse.jetty.util.thread.QueuedThreadPool$2.run(QueuedThreadPool.java:626)&#10;        at java.lang.Thread.run(Thread.java:748)&#10;&quot;IPC Server handler 11 on 37656&quot; daemon prio=5 tid=61 timed_waiting&#10;java.lang.Thread.State: TIMED_WAITING&#10;        at sun.misc.Unsafe.park(Native Method)&#10;        at java.util.concurrent.locks.LockSupport.parkNanos(LockSupport.java:215)&#10;        at java.util.concurrent.locks.AbstractQueuedSynchronizer$ConditionObject.awaitNanos(AbstractQueuedSynchronizer.java:2078)&#10;        at java.util.concurrent.LinkedBlockingQueue.poll(LinkedBlockingQueue.java:467)&#10;        at org.apache.hadoop.ipc.CallQueueManager.take(CallQueueManager.java:288)&#10;        at org.apache.hadoop.ipc.Server$Handler.run(Server.java:2668)&#10;&quot;pool-26-thread-19&quot;  prio=5 tid=252 in Object.wait()&#10;java.lang.Thread.State: WAITING (on object monitor)&#10;        at sun.misc.Unsafe.park(Native Method)&#10;        at java.util.concurrent.locks.LockSupport.park(LockSupport.java:175)&#10;        at java.util.concurrent.locks.AbstractQueuedSynchronizer$ConditionObject.await(AbstractQueuedSynchronizer.java:2039)&#10;        at java.util.concurrent.ArrayBlockingQueue.take(ArrayBlockingQueue.java:403)&#10;        at java.util.concurrent.ThreadPoolExecutor.getTask(ThreadPoolExecutor.java:1074)&#10;        at java.util.concurrent.ThreadPoolExecutor.runWorker(ThreadPoolExecutor.java:1134)&#10;        at java.util.concurrent.ThreadPoolExecutor$Worker.run(ThreadPoolExecutor.java:624)&#10;        at java.lang.Thread.run(Thread.java:748)&#10;&quot;BlockDeletingService#0&quot; daemon prio=5 tid=415 timed_waiting&#10;java.lang.Thread.State: TIMED_WAITING&#10;        at sun.misc.Unsafe.park(Native Method)&#10;        at java.util.concurrent.locks.LockSupport.parkNanos(LockSupport.java:215)&#10;        at java.util.concurrent.locks.AbstractQueuedSynchronizer$ConditionObject.awaitNanos(AbstractQueuedSynchronizer.java:2078)&#10;        at java.util.concurrent.ScheduledThreadPoolExecutor$DelayedWorkQueue.take(ScheduledThreadPoolExecutor.java:1093)&#10;        at java.util.concurrent.ScheduledThreadPoolExecutor$DelayedWorkQueue.take(ScheduledThreadPoolExecutor.java:809)&#10;        at java.util.concurrent.ThreadPoolExecutor.getTask(ThreadPoolExecutor.java:1074)&#10;        at java.util.concurrent.ThreadPoolExecutor.runWorker(ThreadPoolExecutor.java:1134)&#10;        at java.util.concurrent.ThreadPoolExecutor$Worker.run(ThreadPoolExecutor.java:624)&#10;        at java.lang.Thread.run(Thread.java:748)&#10;&quot;IPC Server handler 10 on 37656&quot; daemon prio=5 tid=60 timed_waiting&#10;java.lang.Thread.State: TIMED_WAITING&#10;        at sun.misc.Unsafe.park(Native Method)&#10;        at java.util.concurrent.locks.LockSupport.parkNanos(LockSupport.java:215)&#10;        at java.util.concurrent.locks.AbstractQueuedSynchronizer$ConditionObject.awaitNanos(AbstractQueuedSynchronizer.java:2078)&#10;        at java.util.concurrent.LinkedBlockingQueue.poll(LinkedBlockingQueue.java:467)&#10;        at org.apache.hadoop.ipc.CallQueueManager.take(CallQueueManager.java:288)&#10;        at org.apache.hadoop.ipc.Server$Handler.run(Server.java:2668)&#10;&quot;IPC Server handler 16 on 39615&quot; daemon prio=5 tid=46 timed_waiting&#10;java.lang.Thread.State: TIMED_WAITING&#10;        at sun.misc.Unsafe.park(Native Method)&#10;        at java.util.concurrent.locks.LockSupport.parkNanos(LockSupport.java:215)&#10;        at java.util.concurrent.locks.AbstractQueuedSynchronizer$ConditionObject.awaitNanos(AbstractQueuedSynchronizer.java:2078)&#10;        at java.util.concurrent.LinkedBlockingQueue.poll(LinkedBlockingQueue.java:467)&#10;        at org.apache.hadoop.ipc.CallQueueManager.take(CallQueueManager.java:288)&#10;        at org.apache.hadoop.ipc.Server$Handler.run(Server.java:2668)&#10;&quot;277b5c5e-8c6f-4c9a-a53f-1bbc96404e12@group-569FAC3F8BCE-StateMachineUpdater&quot; daemon prio=5 tid=619 in Object.wait()&#10;java.lang.Thread.State: WAITING (on object monitor)&#10;        at java.lang.Object.wait(Native Method)&#10;        at java.lang.Object.wait(Object.java:502)&#10;        at org.apache.ratis.server.impl.StateMachineUpdater.waitForCommit(StateMachineUpdater.java:194)&#10;        at org.apache.ratis.server.impl.StateMachineUpdater.run(StateMachineUpdater.java:159)&#10;        at java.lang.Thread.run(Thread.java:748)&#10;&quot;Thread-2750&quot; daemon prio=5 tid=3060 timed_waiting&#10;java.lang.Thread.State: TIMED_WAITING&#10;        at java.lang.Thread.sleep(Native Method)&#10;        at org.apache.ratis.util.JavaUtils.sleep(JavaUtils.java:247)&#10;        at org.apache.ratis.server.impl.FollowerState.run(FollowerState.java:97)&#10;&quot;IPC Server handler 12 on 32962&quot; daemon prio=5 tid=127 timed_waiting&#10;java.lang.Thread.State: TIMED_WAITING&#10;        at sun.misc.Unsafe.park(Native Method)&#10;        at java.util.concurrent.locks.LockSupport.parkNanos(LockSupport.java:215)&#10;        at java.util.concurrent.locks.AbstractQueuedSynchronizer$ConditionObject.awaitNanos(AbstractQueuedSynchronizer.java:2078)&#10;        at java.util.concurrent.LinkedBlockingQueue.poll(LinkedBlockingQueue.java:467)&#10;        at org.apache.hadoop.ipc.CallQueueManager.take(CallQueueManager.java:288)&#10;        at org.apache.hadoop.ipc.Server$Handler.run(Server.java:2668)&#10;&quot;IPC Server handler 13 on 39656&quot; daemon prio=5 tid=83 timed_waiting&#10;java.lang.Thread.State: TIMED_WAITING&#10;        at sun.misc.Unsafe.park(Native Method)&#10;        at java.util.concurrent.locks.LockSupport.parkNanos(LockSupport.java:215)&#10;        at java.util.concurrent.locks.AbstractQueuedSynchronizer$ConditionObject.awaitNanos(AbstractQueuedSynchronizer.java:2078)&#10;        at java.util.concurrent.LinkedBlockingQueue.poll(LinkedBlockingQueue.java:467)&#10;        at org.apache.hadoop.ipc.CallQueueManager.take(CallQueueManager.java:288)&#10;        at org.apache.hadoop.ipc.Server$Handler.run(Server.java:2668)&#10;&quot;qtp190696393-161-acceptor-0@35ff9a71-ServerConnector@16c290b7{HTTP/1.1,[http/1.1]}{0.0.0.0:36434}&quot; daemon prio=3 tid=161 runnable&#10;java.lang.Thread.State: RUNNABLE&#10;        at sun.nio.ch.ServerSocketChannelImpl.accept0(Native Method)&#10;        at sun.nio.ch.ServerSocketChannelImpl.accept(ServerSocketChannelImpl.java:422)&#10;        at sun.nio.ch.ServerSocketChannelImpl.accept(ServerSocketChannelImpl.java:250)&#10;        at org.eclipse.jetty.server.ServerConnector.accept(ServerConnector.java:397)&#10;        at org.eclipse.jetty.server.AbstractConnector$Acceptor.run(AbstractConnector.java:601)&#10;        at org.eclipse.jetty.util.thread.QueuedThreadPool.runJob(QueuedThreadPool.java:671)&#10;        at org.eclipse.jetty.util.thread.QueuedThreadPool$2.run(QueuedThreadPool.java:589)&#10;        at java.lang.Thread.run(Thread.java:748)&#10;&quot;pool-34-thread-1&quot; daemon prio=5 tid=184 timed_waiting&#10;java.lang.Thread.State: TIMED_WAITING&#10;        at sun.misc.Unsafe.park(Native Method)&#10;        at java.util.concurrent.locks.LockSupport.parkNanos(LockSupport.java:215)&#10;        at java.util.concurrent.locks.AbstractQueuedSynchronizer$ConditionObject.awaitNanos(AbstractQueuedSynchronizer.java:2078)&#10;        at java.util.concurrent.ScheduledThreadPoolExecutor$DelayedWorkQueue.take(ScheduledThreadPoolExecutor.java:1093)&#10;        at java.util.concurrent.ScheduledThreadPoolExecutor$DelayedWorkQueue.take(ScheduledThreadPoolExecutor.java:809)&#10;        at java.util.concurrent.ThreadPoolExecutor.getTask(ThreadPoolExecutor.java:1074)&#10;        at java.util.concurrent.ThreadPoolExecutor.runWorker(ThreadPoolExecutor.java:1134)&#10;        at java.util.concurrent.ThreadPoolExecutor$Worker.run(ThreadPoolExecutor.java:624)&#10;        at java.lang.Thread.run(Thread.java:748)&#10;&quot;pool-26-thread-25&quot;  prio=5 tid=258 in Object.wait()&#10;java.lang.Thread.State: WAITING (on object monitor)&#10;        at sun.misc.Unsafe.park(Native Method)&#10;        at java.util.concurrent.locks.LockSupport.park(LockSupport.java:175)&#10;        at java.util.concurrent.locks.AbstractQueuedSynchronizer$ConditionObject.await(AbstractQueuedSynchronizer.java:2039)&#10;        at java.util.concurrent.ArrayBlockingQueue.take(ArrayBlockingQueue.java:403)&#10;        at java.util.concurrent.ThreadPoolExecutor.getTask(ThreadPoolExecutor.java:1074)&#10;        at java.util.concurrent.ThreadPoolExecutor.runWorker(ThreadPoolExecutor.java:1134)&#10;        at java.util.concurrent.ThreadPoolExecutor$Worker.run(ThreadPoolExecutor.java:624)&#10;        at java.lang.Thread.run(Thread.java:748)&#10;&quot;pool-26-thread-52&quot;  prio=5 tid=285 in Object.wait()&#10;java.lang.Thread.State: WAITING (on object monitor)&#10;        at sun.misc.Unsafe.park(Native Method)&#10;        at java.util.concurrent.locks.LockSupport.park(LockSupport.java:175)&#10;        at java.util.concurrent.locks.AbstractQueuedSynchronizer$ConditionObject.await(AbstractQueuedSynchronizer.java:2039)&#10;        at java.util.concurrent.ArrayBlockingQueue.take(ArrayBlockingQueue.java:403)&#10;        at java.util.concurrent.ThreadPoolExecutor.getTask(ThreadPoolExecutor.java:1074)&#10;        at java.util.concurrent.ThreadPoolExecutor.runWorker(ThreadPoolExecutor.java:1134)&#10;        at java.util.concurrent.ThreadPoolExecutor$Worker.run(ThreadPoolExecutor.java:624)&#10;        at java.lang.Thread.run(Thread.java:748)&#10;&quot;Finalizer&quot; daemon prio=8 tid=3 in Object.wait()&#10;java.lang.Thread.State: WAITING (on object monitor)&#10;        at java.lang.Object.wait(Native Method)&#10;        at java.lang.ref.ReferenceQueue.remove(ReferenceQueue.java:144)&#10;        at java.lang.ref.ReferenceQueue.remove(ReferenceQueue.java:165)&#10;        at java.lang.ref.Finalizer$FinalizerThread.run(Finalizer.java:216)&#10;&quot;Datanode State Machine Thread - 0&quot; daemon prio=5 tid=171 timed_waiting&#10;java.lang.Thread.State: TIMED_WAITING&#10;        at java.lang.Thread.sleep(Native Method)&#10;        at org.apache.hadoop.ozone.container.common.statemachine.DatanodeStateMachine.start(DatanodeStateMachine.java:191)&#10;        at org.apache.hadoop.ozone.container.common.statemachine.DatanodeStateMachine.lambda$startDaemon$0(DatanodeStateMachine.java:349)&#10;        at org.apache.hadoop.ozone.container.common.statemachine.DatanodeStateMachine$$Lambda$140/53279234.run(Unknown Source)&#10;        at java.lang.Thread.run(Thread.java:748)&#10;&quot;Periodic HDDS volume checker&quot;  prio=5 tid=153 timed_waiting&#10;java.lang.Thread.State: TIMED_WAITING&#10;        at sun.misc.Unsafe.park(Native Method)&#10;        at java.util.concurrent.locks.LockSupport.parkNanos(LockSupport.java:215)&#10;        at java.util.concurrent.locks.AbstractQueuedSynchronizer$ConditionObject.awaitNanos(AbstractQueuedSynchronizer.java:2078)&#10;        at java.util.concurrent.ScheduledThreadPoolExecutor$DelayedWorkQueue.take(ScheduledThreadPoolExecutor.java:1093)&#10;        at java.util.concurrent.ScheduledThreadPoolExecutor$DelayedWorkQueue.take(ScheduledThreadPoolExecutor.java:809)&#10;        at java.util.concurrent.ThreadPoolExecutor.getTask(ThreadPoolExecutor.java:1074)&#10;        at java.util.concurrent.ThreadPoolExecutor.runWorker(ThreadPoolExecutor.java:1134)&#10;        at java.util.concurrent.ThreadPoolExecutor$Worker.run(ThreadPoolExecutor.java:624)&#10;        at java.lang.Thread.run(Thread.java:748)&#10;&quot;metrics-hadoop-metrics2-reporter-11-thread-1&quot; daemon prio=5 tid=461 timed_waiting&#10;java.lang.Thread.State: TIMED_WAITING&#10;        at sun.misc.Unsafe.park(Native Method)&#10;        at java.util.concurrent.locks.LockSupport.parkNanos(LockSupport.java:215)&#10;        at java.util.concurrent.locks.AbstractQueuedSynchronizer$ConditionObject.awaitNanos(AbstractQueuedSynchronizer.java:2078)&#10;        at java.util.concurrent.ScheduledThreadPoolExecutor$DelayedWorkQueue.take(ScheduledThreadPoolExecutor.java:1093)&#10;        at java.util.concurrent.ScheduledThreadPoolExecutor$DelayedWorkQueue.take(ScheduledThreadPoolExecutor.java:809)&#10;        at java.util.concurrent.ThreadPoolExecutor.getTask(ThreadPoolExecutor.java:1074)&#10;        at java.util.concurrent.ThreadPoolExecutor.runWorker(ThreadPoolExecutor.java:1134)&#10;        at java.util.concurrent.ThreadPoolExecutor$Worker.run(ThreadPoolExecutor.java:624)&#10;        at java.lang.Thread.run(Thread.java:748)&#10;&quot;qtp190696393-164&quot; daemon prio=5 tid=164 timed_waiting&#10;java.lang.Thread.State: TIMED_WAITING&#10;        at sun.misc.Unsafe.park(Native Method)&#10;        at java.util.concurrent.locks.LockSupport.parkNanos(LockSupport.java:215)&#10;        at java.util.concurrent.locks.AbstractQueuedSynchronizer$ConditionObject.awaitNanos(AbstractQueuedSynchronizer.java:2078)&#10;        at org.eclipse.jetty.util.BlockingArrayQueue.poll(BlockingArrayQueue.java:392)&#10;        at org.eclipse.jetty.util.thread.QueuedThreadPool.idleJobPoll(QueuedThreadPool.java:563)&#10;        at org.eclipse.jetty.util.thread.QueuedThreadPool.access$800(QueuedThreadPool.java:48)&#10;        at org.eclipse.jetty.util.thread.QueuedThreadPool$2.run(QueuedThreadPool.java:626)&#10;        at java.lang.Thread.run(Thread.java:748)&#10;&quot;IPC Server handler 8 on 32962&quot; daemon prio=5 tid=123 timed_waiting&#10;java.lang.Thread.State: TIMED_WAITING&#10;        at sun.misc.Unsafe.park(Native Method)&#10;        at java.util.concurrent.locks.LockSupport.parkNanos(LockSupport.java:215)&#10;        at java.util.concurrent.locks.AbstractQueuedSynchronizer$ConditionObject.awaitNanos(AbstractQueuedSynchronizer.java:2078)&#10;        at java.util.concurrent.LinkedBlockingQueue.poll(LinkedBlockingQueue.java:467)&#10;        at org.apache.hadoop.ipc.CallQueueManager.take(CallQueueManager.java:288)&#10;        at org.apache.hadoop.ipc.Server$Handler.run(Server.java:2668)&#10;&quot;IPC Server handler 6 on 39615&quot; daemon prio=5 tid=36 timed_waiting&#10;java.lang.Thread.State: TIMED_WAITING&#10;        at sun.misc.Unsafe.park(Native Method)&#10;        at java.util.concurrent.locks.LockSupport.parkNanos(LockSupport.java:215)&#10;        at java.util.concurrent.locks.AbstractQueuedSynchronizer$ConditionObject.awaitNanos(AbstractQueuedSynchronizer.java:2078)&#10;        at java.util.concurrent.LinkedBlockingQueue.poll(LinkedBlockingQueue.java:467)&#10;        at org.apache.hadoop.ipc.CallQueueManager.take(CallQueueManager.java:288)&#10;        at org.apache.hadoop.ipc.Server$Handler.run(Server.java:2668)&#10;&quot;a32408a4-f19d-4bad-97c5-ba33ae94fc9a@group-569FAC3F8BCE-SegmentedRaftLogWorker&quot;  prio=5 tid=620 timed_waiting&#10;java.lang.Thread.State: TIMED_WAITING&#10;        at sun.misc.Unsafe.park(Native Method)&#10;        at java.util.concurrent.locks.LockSupport.parkNanos(LockSupport.java:215)&#10;        at java.util.concurrent.locks.AbstractQueuedSynchronizer$ConditionObject.awaitNanos(AbstractQueuedSynchronizer.java:2078)&#10;        at org.apache.ratis.util.DataBlockingQueue.poll(DataBlockingQueue.java:137)&#10;        at org.apache.ratis.server.raftlog.segmented.SegmentedRaftLogWorker.run(SegmentedRaftLogWorker.java:282)&#10;        at java.lang.Thread.run(Thread.java:748)&#10;&quot;org.eclipse.jetty.server.session.HashSessionManager@689c16fdTimer&quot; daemon prio=5 tid=197 timed_waiting&#10;java.lang.Thread.State: TIMED_WAITING&#10;        at sun.misc.Unsafe.park(Native Method)&#10;        at java.util.concurrent.locks.LockSupport.parkNanos(LockSupport.java:215)&#10;        at java.util.concurrent.locks.AbstractQueuedSynchronizer$ConditionObject.awaitNanos(AbstractQueuedSynchronizer.java:2078)&#10;        at java.util.concurrent.ScheduledThreadPoolExecutor$DelayedWorkQueue.take(ScheduledThreadPoolExecutor.java:1093)&#10;        at java.util.concurrent.ScheduledThreadPoolExecutor$DelayedWorkQueue.take(ScheduledThreadPoolExecutor.java:809)&#10;        at java.util.concurrent.ThreadPoolExecutor.getTask(ThreadPoolExecutor.java:1074)&#10;        at java.util.concurrent.ThreadPoolExecutor.runWorker(ThreadPoolExecutor.java:1134)&#10;        at java.util.concurrent.ThreadPoolExecutor$Worker.run(ThreadPoolExecutor.java:624)&#10;        at java.lang.Thread.run(Thread.java:748)&#10;&quot;pool-26-thread-27&quot;  prio=5 tid=260 in Object.wait()&#10;java.lang.Thread.State: WAITING (on object monitor)&#10;        at sun.misc.Unsafe.park(Native Method)&#10;        at java.util.concurrent.locks.LockSupport.park(LockSupport.java:175)&#10;        at java.util.concurrent.locks.AbstractQueuedSynchronizer$ConditionObject.await(AbstractQueuedSynchronizer.java:2039)&#10;        at java.util.concurrent.ArrayBlockingQueue.take(ArrayBlockingQueue.java:403)&#10;        at java.util.concurrent.ThreadPoolExecutor.getTask(ThreadPoolExecutor.java:1074)&#10;        at java.util.concurrent.ThreadPoolExecutor.runWorker(ThreadPoolExecutor.java:1134)&#10;        at java.util.concurrent.ThreadPoolExecutor$Worker.run(ThreadPoolExecutor.java:624)&#10;        at java.lang.Thread.run(Thread.java:748)&#10;&quot;pool-36-thread-44&quot;  prio=5 tid=337 in Object.wait()&#10;java.lang.Thread.State: WAITING (on object monitor)&#10;        at sun.misc.Unsafe.park(Native Method)&#10;        at java.util.concurrent.locks.LockSupport.park(LockSupport.java:175)&#10;        at java.util.concurrent.locks.AbstractQueuedSynchronizer$ConditionObject.await(AbstractQueuedSynchronizer.java:2039)&#10;        at java.util.concurrent.ArrayBlockingQueue.take(ArrayBlockingQueue.java:403)&#10;        at java.util.concurrent.ThreadPoolExecutor.getTask(ThreadPoolExecutor.java:1074)&#10;        at java.util.concurrent.ThreadPoolExecutor.runWorker(ThreadPoolExecutor.java:1134)&#10;        at java.util.concurrent.ThreadPoolExecutor$Worker.run(ThreadPoolExecutor.java:624)&#10;        at java.lang.Thread.run(Thread.java:748)&#10;&quot;pool-46-thread-10&quot;  prio=5 tid=363 in Object.wait()&#10;java.lang.Thread.State: WAITING (on object monitor)&#10;        at sun.misc.Unsafe.park(Native Method)&#10;        at java.util.concurrent.locks.LockSupport.park(LockSupport.java:175)&#10;        at java.util.concurrent.locks.AbstractQueuedSynchronizer$ConditionObject.await(AbstractQueuedSynchronizer.java:2039)&#10;        at java.util.concurrent.ArrayBlockingQueue.take(ArrayBlockingQueue.java:403)&#10;        at java.util.concurrent.ThreadPoolExecutor.getTask(ThreadPoolExecutor.java:1074)&#10;        at java.util.concurrent.ThreadPoolExecutor.runWorker(ThreadPoolExecutor.java:1134)&#10;        at java.util.concurrent.ThreadPoolExecutor$Worker.run(ThreadPoolExecutor.java:624)&#10;        at java.lang.Thread.run(Thread.java:748)&#10;&quot;IPC Server handler 1 on 39656&quot; daemon prio=5 tid=71 timed_waiting&#10;java.lang.Thread.State: TIMED_WAITING&#10;        at sun.misc.Unsafe.park(Native Method)&#10;        at java.util.concurrent.locks.LockSupport.parkNanos(LockSupport.java:215)&#10;        at java.util.concurrent.locks.AbstractQueuedSynchronizer$ConditionObject.awaitNanos(AbstractQueuedSynchronizer.java:2078)&#10;        at java.util.concurrent.LinkedBlockingQueue.poll(LinkedBlockingQueue.java:467)&#10;        at org.apache.hadoop.ipc.CallQueueManager.take(CallQueueManager.java:288)&#10;        at org.apache.hadoop.ipc.Server$Handler.run(Server.java:2668)&#10;&#10;" type="java.util.concurrent.TimeoutException">java.util.concurrent.TimeoutException: 
Timed out waiting for condition. Thread diagnostics:
Timestamp: 2019-10-16 09:55:48,651

"Timer for 'StorageContainerManager' metrics system" daemon prio=5 tid=28 timed_waiting
java.lang.Thread.State: TIMED_WAITING
        at java.lang.Object.wait(Native Method)
        at java.util.TimerThread.mainLoop(Timer.java:552)
        at java.util.TimerThread.run(Timer.java:505)
"metrics-hadoop-metrics2-reporter-6-thread-1" daemon prio=5 tid=449 timed_waiting
java.lang.Thread.State: TIMED_WAITING
        at sun.misc.Unsafe.park(Native Method)
        at java.util.concurrent.locks.LockSupport.parkNanos(LockSupport.java:215)
        at java.util.concurrent.locks.AbstractQueuedSynchronizer$ConditionObject.awaitNanos(AbstractQueuedSynchronizer.java:2078)
        at java.util.concurrent.ScheduledThreadPoolExecutor$DelayedWorkQueue.take(ScheduledThreadPoolExecutor.java:1093)
        at java.util.concurrent.ScheduledThreadPoolExecutor$DelayedWorkQueue.take(ScheduledThreadPoolExecutor.java:809)
        at java.util.concurrent.ThreadPoolExecutor.getTask(ThreadPoolExecutor.java:1074)
        at java.util.concurrent.ThreadPoolExecutor.runWorker(ThreadPoolExecutor.java:1134)
        at java.util.concurrent.ThreadPoolExecutor$Worker.run(ThreadPoolExecutor.java:624)
        at java.lang.Thread.run(Thread.java:748)
"pool-46-thread-42"  prio=5 tid=395 in Object.wait()
java.lang.Thread.State: WAITING (on object monitor)
        at sun.misc.Unsafe.park(Native Method)
        at java.util.concurrent.locks.LockSupport.park(LockSupport.java:175)
        at java.util.concurrent.locks.AbstractQueuedSynchronizer$ConditionObject.await(AbstractQueuedSynchronizer.java:2039)
        at java.util.concurrent.ArrayBlockingQueue.take(ArrayBlockingQueue.java:403)
        at java.util.concurrent.ThreadPoolExecutor.getTask(ThreadPoolExecutor.java:1074)
        at java.util.concurrent.ThreadPoolExecutor.runWorker(ThreadPoolExecutor.java:1134)
        at java.util.concurrent.ThreadPoolExecutor$Worker.run(ThreadPoolExecutor.java:624)
        at java.lang.Thread.run(Thread.java:748)
"IPC Server idle connection scanner for port 39615" daemon prio=5 tid=25 timed_waiting
java.lang.Thread.State: TIMED_WAITING
        at java.lang.Object.wait(Native Method)
        at java.util.TimerThread.mainLoop(Timer.java:552)
        at java.util.TimerThread.run(Timer.java:505)
"IPC Server handler 13 on 37656" daemon prio=5 tid=63 timed_waiting
java.lang.Thread.State: TIMED_WAITING
        at sun.misc.Unsafe.park(Native Method)
        at java.util.concurrent.locks.LockSupport.parkNanos(LockSupport.java:215)
        at java.util.concurrent.locks.AbstractQueuedSynchronizer$ConditionObject.awaitNanos(AbstractQueuedSynchronizer.java:2078)
        at java.util.concurrent.LinkedBlockingQueue.poll(LinkedBlockingQueue.java:467)
        at org.apache.hadoop.ipc.CallQueueManager.take(CallQueueManager.java:288)
        at org.apache.hadoop.ipc.Server$Handler.run(Server.java:2668)
"pool-46-thread-33"  prio=5 tid=386 in Object.wait()
java.lang.Thread.State: WAITING (on object monitor)
        at sun.misc.Unsafe.park(Native Method)
        at java.util.concurrent.locks.LockSupport.park(LockSupport.java:175)
        at java.util.concurrent.locks.AbstractQueuedSynchronizer$ConditionObject.await(AbstractQueuedSynchronizer.java:2039)
        at java.util.concurrent.ArrayBlockingQueue.take(ArrayBlockingQueue.java:403)
        at java.util.concurrent.ThreadPoolExecutor.getTask(ThreadPoolExecutor.java:1074)
        at java.util.concurrent.ThreadPoolExecutor.runWorker(ThreadPoolExecutor.java:1134)
        at java.util.concurrent.ThreadPoolExecutor$Worker.run(ThreadPoolExecutor.java:624)
        at java.lang.Thread.run(Thread.java:748)
"IPC Server Responder" daemon prio=5 tid=22 runnable
java.lang.Thread.State: RUNNABLE
        at sun.nio.ch.EPollArrayWrapper.epollWait(Native Method)
        at sun.nio.ch.EPollArrayWrapper.poll(EPollArrayWrapper.java:269)
        at sun.nio.ch.EPollSelectorImpl.doSelect(EPollSelectorImpl.java:93)
        at sun.nio.ch.SelectorImpl.lockAndDoSelect(SelectorImpl.java:86)
        at sun.nio.ch.SelectorImpl.select(SelectorImpl.java:97)
        at org.apache.hadoop.ipc.Server$Responder.doRunLoop(Server.java:1334)
        at org.apache.hadoop.ipc.Server$Responder.run(Server.java:1317)
"IPC Server handler 16 on 37656" daemon prio=5 tid=66 timed_waiting
java.lang.Thread.State: TIMED_WAITING
        at sun.misc.Unsafe.park(Native Method)
        at java.util.concurrent.locks.LockSupport.parkNanos(LockSupport.java:215)
        at java.util.concurrent.locks.AbstractQueuedSynchronizer$ConditionObject.awaitNanos(AbstractQueuedSynchronizer.java:2078)
        at java.util.concurrent.LinkedBlockingQueue.poll(LinkedBlockingQueue.java:467)
        at org.apache.hadoop.ipc.CallQueueManager.take(CallQueueManager.java:288)
        at org.apache.hadoop.ipc.Server$Handler.run(Server.java:2668)
"java.util.concurrent.ThreadPoolExecutor$Worker@d844b07[State = -1, empty queue]" daemon prio=5 tid=528 timed_waiting
java.lang.Thread.State: TIMED_WAITING
        at sun.misc.Unsafe.park(Native Method)
        at java.util.concurrent.locks.LockSupport.parkNanos(LockSupport.java:215)
        at java.util.concurrent.locks.AbstractQueuedSynchronizer$ConditionObject.awaitNanos(AbstractQueuedSynchronizer.java:2078)
        at java.util.concurrent.ScheduledThreadPoolExecutor$DelayedWorkQueue.take(ScheduledThreadPoolExecutor.java:1093)
        at java.util.concurrent.ScheduledThreadPoolExecutor$DelayedWorkQueue.take(ScheduledThreadPoolExecutor.java:809)
        at java.util.concurrent.ThreadPoolExecutor.getTask(ThreadPoolExecutor.java:1074)
        at java.util.concurrent.ThreadPoolExecutor.runWorker(ThreadPoolExecutor.java:1134)
        at java.util.concurrent.ThreadPoolExecutor$Worker.run(ThreadPoolExecutor.java:624)
        at java.lang.Thread.run(Thread.java:748)
"IPC Server idle connection scanner for port 37656" daemon prio=5 tid=21 timed_waiting
java.lang.Thread.State: TIMED_WAITING
        at java.lang.Object.wait(Native Method)
        at java.util.TimerThread.mainLoop(Timer.java:552)
        at java.util.TimerThread.run(Timer.java:505)
"metrics-hadoop-metrics2-reporter-20-thread-1" daemon prio=5 tid=489 timed_waiting
java.lang.Thread.State: TIMED_WAITING
        at sun.misc.Unsafe.park(Native Method)
        at java.util.concurrent.locks.LockSupport.parkNanos(LockSupport.java:215)
        at java.util.concurrent.locks.AbstractQueuedSynchronizer$ConditionObject.awaitNanos(AbstractQueuedSynchronizer.java:2078)
        at java.util.concurrent.ScheduledThreadPoolExecutor$DelayedWorkQueue.take(ScheduledThreadPoolExecutor.java:1093)
        at java.util.concurrent.ScheduledThreadPoolExecutor$DelayedWorkQueue.take(ScheduledThreadPoolExecutor.java:809)
        at java.util.concurrent.ThreadPoolExecutor.getTask(ThreadPoolExecutor.java:1074)
        at java.util.concurrent.ThreadPoolExecutor.runWorker(ThreadPoolExecutor.java:1134)
        at java.util.concurrent.ThreadPoolExecutor$Worker.run(ThreadPoolExecutor.java:624)
        at java.lang.Thread.run(Thread.java:748)
"pool-26-thread-20"  prio=5 tid=253 in Object.wait()
java.lang.Thread.State: WAITING (on object monitor)
        at sun.misc.Unsafe.park(Native Method)
        at java.util.concurrent.locks.LockSupport.park(LockSupport.java:175)
        at java.util.concurrent.locks.AbstractQueuedSynchronizer$ConditionObject.await(AbstractQueuedSynchronizer.java:2039)
        at java.util.concurrent.ArrayBlockingQueue.take(ArrayBlockingQueue.java:403)
        at java.util.concurrent.ThreadPoolExecutor.getTask(ThreadPoolExecutor.java:1074)
        at java.util.concurrent.ThreadPoolExecutor.runWorker(ThreadPoolExecutor.java:1134)
        at java.util.concurrent.ThreadPoolExecutor$Worker.run(ThreadPoolExecutor.java:624)
        at java.lang.Thread.run(Thread.java:748)
"pool-26-thread-44"  prio=5 tid=277 in Object.wait()
java.lang.Thread.State: WAITING (on object monitor)
        at sun.misc.Unsafe.park(Native Method)
        at java.util.concurrent.locks.LockSupport.park(LockSupport.java:175)
        at java.util.concurrent.locks.AbstractQueuedSynchronizer$ConditionObject.await(AbstractQueuedSynchronizer.java:2039)
        at java.util.concurrent.ArrayBlockingQueue.take(ArrayBlockingQueue.java:403)
        at java.util.concurrent.ThreadPoolExecutor.getTask(ThreadPoolExecutor.java:1074)
        at java.util.concurrent.ThreadPoolExecutor.runWorker(ThreadPoolExecutor.java:1134)
        at java.util.concurrent.ThreadPoolExecutor$Worker.run(ThreadPoolExecutor.java:624)
        at java.lang.Thread.run(Thread.java:748)
"pool-46-thread-29"  prio=5 tid=382 in Object.wait()
java.lang.Thread.State: WAITING (on object monitor)
        at sun.misc.Unsafe.park(Native Method)
        at java.util.concurrent.locks.LockSupport.park(LockSupport.java:175)
        at java.util.concurrent.locks.AbstractQueuedSynchronizer$ConditionObject.await(AbstractQueuedSynchronizer.java:2039)
        at java.util.concurrent.ArrayBlockingQueue.take(ArrayBlockingQueue.java:403)
        at java.util.concurrent.ThreadPoolExecutor.getTask(ThreadPoolExecutor.java:1074)
        at java.util.concurrent.ThreadPoolExecutor.runWorker(ThreadPoolExecutor.java:1134)
        at java.util.concurrent.ThreadPoolExecutor$Worker.run(ThreadPoolExecutor.java:624)
        at java.lang.Thread.run(Thread.java:748)
"pool-46-thread-49"  prio=5 tid=402 in Object.wait()
java.lang.Thread.State: WAITING (on object monitor)
        at sun.misc.Unsafe.park(Native Method)
        at java.util.concurrent.locks.LockSupport.park(LockSupport.java:175)
        at java.util.concurrent.locks.AbstractQueuedSynchronizer$ConditionObject.await(AbstractQueuedSynchronizer.java:2039)
        at java.util.concurrent.ArrayBlockingQueue.take(ArrayBlockingQueue.java:403)
        at java.util.concurrent.ThreadPoolExecutor.getTask(ThreadPoolExecutor.java:1074)
        at java.util.concurrent.ThreadPoolExecutor.runWorker(ThreadPoolExecutor.java:1134)
        at java.util.concurrent.ThreadPoolExecutor$Worker.run(ThreadPoolExecutor.java:624)
        at java.lang.Thread.run(Thread.java:748)
"org.apache.hadoop.util.JvmPauseMonitor$Monitor@1c6ec55c" daemon prio=5 tid=104 timed_waiting
java.lang.Thread.State: TIMED_WAITING
        at java.lang.Thread.sleep(Native Method)
        at org.apache.hadoop.util.JvmPauseMonitor$Monitor.run(JvmPauseMonitor.java:192)
        at java.lang.Thread.run(Thread.java:748)
"pool-46-thread-31"  prio=5 tid=384 in Object.wait()
java.lang.Thread.State: WAITING (on object monitor)
        at sun.misc.Unsafe.park(Native Method)
        at java.util.concurrent.locks.LockSupport.park(LockSupport.java:175)
        at java.util.concurrent.locks.AbstractQueuedSynchronizer$ConditionObject.await(AbstractQueuedSynchronizer.java:2039)
        at java.util.concurrent.ArrayBlockingQueue.take(ArrayBlockingQueue.java:403)
        at java.util.concurrent.ThreadPoolExecutor.getTask(ThreadPoolExecutor.java:1074)
        at java.util.concurrent.ThreadPoolExecutor.runWorker(ThreadPoolExecutor.java:1134)
        at java.util.concurrent.ThreadPoolExecutor$Worker.run(ThreadPoolExecutor.java:624)
        at java.lang.Thread.run(Thread.java:748)
"pool-46-thread-30"  prio=5 tid=383 in Object.wait()
java.lang.Thread.State: WAITING (on object monitor)
        at sun.misc.Unsafe.park(Native Method)
        at java.util.concurrent.locks.LockSupport.park(LockSupport.java:175)
        at java.util.concurrent.locks.AbstractQueuedSynchronizer$ConditionObject.await(AbstractQueuedSynchronizer.java:2039)
        at java.util.concurrent.ArrayBlockingQueue.take(ArrayBlockingQueue.java:403)
        at java.util.concurrent.ThreadPoolExecutor.getTask(ThreadPoolExecutor.java:1074)
        at java.util.concurrent.ThreadPoolExecutor.runWorker(ThreadPoolExecutor.java:1134)
        at java.util.concurrent.ThreadPoolExecutor$Worker.run(ThreadPoolExecutor.java:624)
        at java.lang.Thread.run(Thread.java:748)
"IPC Server Responder" daemon prio=5 tid=26 runnable
java.lang.Thread.State: RUNNABLE
        at sun.nio.ch.EPollArrayWrapper.epollWait(Native Method)
        at sun.nio.ch.EPollArrayWrapper.poll(EPollArrayWrapper.java:269)
        at sun.nio.ch.EPollSelectorImpl.doSelect(EPollSelectorImpl.java:93)
        at sun.nio.ch.SelectorImpl.lockAndDoSelect(SelectorImpl.java:86)
        at sun.nio.ch.SelectorImpl.select(SelectorImpl.java:97)
        at org.apache.hadoop.ipc.Server$Responder.doRunLoop(Server.java:1334)
        at org.apache.hadoop.ipc.Server$Responder.run(Server.java:1317)
"pool-36-thread-27"  prio=5 tid=320 in Object.wait()
java.lang.Thread.State: WAITING (on object monitor)
        at sun.misc.Unsafe.park(Native Method)
        at java.util.concurrent.locks.LockSupport.park(LockSupport.java:175)
        at java.util.concurrent.locks.AbstractQueuedSynchronizer$ConditionObject.await(AbstractQueuedSynchronizer.java:2039)
        at java.util.concurrent.ArrayBlockingQueue.take(ArrayBlockingQueue.java:403)
        at java.util.concurrent.ThreadPoolExecutor.getTask(ThreadPoolExecutor.java:1074)
        at java.util.concurrent.ThreadPoolExecutor.runWorker(ThreadPoolExecutor.java:1134)
        at java.util.concurrent.ThreadPoolExecutor$Worker.run(ThreadPoolExecutor.java:624)
        at java.lang.Thread.run(Thread.java:748)
"IPC Server handler 9 on 39615" daemon prio=5 tid=39 timed_waiting
java.lang.Thread.State: TIMED_WAITING
        at sun.misc.Unsafe.park(Native Method)
        at java.util.concurrent.locks.LockSupport.parkNanos(LockSupport.java:215)
        at java.util.concurrent.locks.AbstractQueuedSynchronizer$ConditionObject.awaitNanos(AbstractQueuedSynchronizer.java:2078)
        at java.util.concurrent.LinkedBlockingQueue.poll(LinkedBlockingQueue.java:467)
        at org.apache.hadoop.ipc.CallQueueManager.take(CallQueueManager.java:288)
        at org.apache.hadoop.ipc.Server$Handler.run(Server.java:2668)
"pool-26-thread-53"  prio=5 tid=286 in Object.wait()
java.lang.Thread.State: WAITING (on object monitor)
        at sun.misc.Unsafe.park(Native Method)
        at java.util.concurrent.locks.LockSupport.park(LockSupport.java:175)
        at java.util.concurrent.locks.AbstractQueuedSynchronizer$ConditionObject.await(AbstractQueuedSynchronizer.java:2039)
        at java.util.concurrent.ArrayBlockingQueue.take(ArrayBlockingQueue.java:403)
        at java.util.concurrent.ThreadPoolExecutor.getTask(ThreadPoolExecutor.java:1074)
        at java.util.concurrent.ThreadPoolExecutor.runWorker(ThreadPoolExecutor.java:1134)
        at java.util.concurrent.ThreadPoolExecutor$Worker.run(ThreadPoolExecutor.java:624)
        at java.lang.Thread.run(Thread.java:748)
"pool-46-thread-46"  prio=5 tid=399 in Object.wait()
java.lang.Thread.State: WAITING (on object monitor)
        at sun.misc.Unsafe.park(Native Method)
        at java.util.concurrent.locks.LockSupport.park(LockSupport.java:175)
        at java.util.concurrent.locks.AbstractQueuedSynchronizer$ConditionObject.await(AbstractQueuedSynchronizer.java:2039)
        at java.util.concurrent.ArrayBlockingQueue.take(ArrayBlockingQueue.java:403)
        at java.util.concurrent.ThreadPoolExecutor.getTask(ThreadPoolExecutor.java:1074)
        at java.util.concurrent.ThreadPoolExecutor.runWorker(ThreadPoolExecutor.java:1134)
        at java.util.concurrent.ThreadPoolExecutor$Worker.run(ThreadPoolExecutor.java:624)
        at java.lang.Thread.run(Thread.java:748)
"qtp1124883352-219" daemon prio=5 tid=219 timed_waiting
java.lang.Thread.State: TIMED_WAITING
        at sun.misc.Unsafe.park(Native Method)
        at java.util.concurrent.locks.LockSupport.parkNanos(LockSupport.java:215)
        at java.util.concurrent.locks.AbstractQueuedSynchronizer$ConditionObject.awaitNanos(AbstractQueuedSynchronizer.java:2078)
        at org.eclipse.jetty.util.BlockingArrayQueue.poll(BlockingArrayQueue.java:392)
        at org.eclipse.jetty.util.thread.QueuedThreadPool.idleJobPoll(QueuedThreadPool.java:563)
        at org.eclipse.jetty.util.thread.QueuedThreadPool.access$800(QueuedThreadPool.java:48)
        at org.eclipse.jetty.util.thread.QueuedThreadPool$2.run(QueuedThreadPool.java:626)
        at java.lang.Thread.run(Thread.java:748)
"pool-26-thread-31"  prio=5 tid=264 in Object.wait()
java.lang.Thread.State: WAITING (on object monitor)
        at sun.misc.Unsafe.park(Native Method)
        at java.util.concurrent.locks.LockSupport.park(LockSupport.java:175)
        at java.util.concurrent.locks.AbstractQueuedSynchronizer$ConditionObject.await(AbstractQueuedSynchronizer.java:2039)
        at java.util.concurrent.ArrayBlockingQueue.take(ArrayBlockingQueue.java:403)
        at java.util.concurrent.ThreadPoolExecutor.getTask(ThreadPoolExecutor.java:1074)
        at java.util.concurrent.ThreadPoolExecutor.runWorker(ThreadPoolExecutor.java:1134)
        at java.util.concurrent.ThreadPoolExecutor$Worker.run(ThreadPoolExecutor.java:624)
        at java.lang.Thread.run(Thread.java:748)
"pool-46-thread-54"  prio=5 tid=407 in Object.wait()
java.lang.Thread.State: WAITING (on object monitor)
        at sun.misc.Unsafe.park(Native Method)
        at java.util.concurrent.locks.LockSupport.park(LockSupport.java:175)
        at java.util.concurrent.locks.AbstractQueuedSynchronizer$ConditionObject.await(AbstractQueuedSynchronizer.java:2039)
        at java.util.concurrent.ArrayBlockingQueue.take(ArrayBlockingQueue.java:403)
        at java.util.concurrent.ThreadPoolExecutor.getTask(ThreadPoolExecutor.java:1074)
        at java.util.concurrent.ThreadPoolExecutor.runWorker(ThreadPoolExecutor.java:1134)
        at java.util.concurrent.ThreadPoolExecutor$Worker.run(ThreadPoolExecutor.java:624)
        at java.lang.Thread.run(Thread.java:748)
"metrics-hadoop-metrics2-reporter-21-thread-1" daemon prio=5 tid=490 timed_waiting
java.lang.Thread.State: TIMED_WAITING
        at sun.misc.Unsafe.park(Native Method)
        at java.util.concurrent.locks.LockSupport.parkNanos(LockSupport.java:215)
        at java.util.concurrent.locks.AbstractQueuedSynchronizer$ConditionObject.awaitNanos(AbstractQueuedSynchronizer.java:2078)
        at java.util.concurrent.ScheduledThreadPoolExecutor$DelayedWorkQueue.take(ScheduledThreadPoolExecutor.java:1093)
        at java.util.concurrent.ScheduledThreadPoolExecutor$DelayedWorkQueue.take(ScheduledThreadPoolExecutor.java:809)
        at java.util.concurrent.ThreadPoolExecutor.getTask(ThreadPoolExecutor.java:1074)
        at java.util.concurrent.ThreadPoolExecutor.runWorker(ThreadPoolExecutor.java:1134)
        at java.util.concurrent.ThreadPoolExecutor$Worker.run(ThreadPoolExecutor.java:624)
        at java.lang.Thread.run(Thread.java:748)
"pool-46-thread-16"  prio=5 tid=369 in Object.wait()
java.lang.Thread.State: WAITING (on object monitor)
        at sun.misc.Unsafe.park(Native Method)
        at java.util.concurrent.locks.LockSupport.park(LockSupport.java:175)
        at java.util.concurrent.locks.AbstractQueuedSynchronizer$ConditionObject.await(AbstractQueuedSynchronizer.java:2039)
        at java.util.concurrent.ArrayBlockingQueue.take(ArrayBlockingQueue.java:403)
        at java.util.concurrent.ThreadPoolExecutor.getTask(ThreadPoolExecutor.java:1074)
        at java.util.concurrent.ThreadPoolExecutor.runWorker(ThreadPoolExecutor.java:1134)
        at java.util.concurrent.ThreadPoolExecutor$Worker.run(ThreadPoolExecutor.java:624)
        at java.lang.Thread.run(Thread.java:748)
"pool-26-thread-11"  prio=5 tid=244 in Object.wait()
java.lang.Thread.State: WAITING (on object monitor)
        at sun.misc.Unsafe.park(Native Method)
        at java.util.concurrent.locks.LockSupport.park(LockSupport.java:175)
        at java.util.concurrent.locks.AbstractQueuedSynchronizer$ConditionObject.await(AbstractQueuedSynchronizer.java:2039)
        at java.util.concurrent.ArrayBlockingQueue.take(ArrayBlockingQueue.java:403)
        at java.util.concurrent.ThreadPoolExecutor.getTask(ThreadPoolExecutor.java:1074)
        at java.util.concurrent.ThreadPoolExecutor.runWorker(ThreadPoolExecutor.java:1134)
        at java.util.concurrent.ThreadPoolExecutor$Worker.run(ThreadPoolExecutor.java:624)
        at java.lang.Thread.run(Thread.java:748)
"pool-46-thread-12"  prio=5 tid=365 in Object.wait()
java.lang.Thread.State: WAITING (on object monitor)
        at sun.misc.Unsafe.park(Native Method)
        at java.util.concurrent.locks.LockSupport.park(LockSupport.java:175)
        at java.util.concurrent.locks.AbstractQueuedSynchronizer$ConditionObject.await(AbstractQueuedSynchronizer.java:2039)
        at java.util.concurrent.ArrayBlockingQueue.take(ArrayBlockingQueue.java:403)
        at java.util.concurrent.ThreadPoolExecutor.getTask(ThreadPoolExecutor.java:1074)
        at java.util.concurrent.ThreadPoolExecutor.runWorker(ThreadPoolExecutor.java:1134)
        at java.util.concurrent.ThreadPoolExecutor$Worker.run(ThreadPoolExecutor.java:624)
        at java.lang.Thread.run(Thread.java:748)
"pool-26-thread-8"  prio=5 tid=241 in Object.wait()
java.lang.Thread.State: WAITING (on object monitor)
        at sun.misc.Unsafe.park(Native Method)
        at java.util.concurrent.locks.LockSupport.park(LockSupport.java:175)
        at java.util.concurrent.locks.AbstractQueuedSynchronizer$ConditionObject.await(AbstractQueuedSynchronizer.java:2039)
        at java.util.concurrent.ArrayBlockingQueue.take(ArrayBlockingQueue.java:403)
        at java.util.concurrent.ThreadPoolExecutor.getTask(ThreadPoolExecutor.java:1074)
        at java.util.concurrent.ThreadPoolExecutor.runWorker(ThreadPoolExecutor.java:1134)
        at java.util.concurrent.ThreadPoolExecutor$Worker.run(ThreadPoolExecutor.java:624)
        at java.lang.Thread.run(Thread.java:748)
"pool-36-thread-59"  prio=5 tid=352 in Object.wait()
java.lang.Thread.State: WAITING (on object monitor)
        at sun.misc.Unsafe.park(Native Method)
        at java.util.concurrent.locks.LockSupport.park(LockSupport.java:175)
        at java.util.concurrent.locks.AbstractQueuedSynchronizer$ConditionObject.await(AbstractQueuedSynchronizer.java:2039)
        at java.util.concurrent.ArrayBlockingQueue.take(ArrayBlockingQueue.java:403)
        at java.util.concurrent.ThreadPoolExecutor.getTask(ThreadPoolExecutor.java:1074)
        at java.util.concurrent.ThreadPoolExecutor.runWorker(ThreadPoolExecutor.java:1134)
        at java.util.concurrent.ThreadPoolExecutor$Worker.run(ThreadPoolExecutor.java:624)
        at java.lang.Thread.run(Thread.java:748)
"Datanode ReportManager Thread - 0" daemon prio=5 tid=172 in Object.wait()
java.lang.Thread.State: WAITING (on object monitor)
        at sun.misc.Unsafe.park(Native Method)
        at java.util.concurrent.locks.LockSupport.park(LockSupport.java:175)
        at java.util.concurrent.locks.AbstractQueuedSynchronizer$ConditionObject.await(AbstractQueuedSynchronizer.java:2039)
        at java.util.concurrent.ScheduledThreadPoolExecutor$DelayedWorkQueue.take(ScheduledThreadPoolExecutor.java:1088)
        at java.util.concurrent.ScheduledThreadPoolExecutor$DelayedWorkQueue.take(ScheduledThreadPoolExecutor.java:809)
        at java.util.concurrent.ThreadPoolExecutor.getTask(ThreadPoolExecutor.java:1074)
        at java.util.concurrent.ThreadPoolExecutor.runWorker(ThreadPoolExecutor.java:1134)
        at java.util.concurrent.ThreadPoolExecutor$Worker.run(ThreadPoolExecutor.java:624)
        at java.lang.Thread.run(Thread.java:748)
"grpc-default-executor-2" daemon prio=5 tid=472 timed_waiting
java.lang.Thread.State: TIMED_WAITING
        at sun.misc.Unsafe.park(Native Method)
        at java.util.concurrent.locks.LockSupport.parkNanos(LockSupport.java:215)
        at java.util.concurrent.SynchronousQueue$TransferStack.awaitFulfill(SynchronousQueue.java:460)
        at java.util.concurrent.SynchronousQueue$TransferStack.transfer(SynchronousQueue.java:362)
        at java.util.concurrent.SynchronousQueue.poll(SynchronousQueue.java:941)
        at java.util.concurrent.ThreadPoolExecutor.getTask(ThreadPoolExecutor.java:1073)
        at java.util.concurrent.ThreadPoolExecutor.runWorker(ThreadPoolExecutor.java:1134)
        at java.util.concurrent.ThreadPoolExecutor$Worker.run(ThreadPoolExecutor.java:624)
        at java.lang.Thread.run(Thread.java:748)
"SCMBlockDeletingService#1" daemon prio=5 tid=103 in Object.wait()
java.lang.Thread.State: WAITING (on object monitor)
        at sun.misc.Unsafe.park(Native Method)
        at java.util.concurrent.locks.LockSupport.park(LockSupport.java:175)
        at java.util.concurrent.locks.AbstractQueuedSynchronizer$ConditionObject.await(AbstractQueuedSynchronizer.java:2039)
        at java.util.concurrent.ScheduledThreadPoolExecutor$DelayedWorkQueue.take(ScheduledThreadPoolExecutor.java:1088)
        at java.util.concurrent.ScheduledThreadPoolExecutor$DelayedWorkQueue.take(ScheduledThreadPoolExecutor.java:809)
        at java.util.concurrent.ThreadPoolExecutor.getTask(ThreadPoolExecutor.java:1074)
        at java.util.concurrent.ThreadPoolExecutor.runWorker(ThreadPoolExecutor.java:1134)
        at java.util.concurrent.ThreadPoolExecutor$Worker.run(ThreadPoolExecutor.java:624)
        at java.lang.Thread.run(Thread.java:748)
"IPC Server handler 19 on 39656" daemon prio=5 tid=89 timed_waiting
java.lang.Thread.State: TIMED_WAITING
        at sun.misc.Unsafe.park(Native Method)
        at java.util.concurrent.locks.LockSupport.parkNanos(LockSupport.java:215)
        at java.util.concurrent.locks.AbstractQueuedSynchronizer$ConditionObject.awaitNanos(AbstractQueuedSynchronizer.java:2078)
        at java.util.concurrent.LinkedBlockingQueue.poll(LinkedBlockingQueue.java:467)
        at org.apache.hadoop.ipc.CallQueueManager.take(CallQueueManager.java:288)
        at org.apache.hadoop.ipc.Server$Handler.run(Server.java:2668)
"metrics-hadoop-metrics2-reporter-17-thread-1" daemon prio=5 tid=482 timed_waiting
java.lang.Thread.State: TIMED_WAITING
        at sun.misc.Unsafe.park(Native Method)
        at java.util.concurrent.locks.LockSupport.parkNanos(LockSupport.java:215)
        at java.util.concurrent.locks.AbstractQueuedSynchronizer$ConditionObject.awaitNanos(AbstractQueuedSynchronizer.java:2078)
        at java.util.concurrent.ScheduledThreadPoolExecutor$DelayedWorkQueue.take(ScheduledThreadPoolExecutor.java:1093)
        at java.util.concurrent.ScheduledThreadPoolExecutor$DelayedWorkQueue.take(ScheduledThreadPoolExecutor.java:809)
        at java.util.concurrent.ThreadPoolExecutor.getTask(ThreadPoolExecutor.java:1074)
        at java.util.concurrent.ThreadPoolExecutor.runWorker(ThreadPoolExecutor.java:1134)
        at java.util.concurrent.ThreadPoolExecutor$Worker.run(ThreadPoolExecutor.java:624)
        at java.lang.Thread.run(Thread.java:748)
"metrics-hadoop-metrics2-reporter-31-thread-1" daemon prio=5 tid=629 timed_waiting
java.lang.Thread.State: TIMED_WAITING
        at sun.misc.Unsafe.park(Native Method)
        at java.util.concurrent.locks.LockSupport.parkNanos(LockSupport.java:215)
        at java.util.concurrent.locks.AbstractQueuedSynchronizer$ConditionObject.awaitNanos(AbstractQueuedSynchronizer.java:2078)
        at java.util.concurrent.ScheduledThreadPoolExecutor$DelayedWorkQueue.take(ScheduledThreadPoolExecutor.java:1093)
        at java.util.concurrent.ScheduledThreadPoolExecutor$DelayedWorkQueue.take(ScheduledThreadPoolExecutor.java:809)
        at java.util.concurrent.ThreadPoolExecutor.getTask(ThreadPoolExecutor.java:1074)
        at java.util.concurrent.ThreadPoolExecutor.runWorker(ThreadPoolExecutor.java:1134)
        at java.util.concurrent.ThreadPoolExecutor$Worker.run(ThreadPoolExecutor.java:624)
        at java.lang.Thread.run(Thread.java:748)
"SCMBlockDeletingService#0" daemon prio=5 tid=102 timed_waiting
java.lang.Thread.State: TIMED_WAITING
        at sun.misc.Unsafe.park(Native Method)
        at java.util.concurrent.locks.LockSupport.parkNanos(LockSupport.java:215)
        at java.util.concurrent.locks.AbstractQueuedSynchronizer$ConditionObject.awaitNanos(AbstractQueuedSynchronizer.java:2078)
        at java.util.concurrent.ScheduledThreadPoolExecutor$DelayedWorkQueue.take(ScheduledThreadPoolExecutor.java:1093)
        at java.util.concurrent.ScheduledThreadPoolExecutor$DelayedWorkQueue.take(ScheduledThreadPoolExecutor.java:809)
        at java.util.concurrent.ThreadPoolExecutor.getTask(ThreadPoolExecutor.java:1074)
        at java.util.concurrent.ThreadPoolExecutor.runWorker(ThreadPoolExecutor.java:1134)
        at java.util.concurrent.ThreadPoolExecutor$Worker.run(ThreadPoolExecutor.java:624)
        at java.lang.Thread.run(Thread.java:748)
"pool-36-thread-33"  prio=5 tid=326 in Object.wait()
java.lang.Thread.State: WAITING (on object monitor)
        at sun.misc.Unsafe.park(Native Method)
        at java.util.concurrent.locks.LockSupport.park(LockSupport.java:175)
        at java.util.concurrent.locks.AbstractQueuedSynchronizer$ConditionObject.await(AbstractQueuedSynchronizer.java:2039)
        at java.util.concurrent.ArrayBlockingQueue.take(ArrayBlockingQueue.java:403)
        at java.util.concurrent.ThreadPoolExecutor.getTask(ThreadPoolExecutor.java:1074)
        at java.util.concurrent.ThreadPoolExecutor.runWorker(ThreadPoolExecutor.java:1134)
        at java.util.concurrent.ThreadPoolExecutor$Worker.run(ThreadPoolExecutor.java:624)
        at java.lang.Thread.run(Thread.java:748)
"IPC Server handler 10 on 32962" daemon prio=5 tid=125 timed_waiting
java.lang.Thread.State: TIMED_WAITING
        at sun.misc.Unsafe.park(Native Method)
        at java.util.concurrent.locks.LockSupport.parkNanos(LockSupport.java:215)
        at java.util.concurrent.locks.AbstractQueuedSynchronizer$ConditionObject.awaitNanos(AbstractQueuedSynchronizer.java:2078)
        at java.util.concurrent.LinkedBlockingQueue.poll(LinkedBlockingQueue.java:467)
        at org.apache.hadoop.ipc.CallQueueManager.take(CallQueueManager.java:288)
        at org.apache.hadoop.ipc.Server$Handler.run(Server.java:2668)
"IPC Server handler 7 on 39656" daemon prio=5 tid=77 timed_waiting
java.lang.Thread.State: TIMED_WAITING
        at sun.misc.Unsafe.park(Native Method)
        at java.util.concurrent.locks.LockSupport.parkNanos(LockSupport.java:215)
        at java.util.concurrent.locks.AbstractQueuedSynchronizer$ConditionObject.awaitNanos(AbstractQueuedSynchronizer.java:2078)
        at java.util.concurrent.LinkedBlockingQueue.poll(LinkedBlockingQueue.java:467)
        at org.apache.hadoop.ipc.CallQueueManager.take(CallQueueManager.java:288)
        at org.apache.hadoop.ipc.Server$Handler.run(Server.java:2668)
"pool-36-thread-21"  prio=5 tid=314 in Object.wait()
java.lang.Thread.State: WAITING (on object monitor)
        at sun.misc.Unsafe.park(Native Method)
        at java.util.concurrent.locks.LockSupport.park(LockSupport.java:175)
        at java.util.concurrent.locks.AbstractQueuedSynchronizer$ConditionObject.await(AbstractQueuedSynchronizer.java:2039)
        at java.util.concurrent.ArrayBlockingQueue.take(ArrayBlockingQueue.java:403)
        at java.util.concurrent.ThreadPoolExecutor.getTask(ThreadPoolExecutor.java:1074)
        at java.util.concurrent.ThreadPoolExecutor.runWorker(ThreadPoolExecutor.java:1134)
        at java.util.concurrent.ThreadPoolExecutor$Worker.run(ThreadPoolExecutor.java:624)
        at java.lang.Thread.run(Thread.java:748)
"qtp312968017-192" daemon prio=5 tid=192 timed_waiting
java.lang.Thread.State: TIMED_WAITING
        at sun.misc.Unsafe.park(Native Method)
        at java.util.concurrent.locks.LockSupport.parkNanos(LockSupport.java:215)
        at java.util.concurrent.locks.AbstractQueuedSynchronizer$ConditionObject.awaitNanos(AbstractQueuedSynchronizer.java:2078)
        at org.eclipse.jetty.util.BlockingArrayQueue.poll(BlockingArrayQueue.java:392)
        at org.eclipse.jetty.util.thread.QueuedThreadPool.idleJobPoll(QueuedThreadPool.java:563)
        at org.eclipse.jetty.util.thread.QueuedThreadPool.access$800(QueuedThreadPool.java:48)
        at org.eclipse.jetty.util.thread.QueuedThreadPool$2.run(QueuedThreadPool.java:626)
        at java.lang.Thread.run(Thread.java:748)
"pool-36-thread-25"  prio=5 tid=318 in Object.wait()
java.lang.Thread.State: WAITING (on object monitor)
        at sun.misc.Unsafe.park(Native Method)
        at java.util.concurrent.locks.LockSupport.park(LockSupport.java:175)
        at java.util.concurrent.locks.AbstractQueuedSynchronizer$ConditionObject.await(AbstractQueuedSynchronizer.java:2039)
        at java.util.concurrent.ArrayBlockingQueue.take(ArrayBlockingQueue.java:403)
        at java.util.concurrent.ThreadPoolExecutor.getTask(ThreadPoolExecutor.java:1074)
        at java.util.concurrent.ThreadPoolExecutor.runWorker(ThreadPoolExecutor.java:1134)
        at java.util.concurrent.ThreadPoolExecutor$Worker.run(ThreadPoolExecutor.java:624)
        at java.lang.Thread.run(Thread.java:748)
"IPC Server handler 12 on 37656" daemon prio=5 tid=62 timed_waiting
java.lang.Thread.State: TIMED_WAITING
        at sun.misc.Unsafe.park(Native Method)
        at java.util.concurrent.locks.LockSupport.parkNanos(LockSupport.java:215)
        at java.util.concurrent.locks.AbstractQueuedSynchronizer$ConditionObject.awaitNanos(AbstractQueuedSynchronizer.java:2078)
        at java.util.concurrent.LinkedBlockingQueue.poll(LinkedBlockingQueue.java:467)
        at org.apache.hadoop.ipc.CallQueueManager.take(CallQueueManager.java:288)
        at org.apache.hadoop.ipc.Server$Handler.run(Server.java:2668)
"6b24a2ab-97ee-4d49-85cc-2d76c2f4b8ef@group-895FFB7708A4-SegmentedRaftLogWorker"  prio=5 tid=462 timed_waiting
java.lang.Thread.State: TIMED_WAITING
        at sun.misc.Unsafe.park(Native Method)
        at java.util.concurrent.locks.LockSupport.parkNanos(LockSupport.java:215)
        at java.util.concurrent.locks.AbstractQueuedSynchronizer$ConditionObject.awaitNanos(AbstractQueuedSynchronizer.java:2078)
        at org.apache.ratis.util.DataBlockingQueue.poll(DataBlockingQueue.java:137)
        at org.apache.ratis.server.raftlog.segmented.SegmentedRaftLogWorker.run(SegmentedRaftLogWorker.java:282)
        at java.lang.Thread.run(Thread.java:748)
"qtp1124883352-214" daemon prio=5 tid=214 runnable
java.lang.Thread.State: RUNNABLE
        at sun.nio.ch.EPollArrayWrapper.epollWait(Native Method)
        at sun.nio.ch.EPollArrayWrapper.poll(EPollArrayWrapper.java:269)
        at sun.nio.ch.EPollSelectorImpl.doSelect(EPollSelectorImpl.java:93)
        at sun.nio.ch.SelectorImpl.lockAndDoSelect(SelectorImpl.java:86)
        at sun.nio.ch.SelectorImpl.select(SelectorImpl.java:97)
        at sun.nio.ch.SelectorImpl.select(SelectorImpl.java:101)
        at org.eclipse.jetty.io.ManagedSelector$SelectorProducer.select(ManagedSelector.java:243)
        at org.eclipse.jetty.io.ManagedSelector$SelectorProducer.produce(ManagedSelector.java:191)
        at org.eclipse.jetty.util.thread.strategy.ExecuteProduceConsume.executeProduceConsume(ExecuteProduceConsume.java:249)
        at org.eclipse.jetty.util.thread.strategy.ExecuteProduceConsume.produceConsume(ExecuteProduceConsume.java:148)
        at org.eclipse.jetty.util.thread.strategy.ExecuteProduceConsume.execute(ExecuteProduceConsume.java:100)
        at org.eclipse.jetty.io.ManagedSelector.run(ManagedSelector.java:147)
        at org.eclipse.jetty.util.thread.QueuedThreadPool.runJob(QueuedThreadPool.java:671)
        at org.eclipse.jetty.util.thread.QueuedThreadPool$2.run(QueuedThreadPool.java:589)
        at java.lang.Thread.run(Thread.java:748)
"Socket Reader #1 for port 37656"  prio=5 tid=20 runnable
java.lang.Thread.State: RUNNABLE
        at sun.nio.ch.EPollArrayWrapper.epollWait(Native Method)
        at sun.nio.ch.EPollArrayWrapper.poll(EPollArrayWrapper.java:269)
        at sun.nio.ch.EPollSelectorImpl.doSelect(EPollSelectorImpl.java:93)
        at sun.nio.ch.SelectorImpl.lockAndDoSelect(SelectorImpl.java:86)
        at sun.nio.ch.SelectorImpl.select(SelectorImpl.java:97)
        at sun.nio.ch.SelectorImpl.select(SelectorImpl.java:101)
        at org.apache.hadoop.ipc.Server$Listener$Reader.doRunLoop(Server.java:1097)
        at org.apache.hadoop.ipc.Server$Listener$Reader.run(Server.java:1076)
"pool-46-thread-11"  prio=5 tid=364 in Object.wait()
java.lang.Thread.State: WAITING (on object monitor)
        at sun.misc.Unsafe.park(Native Method)
        at java.util.concurrent.locks.LockSupport.park(LockSupport.java:175)
        at java.util.concurrent.locks.AbstractQueuedSynchronizer$ConditionObject.await(AbstractQueuedSynchronizer.java:2039)
        at java.util.concurrent.ArrayBlockingQueue.take(ArrayBlockingQueue.java:403)
        at java.util.concurrent.ThreadPoolExecutor.getTask(ThreadPoolExecutor.java:1074)
        at java.util.concurrent.ThreadPoolExecutor.runWorker(ThreadPoolExecutor.java:1134)
        at java.util.concurrent.ThreadPoolExecutor$Worker.run(ThreadPoolExecutor.java:624)
        at java.lang.Thread.run(Thread.java:748)
"qtp190696393-165" daemon prio=5 tid=165 timed_waiting
java.lang.Thread.State: TIMED_WAITING
        at sun.misc.Unsafe.park(Native Method)
        at java.util.concurrent.locks.LockSupport.parkNanos(LockSupport.java:215)
        at java.util.concurrent.locks.AbstractQueuedSynchronizer$ConditionObject.awaitNanos(AbstractQueuedSynchronizer.java:2078)
        at org.eclipse.jetty.util.BlockingArrayQueue.poll(BlockingArrayQueue.java:392)
        at org.eclipse.jetty.util.thread.QueuedThreadPool.idleJobPoll(QueuedThreadPool.java:563)
        at org.eclipse.jetty.util.thread.QueuedThreadPool.access$800(QueuedThreadPool.java:48)
        at org.eclipse.jetty.util.thread.QueuedThreadPool$2.run(QueuedThreadPool.java:626)
        at java.lang.Thread.run(Thread.java:748)
"IPC Server handler 18 on 37656" daemon prio=5 tid=68 timed_waiting
java.lang.Thread.State: TIMED_WAITING
        at sun.misc.Unsafe.park(Native Method)
        at java.util.concurrent.locks.LockSupport.parkNanos(LockSupport.java:215)
        at java.util.concurrent.locks.AbstractQueuedSynchronizer$ConditionObject.awaitNanos(AbstractQueuedSynchronizer.java:2078)
        at java.util.concurrent.LinkedBlockingQueue.poll(LinkedBlockingQueue.java:467)
        at org.apache.hadoop.ipc.CallQueueManager.take(CallQueueManager.java:288)
        at org.apache.hadoop.ipc.Server$Handler.run(Server.java:2668)
"pool-46-thread-24"  prio=5 tid=377 in Object.wait()
java.lang.Thread.State: WAITING (on object monitor)
        at sun.misc.Unsafe.park(Native Method)
        at java.util.concurrent.locks.LockSupport.park(LockSupport.java:175)
        at java.util.concurrent.locks.AbstractQueuedSynchronizer$ConditionObject.await(AbstractQueuedSynchronizer.java:2039)
        at java.util.concurrent.ArrayBlockingQueue.take(ArrayBlockingQueue.java:403)
        at java.util.concurrent.ThreadPoolExecutor.getTask(ThreadPoolExecutor.java:1074)
        at java.util.concurrent.ThreadPoolExecutor.runWorker(ThreadPoolExecutor.java:1134)
        at java.util.concurrent.ThreadPoolExecutor$Worker.run(ThreadPoolExecutor.java:624)
        at java.lang.Thread.run(Thread.java:748)
"EventQueue-NodeRegistrationContainerReportForDataNodeSafeModeRule" daemon prio=5 tid=424 in Object.wait()
java.lang.Thread.State: WAITING (on object monitor)
        at sun.misc.Unsafe.park(Native Method)
        at java.util.concurrent.locks.LockSupport.park(LockSupport.java:175)
        at java.util.concurrent.locks.AbstractQueuedSynchronizer$ConditionObject.await(AbstractQueuedSynchronizer.java:2039)
        at java.util.concurrent.LinkedBlockingQueue.take(LinkedBlockingQueue.java:442)
        at java.util.concurrent.ThreadPoolExecutor.getTask(ThreadPoolExecutor.java:1074)
        at java.util.concurrent.ThreadPoolExecutor.runWorker(ThreadPoolExecutor.java:1134)
        at java.util.concurrent.ThreadPoolExecutor$Worker.run(ThreadPoolExecutor.java:624)
        at java.lang.Thread.run(Thread.java:748)
"grpc-default-executor-3" daemon prio=5 tid=500 timed_waiting
java.lang.Thread.State: TIMED_WAITING
        at sun.misc.Unsafe.park(Native Method)
        at java.util.concurrent.locks.LockSupport.parkNanos(LockSupport.java:215)
        at java.util.concurrent.SynchronousQueue$TransferStack.awaitFulfill(SynchronousQueue.java:460)
        at java.util.concurrent.SynchronousQueue$TransferStack.transfer(SynchronousQueue.java:362)
        at java.util.concurrent.SynchronousQueue.poll(SynchronousQueue.java:941)
        at java.util.concurrent.ThreadPoolExecutor.getTask(ThreadPoolExecutor.java:1073)
        at java.util.concurrent.ThreadPoolExecutor.runWorker(ThreadPoolExecutor.java:1134)
        at java.util.concurrent.ThreadPoolExecutor$Worker.run(ThreadPoolExecutor.java:624)
        at java.lang.Thread.run(Thread.java:748)
"pool-36-thread-4"  prio=5 tid=297 in Object.wait()
java.lang.Thread.State: WAITING (on object monitor)
        at sun.misc.Unsafe.park(Native Method)
        at java.util.concurrent.locks.LockSupport.park(LockSupport.java:175)
        at java.util.concurrent.locks.AbstractQueuedSynchronizer$ConditionObject.await(AbstractQueuedSynchronizer.java:2039)
        at java.util.concurrent.ArrayBlockingQueue.take(ArrayBlockingQueue.java:403)
        at java.util.concurrent.ThreadPoolExecutor.getTask(ThreadPoolExecutor.java:1074)
        at java.util.concurrent.ThreadPoolExecutor.runWorker(ThreadPoolExecutor.java:1134)
        at java.util.concurrent.ThreadPoolExecutor$Worker.run(ThreadPoolExecutor.java:624)
        at java.lang.Thread.run(Thread.java:748)
"process reaper" daemon prio=10 tid=10 timed_waiting
java.lang.Thread.State: TIMED_WAITING
        at sun.misc.Unsafe.park(Native Method)
        at java.util.concurrent.locks.LockSupport.parkNanos(LockSupport.java:215)
        at java.util.concurrent.SynchronousQueue$TransferStack.awaitFulfill(SynchronousQueue.java:460)
        at java.util.concurrent.SynchronousQueue$TransferStack.transfer(SynchronousQueue.java:362)
        at java.util.concurrent.SynchronousQueue.poll(SynchronousQueue.java:941)
        at java.util.concurrent.ThreadPoolExecutor.getTask(ThreadPoolExecutor.java:1073)
        at java.util.concurrent.ThreadPoolExecutor.runWorker(ThreadPoolExecutor.java:1134)
        at java.util.concurrent.ThreadPoolExecutor$Worker.run(ThreadPoolExecutor.java:624)
        at java.lang.Thread.run(Thread.java:748)
"pool-47-thread-1"  prio=5 tid=457 in Object.wait()
java.lang.Thread.State: WAITING (on object monitor)
        at sun.misc.Unsafe.park(Native Method)
        at java.util.concurrent.locks.LockSupport.park(LockSupport.java:175)
        at java.util.concurrent.locks.AbstractQueuedSynchronizer$ConditionObject.await(AbstractQueuedSynchronizer.java:2039)
        at java.util.concurrent.LinkedBlockingQueue.take(LinkedBlockingQueue.java:442)
        at java.util.concurrent.ThreadPoolExecutor.getTask(ThreadPoolExecutor.java:1074)
        at java.util.concurrent.ThreadPoolExecutor.runWorker(ThreadPoolExecutor.java:1134)
        at java.util.concurrent.ThreadPoolExecutor$Worker.run(ThreadPoolExecutor.java:624)
        at java.lang.Thread.run(Thread.java:748)
"Datanode ReportManager Thread - 2" daemon prio=5 tid=228 timed_waiting
java.lang.Thread.State: TIMED_WAITING
        at sun.misc.Unsafe.park(Native Method)
        at java.util.concurrent.locks.LockSupport.parkNanos(LockSupport.java:215)
        at java.util.concurrent.locks.AbstractQueuedSynchronizer$ConditionObject.awaitNanos(AbstractQueuedSynchronizer.java:2078)
        at java.util.concurrent.ScheduledThreadPoolExecutor$DelayedWorkQueue.take(ScheduledThreadPoolExecutor.java:1093)
        at java.util.concurrent.ScheduledThreadPoolExecutor$DelayedWorkQueue.take(ScheduledThreadPoolExecutor.java:809)
        at java.util.concurrent.ThreadPoolExecutor.getTask(ThreadPoolExecutor.java:1074)
        at java.util.concurrent.ThreadPoolExecutor.runWorker(ThreadPoolExecutor.java:1134)
        at java.util.concurrent.ThreadPoolExecutor$Worker.run(ThreadPoolExecutor.java:624)
        at java.lang.Thread.run(Thread.java:748)
"org.eclipse.jetty.server.session.HashSessionManager@37305852Timer" daemon prio=5 tid=146 timed_waiting
java.lang.Thread.State: TIMED_WAITING
        at sun.misc.Unsafe.park(Native Method)
        at java.util.concurrent.locks.LockSupport.parkNanos(LockSupport.java:215)
        at java.util.concurrent.locks.AbstractQueuedSynchronizer$ConditionObject.awaitNanos(AbstractQueuedSynchronizer.java:2078)
        at java.util.concurrent.ScheduledThreadPoolExecutor$DelayedWorkQueue.take(ScheduledThreadPoolExecutor.java:1093)
        at java.util.concurrent.ScheduledThreadPoolExecutor$DelayedWorkQueue.take(ScheduledThreadPoolExecutor.java:809)
        at java.util.concurrent.ThreadPoolExecutor.getTask(ThreadPoolExecutor.java:1074)
        at java.util.concurrent.ThreadPoolExecutor.runWorker(ThreadPoolExecutor.java:1134)
        at java.util.concurrent.ThreadPoolExecutor$Worker.run(ThreadPoolExecutor.java:624)
        at java.lang.Thread.run(Thread.java:748)
"pool-36-thread-38"  prio=5 tid=331 in Object.wait()
java.lang.Thread.State: WAITING (on object monitor)
        at sun.misc.Unsafe.park(Native Method)
        at java.util.concurrent.locks.LockSupport.park(LockSupport.java:175)
        at java.util.concurrent.locks.AbstractQueuedSynchronizer$ConditionObject.await(AbstractQueuedSynchronizer.java:2039)
        at java.util.concurrent.ArrayBlockingQueue.take(ArrayBlockingQueue.java:403)
        at java.util.concurrent.ThreadPoolExecutor.getTask(ThreadPoolExecutor.java:1074)
        at java.util.concurrent.ThreadPoolExecutor.runWorker(ThreadPoolExecutor.java:1134)
        at java.util.concurrent.ThreadPoolExecutor$Worker.run(ThreadPoolExecutor.java:624)
        at java.lang.Thread.run(Thread.java:748)
"pool-46-thread-56"  prio=5 tid=409 in Object.wait()
java.lang.Thread.State: WAITING (on object monitor)
        at sun.misc.Unsafe.park(Native Method)
        at java.util.concurrent.locks.LockSupport.park(LockSupport.java:175)
        at java.util.concurrent.locks.AbstractQueuedSynchronizer$ConditionObject.await(AbstractQueuedSynchronizer.java:2039)
        at java.util.concurrent.ArrayBlockingQueue.take(ArrayBlockingQueue.java:403)
        at java.util.concurrent.ThreadPoolExecutor.getTask(ThreadPoolExecutor.java:1074)
        at java.util.concurrent.ThreadPoolExecutor.runWorker(ThreadPoolExecutor.java:1134)
        at java.util.concurrent.ThreadPoolExecutor$Worker.run(ThreadPoolExecutor.java:624)
        at java.lang.Thread.run(Thread.java:748)
"BlockDeletingService#0" daemon prio=5 tid=417 timed_waiting
java.lang.Thread.State: TIMED_WAITING
        at sun.misc.Unsafe.park(Native Method)
        at java.util.concurrent.locks.LockSupport.parkNanos(LockSupport.java:215)
        at java.util.concurrent.locks.AbstractQueuedSynchronizer$ConditionObject.awaitNanos(AbstractQueuedSynchronizer.java:2078)
        at java.util.concurrent.ScheduledThreadPoolExecutor$DelayedWorkQueue.take(ScheduledThreadPoolExecutor.java:1093)
        at java.util.concurrent.ScheduledThreadPoolExecutor$DelayedWorkQueue.take(ScheduledThreadPoolExecutor.java:809)
        at java.util.concurrent.ThreadPoolExecutor.getTask(ThreadPoolExecutor.java:1074)
        at java.util.concurrent.ThreadPoolExecutor.runWorker(ThreadPoolExecutor.java:1134)
        at java.util.concurrent.ThreadPoolExecutor$Worker.run(ThreadPoolExecutor.java:624)
        at java.lang.Thread.run(Thread.java:748)
"IPC Server handler 18 on 39656" daemon prio=5 tid=88 timed_waiting
java.lang.Thread.State: TIMED_WAITING
        at sun.misc.Unsafe.park(Native Method)
        at java.util.concurrent.locks.LockSupport.parkNanos(LockSupport.java:215)
        at java.util.concurrent.locks.AbstractQueuedSynchronizer$ConditionObject.awaitNanos(AbstractQueuedSynchronizer.java:2078)
        at java.util.concurrent.LinkedBlockingQueue.poll(LinkedBlockingQueue.java:467)
        at org.apache.hadoop.ipc.CallQueueManager.take(CallQueueManager.java:288)
        at org.apache.hadoop.ipc.Server$Handler.run(Server.java:2668)
"Datanode ReportManager Thread - 2" daemon prio=5 tid=174 in Object.wait()
java.lang.Thread.State: WAITING (on object monitor)
        at sun.misc.Unsafe.park(Native Method)
        at java.util.concurrent.locks.LockSupport.park(LockSupport.java:175)
        at java.util.concurrent.locks.AbstractQueuedSynchronizer$ConditionObject.await(AbstractQueuedSynchronizer.java:2039)
        at java.util.concurrent.ScheduledThreadPoolExecutor$DelayedWorkQueue.take(ScheduledThreadPoolExecutor.java:1088)
        at java.util.concurrent.ScheduledThreadPoolExecutor$DelayedWorkQueue.take(ScheduledThreadPoolExecutor.java:809)
        at java.util.concurrent.ThreadPoolExecutor.getTask(ThreadPoolExecutor.java:1074)
        at java.util.concurrent.ThreadPoolExecutor.runWorker(ThreadPoolExecutor.java:1134)
        at java.util.concurrent.ThreadPoolExecutor$Worker.run(ThreadPoolExecutor.java:624)
        at java.lang.Thread.run(Thread.java:748)
"IPC Server handler 4 on 39615" daemon prio=5 tid=34 timed_waiting
java.lang.Thread.State: TIMED_WAITING
        at sun.misc.Unsafe.park(Native Method)
        at java.util.concurrent.locks.LockSupport.parkNanos(LockSupport.java:215)
        at java.util.concurrent.locks.AbstractQueuedSynchronizer$ConditionObject.awaitNanos(AbstractQueuedSynchronizer.java:2078)
        at java.util.concurrent.LinkedBlockingQueue.poll(LinkedBlockingQueue.java:467)
        at org.apache.hadoop.ipc.CallQueueManager.take(CallQueueManager.java:288)
        at org.apache.hadoop.ipc.Server$Handler.run(Server.java:2668)
"pool-46-thread-35"  prio=5 tid=388 in Object.wait()
java.lang.Thread.State: WAITING (on object monitor)
        at sun.misc.Unsafe.park(Native Method)
        at java.util.concurrent.locks.LockSupport.park(LockSupport.java:175)
        at java.util.concurrent.locks.AbstractQueuedSynchronizer$ConditionObject.await(AbstractQueuedSynchronizer.java:2039)
        at java.util.concurrent.ArrayBlockingQueue.take(ArrayBlockingQueue.java:403)
        at java.util.concurrent.ThreadPoolExecutor.getTask(ThreadPoolExecutor.java:1074)
        at java.util.concurrent.ThreadPoolExecutor.runWorker(ThreadPoolExecutor.java:1134)
        at java.util.concurrent.ThreadPoolExecutor$Worker.run(ThreadPoolExecutor.java:624)
        at java.lang.Thread.run(Thread.java:748)
"pool-26-thread-2"  prio=5 tid=235 in Object.wait()
java.lang.Thread.State: WAITING (on object monitor)
        at sun.misc.Unsafe.park(Native Method)
        at java.util.concurrent.locks.LockSupport.park(LockSupport.java:175)
        at java.util.concurrent.locks.AbstractQueuedSynchronizer$ConditionObject.await(AbstractQueuedSynchronizer.java:2039)
        at java.util.concurrent.ArrayBlockingQueue.take(ArrayBlockingQueue.java:403)
        at java.util.concurrent.ThreadPoolExecutor.getTask(ThreadPoolExecutor.java:1074)
        at java.util.concurrent.ThreadPoolExecutor.runWorker(ThreadPoolExecutor.java:1134)
        at java.util.concurrent.ThreadPoolExecutor$Worker.run(ThreadPoolExecutor.java:624)
        at java.lang.Thread.run(Thread.java:748)
"IPC Server handler 0 on 39656" daemon prio=5 tid=70 timed_waiting
java.lang.Thread.State: TIMED_WAITING
        at sun.misc.Unsafe.park(Native Method)
        at java.util.concurrent.locks.LockSupport.parkNanos(LockSupport.java:215)
        at java.util.concurrent.locks.AbstractQueuedSynchronizer$ConditionObject.awaitNanos(AbstractQueuedSynchronizer.java:2078)
        at java.util.concurrent.LinkedBlockingQueue.poll(LinkedBlockingQueue.java:467)
        at org.apache.hadoop.ipc.CallQueueManager.take(CallQueueManager.java:288)
        at org.apache.hadoop.ipc.Server$Handler.run(Server.java:2668)
"pool-46-thread-38"  prio=5 tid=391 in Object.wait()
java.lang.Thread.State: WAITING (on object monitor)
        at sun.misc.Unsafe.park(Native Method)
        at java.util.concurrent.locks.LockSupport.park(LockSupport.java:175)
        at java.util.concurrent.locks.AbstractQueuedSynchronizer$ConditionObject.await(AbstractQueuedSynchronizer.java:2039)
        at java.util.concurrent.ArrayBlockingQueue.take(ArrayBlockingQueue.java:403)
        at java.util.concurrent.ThreadPoolExecutor.getTask(ThreadPoolExecutor.java:1074)
        at java.util.concurrent.ThreadPoolExecutor.runWorker(ThreadPoolExecutor.java:1134)
        at java.util.concurrent.ThreadPoolExecutor$Worker.run(ThreadPoolExecutor.java:624)
        at java.lang.Thread.run(Thread.java:748)
"org.eclipse.jetty.server.session.HashSessionManager@7cac9f22Timer" daemon prio=5 tid=169 timed_waiting
java.lang.Thread.State: TIMED_WAITING
        at sun.misc.Unsafe.park(Native Method)
        at java.util.concurrent.locks.LockSupport.parkNanos(LockSupport.java:215)
        at java.util.concurrent.locks.AbstractQueuedSynchronizer$ConditionObject.awaitNanos(AbstractQueuedSynchronizer.java:2078)
        at java.util.concurrent.ScheduledThreadPoolExecutor$DelayedWorkQueue.take(ScheduledThreadPoolExecutor.java:1093)
        at java.util.concurrent.ScheduledThreadPoolExecutor$DelayedWorkQueue.take(ScheduledThreadPoolExecutor.java:809)
        at java.util.concurrent.ThreadPoolExecutor.getTask(ThreadPoolExecutor.java:1074)
        at java.util.concurrent.ThreadPoolExecutor.runWorker(ThreadPoolExecutor.java:1134)
        at java.util.concurrent.ThreadPoolExecutor$Worker.run(ThreadPoolExecutor.java:624)
        at java.lang.Thread.run(Thread.java:748)
"IPC Server handler 2 on 39615" daemon prio=5 tid=32 timed_waiting
java.lang.Thread.State: TIMED_WAITING
        at sun.misc.Unsafe.park(Native Method)
        at java.util.concurrent.locks.LockSupport.parkNanos(LockSupport.java:215)
        at java.util.concurrent.locks.AbstractQueuedSynchronizer$ConditionObject.awaitNanos(AbstractQueuedSynchronizer.java:2078)
        at java.util.concurrent.LinkedBlockingQueue.poll(LinkedBlockingQueue.java:467)
        at org.apache.hadoop.ipc.CallQueueManager.take(CallQueueManager.java:288)
        at org.apache.hadoop.ipc.Server$Handler.run(Server.java:2668)
"pool-26-thread-57"  prio=5 tid=290 in Object.wait()
java.lang.Thread.State: WAITING (on object monitor)
        at sun.misc.Unsafe.park(Native Method)
        at java.util.concurrent.locks.LockSupport.park(LockSupport.java:175)
        at java.util.concurrent.locks.AbstractQueuedSynchronizer$ConditionObject.await(AbstractQueuedSynchronizer.java:2039)
        at java.util.concurrent.ArrayBlockingQueue.take(ArrayBlockingQueue.java:403)
        at java.util.concurrent.ThreadPoolExecutor.getTask(ThreadPoolExecutor.java:1074)
        at java.util.concurrent.ThreadPoolExecutor.runWorker(ThreadPoolExecutor.java:1134)
        at java.util.concurrent.ThreadPoolExecutor$Worker.run(ThreadPoolExecutor.java:624)
        at java.lang.Thread.run(Thread.java:748)
"qtp1911719100-94" daemon prio=5 tid=94 timed_waiting
java.lang.Thread.State: TIMED_WAITING
        at sun.misc.Unsafe.park(Native Method)
        at java.util.concurrent.locks.LockSupport.parkNanos(LockSupport.java:215)
        at java.util.concurrent.locks.AbstractQueuedSynchronizer$ConditionObject.awaitNanos(AbstractQueuedSynchronizer.java:2078)
        at org.eclipse.jetty.util.BlockingArrayQueue.poll(BlockingArrayQueue.java:392)
        at org.eclipse.jetty.util.thread.QueuedThreadPool.idleJobPoll(QueuedThreadPool.java:563)
        at org.eclipse.jetty.util.thread.QueuedThreadPool.access$800(QueuedThreadPool.java:48)
        at org.eclipse.jetty.util.thread.QueuedThreadPool$2.run(QueuedThreadPool.java:626)
        at java.lang.Thread.run(Thread.java:748)
"pool-46-thread-21"  prio=5 tid=374 in Object.wait()
java.lang.Thread.State: WAITING (on object monitor)
        at sun.misc.Unsafe.park(Native Method)
        at java.util.concurrent.locks.LockSupport.park(LockSupport.java:175)
        at java.util.concurrent.locks.AbstractQueuedSynchronizer$ConditionObject.await(AbstractQueuedSynchronizer.java:2039)
        at java.util.concurrent.ArrayBlockingQueue.take(ArrayBlockingQueue.java:403)
        at java.util.concurrent.ThreadPoolExecutor.getTask(ThreadPoolExecutor.java:1074)
        at java.util.concurrent.ThreadPoolExecutor.runWorker(ThreadPoolExecutor.java:1134)
        at java.util.concurrent.ThreadPoolExecutor$Worker.run(ThreadPoolExecutor.java:624)
        at java.lang.Thread.run(Thread.java:748)
"pool-36-thread-52"  prio=5 tid=345 in Object.wait()
java.lang.Thread.State: WAITING (on object monitor)
        at sun.misc.Unsafe.park(Native Method)
        at java.util.concurrent.locks.LockSupport.park(LockSupport.java:175)
        at java.util.concurrent.locks.AbstractQueuedSynchronizer$ConditionObject.await(AbstractQueuedSynchronizer.java:2039)
        at java.util.concurrent.ArrayBlockingQueue.take(ArrayBlockingQueue.java:403)
        at java.util.concurrent.ThreadPoolExecutor.getTask(ThreadPoolExecutor.java:1074)
        at java.util.concurrent.ThreadPoolExecutor.runWorker(ThreadPoolExecutor.java:1134)
        at java.util.concurrent.ThreadPoolExecutor$Worker.run(ThreadPoolExecutor.java:624)
        at java.lang.Thread.run(Thread.java:748)
"pool-26-thread-18"  prio=5 tid=251 in Object.wait()
java.lang.Thread.State: WAITING (on object monitor)
        at sun.misc.Unsafe.park(Native Method)
        at java.util.concurrent.locks.LockSupport.park(LockSupport.java:175)
        at java.util.concurrent.locks.AbstractQueuedSynchronizer$ConditionObject.await(AbstractQueuedSynchronizer.java:2039)
        at java.util.concurrent.ArrayBlockingQueue.take(ArrayBlockingQueue.java:403)
        at java.util.concurrent.ThreadPoolExecutor.getTask(ThreadPoolExecutor.java:1074)
        at java.util.concurrent.ThreadPoolExecutor.runWorker(ThreadPoolExecutor.java:1134)
        at java.util.concurrent.ThreadPoolExecutor$Worker.run(ThreadPoolExecutor.java:624)
        at java.lang.Thread.run(Thread.java:748)
"IPC Server handler 13 on 39615" daemon prio=5 tid=43 timed_waiting
java.lang.Thread.State: TIMED_WAITING
        at sun.misc.Unsafe.park(Native Method)
        at java.util.concurrent.locks.LockSupport.parkNanos(LockSupport.java:215)
        at java.util.concurrent.locks.AbstractQueuedSynchronizer$ConditionObject.awaitNanos(AbstractQueuedSynchronizer.java:2078)
        at java.util.concurrent.LinkedBlockingQueue.poll(LinkedBlockingQueue.java:467)
        at org.apache.hadoop.ipc.CallQueueManager.take(CallQueueManager.java:288)
        at org.apache.hadoop.ipc.Server$Handler.run(Server.java:2668)
"pool-44-thread-1" daemon prio=5 tid=211 timed_waiting
java.lang.Thread.State: TIMED_WAITING
        at sun.misc.Unsafe.park(Native Method)
        at java.util.concurrent.locks.LockSupport.parkNanos(LockSupport.java:215)
        at java.util.concurrent.locks.AbstractQueuedSynchronizer$ConditionObject.awaitNanos(AbstractQueuedSynchronizer.java:2078)
        at java.util.concurrent.ScheduledThreadPoolExecutor$DelayedWorkQueue.take(ScheduledThreadPoolExecutor.java:1093)
        at java.util.concurrent.ScheduledThreadPoolExecutor$DelayedWorkQueue.take(ScheduledThreadPoolExecutor.java:809)
        at java.util.concurrent.ThreadPoolExecutor.getTask(ThreadPoolExecutor.java:1074)
        at java.util.concurrent.ThreadPoolExecutor.runWorker(ThreadPoolExecutor.java:1134)
        at java.util.concurrent.ThreadPoolExecutor$Worker.run(ThreadPoolExecutor.java:624)
        at java.lang.Thread.run(Thread.java:748)
"pool-26-thread-39"  prio=5 tid=272 in Object.wait()
java.lang.Thread.State: WAITING (on object monitor)
        at sun.misc.Unsafe.park(Native Method)
        at java.util.concurrent.locks.LockSupport.park(LockSupport.java:175)
        at java.util.concurrent.locks.AbstractQueuedSynchronizer$ConditionObject.await(AbstractQueuedSynchronizer.java:2039)
        at java.util.concurrent.ArrayBlockingQueue.take(ArrayBlockingQueue.java:403)
        at java.util.concurrent.ThreadPoolExecutor.getTask(ThreadPoolExecutor.java:1074)
        at java.util.concurrent.ThreadPoolExecutor.runWorker(ThreadPoolExecutor.java:1134)
        at java.util.concurrent.ThreadPoolExecutor$Worker.run(ThreadPoolExecutor.java:624)
        at java.lang.Thread.run(Thread.java:748)
"Signal Dispatcher" daemon prio=9 tid=4 runnable
java.lang.Thread.State: RUNNABLE
"IPC Server handler 16 on 39656" daemon prio=5 tid=86 timed_waiting
java.lang.Thread.State: TIMED_WAITING
        at sun.misc.Unsafe.park(Native Method)
        at java.util.concurrent.locks.LockSupport.parkNanos(LockSupport.java:215)
        at java.util.concurrent.locks.AbstractQueuedSynchronizer$ConditionObject.awaitNanos(AbstractQueuedSynchronizer.java:2078)
        at java.util.concurrent.LinkedBlockingQueue.poll(LinkedBlockingQueue.java:467)
        at org.apache.hadoop.ipc.CallQueueManager.take(CallQueueManager.java:288)
        at org.apache.hadoop.ipc.Server$Handler.run(Server.java:2668)
"pool-26-thread-40"  prio=5 tid=273 in Object.wait()
java.lang.Thread.State: WAITING (on object monitor)
        at sun.misc.Unsafe.park(Native Method)
        at java.util.concurrent.locks.LockSupport.park(LockSupport.java:175)
        at java.util.concurrent.locks.AbstractQueuedSynchronizer$ConditionObject.await(AbstractQueuedSynchronizer.java:2039)
        at java.util.concurrent.ArrayBlockingQueue.take(ArrayBlockingQueue.java:403)
        at java.util.concurrent.ThreadPoolExecutor.getTask(ThreadPoolExecutor.java:1074)
        at java.util.concurrent.ThreadPoolExecutor.runWorker(ThreadPoolExecutor.java:1134)
        at java.util.concurrent.ThreadPoolExecutor$Worker.run(ThreadPoolExecutor.java:624)
        at java.lang.Thread.run(Thread.java:748)
"org.eclipse.jetty.server.session.HashSessionManager@560088ffTimer" daemon prio=5 tid=170 timed_waiting
java.lang.Thread.State: TIMED_WAITING
        at sun.misc.Unsafe.park(Native Method)
        at java.util.concurrent.locks.LockSupport.parkNanos(LockSupport.java:215)
        at java.util.concurrent.locks.AbstractQueuedSynchronizer$ConditionObject.awaitNanos(AbstractQueuedSynchronizer.java:2078)
        at java.util.concurrent.ScheduledThreadPoolExecutor$DelayedWorkQueue.take(ScheduledThreadPoolExecutor.java:1093)
        at java.util.concurrent.ScheduledThreadPoolExecutor$DelayedWorkQueue.take(ScheduledThreadPoolExecutor.java:809)
        at java.util.concurrent.ThreadPoolExecutor.getTask(ThreadPoolExecutor.java:1074)
        at java.util.concurrent.ThreadPoolExecutor.runWorker(ThreadPoolExecutor.java:1134)
        at java.util.concurrent.ThreadPoolExecutor$Worker.run(ThreadPoolExecutor.java:624)
        at java.lang.Thread.run(Thread.java:748)
"java.util.concurrent.ThreadPoolExecutor$Worker@60d22f6f[State = -1, empty queue]" daemon prio=5 tid=648 timed_waiting
java.lang.Thread.State: TIMED_WAITING
        at sun.misc.Unsafe.park(Native Method)
        at java.util.concurrent.locks.LockSupport.parkNanos(LockSupport.java:215)
        at java.util.concurrent.locks.AbstractQueuedSynchronizer$ConditionObject.awaitNanos(AbstractQueuedSynchronizer.java:2078)
        at java.util.concurrent.ScheduledThreadPoolExecutor$DelayedWorkQueue.take(ScheduledThreadPoolExecutor.java:1093)
        at java.util.concurrent.ScheduledThreadPoolExecutor$DelayedWorkQueue.take(ScheduledThreadPoolExecutor.java:809)
        at java.util.concurrent.ThreadPoolExecutor.getTask(ThreadPoolExecutor.java:1074)
        at java.util.concurrent.ThreadPoolExecutor.runWorker(ThreadPoolExecutor.java:1134)
        at java.util.concurrent.ThreadPoolExecutor$Worker.run(ThreadPoolExecutor.java:624)
        at java.lang.Thread.run(Thread.java:748)
"qtp1911719100-95" daemon prio=5 tid=95 timed_waiting
java.lang.Thread.State: TIMED_WAITING
        at sun.misc.Unsafe.park(Native Method)
        at java.util.concurrent.locks.LockSupport.parkNanos(LockSupport.java:215)
        at java.util.concurrent.locks.AbstractQueuedSynchronizer$ConditionObject.awaitNanos(AbstractQueuedSynchronizer.java:2078)
        at org.eclipse.jetty.util.BlockingArrayQueue.poll(BlockingArrayQueue.java:392)
        at org.eclipse.jetty.util.thread.QueuedThreadPool.idleJobPoll(QueuedThreadPool.java:563)
        at org.eclipse.jetty.util.thread.QueuedThreadPool.access$800(QueuedThreadPool.java:48)
        at org.eclipse.jetty.util.thread.QueuedThreadPool$2.run(QueuedThreadPool.java:626)
        at java.lang.Thread.run(Thread.java:748)
"metrics-hadoop-metrics2-reporter-8-thread-1" daemon prio=5 tid=453 timed_waiting
java.lang.Thread.State: TIMED_WAITING
        at sun.misc.Unsafe.park(Native Method)
        at java.util.concurrent.locks.LockSupport.parkNanos(LockSupport.java:215)
        at java.util.concurrent.locks.AbstractQueuedSynchronizer$ConditionObject.awaitNanos(AbstractQueuedSynchronizer.java:2078)
        at java.util.concurrent.ScheduledThreadPoolExecutor$DelayedWorkQueue.take(ScheduledThreadPoolExecutor.java:1093)
        at java.util.concurrent.ScheduledThreadPoolExecutor$DelayedWorkQueue.take(ScheduledThreadPoolExecutor.java:809)
        at java.util.concurrent.ThreadPoolExecutor.getTask(ThreadPoolExecutor.java:1074)
        at java.util.concurrent.ThreadPoolExecutor.runWorker(ThreadPoolExecutor.java:1134)
        at java.util.concurrent.ThreadPoolExecutor$Worker.run(ThreadPoolExecutor.java:624)
        at java.lang.Thread.run(Thread.java:748)
"grpc-default-worker-ELG-3-1" daemon prio=5 tid=430 runnable
java.lang.Thread.State: RUNNABLE
        at sun.nio.ch.EPollArrayWrapper.epollWait(Native Method)
        at sun.nio.ch.EPollArrayWrapper.poll(EPollArrayWrapper.java:269)
        at sun.nio.ch.EPollSelectorImpl.doSelect(EPollSelectorImpl.java:93)
        at sun.nio.ch.SelectorImpl.lockAndDoSelect(SelectorImpl.java:86)
        at sun.nio.ch.SelectorImpl.select(SelectorImpl.java:97)
        at org.apache.ratis.thirdparty.io.netty.channel.nio.SelectedSelectionKeySetSelector.select(SelectedSelectionKeySetSelector.java:62)
        at org.apache.ratis.thirdparty.io.netty.channel.nio.NioEventLoop.select(NioEventLoop.java:753)
        at org.apache.ratis.thirdparty.io.netty.channel.nio.NioEventLoop.run(NioEventLoop.java:408)
        at org.apache.ratis.thirdparty.io.netty.util.concurrent.SingleThreadEventExecutor$5.run(SingleThreadEventExecutor.java:897)
        at org.apache.ratis.thirdparty.io.netty.util.concurrent.FastThreadLocalRunnable.run(FastThreadLocalRunnable.java:30)
        at java.lang.Thread.run(Thread.java:748)
"pool-36-thread-31"  prio=5 tid=324 in Object.wait()
java.lang.Thread.State: WAITING (on object monitor)
        at sun.misc.Unsafe.park(Native Method)
        at java.util.concurrent.locks.LockSupport.park(LockSupport.java:175)
        at java.util.concurrent.locks.AbstractQueuedSynchronizer$ConditionObject.await(AbstractQueuedSynchronizer.java:2039)
        at java.util.concurrent.ArrayBlockingQueue.take(ArrayBlockingQueue.java:403)
        at java.util.concurrent.ThreadPoolExecutor.getTask(ThreadPoolExecutor.java:1074)
        at java.util.concurrent.ThreadPoolExecutor.runWorker(ThreadPoolExecutor.java:1134)
        at java.util.concurrent.ThreadPoolExecutor$Worker.run(ThreadPoolExecutor.java:624)
        at java.lang.Thread.run(Thread.java:748)
"qtp312968017-188-acceptor-0@6c8afbd3-ServerConnector@1f9f3599{HTTP/1.1,[http/1.1]}{0.0.0.0:35501}" daemon prio=3 tid=188 runnable
java.lang.Thread.State: RUNNABLE
        at sun.nio.ch.ServerSocketChannelImpl.accept0(Native Method)
        at sun.nio.ch.ServerSocketChannelImpl.accept(ServerSocketChannelImpl.java:422)
        at sun.nio.ch.ServerSocketChannelImpl.accept(ServerSocketChannelImpl.java:250)
        at org.eclipse.jetty.server.ServerConnector.accept(ServerConnector.java:397)
        at org.eclipse.jetty.server.AbstractConnector$Acceptor.run(AbstractConnector.java:601)
        at org.eclipse.jetty.util.thread.QueuedThreadPool.runJob(QueuedThreadPool.java:671)
        at org.eclipse.jetty.util.thread.QueuedThreadPool$2.run(QueuedThreadPool.java:589)
        at java.lang.Thread.run(Thread.java:748)
"a32408a4-f19d-4bad-97c5-ba33ae94fc9a@group-5A78A96270F8-StateMachineUpdater" daemon prio=5 tid=451 in Object.wait()
java.lang.Thread.State: WAITING (on object monitor)
        at java.lang.Object.wait(Native Method)
        at java.lang.Object.wait(Object.java:502)
        at org.apache.ratis.server.impl.StateMachineUpdater.waitForCommit(StateMachineUpdater.java:194)
        at org.apache.ratis.server.impl.StateMachineUpdater.run(StateMachineUpdater.java:159)
        at java.lang.Thread.run(Thread.java:748)
"pool-46-thread-50"  prio=5 tid=403 in Object.wait()
java.lang.Thread.State: WAITING (on object monitor)
        at sun.misc.Unsafe.park(Native Method)
        at java.util.concurrent.locks.LockSupport.park(LockSupport.java:175)
        at java.util.concurrent.locks.AbstractQueuedSynchronizer$ConditionObject.await(AbstractQueuedSynchronizer.java:2039)
        at java.util.concurrent.ArrayBlockingQueue.take(ArrayBlockingQueue.java:403)
        at java.util.concurrent.ThreadPoolExecutor.getTask(ThreadPoolExecutor.java:1074)
        at java.util.concurrent.ThreadPoolExecutor.runWorker(ThreadPoolExecutor.java:1134)
        at java.util.concurrent.ThreadPoolExecutor$Worker.run(ThreadPoolExecutor.java:624)
        at java.lang.Thread.run(Thread.java:748)
"IPC Client (16473961) connection to /0.0.0.0:39656 from jenkins1000" daemon prio=5 tid=233 timed_waiting
java.lang.Thread.State: TIMED_WAITING
        at java.lang.Object.wait(Native Method)
        at org.apache.hadoop.ipc.Client$Connection.waitForWork(Client.java:1024)
        at org.apache.hadoop.ipc.Client$Connection.run(Client.java:1068)
"IPC Server handler 14 on 37656" daemon prio=5 tid=64 timed_waiting
java.lang.Thread.State: TIMED_WAITING
        at sun.misc.Unsafe.park(Native Method)
        at java.util.concurrent.locks.LockSupport.parkNanos(LockSupport.java:215)
        at java.util.concurrent.locks.AbstractQueuedSynchronizer$ConditionObject.awaitNanos(AbstractQueuedSynchronizer.java:2078)
        at java.util.concurrent.LinkedBlockingQueue.poll(LinkedBlockingQueue.java:467)
        at org.apache.hadoop.ipc.CallQueueManager.take(CallQueueManager.java:288)
        at org.apache.hadoop.ipc.Server$Handler.run(Server.java:2668)
"CommandWatcher-LeaseManager#LeaseMonitor" daemon prio=5 tid=29 timed_waiting
java.lang.Thread.State: TIMED_WAITING
        at java.lang.Thread.sleep(Native Method)
        at org.apache.hadoop.ozone.lease.LeaseManager$LeaseMonitor.run(LeaseManager.java:234)
        at java.lang.Thread.run(Thread.java:748)
"pool-46-thread-36"  prio=5 tid=389 in Object.wait()
java.lang.Thread.State: WAITING (on object monitor)
        at sun.misc.Unsafe.park(Native Method)
        at java.util.concurrent.locks.LockSupport.park(LockSupport.java:175)
        at java.util.concurrent.locks.AbstractQueuedSynchronizer$ConditionObject.await(AbstractQueuedSynchronizer.java:2039)
        at java.util.concurrent.ArrayBlockingQueue.take(ArrayBlockingQueue.java:403)
        at java.util.concurrent.ThreadPoolExecutor.getTask(ThreadPoolExecutor.java:1074)
        at java.util.concurrent.ThreadPoolExecutor.runWorker(ThreadPoolExecutor.java:1134)
        at java.util.concurrent.ThreadPoolExecutor$Worker.run(ThreadPoolExecutor.java:624)
        at java.lang.Thread.run(Thread.java:748)
"org.eclipse.jetty.server.session.HashSessionManager@3d5e6aadTimer" daemon prio=5 tid=168 timed_waiting
java.lang.Thread.State: TIMED_WAITING
        at sun.misc.Unsafe.park(Native Method)
        at java.util.concurrent.locks.LockSupport.parkNanos(LockSupport.java:215)
        at java.util.concurrent.locks.AbstractQueuedSynchronizer$ConditionObject.awaitNanos(AbstractQueuedSynchronizer.java:2078)
        at java.util.concurrent.ScheduledThreadPoolExecutor$DelayedWorkQueue.take(ScheduledThreadPoolExecutor.java:1093)
        at java.util.concurrent.ScheduledThreadPoolExecutor$DelayedWorkQueue.take(ScheduledThreadPoolExecutor.java:809)
        at java.util.concurrent.ThreadPoolExecutor.getTask(ThreadPoolExecutor.java:1074)
        at java.util.concurrent.ThreadPoolExecutor.runWorker(ThreadPoolExecutor.java:1134)
        at java.util.concurrent.ThreadPoolExecutor$Worker.run(ThreadPoolExecutor.java:624)
        at java.lang.Thread.run(Thread.java:748)
"pool-36-thread-32"  prio=5 tid=325 in Object.wait()
java.lang.Thread.State: WAITING (on object monitor)
        at sun.misc.Unsafe.park(Native Method)
        at java.util.concurrent.locks.LockSupport.park(LockSupport.java:175)
        at java.util.concurrent.locks.AbstractQueuedSynchronizer$ConditionObject.await(AbstractQueuedSynchronizer.java:2039)
        at java.util.concurrent.ArrayBlockingQueue.take(ArrayBlockingQueue.java:403)
        at java.util.concurrent.ThreadPoolExecutor.getTask(ThreadPoolExecutor.java:1074)
        at java.util.concurrent.ThreadPoolExecutor.runWorker(ThreadPoolExecutor.java:1134)
        at java.util.concurrent.ThreadPoolExecutor$Worker.run(ThreadPoolExecutor.java:624)
        at java.lang.Thread.run(Thread.java:748)
"metrics-hadoop-metrics2-reporter-24-thread-1" daemon prio=5 tid=512 timed_waiting
java.lang.Thread.State: TIMED_WAITING
        at sun.misc.Unsafe.park(Native Method)
        at java.util.concurrent.locks.LockSupport.parkNanos(LockSupport.java:215)
        at java.util.concurrent.locks.AbstractQueuedSynchronizer$ConditionObject.awaitNanos(AbstractQueuedSynchronizer.java:2078)
        at java.util.concurrent.ScheduledThreadPoolExecutor$DelayedWorkQueue.take(ScheduledThreadPoolExecutor.java:1093)
        at java.util.concurrent.ScheduledThreadPoolExecutor$DelayedWorkQueue.take(ScheduledThreadPoolExecutor.java:809)
        at java.util.concurrent.ThreadPoolExecutor.getTask(ThreadPoolExecutor.java:1074)
        at java.util.concurrent.ThreadPoolExecutor.runWorker(ThreadPoolExecutor.java:1134)
        at java.util.concurrent.ThreadPoolExecutor$Worker.run(ThreadPoolExecutor.java:624)
        at java.lang.Thread.run(Thread.java:748)
"metrics-hadoop-metrics2-reporter-32-thread-1" daemon prio=5 tid=630 timed_waiting
java.lang.Thread.State: TIMED_WAITING
        at sun.misc.Unsafe.park(Native Method)
        at java.util.concurrent.locks.LockSupport.parkNanos(LockSupport.java:215)
        at java.util.concurrent.locks.AbstractQueuedSynchronizer$ConditionObject.awaitNanos(AbstractQueuedSynchronizer.java:2078)
        at java.util.concurrent.ScheduledThreadPoolExecutor$DelayedWorkQueue.take(ScheduledThreadPoolExecutor.java:1093)
        at java.util.concurrent.ScheduledThreadPoolExecutor$DelayedWorkQueue.take(ScheduledThreadPoolExecutor.java:809)
        at java.util.concurrent.ThreadPoolExecutor.getTask(ThreadPoolExecutor.java:1074)
        at java.util.concurrent.ThreadPoolExecutor.runWorker(ThreadPoolExecutor.java:1134)
        at java.util.concurrent.ThreadPoolExecutor$Worker.run(ThreadPoolExecutor.java:624)
        at java.lang.Thread.run(Thread.java:748)
"pool-46-thread-44"  prio=5 tid=397 in Object.wait()
java.lang.Thread.State: WAITING (on object monitor)
        at sun.misc.Unsafe.park(Native Method)
        at java.util.concurrent.locks.LockSupport.park(LockSupport.java:175)
        at java.util.concurrent.locks.AbstractQueuedSynchronizer$ConditionObject.await(AbstractQueuedSynchronizer.java:2039)
        at java.util.concurrent.ArrayBlockingQueue.take(ArrayBlockingQueue.java:403)
        at java.util.concurrent.ThreadPoolExecutor.getTask(ThreadPoolExecutor.java:1074)
        at java.util.concurrent.ThreadPoolExecutor.runWorker(ThreadPoolExecutor.java:1134)
        at java.util.concurrent.ThreadPoolExecutor$Worker.run(ThreadPoolExecutor.java:624)
        at java.lang.Thread.run(Thread.java:748)
"a32408a4-f19d-4bad-97c5-ba33ae94fc9a@group-569FAC3F8BCE-StateMachineUpdater" daemon prio=5 tid=623 in Object.wait()
java.lang.Thread.State: WAITING (on object monitor)
        at java.lang.Object.wait(Native Method)
        at java.lang.Object.wait(Object.java:502)
        at org.apache.ratis.server.impl.StateMachineUpdater.waitForCommit(StateMachineUpdater.java:194)
        at org.apache.ratis.server.impl.StateMachineUpdater.run(StateMachineUpdater.java:159)
        at java.lang.Thread.run(Thread.java:748)
"IPC Server handler 3 on 39615" daemon prio=5 tid=33 timed_waiting
java.lang.Thread.State: TIMED_WAITING
        at sun.misc.Unsafe.park(Native Method)
        at java.util.concurrent.locks.LockSupport.parkNanos(LockSupport.java:215)
        at java.util.concurrent.locks.AbstractQueuedSynchronizer$ConditionObject.awaitNanos(AbstractQueuedSynchronizer.java:2078)
        at java.util.concurrent.LinkedBlockingQueue.poll(LinkedBlockingQueue.java:467)
        at org.apache.hadoop.ipc.CallQueueManager.take(CallQueueManager.java:288)
        at org.apache.hadoop.ipc.Server$Handler.run(Server.java:2668)
"277b5c5e-8c6f-4c9a-a53f-1bbc96404e12@group-0DB353E2D887-StateMachineUpdater" daemon prio=5 tid=438 in Object.wait()
java.lang.Thread.State: WAITING (on object monitor)
        at java.lang.Object.wait(Native Method)
        at java.lang.Object.wait(Object.java:502)
        at org.apache.ratis.server.impl.StateMachineUpdater.waitForCommit(StateMachineUpdater.java:194)
        at org.apache.ratis.server.impl.StateMachineUpdater.run(StateMachineUpdater.java:159)
        at java.lang.Thread.run(Thread.java:748)
"pool-26-thread-26"  prio=5 tid=259 in Object.wait()
java.lang.Thread.State: WAITING (on object monitor)
        at sun.misc.Unsafe.park(Native Method)
        at java.util.concurrent.locks.LockSupport.park(LockSupport.java:175)
        at java.util.concurrent.locks.AbstractQueuedSynchronizer$ConditionObject.await(AbstractQueuedSynchronizer.java:2039)
        at java.util.concurrent.ArrayBlockingQueue.take(ArrayBlockingQueue.java:403)
        at java.util.concurrent.ThreadPoolExecutor.getTask(ThreadPoolExecutor.java:1074)
        at java.util.concurrent.ThreadPoolExecutor.runWorker(ThreadPoolExecutor.java:1134)
        at java.util.concurrent.ThreadPoolExecutor$Worker.run(ThreadPoolExecutor.java:624)
        at java.lang.Thread.run(Thread.java:748)
"IPC Server handler 11 on 39615" daemon prio=5 tid=41 timed_waiting
java.lang.Thread.State: TIMED_WAITING
        at sun.misc.Unsafe.park(Native Method)
        at java.util.concurrent.locks.LockSupport.parkNanos(LockSupport.java:215)
        at java.util.concurrent.locks.AbstractQueuedSynchronizer$ConditionObject.awaitNanos(AbstractQueuedSynchronizer.java:2078)
        at java.util.concurrent.LinkedBlockingQueue.poll(LinkedBlockingQueue.java:467)
        at org.apache.hadoop.ipc.CallQueueManager.take(CallQueueManager.java:288)
        at org.apache.hadoop.ipc.Server$Handler.run(Server.java:2668)
"qtp1761240183-142" daemon prio=5 tid=142 timed_waiting
java.lang.Thread.State: TIMED_WAITING
        at sun.misc.Unsafe.park(Native Method)
        at java.util.concurrent.locks.LockSupport.parkNanos(LockSupport.java:215)
        at java.util.concurrent.locks.AbstractQueuedSynchronizer$ConditionObject.awaitNanos(AbstractQueuedSynchronizer.java:2078)
        at org.eclipse.jetty.util.BlockingArrayQueue.poll(BlockingArrayQueue.java:392)
        at org.eclipse.jetty.util.thread.QueuedThreadPool.idleJobPoll(QueuedThreadPool.java:563)
        at org.eclipse.jetty.util.thread.QueuedThreadPool.access$800(QueuedThreadPool.java:48)
        at org.eclipse.jetty.util.thread.QueuedThreadPool$2.run(QueuedThreadPool.java:626)
        at java.lang.Thread.run(Thread.java:748)
"grpc-default-worker-ELG-3-4" daemon prio=5 tid=434 runnable
java.lang.Thread.State: RUNNABLE
        at sun.nio.ch.EPollArrayWrapper.epollWait(Native Method)
        at sun.nio.ch.EPollArrayWrapper.poll(EPollArrayWrapper.java:269)
        at sun.nio.ch.EPollSelectorImpl.doSelect(EPollSelectorImpl.java:93)
        at sun.nio.ch.SelectorImpl.lockAndDoSelect(SelectorImpl.java:86)
        at sun.nio.ch.SelectorImpl.select(SelectorImpl.java:97)
        at org.apache.ratis.thirdparty.io.netty.channel.nio.SelectedSelectionKeySetSelector.select(SelectedSelectionKeySetSelector.java:62)
        at org.apache.ratis.thirdparty.io.netty.channel.nio.NioEventLoop.select(NioEventLoop.java:753)
        at org.apache.ratis.thirdparty.io.netty.channel.nio.NioEventLoop.run(NioEventLoop.java:408)
        at org.apache.ratis.thirdparty.io.netty.util.concurrent.SingleThreadEventExecutor$5.run(SingleThreadEventExecutor.java:897)
        at org.apache.ratis.thirdparty.io.netty.util.concurrent.FastThreadLocalRunnable.run(FastThreadLocalRunnable.java:30)
        at java.lang.Thread.run(Thread.java:748)
"pool-46-thread-47"  prio=5 tid=400 in Object.wait()
java.lang.Thread.State: WAITING (on object monitor)
        at sun.misc.Unsafe.park(Native Method)
        at java.util.concurrent.locks.LockSupport.park(LockSupport.java:175)
        at java.util.concurrent.locks.AbstractQueuedSynchronizer$ConditionObject.await(AbstractQueuedSynchronizer.java:2039)
        at java.util.concurrent.ArrayBlockingQueue.take(ArrayBlockingQueue.java:403)
        at java.util.concurrent.ThreadPoolExecutor.getTask(ThreadPoolExecutor.java:1074)
        at java.util.concurrent.ThreadPoolExecutor.runWorker(ThreadPoolExecutor.java:1134)
        at java.util.concurrent.ThreadPoolExecutor$Worker.run(ThreadPoolExecutor.java:624)
        at java.lang.Thread.run(Thread.java:748)
"qtp190696393-167" daemon prio=5 tid=167 timed_waiting
java.lang.Thread.State: TIMED_WAITING
        at sun.misc.Unsafe.park(Native Method)
        at java.util.concurrent.locks.LockSupport.parkNanos(LockSupport.java:215)
        at java.util.concurrent.locks.AbstractQueuedSynchronizer$ConditionObject.awaitNanos(AbstractQueuedSynchronizer.java:2078)
        at org.eclipse.jetty.util.BlockingArrayQueue.poll(BlockingArrayQueue.java:392)
        at org.eclipse.jetty.util.thread.QueuedThreadPool.idleJobPoll(QueuedThreadPool.java:563)
        at org.eclipse.jetty.util.thread.QueuedThreadPool.access$800(QueuedThreadPool.java:48)
        at org.eclipse.jetty.util.thread.QueuedThreadPool$2.run(QueuedThreadPool.java:626)
        at java.lang.Thread.run(Thread.java:748)
"IPC Server handler 3 on 32962" daemon prio=5 tid=118 timed_waiting
java.lang.Thread.State: TIMED_WAITING
        at sun.misc.Unsafe.park(Native Method)
        at java.util.concurrent.locks.LockSupport.parkNanos(LockSupport.java:215)
        at java.util.concurrent.locks.AbstractQueuedSynchronizer$ConditionObject.awaitNanos(AbstractQueuedSynchronizer.java:2078)
        at java.util.concurrent.LinkedBlockingQueue.poll(LinkedBlockingQueue.java:467)
        at org.apache.hadoop.ipc.CallQueueManager.take(CallQueueManager.java:288)
        at org.apache.hadoop.ipc.Server$Handler.run(Server.java:2668)
"IPC Server handler 0 on 39615" daemon prio=5 tid=30 timed_waiting
java.lang.Thread.State: TIMED_WAITING
        at sun.misc.Unsafe.park(Native Method)
        at java.util.concurrent.locks.LockSupport.parkNanos(LockSupport.java:215)
        at java.util.concurrent.locks.AbstractQueuedSynchronizer$ConditionObject.awaitNanos(AbstractQueuedSynchronizer.java:2078)
        at java.util.concurrent.LinkedBlockingQueue.poll(LinkedBlockingQueue.java:467)
        at org.apache.hadoop.ipc.CallQueueManager.take(CallQueueManager.java:288)
        at org.apache.hadoop.ipc.Server$Handler.run(Server.java:2668)
"grpc-default-worker-ELG-3-2" daemon prio=5 tid=432 runnable
java.lang.Thread.State: RUNNABLE
        at sun.nio.ch.EPollArrayWrapper.epollWait(Native Method)
        at sun.nio.ch.EPollArrayWrapper.poll(EPollArrayWrapper.java:269)
        at sun.nio.ch.EPollSelectorImpl.doSelect(EPollSelectorImpl.java:93)
        at sun.nio.ch.SelectorImpl.lockAndDoSelect(SelectorImpl.java:86)
        at sun.nio.ch.SelectorImpl.select(SelectorImpl.java:97)
        at org.apache.ratis.thirdparty.io.netty.channel.nio.SelectedSelectionKeySetSelector.select(SelectedSelectionKeySetSelector.java:62)
        at org.apache.ratis.thirdparty.io.netty.channel.nio.NioEventLoop.select(NioEventLoop.java:753)
        at org.apache.ratis.thirdparty.io.netty.channel.nio.NioEventLoop.run(NioEventLoop.java:408)
        at org.apache.ratis.thirdparty.io.netty.util.concurrent.SingleThreadEventExecutor$5.run(SingleThreadEventExecutor.java:897)
        at org.apache.ratis.thirdparty.io.netty.util.concurrent.FastThreadLocalRunnable.run(FastThreadLocalRunnable.java:30)
        at java.lang.Thread.run(Thread.java:748)
"pool-46-thread-53"  prio=5 tid=406 in Object.wait()
java.lang.Thread.State: WAITING (on object monitor)
        at sun.misc.Unsafe.park(Native Method)
        at java.util.concurrent.locks.LockSupport.park(LockSupport.java:175)
        at java.util.concurrent.locks.AbstractQueuedSynchronizer$ConditionObject.await(AbstractQueuedSynchronizer.java:2039)
        at java.util.concurrent.ArrayBlockingQueue.take(ArrayBlockingQueue.java:403)
        at java.util.concurrent.ThreadPoolExecutor.getTask(ThreadPoolExecutor.java:1074)
        at java.util.concurrent.ThreadPoolExecutor.runWorker(ThreadPoolExecutor.java:1134)
        at java.util.concurrent.ThreadPoolExecutor$Worker.run(ThreadPoolExecutor.java:624)
        at java.lang.Thread.run(Thread.java:748)
"Datanode ReportManager Thread - 3" daemon prio=5 tid=202 in Object.wait()
java.lang.Thread.State: WAITING (on object monitor)
        at sun.misc.Unsafe.park(Native Method)
        at java.util.concurrent.locks.LockSupport.park(LockSupport.java:175)
        at java.util.concurrent.locks.AbstractQueuedSynchronizer$ConditionObject.await(AbstractQueuedSynchronizer.java:2039)
        at java.util.concurrent.ScheduledThreadPoolExecutor$DelayedWorkQueue.take(ScheduledThreadPoolExecutor.java:1088)
        at java.util.concurrent.ScheduledThreadPoolExecutor$DelayedWorkQueue.take(ScheduledThreadPoolExecutor.java:809)
        at java.util.concurrent.ThreadPoolExecutor.getTask(ThreadPoolExecutor.java:1074)
        at java.util.concurrent.ThreadPoolExecutor.runWorker(ThreadPoolExecutor.java:1134)
        at java.util.concurrent.ThreadPoolExecutor$Worker.run(ThreadPoolExecutor.java:624)
        at java.lang.Thread.run(Thread.java:748)
"Datanode State Machine Thread - 0" daemon prio=5 tid=198 timed_waiting
java.lang.Thread.State: TIMED_WAITING
        at java.lang.Thread.sleep(Native Method)
        at org.apache.hadoop.ozone.container.common.statemachine.DatanodeStateMachine.start(DatanodeStateMachine.java:191)
        at org.apache.hadoop.ozone.container.common.statemachine.DatanodeStateMachine.lambda$startDaemon$0(DatanodeStateMachine.java:349)
        at org.apache.hadoop.ozone.container.common.statemachine.DatanodeStateMachine$$Lambda$140/53279234.run(Unknown Source)
        at java.lang.Thread.run(Thread.java:748)
"grpc-default-executor-1" daemon prio=5 tid=471 timed_waiting
java.lang.Thread.State: TIMED_WAITING
        at sun.misc.Unsafe.park(Native Method)
        at java.util.concurrent.locks.LockSupport.parkNanos(LockSupport.java:215)
        at java.util.concurrent.SynchronousQueue$TransferStack.awaitFulfill(SynchronousQueue.java:460)
        at java.util.concurrent.SynchronousQueue$TransferStack.transfer(SynchronousQueue.java:362)
        at java.util.concurrent.SynchronousQueue.poll(SynchronousQueue.java:941)
        at java.util.concurrent.ThreadPoolExecutor.getTask(ThreadPoolExecutor.java:1073)
        at java.util.concurrent.ThreadPoolExecutor.runWorker(ThreadPoolExecutor.java:1134)
        at java.util.concurrent.ThreadPoolExecutor$Worker.run(ThreadPoolExecutor.java:624)
        at java.lang.Thread.run(Thread.java:748)
"pool-46-thread-5"  prio=5 tid=358 in Object.wait()
java.lang.Thread.State: WAITING (on object monitor)
        at sun.misc.Unsafe.park(Native Method)
        at java.util.concurrent.locks.LockSupport.park(LockSupport.java:175)
        at java.util.concurrent.locks.AbstractQueuedSynchronizer$ConditionObject.await(AbstractQueuedSynchronizer.java:2039)
        at java.util.concurrent.ArrayBlockingQueue.take(ArrayBlockingQueue.java:403)
        at java.util.concurrent.ThreadPoolExecutor.getTask(ThreadPoolExecutor.java:1074)
        at java.util.concurrent.ThreadPoolExecutor.runWorker(ThreadPoolExecutor.java:1134)
        at java.util.concurrent.ThreadPoolExecutor$Worker.run(ThreadPoolExecutor.java:624)
        at java.lang.Thread.run(Thread.java:748)
"pool-46-thread-20"  prio=5 tid=373 in Object.wait()
java.lang.Thread.State: WAITING (on object monitor)
        at sun.misc.Unsafe.park(Native Method)
        at java.util.concurrent.locks.LockSupport.park(LockSupport.java:175)
        at java.util.concurrent.locks.AbstractQueuedSynchronizer$ConditionObject.await(AbstractQueuedSynchronizer.java:2039)
        at java.util.concurrent.ArrayBlockingQueue.take(ArrayBlockingQueue.java:403)
        at java.util.concurrent.ThreadPoolExecutor.getTask(ThreadPoolExecutor.java:1074)
        at java.util.concurrent.ThreadPoolExecutor.runWorker(ThreadPoolExecutor.java:1134)
        at java.util.concurrent.ThreadPoolExecutor$Worker.run(ThreadPoolExecutor.java:624)
        at java.lang.Thread.run(Thread.java:748)
"IPC Server handler 4 on 39656" daemon prio=5 tid=74 timed_waiting
java.lang.Thread.State: TIMED_WAITING
        at sun.misc.Unsafe.park(Native Method)
        at java.util.concurrent.locks.LockSupport.parkNanos(LockSupport.java:215)
        at java.util.concurrent.locks.AbstractQueuedSynchronizer$ConditionObject.awaitNanos(AbstractQueuedSynchronizer.java:2078)
        at java.util.concurrent.LinkedBlockingQueue.poll(LinkedBlockingQueue.java:467)
        at org.apache.hadoop.ipc.CallQueueManager.take(CallQueueManager.java:288)
        at org.apache.hadoop.ipc.Server$Handler.run(Server.java:2668)
"pool-36-thread-45"  prio=5 tid=338 in Object.wait()
java.lang.Thread.State: WAITING (on object monitor)
        at sun.misc.Unsafe.park(Native Method)
        at java.util.concurrent.locks.LockSupport.park(LockSupport.java:175)
        at java.util.concurrent.locks.AbstractQueuedSynchronizer$ConditionObject.await(AbstractQueuedSynchronizer.java:2039)
        at java.util.concurrent.ArrayBlockingQueue.take(ArrayBlockingQueue.java:403)
        at java.util.concurrent.ThreadPoolExecutor.getTask(ThreadPoolExecutor.java:1074)
        at java.util.concurrent.ThreadPoolExecutor.runWorker(ThreadPoolExecutor.java:1134)
        at java.util.concurrent.ThreadPoolExecutor$Worker.run(ThreadPoolExecutor.java:624)
        at java.lang.Thread.run(Thread.java:748)
"IPC Server handler 18 on 32962" daemon prio=5 tid=134 timed_waiting
java.lang.Thread.State: TIMED_WAITING
        at sun.misc.Unsafe.park(Native Method)
        at java.util.concurrent.locks.LockSupport.parkNanos(LockSupport.java:215)
        at java.util.concurrent.locks.AbstractQueuedSynchronizer$ConditionObject.awaitNanos(AbstractQueuedSynchronizer.java:2078)
        at java.util.concurrent.LinkedBlockingQueue.poll(LinkedBlockingQueue.java:467)
        at org.apache.hadoop.ipc.CallQueueManager.take(CallQueueManager.java:288)
        at org.apache.hadoop.ipc.Server$Handler.run(Server.java:2668)
"pool-26-thread-50"  prio=5 tid=283 in Object.wait()
java.lang.Thread.State: WAITING (on object monitor)
        at sun.misc.Unsafe.park(Native Method)
        at java.util.concurrent.locks.LockSupport.park(LockSupport.java:175)
        at java.util.concurrent.locks.AbstractQueuedSynchronizer$ConditionObject.await(AbstractQueuedSynchronizer.java:2039)
        at java.util.concurrent.ArrayBlockingQueue.take(ArrayBlockingQueue.java:403)
        at java.util.concurrent.ThreadPoolExecutor.getTask(ThreadPoolExecutor.java:1074)
        at java.util.concurrent.ThreadPoolExecutor.runWorker(ThreadPoolExecutor.java:1134)
        at java.util.concurrent.ThreadPoolExecutor$Worker.run(ThreadPoolExecutor.java:624)
        at java.lang.Thread.run(Thread.java:748)
"pool-36-thread-60"  prio=5 tid=353 in Object.wait()
java.lang.Thread.State: WAITING (on object monitor)
        at sun.misc.Unsafe.park(Native Method)
        at java.util.concurrent.locks.LockSupport.park(LockSupport.java:175)
        at java.util.concurrent.locks.AbstractQueuedSynchronizer$ConditionObject.await(AbstractQueuedSynchronizer.java:2039)
        at java.util.concurrent.ArrayBlockingQueue.take(ArrayBlockingQueue.java:403)
        at java.util.concurrent.ThreadPoolExecutor.getTask(ThreadPoolExecutor.java:1074)
        at java.util.concurrent.ThreadPoolExecutor.runWorker(ThreadPoolExecutor.java:1134)
        at java.util.concurrent.ThreadPoolExecutor$Worker.run(ThreadPoolExecutor.java:624)
        at java.lang.Thread.run(Thread.java:748)
"RatisPipelineUtilsThread"  prio=5 tid=422 timed_waiting
java.lang.Thread.State: TIMED_WAITING
        at sun.misc.Unsafe.park(Native Method)
        at java.util.concurrent.locks.LockSupport.parkNanos(LockSupport.java:215)
        at java.util.concurrent.locks.AbstractQueuedSynchronizer$ConditionObject.awaitNanos(AbstractQueuedSynchronizer.java:2078)
        at java.util.concurrent.ScheduledThreadPoolExecutor$DelayedWorkQueue.take(ScheduledThreadPoolExecutor.java:1093)
        at java.util.concurrent.ScheduledThreadPoolExecutor$DelayedWorkQueue.take(ScheduledThreadPoolExecutor.java:809)
        at java.util.concurrent.ThreadPoolExecutor.getTask(ThreadPoolExecutor.java:1074)
        at java.util.concurrent.ThreadPoolExecutor.runWorker(ThreadPoolExecutor.java:1134)
        at java.util.concurrent.ThreadPoolExecutor$Worker.run(ThreadPoolExecutor.java:624)
        at java.lang.Thread.run(Thread.java:748)
"metrics-hadoop-metrics2-reporter-16-thread-1" daemon prio=5 tid=480 timed_waiting
java.lang.Thread.State: TIMED_WAITING
        at sun.misc.Unsafe.park(Native Method)
        at java.util.concurrent.locks.LockSupport.parkNanos(LockSupport.java:215)
        at java.util.concurrent.locks.AbstractQueuedSynchronizer$ConditionObject.awaitNanos(AbstractQueuedSynchronizer.java:2078)
        at java.util.concurrent.ScheduledThreadPoolExecutor$DelayedWorkQueue.take(ScheduledThreadPoolExecutor.java:1093)
        at java.util.concurrent.ScheduledThreadPoolExecutor$DelayedWorkQueue.take(ScheduledThreadPoolExecutor.java:809)
        at java.util.concurrent.ThreadPoolExecutor.getTask(ThreadPoolExecutor.java:1074)
        at java.util.concurrent.ThreadPoolExecutor.runWorker(ThreadPoolExecutor.java:1134)
        at java.util.concurrent.ThreadPoolExecutor$Worker.run(ThreadPoolExecutor.java:624)
        at java.lang.Thread.run(Thread.java:748)
"pool-36-thread-39"  prio=5 tid=332 in Object.wait()
java.lang.Thread.State: WAITING (on object monitor)
        at sun.misc.Unsafe.park(Native Method)
        at java.util.concurrent.locks.LockSupport.park(LockSupport.java:175)
        at java.util.concurrent.locks.AbstractQueuedSynchronizer$ConditionObject.await(AbstractQueuedSynchronizer.java:2039)
        at java.util.concurrent.ArrayBlockingQueue.take(ArrayBlockingQueue.java:403)
        at java.util.concurrent.ThreadPoolExecutor.getTask(ThreadPoolExecutor.java:1074)
        at java.util.concurrent.ThreadPoolExecutor.runWorker(ThreadPoolExecutor.java:1134)
        at java.util.concurrent.ThreadPoolExecutor$Worker.run(ThreadPoolExecutor.java:624)
        at java.lang.Thread.run(Thread.java:748)
"IPC Server handler 10 on 39615" daemon prio=5 tid=40 timed_waiting
java.lang.Thread.State: TIMED_WAITING
        at sun.misc.Unsafe.park(Native Method)
        at java.util.concurrent.locks.LockSupport.parkNanos(LockSupport.java:215)
        at java.util.concurrent.locks.AbstractQueuedSynchronizer$ConditionObject.awaitNanos(AbstractQueuedSynchronizer.java:2078)
        at java.util.concurrent.LinkedBlockingQueue.poll(LinkedBlockingQueue.java:467)
        at org.apache.hadoop.ipc.CallQueueManager.take(CallQueueManager.java:288)
        at org.apache.hadoop.ipc.Server$Handler.run(Server.java:2668)
"qtp1124883352-220" daemon prio=5 tid=220 timed_waiting
java.lang.Thread.State: TIMED_WAITING
        at sun.misc.Unsafe.park(Native Method)
        at java.util.concurrent.locks.LockSupport.parkNanos(LockSupport.java:215)
        at java.util.concurrent.locks.AbstractQueuedSynchronizer$ConditionObject.awaitNanos(AbstractQueuedSynchronizer.java:2078)
        at org.eclipse.jetty.util.BlockingArrayQueue.poll(BlockingArrayQueue.java:392)
        at org.eclipse.jetty.util.thread.QueuedThreadPool.idleJobPoll(QueuedThreadPool.java:563)
        at org.eclipse.jetty.util.thread.QueuedThreadPool.access$800(QueuedThreadPool.java:48)
        at org.eclipse.jetty.util.thread.QueuedThreadPool$2.run(QueuedThreadPool.java:626)
        at java.lang.Thread.run(Thread.java:748)
"Datanode ReportManager Thread - 3" daemon prio=5 tid=229 in Object.wait()
java.lang.Thread.State: WAITING (on object monitor)
        at sun.misc.Unsafe.park(Native Method)
        at java.util.concurrent.locks.LockSupport.park(LockSupport.java:175)
        at java.util.concurrent.locks.AbstractQueuedSynchronizer$ConditionObject.await(AbstractQueuedSynchronizer.java:2039)
        at java.util.concurrent.ScheduledThreadPoolExecutor$DelayedWorkQueue.take(ScheduledThreadPoolExecutor.java:1088)
        at java.util.concurrent.ScheduledThreadPoolExecutor$DelayedWorkQueue.take(ScheduledThreadPoolExecutor.java:809)
        at java.util.concurrent.ThreadPoolExecutor.getTask(ThreadPoolExecutor.java:1074)
        at java.util.concurrent.ThreadPoolExecutor.runWorker(ThreadPoolExecutor.java:1134)
        at java.util.concurrent.ThreadPoolExecutor$Worker.run(ThreadPoolExecutor.java:624)
        at java.lang.Thread.run(Thread.java:748)
"metrics-hadoop-metrics2-reporter-35-thread-1" daemon prio=5 tid=643 timed_waiting
java.lang.Thread.State: TIMED_WAITING
        at sun.misc.Unsafe.park(Native Method)
        at java.util.concurrent.locks.LockSupport.parkNanos(LockSupport.java:215)
        at java.util.concurrent.locks.AbstractQueuedSynchronizer$ConditionObject.awaitNanos(AbstractQueuedSynchronizer.java:2078)
        at java.util.concurrent.ScheduledThreadPoolExecutor$DelayedWorkQueue.take(ScheduledThreadPoolExecutor.java:1093)
        at java.util.concurrent.ScheduledThreadPoolExecutor$DelayedWorkQueue.take(ScheduledThreadPoolExecutor.java:809)
        at java.util.concurrent.ThreadPoolExecutor.getTask(ThreadPoolExecutor.java:1074)
        at java.util.concurrent.ThreadPoolExecutor.runWorker(ThreadPoolExecutor.java:1134)
        at java.util.concurrent.ThreadPoolExecutor$Worker.run(ThreadPoolExecutor.java:624)
        at java.lang.Thread.run(Thread.java:748)
"pool-26-thread-22"  prio=5 tid=255 in Object.wait()
java.lang.Thread.State: WAITING (on object monitor)
        at sun.misc.Unsafe.park(Native Method)
        at java.util.concurrent.locks.LockSupport.park(LockSupport.java:175)
        at java.util.concurrent.locks.AbstractQueuedSynchronizer$ConditionObject.await(AbstractQueuedSynchronizer.java:2039)
        at java.util.concurrent.ArrayBlockingQueue.take(ArrayBlockingQueue.java:403)
        at java.util.concurrent.ThreadPoolExecutor.getTask(ThreadPoolExecutor.java:1074)
        at java.util.concurrent.ThreadPoolExecutor.runWorker(ThreadPoolExecutor.java:1134)
        at java.util.concurrent.ThreadPoolExecutor$Worker.run(ThreadPoolExecutor.java:624)
        at java.lang.Thread.run(Thread.java:748)
"pool-26-thread-3"  prio=5 tid=236 in Object.wait()
java.lang.Thread.State: WAITING (on object monitor)
        at sun.misc.Unsafe.park(Native Method)
        at java.util.concurrent.locks.LockSupport.park(LockSupport.java:175)
        at java.util.concurrent.locks.AbstractQueuedSynchronizer$ConditionObject.await(AbstractQueuedSynchronizer.java:2039)
        at java.util.concurrent.ArrayBlockingQueue.take(ArrayBlockingQueue.java:403)
        at java.util.concurrent.ThreadPoolExecutor.getTask(ThreadPoolExecutor.java:1074)
        at java.util.concurrent.ThreadPoolExecutor.runWorker(ThreadPoolExecutor.java:1134)
        at java.util.concurrent.ThreadPoolExecutor$Worker.run(ThreadPoolExecutor.java:624)
        at java.lang.Thread.run(Thread.java:748)
"pool-36-thread-54"  prio=5 tid=347 in Object.wait()
java.lang.Thread.State: WAITING (on object monitor)
        at sun.misc.Unsafe.park(Native Method)
        at java.util.concurrent.locks.LockSupport.park(LockSupport.java:175)
        at java.util.concurrent.locks.AbstractQueuedSynchronizer$ConditionObject.await(AbstractQueuedSynchronizer.java:2039)
        at java.util.concurrent.ArrayBlockingQueue.take(ArrayBlockingQueue.java:403)
        at java.util.concurrent.ThreadPoolExecutor.getTask(ThreadPoolExecutor.java:1074)
        at java.util.concurrent.ThreadPoolExecutor.runWorker(ThreadPoolExecutor.java:1134)
        at java.util.concurrent.ThreadPoolExecutor$Worker.run(ThreadPoolExecutor.java:624)
        at java.lang.Thread.run(Thread.java:748)
"pool-26-thread-45"  prio=5 tid=278 in Object.wait()
java.lang.Thread.State: WAITING (on object monitor)
        at sun.misc.Unsafe.park(Native Method)
        at java.util.concurrent.locks.LockSupport.park(LockSupport.java:175)
        at java.util.concurrent.locks.AbstractQueuedSynchronizer$ConditionObject.await(AbstractQueuedSynchronizer.java:2039)
        at java.util.concurrent.ArrayBlockingQueue.take(ArrayBlockingQueue.java:403)
        at java.util.concurrent.ThreadPoolExecutor.getTask(ThreadPoolExecutor.java:1074)
        at java.util.concurrent.ThreadPoolExecutor.runWorker(ThreadPoolExecutor.java:1134)
        at java.util.concurrent.ThreadPoolExecutor$Worker.run(ThreadPoolExecutor.java:624)
        at java.lang.Thread.run(Thread.java:748)
"org.eclipse.jetty.server.session.HashSessionManager@67695b21Timer" daemon prio=5 tid=195 timed_waiting
java.lang.Thread.State: TIMED_WAITING
        at sun.misc.Unsafe.park(Native Method)
        at java.util.concurrent.locks.LockSupport.parkNanos(LockSupport.java:215)
        at java.util.concurrent.locks.AbstractQueuedSynchronizer$ConditionObject.awaitNanos(AbstractQueuedSynchronizer.java:2078)
        at java.util.concurrent.ScheduledThreadPoolExecutor$DelayedWorkQueue.take(ScheduledThreadPoolExecutor.java:1093)
        at java.util.concurrent.ScheduledThreadPoolExecutor$DelayedWorkQueue.take(ScheduledThreadPoolExecutor.java:809)
        at java.util.concurrent.ThreadPoolExecutor.getTask(ThreadPoolExecutor.java:1074)
        at java.util.concurrent.ThreadPoolExecutor.runWorker(ThreadPoolExecutor.java:1134)
        at java.util.concurrent.ThreadPoolExecutor$Worker.run(ThreadPoolExecutor.java:624)
        at java.lang.Thread.run(Thread.java:748)
"IPC Server handler 7 on 32962" daemon prio=5 tid=122 timed_waiting
java.lang.Thread.State: TIMED_WAITING
        at sun.misc.Unsafe.park(Native Method)
        at java.util.concurrent.locks.LockSupport.parkNanos(LockSupport.java:215)
        at java.util.concurrent.locks.AbstractQueuedSynchronizer$ConditionObject.awaitNanos(AbstractQueuedSynchronizer.java:2078)
        at java.util.concurrent.LinkedBlockingQueue.poll(LinkedBlockingQueue.java:467)
        at org.apache.hadoop.ipc.CallQueueManager.take(CallQueueManager.java:288)
        at org.apache.hadoop.ipc.Server$Handler.run(Server.java:2668)
"IPC Server handler 8 on 39656" daemon prio=5 tid=78 timed_waiting
java.lang.Thread.State: TIMED_WAITING
        at sun.misc.Unsafe.park(Native Method)
        at java.util.concurrent.locks.LockSupport.parkNanos(LockSupport.java:215)
        at java.util.concurrent.locks.AbstractQueuedSynchronizer$ConditionObject.awaitNanos(AbstractQueuedSynchronizer.java:2078)
        at java.util.concurrent.LinkedBlockingQueue.poll(LinkedBlockingQueue.java:467)
        at org.apache.hadoop.ipc.CallQueueManager.take(CallQueueManager.java:288)
        at org.apache.hadoop.ipc.Server$Handler.run(Server.java:2668)
"IPC Server handler 11 on 39656" daemon prio=5 tid=81 timed_waiting
java.lang.Thread.State: TIMED_WAITING
        at sun.misc.Unsafe.park(Native Method)
        at java.util.concurrent.locks.LockSupport.parkNanos(LockSupport.java:215)
        at java.util.concurrent.locks.AbstractQueuedSynchronizer$ConditionObject.awaitNanos(AbstractQueuedSynchronizer.java:2078)
        at java.util.concurrent.LinkedBlockingQueue.poll(LinkedBlockingQueue.java:467)
        at org.apache.hadoop.ipc.CallQueueManager.take(CallQueueManager.java:288)
        at org.apache.hadoop.ipc.Server$Handler.run(Server.java:2668)
"pool-36-thread-26"  prio=5 tid=319 in Object.wait()
java.lang.Thread.State: WAITING (on object monitor)
        at sun.misc.Unsafe.park(Native Method)
        at java.util.concurrent.locks.LockSupport.park(LockSupport.java:175)
        at java.util.concurrent.locks.AbstractQueuedSynchronizer$ConditionObject.await(AbstractQueuedSynchronizer.java:2039)
        at java.util.concurrent.ArrayBlockingQueue.take(ArrayBlockingQueue.java:403)
        at java.util.concurrent.ThreadPoolExecutor.getTask(ThreadPoolExecutor.java:1074)
        at java.util.concurrent.ThreadPoolExecutor.runWorker(ThreadPoolExecutor.java:1134)
        at java.util.concurrent.ThreadPoolExecutor$Worker.run(ThreadPoolExecutor.java:624)
        at java.lang.Thread.run(Thread.java:748)
"IPC Server handler 1 on 39615" daemon prio=5 tid=31 timed_waiting
java.lang.Thread.State: TIMED_WAITING
        at sun.misc.Unsafe.park(Native Method)
        at java.util.concurrent.locks.LockSupport.parkNanos(LockSupport.java:215)
        at java.util.concurrent.locks.AbstractQueuedSynchronizer$ConditionObject.awaitNanos(AbstractQueuedSynchronizer.java:2078)
        at java.util.concurrent.LinkedBlockingQueue.poll(LinkedBlockingQueue.java:467)
        at org.apache.hadoop.ipc.CallQueueManager.take(CallQueueManager.java:288)
        at org.apache.hadoop.ipc.Server$Handler.run(Server.java:2668)
"IPC Parameter Sending Thread #0" daemon prio=5 tid=106 timed_waiting
java.lang.Thread.State: TIMED_WAITING
        at sun.misc.Unsafe.park(Native Method)
        at java.util.concurrent.locks.LockSupport.parkNanos(LockSupport.java:215)
        at java.util.concurrent.SynchronousQueue$TransferStack.awaitFulfill(SynchronousQueue.java:460)
        at java.util.concurrent.SynchronousQueue$TransferStack.transfer(SynchronousQueue.java:362)
        at java.util.concurrent.SynchronousQueue.poll(SynchronousQueue.java:941)
        at java.util.concurrent.ThreadPoolExecutor.getTask(ThreadPoolExecutor.java:1073)
        at java.util.concurrent.ThreadPoolExecutor.runWorker(ThreadPoolExecutor.java:1134)
        at java.util.concurrent.ThreadPoolExecutor$Worker.run(ThreadPoolExecutor.java:624)
        at java.lang.Thread.run(Thread.java:748)
"qtp1761240183-140" daemon prio=5 tid=140 timed_waiting
java.lang.Thread.State: TIMED_WAITING
        at sun.misc.Unsafe.park(Native Method)
        at java.util.concurrent.locks.LockSupport.parkNanos(LockSupport.java:215)
        at java.util.concurrent.locks.AbstractQueuedSynchronizer$ConditionObject.awaitNanos(AbstractQueuedSynchronizer.java:2078)
        at org.eclipse.jetty.util.BlockingArrayQueue.poll(BlockingArrayQueue.java:392)
        at org.eclipse.jetty.util.thread.QueuedThreadPool.idleJobPoll(QueuedThreadPool.java:563)
        at org.eclipse.jetty.util.thread.QueuedThreadPool.access$800(QueuedThreadPool.java:48)
        at org.eclipse.jetty.util.thread.QueuedThreadPool$2.run(QueuedThreadPool.java:626)
        at java.lang.Thread.run(Thread.java:748)
"pool-46-thread-55"  prio=5 tid=408 in Object.wait()
java.lang.Thread.State: WAITING (on object monitor)
        at sun.misc.Unsafe.park(Native Method)
        at java.util.concurrent.locks.LockSupport.park(LockSupport.java:175)
        at java.util.concurrent.locks.AbstractQueuedSynchronizer$ConditionObject.await(AbstractQueuedSynchronizer.java:2039)
        at java.util.concurrent.ArrayBlockingQueue.take(ArrayBlockingQueue.java:403)
        at java.util.concurrent.ThreadPoolExecutor.getTask(ThreadPoolExecutor.java:1074)
        at java.util.concurrent.ThreadPoolExecutor.runWorker(ThreadPoolExecutor.java:1134)
        at java.util.concurrent.ThreadPoolExecutor$Worker.run(ThreadPoolExecutor.java:624)
        at java.lang.Thread.run(Thread.java:748)
"qtp312968017-187" daemon prio=5 tid=187 runnable
java.lang.Thread.State: RUNNABLE
        at sun.nio.ch.EPollArrayWrapper.epollWait(Native Method)
        at sun.nio.ch.EPollArrayWrapper.poll(EPollArrayWrapper.java:269)
        at sun.nio.ch.EPollSelectorImpl.doSelect(EPollSelectorImpl.java:93)
        at sun.nio.ch.SelectorImpl.lockAndDoSelect(SelectorImpl.java:86)
        at sun.nio.ch.SelectorImpl.select(SelectorImpl.java:97)
        at sun.nio.ch.SelectorImpl.select(SelectorImpl.java:101)
        at org.eclipse.jetty.io.ManagedSelector$SelectorProducer.select(ManagedSelector.java:243)
        at org.eclipse.jetty.io.ManagedSelector$SelectorProducer.produce(ManagedSelector.java:191)
        at org.eclipse.jetty.util.thread.strategy.ExecuteProduceConsume.executeProduceConsume(ExecuteProduceConsume.java:249)
        at org.eclipse.jetty.util.thread.strategy.ExecuteProduceConsume.produceConsume(ExecuteProduceConsume.java:148)
        at org.eclipse.jetty.util.thread.strategy.ExecuteProduceConsume.execute(ExecuteProduceConsume.java:100)
        at org.eclipse.jetty.io.ManagedSelector.run(ManagedSelector.java:147)
        at org.eclipse.jetty.util.thread.QueuedThreadPool.runJob(QueuedThreadPool.java:671)
        at org.eclipse.jetty.util.thread.QueuedThreadPool$2.run(QueuedThreadPool.java:589)
        at java.lang.Thread.run(Thread.java:748)
"pool-36-thread-57"  prio=5 tid=350 in Object.wait()
java.lang.Thread.State: WAITING (on object monitor)
        at sun.misc.Unsafe.park(Native Method)
        at java.util.concurrent.locks.LockSupport.park(LockSupport.java:175)
        at java.util.concurrent.locks.AbstractQueuedSynchronizer$ConditionObject.await(AbstractQueuedSynchronizer.java:2039)
        at java.util.concurrent.ArrayBlockingQueue.take(ArrayBlockingQueue.java:403)
        at java.util.concurrent.ThreadPoolExecutor.getTask(ThreadPoolExecutor.java:1074)
        at java.util.concurrent.ThreadPoolExecutor.runWorker(ThreadPoolExecutor.java:1134)
        at java.util.concurrent.ThreadPoolExecutor$Worker.run(ThreadPoolExecutor.java:624)
        at java.lang.Thread.run(Thread.java:748)
"Datanode ReportManager Thread - 1" daemon prio=5 tid=227 in Object.wait()
java.lang.Thread.State: WAITING (on object monitor)
        at sun.misc.Unsafe.park(Native Method)
        at java.util.concurrent.locks.LockSupport.park(LockSupport.java:175)
        at java.util.concurrent.locks.AbstractQueuedSynchronizer$ConditionObject.await(AbstractQueuedSynchronizer.java:2039)
        at java.util.concurrent.ScheduledThreadPoolExecutor$DelayedWorkQueue.take(ScheduledThreadPoolExecutor.java:1088)
        at java.util.concurrent.ScheduledThreadPoolExecutor$DelayedWorkQueue.take(ScheduledThreadPoolExecutor.java:809)
        at java.util.concurrent.ThreadPoolExecutor.getTask(ThreadPoolExecutor.java:1074)
        at java.util.concurrent.ThreadPoolExecutor.runWorker(ThreadPoolExecutor.java:1134)
        at java.util.concurrent.ThreadPoolExecutor$Worker.run(ThreadPoolExecutor.java:624)
        at java.lang.Thread.run(Thread.java:748)
"org.eclipse.jetty.server.session.HashSessionManager@49d9549bTimer" daemon prio=5 tid=145 timed_waiting
java.lang.Thread.State: TIMED_WAITING
        at sun.misc.Unsafe.park(Native Method)
        at java.util.concurrent.locks.LockSupport.parkNanos(LockSupport.java:215)
        at java.util.concurrent.locks.AbstractQueuedSynchronizer$ConditionObject.awaitNanos(AbstractQueuedSynchronizer.java:2078)
        at java.util.concurrent.ScheduledThreadPoolExecutor$DelayedWorkQueue.take(ScheduledThreadPoolExecutor.java:1093)
        at java.util.concurrent.ScheduledThreadPoolExecutor$DelayedWorkQueue.take(ScheduledThreadPoolExecutor.java:809)
        at java.util.concurrent.ThreadPoolExecutor.getTask(ThreadPoolExecutor.java:1074)
        at java.util.concurrent.ThreadPoolExecutor.runWorker(ThreadPoolExecutor.java:1134)
        at java.util.concurrent.ThreadPoolExecutor$Worker.run(ThreadPoolExecutor.java:624)
        at java.lang.Thread.run(Thread.java:748)
"pool-46-thread-8"  prio=5 tid=361 in Object.wait()
java.lang.Thread.State: WAITING (on object monitor)
        at sun.misc.Unsafe.park(Native Method)
        at java.util.concurrent.locks.LockSupport.park(LockSupport.java:175)
        at java.util.concurrent.locks.AbstractQueuedSynchronizer$ConditionObject.await(AbstractQueuedSynchronizer.java:2039)
        at java.util.concurrent.ArrayBlockingQueue.take(ArrayBlockingQueue.java:403)
        at java.util.concurrent.ThreadPoolExecutor.getTask(ThreadPoolExecutor.java:1074)
        at java.util.concurrent.ThreadPoolExecutor.runWorker(ThreadPoolExecutor.java:1134)
        at java.util.concurrent.ThreadPoolExecutor$Worker.run(ThreadPoolExecutor.java:624)
        at java.lang.Thread.run(Thread.java:748)
"IPC Server handler 6 on 32962" daemon prio=5 tid=121 timed_waiting
java.lang.Thread.State: TIMED_WAITING
        at sun.misc.Unsafe.park(Native Method)
        at java.util.concurrent.locks.LockSupport.parkNanos(LockSupport.java:215)
        at java.util.concurrent.locks.AbstractQueuedSynchronizer$ConditionObject.awaitNanos(AbstractQueuedSynchronizer.java:2078)
        at java.util.concurrent.LinkedBlockingQueue.poll(LinkedBlockingQueue.java:467)
        at org.apache.hadoop.ipc.CallQueueManager.take(CallQueueManager.java:288)
        at org.apache.hadoop.ipc.Server$Handler.run(Server.java:2668)
"pool-36-thread-10"  prio=5 tid=303 in Object.wait()
java.lang.Thread.State: WAITING (on object monitor)
        at sun.misc.Unsafe.park(Native Method)
        at java.util.concurrent.locks.LockSupport.park(LockSupport.java:175)
        at java.util.concurrent.locks.AbstractQueuedSynchronizer$ConditionObject.await(AbstractQueuedSynchronizer.java:2039)
        at java.util.concurrent.ArrayBlockingQueue.take(ArrayBlockingQueue.java:403)
        at java.util.concurrent.ThreadPoolExecutor.getTask(ThreadPoolExecutor.java:1074)
        at java.util.concurrent.ThreadPoolExecutor.runWorker(ThreadPoolExecutor.java:1134)
        at java.util.concurrent.ThreadPoolExecutor$Worker.run(ThreadPoolExecutor.java:624)
        at java.lang.Thread.run(Thread.java:748)
"qtp1124883352-218" daemon prio=5 tid=218 timed_waiting
java.lang.Thread.State: TIMED_WAITING
        at sun.misc.Unsafe.park(Native Method)
        at java.util.concurrent.locks.LockSupport.parkNanos(LockSupport.java:215)
        at java.util.concurrent.locks.AbstractQueuedSynchronizer$ConditionObject.awaitNanos(AbstractQueuedSynchronizer.java:2078)
        at org.eclipse.jetty.util.BlockingArrayQueue.poll(BlockingArrayQueue.java:392)
        at org.eclipse.jetty.util.thread.QueuedThreadPool.idleJobPoll(QueuedThreadPool.java:563)
        at org.eclipse.jetty.util.thread.QueuedThreadPool.access$800(QueuedThreadPool.java:48)
        at org.eclipse.jetty.util.thread.QueuedThreadPool$2.run(QueuedThreadPool.java:626)
        at java.lang.Thread.run(Thread.java:748)
"pool-26-thread-42"  prio=5 tid=275 in Object.wait()
java.lang.Thread.State: WAITING (on object monitor)
        at sun.misc.Unsafe.park(Native Method)
        at java.util.concurrent.locks.LockSupport.park(LockSupport.java:175)
        at java.util.concurrent.locks.AbstractQueuedSynchronizer$ConditionObject.await(AbstractQueuedSynchronizer.java:2039)
        at java.util.concurrent.ArrayBlockingQueue.take(ArrayBlockingQueue.java:403)
        at java.util.concurrent.ThreadPoolExecutor.getTask(ThreadPoolExecutor.java:1074)
        at java.util.concurrent.ThreadPoolExecutor.runWorker(ThreadPoolExecutor.java:1134)
        at java.util.concurrent.ThreadPoolExecutor$Worker.run(ThreadPoolExecutor.java:624)
        at java.lang.Thread.run(Thread.java:748)
"pool-26-thread-24"  prio=5 tid=257 in Object.wait()
java.lang.Thread.State: WAITING (on object monitor)
        at sun.misc.Unsafe.park(Native Method)
        at java.util.concurrent.locks.LockSupport.park(LockSupport.java:175)
        at java.util.concurrent.locks.AbstractQueuedSynchronizer$ConditionObject.await(AbstractQueuedSynchronizer.java:2039)
        at java.util.concurrent.ArrayBlockingQueue.take(ArrayBlockingQueue.java:403)
        at java.util.concurrent.ThreadPoolExecutor.getTask(ThreadPoolExecutor.java:1074)
        at java.util.concurrent.ThreadPoolExecutor.runWorker(ThreadPoolExecutor.java:1134)
        at java.util.concurrent.ThreadPoolExecutor$Worker.run(ThreadPoolExecutor.java:624)
        at java.lang.Thread.run(Thread.java:748)
"pool-46-thread-28"  prio=5 tid=381 in Object.wait()
java.lang.Thread.State: WAITING (on object monitor)
        at sun.misc.Unsafe.park(Native Method)
        at java.util.concurrent.locks.LockSupport.park(LockSupport.java:175)
        at java.util.concurrent.locks.AbstractQueuedSynchronizer$ConditionObject.await(AbstractQueuedSynchronizer.java:2039)
        at java.util.concurrent.ArrayBlockingQueue.take(ArrayBlockingQueue.java:403)
        at java.util.concurrent.ThreadPoolExecutor.getTask(ThreadPoolExecutor.java:1074)
        at java.util.concurrent.ThreadPoolExecutor.runWorker(ThreadPoolExecutor.java:1134)
        at java.util.concurrent.ThreadPoolExecutor$Worker.run(ThreadPoolExecutor.java:624)
        at java.lang.Thread.run(Thread.java:748)
"pool-46-thread-58"  prio=5 tid=411 in Object.wait()
java.lang.Thread.State: WAITING (on object monitor)
        at sun.misc.Unsafe.park(Native Method)
        at java.util.concurrent.locks.LockSupport.park(LockSupport.java:175)
        at java.util.concurrent.locks.AbstractQueuedSynchronizer$ConditionObject.await(AbstractQueuedSynchronizer.java:2039)
        at java.util.concurrent.ArrayBlockingQueue.take(ArrayBlockingQueue.java:403)
        at java.util.concurrent.ThreadPoolExecutor.getTask(ThreadPoolExecutor.java:1074)
        at java.util.concurrent.ThreadPoolExecutor.runWorker(ThreadPoolExecutor.java:1134)
        at java.util.concurrent.ThreadPoolExecutor$Worker.run(ThreadPoolExecutor.java:624)
        at java.lang.Thread.run(Thread.java:748)
"pool-40-thread-1"  prio=5 tid=186 timed_waiting
java.lang.Thread.State: TIMED_WAITING
        at sun.misc.Unsafe.park(Native Method)
        at java.util.concurrent.locks.LockSupport.parkNanos(LockSupport.java:215)
        at java.util.concurrent.locks.AbstractQueuedSynchronizer$ConditionObject.awaitNanos(AbstractQueuedSynchronizer.java:2078)
        at java.util.concurrent.ScheduledThreadPoolExecutor$DelayedWorkQueue.take(ScheduledThreadPoolExecutor.java:1093)
        at java.util.concurrent.ScheduledThreadPoolExecutor$DelayedWorkQueue.take(ScheduledThreadPoolExecutor.java:809)
        at java.util.concurrent.ThreadPoolExecutor.getTask(ThreadPoolExecutor.java:1074)
        at java.util.concurrent.ThreadPoolExecutor.runWorker(ThreadPoolExecutor.java:1134)
        at java.util.concurrent.ThreadPoolExecutor$Worker.run(ThreadPoolExecutor.java:624)
        at java.lang.Thread.run(Thread.java:748)
"pool-36-thread-34"  prio=5 tid=327 in Object.wait()
java.lang.Thread.State: WAITING (on object monitor)
        at sun.misc.Unsafe.park(Native Method)
        at java.util.concurrent.locks.LockSupport.park(LockSupport.java:175)
        at java.util.concurrent.locks.AbstractQueuedSynchronizer$ConditionObject.await(AbstractQueuedSynchronizer.java:2039)
        at java.util.concurrent.ArrayBlockingQueue.take(ArrayBlockingQueue.java:403)
        at java.util.concurrent.ThreadPoolExecutor.getTask(ThreadPoolExecutor.java:1074)
        at java.util.concurrent.ThreadPoolExecutor.runWorker(ThreadPoolExecutor.java:1134)
        at java.util.concurrent.ThreadPoolExecutor$Worker.run(ThreadPoolExecutor.java:624)
        at java.lang.Thread.run(Thread.java:748)
"pool-26-thread-7"  prio=5 tid=240 in Object.wait()
java.lang.Thread.State: WAITING (on object monitor)
        at sun.misc.Unsafe.park(Native Method)
        at java.util.concurrent.locks.LockSupport.park(LockSupport.java:175)
        at java.util.concurrent.locks.AbstractQueuedSynchronizer$ConditionObject.await(AbstractQueuedSynchronizer.java:2039)
        at java.util.concurrent.ArrayBlockingQueue.take(ArrayBlockingQueue.java:403)
        at java.util.concurrent.ThreadPoolExecutor.getTask(ThreadPoolExecutor.java:1074)
        at java.util.concurrent.ThreadPoolExecutor.runWorker(ThreadPoolExecutor.java:1134)
        at java.util.concurrent.ThreadPoolExecutor$Worker.run(ThreadPoolExecutor.java:624)
        at java.lang.Thread.run(Thread.java:748)
"a32408a4-f19d-4bad-97c5-ba33ae94fc9a@group-5A78A96270F8-SegmentedRaftLogWorker"  prio=5 tid=450 timed_waiting
java.lang.Thread.State: TIMED_WAITING
        at sun.misc.Unsafe.park(Native Method)
        at java.util.concurrent.locks.LockSupport.parkNanos(LockSupport.java:215)
        at java.util.concurrent.locks.AbstractQueuedSynchronizer$ConditionObject.awaitNanos(AbstractQueuedSynchronizer.java:2078)
        at org.apache.ratis.util.DataBlockingQueue.poll(DataBlockingQueue.java:137)
        at org.apache.ratis.server.raftlog.segmented.SegmentedRaftLogWorker.run(SegmentedRaftLogWorker.java:282)
        at java.lang.Thread.run(Thread.java:748)
"qtp1761240183-141" daemon prio=5 tid=141 timed_waiting
java.lang.Thread.State: TIMED_WAITING
        at sun.misc.Unsafe.park(Native Method)
        at java.util.concurrent.locks.LockSupport.parkNanos(LockSupport.java:215)
        at java.util.concurrent.locks.AbstractQueuedSynchronizer$ConditionObject.awaitNanos(AbstractQueuedSynchronizer.java:2078)
        at org.eclipse.jetty.util.BlockingArrayQueue.poll(BlockingArrayQueue.java:392)
        at org.eclipse.jetty.util.thread.QueuedThreadPool.idleJobPoll(QueuedThreadPool.java:563)
        at org.eclipse.jetty.util.thread.QueuedThreadPool.access$800(QueuedThreadPool.java:48)
        at org.eclipse.jetty.util.thread.QueuedThreadPool$2.run(QueuedThreadPool.java:626)
        at java.lang.Thread.run(Thread.java:748)
"pool-46-thread-57"  prio=5 tid=410 in Object.wait()
java.lang.Thread.State: WAITING (on object monitor)
        at sun.misc.Unsafe.park(Native Method)
        at java.util.concurrent.locks.LockSupport.park(LockSupport.java:175)
        at java.util.concurrent.locks.AbstractQueuedSynchronizer$ConditionObject.await(AbstractQueuedSynchronizer.java:2039)
        at java.util.concurrent.ArrayBlockingQueue.take(ArrayBlockingQueue.java:403)
        at java.util.concurrent.ThreadPoolExecutor.getTask(ThreadPoolExecutor.java:1074)
        at java.util.concurrent.ThreadPoolExecutor.runWorker(ThreadPoolExecutor.java:1134)
        at java.util.concurrent.ThreadPoolExecutor$Worker.run(ThreadPoolExecutor.java:624)
        at java.lang.Thread.run(Thread.java:748)
"6b24a2ab-97ee-4d49-85cc-2d76c2f4b8ef@group-569FAC3F8BCE-StateMachineUpdater" daemon prio=5 tid=622 in Object.wait()
java.lang.Thread.State: WAITING (on object monitor)
        at java.lang.Object.wait(Native Method)
        at java.lang.Object.wait(Object.java:502)
        at org.apache.ratis.server.impl.StateMachineUpdater.waitForCommit(StateMachineUpdater.java:194)
        at org.apache.ratis.server.impl.StateMachineUpdater.run(StateMachineUpdater.java:159)
        at java.lang.Thread.run(Thread.java:748)
"pool-36-thread-8"  prio=5 tid=301 in Object.wait()
java.lang.Thread.State: WAITING (on object monitor)
        at sun.misc.Unsafe.park(Native Method)
        at java.util.concurrent.locks.LockSupport.park(LockSupport.java:175)
        at java.util.concurrent.locks.AbstractQueuedSynchronizer$ConditionObject.await(AbstractQueuedSynchronizer.java:2039)
        at java.util.concurrent.ArrayBlockingQueue.take(ArrayBlockingQueue.java:403)
        at java.util.concurrent.ThreadPoolExecutor.getTask(ThreadPoolExecutor.java:1074)
        at java.util.concurrent.ThreadPoolExecutor.runWorker(ThreadPoolExecutor.java:1134)
        at java.util.concurrent.ThreadPoolExecutor$Worker.run(ThreadPoolExecutor.java:624)
        at java.lang.Thread.run(Thread.java:748)
"IPC Server handler 19 on 32962" daemon prio=5 tid=135 timed_waiting
java.lang.Thread.State: TIMED_WAITING
        at sun.misc.Unsafe.park(Native Method)
        at java.util.concurrent.locks.LockSupport.parkNanos(LockSupport.java:215)
        at java.util.concurrent.locks.AbstractQueuedSynchronizer$ConditionObject.awaitNanos(AbstractQueuedSynchronizer.java:2078)
        at java.util.concurrent.LinkedBlockingQueue.poll(LinkedBlockingQueue.java:467)
        at org.apache.hadoop.ipc.CallQueueManager.take(CallQueueManager.java:288)
        at org.apache.hadoop.ipc.Server$Handler.run(Server.java:2668)
"IPC Server handler 12 on 39656" daemon prio=5 tid=82 timed_waiting
java.lang.Thread.State: TIMED_WAITING
        at sun.misc.Unsafe.park(Native Method)
        at java.util.concurrent.locks.LockSupport.parkNanos(LockSupport.java:215)
        at java.util.concurrent.locks.AbstractQueuedSynchronizer$ConditionObject.awaitNanos(AbstractQueuedSynchronizer.java:2078)
        at java.util.concurrent.LinkedBlockingQueue.poll(LinkedBlockingQueue.java:467)
        at org.apache.hadoop.ipc.CallQueueManager.take(CallQueueManager.java:288)
        at org.apache.hadoop.ipc.Server$Handler.run(Server.java:2668)
"Command processor thread" daemon prio=5 tid=203 timed_waiting
java.lang.Thread.State: TIMED_WAITING
        at java.lang.Thread.sleep(Native Method)
        at org.apache.hadoop.ozone.container.common.statemachine.DatanodeStateMachine.lambda$initCommandHandlerThread$1(DatanodeStateMachine.java:439)
        at org.apache.hadoop.ozone.container.common.statemachine.DatanodeStateMachine$$Lambda$141/493645716.run(Unknown Source)
        at java.lang.Thread.run(Thread.java:748)
"pool-26-thread-46"  prio=5 tid=279 in Object.wait()
java.lang.Thread.State: WAITING (on object monitor)
        at sun.misc.Unsafe.park(Native Method)
        at java.util.concurrent.locks.LockSupport.park(LockSupport.java:175)
        at java.util.concurrent.locks.AbstractQueuedSynchronizer$ConditionObject.await(AbstractQueuedSynchronizer.java:2039)
        at java.util.concurrent.ArrayBlockingQueue.take(ArrayBlockingQueue.java:403)
        at java.util.concurrent.ThreadPoolExecutor.getTask(ThreadPoolExecutor.java:1074)
        at java.util.concurrent.ThreadPoolExecutor.runWorker(ThreadPoolExecutor.java:1134)
        at java.util.concurrent.ThreadPoolExecutor$Worker.run(ThreadPoolExecutor.java:624)
        at java.lang.Thread.run(Thread.java:748)
"Datanode ReportManager Thread - 3" daemon prio=5 tid=175 timed_waiting
java.lang.Thread.State: TIMED_WAITING
        at sun.misc.Unsafe.park(Native Method)
        at java.util.concurrent.locks.LockSupport.parkNanos(LockSupport.java:215)
        at java.util.concurrent.locks.AbstractQueuedSynchronizer$ConditionObject.awaitNanos(AbstractQueuedSynchronizer.java:2078)
        at java.util.concurrent.ScheduledThreadPoolExecutor$DelayedWorkQueue.take(ScheduledThreadPoolExecutor.java:1093)
        at java.util.concurrent.ScheduledThreadPoolExecutor$DelayedWorkQueue.take(ScheduledThreadPoolExecutor.java:809)
        at java.util.concurrent.ThreadPoolExecutor.getTask(ThreadPoolExecutor.java:1074)
        at java.util.concurrent.ThreadPoolExecutor.runWorker(ThreadPoolExecutor.java:1134)
        at java.util.concurrent.ThreadPoolExecutor$Worker.run(ThreadPoolExecutor.java:624)
        at java.lang.Thread.run(Thread.java:748)
"org.eclipse.jetty.server.session.HashSessionManager@bc8a61dTimer" daemon prio=5 tid=99 timed_waiting
java.lang.Thread.State: TIMED_WAITING
        at sun.misc.Unsafe.park(Native Method)
        at java.util.concurrent.locks.LockSupport.parkNanos(LockSupport.java:215)
        at java.util.concurrent.locks.AbstractQueuedSynchronizer$ConditionObject.awaitNanos(AbstractQueuedSynchronizer.java:2078)
        at java.util.concurrent.ScheduledThreadPoolExecutor$DelayedWorkQueue.take(ScheduledThreadPoolExecutor.java:1093)
        at java.util.concurrent.ScheduledThreadPoolExecutor$DelayedWorkQueue.take(ScheduledThreadPoolExecutor.java:809)
        at java.util.concurrent.ThreadPoolExecutor.getTask(ThreadPoolExecutor.java:1074)
        at java.util.concurrent.ThreadPoolExecutor.runWorker(ThreadPoolExecutor.java:1134)
        at java.util.concurrent.ThreadPoolExecutor$Worker.run(ThreadPoolExecutor.java:624)
        at java.lang.Thread.run(Thread.java:748)
"metrics-hadoop-metrics2-reporter-5-thread-1" daemon prio=5 tid=446 timed_waiting
java.lang.Thread.State: TIMED_WAITING
        at sun.misc.Unsafe.park(Native Method)
        at java.util.concurrent.locks.LockSupport.parkNanos(LockSupport.java:215)
        at java.util.concurrent.locks.AbstractQueuedSynchronizer$ConditionObject.awaitNanos(AbstractQueuedSynchronizer.java:2078)
        at java.util.concurrent.ScheduledThreadPoolExecutor$DelayedWorkQueue.take(ScheduledThreadPoolExecutor.java:1093)
        at java.util.concurrent.ScheduledThreadPoolExecutor$DelayedWorkQueue.take(ScheduledThreadPoolExecutor.java:809)
        at java.util.concurrent.ThreadPoolExecutor.getTask(ThreadPoolExecutor.java:1074)
        at java.util.concurrent.ThreadPoolExecutor.runWorker(ThreadPoolExecutor.java:1134)
        at java.util.concurrent.ThreadPoolExecutor$Worker.run(ThreadPoolExecutor.java:624)
        at java.lang.Thread.run(Thread.java:748)
"metrics-hadoop-metrics2-reporter-22-thread-1" daemon prio=5 tid=507 timed_waiting
java.lang.Thread.State: TIMED_WAITING
        at sun.misc.Unsafe.park(Native Method)
        at java.util.concurrent.locks.LockSupport.parkNanos(LockSupport.java:215)
        at java.util.concurrent.locks.AbstractQueuedSynchronizer$ConditionObject.awaitNanos(AbstractQueuedSynchronizer.java:2078)
        at java.util.concurrent.ScheduledThreadPoolExecutor$DelayedWorkQueue.take(ScheduledThreadPoolExecutor.java:1093)
        at java.util.concurrent.ScheduledThreadPoolExecutor$DelayedWorkQueue.take(ScheduledThreadPoolExecutor.java:809)
        at java.util.concurrent.ThreadPoolExecutor.getTask(ThreadPoolExecutor.java:1074)
        at java.util.concurrent.ThreadPoolExecutor.runWorker(ThreadPoolExecutor.java:1134)
        at java.util.concurrent.ThreadPoolExecutor$Worker.run(ThreadPoolExecutor.java:624)
        at java.lang.Thread.run(Thread.java:748)
"IPC Server handler 15 on 39656" daemon prio=5 tid=85 timed_waiting
java.lang.Thread.State: TIMED_WAITING
        at sun.misc.Unsafe.park(Native Method)
        at java.util.concurrent.locks.LockSupport.parkNanos(LockSupport.java:215)
        at java.util.concurrent.locks.AbstractQueuedSynchronizer$ConditionObject.awaitNanos(AbstractQueuedSynchronizer.java:2078)
        at java.util.concurrent.LinkedBlockingQueue.poll(LinkedBlockingQueue.java:467)
        at org.apache.hadoop.ipc.CallQueueManager.take(CallQueueManager.java:288)
        at org.apache.hadoop.ipc.Server$Handler.run(Server.java:2668)
"Datanode State Machine Thread - 0" daemon prio=5 tid=232 in Object.wait()
java.lang.Thread.State: WAITING (on object monitor)
        at sun.misc.Unsafe.park(Native Method)
        at java.util.concurrent.locks.LockSupport.parkNanos(LockSupport.java:215)
        at java.util.concurrent.SynchronousQueue$TransferStack.awaitFulfill(SynchronousQueue.java:460)
        at java.util.concurrent.SynchronousQueue$TransferStack.transfer(SynchronousQueue.java:362)
        at java.util.concurrent.SynchronousQueue.poll(SynchronousQueue.java:941)
        at java.util.concurrent.ThreadPoolExecutor.getTask(ThreadPoolExecutor.java:1073)
        at java.util.concurrent.ThreadPoolExecutor.runWorker(ThreadPoolExecutor.java:1134)
        at java.util.concurrent.ThreadPoolExecutor$Worker.run(ThreadPoolExecutor.java:624)
        at java.lang.Thread.run(Thread.java:748)
"qtp1124883352-217" daemon prio=5 tid=217 timed_waiting
java.lang.Thread.State: TIMED_WAITING
        at sun.misc.Unsafe.park(Native Method)
        at java.util.concurrent.locks.LockSupport.parkNanos(LockSupport.java:215)
        at java.util.concurrent.locks.AbstractQueuedSynchronizer$ConditionObject.awaitNanos(AbstractQueuedSynchronizer.java:2078)
        at org.eclipse.jetty.util.BlockingArrayQueue.poll(BlockingArrayQueue.java:392)
        at org.eclipse.jetty.util.thread.QueuedThreadPool.idleJobPoll(QueuedThreadPool.java:563)
        at org.eclipse.jetty.util.thread.QueuedThreadPool.access$800(QueuedThreadPool.java:48)
        at org.eclipse.jetty.util.thread.QueuedThreadPool$2.run(QueuedThreadPool.java:626)
        at java.lang.Thread.run(Thread.java:748)
"IPC Server handler 19 on 37656" daemon prio=5 tid=69 timed_waiting
java.lang.Thread.State: TIMED_WAITING
        at sun.misc.Unsafe.park(Native Method)
        at java.util.concurrent.locks.LockSupport.parkNanos(LockSupport.java:215)
        at java.util.concurrent.locks.AbstractQueuedSynchronizer$ConditionObject.awaitNanos(AbstractQueuedSynchronizer.java:2078)
        at java.util.concurrent.LinkedBlockingQueue.poll(LinkedBlockingQueue.java:467)
        at org.apache.hadoop.ipc.CallQueueManager.take(CallQueueManager.java:288)
        at org.apache.hadoop.ipc.Server$Handler.run(Server.java:2668)
"pool-26-thread-12"  prio=5 tid=245 in Object.wait()
java.lang.Thread.State: WAITING (on object monitor)
        at sun.misc.Unsafe.park(Native Method)
        at java.util.concurrent.locks.LockSupport.park(LockSupport.java:175)
        at java.util.concurrent.locks.AbstractQueuedSynchronizer$ConditionObject.await(AbstractQueuedSynchronizer.java:2039)
        at java.util.concurrent.ArrayBlockingQueue.take(ArrayBlockingQueue.java:403)
        at java.util.concurrent.ThreadPoolExecutor.getTask(ThreadPoolExecutor.java:1074)
        at java.util.concurrent.ThreadPoolExecutor.runWorker(ThreadPoolExecutor.java:1134)
        at java.util.concurrent.ThreadPoolExecutor$Worker.run(ThreadPoolExecutor.java:624)
        at java.lang.Thread.run(Thread.java:748)
"metrics-hadoop-metrics2-reporter-14-thread-1" daemon prio=5 tid=467 timed_waiting
java.lang.Thread.State: TIMED_WAITING
        at sun.misc.Unsafe.park(Native Method)
        at java.util.concurrent.locks.LockSupport.parkNanos(LockSupport.java:215)
        at java.util.concurrent.locks.AbstractQueuedSynchronizer$ConditionObject.awaitNanos(AbstractQueuedSynchronizer.java:2078)
        at java.util.concurrent.ScheduledThreadPoolExecutor$DelayedWorkQueue.take(ScheduledThreadPoolExecutor.java:1093)
        at java.util.concurrent.ScheduledThreadPoolExecutor$DelayedWorkQueue.take(ScheduledThreadPoolExecutor.java:809)
        at java.util.concurrent.ThreadPoolExecutor.getTask(ThreadPoolExecutor.java:1074)
        at java.util.concurrent.ThreadPoolExecutor.runWorker(ThreadPoolExecutor.java:1134)
        at java.util.concurrent.ThreadPoolExecutor$Worker.run(ThreadPoolExecutor.java:624)
        at java.lang.Thread.run(Thread.java:748)
"metrics-hadoop-metrics2-reporter-1-thread-1" daemon prio=5 tid=436 timed_waiting
java.lang.Thread.State: TIMED_WAITING
        at sun.misc.Unsafe.park(Native Method)
        at java.util.concurrent.locks.LockSupport.parkNanos(LockSupport.java:215)
        at java.util.concurrent.locks.AbstractQueuedSynchronizer$ConditionObject.awaitNanos(AbstractQueuedSynchronizer.java:2078)
        at java.util.concurrent.ScheduledThreadPoolExecutor$DelayedWorkQueue.take(ScheduledThreadPoolExecutor.java:1093)
        at java.util.concurrent.ScheduledThreadPoolExecutor$DelayedWorkQueue.take(ScheduledThreadPoolExecutor.java:809)
        at java.util.concurrent.ThreadPoolExecutor.getTask(ThreadPoolExecutor.java:1074)
        at java.util.concurrent.ThreadPoolExecutor.runWorker(ThreadPoolExecutor.java:1134)
        at java.util.concurrent.ThreadPoolExecutor$Worker.run(ThreadPoolExecutor.java:624)
        at java.lang.Thread.run(Thread.java:748)
"pool-36-thread-30"  prio=5 tid=323 in Object.wait()
java.lang.Thread.State: WAITING (on object monitor)
        at sun.misc.Unsafe.park(Native Method)
        at java.util.concurrent.locks.LockSupport.park(LockSupport.java:175)
        at java.util.concurrent.locks.AbstractQueuedSynchronizer$ConditionObject.await(AbstractQueuedSynchronizer.java:2039)
        at java.util.concurrent.ArrayBlockingQueue.take(ArrayBlockingQueue.java:403)
        at java.util.concurrent.ThreadPoolExecutor.getTask(ThreadPoolExecutor.java:1074)
        at java.util.concurrent.ThreadPoolExecutor.runWorker(ThreadPoolExecutor.java:1134)
        at java.util.concurrent.ThreadPoolExecutor$Worker.run(ThreadPoolExecutor.java:624)
        at java.lang.Thread.run(Thread.java:748)
"pool-26-thread-58"  prio=5 tid=291 in Object.wait()
java.lang.Thread.State: WAITING (on object monitor)
        at sun.misc.Unsafe.park(Native Method)
        at java.util.concurrent.locks.LockSupport.park(LockSupport.java:175)
        at java.util.concurrent.locks.AbstractQueuedSynchronizer$ConditionObject.await(AbstractQueuedSynchronizer.java:2039)
        at java.util.concurrent.ArrayBlockingQueue.take(ArrayBlockingQueue.java:403)
        at java.util.concurrent.ThreadPoolExecutor.getTask(ThreadPoolExecutor.java:1074)
        at java.util.concurrent.ThreadPoolExecutor.runWorker(ThreadPoolExecutor.java:1134)
        at java.util.concurrent.ThreadPoolExecutor$Worker.run(ThreadPoolExecutor.java:624)
        at java.lang.Thread.run(Thread.java:748)
"IPC Server handler 17 on 39656" daemon prio=5 tid=87 timed_waiting
java.lang.Thread.State: TIMED_WAITING
        at sun.misc.Unsafe.park(Native Method)
        at java.util.concurrent.locks.LockSupport.parkNanos(LockSupport.java:215)
        at java.util.concurrent.locks.AbstractQueuedSynchronizer$ConditionObject.awaitNanos(AbstractQueuedSynchronizer.java:2078)
        at java.util.concurrent.LinkedBlockingQueue.poll(LinkedBlockingQueue.java:467)
        at org.apache.hadoop.ipc.CallQueueManager.take(CallQueueManager.java:288)
        at org.apache.hadoop.ipc.Server$Handler.run(Server.java:2668)
"EventQueue-SafemodestatusForSafeModeHandler" daemon prio=5 tid=427 in Object.wait()
java.lang.Thread.State: WAITING (on object monitor)
        at sun.misc.Unsafe.park(Native Method)
        at java.util.concurrent.locks.LockSupport.park(LockSupport.java:175)
        at java.util.concurrent.locks.AbstractQueuedSynchronizer$ConditionObject.await(AbstractQueuedSynchronizer.java:2039)
        at java.util.concurrent.LinkedBlockingQueue.take(LinkedBlockingQueue.java:442)
        at java.util.concurrent.ThreadPoolExecutor.getTask(ThreadPoolExecutor.java:1074)
        at java.util.concurrent.ThreadPoolExecutor.runWorker(ThreadPoolExecutor.java:1134)
        at java.util.concurrent.ThreadPoolExecutor$Worker.run(ThreadPoolExecutor.java:624)
        at java.lang.Thread.run(Thread.java:748)
"IPC Server handler 14 on 39656" daemon prio=5 tid=84 timed_waiting
java.lang.Thread.State: TIMED_WAITING
        at sun.misc.Unsafe.park(Native Method)
        at java.util.concurrent.locks.LockSupport.parkNanos(LockSupport.java:215)
        at java.util.concurrent.locks.AbstractQueuedSynchronizer$ConditionObject.awaitNanos(AbstractQueuedSynchronizer.java:2078)
        at java.util.concurrent.LinkedBlockingQueue.poll(LinkedBlockingQueue.java:467)
        at org.apache.hadoop.ipc.CallQueueManager.take(CallQueueManager.java:288)
        at org.apache.hadoop.ipc.Server$Handler.run(Server.java:2668)
"pool-26-thread-48"  prio=5 tid=281 in Object.wait()
java.lang.Thread.State: WAITING (on object monitor)
        at sun.misc.Unsafe.park(Native Method)
        at java.util.concurrent.locks.LockSupport.park(LockSupport.java:175)
        at java.util.concurrent.locks.AbstractQueuedSynchronizer$ConditionObject.await(AbstractQueuedSynchronizer.java:2039)
        at java.util.concurrent.ArrayBlockingQueue.take(ArrayBlockingQueue.java:403)
        at java.util.concurrent.ThreadPoolExecutor.getTask(ThreadPoolExecutor.java:1074)
        at java.util.concurrent.ThreadPoolExecutor.runWorker(ThreadPoolExecutor.java:1134)
        at java.util.concurrent.ThreadPoolExecutor$Worker.run(ThreadPoolExecutor.java:624)
        at java.lang.Thread.run(Thread.java:748)
"pool-26-thread-56"  prio=5 tid=289 in Object.wait()
java.lang.Thread.State: WAITING (on object monitor)
        at sun.misc.Unsafe.park(Native Method)
        at java.util.concurrent.locks.LockSupport.park(LockSupport.java:175)
        at java.util.concurrent.locks.AbstractQueuedSynchronizer$ConditionObject.await(AbstractQueuedSynchronizer.java:2039)
        at java.util.concurrent.ArrayBlockingQueue.take(ArrayBlockingQueue.java:403)
        at java.util.concurrent.ThreadPoolExecutor.getTask(ThreadPoolExecutor.java:1074)
        at java.util.concurrent.ThreadPoolExecutor.runWorker(ThreadPoolExecutor.java:1134)
        at java.util.concurrent.ThreadPoolExecutor$Worker.run(ThreadPoolExecutor.java:624)
        at java.lang.Thread.run(Thread.java:748)
"pool-46-thread-9"  prio=5 tid=362 in Object.wait()
java.lang.Thread.State: WAITING (on object monitor)
        at sun.misc.Unsafe.park(Native Method)
        at java.util.concurrent.locks.LockSupport.park(LockSupport.java:175)
        at java.util.concurrent.locks.AbstractQueuedSynchronizer$ConditionObject.await(AbstractQueuedSynchronizer.java:2039)
        at java.util.concurrent.ArrayBlockingQueue.take(ArrayBlockingQueue.java:403)
        at java.util.concurrent.ThreadPoolExecutor.getTask(ThreadPoolExecutor.java:1074)
        at java.util.concurrent.ThreadPoolExecutor.runWorker(ThreadPoolExecutor.java:1134)
        at java.util.concurrent.ThreadPoolExecutor$Worker.run(ThreadPoolExecutor.java:624)
        at java.lang.Thread.run(Thread.java:748)
"Timer-1" daemon prio=5 tid=150 timed_waiting
java.lang.Thread.State: TIMED_WAITING
        at java.lang.Object.wait(Native Method)
        at java.util.TimerThread.mainLoop(Timer.java:552)
        at java.util.TimerThread.run(Timer.java:505)
"qtp1761240183-143" daemon prio=5 tid=143 timed_waiting
java.lang.Thread.State: TIMED_WAITING
        at sun.misc.Unsafe.park(Native Method)
        at java.util.concurrent.locks.LockSupport.parkNanos(LockSupport.java:215)
        at java.util.concurrent.locks.AbstractQueuedSynchronizer$ConditionObject.awaitNanos(AbstractQueuedSynchronizer.java:2078)
        at org.eclipse.jetty.util.BlockingArrayQueue.poll(BlockingArrayQueue.java:392)
        at org.eclipse.jetty.util.thread.QueuedThreadPool.idleJobPoll(QueuedThreadPool.java:563)
        at org.eclipse.jetty.util.thread.QueuedThreadPool.access$800(QueuedThreadPool.java:48)
        at org.eclipse.jetty.util.thread.QueuedThreadPool$2.run(QueuedThreadPool.java:626)
        at java.lang.Thread.run(Thread.java:748)
"pool-36-thread-3"  prio=5 tid=296 in Object.wait()
java.lang.Thread.State: WAITING (on object monitor)
        at sun.misc.Unsafe.park(Native Method)
        at java.util.concurrent.locks.LockSupport.park(LockSupport.java:175)
        at java.util.concurrent.locks.AbstractQueuedSynchronizer$ConditionObject.await(AbstractQueuedSynchronizer.java:2039)
        at java.util.concurrent.ArrayBlockingQueue.take(ArrayBlockingQueue.java:403)
        at java.util.concurrent.ThreadPoolExecutor.getTask(ThreadPoolExecutor.java:1074)
        at java.util.concurrent.ThreadPoolExecutor.runWorker(ThreadPoolExecutor.java:1134)
        at java.util.concurrent.ThreadPoolExecutor$Worker.run(ThreadPoolExecutor.java:624)
        at java.lang.Thread.run(Thread.java:748)
"pool-36-thread-15"  prio=5 tid=308 in Object.wait()
java.lang.Thread.State: WAITING (on object monitor)
        at sun.misc.Unsafe.park(Native Method)
        at java.util.concurrent.locks.LockSupport.park(LockSupport.java:175)
        at java.util.concurrent.locks.AbstractQueuedSynchronizer$ConditionObject.await(AbstractQueuedSynchronizer.java:2039)
        at java.util.concurrent.ArrayBlockingQueue.take(ArrayBlockingQueue.java:403)
        at java.util.concurrent.ThreadPoolExecutor.getTask(ThreadPoolExecutor.java:1074)
        at java.util.concurrent.ThreadPoolExecutor.runWorker(ThreadPoolExecutor.java:1134)
        at java.util.concurrent.ThreadPoolExecutor$Worker.run(ThreadPoolExecutor.java:624)
        at java.lang.Thread.run(Thread.java:748)
"metrics-hadoop-metrics2-reporter-4-thread-1" daemon prio=5 tid=442 timed_waiting
java.lang.Thread.State: TIMED_WAITING
        at sun.misc.Unsafe.park(Native Method)
        at java.util.concurrent.locks.LockSupport.parkNanos(LockSupport.java:215)
        at java.util.concurrent.locks.AbstractQueuedSynchronizer$ConditionObject.awaitNanos(AbstractQueuedSynchronizer.java:2078)
        at java.util.concurrent.ScheduledThreadPoolExecutor$DelayedWorkQueue.take(ScheduledThreadPoolExecutor.java:1093)
        at java.util.concurrent.ScheduledThreadPoolExecutor$DelayedWorkQueue.take(ScheduledThreadPoolExecutor.java:809)
        at java.util.concurrent.ThreadPoolExecutor.getTask(ThreadPoolExecutor.java:1074)
        at java.util.concurrent.ThreadPoolExecutor.runWorker(ThreadPoolExecutor.java:1134)
        at java.util.concurrent.ThreadPoolExecutor$Worker.run(ThreadPoolExecutor.java:624)
        at java.lang.Thread.run(Thread.java:748)
"pool-26-thread-29"  prio=5 tid=262 in Object.wait()
java.lang.Thread.State: WAITING (on object monitor)
        at sun.misc.Unsafe.park(Native Method)
        at java.util.concurrent.locks.LockSupport.park(LockSupport.java:175)
        at java.util.concurrent.locks.AbstractQueuedSynchronizer$ConditionObject.await(AbstractQueuedSynchronizer.java:2039)
        at java.util.concurrent.ArrayBlockingQueue.take(ArrayBlockingQueue.java:403)
        at java.util.concurrent.ThreadPoolExecutor.getTask(ThreadPoolExecutor.java:1074)
        at java.util.concurrent.ThreadPoolExecutor.runWorker(ThreadPoolExecutor.java:1134)
        at java.util.concurrent.ThreadPoolExecutor$Worker.run(ThreadPoolExecutor.java:624)
        at java.lang.Thread.run(Thread.java:748)
"pool-26-thread-60"  prio=5 tid=293 in Object.wait()
java.lang.Thread.State: WAITING (on object monitor)
        at sun.misc.Unsafe.park(Native Method)
        at java.util.concurrent.locks.LockSupport.park(LockSupport.java:175)
        at java.util.concurrent.locks.AbstractQueuedSynchronizer$ConditionObject.await(AbstractQueuedSynchronizer.java:2039)
        at java.util.concurrent.ArrayBlockingQueue.take(ArrayBlockingQueue.java:403)
        at java.util.concurrent.ThreadPoolExecutor.getTask(ThreadPoolExecutor.java:1074)
        at java.util.concurrent.ThreadPoolExecutor.runWorker(ThreadPoolExecutor.java:1134)
        at java.util.concurrent.ThreadPoolExecutor$Worker.run(ThreadPoolExecutor.java:624)
        at java.lang.Thread.run(Thread.java:748)
"IPC Server handler 3 on 39656" daemon prio=5 tid=73 timed_waiting
java.lang.Thread.State: TIMED_WAITING
        at sun.misc.Unsafe.park(Native Method)
        at java.util.concurrent.locks.LockSupport.parkNanos(LockSupport.java:215)
        at java.util.concurrent.locks.AbstractQueuedSynchronizer$ConditionObject.awaitNanos(AbstractQueuedSynchronizer.java:2078)
        at java.util.concurrent.LinkedBlockingQueue.poll(LinkedBlockingQueue.java:467)
        at org.apache.hadoop.ipc.CallQueueManager.take(CallQueueManager.java:288)
        at org.apache.hadoop.ipc.Server$Handler.run(Server.java:2668)
"Thread-184" daemon prio=5 tid=445 timed_waiting
java.lang.Thread.State: TIMED_WAITING
        at sun.misc.Unsafe.park(Native Method)
        at java.util.concurrent.locks.LockSupport.parkNanos(LockSupport.java:215)
        at java.util.concurrent.locks.AbstractQueuedSynchronizer$ConditionObject.awaitNanos(AbstractQueuedSynchronizer.java:2078)
        at java.util.concurrent.ArrayBlockingQueue.poll(ArrayBlockingQueue.java:418)
        at org.apache.ratis.server.impl.LeaderState$EventQueue.poll(LeaderState.java:115)
        at org.apache.ratis.server.impl.LeaderState$EventProcessor.run(LeaderState.java:467)
"Command processor thread" daemon prio=5 tid=230 timed_waiting
java.lang.Thread.State: TIMED_WAITING
        at java.lang.Thread.sleep(Native Method)
        at org.apache.hadoop.ozone.container.common.statemachine.DatanodeStateMachine.lambda$initCommandHandlerThread$1(DatanodeStateMachine.java:439)
        at org.apache.hadoop.ozone.container.common.statemachine.DatanodeStateMachine$$Lambda$141/493645716.run(Unknown Source)
        at java.lang.Thread.run(Thread.java:748)
"pool-46-thread-41"  prio=5 tid=394 in Object.wait()
java.lang.Thread.State: WAITING (on object monitor)
        at sun.misc.Unsafe.park(Native Method)
        at java.util.concurrent.locks.LockSupport.park(LockSupport.java:175)
        at java.util.concurrent.locks.AbstractQueuedSynchronizer$ConditionObject.await(AbstractQueuedSynchronizer.java:2039)
        at java.util.concurrent.ArrayBlockingQueue.take(ArrayBlockingQueue.java:403)
        at java.util.concurrent.ThreadPoolExecutor.getTask(ThreadPoolExecutor.java:1074)
        at java.util.concurrent.ThreadPoolExecutor.runWorker(ThreadPoolExecutor.java:1134)
        at java.util.concurrent.ThreadPoolExecutor$Worker.run(ThreadPoolExecutor.java:624)
        at java.lang.Thread.run(Thread.java:748)
"pool-46-thread-1"  prio=5 tid=354 in Object.wait()
java.lang.Thread.State: WAITING (on object monitor)
        at sun.misc.Unsafe.park(Native Method)
        at java.util.concurrent.locks.LockSupport.park(LockSupport.java:175)
        at java.util.concurrent.locks.AbstractQueuedSynchronizer$ConditionObject.await(AbstractQueuedSynchronizer.java:2039)
        at java.util.concurrent.ArrayBlockingQueue.take(ArrayBlockingQueue.java:403)
        at java.util.concurrent.ThreadPoolExecutor.getTask(ThreadPoolExecutor.java:1074)
        at java.util.concurrent.ThreadPoolExecutor.runWorker(ThreadPoolExecutor.java:1134)
        at java.util.concurrent.ThreadPoolExecutor$Worker.run(ThreadPoolExecutor.java:624)
        at java.lang.Thread.run(Thread.java:748)
"IPC Server handler 7 on 39615" daemon prio=5 tid=37 timed_waiting
java.lang.Thread.State: TIMED_WAITING
        at sun.misc.Unsafe.park(Native Method)
        at java.util.concurrent.locks.LockSupport.parkNanos(LockSupport.java:215)
        at java.util.concurrent.locks.AbstractQueuedSynchronizer$ConditionObject.awaitNanos(AbstractQueuedSynchronizer.java:2078)
        at java.util.concurrent.LinkedBlockingQueue.poll(LinkedBlockingQueue.java:467)
        at org.apache.hadoop.ipc.CallQueueManager.take(CallQueueManager.java:288)
        at org.apache.hadoop.ipc.Server$Handler.run(Server.java:2668)
"metrics-hadoop-metrics2-reporter-25-thread-1" daemon prio=5 tid=519 timed_waiting
java.lang.Thread.State: TIMED_WAITING
        at sun.misc.Unsafe.park(Native Method)
        at java.util.concurrent.locks.LockSupport.parkNanos(LockSupport.java:215)
        at java.util.concurrent.locks.AbstractQueuedSynchronizer$ConditionObject.awaitNanos(AbstractQueuedSynchronizer.java:2078)
        at java.util.concurrent.ScheduledThreadPoolExecutor$DelayedWorkQueue.take(ScheduledThreadPoolExecutor.java:1093)
        at java.util.concurrent.ScheduledThreadPoolExecutor$DelayedWorkQueue.take(ScheduledThreadPoolExecutor.java:809)
        at java.util.concurrent.ThreadPoolExecutor.getTask(ThreadPoolExecutor.java:1074)
        at java.util.concurrent.ThreadPoolExecutor.runWorker(ThreadPoolExecutor.java:1134)
        at java.util.concurrent.ThreadPoolExecutor$Worker.run(ThreadPoolExecutor.java:624)
        at java.lang.Thread.run(Thread.java:748)
"IPC Server handler 17 on 37656" daemon prio=5 tid=67 timed_waiting
java.lang.Thread.State: TIMED_WAITING
        at sun.misc.Unsafe.park(Native Method)
        at java.util.concurrent.locks.LockSupport.parkNanos(LockSupport.java:215)
        at java.util.concurrent.locks.AbstractQueuedSynchronizer$ConditionObject.awaitNanos(AbstractQueuedSynchronizer.java:2078)
        at java.util.concurrent.LinkedBlockingQueue.poll(LinkedBlockingQueue.java:467)
        at org.apache.hadoop.ipc.CallQueueManager.take(CallQueueManager.java:288)
        at org.apache.hadoop.ipc.Server$Handler.run(Server.java:2668)
"pool-26-thread-13"  prio=5 tid=246 in Object.wait()
java.lang.Thread.State: WAITING (on object monitor)
        at sun.misc.Unsafe.park(Native Method)
        at java.util.concurrent.locks.LockSupport.park(LockSupport.java:175)
        at java.util.concurrent.locks.AbstractQueuedSynchronizer$ConditionObject.await(AbstractQueuedSynchronizer.java:2039)
        at java.util.concurrent.ArrayBlockingQueue.take(ArrayBlockingQueue.java:403)
        at java.util.concurrent.ThreadPoolExecutor.getTask(ThreadPoolExecutor.java:1074)
        at java.util.concurrent.ThreadPoolExecutor.runWorker(ThreadPoolExecutor.java:1134)
        at java.util.concurrent.ThreadPoolExecutor$Worker.run(ThreadPoolExecutor.java:624)
        at java.lang.Thread.run(Thread.java:748)
"IPC Server handler 16 on 32962" daemon prio=5 tid=132 timed_waiting
java.lang.Thread.State: TIMED_WAITING
        at sun.misc.Unsafe.park(Native Method)
        at java.util.concurrent.locks.LockSupport.parkNanos(LockSupport.java:215)
        at java.util.concurrent.locks.AbstractQueuedSynchronizer$ConditionObject.awaitNanos(AbstractQueuedSynchronizer.java:2078)
        at java.util.concurrent.LinkedBlockingQueue.poll(LinkedBlockingQueue.java:467)
        at org.apache.hadoop.ipc.CallQueueManager.take(CallQueueManager.java:288)
        at org.apache.hadoop.ipc.Server$Handler.run(Server.java:2668)
"IPC Server handler 19 on 39615" daemon prio=5 tid=49 timed_waiting
java.lang.Thread.State: TIMED_WAITING
        at sun.misc.Unsafe.park(Native Method)
        at java.util.concurrent.locks.LockSupport.parkNanos(LockSupport.java:215)
        at java.util.concurrent.locks.AbstractQueuedSynchronizer$ConditionObject.awaitNanos(AbstractQueuedSynchronizer.java:2078)
        at java.util.concurrent.LinkedBlockingQueue.poll(LinkedBlockingQueue.java:467)
        at org.apache.hadoop.ipc.CallQueueManager.take(CallQueueManager.java:288)
        at org.apache.hadoop.ipc.Server$Handler.run(Server.java:2668)
"pool-46-thread-37"  prio=5 tid=390 in Object.wait()
java.lang.Thread.State: WAITING (on object monitor)
        at sun.misc.Unsafe.park(Native Method)
        at java.util.concurrent.locks.LockSupport.park(LockSupport.java:175)
        at java.util.concurrent.locks.AbstractQueuedSynchronizer$ConditionObject.await(AbstractQueuedSynchronizer.java:2039)
        at java.util.concurrent.ArrayBlockingQueue.take(ArrayBlockingQueue.java:403)
        at java.util.concurrent.ThreadPoolExecutor.getTask(ThreadPoolExecutor.java:1074)
        at java.util.concurrent.ThreadPoolExecutor.runWorker(ThreadPoolExecutor.java:1134)
        at java.util.concurrent.ThreadPoolExecutor$Worker.run(ThreadPoolExecutor.java:624)
        at java.lang.Thread.run(Thread.java:748)
"pool-26-thread-4"  prio=5 tid=237 in Object.wait()
java.lang.Thread.State: WAITING (on object monitor)
        at sun.misc.Unsafe.park(Native Method)
        at java.util.concurrent.locks.LockSupport.park(LockSupport.java:175)
        at java.util.concurrent.locks.AbstractQueuedSynchronizer$ConditionObject.await(AbstractQueuedSynchronizer.java:2039)
        at java.util.concurrent.ArrayBlockingQueue.take(ArrayBlockingQueue.java:403)
        at java.util.concurrent.ThreadPoolExecutor.getTask(ThreadPoolExecutor.java:1074)
        at java.util.concurrent.ThreadPoolExecutor.runWorker(ThreadPoolExecutor.java:1134)
        at java.util.concurrent.ThreadPoolExecutor$Worker.run(ThreadPoolExecutor.java:624)
        at java.lang.Thread.run(Thread.java:748)
"pool-36-thread-18"  prio=5 tid=311 in Object.wait()
java.lang.Thread.State: WAITING (on object monitor)
        at sun.misc.Unsafe.park(Native Method)
        at java.util.concurrent.locks.LockSupport.park(LockSupport.java:175)
        at java.util.concurrent.locks.AbstractQueuedSynchronizer$ConditionObject.await(AbstractQueuedSynchronizer.java:2039)
        at java.util.concurrent.ArrayBlockingQueue.take(ArrayBlockingQueue.java:403)
        at java.util.concurrent.ThreadPoolExecutor.getTask(ThreadPoolExecutor.java:1074)
        at java.util.concurrent.ThreadPoolExecutor.runWorker(ThreadPoolExecutor.java:1134)
        at java.util.concurrent.ThreadPoolExecutor$Worker.run(ThreadPoolExecutor.java:624)
        at java.lang.Thread.run(Thread.java:748)
"pool-26-thread-35"  prio=5 tid=268 in Object.wait()
java.lang.Thread.State: WAITING (on object monitor)
        at sun.misc.Unsafe.park(Native Method)
        at java.util.concurrent.locks.LockSupport.park(LockSupport.java:175)
        at java.util.concurrent.locks.AbstractQueuedSynchronizer$ConditionObject.await(AbstractQueuedSynchronizer.java:2039)
        at java.util.concurrent.ArrayBlockingQueue.take(ArrayBlockingQueue.java:403)
        at java.util.concurrent.ThreadPoolExecutor.getTask(ThreadPoolExecutor.java:1074)
        at java.util.concurrent.ThreadPoolExecutor.runWorker(ThreadPoolExecutor.java:1134)
        at java.util.concurrent.ThreadPoolExecutor$Worker.run(ThreadPoolExecutor.java:624)
        at java.lang.Thread.run(Thread.java:748)
"metrics-hadoop-metrics2-reporter-18-thread-1" daemon prio=5 tid=484 timed_waiting
java.lang.Thread.State: TIMED_WAITING
        at sun.misc.Unsafe.park(Native Method)
        at java.util.concurrent.locks.LockSupport.parkNanos(LockSupport.java:215)
        at java.util.concurrent.locks.AbstractQueuedSynchronizer$ConditionObject.awaitNanos(AbstractQueuedSynchronizer.java:2078)
        at java.util.concurrent.ScheduledThreadPoolExecutor$DelayedWorkQueue.take(ScheduledThreadPoolExecutor.java:1093)
        at java.util.concurrent.ScheduledThreadPoolExecutor$DelayedWorkQueue.take(ScheduledThreadPoolExecutor.java:809)
        at java.util.concurrent.ThreadPoolExecutor.getTask(ThreadPoolExecutor.java:1074)
        at java.util.concurrent.ThreadPoolExecutor.runWorker(ThreadPoolExecutor.java:1134)
        at java.util.concurrent.ThreadPoolExecutor$Worker.run(ThreadPoolExecutor.java:624)
        at java.lang.Thread.run(Thread.java:748)
"qtp190696393-160" daemon prio=5 tid=160 runnable
java.lang.Thread.State: RUNNABLE
        at sun.nio.ch.EPollArrayWrapper.epollWait(Native Method)
        at sun.nio.ch.EPollArrayWrapper.poll(EPollArrayWrapper.java:269)
        at sun.nio.ch.EPollSelectorImpl.doSelect(EPollSelectorImpl.java:93)
        at sun.nio.ch.SelectorImpl.lockAndDoSelect(SelectorImpl.java:86)
        at sun.nio.ch.SelectorImpl.select(SelectorImpl.java:97)
        at sun.nio.ch.SelectorImpl.select(SelectorImpl.java:101)
        at org.eclipse.jetty.io.ManagedSelector$SelectorProducer.select(ManagedSelector.java:243)
        at org.eclipse.jetty.io.ManagedSelector$SelectorProducer.produce(ManagedSelector.java:191)
        at org.eclipse.jetty.util.thread.strategy.ExecuteProduceConsume.executeProduceConsume(ExecuteProduceConsume.java:249)
        at org.eclipse.jetty.util.thread.strategy.ExecuteProduceConsume.produceConsume(ExecuteProduceConsume.java:148)
        at org.eclipse.jetty.util.thread.strategy.ExecuteProduceConsume.execute(ExecuteProduceConsume.java:100)
        at org.eclipse.jetty.io.ManagedSelector.run(ManagedSelector.java:147)
        at org.eclipse.jetty.util.thread.QueuedThreadPool.runJob(QueuedThreadPool.java:671)
        at org.eclipse.jetty.util.thread.QueuedThreadPool$2.run(QueuedThreadPool.java:589)
        at java.lang.Thread.run(Thread.java:748)
"pool-36-thread-5"  prio=5 tid=298 in Object.wait()
java.lang.Thread.State: WAITING (on object monitor)
        at sun.misc.Unsafe.park(Native Method)
        at java.util.concurrent.locks.LockSupport.park(LockSupport.java:175)
        at java.util.concurrent.locks.AbstractQueuedSynchronizer$ConditionObject.await(AbstractQueuedSynchronizer.java:2039)
        at java.util.concurrent.ArrayBlockingQueue.take(ArrayBlockingQueue.java:403)
        at java.util.concurrent.ThreadPoolExecutor.getTask(ThreadPoolExecutor.java:1074)
        at java.util.concurrent.ThreadPoolExecutor.runWorker(ThreadPoolExecutor.java:1134)
        at java.util.concurrent.ThreadPoolExecutor$Worker.run(ThreadPoolExecutor.java:624)
        at java.lang.Thread.run(Thread.java:748)
"pool-36-thread-28"  prio=5 tid=321 in Object.wait()
java.lang.Thread.State: WAITING (on object monitor)
        at sun.misc.Unsafe.park(Native Method)
        at java.util.concurrent.locks.LockSupport.park(LockSupport.java:175)
        at java.util.concurrent.locks.AbstractQueuedSynchronizer$ConditionObject.await(AbstractQueuedSynchronizer.java:2039)
        at java.util.concurrent.ArrayBlockingQueue.take(ArrayBlockingQueue.java:403)
        at java.util.concurrent.ThreadPoolExecutor.getTask(ThreadPoolExecutor.java:1074)
        at java.util.concurrent.ThreadPoolExecutor.runWorker(ThreadPoolExecutor.java:1134)
        at java.util.concurrent.ThreadPoolExecutor$Worker.run(ThreadPoolExecutor.java:624)
        at java.lang.Thread.run(Thread.java:748)
"pool-46-thread-26"  prio=5 tid=379 in Object.wait()
java.lang.Thread.State: WAITING (on object monitor)
        at sun.misc.Unsafe.park(Native Method)
        at java.util.concurrent.locks.LockSupport.park(LockSupport.java:175)
        at java.util.concurrent.locks.AbstractQueuedSynchronizer$ConditionObject.await(AbstractQueuedSynchronizer.java:2039)
        at java.util.concurrent.ArrayBlockingQueue.take(ArrayBlockingQueue.java:403)
        at java.util.concurrent.ThreadPoolExecutor.getTask(ThreadPoolExecutor.java:1074)
        at java.util.concurrent.ThreadPoolExecutor.runWorker(ThreadPoolExecutor.java:1134)
        at java.util.concurrent.ThreadPoolExecutor$Worker.run(ThreadPoolExecutor.java:624)
        at java.lang.Thread.run(Thread.java:748)
"pool-46-thread-2"  prio=5 tid=355 in Object.wait()
java.lang.Thread.State: WAITING (on object monitor)
        at sun.misc.Unsafe.park(Native Method)
        at java.util.concurrent.locks.LockSupport.park(LockSupport.java:175)
        at java.util.concurrent.locks.AbstractQueuedSynchronizer$ConditionObject.await(AbstractQueuedSynchronizer.java:2039)
        at java.util.concurrent.ArrayBlockingQueue.take(ArrayBlockingQueue.java:403)
        at java.util.concurrent.ThreadPoolExecutor.getTask(ThreadPoolExecutor.java:1074)
        at java.util.concurrent.ThreadPoolExecutor.runWorker(ThreadPoolExecutor.java:1134)
        at java.util.concurrent.ThreadPoolExecutor$Worker.run(ThreadPoolExecutor.java:624)
        at java.lang.Thread.run(Thread.java:748)
"pool-36-thread-56"  prio=5 tid=349 in Object.wait()
java.lang.Thread.State: WAITING (on object monitor)
        at sun.misc.Unsafe.park(Native Method)
        at java.util.concurrent.locks.LockSupport.park(LockSupport.java:175)
        at java.util.concurrent.locks.AbstractQueuedSynchronizer$ConditionObject.await(AbstractQueuedSynchronizer.java:2039)
        at java.util.concurrent.ArrayBlockingQueue.take(ArrayBlockingQueue.java:403)
        at java.util.concurrent.ThreadPoolExecutor.getTask(ThreadPoolExecutor.java:1074)
        at java.util.concurrent.ThreadPoolExecutor.runWorker(ThreadPoolExecutor.java:1134)
        at java.util.concurrent.ThreadPoolExecutor$Worker.run(ThreadPoolExecutor.java:624)
        at java.lang.Thread.run(Thread.java:748)
"pool-26-thread-30"  prio=5 tid=263 in Object.wait()
java.lang.Thread.State: WAITING (on object monitor)
        at sun.misc.Unsafe.park(Native Method)
        at java.util.concurrent.locks.LockSupport.park(LockSupport.java:175)
        at java.util.concurrent.locks.AbstractQueuedSynchronizer$ConditionObject.await(AbstractQueuedSynchronizer.java:2039)
        at java.util.concurrent.ArrayBlockingQueue.take(ArrayBlockingQueue.java:403)
        at java.util.concurrent.ThreadPoolExecutor.getTask(ThreadPoolExecutor.java:1074)
        at java.util.concurrent.ThreadPoolExecutor.runWorker(ThreadPoolExecutor.java:1134)
        at java.util.concurrent.ThreadPoolExecutor$Worker.run(ThreadPoolExecutor.java:624)
        at java.lang.Thread.run(Thread.java:748)
"metrics-hadoop-metrics2-reporter-10-thread-1" daemon prio=5 tid=460 timed_waiting
java.lang.Thread.State: TIMED_WAITING
        at sun.misc.Unsafe.park(Native Method)
        at java.util.concurrent.locks.LockSupport.parkNanos(LockSupport.java:215)
        at java.util.concurrent.locks.AbstractQueuedSynchronizer$ConditionObject.awaitNanos(AbstractQueuedSynchronizer.java:2078)
        at java.util.concurrent.ScheduledThreadPoolExecutor$DelayedWorkQueue.take(ScheduledThreadPoolExecutor.java:1093)
        at java.util.concurrent.ScheduledThreadPoolExecutor$DelayedWorkQueue.take(ScheduledThreadPoolExecutor.java:809)
        at java.util.concurrent.ThreadPoolExecutor.getTask(ThreadPoolExecutor.java:1074)
        at java.util.concurrent.ThreadPoolExecutor.runWorker(ThreadPoolExecutor.java:1134)
        at java.util.concurrent.ThreadPoolExecutor$Worker.run(ThreadPoolExecutor.java:624)
        at java.lang.Thread.run(Thread.java:748)
"Reference Handler" daemon prio=10 tid=2 in Object.wait()
java.lang.Thread.State: WAITING (on object monitor)
        at java.lang.Object.wait(Native Method)
        at java.lang.Object.wait(Object.java:502)
        at java.lang.ref.Reference.tryHandlePending(Reference.java:191)
        at java.lang.ref.Reference$ReferenceHandler.run(Reference.java:153)
"IPC Server handler 0 on 37656" daemon prio=5 tid=50 timed_waiting
java.lang.Thread.State: TIMED_WAITING
        at sun.misc.Unsafe.park(Native Method)
        at java.util.concurrent.locks.LockSupport.parkNanos(LockSupport.java:215)
        at java.util.concurrent.locks.AbstractQueuedSynchronizer$ConditionObject.awaitNanos(AbstractQueuedSynchronizer.java:2078)
        at java.util.concurrent.LinkedBlockingQueue.poll(LinkedBlockingQueue.java:467)
        at org.apache.hadoop.ipc.CallQueueManager.take(CallQueueManager.java:288)
        at org.apache.hadoop.ipc.Server$Handler.run(Server.java:2668)
"pool-26-thread-1"  prio=5 tid=234 in Object.wait()
java.lang.Thread.State: WAITING (on object monitor)
        at sun.misc.Unsafe.park(Native Method)
        at java.util.concurrent.locks.LockSupport.park(LockSupport.java:175)
        at java.util.concurrent.locks.AbstractQueuedSynchronizer$ConditionObject.await(AbstractQueuedSynchronizer.java:2039)
        at java.util.concurrent.ArrayBlockingQueue.take(ArrayBlockingQueue.java:403)
        at java.util.concurrent.ThreadPoolExecutor.getTask(ThreadPoolExecutor.java:1074)
        at java.util.concurrent.ThreadPoolExecutor.runWorker(ThreadPoolExecutor.java:1134)
        at java.util.concurrent.ThreadPoolExecutor$Worker.run(ThreadPoolExecutor.java:624)
        at java.lang.Thread.run(Thread.java:748)
"OMDoubleBufferFlushThread" daemon prio=5 tid=107 timed_waiting
java.lang.Thread.State: TIMED_WAITING
        at java.lang.Object.wait(Native Method)
        at org.apache.hadoop.ozone.om.ratis.OzoneManagerDoubleBuffer.canFlush(OzoneManagerDoubleBuffer.java:322)
        at org.apache.hadoop.ozone.om.ratis.OzoneManagerDoubleBuffer.flushTransactions(OzoneManagerDoubleBuffer.java:130)
        at org.apache.hadoop.ozone.om.ratis.OzoneManagerDoubleBuffer$$Lambda$49/487183370.run(Unknown Source)
        at java.lang.Thread.run(Thread.java:748)
"metrics-hadoop-metrics2-reporter-29-thread-1" daemon prio=5 tid=624 timed_waiting
java.lang.Thread.State: TIMED_WAITING
        at sun.misc.Unsafe.park(Native Method)
        at java.util.concurrent.locks.LockSupport.parkNanos(LockSupport.java:215)
        at java.util.concurrent.locks.AbstractQueuedSynchronizer$ConditionObject.awaitNanos(AbstractQueuedSynchronizer.java:2078)
        at java.util.concurrent.ScheduledThreadPoolExecutor$DelayedWorkQueue.take(ScheduledThreadPoolExecutor.java:1093)
        at java.util.concurrent.ScheduledThreadPoolExecutor$DelayedWorkQueue.take(ScheduledThreadPoolExecutor.java:809)
        at java.util.concurrent.ThreadPoolExecutor.getTask(ThreadPoolExecutor.java:1074)
        at java.util.concurrent.ThreadPoolExecutor.runWorker(ThreadPoolExecutor.java:1134)
        at java.util.concurrent.ThreadPoolExecutor$Worker.run(ThreadPoolExecutor.java:624)
        at java.lang.Thread.run(Thread.java:748)
"IPC Server handler 4 on 37656" daemon prio=5 tid=54 timed_waiting
java.lang.Thread.State: TIMED_WAITING
        at sun.misc.Unsafe.park(Native Method)
        at java.util.concurrent.locks.LockSupport.parkNanos(LockSupport.java:215)
        at java.util.concurrent.locks.AbstractQueuedSynchronizer$ConditionObject.awaitNanos(AbstractQueuedSynchronizer.java:2078)
        at java.util.concurrent.LinkedBlockingQueue.poll(LinkedBlockingQueue.java:467)
        at org.apache.hadoop.ipc.CallQueueManager.take(CallQueueManager.java:288)
        at org.apache.hadoop.ipc.Server$Handler.run(Server.java:2668)
"qtp190696393-166" daemon prio=5 tid=166 timed_waiting
java.lang.Thread.State: TIMED_WAITING
        at sun.misc.Unsafe.park(Native Method)
        at java.util.concurrent.locks.LockSupport.parkNanos(LockSupport.java:215)
        at java.util.concurrent.locks.AbstractQueuedSynchronizer$ConditionObject.awaitNanos(AbstractQueuedSynchronizer.java:2078)
        at org.eclipse.jetty.util.BlockingArrayQueue.poll(BlockingArrayQueue.java:392)
        at org.eclipse.jetty.util.thread.QueuedThreadPool.idleJobPoll(QueuedThreadPool.java:563)
        at org.eclipse.jetty.util.thread.QueuedThreadPool.access$800(QueuedThreadPool.java:48)
        at org.eclipse.jetty.util.thread.QueuedThreadPool$2.run(QueuedThreadPool.java:626)
        at java.lang.Thread.run(Thread.java:748)
"IPC Server handler 3 on 37656" daemon prio=5 tid=53 timed_waiting
java.lang.Thread.State: TIMED_WAITING
        at sun.misc.Unsafe.park(Native Method)
        at java.util.concurrent.locks.LockSupport.parkNanos(LockSupport.java:215)
        at java.util.concurrent.locks.AbstractQueuedSynchronizer$ConditionObject.awaitNanos(AbstractQueuedSynchronizer.java:2078)
        at java.util.concurrent.LinkedBlockingQueue.poll(LinkedBlockingQueue.java:467)
        at org.apache.hadoop.ipc.CallQueueManager.take(CallQueueManager.java:288)
        at org.apache.hadoop.ipc.Server$Handler.run(Server.java:2668)
"pool-46-thread-22"  prio=5 tid=375 in Object.wait()
java.lang.Thread.State: WAITING (on object monitor)
        at sun.misc.Unsafe.park(Native Method)
        at java.util.concurrent.locks.LockSupport.park(LockSupport.java:175)
        at java.util.concurrent.locks.AbstractQueuedSynchronizer$ConditionObject.await(AbstractQueuedSynchronizer.java:2039)
        at java.util.concurrent.ArrayBlockingQueue.take(ArrayBlockingQueue.java:403)
        at java.util.concurrent.ThreadPoolExecutor.getTask(ThreadPoolExecutor.java:1074)
        at java.util.concurrent.ThreadPoolExecutor.runWorker(ThreadPoolExecutor.java:1134)
        at java.util.concurrent.ThreadPoolExecutor$Worker.run(ThreadPoolExecutor.java:624)
        at java.lang.Thread.run(Thread.java:748)
"IPC Server handler 2 on 39656" daemon prio=5 tid=72 timed_waiting
java.lang.Thread.State: TIMED_WAITING
        at sun.misc.Unsafe.park(Native Method)
        at java.util.concurrent.locks.LockSupport.parkNanos(LockSupport.java:215)
        at java.util.concurrent.locks.AbstractQueuedSynchronizer$ConditionObject.awaitNanos(AbstractQueuedSynchronizer.java:2078)
        at java.util.concurrent.LinkedBlockingQueue.poll(LinkedBlockingQueue.java:467)
        at org.apache.hadoop.ipc.CallQueueManager.take(CallQueueManager.java:288)
        at org.apache.hadoop.ipc.Server$Handler.run(Server.java:2668)
"BlockDeletingService#1" daemon prio=5 tid=420 in Object.wait()
java.lang.Thread.State: WAITING (on object monitor)
        at sun.misc.Unsafe.park(Native Method)
        at java.util.concurrent.locks.LockSupport.park(LockSupport.java:175)
        at java.util.concurrent.locks.AbstractQueuedSynchronizer$ConditionObject.await(AbstractQueuedSynchronizer.java:2039)
        at java.util.concurrent.ScheduledThreadPoolExecutor$DelayedWorkQueue.take(ScheduledThreadPoolExecutor.java:1088)
        at java.util.concurrent.ScheduledThreadPoolExecutor$DelayedWorkQueue.take(ScheduledThreadPoolExecutor.java:809)
        at java.util.concurrent.ThreadPoolExecutor.getTask(ThreadPoolExecutor.java:1074)
        at java.util.concurrent.ThreadPoolExecutor.runWorker(ThreadPoolExecutor.java:1134)
        at java.util.concurrent.ThreadPoolExecutor$Worker.run(ThreadPoolExecutor.java:624)
        at java.lang.Thread.run(Thread.java:748)
"org.eclipse.jetty.server.session.HashSessionManager@12743c0bTimer" daemon prio=5 tid=222 timed_waiting
java.lang.Thread.State: TIMED_WAITING
        at sun.misc.Unsafe.park(Native Method)
        at java.util.concurrent.locks.LockSupport.parkNanos(LockSupport.java:215)
        at java.util.concurrent.locks.AbstractQueuedSynchronizer$ConditionObject.awaitNanos(AbstractQueuedSynchronizer.java:2078)
        at java.util.concurrent.ScheduledThreadPoolExecutor$DelayedWorkQueue.take(ScheduledThreadPoolExecutor.java:1093)
        at java.util.concurrent.ScheduledThreadPoolExecutor$DelayedWorkQueue.take(ScheduledThreadPoolExecutor.java:809)
        at java.util.concurrent.ThreadPoolExecutor.getTask(ThreadPoolExecutor.java:1074)
        at java.util.concurrent.ThreadPoolExecutor.runWorker(ThreadPoolExecutor.java:1134)
        at java.util.concurrent.ThreadPoolExecutor$Worker.run(ThreadPoolExecutor.java:624)
        at java.lang.Thread.run(Thread.java:748)
"pool-46-thread-13"  prio=5 tid=366 in Object.wait()
java.lang.Thread.State: WAITING (on object monitor)
        at sun.misc.Unsafe.park(Native Method)
        at java.util.concurrent.locks.LockSupport.park(LockSupport.java:175)
        at java.util.concurrent.locks.AbstractQueuedSynchronizer$ConditionObject.await(AbstractQueuedSynchronizer.java:2039)
        at java.util.concurrent.ArrayBlockingQueue.take(ArrayBlockingQueue.java:403)
        at java.util.concurrent.ThreadPoolExecutor.getTask(ThreadPoolExecutor.java:1074)
        at java.util.concurrent.ThreadPoolExecutor.runWorker(ThreadPoolExecutor.java:1134)
        at java.util.concurrent.ThreadPoolExecutor$Worker.run(ThreadPoolExecutor.java:624)
        at java.lang.Thread.run(Thread.java:748)
"pool-36-thread-35"  prio=5 tid=328 in Object.wait()
java.lang.Thread.State: WAITING (on object monitor)
        at sun.misc.Unsafe.park(Native Method)
        at java.util.concurrent.locks.LockSupport.park(LockSupport.java:175)
        at java.util.concurrent.locks.AbstractQueuedSynchronizer$ConditionObject.await(AbstractQueuedSynchronizer.java:2039)
        at java.util.concurrent.ArrayBlockingQueue.take(ArrayBlockingQueue.java:403)
        at java.util.concurrent.ThreadPoolExecutor.getTask(ThreadPoolExecutor.java:1074)
        at java.util.concurrent.ThreadPoolExecutor.runWorker(ThreadPoolExecutor.java:1134)
        at java.util.concurrent.ThreadPoolExecutor$Worker.run(ThreadPoolExecutor.java:624)
        at java.lang.Thread.run(Thread.java:748)
"IPC Server listener on 39656" daemon prio=5 tid=15 runnable
java.lang.Thread.State: RUNNABLE
        at sun.nio.ch.EPollArrayWrapper.epollWait(Native Method)
        at sun.nio.ch.EPollArrayWrapper.poll(EPollArrayWrapper.java:269)
        at sun.nio.ch.EPollSelectorImpl.doSelect(EPollSelectorImpl.java:93)
        at sun.nio.ch.SelectorImpl.lockAndDoSelect(SelectorImpl.java:86)
        at sun.nio.ch.SelectorImpl.select(SelectorImpl.java:97)
        at sun.nio.ch.SelectorImpl.select(SelectorImpl.java:101)
        at org.apache.hadoop.ipc.Server$Listener.run(Server.java:1159)
"grpc-default-executor-0" daemon prio=5 tid=431 timed_waiting
java.lang.Thread.State: TIMED_WAITING
        at sun.misc.Unsafe.park(Native Method)
        at java.util.concurrent.locks.LockSupport.parkNanos(LockSupport.java:215)
        at java.util.concurrent.SynchronousQueue$TransferStack.awaitFulfill(SynchronousQueue.java:460)
        at java.util.concurrent.SynchronousQueue$TransferStack.transfer(SynchronousQueue.java:362)
        at java.util.concurrent.SynchronousQueue.poll(SynchronousQueue.java:941)
        at java.util.concurrent.ThreadPoolExecutor.getTask(ThreadPoolExecutor.java:1073)
        at java.util.concurrent.ThreadPoolExecutor.runWorker(ThreadPoolExecutor.java:1134)
        at java.util.concurrent.ThreadPoolExecutor$Worker.run(ThreadPoolExecutor.java:624)
        at java.lang.Thread.run(Thread.java:748)
"qtp312968017-189" daemon prio=5 tid=189 timed_waiting
java.lang.Thread.State: TIMED_WAITING
        at sun.misc.Unsafe.park(Native Method)
        at java.util.concurrent.locks.LockSupport.parkNanos(LockSupport.java:215)
        at java.util.concurrent.locks.AbstractQueuedSynchronizer$ConditionObject.awaitNanos(AbstractQueuedSynchronizer.java:2078)
        at org.eclipse.jetty.util.BlockingArrayQueue.poll(BlockingArrayQueue.java:392)
        at org.eclipse.jetty.util.thread.QueuedThreadPool.idleJobPoll(QueuedThreadPool.java:563)
        at org.eclipse.jetty.util.thread.QueuedThreadPool.access$800(QueuedThreadPool.java:48)
        at org.eclipse.jetty.util.thread.QueuedThreadPool$2.run(QueuedThreadPool.java:626)
        at java.lang.Thread.run(Thread.java:748)
"IPC Server Responder" daemon prio=5 tid=18 runnable
java.lang.Thread.State: RUNNABLE
        at sun.nio.ch.EPollArrayWrapper.epollWait(Native Method)
        at sun.nio.ch.EPollArrayWrapper.poll(EPollArrayWrapper.java:269)
        at sun.nio.ch.EPollSelectorImpl.doSelect(EPollSelectorImpl.java:93)
        at sun.nio.ch.SelectorImpl.lockAndDoSelect(SelectorImpl.java:86)
        at sun.nio.ch.SelectorImpl.select(SelectorImpl.java:97)
        at org.apache.hadoop.ipc.Server$Responder.doRunLoop(Server.java:1334)
        at org.apache.hadoop.ipc.Server$Responder.run(Server.java:1317)
"pool-26-thread-14"  prio=5 tid=247 in Object.wait()
java.lang.Thread.State: WAITING (on object monitor)
        at sun.misc.Unsafe.park(Native Method)
        at java.util.concurrent.locks.LockSupport.park(LockSupport.java:175)
        at java.util.concurrent.locks.AbstractQueuedSynchronizer$ConditionObject.await(AbstractQueuedSynchronizer.java:2039)
        at java.util.concurrent.ArrayBlockingQueue.take(ArrayBlockingQueue.java:403)
        at java.util.concurrent.ThreadPoolExecutor.getTask(ThreadPoolExecutor.java:1074)
        at java.util.concurrent.ThreadPoolExecutor.runWorker(ThreadPoolExecutor.java:1134)
        at java.util.concurrent.ThreadPoolExecutor$Worker.run(ThreadPoolExecutor.java:624)
        at java.lang.Thread.run(Thread.java:748)
"pool-46-thread-32"  prio=5 tid=385 in Object.wait()
java.lang.Thread.State: WAITING (on object monitor)
        at sun.misc.Unsafe.park(Native Method)
        at java.util.concurrent.locks.LockSupport.park(LockSupport.java:175)
        at java.util.concurrent.locks.AbstractQueuedSynchronizer$ConditionObject.await(AbstractQueuedSynchronizer.java:2039)
        at java.util.concurrent.ArrayBlockingQueue.take(ArrayBlockingQueue.java:403)
        at java.util.concurrent.ThreadPoolExecutor.getTask(ThreadPoolExecutor.java:1074)
        at java.util.concurrent.ThreadPoolExecutor.runWorker(ThreadPoolExecutor.java:1134)
        at java.util.concurrent.ThreadPoolExecutor$Worker.run(ThreadPoolExecutor.java:624)
        at java.lang.Thread.run(Thread.java:748)
"jaeger.RemoteReporter-QueueProcessor" daemon prio=5 tid=148 in Object.wait()
java.lang.Thread.State: WAITING (on object monitor)
        at sun.misc.Unsafe.park(Native Method)
        at java.util.concurrent.locks.LockSupport.park(LockSupport.java:175)
        at java.util.concurrent.locks.AbstractQueuedSynchronizer$ConditionObject.await(AbstractQueuedSynchronizer.java:2039)
        at java.util.concurrent.ArrayBlockingQueue.take(ArrayBlockingQueue.java:403)
        at io.jaegertracing.internal.reporters.RemoteReporter$QueueProcessor.run(RemoteReporter.java:173)
        at java.lang.Thread.run(Thread.java:748)
"IPC Server listener on 32962" daemon prio=5 tid=108 runnable
java.lang.Thread.State: RUNNABLE
        at sun.nio.ch.EPollArrayWrapper.epollWait(Native Method)
        at sun.nio.ch.EPollArrayWrapper.poll(EPollArrayWrapper.java:269)
        at sun.nio.ch.EPollSelectorImpl.doSelect(EPollSelectorImpl.java:93)
        at sun.nio.ch.SelectorImpl.lockAndDoSelect(SelectorImpl.java:86)
        at sun.nio.ch.SelectorImpl.select(SelectorImpl.java:97)
        at sun.nio.ch.SelectorImpl.select(SelectorImpl.java:101)
        at org.apache.hadoop.ipc.Server$Listener.run(Server.java:1159)
"metrics-hadoop-metrics2-reporter-3-thread-1" daemon prio=5 tid=440 timed_waiting
java.lang.Thread.State: TIMED_WAITING
        at sun.misc.Unsafe.park(Native Method)
        at java.util.concurrent.locks.LockSupport.parkNanos(LockSupport.java:215)
        at java.util.concurrent.locks.AbstractQueuedSynchronizer$ConditionObject.awaitNanos(AbstractQueuedSynchronizer.java:2078)
        at java.util.concurrent.ScheduledThreadPoolExecutor$DelayedWorkQueue.take(ScheduledThreadPoolExecutor.java:1093)
        at java.util.concurrent.ScheduledThreadPoolExecutor$DelayedWorkQueue.take(ScheduledThreadPoolExecutor.java:809)
        at java.util.concurrent.ThreadPoolExecutor.getTask(ThreadPoolExecutor.java:1074)
        at java.util.concurrent.ThreadPoolExecutor.runWorker(ThreadPoolExecutor.java:1134)
        at java.util.concurrent.ThreadPoolExecutor$Worker.run(ThreadPoolExecutor.java:624)
        at java.lang.Thread.run(Thread.java:748)
"pool-26-thread-23"  prio=5 tid=256 in Object.wait()
java.lang.Thread.State: WAITING (on object monitor)
        at sun.misc.Unsafe.park(Native Method)
        at java.util.concurrent.locks.LockSupport.park(LockSupport.java:175)
        at java.util.concurrent.locks.AbstractQueuedSynchronizer$ConditionObject.await(AbstractQueuedSynchronizer.java:2039)
        at java.util.concurrent.ArrayBlockingQueue.take(ArrayBlockingQueue.java:403)
        at java.util.concurrent.ThreadPoolExecutor.getTask(ThreadPoolExecutor.java:1074)
        at java.util.concurrent.ThreadPoolExecutor.runWorker(ThreadPoolExecutor.java:1134)
        at java.util.concurrent.ThreadPoolExecutor$Worker.run(ThreadPoolExecutor.java:624)
        at java.lang.Thread.run(Thread.java:748)
"pool-36-thread-53"  prio=5 tid=346 in Object.wait()
java.lang.Thread.State: WAITING (on object monitor)
        at sun.misc.Unsafe.park(Native Method)
        at java.util.concurrent.locks.LockSupport.park(LockSupport.java:175)
        at java.util.concurrent.locks.AbstractQueuedSynchronizer$ConditionObject.await(AbstractQueuedSynchronizer.java:2039)
        at java.util.concurrent.ArrayBlockingQueue.take(ArrayBlockingQueue.java:403)
        at java.util.concurrent.ThreadPoolExecutor.getTask(ThreadPoolExecutor.java:1074)
        at java.util.concurrent.ThreadPoolExecutor.runWorker(ThreadPoolExecutor.java:1134)
        at java.util.concurrent.ThreadPoolExecutor$Worker.run(ThreadPoolExecutor.java:624)
        at java.lang.Thread.run(Thread.java:748)
"pool-26-thread-41"  prio=5 tid=274 in Object.wait()
java.lang.Thread.State: WAITING (on object monitor)
        at sun.misc.Unsafe.park(Native Method)
        at java.util.concurrent.locks.LockSupport.park(LockSupport.java:175)
        at java.util.concurrent.locks.AbstractQueuedSynchronizer$ConditionObject.await(AbstractQueuedSynchronizer.java:2039)
        at java.util.concurrent.ArrayBlockingQueue.take(ArrayBlockingQueue.java:403)
        at java.util.concurrent.ThreadPoolExecutor.getTask(ThreadPoolExecutor.java:1074)
        at java.util.concurrent.ThreadPoolExecutor.runWorker(ThreadPoolExecutor.java:1134)
        at java.util.concurrent.ThreadPoolExecutor$Worker.run(ThreadPoolExecutor.java:624)
        at java.lang.Thread.run(Thread.java:748)
"IPC Server handler 17 on 32962" daemon prio=5 tid=133 timed_waiting
java.lang.Thread.State: TIMED_WAITING
        at sun.misc.Unsafe.park(Native Method)
        at java.util.concurrent.locks.LockSupport.parkNanos(LockSupport.java:215)
        at java.util.concurrent.locks.AbstractQueuedSynchronizer$ConditionObject.awaitNanos(AbstractQueuedSynchronizer.java:2078)
        at java.util.concurrent.LinkedBlockingQueue.poll(LinkedBlockingQueue.java:467)
        at org.apache.hadoop.ipc.CallQueueManager.take(CallQueueManager.java:288)
        at org.apache.hadoop.ipc.Server$Handler.run(Server.java:2668)
"pool-46-thread-7"  prio=5 tid=360 in Object.wait()
java.lang.Thread.State: WAITING (on object monitor)
        at sun.misc.Unsafe.park(Native Method)
        at java.util.concurrent.locks.LockSupport.park(LockSupport.java:175)
        at java.util.concurrent.locks.AbstractQueuedSynchronizer$ConditionObject.await(AbstractQueuedSynchronizer.java:2039)
        at java.util.concurrent.ArrayBlockingQueue.take(ArrayBlockingQueue.java:403)
        at java.util.concurrent.ThreadPoolExecutor.getTask(ThreadPoolExecutor.java:1074)
        at java.util.concurrent.ThreadPoolExecutor.runWorker(ThreadPoolExecutor.java:1134)
        at java.util.concurrent.ThreadPoolExecutor$Worker.run(ThreadPoolExecutor.java:624)
        at java.lang.Thread.run(Thread.java:748)
"metrics-hadoop-metrics2-reporter-34-thread-1" daemon prio=5 tid=641 timed_waiting
java.lang.Thread.State: TIMED_WAITING
        at sun.misc.Unsafe.park(Native Method)
        at java.util.concurrent.locks.LockSupport.parkNanos(LockSupport.java:215)
        at java.util.concurrent.locks.AbstractQueuedSynchronizer$ConditionObject.awaitNanos(AbstractQueuedSynchronizer.java:2078)
        at java.util.concurrent.ScheduledThreadPoolExecutor$DelayedWorkQueue.take(ScheduledThreadPoolExecutor.java:1093)
        at java.util.concurrent.ScheduledThreadPoolExecutor$DelayedWorkQueue.take(ScheduledThreadPoolExecutor.java:809)
        at java.util.concurrent.ThreadPoolExecutor.getTask(ThreadPoolExecutor.java:1074)
        at java.util.concurrent.ThreadPoolExecutor.runWorker(ThreadPoolExecutor.java:1134)
        at java.util.concurrent.ThreadPoolExecutor$Worker.run(ThreadPoolExecutor.java:624)
        at java.lang.Thread.run(Thread.java:748)
"EventQueue-ContainerReportForContainerReportHandler" daemon prio=5 tid=423 in Object.wait()
java.lang.Thread.State: WAITING (on object monitor)
        at sun.misc.Unsafe.park(Native Method)
        at java.util.concurrent.locks.LockSupport.park(LockSupport.java:175)
        at java.util.concurrent.locks.AbstractQueuedSynchronizer$ConditionObject.await(AbstractQueuedSynchronizer.java:2039)
        at java.util.concurrent.LinkedBlockingQueue.take(LinkedBlockingQueue.java:442)
        at java.util.concurrent.ThreadPoolExecutor.getTask(ThreadPoolExecutor.java:1074)
        at java.util.concurrent.ThreadPoolExecutor.runWorker(ThreadPoolExecutor.java:1134)
        at java.util.concurrent.ThreadPoolExecutor$Worker.run(ThreadPoolExecutor.java:624)
        at java.lang.Thread.run(Thread.java:748)
"pool-46-thread-43"  prio=5 tid=396 in Object.wait()
java.lang.Thread.State: WAITING (on object monitor)
        at sun.misc.Unsafe.park(Native Method)
        at java.util.concurrent.locks.LockSupport.park(LockSupport.java:175)
        at java.util.concurrent.locks.AbstractQueuedSynchronizer$ConditionObject.await(AbstractQueuedSynchronizer.java:2039)
        at java.util.concurrent.ArrayBlockingQueue.take(ArrayBlockingQueue.java:403)
        at java.util.concurrent.ThreadPoolExecutor.getTask(ThreadPoolExecutor.java:1074)
        at java.util.concurrent.ThreadPoolExecutor.runWorker(ThreadPoolExecutor.java:1134)
        at java.util.concurrent.ThreadPoolExecutor$Worker.run(ThreadPoolExecutor.java:624)
        at java.lang.Thread.run(Thread.java:748)
"pool-21-thread-1"  prio=5 tid=136 timed_waiting
java.lang.Thread.State: TIMED_WAITING
        at sun.misc.Unsafe.park(Native Method)
        at java.util.concurrent.locks.LockSupport.parkNanos(LockSupport.java:215)
        at java.util.concurrent.locks.AbstractQueuedSynchronizer$ConditionObject.awaitNanos(AbstractQueuedSynchronizer.java:2078)
        at java.util.concurrent.ScheduledThreadPoolExecutor$DelayedWorkQueue.take(ScheduledThreadPoolExecutor.java:1093)
        at java.util.concurrent.ScheduledThreadPoolExecutor$DelayedWorkQueue.take(ScheduledThreadPoolExecutor.java:809)
        at java.util.concurrent.ThreadPoolExecutor.getTask(ThreadPoolExecutor.java:1074)
        at java.util.concurrent.ThreadPoolExecutor.runWorker(ThreadPoolExecutor.java:1134)
        at java.util.concurrent.ThreadPoolExecutor$Worker.run(ThreadPoolExecutor.java:624)
        at java.lang.Thread.run(Thread.java:748)
"pool-36-thread-1"  prio=5 tid=294 in Object.wait()
java.lang.Thread.State: WAITING (on object monitor)
        at sun.misc.Unsafe.park(Native Method)
        at java.util.concurrent.locks.LockSupport.park(LockSupport.java:175)
        at java.util.concurrent.locks.AbstractQueuedSynchronizer$ConditionObject.await(AbstractQueuedSynchronizer.java:2039)
        at java.util.concurrent.ArrayBlockingQueue.take(ArrayBlockingQueue.java:403)
        at java.util.concurrent.ThreadPoolExecutor.getTask(ThreadPoolExecutor.java:1074)
        at java.util.concurrent.ThreadPoolExecutor.runWorker(ThreadPoolExecutor.java:1134)
        at java.util.concurrent.ThreadPoolExecutor$Worker.run(ThreadPoolExecutor.java:624)
        at java.lang.Thread.run(Thread.java:748)
"IPC Server handler 14 on 39615" daemon prio=5 tid=44 timed_waiting
java.lang.Thread.State: TIMED_WAITING
        at sun.misc.Unsafe.park(Native Method)
        at java.util.concurrent.locks.LockSupport.parkNanos(LockSupport.java:215)
        at java.util.concurrent.locks.AbstractQueuedSynchronizer$ConditionObject.awaitNanos(AbstractQueuedSynchronizer.java:2078)
        at java.util.concurrent.LinkedBlockingQueue.poll(LinkedBlockingQueue.java:467)
        at org.apache.hadoop.ipc.CallQueueManager.take(CallQueueManager.java:288)
        at org.apache.hadoop.ipc.Server$Handler.run(Server.java:2668)
"IPC Server handler 14 on 32962" daemon prio=5 tid=130 timed_waiting
java.lang.Thread.State: TIMED_WAITING
        at sun.misc.Unsafe.park(Native Method)
        at java.util.concurrent.locks.LockSupport.parkNanos(LockSupport.java:215)
        at java.util.concurrent.locks.AbstractQueuedSynchronizer$ConditionObject.awaitNanos(AbstractQueuedSynchronizer.java:2078)
        at java.util.concurrent.LinkedBlockingQueue.poll(LinkedBlockingQueue.java:467)
        at org.apache.hadoop.ipc.CallQueueManager.take(CallQueueManager.java:288)
        at org.apache.hadoop.ipc.Server$Handler.run(Server.java:2668)
"IPC Server handler 5 on 39615" daemon prio=5 tid=35 timed_waiting
java.lang.Thread.State: TIMED_WAITING
        at sun.misc.Unsafe.park(Native Method)
        at java.util.concurrent.locks.LockSupport.parkNanos(LockSupport.java:215)
        at java.util.concurrent.locks.AbstractQueuedSynchronizer$ConditionObject.awaitNanos(AbstractQueuedSynchronizer.java:2078)
        at java.util.concurrent.LinkedBlockingQueue.poll(LinkedBlockingQueue.java:467)
        at org.apache.hadoop.ipc.CallQueueManager.take(CallQueueManager.java:288)
        at org.apache.hadoop.ipc.Server$Handler.run(Server.java:2668)
"qtp1911719100-90" daemon prio=5 tid=90 runnable
java.lang.Thread.State: RUNNABLE
        at sun.nio.ch.EPollArrayWrapper.epollWait(Native Method)
        at sun.nio.ch.EPollArrayWrapper.poll(EPollArrayWrapper.java:269)
        at sun.nio.ch.EPollSelectorImpl.doSelect(EPollSelectorImpl.java:93)
        at sun.nio.ch.SelectorImpl.lockAndDoSelect(SelectorImpl.java:86)
        at sun.nio.ch.SelectorImpl.select(SelectorImpl.java:97)
        at sun.nio.ch.SelectorImpl.select(SelectorImpl.java:101)
        at org.eclipse.jetty.io.ManagedSelector$SelectorProducer.select(ManagedSelector.java:243)
        at org.eclipse.jetty.io.ManagedSelector$SelectorProducer.produce(ManagedSelector.java:191)
        at org.eclipse.jetty.util.thread.strategy.ExecuteProduceConsume.executeProduceConsume(ExecuteProduceConsume.java:249)
        at org.eclipse.jetty.util.thread.strategy.ExecuteProduceConsume.produceConsume(ExecuteProduceConsume.java:148)
        at org.eclipse.jetty.util.thread.strategy.ExecuteProduceConsume.execute(ExecuteProduceConsume.java:100)
        at org.eclipse.jetty.io.ManagedSelector.run(ManagedSelector.java:147)
        at org.eclipse.jetty.util.thread.QueuedThreadPool.runJob(QueuedThreadPool.java:671)
        at org.eclipse.jetty.util.thread.QueuedThreadPool$2.run(QueuedThreadPool.java:589)
        at java.lang.Thread.run(Thread.java:748)
"pool-46-thread-15"  prio=5 tid=368 in Object.wait()
java.lang.Thread.State: WAITING (on object monitor)
        at sun.misc.Unsafe.park(Native Method)
        at java.util.concurrent.locks.LockSupport.park(LockSupport.java:175)
        at java.util.concurrent.locks.AbstractQueuedSynchronizer$ConditionObject.await(AbstractQueuedSynchronizer.java:2039)
        at java.util.concurrent.ArrayBlockingQueue.take(ArrayBlockingQueue.java:403)
        at java.util.concurrent.ThreadPoolExecutor.getTask(ThreadPoolExecutor.java:1074)
        at java.util.concurrent.ThreadPoolExecutor.runWorker(ThreadPoolExecutor.java:1134)
        at java.util.concurrent.ThreadPoolExecutor$Worker.run(ThreadPoolExecutor.java:624)
        at java.lang.Thread.run(Thread.java:748)
"pool-26-thread-15"  prio=5 tid=248 in Object.wait()
java.lang.Thread.State: WAITING (on object monitor)
        at sun.misc.Unsafe.park(Native Method)
        at java.util.concurrent.locks.LockSupport.park(LockSupport.java:175)
        at java.util.concurrent.locks.AbstractQueuedSynchronizer$ConditionObject.await(AbstractQueuedSynchronizer.java:2039)
        at java.util.concurrent.ArrayBlockingQueue.take(ArrayBlockingQueue.java:403)
        at java.util.concurrent.ThreadPoolExecutor.getTask(ThreadPoolExecutor.java:1074)
        at java.util.concurrent.ThreadPoolExecutor.runWorker(ThreadPoolExecutor.java:1134)
        at java.util.concurrent.ThreadPoolExecutor$Worker.run(ThreadPoolExecutor.java:624)
        at java.lang.Thread.run(Thread.java:748)
"qtp1761240183-144" daemon prio=5 tid=144 timed_waiting
java.lang.Thread.State: TIMED_WAITING
        at sun.misc.Unsafe.park(Native Method)
        at java.util.concurrent.locks.LockSupport.parkNanos(LockSupport.java:215)
        at java.util.concurrent.locks.AbstractQueuedSynchronizer$ConditionObject.awaitNanos(AbstractQueuedSynchronizer.java:2078)
        at org.eclipse.jetty.util.BlockingArrayQueue.poll(BlockingArrayQueue.java:392)
        at org.eclipse.jetty.util.thread.QueuedThreadPool.idleJobPoll(QueuedThreadPool.java:563)
        at org.eclipse.jetty.util.thread.QueuedThreadPool.access$800(QueuedThreadPool.java:48)
        at org.eclipse.jetty.util.thread.QueuedThreadPool$2.run(QueuedThreadPool.java:626)
        at java.lang.Thread.run(Thread.java:748)
"qtp312968017-193" daemon prio=5 tid=193 timed_waiting
java.lang.Thread.State: TIMED_WAITING
        at sun.misc.Unsafe.park(Native Method)
        at java.util.concurrent.locks.LockSupport.parkNanos(LockSupport.java:215)
        at java.util.concurrent.locks.AbstractQueuedSynchronizer$ConditionObject.awaitNanos(AbstractQueuedSynchronizer.java:2078)
        at org.eclipse.jetty.util.BlockingArrayQueue.poll(BlockingArrayQueue.java:392)
        at org.eclipse.jetty.util.thread.QueuedThreadPool.idleJobPoll(QueuedThreadPool.java:563)
        at org.eclipse.jetty.util.thread.QueuedThreadPool.access$800(QueuedThreadPool.java:48)
        at org.eclipse.jetty.util.thread.QueuedThreadPool$2.run(QueuedThreadPool.java:626)
        at java.lang.Thread.run(Thread.java:748)
"refreshUsed-/workdir/hadoop-ozone/ozonefs/target/test-dir/MiniOzoneClusterImpl-bd2adbcd-a8bb-4b9e-9c25-f9aa9b2c6882/datanode-1/data/containers" daemon prio=5 tid=182 timed_waiting
java.lang.Thread.State: TIMED_WAITING
        at java.lang.Thread.sleep(Native Method)
        at org.apache.hadoop.fs.CachingGetSpaceUsed$RefreshThread.run(CachingGetSpaceUsed.java:179)
        at java.lang.Thread.run(Thread.java:748)
"KeyDeletingService#0" daemon prio=5 tid=114 in Object.wait()
java.lang.Thread.State: WAITING (on object monitor)
        at sun.misc.Unsafe.park(Native Method)
        at java.util.concurrent.locks.LockSupport.park(LockSupport.java:175)
        at java.util.concurrent.locks.AbstractQueuedSynchronizer$ConditionObject.await(AbstractQueuedSynchronizer.java:2039)
        at java.util.concurrent.ScheduledThreadPoolExecutor$DelayedWorkQueue.take(ScheduledThreadPoolExecutor.java:1088)
        at java.util.concurrent.ScheduledThreadPoolExecutor$DelayedWorkQueue.take(ScheduledThreadPoolExecutor.java:809)
        at java.util.concurrent.ThreadPoolExecutor.getTask(ThreadPoolExecutor.java:1074)
        at java.util.concurrent.ThreadPoolExecutor.runWorker(ThreadPoolExecutor.java:1134)
        at java.util.concurrent.ThreadPoolExecutor$Worker.run(ThreadPoolExecutor.java:624)
        at java.lang.Thread.run(Thread.java:748)
"pool-6-thread-1"  prio=5 tid=27 timed_waiting
java.lang.Thread.State: TIMED_WAITING
        at sun.misc.Unsafe.park(Native Method)
        at java.util.concurrent.locks.LockSupport.parkNanos(LockSupport.java:215)
        at java.util.concurrent.locks.AbstractQueuedSynchronizer$ConditionObject.awaitNanos(AbstractQueuedSynchronizer.java:2078)
        at java.util.concurrent.ScheduledThreadPoolExecutor$DelayedWorkQueue.take(ScheduledThreadPoolExecutor.java:1093)
        at java.util.concurrent.ScheduledThreadPoolExecutor$DelayedWorkQueue.take(ScheduledThreadPoolExecutor.java:809)
        at java.util.concurrent.ThreadPoolExecutor.getTask(ThreadPoolExecutor.java:1074)
        at java.util.concurrent.ThreadPoolExecutor.runWorker(ThreadPoolExecutor.java:1134)
        at java.util.concurrent.ThreadPoolExecutor$Worker.run(ThreadPoolExecutor.java:624)
        at java.lang.Thread.run(Thread.java:748)
"IPC Server handler 1 on 32962" daemon prio=5 tid=116 timed_waiting
java.lang.Thread.State: TIMED_WAITING
        at sun.misc.Unsafe.park(Native Method)
        at java.util.concurrent.locks.LockSupport.parkNanos(LockSupport.java:215)
        at java.util.concurrent.locks.AbstractQueuedSynchronizer$ConditionObject.awaitNanos(AbstractQueuedSynchronizer.java:2078)
        at java.util.concurrent.LinkedBlockingQueue.poll(LinkedBlockingQueue.java:467)
        at org.apache.hadoop.ipc.CallQueueManager.take(CallQueueManager.java:288)
        at org.apache.hadoop.ipc.Server$Handler.run(Server.java:2668)
"IPC Server handler 15 on 32962" daemon prio=5 tid=131 timed_waiting
java.lang.Thread.State: TIMED_WAITING
        at sun.misc.Unsafe.park(Native Method)
        at java.util.concurrent.locks.LockSupport.parkNanos(LockSupport.java:215)
        at java.util.concurrent.locks.AbstractQueuedSynchronizer$ConditionObject.awaitNanos(AbstractQueuedSynchronizer.java:2078)
        at java.util.concurrent.LinkedBlockingQueue.poll(LinkedBlockingQueue.java:467)
        at org.apache.hadoop.ipc.CallQueueManager.take(CallQueueManager.java:288)
        at org.apache.hadoop.ipc.Server$Handler.run(Server.java:2668)
"org.eclipse.jetty.server.session.HashSessionManager@5edd449dTimer" daemon prio=5 tid=98 timed_waiting
java.lang.Thread.State: TIMED_WAITING
        at sun.misc.Unsafe.park(Native Method)
        at java.util.concurrent.locks.LockSupport.parkNanos(LockSupport.java:215)
        at java.util.concurrent.locks.AbstractQueuedSynchronizer$ConditionObject.awaitNanos(AbstractQueuedSynchronizer.java:2078)
        at java.util.concurrent.ScheduledThreadPoolExecutor$DelayedWorkQueue.take(ScheduledThreadPoolExecutor.java:1093)
        at java.util.concurrent.ScheduledThreadPoolExecutor$DelayedWorkQueue.take(ScheduledThreadPoolExecutor.java:809)
        at java.util.concurrent.ThreadPoolExecutor.getTask(ThreadPoolExecutor.java:1074)
        at java.util.concurrent.ThreadPoolExecutor.runWorker(ThreadPoolExecutor.java:1134)
        at java.util.concurrent.ThreadPoolExecutor$Worker.run(ThreadPoolExecutor.java:624)
        at java.lang.Thread.run(Thread.java:748)
"qtp1124883352-216" daemon prio=5 tid=216 timed_waiting
java.lang.Thread.State: TIMED_WAITING
        at sun.misc.Unsafe.park(Native Method)
        at java.util.concurrent.locks.LockSupport.parkNanos(LockSupport.java:215)
        at java.util.concurrent.locks.AbstractQueuedSynchronizer$ConditionObject.awaitNanos(AbstractQueuedSynchronizer.java:2078)
        at org.eclipse.jetty.util.BlockingArrayQueue.poll(BlockingArrayQueue.java:392)
        at org.eclipse.jetty.util.thread.QueuedThreadPool.idleJobPoll(QueuedThreadPool.java:563)
        at org.eclipse.jetty.util.thread.QueuedThreadPool.access$800(QueuedThreadPool.java:48)
        at org.eclipse.jetty.util.thread.QueuedThreadPool$2.run(QueuedThreadPool.java:626)
        at java.lang.Thread.run(Thread.java:748)
"org.eclipse.jetty.server.session.HashSessionManager@4edb9a8cTimer" daemon prio=5 tid=100 timed_waiting
java.lang.Thread.State: TIMED_WAITING
        at sun.misc.Unsafe.park(Native Method)
        at java.util.concurrent.locks.LockSupport.parkNanos(LockSupport.java:215)
        at java.util.concurrent.locks.AbstractQueuedSynchronizer$ConditionObject.awaitNanos(AbstractQueuedSynchronizer.java:2078)
        at java.util.concurrent.ScheduledThreadPoolExecutor$DelayedWorkQueue.take(ScheduledThreadPoolExecutor.java:1093)
        at java.util.concurrent.ScheduledThreadPoolExecutor$DelayedWorkQueue.take(ScheduledThreadPoolExecutor.java:809)
        at java.util.concurrent.ThreadPoolExecutor.getTask(ThreadPoolExecutor.java:1074)
        at java.util.concurrent.ThreadPoolExecutor.runWorker(ThreadPoolExecutor.java:1134)
        at java.util.concurrent.ThreadPoolExecutor$Worker.run(ThreadPoolExecutor.java:624)
        at java.lang.Thread.run(Thread.java:748)
"IPC Server handler 17 on 39615" daemon prio=5 tid=47 timed_waiting
java.lang.Thread.State: TIMED_WAITING
        at sun.misc.Unsafe.park(Native Method)
        at java.util.concurrent.locks.LockSupport.parkNanos(LockSupport.java:215)
        at java.util.concurrent.locks.AbstractQueuedSynchronizer$ConditionObject.awaitNanos(AbstractQueuedSynchronizer.java:2078)
        at java.util.concurrent.LinkedBlockingQueue.poll(LinkedBlockingQueue.java:467)
        at org.apache.hadoop.ipc.CallQueueManager.take(CallQueueManager.java:288)
        at org.apache.hadoop.ipc.Server$Handler.run(Server.java:2668)
"grpc-default-worker-ELG-3-3" daemon prio=5 tid=433 runnable
java.lang.Thread.State: RUNNABLE
        at sun.nio.ch.EPollArrayWrapper.epollWait(Native Method)
        at sun.nio.ch.EPollArrayWrapper.poll(EPollArrayWrapper.java:269)
        at sun.nio.ch.EPollSelectorImpl.doSelect(EPollSelectorImpl.java:93)
        at sun.nio.ch.SelectorImpl.lockAndDoSelect(SelectorImpl.java:86)
        at sun.nio.ch.SelectorImpl.select(SelectorImpl.java:97)
        at org.apache.ratis.thirdparty.io.netty.channel.nio.SelectedSelectionKeySetSelector.select(SelectedSelectionKeySetSelector.java:62)
        at org.apache.ratis.thirdparty.io.netty.channel.nio.NioEventLoop.select(NioEventLoop.java:753)
        at org.apache.ratis.thirdparty.io.netty.channel.nio.NioEventLoop.run(NioEventLoop.java:408)
        at org.apache.ratis.thirdparty.io.netty.util.concurrent.SingleThreadEventExecutor$5.run(SingleThreadEventExecutor.java:897)
        at org.apache.ratis.thirdparty.io.netty.util.concurrent.FastThreadLocalRunnable.run(FastThreadLocalRunnable.java:30)
        at java.lang.Thread.run(Thread.java:748)
"pool-36-thread-2"  prio=5 tid=295 in Object.wait()
java.lang.Thread.State: WAITING (on object monitor)
        at sun.misc.Unsafe.park(Native Method)
        at java.util.concurrent.locks.LockSupport.park(LockSupport.java:175)
        at java.util.concurrent.locks.AbstractQueuedSynchronizer$ConditionObject.await(AbstractQueuedSynchronizer.java:2039)
        at java.util.concurrent.ArrayBlockingQueue.take(ArrayBlockingQueue.java:403)
        at java.util.concurrent.ThreadPoolExecutor.getTask(ThreadPoolExecutor.java:1074)
        at java.util.concurrent.ThreadPoolExecutor.runWorker(ThreadPoolExecutor.java:1134)
        at java.util.concurrent.ThreadPoolExecutor$Worker.run(ThreadPoolExecutor.java:624)
        at java.lang.Thread.run(Thread.java:748)
"pool-46-thread-4"  prio=5 tid=357 in Object.wait()
java.lang.Thread.State: WAITING (on object monitor)
        at sun.misc.Unsafe.park(Native Method)
        at java.util.concurrent.locks.LockSupport.park(LockSupport.java:175)
        at java.util.concurrent.locks.AbstractQueuedSynchronizer$ConditionObject.await(AbstractQueuedSynchronizer.java:2039)
        at java.util.concurrent.ArrayBlockingQueue.take(ArrayBlockingQueue.java:403)
        at java.util.concurrent.ThreadPoolExecutor.getTask(ThreadPoolExecutor.java:1074)
        at java.util.concurrent.ThreadPoolExecutor.runWorker(ThreadPoolExecutor.java:1134)
        at java.util.concurrent.ThreadPoolExecutor$Worker.run(ThreadPoolExecutor.java:624)
        at java.lang.Thread.run(Thread.java:748)
"pool-36-thread-42"  prio=5 tid=335 in Object.wait()
java.lang.Thread.State: WAITING (on object monitor)
        at sun.misc.Unsafe.park(Native Method)
        at java.util.concurrent.locks.LockSupport.park(LockSupport.java:175)
        at java.util.concurrent.locks.AbstractQueuedSynchronizer$ConditionObject.await(AbstractQueuedSynchronizer.java:2039)
        at java.util.concurrent.ArrayBlockingQueue.take(ArrayBlockingQueue.java:403)
        at java.util.concurrent.ThreadPoolExecutor.getTask(ThreadPoolExecutor.java:1074)
        at java.util.concurrent.ThreadPoolExecutor.runWorker(ThreadPoolExecutor.java:1134)
        at java.util.concurrent.ThreadPoolExecutor$Worker.run(ThreadPoolExecutor.java:624)
        at java.lang.Thread.run(Thread.java:748)
"pool-26-thread-51"  prio=5 tid=284 in Object.wait()
java.lang.Thread.State: WAITING (on object monitor)
        at sun.misc.Unsafe.park(Native Method)
        at java.util.concurrent.locks.LockSupport.park(LockSupport.java:175)
        at java.util.concurrent.locks.AbstractQueuedSynchronizer$ConditionObject.await(AbstractQueuedSynchronizer.java:2039)
        at java.util.concurrent.ArrayBlockingQueue.take(ArrayBlockingQueue.java:403)
        at java.util.concurrent.ThreadPoolExecutor.getTask(ThreadPoolExecutor.java:1074)
        at java.util.concurrent.ThreadPoolExecutor.runWorker(ThreadPoolExecutor.java:1134)
        at java.util.concurrent.ThreadPoolExecutor$Worker.run(ThreadPoolExecutor.java:624)
        at java.lang.Thread.run(Thread.java:748)
"java.util.concurrent.ThreadPoolExecutor$Worker@25a23712[State = -1, empty queue]" daemon prio=5 tid=647 timed_waiting
java.lang.Thread.State: TIMED_WAITING
        at sun.misc.Unsafe.park(Native Method)
        at java.util.concurrent.locks.LockSupport.parkNanos(LockSupport.java:215)
        at java.util.concurrent.locks.AbstractQueuedSynchronizer$ConditionObject.awaitNanos(AbstractQueuedSynchronizer.java:2078)
        at java.util.concurrent.ScheduledThreadPoolExecutor$DelayedWorkQueue.take(ScheduledThreadPoolExecutor.java:1093)
        at java.util.concurrent.ScheduledThreadPoolExecutor$DelayedWorkQueue.take(ScheduledThreadPoolExecutor.java:809)
        at java.util.concurrent.ThreadPoolExecutor.getTask(ThreadPoolExecutor.java:1074)
        at java.util.concurrent.ThreadPoolExecutor.runWorker(ThreadPoolExecutor.java:1134)
        at java.util.concurrent.ThreadPoolExecutor$Worker.run(ThreadPoolExecutor.java:624)
        at java.lang.Thread.run(Thread.java:748)
"IPC Server idle connection scanner for port 39656" daemon prio=5 tid=17 timed_waiting
java.lang.Thread.State: TIMED_WAITING
        at java.lang.Object.wait(Native Method)
        at java.util.TimerThread.mainLoop(Timer.java:552)
        at java.util.TimerThread.run(Timer.java:505)
"Thread-0"  prio=5 tid=11 runnable
java.lang.Thread.State: RUNNABLE
        at java.lang.Thread.dumpThreads(Native Method)
        at java.lang.Thread.getAllStackTraces(Thread.java:1610)
        at org.apache.hadoop.test.TimedOutTestsListener.buildThreadDump(TimedOutTestsListener.java:87)
        at org.apache.hadoop.test.TimedOutTestsListener.buildThreadDiagnosticString(TimedOutTestsListener.java:73)
        at org.apache.hadoop.test.GenericTestUtils.waitFor(GenericTestUtils.java:389)
        at org.apache.hadoop.ozone.MiniOzoneClusterImpl.waitForClusterToBeReady(MiniOzoneClusterImpl.java:149)
        at org.apache.hadoop.fs.ozone.TestOzoneFileSystem.init(TestOzoneFileSystem.java:74)
        at sun.reflect.NativeMethodAccessorImpl.invoke0(Native Method)
        at sun.reflect.NativeMethodAccessorImpl.invoke(NativeMethodAccessorImpl.java:62)
        at sun.reflect.DelegatingMethodAccessorImpl.invoke(DelegatingMethodAccessorImpl.java:43)
        at java.lang.reflect.Method.invoke(Method.java:498)
        at org.junit.runners.model.FrameworkMethod$1.runReflectiveCall(FrameworkMethod.java:47)
        at org.junit.internal.runners.model.ReflectiveCallable.run(ReflectiveCallable.java:12)
        at org.junit.runners.model.FrameworkMethod.invokeExplosively(FrameworkMethod.java:44)
        at org.junit.internal.runners.statements.RunBefores.evaluate(RunBefores.java:24)
        at org.junit.internal.runners.statements.RunAfters.evaluate(RunAfters.java:27)
        at org.junit.internal.runners.statements.FailOnTimeout$StatementThread.run(FailOnTimeout.java:74)
"pool-50-thread-1"  prio=5 tid=213 timed_waiting
java.lang.Thread.State: TIMED_WAITING
        at sun.misc.Unsafe.park(Native Method)
        at java.util.concurrent.locks.LockSupport.parkNanos(LockSupport.java:215)
        at java.util.concurrent.locks.AbstractQueuedSynchronizer$ConditionObject.awaitNanos(AbstractQueuedSynchronizer.java:2078)
        at java.util.concurrent.ScheduledThreadPoolExecutor$DelayedWorkQueue.take(ScheduledThreadPoolExecutor.java:1093)
        at java.util.concurrent.ScheduledThreadPoolExecutor$DelayedWorkQueue.take(ScheduledThreadPoolExecutor.java:809)
        at java.util.concurrent.ThreadPoolExecutor.getTask(ThreadPoolExecutor.java:1074)
        at java.util.concurrent.ThreadPoolExecutor.runWorker(ThreadPoolExecutor.java:1134)
        at java.util.concurrent.ThreadPoolExecutor$Worker.run(ThreadPoolExecutor.java:624)
        at java.lang.Thread.run(Thread.java:748)
"Datanode ReportManager Thread - 2" daemon prio=5 tid=201 timed_waiting
java.lang.Thread.State: TIMED_WAITING
        at sun.misc.Unsafe.park(Native Method)
        at java.util.concurrent.locks.LockSupport.parkNanos(LockSupport.java:215)
        at java.util.concurrent.locks.AbstractQueuedSynchronizer$ConditionObject.awaitNanos(AbstractQueuedSynchronizer.java:2078)
        at java.util.concurrent.ScheduledThreadPoolExecutor$DelayedWorkQueue.take(ScheduledThreadPoolExecutor.java:1093)
        at java.util.concurrent.ScheduledThreadPoolExecutor$DelayedWorkQueue.take(ScheduledThreadPoolExecutor.java:809)
        at java.util.concurrent.ThreadPoolExecutor.getTask(ThreadPoolExecutor.java:1074)
        at java.util.concurrent.ThreadPoolExecutor.runWorker(ThreadPoolExecutor.java:1134)
        at java.util.concurrent.ThreadPoolExecutor$Worker.run(ThreadPoolExecutor.java:624)
        at java.lang.Thread.run(Thread.java:748)
"Socket Reader #1 for port 32962"  prio=5 tid=109 runnable
java.lang.Thread.State: RUNNABLE
        at sun.nio.ch.EPollArrayWrapper.epollWait(Native Method)
        at sun.nio.ch.EPollArrayWrapper.poll(EPollArrayWrapper.java:269)
        at sun.nio.ch.EPollSelectorImpl.doSelect(EPollSelectorImpl.java:93)
        at sun.nio.ch.SelectorImpl.lockAndDoSelect(SelectorImpl.java:86)
        at sun.nio.ch.SelectorImpl.select(SelectorImpl.java:97)
        at sun.nio.ch.SelectorImpl.select(SelectorImpl.java:101)
        at org.apache.hadoop.ipc.Server$Listener$Reader.doRunLoop(Server.java:1097)
        at org.apache.hadoop.ipc.Server$Listener$Reader.run(Server.java:1076)
"pool-46-thread-39"  prio=5 tid=392 in Object.wait()
java.lang.Thread.State: WAITING (on object monitor)
        at sun.misc.Unsafe.park(Native Method)
        at java.util.concurrent.locks.LockSupport.park(LockSupport.java:175)
        at java.util.concurrent.locks.AbstractQueuedSynchronizer$ConditionObject.await(AbstractQueuedSynchronizer.java:2039)
        at java.util.concurrent.ArrayBlockingQueue.take(ArrayBlockingQueue.java:403)
        at java.util.concurrent.ThreadPoolExecutor.getTask(ThreadPoolExecutor.java:1074)
        at java.util.concurrent.ThreadPoolExecutor.runWorker(ThreadPoolExecutor.java:1134)
        at java.util.concurrent.ThreadPoolExecutor$Worker.run(ThreadPoolExecutor.java:624)
        at java.lang.Thread.run(Thread.java:748)
"qtp312968017-190" daemon prio=5 tid=190 timed_waiting
java.lang.Thread.State: TIMED_WAITING
        at sun.misc.Unsafe.park(Native Method)
        at java.util.concurrent.locks.LockSupport.parkNanos(LockSupport.java:215)
        at java.util.concurrent.locks.AbstractQueuedSynchronizer$ConditionObject.awaitNanos(AbstractQueuedSynchronizer.java:2078)
        at org.eclipse.jetty.util.BlockingArrayQueue.poll(BlockingArrayQueue.java:392)
        at org.eclipse.jetty.util.thread.QueuedThreadPool.idleJobPoll(QueuedThreadPool.java:563)
        at org.eclipse.jetty.util.thread.QueuedThreadPool.access$800(QueuedThreadPool.java:48)
        at org.eclipse.jetty.util.thread.QueuedThreadPool$2.run(QueuedThreadPool.java:626)
        at java.lang.Thread.run(Thread.java:748)
"pool-46-thread-34"  prio=5 tid=387 in Object.wait()
java.lang.Thread.State: WAITING (on object monitor)
        at sun.misc.Unsafe.park(Native Method)
        at java.util.concurrent.locks.LockSupport.park(LockSupport.java:175)
        at java.util.concurrent.locks.AbstractQueuedSynchronizer$ConditionObject.await(AbstractQueuedSynchronizer.java:2039)
        at java.util.concurrent.ArrayBlockingQueue.take(ArrayBlockingQueue.java:403)
        at java.util.concurrent.ThreadPoolExecutor.getTask(ThreadPoolExecutor.java:1074)
        at java.util.concurrent.ThreadPoolExecutor.runWorker(ThreadPoolExecutor.java:1134)
        at java.util.concurrent.ThreadPoolExecutor$Worker.run(ThreadPoolExecutor.java:624)
        at java.lang.Thread.run(Thread.java:748)
"metrics-hadoop-metrics2-reporter-27-thread-1" daemon prio=5 tid=523 timed_waiting
java.lang.Thread.State: TIMED_WAITING
        at sun.misc.Unsafe.park(Native Method)
        at java.util.concurrent.locks.LockSupport.parkNanos(LockSupport.java:215)
        at java.util.concurrent.locks.AbstractQueuedSynchronizer$ConditionObject.awaitNanos(AbstractQueuedSynchronizer.java:2078)
        at java.util.concurrent.ScheduledThreadPoolExecutor$DelayedWorkQueue.take(ScheduledThreadPoolExecutor.java:1093)
        at java.util.concurrent.ScheduledThreadPoolExecutor$DelayedWorkQueue.take(ScheduledThreadPoolExecutor.java:809)
        at java.util.concurrent.ThreadPoolExecutor.getTask(ThreadPoolExecutor.java:1074)
        at java.util.concurrent.ThreadPoolExecutor.runWorker(ThreadPoolExecutor.java:1134)
        at java.util.concurrent.ThreadPoolExecutor$Worker.run(ThreadPoolExecutor.java:624)
        at java.lang.Thread.run(Thread.java:748)
"IPC Server handler 6 on 39656" daemon prio=5 tid=76 timed_waiting
java.lang.Thread.State: TIMED_WAITING
        at sun.misc.Unsafe.park(Native Method)
        at java.util.concurrent.locks.LockSupport.parkNanos(LockSupport.java:215)
        at java.util.concurrent.locks.AbstractQueuedSynchronizer$ConditionObject.awaitNanos(AbstractQueuedSynchronizer.java:2078)
        at java.util.concurrent.LinkedBlockingQueue.poll(LinkedBlockingQueue.java:467)
        at org.apache.hadoop.ipc.CallQueueManager.take(CallQueueManager.java:288)
        at org.apache.hadoop.ipc.Server$Handler.run(Server.java:2668)
"qtp1761240183-138-acceptor-0@53f268b7-ServerConnector@520cf50a{HTTP/1.1,[http/1.1]}{0.0.0.0:43042}" daemon prio=3 tid=138 runnable
java.lang.Thread.State: RUNNABLE
        at sun.nio.ch.ServerSocketChannelImpl.accept0(Native Method)
        at sun.nio.ch.ServerSocketChannelImpl.accept(ServerSocketChannelImpl.java:422)
        at sun.nio.ch.ServerSocketChannelImpl.accept(ServerSocketChannelImpl.java:250)
        at org.eclipse.jetty.server.ServerConnector.accept(ServerConnector.java:397)
        at org.eclipse.jetty.server.AbstractConnector$Acceptor.run(AbstractConnector.java:601)
        at org.eclipse.jetty.util.thread.QueuedThreadPool.runJob(QueuedThreadPool.java:671)
        at org.eclipse.jetty.util.thread.QueuedThreadPool$2.run(QueuedThreadPool.java:589)
        at java.lang.Thread.run(Thread.java:748)
"org.eclipse.jetty.server.session.HashSessionManager@5b38464bTimer" daemon prio=5 tid=147 timed_waiting
java.lang.Thread.State: TIMED_WAITING
        at sun.misc.Unsafe.park(Native Method)
        at java.util.concurrent.locks.LockSupport.parkNanos(LockSupport.java:215)
        at java.util.concurrent.locks.AbstractQueuedSynchronizer$ConditionObject.awaitNanos(AbstractQueuedSynchronizer.java:2078)
        at java.util.concurrent.ScheduledThreadPoolExecutor$DelayedWorkQueue.take(ScheduledThreadPoolExecutor.java:1093)
        at java.util.concurrent.ScheduledThreadPoolExecutor$DelayedWorkQueue.take(ScheduledThreadPoolExecutor.java:809)
        at java.util.concurrent.ThreadPoolExecutor.getTask(ThreadPoolExecutor.java:1074)
        at java.util.concurrent.ThreadPoolExecutor.runWorker(ThreadPoolExecutor.java:1134)
        at java.util.concurrent.ThreadPoolExecutor$Worker.run(ThreadPoolExecutor.java:624)
        at java.lang.Thread.run(Thread.java:748)
"IPC Server handler 9 on 32962" daemon prio=5 tid=124 timed_waiting
java.lang.Thread.State: TIMED_WAITING
        at sun.misc.Unsafe.park(Native Method)
        at java.util.concurrent.locks.LockSupport.parkNanos(LockSupport.java:215)
        at java.util.concurrent.locks.AbstractQueuedSynchronizer$ConditionObject.awaitNanos(AbstractQueuedSynchronizer.java:2078)
        at java.util.concurrent.LinkedBlockingQueue.poll(LinkedBlockingQueue.java:467)
        at org.apache.hadoop.ipc.CallQueueManager.take(CallQueueManager.java:288)
        at org.apache.hadoop.ipc.Server$Handler.run(Server.java:2668)
"IPC Server handler 15 on 37656" daemon prio=5 tid=65 timed_waiting
java.lang.Thread.State: TIMED_WAITING
        at sun.misc.Unsafe.park(Native Method)
        at java.util.concurrent.locks.LockSupport.parkNanos(LockSupport.java:215)
        at java.util.concurrent.locks.AbstractQueuedSynchronizer$ConditionObject.awaitNanos(AbstractQueuedSynchronizer.java:2078)
        at java.util.concurrent.LinkedBlockingQueue.poll(LinkedBlockingQueue.java:467)
        at org.apache.hadoop.ipc.CallQueueManager.take(CallQueueManager.java:288)
        at org.apache.hadoop.ipc.Server$Handler.run(Server.java:2668)
"IPC Server handler 5 on 39656" daemon prio=5 tid=75 timed_waiting
java.lang.Thread.State: TIMED_WAITING
        at sun.misc.Unsafe.park(Native Method)
        at java.util.concurrent.locks.LockSupport.parkNanos(LockSupport.java:215)
        at java.util.concurrent.locks.AbstractQueuedSynchronizer$ConditionObject.awaitNanos(AbstractQueuedSynchronizer.java:2078)
        at java.util.concurrent.LinkedBlockingQueue.poll(LinkedBlockingQueue.java:467)
        at org.apache.hadoop.ipc.CallQueueManager.take(CallQueueManager.java:288)
        at org.apache.hadoop.ipc.Server$Handler.run(Server.java:2668)
"pool-46-thread-51"  prio=5 tid=404 in Object.wait()
java.lang.Thread.State: WAITING (on object monitor)
        at sun.misc.Unsafe.park(Native Method)
        at java.util.concurrent.locks.LockSupport.park(LockSupport.java:175)
        at java.util.concurrent.locks.AbstractQueuedSynchronizer$ConditionObject.await(AbstractQueuedSynchronizer.java:2039)
        at java.util.concurrent.ArrayBlockingQueue.take(ArrayBlockingQueue.java:403)
        at java.util.concurrent.ThreadPoolExecutor.getTask(ThreadPoolExecutor.java:1074)
        at java.util.concurrent.ThreadPoolExecutor.runWorker(ThreadPoolExecutor.java:1134)
        at java.util.concurrent.ThreadPoolExecutor$Worker.run(ThreadPoolExecutor.java:624)
        at java.lang.Thread.run(Thread.java:748)
"qtp1911719100-91" daemon prio=5 tid=91 timed_waiting
java.lang.Thread.State: TIMED_WAITING
        at sun.misc.Unsafe.park(Native Method)
        at java.util.concurrent.locks.LockSupport.parkNanos(LockSupport.java:215)
        at java.util.concurrent.locks.AbstractQueuedSynchronizer$ConditionObject.awaitNanos(AbstractQueuedSynchronizer.java:2078)
        at org.eclipse.jetty.util.BlockingArrayQueue.poll(BlockingArrayQueue.java:392)
        at org.eclipse.jetty.util.thread.QueuedThreadPool.idleJobPoll(QueuedThreadPool.java:563)
        at org.eclipse.jetty.util.thread.QueuedThreadPool.access$800(QueuedThreadPool.java:48)
        at org.eclipse.jetty.util.thread.QueuedThreadPool$2.run(QueuedThreadPool.java:626)
        at java.lang.Thread.run(Thread.java:748)
"pool-26-thread-54"  prio=5 tid=287 in Object.wait()
java.lang.Thread.State: WAITING (on object monitor)
        at sun.misc.Unsafe.park(Native Method)
        at java.util.concurrent.locks.LockSupport.park(LockSupport.java:175)
        at java.util.concurrent.locks.AbstractQueuedSynchronizer$ConditionObject.await(AbstractQueuedSynchronizer.java:2039)
        at java.util.concurrent.ArrayBlockingQueue.take(ArrayBlockingQueue.java:403)
        at java.util.concurrent.ThreadPoolExecutor.getTask(ThreadPoolExecutor.java:1074)
        at java.util.concurrent.ThreadPoolExecutor.runWorker(ThreadPoolExecutor.java:1134)
        at java.util.concurrent.ThreadPoolExecutor$Worker.run(ThreadPoolExecutor.java:624)
        at java.lang.Thread.run(Thread.java:748)
"Datanode State Machine Thread - 0" daemon prio=5 tid=178 timed_waiting
java.lang.Thread.State: TIMED_WAITING
        at sun.misc.Unsafe.park(Native Method)
        at java.util.concurrent.locks.LockSupport.parkNanos(LockSupport.java:215)
        at java.util.concurrent.SynchronousQueue$TransferStack.awaitFulfill(SynchronousQueue.java:460)
        at java.util.concurrent.SynchronousQueue$TransferStack.transfer(SynchronousQueue.java:362)
        at java.util.concurrent.SynchronousQueue.poll(SynchronousQueue.java:941)
        at java.util.concurrent.ThreadPoolExecutor.getTask(ThreadPoolExecutor.java:1073)
        at java.util.concurrent.ThreadPoolExecutor.runWorker(ThreadPoolExecutor.java:1134)
        at java.util.concurrent.ThreadPoolExecutor$Worker.run(ThreadPoolExecutor.java:624)
        at java.lang.Thread.run(Thread.java:748)
"pool-26-thread-17"  prio=5 tid=250 in Object.wait()
java.lang.Thread.State: WAITING (on object monitor)
        at sun.misc.Unsafe.park(Native Method)
        at java.util.concurrent.locks.LockSupport.park(LockSupport.java:175)
        at java.util.concurrent.locks.AbstractQueuedSynchronizer$ConditionObject.await(AbstractQueuedSynchronizer.java:2039)
        at java.util.concurrent.ArrayBlockingQueue.take(ArrayBlockingQueue.java:403)
        at java.util.concurrent.ThreadPoolExecutor.getTask(ThreadPoolExecutor.java:1074)
        at java.util.concurrent.ThreadPoolExecutor.runWorker(ThreadPoolExecutor.java:1134)
        at java.util.concurrent.ThreadPoolExecutor$Worker.run(ThreadPoolExecutor.java:624)
        at java.lang.Thread.run(Thread.java:748)
"pool-36-thread-47"  prio=5 tid=340 in Object.wait()
java.lang.Thread.State: WAITING (on object monitor)
        at sun.misc.Unsafe.park(Native Method)
        at java.util.concurrent.locks.LockSupport.park(LockSupport.java:175)
        at java.util.concurrent.locks.AbstractQueuedSynchronizer$ConditionObject.await(AbstractQueuedSynchronizer.java:2039)
        at java.util.concurrent.ArrayBlockingQueue.take(ArrayBlockingQueue.java:403)
        at java.util.concurrent.ThreadPoolExecutor.getTask(ThreadPoolExecutor.java:1074)
        at java.util.concurrent.ThreadPoolExecutor.runWorker(ThreadPoolExecutor.java:1134)
        at java.util.concurrent.ThreadPoolExecutor$Worker.run(ThreadPoolExecutor.java:624)
        at java.lang.Thread.run(Thread.java:748)
"pool-26-thread-28"  prio=5 tid=261 in Object.wait()
java.lang.Thread.State: WAITING (on object monitor)
        at sun.misc.Unsafe.park(Native Method)
        at java.util.concurrent.locks.LockSupport.park(LockSupport.java:175)
        at java.util.concurrent.locks.AbstractQueuedSynchronizer$ConditionObject.await(AbstractQueuedSynchronizer.java:2039)
        at java.util.concurrent.ArrayBlockingQueue.take(ArrayBlockingQueue.java:403)
        at java.util.concurrent.ThreadPoolExecutor.getTask(ThreadPoolExecutor.java:1074)
        at java.util.concurrent.ThreadPoolExecutor.runWorker(ThreadPoolExecutor.java:1134)
        at java.util.concurrent.ThreadPoolExecutor$Worker.run(ThreadPoolExecutor.java:624)
        at java.lang.Thread.run(Thread.java:748)
"Periodic HDDS volume checker"  prio=5 tid=207 timed_waiting
java.lang.Thread.State: TIMED_WAITING
        at sun.misc.Unsafe.park(Native Method)
        at java.util.concurrent.locks.LockSupport.parkNanos(LockSupport.java:215)
        at java.util.concurrent.locks.AbstractQueuedSynchronizer$ConditionObject.awaitNanos(AbstractQueuedSynchronizer.java:2078)
        at java.util.concurrent.ScheduledThreadPoolExecutor$DelayedWorkQueue.take(ScheduledThreadPoolExecutor.java:1093)
        at java.util.concurrent.ScheduledThreadPoolExecutor$DelayedWorkQueue.take(ScheduledThreadPoolExecutor.java:809)
        at java.util.concurrent.ThreadPoolExecutor.getTask(ThreadPoolExecutor.java:1074)
        at java.util.concurrent.ThreadPoolExecutor.runWorker(ThreadPoolExecutor.java:1134)
        at java.util.concurrent.ThreadPoolExecutor$Worker.run(ThreadPoolExecutor.java:624)
        at java.lang.Thread.run(Thread.java:748)
"org.apache.hadoop.util.JvmPauseMonitor$Monitor@7806b0ce" daemon prio=5 tid=177 timed_waiting
java.lang.Thread.State: TIMED_WAITING
        at java.lang.Thread.sleep(Native Method)
        at org.apache.hadoop.util.JvmPauseMonitor$Monitor.run(JvmPauseMonitor.java:192)
        at java.lang.Thread.run(Thread.java:748)
"pool-36-thread-16"  prio=5 tid=309 in Object.wait()
java.lang.Thread.State: WAITING (on object monitor)
        at sun.misc.Unsafe.park(Native Method)
        at java.util.concurrent.locks.LockSupport.park(LockSupport.java:175)
        at java.util.concurrent.locks.AbstractQueuedSynchronizer$ConditionObject.await(AbstractQueuedSynchronizer.java:2039)
        at java.util.concurrent.ArrayBlockingQueue.take(ArrayBlockingQueue.java:403)
        at java.util.concurrent.ThreadPoolExecutor.getTask(ThreadPoolExecutor.java:1074)
        at java.util.concurrent.ThreadPoolExecutor.runWorker(ThreadPoolExecutor.java:1134)
        at java.util.concurrent.ThreadPoolExecutor$Worker.run(ThreadPoolExecutor.java:624)
        at java.lang.Thread.run(Thread.java:748)
"IPC Server handler 5 on 32962" daemon prio=5 tid=120 timed_waiting
java.lang.Thread.State: TIMED_WAITING
        at sun.misc.Unsafe.park(Native Method)
        at java.util.concurrent.locks.LockSupport.parkNanos(LockSupport.java:215)
        at java.util.concurrent.locks.AbstractQueuedSynchronizer$ConditionObject.awaitNanos(AbstractQueuedSynchronizer.java:2078)
        at java.util.concurrent.LinkedBlockingQueue.poll(LinkedBlockingQueue.java:467)
        at org.apache.hadoop.ipc.CallQueueManager.take(CallQueueManager.java:288)
        at org.apache.hadoop.ipc.Server$Handler.run(Server.java:2668)
"IPC Server handler 5 on 37656" daemon prio=5 tid=55 timed_waiting
java.lang.Thread.State: TIMED_WAITING
        at sun.misc.Unsafe.park(Native Method)
        at java.util.concurrent.locks.LockSupport.parkNanos(LockSupport.java:215)
        at java.util.concurrent.locks.AbstractQueuedSynchronizer$ConditionObject.awaitNanos(AbstractQueuedSynchronizer.java:2078)
        at java.util.concurrent.LinkedBlockingQueue.poll(LinkedBlockingQueue.java:467)
        at org.apache.hadoop.ipc.CallQueueManager.take(CallQueueManager.java:288)
        at org.apache.hadoop.ipc.Server$Handler.run(Server.java:2668)
"pool-26-thread-32"  prio=5 tid=265 in Object.wait()
java.lang.Thread.State: WAITING (on object monitor)
        at sun.misc.Unsafe.park(Native Method)
        at java.util.concurrent.locks.LockSupport.park(LockSupport.java:175)
        at java.util.concurrent.locks.AbstractQueuedSynchronizer$ConditionObject.await(AbstractQueuedSynchronizer.java:2039)
        at java.util.concurrent.ArrayBlockingQueue.take(ArrayBlockingQueue.java:403)
        at java.util.concurrent.ThreadPoolExecutor.getTask(ThreadPoolExecutor.java:1074)
        at java.util.concurrent.ThreadPoolExecutor.runWorker(ThreadPoolExecutor.java:1134)
        at java.util.concurrent.ThreadPoolExecutor$Worker.run(ThreadPoolExecutor.java:624)
        at java.lang.Thread.run(Thread.java:748)
"Datanode ReportManager Thread - 0" daemon prio=5 tid=199 in Object.wait()
java.lang.Thread.State: WAITING (on object monitor)
        at sun.misc.Unsafe.park(Native Method)
        at java.util.concurrent.locks.LockSupport.park(LockSupport.java:175)
        at java.util.concurrent.locks.AbstractQueuedSynchronizer$ConditionObject.await(AbstractQueuedSynchronizer.java:2039)
        at java.util.concurrent.ScheduledThreadPoolExecutor$DelayedWorkQueue.take(ScheduledThreadPoolExecutor.java:1088)
        at java.util.concurrent.ScheduledThreadPoolExecutor$DelayedWorkQueue.take(ScheduledThreadPoolExecutor.java:809)
        at java.util.concurrent.ThreadPoolExecutor.getTask(ThreadPoolExecutor.java:1074)
        at java.util.concurrent.ThreadPoolExecutor.runWorker(ThreadPoolExecutor.java:1134)
        at java.util.concurrent.ThreadPoolExecutor$Worker.run(ThreadPoolExecutor.java:624)
        at java.lang.Thread.run(Thread.java:748)
"pool-36-thread-46"  prio=5 tid=339 in Object.wait()
java.lang.Thread.State: WAITING (on object monitor)
        at sun.misc.Unsafe.park(Native Method)
        at java.util.concurrent.locks.LockSupport.park(LockSupport.java:175)
        at java.util.concurrent.locks.AbstractQueuedSynchronizer$ConditionObject.await(AbstractQueuedSynchronizer.java:2039)
        at java.util.concurrent.ArrayBlockingQueue.take(ArrayBlockingQueue.java:403)
        at java.util.concurrent.ThreadPoolExecutor.getTask(ThreadPoolExecutor.java:1074)
        at java.util.concurrent.ThreadPoolExecutor.runWorker(ThreadPoolExecutor.java:1134)
        at java.util.concurrent.ThreadPoolExecutor$Worker.run(ThreadPoolExecutor.java:624)
        at java.lang.Thread.run(Thread.java:748)
"metrics-hadoop-metrics2-reporter-23-thread-1" daemon prio=5 tid=510 timed_waiting
java.lang.Thread.State: TIMED_WAITING
        at sun.misc.Unsafe.park(Native Method)
        at java.util.concurrent.locks.LockSupport.parkNanos(LockSupport.java:215)
        at java.util.concurrent.locks.AbstractQueuedSynchronizer$ConditionObject.awaitNanos(AbstractQueuedSynchronizer.java:2078)
        at java.util.concurrent.ScheduledThreadPoolExecutor$DelayedWorkQueue.take(ScheduledThreadPoolExecutor.java:1093)
        at java.util.concurrent.ScheduledThreadPoolExecutor$DelayedWorkQueue.take(ScheduledThreadPoolExecutor.java:809)
        at java.util.concurrent.ThreadPoolExecutor.getTask(ThreadPoolExecutor.java:1074)
        at java.util.concurrent.ThreadPoolExecutor.runWorker(ThreadPoolExecutor.java:1134)
        at java.util.concurrent.ThreadPoolExecutor$Worker.run(ThreadPoolExecutor.java:624)
        at java.lang.Thread.run(Thread.java:748)
"6b24a2ab-97ee-4d49-85cc-2d76c2f4b8ef@group-895FFB7708A4-StateMachineUpdater" daemon prio=5 tid=463 in Object.wait()
java.lang.Thread.State: WAITING (on object monitor)
        at java.lang.Object.wait(Native Method)
        at java.lang.Object.wait(Object.java:502)
        at org.apache.ratis.server.impl.StateMachineUpdater.waitForCommit(StateMachineUpdater.java:194)
        at org.apache.ratis.server.impl.StateMachineUpdater.run(StateMachineUpdater.java:159)
        at java.lang.Thread.run(Thread.java:748)
"metrics-hadoop-metrics2-reporter-36-thread-1" daemon prio=5 tid=645 timed_waiting
java.lang.Thread.State: TIMED_WAITING
        at sun.misc.Unsafe.park(Native Method)
        at java.util.concurrent.locks.LockSupport.parkNanos(LockSupport.java:215)
        at java.util.concurrent.locks.AbstractQueuedSynchronizer$ConditionObject.awaitNanos(AbstractQueuedSynchronizer.java:2078)
        at java.util.concurrent.ScheduledThreadPoolExecutor$DelayedWorkQueue.take(ScheduledThreadPoolExecutor.java:1093)
        at java.util.concurrent.ScheduledThreadPoolExecutor$DelayedWorkQueue.take(ScheduledThreadPoolExecutor.java:809)
        at java.util.concurrent.ThreadPoolExecutor.getTask(ThreadPoolExecutor.java:1074)
        at java.util.concurrent.ThreadPoolExecutor.runWorker(ThreadPoolExecutor.java:1134)
        at java.util.concurrent.ThreadPoolExecutor$Worker.run(ThreadPoolExecutor.java:624)
        at java.lang.Thread.run(Thread.java:748)
"surefire-forkedjvm-ping-30s" daemon prio=5 tid=9 timed_waiting
java.lang.Thread.State: TIMED_WAITING
        at sun.misc.Unsafe.park(Native Method)
        at java.util.concurrent.locks.LockSupport.parkNanos(LockSupport.java:215)
        at java.util.concurrent.locks.AbstractQueuedSynchronizer$ConditionObject.awaitNanos(AbstractQueuedSynchronizer.java:2078)
        at java.util.concurrent.ScheduledThreadPoolExecutor$DelayedWorkQueue.take(ScheduledThreadPoolExecutor.java:1093)
        at java.util.concurrent.ScheduledThreadPoolExecutor$DelayedWorkQueue.take(ScheduledThreadPoolExecutor.java:809)
        at java.util.concurrent.ThreadPoolExecutor.getTask(ThreadPoolExecutor.java:1074)
        at java.util.concurrent.ThreadPoolExecutor.runWorker(ThreadPoolExecutor.java:1134)
        at java.util.concurrent.ThreadPoolExecutor$Worker.run(ThreadPoolExecutor.java:624)
        at java.lang.Thread.run(Thread.java:748)
"277b5c5e-8c6f-4c9a-a53f-1bbc96404e12@group-0DB353E2D887-SegmentedRaftLogWorker"  prio=5 tid=437 timed_waiting
java.lang.Thread.State: TIMED_WAITING
        at sun.misc.Unsafe.park(Native Method)
        at java.util.concurrent.locks.LockSupport.parkNanos(LockSupport.java:215)
        at java.util.concurrent.locks.AbstractQueuedSynchronizer$ConditionObject.awaitNanos(AbstractQueuedSynchronizer.java:2078)
        at org.apache.ratis.util.DataBlockingQueue.poll(DataBlockingQueue.java:137)
        at org.apache.ratis.server.raftlog.segmented.SegmentedRaftLogWorker.run(SegmentedRaftLogWorker.java:282)
        at java.lang.Thread.run(Thread.java:748)
"qtp312968017-191" daemon prio=5 tid=191 timed_waiting
java.lang.Thread.State: TIMED_WAITING
        at sun.misc.Unsafe.park(Native Method)
        at java.util.concurrent.locks.LockSupport.parkNanos(LockSupport.java:215)
        at java.util.concurrent.locks.AbstractQueuedSynchronizer$ConditionObject.awaitNanos(AbstractQueuedSynchronizer.java:2078)
        at org.eclipse.jetty.util.BlockingArrayQueue.poll(BlockingArrayQueue.java:392)
        at org.eclipse.jetty.util.thread.QueuedThreadPool.idleJobPoll(QueuedThreadPool.java:563)
        at org.eclipse.jetty.util.thread.QueuedThreadPool.access$800(QueuedThreadPool.java:48)
        at org.eclipse.jetty.util.thread.QueuedThreadPool$2.run(QueuedThreadPool.java:626)
        at java.lang.Thread.run(Thread.java:748)
"IPC Server handler 12 on 39615" daemon prio=5 tid=42 timed_waiting
java.lang.Thread.State: TIMED_WAITING
        at sun.misc.Unsafe.park(Native Method)
        at java.util.concurrent.locks.LockSupport.parkNanos(LockSupport.java:215)
        at java.util.concurrent.locks.AbstractQueuedSynchronizer$ConditionObject.awaitNanos(AbstractQueuedSynchronizer.java:2078)
        at java.util.concurrent.LinkedBlockingQueue.poll(LinkedBlockingQueue.java:467)
        at org.apache.hadoop.ipc.CallQueueManager.take(CallQueueManager.java:288)
        at org.apache.hadoop.ipc.Server$Handler.run(Server.java:2668)
"pool-36-thread-24"  prio=5 tid=317 in Object.wait()
java.lang.Thread.State: WAITING (on object monitor)
        at sun.misc.Unsafe.park(Native Method)
        at java.util.concurrent.locks.LockSupport.park(LockSupport.java:175)
        at java.util.concurrent.locks.AbstractQueuedSynchronizer$ConditionObject.await(AbstractQueuedSynchronizer.java:2039)
        at java.util.concurrent.ArrayBlockingQueue.take(ArrayBlockingQueue.java:403)
        at java.util.concurrent.ThreadPoolExecutor.getTask(ThreadPoolExecutor.java:1074)
        at java.util.concurrent.ThreadPoolExecutor.runWorker(ThreadPoolExecutor.java:1134)
        at java.util.concurrent.ThreadPoolExecutor$Worker.run(ThreadPoolExecutor.java:624)
        at java.lang.Thread.run(Thread.java:748)
"EventQueue-NewNodeForNewNodeHandler" daemon prio=5 tid=421 in Object.wait()
java.lang.Thread.State: WAITING (on object monitor)
        at sun.misc.Unsafe.park(Native Method)
        at java.util.concurrent.locks.LockSupport.park(LockSupport.java:175)
        at java.util.concurrent.locks.AbstractQueuedSynchronizer$ConditionObject.await(AbstractQueuedSynchronizer.java:2039)
        at java.util.concurrent.LinkedBlockingQueue.take(LinkedBlockingQueue.java:442)
        at java.util.concurrent.ThreadPoolExecutor.getTask(ThreadPoolExecutor.java:1074)
        at java.util.concurrent.ThreadPoolExecutor.runWorker(ThreadPoolExecutor.java:1134)
        at java.util.concurrent.ThreadPoolExecutor$Worker.run(ThreadPoolExecutor.java:624)
        at java.lang.Thread.run(Thread.java:748)
"pool-46-thread-45"  prio=5 tid=398 in Object.wait()
java.lang.Thread.State: WAITING (on object monitor)
        at sun.misc.Unsafe.park(Native Method)
        at java.util.concurrent.locks.LockSupport.park(LockSupport.java:175)
        at java.util.concurrent.locks.AbstractQueuedSynchronizer$ConditionObject.await(AbstractQueuedSynchronizer.java:2039)
        at java.util.concurrent.ArrayBlockingQueue.take(ArrayBlockingQueue.java:403)
        at java.util.concurrent.ThreadPoolExecutor.getTask(ThreadPoolExecutor.java:1074)
        at java.util.concurrent.ThreadPoolExecutor.runWorker(ThreadPoolExecutor.java:1134)
        at java.util.concurrent.ThreadPoolExecutor$Worker.run(ThreadPoolExecutor.java:624)
        at java.lang.Thread.run(Thread.java:748)
"metrics-hadoop-metrics2-reporter-26-thread-1" daemon prio=5 tid=521 timed_waiting
java.lang.Thread.State: TIMED_WAITING
        at sun.misc.Unsafe.park(Native Method)
        at java.util.concurrent.locks.LockSupport.parkNanos(LockSupport.java:215)
        at java.util.concurrent.locks.AbstractQueuedSynchronizer$ConditionObject.awaitNanos(AbstractQueuedSynchronizer.java:2078)
        at java.util.concurrent.ScheduledThreadPoolExecutor$DelayedWorkQueue.take(ScheduledThreadPoolExecutor.java:1093)
        at java.util.concurrent.ScheduledThreadPoolExecutor$DelayedWorkQueue.take(ScheduledThreadPoolExecutor.java:809)
        at java.util.concurrent.ThreadPoolExecutor.getTask(ThreadPoolExecutor.java:1074)
        at java.util.concurrent.ThreadPoolExecutor.runWorker(ThreadPoolExecutor.java:1134)
        at java.util.concurrent.ThreadPoolExecutor$Worker.run(ThreadPoolExecutor.java:624)
        at java.lang.Thread.run(Thread.java:748)
"qtp190696393-162" daemon prio=5 tid=162 timed_waiting
java.lang.Thread.State: TIMED_WAITING
        at sun.misc.Unsafe.park(Native Method)
        at java.util.concurrent.locks.LockSupport.parkNanos(LockSupport.java:215)
        at java.util.concurrent.locks.AbstractQueuedSynchronizer$ConditionObject.awaitNanos(AbstractQueuedSynchronizer.java:2078)
        at org.eclipse.jetty.util.BlockingArrayQueue.poll(BlockingArrayQueue.java:392)
        at org.eclipse.jetty.util.thread.QueuedThreadPool.idleJobPoll(QueuedThreadPool.java:563)
        at org.eclipse.jetty.util.thread.QueuedThreadPool.access$800(QueuedThreadPool.java:48)
        at org.eclipse.jetty.util.thread.QueuedThreadPool$2.run(QueuedThreadPool.java:626)
        at java.lang.Thread.run(Thread.java:748)
"pool-24-thread-1" daemon prio=5 tid=157 timed_waiting
java.lang.Thread.State: TIMED_WAITING
        at sun.misc.Unsafe.park(Native Method)
        at java.util.concurrent.locks.LockSupport.parkNanos(LockSupport.java:215)
        at java.util.concurrent.locks.AbstractQueuedSynchronizer$ConditionObject.awaitNanos(AbstractQueuedSynchronizer.java:2078)
        at java.util.concurrent.ScheduledThreadPoolExecutor$DelayedWorkQueue.take(ScheduledThreadPoolExecutor.java:1093)
        at java.util.concurrent.ScheduledThreadPoolExecutor$DelayedWorkQueue.take(ScheduledThreadPoolExecutor.java:809)
        at java.util.concurrent.ThreadPoolExecutor.getTask(ThreadPoolExecutor.java:1074)
        at java.util.concurrent.ThreadPoolExecutor.runWorker(ThreadPoolExecutor.java:1134)
        at java.util.concurrent.ThreadPoolExecutor$Worker.run(ThreadPoolExecutor.java:624)
        at java.lang.Thread.run(Thread.java:748)
"pool-36-thread-23"  prio=5 tid=316 in Object.wait()
java.lang.Thread.State: WAITING (on object monitor)
        at sun.misc.Unsafe.park(Native Method)
        at java.util.concurrent.locks.LockSupport.park(LockSupport.java:175)
        at java.util.concurrent.locks.AbstractQueuedSynchronizer$ConditionObject.await(AbstractQueuedSynchronizer.java:2039)
        at java.util.concurrent.ArrayBlockingQueue.take(ArrayBlockingQueue.java:403)
        at java.util.concurrent.ThreadPoolExecutor.getTask(ThreadPoolExecutor.java:1074)
        at java.util.concurrent.ThreadPoolExecutor.runWorker(ThreadPoolExecutor.java:1134)
        at java.util.concurrent.ThreadPoolExecutor$Worker.run(ThreadPoolExecutor.java:624)
        at java.lang.Thread.run(Thread.java:748)
"java.util.concurrent.ThreadPoolExecutor$Worker@49e23f57[State = -1, empty queue]" daemon prio=5 tid=527 timed_waiting
java.lang.Thread.State: TIMED_WAITING
        at sun.misc.Unsafe.park(Native Method)
        at java.util.concurrent.locks.LockSupport.parkNanos(LockSupport.java:215)
        at java.util.concurrent.locks.AbstractQueuedSynchronizer$ConditionObject.awaitNanos(AbstractQueuedSynchronizer.java:2078)
        at java.util.concurrent.ScheduledThreadPoolExecutor$DelayedWorkQueue.take(ScheduledThreadPoolExecutor.java:1093)
        at java.util.concurrent.ScheduledThreadPoolExecutor$DelayedWorkQueue.take(ScheduledThreadPoolExecutor.java:809)
        at java.util.concurrent.ThreadPoolExecutor.getTask(ThreadPoolExecutor.java:1074)
        at java.util.concurrent.ThreadPoolExecutor.runWorker(ThreadPoolExecutor.java:1134)
        at java.util.concurrent.ThreadPoolExecutor$Worker.run(ThreadPoolExecutor.java:624)
        at java.lang.Thread.run(Thread.java:748)
"org.apache.hadoop.util.JvmPauseMonitor$Monitor@630e2bf4" daemon prio=5 tid=231 timed_waiting
java.lang.Thread.State: TIMED_WAITING
        at java.lang.Thread.sleep(Native Method)
        at org.apache.hadoop.util.JvmPauseMonitor$Monitor.run(JvmPauseMonitor.java:192)
        at java.lang.Thread.run(Thread.java:748)
"pool-36-thread-20"  prio=5 tid=313 in Object.wait()
java.lang.Thread.State: WAITING (on object monitor)
        at sun.misc.Unsafe.park(Native Method)
        at java.util.concurrent.locks.LockSupport.park(LockSupport.java:175)
        at java.util.concurrent.locks.AbstractQueuedSynchronizer$ConditionObject.await(AbstractQueuedSynchronizer.java:2039)
        at java.util.concurrent.ArrayBlockingQueue.take(ArrayBlockingQueue.java:403)
        at java.util.concurrent.ThreadPoolExecutor.getTask(ThreadPoolExecutor.java:1074)
        at java.util.concurrent.ThreadPoolExecutor.runWorker(ThreadPoolExecutor.java:1134)
        at java.util.concurrent.ThreadPoolExecutor$Worker.run(ThreadPoolExecutor.java:624)
        at java.lang.Thread.run(Thread.java:748)
"pool-26-thread-21"  prio=5 tid=254 in Object.wait()
java.lang.Thread.State: WAITING (on object monitor)
        at sun.misc.Unsafe.park(Native Method)
        at java.util.concurrent.locks.LockSupport.park(LockSupport.java:175)
        at java.util.concurrent.locks.AbstractQueuedSynchronizer$ConditionObject.await(AbstractQueuedSynchronizer.java:2039)
        at java.util.concurrent.ArrayBlockingQueue.take(ArrayBlockingQueue.java:403)
        at java.util.concurrent.ThreadPoolExecutor.getTask(ThreadPoolExecutor.java:1074)
        at java.util.concurrent.ThreadPoolExecutor.runWorker(ThreadPoolExecutor.java:1134)
        at java.util.concurrent.ThreadPoolExecutor$Worker.run(ThreadPoolExecutor.java:624)
        at java.lang.Thread.run(Thread.java:748)
"pool-36-thread-48"  prio=5 tid=341 in Object.wait()
java.lang.Thread.State: WAITING (on object monitor)
        at sun.misc.Unsafe.park(Native Method)
        at java.util.concurrent.locks.LockSupport.park(LockSupport.java:175)
        at java.util.concurrent.locks.AbstractQueuedSynchronizer$ConditionObject.await(AbstractQueuedSynchronizer.java:2039)
        at java.util.concurrent.ArrayBlockingQueue.take(ArrayBlockingQueue.java:403)
        at java.util.concurrent.ThreadPoolExecutor.getTask(ThreadPoolExecutor.java:1074)
        at java.util.concurrent.ThreadPoolExecutor.runWorker(ThreadPoolExecutor.java:1134)
        at java.util.concurrent.ThreadPoolExecutor$Worker.run(ThreadPoolExecutor.java:624)
        at java.lang.Thread.run(Thread.java:748)
"pool-36-thread-13"  prio=5 tid=306 in Object.wait()
java.lang.Thread.State: WAITING (on object monitor)
        at sun.misc.Unsafe.park(Native Method)
        at java.util.concurrent.locks.LockSupport.park(LockSupport.java:175)
        at java.util.concurrent.locks.AbstractQueuedSynchronizer$ConditionObject.await(AbstractQueuedSynchronizer.java:2039)
        at java.util.concurrent.ArrayBlockingQueue.take(ArrayBlockingQueue.java:403)
        at java.util.concurrent.ThreadPoolExecutor.getTask(ThreadPoolExecutor.java:1074)
        at java.util.concurrent.ThreadPoolExecutor.runWorker(ThreadPoolExecutor.java:1134)
        at java.util.concurrent.ThreadPoolExecutor$Worker.run(ThreadPoolExecutor.java:624)
        at java.lang.Thread.run(Thread.java:748)
"IPC Server handler 7 on 37656" daemon prio=5 tid=57 timed_waiting
java.lang.Thread.State: TIMED_WAITING
        at sun.misc.Unsafe.park(Native Method)
        at java.util.concurrent.locks.LockSupport.parkNanos(LockSupport.java:215)
        at java.util.concurrent.locks.AbstractQueuedSynchronizer$ConditionObject.awaitNanos(AbstractQueuedSynchronizer.java:2078)
        at java.util.concurrent.LinkedBlockingQueue.poll(LinkedBlockingQueue.java:467)
        at org.apache.hadoop.ipc.CallQueueManager.take(CallQueueManager.java:288)
        at org.apache.hadoop.ipc.Server$Handler.run(Server.java:2668)
"org.eclipse.jetty.server.session.HashSessionManager@468ca8e8Timer" daemon prio=5 tid=223 timed_waiting
java.lang.Thread.State: TIMED_WAITING
        at sun.misc.Unsafe.park(Native Method)
        at java.util.concurrent.locks.LockSupport.parkNanos(LockSupport.java:215)
        at java.util.concurrent.locks.AbstractQueuedSynchronizer$ConditionObject.awaitNanos(AbstractQueuedSynchronizer.java:2078)
        at java.util.concurrent.ScheduledThreadPoolExecutor$DelayedWorkQueue.take(ScheduledThreadPoolExecutor.java:1093)
        at java.util.concurrent.ScheduledThreadPoolExecutor$DelayedWorkQueue.take(ScheduledThreadPoolExecutor.java:809)
        at java.util.concurrent.ThreadPoolExecutor.getTask(ThreadPoolExecutor.java:1074)
        at java.util.concurrent.ThreadPoolExecutor.runWorker(ThreadPoolExecutor.java:1134)
        at java.util.concurrent.ThreadPoolExecutor$Worker.run(ThreadPoolExecutor.java:624)
        at java.lang.Thread.run(Thread.java:748)
"IPC Server listener on 37656" daemon prio=5 tid=19 runnable
java.lang.Thread.State: RUNNABLE
        at sun.nio.ch.EPollArrayWrapper.epollWait(Native Method)
        at sun.nio.ch.EPollArrayWrapper.poll(EPollArrayWrapper.java:269)
        at sun.nio.ch.EPollSelectorImpl.doSelect(EPollSelectorImpl.java:93)
        at sun.nio.ch.SelectorImpl.lockAndDoSelect(SelectorImpl.java:86)
        at sun.nio.ch.SelectorImpl.select(SelectorImpl.java:97)
        at sun.nio.ch.SelectorImpl.select(SelectorImpl.java:101)
        at org.apache.hadoop.ipc.Server$Listener.run(Server.java:1159)
"IPC Server listener on 39615" daemon prio=5 tid=23 runnable
java.lang.Thread.State: RUNNABLE
        at sun.nio.ch.EPollArrayWrapper.epollWait(Native Method)
        at sun.nio.ch.EPollArrayWrapper.poll(EPollArrayWrapper.java:269)
        at sun.nio.ch.EPollSelectorImpl.doSelect(EPollSelectorImpl.java:93)
        at sun.nio.ch.SelectorImpl.lockAndDoSelect(SelectorImpl.java:86)
        at sun.nio.ch.SelectorImpl.select(SelectorImpl.java:97)
        at sun.nio.ch.SelectorImpl.select(SelectorImpl.java:101)
        at org.apache.hadoop.ipc.Server$Listener.run(Server.java:1159)
"IPC Server handler 15 on 39615" daemon prio=5 tid=45 timed_waiting
java.lang.Thread.State: TIMED_WAITING
        at sun.misc.Unsafe.park(Native Method)
        at java.util.concurrent.locks.LockSupport.parkNanos(LockSupport.java:215)
        at java.util.concurrent.locks.AbstractQueuedSynchronizer$ConditionObject.awaitNanos(AbstractQueuedSynchronizer.java:2078)
        at java.util.concurrent.LinkedBlockingQueue.poll(LinkedBlockingQueue.java:467)
        at org.apache.hadoop.ipc.CallQueueManager.take(CallQueueManager.java:288)
        at org.apache.hadoop.ipc.Server$Handler.run(Server.java:2668)
"pool-46-thread-17"  prio=5 tid=370 in Object.wait()
java.lang.Thread.State: WAITING (on object monitor)
        at sun.misc.Unsafe.park(Native Method)
        at java.util.concurrent.locks.LockSupport.park(LockSupport.java:175)
        at java.util.concurrent.locks.AbstractQueuedSynchronizer$ConditionObject.await(AbstractQueuedSynchronizer.java:2039)
        at java.util.concurrent.ArrayBlockingQueue.take(ArrayBlockingQueue.java:403)
        at java.util.concurrent.ThreadPoolExecutor.getTask(ThreadPoolExecutor.java:1074)
        at java.util.concurrent.ThreadPoolExecutor.runWorker(ThreadPoolExecutor.java:1134)
        at java.util.concurrent.ThreadPoolExecutor$Worker.run(ThreadPoolExecutor.java:624)
        at java.lang.Thread.run(Thread.java:748)
"pool-46-thread-3"  prio=5 tid=356 in Object.wait()
java.lang.Thread.State: WAITING (on object monitor)
        at sun.misc.Unsafe.park(Native Method)
        at java.util.concurrent.locks.LockSupport.park(LockSupport.java:175)
        at java.util.concurrent.locks.AbstractQueuedSynchronizer$ConditionObject.await(AbstractQueuedSynchronizer.java:2039)
        at java.util.concurrent.ArrayBlockingQueue.take(ArrayBlockingQueue.java:403)
        at java.util.concurrent.ThreadPoolExecutor.getTask(ThreadPoolExecutor.java:1074)
        at java.util.concurrent.ThreadPoolExecutor.runWorker(ThreadPoolExecutor.java:1134)
        at java.util.concurrent.ThreadPoolExecutor$Worker.run(ThreadPoolExecutor.java:624)
        at java.lang.Thread.run(Thread.java:748)
"ReplicationMonitor" daemon prio=5 tid=609 timed_waiting
java.lang.Thread.State: TIMED_WAITING
        at java.lang.Object.wait(Native Method)
        at org.apache.hadoop.hdds.scm.container.ReplicationManager.run(ReplicationManager.java:229)
        at org.apache.hadoop.hdds.scm.container.ReplicationManager$$Lambda$487/1783602204.run(Unknown Source)
        at java.lang.Thread.run(Thread.java:748)
"metrics-hadoop-metrics2-reporter-7-thread-1" daemon prio=5 tid=452 timed_waiting
java.lang.Thread.State: TIMED_WAITING
        at sun.misc.Unsafe.park(Native Method)
        at java.util.concurrent.locks.LockSupport.parkNanos(LockSupport.java:215)
        at java.util.concurrent.locks.AbstractQueuedSynchronizer$ConditionObject.awaitNanos(AbstractQueuedSynchronizer.java:2078)
        at java.util.concurrent.ScheduledThreadPoolExecutor$DelayedWorkQueue.take(ScheduledThreadPoolExecutor.java:1093)
        at java.util.concurrent.ScheduledThreadPoolExecutor$DelayedWorkQueue.take(ScheduledThreadPoolExecutor.java:809)
        at java.util.concurrent.ThreadPoolExecutor.getTask(ThreadPoolExecutor.java:1074)
        at java.util.concurrent.ThreadPoolExecutor.runWorker(ThreadPoolExecutor.java:1134)
        at java.util.concurrent.ThreadPoolExecutor$Worker.run(ThreadPoolExecutor.java:624)
        at java.lang.Thread.run(Thread.java:748)
"pool-26-thread-59"  prio=5 tid=292 in Object.wait()
java.lang.Thread.State: WAITING (on object monitor)
        at sun.misc.Unsafe.park(Native Method)
        at java.util.concurrent.locks.LockSupport.park(LockSupport.java:175)
        at java.util.concurrent.locks.AbstractQueuedSynchronizer$ConditionObject.await(AbstractQueuedSynchronizer.java:2039)
        at java.util.concurrent.ArrayBlockingQueue.take(ArrayBlockingQueue.java:403)
        at java.util.concurrent.ThreadPoolExecutor.getTask(ThreadPoolExecutor.java:1074)
        at java.util.concurrent.ThreadPoolExecutor.runWorker(ThreadPoolExecutor.java:1134)
        at java.util.concurrent.ThreadPoolExecutor$Worker.run(ThreadPoolExecutor.java:624)
        at java.lang.Thread.run(Thread.java:748)
"pool-26-thread-33"  prio=5 tid=266 in Object.wait()
java.lang.Thread.State: WAITING (on object monitor)
        at sun.misc.Unsafe.park(Native Method)
        at java.util.concurrent.locks.LockSupport.park(LockSupport.java:175)
        at java.util.concurrent.locks.AbstractQueuedSynchronizer$ConditionObject.await(AbstractQueuedSynchronizer.java:2039)
        at java.util.concurrent.ArrayBlockingQueue.take(ArrayBlockingQueue.java:403)
        at java.util.concurrent.ThreadPoolExecutor.getTask(ThreadPoolExecutor.java:1074)
        at java.util.concurrent.ThreadPoolExecutor.runWorker(ThreadPoolExecutor.java:1134)
        at java.util.concurrent.ThreadPoolExecutor$Worker.run(ThreadPoolExecutor.java:624)
        at java.lang.Thread.run(Thread.java:748)
"metrics-hadoop-metrics2-reporter-2-thread-1" daemon prio=5 tid=439 timed_waiting
java.lang.Thread.State: TIMED_WAITING
        at sun.misc.Unsafe.park(Native Method)
        at java.util.concurrent.locks.LockSupport.parkNanos(LockSupport.java:215)
        at java.util.concurrent.locks.AbstractQueuedSynchronizer$ConditionObject.awaitNanos(AbstractQueuedSynchronizer.java:2078)
        at java.util.concurrent.ScheduledThreadPoolExecutor$DelayedWorkQueue.take(ScheduledThreadPoolExecutor.java:1093)
        at java.util.concurrent.ScheduledThreadPoolExecutor$DelayedWorkQueue.take(ScheduledThreadPoolExecutor.java:809)
        at java.util.concurrent.ThreadPoolExecutor.getTask(ThreadPoolExecutor.java:1074)
        at java.util.concurrent.ThreadPoolExecutor.runWorker(ThreadPoolExecutor.java:1134)
        at java.util.concurrent.ThreadPoolExecutor$Worker.run(ThreadPoolExecutor.java:624)
        at java.lang.Thread.run(Thread.java:748)
"Command processor thread" daemon prio=5 tid=176 timed_waiting
java.lang.Thread.State: TIMED_WAITING
        at java.lang.Thread.sleep(Native Method)
        at org.apache.hadoop.ozone.container.common.statemachine.DatanodeStateMachine.lambda$initCommandHandlerThread$1(DatanodeStateMachine.java:439)
        at org.apache.hadoop.ozone.container.common.statemachine.DatanodeStateMachine$$Lambda$141/493645716.run(Unknown Source)
        at java.lang.Thread.run(Thread.java:748)
"grpc-default-executor-4" daemon prio=5 tid=532 timed_waiting
java.lang.Thread.State: TIMED_WAITING
        at sun.misc.Unsafe.park(Native Method)
        at java.util.concurrent.locks.LockSupport.parkNanos(LockSupport.java:215)
        at java.util.concurrent.SynchronousQueue$TransferStack.awaitFulfill(SynchronousQueue.java:460)
        at java.util.concurrent.SynchronousQueue$TransferStack.transfer(SynchronousQueue.java:362)
        at java.util.concurrent.SynchronousQueue.poll(SynchronousQueue.java:941)
        at java.util.concurrent.ThreadPoolExecutor.getTask(ThreadPoolExecutor.java:1073)
        at java.util.concurrent.ThreadPoolExecutor.runWorker(ThreadPoolExecutor.java:1134)
        at java.util.concurrent.ThreadPoolExecutor$Worker.run(ThreadPoolExecutor.java:624)
        at java.lang.Thread.run(Thread.java:748)
"pool-26-thread-43"  prio=5 tid=276 in Object.wait()
java.lang.Thread.State: WAITING (on object monitor)
        at sun.misc.Unsafe.park(Native Method)
        at java.util.concurrent.locks.LockSupport.park(LockSupport.java:175)
        at java.util.concurrent.locks.AbstractQueuedSynchronizer$ConditionObject.await(AbstractQueuedSynchronizer.java:2039)
        at java.util.concurrent.ArrayBlockingQueue.take(ArrayBlockingQueue.java:403)
        at java.util.concurrent.ThreadPoolExecutor.getTask(ThreadPoolExecutor.java:1074)
        at java.util.concurrent.ThreadPoolExecutor.runWorker(ThreadPoolExecutor.java:1134)
        at java.util.concurrent.ThreadPoolExecutor$Worker.run(ThreadPoolExecutor.java:624)
        at java.lang.Thread.run(Thread.java:748)
"IPC Server handler 13 on 32962" daemon prio=5 tid=128 timed_waiting
java.lang.Thread.State: TIMED_WAITING
        at sun.misc.Unsafe.park(Native Method)
        at java.util.concurrent.locks.LockSupport.parkNanos(LockSupport.java:215)
        at java.util.concurrent.locks.AbstractQueuedSynchronizer$ConditionObject.awaitNanos(AbstractQueuedSynchronizer.java:2078)
        at java.util.concurrent.LinkedBlockingQueue.poll(LinkedBlockingQueue.java:467)
        at org.apache.hadoop.ipc.CallQueueManager.take(CallQueueManager.java:288)
        at org.apache.hadoop.ipc.Server$Handler.run(Server.java:2668)
"metrics-hadoop-metrics2-reporter-28-thread-1" daemon prio=5 tid=621 timed_waiting
java.lang.Thread.State: TIMED_WAITING
        at sun.misc.Unsafe.park(Native Method)
        at java.util.concurrent.locks.LockSupport.parkNanos(LockSupport.java:215)
        at java.util.concurrent.locks.AbstractQueuedSynchronizer$ConditionObject.awaitNanos(AbstractQueuedSynchronizer.java:2078)
        at java.util.concurrent.ScheduledThreadPoolExecutor$DelayedWorkQueue.take(ScheduledThreadPoolExecutor.java:1093)
        at java.util.concurrent.ScheduledThreadPoolExecutor$DelayedWorkQueue.take(ScheduledThreadPoolExecutor.java:809)
        at java.util.concurrent.ThreadPoolExecutor.getTask(ThreadPoolExecutor.java:1074)
        at java.util.concurrent.ThreadPoolExecutor.runWorker(ThreadPoolExecutor.java:1134)
        at java.util.concurrent.ThreadPoolExecutor$Worker.run(ThreadPoolExecutor.java:624)
        at java.lang.Thread.run(Thread.java:748)
"IPC Server handler 1 on 37656" daemon prio=5 tid=51 timed_waiting
java.lang.Thread.State: TIMED_WAITING
        at sun.misc.Unsafe.park(Native Method)
        at java.util.concurrent.locks.LockSupport.parkNanos(LockSupport.java:215)
        at java.util.concurrent.locks.AbstractQueuedSynchronizer$ConditionObject.awaitNanos(AbstractQueuedSynchronizer.java:2078)
        at java.util.concurrent.LinkedBlockingQueue.poll(LinkedBlockingQueue.java:467)
        at org.apache.hadoop.ipc.CallQueueManager.take(CallQueueManager.java:288)
        at org.apache.hadoop.ipc.Server$Handler.run(Server.java:2668)
"pool-36-thread-37"  prio=5 tid=330 in Object.wait()
java.lang.Thread.State: WAITING (on object monitor)
        at sun.misc.Unsafe.park(Native Method)
        at java.util.concurrent.locks.LockSupport.park(LockSupport.java:175)
        at java.util.concurrent.locks.AbstractQueuedSynchronizer$ConditionObject.await(AbstractQueuedSynchronizer.java:2039)
        at java.util.concurrent.ArrayBlockingQueue.take(ArrayBlockingQueue.java:403)
        at java.util.concurrent.ThreadPoolExecutor.getTask(ThreadPoolExecutor.java:1074)
        at java.util.concurrent.ThreadPoolExecutor.runWorker(ThreadPoolExecutor.java:1134)
        at java.util.concurrent.ThreadPoolExecutor$Worker.run(ThreadPoolExecutor.java:624)
        at java.lang.Thread.run(Thread.java:748)
"pool-36-thread-19"  prio=5 tid=312 in Object.wait()
java.lang.Thread.State: WAITING (on object monitor)
        at sun.misc.Unsafe.park(Native Method)
        at java.util.concurrent.locks.LockSupport.park(LockSupport.java:175)
        at java.util.concurrent.locks.AbstractQueuedSynchronizer$ConditionObject.await(AbstractQueuedSynchronizer.java:2039)
        at java.util.concurrent.ArrayBlockingQueue.take(ArrayBlockingQueue.java:403)
        at java.util.concurrent.ThreadPoolExecutor.getTask(ThreadPoolExecutor.java:1074)
        at java.util.concurrent.ThreadPoolExecutor.runWorker(ThreadPoolExecutor.java:1134)
        at java.util.concurrent.ThreadPoolExecutor$Worker.run(ThreadPoolExecutor.java:624)
        at java.lang.Thread.run(Thread.java:748)
"pool-26-thread-36"  prio=5 tid=269 in Object.wait()
java.lang.Thread.State: WAITING (on object monitor)
        at sun.misc.Unsafe.park(Native Method)
        at java.util.concurrent.locks.LockSupport.park(LockSupport.java:175)
        at java.util.concurrent.locks.AbstractQueuedSynchronizer$ConditionObject.await(AbstractQueuedSynchronizer.java:2039)
        at java.util.concurrent.ArrayBlockingQueue.take(ArrayBlockingQueue.java:403)
        at java.util.concurrent.ThreadPoolExecutor.getTask(ThreadPoolExecutor.java:1074)
        at java.util.concurrent.ThreadPoolExecutor.runWorker(ThreadPoolExecutor.java:1134)
        at java.util.concurrent.ThreadPoolExecutor$Worker.run(ThreadPoolExecutor.java:624)
        at java.lang.Thread.run(Thread.java:748)
"Timer-0"  prio=5 tid=113 timed_waiting
java.lang.Thread.State: TIMED_WAITING
        at java.lang.Object.wait(Native Method)
        at java.util.TimerThread.mainLoop(Timer.java:552)
        at java.util.TimerThread.run(Timer.java:505)
"IPC Server handler 4 on 32962" daemon prio=5 tid=119 timed_waiting
java.lang.Thread.State: TIMED_WAITING
        at sun.misc.Unsafe.park(Native Method)
        at java.util.concurrent.locks.LockSupport.parkNanos(LockSupport.java:215)
        at java.util.concurrent.locks.AbstractQueuedSynchronizer$ConditionObject.awaitNanos(AbstractQueuedSynchronizer.java:2078)
        at java.util.concurrent.LinkedBlockingQueue.poll(LinkedBlockingQueue.java:467)
        at org.apache.hadoop.ipc.CallQueueManager.take(CallQueueManager.java:288)
        at org.apache.hadoop.ipc.Server$Handler.run(Server.java:2668)
"pool-26-thread-9"  prio=5 tid=242 in Object.wait()
java.lang.Thread.State: WAITING (on object monitor)
        at sun.misc.Unsafe.park(Native Method)
        at java.util.concurrent.locks.LockSupport.park(LockSupport.java:175)
        at java.util.concurrent.locks.AbstractQueuedSynchronizer$ConditionObject.await(AbstractQueuedSynchronizer.java:2039)
        at java.util.concurrent.ArrayBlockingQueue.take(ArrayBlockingQueue.java:403)
        at java.util.concurrent.ThreadPoolExecutor.getTask(ThreadPoolExecutor.java:1074)
        at java.util.concurrent.ThreadPoolExecutor.runWorker(ThreadPoolExecutor.java:1134)
        at java.util.concurrent.ThreadPoolExecutor$Worker.run(ThreadPoolExecutor.java:624)
        at java.lang.Thread.run(Thread.java:748)
"org.apache.hadoop.util.JvmPauseMonitor$Monitor@5089afed" daemon prio=5 tid=204 timed_waiting
java.lang.Thread.State: TIMED_WAITING
        at java.lang.Thread.sleep(Native Method)
        at org.apache.hadoop.util.JvmPauseMonitor$Monitor.run(JvmPauseMonitor.java:192)
        at java.lang.Thread.run(Thread.java:748)
"Thread-2748" daemon prio=5 tid=3058 timed_waiting
java.lang.Thread.State: TIMED_WAITING
        at java.lang.Thread.sleep(Native Method)
        at org.apache.ratis.util.JavaUtils.sleep(JavaUtils.java:247)
        at org.apache.ratis.server.impl.FollowerState.run(FollowerState.java:97)
"IPC Server handler 2 on 37656" daemon prio=5 tid=52 timed_waiting
java.lang.Thread.State: TIMED_WAITING
        at sun.misc.Unsafe.park(Native Method)
        at java.util.concurrent.locks.LockSupport.parkNanos(LockSupport.java:215)
        at java.util.concurrent.locks.AbstractQueuedSynchronizer$ConditionObject.awaitNanos(AbstractQueuedSynchronizer.java:2078)
        at java.util.concurrent.LinkedBlockingQueue.poll(LinkedBlockingQueue.java:467)
        at org.apache.hadoop.ipc.CallQueueManager.take(CallQueueManager.java:288)
        at org.apache.hadoop.ipc.Server$Handler.run(Server.java:2668)
"pool-26-thread-47"  prio=5 tid=280 in Object.wait()
java.lang.Thread.State: WAITING (on object monitor)
        at sun.misc.Unsafe.park(Native Method)
        at java.util.concurrent.locks.LockSupport.park(LockSupport.java:175)
        at java.util.concurrent.locks.AbstractQueuedSynchronizer$ConditionObject.await(AbstractQueuedSynchronizer.java:2039)
        at java.util.concurrent.ArrayBlockingQueue.take(ArrayBlockingQueue.java:403)
        at java.util.concurrent.ThreadPoolExecutor.getTask(ThreadPoolExecutor.java:1074)
        at java.util.concurrent.ThreadPoolExecutor.runWorker(ThreadPoolExecutor.java:1134)
        at java.util.concurrent.ThreadPoolExecutor$Worker.run(ThreadPoolExecutor.java:624)
        at java.lang.Thread.run(Thread.java:748)
"Datanode State Machine Thread - 0" daemon prio=5 tid=205 timed_waiting
java.lang.Thread.State: TIMED_WAITING
        at sun.misc.Unsafe.park(Native Method)
        at java.util.concurrent.locks.LockSupport.parkNanos(LockSupport.java:215)
        at java.util.concurrent.SynchronousQueue$TransferStack.awaitFulfill(SynchronousQueue.java:460)
        at java.util.concurrent.SynchronousQueue$TransferStack.transfer(SynchronousQueue.java:362)
        at java.util.concurrent.SynchronousQueue.poll(SynchronousQueue.java:941)
        at java.util.concurrent.ThreadPoolExecutor.getTask(ThreadPoolExecutor.java:1073)
        at java.util.concurrent.ThreadPoolExecutor.runWorker(ThreadPoolExecutor.java:1134)
        at java.util.concurrent.ThreadPoolExecutor$Worker.run(ThreadPoolExecutor.java:624)
        at java.lang.Thread.run(Thread.java:748)
"qtp190696393-163" daemon prio=5 tid=163 timed_waiting
java.lang.Thread.State: TIMED_WAITING
        at sun.misc.Unsafe.park(Native Method)
        at java.util.concurrent.locks.LockSupport.parkNanos(LockSupport.java:215)
        at java.util.concurrent.locks.AbstractQueuedSynchronizer$ConditionObject.awaitNanos(AbstractQueuedSynchronizer.java:2078)
        at org.eclipse.jetty.util.BlockingArrayQueue.poll(BlockingArrayQueue.java:392)
        at org.eclipse.jetty.util.thread.QueuedThreadPool.idleJobPoll(QueuedThreadPool.java:563)
        at org.eclipse.jetty.util.thread.QueuedThreadPool.access$800(QueuedThreadPool.java:48)
        at org.eclipse.jetty.util.thread.QueuedThreadPool$2.run(QueuedThreadPool.java:626)
        at java.lang.Thread.run(Thread.java:748)
"pool-26-thread-37"  prio=5 tid=270 in Object.wait()
java.lang.Thread.State: WAITING (on object monitor)
        at sun.misc.Unsafe.park(Native Method)
        at java.util.concurrent.locks.LockSupport.park(LockSupport.java:175)
        at java.util.concurrent.locks.AbstractQueuedSynchronizer$ConditionObject.await(AbstractQueuedSynchronizer.java:2039)
        at java.util.concurrent.ArrayBlockingQueue.take(ArrayBlockingQueue.java:403)
        at java.util.concurrent.ThreadPoolExecutor.getTask(ThreadPoolExecutor.java:1074)
        at java.util.concurrent.ThreadPoolExecutor.runWorker(ThreadPoolExecutor.java:1134)
        at java.util.concurrent.ThreadPoolExecutor$Worker.run(ThreadPoolExecutor.java:624)
        at java.lang.Thread.run(Thread.java:748)
"qtp1124883352-215-acceptor-0@61fc91f6-ServerConnector@3d19c2de{HTTP/1.1,[http/1.1]}{0.0.0.0:34684}" daemon prio=3 tid=215 runnable
java.lang.Thread.State: RUNNABLE
        at sun.nio.ch.ServerSocketChannelImpl.accept0(Native Method)
        at sun.nio.ch.ServerSocketChannelImpl.accept(ServerSocketChannelImpl.java:422)
        at sun.nio.ch.ServerSocketChannelImpl.accept(ServerSocketChannelImpl.java:250)
        at org.eclipse.jetty.server.ServerConnector.accept(ServerConnector.java:397)
        at org.eclipse.jetty.server.AbstractConnector$Acceptor.run(AbstractConnector.java:601)
        at org.eclipse.jetty.util.thread.QueuedThreadPool.runJob(QueuedThreadPool.java:671)
        at org.eclipse.jetty.util.thread.QueuedThreadPool$2.run(QueuedThreadPool.java:589)
        at java.lang.Thread.run(Thread.java:748)
"BlockDeletingService#1" daemon prio=5 tid=418 in Object.wait()
java.lang.Thread.State: WAITING (on object monitor)
        at sun.misc.Unsafe.park(Native Method)
        at java.util.concurrent.locks.LockSupport.park(LockSupport.java:175)
        at java.util.concurrent.locks.AbstractQueuedSynchronizer$ConditionObject.await(AbstractQueuedSynchronizer.java:2039)
        at java.util.concurrent.ScheduledThreadPoolExecutor$DelayedWorkQueue.take(ScheduledThreadPoolExecutor.java:1088)
        at java.util.concurrent.ScheduledThreadPoolExecutor$DelayedWorkQueue.take(ScheduledThreadPoolExecutor.java:809)
        at java.util.concurrent.ThreadPoolExecutor.getTask(ThreadPoolExecutor.java:1074)
        at java.util.concurrent.ThreadPoolExecutor.runWorker(ThreadPoolExecutor.java:1134)
        at java.util.concurrent.ThreadPoolExecutor$Worker.run(ThreadPoolExecutor.java:624)
        at java.lang.Thread.run(Thread.java:748)
"pool-36-thread-7"  prio=5 tid=300 in Object.wait()
java.lang.Thread.State: WAITING (on object monitor)
        at sun.misc.Unsafe.park(Native Method)
        at java.util.concurrent.locks.LockSupport.park(LockSupport.java:175)
        at java.util.concurrent.locks.AbstractQueuedSynchronizer$ConditionObject.await(AbstractQueuedSynchronizer.java:2039)
        at java.util.concurrent.ArrayBlockingQueue.take(ArrayBlockingQueue.java:403)
        at java.util.concurrent.ThreadPoolExecutor.getTask(ThreadPoolExecutor.java:1074)
        at java.util.concurrent.ThreadPoolExecutor.runWorker(ThreadPoolExecutor.java:1134)
        at java.util.concurrent.ThreadPoolExecutor$Worker.run(ThreadPoolExecutor.java:624)
        at java.lang.Thread.run(Thread.java:748)
"pool-36-thread-29"  prio=5 tid=322 in Object.wait()
java.lang.Thread.State: WAITING (on object monitor)
        at sun.misc.Unsafe.park(Native Method)
        at java.util.concurrent.locks.LockSupport.park(LockSupport.java:175)
        at java.util.concurrent.locks.AbstractQueuedSynchronizer$ConditionObject.await(AbstractQueuedSynchronizer.java:2039)
        at java.util.concurrent.ArrayBlockingQueue.take(ArrayBlockingQueue.java:403)
        at java.util.concurrent.ThreadPoolExecutor.getTask(ThreadPoolExecutor.java:1074)
        at java.util.concurrent.ThreadPoolExecutor.runWorker(ThreadPoolExecutor.java:1134)
        at java.util.concurrent.ThreadPoolExecutor$Worker.run(ThreadPoolExecutor.java:624)
        at java.lang.Thread.run(Thread.java:748)
"metrics-hadoop-metrics2-reporter-15-thread-1" daemon prio=5 tid=475 timed_waiting
java.lang.Thread.State: TIMED_WAITING
        at sun.misc.Unsafe.park(Native Method)
        at java.util.concurrent.locks.LockSupport.parkNanos(LockSupport.java:215)
        at java.util.concurrent.locks.AbstractQueuedSynchronizer$ConditionObject.awaitNanos(AbstractQueuedSynchronizer.java:2078)
        at java.util.concurrent.ScheduledThreadPoolExecutor$DelayedWorkQueue.take(ScheduledThreadPoolExecutor.java:1093)
        at java.util.concurrent.ScheduledThreadPoolExecutor$DelayedWorkQueue.take(ScheduledThreadPoolExecutor.java:809)
        at java.util.concurrent.ThreadPoolExecutor.getTask(ThreadPoolExecutor.java:1074)
        at java.util.concurrent.ThreadPoolExecutor.runWorker(ThreadPoolExecutor.java:1134)
        at java.util.concurrent.ThreadPoolExecutor$Worker.run(ThreadPoolExecutor.java:624)
        at java.lang.Thread.run(Thread.java:748)
"qtp1911719100-92-acceptor-0@5d1e1237-ServerConnector@4315ccff{HTTP/1.1,[http/1.1]}{0.0.0.0:44773}" daemon prio=3 tid=92 runnable
java.lang.Thread.State: RUNNABLE
        at sun.nio.ch.ServerSocketChannelImpl.accept0(Native Method)
        at sun.nio.ch.ServerSocketChannelImpl.accept(ServerSocketChannelImpl.java:422)
        at sun.nio.ch.ServerSocketChannelImpl.accept(ServerSocketChannelImpl.java:250)
        at org.eclipse.jetty.server.ServerConnector.accept(ServerConnector.java:397)
        at org.eclipse.jetty.server.AbstractConnector$Acceptor.run(AbstractConnector.java:601)
        at org.eclipse.jetty.util.thread.QueuedThreadPool.runJob(QueuedThreadPool.java:671)
        at org.eclipse.jetty.util.thread.QueuedThreadPool$2.run(QueuedThreadPool.java:589)
        at java.lang.Thread.run(Thread.java:748)
"pool-46-thread-14"  prio=5 tid=367 in Object.wait()
java.lang.Thread.State: WAITING (on object monitor)
        at sun.misc.Unsafe.park(Native Method)
        at java.util.concurrent.locks.LockSupport.park(LockSupport.java:175)
        at java.util.concurrent.locks.AbstractQueuedSynchronizer$ConditionObject.await(AbstractQueuedSynchronizer.java:2039)
        at java.util.concurrent.ArrayBlockingQueue.take(ArrayBlockingQueue.java:403)
        at java.util.concurrent.ThreadPoolExecutor.getTask(ThreadPoolExecutor.java:1074)
        at java.util.concurrent.ThreadPoolExecutor.runWorker(ThreadPoolExecutor.java:1134)
        at java.util.concurrent.ThreadPoolExecutor$Worker.run(ThreadPoolExecutor.java:624)
        at java.lang.Thread.run(Thread.java:748)
"IPC Server idle connection scanner for port 32962" daemon prio=5 tid=110 timed_waiting
java.lang.Thread.State: TIMED_WAITING
        at java.lang.Object.wait(Native Method)
        at java.util.TimerThread.mainLoop(Timer.java:552)
        at java.util.TimerThread.run(Timer.java:505)
"metrics-hadoop-metrics2-reporter-33-thread-1" daemon prio=5 tid=631 timed_waiting
java.lang.Thread.State: TIMED_WAITING
        at sun.misc.Unsafe.park(Native Method)
        at java.util.concurrent.locks.LockSupport.parkNanos(LockSupport.java:215)
        at java.util.concurrent.locks.AbstractQueuedSynchronizer$ConditionObject.awaitNanos(AbstractQueuedSynchronizer.java:2078)
        at java.util.concurrent.ScheduledThreadPoolExecutor$DelayedWorkQueue.take(ScheduledThreadPoolExecutor.java:1093)
        at java.util.concurrent.ScheduledThreadPoolExecutor$DelayedWorkQueue.take(ScheduledThreadPoolExecutor.java:809)
        at java.util.concurrent.ThreadPoolExecutor.getTask(ThreadPoolExecutor.java:1074)
        at java.util.concurrent.ThreadPoolExecutor.runWorker(ThreadPoolExecutor.java:1134)
        at java.util.concurrent.ThreadPoolExecutor$Worker.run(ThreadPoolExecutor.java:624)
        at java.lang.Thread.run(Thread.java:748)
"KeyDeletingService#1" daemon prio=5 tid=129 timed_waiting
java.lang.Thread.State: TIMED_WAITING
        at sun.misc.Unsafe.park(Native Method)
        at java.util.concurrent.locks.LockSupport.parkNanos(LockSupport.java:215)
        at java.util.concurrent.locks.AbstractQueuedSynchronizer$ConditionObject.awaitNanos(AbstractQueuedSynchronizer.java:2078)
        at java.util.concurrent.ScheduledThreadPoolExecutor$DelayedWorkQueue.take(ScheduledThreadPoolExecutor.java:1093)
        at java.util.concurrent.ScheduledThreadPoolExecutor$DelayedWorkQueue.take(ScheduledThreadPoolExecutor.java:809)
        at java.util.concurrent.ThreadPoolExecutor.getTask(ThreadPoolExecutor.java:1074)
        at java.util.concurrent.ThreadPoolExecutor.runWorker(ThreadPoolExecutor.java:1134)
        at java.util.concurrent.ThreadPoolExecutor$Worker.run(ThreadPoolExecutor.java:624)
        at java.lang.Thread.run(Thread.java:748)
"refreshUsed-/workdir/hadoop-ozone/ozonefs/target/test-dir/MiniOzoneClusterImpl-bd2adbcd-a8bb-4b9e-9c25-f9aa9b2c6882/datanode-2/data/containers" daemon prio=5 tid=209 timed_waiting
java.lang.Thread.State: TIMED_WAITING
        at java.lang.Thread.sleep(Native Method)
        at org.apache.hadoop.fs.CachingGetSpaceUsed$RefreshThread.run(CachingGetSpaceUsed.java:179)
        at java.lang.Thread.run(Thread.java:748)
"qtp1911719100-93" daemon prio=5 tid=93 timed_waiting
java.lang.Thread.State: TIMED_WAITING
        at sun.misc.Unsafe.park(Native Method)
        at java.util.concurrent.locks.LockSupport.parkNanos(LockSupport.java:215)
        at java.util.concurrent.locks.AbstractQueuedSynchronizer$ConditionObject.awaitNanos(AbstractQueuedSynchronizer.java:2078)
        at org.eclipse.jetty.util.BlockingArrayQueue.poll(BlockingArrayQueue.java:392)
        at org.eclipse.jetty.util.thread.QueuedThreadPool.idleJobPoll(QueuedThreadPool.java:563)
        at org.eclipse.jetty.util.thread.QueuedThreadPool.access$800(QueuedThreadPool.java:48)
        at org.eclipse.jetty.util.thread.QueuedThreadPool$2.run(QueuedThreadPool.java:626)
        at java.lang.Thread.run(Thread.java:748)
"pool-46-thread-27"  prio=5 tid=380 in Object.wait()
java.lang.Thread.State: WAITING (on object monitor)
        at sun.misc.Unsafe.park(Native Method)
        at java.util.concurrent.locks.LockSupport.park(LockSupport.java:175)
        at java.util.concurrent.locks.AbstractQueuedSynchronizer$ConditionObject.await(AbstractQueuedSynchronizer.java:2039)
        at java.util.concurrent.ArrayBlockingQueue.take(ArrayBlockingQueue.java:403)
        at java.util.concurrent.ThreadPoolExecutor.getTask(ThreadPoolExecutor.java:1074)
        at java.util.concurrent.ThreadPoolExecutor.runWorker(ThreadPoolExecutor.java:1134)
        at java.util.concurrent.ThreadPoolExecutor$Worker.run(ThreadPoolExecutor.java:624)
        at java.lang.Thread.run(Thread.java:748)
"prometheus" daemon prio=5 tid=101 in Object.wait()
java.lang.Thread.State: WAITING (on object monitor)
        at java.lang.Object.wait(Native Method)
        at java.lang.Object.wait(Object.java:502)
        at org.apache.hadoop.metrics2.impl.SinkQueue.waitForData(SinkQueue.java:114)
        at org.apache.hadoop.metrics2.impl.SinkQueue.consumeAll(SinkQueue.java:83)
        at org.apache.hadoop.metrics2.impl.MetricsSinkAdapter.publishMetricsFromQueue(MetricsSinkAdapter.java:135)
        at org.apache.hadoop.metrics2.impl.MetricsSinkAdapter$1.run(MetricsSinkAdapter.java:89)
"EventQueue-PipelineReportForPipelineReportHandler" daemon prio=5 tid=426 in Object.wait()
java.lang.Thread.State: WAITING (on object monitor)
        at sun.misc.Unsafe.park(Native Method)
        at java.util.concurrent.locks.LockSupport.park(LockSupport.java:175)
        at java.util.concurrent.locks.AbstractQueuedSynchronizer$ConditionObject.await(AbstractQueuedSynchronizer.java:2039)
        at java.util.concurrent.LinkedBlockingQueue.take(LinkedBlockingQueue.java:442)
        at java.util.concurrent.ThreadPoolExecutor.getTask(ThreadPoolExecutor.java:1074)
        at java.util.concurrent.ThreadPoolExecutor.runWorker(ThreadPoolExecutor.java:1134)
        at java.util.concurrent.ThreadPoolExecutor$Worker.run(ThreadPoolExecutor.java:624)
        at java.lang.Thread.run(Thread.java:748)
"qtp1911719100-97" daemon prio=5 tid=97 timed_waiting
java.lang.Thread.State: TIMED_WAITING
        at sun.misc.Unsafe.park(Native Method)
        at java.util.concurrent.locks.LockSupport.parkNanos(LockSupport.java:215)
        at java.util.concurrent.locks.AbstractQueuedSynchronizer$ConditionObject.awaitNanos(AbstractQueuedSynchronizer.java:2078)
        at org.eclipse.jetty.util.BlockingArrayQueue.poll(BlockingArrayQueue.java:392)
        at org.eclipse.jetty.util.thread.QueuedThreadPool.idleJobPoll(QueuedThreadPool.java:563)
        at org.eclipse.jetty.util.thread.QueuedThreadPool.access$800(QueuedThreadPool.java:48)
        at org.eclipse.jetty.util.thread.QueuedThreadPool$2.run(QueuedThreadPool.java:626)
        at java.lang.Thread.run(Thread.java:748)
"qtp312968017-194" daemon prio=5 tid=194 timed_waiting
java.lang.Thread.State: TIMED_WAITING
        at sun.misc.Unsafe.park(Native Method)
        at java.util.concurrent.locks.LockSupport.parkNanos(LockSupport.java:215)
        at java.util.concurrent.locks.AbstractQueuedSynchronizer$ConditionObject.awaitNanos(AbstractQueuedSynchronizer.java:2078)
        at org.eclipse.jetty.util.BlockingArrayQueue.poll(BlockingArrayQueue.java:392)
        at org.eclipse.jetty.util.thread.QueuedThreadPool.idleJobPoll(QueuedThreadPool.java:563)
        at org.eclipse.jetty.util.thread.QueuedThreadPool.access$800(QueuedThreadPool.java:48)
        at org.eclipse.jetty.util.thread.QueuedThreadPool$2.run(QueuedThreadPool.java:626)
        at java.lang.Thread.run(Thread.java:748)
"pool-26-thread-6"  prio=5 tid=239 in Object.wait()
java.lang.Thread.State: WAITING (on object monitor)
        at sun.misc.Unsafe.park(Native Method)
        at java.util.concurrent.locks.LockSupport.park(LockSupport.java:175)
        at java.util.concurrent.locks.AbstractQueuedSynchronizer$ConditionObject.await(AbstractQueuedSynchronizer.java:2039)
        at java.util.concurrent.ArrayBlockingQueue.take(ArrayBlockingQueue.java:403)
        at java.util.concurrent.ThreadPoolExecutor.getTask(ThreadPoolExecutor.java:1074)
        at java.util.concurrent.ThreadPoolExecutor.runWorker(ThreadPoolExecutor.java:1134)
        at java.util.concurrent.ThreadPoolExecutor$Worker.run(ThreadPoolExecutor.java:624)
        at java.lang.Thread.run(Thread.java:748)
"pool-36-thread-9"  prio=5 tid=302 in Object.wait()
java.lang.Thread.State: WAITING (on object monitor)
        at sun.misc.Unsafe.park(Native Method)
        at java.util.concurrent.locks.LockSupport.park(LockSupport.java:175)
        at java.util.concurrent.locks.AbstractQueuedSynchronizer$ConditionObject.await(AbstractQueuedSynchronizer.java:2039)
        at java.util.concurrent.ArrayBlockingQueue.take(ArrayBlockingQueue.java:403)
        at java.util.concurrent.ThreadPoolExecutor.getTask(ThreadPoolExecutor.java:1074)
        at java.util.concurrent.ThreadPoolExecutor.runWorker(ThreadPoolExecutor.java:1134)
        at java.util.concurrent.ThreadPoolExecutor$Worker.run(ThreadPoolExecutor.java:624)
        at java.lang.Thread.run(Thread.java:748)
"pool-36-thread-40"  prio=5 tid=333 in Object.wait()
java.lang.Thread.State: WAITING (on object monitor)
        at sun.misc.Unsafe.park(Native Method)
        at java.util.concurrent.locks.LockSupport.park(LockSupport.java:175)
        at java.util.concurrent.locks.AbstractQueuedSynchronizer$ConditionObject.await(AbstractQueuedSynchronizer.java:2039)
        at java.util.concurrent.ArrayBlockingQueue.take(ArrayBlockingQueue.java:403)
        at java.util.concurrent.ThreadPoolExecutor.getTask(ThreadPoolExecutor.java:1074)
        at java.util.concurrent.ThreadPoolExecutor.runWorker(ThreadPoolExecutor.java:1134)
        at java.util.concurrent.ThreadPoolExecutor$Worker.run(ThreadPoolExecutor.java:624)
        at java.lang.Thread.run(Thread.java:748)
"pool-36-thread-22"  prio=5 tid=315 in Object.wait()
java.lang.Thread.State: WAITING (on object monitor)
        at sun.misc.Unsafe.park(Native Method)
        at java.util.concurrent.locks.LockSupport.park(LockSupport.java:175)
        at java.util.concurrent.locks.AbstractQueuedSynchronizer$ConditionObject.await(AbstractQueuedSynchronizer.java:2039)
        at java.util.concurrent.ArrayBlockingQueue.take(ArrayBlockingQueue.java:403)
        at java.util.concurrent.ThreadPoolExecutor.getTask(ThreadPoolExecutor.java:1074)
        at java.util.concurrent.ThreadPoolExecutor.runWorker(ThreadPoolExecutor.java:1134)
        at java.util.concurrent.ThreadPoolExecutor$Worker.run(ThreadPoolExecutor.java:624)
        at java.lang.Thread.run(Thread.java:748)
"metrics-hadoop-metrics2-reporter-12-thread-1" daemon prio=5 tid=464 timed_waiting
java.lang.Thread.State: TIMED_WAITING
        at sun.misc.Unsafe.park(Native Method)
        at java.util.concurrent.locks.LockSupport.parkNanos(LockSupport.java:215)
        at java.util.concurrent.locks.AbstractQueuedSynchronizer$ConditionObject.awaitNanos(AbstractQueuedSynchronizer.java:2078)
        at java.util.concurrent.ScheduledThreadPoolExecutor$DelayedWorkQueue.take(ScheduledThreadPoolExecutor.java:1093)
        at java.util.concurrent.ScheduledThreadPoolExecutor$DelayedWorkQueue.take(ScheduledThreadPoolExecutor.java:809)
        at java.util.concurrent.ThreadPoolExecutor.getTask(ThreadPoolExecutor.java:1074)
        at java.util.concurrent.ThreadPoolExecutor.runWorker(ThreadPoolExecutor.java:1134)
        at java.util.concurrent.ThreadPoolExecutor$Worker.run(ThreadPoolExecutor.java:624)
        at java.lang.Thread.run(Thread.java:748)
"pool-46-thread-19"  prio=5 tid=372 in Object.wait()
java.lang.Thread.State: WAITING (on object monitor)
        at sun.misc.Unsafe.park(Native Method)
        at java.util.concurrent.locks.LockSupport.park(LockSupport.java:175)
        at java.util.concurrent.locks.AbstractQueuedSynchronizer$ConditionObject.await(AbstractQueuedSynchronizer.java:2039)
        at java.util.concurrent.ArrayBlockingQueue.take(ArrayBlockingQueue.java:403)
        at java.util.concurrent.ThreadPoolExecutor.getTask(ThreadPoolExecutor.java:1074)
        at java.util.concurrent.ThreadPoolExecutor.runWorker(ThreadPoolExecutor.java:1134)
        at java.util.concurrent.ThreadPoolExecutor$Worker.run(ThreadPoolExecutor.java:624)
        at java.lang.Thread.run(Thread.java:748)
"pool-36-thread-51"  prio=5 tid=344 in Object.wait()
java.lang.Thread.State: WAITING (on object monitor)
        at sun.misc.Unsafe.park(Native Method)
        at java.util.concurrent.locks.LockSupport.park(LockSupport.java:175)
        at java.util.concurrent.locks.AbstractQueuedSynchronizer$ConditionObject.await(AbstractQueuedSynchronizer.java:2039)
        at java.util.concurrent.ArrayBlockingQueue.take(ArrayBlockingQueue.java:403)
        at java.util.concurrent.ThreadPoolExecutor.getTask(ThreadPoolExecutor.java:1074)
        at java.util.concurrent.ThreadPoolExecutor.runWorker(ThreadPoolExecutor.java:1134)
        at java.util.concurrent.ThreadPoolExecutor$Worker.run(ThreadPoolExecutor.java:624)
        at java.lang.Thread.run(Thread.java:748)
"qtp1761240183-139" daemon prio=5 tid=139 timed_waiting
java.lang.Thread.State: TIMED_WAITING
        at sun.misc.Unsafe.park(Native Method)
        at java.util.concurrent.locks.LockSupport.parkNanos(LockSupport.java:215)
        at java.util.concurrent.locks.AbstractQueuedSynchronizer$ConditionObject.awaitNanos(AbstractQueuedSynchronizer.java:2078)
        at org.eclipse.jetty.util.BlockingArrayQueue.poll(BlockingArrayQueue.java:392)
        at org.eclipse.jetty.util.thread.QueuedThreadPool.idleJobPoll(QueuedThreadPool.java:563)
        at org.eclipse.jetty.util.thread.QueuedThreadPool.access$800(QueuedThreadPool.java:48)
        at org.eclipse.jetty.util.thread.QueuedThreadPool$2.run(QueuedThreadPool.java:626)
        at java.lang.Thread.run(Thread.java:748)
"org.eclipse.jetty.server.session.HashSessionManager@7204711dTimer" daemon prio=5 tid=224 timed_waiting
java.lang.Thread.State: TIMED_WAITING
        at sun.misc.Unsafe.park(Native Method)
        at java.util.concurrent.locks.LockSupport.parkNanos(LockSupport.java:215)
        at java.util.concurrent.locks.AbstractQueuedSynchronizer$ConditionObject.awaitNanos(AbstractQueuedSynchronizer.java:2078)
        at java.util.concurrent.ScheduledThreadPoolExecutor$DelayedWorkQueue.take(ScheduledThreadPoolExecutor.java:1093)
        at java.util.concurrent.ScheduledThreadPoolExecutor$DelayedWorkQueue.take(ScheduledThreadPoolExecutor.java:809)
        at java.util.concurrent.ThreadPoolExecutor.getTask(ThreadPoolExecutor.java:1074)
        at java.util.concurrent.ThreadPoolExecutor.runWorker(ThreadPoolExecutor.java:1134)
        at java.util.concurrent.ThreadPoolExecutor$Worker.run(ThreadPoolExecutor.java:624)
        at java.lang.Thread.run(Thread.java:748)
"IPC Server handler 11 on 32962" daemon prio=5 tid=126 timed_waiting
java.lang.Thread.State: TIMED_WAITING
        at sun.misc.Unsafe.park(Native Method)
        at java.util.concurrent.locks.LockSupport.parkNanos(LockSupport.java:215)
        at java.util.concurrent.locks.AbstractQueuedSynchronizer$ConditionObject.awaitNanos(AbstractQueuedSynchronizer.java:2078)
        at java.util.concurrent.LinkedBlockingQueue.poll(LinkedBlockingQueue.java:467)
        at org.apache.hadoop.ipc.CallQueueManager.take(CallQueueManager.java:288)
        at org.apache.hadoop.ipc.Server$Handler.run(Server.java:2668)
"IPC Server handler 8 on 39615" daemon prio=5 tid=38 timed_waiting
java.lang.Thread.State: TIMED_WAITING
        at sun.misc.Unsafe.park(Native Method)
        at java.util.concurrent.locks.LockSupport.parkNanos(LockSupport.java:215)
        at java.util.concurrent.locks.AbstractQueuedSynchronizer$ConditionObject.awaitNanos(AbstractQueuedSynchronizer.java:2078)
        at java.util.concurrent.LinkedBlockingQueue.poll(LinkedBlockingQueue.java:467)
        at org.apache.hadoop.ipc.CallQueueManager.take(CallQueueManager.java:288)
        at org.apache.hadoop.ipc.Server$Handler.run(Server.java:2668)
"pool-36-thread-55"  prio=5 tid=348 in Object.wait()
java.lang.Thread.State: WAITING (on object monitor)
        at sun.misc.Unsafe.park(Native Method)
        at java.util.concurrent.locks.LockSupport.park(LockSupport.java:175)
        at java.util.concurrent.locks.AbstractQueuedSynchronizer$ConditionObject.await(AbstractQueuedSynchronizer.java:2039)
        at java.util.concurrent.ArrayBlockingQueue.take(ArrayBlockingQueue.java:403)
        at java.util.concurrent.ThreadPoolExecutor.getTask(ThreadPoolExecutor.java:1074)
        at java.util.concurrent.ThreadPoolExecutor.runWorker(ThreadPoolExecutor.java:1134)
        at java.util.concurrent.ThreadPoolExecutor$Worker.run(ThreadPoolExecutor.java:624)
        at java.lang.Thread.run(Thread.java:748)
"refreshUsed-/workdir/hadoop-ozone/ozonefs/target/test-dir/MiniOzoneClusterImpl-bd2adbcd-a8bb-4b9e-9c25-f9aa9b2c6882/datanode-0/data/containers" daemon prio=5 tid=155 timed_waiting
java.lang.Thread.State: TIMED_WAITING
        at java.lang.Thread.sleep(Native Method)
        at org.apache.hadoop.fs.CachingGetSpaceUsed$RefreshThread.run(CachingGetSpaceUsed.java:179)
        at java.lang.Thread.run(Thread.java:748)
"pool-36-thread-17"  prio=5 tid=310 in Object.wait()
java.lang.Thread.State: WAITING (on object monitor)
        at sun.misc.Unsafe.park(Native Method)
        at java.util.concurrent.locks.LockSupport.park(LockSupport.java:175)
        at java.util.concurrent.locks.AbstractQueuedSynchronizer$ConditionObject.await(AbstractQueuedSynchronizer.java:2039)
        at java.util.concurrent.ArrayBlockingQueue.take(ArrayBlockingQueue.java:403)
        at java.util.concurrent.ThreadPoolExecutor.getTask(ThreadPoolExecutor.java:1074)
        at java.util.concurrent.ThreadPoolExecutor.runWorker(ThreadPoolExecutor.java:1134)
        at java.util.concurrent.ThreadPoolExecutor$Worker.run(ThreadPoolExecutor.java:624)
        at java.lang.Thread.run(Thread.java:748)
"Datanode ReportManager Thread - 1" daemon prio=5 tid=200 in Object.wait()
java.lang.Thread.State: WAITING (on object monitor)
        at sun.misc.Unsafe.park(Native Method)
        at java.util.concurrent.locks.LockSupport.park(LockSupport.java:175)
        at java.util.concurrent.locks.AbstractQueuedSynchronizer$ConditionObject.await(AbstractQueuedSynchronizer.java:2039)
        at java.util.concurrent.ScheduledThreadPoolExecutor$DelayedWorkQueue.take(ScheduledThreadPoolExecutor.java:1088)
        at java.util.concurrent.ScheduledThreadPoolExecutor$DelayedWorkQueue.take(ScheduledThreadPoolExecutor.java:809)
        at java.util.concurrent.ThreadPoolExecutor.getTask(ThreadPoolExecutor.java:1074)
        at java.util.concurrent.ThreadPoolExecutor.runWorker(ThreadPoolExecutor.java:1134)
        at java.util.concurrent.ThreadPoolExecutor$Worker.run(ThreadPoolExecutor.java:624)
        at java.lang.Thread.run(Thread.java:748)
"main"  prio=5 tid=1 timed_waiting
java.lang.Thread.State: TIMED_WAITING
        at java.lang.Object.wait(Native Method)
        at java.lang.Thread.join(Thread.java:1260)
        at org.junit.internal.runners.statements.FailOnTimeout.evaluateStatement(FailOnTimeout.java:26)
        at org.junit.internal.runners.statements.FailOnTimeout.evaluate(FailOnTimeout.java:17)
        at org.junit.rules.RunRules.evaluate(RunRules.java:20)
        at org.junit.runners.ParentRunner.runLeaf(ParentRunner.java:271)
        at org.junit.runners.BlockJUnit4ClassRunner.runChild(BlockJUnit4ClassRunner.java:70)
        at org.junit.runners.BlockJUnit4ClassRunner.runChild(BlockJUnit4ClassRunner.java:50)
        at org.junit.runners.ParentRunner$3.run(ParentRunner.java:238)
        at org.junit.runners.ParentRunner$1.schedule(ParentRunner.java:63)
        at org.junit.runners.ParentRunner.runChildren(ParentRunner.java:236)
        at org.junit.runners.ParentRunner.access$000(ParentRunner.java:53)
        at org.junit.runners.ParentRunner$2.evaluate(ParentRunner.java:229)
        at org.junit.runners.ParentRunner.run(ParentRunner.java:309)
        at org.apache.maven.surefire.junit4.JUnit4Provider.execute(JUnit4Provider.java:365)
        at org.apache.maven.surefire.junit4.JUnit4Provider.executeWithRerun(JUnit4Provider.java:273)
        at org.apache.maven.surefire.junit4.JUnit4Provider.executeTestSet(JUnit4Provider.java:238)
        at org.apache.maven.surefire.junit4.JUnit4Provider.invoke(JUnit4Provider.java:159)
        at org.apache.maven.surefire.booter.ForkedBooter.invokeProviderInSameClassLoader(ForkedBooter.java:384)
        at org.apache.maven.surefire.booter.ForkedBooter.runSuitesInProcess(ForkedBooter.java:345)
        at org.apache.maven.surefire.booter.ForkedBooter.execute(ForkedBooter.java:126)
        at org.apache.maven.surefire.booter.ForkedBooter.main(ForkedBooter.java:418)
"Socket Reader #1 for port 39615"  prio=5 tid=24 runnable
java.lang.Thread.State: RUNNABLE
        at sun.nio.ch.EPollArrayWrapper.epollWait(Native Method)
        at sun.nio.ch.EPollArrayWrapper.poll(EPollArrayWrapper.java:269)
        at sun.nio.ch.EPollSelectorImpl.doSelect(EPollSelectorImpl.java:93)
        at sun.nio.ch.SelectorImpl.lockAndDoSelect(SelectorImpl.java:86)
        at sun.nio.ch.SelectorImpl.select(SelectorImpl.java:97)
        at sun.nio.ch.SelectorImpl.select(SelectorImpl.java:101)
        at org.apache.hadoop.ipc.Server$Listener$Reader.doRunLoop(Server.java:1097)
        at org.apache.hadoop.ipc.Server$Listener$Reader.run(Server.java:1076)
"jaeger.RemoteReporter-FlushTimer" daemon prio=5 tid=149 timed_waiting
java.lang.Thread.State: TIMED_WAITING
        at java.lang.Object.wait(Native Method)
        at java.util.TimerThread.mainLoop(Timer.java:552)
        at java.util.TimerThread.run(Timer.java:505)
"BlockDeletingService#0" daemon prio=5 tid=416 timed_waiting
java.lang.Thread.State: TIMED_WAITING
        at sun.misc.Unsafe.park(Native Method)
        at java.util.concurrent.locks.LockSupport.parkNanos(LockSupport.java:215)
        at java.util.concurrent.locks.AbstractQueuedSynchronizer$ConditionObject.awaitNanos(AbstractQueuedSynchronizer.java:2078)
        at java.util.concurrent.ScheduledThreadPoolExecutor$DelayedWorkQueue.take(ScheduledThreadPoolExecutor.java:1093)
        at java.util.concurrent.ScheduledThreadPoolExecutor$DelayedWorkQueue.take(ScheduledThreadPoolExecutor.java:809)
        at java.util.concurrent.ThreadPoolExecutor.getTask(ThreadPoolExecutor.java:1074)
        at java.util.concurrent.ThreadPoolExecutor.runWorker(ThreadPoolExecutor.java:1134)
        at java.util.concurrent.ThreadPoolExecutor$Worker.run(ThreadPoolExecutor.java:624)
        at java.lang.Thread.run(Thread.java:748)
"pool-36-thread-58"  prio=5 tid=351 in Object.wait()
java.lang.Thread.State: WAITING (on object monitor)
        at sun.misc.Unsafe.park(Native Method)
        at java.util.concurrent.locks.LockSupport.park(LockSupport.java:175)
        at java.util.concurrent.locks.AbstractQueuedSynchronizer$ConditionObject.await(AbstractQueuedSynchronizer.java:2039)
        at java.util.concurrent.ArrayBlockingQueue.take(ArrayBlockingQueue.java:403)
        at java.util.concurrent.ThreadPoolExecutor.getTask(ThreadPoolExecutor.java:1074)
        at java.util.concurrent.ThreadPoolExecutor.runWorker(ThreadPoolExecutor.java:1134)
        at java.util.concurrent.ThreadPoolExecutor$Worker.run(ThreadPoolExecutor.java:624)
        at java.lang.Thread.run(Thread.java:748)
"IPC Server handler 18 on 39615" daemon prio=5 tid=48 timed_waiting
java.lang.Thread.State: TIMED_WAITING
        at sun.misc.Unsafe.park(Native Method)
        at java.util.concurrent.locks.LockSupport.parkNanos(LockSupport.java:215)
        at java.util.concurrent.locks.AbstractQueuedSynchronizer$ConditionObject.awaitNanos(AbstractQueuedSynchronizer.java:2078)
        at java.util.concurrent.LinkedBlockingQueue.poll(LinkedBlockingQueue.java:467)
        at org.apache.hadoop.ipc.CallQueueManager.take(CallQueueManager.java:288)
        at org.apache.hadoop.ipc.Server$Handler.run(Server.java:2668)
"metrics-hadoop-metrics2-reporter-30-thread-1" daemon prio=5 tid=625 timed_waiting
java.lang.Thread.State: TIMED_WAITING
        at sun.misc.Unsafe.park(Native Method)
        at java.util.concurrent.locks.LockSupport.parkNanos(LockSupport.java:215)
        at java.util.concurrent.locks.AbstractQueuedSynchronizer$ConditionObject.awaitNanos(AbstractQueuedSynchronizer.java:2078)
        at java.util.concurrent.ScheduledThreadPoolExecutor$DelayedWorkQueue.take(ScheduledThreadPoolExecutor.java:1093)
        at java.util.concurrent.ScheduledThreadPoolExecutor$DelayedWorkQueue.take(ScheduledThreadPoolExecutor.java:809)
        at java.util.concurrent.ThreadPoolExecutor.getTask(ThreadPoolExecutor.java:1074)
        at java.util.concurrent.ThreadPoolExecutor.runWorker(ThreadPoolExecutor.java:1134)
        at java.util.concurrent.ThreadPoolExecutor$Worker.run(ThreadPoolExecutor.java:624)
        at java.lang.Thread.run(Thread.java:748)
"IPC Server handler 2 on 32962" daemon prio=5 tid=117 timed_waiting
java.lang.Thread.State: TIMED_WAITING
        at sun.misc.Unsafe.park(Native Method)
        at java.util.concurrent.locks.LockSupport.parkNanos(LockSupport.java:215)
        at java.util.concurrent.locks.AbstractQueuedSynchronizer$ConditionObject.awaitNanos(AbstractQueuedSynchronizer.java:2078)
        at java.util.concurrent.LinkedBlockingQueue.poll(LinkedBlockingQueue.java:467)
        at org.apache.hadoop.ipc.CallQueueManager.take(CallQueueManager.java:288)
        at org.apache.hadoop.ipc.Server$Handler.run(Server.java:2668)
"metrics-hadoop-metrics2-reporter-19-thread-1" daemon prio=5 tid=488 timed_waiting
java.lang.Thread.State: TIMED_WAITING
        at sun.misc.Unsafe.park(Native Method)
        at java.util.concurrent.locks.LockSupport.parkNanos(LockSupport.java:215)
        at java.util.concurrent.locks.AbstractQueuedSynchronizer$ConditionObject.awaitNanos(AbstractQueuedSynchronizer.java:2078)
        at java.util.concurrent.ScheduledThreadPoolExecutor$DelayedWorkQueue.take(ScheduledThreadPoolExecutor.java:1093)
        at java.util.concurrent.ScheduledThreadPoolExecutor$DelayedWorkQueue.take(ScheduledThreadPoolExecutor.java:809)
        at java.util.concurrent.ThreadPoolExecutor.getTask(ThreadPoolExecutor.java:1074)
        at java.util.concurrent.ThreadPoolExecutor.runWorker(ThreadPoolExecutor.java:1134)
        at java.util.concurrent.ThreadPoolExecutor$Worker.run(ThreadPoolExecutor.java:624)
        at java.lang.Thread.run(Thread.java:748)
"pool-46-thread-6"  prio=5 tid=359 in Object.wait()
java.lang.Thread.State: WAITING (on object monitor)
        at sun.misc.Unsafe.park(Native Method)
        at java.util.concurrent.locks.LockSupport.park(LockSupport.java:175)
        at java.util.concurrent.locks.AbstractQueuedSynchronizer$ConditionObject.await(AbstractQueuedSynchronizer.java:2039)
        at java.util.concurrent.ArrayBlockingQueue.take(ArrayBlockingQueue.java:403)
        at java.util.concurrent.ThreadPoolExecutor.getTask(ThreadPoolExecutor.java:1074)
        at java.util.concurrent.ThreadPoolExecutor.runWorker(ThreadPoolExecutor.java:1134)
        at java.util.concurrent.ThreadPoolExecutor$Worker.run(ThreadPoolExecutor.java:624)
        at java.lang.Thread.run(Thread.java:748)
"pool-37-thread-1"  prio=5 tid=448 in Object.wait()
java.lang.Thread.State: WAITING (on object monitor)
        at sun.misc.Unsafe.park(Native Method)
        at java.util.concurrent.locks.LockSupport.park(LockSupport.java:175)
        at java.util.concurrent.locks.AbstractQueuedSynchronizer$ConditionObject.await(AbstractQueuedSynchronizer.java:2039)
        at java.util.concurrent.LinkedBlockingQueue.take(LinkedBlockingQueue.java:442)
        at java.util.concurrent.ThreadPoolExecutor.getTask(ThreadPoolExecutor.java:1074)
        at java.util.concurrent.ThreadPoolExecutor.runWorker(ThreadPoolExecutor.java:1134)
        at java.util.concurrent.ThreadPoolExecutor$Worker.run(ThreadPoolExecutor.java:624)
        at java.lang.Thread.run(Thread.java:748)
"Thread-194" daemon prio=5 tid=474 timed_waiting
java.lang.Thread.State: TIMED_WAITING
        at sun.misc.Unsafe.park(Native Method)
        at java.util.concurrent.locks.LockSupport.parkNanos(LockSupport.java:215)
        at java.util.concurrent.locks.AbstractQueuedSynchronizer$ConditionObject.awaitNanos(AbstractQueuedSynchronizer.java:2078)
        at java.util.concurrent.ArrayBlockingQueue.poll(ArrayBlockingQueue.java:418)
        at org.apache.ratis.server.impl.LeaderState$EventQueue.poll(LeaderState.java:115)
        at org.apache.ratis.server.impl.LeaderState$EventProcessor.run(LeaderState.java:467)
"IPC Server handler 6 on 37656" daemon prio=5 tid=56 timed_waiting
java.lang.Thread.State: TIMED_WAITING
        at sun.misc.Unsafe.park(Native Method)
        at java.util.concurrent.locks.LockSupport.parkNanos(LockSupport.java:215)
        at java.util.concurrent.locks.AbstractQueuedSynchronizer$ConditionObject.awaitNanos(AbstractQueuedSynchronizer.java:2078)
        at java.util.concurrent.LinkedBlockingQueue.poll(LinkedBlockingQueue.java:467)
        at org.apache.hadoop.ipc.CallQueueManager.take(CallQueueManager.java:288)
        at org.apache.hadoop.ipc.Server$Handler.run(Server.java:2668)
"pool-36-thread-50"  prio=5 tid=343 in Object.wait()
java.lang.Thread.State: WAITING (on object monitor)
        at sun.misc.Unsafe.park(Native Method)
        at java.util.concurrent.locks.LockSupport.park(LockSupport.java:175)
        at java.util.concurrent.locks.AbstractQueuedSynchronizer$ConditionObject.await(AbstractQueuedSynchronizer.java:2039)
        at java.util.concurrent.ArrayBlockingQueue.take(ArrayBlockingQueue.java:403)
        at java.util.concurrent.ThreadPoolExecutor.getTask(ThreadPoolExecutor.java:1074)
        at java.util.concurrent.ThreadPoolExecutor.runWorker(ThreadPoolExecutor.java:1134)
        at java.util.concurrent.ThreadPoolExecutor$Worker.run(ThreadPoolExecutor.java:624)
        at java.lang.Thread.run(Thread.java:748)
"Thread-2749" daemon prio=5 tid=3059 timed_waiting
java.lang.Thread.State: TIMED_WAITING
        at java.lang.Thread.sleep(Native Method)
        at org.apache.ratis.util.JavaUtils.sleep(JavaUtils.java:247)
        at org.apache.ratis.server.impl.FollowerState.run(FollowerState.java:97)
"IPC Server handler 9 on 39656" daemon prio=5 tid=79 timed_waiting
java.lang.Thread.State: TIMED_WAITING
        at sun.misc.Unsafe.park(Native Method)
        at java.util.concurrent.locks.LockSupport.parkNanos(LockSupport.java:215)
        at java.util.concurrent.locks.AbstractQueuedSynchronizer$ConditionObject.awaitNanos(AbstractQueuedSynchronizer.java:2078)
        at java.util.concurrent.LinkedBlockingQueue.poll(LinkedBlockingQueue.java:467)
        at org.apache.hadoop.ipc.CallQueueManager.take(CallQueueManager.java:288)
        at org.apache.hadoop.ipc.Server$Handler.run(Server.java:2668)
"pool-26-thread-10"  prio=5 tid=243 in Object.wait()
java.lang.Thread.State: WAITING (on object monitor)
        at sun.misc.Unsafe.park(Native Method)
        at java.util.concurrent.locks.LockSupport.park(LockSupport.java:175)
        at java.util.concurrent.locks.AbstractQueuedSynchronizer$ConditionObject.await(AbstractQueuedSynchronizer.java:2039)
        at java.util.concurrent.ArrayBlockingQueue.take(ArrayBlockingQueue.java:403)
        at java.util.concurrent.ThreadPoolExecutor.getTask(ThreadPoolExecutor.java:1074)
        at java.util.concurrent.ThreadPoolExecutor.runWorker(ThreadPoolExecutor.java:1134)
        at java.util.concurrent.ThreadPoolExecutor$Worker.run(ThreadPoolExecutor.java:624)
        at java.lang.Thread.run(Thread.java:748)
"org.eclipse.jetty.server.session.HashSessionManager@1f0afd0eTimer" daemon prio=5 tid=196 timed_waiting
java.lang.Thread.State: TIMED_WAITING
        at sun.misc.Unsafe.park(Native Method)
        at java.util.concurrent.locks.LockSupport.parkNanos(LockSupport.java:215)
        at java.util.concurrent.locks.AbstractQueuedSynchronizer$ConditionObject.awaitNanos(AbstractQueuedSynchronizer.java:2078)
        at java.util.concurrent.ScheduledThreadPoolExecutor$DelayedWorkQueue.take(ScheduledThreadPoolExecutor.java:1093)
        at java.util.concurrent.ScheduledThreadPoolExecutor$DelayedWorkQueue.take(ScheduledThreadPoolExecutor.java:809)
        at java.util.concurrent.ThreadPoolExecutor.getTask(ThreadPoolExecutor.java:1074)
        at java.util.concurrent.ThreadPoolExecutor.runWorker(ThreadPoolExecutor.java:1134)
        at java.util.concurrent.ThreadPoolExecutor$Worker.run(ThreadPoolExecutor.java:624)
        at java.lang.Thread.run(Thread.java:748)
"IPC Server handler 9 on 37656" daemon prio=5 tid=59 timed_waiting
java.lang.Thread.State: TIMED_WAITING
        at sun.misc.Unsafe.park(Native Method)
        at java.util.concurrent.locks.LockSupport.parkNanos(LockSupport.java:215)
        at java.util.concurrent.locks.AbstractQueuedSynchronizer$ConditionObject.awaitNanos(AbstractQueuedSynchronizer.java:2078)
        at java.util.concurrent.LinkedBlockingQueue.poll(LinkedBlockingQueue.java:467)
        at org.apache.hadoop.ipc.CallQueueManager.take(CallQueueManager.java:288)
        at org.apache.hadoop.ipc.Server$Handler.run(Server.java:2668)
"pool-36-thread-43"  prio=5 tid=336 in Object.wait()
java.lang.Thread.State: WAITING (on object monitor)
        at sun.misc.Unsafe.park(Native Method)
        at java.util.concurrent.locks.LockSupport.park(LockSupport.java:175)
        at java.util.concurrent.locks.AbstractQueuedSynchronizer$ConditionObject.await(AbstractQueuedSynchronizer.java:2039)
        at java.util.concurrent.ArrayBlockingQueue.take(ArrayBlockingQueue.java:403)
        at java.util.concurrent.ThreadPoolExecutor.getTask(ThreadPoolExecutor.java:1074)
        at java.util.concurrent.ThreadPoolExecutor.runWorker(ThreadPoolExecutor.java:1134)
        at java.util.concurrent.ThreadPoolExecutor$Worker.run(ThreadPoolExecutor.java:624)
        at java.lang.Thread.run(Thread.java:748)
"pool-36-thread-12"  prio=5 tid=305 in Object.wait()
java.lang.Thread.State: WAITING (on object monitor)
        at sun.misc.Unsafe.park(Native Method)
        at java.util.concurrent.locks.LockSupport.park(LockSupport.java:175)
        at java.util.concurrent.locks.AbstractQueuedSynchronizer$ConditionObject.await(AbstractQueuedSynchronizer.java:2039)
        at java.util.concurrent.ArrayBlockingQueue.take(ArrayBlockingQueue.java:403)
        at java.util.concurrent.ThreadPoolExecutor.getTask(ThreadPoolExecutor.java:1074)
        at java.util.concurrent.ThreadPoolExecutor.runWorker(ThreadPoolExecutor.java:1134)
        at java.util.concurrent.ThreadPoolExecutor$Worker.run(ThreadPoolExecutor.java:624)
        at java.lang.Thread.run(Thread.java:748)
"pool-46-thread-40"  prio=5 tid=393 in Object.wait()
java.lang.Thread.State: WAITING (on object monitor)
        at sun.misc.Unsafe.park(Native Method)
        at java.util.concurrent.locks.LockSupport.park(LockSupport.java:175)
        at java.util.concurrent.locks.AbstractQueuedSynchronizer$ConditionObject.await(AbstractQueuedSynchronizer.java:2039)
        at java.util.concurrent.ArrayBlockingQueue.take(ArrayBlockingQueue.java:403)
        at java.util.concurrent.ThreadPoolExecutor.getTask(ThreadPoolExecutor.java:1074)
        at java.util.concurrent.ThreadPoolExecutor.runWorker(ThreadPoolExecutor.java:1134)
        at java.util.concurrent.ThreadPoolExecutor$Worker.run(ThreadPoolExecutor.java:624)
        at java.lang.Thread.run(Thread.java:748)
"pool-36-thread-49"  prio=5 tid=342 in Object.wait()
java.lang.Thread.State: WAITING (on object monitor)
        at sun.misc.Unsafe.park(Native Method)
        at java.util.concurrent.locks.LockSupport.park(LockSupport.java:175)
        at java.util.concurrent.locks.AbstractQueuedSynchronizer$ConditionObject.await(AbstractQueuedSynchronizer.java:2039)
        at java.util.concurrent.ArrayBlockingQueue.take(ArrayBlockingQueue.java:403)
        at java.util.concurrent.ThreadPoolExecutor.getTask(ThreadPoolExecutor.java:1074)
        at java.util.concurrent.ThreadPoolExecutor.runWorker(ThreadPoolExecutor.java:1134)
        at java.util.concurrent.ThreadPoolExecutor$Worker.run(ThreadPoolExecutor.java:624)
        at java.lang.Thread.run(Thread.java:748)
"pool-36-thread-41"  prio=5 tid=334 in Object.wait()
java.lang.Thread.State: WAITING (on object monitor)
        at sun.misc.Unsafe.park(Native Method)
        at java.util.concurrent.locks.LockSupport.park(LockSupport.java:175)
        at java.util.concurrent.locks.AbstractQueuedSynchronizer$ConditionObject.await(AbstractQueuedSynchronizer.java:2039)
        at java.util.concurrent.ArrayBlockingQueue.take(ArrayBlockingQueue.java:403)
        at java.util.concurrent.ThreadPoolExecutor.getTask(ThreadPoolExecutor.java:1074)
        at java.util.concurrent.ThreadPoolExecutor.runWorker(ThreadPoolExecutor.java:1134)
        at java.util.concurrent.ThreadPoolExecutor$Worker.run(ThreadPoolExecutor.java:624)
        at java.lang.Thread.run(Thread.java:748)
"pool-46-thread-52"  prio=5 tid=405 in Object.wait()
java.lang.Thread.State: WAITING (on object monitor)
        at sun.misc.Unsafe.park(Native Method)
        at java.util.concurrent.locks.LockSupport.park(LockSupport.java:175)
        at java.util.concurrent.locks.AbstractQueuedSynchronizer$ConditionObject.await(AbstractQueuedSynchronizer.java:2039)
        at java.util.concurrent.ArrayBlockingQueue.take(ArrayBlockingQueue.java:403)
        at java.util.concurrent.ThreadPoolExecutor.getTask(ThreadPoolExecutor.java:1074)
        at java.util.concurrent.ThreadPoolExecutor.runWorker(ThreadPoolExecutor.java:1134)
        at java.util.concurrent.ThreadPoolExecutor$Worker.run(ThreadPoolExecutor.java:624)
        at java.lang.Thread.run(Thread.java:748)
"grpc-default-boss-ELG-1-1" daemon prio=5 tid=414 runnable
java.lang.Thread.State: RUNNABLE
        at sun.nio.ch.EPollArrayWrapper.epollWait(Native Method)
        at sun.nio.ch.EPollArrayWrapper.poll(EPollArrayWrapper.java:269)
        at sun.nio.ch.EPollSelectorImpl.doSelect(EPollSelectorImpl.java:93)
        at sun.nio.ch.SelectorImpl.lockAndDoSelect(SelectorImpl.java:86)
        at sun.nio.ch.SelectorImpl.select(SelectorImpl.java:97)
        at org.apache.ratis.thirdparty.io.netty.channel.nio.SelectedSelectionKeySetSelector.select(SelectedSelectionKeySetSelector.java:62)
        at org.apache.ratis.thirdparty.io.netty.channel.nio.NioEventLoop.select(NioEventLoop.java:753)
        at org.apache.ratis.thirdparty.io.netty.channel.nio.NioEventLoop.run(NioEventLoop.java:408)
        at org.apache.ratis.thirdparty.io.netty.util.concurrent.SingleThreadEventExecutor$5.run(SingleThreadEventExecutor.java:897)
        at org.apache.ratis.thirdparty.io.netty.util.concurrent.FastThreadLocalRunnable.run(FastThreadLocalRunnable.java:30)
        at java.lang.Thread.run(Thread.java:748)
"EventQueue-NodeRegistrationContainerReportForContainerSafeModeRule" daemon prio=5 tid=425 in Object.wait()
java.lang.Thread.State: WAITING (on object monitor)
        at sun.misc.Unsafe.park(Native Method)
        at java.util.concurrent.locks.LockSupport.park(LockSupport.java:175)
        at java.util.concurrent.locks.AbstractQueuedSynchronizer$ConditionObject.await(AbstractQueuedSynchronizer.java:2039)
        at java.util.concurrent.LinkedBlockingQueue.take(LinkedBlockingQueue.java:442)
        at java.util.concurrent.ThreadPoolExecutor.getTask(ThreadPoolExecutor.java:1074)
        at java.util.concurrent.ThreadPoolExecutor.runWorker(ThreadPoolExecutor.java:1134)
        at java.util.concurrent.ThreadPoolExecutor$Worker.run(ThreadPoolExecutor.java:624)
        at java.lang.Thread.run(Thread.java:748)
"pool-26-thread-34"  prio=5 tid=267 in Object.wait()
java.lang.Thread.State: WAITING (on object monitor)
        at sun.misc.Unsafe.park(Native Method)
        at java.util.concurrent.locks.LockSupport.park(LockSupport.java:175)
        at java.util.concurrent.locks.AbstractQueuedSynchronizer$ConditionObject.await(AbstractQueuedSynchronizer.java:2039)
        at java.util.concurrent.ArrayBlockingQueue.take(ArrayBlockingQueue.java:403)
        at java.util.concurrent.ThreadPoolExecutor.getTask(ThreadPoolExecutor.java:1074)
        at java.util.concurrent.ThreadPoolExecutor.runWorker(ThreadPoolExecutor.java:1134)
        at java.util.concurrent.ThreadPoolExecutor$Worker.run(ThreadPoolExecutor.java:624)
        at java.lang.Thread.run(Thread.java:748)
"pool-36-thread-36"  prio=5 tid=329 in Object.wait()
java.lang.Thread.State: WAITING (on object monitor)
        at sun.misc.Unsafe.park(Native Method)
        at java.util.concurrent.locks.LockSupport.park(LockSupport.java:175)
        at java.util.concurrent.locks.AbstractQueuedSynchronizer$ConditionObject.await(AbstractQueuedSynchronizer.java:2039)
        at java.util.concurrent.ArrayBlockingQueue.take(ArrayBlockingQueue.java:403)
        at java.util.concurrent.ThreadPoolExecutor.getTask(ThreadPoolExecutor.java:1074)
        at java.util.concurrent.ThreadPoolExecutor.runWorker(ThreadPoolExecutor.java:1134)
        at java.util.concurrent.ThreadPoolExecutor$Worker.run(ThreadPoolExecutor.java:624)
        at java.lang.Thread.run(Thread.java:748)
"pool-30-thread-1"  prio=5 tid=159 timed_waiting
java.lang.Thread.State: TIMED_WAITING
        at sun.misc.Unsafe.park(Native Method)
        at java.util.concurrent.locks.LockSupport.parkNanos(LockSupport.java:215)
        at java.util.concurrent.locks.AbstractQueuedSynchronizer$ConditionObject.awaitNanos(AbstractQueuedSynchronizer.java:2078)
        at java.util.concurrent.ScheduledThreadPoolExecutor$DelayedWorkQueue.take(ScheduledThreadPoolExecutor.java:1093)
        at java.util.concurrent.ScheduledThreadPoolExecutor$DelayedWorkQueue.take(ScheduledThreadPoolExecutor.java:809)
        at java.util.concurrent.ThreadPoolExecutor.getTask(ThreadPoolExecutor.java:1074)
        at java.util.concurrent.ThreadPoolExecutor.runWorker(ThreadPoolExecutor.java:1134)
        at java.util.concurrent.ThreadPoolExecutor$Worker.run(ThreadPoolExecutor.java:624)
        at java.lang.Thread.run(Thread.java:748)
"Thread-189" daemon prio=5 tid=459 timed_waiting
java.lang.Thread.State: TIMED_WAITING
        at sun.misc.Unsafe.park(Native Method)
        at java.util.concurrent.locks.LockSupport.parkNanos(LockSupport.java:215)
        at java.util.concurrent.locks.AbstractQueuedSynchronizer$ConditionObject.awaitNanos(AbstractQueuedSynchronizer.java:2078)
        at java.util.concurrent.ArrayBlockingQueue.poll(ArrayBlockingQueue.java:418)
        at org.apache.ratis.server.impl.LeaderState$EventQueue.poll(LeaderState.java:115)
        at org.apache.ratis.server.impl.LeaderState$EventProcessor.run(LeaderState.java:467)
"metrics-hadoop-metrics2-reporter-13-thread-1" daemon prio=5 tid=465 timed_waiting
java.lang.Thread.State: TIMED_WAITING
        at sun.misc.Unsafe.park(Native Method)
        at java.util.concurrent.locks.LockSupport.parkNanos(LockSupport.java:215)
        at java.util.concurrent.locks.AbstractQueuedSynchronizer$ConditionObject.awaitNanos(AbstractQueuedSynchronizer.java:2078)
        at java.util.concurrent.ScheduledThreadPoolExecutor$DelayedWorkQueue.take(ScheduledThreadPoolExecutor.java:1093)
        at java.util.concurrent.ScheduledThreadPoolExecutor$DelayedWorkQueue.take(ScheduledThreadPoolExecutor.java:809)
        at java.util.concurrent.ThreadPoolExecutor.getTask(ThreadPoolExecutor.java:1074)
        at java.util.concurrent.ThreadPoolExecutor.runWorker(ThreadPoolExecutor.java:1134)
        at java.util.concurrent.ThreadPoolExecutor$Worker.run(ThreadPoolExecutor.java:624)
        at java.lang.Thread.run(Thread.java:748)
"pool-26-thread-55"  prio=5 tid=288 in Object.wait()
java.lang.Thread.State: WAITING (on object monitor)
        at sun.misc.Unsafe.park(Native Method)
        at java.util.concurrent.locks.LockSupport.park(LockSupport.java:175)
        at java.util.concurrent.locks.AbstractQueuedSynchronizer$ConditionObject.await(AbstractQueuedSynchronizer.java:2039)
        at java.util.concurrent.ArrayBlockingQueue.take(ArrayBlockingQueue.java:403)
        at java.util.concurrent.ThreadPoolExecutor.getTask(ThreadPoolExecutor.java:1074)
        at java.util.concurrent.ThreadPoolExecutor.runWorker(ThreadPoolExecutor.java:1134)
        at java.util.concurrent.ThreadPoolExecutor$Worker.run(ThreadPoolExecutor.java:624)
        at java.lang.Thread.run(Thread.java:748)
"pool-36-thread-6"  prio=5 tid=299 in Object.wait()
java.lang.Thread.State: WAITING (on object monitor)
        at sun.misc.Unsafe.park(Native Method)
        at java.util.concurrent.locks.LockSupport.park(LockSupport.java:175)
        at java.util.concurrent.locks.AbstractQueuedSynchronizer$ConditionObject.await(AbstractQueuedSynchronizer.java:2039)
        at java.util.concurrent.ArrayBlockingQueue.take(ArrayBlockingQueue.java:403)
        at java.util.concurrent.ThreadPoolExecutor.getTask(ThreadPoolExecutor.java:1074)
        at java.util.concurrent.ThreadPoolExecutor.runWorker(ThreadPoolExecutor.java:1134)
        at java.util.concurrent.ThreadPoolExecutor$Worker.run(ThreadPoolExecutor.java:624)
        at java.lang.Thread.run(Thread.java:748)
"Datanode State Machine Thread - 0" daemon prio=5 tid=225 timed_waiting
java.lang.Thread.State: TIMED_WAITING
        at java.lang.Thread.sleep(Native Method)
        at org.apache.hadoop.ozone.container.common.statemachine.DatanodeStateMachine.start(DatanodeStateMachine.java:191)
        at org.apache.hadoop.ozone.container.common.statemachine.DatanodeStateMachine.lambda$startDaemon$0(DatanodeStateMachine.java:349)
        at org.apache.hadoop.ozone.container.common.statemachine.DatanodeStateMachine$$Lambda$140/53279234.run(Unknown Source)
        at java.lang.Thread.run(Thread.java:748)
"pool-46-thread-23"  prio=5 tid=376 in Object.wait()
java.lang.Thread.State: WAITING (on object monitor)
        at sun.misc.Unsafe.park(Native Method)
        at java.util.concurrent.locks.LockSupport.park(LockSupport.java:175)
        at java.util.concurrent.locks.AbstractQueuedSynchronizer$ConditionObject.await(AbstractQueuedSynchronizer.java:2039)
        at java.util.concurrent.ArrayBlockingQueue.take(ArrayBlockingQueue.java:403)
        at java.util.concurrent.ThreadPoolExecutor.getTask(ThreadPoolExecutor.java:1074)
        at java.util.concurrent.ThreadPoolExecutor.runWorker(ThreadPoolExecutor.java:1134)
        at java.util.concurrent.ThreadPoolExecutor$Worker.run(ThreadPoolExecutor.java:624)
        at java.lang.Thread.run(Thread.java:748)
"pool-26-thread-49"  prio=5 tid=282 in Object.wait()
java.lang.Thread.State: WAITING (on object monitor)
        at sun.misc.Unsafe.park(Native Method)
        at java.util.concurrent.locks.LockSupport.park(LockSupport.java:175)
        at java.util.concurrent.locks.AbstractQueuedSynchronizer$ConditionObject.await(AbstractQueuedSynchronizer.java:2039)
        at java.util.concurrent.ArrayBlockingQueue.take(ArrayBlockingQueue.java:403)
        at java.util.concurrent.ThreadPoolExecutor.getTask(ThreadPoolExecutor.java:1074)
        at java.util.concurrent.ThreadPoolExecutor.runWorker(ThreadPoolExecutor.java:1134)
        at java.util.concurrent.ThreadPoolExecutor$Worker.run(ThreadPoolExecutor.java:624)
        at java.lang.Thread.run(Thread.java:748)
"surefire-forkedjvm-command-thread" daemon prio=5 tid=8 runnable
java.lang.Thread.State: RUNNABLE
        at java.io.FileInputStream.readBytes(Native Method)
        at java.io.FileInputStream.read(FileInputStream.java:255)
        at java.io.BufferedInputStream.fill(BufferedInputStream.java:246)
        at java.io.BufferedInputStream.read(BufferedInputStream.java:265)
        at java.io.DataInputStream.readInt(DataInputStream.java:387)
        at org.apache.maven.surefire.booter.MasterProcessCommand.decode(MasterProcessCommand.java:115)
        at org.apache.maven.surefire.booter.CommandReader$CommandRunnable.run(CommandReader.java:390)
        at java.lang.Thread.run(Thread.java:748)
"SCM Heartbeat Processing Thread - 0" daemon prio=5 tid=14 timed_waiting
java.lang.Thread.State: TIMED_WAITING
        at sun.misc.Unsafe.park(Native Method)
        at java.util.concurrent.locks.LockSupport.parkNanos(LockSupport.java:215)
        at java.util.concurrent.locks.AbstractQueuedSynchronizer$ConditionObject.awaitNanos(AbstractQueuedSynchronizer.java:2078)
        at java.util.concurrent.ScheduledThreadPoolExecutor$DelayedWorkQueue.take(ScheduledThreadPoolExecutor.java:1093)
        at java.util.concurrent.ScheduledThreadPoolExecutor$DelayedWorkQueue.take(ScheduledThreadPoolExecutor.java:809)
        at java.util.concurrent.ThreadPoolExecutor.getTask(ThreadPoolExecutor.java:1074)
        at java.util.concurrent.ThreadPoolExecutor.runWorker(ThreadPoolExecutor.java:1134)
        at java.util.concurrent.ThreadPoolExecutor$Worker.run(ThreadPoolExecutor.java:624)
        at java.lang.Thread.run(Thread.java:748)
"pool-26-thread-38"  prio=5 tid=271 in Object.wait()
java.lang.Thread.State: WAITING (on object monitor)
        at sun.misc.Unsafe.park(Native Method)
        at java.util.concurrent.locks.LockSupport.park(LockSupport.java:175)
        at java.util.concurrent.locks.AbstractQueuedSynchronizer$ConditionObject.await(AbstractQueuedSynchronizer.java:2039)
        at java.util.concurrent.ArrayBlockingQueue.take(ArrayBlockingQueue.java:403)
        at java.util.concurrent.ThreadPoolExecutor.getTask(ThreadPoolExecutor.java:1074)
        at java.util.concurrent.ThreadPoolExecutor.runWorker(ThreadPoolExecutor.java:1134)
        at java.util.concurrent.ThreadPoolExecutor$Worker.run(ThreadPoolExecutor.java:624)
        at java.lang.Thread.run(Thread.java:748)
"6b24a2ab-97ee-4d49-85cc-2d76c2f4b8ef@group-569FAC3F8BCE-SegmentedRaftLogWorker"  prio=5 tid=618 timed_waiting
java.lang.Thread.State: TIMED_WAITING
        at sun.misc.Unsafe.park(Native Method)
        at java.util.concurrent.locks.LockSupport.parkNanos(LockSupport.java:215)
        at java.util.concurrent.locks.AbstractQueuedSynchronizer$ConditionObject.awaitNanos(AbstractQueuedSynchronizer.java:2078)
        at org.apache.ratis.util.DataBlockingQueue.poll(DataBlockingQueue.java:137)
        at org.apache.ratis.server.raftlog.segmented.SegmentedRaftLogWorker.run(SegmentedRaftLogWorker.java:282)
        at java.lang.Thread.run(Thread.java:748)
"pool-46-thread-18"  prio=5 tid=371 in Object.wait()
java.lang.Thread.State: WAITING (on object monitor)
        at sun.misc.Unsafe.park(Native Method)
        at java.util.concurrent.locks.LockSupport.park(LockSupport.java:175)
        at java.util.concurrent.locks.AbstractQueuedSynchronizer$ConditionObject.await(AbstractQueuedSynchronizer.java:2039)
        at java.util.concurrent.ArrayBlockingQueue.take(ArrayBlockingQueue.java:403)
        at java.util.concurrent.ThreadPoolExecutor.getTask(ThreadPoolExecutor.java:1074)
        at java.util.concurrent.ThreadPoolExecutor.runWorker(ThreadPoolExecutor.java:1134)
        at java.util.concurrent.ThreadPoolExecutor$Worker.run(ThreadPoolExecutor.java:624)
        at java.lang.Thread.run(Thread.java:748)
"pool-36-thread-14"  prio=5 tid=307 in Object.wait()
java.lang.Thread.State: WAITING (on object monitor)
        at sun.misc.Unsafe.park(Native Method)
        at java.util.concurrent.locks.LockSupport.park(LockSupport.java:175)
        at java.util.concurrent.locks.AbstractQueuedSynchronizer$ConditionObject.await(AbstractQueuedSynchronizer.java:2039)
        at java.util.concurrent.ArrayBlockingQueue.take(ArrayBlockingQueue.java:403)
        at java.util.concurrent.ThreadPoolExecutor.getTask(ThreadPoolExecutor.java:1074)
        at java.util.concurrent.ThreadPoolExecutor.runWorker(ThreadPoolExecutor.java:1134)
        at java.util.concurrent.ThreadPoolExecutor$Worker.run(ThreadPoolExecutor.java:624)
        at java.lang.Thread.run(Thread.java:748)
"pool-36-thread-11"  prio=5 tid=304 in Object.wait()
java.lang.Thread.State: WAITING (on object monitor)
        at sun.misc.Unsafe.park(Native Method)
        at java.util.concurrent.locks.LockSupport.park(LockSupport.java:175)
        at java.util.concurrent.locks.AbstractQueuedSynchronizer$ConditionObject.await(AbstractQueuedSynchronizer.java:2039)
        at java.util.concurrent.ArrayBlockingQueue.take(ArrayBlockingQueue.java:403)
        at java.util.concurrent.ThreadPoolExecutor.getTask(ThreadPoolExecutor.java:1074)
        at java.util.concurrent.ThreadPoolExecutor.runWorker(ThreadPoolExecutor.java:1134)
        at java.util.concurrent.ThreadPoolExecutor$Worker.run(ThreadPoolExecutor.java:624)
        at java.lang.Thread.run(Thread.java:748)
"metrics-hadoop-metrics2-reporter-9-thread-1" daemon prio=5 tid=455 timed_waiting
java.lang.Thread.State: TIMED_WAITING
        at sun.misc.Unsafe.park(Native Method)
        at java.util.concurrent.locks.LockSupport.parkNanos(LockSupport.java:215)
        at java.util.concurrent.locks.AbstractQueuedSynchronizer$ConditionObject.awaitNanos(AbstractQueuedSynchronizer.java:2078)
        at java.util.concurrent.ScheduledThreadPoolExecutor$DelayedWorkQueue.take(ScheduledThreadPoolExecutor.java:1093)
        at java.util.concurrent.ScheduledThreadPoolExecutor$DelayedWorkQueue.take(ScheduledThreadPoolExecutor.java:809)
        at java.util.concurrent.ThreadPoolExecutor.getTask(ThreadPoolExecutor.java:1074)
        at java.util.concurrent.ThreadPoolExecutor.runWorker(ThreadPoolExecutor.java:1134)
        at java.util.concurrent.ThreadPoolExecutor$Worker.run(ThreadPoolExecutor.java:624)
        at java.lang.Thread.run(Thread.java:748)
"Socket Reader #1 for port 39656"  prio=5 tid=16 runnable
java.lang.Thread.State: RUNNABLE
        at sun.nio.ch.EPollArrayWrapper.epollWait(Native Method)
        at sun.nio.ch.EPollArrayWrapper.poll(EPollArrayWrapper.java:269)
        at sun.nio.ch.EPollSelectorImpl.doSelect(EPollSelectorImpl.java:93)
        at sun.nio.ch.SelectorImpl.lockAndDoSelect(SelectorImpl.java:86)
        at sun.nio.ch.SelectorImpl.select(SelectorImpl.java:97)
        at sun.nio.ch.SelectorImpl.select(SelectorImpl.java:101)
        at org.apache.hadoop.ipc.Server$Listener$Reader.doRunLoop(Server.java:1097)
        at org.apache.hadoop.ipc.Server$Listener$Reader.run(Server.java:1076)
"qtp1911719100-96" daemon prio=5 tid=96 timed_waiting
java.lang.Thread.State: TIMED_WAITING
        at sun.misc.Unsafe.park(Native Method)
        at java.util.concurrent.locks.LockSupport.parkNanos(LockSupport.java:215)
        at java.util.concurrent.locks.AbstractQueuedSynchronizer$ConditionObject.awaitNanos(AbstractQueuedSynchronizer.java:2078)
        at org.eclipse.jetty.util.BlockingArrayQueue.poll(BlockingArrayQueue.java:392)
        at org.eclipse.jetty.util.thread.QueuedThreadPool.idleJobPoll(QueuedThreadPool.java:563)
        at org.eclipse.jetty.util.thread.QueuedThreadPool.access$800(QueuedThreadPool.java:48)
        at org.eclipse.jetty.util.thread.QueuedThreadPool$2.run(QueuedThreadPool.java:626)
        at java.lang.Thread.run(Thread.java:748)
"pool-27-thread-1"  prio=5 tid=435 in Object.wait()
java.lang.Thread.State: WAITING (on object monitor)
        at sun.misc.Unsafe.park(Native Method)
        at java.util.concurrent.locks.LockSupport.park(LockSupport.java:175)
        at java.util.concurrent.locks.AbstractQueuedSynchronizer$ConditionObject.await(AbstractQueuedSynchronizer.java:2039)
        at java.util.concurrent.LinkedBlockingQueue.take(LinkedBlockingQueue.java:442)
        at java.util.concurrent.ThreadPoolExecutor.getTask(ThreadPoolExecutor.java:1074)
        at java.util.concurrent.ThreadPoolExecutor.runWorker(ThreadPoolExecutor.java:1134)
        at java.util.concurrent.ThreadPoolExecutor$Worker.run(ThreadPoolExecutor.java:624)
        at java.lang.Thread.run(Thread.java:748)
"pool-46-thread-60"  prio=5 tid=413 in Object.wait()
java.lang.Thread.State: WAITING (on object monitor)
        at sun.misc.Unsafe.park(Native Method)
        at java.util.concurrent.locks.LockSupport.park(LockSupport.java:175)
        at java.util.concurrent.locks.AbstractQueuedSynchronizer$ConditionObject.await(AbstractQueuedSynchronizer.java:2039)
        at java.util.concurrent.ArrayBlockingQueue.take(ArrayBlockingQueue.java:403)
        at java.util.concurrent.ThreadPoolExecutor.getTask(ThreadPoolExecutor.java:1074)
        at java.util.concurrent.ThreadPoolExecutor.runWorker(ThreadPoolExecutor.java:1134)
        at java.util.concurrent.ThreadPoolExecutor$Worker.run(ThreadPoolExecutor.java:624)
        at java.lang.Thread.run(Thread.java:748)
"Datanode ReportManager Thread - 1" daemon prio=5 tid=173 in Object.wait()
java.lang.Thread.State: WAITING (on object monitor)
        at sun.misc.Unsafe.park(Native Method)
        at java.util.concurrent.locks.LockSupport.park(LockSupport.java:175)
        at java.util.concurrent.locks.AbstractQueuedSynchronizer$ConditionObject.await(AbstractQueuedSynchronizer.java:2039)
        at java.util.concurrent.ScheduledThreadPoolExecutor$DelayedWorkQueue.take(ScheduledThreadPoolExecutor.java:1088)
        at java.util.concurrent.ScheduledThreadPoolExecutor$DelayedWorkQueue.take(ScheduledThreadPoolExecutor.java:809)
        at java.util.concurrent.ThreadPoolExecutor.getTask(ThreadPoolExecutor.java:1074)
        at java.util.concurrent.ThreadPoolExecutor.runWorker(ThreadPoolExecutor.java:1134)
        at java.util.concurrent.ThreadPoolExecutor$Worker.run(ThreadPoolExecutor.java:624)
        at java.lang.Thread.run(Thread.java:748)
"Periodic HDDS volume checker"  prio=5 tid=180 timed_waiting
java.lang.Thread.State: TIMED_WAITING
        at sun.misc.Unsafe.park(Native Method)
        at java.util.concurrent.locks.LockSupport.parkNanos(LockSupport.java:215)
        at java.util.concurrent.locks.AbstractQueuedSynchronizer$ConditionObject.awaitNanos(AbstractQueuedSynchronizer.java:2078)
        at java.util.concurrent.ScheduledThreadPoolExecutor$DelayedWorkQueue.take(ScheduledThreadPoolExecutor.java:1093)
        at java.util.concurrent.ScheduledThreadPoolExecutor$DelayedWorkQueue.take(ScheduledThreadPoolExecutor.java:809)
        at java.util.concurrent.ThreadPoolExecutor.getTask(ThreadPoolExecutor.java:1074)
        at java.util.concurrent.ThreadPoolExecutor.runWorker(ThreadPoolExecutor.java:1134)
        at java.util.concurrent.ThreadPoolExecutor$Worker.run(ThreadPoolExecutor.java:624)
        at java.lang.Thread.run(Thread.java:748)
"Datanode ReportManager Thread - 0" daemon prio=5 tid=226 in Object.wait()
java.lang.Thread.State: WAITING (on object monitor)
        at sun.misc.Unsafe.park(Native Method)
        at java.util.concurrent.locks.LockSupport.park(LockSupport.java:175)
        at java.util.concurrent.locks.AbstractQueuedSynchronizer$ConditionObject.await(AbstractQueuedSynchronizer.java:2039)
        at java.util.concurrent.ScheduledThreadPoolExecutor$DelayedWorkQueue.take(ScheduledThreadPoolExecutor.java:1088)
        at java.util.concurrent.ScheduledThreadPoolExecutor$DelayedWorkQueue.take(ScheduledThreadPoolExecutor.java:809)
        at java.util.concurrent.ThreadPoolExecutor.getTask(ThreadPoolExecutor.java:1074)
        at java.util.concurrent.ThreadPoolExecutor.runWorker(ThreadPoolExecutor.java:1134)
        at java.util.concurrent.ThreadPoolExecutor$Worker.run(ThreadPoolExecutor.java:624)
        at java.lang.Thread.run(Thread.java:748)
"qtp1761240183-137" daemon prio=5 tid=137 runnable
java.lang.Thread.State: RUNNABLE
        at sun.nio.ch.EPollArrayWrapper.epollWait(Native Method)
        at sun.nio.ch.EPollArrayWrapper.poll(EPollArrayWrapper.java:269)
        at sun.nio.ch.EPollSelectorImpl.doSelect(EPollSelectorImpl.java:93)
        at sun.nio.ch.SelectorImpl.lockAndDoSelect(SelectorImpl.java:86)
        at sun.nio.ch.SelectorImpl.select(SelectorImpl.java:97)
        at sun.nio.ch.SelectorImpl.select(SelectorImpl.java:101)
        at org.eclipse.jetty.io.ManagedSelector$SelectorProducer.select(ManagedSelector.java:243)
        at org.eclipse.jetty.io.ManagedSelector$SelectorProducer.produce(ManagedSelector.java:191)
        at org.eclipse.jetty.util.thread.strategy.ExecuteProduceConsume.executeProduceConsume(ExecuteProduceConsume.java:249)
        at org.eclipse.jetty.util.thread.strategy.ExecuteProduceConsume.produceConsume(ExecuteProduceConsume.java:148)
        at org.eclipse.jetty.util.thread.strategy.ExecuteProduceConsume.execute(ExecuteProduceConsume.java:100)
        at org.eclipse.jetty.io.ManagedSelector.run(ManagedSelector.java:147)
        at org.eclipse.jetty.util.thread.QueuedThreadPool.runJob(QueuedThreadPool.java:671)
        at org.eclipse.jetty.util.thread.QueuedThreadPool$2.run(QueuedThreadPool.java:589)
        at java.lang.Thread.run(Thread.java:748)
"IPC Server handler 0 on 32962" daemon prio=5 tid=115 timed_waiting
java.lang.Thread.State: TIMED_WAITING
        at sun.misc.Unsafe.park(Native Method)
        at java.util.concurrent.locks.LockSupport.parkNanos(LockSupport.java:215)
        at java.util.concurrent.locks.AbstractQueuedSynchronizer$ConditionObject.awaitNanos(AbstractQueuedSynchronizer.java:2078)
        at java.util.concurrent.LinkedBlockingQueue.poll(LinkedBlockingQueue.java:467)
        at org.apache.hadoop.ipc.CallQueueManager.take(CallQueueManager.java:288)
        at org.apache.hadoop.ipc.Server$Handler.run(Server.java:2668)
"pool-46-thread-25"  prio=5 tid=378 in Object.wait()
java.lang.Thread.State: WAITING (on object monitor)
        at sun.misc.Unsafe.park(Native Method)
        at java.util.concurrent.locks.LockSupport.park(LockSupport.java:175)
        at java.util.concurrent.locks.AbstractQueuedSynchronizer$ConditionObject.await(AbstractQueuedSynchronizer.java:2039)
        at java.util.concurrent.ArrayBlockingQueue.take(ArrayBlockingQueue.java:403)
        at java.util.concurrent.ThreadPoolExecutor.getTask(ThreadPoolExecutor.java:1074)
        at java.util.concurrent.ThreadPoolExecutor.runWorker(ThreadPoolExecutor.java:1134)
        at java.util.concurrent.ThreadPoolExecutor$Worker.run(ThreadPoolExecutor.java:624)
        at java.lang.Thread.run(Thread.java:748)
"277b5c5e-8c6f-4c9a-a53f-1bbc96404e12@group-569FAC3F8BCE-SegmentedRaftLogWorker"  prio=5 tid=617 timed_waiting
java.lang.Thread.State: TIMED_WAITING
        at sun.misc.Unsafe.park(Native Method)
        at java.util.concurrent.locks.LockSupport.parkNanos(LockSupport.java:215)
        at java.util.concurrent.locks.AbstractQueuedSynchronizer$ConditionObject.awaitNanos(AbstractQueuedSynchronizer.java:2078)
        at org.apache.ratis.util.DataBlockingQueue.poll(DataBlockingQueue.java:137)
        at org.apache.ratis.server.raftlog.segmented.SegmentedRaftLogWorker.run(SegmentedRaftLogWorker.java:282)
        at java.lang.Thread.run(Thread.java:748)
"pool-26-thread-16"  prio=5 tid=249 in Object.wait()
java.lang.Thread.State: WAITING (on object monitor)
        at sun.misc.Unsafe.park(Native Method)
        at java.util.concurrent.locks.LockSupport.park(LockSupport.java:175)
        at java.util.concurrent.locks.AbstractQueuedSynchronizer$ConditionObject.await(AbstractQueuedSynchronizer.java:2039)
        at java.util.concurrent.ArrayBlockingQueue.take(ArrayBlockingQueue.java:403)
        at java.util.concurrent.ThreadPoolExecutor.getTask(ThreadPoolExecutor.java:1074)
        at java.util.concurrent.ThreadPoolExecutor.runWorker(ThreadPoolExecutor.java:1134)
        at java.util.concurrent.ThreadPoolExecutor$Worker.run(ThreadPoolExecutor.java:624)
        at java.lang.Thread.run(Thread.java:748)
"pool-26-thread-5"  prio=5 tid=238 in Object.wait()
java.lang.Thread.State: WAITING (on object monitor)
        at sun.misc.Unsafe.park(Native Method)
        at java.util.concurrent.locks.LockSupport.park(LockSupport.java:175)
        at java.util.concurrent.locks.AbstractQueuedSynchronizer$ConditionObject.await(AbstractQueuedSynchronizer.java:2039)
        at java.util.concurrent.ArrayBlockingQueue.take(ArrayBlockingQueue.java:403)
        at java.util.concurrent.ThreadPoolExecutor.getTask(ThreadPoolExecutor.java:1074)
        at java.util.concurrent.ThreadPoolExecutor.runWorker(ThreadPoolExecutor.java:1134)
        at java.util.concurrent.ThreadPoolExecutor$Worker.run(ThreadPoolExecutor.java:624)
        at java.lang.Thread.run(Thread.java:748)
"IPC Server handler 10 on 39656" daemon prio=5 tid=80 timed_waiting
java.lang.Thread.State: TIMED_WAITING
        at sun.misc.Unsafe.park(Native Method)
        at java.util.concurrent.locks.LockSupport.parkNanos(LockSupport.java:215)
        at java.util.concurrent.locks.AbstractQueuedSynchronizer$ConditionObject.awaitNanos(AbstractQueuedSynchronizer.java:2078)
        at java.util.concurrent.LinkedBlockingQueue.poll(LinkedBlockingQueue.java:467)
        at org.apache.hadoop.ipc.CallQueueManager.take(CallQueueManager.java:288)
        at org.apache.hadoop.ipc.Server$Handler.run(Server.java:2668)
"pool-46-thread-48"  prio=5 tid=401 in Object.wait()
java.lang.Thread.State: WAITING (on object monitor)
        at sun.misc.Unsafe.park(Native Method)
        at java.util.concurrent.locks.LockSupport.park(LockSupport.java:175)
        at java.util.concurrent.locks.AbstractQueuedSynchronizer$ConditionObject.await(AbstractQueuedSynchronizer.java:2039)
        at java.util.concurrent.ArrayBlockingQueue.take(ArrayBlockingQueue.java:403)
        at java.util.concurrent.ThreadPoolExecutor.getTask(ThreadPoolExecutor.java:1074)
        at java.util.concurrent.ThreadPoolExecutor.runWorker(ThreadPoolExecutor.java:1134)
        at java.util.concurrent.ThreadPoolExecutor$Worker.run(ThreadPoolExecutor.java:624)
        at java.lang.Thread.run(Thread.java:748)
"IPC Server Responder" daemon prio=5 tid=111 runnable
java.lang.Thread.State: RUNNABLE
        at sun.nio.ch.EPollArrayWrapper.epollWait(Native Method)
        at sun.nio.ch.EPollArrayWrapper.poll(EPollArrayWrapper.java:269)
        at sun.nio.ch.EPollSelectorImpl.doSelect(EPollSelectorImpl.java:93)
        at sun.nio.ch.SelectorImpl.lockAndDoSelect(SelectorImpl.java:86)
        at sun.nio.ch.SelectorImpl.select(SelectorImpl.java:97)
        at org.apache.hadoop.ipc.Server$Responder.doRunLoop(Server.java:1334)
        at org.apache.hadoop.ipc.Server$Responder.run(Server.java:1317)
"IPC Server handler 8 on 37656" daemon prio=5 tid=58 timed_waiting
java.lang.Thread.State: TIMED_WAITING
        at sun.misc.Unsafe.park(Native Method)
        at java.util.concurrent.locks.LockSupport.parkNanos(LockSupport.java:215)
        at java.util.concurrent.locks.AbstractQueuedSynchronizer$ConditionObject.awaitNanos(AbstractQueuedSynchronizer.java:2078)
        at java.util.concurrent.LinkedBlockingQueue.poll(LinkedBlockingQueue.java:467)
        at org.apache.hadoop.ipc.CallQueueManager.take(CallQueueManager.java:288)
        at org.apache.hadoop.ipc.Server$Handler.run(Server.java:2668)
"pool-46-thread-59"  prio=5 tid=412 in Object.wait()
java.lang.Thread.State: WAITING (on object monitor)
        at sun.misc.Unsafe.park(Native Method)
        at java.util.concurrent.locks.LockSupport.park(LockSupport.java:175)
        at java.util.concurrent.locks.AbstractQueuedSynchronizer$ConditionObject.await(AbstractQueuedSynchronizer.java:2039)
        at java.util.concurrent.ArrayBlockingQueue.take(ArrayBlockingQueue.java:403)
        at java.util.concurrent.ThreadPoolExecutor.getTask(ThreadPoolExecutor.java:1074)
        at java.util.concurrent.ThreadPoolExecutor.runWorker(ThreadPoolExecutor.java:1134)
        at java.util.concurrent.ThreadPoolExecutor$Worker.run(ThreadPoolExecutor.java:624)
        at java.lang.Thread.run(Thread.java:748)
"BlockDeletingService#1" daemon prio=5 tid=419 in Object.wait()
java.lang.Thread.State: WAITING (on object monitor)
        at sun.misc.Unsafe.park(Native Method)
        at java.util.concurrent.locks.LockSupport.park(LockSupport.java:175)
        at java.util.concurrent.locks.AbstractQueuedSynchronizer$ConditionObject.await(AbstractQueuedSynchronizer.java:2039)
        at java.util.concurrent.ScheduledThreadPoolExecutor$DelayedWorkQueue.take(ScheduledThreadPoolExecutor.java:1088)
        at java.util.concurrent.ScheduledThreadPoolExecutor$DelayedWorkQueue.take(ScheduledThreadPoolExecutor.java:809)
        at java.util.concurrent.ThreadPoolExecutor.getTask(ThreadPoolExecutor.java:1074)
        at java.util.concurrent.ThreadPoolExecutor.runWorker(ThreadPoolExecutor.java:1134)
        at java.util.concurrent.ThreadPoolExecutor$Worker.run(ThreadPoolExecutor.java:624)
        at java.lang.Thread.run(Thread.java:748)
"qtp1124883352-221" daemon prio=5 tid=221 timed_waiting
java.lang.Thread.State: TIMED_WAITING
        at sun.misc.Unsafe.park(Native Method)
        at java.util.concurrent.locks.LockSupport.parkNanos(LockSupport.java:215)
        at java.util.concurrent.locks.AbstractQueuedSynchronizer$ConditionObject.awaitNanos(AbstractQueuedSynchronizer.java:2078)
        at org.eclipse.jetty.util.BlockingArrayQueue.poll(BlockingArrayQueue.java:392)
        at org.eclipse.jetty.util.thread.QueuedThreadPool.idleJobPoll(QueuedThreadPool.java:563)
        at org.eclipse.jetty.util.thread.QueuedThreadPool.access$800(QueuedThreadPool.java:48)
        at org.eclipse.jetty.util.thread.QueuedThreadPool$2.run(QueuedThreadPool.java:626)
        at java.lang.Thread.run(Thread.java:748)
"IPC Server handler 11 on 37656" daemon prio=5 tid=61 timed_waiting
java.lang.Thread.State: TIMED_WAITING
        at sun.misc.Unsafe.park(Native Method)
        at java.util.concurrent.locks.LockSupport.parkNanos(LockSupport.java:215)
        at java.util.concurrent.locks.AbstractQueuedSynchronizer$ConditionObject.awaitNanos(AbstractQueuedSynchronizer.java:2078)
        at java.util.concurrent.LinkedBlockingQueue.poll(LinkedBlockingQueue.java:467)
        at org.apache.hadoop.ipc.CallQueueManager.take(CallQueueManager.java:288)
        at org.apache.hadoop.ipc.Server$Handler.run(Server.java:2668)
"pool-26-thread-19"  prio=5 tid=252 in Object.wait()
java.lang.Thread.State: WAITING (on object monitor)
        at sun.misc.Unsafe.park(Native Method)
        at java.util.concurrent.locks.LockSupport.park(LockSupport.java:175)
        at java.util.concurrent.locks.AbstractQueuedSynchronizer$ConditionObject.await(AbstractQueuedSynchronizer.java:2039)
        at java.util.concurrent.ArrayBlockingQueue.take(ArrayBlockingQueue.java:403)
        at java.util.concurrent.ThreadPoolExecutor.getTask(ThreadPoolExecutor.java:1074)
        at java.util.concurrent.ThreadPoolExecutor.runWorker(ThreadPoolExecutor.java:1134)
        at java.util.concurrent.ThreadPoolExecutor$Worker.run(ThreadPoolExecutor.java:624)
        at java.lang.Thread.run(Thread.java:748)
"BlockDeletingService#0" daemon prio=5 tid=415 timed_waiting
java.lang.Thread.State: TIMED_WAITING
        at sun.misc.Unsafe.park(Native Method)
        at java.util.concurrent.locks.LockSupport.parkNanos(LockSupport.java:215)
        at java.util.concurrent.locks.AbstractQueuedSynchronizer$ConditionObject.awaitNanos(AbstractQueuedSynchronizer.java:2078)
        at java.util.concurrent.ScheduledThreadPoolExecutor$DelayedWorkQueue.take(ScheduledThreadPoolExecutor.java:1093)
        at java.util.concurrent.ScheduledThreadPoolExecutor$DelayedWorkQueue.take(ScheduledThreadPoolExecutor.java:809)
        at java.util.concurrent.ThreadPoolExecutor.getTask(ThreadPoolExecutor.java:1074)
        at java.util.concurrent.ThreadPoolExecutor.runWorker(ThreadPoolExecutor.java:1134)
        at java.util.concurrent.ThreadPoolExecutor$Worker.run(ThreadPoolExecutor.java:624)
        at java.lang.Thread.run(Thread.java:748)
"IPC Server handler 10 on 37656" daemon prio=5 tid=60 timed_waiting
java.lang.Thread.State: TIMED_WAITING
        at sun.misc.Unsafe.park(Native Method)
        at java.util.concurrent.locks.LockSupport.parkNanos(LockSupport.java:215)
        at java.util.concurrent.locks.AbstractQueuedSynchronizer$ConditionObject.awaitNanos(AbstractQueuedSynchronizer.java:2078)
        at java.util.concurrent.LinkedBlockingQueue.poll(LinkedBlockingQueue.java:467)
        at org.apache.hadoop.ipc.CallQueueManager.take(CallQueueManager.java:288)
        at org.apache.hadoop.ipc.Server$Handler.run(Server.java:2668)
"IPC Server handler 16 on 39615" daemon prio=5 tid=46 timed_waiting
java.lang.Thread.State: TIMED_WAITING
        at sun.misc.Unsafe.park(Native Method)
        at java.util.concurrent.locks.LockSupport.parkNanos(LockSupport.java:215)
        at java.util.concurrent.locks.AbstractQueuedSynchronizer$ConditionObject.awaitNanos(AbstractQueuedSynchronizer.java:2078)
        at java.util.concurrent.LinkedBlockingQueue.poll(LinkedBlockingQueue.java:467)
        at org.apache.hadoop.ipc.CallQueueManager.take(CallQueueManager.java:288)
        at org.apache.hadoop.ipc.Server$Handler.run(Server.java:2668)
"277b5c5e-8c6f-4c9a-a53f-1bbc96404e12@group-569FAC3F8BCE-StateMachineUpdater" daemon prio=5 tid=619 in Object.wait()
java.lang.Thread.State: WAITING (on object monitor)
        at java.lang.Object.wait(Native Method)
        at java.lang.Object.wait(Object.java:502)
        at org.apache.ratis.server.impl.StateMachineUpdater.waitForCommit(StateMachineUpdater.java:194)
        at org.apache.ratis.server.impl.StateMachineUpdater.run(StateMachineUpdater.java:159)
        at java.lang.Thread.run(Thread.java:748)
"Thread-2750" daemon prio=5 tid=3060 timed_waiting
java.lang.Thread.State: TIMED_WAITING
        at java.lang.Thread.sleep(Native Method)
        at org.apache.ratis.util.JavaUtils.sleep(JavaUtils.java:247)
        at org.apache.ratis.server.impl.FollowerState.run(FollowerState.java:97)
"IPC Server handler 12 on 32962" daemon prio=5 tid=127 timed_waiting
java.lang.Thread.State: TIMED_WAITING
        at sun.misc.Unsafe.park(Native Method)
        at java.util.concurrent.locks.LockSupport.parkNanos(LockSupport.java:215)
        at java.util.concurrent.locks.AbstractQueuedSynchronizer$ConditionObject.awaitNanos(AbstractQueuedSynchronizer.java:2078)
        at java.util.concurrent.LinkedBlockingQueue.poll(LinkedBlockingQueue.java:467)
        at org.apache.hadoop.ipc.CallQueueManager.take(CallQueueManager.java:288)
        at org.apache.hadoop.ipc.Server$Handler.run(Server.java:2668)
"IPC Server handler 13 on 39656" daemon prio=5 tid=83 timed_waiting
java.lang.Thread.State: TIMED_WAITING
        at sun.misc.Unsafe.park(Native Method)
        at java.util.concurrent.locks.LockSupport.parkNanos(LockSupport.java:215)
        at java.util.concurrent.locks.AbstractQueuedSynchronizer$ConditionObject.awaitNanos(AbstractQueuedSynchronizer.java:2078)
        at java.util.concurrent.LinkedBlockingQueue.poll(LinkedBlockingQueue.java:467)
        at org.apache.hadoop.ipc.CallQueueManager.take(CallQueueManager.java:288)
        at org.apache.hadoop.ipc.Server$Handler.run(Server.java:2668)
"qtp190696393-161-acceptor-0@35ff9a71-ServerConnector@16c290b7{HTTP/1.1,[http/1.1]}{0.0.0.0:36434}" daemon prio=3 tid=161 runnable
java.lang.Thread.State: RUNNABLE
        at sun.nio.ch.ServerSocketChannelImpl.accept0(Native Method)
        at sun.nio.ch.ServerSocketChannelImpl.accept(ServerSocketChannelImpl.java:422)
        at sun.nio.ch.ServerSocketChannelImpl.accept(ServerSocketChannelImpl.java:250)
        at org.eclipse.jetty.server.ServerConnector.accept(ServerConnector.java:397)
        at org.eclipse.jetty.server.AbstractConnector$Acceptor.run(AbstractConnector.java:601)
        at org.eclipse.jetty.util.thread.QueuedThreadPool.runJob(QueuedThreadPool.java:671)
        at org.eclipse.jetty.util.thread.QueuedThreadPool$2.run(QueuedThreadPool.java:589)
        at java.lang.Thread.run(Thread.java:748)
"pool-34-thread-1" daemon prio=5 tid=184 timed_waiting
java.lang.Thread.State: TIMED_WAITING
        at sun.misc.Unsafe.park(Native Method)
        at java.util.concurrent.locks.LockSupport.parkNanos(LockSupport.java:215)
        at java.util.concurrent.locks.AbstractQueuedSynchronizer$ConditionObject.awaitNanos(AbstractQueuedSynchronizer.java:2078)
        at java.util.concurrent.ScheduledThreadPoolExecutor$DelayedWorkQueue.take(ScheduledThreadPoolExecutor.java:1093)
        at java.util.concurrent.ScheduledThreadPoolExecutor$DelayedWorkQueue.take(ScheduledThreadPoolExecutor.java:809)
        at java.util.concurrent.ThreadPoolExecutor.getTask(ThreadPoolExecutor.java:1074)
        at java.util.concurrent.ThreadPoolExecutor.runWorker(ThreadPoolExecutor.java:1134)
        at java.util.concurrent.ThreadPoolExecutor$Worker.run(ThreadPoolExecutor.java:624)
        at java.lang.Thread.run(Thread.java:748)
"pool-26-thread-25"  prio=5 tid=258 in Object.wait()
java.lang.Thread.State: WAITING (on object monitor)
        at sun.misc.Unsafe.park(Native Method)
        at java.util.concurrent.locks.LockSupport.park(LockSupport.java:175)
        at java.util.concurrent.locks.AbstractQueuedSynchronizer$ConditionObject.await(AbstractQueuedSynchronizer.java:2039)
        at java.util.concurrent.ArrayBlockingQueue.take(ArrayBlockingQueue.java:403)
        at java.util.concurrent.ThreadPoolExecutor.getTask(ThreadPoolExecutor.java:1074)
        at java.util.concurrent.ThreadPoolExecutor.runWorker(ThreadPoolExecutor.java:1134)
        at java.util.concurrent.ThreadPoolExecutor$Worker.run(ThreadPoolExecutor.java:624)
        at java.lang.Thread.run(Thread.java:748)
"pool-26-thread-52"  prio=5 tid=285 in Object.wait()
java.lang.Thread.State: WAITING (on object monitor)
        at sun.misc.Unsafe.park(Native Method)
        at java.util.concurrent.locks.LockSupport.park(LockSupport.java:175)
        at java.util.concurrent.locks.AbstractQueuedSynchronizer$ConditionObject.await(AbstractQueuedSynchronizer.java:2039)
        at java.util.concurrent.ArrayBlockingQueue.take(ArrayBlockingQueue.java:403)
        at java.util.concurrent.ThreadPoolExecutor.getTask(ThreadPoolExecutor.java:1074)
        at java.util.concurrent.ThreadPoolExecutor.runWorker(ThreadPoolExecutor.java:1134)
        at java.util.concurrent.ThreadPoolExecutor$Worker.run(ThreadPoolExecutor.java:624)
        at java.lang.Thread.run(Thread.java:748)
"Finalizer" daemon prio=8 tid=3 in Object.wait()
java.lang.Thread.State: WAITING (on object monitor)
        at java.lang.Object.wait(Native Method)
        at java.lang.ref.ReferenceQueue.remove(ReferenceQueue.java:144)
        at java.lang.ref.ReferenceQueue.remove(ReferenceQueue.java:165)
        at java.lang.ref.Finalizer$FinalizerThread.run(Finalizer.java:216)
"Datanode State Machine Thread - 0" daemon prio=5 tid=171 timed_waiting
java.lang.Thread.State: TIMED_WAITING
        at java.lang.Thread.sleep(Native Method)
        at org.apache.hadoop.ozone.container.common.statemachine.DatanodeStateMachine.start(DatanodeStateMachine.java:191)
        at org.apache.hadoop.ozone.container.common.statemachine.DatanodeStateMachine.lambda$startDaemon$0(DatanodeStateMachine.java:349)
        at org.apache.hadoop.ozone.container.common.statemachine.DatanodeStateMachine$$Lambda$140/53279234.run(Unknown Source)
        at java.lang.Thread.run(Thread.java:748)
"Periodic HDDS volume checker"  prio=5 tid=153 timed_waiting
java.lang.Thread.State: TIMED_WAITING
        at sun.misc.Unsafe.park(Native Method)
        at java.util.concurrent.locks.LockSupport.parkNanos(LockSupport.java:215)
        at java.util.concurrent.locks.AbstractQueuedSynchronizer$ConditionObject.awaitNanos(AbstractQueuedSynchronizer.java:2078)
        at java.util.concurrent.ScheduledThreadPoolExecutor$DelayedWorkQueue.take(ScheduledThreadPoolExecutor.java:1093)
        at java.util.concurrent.ScheduledThreadPoolExecutor$DelayedWorkQueue.take(ScheduledThreadPoolExecutor.java:809)
        at java.util.concurrent.ThreadPoolExecutor.getTask(ThreadPoolExecutor.java:1074)
        at java.util.concurrent.ThreadPoolExecutor.runWorker(ThreadPoolExecutor.java:1134)
        at java.util.concurrent.ThreadPoolExecutor$Worker.run(ThreadPoolExecutor.java:624)
        at java.lang.Thread.run(Thread.java:748)
"metrics-hadoop-metrics2-reporter-11-thread-1" daemon prio=5 tid=461 timed_waiting
java.lang.Thread.State: TIMED_WAITING
        at sun.misc.Unsafe.park(Native Method)
        at java.util.concurrent.locks.LockSupport.parkNanos(LockSupport.java:215)
        at java.util.concurrent.locks.AbstractQueuedSynchronizer$ConditionObject.awaitNanos(AbstractQueuedSynchronizer.java:2078)
        at java.util.concurrent.ScheduledThreadPoolExecutor$DelayedWorkQueue.take(ScheduledThreadPoolExecutor.java:1093)
        at java.util.concurrent.ScheduledThreadPoolExecutor$DelayedWorkQueue.take(ScheduledThreadPoolExecutor.java:809)
        at java.util.concurrent.ThreadPoolExecutor.getTask(ThreadPoolExecutor.java:1074)
        at java.util.concurrent.ThreadPoolExecutor.runWorker(ThreadPoolExecutor.java:1134)
        at java.util.concurrent.ThreadPoolExecutor$Worker.run(ThreadPoolExecutor.java:624)
        at java.lang.Thread.run(Thread.java:748)
"qtp190696393-164" daemon prio=5 tid=164 timed_waiting
java.lang.Thread.State: TIMED_WAITING
        at sun.misc.Unsafe.park(Native Method)
        at java.util.concurrent.locks.LockSupport.parkNanos(LockSupport.java:215)
        at java.util.concurrent.locks.AbstractQueuedSynchronizer$ConditionObject.awaitNanos(AbstractQueuedSynchronizer.java:2078)
        at org.eclipse.jetty.util.BlockingArrayQueue.poll(BlockingArrayQueue.java:392)
        at org.eclipse.jetty.util.thread.QueuedThreadPool.idleJobPoll(QueuedThreadPool.java:563)
        at org.eclipse.jetty.util.thread.QueuedThreadPool.access$800(QueuedThreadPool.java:48)
        at org.eclipse.jetty.util.thread.QueuedThreadPool$2.run(QueuedThreadPool.java:626)
        at java.lang.Thread.run(Thread.java:748)
"IPC Server handler 8 on 32962" daemon prio=5 tid=123 timed_waiting
java.lang.Thread.State: TIMED_WAITING
        at sun.misc.Unsafe.park(Native Method)
        at java.util.concurrent.locks.LockSupport.parkNanos(LockSupport.java:215)
        at java.util.concurrent.locks.AbstractQueuedSynchronizer$ConditionObject.awaitNanos(AbstractQueuedSynchronizer.java:2078)
        at java.util.concurrent.LinkedBlockingQueue.poll(LinkedBlockingQueue.java:467)
        at org.apache.hadoop.ipc.CallQueueManager.take(CallQueueManager.java:288)
        at org.apache.hadoop.ipc.Server$Handler.run(Server.java:2668)
"IPC Server handler 6 on 39615" daemon prio=5 tid=36 timed_waiting
java.lang.Thread.State: TIMED_WAITING
        at sun.misc.Unsafe.park(Native Method)
        at java.util.concurrent.locks.LockSupport.parkNanos(LockSupport.java:215)
        at java.util.concurrent.locks.AbstractQueuedSynchronizer$ConditionObject.awaitNanos(AbstractQueuedSynchronizer.java:2078)
        at java.util.concurrent.LinkedBlockingQueue.poll(LinkedBlockingQueue.java:467)
        at org.apache.hadoop.ipc.CallQueueManager.take(CallQueueManager.java:288)
        at org.apache.hadoop.ipc.Server$Handler.run(Server.java:2668)
"a32408a4-f19d-4bad-97c5-ba33ae94fc9a@group-569FAC3F8BCE-SegmentedRaftLogWorker"  prio=5 tid=620 timed_waiting
java.lang.Thread.State: TIMED_WAITING
        at sun.misc.Unsafe.park(Native Method)
        at java.util.concurrent.locks.LockSupport.parkNanos(LockSupport.java:215)
        at java.util.concurrent.locks.AbstractQueuedSynchronizer$ConditionObject.awaitNanos(AbstractQueuedSynchronizer.java:2078)
        at org.apache.ratis.util.DataBlockingQueue.poll(DataBlockingQueue.java:137)
        at org.apache.ratis.server.raftlog.segmented.SegmentedRaftLogWorker.run(SegmentedRaftLogWorker.java:282)
        at java.lang.Thread.run(Thread.java:748)
"org.eclipse.jetty.server.session.HashSessionManager@689c16fdTimer" daemon prio=5 tid=197 timed_waiting
java.lang.Thread.State: TIMED_WAITING
        at sun.misc.Unsafe.park(Native Method)
        at java.util.concurrent.locks.LockSupport.parkNanos(LockSupport.java:215)
        at java.util.concurrent.locks.AbstractQueuedSynchronizer$ConditionObject.awaitNanos(AbstractQueuedSynchronizer.java:2078)
        at java.util.concurrent.ScheduledThreadPoolExecutor$DelayedWorkQueue.take(ScheduledThreadPoolExecutor.java:1093)
        at java.util.concurrent.ScheduledThreadPoolExecutor$DelayedWorkQueue.take(ScheduledThreadPoolExecutor.java:809)
        at java.util.concurrent.ThreadPoolExecutor.getTask(ThreadPoolExecutor.java:1074)
        at java.util.concurrent.ThreadPoolExecutor.runWorker(ThreadPoolExecutor.java:1134)
        at java.util.concurrent.ThreadPoolExecutor$Worker.run(ThreadPoolExecutor.java:624)
        at java.lang.Thread.run(Thread.java:748)
"pool-26-thread-27"  prio=5 tid=260 in Object.wait()
java.lang.Thread.State: WAITING (on object monitor)
        at sun.misc.Unsafe.park(Native Method)
        at java.util.concurrent.locks.LockSupport.park(LockSupport.java:175)
        at java.util.concurrent.locks.AbstractQueuedSynchronizer$ConditionObject.await(AbstractQueuedSynchronizer.java:2039)
        at java.util.concurrent.ArrayBlockingQueue.take(ArrayBlockingQueue.java:403)
        at java.util.concurrent.ThreadPoolExecutor.getTask(ThreadPoolExecutor.java:1074)
        at java.util.concurrent.ThreadPoolExecutor.runWorker(ThreadPoolExecutor.java:1134)
        at java.util.concurrent.ThreadPoolExecutor$Worker.run(ThreadPoolExecutor.java:624)
        at java.lang.Thread.run(Thread.java:748)
"pool-36-thread-44"  prio=5 tid=337 in Object.wait()
java.lang.Thread.State: WAITING (on object monitor)
        at sun.misc.Unsafe.park(Native Method)
        at java.util.concurrent.locks.LockSupport.park(LockSupport.java:175)
        at java.util.concurrent.locks.AbstractQueuedSynchronizer$ConditionObject.await(AbstractQueuedSynchronizer.java:2039)
        at java.util.concurrent.ArrayBlockingQueue.take(ArrayBlockingQueue.java:403)
        at java.util.concurrent.ThreadPoolExecutor.getTask(ThreadPoolExecutor.java:1074)
        at java.util.concurrent.ThreadPoolExecutor.runWorker(ThreadPoolExecutor.java:1134)
        at java.util.concurrent.ThreadPoolExecutor$Worker.run(ThreadPoolExecutor.java:624)
        at java.lang.Thread.run(Thread.java:748)
"pool-46-thread-10"  prio=5 tid=363 in Object.wait()
java.lang.Thread.State: WAITING (on object monitor)
        at sun.misc.Unsafe.park(Native Method)
        at java.util.concurrent.locks.LockSupport.park(LockSupport.java:175)
        at java.util.concurrent.locks.AbstractQueuedSynchronizer$ConditionObject.await(AbstractQueuedSynchronizer.java:2039)
        at java.util.concurrent.ArrayBlockingQueue.take(ArrayBlockingQueue.java:403)
        at java.util.concurrent.ThreadPoolExecutor.getTask(ThreadPoolExecutor.java:1074)
        at java.util.concurrent.ThreadPoolExecutor.runWorker(ThreadPoolExecutor.java:1134)
        at java.util.concurrent.ThreadPoolExecutor$Worker.run(ThreadPoolExecutor.java:624)
        at java.lang.Thread.run(Thread.java:748)
"IPC Server handler 1 on 39656" daemon prio=5 tid=71 timed_waiting
java.lang.Thread.State: TIMED_WAITING
        at sun.misc.Unsafe.park(Native Method)
        at java.util.concurrent.locks.LockSupport.parkNanos(LockSupport.java:215)
        at java.util.concurrent.locks.AbstractQueuedSynchronizer$ConditionObject.awaitNanos(AbstractQueuedSynchronizer.java:2078)
        at java.util.concurrent.LinkedBlockingQueue.poll(LinkedBlockingQueue.java:467)
        at org.apache.hadoop.ipc.CallQueueManager.take(CallQueueManager.java:288)
        at org.apache.hadoop.ipc.Server$Handler.run(Server.java:2668)


	at org.apache.hadoop.test.GenericTestUtils.waitFor(GenericTestUtils.java:389)
	at org.apache.hadoop.ozone.MiniOzoneClusterImpl.waitForClusterToBeReady(MiniOzoneClusterImpl.java:149)
	at org.apache.hadoop.fs.ozone.TestOzoneFileSystem.init(TestOzoneFileSystem.java:74)
	at sun.reflect.NativeMethodAccessorImpl.invoke0(Native Method)
	at sun.reflect.NativeMethodAccessorImpl.invoke(NativeMethodAccessorImpl.java:62)
	at sun.reflect.DelegatingMethodAccessorImpl.invoke(DelegatingMethodAccessorImpl.java:43)
	at java.lang.reflect.Method.invoke(Method.java:498)
	at org.junit.runners.model.FrameworkMethod$1.runReflectiveCall(FrameworkMethod.java:47)
	at org.junit.internal.runners.model.ReflectiveCallable.run(ReflectiveCallable.java:12)
	at org.junit.runners.model.FrameworkMethod.invokeExplosively(FrameworkMethod.java:44)
	at org.junit.internal.runners.statements.RunBefores.evaluate(RunBefores.java:24)
	at org.junit.internal.runners.statements.RunAfters.evaluate(RunAfters.java:27)
	at org.junit.internal.runners.statements.FailOnTimeout$StatementThread.run(FailOnTimeout.java:74)
</error>
    <system-out><![CDATA[2019-10-16 21:54:43,512 [Thread-0] WARN  server.ServerUtils (ServerUtils.java:getScmDbDir(145)) - ozone.scm.db.dirs is not configured. We recommend adding this setting. Falling back to ozone.metadata.dirs instead.
2019-10-16 21:54:43,617 [Thread-0] WARN  server.ServerUtils (ServerUtils.java:getScmDbDir(145)) - ozone.scm.db.dirs is not configured. We recommend adding this setting. Falling back to ozone.metadata.dirs instead.
2019-10-16 21:54:43,621 [Thread-0] WARN  server.ServerUtils (ServerUtils.java:getScmDbDir(145)) - ozone.scm.db.dirs is not configured. We recommend adding this setting. Falling back to ozone.metadata.dirs instead.
2019-10-16 21:54:43,649 [Thread-0] INFO  util.log (Log.java:initialized(192)) - Logging initialized @896ms
2019-10-16 21:54:43,776 [Thread-0] INFO  db.DBStoreBuilder (DBStoreBuilder.java:addTable(117)) - using custom profile for table: deletedBlocks
2019-10-16 21:54:43,776 [Thread-0] INFO  db.DBStoreBuilder (DBStoreBuilder.java:processTables(168)) - Using default column profile:DBProfile.DISK for Table:deletedBlocks
2019-10-16 21:54:43,776 [Thread-0] INFO  db.DBStoreBuilder (DBStoreBuilder.java:addTable(117)) - using custom profile for table: validCerts
2019-10-16 21:54:43,777 [Thread-0] INFO  db.DBStoreBuilder (DBStoreBuilder.java:processTables(168)) - Using default column profile:DBProfile.DISK for Table:validCerts
2019-10-16 21:54:43,777 [Thread-0] INFO  db.DBStoreBuilder (DBStoreBuilder.java:addTable(117)) - using custom profile for table: revokedCerts
2019-10-16 21:54:43,777 [Thread-0] INFO  db.DBStoreBuilder (DBStoreBuilder.java:processTables(168)) - Using default column profile:DBProfile.DISK for Table:revokedCerts
2019-10-16 21:54:43,790 [Thread-0] INFO  db.DBStoreBuilder (DBStoreBuilder.java:addTable(117)) - using custom profile for table: default
2019-10-16 21:54:43,790 [Thread-0] INFO  db.DBStoreBuilder (DBStoreBuilder.java:processTables(174)) - Using default column profile:DBProfile.DISK for Table:default
2019-10-16 21:54:43,792 [Thread-0] INFO  db.DBStoreBuilder (DBStoreBuilder.java:getDbProfile(205)) - Using default options. DBProfile.DISK
2019-10-16 21:54:43,985 [Thread-0] INFO  net.NodeSchemaLoader (NodeSchemaLoader.java:loadSchemaFromFile(125)) - Loading file from sun.misc.CompoundEnumeration@59753a67
2019-10-16 21:54:43,987 [Thread-0] INFO  net.NodeSchemaLoader (NodeSchemaLoader.java:loadSchema(171)) - Loading network topology layer schema file
2019-10-16 21:54:44,044 [Thread-0] WARN  server.ServerUtils (ServerUtils.java:sanitizeUserArgs(70)) - ozone.scm.stale.node.interval value = 300000 is larger than max = 100000 based on the key value of ozone.scm.heartbeat.thread.interval, reset to the max value 100000.
2019-10-16 21:54:44,045 [Thread-0] WARN  server.ServerUtils (ServerUtils.java:sanitizeUserArgs(70)) - ozone.scm.stale.node.interval value = 300000 is larger than max = 100000 based on the key value of ozone.scm.heartbeat.thread.interval, reset to the max value 100000.
2019-10-16 21:54:44,048 [Thread-0] INFO  node.SCMNodeManager (SCMNodeManager.java:<init>(116)) - Entering startup safe mode.
2019-10-16 21:54:44,194 [Thread-0] INFO  algorithms.ContainerPlacementPolicyFactory (ContainerPlacementPolicyFactory.java:getPolicy(57)) - Create container placement policy of type org.apache.hadoop.hdds.scm.container.placement.algorithms.SCMContainerPlacementRandom
2019-10-16 21:54:44,208 [Thread-0] WARN  server.ServerUtils (ServerUtils.java:getScmDbDir(145)) - ozone.scm.db.dirs is not configured. We recommend adding this setting. Falling back to ozone.metadata.dirs instead.
2019-10-16 21:54:44,309 [Thread-0] INFO  pipeline.SCMPipelineManager (SCMPipelineManager.java:initializePipelineState(132)) - No pipeline exists in current db
2019-10-16 21:54:44,313 [Thread-0] WARN  server.ServerUtils (ServerUtils.java:getScmDbDir(145)) - ozone.scm.db.dirs is not configured. We recommend adding this setting. Falling back to ozone.metadata.dirs instead.
2019-10-16 21:54:44,434 [Thread-0] WARN  events.EventQueue (EventQueue.java:fireEvent(183)) - No event handler registered for event TypedEvent{payloadType=SafeModeStatus, name='SafeModeStatus'}
2019-10-16 21:54:44,861 [Thread-0] INFO  ipc.CallQueueManager (CallQueueManager.java:<init>(84)) - Using callQueue: class java.util.concurrent.LinkedBlockingQueue, queueCapacity: 2000, scheduler: class org.apache.hadoop.ipc.DefaultRpcScheduler, ipcBackoff: false.
2019-10-16 21:54:45,003 [Socket Reader #1 for port 39656] INFO  ipc.Server (Server.java:run(1074)) - Starting Socket Reader #1 for port 39656
2019-10-16 21:54:45,032 [Thread-0] INFO  ipc.CallQueueManager (CallQueueManager.java:<init>(84)) - Using callQueue: class java.util.concurrent.LinkedBlockingQueue, queueCapacity: 2000, scheduler: class org.apache.hadoop.ipc.DefaultRpcScheduler, ipcBackoff: false.
2019-10-16 21:54:45,034 [Socket Reader #1 for port 37656] INFO  ipc.Server (Server.java:run(1074)) - Starting Socket Reader #1 for port 37656
2019-10-16 21:54:45,053 [Thread-0] INFO  ipc.CallQueueManager (CallQueueManager.java:<init>(84)) - Using callQueue: class java.util.concurrent.LinkedBlockingQueue, queueCapacity: 2000, scheduler: class org.apache.hadoop.ipc.DefaultRpcScheduler, ipcBackoff: false.
2019-10-16 21:54:45,054 [Socket Reader #1 for port 39615] INFO  ipc.Server (Server.java:run(1074)) - Starting Socket Reader #1 for port 39615
2019-10-16 21:54:45,092 [Thread-0] INFO  hdfs.DFSUtil (DFSUtil.java:httpServerTemplateForNNAndJN(1641)) - Starting Web-server for scm at: http://0.0.0.0:0
2019-10-16 21:54:45,202 [Thread-0] INFO  server.AuthenticationFilter (AuthenticationFilter.java:constructSecretProvider(240)) - Unable to initialize FileSignerSecretProvider, falling back to use random secrets.
2019-10-16 21:54:45,217 [Thread-0] WARN  http.HttpRequestLog (HttpRequestLog.java:getRequestLog(97)) - Jetty request log can only be enabled using Log4j
2019-10-16 21:54:45,225 [Thread-0] INFO  http.HttpServer2 (HttpServer2.java:addGlobalFilter(975)) - Added global filter 'safety' (class=org.apache.hadoop.http.HttpServer2$QuotingInputFilter)
2019-10-16 21:54:45,227 [Thread-0] INFO  http.HttpServer2 (HttpServer2.java:addFilter(948)) - Added filter static_user_filter (class=org.apache.hadoop.http.lib.StaticUserWebFilter$StaticUserFilter) to context scm
2019-10-16 21:54:45,228 [Thread-0] INFO  http.HttpServer2 (HttpServer2.java:addFilter(958)) - Added filter static_user_filter (class=org.apache.hadoop.http.lib.StaticUserWebFilter$StaticUserFilter) to context logs
2019-10-16 21:54:45,228 [Thread-0] INFO  http.HttpServer2 (HttpServer2.java:addFilter(958)) - Added filter static_user_filter (class=org.apache.hadoop.http.lib.StaticUserWebFilter$StaticUserFilter) to context static
2019-10-16 21:54:45,252 [Thread-0] INFO  server.StorageContainerManager (StorageContainerManager.java:start(772)) - StorageContainerLocationProtocol RPC server is listening at /0.0.0.0:39615
2019-10-16 21:54:45,297 [Thread-0] WARN  impl.MetricsConfig (MetricsConfig.java:loadFirst(134)) - Cannot locate configuration: tried hadoop-metrics2-storagecontainermanager.properties,hadoop-metrics2.properties
2019-10-16 21:54:45,309 [Thread-0] INFO  impl.MetricsSystemImpl (MetricsSystemImpl.java:startTimer(374)) - Scheduled Metric snapshot period at 10 second(s).
2019-10-16 21:54:45,309 [Thread-0] INFO  impl.MetricsSystemImpl (MetricsSystemImpl.java:start(191)) - StorageContainerManager metrics system started
2019-10-16 21:54:45,509 [Thread-0] INFO  server.SCMClientProtocolServer (SCMClientProtocolServer.java:start(159)) - RPC server for Client  is listening at /0.0.0.0:39615
2019-10-16 21:54:45,510 [IPC Server Responder] INFO  ipc.Server (Server.java:run(1314)) - IPC Server Responder: starting
2019-10-16 21:54:45,510 [IPC Server listener on 39615] INFO  ipc.Server (Server.java:run(1153)) - IPC Server listener on 39615: starting
2019-10-16 21:54:45,513 [Thread-0] INFO  server.StorageContainerManager (StorageContainerManager.java:start(782)) - ScmBlockLocationProtocol RPC server is listening at /0.0.0.0:37656
2019-10-16 21:54:45,513 [Thread-0] INFO  server.SCMBlockProtocolServer (SCMBlockProtocolServer.java:start(146)) - RPC server for Block Protocol is listening at /0.0.0.0:37656
2019-10-16 21:54:45,514 [IPC Server Responder] INFO  ipc.Server (Server.java:run(1314)) - IPC Server Responder: starting
2019-10-16 21:54:45,514 [IPC Server listener on 37656] INFO  ipc.Server (Server.java:run(1153)) - IPC Server listener on 37656: starting
2019-10-16 21:54:45,516 [Thread-0] INFO  server.StorageContainerManager (StorageContainerManager.java:start(786)) - ScmDatanodeProtocl RPC server is listening at /0.0.0.0:39656
2019-10-16 21:54:45,516 [Thread-0] INFO  server.SCMDatanodeProtocolServer (SCMDatanodeProtocolServer.java:start(169)) - RPC server for DataNodes is listening at /0.0.0.0:39656
2019-10-16 21:54:45,517 [IPC Server Responder] INFO  ipc.Server (Server.java:run(1314)) - IPC Server Responder: starting
2019-10-16 21:54:45,517 [IPC Server listener on 39656] INFO  ipc.Server (Server.java:run(1153)) - IPC Server listener on 39656: starting
2019-10-16 21:54:45,520 [Thread-0] INFO  http.HttpServer2 (HttpServer2.java:bindListener(1191)) - Jetty bound to port 44773
2019-10-16 21:54:45,521 [Thread-0] INFO  server.Server (Server.java:doStart(351)) - jetty-9.3.25.v20180904, build timestamp: 2018-09-04T21:11:46Z, git hash: 3ce520221d0240229c862b122d2b06c12a625732
2019-10-16 21:54:45,548 [Thread-0] INFO  handler.ContextHandler (ContextHandler.java:doStart(781)) - Started o.e.j.s.ServletContextHandler@361cbfff{/logs,file:///workdir/hadoop-ozone/ozonefs/target/log,AVAILABLE}
2019-10-16 21:54:45,549 [Thread-0] INFO  handler.ContextHandler (ContextHandler.java:doStart(781)) - Started o.e.j.s.ServletContextHandler@14190e63{/static,jar:file:/home/user/.m2/repository/org/apache/hadoop/hadoop-hdds-server-scm/0.5.0-SNAPSHOT/hadoop-hdds-server-scm-0.5.0-SNAPSHOT.jar!/webapps/static,AVAILABLE}
2019-10-16 21:54:45,606 [Thread-0] INFO  handler.ContextHandler (ContextHandler.java:doStart(781)) - Started o.e.j.w.WebAppContext@3ab1729{/,file:///tmp/jetty-0.0.0.0-44773-scm-_-any-3335411196516741636.dir/webapp/,AVAILABLE}{/scm}
2019-10-16 21:54:45,610 [Thread-0] INFO  server.AbstractConnector (AbstractConnector.java:doStart(278)) - Started ServerConnector@4315ccff{HTTP/1.1,[http/1.1]}{0.0.0.0:44773}
2019-10-16 21:54:45,611 [Thread-0] INFO  server.Server (Server.java:doStart(419)) - Started @2857ms
2019-10-16 21:54:45,612 [Thread-0] INFO  impl.MetricsSinkAdapter (MetricsSinkAdapter.java:start(204)) - Sink prometheus started
2019-10-16 21:54:45,612 [Thread-0] INFO  impl.MetricsSystemImpl (MetricsSystemImpl.java:registerSink(301)) - Registered sink prometheus
2019-10-16 21:54:45,614 [Thread-0] INFO  server.BaseHttpServer (BaseHttpServer.java:updateConnectorAddress(215)) - HTTP server of SCM is listening at http://0.0.0.0:44773
2019-10-16 21:54:45,621 [org.apache.hadoop.util.JvmPauseMonitor$Monitor@1c6ec55c] INFO  util.JvmPauseMonitor (JvmPauseMonitor.java:run(188)) - Starting JVM pause monitor
2019-10-16 21:54:45,626 [Thread-0] WARN  server.ServerUtils (ServerUtils.java:getDBPath(222)) - ozone.om.db.dirs is not configured. We recommend adding this setting. Falling back to ozone.metadata.dirs instead.
2019-10-16 21:54:45,731 [Thread-0] INFO  ha.OMHANodeDetails (OMHANodeDetails.java:loadOMHAConfig(190)) - Configuration either no ozone.om.address set. Falling back to the default OM address /127.0.0.1:0
2019-10-16 21:54:45,731 [Thread-0] INFO  ha.OMHANodeDetails (OMHANodeDetails.java:getOMNodeDetails(220)) - OM Service ID is not set. Setting it to the default ID: omServiceIdDefault
2019-10-16 21:54:45,733 [Thread-0] WARN  server.ServerUtils (ServerUtils.java:getDBPath(222)) - ozone.om.db.dirs is not configured. We recommend adding this setting. Falling back to ozone.metadata.dirs instead.
2019-10-16 21:54:45,733 [Thread-0] WARN  server.ServerUtils (ServerUtils.java:getDBPath(222)) - ozone.om.db.dirs is not configured. We recommend adding this setting. Falling back to ozone.metadata.dirs instead.
2019-10-16 21:54:46,421 [Thread-0] WARN  server.ServerUtils (ServerUtils.java:getDBPath(222)) - ozone.om.db.dirs is not configured. We recommend adding this setting. Falling back to ozone.metadata.dirs instead.
2019-10-16 21:54:46,431 [Thread-0] INFO  db.DBStoreBuilder (DBStoreBuilder.java:addTable(117)) - using custom profile for table: userTable
2019-10-16 21:54:46,431 [Thread-0] INFO  db.DBStoreBuilder (DBStoreBuilder.java:processTables(168)) - Using default column profile:DBProfile.DISK for Table:userTable
2019-10-16 21:54:46,432 [Thread-0] INFO  db.DBStoreBuilder (DBStoreBuilder.java:addTable(117)) - using custom profile for table: volumeTable
2019-10-16 21:54:46,432 [Thread-0] INFO  db.DBStoreBuilder (DBStoreBuilder.java:processTables(168)) - Using default column profile:DBProfile.DISK for Table:volumeTable
2019-10-16 21:54:46,432 [Thread-0] INFO  db.DBStoreBuilder (DBStoreBuilder.java:addTable(117)) - using custom profile for table: bucketTable
2019-10-16 21:54:46,432 [Thread-0] INFO  db.DBStoreBuilder (DBStoreBuilder.java:processTables(168)) - Using default column profile:DBProfile.DISK for Table:bucketTable
2019-10-16 21:54:46,432 [Thread-0] INFO  db.DBStoreBuilder (DBStoreBuilder.java:addTable(117)) - using custom profile for table: keyTable
2019-10-16 21:54:46,433 [Thread-0] INFO  db.DBStoreBuilder (DBStoreBuilder.java:processTables(168)) - Using default column profile:DBProfile.DISK for Table:keyTable
2019-10-16 21:54:46,433 [Thread-0] INFO  db.DBStoreBuilder (DBStoreBuilder.java:addTable(117)) - using custom profile for table: deletedTable
2019-10-16 21:54:46,433 [Thread-0] INFO  db.DBStoreBuilder (DBStoreBuilder.java:processTables(168)) - Using default column profile:DBProfile.DISK for Table:deletedTable
2019-10-16 21:54:46,433 [Thread-0] INFO  db.DBStoreBuilder (DBStoreBuilder.java:addTable(117)) - using custom profile for table: openKeyTable
2019-10-16 21:54:46,433 [Thread-0] INFO  db.DBStoreBuilder (DBStoreBuilder.java:processTables(168)) - Using default column profile:DBProfile.DISK for Table:openKeyTable
2019-10-16 21:54:46,434 [Thread-0] INFO  db.DBStoreBuilder (DBStoreBuilder.java:addTable(117)) - using custom profile for table: s3Table
2019-10-16 21:54:46,434 [Thread-0] INFO  db.DBStoreBuilder (DBStoreBuilder.java:processTables(168)) - Using default column profile:DBProfile.DISK for Table:s3Table
2019-10-16 21:54:46,434 [Thread-0] INFO  db.DBStoreBuilder (DBStoreBuilder.java:addTable(117)) - using custom profile for table: multipartInfoTable
2019-10-16 21:54:46,434 [Thread-0] INFO  db.DBStoreBuilder (DBStoreBuilder.java:processTables(168)) - Using default column profile:DBProfile.DISK for Table:multipartInfoTable
2019-10-16 21:54:46,434 [Thread-0] INFO  db.DBStoreBuilder (DBStoreBuilder.java:addTable(117)) - using custom profile for table: dTokenTable
2019-10-16 21:54:46,435 [Thread-0] INFO  db.DBStoreBuilder (DBStoreBuilder.java:processTables(168)) - Using default column profile:DBProfile.DISK for Table:dTokenTable
2019-10-16 21:54:46,435 [Thread-0] INFO  db.DBStoreBuilder (DBStoreBuilder.java:addTable(117)) - using custom profile for table: s3SecretTable
2019-10-16 21:54:46,435 [Thread-0] INFO  db.DBStoreBuilder (DBStoreBuilder.java:processTables(168)) - Using default column profile:DBProfile.DISK for Table:s3SecretTable
2019-10-16 21:54:46,435 [Thread-0] INFO  db.DBStoreBuilder (DBStoreBuilder.java:addTable(117)) - using custom profile for table: prefixTable
2019-10-16 21:54:46,435 [Thread-0] INFO  db.DBStoreBuilder (DBStoreBuilder.java:processTables(168)) - Using default column profile:DBProfile.DISK for Table:prefixTable
2019-10-16 21:54:46,436 [Thread-0] INFO  db.DBStoreBuilder (DBStoreBuilder.java:addTable(117)) - using custom profile for table: default
2019-10-16 21:54:46,436 [Thread-0] INFO  db.DBStoreBuilder (DBStoreBuilder.java:processTables(174)) - Using default column profile:DBProfile.DISK for Table:default
2019-10-16 21:54:46,436 [Thread-0] INFO  db.DBStoreBuilder (DBStoreBuilder.java:getDbProfile(205)) - Using default options. DBProfile.DISK
2019-10-16 21:54:47,178 [Thread-0] INFO  ipc.CallQueueManager (CallQueueManager.java:<init>(84)) - Using callQueue: class java.util.concurrent.LinkedBlockingQueue, queueCapacity: 2000, scheduler: class org.apache.hadoop.ipc.DefaultRpcScheduler, ipcBackoff: false.
2019-10-16 21:54:47,179 [Socket Reader #1 for port 32962] INFO  ipc.Server (Server.java:run(1074)) - Starting Socket Reader #1 for port 32962
2019-10-16 21:54:47,211 [Thread-0] INFO  om.OzoneManager (OzoneManager.java:start(1071)) - OzoneManager RPC server is listening at localhost/127.0.0.1:32962
2019-10-16 21:54:47,211 [Thread-0] INFO  impl.MetricsSystemImpl (MetricsSystemImpl.java:init(158)) - OzoneManager metrics system started (again)
2019-10-16 21:54:47,221 [IPC Server Responder] INFO  ipc.Server (Server.java:run(1314)) - IPC Server Responder: starting
2019-10-16 21:54:47,221 [IPC Server listener on 32962] INFO  ipc.Server (Server.java:run(1153)) - IPC Server listener on 32962: starting
2019-10-16 21:54:47,227 [Thread-0] INFO  hdfs.DFSUtil (DFSUtil.java:httpServerTemplateForNNAndJN(1641)) - Starting Web-server for ozoneManager at: http://0.0.0.0:0
2019-10-16 21:54:47,230 [Thread-0] INFO  server.AuthenticationFilter (AuthenticationFilter.java:constructSecretProvider(240)) - Unable to initialize FileSignerSecretProvider, falling back to use random secrets.
2019-10-16 21:54:47,230 [Thread-0] WARN  http.HttpRequestLog (HttpRequestLog.java:getRequestLog(97)) - Jetty request log can only be enabled using Log4j
2019-10-16 21:54:47,232 [Thread-0] INFO  http.HttpServer2 (HttpServer2.java:addGlobalFilter(975)) - Added global filter 'safety' (class=org.apache.hadoop.http.HttpServer2$QuotingInputFilter)
2019-10-16 21:54:47,234 [Thread-0] INFO  http.HttpServer2 (HttpServer2.java:addFilter(948)) - Added filter static_user_filter (class=org.apache.hadoop.http.lib.StaticUserWebFilter$StaticUserFilter) to context ozoneManager
2019-10-16 21:54:47,234 [Thread-0] INFO  http.HttpServer2 (HttpServer2.java:addFilter(958)) - Added filter static_user_filter (class=org.apache.hadoop.http.lib.StaticUserWebFilter$StaticUserFilter) to context logs
2019-10-16 21:54:47,234 [Thread-0] INFO  http.HttpServer2 (HttpServer2.java:addFilter(958)) - Added filter static_user_filter (class=org.apache.hadoop.http.lib.StaticUserWebFilter$StaticUserFilter) to context static
2019-10-16 21:54:47,236 [Thread-0] INFO  http.HttpServer2 (HttpServer2.java:bindListener(1191)) - Jetty bound to port 43042
2019-10-16 21:54:47,236 [Thread-0] INFO  server.Server (Server.java:doStart(351)) - jetty-9.3.25.v20180904, build timestamp: 2018-09-04T21:11:46Z, git hash: 3ce520221d0240229c862b122d2b06c12a625732
2019-10-16 21:54:47,238 [Thread-0] INFO  handler.ContextHandler (ContextHandler.java:doStart(781)) - Started o.e.j.s.ServletContextHandler@3e0c7fda{/logs,file:///workdir/hadoop-ozone/ozonefs/target/log,AVAILABLE}
2019-10-16 21:54:47,239 [Thread-0] INFO  handler.ContextHandler (ContextHandler.java:doStart(781)) - Started o.e.j.s.ServletContextHandler@2427ebec{/static,jar:file:/home/user/.m2/repository/org/apache/hadoop/hadoop-ozone-ozone-manager/0.5.0-SNAPSHOT/hadoop-ozone-ozone-manager-0.5.0-SNAPSHOT.jar!/webapps/static,AVAILABLE}
2019-10-16 21:54:47,286 [Thread-0] INFO  handler.ContextHandler (ContextHandler.java:doStart(781)) - Started o.e.j.w.WebAppContext@1e0255bd{/,file:///tmp/jetty-0.0.0.0-43042-ozoneManager-_-any-1207090838421804948.dir/webapp/,AVAILABLE}{/ozoneManager}
2019-10-16 21:54:47,287 [Thread-0] INFO  server.AbstractConnector (AbstractConnector.java:doStart(278)) - Started ServerConnector@520cf50a{HTTP/1.1,[http/1.1]}{0.0.0.0:43042}
2019-10-16 21:54:47,288 [Thread-0] INFO  server.Server (Server.java:doStart(419)) - Started @4535ms
2019-10-16 21:54:47,289 [Thread-0] WARN  impl.MetricsSystemImpl (MetricsSystemImpl.java:register(276)) - Sink prometheus already exists!
2019-10-16 21:54:47,289 [Thread-0] INFO  server.BaseHttpServer (BaseHttpServer.java:updateConnectorAddress(215)) - HTTP server of OZONEMANAGER is listening at http://0.0.0.0:43042
2019-10-16 21:54:47,587 [Thread-0] INFO  impl.MetricsSystemImpl (MetricsSystemImpl.java:init(158)) - HddsDatanode metrics system started (again)
2019-10-16 21:54:47,644 [Thread-0] INFO  ozone.HddsDatanodeService (HddsDatanodeService.java:start(184)) - HddsDatanodeService host:pr-hdds-1868-qdb9g-714931517 ip:192.168.157.254
2019-10-16 21:54:47,679 [Thread-0] INFO  volume.HddsVolume (HddsVolume.java:<init>(176)) - Creating Volume: /workdir/hadoop-ozone/ozonefs/target/test-dir/MiniOzoneClusterImpl-bd2adbcd-a8bb-4b9e-9c25-f9aa9b2c6882/datanode-0/data/containers/hdds of  storage type : DISK and capacity : 1482555576320
2019-10-16 21:54:47,681 [Thread-0] INFO  volume.VolumeSet (VolumeSet.java:initializeVolumeSet(170)) - Added Volume : /workdir/hadoop-ozone/ozonefs/target/test-dir/MiniOzoneClusterImpl-bd2adbcd-a8bb-4b9e-9c25-f9aa9b2c6882/datanode-0/data/containers/hdds to VolumeSet
2019-10-16 21:54:47,684 [Thread-0] INFO  volume.ThrottledAsyncChecker (ThrottledAsyncChecker.java:schedule(141)) - Scheduling a check for /workdir/hadoop-ozone/ozonefs/target/test-dir/MiniOzoneClusterImpl-bd2adbcd-a8bb-4b9e-9c25-f9aa9b2c6882/datanode-0/data/containers/hdds
2019-10-16 21:54:47,703 [Thread-0] INFO  volume.HddsVolumeChecker (HddsVolumeChecker.java:checkAllVolumes(204)) - Scheduled health check for volume /workdir/hadoop-ozone/ozonefs/target/test-dir/MiniOzoneClusterImpl-bd2adbcd-a8bb-4b9e-9c25-f9aa9b2c6882/datanode-0/data/containers/hdds
2019-10-16 21:54:47,834 [Thread-0] INFO  impl.RaftServerProxy (ConfUtils.java:logGet(43)) - raft.rpc.type = GRPC (default)
2019-10-16 21:54:47,902 [Thread-0] INFO  grpc.GrpcFactory (GrpcFactory.java:checkPooledByteBufAllocatorUseCacheForAllThreads(45)) - PERFORMANCE WARNING: useCacheForAllThreads is true that may cause Netty to create a lot garbage objects and, as a result, trigger GC.
	It is recommended to disable useCacheForAllThreads by setting -Dorg.apache.ratis.thirdparty.io.netty.allocator.useCacheForAllThreads=false in command line.
2019-10-16 21:54:47,907 [Thread-0] INFO  grpc.GrpcConfigKeys$Server (ConfUtils.java:logGet(43)) - raft.grpc.server.port = 0 (default)
2019-10-16 21:54:47,908 [Thread-0] INFO  server.GrpcService (ConfUtils.java:logGet(43)) - raft.grpc.message.size.max = 33570816 (custom)
2019-10-16 21:54:47,909 [Thread-0] INFO  server.RaftServerConfigKeys (ConfUtils.java:logGet(43)) - raft.server.log.appender.buffer.byte-limit = 33554432 (custom)
2019-10-16 21:54:47,910 [Thread-0] INFO  server.GrpcService (ConfUtils.java:logGet(43)) - raft.grpc.flow.control.window = 1MB (=1048576) (default)
2019-10-16 21:54:47,911 [Thread-0] INFO  server.RaftServerConfigKeys (ConfUtils.java:logGet(43)) - raft.server.rpc.request.timeout = 3000ms (default)
2019-10-16 21:54:48,123 [Thread-0] INFO  server.RaftServerConfigKeys (ConfUtils.java:logGet(43)) - raft.server.storage.dir = [/workdir/hadoop-ozone/ozonefs/target/test-dir/MiniOzoneClusterImpl-bd2adbcd-a8bb-4b9e-9c25-f9aa9b2c6882/datanode-0/data/ratis] (custom)
2019-10-16 21:54:48,196 [Thread-0] INFO  hdfs.DFSUtil (DFSUtil.java:httpServerTemplateForNNAndJN(1641)) - Starting Web-server for hddsDatanode at: http://0.0.0.0:0
2019-10-16 21:54:48,198 [Thread-0] INFO  server.AuthenticationFilter (AuthenticationFilter.java:constructSecretProvider(240)) - Unable to initialize FileSignerSecretProvider, falling back to use random secrets.
2019-10-16 21:54:48,199 [Thread-0] WARN  http.HttpRequestLog (HttpRequestLog.java:getRequestLog(97)) - Jetty request log can only be enabled using Log4j
2019-10-16 21:54:48,201 [Thread-0] INFO  http.HttpServer2 (HttpServer2.java:addGlobalFilter(975)) - Added global filter 'safety' (class=org.apache.hadoop.http.HttpServer2$QuotingInputFilter)
2019-10-16 21:54:48,203 [Thread-0] INFO  http.HttpServer2 (HttpServer2.java:addFilter(948)) - Added filter static_user_filter (class=org.apache.hadoop.http.lib.StaticUserWebFilter$StaticUserFilter) to context hddsDatanode
2019-10-16 21:54:48,203 [Thread-0] INFO  http.HttpServer2 (HttpServer2.java:addFilter(958)) - Added filter static_user_filter (class=org.apache.hadoop.http.lib.StaticUserWebFilter$StaticUserFilter) to context static
2019-10-16 21:54:48,203 [Thread-0] INFO  http.HttpServer2 (HttpServer2.java:addFilter(958)) - Added filter static_user_filter (class=org.apache.hadoop.http.lib.StaticUserWebFilter$StaticUserFilter) to context logs
2019-10-16 21:54:48,204 [Thread-0] INFO  http.HttpServer2 (HttpServer2.java:bindListener(1191)) - Jetty bound to port 36434
2019-10-16 21:54:48,204 [Thread-0] INFO  server.Server (Server.java:doStart(351)) - jetty-9.3.25.v20180904, build timestamp: 2018-09-04T21:11:46Z, git hash: 3ce520221d0240229c862b122d2b06c12a625732
2019-10-16 21:54:48,207 [Thread-0] INFO  handler.ContextHandler (ContextHandler.java:doStart(781)) - Started o.e.j.s.ServletContextHandler@5dfc1d17{/logs,file:///workdir/hadoop-ozone/ozonefs/target/log,AVAILABLE}
2019-10-16 21:54:48,207 [Thread-0] INFO  handler.ContextHandler (ContextHandler.java:doStart(781)) - Started o.e.j.s.ServletContextHandler@43865c4c{/static,jar:file:/home/user/.m2/repository/org/apache/hadoop/hadoop-hdds-container-service/0.5.0-SNAPSHOT/hadoop-hdds-container-service-0.5.0-SNAPSHOT.jar!/webapps/static,AVAILABLE}
2019-10-16 21:54:48,264 [Thread-0] INFO  handler.ContextHandler (ContextHandler.java:doStart(781)) - Started o.e.j.w.WebAppContext@23ec2e9b{/,file:///tmp/jetty-0.0.0.0-36434-hddsDatanode-_-any-8456753701653663641.dir/webapp/,AVAILABLE}{/hddsDatanode}
2019-10-16 21:54:48,265 [Thread-0] INFO  server.AbstractConnector (AbstractConnector.java:doStart(278)) - Started ServerConnector@16c290b7{HTTP/1.1,[http/1.1]}{0.0.0.0:36434}
2019-10-16 21:54:48,266 [Thread-0] INFO  server.Server (Server.java:doStart(419)) - Started @5513ms
2019-10-16 21:54:48,266 [Thread-0] WARN  impl.MetricsSystemImpl (MetricsSystemImpl.java:register(276)) - Sink prometheus already exists!
2019-10-16 21:54:48,267 [Thread-0] INFO  server.BaseHttpServer (BaseHttpServer.java:updateConnectorAddress(215)) - HTTP server of HDDSDATANODE is listening at http://0.0.0.0:36434
2019-10-16 21:54:48,269 [Thread-0] INFO  impl.MetricsSystemImpl (MetricsSystemImpl.java:init(158)) - HddsDatanode metrics system started (again)
2019-10-16 21:54:48,273 [Thread-0] INFO  ozone.HddsDatanodeService (HddsDatanodeService.java:start(184)) - HddsDatanodeService host:pr-hdds-1868-qdb9g-714931517 ip:192.168.157.254
2019-10-16 21:54:48,273 [org.apache.hadoop.util.JvmPauseMonitor$Monitor@7806b0ce] INFO  util.JvmPauseMonitor (JvmPauseMonitor.java:run(188)) - Starting JVM pause monitor
2019-10-16 21:54:48,284 [Thread-0] INFO  volume.HddsVolume (HddsVolume.java:<init>(176)) - Creating Volume: /workdir/hadoop-ozone/ozonefs/target/test-dir/MiniOzoneClusterImpl-bd2adbcd-a8bb-4b9e-9c25-f9aa9b2c6882/datanode-1/data/containers/hdds of  storage type : DISK and capacity : 1482555576320
2019-10-16 21:54:48,285 [Thread-0] INFO  volume.VolumeSet (VolumeSet.java:initializeVolumeSet(170)) - Added Volume : /workdir/hadoop-ozone/ozonefs/target/test-dir/MiniOzoneClusterImpl-bd2adbcd-a8bb-4b9e-9c25-f9aa9b2c6882/datanode-1/data/containers/hdds to VolumeSet
2019-10-16 21:54:48,285 [Thread-0] INFO  volume.ThrottledAsyncChecker (ThrottledAsyncChecker.java:schedule(141)) - Scheduling a check for /workdir/hadoop-ozone/ozonefs/target/test-dir/MiniOzoneClusterImpl-bd2adbcd-a8bb-4b9e-9c25-f9aa9b2c6882/datanode-1/data/containers/hdds
2019-10-16 21:54:48,286 [Thread-0] INFO  volume.HddsVolumeChecker (HddsVolumeChecker.java:checkAllVolumes(204)) - Scheduled health check for volume /workdir/hadoop-ozone/ozonefs/target/test-dir/MiniOzoneClusterImpl-bd2adbcd-a8bb-4b9e-9c25-f9aa9b2c6882/datanode-1/data/containers/hdds
2019-10-16 21:54:48,320 [Thread-0] INFO  impl.RaftServerProxy (ConfUtils.java:logGet(43)) - raft.rpc.type = GRPC (default)
2019-10-16 21:54:48,320 [Thread-0] INFO  grpc.GrpcFactory (GrpcFactory.java:checkPooledByteBufAllocatorUseCacheForAllThreads(45)) - PERFORMANCE WARNING: useCacheForAllThreads is true that may cause Netty to create a lot garbage objects and, as a result, trigger GC.
	It is recommended to disable useCacheForAllThreads by setting -Dorg.apache.ratis.thirdparty.io.netty.allocator.useCacheForAllThreads=false in command line.
2019-10-16 21:54:48,321 [Thread-0] INFO  grpc.GrpcConfigKeys$Server (ConfUtils.java:logGet(43)) - raft.grpc.server.port = 0 (default)
2019-10-16 21:54:48,321 [Thread-0] INFO  server.GrpcService (ConfUtils.java:logGet(43)) - raft.grpc.message.size.max = 33570816 (custom)
2019-10-16 21:54:48,321 [Thread-0] INFO  server.RaftServerConfigKeys (ConfUtils.java:logGet(43)) - raft.server.log.appender.buffer.byte-limit = 33554432 (custom)
2019-10-16 21:54:48,322 [Thread-0] INFO  server.GrpcService (ConfUtils.java:logGet(43)) - raft.grpc.flow.control.window = 1MB (=1048576) (default)
2019-10-16 21:54:48,322 [Thread-0] INFO  server.RaftServerConfigKeys (ConfUtils.java:logGet(43)) - raft.server.rpc.request.timeout = 3000ms (default)
2019-10-16 21:54:48,323 [Thread-0] INFO  server.RaftServerConfigKeys (ConfUtils.java:logGet(43)) - raft.server.storage.dir = [/workdir/hadoop-ozone/ozonefs/target/test-dir/MiniOzoneClusterImpl-bd2adbcd-a8bb-4b9e-9c25-f9aa9b2c6882/datanode-1/data/ratis] (custom)
2019-10-16 21:54:48,325 [Thread-0] INFO  hdfs.DFSUtil (DFSUtil.java:httpServerTemplateForNNAndJN(1641)) - Starting Web-server for hddsDatanode at: http://0.0.0.0:0
2019-10-16 21:54:48,327 [Thread-0] INFO  server.AuthenticationFilter (AuthenticationFilter.java:constructSecretProvider(240)) - Unable to initialize FileSignerSecretProvider, falling back to use random secrets.
2019-10-16 21:54:48,328 [Thread-0] WARN  http.HttpRequestLog (HttpRequestLog.java:getRequestLog(97)) - Jetty request log can only be enabled using Log4j
2019-10-16 21:54:48,331 [Thread-0] INFO  http.HttpServer2 (HttpServer2.java:addGlobalFilter(975)) - Added global filter 'safety' (class=org.apache.hadoop.http.HttpServer2$QuotingInputFilter)
2019-10-16 21:54:48,332 [Thread-0] INFO  http.HttpServer2 (HttpServer2.java:addFilter(948)) - Added filter static_user_filter (class=org.apache.hadoop.http.lib.StaticUserWebFilter$StaticUserFilter) to context hddsDatanode
2019-10-16 21:54:48,332 [Thread-0] INFO  http.HttpServer2 (HttpServer2.java:addFilter(958)) - Added filter static_user_filter (class=org.apache.hadoop.http.lib.StaticUserWebFilter$StaticUserFilter) to context static
2019-10-16 21:54:48,332 [Thread-0] INFO  http.HttpServer2 (HttpServer2.java:addFilter(958)) - Added filter static_user_filter (class=org.apache.hadoop.http.lib.StaticUserWebFilter$StaticUserFilter) to context logs
2019-10-16 21:54:48,333 [Thread-0] INFO  http.HttpServer2 (HttpServer2.java:bindListener(1191)) - Jetty bound to port 35501
2019-10-16 21:54:48,334 [Thread-0] INFO  server.Server (Server.java:doStart(351)) - jetty-9.3.25.v20180904, build timestamp: 2018-09-04T21:11:46Z, git hash: 3ce520221d0240229c862b122d2b06c12a625732
2019-10-16 21:54:48,337 [Thread-0] INFO  handler.ContextHandler (ContextHandler.java:doStart(781)) - Started o.e.j.s.ServletContextHandler@38e082ad{/logs,file:///workdir/hadoop-ozone/ozonefs/target/log,AVAILABLE}
2019-10-16 21:54:48,338 [Thread-0] INFO  handler.ContextHandler (ContextHandler.java:doStart(781)) - Started o.e.j.s.ServletContextHandler@398383a4{/static,jar:file:/home/user/.m2/repository/org/apache/hadoop/hadoop-hdds-container-service/0.5.0-SNAPSHOT/hadoop-hdds-container-service-0.5.0-SNAPSHOT.jar!/webapps/static,AVAILABLE}
2019-10-16 21:54:48,367 [Datanode State Machine Thread - 0] INFO  datanode.InitDatanodeState (InitDatanodeState.java:persistContainerDatanodeDetails(140)) - DatanodeDetails is persisted to /workdir/hadoop-ozone/ozonefs/target/test-dir/MiniOzoneClusterImpl-bd2adbcd-a8bb-4b9e-9c25-f9aa9b2c6882/datanode-0/meta/datanode.id
2019-10-16 21:54:48,376 [Thread-0] INFO  handler.ContextHandler (ContextHandler.java:doStart(781)) - Started o.e.j.w.WebAppContext@cd144c6{/,file:///tmp/jetty-0.0.0.0-35501-hddsDatanode-_-any-5179814551880053444.dir/webapp/,AVAILABLE}{/hddsDatanode}
2019-10-16 21:54:48,377 [Thread-0] INFO  server.AbstractConnector (AbstractConnector.java:doStart(278)) - Started ServerConnector@1f9f3599{HTTP/1.1,[http/1.1]}{0.0.0.0:35501}
2019-10-16 21:54:48,377 [Thread-0] INFO  server.Server (Server.java:doStart(419)) - Started @5624ms
2019-10-16 21:54:48,378 [Thread-0] WARN  impl.MetricsSystemImpl (MetricsSystemImpl.java:register(276)) - Sink prometheus already exists!
2019-10-16 21:54:48,379 [Thread-0] INFO  server.BaseHttpServer (BaseHttpServer.java:updateConnectorAddress(215)) - HTTP server of HDDSDATANODE is listening at http://0.0.0.0:35501
2019-10-16 21:54:48,379 [Thread-0] INFO  impl.MetricsSystemImpl (MetricsSystemImpl.java:init(158)) - HddsDatanode metrics system started (again)
2019-10-16 21:54:48,382 [Thread-0] INFO  ozone.HddsDatanodeService (HddsDatanodeService.java:start(184)) - HddsDatanodeService host:pr-hdds-1868-qdb9g-714931517 ip:192.168.157.254
2019-10-16 21:54:48,382 [org.apache.hadoop.util.JvmPauseMonitor$Monitor@5089afed] INFO  util.JvmPauseMonitor (JvmPauseMonitor.java:run(188)) - Starting JVM pause monitor
2019-10-16 21:54:48,387 [Datanode State Machine Thread - 0] INFO  datanode.InitDatanodeState (InitDatanodeState.java:persistContainerDatanodeDetails(140)) - DatanodeDetails is persisted to /workdir/hadoop-ozone/ozonefs/target/test-dir/MiniOzoneClusterImpl-bd2adbcd-a8bb-4b9e-9c25-f9aa9b2c6882/datanode-1/meta/datanode.id
2019-10-16 21:54:48,393 [Thread-0] INFO  volume.HddsVolume (HddsVolume.java:<init>(176)) - Creating Volume: /workdir/hadoop-ozone/ozonefs/target/test-dir/MiniOzoneClusterImpl-bd2adbcd-a8bb-4b9e-9c25-f9aa9b2c6882/datanode-2/data/containers/hdds of  storage type : DISK and capacity : 1482555576320
2019-10-16 21:54:48,394 [Thread-0] INFO  volume.VolumeSet (VolumeSet.java:initializeVolumeSet(170)) - Added Volume : /workdir/hadoop-ozone/ozonefs/target/test-dir/MiniOzoneClusterImpl-bd2adbcd-a8bb-4b9e-9c25-f9aa9b2c6882/datanode-2/data/containers/hdds to VolumeSet
2019-10-16 21:54:48,394 [Thread-0] INFO  volume.ThrottledAsyncChecker (ThrottledAsyncChecker.java:schedule(141)) - Scheduling a check for /workdir/hadoop-ozone/ozonefs/target/test-dir/MiniOzoneClusterImpl-bd2adbcd-a8bb-4b9e-9c25-f9aa9b2c6882/datanode-2/data/containers/hdds
2019-10-16 21:54:48,395 [Thread-0] INFO  volume.HddsVolumeChecker (HddsVolumeChecker.java:checkAllVolumes(204)) - Scheduled health check for volume /workdir/hadoop-ozone/ozonefs/target/test-dir/MiniOzoneClusterImpl-bd2adbcd-a8bb-4b9e-9c25-f9aa9b2c6882/datanode-2/data/containers/hdds
2019-10-16 21:54:48,418 [Thread-0] INFO  impl.RaftServerProxy (ConfUtils.java:logGet(43)) - raft.rpc.type = GRPC (default)
2019-10-16 21:54:48,418 [Thread-0] INFO  grpc.GrpcFactory (GrpcFactory.java:checkPooledByteBufAllocatorUseCacheForAllThreads(45)) - PERFORMANCE WARNING: useCacheForAllThreads is true that may cause Netty to create a lot garbage objects and, as a result, trigger GC.
	It is recommended to disable useCacheForAllThreads by setting -Dorg.apache.ratis.thirdparty.io.netty.allocator.useCacheForAllThreads=false in command line.
2019-10-16 21:54:48,418 [Thread-0] INFO  grpc.GrpcConfigKeys$Server (ConfUtils.java:logGet(43)) - raft.grpc.server.port = 0 (default)
2019-10-16 21:54:48,418 [Thread-0] INFO  server.GrpcService (ConfUtils.java:logGet(43)) - raft.grpc.message.size.max = 33570816 (custom)
2019-10-16 21:54:48,419 [Thread-0] INFO  server.RaftServerConfigKeys (ConfUtils.java:logGet(43)) - raft.server.log.appender.buffer.byte-limit = 33554432 (custom)
2019-10-16 21:54:48,419 [Thread-0] INFO  server.GrpcService (ConfUtils.java:logGet(43)) - raft.grpc.flow.control.window = 1MB (=1048576) (default)
2019-10-16 21:54:48,419 [Thread-0] INFO  server.RaftServerConfigKeys (ConfUtils.java:logGet(43)) - raft.server.rpc.request.timeout = 3000ms (default)
2019-10-16 21:54:48,420 [Thread-0] INFO  server.RaftServerConfigKeys (ConfUtils.java:logGet(43)) - raft.server.storage.dir = [/workdir/hadoop-ozone/ozonefs/target/test-dir/MiniOzoneClusterImpl-bd2adbcd-a8bb-4b9e-9c25-f9aa9b2c6882/datanode-2/data/ratis] (custom)
2019-10-16 21:54:48,422 [Thread-0] INFO  hdfs.DFSUtil (DFSUtil.java:httpServerTemplateForNNAndJN(1641)) - Starting Web-server for hddsDatanode at: http://0.0.0.0:0
2019-10-16 21:54:48,424 [Thread-0] INFO  server.AuthenticationFilter (AuthenticationFilter.java:constructSecretProvider(240)) - Unable to initialize FileSignerSecretProvider, falling back to use random secrets.
2019-10-16 21:54:48,424 [Thread-0] WARN  http.HttpRequestLog (HttpRequestLog.java:getRequestLog(97)) - Jetty request log can only be enabled using Log4j
2019-10-16 21:54:48,426 [Thread-0] INFO  http.HttpServer2 (HttpServer2.java:addGlobalFilter(975)) - Added global filter 'safety' (class=org.apache.hadoop.http.HttpServer2$QuotingInputFilter)
2019-10-16 21:54:48,427 [Thread-0] INFO  http.HttpServer2 (HttpServer2.java:addFilter(948)) - Added filter static_user_filter (class=org.apache.hadoop.http.lib.StaticUserWebFilter$StaticUserFilter) to context hddsDatanode
2019-10-16 21:54:48,427 [Thread-0] INFO  http.HttpServer2 (HttpServer2.java:addFilter(958)) - Added filter static_user_filter (class=org.apache.hadoop.http.lib.StaticUserWebFilter$StaticUserFilter) to context logs
2019-10-16 21:54:48,427 [Thread-0] INFO  http.HttpServer2 (HttpServer2.java:addFilter(958)) - Added filter static_user_filter (class=org.apache.hadoop.http.lib.StaticUserWebFilter$StaticUserFilter) to context static
2019-10-16 21:54:48,428 [Thread-0] INFO  http.HttpServer2 (HttpServer2.java:bindListener(1191)) - Jetty bound to port 34684
2019-10-16 21:54:48,428 [Thread-0] INFO  server.Server (Server.java:doStart(351)) - jetty-9.3.25.v20180904, build timestamp: 2018-09-04T21:11:46Z, git hash: 3ce520221d0240229c862b122d2b06c12a625732
2019-10-16 21:54:48,430 [Thread-0] INFO  handler.ContextHandler (ContextHandler.java:doStart(781)) - Started o.e.j.s.ServletContextHandler@9768d63{/logs,file:///workdir/hadoop-ozone/ozonefs/target/log,AVAILABLE}
2019-10-16 21:54:48,430 [Thread-0] INFO  handler.ContextHandler (ContextHandler.java:doStart(781)) - Started o.e.j.s.ServletContextHandler@6d3d4432{/static,jar:file:/home/user/.m2/repository/org/apache/hadoop/hadoop-hdds-container-service/0.5.0-SNAPSHOT/hadoop-hdds-container-service-0.5.0-SNAPSHOT.jar!/webapps/static,AVAILABLE}
2019-10-16 21:54:48,481 [Thread-0] INFO  handler.ContextHandler (ContextHandler.java:doStart(781)) - Started o.e.j.w.WebAppContext@e07a666{/,file:///tmp/jetty-0.0.0.0-34684-hddsDatanode-_-any-3229996355864687372.dir/webapp/,AVAILABLE}{/hddsDatanode}
2019-10-16 21:54:48,481 [Thread-0] INFO  server.AbstractConnector (AbstractConnector.java:doStart(278)) - Started ServerConnector@3d19c2de{HTTP/1.1,[http/1.1]}{0.0.0.0:34684}
2019-10-16 21:54:48,482 [Thread-0] INFO  server.Server (Server.java:doStart(419)) - Started @5729ms
2019-10-16 21:54:48,483 [Thread-0] WARN  impl.MetricsSystemImpl (MetricsSystemImpl.java:register(276)) - Sink prometheus already exists!
2019-10-16 21:54:48,485 [Thread-0] INFO  server.BaseHttpServer (BaseHttpServer.java:updateConnectorAddress(215)) - HTTP server of HDDSDATANODE is listening at http://0.0.0.0:34684
2019-10-16 21:54:48,487 [Thread-0] INFO  ozone.MiniOzoneClusterImpl (MiniOzoneClusterImpl.java:lambda$waitForClusterToBeReady$2(172)) - Waiting for cluster to be ready. Got 0 of 3 DN Heartbeats.
2019-10-16 21:54:48,488 [org.apache.hadoop.util.JvmPauseMonitor$Monitor@630e2bf4] INFO  util.JvmPauseMonitor (JvmPauseMonitor.java:run(188)) - Starting JVM pause monitor
2019-10-16 21:54:48,491 [Datanode State Machine Thread - 0] INFO  datanode.InitDatanodeState (InitDatanodeState.java:persistContainerDatanodeDetails(140)) - DatanodeDetails is persisted to /workdir/hadoop-ozone/ozonefs/target/test-dir/MiniOzoneClusterImpl-bd2adbcd-a8bb-4b9e-9c25-f9aa9b2c6882/datanode-2/meta/datanode.id
2019-10-16 21:54:49,487 [Thread-0] INFO  ozone.MiniOzoneClusterImpl (MiniOzoneClusterImpl.java:lambda$waitForClusterToBeReady$2(172)) - Waiting for cluster to be ready. Got 0 of 3 DN Heartbeats.
2019-10-16 21:54:50,371 [Datanode State Machine Thread - 0] INFO  ozoneimpl.OzoneContainer (OzoneContainer.java:start(213)) - Attempting to start container services.
2019-10-16 21:54:50,374 [Datanode State Machine Thread - 0] INFO  ozoneimpl.OzoneContainer (OzoneContainer.java:startContainerScrub(177)) - Background container scanner has been disabled.
2019-10-16 21:54:50,374 [Datanode State Machine Thread - 0] INFO  ratis.XceiverServerRatis (XceiverServerRatis.java:start(425)) - Starting XceiverServerRatis 277b5c5e-8c6f-4c9a-a53f-1bbc96404e12 at port 0
2019-10-16 21:54:50,400 [Datanode State Machine Thread - 0] INFO  ozoneimpl.OzoneContainer (OzoneContainer.java:start(213)) - Attempting to start container services.
2019-10-16 21:54:50,405 [Datanode State Machine Thread - 0] INFO  ozoneimpl.OzoneContainer (OzoneContainer.java:startContainerScrub(177)) - Background container scanner has been disabled.
2019-10-16 21:54:50,405 [Datanode State Machine Thread - 0] INFO  ratis.XceiverServerRatis (XceiverServerRatis.java:start(425)) - Starting XceiverServerRatis a32408a4-f19d-4bad-97c5-ba33ae94fc9a at port 0
2019-10-16 21:54:50,406 [Datanode State Machine Thread - 0] INFO  impl.RaftServerProxy (RaftServerProxy.java:lambda$start$3(299)) - 277b5c5e-8c6f-4c9a-a53f-1bbc96404e12: start RPC server
2019-10-16 21:54:50,417 [Datanode State Machine Thread - 0] INFO  impl.RaftServerProxy (RaftServerProxy.java:lambda$start$3(299)) - a32408a4-f19d-4bad-97c5-ba33ae94fc9a: start RPC server
2019-10-16 21:54:50,488 [Thread-0] INFO  ozone.MiniOzoneClusterImpl (MiniOzoneClusterImpl.java:lambda$waitForClusterToBeReady$2(172)) - Waiting for cluster to be ready. Got 0 of 3 DN Heartbeats.
2019-10-16 21:54:50,504 [Datanode State Machine Thread - 0] INFO  ozoneimpl.OzoneContainer (OzoneContainer.java:start(213)) - Attempting to start container services.
2019-10-16 21:54:50,505 [Datanode State Machine Thread - 0] INFO  ozoneimpl.OzoneContainer (OzoneContainer.java:startContainerScrub(177)) - Background container scanner has been disabled.
2019-10-16 21:54:50,506 [Datanode State Machine Thread - 0] INFO  ratis.XceiverServerRatis (XceiverServerRatis.java:start(425)) - Starting XceiverServerRatis 6b24a2ab-97ee-4d49-85cc-2d76c2f4b8ef at port 0
2019-10-16 21:54:50,515 [Datanode State Machine Thread - 0] INFO  impl.RaftServerProxy (RaftServerProxy.java:lambda$start$3(299)) - 6b24a2ab-97ee-4d49-85cc-2d76c2f4b8ef: start RPC server
2019-10-16 21:54:50,554 [Datanode State Machine Thread - 0] INFO  server.GrpcService (GrpcService.java:startImpl(158)) - 6b24a2ab-97ee-4d49-85cc-2d76c2f4b8ef: GrpcService started, listening on 0.0.0.0/0.0.0.0:41080
2019-10-16 21:54:50,554 [Datanode State Machine Thread - 0] INFO  server.GrpcService (GrpcService.java:startImpl(158)) - a32408a4-f19d-4bad-97c5-ba33ae94fc9a: GrpcService started, listening on 0.0.0.0/0.0.0.0:38721
2019-10-16 21:54:50,555 [Datanode State Machine Thread - 0] INFO  ratis.XceiverServerRatis (XceiverServerRatis.java:start(435)) - XceiverServerRatis 6b24a2ab-97ee-4d49-85cc-2d76c2f4b8ef is started using port 41080
2019-10-16 21:54:50,554 [Datanode State Machine Thread - 0] INFO  server.GrpcService (GrpcService.java:startImpl(158)) - 277b5c5e-8c6f-4c9a-a53f-1bbc96404e12: GrpcService started, listening on 0.0.0.0/0.0.0.0:41416
2019-10-16 21:54:50,555 [Datanode State Machine Thread - 0] INFO  ratis.XceiverServerRatis (XceiverServerRatis.java:start(435)) - XceiverServerRatis a32408a4-f19d-4bad-97c5-ba33ae94fc9a is started using port 38721
2019-10-16 21:54:50,555 [Datanode State Machine Thread - 0] INFO  ratis.XceiverServerRatis (XceiverServerRatis.java:start(435)) - XceiverServerRatis 277b5c5e-8c6f-4c9a-a53f-1bbc96404e12 is started using port 41416
2019-10-16 21:54:50,561 [Datanode State Machine Thread - 0] INFO  server.XceiverServerGrpc (XceiverServerGrpc.java:start(149)) - XceiverServerGrpc 277b5c5e-8c6f-4c9a-a53f-1bbc96404e12 is started using port 39562
2019-10-16 21:54:50,562 [Datanode State Machine Thread - 0] INFO  server.XceiverServerGrpc (XceiverServerGrpc.java:start(149)) - XceiverServerGrpc 6b24a2ab-97ee-4d49-85cc-2d76c2f4b8ef is started using port 43848
2019-10-16 21:54:50,561 [Datanode State Machine Thread - 0] INFO  server.XceiverServerGrpc (XceiverServerGrpc.java:start(149)) - XceiverServerGrpc a32408a4-f19d-4bad-97c5-ba33ae94fc9a is started using port 36995
2019-10-16 21:54:51,488 [Thread-0] INFO  ozone.MiniOzoneClusterImpl (MiniOzoneClusterImpl.java:lambda$waitForClusterToBeReady$2(172)) - Waiting for cluster to be ready. Got 0 of 3 DN Heartbeats.
2019-10-16 21:54:52,317 [IPC Server handler 0 on 39656] INFO  net.NetworkTopology (NetworkTopologyImpl.java:add(111)) - Added a new node: /default-rack/277b5c5e-8c6f-4c9a-a53f-1bbc96404e12
2019-10-16 21:54:52,318 [IPC Server handler 0 on 39656] INFO  node.SCMNodeManager (SCMNodeManager.java:register(268)) - Registered Data node : 277b5c5e-8c6f-4c9a-a53f-1bbc96404e12{ip: 192.168.157.254, host: pr-hdds-1868-qdb9g-714931517, networkLocation: /default-rack, certSerialId: null}
2019-10-16 21:54:52,323 [EventQueue-NodeRegistrationContainerReportForDataNodeSafeModeRule] INFO  safemode.SCMSafeModeManager (DataNodeSafeModeRule.java:process(71)) - SCM in safe mode. 1 DataNodes registered, 1 required.
2019-10-16 21:54:52,323 [EventQueue-NodeRegistrationContainerReportForDataNodeSafeModeRule] INFO  safemode.SCMSafeModeManager (SCMSafeModeManager.java:validateSafeModeExitRules(177)) - ScmSafeModeManager, all rules are successfully validated
2019-10-16 21:54:52,324 [EventQueue-NodeRegistrationContainerReportForDataNodeSafeModeRule] INFO  safemode.SCMSafeModeManager (SCMSafeModeManager.java:exitSafeMode(193)) - SCM exiting safe mode.
2019-10-16 21:54:52,386 [IPC Server handler 1 on 39656] INFO  net.NetworkTopology (NetworkTopologyImpl.java:add(111)) - Added a new node: /default-rack/a32408a4-f19d-4bad-97c5-ba33ae94fc9a
2019-10-16 21:54:52,386 [IPC Server handler 1 on 39656] INFO  node.SCMNodeManager (SCMNodeManager.java:register(268)) - Registered Data node : a32408a4-f19d-4bad-97c5-ba33ae94fc9a{ip: 192.168.157.254, host: pr-hdds-1868-qdb9g-714931517, networkLocation: /default-rack, certSerialId: null}
2019-10-16 21:54:52,491 [IPC Server handler 3 on 39656] INFO  net.NetworkTopology (NetworkTopologyImpl.java:add(111)) - Added a new node: /default-rack/6b24a2ab-97ee-4d49-85cc-2d76c2f4b8ef
2019-10-16 21:54:52,492 [IPC Server handler 3 on 39656] INFO  node.SCMNodeManager (SCMNodeManager.java:register(268)) - Registered Data node : 6b24a2ab-97ee-4d49-85cc-2d76c2f4b8ef{ip: 192.168.157.254, host: pr-hdds-1868-qdb9g-714931517, networkLocation: /default-rack, certSerialId: null}
2019-10-16 21:54:52,839 [grpc-default-executor-0] INFO  impl.RaftServerProxy (RaftServerProxy.java:addNew(89)) - 277b5c5e-8c6f-4c9a-a53f-1bbc96404e12: addNew group-0DB353E2D887:[277b5c5e-8c6f-4c9a-a53f-1bbc96404e12:192.168.157.254:41416] returns group-0DB353E2D887:java.util.concurrent.CompletableFuture@52bdb4d0[Not completed]
2019-10-16 21:54:52,850 [pool-27-thread-1] INFO  impl.RaftServerImpl (RaftServerImpl.java:<init>(104)) - 277b5c5e-8c6f-4c9a-a53f-1bbc96404e12: new RaftServerImpl for group-0DB353E2D887:[277b5c5e-8c6f-4c9a-a53f-1bbc96404e12:192.168.157.254:41416] with ContainerStateMachine:uninitialized
2019-10-16 21:54:52,852 [pool-27-thread-1] INFO  server.RaftServerConfigKeys (ConfUtils.java:logGet(43)) - raft.server.rpc.timeout.min = 5s (custom)
2019-10-16 21:54:52,853 [pool-27-thread-1] INFO  server.RaftServerConfigKeys (ConfUtils.java:logGet(43)) - raft.server.rpc.timeout.max = 5200ms (custom)
2019-10-16 21:54:52,853 [pool-27-thread-1] INFO  server.RaftServerConfigKeys (ConfUtils.java:logGet(43)) - raft.server.rpcslowness.timeout = 120s (custom)
2019-10-16 21:54:52,854 [pool-27-thread-1] INFO  server.RaftServerConfigKeys (ConfUtils.java:logGet(43)) - raft.server.sleep.deviation.threshold = 300 (default)
2019-10-16 21:54:52,855 [pool-27-thread-1] INFO  server.RaftServerConfigKeys (ConfUtils.java:logGet(43)) - raft.server.log.appender.install.snapshot.enabled = false (custom)
2019-10-16 21:54:52,866 [pool-27-thread-1] INFO  impl.RaftServerImpl (ServerState.java:<init>(103)) - 277b5c5e-8c6f-4c9a-a53f-1bbc96404e12@group-0DB353E2D887: ConfigurationManager, init=-1: [277b5c5e-8c6f-4c9a-a53f-1bbc96404e12:192.168.157.254:41416], old=null, confs=<EMPTY_MAP>
2019-10-16 21:54:52,866 [pool-27-thread-1] INFO  server.RaftServerConfigKeys (ConfUtils.java:logGet(43)) - raft.server.storage.dir = [/workdir/hadoop-ozone/ozonefs/target/test-dir/MiniOzoneClusterImpl-bd2adbcd-a8bb-4b9e-9c25-f9aa9b2c6882/datanode-0/data/ratis] (custom)
2019-10-16 21:54:52,874 [pool-27-thread-1] INFO  server.RaftServerConfigKeys (ConfUtils.java:logGet(43)) - raft.server.log.corruption.policy = EXCEPTION (default)
2019-10-16 21:54:52,877 [pool-27-thread-1] INFO  storage.RaftStorageDirectory (RaftStorageDirectory.java:analyzeStorage(246)) - The storage directory /workdir/hadoop-ozone/ozonefs/target/test-dir/MiniOzoneClusterImpl-bd2adbcd-a8bb-4b9e-9c25-f9aa9b2c6882/datanode-0/data/ratis/874acad9-1d3c-4e7b-80f0-0db353e2d887 does not exist. Creating ...
2019-10-16 21:54:52,893 [pool-27-thread-1] INFO  storage.RaftStorageDirectory (RaftStorageDirectory.java:tryLock(328)) - Lock on /workdir/hadoop-ozone/ozonefs/target/test-dir/MiniOzoneClusterImpl-bd2adbcd-a8bb-4b9e-9c25-f9aa9b2c6882/datanode-0/data/ratis/874acad9-1d3c-4e7b-80f0-0db353e2d887/in_use.lock acquired by nodename 8100@pr-hdds-1868-qdb9g-714931517
2019-10-16 21:54:52,908 [pool-27-thread-1] INFO  storage.RaftStorage (RaftStorage.java:format(84)) - Storage directory /workdir/hadoop-ozone/ozonefs/target/test-dir/MiniOzoneClusterImpl-bd2adbcd-a8bb-4b9e-9c25-f9aa9b2c6882/datanode-0/data/ratis/874acad9-1d3c-4e7b-80f0-0db353e2d887 has been successfully formatted.
2019-10-16 21:54:52,911 [pool-27-thread-1] INFO  ratis.ContainerStateMachine (ContainerStateMachine.java:loadSnapshot(233)) - group-0DB353E2D887: The snapshot info is null. Setting the last applied indexto:(t:0, i:~)
2019-10-16 21:54:52,911 [pool-27-thread-1] INFO  server.RaftServerConfigKeys (ConfUtils.java:logGet(43)) - raft.server.notification.no-leader.timeout = 120s (custom)
2019-10-16 21:54:52,915 [pool-27-thread-1] INFO  server.RaftServerConfigKeys (ConfUtils.java:logGet(43)) - raft.server.log.use.memory = false (default)
2019-10-16 21:54:52,924 [pool-27-thread-1] INFO  server.RaftServerConfigKeys (ConfUtils.java:logGet(43)) - raft.server.log.purge.gap = 1000000 (custom)
2019-10-16 21:54:52,924 [pool-27-thread-1] INFO  server.RaftServerConfigKeys (ConfUtils.java:logGet(43)) - raft.server.log.appender.buffer.byte-limit = 33554432 (custom)
2019-10-16 21:54:52,928 [pool-27-thread-1] INFO  server.RaftServerConfigKeys (ConfUtils.java:logGet(43)) - raft.server.log.segment.size.max = 1048576 (custom)
2019-10-16 21:54:52,930 [pool-27-thread-1] INFO  impl.MetricsSystemImpl (MetricsSystemImpl.java:init(158)) - ratis metrics system started (again)
2019-10-16 21:54:52,936 [pool-27-thread-1] INFO  metrics.MetricRegistries (MetricRegistriesLoader.java:load(64)) - Loaded MetricRegistries class org.apache.ratis.metrics.impl.MetricRegistriesImpl
2019-10-16 21:54:52,988 [pool-27-thread-1] INFO  server.RaftServerConfigKeys (ConfUtils.java:logGet(43)) - raft.server.log.segment.cache.num.max = 2 (custom)
2019-10-16 21:54:52,997 [pool-27-thread-1] INFO  segmented.SegmentedRaftLogWorker (SegmentedRaftLogWorker.java:<init>(173)) - new 277b5c5e-8c6f-4c9a-a53f-1bbc96404e12@group-0DB353E2D887-SegmentedRaftLogWorker for RaftStorage:Storage Directory /workdir/hadoop-ozone/ozonefs/target/test-dir/MiniOzoneClusterImpl-bd2adbcd-a8bb-4b9e-9c25-f9aa9b2c6882/datanode-0/data/ratis/874acad9-1d3c-4e7b-80f0-0db353e2d887
2019-10-16 21:54:52,997 [pool-27-thread-1] INFO  server.RaftServerConfigKeys (ConfUtils.java:logGet(43)) - raft.server.log.queue.byte-limit = 2147483647 (custom)
2019-10-16 21:54:52,998 [pool-27-thread-1] INFO  server.RaftServerConfigKeys (ConfUtils.java:logGet(43)) - raft.server.log.queue.element-limit = 1024 (custom)
2019-10-16 21:54:52,999 [pool-27-thread-1] INFO  server.RaftServerConfigKeys (ConfUtils.java:logGet(43)) - raft.server.log.segment.size.max = 1048576 (custom)
2019-10-16 21:54:53,000 [pool-27-thread-1] INFO  server.RaftServerConfigKeys (ConfUtils.java:logGet(43)) - raft.server.log.preallocated.size = 16384 (custom)
2019-10-16 21:54:53,001 [pool-27-thread-1] INFO  server.RaftServerConfigKeys (ConfUtils.java:logGet(43)) - raft.server.log.write.buffer.size = 33554432 (custom)
2019-10-16 21:54:53,002 [pool-27-thread-1] INFO  server.RaftServerConfigKeys (ConfUtils.java:logGet(43)) - raft.server.log.force.sync.num = 128 (default)
2019-10-16 21:54:53,003 [pool-27-thread-1] INFO  server.RaftServerConfigKeys (ConfUtils.java:logGet(43)) - raft.server.log.statemachine.data.sync = true (default)
2019-10-16 21:54:53,003 [pool-27-thread-1] INFO  server.RaftServerConfigKeys (ConfUtils.java:logGet(43)) - raft.server.log.statemachine.data.sync.timeout = 10s (default)
2019-10-16 21:54:53,003 [pool-27-thread-1] INFO  server.RaftServerConfigKeys (ConfUtils.java:logGet(43)) - raft.server.log.statemachine.data.sync.timeout.retry = -1 (default)
2019-10-16 21:54:53,017 [pool-27-thread-1] INFO  server.RaftServerConfigKeys (ConfUtils.java:logGet(43)) - raft.server.log.statemachine.data.caching.enabled = true (custom)
2019-10-16 21:54:53,021 [pool-27-thread-1] INFO  segmented.SegmentedRaftLogWorker (SegmentedRaftLogWorker.java:lambda$new$0(128)) - 277b5c5e-8c6f-4c9a-a53f-1bbc96404e12@group-0DB353E2D887-SegmentedRaftLogWorker: flushIndex: setUnconditionally 0 -> -1
2019-10-16 21:54:53,025 [pool-27-thread-1] INFO  server.RaftServerConfigKeys (ConfUtils.java:logGet(43)) - raft.server.snapshot.auto.trigger.enabled = true (custom)
2019-10-16 21:54:53,026 [pool-27-thread-1] INFO  server.RaftServerConfigKeys (ConfUtils.java:logGet(43)) - raft.server.snapshot.auto.trigger.threshold = 10000 (custom)
2019-10-16 21:54:53,027 [pool-27-thread-1] INFO  server.RaftServerConfigKeys (ConfUtils.java:logGet(43)) - raft.server.snapshot.retention.file.num = 5 (custom)
2019-10-16 21:54:53,027 [pool-27-thread-1] INFO  server.RaftServerConfigKeys (ConfUtils.java:logGet(43)) - raft.server.retrycache.expirytime = 600000ms (custom)
2019-10-16 21:54:53,060 [pool-27-thread-1] INFO  impl.RaftServerImpl (RaftServerImpl.java:start(195)) - 277b5c5e-8c6f-4c9a-a53f-1bbc96404e12@group-0DB353E2D887: start as a follower, conf=-1: [277b5c5e-8c6f-4c9a-a53f-1bbc96404e12:192.168.157.254:41416], old=null
2019-10-16 21:54:53,061 [pool-27-thread-1] INFO  impl.RaftServerImpl (RaftServerImpl.java:setRole(184)) - 277b5c5e-8c6f-4c9a-a53f-1bbc96404e12@group-0DB353E2D887: changes role from      null to FOLLOWER at term 0 for startAsFollower
2019-10-16 21:54:53,062 [pool-27-thread-1] INFO  impl.RoleInfo (RoleInfo.java:updateAndGet(143)) - 277b5c5e-8c6f-4c9a-a53f-1bbc96404e12: start FollowerState
2019-10-16 21:54:53,063 [Thread-181] INFO  impl.FollowerState (FollowerState.java:run(108)) - 277b5c5e-8c6f-4c9a-a53f-1bbc96404e12@group-0DB353E2D887-FollowerState: change to CANDIDATE, lastRpcTime:1ms, electionTimeout:0ms
2019-10-16 21:54:53,064 [pool-27-thread-1] INFO  util.JmxRegister (JmxRegister.java:tryRegister(44)) - Successfully registered JMX Bean with object name Ratis:service=RaftServer,group=group-0DB353E2D887,id=277b5c5e-8c6f-4c9a-a53f-1bbc96404e12
2019-10-16 21:54:53,067 [Thread-181] INFO  impl.RoleInfo (RoleInfo.java:shutdownFollowerState(121)) - 277b5c5e-8c6f-4c9a-a53f-1bbc96404e12: shutdown FollowerState
2019-10-16 21:54:53,068 [Thread-181] INFO  impl.RaftServerImpl (RaftServerImpl.java:setRole(184)) - 277b5c5e-8c6f-4c9a-a53f-1bbc96404e12@group-0DB353E2D887: changes role from  FOLLOWER to CANDIDATE at term 0 for changeToCandidate
2019-10-16 21:54:53,072 [Thread-181] INFO  impl.RoleInfo (RoleInfo.java:updateAndGet(143)) - 277b5c5e-8c6f-4c9a-a53f-1bbc96404e12: start LeaderElection
2019-10-16 21:54:53,088 [277b5c5e-8c6f-4c9a-a53f-1bbc96404e12@group-0DB353E2D887-LeaderElection1] INFO  impl.LeaderElection (LeaderElection.java:askForVotes(178)) - 277b5c5e-8c6f-4c9a-a53f-1bbc96404e12@group-0DB353E2D887-LeaderElection1: begin an election at term 1 for -1: [277b5c5e-8c6f-4c9a-a53f-1bbc96404e12:192.168.157.254:41416], old=null
2019-10-16 21:54:53,090 [277b5c5e-8c6f-4c9a-a53f-1bbc96404e12@group-0DB353E2D887-LeaderElection1] INFO  impl.RoleInfo (RoleInfo.java:shutdownLeaderElection(134)) - 277b5c5e-8c6f-4c9a-a53f-1bbc96404e12: shutdown LeaderElection
2019-10-16 21:54:53,091 [277b5c5e-8c6f-4c9a-a53f-1bbc96404e12@group-0DB353E2D887-LeaderElection1] INFO  impl.RaftServerImpl (RaftServerImpl.java:setRole(184)) - 277b5c5e-8c6f-4c9a-a53f-1bbc96404e12@group-0DB353E2D887: changes role from CANDIDATE to LEADER at term 1 for changeToLeader
2019-10-16 21:54:53,091 [277b5c5e-8c6f-4c9a-a53f-1bbc96404e12@group-0DB353E2D887-LeaderElection1] INFO  ratis.XceiverServerRatis (XceiverServerRatis.java:handleLeaderChangedNotification(700)) - Leader change notification received for group: group-0DB353E2D887 with new leaderId: 277b5c5e-8c6f-4c9a-a53f-1bbc96404e12
2019-10-16 21:54:53,097 [277b5c5e-8c6f-4c9a-a53f-1bbc96404e12@group-0DB353E2D887-LeaderElection1] INFO  impl.RaftServerImpl (ServerState.java:setLeader(256)) - 277b5c5e-8c6f-4c9a-a53f-1bbc96404e12@group-0DB353E2D887: change Leader from null to 277b5c5e-8c6f-4c9a-a53f-1bbc96404e12 at term 1 for becomeLeader, leader elected after 180ms
2019-10-16 21:54:53,107 [277b5c5e-8c6f-4c9a-a53f-1bbc96404e12@group-0DB353E2D887-LeaderElection1] INFO  server.RaftServerConfigKeys (ConfUtils.java:logGet(43)) - raft.server.staging.catchup.gap = 1000 (default)
2019-10-16 21:54:53,107 [277b5c5e-8c6f-4c9a-a53f-1bbc96404e12@group-0DB353E2D887-LeaderElection1] INFO  server.RaftServerConfigKeys (ConfUtils.java:logGet(43)) - raft.server.rpc.sleep.time = 25ms (default)
2019-10-16 21:54:53,119 [277b5c5e-8c6f-4c9a-a53f-1bbc96404e12@group-0DB353E2D887-LeaderElection1] INFO  server.RaftServerConfigKeys (ConfUtils.java:logGet(43)) - raft.server.write.element-limit = 4096 (default)
2019-10-16 21:54:53,123 [277b5c5e-8c6f-4c9a-a53f-1bbc96404e12@group-0DB353E2D887-LeaderElection1] INFO  server.RaftServerConfigKeys (ConfUtils.java:logGet(43)) - raft.server.watch.timeout = 10s (default)
2019-10-16 21:54:53,124 [277b5c5e-8c6f-4c9a-a53f-1bbc96404e12@group-0DB353E2D887-LeaderElection1] INFO  server.RaftServerConfigKeys (ConfUtils.java:logGet(43)) - raft.server.watch.timeout.denomination = 1s (default)
2019-10-16 21:54:53,125 [277b5c5e-8c6f-4c9a-a53f-1bbc96404e12@group-0DB353E2D887-LeaderElection1] INFO  server.RaftServerConfigKeys (ConfUtils.java:logGet(43)) - raft.server.watch.element-limit = 65536 (default)
2019-10-16 21:54:53,160 [277b5c5e-8c6f-4c9a-a53f-1bbc96404e12@group-0DB353E2D887-LeaderElection1] INFO  impl.RoleInfo (RoleInfo.java:updateAndGet(143)) - 277b5c5e-8c6f-4c9a-a53f-1bbc96404e12: start LeaderState
2019-10-16 21:54:53,165 [RatisPipelineUtilsThread] INFO  pipeline.PipelineStateManager (PipelineStateManager.java:addPipeline(57)) - Created pipeline Pipeline[ Id: 874acad9-1d3c-4e7b-80f0-0db353e2d887, Nodes: 277b5c5e-8c6f-4c9a-a53f-1bbc96404e12{ip: 192.168.157.254, host: pr-hdds-1868-qdb9g-714931517, networkLocation: /default-rack, certSerialId: null}, Type:RATIS, Factor:ONE, State:ALLOCATED]
2019-10-16 21:54:53,185 [grpc-default-executor-0] INFO  impl.RaftServerProxy (RaftServerProxy.java:addNew(89)) - a32408a4-f19d-4bad-97c5-ba33ae94fc9a: addNew group-5A78A96270F8:[a32408a4-f19d-4bad-97c5-ba33ae94fc9a:192.168.157.254:38721] returns group-5A78A96270F8:java.util.concurrent.CompletableFuture@454c7378[Not completed]
2019-10-16 21:54:53,189 [277b5c5e-8c6f-4c9a-a53f-1bbc96404e12@group-0DB353E2D887-LeaderElection1] INFO  segmented.SegmentedRaftLogWorker (SegmentedRaftLogWorker.java:startLogSegment(385)) - 277b5c5e-8c6f-4c9a-a53f-1bbc96404e12@group-0DB353E2D887-SegmentedRaftLogWorker: Starting segment from index:0
2019-10-16 21:54:53,189 [pool-37-thread-1] INFO  impl.RaftServerImpl (RaftServerImpl.java:<init>(104)) - a32408a4-f19d-4bad-97c5-ba33ae94fc9a: new RaftServerImpl for group-5A78A96270F8:[a32408a4-f19d-4bad-97c5-ba33ae94fc9a:192.168.157.254:38721] with ContainerStateMachine:uninitialized
2019-10-16 21:54:53,190 [pool-37-thread-1] INFO  server.RaftServerConfigKeys (ConfUtils.java:logGet(43)) - raft.server.rpc.timeout.min = 5s (custom)
2019-10-16 21:54:53,190 [pool-37-thread-1] INFO  server.RaftServerConfigKeys (ConfUtils.java:logGet(43)) - raft.server.rpc.timeout.max = 5200ms (custom)
2019-10-16 21:54:53,191 [pool-37-thread-1] INFO  server.RaftServerConfigKeys (ConfUtils.java:logGet(43)) - raft.server.rpcslowness.timeout = 120s (custom)
2019-10-16 21:54:53,191 [pool-37-thread-1] INFO  server.RaftServerConfigKeys (ConfUtils.java:logGet(43)) - raft.server.sleep.deviation.threshold = 300 (default)
2019-10-16 21:54:53,191 [pool-37-thread-1] INFO  server.RaftServerConfigKeys (ConfUtils.java:logGet(43)) - raft.server.log.appender.install.snapshot.enabled = false (custom)
2019-10-16 21:54:53,191 [pool-37-thread-1] INFO  impl.RaftServerImpl (ServerState.java:<init>(103)) - a32408a4-f19d-4bad-97c5-ba33ae94fc9a@group-5A78A96270F8: ConfigurationManager, init=-1: [a32408a4-f19d-4bad-97c5-ba33ae94fc9a:192.168.157.254:38721], old=null, confs=<EMPTY_MAP>
2019-10-16 21:54:53,192 [pool-37-thread-1] INFO  server.RaftServerConfigKeys (ConfUtils.java:logGet(43)) - raft.server.storage.dir = [/workdir/hadoop-ozone/ozonefs/target/test-dir/MiniOzoneClusterImpl-bd2adbcd-a8bb-4b9e-9c25-f9aa9b2c6882/datanode-1/data/ratis] (custom)
2019-10-16 21:54:53,192 [pool-37-thread-1] INFO  server.RaftServerConfigKeys (ConfUtils.java:logGet(43)) - raft.server.log.corruption.policy = EXCEPTION (default)
2019-10-16 21:54:53,192 [pool-37-thread-1] INFO  storage.RaftStorageDirectory (RaftStorageDirectory.java:analyzeStorage(246)) - The storage directory /workdir/hadoop-ozone/ozonefs/target/test-dir/MiniOzoneClusterImpl-bd2adbcd-a8bb-4b9e-9c25-f9aa9b2c6882/datanode-1/data/ratis/cedcb615-c20f-4cdc-bbd1-5a78a96270f8 does not exist. Creating ...
2019-10-16 21:54:53,199 [277b5c5e-8c6f-4c9a-a53f-1bbc96404e12@group-0DB353E2D887-LeaderElection1] INFO  impl.RaftServerImpl (ServerState.java:setRaftConf(357)) - 277b5c5e-8c6f-4c9a-a53f-1bbc96404e12@group-0DB353E2D887: set configuration 0: [277b5c5e-8c6f-4c9a-a53f-1bbc96404e12:192.168.157.254:41416], old=null at 0
2019-10-16 21:54:53,200 [pool-37-thread-1] INFO  storage.RaftStorageDirectory (RaftStorageDirectory.java:tryLock(328)) - Lock on /workdir/hadoop-ozone/ozonefs/target/test-dir/MiniOzoneClusterImpl-bd2adbcd-a8bb-4b9e-9c25-f9aa9b2c6882/datanode-1/data/ratis/cedcb615-c20f-4cdc-bbd1-5a78a96270f8/in_use.lock acquired by nodename 8100@pr-hdds-1868-qdb9g-714931517
2019-10-16 21:54:53,221 [pool-37-thread-1] INFO  storage.RaftStorage (RaftStorage.java:format(84)) - Storage directory /workdir/hadoop-ozone/ozonefs/target/test-dir/MiniOzoneClusterImpl-bd2adbcd-a8bb-4b9e-9c25-f9aa9b2c6882/datanode-1/data/ratis/cedcb615-c20f-4cdc-bbd1-5a78a96270f8 has been successfully formatted.
2019-10-16 21:54:53,223 [pool-37-thread-1] INFO  ratis.ContainerStateMachine (ContainerStateMachine.java:loadSnapshot(233)) - group-5A78A96270F8: The snapshot info is null. Setting the last applied indexto:(t:0, i:~)
2019-10-16 21:54:53,223 [pool-37-thread-1] INFO  server.RaftServerConfigKeys (ConfUtils.java:logGet(43)) - raft.server.notification.no-leader.timeout = 120s (custom)
2019-10-16 21:54:53,224 [pool-37-thread-1] INFO  server.RaftServerConfigKeys (ConfUtils.java:logGet(43)) - raft.server.log.use.memory = false (default)
2019-10-16 21:54:53,224 [pool-37-thread-1] INFO  server.RaftServerConfigKeys (ConfUtils.java:logGet(43)) - raft.server.log.purge.gap = 1000000 (custom)
2019-10-16 21:54:53,224 [pool-37-thread-1] INFO  server.RaftServerConfigKeys (ConfUtils.java:logGet(43)) - raft.server.log.appender.buffer.byte-limit = 33554432 (custom)
2019-10-16 21:54:53,224 [pool-37-thread-1] INFO  server.RaftServerConfigKeys (ConfUtils.java:logGet(43)) - raft.server.log.segment.size.max = 1048576 (custom)
2019-10-16 21:54:53,249 [pool-37-thread-1] INFO  server.RaftServerConfigKeys (ConfUtils.java:logGet(43)) - raft.server.log.segment.cache.num.max = 2 (custom)
2019-10-16 21:54:53,249 [pool-37-thread-1] INFO  segmented.SegmentedRaftLogWorker (SegmentedRaftLogWorker.java:<init>(173)) - new a32408a4-f19d-4bad-97c5-ba33ae94fc9a@group-5A78A96270F8-SegmentedRaftLogWorker for RaftStorage:Storage Directory /workdir/hadoop-ozone/ozonefs/target/test-dir/MiniOzoneClusterImpl-bd2adbcd-a8bb-4b9e-9c25-f9aa9b2c6882/datanode-1/data/ratis/cedcb615-c20f-4cdc-bbd1-5a78a96270f8
2019-10-16 21:54:53,249 [pool-37-thread-1] INFO  server.RaftServerConfigKeys (ConfUtils.java:logGet(43)) - raft.server.log.queue.byte-limit = 2147483647 (custom)
2019-10-16 21:54:53,249 [pool-37-thread-1] INFO  server.RaftServerConfigKeys (ConfUtils.java:logGet(43)) - raft.server.log.queue.element-limit = 1024 (custom)
2019-10-16 21:54:53,250 [pool-37-thread-1] INFO  server.RaftServerConfigKeys (ConfUtils.java:logGet(43)) - raft.server.log.segment.size.max = 1048576 (custom)
2019-10-16 21:54:53,250 [pool-37-thread-1] INFO  server.RaftServerConfigKeys (ConfUtils.java:logGet(43)) - raft.server.log.preallocated.size = 16384 (custom)
2019-10-16 21:54:53,250 [pool-37-thread-1] INFO  server.RaftServerConfigKeys (ConfUtils.java:logGet(43)) - raft.server.log.write.buffer.size = 33554432 (custom)
2019-10-16 21:54:53,250 [pool-37-thread-1] INFO  server.RaftServerConfigKeys (ConfUtils.java:logGet(43)) - raft.server.log.force.sync.num = 128 (default)
2019-10-16 21:54:53,250 [pool-37-thread-1] INFO  server.RaftServerConfigKeys (ConfUtils.java:logGet(43)) - raft.server.log.statemachine.data.sync = true (default)
2019-10-16 21:54:53,250 [pool-37-thread-1] INFO  server.RaftServerConfigKeys (ConfUtils.java:logGet(43)) - raft.server.log.statemachine.data.sync.timeout = 10s (default)
2019-10-16 21:54:53,250 [pool-37-thread-1] INFO  server.RaftServerConfigKeys (ConfUtils.java:logGet(43)) - raft.server.log.statemachine.data.sync.timeout.retry = -1 (default)
2019-10-16 21:54:53,251 [pool-37-thread-1] INFO  server.RaftServerConfigKeys (ConfUtils.java:logGet(43)) - raft.server.log.statemachine.data.caching.enabled = true (custom)
2019-10-16 21:54:53,251 [pool-37-thread-1] INFO  segmented.SegmentedRaftLogWorker (SegmentedRaftLogWorker.java:lambda$new$0(128)) - a32408a4-f19d-4bad-97c5-ba33ae94fc9a@group-5A78A96270F8-SegmentedRaftLogWorker: flushIndex: setUnconditionally 0 -> -1
2019-10-16 21:54:53,252 [pool-37-thread-1] INFO  server.RaftServerConfigKeys (ConfUtils.java:logGet(43)) - raft.server.snapshot.auto.trigger.enabled = true (custom)
2019-10-16 21:54:53,252 [pool-37-thread-1] INFO  server.RaftServerConfigKeys (ConfUtils.java:logGet(43)) - raft.server.snapshot.auto.trigger.threshold = 10000 (custom)
2019-10-16 21:54:53,252 [pool-37-thread-1] INFO  server.RaftServerConfigKeys (ConfUtils.java:logGet(43)) - raft.server.snapshot.retention.file.num = 5 (custom)
2019-10-16 21:54:53,252 [pool-37-thread-1] INFO  server.RaftServerConfigKeys (ConfUtils.java:logGet(43)) - raft.server.retrycache.expirytime = 600000ms (custom)
2019-10-16 21:54:53,260 [pool-37-thread-1] INFO  impl.RaftServerImpl (RaftServerImpl.java:start(195)) - a32408a4-f19d-4bad-97c5-ba33ae94fc9a@group-5A78A96270F8: start as a follower, conf=-1: [a32408a4-f19d-4bad-97c5-ba33ae94fc9a:192.168.157.254:38721], old=null
2019-10-16 21:54:53,260 [pool-37-thread-1] INFO  impl.RaftServerImpl (RaftServerImpl.java:setRole(184)) - a32408a4-f19d-4bad-97c5-ba33ae94fc9a@group-5A78A96270F8: changes role from      null to FOLLOWER at term 0 for startAsFollower
2019-10-16 21:54:53,261 [pool-37-thread-1] INFO  impl.RoleInfo (RoleInfo.java:updateAndGet(143)) - a32408a4-f19d-4bad-97c5-ba33ae94fc9a: start FollowerState
2019-10-16 21:54:53,261 [pool-37-thread-1] INFO  util.JmxRegister (JmxRegister.java:tryRegister(44)) - Successfully registered JMX Bean with object name Ratis:service=RaftServer,group=group-5A78A96270F8,id=a32408a4-f19d-4bad-97c5-ba33ae94fc9a
2019-10-16 21:54:53,276 [RatisPipelineUtilsThread] INFO  pipeline.PipelineStateManager (PipelineStateManager.java:addPipeline(57)) - Created pipeline Pipeline[ Id: cedcb615-c20f-4cdc-bbd1-5a78a96270f8, Nodes: a32408a4-f19d-4bad-97c5-ba33ae94fc9a{ip: 192.168.157.254, host: pr-hdds-1868-qdb9g-714931517, networkLocation: /default-rack, certSerialId: null}, Type:RATIS, Factor:ONE, State:ALLOCATED]
2019-10-16 21:54:53,302 [grpc-default-executor-0] INFO  impl.RaftServerProxy (RaftServerProxy.java:addNew(89)) - 6b24a2ab-97ee-4d49-85cc-2d76c2f4b8ef: addNew group-895FFB7708A4:[6b24a2ab-97ee-4d49-85cc-2d76c2f4b8ef:192.168.157.254:41080] returns group-895FFB7708A4:java.util.concurrent.CompletableFuture@21d7c84d[Not completed]
2019-10-16 21:54:53,308 [Thread-186] INFO  impl.FollowerState (FollowerState.java:run(108)) - a32408a4-f19d-4bad-97c5-ba33ae94fc9a@group-5A78A96270F8-FollowerState: change to CANDIDATE, lastRpcTime:47ms, electionTimeout:43ms
2019-10-16 21:54:53,309 [Thread-186] INFO  impl.RoleInfo (RoleInfo.java:shutdownFollowerState(121)) - a32408a4-f19d-4bad-97c5-ba33ae94fc9a: shutdown FollowerState
2019-10-16 21:54:53,309 [Thread-186] INFO  impl.RaftServerImpl (RaftServerImpl.java:setRole(184)) - a32408a4-f19d-4bad-97c5-ba33ae94fc9a@group-5A78A96270F8: changes role from  FOLLOWER to CANDIDATE at term 0 for changeToCandidate
2019-10-16 21:54:53,309 [Thread-186] INFO  impl.RoleInfo (RoleInfo.java:updateAndGet(143)) - a32408a4-f19d-4bad-97c5-ba33ae94fc9a: start LeaderElection
2019-10-16 21:54:53,309 [pool-47-thread-1] INFO  impl.RaftServerImpl (RaftServerImpl.java:<init>(104)) - 6b24a2ab-97ee-4d49-85cc-2d76c2f4b8ef: new RaftServerImpl for group-895FFB7708A4:[6b24a2ab-97ee-4d49-85cc-2d76c2f4b8ef:192.168.157.254:41080] with ContainerStateMachine:uninitialized
2019-10-16 21:54:53,310 [pool-47-thread-1] INFO  server.RaftServerConfigKeys (ConfUtils.java:logGet(43)) - raft.server.rpc.timeout.min = 5s (custom)
2019-10-16 21:54:53,311 [pool-47-thread-1] INFO  server.RaftServerConfigKeys (ConfUtils.java:logGet(43)) - raft.server.rpc.timeout.max = 5200ms (custom)
2019-10-16 21:54:53,313 [pool-47-thread-1] INFO  server.RaftServerConfigKeys (ConfUtils.java:logGet(43)) - raft.server.rpcslowness.timeout = 120s (custom)
2019-10-16 21:54:53,314 [pool-47-thread-1] INFO  server.RaftServerConfigKeys (ConfUtils.java:logGet(43)) - raft.server.sleep.deviation.threshold = 300 (default)
2019-10-16 21:54:53,315 [pool-47-thread-1] INFO  server.RaftServerConfigKeys (ConfUtils.java:logGet(43)) - raft.server.log.appender.install.snapshot.enabled = false (custom)
2019-10-16 21:54:53,315 [pool-47-thread-1] INFO  impl.RaftServerImpl (ServerState.java:<init>(103)) - 6b24a2ab-97ee-4d49-85cc-2d76c2f4b8ef@group-895FFB7708A4: ConfigurationManager, init=-1: [6b24a2ab-97ee-4d49-85cc-2d76c2f4b8ef:192.168.157.254:41080], old=null, confs=<EMPTY_MAP>
2019-10-16 21:54:53,315 [pool-47-thread-1] INFO  server.RaftServerConfigKeys (ConfUtils.java:logGet(43)) - raft.server.storage.dir = [/workdir/hadoop-ozone/ozonefs/target/test-dir/MiniOzoneClusterImpl-bd2adbcd-a8bb-4b9e-9c25-f9aa9b2c6882/datanode-2/data/ratis] (custom)
2019-10-16 21:54:53,315 [pool-47-thread-1] INFO  server.RaftServerConfigKeys (ConfUtils.java:logGet(43)) - raft.server.log.corruption.policy = EXCEPTION (default)
2019-10-16 21:54:53,315 [pool-47-thread-1] INFO  storage.RaftStorageDirectory (RaftStorageDirectory.java:analyzeStorage(246)) - The storage directory /workdir/hadoop-ozone/ozonefs/target/test-dir/MiniOzoneClusterImpl-bd2adbcd-a8bb-4b9e-9c25-f9aa9b2c6882/datanode-2/data/ratis/34eac65e-3d4c-4317-b7c9-895ffb7708a4 does not exist. Creating ...
2019-10-16 21:54:53,320 [pool-47-thread-1] INFO  storage.RaftStorageDirectory (RaftStorageDirectory.java:tryLock(328)) - Lock on /workdir/hadoop-ozone/ozonefs/target/test-dir/MiniOzoneClusterImpl-bd2adbcd-a8bb-4b9e-9c25-f9aa9b2c6882/datanode-2/data/ratis/34eac65e-3d4c-4317-b7c9-895ffb7708a4/in_use.lock acquired by nodename 8100@pr-hdds-1868-qdb9g-714931517
2019-10-16 21:54:53,320 [a32408a4-f19d-4bad-97c5-ba33ae94fc9a@group-5A78A96270F8-LeaderElection2] INFO  impl.LeaderElection (LeaderElection.java:askForVotes(178)) - a32408a4-f19d-4bad-97c5-ba33ae94fc9a@group-5A78A96270F8-LeaderElection2: begin an election at term 1 for -1: [a32408a4-f19d-4bad-97c5-ba33ae94fc9a:192.168.157.254:38721], old=null
2019-10-16 21:54:53,321 [a32408a4-f19d-4bad-97c5-ba33ae94fc9a@group-5A78A96270F8-LeaderElection2] INFO  impl.RoleInfo (RoleInfo.java:shutdownLeaderElection(134)) - a32408a4-f19d-4bad-97c5-ba33ae94fc9a: shutdown LeaderElection
2019-10-16 21:54:53,321 [a32408a4-f19d-4bad-97c5-ba33ae94fc9a@group-5A78A96270F8-LeaderElection2] INFO  impl.RaftServerImpl (RaftServerImpl.java:setRole(184)) - a32408a4-f19d-4bad-97c5-ba33ae94fc9a@group-5A78A96270F8: changes role from CANDIDATE to LEADER at term 1 for changeToLeader
2019-10-16 21:54:53,321 [a32408a4-f19d-4bad-97c5-ba33ae94fc9a@group-5A78A96270F8-LeaderElection2] INFO  ratis.XceiverServerRatis (XceiverServerRatis.java:handleLeaderChangedNotification(700)) - Leader change notification received for group: group-5A78A96270F8 with new leaderId: a32408a4-f19d-4bad-97c5-ba33ae94fc9a
2019-10-16 21:54:53,321 [a32408a4-f19d-4bad-97c5-ba33ae94fc9a@group-5A78A96270F8-LeaderElection2] INFO  impl.RaftServerImpl (ServerState.java:setLeader(256)) - a32408a4-f19d-4bad-97c5-ba33ae94fc9a@group-5A78A96270F8: change Leader from null to a32408a4-f19d-4bad-97c5-ba33ae94fc9a at term 1 for becomeLeader, leader elected after 97ms
2019-10-16 21:54:53,321 [a32408a4-f19d-4bad-97c5-ba33ae94fc9a@group-5A78A96270F8-LeaderElection2] INFO  server.RaftServerConfigKeys (ConfUtils.java:logGet(43)) - raft.server.staging.catchup.gap = 1000 (default)
2019-10-16 21:54:53,321 [a32408a4-f19d-4bad-97c5-ba33ae94fc9a@group-5A78A96270F8-LeaderElection2] INFO  server.RaftServerConfigKeys (ConfUtils.java:logGet(43)) - raft.server.rpc.sleep.time = 25ms (default)
2019-10-16 21:54:53,322 [a32408a4-f19d-4bad-97c5-ba33ae94fc9a@group-5A78A96270F8-LeaderElection2] INFO  server.RaftServerConfigKeys (ConfUtils.java:logGet(43)) - raft.server.write.element-limit = 4096 (default)
2019-10-16 21:54:53,322 [a32408a4-f19d-4bad-97c5-ba33ae94fc9a@group-5A78A96270F8-LeaderElection2] INFO  server.RaftServerConfigKeys (ConfUtils.java:logGet(43)) - raft.server.watch.timeout = 10s (default)
2019-10-16 21:54:53,323 [a32408a4-f19d-4bad-97c5-ba33ae94fc9a@group-5A78A96270F8-LeaderElection2] INFO  server.RaftServerConfigKeys (ConfUtils.java:logGet(43)) - raft.server.watch.timeout.denomination = 1s (default)
2019-10-16 21:54:53,323 [a32408a4-f19d-4bad-97c5-ba33ae94fc9a@group-5A78A96270F8-LeaderElection2] INFO  server.RaftServerConfigKeys (ConfUtils.java:logGet(43)) - raft.server.watch.element-limit = 65536 (default)
2019-10-16 21:54:53,327 [a32408a4-f19d-4bad-97c5-ba33ae94fc9a@group-5A78A96270F8-LeaderElection2] INFO  impl.RoleInfo (RoleInfo.java:updateAndGet(143)) - a32408a4-f19d-4bad-97c5-ba33ae94fc9a: start LeaderState
2019-10-16 21:54:53,328 [a32408a4-f19d-4bad-97c5-ba33ae94fc9a@group-5A78A96270F8-LeaderElection2] INFO  segmented.SegmentedRaftLogWorker (SegmentedRaftLogWorker.java:startLogSegment(385)) - a32408a4-f19d-4bad-97c5-ba33ae94fc9a@group-5A78A96270F8-SegmentedRaftLogWorker: Starting segment from index:0
2019-10-16 21:54:53,328 [a32408a4-f19d-4bad-97c5-ba33ae94fc9a@group-5A78A96270F8-LeaderElection2] INFO  impl.RaftServerImpl (ServerState.java:setRaftConf(357)) - a32408a4-f19d-4bad-97c5-ba33ae94fc9a@group-5A78A96270F8: set configuration 0: [a32408a4-f19d-4bad-97c5-ba33ae94fc9a:192.168.157.254:38721], old=null at 0
2019-10-16 21:54:53,334 [pool-47-thread-1] INFO  storage.RaftStorage (RaftStorage.java:format(84)) - Storage directory /workdir/hadoop-ozone/ozonefs/target/test-dir/MiniOzoneClusterImpl-bd2adbcd-a8bb-4b9e-9c25-f9aa9b2c6882/datanode-2/data/ratis/34eac65e-3d4c-4317-b7c9-895ffb7708a4 has been successfully formatted.
2019-10-16 21:54:53,334 [pool-47-thread-1] INFO  ratis.ContainerStateMachine (ContainerStateMachine.java:loadSnapshot(233)) - group-895FFB7708A4: The snapshot info is null. Setting the last applied indexto:(t:0, i:~)
2019-10-16 21:54:53,334 [pool-47-thread-1] INFO  server.RaftServerConfigKeys (ConfUtils.java:logGet(43)) - raft.server.notification.no-leader.timeout = 120s (custom)
2019-10-16 21:54:53,335 [pool-47-thread-1] INFO  server.RaftServerConfigKeys (ConfUtils.java:logGet(43)) - raft.server.log.use.memory = false (default)
2019-10-16 21:54:53,335 [pool-47-thread-1] INFO  server.RaftServerConfigKeys (ConfUtils.java:logGet(43)) - raft.server.log.purge.gap = 1000000 (custom)
2019-10-16 21:54:53,335 [pool-47-thread-1] INFO  server.RaftServerConfigKeys (ConfUtils.java:logGet(43)) - raft.server.log.appender.buffer.byte-limit = 33554432 (custom)
2019-10-16 21:54:53,335 [pool-47-thread-1] INFO  server.RaftServerConfigKeys (ConfUtils.java:logGet(43)) - raft.server.log.segment.size.max = 1048576 (custom)
2019-10-16 21:54:53,338 [pool-47-thread-1] INFO  server.RaftServerConfigKeys (ConfUtils.java:logGet(43)) - raft.server.log.segment.cache.num.max = 2 (custom)
2019-10-16 21:54:53,339 [pool-47-thread-1] INFO  segmented.SegmentedRaftLogWorker (SegmentedRaftLogWorker.java:<init>(173)) - new 6b24a2ab-97ee-4d49-85cc-2d76c2f4b8ef@group-895FFB7708A4-SegmentedRaftLogWorker for RaftStorage:Storage Directory /workdir/hadoop-ozone/ozonefs/target/test-dir/MiniOzoneClusterImpl-bd2adbcd-a8bb-4b9e-9c25-f9aa9b2c6882/datanode-2/data/ratis/34eac65e-3d4c-4317-b7c9-895ffb7708a4
2019-10-16 21:54:53,339 [pool-47-thread-1] INFO  server.RaftServerConfigKeys (ConfUtils.java:logGet(43)) - raft.server.log.queue.byte-limit = 2147483647 (custom)
2019-10-16 21:54:53,339 [pool-47-thread-1] INFO  server.RaftServerConfigKeys (ConfUtils.java:logGet(43)) - raft.server.log.queue.element-limit = 1024 (custom)
2019-10-16 21:54:53,339 [pool-47-thread-1] INFO  server.RaftServerConfigKeys (ConfUtils.java:logGet(43)) - raft.server.log.segment.size.max = 1048576 (custom)
2019-10-16 21:54:53,339 [pool-47-thread-1] INFO  server.RaftServerConfigKeys (ConfUtils.java:logGet(43)) - raft.server.log.preallocated.size = 16384 (custom)
2019-10-16 21:54:53,339 [pool-47-thread-1] INFO  server.RaftServerConfigKeys (ConfUtils.java:logGet(43)) - raft.server.log.write.buffer.size = 33554432 (custom)
2019-10-16 21:54:53,339 [pool-47-thread-1] INFO  server.RaftServerConfigKeys (ConfUtils.java:logGet(43)) - raft.server.log.force.sync.num = 128 (default)
2019-10-16 21:54:53,340 [pool-47-thread-1] INFO  server.RaftServerConfigKeys (ConfUtils.java:logGet(43)) - raft.server.log.statemachine.data.sync = true (default)
2019-10-16 21:54:53,340 [pool-47-thread-1] INFO  server.RaftServerConfigKeys (ConfUtils.java:logGet(43)) - raft.server.log.statemachine.data.sync.timeout = 10s (default)
2019-10-16 21:54:53,340 [pool-47-thread-1] INFO  server.RaftServerConfigKeys (ConfUtils.java:logGet(43)) - raft.server.log.statemachine.data.sync.timeout.retry = -1 (default)
2019-10-16 21:54:53,341 [pool-47-thread-1] INFO  server.RaftServerConfigKeys (ConfUtils.java:logGet(43)) - raft.server.log.statemachine.data.caching.enabled = true (custom)
2019-10-16 21:54:53,341 [pool-47-thread-1] INFO  segmented.SegmentedRaftLogWorker (SegmentedRaftLogWorker.java:lambda$new$0(128)) - 6b24a2ab-97ee-4d49-85cc-2d76c2f4b8ef@group-895FFB7708A4-SegmentedRaftLogWorker: flushIndex: setUnconditionally 0 -> -1
2019-10-16 21:54:53,341 [pool-47-thread-1] INFO  server.RaftServerConfigKeys (ConfUtils.java:logGet(43)) - raft.server.snapshot.auto.trigger.enabled = true (custom)
2019-10-16 21:54:53,342 [pool-47-thread-1] INFO  server.RaftServerConfigKeys (ConfUtils.java:logGet(43)) - raft.server.snapshot.auto.trigger.threshold = 10000 (custom)
2019-10-16 21:54:53,342 [pool-47-thread-1] INFO  server.RaftServerConfigKeys (ConfUtils.java:logGet(43)) - raft.server.snapshot.retention.file.num = 5 (custom)
2019-10-16 21:54:53,342 [pool-47-thread-1] INFO  server.RaftServerConfigKeys (ConfUtils.java:logGet(43)) - raft.server.retrycache.expirytime = 600000ms (custom)
2019-10-16 21:54:53,348 [pool-47-thread-1] INFO  impl.RaftServerImpl (RaftServerImpl.java:start(195)) - 6b24a2ab-97ee-4d49-85cc-2d76c2f4b8ef@group-895FFB7708A4: start as a follower, conf=-1: [6b24a2ab-97ee-4d49-85cc-2d76c2f4b8ef:192.168.157.254:41080], old=null
2019-10-16 21:54:53,348 [pool-47-thread-1] INFO  impl.RaftServerImpl (RaftServerImpl.java:setRole(184)) - 6b24a2ab-97ee-4d49-85cc-2d76c2f4b8ef@group-895FFB7708A4: changes role from      null to FOLLOWER at term 0 for startAsFollower
2019-10-16 21:54:53,349 [pool-47-thread-1] INFO  impl.RoleInfo (RoleInfo.java:updateAndGet(143)) - 6b24a2ab-97ee-4d49-85cc-2d76c2f4b8ef: start FollowerState
2019-10-16 21:54:53,349 [pool-47-thread-1] INFO  util.JmxRegister (JmxRegister.java:tryRegister(44)) - Successfully registered JMX Bean with object name Ratis:service=RaftServer,group=group-895FFB7708A4,id=6b24a2ab-97ee-4d49-85cc-2d76c2f4b8ef
2019-10-16 21:54:53,360 [RatisPipelineUtilsThread] INFO  pipeline.PipelineStateManager (PipelineStateManager.java:addPipeline(57)) - Created pipeline Pipeline[ Id: 34eac65e-3d4c-4317-b7c9-895ffb7708a4, Nodes: 6b24a2ab-97ee-4d49-85cc-2d76c2f4b8ef{ip: 192.168.157.254, host: pr-hdds-1868-qdb9g-714931517, networkLocation: /default-rack, certSerialId: null}, Type:RATIS, Factor:ONE, State:ALLOCATED]
2019-10-16 21:54:53,385 [grpc-default-executor-2] INFO  impl.RaftServerProxy (RaftServerProxy.java:addNew(89)) - a32408a4-f19d-4bad-97c5-ba33ae94fc9a: addNew group-A879564E9E05:[a32408a4-f19d-4bad-97c5-ba33ae94fc9a:192.168.157.254:38721, 6b24a2ab-97ee-4d49-85cc-2d76c2f4b8ef:192.168.157.254:41080, 277b5c5e-8c6f-4c9a-a53f-1bbc96404e12:192.168.157.254:41416] returns group-A879564E9E05:java.util.concurrent.CompletableFuture@3b6f00b6[Not completed]
2019-10-16 21:54:53,389 [grpc-default-executor-2] INFO  impl.RaftServerProxy (RaftServerProxy.java:addNew(89)) - 277b5c5e-8c6f-4c9a-a53f-1bbc96404e12: addNew group-A879564E9E05:[a32408a4-f19d-4bad-97c5-ba33ae94fc9a:192.168.157.254:38721, 6b24a2ab-97ee-4d49-85cc-2d76c2f4b8ef:192.168.157.254:41080, 277b5c5e-8c6f-4c9a-a53f-1bbc96404e12:192.168.157.254:41416] returns group-A879564E9E05:java.util.concurrent.CompletableFuture@7a520a8d[Not completed]
2019-10-16 21:54:53,389 [grpc-default-executor-1] INFO  impl.RaftServerProxy (RaftServerProxy.java:addNew(89)) - 6b24a2ab-97ee-4d49-85cc-2d76c2f4b8ef: addNew group-A879564E9E05:[a32408a4-f19d-4bad-97c5-ba33ae94fc9a:192.168.157.254:38721, 6b24a2ab-97ee-4d49-85cc-2d76c2f4b8ef:192.168.157.254:41080, 277b5c5e-8c6f-4c9a-a53f-1bbc96404e12:192.168.157.254:41416] returns group-A879564E9E05:java.util.concurrent.CompletableFuture@2ce05d63[Not completed]
2019-10-16 21:54:53,390 [pool-37-thread-1] INFO  impl.RaftServerImpl (RaftServerImpl.java:<init>(104)) - a32408a4-f19d-4bad-97c5-ba33ae94fc9a: new RaftServerImpl for group-A879564E9E05:[a32408a4-f19d-4bad-97c5-ba33ae94fc9a:192.168.157.254:38721, 6b24a2ab-97ee-4d49-85cc-2d76c2f4b8ef:192.168.157.254:41080, 277b5c5e-8c6f-4c9a-a53f-1bbc96404e12:192.168.157.254:41416] with ContainerStateMachine:uninitialized
2019-10-16 21:54:53,390 [pool-37-thread-1] INFO  server.RaftServerConfigKeys (ConfUtils.java:logGet(43)) - raft.server.rpc.timeout.min = 5s (custom)
2019-10-16 21:54:53,390 [pool-37-thread-1] INFO  server.RaftServerConfigKeys (ConfUtils.java:logGet(43)) - raft.server.rpc.timeout.max = 5200ms (custom)
2019-10-16 21:54:53,390 [pool-37-thread-1] INFO  server.RaftServerConfigKeys (ConfUtils.java:logGet(43)) - raft.server.rpcslowness.timeout = 120s (custom)
2019-10-16 21:54:53,390 [pool-37-thread-1] INFO  server.RaftServerConfigKeys (ConfUtils.java:logGet(43)) - raft.server.sleep.deviation.threshold = 300 (default)
2019-10-16 21:54:53,391 [pool-37-thread-1] INFO  server.RaftServerConfigKeys (ConfUtils.java:logGet(43)) - raft.server.log.appender.install.snapshot.enabled = false (custom)
2019-10-16 21:54:53,391 [pool-47-thread-1] INFO  impl.RaftServerImpl (RaftServerImpl.java:<init>(104)) - 6b24a2ab-97ee-4d49-85cc-2d76c2f4b8ef: new RaftServerImpl for group-A879564E9E05:[a32408a4-f19d-4bad-97c5-ba33ae94fc9a:192.168.157.254:38721, 6b24a2ab-97ee-4d49-85cc-2d76c2f4b8ef:192.168.157.254:41080, 277b5c5e-8c6f-4c9a-a53f-1bbc96404e12:192.168.157.254:41416] with ContainerStateMachine:uninitialized
2019-10-16 21:54:53,391 [pool-37-thread-1] INFO  impl.RaftServerImpl (ServerState.java:<init>(103)) - a32408a4-f19d-4bad-97c5-ba33ae94fc9a@group-A879564E9E05: ConfigurationManager, init=-1: [a32408a4-f19d-4bad-97c5-ba33ae94fc9a:192.168.157.254:38721, 6b24a2ab-97ee-4d49-85cc-2d76c2f4b8ef:192.168.157.254:41080, 277b5c5e-8c6f-4c9a-a53f-1bbc96404e12:192.168.157.254:41416], old=null, confs=<EMPTY_MAP>
2019-10-16 21:54:53,391 [pool-47-thread-1] INFO  server.RaftServerConfigKeys (ConfUtils.java:logGet(43)) - raft.server.rpc.timeout.min = 5s (custom)
2019-10-16 21:54:53,391 [pool-37-thread-1] INFO  server.RaftServerConfigKeys (ConfUtils.java:logGet(43)) - raft.server.storage.dir = [/workdir/hadoop-ozone/ozonefs/target/test-dir/MiniOzoneClusterImpl-bd2adbcd-a8bb-4b9e-9c25-f9aa9b2c6882/datanode-1/data/ratis] (custom)
2019-10-16 21:54:53,391 [pool-47-thread-1] INFO  server.RaftServerConfigKeys (ConfUtils.java:logGet(43)) - raft.server.rpc.timeout.max = 5200ms (custom)
2019-10-16 21:54:53,391 [pool-47-thread-1] INFO  server.RaftServerConfigKeys (ConfUtils.java:logGet(43)) - raft.server.rpcslowness.timeout = 120s (custom)
2019-10-16 21:54:53,392 [pool-47-thread-1] INFO  server.RaftServerConfigKeys (ConfUtils.java:logGet(43)) - raft.server.sleep.deviation.threshold = 300 (default)
2019-10-16 21:54:53,392 [pool-37-thread-1] INFO  server.RaftServerConfigKeys (ConfUtils.java:logGet(43)) - raft.server.log.corruption.policy = EXCEPTION (default)
2019-10-16 21:54:53,392 [pool-47-thread-1] INFO  server.RaftServerConfigKeys (ConfUtils.java:logGet(43)) - raft.server.log.appender.install.snapshot.enabled = false (custom)
2019-10-16 21:54:53,392 [pool-27-thread-1] INFO  impl.RaftServerImpl (RaftServerImpl.java:<init>(104)) - 277b5c5e-8c6f-4c9a-a53f-1bbc96404e12: new RaftServerImpl for group-A879564E9E05:[a32408a4-f19d-4bad-97c5-ba33ae94fc9a:192.168.157.254:38721, 6b24a2ab-97ee-4d49-85cc-2d76c2f4b8ef:192.168.157.254:41080, 277b5c5e-8c6f-4c9a-a53f-1bbc96404e12:192.168.157.254:41416] with ContainerStateMachine:uninitialized
2019-10-16 21:54:53,392 [pool-47-thread-1] INFO  impl.RaftServerImpl (ServerState.java:<init>(103)) - 6b24a2ab-97ee-4d49-85cc-2d76c2f4b8ef@group-A879564E9E05: ConfigurationManager, init=-1: [a32408a4-f19d-4bad-97c5-ba33ae94fc9a:192.168.157.254:38721, 6b24a2ab-97ee-4d49-85cc-2d76c2f4b8ef:192.168.157.254:41080, 277b5c5e-8c6f-4c9a-a53f-1bbc96404e12:192.168.157.254:41416], old=null, confs=<EMPTY_MAP>
2019-10-16 21:54:53,392 [pool-37-thread-1] INFO  storage.RaftStorageDirectory (RaftStorageDirectory.java:analyzeStorage(246)) - The storage directory /workdir/hadoop-ozone/ozonefs/target/test-dir/MiniOzoneClusterImpl-bd2adbcd-a8bb-4b9e-9c25-f9aa9b2c6882/datanode-1/data/ratis/a62af803-4bfc-4f48-a6e7-a879564e9e05 does not exist. Creating ...
2019-10-16 21:54:53,392 [pool-47-thread-1] INFO  server.RaftServerConfigKeys (ConfUtils.java:logGet(43)) - raft.server.storage.dir = [/workdir/hadoop-ozone/ozonefs/target/test-dir/MiniOzoneClusterImpl-bd2adbcd-a8bb-4b9e-9c25-f9aa9b2c6882/datanode-2/data/ratis] (custom)
2019-10-16 21:54:53,392 [pool-27-thread-1] INFO  server.RaftServerConfigKeys (ConfUtils.java:logGet(43)) - raft.server.rpc.timeout.min = 5s (custom)
2019-10-16 21:54:53,393 [pool-47-thread-1] INFO  server.RaftServerConfigKeys (ConfUtils.java:logGet(43)) - raft.server.log.corruption.policy = EXCEPTION (default)
2019-10-16 21:54:53,393 [pool-27-thread-1] INFO  server.RaftServerConfigKeys (ConfUtils.java:logGet(43)) - raft.server.rpc.timeout.max = 5200ms (custom)
2019-10-16 21:54:53,393 [pool-47-thread-1] INFO  storage.RaftStorageDirectory (RaftStorageDirectory.java:analyzeStorage(246)) - The storage directory /workdir/hadoop-ozone/ozonefs/target/test-dir/MiniOzoneClusterImpl-bd2adbcd-a8bb-4b9e-9c25-f9aa9b2c6882/datanode-2/data/ratis/a62af803-4bfc-4f48-a6e7-a879564e9e05 does not exist. Creating ...
2019-10-16 21:54:53,393 [pool-27-thread-1] INFO  server.RaftServerConfigKeys (ConfUtils.java:logGet(43)) - raft.server.rpcslowness.timeout = 120s (custom)
2019-10-16 21:54:53,393 [pool-27-thread-1] INFO  server.RaftServerConfigKeys (ConfUtils.java:logGet(43)) - raft.server.sleep.deviation.threshold = 300 (default)
2019-10-16 21:54:53,393 [pool-27-thread-1] INFO  server.RaftServerConfigKeys (ConfUtils.java:logGet(43)) - raft.server.log.appender.install.snapshot.enabled = false (custom)
2019-10-16 21:54:53,393 [pool-27-thread-1] INFO  impl.RaftServerImpl (ServerState.java:<init>(103)) - 277b5c5e-8c6f-4c9a-a53f-1bbc96404e12@group-A879564E9E05: ConfigurationManager, init=-1: [a32408a4-f19d-4bad-97c5-ba33ae94fc9a:192.168.157.254:38721, 6b24a2ab-97ee-4d49-85cc-2d76c2f4b8ef:192.168.157.254:41080, 277b5c5e-8c6f-4c9a-a53f-1bbc96404e12:192.168.157.254:41416], old=null, confs=<EMPTY_MAP>
2019-10-16 21:54:53,394 [pool-27-thread-1] INFO  server.RaftServerConfigKeys (ConfUtils.java:logGet(43)) - raft.server.storage.dir = [/workdir/hadoop-ozone/ozonefs/target/test-dir/MiniOzoneClusterImpl-bd2adbcd-a8bb-4b9e-9c25-f9aa9b2c6882/datanode-0/data/ratis] (custom)
2019-10-16 21:54:53,395 [pool-27-thread-1] INFO  server.RaftServerConfigKeys (ConfUtils.java:logGet(43)) - raft.server.log.corruption.policy = EXCEPTION (default)
2019-10-16 21:54:53,396 [pool-27-thread-1] INFO  storage.RaftStorageDirectory (RaftStorageDirectory.java:analyzeStorage(246)) - The storage directory /workdir/hadoop-ozone/ozonefs/target/test-dir/MiniOzoneClusterImpl-bd2adbcd-a8bb-4b9e-9c25-f9aa9b2c6882/datanode-0/data/ratis/a62af803-4bfc-4f48-a6e7-a879564e9e05 does not exist. Creating ...
2019-10-16 21:54:53,398 [pool-47-thread-1] INFO  storage.RaftStorageDirectory (RaftStorageDirectory.java:tryLock(328)) - Lock on /workdir/hadoop-ozone/ozonefs/target/test-dir/MiniOzoneClusterImpl-bd2adbcd-a8bb-4b9e-9c25-f9aa9b2c6882/datanode-2/data/ratis/a62af803-4bfc-4f48-a6e7-a879564e9e05/in_use.lock acquired by nodename 8100@pr-hdds-1868-qdb9g-714931517
2019-10-16 21:54:53,398 [pool-37-thread-1] INFO  storage.RaftStorageDirectory (RaftStorageDirectory.java:tryLock(328)) - Lock on /workdir/hadoop-ozone/ozonefs/target/test-dir/MiniOzoneClusterImpl-bd2adbcd-a8bb-4b9e-9c25-f9aa9b2c6882/datanode-1/data/ratis/a62af803-4bfc-4f48-a6e7-a879564e9e05/in_use.lock acquired by nodename 8100@pr-hdds-1868-qdb9g-714931517
2019-10-16 21:54:53,401 [Thread-191] INFO  impl.FollowerState (FollowerState.java:run(108)) - 6b24a2ab-97ee-4d49-85cc-2d76c2f4b8ef@group-895FFB7708A4-FollowerState: change to CANDIDATE, lastRpcTime:52ms, electionTimeout:52ms
2019-10-16 21:54:53,401 [Thread-191] INFO  impl.RoleInfo (RoleInfo.java:shutdownFollowerState(121)) - 6b24a2ab-97ee-4d49-85cc-2d76c2f4b8ef: shutdown FollowerState
2019-10-16 21:54:53,402 [Thread-191] INFO  impl.RaftServerImpl (RaftServerImpl.java:setRole(184)) - 6b24a2ab-97ee-4d49-85cc-2d76c2f4b8ef@group-895FFB7708A4: changes role from  FOLLOWER to CANDIDATE at term 0 for changeToCandidate
2019-10-16 21:54:53,402 [Thread-191] INFO  impl.RoleInfo (RoleInfo.java:updateAndGet(143)) - 6b24a2ab-97ee-4d49-85cc-2d76c2f4b8ef: start LeaderElection
2019-10-16 21:54:53,411 [pool-27-thread-1] INFO  storage.RaftStorageDirectory (RaftStorageDirectory.java:tryLock(328)) - Lock on /workdir/hadoop-ozone/ozonefs/target/test-dir/MiniOzoneClusterImpl-bd2adbcd-a8bb-4b9e-9c25-f9aa9b2c6882/datanode-0/data/ratis/a62af803-4bfc-4f48-a6e7-a879564e9e05/in_use.lock acquired by nodename 8100@pr-hdds-1868-qdb9g-714931517
2019-10-16 21:54:53,411 [pool-37-thread-1] INFO  storage.RaftStorage (RaftStorage.java:format(84)) - Storage directory /workdir/hadoop-ozone/ozonefs/target/test-dir/MiniOzoneClusterImpl-bd2adbcd-a8bb-4b9e-9c25-f9aa9b2c6882/datanode-1/data/ratis/a62af803-4bfc-4f48-a6e7-a879564e9e05 has been successfully formatted.
2019-10-16 21:54:53,411 [6b24a2ab-97ee-4d49-85cc-2d76c2f4b8ef@group-895FFB7708A4-LeaderElection3] INFO  impl.LeaderElection (LeaderElection.java:askForVotes(178)) - 6b24a2ab-97ee-4d49-85cc-2d76c2f4b8ef@group-895FFB7708A4-LeaderElection3: begin an election at term 1 for -1: [6b24a2ab-97ee-4d49-85cc-2d76c2f4b8ef:192.168.157.254:41080], old=null
2019-10-16 21:54:53,411 [pool-47-thread-1] INFO  storage.RaftStorage (RaftStorage.java:format(84)) - Storage directory /workdir/hadoop-ozone/ozonefs/target/test-dir/MiniOzoneClusterImpl-bd2adbcd-a8bb-4b9e-9c25-f9aa9b2c6882/datanode-2/data/ratis/a62af803-4bfc-4f48-a6e7-a879564e9e05 has been successfully formatted.
2019-10-16 21:54:53,412 [pool-37-thread-1] INFO  ratis.ContainerStateMachine (ContainerStateMachine.java:loadSnapshot(233)) - group-A879564E9E05: The snapshot info is null. Setting the last applied indexto:(t:0, i:~)
2019-10-16 21:54:53,412 [6b24a2ab-97ee-4d49-85cc-2d76c2f4b8ef@group-895FFB7708A4-LeaderElection3] INFO  impl.RoleInfo (RoleInfo.java:shutdownLeaderElection(134)) - 6b24a2ab-97ee-4d49-85cc-2d76c2f4b8ef: shutdown LeaderElection
2019-10-16 21:54:53,412 [pool-47-thread-1] INFO  ratis.ContainerStateMachine (ContainerStateMachine.java:loadSnapshot(233)) - group-A879564E9E05: The snapshot info is null. Setting the last applied indexto:(t:0, i:~)
2019-10-16 21:54:53,412 [pool-37-thread-1] INFO  server.RaftServerConfigKeys (ConfUtils.java:logGet(43)) - raft.server.notification.no-leader.timeout = 120s (custom)
2019-10-16 21:54:53,412 [pool-47-thread-1] INFO  server.RaftServerConfigKeys (ConfUtils.java:logGet(43)) - raft.server.notification.no-leader.timeout = 120s (custom)
2019-10-16 21:54:53,412 [6b24a2ab-97ee-4d49-85cc-2d76c2f4b8ef@group-895FFB7708A4-LeaderElection3] INFO  impl.RaftServerImpl (RaftServerImpl.java:setRole(184)) - 6b24a2ab-97ee-4d49-85cc-2d76c2f4b8ef@group-895FFB7708A4: changes role from CANDIDATE to LEADER at term 1 for changeToLeader
2019-10-16 21:54:53,412 [pool-47-thread-1] INFO  server.RaftServerConfigKeys (ConfUtils.java:logGet(43)) - raft.server.log.use.memory = false (default)
2019-10-16 21:54:53,412 [pool-37-thread-1] INFO  server.RaftServerConfigKeys (ConfUtils.java:logGet(43)) - raft.server.log.use.memory = false (default)
2019-10-16 21:54:53,413 [pool-47-thread-1] INFO  server.RaftServerConfigKeys (ConfUtils.java:logGet(43)) - raft.server.log.purge.gap = 1000000 (custom)
2019-10-16 21:54:53,413 [6b24a2ab-97ee-4d49-85cc-2d76c2f4b8ef@group-895FFB7708A4-LeaderElection3] INFO  ratis.XceiverServerRatis (XceiverServerRatis.java:handleLeaderChangedNotification(700)) - Leader change notification received for group: group-895FFB7708A4 with new leaderId: 6b24a2ab-97ee-4d49-85cc-2d76c2f4b8ef
2019-10-16 21:54:53,413 [pool-47-thread-1] INFO  server.RaftServerConfigKeys (ConfUtils.java:logGet(43)) - raft.server.log.appender.buffer.byte-limit = 33554432 (custom)
2019-10-16 21:54:53,413 [pool-37-thread-1] INFO  server.RaftServerConfigKeys (ConfUtils.java:logGet(43)) - raft.server.log.purge.gap = 1000000 (custom)
2019-10-16 21:54:53,413 [pool-47-thread-1] INFO  server.RaftServerConfigKeys (ConfUtils.java:logGet(43)) - raft.server.log.segment.size.max = 1048576 (custom)
2019-10-16 21:54:53,413 [6b24a2ab-97ee-4d49-85cc-2d76c2f4b8ef@group-895FFB7708A4-LeaderElection3] INFO  impl.RaftServerImpl (ServerState.java:setLeader(256)) - 6b24a2ab-97ee-4d49-85cc-2d76c2f4b8ef@group-895FFB7708A4: change Leader from null to 6b24a2ab-97ee-4d49-85cc-2d76c2f4b8ef at term 1 for becomeLeader, leader elected after 78ms
2019-10-16 21:54:53,413 [pool-47-thread-1] INFO  server.RaftServerConfigKeys (ConfUtils.java:logGet(43)) - raft.server.log.segment.cache.num.max = 2 (custom)
2019-10-16 21:54:53,413 [pool-37-thread-1] INFO  server.RaftServerConfigKeys (ConfUtils.java:logGet(43)) - raft.server.log.appender.buffer.byte-limit = 33554432 (custom)
2019-10-16 21:54:53,441 [pool-47-thread-1] INFO  segmented.SegmentedRaftLogWorker (SegmentedRaftLogWorker.java:<init>(173)) - new 6b24a2ab-97ee-4d49-85cc-2d76c2f4b8ef@group-A879564E9E05-SegmentedRaftLogWorker for RaftStorage:Storage Directory /workdir/hadoop-ozone/ozonefs/target/test-dir/MiniOzoneClusterImpl-bd2adbcd-a8bb-4b9e-9c25-f9aa9b2c6882/datanode-2/data/ratis/a62af803-4bfc-4f48-a6e7-a879564e9e05
2019-10-16 21:54:53,442 [pool-37-thread-1] INFO  server.RaftServerConfigKeys (ConfUtils.java:logGet(43)) - raft.server.log.segment.size.max = 1048576 (custom)
2019-10-16 21:54:53,441 [6b24a2ab-97ee-4d49-85cc-2d76c2f4b8ef@group-895FFB7708A4-LeaderElection3] INFO  server.RaftServerConfigKeys (ConfUtils.java:logGet(43)) - raft.server.staging.catchup.gap = 1000 (default)
2019-10-16 21:54:53,440 [pool-27-thread-1] INFO  storage.RaftStorage (RaftStorage.java:format(84)) - Storage directory /workdir/hadoop-ozone/ozonefs/target/test-dir/MiniOzoneClusterImpl-bd2adbcd-a8bb-4b9e-9c25-f9aa9b2c6882/datanode-0/data/ratis/a62af803-4bfc-4f48-a6e7-a879564e9e05 has been successfully formatted.
2019-10-16 21:54:53,442 [6b24a2ab-97ee-4d49-85cc-2d76c2f4b8ef@group-895FFB7708A4-LeaderElection3] INFO  server.RaftServerConfigKeys (ConfUtils.java:logGet(43)) - raft.server.rpc.sleep.time = 25ms (default)
2019-10-16 21:54:53,442 [pool-27-thread-1] INFO  ratis.ContainerStateMachine (ContainerStateMachine.java:loadSnapshot(233)) - group-A879564E9E05: The snapshot info is null. Setting the last applied indexto:(t:0, i:~)
2019-10-16 21:54:53,442 [pool-37-thread-1] INFO  server.RaftServerConfigKeys (ConfUtils.java:logGet(43)) - raft.server.log.segment.cache.num.max = 2 (custom)
2019-10-16 21:54:53,442 [pool-47-thread-1] INFO  server.RaftServerConfigKeys (ConfUtils.java:logGet(43)) - raft.server.log.queue.byte-limit = 2147483647 (custom)
2019-10-16 21:54:53,442 [pool-37-thread-1] INFO  segmented.SegmentedRaftLogWorker (SegmentedRaftLogWorker.java:<init>(173)) - new a32408a4-f19d-4bad-97c5-ba33ae94fc9a@group-A879564E9E05-SegmentedRaftLogWorker for RaftStorage:Storage Directory /workdir/hadoop-ozone/ozonefs/target/test-dir/MiniOzoneClusterImpl-bd2adbcd-a8bb-4b9e-9c25-f9aa9b2c6882/datanode-1/data/ratis/a62af803-4bfc-4f48-a6e7-a879564e9e05
2019-10-16 21:54:53,442 [6b24a2ab-97ee-4d49-85cc-2d76c2f4b8ef@group-895FFB7708A4-LeaderElection3] INFO  server.RaftServerConfigKeys (ConfUtils.java:logGet(43)) - raft.server.write.element-limit = 4096 (default)
2019-10-16 21:54:53,442 [pool-27-thread-1] INFO  server.RaftServerConfigKeys (ConfUtils.java:logGet(43)) - raft.server.notification.no-leader.timeout = 120s (custom)
2019-10-16 21:54:53,443 [6b24a2ab-97ee-4d49-85cc-2d76c2f4b8ef@group-895FFB7708A4-LeaderElection3] INFO  server.RaftServerConfigKeys (ConfUtils.java:logGet(43)) - raft.server.watch.timeout = 10s (default)
2019-10-16 21:54:53,443 [pool-37-thread-1] INFO  server.RaftServerConfigKeys (ConfUtils.java:logGet(43)) - raft.server.log.queue.byte-limit = 2147483647 (custom)
2019-10-16 21:54:53,443 [pool-47-thread-1] INFO  server.RaftServerConfigKeys (ConfUtils.java:logGet(43)) - raft.server.log.queue.element-limit = 1024 (custom)
2019-10-16 21:54:53,443 [pool-37-thread-1] INFO  server.RaftServerConfigKeys (ConfUtils.java:logGet(43)) - raft.server.log.queue.element-limit = 1024 (custom)
2019-10-16 21:54:53,443 [6b24a2ab-97ee-4d49-85cc-2d76c2f4b8ef@group-895FFB7708A4-LeaderElection3] INFO  server.RaftServerConfigKeys (ConfUtils.java:logGet(43)) - raft.server.watch.timeout.denomination = 1s (default)
2019-10-16 21:54:53,443 [pool-27-thread-1] INFO  server.RaftServerConfigKeys (ConfUtils.java:logGet(43)) - raft.server.log.use.memory = false (default)
2019-10-16 21:54:53,444 [6b24a2ab-97ee-4d49-85cc-2d76c2f4b8ef@group-895FFB7708A4-LeaderElection3] INFO  server.RaftServerConfigKeys (ConfUtils.java:logGet(43)) - raft.server.watch.element-limit = 65536 (default)
2019-10-16 21:54:53,444 [pool-37-thread-1] INFO  server.RaftServerConfigKeys (ConfUtils.java:logGet(43)) - raft.server.log.segment.size.max = 1048576 (custom)
2019-10-16 21:54:53,444 [pool-47-thread-1] INFO  server.RaftServerConfigKeys (ConfUtils.java:logGet(43)) - raft.server.log.segment.size.max = 1048576 (custom)
2019-10-16 21:54:53,444 [pool-37-thread-1] INFO  server.RaftServerConfigKeys (ConfUtils.java:logGet(43)) - raft.server.log.preallocated.size = 16384 (custom)
2019-10-16 21:54:53,444 [pool-27-thread-1] INFO  server.RaftServerConfigKeys (ConfUtils.java:logGet(43)) - raft.server.log.purge.gap = 1000000 (custom)
2019-10-16 21:54:53,445 [pool-37-thread-1] INFO  server.RaftServerConfigKeys (ConfUtils.java:logGet(43)) - raft.server.log.write.buffer.size = 33554432 (custom)
2019-10-16 21:54:53,444 [pool-47-thread-1] INFO  server.RaftServerConfigKeys (ConfUtils.java:logGet(43)) - raft.server.log.preallocated.size = 16384 (custom)
2019-10-16 21:54:53,445 [pool-37-thread-1] INFO  server.RaftServerConfigKeys (ConfUtils.java:logGet(43)) - raft.server.log.force.sync.num = 128 (default)
2019-10-16 21:54:53,445 [pool-27-thread-1] INFO  server.RaftServerConfigKeys (ConfUtils.java:logGet(43)) - raft.server.log.appender.buffer.byte-limit = 33554432 (custom)
2019-10-16 21:54:53,445 [pool-37-thread-1] INFO  server.RaftServerConfigKeys (ConfUtils.java:logGet(43)) - raft.server.log.statemachine.data.sync = true (default)
2019-10-16 21:54:53,445 [pool-47-thread-1] INFO  server.RaftServerConfigKeys (ConfUtils.java:logGet(43)) - raft.server.log.write.buffer.size = 33554432 (custom)
2019-10-16 21:54:53,445 [pool-37-thread-1] INFO  server.RaftServerConfigKeys (ConfUtils.java:logGet(43)) - raft.server.log.statemachine.data.sync.timeout = 10s (default)
2019-10-16 21:54:53,445 [pool-27-thread-1] INFO  server.RaftServerConfigKeys (ConfUtils.java:logGet(43)) - raft.server.log.segment.size.max = 1048576 (custom)
2019-10-16 21:54:53,446 [pool-37-thread-1] INFO  server.RaftServerConfigKeys (ConfUtils.java:logGet(43)) - raft.server.log.statemachine.data.sync.timeout.retry = -1 (default)
2019-10-16 21:54:53,445 [pool-47-thread-1] INFO  server.RaftServerConfigKeys (ConfUtils.java:logGet(43)) - raft.server.log.force.sync.num = 128 (default)
2019-10-16 21:54:53,446 [pool-27-thread-1] INFO  server.RaftServerConfigKeys (ConfUtils.java:logGet(43)) - raft.server.log.segment.cache.num.max = 2 (custom)
2019-10-16 21:54:53,446 [pool-37-thread-1] INFO  server.RaftServerConfigKeys (ConfUtils.java:logGet(43)) - raft.server.log.statemachine.data.caching.enabled = true (custom)
2019-10-16 21:54:53,446 [pool-47-thread-1] INFO  server.RaftServerConfigKeys (ConfUtils.java:logGet(43)) - raft.server.log.statemachine.data.sync = true (default)
2019-10-16 21:54:53,446 [pool-27-thread-1] INFO  segmented.SegmentedRaftLogWorker (SegmentedRaftLogWorker.java:<init>(173)) - new 277b5c5e-8c6f-4c9a-a53f-1bbc96404e12@group-A879564E9E05-SegmentedRaftLogWorker for RaftStorage:Storage Directory /workdir/hadoop-ozone/ozonefs/target/test-dir/MiniOzoneClusterImpl-bd2adbcd-a8bb-4b9e-9c25-f9aa9b2c6882/datanode-0/data/ratis/a62af803-4bfc-4f48-a6e7-a879564e9e05
2019-10-16 21:54:53,446 [pool-47-thread-1] INFO  server.RaftServerConfigKeys (ConfUtils.java:logGet(43)) - raft.server.log.statemachine.data.sync.timeout = 10s (default)
2019-10-16 21:54:53,447 [pool-37-thread-1] INFO  segmented.SegmentedRaftLogWorker (SegmentedRaftLogWorker.java:lambda$new$0(128)) - a32408a4-f19d-4bad-97c5-ba33ae94fc9a@group-A879564E9E05-SegmentedRaftLogWorker: flushIndex: setUnconditionally 0 -> -1
2019-10-16 21:54:53,447 [pool-27-thread-1] INFO  server.RaftServerConfigKeys (ConfUtils.java:logGet(43)) - raft.server.log.queue.byte-limit = 2147483647 (custom)
2019-10-16 21:54:53,447 [pool-47-thread-1] INFO  server.RaftServerConfigKeys (ConfUtils.java:logGet(43)) - raft.server.log.statemachine.data.sync.timeout.retry = -1 (default)
2019-10-16 21:54:53,447 [pool-27-thread-1] INFO  server.RaftServerConfigKeys (ConfUtils.java:logGet(43)) - raft.server.log.queue.element-limit = 1024 (custom)
2019-10-16 21:54:53,447 [pool-37-thread-1] INFO  server.RaftServerConfigKeys (ConfUtils.java:logGet(43)) - raft.server.snapshot.auto.trigger.enabled = true (custom)
2019-10-16 21:54:53,447 [pool-27-thread-1] INFO  server.RaftServerConfigKeys (ConfUtils.java:logGet(43)) - raft.server.log.segment.size.max = 1048576 (custom)
2019-10-16 21:54:53,447 [pool-47-thread-1] INFO  server.RaftServerConfigKeys (ConfUtils.java:logGet(43)) - raft.server.log.statemachine.data.caching.enabled = true (custom)
2019-10-16 21:54:53,447 [pool-27-thread-1] INFO  server.RaftServerConfigKeys (ConfUtils.java:logGet(43)) - raft.server.log.preallocated.size = 16384 (custom)
2019-10-16 21:54:53,447 [pool-37-thread-1] INFO  server.RaftServerConfigKeys (ConfUtils.java:logGet(43)) - raft.server.snapshot.auto.trigger.threshold = 10000 (custom)
2019-10-16 21:54:53,448 [pool-47-thread-1] INFO  segmented.SegmentedRaftLogWorker (SegmentedRaftLogWorker.java:lambda$new$0(128)) - 6b24a2ab-97ee-4d49-85cc-2d76c2f4b8ef@group-A879564E9E05-SegmentedRaftLogWorker: flushIndex: setUnconditionally 0 -> -1
2019-10-16 21:54:53,448 [6b24a2ab-97ee-4d49-85cc-2d76c2f4b8ef@group-895FFB7708A4-LeaderElection3] INFO  impl.RoleInfo (RoleInfo.java:updateAndGet(143)) - 6b24a2ab-97ee-4d49-85cc-2d76c2f4b8ef: start LeaderState
2019-10-16 21:54:53,448 [pool-27-thread-1] INFO  server.RaftServerConfigKeys (ConfUtils.java:logGet(43)) - raft.server.log.write.buffer.size = 33554432 (custom)
2019-10-16 21:54:53,448 [pool-47-thread-1] INFO  server.RaftServerConfigKeys (ConfUtils.java:logGet(43)) - raft.server.snapshot.auto.trigger.enabled = true (custom)
2019-10-16 21:54:53,448 [pool-37-thread-1] INFO  server.RaftServerConfigKeys (ConfUtils.java:logGet(43)) - raft.server.snapshot.retention.file.num = 5 (custom)
2019-10-16 21:54:53,448 [pool-47-thread-1] INFO  server.RaftServerConfigKeys (ConfUtils.java:logGet(43)) - raft.server.snapshot.auto.trigger.threshold = 10000 (custom)
2019-10-16 21:54:53,448 [pool-27-thread-1] INFO  server.RaftServerConfigKeys (ConfUtils.java:logGet(43)) - raft.server.log.force.sync.num = 128 (default)
2019-10-16 21:54:53,449 [pool-37-thread-1] INFO  server.RaftServerConfigKeys (ConfUtils.java:logGet(43)) - raft.server.retrycache.expirytime = 600000ms (custom)
2019-10-16 21:54:53,449 [pool-47-thread-1] INFO  server.RaftServerConfigKeys (ConfUtils.java:logGet(43)) - raft.server.snapshot.retention.file.num = 5 (custom)
2019-10-16 21:54:53,448 [6b24a2ab-97ee-4d49-85cc-2d76c2f4b8ef@group-895FFB7708A4-LeaderElection3] INFO  segmented.SegmentedRaftLogWorker (SegmentedRaftLogWorker.java:startLogSegment(385)) - 6b24a2ab-97ee-4d49-85cc-2d76c2f4b8ef@group-895FFB7708A4-SegmentedRaftLogWorker: Starting segment from index:0
2019-10-16 21:54:53,449 [pool-47-thread-1] INFO  server.RaftServerConfigKeys (ConfUtils.java:logGet(43)) - raft.server.retrycache.expirytime = 600000ms (custom)
2019-10-16 21:54:53,449 [pool-27-thread-1] INFO  server.RaftServerConfigKeys (ConfUtils.java:logGet(43)) - raft.server.log.statemachine.data.sync = true (default)
2019-10-16 21:54:53,449 [pool-27-thread-1] INFO  server.RaftServerConfigKeys (ConfUtils.java:logGet(43)) - raft.server.log.statemachine.data.sync.timeout = 10s (default)
2019-10-16 21:54:53,450 [pool-27-thread-1] INFO  server.RaftServerConfigKeys (ConfUtils.java:logGet(43)) - raft.server.log.statemachine.data.sync.timeout.retry = -1 (default)
2019-10-16 21:54:53,450 [6b24a2ab-97ee-4d49-85cc-2d76c2f4b8ef@group-895FFB7708A4-LeaderElection3] INFO  impl.RaftServerImpl (ServerState.java:setRaftConf(357)) - 6b24a2ab-97ee-4d49-85cc-2d76c2f4b8ef@group-895FFB7708A4: set configuration 0: [6b24a2ab-97ee-4d49-85cc-2d76c2f4b8ef:192.168.157.254:41080], old=null at 0
2019-10-16 21:54:53,450 [pool-27-thread-1] INFO  server.RaftServerConfigKeys (ConfUtils.java:logGet(43)) - raft.server.log.statemachine.data.caching.enabled = true (custom)
2019-10-16 21:54:53,474 [a32408a4-f19d-4bad-97c5-ba33ae94fc9a@group-5A78A96270F8-SegmentedRaftLogWorker] INFO  segmented.SegmentedRaftLogWorker (SegmentedRaftLogWorker.java:execute(576)) - a32408a4-f19d-4bad-97c5-ba33ae94fc9a@group-5A78A96270F8-SegmentedRaftLogWorker: created new log segment /workdir/hadoop-ozone/ozonefs/target/test-dir/MiniOzoneClusterImpl-bd2adbcd-a8bb-4b9e-9c25-f9aa9b2c6882/datanode-1/data/ratis/cedcb615-c20f-4cdc-bbd1-5a78a96270f8/current/log_inprogress_0
2019-10-16 21:54:53,474 [pool-27-thread-1] INFO  segmented.SegmentedRaftLogWorker (SegmentedRaftLogWorker.java:lambda$new$0(128)) - 277b5c5e-8c6f-4c9a-a53f-1bbc96404e12@group-A879564E9E05-SegmentedRaftLogWorker: flushIndex: setUnconditionally 0 -> -1
2019-10-16 21:54:53,474 [277b5c5e-8c6f-4c9a-a53f-1bbc96404e12@group-0DB353E2D887-SegmentedRaftLogWorker] INFO  segmented.SegmentedRaftLogWorker (SegmentedRaftLogWorker.java:execute(576)) - 277b5c5e-8c6f-4c9a-a53f-1bbc96404e12@group-0DB353E2D887-SegmentedRaftLogWorker: created new log segment /workdir/hadoop-ozone/ozonefs/target/test-dir/MiniOzoneClusterImpl-bd2adbcd-a8bb-4b9e-9c25-f9aa9b2c6882/datanode-0/data/ratis/874acad9-1d3c-4e7b-80f0-0db353e2d887/current/log_inprogress_0
2019-10-16 21:54:53,474 [pool-27-thread-1] INFO  server.RaftServerConfigKeys (ConfUtils.java:logGet(43)) - raft.server.snapshot.auto.trigger.enabled = true (custom)
2019-10-16 21:54:53,475 [pool-27-thread-1] INFO  server.RaftServerConfigKeys (ConfUtils.java:logGet(43)) - raft.server.snapshot.auto.trigger.threshold = 10000 (custom)
2019-10-16 21:54:53,475 [pool-27-thread-1] INFO  server.RaftServerConfigKeys (ConfUtils.java:logGet(43)) - raft.server.snapshot.retention.file.num = 5 (custom)
2019-10-16 21:54:53,475 [pool-27-thread-1] INFO  server.RaftServerConfigKeys (ConfUtils.java:logGet(43)) - raft.server.retrycache.expirytime = 600000ms (custom)
2019-10-16 21:54:53,477 [pool-37-thread-1] INFO  impl.RaftServerImpl (RaftServerImpl.java:start(195)) - a32408a4-f19d-4bad-97c5-ba33ae94fc9a@group-A879564E9E05: start as a follower, conf=-1: [a32408a4-f19d-4bad-97c5-ba33ae94fc9a:192.168.157.254:38721, 6b24a2ab-97ee-4d49-85cc-2d76c2f4b8ef:192.168.157.254:41080, 277b5c5e-8c6f-4c9a-a53f-1bbc96404e12:192.168.157.254:41416], old=null
2019-10-16 21:54:53,478 [pool-37-thread-1] INFO  impl.RaftServerImpl (RaftServerImpl.java:setRole(184)) - a32408a4-f19d-4bad-97c5-ba33ae94fc9a@group-A879564E9E05: changes role from      null to FOLLOWER at term 0 for startAsFollower
2019-10-16 21:54:53,478 [pool-37-thread-1] INFO  impl.RoleInfo (RoleInfo.java:updateAndGet(143)) - a32408a4-f19d-4bad-97c5-ba33ae94fc9a: start FollowerState
2019-10-16 21:54:53,478 [pool-47-thread-1] INFO  impl.RaftServerImpl (RaftServerImpl.java:start(195)) - 6b24a2ab-97ee-4d49-85cc-2d76c2f4b8ef@group-A879564E9E05: start as a follower, conf=-1: [a32408a4-f19d-4bad-97c5-ba33ae94fc9a:192.168.157.254:38721, 6b24a2ab-97ee-4d49-85cc-2d76c2f4b8ef:192.168.157.254:41080, 277b5c5e-8c6f-4c9a-a53f-1bbc96404e12:192.168.157.254:41416], old=null
2019-10-16 21:54:53,478 [pool-47-thread-1] INFO  impl.RaftServerImpl (RaftServerImpl.java:setRole(184)) - 6b24a2ab-97ee-4d49-85cc-2d76c2f4b8ef@group-A879564E9E05: changes role from      null to FOLLOWER at term 0 for startAsFollower
2019-10-16 21:54:53,478 [pool-47-thread-1] INFO  impl.RoleInfo (RoleInfo.java:updateAndGet(143)) - 6b24a2ab-97ee-4d49-85cc-2d76c2f4b8ef: start FollowerState
2019-10-16 21:54:53,478 [pool-37-thread-1] INFO  util.JmxRegister (JmxRegister.java:tryRegister(44)) - Successfully registered JMX Bean with object name Ratis:service=RaftServer,group=group-A879564E9E05,id=a32408a4-f19d-4bad-97c5-ba33ae94fc9a
2019-10-16 21:54:53,479 [pool-47-thread-1] INFO  util.JmxRegister (JmxRegister.java:tryRegister(44)) - Successfully registered JMX Bean with object name Ratis:service=RaftServer,group=group-A879564E9E05,id=6b24a2ab-97ee-4d49-85cc-2d76c2f4b8ef
2019-10-16 21:54:53,479 [pool-27-thread-1] INFO  impl.RaftServerImpl (RaftServerImpl.java:start(195)) - 277b5c5e-8c6f-4c9a-a53f-1bbc96404e12@group-A879564E9E05: start as a follower, conf=-1: [a32408a4-f19d-4bad-97c5-ba33ae94fc9a:192.168.157.254:38721, 6b24a2ab-97ee-4d49-85cc-2d76c2f4b8ef:192.168.157.254:41080, 277b5c5e-8c6f-4c9a-a53f-1bbc96404e12:192.168.157.254:41416], old=null
2019-10-16 21:54:53,479 [pool-27-thread-1] INFO  impl.RaftServerImpl (RaftServerImpl.java:setRole(184)) - 277b5c5e-8c6f-4c9a-a53f-1bbc96404e12@group-A879564E9E05: changes role from      null to FOLLOWER at term 0 for startAsFollower
2019-10-16 21:54:53,479 [pool-27-thread-1] INFO  impl.RoleInfo (RoleInfo.java:updateAndGet(143)) - 277b5c5e-8c6f-4c9a-a53f-1bbc96404e12: start FollowerState
2019-10-16 21:54:53,480 [pool-27-thread-1] INFO  util.JmxRegister (JmxRegister.java:tryRegister(44)) - Successfully registered JMX Bean with object name Ratis:service=RaftServer,group=group-A879564E9E05,id=277b5c5e-8c6f-4c9a-a53f-1bbc96404e12
2019-10-16 21:54:53,485 [6b24a2ab-97ee-4d49-85cc-2d76c2f4b8ef@group-895FFB7708A4-SegmentedRaftLogWorker] INFO  segmented.SegmentedRaftLogWorker (SegmentedRaftLogWorker.java:execute(576)) - 6b24a2ab-97ee-4d49-85cc-2d76c2f4b8ef@group-895FFB7708A4-SegmentedRaftLogWorker: created new log segment /workdir/hadoop-ozone/ozonefs/target/test-dir/MiniOzoneClusterImpl-bd2adbcd-a8bb-4b9e-9c25-f9aa9b2c6882/datanode-2/data/ratis/34eac65e-3d4c-4317-b7c9-895ffb7708a4/current/log_inprogress_0
2019-10-16 21:54:53,492 [Thread-200] INFO  impl.FollowerState (FollowerState.java:run(108)) - 277b5c5e-8c6f-4c9a-a53f-1bbc96404e12@group-A879564E9E05-FollowerState: change to CANDIDATE, lastRpcTime:12ms, electionTimeout:12ms
2019-10-16 21:54:53,492 [Thread-200] INFO  impl.RoleInfo (RoleInfo.java:shutdownFollowerState(121)) - 277b5c5e-8c6f-4c9a-a53f-1bbc96404e12: shutdown FollowerState
2019-10-16 21:54:53,493 [Thread-200] INFO  impl.RaftServerImpl (RaftServerImpl.java:setRole(184)) - 277b5c5e-8c6f-4c9a-a53f-1bbc96404e12@group-A879564E9E05: changes role from  FOLLOWER to CANDIDATE at term 0 for changeToCandidate
2019-10-16 21:54:53,494 [Thread-200] INFO  impl.RoleInfo (RoleInfo.java:updateAndGet(143)) - 277b5c5e-8c6f-4c9a-a53f-1bbc96404e12: start LeaderElection
2019-10-16 21:54:53,502 [Thread-199] INFO  impl.FollowerState (FollowerState.java:run(108)) - 6b24a2ab-97ee-4d49-85cc-2d76c2f4b8ef@group-A879564E9E05-FollowerState: change to CANDIDATE, lastRpcTime:23ms, electionTimeout:22ms
2019-10-16 21:54:53,502 [Thread-199] INFO  impl.RoleInfo (RoleInfo.java:shutdownFollowerState(121)) - 6b24a2ab-97ee-4d49-85cc-2d76c2f4b8ef: shutdown FollowerState
2019-10-16 21:54:53,503 [Thread-199] INFO  impl.RaftServerImpl (RaftServerImpl.java:setRole(184)) - 6b24a2ab-97ee-4d49-85cc-2d76c2f4b8ef@group-A879564E9E05: changes role from  FOLLOWER to CANDIDATE at term 0 for changeToCandidate
2019-10-16 21:54:53,504 [Thread-199] INFO  impl.RoleInfo (RoleInfo.java:updateAndGet(143)) - 6b24a2ab-97ee-4d49-85cc-2d76c2f4b8ef: start LeaderElection
2019-10-16 21:54:53,509 [RatisPipelineUtilsThread] INFO  pipeline.PipelineStateManager (PipelineStateManager.java:addPipeline(57)) - Created pipeline Pipeline[ Id: a62af803-4bfc-4f48-a6e7-a879564e9e05, Nodes: 277b5c5e-8c6f-4c9a-a53f-1bbc96404e12{ip: 192.168.157.254, host: pr-hdds-1868-qdb9g-714931517, networkLocation: /default-rack, certSerialId: null}a32408a4-f19d-4bad-97c5-ba33ae94fc9a{ip: 192.168.157.254, host: pr-hdds-1868-qdb9g-714931517, networkLocation: /default-rack, certSerialId: null}6b24a2ab-97ee-4d49-85cc-2d76c2f4b8ef{ip: 192.168.157.254, host: pr-hdds-1868-qdb9g-714931517, networkLocation: /default-rack, certSerialId: null}, Type:RATIS, Factor:THREE, State:ALLOCATED]
2019-10-16 21:54:53,510 [Thread-0] INFO  ozone.MiniOzoneClusterImpl (MiniOzoneClusterImpl.java:lambda$waitForClusterToBeReady$2(164)) - Waiting for 4 number of pipelines out of 4, to report a leader.
2019-10-16 21:54:53,510 [EventQueue-PipelineReportForPipelineReportHandler] INFO  pipeline.PipelineReportHandler (PipelineReportHandler.java:processPipelineReport(119)) - Pipeline PipelineID=874acad9-1d3c-4e7b-80f0-0db353e2d887 reported by 277b5c5e-8c6f-4c9a-a53f-1bbc96404e12{ip: 192.168.157.254, host: pr-hdds-1868-qdb9g-714931517, networkLocation: /default-rack, certSerialId: null} with leaderId 277b5c5e-8c6f-4c9a-a53f-1bbc96404e12
2019-10-16 21:54:53,513 [6b24a2ab-97ee-4d49-85cc-2d76c2f4b8ef@group-A879564E9E05-LeaderElection5] INFO  impl.LeaderElection (LeaderElection.java:askForVotes(178)) - 6b24a2ab-97ee-4d49-85cc-2d76c2f4b8ef@group-A879564E9E05-LeaderElection5: begin an election at term 1 for -1: [a32408a4-f19d-4bad-97c5-ba33ae94fc9a:192.168.157.254:38721, 6b24a2ab-97ee-4d49-85cc-2d76c2f4b8ef:192.168.157.254:41080, 277b5c5e-8c6f-4c9a-a53f-1bbc96404e12:192.168.157.254:41416], old=null
2019-10-16 21:54:53,514 [277b5c5e-8c6f-4c9a-a53f-1bbc96404e12@group-A879564E9E05-LeaderElection4] INFO  impl.LeaderElection (LeaderElection.java:askForVotes(178)) - 277b5c5e-8c6f-4c9a-a53f-1bbc96404e12@group-A879564E9E05-LeaderElection4: begin an election at term 1 for -1: [a32408a4-f19d-4bad-97c5-ba33ae94fc9a:192.168.157.254:38721, 6b24a2ab-97ee-4d49-85cc-2d76c2f4b8ef:192.168.157.254:41080, 277b5c5e-8c6f-4c9a-a53f-1bbc96404e12:192.168.157.254:41416], old=null
2019-10-16 21:54:53,514 [EventQueue-PipelineReportForPipelineReportHandler] INFO  pipeline.PipelineStateManager (PipelineStateManager.java:openPipeline(136)) - Pipeline Pipeline[ Id: 874acad9-1d3c-4e7b-80f0-0db353e2d887, Nodes: 277b5c5e-8c6f-4c9a-a53f-1bbc96404e12{ip: 192.168.157.254, host: pr-hdds-1868-qdb9g-714931517, networkLocation: /default-rack, certSerialId: null}, Type:RATIS, Factor:ONE, State:OPEN] moved to OPEN state
2019-10-16 21:54:53,514 [EventQueue-PipelineReportForPipelineReportHandler] INFO  pipeline.PipelineReportHandler (PipelineReportHandler.java:processPipelineReport(119)) - Pipeline PipelineID=cedcb615-c20f-4cdc-bbd1-5a78a96270f8 reported by a32408a4-f19d-4bad-97c5-ba33ae94fc9a{ip: 192.168.157.254, host: pr-hdds-1868-qdb9g-714931517, networkLocation: /default-rack, certSerialId: null} with leaderId a32408a4-f19d-4bad-97c5-ba33ae94fc9a
2019-10-16 21:54:53,514 [EventQueue-PipelineReportForPipelineReportHandler] INFO  pipeline.PipelineStateManager (PipelineStateManager.java:openPipeline(136)) - Pipeline Pipeline[ Id: cedcb615-c20f-4cdc-bbd1-5a78a96270f8, Nodes: a32408a4-f19d-4bad-97c5-ba33ae94fc9a{ip: 192.168.157.254, host: pr-hdds-1868-qdb9g-714931517, networkLocation: /default-rack, certSerialId: null}, Type:RATIS, Factor:ONE, State:OPEN] moved to OPEN state
2019-10-16 21:54:53,515 [EventQueue-PipelineReportForPipelineReportHandler] INFO  pipeline.PipelineReportHandler (PipelineReportHandler.java:processPipelineReport(119)) - Pipeline PipelineID=a62af803-4bfc-4f48-a6e7-a879564e9e05 reported by 6b24a2ab-97ee-4d49-85cc-2d76c2f4b8ef{ip: 192.168.157.254, host: pr-hdds-1868-qdb9g-714931517, networkLocation: /default-rack, certSerialId: null} with leaderId 
2019-10-16 21:54:53,515 [EventQueue-PipelineReportForPipelineReportHandler] INFO  pipeline.PipelineReportHandler (PipelineReportHandler.java:processPipelineReport(119)) - Pipeline PipelineID=34eac65e-3d4c-4317-b7c9-895ffb7708a4 reported by 6b24a2ab-97ee-4d49-85cc-2d76c2f4b8ef{ip: 192.168.157.254, host: pr-hdds-1868-qdb9g-714931517, networkLocation: /default-rack, certSerialId: null} with leaderId 6b24a2ab-97ee-4d49-85cc-2d76c2f4b8ef
2019-10-16 21:54:53,515 [EventQueue-PipelineReportForPipelineReportHandler] INFO  pipeline.PipelineStateManager (PipelineStateManager.java:openPipeline(136)) - Pipeline Pipeline[ Id: 34eac65e-3d4c-4317-b7c9-895ffb7708a4, Nodes: 6b24a2ab-97ee-4d49-85cc-2d76c2f4b8ef{ip: 192.168.157.254, host: pr-hdds-1868-qdb9g-714931517, networkLocation: /default-rack, certSerialId: null}, Type:RATIS, Factor:ONE, State:OPEN] moved to OPEN state
2019-10-16 21:54:53,538 [grpc-default-executor-2] INFO  impl.RaftServerImpl (RaftServerImpl.java:setRole(184)) - a32408a4-f19d-4bad-97c5-ba33ae94fc9a@group-A879564E9E05: changes role from  FOLLOWER to FOLLOWER at term 1 for recognizeCandidate:6b24a2ab-97ee-4d49-85cc-2d76c2f4b8ef
2019-10-16 21:54:53,539 [grpc-default-executor-2] INFO  impl.RoleInfo (RoleInfo.java:shutdownFollowerState(121)) - a32408a4-f19d-4bad-97c5-ba33ae94fc9a: shutdown FollowerState
2019-10-16 21:54:53,539 [Thread-198] INFO  impl.FollowerState (FollowerState.java:run(117)) - a32408a4-f19d-4bad-97c5-ba33ae94fc9a@group-A879564E9E05-FollowerState was interrupted: java.lang.InterruptedException: sleep interrupted
2019-10-16 21:54:53,539 [grpc-default-executor-2] INFO  impl.RoleInfo (RoleInfo.java:updateAndGet(143)) - a32408a4-f19d-4bad-97c5-ba33ae94fc9a: start FollowerState
2019-10-16 21:54:53,561 [Thread-210] INFO  impl.FollowerState (FollowerState.java:run(108)) - a32408a4-f19d-4bad-97c5-ba33ae94fc9a@group-A879564E9E05-FollowerState: change to CANDIDATE, lastRpcTime:21ms, electionTimeout:17ms
2019-10-16 21:54:53,561 [Thread-210] INFO  impl.RoleInfo (RoleInfo.java:shutdownFollowerState(121)) - a32408a4-f19d-4bad-97c5-ba33ae94fc9a: shutdown FollowerState
2019-10-16 21:54:53,561 [Thread-210] INFO  impl.RaftServerImpl (RaftServerImpl.java:setRole(184)) - a32408a4-f19d-4bad-97c5-ba33ae94fc9a@group-A879564E9E05: changes role from  FOLLOWER to CANDIDATE at term 1 for changeToCandidate
2019-10-16 21:54:53,561 [Thread-210] INFO  impl.RoleInfo (RoleInfo.java:updateAndGet(143)) - a32408a4-f19d-4bad-97c5-ba33ae94fc9a: start LeaderElection
2019-10-16 21:54:53,571 [277b5c5e-8c6f-4c9a-a53f-1bbc96404e12@group-A879564E9E05-LeaderElection4] INFO  impl.LeaderElection (LeaderElection.java:logAndReturn(56)) - 277b5c5e-8c6f-4c9a-a53f-1bbc96404e12@group-A879564E9E05-LeaderElection4: Election REJECTED; received 2 response(s) [277b5c5e-8c6f-4c9a-a53f-1bbc96404e12<-6b24a2ab-97ee-4d49-85cc-2d76c2f4b8ef#0:FAIL-t1, 277b5c5e-8c6f-4c9a-a53f-1bbc96404e12<-a32408a4-f19d-4bad-97c5-ba33ae94fc9a#0:FAIL-t1] and 0 exception(s); 277b5c5e-8c6f-4c9a-a53f-1bbc96404e12@group-A879564E9E05:t1, leader=null, voted=277b5c5e-8c6f-4c9a-a53f-1bbc96404e12, raftlog=277b5c5e-8c6f-4c9a-a53f-1bbc96404e12@group-A879564E9E05-SegmentedRaftLog:OPENED:c-1,f-1,i0, conf=-1: [a32408a4-f19d-4bad-97c5-ba33ae94fc9a:192.168.157.254:38721, 6b24a2ab-97ee-4d49-85cc-2d76c2f4b8ef:192.168.157.254:41080, 277b5c5e-8c6f-4c9a-a53f-1bbc96404e12:192.168.157.254:41416], old=null
2019-10-16 21:54:53,571 [6b24a2ab-97ee-4d49-85cc-2d76c2f4b8ef@group-A879564E9E05-LeaderElection5] INFO  impl.LeaderElection (LeaderElection.java:logAndReturn(56)) - 6b24a2ab-97ee-4d49-85cc-2d76c2f4b8ef@group-A879564E9E05-LeaderElection5: Election PASSED; received 2 response(s) [6b24a2ab-97ee-4d49-85cc-2d76c2f4b8ef<-a32408a4-f19d-4bad-97c5-ba33ae94fc9a#0:OK-t1, 6b24a2ab-97ee-4d49-85cc-2d76c2f4b8ef<-277b5c5e-8c6f-4c9a-a53f-1bbc96404e12#0:FAIL-t1] and 0 exception(s); 6b24a2ab-97ee-4d49-85cc-2d76c2f4b8ef@group-A879564E9E05:t1, leader=null, voted=6b24a2ab-97ee-4d49-85cc-2d76c2f4b8ef, raftlog=6b24a2ab-97ee-4d49-85cc-2d76c2f4b8ef@group-A879564E9E05-SegmentedRaftLog:OPENED:c-1,f-1,i0, conf=-1: [a32408a4-f19d-4bad-97c5-ba33ae94fc9a:192.168.157.254:38721, 6b24a2ab-97ee-4d49-85cc-2d76c2f4b8ef:192.168.157.254:41080, 277b5c5e-8c6f-4c9a-a53f-1bbc96404e12:192.168.157.254:41416], old=null
2019-10-16 21:54:53,572 [277b5c5e-8c6f-4c9a-a53f-1bbc96404e12@group-A879564E9E05-LeaderElection4] INFO  impl.RaftServerImpl (RaftServerImpl.java:setRole(184)) - 277b5c5e-8c6f-4c9a-a53f-1bbc96404e12@group-A879564E9E05: changes role from CANDIDATE to FOLLOWER at term 1 for DISCOVERED_A_NEW_TERM
2019-10-16 21:54:53,573 [277b5c5e-8c6f-4c9a-a53f-1bbc96404e12@group-A879564E9E05-LeaderElection4] INFO  impl.RoleInfo (RoleInfo.java:shutdownLeaderElection(134)) - 277b5c5e-8c6f-4c9a-a53f-1bbc96404e12: shutdown LeaderElection
2019-10-16 21:54:53,572 [6b24a2ab-97ee-4d49-85cc-2d76c2f4b8ef@group-A879564E9E05-LeaderElection5] INFO  impl.RoleInfo (RoleInfo.java:shutdownLeaderElection(134)) - 6b24a2ab-97ee-4d49-85cc-2d76c2f4b8ef: shutdown LeaderElection
2019-10-16 21:54:53,575 [277b5c5e-8c6f-4c9a-a53f-1bbc96404e12@group-A879564E9E05-LeaderElection4] INFO  impl.RoleInfo (RoleInfo.java:updateAndGet(143)) - 277b5c5e-8c6f-4c9a-a53f-1bbc96404e12: start FollowerState
2019-10-16 21:54:53,575 [6b24a2ab-97ee-4d49-85cc-2d76c2f4b8ef@group-A879564E9E05-LeaderElection5] INFO  impl.RaftServerImpl (RaftServerImpl.java:setRole(184)) - 6b24a2ab-97ee-4d49-85cc-2d76c2f4b8ef@group-A879564E9E05: changes role from CANDIDATE to LEADER at term 1 for changeToLeader
2019-10-16 21:54:53,575 [6b24a2ab-97ee-4d49-85cc-2d76c2f4b8ef@group-A879564E9E05-LeaderElection5] INFO  ratis.XceiverServerRatis (XceiverServerRatis.java:handleLeaderChangedNotification(700)) - Leader change notification received for group: group-A879564E9E05 with new leaderId: 6b24a2ab-97ee-4d49-85cc-2d76c2f4b8ef
2019-10-16 21:54:53,576 [6b24a2ab-97ee-4d49-85cc-2d76c2f4b8ef@group-A879564E9E05-LeaderElection5] INFO  impl.RaftServerImpl (ServerState.java:setLeader(256)) - 6b24a2ab-97ee-4d49-85cc-2d76c2f4b8ef@group-A879564E9E05: change Leader from null to 6b24a2ab-97ee-4d49-85cc-2d76c2f4b8ef at term 1 for becomeLeader, leader elected after 162ms
2019-10-16 21:54:53,576 [6b24a2ab-97ee-4d49-85cc-2d76c2f4b8ef@group-A879564E9E05-LeaderElection5] INFO  server.RaftServerConfigKeys (ConfUtils.java:logGet(43)) - raft.server.staging.catchup.gap = 1000 (default)
2019-10-16 21:54:53,576 [6b24a2ab-97ee-4d49-85cc-2d76c2f4b8ef@group-A879564E9E05-LeaderElection5] INFO  server.RaftServerConfigKeys (ConfUtils.java:logGet(43)) - raft.server.rpc.sleep.time = 25ms (default)
2019-10-16 21:54:53,576 [a32408a4-f19d-4bad-97c5-ba33ae94fc9a@group-A879564E9E05-LeaderElection6] INFO  impl.LeaderElection (LeaderElection.java:askForVotes(178)) - a32408a4-f19d-4bad-97c5-ba33ae94fc9a@group-A879564E9E05-LeaderElection6: begin an election at term 2 for -1: [a32408a4-f19d-4bad-97c5-ba33ae94fc9a:192.168.157.254:38721, 6b24a2ab-97ee-4d49-85cc-2d76c2f4b8ef:192.168.157.254:41080, 277b5c5e-8c6f-4c9a-a53f-1bbc96404e12:192.168.157.254:41416], old=null
2019-10-16 21:54:53,576 [6b24a2ab-97ee-4d49-85cc-2d76c2f4b8ef@group-A879564E9E05-LeaderElection5] INFO  server.RaftServerConfigKeys (ConfUtils.java:logGet(43)) - raft.server.write.element-limit = 4096 (default)
2019-10-16 21:54:53,577 [6b24a2ab-97ee-4d49-85cc-2d76c2f4b8ef@group-A879564E9E05-LeaderElection5] INFO  server.RaftServerConfigKeys (ConfUtils.java:logGet(43)) - raft.server.watch.timeout = 10s (default)
2019-10-16 21:54:53,577 [6b24a2ab-97ee-4d49-85cc-2d76c2f4b8ef@group-A879564E9E05-LeaderElection5] INFO  server.RaftServerConfigKeys (ConfUtils.java:logGet(43)) - raft.server.watch.timeout.denomination = 1s (default)
2019-10-16 21:54:53,577 [6b24a2ab-97ee-4d49-85cc-2d76c2f4b8ef@group-A879564E9E05-LeaderElection5] INFO  server.RaftServerConfigKeys (ConfUtils.java:logGet(43)) - raft.server.watch.element-limit = 65536 (default)
2019-10-16 21:54:53,578 [EventQueue-PipelineReportForPipelineReportHandler] INFO  pipeline.PipelineReportHandler (PipelineReportHandler.java:processPipelineReport(119)) - Pipeline PipelineID=a62af803-4bfc-4f48-a6e7-a879564e9e05 reported by 6b24a2ab-97ee-4d49-85cc-2d76c2f4b8ef{ip: 192.168.157.254, host: pr-hdds-1868-qdb9g-714931517, networkLocation: /default-rack, certSerialId: null} with leaderId 6b24a2ab-97ee-4d49-85cc-2d76c2f4b8ef
2019-10-16 21:54:53,588 [6b24a2ab-97ee-4d49-85cc-2d76c2f4b8ef@group-A879564E9E05-LeaderElection5] INFO  server.RaftServerConfigKeys (ConfUtils.java:logGet(43)) - raft.server.log.appender.snapshot.chunk.size.max = 16MB (=16777216) (default)
2019-10-16 21:54:53,589 [6b24a2ab-97ee-4d49-85cc-2d76c2f4b8ef@group-A879564E9E05-LeaderElection5] INFO  server.RaftServerConfigKeys (ConfUtils.java:logGet(43)) - raft.server.log.appender.buffer.byte-limit = 33554432 (custom)
2019-10-16 21:54:53,590 [6b24a2ab-97ee-4d49-85cc-2d76c2f4b8ef@group-A879564E9E05-LeaderElection5] INFO  server.RaftServerConfigKeys (ConfUtils.java:logGet(43)) - raft.server.log.appender.buffer.element-limit = 1 (custom)
2019-10-16 21:54:53,590 [grpc-default-executor-2] INFO  impl.RaftServerImpl (RaftServerImpl.java:setRole(184)) - 277b5c5e-8c6f-4c9a-a53f-1bbc96404e12@group-A879564E9E05: changes role from  FOLLOWER to FOLLOWER at term 2 for recognizeCandidate:a32408a4-f19d-4bad-97c5-ba33ae94fc9a
2019-10-16 21:54:53,590 [grpc-default-executor-2] INFO  impl.RoleInfo (RoleInfo.java:shutdownFollowerState(121)) - 277b5c5e-8c6f-4c9a-a53f-1bbc96404e12: shutdown FollowerState
2019-10-16 21:54:53,591 [grpc-default-executor-2] INFO  impl.RoleInfo (RoleInfo.java:updateAndGet(143)) - 277b5c5e-8c6f-4c9a-a53f-1bbc96404e12: start FollowerState
2019-10-16 21:54:53,591 [Thread-212] INFO  impl.FollowerState (FollowerState.java:run(117)) - 277b5c5e-8c6f-4c9a-a53f-1bbc96404e12@group-A879564E9E05-FollowerState was interrupted: java.lang.InterruptedException: sleep interrupted
2019-10-16 21:54:53,594 [6b24a2ab-97ee-4d49-85cc-2d76c2f4b8ef@group-A879564E9E05-LeaderElection5] INFO  grpc.GrpcConfigKeys$Server (ConfUtils.java:logGet(43)) - raft.grpc.server.leader.outstanding.appends.max = 128 (default)
2019-10-16 21:54:53,595 [6b24a2ab-97ee-4d49-85cc-2d76c2f4b8ef@group-A879564E9E05-LeaderElection5] INFO  server.RaftServerConfigKeys (ConfUtils.java:logGet(43)) - raft.server.rpc.request.timeout = 3000ms (default)
2019-10-16 21:54:53,595 [6b24a2ab-97ee-4d49-85cc-2d76c2f4b8ef@group-A879564E9E05-LeaderElection5] INFO  server.RaftServerConfigKeys (ConfUtils.java:logGet(43)) - raft.server.log.appender.install.snapshot.enabled = false (custom)
2019-10-16 21:54:53,597 [a32408a4-f19d-4bad-97c5-ba33ae94fc9a@group-A879564E9E05-LeaderElection6] INFO  impl.LeaderElection (LeaderElection.java:logAndReturn(56)) - a32408a4-f19d-4bad-97c5-ba33ae94fc9a@group-A879564E9E05-LeaderElection6: Election TIMEOUT; received 0 response(s) [] and 0 exception(s); a32408a4-f19d-4bad-97c5-ba33ae94fc9a@group-A879564E9E05:t2, leader=null, voted=a32408a4-f19d-4bad-97c5-ba33ae94fc9a, raftlog=a32408a4-f19d-4bad-97c5-ba33ae94fc9a@group-A879564E9E05-SegmentedRaftLog:OPENED:c-1,f-1,i0, conf=-1: [a32408a4-f19d-4bad-97c5-ba33ae94fc9a:192.168.157.254:38721, 6b24a2ab-97ee-4d49-85cc-2d76c2f4b8ef:192.168.157.254:41080, 277b5c5e-8c6f-4c9a-a53f-1bbc96404e12:192.168.157.254:41416], old=null
2019-10-16 21:54:53,601 [6b24a2ab-97ee-4d49-85cc-2d76c2f4b8ef@group-A879564E9E05-LeaderElection5] INFO  server.RaftServerConfigKeys (ConfUtils.java:logGet(43)) - raft.server.log.appender.snapshot.chunk.size.max = 16MB (=16777216) (default)
2019-10-16 21:54:53,601 [6b24a2ab-97ee-4d49-85cc-2d76c2f4b8ef@group-A879564E9E05-LeaderElection5] INFO  server.RaftServerConfigKeys (ConfUtils.java:logGet(43)) - raft.server.log.appender.buffer.byte-limit = 33554432 (custom)
2019-10-16 21:54:53,601 [6b24a2ab-97ee-4d49-85cc-2d76c2f4b8ef@group-A879564E9E05-LeaderElection5] INFO  server.RaftServerConfigKeys (ConfUtils.java:logGet(43)) - raft.server.log.appender.buffer.element-limit = 1 (custom)
2019-10-16 21:54:53,601 [6b24a2ab-97ee-4d49-85cc-2d76c2f4b8ef@group-A879564E9E05-LeaderElection5] INFO  grpc.GrpcConfigKeys$Server (ConfUtils.java:logGet(43)) - raft.grpc.server.leader.outstanding.appends.max = 128 (default)
2019-10-16 21:54:53,601 [6b24a2ab-97ee-4d49-85cc-2d76c2f4b8ef@group-A879564E9E05-LeaderElection5] INFO  server.RaftServerConfigKeys (ConfUtils.java:logGet(43)) - raft.server.rpc.request.timeout = 3000ms (default)
2019-10-16 21:54:53,602 [6b24a2ab-97ee-4d49-85cc-2d76c2f4b8ef@group-A879564E9E05-LeaderElection5] INFO  server.RaftServerConfigKeys (ConfUtils.java:logGet(43)) - raft.server.log.appender.install.snapshot.enabled = false (custom)
2019-10-16 21:54:53,608 [6b24a2ab-97ee-4d49-85cc-2d76c2f4b8ef@group-A879564E9E05-LeaderElection5] INFO  impl.RoleInfo (RoleInfo.java:updateAndGet(143)) - 6b24a2ab-97ee-4d49-85cc-2d76c2f4b8ef: start LeaderState
2019-10-16 21:54:53,608 [6b24a2ab-97ee-4d49-85cc-2d76c2f4b8ef@group-A879564E9E05-LeaderElection5] INFO  segmented.SegmentedRaftLogWorker (SegmentedRaftLogWorker.java:startLogSegment(385)) - 6b24a2ab-97ee-4d49-85cc-2d76c2f4b8ef@group-A879564E9E05-SegmentedRaftLogWorker: Starting segment from index:0
2019-10-16 21:54:53,609 [6b24a2ab-97ee-4d49-85cc-2d76c2f4b8ef@group-A879564E9E05-LeaderElection5] INFO  impl.RaftServerImpl (ServerState.java:setRaftConf(357)) - 6b24a2ab-97ee-4d49-85cc-2d76c2f4b8ef@group-A879564E9E05: set configuration 0: [a32408a4-f19d-4bad-97c5-ba33ae94fc9a:192.168.157.254:38721, 6b24a2ab-97ee-4d49-85cc-2d76c2f4b8ef:192.168.157.254:41080, 277b5c5e-8c6f-4c9a-a53f-1bbc96404e12:192.168.157.254:41416], old=null at 0
2019-10-16 21:54:53,640 [grpc-default-executor-3] INFO  impl.RaftServerImpl (ServerState.java:setLeader(256)) - 6b24a2ab-97ee-4d49-85cc-2d76c2f4b8ef@group-A879564E9E05: change Leader from 6b24a2ab-97ee-4d49-85cc-2d76c2f4b8ef to null at term 2 for updateCurrentTerm
2019-10-16 21:54:53,641 [a32408a4-f19d-4bad-97c5-ba33ae94fc9a@group-A879564E9E05-LeaderElection6] INFO  impl.LeaderElection (LeaderElection.java:askForVotes(178)) - a32408a4-f19d-4bad-97c5-ba33ae94fc9a@group-A879564E9E05-LeaderElection6: begin an election at term 3 for -1: [a32408a4-f19d-4bad-97c5-ba33ae94fc9a:192.168.157.254:38721, 6b24a2ab-97ee-4d49-85cc-2d76c2f4b8ef:192.168.157.254:41080, 277b5c5e-8c6f-4c9a-a53f-1bbc96404e12:192.168.157.254:41416], old=null
2019-10-16 21:54:53,642 [grpc-default-executor-3] INFO  impl.RaftServerImpl (RaftServerImpl.java:setRole(184)) - 6b24a2ab-97ee-4d49-85cc-2d76c2f4b8ef@group-A879564E9E05: changes role from    LEADER to FOLLOWER at term 2 for recognizeCandidate:a32408a4-f19d-4bad-97c5-ba33ae94fc9a
2019-10-16 21:54:53,642 [grpc-default-executor-3] INFO  impl.RoleInfo (RoleInfo.java:shutdownLeaderState(104)) - 6b24a2ab-97ee-4d49-85cc-2d76c2f4b8ef: shutdown LeaderState
2019-10-16 21:54:53,645 [grpc-default-executor-3] INFO  impl.PendingRequests (PendingRequests.java:sendNotLeaderResponses(202)) - 6b24a2ab-97ee-4d49-85cc-2d76c2f4b8ef@group-A879564E9E05-PendingRequests: sendNotLeaderResponses
2019-10-16 21:54:53,648 [grpc-default-executor-3] INFO  impl.RoleInfo (RoleInfo.java:updateAndGet(143)) - 6b24a2ab-97ee-4d49-85cc-2d76c2f4b8ef: start FollowerState
2019-10-16 21:54:53,650 [grpc-default-executor-0] INFO  impl.RaftServerImpl (RaftServerImpl.java:setRole(184)) - 277b5c5e-8c6f-4c9a-a53f-1bbc96404e12@group-A879564E9E05: changes role from  FOLLOWER to FOLLOWER at term 3 for recognizeCandidate:a32408a4-f19d-4bad-97c5-ba33ae94fc9a
2019-10-16 21:54:53,650 [grpc-default-executor-0] INFO  impl.RoleInfo (RoleInfo.java:shutdownFollowerState(121)) - 277b5c5e-8c6f-4c9a-a53f-1bbc96404e12: shutdown FollowerState
2019-10-16 21:54:53,651 [Thread-216] INFO  impl.FollowerState (FollowerState.java:run(117)) - 277b5c5e-8c6f-4c9a-a53f-1bbc96404e12@group-A879564E9E05-FollowerState was interrupted: java.lang.InterruptedException: sleep interrupted
2019-10-16 21:54:53,651 [grpc-default-executor-0] INFO  impl.RoleInfo (RoleInfo.java:updateAndGet(143)) - 277b5c5e-8c6f-4c9a-a53f-1bbc96404e12: start FollowerState
2019-10-16 21:54:53,653 [6b24a2ab-97ee-4d49-85cc-2d76c2f4b8ef@group-A879564E9E05-SegmentedRaftLogWorker] INFO  segmented.SegmentedRaftLogWorker (SegmentedRaftLogWorker.java:execute(576)) - 6b24a2ab-97ee-4d49-85cc-2d76c2f4b8ef@group-A879564E9E05-SegmentedRaftLogWorker: created new log segment /workdir/hadoop-ozone/ozonefs/target/test-dir/MiniOzoneClusterImpl-bd2adbcd-a8bb-4b9e-9c25-f9aa9b2c6882/datanode-2/data/ratis/a62af803-4bfc-4f48-a6e7-a879564e9e05/current/log_inprogress_0
2019-10-16 21:54:53,653 [grpc-default-executor-2] INFO  impl.RaftServerImpl (RaftServerImpl.java:setRole(184)) - 6b24a2ab-97ee-4d49-85cc-2d76c2f4b8ef@group-A879564E9E05: changes role from  FOLLOWER to FOLLOWER at term 3 for recognizeCandidate:a32408a4-f19d-4bad-97c5-ba33ae94fc9a
2019-10-16 21:54:53,653 [grpc-default-executor-2] INFO  impl.RoleInfo (RoleInfo.java:shutdownFollowerState(121)) - 6b24a2ab-97ee-4d49-85cc-2d76c2f4b8ef: shutdown FollowerState
2019-10-16 21:54:53,654 [Thread-221] INFO  impl.FollowerState (FollowerState.java:run(117)) - 6b24a2ab-97ee-4d49-85cc-2d76c2f4b8ef@group-A879564E9E05-FollowerState was interrupted: java.lang.InterruptedException: sleep interrupted
2019-10-16 21:54:53,654 [grpc-default-executor-2] INFO  impl.RoleInfo (RoleInfo.java:updateAndGet(143)) - 6b24a2ab-97ee-4d49-85cc-2d76c2f4b8ef: start FollowerState
2019-10-16 21:54:53,656 [org.apache.ratis.server.impl.LogAppender$AppenderDaemon$$Lambda$424/607595153@88e7be1] WARN  server.GrpcLogAppender (GrpcLogAppender.java:mayWait(149)) - 6b24a2ab-97ee-4d49-85cc-2d76c2f4b8ef@group-A879564E9E05->277b5c5e-8c6f-4c9a-a53f-1bbc96404e12-GrpcLogAppender: Wait interrupted by java.lang.InterruptedException
2019-10-16 21:54:53,656 [org.apache.ratis.server.impl.LogAppender$AppenderDaemon$$Lambda$424/607595153@44e89e11] WARN  server.GrpcLogAppender (GrpcLogAppender.java:mayWait(149)) - 6b24a2ab-97ee-4d49-85cc-2d76c2f4b8ef@group-A879564E9E05->a32408a4-f19d-4bad-97c5-ba33ae94fc9a-GrpcLogAppender: Wait interrupted by java.lang.InterruptedException
2019-10-16 21:54:53,667 [grpc-default-executor-1] INFO  server.GrpcServerProtocolService (GrpcServerProtocolService.java:onCompleted(113)) - a32408a4-f19d-4bad-97c5-ba33ae94fc9a: Completed APPEND_ENTRIES, lastRequest: null
2019-10-16 21:54:53,667 [grpc-default-executor-3] INFO  server.GrpcServerProtocolService (GrpcServerProtocolService.java:onCompleted(113)) - 277b5c5e-8c6f-4c9a-a53f-1bbc96404e12: Completed APPEND_ENTRIES, lastRequest: null
2019-10-16 21:54:53,669 [grpc-default-executor-0] INFO  server.GrpcLogAppender (GrpcLogAppender.java:onCompleted(308)) - 6b24a2ab-97ee-4d49-85cc-2d76c2f4b8ef@group-A879564E9E05->a32408a4-f19d-4bad-97c5-ba33ae94fc9a-AppendLogResponseHandler: follower responses appendEntries COMPLETED
2019-10-16 21:54:53,673 [grpc-default-executor-3] INFO  server.GrpcLogAppender (GrpcLogAppender.java:onCompleted(308)) - 6b24a2ab-97ee-4d49-85cc-2d76c2f4b8ef@group-A879564E9E05->277b5c5e-8c6f-4c9a-a53f-1bbc96404e12-AppendLogResponseHandler: follower responses appendEntries COMPLETED
2019-10-16 21:54:53,674 [a32408a4-f19d-4bad-97c5-ba33ae94fc9a@group-A879564E9E05-LeaderElection6] INFO  impl.LeaderElection (LeaderElection.java:logAndReturn(56)) - a32408a4-f19d-4bad-97c5-ba33ae94fc9a@group-A879564E9E05-LeaderElection6: Election PASSED; received 1 response(s) [a32408a4-f19d-4bad-97c5-ba33ae94fc9a<-277b5c5e-8c6f-4c9a-a53f-1bbc96404e12#0:OK-t3] and 0 exception(s); a32408a4-f19d-4bad-97c5-ba33ae94fc9a@group-A879564E9E05:t3, leader=null, voted=a32408a4-f19d-4bad-97c5-ba33ae94fc9a, raftlog=a32408a4-f19d-4bad-97c5-ba33ae94fc9a@group-A879564E9E05-SegmentedRaftLog:OPENED:c-1,f-1,i0, conf=-1: [a32408a4-f19d-4bad-97c5-ba33ae94fc9a:192.168.157.254:38721, 6b24a2ab-97ee-4d49-85cc-2d76c2f4b8ef:192.168.157.254:41080, 277b5c5e-8c6f-4c9a-a53f-1bbc96404e12:192.168.157.254:41416], old=null
2019-10-16 21:54:53,674 [a32408a4-f19d-4bad-97c5-ba33ae94fc9a@group-A879564E9E05-LeaderElection6] INFO  impl.RoleInfo (RoleInfo.java:shutdownLeaderElection(134)) - a32408a4-f19d-4bad-97c5-ba33ae94fc9a: shutdown LeaderElection
2019-10-16 21:54:53,675 [a32408a4-f19d-4bad-97c5-ba33ae94fc9a@group-A879564E9E05-LeaderElection6] INFO  impl.RaftServerImpl (RaftServerImpl.java:setRole(184)) - a32408a4-f19d-4bad-97c5-ba33ae94fc9a@group-A879564E9E05: changes role from CANDIDATE to LEADER at term 3 for changeToLeader
2019-10-16 21:54:53,675 [a32408a4-f19d-4bad-97c5-ba33ae94fc9a@group-A879564E9E05-LeaderElection6] INFO  ratis.XceiverServerRatis (XceiverServerRatis.java:handleLeaderChangedNotification(700)) - Leader change notification received for group: group-A879564E9E05 with new leaderId: a32408a4-f19d-4bad-97c5-ba33ae94fc9a
2019-10-16 21:54:53,676 [a32408a4-f19d-4bad-97c5-ba33ae94fc9a@group-A879564E9E05-LeaderElection6] INFO  impl.RaftServerImpl (ServerState.java:setLeader(256)) - a32408a4-f19d-4bad-97c5-ba33ae94fc9a@group-A879564E9E05: change Leader from null to a32408a4-f19d-4bad-97c5-ba33ae94fc9a at term 3 for becomeLeader, leader elected after 263ms
2019-10-16 21:54:53,678 [a32408a4-f19d-4bad-97c5-ba33ae94fc9a@group-A879564E9E05-LeaderElection6] INFO  server.RaftServerConfigKeys (ConfUtils.java:logGet(43)) - raft.server.staging.catchup.gap = 1000 (default)
2019-10-16 21:54:53,678 [a32408a4-f19d-4bad-97c5-ba33ae94fc9a@group-A879564E9E05-LeaderElection6] INFO  server.RaftServerConfigKeys (ConfUtils.java:logGet(43)) - raft.server.rpc.sleep.time = 25ms (default)
2019-10-16 21:54:53,679 [a32408a4-f19d-4bad-97c5-ba33ae94fc9a@group-A879564E9E05-LeaderElection6] INFO  server.RaftServerConfigKeys (ConfUtils.java:logGet(43)) - raft.server.write.element-limit = 4096 (default)
2019-10-16 21:54:53,679 [grpc-default-executor-3] INFO  impl.FollowerInfo (FollowerInfo.java:lambda$new$0(51)) - 6b24a2ab-97ee-4d49-85cc-2d76c2f4b8ef@group-A879564E9E05->277b5c5e-8c6f-4c9a-a53f-1bbc96404e12: nextIndex: updateUnconditionally 0 -> 0
2019-10-16 21:54:53,679 [a32408a4-f19d-4bad-97c5-ba33ae94fc9a@group-A879564E9E05-LeaderElection6] INFO  server.RaftServerConfigKeys (ConfUtils.java:logGet(43)) - raft.server.watch.timeout = 10s (default)
2019-10-16 21:54:53,679 [grpc-default-executor-0] INFO  impl.FollowerInfo (FollowerInfo.java:lambda$new$0(51)) - 6b24a2ab-97ee-4d49-85cc-2d76c2f4b8ef@group-A879564E9E05->a32408a4-f19d-4bad-97c5-ba33ae94fc9a: nextIndex: updateUnconditionally 0 -> 0
2019-10-16 21:54:53,680 [a32408a4-f19d-4bad-97c5-ba33ae94fc9a@group-A879564E9E05-LeaderElection6] INFO  server.RaftServerConfigKeys (ConfUtils.java:logGet(43)) - raft.server.watch.timeout.denomination = 1s (default)
2019-10-16 21:54:53,680 [a32408a4-f19d-4bad-97c5-ba33ae94fc9a@group-A879564E9E05-LeaderElection6] INFO  server.RaftServerConfigKeys (ConfUtils.java:logGet(43)) - raft.server.watch.element-limit = 65536 (default)
2019-10-16 21:54:53,681 [EventQueue-PipelineReportForPipelineReportHandler] INFO  pipeline.PipelineReportHandler (PipelineReportHandler.java:processPipelineReport(119)) - Pipeline PipelineID=a62af803-4bfc-4f48-a6e7-a879564e9e05 reported by a32408a4-f19d-4bad-97c5-ba33ae94fc9a{ip: 192.168.157.254, host: pr-hdds-1868-qdb9g-714931517, networkLocation: /default-rack, certSerialId: null} with leaderId a32408a4-f19d-4bad-97c5-ba33ae94fc9a
2019-10-16 21:54:53,682 [a32408a4-f19d-4bad-97c5-ba33ae94fc9a@group-A879564E9E05-LeaderElection6] INFO  server.RaftServerConfigKeys (ConfUtils.java:logGet(43)) - raft.server.log.appender.snapshot.chunk.size.max = 16MB (=16777216) (default)
2019-10-16 21:54:53,683 [a32408a4-f19d-4bad-97c5-ba33ae94fc9a@group-A879564E9E05-LeaderElection6] INFO  server.RaftServerConfigKeys (ConfUtils.java:logGet(43)) - raft.server.log.appender.buffer.byte-limit = 33554432 (custom)
2019-10-16 21:54:53,683 [a32408a4-f19d-4bad-97c5-ba33ae94fc9a@group-A879564E9E05-LeaderElection6] INFO  server.RaftServerConfigKeys (ConfUtils.java:logGet(43)) - raft.server.log.appender.buffer.element-limit = 1 (custom)
2019-10-16 21:54:53,683 [a32408a4-f19d-4bad-97c5-ba33ae94fc9a@group-A879564E9E05-LeaderElection6] INFO  grpc.GrpcConfigKeys$Server (ConfUtils.java:logGet(43)) - raft.grpc.server.leader.outstanding.appends.max = 128 (default)
2019-10-16 21:54:53,683 [a32408a4-f19d-4bad-97c5-ba33ae94fc9a@group-A879564E9E05-LeaderElection6] INFO  server.RaftServerConfigKeys (ConfUtils.java:logGet(43)) - raft.server.rpc.request.timeout = 3000ms (default)
2019-10-16 21:54:53,683 [a32408a4-f19d-4bad-97c5-ba33ae94fc9a@group-A879564E9E05-LeaderElection6] INFO  server.RaftServerConfigKeys (ConfUtils.java:logGet(43)) - raft.server.log.appender.install.snapshot.enabled = false (custom)
2019-10-16 21:54:53,685 [a32408a4-f19d-4bad-97c5-ba33ae94fc9a@group-A879564E9E05-LeaderElection6] INFO  server.RaftServerConfigKeys (ConfUtils.java:logGet(43)) - raft.server.log.appender.snapshot.chunk.size.max = 16MB (=16777216) (default)
2019-10-16 21:54:53,685 [a32408a4-f19d-4bad-97c5-ba33ae94fc9a@group-A879564E9E05-LeaderElection6] INFO  server.RaftServerConfigKeys (ConfUtils.java:logGet(43)) - raft.server.log.appender.buffer.byte-limit = 33554432 (custom)
2019-10-16 21:54:53,685 [a32408a4-f19d-4bad-97c5-ba33ae94fc9a@group-A879564E9E05-LeaderElection6] INFO  server.RaftServerConfigKeys (ConfUtils.java:logGet(43)) - raft.server.log.appender.buffer.element-limit = 1 (custom)
2019-10-16 21:54:53,685 [a32408a4-f19d-4bad-97c5-ba33ae94fc9a@group-A879564E9E05-LeaderElection6] INFO  grpc.GrpcConfigKeys$Server (ConfUtils.java:logGet(43)) - raft.grpc.server.leader.outstanding.appends.max = 128 (default)
2019-10-16 21:54:53,685 [a32408a4-f19d-4bad-97c5-ba33ae94fc9a@group-A879564E9E05-LeaderElection6] INFO  server.RaftServerConfigKeys (ConfUtils.java:logGet(43)) - raft.server.rpc.request.timeout = 3000ms (default)
2019-10-16 21:54:53,686 [a32408a4-f19d-4bad-97c5-ba33ae94fc9a@group-A879564E9E05-LeaderElection6] INFO  server.RaftServerConfigKeys (ConfUtils.java:logGet(43)) - raft.server.log.appender.install.snapshot.enabled = false (custom)
2019-10-16 21:54:53,687 [a32408a4-f19d-4bad-97c5-ba33ae94fc9a@group-A879564E9E05-LeaderElection6] INFO  impl.RoleInfo (RoleInfo.java:updateAndGet(143)) - a32408a4-f19d-4bad-97c5-ba33ae94fc9a: start LeaderState
2019-10-16 21:54:53,688 [a32408a4-f19d-4bad-97c5-ba33ae94fc9a@group-A879564E9E05-LeaderElection6] INFO  segmented.SegmentedRaftLogWorker (SegmentedRaftLogWorker.java:startLogSegment(385)) - a32408a4-f19d-4bad-97c5-ba33ae94fc9a@group-A879564E9E05-SegmentedRaftLogWorker: Starting segment from index:0
2019-10-16 21:54:53,688 [a32408a4-f19d-4bad-97c5-ba33ae94fc9a@group-A879564E9E05-LeaderElection6] INFO  impl.RaftServerImpl (ServerState.java:setRaftConf(357)) - a32408a4-f19d-4bad-97c5-ba33ae94fc9a@group-A879564E9E05: set configuration 0: [a32408a4-f19d-4bad-97c5-ba33ae94fc9a:192.168.157.254:38721, 6b24a2ab-97ee-4d49-85cc-2d76c2f4b8ef:192.168.157.254:41080, 277b5c5e-8c6f-4c9a-a53f-1bbc96404e12:192.168.157.254:41416], old=null at 0
2019-10-16 21:54:53,721 [Thread-222] INFO  impl.FollowerState (FollowerState.java:run(108)) - 277b5c5e-8c6f-4c9a-a53f-1bbc96404e12@group-A879564E9E05-FollowerState: change to CANDIDATE, lastRpcTime:70ms, electionTimeout:69ms
2019-10-16 21:54:53,721 [Thread-222] INFO  impl.RoleInfo (RoleInfo.java:shutdownFollowerState(121)) - 277b5c5e-8c6f-4c9a-a53f-1bbc96404e12: shutdown FollowerState
2019-10-16 21:54:53,721 [Thread-222] INFO  impl.RaftServerImpl (RaftServerImpl.java:setRole(184)) - 277b5c5e-8c6f-4c9a-a53f-1bbc96404e12@group-A879564E9E05: changes role from  FOLLOWER to CANDIDATE at term 3 for changeToCandidate
2019-10-16 21:54:53,721 [Thread-222] INFO  impl.RoleInfo (RoleInfo.java:updateAndGet(143)) - 277b5c5e-8c6f-4c9a-a53f-1bbc96404e12: start LeaderElection
2019-10-16 21:54:53,725 [a32408a4-f19d-4bad-97c5-ba33ae94fc9a@group-A879564E9E05-SegmentedRaftLogWorker] INFO  segmented.SegmentedRaftLogWorker (SegmentedRaftLogWorker.java:execute(576)) - a32408a4-f19d-4bad-97c5-ba33ae94fc9a@group-A879564E9E05-SegmentedRaftLogWorker: created new log segment /workdir/hadoop-ozone/ozonefs/target/test-dir/MiniOzoneClusterImpl-bd2adbcd-a8bb-4b9e-9c25-f9aa9b2c6882/datanode-1/data/ratis/a62af803-4bfc-4f48-a6e7-a879564e9e05/current/log_inprogress_0
2019-10-16 21:54:53,726 [277b5c5e-8c6f-4c9a-a53f-1bbc96404e12@group-A879564E9E05-LeaderElection7] INFO  impl.LeaderElection (LeaderElection.java:askForVotes(178)) - 277b5c5e-8c6f-4c9a-a53f-1bbc96404e12@group-A879564E9E05-LeaderElection7: begin an election at term 4 for -1: [a32408a4-f19d-4bad-97c5-ba33ae94fc9a:192.168.157.254:38721, 6b24a2ab-97ee-4d49-85cc-2d76c2f4b8ef:192.168.157.254:41080, 277b5c5e-8c6f-4c9a-a53f-1bbc96404e12:192.168.157.254:41416], old=null
2019-10-16 21:54:53,730 [grpc-default-executor-0] INFO  ratis.XceiverServerRatis (XceiverServerRatis.java:handleLeaderChangedNotification(700)) - Leader change notification received for group: group-A879564E9E05 with new leaderId: a32408a4-f19d-4bad-97c5-ba33ae94fc9a
2019-10-16 21:54:53,731 [grpc-default-executor-0] INFO  impl.RaftServerImpl (ServerState.java:setLeader(256)) - 6b24a2ab-97ee-4d49-85cc-2d76c2f4b8ef@group-A879564E9E05: change Leader from null to a32408a4-f19d-4bad-97c5-ba33ae94fc9a at term 3 for appendEntries, leader elected after 120ms
2019-10-16 21:54:53,733 [grpc-default-executor-2] INFO  impl.RaftServerImpl (ServerState.java:setLeader(256)) - 6b24a2ab-97ee-4d49-85cc-2d76c2f4b8ef@group-A879564E9E05: change Leader from a32408a4-f19d-4bad-97c5-ba33ae94fc9a to null at term 4 for updateCurrentTerm
2019-10-16 21:54:53,733 [grpc-default-executor-1] INFO  impl.RaftServerImpl (ServerState.java:setLeader(256)) - a32408a4-f19d-4bad-97c5-ba33ae94fc9a@group-A879564E9E05: change Leader from a32408a4-f19d-4bad-97c5-ba33ae94fc9a to null at term 4 for updateCurrentTerm
2019-10-16 21:54:53,734 [grpc-default-executor-2] INFO  impl.RaftServerImpl (RaftServerImpl.java:setRole(184)) - 6b24a2ab-97ee-4d49-85cc-2d76c2f4b8ef@group-A879564E9E05: changes role from  FOLLOWER to FOLLOWER at term 4 for recognizeCandidate:277b5c5e-8c6f-4c9a-a53f-1bbc96404e12
2019-10-16 21:54:53,734 [grpc-default-executor-1] INFO  impl.RaftServerImpl (RaftServerImpl.java:setRole(184)) - a32408a4-f19d-4bad-97c5-ba33ae94fc9a@group-A879564E9E05: changes role from    LEADER to FOLLOWER at term 4 for recognizeCandidate:277b5c5e-8c6f-4c9a-a53f-1bbc96404e12
2019-10-16 21:54:53,734 [grpc-default-executor-2] INFO  impl.RoleInfo (RoleInfo.java:shutdownFollowerState(121)) - 6b24a2ab-97ee-4d49-85cc-2d76c2f4b8ef: shutdown FollowerState
2019-10-16 21:54:53,734 [grpc-default-executor-1] INFO  impl.RoleInfo (RoleInfo.java:shutdownLeaderState(104)) - a32408a4-f19d-4bad-97c5-ba33ae94fc9a: shutdown LeaderState
2019-10-16 21:54:53,734 [Thread-223] INFO  impl.FollowerState (FollowerState.java:run(117)) - 6b24a2ab-97ee-4d49-85cc-2d76c2f4b8ef@group-A879564E9E05-FollowerState was interrupted: java.lang.InterruptedException: sleep interrupted
2019-10-16 21:54:53,736 [org.apache.ratis.server.impl.LogAppender$AppenderDaemon$$Lambda$424/607595153@440f3749] WARN  server.GrpcLogAppender (GrpcLogAppender.java:mayWait(149)) - a32408a4-f19d-4bad-97c5-ba33ae94fc9a@group-A879564E9E05->6b24a2ab-97ee-4d49-85cc-2d76c2f4b8ef-GrpcLogAppender: Wait interrupted by java.lang.InterruptedException
2019-10-16 21:54:53,736 [grpc-default-executor-1] INFO  impl.PendingRequests (PendingRequests.java:sendNotLeaderResponses(202)) - a32408a4-f19d-4bad-97c5-ba33ae94fc9a@group-A879564E9E05-PendingRequests: sendNotLeaderResponses
2019-10-16 21:54:53,736 [org.apache.ratis.server.impl.LogAppender$AppenderDaemon$$Lambda$424/607595153@151ffa2c] WARN  server.GrpcLogAppender (GrpcLogAppender.java:mayWait(149)) - a32408a4-f19d-4bad-97c5-ba33ae94fc9a@group-A879564E9E05->277b5c5e-8c6f-4c9a-a53f-1bbc96404e12-GrpcLogAppender: Wait interrupted by java.lang.InterruptedException
2019-10-16 21:54:53,737 [grpc-default-executor-1] INFO  impl.RoleInfo (RoleInfo.java:updateAndGet(143)) - a32408a4-f19d-4bad-97c5-ba33ae94fc9a: start FollowerState
2019-10-16 21:54:53,734 [grpc-default-executor-2] INFO  impl.RoleInfo (RoleInfo.java:updateAndGet(143)) - 6b24a2ab-97ee-4d49-85cc-2d76c2f4b8ef: start FollowerState
2019-10-16 21:54:53,736 [EventQueue-PipelineReportForPipelineReportHandler] INFO  pipeline.PipelineReportHandler (PipelineReportHandler.java:processPipelineReport(119)) - Pipeline PipelineID=a62af803-4bfc-4f48-a6e7-a879564e9e05 reported by 6b24a2ab-97ee-4d49-85cc-2d76c2f4b8ef{ip: 192.168.157.254, host: pr-hdds-1868-qdb9g-714931517, networkLocation: /default-rack, certSerialId: null} with leaderId a32408a4-f19d-4bad-97c5-ba33ae94fc9a
2019-10-16 21:54:53,740 [grpc-default-executor-3] INFO  server.GrpcServerProtocolService (GrpcServerProtocolService.java:onCompleted(113)) - 277b5c5e-8c6f-4c9a-a53f-1bbc96404e12: Completed APPEND_ENTRIES, lastRequest: a32408a4-f19d-4bad-97c5-ba33ae94fc9a->277b5c5e-8c6f-4c9a-a53f-1bbc96404e12#0-t3, previous=(t:0, i:0), leaderCommit=-1, initializing? false, entries: <empty>
2019-10-16 21:54:53,764 [grpc-default-executor-4] INFO  server.GrpcLogAppender (GrpcLogAppender.java:onCompleted(308)) - a32408a4-f19d-4bad-97c5-ba33ae94fc9a@group-A879564E9E05->277b5c5e-8c6f-4c9a-a53f-1bbc96404e12-AppendLogResponseHandler: follower responses appendEntries COMPLETED
2019-10-16 21:54:53,765 [grpc-default-executor-0] INFO  server.GrpcServerProtocolService (GrpcServerProtocolService.java:onCompleted(113)) - 6b24a2ab-97ee-4d49-85cc-2d76c2f4b8ef: Completed APPEND_ENTRIES, lastRequest: a32408a4-f19d-4bad-97c5-ba33ae94fc9a->6b24a2ab-97ee-4d49-85cc-2d76c2f4b8ef#0-t3, previous=(t:0, i:0), leaderCommit=-1, initializing? false, entries: <empty>
2019-10-16 21:54:53,766 [grpc-default-executor-4] INFO  impl.FollowerInfo (FollowerInfo.java:lambda$new$0(51)) - a32408a4-f19d-4bad-97c5-ba33ae94fc9a@group-A879564E9E05->277b5c5e-8c6f-4c9a-a53f-1bbc96404e12: nextIndex: updateUnconditionally 0 -> 0
2019-10-16 21:54:53,773 [277b5c5e-8c6f-4c9a-a53f-1bbc96404e12@group-A879564E9E05-LeaderElection7] INFO  impl.LeaderElection (LeaderElection.java:logAndReturn(56)) - 277b5c5e-8c6f-4c9a-a53f-1bbc96404e12@group-A879564E9E05-LeaderElection7: Election REJECTED; received 2 response(s) [277b5c5e-8c6f-4c9a-a53f-1bbc96404e12<-6b24a2ab-97ee-4d49-85cc-2d76c2f4b8ef#0:FAIL-t4, 277b5c5e-8c6f-4c9a-a53f-1bbc96404e12<-a32408a4-f19d-4bad-97c5-ba33ae94fc9a#0:FAIL-t4] and 0 exception(s); 277b5c5e-8c6f-4c9a-a53f-1bbc96404e12@group-A879564E9E05:t4, leader=null, voted=277b5c5e-8c6f-4c9a-a53f-1bbc96404e12, raftlog=277b5c5e-8c6f-4c9a-a53f-1bbc96404e12@group-A879564E9E05-SegmentedRaftLog:OPENED:c-1,f-1,i0, conf=-1: [a32408a4-f19d-4bad-97c5-ba33ae94fc9a:192.168.157.254:38721, 6b24a2ab-97ee-4d49-85cc-2d76c2f4b8ef:192.168.157.254:41080, 277b5c5e-8c6f-4c9a-a53f-1bbc96404e12:192.168.157.254:41416], old=null
2019-10-16 21:54:53,773 [277b5c5e-8c6f-4c9a-a53f-1bbc96404e12@group-A879564E9E05-LeaderElection7] INFO  impl.RaftServerImpl (RaftServerImpl.java:setRole(184)) - 277b5c5e-8c6f-4c9a-a53f-1bbc96404e12@group-A879564E9E05: changes role from CANDIDATE to FOLLOWER at term 4 for DISCOVERED_A_NEW_TERM
2019-10-16 21:54:53,775 [277b5c5e-8c6f-4c9a-a53f-1bbc96404e12@group-A879564E9E05-LeaderElection7] INFO  impl.RoleInfo (RoleInfo.java:shutdownLeaderElection(134)) - 277b5c5e-8c6f-4c9a-a53f-1bbc96404e12: shutdown LeaderElection
2019-10-16 21:54:53,776 [277b5c5e-8c6f-4c9a-a53f-1bbc96404e12@group-A879564E9E05-LeaderElection7] INFO  impl.RoleInfo (RoleInfo.java:updateAndGet(143)) - 277b5c5e-8c6f-4c9a-a53f-1bbc96404e12: start FollowerState
2019-10-16 21:54:53,776 [grpc-default-executor-4] INFO  server.GrpcLogAppender (GrpcLogAppender.java:onCompleted(308)) - a32408a4-f19d-4bad-97c5-ba33ae94fc9a@group-A879564E9E05->6b24a2ab-97ee-4d49-85cc-2d76c2f4b8ef-AppendLogResponseHandler: follower responses appendEntries COMPLETED
2019-10-16 21:54:53,778 [grpc-default-executor-4] INFO  impl.FollowerInfo (FollowerInfo.java:lambda$new$0(51)) - a32408a4-f19d-4bad-97c5-ba33ae94fc9a@group-A879564E9E05->6b24a2ab-97ee-4d49-85cc-2d76c2f4b8ef: nextIndex: updateUnconditionally 0 -> 0
2019-10-16 21:54:53,838 [Thread-235] INFO  impl.FollowerState (FollowerState.java:run(108)) - 277b5c5e-8c6f-4c9a-a53f-1bbc96404e12@group-A879564E9E05-FollowerState: change to CANDIDATE, lastRpcTime:61ms, electionTimeout:61ms
2019-10-16 21:54:53,838 [Thread-235] INFO  impl.RoleInfo (RoleInfo.java:shutdownFollowerState(121)) - 277b5c5e-8c6f-4c9a-a53f-1bbc96404e12: shutdown FollowerState
2019-10-16 21:54:53,838 [Thread-235] INFO  impl.RaftServerImpl (RaftServerImpl.java:setRole(184)) - 277b5c5e-8c6f-4c9a-a53f-1bbc96404e12@group-A879564E9E05: changes role from  FOLLOWER to CANDIDATE at term 4 for changeToCandidate
2019-10-16 21:54:53,838 [Thread-235] INFO  impl.RoleInfo (RoleInfo.java:updateAndGet(143)) - 277b5c5e-8c6f-4c9a-a53f-1bbc96404e12: start LeaderElection
2019-10-16 21:54:53,854 [277b5c5e-8c6f-4c9a-a53f-1bbc96404e12@group-A879564E9E05-LeaderElection8] INFO  impl.LeaderElection (LeaderElection.java:askForVotes(178)) - 277b5c5e-8c6f-4c9a-a53f-1bbc96404e12@group-A879564E9E05-LeaderElection8: begin an election at term 5 for -1: [a32408a4-f19d-4bad-97c5-ba33ae94fc9a:192.168.157.254:38721, 6b24a2ab-97ee-4d49-85cc-2d76c2f4b8ef:192.168.157.254:41080, 277b5c5e-8c6f-4c9a-a53f-1bbc96404e12:192.168.157.254:41416], old=null
2019-10-16 21:54:53,860 [grpc-default-executor-1] INFO  impl.RaftServerImpl (RaftServerImpl.java:setRole(184)) - a32408a4-f19d-4bad-97c5-ba33ae94fc9a@group-A879564E9E05: changes role from  FOLLOWER to FOLLOWER at term 5 for recognizeCandidate:277b5c5e-8c6f-4c9a-a53f-1bbc96404e12
2019-10-16 21:54:53,860 [grpc-default-executor-1] INFO  impl.RoleInfo (RoleInfo.java:shutdownFollowerState(121)) - a32408a4-f19d-4bad-97c5-ba33ae94fc9a: shutdown FollowerState
2019-10-16 21:54:53,860 [grpc-default-executor-1] INFO  impl.RoleInfo (RoleInfo.java:updateAndGet(143)) - a32408a4-f19d-4bad-97c5-ba33ae94fc9a: start FollowerState
2019-10-16 21:54:53,860 [grpc-default-executor-4] INFO  impl.RaftServerImpl (RaftServerImpl.java:setRole(184)) - 6b24a2ab-97ee-4d49-85cc-2d76c2f4b8ef@group-A879564E9E05: changes role from  FOLLOWER to FOLLOWER at term 5 for recognizeCandidate:277b5c5e-8c6f-4c9a-a53f-1bbc96404e12
2019-10-16 21:54:53,860 [Thread-233] INFO  impl.FollowerState (FollowerState.java:run(117)) - a32408a4-f19d-4bad-97c5-ba33ae94fc9a@group-A879564E9E05-FollowerState was interrupted: java.lang.InterruptedException: sleep interrupted
2019-10-16 21:54:53,860 [grpc-default-executor-4] INFO  impl.RoleInfo (RoleInfo.java:shutdownFollowerState(121)) - 6b24a2ab-97ee-4d49-85cc-2d76c2f4b8ef: shutdown FollowerState
2019-10-16 21:54:53,861 [Thread-232] INFO  impl.FollowerState (FollowerState.java:run(117)) - 6b24a2ab-97ee-4d49-85cc-2d76c2f4b8ef@group-A879564E9E05-FollowerState was interrupted: java.lang.InterruptedException: sleep interrupted
2019-10-16 21:54:53,861 [grpc-default-executor-4] INFO  impl.RoleInfo (RoleInfo.java:updateAndGet(143)) - 6b24a2ab-97ee-4d49-85cc-2d76c2f4b8ef: start FollowerState
2019-10-16 21:54:53,867 [277b5c5e-8c6f-4c9a-a53f-1bbc96404e12@group-A879564E9E05-LeaderElection8] INFO  impl.LeaderElection (LeaderElection.java:logAndReturn(56)) - 277b5c5e-8c6f-4c9a-a53f-1bbc96404e12@group-A879564E9E05-LeaderElection8: Election TIMEOUT; received 0 response(s) [] and 0 exception(s); 277b5c5e-8c6f-4c9a-a53f-1bbc96404e12@group-A879564E9E05:t5, leader=null, voted=277b5c5e-8c6f-4c9a-a53f-1bbc96404e12, raftlog=277b5c5e-8c6f-4c9a-a53f-1bbc96404e12@group-A879564E9E05-SegmentedRaftLog:OPENED:c-1,f-1,i0, conf=-1: [a32408a4-f19d-4bad-97c5-ba33ae94fc9a:192.168.157.254:38721, 6b24a2ab-97ee-4d49-85cc-2d76c2f4b8ef:192.168.157.254:41080, 277b5c5e-8c6f-4c9a-a53f-1bbc96404e12:192.168.157.254:41416], old=null
2019-10-16 21:54:53,874 [277b5c5e-8c6f-4c9a-a53f-1bbc96404e12@group-A879564E9E05-LeaderElection8] INFO  impl.LeaderElection (LeaderElection.java:askForVotes(178)) - 277b5c5e-8c6f-4c9a-a53f-1bbc96404e12@group-A879564E9E05-LeaderElection8: begin an election at term 6 for -1: [a32408a4-f19d-4bad-97c5-ba33ae94fc9a:192.168.157.254:38721, 6b24a2ab-97ee-4d49-85cc-2d76c2f4b8ef:192.168.157.254:41080, 277b5c5e-8c6f-4c9a-a53f-1bbc96404e12:192.168.157.254:41416], old=null
2019-10-16 21:54:53,879 [grpc-default-executor-1] INFO  impl.RaftServerImpl (RaftServerImpl.java:setRole(184)) - a32408a4-f19d-4bad-97c5-ba33ae94fc9a@group-A879564E9E05: changes role from  FOLLOWER to FOLLOWER at term 6 for recognizeCandidate:277b5c5e-8c6f-4c9a-a53f-1bbc96404e12
2019-10-16 21:54:53,880 [grpc-default-executor-1] INFO  impl.RoleInfo (RoleInfo.java:shutdownFollowerState(121)) - a32408a4-f19d-4bad-97c5-ba33ae94fc9a: shutdown FollowerState
2019-10-16 21:54:53,880 [grpc-default-executor-1] INFO  impl.RoleInfo (RoleInfo.java:updateAndGet(143)) - a32408a4-f19d-4bad-97c5-ba33ae94fc9a: start FollowerState
2019-10-16 21:54:53,880 [Thread-239] INFO  impl.FollowerState (FollowerState.java:run(117)) - a32408a4-f19d-4bad-97c5-ba33ae94fc9a@group-A879564E9E05-FollowerState was interrupted: java.lang.InterruptedException: sleep interrupted
2019-10-16 21:54:53,881 [grpc-default-executor-4] INFO  impl.RaftServerImpl (RaftServerImpl.java:setRole(184)) - 6b24a2ab-97ee-4d49-85cc-2d76c2f4b8ef@group-A879564E9E05: changes role from  FOLLOWER to FOLLOWER at term 6 for recognizeCandidate:277b5c5e-8c6f-4c9a-a53f-1bbc96404e12
2019-10-16 21:54:53,881 [grpc-default-executor-4] INFO  impl.RoleInfo (RoleInfo.java:shutdownFollowerState(121)) - 6b24a2ab-97ee-4d49-85cc-2d76c2f4b8ef: shutdown FollowerState
2019-10-16 21:54:53,881 [Thread-240] INFO  impl.FollowerState (FollowerState.java:run(117)) - 6b24a2ab-97ee-4d49-85cc-2d76c2f4b8ef@group-A879564E9E05-FollowerState was interrupted: java.lang.InterruptedException: sleep interrupted
2019-10-16 21:54:53,881 [grpc-default-executor-4] INFO  impl.RoleInfo (RoleInfo.java:updateAndGet(143)) - 6b24a2ab-97ee-4d49-85cc-2d76c2f4b8ef: start FollowerState
2019-10-16 21:54:53,892 [277b5c5e-8c6f-4c9a-a53f-1bbc96404e12@group-A879564E9E05-LeaderElection8] INFO  impl.LeaderElection (LeaderElection.java:logAndReturn(56)) - 277b5c5e-8c6f-4c9a-a53f-1bbc96404e12@group-A879564E9E05-LeaderElection8: Election REJECTED; received 2 response(s) [277b5c5e-8c6f-4c9a-a53f-1bbc96404e12<-a32408a4-f19d-4bad-97c5-ba33ae94fc9a#0:FAIL-t6, 277b5c5e-8c6f-4c9a-a53f-1bbc96404e12<-6b24a2ab-97ee-4d49-85cc-2d76c2f4b8ef#0:FAIL-t6] and 0 exception(s); 277b5c5e-8c6f-4c9a-a53f-1bbc96404e12@group-A879564E9E05:t6, leader=null, voted=277b5c5e-8c6f-4c9a-a53f-1bbc96404e12, raftlog=277b5c5e-8c6f-4c9a-a53f-1bbc96404e12@group-A879564E9E05-SegmentedRaftLog:OPENED:c-1,f-1,i0, conf=-1: [a32408a4-f19d-4bad-97c5-ba33ae94fc9a:192.168.157.254:38721, 6b24a2ab-97ee-4d49-85cc-2d76c2f4b8ef:192.168.157.254:41080, 277b5c5e-8c6f-4c9a-a53f-1bbc96404e12:192.168.157.254:41416], old=null
2019-10-16 21:54:53,893 [277b5c5e-8c6f-4c9a-a53f-1bbc96404e12@group-A879564E9E05-LeaderElection8] INFO  impl.RaftServerImpl (RaftServerImpl.java:setRole(184)) - 277b5c5e-8c6f-4c9a-a53f-1bbc96404e12@group-A879564E9E05: changes role from CANDIDATE to FOLLOWER at term 6 for DISCOVERED_A_NEW_TERM
2019-10-16 21:54:53,894 [277b5c5e-8c6f-4c9a-a53f-1bbc96404e12@group-A879564E9E05-LeaderElection8] INFO  impl.RoleInfo (RoleInfo.java:shutdownLeaderElection(134)) - 277b5c5e-8c6f-4c9a-a53f-1bbc96404e12: shutdown LeaderElection
2019-10-16 21:54:53,894 [277b5c5e-8c6f-4c9a-a53f-1bbc96404e12@group-A879564E9E05-LeaderElection8] INFO  impl.RoleInfo (RoleInfo.java:updateAndGet(143)) - 277b5c5e-8c6f-4c9a-a53f-1bbc96404e12: start FollowerState
2019-10-16 21:54:53,954 [Thread-245] INFO  impl.FollowerState (FollowerState.java:run(108)) - 277b5c5e-8c6f-4c9a-a53f-1bbc96404e12@group-A879564E9E05-FollowerState: change to CANDIDATE, lastRpcTime:59ms, electionTimeout:59ms
2019-10-16 21:54:53,955 [Thread-245] INFO  impl.RoleInfo (RoleInfo.java:shutdownFollowerState(121)) - 277b5c5e-8c6f-4c9a-a53f-1bbc96404e12: shutdown FollowerState
2019-10-16 21:54:53,955 [Thread-245] INFO  impl.RaftServerImpl (RaftServerImpl.java:setRole(184)) - 277b5c5e-8c6f-4c9a-a53f-1bbc96404e12@group-A879564E9E05: changes role from  FOLLOWER to CANDIDATE at term 6 for changeToCandidate
2019-10-16 21:54:53,955 [Thread-245] INFO  impl.RoleInfo (RoleInfo.java:updateAndGet(143)) - 277b5c5e-8c6f-4c9a-a53f-1bbc96404e12: start LeaderElection
2019-10-16 21:54:53,971 [277b5c5e-8c6f-4c9a-a53f-1bbc96404e12@group-A879564E9E05-LeaderElection9] INFO  impl.LeaderElection (LeaderElection.java:askForVotes(178)) - 277b5c5e-8c6f-4c9a-a53f-1bbc96404e12@group-A879564E9E05-LeaderElection9: begin an election at term 7 for -1: [a32408a4-f19d-4bad-97c5-ba33ae94fc9a:192.168.157.254:38721, 6b24a2ab-97ee-4d49-85cc-2d76c2f4b8ef:192.168.157.254:41080, 277b5c5e-8c6f-4c9a-a53f-1bbc96404e12:192.168.157.254:41416], old=null
2019-10-16 21:54:53,979 [grpc-default-executor-4] INFO  impl.RaftServerImpl (RaftServerImpl.java:setRole(184)) - a32408a4-f19d-4bad-97c5-ba33ae94fc9a@group-A879564E9E05: changes role from  FOLLOWER to FOLLOWER at term 7 for recognizeCandidate:277b5c5e-8c6f-4c9a-a53f-1bbc96404e12
2019-10-16 21:54:53,979 [grpc-default-executor-4] INFO  impl.RoleInfo (RoleInfo.java:shutdownFollowerState(121)) - a32408a4-f19d-4bad-97c5-ba33ae94fc9a: shutdown FollowerState
2019-10-16 21:54:53,979 [grpc-default-executor-1] INFO  impl.RaftServerImpl (RaftServerImpl.java:setRole(184)) - 6b24a2ab-97ee-4d49-85cc-2d76c2f4b8ef@group-A879564E9E05: changes role from  FOLLOWER to FOLLOWER at term 7 for recognizeCandidate:277b5c5e-8c6f-4c9a-a53f-1bbc96404e12
2019-10-16 21:54:53,979 [Thread-243] INFO  impl.FollowerState (FollowerState.java:run(117)) - a32408a4-f19d-4bad-97c5-ba33ae94fc9a@group-A879564E9E05-FollowerState was interrupted: java.lang.InterruptedException: sleep interrupted
2019-10-16 21:54:53,979 [grpc-default-executor-1] INFO  impl.RoleInfo (RoleInfo.java:shutdownFollowerState(121)) - 6b24a2ab-97ee-4d49-85cc-2d76c2f4b8ef: shutdown FollowerState
2019-10-16 21:54:53,979 [grpc-default-executor-4] INFO  impl.RoleInfo (RoleInfo.java:updateAndGet(143)) - a32408a4-f19d-4bad-97c5-ba33ae94fc9a: start FollowerState
2019-10-16 21:54:53,985 [grpc-default-executor-1] INFO  impl.RoleInfo (RoleInfo.java:updateAndGet(143)) - 6b24a2ab-97ee-4d49-85cc-2d76c2f4b8ef: start FollowerState
2019-10-16 21:54:53,985 [Thread-244] INFO  impl.FollowerState (FollowerState.java:run(117)) - 6b24a2ab-97ee-4d49-85cc-2d76c2f4b8ef@group-A879564E9E05-FollowerState was interrupted: java.lang.InterruptedException: sleep interrupted
2019-10-16 21:54:54,012 [277b5c5e-8c6f-4c9a-a53f-1bbc96404e12@group-A879564E9E05-LeaderElection9] INFO  impl.LeaderElection (LeaderElection.java:logAndReturn(56)) - 277b5c5e-8c6f-4c9a-a53f-1bbc96404e12@group-A879564E9E05-LeaderElection9: Election REJECTED; received 2 response(s) [277b5c5e-8c6f-4c9a-a53f-1bbc96404e12<-a32408a4-f19d-4bad-97c5-ba33ae94fc9a#0:FAIL-t7, 277b5c5e-8c6f-4c9a-a53f-1bbc96404e12<-6b24a2ab-97ee-4d49-85cc-2d76c2f4b8ef#0:FAIL-t7] and 0 exception(s); 277b5c5e-8c6f-4c9a-a53f-1bbc96404e12@group-A879564E9E05:t7, leader=null, voted=277b5c5e-8c6f-4c9a-a53f-1bbc96404e12, raftlog=277b5c5e-8c6f-4c9a-a53f-1bbc96404e12@group-A879564E9E05-SegmentedRaftLog:OPENED:c-1,f-1,i0, conf=-1: [a32408a4-f19d-4bad-97c5-ba33ae94fc9a:192.168.157.254:38721, 6b24a2ab-97ee-4d49-85cc-2d76c2f4b8ef:192.168.157.254:41080, 277b5c5e-8c6f-4c9a-a53f-1bbc96404e12:192.168.157.254:41416], old=null
2019-10-16 21:54:54,012 [277b5c5e-8c6f-4c9a-a53f-1bbc96404e12@group-A879564E9E05-LeaderElection9] INFO  impl.RaftServerImpl (RaftServerImpl.java:setRole(184)) - 277b5c5e-8c6f-4c9a-a53f-1bbc96404e12@group-A879564E9E05: changes role from CANDIDATE to FOLLOWER at term 7 for DISCOVERED_A_NEW_TERM
2019-10-16 21:54:54,013 [277b5c5e-8c6f-4c9a-a53f-1bbc96404e12@group-A879564E9E05-LeaderElection9] INFO  impl.RoleInfo (RoleInfo.java:shutdownLeaderElection(134)) - 277b5c5e-8c6f-4c9a-a53f-1bbc96404e12: shutdown LeaderElection
2019-10-16 21:54:54,013 [277b5c5e-8c6f-4c9a-a53f-1bbc96404e12@group-A879564E9E05-LeaderElection9] INFO  impl.RoleInfo (RoleInfo.java:updateAndGet(143)) - 277b5c5e-8c6f-4c9a-a53f-1bbc96404e12: start FollowerState
2019-10-16 21:54:54,131 [Thread-251] INFO  impl.FollowerState (FollowerState.java:run(108)) - 277b5c5e-8c6f-4c9a-a53f-1bbc96404e12@group-A879564E9E05-FollowerState: change to CANDIDATE, lastRpcTime:117ms, electionTimeout:116ms
2019-10-16 21:54:54,132 [Thread-251] INFO  impl.RoleInfo (RoleInfo.java:shutdownFollowerState(121)) - 277b5c5e-8c6f-4c9a-a53f-1bbc96404e12: shutdown FollowerState
2019-10-16 21:54:54,132 [Thread-251] INFO  impl.RaftServerImpl (RaftServerImpl.java:setRole(184)) - 277b5c5e-8c6f-4c9a-a53f-1bbc96404e12@group-A879564E9E05: changes role from  FOLLOWER to CANDIDATE at term 7 for changeToCandidate
2019-10-16 21:54:54,133 [Thread-251] INFO  impl.RoleInfo (RoleInfo.java:updateAndGet(143)) - 277b5c5e-8c6f-4c9a-a53f-1bbc96404e12: start LeaderElection
2019-10-16 21:54:54,147 [277b5c5e-8c6f-4c9a-a53f-1bbc96404e12@group-A879564E9E05-LeaderElection10] INFO  impl.LeaderElection (LeaderElection.java:askForVotes(178)) - 277b5c5e-8c6f-4c9a-a53f-1bbc96404e12@group-A879564E9E05-LeaderElection10: begin an election at term 8 for -1: [a32408a4-f19d-4bad-97c5-ba33ae94fc9a:192.168.157.254:38721, 6b24a2ab-97ee-4d49-85cc-2d76c2f4b8ef:192.168.157.254:41080, 277b5c5e-8c6f-4c9a-a53f-1bbc96404e12:192.168.157.254:41416], old=null
2019-10-16 21:54:54,152 [grpc-default-executor-4] INFO  impl.RaftServerImpl (RaftServerImpl.java:setRole(184)) - a32408a4-f19d-4bad-97c5-ba33ae94fc9a@group-A879564E9E05: changes role from  FOLLOWER to FOLLOWER at term 8 for recognizeCandidate:277b5c5e-8c6f-4c9a-a53f-1bbc96404e12
2019-10-16 21:54:54,153 [grpc-default-executor-1] INFO  impl.RaftServerImpl (RaftServerImpl.java:setRole(184)) - 6b24a2ab-97ee-4d49-85cc-2d76c2f4b8ef@group-A879564E9E05: changes role from  FOLLOWER to FOLLOWER at term 8 for recognizeCandidate:277b5c5e-8c6f-4c9a-a53f-1bbc96404e12
2019-10-16 21:54:54,153 [grpc-default-executor-4] INFO  impl.RoleInfo (RoleInfo.java:shutdownFollowerState(121)) - a32408a4-f19d-4bad-97c5-ba33ae94fc9a: shutdown FollowerState
2019-10-16 21:54:54,153 [grpc-default-executor-1] INFO  impl.RoleInfo (RoleInfo.java:shutdownFollowerState(121)) - 6b24a2ab-97ee-4d49-85cc-2d76c2f4b8ef: shutdown FollowerState
2019-10-16 21:54:54,153 [Thread-249] INFO  impl.FollowerState (FollowerState.java:run(117)) - a32408a4-f19d-4bad-97c5-ba33ae94fc9a@group-A879564E9E05-FollowerState was interrupted: java.lang.InterruptedException: sleep interrupted
2019-10-16 21:54:54,153 [Thread-250] INFO  impl.FollowerState (FollowerState.java:run(117)) - 6b24a2ab-97ee-4d49-85cc-2d76c2f4b8ef@group-A879564E9E05-FollowerState was interrupted: java.lang.InterruptedException: sleep interrupted
2019-10-16 21:54:54,153 [grpc-default-executor-4] INFO  impl.RoleInfo (RoleInfo.java:updateAndGet(143)) - a32408a4-f19d-4bad-97c5-ba33ae94fc9a: start FollowerState
2019-10-16 21:54:54,153 [grpc-default-executor-1] INFO  impl.RoleInfo (RoleInfo.java:updateAndGet(143)) - 6b24a2ab-97ee-4d49-85cc-2d76c2f4b8ef: start FollowerState
2019-10-16 21:54:54,170 [277b5c5e-8c6f-4c9a-a53f-1bbc96404e12@group-A879564E9E05-LeaderElection10] INFO  impl.LeaderElection (LeaderElection.java:logAndReturn(56)) - 277b5c5e-8c6f-4c9a-a53f-1bbc96404e12@group-A879564E9E05-LeaderElection10: Election REJECTED; received 2 response(s) [277b5c5e-8c6f-4c9a-a53f-1bbc96404e12<-6b24a2ab-97ee-4d49-85cc-2d76c2f4b8ef#0:FAIL-t8, 277b5c5e-8c6f-4c9a-a53f-1bbc96404e12<-a32408a4-f19d-4bad-97c5-ba33ae94fc9a#0:FAIL-t8] and 0 exception(s); 277b5c5e-8c6f-4c9a-a53f-1bbc96404e12@group-A879564E9E05:t8, leader=null, voted=277b5c5e-8c6f-4c9a-a53f-1bbc96404e12, raftlog=277b5c5e-8c6f-4c9a-a53f-1bbc96404e12@group-A879564E9E05-SegmentedRaftLog:OPENED:c-1,f-1,i0, conf=-1: [a32408a4-f19d-4bad-97c5-ba33ae94fc9a:192.168.157.254:38721, 6b24a2ab-97ee-4d49-85cc-2d76c2f4b8ef:192.168.157.254:41080, 277b5c5e-8c6f-4c9a-a53f-1bbc96404e12:192.168.157.254:41416], old=null
2019-10-16 21:54:54,171 [277b5c5e-8c6f-4c9a-a53f-1bbc96404e12@group-A879564E9E05-LeaderElection10] INFO  impl.RaftServerImpl (RaftServerImpl.java:setRole(184)) - 277b5c5e-8c6f-4c9a-a53f-1bbc96404e12@group-A879564E9E05: changes role from CANDIDATE to FOLLOWER at term 8 for DISCOVERED_A_NEW_TERM
2019-10-16 21:54:54,172 [277b5c5e-8c6f-4c9a-a53f-1bbc96404e12@group-A879564E9E05-LeaderElection10] INFO  impl.RoleInfo (RoleInfo.java:shutdownLeaderElection(134)) - 277b5c5e-8c6f-4c9a-a53f-1bbc96404e12: shutdown LeaderElection
2019-10-16 21:54:54,172 [277b5c5e-8c6f-4c9a-a53f-1bbc96404e12@group-A879564E9E05-LeaderElection10] INFO  impl.RoleInfo (RoleInfo.java:updateAndGet(143)) - 277b5c5e-8c6f-4c9a-a53f-1bbc96404e12: start FollowerState
2019-10-16 21:54:54,206 [Thread-257] INFO  impl.FollowerState (FollowerState.java:run(108)) - 277b5c5e-8c6f-4c9a-a53f-1bbc96404e12@group-A879564E9E05-FollowerState: change to CANDIDATE, lastRpcTime:33ms, electionTimeout:32ms
2019-10-16 21:54:54,206 [Thread-257] INFO  impl.RoleInfo (RoleInfo.java:shutdownFollowerState(121)) - 277b5c5e-8c6f-4c9a-a53f-1bbc96404e12: shutdown FollowerState
2019-10-16 21:54:54,207 [Thread-257] INFO  impl.RaftServerImpl (RaftServerImpl.java:setRole(184)) - 277b5c5e-8c6f-4c9a-a53f-1bbc96404e12@group-A879564E9E05: changes role from  FOLLOWER to CANDIDATE at term 8 for changeToCandidate
2019-10-16 21:54:54,207 [Thread-257] INFO  impl.RoleInfo (RoleInfo.java:updateAndGet(143)) - 277b5c5e-8c6f-4c9a-a53f-1bbc96404e12: start LeaderElection
2019-10-16 21:54:54,221 [277b5c5e-8c6f-4c9a-a53f-1bbc96404e12@group-A879564E9E05-LeaderElection11] INFO  impl.LeaderElection (LeaderElection.java:askForVotes(178)) - 277b5c5e-8c6f-4c9a-a53f-1bbc96404e12@group-A879564E9E05-LeaderElection11: begin an election at term 9 for -1: [a32408a4-f19d-4bad-97c5-ba33ae94fc9a:192.168.157.254:38721, 6b24a2ab-97ee-4d49-85cc-2d76c2f4b8ef:192.168.157.254:41080, 277b5c5e-8c6f-4c9a-a53f-1bbc96404e12:192.168.157.254:41416], old=null
2019-10-16 21:54:54,227 [grpc-default-executor-1] INFO  impl.RaftServerImpl (RaftServerImpl.java:setRole(184)) - 6b24a2ab-97ee-4d49-85cc-2d76c2f4b8ef@group-A879564E9E05: changes role from  FOLLOWER to FOLLOWER at term 9 for recognizeCandidate:277b5c5e-8c6f-4c9a-a53f-1bbc96404e12
2019-10-16 21:54:54,227 [grpc-default-executor-4] INFO  impl.RaftServerImpl (RaftServerImpl.java:setRole(184)) - a32408a4-f19d-4bad-97c5-ba33ae94fc9a@group-A879564E9E05: changes role from  FOLLOWER to FOLLOWER at term 9 for recognizeCandidate:277b5c5e-8c6f-4c9a-a53f-1bbc96404e12
2019-10-16 21:54:54,227 [grpc-default-executor-1] INFO  impl.RoleInfo (RoleInfo.java:shutdownFollowerState(121)) - 6b24a2ab-97ee-4d49-85cc-2d76c2f4b8ef: shutdown FollowerState
2019-10-16 21:54:54,227 [grpc-default-executor-4] INFO  impl.RoleInfo (RoleInfo.java:shutdownFollowerState(121)) - a32408a4-f19d-4bad-97c5-ba33ae94fc9a: shutdown FollowerState
2019-10-16 21:54:54,227 [Thread-256] INFO  impl.FollowerState (FollowerState.java:run(117)) - 6b24a2ab-97ee-4d49-85cc-2d76c2f4b8ef@group-A879564E9E05-FollowerState was interrupted: java.lang.InterruptedException: sleep interrupted
2019-10-16 21:54:54,227 [grpc-default-executor-4] INFO  impl.RoleInfo (RoleInfo.java:updateAndGet(143)) - a32408a4-f19d-4bad-97c5-ba33ae94fc9a: start FollowerState
2019-10-16 21:54:54,227 [Thread-255] INFO  impl.FollowerState (FollowerState.java:run(117)) - a32408a4-f19d-4bad-97c5-ba33ae94fc9a@group-A879564E9E05-FollowerState was interrupted: java.lang.InterruptedException: sleep interrupted
2019-10-16 21:54:54,227 [grpc-default-executor-1] INFO  impl.RoleInfo (RoleInfo.java:updateAndGet(143)) - 6b24a2ab-97ee-4d49-85cc-2d76c2f4b8ef: start FollowerState
2019-10-16 21:54:54,243 [277b5c5e-8c6f-4c9a-a53f-1bbc96404e12@group-A879564E9E05-LeaderElection11] INFO  impl.LeaderElection (LeaderElection.java:logAndReturn(56)) - 277b5c5e-8c6f-4c9a-a53f-1bbc96404e12@group-A879564E9E05-LeaderElection11: Election REJECTED; received 2 response(s) [277b5c5e-8c6f-4c9a-a53f-1bbc96404e12<-6b24a2ab-97ee-4d49-85cc-2d76c2f4b8ef#0:FAIL-t9, 277b5c5e-8c6f-4c9a-a53f-1bbc96404e12<-a32408a4-f19d-4bad-97c5-ba33ae94fc9a#0:FAIL-t9] and 0 exception(s); 277b5c5e-8c6f-4c9a-a53f-1bbc96404e12@group-A879564E9E05:t9, leader=null, voted=277b5c5e-8c6f-4c9a-a53f-1bbc96404e12, raftlog=277b5c5e-8c6f-4c9a-a53f-1bbc96404e12@group-A879564E9E05-SegmentedRaftLog:OPENED:c-1,f-1,i0, conf=-1: [a32408a4-f19d-4bad-97c5-ba33ae94fc9a:192.168.157.254:38721, 6b24a2ab-97ee-4d49-85cc-2d76c2f4b8ef:192.168.157.254:41080, 277b5c5e-8c6f-4c9a-a53f-1bbc96404e12:192.168.157.254:41416], old=null
2019-10-16 21:54:54,243 [277b5c5e-8c6f-4c9a-a53f-1bbc96404e12@group-A879564E9E05-LeaderElection11] INFO  impl.RaftServerImpl (RaftServerImpl.java:setRole(184)) - 277b5c5e-8c6f-4c9a-a53f-1bbc96404e12@group-A879564E9E05: changes role from CANDIDATE to FOLLOWER at term 9 for DISCOVERED_A_NEW_TERM
2019-10-16 21:54:54,244 [277b5c5e-8c6f-4c9a-a53f-1bbc96404e12@group-A879564E9E05-LeaderElection11] INFO  impl.RoleInfo (RoleInfo.java:shutdownLeaderElection(134)) - 277b5c5e-8c6f-4c9a-a53f-1bbc96404e12: shutdown LeaderElection
2019-10-16 21:54:54,244 [277b5c5e-8c6f-4c9a-a53f-1bbc96404e12@group-A879564E9E05-LeaderElection11] INFO  impl.RoleInfo (RoleInfo.java:updateAndGet(143)) - 277b5c5e-8c6f-4c9a-a53f-1bbc96404e12: start FollowerState
2019-10-16 21:54:54,355 [Thread-263] INFO  impl.FollowerState (FollowerState.java:run(108)) - 277b5c5e-8c6f-4c9a-a53f-1bbc96404e12@group-A879564E9E05-FollowerState: change to CANDIDATE, lastRpcTime:111ms, electionTimeout:110ms
2019-10-16 21:54:54,356 [Thread-263] INFO  impl.RoleInfo (RoleInfo.java:shutdownFollowerState(121)) - 277b5c5e-8c6f-4c9a-a53f-1bbc96404e12: shutdown FollowerState
2019-10-16 21:54:54,356 [Thread-263] INFO  impl.RaftServerImpl (RaftServerImpl.java:setRole(184)) - 277b5c5e-8c6f-4c9a-a53f-1bbc96404e12@group-A879564E9E05: changes role from  FOLLOWER to CANDIDATE at term 9 for changeToCandidate
2019-10-16 21:54:54,357 [Thread-263] INFO  impl.RoleInfo (RoleInfo.java:updateAndGet(143)) - 277b5c5e-8c6f-4c9a-a53f-1bbc96404e12: start LeaderElection
2019-10-16 21:54:54,362 [277b5c5e-8c6f-4c9a-a53f-1bbc96404e12@group-A879564E9E05-LeaderElection12] INFO  impl.LeaderElection (LeaderElection.java:askForVotes(178)) - 277b5c5e-8c6f-4c9a-a53f-1bbc96404e12@group-A879564E9E05-LeaderElection12: begin an election at term 10 for -1: [a32408a4-f19d-4bad-97c5-ba33ae94fc9a:192.168.157.254:38721, 6b24a2ab-97ee-4d49-85cc-2d76c2f4b8ef:192.168.157.254:41080, 277b5c5e-8c6f-4c9a-a53f-1bbc96404e12:192.168.157.254:41416], old=null
2019-10-16 21:54:54,367 [grpc-default-executor-1] INFO  impl.RaftServerImpl (RaftServerImpl.java:setRole(184)) - 6b24a2ab-97ee-4d49-85cc-2d76c2f4b8ef@group-A879564E9E05: changes role from  FOLLOWER to FOLLOWER at term 10 for recognizeCandidate:277b5c5e-8c6f-4c9a-a53f-1bbc96404e12
2019-10-16 21:54:54,367 [grpc-default-executor-1] INFO  impl.RoleInfo (RoleInfo.java:shutdownFollowerState(121)) - 6b24a2ab-97ee-4d49-85cc-2d76c2f4b8ef: shutdown FollowerState
2019-10-16 21:54:54,368 [Thread-261] INFO  impl.FollowerState (FollowerState.java:run(117)) - 6b24a2ab-97ee-4d49-85cc-2d76c2f4b8ef@group-A879564E9E05-FollowerState was interrupted: java.lang.InterruptedException: sleep interrupted
2019-10-16 21:54:54,368 [grpc-default-executor-1] INFO  impl.RoleInfo (RoleInfo.java:updateAndGet(143)) - 6b24a2ab-97ee-4d49-85cc-2d76c2f4b8ef: start FollowerState
2019-10-16 21:54:54,369 [grpc-default-executor-4] INFO  impl.RaftServerImpl (RaftServerImpl.java:setRole(184)) - a32408a4-f19d-4bad-97c5-ba33ae94fc9a@group-A879564E9E05: changes role from  FOLLOWER to FOLLOWER at term 10 for recognizeCandidate:277b5c5e-8c6f-4c9a-a53f-1bbc96404e12
2019-10-16 21:54:54,369 [grpc-default-executor-4] INFO  impl.RoleInfo (RoleInfo.java:shutdownFollowerState(121)) - a32408a4-f19d-4bad-97c5-ba33ae94fc9a: shutdown FollowerState
2019-10-16 21:54:54,369 [Thread-262] INFO  impl.FollowerState (FollowerState.java:run(117)) - a32408a4-f19d-4bad-97c5-ba33ae94fc9a@group-A879564E9E05-FollowerState was interrupted: java.lang.InterruptedException: sleep interrupted
2019-10-16 21:54:54,369 [grpc-default-executor-4] INFO  impl.RoleInfo (RoleInfo.java:updateAndGet(143)) - a32408a4-f19d-4bad-97c5-ba33ae94fc9a: start FollowerState
2019-10-16 21:54:54,381 [277b5c5e-8c6f-4c9a-a53f-1bbc96404e12@group-A879564E9E05-LeaderElection12] INFO  impl.LeaderElection (LeaderElection.java:logAndReturn(56)) - 277b5c5e-8c6f-4c9a-a53f-1bbc96404e12@group-A879564E9E05-LeaderElection12: Election REJECTED; received 2 response(s) [277b5c5e-8c6f-4c9a-a53f-1bbc96404e12<-6b24a2ab-97ee-4d49-85cc-2d76c2f4b8ef#0:FAIL-t10, 277b5c5e-8c6f-4c9a-a53f-1bbc96404e12<-a32408a4-f19d-4bad-97c5-ba33ae94fc9a#0:FAIL-t10] and 0 exception(s); 277b5c5e-8c6f-4c9a-a53f-1bbc96404e12@group-A879564E9E05:t10, leader=null, voted=277b5c5e-8c6f-4c9a-a53f-1bbc96404e12, raftlog=277b5c5e-8c6f-4c9a-a53f-1bbc96404e12@group-A879564E9E05-SegmentedRaftLog:OPENED:c-1,f-1,i0, conf=-1: [a32408a4-f19d-4bad-97c5-ba33ae94fc9a:192.168.157.254:38721, 6b24a2ab-97ee-4d49-85cc-2d76c2f4b8ef:192.168.157.254:41080, 277b5c5e-8c6f-4c9a-a53f-1bbc96404e12:192.168.157.254:41416], old=null
2019-10-16 21:54:54,381 [277b5c5e-8c6f-4c9a-a53f-1bbc96404e12@group-A879564E9E05-LeaderElection12] INFO  impl.RaftServerImpl (RaftServerImpl.java:setRole(184)) - 277b5c5e-8c6f-4c9a-a53f-1bbc96404e12@group-A879564E9E05: changes role from CANDIDATE to FOLLOWER at term 10 for DISCOVERED_A_NEW_TERM
2019-10-16 21:54:54,382 [277b5c5e-8c6f-4c9a-a53f-1bbc96404e12@group-A879564E9E05-LeaderElection12] INFO  impl.RoleInfo (RoleInfo.java:shutdownLeaderElection(134)) - 277b5c5e-8c6f-4c9a-a53f-1bbc96404e12: shutdown LeaderElection
2019-10-16 21:54:54,383 [277b5c5e-8c6f-4c9a-a53f-1bbc96404e12@group-A879564E9E05-LeaderElection12] INFO  impl.RoleInfo (RoleInfo.java:updateAndGet(143)) - 277b5c5e-8c6f-4c9a-a53f-1bbc96404e12: start FollowerState
2019-10-16 21:54:54,389 [Thread-269] INFO  impl.FollowerState (FollowerState.java:run(108)) - 277b5c5e-8c6f-4c9a-a53f-1bbc96404e12@group-A879564E9E05-FollowerState: change to CANDIDATE, lastRpcTime:6ms, electionTimeout:5ms
2019-10-16 21:54:54,389 [Thread-269] INFO  impl.RoleInfo (RoleInfo.java:shutdownFollowerState(121)) - 277b5c5e-8c6f-4c9a-a53f-1bbc96404e12: shutdown FollowerState
2019-10-16 21:54:54,390 [Thread-269] INFO  impl.RaftServerImpl (RaftServerImpl.java:setRole(184)) - 277b5c5e-8c6f-4c9a-a53f-1bbc96404e12@group-A879564E9E05: changes role from  FOLLOWER to CANDIDATE at term 10 for changeToCandidate
2019-10-16 21:54:54,390 [Thread-269] INFO  impl.RoleInfo (RoleInfo.java:updateAndGet(143)) - 277b5c5e-8c6f-4c9a-a53f-1bbc96404e12: start LeaderElection
2019-10-16 21:54:54,404 [277b5c5e-8c6f-4c9a-a53f-1bbc96404e12@group-A879564E9E05-LeaderElection13] INFO  impl.LeaderElection (LeaderElection.java:askForVotes(178)) - 277b5c5e-8c6f-4c9a-a53f-1bbc96404e12@group-A879564E9E05-LeaderElection13: begin an election at term 11 for -1: [a32408a4-f19d-4bad-97c5-ba33ae94fc9a:192.168.157.254:38721, 6b24a2ab-97ee-4d49-85cc-2d76c2f4b8ef:192.168.157.254:41080, 277b5c5e-8c6f-4c9a-a53f-1bbc96404e12:192.168.157.254:41416], old=null
2019-10-16 21:54:54,411 [grpc-default-executor-1] INFO  impl.RaftServerImpl (RaftServerImpl.java:setRole(184)) - 6b24a2ab-97ee-4d49-85cc-2d76c2f4b8ef@group-A879564E9E05: changes role from  FOLLOWER to FOLLOWER at term 11 for recognizeCandidate:277b5c5e-8c6f-4c9a-a53f-1bbc96404e12
2019-10-16 21:54:54,411 [grpc-default-executor-1] INFO  impl.RoleInfo (RoleInfo.java:shutdownFollowerState(121)) - 6b24a2ab-97ee-4d49-85cc-2d76c2f4b8ef: shutdown FollowerState
2019-10-16 21:54:54,412 [Thread-267] INFO  impl.FollowerState (FollowerState.java:run(117)) - 6b24a2ab-97ee-4d49-85cc-2d76c2f4b8ef@group-A879564E9E05-FollowerState was interrupted: java.lang.InterruptedException: sleep interrupted
2019-10-16 21:54:54,412 [grpc-default-executor-1] INFO  impl.RoleInfo (RoleInfo.java:updateAndGet(143)) - 6b24a2ab-97ee-4d49-85cc-2d76c2f4b8ef: start FollowerState
2019-10-16 21:54:54,415 [grpc-default-executor-4] INFO  impl.RaftServerImpl (RaftServerImpl.java:setRole(184)) - a32408a4-f19d-4bad-97c5-ba33ae94fc9a@group-A879564E9E05: changes role from  FOLLOWER to FOLLOWER at term 11 for recognizeCandidate:277b5c5e-8c6f-4c9a-a53f-1bbc96404e12
2019-10-16 21:54:54,415 [grpc-default-executor-4] INFO  impl.RoleInfo (RoleInfo.java:shutdownFollowerState(121)) - a32408a4-f19d-4bad-97c5-ba33ae94fc9a: shutdown FollowerState
2019-10-16 21:54:54,415 [Thread-268] INFO  impl.FollowerState (FollowerState.java:run(117)) - a32408a4-f19d-4bad-97c5-ba33ae94fc9a@group-A879564E9E05-FollowerState was interrupted: java.lang.InterruptedException: sleep interrupted
2019-10-16 21:54:54,415 [grpc-default-executor-4] INFO  impl.RoleInfo (RoleInfo.java:updateAndGet(143)) - a32408a4-f19d-4bad-97c5-ba33ae94fc9a: start FollowerState
2019-10-16 21:54:54,428 [277b5c5e-8c6f-4c9a-a53f-1bbc96404e12@group-A879564E9E05-LeaderElection13] INFO  impl.LeaderElection (LeaderElection.java:logAndReturn(56)) - 277b5c5e-8c6f-4c9a-a53f-1bbc96404e12@group-A879564E9E05-LeaderElection13: Election REJECTED; received 2 response(s) [277b5c5e-8c6f-4c9a-a53f-1bbc96404e12<-6b24a2ab-97ee-4d49-85cc-2d76c2f4b8ef#0:FAIL-t11, 277b5c5e-8c6f-4c9a-a53f-1bbc96404e12<-a32408a4-f19d-4bad-97c5-ba33ae94fc9a#0:FAIL-t11] and 0 exception(s); 277b5c5e-8c6f-4c9a-a53f-1bbc96404e12@group-A879564E9E05:t11, leader=null, voted=277b5c5e-8c6f-4c9a-a53f-1bbc96404e12, raftlog=277b5c5e-8c6f-4c9a-a53f-1bbc96404e12@group-A879564E9E05-SegmentedRaftLog:OPENED:c-1,f-1,i0, conf=-1: [a32408a4-f19d-4bad-97c5-ba33ae94fc9a:192.168.157.254:38721, 6b24a2ab-97ee-4d49-85cc-2d76c2f4b8ef:192.168.157.254:41080, 277b5c5e-8c6f-4c9a-a53f-1bbc96404e12:192.168.157.254:41416], old=null
2019-10-16 21:54:54,429 [277b5c5e-8c6f-4c9a-a53f-1bbc96404e12@group-A879564E9E05-LeaderElection13] INFO  impl.RaftServerImpl (RaftServerImpl.java:setRole(184)) - 277b5c5e-8c6f-4c9a-a53f-1bbc96404e12@group-A879564E9E05: changes role from CANDIDATE to FOLLOWER at term 11 for DISCOVERED_A_NEW_TERM
2019-10-16 21:54:54,429 [277b5c5e-8c6f-4c9a-a53f-1bbc96404e12@group-A879564E9E05-LeaderElection13] INFO  impl.RoleInfo (RoleInfo.java:shutdownLeaderElection(134)) - 277b5c5e-8c6f-4c9a-a53f-1bbc96404e12: shutdown LeaderElection
2019-10-16 21:54:54,429 [277b5c5e-8c6f-4c9a-a53f-1bbc96404e12@group-A879564E9E05-LeaderElection13] INFO  impl.RoleInfo (RoleInfo.java:updateAndGet(143)) - 277b5c5e-8c6f-4c9a-a53f-1bbc96404e12: start FollowerState
2019-10-16 21:54:54,511 [Thread-0] INFO  ozone.MiniOzoneClusterImpl (MiniOzoneClusterImpl.java:lambda$waitForClusterToBeReady$2(164)) - Waiting for 1 number of pipelines out of 4, to report a leader.
2019-10-16 21:54:54,514 [Thread-275] INFO  impl.FollowerState (FollowerState.java:run(108)) - 277b5c5e-8c6f-4c9a-a53f-1bbc96404e12@group-A879564E9E05-FollowerState: change to CANDIDATE, lastRpcTime:84ms, electionTimeout:81ms
2019-10-16 21:54:54,514 [Thread-275] INFO  impl.RoleInfo (RoleInfo.java:shutdownFollowerState(121)) - 277b5c5e-8c6f-4c9a-a53f-1bbc96404e12: shutdown FollowerState
2019-10-16 21:54:54,514 [Thread-275] INFO  impl.RaftServerImpl (RaftServerImpl.java:setRole(184)) - 277b5c5e-8c6f-4c9a-a53f-1bbc96404e12@group-A879564E9E05: changes role from  FOLLOWER to CANDIDATE at term 11 for changeToCandidate
2019-10-16 21:54:54,514 [Thread-275] INFO  impl.RoleInfo (RoleInfo.java:updateAndGet(143)) - 277b5c5e-8c6f-4c9a-a53f-1bbc96404e12: start LeaderElection
2019-10-16 21:54:54,541 [277b5c5e-8c6f-4c9a-a53f-1bbc96404e12@group-A879564E9E05-LeaderElection14] INFO  impl.LeaderElection (LeaderElection.java:askForVotes(178)) - 277b5c5e-8c6f-4c9a-a53f-1bbc96404e12@group-A879564E9E05-LeaderElection14: begin an election at term 12 for -1: [a32408a4-f19d-4bad-97c5-ba33ae94fc9a:192.168.157.254:38721, 6b24a2ab-97ee-4d49-85cc-2d76c2f4b8ef:192.168.157.254:41080, 277b5c5e-8c6f-4c9a-a53f-1bbc96404e12:192.168.157.254:41416], old=null
2019-10-16 21:54:54,548 [grpc-default-executor-4] INFO  impl.RaftServerImpl (RaftServerImpl.java:setRole(184)) - a32408a4-f19d-4bad-97c5-ba33ae94fc9a@group-A879564E9E05: changes role from  FOLLOWER to FOLLOWER at term 12 for recognizeCandidate:277b5c5e-8c6f-4c9a-a53f-1bbc96404e12
2019-10-16 21:54:54,548 [grpc-default-executor-4] INFO  impl.RoleInfo (RoleInfo.java:shutdownFollowerState(121)) - a32408a4-f19d-4bad-97c5-ba33ae94fc9a: shutdown FollowerState
2019-10-16 21:54:54,548 [Thread-274] INFO  impl.FollowerState (FollowerState.java:run(117)) - a32408a4-f19d-4bad-97c5-ba33ae94fc9a@group-A879564E9E05-FollowerState was interrupted: java.lang.InterruptedException: sleep interrupted
2019-10-16 21:54:54,548 [grpc-default-executor-4] INFO  impl.RoleInfo (RoleInfo.java:updateAndGet(143)) - a32408a4-f19d-4bad-97c5-ba33ae94fc9a: start FollowerState
2019-10-16 21:54:54,548 [grpc-default-executor-1] INFO  impl.RaftServerImpl (RaftServerImpl.java:setRole(184)) - 6b24a2ab-97ee-4d49-85cc-2d76c2f4b8ef@group-A879564E9E05: changes role from  FOLLOWER to FOLLOWER at term 12 for recognizeCandidate:277b5c5e-8c6f-4c9a-a53f-1bbc96404e12
2019-10-16 21:54:54,549 [grpc-default-executor-1] INFO  impl.RoleInfo (RoleInfo.java:shutdownFollowerState(121)) - 6b24a2ab-97ee-4d49-85cc-2d76c2f4b8ef: shutdown FollowerState
2019-10-16 21:54:54,549 [Thread-273] INFO  impl.FollowerState (FollowerState.java:run(117)) - 6b24a2ab-97ee-4d49-85cc-2d76c2f4b8ef@group-A879564E9E05-FollowerState was interrupted: java.lang.InterruptedException: sleep interrupted
2019-10-16 21:54:54,549 [grpc-default-executor-1] INFO  impl.RoleInfo (RoleInfo.java:updateAndGet(143)) - 6b24a2ab-97ee-4d49-85cc-2d76c2f4b8ef: start FollowerState
2019-10-16 21:54:54,560 [277b5c5e-8c6f-4c9a-a53f-1bbc96404e12@group-A879564E9E05-LeaderElection14] INFO  impl.LeaderElection (LeaderElection.java:logAndReturn(56)) - 277b5c5e-8c6f-4c9a-a53f-1bbc96404e12@group-A879564E9E05-LeaderElection14: Election REJECTED; received 2 response(s) [277b5c5e-8c6f-4c9a-a53f-1bbc96404e12<-a32408a4-f19d-4bad-97c5-ba33ae94fc9a#0:FAIL-t12, 277b5c5e-8c6f-4c9a-a53f-1bbc96404e12<-6b24a2ab-97ee-4d49-85cc-2d76c2f4b8ef#0:FAIL-t12] and 0 exception(s); 277b5c5e-8c6f-4c9a-a53f-1bbc96404e12@group-A879564E9E05:t12, leader=null, voted=277b5c5e-8c6f-4c9a-a53f-1bbc96404e12, raftlog=277b5c5e-8c6f-4c9a-a53f-1bbc96404e12@group-A879564E9E05-SegmentedRaftLog:OPENED:c-1,f-1,i0, conf=-1: [a32408a4-f19d-4bad-97c5-ba33ae94fc9a:192.168.157.254:38721, 6b24a2ab-97ee-4d49-85cc-2d76c2f4b8ef:192.168.157.254:41080, 277b5c5e-8c6f-4c9a-a53f-1bbc96404e12:192.168.157.254:41416], old=null
2019-10-16 21:54:54,561 [277b5c5e-8c6f-4c9a-a53f-1bbc96404e12@group-A879564E9E05-LeaderElection14] INFO  impl.RaftServerImpl (RaftServerImpl.java:setRole(184)) - 277b5c5e-8c6f-4c9a-a53f-1bbc96404e12@group-A879564E9E05: changes role from CANDIDATE to FOLLOWER at term 12 for DISCOVERED_A_NEW_TERM
2019-10-16 21:54:54,561 [277b5c5e-8c6f-4c9a-a53f-1bbc96404e12@group-A879564E9E05-LeaderElection14] INFO  impl.RoleInfo (RoleInfo.java:shutdownLeaderElection(134)) - 277b5c5e-8c6f-4c9a-a53f-1bbc96404e12: shutdown LeaderElection
2019-10-16 21:54:54,561 [277b5c5e-8c6f-4c9a-a53f-1bbc96404e12@group-A879564E9E05-LeaderElection14] INFO  impl.RoleInfo (RoleInfo.java:updateAndGet(143)) - 277b5c5e-8c6f-4c9a-a53f-1bbc96404e12: start FollowerState
2019-10-16 21:54:54,592 [Thread-281] INFO  impl.FollowerState (FollowerState.java:run(108)) - 277b5c5e-8c6f-4c9a-a53f-1bbc96404e12@group-A879564E9E05-FollowerState: change to CANDIDATE, lastRpcTime:31ms, electionTimeout:31ms
2019-10-16 21:54:54,593 [Thread-281] INFO  impl.RoleInfo (RoleInfo.java:shutdownFollowerState(121)) - 277b5c5e-8c6f-4c9a-a53f-1bbc96404e12: shutdown FollowerState
2019-10-16 21:54:54,593 [Thread-281] INFO  impl.RaftServerImpl (RaftServerImpl.java:setRole(184)) - 277b5c5e-8c6f-4c9a-a53f-1bbc96404e12@group-A879564E9E05: changes role from  FOLLOWER to CANDIDATE at term 12 for changeToCandidate
2019-10-16 21:54:54,594 [Thread-281] INFO  impl.RoleInfo (RoleInfo.java:updateAndGet(143)) - 277b5c5e-8c6f-4c9a-a53f-1bbc96404e12: start LeaderElection
2019-10-16 21:54:54,607 [277b5c5e-8c6f-4c9a-a53f-1bbc96404e12@group-A879564E9E05-LeaderElection15] INFO  impl.LeaderElection (LeaderElection.java:askForVotes(178)) - 277b5c5e-8c6f-4c9a-a53f-1bbc96404e12@group-A879564E9E05-LeaderElection15: begin an election at term 13 for -1: [a32408a4-f19d-4bad-97c5-ba33ae94fc9a:192.168.157.254:38721, 6b24a2ab-97ee-4d49-85cc-2d76c2f4b8ef:192.168.157.254:41080, 277b5c5e-8c6f-4c9a-a53f-1bbc96404e12:192.168.157.254:41416], old=null
2019-10-16 21:54:54,612 [grpc-default-executor-1] INFO  impl.RaftServerImpl (RaftServerImpl.java:setRole(184)) - a32408a4-f19d-4bad-97c5-ba33ae94fc9a@group-A879564E9E05: changes role from  FOLLOWER to FOLLOWER at term 13 for recognizeCandidate:277b5c5e-8c6f-4c9a-a53f-1bbc96404e12
2019-10-16 21:54:54,613 [grpc-default-executor-1] INFO  impl.RoleInfo (RoleInfo.java:shutdownFollowerState(121)) - a32408a4-f19d-4bad-97c5-ba33ae94fc9a: shutdown FollowerState
2019-10-16 21:54:54,613 [grpc-default-executor-1] INFO  impl.RoleInfo (RoleInfo.java:updateAndGet(143)) - a32408a4-f19d-4bad-97c5-ba33ae94fc9a: start FollowerState
2019-10-16 21:54:54,613 [grpc-default-executor-4] INFO  impl.RaftServerImpl (RaftServerImpl.java:setRole(184)) - 6b24a2ab-97ee-4d49-85cc-2d76c2f4b8ef@group-A879564E9E05: changes role from  FOLLOWER to FOLLOWER at term 13 for recognizeCandidate:277b5c5e-8c6f-4c9a-a53f-1bbc96404e12
2019-10-16 21:54:54,613 [Thread-279] INFO  impl.FollowerState (FollowerState.java:run(117)) - a32408a4-f19d-4bad-97c5-ba33ae94fc9a@group-A879564E9E05-FollowerState was interrupted: java.lang.InterruptedException: sleep interrupted
2019-10-16 21:54:54,613 [grpc-default-executor-4] INFO  impl.RoleInfo (RoleInfo.java:shutdownFollowerState(121)) - 6b24a2ab-97ee-4d49-85cc-2d76c2f4b8ef: shutdown FollowerState
2019-10-16 21:54:54,614 [Thread-280] INFO  impl.FollowerState (FollowerState.java:run(117)) - 6b24a2ab-97ee-4d49-85cc-2d76c2f4b8ef@group-A879564E9E05-FollowerState was interrupted: java.lang.InterruptedException: sleep interrupted
2019-10-16 21:54:54,614 [grpc-default-executor-4] INFO  impl.RoleInfo (RoleInfo.java:updateAndGet(143)) - 6b24a2ab-97ee-4d49-85cc-2d76c2f4b8ef: start FollowerState
2019-10-16 21:54:54,629 [277b5c5e-8c6f-4c9a-a53f-1bbc96404e12@group-A879564E9E05-LeaderElection15] INFO  impl.LeaderElection (LeaderElection.java:logAndReturn(56)) - 277b5c5e-8c6f-4c9a-a53f-1bbc96404e12@group-A879564E9E05-LeaderElection15: Election REJECTED; received 2 response(s) [277b5c5e-8c6f-4c9a-a53f-1bbc96404e12<-a32408a4-f19d-4bad-97c5-ba33ae94fc9a#0:FAIL-t13, 277b5c5e-8c6f-4c9a-a53f-1bbc96404e12<-6b24a2ab-97ee-4d49-85cc-2d76c2f4b8ef#0:FAIL-t13] and 0 exception(s); 277b5c5e-8c6f-4c9a-a53f-1bbc96404e12@group-A879564E9E05:t13, leader=null, voted=277b5c5e-8c6f-4c9a-a53f-1bbc96404e12, raftlog=277b5c5e-8c6f-4c9a-a53f-1bbc96404e12@group-A879564E9E05-SegmentedRaftLog:OPENED:c-1,f-1,i0, conf=-1: [a32408a4-f19d-4bad-97c5-ba33ae94fc9a:192.168.157.254:38721, 6b24a2ab-97ee-4d49-85cc-2d76c2f4b8ef:192.168.157.254:41080, 277b5c5e-8c6f-4c9a-a53f-1bbc96404e12:192.168.157.254:41416], old=null
2019-10-16 21:54:54,629 [277b5c5e-8c6f-4c9a-a53f-1bbc96404e12@group-A879564E9E05-LeaderElection15] INFO  impl.RaftServerImpl (RaftServerImpl.java:setRole(184)) - 277b5c5e-8c6f-4c9a-a53f-1bbc96404e12@group-A879564E9E05: changes role from CANDIDATE to FOLLOWER at term 13 for DISCOVERED_A_NEW_TERM
2019-10-16 21:54:54,629 [277b5c5e-8c6f-4c9a-a53f-1bbc96404e12@group-A879564E9E05-LeaderElection15] INFO  impl.RoleInfo (RoleInfo.java:shutdownLeaderElection(134)) - 277b5c5e-8c6f-4c9a-a53f-1bbc96404e12: shutdown LeaderElection
2019-10-16 21:54:54,630 [277b5c5e-8c6f-4c9a-a53f-1bbc96404e12@group-A879564E9E05-LeaderElection15] INFO  impl.RoleInfo (RoleInfo.java:updateAndGet(143)) - 277b5c5e-8c6f-4c9a-a53f-1bbc96404e12: start FollowerState
2019-10-16 21:54:54,753 [Thread-287] INFO  impl.FollowerState (FollowerState.java:run(108)) - 277b5c5e-8c6f-4c9a-a53f-1bbc96404e12@group-A879564E9E05-FollowerState: change to CANDIDATE, lastRpcTime:123ms, electionTimeout:123ms
2019-10-16 21:54:54,754 [Thread-287] INFO  impl.RoleInfo (RoleInfo.java:shutdownFollowerState(121)) - 277b5c5e-8c6f-4c9a-a53f-1bbc96404e12: shutdown FollowerState
2019-10-16 21:54:54,754 [Thread-287] INFO  impl.RaftServerImpl (RaftServerImpl.java:setRole(184)) - 277b5c5e-8c6f-4c9a-a53f-1bbc96404e12@group-A879564E9E05: changes role from  FOLLOWER to CANDIDATE at term 13 for changeToCandidate
2019-10-16 21:54:54,754 [Thread-287] INFO  impl.RoleInfo (RoleInfo.java:updateAndGet(143)) - 277b5c5e-8c6f-4c9a-a53f-1bbc96404e12: start LeaderElection
2019-10-16 21:54:54,774 [277b5c5e-8c6f-4c9a-a53f-1bbc96404e12@group-A879564E9E05-LeaderElection16] INFO  impl.LeaderElection (LeaderElection.java:askForVotes(178)) - 277b5c5e-8c6f-4c9a-a53f-1bbc96404e12@group-A879564E9E05-LeaderElection16: begin an election at term 14 for -1: [a32408a4-f19d-4bad-97c5-ba33ae94fc9a:192.168.157.254:38721, 6b24a2ab-97ee-4d49-85cc-2d76c2f4b8ef:192.168.157.254:41080, 277b5c5e-8c6f-4c9a-a53f-1bbc96404e12:192.168.157.254:41416], old=null
2019-10-16 21:54:54,778 [277b5c5e-8c6f-4c9a-a53f-1bbc96404e12@group-A879564E9E05-LeaderElection16] INFO  impl.LeaderElection (LeaderElection.java:logAndReturn(56)) - 277b5c5e-8c6f-4c9a-a53f-1bbc96404e12@group-A879564E9E05-LeaderElection16: Election TIMEOUT; received 0 response(s) [] and 0 exception(s); 277b5c5e-8c6f-4c9a-a53f-1bbc96404e12@group-A879564E9E05:t14, leader=null, voted=277b5c5e-8c6f-4c9a-a53f-1bbc96404e12, raftlog=277b5c5e-8c6f-4c9a-a53f-1bbc96404e12@group-A879564E9E05-SegmentedRaftLog:OPENED:c-1,f-1,i0, conf=-1: [a32408a4-f19d-4bad-97c5-ba33ae94fc9a:192.168.157.254:38721, 6b24a2ab-97ee-4d49-85cc-2d76c2f4b8ef:192.168.157.254:41080, 277b5c5e-8c6f-4c9a-a53f-1bbc96404e12:192.168.157.254:41416], old=null
2019-10-16 21:54:54,782 [grpc-default-executor-4] INFO  impl.RaftServerImpl (RaftServerImpl.java:setRole(184)) - 6b24a2ab-97ee-4d49-85cc-2d76c2f4b8ef@group-A879564E9E05: changes role from  FOLLOWER to FOLLOWER at term 14 for recognizeCandidate:277b5c5e-8c6f-4c9a-a53f-1bbc96404e12
2019-10-16 21:54:54,782 [grpc-default-executor-1] INFO  impl.RaftServerImpl (RaftServerImpl.java:setRole(184)) - a32408a4-f19d-4bad-97c5-ba33ae94fc9a@group-A879564E9E05: changes role from  FOLLOWER to FOLLOWER at term 14 for recognizeCandidate:277b5c5e-8c6f-4c9a-a53f-1bbc96404e12
2019-10-16 21:54:54,783 [grpc-default-executor-1] INFO  impl.RoleInfo (RoleInfo.java:shutdownFollowerState(121)) - a32408a4-f19d-4bad-97c5-ba33ae94fc9a: shutdown FollowerState
2019-10-16 21:54:54,782 [grpc-default-executor-4] INFO  impl.RoleInfo (RoleInfo.java:shutdownFollowerState(121)) - 6b24a2ab-97ee-4d49-85cc-2d76c2f4b8ef: shutdown FollowerState
2019-10-16 21:54:54,783 [grpc-default-executor-1] INFO  impl.RoleInfo (RoleInfo.java:updateAndGet(143)) - a32408a4-f19d-4bad-97c5-ba33ae94fc9a: start FollowerState
2019-10-16 21:54:54,783 [Thread-285] INFO  impl.FollowerState (FollowerState.java:run(117)) - a32408a4-f19d-4bad-97c5-ba33ae94fc9a@group-A879564E9E05-FollowerState was interrupted: java.lang.InterruptedException: sleep interrupted
2019-10-16 21:54:54,784 [Thread-286] INFO  impl.FollowerState (FollowerState.java:run(117)) - 6b24a2ab-97ee-4d49-85cc-2d76c2f4b8ef@group-A879564E9E05-FollowerState was interrupted: java.lang.InterruptedException: sleep interrupted
2019-10-16 21:54:54,784 [grpc-default-executor-4] INFO  impl.RoleInfo (RoleInfo.java:updateAndGet(143)) - 6b24a2ab-97ee-4d49-85cc-2d76c2f4b8ef: start FollowerState
2019-10-16 21:54:54,795 [277b5c5e-8c6f-4c9a-a53f-1bbc96404e12@group-A879564E9E05-LeaderElection16] INFO  impl.LeaderElection (LeaderElection.java:askForVotes(178)) - 277b5c5e-8c6f-4c9a-a53f-1bbc96404e12@group-A879564E9E05-LeaderElection16: begin an election at term 15 for -1: [a32408a4-f19d-4bad-97c5-ba33ae94fc9a:192.168.157.254:38721, 6b24a2ab-97ee-4d49-85cc-2d76c2f4b8ef:192.168.157.254:41080, 277b5c5e-8c6f-4c9a-a53f-1bbc96404e12:192.168.157.254:41416], old=null
2019-10-16 21:54:54,799 [grpc-default-executor-1] INFO  impl.RaftServerImpl (RaftServerImpl.java:setRole(184)) - 6b24a2ab-97ee-4d49-85cc-2d76c2f4b8ef@group-A879564E9E05: changes role from  FOLLOWER to FOLLOWER at term 15 for recognizeCandidate:277b5c5e-8c6f-4c9a-a53f-1bbc96404e12
2019-10-16 21:54:54,799 [grpc-default-executor-1] INFO  impl.RoleInfo (RoleInfo.java:shutdownFollowerState(121)) - 6b24a2ab-97ee-4d49-85cc-2d76c2f4b8ef: shutdown FollowerState
2019-10-16 21:54:54,799 [Thread-292] INFO  impl.FollowerState (FollowerState.java:run(117)) - 6b24a2ab-97ee-4d49-85cc-2d76c2f4b8ef@group-A879564E9E05-FollowerState was interrupted: java.lang.InterruptedException: sleep interrupted
2019-10-16 21:54:54,799 [grpc-default-executor-1] INFO  impl.RoleInfo (RoleInfo.java:updateAndGet(143)) - 6b24a2ab-97ee-4d49-85cc-2d76c2f4b8ef: start FollowerState
2019-10-16 21:54:54,799 [grpc-default-executor-4] INFO  impl.RaftServerImpl (RaftServerImpl.java:setRole(184)) - a32408a4-f19d-4bad-97c5-ba33ae94fc9a@group-A879564E9E05: changes role from  FOLLOWER to FOLLOWER at term 15 for recognizeCandidate:277b5c5e-8c6f-4c9a-a53f-1bbc96404e12
2019-10-16 21:54:54,803 [grpc-default-executor-4] INFO  impl.RoleInfo (RoleInfo.java:shutdownFollowerState(121)) - a32408a4-f19d-4bad-97c5-ba33ae94fc9a: shutdown FollowerState
2019-10-16 21:54:54,803 [Thread-291] INFO  impl.FollowerState (FollowerState.java:run(117)) - a32408a4-f19d-4bad-97c5-ba33ae94fc9a@group-A879564E9E05-FollowerState was interrupted: java.lang.InterruptedException: sleep interrupted
2019-10-16 21:54:54,803 [grpc-default-executor-4] INFO  impl.RoleInfo (RoleInfo.java:updateAndGet(143)) - a32408a4-f19d-4bad-97c5-ba33ae94fc9a: start FollowerState
2019-10-16 21:54:54,818 [277b5c5e-8c6f-4c9a-a53f-1bbc96404e12@group-A879564E9E05-LeaderElection16] INFO  impl.LeaderElection (LeaderElection.java:logAndReturn(56)) - 277b5c5e-8c6f-4c9a-a53f-1bbc96404e12@group-A879564E9E05-LeaderElection16: Election REJECTED; received 2 response(s) [277b5c5e-8c6f-4c9a-a53f-1bbc96404e12<-6b24a2ab-97ee-4d49-85cc-2d76c2f4b8ef#0:FAIL-t15, 277b5c5e-8c6f-4c9a-a53f-1bbc96404e12<-a32408a4-f19d-4bad-97c5-ba33ae94fc9a#0:FAIL-t15] and 0 exception(s); 277b5c5e-8c6f-4c9a-a53f-1bbc96404e12@group-A879564E9E05:t15, leader=null, voted=277b5c5e-8c6f-4c9a-a53f-1bbc96404e12, raftlog=277b5c5e-8c6f-4c9a-a53f-1bbc96404e12@group-A879564E9E05-SegmentedRaftLog:OPENED:c-1,f-1,i0, conf=-1: [a32408a4-f19d-4bad-97c5-ba33ae94fc9a:192.168.157.254:38721, 6b24a2ab-97ee-4d49-85cc-2d76c2f4b8ef:192.168.157.254:41080, 277b5c5e-8c6f-4c9a-a53f-1bbc96404e12:192.168.157.254:41416], old=null
2019-10-16 21:54:54,818 [277b5c5e-8c6f-4c9a-a53f-1bbc96404e12@group-A879564E9E05-LeaderElection16] INFO  impl.RaftServerImpl (RaftServerImpl.java:setRole(184)) - 277b5c5e-8c6f-4c9a-a53f-1bbc96404e12@group-A879564E9E05: changes role from CANDIDATE to FOLLOWER at term 15 for DISCOVERED_A_NEW_TERM
2019-10-16 21:54:54,818 [277b5c5e-8c6f-4c9a-a53f-1bbc96404e12@group-A879564E9E05-LeaderElection16] INFO  impl.RoleInfo (RoleInfo.java:shutdownLeaderElection(134)) - 277b5c5e-8c6f-4c9a-a53f-1bbc96404e12: shutdown LeaderElection
2019-10-16 21:54:54,818 [277b5c5e-8c6f-4c9a-a53f-1bbc96404e12@group-A879564E9E05-LeaderElection16] INFO  impl.RoleInfo (RoleInfo.java:updateAndGet(143)) - 277b5c5e-8c6f-4c9a-a53f-1bbc96404e12: start FollowerState
2019-10-16 21:54:55,005 [Thread-297] INFO  impl.FollowerState (FollowerState.java:run(108)) - 277b5c5e-8c6f-4c9a-a53f-1bbc96404e12@group-A879564E9E05-FollowerState: change to CANDIDATE, lastRpcTime:186ms, electionTimeout:186ms
2019-10-16 21:54:55,006 [Thread-297] INFO  impl.RoleInfo (RoleInfo.java:shutdownFollowerState(121)) - 277b5c5e-8c6f-4c9a-a53f-1bbc96404e12: shutdown FollowerState
2019-10-16 21:54:55,007 [Thread-297] INFO  impl.RaftServerImpl (RaftServerImpl.java:setRole(184)) - 277b5c5e-8c6f-4c9a-a53f-1bbc96404e12@group-A879564E9E05: changes role from  FOLLOWER to CANDIDATE at term 15 for changeToCandidate
2019-10-16 21:54:55,007 [Thread-297] INFO  impl.RoleInfo (RoleInfo.java:updateAndGet(143)) - 277b5c5e-8c6f-4c9a-a53f-1bbc96404e12: start LeaderElection
2019-10-16 21:54:55,014 [277b5c5e-8c6f-4c9a-a53f-1bbc96404e12@group-A879564E9E05-LeaderElection17] INFO  impl.LeaderElection (LeaderElection.java:askForVotes(178)) - 277b5c5e-8c6f-4c9a-a53f-1bbc96404e12@group-A879564E9E05-LeaderElection17: begin an election at term 16 for -1: [a32408a4-f19d-4bad-97c5-ba33ae94fc9a:192.168.157.254:38721, 6b24a2ab-97ee-4d49-85cc-2d76c2f4b8ef:192.168.157.254:41080, 277b5c5e-8c6f-4c9a-a53f-1bbc96404e12:192.168.157.254:41416], old=null
2019-10-16 21:54:55,019 [grpc-default-executor-4] INFO  impl.RaftServerImpl (RaftServerImpl.java:setRole(184)) - a32408a4-f19d-4bad-97c5-ba33ae94fc9a@group-A879564E9E05: changes role from  FOLLOWER to FOLLOWER at term 16 for recognizeCandidate:277b5c5e-8c6f-4c9a-a53f-1bbc96404e12
2019-10-16 21:54:55,019 [grpc-default-executor-1] INFO  impl.RaftServerImpl (RaftServerImpl.java:setRole(184)) - 6b24a2ab-97ee-4d49-85cc-2d76c2f4b8ef@group-A879564E9E05: changes role from  FOLLOWER to FOLLOWER at term 16 for recognizeCandidate:277b5c5e-8c6f-4c9a-a53f-1bbc96404e12
2019-10-16 21:54:55,019 [grpc-default-executor-4] INFO  impl.RoleInfo (RoleInfo.java:shutdownFollowerState(121)) - a32408a4-f19d-4bad-97c5-ba33ae94fc9a: shutdown FollowerState
2019-10-16 21:54:55,019 [grpc-default-executor-1] INFO  impl.RoleInfo (RoleInfo.java:shutdownFollowerState(121)) - 6b24a2ab-97ee-4d49-85cc-2d76c2f4b8ef: shutdown FollowerState
2019-10-16 21:54:55,019 [grpc-default-executor-4] INFO  impl.RoleInfo (RoleInfo.java:updateAndGet(143)) - a32408a4-f19d-4bad-97c5-ba33ae94fc9a: start FollowerState
2019-10-16 21:54:55,019 [Thread-296] INFO  impl.FollowerState (FollowerState.java:run(117)) - a32408a4-f19d-4bad-97c5-ba33ae94fc9a@group-A879564E9E05-FollowerState was interrupted: java.lang.InterruptedException: sleep interrupted
2019-10-16 21:54:55,019 [Thread-295] INFO  impl.FollowerState (FollowerState.java:run(117)) - 6b24a2ab-97ee-4d49-85cc-2d76c2f4b8ef@group-A879564E9E05-FollowerState was interrupted: java.lang.InterruptedException: sleep interrupted
2019-10-16 21:54:55,019 [grpc-default-executor-1] INFO  impl.RoleInfo (RoleInfo.java:updateAndGet(143)) - 6b24a2ab-97ee-4d49-85cc-2d76c2f4b8ef: start FollowerState
2019-10-16 21:54:55,036 [277b5c5e-8c6f-4c9a-a53f-1bbc96404e12@group-A879564E9E05-LeaderElection17] INFO  impl.LeaderElection (LeaderElection.java:logAndReturn(56)) - 277b5c5e-8c6f-4c9a-a53f-1bbc96404e12@group-A879564E9E05-LeaderElection17: Election REJECTED; received 2 response(s) [277b5c5e-8c6f-4c9a-a53f-1bbc96404e12<-6b24a2ab-97ee-4d49-85cc-2d76c2f4b8ef#0:FAIL-t16, 277b5c5e-8c6f-4c9a-a53f-1bbc96404e12<-a32408a4-f19d-4bad-97c5-ba33ae94fc9a#0:FAIL-t16] and 0 exception(s); 277b5c5e-8c6f-4c9a-a53f-1bbc96404e12@group-A879564E9E05:t16, leader=null, voted=277b5c5e-8c6f-4c9a-a53f-1bbc96404e12, raftlog=277b5c5e-8c6f-4c9a-a53f-1bbc96404e12@group-A879564E9E05-SegmentedRaftLog:OPENED:c-1,f-1,i0, conf=-1: [a32408a4-f19d-4bad-97c5-ba33ae94fc9a:192.168.157.254:38721, 6b24a2ab-97ee-4d49-85cc-2d76c2f4b8ef:192.168.157.254:41080, 277b5c5e-8c6f-4c9a-a53f-1bbc96404e12:192.168.157.254:41416], old=null
2019-10-16 21:54:55,036 [277b5c5e-8c6f-4c9a-a53f-1bbc96404e12@group-A879564E9E05-LeaderElection17] INFO  impl.RaftServerImpl (RaftServerImpl.java:setRole(184)) - 277b5c5e-8c6f-4c9a-a53f-1bbc96404e12@group-A879564E9E05: changes role from CANDIDATE to FOLLOWER at term 16 for DISCOVERED_A_NEW_TERM
2019-10-16 21:54:55,036 [277b5c5e-8c6f-4c9a-a53f-1bbc96404e12@group-A879564E9E05-LeaderElection17] INFO  impl.RoleInfo (RoleInfo.java:shutdownLeaderElection(134)) - 277b5c5e-8c6f-4c9a-a53f-1bbc96404e12: shutdown LeaderElection
2019-10-16 21:54:55,037 [277b5c5e-8c6f-4c9a-a53f-1bbc96404e12@group-A879564E9E05-LeaderElection17] INFO  impl.RoleInfo (RoleInfo.java:updateAndGet(143)) - 277b5c5e-8c6f-4c9a-a53f-1bbc96404e12: start FollowerState
2019-10-16 21:54:55,198 [Thread-303] INFO  impl.FollowerState (FollowerState.java:run(108)) - 277b5c5e-8c6f-4c9a-a53f-1bbc96404e12@group-A879564E9E05-FollowerState: change to CANDIDATE, lastRpcTime:161ms, electionTimeout:161ms
2019-10-16 21:54:55,199 [Thread-303] INFO  impl.RoleInfo (RoleInfo.java:shutdownFollowerState(121)) - 277b5c5e-8c6f-4c9a-a53f-1bbc96404e12: shutdown FollowerState
2019-10-16 21:54:55,200 [Thread-303] INFO  impl.RaftServerImpl (RaftServerImpl.java:setRole(184)) - 277b5c5e-8c6f-4c9a-a53f-1bbc96404e12@group-A879564E9E05: changes role from  FOLLOWER to CANDIDATE at term 16 for changeToCandidate
2019-10-16 21:54:55,200 [Thread-303] INFO  impl.RoleInfo (RoleInfo.java:updateAndGet(143)) - 277b5c5e-8c6f-4c9a-a53f-1bbc96404e12: start LeaderElection
2019-10-16 21:54:55,212 [277b5c5e-8c6f-4c9a-a53f-1bbc96404e12@group-A879564E9E05-LeaderElection18] INFO  impl.LeaderElection (LeaderElection.java:askForVotes(178)) - 277b5c5e-8c6f-4c9a-a53f-1bbc96404e12@group-A879564E9E05-LeaderElection18: begin an election at term 17 for -1: [a32408a4-f19d-4bad-97c5-ba33ae94fc9a:192.168.157.254:38721, 6b24a2ab-97ee-4d49-85cc-2d76c2f4b8ef:192.168.157.254:41080, 277b5c5e-8c6f-4c9a-a53f-1bbc96404e12:192.168.157.254:41416], old=null
2019-10-16 21:54:55,216 [grpc-default-executor-1] INFO  impl.RaftServerImpl (RaftServerImpl.java:setRole(184)) - 6b24a2ab-97ee-4d49-85cc-2d76c2f4b8ef@group-A879564E9E05: changes role from  FOLLOWER to FOLLOWER at term 17 for recognizeCandidate:277b5c5e-8c6f-4c9a-a53f-1bbc96404e12
2019-10-16 21:54:55,216 [grpc-default-executor-4] INFO  impl.RaftServerImpl (RaftServerImpl.java:setRole(184)) - a32408a4-f19d-4bad-97c5-ba33ae94fc9a@group-A879564E9E05: changes role from  FOLLOWER to FOLLOWER at term 17 for recognizeCandidate:277b5c5e-8c6f-4c9a-a53f-1bbc96404e12
2019-10-16 21:54:55,216 [grpc-default-executor-1] INFO  impl.RoleInfo (RoleInfo.java:shutdownFollowerState(121)) - 6b24a2ab-97ee-4d49-85cc-2d76c2f4b8ef: shutdown FollowerState
2019-10-16 21:54:55,217 [grpc-default-executor-4] INFO  impl.RoleInfo (RoleInfo.java:shutdownFollowerState(121)) - a32408a4-f19d-4bad-97c5-ba33ae94fc9a: shutdown FollowerState
2019-10-16 21:54:55,217 [grpc-default-executor-1] INFO  impl.RoleInfo (RoleInfo.java:updateAndGet(143)) - 6b24a2ab-97ee-4d49-85cc-2d76c2f4b8ef: start FollowerState
2019-10-16 21:54:55,217 [Thread-302] INFO  impl.FollowerState (FollowerState.java:run(117)) - 6b24a2ab-97ee-4d49-85cc-2d76c2f4b8ef@group-A879564E9E05-FollowerState was interrupted: java.lang.InterruptedException: sleep interrupted
2019-10-16 21:54:55,217 [Thread-301] INFO  impl.FollowerState (FollowerState.java:run(117)) - a32408a4-f19d-4bad-97c5-ba33ae94fc9a@group-A879564E9E05-FollowerState was interrupted: java.lang.InterruptedException: sleep interrupted
2019-10-16 21:54:55,217 [grpc-default-executor-4] INFO  impl.RoleInfo (RoleInfo.java:updateAndGet(143)) - a32408a4-f19d-4bad-97c5-ba33ae94fc9a: start FollowerState
2019-10-16 21:54:55,233 [277b5c5e-8c6f-4c9a-a53f-1bbc96404e12@group-A879564E9E05-LeaderElection18] INFO  impl.LeaderElection (LeaderElection.java:logAndReturn(56)) - 277b5c5e-8c6f-4c9a-a53f-1bbc96404e12@group-A879564E9E05-LeaderElection18: Election REJECTED; received 2 response(s) [277b5c5e-8c6f-4c9a-a53f-1bbc96404e12<-6b24a2ab-97ee-4d49-85cc-2d76c2f4b8ef#0:FAIL-t17, 277b5c5e-8c6f-4c9a-a53f-1bbc96404e12<-a32408a4-f19d-4bad-97c5-ba33ae94fc9a#0:FAIL-t17] and 0 exception(s); 277b5c5e-8c6f-4c9a-a53f-1bbc96404e12@group-A879564E9E05:t17, leader=null, voted=277b5c5e-8c6f-4c9a-a53f-1bbc96404e12, raftlog=277b5c5e-8c6f-4c9a-a53f-1bbc96404e12@group-A879564E9E05-SegmentedRaftLog:OPENED:c-1,f-1,i0, conf=-1: [a32408a4-f19d-4bad-97c5-ba33ae94fc9a:192.168.157.254:38721, 6b24a2ab-97ee-4d49-85cc-2d76c2f4b8ef:192.168.157.254:41080, 277b5c5e-8c6f-4c9a-a53f-1bbc96404e12:192.168.157.254:41416], old=null
2019-10-16 21:54:55,234 [277b5c5e-8c6f-4c9a-a53f-1bbc96404e12@group-A879564E9E05-LeaderElection18] INFO  impl.RaftServerImpl (RaftServerImpl.java:setRole(184)) - 277b5c5e-8c6f-4c9a-a53f-1bbc96404e12@group-A879564E9E05: changes role from CANDIDATE to FOLLOWER at term 17 for DISCOVERED_A_NEW_TERM
2019-10-16 21:54:55,234 [277b5c5e-8c6f-4c9a-a53f-1bbc96404e12@group-A879564E9E05-LeaderElection18] INFO  impl.RoleInfo (RoleInfo.java:shutdownLeaderElection(134)) - 277b5c5e-8c6f-4c9a-a53f-1bbc96404e12: shutdown LeaderElection
2019-10-16 21:54:55,234 [277b5c5e-8c6f-4c9a-a53f-1bbc96404e12@group-A879564E9E05-LeaderElection18] INFO  impl.RoleInfo (RoleInfo.java:updateAndGet(143)) - 277b5c5e-8c6f-4c9a-a53f-1bbc96404e12: start FollowerState
2019-10-16 21:54:55,382 [Thread-309] INFO  impl.FollowerState (FollowerState.java:run(108)) - 277b5c5e-8c6f-4c9a-a53f-1bbc96404e12@group-A879564E9E05-FollowerState: change to CANDIDATE, lastRpcTime:147ms, electionTimeout:147ms
2019-10-16 21:54:55,384 [Thread-309] INFO  impl.RoleInfo (RoleInfo.java:shutdownFollowerState(121)) - 277b5c5e-8c6f-4c9a-a53f-1bbc96404e12: shutdown FollowerState
2019-10-16 21:54:55,385 [Thread-309] INFO  impl.RaftServerImpl (RaftServerImpl.java:setRole(184)) - 277b5c5e-8c6f-4c9a-a53f-1bbc96404e12@group-A879564E9E05: changes role from  FOLLOWER to CANDIDATE at term 17 for changeToCandidate
2019-10-16 21:54:55,385 [Thread-309] INFO  impl.RoleInfo (RoleInfo.java:updateAndGet(143)) - 277b5c5e-8c6f-4c9a-a53f-1bbc96404e12: start LeaderElection
2019-10-16 21:54:55,393 [Thread-179] INFO  container.ReplicationManager (ReplicationManager.java:start(162)) - Starting Replication Monitor Thread.
2019-10-16 21:54:55,394 [Thread-179] INFO  pipeline.SCMPipelineManager (SCMPipelineManager.java:finalizeAndDestroyPipeline(315)) - destroying pipeline:Pipeline[ Id: a62af803-4bfc-4f48-a6e7-a879564e9e05, Nodes: 277b5c5e-8c6f-4c9a-a53f-1bbc96404e12{ip: 192.168.157.254, host: pr-hdds-1868-qdb9g-714931517, networkLocation: /default-rack, certSerialId: null}a32408a4-f19d-4bad-97c5-ba33ae94fc9a{ip: 192.168.157.254, host: pr-hdds-1868-qdb9g-714931517, networkLocation: /default-rack, certSerialId: null}6b24a2ab-97ee-4d49-85cc-2d76c2f4b8ef{ip: 192.168.157.254, host: pr-hdds-1868-qdb9g-714931517, networkLocation: /default-rack, certSerialId: null}, Type:RATIS, Factor:THREE, State:ALLOCATED]
2019-10-16 21:54:55,394 [ReplicationMonitor] INFO  container.ReplicationManager (ReplicationManager.java:run(225)) - Replication Monitor Thread took 1 milliseconds for processing 0 containers.
2019-10-16 21:54:55,394 [Thread-179] INFO  pipeline.PipelineStateManager (PipelineStateManager.java:finalizePipeline(123)) - Pipeline Pipeline[ Id: a62af803-4bfc-4f48-a6e7-a879564e9e05, Nodes: 277b5c5e-8c6f-4c9a-a53f-1bbc96404e12{ip: 192.168.157.254, host: pr-hdds-1868-qdb9g-714931517, networkLocation: /default-rack, certSerialId: null}a32408a4-f19d-4bad-97c5-ba33ae94fc9a{ip: 192.168.157.254, host: pr-hdds-1868-qdb9g-714931517, networkLocation: /default-rack, certSerialId: null}6b24a2ab-97ee-4d49-85cc-2d76c2f4b8ef{ip: 192.168.157.254, host: pr-hdds-1868-qdb9g-714931517, networkLocation: /default-rack, certSerialId: null}, Type:RATIS, Factor:THREE, State:CLOSED] moved to CLOSED state
2019-10-16 21:54:55,412 [grpc-default-executor-4] INFO  impl.RaftServerProxy (RaftServerProxy.java:remove(95)) - 277b5c5e-8c6f-4c9a-a53f-1bbc96404e12: remove CANDIDATE 277b5c5e-8c6f-4c9a-a53f-1bbc96404e12@group-A879564E9E05:t18, leader=null, voted=277b5c5e-8c6f-4c9a-a53f-1bbc96404e12, raftlog=277b5c5e-8c6f-4c9a-a53f-1bbc96404e12@group-A879564E9E05-SegmentedRaftLog:OPENED:c-1,f-1,i0, conf=-1: [a32408a4-f19d-4bad-97c5-ba33ae94fc9a:192.168.157.254:38721, 6b24a2ab-97ee-4d49-85cc-2d76c2f4b8ef:192.168.157.254:41080, 277b5c5e-8c6f-4c9a-a53f-1bbc96404e12:192.168.157.254:41416], old=null RUNNING
2019-10-16 21:54:55,412 [277b5c5e-8c6f-4c9a-a53f-1bbc96404e12@group-A879564E9E05-LeaderElection19] INFO  impl.LeaderElection (LeaderElection.java:askForVotes(178)) - 277b5c5e-8c6f-4c9a-a53f-1bbc96404e12@group-A879564E9E05-LeaderElection19: begin an election at term 18 for -1: [a32408a4-f19d-4bad-97c5-ba33ae94fc9a:192.168.157.254:38721, 6b24a2ab-97ee-4d49-85cc-2d76c2f4b8ef:192.168.157.254:41080, 277b5c5e-8c6f-4c9a-a53f-1bbc96404e12:192.168.157.254:41416], old=null
2019-10-16 21:54:55,417 [grpc-default-executor-4] INFO  impl.RaftServerImpl (RaftServerImpl.java:lambda$shutdown$3(261)) - 277b5c5e-8c6f-4c9a-a53f-1bbc96404e12@group-A879564E9E05: shutdown
2019-10-16 21:54:55,418 [grpc-default-executor-0] INFO  impl.RaftServerImpl (RaftServerImpl.java:setRole(184)) - 6b24a2ab-97ee-4d49-85cc-2d76c2f4b8ef@group-A879564E9E05: changes role from  FOLLOWER to FOLLOWER at term 18 for recognizeCandidate:277b5c5e-8c6f-4c9a-a53f-1bbc96404e12
2019-10-16 21:54:55,418 [grpc-default-executor-4] INFO  util.JmxRegister (JmxRegister.java:unregister(73)) - Successfully un-registered JMX Bean with object name Ratis:service=RaftServer,group=group-A879564E9E05,id=277b5c5e-8c6f-4c9a-a53f-1bbc96404e12
2019-10-16 21:54:55,418 [grpc-default-executor-1] INFO  impl.RaftServerImpl (RaftServerImpl.java:setRole(184)) - a32408a4-f19d-4bad-97c5-ba33ae94fc9a@group-A879564E9E05: changes role from  FOLLOWER to FOLLOWER at term 18 for recognizeCandidate:277b5c5e-8c6f-4c9a-a53f-1bbc96404e12
2019-10-16 21:54:55,418 [grpc-default-executor-4] INFO  impl.RoleInfo (RoleInfo.java:shutdownLeaderElection(134)) - 277b5c5e-8c6f-4c9a-a53f-1bbc96404e12: shutdown LeaderElection
2019-10-16 21:54:55,418 [grpc-default-executor-0] INFO  impl.RoleInfo (RoleInfo.java:shutdownFollowerState(121)) - 6b24a2ab-97ee-4d49-85cc-2d76c2f4b8ef: shutdown FollowerState
2019-10-16 21:54:55,419 [grpc-default-executor-4] INFO  impl.StateMachineUpdater (StateMachineUpdater.java:stopAndJoin(136)) - 277b5c5e-8c6f-4c9a-a53f-1bbc96404e12@group-A879564E9E05-StateMachineUpdater: set stopIndex = -1
2019-10-16 21:54:55,418 [grpc-default-executor-1] INFO  impl.RoleInfo (RoleInfo.java:shutdownFollowerState(121)) - a32408a4-f19d-4bad-97c5-ba33ae94fc9a: shutdown FollowerState
2019-10-16 21:54:55,419 [grpc-default-executor-4] INFO  impl.RaftServerImpl (ServerState.java:close(388)) - 277b5c5e-8c6f-4c9a-a53f-1bbc96404e12@group-A879564E9E05: closes. applyIndex: -1
2019-10-16 21:54:55,419 [Thread-307] INFO  impl.FollowerState (FollowerState.java:run(117)) - 6b24a2ab-97ee-4d49-85cc-2d76c2f4b8ef@group-A879564E9E05-FollowerState was interrupted: java.lang.InterruptedException: sleep interrupted
2019-10-16 21:54:55,419 [grpc-default-executor-0] INFO  impl.RoleInfo (RoleInfo.java:updateAndGet(143)) - 6b24a2ab-97ee-4d49-85cc-2d76c2f4b8ef: start FollowerState
2019-10-16 21:54:55,419 [grpc-default-executor-1] INFO  impl.RoleInfo (RoleInfo.java:updateAndGet(143)) - a32408a4-f19d-4bad-97c5-ba33ae94fc9a: start FollowerState
2019-10-16 21:54:55,419 [Thread-308] INFO  impl.FollowerState (FollowerState.java:run(117)) - a32408a4-f19d-4bad-97c5-ba33ae94fc9a@group-A879564E9E05-FollowerState was interrupted: java.lang.InterruptedException: sleep interrupted
2019-10-16 21:54:55,422 [277b5c5e-8c6f-4c9a-a53f-1bbc96404e12@group-A879564E9E05-SegmentedRaftLogWorker] INFO  segmented.SegmentedRaftLogWorker (SegmentedRaftLogWorker.java:run(316)) - 277b5c5e-8c6f-4c9a-a53f-1bbc96404e12@group-A879564E9E05-SegmentedRaftLogWorker was interrupted, exiting. There are 0 tasks remaining in the queue.
2019-10-16 21:54:55,422 [grpc-default-executor-4] INFO  segmented.SegmentedRaftLogWorker (SegmentedRaftLogWorker.java:close(224)) - 277b5c5e-8c6f-4c9a-a53f-1bbc96404e12@group-A879564E9E05-SegmentedRaftLogWorker close()
2019-10-16 21:54:55,441 [grpc-default-executor-4] INFO  impl.RaftServerProxy (RaftServerProxy.java:remove(95)) - a32408a4-f19d-4bad-97c5-ba33ae94fc9a: remove  FOLLOWER a32408a4-f19d-4bad-97c5-ba33ae94fc9a@group-A879564E9E05:t18, leader=null, voted=null, raftlog=a32408a4-f19d-4bad-97c5-ba33ae94fc9a@group-A879564E9E05-SegmentedRaftLog:OPENED:c-1,f0,i0, conf=0: [a32408a4-f19d-4bad-97c5-ba33ae94fc9a:192.168.157.254:38721, 6b24a2ab-97ee-4d49-85cc-2d76c2f4b8ef:192.168.157.254:41080, 277b5c5e-8c6f-4c9a-a53f-1bbc96404e12:192.168.157.254:41416], old=null RUNNING
2019-10-16 21:54:55,441 [grpc-default-executor-4] INFO  impl.RaftServerImpl (RaftServerImpl.java:lambda$shutdown$3(261)) - a32408a4-f19d-4bad-97c5-ba33ae94fc9a@group-A879564E9E05: shutdown
2019-10-16 21:54:55,441 [grpc-default-executor-4] INFO  util.JmxRegister (JmxRegister.java:unregister(73)) - Successfully un-registered JMX Bean with object name Ratis:service=RaftServer,group=group-A879564E9E05,id=a32408a4-f19d-4bad-97c5-ba33ae94fc9a
2019-10-16 21:54:55,441 [grpc-default-executor-4] INFO  impl.RoleInfo (RoleInfo.java:shutdownFollowerState(121)) - a32408a4-f19d-4bad-97c5-ba33ae94fc9a: shutdown FollowerState
2019-10-16 21:54:55,441 [grpc-default-executor-4] INFO  impl.StateMachineUpdater (StateMachineUpdater.java:stopAndJoin(136)) - a32408a4-f19d-4bad-97c5-ba33ae94fc9a@group-A879564E9E05-StateMachineUpdater: set stopIndex = -1
2019-10-16 21:54:55,442 [Thread-315] INFO  impl.FollowerState (FollowerState.java:run(117)) - a32408a4-f19d-4bad-97c5-ba33ae94fc9a@group-A879564E9E05-FollowerState was interrupted: java.lang.InterruptedException: sleep interrupted
2019-10-16 21:54:55,442 [grpc-default-executor-4] INFO  impl.RaftServerImpl (ServerState.java:close(388)) - a32408a4-f19d-4bad-97c5-ba33ae94fc9a@group-A879564E9E05: closes. applyIndex: -1
2019-10-16 21:54:55,443 [a32408a4-f19d-4bad-97c5-ba33ae94fc9a@group-A879564E9E05-SegmentedRaftLogWorker] INFO  segmented.SegmentedRaftLogWorker (SegmentedRaftLogWorker.java:run(316)) - a32408a4-f19d-4bad-97c5-ba33ae94fc9a@group-A879564E9E05-SegmentedRaftLogWorker was interrupted, exiting. There are 0 tasks remaining in the queue.
2019-10-16 21:54:55,447 [grpc-default-executor-4] INFO  segmented.SegmentedRaftLogWorker (SegmentedRaftLogWorker.java:close(224)) - a32408a4-f19d-4bad-97c5-ba33ae94fc9a@group-A879564E9E05-SegmentedRaftLogWorker close()
2019-10-16 21:54:55,450 [277b5c5e-8c6f-4c9a-a53f-1bbc96404e12@group-A879564E9E05-LeaderElection19] INFO  impl.LeaderElection (LeaderElection.java:logAndReturn(56)) - 277b5c5e-8c6f-4c9a-a53f-1bbc96404e12@group-A879564E9E05-LeaderElection19: Election REJECTED; received 1 response(s) [277b5c5e-8c6f-4c9a-a53f-1bbc96404e12<-a32408a4-f19d-4bad-97c5-ba33ae94fc9a#0:FAIL-t18] and 0 exception(s); 277b5c5e-8c6f-4c9a-a53f-1bbc96404e12@group-A879564E9E05:t18, leader=null, voted=277b5c5e-8c6f-4c9a-a53f-1bbc96404e12, raftlog=277b5c5e-8c6f-4c9a-a53f-1bbc96404e12@group-A879564E9E05-SegmentedRaftLog:CLOSED:c-1, conf=-1: [a32408a4-f19d-4bad-97c5-ba33ae94fc9a:192.168.157.254:38721, 6b24a2ab-97ee-4d49-85cc-2d76c2f4b8ef:192.168.157.254:41080, 277b5c5e-8c6f-4c9a-a53f-1bbc96404e12:192.168.157.254:41416], old=null
2019-10-16 21:54:55,459 [grpc-default-executor-4] INFO  impl.RaftServerProxy (RaftServerProxy.java:remove(95)) - 6b24a2ab-97ee-4d49-85cc-2d76c2f4b8ef: remove  FOLLOWER 6b24a2ab-97ee-4d49-85cc-2d76c2f4b8ef@group-A879564E9E05:t18, leader=null, voted=null, raftlog=6b24a2ab-97ee-4d49-85cc-2d76c2f4b8ef@group-A879564E9E05-SegmentedRaftLog:OPENED:c-1,f0,i0, conf=0: [a32408a4-f19d-4bad-97c5-ba33ae94fc9a:192.168.157.254:38721, 6b24a2ab-97ee-4d49-85cc-2d76c2f4b8ef:192.168.157.254:41080, 277b5c5e-8c6f-4c9a-a53f-1bbc96404e12:192.168.157.254:41416], old=null RUNNING
2019-10-16 21:54:55,460 [grpc-default-executor-4] INFO  impl.RaftServerImpl (RaftServerImpl.java:lambda$shutdown$3(261)) - 6b24a2ab-97ee-4d49-85cc-2d76c2f4b8ef@group-A879564E9E05: shutdown
2019-10-16 21:54:55,460 [grpc-default-executor-4] INFO  util.JmxRegister (JmxRegister.java:unregister(73)) - Successfully un-registered JMX Bean with object name Ratis:service=RaftServer,group=group-A879564E9E05,id=6b24a2ab-97ee-4d49-85cc-2d76c2f4b8ef
2019-10-16 21:54:55,460 [grpc-default-executor-4] INFO  impl.RoleInfo (RoleInfo.java:shutdownFollowerState(121)) - 6b24a2ab-97ee-4d49-85cc-2d76c2f4b8ef: shutdown FollowerState
2019-10-16 21:54:55,460 [grpc-default-executor-4] INFO  impl.StateMachineUpdater (StateMachineUpdater.java:stopAndJoin(136)) - 6b24a2ab-97ee-4d49-85cc-2d76c2f4b8ef@group-A879564E9E05-StateMachineUpdater: set stopIndex = -1
2019-10-16 21:54:55,460 [Thread-314] INFO  impl.FollowerState (FollowerState.java:run(117)) - 6b24a2ab-97ee-4d49-85cc-2d76c2f4b8ef@group-A879564E9E05-FollowerState was interrupted: java.lang.InterruptedException: sleep interrupted
2019-10-16 21:54:55,461 [grpc-default-executor-4] INFO  impl.RaftServerImpl (ServerState.java:close(388)) - 6b24a2ab-97ee-4d49-85cc-2d76c2f4b8ef@group-A879564E9E05: closes. applyIndex: -1
2019-10-16 21:54:55,462 [6b24a2ab-97ee-4d49-85cc-2d76c2f4b8ef@group-A879564E9E05-SegmentedRaftLogWorker] INFO  segmented.SegmentedRaftLogWorker (SegmentedRaftLogWorker.java:run(316)) - 6b24a2ab-97ee-4d49-85cc-2d76c2f4b8ef@group-A879564E9E05-SegmentedRaftLogWorker was interrupted, exiting. There are 0 tasks remaining in the queue.
2019-10-16 21:54:55,463 [grpc-default-executor-4] INFO  segmented.SegmentedRaftLogWorker (SegmentedRaftLogWorker.java:close(224)) - 6b24a2ab-97ee-4d49-85cc-2d76c2f4b8ef@group-A879564E9E05-SegmentedRaftLogWorker close()
2019-10-16 21:54:55,468 [Thread-179] INFO  pipeline.PipelineStateManager (PipelineStateManager.java:removePipeline(108)) - Pipeline Pipeline[ Id: a62af803-4bfc-4f48-a6e7-a879564e9e05, Nodes: 277b5c5e-8c6f-4c9a-a53f-1bbc96404e12{ip: 192.168.157.254, host: pr-hdds-1868-qdb9g-714931517, networkLocation: /default-rack, certSerialId: null}a32408a4-f19d-4bad-97c5-ba33ae94fc9a{ip: 192.168.157.254, host: pr-hdds-1868-qdb9g-714931517, networkLocation: /default-rack, certSerialId: null}6b24a2ab-97ee-4d49-85cc-2d76c2f4b8ef{ip: 192.168.157.254, host: pr-hdds-1868-qdb9g-714931517, networkLocation: /default-rack, certSerialId: null}, Type:RATIS, Factor:THREE, State:CLOSED] removed from db
2019-10-16 21:54:55,484 [grpc-default-executor-4] INFO  impl.RaftServerProxy (RaftServerProxy.java:addNew(89)) - 277b5c5e-8c6f-4c9a-a53f-1bbc96404e12: addNew group-569FAC3F8BCE:[a32408a4-f19d-4bad-97c5-ba33ae94fc9a:192.168.157.254:38721, 6b24a2ab-97ee-4d49-85cc-2d76c2f4b8ef:192.168.157.254:41080, 277b5c5e-8c6f-4c9a-a53f-1bbc96404e12:192.168.157.254:41416] returns group-569FAC3F8BCE:java.util.concurrent.CompletableFuture@76ecc90d[Not completed]
2019-10-16 21:54:55,485 [grpc-default-executor-4] INFO  impl.RaftServerProxy (RaftServerProxy.java:addNew(89)) - a32408a4-f19d-4bad-97c5-ba33ae94fc9a: addNew group-569FAC3F8BCE:[a32408a4-f19d-4bad-97c5-ba33ae94fc9a:192.168.157.254:38721, 6b24a2ab-97ee-4d49-85cc-2d76c2f4b8ef:192.168.157.254:41080, 277b5c5e-8c6f-4c9a-a53f-1bbc96404e12:192.168.157.254:41416] returns group-569FAC3F8BCE:java.util.concurrent.CompletableFuture@56333332[Not completed]
2019-10-16 21:54:55,486 [grpc-default-executor-1] INFO  impl.RaftServerProxy (RaftServerProxy.java:addNew(89)) - 6b24a2ab-97ee-4d49-85cc-2d76c2f4b8ef: addNew group-569FAC3F8BCE:[a32408a4-f19d-4bad-97c5-ba33ae94fc9a:192.168.157.254:38721, 6b24a2ab-97ee-4d49-85cc-2d76c2f4b8ef:192.168.157.254:41080, 277b5c5e-8c6f-4c9a-a53f-1bbc96404e12:192.168.157.254:41416] returns group-569FAC3F8BCE:java.util.concurrent.CompletableFuture@2799f771[Not completed]
2019-10-16 21:54:55,488 [pool-27-thread-1] INFO  impl.RaftServerImpl (RaftServerImpl.java:<init>(104)) - 277b5c5e-8c6f-4c9a-a53f-1bbc96404e12: new RaftServerImpl for group-569FAC3F8BCE:[a32408a4-f19d-4bad-97c5-ba33ae94fc9a:192.168.157.254:38721, 6b24a2ab-97ee-4d49-85cc-2d76c2f4b8ef:192.168.157.254:41080, 277b5c5e-8c6f-4c9a-a53f-1bbc96404e12:192.168.157.254:41416] with ContainerStateMachine:uninitialized
2019-10-16 21:54:55,488 [pool-27-thread-1] INFO  server.RaftServerConfigKeys (ConfUtils.java:logGet(43)) - raft.server.rpc.timeout.min = 5s (custom)
2019-10-16 21:54:55,488 [pool-27-thread-1] INFO  server.RaftServerConfigKeys (ConfUtils.java:logGet(43)) - raft.server.rpc.timeout.max = 5200ms (custom)
2019-10-16 21:54:55,488 [pool-27-thread-1] INFO  server.RaftServerConfigKeys (ConfUtils.java:logGet(43)) - raft.server.rpcslowness.timeout = 120s (custom)
2019-10-16 21:54:55,489 [pool-27-thread-1] INFO  server.RaftServerConfigKeys (ConfUtils.java:logGet(43)) - raft.server.sleep.deviation.threshold = 300 (default)
2019-10-16 21:54:55,489 [pool-27-thread-1] INFO  server.RaftServerConfigKeys (ConfUtils.java:logGet(43)) - raft.server.log.appender.install.snapshot.enabled = false (custom)
2019-10-16 21:54:55,489 [pool-47-thread-1] INFO  impl.RaftServerImpl (RaftServerImpl.java:<init>(104)) - 6b24a2ab-97ee-4d49-85cc-2d76c2f4b8ef: new RaftServerImpl for group-569FAC3F8BCE:[a32408a4-f19d-4bad-97c5-ba33ae94fc9a:192.168.157.254:38721, 6b24a2ab-97ee-4d49-85cc-2d76c2f4b8ef:192.168.157.254:41080, 277b5c5e-8c6f-4c9a-a53f-1bbc96404e12:192.168.157.254:41416] with ContainerStateMachine:uninitialized
2019-10-16 21:54:55,489 [pool-27-thread-1] INFO  impl.RaftServerImpl (ServerState.java:<init>(103)) - 277b5c5e-8c6f-4c9a-a53f-1bbc96404e12@group-569FAC3F8BCE: ConfigurationManager, init=-1: [a32408a4-f19d-4bad-97c5-ba33ae94fc9a:192.168.157.254:38721, 6b24a2ab-97ee-4d49-85cc-2d76c2f4b8ef:192.168.157.254:41080, 277b5c5e-8c6f-4c9a-a53f-1bbc96404e12:192.168.157.254:41416], old=null, confs=<EMPTY_MAP>
2019-10-16 21:54:55,489 [pool-47-thread-1] INFO  server.RaftServerConfigKeys (ConfUtils.java:logGet(43)) - raft.server.rpc.timeout.min = 5s (custom)
2019-10-16 21:54:55,489 [pool-47-thread-1] INFO  server.RaftServerConfigKeys (ConfUtils.java:logGet(43)) - raft.server.rpc.timeout.max = 5200ms (custom)
2019-10-16 21:54:55,489 [pool-27-thread-1] INFO  server.RaftServerConfigKeys (ConfUtils.java:logGet(43)) - raft.server.storage.dir = [/workdir/hadoop-ozone/ozonefs/target/test-dir/MiniOzoneClusterImpl-bd2adbcd-a8bb-4b9e-9c25-f9aa9b2c6882/datanode-0/data/ratis] (custom)
2019-10-16 21:54:55,489 [pool-47-thread-1] INFO  server.RaftServerConfigKeys (ConfUtils.java:logGet(43)) - raft.server.rpcslowness.timeout = 120s (custom)
2019-10-16 21:54:55,490 [pool-47-thread-1] INFO  server.RaftServerConfigKeys (ConfUtils.java:logGet(43)) - raft.server.sleep.deviation.threshold = 300 (default)
2019-10-16 21:54:55,490 [pool-47-thread-1] INFO  server.RaftServerConfigKeys (ConfUtils.java:logGet(43)) - raft.server.log.appender.install.snapshot.enabled = false (custom)
2019-10-16 21:54:55,490 [pool-27-thread-1] INFO  server.RaftServerConfigKeys (ConfUtils.java:logGet(43)) - raft.server.log.corruption.policy = EXCEPTION (default)
2019-10-16 21:54:55,490 [pool-47-thread-1] INFO  impl.RaftServerImpl (ServerState.java:<init>(103)) - 6b24a2ab-97ee-4d49-85cc-2d76c2f4b8ef@group-569FAC3F8BCE: ConfigurationManager, init=-1: [a32408a4-f19d-4bad-97c5-ba33ae94fc9a:192.168.157.254:38721, 6b24a2ab-97ee-4d49-85cc-2d76c2f4b8ef:192.168.157.254:41080, 277b5c5e-8c6f-4c9a-a53f-1bbc96404e12:192.168.157.254:41416], old=null, confs=<EMPTY_MAP>
2019-10-16 21:54:55,490 [pool-27-thread-1] INFO  storage.RaftStorageDirectory (RaftStorageDirectory.java:analyzeStorage(246)) - The storage directory /workdir/hadoop-ozone/ozonefs/target/test-dir/MiniOzoneClusterImpl-bd2adbcd-a8bb-4b9e-9c25-f9aa9b2c6882/datanode-0/data/ratis/d922a05d-3ab2-47f8-95bc-569fac3f8bce does not exist. Creating ...
2019-10-16 21:54:55,490 [pool-47-thread-1] INFO  server.RaftServerConfigKeys (ConfUtils.java:logGet(43)) - raft.server.storage.dir = [/workdir/hadoop-ozone/ozonefs/target/test-dir/MiniOzoneClusterImpl-bd2adbcd-a8bb-4b9e-9c25-f9aa9b2c6882/datanode-2/data/ratis] (custom)
2019-10-16 21:54:55,491 [pool-37-thread-1] INFO  impl.RaftServerImpl (RaftServerImpl.java:<init>(104)) - a32408a4-f19d-4bad-97c5-ba33ae94fc9a: new RaftServerImpl for group-569FAC3F8BCE:[a32408a4-f19d-4bad-97c5-ba33ae94fc9a:192.168.157.254:38721, 6b24a2ab-97ee-4d49-85cc-2d76c2f4b8ef:192.168.157.254:41080, 277b5c5e-8c6f-4c9a-a53f-1bbc96404e12:192.168.157.254:41416] with ContainerStateMachine:uninitialized
2019-10-16 21:54:55,491 [pool-47-thread-1] INFO  server.RaftServerConfigKeys (ConfUtils.java:logGet(43)) - raft.server.log.corruption.policy = EXCEPTION (default)
2019-10-16 21:54:55,491 [pool-37-thread-1] INFO  server.RaftServerConfigKeys (ConfUtils.java:logGet(43)) - raft.server.rpc.timeout.min = 5s (custom)
2019-10-16 21:54:55,491 [pool-47-thread-1] INFO  storage.RaftStorageDirectory (RaftStorageDirectory.java:analyzeStorage(246)) - The storage directory /workdir/hadoop-ozone/ozonefs/target/test-dir/MiniOzoneClusterImpl-bd2adbcd-a8bb-4b9e-9c25-f9aa9b2c6882/datanode-2/data/ratis/d922a05d-3ab2-47f8-95bc-569fac3f8bce does not exist. Creating ...
2019-10-16 21:54:55,491 [pool-37-thread-1] INFO  server.RaftServerConfigKeys (ConfUtils.java:logGet(43)) - raft.server.rpc.timeout.max = 5200ms (custom)
2019-10-16 21:54:55,492 [pool-37-thread-1] INFO  server.RaftServerConfigKeys (ConfUtils.java:logGet(43)) - raft.server.rpcslowness.timeout = 120s (custom)
2019-10-16 21:54:55,492 [pool-37-thread-1] INFO  server.RaftServerConfigKeys (ConfUtils.java:logGet(43)) - raft.server.sleep.deviation.threshold = 300 (default)
2019-10-16 21:54:55,492 [pool-37-thread-1] INFO  server.RaftServerConfigKeys (ConfUtils.java:logGet(43)) - raft.server.log.appender.install.snapshot.enabled = false (custom)
2019-10-16 21:54:55,492 [pool-37-thread-1] INFO  impl.RaftServerImpl (ServerState.java:<init>(103)) - a32408a4-f19d-4bad-97c5-ba33ae94fc9a@group-569FAC3F8BCE: ConfigurationManager, init=-1: [a32408a4-f19d-4bad-97c5-ba33ae94fc9a:192.168.157.254:38721, 6b24a2ab-97ee-4d49-85cc-2d76c2f4b8ef:192.168.157.254:41080, 277b5c5e-8c6f-4c9a-a53f-1bbc96404e12:192.168.157.254:41416], old=null, confs=<EMPTY_MAP>
2019-10-16 21:54:55,492 [pool-37-thread-1] INFO  server.RaftServerConfigKeys (ConfUtils.java:logGet(43)) - raft.server.storage.dir = [/workdir/hadoop-ozone/ozonefs/target/test-dir/MiniOzoneClusterImpl-bd2adbcd-a8bb-4b9e-9c25-f9aa9b2c6882/datanode-1/data/ratis] (custom)
2019-10-16 21:54:55,493 [pool-37-thread-1] INFO  server.RaftServerConfigKeys (ConfUtils.java:logGet(43)) - raft.server.log.corruption.policy = EXCEPTION (default)
2019-10-16 21:54:55,493 [pool-37-thread-1] INFO  storage.RaftStorageDirectory (RaftStorageDirectory.java:analyzeStorage(246)) - The storage directory /workdir/hadoop-ozone/ozonefs/target/test-dir/MiniOzoneClusterImpl-bd2adbcd-a8bb-4b9e-9c25-f9aa9b2c6882/datanode-1/data/ratis/d922a05d-3ab2-47f8-95bc-569fac3f8bce does not exist. Creating ...
2019-10-16 21:54:55,516 [pool-47-thread-1] INFO  storage.RaftStorageDirectory (RaftStorageDirectory.java:tryLock(328)) - Lock on /workdir/hadoop-ozone/ozonefs/target/test-dir/MiniOzoneClusterImpl-bd2adbcd-a8bb-4b9e-9c25-f9aa9b2c6882/datanode-2/data/ratis/d922a05d-3ab2-47f8-95bc-569fac3f8bce/in_use.lock acquired by nodename 8100@pr-hdds-1868-qdb9g-714931517
2019-10-16 21:54:55,516 [pool-27-thread-1] INFO  storage.RaftStorageDirectory (RaftStorageDirectory.java:tryLock(328)) - Lock on /workdir/hadoop-ozone/ozonefs/target/test-dir/MiniOzoneClusterImpl-bd2adbcd-a8bb-4b9e-9c25-f9aa9b2c6882/datanode-0/data/ratis/d922a05d-3ab2-47f8-95bc-569fac3f8bce/in_use.lock acquired by nodename 8100@pr-hdds-1868-qdb9g-714931517
2019-10-16 21:54:55,516 [pool-37-thread-1] INFO  storage.RaftStorageDirectory (RaftStorageDirectory.java:tryLock(328)) - Lock on /workdir/hadoop-ozone/ozonefs/target/test-dir/MiniOzoneClusterImpl-bd2adbcd-a8bb-4b9e-9c25-f9aa9b2c6882/datanode-1/data/ratis/d922a05d-3ab2-47f8-95bc-569fac3f8bce/in_use.lock acquired by nodename 8100@pr-hdds-1868-qdb9g-714931517
2019-10-16 21:54:55,530 [pool-37-thread-1] INFO  storage.RaftStorage (RaftStorage.java:format(84)) - Storage directory /workdir/hadoop-ozone/ozonefs/target/test-dir/MiniOzoneClusterImpl-bd2adbcd-a8bb-4b9e-9c25-f9aa9b2c6882/datanode-1/data/ratis/d922a05d-3ab2-47f8-95bc-569fac3f8bce has been successfully formatted.
2019-10-16 21:54:55,530 [pool-27-thread-1] INFO  storage.RaftStorage (RaftStorage.java:format(84)) - Storage directory /workdir/hadoop-ozone/ozonefs/target/test-dir/MiniOzoneClusterImpl-bd2adbcd-a8bb-4b9e-9c25-f9aa9b2c6882/datanode-0/data/ratis/d922a05d-3ab2-47f8-95bc-569fac3f8bce has been successfully formatted.
2019-10-16 21:54:55,530 [pool-37-thread-1] INFO  ratis.ContainerStateMachine (ContainerStateMachine.java:loadSnapshot(233)) - group-569FAC3F8BCE: The snapshot info is null. Setting the last applied indexto:(t:0, i:~)
2019-10-16 21:54:55,530 [pool-47-thread-1] INFO  storage.RaftStorage (RaftStorage.java:format(84)) - Storage directory /workdir/hadoop-ozone/ozonefs/target/test-dir/MiniOzoneClusterImpl-bd2adbcd-a8bb-4b9e-9c25-f9aa9b2c6882/datanode-2/data/ratis/d922a05d-3ab2-47f8-95bc-569fac3f8bce has been successfully formatted.
2019-10-16 21:54:55,530 [pool-27-thread-1] INFO  ratis.ContainerStateMachine (ContainerStateMachine.java:loadSnapshot(233)) - group-569FAC3F8BCE: The snapshot info is null. Setting the last applied indexto:(t:0, i:~)
2019-10-16 21:54:55,530 [pool-37-thread-1] INFO  server.RaftServerConfigKeys (ConfUtils.java:logGet(43)) - raft.server.notification.no-leader.timeout = 120s (custom)
2019-10-16 21:54:55,530 [pool-27-thread-1] INFO  server.RaftServerConfigKeys (ConfUtils.java:logGet(43)) - raft.server.notification.no-leader.timeout = 120s (custom)
2019-10-16 21:54:55,530 [pool-47-thread-1] INFO  ratis.ContainerStateMachine (ContainerStateMachine.java:loadSnapshot(233)) - group-569FAC3F8BCE: The snapshot info is null. Setting the last applied indexto:(t:0, i:~)
2019-10-16 21:54:55,530 [pool-27-thread-1] INFO  server.RaftServerConfigKeys (ConfUtils.java:logGet(43)) - raft.server.log.use.memory = false (default)
2019-10-16 21:54:55,530 [pool-37-thread-1] INFO  server.RaftServerConfigKeys (ConfUtils.java:logGet(43)) - raft.server.log.use.memory = false (default)
2019-10-16 21:54:55,531 [pool-27-thread-1] INFO  server.RaftServerConfigKeys (ConfUtils.java:logGet(43)) - raft.server.log.purge.gap = 1000000 (custom)
2019-10-16 21:54:55,531 [pool-47-thread-1] INFO  server.RaftServerConfigKeys (ConfUtils.java:logGet(43)) - raft.server.notification.no-leader.timeout = 120s (custom)
2019-10-16 21:54:55,531 [pool-27-thread-1] INFO  server.RaftServerConfigKeys (ConfUtils.java:logGet(43)) - raft.server.log.appender.buffer.byte-limit = 33554432 (custom)
2019-10-16 21:54:55,531 [pool-37-thread-1] INFO  server.RaftServerConfigKeys (ConfUtils.java:logGet(43)) - raft.server.log.purge.gap = 1000000 (custom)
2019-10-16 21:54:55,531 [pool-27-thread-1] INFO  server.RaftServerConfigKeys (ConfUtils.java:logGet(43)) - raft.server.log.segment.size.max = 1048576 (custom)
2019-10-16 21:54:55,531 [pool-47-thread-1] INFO  server.RaftServerConfigKeys (ConfUtils.java:logGet(43)) - raft.server.log.use.memory = false (default)
2019-10-16 21:54:55,531 [pool-27-thread-1] INFO  server.RaftServerConfigKeys (ConfUtils.java:logGet(43)) - raft.server.log.segment.cache.num.max = 2 (custom)
2019-10-16 21:54:55,531 [pool-37-thread-1] INFO  server.RaftServerConfigKeys (ConfUtils.java:logGet(43)) - raft.server.log.appender.buffer.byte-limit = 33554432 (custom)
2019-10-16 21:54:55,532 [pool-27-thread-1] INFO  segmented.SegmentedRaftLogWorker (SegmentedRaftLogWorker.java:<init>(173)) - new 277b5c5e-8c6f-4c9a-a53f-1bbc96404e12@group-569FAC3F8BCE-SegmentedRaftLogWorker for RaftStorage:Storage Directory /workdir/hadoop-ozone/ozonefs/target/test-dir/MiniOzoneClusterImpl-bd2adbcd-a8bb-4b9e-9c25-f9aa9b2c6882/datanode-0/data/ratis/d922a05d-3ab2-47f8-95bc-569fac3f8bce
2019-10-16 21:54:55,532 [pool-47-thread-1] INFO  server.RaftServerConfigKeys (ConfUtils.java:logGet(43)) - raft.server.log.purge.gap = 1000000 (custom)
2019-10-16 21:54:55,532 [pool-27-thread-1] INFO  server.RaftServerConfigKeys (ConfUtils.java:logGet(43)) - raft.server.log.queue.byte-limit = 2147483647 (custom)
2019-10-16 21:54:55,532 [pool-37-thread-1] INFO  server.RaftServerConfigKeys (ConfUtils.java:logGet(43)) - raft.server.log.segment.size.max = 1048576 (custom)
2019-10-16 21:54:55,532 [pool-27-thread-1] INFO  server.RaftServerConfigKeys (ConfUtils.java:logGet(43)) - raft.server.log.queue.element-limit = 1024 (custom)
2019-10-16 21:54:55,532 [pool-47-thread-1] INFO  server.RaftServerConfigKeys (ConfUtils.java:logGet(43)) - raft.server.log.appender.buffer.byte-limit = 33554432 (custom)
2019-10-16 21:54:55,532 [pool-27-thread-1] INFO  server.RaftServerConfigKeys (ConfUtils.java:logGet(43)) - raft.server.log.segment.size.max = 1048576 (custom)
2019-10-16 21:54:55,532 [pool-37-thread-1] INFO  server.RaftServerConfigKeys (ConfUtils.java:logGet(43)) - raft.server.log.segment.cache.num.max = 2 (custom)
2019-10-16 21:54:55,533 [pool-27-thread-1] INFO  server.RaftServerConfigKeys (ConfUtils.java:logGet(43)) - raft.server.log.preallocated.size = 16384 (custom)
2019-10-16 21:54:55,533 [pool-47-thread-1] INFO  server.RaftServerConfigKeys (ConfUtils.java:logGet(43)) - raft.server.log.segment.size.max = 1048576 (custom)
2019-10-16 21:54:55,533 [pool-27-thread-1] INFO  server.RaftServerConfigKeys (ConfUtils.java:logGet(43)) - raft.server.log.write.buffer.size = 33554432 (custom)
2019-10-16 21:54:55,533 [pool-37-thread-1] INFO  segmented.SegmentedRaftLogWorker (SegmentedRaftLogWorker.java:<init>(173)) - new a32408a4-f19d-4bad-97c5-ba33ae94fc9a@group-569FAC3F8BCE-SegmentedRaftLogWorker for RaftStorage:Storage Directory /workdir/hadoop-ozone/ozonefs/target/test-dir/MiniOzoneClusterImpl-bd2adbcd-a8bb-4b9e-9c25-f9aa9b2c6882/datanode-1/data/ratis/d922a05d-3ab2-47f8-95bc-569fac3f8bce
2019-10-16 21:54:55,533 [pool-27-thread-1] INFO  server.RaftServerConfigKeys (ConfUtils.java:logGet(43)) - raft.server.log.force.sync.num = 128 (default)
2019-10-16 21:54:55,533 [pool-47-thread-1] INFO  server.RaftServerConfigKeys (ConfUtils.java:logGet(43)) - raft.server.log.segment.cache.num.max = 2 (custom)
2019-10-16 21:54:55,533 [pool-27-thread-1] INFO  server.RaftServerConfigKeys (ConfUtils.java:logGet(43)) - raft.server.log.statemachine.data.sync = true (default)
2019-10-16 21:54:55,533 [pool-37-thread-1] INFO  server.RaftServerConfigKeys (ConfUtils.java:logGet(43)) - raft.server.log.queue.byte-limit = 2147483647 (custom)
2019-10-16 21:54:55,534 [pool-27-thread-1] INFO  server.RaftServerConfigKeys (ConfUtils.java:logGet(43)) - raft.server.log.statemachine.data.sync.timeout = 10s (default)
2019-10-16 21:54:55,534 [pool-47-thread-1] INFO  segmented.SegmentedRaftLogWorker (SegmentedRaftLogWorker.java:<init>(173)) - new 6b24a2ab-97ee-4d49-85cc-2d76c2f4b8ef@group-569FAC3F8BCE-SegmentedRaftLogWorker for RaftStorage:Storage Directory /workdir/hadoop-ozone/ozonefs/target/test-dir/MiniOzoneClusterImpl-bd2adbcd-a8bb-4b9e-9c25-f9aa9b2c6882/datanode-2/data/ratis/d922a05d-3ab2-47f8-95bc-569fac3f8bce
2019-10-16 21:54:55,534 [pool-27-thread-1] INFO  server.RaftServerConfigKeys (ConfUtils.java:logGet(43)) - raft.server.log.statemachine.data.sync.timeout.retry = -1 (default)
2019-10-16 21:54:55,534 [pool-37-thread-1] INFO  server.RaftServerConfigKeys (ConfUtils.java:logGet(43)) - raft.server.log.queue.element-limit = 1024 (custom)
2019-10-16 21:54:55,534 [pool-47-thread-1] INFO  server.RaftServerConfigKeys (ConfUtils.java:logGet(43)) - raft.server.log.queue.byte-limit = 2147483647 (custom)
2019-10-16 21:54:55,534 [pool-37-thread-1] INFO  server.RaftServerConfigKeys (ConfUtils.java:logGet(43)) - raft.server.log.segment.size.max = 1048576 (custom)
2019-10-16 21:54:55,534 [pool-47-thread-1] INFO  server.RaftServerConfigKeys (ConfUtils.java:logGet(43)) - raft.server.log.queue.element-limit = 1024 (custom)
2019-10-16 21:54:55,534 [pool-27-thread-1] INFO  server.RaftServerConfigKeys (ConfUtils.java:logGet(43)) - raft.server.log.statemachine.data.caching.enabled = true (custom)
2019-10-16 21:54:55,535 [pool-47-thread-1] INFO  server.RaftServerConfigKeys (ConfUtils.java:logGet(43)) - raft.server.log.segment.size.max = 1048576 (custom)
2019-10-16 21:54:55,535 [pool-37-thread-1] INFO  server.RaftServerConfigKeys (ConfUtils.java:logGet(43)) - raft.server.log.preallocated.size = 16384 (custom)
2019-10-16 21:54:55,535 [pool-47-thread-1] INFO  server.RaftServerConfigKeys (ConfUtils.java:logGet(43)) - raft.server.log.preallocated.size = 16384 (custom)
2019-10-16 21:54:55,535 [pool-27-thread-1] INFO  segmented.SegmentedRaftLogWorker (SegmentedRaftLogWorker.java:lambda$new$0(128)) - 277b5c5e-8c6f-4c9a-a53f-1bbc96404e12@group-569FAC3F8BCE-SegmentedRaftLogWorker: flushIndex: setUnconditionally 0 -> -1
2019-10-16 21:54:55,535 [pool-37-thread-1] INFO  server.RaftServerConfigKeys (ConfUtils.java:logGet(43)) - raft.server.log.write.buffer.size = 33554432 (custom)
2019-10-16 21:54:55,535 [pool-47-thread-1] INFO  server.RaftServerConfigKeys (ConfUtils.java:logGet(43)) - raft.server.log.write.buffer.size = 33554432 (custom)
2019-10-16 21:54:55,535 [pool-37-thread-1] INFO  server.RaftServerConfigKeys (ConfUtils.java:logGet(43)) - raft.server.log.force.sync.num = 128 (default)
2019-10-16 21:54:55,536 [pool-47-thread-1] INFO  server.RaftServerConfigKeys (ConfUtils.java:logGet(43)) - raft.server.log.force.sync.num = 128 (default)
2019-10-16 21:54:55,536 [pool-27-thread-1] INFO  server.RaftServerConfigKeys (ConfUtils.java:logGet(43)) - raft.server.snapshot.auto.trigger.enabled = true (custom)
2019-10-16 21:54:55,536 [pool-47-thread-1] INFO  server.RaftServerConfigKeys (ConfUtils.java:logGet(43)) - raft.server.log.statemachine.data.sync = true (default)
2019-10-16 21:54:55,536 [pool-37-thread-1] INFO  server.RaftServerConfigKeys (ConfUtils.java:logGet(43)) - raft.server.log.statemachine.data.sync = true (default)
2019-10-16 21:54:55,536 [pool-47-thread-1] INFO  server.RaftServerConfigKeys (ConfUtils.java:logGet(43)) - raft.server.log.statemachine.data.sync.timeout = 10s (default)
2019-10-16 21:54:55,536 [pool-27-thread-1] INFO  server.RaftServerConfigKeys (ConfUtils.java:logGet(43)) - raft.server.snapshot.auto.trigger.threshold = 10000 (custom)
2019-10-16 21:54:55,536 [pool-47-thread-1] INFO  server.RaftServerConfigKeys (ConfUtils.java:logGet(43)) - raft.server.log.statemachine.data.sync.timeout.retry = -1 (default)
2019-10-16 21:54:55,536 [pool-37-thread-1] INFO  server.RaftServerConfigKeys (ConfUtils.java:logGet(43)) - raft.server.log.statemachine.data.sync.timeout = 10s (default)
2019-10-16 21:54:55,536 [pool-27-thread-1] INFO  server.RaftServerConfigKeys (ConfUtils.java:logGet(43)) - raft.server.snapshot.retention.file.num = 5 (custom)
2019-10-16 21:54:55,537 [pool-47-thread-1] INFO  server.RaftServerConfigKeys (ConfUtils.java:logGet(43)) - raft.server.log.statemachine.data.caching.enabled = true (custom)
2019-10-16 21:54:55,537 [pool-37-thread-1] INFO  server.RaftServerConfigKeys (ConfUtils.java:logGet(43)) - raft.server.log.statemachine.data.sync.timeout.retry = -1 (default)
2019-10-16 21:54:55,537 [pool-27-thread-1] INFO  server.RaftServerConfigKeys (ConfUtils.java:logGet(43)) - raft.server.retrycache.expirytime = 600000ms (custom)
2019-10-16 21:54:55,537 [pool-37-thread-1] INFO  server.RaftServerConfigKeys (ConfUtils.java:logGet(43)) - raft.server.log.statemachine.data.caching.enabled = true (custom)
2019-10-16 21:54:55,537 [pool-47-thread-1] INFO  segmented.SegmentedRaftLogWorker (SegmentedRaftLogWorker.java:lambda$new$0(128)) - 6b24a2ab-97ee-4d49-85cc-2d76c2f4b8ef@group-569FAC3F8BCE-SegmentedRaftLogWorker: flushIndex: setUnconditionally 0 -> -1
2019-10-16 21:54:55,537 [pool-37-thread-1] INFO  segmented.SegmentedRaftLogWorker (SegmentedRaftLogWorker.java:lambda$new$0(128)) - a32408a4-f19d-4bad-97c5-ba33ae94fc9a@group-569FAC3F8BCE-SegmentedRaftLogWorker: flushIndex: setUnconditionally 0 -> -1
2019-10-16 21:54:55,538 [pool-47-thread-1] INFO  server.RaftServerConfigKeys (ConfUtils.java:logGet(43)) - raft.server.snapshot.auto.trigger.enabled = true (custom)
2019-10-16 21:54:55,538 [pool-37-thread-1] INFO  server.RaftServerConfigKeys (ConfUtils.java:logGet(43)) - raft.server.snapshot.auto.trigger.enabled = true (custom)
2019-10-16 21:54:55,538 [pool-47-thread-1] INFO  server.RaftServerConfigKeys (ConfUtils.java:logGet(43)) - raft.server.snapshot.auto.trigger.threshold = 10000 (custom)
2019-10-16 21:54:55,538 [pool-37-thread-1] INFO  server.RaftServerConfigKeys (ConfUtils.java:logGet(43)) - raft.server.snapshot.auto.trigger.threshold = 10000 (custom)
2019-10-16 21:54:55,538 [pool-47-thread-1] INFO  server.RaftServerConfigKeys (ConfUtils.java:logGet(43)) - raft.server.snapshot.retention.file.num = 5 (custom)
2019-10-16 21:54:55,538 [pool-37-thread-1] INFO  server.RaftServerConfigKeys (ConfUtils.java:logGet(43)) - raft.server.snapshot.retention.file.num = 5 (custom)
2019-10-16 21:54:55,538 [pool-47-thread-1] INFO  server.RaftServerConfigKeys (ConfUtils.java:logGet(43)) - raft.server.retrycache.expirytime = 600000ms (custom)
2019-10-16 21:54:55,538 [pool-37-thread-1] INFO  server.RaftServerConfigKeys (ConfUtils.java:logGet(43)) - raft.server.retrycache.expirytime = 600000ms (custom)
2019-10-16 21:54:55,542 [pool-27-thread-1] INFO  impl.RaftServerImpl (RaftServerImpl.java:start(195)) - 277b5c5e-8c6f-4c9a-a53f-1bbc96404e12@group-569FAC3F8BCE: start as a follower, conf=-1: [a32408a4-f19d-4bad-97c5-ba33ae94fc9a:192.168.157.254:38721, 6b24a2ab-97ee-4d49-85cc-2d76c2f4b8ef:192.168.157.254:41080, 277b5c5e-8c6f-4c9a-a53f-1bbc96404e12:192.168.157.254:41416], old=null
2019-10-16 21:54:55,542 [pool-27-thread-1] INFO  impl.RaftServerImpl (RaftServerImpl.java:setRole(184)) - 277b5c5e-8c6f-4c9a-a53f-1bbc96404e12@group-569FAC3F8BCE: changes role from      null to FOLLOWER at term 0 for startAsFollower
2019-10-16 21:54:55,542 [pool-27-thread-1] INFO  impl.RoleInfo (RoleInfo.java:updateAndGet(143)) - 277b5c5e-8c6f-4c9a-a53f-1bbc96404e12: start FollowerState
2019-10-16 21:54:55,542 [pool-27-thread-1] INFO  util.JmxRegister (JmxRegister.java:tryRegister(44)) - Successfully registered JMX Bean with object name Ratis:service=RaftServer,group=group-569FAC3F8BCE,id=277b5c5e-8c6f-4c9a-a53f-1bbc96404e12
2019-10-16 21:54:55,543 [pool-47-thread-1] INFO  impl.RaftServerImpl (RaftServerImpl.java:start(195)) - 6b24a2ab-97ee-4d49-85cc-2d76c2f4b8ef@group-569FAC3F8BCE: start as a follower, conf=-1: [a32408a4-f19d-4bad-97c5-ba33ae94fc9a:192.168.157.254:38721, 6b24a2ab-97ee-4d49-85cc-2d76c2f4b8ef:192.168.157.254:41080, 277b5c5e-8c6f-4c9a-a53f-1bbc96404e12:192.168.157.254:41416], old=null
2019-10-16 21:54:55,543 [pool-37-thread-1] INFO  impl.RaftServerImpl (RaftServerImpl.java:start(195)) - a32408a4-f19d-4bad-97c5-ba33ae94fc9a@group-569FAC3F8BCE: start as a follower, conf=-1: [a32408a4-f19d-4bad-97c5-ba33ae94fc9a:192.168.157.254:38721, 6b24a2ab-97ee-4d49-85cc-2d76c2f4b8ef:192.168.157.254:41080, 277b5c5e-8c6f-4c9a-a53f-1bbc96404e12:192.168.157.254:41416], old=null
2019-10-16 21:54:55,543 [pool-47-thread-1] INFO  impl.RaftServerImpl (RaftServerImpl.java:setRole(184)) - 6b24a2ab-97ee-4d49-85cc-2d76c2f4b8ef@group-569FAC3F8BCE: changes role from      null to FOLLOWER at term 0 for startAsFollower
2019-10-16 21:54:55,543 [pool-37-thread-1] INFO  impl.RaftServerImpl (RaftServerImpl.java:setRole(184)) - a32408a4-f19d-4bad-97c5-ba33ae94fc9a@group-569FAC3F8BCE: changes role from      null to FOLLOWER at term 0 for startAsFollower
2019-10-16 21:54:55,543 [pool-47-thread-1] INFO  impl.RoleInfo (RoleInfo.java:updateAndGet(143)) - 6b24a2ab-97ee-4d49-85cc-2d76c2f4b8ef: start FollowerState
2019-10-16 21:54:55,543 [pool-37-thread-1] INFO  impl.RoleInfo (RoleInfo.java:updateAndGet(143)) - a32408a4-f19d-4bad-97c5-ba33ae94fc9a: start FollowerState
2019-10-16 21:54:55,544 [pool-37-thread-1] INFO  util.JmxRegister (JmxRegister.java:tryRegister(44)) - Successfully registered JMX Bean with object name Ratis:service=RaftServer,group=group-569FAC3F8BCE,id=a32408a4-f19d-4bad-97c5-ba33ae94fc9a
2019-10-16 21:54:55,544 [pool-47-thread-1] INFO  util.JmxRegister (JmxRegister.java:tryRegister(44)) - Successfully registered JMX Bean with object name Ratis:service=RaftServer,group=group-569FAC3F8BCE,id=6b24a2ab-97ee-4d49-85cc-2d76c2f4b8ef
2019-10-16 21:54:55,555 [RatisPipelineUtilsThread] INFO  pipeline.PipelineStateManager (PipelineStateManager.java:addPipeline(57)) - Created pipeline Pipeline[ Id: d922a05d-3ab2-47f8-95bc-569fac3f8bce, Nodes: 277b5c5e-8c6f-4c9a-a53f-1bbc96404e12{ip: 192.168.157.254, host: pr-hdds-1868-qdb9g-714931517, networkLocation: /default-rack, certSerialId: null}a32408a4-f19d-4bad-97c5-ba33ae94fc9a{ip: 192.168.157.254, host: pr-hdds-1868-qdb9g-714931517, networkLocation: /default-rack, certSerialId: null}6b24a2ab-97ee-4d49-85cc-2d76c2f4b8ef{ip: 192.168.157.254, host: pr-hdds-1868-qdb9g-714931517, networkLocation: /default-rack, certSerialId: null}, Type:RATIS, Factor:THREE, State:ALLOCATED]
2019-10-16 21:54:55,556 [Thread-0] INFO  ozone.MiniOzoneClusterImpl (MiniOzoneClusterImpl.java:lambda$waitForClusterToBeReady$2(164)) - Waiting for 1 number of pipelines out of 4, to report a leader.
2019-10-16 21:54:55,615 [Thread-323] INFO  impl.FollowerState (FollowerState.java:run(108)) - 6b24a2ab-97ee-4d49-85cc-2d76c2f4b8ef@group-569FAC3F8BCE-FollowerState: change to CANDIDATE, lastRpcTime:71ms, electionTimeout:71ms
2019-10-16 21:54:55,617 [Thread-323] INFO  impl.RoleInfo (RoleInfo.java:shutdownFollowerState(121)) - 6b24a2ab-97ee-4d49-85cc-2d76c2f4b8ef: shutdown FollowerState
2019-10-16 21:54:55,617 [Thread-323] INFO  impl.RaftServerImpl (RaftServerImpl.java:setRole(184)) - 6b24a2ab-97ee-4d49-85cc-2d76c2f4b8ef@group-569FAC3F8BCE: changes role from  FOLLOWER to CANDIDATE at term 0 for changeToCandidate
2019-10-16 21:54:55,617 [Thread-323] INFO  impl.RoleInfo (RoleInfo.java:updateAndGet(143)) - 6b24a2ab-97ee-4d49-85cc-2d76c2f4b8ef: start LeaderElection
2019-10-16 21:54:55,633 [6b24a2ab-97ee-4d49-85cc-2d76c2f4b8ef@group-569FAC3F8BCE-LeaderElection20] INFO  impl.LeaderElection (LeaderElection.java:askForVotes(178)) - 6b24a2ab-97ee-4d49-85cc-2d76c2f4b8ef@group-569FAC3F8BCE-LeaderElection20: begin an election at term 1 for -1: [a32408a4-f19d-4bad-97c5-ba33ae94fc9a:192.168.157.254:38721, 6b24a2ab-97ee-4d49-85cc-2d76c2f4b8ef:192.168.157.254:41080, 277b5c5e-8c6f-4c9a-a53f-1bbc96404e12:192.168.157.254:41416], old=null
2019-10-16 21:54:55,646 [grpc-default-executor-4] INFO  impl.RaftServerImpl (RaftServerImpl.java:setRole(184)) - 277b5c5e-8c6f-4c9a-a53f-1bbc96404e12@group-569FAC3F8BCE: changes role from  FOLLOWER to FOLLOWER at term 1 for recognizeCandidate:6b24a2ab-97ee-4d49-85cc-2d76c2f4b8ef
2019-10-16 21:54:55,646 [grpc-default-executor-1] INFO  impl.RaftServerImpl (RaftServerImpl.java:setRole(184)) - a32408a4-f19d-4bad-97c5-ba33ae94fc9a@group-569FAC3F8BCE: changes role from  FOLLOWER to FOLLOWER at term 1 for recognizeCandidate:6b24a2ab-97ee-4d49-85cc-2d76c2f4b8ef
2019-10-16 21:54:55,646 [grpc-default-executor-4] INFO  impl.RoleInfo (RoleInfo.java:shutdownFollowerState(121)) - 277b5c5e-8c6f-4c9a-a53f-1bbc96404e12: shutdown FollowerState
2019-10-16 21:54:55,647 [grpc-default-executor-1] INFO  impl.RoleInfo (RoleInfo.java:shutdownFollowerState(121)) - a32408a4-f19d-4bad-97c5-ba33ae94fc9a: shutdown FollowerState
2019-10-16 21:54:55,647 [grpc-default-executor-4] INFO  impl.RoleInfo (RoleInfo.java:updateAndGet(143)) - 277b5c5e-8c6f-4c9a-a53f-1bbc96404e12: start FollowerState
2019-10-16 21:54:55,648 [Thread-324] INFO  impl.FollowerState (FollowerState.java:run(117)) - a32408a4-f19d-4bad-97c5-ba33ae94fc9a@group-569FAC3F8BCE-FollowerState was interrupted: java.lang.InterruptedException: sleep interrupted
2019-10-16 21:54:55,648 [grpc-default-executor-1] INFO  impl.RoleInfo (RoleInfo.java:updateAndGet(143)) - a32408a4-f19d-4bad-97c5-ba33ae94fc9a: start FollowerState
2019-10-16 21:54:55,669 [6b24a2ab-97ee-4d49-85cc-2d76c2f4b8ef@group-569FAC3F8BCE-LeaderElection20] INFO  impl.LeaderElection (LeaderElection.java:logAndReturn(56)) - 6b24a2ab-97ee-4d49-85cc-2d76c2f4b8ef@group-569FAC3F8BCE-LeaderElection20: Election PASSED; received 1 response(s) [6b24a2ab-97ee-4d49-85cc-2d76c2f4b8ef<-277b5c5e-8c6f-4c9a-a53f-1bbc96404e12#0:OK-t1] and 0 exception(s); 6b24a2ab-97ee-4d49-85cc-2d76c2f4b8ef@group-569FAC3F8BCE:t1, leader=null, voted=6b24a2ab-97ee-4d49-85cc-2d76c2f4b8ef, raftlog=6b24a2ab-97ee-4d49-85cc-2d76c2f4b8ef@group-569FAC3F8BCE-SegmentedRaftLog:OPENED:c-1,f-1,i0, conf=-1: [a32408a4-f19d-4bad-97c5-ba33ae94fc9a:192.168.157.254:38721, 6b24a2ab-97ee-4d49-85cc-2d76c2f4b8ef:192.168.157.254:41080, 277b5c5e-8c6f-4c9a-a53f-1bbc96404e12:192.168.157.254:41416], old=null
2019-10-16 21:54:55,669 [6b24a2ab-97ee-4d49-85cc-2d76c2f4b8ef@group-569FAC3F8BCE-LeaderElection20] INFO  impl.RoleInfo (RoleInfo.java:shutdownLeaderElection(134)) - 6b24a2ab-97ee-4d49-85cc-2d76c2f4b8ef: shutdown LeaderElection
2019-10-16 21:54:55,669 [6b24a2ab-97ee-4d49-85cc-2d76c2f4b8ef@group-569FAC3F8BCE-LeaderElection20] INFO  impl.RaftServerImpl (RaftServerImpl.java:setRole(184)) - 6b24a2ab-97ee-4d49-85cc-2d76c2f4b8ef@group-569FAC3F8BCE: changes role from CANDIDATE to LEADER at term 1 for changeToLeader
2019-10-16 21:54:55,669 [6b24a2ab-97ee-4d49-85cc-2d76c2f4b8ef@group-569FAC3F8BCE-LeaderElection20] INFO  ratis.XceiverServerRatis (XceiverServerRatis.java:handleLeaderChangedNotification(700)) - Leader change notification received for group: group-569FAC3F8BCE with new leaderId: 6b24a2ab-97ee-4d49-85cc-2d76c2f4b8ef
2019-10-16 21:54:55,670 [6b24a2ab-97ee-4d49-85cc-2d76c2f4b8ef@group-569FAC3F8BCE-LeaderElection20] INFO  impl.RaftServerImpl (ServerState.java:setLeader(256)) - 6b24a2ab-97ee-4d49-85cc-2d76c2f4b8ef@group-569FAC3F8BCE: change Leader from null to 6b24a2ab-97ee-4d49-85cc-2d76c2f4b8ef at term 1 for becomeLeader, leader elected after 138ms
2019-10-16 21:54:55,670 [6b24a2ab-97ee-4d49-85cc-2d76c2f4b8ef@group-569FAC3F8BCE-LeaderElection20] INFO  server.RaftServerConfigKeys (ConfUtils.java:logGet(43)) - raft.server.staging.catchup.gap = 1000 (default)
2019-10-16 21:54:55,670 [6b24a2ab-97ee-4d49-85cc-2d76c2f4b8ef@group-569FAC3F8BCE-LeaderElection20] INFO  server.RaftServerConfigKeys (ConfUtils.java:logGet(43)) - raft.server.rpc.sleep.time = 25ms (default)
2019-10-16 21:54:55,670 [6b24a2ab-97ee-4d49-85cc-2d76c2f4b8ef@group-569FAC3F8BCE-LeaderElection20] INFO  server.RaftServerConfigKeys (ConfUtils.java:logGet(43)) - raft.server.write.element-limit = 4096 (default)
2019-10-16 21:54:55,670 [6b24a2ab-97ee-4d49-85cc-2d76c2f4b8ef@group-569FAC3F8BCE-LeaderElection20] INFO  server.RaftServerConfigKeys (ConfUtils.java:logGet(43)) - raft.server.watch.timeout = 10s (default)
2019-10-16 21:54:55,670 [6b24a2ab-97ee-4d49-85cc-2d76c2f4b8ef@group-569FAC3F8BCE-LeaderElection20] INFO  server.RaftServerConfigKeys (ConfUtils.java:logGet(43)) - raft.server.watch.timeout.denomination = 1s (default)
2019-10-16 21:54:55,671 [6b24a2ab-97ee-4d49-85cc-2d76c2f4b8ef@group-569FAC3F8BCE-LeaderElection20] INFO  server.RaftServerConfigKeys (ConfUtils.java:logGet(43)) - raft.server.watch.element-limit = 65536 (default)
2019-10-16 21:54:55,673 [EventQueue-PipelineReportForPipelineReportHandler] INFO  pipeline.PipelineReportHandler (PipelineReportHandler.java:processPipelineReport(119)) - Pipeline PipelineID=d922a05d-3ab2-47f8-95bc-569fac3f8bce reported by 6b24a2ab-97ee-4d49-85cc-2d76c2f4b8ef{ip: 192.168.157.254, host: pr-hdds-1868-qdb9g-714931517, networkLocation: /default-rack, certSerialId: null} with leaderId 6b24a2ab-97ee-4d49-85cc-2d76c2f4b8ef
2019-10-16 21:54:55,674 [6b24a2ab-97ee-4d49-85cc-2d76c2f4b8ef@group-569FAC3F8BCE-LeaderElection20] INFO  server.RaftServerConfigKeys (ConfUtils.java:logGet(43)) - raft.server.log.appender.snapshot.chunk.size.max = 16MB (=16777216) (default)
2019-10-16 21:54:55,675 [6b24a2ab-97ee-4d49-85cc-2d76c2f4b8ef@group-569FAC3F8BCE-LeaderElection20] INFO  server.RaftServerConfigKeys (ConfUtils.java:logGet(43)) - raft.server.log.appender.buffer.byte-limit = 33554432 (custom)
2019-10-16 21:54:55,675 [6b24a2ab-97ee-4d49-85cc-2d76c2f4b8ef@group-569FAC3F8BCE-LeaderElection20] INFO  server.RaftServerConfigKeys (ConfUtils.java:logGet(43)) - raft.server.log.appender.buffer.element-limit = 1 (custom)
2019-10-16 21:54:55,675 [6b24a2ab-97ee-4d49-85cc-2d76c2f4b8ef@group-569FAC3F8BCE-LeaderElection20] INFO  grpc.GrpcConfigKeys$Server (ConfUtils.java:logGet(43)) - raft.grpc.server.leader.outstanding.appends.max = 128 (default)
2019-10-16 21:54:55,675 [6b24a2ab-97ee-4d49-85cc-2d76c2f4b8ef@group-569FAC3F8BCE-LeaderElection20] INFO  server.RaftServerConfigKeys (ConfUtils.java:logGet(43)) - raft.server.rpc.request.timeout = 3000ms (default)
2019-10-16 21:54:55,675 [6b24a2ab-97ee-4d49-85cc-2d76c2f4b8ef@group-569FAC3F8BCE-LeaderElection20] INFO  server.RaftServerConfigKeys (ConfUtils.java:logGet(43)) - raft.server.log.appender.install.snapshot.enabled = false (custom)
2019-10-16 21:54:55,677 [6b24a2ab-97ee-4d49-85cc-2d76c2f4b8ef@group-569FAC3F8BCE-LeaderElection20] INFO  server.RaftServerConfigKeys (ConfUtils.java:logGet(43)) - raft.server.log.appender.snapshot.chunk.size.max = 16MB (=16777216) (default)
2019-10-16 21:54:55,678 [6b24a2ab-97ee-4d49-85cc-2d76c2f4b8ef@group-569FAC3F8BCE-LeaderElection20] INFO  server.RaftServerConfigKeys (ConfUtils.java:logGet(43)) - raft.server.log.appender.buffer.byte-limit = 33554432 (custom)
2019-10-16 21:54:55,678 [6b24a2ab-97ee-4d49-85cc-2d76c2f4b8ef@group-569FAC3F8BCE-LeaderElection20] INFO  server.RaftServerConfigKeys (ConfUtils.java:logGet(43)) - raft.server.log.appender.buffer.element-limit = 1 (custom)
2019-10-16 21:54:55,678 [6b24a2ab-97ee-4d49-85cc-2d76c2f4b8ef@group-569FAC3F8BCE-LeaderElection20] INFO  grpc.GrpcConfigKeys$Server (ConfUtils.java:logGet(43)) - raft.grpc.server.leader.outstanding.appends.max = 128 (default)
2019-10-16 21:54:55,678 [6b24a2ab-97ee-4d49-85cc-2d76c2f4b8ef@group-569FAC3F8BCE-LeaderElection20] INFO  server.RaftServerConfigKeys (ConfUtils.java:logGet(43)) - raft.server.rpc.request.timeout = 3000ms (default)
2019-10-16 21:54:55,679 [6b24a2ab-97ee-4d49-85cc-2d76c2f4b8ef@group-569FAC3F8BCE-LeaderElection20] INFO  server.RaftServerConfigKeys (ConfUtils.java:logGet(43)) - raft.server.log.appender.install.snapshot.enabled = false (custom)
2019-10-16 21:54:55,681 [6b24a2ab-97ee-4d49-85cc-2d76c2f4b8ef@group-569FAC3F8BCE-LeaderElection20] INFO  impl.RoleInfo (RoleInfo.java:updateAndGet(143)) - 6b24a2ab-97ee-4d49-85cc-2d76c2f4b8ef: start LeaderState
2019-10-16 21:54:55,681 [6b24a2ab-97ee-4d49-85cc-2d76c2f4b8ef@group-569FAC3F8BCE-LeaderElection20] INFO  segmented.SegmentedRaftLogWorker (SegmentedRaftLogWorker.java:startLogSegment(385)) - 6b24a2ab-97ee-4d49-85cc-2d76c2f4b8ef@group-569FAC3F8BCE-SegmentedRaftLogWorker: Starting segment from index:0
2019-10-16 21:54:55,682 [6b24a2ab-97ee-4d49-85cc-2d76c2f4b8ef@group-569FAC3F8BCE-LeaderElection20] INFO  impl.RaftServerImpl (ServerState.java:setRaftConf(357)) - 6b24a2ab-97ee-4d49-85cc-2d76c2f4b8ef@group-569FAC3F8BCE: set configuration 0: [a32408a4-f19d-4bad-97c5-ba33ae94fc9a:192.168.157.254:38721, 6b24a2ab-97ee-4d49-85cc-2d76c2f4b8ef:192.168.157.254:41080, 277b5c5e-8c6f-4c9a-a53f-1bbc96404e12:192.168.157.254:41416], old=null at 0
2019-10-16 21:54:55,712 [Thread-331] INFO  impl.FollowerState (FollowerState.java:run(108)) - 277b5c5e-8c6f-4c9a-a53f-1bbc96404e12@group-569FAC3F8BCE-FollowerState: change to CANDIDATE, lastRpcTime:64ms, electionTimeout:55ms
2019-10-16 21:54:55,713 [Thread-331] INFO  impl.RoleInfo (RoleInfo.java:shutdownFollowerState(121)) - 277b5c5e-8c6f-4c9a-a53f-1bbc96404e12: shutdown FollowerState
2019-10-16 21:54:55,713 [Thread-331] INFO  impl.RaftServerImpl (RaftServerImpl.java:setRole(184)) - 277b5c5e-8c6f-4c9a-a53f-1bbc96404e12@group-569FAC3F8BCE: changes role from  FOLLOWER to CANDIDATE at term 1 for changeToCandidate
2019-10-16 21:54:55,713 [Thread-331] INFO  impl.RoleInfo (RoleInfo.java:updateAndGet(143)) - 277b5c5e-8c6f-4c9a-a53f-1bbc96404e12: start LeaderElection
2019-10-16 21:54:55,716 [grpc-default-executor-4] INFO  ratis.XceiverServerRatis (XceiverServerRatis.java:handleLeaderChangedNotification(700)) - Leader change notification received for group: group-569FAC3F8BCE with new leaderId: 6b24a2ab-97ee-4d49-85cc-2d76c2f4b8ef
2019-10-16 21:54:55,717 [grpc-default-executor-4] INFO  impl.RaftServerImpl (ServerState.java:setLeader(256)) - a32408a4-f19d-4bad-97c5-ba33ae94fc9a@group-569FAC3F8BCE: change Leader from null to 6b24a2ab-97ee-4d49-85cc-2d76c2f4b8ef at term 1 for appendEntries, leader elected after 186ms
2019-10-16 21:54:55,719 [EventQueue-PipelineReportForPipelineReportHandler] INFO  pipeline.PipelineReportHandler (PipelineReportHandler.java:processPipelineReport(119)) - Pipeline PipelineID=d922a05d-3ab2-47f8-95bc-569fac3f8bce reported by a32408a4-f19d-4bad-97c5-ba33ae94fc9a{ip: 192.168.157.254, host: pr-hdds-1868-qdb9g-714931517, networkLocation: /default-rack, certSerialId: null} with leaderId 6b24a2ab-97ee-4d49-85cc-2d76c2f4b8ef
2019-10-16 21:54:55,725 [6b24a2ab-97ee-4d49-85cc-2d76c2f4b8ef@group-569FAC3F8BCE-SegmentedRaftLogWorker] INFO  segmented.SegmentedRaftLogWorker (SegmentedRaftLogWorker.java:execute(576)) - 6b24a2ab-97ee-4d49-85cc-2d76c2f4b8ef@group-569FAC3F8BCE-SegmentedRaftLogWorker: created new log segment /workdir/hadoop-ozone/ozonefs/target/test-dir/MiniOzoneClusterImpl-bd2adbcd-a8bb-4b9e-9c25-f9aa9b2c6882/datanode-2/data/ratis/d922a05d-3ab2-47f8-95bc-569fac3f8bce/current/log_inprogress_0
2019-10-16 21:54:55,726 [277b5c5e-8c6f-4c9a-a53f-1bbc96404e12@group-569FAC3F8BCE-LeaderElection21] INFO  impl.LeaderElection (LeaderElection.java:askForVotes(178)) - 277b5c5e-8c6f-4c9a-a53f-1bbc96404e12@group-569FAC3F8BCE-LeaderElection21: begin an election at term 2 for -1: [a32408a4-f19d-4bad-97c5-ba33ae94fc9a:192.168.157.254:38721, 6b24a2ab-97ee-4d49-85cc-2d76c2f4b8ef:192.168.157.254:41080, 277b5c5e-8c6f-4c9a-a53f-1bbc96404e12:192.168.157.254:41416], old=null
2019-10-16 21:54:55,729 [Thread-333] INFO  impl.RaftServerImpl (ServerState.java:setLeader(256)) - 6b24a2ab-97ee-4d49-85cc-2d76c2f4b8ef@group-569FAC3F8BCE: change Leader from 6b24a2ab-97ee-4d49-85cc-2d76c2f4b8ef to null at term 2 for updateCurrentTerm
2019-10-16 21:54:55,729 [Thread-333] INFO  impl.RaftServerImpl (RaftServerImpl.java:setRole(184)) - 6b24a2ab-97ee-4d49-85cc-2d76c2f4b8ef@group-569FAC3F8BCE: changes role from    LEADER to FOLLOWER at term 2 for stepDown
2019-10-16 21:54:55,729 [Thread-333] INFO  impl.RoleInfo (RoleInfo.java:shutdownLeaderState(104)) - 6b24a2ab-97ee-4d49-85cc-2d76c2f4b8ef: shutdown LeaderState
2019-10-16 21:54:55,730 [org.apache.ratis.server.impl.LogAppender$AppenderDaemon$$Lambda$424/607595153@3a3c2349] WARN  server.GrpcLogAppender (GrpcLogAppender.java:mayWait(149)) - 6b24a2ab-97ee-4d49-85cc-2d76c2f4b8ef@group-569FAC3F8BCE->277b5c5e-8c6f-4c9a-a53f-1bbc96404e12-GrpcLogAppender: Wait interrupted by java.lang.InterruptedException
2019-10-16 21:54:55,730 [org.apache.ratis.server.impl.LogAppender$AppenderDaemon$$Lambda$424/607595153@b7d2a06] WARN  server.GrpcLogAppender (GrpcLogAppender.java:mayWait(149)) - 6b24a2ab-97ee-4d49-85cc-2d76c2f4b8ef@group-569FAC3F8BCE->a32408a4-f19d-4bad-97c5-ba33ae94fc9a-GrpcLogAppender: Wait interrupted by java.lang.InterruptedException
2019-10-16 21:54:55,730 [Thread-333] INFO  impl.PendingRequests (PendingRequests.java:sendNotLeaderResponses(202)) - 6b24a2ab-97ee-4d49-85cc-2d76c2f4b8ef@group-569FAC3F8BCE-PendingRequests: sendNotLeaderResponses
2019-10-16 21:54:55,731 [grpc-default-executor-4] INFO  impl.RaftServerImpl (ServerState.java:setRaftConf(357)) - a32408a4-f19d-4bad-97c5-ba33ae94fc9a@group-569FAC3F8BCE: set configuration 0: [a32408a4-f19d-4bad-97c5-ba33ae94fc9a:192.168.157.254:38721, 6b24a2ab-97ee-4d49-85cc-2d76c2f4b8ef:192.168.157.254:41080, 277b5c5e-8c6f-4c9a-a53f-1bbc96404e12:192.168.157.254:41416], old=null at 0
2019-10-16 21:54:55,731 [Thread-333] INFO  impl.RoleInfo (RoleInfo.java:updateAndGet(143)) - 6b24a2ab-97ee-4d49-85cc-2d76c2f4b8ef: start FollowerState
2019-10-16 21:54:55,732 [grpc-default-executor-4] INFO  segmented.SegmentedRaftLogWorker (SegmentedRaftLogWorker.java:startLogSegment(385)) - a32408a4-f19d-4bad-97c5-ba33ae94fc9a@group-569FAC3F8BCE-SegmentedRaftLogWorker: Starting segment from index:0
2019-10-16 21:54:55,732 [grpc-default-executor-2] INFO  server.GrpcServerProtocolService (GrpcServerProtocolService.java:onCompleted(113)) - 277b5c5e-8c6f-4c9a-a53f-1bbc96404e12: Completed APPEND_ENTRIES, lastRequest: 6b24a2ab-97ee-4d49-85cc-2d76c2f4b8ef->277b5c5e-8c6f-4c9a-a53f-1bbc96404e12#0-t1, previous=(t:0, i:0), leaderCommit=-1, initializing? false, entries: <empty>
2019-10-16 21:54:55,732 [grpc-default-executor-0] INFO  impl.RaftServerImpl (ServerState.java:setLeader(256)) - a32408a4-f19d-4bad-97c5-ba33ae94fc9a@group-569FAC3F8BCE: change Leader from 6b24a2ab-97ee-4d49-85cc-2d76c2f4b8ef to null at term 2 for updateCurrentTerm
2019-10-16 21:54:55,732 [grpc-default-executor-0] INFO  impl.RaftServerImpl (RaftServerImpl.java:setRole(184)) - a32408a4-f19d-4bad-97c5-ba33ae94fc9a@group-569FAC3F8BCE: changes role from  FOLLOWER to FOLLOWER at term 2 for recognizeCandidate:277b5c5e-8c6f-4c9a-a53f-1bbc96404e12
2019-10-16 21:54:55,733 [grpc-default-executor-0] INFO  impl.RoleInfo (RoleInfo.java:shutdownFollowerState(121)) - a32408a4-f19d-4bad-97c5-ba33ae94fc9a: shutdown FollowerState
2019-10-16 21:54:55,733 [grpc-default-executor-2] INFO  server.GrpcLogAppender (GrpcLogAppender.java:onCompleted(308)) - 6b24a2ab-97ee-4d49-85cc-2d76c2f4b8ef@group-569FAC3F8BCE->277b5c5e-8c6f-4c9a-a53f-1bbc96404e12-AppendLogResponseHandler: follower responses appendEntries COMPLETED
2019-10-16 21:54:55,733 [grpc-default-executor-0] INFO  impl.RoleInfo (RoleInfo.java:updateAndGet(143)) - a32408a4-f19d-4bad-97c5-ba33ae94fc9a: start FollowerState
2019-10-16 21:54:55,733 [Thread-332] INFO  impl.FollowerState (FollowerState.java:run(117)) - a32408a4-f19d-4bad-97c5-ba33ae94fc9a@group-569FAC3F8BCE-FollowerState was interrupted: java.lang.InterruptedException: sleep interrupted
2019-10-16 21:54:55,765 [grpc-default-executor-1] INFO  impl.RaftServerImpl (RaftServerImpl.java:setRole(184)) - 6b24a2ab-97ee-4d49-85cc-2d76c2f4b8ef@group-569FAC3F8BCE: changes role from  FOLLOWER to FOLLOWER at term 2 for recognizeCandidate:277b5c5e-8c6f-4c9a-a53f-1bbc96404e12
2019-10-16 21:54:55,766 [grpc-default-executor-1] INFO  impl.RoleInfo (RoleInfo.java:shutdownFollowerState(121)) - 6b24a2ab-97ee-4d49-85cc-2d76c2f4b8ef: shutdown FollowerState
2019-10-16 21:54:55,766 [grpc-default-executor-2] INFO  impl.FollowerInfo (FollowerInfo.java:lambda$new$0(51)) - 6b24a2ab-97ee-4d49-85cc-2d76c2f4b8ef@group-569FAC3F8BCE->277b5c5e-8c6f-4c9a-a53f-1bbc96404e12: nextIndex: updateUnconditionally 0 -> 0
2019-10-16 21:54:55,766 [grpc-default-executor-1] INFO  impl.RoleInfo (RoleInfo.java:updateAndGet(143)) - 6b24a2ab-97ee-4d49-85cc-2d76c2f4b8ef: start FollowerState
2019-10-16 21:54:55,766 [Thread-342] INFO  impl.FollowerState (FollowerState.java:run(117)) - 6b24a2ab-97ee-4d49-85cc-2d76c2f4b8ef@group-569FAC3F8BCE-FollowerState was interrupted: java.lang.InterruptedException: sleep interrupted
2019-10-16 21:54:55,766 [grpc-default-executor-4] INFO  server.GrpcServerProtocolService (GrpcServerProtocolService.java:onCompleted(113)) - a32408a4-f19d-4bad-97c5-ba33ae94fc9a: Completed APPEND_ENTRIES, lastRequest: 6b24a2ab-97ee-4d49-85cc-2d76c2f4b8ef->a32408a4-f19d-4bad-97c5-ba33ae94fc9a#1-t1, previous=(t:0, i:0), leaderCommit=-1, initializing? false, entries: size=1, first=(t:1, i:0), CONFIGURATIONENTRY
2019-10-16 21:54:55,768 [grpc-default-executor-1] INFO  server.GrpcLogAppender (GrpcLogAppender.java:onCompleted(308)) - 6b24a2ab-97ee-4d49-85cc-2d76c2f4b8ef@group-569FAC3F8BCE->a32408a4-f19d-4bad-97c5-ba33ae94fc9a-AppendLogResponseHandler: follower responses appendEntries COMPLETED
2019-10-16 21:54:55,770 [grpc-default-executor-1] INFO  impl.FollowerInfo (FollowerInfo.java:lambda$new$0(51)) - 6b24a2ab-97ee-4d49-85cc-2d76c2f4b8ef@group-569FAC3F8BCE->a32408a4-f19d-4bad-97c5-ba33ae94fc9a: nextIndex: updateUnconditionally 1 -> 0
2019-10-16 21:54:55,771 [277b5c5e-8c6f-4c9a-a53f-1bbc96404e12@group-569FAC3F8BCE-LeaderElection21] INFO  impl.LeaderElection (LeaderElection.java:logAndReturn(56)) - 277b5c5e-8c6f-4c9a-a53f-1bbc96404e12@group-569FAC3F8BCE-LeaderElection21: Election TIMEOUT; received 1 response(s) [277b5c5e-8c6f-4c9a-a53f-1bbc96404e12<-6b24a2ab-97ee-4d49-85cc-2d76c2f4b8ef#0:FAIL-t2] and 0 exception(s); 277b5c5e-8c6f-4c9a-a53f-1bbc96404e12@group-569FAC3F8BCE:t2, leader=null, voted=277b5c5e-8c6f-4c9a-a53f-1bbc96404e12, raftlog=277b5c5e-8c6f-4c9a-a53f-1bbc96404e12@group-569FAC3F8BCE-SegmentedRaftLog:OPENED:c-1,f-1,i0, conf=-1: [a32408a4-f19d-4bad-97c5-ba33ae94fc9a:192.168.157.254:38721, 6b24a2ab-97ee-4d49-85cc-2d76c2f4b8ef:192.168.157.254:41080, 277b5c5e-8c6f-4c9a-a53f-1bbc96404e12:192.168.157.254:41416], old=null
2019-10-16 21:54:55,778 [a32408a4-f19d-4bad-97c5-ba33ae94fc9a@group-569FAC3F8BCE-SegmentedRaftLogWorker] INFO  segmented.SegmentedRaftLogWorker (SegmentedRaftLogWorker.java:execute(576)) - a32408a4-f19d-4bad-97c5-ba33ae94fc9a@group-569FAC3F8BCE-SegmentedRaftLogWorker: created new log segment /workdir/hadoop-ozone/ozonefs/target/test-dir/MiniOzoneClusterImpl-bd2adbcd-a8bb-4b9e-9c25-f9aa9b2c6882/datanode-1/data/ratis/d922a05d-3ab2-47f8-95bc-569fac3f8bce/current/log_inprogress_0
2019-10-16 21:54:55,778 [277b5c5e-8c6f-4c9a-a53f-1bbc96404e12@group-569FAC3F8BCE-LeaderElection21] INFO  impl.LeaderElection (LeaderElection.java:askForVotes(178)) - 277b5c5e-8c6f-4c9a-a53f-1bbc96404e12@group-569FAC3F8BCE-LeaderElection21: begin an election at term 3 for -1: [a32408a4-f19d-4bad-97c5-ba33ae94fc9a:192.168.157.254:38721, 6b24a2ab-97ee-4d49-85cc-2d76c2f4b8ef:192.168.157.254:41080, 277b5c5e-8c6f-4c9a-a53f-1bbc96404e12:192.168.157.254:41416], old=null
2019-10-16 21:54:55,782 [grpc-default-executor-1] INFO  impl.RaftServerImpl (RaftServerImpl.java:setRole(184)) - a32408a4-f19d-4bad-97c5-ba33ae94fc9a@group-569FAC3F8BCE: changes role from  FOLLOWER to FOLLOWER at term 3 for recognizeCandidate:277b5c5e-8c6f-4c9a-a53f-1bbc96404e12
2019-10-16 21:54:55,782 [grpc-default-executor-0] INFO  impl.RaftServerImpl (RaftServerImpl.java:setRole(184)) - 6b24a2ab-97ee-4d49-85cc-2d76c2f4b8ef@group-569FAC3F8BCE: changes role from  FOLLOWER to FOLLOWER at term 3 for recognizeCandidate:277b5c5e-8c6f-4c9a-a53f-1bbc96404e12
2019-10-16 21:54:55,782 [grpc-default-executor-1] INFO  impl.RoleInfo (RoleInfo.java:shutdownFollowerState(121)) - a32408a4-f19d-4bad-97c5-ba33ae94fc9a: shutdown FollowerState
2019-10-16 21:54:55,782 [grpc-default-executor-0] INFO  impl.RoleInfo (RoleInfo.java:shutdownFollowerState(121)) - 6b24a2ab-97ee-4d49-85cc-2d76c2f4b8ef: shutdown FollowerState
2019-10-16 21:54:55,783 [grpc-default-executor-1] INFO  impl.RoleInfo (RoleInfo.java:updateAndGet(143)) - a32408a4-f19d-4bad-97c5-ba33ae94fc9a: start FollowerState
2019-10-16 21:54:55,783 [Thread-344] INFO  impl.FollowerState (FollowerState.java:run(117)) - 6b24a2ab-97ee-4d49-85cc-2d76c2f4b8ef@group-569FAC3F8BCE-FollowerState was interrupted: java.lang.InterruptedException: sleep interrupted
2019-10-16 21:54:55,783 [grpc-default-executor-0] INFO  impl.RoleInfo (RoleInfo.java:updateAndGet(143)) - 6b24a2ab-97ee-4d49-85cc-2d76c2f4b8ef: start FollowerState
2019-10-16 21:54:55,783 [Thread-343] INFO  impl.FollowerState (FollowerState.java:run(117)) - a32408a4-f19d-4bad-97c5-ba33ae94fc9a@group-569FAC3F8BCE-FollowerState was interrupted: java.lang.InterruptedException: sleep interrupted
2019-10-16 21:54:55,795 [277b5c5e-8c6f-4c9a-a53f-1bbc96404e12@group-569FAC3F8BCE-LeaderElection21] INFO  impl.LeaderElection (LeaderElection.java:logAndReturn(56)) - 277b5c5e-8c6f-4c9a-a53f-1bbc96404e12@group-569FAC3F8BCE-LeaderElection21: Election REJECTED; received 2 response(s) [277b5c5e-8c6f-4c9a-a53f-1bbc96404e12<-6b24a2ab-97ee-4d49-85cc-2d76c2f4b8ef#0:FAIL-t3, 277b5c5e-8c6f-4c9a-a53f-1bbc96404e12<-a32408a4-f19d-4bad-97c5-ba33ae94fc9a#0:FAIL-t3] and 0 exception(s); 277b5c5e-8c6f-4c9a-a53f-1bbc96404e12@group-569FAC3F8BCE:t3, leader=null, voted=277b5c5e-8c6f-4c9a-a53f-1bbc96404e12, raftlog=277b5c5e-8c6f-4c9a-a53f-1bbc96404e12@group-569FAC3F8BCE-SegmentedRaftLog:OPENED:c-1,f-1,i0, conf=-1: [a32408a4-f19d-4bad-97c5-ba33ae94fc9a:192.168.157.254:38721, 6b24a2ab-97ee-4d49-85cc-2d76c2f4b8ef:192.168.157.254:41080, 277b5c5e-8c6f-4c9a-a53f-1bbc96404e12:192.168.157.254:41416], old=null
2019-10-16 21:54:55,795 [277b5c5e-8c6f-4c9a-a53f-1bbc96404e12@group-569FAC3F8BCE-LeaderElection21] INFO  impl.RaftServerImpl (RaftServerImpl.java:setRole(184)) - 277b5c5e-8c6f-4c9a-a53f-1bbc96404e12@group-569FAC3F8BCE: changes role from CANDIDATE to FOLLOWER at term 3 for DISCOVERED_A_NEW_TERM
2019-10-16 21:54:55,796 [277b5c5e-8c6f-4c9a-a53f-1bbc96404e12@group-569FAC3F8BCE-LeaderElection21] INFO  impl.RoleInfo (RoleInfo.java:shutdownLeaderElection(134)) - 277b5c5e-8c6f-4c9a-a53f-1bbc96404e12: shutdown LeaderElection
2019-10-16 21:54:55,796 [277b5c5e-8c6f-4c9a-a53f-1bbc96404e12@group-569FAC3F8BCE-LeaderElection21] INFO  impl.RoleInfo (RoleInfo.java:updateAndGet(143)) - 277b5c5e-8c6f-4c9a-a53f-1bbc96404e12: start FollowerState
2019-10-16 21:54:55,819 [Thread-350] INFO  impl.FollowerState (FollowerState.java:run(108)) - 277b5c5e-8c6f-4c9a-a53f-1bbc96404e12@group-569FAC3F8BCE-FollowerState: change to CANDIDATE, lastRpcTime:23ms, electionTimeout:23ms
2019-10-16 21:54:55,820 [Thread-350] INFO  impl.RoleInfo (RoleInfo.java:shutdownFollowerState(121)) - 277b5c5e-8c6f-4c9a-a53f-1bbc96404e12: shutdown FollowerState
2019-10-16 21:54:55,820 [Thread-350] INFO  impl.RaftServerImpl (RaftServerImpl.java:setRole(184)) - 277b5c5e-8c6f-4c9a-a53f-1bbc96404e12@group-569FAC3F8BCE: changes role from  FOLLOWER to CANDIDATE at term 3 for changeToCandidate
2019-10-16 21:54:55,820 [Thread-350] INFO  impl.RoleInfo (RoleInfo.java:updateAndGet(143)) - 277b5c5e-8c6f-4c9a-a53f-1bbc96404e12: start LeaderElection
2019-10-16 21:54:55,834 [277b5c5e-8c6f-4c9a-a53f-1bbc96404e12@group-569FAC3F8BCE-LeaderElection22] INFO  impl.LeaderElection (LeaderElection.java:askForVotes(178)) - 277b5c5e-8c6f-4c9a-a53f-1bbc96404e12@group-569FAC3F8BCE-LeaderElection22: begin an election at term 4 for -1: [a32408a4-f19d-4bad-97c5-ba33ae94fc9a:192.168.157.254:38721, 6b24a2ab-97ee-4d49-85cc-2d76c2f4b8ef:192.168.157.254:41080, 277b5c5e-8c6f-4c9a-a53f-1bbc96404e12:192.168.157.254:41416], old=null
2019-10-16 21:54:55,837 [grpc-default-executor-1] INFO  impl.RaftServerImpl (RaftServerImpl.java:setRole(184)) - 6b24a2ab-97ee-4d49-85cc-2d76c2f4b8ef@group-569FAC3F8BCE: changes role from  FOLLOWER to FOLLOWER at term 4 for recognizeCandidate:277b5c5e-8c6f-4c9a-a53f-1bbc96404e12
2019-10-16 21:54:55,837 [grpc-default-executor-1] INFO  impl.RoleInfo (RoleInfo.java:shutdownFollowerState(121)) - 6b24a2ab-97ee-4d49-85cc-2d76c2f4b8ef: shutdown FollowerState
2019-10-16 21:54:55,838 [grpc-default-executor-0] INFO  impl.RaftServerImpl (RaftServerImpl.java:setRole(184)) - a32408a4-f19d-4bad-97c5-ba33ae94fc9a@group-569FAC3F8BCE: changes role from  FOLLOWER to FOLLOWER at term 4 for recognizeCandidate:277b5c5e-8c6f-4c9a-a53f-1bbc96404e12
2019-10-16 21:54:55,838 [grpc-default-executor-1] INFO  impl.RoleInfo (RoleInfo.java:updateAndGet(143)) - 6b24a2ab-97ee-4d49-85cc-2d76c2f4b8ef: start FollowerState
2019-10-16 21:54:55,838 [Thread-348] INFO  impl.FollowerState (FollowerState.java:run(117)) - 6b24a2ab-97ee-4d49-85cc-2d76c2f4b8ef@group-569FAC3F8BCE-FollowerState was interrupted: java.lang.InterruptedException: sleep interrupted
2019-10-16 21:54:55,838 [grpc-default-executor-0] INFO  impl.RoleInfo (RoleInfo.java:shutdownFollowerState(121)) - a32408a4-f19d-4bad-97c5-ba33ae94fc9a: shutdown FollowerState
2019-10-16 21:54:55,838 [grpc-default-executor-0] INFO  impl.RoleInfo (RoleInfo.java:updateAndGet(143)) - a32408a4-f19d-4bad-97c5-ba33ae94fc9a: start FollowerState
2019-10-16 21:54:55,838 [Thread-347] INFO  impl.FollowerState (FollowerState.java:run(117)) - a32408a4-f19d-4bad-97c5-ba33ae94fc9a@group-569FAC3F8BCE-FollowerState was interrupted: java.lang.InterruptedException: sleep interrupted
2019-10-16 21:54:55,854 [277b5c5e-8c6f-4c9a-a53f-1bbc96404e12@group-569FAC3F8BCE-LeaderElection22] INFO  impl.LeaderElection (LeaderElection.java:logAndReturn(56)) - 277b5c5e-8c6f-4c9a-a53f-1bbc96404e12@group-569FAC3F8BCE-LeaderElection22: Election REJECTED; received 2 response(s) [277b5c5e-8c6f-4c9a-a53f-1bbc96404e12<-a32408a4-f19d-4bad-97c5-ba33ae94fc9a#0:FAIL-t4, 277b5c5e-8c6f-4c9a-a53f-1bbc96404e12<-6b24a2ab-97ee-4d49-85cc-2d76c2f4b8ef#0:FAIL-t4] and 0 exception(s); 277b5c5e-8c6f-4c9a-a53f-1bbc96404e12@group-569FAC3F8BCE:t4, leader=null, voted=277b5c5e-8c6f-4c9a-a53f-1bbc96404e12, raftlog=277b5c5e-8c6f-4c9a-a53f-1bbc96404e12@group-569FAC3F8BCE-SegmentedRaftLog:OPENED:c-1,f-1,i0, conf=-1: [a32408a4-f19d-4bad-97c5-ba33ae94fc9a:192.168.157.254:38721, 6b24a2ab-97ee-4d49-85cc-2d76c2f4b8ef:192.168.157.254:41080, 277b5c5e-8c6f-4c9a-a53f-1bbc96404e12:192.168.157.254:41416], old=null
2019-10-16 21:54:55,854 [277b5c5e-8c6f-4c9a-a53f-1bbc96404e12@group-569FAC3F8BCE-LeaderElection22] INFO  impl.RaftServerImpl (RaftServerImpl.java:setRole(184)) - 277b5c5e-8c6f-4c9a-a53f-1bbc96404e12@group-569FAC3F8BCE: changes role from CANDIDATE to FOLLOWER at term 4 for DISCOVERED_A_NEW_TERM
2019-10-16 21:54:55,854 [277b5c5e-8c6f-4c9a-a53f-1bbc96404e12@group-569FAC3F8BCE-LeaderElection22] INFO  impl.RoleInfo (RoleInfo.java:shutdownLeaderElection(134)) - 277b5c5e-8c6f-4c9a-a53f-1bbc96404e12: shutdown LeaderElection
2019-10-16 21:54:55,854 [277b5c5e-8c6f-4c9a-a53f-1bbc96404e12@group-569FAC3F8BCE-LeaderElection22] INFO  impl.RoleInfo (RoleInfo.java:updateAndGet(143)) - 277b5c5e-8c6f-4c9a-a53f-1bbc96404e12: start FollowerState
2019-10-16 21:54:55,900 [Thread-356] INFO  impl.FollowerState (FollowerState.java:run(108)) - 277b5c5e-8c6f-4c9a-a53f-1bbc96404e12@group-569FAC3F8BCE-FollowerState: change to CANDIDATE, lastRpcTime:45ms, electionTimeout:45ms
2019-10-16 21:54:55,901 [Thread-356] INFO  impl.RoleInfo (RoleInfo.java:shutdownFollowerState(121)) - 277b5c5e-8c6f-4c9a-a53f-1bbc96404e12: shutdown FollowerState
2019-10-16 21:54:55,901 [Thread-356] INFO  impl.RaftServerImpl (RaftServerImpl.java:setRole(184)) - 277b5c5e-8c6f-4c9a-a53f-1bbc96404e12@group-569FAC3F8BCE: changes role from  FOLLOWER to CANDIDATE at term 4 for changeToCandidate
2019-10-16 21:54:55,901 [Thread-356] INFO  impl.RoleInfo (RoleInfo.java:updateAndGet(143)) - 277b5c5e-8c6f-4c9a-a53f-1bbc96404e12: start LeaderElection
2019-10-16 21:54:55,915 [277b5c5e-8c6f-4c9a-a53f-1bbc96404e12@group-569FAC3F8BCE-LeaderElection23] INFO  impl.LeaderElection (LeaderElection.java:askForVotes(178)) - 277b5c5e-8c6f-4c9a-a53f-1bbc96404e12@group-569FAC3F8BCE-LeaderElection23: begin an election at term 5 for -1: [a32408a4-f19d-4bad-97c5-ba33ae94fc9a:192.168.157.254:38721, 6b24a2ab-97ee-4d49-85cc-2d76c2f4b8ef:192.168.157.254:41080, 277b5c5e-8c6f-4c9a-a53f-1bbc96404e12:192.168.157.254:41416], old=null
2019-10-16 21:54:55,918 [grpc-default-executor-1] INFO  impl.RaftServerImpl (RaftServerImpl.java:setRole(184)) - a32408a4-f19d-4bad-97c5-ba33ae94fc9a@group-569FAC3F8BCE: changes role from  FOLLOWER to FOLLOWER at term 5 for recognizeCandidate:277b5c5e-8c6f-4c9a-a53f-1bbc96404e12
2019-10-16 21:54:55,918 [grpc-default-executor-1] INFO  impl.RoleInfo (RoleInfo.java:shutdownFollowerState(121)) - a32408a4-f19d-4bad-97c5-ba33ae94fc9a: shutdown FollowerState
2019-10-16 21:54:55,918 [Thread-355] INFO  impl.FollowerState (FollowerState.java:run(117)) - a32408a4-f19d-4bad-97c5-ba33ae94fc9a@group-569FAC3F8BCE-FollowerState was interrupted: java.lang.InterruptedException: sleep interrupted
2019-10-16 21:54:55,918 [grpc-default-executor-1] INFO  impl.RoleInfo (RoleInfo.java:updateAndGet(143)) - a32408a4-f19d-4bad-97c5-ba33ae94fc9a: start FollowerState
2019-10-16 21:54:55,918 [grpc-default-executor-0] INFO  impl.RaftServerImpl (RaftServerImpl.java:setRole(184)) - 6b24a2ab-97ee-4d49-85cc-2d76c2f4b8ef@group-569FAC3F8BCE: changes role from  FOLLOWER to FOLLOWER at term 5 for recognizeCandidate:277b5c5e-8c6f-4c9a-a53f-1bbc96404e12
2019-10-16 21:54:55,918 [grpc-default-executor-0] INFO  impl.RoleInfo (RoleInfo.java:shutdownFollowerState(121)) - 6b24a2ab-97ee-4d49-85cc-2d76c2f4b8ef: shutdown FollowerState
2019-10-16 21:54:55,919 [grpc-default-executor-0] INFO  impl.RoleInfo (RoleInfo.java:updateAndGet(143)) - 6b24a2ab-97ee-4d49-85cc-2d76c2f4b8ef: start FollowerState
2019-10-16 21:54:55,919 [Thread-354] INFO  impl.FollowerState (FollowerState.java:run(117)) - 6b24a2ab-97ee-4d49-85cc-2d76c2f4b8ef@group-569FAC3F8BCE-FollowerState was interrupted: java.lang.InterruptedException: sleep interrupted
2019-10-16 21:54:55,945 [277b5c5e-8c6f-4c9a-a53f-1bbc96404e12@group-569FAC3F8BCE-LeaderElection23] INFO  impl.LeaderElection (LeaderElection.java:logAndReturn(56)) - 277b5c5e-8c6f-4c9a-a53f-1bbc96404e12@group-569FAC3F8BCE-LeaderElection23: Election REJECTED; received 2 response(s) [277b5c5e-8c6f-4c9a-a53f-1bbc96404e12<-a32408a4-f19d-4bad-97c5-ba33ae94fc9a#0:FAIL-t5, 277b5c5e-8c6f-4c9a-a53f-1bbc96404e12<-6b24a2ab-97ee-4d49-85cc-2d76c2f4b8ef#0:FAIL-t5] and 0 exception(s); 277b5c5e-8c6f-4c9a-a53f-1bbc96404e12@group-569FAC3F8BCE:t5, leader=null, voted=277b5c5e-8c6f-4c9a-a53f-1bbc96404e12, raftlog=277b5c5e-8c6f-4c9a-a53f-1bbc96404e12@group-569FAC3F8BCE-SegmentedRaftLog:OPENED:c-1,f-1,i0, conf=-1: [a32408a4-f19d-4bad-97c5-ba33ae94fc9a:192.168.157.254:38721, 6b24a2ab-97ee-4d49-85cc-2d76c2f4b8ef:192.168.157.254:41080, 277b5c5e-8c6f-4c9a-a53f-1bbc96404e12:192.168.157.254:41416], old=null
2019-10-16 21:54:55,945 [277b5c5e-8c6f-4c9a-a53f-1bbc96404e12@group-569FAC3F8BCE-LeaderElection23] INFO  impl.RaftServerImpl (RaftServerImpl.java:setRole(184)) - 277b5c5e-8c6f-4c9a-a53f-1bbc96404e12@group-569FAC3F8BCE: changes role from CANDIDATE to FOLLOWER at term 5 for DISCOVERED_A_NEW_TERM
2019-10-16 21:54:55,945 [277b5c5e-8c6f-4c9a-a53f-1bbc96404e12@group-569FAC3F8BCE-LeaderElection23] INFO  impl.RoleInfo (RoleInfo.java:shutdownLeaderElection(134)) - 277b5c5e-8c6f-4c9a-a53f-1bbc96404e12: shutdown LeaderElection
2019-10-16 21:54:55,945 [277b5c5e-8c6f-4c9a-a53f-1bbc96404e12@group-569FAC3F8BCE-LeaderElection23] INFO  impl.RoleInfo (RoleInfo.java:updateAndGet(143)) - 277b5c5e-8c6f-4c9a-a53f-1bbc96404e12: start FollowerState
2019-10-16 21:54:56,041 [Thread-362] INFO  impl.FollowerState (FollowerState.java:run(108)) - 277b5c5e-8c6f-4c9a-a53f-1bbc96404e12@group-569FAC3F8BCE-FollowerState: change to CANDIDATE, lastRpcTime:95ms, electionTimeout:95ms
2019-10-16 21:54:56,042 [Thread-362] INFO  impl.RoleInfo (RoleInfo.java:shutdownFollowerState(121)) - 277b5c5e-8c6f-4c9a-a53f-1bbc96404e12: shutdown FollowerState
2019-10-16 21:54:56,042 [Thread-362] INFO  impl.RaftServerImpl (RaftServerImpl.java:setRole(184)) - 277b5c5e-8c6f-4c9a-a53f-1bbc96404e12@group-569FAC3F8BCE: changes role from  FOLLOWER to CANDIDATE at term 5 for changeToCandidate
2019-10-16 21:54:56,042 [Thread-362] INFO  impl.RoleInfo (RoleInfo.java:updateAndGet(143)) - 277b5c5e-8c6f-4c9a-a53f-1bbc96404e12: start LeaderElection
2019-10-16 21:54:56,048 [277b5c5e-8c6f-4c9a-a53f-1bbc96404e12@group-569FAC3F8BCE-LeaderElection24] INFO  impl.LeaderElection (LeaderElection.java:askForVotes(178)) - 277b5c5e-8c6f-4c9a-a53f-1bbc96404e12@group-569FAC3F8BCE-LeaderElection24: begin an election at term 6 for -1: [a32408a4-f19d-4bad-97c5-ba33ae94fc9a:192.168.157.254:38721, 6b24a2ab-97ee-4d49-85cc-2d76c2f4b8ef:192.168.157.254:41080, 277b5c5e-8c6f-4c9a-a53f-1bbc96404e12:192.168.157.254:41416], old=null
2019-10-16 21:54:56,052 [grpc-default-executor-0] INFO  impl.RaftServerImpl (RaftServerImpl.java:setRole(184)) - a32408a4-f19d-4bad-97c5-ba33ae94fc9a@group-569FAC3F8BCE: changes role from  FOLLOWER to FOLLOWER at term 6 for recognizeCandidate:277b5c5e-8c6f-4c9a-a53f-1bbc96404e12
2019-10-16 21:54:56,052 [grpc-default-executor-1] INFO  impl.RaftServerImpl (RaftServerImpl.java:setRole(184)) - 6b24a2ab-97ee-4d49-85cc-2d76c2f4b8ef@group-569FAC3F8BCE: changes role from  FOLLOWER to FOLLOWER at term 6 for recognizeCandidate:277b5c5e-8c6f-4c9a-a53f-1bbc96404e12
2019-10-16 21:54:56,052 [grpc-default-executor-0] INFO  impl.RoleInfo (RoleInfo.java:shutdownFollowerState(121)) - a32408a4-f19d-4bad-97c5-ba33ae94fc9a: shutdown FollowerState
2019-10-16 21:54:56,052 [grpc-default-executor-1] INFO  impl.RoleInfo (RoleInfo.java:shutdownFollowerState(121)) - 6b24a2ab-97ee-4d49-85cc-2d76c2f4b8ef: shutdown FollowerState
2019-10-16 21:54:56,052 [Thread-360] INFO  impl.FollowerState (FollowerState.java:run(117)) - a32408a4-f19d-4bad-97c5-ba33ae94fc9a@group-569FAC3F8BCE-FollowerState was interrupted: java.lang.InterruptedException: sleep interrupted
2019-10-16 21:54:56,052 [grpc-default-executor-1] INFO  impl.RoleInfo (RoleInfo.java:updateAndGet(143)) - 6b24a2ab-97ee-4d49-85cc-2d76c2f4b8ef: start FollowerState
2019-10-16 21:54:56,052 [grpc-default-executor-0] INFO  impl.RoleInfo (RoleInfo.java:updateAndGet(143)) - a32408a4-f19d-4bad-97c5-ba33ae94fc9a: start FollowerState
2019-10-16 21:54:56,052 [Thread-361] INFO  impl.FollowerState (FollowerState.java:run(117)) - 6b24a2ab-97ee-4d49-85cc-2d76c2f4b8ef@group-569FAC3F8BCE-FollowerState was interrupted: java.lang.InterruptedException: sleep interrupted
2019-10-16 21:54:56,066 [277b5c5e-8c6f-4c9a-a53f-1bbc96404e12@group-569FAC3F8BCE-LeaderElection24] INFO  impl.LeaderElection (LeaderElection.java:logAndReturn(56)) - 277b5c5e-8c6f-4c9a-a53f-1bbc96404e12@group-569FAC3F8BCE-LeaderElection24: Election REJECTED; received 2 response(s) [277b5c5e-8c6f-4c9a-a53f-1bbc96404e12<-6b24a2ab-97ee-4d49-85cc-2d76c2f4b8ef#0:FAIL-t6, 277b5c5e-8c6f-4c9a-a53f-1bbc96404e12<-a32408a4-f19d-4bad-97c5-ba33ae94fc9a#0:FAIL-t6] and 0 exception(s); 277b5c5e-8c6f-4c9a-a53f-1bbc96404e12@group-569FAC3F8BCE:t6, leader=null, voted=277b5c5e-8c6f-4c9a-a53f-1bbc96404e12, raftlog=277b5c5e-8c6f-4c9a-a53f-1bbc96404e12@group-569FAC3F8BCE-SegmentedRaftLog:OPENED:c-1,f-1,i0, conf=-1: [a32408a4-f19d-4bad-97c5-ba33ae94fc9a:192.168.157.254:38721, 6b24a2ab-97ee-4d49-85cc-2d76c2f4b8ef:192.168.157.254:41080, 277b5c5e-8c6f-4c9a-a53f-1bbc96404e12:192.168.157.254:41416], old=null
2019-10-16 21:54:56,066 [277b5c5e-8c6f-4c9a-a53f-1bbc96404e12@group-569FAC3F8BCE-LeaderElection24] INFO  impl.RaftServerImpl (RaftServerImpl.java:setRole(184)) - 277b5c5e-8c6f-4c9a-a53f-1bbc96404e12@group-569FAC3F8BCE: changes role from CANDIDATE to FOLLOWER at term 6 for DISCOVERED_A_NEW_TERM
2019-10-16 21:54:56,066 [277b5c5e-8c6f-4c9a-a53f-1bbc96404e12@group-569FAC3F8BCE-LeaderElection24] INFO  impl.RoleInfo (RoleInfo.java:shutdownLeaderElection(134)) - 277b5c5e-8c6f-4c9a-a53f-1bbc96404e12: shutdown LeaderElection
2019-10-16 21:54:56,066 [277b5c5e-8c6f-4c9a-a53f-1bbc96404e12@group-569FAC3F8BCE-LeaderElection24] INFO  impl.RoleInfo (RoleInfo.java:updateAndGet(143)) - 277b5c5e-8c6f-4c9a-a53f-1bbc96404e12: start FollowerState
2019-10-16 21:54:56,165 [Thread-368] INFO  impl.FollowerState (FollowerState.java:run(108)) - 277b5c5e-8c6f-4c9a-a53f-1bbc96404e12@group-569FAC3F8BCE-FollowerState: change to CANDIDATE, lastRpcTime:98ms, electionTimeout:98ms
2019-10-16 21:54:56,166 [Thread-368] INFO  impl.RoleInfo (RoleInfo.java:shutdownFollowerState(121)) - 277b5c5e-8c6f-4c9a-a53f-1bbc96404e12: shutdown FollowerState
2019-10-16 21:54:56,166 [Thread-368] INFO  impl.RaftServerImpl (RaftServerImpl.java:setRole(184)) - 277b5c5e-8c6f-4c9a-a53f-1bbc96404e12@group-569FAC3F8BCE: changes role from  FOLLOWER to CANDIDATE at term 6 for changeToCandidate
2019-10-16 21:54:56,166 [Thread-368] INFO  impl.RoleInfo (RoleInfo.java:updateAndGet(143)) - 277b5c5e-8c6f-4c9a-a53f-1bbc96404e12: start LeaderElection
2019-10-16 21:54:56,171 [277b5c5e-8c6f-4c9a-a53f-1bbc96404e12@group-569FAC3F8BCE-LeaderElection25] INFO  impl.LeaderElection (LeaderElection.java:askForVotes(178)) - 277b5c5e-8c6f-4c9a-a53f-1bbc96404e12@group-569FAC3F8BCE-LeaderElection25: begin an election at term 7 for -1: [a32408a4-f19d-4bad-97c5-ba33ae94fc9a:192.168.157.254:38721, 6b24a2ab-97ee-4d49-85cc-2d76c2f4b8ef:192.168.157.254:41080, 277b5c5e-8c6f-4c9a-a53f-1bbc96404e12:192.168.157.254:41416], old=null
2019-10-16 21:54:56,175 [grpc-default-executor-0] INFO  impl.RaftServerImpl (RaftServerImpl.java:setRole(184)) - a32408a4-f19d-4bad-97c5-ba33ae94fc9a@group-569FAC3F8BCE: changes role from  FOLLOWER to FOLLOWER at term 7 for recognizeCandidate:277b5c5e-8c6f-4c9a-a53f-1bbc96404e12
2019-10-16 21:54:56,175 [grpc-default-executor-1] INFO  impl.RaftServerImpl (RaftServerImpl.java:setRole(184)) - 6b24a2ab-97ee-4d49-85cc-2d76c2f4b8ef@group-569FAC3F8BCE: changes role from  FOLLOWER to FOLLOWER at term 7 for recognizeCandidate:277b5c5e-8c6f-4c9a-a53f-1bbc96404e12
2019-10-16 21:54:56,176 [grpc-default-executor-0] INFO  impl.RoleInfo (RoleInfo.java:shutdownFollowerState(121)) - a32408a4-f19d-4bad-97c5-ba33ae94fc9a: shutdown FollowerState
2019-10-16 21:54:56,176 [grpc-default-executor-1] INFO  impl.RoleInfo (RoleInfo.java:shutdownFollowerState(121)) - 6b24a2ab-97ee-4d49-85cc-2d76c2f4b8ef: shutdown FollowerState
2019-10-16 21:54:56,177 [Thread-366] INFO  impl.FollowerState (FollowerState.java:run(117)) - a32408a4-f19d-4bad-97c5-ba33ae94fc9a@group-569FAC3F8BCE-FollowerState was interrupted: java.lang.InterruptedException: sleep interrupted
2019-10-16 21:54:56,177 [grpc-default-executor-0] INFO  impl.RoleInfo (RoleInfo.java:updateAndGet(143)) - a32408a4-f19d-4bad-97c5-ba33ae94fc9a: start FollowerState
2019-10-16 21:54:56,177 [Thread-367] INFO  impl.FollowerState (FollowerState.java:run(117)) - 6b24a2ab-97ee-4d49-85cc-2d76c2f4b8ef@group-569FAC3F8BCE-FollowerState was interrupted: java.lang.InterruptedException: sleep interrupted
2019-10-16 21:54:56,177 [grpc-default-executor-1] INFO  impl.RoleInfo (RoleInfo.java:updateAndGet(143)) - 6b24a2ab-97ee-4d49-85cc-2d76c2f4b8ef: start FollowerState
2019-10-16 21:54:56,189 [277b5c5e-8c6f-4c9a-a53f-1bbc96404e12@group-569FAC3F8BCE-LeaderElection25] INFO  impl.LeaderElection (LeaderElection.java:logAndReturn(56)) - 277b5c5e-8c6f-4c9a-a53f-1bbc96404e12@group-569FAC3F8BCE-LeaderElection25: Election REJECTED; received 2 response(s) [277b5c5e-8c6f-4c9a-a53f-1bbc96404e12<-6b24a2ab-97ee-4d49-85cc-2d76c2f4b8ef#0:FAIL-t7, 277b5c5e-8c6f-4c9a-a53f-1bbc96404e12<-a32408a4-f19d-4bad-97c5-ba33ae94fc9a#0:FAIL-t7] and 0 exception(s); 277b5c5e-8c6f-4c9a-a53f-1bbc96404e12@group-569FAC3F8BCE:t7, leader=null, voted=277b5c5e-8c6f-4c9a-a53f-1bbc96404e12, raftlog=277b5c5e-8c6f-4c9a-a53f-1bbc96404e12@group-569FAC3F8BCE-SegmentedRaftLog:OPENED:c-1,f-1,i0, conf=-1: [a32408a4-f19d-4bad-97c5-ba33ae94fc9a:192.168.157.254:38721, 6b24a2ab-97ee-4d49-85cc-2d76c2f4b8ef:192.168.157.254:41080, 277b5c5e-8c6f-4c9a-a53f-1bbc96404e12:192.168.157.254:41416], old=null
2019-10-16 21:54:56,189 [277b5c5e-8c6f-4c9a-a53f-1bbc96404e12@group-569FAC3F8BCE-LeaderElection25] INFO  impl.RaftServerImpl (RaftServerImpl.java:setRole(184)) - 277b5c5e-8c6f-4c9a-a53f-1bbc96404e12@group-569FAC3F8BCE: changes role from CANDIDATE to FOLLOWER at term 7 for DISCOVERED_A_NEW_TERM
2019-10-16 21:54:56,190 [277b5c5e-8c6f-4c9a-a53f-1bbc96404e12@group-569FAC3F8BCE-LeaderElection25] INFO  impl.RoleInfo (RoleInfo.java:shutdownLeaderElection(134)) - 277b5c5e-8c6f-4c9a-a53f-1bbc96404e12: shutdown LeaderElection
2019-10-16 21:54:56,190 [277b5c5e-8c6f-4c9a-a53f-1bbc96404e12@group-569FAC3F8BCE-LeaderElection25] INFO  impl.RoleInfo (RoleInfo.java:updateAndGet(143)) - 277b5c5e-8c6f-4c9a-a53f-1bbc96404e12: start FollowerState
2019-10-16 21:54:56,379 [Thread-374] INFO  impl.FollowerState (FollowerState.java:run(108)) - 277b5c5e-8c6f-4c9a-a53f-1bbc96404e12@group-569FAC3F8BCE-FollowerState: change to CANDIDATE, lastRpcTime:189ms, electionTimeout:189ms
2019-10-16 21:54:56,380 [Thread-374] INFO  impl.RoleInfo (RoleInfo.java:shutdownFollowerState(121)) - 277b5c5e-8c6f-4c9a-a53f-1bbc96404e12: shutdown FollowerState
2019-10-16 21:54:56,380 [Thread-374] INFO  impl.RaftServerImpl (RaftServerImpl.java:setRole(184)) - 277b5c5e-8c6f-4c9a-a53f-1bbc96404e12@group-569FAC3F8BCE: changes role from  FOLLOWER to CANDIDATE at term 7 for changeToCandidate
2019-10-16 21:54:56,380 [Thread-374] INFO  impl.RoleInfo (RoleInfo.java:updateAndGet(143)) - 277b5c5e-8c6f-4c9a-a53f-1bbc96404e12: start LeaderElection
2019-10-16 21:54:56,474 [277b5c5e-8c6f-4c9a-a53f-1bbc96404e12@group-569FAC3F8BCE-LeaderElection26] INFO  impl.LeaderElection (LeaderElection.java:askForVotes(178)) - 277b5c5e-8c6f-4c9a-a53f-1bbc96404e12@group-569FAC3F8BCE-LeaderElection26: begin an election at term 8 for -1: [a32408a4-f19d-4bad-97c5-ba33ae94fc9a:192.168.157.254:38721, 6b24a2ab-97ee-4d49-85cc-2d76c2f4b8ef:192.168.157.254:41080, 277b5c5e-8c6f-4c9a-a53f-1bbc96404e12:192.168.157.254:41416], old=null
2019-10-16 21:54:56,480 [grpc-default-executor-0] INFO  impl.RaftServerImpl (RaftServerImpl.java:setRole(184)) - 6b24a2ab-97ee-4d49-85cc-2d76c2f4b8ef@group-569FAC3F8BCE: changes role from  FOLLOWER to FOLLOWER at term 8 for recognizeCandidate:277b5c5e-8c6f-4c9a-a53f-1bbc96404e12
2019-10-16 21:54:56,480 [grpc-default-executor-1] INFO  impl.RaftServerImpl (RaftServerImpl.java:setRole(184)) - a32408a4-f19d-4bad-97c5-ba33ae94fc9a@group-569FAC3F8BCE: changes role from  FOLLOWER to FOLLOWER at term 8 for recognizeCandidate:277b5c5e-8c6f-4c9a-a53f-1bbc96404e12
2019-10-16 21:54:56,480 [grpc-default-executor-0] INFO  impl.RoleInfo (RoleInfo.java:shutdownFollowerState(121)) - 6b24a2ab-97ee-4d49-85cc-2d76c2f4b8ef: shutdown FollowerState
2019-10-16 21:54:56,480 [grpc-default-executor-1] INFO  impl.RoleInfo (RoleInfo.java:shutdownFollowerState(121)) - a32408a4-f19d-4bad-97c5-ba33ae94fc9a: shutdown FollowerState
2019-10-16 21:54:56,481 [grpc-default-executor-0] INFO  impl.RoleInfo (RoleInfo.java:updateAndGet(143)) - 6b24a2ab-97ee-4d49-85cc-2d76c2f4b8ef: start FollowerState
2019-10-16 21:54:56,481 [Thread-373] INFO  impl.FollowerState (FollowerState.java:run(117)) - 6b24a2ab-97ee-4d49-85cc-2d76c2f4b8ef@group-569FAC3F8BCE-FollowerState was interrupted: java.lang.InterruptedException: sleep interrupted
2019-10-16 21:54:56,481 [grpc-default-executor-1] INFO  impl.RoleInfo (RoleInfo.java:updateAndGet(143)) - a32408a4-f19d-4bad-97c5-ba33ae94fc9a: start FollowerState
2019-10-16 21:54:56,481 [Thread-372] INFO  impl.FollowerState (FollowerState.java:run(117)) - a32408a4-f19d-4bad-97c5-ba33ae94fc9a@group-569FAC3F8BCE-FollowerState was interrupted: java.lang.InterruptedException: sleep interrupted
2019-10-16 21:54:56,496 [277b5c5e-8c6f-4c9a-a53f-1bbc96404e12@group-569FAC3F8BCE-LeaderElection26] INFO  impl.LeaderElection (LeaderElection.java:logAndReturn(56)) - 277b5c5e-8c6f-4c9a-a53f-1bbc96404e12@group-569FAC3F8BCE-LeaderElection26: Election REJECTED; received 2 response(s) [277b5c5e-8c6f-4c9a-a53f-1bbc96404e12<-a32408a4-f19d-4bad-97c5-ba33ae94fc9a#0:FAIL-t8, 277b5c5e-8c6f-4c9a-a53f-1bbc96404e12<-6b24a2ab-97ee-4d49-85cc-2d76c2f4b8ef#0:FAIL-t8] and 0 exception(s); 277b5c5e-8c6f-4c9a-a53f-1bbc96404e12@group-569FAC3F8BCE:t8, leader=null, voted=277b5c5e-8c6f-4c9a-a53f-1bbc96404e12, raftlog=277b5c5e-8c6f-4c9a-a53f-1bbc96404e12@group-569FAC3F8BCE-SegmentedRaftLog:OPENED:c-1,f-1,i0, conf=-1: [a32408a4-f19d-4bad-97c5-ba33ae94fc9a:192.168.157.254:38721, 6b24a2ab-97ee-4d49-85cc-2d76c2f4b8ef:192.168.157.254:41080, 277b5c5e-8c6f-4c9a-a53f-1bbc96404e12:192.168.157.254:41416], old=null
2019-10-16 21:54:56,496 [277b5c5e-8c6f-4c9a-a53f-1bbc96404e12@group-569FAC3F8BCE-LeaderElection26] INFO  impl.RaftServerImpl (RaftServerImpl.java:setRole(184)) - 277b5c5e-8c6f-4c9a-a53f-1bbc96404e12@group-569FAC3F8BCE: changes role from CANDIDATE to FOLLOWER at term 8 for DISCOVERED_A_NEW_TERM
2019-10-16 21:54:56,496 [277b5c5e-8c6f-4c9a-a53f-1bbc96404e12@group-569FAC3F8BCE-LeaderElection26] INFO  impl.RoleInfo (RoleInfo.java:shutdownLeaderElection(134)) - 277b5c5e-8c6f-4c9a-a53f-1bbc96404e12: shutdown LeaderElection
2019-10-16 21:54:56,496 [277b5c5e-8c6f-4c9a-a53f-1bbc96404e12@group-569FAC3F8BCE-LeaderElection26] INFO  impl.RoleInfo (RoleInfo.java:updateAndGet(143)) - 277b5c5e-8c6f-4c9a-a53f-1bbc96404e12: start FollowerState
2019-10-16 21:54:56,557 [Thread-0] INFO  ozone.MiniOzoneClusterImpl (MiniOzoneClusterImpl.java:lambda$waitForClusterToBeReady$2(164)) - Waiting for 1 number of pipelines out of 4, to report a leader.
2019-10-16 21:54:56,635 [Thread-380] INFO  impl.FollowerState (FollowerState.java:run(108)) - 277b5c5e-8c6f-4c9a-a53f-1bbc96404e12@group-569FAC3F8BCE-FollowerState: change to CANDIDATE, lastRpcTime:138ms, electionTimeout:138ms
2019-10-16 21:54:56,635 [Thread-380] INFO  impl.RoleInfo (RoleInfo.java:shutdownFollowerState(121)) - 277b5c5e-8c6f-4c9a-a53f-1bbc96404e12: shutdown FollowerState
2019-10-16 21:54:56,635 [Thread-380] INFO  impl.RaftServerImpl (RaftServerImpl.java:setRole(184)) - 277b5c5e-8c6f-4c9a-a53f-1bbc96404e12@group-569FAC3F8BCE: changes role from  FOLLOWER to CANDIDATE at term 8 for changeToCandidate
2019-10-16 21:54:56,635 [Thread-380] INFO  impl.RoleInfo (RoleInfo.java:updateAndGet(143)) - 277b5c5e-8c6f-4c9a-a53f-1bbc96404e12: start LeaderElection
2019-10-16 21:54:56,649 [277b5c5e-8c6f-4c9a-a53f-1bbc96404e12@group-569FAC3F8BCE-LeaderElection27] INFO  impl.LeaderElection (LeaderElection.java:askForVotes(178)) - 277b5c5e-8c6f-4c9a-a53f-1bbc96404e12@group-569FAC3F8BCE-LeaderElection27: begin an election at term 9 for -1: [a32408a4-f19d-4bad-97c5-ba33ae94fc9a:192.168.157.254:38721, 6b24a2ab-97ee-4d49-85cc-2d76c2f4b8ef:192.168.157.254:41080, 277b5c5e-8c6f-4c9a-a53f-1bbc96404e12:192.168.157.254:41416], old=null
2019-10-16 21:54:56,652 [grpc-default-executor-0] INFO  impl.RaftServerImpl (RaftServerImpl.java:setRole(184)) - a32408a4-f19d-4bad-97c5-ba33ae94fc9a@group-569FAC3F8BCE: changes role from  FOLLOWER to FOLLOWER at term 9 for recognizeCandidate:277b5c5e-8c6f-4c9a-a53f-1bbc96404e12
2019-10-16 21:54:56,652 [grpc-default-executor-1] INFO  impl.RaftServerImpl (RaftServerImpl.java:setRole(184)) - 6b24a2ab-97ee-4d49-85cc-2d76c2f4b8ef@group-569FAC3F8BCE: changes role from  FOLLOWER to FOLLOWER at term 9 for recognizeCandidate:277b5c5e-8c6f-4c9a-a53f-1bbc96404e12
2019-10-16 21:54:56,653 [grpc-default-executor-0] INFO  impl.RoleInfo (RoleInfo.java:shutdownFollowerState(121)) - a32408a4-f19d-4bad-97c5-ba33ae94fc9a: shutdown FollowerState
2019-10-16 21:54:56,653 [grpc-default-executor-1] INFO  impl.RoleInfo (RoleInfo.java:shutdownFollowerState(121)) - 6b24a2ab-97ee-4d49-85cc-2d76c2f4b8ef: shutdown FollowerState
2019-10-16 21:54:56,653 [grpc-default-executor-0] INFO  impl.RoleInfo (RoleInfo.java:updateAndGet(143)) - a32408a4-f19d-4bad-97c5-ba33ae94fc9a: start FollowerState
2019-10-16 21:54:56,653 [Thread-379] INFO  impl.FollowerState (FollowerState.java:run(117)) - a32408a4-f19d-4bad-97c5-ba33ae94fc9a@group-569FAC3F8BCE-FollowerState was interrupted: java.lang.InterruptedException: sleep interrupted
2019-10-16 21:54:56,653 [grpc-default-executor-1] INFO  impl.RoleInfo (RoleInfo.java:updateAndGet(143)) - 6b24a2ab-97ee-4d49-85cc-2d76c2f4b8ef: start FollowerState
2019-10-16 21:54:56,653 [Thread-378] INFO  impl.FollowerState (FollowerState.java:run(117)) - 6b24a2ab-97ee-4d49-85cc-2d76c2f4b8ef@group-569FAC3F8BCE-FollowerState was interrupted: java.lang.InterruptedException: sleep interrupted
2019-10-16 21:54:56,676 [277b5c5e-8c6f-4c9a-a53f-1bbc96404e12@group-569FAC3F8BCE-LeaderElection27] INFO  impl.LeaderElection (LeaderElection.java:logAndReturn(56)) - 277b5c5e-8c6f-4c9a-a53f-1bbc96404e12@group-569FAC3F8BCE-LeaderElection27: Election REJECTED; received 2 response(s) [277b5c5e-8c6f-4c9a-a53f-1bbc96404e12<-6b24a2ab-97ee-4d49-85cc-2d76c2f4b8ef#0:FAIL-t9, 277b5c5e-8c6f-4c9a-a53f-1bbc96404e12<-a32408a4-f19d-4bad-97c5-ba33ae94fc9a#0:FAIL-t9] and 0 exception(s); 277b5c5e-8c6f-4c9a-a53f-1bbc96404e12@group-569FAC3F8BCE:t9, leader=null, voted=277b5c5e-8c6f-4c9a-a53f-1bbc96404e12, raftlog=277b5c5e-8c6f-4c9a-a53f-1bbc96404e12@group-569FAC3F8BCE-SegmentedRaftLog:OPENED:c-1,f-1,i0, conf=-1: [a32408a4-f19d-4bad-97c5-ba33ae94fc9a:192.168.157.254:38721, 6b24a2ab-97ee-4d49-85cc-2d76c2f4b8ef:192.168.157.254:41080, 277b5c5e-8c6f-4c9a-a53f-1bbc96404e12:192.168.157.254:41416], old=null
2019-10-16 21:54:56,677 [277b5c5e-8c6f-4c9a-a53f-1bbc96404e12@group-569FAC3F8BCE-LeaderElection27] INFO  impl.RaftServerImpl (RaftServerImpl.java:setRole(184)) - 277b5c5e-8c6f-4c9a-a53f-1bbc96404e12@group-569FAC3F8BCE: changes role from CANDIDATE to FOLLOWER at term 9 for DISCOVERED_A_NEW_TERM
2019-10-16 21:54:56,677 [277b5c5e-8c6f-4c9a-a53f-1bbc96404e12@group-569FAC3F8BCE-LeaderElection27] INFO  impl.RoleInfo (RoleInfo.java:shutdownLeaderElection(134)) - 277b5c5e-8c6f-4c9a-a53f-1bbc96404e12: shutdown LeaderElection
2019-10-16 21:54:56,677 [277b5c5e-8c6f-4c9a-a53f-1bbc96404e12@group-569FAC3F8BCE-LeaderElection27] INFO  impl.RoleInfo (RoleInfo.java:updateAndGet(143)) - 277b5c5e-8c6f-4c9a-a53f-1bbc96404e12: start FollowerState
2019-10-16 21:54:56,856 [Thread-386] INFO  impl.FollowerState (FollowerState.java:run(108)) - 277b5c5e-8c6f-4c9a-a53f-1bbc96404e12@group-569FAC3F8BCE-FollowerState: change to CANDIDATE, lastRpcTime:179ms, electionTimeout:179ms
2019-10-16 21:54:56,858 [Thread-386] INFO  impl.RoleInfo (RoleInfo.java:shutdownFollowerState(121)) - 277b5c5e-8c6f-4c9a-a53f-1bbc96404e12: shutdown FollowerState
2019-10-16 21:54:56,858 [Thread-386] INFO  impl.RaftServerImpl (RaftServerImpl.java:setRole(184)) - 277b5c5e-8c6f-4c9a-a53f-1bbc96404e12@group-569FAC3F8BCE: changes role from  FOLLOWER to CANDIDATE at term 9 for changeToCandidate
2019-10-16 21:54:56,858 [Thread-386] INFO  impl.RoleInfo (RoleInfo.java:updateAndGet(143)) - 277b5c5e-8c6f-4c9a-a53f-1bbc96404e12: start LeaderElection
2019-10-16 21:54:56,874 [277b5c5e-8c6f-4c9a-a53f-1bbc96404e12@group-569FAC3F8BCE-LeaderElection28] INFO  impl.LeaderElection (LeaderElection.java:askForVotes(178)) - 277b5c5e-8c6f-4c9a-a53f-1bbc96404e12@group-569FAC3F8BCE-LeaderElection28: begin an election at term 10 for -1: [a32408a4-f19d-4bad-97c5-ba33ae94fc9a:192.168.157.254:38721, 6b24a2ab-97ee-4d49-85cc-2d76c2f4b8ef:192.168.157.254:41080, 277b5c5e-8c6f-4c9a-a53f-1bbc96404e12:192.168.157.254:41416], old=null
2019-10-16 21:54:56,877 [grpc-default-executor-1] INFO  impl.RaftServerImpl (RaftServerImpl.java:setRole(184)) - a32408a4-f19d-4bad-97c5-ba33ae94fc9a@group-569FAC3F8BCE: changes role from  FOLLOWER to FOLLOWER at term 10 for recognizeCandidate:277b5c5e-8c6f-4c9a-a53f-1bbc96404e12
2019-10-16 21:54:56,877 [grpc-default-executor-1] INFO  impl.RoleInfo (RoleInfo.java:shutdownFollowerState(121)) - a32408a4-f19d-4bad-97c5-ba33ae94fc9a: shutdown FollowerState
2019-10-16 21:54:56,877 [grpc-default-executor-0] INFO  impl.RaftServerImpl (RaftServerImpl.java:setRole(184)) - 6b24a2ab-97ee-4d49-85cc-2d76c2f4b8ef@group-569FAC3F8BCE: changes role from  FOLLOWER to FOLLOWER at term 10 for recognizeCandidate:277b5c5e-8c6f-4c9a-a53f-1bbc96404e12
2019-10-16 21:54:56,877 [Thread-384] INFO  impl.FollowerState (FollowerState.java:run(117)) - a32408a4-f19d-4bad-97c5-ba33ae94fc9a@group-569FAC3F8BCE-FollowerState was interrupted: java.lang.InterruptedException: sleep interrupted
2019-10-16 21:54:56,877 [grpc-default-executor-1] INFO  impl.RoleInfo (RoleInfo.java:updateAndGet(143)) - a32408a4-f19d-4bad-97c5-ba33ae94fc9a: start FollowerState
2019-10-16 21:54:56,878 [grpc-default-executor-0] INFO  impl.RoleInfo (RoleInfo.java:shutdownFollowerState(121)) - 6b24a2ab-97ee-4d49-85cc-2d76c2f4b8ef: shutdown FollowerState
2019-10-16 21:54:56,878 [Thread-385] INFO  impl.FollowerState (FollowerState.java:run(117)) - 6b24a2ab-97ee-4d49-85cc-2d76c2f4b8ef@group-569FAC3F8BCE-FollowerState was interrupted: java.lang.InterruptedException: sleep interrupted
2019-10-16 21:54:56,878 [grpc-default-executor-0] INFO  impl.RoleInfo (RoleInfo.java:updateAndGet(143)) - 6b24a2ab-97ee-4d49-85cc-2d76c2f4b8ef: start FollowerState
2019-10-16 21:54:56,905 [277b5c5e-8c6f-4c9a-a53f-1bbc96404e12@group-569FAC3F8BCE-LeaderElection28] INFO  impl.LeaderElection (LeaderElection.java:logAndReturn(56)) - 277b5c5e-8c6f-4c9a-a53f-1bbc96404e12@group-569FAC3F8BCE-LeaderElection28: Election REJECTED; received 2 response(s) [277b5c5e-8c6f-4c9a-a53f-1bbc96404e12<-a32408a4-f19d-4bad-97c5-ba33ae94fc9a#0:FAIL-t10, 277b5c5e-8c6f-4c9a-a53f-1bbc96404e12<-6b24a2ab-97ee-4d49-85cc-2d76c2f4b8ef#0:FAIL-t10] and 0 exception(s); 277b5c5e-8c6f-4c9a-a53f-1bbc96404e12@group-569FAC3F8BCE:t10, leader=null, voted=277b5c5e-8c6f-4c9a-a53f-1bbc96404e12, raftlog=277b5c5e-8c6f-4c9a-a53f-1bbc96404e12@group-569FAC3F8BCE-SegmentedRaftLog:OPENED:c-1,f-1,i0, conf=-1: [a32408a4-f19d-4bad-97c5-ba33ae94fc9a:192.168.157.254:38721, 6b24a2ab-97ee-4d49-85cc-2d76c2f4b8ef:192.168.157.254:41080, 277b5c5e-8c6f-4c9a-a53f-1bbc96404e12:192.168.157.254:41416], old=null
2019-10-16 21:54:56,905 [277b5c5e-8c6f-4c9a-a53f-1bbc96404e12@group-569FAC3F8BCE-LeaderElection28] INFO  impl.RaftServerImpl (RaftServerImpl.java:setRole(184)) - 277b5c5e-8c6f-4c9a-a53f-1bbc96404e12@group-569FAC3F8BCE: changes role from CANDIDATE to FOLLOWER at term 10 for DISCOVERED_A_NEW_TERM
2019-10-16 21:54:56,906 [277b5c5e-8c6f-4c9a-a53f-1bbc96404e12@group-569FAC3F8BCE-LeaderElection28] INFO  impl.RoleInfo (RoleInfo.java:shutdownLeaderElection(134)) - 277b5c5e-8c6f-4c9a-a53f-1bbc96404e12: shutdown LeaderElection
2019-10-16 21:54:56,906 [277b5c5e-8c6f-4c9a-a53f-1bbc96404e12@group-569FAC3F8BCE-LeaderElection28] INFO  impl.RoleInfo (RoleInfo.java:updateAndGet(143)) - 277b5c5e-8c6f-4c9a-a53f-1bbc96404e12: start FollowerState
2019-10-16 21:54:56,959 [Thread-392] INFO  impl.FollowerState (FollowerState.java:run(108)) - 277b5c5e-8c6f-4c9a-a53f-1bbc96404e12@group-569FAC3F8BCE-FollowerState: change to CANDIDATE, lastRpcTime:53ms, electionTimeout:53ms
2019-10-16 21:54:56,961 [Thread-392] INFO  impl.RoleInfo (RoleInfo.java:shutdownFollowerState(121)) - 277b5c5e-8c6f-4c9a-a53f-1bbc96404e12: shutdown FollowerState
2019-10-16 21:54:56,961 [Thread-392] INFO  impl.RaftServerImpl (RaftServerImpl.java:setRole(184)) - 277b5c5e-8c6f-4c9a-a53f-1bbc96404e12@group-569FAC3F8BCE: changes role from  FOLLOWER to CANDIDATE at term 10 for changeToCandidate
2019-10-16 21:54:56,961 [Thread-392] INFO  impl.RoleInfo (RoleInfo.java:updateAndGet(143)) - 277b5c5e-8c6f-4c9a-a53f-1bbc96404e12: start LeaderElection
2019-10-16 21:54:56,976 [277b5c5e-8c6f-4c9a-a53f-1bbc96404e12@group-569FAC3F8BCE-LeaderElection29] INFO  impl.LeaderElection (LeaderElection.java:askForVotes(178)) - 277b5c5e-8c6f-4c9a-a53f-1bbc96404e12@group-569FAC3F8BCE-LeaderElection29: begin an election at term 11 for -1: [a32408a4-f19d-4bad-97c5-ba33ae94fc9a:192.168.157.254:38721, 6b24a2ab-97ee-4d49-85cc-2d76c2f4b8ef:192.168.157.254:41080, 277b5c5e-8c6f-4c9a-a53f-1bbc96404e12:192.168.157.254:41416], old=null
2019-10-16 21:54:56,979 [grpc-default-executor-1] INFO  impl.RaftServerImpl (RaftServerImpl.java:setRole(184)) - 6b24a2ab-97ee-4d49-85cc-2d76c2f4b8ef@group-569FAC3F8BCE: changes role from  FOLLOWER to FOLLOWER at term 11 for recognizeCandidate:277b5c5e-8c6f-4c9a-a53f-1bbc96404e12
2019-10-16 21:54:56,979 [grpc-default-executor-0] INFO  impl.RaftServerImpl (RaftServerImpl.java:setRole(184)) - a32408a4-f19d-4bad-97c5-ba33ae94fc9a@group-569FAC3F8BCE: changes role from  FOLLOWER to FOLLOWER at term 11 for recognizeCandidate:277b5c5e-8c6f-4c9a-a53f-1bbc96404e12
2019-10-16 21:54:56,980 [grpc-default-executor-1] INFO  impl.RoleInfo (RoleInfo.java:shutdownFollowerState(121)) - 6b24a2ab-97ee-4d49-85cc-2d76c2f4b8ef: shutdown FollowerState
2019-10-16 21:54:56,980 [grpc-default-executor-0] INFO  impl.RoleInfo (RoleInfo.java:shutdownFollowerState(121)) - a32408a4-f19d-4bad-97c5-ba33ae94fc9a: shutdown FollowerState
2019-10-16 21:54:56,980 [Thread-391] INFO  impl.FollowerState (FollowerState.java:run(117)) - 6b24a2ab-97ee-4d49-85cc-2d76c2f4b8ef@group-569FAC3F8BCE-FollowerState was interrupted: java.lang.InterruptedException: sleep interrupted
2019-10-16 21:54:56,980 [grpc-default-executor-1] INFO  impl.RoleInfo (RoleInfo.java:updateAndGet(143)) - 6b24a2ab-97ee-4d49-85cc-2d76c2f4b8ef: start FollowerState
2019-10-16 21:54:56,980 [grpc-default-executor-0] INFO  impl.RoleInfo (RoleInfo.java:updateAndGet(143)) - a32408a4-f19d-4bad-97c5-ba33ae94fc9a: start FollowerState
2019-10-16 21:54:56,980 [Thread-390] INFO  impl.FollowerState (FollowerState.java:run(117)) - a32408a4-f19d-4bad-97c5-ba33ae94fc9a@group-569FAC3F8BCE-FollowerState was interrupted: java.lang.InterruptedException: sleep interrupted
2019-10-16 21:54:56,997 [277b5c5e-8c6f-4c9a-a53f-1bbc96404e12@group-569FAC3F8BCE-LeaderElection29] INFO  impl.LeaderElection (LeaderElection.java:logAndReturn(56)) - 277b5c5e-8c6f-4c9a-a53f-1bbc96404e12@group-569FAC3F8BCE-LeaderElection29: Election REJECTED; received 2 response(s) [277b5c5e-8c6f-4c9a-a53f-1bbc96404e12<-a32408a4-f19d-4bad-97c5-ba33ae94fc9a#0:FAIL-t11, 277b5c5e-8c6f-4c9a-a53f-1bbc96404e12<-6b24a2ab-97ee-4d49-85cc-2d76c2f4b8ef#0:FAIL-t11] and 0 exception(s); 277b5c5e-8c6f-4c9a-a53f-1bbc96404e12@group-569FAC3F8BCE:t11, leader=null, voted=277b5c5e-8c6f-4c9a-a53f-1bbc96404e12, raftlog=277b5c5e-8c6f-4c9a-a53f-1bbc96404e12@group-569FAC3F8BCE-SegmentedRaftLog:OPENED:c-1,f-1,i0, conf=-1: [a32408a4-f19d-4bad-97c5-ba33ae94fc9a:192.168.157.254:38721, 6b24a2ab-97ee-4d49-85cc-2d76c2f4b8ef:192.168.157.254:41080, 277b5c5e-8c6f-4c9a-a53f-1bbc96404e12:192.168.157.254:41416], old=null
2019-10-16 21:54:56,997 [277b5c5e-8c6f-4c9a-a53f-1bbc96404e12@group-569FAC3F8BCE-LeaderElection29] INFO  impl.RaftServerImpl (RaftServerImpl.java:setRole(184)) - 277b5c5e-8c6f-4c9a-a53f-1bbc96404e12@group-569FAC3F8BCE: changes role from CANDIDATE to FOLLOWER at term 11 for DISCOVERED_A_NEW_TERM
2019-10-16 21:54:56,997 [277b5c5e-8c6f-4c9a-a53f-1bbc96404e12@group-569FAC3F8BCE-LeaderElection29] INFO  impl.RoleInfo (RoleInfo.java:shutdownLeaderElection(134)) - 277b5c5e-8c6f-4c9a-a53f-1bbc96404e12: shutdown LeaderElection
2019-10-16 21:54:56,997 [277b5c5e-8c6f-4c9a-a53f-1bbc96404e12@group-569FAC3F8BCE-LeaderElection29] INFO  impl.RoleInfo (RoleInfo.java:updateAndGet(143)) - 277b5c5e-8c6f-4c9a-a53f-1bbc96404e12: start FollowerState
2019-10-16 21:54:57,195 [Thread-398] INFO  impl.FollowerState (FollowerState.java:run(108)) - 277b5c5e-8c6f-4c9a-a53f-1bbc96404e12@group-569FAC3F8BCE-FollowerState: change to CANDIDATE, lastRpcTime:197ms, electionTimeout:197ms
2019-10-16 21:54:57,196 [Thread-398] INFO  impl.RoleInfo (RoleInfo.java:shutdownFollowerState(121)) - 277b5c5e-8c6f-4c9a-a53f-1bbc96404e12: shutdown FollowerState
2019-10-16 21:54:57,196 [Thread-398] INFO  impl.RaftServerImpl (RaftServerImpl.java:setRole(184)) - 277b5c5e-8c6f-4c9a-a53f-1bbc96404e12@group-569FAC3F8BCE: changes role from  FOLLOWER to CANDIDATE at term 11 for changeToCandidate
2019-10-16 21:54:57,196 [Thread-398] INFO  impl.RoleInfo (RoleInfo.java:updateAndGet(143)) - 277b5c5e-8c6f-4c9a-a53f-1bbc96404e12: start LeaderElection
2019-10-16 21:54:57,217 [277b5c5e-8c6f-4c9a-a53f-1bbc96404e12@group-569FAC3F8BCE-LeaderElection30] INFO  impl.LeaderElection (LeaderElection.java:askForVotes(178)) - 277b5c5e-8c6f-4c9a-a53f-1bbc96404e12@group-569FAC3F8BCE-LeaderElection30: begin an election at term 12 for -1: [a32408a4-f19d-4bad-97c5-ba33ae94fc9a:192.168.157.254:38721, 6b24a2ab-97ee-4d49-85cc-2d76c2f4b8ef:192.168.157.254:41080, 277b5c5e-8c6f-4c9a-a53f-1bbc96404e12:192.168.157.254:41416], old=null
2019-10-16 21:54:57,221 [grpc-default-executor-1] INFO  impl.RaftServerImpl (RaftServerImpl.java:setRole(184)) - 6b24a2ab-97ee-4d49-85cc-2d76c2f4b8ef@group-569FAC3F8BCE: changes role from  FOLLOWER to FOLLOWER at term 12 for recognizeCandidate:277b5c5e-8c6f-4c9a-a53f-1bbc96404e12
2019-10-16 21:54:57,221 [grpc-default-executor-0] INFO  impl.RaftServerImpl (RaftServerImpl.java:setRole(184)) - a32408a4-f19d-4bad-97c5-ba33ae94fc9a@group-569FAC3F8BCE: changes role from  FOLLOWER to FOLLOWER at term 12 for recognizeCandidate:277b5c5e-8c6f-4c9a-a53f-1bbc96404e12
2019-10-16 21:54:57,221 [grpc-default-executor-1] INFO  impl.RoleInfo (RoleInfo.java:shutdownFollowerState(121)) - 6b24a2ab-97ee-4d49-85cc-2d76c2f4b8ef: shutdown FollowerState
2019-10-16 21:54:57,221 [grpc-default-executor-0] INFO  impl.RoleInfo (RoleInfo.java:shutdownFollowerState(121)) - a32408a4-f19d-4bad-97c5-ba33ae94fc9a: shutdown FollowerState
2019-10-16 21:54:57,222 [Thread-396] INFO  impl.FollowerState (FollowerState.java:run(117)) - 6b24a2ab-97ee-4d49-85cc-2d76c2f4b8ef@group-569FAC3F8BCE-FollowerState was interrupted: java.lang.InterruptedException: sleep interrupted
2019-10-16 21:54:57,222 [grpc-default-executor-1] INFO  impl.RoleInfo (RoleInfo.java:updateAndGet(143)) - 6b24a2ab-97ee-4d49-85cc-2d76c2f4b8ef: start FollowerState
2019-10-16 21:54:57,222 [grpc-default-executor-0] INFO  impl.RoleInfo (RoleInfo.java:updateAndGet(143)) - a32408a4-f19d-4bad-97c5-ba33ae94fc9a: start FollowerState
2019-10-16 21:54:57,222 [Thread-397] INFO  impl.FollowerState (FollowerState.java:run(117)) - a32408a4-f19d-4bad-97c5-ba33ae94fc9a@group-569FAC3F8BCE-FollowerState was interrupted: java.lang.InterruptedException: sleep interrupted
2019-10-16 21:54:57,235 [277b5c5e-8c6f-4c9a-a53f-1bbc96404e12@group-569FAC3F8BCE-LeaderElection30] INFO  impl.LeaderElection (LeaderElection.java:logAndReturn(56)) - 277b5c5e-8c6f-4c9a-a53f-1bbc96404e12@group-569FAC3F8BCE-LeaderElection30: Election REJECTED; received 2 response(s) [277b5c5e-8c6f-4c9a-a53f-1bbc96404e12<-a32408a4-f19d-4bad-97c5-ba33ae94fc9a#0:FAIL-t12, 277b5c5e-8c6f-4c9a-a53f-1bbc96404e12<-6b24a2ab-97ee-4d49-85cc-2d76c2f4b8ef#0:FAIL-t12] and 0 exception(s); 277b5c5e-8c6f-4c9a-a53f-1bbc96404e12@group-569FAC3F8BCE:t12, leader=null, voted=277b5c5e-8c6f-4c9a-a53f-1bbc96404e12, raftlog=277b5c5e-8c6f-4c9a-a53f-1bbc96404e12@group-569FAC3F8BCE-SegmentedRaftLog:OPENED:c-1,f-1,i0, conf=-1: [a32408a4-f19d-4bad-97c5-ba33ae94fc9a:192.168.157.254:38721, 6b24a2ab-97ee-4d49-85cc-2d76c2f4b8ef:192.168.157.254:41080, 277b5c5e-8c6f-4c9a-a53f-1bbc96404e12:192.168.157.254:41416], old=null
2019-10-16 21:54:57,235 [277b5c5e-8c6f-4c9a-a53f-1bbc96404e12@group-569FAC3F8BCE-LeaderElection30] INFO  impl.RaftServerImpl (RaftServerImpl.java:setRole(184)) - 277b5c5e-8c6f-4c9a-a53f-1bbc96404e12@group-569FAC3F8BCE: changes role from CANDIDATE to FOLLOWER at term 12 for DISCOVERED_A_NEW_TERM
2019-10-16 21:54:57,235 [277b5c5e-8c6f-4c9a-a53f-1bbc96404e12@group-569FAC3F8BCE-LeaderElection30] INFO  impl.RoleInfo (RoleInfo.java:shutdownLeaderElection(134)) - 277b5c5e-8c6f-4c9a-a53f-1bbc96404e12: shutdown LeaderElection
2019-10-16 21:54:57,236 [277b5c5e-8c6f-4c9a-a53f-1bbc96404e12@group-569FAC3F8BCE-LeaderElection30] INFO  impl.RoleInfo (RoleInfo.java:updateAndGet(143)) - 277b5c5e-8c6f-4c9a-a53f-1bbc96404e12: start FollowerState
2019-10-16 21:54:57,317 [Thread-404] INFO  impl.FollowerState (FollowerState.java:run(108)) - 277b5c5e-8c6f-4c9a-a53f-1bbc96404e12@group-569FAC3F8BCE-FollowerState: change to CANDIDATE, lastRpcTime:81ms, electionTimeout:81ms
2019-10-16 21:54:57,319 [Thread-404] INFO  impl.RoleInfo (RoleInfo.java:shutdownFollowerState(121)) - 277b5c5e-8c6f-4c9a-a53f-1bbc96404e12: shutdown FollowerState
2019-10-16 21:54:57,319 [Thread-404] INFO  impl.RaftServerImpl (RaftServerImpl.java:setRole(184)) - 277b5c5e-8c6f-4c9a-a53f-1bbc96404e12@group-569FAC3F8BCE: changes role from  FOLLOWER to CANDIDATE at term 12 for changeToCandidate
2019-10-16 21:54:57,319 [Thread-404] INFO  impl.RoleInfo (RoleInfo.java:updateAndGet(143)) - 277b5c5e-8c6f-4c9a-a53f-1bbc96404e12: start LeaderElection
2019-10-16 21:54:57,345 [277b5c5e-8c6f-4c9a-a53f-1bbc96404e12@group-569FAC3F8BCE-LeaderElection31] INFO  impl.LeaderElection (LeaderElection.java:askForVotes(178)) - 277b5c5e-8c6f-4c9a-a53f-1bbc96404e12@group-569FAC3F8BCE-LeaderElection31: begin an election at term 13 for -1: [a32408a4-f19d-4bad-97c5-ba33ae94fc9a:192.168.157.254:38721, 6b24a2ab-97ee-4d49-85cc-2d76c2f4b8ef:192.168.157.254:41080, 277b5c5e-8c6f-4c9a-a53f-1bbc96404e12:192.168.157.254:41416], old=null
2019-10-16 21:54:57,348 [grpc-default-executor-1] INFO  impl.RaftServerImpl (RaftServerImpl.java:setRole(184)) - 6b24a2ab-97ee-4d49-85cc-2d76c2f4b8ef@group-569FAC3F8BCE: changes role from  FOLLOWER to FOLLOWER at term 13 for recognizeCandidate:277b5c5e-8c6f-4c9a-a53f-1bbc96404e12
2019-10-16 21:54:57,349 [grpc-default-executor-0] INFO  impl.RaftServerImpl (RaftServerImpl.java:setRole(184)) - a32408a4-f19d-4bad-97c5-ba33ae94fc9a@group-569FAC3F8BCE: changes role from  FOLLOWER to FOLLOWER at term 13 for recognizeCandidate:277b5c5e-8c6f-4c9a-a53f-1bbc96404e12
2019-10-16 21:54:57,349 [grpc-default-executor-1] INFO  impl.RoleInfo (RoleInfo.java:shutdownFollowerState(121)) - 6b24a2ab-97ee-4d49-85cc-2d76c2f4b8ef: shutdown FollowerState
2019-10-16 21:54:57,349 [grpc-default-executor-0] INFO  impl.RoleInfo (RoleInfo.java:shutdownFollowerState(121)) - a32408a4-f19d-4bad-97c5-ba33ae94fc9a: shutdown FollowerState
2019-10-16 21:54:57,349 [Thread-402] INFO  impl.FollowerState (FollowerState.java:run(117)) - 6b24a2ab-97ee-4d49-85cc-2d76c2f4b8ef@group-569FAC3F8BCE-FollowerState was interrupted: java.lang.InterruptedException: sleep interrupted
2019-10-16 21:54:57,349 [grpc-default-executor-0] INFO  impl.RoleInfo (RoleInfo.java:updateAndGet(143)) - a32408a4-f19d-4bad-97c5-ba33ae94fc9a: start FollowerState
2019-10-16 21:54:57,349 [grpc-default-executor-1] INFO  impl.RoleInfo (RoleInfo.java:updateAndGet(143)) - 6b24a2ab-97ee-4d49-85cc-2d76c2f4b8ef: start FollowerState
2019-10-16 21:54:57,349 [Thread-403] INFO  impl.FollowerState (FollowerState.java:run(117)) - a32408a4-f19d-4bad-97c5-ba33ae94fc9a@group-569FAC3F8BCE-FollowerState was interrupted: java.lang.InterruptedException: sleep interrupted
2019-10-16 21:54:57,377 [277b5c5e-8c6f-4c9a-a53f-1bbc96404e12@group-569FAC3F8BCE-LeaderElection31] INFO  impl.LeaderElection (LeaderElection.java:logAndReturn(56)) - 277b5c5e-8c6f-4c9a-a53f-1bbc96404e12@group-569FAC3F8BCE-LeaderElection31: Election REJECTED; received 2 response(s) [277b5c5e-8c6f-4c9a-a53f-1bbc96404e12<-6b24a2ab-97ee-4d49-85cc-2d76c2f4b8ef#0:FAIL-t13, 277b5c5e-8c6f-4c9a-a53f-1bbc96404e12<-a32408a4-f19d-4bad-97c5-ba33ae94fc9a#0:FAIL-t13] and 0 exception(s); 277b5c5e-8c6f-4c9a-a53f-1bbc96404e12@group-569FAC3F8BCE:t13, leader=null, voted=277b5c5e-8c6f-4c9a-a53f-1bbc96404e12, raftlog=277b5c5e-8c6f-4c9a-a53f-1bbc96404e12@group-569FAC3F8BCE-SegmentedRaftLog:OPENED:c-1,f-1,i0, conf=-1: [a32408a4-f19d-4bad-97c5-ba33ae94fc9a:192.168.157.254:38721, 6b24a2ab-97ee-4d49-85cc-2d76c2f4b8ef:192.168.157.254:41080, 277b5c5e-8c6f-4c9a-a53f-1bbc96404e12:192.168.157.254:41416], old=null
2019-10-16 21:54:57,378 [277b5c5e-8c6f-4c9a-a53f-1bbc96404e12@group-569FAC3F8BCE-LeaderElection31] INFO  impl.RaftServerImpl (RaftServerImpl.java:setRole(184)) - 277b5c5e-8c6f-4c9a-a53f-1bbc96404e12@group-569FAC3F8BCE: changes role from CANDIDATE to FOLLOWER at term 13 for DISCOVERED_A_NEW_TERM
2019-10-16 21:54:57,378 [277b5c5e-8c6f-4c9a-a53f-1bbc96404e12@group-569FAC3F8BCE-LeaderElection31] INFO  impl.RoleInfo (RoleInfo.java:shutdownLeaderElection(134)) - 277b5c5e-8c6f-4c9a-a53f-1bbc96404e12: shutdown LeaderElection
2019-10-16 21:54:57,378 [277b5c5e-8c6f-4c9a-a53f-1bbc96404e12@group-569FAC3F8BCE-LeaderElection31] INFO  impl.RoleInfo (RoleInfo.java:updateAndGet(143)) - 277b5c5e-8c6f-4c9a-a53f-1bbc96404e12: start FollowerState
2019-10-16 21:54:57,534 [Thread-410] INFO  impl.FollowerState (FollowerState.java:run(108)) - 277b5c5e-8c6f-4c9a-a53f-1bbc96404e12@group-569FAC3F8BCE-FollowerState: change to CANDIDATE, lastRpcTime:156ms, electionTimeout:156ms
2019-10-16 21:54:57,538 [Thread-410] INFO  impl.RoleInfo (RoleInfo.java:shutdownFollowerState(121)) - 277b5c5e-8c6f-4c9a-a53f-1bbc96404e12: shutdown FollowerState
2019-10-16 21:54:57,538 [Thread-410] INFO  impl.RaftServerImpl (RaftServerImpl.java:setRole(184)) - 277b5c5e-8c6f-4c9a-a53f-1bbc96404e12@group-569FAC3F8BCE: changes role from  FOLLOWER to CANDIDATE at term 13 for changeToCandidate
2019-10-16 21:54:57,538 [Thread-410] INFO  impl.RoleInfo (RoleInfo.java:updateAndGet(143)) - 277b5c5e-8c6f-4c9a-a53f-1bbc96404e12: start LeaderElection
2019-10-16 21:54:57,552 [277b5c5e-8c6f-4c9a-a53f-1bbc96404e12@group-569FAC3F8BCE-LeaderElection32] INFO  impl.LeaderElection (LeaderElection.java:askForVotes(178)) - 277b5c5e-8c6f-4c9a-a53f-1bbc96404e12@group-569FAC3F8BCE-LeaderElection32: begin an election at term 14 for -1: [a32408a4-f19d-4bad-97c5-ba33ae94fc9a:192.168.157.254:38721, 6b24a2ab-97ee-4d49-85cc-2d76c2f4b8ef:192.168.157.254:41080, 277b5c5e-8c6f-4c9a-a53f-1bbc96404e12:192.168.157.254:41416], old=null
2019-10-16 21:54:57,557 [grpc-default-executor-1] INFO  impl.RaftServerImpl (RaftServerImpl.java:setRole(184)) - 6b24a2ab-97ee-4d49-85cc-2d76c2f4b8ef@group-569FAC3F8BCE: changes role from  FOLLOWER to FOLLOWER at term 14 for recognizeCandidate:277b5c5e-8c6f-4c9a-a53f-1bbc96404e12
2019-10-16 21:54:57,557 [grpc-default-executor-0] INFO  impl.RaftServerImpl (RaftServerImpl.java:setRole(184)) - a32408a4-f19d-4bad-97c5-ba33ae94fc9a@group-569FAC3F8BCE: changes role from  FOLLOWER to FOLLOWER at term 14 for recognizeCandidate:277b5c5e-8c6f-4c9a-a53f-1bbc96404e12
2019-10-16 21:54:57,558 [grpc-default-executor-0] INFO  impl.RoleInfo (RoleInfo.java:shutdownFollowerState(121)) - a32408a4-f19d-4bad-97c5-ba33ae94fc9a: shutdown FollowerState
2019-10-16 21:54:57,558 [grpc-default-executor-1] INFO  impl.RoleInfo (RoleInfo.java:shutdownFollowerState(121)) - 6b24a2ab-97ee-4d49-85cc-2d76c2f4b8ef: shutdown FollowerState
2019-10-16 21:54:57,558 [Thread-409] INFO  impl.FollowerState (FollowerState.java:run(117)) - a32408a4-f19d-4bad-97c5-ba33ae94fc9a@group-569FAC3F8BCE-FollowerState was interrupted: java.lang.InterruptedException: sleep interrupted
2019-10-16 21:54:57,558 [grpc-default-executor-0] INFO  impl.RoleInfo (RoleInfo.java:updateAndGet(143)) - a32408a4-f19d-4bad-97c5-ba33ae94fc9a: start FollowerState
2019-10-16 21:54:57,558 [Thread-0] INFO  ozone.MiniOzoneClusterImpl (MiniOzoneClusterImpl.java:lambda$waitForClusterToBeReady$2(164)) - Waiting for 1 number of pipelines out of 4, to report a leader.
2019-10-16 21:54:57,558 [grpc-default-executor-1] INFO  impl.RoleInfo (RoleInfo.java:updateAndGet(143)) - 6b24a2ab-97ee-4d49-85cc-2d76c2f4b8ef: start FollowerState
2019-10-16 21:54:57,558 [Thread-408] INFO  impl.FollowerState (FollowerState.java:run(117)) - 6b24a2ab-97ee-4d49-85cc-2d76c2f4b8ef@group-569FAC3F8BCE-FollowerState was interrupted: java.lang.InterruptedException: sleep interrupted
2019-10-16 21:54:57,574 [277b5c5e-8c6f-4c9a-a53f-1bbc96404e12@group-569FAC3F8BCE-LeaderElection32] INFO  impl.LeaderElection (LeaderElection.java:logAndReturn(56)) - 277b5c5e-8c6f-4c9a-a53f-1bbc96404e12@group-569FAC3F8BCE-LeaderElection32: Election REJECTED; received 2 response(s) [277b5c5e-8c6f-4c9a-a53f-1bbc96404e12<-6b24a2ab-97ee-4d49-85cc-2d76c2f4b8ef#0:FAIL-t14, 277b5c5e-8c6f-4c9a-a53f-1bbc96404e12<-a32408a4-f19d-4bad-97c5-ba33ae94fc9a#0:FAIL-t14] and 0 exception(s); 277b5c5e-8c6f-4c9a-a53f-1bbc96404e12@group-569FAC3F8BCE:t14, leader=null, voted=277b5c5e-8c6f-4c9a-a53f-1bbc96404e12, raftlog=277b5c5e-8c6f-4c9a-a53f-1bbc96404e12@group-569FAC3F8BCE-SegmentedRaftLog:OPENED:c-1,f-1,i0, conf=-1: [a32408a4-f19d-4bad-97c5-ba33ae94fc9a:192.168.157.254:38721, 6b24a2ab-97ee-4d49-85cc-2d76c2f4b8ef:192.168.157.254:41080, 277b5c5e-8c6f-4c9a-a53f-1bbc96404e12:192.168.157.254:41416], old=null
2019-10-16 21:54:57,574 [277b5c5e-8c6f-4c9a-a53f-1bbc96404e12@group-569FAC3F8BCE-LeaderElection32] INFO  impl.RaftServerImpl (RaftServerImpl.java:setRole(184)) - 277b5c5e-8c6f-4c9a-a53f-1bbc96404e12@group-569FAC3F8BCE: changes role from CANDIDATE to FOLLOWER at term 14 for DISCOVERED_A_NEW_TERM
2019-10-16 21:54:57,574 [277b5c5e-8c6f-4c9a-a53f-1bbc96404e12@group-569FAC3F8BCE-LeaderElection32] INFO  impl.RoleInfo (RoleInfo.java:shutdownLeaderElection(134)) - 277b5c5e-8c6f-4c9a-a53f-1bbc96404e12: shutdown LeaderElection
2019-10-16 21:54:57,574 [277b5c5e-8c6f-4c9a-a53f-1bbc96404e12@group-569FAC3F8BCE-LeaderElection32] INFO  impl.RoleInfo (RoleInfo.java:updateAndGet(143)) - 277b5c5e-8c6f-4c9a-a53f-1bbc96404e12: start FollowerState
2019-10-16 21:54:57,723 [Thread-416] INFO  impl.FollowerState (FollowerState.java:run(108)) - 277b5c5e-8c6f-4c9a-a53f-1bbc96404e12@group-569FAC3F8BCE-FollowerState: change to CANDIDATE, lastRpcTime:148ms, electionTimeout:148ms
2019-10-16 21:54:57,723 [Thread-416] INFO  impl.RoleInfo (RoleInfo.java:shutdownFollowerState(121)) - 277b5c5e-8c6f-4c9a-a53f-1bbc96404e12: shutdown FollowerState
2019-10-16 21:54:57,723 [Thread-416] INFO  impl.RaftServerImpl (RaftServerImpl.java:setRole(184)) - 277b5c5e-8c6f-4c9a-a53f-1bbc96404e12@group-569FAC3F8BCE: changes role from  FOLLOWER to CANDIDATE at term 14 for changeToCandidate
2019-10-16 21:54:57,723 [Thread-416] INFO  impl.RoleInfo (RoleInfo.java:updateAndGet(143)) - 277b5c5e-8c6f-4c9a-a53f-1bbc96404e12: start LeaderElection
2019-10-16 21:54:57,737 [277b5c5e-8c6f-4c9a-a53f-1bbc96404e12@group-569FAC3F8BCE-LeaderElection33] INFO  impl.LeaderElection (LeaderElection.java:askForVotes(178)) - 277b5c5e-8c6f-4c9a-a53f-1bbc96404e12@group-569FAC3F8BCE-LeaderElection33: begin an election at term 15 for -1: [a32408a4-f19d-4bad-97c5-ba33ae94fc9a:192.168.157.254:38721, 6b24a2ab-97ee-4d49-85cc-2d76c2f4b8ef:192.168.157.254:41080, 277b5c5e-8c6f-4c9a-a53f-1bbc96404e12:192.168.157.254:41416], old=null
2019-10-16 21:54:57,740 [grpc-default-executor-1] INFO  impl.RaftServerImpl (RaftServerImpl.java:setRole(184)) - 6b24a2ab-97ee-4d49-85cc-2d76c2f4b8ef@group-569FAC3F8BCE: changes role from  FOLLOWER to FOLLOWER at term 15 for recognizeCandidate:277b5c5e-8c6f-4c9a-a53f-1bbc96404e12
2019-10-16 21:54:57,740 [grpc-default-executor-0] INFO  impl.RaftServerImpl (RaftServerImpl.java:setRole(184)) - a32408a4-f19d-4bad-97c5-ba33ae94fc9a@group-569FAC3F8BCE: changes role from  FOLLOWER to FOLLOWER at term 15 for recognizeCandidate:277b5c5e-8c6f-4c9a-a53f-1bbc96404e12
2019-10-16 21:54:57,740 [grpc-default-executor-1] INFO  impl.RoleInfo (RoleInfo.java:shutdownFollowerState(121)) - 6b24a2ab-97ee-4d49-85cc-2d76c2f4b8ef: shutdown FollowerState
2019-10-16 21:54:57,740 [grpc-default-executor-0] INFO  impl.RoleInfo (RoleInfo.java:shutdownFollowerState(121)) - a32408a4-f19d-4bad-97c5-ba33ae94fc9a: shutdown FollowerState
2019-10-16 21:54:57,741 [Thread-415] INFO  impl.FollowerState (FollowerState.java:run(117)) - 6b24a2ab-97ee-4d49-85cc-2d76c2f4b8ef@group-569FAC3F8BCE-FollowerState was interrupted: java.lang.InterruptedException: sleep interrupted
2019-10-16 21:54:57,741 [grpc-default-executor-1] INFO  impl.RoleInfo (RoleInfo.java:updateAndGet(143)) - 6b24a2ab-97ee-4d49-85cc-2d76c2f4b8ef: start FollowerState
2019-10-16 21:54:57,741 [Thread-414] INFO  impl.FollowerState (FollowerState.java:run(117)) - a32408a4-f19d-4bad-97c5-ba33ae94fc9a@group-569FAC3F8BCE-FollowerState was interrupted: java.lang.InterruptedException: sleep interrupted
2019-10-16 21:54:57,741 [grpc-default-executor-0] INFO  impl.RoleInfo (RoleInfo.java:updateAndGet(143)) - a32408a4-f19d-4bad-97c5-ba33ae94fc9a: start FollowerState
2019-10-16 21:54:57,756 [277b5c5e-8c6f-4c9a-a53f-1bbc96404e12@group-569FAC3F8BCE-LeaderElection33] INFO  impl.LeaderElection (LeaderElection.java:logAndReturn(56)) - 277b5c5e-8c6f-4c9a-a53f-1bbc96404e12@group-569FAC3F8BCE-LeaderElection33: Election REJECTED; received 2 response(s) [277b5c5e-8c6f-4c9a-a53f-1bbc96404e12<-a32408a4-f19d-4bad-97c5-ba33ae94fc9a#0:FAIL-t15, 277b5c5e-8c6f-4c9a-a53f-1bbc96404e12<-6b24a2ab-97ee-4d49-85cc-2d76c2f4b8ef#0:FAIL-t15] and 0 exception(s); 277b5c5e-8c6f-4c9a-a53f-1bbc96404e12@group-569FAC3F8BCE:t15, leader=null, voted=277b5c5e-8c6f-4c9a-a53f-1bbc96404e12, raftlog=277b5c5e-8c6f-4c9a-a53f-1bbc96404e12@group-569FAC3F8BCE-SegmentedRaftLog:OPENED:c-1,f-1,i0, conf=-1: [a32408a4-f19d-4bad-97c5-ba33ae94fc9a:192.168.157.254:38721, 6b24a2ab-97ee-4d49-85cc-2d76c2f4b8ef:192.168.157.254:41080, 277b5c5e-8c6f-4c9a-a53f-1bbc96404e12:192.168.157.254:41416], old=null
2019-10-16 21:54:57,756 [277b5c5e-8c6f-4c9a-a53f-1bbc96404e12@group-569FAC3F8BCE-LeaderElection33] INFO  impl.RaftServerImpl (RaftServerImpl.java:setRole(184)) - 277b5c5e-8c6f-4c9a-a53f-1bbc96404e12@group-569FAC3F8BCE: changes role from CANDIDATE to FOLLOWER at term 15 for DISCOVERED_A_NEW_TERM
2019-10-16 21:54:57,757 [277b5c5e-8c6f-4c9a-a53f-1bbc96404e12@group-569FAC3F8BCE-LeaderElection33] INFO  impl.RoleInfo (RoleInfo.java:shutdownLeaderElection(134)) - 277b5c5e-8c6f-4c9a-a53f-1bbc96404e12: shutdown LeaderElection
2019-10-16 21:54:57,758 [277b5c5e-8c6f-4c9a-a53f-1bbc96404e12@group-569FAC3F8BCE-LeaderElection33] INFO  impl.RoleInfo (RoleInfo.java:updateAndGet(143)) - 277b5c5e-8c6f-4c9a-a53f-1bbc96404e12: start FollowerState
2019-10-16 21:54:57,774 [Thread-422] INFO  impl.FollowerState (FollowerState.java:run(108)) - 277b5c5e-8c6f-4c9a-a53f-1bbc96404e12@group-569FAC3F8BCE-FollowerState: change to CANDIDATE, lastRpcTime:16ms, electionTimeout:16ms
2019-10-16 21:54:57,775 [Thread-422] INFO  impl.RoleInfo (RoleInfo.java:shutdownFollowerState(121)) - 277b5c5e-8c6f-4c9a-a53f-1bbc96404e12: shutdown FollowerState
2019-10-16 21:54:57,775 [Thread-422] INFO  impl.RaftServerImpl (RaftServerImpl.java:setRole(184)) - 277b5c5e-8c6f-4c9a-a53f-1bbc96404e12@group-569FAC3F8BCE: changes role from  FOLLOWER to CANDIDATE at term 15 for changeToCandidate
2019-10-16 21:54:57,775 [Thread-422] INFO  impl.RoleInfo (RoleInfo.java:updateAndGet(143)) - 277b5c5e-8c6f-4c9a-a53f-1bbc96404e12: start LeaderElection
2019-10-16 21:54:57,785 [277b5c5e-8c6f-4c9a-a53f-1bbc96404e12@group-569FAC3F8BCE-LeaderElection34] INFO  impl.LeaderElection (LeaderElection.java:askForVotes(178)) - 277b5c5e-8c6f-4c9a-a53f-1bbc96404e12@group-569FAC3F8BCE-LeaderElection34: begin an election at term 16 for -1: [a32408a4-f19d-4bad-97c5-ba33ae94fc9a:192.168.157.254:38721, 6b24a2ab-97ee-4d49-85cc-2d76c2f4b8ef:192.168.157.254:41080, 277b5c5e-8c6f-4c9a-a53f-1bbc96404e12:192.168.157.254:41416], old=null
2019-10-16 21:54:57,788 [grpc-default-executor-1] INFO  impl.RaftServerImpl (RaftServerImpl.java:setRole(184)) - a32408a4-f19d-4bad-97c5-ba33ae94fc9a@group-569FAC3F8BCE: changes role from  FOLLOWER to FOLLOWER at term 16 for recognizeCandidate:277b5c5e-8c6f-4c9a-a53f-1bbc96404e12
2019-10-16 21:54:57,789 [grpc-default-executor-1] INFO  impl.RoleInfo (RoleInfo.java:shutdownFollowerState(121)) - a32408a4-f19d-4bad-97c5-ba33ae94fc9a: shutdown FollowerState
2019-10-16 21:54:57,789 [grpc-default-executor-0] INFO  impl.RaftServerImpl (RaftServerImpl.java:setRole(184)) - 6b24a2ab-97ee-4d49-85cc-2d76c2f4b8ef@group-569FAC3F8BCE: changes role from  FOLLOWER to FOLLOWER at term 16 for recognizeCandidate:277b5c5e-8c6f-4c9a-a53f-1bbc96404e12
2019-10-16 21:54:57,789 [Thread-421] INFO  impl.FollowerState (FollowerState.java:run(117)) - a32408a4-f19d-4bad-97c5-ba33ae94fc9a@group-569FAC3F8BCE-FollowerState was interrupted: java.lang.InterruptedException: sleep interrupted
2019-10-16 21:54:57,789 [grpc-default-executor-1] INFO  impl.RoleInfo (RoleInfo.java:updateAndGet(143)) - a32408a4-f19d-4bad-97c5-ba33ae94fc9a: start FollowerState
2019-10-16 21:54:57,789 [grpc-default-executor-0] INFO  impl.RoleInfo (RoleInfo.java:shutdownFollowerState(121)) - 6b24a2ab-97ee-4d49-85cc-2d76c2f4b8ef: shutdown FollowerState
2019-10-16 21:54:57,789 [grpc-default-executor-0] INFO  impl.RoleInfo (RoleInfo.java:updateAndGet(143)) - 6b24a2ab-97ee-4d49-85cc-2d76c2f4b8ef: start FollowerState
2019-10-16 21:54:57,790 [Thread-420] INFO  impl.FollowerState (FollowerState.java:run(117)) - 6b24a2ab-97ee-4d49-85cc-2d76c2f4b8ef@group-569FAC3F8BCE-FollowerState was interrupted: java.lang.InterruptedException: sleep interrupted
2019-10-16 21:54:57,805 [277b5c5e-8c6f-4c9a-a53f-1bbc96404e12@group-569FAC3F8BCE-LeaderElection34] INFO  impl.LeaderElection (LeaderElection.java:logAndReturn(56)) - 277b5c5e-8c6f-4c9a-a53f-1bbc96404e12@group-569FAC3F8BCE-LeaderElection34: Election REJECTED; received 2 response(s) [277b5c5e-8c6f-4c9a-a53f-1bbc96404e12<-6b24a2ab-97ee-4d49-85cc-2d76c2f4b8ef#0:FAIL-t16, 277b5c5e-8c6f-4c9a-a53f-1bbc96404e12<-a32408a4-f19d-4bad-97c5-ba33ae94fc9a#0:FAIL-t16] and 0 exception(s); 277b5c5e-8c6f-4c9a-a53f-1bbc96404e12@group-569FAC3F8BCE:t16, leader=null, voted=277b5c5e-8c6f-4c9a-a53f-1bbc96404e12, raftlog=277b5c5e-8c6f-4c9a-a53f-1bbc96404e12@group-569FAC3F8BCE-SegmentedRaftLog:OPENED:c-1,f-1,i0, conf=-1: [a32408a4-f19d-4bad-97c5-ba33ae94fc9a:192.168.157.254:38721, 6b24a2ab-97ee-4d49-85cc-2d76c2f4b8ef:192.168.157.254:41080, 277b5c5e-8c6f-4c9a-a53f-1bbc96404e12:192.168.157.254:41416], old=null
2019-10-16 21:54:57,805 [277b5c5e-8c6f-4c9a-a53f-1bbc96404e12@group-569FAC3F8BCE-LeaderElection34] INFO  impl.RaftServerImpl (RaftServerImpl.java:setRole(184)) - 277b5c5e-8c6f-4c9a-a53f-1bbc96404e12@group-569FAC3F8BCE: changes role from CANDIDATE to FOLLOWER at term 16 for DISCOVERED_A_NEW_TERM
2019-10-16 21:54:57,805 [277b5c5e-8c6f-4c9a-a53f-1bbc96404e12@group-569FAC3F8BCE-LeaderElection34] INFO  impl.RoleInfo (RoleInfo.java:shutdownLeaderElection(134)) - 277b5c5e-8c6f-4c9a-a53f-1bbc96404e12: shutdown LeaderElection
2019-10-16 21:54:57,806 [277b5c5e-8c6f-4c9a-a53f-1bbc96404e12@group-569FAC3F8BCE-LeaderElection34] INFO  impl.RoleInfo (RoleInfo.java:updateAndGet(143)) - 277b5c5e-8c6f-4c9a-a53f-1bbc96404e12: start FollowerState
2019-10-16 21:54:57,837 [Thread-428] INFO  impl.FollowerState (FollowerState.java:run(108)) - 277b5c5e-8c6f-4c9a-a53f-1bbc96404e12@group-569FAC3F8BCE-FollowerState: change to CANDIDATE, lastRpcTime:31ms, electionTimeout:31ms
2019-10-16 21:54:57,837 [Thread-428] INFO  impl.RoleInfo (RoleInfo.java:shutdownFollowerState(121)) - 277b5c5e-8c6f-4c9a-a53f-1bbc96404e12: shutdown FollowerState
2019-10-16 21:54:57,837 [Thread-428] INFO  impl.RaftServerImpl (RaftServerImpl.java:setRole(184)) - 277b5c5e-8c6f-4c9a-a53f-1bbc96404e12@group-569FAC3F8BCE: changes role from  FOLLOWER to CANDIDATE at term 16 for changeToCandidate
2019-10-16 21:54:57,838 [Thread-428] INFO  impl.RoleInfo (RoleInfo.java:updateAndGet(143)) - 277b5c5e-8c6f-4c9a-a53f-1bbc96404e12: start LeaderElection
2019-10-16 21:54:57,851 [277b5c5e-8c6f-4c9a-a53f-1bbc96404e12@group-569FAC3F8BCE-LeaderElection35] INFO  impl.LeaderElection (LeaderElection.java:askForVotes(178)) - 277b5c5e-8c6f-4c9a-a53f-1bbc96404e12@group-569FAC3F8BCE-LeaderElection35: begin an election at term 17 for -1: [a32408a4-f19d-4bad-97c5-ba33ae94fc9a:192.168.157.254:38721, 6b24a2ab-97ee-4d49-85cc-2d76c2f4b8ef:192.168.157.254:41080, 277b5c5e-8c6f-4c9a-a53f-1bbc96404e12:192.168.157.254:41416], old=null
2019-10-16 21:54:57,854 [grpc-default-executor-0] INFO  impl.RaftServerImpl (RaftServerImpl.java:setRole(184)) - a32408a4-f19d-4bad-97c5-ba33ae94fc9a@group-569FAC3F8BCE: changes role from  FOLLOWER to FOLLOWER at term 17 for recognizeCandidate:277b5c5e-8c6f-4c9a-a53f-1bbc96404e12
2019-10-16 21:54:57,854 [grpc-default-executor-0] INFO  impl.RoleInfo (RoleInfo.java:shutdownFollowerState(121)) - a32408a4-f19d-4bad-97c5-ba33ae94fc9a: shutdown FollowerState
2019-10-16 21:54:57,854 [grpc-default-executor-0] INFO  impl.RoleInfo (RoleInfo.java:updateAndGet(143)) - a32408a4-f19d-4bad-97c5-ba33ae94fc9a: start FollowerState
2019-10-16 21:54:57,854 [Thread-426] INFO  impl.FollowerState (FollowerState.java:run(117)) - a32408a4-f19d-4bad-97c5-ba33ae94fc9a@group-569FAC3F8BCE-FollowerState was interrupted: java.lang.InterruptedException: sleep interrupted
2019-10-16 21:54:57,854 [grpc-default-executor-1] INFO  impl.RaftServerImpl (RaftServerImpl.java:setRole(184)) - 6b24a2ab-97ee-4d49-85cc-2d76c2f4b8ef@group-569FAC3F8BCE: changes role from  FOLLOWER to FOLLOWER at term 17 for recognizeCandidate:277b5c5e-8c6f-4c9a-a53f-1bbc96404e12
2019-10-16 21:54:57,854 [grpc-default-executor-1] INFO  impl.RoleInfo (RoleInfo.java:shutdownFollowerState(121)) - 6b24a2ab-97ee-4d49-85cc-2d76c2f4b8ef: shutdown FollowerState
2019-10-16 21:54:57,855 [Thread-427] INFO  impl.FollowerState (FollowerState.java:run(117)) - 6b24a2ab-97ee-4d49-85cc-2d76c2f4b8ef@group-569FAC3F8BCE-FollowerState was interrupted: java.lang.InterruptedException: sleep interrupted
2019-10-16 21:54:57,855 [grpc-default-executor-1] INFO  impl.RoleInfo (RoleInfo.java:updateAndGet(143)) - 6b24a2ab-97ee-4d49-85cc-2d76c2f4b8ef: start FollowerState
2019-10-16 21:54:57,869 [277b5c5e-8c6f-4c9a-a53f-1bbc96404e12@group-569FAC3F8BCE-LeaderElection35] INFO  impl.LeaderElection (LeaderElection.java:logAndReturn(56)) - 277b5c5e-8c6f-4c9a-a53f-1bbc96404e12@group-569FAC3F8BCE-LeaderElection35: Election REJECTED; received 2 response(s) [277b5c5e-8c6f-4c9a-a53f-1bbc96404e12<-6b24a2ab-97ee-4d49-85cc-2d76c2f4b8ef#0:FAIL-t17, 277b5c5e-8c6f-4c9a-a53f-1bbc96404e12<-a32408a4-f19d-4bad-97c5-ba33ae94fc9a#0:FAIL-t17] and 0 exception(s); 277b5c5e-8c6f-4c9a-a53f-1bbc96404e12@group-569FAC3F8BCE:t17, leader=null, voted=277b5c5e-8c6f-4c9a-a53f-1bbc96404e12, raftlog=277b5c5e-8c6f-4c9a-a53f-1bbc96404e12@group-569FAC3F8BCE-SegmentedRaftLog:OPENED:c-1,f-1,i0, conf=-1: [a32408a4-f19d-4bad-97c5-ba33ae94fc9a:192.168.157.254:38721, 6b24a2ab-97ee-4d49-85cc-2d76c2f4b8ef:192.168.157.254:41080, 277b5c5e-8c6f-4c9a-a53f-1bbc96404e12:192.168.157.254:41416], old=null
2019-10-16 21:54:57,869 [277b5c5e-8c6f-4c9a-a53f-1bbc96404e12@group-569FAC3F8BCE-LeaderElection35] INFO  impl.RaftServerImpl (RaftServerImpl.java:setRole(184)) - 277b5c5e-8c6f-4c9a-a53f-1bbc96404e12@group-569FAC3F8BCE: changes role from CANDIDATE to FOLLOWER at term 17 for DISCOVERED_A_NEW_TERM
2019-10-16 21:54:57,870 [277b5c5e-8c6f-4c9a-a53f-1bbc96404e12@group-569FAC3F8BCE-LeaderElection35] INFO  impl.RoleInfo (RoleInfo.java:shutdownLeaderElection(134)) - 277b5c5e-8c6f-4c9a-a53f-1bbc96404e12: shutdown LeaderElection
2019-10-16 21:54:57,870 [277b5c5e-8c6f-4c9a-a53f-1bbc96404e12@group-569FAC3F8BCE-LeaderElection35] INFO  impl.RoleInfo (RoleInfo.java:updateAndGet(143)) - 277b5c5e-8c6f-4c9a-a53f-1bbc96404e12: start FollowerState
2019-10-16 21:54:57,973 [Thread-434] INFO  impl.FollowerState (FollowerState.java:run(108)) - 277b5c5e-8c6f-4c9a-a53f-1bbc96404e12@group-569FAC3F8BCE-FollowerState: change to CANDIDATE, lastRpcTime:103ms, electionTimeout:103ms
2019-10-16 21:54:57,973 [Thread-434] INFO  impl.RoleInfo (RoleInfo.java:shutdownFollowerState(121)) - 277b5c5e-8c6f-4c9a-a53f-1bbc96404e12: shutdown FollowerState
2019-10-16 21:54:57,974 [Thread-434] INFO  impl.RaftServerImpl (RaftServerImpl.java:setRole(184)) - 277b5c5e-8c6f-4c9a-a53f-1bbc96404e12@group-569FAC3F8BCE: changes role from  FOLLOWER to CANDIDATE at term 17 for changeToCandidate
2019-10-16 21:54:57,974 [Thread-434] INFO  impl.RoleInfo (RoleInfo.java:updateAndGet(143)) - 277b5c5e-8c6f-4c9a-a53f-1bbc96404e12: start LeaderElection
2019-10-16 21:54:57,988 [277b5c5e-8c6f-4c9a-a53f-1bbc96404e12@group-569FAC3F8BCE-LeaderElection36] INFO  impl.LeaderElection (LeaderElection.java:askForVotes(178)) - 277b5c5e-8c6f-4c9a-a53f-1bbc96404e12@group-569FAC3F8BCE-LeaderElection36: begin an election at term 18 for -1: [a32408a4-f19d-4bad-97c5-ba33ae94fc9a:192.168.157.254:38721, 6b24a2ab-97ee-4d49-85cc-2d76c2f4b8ef:192.168.157.254:41080, 277b5c5e-8c6f-4c9a-a53f-1bbc96404e12:192.168.157.254:41416], old=null
2019-10-16 21:54:57,991 [grpc-default-executor-0] INFO  impl.RaftServerImpl (RaftServerImpl.java:setRole(184)) - a32408a4-f19d-4bad-97c5-ba33ae94fc9a@group-569FAC3F8BCE: changes role from  FOLLOWER to FOLLOWER at term 18 for recognizeCandidate:277b5c5e-8c6f-4c9a-a53f-1bbc96404e12
2019-10-16 21:54:57,991 [grpc-default-executor-1] INFO  impl.RaftServerImpl (RaftServerImpl.java:setRole(184)) - 6b24a2ab-97ee-4d49-85cc-2d76c2f4b8ef@group-569FAC3F8BCE: changes role from  FOLLOWER to FOLLOWER at term 18 for recognizeCandidate:277b5c5e-8c6f-4c9a-a53f-1bbc96404e12
2019-10-16 21:54:57,991 [grpc-default-executor-0] INFO  impl.RoleInfo (RoleInfo.java:shutdownFollowerState(121)) - a32408a4-f19d-4bad-97c5-ba33ae94fc9a: shutdown FollowerState
2019-10-16 21:54:57,991 [grpc-default-executor-1] INFO  impl.RoleInfo (RoleInfo.java:shutdownFollowerState(121)) - 6b24a2ab-97ee-4d49-85cc-2d76c2f4b8ef: shutdown FollowerState
2019-10-16 21:54:57,992 [Thread-432] INFO  impl.FollowerState (FollowerState.java:run(117)) - a32408a4-f19d-4bad-97c5-ba33ae94fc9a@group-569FAC3F8BCE-FollowerState was interrupted: java.lang.InterruptedException: sleep interrupted
2019-10-16 21:54:57,992 [grpc-default-executor-0] INFO  impl.RoleInfo (RoleInfo.java:updateAndGet(143)) - a32408a4-f19d-4bad-97c5-ba33ae94fc9a: start FollowerState
2019-10-16 21:54:57,992 [Thread-433] INFO  impl.FollowerState (FollowerState.java:run(117)) - 6b24a2ab-97ee-4d49-85cc-2d76c2f4b8ef@group-569FAC3F8BCE-FollowerState was interrupted: java.lang.InterruptedException: sleep interrupted
2019-10-16 21:54:57,992 [grpc-default-executor-1] INFO  impl.RoleInfo (RoleInfo.java:updateAndGet(143)) - 6b24a2ab-97ee-4d49-85cc-2d76c2f4b8ef: start FollowerState
2019-10-16 21:54:58,007 [277b5c5e-8c6f-4c9a-a53f-1bbc96404e12@group-569FAC3F8BCE-LeaderElection36] INFO  impl.LeaderElection (LeaderElection.java:logAndReturn(56)) - 277b5c5e-8c6f-4c9a-a53f-1bbc96404e12@group-569FAC3F8BCE-LeaderElection36: Election REJECTED; received 2 response(s) [277b5c5e-8c6f-4c9a-a53f-1bbc96404e12<-6b24a2ab-97ee-4d49-85cc-2d76c2f4b8ef#0:FAIL-t18, 277b5c5e-8c6f-4c9a-a53f-1bbc96404e12<-a32408a4-f19d-4bad-97c5-ba33ae94fc9a#0:FAIL-t18] and 0 exception(s); 277b5c5e-8c6f-4c9a-a53f-1bbc96404e12@group-569FAC3F8BCE:t18, leader=null, voted=277b5c5e-8c6f-4c9a-a53f-1bbc96404e12, raftlog=277b5c5e-8c6f-4c9a-a53f-1bbc96404e12@group-569FAC3F8BCE-SegmentedRaftLog:OPENED:c-1,f-1,i0, conf=-1: [a32408a4-f19d-4bad-97c5-ba33ae94fc9a:192.168.157.254:38721, 6b24a2ab-97ee-4d49-85cc-2d76c2f4b8ef:192.168.157.254:41080, 277b5c5e-8c6f-4c9a-a53f-1bbc96404e12:192.168.157.254:41416], old=null
2019-10-16 21:54:58,007 [277b5c5e-8c6f-4c9a-a53f-1bbc96404e12@group-569FAC3F8BCE-LeaderElection36] INFO  impl.RaftServerImpl (RaftServerImpl.java:setRole(184)) - 277b5c5e-8c6f-4c9a-a53f-1bbc96404e12@group-569FAC3F8BCE: changes role from CANDIDATE to FOLLOWER at term 18 for DISCOVERED_A_NEW_TERM
2019-10-16 21:54:58,008 [277b5c5e-8c6f-4c9a-a53f-1bbc96404e12@group-569FAC3F8BCE-LeaderElection36] INFO  impl.RoleInfo (RoleInfo.java:shutdownLeaderElection(134)) - 277b5c5e-8c6f-4c9a-a53f-1bbc96404e12: shutdown LeaderElection
2019-10-16 21:54:58,008 [277b5c5e-8c6f-4c9a-a53f-1bbc96404e12@group-569FAC3F8BCE-LeaderElection36] INFO  impl.RoleInfo (RoleInfo.java:updateAndGet(143)) - 277b5c5e-8c6f-4c9a-a53f-1bbc96404e12: start FollowerState
2019-10-16 21:54:58,139 [Thread-440] INFO  impl.FollowerState (FollowerState.java:run(108)) - 277b5c5e-8c6f-4c9a-a53f-1bbc96404e12@group-569FAC3F8BCE-FollowerState: change to CANDIDATE, lastRpcTime:131ms, electionTimeout:131ms
2019-10-16 21:54:58,139 [Thread-440] INFO  impl.RoleInfo (RoleInfo.java:shutdownFollowerState(121)) - 277b5c5e-8c6f-4c9a-a53f-1bbc96404e12: shutdown FollowerState
2019-10-16 21:54:58,140 [Thread-440] INFO  impl.RaftServerImpl (RaftServerImpl.java:setRole(184)) - 277b5c5e-8c6f-4c9a-a53f-1bbc96404e12@group-569FAC3F8BCE: changes role from  FOLLOWER to CANDIDATE at term 18 for changeToCandidate
2019-10-16 21:54:58,140 [Thread-440] INFO  impl.RoleInfo (RoleInfo.java:updateAndGet(143)) - 277b5c5e-8c6f-4c9a-a53f-1bbc96404e12: start LeaderElection
2019-10-16 21:54:58,146 [277b5c5e-8c6f-4c9a-a53f-1bbc96404e12@group-569FAC3F8BCE-LeaderElection37] INFO  impl.LeaderElection (LeaderElection.java:askForVotes(178)) - 277b5c5e-8c6f-4c9a-a53f-1bbc96404e12@group-569FAC3F8BCE-LeaderElection37: begin an election at term 19 for -1: [a32408a4-f19d-4bad-97c5-ba33ae94fc9a:192.168.157.254:38721, 6b24a2ab-97ee-4d49-85cc-2d76c2f4b8ef:192.168.157.254:41080, 277b5c5e-8c6f-4c9a-a53f-1bbc96404e12:192.168.157.254:41416], old=null
2019-10-16 21:54:58,149 [grpc-default-executor-0] INFO  impl.RaftServerImpl (RaftServerImpl.java:setRole(184)) - a32408a4-f19d-4bad-97c5-ba33ae94fc9a@group-569FAC3F8BCE: changes role from  FOLLOWER to FOLLOWER at term 19 for recognizeCandidate:277b5c5e-8c6f-4c9a-a53f-1bbc96404e12
2019-10-16 21:54:58,149 [grpc-default-executor-1] INFO  impl.RaftServerImpl (RaftServerImpl.java:setRole(184)) - 6b24a2ab-97ee-4d49-85cc-2d76c2f4b8ef@group-569FAC3F8BCE: changes role from  FOLLOWER to FOLLOWER at term 19 for recognizeCandidate:277b5c5e-8c6f-4c9a-a53f-1bbc96404e12
2019-10-16 21:54:58,149 [grpc-default-executor-0] INFO  impl.RoleInfo (RoleInfo.java:shutdownFollowerState(121)) - a32408a4-f19d-4bad-97c5-ba33ae94fc9a: shutdown FollowerState
2019-10-16 21:54:58,149 [grpc-default-executor-1] INFO  impl.RoleInfo (RoleInfo.java:shutdownFollowerState(121)) - 6b24a2ab-97ee-4d49-85cc-2d76c2f4b8ef: shutdown FollowerState
2019-10-16 21:54:58,149 [grpc-default-executor-0] INFO  impl.RoleInfo (RoleInfo.java:updateAndGet(143)) - a32408a4-f19d-4bad-97c5-ba33ae94fc9a: start FollowerState
2019-10-16 21:54:58,149 [Thread-438] INFO  impl.FollowerState (FollowerState.java:run(117)) - a32408a4-f19d-4bad-97c5-ba33ae94fc9a@group-569FAC3F8BCE-FollowerState was interrupted: java.lang.InterruptedException: sleep interrupted
2019-10-16 21:54:58,150 [grpc-default-executor-1] INFO  impl.RoleInfo (RoleInfo.java:updateAndGet(143)) - 6b24a2ab-97ee-4d49-85cc-2d76c2f4b8ef: start FollowerState
2019-10-16 21:54:58,149 [Thread-439] INFO  impl.FollowerState (FollowerState.java:run(117)) - 6b24a2ab-97ee-4d49-85cc-2d76c2f4b8ef@group-569FAC3F8BCE-FollowerState was interrupted: java.lang.InterruptedException: sleep interrupted
2019-10-16 21:54:58,165 [277b5c5e-8c6f-4c9a-a53f-1bbc96404e12@group-569FAC3F8BCE-LeaderElection37] INFO  impl.LeaderElection (LeaderElection.java:logAndReturn(56)) - 277b5c5e-8c6f-4c9a-a53f-1bbc96404e12@group-569FAC3F8BCE-LeaderElection37: Election REJECTED; received 2 response(s) [277b5c5e-8c6f-4c9a-a53f-1bbc96404e12<-6b24a2ab-97ee-4d49-85cc-2d76c2f4b8ef#0:FAIL-t19, 277b5c5e-8c6f-4c9a-a53f-1bbc96404e12<-a32408a4-f19d-4bad-97c5-ba33ae94fc9a#0:FAIL-t19] and 0 exception(s); 277b5c5e-8c6f-4c9a-a53f-1bbc96404e12@group-569FAC3F8BCE:t19, leader=null, voted=277b5c5e-8c6f-4c9a-a53f-1bbc96404e12, raftlog=277b5c5e-8c6f-4c9a-a53f-1bbc96404e12@group-569FAC3F8BCE-SegmentedRaftLog:OPENED:c-1,f-1,i0, conf=-1: [a32408a4-f19d-4bad-97c5-ba33ae94fc9a:192.168.157.254:38721, 6b24a2ab-97ee-4d49-85cc-2d76c2f4b8ef:192.168.157.254:41080, 277b5c5e-8c6f-4c9a-a53f-1bbc96404e12:192.168.157.254:41416], old=null
2019-10-16 21:54:58,165 [277b5c5e-8c6f-4c9a-a53f-1bbc96404e12@group-569FAC3F8BCE-LeaderElection37] INFO  impl.RaftServerImpl (RaftServerImpl.java:setRole(184)) - 277b5c5e-8c6f-4c9a-a53f-1bbc96404e12@group-569FAC3F8BCE: changes role from CANDIDATE to FOLLOWER at term 19 for DISCOVERED_A_NEW_TERM
2019-10-16 21:54:58,165 [277b5c5e-8c6f-4c9a-a53f-1bbc96404e12@group-569FAC3F8BCE-LeaderElection37] INFO  impl.RoleInfo (RoleInfo.java:shutdownLeaderElection(134)) - 277b5c5e-8c6f-4c9a-a53f-1bbc96404e12: shutdown LeaderElection
2019-10-16 21:54:58,165 [277b5c5e-8c6f-4c9a-a53f-1bbc96404e12@group-569FAC3F8BCE-LeaderElection37] INFO  impl.RoleInfo (RoleInfo.java:updateAndGet(143)) - 277b5c5e-8c6f-4c9a-a53f-1bbc96404e12: start FollowerState
2019-10-16 21:54:58,294 [Thread-446] INFO  impl.FollowerState (FollowerState.java:run(108)) - 277b5c5e-8c6f-4c9a-a53f-1bbc96404e12@group-569FAC3F8BCE-FollowerState: change to CANDIDATE, lastRpcTime:128ms, electionTimeout:128ms
2019-10-16 21:54:58,294 [Thread-446] INFO  impl.RoleInfo (RoleInfo.java:shutdownFollowerState(121)) - 277b5c5e-8c6f-4c9a-a53f-1bbc96404e12: shutdown FollowerState
2019-10-16 21:54:58,294 [Thread-446] INFO  impl.RaftServerImpl (RaftServerImpl.java:setRole(184)) - 277b5c5e-8c6f-4c9a-a53f-1bbc96404e12@group-569FAC3F8BCE: changes role from  FOLLOWER to CANDIDATE at term 19 for changeToCandidate
2019-10-16 21:54:58,294 [Thread-446] INFO  impl.RoleInfo (RoleInfo.java:updateAndGet(143)) - 277b5c5e-8c6f-4c9a-a53f-1bbc96404e12: start LeaderElection
2019-10-16 21:54:58,307 [277b5c5e-8c6f-4c9a-a53f-1bbc96404e12@group-569FAC3F8BCE-LeaderElection38] INFO  impl.LeaderElection (LeaderElection.java:askForVotes(178)) - 277b5c5e-8c6f-4c9a-a53f-1bbc96404e12@group-569FAC3F8BCE-LeaderElection38: begin an election at term 20 for -1: [a32408a4-f19d-4bad-97c5-ba33ae94fc9a:192.168.157.254:38721, 6b24a2ab-97ee-4d49-85cc-2d76c2f4b8ef:192.168.157.254:41080, 277b5c5e-8c6f-4c9a-a53f-1bbc96404e12:192.168.157.254:41416], old=null
2019-10-16 21:54:58,310 [grpc-default-executor-0] INFO  impl.RaftServerImpl (RaftServerImpl.java:setRole(184)) - a32408a4-f19d-4bad-97c5-ba33ae94fc9a@group-569FAC3F8BCE: changes role from  FOLLOWER to FOLLOWER at term 20 for recognizeCandidate:277b5c5e-8c6f-4c9a-a53f-1bbc96404e12
2019-10-16 21:54:58,311 [grpc-default-executor-1] INFO  impl.RaftServerImpl (RaftServerImpl.java:setRole(184)) - 6b24a2ab-97ee-4d49-85cc-2d76c2f4b8ef@group-569FAC3F8BCE: changes role from  FOLLOWER to FOLLOWER at term 20 for recognizeCandidate:277b5c5e-8c6f-4c9a-a53f-1bbc96404e12
2019-10-16 21:54:58,311 [grpc-default-executor-0] INFO  impl.RoleInfo (RoleInfo.java:shutdownFollowerState(121)) - a32408a4-f19d-4bad-97c5-ba33ae94fc9a: shutdown FollowerState
2019-10-16 21:54:58,311 [grpc-default-executor-1] INFO  impl.RoleInfo (RoleInfo.java:shutdownFollowerState(121)) - 6b24a2ab-97ee-4d49-85cc-2d76c2f4b8ef: shutdown FollowerState
2019-10-16 21:54:58,311 [Thread-444] INFO  impl.FollowerState (FollowerState.java:run(117)) - a32408a4-f19d-4bad-97c5-ba33ae94fc9a@group-569FAC3F8BCE-FollowerState was interrupted: java.lang.InterruptedException: sleep interrupted
2019-10-16 21:54:58,311 [Thread-445] INFO  impl.FollowerState (FollowerState.java:run(117)) - 6b24a2ab-97ee-4d49-85cc-2d76c2f4b8ef@group-569FAC3F8BCE-FollowerState was interrupted: java.lang.InterruptedException: sleep interrupted
2019-10-16 21:54:58,311 [grpc-default-executor-0] INFO  impl.RoleInfo (RoleInfo.java:updateAndGet(143)) - a32408a4-f19d-4bad-97c5-ba33ae94fc9a: start FollowerState
2019-10-16 21:54:58,311 [grpc-default-executor-1] INFO  impl.RoleInfo (RoleInfo.java:updateAndGet(143)) - 6b24a2ab-97ee-4d49-85cc-2d76c2f4b8ef: start FollowerState
2019-10-16 21:54:58,328 [277b5c5e-8c6f-4c9a-a53f-1bbc96404e12@group-569FAC3F8BCE-LeaderElection38] INFO  impl.LeaderElection (LeaderElection.java:logAndReturn(56)) - 277b5c5e-8c6f-4c9a-a53f-1bbc96404e12@group-569FAC3F8BCE-LeaderElection38: Election REJECTED; received 2 response(s) [277b5c5e-8c6f-4c9a-a53f-1bbc96404e12<-a32408a4-f19d-4bad-97c5-ba33ae94fc9a#0:FAIL-t20, 277b5c5e-8c6f-4c9a-a53f-1bbc96404e12<-6b24a2ab-97ee-4d49-85cc-2d76c2f4b8ef#0:FAIL-t20] and 0 exception(s); 277b5c5e-8c6f-4c9a-a53f-1bbc96404e12@group-569FAC3F8BCE:t20, leader=null, voted=277b5c5e-8c6f-4c9a-a53f-1bbc96404e12, raftlog=277b5c5e-8c6f-4c9a-a53f-1bbc96404e12@group-569FAC3F8BCE-SegmentedRaftLog:OPENED:c-1,f-1,i0, conf=-1: [a32408a4-f19d-4bad-97c5-ba33ae94fc9a:192.168.157.254:38721, 6b24a2ab-97ee-4d49-85cc-2d76c2f4b8ef:192.168.157.254:41080, 277b5c5e-8c6f-4c9a-a53f-1bbc96404e12:192.168.157.254:41416], old=null
2019-10-16 21:54:58,328 [277b5c5e-8c6f-4c9a-a53f-1bbc96404e12@group-569FAC3F8BCE-LeaderElection38] INFO  impl.RaftServerImpl (RaftServerImpl.java:setRole(184)) - 277b5c5e-8c6f-4c9a-a53f-1bbc96404e12@group-569FAC3F8BCE: changes role from CANDIDATE to FOLLOWER at term 20 for DISCOVERED_A_NEW_TERM
2019-10-16 21:54:58,328 [277b5c5e-8c6f-4c9a-a53f-1bbc96404e12@group-569FAC3F8BCE-LeaderElection38] INFO  impl.RoleInfo (RoleInfo.java:shutdownLeaderElection(134)) - 277b5c5e-8c6f-4c9a-a53f-1bbc96404e12: shutdown LeaderElection
2019-10-16 21:54:58,328 [277b5c5e-8c6f-4c9a-a53f-1bbc96404e12@group-569FAC3F8BCE-LeaderElection38] INFO  impl.RoleInfo (RoleInfo.java:updateAndGet(143)) - 277b5c5e-8c6f-4c9a-a53f-1bbc96404e12: start FollowerState
2019-10-16 21:54:58,355 [Thread-452] INFO  impl.FollowerState (FollowerState.java:run(108)) - 277b5c5e-8c6f-4c9a-a53f-1bbc96404e12@group-569FAC3F8BCE-FollowerState: change to CANDIDATE, lastRpcTime:26ms, electionTimeout:26ms
2019-10-16 21:54:58,355 [Thread-452] INFO  impl.RoleInfo (RoleInfo.java:shutdownFollowerState(121)) - 277b5c5e-8c6f-4c9a-a53f-1bbc96404e12: shutdown FollowerState
2019-10-16 21:54:58,355 [Thread-452] INFO  impl.RaftServerImpl (RaftServerImpl.java:setRole(184)) - 277b5c5e-8c6f-4c9a-a53f-1bbc96404e12@group-569FAC3F8BCE: changes role from  FOLLOWER to CANDIDATE at term 20 for changeToCandidate
2019-10-16 21:54:58,355 [Thread-452] INFO  impl.RoleInfo (RoleInfo.java:updateAndGet(143)) - 277b5c5e-8c6f-4c9a-a53f-1bbc96404e12: start LeaderElection
2019-10-16 21:54:58,368 [277b5c5e-8c6f-4c9a-a53f-1bbc96404e12@group-569FAC3F8BCE-LeaderElection39] INFO  impl.LeaderElection (LeaderElection.java:askForVotes(178)) - 277b5c5e-8c6f-4c9a-a53f-1bbc96404e12@group-569FAC3F8BCE-LeaderElection39: begin an election at term 21 for -1: [a32408a4-f19d-4bad-97c5-ba33ae94fc9a:192.168.157.254:38721, 6b24a2ab-97ee-4d49-85cc-2d76c2f4b8ef:192.168.157.254:41080, 277b5c5e-8c6f-4c9a-a53f-1bbc96404e12:192.168.157.254:41416], old=null
2019-10-16 21:54:58,370 [grpc-default-executor-1] INFO  impl.RaftServerImpl (RaftServerImpl.java:setRole(184)) - a32408a4-f19d-4bad-97c5-ba33ae94fc9a@group-569FAC3F8BCE: changes role from  FOLLOWER to FOLLOWER at term 21 for recognizeCandidate:277b5c5e-8c6f-4c9a-a53f-1bbc96404e12
2019-10-16 21:54:58,370 [grpc-default-executor-1] INFO  impl.RoleInfo (RoleInfo.java:shutdownFollowerState(121)) - a32408a4-f19d-4bad-97c5-ba33ae94fc9a: shutdown FollowerState
2019-10-16 21:54:58,370 [grpc-default-executor-0] INFO  impl.RaftServerImpl (RaftServerImpl.java:setRole(184)) - 6b24a2ab-97ee-4d49-85cc-2d76c2f4b8ef@group-569FAC3F8BCE: changes role from  FOLLOWER to FOLLOWER at term 21 for recognizeCandidate:277b5c5e-8c6f-4c9a-a53f-1bbc96404e12
2019-10-16 21:54:58,370 [Thread-450] INFO  impl.FollowerState (FollowerState.java:run(117)) - a32408a4-f19d-4bad-97c5-ba33ae94fc9a@group-569FAC3F8BCE-FollowerState was interrupted: java.lang.InterruptedException: sleep interrupted
2019-10-16 21:54:58,370 [grpc-default-executor-1] INFO  impl.RoleInfo (RoleInfo.java:updateAndGet(143)) - a32408a4-f19d-4bad-97c5-ba33ae94fc9a: start FollowerState
2019-10-16 21:54:58,370 [grpc-default-executor-0] INFO  impl.RoleInfo (RoleInfo.java:shutdownFollowerState(121)) - 6b24a2ab-97ee-4d49-85cc-2d76c2f4b8ef: shutdown FollowerState
2019-10-16 21:54:58,371 [Thread-451] INFO  impl.FollowerState (FollowerState.java:run(117)) - 6b24a2ab-97ee-4d49-85cc-2d76c2f4b8ef@group-569FAC3F8BCE-FollowerState was interrupted: java.lang.InterruptedException: sleep interrupted
2019-10-16 21:54:58,371 [grpc-default-executor-0] INFO  impl.RoleInfo (RoleInfo.java:updateAndGet(143)) - 6b24a2ab-97ee-4d49-85cc-2d76c2f4b8ef: start FollowerState
2019-10-16 21:54:58,386 [277b5c5e-8c6f-4c9a-a53f-1bbc96404e12@group-569FAC3F8BCE-LeaderElection39] INFO  impl.LeaderElection (LeaderElection.java:logAndReturn(56)) - 277b5c5e-8c6f-4c9a-a53f-1bbc96404e12@group-569FAC3F8BCE-LeaderElection39: Election REJECTED; received 2 response(s) [277b5c5e-8c6f-4c9a-a53f-1bbc96404e12<-6b24a2ab-97ee-4d49-85cc-2d76c2f4b8ef#0:FAIL-t21, 277b5c5e-8c6f-4c9a-a53f-1bbc96404e12<-a32408a4-f19d-4bad-97c5-ba33ae94fc9a#0:FAIL-t21] and 0 exception(s); 277b5c5e-8c6f-4c9a-a53f-1bbc96404e12@group-569FAC3F8BCE:t21, leader=null, voted=277b5c5e-8c6f-4c9a-a53f-1bbc96404e12, raftlog=277b5c5e-8c6f-4c9a-a53f-1bbc96404e12@group-569FAC3F8BCE-SegmentedRaftLog:OPENED:c-1,f-1,i0, conf=-1: [a32408a4-f19d-4bad-97c5-ba33ae94fc9a:192.168.157.254:38721, 6b24a2ab-97ee-4d49-85cc-2d76c2f4b8ef:192.168.157.254:41080, 277b5c5e-8c6f-4c9a-a53f-1bbc96404e12:192.168.157.254:41416], old=null
2019-10-16 21:54:58,386 [277b5c5e-8c6f-4c9a-a53f-1bbc96404e12@group-569FAC3F8BCE-LeaderElection39] INFO  impl.RaftServerImpl (RaftServerImpl.java:setRole(184)) - 277b5c5e-8c6f-4c9a-a53f-1bbc96404e12@group-569FAC3F8BCE: changes role from CANDIDATE to FOLLOWER at term 21 for DISCOVERED_A_NEW_TERM
2019-10-16 21:54:58,386 [277b5c5e-8c6f-4c9a-a53f-1bbc96404e12@group-569FAC3F8BCE-LeaderElection39] INFO  impl.RoleInfo (RoleInfo.java:shutdownLeaderElection(134)) - 277b5c5e-8c6f-4c9a-a53f-1bbc96404e12: shutdown LeaderElection
2019-10-16 21:54:58,386 [277b5c5e-8c6f-4c9a-a53f-1bbc96404e12@group-569FAC3F8BCE-LeaderElection39] INFO  impl.RoleInfo (RoleInfo.java:updateAndGet(143)) - 277b5c5e-8c6f-4c9a-a53f-1bbc96404e12: start FollowerState
2019-10-16 21:54:58,513 [Thread-458] INFO  impl.FollowerState (FollowerState.java:run(108)) - 277b5c5e-8c6f-4c9a-a53f-1bbc96404e12@group-569FAC3F8BCE-FollowerState: change to CANDIDATE, lastRpcTime:126ms, electionTimeout:126ms
2019-10-16 21:54:58,513 [Thread-458] INFO  impl.RoleInfo (RoleInfo.java:shutdownFollowerState(121)) - 277b5c5e-8c6f-4c9a-a53f-1bbc96404e12: shutdown FollowerState
2019-10-16 21:54:58,513 [Thread-458] INFO  impl.RaftServerImpl (RaftServerImpl.java:setRole(184)) - 277b5c5e-8c6f-4c9a-a53f-1bbc96404e12@group-569FAC3F8BCE: changes role from  FOLLOWER to CANDIDATE at term 21 for changeToCandidate
2019-10-16 21:54:58,513 [Thread-458] INFO  impl.RoleInfo (RoleInfo.java:updateAndGet(143)) - 277b5c5e-8c6f-4c9a-a53f-1bbc96404e12: start LeaderElection
2019-10-16 21:54:58,526 [277b5c5e-8c6f-4c9a-a53f-1bbc96404e12@group-569FAC3F8BCE-LeaderElection40] INFO  impl.LeaderElection (LeaderElection.java:askForVotes(178)) - 277b5c5e-8c6f-4c9a-a53f-1bbc96404e12@group-569FAC3F8BCE-LeaderElection40: begin an election at term 22 for -1: [a32408a4-f19d-4bad-97c5-ba33ae94fc9a:192.168.157.254:38721, 6b24a2ab-97ee-4d49-85cc-2d76c2f4b8ef:192.168.157.254:41080, 277b5c5e-8c6f-4c9a-a53f-1bbc96404e12:192.168.157.254:41416], old=null
2019-10-16 21:54:58,530 [grpc-default-executor-1] INFO  impl.RaftServerImpl (RaftServerImpl.java:setRole(184)) - 6b24a2ab-97ee-4d49-85cc-2d76c2f4b8ef@group-569FAC3F8BCE: changes role from  FOLLOWER to FOLLOWER at term 22 for recognizeCandidate:277b5c5e-8c6f-4c9a-a53f-1bbc96404e12
2019-10-16 21:54:58,530 [grpc-default-executor-0] INFO  impl.RaftServerImpl (RaftServerImpl.java:setRole(184)) - a32408a4-f19d-4bad-97c5-ba33ae94fc9a@group-569FAC3F8BCE: changes role from  FOLLOWER to FOLLOWER at term 22 for recognizeCandidate:277b5c5e-8c6f-4c9a-a53f-1bbc96404e12
2019-10-16 21:54:58,530 [grpc-default-executor-1] INFO  impl.RoleInfo (RoleInfo.java:shutdownFollowerState(121)) - 6b24a2ab-97ee-4d49-85cc-2d76c2f4b8ef: shutdown FollowerState
2019-10-16 21:54:58,530 [grpc-default-executor-0] INFO  impl.RoleInfo (RoleInfo.java:shutdownFollowerState(121)) - a32408a4-f19d-4bad-97c5-ba33ae94fc9a: shutdown FollowerState
2019-10-16 21:54:58,530 [Thread-457] INFO  impl.FollowerState (FollowerState.java:run(117)) - 6b24a2ab-97ee-4d49-85cc-2d76c2f4b8ef@group-569FAC3F8BCE-FollowerState was interrupted: java.lang.InterruptedException: sleep interrupted
2019-10-16 21:54:58,530 [Thread-456] INFO  impl.FollowerState (FollowerState.java:run(117)) - a32408a4-f19d-4bad-97c5-ba33ae94fc9a@group-569FAC3F8BCE-FollowerState was interrupted: java.lang.InterruptedException: sleep interrupted
2019-10-16 21:54:58,530 [grpc-default-executor-0] INFO  impl.RoleInfo (RoleInfo.java:updateAndGet(143)) - a32408a4-f19d-4bad-97c5-ba33ae94fc9a: start FollowerState
2019-10-16 21:54:58,530 [grpc-default-executor-1] INFO  impl.RoleInfo (RoleInfo.java:updateAndGet(143)) - 6b24a2ab-97ee-4d49-85cc-2d76c2f4b8ef: start FollowerState
2019-10-16 21:54:58,559 [Thread-0] INFO  ozone.MiniOzoneClusterImpl (MiniOzoneClusterImpl.java:lambda$waitForClusterToBeReady$2(164)) - Waiting for 1 number of pipelines out of 4, to report a leader.
2019-10-16 21:54:58,564 [277b5c5e-8c6f-4c9a-a53f-1bbc96404e12@group-569FAC3F8BCE-LeaderElection40] INFO  impl.LeaderElection (LeaderElection.java:logAndReturn(56)) - 277b5c5e-8c6f-4c9a-a53f-1bbc96404e12@group-569FAC3F8BCE-LeaderElection40: Election REJECTED; received 2 response(s) [277b5c5e-8c6f-4c9a-a53f-1bbc96404e12<-a32408a4-f19d-4bad-97c5-ba33ae94fc9a#0:FAIL-t22, 277b5c5e-8c6f-4c9a-a53f-1bbc96404e12<-6b24a2ab-97ee-4d49-85cc-2d76c2f4b8ef#0:FAIL-t22] and 0 exception(s); 277b5c5e-8c6f-4c9a-a53f-1bbc96404e12@group-569FAC3F8BCE:t22, leader=null, voted=277b5c5e-8c6f-4c9a-a53f-1bbc96404e12, raftlog=277b5c5e-8c6f-4c9a-a53f-1bbc96404e12@group-569FAC3F8BCE-SegmentedRaftLog:OPENED:c-1,f-1,i0, conf=-1: [a32408a4-f19d-4bad-97c5-ba33ae94fc9a:192.168.157.254:38721, 6b24a2ab-97ee-4d49-85cc-2d76c2f4b8ef:192.168.157.254:41080, 277b5c5e-8c6f-4c9a-a53f-1bbc96404e12:192.168.157.254:41416], old=null
2019-10-16 21:54:58,564 [277b5c5e-8c6f-4c9a-a53f-1bbc96404e12@group-569FAC3F8BCE-LeaderElection40] INFO  impl.RaftServerImpl (RaftServerImpl.java:setRole(184)) - 277b5c5e-8c6f-4c9a-a53f-1bbc96404e12@group-569FAC3F8BCE: changes role from CANDIDATE to FOLLOWER at term 22 for DISCOVERED_A_NEW_TERM
2019-10-16 21:54:58,564 [277b5c5e-8c6f-4c9a-a53f-1bbc96404e12@group-569FAC3F8BCE-LeaderElection40] INFO  impl.RoleInfo (RoleInfo.java:shutdownLeaderElection(134)) - 277b5c5e-8c6f-4c9a-a53f-1bbc96404e12: shutdown LeaderElection
2019-10-16 21:54:58,564 [277b5c5e-8c6f-4c9a-a53f-1bbc96404e12@group-569FAC3F8BCE-LeaderElection40] INFO  impl.RoleInfo (RoleInfo.java:updateAndGet(143)) - 277b5c5e-8c6f-4c9a-a53f-1bbc96404e12: start FollowerState
2019-10-16 21:54:58,679 [Thread-464] INFO  impl.FollowerState (FollowerState.java:run(108)) - 277b5c5e-8c6f-4c9a-a53f-1bbc96404e12@group-569FAC3F8BCE-FollowerState: change to CANDIDATE, lastRpcTime:114ms, electionTimeout:114ms
2019-10-16 21:54:58,679 [Thread-464] INFO  impl.RoleInfo (RoleInfo.java:shutdownFollowerState(121)) - 277b5c5e-8c6f-4c9a-a53f-1bbc96404e12: shutdown FollowerState
2019-10-16 21:54:58,679 [Thread-464] INFO  impl.RaftServerImpl (RaftServerImpl.java:setRole(184)) - 277b5c5e-8c6f-4c9a-a53f-1bbc96404e12@group-569FAC3F8BCE: changes role from  FOLLOWER to CANDIDATE at term 22 for changeToCandidate
2019-10-16 21:54:58,680 [Thread-464] INFO  impl.RoleInfo (RoleInfo.java:updateAndGet(143)) - 277b5c5e-8c6f-4c9a-a53f-1bbc96404e12: start LeaderElection
2019-10-16 21:54:58,686 [277b5c5e-8c6f-4c9a-a53f-1bbc96404e12@group-569FAC3F8BCE-LeaderElection41] INFO  impl.LeaderElection (LeaderElection.java:askForVotes(178)) - 277b5c5e-8c6f-4c9a-a53f-1bbc96404e12@group-569FAC3F8BCE-LeaderElection41: begin an election at term 23 for -1: [a32408a4-f19d-4bad-97c5-ba33ae94fc9a:192.168.157.254:38721, 6b24a2ab-97ee-4d49-85cc-2d76c2f4b8ef:192.168.157.254:41080, 277b5c5e-8c6f-4c9a-a53f-1bbc96404e12:192.168.157.254:41416], old=null
2019-10-16 21:54:58,690 [grpc-default-executor-0] INFO  impl.RaftServerImpl (RaftServerImpl.java:setRole(184)) - 6b24a2ab-97ee-4d49-85cc-2d76c2f4b8ef@group-569FAC3F8BCE: changes role from  FOLLOWER to FOLLOWER at term 23 for recognizeCandidate:277b5c5e-8c6f-4c9a-a53f-1bbc96404e12
2019-10-16 21:54:58,690 [grpc-default-executor-1] INFO  impl.RaftServerImpl (RaftServerImpl.java:setRole(184)) - a32408a4-f19d-4bad-97c5-ba33ae94fc9a@group-569FAC3F8BCE: changes role from  FOLLOWER to FOLLOWER at term 23 for recognizeCandidate:277b5c5e-8c6f-4c9a-a53f-1bbc96404e12
2019-10-16 21:54:58,690 [grpc-default-executor-0] INFO  impl.RoleInfo (RoleInfo.java:shutdownFollowerState(121)) - 6b24a2ab-97ee-4d49-85cc-2d76c2f4b8ef: shutdown FollowerState
2019-10-16 21:54:58,690 [grpc-default-executor-1] INFO  impl.RoleInfo (RoleInfo.java:shutdownFollowerState(121)) - a32408a4-f19d-4bad-97c5-ba33ae94fc9a: shutdown FollowerState
2019-10-16 21:54:58,690 [Thread-462] INFO  impl.FollowerState (FollowerState.java:run(117)) - 6b24a2ab-97ee-4d49-85cc-2d76c2f4b8ef@group-569FAC3F8BCE-FollowerState was interrupted: java.lang.InterruptedException: sleep interrupted
2019-10-16 21:54:58,690 [grpc-default-executor-0] INFO  impl.RoleInfo (RoleInfo.java:updateAndGet(143)) - 6b24a2ab-97ee-4d49-85cc-2d76c2f4b8ef: start FollowerState
2019-10-16 21:54:58,690 [Thread-463] INFO  impl.FollowerState (FollowerState.java:run(117)) - a32408a4-f19d-4bad-97c5-ba33ae94fc9a@group-569FAC3F8BCE-FollowerState was interrupted: java.lang.InterruptedException: sleep interrupted
2019-10-16 21:54:58,690 [grpc-default-executor-1] INFO  impl.RoleInfo (RoleInfo.java:updateAndGet(143)) - a32408a4-f19d-4bad-97c5-ba33ae94fc9a: start FollowerState
2019-10-16 21:54:58,702 [277b5c5e-8c6f-4c9a-a53f-1bbc96404e12@group-569FAC3F8BCE-LeaderElection41] INFO  impl.LeaderElection (LeaderElection.java:logAndReturn(56)) - 277b5c5e-8c6f-4c9a-a53f-1bbc96404e12@group-569FAC3F8BCE-LeaderElection41: Election REJECTED; received 2 response(s) [277b5c5e-8c6f-4c9a-a53f-1bbc96404e12<-a32408a4-f19d-4bad-97c5-ba33ae94fc9a#0:FAIL-t23, 277b5c5e-8c6f-4c9a-a53f-1bbc96404e12<-6b24a2ab-97ee-4d49-85cc-2d76c2f4b8ef#0:FAIL-t23] and 0 exception(s); 277b5c5e-8c6f-4c9a-a53f-1bbc96404e12@group-569FAC3F8BCE:t23, leader=null, voted=277b5c5e-8c6f-4c9a-a53f-1bbc96404e12, raftlog=277b5c5e-8c6f-4c9a-a53f-1bbc96404e12@group-569FAC3F8BCE-SegmentedRaftLog:OPENED:c-1,f-1,i0, conf=-1: [a32408a4-f19d-4bad-97c5-ba33ae94fc9a:192.168.157.254:38721, 6b24a2ab-97ee-4d49-85cc-2d76c2f4b8ef:192.168.157.254:41080, 277b5c5e-8c6f-4c9a-a53f-1bbc96404e12:192.168.157.254:41416], old=null
2019-10-16 21:54:58,702 [277b5c5e-8c6f-4c9a-a53f-1bbc96404e12@group-569FAC3F8BCE-LeaderElection41] INFO  impl.RaftServerImpl (RaftServerImpl.java:setRole(184)) - 277b5c5e-8c6f-4c9a-a53f-1bbc96404e12@group-569FAC3F8BCE: changes role from CANDIDATE to FOLLOWER at term 23 for DISCOVERED_A_NEW_TERM
2019-10-16 21:54:58,702 [277b5c5e-8c6f-4c9a-a53f-1bbc96404e12@group-569FAC3F8BCE-LeaderElection41] INFO  impl.RoleInfo (RoleInfo.java:shutdownLeaderElection(134)) - 277b5c5e-8c6f-4c9a-a53f-1bbc96404e12: shutdown LeaderElection
2019-10-16 21:54:58,702 [277b5c5e-8c6f-4c9a-a53f-1bbc96404e12@group-569FAC3F8BCE-LeaderElection41] INFO  impl.RoleInfo (RoleInfo.java:updateAndGet(143)) - 277b5c5e-8c6f-4c9a-a53f-1bbc96404e12: start FollowerState
2019-10-16 21:54:58,843 [Thread-470] INFO  impl.FollowerState (FollowerState.java:run(108)) - 277b5c5e-8c6f-4c9a-a53f-1bbc96404e12@group-569FAC3F8BCE-FollowerState: change to CANDIDATE, lastRpcTime:140ms, electionTimeout:140ms
2019-10-16 21:54:58,843 [Thread-470] INFO  impl.RoleInfo (RoleInfo.java:shutdownFollowerState(121)) - 277b5c5e-8c6f-4c9a-a53f-1bbc96404e12: shutdown FollowerState
2019-10-16 21:54:58,843 [Thread-470] INFO  impl.RaftServerImpl (RaftServerImpl.java:setRole(184)) - 277b5c5e-8c6f-4c9a-a53f-1bbc96404e12@group-569FAC3F8BCE: changes role from  FOLLOWER to CANDIDATE at term 23 for changeToCandidate
2019-10-16 21:54:58,843 [Thread-470] INFO  impl.RoleInfo (RoleInfo.java:updateAndGet(143)) - 277b5c5e-8c6f-4c9a-a53f-1bbc96404e12: start LeaderElection
2019-10-16 21:54:58,857 [277b5c5e-8c6f-4c9a-a53f-1bbc96404e12@group-569FAC3F8BCE-LeaderElection42] INFO  impl.LeaderElection (LeaderElection.java:askForVotes(178)) - 277b5c5e-8c6f-4c9a-a53f-1bbc96404e12@group-569FAC3F8BCE-LeaderElection42: begin an election at term 24 for -1: [a32408a4-f19d-4bad-97c5-ba33ae94fc9a:192.168.157.254:38721, 6b24a2ab-97ee-4d49-85cc-2d76c2f4b8ef:192.168.157.254:41080, 277b5c5e-8c6f-4c9a-a53f-1bbc96404e12:192.168.157.254:41416], old=null
2019-10-16 21:54:58,861 [grpc-default-executor-0] INFO  impl.RaftServerImpl (RaftServerImpl.java:setRole(184)) - 6b24a2ab-97ee-4d49-85cc-2d76c2f4b8ef@group-569FAC3F8BCE: changes role from  FOLLOWER to FOLLOWER at term 24 for recognizeCandidate:277b5c5e-8c6f-4c9a-a53f-1bbc96404e12
2019-10-16 21:54:58,861 [grpc-default-executor-1] INFO  impl.RaftServerImpl (RaftServerImpl.java:setRole(184)) - a32408a4-f19d-4bad-97c5-ba33ae94fc9a@group-569FAC3F8BCE: changes role from  FOLLOWER to FOLLOWER at term 24 for recognizeCandidate:277b5c5e-8c6f-4c9a-a53f-1bbc96404e12
2019-10-16 21:54:58,861 [grpc-default-executor-0] INFO  impl.RoleInfo (RoleInfo.java:shutdownFollowerState(121)) - 6b24a2ab-97ee-4d49-85cc-2d76c2f4b8ef: shutdown FollowerState
2019-10-16 21:54:58,861 [grpc-default-executor-1] INFO  impl.RoleInfo (RoleInfo.java:shutdownFollowerState(121)) - a32408a4-f19d-4bad-97c5-ba33ae94fc9a: shutdown FollowerState
2019-10-16 21:54:58,861 [Thread-468] INFO  impl.FollowerState (FollowerState.java:run(117)) - 6b24a2ab-97ee-4d49-85cc-2d76c2f4b8ef@group-569FAC3F8BCE-FollowerState was interrupted: java.lang.InterruptedException: sleep interrupted
2019-10-16 21:54:58,862 [Thread-469] INFO  impl.FollowerState (FollowerState.java:run(117)) - a32408a4-f19d-4bad-97c5-ba33ae94fc9a@group-569FAC3F8BCE-FollowerState was interrupted: java.lang.InterruptedException: sleep interrupted
2019-10-16 21:54:58,861 [grpc-default-executor-0] INFO  impl.RoleInfo (RoleInfo.java:updateAndGet(143)) - 6b24a2ab-97ee-4d49-85cc-2d76c2f4b8ef: start FollowerState
2019-10-16 21:54:58,862 [grpc-default-executor-1] INFO  impl.RoleInfo (RoleInfo.java:updateAndGet(143)) - a32408a4-f19d-4bad-97c5-ba33ae94fc9a: start FollowerState
2019-10-16 21:54:58,878 [277b5c5e-8c6f-4c9a-a53f-1bbc96404e12@group-569FAC3F8BCE-LeaderElection42] INFO  impl.LeaderElection (LeaderElection.java:logAndReturn(56)) - 277b5c5e-8c6f-4c9a-a53f-1bbc96404e12@group-569FAC3F8BCE-LeaderElection42: Election REJECTED; received 2 response(s) [277b5c5e-8c6f-4c9a-a53f-1bbc96404e12<-6b24a2ab-97ee-4d49-85cc-2d76c2f4b8ef#0:FAIL-t24, 277b5c5e-8c6f-4c9a-a53f-1bbc96404e12<-a32408a4-f19d-4bad-97c5-ba33ae94fc9a#0:FAIL-t24] and 0 exception(s); 277b5c5e-8c6f-4c9a-a53f-1bbc96404e12@group-569FAC3F8BCE:t24, leader=null, voted=277b5c5e-8c6f-4c9a-a53f-1bbc96404e12, raftlog=277b5c5e-8c6f-4c9a-a53f-1bbc96404e12@group-569FAC3F8BCE-SegmentedRaftLog:OPENED:c-1,f-1,i0, conf=-1: [a32408a4-f19d-4bad-97c5-ba33ae94fc9a:192.168.157.254:38721, 6b24a2ab-97ee-4d49-85cc-2d76c2f4b8ef:192.168.157.254:41080, 277b5c5e-8c6f-4c9a-a53f-1bbc96404e12:192.168.157.254:41416], old=null
2019-10-16 21:54:58,879 [277b5c5e-8c6f-4c9a-a53f-1bbc96404e12@group-569FAC3F8BCE-LeaderElection42] INFO  impl.RaftServerImpl (RaftServerImpl.java:setRole(184)) - 277b5c5e-8c6f-4c9a-a53f-1bbc96404e12@group-569FAC3F8BCE: changes role from CANDIDATE to FOLLOWER at term 24 for DISCOVERED_A_NEW_TERM
2019-10-16 21:54:58,879 [277b5c5e-8c6f-4c9a-a53f-1bbc96404e12@group-569FAC3F8BCE-LeaderElection42] INFO  impl.RoleInfo (RoleInfo.java:shutdownLeaderElection(134)) - 277b5c5e-8c6f-4c9a-a53f-1bbc96404e12: shutdown LeaderElection
2019-10-16 21:54:58,879 [277b5c5e-8c6f-4c9a-a53f-1bbc96404e12@group-569FAC3F8BCE-LeaderElection42] INFO  impl.RoleInfo (RoleInfo.java:updateAndGet(143)) - 277b5c5e-8c6f-4c9a-a53f-1bbc96404e12: start FollowerState
2019-10-16 21:54:58,941 [Thread-476] INFO  impl.FollowerState (FollowerState.java:run(108)) - 277b5c5e-8c6f-4c9a-a53f-1bbc96404e12@group-569FAC3F8BCE-FollowerState: change to CANDIDATE, lastRpcTime:61ms, electionTimeout:61ms
2019-10-16 21:54:58,941 [Thread-476] INFO  impl.RoleInfo (RoleInfo.java:shutdownFollowerState(121)) - 277b5c5e-8c6f-4c9a-a53f-1bbc96404e12: shutdown FollowerState
2019-10-16 21:54:58,941 [Thread-476] INFO  impl.RaftServerImpl (RaftServerImpl.java:setRole(184)) - 277b5c5e-8c6f-4c9a-a53f-1bbc96404e12@group-569FAC3F8BCE: changes role from  FOLLOWER to CANDIDATE at term 24 for changeToCandidate
2019-10-16 21:54:58,941 [Thread-476] INFO  impl.RoleInfo (RoleInfo.java:updateAndGet(143)) - 277b5c5e-8c6f-4c9a-a53f-1bbc96404e12: start LeaderElection
2019-10-16 21:54:58,953 [277b5c5e-8c6f-4c9a-a53f-1bbc96404e12@group-569FAC3F8BCE-LeaderElection43] INFO  impl.LeaderElection (LeaderElection.java:askForVotes(178)) - 277b5c5e-8c6f-4c9a-a53f-1bbc96404e12@group-569FAC3F8BCE-LeaderElection43: begin an election at term 25 for -1: [a32408a4-f19d-4bad-97c5-ba33ae94fc9a:192.168.157.254:38721, 6b24a2ab-97ee-4d49-85cc-2d76c2f4b8ef:192.168.157.254:41080, 277b5c5e-8c6f-4c9a-a53f-1bbc96404e12:192.168.157.254:41416], old=null
2019-10-16 21:54:58,956 [grpc-default-executor-1] INFO  impl.RaftServerImpl (RaftServerImpl.java:setRole(184)) - a32408a4-f19d-4bad-97c5-ba33ae94fc9a@group-569FAC3F8BCE: changes role from  FOLLOWER to FOLLOWER at term 25 for recognizeCandidate:277b5c5e-8c6f-4c9a-a53f-1bbc96404e12
2019-10-16 21:54:58,956 [grpc-default-executor-0] INFO  impl.RaftServerImpl (RaftServerImpl.java:setRole(184)) - 6b24a2ab-97ee-4d49-85cc-2d76c2f4b8ef@group-569FAC3F8BCE: changes role from  FOLLOWER to FOLLOWER at term 25 for recognizeCandidate:277b5c5e-8c6f-4c9a-a53f-1bbc96404e12
2019-10-16 21:54:58,957 [grpc-default-executor-1] INFO  impl.RoleInfo (RoleInfo.java:shutdownFollowerState(121)) - a32408a4-f19d-4bad-97c5-ba33ae94fc9a: shutdown FollowerState
2019-10-16 21:54:58,957 [grpc-default-executor-0] INFO  impl.RoleInfo (RoleInfo.java:shutdownFollowerState(121)) - 6b24a2ab-97ee-4d49-85cc-2d76c2f4b8ef: shutdown FollowerState
2019-10-16 21:54:58,957 [Thread-475] INFO  impl.FollowerState (FollowerState.java:run(117)) - a32408a4-f19d-4bad-97c5-ba33ae94fc9a@group-569FAC3F8BCE-FollowerState was interrupted: java.lang.InterruptedException: sleep interrupted
2019-10-16 21:54:58,957 [grpc-default-executor-1] INFO  impl.RoleInfo (RoleInfo.java:updateAndGet(143)) - a32408a4-f19d-4bad-97c5-ba33ae94fc9a: start FollowerState
2019-10-16 21:54:58,957 [Thread-474] INFO  impl.FollowerState (FollowerState.java:run(117)) - 6b24a2ab-97ee-4d49-85cc-2d76c2f4b8ef@group-569FAC3F8BCE-FollowerState was interrupted: java.lang.InterruptedException: sleep interrupted
2019-10-16 21:54:58,957 [grpc-default-executor-0] INFO  impl.RoleInfo (RoleInfo.java:updateAndGet(143)) - 6b24a2ab-97ee-4d49-85cc-2d76c2f4b8ef: start FollowerState
2019-10-16 21:54:58,972 [277b5c5e-8c6f-4c9a-a53f-1bbc96404e12@group-569FAC3F8BCE-LeaderElection43] INFO  impl.LeaderElection (LeaderElection.java:logAndReturn(56)) - 277b5c5e-8c6f-4c9a-a53f-1bbc96404e12@group-569FAC3F8BCE-LeaderElection43: Election REJECTED; received 2 response(s) [277b5c5e-8c6f-4c9a-a53f-1bbc96404e12<-a32408a4-f19d-4bad-97c5-ba33ae94fc9a#0:FAIL-t25, 277b5c5e-8c6f-4c9a-a53f-1bbc96404e12<-6b24a2ab-97ee-4d49-85cc-2d76c2f4b8ef#0:FAIL-t25] and 0 exception(s); 277b5c5e-8c6f-4c9a-a53f-1bbc96404e12@group-569FAC3F8BCE:t25, leader=null, voted=277b5c5e-8c6f-4c9a-a53f-1bbc96404e12, raftlog=277b5c5e-8c6f-4c9a-a53f-1bbc96404e12@group-569FAC3F8BCE-SegmentedRaftLog:OPENED:c-1,f-1,i0, conf=-1: [a32408a4-f19d-4bad-97c5-ba33ae94fc9a:192.168.157.254:38721, 6b24a2ab-97ee-4d49-85cc-2d76c2f4b8ef:192.168.157.254:41080, 277b5c5e-8c6f-4c9a-a53f-1bbc96404e12:192.168.157.254:41416], old=null
2019-10-16 21:54:58,972 [277b5c5e-8c6f-4c9a-a53f-1bbc96404e12@group-569FAC3F8BCE-LeaderElection43] INFO  impl.RaftServerImpl (RaftServerImpl.java:setRole(184)) - 277b5c5e-8c6f-4c9a-a53f-1bbc96404e12@group-569FAC3F8BCE: changes role from CANDIDATE to FOLLOWER at term 25 for DISCOVERED_A_NEW_TERM
2019-10-16 21:54:58,973 [277b5c5e-8c6f-4c9a-a53f-1bbc96404e12@group-569FAC3F8BCE-LeaderElection43] INFO  impl.RoleInfo (RoleInfo.java:shutdownLeaderElection(134)) - 277b5c5e-8c6f-4c9a-a53f-1bbc96404e12: shutdown LeaderElection
2019-10-16 21:54:58,973 [277b5c5e-8c6f-4c9a-a53f-1bbc96404e12@group-569FAC3F8BCE-LeaderElection43] INFO  impl.RoleInfo (RoleInfo.java:updateAndGet(143)) - 277b5c5e-8c6f-4c9a-a53f-1bbc96404e12: start FollowerState
2019-10-16 21:54:59,109 [Thread-482] INFO  impl.FollowerState (FollowerState.java:run(108)) - 277b5c5e-8c6f-4c9a-a53f-1bbc96404e12@group-569FAC3F8BCE-FollowerState: change to CANDIDATE, lastRpcTime:136ms, electionTimeout:136ms
2019-10-16 21:54:59,109 [Thread-482] INFO  impl.RoleInfo (RoleInfo.java:shutdownFollowerState(121)) - 277b5c5e-8c6f-4c9a-a53f-1bbc96404e12: shutdown FollowerState
2019-10-16 21:54:59,109 [Thread-482] INFO  impl.RaftServerImpl (RaftServerImpl.java:setRole(184)) - 277b5c5e-8c6f-4c9a-a53f-1bbc96404e12@group-569FAC3F8BCE: changes role from  FOLLOWER to CANDIDATE at term 25 for changeToCandidate
2019-10-16 21:54:59,110 [Thread-482] INFO  impl.RoleInfo (RoleInfo.java:updateAndGet(143)) - 277b5c5e-8c6f-4c9a-a53f-1bbc96404e12: start LeaderElection
2019-10-16 21:54:59,136 [277b5c5e-8c6f-4c9a-a53f-1bbc96404e12@group-569FAC3F8BCE-LeaderElection44] INFO  impl.LeaderElection (LeaderElection.java:askForVotes(178)) - 277b5c5e-8c6f-4c9a-a53f-1bbc96404e12@group-569FAC3F8BCE-LeaderElection44: begin an election at term 26 for -1: [a32408a4-f19d-4bad-97c5-ba33ae94fc9a:192.168.157.254:38721, 6b24a2ab-97ee-4d49-85cc-2d76c2f4b8ef:192.168.157.254:41080, 277b5c5e-8c6f-4c9a-a53f-1bbc96404e12:192.168.157.254:41416], old=null
2019-10-16 21:54:59,140 [grpc-default-executor-0] INFO  impl.RaftServerImpl (RaftServerImpl.java:setRole(184)) - a32408a4-f19d-4bad-97c5-ba33ae94fc9a@group-569FAC3F8BCE: changes role from  FOLLOWER to FOLLOWER at term 26 for recognizeCandidate:277b5c5e-8c6f-4c9a-a53f-1bbc96404e12
2019-10-16 21:54:59,140 [grpc-default-executor-1] INFO  impl.RaftServerImpl (RaftServerImpl.java:setRole(184)) - 6b24a2ab-97ee-4d49-85cc-2d76c2f4b8ef@group-569FAC3F8BCE: changes role from  FOLLOWER to FOLLOWER at term 26 for recognizeCandidate:277b5c5e-8c6f-4c9a-a53f-1bbc96404e12
2019-10-16 21:54:59,140 [grpc-default-executor-0] INFO  impl.RoleInfo (RoleInfo.java:shutdownFollowerState(121)) - a32408a4-f19d-4bad-97c5-ba33ae94fc9a: shutdown FollowerState
2019-10-16 21:54:59,140 [grpc-default-executor-1] INFO  impl.RoleInfo (RoleInfo.java:shutdownFollowerState(121)) - 6b24a2ab-97ee-4d49-85cc-2d76c2f4b8ef: shutdown FollowerState
2019-10-16 21:54:59,140 [Thread-480] INFO  impl.FollowerState (FollowerState.java:run(117)) - a32408a4-f19d-4bad-97c5-ba33ae94fc9a@group-569FAC3F8BCE-FollowerState was interrupted: java.lang.InterruptedException: sleep interrupted
2019-10-16 21:54:59,140 [grpc-default-executor-0] INFO  impl.RoleInfo (RoleInfo.java:updateAndGet(143)) - a32408a4-f19d-4bad-97c5-ba33ae94fc9a: start FollowerState
2019-10-16 21:54:59,140 [Thread-481] INFO  impl.FollowerState (FollowerState.java:run(117)) - 6b24a2ab-97ee-4d49-85cc-2d76c2f4b8ef@group-569FAC3F8BCE-FollowerState was interrupted: java.lang.InterruptedException: sleep interrupted
2019-10-16 21:54:59,140 [grpc-default-executor-1] INFO  impl.RoleInfo (RoleInfo.java:updateAndGet(143)) - 6b24a2ab-97ee-4d49-85cc-2d76c2f4b8ef: start FollowerState
2019-10-16 21:54:59,156 [277b5c5e-8c6f-4c9a-a53f-1bbc96404e12@group-569FAC3F8BCE-LeaderElection44] INFO  impl.LeaderElection (LeaderElection.java:logAndReturn(56)) - 277b5c5e-8c6f-4c9a-a53f-1bbc96404e12@group-569FAC3F8BCE-LeaderElection44: Election REJECTED; received 2 response(s) [277b5c5e-8c6f-4c9a-a53f-1bbc96404e12<-6b24a2ab-97ee-4d49-85cc-2d76c2f4b8ef#0:FAIL-t26, 277b5c5e-8c6f-4c9a-a53f-1bbc96404e12<-a32408a4-f19d-4bad-97c5-ba33ae94fc9a#0:FAIL-t26] and 0 exception(s); 277b5c5e-8c6f-4c9a-a53f-1bbc96404e12@group-569FAC3F8BCE:t26, leader=null, voted=277b5c5e-8c6f-4c9a-a53f-1bbc96404e12, raftlog=277b5c5e-8c6f-4c9a-a53f-1bbc96404e12@group-569FAC3F8BCE-SegmentedRaftLog:OPENED:c-1,f-1,i0, conf=-1: [a32408a4-f19d-4bad-97c5-ba33ae94fc9a:192.168.157.254:38721, 6b24a2ab-97ee-4d49-85cc-2d76c2f4b8ef:192.168.157.254:41080, 277b5c5e-8c6f-4c9a-a53f-1bbc96404e12:192.168.157.254:41416], old=null
2019-10-16 21:54:59,156 [277b5c5e-8c6f-4c9a-a53f-1bbc96404e12@group-569FAC3F8BCE-LeaderElection44] INFO  impl.RaftServerImpl (RaftServerImpl.java:setRole(184)) - 277b5c5e-8c6f-4c9a-a53f-1bbc96404e12@group-569FAC3F8BCE: changes role from CANDIDATE to FOLLOWER at term 26 for DISCOVERED_A_NEW_TERM
2019-10-16 21:54:59,156 [277b5c5e-8c6f-4c9a-a53f-1bbc96404e12@group-569FAC3F8BCE-LeaderElection44] INFO  impl.RoleInfo (RoleInfo.java:shutdownLeaderElection(134)) - 277b5c5e-8c6f-4c9a-a53f-1bbc96404e12: shutdown LeaderElection
2019-10-16 21:54:59,156 [277b5c5e-8c6f-4c9a-a53f-1bbc96404e12@group-569FAC3F8BCE-LeaderElection44] INFO  impl.RoleInfo (RoleInfo.java:updateAndGet(143)) - 277b5c5e-8c6f-4c9a-a53f-1bbc96404e12: start FollowerState
2019-10-16 21:54:59,167 [Thread-488] INFO  impl.FollowerState (FollowerState.java:run(108)) - 277b5c5e-8c6f-4c9a-a53f-1bbc96404e12@group-569FAC3F8BCE-FollowerState: change to CANDIDATE, lastRpcTime:10ms, electionTimeout:10ms
2019-10-16 21:54:59,167 [Thread-488] INFO  impl.RoleInfo (RoleInfo.java:shutdownFollowerState(121)) - 277b5c5e-8c6f-4c9a-a53f-1bbc96404e12: shutdown FollowerState
2019-10-16 21:54:59,167 [Thread-488] INFO  impl.RaftServerImpl (RaftServerImpl.java:setRole(184)) - 277b5c5e-8c6f-4c9a-a53f-1bbc96404e12@group-569FAC3F8BCE: changes role from  FOLLOWER to CANDIDATE at term 26 for changeToCandidate
2019-10-16 21:54:59,167 [Thread-488] INFO  impl.RoleInfo (RoleInfo.java:updateAndGet(143)) - 277b5c5e-8c6f-4c9a-a53f-1bbc96404e12: start LeaderElection
2019-10-16 21:54:59,181 [277b5c5e-8c6f-4c9a-a53f-1bbc96404e12@group-569FAC3F8BCE-LeaderElection45] INFO  impl.LeaderElection (LeaderElection.java:askForVotes(178)) - 277b5c5e-8c6f-4c9a-a53f-1bbc96404e12@group-569FAC3F8BCE-LeaderElection45: begin an election at term 27 for -1: [a32408a4-f19d-4bad-97c5-ba33ae94fc9a:192.168.157.254:38721, 6b24a2ab-97ee-4d49-85cc-2d76c2f4b8ef:192.168.157.254:41080, 277b5c5e-8c6f-4c9a-a53f-1bbc96404e12:192.168.157.254:41416], old=null
2019-10-16 21:54:59,184 [grpc-default-executor-1] INFO  impl.RaftServerImpl (RaftServerImpl.java:setRole(184)) - 6b24a2ab-97ee-4d49-85cc-2d76c2f4b8ef@group-569FAC3F8BCE: changes role from  FOLLOWER to FOLLOWER at term 27 for recognizeCandidate:277b5c5e-8c6f-4c9a-a53f-1bbc96404e12
2019-10-16 21:54:59,184 [grpc-default-executor-0] INFO  impl.RaftServerImpl (RaftServerImpl.java:setRole(184)) - a32408a4-f19d-4bad-97c5-ba33ae94fc9a@group-569FAC3F8BCE: changes role from  FOLLOWER to FOLLOWER at term 27 for recognizeCandidate:277b5c5e-8c6f-4c9a-a53f-1bbc96404e12
2019-10-16 21:54:59,184 [grpc-default-executor-1] INFO  impl.RoleInfo (RoleInfo.java:shutdownFollowerState(121)) - 6b24a2ab-97ee-4d49-85cc-2d76c2f4b8ef: shutdown FollowerState
2019-10-16 21:54:59,184 [grpc-default-executor-0] INFO  impl.RoleInfo (RoleInfo.java:shutdownFollowerState(121)) - a32408a4-f19d-4bad-97c5-ba33ae94fc9a: shutdown FollowerState
2019-10-16 21:54:59,185 [Thread-487] INFO  impl.FollowerState (FollowerState.java:run(117)) - 6b24a2ab-97ee-4d49-85cc-2d76c2f4b8ef@group-569FAC3F8BCE-FollowerState was interrupted: java.lang.InterruptedException: sleep interrupted
2019-10-16 21:54:59,185 [grpc-default-executor-1] INFO  impl.RoleInfo (RoleInfo.java:updateAndGet(143)) - 6b24a2ab-97ee-4d49-85cc-2d76c2f4b8ef: start FollowerState
2019-10-16 21:54:59,185 [grpc-default-executor-0] INFO  impl.RoleInfo (RoleInfo.java:updateAndGet(143)) - a32408a4-f19d-4bad-97c5-ba33ae94fc9a: start FollowerState
2019-10-16 21:54:59,185 [Thread-486] INFO  impl.FollowerState (FollowerState.java:run(117)) - a32408a4-f19d-4bad-97c5-ba33ae94fc9a@group-569FAC3F8BCE-FollowerState was interrupted: java.lang.InterruptedException: sleep interrupted
2019-10-16 21:54:59,211 [277b5c5e-8c6f-4c9a-a53f-1bbc96404e12@group-569FAC3F8BCE-LeaderElection45] INFO  impl.LeaderElection (LeaderElection.java:logAndReturn(56)) - 277b5c5e-8c6f-4c9a-a53f-1bbc96404e12@group-569FAC3F8BCE-LeaderElection45: Election REJECTED; received 2 response(s) [277b5c5e-8c6f-4c9a-a53f-1bbc96404e12<-a32408a4-f19d-4bad-97c5-ba33ae94fc9a#0:FAIL-t27, 277b5c5e-8c6f-4c9a-a53f-1bbc96404e12<-6b24a2ab-97ee-4d49-85cc-2d76c2f4b8ef#0:FAIL-t27] and 0 exception(s); 277b5c5e-8c6f-4c9a-a53f-1bbc96404e12@group-569FAC3F8BCE:t27, leader=null, voted=277b5c5e-8c6f-4c9a-a53f-1bbc96404e12, raftlog=277b5c5e-8c6f-4c9a-a53f-1bbc96404e12@group-569FAC3F8BCE-SegmentedRaftLog:OPENED:c-1,f-1,i0, conf=-1: [a32408a4-f19d-4bad-97c5-ba33ae94fc9a:192.168.157.254:38721, 6b24a2ab-97ee-4d49-85cc-2d76c2f4b8ef:192.168.157.254:41080, 277b5c5e-8c6f-4c9a-a53f-1bbc96404e12:192.168.157.254:41416], old=null
2019-10-16 21:54:59,211 [277b5c5e-8c6f-4c9a-a53f-1bbc96404e12@group-569FAC3F8BCE-LeaderElection45] INFO  impl.RaftServerImpl (RaftServerImpl.java:setRole(184)) - 277b5c5e-8c6f-4c9a-a53f-1bbc96404e12@group-569FAC3F8BCE: changes role from CANDIDATE to FOLLOWER at term 27 for DISCOVERED_A_NEW_TERM
2019-10-16 21:54:59,211 [277b5c5e-8c6f-4c9a-a53f-1bbc96404e12@group-569FAC3F8BCE-LeaderElection45] INFO  impl.RoleInfo (RoleInfo.java:shutdownLeaderElection(134)) - 277b5c5e-8c6f-4c9a-a53f-1bbc96404e12: shutdown LeaderElection
2019-10-16 21:54:59,211 [277b5c5e-8c6f-4c9a-a53f-1bbc96404e12@group-569FAC3F8BCE-LeaderElection45] INFO  impl.RoleInfo (RoleInfo.java:updateAndGet(143)) - 277b5c5e-8c6f-4c9a-a53f-1bbc96404e12: start FollowerState
2019-10-16 21:54:59,393 [Thread-494] INFO  impl.FollowerState (FollowerState.java:run(108)) - 277b5c5e-8c6f-4c9a-a53f-1bbc96404e12@group-569FAC3F8BCE-FollowerState: change to CANDIDATE, lastRpcTime:181ms, electionTimeout:181ms
2019-10-16 21:54:59,393 [Thread-494] INFO  impl.RoleInfo (RoleInfo.java:shutdownFollowerState(121)) - 277b5c5e-8c6f-4c9a-a53f-1bbc96404e12: shutdown FollowerState
2019-10-16 21:54:59,393 [Thread-494] INFO  impl.RaftServerImpl (RaftServerImpl.java:setRole(184)) - 277b5c5e-8c6f-4c9a-a53f-1bbc96404e12@group-569FAC3F8BCE: changes role from  FOLLOWER to CANDIDATE at term 27 for changeToCandidate
2019-10-16 21:54:59,393 [Thread-494] INFO  impl.RoleInfo (RoleInfo.java:updateAndGet(143)) - 277b5c5e-8c6f-4c9a-a53f-1bbc96404e12: start LeaderElection
2019-10-16 21:54:59,409 [277b5c5e-8c6f-4c9a-a53f-1bbc96404e12@group-569FAC3F8BCE-LeaderElection46] INFO  impl.LeaderElection (LeaderElection.java:askForVotes(178)) - 277b5c5e-8c6f-4c9a-a53f-1bbc96404e12@group-569FAC3F8BCE-LeaderElection46: begin an election at term 28 for -1: [a32408a4-f19d-4bad-97c5-ba33ae94fc9a:192.168.157.254:38721, 6b24a2ab-97ee-4d49-85cc-2d76c2f4b8ef:192.168.157.254:41080, 277b5c5e-8c6f-4c9a-a53f-1bbc96404e12:192.168.157.254:41416], old=null
2019-10-16 21:54:59,412 [grpc-default-executor-0] INFO  impl.RaftServerImpl (RaftServerImpl.java:setRole(184)) - a32408a4-f19d-4bad-97c5-ba33ae94fc9a@group-569FAC3F8BCE: changes role from  FOLLOWER to FOLLOWER at term 28 for recognizeCandidate:277b5c5e-8c6f-4c9a-a53f-1bbc96404e12
2019-10-16 21:54:59,412 [grpc-default-executor-1] INFO  impl.RaftServerImpl (RaftServerImpl.java:setRole(184)) - 6b24a2ab-97ee-4d49-85cc-2d76c2f4b8ef@group-569FAC3F8BCE: changes role from  FOLLOWER to FOLLOWER at term 28 for recognizeCandidate:277b5c5e-8c6f-4c9a-a53f-1bbc96404e12
2019-10-16 21:54:59,412 [grpc-default-executor-0] INFO  impl.RoleInfo (RoleInfo.java:shutdownFollowerState(121)) - a32408a4-f19d-4bad-97c5-ba33ae94fc9a: shutdown FollowerState
2019-10-16 21:54:59,413 [grpc-default-executor-1] INFO  impl.RoleInfo (RoleInfo.java:shutdownFollowerState(121)) - 6b24a2ab-97ee-4d49-85cc-2d76c2f4b8ef: shutdown FollowerState
2019-10-16 21:54:59,413 [Thread-493] INFO  impl.FollowerState (FollowerState.java:run(117)) - a32408a4-f19d-4bad-97c5-ba33ae94fc9a@group-569FAC3F8BCE-FollowerState was interrupted: java.lang.InterruptedException: sleep interrupted
2019-10-16 21:54:59,413 [grpc-default-executor-0] INFO  impl.RoleInfo (RoleInfo.java:updateAndGet(143)) - a32408a4-f19d-4bad-97c5-ba33ae94fc9a: start FollowerState
2019-10-16 21:54:59,413 [grpc-default-executor-1] INFO  impl.RoleInfo (RoleInfo.java:updateAndGet(143)) - 6b24a2ab-97ee-4d49-85cc-2d76c2f4b8ef: start FollowerState
2019-10-16 21:54:59,413 [Thread-492] INFO  impl.FollowerState (FollowerState.java:run(117)) - 6b24a2ab-97ee-4d49-85cc-2d76c2f4b8ef@group-569FAC3F8BCE-FollowerState was interrupted: java.lang.InterruptedException: sleep interrupted
2019-10-16 21:54:59,429 [277b5c5e-8c6f-4c9a-a53f-1bbc96404e12@group-569FAC3F8BCE-LeaderElection46] INFO  impl.LeaderElection (LeaderElection.java:logAndReturn(56)) - 277b5c5e-8c6f-4c9a-a53f-1bbc96404e12@group-569FAC3F8BCE-LeaderElection46: Election REJECTED; received 2 response(s) [277b5c5e-8c6f-4c9a-a53f-1bbc96404e12<-a32408a4-f19d-4bad-97c5-ba33ae94fc9a#0:FAIL-t28, 277b5c5e-8c6f-4c9a-a53f-1bbc96404e12<-6b24a2ab-97ee-4d49-85cc-2d76c2f4b8ef#0:FAIL-t28] and 0 exception(s); 277b5c5e-8c6f-4c9a-a53f-1bbc96404e12@group-569FAC3F8BCE:t28, leader=null, voted=277b5c5e-8c6f-4c9a-a53f-1bbc96404e12, raftlog=277b5c5e-8c6f-4c9a-a53f-1bbc96404e12@group-569FAC3F8BCE-SegmentedRaftLog:OPENED:c-1,f-1,i0, conf=-1: [a32408a4-f19d-4bad-97c5-ba33ae94fc9a:192.168.157.254:38721, 6b24a2ab-97ee-4d49-85cc-2d76c2f4b8ef:192.168.157.254:41080, 277b5c5e-8c6f-4c9a-a53f-1bbc96404e12:192.168.157.254:41416], old=null
2019-10-16 21:54:59,429 [277b5c5e-8c6f-4c9a-a53f-1bbc96404e12@group-569FAC3F8BCE-LeaderElection46] INFO  impl.RaftServerImpl (RaftServerImpl.java:setRole(184)) - 277b5c5e-8c6f-4c9a-a53f-1bbc96404e12@group-569FAC3F8BCE: changes role from CANDIDATE to FOLLOWER at term 28 for DISCOVERED_A_NEW_TERM
2019-10-16 21:54:59,429 [277b5c5e-8c6f-4c9a-a53f-1bbc96404e12@group-569FAC3F8BCE-LeaderElection46] INFO  impl.RoleInfo (RoleInfo.java:shutdownLeaderElection(134)) - 277b5c5e-8c6f-4c9a-a53f-1bbc96404e12: shutdown LeaderElection
2019-10-16 21:54:59,429 [277b5c5e-8c6f-4c9a-a53f-1bbc96404e12@group-569FAC3F8BCE-LeaderElection46] INFO  impl.RoleInfo (RoleInfo.java:updateAndGet(143)) - 277b5c5e-8c6f-4c9a-a53f-1bbc96404e12: start FollowerState
2019-10-16 21:54:59,515 [Thread-500] INFO  impl.FollowerState (FollowerState.java:run(108)) - 277b5c5e-8c6f-4c9a-a53f-1bbc96404e12@group-569FAC3F8BCE-FollowerState: change to CANDIDATE, lastRpcTime:86ms, electionTimeout:86ms
2019-10-16 21:54:59,516 [Thread-500] INFO  impl.RoleInfo (RoleInfo.java:shutdownFollowerState(121)) - 277b5c5e-8c6f-4c9a-a53f-1bbc96404e12: shutdown FollowerState
2019-10-16 21:54:59,516 [Thread-500] INFO  impl.RaftServerImpl (RaftServerImpl.java:setRole(184)) - 277b5c5e-8c6f-4c9a-a53f-1bbc96404e12@group-569FAC3F8BCE: changes role from  FOLLOWER to CANDIDATE at term 28 for changeToCandidate
2019-10-16 21:54:59,516 [Thread-500] INFO  impl.RoleInfo (RoleInfo.java:updateAndGet(143)) - 277b5c5e-8c6f-4c9a-a53f-1bbc96404e12: start LeaderElection
2019-10-16 21:54:59,531 [277b5c5e-8c6f-4c9a-a53f-1bbc96404e12@group-569FAC3F8BCE-LeaderElection47] INFO  impl.LeaderElection (LeaderElection.java:askForVotes(178)) - 277b5c5e-8c6f-4c9a-a53f-1bbc96404e12@group-569FAC3F8BCE-LeaderElection47: begin an election at term 29 for -1: [a32408a4-f19d-4bad-97c5-ba33ae94fc9a:192.168.157.254:38721, 6b24a2ab-97ee-4d49-85cc-2d76c2f4b8ef:192.168.157.254:41080, 277b5c5e-8c6f-4c9a-a53f-1bbc96404e12:192.168.157.254:41416], old=null
2019-10-16 21:54:59,534 [grpc-default-executor-0] INFO  impl.RaftServerImpl (RaftServerImpl.java:setRole(184)) - 6b24a2ab-97ee-4d49-85cc-2d76c2f4b8ef@group-569FAC3F8BCE: changes role from  FOLLOWER to FOLLOWER at term 29 for recognizeCandidate:277b5c5e-8c6f-4c9a-a53f-1bbc96404e12
2019-10-16 21:54:59,534 [grpc-default-executor-0] INFO  impl.RoleInfo (RoleInfo.java:shutdownFollowerState(121)) - 6b24a2ab-97ee-4d49-85cc-2d76c2f4b8ef: shutdown FollowerState
2019-10-16 21:54:59,534 [grpc-default-executor-1] INFO  impl.RaftServerImpl (RaftServerImpl.java:setRole(184)) - a32408a4-f19d-4bad-97c5-ba33ae94fc9a@group-569FAC3F8BCE: changes role from  FOLLOWER to FOLLOWER at term 29 for recognizeCandidate:277b5c5e-8c6f-4c9a-a53f-1bbc96404e12
2019-10-16 21:54:59,534 [Thread-499] INFO  impl.FollowerState (FollowerState.java:run(117)) - 6b24a2ab-97ee-4d49-85cc-2d76c2f4b8ef@group-569FAC3F8BCE-FollowerState was interrupted: java.lang.InterruptedException: sleep interrupted
2019-10-16 21:54:59,534 [grpc-default-executor-0] INFO  impl.RoleInfo (RoleInfo.java:updateAndGet(143)) - 6b24a2ab-97ee-4d49-85cc-2d76c2f4b8ef: start FollowerState
2019-10-16 21:54:59,535 [grpc-default-executor-1] INFO  impl.RoleInfo (RoleInfo.java:shutdownFollowerState(121)) - a32408a4-f19d-4bad-97c5-ba33ae94fc9a: shutdown FollowerState
2019-10-16 21:54:59,535 [grpc-default-executor-1] INFO  impl.RoleInfo (RoleInfo.java:updateAndGet(143)) - a32408a4-f19d-4bad-97c5-ba33ae94fc9a: start FollowerState
2019-10-16 21:54:59,535 [Thread-498] INFO  impl.FollowerState (FollowerState.java:run(117)) - a32408a4-f19d-4bad-97c5-ba33ae94fc9a@group-569FAC3F8BCE-FollowerState was interrupted: java.lang.InterruptedException: sleep interrupted
2019-10-16 21:54:59,553 [277b5c5e-8c6f-4c9a-a53f-1bbc96404e12@group-569FAC3F8BCE-LeaderElection47] INFO  impl.LeaderElection (LeaderElection.java:logAndReturn(56)) - 277b5c5e-8c6f-4c9a-a53f-1bbc96404e12@group-569FAC3F8BCE-LeaderElection47: Election REJECTED; received 2 response(s) [277b5c5e-8c6f-4c9a-a53f-1bbc96404e12<-6b24a2ab-97ee-4d49-85cc-2d76c2f4b8ef#0:FAIL-t29, 277b5c5e-8c6f-4c9a-a53f-1bbc96404e12<-a32408a4-f19d-4bad-97c5-ba33ae94fc9a#0:FAIL-t29] and 0 exception(s); 277b5c5e-8c6f-4c9a-a53f-1bbc96404e12@group-569FAC3F8BCE:t29, leader=null, voted=277b5c5e-8c6f-4c9a-a53f-1bbc96404e12, raftlog=277b5c5e-8c6f-4c9a-a53f-1bbc96404e12@group-569FAC3F8BCE-SegmentedRaftLog:OPENED:c-1,f-1,i0, conf=-1: [a32408a4-f19d-4bad-97c5-ba33ae94fc9a:192.168.157.254:38721, 6b24a2ab-97ee-4d49-85cc-2d76c2f4b8ef:192.168.157.254:41080, 277b5c5e-8c6f-4c9a-a53f-1bbc96404e12:192.168.157.254:41416], old=null
2019-10-16 21:54:59,553 [277b5c5e-8c6f-4c9a-a53f-1bbc96404e12@group-569FAC3F8BCE-LeaderElection47] INFO  impl.RaftServerImpl (RaftServerImpl.java:setRole(184)) - 277b5c5e-8c6f-4c9a-a53f-1bbc96404e12@group-569FAC3F8BCE: changes role from CANDIDATE to FOLLOWER at term 29 for DISCOVERED_A_NEW_TERM
2019-10-16 21:54:59,553 [277b5c5e-8c6f-4c9a-a53f-1bbc96404e12@group-569FAC3F8BCE-LeaderElection47] INFO  impl.RoleInfo (RoleInfo.java:shutdownLeaderElection(134)) - 277b5c5e-8c6f-4c9a-a53f-1bbc96404e12: shutdown LeaderElection
2019-10-16 21:54:59,553 [277b5c5e-8c6f-4c9a-a53f-1bbc96404e12@group-569FAC3F8BCE-LeaderElection47] INFO  impl.RoleInfo (RoleInfo.java:updateAndGet(143)) - 277b5c5e-8c6f-4c9a-a53f-1bbc96404e12: start FollowerState
2019-10-16 21:54:59,559 [Thread-0] INFO  ozone.MiniOzoneClusterImpl (MiniOzoneClusterImpl.java:lambda$waitForClusterToBeReady$2(164)) - Waiting for 1 number of pipelines out of 4, to report a leader.
2019-10-16 21:54:59,586 [Thread-506] INFO  impl.FollowerState (FollowerState.java:run(108)) - 277b5c5e-8c6f-4c9a-a53f-1bbc96404e12@group-569FAC3F8BCE-FollowerState: change to CANDIDATE, lastRpcTime:33ms, electionTimeout:33ms
2019-10-16 21:54:59,587 [Thread-506] INFO  impl.RoleInfo (RoleInfo.java:shutdownFollowerState(121)) - 277b5c5e-8c6f-4c9a-a53f-1bbc96404e12: shutdown FollowerState
2019-10-16 21:54:59,587 [Thread-506] INFO  impl.RaftServerImpl (RaftServerImpl.java:setRole(184)) - 277b5c5e-8c6f-4c9a-a53f-1bbc96404e12@group-569FAC3F8BCE: changes role from  FOLLOWER to CANDIDATE at term 29 for changeToCandidate
2019-10-16 21:54:59,587 [Thread-506] INFO  impl.RoleInfo (RoleInfo.java:updateAndGet(143)) - 277b5c5e-8c6f-4c9a-a53f-1bbc96404e12: start LeaderElection
2019-10-16 21:54:59,606 [277b5c5e-8c6f-4c9a-a53f-1bbc96404e12@group-569FAC3F8BCE-LeaderElection48] INFO  impl.LeaderElection (LeaderElection.java:askForVotes(178)) - 277b5c5e-8c6f-4c9a-a53f-1bbc96404e12@group-569FAC3F8BCE-LeaderElection48: begin an election at term 30 for -1: [a32408a4-f19d-4bad-97c5-ba33ae94fc9a:192.168.157.254:38721, 6b24a2ab-97ee-4d49-85cc-2d76c2f4b8ef:192.168.157.254:41080, 277b5c5e-8c6f-4c9a-a53f-1bbc96404e12:192.168.157.254:41416], old=null
2019-10-16 21:54:59,609 [grpc-default-executor-1] INFO  impl.RaftServerImpl (RaftServerImpl.java:setRole(184)) - 6b24a2ab-97ee-4d49-85cc-2d76c2f4b8ef@group-569FAC3F8BCE: changes role from  FOLLOWER to FOLLOWER at term 30 for recognizeCandidate:277b5c5e-8c6f-4c9a-a53f-1bbc96404e12
2019-10-16 21:54:59,609 [grpc-default-executor-0] INFO  impl.RaftServerImpl (RaftServerImpl.java:setRole(184)) - a32408a4-f19d-4bad-97c5-ba33ae94fc9a@group-569FAC3F8BCE: changes role from  FOLLOWER to FOLLOWER at term 30 for recognizeCandidate:277b5c5e-8c6f-4c9a-a53f-1bbc96404e12
2019-10-16 21:54:59,609 [grpc-default-executor-1] INFO  impl.RoleInfo (RoleInfo.java:shutdownFollowerState(121)) - 6b24a2ab-97ee-4d49-85cc-2d76c2f4b8ef: shutdown FollowerState
2019-10-16 21:54:59,609 [grpc-default-executor-0] INFO  impl.RoleInfo (RoleInfo.java:shutdownFollowerState(121)) - a32408a4-f19d-4bad-97c5-ba33ae94fc9a: shutdown FollowerState
2019-10-16 21:54:59,609 [Thread-504] INFO  impl.FollowerState (FollowerState.java:run(117)) - 6b24a2ab-97ee-4d49-85cc-2d76c2f4b8ef@group-569FAC3F8BCE-FollowerState was interrupted: java.lang.InterruptedException: sleep interrupted
2019-10-16 21:54:59,609 [grpc-default-executor-1] INFO  impl.RoleInfo (RoleInfo.java:updateAndGet(143)) - 6b24a2ab-97ee-4d49-85cc-2d76c2f4b8ef: start FollowerState
2019-10-16 21:54:59,610 [Thread-505] INFO  impl.FollowerState (FollowerState.java:run(117)) - a32408a4-f19d-4bad-97c5-ba33ae94fc9a@group-569FAC3F8BCE-FollowerState was interrupted: java.lang.InterruptedException: sleep interrupted
2019-10-16 21:54:59,610 [grpc-default-executor-0] INFO  impl.RoleInfo (RoleInfo.java:updateAndGet(143)) - a32408a4-f19d-4bad-97c5-ba33ae94fc9a: start FollowerState
2019-10-16 21:54:59,625 [277b5c5e-8c6f-4c9a-a53f-1bbc96404e12@group-569FAC3F8BCE-LeaderElection48] INFO  impl.LeaderElection (LeaderElection.java:logAndReturn(56)) - 277b5c5e-8c6f-4c9a-a53f-1bbc96404e12@group-569FAC3F8BCE-LeaderElection48: Election REJECTED; received 2 response(s) [277b5c5e-8c6f-4c9a-a53f-1bbc96404e12<-6b24a2ab-97ee-4d49-85cc-2d76c2f4b8ef#0:FAIL-t30, 277b5c5e-8c6f-4c9a-a53f-1bbc96404e12<-a32408a4-f19d-4bad-97c5-ba33ae94fc9a#0:FAIL-t30] and 0 exception(s); 277b5c5e-8c6f-4c9a-a53f-1bbc96404e12@group-569FAC3F8BCE:t30, leader=null, voted=277b5c5e-8c6f-4c9a-a53f-1bbc96404e12, raftlog=277b5c5e-8c6f-4c9a-a53f-1bbc96404e12@group-569FAC3F8BCE-SegmentedRaftLog:OPENED:c-1,f-1,i0, conf=-1: [a32408a4-f19d-4bad-97c5-ba33ae94fc9a:192.168.157.254:38721, 6b24a2ab-97ee-4d49-85cc-2d76c2f4b8ef:192.168.157.254:41080, 277b5c5e-8c6f-4c9a-a53f-1bbc96404e12:192.168.157.254:41416], old=null
2019-10-16 21:54:59,626 [277b5c5e-8c6f-4c9a-a53f-1bbc96404e12@group-569FAC3F8BCE-LeaderElection48] INFO  impl.RaftServerImpl (RaftServerImpl.java:setRole(184)) - 277b5c5e-8c6f-4c9a-a53f-1bbc96404e12@group-569FAC3F8BCE: changes role from CANDIDATE to FOLLOWER at term 30 for DISCOVERED_A_NEW_TERM
2019-10-16 21:54:59,626 [277b5c5e-8c6f-4c9a-a53f-1bbc96404e12@group-569FAC3F8BCE-LeaderElection48] INFO  impl.RoleInfo (RoleInfo.java:shutdownLeaderElection(134)) - 277b5c5e-8c6f-4c9a-a53f-1bbc96404e12: shutdown LeaderElection
2019-10-16 21:54:59,626 [277b5c5e-8c6f-4c9a-a53f-1bbc96404e12@group-569FAC3F8BCE-LeaderElection48] INFO  impl.RoleInfo (RoleInfo.java:updateAndGet(143)) - 277b5c5e-8c6f-4c9a-a53f-1bbc96404e12: start FollowerState
2019-10-16 21:54:59,814 [Thread-512] INFO  impl.FollowerState (FollowerState.java:run(108)) - 277b5c5e-8c6f-4c9a-a53f-1bbc96404e12@group-569FAC3F8BCE-FollowerState: change to CANDIDATE, lastRpcTime:188ms, electionTimeout:188ms
2019-10-16 21:54:59,815 [Thread-512] INFO  impl.RoleInfo (RoleInfo.java:shutdownFollowerState(121)) - 277b5c5e-8c6f-4c9a-a53f-1bbc96404e12: shutdown FollowerState
2019-10-16 21:54:59,815 [Thread-512] INFO  impl.RaftServerImpl (RaftServerImpl.java:setRole(184)) - 277b5c5e-8c6f-4c9a-a53f-1bbc96404e12@group-569FAC3F8BCE: changes role from  FOLLOWER to CANDIDATE at term 30 for changeToCandidate
2019-10-16 21:54:59,815 [Thread-512] INFO  impl.RoleInfo (RoleInfo.java:updateAndGet(143)) - 277b5c5e-8c6f-4c9a-a53f-1bbc96404e12: start LeaderElection
2019-10-16 21:54:59,839 [277b5c5e-8c6f-4c9a-a53f-1bbc96404e12@group-569FAC3F8BCE-LeaderElection49] INFO  impl.LeaderElection (LeaderElection.java:askForVotes(178)) - 277b5c5e-8c6f-4c9a-a53f-1bbc96404e12@group-569FAC3F8BCE-LeaderElection49: begin an election at term 31 for -1: [a32408a4-f19d-4bad-97c5-ba33ae94fc9a:192.168.157.254:38721, 6b24a2ab-97ee-4d49-85cc-2d76c2f4b8ef:192.168.157.254:41080, 277b5c5e-8c6f-4c9a-a53f-1bbc96404e12:192.168.157.254:41416], old=null
2019-10-16 21:54:59,842 [grpc-default-executor-1] INFO  impl.RaftServerImpl (RaftServerImpl.java:setRole(184)) - a32408a4-f19d-4bad-97c5-ba33ae94fc9a@group-569FAC3F8BCE: changes role from  FOLLOWER to FOLLOWER at term 31 for recognizeCandidate:277b5c5e-8c6f-4c9a-a53f-1bbc96404e12
2019-10-16 21:54:59,842 [grpc-default-executor-0] INFO  impl.RaftServerImpl (RaftServerImpl.java:setRole(184)) - 6b24a2ab-97ee-4d49-85cc-2d76c2f4b8ef@group-569FAC3F8BCE: changes role from  FOLLOWER to FOLLOWER at term 31 for recognizeCandidate:277b5c5e-8c6f-4c9a-a53f-1bbc96404e12
2019-10-16 21:54:59,842 [grpc-default-executor-1] INFO  impl.RoleInfo (RoleInfo.java:shutdownFollowerState(121)) - a32408a4-f19d-4bad-97c5-ba33ae94fc9a: shutdown FollowerState
2019-10-16 21:54:59,843 [grpc-default-executor-0] INFO  impl.RoleInfo (RoleInfo.java:shutdownFollowerState(121)) - 6b24a2ab-97ee-4d49-85cc-2d76c2f4b8ef: shutdown FollowerState
2019-10-16 21:54:59,843 [grpc-default-executor-1] INFO  impl.RoleInfo (RoleInfo.java:updateAndGet(143)) - a32408a4-f19d-4bad-97c5-ba33ae94fc9a: start FollowerState
2019-10-16 21:54:59,843 [Thread-510] INFO  impl.FollowerState (FollowerState.java:run(117)) - 6b24a2ab-97ee-4d49-85cc-2d76c2f4b8ef@group-569FAC3F8BCE-FollowerState was interrupted: java.lang.InterruptedException: sleep interrupted
2019-10-16 21:54:59,843 [grpc-default-executor-0] INFO  impl.RoleInfo (RoleInfo.java:updateAndGet(143)) - 6b24a2ab-97ee-4d49-85cc-2d76c2f4b8ef: start FollowerState
2019-10-16 21:54:59,843 [Thread-511] INFO  impl.FollowerState (FollowerState.java:run(117)) - a32408a4-f19d-4bad-97c5-ba33ae94fc9a@group-569FAC3F8BCE-FollowerState was interrupted: java.lang.InterruptedException: sleep interrupted
2019-10-16 21:54:59,860 [277b5c5e-8c6f-4c9a-a53f-1bbc96404e12@group-569FAC3F8BCE-LeaderElection49] INFO  impl.LeaderElection (LeaderElection.java:logAndReturn(56)) - 277b5c5e-8c6f-4c9a-a53f-1bbc96404e12@group-569FAC3F8BCE-LeaderElection49: Election REJECTED; received 2 response(s) [277b5c5e-8c6f-4c9a-a53f-1bbc96404e12<-a32408a4-f19d-4bad-97c5-ba33ae94fc9a#0:FAIL-t31, 277b5c5e-8c6f-4c9a-a53f-1bbc96404e12<-6b24a2ab-97ee-4d49-85cc-2d76c2f4b8ef#0:FAIL-t31] and 0 exception(s); 277b5c5e-8c6f-4c9a-a53f-1bbc96404e12@group-569FAC3F8BCE:t31, leader=null, voted=277b5c5e-8c6f-4c9a-a53f-1bbc96404e12, raftlog=277b5c5e-8c6f-4c9a-a53f-1bbc96404e12@group-569FAC3F8BCE-SegmentedRaftLog:OPENED:c-1,f-1,i0, conf=-1: [a32408a4-f19d-4bad-97c5-ba33ae94fc9a:192.168.157.254:38721, 6b24a2ab-97ee-4d49-85cc-2d76c2f4b8ef:192.168.157.254:41080, 277b5c5e-8c6f-4c9a-a53f-1bbc96404e12:192.168.157.254:41416], old=null
2019-10-16 21:54:59,860 [277b5c5e-8c6f-4c9a-a53f-1bbc96404e12@group-569FAC3F8BCE-LeaderElection49] INFO  impl.RaftServerImpl (RaftServerImpl.java:setRole(184)) - 277b5c5e-8c6f-4c9a-a53f-1bbc96404e12@group-569FAC3F8BCE: changes role from CANDIDATE to FOLLOWER at term 31 for DISCOVERED_A_NEW_TERM
2019-10-16 21:54:59,860 [277b5c5e-8c6f-4c9a-a53f-1bbc96404e12@group-569FAC3F8BCE-LeaderElection49] INFO  impl.RoleInfo (RoleInfo.java:shutdownLeaderElection(134)) - 277b5c5e-8c6f-4c9a-a53f-1bbc96404e12: shutdown LeaderElection
2019-10-16 21:54:59,860 [277b5c5e-8c6f-4c9a-a53f-1bbc96404e12@group-569FAC3F8BCE-LeaderElection49] INFO  impl.RoleInfo (RoleInfo.java:updateAndGet(143)) - 277b5c5e-8c6f-4c9a-a53f-1bbc96404e12: start FollowerState
2019-10-16 21:55:00,023 [Thread-518] INFO  impl.FollowerState (FollowerState.java:run(108)) - 277b5c5e-8c6f-4c9a-a53f-1bbc96404e12@group-569FAC3F8BCE-FollowerState: change to CANDIDATE, lastRpcTime:162ms, electionTimeout:162ms
2019-10-16 21:55:00,023 [Thread-518] INFO  impl.RoleInfo (RoleInfo.java:shutdownFollowerState(121)) - 277b5c5e-8c6f-4c9a-a53f-1bbc96404e12: shutdown FollowerState
2019-10-16 21:55:00,023 [Thread-518] INFO  impl.RaftServerImpl (RaftServerImpl.java:setRole(184)) - 277b5c5e-8c6f-4c9a-a53f-1bbc96404e12@group-569FAC3F8BCE: changes role from  FOLLOWER to CANDIDATE at term 31 for changeToCandidate
2019-10-16 21:55:00,023 [Thread-518] INFO  impl.RoleInfo (RoleInfo.java:updateAndGet(143)) - 277b5c5e-8c6f-4c9a-a53f-1bbc96404e12: start LeaderElection
2019-10-16 21:55:00,038 [277b5c5e-8c6f-4c9a-a53f-1bbc96404e12@group-569FAC3F8BCE-LeaderElection50] INFO  impl.LeaderElection (LeaderElection.java:askForVotes(178)) - 277b5c5e-8c6f-4c9a-a53f-1bbc96404e12@group-569FAC3F8BCE-LeaderElection50: begin an election at term 32 for -1: [a32408a4-f19d-4bad-97c5-ba33ae94fc9a:192.168.157.254:38721, 6b24a2ab-97ee-4d49-85cc-2d76c2f4b8ef:192.168.157.254:41080, 277b5c5e-8c6f-4c9a-a53f-1bbc96404e12:192.168.157.254:41416], old=null
2019-10-16 21:55:00,041 [grpc-default-executor-1] INFO  impl.RaftServerImpl (RaftServerImpl.java:setRole(184)) - a32408a4-f19d-4bad-97c5-ba33ae94fc9a@group-569FAC3F8BCE: changes role from  FOLLOWER to FOLLOWER at term 32 for recognizeCandidate:277b5c5e-8c6f-4c9a-a53f-1bbc96404e12
2019-10-16 21:55:00,041 [grpc-default-executor-0] INFO  impl.RaftServerImpl (RaftServerImpl.java:setRole(184)) - 6b24a2ab-97ee-4d49-85cc-2d76c2f4b8ef@group-569FAC3F8BCE: changes role from  FOLLOWER to FOLLOWER at term 32 for recognizeCandidate:277b5c5e-8c6f-4c9a-a53f-1bbc96404e12
2019-10-16 21:55:00,041 [grpc-default-executor-0] INFO  impl.RoleInfo (RoleInfo.java:shutdownFollowerState(121)) - 6b24a2ab-97ee-4d49-85cc-2d76c2f4b8ef: shutdown FollowerState
2019-10-16 21:55:00,041 [grpc-default-executor-1] INFO  impl.RoleInfo (RoleInfo.java:shutdownFollowerState(121)) - a32408a4-f19d-4bad-97c5-ba33ae94fc9a: shutdown FollowerState
2019-10-16 21:55:00,042 [grpc-default-executor-0] INFO  impl.RoleInfo (RoleInfo.java:updateAndGet(143)) - 6b24a2ab-97ee-4d49-85cc-2d76c2f4b8ef: start FollowerState
2019-10-16 21:55:00,042 [Thread-516] INFO  impl.FollowerState (FollowerState.java:run(117)) - a32408a4-f19d-4bad-97c5-ba33ae94fc9a@group-569FAC3F8BCE-FollowerState was interrupted: java.lang.InterruptedException: sleep interrupted
2019-10-16 21:55:00,042 [Thread-517] INFO  impl.FollowerState (FollowerState.java:run(117)) - 6b24a2ab-97ee-4d49-85cc-2d76c2f4b8ef@group-569FAC3F8BCE-FollowerState was interrupted: java.lang.InterruptedException: sleep interrupted
2019-10-16 21:55:00,042 [grpc-default-executor-1] INFO  impl.RoleInfo (RoleInfo.java:updateAndGet(143)) - a32408a4-f19d-4bad-97c5-ba33ae94fc9a: start FollowerState
2019-10-16 21:55:00,054 [277b5c5e-8c6f-4c9a-a53f-1bbc96404e12@group-569FAC3F8BCE-LeaderElection50] INFO  impl.LeaderElection (LeaderElection.java:logAndReturn(56)) - 277b5c5e-8c6f-4c9a-a53f-1bbc96404e12@group-569FAC3F8BCE-LeaderElection50: Election REJECTED; received 2 response(s) [277b5c5e-8c6f-4c9a-a53f-1bbc96404e12<-6b24a2ab-97ee-4d49-85cc-2d76c2f4b8ef#0:FAIL-t32, 277b5c5e-8c6f-4c9a-a53f-1bbc96404e12<-a32408a4-f19d-4bad-97c5-ba33ae94fc9a#0:FAIL-t32] and 0 exception(s); 277b5c5e-8c6f-4c9a-a53f-1bbc96404e12@group-569FAC3F8BCE:t32, leader=null, voted=277b5c5e-8c6f-4c9a-a53f-1bbc96404e12, raftlog=277b5c5e-8c6f-4c9a-a53f-1bbc96404e12@group-569FAC3F8BCE-SegmentedRaftLog:OPENED:c-1,f-1,i0, conf=-1: [a32408a4-f19d-4bad-97c5-ba33ae94fc9a:192.168.157.254:38721, 6b24a2ab-97ee-4d49-85cc-2d76c2f4b8ef:192.168.157.254:41080, 277b5c5e-8c6f-4c9a-a53f-1bbc96404e12:192.168.157.254:41416], old=null
2019-10-16 21:55:00,054 [277b5c5e-8c6f-4c9a-a53f-1bbc96404e12@group-569FAC3F8BCE-LeaderElection50] INFO  impl.RaftServerImpl (RaftServerImpl.java:setRole(184)) - 277b5c5e-8c6f-4c9a-a53f-1bbc96404e12@group-569FAC3F8BCE: changes role from CANDIDATE to FOLLOWER at term 32 for DISCOVERED_A_NEW_TERM
2019-10-16 21:55:00,054 [277b5c5e-8c6f-4c9a-a53f-1bbc96404e12@group-569FAC3F8BCE-LeaderElection50] INFO  impl.RoleInfo (RoleInfo.java:shutdownLeaderElection(134)) - 277b5c5e-8c6f-4c9a-a53f-1bbc96404e12: shutdown LeaderElection
2019-10-16 21:55:00,054 [277b5c5e-8c6f-4c9a-a53f-1bbc96404e12@group-569FAC3F8BCE-LeaderElection50] INFO  impl.RoleInfo (RoleInfo.java:updateAndGet(143)) - 277b5c5e-8c6f-4c9a-a53f-1bbc96404e12: start FollowerState
2019-10-16 21:55:00,203 [Thread-524] INFO  impl.FollowerState (FollowerState.java:run(108)) - 277b5c5e-8c6f-4c9a-a53f-1bbc96404e12@group-569FAC3F8BCE-FollowerState: change to CANDIDATE, lastRpcTime:148ms, electionTimeout:148ms
2019-10-16 21:55:00,203 [Thread-524] INFO  impl.RoleInfo (RoleInfo.java:shutdownFollowerState(121)) - 277b5c5e-8c6f-4c9a-a53f-1bbc96404e12: shutdown FollowerState
2019-10-16 21:55:00,203 [Thread-524] INFO  impl.RaftServerImpl (RaftServerImpl.java:setRole(184)) - 277b5c5e-8c6f-4c9a-a53f-1bbc96404e12@group-569FAC3F8BCE: changes role from  FOLLOWER to CANDIDATE at term 32 for changeToCandidate
2019-10-16 21:55:00,203 [Thread-524] INFO  impl.RoleInfo (RoleInfo.java:updateAndGet(143)) - 277b5c5e-8c6f-4c9a-a53f-1bbc96404e12: start LeaderElection
2019-10-16 21:55:00,217 [277b5c5e-8c6f-4c9a-a53f-1bbc96404e12@group-569FAC3F8BCE-LeaderElection51] INFO  impl.LeaderElection (LeaderElection.java:askForVotes(178)) - 277b5c5e-8c6f-4c9a-a53f-1bbc96404e12@group-569FAC3F8BCE-LeaderElection51: begin an election at term 33 for -1: [a32408a4-f19d-4bad-97c5-ba33ae94fc9a:192.168.157.254:38721, 6b24a2ab-97ee-4d49-85cc-2d76c2f4b8ef:192.168.157.254:41080, 277b5c5e-8c6f-4c9a-a53f-1bbc96404e12:192.168.157.254:41416], old=null
2019-10-16 21:55:00,220 [grpc-default-executor-1] INFO  impl.RaftServerImpl (RaftServerImpl.java:setRole(184)) - 6b24a2ab-97ee-4d49-85cc-2d76c2f4b8ef@group-569FAC3F8BCE: changes role from  FOLLOWER to FOLLOWER at term 33 for recognizeCandidate:277b5c5e-8c6f-4c9a-a53f-1bbc96404e12
2019-10-16 21:55:00,220 [grpc-default-executor-0] INFO  impl.RaftServerImpl (RaftServerImpl.java:setRole(184)) - a32408a4-f19d-4bad-97c5-ba33ae94fc9a@group-569FAC3F8BCE: changes role from  FOLLOWER to FOLLOWER at term 33 for recognizeCandidate:277b5c5e-8c6f-4c9a-a53f-1bbc96404e12
2019-10-16 21:55:00,220 [grpc-default-executor-1] INFO  impl.RoleInfo (RoleInfo.java:shutdownFollowerState(121)) - 6b24a2ab-97ee-4d49-85cc-2d76c2f4b8ef: shutdown FollowerState
2019-10-16 21:55:00,221 [grpc-default-executor-0] INFO  impl.RoleInfo (RoleInfo.java:shutdownFollowerState(121)) - a32408a4-f19d-4bad-97c5-ba33ae94fc9a: shutdown FollowerState
2019-10-16 21:55:00,221 [grpc-default-executor-1] INFO  impl.RoleInfo (RoleInfo.java:updateAndGet(143)) - 6b24a2ab-97ee-4d49-85cc-2d76c2f4b8ef: start FollowerState
2019-10-16 21:55:00,221 [grpc-default-executor-0] INFO  impl.RoleInfo (RoleInfo.java:updateAndGet(143)) - a32408a4-f19d-4bad-97c5-ba33ae94fc9a: start FollowerState
2019-10-16 21:55:00,221 [Thread-522] INFO  impl.FollowerState (FollowerState.java:run(117)) - 6b24a2ab-97ee-4d49-85cc-2d76c2f4b8ef@group-569FAC3F8BCE-FollowerState was interrupted: java.lang.InterruptedException: sleep interrupted
2019-10-16 21:55:00,221 [Thread-523] INFO  impl.FollowerState (FollowerState.java:run(117)) - a32408a4-f19d-4bad-97c5-ba33ae94fc9a@group-569FAC3F8BCE-FollowerState was interrupted: java.lang.InterruptedException: sleep interrupted
2019-10-16 21:55:00,234 [277b5c5e-8c6f-4c9a-a53f-1bbc96404e12@group-569FAC3F8BCE-LeaderElection51] INFO  impl.LeaderElection (LeaderElection.java:logAndReturn(56)) - 277b5c5e-8c6f-4c9a-a53f-1bbc96404e12@group-569FAC3F8BCE-LeaderElection51: Election REJECTED; received 2 response(s) [277b5c5e-8c6f-4c9a-a53f-1bbc96404e12<-a32408a4-f19d-4bad-97c5-ba33ae94fc9a#0:FAIL-t33, 277b5c5e-8c6f-4c9a-a53f-1bbc96404e12<-6b24a2ab-97ee-4d49-85cc-2d76c2f4b8ef#0:FAIL-t33] and 0 exception(s); 277b5c5e-8c6f-4c9a-a53f-1bbc96404e12@group-569FAC3F8BCE:t33, leader=null, voted=277b5c5e-8c6f-4c9a-a53f-1bbc96404e12, raftlog=277b5c5e-8c6f-4c9a-a53f-1bbc96404e12@group-569FAC3F8BCE-SegmentedRaftLog:OPENED:c-1,f-1,i0, conf=-1: [a32408a4-f19d-4bad-97c5-ba33ae94fc9a:192.168.157.254:38721, 6b24a2ab-97ee-4d49-85cc-2d76c2f4b8ef:192.168.157.254:41080, 277b5c5e-8c6f-4c9a-a53f-1bbc96404e12:192.168.157.254:41416], old=null
2019-10-16 21:55:00,234 [277b5c5e-8c6f-4c9a-a53f-1bbc96404e12@group-569FAC3F8BCE-LeaderElection51] INFO  impl.RaftServerImpl (RaftServerImpl.java:setRole(184)) - 277b5c5e-8c6f-4c9a-a53f-1bbc96404e12@group-569FAC3F8BCE: changes role from CANDIDATE to FOLLOWER at term 33 for DISCOVERED_A_NEW_TERM
2019-10-16 21:55:00,235 [277b5c5e-8c6f-4c9a-a53f-1bbc96404e12@group-569FAC3F8BCE-LeaderElection51] INFO  impl.RoleInfo (RoleInfo.java:shutdownLeaderElection(134)) - 277b5c5e-8c6f-4c9a-a53f-1bbc96404e12: shutdown LeaderElection
2019-10-16 21:55:00,235 [277b5c5e-8c6f-4c9a-a53f-1bbc96404e12@group-569FAC3F8BCE-LeaderElection51] INFO  impl.RoleInfo (RoleInfo.java:updateAndGet(143)) - 277b5c5e-8c6f-4c9a-a53f-1bbc96404e12: start FollowerState
2019-10-16 21:55:00,362 [Thread-530] INFO  impl.FollowerState (FollowerState.java:run(108)) - 277b5c5e-8c6f-4c9a-a53f-1bbc96404e12@group-569FAC3F8BCE-FollowerState: change to CANDIDATE, lastRpcTime:127ms, electionTimeout:127ms
2019-10-16 21:55:00,362 [Thread-530] INFO  impl.RoleInfo (RoleInfo.java:shutdownFollowerState(121)) - 277b5c5e-8c6f-4c9a-a53f-1bbc96404e12: shutdown FollowerState
2019-10-16 21:55:00,363 [Thread-530] INFO  impl.RaftServerImpl (RaftServerImpl.java:setRole(184)) - 277b5c5e-8c6f-4c9a-a53f-1bbc96404e12@group-569FAC3F8BCE: changes role from  FOLLOWER to CANDIDATE at term 33 for changeToCandidate
2019-10-16 21:55:00,363 [Thread-530] INFO  impl.RoleInfo (RoleInfo.java:updateAndGet(143)) - 277b5c5e-8c6f-4c9a-a53f-1bbc96404e12: start LeaderElection
2019-10-16 21:55:00,378 [277b5c5e-8c6f-4c9a-a53f-1bbc96404e12@group-569FAC3F8BCE-LeaderElection52] INFO  impl.LeaderElection (LeaderElection.java:askForVotes(178)) - 277b5c5e-8c6f-4c9a-a53f-1bbc96404e12@group-569FAC3F8BCE-LeaderElection52: begin an election at term 34 for -1: [a32408a4-f19d-4bad-97c5-ba33ae94fc9a:192.168.157.254:38721, 6b24a2ab-97ee-4d49-85cc-2d76c2f4b8ef:192.168.157.254:41080, 277b5c5e-8c6f-4c9a-a53f-1bbc96404e12:192.168.157.254:41416], old=null
2019-10-16 21:55:00,381 [grpc-default-executor-1] INFO  impl.RaftServerImpl (RaftServerImpl.java:setRole(184)) - 6b24a2ab-97ee-4d49-85cc-2d76c2f4b8ef@group-569FAC3F8BCE: changes role from  FOLLOWER to FOLLOWER at term 34 for recognizeCandidate:277b5c5e-8c6f-4c9a-a53f-1bbc96404e12
2019-10-16 21:55:00,381 [grpc-default-executor-1] INFO  impl.RoleInfo (RoleInfo.java:shutdownFollowerState(121)) - 6b24a2ab-97ee-4d49-85cc-2d76c2f4b8ef: shutdown FollowerState
2019-10-16 21:55:00,381 [grpc-default-executor-0] INFO  impl.RaftServerImpl (RaftServerImpl.java:setRole(184)) - a32408a4-f19d-4bad-97c5-ba33ae94fc9a@group-569FAC3F8BCE: changes role from  FOLLOWER to FOLLOWER at term 34 for recognizeCandidate:277b5c5e-8c6f-4c9a-a53f-1bbc96404e12
2019-10-16 21:55:00,381 [Thread-528] INFO  impl.FollowerState (FollowerState.java:run(117)) - 6b24a2ab-97ee-4d49-85cc-2d76c2f4b8ef@group-569FAC3F8BCE-FollowerState was interrupted: java.lang.InterruptedException: sleep interrupted
2019-10-16 21:55:00,381 [grpc-default-executor-1] INFO  impl.RoleInfo (RoleInfo.java:updateAndGet(143)) - 6b24a2ab-97ee-4d49-85cc-2d76c2f4b8ef: start FollowerState
2019-10-16 21:55:00,382 [grpc-default-executor-0] INFO  impl.RoleInfo (RoleInfo.java:shutdownFollowerState(121)) - a32408a4-f19d-4bad-97c5-ba33ae94fc9a: shutdown FollowerState
2019-10-16 21:55:00,382 [Thread-529] INFO  impl.FollowerState (FollowerState.java:run(117)) - a32408a4-f19d-4bad-97c5-ba33ae94fc9a@group-569FAC3F8BCE-FollowerState was interrupted: java.lang.InterruptedException: sleep interrupted
2019-10-16 21:55:00,382 [grpc-default-executor-0] INFO  impl.RoleInfo (RoleInfo.java:updateAndGet(143)) - a32408a4-f19d-4bad-97c5-ba33ae94fc9a: start FollowerState
2019-10-16 21:55:00,400 [277b5c5e-8c6f-4c9a-a53f-1bbc96404e12@group-569FAC3F8BCE-LeaderElection52] INFO  impl.LeaderElection (LeaderElection.java:logAndReturn(56)) - 277b5c5e-8c6f-4c9a-a53f-1bbc96404e12@group-569FAC3F8BCE-LeaderElection52: Election REJECTED; received 2 response(s) [277b5c5e-8c6f-4c9a-a53f-1bbc96404e12<-6b24a2ab-97ee-4d49-85cc-2d76c2f4b8ef#0:FAIL-t34, 277b5c5e-8c6f-4c9a-a53f-1bbc96404e12<-a32408a4-f19d-4bad-97c5-ba33ae94fc9a#0:FAIL-t34] and 0 exception(s); 277b5c5e-8c6f-4c9a-a53f-1bbc96404e12@group-569FAC3F8BCE:t34, leader=null, voted=277b5c5e-8c6f-4c9a-a53f-1bbc96404e12, raftlog=277b5c5e-8c6f-4c9a-a53f-1bbc96404e12@group-569FAC3F8BCE-SegmentedRaftLog:OPENED:c-1,f-1,i0, conf=-1: [a32408a4-f19d-4bad-97c5-ba33ae94fc9a:192.168.157.254:38721, 6b24a2ab-97ee-4d49-85cc-2d76c2f4b8ef:192.168.157.254:41080, 277b5c5e-8c6f-4c9a-a53f-1bbc96404e12:192.168.157.254:41416], old=null
2019-10-16 21:55:00,400 [277b5c5e-8c6f-4c9a-a53f-1bbc96404e12@group-569FAC3F8BCE-LeaderElection52] INFO  impl.RaftServerImpl (RaftServerImpl.java:setRole(184)) - 277b5c5e-8c6f-4c9a-a53f-1bbc96404e12@group-569FAC3F8BCE: changes role from CANDIDATE to FOLLOWER at term 34 for DISCOVERED_A_NEW_TERM
2019-10-16 21:55:00,400 [277b5c5e-8c6f-4c9a-a53f-1bbc96404e12@group-569FAC3F8BCE-LeaderElection52] INFO  impl.RoleInfo (RoleInfo.java:shutdownLeaderElection(134)) - 277b5c5e-8c6f-4c9a-a53f-1bbc96404e12: shutdown LeaderElection
2019-10-16 21:55:00,400 [277b5c5e-8c6f-4c9a-a53f-1bbc96404e12@group-569FAC3F8BCE-LeaderElection52] INFO  impl.RoleInfo (RoleInfo.java:updateAndGet(143)) - 277b5c5e-8c6f-4c9a-a53f-1bbc96404e12: start FollowerState
2019-10-16 21:55:00,508 [Thread-536] INFO  impl.FollowerState (FollowerState.java:run(108)) - 277b5c5e-8c6f-4c9a-a53f-1bbc96404e12@group-569FAC3F8BCE-FollowerState: change to CANDIDATE, lastRpcTime:108ms, electionTimeout:108ms
2019-10-16 21:55:00,509 [Thread-536] INFO  impl.RoleInfo (RoleInfo.java:shutdownFollowerState(121)) - 277b5c5e-8c6f-4c9a-a53f-1bbc96404e12: shutdown FollowerState
2019-10-16 21:55:00,509 [Thread-536] INFO  impl.RaftServerImpl (RaftServerImpl.java:setRole(184)) - 277b5c5e-8c6f-4c9a-a53f-1bbc96404e12@group-569FAC3F8BCE: changes role from  FOLLOWER to CANDIDATE at term 34 for changeToCandidate
2019-10-16 21:55:00,509 [Thread-536] INFO  impl.RoleInfo (RoleInfo.java:updateAndGet(143)) - 277b5c5e-8c6f-4c9a-a53f-1bbc96404e12: start LeaderElection
2019-10-16 21:55:00,522 [277b5c5e-8c6f-4c9a-a53f-1bbc96404e12@group-569FAC3F8BCE-LeaderElection53] INFO  impl.LeaderElection (LeaderElection.java:askForVotes(178)) - 277b5c5e-8c6f-4c9a-a53f-1bbc96404e12@group-569FAC3F8BCE-LeaderElection53: begin an election at term 35 for -1: [a32408a4-f19d-4bad-97c5-ba33ae94fc9a:192.168.157.254:38721, 6b24a2ab-97ee-4d49-85cc-2d76c2f4b8ef:192.168.157.254:41080, 277b5c5e-8c6f-4c9a-a53f-1bbc96404e12:192.168.157.254:41416], old=null
2019-10-16 21:55:00,525 [grpc-default-executor-1] INFO  impl.RaftServerImpl (RaftServerImpl.java:setRole(184)) - 6b24a2ab-97ee-4d49-85cc-2d76c2f4b8ef@group-569FAC3F8BCE: changes role from  FOLLOWER to FOLLOWER at term 35 for recognizeCandidate:277b5c5e-8c6f-4c9a-a53f-1bbc96404e12
2019-10-16 21:55:00,525 [grpc-default-executor-0] INFO  impl.RaftServerImpl (RaftServerImpl.java:setRole(184)) - a32408a4-f19d-4bad-97c5-ba33ae94fc9a@group-569FAC3F8BCE: changes role from  FOLLOWER to FOLLOWER at term 35 for recognizeCandidate:277b5c5e-8c6f-4c9a-a53f-1bbc96404e12
2019-10-16 21:55:00,525 [grpc-default-executor-1] INFO  impl.RoleInfo (RoleInfo.java:shutdownFollowerState(121)) - 6b24a2ab-97ee-4d49-85cc-2d76c2f4b8ef: shutdown FollowerState
2019-10-16 21:55:00,526 [grpc-default-executor-0] INFO  impl.RoleInfo (RoleInfo.java:shutdownFollowerState(121)) - a32408a4-f19d-4bad-97c5-ba33ae94fc9a: shutdown FollowerState
2019-10-16 21:55:00,526 [grpc-default-executor-1] INFO  impl.RoleInfo (RoleInfo.java:updateAndGet(143)) - 6b24a2ab-97ee-4d49-85cc-2d76c2f4b8ef: start FollowerState
2019-10-16 21:55:00,526 [grpc-default-executor-0] INFO  impl.RoleInfo (RoleInfo.java:updateAndGet(143)) - a32408a4-f19d-4bad-97c5-ba33ae94fc9a: start FollowerState
2019-10-16 21:55:00,526 [Thread-534] INFO  impl.FollowerState (FollowerState.java:run(117)) - 6b24a2ab-97ee-4d49-85cc-2d76c2f4b8ef@group-569FAC3F8BCE-FollowerState was interrupted: java.lang.InterruptedException: sleep interrupted
2019-10-16 21:55:00,526 [Thread-535] INFO  impl.FollowerState (FollowerState.java:run(117)) - a32408a4-f19d-4bad-97c5-ba33ae94fc9a@group-569FAC3F8BCE-FollowerState was interrupted: java.lang.InterruptedException: sleep interrupted
2019-10-16 21:55:00,542 [277b5c5e-8c6f-4c9a-a53f-1bbc96404e12@group-569FAC3F8BCE-LeaderElection53] INFO  impl.LeaderElection (LeaderElection.java:logAndReturn(56)) - 277b5c5e-8c6f-4c9a-a53f-1bbc96404e12@group-569FAC3F8BCE-LeaderElection53: Election REJECTED; received 2 response(s) [277b5c5e-8c6f-4c9a-a53f-1bbc96404e12<-6b24a2ab-97ee-4d49-85cc-2d76c2f4b8ef#0:FAIL-t35, 277b5c5e-8c6f-4c9a-a53f-1bbc96404e12<-a32408a4-f19d-4bad-97c5-ba33ae94fc9a#0:FAIL-t35] and 0 exception(s); 277b5c5e-8c6f-4c9a-a53f-1bbc96404e12@group-569FAC3F8BCE:t35, leader=null, voted=277b5c5e-8c6f-4c9a-a53f-1bbc96404e12, raftlog=277b5c5e-8c6f-4c9a-a53f-1bbc96404e12@group-569FAC3F8BCE-SegmentedRaftLog:OPENED:c-1,f-1,i0, conf=-1: [a32408a4-f19d-4bad-97c5-ba33ae94fc9a:192.168.157.254:38721, 6b24a2ab-97ee-4d49-85cc-2d76c2f4b8ef:192.168.157.254:41080, 277b5c5e-8c6f-4c9a-a53f-1bbc96404e12:192.168.157.254:41416], old=null
2019-10-16 21:55:00,542 [277b5c5e-8c6f-4c9a-a53f-1bbc96404e12@group-569FAC3F8BCE-LeaderElection53] INFO  impl.RaftServerImpl (RaftServerImpl.java:setRole(184)) - 277b5c5e-8c6f-4c9a-a53f-1bbc96404e12@group-569FAC3F8BCE: changes role from CANDIDATE to FOLLOWER at term 35 for DISCOVERED_A_NEW_TERM
2019-10-16 21:55:00,542 [277b5c5e-8c6f-4c9a-a53f-1bbc96404e12@group-569FAC3F8BCE-LeaderElection53] INFO  impl.RoleInfo (RoleInfo.java:shutdownLeaderElection(134)) - 277b5c5e-8c6f-4c9a-a53f-1bbc96404e12: shutdown LeaderElection
2019-10-16 21:55:00,542 [277b5c5e-8c6f-4c9a-a53f-1bbc96404e12@group-569FAC3F8BCE-LeaderElection53] INFO  impl.RoleInfo (RoleInfo.java:updateAndGet(143)) - 277b5c5e-8c6f-4c9a-a53f-1bbc96404e12: start FollowerState
2019-10-16 21:55:00,560 [Thread-0] INFO  ozone.MiniOzoneClusterImpl (MiniOzoneClusterImpl.java:lambda$waitForClusterToBeReady$2(164)) - Waiting for 1 number of pipelines out of 4, to report a leader.
2019-10-16 21:55:00,737 [Thread-542] INFO  impl.FollowerState (FollowerState.java:run(108)) - 277b5c5e-8c6f-4c9a-a53f-1bbc96404e12@group-569FAC3F8BCE-FollowerState: change to CANDIDATE, lastRpcTime:194ms, electionTimeout:194ms
2019-10-16 21:55:00,737 [Thread-542] INFO  impl.RoleInfo (RoleInfo.java:shutdownFollowerState(121)) - 277b5c5e-8c6f-4c9a-a53f-1bbc96404e12: shutdown FollowerState
2019-10-16 21:55:00,737 [Thread-542] INFO  impl.RaftServerImpl (RaftServerImpl.java:setRole(184)) - 277b5c5e-8c6f-4c9a-a53f-1bbc96404e12@group-569FAC3F8BCE: changes role from  FOLLOWER to CANDIDATE at term 35 for changeToCandidate
2019-10-16 21:55:00,737 [Thread-542] INFO  impl.RoleInfo (RoleInfo.java:updateAndGet(143)) - 277b5c5e-8c6f-4c9a-a53f-1bbc96404e12: start LeaderElection
2019-10-16 21:55:00,740 [277b5c5e-8c6f-4c9a-a53f-1bbc96404e12@group-569FAC3F8BCE-LeaderElection54] INFO  impl.LeaderElection (LeaderElection.java:askForVotes(178)) - 277b5c5e-8c6f-4c9a-a53f-1bbc96404e12@group-569FAC3F8BCE-LeaderElection54: begin an election at term 36 for -1: [a32408a4-f19d-4bad-97c5-ba33ae94fc9a:192.168.157.254:38721, 6b24a2ab-97ee-4d49-85cc-2d76c2f4b8ef:192.168.157.254:41080, 277b5c5e-8c6f-4c9a-a53f-1bbc96404e12:192.168.157.254:41416], old=null
2019-10-16 21:55:00,743 [grpc-default-executor-1] INFO  impl.RaftServerImpl (RaftServerImpl.java:setRole(184)) - 6b24a2ab-97ee-4d49-85cc-2d76c2f4b8ef@group-569FAC3F8BCE: changes role from  FOLLOWER to FOLLOWER at term 36 for recognizeCandidate:277b5c5e-8c6f-4c9a-a53f-1bbc96404e12
2019-10-16 21:55:00,743 [grpc-default-executor-0] INFO  impl.RaftServerImpl (RaftServerImpl.java:setRole(184)) - a32408a4-f19d-4bad-97c5-ba33ae94fc9a@group-569FAC3F8BCE: changes role from  FOLLOWER to FOLLOWER at term 36 for recognizeCandidate:277b5c5e-8c6f-4c9a-a53f-1bbc96404e12
2019-10-16 21:55:00,744 [grpc-default-executor-1] INFO  impl.RoleInfo (RoleInfo.java:shutdownFollowerState(121)) - 6b24a2ab-97ee-4d49-85cc-2d76c2f4b8ef: shutdown FollowerState
2019-10-16 21:55:00,744 [grpc-default-executor-0] INFO  impl.RoleInfo (RoleInfo.java:shutdownFollowerState(121)) - a32408a4-f19d-4bad-97c5-ba33ae94fc9a: shutdown FollowerState
2019-10-16 21:55:00,744 [Thread-540] INFO  impl.FollowerState (FollowerState.java:run(117)) - 6b24a2ab-97ee-4d49-85cc-2d76c2f4b8ef@group-569FAC3F8BCE-FollowerState was interrupted: java.lang.InterruptedException: sleep interrupted
2019-10-16 21:55:00,744 [Thread-541] INFO  impl.FollowerState (FollowerState.java:run(117)) - a32408a4-f19d-4bad-97c5-ba33ae94fc9a@group-569FAC3F8BCE-FollowerState was interrupted: java.lang.InterruptedException: sleep interrupted
2019-10-16 21:55:00,744 [grpc-default-executor-1] INFO  impl.RoleInfo (RoleInfo.java:updateAndGet(143)) - 6b24a2ab-97ee-4d49-85cc-2d76c2f4b8ef: start FollowerState
2019-10-16 21:55:00,744 [grpc-default-executor-0] INFO  impl.RoleInfo (RoleInfo.java:updateAndGet(143)) - a32408a4-f19d-4bad-97c5-ba33ae94fc9a: start FollowerState
2019-10-16 21:55:00,759 [277b5c5e-8c6f-4c9a-a53f-1bbc96404e12@group-569FAC3F8BCE-LeaderElection54] INFO  impl.LeaderElection (LeaderElection.java:logAndReturn(56)) - 277b5c5e-8c6f-4c9a-a53f-1bbc96404e12@group-569FAC3F8BCE-LeaderElection54: Election REJECTED; received 2 response(s) [277b5c5e-8c6f-4c9a-a53f-1bbc96404e12<-a32408a4-f19d-4bad-97c5-ba33ae94fc9a#0:FAIL-t36, 277b5c5e-8c6f-4c9a-a53f-1bbc96404e12<-6b24a2ab-97ee-4d49-85cc-2d76c2f4b8ef#0:FAIL-t36] and 0 exception(s); 277b5c5e-8c6f-4c9a-a53f-1bbc96404e12@group-569FAC3F8BCE:t36, leader=null, voted=277b5c5e-8c6f-4c9a-a53f-1bbc96404e12, raftlog=277b5c5e-8c6f-4c9a-a53f-1bbc96404e12@group-569FAC3F8BCE-SegmentedRaftLog:OPENED:c-1,f-1,i0, conf=-1: [a32408a4-f19d-4bad-97c5-ba33ae94fc9a:192.168.157.254:38721, 6b24a2ab-97ee-4d49-85cc-2d76c2f4b8ef:192.168.157.254:41080, 277b5c5e-8c6f-4c9a-a53f-1bbc96404e12:192.168.157.254:41416], old=null
2019-10-16 21:55:00,759 [277b5c5e-8c6f-4c9a-a53f-1bbc96404e12@group-569FAC3F8BCE-LeaderElection54] INFO  impl.RaftServerImpl (RaftServerImpl.java:setRole(184)) - 277b5c5e-8c6f-4c9a-a53f-1bbc96404e12@group-569FAC3F8BCE: changes role from CANDIDATE to FOLLOWER at term 36 for DISCOVERED_A_NEW_TERM
2019-10-16 21:55:00,760 [277b5c5e-8c6f-4c9a-a53f-1bbc96404e12@group-569FAC3F8BCE-LeaderElection54] INFO  impl.RoleInfo (RoleInfo.java:shutdownLeaderElection(134)) - 277b5c5e-8c6f-4c9a-a53f-1bbc96404e12: shutdown LeaderElection
2019-10-16 21:55:00,760 [277b5c5e-8c6f-4c9a-a53f-1bbc96404e12@group-569FAC3F8BCE-LeaderElection54] INFO  impl.RoleInfo (RoleInfo.java:updateAndGet(143)) - 277b5c5e-8c6f-4c9a-a53f-1bbc96404e12: start FollowerState
2019-10-16 21:55:00,871 [Thread-548] INFO  impl.FollowerState (FollowerState.java:run(108)) - 277b5c5e-8c6f-4c9a-a53f-1bbc96404e12@group-569FAC3F8BCE-FollowerState: change to CANDIDATE, lastRpcTime:111ms, electionTimeout:111ms
2019-10-16 21:55:00,871 [Thread-548] INFO  impl.RoleInfo (RoleInfo.java:shutdownFollowerState(121)) - 277b5c5e-8c6f-4c9a-a53f-1bbc96404e12: shutdown FollowerState
2019-10-16 21:55:00,871 [Thread-548] INFO  impl.RaftServerImpl (RaftServerImpl.java:setRole(184)) - 277b5c5e-8c6f-4c9a-a53f-1bbc96404e12@group-569FAC3F8BCE: changes role from  FOLLOWER to CANDIDATE at term 36 for changeToCandidate
2019-10-16 21:55:00,871 [Thread-548] INFO  impl.RoleInfo (RoleInfo.java:updateAndGet(143)) - 277b5c5e-8c6f-4c9a-a53f-1bbc96404e12: start LeaderElection
2019-10-16 21:55:00,886 [277b5c5e-8c6f-4c9a-a53f-1bbc96404e12@group-569FAC3F8BCE-LeaderElection55] INFO  impl.LeaderElection (LeaderElection.java:askForVotes(178)) - 277b5c5e-8c6f-4c9a-a53f-1bbc96404e12@group-569FAC3F8BCE-LeaderElection55: begin an election at term 37 for -1: [a32408a4-f19d-4bad-97c5-ba33ae94fc9a:192.168.157.254:38721, 6b24a2ab-97ee-4d49-85cc-2d76c2f4b8ef:192.168.157.254:41080, 277b5c5e-8c6f-4c9a-a53f-1bbc96404e12:192.168.157.254:41416], old=null
2019-10-16 21:55:00,889 [grpc-default-executor-1] INFO  impl.RaftServerImpl (RaftServerImpl.java:setRole(184)) - 6b24a2ab-97ee-4d49-85cc-2d76c2f4b8ef@group-569FAC3F8BCE: changes role from  FOLLOWER to FOLLOWER at term 37 for recognizeCandidate:277b5c5e-8c6f-4c9a-a53f-1bbc96404e12
2019-10-16 21:55:00,889 [grpc-default-executor-0] INFO  impl.RaftServerImpl (RaftServerImpl.java:setRole(184)) - a32408a4-f19d-4bad-97c5-ba33ae94fc9a@group-569FAC3F8BCE: changes role from  FOLLOWER to FOLLOWER at term 37 for recognizeCandidate:277b5c5e-8c6f-4c9a-a53f-1bbc96404e12
2019-10-16 21:55:00,889 [grpc-default-executor-1] INFO  impl.RoleInfo (RoleInfo.java:shutdownFollowerState(121)) - 6b24a2ab-97ee-4d49-85cc-2d76c2f4b8ef: shutdown FollowerState
2019-10-16 21:55:00,889 [grpc-default-executor-0] INFO  impl.RoleInfo (RoleInfo.java:shutdownFollowerState(121)) - a32408a4-f19d-4bad-97c5-ba33ae94fc9a: shutdown FollowerState
2019-10-16 21:55:00,890 [grpc-default-executor-1] INFO  impl.RoleInfo (RoleInfo.java:updateAndGet(143)) - 6b24a2ab-97ee-4d49-85cc-2d76c2f4b8ef: start FollowerState
2019-10-16 21:55:00,890 [Thread-546] INFO  impl.FollowerState (FollowerState.java:run(117)) - 6b24a2ab-97ee-4d49-85cc-2d76c2f4b8ef@group-569FAC3F8BCE-FollowerState was interrupted: java.lang.InterruptedException: sleep interrupted
2019-10-16 21:55:00,890 [Thread-547] INFO  impl.FollowerState (FollowerState.java:run(117)) - a32408a4-f19d-4bad-97c5-ba33ae94fc9a@group-569FAC3F8BCE-FollowerState was interrupted: java.lang.InterruptedException: sleep interrupted
2019-10-16 21:55:00,890 [grpc-default-executor-0] INFO  impl.RoleInfo (RoleInfo.java:updateAndGet(143)) - a32408a4-f19d-4bad-97c5-ba33ae94fc9a: start FollowerState
2019-10-16 21:55:00,910 [277b5c5e-8c6f-4c9a-a53f-1bbc96404e12@group-569FAC3F8BCE-LeaderElection55] INFO  impl.LeaderElection (LeaderElection.java:logAndReturn(56)) - 277b5c5e-8c6f-4c9a-a53f-1bbc96404e12@group-569FAC3F8BCE-LeaderElection55: Election REJECTED; received 2 response(s) [277b5c5e-8c6f-4c9a-a53f-1bbc96404e12<-6b24a2ab-97ee-4d49-85cc-2d76c2f4b8ef#0:FAIL-t37, 277b5c5e-8c6f-4c9a-a53f-1bbc96404e12<-a32408a4-f19d-4bad-97c5-ba33ae94fc9a#0:FAIL-t37] and 0 exception(s); 277b5c5e-8c6f-4c9a-a53f-1bbc96404e12@group-569FAC3F8BCE:t37, leader=null, voted=277b5c5e-8c6f-4c9a-a53f-1bbc96404e12, raftlog=277b5c5e-8c6f-4c9a-a53f-1bbc96404e12@group-569FAC3F8BCE-SegmentedRaftLog:OPENED:c-1,f-1,i0, conf=-1: [a32408a4-f19d-4bad-97c5-ba33ae94fc9a:192.168.157.254:38721, 6b24a2ab-97ee-4d49-85cc-2d76c2f4b8ef:192.168.157.254:41080, 277b5c5e-8c6f-4c9a-a53f-1bbc96404e12:192.168.157.254:41416], old=null
2019-10-16 21:55:00,910 [277b5c5e-8c6f-4c9a-a53f-1bbc96404e12@group-569FAC3F8BCE-LeaderElection55] INFO  impl.RaftServerImpl (RaftServerImpl.java:setRole(184)) - 277b5c5e-8c6f-4c9a-a53f-1bbc96404e12@group-569FAC3F8BCE: changes role from CANDIDATE to FOLLOWER at term 37 for DISCOVERED_A_NEW_TERM
2019-10-16 21:55:00,910 [277b5c5e-8c6f-4c9a-a53f-1bbc96404e12@group-569FAC3F8BCE-LeaderElection55] INFO  impl.RoleInfo (RoleInfo.java:shutdownLeaderElection(134)) - 277b5c5e-8c6f-4c9a-a53f-1bbc96404e12: shutdown LeaderElection
2019-10-16 21:55:00,910 [277b5c5e-8c6f-4c9a-a53f-1bbc96404e12@group-569FAC3F8BCE-LeaderElection55] INFO  impl.RoleInfo (RoleInfo.java:updateAndGet(143)) - 277b5c5e-8c6f-4c9a-a53f-1bbc96404e12: start FollowerState
2019-10-16 21:55:00,993 [Thread-554] INFO  impl.FollowerState (FollowerState.java:run(108)) - 277b5c5e-8c6f-4c9a-a53f-1bbc96404e12@group-569FAC3F8BCE-FollowerState: change to CANDIDATE, lastRpcTime:83ms, electionTimeout:83ms
2019-10-16 21:55:00,994 [Thread-554] INFO  impl.RoleInfo (RoleInfo.java:shutdownFollowerState(121)) - 277b5c5e-8c6f-4c9a-a53f-1bbc96404e12: shutdown FollowerState
2019-10-16 21:55:00,994 [Thread-554] INFO  impl.RaftServerImpl (RaftServerImpl.java:setRole(184)) - 277b5c5e-8c6f-4c9a-a53f-1bbc96404e12@group-569FAC3F8BCE: changes role from  FOLLOWER to CANDIDATE at term 37 for changeToCandidate
2019-10-16 21:55:00,994 [Thread-554] INFO  impl.RoleInfo (RoleInfo.java:updateAndGet(143)) - 277b5c5e-8c6f-4c9a-a53f-1bbc96404e12: start LeaderElection
2019-10-16 21:55:01,021 [277b5c5e-8c6f-4c9a-a53f-1bbc96404e12@group-569FAC3F8BCE-LeaderElection56] INFO  impl.LeaderElection (LeaderElection.java:askForVotes(178)) - 277b5c5e-8c6f-4c9a-a53f-1bbc96404e12@group-569FAC3F8BCE-LeaderElection56: begin an election at term 38 for -1: [a32408a4-f19d-4bad-97c5-ba33ae94fc9a:192.168.157.254:38721, 6b24a2ab-97ee-4d49-85cc-2d76c2f4b8ef:192.168.157.254:41080, 277b5c5e-8c6f-4c9a-a53f-1bbc96404e12:192.168.157.254:41416], old=null
2019-10-16 21:55:01,025 [grpc-default-executor-1] INFO  impl.RaftServerImpl (RaftServerImpl.java:setRole(184)) - a32408a4-f19d-4bad-97c5-ba33ae94fc9a@group-569FAC3F8BCE: changes role from  FOLLOWER to FOLLOWER at term 38 for recognizeCandidate:277b5c5e-8c6f-4c9a-a53f-1bbc96404e12
2019-10-16 21:55:01,025 [grpc-default-executor-1] INFO  impl.RoleInfo (RoleInfo.java:shutdownFollowerState(121)) - a32408a4-f19d-4bad-97c5-ba33ae94fc9a: shutdown FollowerState
2019-10-16 21:55:01,025 [grpc-default-executor-1] INFO  impl.RoleInfo (RoleInfo.java:updateAndGet(143)) - a32408a4-f19d-4bad-97c5-ba33ae94fc9a: start FollowerState
2019-10-16 21:55:01,025 [Thread-553] INFO  impl.FollowerState (FollowerState.java:run(117)) - a32408a4-f19d-4bad-97c5-ba33ae94fc9a@group-569FAC3F8BCE-FollowerState was interrupted: java.lang.InterruptedException: sleep interrupted
2019-10-16 21:55:01,025 [grpc-default-executor-0] INFO  impl.RaftServerImpl (RaftServerImpl.java:setRole(184)) - 6b24a2ab-97ee-4d49-85cc-2d76c2f4b8ef@group-569FAC3F8BCE: changes role from  FOLLOWER to FOLLOWER at term 38 for recognizeCandidate:277b5c5e-8c6f-4c9a-a53f-1bbc96404e12
2019-10-16 21:55:01,026 [grpc-default-executor-0] INFO  impl.RoleInfo (RoleInfo.java:shutdownFollowerState(121)) - 6b24a2ab-97ee-4d49-85cc-2d76c2f4b8ef: shutdown FollowerState
2019-10-16 21:55:01,026 [Thread-552] INFO  impl.FollowerState (FollowerState.java:run(117)) - 6b24a2ab-97ee-4d49-85cc-2d76c2f4b8ef@group-569FAC3F8BCE-FollowerState was interrupted: java.lang.InterruptedException: sleep interrupted
2019-10-16 21:55:01,026 [grpc-default-executor-0] INFO  impl.RoleInfo (RoleInfo.java:updateAndGet(143)) - 6b24a2ab-97ee-4d49-85cc-2d76c2f4b8ef: start FollowerState
2019-10-16 21:55:01,041 [277b5c5e-8c6f-4c9a-a53f-1bbc96404e12@group-569FAC3F8BCE-LeaderElection56] INFO  impl.LeaderElection (LeaderElection.java:logAndReturn(56)) - 277b5c5e-8c6f-4c9a-a53f-1bbc96404e12@group-569FAC3F8BCE-LeaderElection56: Election REJECTED; received 2 response(s) [277b5c5e-8c6f-4c9a-a53f-1bbc96404e12<-6b24a2ab-97ee-4d49-85cc-2d76c2f4b8ef#0:FAIL-t38, 277b5c5e-8c6f-4c9a-a53f-1bbc96404e12<-a32408a4-f19d-4bad-97c5-ba33ae94fc9a#0:FAIL-t38] and 0 exception(s); 277b5c5e-8c6f-4c9a-a53f-1bbc96404e12@group-569FAC3F8BCE:t38, leader=null, voted=277b5c5e-8c6f-4c9a-a53f-1bbc96404e12, raftlog=277b5c5e-8c6f-4c9a-a53f-1bbc96404e12@group-569FAC3F8BCE-SegmentedRaftLog:OPENED:c-1,f-1,i0, conf=-1: [a32408a4-f19d-4bad-97c5-ba33ae94fc9a:192.168.157.254:38721, 6b24a2ab-97ee-4d49-85cc-2d76c2f4b8ef:192.168.157.254:41080, 277b5c5e-8c6f-4c9a-a53f-1bbc96404e12:192.168.157.254:41416], old=null
2019-10-16 21:55:01,041 [277b5c5e-8c6f-4c9a-a53f-1bbc96404e12@group-569FAC3F8BCE-LeaderElection56] INFO  impl.RaftServerImpl (RaftServerImpl.java:setRole(184)) - 277b5c5e-8c6f-4c9a-a53f-1bbc96404e12@group-569FAC3F8BCE: changes role from CANDIDATE to FOLLOWER at term 38 for DISCOVERED_A_NEW_TERM
2019-10-16 21:55:01,041 [277b5c5e-8c6f-4c9a-a53f-1bbc96404e12@group-569FAC3F8BCE-LeaderElection56] INFO  impl.RoleInfo (RoleInfo.java:shutdownLeaderElection(134)) - 277b5c5e-8c6f-4c9a-a53f-1bbc96404e12: shutdown LeaderElection
2019-10-16 21:55:01,041 [277b5c5e-8c6f-4c9a-a53f-1bbc96404e12@group-569FAC3F8BCE-LeaderElection56] INFO  impl.RoleInfo (RoleInfo.java:updateAndGet(143)) - 277b5c5e-8c6f-4c9a-a53f-1bbc96404e12: start FollowerState
2019-10-16 21:55:01,207 [Thread-560] INFO  impl.FollowerState (FollowerState.java:run(108)) - 277b5c5e-8c6f-4c9a-a53f-1bbc96404e12@group-569FAC3F8BCE-FollowerState: change to CANDIDATE, lastRpcTime:165ms, electionTimeout:165ms
2019-10-16 21:55:01,207 [Thread-560] INFO  impl.RoleInfo (RoleInfo.java:shutdownFollowerState(121)) - 277b5c5e-8c6f-4c9a-a53f-1bbc96404e12: shutdown FollowerState
2019-10-16 21:55:01,207 [Thread-560] INFO  impl.RaftServerImpl (RaftServerImpl.java:setRole(184)) - 277b5c5e-8c6f-4c9a-a53f-1bbc96404e12@group-569FAC3F8BCE: changes role from  FOLLOWER to CANDIDATE at term 38 for changeToCandidate
2019-10-16 21:55:01,207 [Thread-560] INFO  impl.RoleInfo (RoleInfo.java:updateAndGet(143)) - 277b5c5e-8c6f-4c9a-a53f-1bbc96404e12: start LeaderElection
2019-10-16 21:55:01,230 [277b5c5e-8c6f-4c9a-a53f-1bbc96404e12@group-569FAC3F8BCE-LeaderElection57] INFO  impl.LeaderElection (LeaderElection.java:askForVotes(178)) - 277b5c5e-8c6f-4c9a-a53f-1bbc96404e12@group-569FAC3F8BCE-LeaderElection57: begin an election at term 39 for -1: [a32408a4-f19d-4bad-97c5-ba33ae94fc9a:192.168.157.254:38721, 6b24a2ab-97ee-4d49-85cc-2d76c2f4b8ef:192.168.157.254:41080, 277b5c5e-8c6f-4c9a-a53f-1bbc96404e12:192.168.157.254:41416], old=null
2019-10-16 21:55:01,233 [grpc-default-executor-0] INFO  impl.RaftServerImpl (RaftServerImpl.java:setRole(184)) - 6b24a2ab-97ee-4d49-85cc-2d76c2f4b8ef@group-569FAC3F8BCE: changes role from  FOLLOWER to FOLLOWER at term 39 for recognizeCandidate:277b5c5e-8c6f-4c9a-a53f-1bbc96404e12
2019-10-16 21:55:01,234 [grpc-default-executor-0] INFO  impl.RoleInfo (RoleInfo.java:shutdownFollowerState(121)) - 6b24a2ab-97ee-4d49-85cc-2d76c2f4b8ef: shutdown FollowerState
2019-10-16 21:55:01,234 [grpc-default-executor-1] INFO  impl.RaftServerImpl (RaftServerImpl.java:setRole(184)) - a32408a4-f19d-4bad-97c5-ba33ae94fc9a@group-569FAC3F8BCE: changes role from  FOLLOWER to FOLLOWER at term 39 for recognizeCandidate:277b5c5e-8c6f-4c9a-a53f-1bbc96404e12
2019-10-16 21:55:01,234 [Thread-559] INFO  impl.FollowerState (FollowerState.java:run(117)) - 6b24a2ab-97ee-4d49-85cc-2d76c2f4b8ef@group-569FAC3F8BCE-FollowerState was interrupted: java.lang.InterruptedException: sleep interrupted
2019-10-16 21:55:01,234 [grpc-default-executor-0] INFO  impl.RoleInfo (RoleInfo.java:updateAndGet(143)) - 6b24a2ab-97ee-4d49-85cc-2d76c2f4b8ef: start FollowerState
2019-10-16 21:55:01,234 [grpc-default-executor-1] INFO  impl.RoleInfo (RoleInfo.java:shutdownFollowerState(121)) - a32408a4-f19d-4bad-97c5-ba33ae94fc9a: shutdown FollowerState
2019-10-16 21:55:01,234 [grpc-default-executor-1] INFO  impl.RoleInfo (RoleInfo.java:updateAndGet(143)) - a32408a4-f19d-4bad-97c5-ba33ae94fc9a: start FollowerState
2019-10-16 21:55:01,234 [Thread-558] INFO  impl.FollowerState (FollowerState.java:run(117)) - a32408a4-f19d-4bad-97c5-ba33ae94fc9a@group-569FAC3F8BCE-FollowerState was interrupted: java.lang.InterruptedException: sleep interrupted
2019-10-16 21:55:01,247 [277b5c5e-8c6f-4c9a-a53f-1bbc96404e12@group-569FAC3F8BCE-LeaderElection57] INFO  impl.LeaderElection (LeaderElection.java:logAndReturn(56)) - 277b5c5e-8c6f-4c9a-a53f-1bbc96404e12@group-569FAC3F8BCE-LeaderElection57: Election REJECTED; received 2 response(s) [277b5c5e-8c6f-4c9a-a53f-1bbc96404e12<-6b24a2ab-97ee-4d49-85cc-2d76c2f4b8ef#0:FAIL-t39, 277b5c5e-8c6f-4c9a-a53f-1bbc96404e12<-a32408a4-f19d-4bad-97c5-ba33ae94fc9a#0:FAIL-t39] and 0 exception(s); 277b5c5e-8c6f-4c9a-a53f-1bbc96404e12@group-569FAC3F8BCE:t39, leader=null, voted=277b5c5e-8c6f-4c9a-a53f-1bbc96404e12, raftlog=277b5c5e-8c6f-4c9a-a53f-1bbc96404e12@group-569FAC3F8BCE-SegmentedRaftLog:OPENED:c-1,f-1,i0, conf=-1: [a32408a4-f19d-4bad-97c5-ba33ae94fc9a:192.168.157.254:38721, 6b24a2ab-97ee-4d49-85cc-2d76c2f4b8ef:192.168.157.254:41080, 277b5c5e-8c6f-4c9a-a53f-1bbc96404e12:192.168.157.254:41416], old=null
2019-10-16 21:55:01,247 [277b5c5e-8c6f-4c9a-a53f-1bbc96404e12@group-569FAC3F8BCE-LeaderElection57] INFO  impl.RaftServerImpl (RaftServerImpl.java:setRole(184)) - 277b5c5e-8c6f-4c9a-a53f-1bbc96404e12@group-569FAC3F8BCE: changes role from CANDIDATE to FOLLOWER at term 39 for DISCOVERED_A_NEW_TERM
2019-10-16 21:55:01,247 [277b5c5e-8c6f-4c9a-a53f-1bbc96404e12@group-569FAC3F8BCE-LeaderElection57] INFO  impl.RoleInfo (RoleInfo.java:shutdownLeaderElection(134)) - 277b5c5e-8c6f-4c9a-a53f-1bbc96404e12: shutdown LeaderElection
2019-10-16 21:55:01,247 [277b5c5e-8c6f-4c9a-a53f-1bbc96404e12@group-569FAC3F8BCE-LeaderElection57] INFO  impl.RoleInfo (RoleInfo.java:updateAndGet(143)) - 277b5c5e-8c6f-4c9a-a53f-1bbc96404e12: start FollowerState
2019-10-16 21:55:01,273 [Thread-566] INFO  impl.FollowerState (FollowerState.java:run(108)) - 277b5c5e-8c6f-4c9a-a53f-1bbc96404e12@group-569FAC3F8BCE-FollowerState: change to CANDIDATE, lastRpcTime:25ms, electionTimeout:25ms
2019-10-16 21:55:01,273 [Thread-566] INFO  impl.RoleInfo (RoleInfo.java:shutdownFollowerState(121)) - 277b5c5e-8c6f-4c9a-a53f-1bbc96404e12: shutdown FollowerState
2019-10-16 21:55:01,273 [Thread-566] INFO  impl.RaftServerImpl (RaftServerImpl.java:setRole(184)) - 277b5c5e-8c6f-4c9a-a53f-1bbc96404e12@group-569FAC3F8BCE: changes role from  FOLLOWER to CANDIDATE at term 39 for changeToCandidate
2019-10-16 21:55:01,273 [Thread-566] INFO  impl.RoleInfo (RoleInfo.java:updateAndGet(143)) - 277b5c5e-8c6f-4c9a-a53f-1bbc96404e12: start LeaderElection
2019-10-16 21:55:01,288 [277b5c5e-8c6f-4c9a-a53f-1bbc96404e12@group-569FAC3F8BCE-LeaderElection58] INFO  impl.LeaderElection (LeaderElection.java:askForVotes(178)) - 277b5c5e-8c6f-4c9a-a53f-1bbc96404e12@group-569FAC3F8BCE-LeaderElection58: begin an election at term 40 for -1: [a32408a4-f19d-4bad-97c5-ba33ae94fc9a:192.168.157.254:38721, 6b24a2ab-97ee-4d49-85cc-2d76c2f4b8ef:192.168.157.254:41080, 277b5c5e-8c6f-4c9a-a53f-1bbc96404e12:192.168.157.254:41416], old=null
2019-10-16 21:55:01,292 [grpc-default-executor-1] INFO  impl.RaftServerImpl (RaftServerImpl.java:setRole(184)) - 6b24a2ab-97ee-4d49-85cc-2d76c2f4b8ef@group-569FAC3F8BCE: changes role from  FOLLOWER to FOLLOWER at term 40 for recognizeCandidate:277b5c5e-8c6f-4c9a-a53f-1bbc96404e12
2019-10-16 21:55:01,292 [grpc-default-executor-0] INFO  impl.RaftServerImpl (RaftServerImpl.java:setRole(184)) - a32408a4-f19d-4bad-97c5-ba33ae94fc9a@group-569FAC3F8BCE: changes role from  FOLLOWER to FOLLOWER at term 40 for recognizeCandidate:277b5c5e-8c6f-4c9a-a53f-1bbc96404e12
2019-10-16 21:55:01,292 [grpc-default-executor-1] INFO  impl.RoleInfo (RoleInfo.java:shutdownFollowerState(121)) - 6b24a2ab-97ee-4d49-85cc-2d76c2f4b8ef: shutdown FollowerState
2019-10-16 21:55:01,293 [grpc-default-executor-0] INFO  impl.RoleInfo (RoleInfo.java:shutdownFollowerState(121)) - a32408a4-f19d-4bad-97c5-ba33ae94fc9a: shutdown FollowerState
2019-10-16 21:55:01,293 [Thread-564] INFO  impl.FollowerState (FollowerState.java:run(117)) - 6b24a2ab-97ee-4d49-85cc-2d76c2f4b8ef@group-569FAC3F8BCE-FollowerState was interrupted: java.lang.InterruptedException: sleep interrupted
2019-10-16 21:55:01,293 [grpc-default-executor-1] INFO  impl.RoleInfo (RoleInfo.java:updateAndGet(143)) - 6b24a2ab-97ee-4d49-85cc-2d76c2f4b8ef: start FollowerState
2019-10-16 21:55:01,293 [grpc-default-executor-0] INFO  impl.RoleInfo (RoleInfo.java:updateAndGet(143)) - a32408a4-f19d-4bad-97c5-ba33ae94fc9a: start FollowerState
2019-10-16 21:55:01,293 [Thread-565] INFO  impl.FollowerState (FollowerState.java:run(117)) - a32408a4-f19d-4bad-97c5-ba33ae94fc9a@group-569FAC3F8BCE-FollowerState was interrupted: java.lang.InterruptedException: sleep interrupted
2019-10-16 21:55:01,307 [277b5c5e-8c6f-4c9a-a53f-1bbc96404e12@group-569FAC3F8BCE-LeaderElection58] INFO  impl.LeaderElection (LeaderElection.java:logAndReturn(56)) - 277b5c5e-8c6f-4c9a-a53f-1bbc96404e12@group-569FAC3F8BCE-LeaderElection58: Election REJECTED; received 2 response(s) [277b5c5e-8c6f-4c9a-a53f-1bbc96404e12<-a32408a4-f19d-4bad-97c5-ba33ae94fc9a#0:FAIL-t40, 277b5c5e-8c6f-4c9a-a53f-1bbc96404e12<-6b24a2ab-97ee-4d49-85cc-2d76c2f4b8ef#0:FAIL-t40] and 0 exception(s); 277b5c5e-8c6f-4c9a-a53f-1bbc96404e12@group-569FAC3F8BCE:t40, leader=null, voted=277b5c5e-8c6f-4c9a-a53f-1bbc96404e12, raftlog=277b5c5e-8c6f-4c9a-a53f-1bbc96404e12@group-569FAC3F8BCE-SegmentedRaftLog:OPENED:c-1,f-1,i0, conf=-1: [a32408a4-f19d-4bad-97c5-ba33ae94fc9a:192.168.157.254:38721, 6b24a2ab-97ee-4d49-85cc-2d76c2f4b8ef:192.168.157.254:41080, 277b5c5e-8c6f-4c9a-a53f-1bbc96404e12:192.168.157.254:41416], old=null
2019-10-16 21:55:01,308 [277b5c5e-8c6f-4c9a-a53f-1bbc96404e12@group-569FAC3F8BCE-LeaderElection58] INFO  impl.RaftServerImpl (RaftServerImpl.java:setRole(184)) - 277b5c5e-8c6f-4c9a-a53f-1bbc96404e12@group-569FAC3F8BCE: changes role from CANDIDATE to FOLLOWER at term 40 for DISCOVERED_A_NEW_TERM
2019-10-16 21:55:01,308 [277b5c5e-8c6f-4c9a-a53f-1bbc96404e12@group-569FAC3F8BCE-LeaderElection58] INFO  impl.RoleInfo (RoleInfo.java:shutdownLeaderElection(134)) - 277b5c5e-8c6f-4c9a-a53f-1bbc96404e12: shutdown LeaderElection
2019-10-16 21:55:01,308 [277b5c5e-8c6f-4c9a-a53f-1bbc96404e12@group-569FAC3F8BCE-LeaderElection58] INFO  impl.RoleInfo (RoleInfo.java:updateAndGet(143)) - 277b5c5e-8c6f-4c9a-a53f-1bbc96404e12: start FollowerState
2019-10-16 21:55:01,365 [Thread-572] INFO  impl.FollowerState (FollowerState.java:run(108)) - 277b5c5e-8c6f-4c9a-a53f-1bbc96404e12@group-569FAC3F8BCE-FollowerState: change to CANDIDATE, lastRpcTime:57ms, electionTimeout:57ms
2019-10-16 21:55:01,366 [Thread-572] INFO  impl.RoleInfo (RoleInfo.java:shutdownFollowerState(121)) - 277b5c5e-8c6f-4c9a-a53f-1bbc96404e12: shutdown FollowerState
2019-10-16 21:55:01,366 [Thread-572] INFO  impl.RaftServerImpl (RaftServerImpl.java:setRole(184)) - 277b5c5e-8c6f-4c9a-a53f-1bbc96404e12@group-569FAC3F8BCE: changes role from  FOLLOWER to CANDIDATE at term 40 for changeToCandidate
2019-10-16 21:55:01,366 [Thread-572] INFO  impl.RoleInfo (RoleInfo.java:updateAndGet(143)) - 277b5c5e-8c6f-4c9a-a53f-1bbc96404e12: start LeaderElection
2019-10-16 21:55:01,380 [277b5c5e-8c6f-4c9a-a53f-1bbc96404e12@group-569FAC3F8BCE-LeaderElection59] INFO  impl.LeaderElection (LeaderElection.java:askForVotes(178)) - 277b5c5e-8c6f-4c9a-a53f-1bbc96404e12@group-569FAC3F8BCE-LeaderElection59: begin an election at term 41 for -1: [a32408a4-f19d-4bad-97c5-ba33ae94fc9a:192.168.157.254:38721, 6b24a2ab-97ee-4d49-85cc-2d76c2f4b8ef:192.168.157.254:41080, 277b5c5e-8c6f-4c9a-a53f-1bbc96404e12:192.168.157.254:41416], old=null
2019-10-16 21:55:01,383 [grpc-default-executor-1] INFO  impl.RaftServerImpl (RaftServerImpl.java:setRole(184)) - a32408a4-f19d-4bad-97c5-ba33ae94fc9a@group-569FAC3F8BCE: changes role from  FOLLOWER to FOLLOWER at term 41 for recognizeCandidate:277b5c5e-8c6f-4c9a-a53f-1bbc96404e12
2019-10-16 21:55:01,383 [grpc-default-executor-1] INFO  impl.RoleInfo (RoleInfo.java:shutdownFollowerState(121)) - a32408a4-f19d-4bad-97c5-ba33ae94fc9a: shutdown FollowerState
2019-10-16 21:55:01,383 [grpc-default-executor-0] INFO  impl.RaftServerImpl (RaftServerImpl.java:setRole(184)) - 6b24a2ab-97ee-4d49-85cc-2d76c2f4b8ef@group-569FAC3F8BCE: changes role from  FOLLOWER to FOLLOWER at term 41 for recognizeCandidate:277b5c5e-8c6f-4c9a-a53f-1bbc96404e12
2019-10-16 21:55:01,383 [Thread-571] INFO  impl.FollowerState (FollowerState.java:run(117)) - a32408a4-f19d-4bad-97c5-ba33ae94fc9a@group-569FAC3F8BCE-FollowerState was interrupted: java.lang.InterruptedException: sleep interrupted
2019-10-16 21:55:01,383 [grpc-default-executor-1] INFO  impl.RoleInfo (RoleInfo.java:updateAndGet(143)) - a32408a4-f19d-4bad-97c5-ba33ae94fc9a: start FollowerState
2019-10-16 21:55:01,383 [grpc-default-executor-0] INFO  impl.RoleInfo (RoleInfo.java:shutdownFollowerState(121)) - 6b24a2ab-97ee-4d49-85cc-2d76c2f4b8ef: shutdown FollowerState
2019-10-16 21:55:01,384 [grpc-default-executor-0] INFO  impl.RoleInfo (RoleInfo.java:updateAndGet(143)) - 6b24a2ab-97ee-4d49-85cc-2d76c2f4b8ef: start FollowerState
2019-10-16 21:55:01,384 [Thread-570] INFO  impl.FollowerState (FollowerState.java:run(117)) - 6b24a2ab-97ee-4d49-85cc-2d76c2f4b8ef@group-569FAC3F8BCE-FollowerState was interrupted: java.lang.InterruptedException: sleep interrupted
2019-10-16 21:55:01,399 [277b5c5e-8c6f-4c9a-a53f-1bbc96404e12@group-569FAC3F8BCE-LeaderElection59] INFO  impl.LeaderElection (LeaderElection.java:logAndReturn(56)) - 277b5c5e-8c6f-4c9a-a53f-1bbc96404e12@group-569FAC3F8BCE-LeaderElection59: Election REJECTED; received 2 response(s) [277b5c5e-8c6f-4c9a-a53f-1bbc96404e12<-a32408a4-f19d-4bad-97c5-ba33ae94fc9a#0:FAIL-t41, 277b5c5e-8c6f-4c9a-a53f-1bbc96404e12<-6b24a2ab-97ee-4d49-85cc-2d76c2f4b8ef#0:FAIL-t41] and 0 exception(s); 277b5c5e-8c6f-4c9a-a53f-1bbc96404e12@group-569FAC3F8BCE:t41, leader=null, voted=277b5c5e-8c6f-4c9a-a53f-1bbc96404e12, raftlog=277b5c5e-8c6f-4c9a-a53f-1bbc96404e12@group-569FAC3F8BCE-SegmentedRaftLog:OPENED:c-1,f-1,i0, conf=-1: [a32408a4-f19d-4bad-97c5-ba33ae94fc9a:192.168.157.254:38721, 6b24a2ab-97ee-4d49-85cc-2d76c2f4b8ef:192.168.157.254:41080, 277b5c5e-8c6f-4c9a-a53f-1bbc96404e12:192.168.157.254:41416], old=null
2019-10-16 21:55:01,399 [277b5c5e-8c6f-4c9a-a53f-1bbc96404e12@group-569FAC3F8BCE-LeaderElection59] INFO  impl.RaftServerImpl (RaftServerImpl.java:setRole(184)) - 277b5c5e-8c6f-4c9a-a53f-1bbc96404e12@group-569FAC3F8BCE: changes role from CANDIDATE to FOLLOWER at term 41 for DISCOVERED_A_NEW_TERM
2019-10-16 21:55:01,399 [277b5c5e-8c6f-4c9a-a53f-1bbc96404e12@group-569FAC3F8BCE-LeaderElection59] INFO  impl.RoleInfo (RoleInfo.java:shutdownLeaderElection(134)) - 277b5c5e-8c6f-4c9a-a53f-1bbc96404e12: shutdown LeaderElection
2019-10-16 21:55:01,400 [277b5c5e-8c6f-4c9a-a53f-1bbc96404e12@group-569FAC3F8BCE-LeaderElection59] INFO  impl.RoleInfo (RoleInfo.java:updateAndGet(143)) - 277b5c5e-8c6f-4c9a-a53f-1bbc96404e12: start FollowerState
2019-10-16 21:55:01,494 [Thread-578] INFO  impl.FollowerState (FollowerState.java:run(108)) - 277b5c5e-8c6f-4c9a-a53f-1bbc96404e12@group-569FAC3F8BCE-FollowerState: change to CANDIDATE, lastRpcTime:94ms, electionTimeout:94ms
2019-10-16 21:55:01,494 [Thread-578] INFO  impl.RoleInfo (RoleInfo.java:shutdownFollowerState(121)) - 277b5c5e-8c6f-4c9a-a53f-1bbc96404e12: shutdown FollowerState
2019-10-16 21:55:01,494 [Thread-578] INFO  impl.RaftServerImpl (RaftServerImpl.java:setRole(184)) - 277b5c5e-8c6f-4c9a-a53f-1bbc96404e12@group-569FAC3F8BCE: changes role from  FOLLOWER to CANDIDATE at term 41 for changeToCandidate
2019-10-16 21:55:01,494 [Thread-578] INFO  impl.RoleInfo (RoleInfo.java:updateAndGet(143)) - 277b5c5e-8c6f-4c9a-a53f-1bbc96404e12: start LeaderElection
2019-10-16 21:55:01,508 [277b5c5e-8c6f-4c9a-a53f-1bbc96404e12@group-569FAC3F8BCE-LeaderElection60] INFO  impl.LeaderElection (LeaderElection.java:askForVotes(178)) - 277b5c5e-8c6f-4c9a-a53f-1bbc96404e12@group-569FAC3F8BCE-LeaderElection60: begin an election at term 42 for -1: [a32408a4-f19d-4bad-97c5-ba33ae94fc9a:192.168.157.254:38721, 6b24a2ab-97ee-4d49-85cc-2d76c2f4b8ef:192.168.157.254:41080, 277b5c5e-8c6f-4c9a-a53f-1bbc96404e12:192.168.157.254:41416], old=null
2019-10-16 21:55:01,512 [grpc-default-executor-0] INFO  impl.RaftServerImpl (RaftServerImpl.java:setRole(184)) - a32408a4-f19d-4bad-97c5-ba33ae94fc9a@group-569FAC3F8BCE: changes role from  FOLLOWER to FOLLOWER at term 42 for recognizeCandidate:277b5c5e-8c6f-4c9a-a53f-1bbc96404e12
2019-10-16 21:55:01,512 [grpc-default-executor-0] INFO  impl.RoleInfo (RoleInfo.java:shutdownFollowerState(121)) - a32408a4-f19d-4bad-97c5-ba33ae94fc9a: shutdown FollowerState
2019-10-16 21:55:01,512 [grpc-default-executor-1] INFO  impl.RaftServerImpl (RaftServerImpl.java:setRole(184)) - 6b24a2ab-97ee-4d49-85cc-2d76c2f4b8ef@group-569FAC3F8BCE: changes role from  FOLLOWER to FOLLOWER at term 42 for recognizeCandidate:277b5c5e-8c6f-4c9a-a53f-1bbc96404e12
2019-10-16 21:55:01,513 [Thread-576] INFO  impl.FollowerState (FollowerState.java:run(117)) - a32408a4-f19d-4bad-97c5-ba33ae94fc9a@group-569FAC3F8BCE-FollowerState was interrupted: java.lang.InterruptedException: sleep interrupted
2019-10-16 21:55:01,513 [grpc-default-executor-0] INFO  impl.RoleInfo (RoleInfo.java:updateAndGet(143)) - a32408a4-f19d-4bad-97c5-ba33ae94fc9a: start FollowerState
2019-10-16 21:55:01,513 [grpc-default-executor-1] INFO  impl.RoleInfo (RoleInfo.java:shutdownFollowerState(121)) - 6b24a2ab-97ee-4d49-85cc-2d76c2f4b8ef: shutdown FollowerState
2019-10-16 21:55:01,513 [grpc-default-executor-1] INFO  impl.RoleInfo (RoleInfo.java:updateAndGet(143)) - 6b24a2ab-97ee-4d49-85cc-2d76c2f4b8ef: start FollowerState
2019-10-16 21:55:01,513 [Thread-577] INFO  impl.FollowerState (FollowerState.java:run(117)) - 6b24a2ab-97ee-4d49-85cc-2d76c2f4b8ef@group-569FAC3F8BCE-FollowerState was interrupted: java.lang.InterruptedException: sleep interrupted
2019-10-16 21:55:01,540 [277b5c5e-8c6f-4c9a-a53f-1bbc96404e12@group-569FAC3F8BCE-LeaderElection60] INFO  impl.LeaderElection (LeaderElection.java:logAndReturn(56)) - 277b5c5e-8c6f-4c9a-a53f-1bbc96404e12@group-569FAC3F8BCE-LeaderElection60: Election REJECTED; received 2 response(s) [277b5c5e-8c6f-4c9a-a53f-1bbc96404e12<-a32408a4-f19d-4bad-97c5-ba33ae94fc9a#0:FAIL-t42, 277b5c5e-8c6f-4c9a-a53f-1bbc96404e12<-6b24a2ab-97ee-4d49-85cc-2d76c2f4b8ef#0:FAIL-t42] and 0 exception(s); 277b5c5e-8c6f-4c9a-a53f-1bbc96404e12@group-569FAC3F8BCE:t42, leader=null, voted=277b5c5e-8c6f-4c9a-a53f-1bbc96404e12, raftlog=277b5c5e-8c6f-4c9a-a53f-1bbc96404e12@group-569FAC3F8BCE-SegmentedRaftLog:OPENED:c-1,f-1,i0, conf=-1: [a32408a4-f19d-4bad-97c5-ba33ae94fc9a:192.168.157.254:38721, 6b24a2ab-97ee-4d49-85cc-2d76c2f4b8ef:192.168.157.254:41080, 277b5c5e-8c6f-4c9a-a53f-1bbc96404e12:192.168.157.254:41416], old=null
2019-10-16 21:55:01,540 [277b5c5e-8c6f-4c9a-a53f-1bbc96404e12@group-569FAC3F8BCE-LeaderElection60] INFO  impl.RaftServerImpl (RaftServerImpl.java:setRole(184)) - 277b5c5e-8c6f-4c9a-a53f-1bbc96404e12@group-569FAC3F8BCE: changes role from CANDIDATE to FOLLOWER at term 42 for DISCOVERED_A_NEW_TERM
2019-10-16 21:55:01,540 [277b5c5e-8c6f-4c9a-a53f-1bbc96404e12@group-569FAC3F8BCE-LeaderElection60] INFO  impl.RoleInfo (RoleInfo.java:shutdownLeaderElection(134)) - 277b5c5e-8c6f-4c9a-a53f-1bbc96404e12: shutdown LeaderElection
2019-10-16 21:55:01,540 [277b5c5e-8c6f-4c9a-a53f-1bbc96404e12@group-569FAC3F8BCE-LeaderElection60] INFO  impl.RoleInfo (RoleInfo.java:updateAndGet(143)) - 277b5c5e-8c6f-4c9a-a53f-1bbc96404e12: start FollowerState
2019-10-16 21:55:01,560 [Thread-0] INFO  ozone.MiniOzoneClusterImpl (MiniOzoneClusterImpl.java:lambda$waitForClusterToBeReady$2(164)) - Waiting for 1 number of pipelines out of 4, to report a leader.
2019-10-16 21:55:01,696 [Thread-584] INFO  impl.FollowerState (FollowerState.java:run(108)) - 277b5c5e-8c6f-4c9a-a53f-1bbc96404e12@group-569FAC3F8BCE-FollowerState: change to CANDIDATE, lastRpcTime:155ms, electionTimeout:155ms
2019-10-16 21:55:01,696 [Thread-584] INFO  impl.RoleInfo (RoleInfo.java:shutdownFollowerState(121)) - 277b5c5e-8c6f-4c9a-a53f-1bbc96404e12: shutdown FollowerState
2019-10-16 21:55:01,696 [Thread-584] INFO  impl.RaftServerImpl (RaftServerImpl.java:setRole(184)) - 277b5c5e-8c6f-4c9a-a53f-1bbc96404e12@group-569FAC3F8BCE: changes role from  FOLLOWER to CANDIDATE at term 42 for changeToCandidate
2019-10-16 21:55:01,696 [Thread-584] INFO  impl.RoleInfo (RoleInfo.java:updateAndGet(143)) - 277b5c5e-8c6f-4c9a-a53f-1bbc96404e12: start LeaderElection
2019-10-16 21:55:01,829 [277b5c5e-8c6f-4c9a-a53f-1bbc96404e12@group-569FAC3F8BCE-LeaderElection61] INFO  impl.LeaderElection (LeaderElection.java:askForVotes(178)) - 277b5c5e-8c6f-4c9a-a53f-1bbc96404e12@group-569FAC3F8BCE-LeaderElection61: begin an election at term 43 for -1: [a32408a4-f19d-4bad-97c5-ba33ae94fc9a:192.168.157.254:38721, 6b24a2ab-97ee-4d49-85cc-2d76c2f4b8ef:192.168.157.254:41080, 277b5c5e-8c6f-4c9a-a53f-1bbc96404e12:192.168.157.254:41416], old=null
2019-10-16 21:55:01,832 [grpc-default-executor-1] INFO  impl.RaftServerImpl (RaftServerImpl.java:setRole(184)) - a32408a4-f19d-4bad-97c5-ba33ae94fc9a@group-569FAC3F8BCE: changes role from  FOLLOWER to FOLLOWER at term 43 for recognizeCandidate:277b5c5e-8c6f-4c9a-a53f-1bbc96404e12
2019-10-16 21:55:01,832 [grpc-default-executor-1] INFO  impl.RoleInfo (RoleInfo.java:shutdownFollowerState(121)) - a32408a4-f19d-4bad-97c5-ba33ae94fc9a: shutdown FollowerState
2019-10-16 21:55:01,833 [grpc-default-executor-0] INFO  impl.RaftServerImpl (RaftServerImpl.java:setRole(184)) - 6b24a2ab-97ee-4d49-85cc-2d76c2f4b8ef@group-569FAC3F8BCE: changes role from  FOLLOWER to FOLLOWER at term 43 for recognizeCandidate:277b5c5e-8c6f-4c9a-a53f-1bbc96404e12
2019-10-16 21:55:01,833 [Thread-582] INFO  impl.FollowerState (FollowerState.java:run(117)) - a32408a4-f19d-4bad-97c5-ba33ae94fc9a@group-569FAC3F8BCE-FollowerState was interrupted: java.lang.InterruptedException: sleep interrupted
2019-10-16 21:55:01,833 [grpc-default-executor-1] INFO  impl.RoleInfo (RoleInfo.java:updateAndGet(143)) - a32408a4-f19d-4bad-97c5-ba33ae94fc9a: start FollowerState
2019-10-16 21:55:01,833 [grpc-default-executor-0] INFO  impl.RoleInfo (RoleInfo.java:shutdownFollowerState(121)) - 6b24a2ab-97ee-4d49-85cc-2d76c2f4b8ef: shutdown FollowerState
2019-10-16 21:55:01,834 [grpc-default-executor-0] INFO  impl.RoleInfo (RoleInfo.java:updateAndGet(143)) - 6b24a2ab-97ee-4d49-85cc-2d76c2f4b8ef: start FollowerState
2019-10-16 21:55:01,834 [Thread-583] INFO  impl.FollowerState (FollowerState.java:run(117)) - 6b24a2ab-97ee-4d49-85cc-2d76c2f4b8ef@group-569FAC3F8BCE-FollowerState was interrupted: java.lang.InterruptedException: sleep interrupted
2019-10-16 21:55:01,840 [277b5c5e-8c6f-4c9a-a53f-1bbc96404e12@group-569FAC3F8BCE-LeaderElection61] INFO  impl.LeaderElection (LeaderElection.java:logAndReturn(56)) - 277b5c5e-8c6f-4c9a-a53f-1bbc96404e12@group-569FAC3F8BCE-LeaderElection61: Election REJECTED; received 2 response(s) [277b5c5e-8c6f-4c9a-a53f-1bbc96404e12<-a32408a4-f19d-4bad-97c5-ba33ae94fc9a#0:FAIL-t43, 277b5c5e-8c6f-4c9a-a53f-1bbc96404e12<-6b24a2ab-97ee-4d49-85cc-2d76c2f4b8ef#0:FAIL-t43] and 0 exception(s); 277b5c5e-8c6f-4c9a-a53f-1bbc96404e12@group-569FAC3F8BCE:t43, leader=null, voted=277b5c5e-8c6f-4c9a-a53f-1bbc96404e12, raftlog=277b5c5e-8c6f-4c9a-a53f-1bbc96404e12@group-569FAC3F8BCE-SegmentedRaftLog:OPENED:c-1,f-1,i0, conf=-1: [a32408a4-f19d-4bad-97c5-ba33ae94fc9a:192.168.157.254:38721, 6b24a2ab-97ee-4d49-85cc-2d76c2f4b8ef:192.168.157.254:41080, 277b5c5e-8c6f-4c9a-a53f-1bbc96404e12:192.168.157.254:41416], old=null
2019-10-16 21:55:01,840 [277b5c5e-8c6f-4c9a-a53f-1bbc96404e12@group-569FAC3F8BCE-LeaderElection61] INFO  impl.RaftServerImpl (RaftServerImpl.java:setRole(184)) - 277b5c5e-8c6f-4c9a-a53f-1bbc96404e12@group-569FAC3F8BCE: changes role from CANDIDATE to FOLLOWER at term 43 for DISCOVERED_A_NEW_TERM
2019-10-16 21:55:01,840 [277b5c5e-8c6f-4c9a-a53f-1bbc96404e12@group-569FAC3F8BCE-LeaderElection61] INFO  impl.RoleInfo (RoleInfo.java:shutdownLeaderElection(134)) - 277b5c5e-8c6f-4c9a-a53f-1bbc96404e12: shutdown LeaderElection
2019-10-16 21:55:01,840 [277b5c5e-8c6f-4c9a-a53f-1bbc96404e12@group-569FAC3F8BCE-LeaderElection61] INFO  impl.RoleInfo (RoleInfo.java:updateAndGet(143)) - 277b5c5e-8c6f-4c9a-a53f-1bbc96404e12: start FollowerState
2019-10-16 21:55:02,012 [Thread-590] INFO  impl.FollowerState (FollowerState.java:run(108)) - 277b5c5e-8c6f-4c9a-a53f-1bbc96404e12@group-569FAC3F8BCE-FollowerState: change to CANDIDATE, lastRpcTime:171ms, electionTimeout:171ms
2019-10-16 21:55:02,012 [Thread-590] INFO  impl.RoleInfo (RoleInfo.java:shutdownFollowerState(121)) - 277b5c5e-8c6f-4c9a-a53f-1bbc96404e12: shutdown FollowerState
2019-10-16 21:55:02,012 [Thread-590] INFO  impl.RaftServerImpl (RaftServerImpl.java:setRole(184)) - 277b5c5e-8c6f-4c9a-a53f-1bbc96404e12@group-569FAC3F8BCE: changes role from  FOLLOWER to CANDIDATE at term 43 for changeToCandidate
2019-10-16 21:55:02,013 [Thread-590] INFO  impl.RoleInfo (RoleInfo.java:updateAndGet(143)) - 277b5c5e-8c6f-4c9a-a53f-1bbc96404e12: start LeaderElection
2019-10-16 21:55:02,042 [277b5c5e-8c6f-4c9a-a53f-1bbc96404e12@group-569FAC3F8BCE-LeaderElection62] INFO  impl.LeaderElection (LeaderElection.java:askForVotes(178)) - 277b5c5e-8c6f-4c9a-a53f-1bbc96404e12@group-569FAC3F8BCE-LeaderElection62: begin an election at term 44 for -1: [a32408a4-f19d-4bad-97c5-ba33ae94fc9a:192.168.157.254:38721, 6b24a2ab-97ee-4d49-85cc-2d76c2f4b8ef:192.168.157.254:41080, 277b5c5e-8c6f-4c9a-a53f-1bbc96404e12:192.168.157.254:41416], old=null
2019-10-16 21:55:02,046 [grpc-default-executor-0] INFO  impl.RaftServerImpl (RaftServerImpl.java:setRole(184)) - a32408a4-f19d-4bad-97c5-ba33ae94fc9a@group-569FAC3F8BCE: changes role from  FOLLOWER to FOLLOWER at term 44 for recognizeCandidate:277b5c5e-8c6f-4c9a-a53f-1bbc96404e12
2019-10-16 21:55:02,046 [grpc-default-executor-1] INFO  impl.RaftServerImpl (RaftServerImpl.java:setRole(184)) - 6b24a2ab-97ee-4d49-85cc-2d76c2f4b8ef@group-569FAC3F8BCE: changes role from  FOLLOWER to FOLLOWER at term 44 for recognizeCandidate:277b5c5e-8c6f-4c9a-a53f-1bbc96404e12
2019-10-16 21:55:02,046 [grpc-default-executor-0] INFO  impl.RoleInfo (RoleInfo.java:shutdownFollowerState(121)) - a32408a4-f19d-4bad-97c5-ba33ae94fc9a: shutdown FollowerState
2019-10-16 21:55:02,046 [grpc-default-executor-1] INFO  impl.RoleInfo (RoleInfo.java:shutdownFollowerState(121)) - 6b24a2ab-97ee-4d49-85cc-2d76c2f4b8ef: shutdown FollowerState
2019-10-16 21:55:02,046 [Thread-588] INFO  impl.FollowerState (FollowerState.java:run(117)) - a32408a4-f19d-4bad-97c5-ba33ae94fc9a@group-569FAC3F8BCE-FollowerState was interrupted: java.lang.InterruptedException: sleep interrupted
2019-10-16 21:55:02,046 [grpc-default-executor-0] INFO  impl.RoleInfo (RoleInfo.java:updateAndGet(143)) - a32408a4-f19d-4bad-97c5-ba33ae94fc9a: start FollowerState
2019-10-16 21:55:02,047 [Thread-589] INFO  impl.FollowerState (FollowerState.java:run(117)) - 6b24a2ab-97ee-4d49-85cc-2d76c2f4b8ef@group-569FAC3F8BCE-FollowerState was interrupted: java.lang.InterruptedException: sleep interrupted
2019-10-16 21:55:02,047 [grpc-default-executor-1] INFO  impl.RoleInfo (RoleInfo.java:updateAndGet(143)) - 6b24a2ab-97ee-4d49-85cc-2d76c2f4b8ef: start FollowerState
2019-10-16 21:55:02,057 [277b5c5e-8c6f-4c9a-a53f-1bbc96404e12@group-569FAC3F8BCE-LeaderElection62] INFO  impl.LeaderElection (LeaderElection.java:logAndReturn(56)) - 277b5c5e-8c6f-4c9a-a53f-1bbc96404e12@group-569FAC3F8BCE-LeaderElection62: Election REJECTED; received 2 response(s) [277b5c5e-8c6f-4c9a-a53f-1bbc96404e12<-6b24a2ab-97ee-4d49-85cc-2d76c2f4b8ef#0:FAIL-t44, 277b5c5e-8c6f-4c9a-a53f-1bbc96404e12<-a32408a4-f19d-4bad-97c5-ba33ae94fc9a#0:FAIL-t44] and 0 exception(s); 277b5c5e-8c6f-4c9a-a53f-1bbc96404e12@group-569FAC3F8BCE:t44, leader=null, voted=277b5c5e-8c6f-4c9a-a53f-1bbc96404e12, raftlog=277b5c5e-8c6f-4c9a-a53f-1bbc96404e12@group-569FAC3F8BCE-SegmentedRaftLog:OPENED:c-1,f-1,i0, conf=-1: [a32408a4-f19d-4bad-97c5-ba33ae94fc9a:192.168.157.254:38721, 6b24a2ab-97ee-4d49-85cc-2d76c2f4b8ef:192.168.157.254:41080, 277b5c5e-8c6f-4c9a-a53f-1bbc96404e12:192.168.157.254:41416], old=null
2019-10-16 21:55:02,057 [277b5c5e-8c6f-4c9a-a53f-1bbc96404e12@group-569FAC3F8BCE-LeaderElection62] INFO  impl.RaftServerImpl (RaftServerImpl.java:setRole(184)) - 277b5c5e-8c6f-4c9a-a53f-1bbc96404e12@group-569FAC3F8BCE: changes role from CANDIDATE to FOLLOWER at term 44 for DISCOVERED_A_NEW_TERM
2019-10-16 21:55:02,057 [277b5c5e-8c6f-4c9a-a53f-1bbc96404e12@group-569FAC3F8BCE-LeaderElection62] INFO  impl.RoleInfo (RoleInfo.java:shutdownLeaderElection(134)) - 277b5c5e-8c6f-4c9a-a53f-1bbc96404e12: shutdown LeaderElection
2019-10-16 21:55:02,057 [277b5c5e-8c6f-4c9a-a53f-1bbc96404e12@group-569FAC3F8BCE-LeaderElection62] INFO  impl.RoleInfo (RoleInfo.java:updateAndGet(143)) - 277b5c5e-8c6f-4c9a-a53f-1bbc96404e12: start FollowerState
2019-10-16 21:55:02,221 [Thread-596] INFO  impl.FollowerState (FollowerState.java:run(108)) - 277b5c5e-8c6f-4c9a-a53f-1bbc96404e12@group-569FAC3F8BCE-FollowerState: change to CANDIDATE, lastRpcTime:163ms, electionTimeout:163ms
2019-10-16 21:55:02,221 [Thread-596] INFO  impl.RoleInfo (RoleInfo.java:shutdownFollowerState(121)) - 277b5c5e-8c6f-4c9a-a53f-1bbc96404e12: shutdown FollowerState
2019-10-16 21:55:02,221 [Thread-596] INFO  impl.RaftServerImpl (RaftServerImpl.java:setRole(184)) - 277b5c5e-8c6f-4c9a-a53f-1bbc96404e12@group-569FAC3F8BCE: changes role from  FOLLOWER to CANDIDATE at term 44 for changeToCandidate
2019-10-16 21:55:02,222 [Thread-596] INFO  impl.RoleInfo (RoleInfo.java:updateAndGet(143)) - 277b5c5e-8c6f-4c9a-a53f-1bbc96404e12: start LeaderElection
2019-10-16 21:55:02,235 [277b5c5e-8c6f-4c9a-a53f-1bbc96404e12@group-569FAC3F8BCE-LeaderElection63] INFO  impl.LeaderElection (LeaderElection.java:askForVotes(178)) - 277b5c5e-8c6f-4c9a-a53f-1bbc96404e12@group-569FAC3F8BCE-LeaderElection63: begin an election at term 45 for -1: [a32408a4-f19d-4bad-97c5-ba33ae94fc9a:192.168.157.254:38721, 6b24a2ab-97ee-4d49-85cc-2d76c2f4b8ef:192.168.157.254:41080, 277b5c5e-8c6f-4c9a-a53f-1bbc96404e12:192.168.157.254:41416], old=null
2019-10-16 21:55:02,238 [grpc-default-executor-1] INFO  impl.RaftServerImpl (RaftServerImpl.java:setRole(184)) - a32408a4-f19d-4bad-97c5-ba33ae94fc9a@group-569FAC3F8BCE: changes role from  FOLLOWER to FOLLOWER at term 45 for recognizeCandidate:277b5c5e-8c6f-4c9a-a53f-1bbc96404e12
2019-10-16 21:55:02,239 [grpc-default-executor-1] INFO  impl.RoleInfo (RoleInfo.java:shutdownFollowerState(121)) - a32408a4-f19d-4bad-97c5-ba33ae94fc9a: shutdown FollowerState
2019-10-16 21:55:02,239 [grpc-default-executor-0] INFO  impl.RaftServerImpl (RaftServerImpl.java:setRole(184)) - 6b24a2ab-97ee-4d49-85cc-2d76c2f4b8ef@group-569FAC3F8BCE: changes role from  FOLLOWER to FOLLOWER at term 45 for recognizeCandidate:277b5c5e-8c6f-4c9a-a53f-1bbc96404e12
2019-10-16 21:55:02,239 [Thread-594] INFO  impl.FollowerState (FollowerState.java:run(117)) - a32408a4-f19d-4bad-97c5-ba33ae94fc9a@group-569FAC3F8BCE-FollowerState was interrupted: java.lang.InterruptedException: sleep interrupted
2019-10-16 21:55:02,239 [grpc-default-executor-1] INFO  impl.RoleInfo (RoleInfo.java:updateAndGet(143)) - a32408a4-f19d-4bad-97c5-ba33ae94fc9a: start FollowerState
2019-10-16 21:55:02,239 [grpc-default-executor-0] INFO  impl.RoleInfo (RoleInfo.java:shutdownFollowerState(121)) - 6b24a2ab-97ee-4d49-85cc-2d76c2f4b8ef: shutdown FollowerState
2019-10-16 21:55:02,240 [grpc-default-executor-0] INFO  impl.RoleInfo (RoleInfo.java:updateAndGet(143)) - 6b24a2ab-97ee-4d49-85cc-2d76c2f4b8ef: start FollowerState
2019-10-16 21:55:02,240 [Thread-595] INFO  impl.FollowerState (FollowerState.java:run(117)) - 6b24a2ab-97ee-4d49-85cc-2d76c2f4b8ef@group-569FAC3F8BCE-FollowerState was interrupted: java.lang.InterruptedException: sleep interrupted
2019-10-16 21:55:02,256 [277b5c5e-8c6f-4c9a-a53f-1bbc96404e12@group-569FAC3F8BCE-LeaderElection63] INFO  impl.LeaderElection (LeaderElection.java:logAndReturn(56)) - 277b5c5e-8c6f-4c9a-a53f-1bbc96404e12@group-569FAC3F8BCE-LeaderElection63: Election REJECTED; received 2 response(s) [277b5c5e-8c6f-4c9a-a53f-1bbc96404e12<-6b24a2ab-97ee-4d49-85cc-2d76c2f4b8ef#0:FAIL-t45, 277b5c5e-8c6f-4c9a-a53f-1bbc96404e12<-a32408a4-f19d-4bad-97c5-ba33ae94fc9a#0:FAIL-t45] and 0 exception(s); 277b5c5e-8c6f-4c9a-a53f-1bbc96404e12@group-569FAC3F8BCE:t45, leader=null, voted=277b5c5e-8c6f-4c9a-a53f-1bbc96404e12, raftlog=277b5c5e-8c6f-4c9a-a53f-1bbc96404e12@group-569FAC3F8BCE-SegmentedRaftLog:OPENED:c-1,f-1,i0, conf=-1: [a32408a4-f19d-4bad-97c5-ba33ae94fc9a:192.168.157.254:38721, 6b24a2ab-97ee-4d49-85cc-2d76c2f4b8ef:192.168.157.254:41080, 277b5c5e-8c6f-4c9a-a53f-1bbc96404e12:192.168.157.254:41416], old=null
2019-10-16 21:55:02,256 [277b5c5e-8c6f-4c9a-a53f-1bbc96404e12@group-569FAC3F8BCE-LeaderElection63] INFO  impl.RaftServerImpl (RaftServerImpl.java:setRole(184)) - 277b5c5e-8c6f-4c9a-a53f-1bbc96404e12@group-569FAC3F8BCE: changes role from CANDIDATE to FOLLOWER at term 45 for DISCOVERED_A_NEW_TERM
2019-10-16 21:55:02,257 [277b5c5e-8c6f-4c9a-a53f-1bbc96404e12@group-569FAC3F8BCE-LeaderElection63] INFO  impl.RoleInfo (RoleInfo.java:shutdownLeaderElection(134)) - 277b5c5e-8c6f-4c9a-a53f-1bbc96404e12: shutdown LeaderElection
2019-10-16 21:55:02,257 [277b5c5e-8c6f-4c9a-a53f-1bbc96404e12@group-569FAC3F8BCE-LeaderElection63] INFO  impl.RoleInfo (RoleInfo.java:updateAndGet(143)) - 277b5c5e-8c6f-4c9a-a53f-1bbc96404e12: start FollowerState
2019-10-16 21:55:02,285 [Thread-602] INFO  impl.FollowerState (FollowerState.java:run(108)) - 277b5c5e-8c6f-4c9a-a53f-1bbc96404e12@group-569FAC3F8BCE-FollowerState: change to CANDIDATE, lastRpcTime:28ms, electionTimeout:28ms
2019-10-16 21:55:02,285 [Thread-602] INFO  impl.RoleInfo (RoleInfo.java:shutdownFollowerState(121)) - 277b5c5e-8c6f-4c9a-a53f-1bbc96404e12: shutdown FollowerState
2019-10-16 21:55:02,285 [Thread-602] INFO  impl.RaftServerImpl (RaftServerImpl.java:setRole(184)) - 277b5c5e-8c6f-4c9a-a53f-1bbc96404e12@group-569FAC3F8BCE: changes role from  FOLLOWER to CANDIDATE at term 45 for changeToCandidate
2019-10-16 21:55:02,286 [Thread-602] INFO  impl.RoleInfo (RoleInfo.java:updateAndGet(143)) - 277b5c5e-8c6f-4c9a-a53f-1bbc96404e12: start LeaderElection
2019-10-16 21:55:02,298 [277b5c5e-8c6f-4c9a-a53f-1bbc96404e12@group-569FAC3F8BCE-LeaderElection64] INFO  impl.LeaderElection (LeaderElection.java:askForVotes(178)) - 277b5c5e-8c6f-4c9a-a53f-1bbc96404e12@group-569FAC3F8BCE-LeaderElection64: begin an election at term 46 for -1: [a32408a4-f19d-4bad-97c5-ba33ae94fc9a:192.168.157.254:38721, 6b24a2ab-97ee-4d49-85cc-2d76c2f4b8ef:192.168.157.254:41080, 277b5c5e-8c6f-4c9a-a53f-1bbc96404e12:192.168.157.254:41416], old=null
2019-10-16 21:55:02,301 [grpc-default-executor-0] INFO  impl.RaftServerImpl (RaftServerImpl.java:setRole(184)) - a32408a4-f19d-4bad-97c5-ba33ae94fc9a@group-569FAC3F8BCE: changes role from  FOLLOWER to FOLLOWER at term 46 for recognizeCandidate:277b5c5e-8c6f-4c9a-a53f-1bbc96404e12
2019-10-16 21:55:02,301 [grpc-default-executor-1] INFO  impl.RaftServerImpl (RaftServerImpl.java:setRole(184)) - 6b24a2ab-97ee-4d49-85cc-2d76c2f4b8ef@group-569FAC3F8BCE: changes role from  FOLLOWER to FOLLOWER at term 46 for recognizeCandidate:277b5c5e-8c6f-4c9a-a53f-1bbc96404e12
2019-10-16 21:55:02,302 [grpc-default-executor-1] INFO  impl.RoleInfo (RoleInfo.java:shutdownFollowerState(121)) - 6b24a2ab-97ee-4d49-85cc-2d76c2f4b8ef: shutdown FollowerState
2019-10-16 21:55:02,301 [grpc-default-executor-0] INFO  impl.RoleInfo (RoleInfo.java:shutdownFollowerState(121)) - a32408a4-f19d-4bad-97c5-ba33ae94fc9a: shutdown FollowerState
2019-10-16 21:55:02,302 [grpc-default-executor-1] INFO  impl.RoleInfo (RoleInfo.java:updateAndGet(143)) - 6b24a2ab-97ee-4d49-85cc-2d76c2f4b8ef: start FollowerState
2019-10-16 21:55:02,302 [Thread-601] INFO  impl.FollowerState (FollowerState.java:run(117)) - 6b24a2ab-97ee-4d49-85cc-2d76c2f4b8ef@group-569FAC3F8BCE-FollowerState was interrupted: java.lang.InterruptedException: sleep interrupted
2019-10-16 21:55:02,302 [grpc-default-executor-0] INFO  impl.RoleInfo (RoleInfo.java:updateAndGet(143)) - a32408a4-f19d-4bad-97c5-ba33ae94fc9a: start FollowerState
2019-10-16 21:55:02,302 [Thread-600] INFO  impl.FollowerState (FollowerState.java:run(117)) - a32408a4-f19d-4bad-97c5-ba33ae94fc9a@group-569FAC3F8BCE-FollowerState was interrupted: java.lang.InterruptedException: sleep interrupted
2019-10-16 21:55:02,318 [277b5c5e-8c6f-4c9a-a53f-1bbc96404e12@group-569FAC3F8BCE-LeaderElection64] INFO  impl.LeaderElection (LeaderElection.java:logAndReturn(56)) - 277b5c5e-8c6f-4c9a-a53f-1bbc96404e12@group-569FAC3F8BCE-LeaderElection64: Election REJECTED; received 2 response(s) [277b5c5e-8c6f-4c9a-a53f-1bbc96404e12<-6b24a2ab-97ee-4d49-85cc-2d76c2f4b8ef#0:FAIL-t46, 277b5c5e-8c6f-4c9a-a53f-1bbc96404e12<-a32408a4-f19d-4bad-97c5-ba33ae94fc9a#0:FAIL-t46] and 0 exception(s); 277b5c5e-8c6f-4c9a-a53f-1bbc96404e12@group-569FAC3F8BCE:t46, leader=null, voted=277b5c5e-8c6f-4c9a-a53f-1bbc96404e12, raftlog=277b5c5e-8c6f-4c9a-a53f-1bbc96404e12@group-569FAC3F8BCE-SegmentedRaftLog:OPENED:c-1,f-1,i0, conf=-1: [a32408a4-f19d-4bad-97c5-ba33ae94fc9a:192.168.157.254:38721, 6b24a2ab-97ee-4d49-85cc-2d76c2f4b8ef:192.168.157.254:41080, 277b5c5e-8c6f-4c9a-a53f-1bbc96404e12:192.168.157.254:41416], old=null
2019-10-16 21:55:02,318 [277b5c5e-8c6f-4c9a-a53f-1bbc96404e12@group-569FAC3F8BCE-LeaderElection64] INFO  impl.RaftServerImpl (RaftServerImpl.java:setRole(184)) - 277b5c5e-8c6f-4c9a-a53f-1bbc96404e12@group-569FAC3F8BCE: changes role from CANDIDATE to FOLLOWER at term 46 for DISCOVERED_A_NEW_TERM
2019-10-16 21:55:02,319 [277b5c5e-8c6f-4c9a-a53f-1bbc96404e12@group-569FAC3F8BCE-LeaderElection64] INFO  impl.RoleInfo (RoleInfo.java:shutdownLeaderElection(134)) - 277b5c5e-8c6f-4c9a-a53f-1bbc96404e12: shutdown LeaderElection
2019-10-16 21:55:02,319 [277b5c5e-8c6f-4c9a-a53f-1bbc96404e12@group-569FAC3F8BCE-LeaderElection64] INFO  impl.RoleInfo (RoleInfo.java:updateAndGet(143)) - 277b5c5e-8c6f-4c9a-a53f-1bbc96404e12: start FollowerState
2019-10-16 21:55:02,383 [Thread-608] INFO  impl.FollowerState (FollowerState.java:run(108)) - 277b5c5e-8c6f-4c9a-a53f-1bbc96404e12@group-569FAC3F8BCE-FollowerState: change to CANDIDATE, lastRpcTime:64ms, electionTimeout:64ms
2019-10-16 21:55:02,383 [Thread-608] INFO  impl.RoleInfo (RoleInfo.java:shutdownFollowerState(121)) - 277b5c5e-8c6f-4c9a-a53f-1bbc96404e12: shutdown FollowerState
2019-10-16 21:55:02,384 [Thread-608] INFO  impl.RaftServerImpl (RaftServerImpl.java:setRole(184)) - 277b5c5e-8c6f-4c9a-a53f-1bbc96404e12@group-569FAC3F8BCE: changes role from  FOLLOWER to CANDIDATE at term 46 for changeToCandidate
2019-10-16 21:55:02,384 [Thread-608] INFO  impl.RoleInfo (RoleInfo.java:updateAndGet(143)) - 277b5c5e-8c6f-4c9a-a53f-1bbc96404e12: start LeaderElection
2019-10-16 21:55:02,410 [277b5c5e-8c6f-4c9a-a53f-1bbc96404e12@group-569FAC3F8BCE-LeaderElection65] INFO  impl.LeaderElection (LeaderElection.java:askForVotes(178)) - 277b5c5e-8c6f-4c9a-a53f-1bbc96404e12@group-569FAC3F8BCE-LeaderElection65: begin an election at term 47 for -1: [a32408a4-f19d-4bad-97c5-ba33ae94fc9a:192.168.157.254:38721, 6b24a2ab-97ee-4d49-85cc-2d76c2f4b8ef:192.168.157.254:41080, 277b5c5e-8c6f-4c9a-a53f-1bbc96404e12:192.168.157.254:41416], old=null
2019-10-16 21:55:02,414 [grpc-default-executor-1] INFO  impl.RaftServerImpl (RaftServerImpl.java:setRole(184)) - 6b24a2ab-97ee-4d49-85cc-2d76c2f4b8ef@group-569FAC3F8BCE: changes role from  FOLLOWER to FOLLOWER at term 47 for recognizeCandidate:277b5c5e-8c6f-4c9a-a53f-1bbc96404e12
2019-10-16 21:55:02,414 [grpc-default-executor-0] INFO  impl.RaftServerImpl (RaftServerImpl.java:setRole(184)) - a32408a4-f19d-4bad-97c5-ba33ae94fc9a@group-569FAC3F8BCE: changes role from  FOLLOWER to FOLLOWER at term 47 for recognizeCandidate:277b5c5e-8c6f-4c9a-a53f-1bbc96404e12
2019-10-16 21:55:02,414 [grpc-default-executor-1] INFO  impl.RoleInfo (RoleInfo.java:shutdownFollowerState(121)) - 6b24a2ab-97ee-4d49-85cc-2d76c2f4b8ef: shutdown FollowerState
2019-10-16 21:55:02,414 [grpc-default-executor-0] INFO  impl.RoleInfo (RoleInfo.java:shutdownFollowerState(121)) - a32408a4-f19d-4bad-97c5-ba33ae94fc9a: shutdown FollowerState
2019-10-16 21:55:02,415 [Thread-606] INFO  impl.FollowerState (FollowerState.java:run(117)) - 6b24a2ab-97ee-4d49-85cc-2d76c2f4b8ef@group-569FAC3F8BCE-FollowerState was interrupted: java.lang.InterruptedException: sleep interrupted
2019-10-16 21:55:02,414 [grpc-default-executor-1] INFO  impl.RoleInfo (RoleInfo.java:updateAndGet(143)) - 6b24a2ab-97ee-4d49-85cc-2d76c2f4b8ef: start FollowerState
2019-10-16 21:55:02,415 [Thread-607] INFO  impl.FollowerState (FollowerState.java:run(117)) - a32408a4-f19d-4bad-97c5-ba33ae94fc9a@group-569FAC3F8BCE-FollowerState was interrupted: java.lang.InterruptedException: sleep interrupted
2019-10-16 21:55:02,415 [grpc-default-executor-0] INFO  impl.RoleInfo (RoleInfo.java:updateAndGet(143)) - a32408a4-f19d-4bad-97c5-ba33ae94fc9a: start FollowerState
2019-10-16 21:55:02,430 [277b5c5e-8c6f-4c9a-a53f-1bbc96404e12@group-569FAC3F8BCE-LeaderElection65] INFO  impl.LeaderElection (LeaderElection.java:logAndReturn(56)) - 277b5c5e-8c6f-4c9a-a53f-1bbc96404e12@group-569FAC3F8BCE-LeaderElection65: Election REJECTED; received 2 response(s) [277b5c5e-8c6f-4c9a-a53f-1bbc96404e12<-6b24a2ab-97ee-4d49-85cc-2d76c2f4b8ef#0:FAIL-t47, 277b5c5e-8c6f-4c9a-a53f-1bbc96404e12<-a32408a4-f19d-4bad-97c5-ba33ae94fc9a#0:FAIL-t47] and 0 exception(s); 277b5c5e-8c6f-4c9a-a53f-1bbc96404e12@group-569FAC3F8BCE:t47, leader=null, voted=277b5c5e-8c6f-4c9a-a53f-1bbc96404e12, raftlog=277b5c5e-8c6f-4c9a-a53f-1bbc96404e12@group-569FAC3F8BCE-SegmentedRaftLog:OPENED:c-1,f-1,i0, conf=-1: [a32408a4-f19d-4bad-97c5-ba33ae94fc9a:192.168.157.254:38721, 6b24a2ab-97ee-4d49-85cc-2d76c2f4b8ef:192.168.157.254:41080, 277b5c5e-8c6f-4c9a-a53f-1bbc96404e12:192.168.157.254:41416], old=null
2019-10-16 21:55:02,430 [277b5c5e-8c6f-4c9a-a53f-1bbc96404e12@group-569FAC3F8BCE-LeaderElection65] INFO  impl.RaftServerImpl (RaftServerImpl.java:setRole(184)) - 277b5c5e-8c6f-4c9a-a53f-1bbc96404e12@group-569FAC3F8BCE: changes role from CANDIDATE to FOLLOWER at term 47 for DISCOVERED_A_NEW_TERM
2019-10-16 21:55:02,430 [277b5c5e-8c6f-4c9a-a53f-1bbc96404e12@group-569FAC3F8BCE-LeaderElection65] INFO  impl.RoleInfo (RoleInfo.java:shutdownLeaderElection(134)) - 277b5c5e-8c6f-4c9a-a53f-1bbc96404e12: shutdown LeaderElection
2019-10-16 21:55:02,430 [277b5c5e-8c6f-4c9a-a53f-1bbc96404e12@group-569FAC3F8BCE-LeaderElection65] INFO  impl.RoleInfo (RoleInfo.java:updateAndGet(143)) - 277b5c5e-8c6f-4c9a-a53f-1bbc96404e12: start FollowerState
2019-10-16 21:55:02,561 [Thread-0] INFO  ozone.MiniOzoneClusterImpl (MiniOzoneClusterImpl.java:lambda$waitForClusterToBeReady$2(164)) - Waiting for 1 number of pipelines out of 4, to report a leader.
2019-10-16 21:55:02,582 [Thread-614] INFO  impl.FollowerState (FollowerState.java:run(108)) - 277b5c5e-8c6f-4c9a-a53f-1bbc96404e12@group-569FAC3F8BCE-FollowerState: change to CANDIDATE, lastRpcTime:151ms, electionTimeout:151ms
2019-10-16 21:55:02,582 [Thread-614] INFO  impl.RoleInfo (RoleInfo.java:shutdownFollowerState(121)) - 277b5c5e-8c6f-4c9a-a53f-1bbc96404e12: shutdown FollowerState
2019-10-16 21:55:02,582 [Thread-614] INFO  impl.RaftServerImpl (RaftServerImpl.java:setRole(184)) - 277b5c5e-8c6f-4c9a-a53f-1bbc96404e12@group-569FAC3F8BCE: changes role from  FOLLOWER to CANDIDATE at term 47 for changeToCandidate
2019-10-16 21:55:02,582 [Thread-614] INFO  impl.RoleInfo (RoleInfo.java:updateAndGet(143)) - 277b5c5e-8c6f-4c9a-a53f-1bbc96404e12: start LeaderElection
2019-10-16 21:55:02,586 [277b5c5e-8c6f-4c9a-a53f-1bbc96404e12@group-569FAC3F8BCE-LeaderElection66] INFO  impl.LeaderElection (LeaderElection.java:askForVotes(178)) - 277b5c5e-8c6f-4c9a-a53f-1bbc96404e12@group-569FAC3F8BCE-LeaderElection66: begin an election at term 48 for -1: [a32408a4-f19d-4bad-97c5-ba33ae94fc9a:192.168.157.254:38721, 6b24a2ab-97ee-4d49-85cc-2d76c2f4b8ef:192.168.157.254:41080, 277b5c5e-8c6f-4c9a-a53f-1bbc96404e12:192.168.157.254:41416], old=null
2019-10-16 21:55:02,590 [grpc-default-executor-1] INFO  impl.RaftServerImpl (RaftServerImpl.java:setRole(184)) - a32408a4-f19d-4bad-97c5-ba33ae94fc9a@group-569FAC3F8BCE: changes role from  FOLLOWER to FOLLOWER at term 48 for recognizeCandidate:277b5c5e-8c6f-4c9a-a53f-1bbc96404e12
2019-10-16 21:55:02,590 [grpc-default-executor-0] INFO  impl.RaftServerImpl (RaftServerImpl.java:setRole(184)) - 6b24a2ab-97ee-4d49-85cc-2d76c2f4b8ef@group-569FAC3F8BCE: changes role from  FOLLOWER to FOLLOWER at term 48 for recognizeCandidate:277b5c5e-8c6f-4c9a-a53f-1bbc96404e12
2019-10-16 21:55:02,590 [grpc-default-executor-1] INFO  impl.RoleInfo (RoleInfo.java:shutdownFollowerState(121)) - a32408a4-f19d-4bad-97c5-ba33ae94fc9a: shutdown FollowerState
2019-10-16 21:55:02,590 [grpc-default-executor-0] INFO  impl.RoleInfo (RoleInfo.java:shutdownFollowerState(121)) - 6b24a2ab-97ee-4d49-85cc-2d76c2f4b8ef: shutdown FollowerState
2019-10-16 21:55:02,590 [Thread-613] INFO  impl.FollowerState (FollowerState.java:run(117)) - a32408a4-f19d-4bad-97c5-ba33ae94fc9a@group-569FAC3F8BCE-FollowerState was interrupted: java.lang.InterruptedException: sleep interrupted
2019-10-16 21:55:02,590 [grpc-default-executor-1] INFO  impl.RoleInfo (RoleInfo.java:updateAndGet(143)) - a32408a4-f19d-4bad-97c5-ba33ae94fc9a: start FollowerState
2019-10-16 21:55:02,590 [Thread-612] INFO  impl.FollowerState (FollowerState.java:run(117)) - 6b24a2ab-97ee-4d49-85cc-2d76c2f4b8ef@group-569FAC3F8BCE-FollowerState was interrupted: java.lang.InterruptedException: sleep interrupted
2019-10-16 21:55:02,590 [grpc-default-executor-0] INFO  impl.RoleInfo (RoleInfo.java:updateAndGet(143)) - 6b24a2ab-97ee-4d49-85cc-2d76c2f4b8ef: start FollowerState
2019-10-16 21:55:02,638 [277b5c5e-8c6f-4c9a-a53f-1bbc96404e12@group-569FAC3F8BCE-LeaderElection66] INFO  impl.LeaderElection (LeaderElection.java:logAndReturn(56)) - 277b5c5e-8c6f-4c9a-a53f-1bbc96404e12@group-569FAC3F8BCE-LeaderElection66: Election REJECTED; received 2 response(s) [277b5c5e-8c6f-4c9a-a53f-1bbc96404e12<-6b24a2ab-97ee-4d49-85cc-2d76c2f4b8ef#0:FAIL-t48, 277b5c5e-8c6f-4c9a-a53f-1bbc96404e12<-a32408a4-f19d-4bad-97c5-ba33ae94fc9a#0:FAIL-t48] and 0 exception(s); 277b5c5e-8c6f-4c9a-a53f-1bbc96404e12@group-569FAC3F8BCE:t48, leader=null, voted=277b5c5e-8c6f-4c9a-a53f-1bbc96404e12, raftlog=277b5c5e-8c6f-4c9a-a53f-1bbc96404e12@group-569FAC3F8BCE-SegmentedRaftLog:OPENED:c-1,f-1,i0, conf=-1: [a32408a4-f19d-4bad-97c5-ba33ae94fc9a:192.168.157.254:38721, 6b24a2ab-97ee-4d49-85cc-2d76c2f4b8ef:192.168.157.254:41080, 277b5c5e-8c6f-4c9a-a53f-1bbc96404e12:192.168.157.254:41416], old=null
2019-10-16 21:55:02,638 [277b5c5e-8c6f-4c9a-a53f-1bbc96404e12@group-569FAC3F8BCE-LeaderElection66] INFO  impl.RaftServerImpl (RaftServerImpl.java:setRole(184)) - 277b5c5e-8c6f-4c9a-a53f-1bbc96404e12@group-569FAC3F8BCE: changes role from CANDIDATE to FOLLOWER at term 48 for DISCOVERED_A_NEW_TERM
2019-10-16 21:55:02,638 [277b5c5e-8c6f-4c9a-a53f-1bbc96404e12@group-569FAC3F8BCE-LeaderElection66] INFO  impl.RoleInfo (RoleInfo.java:shutdownLeaderElection(134)) - 277b5c5e-8c6f-4c9a-a53f-1bbc96404e12: shutdown LeaderElection
2019-10-16 21:55:02,638 [277b5c5e-8c6f-4c9a-a53f-1bbc96404e12@group-569FAC3F8BCE-LeaderElection66] INFO  impl.RoleInfo (RoleInfo.java:updateAndGet(143)) - 277b5c5e-8c6f-4c9a-a53f-1bbc96404e12: start FollowerState
2019-10-16 21:55:02,809 [Thread-620] INFO  impl.FollowerState (FollowerState.java:run(108)) - 277b5c5e-8c6f-4c9a-a53f-1bbc96404e12@group-569FAC3F8BCE-FollowerState: change to CANDIDATE, lastRpcTime:170ms, electionTimeout:170ms
2019-10-16 21:55:02,811 [Thread-620] INFO  impl.RoleInfo (RoleInfo.java:shutdownFollowerState(121)) - 277b5c5e-8c6f-4c9a-a53f-1bbc96404e12: shutdown FollowerState
2019-10-16 21:55:02,811 [Thread-620] INFO  impl.RaftServerImpl (RaftServerImpl.java:setRole(184)) - 277b5c5e-8c6f-4c9a-a53f-1bbc96404e12@group-569FAC3F8BCE: changes role from  FOLLOWER to CANDIDATE at term 48 for changeToCandidate
2019-10-16 21:55:02,812 [Thread-620] INFO  impl.RoleInfo (RoleInfo.java:updateAndGet(143)) - 277b5c5e-8c6f-4c9a-a53f-1bbc96404e12: start LeaderElection
2019-10-16 21:55:02,828 [277b5c5e-8c6f-4c9a-a53f-1bbc96404e12@group-569FAC3F8BCE-LeaderElection67] INFO  impl.LeaderElection (LeaderElection.java:askForVotes(178)) - 277b5c5e-8c6f-4c9a-a53f-1bbc96404e12@group-569FAC3F8BCE-LeaderElection67: begin an election at term 49 for -1: [a32408a4-f19d-4bad-97c5-ba33ae94fc9a:192.168.157.254:38721, 6b24a2ab-97ee-4d49-85cc-2d76c2f4b8ef:192.168.157.254:41080, 277b5c5e-8c6f-4c9a-a53f-1bbc96404e12:192.168.157.254:41416], old=null
2019-10-16 21:55:02,836 [grpc-default-executor-1] INFO  impl.RaftServerImpl (RaftServerImpl.java:setRole(184)) - a32408a4-f19d-4bad-97c5-ba33ae94fc9a@group-569FAC3F8BCE: changes role from  FOLLOWER to FOLLOWER at term 49 for recognizeCandidate:277b5c5e-8c6f-4c9a-a53f-1bbc96404e12
2019-10-16 21:55:02,836 [grpc-default-executor-1] INFO  impl.RoleInfo (RoleInfo.java:shutdownFollowerState(121)) - a32408a4-f19d-4bad-97c5-ba33ae94fc9a: shutdown FollowerState
2019-10-16 21:55:02,836 [grpc-default-executor-0] INFO  impl.RaftServerImpl (RaftServerImpl.java:setRole(184)) - 6b24a2ab-97ee-4d49-85cc-2d76c2f4b8ef@group-569FAC3F8BCE: changes role from  FOLLOWER to FOLLOWER at term 49 for recognizeCandidate:277b5c5e-8c6f-4c9a-a53f-1bbc96404e12
2019-10-16 21:55:02,836 [Thread-618] INFO  impl.FollowerState (FollowerState.java:run(117)) - a32408a4-f19d-4bad-97c5-ba33ae94fc9a@group-569FAC3F8BCE-FollowerState was interrupted: java.lang.InterruptedException: sleep interrupted
2019-10-16 21:55:02,836 [grpc-default-executor-1] INFO  impl.RoleInfo (RoleInfo.java:updateAndGet(143)) - a32408a4-f19d-4bad-97c5-ba33ae94fc9a: start FollowerState
2019-10-16 21:55:02,836 [grpc-default-executor-0] INFO  impl.RoleInfo (RoleInfo.java:shutdownFollowerState(121)) - 6b24a2ab-97ee-4d49-85cc-2d76c2f4b8ef: shutdown FollowerState
2019-10-16 21:55:02,837 [grpc-default-executor-0] INFO  impl.RoleInfo (RoleInfo.java:updateAndGet(143)) - 6b24a2ab-97ee-4d49-85cc-2d76c2f4b8ef: start FollowerState
2019-10-16 21:55:02,837 [Thread-619] INFO  impl.FollowerState (FollowerState.java:run(117)) - 6b24a2ab-97ee-4d49-85cc-2d76c2f4b8ef@group-569FAC3F8BCE-FollowerState was interrupted: java.lang.InterruptedException: sleep interrupted
2019-10-16 21:55:02,844 [277b5c5e-8c6f-4c9a-a53f-1bbc96404e12@group-569FAC3F8BCE-LeaderElection67] INFO  impl.LeaderElection (LeaderElection.java:logAndReturn(56)) - 277b5c5e-8c6f-4c9a-a53f-1bbc96404e12@group-569FAC3F8BCE-LeaderElection67: Election TIMEOUT; received 0 response(s) [] and 0 exception(s); 277b5c5e-8c6f-4c9a-a53f-1bbc96404e12@group-569FAC3F8BCE:t49, leader=null, voted=277b5c5e-8c6f-4c9a-a53f-1bbc96404e12, raftlog=277b5c5e-8c6f-4c9a-a53f-1bbc96404e12@group-569FAC3F8BCE-SegmentedRaftLog:OPENED:c-1,f-1,i0, conf=-1: [a32408a4-f19d-4bad-97c5-ba33ae94fc9a:192.168.157.254:38721, 6b24a2ab-97ee-4d49-85cc-2d76c2f4b8ef:192.168.157.254:41080, 277b5c5e-8c6f-4c9a-a53f-1bbc96404e12:192.168.157.254:41416], old=null
2019-10-16 21:55:02,863 [277b5c5e-8c6f-4c9a-a53f-1bbc96404e12@group-569FAC3F8BCE-LeaderElection67] INFO  impl.LeaderElection (LeaderElection.java:askForVotes(178)) - 277b5c5e-8c6f-4c9a-a53f-1bbc96404e12@group-569FAC3F8BCE-LeaderElection67: begin an election at term 50 for -1: [a32408a4-f19d-4bad-97c5-ba33ae94fc9a:192.168.157.254:38721, 6b24a2ab-97ee-4d49-85cc-2d76c2f4b8ef:192.168.157.254:41080, 277b5c5e-8c6f-4c9a-a53f-1bbc96404e12:192.168.157.254:41416], old=null
2019-10-16 21:55:02,865 [grpc-default-executor-1] INFO  impl.RaftServerImpl (RaftServerImpl.java:setRole(184)) - 6b24a2ab-97ee-4d49-85cc-2d76c2f4b8ef@group-569FAC3F8BCE: changes role from  FOLLOWER to FOLLOWER at term 50 for recognizeCandidate:277b5c5e-8c6f-4c9a-a53f-1bbc96404e12
2019-10-16 21:55:02,865 [grpc-default-executor-1] INFO  impl.RoleInfo (RoleInfo.java:shutdownFollowerState(121)) - 6b24a2ab-97ee-4d49-85cc-2d76c2f4b8ef: shutdown FollowerState
2019-10-16 21:55:02,865 [grpc-default-executor-1] INFO  impl.RoleInfo (RoleInfo.java:updateAndGet(143)) - 6b24a2ab-97ee-4d49-85cc-2d76c2f4b8ef: start FollowerState
2019-10-16 21:55:02,865 [Thread-625] INFO  impl.FollowerState (FollowerState.java:run(117)) - 6b24a2ab-97ee-4d49-85cc-2d76c2f4b8ef@group-569FAC3F8BCE-FollowerState was interrupted: java.lang.InterruptedException: sleep interrupted
2019-10-16 21:55:02,866 [grpc-default-executor-0] INFO  impl.RaftServerImpl (RaftServerImpl.java:setRole(184)) - a32408a4-f19d-4bad-97c5-ba33ae94fc9a@group-569FAC3F8BCE: changes role from  FOLLOWER to FOLLOWER at term 50 for recognizeCandidate:277b5c5e-8c6f-4c9a-a53f-1bbc96404e12
2019-10-16 21:55:02,866 [grpc-default-executor-0] INFO  impl.RoleInfo (RoleInfo.java:shutdownFollowerState(121)) - a32408a4-f19d-4bad-97c5-ba33ae94fc9a: shutdown FollowerState
2019-10-16 21:55:02,866 [grpc-default-executor-0] INFO  impl.RoleInfo (RoleInfo.java:updateAndGet(143)) - a32408a4-f19d-4bad-97c5-ba33ae94fc9a: start FollowerState
2019-10-16 21:55:02,866 [Thread-624] INFO  impl.FollowerState (FollowerState.java:run(117)) - a32408a4-f19d-4bad-97c5-ba33ae94fc9a@group-569FAC3F8BCE-FollowerState was interrupted: java.lang.InterruptedException: sleep interrupted
2019-10-16 21:55:02,879 [277b5c5e-8c6f-4c9a-a53f-1bbc96404e12@group-569FAC3F8BCE-LeaderElection67] INFO  impl.LeaderElection (LeaderElection.java:logAndReturn(56)) - 277b5c5e-8c6f-4c9a-a53f-1bbc96404e12@group-569FAC3F8BCE-LeaderElection67: Election TIMEOUT; received 0 response(s) [] and 0 exception(s); 277b5c5e-8c6f-4c9a-a53f-1bbc96404e12@group-569FAC3F8BCE:t50, leader=null, voted=277b5c5e-8c6f-4c9a-a53f-1bbc96404e12, raftlog=277b5c5e-8c6f-4c9a-a53f-1bbc96404e12@group-569FAC3F8BCE-SegmentedRaftLog:OPENED:c-1,f-1,i0, conf=-1: [a32408a4-f19d-4bad-97c5-ba33ae94fc9a:192.168.157.254:38721, 6b24a2ab-97ee-4d49-85cc-2d76c2f4b8ef:192.168.157.254:41080, 277b5c5e-8c6f-4c9a-a53f-1bbc96404e12:192.168.157.254:41416], old=null
2019-10-16 21:55:02,893 [277b5c5e-8c6f-4c9a-a53f-1bbc96404e12@group-569FAC3F8BCE-LeaderElection67] INFO  impl.LeaderElection (LeaderElection.java:askForVotes(178)) - 277b5c5e-8c6f-4c9a-a53f-1bbc96404e12@group-569FAC3F8BCE-LeaderElection67: begin an election at term 51 for -1: [a32408a4-f19d-4bad-97c5-ba33ae94fc9a:192.168.157.254:38721, 6b24a2ab-97ee-4d49-85cc-2d76c2f4b8ef:192.168.157.254:41080, 277b5c5e-8c6f-4c9a-a53f-1bbc96404e12:192.168.157.254:41416], old=null
2019-10-16 21:55:02,895 [grpc-default-executor-0] INFO  impl.RaftServerImpl (RaftServerImpl.java:setRole(184)) - a32408a4-f19d-4bad-97c5-ba33ae94fc9a@group-569FAC3F8BCE: changes role from  FOLLOWER to FOLLOWER at term 51 for recognizeCandidate:277b5c5e-8c6f-4c9a-a53f-1bbc96404e12
2019-10-16 21:55:02,896 [grpc-default-executor-0] INFO  impl.RoleInfo (RoleInfo.java:shutdownFollowerState(121)) - a32408a4-f19d-4bad-97c5-ba33ae94fc9a: shutdown FollowerState
2019-10-16 21:55:02,896 [grpc-default-executor-1] INFO  impl.RaftServerImpl (RaftServerImpl.java:setRole(184)) - 6b24a2ab-97ee-4d49-85cc-2d76c2f4b8ef@group-569FAC3F8BCE: changes role from  FOLLOWER to FOLLOWER at term 51 for recognizeCandidate:277b5c5e-8c6f-4c9a-a53f-1bbc96404e12
2019-10-16 21:55:02,896 [Thread-629] INFO  impl.FollowerState (FollowerState.java:run(117)) - a32408a4-f19d-4bad-97c5-ba33ae94fc9a@group-569FAC3F8BCE-FollowerState was interrupted: java.lang.InterruptedException: sleep interrupted
2019-10-16 21:55:02,896 [grpc-default-executor-0] INFO  impl.RoleInfo (RoleInfo.java:updateAndGet(143)) - a32408a4-f19d-4bad-97c5-ba33ae94fc9a: start FollowerState
2019-10-16 21:55:02,896 [grpc-default-executor-1] INFO  impl.RoleInfo (RoleInfo.java:shutdownFollowerState(121)) - 6b24a2ab-97ee-4d49-85cc-2d76c2f4b8ef: shutdown FollowerState
2019-10-16 21:55:02,896 [grpc-default-executor-1] INFO  impl.RoleInfo (RoleInfo.java:updateAndGet(143)) - 6b24a2ab-97ee-4d49-85cc-2d76c2f4b8ef: start FollowerState
2019-10-16 21:55:02,896 [Thread-628] INFO  impl.FollowerState (FollowerState.java:run(117)) - 6b24a2ab-97ee-4d49-85cc-2d76c2f4b8ef@group-569FAC3F8BCE-FollowerState was interrupted: java.lang.InterruptedException: sleep interrupted
2019-10-16 21:55:02,911 [277b5c5e-8c6f-4c9a-a53f-1bbc96404e12@group-569FAC3F8BCE-LeaderElection67] INFO  impl.LeaderElection (LeaderElection.java:logAndReturn(56)) - 277b5c5e-8c6f-4c9a-a53f-1bbc96404e12@group-569FAC3F8BCE-LeaderElection67: Election REJECTED; received 2 response(s) [277b5c5e-8c6f-4c9a-a53f-1bbc96404e12<-6b24a2ab-97ee-4d49-85cc-2d76c2f4b8ef#0:FAIL-t51, 277b5c5e-8c6f-4c9a-a53f-1bbc96404e12<-a32408a4-f19d-4bad-97c5-ba33ae94fc9a#0:FAIL-t51] and 0 exception(s); 277b5c5e-8c6f-4c9a-a53f-1bbc96404e12@group-569FAC3F8BCE:t51, leader=null, voted=277b5c5e-8c6f-4c9a-a53f-1bbc96404e12, raftlog=277b5c5e-8c6f-4c9a-a53f-1bbc96404e12@group-569FAC3F8BCE-SegmentedRaftLog:OPENED:c-1,f-1,i0, conf=-1: [a32408a4-f19d-4bad-97c5-ba33ae94fc9a:192.168.157.254:38721, 6b24a2ab-97ee-4d49-85cc-2d76c2f4b8ef:192.168.157.254:41080, 277b5c5e-8c6f-4c9a-a53f-1bbc96404e12:192.168.157.254:41416], old=null
2019-10-16 21:55:02,911 [277b5c5e-8c6f-4c9a-a53f-1bbc96404e12@group-569FAC3F8BCE-LeaderElection67] INFO  impl.RaftServerImpl (RaftServerImpl.java:setRole(184)) - 277b5c5e-8c6f-4c9a-a53f-1bbc96404e12@group-569FAC3F8BCE: changes role from CANDIDATE to FOLLOWER at term 51 for DISCOVERED_A_NEW_TERM
2019-10-16 21:55:02,911 [277b5c5e-8c6f-4c9a-a53f-1bbc96404e12@group-569FAC3F8BCE-LeaderElection67] INFO  impl.RoleInfo (RoleInfo.java:shutdownLeaderElection(134)) - 277b5c5e-8c6f-4c9a-a53f-1bbc96404e12: shutdown LeaderElection
2019-10-16 21:55:02,912 [277b5c5e-8c6f-4c9a-a53f-1bbc96404e12@group-569FAC3F8BCE-LeaderElection67] INFO  impl.RoleInfo (RoleInfo.java:updateAndGet(143)) - 277b5c5e-8c6f-4c9a-a53f-1bbc96404e12: start FollowerState
2019-10-16 21:55:03,076 [Thread-634] INFO  impl.FollowerState (FollowerState.java:run(108)) - 277b5c5e-8c6f-4c9a-a53f-1bbc96404e12@group-569FAC3F8BCE-FollowerState: change to CANDIDATE, lastRpcTime:164ms, electionTimeout:164ms
2019-10-16 21:55:03,076 [Thread-634] INFO  impl.RoleInfo (RoleInfo.java:shutdownFollowerState(121)) - 277b5c5e-8c6f-4c9a-a53f-1bbc96404e12: shutdown FollowerState
2019-10-16 21:55:03,077 [Thread-634] INFO  impl.RaftServerImpl (RaftServerImpl.java:setRole(184)) - 277b5c5e-8c6f-4c9a-a53f-1bbc96404e12@group-569FAC3F8BCE: changes role from  FOLLOWER to CANDIDATE at term 51 for changeToCandidate
2019-10-16 21:55:03,077 [Thread-634] INFO  impl.RoleInfo (RoleInfo.java:updateAndGet(143)) - 277b5c5e-8c6f-4c9a-a53f-1bbc96404e12: start LeaderElection
2019-10-16 21:55:03,103 [277b5c5e-8c6f-4c9a-a53f-1bbc96404e12@group-569FAC3F8BCE-LeaderElection68] INFO  impl.LeaderElection (LeaderElection.java:askForVotes(178)) - 277b5c5e-8c6f-4c9a-a53f-1bbc96404e12@group-569FAC3F8BCE-LeaderElection68: begin an election at term 52 for -1: [a32408a4-f19d-4bad-97c5-ba33ae94fc9a:192.168.157.254:38721, 6b24a2ab-97ee-4d49-85cc-2d76c2f4b8ef:192.168.157.254:41080, 277b5c5e-8c6f-4c9a-a53f-1bbc96404e12:192.168.157.254:41416], old=null
2019-10-16 21:55:03,106 [grpc-default-executor-1] INFO  impl.RaftServerImpl (RaftServerImpl.java:setRole(184)) - 6b24a2ab-97ee-4d49-85cc-2d76c2f4b8ef@group-569FAC3F8BCE: changes role from  FOLLOWER to FOLLOWER at term 52 for recognizeCandidate:277b5c5e-8c6f-4c9a-a53f-1bbc96404e12
2019-10-16 21:55:03,106 [grpc-default-executor-0] INFO  impl.RaftServerImpl (RaftServerImpl.java:setRole(184)) - a32408a4-f19d-4bad-97c5-ba33ae94fc9a@group-569FAC3F8BCE: changes role from  FOLLOWER to FOLLOWER at term 52 for recognizeCandidate:277b5c5e-8c6f-4c9a-a53f-1bbc96404e12
2019-10-16 21:55:03,106 [grpc-default-executor-1] INFO  impl.RoleInfo (RoleInfo.java:shutdownFollowerState(121)) - 6b24a2ab-97ee-4d49-85cc-2d76c2f4b8ef: shutdown FollowerState
2019-10-16 21:55:03,107 [grpc-default-executor-0] INFO  impl.RoleInfo (RoleInfo.java:shutdownFollowerState(121)) - a32408a4-f19d-4bad-97c5-ba33ae94fc9a: shutdown FollowerState
2019-10-16 21:55:03,107 [Thread-633] INFO  impl.FollowerState (FollowerState.java:run(117)) - 6b24a2ab-97ee-4d49-85cc-2d76c2f4b8ef@group-569FAC3F8BCE-FollowerState was interrupted: java.lang.InterruptedException: sleep interrupted
2019-10-16 21:55:03,107 [grpc-default-executor-1] INFO  impl.RoleInfo (RoleInfo.java:updateAndGet(143)) - 6b24a2ab-97ee-4d49-85cc-2d76c2f4b8ef: start FollowerState
2019-10-16 21:55:03,107 [Thread-632] INFO  impl.FollowerState (FollowerState.java:run(117)) - a32408a4-f19d-4bad-97c5-ba33ae94fc9a@group-569FAC3F8BCE-FollowerState was interrupted: java.lang.InterruptedException: sleep interrupted
2019-10-16 21:55:03,107 [grpc-default-executor-0] INFO  impl.RoleInfo (RoleInfo.java:updateAndGet(143)) - a32408a4-f19d-4bad-97c5-ba33ae94fc9a: start FollowerState
2019-10-16 21:55:03,121 [277b5c5e-8c6f-4c9a-a53f-1bbc96404e12@group-569FAC3F8BCE-LeaderElection68] INFO  impl.LeaderElection (LeaderElection.java:logAndReturn(56)) - 277b5c5e-8c6f-4c9a-a53f-1bbc96404e12@group-569FAC3F8BCE-LeaderElection68: Election REJECTED; received 2 response(s) [277b5c5e-8c6f-4c9a-a53f-1bbc96404e12<-6b24a2ab-97ee-4d49-85cc-2d76c2f4b8ef#0:FAIL-t52, 277b5c5e-8c6f-4c9a-a53f-1bbc96404e12<-a32408a4-f19d-4bad-97c5-ba33ae94fc9a#0:FAIL-t52] and 0 exception(s); 277b5c5e-8c6f-4c9a-a53f-1bbc96404e12@group-569FAC3F8BCE:t52, leader=null, voted=277b5c5e-8c6f-4c9a-a53f-1bbc96404e12, raftlog=277b5c5e-8c6f-4c9a-a53f-1bbc96404e12@group-569FAC3F8BCE-SegmentedRaftLog:OPENED:c-1,f-1,i0, conf=-1: [a32408a4-f19d-4bad-97c5-ba33ae94fc9a:192.168.157.254:38721, 6b24a2ab-97ee-4d49-85cc-2d76c2f4b8ef:192.168.157.254:41080, 277b5c5e-8c6f-4c9a-a53f-1bbc96404e12:192.168.157.254:41416], old=null
2019-10-16 21:55:03,121 [277b5c5e-8c6f-4c9a-a53f-1bbc96404e12@group-569FAC3F8BCE-LeaderElection68] INFO  impl.RaftServerImpl (RaftServerImpl.java:setRole(184)) - 277b5c5e-8c6f-4c9a-a53f-1bbc96404e12@group-569FAC3F8BCE: changes role from CANDIDATE to FOLLOWER at term 52 for DISCOVERED_A_NEW_TERM
2019-10-16 21:55:03,121 [277b5c5e-8c6f-4c9a-a53f-1bbc96404e12@group-569FAC3F8BCE-LeaderElection68] INFO  impl.RoleInfo (RoleInfo.java:shutdownLeaderElection(134)) - 277b5c5e-8c6f-4c9a-a53f-1bbc96404e12: shutdown LeaderElection
2019-10-16 21:55:03,121 [277b5c5e-8c6f-4c9a-a53f-1bbc96404e12@group-569FAC3F8BCE-LeaderElection68] INFO  impl.RoleInfo (RoleInfo.java:updateAndGet(143)) - 277b5c5e-8c6f-4c9a-a53f-1bbc96404e12: start FollowerState
2019-10-16 21:55:03,218 [Thread-640] INFO  impl.FollowerState (FollowerState.java:run(108)) - 277b5c5e-8c6f-4c9a-a53f-1bbc96404e12@group-569FAC3F8BCE-FollowerState: change to CANDIDATE, lastRpcTime:97ms, electionTimeout:97ms
2019-10-16 21:55:03,219 [Thread-640] INFO  impl.RoleInfo (RoleInfo.java:shutdownFollowerState(121)) - 277b5c5e-8c6f-4c9a-a53f-1bbc96404e12: shutdown FollowerState
2019-10-16 21:55:03,219 [Thread-640] INFO  impl.RaftServerImpl (RaftServerImpl.java:setRole(184)) - 277b5c5e-8c6f-4c9a-a53f-1bbc96404e12@group-569FAC3F8BCE: changes role from  FOLLOWER to CANDIDATE at term 52 for changeToCandidate
2019-10-16 21:55:03,219 [Thread-640] INFO  impl.RoleInfo (RoleInfo.java:updateAndGet(143)) - 277b5c5e-8c6f-4c9a-a53f-1bbc96404e12: start LeaderElection
2019-10-16 21:55:03,233 [277b5c5e-8c6f-4c9a-a53f-1bbc96404e12@group-569FAC3F8BCE-LeaderElection69] INFO  impl.LeaderElection (LeaderElection.java:askForVotes(178)) - 277b5c5e-8c6f-4c9a-a53f-1bbc96404e12@group-569FAC3F8BCE-LeaderElection69: begin an election at term 53 for -1: [a32408a4-f19d-4bad-97c5-ba33ae94fc9a:192.168.157.254:38721, 6b24a2ab-97ee-4d49-85cc-2d76c2f4b8ef:192.168.157.254:41080, 277b5c5e-8c6f-4c9a-a53f-1bbc96404e12:192.168.157.254:41416], old=null
2019-10-16 21:55:03,235 [grpc-default-executor-0] INFO  impl.RaftServerImpl (RaftServerImpl.java:setRole(184)) - a32408a4-f19d-4bad-97c5-ba33ae94fc9a@group-569FAC3F8BCE: changes role from  FOLLOWER to FOLLOWER at term 53 for recognizeCandidate:277b5c5e-8c6f-4c9a-a53f-1bbc96404e12
2019-10-16 21:55:03,236 [grpc-default-executor-0] INFO  impl.RoleInfo (RoleInfo.java:shutdownFollowerState(121)) - a32408a4-f19d-4bad-97c5-ba33ae94fc9a: shutdown FollowerState
2019-10-16 21:55:03,236 [grpc-default-executor-1] INFO  impl.RaftServerImpl (RaftServerImpl.java:setRole(184)) - 6b24a2ab-97ee-4d49-85cc-2d76c2f4b8ef@group-569FAC3F8BCE: changes role from  FOLLOWER to FOLLOWER at term 53 for recognizeCandidate:277b5c5e-8c6f-4c9a-a53f-1bbc96404e12
2019-10-16 21:55:03,236 [grpc-default-executor-0] INFO  impl.RoleInfo (RoleInfo.java:updateAndGet(143)) - a32408a4-f19d-4bad-97c5-ba33ae94fc9a: start FollowerState
2019-10-16 21:55:03,236 [Thread-639] INFO  impl.FollowerState (FollowerState.java:run(117)) - a32408a4-f19d-4bad-97c5-ba33ae94fc9a@group-569FAC3F8BCE-FollowerState was interrupted: java.lang.InterruptedException: sleep interrupted
2019-10-16 21:55:03,236 [grpc-default-executor-1] INFO  impl.RoleInfo (RoleInfo.java:shutdownFollowerState(121)) - 6b24a2ab-97ee-4d49-85cc-2d76c2f4b8ef: shutdown FollowerState
2019-10-16 21:55:03,236 [grpc-default-executor-1] INFO  impl.RoleInfo (RoleInfo.java:updateAndGet(143)) - 6b24a2ab-97ee-4d49-85cc-2d76c2f4b8ef: start FollowerState
2019-10-16 21:55:03,236 [Thread-638] INFO  impl.FollowerState (FollowerState.java:run(117)) - 6b24a2ab-97ee-4d49-85cc-2d76c2f4b8ef@group-569FAC3F8BCE-FollowerState was interrupted: java.lang.InterruptedException: sleep interrupted
2019-10-16 21:55:03,246 [277b5c5e-8c6f-4c9a-a53f-1bbc96404e12@group-569FAC3F8BCE-LeaderElection69] INFO  impl.LeaderElection (LeaderElection.java:logAndReturn(56)) - 277b5c5e-8c6f-4c9a-a53f-1bbc96404e12@group-569FAC3F8BCE-LeaderElection69: Election TIMEOUT; received 0 response(s) [] and 0 exception(s); 277b5c5e-8c6f-4c9a-a53f-1bbc96404e12@group-569FAC3F8BCE:t53, leader=null, voted=277b5c5e-8c6f-4c9a-a53f-1bbc96404e12, raftlog=277b5c5e-8c6f-4c9a-a53f-1bbc96404e12@group-569FAC3F8BCE-SegmentedRaftLog:OPENED:c-1,f-1,i0, conf=-1: [a32408a4-f19d-4bad-97c5-ba33ae94fc9a:192.168.157.254:38721, 6b24a2ab-97ee-4d49-85cc-2d76c2f4b8ef:192.168.157.254:41080, 277b5c5e-8c6f-4c9a-a53f-1bbc96404e12:192.168.157.254:41416], old=null
2019-10-16 21:55:03,250 [277b5c5e-8c6f-4c9a-a53f-1bbc96404e12@group-569FAC3F8BCE-LeaderElection69] INFO  impl.LeaderElection (LeaderElection.java:askForVotes(178)) - 277b5c5e-8c6f-4c9a-a53f-1bbc96404e12@group-569FAC3F8BCE-LeaderElection69: begin an election at term 54 for -1: [a32408a4-f19d-4bad-97c5-ba33ae94fc9a:192.168.157.254:38721, 6b24a2ab-97ee-4d49-85cc-2d76c2f4b8ef:192.168.157.254:41080, 277b5c5e-8c6f-4c9a-a53f-1bbc96404e12:192.168.157.254:41416], old=null
2019-10-16 21:55:03,252 [grpc-default-executor-1] INFO  impl.RaftServerImpl (RaftServerImpl.java:setRole(184)) - a32408a4-f19d-4bad-97c5-ba33ae94fc9a@group-569FAC3F8BCE: changes role from  FOLLOWER to FOLLOWER at term 54 for recognizeCandidate:277b5c5e-8c6f-4c9a-a53f-1bbc96404e12
2019-10-16 21:55:03,252 [grpc-default-executor-1] INFO  impl.RoleInfo (RoleInfo.java:shutdownFollowerState(121)) - a32408a4-f19d-4bad-97c5-ba33ae94fc9a: shutdown FollowerState
2019-10-16 21:55:03,252 [grpc-default-executor-0] INFO  impl.RaftServerImpl (RaftServerImpl.java:setRole(184)) - 6b24a2ab-97ee-4d49-85cc-2d76c2f4b8ef@group-569FAC3F8BCE: changes role from  FOLLOWER to FOLLOWER at term 54 for recognizeCandidate:277b5c5e-8c6f-4c9a-a53f-1bbc96404e12
2019-10-16 21:55:03,252 [grpc-default-executor-1] INFO  impl.RoleInfo (RoleInfo.java:updateAndGet(143)) - a32408a4-f19d-4bad-97c5-ba33ae94fc9a: start FollowerState
2019-10-16 21:55:03,252 [Thread-644] INFO  impl.FollowerState (FollowerState.java:run(117)) - a32408a4-f19d-4bad-97c5-ba33ae94fc9a@group-569FAC3F8BCE-FollowerState was interrupted: java.lang.InterruptedException: sleep interrupted
2019-10-16 21:55:03,252 [grpc-default-executor-0] INFO  impl.RoleInfo (RoleInfo.java:shutdownFollowerState(121)) - 6b24a2ab-97ee-4d49-85cc-2d76c2f4b8ef: shutdown FollowerState
2019-10-16 21:55:03,253 [grpc-default-executor-0] INFO  impl.RoleInfo (RoleInfo.java:updateAndGet(143)) - 6b24a2ab-97ee-4d49-85cc-2d76c2f4b8ef: start FollowerState
2019-10-16 21:55:03,253 [Thread-645] INFO  impl.FollowerState (FollowerState.java:run(117)) - 6b24a2ab-97ee-4d49-85cc-2d76c2f4b8ef@group-569FAC3F8BCE-FollowerState was interrupted: java.lang.InterruptedException: sleep interrupted
2019-10-16 21:55:03,270 [277b5c5e-8c6f-4c9a-a53f-1bbc96404e12@group-569FAC3F8BCE-LeaderElection69] INFO  impl.LeaderElection (LeaderElection.java:logAndReturn(56)) - 277b5c5e-8c6f-4c9a-a53f-1bbc96404e12@group-569FAC3F8BCE-LeaderElection69: Election REJECTED; received 2 response(s) [277b5c5e-8c6f-4c9a-a53f-1bbc96404e12<-a32408a4-f19d-4bad-97c5-ba33ae94fc9a#0:FAIL-t54, 277b5c5e-8c6f-4c9a-a53f-1bbc96404e12<-6b24a2ab-97ee-4d49-85cc-2d76c2f4b8ef#0:FAIL-t54] and 0 exception(s); 277b5c5e-8c6f-4c9a-a53f-1bbc96404e12@group-569FAC3F8BCE:t54, leader=null, voted=277b5c5e-8c6f-4c9a-a53f-1bbc96404e12, raftlog=277b5c5e-8c6f-4c9a-a53f-1bbc96404e12@group-569FAC3F8BCE-SegmentedRaftLog:OPENED:c-1,f-1,i0, conf=-1: [a32408a4-f19d-4bad-97c5-ba33ae94fc9a:192.168.157.254:38721, 6b24a2ab-97ee-4d49-85cc-2d76c2f4b8ef:192.168.157.254:41080, 277b5c5e-8c6f-4c9a-a53f-1bbc96404e12:192.168.157.254:41416], old=null
2019-10-16 21:55:03,270 [277b5c5e-8c6f-4c9a-a53f-1bbc96404e12@group-569FAC3F8BCE-LeaderElection69] INFO  impl.RaftServerImpl (RaftServerImpl.java:setRole(184)) - 277b5c5e-8c6f-4c9a-a53f-1bbc96404e12@group-569FAC3F8BCE: changes role from CANDIDATE to FOLLOWER at term 54 for DISCOVERED_A_NEW_TERM
2019-10-16 21:55:03,270 [277b5c5e-8c6f-4c9a-a53f-1bbc96404e12@group-569FAC3F8BCE-LeaderElection69] INFO  impl.RoleInfo (RoleInfo.java:shutdownLeaderElection(134)) - 277b5c5e-8c6f-4c9a-a53f-1bbc96404e12: shutdown LeaderElection
2019-10-16 21:55:03,270 [277b5c5e-8c6f-4c9a-a53f-1bbc96404e12@group-569FAC3F8BCE-LeaderElection69] INFO  impl.RoleInfo (RoleInfo.java:updateAndGet(143)) - 277b5c5e-8c6f-4c9a-a53f-1bbc96404e12: start FollowerState
2019-10-16 21:55:03,374 [Thread-650] INFO  impl.FollowerState (FollowerState.java:run(108)) - 277b5c5e-8c6f-4c9a-a53f-1bbc96404e12@group-569FAC3F8BCE-FollowerState: change to CANDIDATE, lastRpcTime:103ms, electionTimeout:103ms
2019-10-16 21:55:03,374 [Thread-650] INFO  impl.RoleInfo (RoleInfo.java:shutdownFollowerState(121)) - 277b5c5e-8c6f-4c9a-a53f-1bbc96404e12: shutdown FollowerState
2019-10-16 21:55:03,374 [Thread-650] INFO  impl.RaftServerImpl (RaftServerImpl.java:setRole(184)) - 277b5c5e-8c6f-4c9a-a53f-1bbc96404e12@group-569FAC3F8BCE: changes role from  FOLLOWER to CANDIDATE at term 54 for changeToCandidate
2019-10-16 21:55:03,374 [Thread-650] INFO  impl.RoleInfo (RoleInfo.java:updateAndGet(143)) - 277b5c5e-8c6f-4c9a-a53f-1bbc96404e12: start LeaderElection
2019-10-16 21:55:03,400 [277b5c5e-8c6f-4c9a-a53f-1bbc96404e12@group-569FAC3F8BCE-LeaderElection70] INFO  impl.LeaderElection (LeaderElection.java:askForVotes(178)) - 277b5c5e-8c6f-4c9a-a53f-1bbc96404e12@group-569FAC3F8BCE-LeaderElection70: begin an election at term 55 for -1: [a32408a4-f19d-4bad-97c5-ba33ae94fc9a:192.168.157.254:38721, 6b24a2ab-97ee-4d49-85cc-2d76c2f4b8ef:192.168.157.254:41080, 277b5c5e-8c6f-4c9a-a53f-1bbc96404e12:192.168.157.254:41416], old=null
2019-10-16 21:55:03,402 [277b5c5e-8c6f-4c9a-a53f-1bbc96404e12@group-569FAC3F8BCE-LeaderElection70] INFO  impl.LeaderElection (LeaderElection.java:logAndReturn(56)) - 277b5c5e-8c6f-4c9a-a53f-1bbc96404e12@group-569FAC3F8BCE-LeaderElection70: Election TIMEOUT; received 0 response(s) [] and 0 exception(s); 277b5c5e-8c6f-4c9a-a53f-1bbc96404e12@group-569FAC3F8BCE:t55, leader=null, voted=277b5c5e-8c6f-4c9a-a53f-1bbc96404e12, raftlog=277b5c5e-8c6f-4c9a-a53f-1bbc96404e12@group-569FAC3F8BCE-SegmentedRaftLog:OPENED:c-1,f-1,i0, conf=-1: [a32408a4-f19d-4bad-97c5-ba33ae94fc9a:192.168.157.254:38721, 6b24a2ab-97ee-4d49-85cc-2d76c2f4b8ef:192.168.157.254:41080, 277b5c5e-8c6f-4c9a-a53f-1bbc96404e12:192.168.157.254:41416], old=null
2019-10-16 21:55:03,403 [grpc-default-executor-0] INFO  impl.RaftServerImpl (RaftServerImpl.java:setRole(184)) - a32408a4-f19d-4bad-97c5-ba33ae94fc9a@group-569FAC3F8BCE: changes role from  FOLLOWER to FOLLOWER at term 55 for recognizeCandidate:277b5c5e-8c6f-4c9a-a53f-1bbc96404e12
2019-10-16 21:55:03,403 [grpc-default-executor-1] INFO  impl.RaftServerImpl (RaftServerImpl.java:setRole(184)) - 6b24a2ab-97ee-4d49-85cc-2d76c2f4b8ef@group-569FAC3F8BCE: changes role from  FOLLOWER to FOLLOWER at term 55 for recognizeCandidate:277b5c5e-8c6f-4c9a-a53f-1bbc96404e12
2019-10-16 21:55:03,404 [grpc-default-executor-1] INFO  impl.RoleInfo (RoleInfo.java:shutdownFollowerState(121)) - 6b24a2ab-97ee-4d49-85cc-2d76c2f4b8ef: shutdown FollowerState
2019-10-16 21:55:03,403 [grpc-default-executor-0] INFO  impl.RoleInfo (RoleInfo.java:shutdownFollowerState(121)) - a32408a4-f19d-4bad-97c5-ba33ae94fc9a: shutdown FollowerState
2019-10-16 21:55:03,404 [Thread-649] INFO  impl.FollowerState (FollowerState.java:run(117)) - 6b24a2ab-97ee-4d49-85cc-2d76c2f4b8ef@group-569FAC3F8BCE-FollowerState was interrupted: java.lang.InterruptedException: sleep interrupted
2019-10-16 21:55:03,404 [grpc-default-executor-1] INFO  impl.RoleInfo (RoleInfo.java:updateAndGet(143)) - 6b24a2ab-97ee-4d49-85cc-2d76c2f4b8ef: start FollowerState
2019-10-16 21:55:03,404 [Thread-648] INFO  impl.FollowerState (FollowerState.java:run(117)) - a32408a4-f19d-4bad-97c5-ba33ae94fc9a@group-569FAC3F8BCE-FollowerState was interrupted: java.lang.InterruptedException: sleep interrupted
2019-10-16 21:55:03,404 [grpc-default-executor-0] INFO  impl.RoleInfo (RoleInfo.java:updateAndGet(143)) - a32408a4-f19d-4bad-97c5-ba33ae94fc9a: start FollowerState
2019-10-16 21:55:03,416 [277b5c5e-8c6f-4c9a-a53f-1bbc96404e12@group-569FAC3F8BCE-LeaderElection70] INFO  impl.LeaderElection (LeaderElection.java:askForVotes(178)) - 277b5c5e-8c6f-4c9a-a53f-1bbc96404e12@group-569FAC3F8BCE-LeaderElection70: begin an election at term 56 for -1: [a32408a4-f19d-4bad-97c5-ba33ae94fc9a:192.168.157.254:38721, 6b24a2ab-97ee-4d49-85cc-2d76c2f4b8ef:192.168.157.254:41080, 277b5c5e-8c6f-4c9a-a53f-1bbc96404e12:192.168.157.254:41416], old=null
2019-10-16 21:55:03,418 [grpc-default-executor-0] INFO  impl.RaftServerImpl (RaftServerImpl.java:setRole(184)) - 6b24a2ab-97ee-4d49-85cc-2d76c2f4b8ef@group-569FAC3F8BCE: changes role from  FOLLOWER to FOLLOWER at term 56 for recognizeCandidate:277b5c5e-8c6f-4c9a-a53f-1bbc96404e12
2019-10-16 21:55:03,418 [grpc-default-executor-1] INFO  impl.RaftServerImpl (RaftServerImpl.java:setRole(184)) - a32408a4-f19d-4bad-97c5-ba33ae94fc9a@group-569FAC3F8BCE: changes role from  FOLLOWER to FOLLOWER at term 56 for recognizeCandidate:277b5c5e-8c6f-4c9a-a53f-1bbc96404e12
2019-10-16 21:55:03,418 [grpc-default-executor-0] INFO  impl.RoleInfo (RoleInfo.java:shutdownFollowerState(121)) - 6b24a2ab-97ee-4d49-85cc-2d76c2f4b8ef: shutdown FollowerState
2019-10-16 21:55:03,418 [grpc-default-executor-1] INFO  impl.RoleInfo (RoleInfo.java:shutdownFollowerState(121)) - a32408a4-f19d-4bad-97c5-ba33ae94fc9a: shutdown FollowerState
2019-10-16 21:55:03,418 [Thread-654] INFO  impl.FollowerState (FollowerState.java:run(117)) - 6b24a2ab-97ee-4d49-85cc-2d76c2f4b8ef@group-569FAC3F8BCE-FollowerState was interrupted: java.lang.InterruptedException: sleep interrupted
2019-10-16 21:55:03,418 [Thread-655] INFO  impl.FollowerState (FollowerState.java:run(117)) - a32408a4-f19d-4bad-97c5-ba33ae94fc9a@group-569FAC3F8BCE-FollowerState was interrupted: java.lang.InterruptedException: sleep interrupted
2019-10-16 21:55:03,418 [grpc-default-executor-0] INFO  impl.RoleInfo (RoleInfo.java:updateAndGet(143)) - 6b24a2ab-97ee-4d49-85cc-2d76c2f4b8ef: start FollowerState
2019-10-16 21:55:03,418 [grpc-default-executor-1] INFO  impl.RoleInfo (RoleInfo.java:updateAndGet(143)) - a32408a4-f19d-4bad-97c5-ba33ae94fc9a: start FollowerState
2019-10-16 21:55:03,445 [277b5c5e-8c6f-4c9a-a53f-1bbc96404e12@group-569FAC3F8BCE-LeaderElection70] INFO  impl.LeaderElection (LeaderElection.java:logAndReturn(56)) - 277b5c5e-8c6f-4c9a-a53f-1bbc96404e12@group-569FAC3F8BCE-LeaderElection70: Election REJECTED; received 2 response(s) [277b5c5e-8c6f-4c9a-a53f-1bbc96404e12<-a32408a4-f19d-4bad-97c5-ba33ae94fc9a#0:FAIL-t56, 277b5c5e-8c6f-4c9a-a53f-1bbc96404e12<-6b24a2ab-97ee-4d49-85cc-2d76c2f4b8ef#0:FAIL-t56] and 0 exception(s); 277b5c5e-8c6f-4c9a-a53f-1bbc96404e12@group-569FAC3F8BCE:t56, leader=null, voted=277b5c5e-8c6f-4c9a-a53f-1bbc96404e12, raftlog=277b5c5e-8c6f-4c9a-a53f-1bbc96404e12@group-569FAC3F8BCE-SegmentedRaftLog:OPENED:c-1,f-1,i0, conf=-1: [a32408a4-f19d-4bad-97c5-ba33ae94fc9a:192.168.157.254:38721, 6b24a2ab-97ee-4d49-85cc-2d76c2f4b8ef:192.168.157.254:41080, 277b5c5e-8c6f-4c9a-a53f-1bbc96404e12:192.168.157.254:41416], old=null
2019-10-16 21:55:03,446 [277b5c5e-8c6f-4c9a-a53f-1bbc96404e12@group-569FAC3F8BCE-LeaderElection70] INFO  impl.RaftServerImpl (RaftServerImpl.java:setRole(184)) - 277b5c5e-8c6f-4c9a-a53f-1bbc96404e12@group-569FAC3F8BCE: changes role from CANDIDATE to FOLLOWER at term 56 for DISCOVERED_A_NEW_TERM
2019-10-16 21:55:03,446 [277b5c5e-8c6f-4c9a-a53f-1bbc96404e12@group-569FAC3F8BCE-LeaderElection70] INFO  impl.RoleInfo (RoleInfo.java:shutdownLeaderElection(134)) - 277b5c5e-8c6f-4c9a-a53f-1bbc96404e12: shutdown LeaderElection
2019-10-16 21:55:03,446 [277b5c5e-8c6f-4c9a-a53f-1bbc96404e12@group-569FAC3F8BCE-LeaderElection70] INFO  impl.RoleInfo (RoleInfo.java:updateAndGet(143)) - 277b5c5e-8c6f-4c9a-a53f-1bbc96404e12: start FollowerState
2019-10-16 21:55:03,521 [Thread-660] INFO  impl.FollowerState (FollowerState.java:run(108)) - 277b5c5e-8c6f-4c9a-a53f-1bbc96404e12@group-569FAC3F8BCE-FollowerState: change to CANDIDATE, lastRpcTime:75ms, electionTimeout:75ms
2019-10-16 21:55:03,521 [Thread-660] INFO  impl.RoleInfo (RoleInfo.java:shutdownFollowerState(121)) - 277b5c5e-8c6f-4c9a-a53f-1bbc96404e12: shutdown FollowerState
2019-10-16 21:55:03,522 [Thread-660] INFO  impl.RaftServerImpl (RaftServerImpl.java:setRole(184)) - 277b5c5e-8c6f-4c9a-a53f-1bbc96404e12@group-569FAC3F8BCE: changes role from  FOLLOWER to CANDIDATE at term 56 for changeToCandidate
2019-10-16 21:55:03,522 [Thread-660] INFO  impl.RoleInfo (RoleInfo.java:updateAndGet(143)) - 277b5c5e-8c6f-4c9a-a53f-1bbc96404e12: start LeaderElection
2019-10-16 21:55:03,557 [277b5c5e-8c6f-4c9a-a53f-1bbc96404e12@group-569FAC3F8BCE-LeaderElection71] INFO  impl.LeaderElection (LeaderElection.java:askForVotes(178)) - 277b5c5e-8c6f-4c9a-a53f-1bbc96404e12@group-569FAC3F8BCE-LeaderElection71: begin an election at term 57 for -1: [a32408a4-f19d-4bad-97c5-ba33ae94fc9a:192.168.157.254:38721, 6b24a2ab-97ee-4d49-85cc-2d76c2f4b8ef:192.168.157.254:41080, 277b5c5e-8c6f-4c9a-a53f-1bbc96404e12:192.168.157.254:41416], old=null
2019-10-16 21:55:03,559 [grpc-default-executor-0] INFO  impl.RaftServerImpl (RaftServerImpl.java:setRole(184)) - a32408a4-f19d-4bad-97c5-ba33ae94fc9a@group-569FAC3F8BCE: changes role from  FOLLOWER to FOLLOWER at term 57 for recognizeCandidate:277b5c5e-8c6f-4c9a-a53f-1bbc96404e12
2019-10-16 21:55:03,560 [grpc-default-executor-0] INFO  impl.RoleInfo (RoleInfo.java:shutdownFollowerState(121)) - a32408a4-f19d-4bad-97c5-ba33ae94fc9a: shutdown FollowerState
2019-10-16 21:55:03,560 [grpc-default-executor-1] INFO  impl.RaftServerImpl (RaftServerImpl.java:setRole(184)) - 6b24a2ab-97ee-4d49-85cc-2d76c2f4b8ef@group-569FAC3F8BCE: changes role from  FOLLOWER to FOLLOWER at term 57 for recognizeCandidate:277b5c5e-8c6f-4c9a-a53f-1bbc96404e12
2019-10-16 21:55:03,560 [Thread-659] INFO  impl.FollowerState (FollowerState.java:run(117)) - a32408a4-f19d-4bad-97c5-ba33ae94fc9a@group-569FAC3F8BCE-FollowerState was interrupted: java.lang.InterruptedException: sleep interrupted
2019-10-16 21:55:03,560 [grpc-default-executor-1] INFO  impl.RoleInfo (RoleInfo.java:shutdownFollowerState(121)) - 6b24a2ab-97ee-4d49-85cc-2d76c2f4b8ef: shutdown FollowerState
2019-10-16 21:55:03,560 [grpc-default-executor-0] INFO  impl.RoleInfo (RoleInfo.java:updateAndGet(143)) - a32408a4-f19d-4bad-97c5-ba33ae94fc9a: start FollowerState
2019-10-16 21:55:03,560 [Thread-658] INFO  impl.FollowerState (FollowerState.java:run(117)) - 6b24a2ab-97ee-4d49-85cc-2d76c2f4b8ef@group-569FAC3F8BCE-FollowerState was interrupted: java.lang.InterruptedException: sleep interrupted
2019-10-16 21:55:03,560 [grpc-default-executor-1] INFO  impl.RoleInfo (RoleInfo.java:updateAndGet(143)) - 6b24a2ab-97ee-4d49-85cc-2d76c2f4b8ef: start FollowerState
2019-10-16 21:55:03,561 [Thread-0] INFO  ozone.MiniOzoneClusterImpl (MiniOzoneClusterImpl.java:lambda$waitForClusterToBeReady$2(164)) - Waiting for 1 number of pipelines out of 4, to report a leader.
2019-10-16 21:55:03,577 [277b5c5e-8c6f-4c9a-a53f-1bbc96404e12@group-569FAC3F8BCE-LeaderElection71] INFO  impl.LeaderElection (LeaderElection.java:logAndReturn(56)) - 277b5c5e-8c6f-4c9a-a53f-1bbc96404e12@group-569FAC3F8BCE-LeaderElection71: Election REJECTED; received 2 response(s) [277b5c5e-8c6f-4c9a-a53f-1bbc96404e12<-6b24a2ab-97ee-4d49-85cc-2d76c2f4b8ef#0:FAIL-t57, 277b5c5e-8c6f-4c9a-a53f-1bbc96404e12<-a32408a4-f19d-4bad-97c5-ba33ae94fc9a#0:FAIL-t57] and 0 exception(s); 277b5c5e-8c6f-4c9a-a53f-1bbc96404e12@group-569FAC3F8BCE:t57, leader=null, voted=277b5c5e-8c6f-4c9a-a53f-1bbc96404e12, raftlog=277b5c5e-8c6f-4c9a-a53f-1bbc96404e12@group-569FAC3F8BCE-SegmentedRaftLog:OPENED:c-1,f-1,i0, conf=-1: [a32408a4-f19d-4bad-97c5-ba33ae94fc9a:192.168.157.254:38721, 6b24a2ab-97ee-4d49-85cc-2d76c2f4b8ef:192.168.157.254:41080, 277b5c5e-8c6f-4c9a-a53f-1bbc96404e12:192.168.157.254:41416], old=null
2019-10-16 21:55:03,577 [277b5c5e-8c6f-4c9a-a53f-1bbc96404e12@group-569FAC3F8BCE-LeaderElection71] INFO  impl.RaftServerImpl (RaftServerImpl.java:setRole(184)) - 277b5c5e-8c6f-4c9a-a53f-1bbc96404e12@group-569FAC3F8BCE: changes role from CANDIDATE to FOLLOWER at term 57 for DISCOVERED_A_NEW_TERM
2019-10-16 21:55:03,577 [277b5c5e-8c6f-4c9a-a53f-1bbc96404e12@group-569FAC3F8BCE-LeaderElection71] INFO  impl.RoleInfo (RoleInfo.java:shutdownLeaderElection(134)) - 277b5c5e-8c6f-4c9a-a53f-1bbc96404e12: shutdown LeaderElection
2019-10-16 21:55:03,577 [277b5c5e-8c6f-4c9a-a53f-1bbc96404e12@group-569FAC3F8BCE-LeaderElection71] INFO  impl.RoleInfo (RoleInfo.java:updateAndGet(143)) - 277b5c5e-8c6f-4c9a-a53f-1bbc96404e12: start FollowerState
2019-10-16 21:55:03,721 [Thread-666] INFO  impl.FollowerState (FollowerState.java:run(108)) - 277b5c5e-8c6f-4c9a-a53f-1bbc96404e12@group-569FAC3F8BCE-FollowerState: change to CANDIDATE, lastRpcTime:143ms, electionTimeout:143ms
2019-10-16 21:55:03,721 [Thread-666] INFO  impl.RoleInfo (RoleInfo.java:shutdownFollowerState(121)) - 277b5c5e-8c6f-4c9a-a53f-1bbc96404e12: shutdown FollowerState
2019-10-16 21:55:03,721 [Thread-666] INFO  impl.RaftServerImpl (RaftServerImpl.java:setRole(184)) - 277b5c5e-8c6f-4c9a-a53f-1bbc96404e12@group-569FAC3F8BCE: changes role from  FOLLOWER to CANDIDATE at term 57 for changeToCandidate
2019-10-16 21:55:03,722 [Thread-666] INFO  impl.RoleInfo (RoleInfo.java:updateAndGet(143)) - 277b5c5e-8c6f-4c9a-a53f-1bbc96404e12: start LeaderElection
2019-10-16 21:55:03,758 [277b5c5e-8c6f-4c9a-a53f-1bbc96404e12@group-569FAC3F8BCE-LeaderElection72] INFO  impl.LeaderElection (LeaderElection.java:askForVotes(178)) - 277b5c5e-8c6f-4c9a-a53f-1bbc96404e12@group-569FAC3F8BCE-LeaderElection72: begin an election at term 58 for -1: [a32408a4-f19d-4bad-97c5-ba33ae94fc9a:192.168.157.254:38721, 6b24a2ab-97ee-4d49-85cc-2d76c2f4b8ef:192.168.157.254:41080, 277b5c5e-8c6f-4c9a-a53f-1bbc96404e12:192.168.157.254:41416], old=null
2019-10-16 21:55:03,760 [grpc-default-executor-0] INFO  impl.RaftServerImpl (RaftServerImpl.java:setRole(184)) - 6b24a2ab-97ee-4d49-85cc-2d76c2f4b8ef@group-569FAC3F8BCE: changes role from  FOLLOWER to FOLLOWER at term 58 for recognizeCandidate:277b5c5e-8c6f-4c9a-a53f-1bbc96404e12
2019-10-16 21:55:03,760 [grpc-default-executor-0] INFO  impl.RoleInfo (RoleInfo.java:shutdownFollowerState(121)) - 6b24a2ab-97ee-4d49-85cc-2d76c2f4b8ef: shutdown FollowerState
2019-10-16 21:55:03,760 [grpc-default-executor-1] INFO  impl.RaftServerImpl (RaftServerImpl.java:setRole(184)) - a32408a4-f19d-4bad-97c5-ba33ae94fc9a@group-569FAC3F8BCE: changes role from  FOLLOWER to FOLLOWER at term 58 for recognizeCandidate:277b5c5e-8c6f-4c9a-a53f-1bbc96404e12
2019-10-16 21:55:03,761 [Thread-665] INFO  impl.FollowerState (FollowerState.java:run(117)) - 6b24a2ab-97ee-4d49-85cc-2d76c2f4b8ef@group-569FAC3F8BCE-FollowerState was interrupted: java.lang.InterruptedException: sleep interrupted
2019-10-16 21:55:03,760 [grpc-default-executor-0] INFO  impl.RoleInfo (RoleInfo.java:updateAndGet(143)) - 6b24a2ab-97ee-4d49-85cc-2d76c2f4b8ef: start FollowerState
2019-10-16 21:55:03,761 [grpc-default-executor-1] INFO  impl.RoleInfo (RoleInfo.java:shutdownFollowerState(121)) - a32408a4-f19d-4bad-97c5-ba33ae94fc9a: shutdown FollowerState
2019-10-16 21:55:03,761 [grpc-default-executor-1] INFO  impl.RoleInfo (RoleInfo.java:updateAndGet(143)) - a32408a4-f19d-4bad-97c5-ba33ae94fc9a: start FollowerState
2019-10-16 21:55:03,761 [Thread-664] INFO  impl.FollowerState (FollowerState.java:run(117)) - a32408a4-f19d-4bad-97c5-ba33ae94fc9a@group-569FAC3F8BCE-FollowerState was interrupted: java.lang.InterruptedException: sleep interrupted
2019-10-16 21:55:03,770 [277b5c5e-8c6f-4c9a-a53f-1bbc96404e12@group-569FAC3F8BCE-LeaderElection72] INFO  impl.LeaderElection (LeaderElection.java:logAndReturn(56)) - 277b5c5e-8c6f-4c9a-a53f-1bbc96404e12@group-569FAC3F8BCE-LeaderElection72: Election TIMEOUT; received 0 response(s) [] and 0 exception(s); 277b5c5e-8c6f-4c9a-a53f-1bbc96404e12@group-569FAC3F8BCE:t58, leader=null, voted=277b5c5e-8c6f-4c9a-a53f-1bbc96404e12, raftlog=277b5c5e-8c6f-4c9a-a53f-1bbc96404e12@group-569FAC3F8BCE-SegmentedRaftLog:OPENED:c-1,f-1,i0, conf=-1: [a32408a4-f19d-4bad-97c5-ba33ae94fc9a:192.168.157.254:38721, 6b24a2ab-97ee-4d49-85cc-2d76c2f4b8ef:192.168.157.254:41080, 277b5c5e-8c6f-4c9a-a53f-1bbc96404e12:192.168.157.254:41416], old=null
2019-10-16 21:55:03,786 [277b5c5e-8c6f-4c9a-a53f-1bbc96404e12@group-569FAC3F8BCE-LeaderElection72] INFO  impl.LeaderElection (LeaderElection.java:askForVotes(178)) - 277b5c5e-8c6f-4c9a-a53f-1bbc96404e12@group-569FAC3F8BCE-LeaderElection72: begin an election at term 59 for -1: [a32408a4-f19d-4bad-97c5-ba33ae94fc9a:192.168.157.254:38721, 6b24a2ab-97ee-4d49-85cc-2d76c2f4b8ef:192.168.157.254:41080, 277b5c5e-8c6f-4c9a-a53f-1bbc96404e12:192.168.157.254:41416], old=null
2019-10-16 21:55:03,789 [grpc-default-executor-0] INFO  impl.RaftServerImpl (RaftServerImpl.java:setRole(184)) - a32408a4-f19d-4bad-97c5-ba33ae94fc9a@group-569FAC3F8BCE: changes role from  FOLLOWER to FOLLOWER at term 59 for recognizeCandidate:277b5c5e-8c6f-4c9a-a53f-1bbc96404e12
2019-10-16 21:55:03,789 [grpc-default-executor-1] INFO  impl.RaftServerImpl (RaftServerImpl.java:setRole(184)) - 6b24a2ab-97ee-4d49-85cc-2d76c2f4b8ef@group-569FAC3F8BCE: changes role from  FOLLOWER to FOLLOWER at term 59 for recognizeCandidate:277b5c5e-8c6f-4c9a-a53f-1bbc96404e12
2019-10-16 21:55:03,789 [grpc-default-executor-0] INFO  impl.RoleInfo (RoleInfo.java:shutdownFollowerState(121)) - a32408a4-f19d-4bad-97c5-ba33ae94fc9a: shutdown FollowerState
2019-10-16 21:55:03,789 [grpc-default-executor-1] INFO  impl.RoleInfo (RoleInfo.java:shutdownFollowerState(121)) - 6b24a2ab-97ee-4d49-85cc-2d76c2f4b8ef: shutdown FollowerState
2019-10-16 21:55:03,789 [Thread-671] INFO  impl.FollowerState (FollowerState.java:run(117)) - a32408a4-f19d-4bad-97c5-ba33ae94fc9a@group-569FAC3F8BCE-FollowerState was interrupted: java.lang.InterruptedException: sleep interrupted
2019-10-16 21:55:03,789 [grpc-default-executor-0] INFO  impl.RoleInfo (RoleInfo.java:updateAndGet(143)) - a32408a4-f19d-4bad-97c5-ba33ae94fc9a: start FollowerState
2019-10-16 21:55:03,789 [Thread-670] INFO  impl.FollowerState (FollowerState.java:run(117)) - 6b24a2ab-97ee-4d49-85cc-2d76c2f4b8ef@group-569FAC3F8BCE-FollowerState was interrupted: java.lang.InterruptedException: sleep interrupted
2019-10-16 21:55:03,789 [grpc-default-executor-1] INFO  impl.RoleInfo (RoleInfo.java:updateAndGet(143)) - 6b24a2ab-97ee-4d49-85cc-2d76c2f4b8ef: start FollowerState
2019-10-16 21:55:03,802 [277b5c5e-8c6f-4c9a-a53f-1bbc96404e12@group-569FAC3F8BCE-LeaderElection72] INFO  impl.LeaderElection (LeaderElection.java:logAndReturn(56)) - 277b5c5e-8c6f-4c9a-a53f-1bbc96404e12@group-569FAC3F8BCE-LeaderElection72: Election REJECTED; received 2 response(s) [277b5c5e-8c6f-4c9a-a53f-1bbc96404e12<-a32408a4-f19d-4bad-97c5-ba33ae94fc9a#0:FAIL-t59, 277b5c5e-8c6f-4c9a-a53f-1bbc96404e12<-6b24a2ab-97ee-4d49-85cc-2d76c2f4b8ef#0:FAIL-t59] and 0 exception(s); 277b5c5e-8c6f-4c9a-a53f-1bbc96404e12@group-569FAC3F8BCE:t59, leader=null, voted=277b5c5e-8c6f-4c9a-a53f-1bbc96404e12, raftlog=277b5c5e-8c6f-4c9a-a53f-1bbc96404e12@group-569FAC3F8BCE-SegmentedRaftLog:OPENED:c-1,f-1,i0, conf=-1: [a32408a4-f19d-4bad-97c5-ba33ae94fc9a:192.168.157.254:38721, 6b24a2ab-97ee-4d49-85cc-2d76c2f4b8ef:192.168.157.254:41080, 277b5c5e-8c6f-4c9a-a53f-1bbc96404e12:192.168.157.254:41416], old=null
2019-10-16 21:55:03,802 [277b5c5e-8c6f-4c9a-a53f-1bbc96404e12@group-569FAC3F8BCE-LeaderElection72] INFO  impl.RaftServerImpl (RaftServerImpl.java:setRole(184)) - 277b5c5e-8c6f-4c9a-a53f-1bbc96404e12@group-569FAC3F8BCE: changes role from CANDIDATE to FOLLOWER at term 59 for DISCOVERED_A_NEW_TERM
2019-10-16 21:55:03,802 [277b5c5e-8c6f-4c9a-a53f-1bbc96404e12@group-569FAC3F8BCE-LeaderElection72] INFO  impl.RoleInfo (RoleInfo.java:shutdownLeaderElection(134)) - 277b5c5e-8c6f-4c9a-a53f-1bbc96404e12: shutdown LeaderElection
2019-10-16 21:55:03,802 [277b5c5e-8c6f-4c9a-a53f-1bbc96404e12@group-569FAC3F8BCE-LeaderElection72] INFO  impl.RoleInfo (RoleInfo.java:updateAndGet(143)) - 277b5c5e-8c6f-4c9a-a53f-1bbc96404e12: start FollowerState
2019-10-16 21:55:03,954 [Thread-676] INFO  impl.FollowerState (FollowerState.java:run(108)) - 277b5c5e-8c6f-4c9a-a53f-1bbc96404e12@group-569FAC3F8BCE-FollowerState: change to CANDIDATE, lastRpcTime:151ms, electionTimeout:151ms
2019-10-16 21:55:03,954 [Thread-676] INFO  impl.RoleInfo (RoleInfo.java:shutdownFollowerState(121)) - 277b5c5e-8c6f-4c9a-a53f-1bbc96404e12: shutdown FollowerState
2019-10-16 21:55:03,954 [Thread-676] INFO  impl.RaftServerImpl (RaftServerImpl.java:setRole(184)) - 277b5c5e-8c6f-4c9a-a53f-1bbc96404e12@group-569FAC3F8BCE: changes role from  FOLLOWER to CANDIDATE at term 59 for changeToCandidate
2019-10-16 21:55:03,954 [Thread-676] INFO  impl.RoleInfo (RoleInfo.java:updateAndGet(143)) - 277b5c5e-8c6f-4c9a-a53f-1bbc96404e12: start LeaderElection
2019-10-16 21:55:03,980 [277b5c5e-8c6f-4c9a-a53f-1bbc96404e12@group-569FAC3F8BCE-LeaderElection73] INFO  impl.LeaderElection (LeaderElection.java:askForVotes(178)) - 277b5c5e-8c6f-4c9a-a53f-1bbc96404e12@group-569FAC3F8BCE-LeaderElection73: begin an election at term 60 for -1: [a32408a4-f19d-4bad-97c5-ba33ae94fc9a:192.168.157.254:38721, 6b24a2ab-97ee-4d49-85cc-2d76c2f4b8ef:192.168.157.254:41080, 277b5c5e-8c6f-4c9a-a53f-1bbc96404e12:192.168.157.254:41416], old=null
2019-10-16 21:55:03,983 [grpc-default-executor-0] INFO  impl.RaftServerImpl (RaftServerImpl.java:setRole(184)) - 6b24a2ab-97ee-4d49-85cc-2d76c2f4b8ef@group-569FAC3F8BCE: changes role from  FOLLOWER to FOLLOWER at term 60 for recognizeCandidate:277b5c5e-8c6f-4c9a-a53f-1bbc96404e12
2019-10-16 21:55:03,984 [grpc-default-executor-0] INFO  impl.RoleInfo (RoleInfo.java:shutdownFollowerState(121)) - 6b24a2ab-97ee-4d49-85cc-2d76c2f4b8ef: shutdown FollowerState
2019-10-16 21:55:03,983 [grpc-default-executor-1] INFO  impl.RaftServerImpl (RaftServerImpl.java:setRole(184)) - a32408a4-f19d-4bad-97c5-ba33ae94fc9a@group-569FAC3F8BCE: changes role from  FOLLOWER to FOLLOWER at term 60 for recognizeCandidate:277b5c5e-8c6f-4c9a-a53f-1bbc96404e12
2019-10-16 21:55:03,984 [Thread-675] INFO  impl.FollowerState (FollowerState.java:run(117)) - 6b24a2ab-97ee-4d49-85cc-2d76c2f4b8ef@group-569FAC3F8BCE-FollowerState was interrupted: java.lang.InterruptedException: sleep interrupted
2019-10-16 21:55:03,984 [grpc-default-executor-0] INFO  impl.RoleInfo (RoleInfo.java:updateAndGet(143)) - 6b24a2ab-97ee-4d49-85cc-2d76c2f4b8ef: start FollowerState
2019-10-16 21:55:03,984 [grpc-default-executor-1] INFO  impl.RoleInfo (RoleInfo.java:shutdownFollowerState(121)) - a32408a4-f19d-4bad-97c5-ba33ae94fc9a: shutdown FollowerState
2019-10-16 21:55:03,984 [grpc-default-executor-1] INFO  impl.RoleInfo (RoleInfo.java:updateAndGet(143)) - a32408a4-f19d-4bad-97c5-ba33ae94fc9a: start FollowerState
2019-10-16 21:55:03,984 [Thread-674] INFO  impl.FollowerState (FollowerState.java:run(117)) - a32408a4-f19d-4bad-97c5-ba33ae94fc9a@group-569FAC3F8BCE-FollowerState was interrupted: java.lang.InterruptedException: sleep interrupted
2019-10-16 21:55:04,011 [277b5c5e-8c6f-4c9a-a53f-1bbc96404e12@group-569FAC3F8BCE-LeaderElection73] INFO  impl.LeaderElection (LeaderElection.java:logAndReturn(56)) - 277b5c5e-8c6f-4c9a-a53f-1bbc96404e12@group-569FAC3F8BCE-LeaderElection73: Election REJECTED; received 2 response(s) [277b5c5e-8c6f-4c9a-a53f-1bbc96404e12<-6b24a2ab-97ee-4d49-85cc-2d76c2f4b8ef#0:FAIL-t60, 277b5c5e-8c6f-4c9a-a53f-1bbc96404e12<-a32408a4-f19d-4bad-97c5-ba33ae94fc9a#0:FAIL-t60] and 0 exception(s); 277b5c5e-8c6f-4c9a-a53f-1bbc96404e12@group-569FAC3F8BCE:t60, leader=null, voted=277b5c5e-8c6f-4c9a-a53f-1bbc96404e12, raftlog=277b5c5e-8c6f-4c9a-a53f-1bbc96404e12@group-569FAC3F8BCE-SegmentedRaftLog:OPENED:c-1,f-1,i0, conf=-1: [a32408a4-f19d-4bad-97c5-ba33ae94fc9a:192.168.157.254:38721, 6b24a2ab-97ee-4d49-85cc-2d76c2f4b8ef:192.168.157.254:41080, 277b5c5e-8c6f-4c9a-a53f-1bbc96404e12:192.168.157.254:41416], old=null
2019-10-16 21:55:04,011 [277b5c5e-8c6f-4c9a-a53f-1bbc96404e12@group-569FAC3F8BCE-LeaderElection73] INFO  impl.RaftServerImpl (RaftServerImpl.java:setRole(184)) - 277b5c5e-8c6f-4c9a-a53f-1bbc96404e12@group-569FAC3F8BCE: changes role from CANDIDATE to FOLLOWER at term 60 for DISCOVERED_A_NEW_TERM
2019-10-16 21:55:04,011 [277b5c5e-8c6f-4c9a-a53f-1bbc96404e12@group-569FAC3F8BCE-LeaderElection73] INFO  impl.RoleInfo (RoleInfo.java:shutdownLeaderElection(134)) - 277b5c5e-8c6f-4c9a-a53f-1bbc96404e12: shutdown LeaderElection
2019-10-16 21:55:04,011 [277b5c5e-8c6f-4c9a-a53f-1bbc96404e12@group-569FAC3F8BCE-LeaderElection73] INFO  impl.RoleInfo (RoleInfo.java:updateAndGet(143)) - 277b5c5e-8c6f-4c9a-a53f-1bbc96404e12: start FollowerState
2019-10-16 21:55:04,087 [Thread-682] INFO  impl.FollowerState (FollowerState.java:run(108)) - 277b5c5e-8c6f-4c9a-a53f-1bbc96404e12@group-569FAC3F8BCE-FollowerState: change to CANDIDATE, lastRpcTime:75ms, electionTimeout:75ms
2019-10-16 21:55:04,087 [Thread-682] INFO  impl.RoleInfo (RoleInfo.java:shutdownFollowerState(121)) - 277b5c5e-8c6f-4c9a-a53f-1bbc96404e12: shutdown FollowerState
2019-10-16 21:55:04,087 [Thread-682] INFO  impl.RaftServerImpl (RaftServerImpl.java:setRole(184)) - 277b5c5e-8c6f-4c9a-a53f-1bbc96404e12@group-569FAC3F8BCE: changes role from  FOLLOWER to CANDIDATE at term 60 for changeToCandidate
2019-10-16 21:55:04,087 [Thread-682] INFO  impl.RoleInfo (RoleInfo.java:updateAndGet(143)) - 277b5c5e-8c6f-4c9a-a53f-1bbc96404e12: start LeaderElection
2019-10-16 21:55:04,101 [277b5c5e-8c6f-4c9a-a53f-1bbc96404e12@group-569FAC3F8BCE-LeaderElection74] INFO  impl.LeaderElection (LeaderElection.java:askForVotes(178)) - 277b5c5e-8c6f-4c9a-a53f-1bbc96404e12@group-569FAC3F8BCE-LeaderElection74: begin an election at term 61 for -1: [a32408a4-f19d-4bad-97c5-ba33ae94fc9a:192.168.157.254:38721, 6b24a2ab-97ee-4d49-85cc-2d76c2f4b8ef:192.168.157.254:41080, 277b5c5e-8c6f-4c9a-a53f-1bbc96404e12:192.168.157.254:41416], old=null
2019-10-16 21:55:04,104 [grpc-default-executor-1] INFO  impl.RaftServerImpl (RaftServerImpl.java:setRole(184)) - a32408a4-f19d-4bad-97c5-ba33ae94fc9a@group-569FAC3F8BCE: changes role from  FOLLOWER to FOLLOWER at term 61 for recognizeCandidate:277b5c5e-8c6f-4c9a-a53f-1bbc96404e12
2019-10-16 21:55:04,104 [grpc-default-executor-0] INFO  impl.RaftServerImpl (RaftServerImpl.java:setRole(184)) - 6b24a2ab-97ee-4d49-85cc-2d76c2f4b8ef@group-569FAC3F8BCE: changes role from  FOLLOWER to FOLLOWER at term 61 for recognizeCandidate:277b5c5e-8c6f-4c9a-a53f-1bbc96404e12
2019-10-16 21:55:04,104 [grpc-default-executor-1] INFO  impl.RoleInfo (RoleInfo.java:shutdownFollowerState(121)) - a32408a4-f19d-4bad-97c5-ba33ae94fc9a: shutdown FollowerState
2019-10-16 21:55:04,105 [grpc-default-executor-0] INFO  impl.RoleInfo (RoleInfo.java:shutdownFollowerState(121)) - 6b24a2ab-97ee-4d49-85cc-2d76c2f4b8ef: shutdown FollowerState
2019-10-16 21:55:04,105 [Thread-681] INFO  impl.FollowerState (FollowerState.java:run(117)) - a32408a4-f19d-4bad-97c5-ba33ae94fc9a@group-569FAC3F8BCE-FollowerState was interrupted: java.lang.InterruptedException: sleep interrupted
2019-10-16 21:55:04,105 [grpc-default-executor-1] INFO  impl.RoleInfo (RoleInfo.java:updateAndGet(143)) - a32408a4-f19d-4bad-97c5-ba33ae94fc9a: start FollowerState
2019-10-16 21:55:04,105 [Thread-680] INFO  impl.FollowerState (FollowerState.java:run(117)) - 6b24a2ab-97ee-4d49-85cc-2d76c2f4b8ef@group-569FAC3F8BCE-FollowerState was interrupted: java.lang.InterruptedException: sleep interrupted
2019-10-16 21:55:04,105 [grpc-default-executor-0] INFO  impl.RoleInfo (RoleInfo.java:updateAndGet(143)) - 6b24a2ab-97ee-4d49-85cc-2d76c2f4b8ef: start FollowerState
2019-10-16 21:55:04,121 [277b5c5e-8c6f-4c9a-a53f-1bbc96404e12@group-569FAC3F8BCE-LeaderElection74] INFO  impl.LeaderElection (LeaderElection.java:logAndReturn(56)) - 277b5c5e-8c6f-4c9a-a53f-1bbc96404e12@group-569FAC3F8BCE-LeaderElection74: Election REJECTED; received 2 response(s) [277b5c5e-8c6f-4c9a-a53f-1bbc96404e12<-a32408a4-f19d-4bad-97c5-ba33ae94fc9a#0:FAIL-t61, 277b5c5e-8c6f-4c9a-a53f-1bbc96404e12<-6b24a2ab-97ee-4d49-85cc-2d76c2f4b8ef#0:FAIL-t61] and 0 exception(s); 277b5c5e-8c6f-4c9a-a53f-1bbc96404e12@group-569FAC3F8BCE:t61, leader=null, voted=277b5c5e-8c6f-4c9a-a53f-1bbc96404e12, raftlog=277b5c5e-8c6f-4c9a-a53f-1bbc96404e12@group-569FAC3F8BCE-SegmentedRaftLog:OPENED:c-1,f-1,i0, conf=-1: [a32408a4-f19d-4bad-97c5-ba33ae94fc9a:192.168.157.254:38721, 6b24a2ab-97ee-4d49-85cc-2d76c2f4b8ef:192.168.157.254:41080, 277b5c5e-8c6f-4c9a-a53f-1bbc96404e12:192.168.157.254:41416], old=null
2019-10-16 21:55:04,122 [277b5c5e-8c6f-4c9a-a53f-1bbc96404e12@group-569FAC3F8BCE-LeaderElection74] INFO  impl.RaftServerImpl (RaftServerImpl.java:setRole(184)) - 277b5c5e-8c6f-4c9a-a53f-1bbc96404e12@group-569FAC3F8BCE: changes role from CANDIDATE to FOLLOWER at term 61 for DISCOVERED_A_NEW_TERM
2019-10-16 21:55:04,122 [277b5c5e-8c6f-4c9a-a53f-1bbc96404e12@group-569FAC3F8BCE-LeaderElection74] INFO  impl.RoleInfo (RoleInfo.java:shutdownLeaderElection(134)) - 277b5c5e-8c6f-4c9a-a53f-1bbc96404e12: shutdown LeaderElection
2019-10-16 21:55:04,122 [277b5c5e-8c6f-4c9a-a53f-1bbc96404e12@group-569FAC3F8BCE-LeaderElection74] INFO  impl.RoleInfo (RoleInfo.java:updateAndGet(143)) - 277b5c5e-8c6f-4c9a-a53f-1bbc96404e12: start FollowerState
2019-10-16 21:55:04,254 [Thread-688] INFO  impl.FollowerState (FollowerState.java:run(108)) - 277b5c5e-8c6f-4c9a-a53f-1bbc96404e12@group-569FAC3F8BCE-FollowerState: change to CANDIDATE, lastRpcTime:132ms, electionTimeout:132ms
2019-10-16 21:55:04,255 [Thread-688] INFO  impl.RoleInfo (RoleInfo.java:shutdownFollowerState(121)) - 277b5c5e-8c6f-4c9a-a53f-1bbc96404e12: shutdown FollowerState
2019-10-16 21:55:04,255 [Thread-688] INFO  impl.RaftServerImpl (RaftServerImpl.java:setRole(184)) - 277b5c5e-8c6f-4c9a-a53f-1bbc96404e12@group-569FAC3F8BCE: changes role from  FOLLOWER to CANDIDATE at term 61 for changeToCandidate
2019-10-16 21:55:04,255 [Thread-688] INFO  impl.RoleInfo (RoleInfo.java:updateAndGet(143)) - 277b5c5e-8c6f-4c9a-a53f-1bbc96404e12: start LeaderElection
2019-10-16 21:55:04,270 [277b5c5e-8c6f-4c9a-a53f-1bbc96404e12@group-569FAC3F8BCE-LeaderElection75] INFO  impl.LeaderElection (LeaderElection.java:askForVotes(178)) - 277b5c5e-8c6f-4c9a-a53f-1bbc96404e12@group-569FAC3F8BCE-LeaderElection75: begin an election at term 62 for -1: [a32408a4-f19d-4bad-97c5-ba33ae94fc9a:192.168.157.254:38721, 6b24a2ab-97ee-4d49-85cc-2d76c2f4b8ef:192.168.157.254:41080, 277b5c5e-8c6f-4c9a-a53f-1bbc96404e12:192.168.157.254:41416], old=null
2019-10-16 21:55:04,273 [grpc-default-executor-1] INFO  impl.RaftServerImpl (RaftServerImpl.java:setRole(184)) - a32408a4-f19d-4bad-97c5-ba33ae94fc9a@group-569FAC3F8BCE: changes role from  FOLLOWER to FOLLOWER at term 62 for recognizeCandidate:277b5c5e-8c6f-4c9a-a53f-1bbc96404e12
2019-10-16 21:55:04,273 [grpc-default-executor-0] INFO  impl.RaftServerImpl (RaftServerImpl.java:setRole(184)) - 6b24a2ab-97ee-4d49-85cc-2d76c2f4b8ef@group-569FAC3F8BCE: changes role from  FOLLOWER to FOLLOWER at term 62 for recognizeCandidate:277b5c5e-8c6f-4c9a-a53f-1bbc96404e12
2019-10-16 21:55:04,273 [grpc-default-executor-1] INFO  impl.RoleInfo (RoleInfo.java:shutdownFollowerState(121)) - a32408a4-f19d-4bad-97c5-ba33ae94fc9a: shutdown FollowerState
2019-10-16 21:55:04,273 [grpc-default-executor-0] INFO  impl.RoleInfo (RoleInfo.java:shutdownFollowerState(121)) - 6b24a2ab-97ee-4d49-85cc-2d76c2f4b8ef: shutdown FollowerState
2019-10-16 21:55:04,273 [Thread-686] INFO  impl.FollowerState (FollowerState.java:run(117)) - a32408a4-f19d-4bad-97c5-ba33ae94fc9a@group-569FAC3F8BCE-FollowerState was interrupted: java.lang.InterruptedException: sleep interrupted
2019-10-16 21:55:04,273 [grpc-default-executor-1] INFO  impl.RoleInfo (RoleInfo.java:updateAndGet(143)) - a32408a4-f19d-4bad-97c5-ba33ae94fc9a: start FollowerState
2019-10-16 21:55:04,273 [Thread-687] INFO  impl.FollowerState (FollowerState.java:run(117)) - 6b24a2ab-97ee-4d49-85cc-2d76c2f4b8ef@group-569FAC3F8BCE-FollowerState was interrupted: java.lang.InterruptedException: sleep interrupted
2019-10-16 21:55:04,273 [grpc-default-executor-0] INFO  impl.RoleInfo (RoleInfo.java:updateAndGet(143)) - 6b24a2ab-97ee-4d49-85cc-2d76c2f4b8ef: start FollowerState
2019-10-16 21:55:04,293 [277b5c5e-8c6f-4c9a-a53f-1bbc96404e12@group-569FAC3F8BCE-LeaderElection75] INFO  impl.LeaderElection (LeaderElection.java:logAndReturn(56)) - 277b5c5e-8c6f-4c9a-a53f-1bbc96404e12@group-569FAC3F8BCE-LeaderElection75: Election REJECTED; received 2 response(s) [277b5c5e-8c6f-4c9a-a53f-1bbc96404e12<-6b24a2ab-97ee-4d49-85cc-2d76c2f4b8ef#0:FAIL-t62, 277b5c5e-8c6f-4c9a-a53f-1bbc96404e12<-a32408a4-f19d-4bad-97c5-ba33ae94fc9a#0:FAIL-t62] and 0 exception(s); 277b5c5e-8c6f-4c9a-a53f-1bbc96404e12@group-569FAC3F8BCE:t62, leader=null, voted=277b5c5e-8c6f-4c9a-a53f-1bbc96404e12, raftlog=277b5c5e-8c6f-4c9a-a53f-1bbc96404e12@group-569FAC3F8BCE-SegmentedRaftLog:OPENED:c-1,f-1,i0, conf=-1: [a32408a4-f19d-4bad-97c5-ba33ae94fc9a:192.168.157.254:38721, 6b24a2ab-97ee-4d49-85cc-2d76c2f4b8ef:192.168.157.254:41080, 277b5c5e-8c6f-4c9a-a53f-1bbc96404e12:192.168.157.254:41416], old=null
2019-10-16 21:55:04,293 [277b5c5e-8c6f-4c9a-a53f-1bbc96404e12@group-569FAC3F8BCE-LeaderElection75] INFO  impl.RaftServerImpl (RaftServerImpl.java:setRole(184)) - 277b5c5e-8c6f-4c9a-a53f-1bbc96404e12@group-569FAC3F8BCE: changes role from CANDIDATE to FOLLOWER at term 62 for DISCOVERED_A_NEW_TERM
2019-10-16 21:55:04,293 [277b5c5e-8c6f-4c9a-a53f-1bbc96404e12@group-569FAC3F8BCE-LeaderElection75] INFO  impl.RoleInfo (RoleInfo.java:shutdownLeaderElection(134)) - 277b5c5e-8c6f-4c9a-a53f-1bbc96404e12: shutdown LeaderElection
2019-10-16 21:55:04,293 [277b5c5e-8c6f-4c9a-a53f-1bbc96404e12@group-569FAC3F8BCE-LeaderElection75] INFO  impl.RoleInfo (RoleInfo.java:updateAndGet(143)) - 277b5c5e-8c6f-4c9a-a53f-1bbc96404e12: start FollowerState
2019-10-16 21:55:04,363 [Thread-694] INFO  impl.FollowerState (FollowerState.java:run(108)) - 277b5c5e-8c6f-4c9a-a53f-1bbc96404e12@group-569FAC3F8BCE-FollowerState: change to CANDIDATE, lastRpcTime:70ms, electionTimeout:70ms
2019-10-16 21:55:04,364 [Thread-694] INFO  impl.RoleInfo (RoleInfo.java:shutdownFollowerState(121)) - 277b5c5e-8c6f-4c9a-a53f-1bbc96404e12: shutdown FollowerState
2019-10-16 21:55:04,364 [Thread-694] INFO  impl.RaftServerImpl (RaftServerImpl.java:setRole(184)) - 277b5c5e-8c6f-4c9a-a53f-1bbc96404e12@group-569FAC3F8BCE: changes role from  FOLLOWER to CANDIDATE at term 62 for changeToCandidate
2019-10-16 21:55:04,364 [Thread-694] INFO  impl.RoleInfo (RoleInfo.java:updateAndGet(143)) - 277b5c5e-8c6f-4c9a-a53f-1bbc96404e12: start LeaderElection
2019-10-16 21:55:04,390 [277b5c5e-8c6f-4c9a-a53f-1bbc96404e12@group-569FAC3F8BCE-LeaderElection76] INFO  impl.LeaderElection (LeaderElection.java:askForVotes(178)) - 277b5c5e-8c6f-4c9a-a53f-1bbc96404e12@group-569FAC3F8BCE-LeaderElection76: begin an election at term 63 for -1: [a32408a4-f19d-4bad-97c5-ba33ae94fc9a:192.168.157.254:38721, 6b24a2ab-97ee-4d49-85cc-2d76c2f4b8ef:192.168.157.254:41080, 277b5c5e-8c6f-4c9a-a53f-1bbc96404e12:192.168.157.254:41416], old=null
2019-10-16 21:55:04,393 [grpc-default-executor-0] INFO  impl.RaftServerImpl (RaftServerImpl.java:setRole(184)) - a32408a4-f19d-4bad-97c5-ba33ae94fc9a@group-569FAC3F8BCE: changes role from  FOLLOWER to FOLLOWER at term 63 for recognizeCandidate:277b5c5e-8c6f-4c9a-a53f-1bbc96404e12
2019-10-16 21:55:04,393 [grpc-default-executor-0] INFO  impl.RoleInfo (RoleInfo.java:shutdownFollowerState(121)) - a32408a4-f19d-4bad-97c5-ba33ae94fc9a: shutdown FollowerState
2019-10-16 21:55:04,393 [grpc-default-executor-1] INFO  impl.RaftServerImpl (RaftServerImpl.java:setRole(184)) - 6b24a2ab-97ee-4d49-85cc-2d76c2f4b8ef@group-569FAC3F8BCE: changes role from  FOLLOWER to FOLLOWER at term 63 for recognizeCandidate:277b5c5e-8c6f-4c9a-a53f-1bbc96404e12
2019-10-16 21:55:04,393 [Thread-692] INFO  impl.FollowerState (FollowerState.java:run(117)) - a32408a4-f19d-4bad-97c5-ba33ae94fc9a@group-569FAC3F8BCE-FollowerState was interrupted: java.lang.InterruptedException: sleep interrupted
2019-10-16 21:55:04,393 [grpc-default-executor-0] INFO  impl.RoleInfo (RoleInfo.java:updateAndGet(143)) - a32408a4-f19d-4bad-97c5-ba33ae94fc9a: start FollowerState
2019-10-16 21:55:04,393 [grpc-default-executor-1] INFO  impl.RoleInfo (RoleInfo.java:shutdownFollowerState(121)) - 6b24a2ab-97ee-4d49-85cc-2d76c2f4b8ef: shutdown FollowerState
2019-10-16 21:55:04,394 [grpc-default-executor-1] INFO  impl.RoleInfo (RoleInfo.java:updateAndGet(143)) - 6b24a2ab-97ee-4d49-85cc-2d76c2f4b8ef: start FollowerState
2019-10-16 21:55:04,394 [Thread-693] INFO  impl.FollowerState (FollowerState.java:run(117)) - 6b24a2ab-97ee-4d49-85cc-2d76c2f4b8ef@group-569FAC3F8BCE-FollowerState was interrupted: java.lang.InterruptedException: sleep interrupted
2019-10-16 21:55:04,407 [277b5c5e-8c6f-4c9a-a53f-1bbc96404e12@group-569FAC3F8BCE-LeaderElection76] INFO  impl.LeaderElection (LeaderElection.java:logAndReturn(56)) - 277b5c5e-8c6f-4c9a-a53f-1bbc96404e12@group-569FAC3F8BCE-LeaderElection76: Election REJECTED; received 2 response(s) [277b5c5e-8c6f-4c9a-a53f-1bbc96404e12<-a32408a4-f19d-4bad-97c5-ba33ae94fc9a#0:FAIL-t63, 277b5c5e-8c6f-4c9a-a53f-1bbc96404e12<-6b24a2ab-97ee-4d49-85cc-2d76c2f4b8ef#0:FAIL-t63] and 0 exception(s); 277b5c5e-8c6f-4c9a-a53f-1bbc96404e12@group-569FAC3F8BCE:t63, leader=null, voted=277b5c5e-8c6f-4c9a-a53f-1bbc96404e12, raftlog=277b5c5e-8c6f-4c9a-a53f-1bbc96404e12@group-569FAC3F8BCE-SegmentedRaftLog:OPENED:c-1,f-1,i0, conf=-1: [a32408a4-f19d-4bad-97c5-ba33ae94fc9a:192.168.157.254:38721, 6b24a2ab-97ee-4d49-85cc-2d76c2f4b8ef:192.168.157.254:41080, 277b5c5e-8c6f-4c9a-a53f-1bbc96404e12:192.168.157.254:41416], old=null
2019-10-16 21:55:04,407 [277b5c5e-8c6f-4c9a-a53f-1bbc96404e12@group-569FAC3F8BCE-LeaderElection76] INFO  impl.RaftServerImpl (RaftServerImpl.java:setRole(184)) - 277b5c5e-8c6f-4c9a-a53f-1bbc96404e12@group-569FAC3F8BCE: changes role from CANDIDATE to FOLLOWER at term 63 for DISCOVERED_A_NEW_TERM
2019-10-16 21:55:04,407 [277b5c5e-8c6f-4c9a-a53f-1bbc96404e12@group-569FAC3F8BCE-LeaderElection76] INFO  impl.RoleInfo (RoleInfo.java:shutdownLeaderElection(134)) - 277b5c5e-8c6f-4c9a-a53f-1bbc96404e12: shutdown LeaderElection
2019-10-16 21:55:04,408 [277b5c5e-8c6f-4c9a-a53f-1bbc96404e12@group-569FAC3F8BCE-LeaderElection76] INFO  impl.RoleInfo (RoleInfo.java:updateAndGet(143)) - 277b5c5e-8c6f-4c9a-a53f-1bbc96404e12: start FollowerState
2019-10-16 21:55:04,423 [Thread-700] INFO  impl.FollowerState (FollowerState.java:run(108)) - 277b5c5e-8c6f-4c9a-a53f-1bbc96404e12@group-569FAC3F8BCE-FollowerState: change to CANDIDATE, lastRpcTime:15ms, electionTimeout:15ms
2019-10-16 21:55:04,423 [Thread-700] INFO  impl.RoleInfo (RoleInfo.java:shutdownFollowerState(121)) - 277b5c5e-8c6f-4c9a-a53f-1bbc96404e12: shutdown FollowerState
2019-10-16 21:55:04,423 [Thread-700] INFO  impl.RaftServerImpl (RaftServerImpl.java:setRole(184)) - 277b5c5e-8c6f-4c9a-a53f-1bbc96404e12@group-569FAC3F8BCE: changes role from  FOLLOWER to CANDIDATE at term 63 for changeToCandidate
2019-10-16 21:55:04,423 [Thread-700] INFO  impl.RoleInfo (RoleInfo.java:updateAndGet(143)) - 277b5c5e-8c6f-4c9a-a53f-1bbc96404e12: start LeaderElection
2019-10-16 21:55:04,439 [277b5c5e-8c6f-4c9a-a53f-1bbc96404e12@group-569FAC3F8BCE-LeaderElection77] INFO  impl.LeaderElection (LeaderElection.java:askForVotes(178)) - 277b5c5e-8c6f-4c9a-a53f-1bbc96404e12@group-569FAC3F8BCE-LeaderElection77: begin an election at term 64 for -1: [a32408a4-f19d-4bad-97c5-ba33ae94fc9a:192.168.157.254:38721, 6b24a2ab-97ee-4d49-85cc-2d76c2f4b8ef:192.168.157.254:41080, 277b5c5e-8c6f-4c9a-a53f-1bbc96404e12:192.168.157.254:41416], old=null
2019-10-16 21:55:04,441 [grpc-default-executor-0] INFO  impl.RaftServerImpl (RaftServerImpl.java:setRole(184)) - 6b24a2ab-97ee-4d49-85cc-2d76c2f4b8ef@group-569FAC3F8BCE: changes role from  FOLLOWER to FOLLOWER at term 64 for recognizeCandidate:277b5c5e-8c6f-4c9a-a53f-1bbc96404e12
2019-10-16 21:55:04,441 [grpc-default-executor-1] INFO  impl.RaftServerImpl (RaftServerImpl.java:setRole(184)) - a32408a4-f19d-4bad-97c5-ba33ae94fc9a@group-569FAC3F8BCE: changes role from  FOLLOWER to FOLLOWER at term 64 for recognizeCandidate:277b5c5e-8c6f-4c9a-a53f-1bbc96404e12
2019-10-16 21:55:04,441 [grpc-default-executor-0] INFO  impl.RoleInfo (RoleInfo.java:shutdownFollowerState(121)) - 6b24a2ab-97ee-4d49-85cc-2d76c2f4b8ef: shutdown FollowerState
2019-10-16 21:55:04,441 [grpc-default-executor-1] INFO  impl.RoleInfo (RoleInfo.java:shutdownFollowerState(121)) - a32408a4-f19d-4bad-97c5-ba33ae94fc9a: shutdown FollowerState
2019-10-16 21:55:04,441 [grpc-default-executor-0] INFO  impl.RoleInfo (RoleInfo.java:updateAndGet(143)) - 6b24a2ab-97ee-4d49-85cc-2d76c2f4b8ef: start FollowerState
2019-10-16 21:55:04,442 [Thread-699] INFO  impl.FollowerState (FollowerState.java:run(117)) - 6b24a2ab-97ee-4d49-85cc-2d76c2f4b8ef@group-569FAC3F8BCE-FollowerState was interrupted: java.lang.InterruptedException: sleep interrupted
2019-10-16 21:55:04,442 [Thread-698] INFO  impl.FollowerState (FollowerState.java:run(117)) - a32408a4-f19d-4bad-97c5-ba33ae94fc9a@group-569FAC3F8BCE-FollowerState was interrupted: java.lang.InterruptedException: sleep interrupted
2019-10-16 21:55:04,442 [grpc-default-executor-1] INFO  impl.RoleInfo (RoleInfo.java:updateAndGet(143)) - a32408a4-f19d-4bad-97c5-ba33ae94fc9a: start FollowerState
2019-10-16 21:55:04,468 [277b5c5e-8c6f-4c9a-a53f-1bbc96404e12@group-569FAC3F8BCE-LeaderElection77] INFO  impl.LeaderElection (LeaderElection.java:logAndReturn(56)) - 277b5c5e-8c6f-4c9a-a53f-1bbc96404e12@group-569FAC3F8BCE-LeaderElection77: Election REJECTED; received 2 response(s) [277b5c5e-8c6f-4c9a-a53f-1bbc96404e12<-6b24a2ab-97ee-4d49-85cc-2d76c2f4b8ef#0:FAIL-t64, 277b5c5e-8c6f-4c9a-a53f-1bbc96404e12<-a32408a4-f19d-4bad-97c5-ba33ae94fc9a#0:FAIL-t64] and 0 exception(s); 277b5c5e-8c6f-4c9a-a53f-1bbc96404e12@group-569FAC3F8BCE:t64, leader=null, voted=277b5c5e-8c6f-4c9a-a53f-1bbc96404e12, raftlog=277b5c5e-8c6f-4c9a-a53f-1bbc96404e12@group-569FAC3F8BCE-SegmentedRaftLog:OPENED:c-1,f-1,i0, conf=-1: [a32408a4-f19d-4bad-97c5-ba33ae94fc9a:192.168.157.254:38721, 6b24a2ab-97ee-4d49-85cc-2d76c2f4b8ef:192.168.157.254:41080, 277b5c5e-8c6f-4c9a-a53f-1bbc96404e12:192.168.157.254:41416], old=null
2019-10-16 21:55:04,468 [277b5c5e-8c6f-4c9a-a53f-1bbc96404e12@group-569FAC3F8BCE-LeaderElection77] INFO  impl.RaftServerImpl (RaftServerImpl.java:setRole(184)) - 277b5c5e-8c6f-4c9a-a53f-1bbc96404e12@group-569FAC3F8BCE: changes role from CANDIDATE to FOLLOWER at term 64 for DISCOVERED_A_NEW_TERM
2019-10-16 21:55:04,469 [277b5c5e-8c6f-4c9a-a53f-1bbc96404e12@group-569FAC3F8BCE-LeaderElection77] INFO  impl.RoleInfo (RoleInfo.java:shutdownLeaderElection(134)) - 277b5c5e-8c6f-4c9a-a53f-1bbc96404e12: shutdown LeaderElection
2019-10-16 21:55:04,469 [277b5c5e-8c6f-4c9a-a53f-1bbc96404e12@group-569FAC3F8BCE-LeaderElection77] INFO  impl.RoleInfo (RoleInfo.java:updateAndGet(143)) - 277b5c5e-8c6f-4c9a-a53f-1bbc96404e12: start FollowerState
2019-10-16 21:55:04,539 [Thread-706] INFO  impl.FollowerState (FollowerState.java:run(108)) - 277b5c5e-8c6f-4c9a-a53f-1bbc96404e12@group-569FAC3F8BCE-FollowerState: change to CANDIDATE, lastRpcTime:70ms, electionTimeout:70ms
2019-10-16 21:55:04,539 [Thread-706] INFO  impl.RoleInfo (RoleInfo.java:shutdownFollowerState(121)) - 277b5c5e-8c6f-4c9a-a53f-1bbc96404e12: shutdown FollowerState
2019-10-16 21:55:04,539 [Thread-706] INFO  impl.RaftServerImpl (RaftServerImpl.java:setRole(184)) - 277b5c5e-8c6f-4c9a-a53f-1bbc96404e12@group-569FAC3F8BCE: changes role from  FOLLOWER to CANDIDATE at term 64 for changeToCandidate
2019-10-16 21:55:04,540 [Thread-706] INFO  impl.RoleInfo (RoleInfo.java:updateAndGet(143)) - 277b5c5e-8c6f-4c9a-a53f-1bbc96404e12: start LeaderElection
2019-10-16 21:55:04,562 [Thread-0] INFO  ozone.MiniOzoneClusterImpl (MiniOzoneClusterImpl.java:lambda$waitForClusterToBeReady$2(164)) - Waiting for 1 number of pipelines out of 4, to report a leader.
2019-10-16 21:55:04,576 [277b5c5e-8c6f-4c9a-a53f-1bbc96404e12@group-569FAC3F8BCE-LeaderElection78] INFO  impl.LeaderElection (LeaderElection.java:askForVotes(178)) - 277b5c5e-8c6f-4c9a-a53f-1bbc96404e12@group-569FAC3F8BCE-LeaderElection78: begin an election at term 65 for -1: [a32408a4-f19d-4bad-97c5-ba33ae94fc9a:192.168.157.254:38721, 6b24a2ab-97ee-4d49-85cc-2d76c2f4b8ef:192.168.157.254:41080, 277b5c5e-8c6f-4c9a-a53f-1bbc96404e12:192.168.157.254:41416], old=null
2019-10-16 21:55:04,579 [grpc-default-executor-0] INFO  impl.RaftServerImpl (RaftServerImpl.java:setRole(184)) - 6b24a2ab-97ee-4d49-85cc-2d76c2f4b8ef@group-569FAC3F8BCE: changes role from  FOLLOWER to FOLLOWER at term 65 for recognizeCandidate:277b5c5e-8c6f-4c9a-a53f-1bbc96404e12
2019-10-16 21:55:04,579 [grpc-default-executor-1] INFO  impl.RaftServerImpl (RaftServerImpl.java:setRole(184)) - a32408a4-f19d-4bad-97c5-ba33ae94fc9a@group-569FAC3F8BCE: changes role from  FOLLOWER to FOLLOWER at term 65 for recognizeCandidate:277b5c5e-8c6f-4c9a-a53f-1bbc96404e12
2019-10-16 21:55:04,579 [grpc-default-executor-1] INFO  impl.RoleInfo (RoleInfo.java:shutdownFollowerState(121)) - a32408a4-f19d-4bad-97c5-ba33ae94fc9a: shutdown FollowerState
2019-10-16 21:55:04,579 [grpc-default-executor-0] INFO  impl.RoleInfo (RoleInfo.java:shutdownFollowerState(121)) - 6b24a2ab-97ee-4d49-85cc-2d76c2f4b8ef: shutdown FollowerState
2019-10-16 21:55:04,579 [Thread-705] INFO  impl.FollowerState (FollowerState.java:run(117)) - a32408a4-f19d-4bad-97c5-ba33ae94fc9a@group-569FAC3F8BCE-FollowerState was interrupted: java.lang.InterruptedException: sleep interrupted
2019-10-16 21:55:04,579 [grpc-default-executor-1] INFO  impl.RoleInfo (RoleInfo.java:updateAndGet(143)) - a32408a4-f19d-4bad-97c5-ba33ae94fc9a: start FollowerState
2019-10-16 21:55:04,580 [Thread-704] INFO  impl.FollowerState (FollowerState.java:run(117)) - 6b24a2ab-97ee-4d49-85cc-2d76c2f4b8ef@group-569FAC3F8BCE-FollowerState was interrupted: java.lang.InterruptedException: sleep interrupted
2019-10-16 21:55:04,580 [grpc-default-executor-0] INFO  impl.RoleInfo (RoleInfo.java:updateAndGet(143)) - 6b24a2ab-97ee-4d49-85cc-2d76c2f4b8ef: start FollowerState
2019-10-16 21:55:04,596 [277b5c5e-8c6f-4c9a-a53f-1bbc96404e12@group-569FAC3F8BCE-LeaderElection78] INFO  impl.LeaderElection (LeaderElection.java:logAndReturn(56)) - 277b5c5e-8c6f-4c9a-a53f-1bbc96404e12@group-569FAC3F8BCE-LeaderElection78: Election REJECTED; received 2 response(s) [277b5c5e-8c6f-4c9a-a53f-1bbc96404e12<-6b24a2ab-97ee-4d49-85cc-2d76c2f4b8ef#0:FAIL-t65, 277b5c5e-8c6f-4c9a-a53f-1bbc96404e12<-a32408a4-f19d-4bad-97c5-ba33ae94fc9a#0:FAIL-t65] and 0 exception(s); 277b5c5e-8c6f-4c9a-a53f-1bbc96404e12@group-569FAC3F8BCE:t65, leader=null, voted=277b5c5e-8c6f-4c9a-a53f-1bbc96404e12, raftlog=277b5c5e-8c6f-4c9a-a53f-1bbc96404e12@group-569FAC3F8BCE-SegmentedRaftLog:OPENED:c-1,f-1,i0, conf=-1: [a32408a4-f19d-4bad-97c5-ba33ae94fc9a:192.168.157.254:38721, 6b24a2ab-97ee-4d49-85cc-2d76c2f4b8ef:192.168.157.254:41080, 277b5c5e-8c6f-4c9a-a53f-1bbc96404e12:192.168.157.254:41416], old=null
2019-10-16 21:55:04,596 [277b5c5e-8c6f-4c9a-a53f-1bbc96404e12@group-569FAC3F8BCE-LeaderElection78] INFO  impl.RaftServerImpl (RaftServerImpl.java:setRole(184)) - 277b5c5e-8c6f-4c9a-a53f-1bbc96404e12@group-569FAC3F8BCE: changes role from CANDIDATE to FOLLOWER at term 65 for DISCOVERED_A_NEW_TERM
2019-10-16 21:55:04,596 [277b5c5e-8c6f-4c9a-a53f-1bbc96404e12@group-569FAC3F8BCE-LeaderElection78] INFO  impl.RoleInfo (RoleInfo.java:shutdownLeaderElection(134)) - 277b5c5e-8c6f-4c9a-a53f-1bbc96404e12: shutdown LeaderElection
2019-10-16 21:55:04,596 [277b5c5e-8c6f-4c9a-a53f-1bbc96404e12@group-569FAC3F8BCE-LeaderElection78] INFO  impl.RoleInfo (RoleInfo.java:updateAndGet(143)) - 277b5c5e-8c6f-4c9a-a53f-1bbc96404e12: start FollowerState
2019-10-16 21:55:04,718 [Thread-712] INFO  impl.FollowerState (FollowerState.java:run(108)) - 277b5c5e-8c6f-4c9a-a53f-1bbc96404e12@group-569FAC3F8BCE-FollowerState: change to CANDIDATE, lastRpcTime:121ms, electionTimeout:121ms
2019-10-16 21:55:04,718 [Thread-712] INFO  impl.RoleInfo (RoleInfo.java:shutdownFollowerState(121)) - 277b5c5e-8c6f-4c9a-a53f-1bbc96404e12: shutdown FollowerState
2019-10-16 21:55:04,718 [Thread-712] INFO  impl.RaftServerImpl (RaftServerImpl.java:setRole(184)) - 277b5c5e-8c6f-4c9a-a53f-1bbc96404e12@group-569FAC3F8BCE: changes role from  FOLLOWER to CANDIDATE at term 65 for changeToCandidate
2019-10-16 21:55:04,719 [Thread-712] INFO  impl.RoleInfo (RoleInfo.java:updateAndGet(143)) - 277b5c5e-8c6f-4c9a-a53f-1bbc96404e12: start LeaderElection
2019-10-16 21:55:04,734 [277b5c5e-8c6f-4c9a-a53f-1bbc96404e12@group-569FAC3F8BCE-LeaderElection79] INFO  impl.LeaderElection (LeaderElection.java:askForVotes(178)) - 277b5c5e-8c6f-4c9a-a53f-1bbc96404e12@group-569FAC3F8BCE-LeaderElection79: begin an election at term 66 for -1: [a32408a4-f19d-4bad-97c5-ba33ae94fc9a:192.168.157.254:38721, 6b24a2ab-97ee-4d49-85cc-2d76c2f4b8ef:192.168.157.254:41080, 277b5c5e-8c6f-4c9a-a53f-1bbc96404e12:192.168.157.254:41416], old=null
2019-10-16 21:55:04,736 [grpc-default-executor-1] INFO  impl.RaftServerImpl (RaftServerImpl.java:setRole(184)) - a32408a4-f19d-4bad-97c5-ba33ae94fc9a@group-569FAC3F8BCE: changes role from  FOLLOWER to FOLLOWER at term 66 for recognizeCandidate:277b5c5e-8c6f-4c9a-a53f-1bbc96404e12
2019-10-16 21:55:04,736 [grpc-default-executor-0] INFO  impl.RaftServerImpl (RaftServerImpl.java:setRole(184)) - 6b24a2ab-97ee-4d49-85cc-2d76c2f4b8ef@group-569FAC3F8BCE: changes role from  FOLLOWER to FOLLOWER at term 66 for recognizeCandidate:277b5c5e-8c6f-4c9a-a53f-1bbc96404e12
2019-10-16 21:55:04,736 [grpc-default-executor-1] INFO  impl.RoleInfo (RoleInfo.java:shutdownFollowerState(121)) - a32408a4-f19d-4bad-97c5-ba33ae94fc9a: shutdown FollowerState
2019-10-16 21:55:04,736 [grpc-default-executor-0] INFO  impl.RoleInfo (RoleInfo.java:shutdownFollowerState(121)) - 6b24a2ab-97ee-4d49-85cc-2d76c2f4b8ef: shutdown FollowerState
2019-10-16 21:55:04,737 [Thread-710] INFO  impl.FollowerState (FollowerState.java:run(117)) - a32408a4-f19d-4bad-97c5-ba33ae94fc9a@group-569FAC3F8BCE-FollowerState was interrupted: java.lang.InterruptedException: sleep interrupted
2019-10-16 21:55:04,737 [Thread-711] INFO  impl.FollowerState (FollowerState.java:run(117)) - 6b24a2ab-97ee-4d49-85cc-2d76c2f4b8ef@group-569FAC3F8BCE-FollowerState was interrupted: java.lang.InterruptedException: sleep interrupted
2019-10-16 21:55:04,737 [grpc-default-executor-1] INFO  impl.RoleInfo (RoleInfo.java:updateAndGet(143)) - a32408a4-f19d-4bad-97c5-ba33ae94fc9a: start FollowerState
2019-10-16 21:55:04,737 [grpc-default-executor-0] INFO  impl.RoleInfo (RoleInfo.java:updateAndGet(143)) - 6b24a2ab-97ee-4d49-85cc-2d76c2f4b8ef: start FollowerState
2019-10-16 21:55:04,753 [277b5c5e-8c6f-4c9a-a53f-1bbc96404e12@group-569FAC3F8BCE-LeaderElection79] INFO  impl.LeaderElection (LeaderElection.java:logAndReturn(56)) - 277b5c5e-8c6f-4c9a-a53f-1bbc96404e12@group-569FAC3F8BCE-LeaderElection79: Election REJECTED; received 2 response(s) [277b5c5e-8c6f-4c9a-a53f-1bbc96404e12<-a32408a4-f19d-4bad-97c5-ba33ae94fc9a#0:FAIL-t66, 277b5c5e-8c6f-4c9a-a53f-1bbc96404e12<-6b24a2ab-97ee-4d49-85cc-2d76c2f4b8ef#0:FAIL-t66] and 0 exception(s); 277b5c5e-8c6f-4c9a-a53f-1bbc96404e12@group-569FAC3F8BCE:t66, leader=null, voted=277b5c5e-8c6f-4c9a-a53f-1bbc96404e12, raftlog=277b5c5e-8c6f-4c9a-a53f-1bbc96404e12@group-569FAC3F8BCE-SegmentedRaftLog:OPENED:c-1,f-1,i0, conf=-1: [a32408a4-f19d-4bad-97c5-ba33ae94fc9a:192.168.157.254:38721, 6b24a2ab-97ee-4d49-85cc-2d76c2f4b8ef:192.168.157.254:41080, 277b5c5e-8c6f-4c9a-a53f-1bbc96404e12:192.168.157.254:41416], old=null
2019-10-16 21:55:04,753 [277b5c5e-8c6f-4c9a-a53f-1bbc96404e12@group-569FAC3F8BCE-LeaderElection79] INFO  impl.RaftServerImpl (RaftServerImpl.java:setRole(184)) - 277b5c5e-8c6f-4c9a-a53f-1bbc96404e12@group-569FAC3F8BCE: changes role from CANDIDATE to FOLLOWER at term 66 for DISCOVERED_A_NEW_TERM
2019-10-16 21:55:04,754 [277b5c5e-8c6f-4c9a-a53f-1bbc96404e12@group-569FAC3F8BCE-LeaderElection79] INFO  impl.RoleInfo (RoleInfo.java:shutdownLeaderElection(134)) - 277b5c5e-8c6f-4c9a-a53f-1bbc96404e12: shutdown LeaderElection
2019-10-16 21:55:04,754 [277b5c5e-8c6f-4c9a-a53f-1bbc96404e12@group-569FAC3F8BCE-LeaderElection79] INFO  impl.RoleInfo (RoleInfo.java:updateAndGet(143)) - 277b5c5e-8c6f-4c9a-a53f-1bbc96404e12: start FollowerState
2019-10-16 21:55:04,909 [Thread-718] INFO  impl.FollowerState (FollowerState.java:run(108)) - 277b5c5e-8c6f-4c9a-a53f-1bbc96404e12@group-569FAC3F8BCE-FollowerState: change to CANDIDATE, lastRpcTime:155ms, electionTimeout:155ms
2019-10-16 21:55:04,909 [Thread-718] INFO  impl.RoleInfo (RoleInfo.java:shutdownFollowerState(121)) - 277b5c5e-8c6f-4c9a-a53f-1bbc96404e12: shutdown FollowerState
2019-10-16 21:55:04,909 [Thread-718] INFO  impl.RaftServerImpl (RaftServerImpl.java:setRole(184)) - 277b5c5e-8c6f-4c9a-a53f-1bbc96404e12@group-569FAC3F8BCE: changes role from  FOLLOWER to CANDIDATE at term 66 for changeToCandidate
2019-10-16 21:55:04,910 [Thread-718] INFO  impl.RoleInfo (RoleInfo.java:updateAndGet(143)) - 277b5c5e-8c6f-4c9a-a53f-1bbc96404e12: start LeaderElection
2019-10-16 21:55:04,936 [277b5c5e-8c6f-4c9a-a53f-1bbc96404e12@group-569FAC3F8BCE-LeaderElection80] INFO  impl.LeaderElection (LeaderElection.java:askForVotes(178)) - 277b5c5e-8c6f-4c9a-a53f-1bbc96404e12@group-569FAC3F8BCE-LeaderElection80: begin an election at term 67 for -1: [a32408a4-f19d-4bad-97c5-ba33ae94fc9a:192.168.157.254:38721, 6b24a2ab-97ee-4d49-85cc-2d76c2f4b8ef:192.168.157.254:41080, 277b5c5e-8c6f-4c9a-a53f-1bbc96404e12:192.168.157.254:41416], old=null
2019-10-16 21:55:04,938 [grpc-default-executor-0] INFO  impl.RaftServerImpl (RaftServerImpl.java:setRole(184)) - 6b24a2ab-97ee-4d49-85cc-2d76c2f4b8ef@group-569FAC3F8BCE: changes role from  FOLLOWER to FOLLOWER at term 67 for recognizeCandidate:277b5c5e-8c6f-4c9a-a53f-1bbc96404e12
2019-10-16 21:55:04,938 [grpc-default-executor-1] INFO  impl.RaftServerImpl (RaftServerImpl.java:setRole(184)) - a32408a4-f19d-4bad-97c5-ba33ae94fc9a@group-569FAC3F8BCE: changes role from  FOLLOWER to FOLLOWER at term 67 for recognizeCandidate:277b5c5e-8c6f-4c9a-a53f-1bbc96404e12
2019-10-16 21:55:04,938 [grpc-default-executor-0] INFO  impl.RoleInfo (RoleInfo.java:shutdownFollowerState(121)) - 6b24a2ab-97ee-4d49-85cc-2d76c2f4b8ef: shutdown FollowerState
2019-10-16 21:55:04,939 [grpc-default-executor-1] INFO  impl.RoleInfo (RoleInfo.java:shutdownFollowerState(121)) - a32408a4-f19d-4bad-97c5-ba33ae94fc9a: shutdown FollowerState
2019-10-16 21:55:04,939 [grpc-default-executor-0] INFO  impl.RoleInfo (RoleInfo.java:updateAndGet(143)) - 6b24a2ab-97ee-4d49-85cc-2d76c2f4b8ef: start FollowerState
2019-10-16 21:55:04,939 [Thread-717] INFO  impl.FollowerState (FollowerState.java:run(117)) - 6b24a2ab-97ee-4d49-85cc-2d76c2f4b8ef@group-569FAC3F8BCE-FollowerState was interrupted: java.lang.InterruptedException: sleep interrupted
2019-10-16 21:55:04,939 [Thread-716] INFO  impl.FollowerState (FollowerState.java:run(117)) - a32408a4-f19d-4bad-97c5-ba33ae94fc9a@group-569FAC3F8BCE-FollowerState was interrupted: java.lang.InterruptedException: sleep interrupted
2019-10-16 21:55:04,939 [grpc-default-executor-1] INFO  impl.RoleInfo (RoleInfo.java:updateAndGet(143)) - a32408a4-f19d-4bad-97c5-ba33ae94fc9a: start FollowerState
2019-10-16 21:55:04,961 [277b5c5e-8c6f-4c9a-a53f-1bbc96404e12@group-569FAC3F8BCE-LeaderElection80] INFO  impl.LeaderElection (LeaderElection.java:logAndReturn(56)) - 277b5c5e-8c6f-4c9a-a53f-1bbc96404e12@group-569FAC3F8BCE-LeaderElection80: Election TIMEOUT; received 0 response(s) [] and 0 exception(s); 277b5c5e-8c6f-4c9a-a53f-1bbc96404e12@group-569FAC3F8BCE:t67, leader=null, voted=277b5c5e-8c6f-4c9a-a53f-1bbc96404e12, raftlog=277b5c5e-8c6f-4c9a-a53f-1bbc96404e12@group-569FAC3F8BCE-SegmentedRaftLog:OPENED:c-1,f-1,i0, conf=-1: [a32408a4-f19d-4bad-97c5-ba33ae94fc9a:192.168.157.254:38721, 6b24a2ab-97ee-4d49-85cc-2d76c2f4b8ef:192.168.157.254:41080, 277b5c5e-8c6f-4c9a-a53f-1bbc96404e12:192.168.157.254:41416], old=null
2019-10-16 21:55:04,966 [277b5c5e-8c6f-4c9a-a53f-1bbc96404e12@group-569FAC3F8BCE-LeaderElection80] INFO  impl.LeaderElection (LeaderElection.java:askForVotes(178)) - 277b5c5e-8c6f-4c9a-a53f-1bbc96404e12@group-569FAC3F8BCE-LeaderElection80: begin an election at term 68 for -1: [a32408a4-f19d-4bad-97c5-ba33ae94fc9a:192.168.157.254:38721, 6b24a2ab-97ee-4d49-85cc-2d76c2f4b8ef:192.168.157.254:41080, 277b5c5e-8c6f-4c9a-a53f-1bbc96404e12:192.168.157.254:41416], old=null
2019-10-16 21:55:04,969 [grpc-default-executor-1] INFO  impl.RaftServerImpl (RaftServerImpl.java:setRole(184)) - 6b24a2ab-97ee-4d49-85cc-2d76c2f4b8ef@group-569FAC3F8BCE: changes role from  FOLLOWER to FOLLOWER at term 68 for recognizeCandidate:277b5c5e-8c6f-4c9a-a53f-1bbc96404e12
2019-10-16 21:55:04,969 [grpc-default-executor-0] INFO  impl.RaftServerImpl (RaftServerImpl.java:setRole(184)) - a32408a4-f19d-4bad-97c5-ba33ae94fc9a@group-569FAC3F8BCE: changes role from  FOLLOWER to FOLLOWER at term 68 for recognizeCandidate:277b5c5e-8c6f-4c9a-a53f-1bbc96404e12
2019-10-16 21:55:04,969 [grpc-default-executor-1] INFO  impl.RoleInfo (RoleInfo.java:shutdownFollowerState(121)) - 6b24a2ab-97ee-4d49-85cc-2d76c2f4b8ef: shutdown FollowerState
2019-10-16 21:55:04,969 [grpc-default-executor-0] INFO  impl.RoleInfo (RoleInfo.java:shutdownFollowerState(121)) - a32408a4-f19d-4bad-97c5-ba33ae94fc9a: shutdown FollowerState
2019-10-16 21:55:04,970 [grpc-default-executor-1] INFO  impl.RoleInfo (RoleInfo.java:updateAndGet(143)) - 6b24a2ab-97ee-4d49-85cc-2d76c2f4b8ef: start FollowerState
2019-10-16 21:55:04,970 [Thread-722] INFO  impl.FollowerState (FollowerState.java:run(117)) - 6b24a2ab-97ee-4d49-85cc-2d76c2f4b8ef@group-569FAC3F8BCE-FollowerState was interrupted: java.lang.InterruptedException: sleep interrupted
2019-10-16 21:55:04,970 [Thread-723] INFO  impl.FollowerState (FollowerState.java:run(117)) - a32408a4-f19d-4bad-97c5-ba33ae94fc9a@group-569FAC3F8BCE-FollowerState was interrupted: java.lang.InterruptedException: sleep interrupted
2019-10-16 21:55:04,970 [grpc-default-executor-0] INFO  impl.RoleInfo (RoleInfo.java:updateAndGet(143)) - a32408a4-f19d-4bad-97c5-ba33ae94fc9a: start FollowerState
2019-10-16 21:55:04,997 [277b5c5e-8c6f-4c9a-a53f-1bbc96404e12@group-569FAC3F8BCE-LeaderElection80] INFO  impl.LeaderElection (LeaderElection.java:logAndReturn(56)) - 277b5c5e-8c6f-4c9a-a53f-1bbc96404e12@group-569FAC3F8BCE-LeaderElection80: Election REJECTED; received 2 response(s) [277b5c5e-8c6f-4c9a-a53f-1bbc96404e12<-a32408a4-f19d-4bad-97c5-ba33ae94fc9a#0:FAIL-t68, 277b5c5e-8c6f-4c9a-a53f-1bbc96404e12<-6b24a2ab-97ee-4d49-85cc-2d76c2f4b8ef#0:FAIL-t68] and 0 exception(s); 277b5c5e-8c6f-4c9a-a53f-1bbc96404e12@group-569FAC3F8BCE:t68, leader=null, voted=277b5c5e-8c6f-4c9a-a53f-1bbc96404e12, raftlog=277b5c5e-8c6f-4c9a-a53f-1bbc96404e12@group-569FAC3F8BCE-SegmentedRaftLog:OPENED:c-1,f-1,i0, conf=-1: [a32408a4-f19d-4bad-97c5-ba33ae94fc9a:192.168.157.254:38721, 6b24a2ab-97ee-4d49-85cc-2d76c2f4b8ef:192.168.157.254:41080, 277b5c5e-8c6f-4c9a-a53f-1bbc96404e12:192.168.157.254:41416], old=null
2019-10-16 21:55:04,997 [277b5c5e-8c6f-4c9a-a53f-1bbc96404e12@group-569FAC3F8BCE-LeaderElection80] INFO  impl.RaftServerImpl (RaftServerImpl.java:setRole(184)) - 277b5c5e-8c6f-4c9a-a53f-1bbc96404e12@group-569FAC3F8BCE: changes role from CANDIDATE to FOLLOWER at term 68 for DISCOVERED_A_NEW_TERM
2019-10-16 21:55:04,997 [277b5c5e-8c6f-4c9a-a53f-1bbc96404e12@group-569FAC3F8BCE-LeaderElection80] INFO  impl.RoleInfo (RoleInfo.java:shutdownLeaderElection(134)) - 277b5c5e-8c6f-4c9a-a53f-1bbc96404e12: shutdown LeaderElection
2019-10-16 21:55:04,998 [277b5c5e-8c6f-4c9a-a53f-1bbc96404e12@group-569FAC3F8BCE-LeaderElection80] INFO  impl.RoleInfo (RoleInfo.java:updateAndGet(143)) - 277b5c5e-8c6f-4c9a-a53f-1bbc96404e12: start FollowerState
2019-10-16 21:55:05,148 [Thread-728] INFO  impl.FollowerState (FollowerState.java:run(108)) - 277b5c5e-8c6f-4c9a-a53f-1bbc96404e12@group-569FAC3F8BCE-FollowerState: change to CANDIDATE, lastRpcTime:150ms, electionTimeout:150ms
2019-10-16 21:55:05,148 [Thread-728] INFO  impl.RoleInfo (RoleInfo.java:shutdownFollowerState(121)) - 277b5c5e-8c6f-4c9a-a53f-1bbc96404e12: shutdown FollowerState
2019-10-16 21:55:05,148 [Thread-728] INFO  impl.RaftServerImpl (RaftServerImpl.java:setRole(184)) - 277b5c5e-8c6f-4c9a-a53f-1bbc96404e12@group-569FAC3F8BCE: changes role from  FOLLOWER to CANDIDATE at term 68 for changeToCandidate
2019-10-16 21:55:05,149 [Thread-728] INFO  impl.RoleInfo (RoleInfo.java:updateAndGet(143)) - 277b5c5e-8c6f-4c9a-a53f-1bbc96404e12: start LeaderElection
2019-10-16 21:55:05,175 [277b5c5e-8c6f-4c9a-a53f-1bbc96404e12@group-569FAC3F8BCE-LeaderElection81] INFO  impl.LeaderElection (LeaderElection.java:askForVotes(178)) - 277b5c5e-8c6f-4c9a-a53f-1bbc96404e12@group-569FAC3F8BCE-LeaderElection81: begin an election at term 69 for -1: [a32408a4-f19d-4bad-97c5-ba33ae94fc9a:192.168.157.254:38721, 6b24a2ab-97ee-4d49-85cc-2d76c2f4b8ef:192.168.157.254:41080, 277b5c5e-8c6f-4c9a-a53f-1bbc96404e12:192.168.157.254:41416], old=null
2019-10-16 21:55:05,178 [grpc-default-executor-1] INFO  impl.RaftServerImpl (RaftServerImpl.java:setRole(184)) - a32408a4-f19d-4bad-97c5-ba33ae94fc9a@group-569FAC3F8BCE: changes role from  FOLLOWER to FOLLOWER at term 69 for recognizeCandidate:277b5c5e-8c6f-4c9a-a53f-1bbc96404e12
2019-10-16 21:55:05,178 [grpc-default-executor-0] INFO  impl.RaftServerImpl (RaftServerImpl.java:setRole(184)) - 6b24a2ab-97ee-4d49-85cc-2d76c2f4b8ef@group-569FAC3F8BCE: changes role from  FOLLOWER to FOLLOWER at term 69 for recognizeCandidate:277b5c5e-8c6f-4c9a-a53f-1bbc96404e12
2019-10-16 21:55:05,178 [grpc-default-executor-1] INFO  impl.RoleInfo (RoleInfo.java:shutdownFollowerState(121)) - a32408a4-f19d-4bad-97c5-ba33ae94fc9a: shutdown FollowerState
2019-10-16 21:55:05,178 [grpc-default-executor-0] INFO  impl.RoleInfo (RoleInfo.java:shutdownFollowerState(121)) - 6b24a2ab-97ee-4d49-85cc-2d76c2f4b8ef: shutdown FollowerState
2019-10-16 21:55:05,179 [Thread-727] INFO  impl.FollowerState (FollowerState.java:run(117)) - a32408a4-f19d-4bad-97c5-ba33ae94fc9a@group-569FAC3F8BCE-FollowerState was interrupted: java.lang.InterruptedException: sleep interrupted
2019-10-16 21:55:05,179 [grpc-default-executor-1] INFO  impl.RoleInfo (RoleInfo.java:updateAndGet(143)) - a32408a4-f19d-4bad-97c5-ba33ae94fc9a: start FollowerState
2019-10-16 21:55:05,179 [Thread-726] INFO  impl.FollowerState (FollowerState.java:run(117)) - 6b24a2ab-97ee-4d49-85cc-2d76c2f4b8ef@group-569FAC3F8BCE-FollowerState was interrupted: java.lang.InterruptedException: sleep interrupted
2019-10-16 21:55:05,179 [grpc-default-executor-0] INFO  impl.RoleInfo (RoleInfo.java:updateAndGet(143)) - 6b24a2ab-97ee-4d49-85cc-2d76c2f4b8ef: start FollowerState
2019-10-16 21:55:05,206 [277b5c5e-8c6f-4c9a-a53f-1bbc96404e12@group-569FAC3F8BCE-LeaderElection81] INFO  impl.LeaderElection (LeaderElection.java:logAndReturn(56)) - 277b5c5e-8c6f-4c9a-a53f-1bbc96404e12@group-569FAC3F8BCE-LeaderElection81: Election REJECTED; received 2 response(s) [277b5c5e-8c6f-4c9a-a53f-1bbc96404e12<-a32408a4-f19d-4bad-97c5-ba33ae94fc9a#0:FAIL-t69, 277b5c5e-8c6f-4c9a-a53f-1bbc96404e12<-6b24a2ab-97ee-4d49-85cc-2d76c2f4b8ef#0:FAIL-t69] and 0 exception(s); 277b5c5e-8c6f-4c9a-a53f-1bbc96404e12@group-569FAC3F8BCE:t69, leader=null, voted=277b5c5e-8c6f-4c9a-a53f-1bbc96404e12, raftlog=277b5c5e-8c6f-4c9a-a53f-1bbc96404e12@group-569FAC3F8BCE-SegmentedRaftLog:OPENED:c-1,f-1,i0, conf=-1: [a32408a4-f19d-4bad-97c5-ba33ae94fc9a:192.168.157.254:38721, 6b24a2ab-97ee-4d49-85cc-2d76c2f4b8ef:192.168.157.254:41080, 277b5c5e-8c6f-4c9a-a53f-1bbc96404e12:192.168.157.254:41416], old=null
2019-10-16 21:55:05,207 [277b5c5e-8c6f-4c9a-a53f-1bbc96404e12@group-569FAC3F8BCE-LeaderElection81] INFO  impl.RaftServerImpl (RaftServerImpl.java:setRole(184)) - 277b5c5e-8c6f-4c9a-a53f-1bbc96404e12@group-569FAC3F8BCE: changes role from CANDIDATE to FOLLOWER at term 69 for DISCOVERED_A_NEW_TERM
2019-10-16 21:55:05,207 [277b5c5e-8c6f-4c9a-a53f-1bbc96404e12@group-569FAC3F8BCE-LeaderElection81] INFO  impl.RoleInfo (RoleInfo.java:shutdownLeaderElection(134)) - 277b5c5e-8c6f-4c9a-a53f-1bbc96404e12: shutdown LeaderElection
2019-10-16 21:55:05,207 [277b5c5e-8c6f-4c9a-a53f-1bbc96404e12@group-569FAC3F8BCE-LeaderElection81] INFO  impl.RoleInfo (RoleInfo.java:updateAndGet(143)) - 277b5c5e-8c6f-4c9a-a53f-1bbc96404e12: start FollowerState
2019-10-16 21:55:05,398 [Thread-734] INFO  impl.FollowerState (FollowerState.java:run(108)) - 277b5c5e-8c6f-4c9a-a53f-1bbc96404e12@group-569FAC3F8BCE-FollowerState: change to CANDIDATE, lastRpcTime:191ms, electionTimeout:191ms
2019-10-16 21:55:05,398 [Thread-734] INFO  impl.RoleInfo (RoleInfo.java:shutdownFollowerState(121)) - 277b5c5e-8c6f-4c9a-a53f-1bbc96404e12: shutdown FollowerState
2019-10-16 21:55:05,399 [Thread-734] INFO  impl.RaftServerImpl (RaftServerImpl.java:setRole(184)) - 277b5c5e-8c6f-4c9a-a53f-1bbc96404e12@group-569FAC3F8BCE: changes role from  FOLLOWER to CANDIDATE at term 69 for changeToCandidate
2019-10-16 21:55:05,399 [Thread-734] INFO  impl.RoleInfo (RoleInfo.java:updateAndGet(143)) - 277b5c5e-8c6f-4c9a-a53f-1bbc96404e12: start LeaderElection
2019-10-16 21:55:05,415 [277b5c5e-8c6f-4c9a-a53f-1bbc96404e12@group-569FAC3F8BCE-LeaderElection82] INFO  impl.LeaderElection (LeaderElection.java:askForVotes(178)) - 277b5c5e-8c6f-4c9a-a53f-1bbc96404e12@group-569FAC3F8BCE-LeaderElection82: begin an election at term 70 for -1: [a32408a4-f19d-4bad-97c5-ba33ae94fc9a:192.168.157.254:38721, 6b24a2ab-97ee-4d49-85cc-2d76c2f4b8ef:192.168.157.254:41080, 277b5c5e-8c6f-4c9a-a53f-1bbc96404e12:192.168.157.254:41416], old=null
2019-10-16 21:55:05,418 [grpc-default-executor-0] INFO  impl.RaftServerImpl (RaftServerImpl.java:setRole(184)) - a32408a4-f19d-4bad-97c5-ba33ae94fc9a@group-569FAC3F8BCE: changes role from  FOLLOWER to FOLLOWER at term 70 for recognizeCandidate:277b5c5e-8c6f-4c9a-a53f-1bbc96404e12
2019-10-16 21:55:05,418 [grpc-default-executor-1] INFO  impl.RaftServerImpl (RaftServerImpl.java:setRole(184)) - 6b24a2ab-97ee-4d49-85cc-2d76c2f4b8ef@group-569FAC3F8BCE: changes role from  FOLLOWER to FOLLOWER at term 70 for recognizeCandidate:277b5c5e-8c6f-4c9a-a53f-1bbc96404e12
2019-10-16 21:55:05,418 [grpc-default-executor-0] INFO  impl.RoleInfo (RoleInfo.java:shutdownFollowerState(121)) - a32408a4-f19d-4bad-97c5-ba33ae94fc9a: shutdown FollowerState
2019-10-16 21:55:05,419 [grpc-default-executor-1] INFO  impl.RoleInfo (RoleInfo.java:shutdownFollowerState(121)) - 6b24a2ab-97ee-4d49-85cc-2d76c2f4b8ef: shutdown FollowerState
2019-10-16 21:55:05,419 [Thread-732] INFO  impl.FollowerState (FollowerState.java:run(117)) - a32408a4-f19d-4bad-97c5-ba33ae94fc9a@group-569FAC3F8BCE-FollowerState was interrupted: java.lang.InterruptedException: sleep interrupted
2019-10-16 21:55:05,419 [grpc-default-executor-0] INFO  impl.RoleInfo (RoleInfo.java:updateAndGet(143)) - a32408a4-f19d-4bad-97c5-ba33ae94fc9a: start FollowerState
2019-10-16 21:55:05,419 [grpc-default-executor-1] INFO  impl.RoleInfo (RoleInfo.java:updateAndGet(143)) - 6b24a2ab-97ee-4d49-85cc-2d76c2f4b8ef: start FollowerState
2019-10-16 21:55:05,419 [Thread-733] INFO  impl.FollowerState (FollowerState.java:run(117)) - 6b24a2ab-97ee-4d49-85cc-2d76c2f4b8ef@group-569FAC3F8BCE-FollowerState was interrupted: java.lang.InterruptedException: sleep interrupted
2019-10-16 21:55:05,430 [277b5c5e-8c6f-4c9a-a53f-1bbc96404e12@group-569FAC3F8BCE-LeaderElection82] INFO  impl.LeaderElection (LeaderElection.java:logAndReturn(56)) - 277b5c5e-8c6f-4c9a-a53f-1bbc96404e12@group-569FAC3F8BCE-LeaderElection82: Election TIMEOUT; received 0 response(s) [] and 0 exception(s); 277b5c5e-8c6f-4c9a-a53f-1bbc96404e12@group-569FAC3F8BCE:t70, leader=null, voted=277b5c5e-8c6f-4c9a-a53f-1bbc96404e12, raftlog=277b5c5e-8c6f-4c9a-a53f-1bbc96404e12@group-569FAC3F8BCE-SegmentedRaftLog:OPENED:c-1,f-1,i0, conf=-1: [a32408a4-f19d-4bad-97c5-ba33ae94fc9a:192.168.157.254:38721, 6b24a2ab-97ee-4d49-85cc-2d76c2f4b8ef:192.168.157.254:41080, 277b5c5e-8c6f-4c9a-a53f-1bbc96404e12:192.168.157.254:41416], old=null
2019-10-16 21:55:05,458 [277b5c5e-8c6f-4c9a-a53f-1bbc96404e12@group-569FAC3F8BCE-LeaderElection82] INFO  impl.LeaderElection (LeaderElection.java:askForVotes(178)) - 277b5c5e-8c6f-4c9a-a53f-1bbc96404e12@group-569FAC3F8BCE-LeaderElection82: begin an election at term 71 for -1: [a32408a4-f19d-4bad-97c5-ba33ae94fc9a:192.168.157.254:38721, 6b24a2ab-97ee-4d49-85cc-2d76c2f4b8ef:192.168.157.254:41080, 277b5c5e-8c6f-4c9a-a53f-1bbc96404e12:192.168.157.254:41416], old=null
2019-10-16 21:55:05,461 [grpc-default-executor-1] INFO  impl.RaftServerImpl (RaftServerImpl.java:setRole(184)) - a32408a4-f19d-4bad-97c5-ba33ae94fc9a@group-569FAC3F8BCE: changes role from  FOLLOWER to FOLLOWER at term 71 for recognizeCandidate:277b5c5e-8c6f-4c9a-a53f-1bbc96404e12
2019-10-16 21:55:05,462 [grpc-default-executor-1] INFO  impl.RoleInfo (RoleInfo.java:shutdownFollowerState(121)) - a32408a4-f19d-4bad-97c5-ba33ae94fc9a: shutdown FollowerState
2019-10-16 21:55:05,462 [grpc-default-executor-1] INFO  impl.RoleInfo (RoleInfo.java:updateAndGet(143)) - a32408a4-f19d-4bad-97c5-ba33ae94fc9a: start FollowerState
2019-10-16 21:55:05,462 [Thread-738] INFO  impl.FollowerState (FollowerState.java:run(117)) - a32408a4-f19d-4bad-97c5-ba33ae94fc9a@group-569FAC3F8BCE-FollowerState was interrupted: java.lang.InterruptedException: sleep interrupted
2019-10-16 21:55:05,462 [grpc-default-executor-0] INFO  impl.RaftServerImpl (RaftServerImpl.java:setRole(184)) - 6b24a2ab-97ee-4d49-85cc-2d76c2f4b8ef@group-569FAC3F8BCE: changes role from  FOLLOWER to FOLLOWER at term 71 for recognizeCandidate:277b5c5e-8c6f-4c9a-a53f-1bbc96404e12
2019-10-16 21:55:05,462 [grpc-default-executor-0] INFO  impl.RoleInfo (RoleInfo.java:shutdownFollowerState(121)) - 6b24a2ab-97ee-4d49-85cc-2d76c2f4b8ef: shutdown FollowerState
2019-10-16 21:55:05,462 [grpc-default-executor-0] INFO  impl.RoleInfo (RoleInfo.java:updateAndGet(143)) - 6b24a2ab-97ee-4d49-85cc-2d76c2f4b8ef: start FollowerState
2019-10-16 21:55:05,462 [Thread-739] INFO  impl.FollowerState (FollowerState.java:run(117)) - 6b24a2ab-97ee-4d49-85cc-2d76c2f4b8ef@group-569FAC3F8BCE-FollowerState was interrupted: java.lang.InterruptedException: sleep interrupted
2019-10-16 21:55:05,476 [277b5c5e-8c6f-4c9a-a53f-1bbc96404e12@group-569FAC3F8BCE-LeaderElection82] INFO  impl.LeaderElection (LeaderElection.java:logAndReturn(56)) - 277b5c5e-8c6f-4c9a-a53f-1bbc96404e12@group-569FAC3F8BCE-LeaderElection82: Election REJECTED; received 2 response(s) [277b5c5e-8c6f-4c9a-a53f-1bbc96404e12<-6b24a2ab-97ee-4d49-85cc-2d76c2f4b8ef#0:FAIL-t71, 277b5c5e-8c6f-4c9a-a53f-1bbc96404e12<-a32408a4-f19d-4bad-97c5-ba33ae94fc9a#0:FAIL-t71] and 0 exception(s); 277b5c5e-8c6f-4c9a-a53f-1bbc96404e12@group-569FAC3F8BCE:t71, leader=null, voted=277b5c5e-8c6f-4c9a-a53f-1bbc96404e12, raftlog=277b5c5e-8c6f-4c9a-a53f-1bbc96404e12@group-569FAC3F8BCE-SegmentedRaftLog:OPENED:c-1,f-1,i0, conf=-1: [a32408a4-f19d-4bad-97c5-ba33ae94fc9a:192.168.157.254:38721, 6b24a2ab-97ee-4d49-85cc-2d76c2f4b8ef:192.168.157.254:41080, 277b5c5e-8c6f-4c9a-a53f-1bbc96404e12:192.168.157.254:41416], old=null
2019-10-16 21:55:05,476 [277b5c5e-8c6f-4c9a-a53f-1bbc96404e12@group-569FAC3F8BCE-LeaderElection82] INFO  impl.RaftServerImpl (RaftServerImpl.java:setRole(184)) - 277b5c5e-8c6f-4c9a-a53f-1bbc96404e12@group-569FAC3F8BCE: changes role from CANDIDATE to FOLLOWER at term 71 for DISCOVERED_A_NEW_TERM
2019-10-16 21:55:05,476 [277b5c5e-8c6f-4c9a-a53f-1bbc96404e12@group-569FAC3F8BCE-LeaderElection82] INFO  impl.RoleInfo (RoleInfo.java:shutdownLeaderElection(134)) - 277b5c5e-8c6f-4c9a-a53f-1bbc96404e12: shutdown LeaderElection
2019-10-16 21:55:05,476 [277b5c5e-8c6f-4c9a-a53f-1bbc96404e12@group-569FAC3F8BCE-LeaderElection82] INFO  impl.RoleInfo (RoleInfo.java:updateAndGet(143)) - 277b5c5e-8c6f-4c9a-a53f-1bbc96404e12: start FollowerState
2019-10-16 21:55:05,499 [Thread-744] INFO  impl.FollowerState (FollowerState.java:run(108)) - 277b5c5e-8c6f-4c9a-a53f-1bbc96404e12@group-569FAC3F8BCE-FollowerState: change to CANDIDATE, lastRpcTime:22ms, electionTimeout:22ms
2019-10-16 21:55:05,499 [Thread-744] INFO  impl.RoleInfo (RoleInfo.java:shutdownFollowerState(121)) - 277b5c5e-8c6f-4c9a-a53f-1bbc96404e12: shutdown FollowerState
2019-10-16 21:55:05,499 [Thread-744] INFO  impl.RaftServerImpl (RaftServerImpl.java:setRole(184)) - 277b5c5e-8c6f-4c9a-a53f-1bbc96404e12@group-569FAC3F8BCE: changes role from  FOLLOWER to CANDIDATE at term 71 for changeToCandidate
2019-10-16 21:55:05,499 [Thread-744] INFO  impl.RoleInfo (RoleInfo.java:updateAndGet(143)) - 277b5c5e-8c6f-4c9a-a53f-1bbc96404e12: start LeaderElection
2019-10-16 21:55:05,513 [277b5c5e-8c6f-4c9a-a53f-1bbc96404e12@group-569FAC3F8BCE-LeaderElection83] INFO  impl.LeaderElection (LeaderElection.java:askForVotes(178)) - 277b5c5e-8c6f-4c9a-a53f-1bbc96404e12@group-569FAC3F8BCE-LeaderElection83: begin an election at term 72 for -1: [a32408a4-f19d-4bad-97c5-ba33ae94fc9a:192.168.157.254:38721, 6b24a2ab-97ee-4d49-85cc-2d76c2f4b8ef:192.168.157.254:41080, 277b5c5e-8c6f-4c9a-a53f-1bbc96404e12:192.168.157.254:41416], old=null
2019-10-16 21:55:05,516 [grpc-default-executor-0] INFO  impl.RaftServerImpl (RaftServerImpl.java:setRole(184)) - 6b24a2ab-97ee-4d49-85cc-2d76c2f4b8ef@group-569FAC3F8BCE: changes role from  FOLLOWER to FOLLOWER at term 72 for recognizeCandidate:277b5c5e-8c6f-4c9a-a53f-1bbc96404e12
2019-10-16 21:55:05,516 [grpc-default-executor-1] INFO  impl.RaftServerImpl (RaftServerImpl.java:setRole(184)) - a32408a4-f19d-4bad-97c5-ba33ae94fc9a@group-569FAC3F8BCE: changes role from  FOLLOWER to FOLLOWER at term 72 for recognizeCandidate:277b5c5e-8c6f-4c9a-a53f-1bbc96404e12
2019-10-16 21:55:05,516 [grpc-default-executor-0] INFO  impl.RoleInfo (RoleInfo.java:shutdownFollowerState(121)) - 6b24a2ab-97ee-4d49-85cc-2d76c2f4b8ef: shutdown FollowerState
2019-10-16 21:55:05,516 [grpc-default-executor-1] INFO  impl.RoleInfo (RoleInfo.java:shutdownFollowerState(121)) - a32408a4-f19d-4bad-97c5-ba33ae94fc9a: shutdown FollowerState
2019-10-16 21:55:05,516 [grpc-default-executor-0] INFO  impl.RoleInfo (RoleInfo.java:updateAndGet(143)) - 6b24a2ab-97ee-4d49-85cc-2d76c2f4b8ef: start FollowerState
2019-10-16 21:55:05,516 [Thread-742] INFO  impl.FollowerState (FollowerState.java:run(117)) - a32408a4-f19d-4bad-97c5-ba33ae94fc9a@group-569FAC3F8BCE-FollowerState was interrupted: java.lang.InterruptedException: sleep interrupted
2019-10-16 21:55:05,516 [grpc-default-executor-1] INFO  impl.RoleInfo (RoleInfo.java:updateAndGet(143)) - a32408a4-f19d-4bad-97c5-ba33ae94fc9a: start FollowerState
2019-10-16 21:55:05,516 [Thread-743] INFO  impl.FollowerState (FollowerState.java:run(117)) - 6b24a2ab-97ee-4d49-85cc-2d76c2f4b8ef@group-569FAC3F8BCE-FollowerState was interrupted: java.lang.InterruptedException: sleep interrupted
2019-10-16 21:55:05,532 [277b5c5e-8c6f-4c9a-a53f-1bbc96404e12@group-569FAC3F8BCE-LeaderElection83] INFO  impl.LeaderElection (LeaderElection.java:logAndReturn(56)) - 277b5c5e-8c6f-4c9a-a53f-1bbc96404e12@group-569FAC3F8BCE-LeaderElection83: Election REJECTED; received 2 response(s) [277b5c5e-8c6f-4c9a-a53f-1bbc96404e12<-a32408a4-f19d-4bad-97c5-ba33ae94fc9a#0:FAIL-t72, 277b5c5e-8c6f-4c9a-a53f-1bbc96404e12<-6b24a2ab-97ee-4d49-85cc-2d76c2f4b8ef#0:FAIL-t72] and 0 exception(s); 277b5c5e-8c6f-4c9a-a53f-1bbc96404e12@group-569FAC3F8BCE:t72, leader=null, voted=277b5c5e-8c6f-4c9a-a53f-1bbc96404e12, raftlog=277b5c5e-8c6f-4c9a-a53f-1bbc96404e12@group-569FAC3F8BCE-SegmentedRaftLog:OPENED:c-1,f-1,i0, conf=-1: [a32408a4-f19d-4bad-97c5-ba33ae94fc9a:192.168.157.254:38721, 6b24a2ab-97ee-4d49-85cc-2d76c2f4b8ef:192.168.157.254:41080, 277b5c5e-8c6f-4c9a-a53f-1bbc96404e12:192.168.157.254:41416], old=null
2019-10-16 21:55:05,532 [277b5c5e-8c6f-4c9a-a53f-1bbc96404e12@group-569FAC3F8BCE-LeaderElection83] INFO  impl.RaftServerImpl (RaftServerImpl.java:setRole(184)) - 277b5c5e-8c6f-4c9a-a53f-1bbc96404e12@group-569FAC3F8BCE: changes role from CANDIDATE to FOLLOWER at term 72 for DISCOVERED_A_NEW_TERM
2019-10-16 21:55:05,532 [277b5c5e-8c6f-4c9a-a53f-1bbc96404e12@group-569FAC3F8BCE-LeaderElection83] INFO  impl.RoleInfo (RoleInfo.java:shutdownLeaderElection(134)) - 277b5c5e-8c6f-4c9a-a53f-1bbc96404e12: shutdown LeaderElection
2019-10-16 21:55:05,532 [277b5c5e-8c6f-4c9a-a53f-1bbc96404e12@group-569FAC3F8BCE-LeaderElection83] INFO  impl.RoleInfo (RoleInfo.java:updateAndGet(143)) - 277b5c5e-8c6f-4c9a-a53f-1bbc96404e12: start FollowerState
2019-10-16 21:55:05,562 [Thread-0] INFO  ozone.MiniOzoneClusterImpl (MiniOzoneClusterImpl.java:lambda$waitForClusterToBeReady$2(164)) - Waiting for 1 number of pipelines out of 4, to report a leader.
2019-10-16 21:55:05,625 [Thread-750] INFO  impl.FollowerState (FollowerState.java:run(108)) - 277b5c5e-8c6f-4c9a-a53f-1bbc96404e12@group-569FAC3F8BCE-FollowerState: change to CANDIDATE, lastRpcTime:92ms, electionTimeout:92ms
2019-10-16 21:55:05,625 [Thread-750] INFO  impl.RoleInfo (RoleInfo.java:shutdownFollowerState(121)) - 277b5c5e-8c6f-4c9a-a53f-1bbc96404e12: shutdown FollowerState
2019-10-16 21:55:05,625 [Thread-750] INFO  impl.RaftServerImpl (RaftServerImpl.java:setRole(184)) - 277b5c5e-8c6f-4c9a-a53f-1bbc96404e12@group-569FAC3F8BCE: changes role from  FOLLOWER to CANDIDATE at term 72 for changeToCandidate
2019-10-16 21:55:05,625 [Thread-750] INFO  impl.RoleInfo (RoleInfo.java:updateAndGet(143)) - 277b5c5e-8c6f-4c9a-a53f-1bbc96404e12: start LeaderElection
2019-10-16 21:55:05,652 [277b5c5e-8c6f-4c9a-a53f-1bbc96404e12@group-569FAC3F8BCE-LeaderElection84] INFO  impl.LeaderElection (LeaderElection.java:askForVotes(178)) - 277b5c5e-8c6f-4c9a-a53f-1bbc96404e12@group-569FAC3F8BCE-LeaderElection84: begin an election at term 73 for -1: [a32408a4-f19d-4bad-97c5-ba33ae94fc9a:192.168.157.254:38721, 6b24a2ab-97ee-4d49-85cc-2d76c2f4b8ef:192.168.157.254:41080, 277b5c5e-8c6f-4c9a-a53f-1bbc96404e12:192.168.157.254:41416], old=null
2019-10-16 21:55:05,654 [grpc-default-executor-1] INFO  impl.RaftServerImpl (RaftServerImpl.java:setRole(184)) - 6b24a2ab-97ee-4d49-85cc-2d76c2f4b8ef@group-569FAC3F8BCE: changes role from  FOLLOWER to FOLLOWER at term 73 for recognizeCandidate:277b5c5e-8c6f-4c9a-a53f-1bbc96404e12
2019-10-16 21:55:05,654 [grpc-default-executor-1] INFO  impl.RoleInfo (RoleInfo.java:shutdownFollowerState(121)) - 6b24a2ab-97ee-4d49-85cc-2d76c2f4b8ef: shutdown FollowerState
2019-10-16 21:55:05,655 [grpc-default-executor-1] INFO  impl.RoleInfo (RoleInfo.java:updateAndGet(143)) - 6b24a2ab-97ee-4d49-85cc-2d76c2f4b8ef: start FollowerState
2019-10-16 21:55:05,655 [Thread-748] INFO  impl.FollowerState (FollowerState.java:run(117)) - 6b24a2ab-97ee-4d49-85cc-2d76c2f4b8ef@group-569FAC3F8BCE-FollowerState was interrupted: java.lang.InterruptedException: sleep interrupted
2019-10-16 21:55:05,655 [grpc-default-executor-0] INFO  impl.RaftServerImpl (RaftServerImpl.java:setRole(184)) - a32408a4-f19d-4bad-97c5-ba33ae94fc9a@group-569FAC3F8BCE: changes role from  FOLLOWER to FOLLOWER at term 73 for recognizeCandidate:277b5c5e-8c6f-4c9a-a53f-1bbc96404e12
2019-10-16 21:55:05,655 [grpc-default-executor-0] INFO  impl.RoleInfo (RoleInfo.java:shutdownFollowerState(121)) - a32408a4-f19d-4bad-97c5-ba33ae94fc9a: shutdown FollowerState
2019-10-16 21:55:05,656 [grpc-default-executor-0] INFO  impl.RoleInfo (RoleInfo.java:updateAndGet(143)) - a32408a4-f19d-4bad-97c5-ba33ae94fc9a: start FollowerState
2019-10-16 21:55:05,656 [Thread-749] INFO  impl.FollowerState (FollowerState.java:run(117)) - a32408a4-f19d-4bad-97c5-ba33ae94fc9a@group-569FAC3F8BCE-FollowerState was interrupted: java.lang.InterruptedException: sleep interrupted
2019-10-16 21:55:05,669 [277b5c5e-8c6f-4c9a-a53f-1bbc96404e12@group-569FAC3F8BCE-LeaderElection84] INFO  impl.LeaderElection (LeaderElection.java:logAndReturn(56)) - 277b5c5e-8c6f-4c9a-a53f-1bbc96404e12@group-569FAC3F8BCE-LeaderElection84: Election REJECTED; received 2 response(s) [277b5c5e-8c6f-4c9a-a53f-1bbc96404e12<-a32408a4-f19d-4bad-97c5-ba33ae94fc9a#0:FAIL-t73, 277b5c5e-8c6f-4c9a-a53f-1bbc96404e12<-6b24a2ab-97ee-4d49-85cc-2d76c2f4b8ef#0:FAIL-t73] and 0 exception(s); 277b5c5e-8c6f-4c9a-a53f-1bbc96404e12@group-569FAC3F8BCE:t73, leader=null, voted=277b5c5e-8c6f-4c9a-a53f-1bbc96404e12, raftlog=277b5c5e-8c6f-4c9a-a53f-1bbc96404e12@group-569FAC3F8BCE-SegmentedRaftLog:OPENED:c-1,f-1,i0, conf=-1: [a32408a4-f19d-4bad-97c5-ba33ae94fc9a:192.168.157.254:38721, 6b24a2ab-97ee-4d49-85cc-2d76c2f4b8ef:192.168.157.254:41080, 277b5c5e-8c6f-4c9a-a53f-1bbc96404e12:192.168.157.254:41416], old=null
2019-10-16 21:55:05,670 [277b5c5e-8c6f-4c9a-a53f-1bbc96404e12@group-569FAC3F8BCE-LeaderElection84] INFO  impl.RaftServerImpl (RaftServerImpl.java:setRole(184)) - 277b5c5e-8c6f-4c9a-a53f-1bbc96404e12@group-569FAC3F8BCE: changes role from CANDIDATE to FOLLOWER at term 73 for DISCOVERED_A_NEW_TERM
2019-10-16 21:55:05,670 [277b5c5e-8c6f-4c9a-a53f-1bbc96404e12@group-569FAC3F8BCE-LeaderElection84] INFO  impl.RoleInfo (RoleInfo.java:shutdownLeaderElection(134)) - 277b5c5e-8c6f-4c9a-a53f-1bbc96404e12: shutdown LeaderElection
2019-10-16 21:55:05,670 [277b5c5e-8c6f-4c9a-a53f-1bbc96404e12@group-569FAC3F8BCE-LeaderElection84] INFO  impl.RoleInfo (RoleInfo.java:updateAndGet(143)) - 277b5c5e-8c6f-4c9a-a53f-1bbc96404e12: start FollowerState
2019-10-16 21:55:05,865 [Thread-756] INFO  impl.FollowerState (FollowerState.java:run(108)) - 277b5c5e-8c6f-4c9a-a53f-1bbc96404e12@group-569FAC3F8BCE-FollowerState: change to CANDIDATE, lastRpcTime:195ms, electionTimeout:195ms
2019-10-16 21:55:05,866 [Thread-756] INFO  impl.RoleInfo (RoleInfo.java:shutdownFollowerState(121)) - 277b5c5e-8c6f-4c9a-a53f-1bbc96404e12: shutdown FollowerState
2019-10-16 21:55:05,866 [Thread-756] INFO  impl.RaftServerImpl (RaftServerImpl.java:setRole(184)) - 277b5c5e-8c6f-4c9a-a53f-1bbc96404e12@group-569FAC3F8BCE: changes role from  FOLLOWER to CANDIDATE at term 73 for changeToCandidate
2019-10-16 21:55:05,866 [Thread-756] INFO  impl.RoleInfo (RoleInfo.java:updateAndGet(143)) - 277b5c5e-8c6f-4c9a-a53f-1bbc96404e12: start LeaderElection
2019-10-16 21:55:05,880 [277b5c5e-8c6f-4c9a-a53f-1bbc96404e12@group-569FAC3F8BCE-LeaderElection85] INFO  impl.LeaderElection (LeaderElection.java:askForVotes(178)) - 277b5c5e-8c6f-4c9a-a53f-1bbc96404e12@group-569FAC3F8BCE-LeaderElection85: begin an election at term 74 for -1: [a32408a4-f19d-4bad-97c5-ba33ae94fc9a:192.168.157.254:38721, 6b24a2ab-97ee-4d49-85cc-2d76c2f4b8ef:192.168.157.254:41080, 277b5c5e-8c6f-4c9a-a53f-1bbc96404e12:192.168.157.254:41416], old=null
2019-10-16 21:55:05,883 [grpc-default-executor-0] INFO  impl.RaftServerImpl (RaftServerImpl.java:setRole(184)) - a32408a4-f19d-4bad-97c5-ba33ae94fc9a@group-569FAC3F8BCE: changes role from  FOLLOWER to FOLLOWER at term 74 for recognizeCandidate:277b5c5e-8c6f-4c9a-a53f-1bbc96404e12
2019-10-16 21:55:05,883 [grpc-default-executor-1] INFO  impl.RaftServerImpl (RaftServerImpl.java:setRole(184)) - 6b24a2ab-97ee-4d49-85cc-2d76c2f4b8ef@group-569FAC3F8BCE: changes role from  FOLLOWER to FOLLOWER at term 74 for recognizeCandidate:277b5c5e-8c6f-4c9a-a53f-1bbc96404e12
2019-10-16 21:55:05,883 [grpc-default-executor-0] INFO  impl.RoleInfo (RoleInfo.java:shutdownFollowerState(121)) - a32408a4-f19d-4bad-97c5-ba33ae94fc9a: shutdown FollowerState
2019-10-16 21:55:05,883 [grpc-default-executor-1] INFO  impl.RoleInfo (RoleInfo.java:shutdownFollowerState(121)) - 6b24a2ab-97ee-4d49-85cc-2d76c2f4b8ef: shutdown FollowerState
2019-10-16 21:55:05,883 [Thread-755] INFO  impl.FollowerState (FollowerState.java:run(117)) - a32408a4-f19d-4bad-97c5-ba33ae94fc9a@group-569FAC3F8BCE-FollowerState was interrupted: java.lang.InterruptedException: sleep interrupted
2019-10-16 21:55:05,883 [grpc-default-executor-0] INFO  impl.RoleInfo (RoleInfo.java:updateAndGet(143)) - a32408a4-f19d-4bad-97c5-ba33ae94fc9a: start FollowerState
2019-10-16 21:55:05,883 [Thread-754] INFO  impl.FollowerState (FollowerState.java:run(117)) - 6b24a2ab-97ee-4d49-85cc-2d76c2f4b8ef@group-569FAC3F8BCE-FollowerState was interrupted: java.lang.InterruptedException: sleep interrupted
2019-10-16 21:55:05,883 [grpc-default-executor-1] INFO  impl.RoleInfo (RoleInfo.java:updateAndGet(143)) - 6b24a2ab-97ee-4d49-85cc-2d76c2f4b8ef: start FollowerState
2019-10-16 21:55:05,891 [277b5c5e-8c6f-4c9a-a53f-1bbc96404e12@group-569FAC3F8BCE-LeaderElection85] INFO  impl.LeaderElection (LeaderElection.java:logAndReturn(56)) - 277b5c5e-8c6f-4c9a-a53f-1bbc96404e12@group-569FAC3F8BCE-LeaderElection85: Election TIMEOUT; received 0 response(s) [] and 0 exception(s); 277b5c5e-8c6f-4c9a-a53f-1bbc96404e12@group-569FAC3F8BCE:t74, leader=null, voted=277b5c5e-8c6f-4c9a-a53f-1bbc96404e12, raftlog=277b5c5e-8c6f-4c9a-a53f-1bbc96404e12@group-569FAC3F8BCE-SegmentedRaftLog:OPENED:c-1,f-1,i0, conf=-1: [a32408a4-f19d-4bad-97c5-ba33ae94fc9a:192.168.157.254:38721, 6b24a2ab-97ee-4d49-85cc-2d76c2f4b8ef:192.168.157.254:41080, 277b5c5e-8c6f-4c9a-a53f-1bbc96404e12:192.168.157.254:41416], old=null
2019-10-16 21:55:05,937 [277b5c5e-8c6f-4c9a-a53f-1bbc96404e12@group-569FAC3F8BCE-LeaderElection85] INFO  impl.LeaderElection (LeaderElection.java:askForVotes(178)) - 277b5c5e-8c6f-4c9a-a53f-1bbc96404e12@group-569FAC3F8BCE-LeaderElection85: begin an election at term 75 for -1: [a32408a4-f19d-4bad-97c5-ba33ae94fc9a:192.168.157.254:38721, 6b24a2ab-97ee-4d49-85cc-2d76c2f4b8ef:192.168.157.254:41080, 277b5c5e-8c6f-4c9a-a53f-1bbc96404e12:192.168.157.254:41416], old=null
2019-10-16 21:55:05,940 [grpc-default-executor-0] INFO  impl.RaftServerImpl (RaftServerImpl.java:setRole(184)) - a32408a4-f19d-4bad-97c5-ba33ae94fc9a@group-569FAC3F8BCE: changes role from  FOLLOWER to FOLLOWER at term 75 for recognizeCandidate:277b5c5e-8c6f-4c9a-a53f-1bbc96404e12
2019-10-16 21:55:05,940 [grpc-default-executor-0] INFO  impl.RoleInfo (RoleInfo.java:shutdownFollowerState(121)) - a32408a4-f19d-4bad-97c5-ba33ae94fc9a: shutdown FollowerState
2019-10-16 21:55:05,941 [grpc-default-executor-0] INFO  impl.RoleInfo (RoleInfo.java:updateAndGet(143)) - a32408a4-f19d-4bad-97c5-ba33ae94fc9a: start FollowerState
2019-10-16 21:55:05,941 [Thread-760] INFO  impl.FollowerState (FollowerState.java:run(117)) - a32408a4-f19d-4bad-97c5-ba33ae94fc9a@group-569FAC3F8BCE-FollowerState was interrupted: java.lang.InterruptedException: sleep interrupted
2019-10-16 21:55:05,941 [grpc-default-executor-1] INFO  impl.RaftServerImpl (RaftServerImpl.java:setRole(184)) - 6b24a2ab-97ee-4d49-85cc-2d76c2f4b8ef@group-569FAC3F8BCE: changes role from  FOLLOWER to FOLLOWER at term 75 for recognizeCandidate:277b5c5e-8c6f-4c9a-a53f-1bbc96404e12
2019-10-16 21:55:05,941 [grpc-default-executor-1] INFO  impl.RoleInfo (RoleInfo.java:shutdownFollowerState(121)) - 6b24a2ab-97ee-4d49-85cc-2d76c2f4b8ef: shutdown FollowerState
2019-10-16 21:55:05,941 [grpc-default-executor-1] INFO  impl.RoleInfo (RoleInfo.java:updateAndGet(143)) - 6b24a2ab-97ee-4d49-85cc-2d76c2f4b8ef: start FollowerState
2019-10-16 21:55:05,941 [Thread-761] INFO  impl.FollowerState (FollowerState.java:run(117)) - 6b24a2ab-97ee-4d49-85cc-2d76c2f4b8ef@group-569FAC3F8BCE-FollowerState was interrupted: java.lang.InterruptedException: sleep interrupted
2019-10-16 21:55:05,956 [277b5c5e-8c6f-4c9a-a53f-1bbc96404e12@group-569FAC3F8BCE-LeaderElection85] INFO  impl.LeaderElection (LeaderElection.java:logAndReturn(56)) - 277b5c5e-8c6f-4c9a-a53f-1bbc96404e12@group-569FAC3F8BCE-LeaderElection85: Election REJECTED; received 2 response(s) [277b5c5e-8c6f-4c9a-a53f-1bbc96404e12<-6b24a2ab-97ee-4d49-85cc-2d76c2f4b8ef#0:FAIL-t75, 277b5c5e-8c6f-4c9a-a53f-1bbc96404e12<-a32408a4-f19d-4bad-97c5-ba33ae94fc9a#0:FAIL-t75] and 0 exception(s); 277b5c5e-8c6f-4c9a-a53f-1bbc96404e12@group-569FAC3F8BCE:t75, leader=null, voted=277b5c5e-8c6f-4c9a-a53f-1bbc96404e12, raftlog=277b5c5e-8c6f-4c9a-a53f-1bbc96404e12@group-569FAC3F8BCE-SegmentedRaftLog:OPENED:c-1,f-1,i0, conf=-1: [a32408a4-f19d-4bad-97c5-ba33ae94fc9a:192.168.157.254:38721, 6b24a2ab-97ee-4d49-85cc-2d76c2f4b8ef:192.168.157.254:41080, 277b5c5e-8c6f-4c9a-a53f-1bbc96404e12:192.168.157.254:41416], old=null
2019-10-16 21:55:05,956 [277b5c5e-8c6f-4c9a-a53f-1bbc96404e12@group-569FAC3F8BCE-LeaderElection85] INFO  impl.RaftServerImpl (RaftServerImpl.java:setRole(184)) - 277b5c5e-8c6f-4c9a-a53f-1bbc96404e12@group-569FAC3F8BCE: changes role from CANDIDATE to FOLLOWER at term 75 for DISCOVERED_A_NEW_TERM
2019-10-16 21:55:05,956 [277b5c5e-8c6f-4c9a-a53f-1bbc96404e12@group-569FAC3F8BCE-LeaderElection85] INFO  impl.RoleInfo (RoleInfo.java:shutdownLeaderElection(134)) - 277b5c5e-8c6f-4c9a-a53f-1bbc96404e12: shutdown LeaderElection
2019-10-16 21:55:05,956 [277b5c5e-8c6f-4c9a-a53f-1bbc96404e12@group-569FAC3F8BCE-LeaderElection85] INFO  impl.RoleInfo (RoleInfo.java:updateAndGet(143)) - 277b5c5e-8c6f-4c9a-a53f-1bbc96404e12: start FollowerState
2019-10-16 21:55:05,979 [Thread-766] INFO  impl.FollowerState (FollowerState.java:run(108)) - 277b5c5e-8c6f-4c9a-a53f-1bbc96404e12@group-569FAC3F8BCE-FollowerState: change to CANDIDATE, lastRpcTime:22ms, electionTimeout:22ms
2019-10-16 21:55:05,979 [Thread-766] INFO  impl.RoleInfo (RoleInfo.java:shutdownFollowerState(121)) - 277b5c5e-8c6f-4c9a-a53f-1bbc96404e12: shutdown FollowerState
2019-10-16 21:55:05,979 [Thread-766] INFO  impl.RaftServerImpl (RaftServerImpl.java:setRole(184)) - 277b5c5e-8c6f-4c9a-a53f-1bbc96404e12@group-569FAC3F8BCE: changes role from  FOLLOWER to CANDIDATE at term 75 for changeToCandidate
2019-10-16 21:55:05,979 [Thread-766] INFO  impl.RoleInfo (RoleInfo.java:updateAndGet(143)) - 277b5c5e-8c6f-4c9a-a53f-1bbc96404e12: start LeaderElection
2019-10-16 21:55:06,005 [277b5c5e-8c6f-4c9a-a53f-1bbc96404e12@group-569FAC3F8BCE-LeaderElection86] INFO  impl.LeaderElection (LeaderElection.java:askForVotes(178)) - 277b5c5e-8c6f-4c9a-a53f-1bbc96404e12@group-569FAC3F8BCE-LeaderElection86: begin an election at term 76 for -1: [a32408a4-f19d-4bad-97c5-ba33ae94fc9a:192.168.157.254:38721, 6b24a2ab-97ee-4d49-85cc-2d76c2f4b8ef:192.168.157.254:41080, 277b5c5e-8c6f-4c9a-a53f-1bbc96404e12:192.168.157.254:41416], old=null
2019-10-16 21:55:06,008 [grpc-default-executor-0] INFO  impl.RaftServerImpl (RaftServerImpl.java:setRole(184)) - 6b24a2ab-97ee-4d49-85cc-2d76c2f4b8ef@group-569FAC3F8BCE: changes role from  FOLLOWER to FOLLOWER at term 76 for recognizeCandidate:277b5c5e-8c6f-4c9a-a53f-1bbc96404e12
2019-10-16 21:55:06,008 [grpc-default-executor-0] INFO  impl.RoleInfo (RoleInfo.java:shutdownFollowerState(121)) - 6b24a2ab-97ee-4d49-85cc-2d76c2f4b8ef: shutdown FollowerState
2019-10-16 21:55:06,009 [grpc-default-executor-1] INFO  impl.RaftServerImpl (RaftServerImpl.java:setRole(184)) - a32408a4-f19d-4bad-97c5-ba33ae94fc9a@group-569FAC3F8BCE: changes role from  FOLLOWER to FOLLOWER at term 76 for recognizeCandidate:277b5c5e-8c6f-4c9a-a53f-1bbc96404e12
2019-10-16 21:55:06,009 [grpc-default-executor-0] INFO  impl.RoleInfo (RoleInfo.java:updateAndGet(143)) - 6b24a2ab-97ee-4d49-85cc-2d76c2f4b8ef: start FollowerState
2019-10-16 21:55:06,009 [Thread-765] INFO  impl.FollowerState (FollowerState.java:run(117)) - 6b24a2ab-97ee-4d49-85cc-2d76c2f4b8ef@group-569FAC3F8BCE-FollowerState was interrupted: java.lang.InterruptedException: sleep interrupted
2019-10-16 21:55:06,009 [grpc-default-executor-1] INFO  impl.RoleInfo (RoleInfo.java:shutdownFollowerState(121)) - a32408a4-f19d-4bad-97c5-ba33ae94fc9a: shutdown FollowerState
2019-10-16 21:55:06,009 [grpc-default-executor-1] INFO  impl.RoleInfo (RoleInfo.java:updateAndGet(143)) - a32408a4-f19d-4bad-97c5-ba33ae94fc9a: start FollowerState
2019-10-16 21:55:06,009 [Thread-764] INFO  impl.FollowerState (FollowerState.java:run(117)) - a32408a4-f19d-4bad-97c5-ba33ae94fc9a@group-569FAC3F8BCE-FollowerState was interrupted: java.lang.InterruptedException: sleep interrupted
2019-10-16 21:55:06,025 [277b5c5e-8c6f-4c9a-a53f-1bbc96404e12@group-569FAC3F8BCE-LeaderElection86] INFO  impl.LeaderElection (LeaderElection.java:logAndReturn(56)) - 277b5c5e-8c6f-4c9a-a53f-1bbc96404e12@group-569FAC3F8BCE-LeaderElection86: Election REJECTED; received 2 response(s) [277b5c5e-8c6f-4c9a-a53f-1bbc96404e12<-a32408a4-f19d-4bad-97c5-ba33ae94fc9a#0:FAIL-t76, 277b5c5e-8c6f-4c9a-a53f-1bbc96404e12<-6b24a2ab-97ee-4d49-85cc-2d76c2f4b8ef#0:FAIL-t76] and 0 exception(s); 277b5c5e-8c6f-4c9a-a53f-1bbc96404e12@group-569FAC3F8BCE:t76, leader=null, voted=277b5c5e-8c6f-4c9a-a53f-1bbc96404e12, raftlog=277b5c5e-8c6f-4c9a-a53f-1bbc96404e12@group-569FAC3F8BCE-SegmentedRaftLog:OPENED:c-1,f-1,i0, conf=-1: [a32408a4-f19d-4bad-97c5-ba33ae94fc9a:192.168.157.254:38721, 6b24a2ab-97ee-4d49-85cc-2d76c2f4b8ef:192.168.157.254:41080, 277b5c5e-8c6f-4c9a-a53f-1bbc96404e12:192.168.157.254:41416], old=null
2019-10-16 21:55:06,026 [277b5c5e-8c6f-4c9a-a53f-1bbc96404e12@group-569FAC3F8BCE-LeaderElection86] INFO  impl.RaftServerImpl (RaftServerImpl.java:setRole(184)) - 277b5c5e-8c6f-4c9a-a53f-1bbc96404e12@group-569FAC3F8BCE: changes role from CANDIDATE to FOLLOWER at term 76 for DISCOVERED_A_NEW_TERM
2019-10-16 21:55:06,026 [277b5c5e-8c6f-4c9a-a53f-1bbc96404e12@group-569FAC3F8BCE-LeaderElection86] INFO  impl.RoleInfo (RoleInfo.java:shutdownLeaderElection(134)) - 277b5c5e-8c6f-4c9a-a53f-1bbc96404e12: shutdown LeaderElection
2019-10-16 21:55:06,026 [277b5c5e-8c6f-4c9a-a53f-1bbc96404e12@group-569FAC3F8BCE-LeaderElection86] INFO  impl.RoleInfo (RoleInfo.java:updateAndGet(143)) - 277b5c5e-8c6f-4c9a-a53f-1bbc96404e12: start FollowerState
2019-10-16 21:55:06,112 [Thread-772] INFO  impl.FollowerState (FollowerState.java:run(108)) - 277b5c5e-8c6f-4c9a-a53f-1bbc96404e12@group-569FAC3F8BCE-FollowerState: change to CANDIDATE, lastRpcTime:86ms, electionTimeout:86ms
2019-10-16 21:55:06,112 [Thread-772] INFO  impl.RoleInfo (RoleInfo.java:shutdownFollowerState(121)) - 277b5c5e-8c6f-4c9a-a53f-1bbc96404e12: shutdown FollowerState
2019-10-16 21:55:06,113 [Thread-772] INFO  impl.RaftServerImpl (RaftServerImpl.java:setRole(184)) - 277b5c5e-8c6f-4c9a-a53f-1bbc96404e12@group-569FAC3F8BCE: changes role from  FOLLOWER to CANDIDATE at term 76 for changeToCandidate
2019-10-16 21:55:06,113 [Thread-772] INFO  impl.RoleInfo (RoleInfo.java:updateAndGet(143)) - 277b5c5e-8c6f-4c9a-a53f-1bbc96404e12: start LeaderElection
2019-10-16 21:55:06,139 [277b5c5e-8c6f-4c9a-a53f-1bbc96404e12@group-569FAC3F8BCE-LeaderElection87] INFO  impl.LeaderElection (LeaderElection.java:askForVotes(178)) - 277b5c5e-8c6f-4c9a-a53f-1bbc96404e12@group-569FAC3F8BCE-LeaderElection87: begin an election at term 77 for -1: [a32408a4-f19d-4bad-97c5-ba33ae94fc9a:192.168.157.254:38721, 6b24a2ab-97ee-4d49-85cc-2d76c2f4b8ef:192.168.157.254:41080, 277b5c5e-8c6f-4c9a-a53f-1bbc96404e12:192.168.157.254:41416], old=null
2019-10-16 21:55:06,142 [grpc-default-executor-0] INFO  impl.RaftServerImpl (RaftServerImpl.java:setRole(184)) - a32408a4-f19d-4bad-97c5-ba33ae94fc9a@group-569FAC3F8BCE: changes role from  FOLLOWER to FOLLOWER at term 77 for recognizeCandidate:277b5c5e-8c6f-4c9a-a53f-1bbc96404e12
2019-10-16 21:55:06,142 [grpc-default-executor-1] INFO  impl.RaftServerImpl (RaftServerImpl.java:setRole(184)) - 6b24a2ab-97ee-4d49-85cc-2d76c2f4b8ef@group-569FAC3F8BCE: changes role from  FOLLOWER to FOLLOWER at term 77 for recognizeCandidate:277b5c5e-8c6f-4c9a-a53f-1bbc96404e12
2019-10-16 21:55:06,142 [grpc-default-executor-1] INFO  impl.RoleInfo (RoleInfo.java:shutdownFollowerState(121)) - 6b24a2ab-97ee-4d49-85cc-2d76c2f4b8ef: shutdown FollowerState
2019-10-16 21:55:06,142 [grpc-default-executor-0] INFO  impl.RoleInfo (RoleInfo.java:shutdownFollowerState(121)) - a32408a4-f19d-4bad-97c5-ba33ae94fc9a: shutdown FollowerState
2019-10-16 21:55:06,142 [Thread-770] INFO  impl.FollowerState (FollowerState.java:run(117)) - 6b24a2ab-97ee-4d49-85cc-2d76c2f4b8ef@group-569FAC3F8BCE-FollowerState was interrupted: java.lang.InterruptedException: sleep interrupted
2019-10-16 21:55:06,142 [grpc-default-executor-1] INFO  impl.RoleInfo (RoleInfo.java:updateAndGet(143)) - 6b24a2ab-97ee-4d49-85cc-2d76c2f4b8ef: start FollowerState
2019-10-16 21:55:06,142 [grpc-default-executor-0] INFO  impl.RoleInfo (RoleInfo.java:updateAndGet(143)) - a32408a4-f19d-4bad-97c5-ba33ae94fc9a: start FollowerState
2019-10-16 21:55:06,142 [Thread-771] INFO  impl.FollowerState (FollowerState.java:run(117)) - a32408a4-f19d-4bad-97c5-ba33ae94fc9a@group-569FAC3F8BCE-FollowerState was interrupted: java.lang.InterruptedException: sleep interrupted
2019-10-16 21:55:06,154 [277b5c5e-8c6f-4c9a-a53f-1bbc96404e12@group-569FAC3F8BCE-LeaderElection87] INFO  impl.LeaderElection (LeaderElection.java:logAndReturn(56)) - 277b5c5e-8c6f-4c9a-a53f-1bbc96404e12@group-569FAC3F8BCE-LeaderElection87: Election REJECTED; received 2 response(s) [277b5c5e-8c6f-4c9a-a53f-1bbc96404e12<-a32408a4-f19d-4bad-97c5-ba33ae94fc9a#0:FAIL-t77, 277b5c5e-8c6f-4c9a-a53f-1bbc96404e12<-6b24a2ab-97ee-4d49-85cc-2d76c2f4b8ef#0:FAIL-t77] and 0 exception(s); 277b5c5e-8c6f-4c9a-a53f-1bbc96404e12@group-569FAC3F8BCE:t77, leader=null, voted=277b5c5e-8c6f-4c9a-a53f-1bbc96404e12, raftlog=277b5c5e-8c6f-4c9a-a53f-1bbc96404e12@group-569FAC3F8BCE-SegmentedRaftLog:OPENED:c-1,f-1,i0, conf=-1: [a32408a4-f19d-4bad-97c5-ba33ae94fc9a:192.168.157.254:38721, 6b24a2ab-97ee-4d49-85cc-2d76c2f4b8ef:192.168.157.254:41080, 277b5c5e-8c6f-4c9a-a53f-1bbc96404e12:192.168.157.254:41416], old=null
2019-10-16 21:55:06,154 [277b5c5e-8c6f-4c9a-a53f-1bbc96404e12@group-569FAC3F8BCE-LeaderElection87] INFO  impl.RaftServerImpl (RaftServerImpl.java:setRole(184)) - 277b5c5e-8c6f-4c9a-a53f-1bbc96404e12@group-569FAC3F8BCE: changes role from CANDIDATE to FOLLOWER at term 77 for DISCOVERED_A_NEW_TERM
2019-10-16 21:55:06,154 [277b5c5e-8c6f-4c9a-a53f-1bbc96404e12@group-569FAC3F8BCE-LeaderElection87] INFO  impl.RoleInfo (RoleInfo.java:shutdownLeaderElection(134)) - 277b5c5e-8c6f-4c9a-a53f-1bbc96404e12: shutdown LeaderElection
2019-10-16 21:55:06,154 [277b5c5e-8c6f-4c9a-a53f-1bbc96404e12@group-569FAC3F8BCE-LeaderElection87] INFO  impl.RoleInfo (RoleInfo.java:updateAndGet(143)) - 277b5c5e-8c6f-4c9a-a53f-1bbc96404e12: start FollowerState
2019-10-16 21:55:06,192 [Thread-778] INFO  impl.FollowerState (FollowerState.java:run(108)) - 277b5c5e-8c6f-4c9a-a53f-1bbc96404e12@group-569FAC3F8BCE-FollowerState: change to CANDIDATE, lastRpcTime:38ms, electionTimeout:38ms
2019-10-16 21:55:06,193 [Thread-778] INFO  impl.RoleInfo (RoleInfo.java:shutdownFollowerState(121)) - 277b5c5e-8c6f-4c9a-a53f-1bbc96404e12: shutdown FollowerState
2019-10-16 21:55:06,193 [Thread-778] INFO  impl.RaftServerImpl (RaftServerImpl.java:setRole(184)) - 277b5c5e-8c6f-4c9a-a53f-1bbc96404e12@group-569FAC3F8BCE: changes role from  FOLLOWER to CANDIDATE at term 77 for changeToCandidate
2019-10-16 21:55:06,193 [Thread-778] INFO  impl.RoleInfo (RoleInfo.java:updateAndGet(143)) - 277b5c5e-8c6f-4c9a-a53f-1bbc96404e12: start LeaderElection
2019-10-16 21:55:06,197 [277b5c5e-8c6f-4c9a-a53f-1bbc96404e12@group-569FAC3F8BCE-LeaderElection88] INFO  impl.LeaderElection (LeaderElection.java:askForVotes(178)) - 277b5c5e-8c6f-4c9a-a53f-1bbc96404e12@group-569FAC3F8BCE-LeaderElection88: begin an election at term 78 for -1: [a32408a4-f19d-4bad-97c5-ba33ae94fc9a:192.168.157.254:38721, 6b24a2ab-97ee-4d49-85cc-2d76c2f4b8ef:192.168.157.254:41080, 277b5c5e-8c6f-4c9a-a53f-1bbc96404e12:192.168.157.254:41416], old=null
2019-10-16 21:55:06,199 [grpc-default-executor-1] INFO  impl.RaftServerImpl (RaftServerImpl.java:setRole(184)) - a32408a4-f19d-4bad-97c5-ba33ae94fc9a@group-569FAC3F8BCE: changes role from  FOLLOWER to FOLLOWER at term 78 for recognizeCandidate:277b5c5e-8c6f-4c9a-a53f-1bbc96404e12
2019-10-16 21:55:06,200 [grpc-default-executor-1] INFO  impl.RoleInfo (RoleInfo.java:shutdownFollowerState(121)) - a32408a4-f19d-4bad-97c5-ba33ae94fc9a: shutdown FollowerState
2019-10-16 21:55:06,200 [grpc-default-executor-0] INFO  impl.RaftServerImpl (RaftServerImpl.java:setRole(184)) - 6b24a2ab-97ee-4d49-85cc-2d76c2f4b8ef@group-569FAC3F8BCE: changes role from  FOLLOWER to FOLLOWER at term 78 for recognizeCandidate:277b5c5e-8c6f-4c9a-a53f-1bbc96404e12
2019-10-16 21:55:06,200 [Thread-777] INFO  impl.FollowerState (FollowerState.java:run(117)) - a32408a4-f19d-4bad-97c5-ba33ae94fc9a@group-569FAC3F8BCE-FollowerState was interrupted: java.lang.InterruptedException: sleep interrupted
2019-10-16 21:55:06,200 [grpc-default-executor-1] INFO  impl.RoleInfo (RoleInfo.java:updateAndGet(143)) - a32408a4-f19d-4bad-97c5-ba33ae94fc9a: start FollowerState
2019-10-16 21:55:06,200 [grpc-default-executor-0] INFO  impl.RoleInfo (RoleInfo.java:shutdownFollowerState(121)) - 6b24a2ab-97ee-4d49-85cc-2d76c2f4b8ef: shutdown FollowerState
2019-10-16 21:55:06,201 [grpc-default-executor-0] INFO  impl.RoleInfo (RoleInfo.java:updateAndGet(143)) - 6b24a2ab-97ee-4d49-85cc-2d76c2f4b8ef: start FollowerState
2019-10-16 21:55:06,201 [Thread-776] INFO  impl.FollowerState (FollowerState.java:run(117)) - 6b24a2ab-97ee-4d49-85cc-2d76c2f4b8ef@group-569FAC3F8BCE-FollowerState was interrupted: java.lang.InterruptedException: sleep interrupted
2019-10-16 21:55:06,227 [277b5c5e-8c6f-4c9a-a53f-1bbc96404e12@group-569FAC3F8BCE-LeaderElection88] INFO  impl.LeaderElection (LeaderElection.java:logAndReturn(56)) - 277b5c5e-8c6f-4c9a-a53f-1bbc96404e12@group-569FAC3F8BCE-LeaderElection88: Election REJECTED; received 2 response(s) [277b5c5e-8c6f-4c9a-a53f-1bbc96404e12<-a32408a4-f19d-4bad-97c5-ba33ae94fc9a#0:FAIL-t78, 277b5c5e-8c6f-4c9a-a53f-1bbc96404e12<-6b24a2ab-97ee-4d49-85cc-2d76c2f4b8ef#0:FAIL-t78] and 0 exception(s); 277b5c5e-8c6f-4c9a-a53f-1bbc96404e12@group-569FAC3F8BCE:t78, leader=null, voted=277b5c5e-8c6f-4c9a-a53f-1bbc96404e12, raftlog=277b5c5e-8c6f-4c9a-a53f-1bbc96404e12@group-569FAC3F8BCE-SegmentedRaftLog:OPENED:c-1,f-1,i0, conf=-1: [a32408a4-f19d-4bad-97c5-ba33ae94fc9a:192.168.157.254:38721, 6b24a2ab-97ee-4d49-85cc-2d76c2f4b8ef:192.168.157.254:41080, 277b5c5e-8c6f-4c9a-a53f-1bbc96404e12:192.168.157.254:41416], old=null
2019-10-16 21:55:06,227 [277b5c5e-8c6f-4c9a-a53f-1bbc96404e12@group-569FAC3F8BCE-LeaderElection88] INFO  impl.RaftServerImpl (RaftServerImpl.java:setRole(184)) - 277b5c5e-8c6f-4c9a-a53f-1bbc96404e12@group-569FAC3F8BCE: changes role from CANDIDATE to FOLLOWER at term 78 for DISCOVERED_A_NEW_TERM
2019-10-16 21:55:06,227 [277b5c5e-8c6f-4c9a-a53f-1bbc96404e12@group-569FAC3F8BCE-LeaderElection88] INFO  impl.RoleInfo (RoleInfo.java:shutdownLeaderElection(134)) - 277b5c5e-8c6f-4c9a-a53f-1bbc96404e12: shutdown LeaderElection
2019-10-16 21:55:06,227 [277b5c5e-8c6f-4c9a-a53f-1bbc96404e12@group-569FAC3F8BCE-LeaderElection88] INFO  impl.RoleInfo (RoleInfo.java:updateAndGet(143)) - 277b5c5e-8c6f-4c9a-a53f-1bbc96404e12: start FollowerState
2019-10-16 21:55:06,325 [Thread-784] INFO  impl.FollowerState (FollowerState.java:run(108)) - 277b5c5e-8c6f-4c9a-a53f-1bbc96404e12@group-569FAC3F8BCE-FollowerState: change to CANDIDATE, lastRpcTime:97ms, electionTimeout:97ms
2019-10-16 21:55:06,325 [Thread-784] INFO  impl.RoleInfo (RoleInfo.java:shutdownFollowerState(121)) - 277b5c5e-8c6f-4c9a-a53f-1bbc96404e12: shutdown FollowerState
2019-10-16 21:55:06,325 [Thread-784] INFO  impl.RaftServerImpl (RaftServerImpl.java:setRole(184)) - 277b5c5e-8c6f-4c9a-a53f-1bbc96404e12@group-569FAC3F8BCE: changes role from  FOLLOWER to CANDIDATE at term 78 for changeToCandidate
2019-10-16 21:55:06,325 [Thread-784] INFO  impl.RoleInfo (RoleInfo.java:updateAndGet(143)) - 277b5c5e-8c6f-4c9a-a53f-1bbc96404e12: start LeaderElection
2019-10-16 21:55:06,343 [277b5c5e-8c6f-4c9a-a53f-1bbc96404e12@group-569FAC3F8BCE-LeaderElection89] INFO  impl.LeaderElection (LeaderElection.java:askForVotes(178)) - 277b5c5e-8c6f-4c9a-a53f-1bbc96404e12@group-569FAC3F8BCE-LeaderElection89: begin an election at term 79 for -1: [a32408a4-f19d-4bad-97c5-ba33ae94fc9a:192.168.157.254:38721, 6b24a2ab-97ee-4d49-85cc-2d76c2f4b8ef:192.168.157.254:41080, 277b5c5e-8c6f-4c9a-a53f-1bbc96404e12:192.168.157.254:41416], old=null
2019-10-16 21:55:06,345 [grpc-default-executor-0] INFO  impl.RaftServerImpl (RaftServerImpl.java:setRole(184)) - 6b24a2ab-97ee-4d49-85cc-2d76c2f4b8ef@group-569FAC3F8BCE: changes role from  FOLLOWER to FOLLOWER at term 79 for recognizeCandidate:277b5c5e-8c6f-4c9a-a53f-1bbc96404e12
2019-10-16 21:55:06,345 [grpc-default-executor-1] INFO  impl.RaftServerImpl (RaftServerImpl.java:setRole(184)) - a32408a4-f19d-4bad-97c5-ba33ae94fc9a@group-569FAC3F8BCE: changes role from  FOLLOWER to FOLLOWER at term 79 for recognizeCandidate:277b5c5e-8c6f-4c9a-a53f-1bbc96404e12
2019-10-16 21:55:06,346 [grpc-default-executor-0] INFO  impl.RoleInfo (RoleInfo.java:shutdownFollowerState(121)) - 6b24a2ab-97ee-4d49-85cc-2d76c2f4b8ef: shutdown FollowerState
2019-10-16 21:55:06,346 [grpc-default-executor-1] INFO  impl.RoleInfo (RoleInfo.java:shutdownFollowerState(121)) - a32408a4-f19d-4bad-97c5-ba33ae94fc9a: shutdown FollowerState
2019-10-16 21:55:06,346 [Thread-783] INFO  impl.FollowerState (FollowerState.java:run(117)) - 6b24a2ab-97ee-4d49-85cc-2d76c2f4b8ef@group-569FAC3F8BCE-FollowerState was interrupted: java.lang.InterruptedException: sleep interrupted
2019-10-16 21:55:06,346 [Thread-782] INFO  impl.FollowerState (FollowerState.java:run(117)) - a32408a4-f19d-4bad-97c5-ba33ae94fc9a@group-569FAC3F8BCE-FollowerState was interrupted: java.lang.InterruptedException: sleep interrupted
2019-10-16 21:55:06,346 [grpc-default-executor-0] INFO  impl.RoleInfo (RoleInfo.java:updateAndGet(143)) - 6b24a2ab-97ee-4d49-85cc-2d76c2f4b8ef: start FollowerState
2019-10-16 21:55:06,346 [grpc-default-executor-1] INFO  impl.RoleInfo (RoleInfo.java:updateAndGet(143)) - a32408a4-f19d-4bad-97c5-ba33ae94fc9a: start FollowerState
2019-10-16 21:55:06,370 [277b5c5e-8c6f-4c9a-a53f-1bbc96404e12@group-569FAC3F8BCE-LeaderElection89] INFO  impl.LeaderElection (LeaderElection.java:logAndReturn(56)) - 277b5c5e-8c6f-4c9a-a53f-1bbc96404e12@group-569FAC3F8BCE-LeaderElection89: Election REJECTED; received 2 response(s) [277b5c5e-8c6f-4c9a-a53f-1bbc96404e12<-a32408a4-f19d-4bad-97c5-ba33ae94fc9a#0:FAIL-t79, 277b5c5e-8c6f-4c9a-a53f-1bbc96404e12<-6b24a2ab-97ee-4d49-85cc-2d76c2f4b8ef#0:FAIL-t79] and 0 exception(s); 277b5c5e-8c6f-4c9a-a53f-1bbc96404e12@group-569FAC3F8BCE:t79, leader=null, voted=277b5c5e-8c6f-4c9a-a53f-1bbc96404e12, raftlog=277b5c5e-8c6f-4c9a-a53f-1bbc96404e12@group-569FAC3F8BCE-SegmentedRaftLog:OPENED:c-1,f-1,i0, conf=-1: [a32408a4-f19d-4bad-97c5-ba33ae94fc9a:192.168.157.254:38721, 6b24a2ab-97ee-4d49-85cc-2d76c2f4b8ef:192.168.157.254:41080, 277b5c5e-8c6f-4c9a-a53f-1bbc96404e12:192.168.157.254:41416], old=null
2019-10-16 21:55:06,370 [277b5c5e-8c6f-4c9a-a53f-1bbc96404e12@group-569FAC3F8BCE-LeaderElection89] INFO  impl.RaftServerImpl (RaftServerImpl.java:setRole(184)) - 277b5c5e-8c6f-4c9a-a53f-1bbc96404e12@group-569FAC3F8BCE: changes role from CANDIDATE to FOLLOWER at term 79 for DISCOVERED_A_NEW_TERM
2019-10-16 21:55:06,370 [277b5c5e-8c6f-4c9a-a53f-1bbc96404e12@group-569FAC3F8BCE-LeaderElection89] INFO  impl.RoleInfo (RoleInfo.java:shutdownLeaderElection(134)) - 277b5c5e-8c6f-4c9a-a53f-1bbc96404e12: shutdown LeaderElection
2019-10-16 21:55:06,370 [277b5c5e-8c6f-4c9a-a53f-1bbc96404e12@group-569FAC3F8BCE-LeaderElection89] INFO  impl.RoleInfo (RoleInfo.java:updateAndGet(143)) - 277b5c5e-8c6f-4c9a-a53f-1bbc96404e12: start FollowerState
2019-10-16 21:55:06,452 [Thread-790] INFO  impl.FollowerState (FollowerState.java:run(108)) - 277b5c5e-8c6f-4c9a-a53f-1bbc96404e12@group-569FAC3F8BCE-FollowerState: change to CANDIDATE, lastRpcTime:81ms, electionTimeout:81ms
2019-10-16 21:55:06,452 [Thread-790] INFO  impl.RoleInfo (RoleInfo.java:shutdownFollowerState(121)) - 277b5c5e-8c6f-4c9a-a53f-1bbc96404e12: shutdown FollowerState
2019-10-16 21:55:06,452 [Thread-790] INFO  impl.RaftServerImpl (RaftServerImpl.java:setRole(184)) - 277b5c5e-8c6f-4c9a-a53f-1bbc96404e12@group-569FAC3F8BCE: changes role from  FOLLOWER to CANDIDATE at term 79 for changeToCandidate
2019-10-16 21:55:06,452 [Thread-790] INFO  impl.RoleInfo (RoleInfo.java:updateAndGet(143)) - 277b5c5e-8c6f-4c9a-a53f-1bbc96404e12: start LeaderElection
2019-10-16 21:55:06,477 [277b5c5e-8c6f-4c9a-a53f-1bbc96404e12@group-569FAC3F8BCE-LeaderElection90] INFO  impl.LeaderElection (LeaderElection.java:askForVotes(178)) - 277b5c5e-8c6f-4c9a-a53f-1bbc96404e12@group-569FAC3F8BCE-LeaderElection90: begin an election at term 80 for -1: [a32408a4-f19d-4bad-97c5-ba33ae94fc9a:192.168.157.254:38721, 6b24a2ab-97ee-4d49-85cc-2d76c2f4b8ef:192.168.157.254:41080, 277b5c5e-8c6f-4c9a-a53f-1bbc96404e12:192.168.157.254:41416], old=null
2019-10-16 21:55:06,480 [grpc-default-executor-0] INFO  impl.RaftServerImpl (RaftServerImpl.java:setRole(184)) - a32408a4-f19d-4bad-97c5-ba33ae94fc9a@group-569FAC3F8BCE: changes role from  FOLLOWER to FOLLOWER at term 80 for recognizeCandidate:277b5c5e-8c6f-4c9a-a53f-1bbc96404e12
2019-10-16 21:55:06,480 [grpc-default-executor-1] INFO  impl.RaftServerImpl (RaftServerImpl.java:setRole(184)) - 6b24a2ab-97ee-4d49-85cc-2d76c2f4b8ef@group-569FAC3F8BCE: changes role from  FOLLOWER to FOLLOWER at term 80 for recognizeCandidate:277b5c5e-8c6f-4c9a-a53f-1bbc96404e12
2019-10-16 21:55:06,480 [grpc-default-executor-1] INFO  impl.RoleInfo (RoleInfo.java:shutdownFollowerState(121)) - 6b24a2ab-97ee-4d49-85cc-2d76c2f4b8ef: shutdown FollowerState
2019-10-16 21:55:06,480 [grpc-default-executor-0] INFO  impl.RoleInfo (RoleInfo.java:shutdownFollowerState(121)) - a32408a4-f19d-4bad-97c5-ba33ae94fc9a: shutdown FollowerState
2019-10-16 21:55:06,480 [Thread-788] INFO  impl.FollowerState (FollowerState.java:run(117)) - 6b24a2ab-97ee-4d49-85cc-2d76c2f4b8ef@group-569FAC3F8BCE-FollowerState was interrupted: java.lang.InterruptedException: sleep interrupted
2019-10-16 21:55:06,480 [grpc-default-executor-1] INFO  impl.RoleInfo (RoleInfo.java:updateAndGet(143)) - 6b24a2ab-97ee-4d49-85cc-2d76c2f4b8ef: start FollowerState
2019-10-16 21:55:06,480 [Thread-789] INFO  impl.FollowerState (FollowerState.java:run(117)) - a32408a4-f19d-4bad-97c5-ba33ae94fc9a@group-569FAC3F8BCE-FollowerState was interrupted: java.lang.InterruptedException: sleep interrupted
2019-10-16 21:55:06,480 [grpc-default-executor-0] INFO  impl.RoleInfo (RoleInfo.java:updateAndGet(143)) - a32408a4-f19d-4bad-97c5-ba33ae94fc9a: start FollowerState
2019-10-16 21:55:06,507 [277b5c5e-8c6f-4c9a-a53f-1bbc96404e12@group-569FAC3F8BCE-LeaderElection90] INFO  impl.LeaderElection (LeaderElection.java:logAndReturn(56)) - 277b5c5e-8c6f-4c9a-a53f-1bbc96404e12@group-569FAC3F8BCE-LeaderElection90: Election REJECTED; received 2 response(s) [277b5c5e-8c6f-4c9a-a53f-1bbc96404e12<-a32408a4-f19d-4bad-97c5-ba33ae94fc9a#0:FAIL-t80, 277b5c5e-8c6f-4c9a-a53f-1bbc96404e12<-6b24a2ab-97ee-4d49-85cc-2d76c2f4b8ef#0:FAIL-t80] and 0 exception(s); 277b5c5e-8c6f-4c9a-a53f-1bbc96404e12@group-569FAC3F8BCE:t80, leader=null, voted=277b5c5e-8c6f-4c9a-a53f-1bbc96404e12, raftlog=277b5c5e-8c6f-4c9a-a53f-1bbc96404e12@group-569FAC3F8BCE-SegmentedRaftLog:OPENED:c-1,f-1,i0, conf=-1: [a32408a4-f19d-4bad-97c5-ba33ae94fc9a:192.168.157.254:38721, 6b24a2ab-97ee-4d49-85cc-2d76c2f4b8ef:192.168.157.254:41080, 277b5c5e-8c6f-4c9a-a53f-1bbc96404e12:192.168.157.254:41416], old=null
2019-10-16 21:55:06,508 [277b5c5e-8c6f-4c9a-a53f-1bbc96404e12@group-569FAC3F8BCE-LeaderElection90] INFO  impl.RaftServerImpl (RaftServerImpl.java:setRole(184)) - 277b5c5e-8c6f-4c9a-a53f-1bbc96404e12@group-569FAC3F8BCE: changes role from CANDIDATE to FOLLOWER at term 80 for DISCOVERED_A_NEW_TERM
2019-10-16 21:55:06,508 [277b5c5e-8c6f-4c9a-a53f-1bbc96404e12@group-569FAC3F8BCE-LeaderElection90] INFO  impl.RoleInfo (RoleInfo.java:shutdownLeaderElection(134)) - 277b5c5e-8c6f-4c9a-a53f-1bbc96404e12: shutdown LeaderElection
2019-10-16 21:55:06,508 [277b5c5e-8c6f-4c9a-a53f-1bbc96404e12@group-569FAC3F8BCE-LeaderElection90] INFO  impl.RoleInfo (RoleInfo.java:updateAndGet(143)) - 277b5c5e-8c6f-4c9a-a53f-1bbc96404e12: start FollowerState
2019-10-16 21:55:06,562 [Thread-0] INFO  ozone.MiniOzoneClusterImpl (MiniOzoneClusterImpl.java:lambda$waitForClusterToBeReady$2(164)) - Waiting for 1 number of pipelines out of 4, to report a leader.
2019-10-16 21:55:06,620 [Thread-796] INFO  impl.FollowerState (FollowerState.java:run(108)) - 277b5c5e-8c6f-4c9a-a53f-1bbc96404e12@group-569FAC3F8BCE-FollowerState: change to CANDIDATE, lastRpcTime:111ms, electionTimeout:111ms
2019-10-16 21:55:06,620 [Thread-796] INFO  impl.RoleInfo (RoleInfo.java:shutdownFollowerState(121)) - 277b5c5e-8c6f-4c9a-a53f-1bbc96404e12: shutdown FollowerState
2019-10-16 21:55:06,620 [Thread-796] INFO  impl.RaftServerImpl (RaftServerImpl.java:setRole(184)) - 277b5c5e-8c6f-4c9a-a53f-1bbc96404e12@group-569FAC3F8BCE: changes role from  FOLLOWER to CANDIDATE at term 80 for changeToCandidate
2019-10-16 21:55:06,620 [Thread-796] INFO  impl.RoleInfo (RoleInfo.java:updateAndGet(143)) - 277b5c5e-8c6f-4c9a-a53f-1bbc96404e12: start LeaderElection
2019-10-16 21:55:06,634 [277b5c5e-8c6f-4c9a-a53f-1bbc96404e12@group-569FAC3F8BCE-LeaderElection91] INFO  impl.LeaderElection (LeaderElection.java:askForVotes(178)) - 277b5c5e-8c6f-4c9a-a53f-1bbc96404e12@group-569FAC3F8BCE-LeaderElection91: begin an election at term 81 for -1: [a32408a4-f19d-4bad-97c5-ba33ae94fc9a:192.168.157.254:38721, 6b24a2ab-97ee-4d49-85cc-2d76c2f4b8ef:192.168.157.254:41080, 277b5c5e-8c6f-4c9a-a53f-1bbc96404e12:192.168.157.254:41416], old=null
2019-10-16 21:55:06,638 [grpc-default-executor-0] INFO  impl.RaftServerImpl (RaftServerImpl.java:setRole(184)) - 6b24a2ab-97ee-4d49-85cc-2d76c2f4b8ef@group-569FAC3F8BCE: changes role from  FOLLOWER to FOLLOWER at term 81 for recognizeCandidate:277b5c5e-8c6f-4c9a-a53f-1bbc96404e12
2019-10-16 21:55:06,638 [grpc-default-executor-1] INFO  impl.RaftServerImpl (RaftServerImpl.java:setRole(184)) - a32408a4-f19d-4bad-97c5-ba33ae94fc9a@group-569FAC3F8BCE: changes role from  FOLLOWER to FOLLOWER at term 81 for recognizeCandidate:277b5c5e-8c6f-4c9a-a53f-1bbc96404e12
2019-10-16 21:55:06,638 [grpc-default-executor-0] INFO  impl.RoleInfo (RoleInfo.java:shutdownFollowerState(121)) - 6b24a2ab-97ee-4d49-85cc-2d76c2f4b8ef: shutdown FollowerState
2019-10-16 21:55:06,638 [grpc-default-executor-1] INFO  impl.RoleInfo (RoleInfo.java:shutdownFollowerState(121)) - a32408a4-f19d-4bad-97c5-ba33ae94fc9a: shutdown FollowerState
2019-10-16 21:55:06,638 [grpc-default-executor-0] INFO  impl.RoleInfo (RoleInfo.java:updateAndGet(143)) - 6b24a2ab-97ee-4d49-85cc-2d76c2f4b8ef: start FollowerState
2019-10-16 21:55:06,638 [Thread-794] INFO  impl.FollowerState (FollowerState.java:run(117)) - 6b24a2ab-97ee-4d49-85cc-2d76c2f4b8ef@group-569FAC3F8BCE-FollowerState was interrupted: java.lang.InterruptedException: sleep interrupted
2019-10-16 21:55:06,638 [Thread-795] INFO  impl.FollowerState (FollowerState.java:run(117)) - a32408a4-f19d-4bad-97c5-ba33ae94fc9a@group-569FAC3F8BCE-FollowerState was interrupted: java.lang.InterruptedException: sleep interrupted
2019-10-16 21:55:06,638 [grpc-default-executor-1] INFO  impl.RoleInfo (RoleInfo.java:updateAndGet(143)) - a32408a4-f19d-4bad-97c5-ba33ae94fc9a: start FollowerState
2019-10-16 21:55:06,663 [277b5c5e-8c6f-4c9a-a53f-1bbc96404e12@group-569FAC3F8BCE-LeaderElection91] INFO  impl.LeaderElection (LeaderElection.java:logAndReturn(56)) - 277b5c5e-8c6f-4c9a-a53f-1bbc96404e12@group-569FAC3F8BCE-LeaderElection91: Election REJECTED; received 2 response(s) [277b5c5e-8c6f-4c9a-a53f-1bbc96404e12<-6b24a2ab-97ee-4d49-85cc-2d76c2f4b8ef#0:FAIL-t81, 277b5c5e-8c6f-4c9a-a53f-1bbc96404e12<-a32408a4-f19d-4bad-97c5-ba33ae94fc9a#0:FAIL-t81] and 0 exception(s); 277b5c5e-8c6f-4c9a-a53f-1bbc96404e12@group-569FAC3F8BCE:t81, leader=null, voted=277b5c5e-8c6f-4c9a-a53f-1bbc96404e12, raftlog=277b5c5e-8c6f-4c9a-a53f-1bbc96404e12@group-569FAC3F8BCE-SegmentedRaftLog:OPENED:c-1,f-1,i0, conf=-1: [a32408a4-f19d-4bad-97c5-ba33ae94fc9a:192.168.157.254:38721, 6b24a2ab-97ee-4d49-85cc-2d76c2f4b8ef:192.168.157.254:41080, 277b5c5e-8c6f-4c9a-a53f-1bbc96404e12:192.168.157.254:41416], old=null
2019-10-16 21:55:06,663 [277b5c5e-8c6f-4c9a-a53f-1bbc96404e12@group-569FAC3F8BCE-LeaderElection91] INFO  impl.RaftServerImpl (RaftServerImpl.java:setRole(184)) - 277b5c5e-8c6f-4c9a-a53f-1bbc96404e12@group-569FAC3F8BCE: changes role from CANDIDATE to FOLLOWER at term 81 for DISCOVERED_A_NEW_TERM
2019-10-16 21:55:06,663 [277b5c5e-8c6f-4c9a-a53f-1bbc96404e12@group-569FAC3F8BCE-LeaderElection91] INFO  impl.RoleInfo (RoleInfo.java:shutdownLeaderElection(134)) - 277b5c5e-8c6f-4c9a-a53f-1bbc96404e12: shutdown LeaderElection
2019-10-16 21:55:06,663 [277b5c5e-8c6f-4c9a-a53f-1bbc96404e12@group-569FAC3F8BCE-LeaderElection91] INFO  impl.RoleInfo (RoleInfo.java:updateAndGet(143)) - 277b5c5e-8c6f-4c9a-a53f-1bbc96404e12: start FollowerState
2019-10-16 21:55:06,792 [Thread-802] INFO  impl.FollowerState (FollowerState.java:run(108)) - 277b5c5e-8c6f-4c9a-a53f-1bbc96404e12@group-569FAC3F8BCE-FollowerState: change to CANDIDATE, lastRpcTime:128ms, electionTimeout:128ms
2019-10-16 21:55:06,792 [Thread-802] INFO  impl.RoleInfo (RoleInfo.java:shutdownFollowerState(121)) - 277b5c5e-8c6f-4c9a-a53f-1bbc96404e12: shutdown FollowerState
2019-10-16 21:55:06,792 [Thread-802] INFO  impl.RaftServerImpl (RaftServerImpl.java:setRole(184)) - 277b5c5e-8c6f-4c9a-a53f-1bbc96404e12@group-569FAC3F8BCE: changes role from  FOLLOWER to CANDIDATE at term 81 for changeToCandidate
2019-10-16 21:55:06,792 [Thread-802] INFO  impl.RoleInfo (RoleInfo.java:updateAndGet(143)) - 277b5c5e-8c6f-4c9a-a53f-1bbc96404e12: start LeaderElection
2019-10-16 21:55:06,808 [277b5c5e-8c6f-4c9a-a53f-1bbc96404e12@group-569FAC3F8BCE-LeaderElection92] INFO  impl.LeaderElection (LeaderElection.java:askForVotes(178)) - 277b5c5e-8c6f-4c9a-a53f-1bbc96404e12@group-569FAC3F8BCE-LeaderElection92: begin an election at term 82 for -1: [a32408a4-f19d-4bad-97c5-ba33ae94fc9a:192.168.157.254:38721, 6b24a2ab-97ee-4d49-85cc-2d76c2f4b8ef:192.168.157.254:41080, 277b5c5e-8c6f-4c9a-a53f-1bbc96404e12:192.168.157.254:41416], old=null
2019-10-16 21:55:06,813 [grpc-default-executor-1] INFO  impl.RaftServerImpl (RaftServerImpl.java:setRole(184)) - 6b24a2ab-97ee-4d49-85cc-2d76c2f4b8ef@group-569FAC3F8BCE: changes role from  FOLLOWER to FOLLOWER at term 82 for recognizeCandidate:277b5c5e-8c6f-4c9a-a53f-1bbc96404e12
2019-10-16 21:55:06,813 [grpc-default-executor-0] INFO  impl.RaftServerImpl (RaftServerImpl.java:setRole(184)) - a32408a4-f19d-4bad-97c5-ba33ae94fc9a@group-569FAC3F8BCE: changes role from  FOLLOWER to FOLLOWER at term 82 for recognizeCandidate:277b5c5e-8c6f-4c9a-a53f-1bbc96404e12
2019-10-16 21:55:06,813 [grpc-default-executor-1] INFO  impl.RoleInfo (RoleInfo.java:shutdownFollowerState(121)) - 6b24a2ab-97ee-4d49-85cc-2d76c2f4b8ef: shutdown FollowerState
2019-10-16 21:55:06,813 [grpc-default-executor-0] INFO  impl.RoleInfo (RoleInfo.java:shutdownFollowerState(121)) - a32408a4-f19d-4bad-97c5-ba33ae94fc9a: shutdown FollowerState
2019-10-16 21:55:06,813 [Thread-800] INFO  impl.FollowerState (FollowerState.java:run(117)) - 6b24a2ab-97ee-4d49-85cc-2d76c2f4b8ef@group-569FAC3F8BCE-FollowerState was interrupted: java.lang.InterruptedException: sleep interrupted
2019-10-16 21:55:06,813 [grpc-default-executor-1] INFO  impl.RoleInfo (RoleInfo.java:updateAndGet(143)) - 6b24a2ab-97ee-4d49-85cc-2d76c2f4b8ef: start FollowerState
2019-10-16 21:55:06,814 [Thread-801] INFO  impl.FollowerState (FollowerState.java:run(117)) - a32408a4-f19d-4bad-97c5-ba33ae94fc9a@group-569FAC3F8BCE-FollowerState was interrupted: java.lang.InterruptedException: sleep interrupted
2019-10-16 21:55:06,814 [grpc-default-executor-0] INFO  impl.RoleInfo (RoleInfo.java:updateAndGet(143)) - a32408a4-f19d-4bad-97c5-ba33ae94fc9a: start FollowerState
2019-10-16 21:55:06,832 [277b5c5e-8c6f-4c9a-a53f-1bbc96404e12@group-569FAC3F8BCE-LeaderElection92] INFO  impl.LeaderElection (LeaderElection.java:logAndReturn(56)) - 277b5c5e-8c6f-4c9a-a53f-1bbc96404e12@group-569FAC3F8BCE-LeaderElection92: Election REJECTED; received 2 response(s) [277b5c5e-8c6f-4c9a-a53f-1bbc96404e12<-a32408a4-f19d-4bad-97c5-ba33ae94fc9a#0:FAIL-t82, 277b5c5e-8c6f-4c9a-a53f-1bbc96404e12<-6b24a2ab-97ee-4d49-85cc-2d76c2f4b8ef#0:FAIL-t82] and 0 exception(s); 277b5c5e-8c6f-4c9a-a53f-1bbc96404e12@group-569FAC3F8BCE:t82, leader=null, voted=277b5c5e-8c6f-4c9a-a53f-1bbc96404e12, raftlog=277b5c5e-8c6f-4c9a-a53f-1bbc96404e12@group-569FAC3F8BCE-SegmentedRaftLog:OPENED:c-1,f-1,i0, conf=-1: [a32408a4-f19d-4bad-97c5-ba33ae94fc9a:192.168.157.254:38721, 6b24a2ab-97ee-4d49-85cc-2d76c2f4b8ef:192.168.157.254:41080, 277b5c5e-8c6f-4c9a-a53f-1bbc96404e12:192.168.157.254:41416], old=null
2019-10-16 21:55:06,832 [277b5c5e-8c6f-4c9a-a53f-1bbc96404e12@group-569FAC3F8BCE-LeaderElection92] INFO  impl.RaftServerImpl (RaftServerImpl.java:setRole(184)) - 277b5c5e-8c6f-4c9a-a53f-1bbc96404e12@group-569FAC3F8BCE: changes role from CANDIDATE to FOLLOWER at term 82 for DISCOVERED_A_NEW_TERM
2019-10-16 21:55:06,832 [277b5c5e-8c6f-4c9a-a53f-1bbc96404e12@group-569FAC3F8BCE-LeaderElection92] INFO  impl.RoleInfo (RoleInfo.java:shutdownLeaderElection(134)) - 277b5c5e-8c6f-4c9a-a53f-1bbc96404e12: shutdown LeaderElection
2019-10-16 21:55:06,833 [277b5c5e-8c6f-4c9a-a53f-1bbc96404e12@group-569FAC3F8BCE-LeaderElection92] INFO  impl.RoleInfo (RoleInfo.java:updateAndGet(143)) - 277b5c5e-8c6f-4c9a-a53f-1bbc96404e12: start FollowerState
2019-10-16 21:55:06,896 [Thread-808] INFO  impl.FollowerState (FollowerState.java:run(108)) - 277b5c5e-8c6f-4c9a-a53f-1bbc96404e12@group-569FAC3F8BCE-FollowerState: change to CANDIDATE, lastRpcTime:63ms, electionTimeout:63ms
2019-10-16 21:55:06,896 [Thread-808] INFO  impl.RoleInfo (RoleInfo.java:shutdownFollowerState(121)) - 277b5c5e-8c6f-4c9a-a53f-1bbc96404e12: shutdown FollowerState
2019-10-16 21:55:06,896 [Thread-808] INFO  impl.RaftServerImpl (RaftServerImpl.java:setRole(184)) - 277b5c5e-8c6f-4c9a-a53f-1bbc96404e12@group-569FAC3F8BCE: changes role from  FOLLOWER to CANDIDATE at term 82 for changeToCandidate
2019-10-16 21:55:06,897 [Thread-808] INFO  impl.RoleInfo (RoleInfo.java:updateAndGet(143)) - 277b5c5e-8c6f-4c9a-a53f-1bbc96404e12: start LeaderElection
2019-10-16 21:55:06,912 [277b5c5e-8c6f-4c9a-a53f-1bbc96404e12@group-569FAC3F8BCE-LeaderElection93] INFO  impl.LeaderElection (LeaderElection.java:askForVotes(178)) - 277b5c5e-8c6f-4c9a-a53f-1bbc96404e12@group-569FAC3F8BCE-LeaderElection93: begin an election at term 83 for -1: [a32408a4-f19d-4bad-97c5-ba33ae94fc9a:192.168.157.254:38721, 6b24a2ab-97ee-4d49-85cc-2d76c2f4b8ef:192.168.157.254:41080, 277b5c5e-8c6f-4c9a-a53f-1bbc96404e12:192.168.157.254:41416], old=null
2019-10-16 21:55:06,916 [grpc-default-executor-1] INFO  impl.RaftServerImpl (RaftServerImpl.java:setRole(184)) - a32408a4-f19d-4bad-97c5-ba33ae94fc9a@group-569FAC3F8BCE: changes role from  FOLLOWER to FOLLOWER at term 83 for recognizeCandidate:277b5c5e-8c6f-4c9a-a53f-1bbc96404e12
2019-10-16 21:55:06,916 [grpc-default-executor-0] INFO  impl.RaftServerImpl (RaftServerImpl.java:setRole(184)) - 6b24a2ab-97ee-4d49-85cc-2d76c2f4b8ef@group-569FAC3F8BCE: changes role from  FOLLOWER to FOLLOWER at term 83 for recognizeCandidate:277b5c5e-8c6f-4c9a-a53f-1bbc96404e12
2019-10-16 21:55:06,917 [grpc-default-executor-0] INFO  impl.RoleInfo (RoleInfo.java:shutdownFollowerState(121)) - 6b24a2ab-97ee-4d49-85cc-2d76c2f4b8ef: shutdown FollowerState
2019-10-16 21:55:06,916 [grpc-default-executor-1] INFO  impl.RoleInfo (RoleInfo.java:shutdownFollowerState(121)) - a32408a4-f19d-4bad-97c5-ba33ae94fc9a: shutdown FollowerState
2019-10-16 21:55:06,917 [Thread-806] INFO  impl.FollowerState (FollowerState.java:run(117)) - 6b24a2ab-97ee-4d49-85cc-2d76c2f4b8ef@group-569FAC3F8BCE-FollowerState was interrupted: java.lang.InterruptedException: sleep interrupted
2019-10-16 21:55:06,917 [grpc-default-executor-0] INFO  impl.RoleInfo (RoleInfo.java:updateAndGet(143)) - 6b24a2ab-97ee-4d49-85cc-2d76c2f4b8ef: start FollowerState
2019-10-16 21:55:06,917 [Thread-807] INFO  impl.FollowerState (FollowerState.java:run(117)) - a32408a4-f19d-4bad-97c5-ba33ae94fc9a@group-569FAC3F8BCE-FollowerState was interrupted: java.lang.InterruptedException: sleep interrupted
2019-10-16 21:55:06,917 [grpc-default-executor-1] INFO  impl.RoleInfo (RoleInfo.java:updateAndGet(143)) - a32408a4-f19d-4bad-97c5-ba33ae94fc9a: start FollowerState
2019-10-16 21:55:06,944 [277b5c5e-8c6f-4c9a-a53f-1bbc96404e12@group-569FAC3F8BCE-LeaderElection93] INFO  impl.LeaderElection (LeaderElection.java:logAndReturn(56)) - 277b5c5e-8c6f-4c9a-a53f-1bbc96404e12@group-569FAC3F8BCE-LeaderElection93: Election REJECTED; received 2 response(s) [277b5c5e-8c6f-4c9a-a53f-1bbc96404e12<-a32408a4-f19d-4bad-97c5-ba33ae94fc9a#0:FAIL-t83, 277b5c5e-8c6f-4c9a-a53f-1bbc96404e12<-6b24a2ab-97ee-4d49-85cc-2d76c2f4b8ef#0:FAIL-t83] and 0 exception(s); 277b5c5e-8c6f-4c9a-a53f-1bbc96404e12@group-569FAC3F8BCE:t83, leader=null, voted=277b5c5e-8c6f-4c9a-a53f-1bbc96404e12, raftlog=277b5c5e-8c6f-4c9a-a53f-1bbc96404e12@group-569FAC3F8BCE-SegmentedRaftLog:OPENED:c-1,f-1,i0, conf=-1: [a32408a4-f19d-4bad-97c5-ba33ae94fc9a:192.168.157.254:38721, 6b24a2ab-97ee-4d49-85cc-2d76c2f4b8ef:192.168.157.254:41080, 277b5c5e-8c6f-4c9a-a53f-1bbc96404e12:192.168.157.254:41416], old=null
2019-10-16 21:55:06,944 [277b5c5e-8c6f-4c9a-a53f-1bbc96404e12@group-569FAC3F8BCE-LeaderElection93] INFO  impl.RaftServerImpl (RaftServerImpl.java:setRole(184)) - 277b5c5e-8c6f-4c9a-a53f-1bbc96404e12@group-569FAC3F8BCE: changes role from CANDIDATE to FOLLOWER at term 83 for DISCOVERED_A_NEW_TERM
2019-10-16 21:55:06,944 [277b5c5e-8c6f-4c9a-a53f-1bbc96404e12@group-569FAC3F8BCE-LeaderElection93] INFO  impl.RoleInfo (RoleInfo.java:shutdownLeaderElection(134)) - 277b5c5e-8c6f-4c9a-a53f-1bbc96404e12: shutdown LeaderElection
2019-10-16 21:55:06,944 [277b5c5e-8c6f-4c9a-a53f-1bbc96404e12@group-569FAC3F8BCE-LeaderElection93] INFO  impl.RoleInfo (RoleInfo.java:updateAndGet(143)) - 277b5c5e-8c6f-4c9a-a53f-1bbc96404e12: start FollowerState
2019-10-16 21:55:07,127 [Thread-814] INFO  impl.FollowerState (FollowerState.java:run(108)) - 277b5c5e-8c6f-4c9a-a53f-1bbc96404e12@group-569FAC3F8BCE-FollowerState: change to CANDIDATE, lastRpcTime:183ms, electionTimeout:183ms
2019-10-16 21:55:07,128 [Thread-814] INFO  impl.RoleInfo (RoleInfo.java:shutdownFollowerState(121)) - 277b5c5e-8c6f-4c9a-a53f-1bbc96404e12: shutdown FollowerState
2019-10-16 21:55:07,128 [Thread-814] INFO  impl.RaftServerImpl (RaftServerImpl.java:setRole(184)) - 277b5c5e-8c6f-4c9a-a53f-1bbc96404e12@group-569FAC3F8BCE: changes role from  FOLLOWER to CANDIDATE at term 83 for changeToCandidate
2019-10-16 21:55:07,128 [Thread-814] INFO  impl.RoleInfo (RoleInfo.java:updateAndGet(143)) - 277b5c5e-8c6f-4c9a-a53f-1bbc96404e12: start LeaderElection
2019-10-16 21:55:07,133 [277b5c5e-8c6f-4c9a-a53f-1bbc96404e12@group-569FAC3F8BCE-LeaderElection94] INFO  impl.LeaderElection (LeaderElection.java:askForVotes(178)) - 277b5c5e-8c6f-4c9a-a53f-1bbc96404e12@group-569FAC3F8BCE-LeaderElection94: begin an election at term 84 for -1: [a32408a4-f19d-4bad-97c5-ba33ae94fc9a:192.168.157.254:38721, 6b24a2ab-97ee-4d49-85cc-2d76c2f4b8ef:192.168.157.254:41080, 277b5c5e-8c6f-4c9a-a53f-1bbc96404e12:192.168.157.254:41416], old=null
2019-10-16 21:55:07,137 [grpc-default-executor-1] INFO  impl.RaftServerImpl (RaftServerImpl.java:setRole(184)) - a32408a4-f19d-4bad-97c5-ba33ae94fc9a@group-569FAC3F8BCE: changes role from  FOLLOWER to FOLLOWER at term 84 for recognizeCandidate:277b5c5e-8c6f-4c9a-a53f-1bbc96404e12
2019-10-16 21:55:07,137 [grpc-default-executor-0] INFO  impl.RaftServerImpl (RaftServerImpl.java:setRole(184)) - 6b24a2ab-97ee-4d49-85cc-2d76c2f4b8ef@group-569FAC3F8BCE: changes role from  FOLLOWER to FOLLOWER at term 84 for recognizeCandidate:277b5c5e-8c6f-4c9a-a53f-1bbc96404e12
2019-10-16 21:55:07,137 [grpc-default-executor-1] INFO  impl.RoleInfo (RoleInfo.java:shutdownFollowerState(121)) - a32408a4-f19d-4bad-97c5-ba33ae94fc9a: shutdown FollowerState
2019-10-16 21:55:07,137 [grpc-default-executor-0] INFO  impl.RoleInfo (RoleInfo.java:shutdownFollowerState(121)) - 6b24a2ab-97ee-4d49-85cc-2d76c2f4b8ef: shutdown FollowerState
2019-10-16 21:55:07,137 [Thread-813] INFO  impl.FollowerState (FollowerState.java:run(117)) - a32408a4-f19d-4bad-97c5-ba33ae94fc9a@group-569FAC3F8BCE-FollowerState was interrupted: java.lang.InterruptedException: sleep interrupted
2019-10-16 21:55:07,137 [grpc-default-executor-1] INFO  impl.RoleInfo (RoleInfo.java:updateAndGet(143)) - a32408a4-f19d-4bad-97c5-ba33ae94fc9a: start FollowerState
2019-10-16 21:55:07,137 [Thread-812] INFO  impl.FollowerState (FollowerState.java:run(117)) - 6b24a2ab-97ee-4d49-85cc-2d76c2f4b8ef@group-569FAC3F8BCE-FollowerState was interrupted: java.lang.InterruptedException: sleep interrupted
2019-10-16 21:55:07,137 [grpc-default-executor-0] INFO  impl.RoleInfo (RoleInfo.java:updateAndGet(143)) - 6b24a2ab-97ee-4d49-85cc-2d76c2f4b8ef: start FollowerState
2019-10-16 21:55:07,160 [277b5c5e-8c6f-4c9a-a53f-1bbc96404e12@group-569FAC3F8BCE-LeaderElection94] INFO  impl.LeaderElection (LeaderElection.java:logAndReturn(56)) - 277b5c5e-8c6f-4c9a-a53f-1bbc96404e12@group-569FAC3F8BCE-LeaderElection94: Election REJECTED; received 2 response(s) [277b5c5e-8c6f-4c9a-a53f-1bbc96404e12<-a32408a4-f19d-4bad-97c5-ba33ae94fc9a#0:FAIL-t84, 277b5c5e-8c6f-4c9a-a53f-1bbc96404e12<-6b24a2ab-97ee-4d49-85cc-2d76c2f4b8ef#0:FAIL-t84] and 0 exception(s); 277b5c5e-8c6f-4c9a-a53f-1bbc96404e12@group-569FAC3F8BCE:t84, leader=null, voted=277b5c5e-8c6f-4c9a-a53f-1bbc96404e12, raftlog=277b5c5e-8c6f-4c9a-a53f-1bbc96404e12@group-569FAC3F8BCE-SegmentedRaftLog:OPENED:c-1,f-1,i0, conf=-1: [a32408a4-f19d-4bad-97c5-ba33ae94fc9a:192.168.157.254:38721, 6b24a2ab-97ee-4d49-85cc-2d76c2f4b8ef:192.168.157.254:41080, 277b5c5e-8c6f-4c9a-a53f-1bbc96404e12:192.168.157.254:41416], old=null
2019-10-16 21:55:07,160 [277b5c5e-8c6f-4c9a-a53f-1bbc96404e12@group-569FAC3F8BCE-LeaderElection94] INFO  impl.RaftServerImpl (RaftServerImpl.java:setRole(184)) - 277b5c5e-8c6f-4c9a-a53f-1bbc96404e12@group-569FAC3F8BCE: changes role from CANDIDATE to FOLLOWER at term 84 for DISCOVERED_A_NEW_TERM
2019-10-16 21:55:07,160 [277b5c5e-8c6f-4c9a-a53f-1bbc96404e12@group-569FAC3F8BCE-LeaderElection94] INFO  impl.RoleInfo (RoleInfo.java:shutdownLeaderElection(134)) - 277b5c5e-8c6f-4c9a-a53f-1bbc96404e12: shutdown LeaderElection
2019-10-16 21:55:07,160 [277b5c5e-8c6f-4c9a-a53f-1bbc96404e12@group-569FAC3F8BCE-LeaderElection94] INFO  impl.RoleInfo (RoleInfo.java:updateAndGet(143)) - 277b5c5e-8c6f-4c9a-a53f-1bbc96404e12: start FollowerState
2019-10-16 21:55:07,338 [Thread-820] INFO  impl.FollowerState (FollowerState.java:run(108)) - 277b5c5e-8c6f-4c9a-a53f-1bbc96404e12@group-569FAC3F8BCE-FollowerState: change to CANDIDATE, lastRpcTime:177ms, electionTimeout:177ms
2019-10-16 21:55:07,338 [Thread-820] INFO  impl.RoleInfo (RoleInfo.java:shutdownFollowerState(121)) - 277b5c5e-8c6f-4c9a-a53f-1bbc96404e12: shutdown FollowerState
2019-10-16 21:55:07,338 [Thread-820] INFO  impl.RaftServerImpl (RaftServerImpl.java:setRole(184)) - 277b5c5e-8c6f-4c9a-a53f-1bbc96404e12@group-569FAC3F8BCE: changes role from  FOLLOWER to CANDIDATE at term 84 for changeToCandidate
2019-10-16 21:55:07,338 [Thread-820] INFO  impl.RoleInfo (RoleInfo.java:updateAndGet(143)) - 277b5c5e-8c6f-4c9a-a53f-1bbc96404e12: start LeaderElection
2019-10-16 21:55:07,344 [277b5c5e-8c6f-4c9a-a53f-1bbc96404e12@group-569FAC3F8BCE-LeaderElection95] INFO  impl.LeaderElection (LeaderElection.java:askForVotes(178)) - 277b5c5e-8c6f-4c9a-a53f-1bbc96404e12@group-569FAC3F8BCE-LeaderElection95: begin an election at term 85 for -1: [a32408a4-f19d-4bad-97c5-ba33ae94fc9a:192.168.157.254:38721, 6b24a2ab-97ee-4d49-85cc-2d76c2f4b8ef:192.168.157.254:41080, 277b5c5e-8c6f-4c9a-a53f-1bbc96404e12:192.168.157.254:41416], old=null
2019-10-16 21:55:07,347 [grpc-default-executor-1] INFO  impl.RaftServerImpl (RaftServerImpl.java:setRole(184)) - 6b24a2ab-97ee-4d49-85cc-2d76c2f4b8ef@group-569FAC3F8BCE: changes role from  FOLLOWER to FOLLOWER at term 85 for recognizeCandidate:277b5c5e-8c6f-4c9a-a53f-1bbc96404e12
2019-10-16 21:55:07,347 [grpc-default-executor-0] INFO  impl.RaftServerImpl (RaftServerImpl.java:setRole(184)) - a32408a4-f19d-4bad-97c5-ba33ae94fc9a@group-569FAC3F8BCE: changes role from  FOLLOWER to FOLLOWER at term 85 for recognizeCandidate:277b5c5e-8c6f-4c9a-a53f-1bbc96404e12
2019-10-16 21:55:07,347 [grpc-default-executor-1] INFO  impl.RoleInfo (RoleInfo.java:shutdownFollowerState(121)) - 6b24a2ab-97ee-4d49-85cc-2d76c2f4b8ef: shutdown FollowerState
2019-10-16 21:55:07,347 [grpc-default-executor-0] INFO  impl.RoleInfo (RoleInfo.java:shutdownFollowerState(121)) - a32408a4-f19d-4bad-97c5-ba33ae94fc9a: shutdown FollowerState
2019-10-16 21:55:07,348 [Thread-819] INFO  impl.FollowerState (FollowerState.java:run(117)) - 6b24a2ab-97ee-4d49-85cc-2d76c2f4b8ef@group-569FAC3F8BCE-FollowerState was interrupted: java.lang.InterruptedException: sleep interrupted
2019-10-16 21:55:07,348 [grpc-default-executor-1] INFO  impl.RoleInfo (RoleInfo.java:updateAndGet(143)) - 6b24a2ab-97ee-4d49-85cc-2d76c2f4b8ef: start FollowerState
2019-10-16 21:55:07,348 [Thread-818] INFO  impl.FollowerState (FollowerState.java:run(117)) - a32408a4-f19d-4bad-97c5-ba33ae94fc9a@group-569FAC3F8BCE-FollowerState was interrupted: java.lang.InterruptedException: sleep interrupted
2019-10-16 21:55:07,348 [grpc-default-executor-0] INFO  impl.RoleInfo (RoleInfo.java:updateAndGet(143)) - a32408a4-f19d-4bad-97c5-ba33ae94fc9a: start FollowerState
2019-10-16 21:55:07,355 [277b5c5e-8c6f-4c9a-a53f-1bbc96404e12@group-569FAC3F8BCE-LeaderElection95] INFO  impl.LeaderElection (LeaderElection.java:logAndReturn(56)) - 277b5c5e-8c6f-4c9a-a53f-1bbc96404e12@group-569FAC3F8BCE-LeaderElection95: Election REJECTED; received 2 response(s) [277b5c5e-8c6f-4c9a-a53f-1bbc96404e12<-6b24a2ab-97ee-4d49-85cc-2d76c2f4b8ef#0:FAIL-t85, 277b5c5e-8c6f-4c9a-a53f-1bbc96404e12<-a32408a4-f19d-4bad-97c5-ba33ae94fc9a#0:FAIL-t85] and 0 exception(s); 277b5c5e-8c6f-4c9a-a53f-1bbc96404e12@group-569FAC3F8BCE:t85, leader=null, voted=277b5c5e-8c6f-4c9a-a53f-1bbc96404e12, raftlog=277b5c5e-8c6f-4c9a-a53f-1bbc96404e12@group-569FAC3F8BCE-SegmentedRaftLog:OPENED:c-1,f-1,i0, conf=-1: [a32408a4-f19d-4bad-97c5-ba33ae94fc9a:192.168.157.254:38721, 6b24a2ab-97ee-4d49-85cc-2d76c2f4b8ef:192.168.157.254:41080, 277b5c5e-8c6f-4c9a-a53f-1bbc96404e12:192.168.157.254:41416], old=null
2019-10-16 21:55:07,356 [277b5c5e-8c6f-4c9a-a53f-1bbc96404e12@group-569FAC3F8BCE-LeaderElection95] INFO  impl.RaftServerImpl (RaftServerImpl.java:setRole(184)) - 277b5c5e-8c6f-4c9a-a53f-1bbc96404e12@group-569FAC3F8BCE: changes role from CANDIDATE to FOLLOWER at term 85 for DISCOVERED_A_NEW_TERM
2019-10-16 21:55:07,356 [277b5c5e-8c6f-4c9a-a53f-1bbc96404e12@group-569FAC3F8BCE-LeaderElection95] INFO  impl.RoleInfo (RoleInfo.java:shutdownLeaderElection(134)) - 277b5c5e-8c6f-4c9a-a53f-1bbc96404e12: shutdown LeaderElection
2019-10-16 21:55:07,356 [277b5c5e-8c6f-4c9a-a53f-1bbc96404e12@group-569FAC3F8BCE-LeaderElection95] INFO  impl.RoleInfo (RoleInfo.java:updateAndGet(143)) - 277b5c5e-8c6f-4c9a-a53f-1bbc96404e12: start FollowerState
2019-10-16 21:55:07,490 [Thread-826] INFO  impl.FollowerState (FollowerState.java:run(108)) - 277b5c5e-8c6f-4c9a-a53f-1bbc96404e12@group-569FAC3F8BCE-FollowerState: change to CANDIDATE, lastRpcTime:133ms, electionTimeout:133ms
2019-10-16 21:55:07,490 [Thread-826] INFO  impl.RoleInfo (RoleInfo.java:shutdownFollowerState(121)) - 277b5c5e-8c6f-4c9a-a53f-1bbc96404e12: shutdown FollowerState
2019-10-16 21:55:07,490 [Thread-826] INFO  impl.RaftServerImpl (RaftServerImpl.java:setRole(184)) - 277b5c5e-8c6f-4c9a-a53f-1bbc96404e12@group-569FAC3F8BCE: changes role from  FOLLOWER to CANDIDATE at term 85 for changeToCandidate
2019-10-16 21:55:07,490 [Thread-826] INFO  impl.RoleInfo (RoleInfo.java:updateAndGet(143)) - 277b5c5e-8c6f-4c9a-a53f-1bbc96404e12: start LeaderElection
2019-10-16 21:55:07,502 [277b5c5e-8c6f-4c9a-a53f-1bbc96404e12@group-569FAC3F8BCE-LeaderElection96] INFO  impl.LeaderElection (LeaderElection.java:askForVotes(178)) - 277b5c5e-8c6f-4c9a-a53f-1bbc96404e12@group-569FAC3F8BCE-LeaderElection96: begin an election at term 86 for -1: [a32408a4-f19d-4bad-97c5-ba33ae94fc9a:192.168.157.254:38721, 6b24a2ab-97ee-4d49-85cc-2d76c2f4b8ef:192.168.157.254:41080, 277b5c5e-8c6f-4c9a-a53f-1bbc96404e12:192.168.157.254:41416], old=null
2019-10-16 21:55:07,504 [grpc-default-executor-1] INFO  impl.RaftServerImpl (RaftServerImpl.java:setRole(184)) - a32408a4-f19d-4bad-97c5-ba33ae94fc9a@group-569FAC3F8BCE: changes role from  FOLLOWER to FOLLOWER at term 86 for recognizeCandidate:277b5c5e-8c6f-4c9a-a53f-1bbc96404e12
2019-10-16 21:55:07,505 [grpc-default-executor-1] INFO  impl.RoleInfo (RoleInfo.java:shutdownFollowerState(121)) - a32408a4-f19d-4bad-97c5-ba33ae94fc9a: shutdown FollowerState
2019-10-16 21:55:07,505 [grpc-default-executor-1] INFO  impl.RoleInfo (RoleInfo.java:updateAndGet(143)) - a32408a4-f19d-4bad-97c5-ba33ae94fc9a: start FollowerState
2019-10-16 21:55:07,505 [Thread-825] INFO  impl.FollowerState (FollowerState.java:run(117)) - a32408a4-f19d-4bad-97c5-ba33ae94fc9a@group-569FAC3F8BCE-FollowerState was interrupted: java.lang.InterruptedException: sleep interrupted
2019-10-16 21:55:07,505 [grpc-default-executor-0] INFO  impl.RaftServerImpl (RaftServerImpl.java:setRole(184)) - 6b24a2ab-97ee-4d49-85cc-2d76c2f4b8ef@group-569FAC3F8BCE: changes role from  FOLLOWER to FOLLOWER at term 86 for recognizeCandidate:277b5c5e-8c6f-4c9a-a53f-1bbc96404e12
2019-10-16 21:55:07,505 [grpc-default-executor-0] INFO  impl.RoleInfo (RoleInfo.java:shutdownFollowerState(121)) - 6b24a2ab-97ee-4d49-85cc-2d76c2f4b8ef: shutdown FollowerState
2019-10-16 21:55:07,505 [grpc-default-executor-0] INFO  impl.RoleInfo (RoleInfo.java:updateAndGet(143)) - 6b24a2ab-97ee-4d49-85cc-2d76c2f4b8ef: start FollowerState
2019-10-16 21:55:07,505 [Thread-824] INFO  impl.FollowerState (FollowerState.java:run(117)) - 6b24a2ab-97ee-4d49-85cc-2d76c2f4b8ef@group-569FAC3F8BCE-FollowerState was interrupted: java.lang.InterruptedException: sleep interrupted
2019-10-16 21:55:07,521 [277b5c5e-8c6f-4c9a-a53f-1bbc96404e12@group-569FAC3F8BCE-LeaderElection96] INFO  impl.LeaderElection (LeaderElection.java:logAndReturn(56)) - 277b5c5e-8c6f-4c9a-a53f-1bbc96404e12@group-569FAC3F8BCE-LeaderElection96: Election REJECTED; received 2 response(s) [277b5c5e-8c6f-4c9a-a53f-1bbc96404e12<-a32408a4-f19d-4bad-97c5-ba33ae94fc9a#0:FAIL-t86, 277b5c5e-8c6f-4c9a-a53f-1bbc96404e12<-6b24a2ab-97ee-4d49-85cc-2d76c2f4b8ef#0:FAIL-t86] and 0 exception(s); 277b5c5e-8c6f-4c9a-a53f-1bbc96404e12@group-569FAC3F8BCE:t86, leader=null, voted=277b5c5e-8c6f-4c9a-a53f-1bbc96404e12, raftlog=277b5c5e-8c6f-4c9a-a53f-1bbc96404e12@group-569FAC3F8BCE-SegmentedRaftLog:OPENED:c-1,f-1,i0, conf=-1: [a32408a4-f19d-4bad-97c5-ba33ae94fc9a:192.168.157.254:38721, 6b24a2ab-97ee-4d49-85cc-2d76c2f4b8ef:192.168.157.254:41080, 277b5c5e-8c6f-4c9a-a53f-1bbc96404e12:192.168.157.254:41416], old=null
2019-10-16 21:55:07,522 [277b5c5e-8c6f-4c9a-a53f-1bbc96404e12@group-569FAC3F8BCE-LeaderElection96] INFO  impl.RaftServerImpl (RaftServerImpl.java:setRole(184)) - 277b5c5e-8c6f-4c9a-a53f-1bbc96404e12@group-569FAC3F8BCE: changes role from CANDIDATE to FOLLOWER at term 86 for DISCOVERED_A_NEW_TERM
2019-10-16 21:55:07,522 [277b5c5e-8c6f-4c9a-a53f-1bbc96404e12@group-569FAC3F8BCE-LeaderElection96] INFO  impl.RoleInfo (RoleInfo.java:shutdownLeaderElection(134)) - 277b5c5e-8c6f-4c9a-a53f-1bbc96404e12: shutdown LeaderElection
2019-10-16 21:55:07,522 [277b5c5e-8c6f-4c9a-a53f-1bbc96404e12@group-569FAC3F8BCE-LeaderElection96] INFO  impl.RoleInfo (RoleInfo.java:updateAndGet(143)) - 277b5c5e-8c6f-4c9a-a53f-1bbc96404e12: start FollowerState
2019-10-16 21:55:07,526 [Thread-832] INFO  impl.FollowerState (FollowerState.java:run(108)) - 277b5c5e-8c6f-4c9a-a53f-1bbc96404e12@group-569FAC3F8BCE-FollowerState: change to CANDIDATE, lastRpcTime:4ms, electionTimeout:4ms
2019-10-16 21:55:07,528 [Thread-832] INFO  impl.RoleInfo (RoleInfo.java:shutdownFollowerState(121)) - 277b5c5e-8c6f-4c9a-a53f-1bbc96404e12: shutdown FollowerState
2019-10-16 21:55:07,530 [Thread-832] INFO  impl.RaftServerImpl (RaftServerImpl.java:setRole(184)) - 277b5c5e-8c6f-4c9a-a53f-1bbc96404e12@group-569FAC3F8BCE: changes role from  FOLLOWER to CANDIDATE at term 86 for changeToCandidate
2019-10-16 21:55:07,530 [Thread-832] INFO  impl.RoleInfo (RoleInfo.java:updateAndGet(143)) - 277b5c5e-8c6f-4c9a-a53f-1bbc96404e12: start LeaderElection
2019-10-16 21:55:07,543 [277b5c5e-8c6f-4c9a-a53f-1bbc96404e12@group-569FAC3F8BCE-LeaderElection97] INFO  impl.LeaderElection (LeaderElection.java:askForVotes(178)) - 277b5c5e-8c6f-4c9a-a53f-1bbc96404e12@group-569FAC3F8BCE-LeaderElection97: begin an election at term 87 for -1: [a32408a4-f19d-4bad-97c5-ba33ae94fc9a:192.168.157.254:38721, 6b24a2ab-97ee-4d49-85cc-2d76c2f4b8ef:192.168.157.254:41080, 277b5c5e-8c6f-4c9a-a53f-1bbc96404e12:192.168.157.254:41416], old=null
2019-10-16 21:55:07,546 [grpc-default-executor-0] INFO  impl.RaftServerImpl (RaftServerImpl.java:setRole(184)) - a32408a4-f19d-4bad-97c5-ba33ae94fc9a@group-569FAC3F8BCE: changes role from  FOLLOWER to FOLLOWER at term 87 for recognizeCandidate:277b5c5e-8c6f-4c9a-a53f-1bbc96404e12
2019-10-16 21:55:07,546 [grpc-default-executor-0] INFO  impl.RoleInfo (RoleInfo.java:shutdownFollowerState(121)) - a32408a4-f19d-4bad-97c5-ba33ae94fc9a: shutdown FollowerState
2019-10-16 21:55:07,547 [grpc-default-executor-1] INFO  impl.RaftServerImpl (RaftServerImpl.java:setRole(184)) - 6b24a2ab-97ee-4d49-85cc-2d76c2f4b8ef@group-569FAC3F8BCE: changes role from  FOLLOWER to FOLLOWER at term 87 for recognizeCandidate:277b5c5e-8c6f-4c9a-a53f-1bbc96404e12
2019-10-16 21:55:07,547 [Thread-830] INFO  impl.FollowerState (FollowerState.java:run(117)) - a32408a4-f19d-4bad-97c5-ba33ae94fc9a@group-569FAC3F8BCE-FollowerState was interrupted: java.lang.InterruptedException: sleep interrupted
2019-10-16 21:55:07,547 [grpc-default-executor-0] INFO  impl.RoleInfo (RoleInfo.java:updateAndGet(143)) - a32408a4-f19d-4bad-97c5-ba33ae94fc9a: start FollowerState
2019-10-16 21:55:07,547 [grpc-default-executor-1] INFO  impl.RoleInfo (RoleInfo.java:shutdownFollowerState(121)) - 6b24a2ab-97ee-4d49-85cc-2d76c2f4b8ef: shutdown FollowerState
2019-10-16 21:55:07,547 [grpc-default-executor-1] INFO  impl.RoleInfo (RoleInfo.java:updateAndGet(143)) - 6b24a2ab-97ee-4d49-85cc-2d76c2f4b8ef: start FollowerState
2019-10-16 21:55:07,547 [Thread-831] INFO  impl.FollowerState (FollowerState.java:run(117)) - 6b24a2ab-97ee-4d49-85cc-2d76c2f4b8ef@group-569FAC3F8BCE-FollowerState was interrupted: java.lang.InterruptedException: sleep interrupted
2019-10-16 21:55:07,562 [277b5c5e-8c6f-4c9a-a53f-1bbc96404e12@group-569FAC3F8BCE-LeaderElection97] INFO  impl.LeaderElection (LeaderElection.java:logAndReturn(56)) - 277b5c5e-8c6f-4c9a-a53f-1bbc96404e12@group-569FAC3F8BCE-LeaderElection97: Election REJECTED; received 2 response(s) [277b5c5e-8c6f-4c9a-a53f-1bbc96404e12<-a32408a4-f19d-4bad-97c5-ba33ae94fc9a#0:FAIL-t87, 277b5c5e-8c6f-4c9a-a53f-1bbc96404e12<-6b24a2ab-97ee-4d49-85cc-2d76c2f4b8ef#0:FAIL-t87] and 0 exception(s); 277b5c5e-8c6f-4c9a-a53f-1bbc96404e12@group-569FAC3F8BCE:t87, leader=null, voted=277b5c5e-8c6f-4c9a-a53f-1bbc96404e12, raftlog=277b5c5e-8c6f-4c9a-a53f-1bbc96404e12@group-569FAC3F8BCE-SegmentedRaftLog:OPENED:c-1,f-1,i0, conf=-1: [a32408a4-f19d-4bad-97c5-ba33ae94fc9a:192.168.157.254:38721, 6b24a2ab-97ee-4d49-85cc-2d76c2f4b8ef:192.168.157.254:41080, 277b5c5e-8c6f-4c9a-a53f-1bbc96404e12:192.168.157.254:41416], old=null
2019-10-16 21:55:07,562 [277b5c5e-8c6f-4c9a-a53f-1bbc96404e12@group-569FAC3F8BCE-LeaderElection97] INFO  impl.RaftServerImpl (RaftServerImpl.java:setRole(184)) - 277b5c5e-8c6f-4c9a-a53f-1bbc96404e12@group-569FAC3F8BCE: changes role from CANDIDATE to FOLLOWER at term 87 for DISCOVERED_A_NEW_TERM
2019-10-16 21:55:07,562 [277b5c5e-8c6f-4c9a-a53f-1bbc96404e12@group-569FAC3F8BCE-LeaderElection97] INFO  impl.RoleInfo (RoleInfo.java:shutdownLeaderElection(134)) - 277b5c5e-8c6f-4c9a-a53f-1bbc96404e12: shutdown LeaderElection
2019-10-16 21:55:07,562 [277b5c5e-8c6f-4c9a-a53f-1bbc96404e12@group-569FAC3F8BCE-LeaderElection97] INFO  impl.RoleInfo (RoleInfo.java:updateAndGet(143)) - 277b5c5e-8c6f-4c9a-a53f-1bbc96404e12: start FollowerState
2019-10-16 21:55:07,563 [Thread-0] INFO  ozone.MiniOzoneClusterImpl (MiniOzoneClusterImpl.java:lambda$waitForClusterToBeReady$2(164)) - Waiting for 1 number of pipelines out of 4, to report a leader.
2019-10-16 21:55:07,577 [Thread-838] INFO  impl.FollowerState (FollowerState.java:run(108)) - 277b5c5e-8c6f-4c9a-a53f-1bbc96404e12@group-569FAC3F8BCE-FollowerState: change to CANDIDATE, lastRpcTime:14ms, electionTimeout:14ms
2019-10-16 21:55:07,577 [Thread-838] INFO  impl.RoleInfo (RoleInfo.java:shutdownFollowerState(121)) - 277b5c5e-8c6f-4c9a-a53f-1bbc96404e12: shutdown FollowerState
2019-10-16 21:55:07,577 [Thread-838] INFO  impl.RaftServerImpl (RaftServerImpl.java:setRole(184)) - 277b5c5e-8c6f-4c9a-a53f-1bbc96404e12@group-569FAC3F8BCE: changes role from  FOLLOWER to CANDIDATE at term 87 for changeToCandidate
2019-10-16 21:55:07,577 [Thread-838] INFO  impl.RoleInfo (RoleInfo.java:updateAndGet(143)) - 277b5c5e-8c6f-4c9a-a53f-1bbc96404e12: start LeaderElection
2019-10-16 21:55:07,591 [277b5c5e-8c6f-4c9a-a53f-1bbc96404e12@group-569FAC3F8BCE-LeaderElection98] INFO  impl.LeaderElection (LeaderElection.java:askForVotes(178)) - 277b5c5e-8c6f-4c9a-a53f-1bbc96404e12@group-569FAC3F8BCE-LeaderElection98: begin an election at term 88 for -1: [a32408a4-f19d-4bad-97c5-ba33ae94fc9a:192.168.157.254:38721, 6b24a2ab-97ee-4d49-85cc-2d76c2f4b8ef:192.168.157.254:41080, 277b5c5e-8c6f-4c9a-a53f-1bbc96404e12:192.168.157.254:41416], old=null
2019-10-16 21:55:07,593 [grpc-default-executor-0] INFO  impl.RaftServerImpl (RaftServerImpl.java:setRole(184)) - a32408a4-f19d-4bad-97c5-ba33ae94fc9a@group-569FAC3F8BCE: changes role from  FOLLOWER to FOLLOWER at term 88 for recognizeCandidate:277b5c5e-8c6f-4c9a-a53f-1bbc96404e12
2019-10-16 21:55:07,593 [grpc-default-executor-0] INFO  impl.RoleInfo (RoleInfo.java:shutdownFollowerState(121)) - a32408a4-f19d-4bad-97c5-ba33ae94fc9a: shutdown FollowerState
2019-10-16 21:55:07,594 [grpc-default-executor-0] INFO  impl.RoleInfo (RoleInfo.java:updateAndGet(143)) - a32408a4-f19d-4bad-97c5-ba33ae94fc9a: start FollowerState
2019-10-16 21:55:07,594 [Thread-836] INFO  impl.FollowerState (FollowerState.java:run(117)) - a32408a4-f19d-4bad-97c5-ba33ae94fc9a@group-569FAC3F8BCE-FollowerState was interrupted: java.lang.InterruptedException: sleep interrupted
2019-10-16 21:55:07,594 [grpc-default-executor-1] INFO  impl.RaftServerImpl (RaftServerImpl.java:setRole(184)) - 6b24a2ab-97ee-4d49-85cc-2d76c2f4b8ef@group-569FAC3F8BCE: changes role from  FOLLOWER to FOLLOWER at term 88 for recognizeCandidate:277b5c5e-8c6f-4c9a-a53f-1bbc96404e12
2019-10-16 21:55:07,594 [grpc-default-executor-1] INFO  impl.RoleInfo (RoleInfo.java:shutdownFollowerState(121)) - 6b24a2ab-97ee-4d49-85cc-2d76c2f4b8ef: shutdown FollowerState
2019-10-16 21:55:07,594 [grpc-default-executor-1] INFO  impl.RoleInfo (RoleInfo.java:updateAndGet(143)) - 6b24a2ab-97ee-4d49-85cc-2d76c2f4b8ef: start FollowerState
2019-10-16 21:55:07,594 [Thread-837] INFO  impl.FollowerState (FollowerState.java:run(117)) - 6b24a2ab-97ee-4d49-85cc-2d76c2f4b8ef@group-569FAC3F8BCE-FollowerState was interrupted: java.lang.InterruptedException: sleep interrupted
2019-10-16 21:55:07,620 [277b5c5e-8c6f-4c9a-a53f-1bbc96404e12@group-569FAC3F8BCE-LeaderElection98] INFO  impl.LeaderElection (LeaderElection.java:logAndReturn(56)) - 277b5c5e-8c6f-4c9a-a53f-1bbc96404e12@group-569FAC3F8BCE-LeaderElection98: Election REJECTED; received 2 response(s) [277b5c5e-8c6f-4c9a-a53f-1bbc96404e12<-6b24a2ab-97ee-4d49-85cc-2d76c2f4b8ef#0:FAIL-t88, 277b5c5e-8c6f-4c9a-a53f-1bbc96404e12<-a32408a4-f19d-4bad-97c5-ba33ae94fc9a#0:FAIL-t88] and 0 exception(s); 277b5c5e-8c6f-4c9a-a53f-1bbc96404e12@group-569FAC3F8BCE:t88, leader=null, voted=277b5c5e-8c6f-4c9a-a53f-1bbc96404e12, raftlog=277b5c5e-8c6f-4c9a-a53f-1bbc96404e12@group-569FAC3F8BCE-SegmentedRaftLog:OPENED:c-1,f-1,i0, conf=-1: [a32408a4-f19d-4bad-97c5-ba33ae94fc9a:192.168.157.254:38721, 6b24a2ab-97ee-4d49-85cc-2d76c2f4b8ef:192.168.157.254:41080, 277b5c5e-8c6f-4c9a-a53f-1bbc96404e12:192.168.157.254:41416], old=null
2019-10-16 21:55:07,620 [277b5c5e-8c6f-4c9a-a53f-1bbc96404e12@group-569FAC3F8BCE-LeaderElection98] INFO  impl.RaftServerImpl (RaftServerImpl.java:setRole(184)) - 277b5c5e-8c6f-4c9a-a53f-1bbc96404e12@group-569FAC3F8BCE: changes role from CANDIDATE to FOLLOWER at term 88 for DISCOVERED_A_NEW_TERM
2019-10-16 21:55:07,621 [277b5c5e-8c6f-4c9a-a53f-1bbc96404e12@group-569FAC3F8BCE-LeaderElection98] INFO  impl.RoleInfo (RoleInfo.java:shutdownLeaderElection(134)) - 277b5c5e-8c6f-4c9a-a53f-1bbc96404e12: shutdown LeaderElection
2019-10-16 21:55:07,621 [277b5c5e-8c6f-4c9a-a53f-1bbc96404e12@group-569FAC3F8BCE-LeaderElection98] INFO  impl.RoleInfo (RoleInfo.java:updateAndGet(143)) - 277b5c5e-8c6f-4c9a-a53f-1bbc96404e12: start FollowerState
2019-10-16 21:55:07,775 [Thread-844] INFO  impl.FollowerState (FollowerState.java:run(108)) - 277b5c5e-8c6f-4c9a-a53f-1bbc96404e12@group-569FAC3F8BCE-FollowerState: change to CANDIDATE, lastRpcTime:154ms, electionTimeout:154ms
2019-10-16 21:55:07,775 [Thread-844] INFO  impl.RoleInfo (RoleInfo.java:shutdownFollowerState(121)) - 277b5c5e-8c6f-4c9a-a53f-1bbc96404e12: shutdown FollowerState
2019-10-16 21:55:07,776 [Thread-844] INFO  impl.RaftServerImpl (RaftServerImpl.java:setRole(184)) - 277b5c5e-8c6f-4c9a-a53f-1bbc96404e12@group-569FAC3F8BCE: changes role from  FOLLOWER to CANDIDATE at term 88 for changeToCandidate
2019-10-16 21:55:07,776 [Thread-844] INFO  impl.RoleInfo (RoleInfo.java:updateAndGet(143)) - 277b5c5e-8c6f-4c9a-a53f-1bbc96404e12: start LeaderElection
2019-10-16 21:55:07,802 [277b5c5e-8c6f-4c9a-a53f-1bbc96404e12@group-569FAC3F8BCE-LeaderElection99] INFO  impl.LeaderElection (LeaderElection.java:askForVotes(178)) - 277b5c5e-8c6f-4c9a-a53f-1bbc96404e12@group-569FAC3F8BCE-LeaderElection99: begin an election at term 89 for -1: [a32408a4-f19d-4bad-97c5-ba33ae94fc9a:192.168.157.254:38721, 6b24a2ab-97ee-4d49-85cc-2d76c2f4b8ef:192.168.157.254:41080, 277b5c5e-8c6f-4c9a-a53f-1bbc96404e12:192.168.157.254:41416], old=null
2019-10-16 21:55:07,805 [grpc-default-executor-1] INFO  impl.RaftServerImpl (RaftServerImpl.java:setRole(184)) - 6b24a2ab-97ee-4d49-85cc-2d76c2f4b8ef@group-569FAC3F8BCE: changes role from  FOLLOWER to FOLLOWER at term 89 for recognizeCandidate:277b5c5e-8c6f-4c9a-a53f-1bbc96404e12
2019-10-16 21:55:07,805 [grpc-default-executor-0] INFO  impl.RaftServerImpl (RaftServerImpl.java:setRole(184)) - a32408a4-f19d-4bad-97c5-ba33ae94fc9a@group-569FAC3F8BCE: changes role from  FOLLOWER to FOLLOWER at term 89 for recognizeCandidate:277b5c5e-8c6f-4c9a-a53f-1bbc96404e12
2019-10-16 21:55:07,805 [grpc-default-executor-1] INFO  impl.RoleInfo (RoleInfo.java:shutdownFollowerState(121)) - 6b24a2ab-97ee-4d49-85cc-2d76c2f4b8ef: shutdown FollowerState
2019-10-16 21:55:07,805 [grpc-default-executor-0] INFO  impl.RoleInfo (RoleInfo.java:shutdownFollowerState(121)) - a32408a4-f19d-4bad-97c5-ba33ae94fc9a: shutdown FollowerState
2019-10-16 21:55:07,806 [Thread-843] INFO  impl.FollowerState (FollowerState.java:run(117)) - 6b24a2ab-97ee-4d49-85cc-2d76c2f4b8ef@group-569FAC3F8BCE-FollowerState was interrupted: java.lang.InterruptedException: sleep interrupted
2019-10-16 21:55:07,806 [grpc-default-executor-1] INFO  impl.RoleInfo (RoleInfo.java:updateAndGet(143)) - 6b24a2ab-97ee-4d49-85cc-2d76c2f4b8ef: start FollowerState
2019-10-16 21:55:07,806 [grpc-default-executor-0] INFO  impl.RoleInfo (RoleInfo.java:updateAndGet(143)) - a32408a4-f19d-4bad-97c5-ba33ae94fc9a: start FollowerState
2019-10-16 21:55:07,806 [Thread-842] INFO  impl.FollowerState (FollowerState.java:run(117)) - a32408a4-f19d-4bad-97c5-ba33ae94fc9a@group-569FAC3F8BCE-FollowerState was interrupted: java.lang.InterruptedException: sleep interrupted
2019-10-16 21:55:07,821 [277b5c5e-8c6f-4c9a-a53f-1bbc96404e12@group-569FAC3F8BCE-LeaderElection99] INFO  impl.LeaderElection (LeaderElection.java:logAndReturn(56)) - 277b5c5e-8c6f-4c9a-a53f-1bbc96404e12@group-569FAC3F8BCE-LeaderElection99: Election REJECTED; received 2 response(s) [277b5c5e-8c6f-4c9a-a53f-1bbc96404e12<-6b24a2ab-97ee-4d49-85cc-2d76c2f4b8ef#0:FAIL-t89, 277b5c5e-8c6f-4c9a-a53f-1bbc96404e12<-a32408a4-f19d-4bad-97c5-ba33ae94fc9a#0:FAIL-t89] and 0 exception(s); 277b5c5e-8c6f-4c9a-a53f-1bbc96404e12@group-569FAC3F8BCE:t89, leader=null, voted=277b5c5e-8c6f-4c9a-a53f-1bbc96404e12, raftlog=277b5c5e-8c6f-4c9a-a53f-1bbc96404e12@group-569FAC3F8BCE-SegmentedRaftLog:OPENED:c-1,f-1,i0, conf=-1: [a32408a4-f19d-4bad-97c5-ba33ae94fc9a:192.168.157.254:38721, 6b24a2ab-97ee-4d49-85cc-2d76c2f4b8ef:192.168.157.254:41080, 277b5c5e-8c6f-4c9a-a53f-1bbc96404e12:192.168.157.254:41416], old=null
2019-10-16 21:55:07,821 [277b5c5e-8c6f-4c9a-a53f-1bbc96404e12@group-569FAC3F8BCE-LeaderElection99] INFO  impl.RaftServerImpl (RaftServerImpl.java:setRole(184)) - 277b5c5e-8c6f-4c9a-a53f-1bbc96404e12@group-569FAC3F8BCE: changes role from CANDIDATE to FOLLOWER at term 89 for DISCOVERED_A_NEW_TERM
2019-10-16 21:55:07,821 [277b5c5e-8c6f-4c9a-a53f-1bbc96404e12@group-569FAC3F8BCE-LeaderElection99] INFO  impl.RoleInfo (RoleInfo.java:shutdownLeaderElection(134)) - 277b5c5e-8c6f-4c9a-a53f-1bbc96404e12: shutdown LeaderElection
2019-10-16 21:55:07,822 [277b5c5e-8c6f-4c9a-a53f-1bbc96404e12@group-569FAC3F8BCE-LeaderElection99] INFO  impl.RoleInfo (RoleInfo.java:updateAndGet(143)) - 277b5c5e-8c6f-4c9a-a53f-1bbc96404e12: start FollowerState
2019-10-16 21:55:07,909 [Thread-850] INFO  impl.FollowerState (FollowerState.java:run(108)) - 277b5c5e-8c6f-4c9a-a53f-1bbc96404e12@group-569FAC3F8BCE-FollowerState: change to CANDIDATE, lastRpcTime:87ms, electionTimeout:87ms
2019-10-16 21:55:07,909 [Thread-850] INFO  impl.RoleInfo (RoleInfo.java:shutdownFollowerState(121)) - 277b5c5e-8c6f-4c9a-a53f-1bbc96404e12: shutdown FollowerState
2019-10-16 21:55:07,909 [Thread-850] INFO  impl.RaftServerImpl (RaftServerImpl.java:setRole(184)) - 277b5c5e-8c6f-4c9a-a53f-1bbc96404e12@group-569FAC3F8BCE: changes role from  FOLLOWER to CANDIDATE at term 89 for changeToCandidate
2019-10-16 21:55:07,910 [Thread-850] INFO  impl.RoleInfo (RoleInfo.java:updateAndGet(143)) - 277b5c5e-8c6f-4c9a-a53f-1bbc96404e12: start LeaderElection
2019-10-16 21:55:07,923 [277b5c5e-8c6f-4c9a-a53f-1bbc96404e12@group-569FAC3F8BCE-LeaderElection100] INFO  impl.LeaderElection (LeaderElection.java:askForVotes(178)) - 277b5c5e-8c6f-4c9a-a53f-1bbc96404e12@group-569FAC3F8BCE-LeaderElection100: begin an election at term 90 for -1: [a32408a4-f19d-4bad-97c5-ba33ae94fc9a:192.168.157.254:38721, 6b24a2ab-97ee-4d49-85cc-2d76c2f4b8ef:192.168.157.254:41080, 277b5c5e-8c6f-4c9a-a53f-1bbc96404e12:192.168.157.254:41416], old=null
2019-10-16 21:55:07,925 [grpc-default-executor-0] INFO  impl.RaftServerImpl (RaftServerImpl.java:setRole(184)) - a32408a4-f19d-4bad-97c5-ba33ae94fc9a@group-569FAC3F8BCE: changes role from  FOLLOWER to FOLLOWER at term 90 for recognizeCandidate:277b5c5e-8c6f-4c9a-a53f-1bbc96404e12
2019-10-16 21:55:07,925 [grpc-default-executor-1] INFO  impl.RaftServerImpl (RaftServerImpl.java:setRole(184)) - 6b24a2ab-97ee-4d49-85cc-2d76c2f4b8ef@group-569FAC3F8BCE: changes role from  FOLLOWER to FOLLOWER at term 90 for recognizeCandidate:277b5c5e-8c6f-4c9a-a53f-1bbc96404e12
2019-10-16 21:55:07,925 [grpc-default-executor-0] INFO  impl.RoleInfo (RoleInfo.java:shutdownFollowerState(121)) - a32408a4-f19d-4bad-97c5-ba33ae94fc9a: shutdown FollowerState
2019-10-16 21:55:07,926 [grpc-default-executor-1] INFO  impl.RoleInfo (RoleInfo.java:shutdownFollowerState(121)) - 6b24a2ab-97ee-4d49-85cc-2d76c2f4b8ef: shutdown FollowerState
2019-10-16 21:55:07,926 [Thread-849] INFO  impl.FollowerState (FollowerState.java:run(117)) - a32408a4-f19d-4bad-97c5-ba33ae94fc9a@group-569FAC3F8BCE-FollowerState was interrupted: java.lang.InterruptedException: sleep interrupted
2019-10-16 21:55:07,926 [Thread-848] INFO  impl.FollowerState (FollowerState.java:run(117)) - 6b24a2ab-97ee-4d49-85cc-2d76c2f4b8ef@group-569FAC3F8BCE-FollowerState was interrupted: java.lang.InterruptedException: sleep interrupted
2019-10-16 21:55:07,926 [grpc-default-executor-0] INFO  impl.RoleInfo (RoleInfo.java:updateAndGet(143)) - a32408a4-f19d-4bad-97c5-ba33ae94fc9a: start FollowerState
2019-10-16 21:55:07,926 [grpc-default-executor-1] INFO  impl.RoleInfo (RoleInfo.java:updateAndGet(143)) - 6b24a2ab-97ee-4d49-85cc-2d76c2f4b8ef: start FollowerState
2019-10-16 21:55:07,955 [277b5c5e-8c6f-4c9a-a53f-1bbc96404e12@group-569FAC3F8BCE-LeaderElection100] INFO  impl.LeaderElection (LeaderElection.java:logAndReturn(56)) - 277b5c5e-8c6f-4c9a-a53f-1bbc96404e12@group-569FAC3F8BCE-LeaderElection100: Election REJECTED; received 2 response(s) [277b5c5e-8c6f-4c9a-a53f-1bbc96404e12<-a32408a4-f19d-4bad-97c5-ba33ae94fc9a#0:FAIL-t90, 277b5c5e-8c6f-4c9a-a53f-1bbc96404e12<-6b24a2ab-97ee-4d49-85cc-2d76c2f4b8ef#0:FAIL-t90] and 0 exception(s); 277b5c5e-8c6f-4c9a-a53f-1bbc96404e12@group-569FAC3F8BCE:t90, leader=null, voted=277b5c5e-8c6f-4c9a-a53f-1bbc96404e12, raftlog=277b5c5e-8c6f-4c9a-a53f-1bbc96404e12@group-569FAC3F8BCE-SegmentedRaftLog:OPENED:c-1,f-1,i0, conf=-1: [a32408a4-f19d-4bad-97c5-ba33ae94fc9a:192.168.157.254:38721, 6b24a2ab-97ee-4d49-85cc-2d76c2f4b8ef:192.168.157.254:41080, 277b5c5e-8c6f-4c9a-a53f-1bbc96404e12:192.168.157.254:41416], old=null
2019-10-16 21:55:07,956 [277b5c5e-8c6f-4c9a-a53f-1bbc96404e12@group-569FAC3F8BCE-LeaderElection100] INFO  impl.RaftServerImpl (RaftServerImpl.java:setRole(184)) - 277b5c5e-8c6f-4c9a-a53f-1bbc96404e12@group-569FAC3F8BCE: changes role from CANDIDATE to FOLLOWER at term 90 for DISCOVERED_A_NEW_TERM
2019-10-16 21:55:07,956 [277b5c5e-8c6f-4c9a-a53f-1bbc96404e12@group-569FAC3F8BCE-LeaderElection100] INFO  impl.RoleInfo (RoleInfo.java:shutdownLeaderElection(134)) - 277b5c5e-8c6f-4c9a-a53f-1bbc96404e12: shutdown LeaderElection
2019-10-16 21:55:07,956 [277b5c5e-8c6f-4c9a-a53f-1bbc96404e12@group-569FAC3F8BCE-LeaderElection100] INFO  impl.RoleInfo (RoleInfo.java:updateAndGet(143)) - 277b5c5e-8c6f-4c9a-a53f-1bbc96404e12: start FollowerState
2019-10-16 21:55:07,957 [Thread-856] INFO  impl.FollowerState (FollowerState.java:run(108)) - 277b5c5e-8c6f-4c9a-a53f-1bbc96404e12@group-569FAC3F8BCE-FollowerState: change to CANDIDATE, lastRpcTime:1ms, electionTimeout:1ms
2019-10-16 21:55:07,958 [Thread-856] INFO  impl.RoleInfo (RoleInfo.java:shutdownFollowerState(121)) - 277b5c5e-8c6f-4c9a-a53f-1bbc96404e12: shutdown FollowerState
2019-10-16 21:55:07,958 [Thread-856] INFO  impl.RaftServerImpl (RaftServerImpl.java:setRole(184)) - 277b5c5e-8c6f-4c9a-a53f-1bbc96404e12@group-569FAC3F8BCE: changes role from  FOLLOWER to CANDIDATE at term 90 for changeToCandidate
2019-10-16 21:55:07,958 [Thread-856] INFO  impl.RoleInfo (RoleInfo.java:updateAndGet(143)) - 277b5c5e-8c6f-4c9a-a53f-1bbc96404e12: start LeaderElection
2019-10-16 21:55:07,985 [277b5c5e-8c6f-4c9a-a53f-1bbc96404e12@group-569FAC3F8BCE-LeaderElection101] INFO  impl.LeaderElection (LeaderElection.java:askForVotes(178)) - 277b5c5e-8c6f-4c9a-a53f-1bbc96404e12@group-569FAC3F8BCE-LeaderElection101: begin an election at term 91 for -1: [a32408a4-f19d-4bad-97c5-ba33ae94fc9a:192.168.157.254:38721, 6b24a2ab-97ee-4d49-85cc-2d76c2f4b8ef:192.168.157.254:41080, 277b5c5e-8c6f-4c9a-a53f-1bbc96404e12:192.168.157.254:41416], old=null
2019-10-16 21:55:07,988 [grpc-default-executor-1] INFO  impl.RaftServerImpl (RaftServerImpl.java:setRole(184)) - a32408a4-f19d-4bad-97c5-ba33ae94fc9a@group-569FAC3F8BCE: changes role from  FOLLOWER to FOLLOWER at term 91 for recognizeCandidate:277b5c5e-8c6f-4c9a-a53f-1bbc96404e12
2019-10-16 21:55:07,989 [grpc-default-executor-1] INFO  impl.RoleInfo (RoleInfo.java:shutdownFollowerState(121)) - a32408a4-f19d-4bad-97c5-ba33ae94fc9a: shutdown FollowerState
2019-10-16 21:55:07,989 [grpc-default-executor-0] INFO  impl.RaftServerImpl (RaftServerImpl.java:setRole(184)) - 6b24a2ab-97ee-4d49-85cc-2d76c2f4b8ef@group-569FAC3F8BCE: changes role from  FOLLOWER to FOLLOWER at term 91 for recognizeCandidate:277b5c5e-8c6f-4c9a-a53f-1bbc96404e12
2019-10-16 21:55:07,989 [grpc-default-executor-0] INFO  impl.RoleInfo (RoleInfo.java:shutdownFollowerState(121)) - 6b24a2ab-97ee-4d49-85cc-2d76c2f4b8ef: shutdown FollowerState
2019-10-16 21:55:07,989 [Thread-854] INFO  impl.FollowerState (FollowerState.java:run(117)) - a32408a4-f19d-4bad-97c5-ba33ae94fc9a@group-569FAC3F8BCE-FollowerState was interrupted: java.lang.InterruptedException: sleep interrupted
2019-10-16 21:55:07,989 [grpc-default-executor-1] INFO  impl.RoleInfo (RoleInfo.java:updateAndGet(143)) - a32408a4-f19d-4bad-97c5-ba33ae94fc9a: start FollowerState
2019-10-16 21:55:07,989 [Thread-855] INFO  impl.FollowerState (FollowerState.java:run(117)) - 6b24a2ab-97ee-4d49-85cc-2d76c2f4b8ef@group-569FAC3F8BCE-FollowerState was interrupted: java.lang.InterruptedException: sleep interrupted
2019-10-16 21:55:07,989 [grpc-default-executor-0] INFO  impl.RoleInfo (RoleInfo.java:updateAndGet(143)) - 6b24a2ab-97ee-4d49-85cc-2d76c2f4b8ef: start FollowerState
2019-10-16 21:55:08,005 [277b5c5e-8c6f-4c9a-a53f-1bbc96404e12@group-569FAC3F8BCE-LeaderElection101] INFO  impl.LeaderElection (LeaderElection.java:logAndReturn(56)) - 277b5c5e-8c6f-4c9a-a53f-1bbc96404e12@group-569FAC3F8BCE-LeaderElection101: Election REJECTED; received 2 response(s) [277b5c5e-8c6f-4c9a-a53f-1bbc96404e12<-a32408a4-f19d-4bad-97c5-ba33ae94fc9a#0:FAIL-t91, 277b5c5e-8c6f-4c9a-a53f-1bbc96404e12<-6b24a2ab-97ee-4d49-85cc-2d76c2f4b8ef#0:FAIL-t91] and 0 exception(s); 277b5c5e-8c6f-4c9a-a53f-1bbc96404e12@group-569FAC3F8BCE:t91, leader=null, voted=277b5c5e-8c6f-4c9a-a53f-1bbc96404e12, raftlog=277b5c5e-8c6f-4c9a-a53f-1bbc96404e12@group-569FAC3F8BCE-SegmentedRaftLog:OPENED:c-1,f-1,i0, conf=-1: [a32408a4-f19d-4bad-97c5-ba33ae94fc9a:192.168.157.254:38721, 6b24a2ab-97ee-4d49-85cc-2d76c2f4b8ef:192.168.157.254:41080, 277b5c5e-8c6f-4c9a-a53f-1bbc96404e12:192.168.157.254:41416], old=null
2019-10-16 21:55:08,005 [277b5c5e-8c6f-4c9a-a53f-1bbc96404e12@group-569FAC3F8BCE-LeaderElection101] INFO  impl.RaftServerImpl (RaftServerImpl.java:setRole(184)) - 277b5c5e-8c6f-4c9a-a53f-1bbc96404e12@group-569FAC3F8BCE: changes role from CANDIDATE to FOLLOWER at term 91 for DISCOVERED_A_NEW_TERM
2019-10-16 21:55:08,005 [277b5c5e-8c6f-4c9a-a53f-1bbc96404e12@group-569FAC3F8BCE-LeaderElection101] INFO  impl.RoleInfo (RoleInfo.java:shutdownLeaderElection(134)) - 277b5c5e-8c6f-4c9a-a53f-1bbc96404e12: shutdown LeaderElection
2019-10-16 21:55:08,005 [277b5c5e-8c6f-4c9a-a53f-1bbc96404e12@group-569FAC3F8BCE-LeaderElection101] INFO  impl.RoleInfo (RoleInfo.java:updateAndGet(143)) - 277b5c5e-8c6f-4c9a-a53f-1bbc96404e12: start FollowerState
2019-10-16 21:55:08,092 [Thread-862] INFO  impl.FollowerState (FollowerState.java:run(108)) - 277b5c5e-8c6f-4c9a-a53f-1bbc96404e12@group-569FAC3F8BCE-FollowerState: change to CANDIDATE, lastRpcTime:86ms, electionTimeout:86ms
2019-10-16 21:55:08,092 [Thread-862] INFO  impl.RoleInfo (RoleInfo.java:shutdownFollowerState(121)) - 277b5c5e-8c6f-4c9a-a53f-1bbc96404e12: shutdown FollowerState
2019-10-16 21:55:08,092 [Thread-862] INFO  impl.RaftServerImpl (RaftServerImpl.java:setRole(184)) - 277b5c5e-8c6f-4c9a-a53f-1bbc96404e12@group-569FAC3F8BCE: changes role from  FOLLOWER to CANDIDATE at term 91 for changeToCandidate
2019-10-16 21:55:08,092 [Thread-862] INFO  impl.RoleInfo (RoleInfo.java:updateAndGet(143)) - 277b5c5e-8c6f-4c9a-a53f-1bbc96404e12: start LeaderElection
2019-10-16 21:55:08,107 [277b5c5e-8c6f-4c9a-a53f-1bbc96404e12@group-569FAC3F8BCE-LeaderElection102] INFO  impl.LeaderElection (LeaderElection.java:askForVotes(178)) - 277b5c5e-8c6f-4c9a-a53f-1bbc96404e12@group-569FAC3F8BCE-LeaderElection102: begin an election at term 92 for -1: [a32408a4-f19d-4bad-97c5-ba33ae94fc9a:192.168.157.254:38721, 6b24a2ab-97ee-4d49-85cc-2d76c2f4b8ef:192.168.157.254:41080, 277b5c5e-8c6f-4c9a-a53f-1bbc96404e12:192.168.157.254:41416], old=null
2019-10-16 21:55:08,110 [grpc-default-executor-1] INFO  impl.RaftServerImpl (RaftServerImpl.java:setRole(184)) - 6b24a2ab-97ee-4d49-85cc-2d76c2f4b8ef@group-569FAC3F8BCE: changes role from  FOLLOWER to FOLLOWER at term 92 for recognizeCandidate:277b5c5e-8c6f-4c9a-a53f-1bbc96404e12
2019-10-16 21:55:08,110 [grpc-default-executor-0] INFO  impl.RaftServerImpl (RaftServerImpl.java:setRole(184)) - a32408a4-f19d-4bad-97c5-ba33ae94fc9a@group-569FAC3F8BCE: changes role from  FOLLOWER to FOLLOWER at term 92 for recognizeCandidate:277b5c5e-8c6f-4c9a-a53f-1bbc96404e12
2019-10-16 21:55:08,111 [grpc-default-executor-1] INFO  impl.RoleInfo (RoleInfo.java:shutdownFollowerState(121)) - 6b24a2ab-97ee-4d49-85cc-2d76c2f4b8ef: shutdown FollowerState
2019-10-16 21:55:08,111 [grpc-default-executor-0] INFO  impl.RoleInfo (RoleInfo.java:shutdownFollowerState(121)) - a32408a4-f19d-4bad-97c5-ba33ae94fc9a: shutdown FollowerState
2019-10-16 21:55:08,111 [Thread-861] INFO  impl.FollowerState (FollowerState.java:run(117)) - 6b24a2ab-97ee-4d49-85cc-2d76c2f4b8ef@group-569FAC3F8BCE-FollowerState was interrupted: java.lang.InterruptedException: sleep interrupted
2019-10-16 21:55:08,111 [grpc-default-executor-1] INFO  impl.RoleInfo (RoleInfo.java:updateAndGet(143)) - 6b24a2ab-97ee-4d49-85cc-2d76c2f4b8ef: start FollowerState
2019-10-16 21:55:08,111 [Thread-860] INFO  impl.FollowerState (FollowerState.java:run(117)) - a32408a4-f19d-4bad-97c5-ba33ae94fc9a@group-569FAC3F8BCE-FollowerState was interrupted: java.lang.InterruptedException: sleep interrupted
2019-10-16 21:55:08,111 [grpc-default-executor-0] INFO  impl.RoleInfo (RoleInfo.java:updateAndGet(143)) - a32408a4-f19d-4bad-97c5-ba33ae94fc9a: start FollowerState
2019-10-16 21:55:08,138 [277b5c5e-8c6f-4c9a-a53f-1bbc96404e12@group-569FAC3F8BCE-LeaderElection102] INFO  impl.LeaderElection (LeaderElection.java:logAndReturn(56)) - 277b5c5e-8c6f-4c9a-a53f-1bbc96404e12@group-569FAC3F8BCE-LeaderElection102: Election REJECTED; received 2 response(s) [277b5c5e-8c6f-4c9a-a53f-1bbc96404e12<-6b24a2ab-97ee-4d49-85cc-2d76c2f4b8ef#0:FAIL-t92, 277b5c5e-8c6f-4c9a-a53f-1bbc96404e12<-a32408a4-f19d-4bad-97c5-ba33ae94fc9a#0:FAIL-t92] and 0 exception(s); 277b5c5e-8c6f-4c9a-a53f-1bbc96404e12@group-569FAC3F8BCE:t92, leader=null, voted=277b5c5e-8c6f-4c9a-a53f-1bbc96404e12, raftlog=277b5c5e-8c6f-4c9a-a53f-1bbc96404e12@group-569FAC3F8BCE-SegmentedRaftLog:OPENED:c-1,f-1,i0, conf=-1: [a32408a4-f19d-4bad-97c5-ba33ae94fc9a:192.168.157.254:38721, 6b24a2ab-97ee-4d49-85cc-2d76c2f4b8ef:192.168.157.254:41080, 277b5c5e-8c6f-4c9a-a53f-1bbc96404e12:192.168.157.254:41416], old=null
2019-10-16 21:55:08,139 [277b5c5e-8c6f-4c9a-a53f-1bbc96404e12@group-569FAC3F8BCE-LeaderElection102] INFO  impl.RaftServerImpl (RaftServerImpl.java:setRole(184)) - 277b5c5e-8c6f-4c9a-a53f-1bbc96404e12@group-569FAC3F8BCE: changes role from CANDIDATE to FOLLOWER at term 92 for DISCOVERED_A_NEW_TERM
2019-10-16 21:55:08,139 [277b5c5e-8c6f-4c9a-a53f-1bbc96404e12@group-569FAC3F8BCE-LeaderElection102] INFO  impl.RoleInfo (RoleInfo.java:shutdownLeaderElection(134)) - 277b5c5e-8c6f-4c9a-a53f-1bbc96404e12: shutdown LeaderElection
2019-10-16 21:55:08,139 [277b5c5e-8c6f-4c9a-a53f-1bbc96404e12@group-569FAC3F8BCE-LeaderElection102] INFO  impl.RoleInfo (RoleInfo.java:updateAndGet(143)) - 277b5c5e-8c6f-4c9a-a53f-1bbc96404e12: start FollowerState
2019-10-16 21:55:08,225 [Thread-868] INFO  impl.FollowerState (FollowerState.java:run(108)) - 277b5c5e-8c6f-4c9a-a53f-1bbc96404e12@group-569FAC3F8BCE-FollowerState: change to CANDIDATE, lastRpcTime:86ms, electionTimeout:86ms
2019-10-16 21:55:08,226 [Thread-868] INFO  impl.RoleInfo (RoleInfo.java:shutdownFollowerState(121)) - 277b5c5e-8c6f-4c9a-a53f-1bbc96404e12: shutdown FollowerState
2019-10-16 21:55:08,226 [Thread-868] INFO  impl.RaftServerImpl (RaftServerImpl.java:setRole(184)) - 277b5c5e-8c6f-4c9a-a53f-1bbc96404e12@group-569FAC3F8BCE: changes role from  FOLLOWER to CANDIDATE at term 92 for changeToCandidate
2019-10-16 21:55:08,226 [Thread-868] INFO  impl.RoleInfo (RoleInfo.java:updateAndGet(143)) - 277b5c5e-8c6f-4c9a-a53f-1bbc96404e12: start LeaderElection
2019-10-16 21:55:08,238 [277b5c5e-8c6f-4c9a-a53f-1bbc96404e12@group-569FAC3F8BCE-LeaderElection103] INFO  impl.LeaderElection (LeaderElection.java:askForVotes(178)) - 277b5c5e-8c6f-4c9a-a53f-1bbc96404e12@group-569FAC3F8BCE-LeaderElection103: begin an election at term 93 for -1: [a32408a4-f19d-4bad-97c5-ba33ae94fc9a:192.168.157.254:38721, 6b24a2ab-97ee-4d49-85cc-2d76c2f4b8ef:192.168.157.254:41080, 277b5c5e-8c6f-4c9a-a53f-1bbc96404e12:192.168.157.254:41416], old=null
2019-10-16 21:55:08,241 [grpc-default-executor-1] INFO  impl.RaftServerImpl (RaftServerImpl.java:setRole(184)) - a32408a4-f19d-4bad-97c5-ba33ae94fc9a@group-569FAC3F8BCE: changes role from  FOLLOWER to FOLLOWER at term 93 for recognizeCandidate:277b5c5e-8c6f-4c9a-a53f-1bbc96404e12
2019-10-16 21:55:08,241 [grpc-default-executor-0] INFO  impl.RaftServerImpl (RaftServerImpl.java:setRole(184)) - 6b24a2ab-97ee-4d49-85cc-2d76c2f4b8ef@group-569FAC3F8BCE: changes role from  FOLLOWER to FOLLOWER at term 93 for recognizeCandidate:277b5c5e-8c6f-4c9a-a53f-1bbc96404e12
2019-10-16 21:55:08,241 [grpc-default-executor-1] INFO  impl.RoleInfo (RoleInfo.java:shutdownFollowerState(121)) - a32408a4-f19d-4bad-97c5-ba33ae94fc9a: shutdown FollowerState
2019-10-16 21:55:08,241 [grpc-default-executor-0] INFO  impl.RoleInfo (RoleInfo.java:shutdownFollowerState(121)) - 6b24a2ab-97ee-4d49-85cc-2d76c2f4b8ef: shutdown FollowerState
2019-10-16 21:55:08,242 [Thread-867] INFO  impl.FollowerState (FollowerState.java:run(117)) - a32408a4-f19d-4bad-97c5-ba33ae94fc9a@group-569FAC3F8BCE-FollowerState was interrupted: java.lang.InterruptedException: sleep interrupted
2019-10-16 21:55:08,242 [grpc-default-executor-1] INFO  impl.RoleInfo (RoleInfo.java:updateAndGet(143)) - a32408a4-f19d-4bad-97c5-ba33ae94fc9a: start FollowerState
2019-10-16 21:55:08,242 [Thread-866] INFO  impl.FollowerState (FollowerState.java:run(117)) - 6b24a2ab-97ee-4d49-85cc-2d76c2f4b8ef@group-569FAC3F8BCE-FollowerState was interrupted: java.lang.InterruptedException: sleep interrupted
2019-10-16 21:55:08,242 [grpc-default-executor-0] INFO  impl.RoleInfo (RoleInfo.java:updateAndGet(143)) - 6b24a2ab-97ee-4d49-85cc-2d76c2f4b8ef: start FollowerState
2019-10-16 21:55:08,273 [277b5c5e-8c6f-4c9a-a53f-1bbc96404e12@group-569FAC3F8BCE-LeaderElection103] INFO  impl.LeaderElection (LeaderElection.java:logAndReturn(56)) - 277b5c5e-8c6f-4c9a-a53f-1bbc96404e12@group-569FAC3F8BCE-LeaderElection103: Election REJECTED; received 2 response(s) [277b5c5e-8c6f-4c9a-a53f-1bbc96404e12<-a32408a4-f19d-4bad-97c5-ba33ae94fc9a#0:FAIL-t93, 277b5c5e-8c6f-4c9a-a53f-1bbc96404e12<-6b24a2ab-97ee-4d49-85cc-2d76c2f4b8ef#0:FAIL-t93] and 0 exception(s); 277b5c5e-8c6f-4c9a-a53f-1bbc96404e12@group-569FAC3F8BCE:t93, leader=null, voted=277b5c5e-8c6f-4c9a-a53f-1bbc96404e12, raftlog=277b5c5e-8c6f-4c9a-a53f-1bbc96404e12@group-569FAC3F8BCE-SegmentedRaftLog:OPENED:c-1,f-1,i0, conf=-1: [a32408a4-f19d-4bad-97c5-ba33ae94fc9a:192.168.157.254:38721, 6b24a2ab-97ee-4d49-85cc-2d76c2f4b8ef:192.168.157.254:41080, 277b5c5e-8c6f-4c9a-a53f-1bbc96404e12:192.168.157.254:41416], old=null
2019-10-16 21:55:08,273 [277b5c5e-8c6f-4c9a-a53f-1bbc96404e12@group-569FAC3F8BCE-LeaderElection103] INFO  impl.RaftServerImpl (RaftServerImpl.java:setRole(184)) - 277b5c5e-8c6f-4c9a-a53f-1bbc96404e12@group-569FAC3F8BCE: changes role from CANDIDATE to FOLLOWER at term 93 for DISCOVERED_A_NEW_TERM
2019-10-16 21:55:08,273 [277b5c5e-8c6f-4c9a-a53f-1bbc96404e12@group-569FAC3F8BCE-LeaderElection103] INFO  impl.RoleInfo (RoleInfo.java:shutdownLeaderElection(134)) - 277b5c5e-8c6f-4c9a-a53f-1bbc96404e12: shutdown LeaderElection
2019-10-16 21:55:08,273 [277b5c5e-8c6f-4c9a-a53f-1bbc96404e12@group-569FAC3F8BCE-LeaderElection103] INFO  impl.RoleInfo (RoleInfo.java:updateAndGet(143)) - 277b5c5e-8c6f-4c9a-a53f-1bbc96404e12: start FollowerState
2019-10-16 21:55:08,356 [Thread-874] INFO  impl.FollowerState (FollowerState.java:run(108)) - 277b5c5e-8c6f-4c9a-a53f-1bbc96404e12@group-569FAC3F8BCE-FollowerState: change to CANDIDATE, lastRpcTime:82ms, electionTimeout:82ms
2019-10-16 21:55:08,356 [Thread-874] INFO  impl.RoleInfo (RoleInfo.java:shutdownFollowerState(121)) - 277b5c5e-8c6f-4c9a-a53f-1bbc96404e12: shutdown FollowerState
2019-10-16 21:55:08,356 [Thread-874] INFO  impl.RaftServerImpl (RaftServerImpl.java:setRole(184)) - 277b5c5e-8c6f-4c9a-a53f-1bbc96404e12@group-569FAC3F8BCE: changes role from  FOLLOWER to CANDIDATE at term 93 for changeToCandidate
2019-10-16 21:55:08,356 [Thread-874] INFO  impl.RoleInfo (RoleInfo.java:updateAndGet(143)) - 277b5c5e-8c6f-4c9a-a53f-1bbc96404e12: start LeaderElection
2019-10-16 21:55:08,370 [277b5c5e-8c6f-4c9a-a53f-1bbc96404e12@group-569FAC3F8BCE-LeaderElection104] INFO  impl.LeaderElection (LeaderElection.java:askForVotes(178)) - 277b5c5e-8c6f-4c9a-a53f-1bbc96404e12@group-569FAC3F8BCE-LeaderElection104: begin an election at term 94 for -1: [a32408a4-f19d-4bad-97c5-ba33ae94fc9a:192.168.157.254:38721, 6b24a2ab-97ee-4d49-85cc-2d76c2f4b8ef:192.168.157.254:41080, 277b5c5e-8c6f-4c9a-a53f-1bbc96404e12:192.168.157.254:41416], old=null
2019-10-16 21:55:08,373 [grpc-default-executor-1] INFO  impl.RaftServerImpl (RaftServerImpl.java:setRole(184)) - a32408a4-f19d-4bad-97c5-ba33ae94fc9a@group-569FAC3F8BCE: changes role from  FOLLOWER to FOLLOWER at term 94 for recognizeCandidate:277b5c5e-8c6f-4c9a-a53f-1bbc96404e12
2019-10-16 21:55:08,373 [grpc-default-executor-1] INFO  impl.RoleInfo (RoleInfo.java:shutdownFollowerState(121)) - a32408a4-f19d-4bad-97c5-ba33ae94fc9a: shutdown FollowerState
2019-10-16 21:55:08,373 [grpc-default-executor-0] INFO  impl.RaftServerImpl (RaftServerImpl.java:setRole(184)) - 6b24a2ab-97ee-4d49-85cc-2d76c2f4b8ef@group-569FAC3F8BCE: changes role from  FOLLOWER to FOLLOWER at term 94 for recognizeCandidate:277b5c5e-8c6f-4c9a-a53f-1bbc96404e12
2019-10-16 21:55:08,373 [Thread-872] INFO  impl.FollowerState (FollowerState.java:run(117)) - a32408a4-f19d-4bad-97c5-ba33ae94fc9a@group-569FAC3F8BCE-FollowerState was interrupted: java.lang.InterruptedException: sleep interrupted
2019-10-16 21:55:08,373 [grpc-default-executor-1] INFO  impl.RoleInfo (RoleInfo.java:updateAndGet(143)) - a32408a4-f19d-4bad-97c5-ba33ae94fc9a: start FollowerState
2019-10-16 21:55:08,373 [grpc-default-executor-0] INFO  impl.RoleInfo (RoleInfo.java:shutdownFollowerState(121)) - 6b24a2ab-97ee-4d49-85cc-2d76c2f4b8ef: shutdown FollowerState
2019-10-16 21:55:08,374 [grpc-default-executor-0] INFO  impl.RoleInfo (RoleInfo.java:updateAndGet(143)) - 6b24a2ab-97ee-4d49-85cc-2d76c2f4b8ef: start FollowerState
2019-10-16 21:55:08,374 [Thread-873] INFO  impl.FollowerState (FollowerState.java:run(117)) - 6b24a2ab-97ee-4d49-85cc-2d76c2f4b8ef@group-569FAC3F8BCE-FollowerState was interrupted: java.lang.InterruptedException: sleep interrupted
2019-10-16 21:55:08,401 [277b5c5e-8c6f-4c9a-a53f-1bbc96404e12@group-569FAC3F8BCE-LeaderElection104] INFO  impl.LeaderElection (LeaderElection.java:logAndReturn(56)) - 277b5c5e-8c6f-4c9a-a53f-1bbc96404e12@group-569FAC3F8BCE-LeaderElection104: Election REJECTED; received 2 response(s) [277b5c5e-8c6f-4c9a-a53f-1bbc96404e12<-6b24a2ab-97ee-4d49-85cc-2d76c2f4b8ef#0:FAIL-t94, 277b5c5e-8c6f-4c9a-a53f-1bbc96404e12<-a32408a4-f19d-4bad-97c5-ba33ae94fc9a#0:FAIL-t94] and 0 exception(s); 277b5c5e-8c6f-4c9a-a53f-1bbc96404e12@group-569FAC3F8BCE:t94, leader=null, voted=277b5c5e-8c6f-4c9a-a53f-1bbc96404e12, raftlog=277b5c5e-8c6f-4c9a-a53f-1bbc96404e12@group-569FAC3F8BCE-SegmentedRaftLog:OPENED:c-1,f-1,i0, conf=-1: [a32408a4-f19d-4bad-97c5-ba33ae94fc9a:192.168.157.254:38721, 6b24a2ab-97ee-4d49-85cc-2d76c2f4b8ef:192.168.157.254:41080, 277b5c5e-8c6f-4c9a-a53f-1bbc96404e12:192.168.157.254:41416], old=null
2019-10-16 21:55:08,401 [277b5c5e-8c6f-4c9a-a53f-1bbc96404e12@group-569FAC3F8BCE-LeaderElection104] INFO  impl.RaftServerImpl (RaftServerImpl.java:setRole(184)) - 277b5c5e-8c6f-4c9a-a53f-1bbc96404e12@group-569FAC3F8BCE: changes role from CANDIDATE to FOLLOWER at term 94 for DISCOVERED_A_NEW_TERM
2019-10-16 21:55:08,401 [277b5c5e-8c6f-4c9a-a53f-1bbc96404e12@group-569FAC3F8BCE-LeaderElection104] INFO  impl.RoleInfo (RoleInfo.java:shutdownLeaderElection(134)) - 277b5c5e-8c6f-4c9a-a53f-1bbc96404e12: shutdown LeaderElection
2019-10-16 21:55:08,401 [277b5c5e-8c6f-4c9a-a53f-1bbc96404e12@group-569FAC3F8BCE-LeaderElection104] INFO  impl.RoleInfo (RoleInfo.java:updateAndGet(143)) - 277b5c5e-8c6f-4c9a-a53f-1bbc96404e12: start FollowerState
2019-10-16 21:55:08,510 [Thread-880] INFO  impl.FollowerState (FollowerState.java:run(108)) - 277b5c5e-8c6f-4c9a-a53f-1bbc96404e12@group-569FAC3F8BCE-FollowerState: change to CANDIDATE, lastRpcTime:108ms, electionTimeout:108ms
2019-10-16 21:55:08,510 [Thread-880] INFO  impl.RoleInfo (RoleInfo.java:shutdownFollowerState(121)) - 277b5c5e-8c6f-4c9a-a53f-1bbc96404e12: shutdown FollowerState
2019-10-16 21:55:08,510 [Thread-880] INFO  impl.RaftServerImpl (RaftServerImpl.java:setRole(184)) - 277b5c5e-8c6f-4c9a-a53f-1bbc96404e12@group-569FAC3F8BCE: changes role from  FOLLOWER to CANDIDATE at term 94 for changeToCandidate
2019-10-16 21:55:08,510 [Thread-880] INFO  impl.RoleInfo (RoleInfo.java:updateAndGet(143)) - 277b5c5e-8c6f-4c9a-a53f-1bbc96404e12: start LeaderElection
2019-10-16 21:55:08,526 [277b5c5e-8c6f-4c9a-a53f-1bbc96404e12@group-569FAC3F8BCE-LeaderElection105] INFO  impl.LeaderElection (LeaderElection.java:askForVotes(178)) - 277b5c5e-8c6f-4c9a-a53f-1bbc96404e12@group-569FAC3F8BCE-LeaderElection105: begin an election at term 95 for -1: [a32408a4-f19d-4bad-97c5-ba33ae94fc9a:192.168.157.254:38721, 6b24a2ab-97ee-4d49-85cc-2d76c2f4b8ef:192.168.157.254:41080, 277b5c5e-8c6f-4c9a-a53f-1bbc96404e12:192.168.157.254:41416], old=null
2019-10-16 21:55:08,529 [grpc-default-executor-0] INFO  impl.RaftServerImpl (RaftServerImpl.java:setRole(184)) - a32408a4-f19d-4bad-97c5-ba33ae94fc9a@group-569FAC3F8BCE: changes role from  FOLLOWER to FOLLOWER at term 95 for recognizeCandidate:277b5c5e-8c6f-4c9a-a53f-1bbc96404e12
2019-10-16 21:55:08,529 [grpc-default-executor-0] INFO  impl.RoleInfo (RoleInfo.java:shutdownFollowerState(121)) - a32408a4-f19d-4bad-97c5-ba33ae94fc9a: shutdown FollowerState
2019-10-16 21:55:08,529 [grpc-default-executor-0] INFO  impl.RoleInfo (RoleInfo.java:updateAndGet(143)) - a32408a4-f19d-4bad-97c5-ba33ae94fc9a: start FollowerState
2019-10-16 21:55:08,529 [Thread-878] INFO  impl.FollowerState (FollowerState.java:run(117)) - a32408a4-f19d-4bad-97c5-ba33ae94fc9a@group-569FAC3F8BCE-FollowerState was interrupted: java.lang.InterruptedException: sleep interrupted
2019-10-16 21:55:08,530 [grpc-default-executor-1] INFO  impl.RaftServerImpl (RaftServerImpl.java:setRole(184)) - 6b24a2ab-97ee-4d49-85cc-2d76c2f4b8ef@group-569FAC3F8BCE: changes role from  FOLLOWER to FOLLOWER at term 95 for recognizeCandidate:277b5c5e-8c6f-4c9a-a53f-1bbc96404e12
2019-10-16 21:55:08,530 [grpc-default-executor-1] INFO  impl.RoleInfo (RoleInfo.java:shutdownFollowerState(121)) - 6b24a2ab-97ee-4d49-85cc-2d76c2f4b8ef: shutdown FollowerState
2019-10-16 21:55:08,530 [grpc-default-executor-1] INFO  impl.RoleInfo (RoleInfo.java:updateAndGet(143)) - 6b24a2ab-97ee-4d49-85cc-2d76c2f4b8ef: start FollowerState
2019-10-16 21:55:08,530 [Thread-879] INFO  impl.FollowerState (FollowerState.java:run(117)) - 6b24a2ab-97ee-4d49-85cc-2d76c2f4b8ef@group-569FAC3F8BCE-FollowerState was interrupted: java.lang.InterruptedException: sleep interrupted
2019-10-16 21:55:08,549 [277b5c5e-8c6f-4c9a-a53f-1bbc96404e12@group-569FAC3F8BCE-LeaderElection105] INFO  impl.LeaderElection (LeaderElection.java:logAndReturn(56)) - 277b5c5e-8c6f-4c9a-a53f-1bbc96404e12@group-569FAC3F8BCE-LeaderElection105: Election REJECTED; received 2 response(s) [277b5c5e-8c6f-4c9a-a53f-1bbc96404e12<-a32408a4-f19d-4bad-97c5-ba33ae94fc9a#0:FAIL-t95, 277b5c5e-8c6f-4c9a-a53f-1bbc96404e12<-6b24a2ab-97ee-4d49-85cc-2d76c2f4b8ef#0:FAIL-t95] and 0 exception(s); 277b5c5e-8c6f-4c9a-a53f-1bbc96404e12@group-569FAC3F8BCE:t95, leader=null, voted=277b5c5e-8c6f-4c9a-a53f-1bbc96404e12, raftlog=277b5c5e-8c6f-4c9a-a53f-1bbc96404e12@group-569FAC3F8BCE-SegmentedRaftLog:OPENED:c-1,f-1,i0, conf=-1: [a32408a4-f19d-4bad-97c5-ba33ae94fc9a:192.168.157.254:38721, 6b24a2ab-97ee-4d49-85cc-2d76c2f4b8ef:192.168.157.254:41080, 277b5c5e-8c6f-4c9a-a53f-1bbc96404e12:192.168.157.254:41416], old=null
2019-10-16 21:55:08,550 [277b5c5e-8c6f-4c9a-a53f-1bbc96404e12@group-569FAC3F8BCE-LeaderElection105] INFO  impl.RaftServerImpl (RaftServerImpl.java:setRole(184)) - 277b5c5e-8c6f-4c9a-a53f-1bbc96404e12@group-569FAC3F8BCE: changes role from CANDIDATE to FOLLOWER at term 95 for DISCOVERED_A_NEW_TERM
2019-10-16 21:55:08,550 [277b5c5e-8c6f-4c9a-a53f-1bbc96404e12@group-569FAC3F8BCE-LeaderElection105] INFO  impl.RoleInfo (RoleInfo.java:shutdownLeaderElection(134)) - 277b5c5e-8c6f-4c9a-a53f-1bbc96404e12: shutdown LeaderElection
2019-10-16 21:55:08,550 [277b5c5e-8c6f-4c9a-a53f-1bbc96404e12@group-569FAC3F8BCE-LeaderElection105] INFO  impl.RoleInfo (RoleInfo.java:updateAndGet(143)) - 277b5c5e-8c6f-4c9a-a53f-1bbc96404e12: start FollowerState
2019-10-16 21:55:08,563 [Thread-0] INFO  ozone.MiniOzoneClusterImpl (MiniOzoneClusterImpl.java:lambda$waitForClusterToBeReady$2(164)) - Waiting for 1 number of pipelines out of 4, to report a leader.
2019-10-16 21:55:08,669 [Thread-886] INFO  impl.FollowerState (FollowerState.java:run(108)) - 277b5c5e-8c6f-4c9a-a53f-1bbc96404e12@group-569FAC3F8BCE-FollowerState: change to CANDIDATE, lastRpcTime:119ms, electionTimeout:119ms
2019-10-16 21:55:08,670 [Thread-886] INFO  impl.RoleInfo (RoleInfo.java:shutdownFollowerState(121)) - 277b5c5e-8c6f-4c9a-a53f-1bbc96404e12: shutdown FollowerState
2019-10-16 21:55:08,670 [Thread-886] INFO  impl.RaftServerImpl (RaftServerImpl.java:setRole(184)) - 277b5c5e-8c6f-4c9a-a53f-1bbc96404e12@group-569FAC3F8BCE: changes role from  FOLLOWER to CANDIDATE at term 95 for changeToCandidate
2019-10-16 21:55:08,670 [Thread-886] INFO  impl.RoleInfo (RoleInfo.java:updateAndGet(143)) - 277b5c5e-8c6f-4c9a-a53f-1bbc96404e12: start LeaderElection
2019-10-16 21:55:08,683 [277b5c5e-8c6f-4c9a-a53f-1bbc96404e12@group-569FAC3F8BCE-LeaderElection106] INFO  impl.LeaderElection (LeaderElection.java:askForVotes(178)) - 277b5c5e-8c6f-4c9a-a53f-1bbc96404e12@group-569FAC3F8BCE-LeaderElection106: begin an election at term 96 for -1: [a32408a4-f19d-4bad-97c5-ba33ae94fc9a:192.168.157.254:38721, 6b24a2ab-97ee-4d49-85cc-2d76c2f4b8ef:192.168.157.254:41080, 277b5c5e-8c6f-4c9a-a53f-1bbc96404e12:192.168.157.254:41416], old=null
2019-10-16 21:55:08,685 [grpc-default-executor-1] INFO  impl.RaftServerImpl (RaftServerImpl.java:setRole(184)) - 6b24a2ab-97ee-4d49-85cc-2d76c2f4b8ef@group-569FAC3F8BCE: changes role from  FOLLOWER to FOLLOWER at term 96 for recognizeCandidate:277b5c5e-8c6f-4c9a-a53f-1bbc96404e12
2019-10-16 21:55:08,685 [grpc-default-executor-1] INFO  impl.RoleInfo (RoleInfo.java:shutdownFollowerState(121)) - 6b24a2ab-97ee-4d49-85cc-2d76c2f4b8ef: shutdown FollowerState
2019-10-16 21:55:08,686 [grpc-default-executor-1] INFO  impl.RoleInfo (RoleInfo.java:updateAndGet(143)) - 6b24a2ab-97ee-4d49-85cc-2d76c2f4b8ef: start FollowerState
2019-10-16 21:55:08,686 [Thread-885] INFO  impl.FollowerState (FollowerState.java:run(117)) - 6b24a2ab-97ee-4d49-85cc-2d76c2f4b8ef@group-569FAC3F8BCE-FollowerState was interrupted: java.lang.InterruptedException: sleep interrupted
2019-10-16 21:55:08,686 [grpc-default-executor-0] INFO  impl.RaftServerImpl (RaftServerImpl.java:setRole(184)) - a32408a4-f19d-4bad-97c5-ba33ae94fc9a@group-569FAC3F8BCE: changes role from  FOLLOWER to FOLLOWER at term 96 for recognizeCandidate:277b5c5e-8c6f-4c9a-a53f-1bbc96404e12
2019-10-16 21:55:08,686 [grpc-default-executor-0] INFO  impl.RoleInfo (RoleInfo.java:shutdownFollowerState(121)) - a32408a4-f19d-4bad-97c5-ba33ae94fc9a: shutdown FollowerState
2019-10-16 21:55:08,686 [grpc-default-executor-0] INFO  impl.RoleInfo (RoleInfo.java:updateAndGet(143)) - a32408a4-f19d-4bad-97c5-ba33ae94fc9a: start FollowerState
2019-10-16 21:55:08,686 [Thread-884] INFO  impl.FollowerState (FollowerState.java:run(117)) - a32408a4-f19d-4bad-97c5-ba33ae94fc9a@group-569FAC3F8BCE-FollowerState was interrupted: java.lang.InterruptedException: sleep interrupted
2019-10-16 21:55:08,699 [277b5c5e-8c6f-4c9a-a53f-1bbc96404e12@group-569FAC3F8BCE-LeaderElection106] INFO  impl.LeaderElection (LeaderElection.java:logAndReturn(56)) - 277b5c5e-8c6f-4c9a-a53f-1bbc96404e12@group-569FAC3F8BCE-LeaderElection106: Election REJECTED; received 2 response(s) [277b5c5e-8c6f-4c9a-a53f-1bbc96404e12<-6b24a2ab-97ee-4d49-85cc-2d76c2f4b8ef#0:FAIL-t96, 277b5c5e-8c6f-4c9a-a53f-1bbc96404e12<-a32408a4-f19d-4bad-97c5-ba33ae94fc9a#0:FAIL-t96] and 0 exception(s); 277b5c5e-8c6f-4c9a-a53f-1bbc96404e12@group-569FAC3F8BCE:t96, leader=null, voted=277b5c5e-8c6f-4c9a-a53f-1bbc96404e12, raftlog=277b5c5e-8c6f-4c9a-a53f-1bbc96404e12@group-569FAC3F8BCE-SegmentedRaftLog:OPENED:c-1,f-1,i0, conf=-1: [a32408a4-f19d-4bad-97c5-ba33ae94fc9a:192.168.157.254:38721, 6b24a2ab-97ee-4d49-85cc-2d76c2f4b8ef:192.168.157.254:41080, 277b5c5e-8c6f-4c9a-a53f-1bbc96404e12:192.168.157.254:41416], old=null
2019-10-16 21:55:08,699 [277b5c5e-8c6f-4c9a-a53f-1bbc96404e12@group-569FAC3F8BCE-LeaderElection106] INFO  impl.RaftServerImpl (RaftServerImpl.java:setRole(184)) - 277b5c5e-8c6f-4c9a-a53f-1bbc96404e12@group-569FAC3F8BCE: changes role from CANDIDATE to FOLLOWER at term 96 for DISCOVERED_A_NEW_TERM
2019-10-16 21:55:08,699 [277b5c5e-8c6f-4c9a-a53f-1bbc96404e12@group-569FAC3F8BCE-LeaderElection106] INFO  impl.RoleInfo (RoleInfo.java:shutdownLeaderElection(134)) - 277b5c5e-8c6f-4c9a-a53f-1bbc96404e12: shutdown LeaderElection
2019-10-16 21:55:08,699 [277b5c5e-8c6f-4c9a-a53f-1bbc96404e12@group-569FAC3F8BCE-LeaderElection106] INFO  impl.RoleInfo (RoleInfo.java:updateAndGet(143)) - 277b5c5e-8c6f-4c9a-a53f-1bbc96404e12: start FollowerState
2019-10-16 21:55:08,891 [Thread-892] INFO  impl.FollowerState (FollowerState.java:run(108)) - 277b5c5e-8c6f-4c9a-a53f-1bbc96404e12@group-569FAC3F8BCE-FollowerState: change to CANDIDATE, lastRpcTime:191ms, electionTimeout:191ms
2019-10-16 21:55:08,891 [Thread-892] INFO  impl.RoleInfo (RoleInfo.java:shutdownFollowerState(121)) - 277b5c5e-8c6f-4c9a-a53f-1bbc96404e12: shutdown FollowerState
2019-10-16 21:55:08,891 [Thread-892] INFO  impl.RaftServerImpl (RaftServerImpl.java:setRole(184)) - 277b5c5e-8c6f-4c9a-a53f-1bbc96404e12@group-569FAC3F8BCE: changes role from  FOLLOWER to CANDIDATE at term 96 for changeToCandidate
2019-10-16 21:55:08,891 [Thread-892] INFO  impl.RoleInfo (RoleInfo.java:updateAndGet(143)) - 277b5c5e-8c6f-4c9a-a53f-1bbc96404e12: start LeaderElection
2019-10-16 21:55:08,906 [277b5c5e-8c6f-4c9a-a53f-1bbc96404e12@group-569FAC3F8BCE-LeaderElection107] INFO  impl.LeaderElection (LeaderElection.java:askForVotes(178)) - 277b5c5e-8c6f-4c9a-a53f-1bbc96404e12@group-569FAC3F8BCE-LeaderElection107: begin an election at term 97 for -1: [a32408a4-f19d-4bad-97c5-ba33ae94fc9a:192.168.157.254:38721, 6b24a2ab-97ee-4d49-85cc-2d76c2f4b8ef:192.168.157.254:41080, 277b5c5e-8c6f-4c9a-a53f-1bbc96404e12:192.168.157.254:41416], old=null
2019-10-16 21:55:08,910 [grpc-default-executor-1] INFO  impl.RaftServerImpl (RaftServerImpl.java:setRole(184)) - a32408a4-f19d-4bad-97c5-ba33ae94fc9a@group-569FAC3F8BCE: changes role from  FOLLOWER to FOLLOWER at term 97 for recognizeCandidate:277b5c5e-8c6f-4c9a-a53f-1bbc96404e12
2019-10-16 21:55:08,910 [grpc-default-executor-1] INFO  impl.RoleInfo (RoleInfo.java:shutdownFollowerState(121)) - a32408a4-f19d-4bad-97c5-ba33ae94fc9a: shutdown FollowerState
2019-10-16 21:55:08,910 [grpc-default-executor-0] INFO  impl.RaftServerImpl (RaftServerImpl.java:setRole(184)) - 6b24a2ab-97ee-4d49-85cc-2d76c2f4b8ef@group-569FAC3F8BCE: changes role from  FOLLOWER to FOLLOWER at term 97 for recognizeCandidate:277b5c5e-8c6f-4c9a-a53f-1bbc96404e12
2019-10-16 21:55:08,910 [Thread-891] INFO  impl.FollowerState (FollowerState.java:run(117)) - a32408a4-f19d-4bad-97c5-ba33ae94fc9a@group-569FAC3F8BCE-FollowerState was interrupted: java.lang.InterruptedException: sleep interrupted
2019-10-16 21:55:08,910 [grpc-default-executor-1] INFO  impl.RoleInfo (RoleInfo.java:updateAndGet(143)) - a32408a4-f19d-4bad-97c5-ba33ae94fc9a: start FollowerState
2019-10-16 21:55:08,910 [grpc-default-executor-0] INFO  impl.RoleInfo (RoleInfo.java:shutdownFollowerState(121)) - 6b24a2ab-97ee-4d49-85cc-2d76c2f4b8ef: shutdown FollowerState
2019-10-16 21:55:08,911 [grpc-default-executor-0] INFO  impl.RoleInfo (RoleInfo.java:updateAndGet(143)) - 6b24a2ab-97ee-4d49-85cc-2d76c2f4b8ef: start FollowerState
2019-10-16 21:55:08,911 [Thread-890] INFO  impl.FollowerState (FollowerState.java:run(117)) - 6b24a2ab-97ee-4d49-85cc-2d76c2f4b8ef@group-569FAC3F8BCE-FollowerState was interrupted: java.lang.InterruptedException: sleep interrupted
2019-10-16 21:55:08,923 [277b5c5e-8c6f-4c9a-a53f-1bbc96404e12@group-569FAC3F8BCE-LeaderElection107] INFO  impl.LeaderElection (LeaderElection.java:logAndReturn(56)) - 277b5c5e-8c6f-4c9a-a53f-1bbc96404e12@group-569FAC3F8BCE-LeaderElection107: Election REJECTED; received 2 response(s) [277b5c5e-8c6f-4c9a-a53f-1bbc96404e12<-a32408a4-f19d-4bad-97c5-ba33ae94fc9a#0:FAIL-t97, 277b5c5e-8c6f-4c9a-a53f-1bbc96404e12<-6b24a2ab-97ee-4d49-85cc-2d76c2f4b8ef#0:FAIL-t97] and 0 exception(s); 277b5c5e-8c6f-4c9a-a53f-1bbc96404e12@group-569FAC3F8BCE:t97, leader=null, voted=277b5c5e-8c6f-4c9a-a53f-1bbc96404e12, raftlog=277b5c5e-8c6f-4c9a-a53f-1bbc96404e12@group-569FAC3F8BCE-SegmentedRaftLog:OPENED:c-1,f-1,i0, conf=-1: [a32408a4-f19d-4bad-97c5-ba33ae94fc9a:192.168.157.254:38721, 6b24a2ab-97ee-4d49-85cc-2d76c2f4b8ef:192.168.157.254:41080, 277b5c5e-8c6f-4c9a-a53f-1bbc96404e12:192.168.157.254:41416], old=null
2019-10-16 21:55:08,924 [277b5c5e-8c6f-4c9a-a53f-1bbc96404e12@group-569FAC3F8BCE-LeaderElection107] INFO  impl.RaftServerImpl (RaftServerImpl.java:setRole(184)) - 277b5c5e-8c6f-4c9a-a53f-1bbc96404e12@group-569FAC3F8BCE: changes role from CANDIDATE to FOLLOWER at term 97 for DISCOVERED_A_NEW_TERM
2019-10-16 21:55:08,924 [277b5c5e-8c6f-4c9a-a53f-1bbc96404e12@group-569FAC3F8BCE-LeaderElection107] INFO  impl.RoleInfo (RoleInfo.java:shutdownLeaderElection(134)) - 277b5c5e-8c6f-4c9a-a53f-1bbc96404e12: shutdown LeaderElection
2019-10-16 21:55:08,924 [277b5c5e-8c6f-4c9a-a53f-1bbc96404e12@group-569FAC3F8BCE-LeaderElection107] INFO  impl.RoleInfo (RoleInfo.java:updateAndGet(143)) - 277b5c5e-8c6f-4c9a-a53f-1bbc96404e12: start FollowerState
2019-10-16 21:55:09,077 [Thread-898] INFO  impl.FollowerState (FollowerState.java:run(108)) - 277b5c5e-8c6f-4c9a-a53f-1bbc96404e12@group-569FAC3F8BCE-FollowerState: change to CANDIDATE, lastRpcTime:153ms, electionTimeout:153ms
2019-10-16 21:55:09,078 [Thread-898] INFO  impl.RoleInfo (RoleInfo.java:shutdownFollowerState(121)) - 277b5c5e-8c6f-4c9a-a53f-1bbc96404e12: shutdown FollowerState
2019-10-16 21:55:09,078 [Thread-898] INFO  impl.RaftServerImpl (RaftServerImpl.java:setRole(184)) - 277b5c5e-8c6f-4c9a-a53f-1bbc96404e12@group-569FAC3F8BCE: changes role from  FOLLOWER to CANDIDATE at term 97 for changeToCandidate
2019-10-16 21:55:09,078 [Thread-898] INFO  impl.RoleInfo (RoleInfo.java:updateAndGet(143)) - 277b5c5e-8c6f-4c9a-a53f-1bbc96404e12: start LeaderElection
2019-10-16 21:55:09,092 [277b5c5e-8c6f-4c9a-a53f-1bbc96404e12@group-569FAC3F8BCE-LeaderElection108] INFO  impl.LeaderElection (LeaderElection.java:askForVotes(178)) - 277b5c5e-8c6f-4c9a-a53f-1bbc96404e12@group-569FAC3F8BCE-LeaderElection108: begin an election at term 98 for -1: [a32408a4-f19d-4bad-97c5-ba33ae94fc9a:192.168.157.254:38721, 6b24a2ab-97ee-4d49-85cc-2d76c2f4b8ef:192.168.157.254:41080, 277b5c5e-8c6f-4c9a-a53f-1bbc96404e12:192.168.157.254:41416], old=null
2019-10-16 21:55:09,095 [grpc-default-executor-1] INFO  impl.RaftServerImpl (RaftServerImpl.java:setRole(184)) - 6b24a2ab-97ee-4d49-85cc-2d76c2f4b8ef@group-569FAC3F8BCE: changes role from  FOLLOWER to FOLLOWER at term 98 for recognizeCandidate:277b5c5e-8c6f-4c9a-a53f-1bbc96404e12
2019-10-16 21:55:09,095 [grpc-default-executor-0] INFO  impl.RaftServerImpl (RaftServerImpl.java:setRole(184)) - a32408a4-f19d-4bad-97c5-ba33ae94fc9a@group-569FAC3F8BCE: changes role from  FOLLOWER to FOLLOWER at term 98 for recognizeCandidate:277b5c5e-8c6f-4c9a-a53f-1bbc96404e12
2019-10-16 21:55:09,095 [grpc-default-executor-1] INFO  impl.RoleInfo (RoleInfo.java:shutdownFollowerState(121)) - 6b24a2ab-97ee-4d49-85cc-2d76c2f4b8ef: shutdown FollowerState
2019-10-16 21:55:09,095 [grpc-default-executor-0] INFO  impl.RoleInfo (RoleInfo.java:shutdownFollowerState(121)) - a32408a4-f19d-4bad-97c5-ba33ae94fc9a: shutdown FollowerState
2019-10-16 21:55:09,095 [Thread-897] INFO  impl.FollowerState (FollowerState.java:run(117)) - 6b24a2ab-97ee-4d49-85cc-2d76c2f4b8ef@group-569FAC3F8BCE-FollowerState was interrupted: java.lang.InterruptedException: sleep interrupted
2019-10-16 21:55:09,095 [Thread-896] INFO  impl.FollowerState (FollowerState.java:run(117)) - a32408a4-f19d-4bad-97c5-ba33ae94fc9a@group-569FAC3F8BCE-FollowerState was interrupted: java.lang.InterruptedException: sleep interrupted
2019-10-16 21:55:09,095 [grpc-default-executor-0] INFO  impl.RoleInfo (RoleInfo.java:updateAndGet(143)) - a32408a4-f19d-4bad-97c5-ba33ae94fc9a: start FollowerState
2019-10-16 21:55:09,095 [grpc-default-executor-1] INFO  impl.RoleInfo (RoleInfo.java:updateAndGet(143)) - 6b24a2ab-97ee-4d49-85cc-2d76c2f4b8ef: start FollowerState
2019-10-16 21:55:09,110 [277b5c5e-8c6f-4c9a-a53f-1bbc96404e12@group-569FAC3F8BCE-LeaderElection108] INFO  impl.LeaderElection (LeaderElection.java:logAndReturn(56)) - 277b5c5e-8c6f-4c9a-a53f-1bbc96404e12@group-569FAC3F8BCE-LeaderElection108: Election REJECTED; received 2 response(s) [277b5c5e-8c6f-4c9a-a53f-1bbc96404e12<-a32408a4-f19d-4bad-97c5-ba33ae94fc9a#0:FAIL-t98, 277b5c5e-8c6f-4c9a-a53f-1bbc96404e12<-6b24a2ab-97ee-4d49-85cc-2d76c2f4b8ef#0:FAIL-t98] and 0 exception(s); 277b5c5e-8c6f-4c9a-a53f-1bbc96404e12@group-569FAC3F8BCE:t98, leader=null, voted=277b5c5e-8c6f-4c9a-a53f-1bbc96404e12, raftlog=277b5c5e-8c6f-4c9a-a53f-1bbc96404e12@group-569FAC3F8BCE-SegmentedRaftLog:OPENED:c-1,f-1,i0, conf=-1: [a32408a4-f19d-4bad-97c5-ba33ae94fc9a:192.168.157.254:38721, 6b24a2ab-97ee-4d49-85cc-2d76c2f4b8ef:192.168.157.254:41080, 277b5c5e-8c6f-4c9a-a53f-1bbc96404e12:192.168.157.254:41416], old=null
2019-10-16 21:55:09,110 [277b5c5e-8c6f-4c9a-a53f-1bbc96404e12@group-569FAC3F8BCE-LeaderElection108] INFO  impl.RaftServerImpl (RaftServerImpl.java:setRole(184)) - 277b5c5e-8c6f-4c9a-a53f-1bbc96404e12@group-569FAC3F8BCE: changes role from CANDIDATE to FOLLOWER at term 98 for DISCOVERED_A_NEW_TERM
2019-10-16 21:55:09,110 [277b5c5e-8c6f-4c9a-a53f-1bbc96404e12@group-569FAC3F8BCE-LeaderElection108] INFO  impl.RoleInfo (RoleInfo.java:shutdownLeaderElection(134)) - 277b5c5e-8c6f-4c9a-a53f-1bbc96404e12: shutdown LeaderElection
2019-10-16 21:55:09,110 [277b5c5e-8c6f-4c9a-a53f-1bbc96404e12@group-569FAC3F8BCE-LeaderElection108] INFO  impl.RoleInfo (RoleInfo.java:updateAndGet(143)) - 277b5c5e-8c6f-4c9a-a53f-1bbc96404e12: start FollowerState
2019-10-16 21:55:09,228 [Thread-904] INFO  impl.FollowerState (FollowerState.java:run(108)) - 277b5c5e-8c6f-4c9a-a53f-1bbc96404e12@group-569FAC3F8BCE-FollowerState: change to CANDIDATE, lastRpcTime:118ms, electionTimeout:118ms
2019-10-16 21:55:09,229 [Thread-904] INFO  impl.RoleInfo (RoleInfo.java:shutdownFollowerState(121)) - 277b5c5e-8c6f-4c9a-a53f-1bbc96404e12: shutdown FollowerState
2019-10-16 21:55:09,229 [Thread-904] INFO  impl.RaftServerImpl (RaftServerImpl.java:setRole(184)) - 277b5c5e-8c6f-4c9a-a53f-1bbc96404e12@group-569FAC3F8BCE: changes role from  FOLLOWER to CANDIDATE at term 98 for changeToCandidate
2019-10-16 21:55:09,229 [Thread-904] INFO  impl.RoleInfo (RoleInfo.java:updateAndGet(143)) - 277b5c5e-8c6f-4c9a-a53f-1bbc96404e12: start LeaderElection
2019-10-16 21:55:09,244 [277b5c5e-8c6f-4c9a-a53f-1bbc96404e12@group-569FAC3F8BCE-LeaderElection109] INFO  impl.LeaderElection (LeaderElection.java:askForVotes(178)) - 277b5c5e-8c6f-4c9a-a53f-1bbc96404e12@group-569FAC3F8BCE-LeaderElection109: begin an election at term 99 for -1: [a32408a4-f19d-4bad-97c5-ba33ae94fc9a:192.168.157.254:38721, 6b24a2ab-97ee-4d49-85cc-2d76c2f4b8ef:192.168.157.254:41080, 277b5c5e-8c6f-4c9a-a53f-1bbc96404e12:192.168.157.254:41416], old=null
2019-10-16 21:55:09,247 [grpc-default-executor-1] INFO  impl.RaftServerImpl (RaftServerImpl.java:setRole(184)) - 6b24a2ab-97ee-4d49-85cc-2d76c2f4b8ef@group-569FAC3F8BCE: changes role from  FOLLOWER to FOLLOWER at term 99 for recognizeCandidate:277b5c5e-8c6f-4c9a-a53f-1bbc96404e12
2019-10-16 21:55:09,247 [grpc-default-executor-0] INFO  impl.RaftServerImpl (RaftServerImpl.java:setRole(184)) - a32408a4-f19d-4bad-97c5-ba33ae94fc9a@group-569FAC3F8BCE: changes role from  FOLLOWER to FOLLOWER at term 99 for recognizeCandidate:277b5c5e-8c6f-4c9a-a53f-1bbc96404e12
2019-10-16 21:55:09,247 [grpc-default-executor-1] INFO  impl.RoleInfo (RoleInfo.java:shutdownFollowerState(121)) - 6b24a2ab-97ee-4d49-85cc-2d76c2f4b8ef: shutdown FollowerState
2019-10-16 21:55:09,247 [grpc-default-executor-0] INFO  impl.RoleInfo (RoleInfo.java:shutdownFollowerState(121)) - a32408a4-f19d-4bad-97c5-ba33ae94fc9a: shutdown FollowerState
2019-10-16 21:55:09,248 [Thread-902] INFO  impl.FollowerState (FollowerState.java:run(117)) - 6b24a2ab-97ee-4d49-85cc-2d76c2f4b8ef@group-569FAC3F8BCE-FollowerState was interrupted: java.lang.InterruptedException: sleep interrupted
2019-10-16 21:55:09,247 [grpc-default-executor-1] INFO  impl.RoleInfo (RoleInfo.java:updateAndGet(143)) - 6b24a2ab-97ee-4d49-85cc-2d76c2f4b8ef: start FollowerState
2019-10-16 21:55:09,248 [Thread-903] INFO  impl.FollowerState (FollowerState.java:run(117)) - a32408a4-f19d-4bad-97c5-ba33ae94fc9a@group-569FAC3F8BCE-FollowerState was interrupted: java.lang.InterruptedException: sleep interrupted
2019-10-16 21:55:09,248 [grpc-default-executor-0] INFO  impl.RoleInfo (RoleInfo.java:updateAndGet(143)) - a32408a4-f19d-4bad-97c5-ba33ae94fc9a: start FollowerState
2019-10-16 21:55:09,268 [277b5c5e-8c6f-4c9a-a53f-1bbc96404e12@group-569FAC3F8BCE-LeaderElection109] INFO  impl.LeaderElection (LeaderElection.java:logAndReturn(56)) - 277b5c5e-8c6f-4c9a-a53f-1bbc96404e12@group-569FAC3F8BCE-LeaderElection109: Election TIMEOUT; received 0 response(s) [] and 0 exception(s); 277b5c5e-8c6f-4c9a-a53f-1bbc96404e12@group-569FAC3F8BCE:t99, leader=null, voted=277b5c5e-8c6f-4c9a-a53f-1bbc96404e12, raftlog=277b5c5e-8c6f-4c9a-a53f-1bbc96404e12@group-569FAC3F8BCE-SegmentedRaftLog:OPENED:c-1,f-1,i0, conf=-1: [a32408a4-f19d-4bad-97c5-ba33ae94fc9a:192.168.157.254:38721, 6b24a2ab-97ee-4d49-85cc-2d76c2f4b8ef:192.168.157.254:41080, 277b5c5e-8c6f-4c9a-a53f-1bbc96404e12:192.168.157.254:41416], old=null
2019-10-16 21:55:09,302 [277b5c5e-8c6f-4c9a-a53f-1bbc96404e12@group-569FAC3F8BCE-LeaderElection109] INFO  impl.LeaderElection (LeaderElection.java:askForVotes(178)) - 277b5c5e-8c6f-4c9a-a53f-1bbc96404e12@group-569FAC3F8BCE-LeaderElection109: begin an election at term 100 for -1: [a32408a4-f19d-4bad-97c5-ba33ae94fc9a:192.168.157.254:38721, 6b24a2ab-97ee-4d49-85cc-2d76c2f4b8ef:192.168.157.254:41080, 277b5c5e-8c6f-4c9a-a53f-1bbc96404e12:192.168.157.254:41416], old=null
2019-10-16 21:55:09,304 [grpc-default-executor-1] INFO  impl.RaftServerImpl (RaftServerImpl.java:setRole(184)) - a32408a4-f19d-4bad-97c5-ba33ae94fc9a@group-569FAC3F8BCE: changes role from  FOLLOWER to FOLLOWER at term 100 for recognizeCandidate:277b5c5e-8c6f-4c9a-a53f-1bbc96404e12
2019-10-16 21:55:09,304 [grpc-default-executor-1] INFO  impl.RoleInfo (RoleInfo.java:shutdownFollowerState(121)) - a32408a4-f19d-4bad-97c5-ba33ae94fc9a: shutdown FollowerState
2019-10-16 21:55:09,304 [grpc-default-executor-1] INFO  impl.RoleInfo (RoleInfo.java:updateAndGet(143)) - a32408a4-f19d-4bad-97c5-ba33ae94fc9a: start FollowerState
2019-10-16 21:55:09,304 [Thread-909] INFO  impl.FollowerState (FollowerState.java:run(117)) - a32408a4-f19d-4bad-97c5-ba33ae94fc9a@group-569FAC3F8BCE-FollowerState was interrupted: java.lang.InterruptedException: sleep interrupted
2019-10-16 21:55:09,305 [grpc-default-executor-0] INFO  impl.RaftServerImpl (RaftServerImpl.java:setRole(184)) - 6b24a2ab-97ee-4d49-85cc-2d76c2f4b8ef@group-569FAC3F8BCE: changes role from  FOLLOWER to FOLLOWER at term 100 for recognizeCandidate:277b5c5e-8c6f-4c9a-a53f-1bbc96404e12
2019-10-16 21:55:09,305 [grpc-default-executor-0] INFO  impl.RoleInfo (RoleInfo.java:shutdownFollowerState(121)) - 6b24a2ab-97ee-4d49-85cc-2d76c2f4b8ef: shutdown FollowerState
2019-10-16 21:55:09,305 [Thread-908] INFO  impl.FollowerState (FollowerState.java:run(117)) - 6b24a2ab-97ee-4d49-85cc-2d76c2f4b8ef@group-569FAC3F8BCE-FollowerState was interrupted: java.lang.InterruptedException: sleep interrupted
2019-10-16 21:55:09,305 [grpc-default-executor-0] INFO  impl.RoleInfo (RoleInfo.java:updateAndGet(143)) - 6b24a2ab-97ee-4d49-85cc-2d76c2f4b8ef: start FollowerState
2019-10-16 21:55:09,321 [277b5c5e-8c6f-4c9a-a53f-1bbc96404e12@group-569FAC3F8BCE-LeaderElection109] INFO  impl.LeaderElection (LeaderElection.java:logAndReturn(56)) - 277b5c5e-8c6f-4c9a-a53f-1bbc96404e12@group-569FAC3F8BCE-LeaderElection109: Election REJECTED; received 2 response(s) [277b5c5e-8c6f-4c9a-a53f-1bbc96404e12<-6b24a2ab-97ee-4d49-85cc-2d76c2f4b8ef#0:FAIL-t100, 277b5c5e-8c6f-4c9a-a53f-1bbc96404e12<-a32408a4-f19d-4bad-97c5-ba33ae94fc9a#0:FAIL-t100] and 0 exception(s); 277b5c5e-8c6f-4c9a-a53f-1bbc96404e12@group-569FAC3F8BCE:t100, leader=null, voted=277b5c5e-8c6f-4c9a-a53f-1bbc96404e12, raftlog=277b5c5e-8c6f-4c9a-a53f-1bbc96404e12@group-569FAC3F8BCE-SegmentedRaftLog:OPENED:c-1,f-1,i0, conf=-1: [a32408a4-f19d-4bad-97c5-ba33ae94fc9a:192.168.157.254:38721, 6b24a2ab-97ee-4d49-85cc-2d76c2f4b8ef:192.168.157.254:41080, 277b5c5e-8c6f-4c9a-a53f-1bbc96404e12:192.168.157.254:41416], old=null
2019-10-16 21:55:09,321 [277b5c5e-8c6f-4c9a-a53f-1bbc96404e12@group-569FAC3F8BCE-LeaderElection109] INFO  impl.RaftServerImpl (RaftServerImpl.java:setRole(184)) - 277b5c5e-8c6f-4c9a-a53f-1bbc96404e12@group-569FAC3F8BCE: changes role from CANDIDATE to FOLLOWER at term 100 for DISCOVERED_A_NEW_TERM
2019-10-16 21:55:09,321 [277b5c5e-8c6f-4c9a-a53f-1bbc96404e12@group-569FAC3F8BCE-LeaderElection109] INFO  impl.RoleInfo (RoleInfo.java:shutdownLeaderElection(134)) - 277b5c5e-8c6f-4c9a-a53f-1bbc96404e12: shutdown LeaderElection
2019-10-16 21:55:09,321 [277b5c5e-8c6f-4c9a-a53f-1bbc96404e12@group-569FAC3F8BCE-LeaderElection109] INFO  impl.RoleInfo (RoleInfo.java:updateAndGet(143)) - 277b5c5e-8c6f-4c9a-a53f-1bbc96404e12: start FollowerState
2019-10-16 21:55:09,327 [Thread-914] INFO  impl.FollowerState (FollowerState.java:run(108)) - 277b5c5e-8c6f-4c9a-a53f-1bbc96404e12@group-569FAC3F8BCE-FollowerState: change to CANDIDATE, lastRpcTime:5ms, electionTimeout:5ms
2019-10-16 21:55:09,327 [Thread-914] INFO  impl.RoleInfo (RoleInfo.java:shutdownFollowerState(121)) - 277b5c5e-8c6f-4c9a-a53f-1bbc96404e12: shutdown FollowerState
2019-10-16 21:55:09,327 [Thread-914] INFO  impl.RaftServerImpl (RaftServerImpl.java:setRole(184)) - 277b5c5e-8c6f-4c9a-a53f-1bbc96404e12@group-569FAC3F8BCE: changes role from  FOLLOWER to CANDIDATE at term 100 for changeToCandidate
2019-10-16 21:55:09,327 [Thread-914] INFO  impl.RoleInfo (RoleInfo.java:updateAndGet(143)) - 277b5c5e-8c6f-4c9a-a53f-1bbc96404e12: start LeaderElection
2019-10-16 21:55:09,341 [277b5c5e-8c6f-4c9a-a53f-1bbc96404e12@group-569FAC3F8BCE-LeaderElection110] INFO  impl.LeaderElection (LeaderElection.java:askForVotes(178)) - 277b5c5e-8c6f-4c9a-a53f-1bbc96404e12@group-569FAC3F8BCE-LeaderElection110: begin an election at term 101 for -1: [a32408a4-f19d-4bad-97c5-ba33ae94fc9a:192.168.157.254:38721, 6b24a2ab-97ee-4d49-85cc-2d76c2f4b8ef:192.168.157.254:41080, 277b5c5e-8c6f-4c9a-a53f-1bbc96404e12:192.168.157.254:41416], old=null
2019-10-16 21:55:09,344 [grpc-default-executor-0] INFO  impl.RaftServerImpl (RaftServerImpl.java:setRole(184)) - 6b24a2ab-97ee-4d49-85cc-2d76c2f4b8ef@group-569FAC3F8BCE: changes role from  FOLLOWER to FOLLOWER at term 101 for recognizeCandidate:277b5c5e-8c6f-4c9a-a53f-1bbc96404e12
2019-10-16 21:55:09,344 [grpc-default-executor-1] INFO  impl.RaftServerImpl (RaftServerImpl.java:setRole(184)) - a32408a4-f19d-4bad-97c5-ba33ae94fc9a@group-569FAC3F8BCE: changes role from  FOLLOWER to FOLLOWER at term 101 for recognizeCandidate:277b5c5e-8c6f-4c9a-a53f-1bbc96404e12
2019-10-16 21:55:09,344 [grpc-default-executor-0] INFO  impl.RoleInfo (RoleInfo.java:shutdownFollowerState(121)) - 6b24a2ab-97ee-4d49-85cc-2d76c2f4b8ef: shutdown FollowerState
2019-10-16 21:55:09,344 [grpc-default-executor-1] INFO  impl.RoleInfo (RoleInfo.java:shutdownFollowerState(121)) - a32408a4-f19d-4bad-97c5-ba33ae94fc9a: shutdown FollowerState
2019-10-16 21:55:09,345 [Thread-913] INFO  impl.FollowerState (FollowerState.java:run(117)) - 6b24a2ab-97ee-4d49-85cc-2d76c2f4b8ef@group-569FAC3F8BCE-FollowerState was interrupted: java.lang.InterruptedException: sleep interrupted
2019-10-16 21:55:09,345 [Thread-912] INFO  impl.FollowerState (FollowerState.java:run(117)) - a32408a4-f19d-4bad-97c5-ba33ae94fc9a@group-569FAC3F8BCE-FollowerState was interrupted: java.lang.InterruptedException: sleep interrupted
2019-10-16 21:55:09,345 [grpc-default-executor-0] INFO  impl.RoleInfo (RoleInfo.java:updateAndGet(143)) - 6b24a2ab-97ee-4d49-85cc-2d76c2f4b8ef: start FollowerState
2019-10-16 21:55:09,345 [grpc-default-executor-1] INFO  impl.RoleInfo (RoleInfo.java:updateAndGet(143)) - a32408a4-f19d-4bad-97c5-ba33ae94fc9a: start FollowerState
2019-10-16 21:55:09,351 [277b5c5e-8c6f-4c9a-a53f-1bbc96404e12@group-569FAC3F8BCE-LeaderElection110] INFO  impl.LeaderElection (LeaderElection.java:logAndReturn(56)) - 277b5c5e-8c6f-4c9a-a53f-1bbc96404e12@group-569FAC3F8BCE-LeaderElection110: Election TIMEOUT; received 0 response(s) [] and 0 exception(s); 277b5c5e-8c6f-4c9a-a53f-1bbc96404e12@group-569FAC3F8BCE:t101, leader=null, voted=277b5c5e-8c6f-4c9a-a53f-1bbc96404e12, raftlog=277b5c5e-8c6f-4c9a-a53f-1bbc96404e12@group-569FAC3F8BCE-SegmentedRaftLog:OPENED:c-1,f-1,i0, conf=-1: [a32408a4-f19d-4bad-97c5-ba33ae94fc9a:192.168.157.254:38721, 6b24a2ab-97ee-4d49-85cc-2d76c2f4b8ef:192.168.157.254:41080, 277b5c5e-8c6f-4c9a-a53f-1bbc96404e12:192.168.157.254:41416], old=null
2019-10-16 21:55:09,359 [277b5c5e-8c6f-4c9a-a53f-1bbc96404e12@group-569FAC3F8BCE-LeaderElection110] INFO  impl.LeaderElection (LeaderElection.java:askForVotes(178)) - 277b5c5e-8c6f-4c9a-a53f-1bbc96404e12@group-569FAC3F8BCE-LeaderElection110: begin an election at term 102 for -1: [a32408a4-f19d-4bad-97c5-ba33ae94fc9a:192.168.157.254:38721, 6b24a2ab-97ee-4d49-85cc-2d76c2f4b8ef:192.168.157.254:41080, 277b5c5e-8c6f-4c9a-a53f-1bbc96404e12:192.168.157.254:41416], old=null
2019-10-16 21:55:09,361 [grpc-default-executor-0] INFO  impl.RaftServerImpl (RaftServerImpl.java:setRole(184)) - 6b24a2ab-97ee-4d49-85cc-2d76c2f4b8ef@group-569FAC3F8BCE: changes role from  FOLLOWER to FOLLOWER at term 102 for recognizeCandidate:277b5c5e-8c6f-4c9a-a53f-1bbc96404e12
2019-10-16 21:55:09,362 [grpc-default-executor-0] INFO  impl.RoleInfo (RoleInfo.java:shutdownFollowerState(121)) - 6b24a2ab-97ee-4d49-85cc-2d76c2f4b8ef: shutdown FollowerState
2019-10-16 21:55:09,362 [grpc-default-executor-0] INFO  impl.RoleInfo (RoleInfo.java:updateAndGet(143)) - 6b24a2ab-97ee-4d49-85cc-2d76c2f4b8ef: start FollowerState
2019-10-16 21:55:09,362 [grpc-default-executor-1] INFO  impl.RaftServerImpl (RaftServerImpl.java:setRole(184)) - a32408a4-f19d-4bad-97c5-ba33ae94fc9a@group-569FAC3F8BCE: changes role from  FOLLOWER to FOLLOWER at term 102 for recognizeCandidate:277b5c5e-8c6f-4c9a-a53f-1bbc96404e12
2019-10-16 21:55:09,362 [grpc-default-executor-1] INFO  impl.RoleInfo (RoleInfo.java:shutdownFollowerState(121)) - a32408a4-f19d-4bad-97c5-ba33ae94fc9a: shutdown FollowerState
2019-10-16 21:55:09,362 [Thread-918] INFO  impl.FollowerState (FollowerState.java:run(117)) - 6b24a2ab-97ee-4d49-85cc-2d76c2f4b8ef@group-569FAC3F8BCE-FollowerState was interrupted: java.lang.InterruptedException: sleep interrupted
2019-10-16 21:55:09,362 [Thread-919] INFO  impl.FollowerState (FollowerState.java:run(117)) - a32408a4-f19d-4bad-97c5-ba33ae94fc9a@group-569FAC3F8BCE-FollowerState was interrupted: java.lang.InterruptedException: sleep interrupted
2019-10-16 21:55:09,362 [grpc-default-executor-1] INFO  impl.RoleInfo (RoleInfo.java:updateAndGet(143)) - a32408a4-f19d-4bad-97c5-ba33ae94fc9a: start FollowerState
2019-10-16 21:55:09,377 [277b5c5e-8c6f-4c9a-a53f-1bbc96404e12@group-569FAC3F8BCE-LeaderElection110] INFO  impl.LeaderElection (LeaderElection.java:logAndReturn(56)) - 277b5c5e-8c6f-4c9a-a53f-1bbc96404e12@group-569FAC3F8BCE-LeaderElection110: Election REJECTED; received 2 response(s) [277b5c5e-8c6f-4c9a-a53f-1bbc96404e12<-6b24a2ab-97ee-4d49-85cc-2d76c2f4b8ef#0:FAIL-t102, 277b5c5e-8c6f-4c9a-a53f-1bbc96404e12<-a32408a4-f19d-4bad-97c5-ba33ae94fc9a#0:FAIL-t102] and 0 exception(s); 277b5c5e-8c6f-4c9a-a53f-1bbc96404e12@group-569FAC3F8BCE:t102, leader=null, voted=277b5c5e-8c6f-4c9a-a53f-1bbc96404e12, raftlog=277b5c5e-8c6f-4c9a-a53f-1bbc96404e12@group-569FAC3F8BCE-SegmentedRaftLog:OPENED:c-1,f-1,i0, conf=-1: [a32408a4-f19d-4bad-97c5-ba33ae94fc9a:192.168.157.254:38721, 6b24a2ab-97ee-4d49-85cc-2d76c2f4b8ef:192.168.157.254:41080, 277b5c5e-8c6f-4c9a-a53f-1bbc96404e12:192.168.157.254:41416], old=null
2019-10-16 21:55:09,377 [277b5c5e-8c6f-4c9a-a53f-1bbc96404e12@group-569FAC3F8BCE-LeaderElection110] INFO  impl.RaftServerImpl (RaftServerImpl.java:setRole(184)) - 277b5c5e-8c6f-4c9a-a53f-1bbc96404e12@group-569FAC3F8BCE: changes role from CANDIDATE to FOLLOWER at term 102 for DISCOVERED_A_NEW_TERM
2019-10-16 21:55:09,377 [277b5c5e-8c6f-4c9a-a53f-1bbc96404e12@group-569FAC3F8BCE-LeaderElection110] INFO  impl.RoleInfo (RoleInfo.java:shutdownLeaderElection(134)) - 277b5c5e-8c6f-4c9a-a53f-1bbc96404e12: shutdown LeaderElection
2019-10-16 21:55:09,377 [277b5c5e-8c6f-4c9a-a53f-1bbc96404e12@group-569FAC3F8BCE-LeaderElection110] INFO  impl.RoleInfo (RoleInfo.java:updateAndGet(143)) - 277b5c5e-8c6f-4c9a-a53f-1bbc96404e12: start FollowerState
2019-10-16 21:55:09,390 [Thread-924] INFO  impl.FollowerState (FollowerState.java:run(108)) - 277b5c5e-8c6f-4c9a-a53f-1bbc96404e12@group-569FAC3F8BCE-FollowerState: change to CANDIDATE, lastRpcTime:12ms, electionTimeout:12ms
2019-10-16 21:55:09,390 [Thread-924] INFO  impl.RoleInfo (RoleInfo.java:shutdownFollowerState(121)) - 277b5c5e-8c6f-4c9a-a53f-1bbc96404e12: shutdown FollowerState
2019-10-16 21:55:09,390 [Thread-924] INFO  impl.RaftServerImpl (RaftServerImpl.java:setRole(184)) - 277b5c5e-8c6f-4c9a-a53f-1bbc96404e12@group-569FAC3F8BCE: changes role from  FOLLOWER to CANDIDATE at term 102 for changeToCandidate
2019-10-16 21:55:09,390 [Thread-924] INFO  impl.RoleInfo (RoleInfo.java:updateAndGet(143)) - 277b5c5e-8c6f-4c9a-a53f-1bbc96404e12: start LeaderElection
2019-10-16 21:55:09,405 [277b5c5e-8c6f-4c9a-a53f-1bbc96404e12@group-569FAC3F8BCE-LeaderElection111] INFO  impl.LeaderElection (LeaderElection.java:askForVotes(178)) - 277b5c5e-8c6f-4c9a-a53f-1bbc96404e12@group-569FAC3F8BCE-LeaderElection111: begin an election at term 103 for -1: [a32408a4-f19d-4bad-97c5-ba33ae94fc9a:192.168.157.254:38721, 6b24a2ab-97ee-4d49-85cc-2d76c2f4b8ef:192.168.157.254:41080, 277b5c5e-8c6f-4c9a-a53f-1bbc96404e12:192.168.157.254:41416], old=null
2019-10-16 21:55:09,408 [grpc-default-executor-1] INFO  impl.RaftServerImpl (RaftServerImpl.java:setRole(184)) - a32408a4-f19d-4bad-97c5-ba33ae94fc9a@group-569FAC3F8BCE: changes role from  FOLLOWER to FOLLOWER at term 103 for recognizeCandidate:277b5c5e-8c6f-4c9a-a53f-1bbc96404e12
2019-10-16 21:55:09,409 [grpc-default-executor-0] INFO  impl.RaftServerImpl (RaftServerImpl.java:setRole(184)) - 6b24a2ab-97ee-4d49-85cc-2d76c2f4b8ef@group-569FAC3F8BCE: changes role from  FOLLOWER to FOLLOWER at term 103 for recognizeCandidate:277b5c5e-8c6f-4c9a-a53f-1bbc96404e12
2019-10-16 21:55:09,409 [grpc-default-executor-0] INFO  impl.RoleInfo (RoleInfo.java:shutdownFollowerState(121)) - 6b24a2ab-97ee-4d49-85cc-2d76c2f4b8ef: shutdown FollowerState
2019-10-16 21:55:09,409 [grpc-default-executor-1] INFO  impl.RoleInfo (RoleInfo.java:shutdownFollowerState(121)) - a32408a4-f19d-4bad-97c5-ba33ae94fc9a: shutdown FollowerState
2019-10-16 21:55:09,409 [Thread-922] INFO  impl.FollowerState (FollowerState.java:run(117)) - 6b24a2ab-97ee-4d49-85cc-2d76c2f4b8ef@group-569FAC3F8BCE-FollowerState was interrupted: java.lang.InterruptedException: sleep interrupted
2019-10-16 21:55:09,409 [Thread-923] INFO  impl.FollowerState (FollowerState.java:run(117)) - a32408a4-f19d-4bad-97c5-ba33ae94fc9a@group-569FAC3F8BCE-FollowerState was interrupted: java.lang.InterruptedException: sleep interrupted
2019-10-16 21:55:09,409 [grpc-default-executor-0] INFO  impl.RoleInfo (RoleInfo.java:updateAndGet(143)) - 6b24a2ab-97ee-4d49-85cc-2d76c2f4b8ef: start FollowerState
2019-10-16 21:55:09,409 [grpc-default-executor-1] INFO  impl.RoleInfo (RoleInfo.java:updateAndGet(143)) - a32408a4-f19d-4bad-97c5-ba33ae94fc9a: start FollowerState
2019-10-16 21:55:09,437 [277b5c5e-8c6f-4c9a-a53f-1bbc96404e12@group-569FAC3F8BCE-LeaderElection111] INFO  impl.LeaderElection (LeaderElection.java:logAndReturn(56)) - 277b5c5e-8c6f-4c9a-a53f-1bbc96404e12@group-569FAC3F8BCE-LeaderElection111: Election REJECTED; received 2 response(s) [277b5c5e-8c6f-4c9a-a53f-1bbc96404e12<-6b24a2ab-97ee-4d49-85cc-2d76c2f4b8ef#0:FAIL-t103, 277b5c5e-8c6f-4c9a-a53f-1bbc96404e12<-a32408a4-f19d-4bad-97c5-ba33ae94fc9a#0:FAIL-t103] and 0 exception(s); 277b5c5e-8c6f-4c9a-a53f-1bbc96404e12@group-569FAC3F8BCE:t103, leader=null, voted=277b5c5e-8c6f-4c9a-a53f-1bbc96404e12, raftlog=277b5c5e-8c6f-4c9a-a53f-1bbc96404e12@group-569FAC3F8BCE-SegmentedRaftLog:OPENED:c-1,f-1,i0, conf=-1: [a32408a4-f19d-4bad-97c5-ba33ae94fc9a:192.168.157.254:38721, 6b24a2ab-97ee-4d49-85cc-2d76c2f4b8ef:192.168.157.254:41080, 277b5c5e-8c6f-4c9a-a53f-1bbc96404e12:192.168.157.254:41416], old=null
2019-10-16 21:55:09,437 [277b5c5e-8c6f-4c9a-a53f-1bbc96404e12@group-569FAC3F8BCE-LeaderElection111] INFO  impl.RaftServerImpl (RaftServerImpl.java:setRole(184)) - 277b5c5e-8c6f-4c9a-a53f-1bbc96404e12@group-569FAC3F8BCE: changes role from CANDIDATE to FOLLOWER at term 103 for DISCOVERED_A_NEW_TERM
2019-10-16 21:55:09,437 [277b5c5e-8c6f-4c9a-a53f-1bbc96404e12@group-569FAC3F8BCE-LeaderElection111] INFO  impl.RoleInfo (RoleInfo.java:shutdownLeaderElection(134)) - 277b5c5e-8c6f-4c9a-a53f-1bbc96404e12: shutdown LeaderElection
2019-10-16 21:55:09,437 [277b5c5e-8c6f-4c9a-a53f-1bbc96404e12@group-569FAC3F8BCE-LeaderElection111] INFO  impl.RoleInfo (RoleInfo.java:updateAndGet(143)) - 277b5c5e-8c6f-4c9a-a53f-1bbc96404e12: start FollowerState
2019-10-16 21:55:09,565 [Thread-0] INFO  ozone.MiniOzoneClusterImpl (MiniOzoneClusterImpl.java:lambda$waitForClusterToBeReady$2(164)) - Waiting for 1 number of pipelines out of 4, to report a leader.
2019-10-16 21:55:09,571 [Thread-930] INFO  impl.FollowerState (FollowerState.java:run(108)) - 277b5c5e-8c6f-4c9a-a53f-1bbc96404e12@group-569FAC3F8BCE-FollowerState: change to CANDIDATE, lastRpcTime:133ms, electionTimeout:133ms
2019-10-16 21:55:09,571 [Thread-930] INFO  impl.RoleInfo (RoleInfo.java:shutdownFollowerState(121)) - 277b5c5e-8c6f-4c9a-a53f-1bbc96404e12: shutdown FollowerState
2019-10-16 21:55:09,571 [Thread-930] INFO  impl.RaftServerImpl (RaftServerImpl.java:setRole(184)) - 277b5c5e-8c6f-4c9a-a53f-1bbc96404e12@group-569FAC3F8BCE: changes role from  FOLLOWER to CANDIDATE at term 103 for changeToCandidate
2019-10-16 21:55:09,571 [Thread-930] INFO  impl.RoleInfo (RoleInfo.java:updateAndGet(143)) - 277b5c5e-8c6f-4c9a-a53f-1bbc96404e12: start LeaderElection
2019-10-16 21:55:09,586 [277b5c5e-8c6f-4c9a-a53f-1bbc96404e12@group-569FAC3F8BCE-LeaderElection112] INFO  impl.LeaderElection (LeaderElection.java:askForVotes(178)) - 277b5c5e-8c6f-4c9a-a53f-1bbc96404e12@group-569FAC3F8BCE-LeaderElection112: begin an election at term 104 for -1: [a32408a4-f19d-4bad-97c5-ba33ae94fc9a:192.168.157.254:38721, 6b24a2ab-97ee-4d49-85cc-2d76c2f4b8ef:192.168.157.254:41080, 277b5c5e-8c6f-4c9a-a53f-1bbc96404e12:192.168.157.254:41416], old=null
2019-10-16 21:55:09,590 [grpc-default-executor-1] INFO  impl.RaftServerImpl (RaftServerImpl.java:setRole(184)) - a32408a4-f19d-4bad-97c5-ba33ae94fc9a@group-569FAC3F8BCE: changes role from  FOLLOWER to FOLLOWER at term 104 for recognizeCandidate:277b5c5e-8c6f-4c9a-a53f-1bbc96404e12
2019-10-16 21:55:09,590 [grpc-default-executor-0] INFO  impl.RaftServerImpl (RaftServerImpl.java:setRole(184)) - 6b24a2ab-97ee-4d49-85cc-2d76c2f4b8ef@group-569FAC3F8BCE: changes role from  FOLLOWER to FOLLOWER at term 104 for recognizeCandidate:277b5c5e-8c6f-4c9a-a53f-1bbc96404e12
2019-10-16 21:55:09,590 [grpc-default-executor-1] INFO  impl.RoleInfo (RoleInfo.java:shutdownFollowerState(121)) - a32408a4-f19d-4bad-97c5-ba33ae94fc9a: shutdown FollowerState
2019-10-16 21:55:09,590 [grpc-default-executor-0] INFO  impl.RoleInfo (RoleInfo.java:shutdownFollowerState(121)) - 6b24a2ab-97ee-4d49-85cc-2d76c2f4b8ef: shutdown FollowerState
2019-10-16 21:55:09,590 [Thread-929] INFO  impl.FollowerState (FollowerState.java:run(117)) - a32408a4-f19d-4bad-97c5-ba33ae94fc9a@group-569FAC3F8BCE-FollowerState was interrupted: java.lang.InterruptedException: sleep interrupted
2019-10-16 21:55:09,590 [grpc-default-executor-1] INFO  impl.RoleInfo (RoleInfo.java:updateAndGet(143)) - a32408a4-f19d-4bad-97c5-ba33ae94fc9a: start FollowerState
2019-10-16 21:55:09,591 [Thread-928] INFO  impl.FollowerState (FollowerState.java:run(117)) - 6b24a2ab-97ee-4d49-85cc-2d76c2f4b8ef@group-569FAC3F8BCE-FollowerState was interrupted: java.lang.InterruptedException: sleep interrupted
2019-10-16 21:55:09,591 [grpc-default-executor-0] INFO  impl.RoleInfo (RoleInfo.java:updateAndGet(143)) - 6b24a2ab-97ee-4d49-85cc-2d76c2f4b8ef: start FollowerState
2019-10-16 21:55:09,606 [277b5c5e-8c6f-4c9a-a53f-1bbc96404e12@group-569FAC3F8BCE-LeaderElection112] INFO  impl.LeaderElection (LeaderElection.java:logAndReturn(56)) - 277b5c5e-8c6f-4c9a-a53f-1bbc96404e12@group-569FAC3F8BCE-LeaderElection112: Election REJECTED; received 2 response(s) [277b5c5e-8c6f-4c9a-a53f-1bbc96404e12<-6b24a2ab-97ee-4d49-85cc-2d76c2f4b8ef#0:FAIL-t104, 277b5c5e-8c6f-4c9a-a53f-1bbc96404e12<-a32408a4-f19d-4bad-97c5-ba33ae94fc9a#0:FAIL-t104] and 0 exception(s); 277b5c5e-8c6f-4c9a-a53f-1bbc96404e12@group-569FAC3F8BCE:t104, leader=null, voted=277b5c5e-8c6f-4c9a-a53f-1bbc96404e12, raftlog=277b5c5e-8c6f-4c9a-a53f-1bbc96404e12@group-569FAC3F8BCE-SegmentedRaftLog:OPENED:c-1,f-1,i0, conf=-1: [a32408a4-f19d-4bad-97c5-ba33ae94fc9a:192.168.157.254:38721, 6b24a2ab-97ee-4d49-85cc-2d76c2f4b8ef:192.168.157.254:41080, 277b5c5e-8c6f-4c9a-a53f-1bbc96404e12:192.168.157.254:41416], old=null
2019-10-16 21:55:09,606 [277b5c5e-8c6f-4c9a-a53f-1bbc96404e12@group-569FAC3F8BCE-LeaderElection112] INFO  impl.RaftServerImpl (RaftServerImpl.java:setRole(184)) - 277b5c5e-8c6f-4c9a-a53f-1bbc96404e12@group-569FAC3F8BCE: changes role from CANDIDATE to FOLLOWER at term 104 for DISCOVERED_A_NEW_TERM
2019-10-16 21:55:09,606 [277b5c5e-8c6f-4c9a-a53f-1bbc96404e12@group-569FAC3F8BCE-LeaderElection112] INFO  impl.RoleInfo (RoleInfo.java:shutdownLeaderElection(134)) - 277b5c5e-8c6f-4c9a-a53f-1bbc96404e12: shutdown LeaderElection
2019-10-16 21:55:09,606 [277b5c5e-8c6f-4c9a-a53f-1bbc96404e12@group-569FAC3F8BCE-LeaderElection112] INFO  impl.RoleInfo (RoleInfo.java:updateAndGet(143)) - 277b5c5e-8c6f-4c9a-a53f-1bbc96404e12: start FollowerState
2019-10-16 21:55:09,723 [Thread-936] INFO  impl.FollowerState (FollowerState.java:run(108)) - 277b5c5e-8c6f-4c9a-a53f-1bbc96404e12@group-569FAC3F8BCE-FollowerState: change to CANDIDATE, lastRpcTime:116ms, electionTimeout:116ms
2019-10-16 21:55:09,723 [Thread-936] INFO  impl.RoleInfo (RoleInfo.java:shutdownFollowerState(121)) - 277b5c5e-8c6f-4c9a-a53f-1bbc96404e12: shutdown FollowerState
2019-10-16 21:55:09,723 [Thread-936] INFO  impl.RaftServerImpl (RaftServerImpl.java:setRole(184)) - 277b5c5e-8c6f-4c9a-a53f-1bbc96404e12@group-569FAC3F8BCE: changes role from  FOLLOWER to CANDIDATE at term 104 for changeToCandidate
2019-10-16 21:55:09,723 [Thread-936] INFO  impl.RoleInfo (RoleInfo.java:updateAndGet(143)) - 277b5c5e-8c6f-4c9a-a53f-1bbc96404e12: start LeaderElection
2019-10-16 21:55:09,738 [277b5c5e-8c6f-4c9a-a53f-1bbc96404e12@group-569FAC3F8BCE-LeaderElection113] INFO  impl.LeaderElection (LeaderElection.java:askForVotes(178)) - 277b5c5e-8c6f-4c9a-a53f-1bbc96404e12@group-569FAC3F8BCE-LeaderElection113: begin an election at term 105 for -1: [a32408a4-f19d-4bad-97c5-ba33ae94fc9a:192.168.157.254:38721, 6b24a2ab-97ee-4d49-85cc-2d76c2f4b8ef:192.168.157.254:41080, 277b5c5e-8c6f-4c9a-a53f-1bbc96404e12:192.168.157.254:41416], old=null
2019-10-16 21:55:09,741 [grpc-default-executor-1] INFO  impl.RaftServerImpl (RaftServerImpl.java:setRole(184)) - 6b24a2ab-97ee-4d49-85cc-2d76c2f4b8ef@group-569FAC3F8BCE: changes role from  FOLLOWER to FOLLOWER at term 105 for recognizeCandidate:277b5c5e-8c6f-4c9a-a53f-1bbc96404e12
2019-10-16 21:55:09,741 [grpc-default-executor-0] INFO  impl.RaftServerImpl (RaftServerImpl.java:setRole(184)) - a32408a4-f19d-4bad-97c5-ba33ae94fc9a@group-569FAC3F8BCE: changes role from  FOLLOWER to FOLLOWER at term 105 for recognizeCandidate:277b5c5e-8c6f-4c9a-a53f-1bbc96404e12
2019-10-16 21:55:09,741 [grpc-default-executor-1] INFO  impl.RoleInfo (RoleInfo.java:shutdownFollowerState(121)) - 6b24a2ab-97ee-4d49-85cc-2d76c2f4b8ef: shutdown FollowerState
2019-10-16 21:55:09,741 [grpc-default-executor-0] INFO  impl.RoleInfo (RoleInfo.java:shutdownFollowerState(121)) - a32408a4-f19d-4bad-97c5-ba33ae94fc9a: shutdown FollowerState
2019-10-16 21:55:09,742 [Thread-935] INFO  impl.FollowerState (FollowerState.java:run(117)) - 6b24a2ab-97ee-4d49-85cc-2d76c2f4b8ef@group-569FAC3F8BCE-FollowerState was interrupted: java.lang.InterruptedException: sleep interrupted
2019-10-16 21:55:09,742 [Thread-934] INFO  impl.FollowerState (FollowerState.java:run(117)) - a32408a4-f19d-4bad-97c5-ba33ae94fc9a@group-569FAC3F8BCE-FollowerState was interrupted: java.lang.InterruptedException: sleep interrupted
2019-10-16 21:55:09,742 [grpc-default-executor-0] INFO  impl.RoleInfo (RoleInfo.java:updateAndGet(143)) - a32408a4-f19d-4bad-97c5-ba33ae94fc9a: start FollowerState
2019-10-16 21:55:09,741 [grpc-default-executor-1] INFO  impl.RoleInfo (RoleInfo.java:updateAndGet(143)) - 6b24a2ab-97ee-4d49-85cc-2d76c2f4b8ef: start FollowerState
2019-10-16 21:55:09,756 [277b5c5e-8c6f-4c9a-a53f-1bbc96404e12@group-569FAC3F8BCE-LeaderElection113] INFO  impl.LeaderElection (LeaderElection.java:logAndReturn(56)) - 277b5c5e-8c6f-4c9a-a53f-1bbc96404e12@group-569FAC3F8BCE-LeaderElection113: Election REJECTED; received 2 response(s) [277b5c5e-8c6f-4c9a-a53f-1bbc96404e12<-6b24a2ab-97ee-4d49-85cc-2d76c2f4b8ef#0:FAIL-t105, 277b5c5e-8c6f-4c9a-a53f-1bbc96404e12<-a32408a4-f19d-4bad-97c5-ba33ae94fc9a#0:FAIL-t105] and 0 exception(s); 277b5c5e-8c6f-4c9a-a53f-1bbc96404e12@group-569FAC3F8BCE:t105, leader=null, voted=277b5c5e-8c6f-4c9a-a53f-1bbc96404e12, raftlog=277b5c5e-8c6f-4c9a-a53f-1bbc96404e12@group-569FAC3F8BCE-SegmentedRaftLog:OPENED:c-1,f-1,i0, conf=-1: [a32408a4-f19d-4bad-97c5-ba33ae94fc9a:192.168.157.254:38721, 6b24a2ab-97ee-4d49-85cc-2d76c2f4b8ef:192.168.157.254:41080, 277b5c5e-8c6f-4c9a-a53f-1bbc96404e12:192.168.157.254:41416], old=null
2019-10-16 21:55:09,756 [277b5c5e-8c6f-4c9a-a53f-1bbc96404e12@group-569FAC3F8BCE-LeaderElection113] INFO  impl.RaftServerImpl (RaftServerImpl.java:setRole(184)) - 277b5c5e-8c6f-4c9a-a53f-1bbc96404e12@group-569FAC3F8BCE: changes role from CANDIDATE to FOLLOWER at term 105 for DISCOVERED_A_NEW_TERM
2019-10-16 21:55:09,756 [277b5c5e-8c6f-4c9a-a53f-1bbc96404e12@group-569FAC3F8BCE-LeaderElection113] INFO  impl.RoleInfo (RoleInfo.java:shutdownLeaderElection(134)) - 277b5c5e-8c6f-4c9a-a53f-1bbc96404e12: shutdown LeaderElection
2019-10-16 21:55:09,756 [277b5c5e-8c6f-4c9a-a53f-1bbc96404e12@group-569FAC3F8BCE-LeaderElection113] INFO  impl.RoleInfo (RoleInfo.java:updateAndGet(143)) - 277b5c5e-8c6f-4c9a-a53f-1bbc96404e12: start FollowerState
2019-10-16 21:55:09,808 [Thread-942] INFO  impl.FollowerState (FollowerState.java:run(108)) - 277b5c5e-8c6f-4c9a-a53f-1bbc96404e12@group-569FAC3F8BCE-FollowerState: change to CANDIDATE, lastRpcTime:51ms, electionTimeout:51ms
2019-10-16 21:55:09,808 [Thread-942] INFO  impl.RoleInfo (RoleInfo.java:shutdownFollowerState(121)) - 277b5c5e-8c6f-4c9a-a53f-1bbc96404e12: shutdown FollowerState
2019-10-16 21:55:09,808 [Thread-942] INFO  impl.RaftServerImpl (RaftServerImpl.java:setRole(184)) - 277b5c5e-8c6f-4c9a-a53f-1bbc96404e12@group-569FAC3F8BCE: changes role from  FOLLOWER to CANDIDATE at term 105 for changeToCandidate
2019-10-16 21:55:09,808 [Thread-942] INFO  impl.RoleInfo (RoleInfo.java:updateAndGet(143)) - 277b5c5e-8c6f-4c9a-a53f-1bbc96404e12: start LeaderElection
2019-10-16 21:55:09,822 [277b5c5e-8c6f-4c9a-a53f-1bbc96404e12@group-569FAC3F8BCE-LeaderElection114] INFO  impl.LeaderElection (LeaderElection.java:askForVotes(178)) - 277b5c5e-8c6f-4c9a-a53f-1bbc96404e12@group-569FAC3F8BCE-LeaderElection114: begin an election at term 106 for -1: [a32408a4-f19d-4bad-97c5-ba33ae94fc9a:192.168.157.254:38721, 6b24a2ab-97ee-4d49-85cc-2d76c2f4b8ef:192.168.157.254:41080, 277b5c5e-8c6f-4c9a-a53f-1bbc96404e12:192.168.157.254:41416], old=null
2019-10-16 21:55:09,824 [grpc-default-executor-1] INFO  impl.RaftServerImpl (RaftServerImpl.java:setRole(184)) - a32408a4-f19d-4bad-97c5-ba33ae94fc9a@group-569FAC3F8BCE: changes role from  FOLLOWER to FOLLOWER at term 106 for recognizeCandidate:277b5c5e-8c6f-4c9a-a53f-1bbc96404e12
2019-10-16 21:55:09,824 [grpc-default-executor-0] INFO  impl.RaftServerImpl (RaftServerImpl.java:setRole(184)) - 6b24a2ab-97ee-4d49-85cc-2d76c2f4b8ef@group-569FAC3F8BCE: changes role from  FOLLOWER to FOLLOWER at term 106 for recognizeCandidate:277b5c5e-8c6f-4c9a-a53f-1bbc96404e12
2019-10-16 21:55:09,824 [grpc-default-executor-1] INFO  impl.RoleInfo (RoleInfo.java:shutdownFollowerState(121)) - a32408a4-f19d-4bad-97c5-ba33ae94fc9a: shutdown FollowerState
2019-10-16 21:55:09,824 [grpc-default-executor-0] INFO  impl.RoleInfo (RoleInfo.java:shutdownFollowerState(121)) - 6b24a2ab-97ee-4d49-85cc-2d76c2f4b8ef: shutdown FollowerState
2019-10-16 21:55:09,825 [grpc-default-executor-1] INFO  impl.RoleInfo (RoleInfo.java:updateAndGet(143)) - a32408a4-f19d-4bad-97c5-ba33ae94fc9a: start FollowerState
2019-10-16 21:55:09,825 [grpc-default-executor-0] INFO  impl.RoleInfo (RoleInfo.java:updateAndGet(143)) - 6b24a2ab-97ee-4d49-85cc-2d76c2f4b8ef: start FollowerState
2019-10-16 21:55:09,825 [Thread-940] INFO  impl.FollowerState (FollowerState.java:run(117)) - 6b24a2ab-97ee-4d49-85cc-2d76c2f4b8ef@group-569FAC3F8BCE-FollowerState was interrupted: java.lang.InterruptedException: sleep interrupted
2019-10-16 21:55:09,825 [Thread-941] INFO  impl.FollowerState (FollowerState.java:run(117)) - a32408a4-f19d-4bad-97c5-ba33ae94fc9a@group-569FAC3F8BCE-FollowerState was interrupted: java.lang.InterruptedException: sleep interrupted
2019-10-16 21:55:09,851 [277b5c5e-8c6f-4c9a-a53f-1bbc96404e12@group-569FAC3F8BCE-LeaderElection114] INFO  impl.LeaderElection (LeaderElection.java:logAndReturn(56)) - 277b5c5e-8c6f-4c9a-a53f-1bbc96404e12@group-569FAC3F8BCE-LeaderElection114: Election REJECTED; received 2 response(s) [277b5c5e-8c6f-4c9a-a53f-1bbc96404e12<-a32408a4-f19d-4bad-97c5-ba33ae94fc9a#0:FAIL-t106, 277b5c5e-8c6f-4c9a-a53f-1bbc96404e12<-6b24a2ab-97ee-4d49-85cc-2d76c2f4b8ef#0:FAIL-t106] and 0 exception(s); 277b5c5e-8c6f-4c9a-a53f-1bbc96404e12@group-569FAC3F8BCE:t106, leader=null, voted=277b5c5e-8c6f-4c9a-a53f-1bbc96404e12, raftlog=277b5c5e-8c6f-4c9a-a53f-1bbc96404e12@group-569FAC3F8BCE-SegmentedRaftLog:OPENED:c-1,f-1,i0, conf=-1: [a32408a4-f19d-4bad-97c5-ba33ae94fc9a:192.168.157.254:38721, 6b24a2ab-97ee-4d49-85cc-2d76c2f4b8ef:192.168.157.254:41080, 277b5c5e-8c6f-4c9a-a53f-1bbc96404e12:192.168.157.254:41416], old=null
2019-10-16 21:55:09,851 [277b5c5e-8c6f-4c9a-a53f-1bbc96404e12@group-569FAC3F8BCE-LeaderElection114] INFO  impl.RaftServerImpl (RaftServerImpl.java:setRole(184)) - 277b5c5e-8c6f-4c9a-a53f-1bbc96404e12@group-569FAC3F8BCE: changes role from CANDIDATE to FOLLOWER at term 106 for DISCOVERED_A_NEW_TERM
2019-10-16 21:55:09,851 [277b5c5e-8c6f-4c9a-a53f-1bbc96404e12@group-569FAC3F8BCE-LeaderElection114] INFO  impl.RoleInfo (RoleInfo.java:shutdownLeaderElection(134)) - 277b5c5e-8c6f-4c9a-a53f-1bbc96404e12: shutdown LeaderElection
2019-10-16 21:55:09,852 [277b5c5e-8c6f-4c9a-a53f-1bbc96404e12@group-569FAC3F8BCE-LeaderElection114] INFO  impl.RoleInfo (RoleInfo.java:updateAndGet(143)) - 277b5c5e-8c6f-4c9a-a53f-1bbc96404e12: start FollowerState
2019-10-16 21:55:10,007 [Thread-948] INFO  impl.FollowerState (FollowerState.java:run(108)) - 277b5c5e-8c6f-4c9a-a53f-1bbc96404e12@group-569FAC3F8BCE-FollowerState: change to CANDIDATE, lastRpcTime:155ms, electionTimeout:155ms
2019-10-16 21:55:10,007 [Thread-948] INFO  impl.RoleInfo (RoleInfo.java:shutdownFollowerState(121)) - 277b5c5e-8c6f-4c9a-a53f-1bbc96404e12: shutdown FollowerState
2019-10-16 21:55:10,008 [Thread-948] INFO  impl.RaftServerImpl (RaftServerImpl.java:setRole(184)) - 277b5c5e-8c6f-4c9a-a53f-1bbc96404e12@group-569FAC3F8BCE: changes role from  FOLLOWER to CANDIDATE at term 106 for changeToCandidate
2019-10-16 21:55:10,008 [Thread-948] INFO  impl.RoleInfo (RoleInfo.java:updateAndGet(143)) - 277b5c5e-8c6f-4c9a-a53f-1bbc96404e12: start LeaderElection
2019-10-16 21:55:10,026 [277b5c5e-8c6f-4c9a-a53f-1bbc96404e12@group-569FAC3F8BCE-LeaderElection115] INFO  impl.LeaderElection (LeaderElection.java:askForVotes(178)) - 277b5c5e-8c6f-4c9a-a53f-1bbc96404e12@group-569FAC3F8BCE-LeaderElection115: begin an election at term 107 for -1: [a32408a4-f19d-4bad-97c5-ba33ae94fc9a:192.168.157.254:38721, 6b24a2ab-97ee-4d49-85cc-2d76c2f4b8ef:192.168.157.254:41080, 277b5c5e-8c6f-4c9a-a53f-1bbc96404e12:192.168.157.254:41416], old=null
2019-10-16 21:55:10,029 [grpc-default-executor-1] INFO  impl.RaftServerImpl (RaftServerImpl.java:setRole(184)) - 6b24a2ab-97ee-4d49-85cc-2d76c2f4b8ef@group-569FAC3F8BCE: changes role from  FOLLOWER to FOLLOWER at term 107 for recognizeCandidate:277b5c5e-8c6f-4c9a-a53f-1bbc96404e12
2019-10-16 21:55:10,030 [grpc-default-executor-1] INFO  impl.RoleInfo (RoleInfo.java:shutdownFollowerState(121)) - 6b24a2ab-97ee-4d49-85cc-2d76c2f4b8ef: shutdown FollowerState
2019-10-16 21:55:10,029 [grpc-default-executor-0] INFO  impl.RaftServerImpl (RaftServerImpl.java:setRole(184)) - a32408a4-f19d-4bad-97c5-ba33ae94fc9a@group-569FAC3F8BCE: changes role from  FOLLOWER to FOLLOWER at term 107 for recognizeCandidate:277b5c5e-8c6f-4c9a-a53f-1bbc96404e12
2019-10-16 21:55:10,030 [Thread-947] INFO  impl.FollowerState (FollowerState.java:run(117)) - 6b24a2ab-97ee-4d49-85cc-2d76c2f4b8ef@group-569FAC3F8BCE-FollowerState was interrupted: java.lang.InterruptedException: sleep interrupted
2019-10-16 21:55:10,030 [grpc-default-executor-1] INFO  impl.RoleInfo (RoleInfo.java:updateAndGet(143)) - 6b24a2ab-97ee-4d49-85cc-2d76c2f4b8ef: start FollowerState
2019-10-16 21:55:10,030 [grpc-default-executor-0] INFO  impl.RoleInfo (RoleInfo.java:shutdownFollowerState(121)) - a32408a4-f19d-4bad-97c5-ba33ae94fc9a: shutdown FollowerState
2019-10-16 21:55:10,031 [grpc-default-executor-0] INFO  impl.RoleInfo (RoleInfo.java:updateAndGet(143)) - a32408a4-f19d-4bad-97c5-ba33ae94fc9a: start FollowerState
2019-10-16 21:55:10,031 [Thread-946] INFO  impl.FollowerState (FollowerState.java:run(117)) - a32408a4-f19d-4bad-97c5-ba33ae94fc9a@group-569FAC3F8BCE-FollowerState was interrupted: java.lang.InterruptedException: sleep interrupted
2019-10-16 21:55:10,052 [277b5c5e-8c6f-4c9a-a53f-1bbc96404e12@group-569FAC3F8BCE-LeaderElection115] INFO  impl.LeaderElection (LeaderElection.java:logAndReturn(56)) - 277b5c5e-8c6f-4c9a-a53f-1bbc96404e12@group-569FAC3F8BCE-LeaderElection115: Election REJECTED; received 2 response(s) [277b5c5e-8c6f-4c9a-a53f-1bbc96404e12<-6b24a2ab-97ee-4d49-85cc-2d76c2f4b8ef#0:FAIL-t107, 277b5c5e-8c6f-4c9a-a53f-1bbc96404e12<-a32408a4-f19d-4bad-97c5-ba33ae94fc9a#0:FAIL-t107] and 0 exception(s); 277b5c5e-8c6f-4c9a-a53f-1bbc96404e12@group-569FAC3F8BCE:t107, leader=null, voted=277b5c5e-8c6f-4c9a-a53f-1bbc96404e12, raftlog=277b5c5e-8c6f-4c9a-a53f-1bbc96404e12@group-569FAC3F8BCE-SegmentedRaftLog:OPENED:c-1,f-1,i0, conf=-1: [a32408a4-f19d-4bad-97c5-ba33ae94fc9a:192.168.157.254:38721, 6b24a2ab-97ee-4d49-85cc-2d76c2f4b8ef:192.168.157.254:41080, 277b5c5e-8c6f-4c9a-a53f-1bbc96404e12:192.168.157.254:41416], old=null
2019-10-16 21:55:10,052 [277b5c5e-8c6f-4c9a-a53f-1bbc96404e12@group-569FAC3F8BCE-LeaderElection115] INFO  impl.RaftServerImpl (RaftServerImpl.java:setRole(184)) - 277b5c5e-8c6f-4c9a-a53f-1bbc96404e12@group-569FAC3F8BCE: changes role from CANDIDATE to FOLLOWER at term 107 for DISCOVERED_A_NEW_TERM
2019-10-16 21:55:10,052 [277b5c5e-8c6f-4c9a-a53f-1bbc96404e12@group-569FAC3F8BCE-LeaderElection115] INFO  impl.RoleInfo (RoleInfo.java:shutdownLeaderElection(134)) - 277b5c5e-8c6f-4c9a-a53f-1bbc96404e12: shutdown LeaderElection
2019-10-16 21:55:10,052 [277b5c5e-8c6f-4c9a-a53f-1bbc96404e12@group-569FAC3F8BCE-LeaderElection115] INFO  impl.RoleInfo (RoleInfo.java:updateAndGet(143)) - 277b5c5e-8c6f-4c9a-a53f-1bbc96404e12: start FollowerState
2019-10-16 21:55:10,073 [Thread-954] INFO  impl.FollowerState (FollowerState.java:run(108)) - 277b5c5e-8c6f-4c9a-a53f-1bbc96404e12@group-569FAC3F8BCE-FollowerState: change to CANDIDATE, lastRpcTime:21ms, electionTimeout:21ms
2019-10-16 21:55:10,074 [Thread-954] INFO  impl.RoleInfo (RoleInfo.java:shutdownFollowerState(121)) - 277b5c5e-8c6f-4c9a-a53f-1bbc96404e12: shutdown FollowerState
2019-10-16 21:55:10,074 [Thread-954] INFO  impl.RaftServerImpl (RaftServerImpl.java:setRole(184)) - 277b5c5e-8c6f-4c9a-a53f-1bbc96404e12@group-569FAC3F8BCE: changes role from  FOLLOWER to CANDIDATE at term 107 for changeToCandidate
2019-10-16 21:55:10,074 [Thread-954] INFO  impl.RoleInfo (RoleInfo.java:updateAndGet(143)) - 277b5c5e-8c6f-4c9a-a53f-1bbc96404e12: start LeaderElection
2019-10-16 21:55:10,089 [277b5c5e-8c6f-4c9a-a53f-1bbc96404e12@group-569FAC3F8BCE-LeaderElection116] INFO  impl.LeaderElection (LeaderElection.java:askForVotes(178)) - 277b5c5e-8c6f-4c9a-a53f-1bbc96404e12@group-569FAC3F8BCE-LeaderElection116: begin an election at term 108 for -1: [a32408a4-f19d-4bad-97c5-ba33ae94fc9a:192.168.157.254:38721, 6b24a2ab-97ee-4d49-85cc-2d76c2f4b8ef:192.168.157.254:41080, 277b5c5e-8c6f-4c9a-a53f-1bbc96404e12:192.168.157.254:41416], old=null
2019-10-16 21:55:10,092 [grpc-default-executor-1] INFO  impl.RaftServerImpl (RaftServerImpl.java:setRole(184)) - a32408a4-f19d-4bad-97c5-ba33ae94fc9a@group-569FAC3F8BCE: changes role from  FOLLOWER to FOLLOWER at term 108 for recognizeCandidate:277b5c5e-8c6f-4c9a-a53f-1bbc96404e12
2019-10-16 21:55:10,092 [grpc-default-executor-0] INFO  impl.RaftServerImpl (RaftServerImpl.java:setRole(184)) - 6b24a2ab-97ee-4d49-85cc-2d76c2f4b8ef@group-569FAC3F8BCE: changes role from  FOLLOWER to FOLLOWER at term 108 for recognizeCandidate:277b5c5e-8c6f-4c9a-a53f-1bbc96404e12
2019-10-16 21:55:10,092 [grpc-default-executor-0] INFO  impl.RoleInfo (RoleInfo.java:shutdownFollowerState(121)) - 6b24a2ab-97ee-4d49-85cc-2d76c2f4b8ef: shutdown FollowerState
2019-10-16 21:55:10,092 [grpc-default-executor-1] INFO  impl.RoleInfo (RoleInfo.java:shutdownFollowerState(121)) - a32408a4-f19d-4bad-97c5-ba33ae94fc9a: shutdown FollowerState
2019-10-16 21:55:10,092 [Thread-952] INFO  impl.FollowerState (FollowerState.java:run(117)) - 6b24a2ab-97ee-4d49-85cc-2d76c2f4b8ef@group-569FAC3F8BCE-FollowerState was interrupted: java.lang.InterruptedException: sleep interrupted
2019-10-16 21:55:10,092 [grpc-default-executor-0] INFO  impl.RoleInfo (RoleInfo.java:updateAndGet(143)) - 6b24a2ab-97ee-4d49-85cc-2d76c2f4b8ef: start FollowerState
2019-10-16 21:55:10,093 [Thread-953] INFO  impl.FollowerState (FollowerState.java:run(117)) - a32408a4-f19d-4bad-97c5-ba33ae94fc9a@group-569FAC3F8BCE-FollowerState was interrupted: java.lang.InterruptedException: sleep interrupted
2019-10-16 21:55:10,093 [grpc-default-executor-1] INFO  impl.RoleInfo (RoleInfo.java:updateAndGet(143)) - a32408a4-f19d-4bad-97c5-ba33ae94fc9a: start FollowerState
2019-10-16 21:55:10,118 [277b5c5e-8c6f-4c9a-a53f-1bbc96404e12@group-569FAC3F8BCE-LeaderElection116] INFO  impl.LeaderElection (LeaderElection.java:logAndReturn(56)) - 277b5c5e-8c6f-4c9a-a53f-1bbc96404e12@group-569FAC3F8BCE-LeaderElection116: Election REJECTED; received 2 response(s) [277b5c5e-8c6f-4c9a-a53f-1bbc96404e12<-a32408a4-f19d-4bad-97c5-ba33ae94fc9a#0:FAIL-t108, 277b5c5e-8c6f-4c9a-a53f-1bbc96404e12<-6b24a2ab-97ee-4d49-85cc-2d76c2f4b8ef#0:FAIL-t108] and 0 exception(s); 277b5c5e-8c6f-4c9a-a53f-1bbc96404e12@group-569FAC3F8BCE:t108, leader=null, voted=277b5c5e-8c6f-4c9a-a53f-1bbc96404e12, raftlog=277b5c5e-8c6f-4c9a-a53f-1bbc96404e12@group-569FAC3F8BCE-SegmentedRaftLog:OPENED:c-1,f-1,i0, conf=-1: [a32408a4-f19d-4bad-97c5-ba33ae94fc9a:192.168.157.254:38721, 6b24a2ab-97ee-4d49-85cc-2d76c2f4b8ef:192.168.157.254:41080, 277b5c5e-8c6f-4c9a-a53f-1bbc96404e12:192.168.157.254:41416], old=null
2019-10-16 21:55:10,118 [277b5c5e-8c6f-4c9a-a53f-1bbc96404e12@group-569FAC3F8BCE-LeaderElection116] INFO  impl.RaftServerImpl (RaftServerImpl.java:setRole(184)) - 277b5c5e-8c6f-4c9a-a53f-1bbc96404e12@group-569FAC3F8BCE: changes role from CANDIDATE to FOLLOWER at term 108 for DISCOVERED_A_NEW_TERM
2019-10-16 21:55:10,119 [277b5c5e-8c6f-4c9a-a53f-1bbc96404e12@group-569FAC3F8BCE-LeaderElection116] INFO  impl.RoleInfo (RoleInfo.java:shutdownLeaderElection(134)) - 277b5c5e-8c6f-4c9a-a53f-1bbc96404e12: shutdown LeaderElection
2019-10-16 21:55:10,119 [277b5c5e-8c6f-4c9a-a53f-1bbc96404e12@group-569FAC3F8BCE-LeaderElection116] INFO  impl.RoleInfo (RoleInfo.java:updateAndGet(143)) - 277b5c5e-8c6f-4c9a-a53f-1bbc96404e12: start FollowerState
2019-10-16 21:55:10,258 [Thread-960] INFO  impl.FollowerState (FollowerState.java:run(108)) - 277b5c5e-8c6f-4c9a-a53f-1bbc96404e12@group-569FAC3F8BCE-FollowerState: change to CANDIDATE, lastRpcTime:139ms, electionTimeout:139ms
2019-10-16 21:55:10,258 [Thread-960] INFO  impl.RoleInfo (RoleInfo.java:shutdownFollowerState(121)) - 277b5c5e-8c6f-4c9a-a53f-1bbc96404e12: shutdown FollowerState
2019-10-16 21:55:10,258 [Thread-960] INFO  impl.RaftServerImpl (RaftServerImpl.java:setRole(184)) - 277b5c5e-8c6f-4c9a-a53f-1bbc96404e12@group-569FAC3F8BCE: changes role from  FOLLOWER to CANDIDATE at term 108 for changeToCandidate
2019-10-16 21:55:10,259 [Thread-960] INFO  impl.RoleInfo (RoleInfo.java:updateAndGet(143)) - 277b5c5e-8c6f-4c9a-a53f-1bbc96404e12: start LeaderElection
2019-10-16 21:55:10,272 [277b5c5e-8c6f-4c9a-a53f-1bbc96404e12@group-569FAC3F8BCE-LeaderElection117] INFO  impl.LeaderElection (LeaderElection.java:askForVotes(178)) - 277b5c5e-8c6f-4c9a-a53f-1bbc96404e12@group-569FAC3F8BCE-LeaderElection117: begin an election at term 109 for -1: [a32408a4-f19d-4bad-97c5-ba33ae94fc9a:192.168.157.254:38721, 6b24a2ab-97ee-4d49-85cc-2d76c2f4b8ef:192.168.157.254:41080, 277b5c5e-8c6f-4c9a-a53f-1bbc96404e12:192.168.157.254:41416], old=null
2019-10-16 21:55:10,275 [grpc-default-executor-1] INFO  impl.RaftServerImpl (RaftServerImpl.java:setRole(184)) - a32408a4-f19d-4bad-97c5-ba33ae94fc9a@group-569FAC3F8BCE: changes role from  FOLLOWER to FOLLOWER at term 109 for recognizeCandidate:277b5c5e-8c6f-4c9a-a53f-1bbc96404e12
2019-10-16 21:55:10,275 [grpc-default-executor-1] INFO  impl.RoleInfo (RoleInfo.java:shutdownFollowerState(121)) - a32408a4-f19d-4bad-97c5-ba33ae94fc9a: shutdown FollowerState
2019-10-16 21:55:10,275 [grpc-default-executor-0] INFO  impl.RaftServerImpl (RaftServerImpl.java:setRole(184)) - 6b24a2ab-97ee-4d49-85cc-2d76c2f4b8ef@group-569FAC3F8BCE: changes role from  FOLLOWER to FOLLOWER at term 109 for recognizeCandidate:277b5c5e-8c6f-4c9a-a53f-1bbc96404e12
2019-10-16 21:55:10,275 [Thread-959] INFO  impl.FollowerState (FollowerState.java:run(117)) - a32408a4-f19d-4bad-97c5-ba33ae94fc9a@group-569FAC3F8BCE-FollowerState was interrupted: java.lang.InterruptedException: sleep interrupted
2019-10-16 21:55:10,275 [grpc-default-executor-1] INFO  impl.RoleInfo (RoleInfo.java:updateAndGet(143)) - a32408a4-f19d-4bad-97c5-ba33ae94fc9a: start FollowerState
2019-10-16 21:55:10,275 [grpc-default-executor-0] INFO  impl.RoleInfo (RoleInfo.java:shutdownFollowerState(121)) - 6b24a2ab-97ee-4d49-85cc-2d76c2f4b8ef: shutdown FollowerState
2019-10-16 21:55:10,276 [grpc-default-executor-0] INFO  impl.RoleInfo (RoleInfo.java:updateAndGet(143)) - 6b24a2ab-97ee-4d49-85cc-2d76c2f4b8ef: start FollowerState
2019-10-16 21:55:10,276 [Thread-958] INFO  impl.FollowerState (FollowerState.java:run(117)) - 6b24a2ab-97ee-4d49-85cc-2d76c2f4b8ef@group-569FAC3F8BCE-FollowerState was interrupted: java.lang.InterruptedException: sleep interrupted
2019-10-16 21:55:10,320 [277b5c5e-8c6f-4c9a-a53f-1bbc96404e12@group-569FAC3F8BCE-LeaderElection117] INFO  impl.LeaderElection (LeaderElection.java:logAndReturn(56)) - 277b5c5e-8c6f-4c9a-a53f-1bbc96404e12@group-569FAC3F8BCE-LeaderElection117: Election REJECTED; received 2 response(s) [277b5c5e-8c6f-4c9a-a53f-1bbc96404e12<-a32408a4-f19d-4bad-97c5-ba33ae94fc9a#0:FAIL-t109, 277b5c5e-8c6f-4c9a-a53f-1bbc96404e12<-6b24a2ab-97ee-4d49-85cc-2d76c2f4b8ef#0:FAIL-t109] and 0 exception(s); 277b5c5e-8c6f-4c9a-a53f-1bbc96404e12@group-569FAC3F8BCE:t109, leader=null, voted=277b5c5e-8c6f-4c9a-a53f-1bbc96404e12, raftlog=277b5c5e-8c6f-4c9a-a53f-1bbc96404e12@group-569FAC3F8BCE-SegmentedRaftLog:OPENED:c-1,f-1,i0, conf=-1: [a32408a4-f19d-4bad-97c5-ba33ae94fc9a:192.168.157.254:38721, 6b24a2ab-97ee-4d49-85cc-2d76c2f4b8ef:192.168.157.254:41080, 277b5c5e-8c6f-4c9a-a53f-1bbc96404e12:192.168.157.254:41416], old=null
2019-10-16 21:55:10,320 [277b5c5e-8c6f-4c9a-a53f-1bbc96404e12@group-569FAC3F8BCE-LeaderElection117] INFO  impl.RaftServerImpl (RaftServerImpl.java:setRole(184)) - 277b5c5e-8c6f-4c9a-a53f-1bbc96404e12@group-569FAC3F8BCE: changes role from CANDIDATE to FOLLOWER at term 109 for DISCOVERED_A_NEW_TERM
2019-10-16 21:55:10,321 [277b5c5e-8c6f-4c9a-a53f-1bbc96404e12@group-569FAC3F8BCE-LeaderElection117] INFO  impl.RoleInfo (RoleInfo.java:shutdownLeaderElection(134)) - 277b5c5e-8c6f-4c9a-a53f-1bbc96404e12: shutdown LeaderElection
2019-10-16 21:55:10,321 [277b5c5e-8c6f-4c9a-a53f-1bbc96404e12@group-569FAC3F8BCE-LeaderElection117] INFO  impl.RoleInfo (RoleInfo.java:updateAndGet(143)) - 277b5c5e-8c6f-4c9a-a53f-1bbc96404e12: start FollowerState
2019-10-16 21:55:10,501 [Thread-966] INFO  impl.FollowerState (FollowerState.java:run(108)) - 277b5c5e-8c6f-4c9a-a53f-1bbc96404e12@group-569FAC3F8BCE-FollowerState: change to CANDIDATE, lastRpcTime:180ms, electionTimeout:180ms
2019-10-16 21:55:10,502 [Thread-966] INFO  impl.RoleInfo (RoleInfo.java:shutdownFollowerState(121)) - 277b5c5e-8c6f-4c9a-a53f-1bbc96404e12: shutdown FollowerState
2019-10-16 21:55:10,502 [Thread-966] INFO  impl.RaftServerImpl (RaftServerImpl.java:setRole(184)) - 277b5c5e-8c6f-4c9a-a53f-1bbc96404e12@group-569FAC3F8BCE: changes role from  FOLLOWER to CANDIDATE at term 109 for changeToCandidate
2019-10-16 21:55:10,502 [Thread-966] INFO  impl.RoleInfo (RoleInfo.java:updateAndGet(143)) - 277b5c5e-8c6f-4c9a-a53f-1bbc96404e12: start LeaderElection
2019-10-16 21:55:10,512 [277b5c5e-8c6f-4c9a-a53f-1bbc96404e12@group-569FAC3F8BCE-LeaderElection118] INFO  impl.LeaderElection (LeaderElection.java:askForVotes(178)) - 277b5c5e-8c6f-4c9a-a53f-1bbc96404e12@group-569FAC3F8BCE-LeaderElection118: begin an election at term 110 for -1: [a32408a4-f19d-4bad-97c5-ba33ae94fc9a:192.168.157.254:38721, 6b24a2ab-97ee-4d49-85cc-2d76c2f4b8ef:192.168.157.254:41080, 277b5c5e-8c6f-4c9a-a53f-1bbc96404e12:192.168.157.254:41416], old=null
2019-10-16 21:55:10,516 [grpc-default-executor-0] INFO  impl.RaftServerImpl (RaftServerImpl.java:setRole(184)) - a32408a4-f19d-4bad-97c5-ba33ae94fc9a@group-569FAC3F8BCE: changes role from  FOLLOWER to FOLLOWER at term 110 for recognizeCandidate:277b5c5e-8c6f-4c9a-a53f-1bbc96404e12
2019-10-16 21:55:10,516 [grpc-default-executor-1] INFO  impl.RaftServerImpl (RaftServerImpl.java:setRole(184)) - 6b24a2ab-97ee-4d49-85cc-2d76c2f4b8ef@group-569FAC3F8BCE: changes role from  FOLLOWER to FOLLOWER at term 110 for recognizeCandidate:277b5c5e-8c6f-4c9a-a53f-1bbc96404e12
2019-10-16 21:55:10,516 [grpc-default-executor-0] INFO  impl.RoleInfo (RoleInfo.java:shutdownFollowerState(121)) - a32408a4-f19d-4bad-97c5-ba33ae94fc9a: shutdown FollowerState
2019-10-16 21:55:10,516 [grpc-default-executor-1] INFO  impl.RoleInfo (RoleInfo.java:shutdownFollowerState(121)) - 6b24a2ab-97ee-4d49-85cc-2d76c2f4b8ef: shutdown FollowerState
2019-10-16 21:55:10,517 [Thread-965] INFO  impl.FollowerState (FollowerState.java:run(117)) - 6b24a2ab-97ee-4d49-85cc-2d76c2f4b8ef@group-569FAC3F8BCE-FollowerState was interrupted: java.lang.InterruptedException: sleep interrupted
2019-10-16 21:55:10,517 [Thread-964] INFO  impl.FollowerState (FollowerState.java:run(117)) - a32408a4-f19d-4bad-97c5-ba33ae94fc9a@group-569FAC3F8BCE-FollowerState was interrupted: java.lang.InterruptedException: sleep interrupted
2019-10-16 21:55:10,517 [grpc-default-executor-0] INFO  impl.RoleInfo (RoleInfo.java:updateAndGet(143)) - a32408a4-f19d-4bad-97c5-ba33ae94fc9a: start FollowerState
2019-10-16 21:55:10,517 [grpc-default-executor-1] INFO  impl.RoleInfo (RoleInfo.java:updateAndGet(143)) - 6b24a2ab-97ee-4d49-85cc-2d76c2f4b8ef: start FollowerState
2019-10-16 21:55:10,528 [277b5c5e-8c6f-4c9a-a53f-1bbc96404e12@group-569FAC3F8BCE-LeaderElection118] INFO  impl.LeaderElection (LeaderElection.java:logAndReturn(56)) - 277b5c5e-8c6f-4c9a-a53f-1bbc96404e12@group-569FAC3F8BCE-LeaderElection118: Election REJECTED; received 2 response(s) [277b5c5e-8c6f-4c9a-a53f-1bbc96404e12<-6b24a2ab-97ee-4d49-85cc-2d76c2f4b8ef#0:FAIL-t110, 277b5c5e-8c6f-4c9a-a53f-1bbc96404e12<-a32408a4-f19d-4bad-97c5-ba33ae94fc9a#0:FAIL-t110] and 0 exception(s); 277b5c5e-8c6f-4c9a-a53f-1bbc96404e12@group-569FAC3F8BCE:t110, leader=null, voted=277b5c5e-8c6f-4c9a-a53f-1bbc96404e12, raftlog=277b5c5e-8c6f-4c9a-a53f-1bbc96404e12@group-569FAC3F8BCE-SegmentedRaftLog:OPENED:c-1,f-1,i0, conf=-1: [a32408a4-f19d-4bad-97c5-ba33ae94fc9a:192.168.157.254:38721, 6b24a2ab-97ee-4d49-85cc-2d76c2f4b8ef:192.168.157.254:41080, 277b5c5e-8c6f-4c9a-a53f-1bbc96404e12:192.168.157.254:41416], old=null
2019-10-16 21:55:10,528 [277b5c5e-8c6f-4c9a-a53f-1bbc96404e12@group-569FAC3F8BCE-LeaderElection118] INFO  impl.RaftServerImpl (RaftServerImpl.java:setRole(184)) - 277b5c5e-8c6f-4c9a-a53f-1bbc96404e12@group-569FAC3F8BCE: changes role from CANDIDATE to FOLLOWER at term 110 for DISCOVERED_A_NEW_TERM
2019-10-16 21:55:10,528 [277b5c5e-8c6f-4c9a-a53f-1bbc96404e12@group-569FAC3F8BCE-LeaderElection118] INFO  impl.RoleInfo (RoleInfo.java:shutdownLeaderElection(134)) - 277b5c5e-8c6f-4c9a-a53f-1bbc96404e12: shutdown LeaderElection
2019-10-16 21:55:10,528 [277b5c5e-8c6f-4c9a-a53f-1bbc96404e12@group-569FAC3F8BCE-LeaderElection118] INFO  impl.RoleInfo (RoleInfo.java:updateAndGet(143)) - 277b5c5e-8c6f-4c9a-a53f-1bbc96404e12: start FollowerState
2019-10-16 21:55:10,566 [Thread-0] INFO  ozone.MiniOzoneClusterImpl (MiniOzoneClusterImpl.java:lambda$waitForClusterToBeReady$2(164)) - Waiting for 1 number of pipelines out of 4, to report a leader.
2019-10-16 21:55:10,575 [Thread-972] INFO  impl.FollowerState (FollowerState.java:run(108)) - 277b5c5e-8c6f-4c9a-a53f-1bbc96404e12@group-569FAC3F8BCE-FollowerState: change to CANDIDATE, lastRpcTime:46ms, electionTimeout:46ms
2019-10-16 21:55:10,575 [Thread-972] INFO  impl.RoleInfo (RoleInfo.java:shutdownFollowerState(121)) - 277b5c5e-8c6f-4c9a-a53f-1bbc96404e12: shutdown FollowerState
2019-10-16 21:55:10,575 [Thread-972] INFO  impl.RaftServerImpl (RaftServerImpl.java:setRole(184)) - 277b5c5e-8c6f-4c9a-a53f-1bbc96404e12@group-569FAC3F8BCE: changes role from  FOLLOWER to CANDIDATE at term 110 for changeToCandidate
2019-10-16 21:55:10,575 [Thread-972] INFO  impl.RoleInfo (RoleInfo.java:updateAndGet(143)) - 277b5c5e-8c6f-4c9a-a53f-1bbc96404e12: start LeaderElection
2019-10-16 21:55:10,584 [277b5c5e-8c6f-4c9a-a53f-1bbc96404e12@group-569FAC3F8BCE-LeaderElection119] INFO  impl.LeaderElection (LeaderElection.java:askForVotes(178)) - 277b5c5e-8c6f-4c9a-a53f-1bbc96404e12@group-569FAC3F8BCE-LeaderElection119: begin an election at term 111 for -1: [a32408a4-f19d-4bad-97c5-ba33ae94fc9a:192.168.157.254:38721, 6b24a2ab-97ee-4d49-85cc-2d76c2f4b8ef:192.168.157.254:41080, 277b5c5e-8c6f-4c9a-a53f-1bbc96404e12:192.168.157.254:41416], old=null
2019-10-16 21:55:10,587 [grpc-default-executor-0] INFO  impl.RaftServerImpl (RaftServerImpl.java:setRole(184)) - a32408a4-f19d-4bad-97c5-ba33ae94fc9a@group-569FAC3F8BCE: changes role from  FOLLOWER to FOLLOWER at term 111 for recognizeCandidate:277b5c5e-8c6f-4c9a-a53f-1bbc96404e12
2019-10-16 21:55:10,587 [grpc-default-executor-1] INFO  impl.RaftServerImpl (RaftServerImpl.java:setRole(184)) - 6b24a2ab-97ee-4d49-85cc-2d76c2f4b8ef@group-569FAC3F8BCE: changes role from  FOLLOWER to FOLLOWER at term 111 for recognizeCandidate:277b5c5e-8c6f-4c9a-a53f-1bbc96404e12
2019-10-16 21:55:10,587 [grpc-default-executor-0] INFO  impl.RoleInfo (RoleInfo.java:shutdownFollowerState(121)) - a32408a4-f19d-4bad-97c5-ba33ae94fc9a: shutdown FollowerState
2019-10-16 21:55:10,587 [grpc-default-executor-1] INFO  impl.RoleInfo (RoleInfo.java:shutdownFollowerState(121)) - 6b24a2ab-97ee-4d49-85cc-2d76c2f4b8ef: shutdown FollowerState
2019-10-16 21:55:10,588 [Thread-970] INFO  impl.FollowerState (FollowerState.java:run(117)) - a32408a4-f19d-4bad-97c5-ba33ae94fc9a@group-569FAC3F8BCE-FollowerState was interrupted: java.lang.InterruptedException: sleep interrupted
2019-10-16 21:55:10,588 [grpc-default-executor-0] INFO  impl.RoleInfo (RoleInfo.java:updateAndGet(143)) - a32408a4-f19d-4bad-97c5-ba33ae94fc9a: start FollowerState
2019-10-16 21:55:10,588 [Thread-971] INFO  impl.FollowerState (FollowerState.java:run(117)) - 6b24a2ab-97ee-4d49-85cc-2d76c2f4b8ef@group-569FAC3F8BCE-FollowerState was interrupted: java.lang.InterruptedException: sleep interrupted
2019-10-16 21:55:10,588 [grpc-default-executor-1] INFO  impl.RoleInfo (RoleInfo.java:updateAndGet(143)) - 6b24a2ab-97ee-4d49-85cc-2d76c2f4b8ef: start FollowerState
2019-10-16 21:55:10,602 [277b5c5e-8c6f-4c9a-a53f-1bbc96404e12@group-569FAC3F8BCE-LeaderElection119] INFO  impl.LeaderElection (LeaderElection.java:logAndReturn(56)) - 277b5c5e-8c6f-4c9a-a53f-1bbc96404e12@group-569FAC3F8BCE-LeaderElection119: Election REJECTED; received 2 response(s) [277b5c5e-8c6f-4c9a-a53f-1bbc96404e12<-a32408a4-f19d-4bad-97c5-ba33ae94fc9a#0:FAIL-t111, 277b5c5e-8c6f-4c9a-a53f-1bbc96404e12<-6b24a2ab-97ee-4d49-85cc-2d76c2f4b8ef#0:FAIL-t111] and 0 exception(s); 277b5c5e-8c6f-4c9a-a53f-1bbc96404e12@group-569FAC3F8BCE:t111, leader=null, voted=277b5c5e-8c6f-4c9a-a53f-1bbc96404e12, raftlog=277b5c5e-8c6f-4c9a-a53f-1bbc96404e12@group-569FAC3F8BCE-SegmentedRaftLog:OPENED:c-1,f-1,i0, conf=-1: [a32408a4-f19d-4bad-97c5-ba33ae94fc9a:192.168.157.254:38721, 6b24a2ab-97ee-4d49-85cc-2d76c2f4b8ef:192.168.157.254:41080, 277b5c5e-8c6f-4c9a-a53f-1bbc96404e12:192.168.157.254:41416], old=null
2019-10-16 21:55:10,602 [277b5c5e-8c6f-4c9a-a53f-1bbc96404e12@group-569FAC3F8BCE-LeaderElection119] INFO  impl.RaftServerImpl (RaftServerImpl.java:setRole(184)) - 277b5c5e-8c6f-4c9a-a53f-1bbc96404e12@group-569FAC3F8BCE: changes role from CANDIDATE to FOLLOWER at term 111 for DISCOVERED_A_NEW_TERM
2019-10-16 21:55:10,602 [277b5c5e-8c6f-4c9a-a53f-1bbc96404e12@group-569FAC3F8BCE-LeaderElection119] INFO  impl.RoleInfo (RoleInfo.java:shutdownLeaderElection(134)) - 277b5c5e-8c6f-4c9a-a53f-1bbc96404e12: shutdown LeaderElection
2019-10-16 21:55:10,602 [277b5c5e-8c6f-4c9a-a53f-1bbc96404e12@group-569FAC3F8BCE-LeaderElection119] INFO  impl.RoleInfo (RoleInfo.java:updateAndGet(143)) - 277b5c5e-8c6f-4c9a-a53f-1bbc96404e12: start FollowerState
2019-10-16 21:55:10,617 [Thread-978] INFO  impl.FollowerState (FollowerState.java:run(108)) - 277b5c5e-8c6f-4c9a-a53f-1bbc96404e12@group-569FAC3F8BCE-FollowerState: change to CANDIDATE, lastRpcTime:14ms, electionTimeout:14ms
2019-10-16 21:55:10,617 [Thread-978] INFO  impl.RoleInfo (RoleInfo.java:shutdownFollowerState(121)) - 277b5c5e-8c6f-4c9a-a53f-1bbc96404e12: shutdown FollowerState
2019-10-16 21:55:10,617 [Thread-978] INFO  impl.RaftServerImpl (RaftServerImpl.java:setRole(184)) - 277b5c5e-8c6f-4c9a-a53f-1bbc96404e12@group-569FAC3F8BCE: changes role from  FOLLOWER to CANDIDATE at term 111 for changeToCandidate
2019-10-16 21:55:10,617 [Thread-978] INFO  impl.RoleInfo (RoleInfo.java:updateAndGet(143)) - 277b5c5e-8c6f-4c9a-a53f-1bbc96404e12: start LeaderElection
2019-10-16 21:55:10,631 [277b5c5e-8c6f-4c9a-a53f-1bbc96404e12@group-569FAC3F8BCE-LeaderElection120] INFO  impl.LeaderElection (LeaderElection.java:askForVotes(178)) - 277b5c5e-8c6f-4c9a-a53f-1bbc96404e12@group-569FAC3F8BCE-LeaderElection120: begin an election at term 112 for -1: [a32408a4-f19d-4bad-97c5-ba33ae94fc9a:192.168.157.254:38721, 6b24a2ab-97ee-4d49-85cc-2d76c2f4b8ef:192.168.157.254:41080, 277b5c5e-8c6f-4c9a-a53f-1bbc96404e12:192.168.157.254:41416], old=null
2019-10-16 21:55:10,633 [grpc-default-executor-0] INFO  impl.RaftServerImpl (RaftServerImpl.java:setRole(184)) - a32408a4-f19d-4bad-97c5-ba33ae94fc9a@group-569FAC3F8BCE: changes role from  FOLLOWER to FOLLOWER at term 112 for recognizeCandidate:277b5c5e-8c6f-4c9a-a53f-1bbc96404e12
2019-10-16 21:55:10,634 [grpc-default-executor-0] INFO  impl.RoleInfo (RoleInfo.java:shutdownFollowerState(121)) - a32408a4-f19d-4bad-97c5-ba33ae94fc9a: shutdown FollowerState
2019-10-16 21:55:10,634 [grpc-default-executor-1] INFO  impl.RaftServerImpl (RaftServerImpl.java:setRole(184)) - 6b24a2ab-97ee-4d49-85cc-2d76c2f4b8ef@group-569FAC3F8BCE: changes role from  FOLLOWER to FOLLOWER at term 112 for recognizeCandidate:277b5c5e-8c6f-4c9a-a53f-1bbc96404e12
2019-10-16 21:55:10,634 [Thread-976] INFO  impl.FollowerState (FollowerState.java:run(117)) - a32408a4-f19d-4bad-97c5-ba33ae94fc9a@group-569FAC3F8BCE-FollowerState was interrupted: java.lang.InterruptedException: sleep interrupted
2019-10-16 21:55:10,634 [grpc-default-executor-0] INFO  impl.RoleInfo (RoleInfo.java:updateAndGet(143)) - a32408a4-f19d-4bad-97c5-ba33ae94fc9a: start FollowerState
2019-10-16 21:55:10,634 [grpc-default-executor-1] INFO  impl.RoleInfo (RoleInfo.java:shutdownFollowerState(121)) - 6b24a2ab-97ee-4d49-85cc-2d76c2f4b8ef: shutdown FollowerState
2019-10-16 21:55:10,635 [grpc-default-executor-1] INFO  impl.RoleInfo (RoleInfo.java:updateAndGet(143)) - 6b24a2ab-97ee-4d49-85cc-2d76c2f4b8ef: start FollowerState
2019-10-16 21:55:10,635 [Thread-977] INFO  impl.FollowerState (FollowerState.java:run(117)) - 6b24a2ab-97ee-4d49-85cc-2d76c2f4b8ef@group-569FAC3F8BCE-FollowerState was interrupted: java.lang.InterruptedException: sleep interrupted
2019-10-16 21:55:10,661 [277b5c5e-8c6f-4c9a-a53f-1bbc96404e12@group-569FAC3F8BCE-LeaderElection120] INFO  impl.LeaderElection (LeaderElection.java:logAndReturn(56)) - 277b5c5e-8c6f-4c9a-a53f-1bbc96404e12@group-569FAC3F8BCE-LeaderElection120: Election REJECTED; received 2 response(s) [277b5c5e-8c6f-4c9a-a53f-1bbc96404e12<-a32408a4-f19d-4bad-97c5-ba33ae94fc9a#0:FAIL-t112, 277b5c5e-8c6f-4c9a-a53f-1bbc96404e12<-6b24a2ab-97ee-4d49-85cc-2d76c2f4b8ef#0:FAIL-t112] and 0 exception(s); 277b5c5e-8c6f-4c9a-a53f-1bbc96404e12@group-569FAC3F8BCE:t112, leader=null, voted=277b5c5e-8c6f-4c9a-a53f-1bbc96404e12, raftlog=277b5c5e-8c6f-4c9a-a53f-1bbc96404e12@group-569FAC3F8BCE-SegmentedRaftLog:OPENED:c-1,f-1,i0, conf=-1: [a32408a4-f19d-4bad-97c5-ba33ae94fc9a:192.168.157.254:38721, 6b24a2ab-97ee-4d49-85cc-2d76c2f4b8ef:192.168.157.254:41080, 277b5c5e-8c6f-4c9a-a53f-1bbc96404e12:192.168.157.254:41416], old=null
2019-10-16 21:55:10,661 [277b5c5e-8c6f-4c9a-a53f-1bbc96404e12@group-569FAC3F8BCE-LeaderElection120] INFO  impl.RaftServerImpl (RaftServerImpl.java:setRole(184)) - 277b5c5e-8c6f-4c9a-a53f-1bbc96404e12@group-569FAC3F8BCE: changes role from CANDIDATE to FOLLOWER at term 112 for DISCOVERED_A_NEW_TERM
2019-10-16 21:55:10,661 [277b5c5e-8c6f-4c9a-a53f-1bbc96404e12@group-569FAC3F8BCE-LeaderElection120] INFO  impl.RoleInfo (RoleInfo.java:shutdownLeaderElection(134)) - 277b5c5e-8c6f-4c9a-a53f-1bbc96404e12: shutdown LeaderElection
2019-10-16 21:55:10,662 [277b5c5e-8c6f-4c9a-a53f-1bbc96404e12@group-569FAC3F8BCE-LeaderElection120] INFO  impl.RoleInfo (RoleInfo.java:updateAndGet(143)) - 277b5c5e-8c6f-4c9a-a53f-1bbc96404e12: start FollowerState
2019-10-16 21:55:10,727 [Thread-984] INFO  impl.FollowerState (FollowerState.java:run(108)) - 277b5c5e-8c6f-4c9a-a53f-1bbc96404e12@group-569FAC3F8BCE-FollowerState: change to CANDIDATE, lastRpcTime:65ms, electionTimeout:65ms
2019-10-16 21:55:10,727 [Thread-984] INFO  impl.RoleInfo (RoleInfo.java:shutdownFollowerState(121)) - 277b5c5e-8c6f-4c9a-a53f-1bbc96404e12: shutdown FollowerState
2019-10-16 21:55:10,727 [Thread-984] INFO  impl.RaftServerImpl (RaftServerImpl.java:setRole(184)) - 277b5c5e-8c6f-4c9a-a53f-1bbc96404e12@group-569FAC3F8BCE: changes role from  FOLLOWER to CANDIDATE at term 112 for changeToCandidate
2019-10-16 21:55:10,728 [Thread-984] INFO  impl.RoleInfo (RoleInfo.java:updateAndGet(143)) - 277b5c5e-8c6f-4c9a-a53f-1bbc96404e12: start LeaderElection
2019-10-16 21:55:10,743 [277b5c5e-8c6f-4c9a-a53f-1bbc96404e12@group-569FAC3F8BCE-LeaderElection121] INFO  impl.LeaderElection (LeaderElection.java:askForVotes(178)) - 277b5c5e-8c6f-4c9a-a53f-1bbc96404e12@group-569FAC3F8BCE-LeaderElection121: begin an election at term 113 for -1: [a32408a4-f19d-4bad-97c5-ba33ae94fc9a:192.168.157.254:38721, 6b24a2ab-97ee-4d49-85cc-2d76c2f4b8ef:192.168.157.254:41080, 277b5c5e-8c6f-4c9a-a53f-1bbc96404e12:192.168.157.254:41416], old=null
2019-10-16 21:55:10,746 [grpc-default-executor-1] INFO  impl.RaftServerImpl (RaftServerImpl.java:setRole(184)) - a32408a4-f19d-4bad-97c5-ba33ae94fc9a@group-569FAC3F8BCE: changes role from  FOLLOWER to FOLLOWER at term 113 for recognizeCandidate:277b5c5e-8c6f-4c9a-a53f-1bbc96404e12
2019-10-16 21:55:10,746 [grpc-default-executor-0] INFO  impl.RaftServerImpl (RaftServerImpl.java:setRole(184)) - 6b24a2ab-97ee-4d49-85cc-2d76c2f4b8ef@group-569FAC3F8BCE: changes role from  FOLLOWER to FOLLOWER at term 113 for recognizeCandidate:277b5c5e-8c6f-4c9a-a53f-1bbc96404e12
2019-10-16 21:55:10,746 [grpc-default-executor-1] INFO  impl.RoleInfo (RoleInfo.java:shutdownFollowerState(121)) - a32408a4-f19d-4bad-97c5-ba33ae94fc9a: shutdown FollowerState
2019-10-16 21:55:10,746 [grpc-default-executor-0] INFO  impl.RoleInfo (RoleInfo.java:shutdownFollowerState(121)) - 6b24a2ab-97ee-4d49-85cc-2d76c2f4b8ef: shutdown FollowerState
2019-10-16 21:55:10,746 [Thread-982] INFO  impl.FollowerState (FollowerState.java:run(117)) - a32408a4-f19d-4bad-97c5-ba33ae94fc9a@group-569FAC3F8BCE-FollowerState was interrupted: java.lang.InterruptedException: sleep interrupted
2019-10-16 21:55:10,746 [grpc-default-executor-1] INFO  impl.RoleInfo (RoleInfo.java:updateAndGet(143)) - a32408a4-f19d-4bad-97c5-ba33ae94fc9a: start FollowerState
2019-10-16 21:55:10,747 [Thread-983] INFO  impl.FollowerState (FollowerState.java:run(117)) - 6b24a2ab-97ee-4d49-85cc-2d76c2f4b8ef@group-569FAC3F8BCE-FollowerState was interrupted: java.lang.InterruptedException: sleep interrupted
2019-10-16 21:55:10,747 [grpc-default-executor-0] INFO  impl.RoleInfo (RoleInfo.java:updateAndGet(143)) - 6b24a2ab-97ee-4d49-85cc-2d76c2f4b8ef: start FollowerState
2019-10-16 21:55:10,773 [277b5c5e-8c6f-4c9a-a53f-1bbc96404e12@group-569FAC3F8BCE-LeaderElection121] INFO  impl.LeaderElection (LeaderElection.java:logAndReturn(56)) - 277b5c5e-8c6f-4c9a-a53f-1bbc96404e12@group-569FAC3F8BCE-LeaderElection121: Election REJECTED; received 2 response(s) [277b5c5e-8c6f-4c9a-a53f-1bbc96404e12<-6b24a2ab-97ee-4d49-85cc-2d76c2f4b8ef#0:FAIL-t113, 277b5c5e-8c6f-4c9a-a53f-1bbc96404e12<-a32408a4-f19d-4bad-97c5-ba33ae94fc9a#0:FAIL-t113] and 0 exception(s); 277b5c5e-8c6f-4c9a-a53f-1bbc96404e12@group-569FAC3F8BCE:t113, leader=null, voted=277b5c5e-8c6f-4c9a-a53f-1bbc96404e12, raftlog=277b5c5e-8c6f-4c9a-a53f-1bbc96404e12@group-569FAC3F8BCE-SegmentedRaftLog:OPENED:c-1,f-1,i0, conf=-1: [a32408a4-f19d-4bad-97c5-ba33ae94fc9a:192.168.157.254:38721, 6b24a2ab-97ee-4d49-85cc-2d76c2f4b8ef:192.168.157.254:41080, 277b5c5e-8c6f-4c9a-a53f-1bbc96404e12:192.168.157.254:41416], old=null
2019-10-16 21:55:10,774 [277b5c5e-8c6f-4c9a-a53f-1bbc96404e12@group-569FAC3F8BCE-LeaderElection121] INFO  impl.RaftServerImpl (RaftServerImpl.java:setRole(184)) - 277b5c5e-8c6f-4c9a-a53f-1bbc96404e12@group-569FAC3F8BCE: changes role from CANDIDATE to FOLLOWER at term 113 for DISCOVERED_A_NEW_TERM
2019-10-16 21:55:10,774 [277b5c5e-8c6f-4c9a-a53f-1bbc96404e12@group-569FAC3F8BCE-LeaderElection121] INFO  impl.RoleInfo (RoleInfo.java:shutdownLeaderElection(134)) - 277b5c5e-8c6f-4c9a-a53f-1bbc96404e12: shutdown LeaderElection
2019-10-16 21:55:10,774 [277b5c5e-8c6f-4c9a-a53f-1bbc96404e12@group-569FAC3F8BCE-LeaderElection121] INFO  impl.RoleInfo (RoleInfo.java:updateAndGet(143)) - 277b5c5e-8c6f-4c9a-a53f-1bbc96404e12: start FollowerState
2019-10-16 21:55:10,941 [Thread-990] INFO  impl.FollowerState (FollowerState.java:run(108)) - 277b5c5e-8c6f-4c9a-a53f-1bbc96404e12@group-569FAC3F8BCE-FollowerState: change to CANDIDATE, lastRpcTime:166ms, electionTimeout:166ms
2019-10-16 21:55:10,941 [Thread-990] INFO  impl.RoleInfo (RoleInfo.java:shutdownFollowerState(121)) - 277b5c5e-8c6f-4c9a-a53f-1bbc96404e12: shutdown FollowerState
2019-10-16 21:55:10,941 [Thread-990] INFO  impl.RaftServerImpl (RaftServerImpl.java:setRole(184)) - 277b5c5e-8c6f-4c9a-a53f-1bbc96404e12@group-569FAC3F8BCE: changes role from  FOLLOWER to CANDIDATE at term 113 for changeToCandidate
2019-10-16 21:55:10,941 [Thread-990] INFO  impl.RoleInfo (RoleInfo.java:updateAndGet(143)) - 277b5c5e-8c6f-4c9a-a53f-1bbc96404e12: start LeaderElection
2019-10-16 21:55:10,955 [277b5c5e-8c6f-4c9a-a53f-1bbc96404e12@group-569FAC3F8BCE-LeaderElection122] INFO  impl.LeaderElection (LeaderElection.java:askForVotes(178)) - 277b5c5e-8c6f-4c9a-a53f-1bbc96404e12@group-569FAC3F8BCE-LeaderElection122: begin an election at term 114 for -1: [a32408a4-f19d-4bad-97c5-ba33ae94fc9a:192.168.157.254:38721, 6b24a2ab-97ee-4d49-85cc-2d76c2f4b8ef:192.168.157.254:41080, 277b5c5e-8c6f-4c9a-a53f-1bbc96404e12:192.168.157.254:41416], old=null
2019-10-16 21:55:10,958 [grpc-default-executor-0] INFO  impl.RaftServerImpl (RaftServerImpl.java:setRole(184)) - a32408a4-f19d-4bad-97c5-ba33ae94fc9a@group-569FAC3F8BCE: changes role from  FOLLOWER to FOLLOWER at term 114 for recognizeCandidate:277b5c5e-8c6f-4c9a-a53f-1bbc96404e12
2019-10-16 21:55:10,958 [grpc-default-executor-1] INFO  impl.RaftServerImpl (RaftServerImpl.java:setRole(184)) - 6b24a2ab-97ee-4d49-85cc-2d76c2f4b8ef@group-569FAC3F8BCE: changes role from  FOLLOWER to FOLLOWER at term 114 for recognizeCandidate:277b5c5e-8c6f-4c9a-a53f-1bbc96404e12
2019-10-16 21:55:10,959 [grpc-default-executor-0] INFO  impl.RoleInfo (RoleInfo.java:shutdownFollowerState(121)) - a32408a4-f19d-4bad-97c5-ba33ae94fc9a: shutdown FollowerState
2019-10-16 21:55:10,959 [grpc-default-executor-1] INFO  impl.RoleInfo (RoleInfo.java:shutdownFollowerState(121)) - 6b24a2ab-97ee-4d49-85cc-2d76c2f4b8ef: shutdown FollowerState
2019-10-16 21:55:10,959 [Thread-988] INFO  impl.FollowerState (FollowerState.java:run(117)) - a32408a4-f19d-4bad-97c5-ba33ae94fc9a@group-569FAC3F8BCE-FollowerState was interrupted: java.lang.InterruptedException: sleep interrupted
2019-10-16 21:55:10,959 [grpc-default-executor-0] INFO  impl.RoleInfo (RoleInfo.java:updateAndGet(143)) - a32408a4-f19d-4bad-97c5-ba33ae94fc9a: start FollowerState
2019-10-16 21:55:10,959 [Thread-989] INFO  impl.FollowerState (FollowerState.java:run(117)) - 6b24a2ab-97ee-4d49-85cc-2d76c2f4b8ef@group-569FAC3F8BCE-FollowerState was interrupted: java.lang.InterruptedException: sleep interrupted
2019-10-16 21:55:10,959 [grpc-default-executor-1] INFO  impl.RoleInfo (RoleInfo.java:updateAndGet(143)) - 6b24a2ab-97ee-4d49-85cc-2d76c2f4b8ef: start FollowerState
2019-10-16 21:55:10,987 [277b5c5e-8c6f-4c9a-a53f-1bbc96404e12@group-569FAC3F8BCE-LeaderElection122] INFO  impl.LeaderElection (LeaderElection.java:logAndReturn(56)) - 277b5c5e-8c6f-4c9a-a53f-1bbc96404e12@group-569FAC3F8BCE-LeaderElection122: Election REJECTED; received 2 response(s) [277b5c5e-8c6f-4c9a-a53f-1bbc96404e12<-a32408a4-f19d-4bad-97c5-ba33ae94fc9a#0:FAIL-t114, 277b5c5e-8c6f-4c9a-a53f-1bbc96404e12<-6b24a2ab-97ee-4d49-85cc-2d76c2f4b8ef#0:FAIL-t114] and 0 exception(s); 277b5c5e-8c6f-4c9a-a53f-1bbc96404e12@group-569FAC3F8BCE:t114, leader=null, voted=277b5c5e-8c6f-4c9a-a53f-1bbc96404e12, raftlog=277b5c5e-8c6f-4c9a-a53f-1bbc96404e12@group-569FAC3F8BCE-SegmentedRaftLog:OPENED:c-1,f-1,i0, conf=-1: [a32408a4-f19d-4bad-97c5-ba33ae94fc9a:192.168.157.254:38721, 6b24a2ab-97ee-4d49-85cc-2d76c2f4b8ef:192.168.157.254:41080, 277b5c5e-8c6f-4c9a-a53f-1bbc96404e12:192.168.157.254:41416], old=null
2019-10-16 21:55:10,987 [277b5c5e-8c6f-4c9a-a53f-1bbc96404e12@group-569FAC3F8BCE-LeaderElection122] INFO  impl.RaftServerImpl (RaftServerImpl.java:setRole(184)) - 277b5c5e-8c6f-4c9a-a53f-1bbc96404e12@group-569FAC3F8BCE: changes role from CANDIDATE to FOLLOWER at term 114 for DISCOVERED_A_NEW_TERM
2019-10-16 21:55:10,988 [277b5c5e-8c6f-4c9a-a53f-1bbc96404e12@group-569FAC3F8BCE-LeaderElection122] INFO  impl.RoleInfo (RoleInfo.java:shutdownLeaderElection(134)) - 277b5c5e-8c6f-4c9a-a53f-1bbc96404e12: shutdown LeaderElection
2019-10-16 21:55:10,988 [277b5c5e-8c6f-4c9a-a53f-1bbc96404e12@group-569FAC3F8BCE-LeaderElection122] INFO  impl.RoleInfo (RoleInfo.java:updateAndGet(143)) - 277b5c5e-8c6f-4c9a-a53f-1bbc96404e12: start FollowerState
2019-10-16 21:55:11,039 [Thread-996] INFO  impl.FollowerState (FollowerState.java:run(108)) - 277b5c5e-8c6f-4c9a-a53f-1bbc96404e12@group-569FAC3F8BCE-FollowerState: change to CANDIDATE, lastRpcTime:51ms, electionTimeout:51ms
2019-10-16 21:55:11,040 [Thread-996] INFO  impl.RoleInfo (RoleInfo.java:shutdownFollowerState(121)) - 277b5c5e-8c6f-4c9a-a53f-1bbc96404e12: shutdown FollowerState
2019-10-16 21:55:11,040 [Thread-996] INFO  impl.RaftServerImpl (RaftServerImpl.java:setRole(184)) - 277b5c5e-8c6f-4c9a-a53f-1bbc96404e12@group-569FAC3F8BCE: changes role from  FOLLOWER to CANDIDATE at term 114 for changeToCandidate
2019-10-16 21:55:11,040 [Thread-996] INFO  impl.RoleInfo (RoleInfo.java:updateAndGet(143)) - 277b5c5e-8c6f-4c9a-a53f-1bbc96404e12: start LeaderElection
2019-10-16 21:55:11,055 [277b5c5e-8c6f-4c9a-a53f-1bbc96404e12@group-569FAC3F8BCE-LeaderElection123] INFO  impl.LeaderElection (LeaderElection.java:askForVotes(178)) - 277b5c5e-8c6f-4c9a-a53f-1bbc96404e12@group-569FAC3F8BCE-LeaderElection123: begin an election at term 115 for -1: [a32408a4-f19d-4bad-97c5-ba33ae94fc9a:192.168.157.254:38721, 6b24a2ab-97ee-4d49-85cc-2d76c2f4b8ef:192.168.157.254:41080, 277b5c5e-8c6f-4c9a-a53f-1bbc96404e12:192.168.157.254:41416], old=null
2019-10-16 21:55:11,059 [grpc-default-executor-0] INFO  impl.RaftServerImpl (RaftServerImpl.java:setRole(184)) - 6b24a2ab-97ee-4d49-85cc-2d76c2f4b8ef@group-569FAC3F8BCE: changes role from  FOLLOWER to FOLLOWER at term 115 for recognizeCandidate:277b5c5e-8c6f-4c9a-a53f-1bbc96404e12
2019-10-16 21:55:11,059 [grpc-default-executor-0] INFO  impl.RoleInfo (RoleInfo.java:shutdownFollowerState(121)) - 6b24a2ab-97ee-4d49-85cc-2d76c2f4b8ef: shutdown FollowerState
2019-10-16 21:55:11,060 [grpc-default-executor-0] INFO  impl.RoleInfo (RoleInfo.java:updateAndGet(143)) - 6b24a2ab-97ee-4d49-85cc-2d76c2f4b8ef: start FollowerState
2019-10-16 21:55:11,060 [grpc-default-executor-1] INFO  impl.RaftServerImpl (RaftServerImpl.java:setRole(184)) - a32408a4-f19d-4bad-97c5-ba33ae94fc9a@group-569FAC3F8BCE: changes role from  FOLLOWER to FOLLOWER at term 115 for recognizeCandidate:277b5c5e-8c6f-4c9a-a53f-1bbc96404e12
2019-10-16 21:55:11,061 [grpc-default-executor-1] INFO  impl.RoleInfo (RoleInfo.java:shutdownFollowerState(121)) - a32408a4-f19d-4bad-97c5-ba33ae94fc9a: shutdown FollowerState
2019-10-16 21:55:11,061 [grpc-default-executor-1] INFO  impl.RoleInfo (RoleInfo.java:updateAndGet(143)) - a32408a4-f19d-4bad-97c5-ba33ae94fc9a: start FollowerState
2019-10-16 21:55:11,061 [Thread-994] INFO  impl.FollowerState (FollowerState.java:run(117)) - a32408a4-f19d-4bad-97c5-ba33ae94fc9a@group-569FAC3F8BCE-FollowerState was interrupted: java.lang.InterruptedException: sleep interrupted
2019-10-16 21:55:11,062 [Thread-995] INFO  impl.FollowerState (FollowerState.java:run(117)) - 6b24a2ab-97ee-4d49-85cc-2d76c2f4b8ef@group-569FAC3F8BCE-FollowerState was interrupted: java.lang.InterruptedException: sleep interrupted
2019-10-16 21:55:11,075 [277b5c5e-8c6f-4c9a-a53f-1bbc96404e12@group-569FAC3F8BCE-LeaderElection123] INFO  impl.LeaderElection (LeaderElection.java:logAndReturn(56)) - 277b5c5e-8c6f-4c9a-a53f-1bbc96404e12@group-569FAC3F8BCE-LeaderElection123: Election REJECTED; received 2 response(s) [277b5c5e-8c6f-4c9a-a53f-1bbc96404e12<-a32408a4-f19d-4bad-97c5-ba33ae94fc9a#0:FAIL-t115, 277b5c5e-8c6f-4c9a-a53f-1bbc96404e12<-6b24a2ab-97ee-4d49-85cc-2d76c2f4b8ef#0:FAIL-t115] and 0 exception(s); 277b5c5e-8c6f-4c9a-a53f-1bbc96404e12@group-569FAC3F8BCE:t115, leader=null, voted=277b5c5e-8c6f-4c9a-a53f-1bbc96404e12, raftlog=277b5c5e-8c6f-4c9a-a53f-1bbc96404e12@group-569FAC3F8BCE-SegmentedRaftLog:OPENED:c-1,f-1,i0, conf=-1: [a32408a4-f19d-4bad-97c5-ba33ae94fc9a:192.168.157.254:38721, 6b24a2ab-97ee-4d49-85cc-2d76c2f4b8ef:192.168.157.254:41080, 277b5c5e-8c6f-4c9a-a53f-1bbc96404e12:192.168.157.254:41416], old=null
2019-10-16 21:55:11,075 [277b5c5e-8c6f-4c9a-a53f-1bbc96404e12@group-569FAC3F8BCE-LeaderElection123] INFO  impl.RaftServerImpl (RaftServerImpl.java:setRole(184)) - 277b5c5e-8c6f-4c9a-a53f-1bbc96404e12@group-569FAC3F8BCE: changes role from CANDIDATE to FOLLOWER at term 115 for DISCOVERED_A_NEW_TERM
2019-10-16 21:55:11,075 [277b5c5e-8c6f-4c9a-a53f-1bbc96404e12@group-569FAC3F8BCE-LeaderElection123] INFO  impl.RoleInfo (RoleInfo.java:shutdownLeaderElection(134)) - 277b5c5e-8c6f-4c9a-a53f-1bbc96404e12: shutdown LeaderElection
2019-10-16 21:55:11,076 [277b5c5e-8c6f-4c9a-a53f-1bbc96404e12@group-569FAC3F8BCE-LeaderElection123] INFO  impl.RoleInfo (RoleInfo.java:updateAndGet(143)) - 277b5c5e-8c6f-4c9a-a53f-1bbc96404e12: start FollowerState
2019-10-16 21:55:11,237 [Thread-1002] INFO  impl.FollowerState (FollowerState.java:run(108)) - 277b5c5e-8c6f-4c9a-a53f-1bbc96404e12@group-569FAC3F8BCE-FollowerState: change to CANDIDATE, lastRpcTime:161ms, electionTimeout:161ms
2019-10-16 21:55:11,238 [Thread-1002] INFO  impl.RoleInfo (RoleInfo.java:shutdownFollowerState(121)) - 277b5c5e-8c6f-4c9a-a53f-1bbc96404e12: shutdown FollowerState
2019-10-16 21:55:11,238 [Thread-1002] INFO  impl.RaftServerImpl (RaftServerImpl.java:setRole(184)) - 277b5c5e-8c6f-4c9a-a53f-1bbc96404e12@group-569FAC3F8BCE: changes role from  FOLLOWER to CANDIDATE at term 115 for changeToCandidate
2019-10-16 21:55:11,238 [Thread-1002] INFO  impl.RoleInfo (RoleInfo.java:updateAndGet(143)) - 277b5c5e-8c6f-4c9a-a53f-1bbc96404e12: start LeaderElection
2019-10-16 21:55:11,255 [277b5c5e-8c6f-4c9a-a53f-1bbc96404e12@group-569FAC3F8BCE-LeaderElection124] INFO  impl.LeaderElection (LeaderElection.java:askForVotes(178)) - 277b5c5e-8c6f-4c9a-a53f-1bbc96404e12@group-569FAC3F8BCE-LeaderElection124: begin an election at term 116 for -1: [a32408a4-f19d-4bad-97c5-ba33ae94fc9a:192.168.157.254:38721, 6b24a2ab-97ee-4d49-85cc-2d76c2f4b8ef:192.168.157.254:41080, 277b5c5e-8c6f-4c9a-a53f-1bbc96404e12:192.168.157.254:41416], old=null
2019-10-16 21:55:11,258 [grpc-default-executor-0] INFO  impl.RaftServerImpl (RaftServerImpl.java:setRole(184)) - a32408a4-f19d-4bad-97c5-ba33ae94fc9a@group-569FAC3F8BCE: changes role from  FOLLOWER to FOLLOWER at term 116 for recognizeCandidate:277b5c5e-8c6f-4c9a-a53f-1bbc96404e12
2019-10-16 21:55:11,258 [grpc-default-executor-0] INFO  impl.RoleInfo (RoleInfo.java:shutdownFollowerState(121)) - a32408a4-f19d-4bad-97c5-ba33ae94fc9a: shutdown FollowerState
2019-10-16 21:55:11,258 [grpc-default-executor-1] INFO  impl.RaftServerImpl (RaftServerImpl.java:setRole(184)) - 6b24a2ab-97ee-4d49-85cc-2d76c2f4b8ef@group-569FAC3F8BCE: changes role from  FOLLOWER to FOLLOWER at term 116 for recognizeCandidate:277b5c5e-8c6f-4c9a-a53f-1bbc96404e12
2019-10-16 21:55:11,258 [Thread-1001] INFO  impl.FollowerState (FollowerState.java:run(117)) - a32408a4-f19d-4bad-97c5-ba33ae94fc9a@group-569FAC3F8BCE-FollowerState was interrupted: java.lang.InterruptedException: sleep interrupted
2019-10-16 21:55:11,258 [grpc-default-executor-0] INFO  impl.RoleInfo (RoleInfo.java:updateAndGet(143)) - a32408a4-f19d-4bad-97c5-ba33ae94fc9a: start FollowerState
2019-10-16 21:55:11,258 [grpc-default-executor-1] INFO  impl.RoleInfo (RoleInfo.java:shutdownFollowerState(121)) - 6b24a2ab-97ee-4d49-85cc-2d76c2f4b8ef: shutdown FollowerState
2019-10-16 21:55:11,259 [grpc-default-executor-1] INFO  impl.RoleInfo (RoleInfo.java:updateAndGet(143)) - 6b24a2ab-97ee-4d49-85cc-2d76c2f4b8ef: start FollowerState
2019-10-16 21:55:11,259 [Thread-1000] INFO  impl.FollowerState (FollowerState.java:run(117)) - 6b24a2ab-97ee-4d49-85cc-2d76c2f4b8ef@group-569FAC3F8BCE-FollowerState was interrupted: java.lang.InterruptedException: sleep interrupted
2019-10-16 21:55:11,285 [277b5c5e-8c6f-4c9a-a53f-1bbc96404e12@group-569FAC3F8BCE-LeaderElection124] INFO  impl.LeaderElection (LeaderElection.java:logAndReturn(56)) - 277b5c5e-8c6f-4c9a-a53f-1bbc96404e12@group-569FAC3F8BCE-LeaderElection124: Election REJECTED; received 2 response(s) [277b5c5e-8c6f-4c9a-a53f-1bbc96404e12<-a32408a4-f19d-4bad-97c5-ba33ae94fc9a#0:FAIL-t116, 277b5c5e-8c6f-4c9a-a53f-1bbc96404e12<-6b24a2ab-97ee-4d49-85cc-2d76c2f4b8ef#0:FAIL-t116] and 0 exception(s); 277b5c5e-8c6f-4c9a-a53f-1bbc96404e12@group-569FAC3F8BCE:t116, leader=null, voted=277b5c5e-8c6f-4c9a-a53f-1bbc96404e12, raftlog=277b5c5e-8c6f-4c9a-a53f-1bbc96404e12@group-569FAC3F8BCE-SegmentedRaftLog:OPENED:c-1,f-1,i0, conf=-1: [a32408a4-f19d-4bad-97c5-ba33ae94fc9a:192.168.157.254:38721, 6b24a2ab-97ee-4d49-85cc-2d76c2f4b8ef:192.168.157.254:41080, 277b5c5e-8c6f-4c9a-a53f-1bbc96404e12:192.168.157.254:41416], old=null
2019-10-16 21:55:11,285 [277b5c5e-8c6f-4c9a-a53f-1bbc96404e12@group-569FAC3F8BCE-LeaderElection124] INFO  impl.RaftServerImpl (RaftServerImpl.java:setRole(184)) - 277b5c5e-8c6f-4c9a-a53f-1bbc96404e12@group-569FAC3F8BCE: changes role from CANDIDATE to FOLLOWER at term 116 for DISCOVERED_A_NEW_TERM
2019-10-16 21:55:11,285 [277b5c5e-8c6f-4c9a-a53f-1bbc96404e12@group-569FAC3F8BCE-LeaderElection124] INFO  impl.RoleInfo (RoleInfo.java:shutdownLeaderElection(134)) - 277b5c5e-8c6f-4c9a-a53f-1bbc96404e12: shutdown LeaderElection
2019-10-16 21:55:11,285 [277b5c5e-8c6f-4c9a-a53f-1bbc96404e12@group-569FAC3F8BCE-LeaderElection124] INFO  impl.RoleInfo (RoleInfo.java:updateAndGet(143)) - 277b5c5e-8c6f-4c9a-a53f-1bbc96404e12: start FollowerState
2019-10-16 21:55:11,345 [Thread-1008] INFO  impl.FollowerState (FollowerState.java:run(108)) - 277b5c5e-8c6f-4c9a-a53f-1bbc96404e12@group-569FAC3F8BCE-FollowerState: change to CANDIDATE, lastRpcTime:59ms, electionTimeout:59ms
2019-10-16 21:55:11,345 [Thread-1008] INFO  impl.RoleInfo (RoleInfo.java:shutdownFollowerState(121)) - 277b5c5e-8c6f-4c9a-a53f-1bbc96404e12: shutdown FollowerState
2019-10-16 21:55:11,345 [Thread-1008] INFO  impl.RaftServerImpl (RaftServerImpl.java:setRole(184)) - 277b5c5e-8c6f-4c9a-a53f-1bbc96404e12@group-569FAC3F8BCE: changes role from  FOLLOWER to CANDIDATE at term 116 for changeToCandidate
2019-10-16 21:55:11,345 [Thread-1008] INFO  impl.RoleInfo (RoleInfo.java:updateAndGet(143)) - 277b5c5e-8c6f-4c9a-a53f-1bbc96404e12: start LeaderElection
2019-10-16 21:55:11,370 [277b5c5e-8c6f-4c9a-a53f-1bbc96404e12@group-569FAC3F8BCE-LeaderElection125] INFO  impl.LeaderElection (LeaderElection.java:askForVotes(178)) - 277b5c5e-8c6f-4c9a-a53f-1bbc96404e12@group-569FAC3F8BCE-LeaderElection125: begin an election at term 117 for -1: [a32408a4-f19d-4bad-97c5-ba33ae94fc9a:192.168.157.254:38721, 6b24a2ab-97ee-4d49-85cc-2d76c2f4b8ef:192.168.157.254:41080, 277b5c5e-8c6f-4c9a-a53f-1bbc96404e12:192.168.157.254:41416], old=null
2019-10-16 21:55:11,373 [grpc-default-executor-0] INFO  impl.RaftServerImpl (RaftServerImpl.java:setRole(184)) - a32408a4-f19d-4bad-97c5-ba33ae94fc9a@group-569FAC3F8BCE: changes role from  FOLLOWER to FOLLOWER at term 117 for recognizeCandidate:277b5c5e-8c6f-4c9a-a53f-1bbc96404e12
2019-10-16 21:55:11,373 [grpc-default-executor-0] INFO  impl.RoleInfo (RoleInfo.java:shutdownFollowerState(121)) - a32408a4-f19d-4bad-97c5-ba33ae94fc9a: shutdown FollowerState
2019-10-16 21:55:11,373 [grpc-default-executor-1] INFO  impl.RaftServerImpl (RaftServerImpl.java:setRole(184)) - 6b24a2ab-97ee-4d49-85cc-2d76c2f4b8ef@group-569FAC3F8BCE: changes role from  FOLLOWER to FOLLOWER at term 117 for recognizeCandidate:277b5c5e-8c6f-4c9a-a53f-1bbc96404e12
2019-10-16 21:55:11,373 [grpc-default-executor-1] INFO  impl.RoleInfo (RoleInfo.java:shutdownFollowerState(121)) - 6b24a2ab-97ee-4d49-85cc-2d76c2f4b8ef: shutdown FollowerState
2019-10-16 21:55:11,373 [Thread-1006] INFO  impl.FollowerState (FollowerState.java:run(117)) - a32408a4-f19d-4bad-97c5-ba33ae94fc9a@group-569FAC3F8BCE-FollowerState was interrupted: java.lang.InterruptedException: sleep interrupted
2019-10-16 21:55:11,373 [grpc-default-executor-0] INFO  impl.RoleInfo (RoleInfo.java:updateAndGet(143)) - a32408a4-f19d-4bad-97c5-ba33ae94fc9a: start FollowerState
2019-10-16 21:55:11,374 [Thread-1007] INFO  impl.FollowerState (FollowerState.java:run(117)) - 6b24a2ab-97ee-4d49-85cc-2d76c2f4b8ef@group-569FAC3F8BCE-FollowerState was interrupted: java.lang.InterruptedException: sleep interrupted
2019-10-16 21:55:11,374 [grpc-default-executor-1] INFO  impl.RoleInfo (RoleInfo.java:updateAndGet(143)) - 6b24a2ab-97ee-4d49-85cc-2d76c2f4b8ef: start FollowerState
2019-10-16 21:55:11,401 [277b5c5e-8c6f-4c9a-a53f-1bbc96404e12@group-569FAC3F8BCE-LeaderElection125] INFO  impl.LeaderElection (LeaderElection.java:logAndReturn(56)) - 277b5c5e-8c6f-4c9a-a53f-1bbc96404e12@group-569FAC3F8BCE-LeaderElection125: Election REJECTED; received 2 response(s) [277b5c5e-8c6f-4c9a-a53f-1bbc96404e12<-6b24a2ab-97ee-4d49-85cc-2d76c2f4b8ef#0:FAIL-t117, 277b5c5e-8c6f-4c9a-a53f-1bbc96404e12<-a32408a4-f19d-4bad-97c5-ba33ae94fc9a#0:FAIL-t117] and 0 exception(s); 277b5c5e-8c6f-4c9a-a53f-1bbc96404e12@group-569FAC3F8BCE:t117, leader=null, voted=277b5c5e-8c6f-4c9a-a53f-1bbc96404e12, raftlog=277b5c5e-8c6f-4c9a-a53f-1bbc96404e12@group-569FAC3F8BCE-SegmentedRaftLog:OPENED:c-1,f-1,i0, conf=-1: [a32408a4-f19d-4bad-97c5-ba33ae94fc9a:192.168.157.254:38721, 6b24a2ab-97ee-4d49-85cc-2d76c2f4b8ef:192.168.157.254:41080, 277b5c5e-8c6f-4c9a-a53f-1bbc96404e12:192.168.157.254:41416], old=null
2019-10-16 21:55:11,401 [277b5c5e-8c6f-4c9a-a53f-1bbc96404e12@group-569FAC3F8BCE-LeaderElection125] INFO  impl.RaftServerImpl (RaftServerImpl.java:setRole(184)) - 277b5c5e-8c6f-4c9a-a53f-1bbc96404e12@group-569FAC3F8BCE: changes role from CANDIDATE to FOLLOWER at term 117 for DISCOVERED_A_NEW_TERM
2019-10-16 21:55:11,401 [277b5c5e-8c6f-4c9a-a53f-1bbc96404e12@group-569FAC3F8BCE-LeaderElection125] INFO  impl.RoleInfo (RoleInfo.java:shutdownLeaderElection(134)) - 277b5c5e-8c6f-4c9a-a53f-1bbc96404e12: shutdown LeaderElection
2019-10-16 21:55:11,401 [277b5c5e-8c6f-4c9a-a53f-1bbc96404e12@group-569FAC3F8BCE-LeaderElection125] INFO  impl.RoleInfo (RoleInfo.java:updateAndGet(143)) - 277b5c5e-8c6f-4c9a-a53f-1bbc96404e12: start FollowerState
2019-10-16 21:55:11,476 [Thread-1014] INFO  impl.FollowerState (FollowerState.java:run(108)) - 277b5c5e-8c6f-4c9a-a53f-1bbc96404e12@group-569FAC3F8BCE-FollowerState: change to CANDIDATE, lastRpcTime:74ms, electionTimeout:74ms
2019-10-16 21:55:11,476 [Thread-1014] INFO  impl.RoleInfo (RoleInfo.java:shutdownFollowerState(121)) - 277b5c5e-8c6f-4c9a-a53f-1bbc96404e12: shutdown FollowerState
2019-10-16 21:55:11,476 [Thread-1014] INFO  impl.RaftServerImpl (RaftServerImpl.java:setRole(184)) - 277b5c5e-8c6f-4c9a-a53f-1bbc96404e12@group-569FAC3F8BCE: changes role from  FOLLOWER to CANDIDATE at term 117 for changeToCandidate
2019-10-16 21:55:11,476 [Thread-1014] INFO  impl.RoleInfo (RoleInfo.java:updateAndGet(143)) - 277b5c5e-8c6f-4c9a-a53f-1bbc96404e12: start LeaderElection
2019-10-16 21:55:11,490 [277b5c5e-8c6f-4c9a-a53f-1bbc96404e12@group-569FAC3F8BCE-LeaderElection126] INFO  impl.LeaderElection (LeaderElection.java:askForVotes(178)) - 277b5c5e-8c6f-4c9a-a53f-1bbc96404e12@group-569FAC3F8BCE-LeaderElection126: begin an election at term 118 for -1: [a32408a4-f19d-4bad-97c5-ba33ae94fc9a:192.168.157.254:38721, 6b24a2ab-97ee-4d49-85cc-2d76c2f4b8ef:192.168.157.254:41080, 277b5c5e-8c6f-4c9a-a53f-1bbc96404e12:192.168.157.254:41416], old=null
2019-10-16 21:55:11,492 [grpc-default-executor-0] INFO  impl.RaftServerImpl (RaftServerImpl.java:setRole(184)) - a32408a4-f19d-4bad-97c5-ba33ae94fc9a@group-569FAC3F8BCE: changes role from  FOLLOWER to FOLLOWER at term 118 for recognizeCandidate:277b5c5e-8c6f-4c9a-a53f-1bbc96404e12
2019-10-16 21:55:11,492 [grpc-default-executor-1] INFO  impl.RaftServerImpl (RaftServerImpl.java:setRole(184)) - 6b24a2ab-97ee-4d49-85cc-2d76c2f4b8ef@group-569FAC3F8BCE: changes role from  FOLLOWER to FOLLOWER at term 118 for recognizeCandidate:277b5c5e-8c6f-4c9a-a53f-1bbc96404e12
2019-10-16 21:55:11,492 [grpc-default-executor-0] INFO  impl.RoleInfo (RoleInfo.java:shutdownFollowerState(121)) - a32408a4-f19d-4bad-97c5-ba33ae94fc9a: shutdown FollowerState
2019-10-16 21:55:11,492 [grpc-default-executor-1] INFO  impl.RoleInfo (RoleInfo.java:shutdownFollowerState(121)) - 6b24a2ab-97ee-4d49-85cc-2d76c2f4b8ef: shutdown FollowerState
2019-10-16 21:55:11,492 [grpc-default-executor-0] INFO  impl.RoleInfo (RoleInfo.java:updateAndGet(143)) - a32408a4-f19d-4bad-97c5-ba33ae94fc9a: start FollowerState
2019-10-16 21:55:11,492 [Thread-1013] INFO  impl.FollowerState (FollowerState.java:run(117)) - 6b24a2ab-97ee-4d49-85cc-2d76c2f4b8ef@group-569FAC3F8BCE-FollowerState was interrupted: java.lang.InterruptedException: sleep interrupted
2019-10-16 21:55:11,492 [grpc-default-executor-1] INFO  impl.RoleInfo (RoleInfo.java:updateAndGet(143)) - 6b24a2ab-97ee-4d49-85cc-2d76c2f4b8ef: start FollowerState
2019-10-16 21:55:11,492 [Thread-1012] INFO  impl.FollowerState (FollowerState.java:run(117)) - a32408a4-f19d-4bad-97c5-ba33ae94fc9a@group-569FAC3F8BCE-FollowerState was interrupted: java.lang.InterruptedException: sleep interrupted
2019-10-16 21:55:11,520 [277b5c5e-8c6f-4c9a-a53f-1bbc96404e12@group-569FAC3F8BCE-LeaderElection126] INFO  impl.LeaderElection (LeaderElection.java:logAndReturn(56)) - 277b5c5e-8c6f-4c9a-a53f-1bbc96404e12@group-569FAC3F8BCE-LeaderElection126: Election REJECTED; received 2 response(s) [277b5c5e-8c6f-4c9a-a53f-1bbc96404e12<-a32408a4-f19d-4bad-97c5-ba33ae94fc9a#0:FAIL-t118, 277b5c5e-8c6f-4c9a-a53f-1bbc96404e12<-6b24a2ab-97ee-4d49-85cc-2d76c2f4b8ef#0:FAIL-t118] and 0 exception(s); 277b5c5e-8c6f-4c9a-a53f-1bbc96404e12@group-569FAC3F8BCE:t118, leader=null, voted=277b5c5e-8c6f-4c9a-a53f-1bbc96404e12, raftlog=277b5c5e-8c6f-4c9a-a53f-1bbc96404e12@group-569FAC3F8BCE-SegmentedRaftLog:OPENED:c-1,f-1,i0, conf=-1: [a32408a4-f19d-4bad-97c5-ba33ae94fc9a:192.168.157.254:38721, 6b24a2ab-97ee-4d49-85cc-2d76c2f4b8ef:192.168.157.254:41080, 277b5c5e-8c6f-4c9a-a53f-1bbc96404e12:192.168.157.254:41416], old=null
2019-10-16 21:55:11,520 [277b5c5e-8c6f-4c9a-a53f-1bbc96404e12@group-569FAC3F8BCE-LeaderElection126] INFO  impl.RaftServerImpl (RaftServerImpl.java:setRole(184)) - 277b5c5e-8c6f-4c9a-a53f-1bbc96404e12@group-569FAC3F8BCE: changes role from CANDIDATE to FOLLOWER at term 118 for DISCOVERED_A_NEW_TERM
2019-10-16 21:55:11,520 [277b5c5e-8c6f-4c9a-a53f-1bbc96404e12@group-569FAC3F8BCE-LeaderElection126] INFO  impl.RoleInfo (RoleInfo.java:shutdownLeaderElection(134)) - 277b5c5e-8c6f-4c9a-a53f-1bbc96404e12: shutdown LeaderElection
2019-10-16 21:55:11,520 [277b5c5e-8c6f-4c9a-a53f-1bbc96404e12@group-569FAC3F8BCE-LeaderElection126] INFO  impl.RoleInfo (RoleInfo.java:updateAndGet(143)) - 277b5c5e-8c6f-4c9a-a53f-1bbc96404e12: start FollowerState
2019-10-16 21:55:11,567 [Thread-0] INFO  ozone.MiniOzoneClusterImpl (MiniOzoneClusterImpl.java:lambda$waitForClusterToBeReady$2(164)) - Waiting for 1 number of pipelines out of 4, to report a leader.
2019-10-16 21:55:11,604 [Thread-1020] INFO  impl.FollowerState (FollowerState.java:run(108)) - 277b5c5e-8c6f-4c9a-a53f-1bbc96404e12@group-569FAC3F8BCE-FollowerState: change to CANDIDATE, lastRpcTime:83ms, electionTimeout:83ms
2019-10-16 21:55:11,604 [Thread-1020] INFO  impl.RoleInfo (RoleInfo.java:shutdownFollowerState(121)) - 277b5c5e-8c6f-4c9a-a53f-1bbc96404e12: shutdown FollowerState
2019-10-16 21:55:11,604 [Thread-1020] INFO  impl.RaftServerImpl (RaftServerImpl.java:setRole(184)) - 277b5c5e-8c6f-4c9a-a53f-1bbc96404e12@group-569FAC3F8BCE: changes role from  FOLLOWER to CANDIDATE at term 118 for changeToCandidate
2019-10-16 21:55:11,604 [Thread-1020] INFO  impl.RoleInfo (RoleInfo.java:updateAndGet(143)) - 277b5c5e-8c6f-4c9a-a53f-1bbc96404e12: start LeaderElection
2019-10-16 21:55:11,618 [277b5c5e-8c6f-4c9a-a53f-1bbc96404e12@group-569FAC3F8BCE-LeaderElection127] INFO  impl.LeaderElection (LeaderElection.java:askForVotes(178)) - 277b5c5e-8c6f-4c9a-a53f-1bbc96404e12@group-569FAC3F8BCE-LeaderElection127: begin an election at term 119 for -1: [a32408a4-f19d-4bad-97c5-ba33ae94fc9a:192.168.157.254:38721, 6b24a2ab-97ee-4d49-85cc-2d76c2f4b8ef:192.168.157.254:41080, 277b5c5e-8c6f-4c9a-a53f-1bbc96404e12:192.168.157.254:41416], old=null
2019-10-16 21:55:11,621 [grpc-default-executor-1] INFO  impl.RaftServerImpl (RaftServerImpl.java:setRole(184)) - a32408a4-f19d-4bad-97c5-ba33ae94fc9a@group-569FAC3F8BCE: changes role from  FOLLOWER to FOLLOWER at term 119 for recognizeCandidate:277b5c5e-8c6f-4c9a-a53f-1bbc96404e12
2019-10-16 21:55:11,621 [grpc-default-executor-1] INFO  impl.RoleInfo (RoleInfo.java:shutdownFollowerState(121)) - a32408a4-f19d-4bad-97c5-ba33ae94fc9a: shutdown FollowerState
2019-10-16 21:55:11,621 [grpc-default-executor-0] INFO  impl.RaftServerImpl (RaftServerImpl.java:setRole(184)) - 6b24a2ab-97ee-4d49-85cc-2d76c2f4b8ef@group-569FAC3F8BCE: changes role from  FOLLOWER to FOLLOWER at term 119 for recognizeCandidate:277b5c5e-8c6f-4c9a-a53f-1bbc96404e12
2019-10-16 21:55:11,622 [Thread-1018] INFO  impl.FollowerState (FollowerState.java:run(117)) - a32408a4-f19d-4bad-97c5-ba33ae94fc9a@group-569FAC3F8BCE-FollowerState was interrupted: java.lang.InterruptedException: sleep interrupted
2019-10-16 21:55:11,621 [grpc-default-executor-1] INFO  impl.RoleInfo (RoleInfo.java:updateAndGet(143)) - a32408a4-f19d-4bad-97c5-ba33ae94fc9a: start FollowerState
2019-10-16 21:55:11,622 [grpc-default-executor-0] INFO  impl.RoleInfo (RoleInfo.java:shutdownFollowerState(121)) - 6b24a2ab-97ee-4d49-85cc-2d76c2f4b8ef: shutdown FollowerState
2019-10-16 21:55:11,622 [grpc-default-executor-0] INFO  impl.RoleInfo (RoleInfo.java:updateAndGet(143)) - 6b24a2ab-97ee-4d49-85cc-2d76c2f4b8ef: start FollowerState
2019-10-16 21:55:11,622 [Thread-1019] INFO  impl.FollowerState (FollowerState.java:run(117)) - 6b24a2ab-97ee-4d49-85cc-2d76c2f4b8ef@group-569FAC3F8BCE-FollowerState was interrupted: java.lang.InterruptedException: sleep interrupted
2019-10-16 21:55:11,642 [277b5c5e-8c6f-4c9a-a53f-1bbc96404e12@group-569FAC3F8BCE-LeaderElection127] INFO  impl.LeaderElection (LeaderElection.java:logAndReturn(56)) - 277b5c5e-8c6f-4c9a-a53f-1bbc96404e12@group-569FAC3F8BCE-LeaderElection127: Election REJECTED; received 2 response(s) [277b5c5e-8c6f-4c9a-a53f-1bbc96404e12<-6b24a2ab-97ee-4d49-85cc-2d76c2f4b8ef#0:FAIL-t119, 277b5c5e-8c6f-4c9a-a53f-1bbc96404e12<-a32408a4-f19d-4bad-97c5-ba33ae94fc9a#0:FAIL-t119] and 0 exception(s); 277b5c5e-8c6f-4c9a-a53f-1bbc96404e12@group-569FAC3F8BCE:t119, leader=null, voted=277b5c5e-8c6f-4c9a-a53f-1bbc96404e12, raftlog=277b5c5e-8c6f-4c9a-a53f-1bbc96404e12@group-569FAC3F8BCE-SegmentedRaftLog:OPENED:c-1,f-1,i0, conf=-1: [a32408a4-f19d-4bad-97c5-ba33ae94fc9a:192.168.157.254:38721, 6b24a2ab-97ee-4d49-85cc-2d76c2f4b8ef:192.168.157.254:41080, 277b5c5e-8c6f-4c9a-a53f-1bbc96404e12:192.168.157.254:41416], old=null
2019-10-16 21:55:11,643 [277b5c5e-8c6f-4c9a-a53f-1bbc96404e12@group-569FAC3F8BCE-LeaderElection127] INFO  impl.RaftServerImpl (RaftServerImpl.java:setRole(184)) - 277b5c5e-8c6f-4c9a-a53f-1bbc96404e12@group-569FAC3F8BCE: changes role from CANDIDATE to FOLLOWER at term 119 for DISCOVERED_A_NEW_TERM
2019-10-16 21:55:11,643 [277b5c5e-8c6f-4c9a-a53f-1bbc96404e12@group-569FAC3F8BCE-LeaderElection127] INFO  impl.RoleInfo (RoleInfo.java:shutdownLeaderElection(134)) - 277b5c5e-8c6f-4c9a-a53f-1bbc96404e12: shutdown LeaderElection
2019-10-16 21:55:11,643 [277b5c5e-8c6f-4c9a-a53f-1bbc96404e12@group-569FAC3F8BCE-LeaderElection127] INFO  impl.RoleInfo (RoleInfo.java:updateAndGet(143)) - 277b5c5e-8c6f-4c9a-a53f-1bbc96404e12: start FollowerState
2019-10-16 21:55:11,706 [Thread-1026] INFO  impl.FollowerState (FollowerState.java:run(108)) - 277b5c5e-8c6f-4c9a-a53f-1bbc96404e12@group-569FAC3F8BCE-FollowerState: change to CANDIDATE, lastRpcTime:63ms, electionTimeout:63ms
2019-10-16 21:55:11,706 [Thread-1026] INFO  impl.RoleInfo (RoleInfo.java:shutdownFollowerState(121)) - 277b5c5e-8c6f-4c9a-a53f-1bbc96404e12: shutdown FollowerState
2019-10-16 21:55:11,707 [Thread-1026] INFO  impl.RaftServerImpl (RaftServerImpl.java:setRole(184)) - 277b5c5e-8c6f-4c9a-a53f-1bbc96404e12@group-569FAC3F8BCE: changes role from  FOLLOWER to CANDIDATE at term 119 for changeToCandidate
2019-10-16 21:55:11,707 [Thread-1026] INFO  impl.RoleInfo (RoleInfo.java:updateAndGet(143)) - 277b5c5e-8c6f-4c9a-a53f-1bbc96404e12: start LeaderElection
2019-10-16 21:55:11,721 [277b5c5e-8c6f-4c9a-a53f-1bbc96404e12@group-569FAC3F8BCE-LeaderElection128] INFO  impl.LeaderElection (LeaderElection.java:askForVotes(178)) - 277b5c5e-8c6f-4c9a-a53f-1bbc96404e12@group-569FAC3F8BCE-LeaderElection128: begin an election at term 120 for -1: [a32408a4-f19d-4bad-97c5-ba33ae94fc9a:192.168.157.254:38721, 6b24a2ab-97ee-4d49-85cc-2d76c2f4b8ef:192.168.157.254:41080, 277b5c5e-8c6f-4c9a-a53f-1bbc96404e12:192.168.157.254:41416], old=null
2019-10-16 21:55:11,723 [grpc-default-executor-0] INFO  impl.RaftServerImpl (RaftServerImpl.java:setRole(184)) - a32408a4-f19d-4bad-97c5-ba33ae94fc9a@group-569FAC3F8BCE: changes role from  FOLLOWER to FOLLOWER at term 120 for recognizeCandidate:277b5c5e-8c6f-4c9a-a53f-1bbc96404e12
2019-10-16 21:55:11,723 [grpc-default-executor-0] INFO  impl.RoleInfo (RoleInfo.java:shutdownFollowerState(121)) - a32408a4-f19d-4bad-97c5-ba33ae94fc9a: shutdown FollowerState
2019-10-16 21:55:11,724 [grpc-default-executor-1] INFO  impl.RaftServerImpl (RaftServerImpl.java:setRole(184)) - 6b24a2ab-97ee-4d49-85cc-2d76c2f4b8ef@group-569FAC3F8BCE: changes role from  FOLLOWER to FOLLOWER at term 120 for recognizeCandidate:277b5c5e-8c6f-4c9a-a53f-1bbc96404e12
2019-10-16 21:55:11,724 [grpc-default-executor-1] INFO  impl.RoleInfo (RoleInfo.java:shutdownFollowerState(121)) - 6b24a2ab-97ee-4d49-85cc-2d76c2f4b8ef: shutdown FollowerState
2019-10-16 21:55:11,724 [Thread-1024] INFO  impl.FollowerState (FollowerState.java:run(117)) - a32408a4-f19d-4bad-97c5-ba33ae94fc9a@group-569FAC3F8BCE-FollowerState was interrupted: java.lang.InterruptedException: sleep interrupted
2019-10-16 21:55:11,724 [grpc-default-executor-0] INFO  impl.RoleInfo (RoleInfo.java:updateAndGet(143)) - a32408a4-f19d-4bad-97c5-ba33ae94fc9a: start FollowerState
2019-10-16 21:55:11,724 [Thread-1025] INFO  impl.FollowerState (FollowerState.java:run(117)) - 6b24a2ab-97ee-4d49-85cc-2d76c2f4b8ef@group-569FAC3F8BCE-FollowerState was interrupted: java.lang.InterruptedException: sleep interrupted
2019-10-16 21:55:11,724 [grpc-default-executor-1] INFO  impl.RoleInfo (RoleInfo.java:updateAndGet(143)) - 6b24a2ab-97ee-4d49-85cc-2d76c2f4b8ef: start FollowerState
2019-10-16 21:55:11,739 [277b5c5e-8c6f-4c9a-a53f-1bbc96404e12@group-569FAC3F8BCE-LeaderElection128] INFO  impl.LeaderElection (LeaderElection.java:logAndReturn(56)) - 277b5c5e-8c6f-4c9a-a53f-1bbc96404e12@group-569FAC3F8BCE-LeaderElection128: Election REJECTED; received 2 response(s) [277b5c5e-8c6f-4c9a-a53f-1bbc96404e12<-a32408a4-f19d-4bad-97c5-ba33ae94fc9a#0:FAIL-t120, 277b5c5e-8c6f-4c9a-a53f-1bbc96404e12<-6b24a2ab-97ee-4d49-85cc-2d76c2f4b8ef#0:FAIL-t120] and 0 exception(s); 277b5c5e-8c6f-4c9a-a53f-1bbc96404e12@group-569FAC3F8BCE:t120, leader=null, voted=277b5c5e-8c6f-4c9a-a53f-1bbc96404e12, raftlog=277b5c5e-8c6f-4c9a-a53f-1bbc96404e12@group-569FAC3F8BCE-SegmentedRaftLog:OPENED:c-1,f-1,i0, conf=-1: [a32408a4-f19d-4bad-97c5-ba33ae94fc9a:192.168.157.254:38721, 6b24a2ab-97ee-4d49-85cc-2d76c2f4b8ef:192.168.157.254:41080, 277b5c5e-8c6f-4c9a-a53f-1bbc96404e12:192.168.157.254:41416], old=null
2019-10-16 21:55:11,739 [277b5c5e-8c6f-4c9a-a53f-1bbc96404e12@group-569FAC3F8BCE-LeaderElection128] INFO  impl.RaftServerImpl (RaftServerImpl.java:setRole(184)) - 277b5c5e-8c6f-4c9a-a53f-1bbc96404e12@group-569FAC3F8BCE: changes role from CANDIDATE to FOLLOWER at term 120 for DISCOVERED_A_NEW_TERM
2019-10-16 21:55:11,739 [277b5c5e-8c6f-4c9a-a53f-1bbc96404e12@group-569FAC3F8BCE-LeaderElection128] INFO  impl.RoleInfo (RoleInfo.java:shutdownLeaderElection(134)) - 277b5c5e-8c6f-4c9a-a53f-1bbc96404e12: shutdown LeaderElection
2019-10-16 21:55:11,739 [277b5c5e-8c6f-4c9a-a53f-1bbc96404e12@group-569FAC3F8BCE-LeaderElection128] INFO  impl.RoleInfo (RoleInfo.java:updateAndGet(143)) - 277b5c5e-8c6f-4c9a-a53f-1bbc96404e12: start FollowerState
2019-10-16 21:55:11,796 [Thread-1032] INFO  impl.FollowerState (FollowerState.java:run(108)) - 277b5c5e-8c6f-4c9a-a53f-1bbc96404e12@group-569FAC3F8BCE-FollowerState: change to CANDIDATE, lastRpcTime:56ms, electionTimeout:56ms
2019-10-16 21:55:11,796 [Thread-1032] INFO  impl.RoleInfo (RoleInfo.java:shutdownFollowerState(121)) - 277b5c5e-8c6f-4c9a-a53f-1bbc96404e12: shutdown FollowerState
2019-10-16 21:55:11,796 [Thread-1032] INFO  impl.RaftServerImpl (RaftServerImpl.java:setRole(184)) - 277b5c5e-8c6f-4c9a-a53f-1bbc96404e12@group-569FAC3F8BCE: changes role from  FOLLOWER to CANDIDATE at term 120 for changeToCandidate
2019-10-16 21:55:11,796 [Thread-1032] INFO  impl.RoleInfo (RoleInfo.java:updateAndGet(143)) - 277b5c5e-8c6f-4c9a-a53f-1bbc96404e12: start LeaderElection
2019-10-16 21:55:11,810 [277b5c5e-8c6f-4c9a-a53f-1bbc96404e12@group-569FAC3F8BCE-LeaderElection129] INFO  impl.LeaderElection (LeaderElection.java:askForVotes(178)) - 277b5c5e-8c6f-4c9a-a53f-1bbc96404e12@group-569FAC3F8BCE-LeaderElection129: begin an election at term 121 for -1: [a32408a4-f19d-4bad-97c5-ba33ae94fc9a:192.168.157.254:38721, 6b24a2ab-97ee-4d49-85cc-2d76c2f4b8ef:192.168.157.254:41080, 277b5c5e-8c6f-4c9a-a53f-1bbc96404e12:192.168.157.254:41416], old=null
2019-10-16 21:55:11,812 [grpc-default-executor-0] INFO  impl.RaftServerImpl (RaftServerImpl.java:setRole(184)) - a32408a4-f19d-4bad-97c5-ba33ae94fc9a@group-569FAC3F8BCE: changes role from  FOLLOWER to FOLLOWER at term 121 for recognizeCandidate:277b5c5e-8c6f-4c9a-a53f-1bbc96404e12
2019-10-16 21:55:11,812 [grpc-default-executor-1] INFO  impl.RaftServerImpl (RaftServerImpl.java:setRole(184)) - 6b24a2ab-97ee-4d49-85cc-2d76c2f4b8ef@group-569FAC3F8BCE: changes role from  FOLLOWER to FOLLOWER at term 121 for recognizeCandidate:277b5c5e-8c6f-4c9a-a53f-1bbc96404e12
2019-10-16 21:55:11,813 [grpc-default-executor-1] INFO  impl.RoleInfo (RoleInfo.java:shutdownFollowerState(121)) - 6b24a2ab-97ee-4d49-85cc-2d76c2f4b8ef: shutdown FollowerState
2019-10-16 21:55:11,812 [grpc-default-executor-0] INFO  impl.RoleInfo (RoleInfo.java:shutdownFollowerState(121)) - a32408a4-f19d-4bad-97c5-ba33ae94fc9a: shutdown FollowerState
2019-10-16 21:55:11,813 [Thread-1031] INFO  impl.FollowerState (FollowerState.java:run(117)) - 6b24a2ab-97ee-4d49-85cc-2d76c2f4b8ef@group-569FAC3F8BCE-FollowerState was interrupted: java.lang.InterruptedException: sleep interrupted
2019-10-16 21:55:11,813 [grpc-default-executor-1] INFO  impl.RoleInfo (RoleInfo.java:updateAndGet(143)) - 6b24a2ab-97ee-4d49-85cc-2d76c2f4b8ef: start FollowerState
2019-10-16 21:55:11,813 [Thread-1030] INFO  impl.FollowerState (FollowerState.java:run(117)) - a32408a4-f19d-4bad-97c5-ba33ae94fc9a@group-569FAC3F8BCE-FollowerState was interrupted: java.lang.InterruptedException: sleep interrupted
2019-10-16 21:55:11,813 [grpc-default-executor-0] INFO  impl.RoleInfo (RoleInfo.java:updateAndGet(143)) - a32408a4-f19d-4bad-97c5-ba33ae94fc9a: start FollowerState
2019-10-16 21:55:11,828 [277b5c5e-8c6f-4c9a-a53f-1bbc96404e12@group-569FAC3F8BCE-LeaderElection129] INFO  impl.LeaderElection (LeaderElection.java:logAndReturn(56)) - 277b5c5e-8c6f-4c9a-a53f-1bbc96404e12@group-569FAC3F8BCE-LeaderElection129: Election REJECTED; received 2 response(s) [277b5c5e-8c6f-4c9a-a53f-1bbc96404e12<-6b24a2ab-97ee-4d49-85cc-2d76c2f4b8ef#0:FAIL-t121, 277b5c5e-8c6f-4c9a-a53f-1bbc96404e12<-a32408a4-f19d-4bad-97c5-ba33ae94fc9a#0:FAIL-t121] and 0 exception(s); 277b5c5e-8c6f-4c9a-a53f-1bbc96404e12@group-569FAC3F8BCE:t121, leader=null, voted=277b5c5e-8c6f-4c9a-a53f-1bbc96404e12, raftlog=277b5c5e-8c6f-4c9a-a53f-1bbc96404e12@group-569FAC3F8BCE-SegmentedRaftLog:OPENED:c-1,f-1,i0, conf=-1: [a32408a4-f19d-4bad-97c5-ba33ae94fc9a:192.168.157.254:38721, 6b24a2ab-97ee-4d49-85cc-2d76c2f4b8ef:192.168.157.254:41080, 277b5c5e-8c6f-4c9a-a53f-1bbc96404e12:192.168.157.254:41416], old=null
2019-10-16 21:55:11,828 [277b5c5e-8c6f-4c9a-a53f-1bbc96404e12@group-569FAC3F8BCE-LeaderElection129] INFO  impl.RaftServerImpl (RaftServerImpl.java:setRole(184)) - 277b5c5e-8c6f-4c9a-a53f-1bbc96404e12@group-569FAC3F8BCE: changes role from CANDIDATE to FOLLOWER at term 121 for DISCOVERED_A_NEW_TERM
2019-10-16 21:55:11,828 [277b5c5e-8c6f-4c9a-a53f-1bbc96404e12@group-569FAC3F8BCE-LeaderElection129] INFO  impl.RoleInfo (RoleInfo.java:shutdownLeaderElection(134)) - 277b5c5e-8c6f-4c9a-a53f-1bbc96404e12: shutdown LeaderElection
2019-10-16 21:55:11,829 [277b5c5e-8c6f-4c9a-a53f-1bbc96404e12@group-569FAC3F8BCE-LeaderElection129] INFO  impl.RoleInfo (RoleInfo.java:updateAndGet(143)) - 277b5c5e-8c6f-4c9a-a53f-1bbc96404e12: start FollowerState
2019-10-16 21:55:11,928 [Thread-1038] INFO  impl.FollowerState (FollowerState.java:run(108)) - 277b5c5e-8c6f-4c9a-a53f-1bbc96404e12@group-569FAC3F8BCE-FollowerState: change to CANDIDATE, lastRpcTime:99ms, electionTimeout:99ms
2019-10-16 21:55:11,928 [Thread-1038] INFO  impl.RoleInfo (RoleInfo.java:shutdownFollowerState(121)) - 277b5c5e-8c6f-4c9a-a53f-1bbc96404e12: shutdown FollowerState
2019-10-16 21:55:11,928 [Thread-1038] INFO  impl.RaftServerImpl (RaftServerImpl.java:setRole(184)) - 277b5c5e-8c6f-4c9a-a53f-1bbc96404e12@group-569FAC3F8BCE: changes role from  FOLLOWER to CANDIDATE at term 121 for changeToCandidate
2019-10-16 21:55:11,928 [Thread-1038] INFO  impl.RoleInfo (RoleInfo.java:updateAndGet(143)) - 277b5c5e-8c6f-4c9a-a53f-1bbc96404e12: start LeaderElection
2019-10-16 21:55:11,943 [277b5c5e-8c6f-4c9a-a53f-1bbc96404e12@group-569FAC3F8BCE-LeaderElection130] INFO  impl.LeaderElection (LeaderElection.java:askForVotes(178)) - 277b5c5e-8c6f-4c9a-a53f-1bbc96404e12@group-569FAC3F8BCE-LeaderElection130: begin an election at term 122 for -1: [a32408a4-f19d-4bad-97c5-ba33ae94fc9a:192.168.157.254:38721, 6b24a2ab-97ee-4d49-85cc-2d76c2f4b8ef:192.168.157.254:41080, 277b5c5e-8c6f-4c9a-a53f-1bbc96404e12:192.168.157.254:41416], old=null
2019-10-16 21:55:11,945 [grpc-default-executor-0] INFO  impl.RaftServerImpl (RaftServerImpl.java:setRole(184)) - a32408a4-f19d-4bad-97c5-ba33ae94fc9a@group-569FAC3F8BCE: changes role from  FOLLOWER to FOLLOWER at term 122 for recognizeCandidate:277b5c5e-8c6f-4c9a-a53f-1bbc96404e12
2019-10-16 21:55:11,945 [grpc-default-executor-0] INFO  impl.RoleInfo (RoleInfo.java:shutdownFollowerState(121)) - a32408a4-f19d-4bad-97c5-ba33ae94fc9a: shutdown FollowerState
2019-10-16 21:55:11,945 [grpc-default-executor-1] INFO  impl.RaftServerImpl (RaftServerImpl.java:setRole(184)) - 6b24a2ab-97ee-4d49-85cc-2d76c2f4b8ef@group-569FAC3F8BCE: changes role from  FOLLOWER to FOLLOWER at term 122 for recognizeCandidate:277b5c5e-8c6f-4c9a-a53f-1bbc96404e12
2019-10-16 21:55:11,945 [grpc-default-executor-0] INFO  impl.RoleInfo (RoleInfo.java:updateAndGet(143)) - a32408a4-f19d-4bad-97c5-ba33ae94fc9a: start FollowerState
2019-10-16 21:55:11,946 [grpc-default-executor-1] INFO  impl.RoleInfo (RoleInfo.java:shutdownFollowerState(121)) - 6b24a2ab-97ee-4d49-85cc-2d76c2f4b8ef: shutdown FollowerState
2019-10-16 21:55:11,946 [Thread-1037] INFO  impl.FollowerState (FollowerState.java:run(117)) - a32408a4-f19d-4bad-97c5-ba33ae94fc9a@group-569FAC3F8BCE-FollowerState was interrupted: java.lang.InterruptedException: sleep interrupted
2019-10-16 21:55:11,946 [grpc-default-executor-1] INFO  impl.RoleInfo (RoleInfo.java:updateAndGet(143)) - 6b24a2ab-97ee-4d49-85cc-2d76c2f4b8ef: start FollowerState
2019-10-16 21:55:11,946 [Thread-1036] INFO  impl.FollowerState (FollowerState.java:run(117)) - 6b24a2ab-97ee-4d49-85cc-2d76c2f4b8ef@group-569FAC3F8BCE-FollowerState was interrupted: java.lang.InterruptedException: sleep interrupted
2019-10-16 21:55:11,961 [277b5c5e-8c6f-4c9a-a53f-1bbc96404e12@group-569FAC3F8BCE-LeaderElection130] INFO  impl.LeaderElection (LeaderElection.java:logAndReturn(56)) - 277b5c5e-8c6f-4c9a-a53f-1bbc96404e12@group-569FAC3F8BCE-LeaderElection130: Election REJECTED; received 2 response(s) [277b5c5e-8c6f-4c9a-a53f-1bbc96404e12<-a32408a4-f19d-4bad-97c5-ba33ae94fc9a#0:FAIL-t122, 277b5c5e-8c6f-4c9a-a53f-1bbc96404e12<-6b24a2ab-97ee-4d49-85cc-2d76c2f4b8ef#0:FAIL-t122] and 0 exception(s); 277b5c5e-8c6f-4c9a-a53f-1bbc96404e12@group-569FAC3F8BCE:t122, leader=null, voted=277b5c5e-8c6f-4c9a-a53f-1bbc96404e12, raftlog=277b5c5e-8c6f-4c9a-a53f-1bbc96404e12@group-569FAC3F8BCE-SegmentedRaftLog:OPENED:c-1,f-1,i0, conf=-1: [a32408a4-f19d-4bad-97c5-ba33ae94fc9a:192.168.157.254:38721, 6b24a2ab-97ee-4d49-85cc-2d76c2f4b8ef:192.168.157.254:41080, 277b5c5e-8c6f-4c9a-a53f-1bbc96404e12:192.168.157.254:41416], old=null
2019-10-16 21:55:11,961 [277b5c5e-8c6f-4c9a-a53f-1bbc96404e12@group-569FAC3F8BCE-LeaderElection130] INFO  impl.RaftServerImpl (RaftServerImpl.java:setRole(184)) - 277b5c5e-8c6f-4c9a-a53f-1bbc96404e12@group-569FAC3F8BCE: changes role from CANDIDATE to FOLLOWER at term 122 for DISCOVERED_A_NEW_TERM
2019-10-16 21:55:11,961 [277b5c5e-8c6f-4c9a-a53f-1bbc96404e12@group-569FAC3F8BCE-LeaderElection130] INFO  impl.RoleInfo (RoleInfo.java:shutdownLeaderElection(134)) - 277b5c5e-8c6f-4c9a-a53f-1bbc96404e12: shutdown LeaderElection
2019-10-16 21:55:11,961 [277b5c5e-8c6f-4c9a-a53f-1bbc96404e12@group-569FAC3F8BCE-LeaderElection130] INFO  impl.RoleInfo (RoleInfo.java:updateAndGet(143)) - 277b5c5e-8c6f-4c9a-a53f-1bbc96404e12: start FollowerState
2019-10-16 21:55:12,026 [Thread-1044] INFO  impl.FollowerState (FollowerState.java:run(108)) - 277b5c5e-8c6f-4c9a-a53f-1bbc96404e12@group-569FAC3F8BCE-FollowerState: change to CANDIDATE, lastRpcTime:64ms, electionTimeout:64ms
2019-10-16 21:55:12,026 [Thread-1044] INFO  impl.RoleInfo (RoleInfo.java:shutdownFollowerState(121)) - 277b5c5e-8c6f-4c9a-a53f-1bbc96404e12: shutdown FollowerState
2019-10-16 21:55:12,026 [Thread-1044] INFO  impl.RaftServerImpl (RaftServerImpl.java:setRole(184)) - 277b5c5e-8c6f-4c9a-a53f-1bbc96404e12@group-569FAC3F8BCE: changes role from  FOLLOWER to CANDIDATE at term 122 for changeToCandidate
2019-10-16 21:55:12,026 [Thread-1044] INFO  impl.RoleInfo (RoleInfo.java:updateAndGet(143)) - 277b5c5e-8c6f-4c9a-a53f-1bbc96404e12: start LeaderElection
2019-10-16 21:55:12,040 [277b5c5e-8c6f-4c9a-a53f-1bbc96404e12@group-569FAC3F8BCE-LeaderElection131] INFO  impl.LeaderElection (LeaderElection.java:askForVotes(178)) - 277b5c5e-8c6f-4c9a-a53f-1bbc96404e12@group-569FAC3F8BCE-LeaderElection131: begin an election at term 123 for -1: [a32408a4-f19d-4bad-97c5-ba33ae94fc9a:192.168.157.254:38721, 6b24a2ab-97ee-4d49-85cc-2d76c2f4b8ef:192.168.157.254:41080, 277b5c5e-8c6f-4c9a-a53f-1bbc96404e12:192.168.157.254:41416], old=null
2019-10-16 21:55:12,043 [grpc-default-executor-0] INFO  impl.RaftServerImpl (RaftServerImpl.java:setRole(184)) - a32408a4-f19d-4bad-97c5-ba33ae94fc9a@group-569FAC3F8BCE: changes role from  FOLLOWER to FOLLOWER at term 123 for recognizeCandidate:277b5c5e-8c6f-4c9a-a53f-1bbc96404e12
2019-10-16 21:55:12,043 [grpc-default-executor-0] INFO  impl.RoleInfo (RoleInfo.java:shutdownFollowerState(121)) - a32408a4-f19d-4bad-97c5-ba33ae94fc9a: shutdown FollowerState
2019-10-16 21:55:12,043 [grpc-default-executor-0] INFO  impl.RoleInfo (RoleInfo.java:updateAndGet(143)) - a32408a4-f19d-4bad-97c5-ba33ae94fc9a: start FollowerState
2019-10-16 21:55:12,043 [Thread-1042] INFO  impl.FollowerState (FollowerState.java:run(117)) - a32408a4-f19d-4bad-97c5-ba33ae94fc9a@group-569FAC3F8BCE-FollowerState was interrupted: java.lang.InterruptedException: sleep interrupted
2019-10-16 21:55:12,043 [grpc-default-executor-1] INFO  impl.RaftServerImpl (RaftServerImpl.java:setRole(184)) - 6b24a2ab-97ee-4d49-85cc-2d76c2f4b8ef@group-569FAC3F8BCE: changes role from  FOLLOWER to FOLLOWER at term 123 for recognizeCandidate:277b5c5e-8c6f-4c9a-a53f-1bbc96404e12
2019-10-16 21:55:12,043 [grpc-default-executor-1] INFO  impl.RoleInfo (RoleInfo.java:shutdownFollowerState(121)) - 6b24a2ab-97ee-4d49-85cc-2d76c2f4b8ef: shutdown FollowerState
2019-10-16 21:55:12,044 [grpc-default-executor-1] INFO  impl.RoleInfo (RoleInfo.java:updateAndGet(143)) - 6b24a2ab-97ee-4d49-85cc-2d76c2f4b8ef: start FollowerState
2019-10-16 21:55:12,044 [Thread-1043] INFO  impl.FollowerState (FollowerState.java:run(117)) - 6b24a2ab-97ee-4d49-85cc-2d76c2f4b8ef@group-569FAC3F8BCE-FollowerState was interrupted: java.lang.InterruptedException: sleep interrupted
2019-10-16 21:55:12,058 [277b5c5e-8c6f-4c9a-a53f-1bbc96404e12@group-569FAC3F8BCE-LeaderElection131] INFO  impl.LeaderElection (LeaderElection.java:logAndReturn(56)) - 277b5c5e-8c6f-4c9a-a53f-1bbc96404e12@group-569FAC3F8BCE-LeaderElection131: Election REJECTED; received 2 response(s) [277b5c5e-8c6f-4c9a-a53f-1bbc96404e12<-6b24a2ab-97ee-4d49-85cc-2d76c2f4b8ef#0:FAIL-t123, 277b5c5e-8c6f-4c9a-a53f-1bbc96404e12<-a32408a4-f19d-4bad-97c5-ba33ae94fc9a#0:FAIL-t123] and 0 exception(s); 277b5c5e-8c6f-4c9a-a53f-1bbc96404e12@group-569FAC3F8BCE:t123, leader=null, voted=277b5c5e-8c6f-4c9a-a53f-1bbc96404e12, raftlog=277b5c5e-8c6f-4c9a-a53f-1bbc96404e12@group-569FAC3F8BCE-SegmentedRaftLog:OPENED:c-1,f-1,i0, conf=-1: [a32408a4-f19d-4bad-97c5-ba33ae94fc9a:192.168.157.254:38721, 6b24a2ab-97ee-4d49-85cc-2d76c2f4b8ef:192.168.157.254:41080, 277b5c5e-8c6f-4c9a-a53f-1bbc96404e12:192.168.157.254:41416], old=null
2019-10-16 21:55:12,059 [277b5c5e-8c6f-4c9a-a53f-1bbc96404e12@group-569FAC3F8BCE-LeaderElection131] INFO  impl.RaftServerImpl (RaftServerImpl.java:setRole(184)) - 277b5c5e-8c6f-4c9a-a53f-1bbc96404e12@group-569FAC3F8BCE: changes role from CANDIDATE to FOLLOWER at term 123 for DISCOVERED_A_NEW_TERM
2019-10-16 21:55:12,059 [277b5c5e-8c6f-4c9a-a53f-1bbc96404e12@group-569FAC3F8BCE-LeaderElection131] INFO  impl.RoleInfo (RoleInfo.java:shutdownLeaderElection(134)) - 277b5c5e-8c6f-4c9a-a53f-1bbc96404e12: shutdown LeaderElection
2019-10-16 21:55:12,059 [277b5c5e-8c6f-4c9a-a53f-1bbc96404e12@group-569FAC3F8BCE-LeaderElection131] INFO  impl.RoleInfo (RoleInfo.java:updateAndGet(143)) - 277b5c5e-8c6f-4c9a-a53f-1bbc96404e12: start FollowerState
2019-10-16 21:55:12,118 [Thread-1050] INFO  impl.FollowerState (FollowerState.java:run(108)) - 277b5c5e-8c6f-4c9a-a53f-1bbc96404e12@group-569FAC3F8BCE-FollowerState: change to CANDIDATE, lastRpcTime:59ms, electionTimeout:59ms
2019-10-16 21:55:12,118 [Thread-1050] INFO  impl.RoleInfo (RoleInfo.java:shutdownFollowerState(121)) - 277b5c5e-8c6f-4c9a-a53f-1bbc96404e12: shutdown FollowerState
2019-10-16 21:55:12,119 [Thread-1050] INFO  impl.RaftServerImpl (RaftServerImpl.java:setRole(184)) - 277b5c5e-8c6f-4c9a-a53f-1bbc96404e12@group-569FAC3F8BCE: changes role from  FOLLOWER to CANDIDATE at term 123 for changeToCandidate
2019-10-16 21:55:12,119 [Thread-1050] INFO  impl.RoleInfo (RoleInfo.java:updateAndGet(143)) - 277b5c5e-8c6f-4c9a-a53f-1bbc96404e12: start LeaderElection
2019-10-16 21:55:12,128 [277b5c5e-8c6f-4c9a-a53f-1bbc96404e12@group-569FAC3F8BCE-LeaderElection132] INFO  impl.LeaderElection (LeaderElection.java:askForVotes(178)) - 277b5c5e-8c6f-4c9a-a53f-1bbc96404e12@group-569FAC3F8BCE-LeaderElection132: begin an election at term 124 for -1: [a32408a4-f19d-4bad-97c5-ba33ae94fc9a:192.168.157.254:38721, 6b24a2ab-97ee-4d49-85cc-2d76c2f4b8ef:192.168.157.254:41080, 277b5c5e-8c6f-4c9a-a53f-1bbc96404e12:192.168.157.254:41416], old=null
2019-10-16 21:55:12,131 [grpc-default-executor-0] INFO  impl.RaftServerImpl (RaftServerImpl.java:setRole(184)) - a32408a4-f19d-4bad-97c5-ba33ae94fc9a@group-569FAC3F8BCE: changes role from  FOLLOWER to FOLLOWER at term 124 for recognizeCandidate:277b5c5e-8c6f-4c9a-a53f-1bbc96404e12
2019-10-16 21:55:12,131 [grpc-default-executor-0] INFO  impl.RoleInfo (RoleInfo.java:shutdownFollowerState(121)) - a32408a4-f19d-4bad-97c5-ba33ae94fc9a: shutdown FollowerState
2019-10-16 21:55:12,131 [grpc-default-executor-1] INFO  impl.RaftServerImpl (RaftServerImpl.java:setRole(184)) - 6b24a2ab-97ee-4d49-85cc-2d76c2f4b8ef@group-569FAC3F8BCE: changes role from  FOLLOWER to FOLLOWER at term 124 for recognizeCandidate:277b5c5e-8c6f-4c9a-a53f-1bbc96404e12
2019-10-16 21:55:12,131 [grpc-default-executor-1] INFO  impl.RoleInfo (RoleInfo.java:shutdownFollowerState(121)) - 6b24a2ab-97ee-4d49-85cc-2d76c2f4b8ef: shutdown FollowerState
2019-10-16 21:55:12,131 [Thread-1048] INFO  impl.FollowerState (FollowerState.java:run(117)) - a32408a4-f19d-4bad-97c5-ba33ae94fc9a@group-569FAC3F8BCE-FollowerState was interrupted: java.lang.InterruptedException: sleep interrupted
2019-10-16 21:55:12,131 [Thread-1049] INFO  impl.FollowerState (FollowerState.java:run(117)) - 6b24a2ab-97ee-4d49-85cc-2d76c2f4b8ef@group-569FAC3F8BCE-FollowerState was interrupted: java.lang.InterruptedException: sleep interrupted
2019-10-16 21:55:12,131 [grpc-default-executor-0] INFO  impl.RoleInfo (RoleInfo.java:updateAndGet(143)) - a32408a4-f19d-4bad-97c5-ba33ae94fc9a: start FollowerState
2019-10-16 21:55:12,131 [grpc-default-executor-1] INFO  impl.RoleInfo (RoleInfo.java:updateAndGet(143)) - 6b24a2ab-97ee-4d49-85cc-2d76c2f4b8ef: start FollowerState
2019-10-16 21:55:12,143 [277b5c5e-8c6f-4c9a-a53f-1bbc96404e12@group-569FAC3F8BCE-LeaderElection132] INFO  impl.LeaderElection (LeaderElection.java:logAndReturn(56)) - 277b5c5e-8c6f-4c9a-a53f-1bbc96404e12@group-569FAC3F8BCE-LeaderElection132: Election REJECTED; received 2 response(s) [277b5c5e-8c6f-4c9a-a53f-1bbc96404e12<-a32408a4-f19d-4bad-97c5-ba33ae94fc9a#0:FAIL-t124, 277b5c5e-8c6f-4c9a-a53f-1bbc96404e12<-6b24a2ab-97ee-4d49-85cc-2d76c2f4b8ef#0:FAIL-t124] and 0 exception(s); 277b5c5e-8c6f-4c9a-a53f-1bbc96404e12@group-569FAC3F8BCE:t124, leader=null, voted=277b5c5e-8c6f-4c9a-a53f-1bbc96404e12, raftlog=277b5c5e-8c6f-4c9a-a53f-1bbc96404e12@group-569FAC3F8BCE-SegmentedRaftLog:OPENED:c-1,f-1,i0, conf=-1: [a32408a4-f19d-4bad-97c5-ba33ae94fc9a:192.168.157.254:38721, 6b24a2ab-97ee-4d49-85cc-2d76c2f4b8ef:192.168.157.254:41080, 277b5c5e-8c6f-4c9a-a53f-1bbc96404e12:192.168.157.254:41416], old=null
2019-10-16 21:55:12,143 [277b5c5e-8c6f-4c9a-a53f-1bbc96404e12@group-569FAC3F8BCE-LeaderElection132] INFO  impl.RaftServerImpl (RaftServerImpl.java:setRole(184)) - 277b5c5e-8c6f-4c9a-a53f-1bbc96404e12@group-569FAC3F8BCE: changes role from CANDIDATE to FOLLOWER at term 124 for DISCOVERED_A_NEW_TERM
2019-10-16 21:55:12,143 [277b5c5e-8c6f-4c9a-a53f-1bbc96404e12@group-569FAC3F8BCE-LeaderElection132] INFO  impl.RoleInfo (RoleInfo.java:shutdownLeaderElection(134)) - 277b5c5e-8c6f-4c9a-a53f-1bbc96404e12: shutdown LeaderElection
2019-10-16 21:55:12,143 [277b5c5e-8c6f-4c9a-a53f-1bbc96404e12@group-569FAC3F8BCE-LeaderElection132] INFO  impl.RoleInfo (RoleInfo.java:updateAndGet(143)) - 277b5c5e-8c6f-4c9a-a53f-1bbc96404e12: start FollowerState
2019-10-16 21:55:12,325 [Thread-1056] INFO  impl.FollowerState (FollowerState.java:run(108)) - 277b5c5e-8c6f-4c9a-a53f-1bbc96404e12@group-569FAC3F8BCE-FollowerState: change to CANDIDATE, lastRpcTime:181ms, electionTimeout:181ms
2019-10-16 21:55:12,325 [Thread-1056] INFO  impl.RoleInfo (RoleInfo.java:shutdownFollowerState(121)) - 277b5c5e-8c6f-4c9a-a53f-1bbc96404e12: shutdown FollowerState
2019-10-16 21:55:12,325 [Thread-1056] INFO  impl.RaftServerImpl (RaftServerImpl.java:setRole(184)) - 277b5c5e-8c6f-4c9a-a53f-1bbc96404e12@group-569FAC3F8BCE: changes role from  FOLLOWER to CANDIDATE at term 124 for changeToCandidate
2019-10-16 21:55:12,325 [Thread-1056] INFO  impl.RoleInfo (RoleInfo.java:updateAndGet(143)) - 277b5c5e-8c6f-4c9a-a53f-1bbc96404e12: start LeaderElection
2019-10-16 21:55:12,336 [277b5c5e-8c6f-4c9a-a53f-1bbc96404e12@group-569FAC3F8BCE-LeaderElection133] INFO  impl.LeaderElection (LeaderElection.java:askForVotes(178)) - 277b5c5e-8c6f-4c9a-a53f-1bbc96404e12@group-569FAC3F8BCE-LeaderElection133: begin an election at term 125 for -1: [a32408a4-f19d-4bad-97c5-ba33ae94fc9a:192.168.157.254:38721, 6b24a2ab-97ee-4d49-85cc-2d76c2f4b8ef:192.168.157.254:41080, 277b5c5e-8c6f-4c9a-a53f-1bbc96404e12:192.168.157.254:41416], old=null
2019-10-16 21:55:12,339 [grpc-default-executor-1] INFO  impl.RaftServerImpl (RaftServerImpl.java:setRole(184)) - a32408a4-f19d-4bad-97c5-ba33ae94fc9a@group-569FAC3F8BCE: changes role from  FOLLOWER to FOLLOWER at term 125 for recognizeCandidate:277b5c5e-8c6f-4c9a-a53f-1bbc96404e12
2019-10-16 21:55:12,339 [grpc-default-executor-0] INFO  impl.RaftServerImpl (RaftServerImpl.java:setRole(184)) - 6b24a2ab-97ee-4d49-85cc-2d76c2f4b8ef@group-569FAC3F8BCE: changes role from  FOLLOWER to FOLLOWER at term 125 for recognizeCandidate:277b5c5e-8c6f-4c9a-a53f-1bbc96404e12
2019-10-16 21:55:12,339 [grpc-default-executor-1] INFO  impl.RoleInfo (RoleInfo.java:shutdownFollowerState(121)) - a32408a4-f19d-4bad-97c5-ba33ae94fc9a: shutdown FollowerState
2019-10-16 21:55:12,339 [grpc-default-executor-0] INFO  impl.RoleInfo (RoleInfo.java:shutdownFollowerState(121)) - 6b24a2ab-97ee-4d49-85cc-2d76c2f4b8ef: shutdown FollowerState
2019-10-16 21:55:12,340 [grpc-default-executor-1] INFO  impl.RoleInfo (RoleInfo.java:updateAndGet(143)) - a32408a4-f19d-4bad-97c5-ba33ae94fc9a: start FollowerState
2019-10-16 21:55:12,340 [grpc-default-executor-0] INFO  impl.RoleInfo (RoleInfo.java:updateAndGet(143)) - 6b24a2ab-97ee-4d49-85cc-2d76c2f4b8ef: start FollowerState
2019-10-16 21:55:12,340 [Thread-1054] INFO  impl.FollowerState (FollowerState.java:run(117)) - a32408a4-f19d-4bad-97c5-ba33ae94fc9a@group-569FAC3F8BCE-FollowerState was interrupted: java.lang.InterruptedException: sleep interrupted
2019-10-16 21:55:12,340 [Thread-1055] INFO  impl.FollowerState (FollowerState.java:run(117)) - 6b24a2ab-97ee-4d49-85cc-2d76c2f4b8ef@group-569FAC3F8BCE-FollowerState was interrupted: java.lang.InterruptedException: sleep interrupted
2019-10-16 21:55:12,366 [277b5c5e-8c6f-4c9a-a53f-1bbc96404e12@group-569FAC3F8BCE-LeaderElection133] INFO  impl.LeaderElection (LeaderElection.java:logAndReturn(56)) - 277b5c5e-8c6f-4c9a-a53f-1bbc96404e12@group-569FAC3F8BCE-LeaderElection133: Election REJECTED; received 2 response(s) [277b5c5e-8c6f-4c9a-a53f-1bbc96404e12<-a32408a4-f19d-4bad-97c5-ba33ae94fc9a#0:FAIL-t125, 277b5c5e-8c6f-4c9a-a53f-1bbc96404e12<-6b24a2ab-97ee-4d49-85cc-2d76c2f4b8ef#0:FAIL-t125] and 0 exception(s); 277b5c5e-8c6f-4c9a-a53f-1bbc96404e12@group-569FAC3F8BCE:t125, leader=null, voted=277b5c5e-8c6f-4c9a-a53f-1bbc96404e12, raftlog=277b5c5e-8c6f-4c9a-a53f-1bbc96404e12@group-569FAC3F8BCE-SegmentedRaftLog:OPENED:c-1,f-1,i0, conf=-1: [a32408a4-f19d-4bad-97c5-ba33ae94fc9a:192.168.157.254:38721, 6b24a2ab-97ee-4d49-85cc-2d76c2f4b8ef:192.168.157.254:41080, 277b5c5e-8c6f-4c9a-a53f-1bbc96404e12:192.168.157.254:41416], old=null
2019-10-16 21:55:12,366 [277b5c5e-8c6f-4c9a-a53f-1bbc96404e12@group-569FAC3F8BCE-LeaderElection133] INFO  impl.RaftServerImpl (RaftServerImpl.java:setRole(184)) - 277b5c5e-8c6f-4c9a-a53f-1bbc96404e12@group-569FAC3F8BCE: changes role from CANDIDATE to FOLLOWER at term 125 for DISCOVERED_A_NEW_TERM
2019-10-16 21:55:12,367 [277b5c5e-8c6f-4c9a-a53f-1bbc96404e12@group-569FAC3F8BCE-LeaderElection133] INFO  impl.RoleInfo (RoleInfo.java:shutdownLeaderElection(134)) - 277b5c5e-8c6f-4c9a-a53f-1bbc96404e12: shutdown LeaderElection
2019-10-16 21:55:12,367 [277b5c5e-8c6f-4c9a-a53f-1bbc96404e12@group-569FAC3F8BCE-LeaderElection133] INFO  impl.RoleInfo (RoleInfo.java:updateAndGet(143)) - 277b5c5e-8c6f-4c9a-a53f-1bbc96404e12: start FollowerState
2019-10-16 21:55:12,414 [Thread-1062] INFO  impl.FollowerState (FollowerState.java:run(108)) - 277b5c5e-8c6f-4c9a-a53f-1bbc96404e12@group-569FAC3F8BCE-FollowerState: change to CANDIDATE, lastRpcTime:47ms, electionTimeout:47ms
2019-10-16 21:55:12,414 [Thread-1062] INFO  impl.RoleInfo (RoleInfo.java:shutdownFollowerState(121)) - 277b5c5e-8c6f-4c9a-a53f-1bbc96404e12: shutdown FollowerState
2019-10-16 21:55:12,414 [Thread-1062] INFO  impl.RaftServerImpl (RaftServerImpl.java:setRole(184)) - 277b5c5e-8c6f-4c9a-a53f-1bbc96404e12@group-569FAC3F8BCE: changes role from  FOLLOWER to CANDIDATE at term 125 for changeToCandidate
2019-10-16 21:55:12,415 [Thread-1062] INFO  impl.RoleInfo (RoleInfo.java:updateAndGet(143)) - 277b5c5e-8c6f-4c9a-a53f-1bbc96404e12: start LeaderElection
2019-10-16 21:55:12,430 [277b5c5e-8c6f-4c9a-a53f-1bbc96404e12@group-569FAC3F8BCE-LeaderElection134] INFO  impl.LeaderElection (LeaderElection.java:askForVotes(178)) - 277b5c5e-8c6f-4c9a-a53f-1bbc96404e12@group-569FAC3F8BCE-LeaderElection134: begin an election at term 126 for -1: [a32408a4-f19d-4bad-97c5-ba33ae94fc9a:192.168.157.254:38721, 6b24a2ab-97ee-4d49-85cc-2d76c2f4b8ef:192.168.157.254:41080, 277b5c5e-8c6f-4c9a-a53f-1bbc96404e12:192.168.157.254:41416], old=null
2019-10-16 21:55:12,433 [grpc-default-executor-0] INFO  impl.RaftServerImpl (RaftServerImpl.java:setRole(184)) - a32408a4-f19d-4bad-97c5-ba33ae94fc9a@group-569FAC3F8BCE: changes role from  FOLLOWER to FOLLOWER at term 126 for recognizeCandidate:277b5c5e-8c6f-4c9a-a53f-1bbc96404e12
2019-10-16 21:55:12,433 [grpc-default-executor-0] INFO  impl.RoleInfo (RoleInfo.java:shutdownFollowerState(121)) - a32408a4-f19d-4bad-97c5-ba33ae94fc9a: shutdown FollowerState
2019-10-16 21:55:12,433 [grpc-default-executor-1] INFO  impl.RaftServerImpl (RaftServerImpl.java:setRole(184)) - 6b24a2ab-97ee-4d49-85cc-2d76c2f4b8ef@group-569FAC3F8BCE: changes role from  FOLLOWER to FOLLOWER at term 126 for recognizeCandidate:277b5c5e-8c6f-4c9a-a53f-1bbc96404e12
2019-10-16 21:55:12,433 [Thread-1060] INFO  impl.FollowerState (FollowerState.java:run(117)) - a32408a4-f19d-4bad-97c5-ba33ae94fc9a@group-569FAC3F8BCE-FollowerState was interrupted: java.lang.InterruptedException: sleep interrupted
2019-10-16 21:55:12,433 [grpc-default-executor-0] INFO  impl.RoleInfo (RoleInfo.java:updateAndGet(143)) - a32408a4-f19d-4bad-97c5-ba33ae94fc9a: start FollowerState
2019-10-16 21:55:12,433 [grpc-default-executor-1] INFO  impl.RoleInfo (RoleInfo.java:shutdownFollowerState(121)) - 6b24a2ab-97ee-4d49-85cc-2d76c2f4b8ef: shutdown FollowerState
2019-10-16 21:55:12,434 [grpc-default-executor-1] INFO  impl.RoleInfo (RoleInfo.java:updateAndGet(143)) - 6b24a2ab-97ee-4d49-85cc-2d76c2f4b8ef: start FollowerState
2019-10-16 21:55:12,434 [Thread-1061] INFO  impl.FollowerState (FollowerState.java:run(117)) - 6b24a2ab-97ee-4d49-85cc-2d76c2f4b8ef@group-569FAC3F8BCE-FollowerState was interrupted: java.lang.InterruptedException: sleep interrupted
2019-10-16 21:55:12,460 [277b5c5e-8c6f-4c9a-a53f-1bbc96404e12@group-569FAC3F8BCE-LeaderElection134] INFO  impl.LeaderElection (LeaderElection.java:logAndReturn(56)) - 277b5c5e-8c6f-4c9a-a53f-1bbc96404e12@group-569FAC3F8BCE-LeaderElection134: Election REJECTED; received 2 response(s) [277b5c5e-8c6f-4c9a-a53f-1bbc96404e12<-a32408a4-f19d-4bad-97c5-ba33ae94fc9a#0:FAIL-t126, 277b5c5e-8c6f-4c9a-a53f-1bbc96404e12<-6b24a2ab-97ee-4d49-85cc-2d76c2f4b8ef#0:FAIL-t126] and 0 exception(s); 277b5c5e-8c6f-4c9a-a53f-1bbc96404e12@group-569FAC3F8BCE:t126, leader=null, voted=277b5c5e-8c6f-4c9a-a53f-1bbc96404e12, raftlog=277b5c5e-8c6f-4c9a-a53f-1bbc96404e12@group-569FAC3F8BCE-SegmentedRaftLog:OPENED:c-1,f-1,i0, conf=-1: [a32408a4-f19d-4bad-97c5-ba33ae94fc9a:192.168.157.254:38721, 6b24a2ab-97ee-4d49-85cc-2d76c2f4b8ef:192.168.157.254:41080, 277b5c5e-8c6f-4c9a-a53f-1bbc96404e12:192.168.157.254:41416], old=null
2019-10-16 21:55:12,460 [277b5c5e-8c6f-4c9a-a53f-1bbc96404e12@group-569FAC3F8BCE-LeaderElection134] INFO  impl.RaftServerImpl (RaftServerImpl.java:setRole(184)) - 277b5c5e-8c6f-4c9a-a53f-1bbc96404e12@group-569FAC3F8BCE: changes role from CANDIDATE to FOLLOWER at term 126 for DISCOVERED_A_NEW_TERM
2019-10-16 21:55:12,460 [277b5c5e-8c6f-4c9a-a53f-1bbc96404e12@group-569FAC3F8BCE-LeaderElection134] INFO  impl.RoleInfo (RoleInfo.java:shutdownLeaderElection(134)) - 277b5c5e-8c6f-4c9a-a53f-1bbc96404e12: shutdown LeaderElection
2019-10-16 21:55:12,461 [277b5c5e-8c6f-4c9a-a53f-1bbc96404e12@group-569FAC3F8BCE-LeaderElection134] INFO  impl.RoleInfo (RoleInfo.java:updateAndGet(143)) - 277b5c5e-8c6f-4c9a-a53f-1bbc96404e12: start FollowerState
2019-10-16 21:55:12,508 [Thread-1068] INFO  impl.FollowerState (FollowerState.java:run(108)) - 277b5c5e-8c6f-4c9a-a53f-1bbc96404e12@group-569FAC3F8BCE-FollowerState: change to CANDIDATE, lastRpcTime:47ms, electionTimeout:47ms
2019-10-16 21:55:12,508 [Thread-1068] INFO  impl.RoleInfo (RoleInfo.java:shutdownFollowerState(121)) - 277b5c5e-8c6f-4c9a-a53f-1bbc96404e12: shutdown FollowerState
2019-10-16 21:55:12,508 [Thread-1068] INFO  impl.RaftServerImpl (RaftServerImpl.java:setRole(184)) - 277b5c5e-8c6f-4c9a-a53f-1bbc96404e12@group-569FAC3F8BCE: changes role from  FOLLOWER to CANDIDATE at term 126 for changeToCandidate
2019-10-16 21:55:12,508 [Thread-1068] INFO  impl.RoleInfo (RoleInfo.java:updateAndGet(143)) - 277b5c5e-8c6f-4c9a-a53f-1bbc96404e12: start LeaderElection
2019-10-16 21:55:12,520 [277b5c5e-8c6f-4c9a-a53f-1bbc96404e12@group-569FAC3F8BCE-LeaderElection135] INFO  impl.LeaderElection (LeaderElection.java:askForVotes(178)) - 277b5c5e-8c6f-4c9a-a53f-1bbc96404e12@group-569FAC3F8BCE-LeaderElection135: begin an election at term 127 for -1: [a32408a4-f19d-4bad-97c5-ba33ae94fc9a:192.168.157.254:38721, 6b24a2ab-97ee-4d49-85cc-2d76c2f4b8ef:192.168.157.254:41080, 277b5c5e-8c6f-4c9a-a53f-1bbc96404e12:192.168.157.254:41416], old=null
2019-10-16 21:55:12,523 [grpc-default-executor-1] INFO  impl.RaftServerImpl (RaftServerImpl.java:setRole(184)) - a32408a4-f19d-4bad-97c5-ba33ae94fc9a@group-569FAC3F8BCE: changes role from  FOLLOWER to FOLLOWER at term 127 for recognizeCandidate:277b5c5e-8c6f-4c9a-a53f-1bbc96404e12
2019-10-16 21:55:12,523 [grpc-default-executor-0] INFO  impl.RaftServerImpl (RaftServerImpl.java:setRole(184)) - 6b24a2ab-97ee-4d49-85cc-2d76c2f4b8ef@group-569FAC3F8BCE: changes role from  FOLLOWER to FOLLOWER at term 127 for recognizeCandidate:277b5c5e-8c6f-4c9a-a53f-1bbc96404e12
2019-10-16 21:55:12,523 [grpc-default-executor-1] INFO  impl.RoleInfo (RoleInfo.java:shutdownFollowerState(121)) - a32408a4-f19d-4bad-97c5-ba33ae94fc9a: shutdown FollowerState
2019-10-16 21:55:12,523 [grpc-default-executor-0] INFO  impl.RoleInfo (RoleInfo.java:shutdownFollowerState(121)) - 6b24a2ab-97ee-4d49-85cc-2d76c2f4b8ef: shutdown FollowerState
2019-10-16 21:55:12,523 [grpc-default-executor-1] INFO  impl.RoleInfo (RoleInfo.java:updateAndGet(143)) - a32408a4-f19d-4bad-97c5-ba33ae94fc9a: start FollowerState
2019-10-16 21:55:12,523 [grpc-default-executor-0] INFO  impl.RoleInfo (RoleInfo.java:updateAndGet(143)) - 6b24a2ab-97ee-4d49-85cc-2d76c2f4b8ef: start FollowerState
2019-10-16 21:55:12,523 [Thread-1066] INFO  impl.FollowerState (FollowerState.java:run(117)) - a32408a4-f19d-4bad-97c5-ba33ae94fc9a@group-569FAC3F8BCE-FollowerState was interrupted: java.lang.InterruptedException: sleep interrupted
2019-10-16 21:55:12,524 [Thread-1067] INFO  impl.FollowerState (FollowerState.java:run(117)) - 6b24a2ab-97ee-4d49-85cc-2d76c2f4b8ef@group-569FAC3F8BCE-FollowerState was interrupted: java.lang.InterruptedException: sleep interrupted
2019-10-16 21:55:12,536 [277b5c5e-8c6f-4c9a-a53f-1bbc96404e12@group-569FAC3F8BCE-LeaderElection135] INFO  impl.LeaderElection (LeaderElection.java:logAndReturn(56)) - 277b5c5e-8c6f-4c9a-a53f-1bbc96404e12@group-569FAC3F8BCE-LeaderElection135: Election REJECTED; received 2 response(s) [277b5c5e-8c6f-4c9a-a53f-1bbc96404e12<-a32408a4-f19d-4bad-97c5-ba33ae94fc9a#0:FAIL-t127, 277b5c5e-8c6f-4c9a-a53f-1bbc96404e12<-6b24a2ab-97ee-4d49-85cc-2d76c2f4b8ef#0:FAIL-t127] and 0 exception(s); 277b5c5e-8c6f-4c9a-a53f-1bbc96404e12@group-569FAC3F8BCE:t127, leader=null, voted=277b5c5e-8c6f-4c9a-a53f-1bbc96404e12, raftlog=277b5c5e-8c6f-4c9a-a53f-1bbc96404e12@group-569FAC3F8BCE-SegmentedRaftLog:OPENED:c-1,f-1,i0, conf=-1: [a32408a4-f19d-4bad-97c5-ba33ae94fc9a:192.168.157.254:38721, 6b24a2ab-97ee-4d49-85cc-2d76c2f4b8ef:192.168.157.254:41080, 277b5c5e-8c6f-4c9a-a53f-1bbc96404e12:192.168.157.254:41416], old=null
2019-10-16 21:55:12,537 [277b5c5e-8c6f-4c9a-a53f-1bbc96404e12@group-569FAC3F8BCE-LeaderElection135] INFO  impl.RaftServerImpl (RaftServerImpl.java:setRole(184)) - 277b5c5e-8c6f-4c9a-a53f-1bbc96404e12@group-569FAC3F8BCE: changes role from CANDIDATE to FOLLOWER at term 127 for DISCOVERED_A_NEW_TERM
2019-10-16 21:55:12,537 [277b5c5e-8c6f-4c9a-a53f-1bbc96404e12@group-569FAC3F8BCE-LeaderElection135] INFO  impl.RoleInfo (RoleInfo.java:shutdownLeaderElection(134)) - 277b5c5e-8c6f-4c9a-a53f-1bbc96404e12: shutdown LeaderElection
2019-10-16 21:55:12,537 [277b5c5e-8c6f-4c9a-a53f-1bbc96404e12@group-569FAC3F8BCE-LeaderElection135] INFO  impl.RoleInfo (RoleInfo.java:updateAndGet(143)) - 277b5c5e-8c6f-4c9a-a53f-1bbc96404e12: start FollowerState
2019-10-16 21:55:12,565 [Thread-1074] INFO  impl.FollowerState (FollowerState.java:run(108)) - 277b5c5e-8c6f-4c9a-a53f-1bbc96404e12@group-569FAC3F8BCE-FollowerState: change to CANDIDATE, lastRpcTime:28ms, electionTimeout:28ms
2019-10-16 21:55:12,565 [Thread-1074] INFO  impl.RoleInfo (RoleInfo.java:shutdownFollowerState(121)) - 277b5c5e-8c6f-4c9a-a53f-1bbc96404e12: shutdown FollowerState
2019-10-16 21:55:12,566 [Thread-1074] INFO  impl.RaftServerImpl (RaftServerImpl.java:setRole(184)) - 277b5c5e-8c6f-4c9a-a53f-1bbc96404e12@group-569FAC3F8BCE: changes role from  FOLLOWER to CANDIDATE at term 127 for changeToCandidate
2019-10-16 21:55:12,566 [Thread-1074] INFO  impl.RoleInfo (RoleInfo.java:updateAndGet(143)) - 277b5c5e-8c6f-4c9a-a53f-1bbc96404e12: start LeaderElection
2019-10-16 21:55:12,567 [Thread-0] INFO  ozone.MiniOzoneClusterImpl (MiniOzoneClusterImpl.java:lambda$waitForClusterToBeReady$2(164)) - Waiting for 1 number of pipelines out of 4, to report a leader.
2019-10-16 21:55:12,579 [277b5c5e-8c6f-4c9a-a53f-1bbc96404e12@group-569FAC3F8BCE-LeaderElection136] INFO  impl.LeaderElection (LeaderElection.java:askForVotes(178)) - 277b5c5e-8c6f-4c9a-a53f-1bbc96404e12@group-569FAC3F8BCE-LeaderElection136: begin an election at term 128 for -1: [a32408a4-f19d-4bad-97c5-ba33ae94fc9a:192.168.157.254:38721, 6b24a2ab-97ee-4d49-85cc-2d76c2f4b8ef:192.168.157.254:41080, 277b5c5e-8c6f-4c9a-a53f-1bbc96404e12:192.168.157.254:41416], old=null
2019-10-16 21:55:12,582 [grpc-default-executor-1] INFO  impl.RaftServerImpl (RaftServerImpl.java:setRole(184)) - a32408a4-f19d-4bad-97c5-ba33ae94fc9a@group-569FAC3F8BCE: changes role from  FOLLOWER to FOLLOWER at term 128 for recognizeCandidate:277b5c5e-8c6f-4c9a-a53f-1bbc96404e12
2019-10-16 21:55:12,582 [grpc-default-executor-1] INFO  impl.RoleInfo (RoleInfo.java:shutdownFollowerState(121)) - a32408a4-f19d-4bad-97c5-ba33ae94fc9a: shutdown FollowerState
2019-10-16 21:55:12,582 [grpc-default-executor-0] INFO  impl.RaftServerImpl (RaftServerImpl.java:setRole(184)) - 6b24a2ab-97ee-4d49-85cc-2d76c2f4b8ef@group-569FAC3F8BCE: changes role from  FOLLOWER to FOLLOWER at term 128 for recognizeCandidate:277b5c5e-8c6f-4c9a-a53f-1bbc96404e12
2019-10-16 21:55:12,582 [grpc-default-executor-1] INFO  impl.RoleInfo (RoleInfo.java:updateAndGet(143)) - a32408a4-f19d-4bad-97c5-ba33ae94fc9a: start FollowerState
2019-10-16 21:55:12,582 [grpc-default-executor-0] INFO  impl.RoleInfo (RoleInfo.java:shutdownFollowerState(121)) - 6b24a2ab-97ee-4d49-85cc-2d76c2f4b8ef: shutdown FollowerState
2019-10-16 21:55:12,582 [Thread-1072] INFO  impl.FollowerState (FollowerState.java:run(117)) - a32408a4-f19d-4bad-97c5-ba33ae94fc9a@group-569FAC3F8BCE-FollowerState was interrupted: java.lang.InterruptedException: sleep interrupted
2019-10-16 21:55:12,583 [Thread-1073] INFO  impl.FollowerState (FollowerState.java:run(117)) - 6b24a2ab-97ee-4d49-85cc-2d76c2f4b8ef@group-569FAC3F8BCE-FollowerState was interrupted: java.lang.InterruptedException: sleep interrupted
2019-10-16 21:55:12,583 [grpc-default-executor-0] INFO  impl.RoleInfo (RoleInfo.java:updateAndGet(143)) - 6b24a2ab-97ee-4d49-85cc-2d76c2f4b8ef: start FollowerState
2019-10-16 21:55:12,599 [277b5c5e-8c6f-4c9a-a53f-1bbc96404e12@group-569FAC3F8BCE-LeaderElection136] INFO  impl.LeaderElection (LeaderElection.java:logAndReturn(56)) - 277b5c5e-8c6f-4c9a-a53f-1bbc96404e12@group-569FAC3F8BCE-LeaderElection136: Election REJECTED; received 2 response(s) [277b5c5e-8c6f-4c9a-a53f-1bbc96404e12<-6b24a2ab-97ee-4d49-85cc-2d76c2f4b8ef#0:FAIL-t128, 277b5c5e-8c6f-4c9a-a53f-1bbc96404e12<-a32408a4-f19d-4bad-97c5-ba33ae94fc9a#0:FAIL-t128] and 0 exception(s); 277b5c5e-8c6f-4c9a-a53f-1bbc96404e12@group-569FAC3F8BCE:t128, leader=null, voted=277b5c5e-8c6f-4c9a-a53f-1bbc96404e12, raftlog=277b5c5e-8c6f-4c9a-a53f-1bbc96404e12@group-569FAC3F8BCE-SegmentedRaftLog:OPENED:c-1,f-1,i0, conf=-1: [a32408a4-f19d-4bad-97c5-ba33ae94fc9a:192.168.157.254:38721, 6b24a2ab-97ee-4d49-85cc-2d76c2f4b8ef:192.168.157.254:41080, 277b5c5e-8c6f-4c9a-a53f-1bbc96404e12:192.168.157.254:41416], old=null
2019-10-16 21:55:12,599 [277b5c5e-8c6f-4c9a-a53f-1bbc96404e12@group-569FAC3F8BCE-LeaderElection136] INFO  impl.RaftServerImpl (RaftServerImpl.java:setRole(184)) - 277b5c5e-8c6f-4c9a-a53f-1bbc96404e12@group-569FAC3F8BCE: changes role from CANDIDATE to FOLLOWER at term 128 for DISCOVERED_A_NEW_TERM
2019-10-16 21:55:12,599 [277b5c5e-8c6f-4c9a-a53f-1bbc96404e12@group-569FAC3F8BCE-LeaderElection136] INFO  impl.RoleInfo (RoleInfo.java:shutdownLeaderElection(134)) - 277b5c5e-8c6f-4c9a-a53f-1bbc96404e12: shutdown LeaderElection
2019-10-16 21:55:12,599 [277b5c5e-8c6f-4c9a-a53f-1bbc96404e12@group-569FAC3F8BCE-LeaderElection136] INFO  impl.RoleInfo (RoleInfo.java:updateAndGet(143)) - 277b5c5e-8c6f-4c9a-a53f-1bbc96404e12: start FollowerState
2019-10-16 21:55:12,749 [Thread-1080] INFO  impl.FollowerState (FollowerState.java:run(108)) - 277b5c5e-8c6f-4c9a-a53f-1bbc96404e12@group-569FAC3F8BCE-FollowerState: change to CANDIDATE, lastRpcTime:149ms, electionTimeout:149ms
2019-10-16 21:55:12,749 [Thread-1080] INFO  impl.RoleInfo (RoleInfo.java:shutdownFollowerState(121)) - 277b5c5e-8c6f-4c9a-a53f-1bbc96404e12: shutdown FollowerState
2019-10-16 21:55:12,749 [Thread-1080] INFO  impl.RaftServerImpl (RaftServerImpl.java:setRole(184)) - 277b5c5e-8c6f-4c9a-a53f-1bbc96404e12@group-569FAC3F8BCE: changes role from  FOLLOWER to CANDIDATE at term 128 for changeToCandidate
2019-10-16 21:55:12,749 [Thread-1080] INFO  impl.RoleInfo (RoleInfo.java:updateAndGet(143)) - 277b5c5e-8c6f-4c9a-a53f-1bbc96404e12: start LeaderElection
2019-10-16 21:55:12,761 [277b5c5e-8c6f-4c9a-a53f-1bbc96404e12@group-569FAC3F8BCE-LeaderElection137] INFO  impl.LeaderElection (LeaderElection.java:askForVotes(178)) - 277b5c5e-8c6f-4c9a-a53f-1bbc96404e12@group-569FAC3F8BCE-LeaderElection137: begin an election at term 129 for -1: [a32408a4-f19d-4bad-97c5-ba33ae94fc9a:192.168.157.254:38721, 6b24a2ab-97ee-4d49-85cc-2d76c2f4b8ef:192.168.157.254:41080, 277b5c5e-8c6f-4c9a-a53f-1bbc96404e12:192.168.157.254:41416], old=null
2019-10-16 21:55:12,764 [grpc-default-executor-0] INFO  impl.RaftServerImpl (RaftServerImpl.java:setRole(184)) - 6b24a2ab-97ee-4d49-85cc-2d76c2f4b8ef@group-569FAC3F8BCE: changes role from  FOLLOWER to FOLLOWER at term 129 for recognizeCandidate:277b5c5e-8c6f-4c9a-a53f-1bbc96404e12
2019-10-16 21:55:12,764 [grpc-default-executor-1] INFO  impl.RaftServerImpl (RaftServerImpl.java:setRole(184)) - a32408a4-f19d-4bad-97c5-ba33ae94fc9a@group-569FAC3F8BCE: changes role from  FOLLOWER to FOLLOWER at term 129 for recognizeCandidate:277b5c5e-8c6f-4c9a-a53f-1bbc96404e12
2019-10-16 21:55:12,764 [grpc-default-executor-0] INFO  impl.RoleInfo (RoleInfo.java:shutdownFollowerState(121)) - 6b24a2ab-97ee-4d49-85cc-2d76c2f4b8ef: shutdown FollowerState
2019-10-16 21:55:12,764 [grpc-default-executor-1] INFO  impl.RoleInfo (RoleInfo.java:shutdownFollowerState(121)) - a32408a4-f19d-4bad-97c5-ba33ae94fc9a: shutdown FollowerState
2019-10-16 21:55:12,764 [grpc-default-executor-0] INFO  impl.RoleInfo (RoleInfo.java:updateAndGet(143)) - 6b24a2ab-97ee-4d49-85cc-2d76c2f4b8ef: start FollowerState
2019-10-16 21:55:12,764 [grpc-default-executor-1] INFO  impl.RoleInfo (RoleInfo.java:updateAndGet(143)) - a32408a4-f19d-4bad-97c5-ba33ae94fc9a: start FollowerState
2019-10-16 21:55:12,764 [Thread-1079] INFO  impl.FollowerState (FollowerState.java:run(117)) - 6b24a2ab-97ee-4d49-85cc-2d76c2f4b8ef@group-569FAC3F8BCE-FollowerState was interrupted: java.lang.InterruptedException: sleep interrupted
2019-10-16 21:55:12,764 [Thread-1078] INFO  impl.FollowerState (FollowerState.java:run(117)) - a32408a4-f19d-4bad-97c5-ba33ae94fc9a@group-569FAC3F8BCE-FollowerState was interrupted: java.lang.InterruptedException: sleep interrupted
2019-10-16 21:55:12,789 [277b5c5e-8c6f-4c9a-a53f-1bbc96404e12@group-569FAC3F8BCE-LeaderElection137] INFO  impl.LeaderElection (LeaderElection.java:logAndReturn(56)) - 277b5c5e-8c6f-4c9a-a53f-1bbc96404e12@group-569FAC3F8BCE-LeaderElection137: Election REJECTED; received 2 response(s) [277b5c5e-8c6f-4c9a-a53f-1bbc96404e12<-a32408a4-f19d-4bad-97c5-ba33ae94fc9a#0:FAIL-t129, 277b5c5e-8c6f-4c9a-a53f-1bbc96404e12<-6b24a2ab-97ee-4d49-85cc-2d76c2f4b8ef#0:FAIL-t129] and 0 exception(s); 277b5c5e-8c6f-4c9a-a53f-1bbc96404e12@group-569FAC3F8BCE:t129, leader=null, voted=277b5c5e-8c6f-4c9a-a53f-1bbc96404e12, raftlog=277b5c5e-8c6f-4c9a-a53f-1bbc96404e12@group-569FAC3F8BCE-SegmentedRaftLog:OPENED:c-1,f-1,i0, conf=-1: [a32408a4-f19d-4bad-97c5-ba33ae94fc9a:192.168.157.254:38721, 6b24a2ab-97ee-4d49-85cc-2d76c2f4b8ef:192.168.157.254:41080, 277b5c5e-8c6f-4c9a-a53f-1bbc96404e12:192.168.157.254:41416], old=null
2019-10-16 21:55:12,789 [277b5c5e-8c6f-4c9a-a53f-1bbc96404e12@group-569FAC3F8BCE-LeaderElection137] INFO  impl.RaftServerImpl (RaftServerImpl.java:setRole(184)) - 277b5c5e-8c6f-4c9a-a53f-1bbc96404e12@group-569FAC3F8BCE: changes role from CANDIDATE to FOLLOWER at term 129 for DISCOVERED_A_NEW_TERM
2019-10-16 21:55:12,789 [277b5c5e-8c6f-4c9a-a53f-1bbc96404e12@group-569FAC3F8BCE-LeaderElection137] INFO  impl.RoleInfo (RoleInfo.java:shutdownLeaderElection(134)) - 277b5c5e-8c6f-4c9a-a53f-1bbc96404e12: shutdown LeaderElection
2019-10-16 21:55:12,789 [277b5c5e-8c6f-4c9a-a53f-1bbc96404e12@group-569FAC3F8BCE-LeaderElection137] INFO  impl.RoleInfo (RoleInfo.java:updateAndGet(143)) - 277b5c5e-8c6f-4c9a-a53f-1bbc96404e12: start FollowerState
2019-10-16 21:55:12,798 [Thread-1086] INFO  impl.FollowerState (FollowerState.java:run(108)) - 277b5c5e-8c6f-4c9a-a53f-1bbc96404e12@group-569FAC3F8BCE-FollowerState: change to CANDIDATE, lastRpcTime:8ms, electionTimeout:8ms
2019-10-16 21:55:12,798 [Thread-1086] INFO  impl.RoleInfo (RoleInfo.java:shutdownFollowerState(121)) - 277b5c5e-8c6f-4c9a-a53f-1bbc96404e12: shutdown FollowerState
2019-10-16 21:55:12,798 [Thread-1086] INFO  impl.RaftServerImpl (RaftServerImpl.java:setRole(184)) - 277b5c5e-8c6f-4c9a-a53f-1bbc96404e12@group-569FAC3F8BCE: changes role from  FOLLOWER to CANDIDATE at term 129 for changeToCandidate
2019-10-16 21:55:12,798 [Thread-1086] INFO  impl.RoleInfo (RoleInfo.java:updateAndGet(143)) - 277b5c5e-8c6f-4c9a-a53f-1bbc96404e12: start LeaderElection
2019-10-16 21:55:12,804 [277b5c5e-8c6f-4c9a-a53f-1bbc96404e12@group-569FAC3F8BCE-LeaderElection138] INFO  impl.LeaderElection (LeaderElection.java:askForVotes(178)) - 277b5c5e-8c6f-4c9a-a53f-1bbc96404e12@group-569FAC3F8BCE-LeaderElection138: begin an election at term 130 for -1: [a32408a4-f19d-4bad-97c5-ba33ae94fc9a:192.168.157.254:38721, 6b24a2ab-97ee-4d49-85cc-2d76c2f4b8ef:192.168.157.254:41080, 277b5c5e-8c6f-4c9a-a53f-1bbc96404e12:192.168.157.254:41416], old=null
2019-10-16 21:55:12,806 [grpc-default-executor-0] INFO  impl.RaftServerImpl (RaftServerImpl.java:setRole(184)) - a32408a4-f19d-4bad-97c5-ba33ae94fc9a@group-569FAC3F8BCE: changes role from  FOLLOWER to FOLLOWER at term 130 for recognizeCandidate:277b5c5e-8c6f-4c9a-a53f-1bbc96404e12
2019-10-16 21:55:12,806 [grpc-default-executor-0] INFO  impl.RoleInfo (RoleInfo.java:shutdownFollowerState(121)) - a32408a4-f19d-4bad-97c5-ba33ae94fc9a: shutdown FollowerState
2019-10-16 21:55:12,806 [grpc-default-executor-1] INFO  impl.RaftServerImpl (RaftServerImpl.java:setRole(184)) - 6b24a2ab-97ee-4d49-85cc-2d76c2f4b8ef@group-569FAC3F8BCE: changes role from  FOLLOWER to FOLLOWER at term 130 for recognizeCandidate:277b5c5e-8c6f-4c9a-a53f-1bbc96404e12
2019-10-16 21:55:12,807 [Thread-1085] INFO  impl.FollowerState (FollowerState.java:run(117)) - a32408a4-f19d-4bad-97c5-ba33ae94fc9a@group-569FAC3F8BCE-FollowerState was interrupted: java.lang.InterruptedException: sleep interrupted
2019-10-16 21:55:12,806 [grpc-default-executor-0] INFO  impl.RoleInfo (RoleInfo.java:updateAndGet(143)) - a32408a4-f19d-4bad-97c5-ba33ae94fc9a: start FollowerState
2019-10-16 21:55:12,807 [grpc-default-executor-1] INFO  impl.RoleInfo (RoleInfo.java:shutdownFollowerState(121)) - 6b24a2ab-97ee-4d49-85cc-2d76c2f4b8ef: shutdown FollowerState
2019-10-16 21:55:12,807 [grpc-default-executor-1] INFO  impl.RoleInfo (RoleInfo.java:updateAndGet(143)) - 6b24a2ab-97ee-4d49-85cc-2d76c2f4b8ef: start FollowerState
2019-10-16 21:55:12,807 [Thread-1084] INFO  impl.FollowerState (FollowerState.java:run(117)) - 6b24a2ab-97ee-4d49-85cc-2d76c2f4b8ef@group-569FAC3F8BCE-FollowerState was interrupted: java.lang.InterruptedException: sleep interrupted
2019-10-16 21:55:12,833 [277b5c5e-8c6f-4c9a-a53f-1bbc96404e12@group-569FAC3F8BCE-LeaderElection138] INFO  impl.LeaderElection (LeaderElection.java:logAndReturn(56)) - 277b5c5e-8c6f-4c9a-a53f-1bbc96404e12@group-569FAC3F8BCE-LeaderElection138: Election REJECTED; received 2 response(s) [277b5c5e-8c6f-4c9a-a53f-1bbc96404e12<-6b24a2ab-97ee-4d49-85cc-2d76c2f4b8ef#0:FAIL-t130, 277b5c5e-8c6f-4c9a-a53f-1bbc96404e12<-a32408a4-f19d-4bad-97c5-ba33ae94fc9a#0:FAIL-t130] and 0 exception(s); 277b5c5e-8c6f-4c9a-a53f-1bbc96404e12@group-569FAC3F8BCE:t130, leader=null, voted=277b5c5e-8c6f-4c9a-a53f-1bbc96404e12, raftlog=277b5c5e-8c6f-4c9a-a53f-1bbc96404e12@group-569FAC3F8BCE-SegmentedRaftLog:OPENED:c-1,f-1,i0, conf=-1: [a32408a4-f19d-4bad-97c5-ba33ae94fc9a:192.168.157.254:38721, 6b24a2ab-97ee-4d49-85cc-2d76c2f4b8ef:192.168.157.254:41080, 277b5c5e-8c6f-4c9a-a53f-1bbc96404e12:192.168.157.254:41416], old=null
2019-10-16 21:55:12,833 [277b5c5e-8c6f-4c9a-a53f-1bbc96404e12@group-569FAC3F8BCE-LeaderElection138] INFO  impl.RaftServerImpl (RaftServerImpl.java:setRole(184)) - 277b5c5e-8c6f-4c9a-a53f-1bbc96404e12@group-569FAC3F8BCE: changes role from CANDIDATE to FOLLOWER at term 130 for DISCOVERED_A_NEW_TERM
2019-10-16 21:55:12,833 [277b5c5e-8c6f-4c9a-a53f-1bbc96404e12@group-569FAC3F8BCE-LeaderElection138] INFO  impl.RoleInfo (RoleInfo.java:shutdownLeaderElection(134)) - 277b5c5e-8c6f-4c9a-a53f-1bbc96404e12: shutdown LeaderElection
2019-10-16 21:55:12,833 [277b5c5e-8c6f-4c9a-a53f-1bbc96404e12@group-569FAC3F8BCE-LeaderElection138] INFO  impl.RoleInfo (RoleInfo.java:updateAndGet(143)) - 277b5c5e-8c6f-4c9a-a53f-1bbc96404e12: start FollowerState
2019-10-16 21:55:12,865 [Thread-1092] INFO  impl.FollowerState (FollowerState.java:run(108)) - 277b5c5e-8c6f-4c9a-a53f-1bbc96404e12@group-569FAC3F8BCE-FollowerState: change to CANDIDATE, lastRpcTime:31ms, electionTimeout:31ms
2019-10-16 21:55:12,865 [Thread-1092] INFO  impl.RoleInfo (RoleInfo.java:shutdownFollowerState(121)) - 277b5c5e-8c6f-4c9a-a53f-1bbc96404e12: shutdown FollowerState
2019-10-16 21:55:12,865 [Thread-1092] INFO  impl.RaftServerImpl (RaftServerImpl.java:setRole(184)) - 277b5c5e-8c6f-4c9a-a53f-1bbc96404e12@group-569FAC3F8BCE: changes role from  FOLLOWER to CANDIDATE at term 130 for changeToCandidate
2019-10-16 21:55:12,865 [Thread-1092] INFO  impl.RoleInfo (RoleInfo.java:updateAndGet(143)) - 277b5c5e-8c6f-4c9a-a53f-1bbc96404e12: start LeaderElection
2019-10-16 21:55:12,876 [277b5c5e-8c6f-4c9a-a53f-1bbc96404e12@group-569FAC3F8BCE-LeaderElection139] INFO  impl.LeaderElection (LeaderElection.java:askForVotes(178)) - 277b5c5e-8c6f-4c9a-a53f-1bbc96404e12@group-569FAC3F8BCE-LeaderElection139: begin an election at term 131 for -1: [a32408a4-f19d-4bad-97c5-ba33ae94fc9a:192.168.157.254:38721, 6b24a2ab-97ee-4d49-85cc-2d76c2f4b8ef:192.168.157.254:41080, 277b5c5e-8c6f-4c9a-a53f-1bbc96404e12:192.168.157.254:41416], old=null
2019-10-16 21:55:12,878 [grpc-default-executor-0] INFO  impl.RaftServerImpl (RaftServerImpl.java:setRole(184)) - a32408a4-f19d-4bad-97c5-ba33ae94fc9a@group-569FAC3F8BCE: changes role from  FOLLOWER to FOLLOWER at term 131 for recognizeCandidate:277b5c5e-8c6f-4c9a-a53f-1bbc96404e12
2019-10-16 21:55:12,879 [grpc-default-executor-0] INFO  impl.RoleInfo (RoleInfo.java:shutdownFollowerState(121)) - a32408a4-f19d-4bad-97c5-ba33ae94fc9a: shutdown FollowerState
2019-10-16 21:55:12,879 [grpc-default-executor-1] INFO  impl.RaftServerImpl (RaftServerImpl.java:setRole(184)) - 6b24a2ab-97ee-4d49-85cc-2d76c2f4b8ef@group-569FAC3F8BCE: changes role from  FOLLOWER to FOLLOWER at term 131 for recognizeCandidate:277b5c5e-8c6f-4c9a-a53f-1bbc96404e12
2019-10-16 21:55:12,879 [grpc-default-executor-1] INFO  impl.RoleInfo (RoleInfo.java:shutdownFollowerState(121)) - 6b24a2ab-97ee-4d49-85cc-2d76c2f4b8ef: shutdown FollowerState
2019-10-16 21:55:12,879 [Thread-1090] INFO  impl.FollowerState (FollowerState.java:run(117)) - a32408a4-f19d-4bad-97c5-ba33ae94fc9a@group-569FAC3F8BCE-FollowerState was interrupted: java.lang.InterruptedException: sleep interrupted
2019-10-16 21:55:12,879 [grpc-default-executor-0] INFO  impl.RoleInfo (RoleInfo.java:updateAndGet(143)) - a32408a4-f19d-4bad-97c5-ba33ae94fc9a: start FollowerState
2019-10-16 21:55:12,879 [Thread-1091] INFO  impl.FollowerState (FollowerState.java:run(117)) - 6b24a2ab-97ee-4d49-85cc-2d76c2f4b8ef@group-569FAC3F8BCE-FollowerState was interrupted: java.lang.InterruptedException: sleep interrupted
2019-10-16 21:55:12,879 [grpc-default-executor-1] INFO  impl.RoleInfo (RoleInfo.java:updateAndGet(143)) - 6b24a2ab-97ee-4d49-85cc-2d76c2f4b8ef: start FollowerState
2019-10-16 21:55:12,893 [277b5c5e-8c6f-4c9a-a53f-1bbc96404e12@group-569FAC3F8BCE-LeaderElection139] INFO  impl.LeaderElection (LeaderElection.java:logAndReturn(56)) - 277b5c5e-8c6f-4c9a-a53f-1bbc96404e12@group-569FAC3F8BCE-LeaderElection139: Election REJECTED; received 2 response(s) [277b5c5e-8c6f-4c9a-a53f-1bbc96404e12<-6b24a2ab-97ee-4d49-85cc-2d76c2f4b8ef#0:FAIL-t131, 277b5c5e-8c6f-4c9a-a53f-1bbc96404e12<-a32408a4-f19d-4bad-97c5-ba33ae94fc9a#0:FAIL-t131] and 0 exception(s); 277b5c5e-8c6f-4c9a-a53f-1bbc96404e12@group-569FAC3F8BCE:t131, leader=null, voted=277b5c5e-8c6f-4c9a-a53f-1bbc96404e12, raftlog=277b5c5e-8c6f-4c9a-a53f-1bbc96404e12@group-569FAC3F8BCE-SegmentedRaftLog:OPENED:c-1,f-1,i0, conf=-1: [a32408a4-f19d-4bad-97c5-ba33ae94fc9a:192.168.157.254:38721, 6b24a2ab-97ee-4d49-85cc-2d76c2f4b8ef:192.168.157.254:41080, 277b5c5e-8c6f-4c9a-a53f-1bbc96404e12:192.168.157.254:41416], old=null
2019-10-16 21:55:12,893 [277b5c5e-8c6f-4c9a-a53f-1bbc96404e12@group-569FAC3F8BCE-LeaderElection139] INFO  impl.RaftServerImpl (RaftServerImpl.java:setRole(184)) - 277b5c5e-8c6f-4c9a-a53f-1bbc96404e12@group-569FAC3F8BCE: changes role from CANDIDATE to FOLLOWER at term 131 for DISCOVERED_A_NEW_TERM
2019-10-16 21:55:12,894 [277b5c5e-8c6f-4c9a-a53f-1bbc96404e12@group-569FAC3F8BCE-LeaderElection139] INFO  impl.RoleInfo (RoleInfo.java:shutdownLeaderElection(134)) - 277b5c5e-8c6f-4c9a-a53f-1bbc96404e12: shutdown LeaderElection
2019-10-16 21:55:12,894 [277b5c5e-8c6f-4c9a-a53f-1bbc96404e12@group-569FAC3F8BCE-LeaderElection139] INFO  impl.RoleInfo (RoleInfo.java:updateAndGet(143)) - 277b5c5e-8c6f-4c9a-a53f-1bbc96404e12: start FollowerState
2019-10-16 21:55:13,027 [Thread-1098] INFO  impl.FollowerState (FollowerState.java:run(108)) - 277b5c5e-8c6f-4c9a-a53f-1bbc96404e12@group-569FAC3F8BCE-FollowerState: change to CANDIDATE, lastRpcTime:133ms, electionTimeout:133ms
2019-10-16 21:55:13,027 [Thread-1098] INFO  impl.RoleInfo (RoleInfo.java:shutdownFollowerState(121)) - 277b5c5e-8c6f-4c9a-a53f-1bbc96404e12: shutdown FollowerState
2019-10-16 21:55:13,028 [Thread-1098] INFO  impl.RaftServerImpl (RaftServerImpl.java:setRole(184)) - 277b5c5e-8c6f-4c9a-a53f-1bbc96404e12@group-569FAC3F8BCE: changes role from  FOLLOWER to CANDIDATE at term 131 for changeToCandidate
2019-10-16 21:55:13,028 [Thread-1098] INFO  impl.RoleInfo (RoleInfo.java:updateAndGet(143)) - 277b5c5e-8c6f-4c9a-a53f-1bbc96404e12: start LeaderElection
2019-10-16 21:55:13,054 [277b5c5e-8c6f-4c9a-a53f-1bbc96404e12@group-569FAC3F8BCE-LeaderElection140] INFO  impl.LeaderElection (LeaderElection.java:askForVotes(178)) - 277b5c5e-8c6f-4c9a-a53f-1bbc96404e12@group-569FAC3F8BCE-LeaderElection140: begin an election at term 132 for -1: [a32408a4-f19d-4bad-97c5-ba33ae94fc9a:192.168.157.254:38721, 6b24a2ab-97ee-4d49-85cc-2d76c2f4b8ef:192.168.157.254:41080, 277b5c5e-8c6f-4c9a-a53f-1bbc96404e12:192.168.157.254:41416], old=null
2019-10-16 21:55:13,057 [grpc-default-executor-1] INFO  impl.RaftServerImpl (RaftServerImpl.java:setRole(184)) - 6b24a2ab-97ee-4d49-85cc-2d76c2f4b8ef@group-569FAC3F8BCE: changes role from  FOLLOWER to FOLLOWER at term 132 for recognizeCandidate:277b5c5e-8c6f-4c9a-a53f-1bbc96404e12
2019-10-16 21:55:13,057 [grpc-default-executor-0] INFO  impl.RaftServerImpl (RaftServerImpl.java:setRole(184)) - a32408a4-f19d-4bad-97c5-ba33ae94fc9a@group-569FAC3F8BCE: changes role from  FOLLOWER to FOLLOWER at term 132 for recognizeCandidate:277b5c5e-8c6f-4c9a-a53f-1bbc96404e12
2019-10-16 21:55:13,058 [grpc-default-executor-1] INFO  impl.RoleInfo (RoleInfo.java:shutdownFollowerState(121)) - 6b24a2ab-97ee-4d49-85cc-2d76c2f4b8ef: shutdown FollowerState
2019-10-16 21:55:13,058 [grpc-default-executor-0] INFO  impl.RoleInfo (RoleInfo.java:shutdownFollowerState(121)) - a32408a4-f19d-4bad-97c5-ba33ae94fc9a: shutdown FollowerState
2019-10-16 21:55:13,058 [Thread-1097] INFO  impl.FollowerState (FollowerState.java:run(117)) - 6b24a2ab-97ee-4d49-85cc-2d76c2f4b8ef@group-569FAC3F8BCE-FollowerState was interrupted: java.lang.InterruptedException: sleep interrupted
2019-10-16 21:55:13,058 [grpc-default-executor-1] INFO  impl.RoleInfo (RoleInfo.java:updateAndGet(143)) - 6b24a2ab-97ee-4d49-85cc-2d76c2f4b8ef: start FollowerState
2019-10-16 21:55:13,058 [Thread-1096] INFO  impl.FollowerState (FollowerState.java:run(117)) - a32408a4-f19d-4bad-97c5-ba33ae94fc9a@group-569FAC3F8BCE-FollowerState was interrupted: java.lang.InterruptedException: sleep interrupted
2019-10-16 21:55:13,058 [grpc-default-executor-0] INFO  impl.RoleInfo (RoleInfo.java:updateAndGet(143)) - a32408a4-f19d-4bad-97c5-ba33ae94fc9a: start FollowerState
2019-10-16 21:55:13,075 [277b5c5e-8c6f-4c9a-a53f-1bbc96404e12@group-569FAC3F8BCE-LeaderElection140] INFO  impl.LeaderElection (LeaderElection.java:logAndReturn(56)) - 277b5c5e-8c6f-4c9a-a53f-1bbc96404e12@group-569FAC3F8BCE-LeaderElection140: Election REJECTED; received 2 response(s) [277b5c5e-8c6f-4c9a-a53f-1bbc96404e12<-6b24a2ab-97ee-4d49-85cc-2d76c2f4b8ef#0:FAIL-t132, 277b5c5e-8c6f-4c9a-a53f-1bbc96404e12<-a32408a4-f19d-4bad-97c5-ba33ae94fc9a#0:FAIL-t132] and 0 exception(s); 277b5c5e-8c6f-4c9a-a53f-1bbc96404e12@group-569FAC3F8BCE:t132, leader=null, voted=277b5c5e-8c6f-4c9a-a53f-1bbc96404e12, raftlog=277b5c5e-8c6f-4c9a-a53f-1bbc96404e12@group-569FAC3F8BCE-SegmentedRaftLog:OPENED:c-1,f-1,i0, conf=-1: [a32408a4-f19d-4bad-97c5-ba33ae94fc9a:192.168.157.254:38721, 6b24a2ab-97ee-4d49-85cc-2d76c2f4b8ef:192.168.157.254:41080, 277b5c5e-8c6f-4c9a-a53f-1bbc96404e12:192.168.157.254:41416], old=null
2019-10-16 21:55:13,076 [277b5c5e-8c6f-4c9a-a53f-1bbc96404e12@group-569FAC3F8BCE-LeaderElection140] INFO  impl.RaftServerImpl (RaftServerImpl.java:setRole(184)) - 277b5c5e-8c6f-4c9a-a53f-1bbc96404e12@group-569FAC3F8BCE: changes role from CANDIDATE to FOLLOWER at term 132 for DISCOVERED_A_NEW_TERM
2019-10-16 21:55:13,076 [277b5c5e-8c6f-4c9a-a53f-1bbc96404e12@group-569FAC3F8BCE-LeaderElection140] INFO  impl.RoleInfo (RoleInfo.java:shutdownLeaderElection(134)) - 277b5c5e-8c6f-4c9a-a53f-1bbc96404e12: shutdown LeaderElection
2019-10-16 21:55:13,076 [277b5c5e-8c6f-4c9a-a53f-1bbc96404e12@group-569FAC3F8BCE-LeaderElection140] INFO  impl.RoleInfo (RoleInfo.java:updateAndGet(143)) - 277b5c5e-8c6f-4c9a-a53f-1bbc96404e12: start FollowerState
2019-10-16 21:55:13,131 [Thread-1104] INFO  impl.FollowerState (FollowerState.java:run(108)) - 277b5c5e-8c6f-4c9a-a53f-1bbc96404e12@group-569FAC3F8BCE-FollowerState: change to CANDIDATE, lastRpcTime:55ms, electionTimeout:55ms
2019-10-16 21:55:13,132 [Thread-1104] INFO  impl.RoleInfo (RoleInfo.java:shutdownFollowerState(121)) - 277b5c5e-8c6f-4c9a-a53f-1bbc96404e12: shutdown FollowerState
2019-10-16 21:55:13,132 [Thread-1104] INFO  impl.RaftServerImpl (RaftServerImpl.java:setRole(184)) - 277b5c5e-8c6f-4c9a-a53f-1bbc96404e12@group-569FAC3F8BCE: changes role from  FOLLOWER to CANDIDATE at term 132 for changeToCandidate
2019-10-16 21:55:13,132 [Thread-1104] INFO  impl.RoleInfo (RoleInfo.java:updateAndGet(143)) - 277b5c5e-8c6f-4c9a-a53f-1bbc96404e12: start LeaderElection
2019-10-16 21:55:13,149 [277b5c5e-8c6f-4c9a-a53f-1bbc96404e12@group-569FAC3F8BCE-LeaderElection141] INFO  impl.LeaderElection (LeaderElection.java:askForVotes(178)) - 277b5c5e-8c6f-4c9a-a53f-1bbc96404e12@group-569FAC3F8BCE-LeaderElection141: begin an election at term 133 for -1: [a32408a4-f19d-4bad-97c5-ba33ae94fc9a:192.168.157.254:38721, 6b24a2ab-97ee-4d49-85cc-2d76c2f4b8ef:192.168.157.254:41080, 277b5c5e-8c6f-4c9a-a53f-1bbc96404e12:192.168.157.254:41416], old=null
2019-10-16 21:55:13,151 [grpc-default-executor-0] INFO  impl.RaftServerImpl (RaftServerImpl.java:setRole(184)) - a32408a4-f19d-4bad-97c5-ba33ae94fc9a@group-569FAC3F8BCE: changes role from  FOLLOWER to FOLLOWER at term 133 for recognizeCandidate:277b5c5e-8c6f-4c9a-a53f-1bbc96404e12
2019-10-16 21:55:13,151 [grpc-default-executor-1] INFO  impl.RaftServerImpl (RaftServerImpl.java:setRole(184)) - 6b24a2ab-97ee-4d49-85cc-2d76c2f4b8ef@group-569FAC3F8BCE: changes role from  FOLLOWER to FOLLOWER at term 133 for recognizeCandidate:277b5c5e-8c6f-4c9a-a53f-1bbc96404e12
2019-10-16 21:55:13,151 [grpc-default-executor-0] INFO  impl.RoleInfo (RoleInfo.java:shutdownFollowerState(121)) - a32408a4-f19d-4bad-97c5-ba33ae94fc9a: shutdown FollowerState
2019-10-16 21:55:13,151 [grpc-default-executor-1] INFO  impl.RoleInfo (RoleInfo.java:shutdownFollowerState(121)) - 6b24a2ab-97ee-4d49-85cc-2d76c2f4b8ef: shutdown FollowerState
2019-10-16 21:55:13,152 [Thread-1103] INFO  impl.FollowerState (FollowerState.java:run(117)) - a32408a4-f19d-4bad-97c5-ba33ae94fc9a@group-569FAC3F8BCE-FollowerState was interrupted: java.lang.InterruptedException: sleep interrupted
2019-10-16 21:55:13,152 [grpc-default-executor-0] INFO  impl.RoleInfo (RoleInfo.java:updateAndGet(143)) - a32408a4-f19d-4bad-97c5-ba33ae94fc9a: start FollowerState
2019-10-16 21:55:13,152 [Thread-1102] INFO  impl.FollowerState (FollowerState.java:run(117)) - 6b24a2ab-97ee-4d49-85cc-2d76c2f4b8ef@group-569FAC3F8BCE-FollowerState was interrupted: java.lang.InterruptedException: sleep interrupted
2019-10-16 21:55:13,152 [grpc-default-executor-1] INFO  impl.RoleInfo (RoleInfo.java:updateAndGet(143)) - 6b24a2ab-97ee-4d49-85cc-2d76c2f4b8ef: start FollowerState
2019-10-16 21:55:13,163 [277b5c5e-8c6f-4c9a-a53f-1bbc96404e12@group-569FAC3F8BCE-LeaderElection141] INFO  impl.LeaderElection (LeaderElection.java:logAndReturn(56)) - 277b5c5e-8c6f-4c9a-a53f-1bbc96404e12@group-569FAC3F8BCE-LeaderElection141: Election REJECTED; received 2 response(s) [277b5c5e-8c6f-4c9a-a53f-1bbc96404e12<-6b24a2ab-97ee-4d49-85cc-2d76c2f4b8ef#0:FAIL-t133, 277b5c5e-8c6f-4c9a-a53f-1bbc96404e12<-a32408a4-f19d-4bad-97c5-ba33ae94fc9a#0:FAIL-t133] and 0 exception(s); 277b5c5e-8c6f-4c9a-a53f-1bbc96404e12@group-569FAC3F8BCE:t133, leader=null, voted=277b5c5e-8c6f-4c9a-a53f-1bbc96404e12, raftlog=277b5c5e-8c6f-4c9a-a53f-1bbc96404e12@group-569FAC3F8BCE-SegmentedRaftLog:OPENED:c-1,f-1,i0, conf=-1: [a32408a4-f19d-4bad-97c5-ba33ae94fc9a:192.168.157.254:38721, 6b24a2ab-97ee-4d49-85cc-2d76c2f4b8ef:192.168.157.254:41080, 277b5c5e-8c6f-4c9a-a53f-1bbc96404e12:192.168.157.254:41416], old=null
2019-10-16 21:55:13,163 [277b5c5e-8c6f-4c9a-a53f-1bbc96404e12@group-569FAC3F8BCE-LeaderElection141] INFO  impl.RaftServerImpl (RaftServerImpl.java:setRole(184)) - 277b5c5e-8c6f-4c9a-a53f-1bbc96404e12@group-569FAC3F8BCE: changes role from CANDIDATE to FOLLOWER at term 133 for DISCOVERED_A_NEW_TERM
2019-10-16 21:55:13,164 [277b5c5e-8c6f-4c9a-a53f-1bbc96404e12@group-569FAC3F8BCE-LeaderElection141] INFO  impl.RoleInfo (RoleInfo.java:shutdownLeaderElection(134)) - 277b5c5e-8c6f-4c9a-a53f-1bbc96404e12: shutdown LeaderElection
2019-10-16 21:55:13,164 [277b5c5e-8c6f-4c9a-a53f-1bbc96404e12@group-569FAC3F8BCE-LeaderElection141] INFO  impl.RoleInfo (RoleInfo.java:updateAndGet(143)) - 277b5c5e-8c6f-4c9a-a53f-1bbc96404e12: start FollowerState
2019-10-16 21:55:13,227 [Thread-1110] INFO  impl.FollowerState (FollowerState.java:run(108)) - 277b5c5e-8c6f-4c9a-a53f-1bbc96404e12@group-569FAC3F8BCE-FollowerState: change to CANDIDATE, lastRpcTime:63ms, electionTimeout:63ms
2019-10-16 21:55:13,227 [Thread-1110] INFO  impl.RoleInfo (RoleInfo.java:shutdownFollowerState(121)) - 277b5c5e-8c6f-4c9a-a53f-1bbc96404e12: shutdown FollowerState
2019-10-16 21:55:13,227 [Thread-1110] INFO  impl.RaftServerImpl (RaftServerImpl.java:setRole(184)) - 277b5c5e-8c6f-4c9a-a53f-1bbc96404e12@group-569FAC3F8BCE: changes role from  FOLLOWER to CANDIDATE at term 133 for changeToCandidate
2019-10-16 21:55:13,228 [Thread-1110] INFO  impl.RoleInfo (RoleInfo.java:updateAndGet(143)) - 277b5c5e-8c6f-4c9a-a53f-1bbc96404e12: start LeaderElection
2019-10-16 21:55:13,249 [277b5c5e-8c6f-4c9a-a53f-1bbc96404e12@group-569FAC3F8BCE-LeaderElection142] INFO  impl.LeaderElection (LeaderElection.java:askForVotes(178)) - 277b5c5e-8c6f-4c9a-a53f-1bbc96404e12@group-569FAC3F8BCE-LeaderElection142: begin an election at term 134 for -1: [a32408a4-f19d-4bad-97c5-ba33ae94fc9a:192.168.157.254:38721, 6b24a2ab-97ee-4d49-85cc-2d76c2f4b8ef:192.168.157.254:41080, 277b5c5e-8c6f-4c9a-a53f-1bbc96404e12:192.168.157.254:41416], old=null
2019-10-16 21:55:13,252 [grpc-default-executor-1] INFO  impl.RaftServerImpl (RaftServerImpl.java:setRole(184)) - 6b24a2ab-97ee-4d49-85cc-2d76c2f4b8ef@group-569FAC3F8BCE: changes role from  FOLLOWER to FOLLOWER at term 134 for recognizeCandidate:277b5c5e-8c6f-4c9a-a53f-1bbc96404e12
2019-10-16 21:55:13,252 [grpc-default-executor-1] INFO  impl.RoleInfo (RoleInfo.java:shutdownFollowerState(121)) - 6b24a2ab-97ee-4d49-85cc-2d76c2f4b8ef: shutdown FollowerState
2019-10-16 21:55:13,252 [grpc-default-executor-0] INFO  impl.RaftServerImpl (RaftServerImpl.java:setRole(184)) - a32408a4-f19d-4bad-97c5-ba33ae94fc9a@group-569FAC3F8BCE: changes role from  FOLLOWER to FOLLOWER at term 134 for recognizeCandidate:277b5c5e-8c6f-4c9a-a53f-1bbc96404e12
2019-10-16 21:55:13,252 [grpc-default-executor-0] INFO  impl.RoleInfo (RoleInfo.java:shutdownFollowerState(121)) - a32408a4-f19d-4bad-97c5-ba33ae94fc9a: shutdown FollowerState
2019-10-16 21:55:13,252 [grpc-default-executor-0] INFO  impl.RoleInfo (RoleInfo.java:updateAndGet(143)) - a32408a4-f19d-4bad-97c5-ba33ae94fc9a: start FollowerState
2019-10-16 21:55:13,252 [Thread-1109] INFO  impl.FollowerState (FollowerState.java:run(117)) - 6b24a2ab-97ee-4d49-85cc-2d76c2f4b8ef@group-569FAC3F8BCE-FollowerState was interrupted: java.lang.InterruptedException: sleep interrupted
2019-10-16 21:55:13,252 [grpc-default-executor-1] INFO  impl.RoleInfo (RoleInfo.java:updateAndGet(143)) - 6b24a2ab-97ee-4d49-85cc-2d76c2f4b8ef: start FollowerState
2019-10-16 21:55:13,252 [Thread-1108] INFO  impl.FollowerState (FollowerState.java:run(117)) - a32408a4-f19d-4bad-97c5-ba33ae94fc9a@group-569FAC3F8BCE-FollowerState was interrupted: java.lang.InterruptedException: sleep interrupted
2019-10-16 21:55:13,289 [277b5c5e-8c6f-4c9a-a53f-1bbc96404e12@group-569FAC3F8BCE-LeaderElection142] INFO  impl.LeaderElection (LeaderElection.java:logAndReturn(56)) - 277b5c5e-8c6f-4c9a-a53f-1bbc96404e12@group-569FAC3F8BCE-LeaderElection142: Election REJECTED; received 2 response(s) [277b5c5e-8c6f-4c9a-a53f-1bbc96404e12<-a32408a4-f19d-4bad-97c5-ba33ae94fc9a#0:FAIL-t134, 277b5c5e-8c6f-4c9a-a53f-1bbc96404e12<-6b24a2ab-97ee-4d49-85cc-2d76c2f4b8ef#0:FAIL-t134] and 0 exception(s); 277b5c5e-8c6f-4c9a-a53f-1bbc96404e12@group-569FAC3F8BCE:t134, leader=null, voted=277b5c5e-8c6f-4c9a-a53f-1bbc96404e12, raftlog=277b5c5e-8c6f-4c9a-a53f-1bbc96404e12@group-569FAC3F8BCE-SegmentedRaftLog:OPENED:c-1,f-1,i0, conf=-1: [a32408a4-f19d-4bad-97c5-ba33ae94fc9a:192.168.157.254:38721, 6b24a2ab-97ee-4d49-85cc-2d76c2f4b8ef:192.168.157.254:41080, 277b5c5e-8c6f-4c9a-a53f-1bbc96404e12:192.168.157.254:41416], old=null
2019-10-16 21:55:13,289 [277b5c5e-8c6f-4c9a-a53f-1bbc96404e12@group-569FAC3F8BCE-LeaderElection142] INFO  impl.RaftServerImpl (RaftServerImpl.java:setRole(184)) - 277b5c5e-8c6f-4c9a-a53f-1bbc96404e12@group-569FAC3F8BCE: changes role from CANDIDATE to FOLLOWER at term 134 for DISCOVERED_A_NEW_TERM
2019-10-16 21:55:13,289 [277b5c5e-8c6f-4c9a-a53f-1bbc96404e12@group-569FAC3F8BCE-LeaderElection142] INFO  impl.RoleInfo (RoleInfo.java:shutdownLeaderElection(134)) - 277b5c5e-8c6f-4c9a-a53f-1bbc96404e12: shutdown LeaderElection
2019-10-16 21:55:13,290 [277b5c5e-8c6f-4c9a-a53f-1bbc96404e12@group-569FAC3F8BCE-LeaderElection142] INFO  impl.RoleInfo (RoleInfo.java:updateAndGet(143)) - 277b5c5e-8c6f-4c9a-a53f-1bbc96404e12: start FollowerState
2019-10-16 21:55:13,300 [Thread-1116] INFO  impl.FollowerState (FollowerState.java:run(108)) - 277b5c5e-8c6f-4c9a-a53f-1bbc96404e12@group-569FAC3F8BCE-FollowerState: change to CANDIDATE, lastRpcTime:10ms, electionTimeout:10ms
2019-10-16 21:55:13,300 [Thread-1116] INFO  impl.RoleInfo (RoleInfo.java:shutdownFollowerState(121)) - 277b5c5e-8c6f-4c9a-a53f-1bbc96404e12: shutdown FollowerState
2019-10-16 21:55:13,300 [Thread-1116] INFO  impl.RaftServerImpl (RaftServerImpl.java:setRole(184)) - 277b5c5e-8c6f-4c9a-a53f-1bbc96404e12@group-569FAC3F8BCE: changes role from  FOLLOWER to CANDIDATE at term 134 for changeToCandidate
2019-10-16 21:55:13,301 [Thread-1116] INFO  impl.RoleInfo (RoleInfo.java:updateAndGet(143)) - 277b5c5e-8c6f-4c9a-a53f-1bbc96404e12: start LeaderElection
2019-10-16 21:55:13,305 [277b5c5e-8c6f-4c9a-a53f-1bbc96404e12@group-569FAC3F8BCE-LeaderElection143] INFO  impl.LeaderElection (LeaderElection.java:askForVotes(178)) - 277b5c5e-8c6f-4c9a-a53f-1bbc96404e12@group-569FAC3F8BCE-LeaderElection143: begin an election at term 135 for -1: [a32408a4-f19d-4bad-97c5-ba33ae94fc9a:192.168.157.254:38721, 6b24a2ab-97ee-4d49-85cc-2d76c2f4b8ef:192.168.157.254:41080, 277b5c5e-8c6f-4c9a-a53f-1bbc96404e12:192.168.157.254:41416], old=null
2019-10-16 21:55:13,307 [grpc-default-executor-0] INFO  impl.RaftServerImpl (RaftServerImpl.java:setRole(184)) - a32408a4-f19d-4bad-97c5-ba33ae94fc9a@group-569FAC3F8BCE: changes role from  FOLLOWER to FOLLOWER at term 135 for recognizeCandidate:277b5c5e-8c6f-4c9a-a53f-1bbc96404e12
2019-10-16 21:55:13,307 [grpc-default-executor-0] INFO  impl.RoleInfo (RoleInfo.java:shutdownFollowerState(121)) - a32408a4-f19d-4bad-97c5-ba33ae94fc9a: shutdown FollowerState
2019-10-16 21:55:13,308 [grpc-default-executor-1] INFO  impl.RaftServerImpl (RaftServerImpl.java:setRole(184)) - 6b24a2ab-97ee-4d49-85cc-2d76c2f4b8ef@group-569FAC3F8BCE: changes role from  FOLLOWER to FOLLOWER at term 135 for recognizeCandidate:277b5c5e-8c6f-4c9a-a53f-1bbc96404e12
2019-10-16 21:55:13,308 [grpc-default-executor-1] INFO  impl.RoleInfo (RoleInfo.java:shutdownFollowerState(121)) - 6b24a2ab-97ee-4d49-85cc-2d76c2f4b8ef: shutdown FollowerState
2019-10-16 21:55:13,308 [Thread-1115] INFO  impl.FollowerState (FollowerState.java:run(117)) - a32408a4-f19d-4bad-97c5-ba33ae94fc9a@group-569FAC3F8BCE-FollowerState was interrupted: java.lang.InterruptedException: sleep interrupted
2019-10-16 21:55:13,308 [grpc-default-executor-0] INFO  impl.RoleInfo (RoleInfo.java:updateAndGet(143)) - a32408a4-f19d-4bad-97c5-ba33ae94fc9a: start FollowerState
2019-10-16 21:55:13,308 [Thread-1114] INFO  impl.FollowerState (FollowerState.java:run(117)) - 6b24a2ab-97ee-4d49-85cc-2d76c2f4b8ef@group-569FAC3F8BCE-FollowerState was interrupted: java.lang.InterruptedException: sleep interrupted
2019-10-16 21:55:13,308 [grpc-default-executor-1] INFO  impl.RoleInfo (RoleInfo.java:updateAndGet(143)) - 6b24a2ab-97ee-4d49-85cc-2d76c2f4b8ef: start FollowerState
2019-10-16 21:55:13,320 [277b5c5e-8c6f-4c9a-a53f-1bbc96404e12@group-569FAC3F8BCE-LeaderElection143] INFO  impl.LeaderElection (LeaderElection.java:logAndReturn(56)) - 277b5c5e-8c6f-4c9a-a53f-1bbc96404e12@group-569FAC3F8BCE-LeaderElection143: Election REJECTED; received 2 response(s) [277b5c5e-8c6f-4c9a-a53f-1bbc96404e12<-6b24a2ab-97ee-4d49-85cc-2d76c2f4b8ef#0:FAIL-t135, 277b5c5e-8c6f-4c9a-a53f-1bbc96404e12<-a32408a4-f19d-4bad-97c5-ba33ae94fc9a#0:FAIL-t135] and 0 exception(s); 277b5c5e-8c6f-4c9a-a53f-1bbc96404e12@group-569FAC3F8BCE:t135, leader=null, voted=277b5c5e-8c6f-4c9a-a53f-1bbc96404e12, raftlog=277b5c5e-8c6f-4c9a-a53f-1bbc96404e12@group-569FAC3F8BCE-SegmentedRaftLog:OPENED:c-1,f-1,i0, conf=-1: [a32408a4-f19d-4bad-97c5-ba33ae94fc9a:192.168.157.254:38721, 6b24a2ab-97ee-4d49-85cc-2d76c2f4b8ef:192.168.157.254:41080, 277b5c5e-8c6f-4c9a-a53f-1bbc96404e12:192.168.157.254:41416], old=null
2019-10-16 21:55:13,321 [277b5c5e-8c6f-4c9a-a53f-1bbc96404e12@group-569FAC3F8BCE-LeaderElection143] INFO  impl.RaftServerImpl (RaftServerImpl.java:setRole(184)) - 277b5c5e-8c6f-4c9a-a53f-1bbc96404e12@group-569FAC3F8BCE: changes role from CANDIDATE to FOLLOWER at term 135 for DISCOVERED_A_NEW_TERM
2019-10-16 21:55:13,321 [277b5c5e-8c6f-4c9a-a53f-1bbc96404e12@group-569FAC3F8BCE-LeaderElection143] INFO  impl.RoleInfo (RoleInfo.java:shutdownLeaderElection(134)) - 277b5c5e-8c6f-4c9a-a53f-1bbc96404e12: shutdown LeaderElection
2019-10-16 21:55:13,321 [277b5c5e-8c6f-4c9a-a53f-1bbc96404e12@group-569FAC3F8BCE-LeaderElection143] INFO  impl.RoleInfo (RoleInfo.java:updateAndGet(143)) - 277b5c5e-8c6f-4c9a-a53f-1bbc96404e12: start FollowerState
2019-10-16 21:55:13,340 [Thread-1122] INFO  impl.FollowerState (FollowerState.java:run(108)) - 277b5c5e-8c6f-4c9a-a53f-1bbc96404e12@group-569FAC3F8BCE-FollowerState: change to CANDIDATE, lastRpcTime:19ms, electionTimeout:19ms
2019-10-16 21:55:13,341 [Thread-1122] INFO  impl.RoleInfo (RoleInfo.java:shutdownFollowerState(121)) - 277b5c5e-8c6f-4c9a-a53f-1bbc96404e12: shutdown FollowerState
2019-10-16 21:55:13,341 [Thread-1122] INFO  impl.RaftServerImpl (RaftServerImpl.java:setRole(184)) - 277b5c5e-8c6f-4c9a-a53f-1bbc96404e12@group-569FAC3F8BCE: changes role from  FOLLOWER to CANDIDATE at term 135 for changeToCandidate
2019-10-16 21:55:13,341 [Thread-1122] INFO  impl.RoleInfo (RoleInfo.java:updateAndGet(143)) - 277b5c5e-8c6f-4c9a-a53f-1bbc96404e12: start LeaderElection
2019-10-16 21:55:13,362 [277b5c5e-8c6f-4c9a-a53f-1bbc96404e12@group-569FAC3F8BCE-LeaderElection144] INFO  impl.LeaderElection (LeaderElection.java:askForVotes(178)) - 277b5c5e-8c6f-4c9a-a53f-1bbc96404e12@group-569FAC3F8BCE-LeaderElection144: begin an election at term 136 for -1: [a32408a4-f19d-4bad-97c5-ba33ae94fc9a:192.168.157.254:38721, 6b24a2ab-97ee-4d49-85cc-2d76c2f4b8ef:192.168.157.254:41080, 277b5c5e-8c6f-4c9a-a53f-1bbc96404e12:192.168.157.254:41416], old=null
2019-10-16 21:55:13,364 [grpc-default-executor-1] INFO  impl.RaftServerImpl (RaftServerImpl.java:setRole(184)) - 6b24a2ab-97ee-4d49-85cc-2d76c2f4b8ef@group-569FAC3F8BCE: changes role from  FOLLOWER to FOLLOWER at term 136 for recognizeCandidate:277b5c5e-8c6f-4c9a-a53f-1bbc96404e12
2019-10-16 21:55:13,365 [grpc-default-executor-1] INFO  impl.RoleInfo (RoleInfo.java:shutdownFollowerState(121)) - 6b24a2ab-97ee-4d49-85cc-2d76c2f4b8ef: shutdown FollowerState
2019-10-16 21:55:13,364 [grpc-default-executor-0] INFO  impl.RaftServerImpl (RaftServerImpl.java:setRole(184)) - a32408a4-f19d-4bad-97c5-ba33ae94fc9a@group-569FAC3F8BCE: changes role from  FOLLOWER to FOLLOWER at term 136 for recognizeCandidate:277b5c5e-8c6f-4c9a-a53f-1bbc96404e12
2019-10-16 21:55:13,365 [Thread-1121] INFO  impl.FollowerState (FollowerState.java:run(117)) - 6b24a2ab-97ee-4d49-85cc-2d76c2f4b8ef@group-569FAC3F8BCE-FollowerState was interrupted: java.lang.InterruptedException: sleep interrupted
2019-10-16 21:55:13,365 [grpc-default-executor-1] INFO  impl.RoleInfo (RoleInfo.java:updateAndGet(143)) - 6b24a2ab-97ee-4d49-85cc-2d76c2f4b8ef: start FollowerState
2019-10-16 21:55:13,365 [grpc-default-executor-0] INFO  impl.RoleInfo (RoleInfo.java:shutdownFollowerState(121)) - a32408a4-f19d-4bad-97c5-ba33ae94fc9a: shutdown FollowerState
2019-10-16 21:55:13,366 [grpc-default-executor-0] INFO  impl.RoleInfo (RoleInfo.java:updateAndGet(143)) - a32408a4-f19d-4bad-97c5-ba33ae94fc9a: start FollowerState
2019-10-16 21:55:13,366 [Thread-1120] INFO  impl.FollowerState (FollowerState.java:run(117)) - a32408a4-f19d-4bad-97c5-ba33ae94fc9a@group-569FAC3F8BCE-FollowerState was interrupted: java.lang.InterruptedException: sleep interrupted
2019-10-16 21:55:13,393 [277b5c5e-8c6f-4c9a-a53f-1bbc96404e12@group-569FAC3F8BCE-LeaderElection144] INFO  impl.LeaderElection (LeaderElection.java:logAndReturn(56)) - 277b5c5e-8c6f-4c9a-a53f-1bbc96404e12@group-569FAC3F8BCE-LeaderElection144: Election REJECTED; received 2 response(s) [277b5c5e-8c6f-4c9a-a53f-1bbc96404e12<-6b24a2ab-97ee-4d49-85cc-2d76c2f4b8ef#0:FAIL-t136, 277b5c5e-8c6f-4c9a-a53f-1bbc96404e12<-a32408a4-f19d-4bad-97c5-ba33ae94fc9a#0:FAIL-t136] and 0 exception(s); 277b5c5e-8c6f-4c9a-a53f-1bbc96404e12@group-569FAC3F8BCE:t136, leader=null, voted=277b5c5e-8c6f-4c9a-a53f-1bbc96404e12, raftlog=277b5c5e-8c6f-4c9a-a53f-1bbc96404e12@group-569FAC3F8BCE-SegmentedRaftLog:OPENED:c-1,f-1,i0, conf=-1: [a32408a4-f19d-4bad-97c5-ba33ae94fc9a:192.168.157.254:38721, 6b24a2ab-97ee-4d49-85cc-2d76c2f4b8ef:192.168.157.254:41080, 277b5c5e-8c6f-4c9a-a53f-1bbc96404e12:192.168.157.254:41416], old=null
2019-10-16 21:55:13,393 [277b5c5e-8c6f-4c9a-a53f-1bbc96404e12@group-569FAC3F8BCE-LeaderElection144] INFO  impl.RaftServerImpl (RaftServerImpl.java:setRole(184)) - 277b5c5e-8c6f-4c9a-a53f-1bbc96404e12@group-569FAC3F8BCE: changes role from CANDIDATE to FOLLOWER at term 136 for DISCOVERED_A_NEW_TERM
2019-10-16 21:55:13,393 [277b5c5e-8c6f-4c9a-a53f-1bbc96404e12@group-569FAC3F8BCE-LeaderElection144] INFO  impl.RoleInfo (RoleInfo.java:shutdownLeaderElection(134)) - 277b5c5e-8c6f-4c9a-a53f-1bbc96404e12: shutdown LeaderElection
2019-10-16 21:55:13,393 [277b5c5e-8c6f-4c9a-a53f-1bbc96404e12@group-569FAC3F8BCE-LeaderElection144] INFO  impl.RoleInfo (RoleInfo.java:updateAndGet(143)) - 277b5c5e-8c6f-4c9a-a53f-1bbc96404e12: start FollowerState
2019-10-16 21:55:13,473 [Thread-1128] INFO  impl.FollowerState (FollowerState.java:run(108)) - 277b5c5e-8c6f-4c9a-a53f-1bbc96404e12@group-569FAC3F8BCE-FollowerState: change to CANDIDATE, lastRpcTime:79ms, electionTimeout:79ms
2019-10-16 21:55:13,473 [Thread-1128] INFO  impl.RoleInfo (RoleInfo.java:shutdownFollowerState(121)) - 277b5c5e-8c6f-4c9a-a53f-1bbc96404e12: shutdown FollowerState
2019-10-16 21:55:13,473 [Thread-1128] INFO  impl.RaftServerImpl (RaftServerImpl.java:setRole(184)) - 277b5c5e-8c6f-4c9a-a53f-1bbc96404e12@group-569FAC3F8BCE: changes role from  FOLLOWER to CANDIDATE at term 136 for changeToCandidate
2019-10-16 21:55:13,473 [Thread-1128] INFO  impl.RoleInfo (RoleInfo.java:updateAndGet(143)) - 277b5c5e-8c6f-4c9a-a53f-1bbc96404e12: start LeaderElection
2019-10-16 21:55:13,489 [277b5c5e-8c6f-4c9a-a53f-1bbc96404e12@group-569FAC3F8BCE-LeaderElection145] INFO  impl.LeaderElection (LeaderElection.java:askForVotes(178)) - 277b5c5e-8c6f-4c9a-a53f-1bbc96404e12@group-569FAC3F8BCE-LeaderElection145: begin an election at term 137 for -1: [a32408a4-f19d-4bad-97c5-ba33ae94fc9a:192.168.157.254:38721, 6b24a2ab-97ee-4d49-85cc-2d76c2f4b8ef:192.168.157.254:41080, 277b5c5e-8c6f-4c9a-a53f-1bbc96404e12:192.168.157.254:41416], old=null
2019-10-16 21:55:13,491 [grpc-default-executor-1] INFO  impl.RaftServerImpl (RaftServerImpl.java:setRole(184)) - a32408a4-f19d-4bad-97c5-ba33ae94fc9a@group-569FAC3F8BCE: changes role from  FOLLOWER to FOLLOWER at term 137 for recognizeCandidate:277b5c5e-8c6f-4c9a-a53f-1bbc96404e12
2019-10-16 21:55:13,491 [grpc-default-executor-0] INFO  impl.RaftServerImpl (RaftServerImpl.java:setRole(184)) - 6b24a2ab-97ee-4d49-85cc-2d76c2f4b8ef@group-569FAC3F8BCE: changes role from  FOLLOWER to FOLLOWER at term 137 for recognizeCandidate:277b5c5e-8c6f-4c9a-a53f-1bbc96404e12
2019-10-16 21:55:13,492 [grpc-default-executor-1] INFO  impl.RoleInfo (RoleInfo.java:shutdownFollowerState(121)) - a32408a4-f19d-4bad-97c5-ba33ae94fc9a: shutdown FollowerState
2019-10-16 21:55:13,492 [grpc-default-executor-0] INFO  impl.RoleInfo (RoleInfo.java:shutdownFollowerState(121)) - 6b24a2ab-97ee-4d49-85cc-2d76c2f4b8ef: shutdown FollowerState
2019-10-16 21:55:13,492 [Thread-1127] INFO  impl.FollowerState (FollowerState.java:run(117)) - a32408a4-f19d-4bad-97c5-ba33ae94fc9a@group-569FAC3F8BCE-FollowerState was interrupted: java.lang.InterruptedException: sleep interrupted
2019-10-16 21:55:13,492 [grpc-default-executor-1] INFO  impl.RoleInfo (RoleInfo.java:updateAndGet(143)) - a32408a4-f19d-4bad-97c5-ba33ae94fc9a: start FollowerState
2019-10-16 21:55:13,492 [Thread-1126] INFO  impl.FollowerState (FollowerState.java:run(117)) - 6b24a2ab-97ee-4d49-85cc-2d76c2f4b8ef@group-569FAC3F8BCE-FollowerState was interrupted: java.lang.InterruptedException: sleep interrupted
2019-10-16 21:55:13,492 [grpc-default-executor-0] INFO  impl.RoleInfo (RoleInfo.java:updateAndGet(143)) - 6b24a2ab-97ee-4d49-85cc-2d76c2f4b8ef: start FollowerState
2019-10-16 21:55:13,504 [277b5c5e-8c6f-4c9a-a53f-1bbc96404e12@group-569FAC3F8BCE-LeaderElection145] INFO  impl.LeaderElection (LeaderElection.java:logAndReturn(56)) - 277b5c5e-8c6f-4c9a-a53f-1bbc96404e12@group-569FAC3F8BCE-LeaderElection145: Election REJECTED; received 2 response(s) [277b5c5e-8c6f-4c9a-a53f-1bbc96404e12<-a32408a4-f19d-4bad-97c5-ba33ae94fc9a#0:FAIL-t137, 277b5c5e-8c6f-4c9a-a53f-1bbc96404e12<-6b24a2ab-97ee-4d49-85cc-2d76c2f4b8ef#0:FAIL-t137] and 0 exception(s); 277b5c5e-8c6f-4c9a-a53f-1bbc96404e12@group-569FAC3F8BCE:t137, leader=null, voted=277b5c5e-8c6f-4c9a-a53f-1bbc96404e12, raftlog=277b5c5e-8c6f-4c9a-a53f-1bbc96404e12@group-569FAC3F8BCE-SegmentedRaftLog:OPENED:c-1,f-1,i0, conf=-1: [a32408a4-f19d-4bad-97c5-ba33ae94fc9a:192.168.157.254:38721, 6b24a2ab-97ee-4d49-85cc-2d76c2f4b8ef:192.168.157.254:41080, 277b5c5e-8c6f-4c9a-a53f-1bbc96404e12:192.168.157.254:41416], old=null
2019-10-16 21:55:13,504 [277b5c5e-8c6f-4c9a-a53f-1bbc96404e12@group-569FAC3F8BCE-LeaderElection145] INFO  impl.RaftServerImpl (RaftServerImpl.java:setRole(184)) - 277b5c5e-8c6f-4c9a-a53f-1bbc96404e12@group-569FAC3F8BCE: changes role from CANDIDATE to FOLLOWER at term 137 for DISCOVERED_A_NEW_TERM
2019-10-16 21:55:13,504 [277b5c5e-8c6f-4c9a-a53f-1bbc96404e12@group-569FAC3F8BCE-LeaderElection145] INFO  impl.RoleInfo (RoleInfo.java:shutdownLeaderElection(134)) - 277b5c5e-8c6f-4c9a-a53f-1bbc96404e12: shutdown LeaderElection
2019-10-16 21:55:13,504 [277b5c5e-8c6f-4c9a-a53f-1bbc96404e12@group-569FAC3F8BCE-LeaderElection145] INFO  impl.RoleInfo (RoleInfo.java:updateAndGet(143)) - 277b5c5e-8c6f-4c9a-a53f-1bbc96404e12: start FollowerState
2019-10-16 21:55:13,522 [Thread-1134] INFO  impl.FollowerState (FollowerState.java:run(108)) - 277b5c5e-8c6f-4c9a-a53f-1bbc96404e12@group-569FAC3F8BCE-FollowerState: change to CANDIDATE, lastRpcTime:17ms, electionTimeout:17ms
2019-10-16 21:55:13,522 [Thread-1134] INFO  impl.RoleInfo (RoleInfo.java:shutdownFollowerState(121)) - 277b5c5e-8c6f-4c9a-a53f-1bbc96404e12: shutdown FollowerState
2019-10-16 21:55:13,522 [Thread-1134] INFO  impl.RaftServerImpl (RaftServerImpl.java:setRole(184)) - 277b5c5e-8c6f-4c9a-a53f-1bbc96404e12@group-569FAC3F8BCE: changes role from  FOLLOWER to CANDIDATE at term 137 for changeToCandidate
2019-10-16 21:55:13,522 [Thread-1134] INFO  impl.RoleInfo (RoleInfo.java:updateAndGet(143)) - 277b5c5e-8c6f-4c9a-a53f-1bbc96404e12: start LeaderElection
2019-10-16 21:55:13,530 [277b5c5e-8c6f-4c9a-a53f-1bbc96404e12@group-569FAC3F8BCE-LeaderElection146] INFO  impl.LeaderElection (LeaderElection.java:askForVotes(178)) - 277b5c5e-8c6f-4c9a-a53f-1bbc96404e12@group-569FAC3F8BCE-LeaderElection146: begin an election at term 138 for -1: [a32408a4-f19d-4bad-97c5-ba33ae94fc9a:192.168.157.254:38721, 6b24a2ab-97ee-4d49-85cc-2d76c2f4b8ef:192.168.157.254:41080, 277b5c5e-8c6f-4c9a-a53f-1bbc96404e12:192.168.157.254:41416], old=null
2019-10-16 21:55:13,532 [grpc-default-executor-1] INFO  impl.RaftServerImpl (RaftServerImpl.java:setRole(184)) - a32408a4-f19d-4bad-97c5-ba33ae94fc9a@group-569FAC3F8BCE: changes role from  FOLLOWER to FOLLOWER at term 138 for recognizeCandidate:277b5c5e-8c6f-4c9a-a53f-1bbc96404e12
2019-10-16 21:55:13,532 [grpc-default-executor-1] INFO  impl.RoleInfo (RoleInfo.java:shutdownFollowerState(121)) - a32408a4-f19d-4bad-97c5-ba33ae94fc9a: shutdown FollowerState
2019-10-16 21:55:13,532 [grpc-default-executor-0] INFO  impl.RaftServerImpl (RaftServerImpl.java:setRole(184)) - 6b24a2ab-97ee-4d49-85cc-2d76c2f4b8ef@group-569FAC3F8BCE: changes role from  FOLLOWER to FOLLOWER at term 138 for recognizeCandidate:277b5c5e-8c6f-4c9a-a53f-1bbc96404e12
2019-10-16 21:55:13,532 [Thread-1132] INFO  impl.FollowerState (FollowerState.java:run(117)) - a32408a4-f19d-4bad-97c5-ba33ae94fc9a@group-569FAC3F8BCE-FollowerState was interrupted: java.lang.InterruptedException: sleep interrupted
2019-10-16 21:55:13,532 [grpc-default-executor-1] INFO  impl.RoleInfo (RoleInfo.java:updateAndGet(143)) - a32408a4-f19d-4bad-97c5-ba33ae94fc9a: start FollowerState
2019-10-16 21:55:13,532 [grpc-default-executor-0] INFO  impl.RoleInfo (RoleInfo.java:shutdownFollowerState(121)) - 6b24a2ab-97ee-4d49-85cc-2d76c2f4b8ef: shutdown FollowerState
2019-10-16 21:55:13,533 [grpc-default-executor-0] INFO  impl.RoleInfo (RoleInfo.java:updateAndGet(143)) - 6b24a2ab-97ee-4d49-85cc-2d76c2f4b8ef: start FollowerState
2019-10-16 21:55:13,533 [Thread-1133] INFO  impl.FollowerState (FollowerState.java:run(117)) - 6b24a2ab-97ee-4d49-85cc-2d76c2f4b8ef@group-569FAC3F8BCE-FollowerState was interrupted: java.lang.InterruptedException: sleep interrupted
2019-10-16 21:55:13,559 [277b5c5e-8c6f-4c9a-a53f-1bbc96404e12@group-569FAC3F8BCE-LeaderElection146] INFO  impl.LeaderElection (LeaderElection.java:logAndReturn(56)) - 277b5c5e-8c6f-4c9a-a53f-1bbc96404e12@group-569FAC3F8BCE-LeaderElection146: Election REJECTED; received 2 response(s) [277b5c5e-8c6f-4c9a-a53f-1bbc96404e12<-a32408a4-f19d-4bad-97c5-ba33ae94fc9a#0:FAIL-t138, 277b5c5e-8c6f-4c9a-a53f-1bbc96404e12<-6b24a2ab-97ee-4d49-85cc-2d76c2f4b8ef#0:FAIL-t138] and 0 exception(s); 277b5c5e-8c6f-4c9a-a53f-1bbc96404e12@group-569FAC3F8BCE:t138, leader=null, voted=277b5c5e-8c6f-4c9a-a53f-1bbc96404e12, raftlog=277b5c5e-8c6f-4c9a-a53f-1bbc96404e12@group-569FAC3F8BCE-SegmentedRaftLog:OPENED:c-1,f-1,i0, conf=-1: [a32408a4-f19d-4bad-97c5-ba33ae94fc9a:192.168.157.254:38721, 6b24a2ab-97ee-4d49-85cc-2d76c2f4b8ef:192.168.157.254:41080, 277b5c5e-8c6f-4c9a-a53f-1bbc96404e12:192.168.157.254:41416], old=null
2019-10-16 21:55:13,559 [277b5c5e-8c6f-4c9a-a53f-1bbc96404e12@group-569FAC3F8BCE-LeaderElection146] INFO  impl.RaftServerImpl (RaftServerImpl.java:setRole(184)) - 277b5c5e-8c6f-4c9a-a53f-1bbc96404e12@group-569FAC3F8BCE: changes role from CANDIDATE to FOLLOWER at term 138 for DISCOVERED_A_NEW_TERM
2019-10-16 21:55:13,559 [277b5c5e-8c6f-4c9a-a53f-1bbc96404e12@group-569FAC3F8BCE-LeaderElection146] INFO  impl.RoleInfo (RoleInfo.java:shutdownLeaderElection(134)) - 277b5c5e-8c6f-4c9a-a53f-1bbc96404e12: shutdown LeaderElection
2019-10-16 21:55:13,559 [277b5c5e-8c6f-4c9a-a53f-1bbc96404e12@group-569FAC3F8BCE-LeaderElection146] INFO  impl.RoleInfo (RoleInfo.java:updateAndGet(143)) - 277b5c5e-8c6f-4c9a-a53f-1bbc96404e12: start FollowerState
2019-10-16 21:55:13,568 [Thread-0] INFO  ozone.MiniOzoneClusterImpl (MiniOzoneClusterImpl.java:lambda$waitForClusterToBeReady$2(164)) - Waiting for 1 number of pipelines out of 4, to report a leader.
2019-10-16 21:55:13,700 [Thread-1140] INFO  impl.FollowerState (FollowerState.java:run(108)) - 277b5c5e-8c6f-4c9a-a53f-1bbc96404e12@group-569FAC3F8BCE-FollowerState: change to CANDIDATE, lastRpcTime:140ms, electionTimeout:140ms
2019-10-16 21:55:13,700 [Thread-1140] INFO  impl.RoleInfo (RoleInfo.java:shutdownFollowerState(121)) - 277b5c5e-8c6f-4c9a-a53f-1bbc96404e12: shutdown FollowerState
2019-10-16 21:55:13,700 [Thread-1140] INFO  impl.RaftServerImpl (RaftServerImpl.java:setRole(184)) - 277b5c5e-8c6f-4c9a-a53f-1bbc96404e12@group-569FAC3F8BCE: changes role from  FOLLOWER to CANDIDATE at term 138 for changeToCandidate
2019-10-16 21:55:13,700 [Thread-1140] INFO  impl.RoleInfo (RoleInfo.java:updateAndGet(143)) - 277b5c5e-8c6f-4c9a-a53f-1bbc96404e12: start LeaderElection
2019-10-16 21:55:13,715 [277b5c5e-8c6f-4c9a-a53f-1bbc96404e12@group-569FAC3F8BCE-LeaderElection147] INFO  impl.LeaderElection (LeaderElection.java:askForVotes(178)) - 277b5c5e-8c6f-4c9a-a53f-1bbc96404e12@group-569FAC3F8BCE-LeaderElection147: begin an election at term 139 for -1: [a32408a4-f19d-4bad-97c5-ba33ae94fc9a:192.168.157.254:38721, 6b24a2ab-97ee-4d49-85cc-2d76c2f4b8ef:192.168.157.254:41080, 277b5c5e-8c6f-4c9a-a53f-1bbc96404e12:192.168.157.254:41416], old=null
2019-10-16 21:55:13,717 [grpc-default-executor-1] INFO  impl.RaftServerImpl (RaftServerImpl.java:setRole(184)) - a32408a4-f19d-4bad-97c5-ba33ae94fc9a@group-569FAC3F8BCE: changes role from  FOLLOWER to FOLLOWER at term 139 for recognizeCandidate:277b5c5e-8c6f-4c9a-a53f-1bbc96404e12
2019-10-16 21:55:13,717 [grpc-default-executor-1] INFO  impl.RoleInfo (RoleInfo.java:shutdownFollowerState(121)) - a32408a4-f19d-4bad-97c5-ba33ae94fc9a: shutdown FollowerState
2019-10-16 21:55:13,717 [grpc-default-executor-1] INFO  impl.RoleInfo (RoleInfo.java:updateAndGet(143)) - a32408a4-f19d-4bad-97c5-ba33ae94fc9a: start FollowerState
2019-10-16 21:55:13,718 [grpc-default-executor-0] INFO  impl.RaftServerImpl (RaftServerImpl.java:setRole(184)) - 6b24a2ab-97ee-4d49-85cc-2d76c2f4b8ef@group-569FAC3F8BCE: changes role from  FOLLOWER to FOLLOWER at term 139 for recognizeCandidate:277b5c5e-8c6f-4c9a-a53f-1bbc96404e12
2019-10-16 21:55:13,718 [grpc-default-executor-0] INFO  impl.RoleInfo (RoleInfo.java:shutdownFollowerState(121)) - 6b24a2ab-97ee-4d49-85cc-2d76c2f4b8ef: shutdown FollowerState
2019-10-16 21:55:13,717 [Thread-1138] INFO  impl.FollowerState (FollowerState.java:run(117)) - a32408a4-f19d-4bad-97c5-ba33ae94fc9a@group-569FAC3F8BCE-FollowerState was interrupted: java.lang.InterruptedException: sleep interrupted
2019-10-16 21:55:13,718 [Thread-1139] INFO  impl.FollowerState (FollowerState.java:run(117)) - 6b24a2ab-97ee-4d49-85cc-2d76c2f4b8ef@group-569FAC3F8BCE-FollowerState was interrupted: java.lang.InterruptedException: sleep interrupted
2019-10-16 21:55:13,718 [grpc-default-executor-0] INFO  impl.RoleInfo (RoleInfo.java:updateAndGet(143)) - 6b24a2ab-97ee-4d49-85cc-2d76c2f4b8ef: start FollowerState
2019-10-16 21:55:13,738 [277b5c5e-8c6f-4c9a-a53f-1bbc96404e12@group-569FAC3F8BCE-LeaderElection147] INFO  impl.LeaderElection (LeaderElection.java:logAndReturn(56)) - 277b5c5e-8c6f-4c9a-a53f-1bbc96404e12@group-569FAC3F8BCE-LeaderElection147: Election TIMEOUT; received 0 response(s) [] and 0 exception(s); 277b5c5e-8c6f-4c9a-a53f-1bbc96404e12@group-569FAC3F8BCE:t139, leader=null, voted=277b5c5e-8c6f-4c9a-a53f-1bbc96404e12, raftlog=277b5c5e-8c6f-4c9a-a53f-1bbc96404e12@group-569FAC3F8BCE-SegmentedRaftLog:OPENED:c-1,f-1,i0, conf=-1: [a32408a4-f19d-4bad-97c5-ba33ae94fc9a:192.168.157.254:38721, 6b24a2ab-97ee-4d49-85cc-2d76c2f4b8ef:192.168.157.254:41080, 277b5c5e-8c6f-4c9a-a53f-1bbc96404e12:192.168.157.254:41416], old=null
2019-10-16 21:55:13,764 [277b5c5e-8c6f-4c9a-a53f-1bbc96404e12@group-569FAC3F8BCE-LeaderElection147] INFO  impl.LeaderElection (LeaderElection.java:askForVotes(178)) - 277b5c5e-8c6f-4c9a-a53f-1bbc96404e12@group-569FAC3F8BCE-LeaderElection147: begin an election at term 140 for -1: [a32408a4-f19d-4bad-97c5-ba33ae94fc9a:192.168.157.254:38721, 6b24a2ab-97ee-4d49-85cc-2d76c2f4b8ef:192.168.157.254:41080, 277b5c5e-8c6f-4c9a-a53f-1bbc96404e12:192.168.157.254:41416], old=null
2019-10-16 21:55:13,765 [grpc-default-executor-1] INFO  impl.RaftServerImpl (RaftServerImpl.java:setRole(184)) - a32408a4-f19d-4bad-97c5-ba33ae94fc9a@group-569FAC3F8BCE: changes role from  FOLLOWER to FOLLOWER at term 140 for recognizeCandidate:277b5c5e-8c6f-4c9a-a53f-1bbc96404e12
2019-10-16 21:55:13,766 [grpc-default-executor-1] INFO  impl.RoleInfo (RoleInfo.java:shutdownFollowerState(121)) - a32408a4-f19d-4bad-97c5-ba33ae94fc9a: shutdown FollowerState
2019-10-16 21:55:13,766 [grpc-default-executor-1] INFO  impl.RoleInfo (RoleInfo.java:updateAndGet(143)) - a32408a4-f19d-4bad-97c5-ba33ae94fc9a: start FollowerState
2019-10-16 21:55:13,766 [Thread-1144] INFO  impl.FollowerState (FollowerState.java:run(117)) - a32408a4-f19d-4bad-97c5-ba33ae94fc9a@group-569FAC3F8BCE-FollowerState was interrupted: java.lang.InterruptedException: sleep interrupted
2019-10-16 21:55:13,766 [grpc-default-executor-0] INFO  impl.RaftServerImpl (RaftServerImpl.java:setRole(184)) - 6b24a2ab-97ee-4d49-85cc-2d76c2f4b8ef@group-569FAC3F8BCE: changes role from  FOLLOWER to FOLLOWER at term 140 for recognizeCandidate:277b5c5e-8c6f-4c9a-a53f-1bbc96404e12
2019-10-16 21:55:13,766 [grpc-default-executor-0] INFO  impl.RoleInfo (RoleInfo.java:shutdownFollowerState(121)) - 6b24a2ab-97ee-4d49-85cc-2d76c2f4b8ef: shutdown FollowerState
2019-10-16 21:55:13,767 [grpc-default-executor-0] INFO  impl.RoleInfo (RoleInfo.java:updateAndGet(143)) - 6b24a2ab-97ee-4d49-85cc-2d76c2f4b8ef: start FollowerState
2019-10-16 21:55:13,767 [Thread-1145] INFO  impl.FollowerState (FollowerState.java:run(117)) - 6b24a2ab-97ee-4d49-85cc-2d76c2f4b8ef@group-569FAC3F8BCE-FollowerState was interrupted: java.lang.InterruptedException: sleep interrupted
2019-10-16 21:55:13,781 [277b5c5e-8c6f-4c9a-a53f-1bbc96404e12@group-569FAC3F8BCE-LeaderElection147] INFO  impl.LeaderElection (LeaderElection.java:logAndReturn(56)) - 277b5c5e-8c6f-4c9a-a53f-1bbc96404e12@group-569FAC3F8BCE-LeaderElection147: Election REJECTED; received 2 response(s) [277b5c5e-8c6f-4c9a-a53f-1bbc96404e12<-a32408a4-f19d-4bad-97c5-ba33ae94fc9a#0:FAIL-t140, 277b5c5e-8c6f-4c9a-a53f-1bbc96404e12<-6b24a2ab-97ee-4d49-85cc-2d76c2f4b8ef#0:FAIL-t140] and 0 exception(s); 277b5c5e-8c6f-4c9a-a53f-1bbc96404e12@group-569FAC3F8BCE:t140, leader=null, voted=277b5c5e-8c6f-4c9a-a53f-1bbc96404e12, raftlog=277b5c5e-8c6f-4c9a-a53f-1bbc96404e12@group-569FAC3F8BCE-SegmentedRaftLog:OPENED:c-1,f-1,i0, conf=-1: [a32408a4-f19d-4bad-97c5-ba33ae94fc9a:192.168.157.254:38721, 6b24a2ab-97ee-4d49-85cc-2d76c2f4b8ef:192.168.157.254:41080, 277b5c5e-8c6f-4c9a-a53f-1bbc96404e12:192.168.157.254:41416], old=null
2019-10-16 21:55:13,781 [277b5c5e-8c6f-4c9a-a53f-1bbc96404e12@group-569FAC3F8BCE-LeaderElection147] INFO  impl.RaftServerImpl (RaftServerImpl.java:setRole(184)) - 277b5c5e-8c6f-4c9a-a53f-1bbc96404e12@group-569FAC3F8BCE: changes role from CANDIDATE to FOLLOWER at term 140 for DISCOVERED_A_NEW_TERM
2019-10-16 21:55:13,781 [277b5c5e-8c6f-4c9a-a53f-1bbc96404e12@group-569FAC3F8BCE-LeaderElection147] INFO  impl.RoleInfo (RoleInfo.java:shutdownLeaderElection(134)) - 277b5c5e-8c6f-4c9a-a53f-1bbc96404e12: shutdown LeaderElection
2019-10-16 21:55:13,782 [277b5c5e-8c6f-4c9a-a53f-1bbc96404e12@group-569FAC3F8BCE-LeaderElection147] INFO  impl.RoleInfo (RoleInfo.java:updateAndGet(143)) - 277b5c5e-8c6f-4c9a-a53f-1bbc96404e12: start FollowerState
2019-10-16 21:55:13,952 [Thread-1150] INFO  impl.FollowerState (FollowerState.java:run(108)) - 277b5c5e-8c6f-4c9a-a53f-1bbc96404e12@group-569FAC3F8BCE-FollowerState: change to CANDIDATE, lastRpcTime:170ms, electionTimeout:170ms
2019-10-16 21:55:13,952 [Thread-1150] INFO  impl.RoleInfo (RoleInfo.java:shutdownFollowerState(121)) - 277b5c5e-8c6f-4c9a-a53f-1bbc96404e12: shutdown FollowerState
2019-10-16 21:55:13,953 [Thread-1150] INFO  impl.RaftServerImpl (RaftServerImpl.java:setRole(184)) - 277b5c5e-8c6f-4c9a-a53f-1bbc96404e12@group-569FAC3F8BCE: changes role from  FOLLOWER to CANDIDATE at term 140 for changeToCandidate
2019-10-16 21:55:13,953 [Thread-1150] INFO  impl.RoleInfo (RoleInfo.java:updateAndGet(143)) - 277b5c5e-8c6f-4c9a-a53f-1bbc96404e12: start LeaderElection
2019-10-16 21:55:13,968 [277b5c5e-8c6f-4c9a-a53f-1bbc96404e12@group-569FAC3F8BCE-LeaderElection148] INFO  impl.LeaderElection (LeaderElection.java:askForVotes(178)) - 277b5c5e-8c6f-4c9a-a53f-1bbc96404e12@group-569FAC3F8BCE-LeaderElection148: begin an election at term 141 for -1: [a32408a4-f19d-4bad-97c5-ba33ae94fc9a:192.168.157.254:38721, 6b24a2ab-97ee-4d49-85cc-2d76c2f4b8ef:192.168.157.254:41080, 277b5c5e-8c6f-4c9a-a53f-1bbc96404e12:192.168.157.254:41416], old=null
2019-10-16 21:55:13,971 [grpc-default-executor-0] INFO  impl.RaftServerImpl (RaftServerImpl.java:setRole(184)) - a32408a4-f19d-4bad-97c5-ba33ae94fc9a@group-569FAC3F8BCE: changes role from  FOLLOWER to FOLLOWER at term 141 for recognizeCandidate:277b5c5e-8c6f-4c9a-a53f-1bbc96404e12
2019-10-16 21:55:13,971 [grpc-default-executor-1] INFO  impl.RaftServerImpl (RaftServerImpl.java:setRole(184)) - 6b24a2ab-97ee-4d49-85cc-2d76c2f4b8ef@group-569FAC3F8BCE: changes role from  FOLLOWER to FOLLOWER at term 141 for recognizeCandidate:277b5c5e-8c6f-4c9a-a53f-1bbc96404e12
2019-10-16 21:55:13,971 [grpc-default-executor-0] INFO  impl.RoleInfo (RoleInfo.java:shutdownFollowerState(121)) - a32408a4-f19d-4bad-97c5-ba33ae94fc9a: shutdown FollowerState
2019-10-16 21:55:13,971 [grpc-default-executor-1] INFO  impl.RoleInfo (RoleInfo.java:shutdownFollowerState(121)) - 6b24a2ab-97ee-4d49-85cc-2d76c2f4b8ef: shutdown FollowerState
2019-10-16 21:55:13,972 [Thread-1148] INFO  impl.FollowerState (FollowerState.java:run(117)) - a32408a4-f19d-4bad-97c5-ba33ae94fc9a@group-569FAC3F8BCE-FollowerState was interrupted: java.lang.InterruptedException: sleep interrupted
2019-10-16 21:55:13,971 [grpc-default-executor-0] INFO  impl.RoleInfo (RoleInfo.java:updateAndGet(143)) - a32408a4-f19d-4bad-97c5-ba33ae94fc9a: start FollowerState
2019-10-16 21:55:13,972 [Thread-1149] INFO  impl.FollowerState (FollowerState.java:run(117)) - 6b24a2ab-97ee-4d49-85cc-2d76c2f4b8ef@group-569FAC3F8BCE-FollowerState was interrupted: java.lang.InterruptedException: sleep interrupted
2019-10-16 21:55:13,972 [grpc-default-executor-1] INFO  impl.RoleInfo (RoleInfo.java:updateAndGet(143)) - 6b24a2ab-97ee-4d49-85cc-2d76c2f4b8ef: start FollowerState
2019-10-16 21:55:13,985 [277b5c5e-8c6f-4c9a-a53f-1bbc96404e12@group-569FAC3F8BCE-LeaderElection148] INFO  impl.LeaderElection (LeaderElection.java:logAndReturn(56)) - 277b5c5e-8c6f-4c9a-a53f-1bbc96404e12@group-569FAC3F8BCE-LeaderElection148: Election REJECTED; received 2 response(s) [277b5c5e-8c6f-4c9a-a53f-1bbc96404e12<-a32408a4-f19d-4bad-97c5-ba33ae94fc9a#0:FAIL-t141, 277b5c5e-8c6f-4c9a-a53f-1bbc96404e12<-6b24a2ab-97ee-4d49-85cc-2d76c2f4b8ef#0:FAIL-t141] and 0 exception(s); 277b5c5e-8c6f-4c9a-a53f-1bbc96404e12@group-569FAC3F8BCE:t141, leader=null, voted=277b5c5e-8c6f-4c9a-a53f-1bbc96404e12, raftlog=277b5c5e-8c6f-4c9a-a53f-1bbc96404e12@group-569FAC3F8BCE-SegmentedRaftLog:OPENED:c-1,f-1,i0, conf=-1: [a32408a4-f19d-4bad-97c5-ba33ae94fc9a:192.168.157.254:38721, 6b24a2ab-97ee-4d49-85cc-2d76c2f4b8ef:192.168.157.254:41080, 277b5c5e-8c6f-4c9a-a53f-1bbc96404e12:192.168.157.254:41416], old=null
2019-10-16 21:55:13,985 [277b5c5e-8c6f-4c9a-a53f-1bbc96404e12@group-569FAC3F8BCE-LeaderElection148] INFO  impl.RaftServerImpl (RaftServerImpl.java:setRole(184)) - 277b5c5e-8c6f-4c9a-a53f-1bbc96404e12@group-569FAC3F8BCE: changes role from CANDIDATE to FOLLOWER at term 141 for DISCOVERED_A_NEW_TERM
2019-10-16 21:55:13,985 [277b5c5e-8c6f-4c9a-a53f-1bbc96404e12@group-569FAC3F8BCE-LeaderElection148] INFO  impl.RoleInfo (RoleInfo.java:shutdownLeaderElection(134)) - 277b5c5e-8c6f-4c9a-a53f-1bbc96404e12: shutdown LeaderElection
2019-10-16 21:55:13,985 [277b5c5e-8c6f-4c9a-a53f-1bbc96404e12@group-569FAC3F8BCE-LeaderElection148] INFO  impl.RoleInfo (RoleInfo.java:updateAndGet(143)) - 277b5c5e-8c6f-4c9a-a53f-1bbc96404e12: start FollowerState
2019-10-16 21:55:14,035 [Thread-1156] INFO  impl.FollowerState (FollowerState.java:run(108)) - 277b5c5e-8c6f-4c9a-a53f-1bbc96404e12@group-569FAC3F8BCE-FollowerState: change to CANDIDATE, lastRpcTime:50ms, electionTimeout:50ms
2019-10-16 21:55:14,036 [Thread-1156] INFO  impl.RoleInfo (RoleInfo.java:shutdownFollowerState(121)) - 277b5c5e-8c6f-4c9a-a53f-1bbc96404e12: shutdown FollowerState
2019-10-16 21:55:14,036 [Thread-1156] INFO  impl.RaftServerImpl (RaftServerImpl.java:setRole(184)) - 277b5c5e-8c6f-4c9a-a53f-1bbc96404e12@group-569FAC3F8BCE: changes role from  FOLLOWER to CANDIDATE at term 141 for changeToCandidate
2019-10-16 21:55:14,036 [Thread-1156] INFO  impl.RoleInfo (RoleInfo.java:updateAndGet(143)) - 277b5c5e-8c6f-4c9a-a53f-1bbc96404e12: start LeaderElection
2019-10-16 21:55:14,050 [277b5c5e-8c6f-4c9a-a53f-1bbc96404e12@group-569FAC3F8BCE-LeaderElection149] INFO  impl.LeaderElection (LeaderElection.java:askForVotes(178)) - 277b5c5e-8c6f-4c9a-a53f-1bbc96404e12@group-569FAC3F8BCE-LeaderElection149: begin an election at term 142 for -1: [a32408a4-f19d-4bad-97c5-ba33ae94fc9a:192.168.157.254:38721, 6b24a2ab-97ee-4d49-85cc-2d76c2f4b8ef:192.168.157.254:41080, 277b5c5e-8c6f-4c9a-a53f-1bbc96404e12:192.168.157.254:41416], old=null
2019-10-16 21:55:14,053 [grpc-default-executor-0] INFO  impl.RaftServerImpl (RaftServerImpl.java:setRole(184)) - a32408a4-f19d-4bad-97c5-ba33ae94fc9a@group-569FAC3F8BCE: changes role from  FOLLOWER to FOLLOWER at term 142 for recognizeCandidate:277b5c5e-8c6f-4c9a-a53f-1bbc96404e12
2019-10-16 21:55:14,053 [grpc-default-executor-0] INFO  impl.RoleInfo (RoleInfo.java:shutdownFollowerState(121)) - a32408a4-f19d-4bad-97c5-ba33ae94fc9a: shutdown FollowerState
2019-10-16 21:55:14,053 [grpc-default-executor-1] INFO  impl.RaftServerImpl (RaftServerImpl.java:setRole(184)) - 6b24a2ab-97ee-4d49-85cc-2d76c2f4b8ef@group-569FAC3F8BCE: changes role from  FOLLOWER to FOLLOWER at term 142 for recognizeCandidate:277b5c5e-8c6f-4c9a-a53f-1bbc96404e12
2019-10-16 21:55:14,053 [Thread-1154] INFO  impl.FollowerState (FollowerState.java:run(117)) - a32408a4-f19d-4bad-97c5-ba33ae94fc9a@group-569FAC3F8BCE-FollowerState was interrupted: java.lang.InterruptedException: sleep interrupted
2019-10-16 21:55:14,053 [grpc-default-executor-0] INFO  impl.RoleInfo (RoleInfo.java:updateAndGet(143)) - a32408a4-f19d-4bad-97c5-ba33ae94fc9a: start FollowerState
2019-10-16 21:55:14,053 [grpc-default-executor-1] INFO  impl.RoleInfo (RoleInfo.java:shutdownFollowerState(121)) - 6b24a2ab-97ee-4d49-85cc-2d76c2f4b8ef: shutdown FollowerState
2019-10-16 21:55:14,054 [grpc-default-executor-1] INFO  impl.RoleInfo (RoleInfo.java:updateAndGet(143)) - 6b24a2ab-97ee-4d49-85cc-2d76c2f4b8ef: start FollowerState
2019-10-16 21:55:14,054 [Thread-1155] INFO  impl.FollowerState (FollowerState.java:run(117)) - 6b24a2ab-97ee-4d49-85cc-2d76c2f4b8ef@group-569FAC3F8BCE-FollowerState was interrupted: java.lang.InterruptedException: sleep interrupted
2019-10-16 21:55:14,069 [277b5c5e-8c6f-4c9a-a53f-1bbc96404e12@group-569FAC3F8BCE-LeaderElection149] INFO  impl.LeaderElection (LeaderElection.java:logAndReturn(56)) - 277b5c5e-8c6f-4c9a-a53f-1bbc96404e12@group-569FAC3F8BCE-LeaderElection149: Election REJECTED; received 2 response(s) [277b5c5e-8c6f-4c9a-a53f-1bbc96404e12<-a32408a4-f19d-4bad-97c5-ba33ae94fc9a#0:FAIL-t142, 277b5c5e-8c6f-4c9a-a53f-1bbc96404e12<-6b24a2ab-97ee-4d49-85cc-2d76c2f4b8ef#0:FAIL-t142] and 0 exception(s); 277b5c5e-8c6f-4c9a-a53f-1bbc96404e12@group-569FAC3F8BCE:t142, leader=null, voted=277b5c5e-8c6f-4c9a-a53f-1bbc96404e12, raftlog=277b5c5e-8c6f-4c9a-a53f-1bbc96404e12@group-569FAC3F8BCE-SegmentedRaftLog:OPENED:c-1,f-1,i0, conf=-1: [a32408a4-f19d-4bad-97c5-ba33ae94fc9a:192.168.157.254:38721, 6b24a2ab-97ee-4d49-85cc-2d76c2f4b8ef:192.168.157.254:41080, 277b5c5e-8c6f-4c9a-a53f-1bbc96404e12:192.168.157.254:41416], old=null
2019-10-16 21:55:14,069 [277b5c5e-8c6f-4c9a-a53f-1bbc96404e12@group-569FAC3F8BCE-LeaderElection149] INFO  impl.RaftServerImpl (RaftServerImpl.java:setRole(184)) - 277b5c5e-8c6f-4c9a-a53f-1bbc96404e12@group-569FAC3F8BCE: changes role from CANDIDATE to FOLLOWER at term 142 for DISCOVERED_A_NEW_TERM
2019-10-16 21:55:14,069 [277b5c5e-8c6f-4c9a-a53f-1bbc96404e12@group-569FAC3F8BCE-LeaderElection149] INFO  impl.RoleInfo (RoleInfo.java:shutdownLeaderElection(134)) - 277b5c5e-8c6f-4c9a-a53f-1bbc96404e12: shutdown LeaderElection
2019-10-16 21:55:14,069 [277b5c5e-8c6f-4c9a-a53f-1bbc96404e12@group-569FAC3F8BCE-LeaderElection149] INFO  impl.RoleInfo (RoleInfo.java:updateAndGet(143)) - 277b5c5e-8c6f-4c9a-a53f-1bbc96404e12: start FollowerState
2019-10-16 21:55:14,090 [Thread-1162] INFO  impl.FollowerState (FollowerState.java:run(108)) - 277b5c5e-8c6f-4c9a-a53f-1bbc96404e12@group-569FAC3F8BCE-FollowerState: change to CANDIDATE, lastRpcTime:21ms, electionTimeout:21ms
2019-10-16 21:55:14,091 [Thread-1162] INFO  impl.RoleInfo (RoleInfo.java:shutdownFollowerState(121)) - 277b5c5e-8c6f-4c9a-a53f-1bbc96404e12: shutdown FollowerState
2019-10-16 21:55:14,091 [Thread-1162] INFO  impl.RaftServerImpl (RaftServerImpl.java:setRole(184)) - 277b5c5e-8c6f-4c9a-a53f-1bbc96404e12@group-569FAC3F8BCE: changes role from  FOLLOWER to CANDIDATE at term 142 for changeToCandidate
2019-10-16 21:55:14,091 [Thread-1162] INFO  impl.RoleInfo (RoleInfo.java:updateAndGet(143)) - 277b5c5e-8c6f-4c9a-a53f-1bbc96404e12: start LeaderElection
2019-10-16 21:55:14,105 [277b5c5e-8c6f-4c9a-a53f-1bbc96404e12@group-569FAC3F8BCE-LeaderElection150] INFO  impl.LeaderElection (LeaderElection.java:askForVotes(178)) - 277b5c5e-8c6f-4c9a-a53f-1bbc96404e12@group-569FAC3F8BCE-LeaderElection150: begin an election at term 143 for -1: [a32408a4-f19d-4bad-97c5-ba33ae94fc9a:192.168.157.254:38721, 6b24a2ab-97ee-4d49-85cc-2d76c2f4b8ef:192.168.157.254:41080, 277b5c5e-8c6f-4c9a-a53f-1bbc96404e12:192.168.157.254:41416], old=null
2019-10-16 21:55:14,107 [grpc-default-executor-0] INFO  impl.RaftServerImpl (RaftServerImpl.java:setRole(184)) - 6b24a2ab-97ee-4d49-85cc-2d76c2f4b8ef@group-569FAC3F8BCE: changes role from  FOLLOWER to FOLLOWER at term 143 for recognizeCandidate:277b5c5e-8c6f-4c9a-a53f-1bbc96404e12
2019-10-16 21:55:14,107 [grpc-default-executor-0] INFO  impl.RoleInfo (RoleInfo.java:shutdownFollowerState(121)) - 6b24a2ab-97ee-4d49-85cc-2d76c2f4b8ef: shutdown FollowerState
2019-10-16 21:55:14,107 [grpc-default-executor-1] INFO  impl.RaftServerImpl (RaftServerImpl.java:setRole(184)) - a32408a4-f19d-4bad-97c5-ba33ae94fc9a@group-569FAC3F8BCE: changes role from  FOLLOWER to FOLLOWER at term 143 for recognizeCandidate:277b5c5e-8c6f-4c9a-a53f-1bbc96404e12
2019-10-16 21:55:14,108 [grpc-default-executor-1] INFO  impl.RoleInfo (RoleInfo.java:shutdownFollowerState(121)) - a32408a4-f19d-4bad-97c5-ba33ae94fc9a: shutdown FollowerState
2019-10-16 21:55:14,108 [Thread-1161] INFO  impl.FollowerState (FollowerState.java:run(117)) - 6b24a2ab-97ee-4d49-85cc-2d76c2f4b8ef@group-569FAC3F8BCE-FollowerState was interrupted: java.lang.InterruptedException: sleep interrupted
2019-10-16 21:55:14,108 [grpc-default-executor-0] INFO  impl.RoleInfo (RoleInfo.java:updateAndGet(143)) - 6b24a2ab-97ee-4d49-85cc-2d76c2f4b8ef: start FollowerState
2019-10-16 21:55:14,108 [Thread-1160] INFO  impl.FollowerState (FollowerState.java:run(117)) - a32408a4-f19d-4bad-97c5-ba33ae94fc9a@group-569FAC3F8BCE-FollowerState was interrupted: java.lang.InterruptedException: sleep interrupted
2019-10-16 21:55:14,108 [grpc-default-executor-1] INFO  impl.RoleInfo (RoleInfo.java:updateAndGet(143)) - a32408a4-f19d-4bad-97c5-ba33ae94fc9a: start FollowerState
2019-10-16 21:55:14,123 [277b5c5e-8c6f-4c9a-a53f-1bbc96404e12@group-569FAC3F8BCE-LeaderElection150] INFO  impl.LeaderElection (LeaderElection.java:logAndReturn(56)) - 277b5c5e-8c6f-4c9a-a53f-1bbc96404e12@group-569FAC3F8BCE-LeaderElection150: Election REJECTED; received 2 response(s) [277b5c5e-8c6f-4c9a-a53f-1bbc96404e12<-a32408a4-f19d-4bad-97c5-ba33ae94fc9a#0:FAIL-t143, 277b5c5e-8c6f-4c9a-a53f-1bbc96404e12<-6b24a2ab-97ee-4d49-85cc-2d76c2f4b8ef#0:FAIL-t143] and 0 exception(s); 277b5c5e-8c6f-4c9a-a53f-1bbc96404e12@group-569FAC3F8BCE:t143, leader=null, voted=277b5c5e-8c6f-4c9a-a53f-1bbc96404e12, raftlog=277b5c5e-8c6f-4c9a-a53f-1bbc96404e12@group-569FAC3F8BCE-SegmentedRaftLog:OPENED:c-1,f-1,i0, conf=-1: [a32408a4-f19d-4bad-97c5-ba33ae94fc9a:192.168.157.254:38721, 6b24a2ab-97ee-4d49-85cc-2d76c2f4b8ef:192.168.157.254:41080, 277b5c5e-8c6f-4c9a-a53f-1bbc96404e12:192.168.157.254:41416], old=null
2019-10-16 21:55:14,123 [277b5c5e-8c6f-4c9a-a53f-1bbc96404e12@group-569FAC3F8BCE-LeaderElection150] INFO  impl.RaftServerImpl (RaftServerImpl.java:setRole(184)) - 277b5c5e-8c6f-4c9a-a53f-1bbc96404e12@group-569FAC3F8BCE: changes role from CANDIDATE to FOLLOWER at term 143 for DISCOVERED_A_NEW_TERM
2019-10-16 21:55:14,123 [277b5c5e-8c6f-4c9a-a53f-1bbc96404e12@group-569FAC3F8BCE-LeaderElection150] INFO  impl.RoleInfo (RoleInfo.java:shutdownLeaderElection(134)) - 277b5c5e-8c6f-4c9a-a53f-1bbc96404e12: shutdown LeaderElection
2019-10-16 21:55:14,123 [277b5c5e-8c6f-4c9a-a53f-1bbc96404e12@group-569FAC3F8BCE-LeaderElection150] INFO  impl.RoleInfo (RoleInfo.java:updateAndGet(143)) - 277b5c5e-8c6f-4c9a-a53f-1bbc96404e12: start FollowerState
2019-10-16 21:55:14,254 [Thread-1168] INFO  impl.FollowerState (FollowerState.java:run(108)) - 277b5c5e-8c6f-4c9a-a53f-1bbc96404e12@group-569FAC3F8BCE-FollowerState: change to CANDIDATE, lastRpcTime:130ms, electionTimeout:130ms
2019-10-16 21:55:14,254 [Thread-1168] INFO  impl.RoleInfo (RoleInfo.java:shutdownFollowerState(121)) - 277b5c5e-8c6f-4c9a-a53f-1bbc96404e12: shutdown FollowerState
2019-10-16 21:55:14,254 [Thread-1168] INFO  impl.RaftServerImpl (RaftServerImpl.java:setRole(184)) - 277b5c5e-8c6f-4c9a-a53f-1bbc96404e12@group-569FAC3F8BCE: changes role from  FOLLOWER to CANDIDATE at term 143 for changeToCandidate
2019-10-16 21:55:14,254 [Thread-1168] INFO  impl.RoleInfo (RoleInfo.java:updateAndGet(143)) - 277b5c5e-8c6f-4c9a-a53f-1bbc96404e12: start LeaderElection
2019-10-16 21:55:14,280 [277b5c5e-8c6f-4c9a-a53f-1bbc96404e12@group-569FAC3F8BCE-LeaderElection151] INFO  impl.LeaderElection (LeaderElection.java:askForVotes(178)) - 277b5c5e-8c6f-4c9a-a53f-1bbc96404e12@group-569FAC3F8BCE-LeaderElection151: begin an election at term 144 for -1: [a32408a4-f19d-4bad-97c5-ba33ae94fc9a:192.168.157.254:38721, 6b24a2ab-97ee-4d49-85cc-2d76c2f4b8ef:192.168.157.254:41080, 277b5c5e-8c6f-4c9a-a53f-1bbc96404e12:192.168.157.254:41416], old=null
2019-10-16 21:55:14,283 [grpc-default-executor-0] INFO  impl.RaftServerImpl (RaftServerImpl.java:setRole(184)) - 6b24a2ab-97ee-4d49-85cc-2d76c2f4b8ef@group-569FAC3F8BCE: changes role from  FOLLOWER to FOLLOWER at term 144 for recognizeCandidate:277b5c5e-8c6f-4c9a-a53f-1bbc96404e12
2019-10-16 21:55:14,283 [grpc-default-executor-0] INFO  impl.RoleInfo (RoleInfo.java:shutdownFollowerState(121)) - 6b24a2ab-97ee-4d49-85cc-2d76c2f4b8ef: shutdown FollowerState
2019-10-16 21:55:14,283 [grpc-default-executor-1] INFO  impl.RaftServerImpl (RaftServerImpl.java:setRole(184)) - a32408a4-f19d-4bad-97c5-ba33ae94fc9a@group-569FAC3F8BCE: changes role from  FOLLOWER to FOLLOWER at term 144 for recognizeCandidate:277b5c5e-8c6f-4c9a-a53f-1bbc96404e12
2019-10-16 21:55:14,283 [Thread-1166] INFO  impl.FollowerState (FollowerState.java:run(117)) - 6b24a2ab-97ee-4d49-85cc-2d76c2f4b8ef@group-569FAC3F8BCE-FollowerState was interrupted: java.lang.InterruptedException: sleep interrupted
2019-10-16 21:55:14,283 [grpc-default-executor-0] INFO  impl.RoleInfo (RoleInfo.java:updateAndGet(143)) - 6b24a2ab-97ee-4d49-85cc-2d76c2f4b8ef: start FollowerState
2019-10-16 21:55:14,283 [grpc-default-executor-1] INFO  impl.RoleInfo (RoleInfo.java:shutdownFollowerState(121)) - a32408a4-f19d-4bad-97c5-ba33ae94fc9a: shutdown FollowerState
2019-10-16 21:55:14,284 [grpc-default-executor-1] INFO  impl.RoleInfo (RoleInfo.java:updateAndGet(143)) - a32408a4-f19d-4bad-97c5-ba33ae94fc9a: start FollowerState
2019-10-16 21:55:14,284 [Thread-1167] INFO  impl.FollowerState (FollowerState.java:run(117)) - a32408a4-f19d-4bad-97c5-ba33ae94fc9a@group-569FAC3F8BCE-FollowerState was interrupted: java.lang.InterruptedException: sleep interrupted
2019-10-16 21:55:14,309 [277b5c5e-8c6f-4c9a-a53f-1bbc96404e12@group-569FAC3F8BCE-LeaderElection151] INFO  impl.LeaderElection (LeaderElection.java:logAndReturn(56)) - 277b5c5e-8c6f-4c9a-a53f-1bbc96404e12@group-569FAC3F8BCE-LeaderElection151: Election REJECTED; received 2 response(s) [277b5c5e-8c6f-4c9a-a53f-1bbc96404e12<-6b24a2ab-97ee-4d49-85cc-2d76c2f4b8ef#0:FAIL-t144, 277b5c5e-8c6f-4c9a-a53f-1bbc96404e12<-a32408a4-f19d-4bad-97c5-ba33ae94fc9a#0:FAIL-t144] and 0 exception(s); 277b5c5e-8c6f-4c9a-a53f-1bbc96404e12@group-569FAC3F8BCE:t144, leader=null, voted=277b5c5e-8c6f-4c9a-a53f-1bbc96404e12, raftlog=277b5c5e-8c6f-4c9a-a53f-1bbc96404e12@group-569FAC3F8BCE-SegmentedRaftLog:OPENED:c-1,f-1,i0, conf=-1: [a32408a4-f19d-4bad-97c5-ba33ae94fc9a:192.168.157.254:38721, 6b24a2ab-97ee-4d49-85cc-2d76c2f4b8ef:192.168.157.254:41080, 277b5c5e-8c6f-4c9a-a53f-1bbc96404e12:192.168.157.254:41416], old=null
2019-10-16 21:55:14,309 [277b5c5e-8c6f-4c9a-a53f-1bbc96404e12@group-569FAC3F8BCE-LeaderElection151] INFO  impl.RaftServerImpl (RaftServerImpl.java:setRole(184)) - 277b5c5e-8c6f-4c9a-a53f-1bbc96404e12@group-569FAC3F8BCE: changes role from CANDIDATE to FOLLOWER at term 144 for DISCOVERED_A_NEW_TERM
2019-10-16 21:55:14,309 [277b5c5e-8c6f-4c9a-a53f-1bbc96404e12@group-569FAC3F8BCE-LeaderElection151] INFO  impl.RoleInfo (RoleInfo.java:shutdownLeaderElection(134)) - 277b5c5e-8c6f-4c9a-a53f-1bbc96404e12: shutdown LeaderElection
2019-10-16 21:55:14,309 [277b5c5e-8c6f-4c9a-a53f-1bbc96404e12@group-569FAC3F8BCE-LeaderElection151] INFO  impl.RoleInfo (RoleInfo.java:updateAndGet(143)) - 277b5c5e-8c6f-4c9a-a53f-1bbc96404e12: start FollowerState
2019-10-16 21:55:14,491 [Thread-1174] INFO  impl.FollowerState (FollowerState.java:run(108)) - 277b5c5e-8c6f-4c9a-a53f-1bbc96404e12@group-569FAC3F8BCE-FollowerState: change to CANDIDATE, lastRpcTime:181ms, electionTimeout:181ms
2019-10-16 21:55:14,491 [Thread-1174] INFO  impl.RoleInfo (RoleInfo.java:shutdownFollowerState(121)) - 277b5c5e-8c6f-4c9a-a53f-1bbc96404e12: shutdown FollowerState
2019-10-16 21:55:14,491 [Thread-1174] INFO  impl.RaftServerImpl (RaftServerImpl.java:setRole(184)) - 277b5c5e-8c6f-4c9a-a53f-1bbc96404e12@group-569FAC3F8BCE: changes role from  FOLLOWER to CANDIDATE at term 144 for changeToCandidate
2019-10-16 21:55:14,491 [Thread-1174] INFO  impl.RoleInfo (RoleInfo.java:updateAndGet(143)) - 277b5c5e-8c6f-4c9a-a53f-1bbc96404e12: start LeaderElection
2019-10-16 21:55:14,496 [277b5c5e-8c6f-4c9a-a53f-1bbc96404e12@group-569FAC3F8BCE-LeaderElection152] INFO  impl.LeaderElection (LeaderElection.java:askForVotes(178)) - 277b5c5e-8c6f-4c9a-a53f-1bbc96404e12@group-569FAC3F8BCE-LeaderElection152: begin an election at term 145 for -1: [a32408a4-f19d-4bad-97c5-ba33ae94fc9a:192.168.157.254:38721, 6b24a2ab-97ee-4d49-85cc-2d76c2f4b8ef:192.168.157.254:41080, 277b5c5e-8c6f-4c9a-a53f-1bbc96404e12:192.168.157.254:41416], old=null
2019-10-16 21:55:14,498 [grpc-default-executor-0] INFO  impl.RaftServerImpl (RaftServerImpl.java:setRole(184)) - a32408a4-f19d-4bad-97c5-ba33ae94fc9a@group-569FAC3F8BCE: changes role from  FOLLOWER to FOLLOWER at term 145 for recognizeCandidate:277b5c5e-8c6f-4c9a-a53f-1bbc96404e12
2019-10-16 21:55:14,498 [grpc-default-executor-0] INFO  impl.RoleInfo (RoleInfo.java:shutdownFollowerState(121)) - a32408a4-f19d-4bad-97c5-ba33ae94fc9a: shutdown FollowerState
2019-10-16 21:55:14,498 [grpc-default-executor-1] INFO  impl.RaftServerImpl (RaftServerImpl.java:setRole(184)) - 6b24a2ab-97ee-4d49-85cc-2d76c2f4b8ef@group-569FAC3F8BCE: changes role from  FOLLOWER to FOLLOWER at term 145 for recognizeCandidate:277b5c5e-8c6f-4c9a-a53f-1bbc96404e12
2019-10-16 21:55:14,499 [Thread-1173] INFO  impl.FollowerState (FollowerState.java:run(117)) - a32408a4-f19d-4bad-97c5-ba33ae94fc9a@group-569FAC3F8BCE-FollowerState was interrupted: java.lang.InterruptedException: sleep interrupted
2019-10-16 21:55:14,499 [grpc-default-executor-0] INFO  impl.RoleInfo (RoleInfo.java:updateAndGet(143)) - a32408a4-f19d-4bad-97c5-ba33ae94fc9a: start FollowerState
2019-10-16 21:55:14,499 [grpc-default-executor-1] INFO  impl.RoleInfo (RoleInfo.java:shutdownFollowerState(121)) - 6b24a2ab-97ee-4d49-85cc-2d76c2f4b8ef: shutdown FollowerState
2019-10-16 21:55:14,499 [grpc-default-executor-1] INFO  impl.RoleInfo (RoleInfo.java:updateAndGet(143)) - 6b24a2ab-97ee-4d49-85cc-2d76c2f4b8ef: start FollowerState
2019-10-16 21:55:14,499 [Thread-1172] INFO  impl.FollowerState (FollowerState.java:run(117)) - 6b24a2ab-97ee-4d49-85cc-2d76c2f4b8ef@group-569FAC3F8BCE-FollowerState was interrupted: java.lang.InterruptedException: sleep interrupted
2019-10-16 21:55:14,513 [277b5c5e-8c6f-4c9a-a53f-1bbc96404e12@group-569FAC3F8BCE-LeaderElection152] INFO  impl.LeaderElection (LeaderElection.java:logAndReturn(56)) - 277b5c5e-8c6f-4c9a-a53f-1bbc96404e12@group-569FAC3F8BCE-LeaderElection152: Election REJECTED; received 2 response(s) [277b5c5e-8c6f-4c9a-a53f-1bbc96404e12<-6b24a2ab-97ee-4d49-85cc-2d76c2f4b8ef#0:FAIL-t145, 277b5c5e-8c6f-4c9a-a53f-1bbc96404e12<-a32408a4-f19d-4bad-97c5-ba33ae94fc9a#0:FAIL-t145] and 0 exception(s); 277b5c5e-8c6f-4c9a-a53f-1bbc96404e12@group-569FAC3F8BCE:t145, leader=null, voted=277b5c5e-8c6f-4c9a-a53f-1bbc96404e12, raftlog=277b5c5e-8c6f-4c9a-a53f-1bbc96404e12@group-569FAC3F8BCE-SegmentedRaftLog:OPENED:c-1,f-1,i0, conf=-1: [a32408a4-f19d-4bad-97c5-ba33ae94fc9a:192.168.157.254:38721, 6b24a2ab-97ee-4d49-85cc-2d76c2f4b8ef:192.168.157.254:41080, 277b5c5e-8c6f-4c9a-a53f-1bbc96404e12:192.168.157.254:41416], old=null
2019-10-16 21:55:14,513 [277b5c5e-8c6f-4c9a-a53f-1bbc96404e12@group-569FAC3F8BCE-LeaderElection152] INFO  impl.RaftServerImpl (RaftServerImpl.java:setRole(184)) - 277b5c5e-8c6f-4c9a-a53f-1bbc96404e12@group-569FAC3F8BCE: changes role from CANDIDATE to FOLLOWER at term 145 for DISCOVERED_A_NEW_TERM
2019-10-16 21:55:14,513 [277b5c5e-8c6f-4c9a-a53f-1bbc96404e12@group-569FAC3F8BCE-LeaderElection152] INFO  impl.RoleInfo (RoleInfo.java:shutdownLeaderElection(134)) - 277b5c5e-8c6f-4c9a-a53f-1bbc96404e12: shutdown LeaderElection
2019-10-16 21:55:14,513 [277b5c5e-8c6f-4c9a-a53f-1bbc96404e12@group-569FAC3F8BCE-LeaderElection152] INFO  impl.RoleInfo (RoleInfo.java:updateAndGet(143)) - 277b5c5e-8c6f-4c9a-a53f-1bbc96404e12: start FollowerState
2019-10-16 21:55:14,568 [Thread-0] INFO  ozone.MiniOzoneClusterImpl (MiniOzoneClusterImpl.java:lambda$waitForClusterToBeReady$2(164)) - Waiting for 1 number of pipelines out of 4, to report a leader.
2019-10-16 21:55:14,635 [Thread-1180] INFO  impl.FollowerState (FollowerState.java:run(108)) - 277b5c5e-8c6f-4c9a-a53f-1bbc96404e12@group-569FAC3F8BCE-FollowerState: change to CANDIDATE, lastRpcTime:121ms, electionTimeout:121ms
2019-10-16 21:55:14,635 [Thread-1180] INFO  impl.RoleInfo (RoleInfo.java:shutdownFollowerState(121)) - 277b5c5e-8c6f-4c9a-a53f-1bbc96404e12: shutdown FollowerState
2019-10-16 21:55:14,635 [Thread-1180] INFO  impl.RaftServerImpl (RaftServerImpl.java:setRole(184)) - 277b5c5e-8c6f-4c9a-a53f-1bbc96404e12@group-569FAC3F8BCE: changes role from  FOLLOWER to CANDIDATE at term 145 for changeToCandidate
2019-10-16 21:55:14,635 [Thread-1180] INFO  impl.RoleInfo (RoleInfo.java:updateAndGet(143)) - 277b5c5e-8c6f-4c9a-a53f-1bbc96404e12: start LeaderElection
2019-10-16 21:55:14,650 [277b5c5e-8c6f-4c9a-a53f-1bbc96404e12@group-569FAC3F8BCE-LeaderElection153] INFO  impl.LeaderElection (LeaderElection.java:askForVotes(178)) - 277b5c5e-8c6f-4c9a-a53f-1bbc96404e12@group-569FAC3F8BCE-LeaderElection153: begin an election at term 146 for -1: [a32408a4-f19d-4bad-97c5-ba33ae94fc9a:192.168.157.254:38721, 6b24a2ab-97ee-4d49-85cc-2d76c2f4b8ef:192.168.157.254:41080, 277b5c5e-8c6f-4c9a-a53f-1bbc96404e12:192.168.157.254:41416], old=null
2019-10-16 21:55:14,652 [grpc-default-executor-1] INFO  impl.RaftServerImpl (RaftServerImpl.java:setRole(184)) - 6b24a2ab-97ee-4d49-85cc-2d76c2f4b8ef@group-569FAC3F8BCE: changes role from  FOLLOWER to FOLLOWER at term 146 for recognizeCandidate:277b5c5e-8c6f-4c9a-a53f-1bbc96404e12
2019-10-16 21:55:14,652 [grpc-default-executor-1] INFO  impl.RoleInfo (RoleInfo.java:shutdownFollowerState(121)) - 6b24a2ab-97ee-4d49-85cc-2d76c2f4b8ef: shutdown FollowerState
2019-10-16 21:55:14,652 [grpc-default-executor-0] INFO  impl.RaftServerImpl (RaftServerImpl.java:setRole(184)) - a32408a4-f19d-4bad-97c5-ba33ae94fc9a@group-569FAC3F8BCE: changes role from  FOLLOWER to FOLLOWER at term 146 for recognizeCandidate:277b5c5e-8c6f-4c9a-a53f-1bbc96404e12
2019-10-16 21:55:14,653 [grpc-default-executor-0] INFO  impl.RoleInfo (RoleInfo.java:shutdownFollowerState(121)) - a32408a4-f19d-4bad-97c5-ba33ae94fc9a: shutdown FollowerState
2019-10-16 21:55:14,653 [Thread-1179] INFO  impl.FollowerState (FollowerState.java:run(117)) - 6b24a2ab-97ee-4d49-85cc-2d76c2f4b8ef@group-569FAC3F8BCE-FollowerState was interrupted: java.lang.InterruptedException: sleep interrupted
2019-10-16 21:55:14,653 [grpc-default-executor-1] INFO  impl.RoleInfo (RoleInfo.java:updateAndGet(143)) - 6b24a2ab-97ee-4d49-85cc-2d76c2f4b8ef: start FollowerState
2019-10-16 21:55:14,653 [grpc-default-executor-0] INFO  impl.RoleInfo (RoleInfo.java:updateAndGet(143)) - a32408a4-f19d-4bad-97c5-ba33ae94fc9a: start FollowerState
2019-10-16 21:55:14,653 [Thread-1178] INFO  impl.FollowerState (FollowerState.java:run(117)) - a32408a4-f19d-4bad-97c5-ba33ae94fc9a@group-569FAC3F8BCE-FollowerState was interrupted: java.lang.InterruptedException: sleep interrupted
2019-10-16 21:55:14,667 [277b5c5e-8c6f-4c9a-a53f-1bbc96404e12@group-569FAC3F8BCE-LeaderElection153] INFO  impl.LeaderElection (LeaderElection.java:logAndReturn(56)) - 277b5c5e-8c6f-4c9a-a53f-1bbc96404e12@group-569FAC3F8BCE-LeaderElection153: Election REJECTED; received 2 response(s) [277b5c5e-8c6f-4c9a-a53f-1bbc96404e12<-6b24a2ab-97ee-4d49-85cc-2d76c2f4b8ef#0:FAIL-t146, 277b5c5e-8c6f-4c9a-a53f-1bbc96404e12<-a32408a4-f19d-4bad-97c5-ba33ae94fc9a#0:FAIL-t146] and 0 exception(s); 277b5c5e-8c6f-4c9a-a53f-1bbc96404e12@group-569FAC3F8BCE:t146, leader=null, voted=277b5c5e-8c6f-4c9a-a53f-1bbc96404e12, raftlog=277b5c5e-8c6f-4c9a-a53f-1bbc96404e12@group-569FAC3F8BCE-SegmentedRaftLog:OPENED:c-1,f-1,i0, conf=-1: [a32408a4-f19d-4bad-97c5-ba33ae94fc9a:192.168.157.254:38721, 6b24a2ab-97ee-4d49-85cc-2d76c2f4b8ef:192.168.157.254:41080, 277b5c5e-8c6f-4c9a-a53f-1bbc96404e12:192.168.157.254:41416], old=null
2019-10-16 21:55:14,667 [277b5c5e-8c6f-4c9a-a53f-1bbc96404e12@group-569FAC3F8BCE-LeaderElection153] INFO  impl.RaftServerImpl (RaftServerImpl.java:setRole(184)) - 277b5c5e-8c6f-4c9a-a53f-1bbc96404e12@group-569FAC3F8BCE: changes role from CANDIDATE to FOLLOWER at term 146 for DISCOVERED_A_NEW_TERM
2019-10-16 21:55:14,668 [277b5c5e-8c6f-4c9a-a53f-1bbc96404e12@group-569FAC3F8BCE-LeaderElection153] INFO  impl.RoleInfo (RoleInfo.java:shutdownLeaderElection(134)) - 277b5c5e-8c6f-4c9a-a53f-1bbc96404e12: shutdown LeaderElection
2019-10-16 21:55:14,668 [277b5c5e-8c6f-4c9a-a53f-1bbc96404e12@group-569FAC3F8BCE-LeaderElection153] INFO  impl.RoleInfo (RoleInfo.java:updateAndGet(143)) - 277b5c5e-8c6f-4c9a-a53f-1bbc96404e12: start FollowerState
2019-10-16 21:55:14,759 [Thread-1186] INFO  impl.FollowerState (FollowerState.java:run(108)) - 277b5c5e-8c6f-4c9a-a53f-1bbc96404e12@group-569FAC3F8BCE-FollowerState: change to CANDIDATE, lastRpcTime:91ms, electionTimeout:91ms
2019-10-16 21:55:14,759 [Thread-1186] INFO  impl.RoleInfo (RoleInfo.java:shutdownFollowerState(121)) - 277b5c5e-8c6f-4c9a-a53f-1bbc96404e12: shutdown FollowerState
2019-10-16 21:55:14,759 [Thread-1186] INFO  impl.RaftServerImpl (RaftServerImpl.java:setRole(184)) - 277b5c5e-8c6f-4c9a-a53f-1bbc96404e12@group-569FAC3F8BCE: changes role from  FOLLOWER to CANDIDATE at term 146 for changeToCandidate
2019-10-16 21:55:14,759 [Thread-1186] INFO  impl.RoleInfo (RoleInfo.java:updateAndGet(143)) - 277b5c5e-8c6f-4c9a-a53f-1bbc96404e12: start LeaderElection
2019-10-16 21:55:14,773 [277b5c5e-8c6f-4c9a-a53f-1bbc96404e12@group-569FAC3F8BCE-LeaderElection154] INFO  impl.LeaderElection (LeaderElection.java:askForVotes(178)) - 277b5c5e-8c6f-4c9a-a53f-1bbc96404e12@group-569FAC3F8BCE-LeaderElection154: begin an election at term 147 for -1: [a32408a4-f19d-4bad-97c5-ba33ae94fc9a:192.168.157.254:38721, 6b24a2ab-97ee-4d49-85cc-2d76c2f4b8ef:192.168.157.254:41080, 277b5c5e-8c6f-4c9a-a53f-1bbc96404e12:192.168.157.254:41416], old=null
2019-10-16 21:55:14,775 [grpc-default-executor-1] INFO  impl.RaftServerImpl (RaftServerImpl.java:setRole(184)) - 6b24a2ab-97ee-4d49-85cc-2d76c2f4b8ef@group-569FAC3F8BCE: changes role from  FOLLOWER to FOLLOWER at term 147 for recognizeCandidate:277b5c5e-8c6f-4c9a-a53f-1bbc96404e12
2019-10-16 21:55:14,775 [grpc-default-executor-1] INFO  impl.RoleInfo (RoleInfo.java:shutdownFollowerState(121)) - 6b24a2ab-97ee-4d49-85cc-2d76c2f4b8ef: shutdown FollowerState
2019-10-16 21:55:14,775 [grpc-default-executor-0] INFO  impl.RaftServerImpl (RaftServerImpl.java:setRole(184)) - a32408a4-f19d-4bad-97c5-ba33ae94fc9a@group-569FAC3F8BCE: changes role from  FOLLOWER to FOLLOWER at term 147 for recognizeCandidate:277b5c5e-8c6f-4c9a-a53f-1bbc96404e12
2019-10-16 21:55:14,775 [grpc-default-executor-0] INFO  impl.RoleInfo (RoleInfo.java:shutdownFollowerState(121)) - a32408a4-f19d-4bad-97c5-ba33ae94fc9a: shutdown FollowerState
2019-10-16 21:55:14,775 [Thread-1184] INFO  impl.FollowerState (FollowerState.java:run(117)) - 6b24a2ab-97ee-4d49-85cc-2d76c2f4b8ef@group-569FAC3F8BCE-FollowerState was interrupted: java.lang.InterruptedException: sleep interrupted
2019-10-16 21:55:14,775 [grpc-default-executor-1] INFO  impl.RoleInfo (RoleInfo.java:updateAndGet(143)) - 6b24a2ab-97ee-4d49-85cc-2d76c2f4b8ef: start FollowerState
2019-10-16 21:55:14,776 [Thread-1185] INFO  impl.FollowerState (FollowerState.java:run(117)) - a32408a4-f19d-4bad-97c5-ba33ae94fc9a@group-569FAC3F8BCE-FollowerState was interrupted: java.lang.InterruptedException: sleep interrupted
2019-10-16 21:55:14,776 [grpc-default-executor-0] INFO  impl.RoleInfo (RoleInfo.java:updateAndGet(143)) - a32408a4-f19d-4bad-97c5-ba33ae94fc9a: start FollowerState
2019-10-16 21:55:14,792 [277b5c5e-8c6f-4c9a-a53f-1bbc96404e12@group-569FAC3F8BCE-LeaderElection154] INFO  impl.LeaderElection (LeaderElection.java:logAndReturn(56)) - 277b5c5e-8c6f-4c9a-a53f-1bbc96404e12@group-569FAC3F8BCE-LeaderElection154: Election REJECTED; received 2 response(s) [277b5c5e-8c6f-4c9a-a53f-1bbc96404e12<-6b24a2ab-97ee-4d49-85cc-2d76c2f4b8ef#0:FAIL-t147, 277b5c5e-8c6f-4c9a-a53f-1bbc96404e12<-a32408a4-f19d-4bad-97c5-ba33ae94fc9a#0:FAIL-t147] and 0 exception(s); 277b5c5e-8c6f-4c9a-a53f-1bbc96404e12@group-569FAC3F8BCE:t147, leader=null, voted=277b5c5e-8c6f-4c9a-a53f-1bbc96404e12, raftlog=277b5c5e-8c6f-4c9a-a53f-1bbc96404e12@group-569FAC3F8BCE-SegmentedRaftLog:OPENED:c-1,f-1,i0, conf=-1: [a32408a4-f19d-4bad-97c5-ba33ae94fc9a:192.168.157.254:38721, 6b24a2ab-97ee-4d49-85cc-2d76c2f4b8ef:192.168.157.254:41080, 277b5c5e-8c6f-4c9a-a53f-1bbc96404e12:192.168.157.254:41416], old=null
2019-10-16 21:55:14,792 [277b5c5e-8c6f-4c9a-a53f-1bbc96404e12@group-569FAC3F8BCE-LeaderElection154] INFO  impl.RaftServerImpl (RaftServerImpl.java:setRole(184)) - 277b5c5e-8c6f-4c9a-a53f-1bbc96404e12@group-569FAC3F8BCE: changes role from CANDIDATE to FOLLOWER at term 147 for DISCOVERED_A_NEW_TERM
2019-10-16 21:55:14,792 [277b5c5e-8c6f-4c9a-a53f-1bbc96404e12@group-569FAC3F8BCE-LeaderElection154] INFO  impl.RoleInfo (RoleInfo.java:shutdownLeaderElection(134)) - 277b5c5e-8c6f-4c9a-a53f-1bbc96404e12: shutdown LeaderElection
2019-10-16 21:55:14,792 [277b5c5e-8c6f-4c9a-a53f-1bbc96404e12@group-569FAC3F8BCE-LeaderElection154] INFO  impl.RoleInfo (RoleInfo.java:updateAndGet(143)) - 277b5c5e-8c6f-4c9a-a53f-1bbc96404e12: start FollowerState
2019-10-16 21:55:14,876 [Thread-1192] INFO  impl.FollowerState (FollowerState.java:run(108)) - 277b5c5e-8c6f-4c9a-a53f-1bbc96404e12@group-569FAC3F8BCE-FollowerState: change to CANDIDATE, lastRpcTime:83ms, electionTimeout:83ms
2019-10-16 21:55:14,876 [Thread-1192] INFO  impl.RoleInfo (RoleInfo.java:shutdownFollowerState(121)) - 277b5c5e-8c6f-4c9a-a53f-1bbc96404e12: shutdown FollowerState
2019-10-16 21:55:14,876 [Thread-1192] INFO  impl.RaftServerImpl (RaftServerImpl.java:setRole(184)) - 277b5c5e-8c6f-4c9a-a53f-1bbc96404e12@group-569FAC3F8BCE: changes role from  FOLLOWER to CANDIDATE at term 147 for changeToCandidate
2019-10-16 21:55:14,876 [Thread-1192] INFO  impl.RoleInfo (RoleInfo.java:updateAndGet(143)) - 277b5c5e-8c6f-4c9a-a53f-1bbc96404e12: start LeaderElection
2019-10-16 21:55:14,891 [277b5c5e-8c6f-4c9a-a53f-1bbc96404e12@group-569FAC3F8BCE-LeaderElection155] INFO  impl.LeaderElection (LeaderElection.java:askForVotes(178)) - 277b5c5e-8c6f-4c9a-a53f-1bbc96404e12@group-569FAC3F8BCE-LeaderElection155: begin an election at term 148 for -1: [a32408a4-f19d-4bad-97c5-ba33ae94fc9a:192.168.157.254:38721, 6b24a2ab-97ee-4d49-85cc-2d76c2f4b8ef:192.168.157.254:41080, 277b5c5e-8c6f-4c9a-a53f-1bbc96404e12:192.168.157.254:41416], old=null
2019-10-16 21:55:14,893 [grpc-default-executor-0] INFO  impl.RaftServerImpl (RaftServerImpl.java:setRole(184)) - a32408a4-f19d-4bad-97c5-ba33ae94fc9a@group-569FAC3F8BCE: changes role from  FOLLOWER to FOLLOWER at term 148 for recognizeCandidate:277b5c5e-8c6f-4c9a-a53f-1bbc96404e12
2019-10-16 21:55:14,893 [grpc-default-executor-0] INFO  impl.RoleInfo (RoleInfo.java:shutdownFollowerState(121)) - a32408a4-f19d-4bad-97c5-ba33ae94fc9a: shutdown FollowerState
2019-10-16 21:55:14,893 [grpc-default-executor-1] INFO  impl.RaftServerImpl (RaftServerImpl.java:setRole(184)) - 6b24a2ab-97ee-4d49-85cc-2d76c2f4b8ef@group-569FAC3F8BCE: changes role from  FOLLOWER to FOLLOWER at term 148 for recognizeCandidate:277b5c5e-8c6f-4c9a-a53f-1bbc96404e12
2019-10-16 21:55:14,894 [grpc-default-executor-1] INFO  impl.RoleInfo (RoleInfo.java:shutdownFollowerState(121)) - 6b24a2ab-97ee-4d49-85cc-2d76c2f4b8ef: shutdown FollowerState
2019-10-16 21:55:14,894 [Thread-1191] INFO  impl.FollowerState (FollowerState.java:run(117)) - a32408a4-f19d-4bad-97c5-ba33ae94fc9a@group-569FAC3F8BCE-FollowerState was interrupted: java.lang.InterruptedException: sleep interrupted
2019-10-16 21:55:14,894 [grpc-default-executor-0] INFO  impl.RoleInfo (RoleInfo.java:updateAndGet(143)) - a32408a4-f19d-4bad-97c5-ba33ae94fc9a: start FollowerState
2019-10-16 21:55:14,894 [Thread-1190] INFO  impl.FollowerState (FollowerState.java:run(117)) - 6b24a2ab-97ee-4d49-85cc-2d76c2f4b8ef@group-569FAC3F8BCE-FollowerState was interrupted: java.lang.InterruptedException: sleep interrupted
2019-10-16 21:55:14,894 [grpc-default-executor-1] INFO  impl.RoleInfo (RoleInfo.java:updateAndGet(143)) - 6b24a2ab-97ee-4d49-85cc-2d76c2f4b8ef: start FollowerState
2019-10-16 21:55:14,920 [277b5c5e-8c6f-4c9a-a53f-1bbc96404e12@group-569FAC3F8BCE-LeaderElection155] INFO  impl.LeaderElection (LeaderElection.java:logAndReturn(56)) - 277b5c5e-8c6f-4c9a-a53f-1bbc96404e12@group-569FAC3F8BCE-LeaderElection155: Election REJECTED; received 2 response(s) [277b5c5e-8c6f-4c9a-a53f-1bbc96404e12<-6b24a2ab-97ee-4d49-85cc-2d76c2f4b8ef#0:FAIL-t148, 277b5c5e-8c6f-4c9a-a53f-1bbc96404e12<-a32408a4-f19d-4bad-97c5-ba33ae94fc9a#0:FAIL-t148] and 0 exception(s); 277b5c5e-8c6f-4c9a-a53f-1bbc96404e12@group-569FAC3F8BCE:t148, leader=null, voted=277b5c5e-8c6f-4c9a-a53f-1bbc96404e12, raftlog=277b5c5e-8c6f-4c9a-a53f-1bbc96404e12@group-569FAC3F8BCE-SegmentedRaftLog:OPENED:c-1,f-1,i0, conf=-1: [a32408a4-f19d-4bad-97c5-ba33ae94fc9a:192.168.157.254:38721, 6b24a2ab-97ee-4d49-85cc-2d76c2f4b8ef:192.168.157.254:41080, 277b5c5e-8c6f-4c9a-a53f-1bbc96404e12:192.168.157.254:41416], old=null
2019-10-16 21:55:14,921 [277b5c5e-8c6f-4c9a-a53f-1bbc96404e12@group-569FAC3F8BCE-LeaderElection155] INFO  impl.RaftServerImpl (RaftServerImpl.java:setRole(184)) - 277b5c5e-8c6f-4c9a-a53f-1bbc96404e12@group-569FAC3F8BCE: changes role from CANDIDATE to FOLLOWER at term 148 for DISCOVERED_A_NEW_TERM
2019-10-16 21:55:14,921 [277b5c5e-8c6f-4c9a-a53f-1bbc96404e12@group-569FAC3F8BCE-LeaderElection155] INFO  impl.RoleInfo (RoleInfo.java:shutdownLeaderElection(134)) - 277b5c5e-8c6f-4c9a-a53f-1bbc96404e12: shutdown LeaderElection
2019-10-16 21:55:14,921 [277b5c5e-8c6f-4c9a-a53f-1bbc96404e12@group-569FAC3F8BCE-LeaderElection155] INFO  impl.RoleInfo (RoleInfo.java:updateAndGet(143)) - 277b5c5e-8c6f-4c9a-a53f-1bbc96404e12: start FollowerState
2019-10-16 21:55:15,098 [Thread-1198] INFO  impl.FollowerState (FollowerState.java:run(108)) - 277b5c5e-8c6f-4c9a-a53f-1bbc96404e12@group-569FAC3F8BCE-FollowerState: change to CANDIDATE, lastRpcTime:177ms, electionTimeout:177ms
2019-10-16 21:55:15,099 [Thread-1198] INFO  impl.RoleInfo (RoleInfo.java:shutdownFollowerState(121)) - 277b5c5e-8c6f-4c9a-a53f-1bbc96404e12: shutdown FollowerState
2019-10-16 21:55:15,099 [Thread-1198] INFO  impl.RaftServerImpl (RaftServerImpl.java:setRole(184)) - 277b5c5e-8c6f-4c9a-a53f-1bbc96404e12@group-569FAC3F8BCE: changes role from  FOLLOWER to CANDIDATE at term 148 for changeToCandidate
2019-10-16 21:55:15,099 [Thread-1198] INFO  impl.RoleInfo (RoleInfo.java:updateAndGet(143)) - 277b5c5e-8c6f-4c9a-a53f-1bbc96404e12: start LeaderElection
2019-10-16 21:55:15,113 [277b5c5e-8c6f-4c9a-a53f-1bbc96404e12@group-569FAC3F8BCE-LeaderElection156] INFO  impl.LeaderElection (LeaderElection.java:askForVotes(178)) - 277b5c5e-8c6f-4c9a-a53f-1bbc96404e12@group-569FAC3F8BCE-LeaderElection156: begin an election at term 149 for -1: [a32408a4-f19d-4bad-97c5-ba33ae94fc9a:192.168.157.254:38721, 6b24a2ab-97ee-4d49-85cc-2d76c2f4b8ef:192.168.157.254:41080, 277b5c5e-8c6f-4c9a-a53f-1bbc96404e12:192.168.157.254:41416], old=null
2019-10-16 21:55:15,116 [grpc-default-executor-1] INFO  impl.RaftServerImpl (RaftServerImpl.java:setRole(184)) - a32408a4-f19d-4bad-97c5-ba33ae94fc9a@group-569FAC3F8BCE: changes role from  FOLLOWER to FOLLOWER at term 149 for recognizeCandidate:277b5c5e-8c6f-4c9a-a53f-1bbc96404e12
2019-10-16 21:55:15,116 [grpc-default-executor-0] INFO  impl.RaftServerImpl (RaftServerImpl.java:setRole(184)) - 6b24a2ab-97ee-4d49-85cc-2d76c2f4b8ef@group-569FAC3F8BCE: changes role from  FOLLOWER to FOLLOWER at term 149 for recognizeCandidate:277b5c5e-8c6f-4c9a-a53f-1bbc96404e12
2019-10-16 21:55:15,116 [grpc-default-executor-1] INFO  impl.RoleInfo (RoleInfo.java:shutdownFollowerState(121)) - a32408a4-f19d-4bad-97c5-ba33ae94fc9a: shutdown FollowerState
2019-10-16 21:55:15,116 [grpc-default-executor-0] INFO  impl.RoleInfo (RoleInfo.java:shutdownFollowerState(121)) - 6b24a2ab-97ee-4d49-85cc-2d76c2f4b8ef: shutdown FollowerState
2019-10-16 21:55:15,116 [Thread-1196] INFO  impl.FollowerState (FollowerState.java:run(117)) - a32408a4-f19d-4bad-97c5-ba33ae94fc9a@group-569FAC3F8BCE-FollowerState was interrupted: java.lang.InterruptedException: sleep interrupted
2019-10-16 21:55:15,116 [grpc-default-executor-1] INFO  impl.RoleInfo (RoleInfo.java:updateAndGet(143)) - a32408a4-f19d-4bad-97c5-ba33ae94fc9a: start FollowerState
2019-10-16 21:55:15,116 [Thread-1197] INFO  impl.FollowerState (FollowerState.java:run(117)) - 6b24a2ab-97ee-4d49-85cc-2d76c2f4b8ef@group-569FAC3F8BCE-FollowerState was interrupted: java.lang.InterruptedException: sleep interrupted
2019-10-16 21:55:15,116 [grpc-default-executor-0] INFO  impl.RoleInfo (RoleInfo.java:updateAndGet(143)) - 6b24a2ab-97ee-4d49-85cc-2d76c2f4b8ef: start FollowerState
2019-10-16 21:55:15,144 [277b5c5e-8c6f-4c9a-a53f-1bbc96404e12@group-569FAC3F8BCE-LeaderElection156] INFO  impl.LeaderElection (LeaderElection.java:logAndReturn(56)) - 277b5c5e-8c6f-4c9a-a53f-1bbc96404e12@group-569FAC3F8BCE-LeaderElection156: Election REJECTED; received 2 response(s) [277b5c5e-8c6f-4c9a-a53f-1bbc96404e12<-a32408a4-f19d-4bad-97c5-ba33ae94fc9a#0:FAIL-t149, 277b5c5e-8c6f-4c9a-a53f-1bbc96404e12<-6b24a2ab-97ee-4d49-85cc-2d76c2f4b8ef#0:FAIL-t149] and 0 exception(s); 277b5c5e-8c6f-4c9a-a53f-1bbc96404e12@group-569FAC3F8BCE:t149, leader=null, voted=277b5c5e-8c6f-4c9a-a53f-1bbc96404e12, raftlog=277b5c5e-8c6f-4c9a-a53f-1bbc96404e12@group-569FAC3F8BCE-SegmentedRaftLog:OPENED:c-1,f-1,i0, conf=-1: [a32408a4-f19d-4bad-97c5-ba33ae94fc9a:192.168.157.254:38721, 6b24a2ab-97ee-4d49-85cc-2d76c2f4b8ef:192.168.157.254:41080, 277b5c5e-8c6f-4c9a-a53f-1bbc96404e12:192.168.157.254:41416], old=null
2019-10-16 21:55:15,144 [277b5c5e-8c6f-4c9a-a53f-1bbc96404e12@group-569FAC3F8BCE-LeaderElection156] INFO  impl.RaftServerImpl (RaftServerImpl.java:setRole(184)) - 277b5c5e-8c6f-4c9a-a53f-1bbc96404e12@group-569FAC3F8BCE: changes role from CANDIDATE to FOLLOWER at term 149 for DISCOVERED_A_NEW_TERM
2019-10-16 21:55:15,144 [277b5c5e-8c6f-4c9a-a53f-1bbc96404e12@group-569FAC3F8BCE-LeaderElection156] INFO  impl.RoleInfo (RoleInfo.java:shutdownLeaderElection(134)) - 277b5c5e-8c6f-4c9a-a53f-1bbc96404e12: shutdown LeaderElection
2019-10-16 21:55:15,144 [277b5c5e-8c6f-4c9a-a53f-1bbc96404e12@group-569FAC3F8BCE-LeaderElection156] INFO  impl.RoleInfo (RoleInfo.java:updateAndGet(143)) - 277b5c5e-8c6f-4c9a-a53f-1bbc96404e12: start FollowerState
2019-10-16 21:55:15,246 [Thread-1204] INFO  impl.FollowerState (FollowerState.java:run(108)) - 277b5c5e-8c6f-4c9a-a53f-1bbc96404e12@group-569FAC3F8BCE-FollowerState: change to CANDIDATE, lastRpcTime:101ms, electionTimeout:101ms
2019-10-16 21:55:15,246 [Thread-1204] INFO  impl.RoleInfo (RoleInfo.java:shutdownFollowerState(121)) - 277b5c5e-8c6f-4c9a-a53f-1bbc96404e12: shutdown FollowerState
2019-10-16 21:55:15,246 [Thread-1204] INFO  impl.RaftServerImpl (RaftServerImpl.java:setRole(184)) - 277b5c5e-8c6f-4c9a-a53f-1bbc96404e12@group-569FAC3F8BCE: changes role from  FOLLOWER to CANDIDATE at term 149 for changeToCandidate
2019-10-16 21:55:15,247 [Thread-1204] INFO  impl.RoleInfo (RoleInfo.java:updateAndGet(143)) - 277b5c5e-8c6f-4c9a-a53f-1bbc96404e12: start LeaderElection
2019-10-16 21:55:15,260 [277b5c5e-8c6f-4c9a-a53f-1bbc96404e12@group-569FAC3F8BCE-LeaderElection157] INFO  impl.LeaderElection (LeaderElection.java:askForVotes(178)) - 277b5c5e-8c6f-4c9a-a53f-1bbc96404e12@group-569FAC3F8BCE-LeaderElection157: begin an election at term 150 for -1: [a32408a4-f19d-4bad-97c5-ba33ae94fc9a:192.168.157.254:38721, 6b24a2ab-97ee-4d49-85cc-2d76c2f4b8ef:192.168.157.254:41080, 277b5c5e-8c6f-4c9a-a53f-1bbc96404e12:192.168.157.254:41416], old=null
2019-10-16 21:55:15,263 [grpc-default-executor-1] INFO  impl.RaftServerImpl (RaftServerImpl.java:setRole(184)) - a32408a4-f19d-4bad-97c5-ba33ae94fc9a@group-569FAC3F8BCE: changes role from  FOLLOWER to FOLLOWER at term 150 for recognizeCandidate:277b5c5e-8c6f-4c9a-a53f-1bbc96404e12
2019-10-16 21:55:15,263 [grpc-default-executor-0] INFO  impl.RaftServerImpl (RaftServerImpl.java:setRole(184)) - 6b24a2ab-97ee-4d49-85cc-2d76c2f4b8ef@group-569FAC3F8BCE: changes role from  FOLLOWER to FOLLOWER at term 150 for recognizeCandidate:277b5c5e-8c6f-4c9a-a53f-1bbc96404e12
2019-10-16 21:55:15,264 [grpc-default-executor-0] INFO  impl.RoleInfo (RoleInfo.java:shutdownFollowerState(121)) - 6b24a2ab-97ee-4d49-85cc-2d76c2f4b8ef: shutdown FollowerState
2019-10-16 21:55:15,264 [grpc-default-executor-1] INFO  impl.RoleInfo (RoleInfo.java:shutdownFollowerState(121)) - a32408a4-f19d-4bad-97c5-ba33ae94fc9a: shutdown FollowerState
2019-10-16 21:55:15,264 [Thread-1203] INFO  impl.FollowerState (FollowerState.java:run(117)) - 6b24a2ab-97ee-4d49-85cc-2d76c2f4b8ef@group-569FAC3F8BCE-FollowerState was interrupted: java.lang.InterruptedException: sleep interrupted
2019-10-16 21:55:15,264 [grpc-default-executor-0] INFO  impl.RoleInfo (RoleInfo.java:updateAndGet(143)) - 6b24a2ab-97ee-4d49-85cc-2d76c2f4b8ef: start FollowerState
2019-10-16 21:55:15,264 [Thread-1202] INFO  impl.FollowerState (FollowerState.java:run(117)) - a32408a4-f19d-4bad-97c5-ba33ae94fc9a@group-569FAC3F8BCE-FollowerState was interrupted: java.lang.InterruptedException: sleep interrupted
2019-10-16 21:55:15,264 [grpc-default-executor-1] INFO  impl.RoleInfo (RoleInfo.java:updateAndGet(143)) - a32408a4-f19d-4bad-97c5-ba33ae94fc9a: start FollowerState
2019-10-16 21:55:15,290 [277b5c5e-8c6f-4c9a-a53f-1bbc96404e12@group-569FAC3F8BCE-LeaderElection157] INFO  impl.LeaderElection (LeaderElection.java:logAndReturn(56)) - 277b5c5e-8c6f-4c9a-a53f-1bbc96404e12@group-569FAC3F8BCE-LeaderElection157: Election REJECTED; received 2 response(s) [277b5c5e-8c6f-4c9a-a53f-1bbc96404e12<-6b24a2ab-97ee-4d49-85cc-2d76c2f4b8ef#0:FAIL-t150, 277b5c5e-8c6f-4c9a-a53f-1bbc96404e12<-a32408a4-f19d-4bad-97c5-ba33ae94fc9a#0:FAIL-t150] and 0 exception(s); 277b5c5e-8c6f-4c9a-a53f-1bbc96404e12@group-569FAC3F8BCE:t150, leader=null, voted=277b5c5e-8c6f-4c9a-a53f-1bbc96404e12, raftlog=277b5c5e-8c6f-4c9a-a53f-1bbc96404e12@group-569FAC3F8BCE-SegmentedRaftLog:OPENED:c-1,f-1,i0, conf=-1: [a32408a4-f19d-4bad-97c5-ba33ae94fc9a:192.168.157.254:38721, 6b24a2ab-97ee-4d49-85cc-2d76c2f4b8ef:192.168.157.254:41080, 277b5c5e-8c6f-4c9a-a53f-1bbc96404e12:192.168.157.254:41416], old=null
2019-10-16 21:55:15,291 [277b5c5e-8c6f-4c9a-a53f-1bbc96404e12@group-569FAC3F8BCE-LeaderElection157] INFO  impl.RaftServerImpl (RaftServerImpl.java:setRole(184)) - 277b5c5e-8c6f-4c9a-a53f-1bbc96404e12@group-569FAC3F8BCE: changes role from CANDIDATE to FOLLOWER at term 150 for DISCOVERED_A_NEW_TERM
2019-10-16 21:55:15,291 [277b5c5e-8c6f-4c9a-a53f-1bbc96404e12@group-569FAC3F8BCE-LeaderElection157] INFO  impl.RoleInfo (RoleInfo.java:shutdownLeaderElection(134)) - 277b5c5e-8c6f-4c9a-a53f-1bbc96404e12: shutdown LeaderElection
2019-10-16 21:55:15,291 [277b5c5e-8c6f-4c9a-a53f-1bbc96404e12@group-569FAC3F8BCE-LeaderElection157] INFO  impl.RoleInfo (RoleInfo.java:updateAndGet(143)) - 277b5c5e-8c6f-4c9a-a53f-1bbc96404e12: start FollowerState
2019-10-16 21:55:15,350 [Thread-1210] INFO  impl.FollowerState (FollowerState.java:run(108)) - 277b5c5e-8c6f-4c9a-a53f-1bbc96404e12@group-569FAC3F8BCE-FollowerState: change to CANDIDATE, lastRpcTime:59ms, electionTimeout:59ms
2019-10-16 21:55:15,350 [Thread-1210] INFO  impl.RoleInfo (RoleInfo.java:shutdownFollowerState(121)) - 277b5c5e-8c6f-4c9a-a53f-1bbc96404e12: shutdown FollowerState
2019-10-16 21:55:15,350 [Thread-1210] INFO  impl.RaftServerImpl (RaftServerImpl.java:setRole(184)) - 277b5c5e-8c6f-4c9a-a53f-1bbc96404e12@group-569FAC3F8BCE: changes role from  FOLLOWER to CANDIDATE at term 150 for changeToCandidate
2019-10-16 21:55:15,351 [Thread-1210] INFO  impl.RoleInfo (RoleInfo.java:updateAndGet(143)) - 277b5c5e-8c6f-4c9a-a53f-1bbc96404e12: start LeaderElection
2019-10-16 21:55:15,377 [277b5c5e-8c6f-4c9a-a53f-1bbc96404e12@group-569FAC3F8BCE-LeaderElection158] INFO  impl.LeaderElection (LeaderElection.java:askForVotes(178)) - 277b5c5e-8c6f-4c9a-a53f-1bbc96404e12@group-569FAC3F8BCE-LeaderElection158: begin an election at term 151 for -1: [a32408a4-f19d-4bad-97c5-ba33ae94fc9a:192.168.157.254:38721, 6b24a2ab-97ee-4d49-85cc-2d76c2f4b8ef:192.168.157.254:41080, 277b5c5e-8c6f-4c9a-a53f-1bbc96404e12:192.168.157.254:41416], old=null
2019-10-16 21:55:15,380 [grpc-default-executor-1] INFO  impl.RaftServerImpl (RaftServerImpl.java:setRole(184)) - a32408a4-f19d-4bad-97c5-ba33ae94fc9a@group-569FAC3F8BCE: changes role from  FOLLOWER to FOLLOWER at term 151 for recognizeCandidate:277b5c5e-8c6f-4c9a-a53f-1bbc96404e12
2019-10-16 21:55:15,380 [grpc-default-executor-0] INFO  impl.RaftServerImpl (RaftServerImpl.java:setRole(184)) - 6b24a2ab-97ee-4d49-85cc-2d76c2f4b8ef@group-569FAC3F8BCE: changes role from  FOLLOWER to FOLLOWER at term 151 for recognizeCandidate:277b5c5e-8c6f-4c9a-a53f-1bbc96404e12
2019-10-16 21:55:15,381 [grpc-default-executor-0] INFO  impl.RoleInfo (RoleInfo.java:shutdownFollowerState(121)) - 6b24a2ab-97ee-4d49-85cc-2d76c2f4b8ef: shutdown FollowerState
2019-10-16 21:55:15,380 [grpc-default-executor-1] INFO  impl.RoleInfo (RoleInfo.java:shutdownFollowerState(121)) - a32408a4-f19d-4bad-97c5-ba33ae94fc9a: shutdown FollowerState
2019-10-16 21:55:15,381 [Thread-1208] INFO  impl.FollowerState (FollowerState.java:run(117)) - 6b24a2ab-97ee-4d49-85cc-2d76c2f4b8ef@group-569FAC3F8BCE-FollowerState was interrupted: java.lang.InterruptedException: sleep interrupted
2019-10-16 21:55:15,381 [grpc-default-executor-0] INFO  impl.RoleInfo (RoleInfo.java:updateAndGet(143)) - 6b24a2ab-97ee-4d49-85cc-2d76c2f4b8ef: start FollowerState
2019-10-16 21:55:15,381 [grpc-default-executor-1] INFO  impl.RoleInfo (RoleInfo.java:updateAndGet(143)) - a32408a4-f19d-4bad-97c5-ba33ae94fc9a: start FollowerState
2019-10-16 21:55:15,381 [Thread-1209] INFO  impl.FollowerState (FollowerState.java:run(117)) - a32408a4-f19d-4bad-97c5-ba33ae94fc9a@group-569FAC3F8BCE-FollowerState was interrupted: java.lang.InterruptedException: sleep interrupted
2019-10-16 21:55:15,397 [277b5c5e-8c6f-4c9a-a53f-1bbc96404e12@group-569FAC3F8BCE-LeaderElection158] INFO  impl.LeaderElection (LeaderElection.java:logAndReturn(56)) - 277b5c5e-8c6f-4c9a-a53f-1bbc96404e12@group-569FAC3F8BCE-LeaderElection158: Election REJECTED; received 2 response(s) [277b5c5e-8c6f-4c9a-a53f-1bbc96404e12<-6b24a2ab-97ee-4d49-85cc-2d76c2f4b8ef#0:FAIL-t151, 277b5c5e-8c6f-4c9a-a53f-1bbc96404e12<-a32408a4-f19d-4bad-97c5-ba33ae94fc9a#0:FAIL-t151] and 0 exception(s); 277b5c5e-8c6f-4c9a-a53f-1bbc96404e12@group-569FAC3F8BCE:t151, leader=null, voted=277b5c5e-8c6f-4c9a-a53f-1bbc96404e12, raftlog=277b5c5e-8c6f-4c9a-a53f-1bbc96404e12@group-569FAC3F8BCE-SegmentedRaftLog:OPENED:c-1,f-1,i0, conf=-1: [a32408a4-f19d-4bad-97c5-ba33ae94fc9a:192.168.157.254:38721, 6b24a2ab-97ee-4d49-85cc-2d76c2f4b8ef:192.168.157.254:41080, 277b5c5e-8c6f-4c9a-a53f-1bbc96404e12:192.168.157.254:41416], old=null
2019-10-16 21:55:15,397 [277b5c5e-8c6f-4c9a-a53f-1bbc96404e12@group-569FAC3F8BCE-LeaderElection158] INFO  impl.RaftServerImpl (RaftServerImpl.java:setRole(184)) - 277b5c5e-8c6f-4c9a-a53f-1bbc96404e12@group-569FAC3F8BCE: changes role from CANDIDATE to FOLLOWER at term 151 for DISCOVERED_A_NEW_TERM
2019-10-16 21:55:15,397 [277b5c5e-8c6f-4c9a-a53f-1bbc96404e12@group-569FAC3F8BCE-LeaderElection158] INFO  impl.RoleInfo (RoleInfo.java:shutdownLeaderElection(134)) - 277b5c5e-8c6f-4c9a-a53f-1bbc96404e12: shutdown LeaderElection
2019-10-16 21:55:15,398 [277b5c5e-8c6f-4c9a-a53f-1bbc96404e12@group-569FAC3F8BCE-LeaderElection158] INFO  impl.RoleInfo (RoleInfo.java:updateAndGet(143)) - 277b5c5e-8c6f-4c9a-a53f-1bbc96404e12: start FollowerState
2019-10-16 21:55:15,433 [Thread-1216] INFO  impl.FollowerState (FollowerState.java:run(108)) - 277b5c5e-8c6f-4c9a-a53f-1bbc96404e12@group-569FAC3F8BCE-FollowerState: change to CANDIDATE, lastRpcTime:35ms, electionTimeout:35ms
2019-10-16 21:55:15,433 [Thread-1216] INFO  impl.RoleInfo (RoleInfo.java:shutdownFollowerState(121)) - 277b5c5e-8c6f-4c9a-a53f-1bbc96404e12: shutdown FollowerState
2019-10-16 21:55:15,433 [Thread-1216] INFO  impl.RaftServerImpl (RaftServerImpl.java:setRole(184)) - 277b5c5e-8c6f-4c9a-a53f-1bbc96404e12@group-569FAC3F8BCE: changes role from  FOLLOWER to CANDIDATE at term 151 for changeToCandidate
2019-10-16 21:55:15,434 [Thread-1216] INFO  impl.RoleInfo (RoleInfo.java:updateAndGet(143)) - 277b5c5e-8c6f-4c9a-a53f-1bbc96404e12: start LeaderElection
2019-10-16 21:55:15,453 [277b5c5e-8c6f-4c9a-a53f-1bbc96404e12@group-569FAC3F8BCE-LeaderElection159] INFO  impl.LeaderElection (LeaderElection.java:askForVotes(178)) - 277b5c5e-8c6f-4c9a-a53f-1bbc96404e12@group-569FAC3F8BCE-LeaderElection159: begin an election at term 152 for -1: [a32408a4-f19d-4bad-97c5-ba33ae94fc9a:192.168.157.254:38721, 6b24a2ab-97ee-4d49-85cc-2d76c2f4b8ef:192.168.157.254:41080, 277b5c5e-8c6f-4c9a-a53f-1bbc96404e12:192.168.157.254:41416], old=null
2019-10-16 21:55:15,455 [grpc-default-executor-0] INFO  impl.RaftServerImpl (RaftServerImpl.java:setRole(184)) - a32408a4-f19d-4bad-97c5-ba33ae94fc9a@group-569FAC3F8BCE: changes role from  FOLLOWER to FOLLOWER at term 152 for recognizeCandidate:277b5c5e-8c6f-4c9a-a53f-1bbc96404e12
2019-10-16 21:55:15,455 [grpc-default-executor-0] INFO  impl.RoleInfo (RoleInfo.java:shutdownFollowerState(121)) - a32408a4-f19d-4bad-97c5-ba33ae94fc9a: shutdown FollowerState
2019-10-16 21:55:15,455 [grpc-default-executor-1] INFO  impl.RaftServerImpl (RaftServerImpl.java:setRole(184)) - 6b24a2ab-97ee-4d49-85cc-2d76c2f4b8ef@group-569FAC3F8BCE: changes role from  FOLLOWER to FOLLOWER at term 152 for recognizeCandidate:277b5c5e-8c6f-4c9a-a53f-1bbc96404e12
2019-10-16 21:55:15,455 [grpc-default-executor-1] INFO  impl.RoleInfo (RoleInfo.java:shutdownFollowerState(121)) - 6b24a2ab-97ee-4d49-85cc-2d76c2f4b8ef: shutdown FollowerState
2019-10-16 21:55:15,455 [Thread-1215] INFO  impl.FollowerState (FollowerState.java:run(117)) - a32408a4-f19d-4bad-97c5-ba33ae94fc9a@group-569FAC3F8BCE-FollowerState was interrupted: java.lang.InterruptedException: sleep interrupted
2019-10-16 21:55:15,455 [grpc-default-executor-0] INFO  impl.RoleInfo (RoleInfo.java:updateAndGet(143)) - a32408a4-f19d-4bad-97c5-ba33ae94fc9a: start FollowerState
2019-10-16 21:55:15,456 [Thread-1214] INFO  impl.FollowerState (FollowerState.java:run(117)) - 6b24a2ab-97ee-4d49-85cc-2d76c2f4b8ef@group-569FAC3F8BCE-FollowerState was interrupted: java.lang.InterruptedException: sleep interrupted
2019-10-16 21:55:15,456 [grpc-default-executor-1] INFO  impl.RoleInfo (RoleInfo.java:updateAndGet(143)) - 6b24a2ab-97ee-4d49-85cc-2d76c2f4b8ef: start FollowerState
2019-10-16 21:55:15,470 [277b5c5e-8c6f-4c9a-a53f-1bbc96404e12@group-569FAC3F8BCE-LeaderElection159] INFO  impl.LeaderElection (LeaderElection.java:logAndReturn(56)) - 277b5c5e-8c6f-4c9a-a53f-1bbc96404e12@group-569FAC3F8BCE-LeaderElection159: Election REJECTED; received 2 response(s) [277b5c5e-8c6f-4c9a-a53f-1bbc96404e12<-6b24a2ab-97ee-4d49-85cc-2d76c2f4b8ef#0:FAIL-t152, 277b5c5e-8c6f-4c9a-a53f-1bbc96404e12<-a32408a4-f19d-4bad-97c5-ba33ae94fc9a#0:FAIL-t152] and 0 exception(s); 277b5c5e-8c6f-4c9a-a53f-1bbc96404e12@group-569FAC3F8BCE:t152, leader=null, voted=277b5c5e-8c6f-4c9a-a53f-1bbc96404e12, raftlog=277b5c5e-8c6f-4c9a-a53f-1bbc96404e12@group-569FAC3F8BCE-SegmentedRaftLog:OPENED:c-1,f-1,i0, conf=-1: [a32408a4-f19d-4bad-97c5-ba33ae94fc9a:192.168.157.254:38721, 6b24a2ab-97ee-4d49-85cc-2d76c2f4b8ef:192.168.157.254:41080, 277b5c5e-8c6f-4c9a-a53f-1bbc96404e12:192.168.157.254:41416], old=null
2019-10-16 21:55:15,470 [277b5c5e-8c6f-4c9a-a53f-1bbc96404e12@group-569FAC3F8BCE-LeaderElection159] INFO  impl.RaftServerImpl (RaftServerImpl.java:setRole(184)) - 277b5c5e-8c6f-4c9a-a53f-1bbc96404e12@group-569FAC3F8BCE: changes role from CANDIDATE to FOLLOWER at term 152 for DISCOVERED_A_NEW_TERM
2019-10-16 21:55:15,470 [277b5c5e-8c6f-4c9a-a53f-1bbc96404e12@group-569FAC3F8BCE-LeaderElection159] INFO  impl.RoleInfo (RoleInfo.java:shutdownLeaderElection(134)) - 277b5c5e-8c6f-4c9a-a53f-1bbc96404e12: shutdown LeaderElection
2019-10-16 21:55:15,470 [277b5c5e-8c6f-4c9a-a53f-1bbc96404e12@group-569FAC3F8BCE-LeaderElection159] INFO  impl.RoleInfo (RoleInfo.java:updateAndGet(143)) - 277b5c5e-8c6f-4c9a-a53f-1bbc96404e12: start FollowerState
2019-10-16 21:55:15,482 [Thread-1222] INFO  impl.FollowerState (FollowerState.java:run(108)) - 277b5c5e-8c6f-4c9a-a53f-1bbc96404e12@group-569FAC3F8BCE-FollowerState: change to CANDIDATE, lastRpcTime:11ms, electionTimeout:11ms
2019-10-16 21:55:15,482 [Thread-1222] INFO  impl.RoleInfo (RoleInfo.java:shutdownFollowerState(121)) - 277b5c5e-8c6f-4c9a-a53f-1bbc96404e12: shutdown FollowerState
2019-10-16 21:55:15,482 [Thread-1222] INFO  impl.RaftServerImpl (RaftServerImpl.java:setRole(184)) - 277b5c5e-8c6f-4c9a-a53f-1bbc96404e12@group-569FAC3F8BCE: changes role from  FOLLOWER to CANDIDATE at term 152 for changeToCandidate
2019-10-16 21:55:15,482 [Thread-1222] INFO  impl.RoleInfo (RoleInfo.java:updateAndGet(143)) - 277b5c5e-8c6f-4c9a-a53f-1bbc96404e12: start LeaderElection
2019-10-16 21:55:15,486 [277b5c5e-8c6f-4c9a-a53f-1bbc96404e12@group-569FAC3F8BCE-LeaderElection160] INFO  impl.LeaderElection (LeaderElection.java:askForVotes(178)) - 277b5c5e-8c6f-4c9a-a53f-1bbc96404e12@group-569FAC3F8BCE-LeaderElection160: begin an election at term 153 for -1: [a32408a4-f19d-4bad-97c5-ba33ae94fc9a:192.168.157.254:38721, 6b24a2ab-97ee-4d49-85cc-2d76c2f4b8ef:192.168.157.254:41080, 277b5c5e-8c6f-4c9a-a53f-1bbc96404e12:192.168.157.254:41416], old=null
2019-10-16 21:55:15,488 [grpc-default-executor-0] INFO  impl.RaftServerImpl (RaftServerImpl.java:setRole(184)) - a32408a4-f19d-4bad-97c5-ba33ae94fc9a@group-569FAC3F8BCE: changes role from  FOLLOWER to FOLLOWER at term 153 for recognizeCandidate:277b5c5e-8c6f-4c9a-a53f-1bbc96404e12
2019-10-16 21:55:15,488 [grpc-default-executor-0] INFO  impl.RoleInfo (RoleInfo.java:shutdownFollowerState(121)) - a32408a4-f19d-4bad-97c5-ba33ae94fc9a: shutdown FollowerState
2019-10-16 21:55:15,488 [grpc-default-executor-0] INFO  impl.RoleInfo (RoleInfo.java:updateAndGet(143)) - a32408a4-f19d-4bad-97c5-ba33ae94fc9a: start FollowerState
2019-10-16 21:55:15,488 [Thread-1220] INFO  impl.FollowerState (FollowerState.java:run(117)) - a32408a4-f19d-4bad-97c5-ba33ae94fc9a@group-569FAC3F8BCE-FollowerState was interrupted: java.lang.InterruptedException: sleep interrupted
2019-10-16 21:55:15,488 [grpc-default-executor-1] INFO  impl.RaftServerImpl (RaftServerImpl.java:setRole(184)) - 6b24a2ab-97ee-4d49-85cc-2d76c2f4b8ef@group-569FAC3F8BCE: changes role from  FOLLOWER to FOLLOWER at term 153 for recognizeCandidate:277b5c5e-8c6f-4c9a-a53f-1bbc96404e12
2019-10-16 21:55:15,489 [grpc-default-executor-1] INFO  impl.RoleInfo (RoleInfo.java:shutdownFollowerState(121)) - 6b24a2ab-97ee-4d49-85cc-2d76c2f4b8ef: shutdown FollowerState
2019-10-16 21:55:15,489 [grpc-default-executor-1] INFO  impl.RoleInfo (RoleInfo.java:updateAndGet(143)) - 6b24a2ab-97ee-4d49-85cc-2d76c2f4b8ef: start FollowerState
2019-10-16 21:55:15,489 [Thread-1221] INFO  impl.FollowerState (FollowerState.java:run(117)) - 6b24a2ab-97ee-4d49-85cc-2d76c2f4b8ef@group-569FAC3F8BCE-FollowerState was interrupted: java.lang.InterruptedException: sleep interrupted
2019-10-16 21:55:15,514 [277b5c5e-8c6f-4c9a-a53f-1bbc96404e12@group-569FAC3F8BCE-LeaderElection160] INFO  impl.LeaderElection (LeaderElection.java:logAndReturn(56)) - 277b5c5e-8c6f-4c9a-a53f-1bbc96404e12@group-569FAC3F8BCE-LeaderElection160: Election REJECTED; received 2 response(s) [277b5c5e-8c6f-4c9a-a53f-1bbc96404e12<-a32408a4-f19d-4bad-97c5-ba33ae94fc9a#0:FAIL-t153, 277b5c5e-8c6f-4c9a-a53f-1bbc96404e12<-6b24a2ab-97ee-4d49-85cc-2d76c2f4b8ef#0:FAIL-t153] and 0 exception(s); 277b5c5e-8c6f-4c9a-a53f-1bbc96404e12@group-569FAC3F8BCE:t153, leader=null, voted=277b5c5e-8c6f-4c9a-a53f-1bbc96404e12, raftlog=277b5c5e-8c6f-4c9a-a53f-1bbc96404e12@group-569FAC3F8BCE-SegmentedRaftLog:OPENED:c-1,f-1,i0, conf=-1: [a32408a4-f19d-4bad-97c5-ba33ae94fc9a:192.168.157.254:38721, 6b24a2ab-97ee-4d49-85cc-2d76c2f4b8ef:192.168.157.254:41080, 277b5c5e-8c6f-4c9a-a53f-1bbc96404e12:192.168.157.254:41416], old=null
2019-10-16 21:55:15,514 [277b5c5e-8c6f-4c9a-a53f-1bbc96404e12@group-569FAC3F8BCE-LeaderElection160] INFO  impl.RaftServerImpl (RaftServerImpl.java:setRole(184)) - 277b5c5e-8c6f-4c9a-a53f-1bbc96404e12@group-569FAC3F8BCE: changes role from CANDIDATE to FOLLOWER at term 153 for DISCOVERED_A_NEW_TERM
2019-10-16 21:55:15,514 [277b5c5e-8c6f-4c9a-a53f-1bbc96404e12@group-569FAC3F8BCE-LeaderElection160] INFO  impl.RoleInfo (RoleInfo.java:shutdownLeaderElection(134)) - 277b5c5e-8c6f-4c9a-a53f-1bbc96404e12: shutdown LeaderElection
2019-10-16 21:55:15,514 [277b5c5e-8c6f-4c9a-a53f-1bbc96404e12@group-569FAC3F8BCE-LeaderElection160] INFO  impl.RoleInfo (RoleInfo.java:updateAndGet(143)) - 277b5c5e-8c6f-4c9a-a53f-1bbc96404e12: start FollowerState
2019-10-16 21:55:15,569 [Thread-0] INFO  ozone.MiniOzoneClusterImpl (MiniOzoneClusterImpl.java:lambda$waitForClusterToBeReady$2(164)) - Waiting for 1 number of pipelines out of 4, to report a leader.
2019-10-16 21:55:15,580 [Thread-1228] INFO  impl.FollowerState (FollowerState.java:run(108)) - 277b5c5e-8c6f-4c9a-a53f-1bbc96404e12@group-569FAC3F8BCE-FollowerState: change to CANDIDATE, lastRpcTime:66ms, electionTimeout:66ms
2019-10-16 21:55:15,581 [Thread-1228] INFO  impl.RoleInfo (RoleInfo.java:shutdownFollowerState(121)) - 277b5c5e-8c6f-4c9a-a53f-1bbc96404e12: shutdown FollowerState
2019-10-16 21:55:15,581 [Thread-1228] INFO  impl.RaftServerImpl (RaftServerImpl.java:setRole(184)) - 277b5c5e-8c6f-4c9a-a53f-1bbc96404e12@group-569FAC3F8BCE: changes role from  FOLLOWER to CANDIDATE at term 153 for changeToCandidate
2019-10-16 21:55:15,581 [Thread-1228] INFO  impl.RoleInfo (RoleInfo.java:updateAndGet(143)) - 277b5c5e-8c6f-4c9a-a53f-1bbc96404e12: start LeaderElection
2019-10-16 21:55:15,595 [277b5c5e-8c6f-4c9a-a53f-1bbc96404e12@group-569FAC3F8BCE-LeaderElection161] INFO  impl.LeaderElection (LeaderElection.java:askForVotes(178)) - 277b5c5e-8c6f-4c9a-a53f-1bbc96404e12@group-569FAC3F8BCE-LeaderElection161: begin an election at term 154 for -1: [a32408a4-f19d-4bad-97c5-ba33ae94fc9a:192.168.157.254:38721, 6b24a2ab-97ee-4d49-85cc-2d76c2f4b8ef:192.168.157.254:41080, 277b5c5e-8c6f-4c9a-a53f-1bbc96404e12:192.168.157.254:41416], old=null
2019-10-16 21:55:15,596 [grpc-default-executor-0] INFO  impl.RaftServerImpl (RaftServerImpl.java:setRole(184)) - a32408a4-f19d-4bad-97c5-ba33ae94fc9a@group-569FAC3F8BCE: changes role from  FOLLOWER to FOLLOWER at term 154 for recognizeCandidate:277b5c5e-8c6f-4c9a-a53f-1bbc96404e12
2019-10-16 21:55:15,597 [grpc-default-executor-1] INFO  impl.RaftServerImpl (RaftServerImpl.java:setRole(184)) - 6b24a2ab-97ee-4d49-85cc-2d76c2f4b8ef@group-569FAC3F8BCE: changes role from  FOLLOWER to FOLLOWER at term 154 for recognizeCandidate:277b5c5e-8c6f-4c9a-a53f-1bbc96404e12
2019-10-16 21:55:15,597 [grpc-default-executor-0] INFO  impl.RoleInfo (RoleInfo.java:shutdownFollowerState(121)) - a32408a4-f19d-4bad-97c5-ba33ae94fc9a: shutdown FollowerState
2019-10-16 21:55:15,597 [grpc-default-executor-1] INFO  impl.RoleInfo (RoleInfo.java:shutdownFollowerState(121)) - 6b24a2ab-97ee-4d49-85cc-2d76c2f4b8ef: shutdown FollowerState
2019-10-16 21:55:15,597 [grpc-default-executor-0] INFO  impl.RoleInfo (RoleInfo.java:updateAndGet(143)) - a32408a4-f19d-4bad-97c5-ba33ae94fc9a: start FollowerState
2019-10-16 21:55:15,597 [Thread-1226] INFO  impl.FollowerState (FollowerState.java:run(117)) - a32408a4-f19d-4bad-97c5-ba33ae94fc9a@group-569FAC3F8BCE-FollowerState was interrupted: java.lang.InterruptedException: sleep interrupted
2019-10-16 21:55:15,597 [grpc-default-executor-1] INFO  impl.RoleInfo (RoleInfo.java:updateAndGet(143)) - 6b24a2ab-97ee-4d49-85cc-2d76c2f4b8ef: start FollowerState
2019-10-16 21:55:15,597 [Thread-1227] INFO  impl.FollowerState (FollowerState.java:run(117)) - 6b24a2ab-97ee-4d49-85cc-2d76c2f4b8ef@group-569FAC3F8BCE-FollowerState was interrupted: java.lang.InterruptedException: sleep interrupted
2019-10-16 21:55:15,617 [277b5c5e-8c6f-4c9a-a53f-1bbc96404e12@group-569FAC3F8BCE-LeaderElection161] INFO  impl.LeaderElection (LeaderElection.java:logAndReturn(56)) - 277b5c5e-8c6f-4c9a-a53f-1bbc96404e12@group-569FAC3F8BCE-LeaderElection161: Election REJECTED; received 2 response(s) [277b5c5e-8c6f-4c9a-a53f-1bbc96404e12<-6b24a2ab-97ee-4d49-85cc-2d76c2f4b8ef#0:FAIL-t154, 277b5c5e-8c6f-4c9a-a53f-1bbc96404e12<-a32408a4-f19d-4bad-97c5-ba33ae94fc9a#0:FAIL-t154] and 0 exception(s); 277b5c5e-8c6f-4c9a-a53f-1bbc96404e12@group-569FAC3F8BCE:t154, leader=null, voted=277b5c5e-8c6f-4c9a-a53f-1bbc96404e12, raftlog=277b5c5e-8c6f-4c9a-a53f-1bbc96404e12@group-569FAC3F8BCE-SegmentedRaftLog:OPENED:c-1,f-1,i0, conf=-1: [a32408a4-f19d-4bad-97c5-ba33ae94fc9a:192.168.157.254:38721, 6b24a2ab-97ee-4d49-85cc-2d76c2f4b8ef:192.168.157.254:41080, 277b5c5e-8c6f-4c9a-a53f-1bbc96404e12:192.168.157.254:41416], old=null
2019-10-16 21:55:15,618 [277b5c5e-8c6f-4c9a-a53f-1bbc96404e12@group-569FAC3F8BCE-LeaderElection161] INFO  impl.RaftServerImpl (RaftServerImpl.java:setRole(184)) - 277b5c5e-8c6f-4c9a-a53f-1bbc96404e12@group-569FAC3F8BCE: changes role from CANDIDATE to FOLLOWER at term 154 for DISCOVERED_A_NEW_TERM
2019-10-16 21:55:15,618 [277b5c5e-8c6f-4c9a-a53f-1bbc96404e12@group-569FAC3F8BCE-LeaderElection161] INFO  impl.RoleInfo (RoleInfo.java:shutdownLeaderElection(134)) - 277b5c5e-8c6f-4c9a-a53f-1bbc96404e12: shutdown LeaderElection
2019-10-16 21:55:15,618 [277b5c5e-8c6f-4c9a-a53f-1bbc96404e12@group-569FAC3F8BCE-LeaderElection161] INFO  impl.RoleInfo (RoleInfo.java:updateAndGet(143)) - 277b5c5e-8c6f-4c9a-a53f-1bbc96404e12: start FollowerState
2019-10-16 21:55:15,810 [Thread-1234] INFO  impl.FollowerState (FollowerState.java:run(108)) - 277b5c5e-8c6f-4c9a-a53f-1bbc96404e12@group-569FAC3F8BCE-FollowerState: change to CANDIDATE, lastRpcTime:192ms, electionTimeout:192ms
2019-10-16 21:55:15,810 [Thread-1234] INFO  impl.RoleInfo (RoleInfo.java:shutdownFollowerState(121)) - 277b5c5e-8c6f-4c9a-a53f-1bbc96404e12: shutdown FollowerState
2019-10-16 21:55:15,810 [Thread-1234] INFO  impl.RaftServerImpl (RaftServerImpl.java:setRole(184)) - 277b5c5e-8c6f-4c9a-a53f-1bbc96404e12@group-569FAC3F8BCE: changes role from  FOLLOWER to CANDIDATE at term 154 for changeToCandidate
2019-10-16 21:55:15,811 [Thread-1234] INFO  impl.RoleInfo (RoleInfo.java:updateAndGet(143)) - 277b5c5e-8c6f-4c9a-a53f-1bbc96404e12: start LeaderElection
2019-10-16 21:55:15,825 [277b5c5e-8c6f-4c9a-a53f-1bbc96404e12@group-569FAC3F8BCE-LeaderElection162] INFO  impl.LeaderElection (LeaderElection.java:askForVotes(178)) - 277b5c5e-8c6f-4c9a-a53f-1bbc96404e12@group-569FAC3F8BCE-LeaderElection162: begin an election at term 155 for -1: [a32408a4-f19d-4bad-97c5-ba33ae94fc9a:192.168.157.254:38721, 6b24a2ab-97ee-4d49-85cc-2d76c2f4b8ef:192.168.157.254:41080, 277b5c5e-8c6f-4c9a-a53f-1bbc96404e12:192.168.157.254:41416], old=null
2019-10-16 21:55:15,827 [grpc-default-executor-1] INFO  impl.RaftServerImpl (RaftServerImpl.java:setRole(184)) - 6b24a2ab-97ee-4d49-85cc-2d76c2f4b8ef@group-569FAC3F8BCE: changes role from  FOLLOWER to FOLLOWER at term 155 for recognizeCandidate:277b5c5e-8c6f-4c9a-a53f-1bbc96404e12
2019-10-16 21:55:15,828 [grpc-default-executor-1] INFO  impl.RoleInfo (RoleInfo.java:shutdownFollowerState(121)) - 6b24a2ab-97ee-4d49-85cc-2d76c2f4b8ef: shutdown FollowerState
2019-10-16 21:55:15,828 [grpc-default-executor-0] INFO  impl.RaftServerImpl (RaftServerImpl.java:setRole(184)) - a32408a4-f19d-4bad-97c5-ba33ae94fc9a@group-569FAC3F8BCE: changes role from  FOLLOWER to FOLLOWER at term 155 for recognizeCandidate:277b5c5e-8c6f-4c9a-a53f-1bbc96404e12
2019-10-16 21:55:15,828 [Thread-1233] INFO  impl.FollowerState (FollowerState.java:run(117)) - 6b24a2ab-97ee-4d49-85cc-2d76c2f4b8ef@group-569FAC3F8BCE-FollowerState was interrupted: java.lang.InterruptedException: sleep interrupted
2019-10-16 21:55:15,828 [grpc-default-executor-1] INFO  impl.RoleInfo (RoleInfo.java:updateAndGet(143)) - 6b24a2ab-97ee-4d49-85cc-2d76c2f4b8ef: start FollowerState
2019-10-16 21:55:15,828 [grpc-default-executor-0] INFO  impl.RoleInfo (RoleInfo.java:shutdownFollowerState(121)) - a32408a4-f19d-4bad-97c5-ba33ae94fc9a: shutdown FollowerState
2019-10-16 21:55:15,828 [grpc-default-executor-0] INFO  impl.RoleInfo (RoleInfo.java:updateAndGet(143)) - a32408a4-f19d-4bad-97c5-ba33ae94fc9a: start FollowerState
2019-10-16 21:55:15,828 [Thread-1232] INFO  impl.FollowerState (FollowerState.java:run(117)) - a32408a4-f19d-4bad-97c5-ba33ae94fc9a@group-569FAC3F8BCE-FollowerState was interrupted: java.lang.InterruptedException: sleep interrupted
2019-10-16 21:55:15,829 [277b5c5e-8c6f-4c9a-a53f-1bbc96404e12@group-569FAC3F8BCE-LeaderElection162] INFO  impl.LeaderElection (LeaderElection.java:logAndReturn(56)) - 277b5c5e-8c6f-4c9a-a53f-1bbc96404e12@group-569FAC3F8BCE-LeaderElection162: Election TIMEOUT; received 0 response(s) [] and 0 exception(s); 277b5c5e-8c6f-4c9a-a53f-1bbc96404e12@group-569FAC3F8BCE:t155, leader=null, voted=277b5c5e-8c6f-4c9a-a53f-1bbc96404e12, raftlog=277b5c5e-8c6f-4c9a-a53f-1bbc96404e12@group-569FAC3F8BCE-SegmentedRaftLog:OPENED:c-1,f-1,i0, conf=-1: [a32408a4-f19d-4bad-97c5-ba33ae94fc9a:192.168.157.254:38721, 6b24a2ab-97ee-4d49-85cc-2d76c2f4b8ef:192.168.157.254:41080, 277b5c5e-8c6f-4c9a-a53f-1bbc96404e12:192.168.157.254:41416], old=null
2019-10-16 21:55:15,832 [277b5c5e-8c6f-4c9a-a53f-1bbc96404e12@group-569FAC3F8BCE-LeaderElection162] INFO  impl.LeaderElection (LeaderElection.java:askForVotes(178)) - 277b5c5e-8c6f-4c9a-a53f-1bbc96404e12@group-569FAC3F8BCE-LeaderElection162: begin an election at term 156 for -1: [a32408a4-f19d-4bad-97c5-ba33ae94fc9a:192.168.157.254:38721, 6b24a2ab-97ee-4d49-85cc-2d76c2f4b8ef:192.168.157.254:41080, 277b5c5e-8c6f-4c9a-a53f-1bbc96404e12:192.168.157.254:41416], old=null
2019-10-16 21:55:15,834 [grpc-default-executor-0] INFO  impl.RaftServerImpl (RaftServerImpl.java:setRole(184)) - a32408a4-f19d-4bad-97c5-ba33ae94fc9a@group-569FAC3F8BCE: changes role from  FOLLOWER to FOLLOWER at term 156 for recognizeCandidate:277b5c5e-8c6f-4c9a-a53f-1bbc96404e12
2019-10-16 21:55:15,834 [grpc-default-executor-0] INFO  impl.RoleInfo (RoleInfo.java:shutdownFollowerState(121)) - a32408a4-f19d-4bad-97c5-ba33ae94fc9a: shutdown FollowerState
2019-10-16 21:55:15,834 [grpc-default-executor-1] INFO  impl.RaftServerImpl (RaftServerImpl.java:setRole(184)) - 6b24a2ab-97ee-4d49-85cc-2d76c2f4b8ef@group-569FAC3F8BCE: changes role from  FOLLOWER to FOLLOWER at term 156 for recognizeCandidate:277b5c5e-8c6f-4c9a-a53f-1bbc96404e12
2019-10-16 21:55:15,834 [grpc-default-executor-1] INFO  impl.RoleInfo (RoleInfo.java:shutdownFollowerState(121)) - 6b24a2ab-97ee-4d49-85cc-2d76c2f4b8ef: shutdown FollowerState
2019-10-16 21:55:15,834 [Thread-1239] INFO  impl.FollowerState (FollowerState.java:run(117)) - a32408a4-f19d-4bad-97c5-ba33ae94fc9a@group-569FAC3F8BCE-FollowerState was interrupted: java.lang.InterruptedException: sleep interrupted
2019-10-16 21:55:15,834 [grpc-default-executor-0] INFO  impl.RoleInfo (RoleInfo.java:updateAndGet(143)) - a32408a4-f19d-4bad-97c5-ba33ae94fc9a: start FollowerState
2019-10-16 21:55:15,834 [Thread-1238] INFO  impl.FollowerState (FollowerState.java:run(117)) - 6b24a2ab-97ee-4d49-85cc-2d76c2f4b8ef@group-569FAC3F8BCE-FollowerState was interrupted: java.lang.InterruptedException: sleep interrupted
2019-10-16 21:55:15,834 [grpc-default-executor-1] INFO  impl.RoleInfo (RoleInfo.java:updateAndGet(143)) - 6b24a2ab-97ee-4d49-85cc-2d76c2f4b8ef: start FollowerState
2019-10-16 21:55:15,888 [277b5c5e-8c6f-4c9a-a53f-1bbc96404e12@group-569FAC3F8BCE-LeaderElection162] INFO  impl.LeaderElection (LeaderElection.java:logAndReturn(56)) - 277b5c5e-8c6f-4c9a-a53f-1bbc96404e12@group-569FAC3F8BCE-LeaderElection162: Election REJECTED; received 2 response(s) [277b5c5e-8c6f-4c9a-a53f-1bbc96404e12<-a32408a4-f19d-4bad-97c5-ba33ae94fc9a#0:FAIL-t156, 277b5c5e-8c6f-4c9a-a53f-1bbc96404e12<-6b24a2ab-97ee-4d49-85cc-2d76c2f4b8ef#0:FAIL-t156] and 0 exception(s); 277b5c5e-8c6f-4c9a-a53f-1bbc96404e12@group-569FAC3F8BCE:t156, leader=null, voted=277b5c5e-8c6f-4c9a-a53f-1bbc96404e12, raftlog=277b5c5e-8c6f-4c9a-a53f-1bbc96404e12@group-569FAC3F8BCE-SegmentedRaftLog:OPENED:c-1,f-1,i0, conf=-1: [a32408a4-f19d-4bad-97c5-ba33ae94fc9a:192.168.157.254:38721, 6b24a2ab-97ee-4d49-85cc-2d76c2f4b8ef:192.168.157.254:41080, 277b5c5e-8c6f-4c9a-a53f-1bbc96404e12:192.168.157.254:41416], old=null
2019-10-16 21:55:15,889 [277b5c5e-8c6f-4c9a-a53f-1bbc96404e12@group-569FAC3F8BCE-LeaderElection162] INFO  impl.RaftServerImpl (RaftServerImpl.java:setRole(184)) - 277b5c5e-8c6f-4c9a-a53f-1bbc96404e12@group-569FAC3F8BCE: changes role from CANDIDATE to FOLLOWER at term 156 for DISCOVERED_A_NEW_TERM
2019-10-16 21:55:15,889 [277b5c5e-8c6f-4c9a-a53f-1bbc96404e12@group-569FAC3F8BCE-LeaderElection162] INFO  impl.RoleInfo (RoleInfo.java:shutdownLeaderElection(134)) - 277b5c5e-8c6f-4c9a-a53f-1bbc96404e12: shutdown LeaderElection
2019-10-16 21:55:15,889 [277b5c5e-8c6f-4c9a-a53f-1bbc96404e12@group-569FAC3F8BCE-LeaderElection162] INFO  impl.RoleInfo (RoleInfo.java:updateAndGet(143)) - 277b5c5e-8c6f-4c9a-a53f-1bbc96404e12: start FollowerState
2019-10-16 21:55:15,925 [Thread-1244] INFO  impl.FollowerState (FollowerState.java:run(108)) - 277b5c5e-8c6f-4c9a-a53f-1bbc96404e12@group-569FAC3F8BCE-FollowerState: change to CANDIDATE, lastRpcTime:36ms, electionTimeout:36ms
2019-10-16 21:55:15,925 [Thread-1244] INFO  impl.RoleInfo (RoleInfo.java:shutdownFollowerState(121)) - 277b5c5e-8c6f-4c9a-a53f-1bbc96404e12: shutdown FollowerState
2019-10-16 21:55:15,926 [Thread-1244] INFO  impl.RaftServerImpl (RaftServerImpl.java:setRole(184)) - 277b5c5e-8c6f-4c9a-a53f-1bbc96404e12@group-569FAC3F8BCE: changes role from  FOLLOWER to CANDIDATE at term 156 for changeToCandidate
2019-10-16 21:55:15,926 [Thread-1244] INFO  impl.RoleInfo (RoleInfo.java:updateAndGet(143)) - 277b5c5e-8c6f-4c9a-a53f-1bbc96404e12: start LeaderElection
2019-10-16 21:55:15,940 [277b5c5e-8c6f-4c9a-a53f-1bbc96404e12@group-569FAC3F8BCE-LeaderElection163] INFO  impl.LeaderElection (LeaderElection.java:askForVotes(178)) - 277b5c5e-8c6f-4c9a-a53f-1bbc96404e12@group-569FAC3F8BCE-LeaderElection163: begin an election at term 157 for -1: [a32408a4-f19d-4bad-97c5-ba33ae94fc9a:192.168.157.254:38721, 6b24a2ab-97ee-4d49-85cc-2d76c2f4b8ef:192.168.157.254:41080, 277b5c5e-8c6f-4c9a-a53f-1bbc96404e12:192.168.157.254:41416], old=null
2019-10-16 21:55:15,942 [grpc-default-executor-0] INFO  impl.RaftServerImpl (RaftServerImpl.java:setRole(184)) - a32408a4-f19d-4bad-97c5-ba33ae94fc9a@group-569FAC3F8BCE: changes role from  FOLLOWER to FOLLOWER at term 157 for recognizeCandidate:277b5c5e-8c6f-4c9a-a53f-1bbc96404e12
2019-10-16 21:55:15,942 [grpc-default-executor-0] INFO  impl.RoleInfo (RoleInfo.java:shutdownFollowerState(121)) - a32408a4-f19d-4bad-97c5-ba33ae94fc9a: shutdown FollowerState
2019-10-16 21:55:15,942 [grpc-default-executor-1] INFO  impl.RaftServerImpl (RaftServerImpl.java:setRole(184)) - 6b24a2ab-97ee-4d49-85cc-2d76c2f4b8ef@group-569FAC3F8BCE: changes role from  FOLLOWER to FOLLOWER at term 157 for recognizeCandidate:277b5c5e-8c6f-4c9a-a53f-1bbc96404e12
2019-10-16 21:55:15,942 [grpc-default-executor-1] INFO  impl.RoleInfo (RoleInfo.java:shutdownFollowerState(121)) - 6b24a2ab-97ee-4d49-85cc-2d76c2f4b8ef: shutdown FollowerState
2019-10-16 21:55:15,942 [Thread-1242] INFO  impl.FollowerState (FollowerState.java:run(117)) - a32408a4-f19d-4bad-97c5-ba33ae94fc9a@group-569FAC3F8BCE-FollowerState was interrupted: java.lang.InterruptedException: sleep interrupted
2019-10-16 21:55:15,942 [grpc-default-executor-0] INFO  impl.RoleInfo (RoleInfo.java:updateAndGet(143)) - a32408a4-f19d-4bad-97c5-ba33ae94fc9a: start FollowerState
2019-10-16 21:55:15,942 [Thread-1243] INFO  impl.FollowerState (FollowerState.java:run(117)) - 6b24a2ab-97ee-4d49-85cc-2d76c2f4b8ef@group-569FAC3F8BCE-FollowerState was interrupted: java.lang.InterruptedException: sleep interrupted
2019-10-16 21:55:15,942 [grpc-default-executor-1] INFO  impl.RoleInfo (RoleInfo.java:updateAndGet(143)) - 6b24a2ab-97ee-4d49-85cc-2d76c2f4b8ef: start FollowerState
2019-10-16 21:55:15,956 [277b5c5e-8c6f-4c9a-a53f-1bbc96404e12@group-569FAC3F8BCE-LeaderElection163] INFO  impl.LeaderElection (LeaderElection.java:logAndReturn(56)) - 277b5c5e-8c6f-4c9a-a53f-1bbc96404e12@group-569FAC3F8BCE-LeaderElection163: Election REJECTED; received 2 response(s) [277b5c5e-8c6f-4c9a-a53f-1bbc96404e12<-a32408a4-f19d-4bad-97c5-ba33ae94fc9a#0:FAIL-t157, 277b5c5e-8c6f-4c9a-a53f-1bbc96404e12<-6b24a2ab-97ee-4d49-85cc-2d76c2f4b8ef#0:FAIL-t157] and 0 exception(s); 277b5c5e-8c6f-4c9a-a53f-1bbc96404e12@group-569FAC3F8BCE:t157, leader=null, voted=277b5c5e-8c6f-4c9a-a53f-1bbc96404e12, raftlog=277b5c5e-8c6f-4c9a-a53f-1bbc96404e12@group-569FAC3F8BCE-SegmentedRaftLog:OPENED:c-1,f-1,i0, conf=-1: [a32408a4-f19d-4bad-97c5-ba33ae94fc9a:192.168.157.254:38721, 6b24a2ab-97ee-4d49-85cc-2d76c2f4b8ef:192.168.157.254:41080, 277b5c5e-8c6f-4c9a-a53f-1bbc96404e12:192.168.157.254:41416], old=null
2019-10-16 21:55:15,956 [277b5c5e-8c6f-4c9a-a53f-1bbc96404e12@group-569FAC3F8BCE-LeaderElection163] INFO  impl.RaftServerImpl (RaftServerImpl.java:setRole(184)) - 277b5c5e-8c6f-4c9a-a53f-1bbc96404e12@group-569FAC3F8BCE: changes role from CANDIDATE to FOLLOWER at term 157 for DISCOVERED_A_NEW_TERM
2019-10-16 21:55:15,957 [277b5c5e-8c6f-4c9a-a53f-1bbc96404e12@group-569FAC3F8BCE-LeaderElection163] INFO  impl.RoleInfo (RoleInfo.java:shutdownLeaderElection(134)) - 277b5c5e-8c6f-4c9a-a53f-1bbc96404e12: shutdown LeaderElection
2019-10-16 21:55:15,957 [277b5c5e-8c6f-4c9a-a53f-1bbc96404e12@group-569FAC3F8BCE-LeaderElection163] INFO  impl.RoleInfo (RoleInfo.java:updateAndGet(143)) - 277b5c5e-8c6f-4c9a-a53f-1bbc96404e12: start FollowerState
2019-10-16 21:55:15,976 [Thread-1250] INFO  impl.FollowerState (FollowerState.java:run(108)) - 277b5c5e-8c6f-4c9a-a53f-1bbc96404e12@group-569FAC3F8BCE-FollowerState: change to CANDIDATE, lastRpcTime:19ms, electionTimeout:19ms
2019-10-16 21:55:15,976 [Thread-1250] INFO  impl.RoleInfo (RoleInfo.java:shutdownFollowerState(121)) - 277b5c5e-8c6f-4c9a-a53f-1bbc96404e12: shutdown FollowerState
2019-10-16 21:55:15,976 [Thread-1250] INFO  impl.RaftServerImpl (RaftServerImpl.java:setRole(184)) - 277b5c5e-8c6f-4c9a-a53f-1bbc96404e12@group-569FAC3F8BCE: changes role from  FOLLOWER to CANDIDATE at term 157 for changeToCandidate
2019-10-16 21:55:15,976 [Thread-1250] INFO  impl.RoleInfo (RoleInfo.java:updateAndGet(143)) - 277b5c5e-8c6f-4c9a-a53f-1bbc96404e12: start LeaderElection
2019-10-16 21:55:15,990 [277b5c5e-8c6f-4c9a-a53f-1bbc96404e12@group-569FAC3F8BCE-LeaderElection164] INFO  impl.LeaderElection (LeaderElection.java:askForVotes(178)) - 277b5c5e-8c6f-4c9a-a53f-1bbc96404e12@group-569FAC3F8BCE-LeaderElection164: begin an election at term 158 for -1: [a32408a4-f19d-4bad-97c5-ba33ae94fc9a:192.168.157.254:38721, 6b24a2ab-97ee-4d49-85cc-2d76c2f4b8ef:192.168.157.254:41080, 277b5c5e-8c6f-4c9a-a53f-1bbc96404e12:192.168.157.254:41416], old=null
2019-10-16 21:55:15,991 [grpc-default-executor-0] INFO  impl.RaftServerImpl (RaftServerImpl.java:setRole(184)) - a32408a4-f19d-4bad-97c5-ba33ae94fc9a@group-569FAC3F8BCE: changes role from  FOLLOWER to FOLLOWER at term 158 for recognizeCandidate:277b5c5e-8c6f-4c9a-a53f-1bbc96404e12
2019-10-16 21:55:15,992 [grpc-default-executor-0] INFO  impl.RoleInfo (RoleInfo.java:shutdownFollowerState(121)) - a32408a4-f19d-4bad-97c5-ba33ae94fc9a: shutdown FollowerState
2019-10-16 21:55:15,992 [grpc-default-executor-1] INFO  impl.RaftServerImpl (RaftServerImpl.java:setRole(184)) - 6b24a2ab-97ee-4d49-85cc-2d76c2f4b8ef@group-569FAC3F8BCE: changes role from  FOLLOWER to FOLLOWER at term 158 for recognizeCandidate:277b5c5e-8c6f-4c9a-a53f-1bbc96404e12
2019-10-16 21:55:15,992 [grpc-default-executor-1] INFO  impl.RoleInfo (RoleInfo.java:shutdownFollowerState(121)) - 6b24a2ab-97ee-4d49-85cc-2d76c2f4b8ef: shutdown FollowerState
2019-10-16 21:55:15,992 [grpc-default-executor-0] INFO  impl.RoleInfo (RoleInfo.java:updateAndGet(143)) - a32408a4-f19d-4bad-97c5-ba33ae94fc9a: start FollowerState
2019-10-16 21:55:15,992 [Thread-1248] INFO  impl.FollowerState (FollowerState.java:run(117)) - a32408a4-f19d-4bad-97c5-ba33ae94fc9a@group-569FAC3F8BCE-FollowerState was interrupted: java.lang.InterruptedException: sleep interrupted
2019-10-16 21:55:15,992 [Thread-1249] INFO  impl.FollowerState (FollowerState.java:run(117)) - 6b24a2ab-97ee-4d49-85cc-2d76c2f4b8ef@group-569FAC3F8BCE-FollowerState was interrupted: java.lang.InterruptedException: sleep interrupted
2019-10-16 21:55:15,992 [grpc-default-executor-1] INFO  impl.RoleInfo (RoleInfo.java:updateAndGet(143)) - 6b24a2ab-97ee-4d49-85cc-2d76c2f4b8ef: start FollowerState
2019-10-16 21:55:16,019 [277b5c5e-8c6f-4c9a-a53f-1bbc96404e12@group-569FAC3F8BCE-LeaderElection164] INFO  impl.LeaderElection (LeaderElection.java:logAndReturn(56)) - 277b5c5e-8c6f-4c9a-a53f-1bbc96404e12@group-569FAC3F8BCE-LeaderElection164: Election REJECTED; received 2 response(s) [277b5c5e-8c6f-4c9a-a53f-1bbc96404e12<-6b24a2ab-97ee-4d49-85cc-2d76c2f4b8ef#0:FAIL-t158, 277b5c5e-8c6f-4c9a-a53f-1bbc96404e12<-a32408a4-f19d-4bad-97c5-ba33ae94fc9a#0:FAIL-t158] and 0 exception(s); 277b5c5e-8c6f-4c9a-a53f-1bbc96404e12@group-569FAC3F8BCE:t158, leader=null, voted=277b5c5e-8c6f-4c9a-a53f-1bbc96404e12, raftlog=277b5c5e-8c6f-4c9a-a53f-1bbc96404e12@group-569FAC3F8BCE-SegmentedRaftLog:OPENED:c-1,f-1,i0, conf=-1: [a32408a4-f19d-4bad-97c5-ba33ae94fc9a:192.168.157.254:38721, 6b24a2ab-97ee-4d49-85cc-2d76c2f4b8ef:192.168.157.254:41080, 277b5c5e-8c6f-4c9a-a53f-1bbc96404e12:192.168.157.254:41416], old=null
2019-10-16 21:55:16,019 [277b5c5e-8c6f-4c9a-a53f-1bbc96404e12@group-569FAC3F8BCE-LeaderElection164] INFO  impl.RaftServerImpl (RaftServerImpl.java:setRole(184)) - 277b5c5e-8c6f-4c9a-a53f-1bbc96404e12@group-569FAC3F8BCE: changes role from CANDIDATE to FOLLOWER at term 158 for DISCOVERED_A_NEW_TERM
2019-10-16 21:55:16,019 [277b5c5e-8c6f-4c9a-a53f-1bbc96404e12@group-569FAC3F8BCE-LeaderElection164] INFO  impl.RoleInfo (RoleInfo.java:shutdownLeaderElection(134)) - 277b5c5e-8c6f-4c9a-a53f-1bbc96404e12: shutdown LeaderElection
2019-10-16 21:55:16,019 [277b5c5e-8c6f-4c9a-a53f-1bbc96404e12@group-569FAC3F8BCE-LeaderElection164] INFO  impl.RoleInfo (RoleInfo.java:updateAndGet(143)) - 277b5c5e-8c6f-4c9a-a53f-1bbc96404e12: start FollowerState
2019-10-16 21:55:16,162 [Thread-1256] INFO  impl.FollowerState (FollowerState.java:run(108)) - 277b5c5e-8c6f-4c9a-a53f-1bbc96404e12@group-569FAC3F8BCE-FollowerState: change to CANDIDATE, lastRpcTime:142ms, electionTimeout:142ms
2019-10-16 21:55:16,162 [Thread-1256] INFO  impl.RoleInfo (RoleInfo.java:shutdownFollowerState(121)) - 277b5c5e-8c6f-4c9a-a53f-1bbc96404e12: shutdown FollowerState
2019-10-16 21:55:16,162 [Thread-1256] INFO  impl.RaftServerImpl (RaftServerImpl.java:setRole(184)) - 277b5c5e-8c6f-4c9a-a53f-1bbc96404e12@group-569FAC3F8BCE: changes role from  FOLLOWER to CANDIDATE at term 158 for changeToCandidate
2019-10-16 21:55:16,162 [Thread-1256] INFO  impl.RoleInfo (RoleInfo.java:updateAndGet(143)) - 277b5c5e-8c6f-4c9a-a53f-1bbc96404e12: start LeaderElection
2019-10-16 21:55:16,178 [277b5c5e-8c6f-4c9a-a53f-1bbc96404e12@group-569FAC3F8BCE-LeaderElection165] INFO  impl.LeaderElection (LeaderElection.java:askForVotes(178)) - 277b5c5e-8c6f-4c9a-a53f-1bbc96404e12@group-569FAC3F8BCE-LeaderElection165: begin an election at term 159 for -1: [a32408a4-f19d-4bad-97c5-ba33ae94fc9a:192.168.157.254:38721, 6b24a2ab-97ee-4d49-85cc-2d76c2f4b8ef:192.168.157.254:41080, 277b5c5e-8c6f-4c9a-a53f-1bbc96404e12:192.168.157.254:41416], old=null
2019-10-16 21:55:16,181 [grpc-default-executor-1] INFO  impl.RaftServerImpl (RaftServerImpl.java:setRole(184)) - 6b24a2ab-97ee-4d49-85cc-2d76c2f4b8ef@group-569FAC3F8BCE: changes role from  FOLLOWER to FOLLOWER at term 159 for recognizeCandidate:277b5c5e-8c6f-4c9a-a53f-1bbc96404e12
2019-10-16 21:55:16,181 [grpc-default-executor-1] INFO  impl.RoleInfo (RoleInfo.java:shutdownFollowerState(121)) - 6b24a2ab-97ee-4d49-85cc-2d76c2f4b8ef: shutdown FollowerState
2019-10-16 21:55:16,181 [grpc-default-executor-0] INFO  impl.RaftServerImpl (RaftServerImpl.java:setRole(184)) - a32408a4-f19d-4bad-97c5-ba33ae94fc9a@group-569FAC3F8BCE: changes role from  FOLLOWER to FOLLOWER at term 159 for recognizeCandidate:277b5c5e-8c6f-4c9a-a53f-1bbc96404e12
2019-10-16 21:55:16,181 [grpc-default-executor-1] INFO  impl.RoleInfo (RoleInfo.java:updateAndGet(143)) - 6b24a2ab-97ee-4d49-85cc-2d76c2f4b8ef: start FollowerState
2019-10-16 21:55:16,181 [Thread-1255] INFO  impl.FollowerState (FollowerState.java:run(117)) - 6b24a2ab-97ee-4d49-85cc-2d76c2f4b8ef@group-569FAC3F8BCE-FollowerState was interrupted: java.lang.InterruptedException: sleep interrupted
2019-10-16 21:55:16,181 [grpc-default-executor-0] INFO  impl.RoleInfo (RoleInfo.java:shutdownFollowerState(121)) - a32408a4-f19d-4bad-97c5-ba33ae94fc9a: shutdown FollowerState
2019-10-16 21:55:16,182 [grpc-default-executor-0] INFO  impl.RoleInfo (RoleInfo.java:updateAndGet(143)) - a32408a4-f19d-4bad-97c5-ba33ae94fc9a: start FollowerState
2019-10-16 21:55:16,182 [Thread-1254] INFO  impl.FollowerState (FollowerState.java:run(117)) - a32408a4-f19d-4bad-97c5-ba33ae94fc9a@group-569FAC3F8BCE-FollowerState was interrupted: java.lang.InterruptedException: sleep interrupted
2019-10-16 21:55:16,200 [277b5c5e-8c6f-4c9a-a53f-1bbc96404e12@group-569FAC3F8BCE-LeaderElection165] INFO  impl.LeaderElection (LeaderElection.java:logAndReturn(56)) - 277b5c5e-8c6f-4c9a-a53f-1bbc96404e12@group-569FAC3F8BCE-LeaderElection165: Election TIMEOUT; received 0 response(s) [] and 0 exception(s); 277b5c5e-8c6f-4c9a-a53f-1bbc96404e12@group-569FAC3F8BCE:t159, leader=null, voted=277b5c5e-8c6f-4c9a-a53f-1bbc96404e12, raftlog=277b5c5e-8c6f-4c9a-a53f-1bbc96404e12@group-569FAC3F8BCE-SegmentedRaftLog:OPENED:c-1,f-1,i0, conf=-1: [a32408a4-f19d-4bad-97c5-ba33ae94fc9a:192.168.157.254:38721, 6b24a2ab-97ee-4d49-85cc-2d76c2f4b8ef:192.168.157.254:41080, 277b5c5e-8c6f-4c9a-a53f-1bbc96404e12:192.168.157.254:41416], old=null
2019-10-16 21:55:16,207 [277b5c5e-8c6f-4c9a-a53f-1bbc96404e12@group-569FAC3F8BCE-LeaderElection165] INFO  impl.LeaderElection (LeaderElection.java:askForVotes(178)) - 277b5c5e-8c6f-4c9a-a53f-1bbc96404e12@group-569FAC3F8BCE-LeaderElection165: begin an election at term 160 for -1: [a32408a4-f19d-4bad-97c5-ba33ae94fc9a:192.168.157.254:38721, 6b24a2ab-97ee-4d49-85cc-2d76c2f4b8ef:192.168.157.254:41080, 277b5c5e-8c6f-4c9a-a53f-1bbc96404e12:192.168.157.254:41416], old=null
2019-10-16 21:55:16,209 [grpc-default-executor-1] INFO  impl.RaftServerImpl (RaftServerImpl.java:setRole(184)) - 6b24a2ab-97ee-4d49-85cc-2d76c2f4b8ef@group-569FAC3F8BCE: changes role from  FOLLOWER to FOLLOWER at term 160 for recognizeCandidate:277b5c5e-8c6f-4c9a-a53f-1bbc96404e12
2019-10-16 21:55:16,209 [grpc-default-executor-0] INFO  impl.RaftServerImpl (RaftServerImpl.java:setRole(184)) - a32408a4-f19d-4bad-97c5-ba33ae94fc9a@group-569FAC3F8BCE: changes role from  FOLLOWER to FOLLOWER at term 160 for recognizeCandidate:277b5c5e-8c6f-4c9a-a53f-1bbc96404e12
2019-10-16 21:55:16,209 [grpc-default-executor-1] INFO  impl.RoleInfo (RoleInfo.java:shutdownFollowerState(121)) - 6b24a2ab-97ee-4d49-85cc-2d76c2f4b8ef: shutdown FollowerState
2019-10-16 21:55:16,209 [grpc-default-executor-0] INFO  impl.RoleInfo (RoleInfo.java:shutdownFollowerState(121)) - a32408a4-f19d-4bad-97c5-ba33ae94fc9a: shutdown FollowerState
2019-10-16 21:55:16,209 [Thread-1260] INFO  impl.FollowerState (FollowerState.java:run(117)) - 6b24a2ab-97ee-4d49-85cc-2d76c2f4b8ef@group-569FAC3F8BCE-FollowerState was interrupted: java.lang.InterruptedException: sleep interrupted
2019-10-16 21:55:16,209 [grpc-default-executor-1] INFO  impl.RoleInfo (RoleInfo.java:updateAndGet(143)) - 6b24a2ab-97ee-4d49-85cc-2d76c2f4b8ef: start FollowerState
2019-10-16 21:55:16,210 [Thread-1261] INFO  impl.FollowerState (FollowerState.java:run(117)) - a32408a4-f19d-4bad-97c5-ba33ae94fc9a@group-569FAC3F8BCE-FollowerState was interrupted: java.lang.InterruptedException: sleep interrupted
2019-10-16 21:55:16,210 [grpc-default-executor-0] INFO  impl.RoleInfo (RoleInfo.java:updateAndGet(143)) - a32408a4-f19d-4bad-97c5-ba33ae94fc9a: start FollowerState
2019-10-16 21:55:16,235 [277b5c5e-8c6f-4c9a-a53f-1bbc96404e12@group-569FAC3F8BCE-LeaderElection165] INFO  impl.LeaderElection (LeaderElection.java:logAndReturn(56)) - 277b5c5e-8c6f-4c9a-a53f-1bbc96404e12@group-569FAC3F8BCE-LeaderElection165: Election REJECTED; received 2 response(s) [277b5c5e-8c6f-4c9a-a53f-1bbc96404e12<-a32408a4-f19d-4bad-97c5-ba33ae94fc9a#0:FAIL-t160, 277b5c5e-8c6f-4c9a-a53f-1bbc96404e12<-6b24a2ab-97ee-4d49-85cc-2d76c2f4b8ef#0:FAIL-t160] and 0 exception(s); 277b5c5e-8c6f-4c9a-a53f-1bbc96404e12@group-569FAC3F8BCE:t160, leader=null, voted=277b5c5e-8c6f-4c9a-a53f-1bbc96404e12, raftlog=277b5c5e-8c6f-4c9a-a53f-1bbc96404e12@group-569FAC3F8BCE-SegmentedRaftLog:OPENED:c-1,f-1,i0, conf=-1: [a32408a4-f19d-4bad-97c5-ba33ae94fc9a:192.168.157.254:38721, 6b24a2ab-97ee-4d49-85cc-2d76c2f4b8ef:192.168.157.254:41080, 277b5c5e-8c6f-4c9a-a53f-1bbc96404e12:192.168.157.254:41416], old=null
2019-10-16 21:55:16,235 [277b5c5e-8c6f-4c9a-a53f-1bbc96404e12@group-569FAC3F8BCE-LeaderElection165] INFO  impl.RaftServerImpl (RaftServerImpl.java:setRole(184)) - 277b5c5e-8c6f-4c9a-a53f-1bbc96404e12@group-569FAC3F8BCE: changes role from CANDIDATE to FOLLOWER at term 160 for DISCOVERED_A_NEW_TERM
2019-10-16 21:55:16,235 [277b5c5e-8c6f-4c9a-a53f-1bbc96404e12@group-569FAC3F8BCE-LeaderElection165] INFO  impl.RoleInfo (RoleInfo.java:shutdownLeaderElection(134)) - 277b5c5e-8c6f-4c9a-a53f-1bbc96404e12: shutdown LeaderElection
2019-10-16 21:55:16,235 [277b5c5e-8c6f-4c9a-a53f-1bbc96404e12@group-569FAC3F8BCE-LeaderElection165] INFO  impl.RoleInfo (RoleInfo.java:updateAndGet(143)) - 277b5c5e-8c6f-4c9a-a53f-1bbc96404e12: start FollowerState
2019-10-16 21:55:16,371 [Thread-1266] INFO  impl.FollowerState (FollowerState.java:run(108)) - 277b5c5e-8c6f-4c9a-a53f-1bbc96404e12@group-569FAC3F8BCE-FollowerState: change to CANDIDATE, lastRpcTime:135ms, electionTimeout:135ms
2019-10-16 21:55:16,371 [Thread-1266] INFO  impl.RoleInfo (RoleInfo.java:shutdownFollowerState(121)) - 277b5c5e-8c6f-4c9a-a53f-1bbc96404e12: shutdown FollowerState
2019-10-16 21:55:16,371 [Thread-1266] INFO  impl.RaftServerImpl (RaftServerImpl.java:setRole(184)) - 277b5c5e-8c6f-4c9a-a53f-1bbc96404e12@group-569FAC3F8BCE: changes role from  FOLLOWER to CANDIDATE at term 160 for changeToCandidate
2019-10-16 21:55:16,371 [Thread-1266] INFO  impl.RoleInfo (RoleInfo.java:updateAndGet(143)) - 277b5c5e-8c6f-4c9a-a53f-1bbc96404e12: start LeaderElection
2019-10-16 21:55:16,385 [277b5c5e-8c6f-4c9a-a53f-1bbc96404e12@group-569FAC3F8BCE-LeaderElection166] INFO  impl.LeaderElection (LeaderElection.java:askForVotes(178)) - 277b5c5e-8c6f-4c9a-a53f-1bbc96404e12@group-569FAC3F8BCE-LeaderElection166: begin an election at term 161 for -1: [a32408a4-f19d-4bad-97c5-ba33ae94fc9a:192.168.157.254:38721, 6b24a2ab-97ee-4d49-85cc-2d76c2f4b8ef:192.168.157.254:41080, 277b5c5e-8c6f-4c9a-a53f-1bbc96404e12:192.168.157.254:41416], old=null
2019-10-16 21:55:16,386 [grpc-default-executor-1] INFO  impl.RaftServerImpl (RaftServerImpl.java:setRole(184)) - a32408a4-f19d-4bad-97c5-ba33ae94fc9a@group-569FAC3F8BCE: changes role from  FOLLOWER to FOLLOWER at term 161 for recognizeCandidate:277b5c5e-8c6f-4c9a-a53f-1bbc96404e12
2019-10-16 21:55:16,387 [grpc-default-executor-1] INFO  impl.RoleInfo (RoleInfo.java:shutdownFollowerState(121)) - a32408a4-f19d-4bad-97c5-ba33ae94fc9a: shutdown FollowerState
2019-10-16 21:55:16,387 [grpc-default-executor-0] INFO  impl.RaftServerImpl (RaftServerImpl.java:setRole(184)) - 6b24a2ab-97ee-4d49-85cc-2d76c2f4b8ef@group-569FAC3F8BCE: changes role from  FOLLOWER to FOLLOWER at term 161 for recognizeCandidate:277b5c5e-8c6f-4c9a-a53f-1bbc96404e12
2019-10-16 21:55:16,387 [Thread-1265] INFO  impl.FollowerState (FollowerState.java:run(117)) - a32408a4-f19d-4bad-97c5-ba33ae94fc9a@group-569FAC3F8BCE-FollowerState was interrupted: java.lang.InterruptedException: sleep interrupted
2019-10-16 21:55:16,387 [grpc-default-executor-1] INFO  impl.RoleInfo (RoleInfo.java:updateAndGet(143)) - a32408a4-f19d-4bad-97c5-ba33ae94fc9a: start FollowerState
2019-10-16 21:55:16,387 [grpc-default-executor-0] INFO  impl.RoleInfo (RoleInfo.java:shutdownFollowerState(121)) - 6b24a2ab-97ee-4d49-85cc-2d76c2f4b8ef: shutdown FollowerState
2019-10-16 21:55:16,387 [grpc-default-executor-0] INFO  impl.RoleInfo (RoleInfo.java:updateAndGet(143)) - 6b24a2ab-97ee-4d49-85cc-2d76c2f4b8ef: start FollowerState
2019-10-16 21:55:16,387 [Thread-1264] INFO  impl.FollowerState (FollowerState.java:run(117)) - 6b24a2ab-97ee-4d49-85cc-2d76c2f4b8ef@group-569FAC3F8BCE-FollowerState was interrupted: java.lang.InterruptedException: sleep interrupted
2019-10-16 21:55:16,408 [277b5c5e-8c6f-4c9a-a53f-1bbc96404e12@group-569FAC3F8BCE-LeaderElection166] INFO  impl.LeaderElection (LeaderElection.java:logAndReturn(56)) - 277b5c5e-8c6f-4c9a-a53f-1bbc96404e12@group-569FAC3F8BCE-LeaderElection166: Election REJECTED; received 2 response(s) [277b5c5e-8c6f-4c9a-a53f-1bbc96404e12<-6b24a2ab-97ee-4d49-85cc-2d76c2f4b8ef#0:FAIL-t161, 277b5c5e-8c6f-4c9a-a53f-1bbc96404e12<-a32408a4-f19d-4bad-97c5-ba33ae94fc9a#0:FAIL-t161] and 0 exception(s); 277b5c5e-8c6f-4c9a-a53f-1bbc96404e12@group-569FAC3F8BCE:t161, leader=null, voted=277b5c5e-8c6f-4c9a-a53f-1bbc96404e12, raftlog=277b5c5e-8c6f-4c9a-a53f-1bbc96404e12@group-569FAC3F8BCE-SegmentedRaftLog:OPENED:c-1,f-1,i0, conf=-1: [a32408a4-f19d-4bad-97c5-ba33ae94fc9a:192.168.157.254:38721, 6b24a2ab-97ee-4d49-85cc-2d76c2f4b8ef:192.168.157.254:41080, 277b5c5e-8c6f-4c9a-a53f-1bbc96404e12:192.168.157.254:41416], old=null
2019-10-16 21:55:16,409 [277b5c5e-8c6f-4c9a-a53f-1bbc96404e12@group-569FAC3F8BCE-LeaderElection166] INFO  impl.RaftServerImpl (RaftServerImpl.java:setRole(184)) - 277b5c5e-8c6f-4c9a-a53f-1bbc96404e12@group-569FAC3F8BCE: changes role from CANDIDATE to FOLLOWER at term 161 for DISCOVERED_A_NEW_TERM
2019-10-16 21:55:16,409 [277b5c5e-8c6f-4c9a-a53f-1bbc96404e12@group-569FAC3F8BCE-LeaderElection166] INFO  impl.RoleInfo (RoleInfo.java:shutdownLeaderElection(134)) - 277b5c5e-8c6f-4c9a-a53f-1bbc96404e12: shutdown LeaderElection
2019-10-16 21:55:16,409 [277b5c5e-8c6f-4c9a-a53f-1bbc96404e12@group-569FAC3F8BCE-LeaderElection166] INFO  impl.RoleInfo (RoleInfo.java:updateAndGet(143)) - 277b5c5e-8c6f-4c9a-a53f-1bbc96404e12: start FollowerState
2019-10-16 21:55:16,567 [Thread-1272] INFO  impl.FollowerState (FollowerState.java:run(108)) - 277b5c5e-8c6f-4c9a-a53f-1bbc96404e12@group-569FAC3F8BCE-FollowerState: change to CANDIDATE, lastRpcTime:158ms, electionTimeout:158ms
2019-10-16 21:55:16,567 [Thread-1272] INFO  impl.RoleInfo (RoleInfo.java:shutdownFollowerState(121)) - 277b5c5e-8c6f-4c9a-a53f-1bbc96404e12: shutdown FollowerState
2019-10-16 21:55:16,568 [Thread-1272] INFO  impl.RaftServerImpl (RaftServerImpl.java:setRole(184)) - 277b5c5e-8c6f-4c9a-a53f-1bbc96404e12@group-569FAC3F8BCE: changes role from  FOLLOWER to CANDIDATE at term 161 for changeToCandidate
2019-10-16 21:55:16,568 [Thread-1272] INFO  impl.RoleInfo (RoleInfo.java:updateAndGet(143)) - 277b5c5e-8c6f-4c9a-a53f-1bbc96404e12: start LeaderElection
2019-10-16 21:55:16,569 [Thread-0] INFO  ozone.MiniOzoneClusterImpl (MiniOzoneClusterImpl.java:lambda$waitForClusterToBeReady$2(164)) - Waiting for 1 number of pipelines out of 4, to report a leader.
2019-10-16 21:55:16,581 [277b5c5e-8c6f-4c9a-a53f-1bbc96404e12@group-569FAC3F8BCE-LeaderElection167] INFO  impl.LeaderElection (LeaderElection.java:askForVotes(178)) - 277b5c5e-8c6f-4c9a-a53f-1bbc96404e12@group-569FAC3F8BCE-LeaderElection167: begin an election at term 162 for -1: [a32408a4-f19d-4bad-97c5-ba33ae94fc9a:192.168.157.254:38721, 6b24a2ab-97ee-4d49-85cc-2d76c2f4b8ef:192.168.157.254:41080, 277b5c5e-8c6f-4c9a-a53f-1bbc96404e12:192.168.157.254:41416], old=null
2019-10-16 21:55:16,584 [grpc-default-executor-0] INFO  impl.RaftServerImpl (RaftServerImpl.java:setRole(184)) - 6b24a2ab-97ee-4d49-85cc-2d76c2f4b8ef@group-569FAC3F8BCE: changes role from  FOLLOWER to FOLLOWER at term 162 for recognizeCandidate:277b5c5e-8c6f-4c9a-a53f-1bbc96404e12
2019-10-16 21:55:16,584 [grpc-default-executor-0] INFO  impl.RoleInfo (RoleInfo.java:shutdownFollowerState(121)) - 6b24a2ab-97ee-4d49-85cc-2d76c2f4b8ef: shutdown FollowerState
2019-10-16 21:55:16,584 [grpc-default-executor-1] INFO  impl.RaftServerImpl (RaftServerImpl.java:setRole(184)) - a32408a4-f19d-4bad-97c5-ba33ae94fc9a@group-569FAC3F8BCE: changes role from  FOLLOWER to FOLLOWER at term 162 for recognizeCandidate:277b5c5e-8c6f-4c9a-a53f-1bbc96404e12
2019-10-16 21:55:16,585 [Thread-1271] INFO  impl.FollowerState (FollowerState.java:run(117)) - 6b24a2ab-97ee-4d49-85cc-2d76c2f4b8ef@group-569FAC3F8BCE-FollowerState was interrupted: java.lang.InterruptedException: sleep interrupted
2019-10-16 21:55:16,584 [grpc-default-executor-0] INFO  impl.RoleInfo (RoleInfo.java:updateAndGet(143)) - 6b24a2ab-97ee-4d49-85cc-2d76c2f4b8ef: start FollowerState
2019-10-16 21:55:16,584 [277b5c5e-8c6f-4c9a-a53f-1bbc96404e12@group-569FAC3F8BCE-LeaderElection167] INFO  impl.LeaderElection (LeaderElection.java:logAndReturn(56)) - 277b5c5e-8c6f-4c9a-a53f-1bbc96404e12@group-569FAC3F8BCE-LeaderElection167: Election TIMEOUT; received 0 response(s) [] and 0 exception(s); 277b5c5e-8c6f-4c9a-a53f-1bbc96404e12@group-569FAC3F8BCE:t162, leader=null, voted=277b5c5e-8c6f-4c9a-a53f-1bbc96404e12, raftlog=277b5c5e-8c6f-4c9a-a53f-1bbc96404e12@group-569FAC3F8BCE-SegmentedRaftLog:OPENED:c-1,f-1,i0, conf=-1: [a32408a4-f19d-4bad-97c5-ba33ae94fc9a:192.168.157.254:38721, 6b24a2ab-97ee-4d49-85cc-2d76c2f4b8ef:192.168.157.254:41080, 277b5c5e-8c6f-4c9a-a53f-1bbc96404e12:192.168.157.254:41416], old=null
2019-10-16 21:55:16,585 [grpc-default-executor-1] INFO  impl.RoleInfo (RoleInfo.java:shutdownFollowerState(121)) - a32408a4-f19d-4bad-97c5-ba33ae94fc9a: shutdown FollowerState
2019-10-16 21:55:16,585 [grpc-default-executor-1] INFO  impl.RoleInfo (RoleInfo.java:updateAndGet(143)) - a32408a4-f19d-4bad-97c5-ba33ae94fc9a: start FollowerState
2019-10-16 21:55:16,585 [Thread-1270] INFO  impl.FollowerState (FollowerState.java:run(117)) - a32408a4-f19d-4bad-97c5-ba33ae94fc9a@group-569FAC3F8BCE-FollowerState was interrupted: java.lang.InterruptedException: sleep interrupted
2019-10-16 21:55:16,610 [277b5c5e-8c6f-4c9a-a53f-1bbc96404e12@group-569FAC3F8BCE-LeaderElection167] INFO  impl.LeaderElection (LeaderElection.java:askForVotes(178)) - 277b5c5e-8c6f-4c9a-a53f-1bbc96404e12@group-569FAC3F8BCE-LeaderElection167: begin an election at term 163 for -1: [a32408a4-f19d-4bad-97c5-ba33ae94fc9a:192.168.157.254:38721, 6b24a2ab-97ee-4d49-85cc-2d76c2f4b8ef:192.168.157.254:41080, 277b5c5e-8c6f-4c9a-a53f-1bbc96404e12:192.168.157.254:41416], old=null
2019-10-16 21:55:16,612 [grpc-default-executor-0] INFO  impl.RaftServerImpl (RaftServerImpl.java:setRole(184)) - a32408a4-f19d-4bad-97c5-ba33ae94fc9a@group-569FAC3F8BCE: changes role from  FOLLOWER to FOLLOWER at term 163 for recognizeCandidate:277b5c5e-8c6f-4c9a-a53f-1bbc96404e12
2019-10-16 21:55:16,612 [grpc-default-executor-1] INFO  impl.RaftServerImpl (RaftServerImpl.java:setRole(184)) - 6b24a2ab-97ee-4d49-85cc-2d76c2f4b8ef@group-569FAC3F8BCE: changes role from  FOLLOWER to FOLLOWER at term 163 for recognizeCandidate:277b5c5e-8c6f-4c9a-a53f-1bbc96404e12
2019-10-16 21:55:16,612 [grpc-default-executor-1] INFO  impl.RoleInfo (RoleInfo.java:shutdownFollowerState(121)) - 6b24a2ab-97ee-4d49-85cc-2d76c2f4b8ef: shutdown FollowerState
2019-10-16 21:55:16,612 [grpc-default-executor-0] INFO  impl.RoleInfo (RoleInfo.java:shutdownFollowerState(121)) - a32408a4-f19d-4bad-97c5-ba33ae94fc9a: shutdown FollowerState
2019-10-16 21:55:16,613 [Thread-1276] INFO  impl.FollowerState (FollowerState.java:run(117)) - 6b24a2ab-97ee-4d49-85cc-2d76c2f4b8ef@group-569FAC3F8BCE-FollowerState was interrupted: java.lang.InterruptedException: sleep interrupted
2019-10-16 21:55:16,613 [grpc-default-executor-1] INFO  impl.RoleInfo (RoleInfo.java:updateAndGet(143)) - 6b24a2ab-97ee-4d49-85cc-2d76c2f4b8ef: start FollowerState
2019-10-16 21:55:16,613 [Thread-1277] INFO  impl.FollowerState (FollowerState.java:run(117)) - a32408a4-f19d-4bad-97c5-ba33ae94fc9a@group-569FAC3F8BCE-FollowerState was interrupted: java.lang.InterruptedException: sleep interrupted
2019-10-16 21:55:16,613 [grpc-default-executor-0] INFO  impl.RoleInfo (RoleInfo.java:updateAndGet(143)) - a32408a4-f19d-4bad-97c5-ba33ae94fc9a: start FollowerState
2019-10-16 21:55:16,639 [277b5c5e-8c6f-4c9a-a53f-1bbc96404e12@group-569FAC3F8BCE-LeaderElection167] INFO  impl.LeaderElection (LeaderElection.java:logAndReturn(56)) - 277b5c5e-8c6f-4c9a-a53f-1bbc96404e12@group-569FAC3F8BCE-LeaderElection167: Election REJECTED; received 2 response(s) [277b5c5e-8c6f-4c9a-a53f-1bbc96404e12<-6b24a2ab-97ee-4d49-85cc-2d76c2f4b8ef#0:FAIL-t163, 277b5c5e-8c6f-4c9a-a53f-1bbc96404e12<-a32408a4-f19d-4bad-97c5-ba33ae94fc9a#0:FAIL-t163] and 0 exception(s); 277b5c5e-8c6f-4c9a-a53f-1bbc96404e12@group-569FAC3F8BCE:t163, leader=null, voted=277b5c5e-8c6f-4c9a-a53f-1bbc96404e12, raftlog=277b5c5e-8c6f-4c9a-a53f-1bbc96404e12@group-569FAC3F8BCE-SegmentedRaftLog:OPENED:c-1,f-1,i0, conf=-1: [a32408a4-f19d-4bad-97c5-ba33ae94fc9a:192.168.157.254:38721, 6b24a2ab-97ee-4d49-85cc-2d76c2f4b8ef:192.168.157.254:41080, 277b5c5e-8c6f-4c9a-a53f-1bbc96404e12:192.168.157.254:41416], old=null
2019-10-16 21:55:16,639 [277b5c5e-8c6f-4c9a-a53f-1bbc96404e12@group-569FAC3F8BCE-LeaderElection167] INFO  impl.RaftServerImpl (RaftServerImpl.java:setRole(184)) - 277b5c5e-8c6f-4c9a-a53f-1bbc96404e12@group-569FAC3F8BCE: changes role from CANDIDATE to FOLLOWER at term 163 for DISCOVERED_A_NEW_TERM
2019-10-16 21:55:16,639 [277b5c5e-8c6f-4c9a-a53f-1bbc96404e12@group-569FAC3F8BCE-LeaderElection167] INFO  impl.RoleInfo (RoleInfo.java:shutdownLeaderElection(134)) - 277b5c5e-8c6f-4c9a-a53f-1bbc96404e12: shutdown LeaderElection
2019-10-16 21:55:16,640 [277b5c5e-8c6f-4c9a-a53f-1bbc96404e12@group-569FAC3F8BCE-LeaderElection167] INFO  impl.RoleInfo (RoleInfo.java:updateAndGet(143)) - 277b5c5e-8c6f-4c9a-a53f-1bbc96404e12: start FollowerState
2019-10-16 21:55:16,682 [Thread-1282] INFO  impl.FollowerState (FollowerState.java:run(108)) - 277b5c5e-8c6f-4c9a-a53f-1bbc96404e12@group-569FAC3F8BCE-FollowerState: change to CANDIDATE, lastRpcTime:42ms, electionTimeout:42ms
2019-10-16 21:55:16,682 [Thread-1282] INFO  impl.RoleInfo (RoleInfo.java:shutdownFollowerState(121)) - 277b5c5e-8c6f-4c9a-a53f-1bbc96404e12: shutdown FollowerState
2019-10-16 21:55:16,682 [Thread-1282] INFO  impl.RaftServerImpl (RaftServerImpl.java:setRole(184)) - 277b5c5e-8c6f-4c9a-a53f-1bbc96404e12@group-569FAC3F8BCE: changes role from  FOLLOWER to CANDIDATE at term 163 for changeToCandidate
2019-10-16 21:55:16,682 [Thread-1282] INFO  impl.RoleInfo (RoleInfo.java:updateAndGet(143)) - 277b5c5e-8c6f-4c9a-a53f-1bbc96404e12: start LeaderElection
2019-10-16 21:55:16,695 [277b5c5e-8c6f-4c9a-a53f-1bbc96404e12@group-569FAC3F8BCE-LeaderElection168] INFO  impl.LeaderElection (LeaderElection.java:askForVotes(178)) - 277b5c5e-8c6f-4c9a-a53f-1bbc96404e12@group-569FAC3F8BCE-LeaderElection168: begin an election at term 164 for -1: [a32408a4-f19d-4bad-97c5-ba33ae94fc9a:192.168.157.254:38721, 6b24a2ab-97ee-4d49-85cc-2d76c2f4b8ef:192.168.157.254:41080, 277b5c5e-8c6f-4c9a-a53f-1bbc96404e12:192.168.157.254:41416], old=null
2019-10-16 21:55:16,697 [grpc-default-executor-0] INFO  impl.RaftServerImpl (RaftServerImpl.java:setRole(184)) - 6b24a2ab-97ee-4d49-85cc-2d76c2f4b8ef@group-569FAC3F8BCE: changes role from  FOLLOWER to FOLLOWER at term 164 for recognizeCandidate:277b5c5e-8c6f-4c9a-a53f-1bbc96404e12
2019-10-16 21:55:16,697 [grpc-default-executor-1] INFO  impl.RaftServerImpl (RaftServerImpl.java:setRole(184)) - a32408a4-f19d-4bad-97c5-ba33ae94fc9a@group-569FAC3F8BCE: changes role from  FOLLOWER to FOLLOWER at term 164 for recognizeCandidate:277b5c5e-8c6f-4c9a-a53f-1bbc96404e12
2019-10-16 21:55:16,697 [grpc-default-executor-1] INFO  impl.RoleInfo (RoleInfo.java:shutdownFollowerState(121)) - a32408a4-f19d-4bad-97c5-ba33ae94fc9a: shutdown FollowerState
2019-10-16 21:55:16,697 [grpc-default-executor-0] INFO  impl.RoleInfo (RoleInfo.java:shutdownFollowerState(121)) - 6b24a2ab-97ee-4d49-85cc-2d76c2f4b8ef: shutdown FollowerState
2019-10-16 21:55:16,698 [Thread-1281] INFO  impl.FollowerState (FollowerState.java:run(117)) - a32408a4-f19d-4bad-97c5-ba33ae94fc9a@group-569FAC3F8BCE-FollowerState was interrupted: java.lang.InterruptedException: sleep interrupted
2019-10-16 21:55:16,697 [grpc-default-executor-1] INFO  impl.RoleInfo (RoleInfo.java:updateAndGet(143)) - a32408a4-f19d-4bad-97c5-ba33ae94fc9a: start FollowerState
2019-10-16 21:55:16,698 [Thread-1280] INFO  impl.FollowerState (FollowerState.java:run(117)) - 6b24a2ab-97ee-4d49-85cc-2d76c2f4b8ef@group-569FAC3F8BCE-FollowerState was interrupted: java.lang.InterruptedException: sleep interrupted
2019-10-16 21:55:16,698 [grpc-default-executor-0] INFO  impl.RoleInfo (RoleInfo.java:updateAndGet(143)) - 6b24a2ab-97ee-4d49-85cc-2d76c2f4b8ef: start FollowerState
2019-10-16 21:55:16,713 [277b5c5e-8c6f-4c9a-a53f-1bbc96404e12@group-569FAC3F8BCE-LeaderElection168] INFO  impl.LeaderElection (LeaderElection.java:logAndReturn(56)) - 277b5c5e-8c6f-4c9a-a53f-1bbc96404e12@group-569FAC3F8BCE-LeaderElection168: Election REJECTED; received 2 response(s) [277b5c5e-8c6f-4c9a-a53f-1bbc96404e12<-6b24a2ab-97ee-4d49-85cc-2d76c2f4b8ef#0:FAIL-t164, 277b5c5e-8c6f-4c9a-a53f-1bbc96404e12<-a32408a4-f19d-4bad-97c5-ba33ae94fc9a#0:FAIL-t164] and 0 exception(s); 277b5c5e-8c6f-4c9a-a53f-1bbc96404e12@group-569FAC3F8BCE:t164, leader=null, voted=277b5c5e-8c6f-4c9a-a53f-1bbc96404e12, raftlog=277b5c5e-8c6f-4c9a-a53f-1bbc96404e12@group-569FAC3F8BCE-SegmentedRaftLog:OPENED:c-1,f-1,i0, conf=-1: [a32408a4-f19d-4bad-97c5-ba33ae94fc9a:192.168.157.254:38721, 6b24a2ab-97ee-4d49-85cc-2d76c2f4b8ef:192.168.157.254:41080, 277b5c5e-8c6f-4c9a-a53f-1bbc96404e12:192.168.157.254:41416], old=null
2019-10-16 21:55:16,713 [277b5c5e-8c6f-4c9a-a53f-1bbc96404e12@group-569FAC3F8BCE-LeaderElection168] INFO  impl.RaftServerImpl (RaftServerImpl.java:setRole(184)) - 277b5c5e-8c6f-4c9a-a53f-1bbc96404e12@group-569FAC3F8BCE: changes role from CANDIDATE to FOLLOWER at term 164 for DISCOVERED_A_NEW_TERM
2019-10-16 21:55:16,713 [277b5c5e-8c6f-4c9a-a53f-1bbc96404e12@group-569FAC3F8BCE-LeaderElection168] INFO  impl.RoleInfo (RoleInfo.java:shutdownLeaderElection(134)) - 277b5c5e-8c6f-4c9a-a53f-1bbc96404e12: shutdown LeaderElection
2019-10-16 21:55:16,713 [277b5c5e-8c6f-4c9a-a53f-1bbc96404e12@group-569FAC3F8BCE-LeaderElection168] INFO  impl.RoleInfo (RoleInfo.java:updateAndGet(143)) - 277b5c5e-8c6f-4c9a-a53f-1bbc96404e12: start FollowerState
2019-10-16 21:55:16,805 [Thread-1288] INFO  impl.FollowerState (FollowerState.java:run(108)) - 277b5c5e-8c6f-4c9a-a53f-1bbc96404e12@group-569FAC3F8BCE-FollowerState: change to CANDIDATE, lastRpcTime:91ms, electionTimeout:91ms
2019-10-16 21:55:16,805 [Thread-1288] INFO  impl.RoleInfo (RoleInfo.java:shutdownFollowerState(121)) - 277b5c5e-8c6f-4c9a-a53f-1bbc96404e12: shutdown FollowerState
2019-10-16 21:55:16,805 [Thread-1288] INFO  impl.RaftServerImpl (RaftServerImpl.java:setRole(184)) - 277b5c5e-8c6f-4c9a-a53f-1bbc96404e12@group-569FAC3F8BCE: changes role from  FOLLOWER to CANDIDATE at term 164 for changeToCandidate
2019-10-16 21:55:16,805 [Thread-1288] INFO  impl.RoleInfo (RoleInfo.java:updateAndGet(143)) - 277b5c5e-8c6f-4c9a-a53f-1bbc96404e12: start LeaderElection
2019-10-16 21:55:16,819 [277b5c5e-8c6f-4c9a-a53f-1bbc96404e12@group-569FAC3F8BCE-LeaderElection169] INFO  impl.LeaderElection (LeaderElection.java:askForVotes(178)) - 277b5c5e-8c6f-4c9a-a53f-1bbc96404e12@group-569FAC3F8BCE-LeaderElection169: begin an election at term 165 for -1: [a32408a4-f19d-4bad-97c5-ba33ae94fc9a:192.168.157.254:38721, 6b24a2ab-97ee-4d49-85cc-2d76c2f4b8ef:192.168.157.254:41080, 277b5c5e-8c6f-4c9a-a53f-1bbc96404e12:192.168.157.254:41416], old=null
2019-10-16 21:55:16,821 [grpc-default-executor-0] INFO  impl.RaftServerImpl (RaftServerImpl.java:setRole(184)) - a32408a4-f19d-4bad-97c5-ba33ae94fc9a@group-569FAC3F8BCE: changes role from  FOLLOWER to FOLLOWER at term 165 for recognizeCandidate:277b5c5e-8c6f-4c9a-a53f-1bbc96404e12
2019-10-16 21:55:16,821 [grpc-default-executor-0] INFO  impl.RoleInfo (RoleInfo.java:shutdownFollowerState(121)) - a32408a4-f19d-4bad-97c5-ba33ae94fc9a: shutdown FollowerState
2019-10-16 21:55:16,821 [grpc-default-executor-1] INFO  impl.RaftServerImpl (RaftServerImpl.java:setRole(184)) - 6b24a2ab-97ee-4d49-85cc-2d76c2f4b8ef@group-569FAC3F8BCE: changes role from  FOLLOWER to FOLLOWER at term 165 for recognizeCandidate:277b5c5e-8c6f-4c9a-a53f-1bbc96404e12
2019-10-16 21:55:16,822 [Thread-1286] INFO  impl.FollowerState (FollowerState.java:run(117)) - a32408a4-f19d-4bad-97c5-ba33ae94fc9a@group-569FAC3F8BCE-FollowerState was interrupted: java.lang.InterruptedException: sleep interrupted
2019-10-16 21:55:16,822 [grpc-default-executor-0] INFO  impl.RoleInfo (RoleInfo.java:updateAndGet(143)) - a32408a4-f19d-4bad-97c5-ba33ae94fc9a: start FollowerState
2019-10-16 21:55:16,822 [grpc-default-executor-1] INFO  impl.RoleInfo (RoleInfo.java:shutdownFollowerState(121)) - 6b24a2ab-97ee-4d49-85cc-2d76c2f4b8ef: shutdown FollowerState
2019-10-16 21:55:16,822 [grpc-default-executor-1] INFO  impl.RoleInfo (RoleInfo.java:updateAndGet(143)) - 6b24a2ab-97ee-4d49-85cc-2d76c2f4b8ef: start FollowerState
2019-10-16 21:55:16,822 [Thread-1287] INFO  impl.FollowerState (FollowerState.java:run(117)) - 6b24a2ab-97ee-4d49-85cc-2d76c2f4b8ef@group-569FAC3F8BCE-FollowerState was interrupted: java.lang.InterruptedException: sleep interrupted
2019-10-16 21:55:16,848 [277b5c5e-8c6f-4c9a-a53f-1bbc96404e12@group-569FAC3F8BCE-LeaderElection169] INFO  impl.LeaderElection (LeaderElection.java:logAndReturn(56)) - 277b5c5e-8c6f-4c9a-a53f-1bbc96404e12@group-569FAC3F8BCE-LeaderElection169: Election REJECTED; received 2 response(s) [277b5c5e-8c6f-4c9a-a53f-1bbc96404e12<-6b24a2ab-97ee-4d49-85cc-2d76c2f4b8ef#0:FAIL-t165, 277b5c5e-8c6f-4c9a-a53f-1bbc96404e12<-a32408a4-f19d-4bad-97c5-ba33ae94fc9a#0:FAIL-t165] and 0 exception(s); 277b5c5e-8c6f-4c9a-a53f-1bbc96404e12@group-569FAC3F8BCE:t165, leader=null, voted=277b5c5e-8c6f-4c9a-a53f-1bbc96404e12, raftlog=277b5c5e-8c6f-4c9a-a53f-1bbc96404e12@group-569FAC3F8BCE-SegmentedRaftLog:OPENED:c-1,f-1,i0, conf=-1: [a32408a4-f19d-4bad-97c5-ba33ae94fc9a:192.168.157.254:38721, 6b24a2ab-97ee-4d49-85cc-2d76c2f4b8ef:192.168.157.254:41080, 277b5c5e-8c6f-4c9a-a53f-1bbc96404e12:192.168.157.254:41416], old=null
2019-10-16 21:55:16,849 [277b5c5e-8c6f-4c9a-a53f-1bbc96404e12@group-569FAC3F8BCE-LeaderElection169] INFO  impl.RaftServerImpl (RaftServerImpl.java:setRole(184)) - 277b5c5e-8c6f-4c9a-a53f-1bbc96404e12@group-569FAC3F8BCE: changes role from CANDIDATE to FOLLOWER at term 165 for DISCOVERED_A_NEW_TERM
2019-10-16 21:55:16,849 [277b5c5e-8c6f-4c9a-a53f-1bbc96404e12@group-569FAC3F8BCE-LeaderElection169] INFO  impl.RoleInfo (RoleInfo.java:shutdownLeaderElection(134)) - 277b5c5e-8c6f-4c9a-a53f-1bbc96404e12: shutdown LeaderElection
2019-10-16 21:55:16,849 [277b5c5e-8c6f-4c9a-a53f-1bbc96404e12@group-569FAC3F8BCE-LeaderElection169] INFO  impl.RoleInfo (RoleInfo.java:updateAndGet(143)) - 277b5c5e-8c6f-4c9a-a53f-1bbc96404e12: start FollowerState
2019-10-16 21:55:16,947 [Thread-1294] INFO  impl.FollowerState (FollowerState.java:run(108)) - 277b5c5e-8c6f-4c9a-a53f-1bbc96404e12@group-569FAC3F8BCE-FollowerState: change to CANDIDATE, lastRpcTime:98ms, electionTimeout:98ms
2019-10-16 21:55:16,947 [Thread-1294] INFO  impl.RoleInfo (RoleInfo.java:shutdownFollowerState(121)) - 277b5c5e-8c6f-4c9a-a53f-1bbc96404e12: shutdown FollowerState
2019-10-16 21:55:16,948 [Thread-1294] INFO  impl.RaftServerImpl (RaftServerImpl.java:setRole(184)) - 277b5c5e-8c6f-4c9a-a53f-1bbc96404e12@group-569FAC3F8BCE: changes role from  FOLLOWER to CANDIDATE at term 165 for changeToCandidate
2019-10-16 21:55:16,948 [Thread-1294] INFO  impl.RoleInfo (RoleInfo.java:updateAndGet(143)) - 277b5c5e-8c6f-4c9a-a53f-1bbc96404e12: start LeaderElection
2019-10-16 21:55:16,961 [277b5c5e-8c6f-4c9a-a53f-1bbc96404e12@group-569FAC3F8BCE-LeaderElection170] INFO  impl.LeaderElection (LeaderElection.java:askForVotes(178)) - 277b5c5e-8c6f-4c9a-a53f-1bbc96404e12@group-569FAC3F8BCE-LeaderElection170: begin an election at term 166 for -1: [a32408a4-f19d-4bad-97c5-ba33ae94fc9a:192.168.157.254:38721, 6b24a2ab-97ee-4d49-85cc-2d76c2f4b8ef:192.168.157.254:41080, 277b5c5e-8c6f-4c9a-a53f-1bbc96404e12:192.168.157.254:41416], old=null
2019-10-16 21:55:16,964 [grpc-default-executor-1] INFO  impl.RaftServerImpl (RaftServerImpl.java:setRole(184)) - 6b24a2ab-97ee-4d49-85cc-2d76c2f4b8ef@group-569FAC3F8BCE: changes role from  FOLLOWER to FOLLOWER at term 166 for recognizeCandidate:277b5c5e-8c6f-4c9a-a53f-1bbc96404e12
2019-10-16 21:55:16,964 [grpc-default-executor-1] INFO  impl.RoleInfo (RoleInfo.java:shutdownFollowerState(121)) - 6b24a2ab-97ee-4d49-85cc-2d76c2f4b8ef: shutdown FollowerState
2019-10-16 21:55:16,964 [grpc-default-executor-0] INFO  impl.RaftServerImpl (RaftServerImpl.java:setRole(184)) - a32408a4-f19d-4bad-97c5-ba33ae94fc9a@group-569FAC3F8BCE: changes role from  FOLLOWER to FOLLOWER at term 166 for recognizeCandidate:277b5c5e-8c6f-4c9a-a53f-1bbc96404e12
2019-10-16 21:55:16,964 [Thread-1293] INFO  impl.FollowerState (FollowerState.java:run(117)) - 6b24a2ab-97ee-4d49-85cc-2d76c2f4b8ef@group-569FAC3F8BCE-FollowerState was interrupted: java.lang.InterruptedException: sleep interrupted
2019-10-16 21:55:16,964 [grpc-default-executor-1] INFO  impl.RoleInfo (RoleInfo.java:updateAndGet(143)) - 6b24a2ab-97ee-4d49-85cc-2d76c2f4b8ef: start FollowerState
2019-10-16 21:55:16,964 [grpc-default-executor-0] INFO  impl.RoleInfo (RoleInfo.java:shutdownFollowerState(121)) - a32408a4-f19d-4bad-97c5-ba33ae94fc9a: shutdown FollowerState
2019-10-16 21:55:16,965 [grpc-default-executor-0] INFO  impl.RoleInfo (RoleInfo.java:updateAndGet(143)) - a32408a4-f19d-4bad-97c5-ba33ae94fc9a: start FollowerState
2019-10-16 21:55:16,965 [Thread-1292] INFO  impl.FollowerState (FollowerState.java:run(117)) - a32408a4-f19d-4bad-97c5-ba33ae94fc9a@group-569FAC3F8BCE-FollowerState was interrupted: java.lang.InterruptedException: sleep interrupted
2019-10-16 21:55:16,980 [277b5c5e-8c6f-4c9a-a53f-1bbc96404e12@group-569FAC3F8BCE-LeaderElection170] INFO  impl.LeaderElection (LeaderElection.java:logAndReturn(56)) - 277b5c5e-8c6f-4c9a-a53f-1bbc96404e12@group-569FAC3F8BCE-LeaderElection170: Election REJECTED; received 2 response(s) [277b5c5e-8c6f-4c9a-a53f-1bbc96404e12<-a32408a4-f19d-4bad-97c5-ba33ae94fc9a#0:FAIL-t166, 277b5c5e-8c6f-4c9a-a53f-1bbc96404e12<-6b24a2ab-97ee-4d49-85cc-2d76c2f4b8ef#0:FAIL-t166] and 0 exception(s); 277b5c5e-8c6f-4c9a-a53f-1bbc96404e12@group-569FAC3F8BCE:t166, leader=null, voted=277b5c5e-8c6f-4c9a-a53f-1bbc96404e12, raftlog=277b5c5e-8c6f-4c9a-a53f-1bbc96404e12@group-569FAC3F8BCE-SegmentedRaftLog:OPENED:c-1,f-1,i0, conf=-1: [a32408a4-f19d-4bad-97c5-ba33ae94fc9a:192.168.157.254:38721, 6b24a2ab-97ee-4d49-85cc-2d76c2f4b8ef:192.168.157.254:41080, 277b5c5e-8c6f-4c9a-a53f-1bbc96404e12:192.168.157.254:41416], old=null
2019-10-16 21:55:16,980 [277b5c5e-8c6f-4c9a-a53f-1bbc96404e12@group-569FAC3F8BCE-LeaderElection170] INFO  impl.RaftServerImpl (RaftServerImpl.java:setRole(184)) - 277b5c5e-8c6f-4c9a-a53f-1bbc96404e12@group-569FAC3F8BCE: changes role from CANDIDATE to FOLLOWER at term 166 for DISCOVERED_A_NEW_TERM
2019-10-16 21:55:16,980 [277b5c5e-8c6f-4c9a-a53f-1bbc96404e12@group-569FAC3F8BCE-LeaderElection170] INFO  impl.RoleInfo (RoleInfo.java:shutdownLeaderElection(134)) - 277b5c5e-8c6f-4c9a-a53f-1bbc96404e12: shutdown LeaderElection
2019-10-16 21:55:16,980 [277b5c5e-8c6f-4c9a-a53f-1bbc96404e12@group-569FAC3F8BCE-LeaderElection170] INFO  impl.RoleInfo (RoleInfo.java:updateAndGet(143)) - 277b5c5e-8c6f-4c9a-a53f-1bbc96404e12: start FollowerState
2019-10-16 21:55:17,057 [Thread-1300] INFO  impl.FollowerState (FollowerState.java:run(108)) - 277b5c5e-8c6f-4c9a-a53f-1bbc96404e12@group-569FAC3F8BCE-FollowerState: change to CANDIDATE, lastRpcTime:76ms, electionTimeout:76ms
2019-10-16 21:55:17,057 [Thread-1300] INFO  impl.RoleInfo (RoleInfo.java:shutdownFollowerState(121)) - 277b5c5e-8c6f-4c9a-a53f-1bbc96404e12: shutdown FollowerState
2019-10-16 21:55:17,057 [Thread-1300] INFO  impl.RaftServerImpl (RaftServerImpl.java:setRole(184)) - 277b5c5e-8c6f-4c9a-a53f-1bbc96404e12@group-569FAC3F8BCE: changes role from  FOLLOWER to CANDIDATE at term 166 for changeToCandidate
2019-10-16 21:55:17,057 [Thread-1300] INFO  impl.RoleInfo (RoleInfo.java:updateAndGet(143)) - 277b5c5e-8c6f-4c9a-a53f-1bbc96404e12: start LeaderElection
2019-10-16 21:55:17,083 [277b5c5e-8c6f-4c9a-a53f-1bbc96404e12@group-569FAC3F8BCE-LeaderElection171] INFO  impl.LeaderElection (LeaderElection.java:askForVotes(178)) - 277b5c5e-8c6f-4c9a-a53f-1bbc96404e12@group-569FAC3F8BCE-LeaderElection171: begin an election at term 167 for -1: [a32408a4-f19d-4bad-97c5-ba33ae94fc9a:192.168.157.254:38721, 6b24a2ab-97ee-4d49-85cc-2d76c2f4b8ef:192.168.157.254:41080, 277b5c5e-8c6f-4c9a-a53f-1bbc96404e12:192.168.157.254:41416], old=null
2019-10-16 21:55:17,086 [grpc-default-executor-0] INFO  impl.RaftServerImpl (RaftServerImpl.java:setRole(184)) - 6b24a2ab-97ee-4d49-85cc-2d76c2f4b8ef@group-569FAC3F8BCE: changes role from  FOLLOWER to FOLLOWER at term 167 for recognizeCandidate:277b5c5e-8c6f-4c9a-a53f-1bbc96404e12
2019-10-16 21:55:17,086 [grpc-default-executor-1] INFO  impl.RaftServerImpl (RaftServerImpl.java:setRole(184)) - a32408a4-f19d-4bad-97c5-ba33ae94fc9a@group-569FAC3F8BCE: changes role from  FOLLOWER to FOLLOWER at term 167 for recognizeCandidate:277b5c5e-8c6f-4c9a-a53f-1bbc96404e12
2019-10-16 21:55:17,086 [grpc-default-executor-0] INFO  impl.RoleInfo (RoleInfo.java:shutdownFollowerState(121)) - 6b24a2ab-97ee-4d49-85cc-2d76c2f4b8ef: shutdown FollowerState
2019-10-16 21:55:17,087 [grpc-default-executor-1] INFO  impl.RoleInfo (RoleInfo.java:shutdownFollowerState(121)) - a32408a4-f19d-4bad-97c5-ba33ae94fc9a: shutdown FollowerState
2019-10-16 21:55:17,087 [Thread-1298] INFO  impl.FollowerState (FollowerState.java:run(117)) - 6b24a2ab-97ee-4d49-85cc-2d76c2f4b8ef@group-569FAC3F8BCE-FollowerState was interrupted: java.lang.InterruptedException: sleep interrupted
2019-10-16 21:55:17,087 [grpc-default-executor-0] INFO  impl.RoleInfo (RoleInfo.java:updateAndGet(143)) - 6b24a2ab-97ee-4d49-85cc-2d76c2f4b8ef: start FollowerState
2019-10-16 21:55:17,087 [Thread-1299] INFO  impl.FollowerState (FollowerState.java:run(117)) - a32408a4-f19d-4bad-97c5-ba33ae94fc9a@group-569FAC3F8BCE-FollowerState was interrupted: java.lang.InterruptedException: sleep interrupted
2019-10-16 21:55:17,087 [grpc-default-executor-1] INFO  impl.RoleInfo (RoleInfo.java:updateAndGet(143)) - a32408a4-f19d-4bad-97c5-ba33ae94fc9a: start FollowerState
2019-10-16 21:55:17,113 [277b5c5e-8c6f-4c9a-a53f-1bbc96404e12@group-569FAC3F8BCE-LeaderElection171] INFO  impl.LeaderElection (LeaderElection.java:logAndReturn(56)) - 277b5c5e-8c6f-4c9a-a53f-1bbc96404e12@group-569FAC3F8BCE-LeaderElection171: Election REJECTED; received 2 response(s) [277b5c5e-8c6f-4c9a-a53f-1bbc96404e12<-6b24a2ab-97ee-4d49-85cc-2d76c2f4b8ef#0:FAIL-t167, 277b5c5e-8c6f-4c9a-a53f-1bbc96404e12<-a32408a4-f19d-4bad-97c5-ba33ae94fc9a#0:FAIL-t167] and 0 exception(s); 277b5c5e-8c6f-4c9a-a53f-1bbc96404e12@group-569FAC3F8BCE:t167, leader=null, voted=277b5c5e-8c6f-4c9a-a53f-1bbc96404e12, raftlog=277b5c5e-8c6f-4c9a-a53f-1bbc96404e12@group-569FAC3F8BCE-SegmentedRaftLog:OPENED:c-1,f-1,i0, conf=-1: [a32408a4-f19d-4bad-97c5-ba33ae94fc9a:192.168.157.254:38721, 6b24a2ab-97ee-4d49-85cc-2d76c2f4b8ef:192.168.157.254:41080, 277b5c5e-8c6f-4c9a-a53f-1bbc96404e12:192.168.157.254:41416], old=null
2019-10-16 21:55:17,114 [277b5c5e-8c6f-4c9a-a53f-1bbc96404e12@group-569FAC3F8BCE-LeaderElection171] INFO  impl.RaftServerImpl (RaftServerImpl.java:setRole(184)) - 277b5c5e-8c6f-4c9a-a53f-1bbc96404e12@group-569FAC3F8BCE: changes role from CANDIDATE to FOLLOWER at term 167 for DISCOVERED_A_NEW_TERM
2019-10-16 21:55:17,114 [277b5c5e-8c6f-4c9a-a53f-1bbc96404e12@group-569FAC3F8BCE-LeaderElection171] INFO  impl.RoleInfo (RoleInfo.java:shutdownLeaderElection(134)) - 277b5c5e-8c6f-4c9a-a53f-1bbc96404e12: shutdown LeaderElection
2019-10-16 21:55:17,114 [277b5c5e-8c6f-4c9a-a53f-1bbc96404e12@group-569FAC3F8BCE-LeaderElection171] INFO  impl.RoleInfo (RoleInfo.java:updateAndGet(143)) - 277b5c5e-8c6f-4c9a-a53f-1bbc96404e12: start FollowerState
2019-10-16 21:55:17,249 [Thread-1306] INFO  impl.FollowerState (FollowerState.java:run(108)) - 277b5c5e-8c6f-4c9a-a53f-1bbc96404e12@group-569FAC3F8BCE-FollowerState: change to CANDIDATE, lastRpcTime:135ms, electionTimeout:135ms
2019-10-16 21:55:17,250 [Thread-1306] INFO  impl.RoleInfo (RoleInfo.java:shutdownFollowerState(121)) - 277b5c5e-8c6f-4c9a-a53f-1bbc96404e12: shutdown FollowerState
2019-10-16 21:55:17,250 [Thread-1306] INFO  impl.RaftServerImpl (RaftServerImpl.java:setRole(184)) - 277b5c5e-8c6f-4c9a-a53f-1bbc96404e12@group-569FAC3F8BCE: changes role from  FOLLOWER to CANDIDATE at term 167 for changeToCandidate
2019-10-16 21:55:17,250 [Thread-1306] INFO  impl.RoleInfo (RoleInfo.java:updateAndGet(143)) - 277b5c5e-8c6f-4c9a-a53f-1bbc96404e12: start LeaderElection
2019-10-16 21:55:17,263 [277b5c5e-8c6f-4c9a-a53f-1bbc96404e12@group-569FAC3F8BCE-LeaderElection172] INFO  impl.LeaderElection (LeaderElection.java:askForVotes(178)) - 277b5c5e-8c6f-4c9a-a53f-1bbc96404e12@group-569FAC3F8BCE-LeaderElection172: begin an election at term 168 for -1: [a32408a4-f19d-4bad-97c5-ba33ae94fc9a:192.168.157.254:38721, 6b24a2ab-97ee-4d49-85cc-2d76c2f4b8ef:192.168.157.254:41080, 277b5c5e-8c6f-4c9a-a53f-1bbc96404e12:192.168.157.254:41416], old=null
2019-10-16 21:55:17,266 [grpc-default-executor-1] INFO  impl.RaftServerImpl (RaftServerImpl.java:setRole(184)) - a32408a4-f19d-4bad-97c5-ba33ae94fc9a@group-569FAC3F8BCE: changes role from  FOLLOWER to FOLLOWER at term 168 for recognizeCandidate:277b5c5e-8c6f-4c9a-a53f-1bbc96404e12
2019-10-16 21:55:17,266 [grpc-default-executor-0] INFO  impl.RaftServerImpl (RaftServerImpl.java:setRole(184)) - 6b24a2ab-97ee-4d49-85cc-2d76c2f4b8ef@group-569FAC3F8BCE: changes role from  FOLLOWER to FOLLOWER at term 168 for recognizeCandidate:277b5c5e-8c6f-4c9a-a53f-1bbc96404e12
2019-10-16 21:55:17,266 [grpc-default-executor-0] INFO  impl.RoleInfo (RoleInfo.java:shutdownFollowerState(121)) - 6b24a2ab-97ee-4d49-85cc-2d76c2f4b8ef: shutdown FollowerState
2019-10-16 21:55:17,266 [grpc-default-executor-1] INFO  impl.RoleInfo (RoleInfo.java:shutdownFollowerState(121)) - a32408a4-f19d-4bad-97c5-ba33ae94fc9a: shutdown FollowerState
2019-10-16 21:55:17,266 [Thread-1304] INFO  impl.FollowerState (FollowerState.java:run(117)) - 6b24a2ab-97ee-4d49-85cc-2d76c2f4b8ef@group-569FAC3F8BCE-FollowerState was interrupted: java.lang.InterruptedException: sleep interrupted
2019-10-16 21:55:17,266 [grpc-default-executor-0] INFO  impl.RoleInfo (RoleInfo.java:updateAndGet(143)) - 6b24a2ab-97ee-4d49-85cc-2d76c2f4b8ef: start FollowerState
2019-10-16 21:55:17,266 [Thread-1305] INFO  impl.FollowerState (FollowerState.java:run(117)) - a32408a4-f19d-4bad-97c5-ba33ae94fc9a@group-569FAC3F8BCE-FollowerState was interrupted: java.lang.InterruptedException: sleep interrupted
2019-10-16 21:55:17,266 [grpc-default-executor-1] INFO  impl.RoleInfo (RoleInfo.java:updateAndGet(143)) - a32408a4-f19d-4bad-97c5-ba33ae94fc9a: start FollowerState
2019-10-16 21:55:17,279 [277b5c5e-8c6f-4c9a-a53f-1bbc96404e12@group-569FAC3F8BCE-LeaderElection172] INFO  impl.LeaderElection (LeaderElection.java:logAndReturn(56)) - 277b5c5e-8c6f-4c9a-a53f-1bbc96404e12@group-569FAC3F8BCE-LeaderElection172: Election REJECTED; received 2 response(s) [277b5c5e-8c6f-4c9a-a53f-1bbc96404e12<-a32408a4-f19d-4bad-97c5-ba33ae94fc9a#0:FAIL-t168, 277b5c5e-8c6f-4c9a-a53f-1bbc96404e12<-6b24a2ab-97ee-4d49-85cc-2d76c2f4b8ef#0:FAIL-t168] and 0 exception(s); 277b5c5e-8c6f-4c9a-a53f-1bbc96404e12@group-569FAC3F8BCE:t168, leader=null, voted=277b5c5e-8c6f-4c9a-a53f-1bbc96404e12, raftlog=277b5c5e-8c6f-4c9a-a53f-1bbc96404e12@group-569FAC3F8BCE-SegmentedRaftLog:OPENED:c-1,f-1,i0, conf=-1: [a32408a4-f19d-4bad-97c5-ba33ae94fc9a:192.168.157.254:38721, 6b24a2ab-97ee-4d49-85cc-2d76c2f4b8ef:192.168.157.254:41080, 277b5c5e-8c6f-4c9a-a53f-1bbc96404e12:192.168.157.254:41416], old=null
2019-10-16 21:55:17,280 [277b5c5e-8c6f-4c9a-a53f-1bbc96404e12@group-569FAC3F8BCE-LeaderElection172] INFO  impl.RaftServerImpl (RaftServerImpl.java:setRole(184)) - 277b5c5e-8c6f-4c9a-a53f-1bbc96404e12@group-569FAC3F8BCE: changes role from CANDIDATE to FOLLOWER at term 168 for DISCOVERED_A_NEW_TERM
2019-10-16 21:55:17,280 [277b5c5e-8c6f-4c9a-a53f-1bbc96404e12@group-569FAC3F8BCE-LeaderElection172] INFO  impl.RoleInfo (RoleInfo.java:shutdownLeaderElection(134)) - 277b5c5e-8c6f-4c9a-a53f-1bbc96404e12: shutdown LeaderElection
2019-10-16 21:55:17,280 [277b5c5e-8c6f-4c9a-a53f-1bbc96404e12@group-569FAC3F8BCE-LeaderElection172] INFO  impl.RoleInfo (RoleInfo.java:updateAndGet(143)) - 277b5c5e-8c6f-4c9a-a53f-1bbc96404e12: start FollowerState
2019-10-16 21:55:17,419 [Thread-1312] INFO  impl.FollowerState (FollowerState.java:run(108)) - 277b5c5e-8c6f-4c9a-a53f-1bbc96404e12@group-569FAC3F8BCE-FollowerState: change to CANDIDATE, lastRpcTime:139ms, electionTimeout:139ms
2019-10-16 21:55:17,419 [Thread-1312] INFO  impl.RoleInfo (RoleInfo.java:shutdownFollowerState(121)) - 277b5c5e-8c6f-4c9a-a53f-1bbc96404e12: shutdown FollowerState
2019-10-16 21:55:17,419 [Thread-1312] INFO  impl.RaftServerImpl (RaftServerImpl.java:setRole(184)) - 277b5c5e-8c6f-4c9a-a53f-1bbc96404e12@group-569FAC3F8BCE: changes role from  FOLLOWER to CANDIDATE at term 168 for changeToCandidate
2019-10-16 21:55:17,420 [Thread-1312] INFO  impl.RoleInfo (RoleInfo.java:updateAndGet(143)) - 277b5c5e-8c6f-4c9a-a53f-1bbc96404e12: start LeaderElection
2019-10-16 21:55:17,433 [277b5c5e-8c6f-4c9a-a53f-1bbc96404e12@group-569FAC3F8BCE-LeaderElection173] INFO  impl.LeaderElection (LeaderElection.java:askForVotes(178)) - 277b5c5e-8c6f-4c9a-a53f-1bbc96404e12@group-569FAC3F8BCE-LeaderElection173: begin an election at term 169 for -1: [a32408a4-f19d-4bad-97c5-ba33ae94fc9a:192.168.157.254:38721, 6b24a2ab-97ee-4d49-85cc-2d76c2f4b8ef:192.168.157.254:41080, 277b5c5e-8c6f-4c9a-a53f-1bbc96404e12:192.168.157.254:41416], old=null
2019-10-16 21:55:17,436 [grpc-default-executor-1] INFO  impl.RaftServerImpl (RaftServerImpl.java:setRole(184)) - a32408a4-f19d-4bad-97c5-ba33ae94fc9a@group-569FAC3F8BCE: changes role from  FOLLOWER to FOLLOWER at term 169 for recognizeCandidate:277b5c5e-8c6f-4c9a-a53f-1bbc96404e12
2019-10-16 21:55:17,436 [grpc-default-executor-1] INFO  impl.RoleInfo (RoleInfo.java:shutdownFollowerState(121)) - a32408a4-f19d-4bad-97c5-ba33ae94fc9a: shutdown FollowerState
2019-10-16 21:55:17,436 [grpc-default-executor-0] INFO  impl.RaftServerImpl (RaftServerImpl.java:setRole(184)) - 6b24a2ab-97ee-4d49-85cc-2d76c2f4b8ef@group-569FAC3F8BCE: changes role from  FOLLOWER to FOLLOWER at term 169 for recognizeCandidate:277b5c5e-8c6f-4c9a-a53f-1bbc96404e12
2019-10-16 21:55:17,436 [Thread-1311] INFO  impl.FollowerState (FollowerState.java:run(117)) - a32408a4-f19d-4bad-97c5-ba33ae94fc9a@group-569FAC3F8BCE-FollowerState was interrupted: java.lang.InterruptedException: sleep interrupted
2019-10-16 21:55:17,436 [grpc-default-executor-1] INFO  impl.RoleInfo (RoleInfo.java:updateAndGet(143)) - a32408a4-f19d-4bad-97c5-ba33ae94fc9a: start FollowerState
2019-10-16 21:55:17,436 [grpc-default-executor-0] INFO  impl.RoleInfo (RoleInfo.java:shutdownFollowerState(121)) - 6b24a2ab-97ee-4d49-85cc-2d76c2f4b8ef: shutdown FollowerState
2019-10-16 21:55:17,437 [grpc-default-executor-0] INFO  impl.RoleInfo (RoleInfo.java:updateAndGet(143)) - 6b24a2ab-97ee-4d49-85cc-2d76c2f4b8ef: start FollowerState
2019-10-16 21:55:17,437 [Thread-1310] INFO  impl.FollowerState (FollowerState.java:run(117)) - 6b24a2ab-97ee-4d49-85cc-2d76c2f4b8ef@group-569FAC3F8BCE-FollowerState was interrupted: java.lang.InterruptedException: sleep interrupted
2019-10-16 21:55:17,452 [277b5c5e-8c6f-4c9a-a53f-1bbc96404e12@group-569FAC3F8BCE-LeaderElection173] INFO  impl.LeaderElection (LeaderElection.java:logAndReturn(56)) - 277b5c5e-8c6f-4c9a-a53f-1bbc96404e12@group-569FAC3F8BCE-LeaderElection173: Election REJECTED; received 2 response(s) [277b5c5e-8c6f-4c9a-a53f-1bbc96404e12<-6b24a2ab-97ee-4d49-85cc-2d76c2f4b8ef#0:FAIL-t169, 277b5c5e-8c6f-4c9a-a53f-1bbc96404e12<-a32408a4-f19d-4bad-97c5-ba33ae94fc9a#0:FAIL-t169] and 0 exception(s); 277b5c5e-8c6f-4c9a-a53f-1bbc96404e12@group-569FAC3F8BCE:t169, leader=null, voted=277b5c5e-8c6f-4c9a-a53f-1bbc96404e12, raftlog=277b5c5e-8c6f-4c9a-a53f-1bbc96404e12@group-569FAC3F8BCE-SegmentedRaftLog:OPENED:c-1,f-1,i0, conf=-1: [a32408a4-f19d-4bad-97c5-ba33ae94fc9a:192.168.157.254:38721, 6b24a2ab-97ee-4d49-85cc-2d76c2f4b8ef:192.168.157.254:41080, 277b5c5e-8c6f-4c9a-a53f-1bbc96404e12:192.168.157.254:41416], old=null
2019-10-16 21:55:17,452 [277b5c5e-8c6f-4c9a-a53f-1bbc96404e12@group-569FAC3F8BCE-LeaderElection173] INFO  impl.RaftServerImpl (RaftServerImpl.java:setRole(184)) - 277b5c5e-8c6f-4c9a-a53f-1bbc96404e12@group-569FAC3F8BCE: changes role from CANDIDATE to FOLLOWER at term 169 for DISCOVERED_A_NEW_TERM
2019-10-16 21:55:17,453 [277b5c5e-8c6f-4c9a-a53f-1bbc96404e12@group-569FAC3F8BCE-LeaderElection173] INFO  impl.RoleInfo (RoleInfo.java:shutdownLeaderElection(134)) - 277b5c5e-8c6f-4c9a-a53f-1bbc96404e12: shutdown LeaderElection
2019-10-16 21:55:17,453 [277b5c5e-8c6f-4c9a-a53f-1bbc96404e12@group-569FAC3F8BCE-LeaderElection173] INFO  impl.RoleInfo (RoleInfo.java:updateAndGet(143)) - 277b5c5e-8c6f-4c9a-a53f-1bbc96404e12: start FollowerState
2019-10-16 21:55:17,565 [Thread-1318] INFO  impl.FollowerState (FollowerState.java:run(108)) - 277b5c5e-8c6f-4c9a-a53f-1bbc96404e12@group-569FAC3F8BCE-FollowerState: change to CANDIDATE, lastRpcTime:112ms, electionTimeout:112ms
2019-10-16 21:55:17,565 [Thread-1318] INFO  impl.RoleInfo (RoleInfo.java:shutdownFollowerState(121)) - 277b5c5e-8c6f-4c9a-a53f-1bbc96404e12: shutdown FollowerState
2019-10-16 21:55:17,565 [Thread-1318] INFO  impl.RaftServerImpl (RaftServerImpl.java:setRole(184)) - 277b5c5e-8c6f-4c9a-a53f-1bbc96404e12@group-569FAC3F8BCE: changes role from  FOLLOWER to CANDIDATE at term 169 for changeToCandidate
2019-10-16 21:55:17,566 [Thread-1318] INFO  impl.RoleInfo (RoleInfo.java:updateAndGet(143)) - 277b5c5e-8c6f-4c9a-a53f-1bbc96404e12: start LeaderElection
2019-10-16 21:55:17,569 [Thread-0] INFO  ozone.MiniOzoneClusterImpl (MiniOzoneClusterImpl.java:lambda$waitForClusterToBeReady$2(164)) - Waiting for 1 number of pipelines out of 4, to report a leader.
2019-10-16 21:55:17,579 [277b5c5e-8c6f-4c9a-a53f-1bbc96404e12@group-569FAC3F8BCE-LeaderElection174] INFO  impl.LeaderElection (LeaderElection.java:askForVotes(178)) - 277b5c5e-8c6f-4c9a-a53f-1bbc96404e12@group-569FAC3F8BCE-LeaderElection174: begin an election at term 170 for -1: [a32408a4-f19d-4bad-97c5-ba33ae94fc9a:192.168.157.254:38721, 6b24a2ab-97ee-4d49-85cc-2d76c2f4b8ef:192.168.157.254:41080, 277b5c5e-8c6f-4c9a-a53f-1bbc96404e12:192.168.157.254:41416], old=null
2019-10-16 21:55:17,581 [grpc-default-executor-0] INFO  impl.RaftServerImpl (RaftServerImpl.java:setRole(184)) - a32408a4-f19d-4bad-97c5-ba33ae94fc9a@group-569FAC3F8BCE: changes role from  FOLLOWER to FOLLOWER at term 170 for recognizeCandidate:277b5c5e-8c6f-4c9a-a53f-1bbc96404e12
2019-10-16 21:55:17,581 [grpc-default-executor-1] INFO  impl.RaftServerImpl (RaftServerImpl.java:setRole(184)) - 6b24a2ab-97ee-4d49-85cc-2d76c2f4b8ef@group-569FAC3F8BCE: changes role from  FOLLOWER to FOLLOWER at term 170 for recognizeCandidate:277b5c5e-8c6f-4c9a-a53f-1bbc96404e12
2019-10-16 21:55:17,581 [grpc-default-executor-0] INFO  impl.RoleInfo (RoleInfo.java:shutdownFollowerState(121)) - a32408a4-f19d-4bad-97c5-ba33ae94fc9a: shutdown FollowerState
2019-10-16 21:55:17,581 [grpc-default-executor-1] INFO  impl.RoleInfo (RoleInfo.java:shutdownFollowerState(121)) - 6b24a2ab-97ee-4d49-85cc-2d76c2f4b8ef: shutdown FollowerState
2019-10-16 21:55:17,581 [Thread-1316] INFO  impl.FollowerState (FollowerState.java:run(117)) - a32408a4-f19d-4bad-97c5-ba33ae94fc9a@group-569FAC3F8BCE-FollowerState was interrupted: java.lang.InterruptedException: sleep interrupted
2019-10-16 21:55:17,581 [grpc-default-executor-0] INFO  impl.RoleInfo (RoleInfo.java:updateAndGet(143)) - a32408a4-f19d-4bad-97c5-ba33ae94fc9a: start FollowerState
2019-10-16 21:55:17,582 [Thread-1317] INFO  impl.FollowerState (FollowerState.java:run(117)) - 6b24a2ab-97ee-4d49-85cc-2d76c2f4b8ef@group-569FAC3F8BCE-FollowerState was interrupted: java.lang.InterruptedException: sleep interrupted
2019-10-16 21:55:17,582 [grpc-default-executor-1] INFO  impl.RoleInfo (RoleInfo.java:updateAndGet(143)) - 6b24a2ab-97ee-4d49-85cc-2d76c2f4b8ef: start FollowerState
2019-10-16 21:55:17,608 [277b5c5e-8c6f-4c9a-a53f-1bbc96404e12@group-569FAC3F8BCE-LeaderElection174] INFO  impl.LeaderElection (LeaderElection.java:logAndReturn(56)) - 277b5c5e-8c6f-4c9a-a53f-1bbc96404e12@group-569FAC3F8BCE-LeaderElection174: Election REJECTED; received 2 response(s) [277b5c5e-8c6f-4c9a-a53f-1bbc96404e12<-a32408a4-f19d-4bad-97c5-ba33ae94fc9a#0:FAIL-t170, 277b5c5e-8c6f-4c9a-a53f-1bbc96404e12<-6b24a2ab-97ee-4d49-85cc-2d76c2f4b8ef#0:FAIL-t170] and 0 exception(s); 277b5c5e-8c6f-4c9a-a53f-1bbc96404e12@group-569FAC3F8BCE:t170, leader=null, voted=277b5c5e-8c6f-4c9a-a53f-1bbc96404e12, raftlog=277b5c5e-8c6f-4c9a-a53f-1bbc96404e12@group-569FAC3F8BCE-SegmentedRaftLog:OPENED:c-1,f-1,i0, conf=-1: [a32408a4-f19d-4bad-97c5-ba33ae94fc9a:192.168.157.254:38721, 6b24a2ab-97ee-4d49-85cc-2d76c2f4b8ef:192.168.157.254:41080, 277b5c5e-8c6f-4c9a-a53f-1bbc96404e12:192.168.157.254:41416], old=null
2019-10-16 21:55:17,608 [277b5c5e-8c6f-4c9a-a53f-1bbc96404e12@group-569FAC3F8BCE-LeaderElection174] INFO  impl.RaftServerImpl (RaftServerImpl.java:setRole(184)) - 277b5c5e-8c6f-4c9a-a53f-1bbc96404e12@group-569FAC3F8BCE: changes role from CANDIDATE to FOLLOWER at term 170 for DISCOVERED_A_NEW_TERM
2019-10-16 21:55:17,608 [277b5c5e-8c6f-4c9a-a53f-1bbc96404e12@group-569FAC3F8BCE-LeaderElection174] INFO  impl.RoleInfo (RoleInfo.java:shutdownLeaderElection(134)) - 277b5c5e-8c6f-4c9a-a53f-1bbc96404e12: shutdown LeaderElection
2019-10-16 21:55:17,608 [277b5c5e-8c6f-4c9a-a53f-1bbc96404e12@group-569FAC3F8BCE-LeaderElection174] INFO  impl.RoleInfo (RoleInfo.java:updateAndGet(143)) - 277b5c5e-8c6f-4c9a-a53f-1bbc96404e12: start FollowerState
2019-10-16 21:55:17,665 [Thread-1324] INFO  impl.FollowerState (FollowerState.java:run(108)) - 277b5c5e-8c6f-4c9a-a53f-1bbc96404e12@group-569FAC3F8BCE-FollowerState: change to CANDIDATE, lastRpcTime:56ms, electionTimeout:56ms
2019-10-16 21:55:17,665 [Thread-1324] INFO  impl.RoleInfo (RoleInfo.java:shutdownFollowerState(121)) - 277b5c5e-8c6f-4c9a-a53f-1bbc96404e12: shutdown FollowerState
2019-10-16 21:55:17,665 [Thread-1324] INFO  impl.RaftServerImpl (RaftServerImpl.java:setRole(184)) - 277b5c5e-8c6f-4c9a-a53f-1bbc96404e12@group-569FAC3F8BCE: changes role from  FOLLOWER to CANDIDATE at term 170 for changeToCandidate
2019-10-16 21:55:17,665 [Thread-1324] INFO  impl.RoleInfo (RoleInfo.java:updateAndGet(143)) - 277b5c5e-8c6f-4c9a-a53f-1bbc96404e12: start LeaderElection
2019-10-16 21:55:17,678 [277b5c5e-8c6f-4c9a-a53f-1bbc96404e12@group-569FAC3F8BCE-LeaderElection175] INFO  impl.LeaderElection (LeaderElection.java:askForVotes(178)) - 277b5c5e-8c6f-4c9a-a53f-1bbc96404e12@group-569FAC3F8BCE-LeaderElection175: begin an election at term 171 for -1: [a32408a4-f19d-4bad-97c5-ba33ae94fc9a:192.168.157.254:38721, 6b24a2ab-97ee-4d49-85cc-2d76c2f4b8ef:192.168.157.254:41080, 277b5c5e-8c6f-4c9a-a53f-1bbc96404e12:192.168.157.254:41416], old=null
2019-10-16 21:55:17,683 [grpc-default-executor-0] INFO  impl.RaftServerImpl (RaftServerImpl.java:setRole(184)) - 6b24a2ab-97ee-4d49-85cc-2d76c2f4b8ef@group-569FAC3F8BCE: changes role from  FOLLOWER to FOLLOWER at term 171 for recognizeCandidate:277b5c5e-8c6f-4c9a-a53f-1bbc96404e12
2019-10-16 21:55:17,683 [grpc-default-executor-1] INFO  impl.RaftServerImpl (RaftServerImpl.java:setRole(184)) - a32408a4-f19d-4bad-97c5-ba33ae94fc9a@group-569FAC3F8BCE: changes role from  FOLLOWER to FOLLOWER at term 171 for recognizeCandidate:277b5c5e-8c6f-4c9a-a53f-1bbc96404e12
2019-10-16 21:55:17,683 [grpc-default-executor-1] INFO  impl.RoleInfo (RoleInfo.java:shutdownFollowerState(121)) - a32408a4-f19d-4bad-97c5-ba33ae94fc9a: shutdown FollowerState
2019-10-16 21:55:17,683 [grpc-default-executor-0] INFO  impl.RoleInfo (RoleInfo.java:shutdownFollowerState(121)) - 6b24a2ab-97ee-4d49-85cc-2d76c2f4b8ef: shutdown FollowerState
2019-10-16 21:55:17,683 [Thread-1322] INFO  impl.FollowerState (FollowerState.java:run(117)) - a32408a4-f19d-4bad-97c5-ba33ae94fc9a@group-569FAC3F8BCE-FollowerState was interrupted: java.lang.InterruptedException: sleep interrupted
2019-10-16 21:55:17,683 [grpc-default-executor-1] INFO  impl.RoleInfo (RoleInfo.java:updateAndGet(143)) - a32408a4-f19d-4bad-97c5-ba33ae94fc9a: start FollowerState
2019-10-16 21:55:17,683 [Thread-1323] INFO  impl.FollowerState (FollowerState.java:run(117)) - 6b24a2ab-97ee-4d49-85cc-2d76c2f4b8ef@group-569FAC3F8BCE-FollowerState was interrupted: java.lang.InterruptedException: sleep interrupted
2019-10-16 21:55:17,683 [grpc-default-executor-0] INFO  impl.RoleInfo (RoleInfo.java:updateAndGet(143)) - 6b24a2ab-97ee-4d49-85cc-2d76c2f4b8ef: start FollowerState
2019-10-16 21:55:17,711 [277b5c5e-8c6f-4c9a-a53f-1bbc96404e12@group-569FAC3F8BCE-LeaderElection175] INFO  impl.LeaderElection (LeaderElection.java:logAndReturn(56)) - 277b5c5e-8c6f-4c9a-a53f-1bbc96404e12@group-569FAC3F8BCE-LeaderElection175: Election REJECTED; received 2 response(s) [277b5c5e-8c6f-4c9a-a53f-1bbc96404e12<-6b24a2ab-97ee-4d49-85cc-2d76c2f4b8ef#0:FAIL-t171, 277b5c5e-8c6f-4c9a-a53f-1bbc96404e12<-a32408a4-f19d-4bad-97c5-ba33ae94fc9a#0:FAIL-t171] and 0 exception(s); 277b5c5e-8c6f-4c9a-a53f-1bbc96404e12@group-569FAC3F8BCE:t171, leader=null, voted=277b5c5e-8c6f-4c9a-a53f-1bbc96404e12, raftlog=277b5c5e-8c6f-4c9a-a53f-1bbc96404e12@group-569FAC3F8BCE-SegmentedRaftLog:OPENED:c-1,f-1,i0, conf=-1: [a32408a4-f19d-4bad-97c5-ba33ae94fc9a:192.168.157.254:38721, 6b24a2ab-97ee-4d49-85cc-2d76c2f4b8ef:192.168.157.254:41080, 277b5c5e-8c6f-4c9a-a53f-1bbc96404e12:192.168.157.254:41416], old=null
2019-10-16 21:55:17,711 [277b5c5e-8c6f-4c9a-a53f-1bbc96404e12@group-569FAC3F8BCE-LeaderElection175] INFO  impl.RaftServerImpl (RaftServerImpl.java:setRole(184)) - 277b5c5e-8c6f-4c9a-a53f-1bbc96404e12@group-569FAC3F8BCE: changes role from CANDIDATE to FOLLOWER at term 171 for DISCOVERED_A_NEW_TERM
2019-10-16 21:55:17,711 [277b5c5e-8c6f-4c9a-a53f-1bbc96404e12@group-569FAC3F8BCE-LeaderElection175] INFO  impl.RoleInfo (RoleInfo.java:shutdownLeaderElection(134)) - 277b5c5e-8c6f-4c9a-a53f-1bbc96404e12: shutdown LeaderElection
2019-10-16 21:55:17,711 [277b5c5e-8c6f-4c9a-a53f-1bbc96404e12@group-569FAC3F8BCE-LeaderElection175] INFO  impl.RoleInfo (RoleInfo.java:updateAndGet(143)) - 277b5c5e-8c6f-4c9a-a53f-1bbc96404e12: start FollowerState
2019-10-16 21:55:17,842 [Thread-1330] INFO  impl.FollowerState (FollowerState.java:run(108)) - 277b5c5e-8c6f-4c9a-a53f-1bbc96404e12@group-569FAC3F8BCE-FollowerState: change to CANDIDATE, lastRpcTime:130ms, electionTimeout:130ms
2019-10-16 21:55:17,842 [Thread-1330] INFO  impl.RoleInfo (RoleInfo.java:shutdownFollowerState(121)) - 277b5c5e-8c6f-4c9a-a53f-1bbc96404e12: shutdown FollowerState
2019-10-16 21:55:17,842 [Thread-1330] INFO  impl.RaftServerImpl (RaftServerImpl.java:setRole(184)) - 277b5c5e-8c6f-4c9a-a53f-1bbc96404e12@group-569FAC3F8BCE: changes role from  FOLLOWER to CANDIDATE at term 171 for changeToCandidate
2019-10-16 21:55:17,842 [Thread-1330] INFO  impl.RoleInfo (RoleInfo.java:updateAndGet(143)) - 277b5c5e-8c6f-4c9a-a53f-1bbc96404e12: start LeaderElection
2019-10-16 21:55:17,847 [277b5c5e-8c6f-4c9a-a53f-1bbc96404e12@group-569FAC3F8BCE-LeaderElection176] INFO  impl.LeaderElection (LeaderElection.java:askForVotes(178)) - 277b5c5e-8c6f-4c9a-a53f-1bbc96404e12@group-569FAC3F8BCE-LeaderElection176: begin an election at term 172 for -1: [a32408a4-f19d-4bad-97c5-ba33ae94fc9a:192.168.157.254:38721, 6b24a2ab-97ee-4d49-85cc-2d76c2f4b8ef:192.168.157.254:41080, 277b5c5e-8c6f-4c9a-a53f-1bbc96404e12:192.168.157.254:41416], old=null
2019-10-16 21:55:17,849 [grpc-default-executor-0] INFO  impl.RaftServerImpl (RaftServerImpl.java:setRole(184)) - a32408a4-f19d-4bad-97c5-ba33ae94fc9a@group-569FAC3F8BCE: changes role from  FOLLOWER to FOLLOWER at term 172 for recognizeCandidate:277b5c5e-8c6f-4c9a-a53f-1bbc96404e12
2019-10-16 21:55:17,850 [grpc-default-executor-0] INFO  impl.RoleInfo (RoleInfo.java:shutdownFollowerState(121)) - a32408a4-f19d-4bad-97c5-ba33ae94fc9a: shutdown FollowerState
2019-10-16 21:55:17,850 [grpc-default-executor-1] INFO  impl.RaftServerImpl (RaftServerImpl.java:setRole(184)) - 6b24a2ab-97ee-4d49-85cc-2d76c2f4b8ef@group-569FAC3F8BCE: changes role from  FOLLOWER to FOLLOWER at term 172 for recognizeCandidate:277b5c5e-8c6f-4c9a-a53f-1bbc96404e12
2019-10-16 21:55:17,850 [grpc-default-executor-0] INFO  impl.RoleInfo (RoleInfo.java:updateAndGet(143)) - a32408a4-f19d-4bad-97c5-ba33ae94fc9a: start FollowerState
2019-10-16 21:55:17,850 [Thread-1328] INFO  impl.FollowerState (FollowerState.java:run(117)) - a32408a4-f19d-4bad-97c5-ba33ae94fc9a@group-569FAC3F8BCE-FollowerState was interrupted: java.lang.InterruptedException: sleep interrupted
2019-10-16 21:55:17,850 [grpc-default-executor-1] INFO  impl.RoleInfo (RoleInfo.java:shutdownFollowerState(121)) - 6b24a2ab-97ee-4d49-85cc-2d76c2f4b8ef: shutdown FollowerState
2019-10-16 21:55:17,850 [grpc-default-executor-1] INFO  impl.RoleInfo (RoleInfo.java:updateAndGet(143)) - 6b24a2ab-97ee-4d49-85cc-2d76c2f4b8ef: start FollowerState
2019-10-16 21:55:17,850 [Thread-1329] INFO  impl.FollowerState (FollowerState.java:run(117)) - 6b24a2ab-97ee-4d49-85cc-2d76c2f4b8ef@group-569FAC3F8BCE-FollowerState was interrupted: java.lang.InterruptedException: sleep interrupted
2019-10-16 21:55:17,866 [277b5c5e-8c6f-4c9a-a53f-1bbc96404e12@group-569FAC3F8BCE-LeaderElection176] INFO  impl.LeaderElection (LeaderElection.java:logAndReturn(56)) - 277b5c5e-8c6f-4c9a-a53f-1bbc96404e12@group-569FAC3F8BCE-LeaderElection176: Election REJECTED; received 2 response(s) [277b5c5e-8c6f-4c9a-a53f-1bbc96404e12<-6b24a2ab-97ee-4d49-85cc-2d76c2f4b8ef#0:FAIL-t172, 277b5c5e-8c6f-4c9a-a53f-1bbc96404e12<-a32408a4-f19d-4bad-97c5-ba33ae94fc9a#0:FAIL-t172] and 0 exception(s); 277b5c5e-8c6f-4c9a-a53f-1bbc96404e12@group-569FAC3F8BCE:t172, leader=null, voted=277b5c5e-8c6f-4c9a-a53f-1bbc96404e12, raftlog=277b5c5e-8c6f-4c9a-a53f-1bbc96404e12@group-569FAC3F8BCE-SegmentedRaftLog:OPENED:c-1,f-1,i0, conf=-1: [a32408a4-f19d-4bad-97c5-ba33ae94fc9a:192.168.157.254:38721, 6b24a2ab-97ee-4d49-85cc-2d76c2f4b8ef:192.168.157.254:41080, 277b5c5e-8c6f-4c9a-a53f-1bbc96404e12:192.168.157.254:41416], old=null
2019-10-16 21:55:17,866 [277b5c5e-8c6f-4c9a-a53f-1bbc96404e12@group-569FAC3F8BCE-LeaderElection176] INFO  impl.RaftServerImpl (RaftServerImpl.java:setRole(184)) - 277b5c5e-8c6f-4c9a-a53f-1bbc96404e12@group-569FAC3F8BCE: changes role from CANDIDATE to FOLLOWER at term 172 for DISCOVERED_A_NEW_TERM
2019-10-16 21:55:17,866 [277b5c5e-8c6f-4c9a-a53f-1bbc96404e12@group-569FAC3F8BCE-LeaderElection176] INFO  impl.RoleInfo (RoleInfo.java:shutdownLeaderElection(134)) - 277b5c5e-8c6f-4c9a-a53f-1bbc96404e12: shutdown LeaderElection
2019-10-16 21:55:17,866 [277b5c5e-8c6f-4c9a-a53f-1bbc96404e12@group-569FAC3F8BCE-LeaderElection176] INFO  impl.RoleInfo (RoleInfo.java:updateAndGet(143)) - 277b5c5e-8c6f-4c9a-a53f-1bbc96404e12: start FollowerState
2019-10-16 21:55:17,882 [Thread-1336] INFO  impl.FollowerState (FollowerState.java:run(108)) - 277b5c5e-8c6f-4c9a-a53f-1bbc96404e12@group-569FAC3F8BCE-FollowerState: change to CANDIDATE, lastRpcTime:15ms, electionTimeout:15ms
2019-10-16 21:55:17,882 [Thread-1336] INFO  impl.RoleInfo (RoleInfo.java:shutdownFollowerState(121)) - 277b5c5e-8c6f-4c9a-a53f-1bbc96404e12: shutdown FollowerState
2019-10-16 21:55:17,882 [Thread-1336] INFO  impl.RaftServerImpl (RaftServerImpl.java:setRole(184)) - 277b5c5e-8c6f-4c9a-a53f-1bbc96404e12@group-569FAC3F8BCE: changes role from  FOLLOWER to CANDIDATE at term 172 for changeToCandidate
2019-10-16 21:55:17,882 [Thread-1336] INFO  impl.RoleInfo (RoleInfo.java:updateAndGet(143)) - 277b5c5e-8c6f-4c9a-a53f-1bbc96404e12: start LeaderElection
2019-10-16 21:55:17,895 [277b5c5e-8c6f-4c9a-a53f-1bbc96404e12@group-569FAC3F8BCE-LeaderElection177] INFO  impl.LeaderElection (LeaderElection.java:askForVotes(178)) - 277b5c5e-8c6f-4c9a-a53f-1bbc96404e12@group-569FAC3F8BCE-LeaderElection177: begin an election at term 173 for -1: [a32408a4-f19d-4bad-97c5-ba33ae94fc9a:192.168.157.254:38721, 6b24a2ab-97ee-4d49-85cc-2d76c2f4b8ef:192.168.157.254:41080, 277b5c5e-8c6f-4c9a-a53f-1bbc96404e12:192.168.157.254:41416], old=null
2019-10-16 21:55:17,897 [grpc-default-executor-1] INFO  impl.RaftServerImpl (RaftServerImpl.java:setRole(184)) - a32408a4-f19d-4bad-97c5-ba33ae94fc9a@group-569FAC3F8BCE: changes role from  FOLLOWER to FOLLOWER at term 173 for recognizeCandidate:277b5c5e-8c6f-4c9a-a53f-1bbc96404e12
2019-10-16 21:55:17,897 [grpc-default-executor-1] INFO  impl.RoleInfo (RoleInfo.java:shutdownFollowerState(121)) - a32408a4-f19d-4bad-97c5-ba33ae94fc9a: shutdown FollowerState
2019-10-16 21:55:17,897 [grpc-default-executor-0] INFO  impl.RaftServerImpl (RaftServerImpl.java:setRole(184)) - 6b24a2ab-97ee-4d49-85cc-2d76c2f4b8ef@group-569FAC3F8BCE: changes role from  FOLLOWER to FOLLOWER at term 173 for recognizeCandidate:277b5c5e-8c6f-4c9a-a53f-1bbc96404e12
2019-10-16 21:55:17,897 [Thread-1334] INFO  impl.FollowerState (FollowerState.java:run(117)) - a32408a4-f19d-4bad-97c5-ba33ae94fc9a@group-569FAC3F8BCE-FollowerState was interrupted: java.lang.InterruptedException: sleep interrupted
2019-10-16 21:55:17,897 [grpc-default-executor-1] INFO  impl.RoleInfo (RoleInfo.java:updateAndGet(143)) - a32408a4-f19d-4bad-97c5-ba33ae94fc9a: start FollowerState
2019-10-16 21:55:17,897 [grpc-default-executor-0] INFO  impl.RoleInfo (RoleInfo.java:shutdownFollowerState(121)) - 6b24a2ab-97ee-4d49-85cc-2d76c2f4b8ef: shutdown FollowerState
2019-10-16 21:55:17,898 [grpc-default-executor-0] INFO  impl.RoleInfo (RoleInfo.java:updateAndGet(143)) - 6b24a2ab-97ee-4d49-85cc-2d76c2f4b8ef: start FollowerState
2019-10-16 21:55:17,898 [Thread-1335] INFO  impl.FollowerState (FollowerState.java:run(117)) - 6b24a2ab-97ee-4d49-85cc-2d76c2f4b8ef@group-569FAC3F8BCE-FollowerState was interrupted: java.lang.InterruptedException: sleep interrupted
2019-10-16 21:55:17,924 [277b5c5e-8c6f-4c9a-a53f-1bbc96404e12@group-569FAC3F8BCE-LeaderElection177] INFO  impl.LeaderElection (LeaderElection.java:logAndReturn(56)) - 277b5c5e-8c6f-4c9a-a53f-1bbc96404e12@group-569FAC3F8BCE-LeaderElection177: Election REJECTED; received 2 response(s) [277b5c5e-8c6f-4c9a-a53f-1bbc96404e12<-a32408a4-f19d-4bad-97c5-ba33ae94fc9a#0:FAIL-t173, 277b5c5e-8c6f-4c9a-a53f-1bbc96404e12<-6b24a2ab-97ee-4d49-85cc-2d76c2f4b8ef#0:FAIL-t173] and 0 exception(s); 277b5c5e-8c6f-4c9a-a53f-1bbc96404e12@group-569FAC3F8BCE:t173, leader=null, voted=277b5c5e-8c6f-4c9a-a53f-1bbc96404e12, raftlog=277b5c5e-8c6f-4c9a-a53f-1bbc96404e12@group-569FAC3F8BCE-SegmentedRaftLog:OPENED:c-1,f-1,i0, conf=-1: [a32408a4-f19d-4bad-97c5-ba33ae94fc9a:192.168.157.254:38721, 6b24a2ab-97ee-4d49-85cc-2d76c2f4b8ef:192.168.157.254:41080, 277b5c5e-8c6f-4c9a-a53f-1bbc96404e12:192.168.157.254:41416], old=null
2019-10-16 21:55:17,924 [277b5c5e-8c6f-4c9a-a53f-1bbc96404e12@group-569FAC3F8BCE-LeaderElection177] INFO  impl.RaftServerImpl (RaftServerImpl.java:setRole(184)) - 277b5c5e-8c6f-4c9a-a53f-1bbc96404e12@group-569FAC3F8BCE: changes role from CANDIDATE to FOLLOWER at term 173 for DISCOVERED_A_NEW_TERM
2019-10-16 21:55:17,924 [277b5c5e-8c6f-4c9a-a53f-1bbc96404e12@group-569FAC3F8BCE-LeaderElection177] INFO  impl.RoleInfo (RoleInfo.java:shutdownLeaderElection(134)) - 277b5c5e-8c6f-4c9a-a53f-1bbc96404e12: shutdown LeaderElection
2019-10-16 21:55:17,924 [277b5c5e-8c6f-4c9a-a53f-1bbc96404e12@group-569FAC3F8BCE-LeaderElection177] INFO  impl.RoleInfo (RoleInfo.java:updateAndGet(143)) - 277b5c5e-8c6f-4c9a-a53f-1bbc96404e12: start FollowerState
2019-10-16 21:55:18,080 [Thread-1342] INFO  impl.FollowerState (FollowerState.java:run(108)) - 277b5c5e-8c6f-4c9a-a53f-1bbc96404e12@group-569FAC3F8BCE-FollowerState: change to CANDIDATE, lastRpcTime:155ms, electionTimeout:155ms
2019-10-16 21:55:18,080 [Thread-1342] INFO  impl.RoleInfo (RoleInfo.java:shutdownFollowerState(121)) - 277b5c5e-8c6f-4c9a-a53f-1bbc96404e12: shutdown FollowerState
2019-10-16 21:55:18,080 [Thread-1342] INFO  impl.RaftServerImpl (RaftServerImpl.java:setRole(184)) - 277b5c5e-8c6f-4c9a-a53f-1bbc96404e12@group-569FAC3F8BCE: changes role from  FOLLOWER to CANDIDATE at term 173 for changeToCandidate
2019-10-16 21:55:18,080 [Thread-1342] INFO  impl.RoleInfo (RoleInfo.java:updateAndGet(143)) - 277b5c5e-8c6f-4c9a-a53f-1bbc96404e12: start LeaderElection
2019-10-16 21:55:18,106 [277b5c5e-8c6f-4c9a-a53f-1bbc96404e12@group-569FAC3F8BCE-LeaderElection178] INFO  impl.LeaderElection (LeaderElection.java:askForVotes(178)) - 277b5c5e-8c6f-4c9a-a53f-1bbc96404e12@group-569FAC3F8BCE-LeaderElection178: begin an election at term 174 for -1: [a32408a4-f19d-4bad-97c5-ba33ae94fc9a:192.168.157.254:38721, 6b24a2ab-97ee-4d49-85cc-2d76c2f4b8ef:192.168.157.254:41080, 277b5c5e-8c6f-4c9a-a53f-1bbc96404e12:192.168.157.254:41416], old=null
2019-10-16 21:55:18,108 [grpc-default-executor-1] INFO  impl.RaftServerImpl (RaftServerImpl.java:setRole(184)) - a32408a4-f19d-4bad-97c5-ba33ae94fc9a@group-569FAC3F8BCE: changes role from  FOLLOWER to FOLLOWER at term 174 for recognizeCandidate:277b5c5e-8c6f-4c9a-a53f-1bbc96404e12
2019-10-16 21:55:18,108 [grpc-default-executor-1] INFO  impl.RoleInfo (RoleInfo.java:shutdownFollowerState(121)) - a32408a4-f19d-4bad-97c5-ba33ae94fc9a: shutdown FollowerState
2019-10-16 21:55:18,108 [grpc-default-executor-0] INFO  impl.RaftServerImpl (RaftServerImpl.java:setRole(184)) - 6b24a2ab-97ee-4d49-85cc-2d76c2f4b8ef@group-569FAC3F8BCE: changes role from  FOLLOWER to FOLLOWER at term 174 for recognizeCandidate:277b5c5e-8c6f-4c9a-a53f-1bbc96404e12
2019-10-16 21:55:18,109 [Thread-1340] INFO  impl.FollowerState (FollowerState.java:run(117)) - a32408a4-f19d-4bad-97c5-ba33ae94fc9a@group-569FAC3F8BCE-FollowerState was interrupted: java.lang.InterruptedException: sleep interrupted
2019-10-16 21:55:18,109 [grpc-default-executor-1] INFO  impl.RoleInfo (RoleInfo.java:updateAndGet(143)) - a32408a4-f19d-4bad-97c5-ba33ae94fc9a: start FollowerState
2019-10-16 21:55:18,109 [grpc-default-executor-0] INFO  impl.RoleInfo (RoleInfo.java:shutdownFollowerState(121)) - 6b24a2ab-97ee-4d49-85cc-2d76c2f4b8ef: shutdown FollowerState
2019-10-16 21:55:18,109 [grpc-default-executor-0] INFO  impl.RoleInfo (RoleInfo.java:updateAndGet(143)) - 6b24a2ab-97ee-4d49-85cc-2d76c2f4b8ef: start FollowerState
2019-10-16 21:55:18,109 [Thread-1341] INFO  impl.FollowerState (FollowerState.java:run(117)) - 6b24a2ab-97ee-4d49-85cc-2d76c2f4b8ef@group-569FAC3F8BCE-FollowerState was interrupted: java.lang.InterruptedException: sleep interrupted
2019-10-16 21:55:18,136 [277b5c5e-8c6f-4c9a-a53f-1bbc96404e12@group-569FAC3F8BCE-LeaderElection178] INFO  impl.LeaderElection (LeaderElection.java:logAndReturn(56)) - 277b5c5e-8c6f-4c9a-a53f-1bbc96404e12@group-569FAC3F8BCE-LeaderElection178: Election REJECTED; received 2 response(s) [277b5c5e-8c6f-4c9a-a53f-1bbc96404e12<-a32408a4-f19d-4bad-97c5-ba33ae94fc9a#0:FAIL-t174, 277b5c5e-8c6f-4c9a-a53f-1bbc96404e12<-6b24a2ab-97ee-4d49-85cc-2d76c2f4b8ef#0:FAIL-t174] and 0 exception(s); 277b5c5e-8c6f-4c9a-a53f-1bbc96404e12@group-569FAC3F8BCE:t174, leader=null, voted=277b5c5e-8c6f-4c9a-a53f-1bbc96404e12, raftlog=277b5c5e-8c6f-4c9a-a53f-1bbc96404e12@group-569FAC3F8BCE-SegmentedRaftLog:OPENED:c-1,f-1,i0, conf=-1: [a32408a4-f19d-4bad-97c5-ba33ae94fc9a:192.168.157.254:38721, 6b24a2ab-97ee-4d49-85cc-2d76c2f4b8ef:192.168.157.254:41080, 277b5c5e-8c6f-4c9a-a53f-1bbc96404e12:192.168.157.254:41416], old=null
2019-10-16 21:55:18,136 [277b5c5e-8c6f-4c9a-a53f-1bbc96404e12@group-569FAC3F8BCE-LeaderElection178] INFO  impl.RaftServerImpl (RaftServerImpl.java:setRole(184)) - 277b5c5e-8c6f-4c9a-a53f-1bbc96404e12@group-569FAC3F8BCE: changes role from CANDIDATE to FOLLOWER at term 174 for DISCOVERED_A_NEW_TERM
2019-10-16 21:55:18,136 [277b5c5e-8c6f-4c9a-a53f-1bbc96404e12@group-569FAC3F8BCE-LeaderElection178] INFO  impl.RoleInfo (RoleInfo.java:shutdownLeaderElection(134)) - 277b5c5e-8c6f-4c9a-a53f-1bbc96404e12: shutdown LeaderElection
2019-10-16 21:55:18,136 [277b5c5e-8c6f-4c9a-a53f-1bbc96404e12@group-569FAC3F8BCE-LeaderElection178] INFO  impl.RoleInfo (RoleInfo.java:updateAndGet(143)) - 277b5c5e-8c6f-4c9a-a53f-1bbc96404e12: start FollowerState
2019-10-16 21:55:18,236 [Thread-1348] INFO  impl.FollowerState (FollowerState.java:run(108)) - 277b5c5e-8c6f-4c9a-a53f-1bbc96404e12@group-569FAC3F8BCE-FollowerState: change to CANDIDATE, lastRpcTime:100ms, electionTimeout:100ms
2019-10-16 21:55:18,237 [Thread-1348] INFO  impl.RoleInfo (RoleInfo.java:shutdownFollowerState(121)) - 277b5c5e-8c6f-4c9a-a53f-1bbc96404e12: shutdown FollowerState
2019-10-16 21:55:18,237 [Thread-1348] INFO  impl.RaftServerImpl (RaftServerImpl.java:setRole(184)) - 277b5c5e-8c6f-4c9a-a53f-1bbc96404e12@group-569FAC3F8BCE: changes role from  FOLLOWER to CANDIDATE at term 174 for changeToCandidate
2019-10-16 21:55:18,237 [Thread-1348] INFO  impl.RoleInfo (RoleInfo.java:updateAndGet(143)) - 277b5c5e-8c6f-4c9a-a53f-1bbc96404e12: start LeaderElection
2019-10-16 21:55:18,251 [277b5c5e-8c6f-4c9a-a53f-1bbc96404e12@group-569FAC3F8BCE-LeaderElection179] INFO  impl.LeaderElection (LeaderElection.java:askForVotes(178)) - 277b5c5e-8c6f-4c9a-a53f-1bbc96404e12@group-569FAC3F8BCE-LeaderElection179: begin an election at term 175 for -1: [a32408a4-f19d-4bad-97c5-ba33ae94fc9a:192.168.157.254:38721, 6b24a2ab-97ee-4d49-85cc-2d76c2f4b8ef:192.168.157.254:41080, 277b5c5e-8c6f-4c9a-a53f-1bbc96404e12:192.168.157.254:41416], old=null
2019-10-16 21:55:18,253 [grpc-default-executor-1] INFO  impl.RaftServerImpl (RaftServerImpl.java:setRole(184)) - 6b24a2ab-97ee-4d49-85cc-2d76c2f4b8ef@group-569FAC3F8BCE: changes role from  FOLLOWER to FOLLOWER at term 175 for recognizeCandidate:277b5c5e-8c6f-4c9a-a53f-1bbc96404e12
2019-10-16 21:55:18,254 [grpc-default-executor-1] INFO  impl.RoleInfo (RoleInfo.java:shutdownFollowerState(121)) - 6b24a2ab-97ee-4d49-85cc-2d76c2f4b8ef: shutdown FollowerState
2019-10-16 21:55:18,254 [grpc-default-executor-0] INFO  impl.RaftServerImpl (RaftServerImpl.java:setRole(184)) - a32408a4-f19d-4bad-97c5-ba33ae94fc9a@group-569FAC3F8BCE: changes role from  FOLLOWER to FOLLOWER at term 175 for recognizeCandidate:277b5c5e-8c6f-4c9a-a53f-1bbc96404e12
2019-10-16 21:55:18,254 [Thread-1347] INFO  impl.FollowerState (FollowerState.java:run(117)) - 6b24a2ab-97ee-4d49-85cc-2d76c2f4b8ef@group-569FAC3F8BCE-FollowerState was interrupted: java.lang.InterruptedException: sleep interrupted
2019-10-16 21:55:18,254 [grpc-default-executor-1] INFO  impl.RoleInfo (RoleInfo.java:updateAndGet(143)) - 6b24a2ab-97ee-4d49-85cc-2d76c2f4b8ef: start FollowerState
2019-10-16 21:55:18,254 [grpc-default-executor-0] INFO  impl.RoleInfo (RoleInfo.java:shutdownFollowerState(121)) - a32408a4-f19d-4bad-97c5-ba33ae94fc9a: shutdown FollowerState
2019-10-16 21:55:18,254 [grpc-default-executor-0] INFO  impl.RoleInfo (RoleInfo.java:updateAndGet(143)) - a32408a4-f19d-4bad-97c5-ba33ae94fc9a: start FollowerState
2019-10-16 21:55:18,254 [Thread-1346] INFO  impl.FollowerState (FollowerState.java:run(117)) - a32408a4-f19d-4bad-97c5-ba33ae94fc9a@group-569FAC3F8BCE-FollowerState was interrupted: java.lang.InterruptedException: sleep interrupted
2019-10-16 21:55:18,281 [277b5c5e-8c6f-4c9a-a53f-1bbc96404e12@group-569FAC3F8BCE-LeaderElection179] INFO  impl.LeaderElection (LeaderElection.java:logAndReturn(56)) - 277b5c5e-8c6f-4c9a-a53f-1bbc96404e12@group-569FAC3F8BCE-LeaderElection179: Election REJECTED; received 2 response(s) [277b5c5e-8c6f-4c9a-a53f-1bbc96404e12<-a32408a4-f19d-4bad-97c5-ba33ae94fc9a#0:FAIL-t175, 277b5c5e-8c6f-4c9a-a53f-1bbc96404e12<-6b24a2ab-97ee-4d49-85cc-2d76c2f4b8ef#0:FAIL-t175] and 0 exception(s); 277b5c5e-8c6f-4c9a-a53f-1bbc96404e12@group-569FAC3F8BCE:t175, leader=null, voted=277b5c5e-8c6f-4c9a-a53f-1bbc96404e12, raftlog=277b5c5e-8c6f-4c9a-a53f-1bbc96404e12@group-569FAC3F8BCE-SegmentedRaftLog:OPENED:c-1,f-1,i0, conf=-1: [a32408a4-f19d-4bad-97c5-ba33ae94fc9a:192.168.157.254:38721, 6b24a2ab-97ee-4d49-85cc-2d76c2f4b8ef:192.168.157.254:41080, 277b5c5e-8c6f-4c9a-a53f-1bbc96404e12:192.168.157.254:41416], old=null
2019-10-16 21:55:18,281 [277b5c5e-8c6f-4c9a-a53f-1bbc96404e12@group-569FAC3F8BCE-LeaderElection179] INFO  impl.RaftServerImpl (RaftServerImpl.java:setRole(184)) - 277b5c5e-8c6f-4c9a-a53f-1bbc96404e12@group-569FAC3F8BCE: changes role from CANDIDATE to FOLLOWER at term 175 for DISCOVERED_A_NEW_TERM
2019-10-16 21:55:18,281 [277b5c5e-8c6f-4c9a-a53f-1bbc96404e12@group-569FAC3F8BCE-LeaderElection179] INFO  impl.RoleInfo (RoleInfo.java:shutdownLeaderElection(134)) - 277b5c5e-8c6f-4c9a-a53f-1bbc96404e12: shutdown LeaderElection
2019-10-16 21:55:18,281 [277b5c5e-8c6f-4c9a-a53f-1bbc96404e12@group-569FAC3F8BCE-LeaderElection179] INFO  impl.RoleInfo (RoleInfo.java:updateAndGet(143)) - 277b5c5e-8c6f-4c9a-a53f-1bbc96404e12: start FollowerState
2019-10-16 21:55:18,389 [Thread-1354] INFO  impl.FollowerState (FollowerState.java:run(108)) - 277b5c5e-8c6f-4c9a-a53f-1bbc96404e12@group-569FAC3F8BCE-FollowerState: change to CANDIDATE, lastRpcTime:107ms, electionTimeout:107ms
2019-10-16 21:55:18,389 [Thread-1354] INFO  impl.RoleInfo (RoleInfo.java:shutdownFollowerState(121)) - 277b5c5e-8c6f-4c9a-a53f-1bbc96404e12: shutdown FollowerState
2019-10-16 21:55:18,389 [Thread-1354] INFO  impl.RaftServerImpl (RaftServerImpl.java:setRole(184)) - 277b5c5e-8c6f-4c9a-a53f-1bbc96404e12@group-569FAC3F8BCE: changes role from  FOLLOWER to CANDIDATE at term 175 for changeToCandidate
2019-10-16 21:55:18,389 [Thread-1354] INFO  impl.RoleInfo (RoleInfo.java:updateAndGet(143)) - 277b5c5e-8c6f-4c9a-a53f-1bbc96404e12: start LeaderElection
2019-10-16 21:55:18,415 [277b5c5e-8c6f-4c9a-a53f-1bbc96404e12@group-569FAC3F8BCE-LeaderElection180] INFO  impl.LeaderElection (LeaderElection.java:askForVotes(178)) - 277b5c5e-8c6f-4c9a-a53f-1bbc96404e12@group-569FAC3F8BCE-LeaderElection180: begin an election at term 176 for -1: [a32408a4-f19d-4bad-97c5-ba33ae94fc9a:192.168.157.254:38721, 6b24a2ab-97ee-4d49-85cc-2d76c2f4b8ef:192.168.157.254:41080, 277b5c5e-8c6f-4c9a-a53f-1bbc96404e12:192.168.157.254:41416], old=null
2019-10-16 21:55:18,417 [grpc-default-executor-1] INFO  impl.RaftServerImpl (RaftServerImpl.java:setRole(184)) - 6b24a2ab-97ee-4d49-85cc-2d76c2f4b8ef@group-569FAC3F8BCE: changes role from  FOLLOWER to FOLLOWER at term 176 for recognizeCandidate:277b5c5e-8c6f-4c9a-a53f-1bbc96404e12
2019-10-16 21:55:18,418 [grpc-default-executor-1] INFO  impl.RoleInfo (RoleInfo.java:shutdownFollowerState(121)) - 6b24a2ab-97ee-4d49-85cc-2d76c2f4b8ef: shutdown FollowerState
2019-10-16 21:55:18,418 [grpc-default-executor-0] INFO  impl.RaftServerImpl (RaftServerImpl.java:setRole(184)) - a32408a4-f19d-4bad-97c5-ba33ae94fc9a@group-569FAC3F8BCE: changes role from  FOLLOWER to FOLLOWER at term 176 for recognizeCandidate:277b5c5e-8c6f-4c9a-a53f-1bbc96404e12
2019-10-16 21:55:18,418 [grpc-default-executor-0] INFO  impl.RoleInfo (RoleInfo.java:shutdownFollowerState(121)) - a32408a4-f19d-4bad-97c5-ba33ae94fc9a: shutdown FollowerState
2019-10-16 21:55:18,418 [grpc-default-executor-1] INFO  impl.RoleInfo (RoleInfo.java:updateAndGet(143)) - 6b24a2ab-97ee-4d49-85cc-2d76c2f4b8ef: start FollowerState
2019-10-16 21:55:18,418 [Thread-1352] INFO  impl.FollowerState (FollowerState.java:run(117)) - 6b24a2ab-97ee-4d49-85cc-2d76c2f4b8ef@group-569FAC3F8BCE-FollowerState was interrupted: java.lang.InterruptedException: sleep interrupted
2019-10-16 21:55:18,418 [Thread-1353] INFO  impl.FollowerState (FollowerState.java:run(117)) - a32408a4-f19d-4bad-97c5-ba33ae94fc9a@group-569FAC3F8BCE-FollowerState was interrupted: java.lang.InterruptedException: sleep interrupted
2019-10-16 21:55:18,418 [grpc-default-executor-0] INFO  impl.RoleInfo (RoleInfo.java:updateAndGet(143)) - a32408a4-f19d-4bad-97c5-ba33ae94fc9a: start FollowerState
2019-10-16 21:55:18,446 [277b5c5e-8c6f-4c9a-a53f-1bbc96404e12@group-569FAC3F8BCE-LeaderElection180] INFO  impl.LeaderElection (LeaderElection.java:logAndReturn(56)) - 277b5c5e-8c6f-4c9a-a53f-1bbc96404e12@group-569FAC3F8BCE-LeaderElection180: Election REJECTED; received 2 response(s) [277b5c5e-8c6f-4c9a-a53f-1bbc96404e12<-6b24a2ab-97ee-4d49-85cc-2d76c2f4b8ef#0:FAIL-t176, 277b5c5e-8c6f-4c9a-a53f-1bbc96404e12<-a32408a4-f19d-4bad-97c5-ba33ae94fc9a#0:FAIL-t176] and 0 exception(s); 277b5c5e-8c6f-4c9a-a53f-1bbc96404e12@group-569FAC3F8BCE:t176, leader=null, voted=277b5c5e-8c6f-4c9a-a53f-1bbc96404e12, raftlog=277b5c5e-8c6f-4c9a-a53f-1bbc96404e12@group-569FAC3F8BCE-SegmentedRaftLog:OPENED:c-1,f-1,i0, conf=-1: [a32408a4-f19d-4bad-97c5-ba33ae94fc9a:192.168.157.254:38721, 6b24a2ab-97ee-4d49-85cc-2d76c2f4b8ef:192.168.157.254:41080, 277b5c5e-8c6f-4c9a-a53f-1bbc96404e12:192.168.157.254:41416], old=null
2019-10-16 21:55:18,446 [277b5c5e-8c6f-4c9a-a53f-1bbc96404e12@group-569FAC3F8BCE-LeaderElection180] INFO  impl.RaftServerImpl (RaftServerImpl.java:setRole(184)) - 277b5c5e-8c6f-4c9a-a53f-1bbc96404e12@group-569FAC3F8BCE: changes role from CANDIDATE to FOLLOWER at term 176 for DISCOVERED_A_NEW_TERM
2019-10-16 21:55:18,446 [277b5c5e-8c6f-4c9a-a53f-1bbc96404e12@group-569FAC3F8BCE-LeaderElection180] INFO  impl.RoleInfo (RoleInfo.java:shutdownLeaderElection(134)) - 277b5c5e-8c6f-4c9a-a53f-1bbc96404e12: shutdown LeaderElection
2019-10-16 21:55:18,446 [277b5c5e-8c6f-4c9a-a53f-1bbc96404e12@group-569FAC3F8BCE-LeaderElection180] INFO  impl.RoleInfo (RoleInfo.java:updateAndGet(143)) - 277b5c5e-8c6f-4c9a-a53f-1bbc96404e12: start FollowerState
2019-10-16 21:55:18,548 [Thread-1360] INFO  impl.FollowerState (FollowerState.java:run(108)) - 277b5c5e-8c6f-4c9a-a53f-1bbc96404e12@group-569FAC3F8BCE-FollowerState: change to CANDIDATE, lastRpcTime:101ms, electionTimeout:101ms
2019-10-16 21:55:18,548 [Thread-1360] INFO  impl.RoleInfo (RoleInfo.java:shutdownFollowerState(121)) - 277b5c5e-8c6f-4c9a-a53f-1bbc96404e12: shutdown FollowerState
2019-10-16 21:55:18,548 [Thread-1360] INFO  impl.RaftServerImpl (RaftServerImpl.java:setRole(184)) - 277b5c5e-8c6f-4c9a-a53f-1bbc96404e12@group-569FAC3F8BCE: changes role from  FOLLOWER to CANDIDATE at term 176 for changeToCandidate
2019-10-16 21:55:18,548 [Thread-1360] INFO  impl.RoleInfo (RoleInfo.java:updateAndGet(143)) - 277b5c5e-8c6f-4c9a-a53f-1bbc96404e12: start LeaderElection
2019-10-16 21:55:18,552 [277b5c5e-8c6f-4c9a-a53f-1bbc96404e12@group-569FAC3F8BCE-LeaderElection181] INFO  impl.LeaderElection (LeaderElection.java:askForVotes(178)) - 277b5c5e-8c6f-4c9a-a53f-1bbc96404e12@group-569FAC3F8BCE-LeaderElection181: begin an election at term 177 for -1: [a32408a4-f19d-4bad-97c5-ba33ae94fc9a:192.168.157.254:38721, 6b24a2ab-97ee-4d49-85cc-2d76c2f4b8ef:192.168.157.254:41080, 277b5c5e-8c6f-4c9a-a53f-1bbc96404e12:192.168.157.254:41416], old=null
2019-10-16 21:55:18,554 [grpc-default-executor-0] INFO  impl.RaftServerImpl (RaftServerImpl.java:setRole(184)) - a32408a4-f19d-4bad-97c5-ba33ae94fc9a@group-569FAC3F8BCE: changes role from  FOLLOWER to FOLLOWER at term 177 for recognizeCandidate:277b5c5e-8c6f-4c9a-a53f-1bbc96404e12
2019-10-16 21:55:18,554 [grpc-default-executor-0] INFO  impl.RoleInfo (RoleInfo.java:shutdownFollowerState(121)) - a32408a4-f19d-4bad-97c5-ba33ae94fc9a: shutdown FollowerState
2019-10-16 21:55:18,554 [grpc-default-executor-1] INFO  impl.RaftServerImpl (RaftServerImpl.java:setRole(184)) - 6b24a2ab-97ee-4d49-85cc-2d76c2f4b8ef@group-569FAC3F8BCE: changes role from  FOLLOWER to FOLLOWER at term 177 for recognizeCandidate:277b5c5e-8c6f-4c9a-a53f-1bbc96404e12
2019-10-16 21:55:18,555 [grpc-default-executor-1] INFO  impl.RoleInfo (RoleInfo.java:shutdownFollowerState(121)) - 6b24a2ab-97ee-4d49-85cc-2d76c2f4b8ef: shutdown FollowerState
2019-10-16 21:55:18,555 [Thread-1359] INFO  impl.FollowerState (FollowerState.java:run(117)) - a32408a4-f19d-4bad-97c5-ba33ae94fc9a@group-569FAC3F8BCE-FollowerState was interrupted: java.lang.InterruptedException: sleep interrupted
2019-10-16 21:55:18,555 [Thread-1358] INFO  impl.FollowerState (FollowerState.java:run(117)) - 6b24a2ab-97ee-4d49-85cc-2d76c2f4b8ef@group-569FAC3F8BCE-FollowerState was interrupted: java.lang.InterruptedException: sleep interrupted
2019-10-16 21:55:18,555 [grpc-default-executor-0] INFO  impl.RoleInfo (RoleInfo.java:updateAndGet(143)) - a32408a4-f19d-4bad-97c5-ba33ae94fc9a: start FollowerState
2019-10-16 21:55:18,555 [grpc-default-executor-1] INFO  impl.RoleInfo (RoleInfo.java:updateAndGet(143)) - 6b24a2ab-97ee-4d49-85cc-2d76c2f4b8ef: start FollowerState
2019-10-16 21:55:18,560 [277b5c5e-8c6f-4c9a-a53f-1bbc96404e12@group-569FAC3F8BCE-LeaderElection181] INFO  impl.LeaderElection (LeaderElection.java:logAndReturn(56)) - 277b5c5e-8c6f-4c9a-a53f-1bbc96404e12@group-569FAC3F8BCE-LeaderElection181: Election REJECTED; received 2 response(s) [277b5c5e-8c6f-4c9a-a53f-1bbc96404e12<-6b24a2ab-97ee-4d49-85cc-2d76c2f4b8ef#0:FAIL-t177, 277b5c5e-8c6f-4c9a-a53f-1bbc96404e12<-a32408a4-f19d-4bad-97c5-ba33ae94fc9a#0:FAIL-t177] and 0 exception(s); 277b5c5e-8c6f-4c9a-a53f-1bbc96404e12@group-569FAC3F8BCE:t177, leader=null, voted=277b5c5e-8c6f-4c9a-a53f-1bbc96404e12, raftlog=277b5c5e-8c6f-4c9a-a53f-1bbc96404e12@group-569FAC3F8BCE-SegmentedRaftLog:OPENED:c-1,f-1,i0, conf=-1: [a32408a4-f19d-4bad-97c5-ba33ae94fc9a:192.168.157.254:38721, 6b24a2ab-97ee-4d49-85cc-2d76c2f4b8ef:192.168.157.254:41080, 277b5c5e-8c6f-4c9a-a53f-1bbc96404e12:192.168.157.254:41416], old=null
2019-10-16 21:55:18,560 [277b5c5e-8c6f-4c9a-a53f-1bbc96404e12@group-569FAC3F8BCE-LeaderElection181] INFO  impl.RaftServerImpl (RaftServerImpl.java:setRole(184)) - 277b5c5e-8c6f-4c9a-a53f-1bbc96404e12@group-569FAC3F8BCE: changes role from CANDIDATE to FOLLOWER at term 177 for DISCOVERED_A_NEW_TERM
2019-10-16 21:55:18,561 [277b5c5e-8c6f-4c9a-a53f-1bbc96404e12@group-569FAC3F8BCE-LeaderElection181] INFO  impl.RoleInfo (RoleInfo.java:shutdownLeaderElection(134)) - 277b5c5e-8c6f-4c9a-a53f-1bbc96404e12: shutdown LeaderElection
2019-10-16 21:55:18,561 [277b5c5e-8c6f-4c9a-a53f-1bbc96404e12@group-569FAC3F8BCE-LeaderElection181] INFO  impl.RoleInfo (RoleInfo.java:updateAndGet(143)) - 277b5c5e-8c6f-4c9a-a53f-1bbc96404e12: start FollowerState
2019-10-16 21:55:18,570 [Thread-0] INFO  ozone.MiniOzoneClusterImpl (MiniOzoneClusterImpl.java:lambda$waitForClusterToBeReady$2(164)) - Waiting for 1 number of pipelines out of 4, to report a leader.
2019-10-16 21:55:18,582 [Thread-1366] INFO  impl.FollowerState (FollowerState.java:run(108)) - 277b5c5e-8c6f-4c9a-a53f-1bbc96404e12@group-569FAC3F8BCE-FollowerState: change to CANDIDATE, lastRpcTime:21ms, electionTimeout:21ms
2019-10-16 21:55:18,582 [Thread-1366] INFO  impl.RoleInfo (RoleInfo.java:shutdownFollowerState(121)) - 277b5c5e-8c6f-4c9a-a53f-1bbc96404e12: shutdown FollowerState
2019-10-16 21:55:18,582 [Thread-1366] INFO  impl.RaftServerImpl (RaftServerImpl.java:setRole(184)) - 277b5c5e-8c6f-4c9a-a53f-1bbc96404e12@group-569FAC3F8BCE: changes role from  FOLLOWER to CANDIDATE at term 177 for changeToCandidate
2019-10-16 21:55:18,583 [Thread-1366] INFO  impl.RoleInfo (RoleInfo.java:updateAndGet(143)) - 277b5c5e-8c6f-4c9a-a53f-1bbc96404e12: start LeaderElection
2019-10-16 21:55:18,603 [277b5c5e-8c6f-4c9a-a53f-1bbc96404e12@group-569FAC3F8BCE-LeaderElection182] INFO  impl.LeaderElection (LeaderElection.java:askForVotes(178)) - 277b5c5e-8c6f-4c9a-a53f-1bbc96404e12@group-569FAC3F8BCE-LeaderElection182: begin an election at term 178 for -1: [a32408a4-f19d-4bad-97c5-ba33ae94fc9a:192.168.157.254:38721, 6b24a2ab-97ee-4d49-85cc-2d76c2f4b8ef:192.168.157.254:41080, 277b5c5e-8c6f-4c9a-a53f-1bbc96404e12:192.168.157.254:41416], old=null
2019-10-16 21:55:18,605 [grpc-default-executor-1] INFO  impl.RaftServerImpl (RaftServerImpl.java:setRole(184)) - 6b24a2ab-97ee-4d49-85cc-2d76c2f4b8ef@group-569FAC3F8BCE: changes role from  FOLLOWER to FOLLOWER at term 178 for recognizeCandidate:277b5c5e-8c6f-4c9a-a53f-1bbc96404e12
2019-10-16 21:55:18,605 [grpc-default-executor-1] INFO  impl.RoleInfo (RoleInfo.java:shutdownFollowerState(121)) - 6b24a2ab-97ee-4d49-85cc-2d76c2f4b8ef: shutdown FollowerState
2019-10-16 21:55:18,605 [grpc-default-executor-0] INFO  impl.RaftServerImpl (RaftServerImpl.java:setRole(184)) - a32408a4-f19d-4bad-97c5-ba33ae94fc9a@group-569FAC3F8BCE: changes role from  FOLLOWER to FOLLOWER at term 178 for recognizeCandidate:277b5c5e-8c6f-4c9a-a53f-1bbc96404e12
2019-10-16 21:55:18,605 [Thread-1365] INFO  impl.FollowerState (FollowerState.java:run(117)) - 6b24a2ab-97ee-4d49-85cc-2d76c2f4b8ef@group-569FAC3F8BCE-FollowerState was interrupted: java.lang.InterruptedException: sleep interrupted
2019-10-16 21:55:18,605 [grpc-default-executor-1] INFO  impl.RoleInfo (RoleInfo.java:updateAndGet(143)) - 6b24a2ab-97ee-4d49-85cc-2d76c2f4b8ef: start FollowerState
2019-10-16 21:55:18,605 [grpc-default-executor-0] INFO  impl.RoleInfo (RoleInfo.java:shutdownFollowerState(121)) - a32408a4-f19d-4bad-97c5-ba33ae94fc9a: shutdown FollowerState
2019-10-16 21:55:18,606 [grpc-default-executor-0] INFO  impl.RoleInfo (RoleInfo.java:updateAndGet(143)) - a32408a4-f19d-4bad-97c5-ba33ae94fc9a: start FollowerState
2019-10-16 21:55:18,606 [Thread-1364] INFO  impl.FollowerState (FollowerState.java:run(117)) - a32408a4-f19d-4bad-97c5-ba33ae94fc9a@group-569FAC3F8BCE-FollowerState was interrupted: java.lang.InterruptedException: sleep interrupted
2019-10-16 21:55:18,622 [277b5c5e-8c6f-4c9a-a53f-1bbc96404e12@group-569FAC3F8BCE-LeaderElection182] INFO  impl.LeaderElection (LeaderElection.java:logAndReturn(56)) - 277b5c5e-8c6f-4c9a-a53f-1bbc96404e12@group-569FAC3F8BCE-LeaderElection182: Election REJECTED; received 2 response(s) [277b5c5e-8c6f-4c9a-a53f-1bbc96404e12<-6b24a2ab-97ee-4d49-85cc-2d76c2f4b8ef#0:FAIL-t178, 277b5c5e-8c6f-4c9a-a53f-1bbc96404e12<-a32408a4-f19d-4bad-97c5-ba33ae94fc9a#0:FAIL-t178] and 0 exception(s); 277b5c5e-8c6f-4c9a-a53f-1bbc96404e12@group-569FAC3F8BCE:t178, leader=null, voted=277b5c5e-8c6f-4c9a-a53f-1bbc96404e12, raftlog=277b5c5e-8c6f-4c9a-a53f-1bbc96404e12@group-569FAC3F8BCE-SegmentedRaftLog:OPENED:c-1,f-1,i0, conf=-1: [a32408a4-f19d-4bad-97c5-ba33ae94fc9a:192.168.157.254:38721, 6b24a2ab-97ee-4d49-85cc-2d76c2f4b8ef:192.168.157.254:41080, 277b5c5e-8c6f-4c9a-a53f-1bbc96404e12:192.168.157.254:41416], old=null
2019-10-16 21:55:18,622 [277b5c5e-8c6f-4c9a-a53f-1bbc96404e12@group-569FAC3F8BCE-LeaderElection182] INFO  impl.RaftServerImpl (RaftServerImpl.java:setRole(184)) - 277b5c5e-8c6f-4c9a-a53f-1bbc96404e12@group-569FAC3F8BCE: changes role from CANDIDATE to FOLLOWER at term 178 for DISCOVERED_A_NEW_TERM
2019-10-16 21:55:18,622 [277b5c5e-8c6f-4c9a-a53f-1bbc96404e12@group-569FAC3F8BCE-LeaderElection182] INFO  impl.RoleInfo (RoleInfo.java:shutdownLeaderElection(134)) - 277b5c5e-8c6f-4c9a-a53f-1bbc96404e12: shutdown LeaderElection
2019-10-16 21:55:18,623 [277b5c5e-8c6f-4c9a-a53f-1bbc96404e12@group-569FAC3F8BCE-LeaderElection182] INFO  impl.RoleInfo (RoleInfo.java:updateAndGet(143)) - 277b5c5e-8c6f-4c9a-a53f-1bbc96404e12: start FollowerState
2019-10-16 21:55:18,710 [Thread-1372] INFO  impl.FollowerState (FollowerState.java:run(108)) - 277b5c5e-8c6f-4c9a-a53f-1bbc96404e12@group-569FAC3F8BCE-FollowerState: change to CANDIDATE, lastRpcTime:87ms, electionTimeout:87ms
2019-10-16 21:55:18,710 [Thread-1372] INFO  impl.RoleInfo (RoleInfo.java:shutdownFollowerState(121)) - 277b5c5e-8c6f-4c9a-a53f-1bbc96404e12: shutdown FollowerState
2019-10-16 21:55:18,710 [Thread-1372] INFO  impl.RaftServerImpl (RaftServerImpl.java:setRole(184)) - 277b5c5e-8c6f-4c9a-a53f-1bbc96404e12@group-569FAC3F8BCE: changes role from  FOLLOWER to CANDIDATE at term 178 for changeToCandidate
2019-10-16 21:55:18,710 [Thread-1372] INFO  impl.RoleInfo (RoleInfo.java:updateAndGet(143)) - 277b5c5e-8c6f-4c9a-a53f-1bbc96404e12: start LeaderElection
2019-10-16 21:55:18,726 [277b5c5e-8c6f-4c9a-a53f-1bbc96404e12@group-569FAC3F8BCE-LeaderElection183] INFO  impl.LeaderElection (LeaderElection.java:askForVotes(178)) - 277b5c5e-8c6f-4c9a-a53f-1bbc96404e12@group-569FAC3F8BCE-LeaderElection183: begin an election at term 179 for -1: [a32408a4-f19d-4bad-97c5-ba33ae94fc9a:192.168.157.254:38721, 6b24a2ab-97ee-4d49-85cc-2d76c2f4b8ef:192.168.157.254:41080, 277b5c5e-8c6f-4c9a-a53f-1bbc96404e12:192.168.157.254:41416], old=null
2019-10-16 21:55:18,728 [grpc-default-executor-1] INFO  impl.RaftServerImpl (RaftServerImpl.java:setRole(184)) - a32408a4-f19d-4bad-97c5-ba33ae94fc9a@group-569FAC3F8BCE: changes role from  FOLLOWER to FOLLOWER at term 179 for recognizeCandidate:277b5c5e-8c6f-4c9a-a53f-1bbc96404e12
2019-10-16 21:55:18,728 [grpc-default-executor-1] INFO  impl.RoleInfo (RoleInfo.java:shutdownFollowerState(121)) - a32408a4-f19d-4bad-97c5-ba33ae94fc9a: shutdown FollowerState
2019-10-16 21:55:18,728 [grpc-default-executor-0] INFO  impl.RaftServerImpl (RaftServerImpl.java:setRole(184)) - 6b24a2ab-97ee-4d49-85cc-2d76c2f4b8ef@group-569FAC3F8BCE: changes role from  FOLLOWER to FOLLOWER at term 179 for recognizeCandidate:277b5c5e-8c6f-4c9a-a53f-1bbc96404e12
2019-10-16 21:55:18,728 [Thread-1371] INFO  impl.FollowerState (FollowerState.java:run(117)) - a32408a4-f19d-4bad-97c5-ba33ae94fc9a@group-569FAC3F8BCE-FollowerState was interrupted: java.lang.InterruptedException: sleep interrupted
2019-10-16 21:55:18,728 [grpc-default-executor-1] INFO  impl.RoleInfo (RoleInfo.java:updateAndGet(143)) - a32408a4-f19d-4bad-97c5-ba33ae94fc9a: start FollowerState
2019-10-16 21:55:18,729 [grpc-default-executor-0] INFO  impl.RoleInfo (RoleInfo.java:shutdownFollowerState(121)) - 6b24a2ab-97ee-4d49-85cc-2d76c2f4b8ef: shutdown FollowerState
2019-10-16 21:55:18,729 [grpc-default-executor-0] INFO  impl.RoleInfo (RoleInfo.java:updateAndGet(143)) - 6b24a2ab-97ee-4d49-85cc-2d76c2f4b8ef: start FollowerState
2019-10-16 21:55:18,729 [Thread-1370] INFO  impl.FollowerState (FollowerState.java:run(117)) - 6b24a2ab-97ee-4d49-85cc-2d76c2f4b8ef@group-569FAC3F8BCE-FollowerState was interrupted: java.lang.InterruptedException: sleep interrupted
2019-10-16 21:55:18,755 [277b5c5e-8c6f-4c9a-a53f-1bbc96404e12@group-569FAC3F8BCE-LeaderElection183] INFO  impl.LeaderElection (LeaderElection.java:logAndReturn(56)) - 277b5c5e-8c6f-4c9a-a53f-1bbc96404e12@group-569FAC3F8BCE-LeaderElection183: Election REJECTED; received 2 response(s) [277b5c5e-8c6f-4c9a-a53f-1bbc96404e12<-a32408a4-f19d-4bad-97c5-ba33ae94fc9a#0:FAIL-t179, 277b5c5e-8c6f-4c9a-a53f-1bbc96404e12<-6b24a2ab-97ee-4d49-85cc-2d76c2f4b8ef#0:FAIL-t179] and 0 exception(s); 277b5c5e-8c6f-4c9a-a53f-1bbc96404e12@group-569FAC3F8BCE:t179, leader=null, voted=277b5c5e-8c6f-4c9a-a53f-1bbc96404e12, raftlog=277b5c5e-8c6f-4c9a-a53f-1bbc96404e12@group-569FAC3F8BCE-SegmentedRaftLog:OPENED:c-1,f-1,i0, conf=-1: [a32408a4-f19d-4bad-97c5-ba33ae94fc9a:192.168.157.254:38721, 6b24a2ab-97ee-4d49-85cc-2d76c2f4b8ef:192.168.157.254:41080, 277b5c5e-8c6f-4c9a-a53f-1bbc96404e12:192.168.157.254:41416], old=null
2019-10-16 21:55:18,756 [277b5c5e-8c6f-4c9a-a53f-1bbc96404e12@group-569FAC3F8BCE-LeaderElection183] INFO  impl.RaftServerImpl (RaftServerImpl.java:setRole(184)) - 277b5c5e-8c6f-4c9a-a53f-1bbc96404e12@group-569FAC3F8BCE: changes role from CANDIDATE to FOLLOWER at term 179 for DISCOVERED_A_NEW_TERM
2019-10-16 21:55:18,756 [277b5c5e-8c6f-4c9a-a53f-1bbc96404e12@group-569FAC3F8BCE-LeaderElection183] INFO  impl.RoleInfo (RoleInfo.java:shutdownLeaderElection(134)) - 277b5c5e-8c6f-4c9a-a53f-1bbc96404e12: shutdown LeaderElection
2019-10-16 21:55:18,756 [277b5c5e-8c6f-4c9a-a53f-1bbc96404e12@group-569FAC3F8BCE-LeaderElection183] INFO  impl.RoleInfo (RoleInfo.java:updateAndGet(143)) - 277b5c5e-8c6f-4c9a-a53f-1bbc96404e12: start FollowerState
2019-10-16 21:55:18,899 [Thread-1378] INFO  impl.FollowerState (FollowerState.java:run(108)) - 277b5c5e-8c6f-4c9a-a53f-1bbc96404e12@group-569FAC3F8BCE-FollowerState: change to CANDIDATE, lastRpcTime:143ms, electionTimeout:143ms
2019-10-16 21:55:18,899 [Thread-1378] INFO  impl.RoleInfo (RoleInfo.java:shutdownFollowerState(121)) - 277b5c5e-8c6f-4c9a-a53f-1bbc96404e12: shutdown FollowerState
2019-10-16 21:55:18,900 [Thread-1378] INFO  impl.RaftServerImpl (RaftServerImpl.java:setRole(184)) - 277b5c5e-8c6f-4c9a-a53f-1bbc96404e12@group-569FAC3F8BCE: changes role from  FOLLOWER to CANDIDATE at term 179 for changeToCandidate
2019-10-16 21:55:18,900 [Thread-1378] INFO  impl.RoleInfo (RoleInfo.java:updateAndGet(143)) - 277b5c5e-8c6f-4c9a-a53f-1bbc96404e12: start LeaderElection
2019-10-16 21:55:18,913 [277b5c5e-8c6f-4c9a-a53f-1bbc96404e12@group-569FAC3F8BCE-LeaderElection184] INFO  impl.LeaderElection (LeaderElection.java:askForVotes(178)) - 277b5c5e-8c6f-4c9a-a53f-1bbc96404e12@group-569FAC3F8BCE-LeaderElection184: begin an election at term 180 for -1: [a32408a4-f19d-4bad-97c5-ba33ae94fc9a:192.168.157.254:38721, 6b24a2ab-97ee-4d49-85cc-2d76c2f4b8ef:192.168.157.254:41080, 277b5c5e-8c6f-4c9a-a53f-1bbc96404e12:192.168.157.254:41416], old=null
2019-10-16 21:55:18,916 [grpc-default-executor-1] INFO  impl.RaftServerImpl (RaftServerImpl.java:setRole(184)) - 6b24a2ab-97ee-4d49-85cc-2d76c2f4b8ef@group-569FAC3F8BCE: changes role from  FOLLOWER to FOLLOWER at term 180 for recognizeCandidate:277b5c5e-8c6f-4c9a-a53f-1bbc96404e12
2019-10-16 21:55:18,916 [grpc-default-executor-1] INFO  impl.RoleInfo (RoleInfo.java:shutdownFollowerState(121)) - 6b24a2ab-97ee-4d49-85cc-2d76c2f4b8ef: shutdown FollowerState
2019-10-16 21:55:18,916 [grpc-default-executor-0] INFO  impl.RaftServerImpl (RaftServerImpl.java:setRole(184)) - a32408a4-f19d-4bad-97c5-ba33ae94fc9a@group-569FAC3F8BCE: changes role from  FOLLOWER to FOLLOWER at term 180 for recognizeCandidate:277b5c5e-8c6f-4c9a-a53f-1bbc96404e12
2019-10-16 21:55:18,916 [grpc-default-executor-1] INFO  impl.RoleInfo (RoleInfo.java:updateAndGet(143)) - 6b24a2ab-97ee-4d49-85cc-2d76c2f4b8ef: start FollowerState
2019-10-16 21:55:18,916 [Thread-1377] INFO  impl.FollowerState (FollowerState.java:run(117)) - 6b24a2ab-97ee-4d49-85cc-2d76c2f4b8ef@group-569FAC3F8BCE-FollowerState was interrupted: java.lang.InterruptedException: sleep interrupted
2019-10-16 21:55:18,916 [grpc-default-executor-0] INFO  impl.RoleInfo (RoleInfo.java:shutdownFollowerState(121)) - a32408a4-f19d-4bad-97c5-ba33ae94fc9a: shutdown FollowerState
2019-10-16 21:55:18,917 [grpc-default-executor-0] INFO  impl.RoleInfo (RoleInfo.java:updateAndGet(143)) - a32408a4-f19d-4bad-97c5-ba33ae94fc9a: start FollowerState
2019-10-16 21:55:18,917 [Thread-1376] INFO  impl.FollowerState (FollowerState.java:run(117)) - a32408a4-f19d-4bad-97c5-ba33ae94fc9a@group-569FAC3F8BCE-FollowerState was interrupted: java.lang.InterruptedException: sleep interrupted
2019-10-16 21:55:18,932 [277b5c5e-8c6f-4c9a-a53f-1bbc96404e12@group-569FAC3F8BCE-LeaderElection184] INFO  impl.LeaderElection (LeaderElection.java:logAndReturn(56)) - 277b5c5e-8c6f-4c9a-a53f-1bbc96404e12@group-569FAC3F8BCE-LeaderElection184: Election REJECTED; received 2 response(s) [277b5c5e-8c6f-4c9a-a53f-1bbc96404e12<-6b24a2ab-97ee-4d49-85cc-2d76c2f4b8ef#0:FAIL-t180, 277b5c5e-8c6f-4c9a-a53f-1bbc96404e12<-a32408a4-f19d-4bad-97c5-ba33ae94fc9a#0:FAIL-t180] and 0 exception(s); 277b5c5e-8c6f-4c9a-a53f-1bbc96404e12@group-569FAC3F8BCE:t180, leader=null, voted=277b5c5e-8c6f-4c9a-a53f-1bbc96404e12, raftlog=277b5c5e-8c6f-4c9a-a53f-1bbc96404e12@group-569FAC3F8BCE-SegmentedRaftLog:OPENED:c-1,f-1,i0, conf=-1: [a32408a4-f19d-4bad-97c5-ba33ae94fc9a:192.168.157.254:38721, 6b24a2ab-97ee-4d49-85cc-2d76c2f4b8ef:192.168.157.254:41080, 277b5c5e-8c6f-4c9a-a53f-1bbc96404e12:192.168.157.254:41416], old=null
2019-10-16 21:55:18,932 [277b5c5e-8c6f-4c9a-a53f-1bbc96404e12@group-569FAC3F8BCE-LeaderElection184] INFO  impl.RaftServerImpl (RaftServerImpl.java:setRole(184)) - 277b5c5e-8c6f-4c9a-a53f-1bbc96404e12@group-569FAC3F8BCE: changes role from CANDIDATE to FOLLOWER at term 180 for DISCOVERED_A_NEW_TERM
2019-10-16 21:55:18,932 [277b5c5e-8c6f-4c9a-a53f-1bbc96404e12@group-569FAC3F8BCE-LeaderElection184] INFO  impl.RoleInfo (RoleInfo.java:shutdownLeaderElection(134)) - 277b5c5e-8c6f-4c9a-a53f-1bbc96404e12: shutdown LeaderElection
2019-10-16 21:55:18,932 [277b5c5e-8c6f-4c9a-a53f-1bbc96404e12@group-569FAC3F8BCE-LeaderElection184] INFO  impl.RoleInfo (RoleInfo.java:updateAndGet(143)) - 277b5c5e-8c6f-4c9a-a53f-1bbc96404e12: start FollowerState
2019-10-16 21:55:19,133 [Thread-1384] INFO  impl.FollowerState (FollowerState.java:run(108)) - 277b5c5e-8c6f-4c9a-a53f-1bbc96404e12@group-569FAC3F8BCE-FollowerState: change to CANDIDATE, lastRpcTime:200ms, electionTimeout:200ms
2019-10-16 21:55:19,133 [Thread-1384] INFO  impl.RoleInfo (RoleInfo.java:shutdownFollowerState(121)) - 277b5c5e-8c6f-4c9a-a53f-1bbc96404e12: shutdown FollowerState
2019-10-16 21:55:19,133 [Thread-1384] INFO  impl.RaftServerImpl (RaftServerImpl.java:setRole(184)) - 277b5c5e-8c6f-4c9a-a53f-1bbc96404e12@group-569FAC3F8BCE: changes role from  FOLLOWER to CANDIDATE at term 180 for changeToCandidate
2019-10-16 21:55:19,133 [Thread-1384] INFO  impl.RoleInfo (RoleInfo.java:updateAndGet(143)) - 277b5c5e-8c6f-4c9a-a53f-1bbc96404e12: start LeaderElection
2019-10-16 21:55:19,148 [277b5c5e-8c6f-4c9a-a53f-1bbc96404e12@group-569FAC3F8BCE-LeaderElection185] INFO  impl.LeaderElection (LeaderElection.java:askForVotes(178)) - 277b5c5e-8c6f-4c9a-a53f-1bbc96404e12@group-569FAC3F8BCE-LeaderElection185: begin an election at term 181 for -1: [a32408a4-f19d-4bad-97c5-ba33ae94fc9a:192.168.157.254:38721, 6b24a2ab-97ee-4d49-85cc-2d76c2f4b8ef:192.168.157.254:41080, 277b5c5e-8c6f-4c9a-a53f-1bbc96404e12:192.168.157.254:41416], old=null
2019-10-16 21:55:19,151 [grpc-default-executor-1] INFO  impl.RaftServerImpl (RaftServerImpl.java:setRole(184)) - a32408a4-f19d-4bad-97c5-ba33ae94fc9a@group-569FAC3F8BCE: changes role from  FOLLOWER to FOLLOWER at term 181 for recognizeCandidate:277b5c5e-8c6f-4c9a-a53f-1bbc96404e12
2019-10-16 21:55:19,151 [grpc-default-executor-1] INFO  impl.RoleInfo (RoleInfo.java:shutdownFollowerState(121)) - a32408a4-f19d-4bad-97c5-ba33ae94fc9a: shutdown FollowerState
2019-10-16 21:55:19,151 [grpc-default-executor-0] INFO  impl.RaftServerImpl (RaftServerImpl.java:setRole(184)) - 6b24a2ab-97ee-4d49-85cc-2d76c2f4b8ef@group-569FAC3F8BCE: changes role from  FOLLOWER to FOLLOWER at term 181 for recognizeCandidate:277b5c5e-8c6f-4c9a-a53f-1bbc96404e12
2019-10-16 21:55:19,151 [Thread-1383] INFO  impl.FollowerState (FollowerState.java:run(117)) - a32408a4-f19d-4bad-97c5-ba33ae94fc9a@group-569FAC3F8BCE-FollowerState was interrupted: java.lang.InterruptedException: sleep interrupted
2019-10-16 21:55:19,151 [grpc-default-executor-1] INFO  impl.RoleInfo (RoleInfo.java:updateAndGet(143)) - a32408a4-f19d-4bad-97c5-ba33ae94fc9a: start FollowerState
2019-10-16 21:55:19,151 [grpc-default-executor-0] INFO  impl.RoleInfo (RoleInfo.java:shutdownFollowerState(121)) - 6b24a2ab-97ee-4d49-85cc-2d76c2f4b8ef: shutdown FollowerState
2019-10-16 21:55:19,152 [grpc-default-executor-0] INFO  impl.RoleInfo (RoleInfo.java:updateAndGet(143)) - 6b24a2ab-97ee-4d49-85cc-2d76c2f4b8ef: start FollowerState
2019-10-16 21:55:19,152 [Thread-1382] INFO  impl.FollowerState (FollowerState.java:run(117)) - 6b24a2ab-97ee-4d49-85cc-2d76c2f4b8ef@group-569FAC3F8BCE-FollowerState was interrupted: java.lang.InterruptedException: sleep interrupted
2019-10-16 21:55:19,166 [277b5c5e-8c6f-4c9a-a53f-1bbc96404e12@group-569FAC3F8BCE-LeaderElection185] INFO  impl.LeaderElection (LeaderElection.java:logAndReturn(56)) - 277b5c5e-8c6f-4c9a-a53f-1bbc96404e12@group-569FAC3F8BCE-LeaderElection185: Election REJECTED; received 2 response(s) [277b5c5e-8c6f-4c9a-a53f-1bbc96404e12<-a32408a4-f19d-4bad-97c5-ba33ae94fc9a#0:FAIL-t181, 277b5c5e-8c6f-4c9a-a53f-1bbc96404e12<-6b24a2ab-97ee-4d49-85cc-2d76c2f4b8ef#0:FAIL-t181] and 0 exception(s); 277b5c5e-8c6f-4c9a-a53f-1bbc96404e12@group-569FAC3F8BCE:t181, leader=null, voted=277b5c5e-8c6f-4c9a-a53f-1bbc96404e12, raftlog=277b5c5e-8c6f-4c9a-a53f-1bbc96404e12@group-569FAC3F8BCE-SegmentedRaftLog:OPENED:c-1,f-1,i0, conf=-1: [a32408a4-f19d-4bad-97c5-ba33ae94fc9a:192.168.157.254:38721, 6b24a2ab-97ee-4d49-85cc-2d76c2f4b8ef:192.168.157.254:41080, 277b5c5e-8c6f-4c9a-a53f-1bbc96404e12:192.168.157.254:41416], old=null
2019-10-16 21:55:19,166 [277b5c5e-8c6f-4c9a-a53f-1bbc96404e12@group-569FAC3F8BCE-LeaderElection185] INFO  impl.RaftServerImpl (RaftServerImpl.java:setRole(184)) - 277b5c5e-8c6f-4c9a-a53f-1bbc96404e12@group-569FAC3F8BCE: changes role from CANDIDATE to FOLLOWER at term 181 for DISCOVERED_A_NEW_TERM
2019-10-16 21:55:19,166 [277b5c5e-8c6f-4c9a-a53f-1bbc96404e12@group-569FAC3F8BCE-LeaderElection185] INFO  impl.RoleInfo (RoleInfo.java:shutdownLeaderElection(134)) - 277b5c5e-8c6f-4c9a-a53f-1bbc96404e12: shutdown LeaderElection
2019-10-16 21:55:19,166 [277b5c5e-8c6f-4c9a-a53f-1bbc96404e12@group-569FAC3F8BCE-LeaderElection185] INFO  impl.RoleInfo (RoleInfo.java:updateAndGet(143)) - 277b5c5e-8c6f-4c9a-a53f-1bbc96404e12: start FollowerState
2019-10-16 21:55:19,208 [Thread-1390] INFO  impl.FollowerState (FollowerState.java:run(108)) - 277b5c5e-8c6f-4c9a-a53f-1bbc96404e12@group-569FAC3F8BCE-FollowerState: change to CANDIDATE, lastRpcTime:42ms, electionTimeout:42ms
2019-10-16 21:55:19,208 [Thread-1390] INFO  impl.RoleInfo (RoleInfo.java:shutdownFollowerState(121)) - 277b5c5e-8c6f-4c9a-a53f-1bbc96404e12: shutdown FollowerState
2019-10-16 21:55:19,208 [Thread-1390] INFO  impl.RaftServerImpl (RaftServerImpl.java:setRole(184)) - 277b5c5e-8c6f-4c9a-a53f-1bbc96404e12@group-569FAC3F8BCE: changes role from  FOLLOWER to CANDIDATE at term 181 for changeToCandidate
2019-10-16 21:55:19,209 [Thread-1390] INFO  impl.RoleInfo (RoleInfo.java:updateAndGet(143)) - 277b5c5e-8c6f-4c9a-a53f-1bbc96404e12: start LeaderElection
2019-10-16 21:55:19,222 [277b5c5e-8c6f-4c9a-a53f-1bbc96404e12@group-569FAC3F8BCE-LeaderElection186] INFO  impl.LeaderElection (LeaderElection.java:askForVotes(178)) - 277b5c5e-8c6f-4c9a-a53f-1bbc96404e12@group-569FAC3F8BCE-LeaderElection186: begin an election at term 182 for -1: [a32408a4-f19d-4bad-97c5-ba33ae94fc9a:192.168.157.254:38721, 6b24a2ab-97ee-4d49-85cc-2d76c2f4b8ef:192.168.157.254:41080, 277b5c5e-8c6f-4c9a-a53f-1bbc96404e12:192.168.157.254:41416], old=null
2019-10-16 21:55:19,224 [grpc-default-executor-1] INFO  impl.RaftServerImpl (RaftServerImpl.java:setRole(184)) - 6b24a2ab-97ee-4d49-85cc-2d76c2f4b8ef@group-569FAC3F8BCE: changes role from  FOLLOWER to FOLLOWER at term 182 for recognizeCandidate:277b5c5e-8c6f-4c9a-a53f-1bbc96404e12
2019-10-16 21:55:19,224 [grpc-default-executor-0] INFO  impl.RaftServerImpl (RaftServerImpl.java:setRole(184)) - a32408a4-f19d-4bad-97c5-ba33ae94fc9a@group-569FAC3F8BCE: changes role from  FOLLOWER to FOLLOWER at term 182 for recognizeCandidate:277b5c5e-8c6f-4c9a-a53f-1bbc96404e12
2019-10-16 21:55:19,225 [grpc-default-executor-0] INFO  impl.RoleInfo (RoleInfo.java:shutdownFollowerState(121)) - a32408a4-f19d-4bad-97c5-ba33ae94fc9a: shutdown FollowerState
2019-10-16 21:55:19,224 [grpc-default-executor-1] INFO  impl.RoleInfo (RoleInfo.java:shutdownFollowerState(121)) - 6b24a2ab-97ee-4d49-85cc-2d76c2f4b8ef: shutdown FollowerState
2019-10-16 21:55:19,225 [Thread-1388] INFO  impl.FollowerState (FollowerState.java:run(117)) - a32408a4-f19d-4bad-97c5-ba33ae94fc9a@group-569FAC3F8BCE-FollowerState was interrupted: java.lang.InterruptedException: sleep interrupted
2019-10-16 21:55:19,225 [grpc-default-executor-0] INFO  impl.RoleInfo (RoleInfo.java:updateAndGet(143)) - a32408a4-f19d-4bad-97c5-ba33ae94fc9a: start FollowerState
2019-10-16 21:55:19,225 [Thread-1389] INFO  impl.FollowerState (FollowerState.java:run(117)) - 6b24a2ab-97ee-4d49-85cc-2d76c2f4b8ef@group-569FAC3F8BCE-FollowerState was interrupted: java.lang.InterruptedException: sleep interrupted
2019-10-16 21:55:19,225 [grpc-default-executor-1] INFO  impl.RoleInfo (RoleInfo.java:updateAndGet(143)) - 6b24a2ab-97ee-4d49-85cc-2d76c2f4b8ef: start FollowerState
2019-10-16 21:55:19,251 [277b5c5e-8c6f-4c9a-a53f-1bbc96404e12@group-569FAC3F8BCE-LeaderElection186] INFO  impl.LeaderElection (LeaderElection.java:logAndReturn(56)) - 277b5c5e-8c6f-4c9a-a53f-1bbc96404e12@group-569FAC3F8BCE-LeaderElection186: Election REJECTED; received 2 response(s) [277b5c5e-8c6f-4c9a-a53f-1bbc96404e12<-a32408a4-f19d-4bad-97c5-ba33ae94fc9a#0:FAIL-t182, 277b5c5e-8c6f-4c9a-a53f-1bbc96404e12<-6b24a2ab-97ee-4d49-85cc-2d76c2f4b8ef#0:FAIL-t182] and 0 exception(s); 277b5c5e-8c6f-4c9a-a53f-1bbc96404e12@group-569FAC3F8BCE:t182, leader=null, voted=277b5c5e-8c6f-4c9a-a53f-1bbc96404e12, raftlog=277b5c5e-8c6f-4c9a-a53f-1bbc96404e12@group-569FAC3F8BCE-SegmentedRaftLog:OPENED:c-1,f-1,i0, conf=-1: [a32408a4-f19d-4bad-97c5-ba33ae94fc9a:192.168.157.254:38721, 6b24a2ab-97ee-4d49-85cc-2d76c2f4b8ef:192.168.157.254:41080, 277b5c5e-8c6f-4c9a-a53f-1bbc96404e12:192.168.157.254:41416], old=null
2019-10-16 21:55:19,251 [277b5c5e-8c6f-4c9a-a53f-1bbc96404e12@group-569FAC3F8BCE-LeaderElection186] INFO  impl.RaftServerImpl (RaftServerImpl.java:setRole(184)) - 277b5c5e-8c6f-4c9a-a53f-1bbc96404e12@group-569FAC3F8BCE: changes role from CANDIDATE to FOLLOWER at term 182 for DISCOVERED_A_NEW_TERM
2019-10-16 21:55:19,251 [277b5c5e-8c6f-4c9a-a53f-1bbc96404e12@group-569FAC3F8BCE-LeaderElection186] INFO  impl.RoleInfo (RoleInfo.java:shutdownLeaderElection(134)) - 277b5c5e-8c6f-4c9a-a53f-1bbc96404e12: shutdown LeaderElection
2019-10-16 21:55:19,252 [277b5c5e-8c6f-4c9a-a53f-1bbc96404e12@group-569FAC3F8BCE-LeaderElection186] INFO  impl.RoleInfo (RoleInfo.java:updateAndGet(143)) - 277b5c5e-8c6f-4c9a-a53f-1bbc96404e12: start FollowerState
2019-10-16 21:55:19,366 [Thread-1396] INFO  impl.FollowerState (FollowerState.java:run(108)) - 277b5c5e-8c6f-4c9a-a53f-1bbc96404e12@group-569FAC3F8BCE-FollowerState: change to CANDIDATE, lastRpcTime:114ms, electionTimeout:114ms
2019-10-16 21:55:19,366 [Thread-1396] INFO  impl.RoleInfo (RoleInfo.java:shutdownFollowerState(121)) - 277b5c5e-8c6f-4c9a-a53f-1bbc96404e12: shutdown FollowerState
2019-10-16 21:55:19,367 [Thread-1396] INFO  impl.RaftServerImpl (RaftServerImpl.java:setRole(184)) - 277b5c5e-8c6f-4c9a-a53f-1bbc96404e12@group-569FAC3F8BCE: changes role from  FOLLOWER to CANDIDATE at term 182 for changeToCandidate
2019-10-16 21:55:19,367 [Thread-1396] INFO  impl.RoleInfo (RoleInfo.java:updateAndGet(143)) - 277b5c5e-8c6f-4c9a-a53f-1bbc96404e12: start LeaderElection
2019-10-16 21:55:19,373 [277b5c5e-8c6f-4c9a-a53f-1bbc96404e12@group-569FAC3F8BCE-LeaderElection187] INFO  impl.LeaderElection (LeaderElection.java:askForVotes(178)) - 277b5c5e-8c6f-4c9a-a53f-1bbc96404e12@group-569FAC3F8BCE-LeaderElection187: begin an election at term 183 for -1: [a32408a4-f19d-4bad-97c5-ba33ae94fc9a:192.168.157.254:38721, 6b24a2ab-97ee-4d49-85cc-2d76c2f4b8ef:192.168.157.254:41080, 277b5c5e-8c6f-4c9a-a53f-1bbc96404e12:192.168.157.254:41416], old=null
2019-10-16 21:55:19,375 [grpc-default-executor-0] INFO  impl.RaftServerImpl (RaftServerImpl.java:setRole(184)) - a32408a4-f19d-4bad-97c5-ba33ae94fc9a@group-569FAC3F8BCE: changes role from  FOLLOWER to FOLLOWER at term 183 for recognizeCandidate:277b5c5e-8c6f-4c9a-a53f-1bbc96404e12
2019-10-16 21:55:19,375 [grpc-default-executor-0] INFO  impl.RoleInfo (RoleInfo.java:shutdownFollowerState(121)) - a32408a4-f19d-4bad-97c5-ba33ae94fc9a: shutdown FollowerState
2019-10-16 21:55:19,375 [grpc-default-executor-1] INFO  impl.RaftServerImpl (RaftServerImpl.java:setRole(184)) - 6b24a2ab-97ee-4d49-85cc-2d76c2f4b8ef@group-569FAC3F8BCE: changes role from  FOLLOWER to FOLLOWER at term 183 for recognizeCandidate:277b5c5e-8c6f-4c9a-a53f-1bbc96404e12
2019-10-16 21:55:19,376 [Thread-1394] INFO  impl.FollowerState (FollowerState.java:run(117)) - a32408a4-f19d-4bad-97c5-ba33ae94fc9a@group-569FAC3F8BCE-FollowerState was interrupted: java.lang.InterruptedException: sleep interrupted
2019-10-16 21:55:19,376 [grpc-default-executor-0] INFO  impl.RoleInfo (RoleInfo.java:updateAndGet(143)) - a32408a4-f19d-4bad-97c5-ba33ae94fc9a: start FollowerState
2019-10-16 21:55:19,376 [grpc-default-executor-1] INFO  impl.RoleInfo (RoleInfo.java:shutdownFollowerState(121)) - 6b24a2ab-97ee-4d49-85cc-2d76c2f4b8ef: shutdown FollowerState
2019-10-16 21:55:19,376 [grpc-default-executor-1] INFO  impl.RoleInfo (RoleInfo.java:updateAndGet(143)) - 6b24a2ab-97ee-4d49-85cc-2d76c2f4b8ef: start FollowerState
2019-10-16 21:55:19,376 [Thread-1395] INFO  impl.FollowerState (FollowerState.java:run(117)) - 6b24a2ab-97ee-4d49-85cc-2d76c2f4b8ef@group-569FAC3F8BCE-FollowerState was interrupted: java.lang.InterruptedException: sleep interrupted
2019-10-16 21:55:19,386 [277b5c5e-8c6f-4c9a-a53f-1bbc96404e12@group-569FAC3F8BCE-LeaderElection187] INFO  impl.LeaderElection (LeaderElection.java:logAndReturn(56)) - 277b5c5e-8c6f-4c9a-a53f-1bbc96404e12@group-569FAC3F8BCE-LeaderElection187: Election REJECTED; received 2 response(s) [277b5c5e-8c6f-4c9a-a53f-1bbc96404e12<-a32408a4-f19d-4bad-97c5-ba33ae94fc9a#0:FAIL-t183, 277b5c5e-8c6f-4c9a-a53f-1bbc96404e12<-6b24a2ab-97ee-4d49-85cc-2d76c2f4b8ef#0:FAIL-t183] and 0 exception(s); 277b5c5e-8c6f-4c9a-a53f-1bbc96404e12@group-569FAC3F8BCE:t183, leader=null, voted=277b5c5e-8c6f-4c9a-a53f-1bbc96404e12, raftlog=277b5c5e-8c6f-4c9a-a53f-1bbc96404e12@group-569FAC3F8BCE-SegmentedRaftLog:OPENED:c-1,f-1,i0, conf=-1: [a32408a4-f19d-4bad-97c5-ba33ae94fc9a:192.168.157.254:38721, 6b24a2ab-97ee-4d49-85cc-2d76c2f4b8ef:192.168.157.254:41080, 277b5c5e-8c6f-4c9a-a53f-1bbc96404e12:192.168.157.254:41416], old=null
2019-10-16 21:55:19,386 [277b5c5e-8c6f-4c9a-a53f-1bbc96404e12@group-569FAC3F8BCE-LeaderElection187] INFO  impl.RaftServerImpl (RaftServerImpl.java:setRole(184)) - 277b5c5e-8c6f-4c9a-a53f-1bbc96404e12@group-569FAC3F8BCE: changes role from CANDIDATE to FOLLOWER at term 183 for DISCOVERED_A_NEW_TERM
2019-10-16 21:55:19,386 [277b5c5e-8c6f-4c9a-a53f-1bbc96404e12@group-569FAC3F8BCE-LeaderElection187] INFO  impl.RoleInfo (RoleInfo.java:shutdownLeaderElection(134)) - 277b5c5e-8c6f-4c9a-a53f-1bbc96404e12: shutdown LeaderElection
2019-10-16 21:55:19,386 [277b5c5e-8c6f-4c9a-a53f-1bbc96404e12@group-569FAC3F8BCE-LeaderElection187] INFO  impl.RoleInfo (RoleInfo.java:updateAndGet(143)) - 277b5c5e-8c6f-4c9a-a53f-1bbc96404e12: start FollowerState
2019-10-16 21:55:19,514 [Thread-1402] INFO  impl.FollowerState (FollowerState.java:run(108)) - 277b5c5e-8c6f-4c9a-a53f-1bbc96404e12@group-569FAC3F8BCE-FollowerState: change to CANDIDATE, lastRpcTime:128ms, electionTimeout:128ms
2019-10-16 21:55:19,515 [Thread-1402] INFO  impl.RoleInfo (RoleInfo.java:shutdownFollowerState(121)) - 277b5c5e-8c6f-4c9a-a53f-1bbc96404e12: shutdown FollowerState
2019-10-16 21:55:19,515 [Thread-1402] INFO  impl.RaftServerImpl (RaftServerImpl.java:setRole(184)) - 277b5c5e-8c6f-4c9a-a53f-1bbc96404e12@group-569FAC3F8BCE: changes role from  FOLLOWER to CANDIDATE at term 183 for changeToCandidate
2019-10-16 21:55:19,515 [Thread-1402] INFO  impl.RoleInfo (RoleInfo.java:updateAndGet(143)) - 277b5c5e-8c6f-4c9a-a53f-1bbc96404e12: start LeaderElection
2019-10-16 21:55:19,530 [277b5c5e-8c6f-4c9a-a53f-1bbc96404e12@group-569FAC3F8BCE-LeaderElection188] INFO  impl.LeaderElection (LeaderElection.java:askForVotes(178)) - 277b5c5e-8c6f-4c9a-a53f-1bbc96404e12@group-569FAC3F8BCE-LeaderElection188: begin an election at term 184 for -1: [a32408a4-f19d-4bad-97c5-ba33ae94fc9a:192.168.157.254:38721, 6b24a2ab-97ee-4d49-85cc-2d76c2f4b8ef:192.168.157.254:41080, 277b5c5e-8c6f-4c9a-a53f-1bbc96404e12:192.168.157.254:41416], old=null
2019-10-16 21:55:19,532 [grpc-default-executor-1] INFO  impl.RaftServerImpl (RaftServerImpl.java:setRole(184)) - 6b24a2ab-97ee-4d49-85cc-2d76c2f4b8ef@group-569FAC3F8BCE: changes role from  FOLLOWER to FOLLOWER at term 184 for recognizeCandidate:277b5c5e-8c6f-4c9a-a53f-1bbc96404e12
2019-10-16 21:55:19,532 [grpc-default-executor-1] INFO  impl.RoleInfo (RoleInfo.java:shutdownFollowerState(121)) - 6b24a2ab-97ee-4d49-85cc-2d76c2f4b8ef: shutdown FollowerState
2019-10-16 21:55:19,532 [grpc-default-executor-0] INFO  impl.RaftServerImpl (RaftServerImpl.java:setRole(184)) - a32408a4-f19d-4bad-97c5-ba33ae94fc9a@group-569FAC3F8BCE: changes role from  FOLLOWER to FOLLOWER at term 184 for recognizeCandidate:277b5c5e-8c6f-4c9a-a53f-1bbc96404e12
2019-10-16 21:55:19,533 [Thread-1401] INFO  impl.FollowerState (FollowerState.java:run(117)) - 6b24a2ab-97ee-4d49-85cc-2d76c2f4b8ef@group-569FAC3F8BCE-FollowerState was interrupted: java.lang.InterruptedException: sleep interrupted
2019-10-16 21:55:19,533 [grpc-default-executor-1] INFO  impl.RoleInfo (RoleInfo.java:updateAndGet(143)) - 6b24a2ab-97ee-4d49-85cc-2d76c2f4b8ef: start FollowerState
2019-10-16 21:55:19,533 [grpc-default-executor-0] INFO  impl.RoleInfo (RoleInfo.java:shutdownFollowerState(121)) - a32408a4-f19d-4bad-97c5-ba33ae94fc9a: shutdown FollowerState
2019-10-16 21:55:19,533 [grpc-default-executor-0] INFO  impl.RoleInfo (RoleInfo.java:updateAndGet(143)) - a32408a4-f19d-4bad-97c5-ba33ae94fc9a: start FollowerState
2019-10-16 21:55:19,533 [Thread-1400] INFO  impl.FollowerState (FollowerState.java:run(117)) - a32408a4-f19d-4bad-97c5-ba33ae94fc9a@group-569FAC3F8BCE-FollowerState was interrupted: java.lang.InterruptedException: sleep interrupted
2019-10-16 21:55:19,546 [277b5c5e-8c6f-4c9a-a53f-1bbc96404e12@group-569FAC3F8BCE-LeaderElection188] INFO  impl.LeaderElection (LeaderElection.java:logAndReturn(56)) - 277b5c5e-8c6f-4c9a-a53f-1bbc96404e12@group-569FAC3F8BCE-LeaderElection188: Election REJECTED; received 2 response(s) [277b5c5e-8c6f-4c9a-a53f-1bbc96404e12<-6b24a2ab-97ee-4d49-85cc-2d76c2f4b8ef#0:FAIL-t184, 277b5c5e-8c6f-4c9a-a53f-1bbc96404e12<-a32408a4-f19d-4bad-97c5-ba33ae94fc9a#0:FAIL-t184] and 0 exception(s); 277b5c5e-8c6f-4c9a-a53f-1bbc96404e12@group-569FAC3F8BCE:t184, leader=null, voted=277b5c5e-8c6f-4c9a-a53f-1bbc96404e12, raftlog=277b5c5e-8c6f-4c9a-a53f-1bbc96404e12@group-569FAC3F8BCE-SegmentedRaftLog:OPENED:c-1,f-1,i0, conf=-1: [a32408a4-f19d-4bad-97c5-ba33ae94fc9a:192.168.157.254:38721, 6b24a2ab-97ee-4d49-85cc-2d76c2f4b8ef:192.168.157.254:41080, 277b5c5e-8c6f-4c9a-a53f-1bbc96404e12:192.168.157.254:41416], old=null
2019-10-16 21:55:19,546 [277b5c5e-8c6f-4c9a-a53f-1bbc96404e12@group-569FAC3F8BCE-LeaderElection188] INFO  impl.RaftServerImpl (RaftServerImpl.java:setRole(184)) - 277b5c5e-8c6f-4c9a-a53f-1bbc96404e12@group-569FAC3F8BCE: changes role from CANDIDATE to FOLLOWER at term 184 for DISCOVERED_A_NEW_TERM
2019-10-16 21:55:19,547 [277b5c5e-8c6f-4c9a-a53f-1bbc96404e12@group-569FAC3F8BCE-LeaderElection188] INFO  impl.RoleInfo (RoleInfo.java:shutdownLeaderElection(134)) - 277b5c5e-8c6f-4c9a-a53f-1bbc96404e12: shutdown LeaderElection
2019-10-16 21:55:19,547 [277b5c5e-8c6f-4c9a-a53f-1bbc96404e12@group-569FAC3F8BCE-LeaderElection188] INFO  impl.RoleInfo (RoleInfo.java:updateAndGet(143)) - 277b5c5e-8c6f-4c9a-a53f-1bbc96404e12: start FollowerState
2019-10-16 21:55:19,570 [Thread-0] INFO  ozone.MiniOzoneClusterImpl (MiniOzoneClusterImpl.java:lambda$waitForClusterToBeReady$2(164)) - Waiting for 1 number of pipelines out of 4, to report a leader.
2019-10-16 21:55:19,647 [Thread-1408] INFO  impl.FollowerState (FollowerState.java:run(108)) - 277b5c5e-8c6f-4c9a-a53f-1bbc96404e12@group-569FAC3F8BCE-FollowerState: change to CANDIDATE, lastRpcTime:100ms, electionTimeout:100ms
2019-10-16 21:55:19,647 [Thread-1408] INFO  impl.RoleInfo (RoleInfo.java:shutdownFollowerState(121)) - 277b5c5e-8c6f-4c9a-a53f-1bbc96404e12: shutdown FollowerState
2019-10-16 21:55:19,647 [Thread-1408] INFO  impl.RaftServerImpl (RaftServerImpl.java:setRole(184)) - 277b5c5e-8c6f-4c9a-a53f-1bbc96404e12@group-569FAC3F8BCE: changes role from  FOLLOWER to CANDIDATE at term 184 for changeToCandidate
2019-10-16 21:55:19,648 [Thread-1408] INFO  impl.RoleInfo (RoleInfo.java:updateAndGet(143)) - 277b5c5e-8c6f-4c9a-a53f-1bbc96404e12: start LeaderElection
2019-10-16 21:55:19,673 [277b5c5e-8c6f-4c9a-a53f-1bbc96404e12@group-569FAC3F8BCE-LeaderElection189] INFO  impl.LeaderElection (LeaderElection.java:askForVotes(178)) - 277b5c5e-8c6f-4c9a-a53f-1bbc96404e12@group-569FAC3F8BCE-LeaderElection189: begin an election at term 185 for -1: [a32408a4-f19d-4bad-97c5-ba33ae94fc9a:192.168.157.254:38721, 6b24a2ab-97ee-4d49-85cc-2d76c2f4b8ef:192.168.157.254:41080, 277b5c5e-8c6f-4c9a-a53f-1bbc96404e12:192.168.157.254:41416], old=null
2019-10-16 21:55:19,675 [grpc-default-executor-1] INFO  impl.RaftServerImpl (RaftServerImpl.java:setRole(184)) - 6b24a2ab-97ee-4d49-85cc-2d76c2f4b8ef@group-569FAC3F8BCE: changes role from  FOLLOWER to FOLLOWER at term 185 for recognizeCandidate:277b5c5e-8c6f-4c9a-a53f-1bbc96404e12
2019-10-16 21:55:19,675 [grpc-default-executor-0] INFO  impl.RaftServerImpl (RaftServerImpl.java:setRole(184)) - a32408a4-f19d-4bad-97c5-ba33ae94fc9a@group-569FAC3F8BCE: changes role from  FOLLOWER to FOLLOWER at term 185 for recognizeCandidate:277b5c5e-8c6f-4c9a-a53f-1bbc96404e12
2019-10-16 21:55:19,675 [grpc-default-executor-1] INFO  impl.RoleInfo (RoleInfo.java:shutdownFollowerState(121)) - 6b24a2ab-97ee-4d49-85cc-2d76c2f4b8ef: shutdown FollowerState
2019-10-16 21:55:19,675 [grpc-default-executor-0] INFO  impl.RoleInfo (RoleInfo.java:shutdownFollowerState(121)) - a32408a4-f19d-4bad-97c5-ba33ae94fc9a: shutdown FollowerState
2019-10-16 21:55:19,676 [grpc-default-executor-1] INFO  impl.RoleInfo (RoleInfo.java:updateAndGet(143)) - 6b24a2ab-97ee-4d49-85cc-2d76c2f4b8ef: start FollowerState
2019-10-16 21:55:19,676 [Thread-1406] INFO  impl.FollowerState (FollowerState.java:run(117)) - 6b24a2ab-97ee-4d49-85cc-2d76c2f4b8ef@group-569FAC3F8BCE-FollowerState was interrupted: java.lang.InterruptedException: sleep interrupted
2019-10-16 21:55:19,676 [Thread-1407] INFO  impl.FollowerState (FollowerState.java:run(117)) - a32408a4-f19d-4bad-97c5-ba33ae94fc9a@group-569FAC3F8BCE-FollowerState was interrupted: java.lang.InterruptedException: sleep interrupted
2019-10-16 21:55:19,676 [grpc-default-executor-0] INFO  impl.RoleInfo (RoleInfo.java:updateAndGet(143)) - a32408a4-f19d-4bad-97c5-ba33ae94fc9a: start FollowerState
2019-10-16 21:55:19,696 [277b5c5e-8c6f-4c9a-a53f-1bbc96404e12@group-569FAC3F8BCE-LeaderElection189] INFO  impl.LeaderElection (LeaderElection.java:logAndReturn(56)) - 277b5c5e-8c6f-4c9a-a53f-1bbc96404e12@group-569FAC3F8BCE-LeaderElection189: Election REJECTED; received 2 response(s) [277b5c5e-8c6f-4c9a-a53f-1bbc96404e12<-6b24a2ab-97ee-4d49-85cc-2d76c2f4b8ef#0:FAIL-t185, 277b5c5e-8c6f-4c9a-a53f-1bbc96404e12<-a32408a4-f19d-4bad-97c5-ba33ae94fc9a#0:FAIL-t185] and 0 exception(s); 277b5c5e-8c6f-4c9a-a53f-1bbc96404e12@group-569FAC3F8BCE:t185, leader=null, voted=277b5c5e-8c6f-4c9a-a53f-1bbc96404e12, raftlog=277b5c5e-8c6f-4c9a-a53f-1bbc96404e12@group-569FAC3F8BCE-SegmentedRaftLog:OPENED:c-1,f-1,i0, conf=-1: [a32408a4-f19d-4bad-97c5-ba33ae94fc9a:192.168.157.254:38721, 6b24a2ab-97ee-4d49-85cc-2d76c2f4b8ef:192.168.157.254:41080, 277b5c5e-8c6f-4c9a-a53f-1bbc96404e12:192.168.157.254:41416], old=null
2019-10-16 21:55:19,696 [277b5c5e-8c6f-4c9a-a53f-1bbc96404e12@group-569FAC3F8BCE-LeaderElection189] INFO  impl.RaftServerImpl (RaftServerImpl.java:setRole(184)) - 277b5c5e-8c6f-4c9a-a53f-1bbc96404e12@group-569FAC3F8BCE: changes role from CANDIDATE to FOLLOWER at term 185 for DISCOVERED_A_NEW_TERM
2019-10-16 21:55:19,697 [277b5c5e-8c6f-4c9a-a53f-1bbc96404e12@group-569FAC3F8BCE-LeaderElection189] INFO  impl.RoleInfo (RoleInfo.java:shutdownLeaderElection(134)) - 277b5c5e-8c6f-4c9a-a53f-1bbc96404e12: shutdown LeaderElection
2019-10-16 21:55:19,698 [277b5c5e-8c6f-4c9a-a53f-1bbc96404e12@group-569FAC3F8BCE-LeaderElection189] INFO  impl.RoleInfo (RoleInfo.java:updateAndGet(143)) - 277b5c5e-8c6f-4c9a-a53f-1bbc96404e12: start FollowerState
2019-10-16 21:55:19,733 [Thread-1414] INFO  impl.FollowerState (FollowerState.java:run(108)) - 277b5c5e-8c6f-4c9a-a53f-1bbc96404e12@group-569FAC3F8BCE-FollowerState: change to CANDIDATE, lastRpcTime:35ms, electionTimeout:35ms
2019-10-16 21:55:19,733 [Thread-1414] INFO  impl.RoleInfo (RoleInfo.java:shutdownFollowerState(121)) - 277b5c5e-8c6f-4c9a-a53f-1bbc96404e12: shutdown FollowerState
2019-10-16 21:55:19,734 [Thread-1414] INFO  impl.RaftServerImpl (RaftServerImpl.java:setRole(184)) - 277b5c5e-8c6f-4c9a-a53f-1bbc96404e12@group-569FAC3F8BCE: changes role from  FOLLOWER to CANDIDATE at term 185 for changeToCandidate
2019-10-16 21:55:19,734 [Thread-1414] INFO  impl.RoleInfo (RoleInfo.java:updateAndGet(143)) - 277b5c5e-8c6f-4c9a-a53f-1bbc96404e12: start LeaderElection
2019-10-16 21:55:19,750 [277b5c5e-8c6f-4c9a-a53f-1bbc96404e12@group-569FAC3F8BCE-LeaderElection190] INFO  impl.LeaderElection (LeaderElection.java:askForVotes(178)) - 277b5c5e-8c6f-4c9a-a53f-1bbc96404e12@group-569FAC3F8BCE-LeaderElection190: begin an election at term 186 for -1: [a32408a4-f19d-4bad-97c5-ba33ae94fc9a:192.168.157.254:38721, 6b24a2ab-97ee-4d49-85cc-2d76c2f4b8ef:192.168.157.254:41080, 277b5c5e-8c6f-4c9a-a53f-1bbc96404e12:192.168.157.254:41416], old=null
2019-10-16 21:55:19,752 [grpc-default-executor-1] INFO  impl.RaftServerImpl (RaftServerImpl.java:setRole(184)) - 6b24a2ab-97ee-4d49-85cc-2d76c2f4b8ef@group-569FAC3F8BCE: changes role from  FOLLOWER to FOLLOWER at term 186 for recognizeCandidate:277b5c5e-8c6f-4c9a-a53f-1bbc96404e12
2019-10-16 21:55:19,752 [grpc-default-executor-1] INFO  impl.RoleInfo (RoleInfo.java:shutdownFollowerState(121)) - 6b24a2ab-97ee-4d49-85cc-2d76c2f4b8ef: shutdown FollowerState
2019-10-16 21:55:19,752 [grpc-default-executor-0] INFO  impl.RaftServerImpl (RaftServerImpl.java:setRole(184)) - a32408a4-f19d-4bad-97c5-ba33ae94fc9a@group-569FAC3F8BCE: changes role from  FOLLOWER to FOLLOWER at term 186 for recognizeCandidate:277b5c5e-8c6f-4c9a-a53f-1bbc96404e12
2019-10-16 21:55:19,752 [Thread-1412] INFO  impl.FollowerState (FollowerState.java:run(117)) - 6b24a2ab-97ee-4d49-85cc-2d76c2f4b8ef@group-569FAC3F8BCE-FollowerState was interrupted: java.lang.InterruptedException: sleep interrupted
2019-10-16 21:55:19,752 [grpc-default-executor-1] INFO  impl.RoleInfo (RoleInfo.java:updateAndGet(143)) - 6b24a2ab-97ee-4d49-85cc-2d76c2f4b8ef: start FollowerState
2019-10-16 21:55:19,752 [grpc-default-executor-0] INFO  impl.RoleInfo (RoleInfo.java:shutdownFollowerState(121)) - a32408a4-f19d-4bad-97c5-ba33ae94fc9a: shutdown FollowerState
2019-10-16 21:55:19,753 [grpc-default-executor-0] INFO  impl.RoleInfo (RoleInfo.java:updateAndGet(143)) - a32408a4-f19d-4bad-97c5-ba33ae94fc9a: start FollowerState
2019-10-16 21:55:19,753 [Thread-1413] INFO  impl.FollowerState (FollowerState.java:run(117)) - a32408a4-f19d-4bad-97c5-ba33ae94fc9a@group-569FAC3F8BCE-FollowerState was interrupted: java.lang.InterruptedException: sleep interrupted
2019-10-16 21:55:19,770 [277b5c5e-8c6f-4c9a-a53f-1bbc96404e12@group-569FAC3F8BCE-LeaderElection190] INFO  impl.LeaderElection (LeaderElection.java:logAndReturn(56)) - 277b5c5e-8c6f-4c9a-a53f-1bbc96404e12@group-569FAC3F8BCE-LeaderElection190: Election REJECTED; received 2 response(s) [277b5c5e-8c6f-4c9a-a53f-1bbc96404e12<-a32408a4-f19d-4bad-97c5-ba33ae94fc9a#0:FAIL-t186, 277b5c5e-8c6f-4c9a-a53f-1bbc96404e12<-6b24a2ab-97ee-4d49-85cc-2d76c2f4b8ef#0:FAIL-t186] and 0 exception(s); 277b5c5e-8c6f-4c9a-a53f-1bbc96404e12@group-569FAC3F8BCE:t186, leader=null, voted=277b5c5e-8c6f-4c9a-a53f-1bbc96404e12, raftlog=277b5c5e-8c6f-4c9a-a53f-1bbc96404e12@group-569FAC3F8BCE-SegmentedRaftLog:OPENED:c-1,f-1,i0, conf=-1: [a32408a4-f19d-4bad-97c5-ba33ae94fc9a:192.168.157.254:38721, 6b24a2ab-97ee-4d49-85cc-2d76c2f4b8ef:192.168.157.254:41080, 277b5c5e-8c6f-4c9a-a53f-1bbc96404e12:192.168.157.254:41416], old=null
2019-10-16 21:55:19,770 [277b5c5e-8c6f-4c9a-a53f-1bbc96404e12@group-569FAC3F8BCE-LeaderElection190] INFO  impl.RaftServerImpl (RaftServerImpl.java:setRole(184)) - 277b5c5e-8c6f-4c9a-a53f-1bbc96404e12@group-569FAC3F8BCE: changes role from CANDIDATE to FOLLOWER at term 186 for DISCOVERED_A_NEW_TERM
2019-10-16 21:55:19,770 [277b5c5e-8c6f-4c9a-a53f-1bbc96404e12@group-569FAC3F8BCE-LeaderElection190] INFO  impl.RoleInfo (RoleInfo.java:shutdownLeaderElection(134)) - 277b5c5e-8c6f-4c9a-a53f-1bbc96404e12: shutdown LeaderElection
2019-10-16 21:55:19,770 [277b5c5e-8c6f-4c9a-a53f-1bbc96404e12@group-569FAC3F8BCE-LeaderElection190] INFO  impl.RoleInfo (RoleInfo.java:updateAndGet(143)) - 277b5c5e-8c6f-4c9a-a53f-1bbc96404e12: start FollowerState
2019-10-16 21:55:19,841 [Thread-1420] INFO  impl.FollowerState (FollowerState.java:run(108)) - 277b5c5e-8c6f-4c9a-a53f-1bbc96404e12@group-569FAC3F8BCE-FollowerState: change to CANDIDATE, lastRpcTime:71ms, electionTimeout:71ms
2019-10-16 21:55:19,841 [Thread-1420] INFO  impl.RoleInfo (RoleInfo.java:shutdownFollowerState(121)) - 277b5c5e-8c6f-4c9a-a53f-1bbc96404e12: shutdown FollowerState
2019-10-16 21:55:19,841 [Thread-1420] INFO  impl.RaftServerImpl (RaftServerImpl.java:setRole(184)) - 277b5c5e-8c6f-4c9a-a53f-1bbc96404e12@group-569FAC3F8BCE: changes role from  FOLLOWER to CANDIDATE at term 186 for changeToCandidate
2019-10-16 21:55:19,842 [Thread-1420] INFO  impl.RoleInfo (RoleInfo.java:updateAndGet(143)) - 277b5c5e-8c6f-4c9a-a53f-1bbc96404e12: start LeaderElection
2019-10-16 21:55:19,855 [277b5c5e-8c6f-4c9a-a53f-1bbc96404e12@group-569FAC3F8BCE-LeaderElection191] INFO  impl.LeaderElection (LeaderElection.java:askForVotes(178)) - 277b5c5e-8c6f-4c9a-a53f-1bbc96404e12@group-569FAC3F8BCE-LeaderElection191: begin an election at term 187 for -1: [a32408a4-f19d-4bad-97c5-ba33ae94fc9a:192.168.157.254:38721, 6b24a2ab-97ee-4d49-85cc-2d76c2f4b8ef:192.168.157.254:41080, 277b5c5e-8c6f-4c9a-a53f-1bbc96404e12:192.168.157.254:41416], old=null
2019-10-16 21:55:19,857 [grpc-default-executor-0] INFO  impl.RaftServerImpl (RaftServerImpl.java:setRole(184)) - 6b24a2ab-97ee-4d49-85cc-2d76c2f4b8ef@group-569FAC3F8BCE: changes role from  FOLLOWER to FOLLOWER at term 187 for recognizeCandidate:277b5c5e-8c6f-4c9a-a53f-1bbc96404e12
2019-10-16 21:55:19,857 [grpc-default-executor-0] INFO  impl.RoleInfo (RoleInfo.java:shutdownFollowerState(121)) - 6b24a2ab-97ee-4d49-85cc-2d76c2f4b8ef: shutdown FollowerState
2019-10-16 21:55:19,857 [grpc-default-executor-1] INFO  impl.RaftServerImpl (RaftServerImpl.java:setRole(184)) - a32408a4-f19d-4bad-97c5-ba33ae94fc9a@group-569FAC3F8BCE: changes role from  FOLLOWER to FOLLOWER at term 187 for recognizeCandidate:277b5c5e-8c6f-4c9a-a53f-1bbc96404e12
2019-10-16 21:55:19,858 [Thread-1418] INFO  impl.FollowerState (FollowerState.java:run(117)) - 6b24a2ab-97ee-4d49-85cc-2d76c2f4b8ef@group-569FAC3F8BCE-FollowerState was interrupted: java.lang.InterruptedException: sleep interrupted
2019-10-16 21:55:19,858 [grpc-default-executor-0] INFO  impl.RoleInfo (RoleInfo.java:updateAndGet(143)) - 6b24a2ab-97ee-4d49-85cc-2d76c2f4b8ef: start FollowerState
2019-10-16 21:55:19,858 [grpc-default-executor-1] INFO  impl.RoleInfo (RoleInfo.java:shutdownFollowerState(121)) - a32408a4-f19d-4bad-97c5-ba33ae94fc9a: shutdown FollowerState
2019-10-16 21:55:19,858 [Thread-1419] INFO  impl.FollowerState (FollowerState.java:run(117)) - a32408a4-f19d-4bad-97c5-ba33ae94fc9a@group-569FAC3F8BCE-FollowerState was interrupted: java.lang.InterruptedException: sleep interrupted
2019-10-16 21:55:19,858 [grpc-default-executor-1] INFO  impl.RoleInfo (RoleInfo.java:updateAndGet(143)) - a32408a4-f19d-4bad-97c5-ba33ae94fc9a: start FollowerState
2019-10-16 21:55:19,884 [277b5c5e-8c6f-4c9a-a53f-1bbc96404e12@group-569FAC3F8BCE-LeaderElection191] INFO  impl.LeaderElection (LeaderElection.java:logAndReturn(56)) - 277b5c5e-8c6f-4c9a-a53f-1bbc96404e12@group-569FAC3F8BCE-LeaderElection191: Election REJECTED; received 2 response(s) [277b5c5e-8c6f-4c9a-a53f-1bbc96404e12<-a32408a4-f19d-4bad-97c5-ba33ae94fc9a#0:FAIL-t187, 277b5c5e-8c6f-4c9a-a53f-1bbc96404e12<-6b24a2ab-97ee-4d49-85cc-2d76c2f4b8ef#0:FAIL-t187] and 0 exception(s); 277b5c5e-8c6f-4c9a-a53f-1bbc96404e12@group-569FAC3F8BCE:t187, leader=null, voted=277b5c5e-8c6f-4c9a-a53f-1bbc96404e12, raftlog=277b5c5e-8c6f-4c9a-a53f-1bbc96404e12@group-569FAC3F8BCE-SegmentedRaftLog:OPENED:c-1,f-1,i0, conf=-1: [a32408a4-f19d-4bad-97c5-ba33ae94fc9a:192.168.157.254:38721, 6b24a2ab-97ee-4d49-85cc-2d76c2f4b8ef:192.168.157.254:41080, 277b5c5e-8c6f-4c9a-a53f-1bbc96404e12:192.168.157.254:41416], old=null
2019-10-16 21:55:19,885 [277b5c5e-8c6f-4c9a-a53f-1bbc96404e12@group-569FAC3F8BCE-LeaderElection191] INFO  impl.RaftServerImpl (RaftServerImpl.java:setRole(184)) - 277b5c5e-8c6f-4c9a-a53f-1bbc96404e12@group-569FAC3F8BCE: changes role from CANDIDATE to FOLLOWER at term 187 for DISCOVERED_A_NEW_TERM
2019-10-16 21:55:19,885 [277b5c5e-8c6f-4c9a-a53f-1bbc96404e12@group-569FAC3F8BCE-LeaderElection191] INFO  impl.RoleInfo (RoleInfo.java:shutdownLeaderElection(134)) - 277b5c5e-8c6f-4c9a-a53f-1bbc96404e12: shutdown LeaderElection
2019-10-16 21:55:19,885 [277b5c5e-8c6f-4c9a-a53f-1bbc96404e12@group-569FAC3F8BCE-LeaderElection191] INFO  impl.RoleInfo (RoleInfo.java:updateAndGet(143)) - 277b5c5e-8c6f-4c9a-a53f-1bbc96404e12: start FollowerState
2019-10-16 21:55:19,960 [Thread-1426] INFO  impl.FollowerState (FollowerState.java:run(108)) - 277b5c5e-8c6f-4c9a-a53f-1bbc96404e12@group-569FAC3F8BCE-FollowerState: change to CANDIDATE, lastRpcTime:75ms, electionTimeout:75ms
2019-10-16 21:55:19,960 [Thread-1426] INFO  impl.RoleInfo (RoleInfo.java:shutdownFollowerState(121)) - 277b5c5e-8c6f-4c9a-a53f-1bbc96404e12: shutdown FollowerState
2019-10-16 21:55:19,961 [Thread-1426] INFO  impl.RaftServerImpl (RaftServerImpl.java:setRole(184)) - 277b5c5e-8c6f-4c9a-a53f-1bbc96404e12@group-569FAC3F8BCE: changes role from  FOLLOWER to CANDIDATE at term 187 for changeToCandidate
2019-10-16 21:55:19,961 [Thread-1426] INFO  impl.RoleInfo (RoleInfo.java:updateAndGet(143)) - 277b5c5e-8c6f-4c9a-a53f-1bbc96404e12: start LeaderElection
2019-10-16 21:55:19,964 [277b5c5e-8c6f-4c9a-a53f-1bbc96404e12@group-569FAC3F8BCE-LeaderElection192] INFO  impl.LeaderElection (LeaderElection.java:askForVotes(178)) - 277b5c5e-8c6f-4c9a-a53f-1bbc96404e12@group-569FAC3F8BCE-LeaderElection192: begin an election at term 188 for -1: [a32408a4-f19d-4bad-97c5-ba33ae94fc9a:192.168.157.254:38721, 6b24a2ab-97ee-4d49-85cc-2d76c2f4b8ef:192.168.157.254:41080, 277b5c5e-8c6f-4c9a-a53f-1bbc96404e12:192.168.157.254:41416], old=null
2019-10-16 21:55:19,966 [grpc-default-executor-1] INFO  impl.RaftServerImpl (RaftServerImpl.java:setRole(184)) - a32408a4-f19d-4bad-97c5-ba33ae94fc9a@group-569FAC3F8BCE: changes role from  FOLLOWER to FOLLOWER at term 188 for recognizeCandidate:277b5c5e-8c6f-4c9a-a53f-1bbc96404e12
2019-10-16 21:55:19,966 [grpc-default-executor-1] INFO  impl.RoleInfo (RoleInfo.java:shutdownFollowerState(121)) - a32408a4-f19d-4bad-97c5-ba33ae94fc9a: shutdown FollowerState
2019-10-16 21:55:19,966 [grpc-default-executor-0] INFO  impl.RaftServerImpl (RaftServerImpl.java:setRole(184)) - 6b24a2ab-97ee-4d49-85cc-2d76c2f4b8ef@group-569FAC3F8BCE: changes role from  FOLLOWER to FOLLOWER at term 188 for recognizeCandidate:277b5c5e-8c6f-4c9a-a53f-1bbc96404e12
2019-10-16 21:55:19,966 [Thread-1425] INFO  impl.FollowerState (FollowerState.java:run(117)) - a32408a4-f19d-4bad-97c5-ba33ae94fc9a@group-569FAC3F8BCE-FollowerState was interrupted: java.lang.InterruptedException: sleep interrupted
2019-10-16 21:55:19,966 [grpc-default-executor-1] INFO  impl.RoleInfo (RoleInfo.java:updateAndGet(143)) - a32408a4-f19d-4bad-97c5-ba33ae94fc9a: start FollowerState
2019-10-16 21:55:19,966 [grpc-default-executor-0] INFO  impl.RoleInfo (RoleInfo.java:shutdownFollowerState(121)) - 6b24a2ab-97ee-4d49-85cc-2d76c2f4b8ef: shutdown FollowerState
2019-10-16 21:55:19,967 [grpc-default-executor-0] INFO  impl.RoleInfo (RoleInfo.java:updateAndGet(143)) - 6b24a2ab-97ee-4d49-85cc-2d76c2f4b8ef: start FollowerState
2019-10-16 21:55:19,967 [Thread-1424] INFO  impl.FollowerState (FollowerState.java:run(117)) - 6b24a2ab-97ee-4d49-85cc-2d76c2f4b8ef@group-569FAC3F8BCE-FollowerState was interrupted: java.lang.InterruptedException: sleep interrupted
2019-10-16 21:55:20,024 [277b5c5e-8c6f-4c9a-a53f-1bbc96404e12@group-569FAC3F8BCE-LeaderElection192] INFO  impl.LeaderElection (LeaderElection.java:logAndReturn(56)) - 277b5c5e-8c6f-4c9a-a53f-1bbc96404e12@group-569FAC3F8BCE-LeaderElection192: Election REJECTED; received 2 response(s) [277b5c5e-8c6f-4c9a-a53f-1bbc96404e12<-6b24a2ab-97ee-4d49-85cc-2d76c2f4b8ef#0:FAIL-t188, 277b5c5e-8c6f-4c9a-a53f-1bbc96404e12<-a32408a4-f19d-4bad-97c5-ba33ae94fc9a#0:FAIL-t188] and 0 exception(s); 277b5c5e-8c6f-4c9a-a53f-1bbc96404e12@group-569FAC3F8BCE:t188, leader=null, voted=277b5c5e-8c6f-4c9a-a53f-1bbc96404e12, raftlog=277b5c5e-8c6f-4c9a-a53f-1bbc96404e12@group-569FAC3F8BCE-SegmentedRaftLog:OPENED:c-1,f-1,i0, conf=-1: [a32408a4-f19d-4bad-97c5-ba33ae94fc9a:192.168.157.254:38721, 6b24a2ab-97ee-4d49-85cc-2d76c2f4b8ef:192.168.157.254:41080, 277b5c5e-8c6f-4c9a-a53f-1bbc96404e12:192.168.157.254:41416], old=null
2019-10-16 21:55:20,024 [277b5c5e-8c6f-4c9a-a53f-1bbc96404e12@group-569FAC3F8BCE-LeaderElection192] INFO  impl.RaftServerImpl (RaftServerImpl.java:setRole(184)) - 277b5c5e-8c6f-4c9a-a53f-1bbc96404e12@group-569FAC3F8BCE: changes role from CANDIDATE to FOLLOWER at term 188 for DISCOVERED_A_NEW_TERM
2019-10-16 21:55:20,024 [277b5c5e-8c6f-4c9a-a53f-1bbc96404e12@group-569FAC3F8BCE-LeaderElection192] INFO  impl.RoleInfo (RoleInfo.java:shutdownLeaderElection(134)) - 277b5c5e-8c6f-4c9a-a53f-1bbc96404e12: shutdown LeaderElection
2019-10-16 21:55:20,024 [277b5c5e-8c6f-4c9a-a53f-1bbc96404e12@group-569FAC3F8BCE-LeaderElection192] INFO  impl.RoleInfo (RoleInfo.java:updateAndGet(143)) - 277b5c5e-8c6f-4c9a-a53f-1bbc96404e12: start FollowerState
2019-10-16 21:55:20,044 [Thread-1432] INFO  impl.FollowerState (FollowerState.java:run(108)) - 277b5c5e-8c6f-4c9a-a53f-1bbc96404e12@group-569FAC3F8BCE-FollowerState: change to CANDIDATE, lastRpcTime:19ms, electionTimeout:19ms
2019-10-16 21:55:20,044 [Thread-1432] INFO  impl.RoleInfo (RoleInfo.java:shutdownFollowerState(121)) - 277b5c5e-8c6f-4c9a-a53f-1bbc96404e12: shutdown FollowerState
2019-10-16 21:55:20,044 [Thread-1432] INFO  impl.RaftServerImpl (RaftServerImpl.java:setRole(184)) - 277b5c5e-8c6f-4c9a-a53f-1bbc96404e12@group-569FAC3F8BCE: changes role from  FOLLOWER to CANDIDATE at term 188 for changeToCandidate
2019-10-16 21:55:20,044 [Thread-1432] INFO  impl.RoleInfo (RoleInfo.java:updateAndGet(143)) - 277b5c5e-8c6f-4c9a-a53f-1bbc96404e12: start LeaderElection
2019-10-16 21:55:20,048 [277b5c5e-8c6f-4c9a-a53f-1bbc96404e12@group-569FAC3F8BCE-LeaderElection193] INFO  impl.LeaderElection (LeaderElection.java:askForVotes(178)) - 277b5c5e-8c6f-4c9a-a53f-1bbc96404e12@group-569FAC3F8BCE-LeaderElection193: begin an election at term 189 for -1: [a32408a4-f19d-4bad-97c5-ba33ae94fc9a:192.168.157.254:38721, 6b24a2ab-97ee-4d49-85cc-2d76c2f4b8ef:192.168.157.254:41080, 277b5c5e-8c6f-4c9a-a53f-1bbc96404e12:192.168.157.254:41416], old=null
2019-10-16 21:55:20,050 [grpc-default-executor-0] INFO  impl.RaftServerImpl (RaftServerImpl.java:setRole(184)) - a32408a4-f19d-4bad-97c5-ba33ae94fc9a@group-569FAC3F8BCE: changes role from  FOLLOWER to FOLLOWER at term 189 for recognizeCandidate:277b5c5e-8c6f-4c9a-a53f-1bbc96404e12
2019-10-16 21:55:20,050 [grpc-default-executor-0] INFO  impl.RoleInfo (RoleInfo.java:shutdownFollowerState(121)) - a32408a4-f19d-4bad-97c5-ba33ae94fc9a: shutdown FollowerState
2019-10-16 21:55:20,050 [grpc-default-executor-1] INFO  impl.RaftServerImpl (RaftServerImpl.java:setRole(184)) - 6b24a2ab-97ee-4d49-85cc-2d76c2f4b8ef@group-569FAC3F8BCE: changes role from  FOLLOWER to FOLLOWER at term 189 for recognizeCandidate:277b5c5e-8c6f-4c9a-a53f-1bbc96404e12
2019-10-16 21:55:20,050 [grpc-default-executor-1] INFO  impl.RoleInfo (RoleInfo.java:shutdownFollowerState(121)) - 6b24a2ab-97ee-4d49-85cc-2d76c2f4b8ef: shutdown FollowerState
2019-10-16 21:55:20,050 [Thread-1430] INFO  impl.FollowerState (FollowerState.java:run(117)) - a32408a4-f19d-4bad-97c5-ba33ae94fc9a@group-569FAC3F8BCE-FollowerState was interrupted: java.lang.InterruptedException: sleep interrupted
2019-10-16 21:55:20,050 [grpc-default-executor-0] INFO  impl.RoleInfo (RoleInfo.java:updateAndGet(143)) - a32408a4-f19d-4bad-97c5-ba33ae94fc9a: start FollowerState
2019-10-16 21:55:20,050 [Thread-1431] INFO  impl.FollowerState (FollowerState.java:run(117)) - 6b24a2ab-97ee-4d49-85cc-2d76c2f4b8ef@group-569FAC3F8BCE-FollowerState was interrupted: java.lang.InterruptedException: sleep interrupted
2019-10-16 21:55:20,050 [grpc-default-executor-1] INFO  impl.RoleInfo (RoleInfo.java:updateAndGet(143)) - 6b24a2ab-97ee-4d49-85cc-2d76c2f4b8ef: start FollowerState
2019-10-16 21:55:20,076 [277b5c5e-8c6f-4c9a-a53f-1bbc96404e12@group-569FAC3F8BCE-LeaderElection193] INFO  impl.LeaderElection (LeaderElection.java:logAndReturn(56)) - 277b5c5e-8c6f-4c9a-a53f-1bbc96404e12@group-569FAC3F8BCE-LeaderElection193: Election REJECTED; received 2 response(s) [277b5c5e-8c6f-4c9a-a53f-1bbc96404e12<-6b24a2ab-97ee-4d49-85cc-2d76c2f4b8ef#0:FAIL-t189, 277b5c5e-8c6f-4c9a-a53f-1bbc96404e12<-a32408a4-f19d-4bad-97c5-ba33ae94fc9a#0:FAIL-t189] and 0 exception(s); 277b5c5e-8c6f-4c9a-a53f-1bbc96404e12@group-569FAC3F8BCE:t189, leader=null, voted=277b5c5e-8c6f-4c9a-a53f-1bbc96404e12, raftlog=277b5c5e-8c6f-4c9a-a53f-1bbc96404e12@group-569FAC3F8BCE-SegmentedRaftLog:OPENED:c-1,f-1,i0, conf=-1: [a32408a4-f19d-4bad-97c5-ba33ae94fc9a:192.168.157.254:38721, 6b24a2ab-97ee-4d49-85cc-2d76c2f4b8ef:192.168.157.254:41080, 277b5c5e-8c6f-4c9a-a53f-1bbc96404e12:192.168.157.254:41416], old=null
2019-10-16 21:55:20,076 [277b5c5e-8c6f-4c9a-a53f-1bbc96404e12@group-569FAC3F8BCE-LeaderElection193] INFO  impl.RaftServerImpl (RaftServerImpl.java:setRole(184)) - 277b5c5e-8c6f-4c9a-a53f-1bbc96404e12@group-569FAC3F8BCE: changes role from CANDIDATE to FOLLOWER at term 189 for DISCOVERED_A_NEW_TERM
2019-10-16 21:55:20,077 [277b5c5e-8c6f-4c9a-a53f-1bbc96404e12@group-569FAC3F8BCE-LeaderElection193] INFO  impl.RoleInfo (RoleInfo.java:shutdownLeaderElection(134)) - 277b5c5e-8c6f-4c9a-a53f-1bbc96404e12: shutdown LeaderElection
2019-10-16 21:55:20,077 [277b5c5e-8c6f-4c9a-a53f-1bbc96404e12@group-569FAC3F8BCE-LeaderElection193] INFO  impl.RoleInfo (RoleInfo.java:updateAndGet(143)) - 277b5c5e-8c6f-4c9a-a53f-1bbc96404e12: start FollowerState
2019-10-16 21:55:20,239 [Thread-1438] INFO  impl.FollowerState (FollowerState.java:run(108)) - 277b5c5e-8c6f-4c9a-a53f-1bbc96404e12@group-569FAC3F8BCE-FollowerState: change to CANDIDATE, lastRpcTime:162ms, electionTimeout:162ms
2019-10-16 21:55:20,239 [Thread-1438] INFO  impl.RoleInfo (RoleInfo.java:shutdownFollowerState(121)) - 277b5c5e-8c6f-4c9a-a53f-1bbc96404e12: shutdown FollowerState
2019-10-16 21:55:20,239 [Thread-1438] INFO  impl.RaftServerImpl (RaftServerImpl.java:setRole(184)) - 277b5c5e-8c6f-4c9a-a53f-1bbc96404e12@group-569FAC3F8BCE: changes role from  FOLLOWER to CANDIDATE at term 189 for changeToCandidate
2019-10-16 21:55:20,239 [Thread-1438] INFO  impl.RoleInfo (RoleInfo.java:updateAndGet(143)) - 277b5c5e-8c6f-4c9a-a53f-1bbc96404e12: start LeaderElection
2019-10-16 21:55:20,253 [277b5c5e-8c6f-4c9a-a53f-1bbc96404e12@group-569FAC3F8BCE-LeaderElection194] INFO  impl.LeaderElection (LeaderElection.java:askForVotes(178)) - 277b5c5e-8c6f-4c9a-a53f-1bbc96404e12@group-569FAC3F8BCE-LeaderElection194: begin an election at term 190 for -1: [a32408a4-f19d-4bad-97c5-ba33ae94fc9a:192.168.157.254:38721, 6b24a2ab-97ee-4d49-85cc-2d76c2f4b8ef:192.168.157.254:41080, 277b5c5e-8c6f-4c9a-a53f-1bbc96404e12:192.168.157.254:41416], old=null
2019-10-16 21:55:20,254 [grpc-default-executor-1] INFO  impl.RaftServerImpl (RaftServerImpl.java:setRole(184)) - a32408a4-f19d-4bad-97c5-ba33ae94fc9a@group-569FAC3F8BCE: changes role from  FOLLOWER to FOLLOWER at term 190 for recognizeCandidate:277b5c5e-8c6f-4c9a-a53f-1bbc96404e12
2019-10-16 21:55:20,255 [grpc-default-executor-1] INFO  impl.RoleInfo (RoleInfo.java:shutdownFollowerState(121)) - a32408a4-f19d-4bad-97c5-ba33ae94fc9a: shutdown FollowerState
2019-10-16 21:55:20,254 [grpc-default-executor-0] INFO  impl.RaftServerImpl (RaftServerImpl.java:setRole(184)) - 6b24a2ab-97ee-4d49-85cc-2d76c2f4b8ef@group-569FAC3F8BCE: changes role from  FOLLOWER to FOLLOWER at term 190 for recognizeCandidate:277b5c5e-8c6f-4c9a-a53f-1bbc96404e12
2019-10-16 21:55:20,255 [Thread-1436] INFO  impl.FollowerState (FollowerState.java:run(117)) - a32408a4-f19d-4bad-97c5-ba33ae94fc9a@group-569FAC3F8BCE-FollowerState was interrupted: java.lang.InterruptedException: sleep interrupted
2019-10-16 21:55:20,255 [grpc-default-executor-1] INFO  impl.RoleInfo (RoleInfo.java:updateAndGet(143)) - a32408a4-f19d-4bad-97c5-ba33ae94fc9a: start FollowerState
2019-10-16 21:55:20,255 [grpc-default-executor-0] INFO  impl.RoleInfo (RoleInfo.java:shutdownFollowerState(121)) - 6b24a2ab-97ee-4d49-85cc-2d76c2f4b8ef: shutdown FollowerState
2019-10-16 21:55:20,255 [grpc-default-executor-0] INFO  impl.RoleInfo (RoleInfo.java:updateAndGet(143)) - 6b24a2ab-97ee-4d49-85cc-2d76c2f4b8ef: start FollowerState
2019-10-16 21:55:20,255 [Thread-1437] INFO  impl.FollowerState (FollowerState.java:run(117)) - 6b24a2ab-97ee-4d49-85cc-2d76c2f4b8ef@group-569FAC3F8BCE-FollowerState was interrupted: java.lang.InterruptedException: sleep interrupted
2019-10-16 21:55:20,266 [277b5c5e-8c6f-4c9a-a53f-1bbc96404e12@group-569FAC3F8BCE-LeaderElection194] INFO  impl.LeaderElection (LeaderElection.java:logAndReturn(56)) - 277b5c5e-8c6f-4c9a-a53f-1bbc96404e12@group-569FAC3F8BCE-LeaderElection194: Election REJECTED; received 2 response(s) [277b5c5e-8c6f-4c9a-a53f-1bbc96404e12<-a32408a4-f19d-4bad-97c5-ba33ae94fc9a#0:FAIL-t190, 277b5c5e-8c6f-4c9a-a53f-1bbc96404e12<-6b24a2ab-97ee-4d49-85cc-2d76c2f4b8ef#0:FAIL-t190] and 0 exception(s); 277b5c5e-8c6f-4c9a-a53f-1bbc96404e12@group-569FAC3F8BCE:t190, leader=null, voted=277b5c5e-8c6f-4c9a-a53f-1bbc96404e12, raftlog=277b5c5e-8c6f-4c9a-a53f-1bbc96404e12@group-569FAC3F8BCE-SegmentedRaftLog:OPENED:c-1,f-1,i0, conf=-1: [a32408a4-f19d-4bad-97c5-ba33ae94fc9a:192.168.157.254:38721, 6b24a2ab-97ee-4d49-85cc-2d76c2f4b8ef:192.168.157.254:41080, 277b5c5e-8c6f-4c9a-a53f-1bbc96404e12:192.168.157.254:41416], old=null
2019-10-16 21:55:20,267 [277b5c5e-8c6f-4c9a-a53f-1bbc96404e12@group-569FAC3F8BCE-LeaderElection194] INFO  impl.RaftServerImpl (RaftServerImpl.java:setRole(184)) - 277b5c5e-8c6f-4c9a-a53f-1bbc96404e12@group-569FAC3F8BCE: changes role from CANDIDATE to FOLLOWER at term 190 for DISCOVERED_A_NEW_TERM
2019-10-16 21:55:20,267 [277b5c5e-8c6f-4c9a-a53f-1bbc96404e12@group-569FAC3F8BCE-LeaderElection194] INFO  impl.RoleInfo (RoleInfo.java:shutdownLeaderElection(134)) - 277b5c5e-8c6f-4c9a-a53f-1bbc96404e12: shutdown LeaderElection
2019-10-16 21:55:20,267 [277b5c5e-8c6f-4c9a-a53f-1bbc96404e12@group-569FAC3F8BCE-LeaderElection194] INFO  impl.RoleInfo (RoleInfo.java:updateAndGet(143)) - 277b5c5e-8c6f-4c9a-a53f-1bbc96404e12: start FollowerState
2019-10-16 21:55:20,378 [Thread-1444] INFO  impl.FollowerState (FollowerState.java:run(108)) - 277b5c5e-8c6f-4c9a-a53f-1bbc96404e12@group-569FAC3F8BCE-FollowerState: change to CANDIDATE, lastRpcTime:111ms, electionTimeout:111ms
2019-10-16 21:55:20,379 [Thread-1444] INFO  impl.RoleInfo (RoleInfo.java:shutdownFollowerState(121)) - 277b5c5e-8c6f-4c9a-a53f-1bbc96404e12: shutdown FollowerState
2019-10-16 21:55:20,379 [Thread-1444] INFO  impl.RaftServerImpl (RaftServerImpl.java:setRole(184)) - 277b5c5e-8c6f-4c9a-a53f-1bbc96404e12@group-569FAC3F8BCE: changes role from  FOLLOWER to CANDIDATE at term 190 for changeToCandidate
2019-10-16 21:55:20,379 [Thread-1444] INFO  impl.RoleInfo (RoleInfo.java:updateAndGet(143)) - 277b5c5e-8c6f-4c9a-a53f-1bbc96404e12: start LeaderElection
2019-10-16 21:55:20,393 [277b5c5e-8c6f-4c9a-a53f-1bbc96404e12@group-569FAC3F8BCE-LeaderElection195] INFO  impl.LeaderElection (LeaderElection.java:askForVotes(178)) - 277b5c5e-8c6f-4c9a-a53f-1bbc96404e12@group-569FAC3F8BCE-LeaderElection195: begin an election at term 191 for -1: [a32408a4-f19d-4bad-97c5-ba33ae94fc9a:192.168.157.254:38721, 6b24a2ab-97ee-4d49-85cc-2d76c2f4b8ef:192.168.157.254:41080, 277b5c5e-8c6f-4c9a-a53f-1bbc96404e12:192.168.157.254:41416], old=null
2019-10-16 21:55:20,395 [grpc-default-executor-1] INFO  impl.RaftServerImpl (RaftServerImpl.java:setRole(184)) - a32408a4-f19d-4bad-97c5-ba33ae94fc9a@group-569FAC3F8BCE: changes role from  FOLLOWER to FOLLOWER at term 191 for recognizeCandidate:277b5c5e-8c6f-4c9a-a53f-1bbc96404e12
2019-10-16 21:55:20,395 [grpc-default-executor-1] INFO  impl.RoleInfo (RoleInfo.java:shutdownFollowerState(121)) - a32408a4-f19d-4bad-97c5-ba33ae94fc9a: shutdown FollowerState
2019-10-16 21:55:20,395 [grpc-default-executor-0] INFO  impl.RaftServerImpl (RaftServerImpl.java:setRole(184)) - 6b24a2ab-97ee-4d49-85cc-2d76c2f4b8ef@group-569FAC3F8BCE: changes role from  FOLLOWER to FOLLOWER at term 191 for recognizeCandidate:277b5c5e-8c6f-4c9a-a53f-1bbc96404e12
2019-10-16 21:55:20,395 [grpc-default-executor-0] INFO  impl.RoleInfo (RoleInfo.java:shutdownFollowerState(121)) - 6b24a2ab-97ee-4d49-85cc-2d76c2f4b8ef: shutdown FollowerState
2019-10-16 21:55:20,395 [Thread-1442] INFO  impl.FollowerState (FollowerState.java:run(117)) - a32408a4-f19d-4bad-97c5-ba33ae94fc9a@group-569FAC3F8BCE-FollowerState was interrupted: java.lang.InterruptedException: sleep interrupted
2019-10-16 21:55:20,395 [Thread-1443] INFO  impl.FollowerState (FollowerState.java:run(117)) - 6b24a2ab-97ee-4d49-85cc-2d76c2f4b8ef@group-569FAC3F8BCE-FollowerState was interrupted: java.lang.InterruptedException: sleep interrupted
2019-10-16 21:55:20,395 [grpc-default-executor-1] INFO  impl.RoleInfo (RoleInfo.java:updateAndGet(143)) - a32408a4-f19d-4bad-97c5-ba33ae94fc9a: start FollowerState
2019-10-16 21:55:20,395 [grpc-default-executor-0] INFO  impl.RoleInfo (RoleInfo.java:updateAndGet(143)) - 6b24a2ab-97ee-4d49-85cc-2d76c2f4b8ef: start FollowerState
2019-10-16 21:55:20,410 [277b5c5e-8c6f-4c9a-a53f-1bbc96404e12@group-569FAC3F8BCE-LeaderElection195] INFO  impl.LeaderElection (LeaderElection.java:logAndReturn(56)) - 277b5c5e-8c6f-4c9a-a53f-1bbc96404e12@group-569FAC3F8BCE-LeaderElection195: Election REJECTED; received 2 response(s) [277b5c5e-8c6f-4c9a-a53f-1bbc96404e12<-a32408a4-f19d-4bad-97c5-ba33ae94fc9a#0:FAIL-t191, 277b5c5e-8c6f-4c9a-a53f-1bbc96404e12<-6b24a2ab-97ee-4d49-85cc-2d76c2f4b8ef#0:FAIL-t191] and 0 exception(s); 277b5c5e-8c6f-4c9a-a53f-1bbc96404e12@group-569FAC3F8BCE:t191, leader=null, voted=277b5c5e-8c6f-4c9a-a53f-1bbc96404e12, raftlog=277b5c5e-8c6f-4c9a-a53f-1bbc96404e12@group-569FAC3F8BCE-SegmentedRaftLog:OPENED:c-1,f-1,i0, conf=-1: [a32408a4-f19d-4bad-97c5-ba33ae94fc9a:192.168.157.254:38721, 6b24a2ab-97ee-4d49-85cc-2d76c2f4b8ef:192.168.157.254:41080, 277b5c5e-8c6f-4c9a-a53f-1bbc96404e12:192.168.157.254:41416], old=null
2019-10-16 21:55:20,410 [277b5c5e-8c6f-4c9a-a53f-1bbc96404e12@group-569FAC3F8BCE-LeaderElection195] INFO  impl.RaftServerImpl (RaftServerImpl.java:setRole(184)) - 277b5c5e-8c6f-4c9a-a53f-1bbc96404e12@group-569FAC3F8BCE: changes role from CANDIDATE to FOLLOWER at term 191 for DISCOVERED_A_NEW_TERM
2019-10-16 21:55:20,411 [277b5c5e-8c6f-4c9a-a53f-1bbc96404e12@group-569FAC3F8BCE-LeaderElection195] INFO  impl.RoleInfo (RoleInfo.java:shutdownLeaderElection(134)) - 277b5c5e-8c6f-4c9a-a53f-1bbc96404e12: shutdown LeaderElection
2019-10-16 21:55:20,411 [277b5c5e-8c6f-4c9a-a53f-1bbc96404e12@group-569FAC3F8BCE-LeaderElection195] INFO  impl.RoleInfo (RoleInfo.java:updateAndGet(143)) - 277b5c5e-8c6f-4c9a-a53f-1bbc96404e12: start FollowerState
2019-10-16 21:55:20,469 [Thread-1450] INFO  impl.FollowerState (FollowerState.java:run(108)) - 277b5c5e-8c6f-4c9a-a53f-1bbc96404e12@group-569FAC3F8BCE-FollowerState: change to CANDIDATE, lastRpcTime:58ms, electionTimeout:58ms
2019-10-16 21:55:20,469 [Thread-1450] INFO  impl.RoleInfo (RoleInfo.java:shutdownFollowerState(121)) - 277b5c5e-8c6f-4c9a-a53f-1bbc96404e12: shutdown FollowerState
2019-10-16 21:55:20,469 [Thread-1450] INFO  impl.RaftServerImpl (RaftServerImpl.java:setRole(184)) - 277b5c5e-8c6f-4c9a-a53f-1bbc96404e12@group-569FAC3F8BCE: changes role from  FOLLOWER to CANDIDATE at term 191 for changeToCandidate
2019-10-16 21:55:20,470 [Thread-1450] INFO  impl.RoleInfo (RoleInfo.java:updateAndGet(143)) - 277b5c5e-8c6f-4c9a-a53f-1bbc96404e12: start LeaderElection
2019-10-16 21:55:20,483 [277b5c5e-8c6f-4c9a-a53f-1bbc96404e12@group-569FAC3F8BCE-LeaderElection196] INFO  impl.LeaderElection (LeaderElection.java:askForVotes(178)) - 277b5c5e-8c6f-4c9a-a53f-1bbc96404e12@group-569FAC3F8BCE-LeaderElection196: begin an election at term 192 for -1: [a32408a4-f19d-4bad-97c5-ba33ae94fc9a:192.168.157.254:38721, 6b24a2ab-97ee-4d49-85cc-2d76c2f4b8ef:192.168.157.254:41080, 277b5c5e-8c6f-4c9a-a53f-1bbc96404e12:192.168.157.254:41416], old=null
2019-10-16 21:55:20,485 [grpc-default-executor-0] INFO  impl.RaftServerImpl (RaftServerImpl.java:setRole(184)) - a32408a4-f19d-4bad-97c5-ba33ae94fc9a@group-569FAC3F8BCE: changes role from  FOLLOWER to FOLLOWER at term 192 for recognizeCandidate:277b5c5e-8c6f-4c9a-a53f-1bbc96404e12
2019-10-16 21:55:20,485 [grpc-default-executor-0] INFO  impl.RoleInfo (RoleInfo.java:shutdownFollowerState(121)) - a32408a4-f19d-4bad-97c5-ba33ae94fc9a: shutdown FollowerState
2019-10-16 21:55:20,485 [grpc-default-executor-1] INFO  impl.RaftServerImpl (RaftServerImpl.java:setRole(184)) - 6b24a2ab-97ee-4d49-85cc-2d76c2f4b8ef@group-569FAC3F8BCE: changes role from  FOLLOWER to FOLLOWER at term 192 for recognizeCandidate:277b5c5e-8c6f-4c9a-a53f-1bbc96404e12
2019-10-16 21:55:20,485 [Thread-1448] INFO  impl.FollowerState (FollowerState.java:run(117)) - a32408a4-f19d-4bad-97c5-ba33ae94fc9a@group-569FAC3F8BCE-FollowerState was interrupted: java.lang.InterruptedException: sleep interrupted
2019-10-16 21:55:20,485 [grpc-default-executor-0] INFO  impl.RoleInfo (RoleInfo.java:updateAndGet(143)) - a32408a4-f19d-4bad-97c5-ba33ae94fc9a: start FollowerState
2019-10-16 21:55:20,485 [grpc-default-executor-1] INFO  impl.RoleInfo (RoleInfo.java:shutdownFollowerState(121)) - 6b24a2ab-97ee-4d49-85cc-2d76c2f4b8ef: shutdown FollowerState
2019-10-16 21:55:20,486 [grpc-default-executor-1] INFO  impl.RoleInfo (RoleInfo.java:updateAndGet(143)) - 6b24a2ab-97ee-4d49-85cc-2d76c2f4b8ef: start FollowerState
2019-10-16 21:55:20,486 [Thread-1449] INFO  impl.FollowerState (FollowerState.java:run(117)) - 6b24a2ab-97ee-4d49-85cc-2d76c2f4b8ef@group-569FAC3F8BCE-FollowerState was interrupted: java.lang.InterruptedException: sleep interrupted
2019-10-16 21:55:20,516 [277b5c5e-8c6f-4c9a-a53f-1bbc96404e12@group-569FAC3F8BCE-LeaderElection196] INFO  impl.LeaderElection (LeaderElection.java:logAndReturn(56)) - 277b5c5e-8c6f-4c9a-a53f-1bbc96404e12@group-569FAC3F8BCE-LeaderElection196: Election REJECTED; received 2 response(s) [277b5c5e-8c6f-4c9a-a53f-1bbc96404e12<-6b24a2ab-97ee-4d49-85cc-2d76c2f4b8ef#0:FAIL-t192, 277b5c5e-8c6f-4c9a-a53f-1bbc96404e12<-a32408a4-f19d-4bad-97c5-ba33ae94fc9a#0:FAIL-t192] and 0 exception(s); 277b5c5e-8c6f-4c9a-a53f-1bbc96404e12@group-569FAC3F8BCE:t192, leader=null, voted=277b5c5e-8c6f-4c9a-a53f-1bbc96404e12, raftlog=277b5c5e-8c6f-4c9a-a53f-1bbc96404e12@group-569FAC3F8BCE-SegmentedRaftLog:OPENED:c-1,f-1,i0, conf=-1: [a32408a4-f19d-4bad-97c5-ba33ae94fc9a:192.168.157.254:38721, 6b24a2ab-97ee-4d49-85cc-2d76c2f4b8ef:192.168.157.254:41080, 277b5c5e-8c6f-4c9a-a53f-1bbc96404e12:192.168.157.254:41416], old=null
2019-10-16 21:55:20,516 [277b5c5e-8c6f-4c9a-a53f-1bbc96404e12@group-569FAC3F8BCE-LeaderElection196] INFO  impl.RaftServerImpl (RaftServerImpl.java:setRole(184)) - 277b5c5e-8c6f-4c9a-a53f-1bbc96404e12@group-569FAC3F8BCE: changes role from CANDIDATE to FOLLOWER at term 192 for DISCOVERED_A_NEW_TERM
2019-10-16 21:55:20,516 [277b5c5e-8c6f-4c9a-a53f-1bbc96404e12@group-569FAC3F8BCE-LeaderElection196] INFO  impl.RoleInfo (RoleInfo.java:shutdownLeaderElection(134)) - 277b5c5e-8c6f-4c9a-a53f-1bbc96404e12: shutdown LeaderElection
2019-10-16 21:55:20,516 [277b5c5e-8c6f-4c9a-a53f-1bbc96404e12@group-569FAC3F8BCE-LeaderElection196] INFO  impl.RoleInfo (RoleInfo.java:updateAndGet(143)) - 277b5c5e-8c6f-4c9a-a53f-1bbc96404e12: start FollowerState
2019-10-16 21:55:20,571 [Thread-0] INFO  ozone.MiniOzoneClusterImpl (MiniOzoneClusterImpl.java:lambda$waitForClusterToBeReady$2(164)) - Waiting for 1 number of pipelines out of 4, to report a leader.
2019-10-16 21:55:20,578 [Thread-1456] INFO  impl.FollowerState (FollowerState.java:run(108)) - 277b5c5e-8c6f-4c9a-a53f-1bbc96404e12@group-569FAC3F8BCE-FollowerState: change to CANDIDATE, lastRpcTime:61ms, electionTimeout:61ms
2019-10-16 21:55:20,578 [Thread-1456] INFO  impl.RoleInfo (RoleInfo.java:shutdownFollowerState(121)) - 277b5c5e-8c6f-4c9a-a53f-1bbc96404e12: shutdown FollowerState
2019-10-16 21:55:20,578 [Thread-1456] INFO  impl.RaftServerImpl (RaftServerImpl.java:setRole(184)) - 277b5c5e-8c6f-4c9a-a53f-1bbc96404e12@group-569FAC3F8BCE: changes role from  FOLLOWER to CANDIDATE at term 192 for changeToCandidate
2019-10-16 21:55:20,578 [Thread-1456] INFO  impl.RoleInfo (RoleInfo.java:updateAndGet(143)) - 277b5c5e-8c6f-4c9a-a53f-1bbc96404e12: start LeaderElection
2019-10-16 21:55:20,584 [277b5c5e-8c6f-4c9a-a53f-1bbc96404e12@group-569FAC3F8BCE-LeaderElection197] INFO  impl.LeaderElection (LeaderElection.java:askForVotes(178)) - 277b5c5e-8c6f-4c9a-a53f-1bbc96404e12@group-569FAC3F8BCE-LeaderElection197: begin an election at term 193 for -1: [a32408a4-f19d-4bad-97c5-ba33ae94fc9a:192.168.157.254:38721, 6b24a2ab-97ee-4d49-85cc-2d76c2f4b8ef:192.168.157.254:41080, 277b5c5e-8c6f-4c9a-a53f-1bbc96404e12:192.168.157.254:41416], old=null
2019-10-16 21:55:20,586 [grpc-default-executor-0] INFO  impl.RaftServerImpl (RaftServerImpl.java:setRole(184)) - a32408a4-f19d-4bad-97c5-ba33ae94fc9a@group-569FAC3F8BCE: changes role from  FOLLOWER to FOLLOWER at term 193 for recognizeCandidate:277b5c5e-8c6f-4c9a-a53f-1bbc96404e12
2019-10-16 21:55:20,587 [grpc-default-executor-0] INFO  impl.RoleInfo (RoleInfo.java:shutdownFollowerState(121)) - a32408a4-f19d-4bad-97c5-ba33ae94fc9a: shutdown FollowerState
2019-10-16 21:55:20,586 [grpc-default-executor-1] INFO  impl.RaftServerImpl (RaftServerImpl.java:setRole(184)) - 6b24a2ab-97ee-4d49-85cc-2d76c2f4b8ef@group-569FAC3F8BCE: changes role from  FOLLOWER to FOLLOWER at term 193 for recognizeCandidate:277b5c5e-8c6f-4c9a-a53f-1bbc96404e12
2019-10-16 21:55:20,587 [Thread-1454] INFO  impl.FollowerState (FollowerState.java:run(117)) - a32408a4-f19d-4bad-97c5-ba33ae94fc9a@group-569FAC3F8BCE-FollowerState was interrupted: java.lang.InterruptedException: sleep interrupted
2019-10-16 21:55:20,587 [grpc-default-executor-0] INFO  impl.RoleInfo (RoleInfo.java:updateAndGet(143)) - a32408a4-f19d-4bad-97c5-ba33ae94fc9a: start FollowerState
2019-10-16 21:55:20,587 [grpc-default-executor-1] INFO  impl.RoleInfo (RoleInfo.java:shutdownFollowerState(121)) - 6b24a2ab-97ee-4d49-85cc-2d76c2f4b8ef: shutdown FollowerState
2019-10-16 21:55:20,587 [grpc-default-executor-1] INFO  impl.RoleInfo (RoleInfo.java:updateAndGet(143)) - 6b24a2ab-97ee-4d49-85cc-2d76c2f4b8ef: start FollowerState
2019-10-16 21:55:20,587 [Thread-1455] INFO  impl.FollowerState (FollowerState.java:run(117)) - 6b24a2ab-97ee-4d49-85cc-2d76c2f4b8ef@group-569FAC3F8BCE-FollowerState was interrupted: java.lang.InterruptedException: sleep interrupted
2019-10-16 21:55:20,601 [277b5c5e-8c6f-4c9a-a53f-1bbc96404e12@group-569FAC3F8BCE-LeaderElection197] INFO  impl.LeaderElection (LeaderElection.java:logAndReturn(56)) - 277b5c5e-8c6f-4c9a-a53f-1bbc96404e12@group-569FAC3F8BCE-LeaderElection197: Election REJECTED; received 2 response(s) [277b5c5e-8c6f-4c9a-a53f-1bbc96404e12<-6b24a2ab-97ee-4d49-85cc-2d76c2f4b8ef#0:FAIL-t193, 277b5c5e-8c6f-4c9a-a53f-1bbc96404e12<-a32408a4-f19d-4bad-97c5-ba33ae94fc9a#0:FAIL-t193] and 0 exception(s); 277b5c5e-8c6f-4c9a-a53f-1bbc96404e12@group-569FAC3F8BCE:t193, leader=null, voted=277b5c5e-8c6f-4c9a-a53f-1bbc96404e12, raftlog=277b5c5e-8c6f-4c9a-a53f-1bbc96404e12@group-569FAC3F8BCE-SegmentedRaftLog:OPENED:c-1,f-1,i0, conf=-1: [a32408a4-f19d-4bad-97c5-ba33ae94fc9a:192.168.157.254:38721, 6b24a2ab-97ee-4d49-85cc-2d76c2f4b8ef:192.168.157.254:41080, 277b5c5e-8c6f-4c9a-a53f-1bbc96404e12:192.168.157.254:41416], old=null
2019-10-16 21:55:20,601 [277b5c5e-8c6f-4c9a-a53f-1bbc96404e12@group-569FAC3F8BCE-LeaderElection197] INFO  impl.RaftServerImpl (RaftServerImpl.java:setRole(184)) - 277b5c5e-8c6f-4c9a-a53f-1bbc96404e12@group-569FAC3F8BCE: changes role from CANDIDATE to FOLLOWER at term 193 for DISCOVERED_A_NEW_TERM
2019-10-16 21:55:20,602 [277b5c5e-8c6f-4c9a-a53f-1bbc96404e12@group-569FAC3F8BCE-LeaderElection197] INFO  impl.RoleInfo (RoleInfo.java:shutdownLeaderElection(134)) - 277b5c5e-8c6f-4c9a-a53f-1bbc96404e12: shutdown LeaderElection
2019-10-16 21:55:20,602 [277b5c5e-8c6f-4c9a-a53f-1bbc96404e12@group-569FAC3F8BCE-LeaderElection197] INFO  impl.RoleInfo (RoleInfo.java:updateAndGet(143)) - 277b5c5e-8c6f-4c9a-a53f-1bbc96404e12: start FollowerState
2019-10-16 21:55:20,795 [Thread-1462] INFO  impl.FollowerState (FollowerState.java:run(108)) - 277b5c5e-8c6f-4c9a-a53f-1bbc96404e12@group-569FAC3F8BCE-FollowerState: change to CANDIDATE, lastRpcTime:193ms, electionTimeout:193ms
2019-10-16 21:55:20,795 [Thread-1462] INFO  impl.RoleInfo (RoleInfo.java:shutdownFollowerState(121)) - 277b5c5e-8c6f-4c9a-a53f-1bbc96404e12: shutdown FollowerState
2019-10-16 21:55:20,796 [Thread-1462] INFO  impl.RaftServerImpl (RaftServerImpl.java:setRole(184)) - 277b5c5e-8c6f-4c9a-a53f-1bbc96404e12@group-569FAC3F8BCE: changes role from  FOLLOWER to CANDIDATE at term 193 for changeToCandidate
2019-10-16 21:55:20,796 [Thread-1462] INFO  impl.RoleInfo (RoleInfo.java:updateAndGet(143)) - 277b5c5e-8c6f-4c9a-a53f-1bbc96404e12: start LeaderElection
2019-10-16 21:55:20,810 [277b5c5e-8c6f-4c9a-a53f-1bbc96404e12@group-569FAC3F8BCE-LeaderElection198] INFO  impl.LeaderElection (LeaderElection.java:askForVotes(178)) - 277b5c5e-8c6f-4c9a-a53f-1bbc96404e12@group-569FAC3F8BCE-LeaderElection198: begin an election at term 194 for -1: [a32408a4-f19d-4bad-97c5-ba33ae94fc9a:192.168.157.254:38721, 6b24a2ab-97ee-4d49-85cc-2d76c2f4b8ef:192.168.157.254:41080, 277b5c5e-8c6f-4c9a-a53f-1bbc96404e12:192.168.157.254:41416], old=null
2019-10-16 21:55:20,813 [grpc-default-executor-1] INFO  impl.RaftServerImpl (RaftServerImpl.java:setRole(184)) - a32408a4-f19d-4bad-97c5-ba33ae94fc9a@group-569FAC3F8BCE: changes role from  FOLLOWER to FOLLOWER at term 194 for recognizeCandidate:277b5c5e-8c6f-4c9a-a53f-1bbc96404e12
2019-10-16 21:55:20,813 [grpc-default-executor-1] INFO  impl.RoleInfo (RoleInfo.java:shutdownFollowerState(121)) - a32408a4-f19d-4bad-97c5-ba33ae94fc9a: shutdown FollowerState
2019-10-16 21:55:20,813 [grpc-default-executor-1] INFO  impl.RoleInfo (RoleInfo.java:updateAndGet(143)) - a32408a4-f19d-4bad-97c5-ba33ae94fc9a: start FollowerState
2019-10-16 21:55:20,813 [Thread-1460] INFO  impl.FollowerState (FollowerState.java:run(117)) - a32408a4-f19d-4bad-97c5-ba33ae94fc9a@group-569FAC3F8BCE-FollowerState was interrupted: java.lang.InterruptedException: sleep interrupted
2019-10-16 21:55:20,813 [grpc-default-executor-0] INFO  impl.RaftServerImpl (RaftServerImpl.java:setRole(184)) - 6b24a2ab-97ee-4d49-85cc-2d76c2f4b8ef@group-569FAC3F8BCE: changes role from  FOLLOWER to FOLLOWER at term 194 for recognizeCandidate:277b5c5e-8c6f-4c9a-a53f-1bbc96404e12
2019-10-16 21:55:20,813 [grpc-default-executor-0] INFO  impl.RoleInfo (RoleInfo.java:shutdownFollowerState(121)) - 6b24a2ab-97ee-4d49-85cc-2d76c2f4b8ef: shutdown FollowerState
2019-10-16 21:55:20,814 [grpc-default-executor-0] INFO  impl.RoleInfo (RoleInfo.java:updateAndGet(143)) - 6b24a2ab-97ee-4d49-85cc-2d76c2f4b8ef: start FollowerState
2019-10-16 21:55:20,814 [Thread-1461] INFO  impl.FollowerState (FollowerState.java:run(117)) - 6b24a2ab-97ee-4d49-85cc-2d76c2f4b8ef@group-569FAC3F8BCE-FollowerState was interrupted: java.lang.InterruptedException: sleep interrupted
2019-10-16 21:55:20,828 [277b5c5e-8c6f-4c9a-a53f-1bbc96404e12@group-569FAC3F8BCE-LeaderElection198] INFO  impl.LeaderElection (LeaderElection.java:logAndReturn(56)) - 277b5c5e-8c6f-4c9a-a53f-1bbc96404e12@group-569FAC3F8BCE-LeaderElection198: Election REJECTED; received 2 response(s) [277b5c5e-8c6f-4c9a-a53f-1bbc96404e12<-a32408a4-f19d-4bad-97c5-ba33ae94fc9a#0:FAIL-t194, 277b5c5e-8c6f-4c9a-a53f-1bbc96404e12<-6b24a2ab-97ee-4d49-85cc-2d76c2f4b8ef#0:FAIL-t194] and 0 exception(s); 277b5c5e-8c6f-4c9a-a53f-1bbc96404e12@group-569FAC3F8BCE:t194, leader=null, voted=277b5c5e-8c6f-4c9a-a53f-1bbc96404e12, raftlog=277b5c5e-8c6f-4c9a-a53f-1bbc96404e12@group-569FAC3F8BCE-SegmentedRaftLog:OPENED:c-1,f-1,i0, conf=-1: [a32408a4-f19d-4bad-97c5-ba33ae94fc9a:192.168.157.254:38721, 6b24a2ab-97ee-4d49-85cc-2d76c2f4b8ef:192.168.157.254:41080, 277b5c5e-8c6f-4c9a-a53f-1bbc96404e12:192.168.157.254:41416], old=null
2019-10-16 21:55:20,828 [277b5c5e-8c6f-4c9a-a53f-1bbc96404e12@group-569FAC3F8BCE-LeaderElection198] INFO  impl.RaftServerImpl (RaftServerImpl.java:setRole(184)) - 277b5c5e-8c6f-4c9a-a53f-1bbc96404e12@group-569FAC3F8BCE: changes role from CANDIDATE to FOLLOWER at term 194 for DISCOVERED_A_NEW_TERM
2019-10-16 21:55:20,828 [277b5c5e-8c6f-4c9a-a53f-1bbc96404e12@group-569FAC3F8BCE-LeaderElection198] INFO  impl.RoleInfo (RoleInfo.java:shutdownLeaderElection(134)) - 277b5c5e-8c6f-4c9a-a53f-1bbc96404e12: shutdown LeaderElection
2019-10-16 21:55:20,828 [277b5c5e-8c6f-4c9a-a53f-1bbc96404e12@group-569FAC3F8BCE-LeaderElection198] INFO  impl.RoleInfo (RoleInfo.java:updateAndGet(143)) - 277b5c5e-8c6f-4c9a-a53f-1bbc96404e12: start FollowerState
2019-10-16 21:55:20,965 [Thread-1468] INFO  impl.FollowerState (FollowerState.java:run(108)) - 277b5c5e-8c6f-4c9a-a53f-1bbc96404e12@group-569FAC3F8BCE-FollowerState: change to CANDIDATE, lastRpcTime:136ms, electionTimeout:136ms
2019-10-16 21:55:20,965 [Thread-1468] INFO  impl.RoleInfo (RoleInfo.java:shutdownFollowerState(121)) - 277b5c5e-8c6f-4c9a-a53f-1bbc96404e12: shutdown FollowerState
2019-10-16 21:55:20,965 [Thread-1468] INFO  impl.RaftServerImpl (RaftServerImpl.java:setRole(184)) - 277b5c5e-8c6f-4c9a-a53f-1bbc96404e12@group-569FAC3F8BCE: changes role from  FOLLOWER to CANDIDATE at term 194 for changeToCandidate
2019-10-16 21:55:20,965 [Thread-1468] INFO  impl.RoleInfo (RoleInfo.java:updateAndGet(143)) - 277b5c5e-8c6f-4c9a-a53f-1bbc96404e12: start LeaderElection
2019-10-16 21:55:20,988 [277b5c5e-8c6f-4c9a-a53f-1bbc96404e12@group-569FAC3F8BCE-LeaderElection199] INFO  impl.LeaderElection (LeaderElection.java:askForVotes(178)) - 277b5c5e-8c6f-4c9a-a53f-1bbc96404e12@group-569FAC3F8BCE-LeaderElection199: begin an election at term 195 for -1: [a32408a4-f19d-4bad-97c5-ba33ae94fc9a:192.168.157.254:38721, 6b24a2ab-97ee-4d49-85cc-2d76c2f4b8ef:192.168.157.254:41080, 277b5c5e-8c6f-4c9a-a53f-1bbc96404e12:192.168.157.254:41416], old=null
2019-10-16 21:55:20,990 [grpc-default-executor-0] INFO  impl.RaftServerImpl (RaftServerImpl.java:setRole(184)) - a32408a4-f19d-4bad-97c5-ba33ae94fc9a@group-569FAC3F8BCE: changes role from  FOLLOWER to FOLLOWER at term 195 for recognizeCandidate:277b5c5e-8c6f-4c9a-a53f-1bbc96404e12
2019-10-16 21:55:20,990 [grpc-default-executor-1] INFO  impl.RaftServerImpl (RaftServerImpl.java:setRole(184)) - 6b24a2ab-97ee-4d49-85cc-2d76c2f4b8ef@group-569FAC3F8BCE: changes role from  FOLLOWER to FOLLOWER at term 195 for recognizeCandidate:277b5c5e-8c6f-4c9a-a53f-1bbc96404e12
2019-10-16 21:55:20,990 [grpc-default-executor-0] INFO  impl.RoleInfo (RoleInfo.java:shutdownFollowerState(121)) - a32408a4-f19d-4bad-97c5-ba33ae94fc9a: shutdown FollowerState
2019-10-16 21:55:20,991 [grpc-default-executor-1] INFO  impl.RoleInfo (RoleInfo.java:shutdownFollowerState(121)) - 6b24a2ab-97ee-4d49-85cc-2d76c2f4b8ef: shutdown FollowerState
2019-10-16 21:55:20,991 [Thread-1466] INFO  impl.FollowerState (FollowerState.java:run(117)) - a32408a4-f19d-4bad-97c5-ba33ae94fc9a@group-569FAC3F8BCE-FollowerState was interrupted: java.lang.InterruptedException: sleep interrupted
2019-10-16 21:55:20,991 [grpc-default-executor-0] INFO  impl.RoleInfo (RoleInfo.java:updateAndGet(143)) - a32408a4-f19d-4bad-97c5-ba33ae94fc9a: start FollowerState
2019-10-16 21:55:20,991 [Thread-1467] INFO  impl.FollowerState (FollowerState.java:run(117)) - 6b24a2ab-97ee-4d49-85cc-2d76c2f4b8ef@group-569FAC3F8BCE-FollowerState was interrupted: java.lang.InterruptedException: sleep interrupted
2019-10-16 21:55:20,991 [grpc-default-executor-1] INFO  impl.RoleInfo (RoleInfo.java:updateAndGet(143)) - 6b24a2ab-97ee-4d49-85cc-2d76c2f4b8ef: start FollowerState
2019-10-16 21:55:21,009 [277b5c5e-8c6f-4c9a-a53f-1bbc96404e12@group-569FAC3F8BCE-LeaderElection199] INFO  impl.LeaderElection (LeaderElection.java:logAndReturn(56)) - 277b5c5e-8c6f-4c9a-a53f-1bbc96404e12@group-569FAC3F8BCE-LeaderElection199: Election REJECTED; received 2 response(s) [277b5c5e-8c6f-4c9a-a53f-1bbc96404e12<-a32408a4-f19d-4bad-97c5-ba33ae94fc9a#0:FAIL-t195, 277b5c5e-8c6f-4c9a-a53f-1bbc96404e12<-6b24a2ab-97ee-4d49-85cc-2d76c2f4b8ef#0:FAIL-t195] and 0 exception(s); 277b5c5e-8c6f-4c9a-a53f-1bbc96404e12@group-569FAC3F8BCE:t195, leader=null, voted=277b5c5e-8c6f-4c9a-a53f-1bbc96404e12, raftlog=277b5c5e-8c6f-4c9a-a53f-1bbc96404e12@group-569FAC3F8BCE-SegmentedRaftLog:OPENED:c-1,f-1,i0, conf=-1: [a32408a4-f19d-4bad-97c5-ba33ae94fc9a:192.168.157.254:38721, 6b24a2ab-97ee-4d49-85cc-2d76c2f4b8ef:192.168.157.254:41080, 277b5c5e-8c6f-4c9a-a53f-1bbc96404e12:192.168.157.254:41416], old=null
2019-10-16 21:55:21,009 [277b5c5e-8c6f-4c9a-a53f-1bbc96404e12@group-569FAC3F8BCE-LeaderElection199] INFO  impl.RaftServerImpl (RaftServerImpl.java:setRole(184)) - 277b5c5e-8c6f-4c9a-a53f-1bbc96404e12@group-569FAC3F8BCE: changes role from CANDIDATE to FOLLOWER at term 195 for DISCOVERED_A_NEW_TERM
2019-10-16 21:55:21,010 [277b5c5e-8c6f-4c9a-a53f-1bbc96404e12@group-569FAC3F8BCE-LeaderElection199] INFO  impl.RoleInfo (RoleInfo.java:shutdownLeaderElection(134)) - 277b5c5e-8c6f-4c9a-a53f-1bbc96404e12: shutdown LeaderElection
2019-10-16 21:55:21,010 [277b5c5e-8c6f-4c9a-a53f-1bbc96404e12@group-569FAC3F8BCE-LeaderElection199] INFO  impl.RoleInfo (RoleInfo.java:updateAndGet(143)) - 277b5c5e-8c6f-4c9a-a53f-1bbc96404e12: start FollowerState
2019-10-16 21:55:21,038 [Thread-1474] INFO  impl.FollowerState (FollowerState.java:run(108)) - 277b5c5e-8c6f-4c9a-a53f-1bbc96404e12@group-569FAC3F8BCE-FollowerState: change to CANDIDATE, lastRpcTime:28ms, electionTimeout:28ms
2019-10-16 21:55:21,038 [Thread-1474] INFO  impl.RoleInfo (RoleInfo.java:shutdownFollowerState(121)) - 277b5c5e-8c6f-4c9a-a53f-1bbc96404e12: shutdown FollowerState
2019-10-16 21:55:21,038 [Thread-1474] INFO  impl.RaftServerImpl (RaftServerImpl.java:setRole(184)) - 277b5c5e-8c6f-4c9a-a53f-1bbc96404e12@group-569FAC3F8BCE: changes role from  FOLLOWER to CANDIDATE at term 195 for changeToCandidate
2019-10-16 21:55:21,039 [Thread-1474] INFO  impl.RoleInfo (RoleInfo.java:updateAndGet(143)) - 277b5c5e-8c6f-4c9a-a53f-1bbc96404e12: start LeaderElection
2019-10-16 21:55:21,053 [277b5c5e-8c6f-4c9a-a53f-1bbc96404e12@group-569FAC3F8BCE-LeaderElection200] INFO  impl.LeaderElection (LeaderElection.java:askForVotes(178)) - 277b5c5e-8c6f-4c9a-a53f-1bbc96404e12@group-569FAC3F8BCE-LeaderElection200: begin an election at term 196 for -1: [a32408a4-f19d-4bad-97c5-ba33ae94fc9a:192.168.157.254:38721, 6b24a2ab-97ee-4d49-85cc-2d76c2f4b8ef:192.168.157.254:41080, 277b5c5e-8c6f-4c9a-a53f-1bbc96404e12:192.168.157.254:41416], old=null
2019-10-16 21:55:21,055 [grpc-default-executor-0] INFO  impl.RaftServerImpl (RaftServerImpl.java:setRole(184)) - a32408a4-f19d-4bad-97c5-ba33ae94fc9a@group-569FAC3F8BCE: changes role from  FOLLOWER to FOLLOWER at term 196 for recognizeCandidate:277b5c5e-8c6f-4c9a-a53f-1bbc96404e12
2019-10-16 21:55:21,056 [grpc-default-executor-1] INFO  impl.RaftServerImpl (RaftServerImpl.java:setRole(184)) - 6b24a2ab-97ee-4d49-85cc-2d76c2f4b8ef@group-569FAC3F8BCE: changes role from  FOLLOWER to FOLLOWER at term 196 for recognizeCandidate:277b5c5e-8c6f-4c9a-a53f-1bbc96404e12
2019-10-16 21:55:21,056 [grpc-default-executor-0] INFO  impl.RoleInfo (RoleInfo.java:shutdownFollowerState(121)) - a32408a4-f19d-4bad-97c5-ba33ae94fc9a: shutdown FollowerState
2019-10-16 21:55:21,056 [grpc-default-executor-1] INFO  impl.RoleInfo (RoleInfo.java:shutdownFollowerState(121)) - 6b24a2ab-97ee-4d49-85cc-2d76c2f4b8ef: shutdown FollowerState
2019-10-16 21:55:21,056 [Thread-1472] INFO  impl.FollowerState (FollowerState.java:run(117)) - a32408a4-f19d-4bad-97c5-ba33ae94fc9a@group-569FAC3F8BCE-FollowerState was interrupted: java.lang.InterruptedException: sleep interrupted
2019-10-16 21:55:21,056 [grpc-default-executor-0] INFO  impl.RoleInfo (RoleInfo.java:updateAndGet(143)) - a32408a4-f19d-4bad-97c5-ba33ae94fc9a: start FollowerState
2019-10-16 21:55:21,056 [Thread-1473] INFO  impl.FollowerState (FollowerState.java:run(117)) - 6b24a2ab-97ee-4d49-85cc-2d76c2f4b8ef@group-569FAC3F8BCE-FollowerState was interrupted: java.lang.InterruptedException: sleep interrupted
2019-10-16 21:55:21,056 [grpc-default-executor-1] INFO  impl.RoleInfo (RoleInfo.java:updateAndGet(143)) - 6b24a2ab-97ee-4d49-85cc-2d76c2f4b8ef: start FollowerState
2019-10-16 21:55:21,071 [277b5c5e-8c6f-4c9a-a53f-1bbc96404e12@group-569FAC3F8BCE-LeaderElection200] INFO  impl.LeaderElection (LeaderElection.java:logAndReturn(56)) - 277b5c5e-8c6f-4c9a-a53f-1bbc96404e12@group-569FAC3F8BCE-LeaderElection200: Election REJECTED; received 2 response(s) [277b5c5e-8c6f-4c9a-a53f-1bbc96404e12<-6b24a2ab-97ee-4d49-85cc-2d76c2f4b8ef#0:FAIL-t196, 277b5c5e-8c6f-4c9a-a53f-1bbc96404e12<-a32408a4-f19d-4bad-97c5-ba33ae94fc9a#0:FAIL-t196] and 0 exception(s); 277b5c5e-8c6f-4c9a-a53f-1bbc96404e12@group-569FAC3F8BCE:t196, leader=null, voted=277b5c5e-8c6f-4c9a-a53f-1bbc96404e12, raftlog=277b5c5e-8c6f-4c9a-a53f-1bbc96404e12@group-569FAC3F8BCE-SegmentedRaftLog:OPENED:c-1,f-1,i0, conf=-1: [a32408a4-f19d-4bad-97c5-ba33ae94fc9a:192.168.157.254:38721, 6b24a2ab-97ee-4d49-85cc-2d76c2f4b8ef:192.168.157.254:41080, 277b5c5e-8c6f-4c9a-a53f-1bbc96404e12:192.168.157.254:41416], old=null
2019-10-16 21:55:21,071 [277b5c5e-8c6f-4c9a-a53f-1bbc96404e12@group-569FAC3F8BCE-LeaderElection200] INFO  impl.RaftServerImpl (RaftServerImpl.java:setRole(184)) - 277b5c5e-8c6f-4c9a-a53f-1bbc96404e12@group-569FAC3F8BCE: changes role from CANDIDATE to FOLLOWER at term 196 for DISCOVERED_A_NEW_TERM
2019-10-16 21:55:21,071 [277b5c5e-8c6f-4c9a-a53f-1bbc96404e12@group-569FAC3F8BCE-LeaderElection200] INFO  impl.RoleInfo (RoleInfo.java:shutdownLeaderElection(134)) - 277b5c5e-8c6f-4c9a-a53f-1bbc96404e12: shutdown LeaderElection
2019-10-16 21:55:21,072 [277b5c5e-8c6f-4c9a-a53f-1bbc96404e12@group-569FAC3F8BCE-LeaderElection200] INFO  impl.RoleInfo (RoleInfo.java:updateAndGet(143)) - 277b5c5e-8c6f-4c9a-a53f-1bbc96404e12: start FollowerState
2019-10-16 21:55:21,119 [Thread-1480] INFO  impl.FollowerState (FollowerState.java:run(108)) - 277b5c5e-8c6f-4c9a-a53f-1bbc96404e12@group-569FAC3F8BCE-FollowerState: change to CANDIDATE, lastRpcTime:47ms, electionTimeout:47ms
2019-10-16 21:55:21,119 [Thread-1480] INFO  impl.RoleInfo (RoleInfo.java:shutdownFollowerState(121)) - 277b5c5e-8c6f-4c9a-a53f-1bbc96404e12: shutdown FollowerState
2019-10-16 21:55:21,119 [Thread-1480] INFO  impl.RaftServerImpl (RaftServerImpl.java:setRole(184)) - 277b5c5e-8c6f-4c9a-a53f-1bbc96404e12@group-569FAC3F8BCE: changes role from  FOLLOWER to CANDIDATE at term 196 for changeToCandidate
2019-10-16 21:55:21,119 [Thread-1480] INFO  impl.RoleInfo (RoleInfo.java:updateAndGet(143)) - 277b5c5e-8c6f-4c9a-a53f-1bbc96404e12: start LeaderElection
2019-10-16 21:55:21,143 [277b5c5e-8c6f-4c9a-a53f-1bbc96404e12@group-569FAC3F8BCE-LeaderElection201] INFO  impl.LeaderElection (LeaderElection.java:askForVotes(178)) - 277b5c5e-8c6f-4c9a-a53f-1bbc96404e12@group-569FAC3F8BCE-LeaderElection201: begin an election at term 197 for -1: [a32408a4-f19d-4bad-97c5-ba33ae94fc9a:192.168.157.254:38721, 6b24a2ab-97ee-4d49-85cc-2d76c2f4b8ef:192.168.157.254:41080, 277b5c5e-8c6f-4c9a-a53f-1bbc96404e12:192.168.157.254:41416], old=null
2019-10-16 21:55:21,145 [grpc-default-executor-1] INFO  impl.RaftServerImpl (RaftServerImpl.java:setRole(184)) - 6b24a2ab-97ee-4d49-85cc-2d76c2f4b8ef@group-569FAC3F8BCE: changes role from  FOLLOWER to FOLLOWER at term 197 for recognizeCandidate:277b5c5e-8c6f-4c9a-a53f-1bbc96404e12
2019-10-16 21:55:21,145 [grpc-default-executor-0] INFO  impl.RaftServerImpl (RaftServerImpl.java:setRole(184)) - a32408a4-f19d-4bad-97c5-ba33ae94fc9a@group-569FAC3F8BCE: changes role from  FOLLOWER to FOLLOWER at term 197 for recognizeCandidate:277b5c5e-8c6f-4c9a-a53f-1bbc96404e12
2019-10-16 21:55:21,145 [grpc-default-executor-1] INFO  impl.RoleInfo (RoleInfo.java:shutdownFollowerState(121)) - 6b24a2ab-97ee-4d49-85cc-2d76c2f4b8ef: shutdown FollowerState
2019-10-16 21:55:21,146 [grpc-default-executor-0] INFO  impl.RoleInfo (RoleInfo.java:shutdownFollowerState(121)) - a32408a4-f19d-4bad-97c5-ba33ae94fc9a: shutdown FollowerState
2019-10-16 21:55:21,146 [grpc-default-executor-1] INFO  impl.RoleInfo (RoleInfo.java:updateAndGet(143)) - 6b24a2ab-97ee-4d49-85cc-2d76c2f4b8ef: start FollowerState
2019-10-16 21:55:21,146 [Thread-1479] INFO  impl.FollowerState (FollowerState.java:run(117)) - 6b24a2ab-97ee-4d49-85cc-2d76c2f4b8ef@group-569FAC3F8BCE-FollowerState was interrupted: java.lang.InterruptedException: sleep interrupted
2019-10-16 21:55:21,146 [Thread-1478] INFO  impl.FollowerState (FollowerState.java:run(117)) - a32408a4-f19d-4bad-97c5-ba33ae94fc9a@group-569FAC3F8BCE-FollowerState was interrupted: java.lang.InterruptedException: sleep interrupted
2019-10-16 21:55:21,146 [grpc-default-executor-0] INFO  impl.RoleInfo (RoleInfo.java:updateAndGet(143)) - a32408a4-f19d-4bad-97c5-ba33ae94fc9a: start FollowerState
2019-10-16 21:55:21,170 [277b5c5e-8c6f-4c9a-a53f-1bbc96404e12@group-569FAC3F8BCE-LeaderElection201] INFO  impl.LeaderElection (LeaderElection.java:logAndReturn(56)) - 277b5c5e-8c6f-4c9a-a53f-1bbc96404e12@group-569FAC3F8BCE-LeaderElection201: Election REJECTED; received 2 response(s) [277b5c5e-8c6f-4c9a-a53f-1bbc96404e12<-6b24a2ab-97ee-4d49-85cc-2d76c2f4b8ef#0:FAIL-t197, 277b5c5e-8c6f-4c9a-a53f-1bbc96404e12<-a32408a4-f19d-4bad-97c5-ba33ae94fc9a#0:FAIL-t197] and 0 exception(s); 277b5c5e-8c6f-4c9a-a53f-1bbc96404e12@group-569FAC3F8BCE:t197, leader=null, voted=277b5c5e-8c6f-4c9a-a53f-1bbc96404e12, raftlog=277b5c5e-8c6f-4c9a-a53f-1bbc96404e12@group-569FAC3F8BCE-SegmentedRaftLog:OPENED:c-1,f-1,i0, conf=-1: [a32408a4-f19d-4bad-97c5-ba33ae94fc9a:192.168.157.254:38721, 6b24a2ab-97ee-4d49-85cc-2d76c2f4b8ef:192.168.157.254:41080, 277b5c5e-8c6f-4c9a-a53f-1bbc96404e12:192.168.157.254:41416], old=null
2019-10-16 21:55:21,171 [277b5c5e-8c6f-4c9a-a53f-1bbc96404e12@group-569FAC3F8BCE-LeaderElection201] INFO  impl.RaftServerImpl (RaftServerImpl.java:setRole(184)) - 277b5c5e-8c6f-4c9a-a53f-1bbc96404e12@group-569FAC3F8BCE: changes role from CANDIDATE to FOLLOWER at term 197 for DISCOVERED_A_NEW_TERM
2019-10-16 21:55:21,171 [277b5c5e-8c6f-4c9a-a53f-1bbc96404e12@group-569FAC3F8BCE-LeaderElection201] INFO  impl.RoleInfo (RoleInfo.java:shutdownLeaderElection(134)) - 277b5c5e-8c6f-4c9a-a53f-1bbc96404e12: shutdown LeaderElection
2019-10-16 21:55:21,171 [277b5c5e-8c6f-4c9a-a53f-1bbc96404e12@group-569FAC3F8BCE-LeaderElection201] INFO  impl.RoleInfo (RoleInfo.java:updateAndGet(143)) - 277b5c5e-8c6f-4c9a-a53f-1bbc96404e12: start FollowerState
2019-10-16 21:55:21,326 [Thread-1486] INFO  impl.FollowerState (FollowerState.java:run(108)) - 277b5c5e-8c6f-4c9a-a53f-1bbc96404e12@group-569FAC3F8BCE-FollowerState: change to CANDIDATE, lastRpcTime:155ms, electionTimeout:155ms
2019-10-16 21:55:21,327 [Thread-1486] INFO  impl.RoleInfo (RoleInfo.java:shutdownFollowerState(121)) - 277b5c5e-8c6f-4c9a-a53f-1bbc96404e12: shutdown FollowerState
2019-10-16 21:55:21,327 [Thread-1486] INFO  impl.RaftServerImpl (RaftServerImpl.java:setRole(184)) - 277b5c5e-8c6f-4c9a-a53f-1bbc96404e12@group-569FAC3F8BCE: changes role from  FOLLOWER to CANDIDATE at term 197 for changeToCandidate
2019-10-16 21:55:21,327 [Thread-1486] INFO  impl.RoleInfo (RoleInfo.java:updateAndGet(143)) - 277b5c5e-8c6f-4c9a-a53f-1bbc96404e12: start LeaderElection
2019-10-16 21:55:21,341 [277b5c5e-8c6f-4c9a-a53f-1bbc96404e12@group-569FAC3F8BCE-LeaderElection202] INFO  impl.LeaderElection (LeaderElection.java:askForVotes(178)) - 277b5c5e-8c6f-4c9a-a53f-1bbc96404e12@group-569FAC3F8BCE-LeaderElection202: begin an election at term 198 for -1: [a32408a4-f19d-4bad-97c5-ba33ae94fc9a:192.168.157.254:38721, 6b24a2ab-97ee-4d49-85cc-2d76c2f4b8ef:192.168.157.254:41080, 277b5c5e-8c6f-4c9a-a53f-1bbc96404e12:192.168.157.254:41416], old=null
2019-10-16 21:55:21,343 [grpc-default-executor-1] INFO  impl.RaftServerImpl (RaftServerImpl.java:setRole(184)) - a32408a4-f19d-4bad-97c5-ba33ae94fc9a@group-569FAC3F8BCE: changes role from  FOLLOWER to FOLLOWER at term 198 for recognizeCandidate:277b5c5e-8c6f-4c9a-a53f-1bbc96404e12
2019-10-16 21:55:21,344 [grpc-default-executor-1] INFO  impl.RoleInfo (RoleInfo.java:shutdownFollowerState(121)) - a32408a4-f19d-4bad-97c5-ba33ae94fc9a: shutdown FollowerState
2019-10-16 21:55:21,344 [grpc-default-executor-0] INFO  impl.RaftServerImpl (RaftServerImpl.java:setRole(184)) - 6b24a2ab-97ee-4d49-85cc-2d76c2f4b8ef@group-569FAC3F8BCE: changes role from  FOLLOWER to FOLLOWER at term 198 for recognizeCandidate:277b5c5e-8c6f-4c9a-a53f-1bbc96404e12
2019-10-16 21:55:21,344 [grpc-default-executor-0] INFO  impl.RoleInfo (RoleInfo.java:shutdownFollowerState(121)) - 6b24a2ab-97ee-4d49-85cc-2d76c2f4b8ef: shutdown FollowerState
2019-10-16 21:55:21,344 [Thread-1485] INFO  impl.FollowerState (FollowerState.java:run(117)) - a32408a4-f19d-4bad-97c5-ba33ae94fc9a@group-569FAC3F8BCE-FollowerState was interrupted: java.lang.InterruptedException: sleep interrupted
2019-10-16 21:55:21,344 [grpc-default-executor-1] INFO  impl.RoleInfo (RoleInfo.java:updateAndGet(143)) - a32408a4-f19d-4bad-97c5-ba33ae94fc9a: start FollowerState
2019-10-16 21:55:21,344 [Thread-1484] INFO  impl.FollowerState (FollowerState.java:run(117)) - 6b24a2ab-97ee-4d49-85cc-2d76c2f4b8ef@group-569FAC3F8BCE-FollowerState was interrupted: java.lang.InterruptedException: sleep interrupted
2019-10-16 21:55:21,344 [grpc-default-executor-0] INFO  impl.RoleInfo (RoleInfo.java:updateAndGet(143)) - 6b24a2ab-97ee-4d49-85cc-2d76c2f4b8ef: start FollowerState
2019-10-16 21:55:21,355 [277b5c5e-8c6f-4c9a-a53f-1bbc96404e12@group-569FAC3F8BCE-LeaderElection202] INFO  impl.LeaderElection (LeaderElection.java:logAndReturn(56)) - 277b5c5e-8c6f-4c9a-a53f-1bbc96404e12@group-569FAC3F8BCE-LeaderElection202: Election REJECTED; received 2 response(s) [277b5c5e-8c6f-4c9a-a53f-1bbc96404e12<-a32408a4-f19d-4bad-97c5-ba33ae94fc9a#0:FAIL-t198, 277b5c5e-8c6f-4c9a-a53f-1bbc96404e12<-6b24a2ab-97ee-4d49-85cc-2d76c2f4b8ef#0:FAIL-t198] and 0 exception(s); 277b5c5e-8c6f-4c9a-a53f-1bbc96404e12@group-569FAC3F8BCE:t198, leader=null, voted=277b5c5e-8c6f-4c9a-a53f-1bbc96404e12, raftlog=277b5c5e-8c6f-4c9a-a53f-1bbc96404e12@group-569FAC3F8BCE-SegmentedRaftLog:OPENED:c-1,f-1,i0, conf=-1: [a32408a4-f19d-4bad-97c5-ba33ae94fc9a:192.168.157.254:38721, 6b24a2ab-97ee-4d49-85cc-2d76c2f4b8ef:192.168.157.254:41080, 277b5c5e-8c6f-4c9a-a53f-1bbc96404e12:192.168.157.254:41416], old=null
2019-10-16 21:55:21,355 [277b5c5e-8c6f-4c9a-a53f-1bbc96404e12@group-569FAC3F8BCE-LeaderElection202] INFO  impl.RaftServerImpl (RaftServerImpl.java:setRole(184)) - 277b5c5e-8c6f-4c9a-a53f-1bbc96404e12@group-569FAC3F8BCE: changes role from CANDIDATE to FOLLOWER at term 198 for DISCOVERED_A_NEW_TERM
2019-10-16 21:55:21,355 [277b5c5e-8c6f-4c9a-a53f-1bbc96404e12@group-569FAC3F8BCE-LeaderElection202] INFO  impl.RoleInfo (RoleInfo.java:shutdownLeaderElection(134)) - 277b5c5e-8c6f-4c9a-a53f-1bbc96404e12: shutdown LeaderElection
2019-10-16 21:55:21,356 [277b5c5e-8c6f-4c9a-a53f-1bbc96404e12@group-569FAC3F8BCE-LeaderElection202] INFO  impl.RoleInfo (RoleInfo.java:updateAndGet(143)) - 277b5c5e-8c6f-4c9a-a53f-1bbc96404e12: start FollowerState
2019-10-16 21:55:21,540 [Thread-1492] INFO  impl.FollowerState (FollowerState.java:run(108)) - 277b5c5e-8c6f-4c9a-a53f-1bbc96404e12@group-569FAC3F8BCE-FollowerState: change to CANDIDATE, lastRpcTime:184ms, electionTimeout:184ms
2019-10-16 21:55:21,540 [Thread-1492] INFO  impl.RoleInfo (RoleInfo.java:shutdownFollowerState(121)) - 277b5c5e-8c6f-4c9a-a53f-1bbc96404e12: shutdown FollowerState
2019-10-16 21:55:21,540 [Thread-1492] INFO  impl.RaftServerImpl (RaftServerImpl.java:setRole(184)) - 277b5c5e-8c6f-4c9a-a53f-1bbc96404e12@group-569FAC3F8BCE: changes role from  FOLLOWER to CANDIDATE at term 198 for changeToCandidate
2019-10-16 21:55:21,541 [Thread-1492] INFO  impl.RoleInfo (RoleInfo.java:updateAndGet(143)) - 277b5c5e-8c6f-4c9a-a53f-1bbc96404e12: start LeaderElection
2019-10-16 21:55:21,555 [277b5c5e-8c6f-4c9a-a53f-1bbc96404e12@group-569FAC3F8BCE-LeaderElection203] INFO  impl.LeaderElection (LeaderElection.java:askForVotes(178)) - 277b5c5e-8c6f-4c9a-a53f-1bbc96404e12@group-569FAC3F8BCE-LeaderElection203: begin an election at term 199 for -1: [a32408a4-f19d-4bad-97c5-ba33ae94fc9a:192.168.157.254:38721, 6b24a2ab-97ee-4d49-85cc-2d76c2f4b8ef:192.168.157.254:41080, 277b5c5e-8c6f-4c9a-a53f-1bbc96404e12:192.168.157.254:41416], old=null
2019-10-16 21:55:21,557 [grpc-default-executor-1] INFO  impl.RaftServerImpl (RaftServerImpl.java:setRole(184)) - 6b24a2ab-97ee-4d49-85cc-2d76c2f4b8ef@group-569FAC3F8BCE: changes role from  FOLLOWER to FOLLOWER at term 199 for recognizeCandidate:277b5c5e-8c6f-4c9a-a53f-1bbc96404e12
2019-10-16 21:55:21,557 [grpc-default-executor-0] INFO  impl.RaftServerImpl (RaftServerImpl.java:setRole(184)) - a32408a4-f19d-4bad-97c5-ba33ae94fc9a@group-569FAC3F8BCE: changes role from  FOLLOWER to FOLLOWER at term 199 for recognizeCandidate:277b5c5e-8c6f-4c9a-a53f-1bbc96404e12
2019-10-16 21:55:21,557 [grpc-default-executor-0] INFO  impl.RoleInfo (RoleInfo.java:shutdownFollowerState(121)) - a32408a4-f19d-4bad-97c5-ba33ae94fc9a: shutdown FollowerState
2019-10-16 21:55:21,557 [grpc-default-executor-1] INFO  impl.RoleInfo (RoleInfo.java:shutdownFollowerState(121)) - 6b24a2ab-97ee-4d49-85cc-2d76c2f4b8ef: shutdown FollowerState
2019-10-16 21:55:21,558 [Thread-1490] INFO  impl.FollowerState (FollowerState.java:run(117)) - a32408a4-f19d-4bad-97c5-ba33ae94fc9a@group-569FAC3F8BCE-FollowerState was interrupted: java.lang.InterruptedException: sleep interrupted
2019-10-16 21:55:21,557 [grpc-default-executor-0] INFO  impl.RoleInfo (RoleInfo.java:updateAndGet(143)) - a32408a4-f19d-4bad-97c5-ba33ae94fc9a: start FollowerState
2019-10-16 21:55:21,558 [Thread-1491] INFO  impl.FollowerState (FollowerState.java:run(117)) - 6b24a2ab-97ee-4d49-85cc-2d76c2f4b8ef@group-569FAC3F8BCE-FollowerState was interrupted: java.lang.InterruptedException: sleep interrupted
2019-10-16 21:55:21,558 [grpc-default-executor-1] INFO  impl.RoleInfo (RoleInfo.java:updateAndGet(143)) - 6b24a2ab-97ee-4d49-85cc-2d76c2f4b8ef: start FollowerState
2019-10-16 21:55:21,571 [Thread-0] INFO  ozone.MiniOzoneClusterImpl (MiniOzoneClusterImpl.java:lambda$waitForClusterToBeReady$2(164)) - Waiting for 1 number of pipelines out of 4, to report a leader.
2019-10-16 21:55:21,572 [277b5c5e-8c6f-4c9a-a53f-1bbc96404e12@group-569FAC3F8BCE-LeaderElection203] INFO  impl.LeaderElection (LeaderElection.java:logAndReturn(56)) - 277b5c5e-8c6f-4c9a-a53f-1bbc96404e12@group-569FAC3F8BCE-LeaderElection203: Election REJECTED; received 2 response(s) [277b5c5e-8c6f-4c9a-a53f-1bbc96404e12<-6b24a2ab-97ee-4d49-85cc-2d76c2f4b8ef#0:FAIL-t199, 277b5c5e-8c6f-4c9a-a53f-1bbc96404e12<-a32408a4-f19d-4bad-97c5-ba33ae94fc9a#0:FAIL-t199] and 0 exception(s); 277b5c5e-8c6f-4c9a-a53f-1bbc96404e12@group-569FAC3F8BCE:t199, leader=null, voted=277b5c5e-8c6f-4c9a-a53f-1bbc96404e12, raftlog=277b5c5e-8c6f-4c9a-a53f-1bbc96404e12@group-569FAC3F8BCE-SegmentedRaftLog:OPENED:c-1,f-1,i0, conf=-1: [a32408a4-f19d-4bad-97c5-ba33ae94fc9a:192.168.157.254:38721, 6b24a2ab-97ee-4d49-85cc-2d76c2f4b8ef:192.168.157.254:41080, 277b5c5e-8c6f-4c9a-a53f-1bbc96404e12:192.168.157.254:41416], old=null
2019-10-16 21:55:21,572 [277b5c5e-8c6f-4c9a-a53f-1bbc96404e12@group-569FAC3F8BCE-LeaderElection203] INFO  impl.RaftServerImpl (RaftServerImpl.java:setRole(184)) - 277b5c5e-8c6f-4c9a-a53f-1bbc96404e12@group-569FAC3F8BCE: changes role from CANDIDATE to FOLLOWER at term 199 for DISCOVERED_A_NEW_TERM
2019-10-16 21:55:21,572 [277b5c5e-8c6f-4c9a-a53f-1bbc96404e12@group-569FAC3F8BCE-LeaderElection203] INFO  impl.RoleInfo (RoleInfo.java:shutdownLeaderElection(134)) - 277b5c5e-8c6f-4c9a-a53f-1bbc96404e12: shutdown LeaderElection
2019-10-16 21:55:21,572 [277b5c5e-8c6f-4c9a-a53f-1bbc96404e12@group-569FAC3F8BCE-LeaderElection203] INFO  impl.RoleInfo (RoleInfo.java:updateAndGet(143)) - 277b5c5e-8c6f-4c9a-a53f-1bbc96404e12: start FollowerState
2019-10-16 21:55:21,624 [Thread-1498] INFO  impl.FollowerState (FollowerState.java:run(108)) - 277b5c5e-8c6f-4c9a-a53f-1bbc96404e12@group-569FAC3F8BCE-FollowerState: change to CANDIDATE, lastRpcTime:51ms, electionTimeout:51ms
2019-10-16 21:55:21,624 [Thread-1498] INFO  impl.RoleInfo (RoleInfo.java:shutdownFollowerState(121)) - 277b5c5e-8c6f-4c9a-a53f-1bbc96404e12: shutdown FollowerState
2019-10-16 21:55:21,624 [Thread-1498] INFO  impl.RaftServerImpl (RaftServerImpl.java:setRole(184)) - 277b5c5e-8c6f-4c9a-a53f-1bbc96404e12@group-569FAC3F8BCE: changes role from  FOLLOWER to CANDIDATE at term 199 for changeToCandidate
2019-10-16 21:55:21,624 [Thread-1498] INFO  impl.RoleInfo (RoleInfo.java:updateAndGet(143)) - 277b5c5e-8c6f-4c9a-a53f-1bbc96404e12: start LeaderElection
2019-10-16 21:55:21,638 [277b5c5e-8c6f-4c9a-a53f-1bbc96404e12@group-569FAC3F8BCE-LeaderElection204] INFO  impl.LeaderElection (LeaderElection.java:askForVotes(178)) - 277b5c5e-8c6f-4c9a-a53f-1bbc96404e12@group-569FAC3F8BCE-LeaderElection204: begin an election at term 200 for -1: [a32408a4-f19d-4bad-97c5-ba33ae94fc9a:192.168.157.254:38721, 6b24a2ab-97ee-4d49-85cc-2d76c2f4b8ef:192.168.157.254:41080, 277b5c5e-8c6f-4c9a-a53f-1bbc96404e12:192.168.157.254:41416], old=null
2019-10-16 21:55:21,640 [grpc-default-executor-1] INFO  impl.RaftServerImpl (RaftServerImpl.java:setRole(184)) - 6b24a2ab-97ee-4d49-85cc-2d76c2f4b8ef@group-569FAC3F8BCE: changes role from  FOLLOWER to FOLLOWER at term 200 for recognizeCandidate:277b5c5e-8c6f-4c9a-a53f-1bbc96404e12
2019-10-16 21:55:21,640 [grpc-default-executor-1] INFO  impl.RoleInfo (RoleInfo.java:shutdownFollowerState(121)) - 6b24a2ab-97ee-4d49-85cc-2d76c2f4b8ef: shutdown FollowerState
2019-10-16 21:55:21,640 [grpc-default-executor-1] INFO  impl.RoleInfo (RoleInfo.java:updateAndGet(143)) - 6b24a2ab-97ee-4d49-85cc-2d76c2f4b8ef: start FollowerState
2019-10-16 21:55:21,640 [grpc-default-executor-0] INFO  impl.RaftServerImpl (RaftServerImpl.java:setRole(184)) - a32408a4-f19d-4bad-97c5-ba33ae94fc9a@group-569FAC3F8BCE: changes role from  FOLLOWER to FOLLOWER at term 200 for recognizeCandidate:277b5c5e-8c6f-4c9a-a53f-1bbc96404e12
2019-10-16 21:55:21,641 [grpc-default-executor-0] INFO  impl.RoleInfo (RoleInfo.java:shutdownFollowerState(121)) - a32408a4-f19d-4bad-97c5-ba33ae94fc9a: shutdown FollowerState
2019-10-16 21:55:21,640 [Thread-1497] INFO  impl.FollowerState (FollowerState.java:run(117)) - 6b24a2ab-97ee-4d49-85cc-2d76c2f4b8ef@group-569FAC3F8BCE-FollowerState was interrupted: java.lang.InterruptedException: sleep interrupted
2019-10-16 21:55:21,641 [Thread-1496] INFO  impl.FollowerState (FollowerState.java:run(117)) - a32408a4-f19d-4bad-97c5-ba33ae94fc9a@group-569FAC3F8BCE-FollowerState was interrupted: java.lang.InterruptedException: sleep interrupted
2019-10-16 21:55:21,641 [grpc-default-executor-0] INFO  impl.RoleInfo (RoleInfo.java:updateAndGet(143)) - a32408a4-f19d-4bad-97c5-ba33ae94fc9a: start FollowerState
2019-10-16 21:55:21,669 [277b5c5e-8c6f-4c9a-a53f-1bbc96404e12@group-569FAC3F8BCE-LeaderElection204] INFO  impl.LeaderElection (LeaderElection.java:logAndReturn(56)) - 277b5c5e-8c6f-4c9a-a53f-1bbc96404e12@group-569FAC3F8BCE-LeaderElection204: Election REJECTED; received 2 response(s) [277b5c5e-8c6f-4c9a-a53f-1bbc96404e12<-6b24a2ab-97ee-4d49-85cc-2d76c2f4b8ef#0:FAIL-t200, 277b5c5e-8c6f-4c9a-a53f-1bbc96404e12<-a32408a4-f19d-4bad-97c5-ba33ae94fc9a#0:FAIL-t200] and 0 exception(s); 277b5c5e-8c6f-4c9a-a53f-1bbc96404e12@group-569FAC3F8BCE:t200, leader=null, voted=277b5c5e-8c6f-4c9a-a53f-1bbc96404e12, raftlog=277b5c5e-8c6f-4c9a-a53f-1bbc96404e12@group-569FAC3F8BCE-SegmentedRaftLog:OPENED:c-1,f-1,i0, conf=-1: [a32408a4-f19d-4bad-97c5-ba33ae94fc9a:192.168.157.254:38721, 6b24a2ab-97ee-4d49-85cc-2d76c2f4b8ef:192.168.157.254:41080, 277b5c5e-8c6f-4c9a-a53f-1bbc96404e12:192.168.157.254:41416], old=null
2019-10-16 21:55:21,669 [277b5c5e-8c6f-4c9a-a53f-1bbc96404e12@group-569FAC3F8BCE-LeaderElection204] INFO  impl.RaftServerImpl (RaftServerImpl.java:setRole(184)) - 277b5c5e-8c6f-4c9a-a53f-1bbc96404e12@group-569FAC3F8BCE: changes role from CANDIDATE to FOLLOWER at term 200 for DISCOVERED_A_NEW_TERM
2019-10-16 21:55:21,669 [277b5c5e-8c6f-4c9a-a53f-1bbc96404e12@group-569FAC3F8BCE-LeaderElection204] INFO  impl.RoleInfo (RoleInfo.java:shutdownLeaderElection(134)) - 277b5c5e-8c6f-4c9a-a53f-1bbc96404e12: shutdown LeaderElection
2019-10-16 21:55:21,669 [277b5c5e-8c6f-4c9a-a53f-1bbc96404e12@group-569FAC3F8BCE-LeaderElection204] INFO  impl.RoleInfo (RoleInfo.java:updateAndGet(143)) - 277b5c5e-8c6f-4c9a-a53f-1bbc96404e12: start FollowerState
2019-10-16 21:55:21,785 [Thread-1504] INFO  impl.FollowerState (FollowerState.java:run(108)) - 277b5c5e-8c6f-4c9a-a53f-1bbc96404e12@group-569FAC3F8BCE-FollowerState: change to CANDIDATE, lastRpcTime:115ms, electionTimeout:115ms
2019-10-16 21:55:21,785 [Thread-1504] INFO  impl.RoleInfo (RoleInfo.java:shutdownFollowerState(121)) - 277b5c5e-8c6f-4c9a-a53f-1bbc96404e12: shutdown FollowerState
2019-10-16 21:55:21,785 [Thread-1504] INFO  impl.RaftServerImpl (RaftServerImpl.java:setRole(184)) - 277b5c5e-8c6f-4c9a-a53f-1bbc96404e12@group-569FAC3F8BCE: changes role from  FOLLOWER to CANDIDATE at term 200 for changeToCandidate
2019-10-16 21:55:21,785 [Thread-1504] INFO  impl.RoleInfo (RoleInfo.java:updateAndGet(143)) - 277b5c5e-8c6f-4c9a-a53f-1bbc96404e12: start LeaderElection
2019-10-16 21:55:21,798 [277b5c5e-8c6f-4c9a-a53f-1bbc96404e12@group-569FAC3F8BCE-LeaderElection205] INFO  impl.LeaderElection (LeaderElection.java:askForVotes(178)) - 277b5c5e-8c6f-4c9a-a53f-1bbc96404e12@group-569FAC3F8BCE-LeaderElection205: begin an election at term 201 for -1: [a32408a4-f19d-4bad-97c5-ba33ae94fc9a:192.168.157.254:38721, 6b24a2ab-97ee-4d49-85cc-2d76c2f4b8ef:192.168.157.254:41080, 277b5c5e-8c6f-4c9a-a53f-1bbc96404e12:192.168.157.254:41416], old=null
2019-10-16 21:55:21,800 [grpc-default-executor-0] INFO  impl.RaftServerImpl (RaftServerImpl.java:setRole(184)) - a32408a4-f19d-4bad-97c5-ba33ae94fc9a@group-569FAC3F8BCE: changes role from  FOLLOWER to FOLLOWER at term 201 for recognizeCandidate:277b5c5e-8c6f-4c9a-a53f-1bbc96404e12
2019-10-16 21:55:21,800 [grpc-default-executor-1] INFO  impl.RaftServerImpl (RaftServerImpl.java:setRole(184)) - 6b24a2ab-97ee-4d49-85cc-2d76c2f4b8ef@group-569FAC3F8BCE: changes role from  FOLLOWER to FOLLOWER at term 201 for recognizeCandidate:277b5c5e-8c6f-4c9a-a53f-1bbc96404e12
2019-10-16 21:55:21,800 [grpc-default-executor-0] INFO  impl.RoleInfo (RoleInfo.java:shutdownFollowerState(121)) - a32408a4-f19d-4bad-97c5-ba33ae94fc9a: shutdown FollowerState
2019-10-16 21:55:21,801 [grpc-default-executor-1] INFO  impl.RoleInfo (RoleInfo.java:shutdownFollowerState(121)) - 6b24a2ab-97ee-4d49-85cc-2d76c2f4b8ef: shutdown FollowerState
2019-10-16 21:55:21,801 [grpc-default-executor-0] INFO  impl.RoleInfo (RoleInfo.java:updateAndGet(143)) - a32408a4-f19d-4bad-97c5-ba33ae94fc9a: start FollowerState
2019-10-16 21:55:21,801 [Thread-1502] INFO  impl.FollowerState (FollowerState.java:run(117)) - 6b24a2ab-97ee-4d49-85cc-2d76c2f4b8ef@group-569FAC3F8BCE-FollowerState was interrupted: java.lang.InterruptedException: sleep interrupted
2019-10-16 21:55:21,801 [Thread-1503] INFO  impl.FollowerState (FollowerState.java:run(117)) - a32408a4-f19d-4bad-97c5-ba33ae94fc9a@group-569FAC3F8BCE-FollowerState was interrupted: java.lang.InterruptedException: sleep interrupted
2019-10-16 21:55:21,801 [grpc-default-executor-1] INFO  impl.RoleInfo (RoleInfo.java:updateAndGet(143)) - 6b24a2ab-97ee-4d49-85cc-2d76c2f4b8ef: start FollowerState
2019-10-16 21:55:21,817 [277b5c5e-8c6f-4c9a-a53f-1bbc96404e12@group-569FAC3F8BCE-LeaderElection205] INFO  impl.LeaderElection (LeaderElection.java:logAndReturn(56)) - 277b5c5e-8c6f-4c9a-a53f-1bbc96404e12@group-569FAC3F8BCE-LeaderElection205: Election REJECTED; received 2 response(s) [277b5c5e-8c6f-4c9a-a53f-1bbc96404e12<-a32408a4-f19d-4bad-97c5-ba33ae94fc9a#0:FAIL-t201, 277b5c5e-8c6f-4c9a-a53f-1bbc96404e12<-6b24a2ab-97ee-4d49-85cc-2d76c2f4b8ef#0:FAIL-t201] and 0 exception(s); 277b5c5e-8c6f-4c9a-a53f-1bbc96404e12@group-569FAC3F8BCE:t201, leader=null, voted=277b5c5e-8c6f-4c9a-a53f-1bbc96404e12, raftlog=277b5c5e-8c6f-4c9a-a53f-1bbc96404e12@group-569FAC3F8BCE-SegmentedRaftLog:OPENED:c-1,f-1,i0, conf=-1: [a32408a4-f19d-4bad-97c5-ba33ae94fc9a:192.168.157.254:38721, 6b24a2ab-97ee-4d49-85cc-2d76c2f4b8ef:192.168.157.254:41080, 277b5c5e-8c6f-4c9a-a53f-1bbc96404e12:192.168.157.254:41416], old=null
2019-10-16 21:55:21,818 [277b5c5e-8c6f-4c9a-a53f-1bbc96404e12@group-569FAC3F8BCE-LeaderElection205] INFO  impl.RaftServerImpl (RaftServerImpl.java:setRole(184)) - 277b5c5e-8c6f-4c9a-a53f-1bbc96404e12@group-569FAC3F8BCE: changes role from CANDIDATE to FOLLOWER at term 201 for DISCOVERED_A_NEW_TERM
2019-10-16 21:55:21,818 [277b5c5e-8c6f-4c9a-a53f-1bbc96404e12@group-569FAC3F8BCE-LeaderElection205] INFO  impl.RoleInfo (RoleInfo.java:shutdownLeaderElection(134)) - 277b5c5e-8c6f-4c9a-a53f-1bbc96404e12: shutdown LeaderElection
2019-10-16 21:55:21,818 [277b5c5e-8c6f-4c9a-a53f-1bbc96404e12@group-569FAC3F8BCE-LeaderElection205] INFO  impl.RoleInfo (RoleInfo.java:updateAndGet(143)) - 277b5c5e-8c6f-4c9a-a53f-1bbc96404e12: start FollowerState
2019-10-16 21:55:21,919 [Thread-1510] INFO  impl.FollowerState (FollowerState.java:run(108)) - 277b5c5e-8c6f-4c9a-a53f-1bbc96404e12@group-569FAC3F8BCE-FollowerState: change to CANDIDATE, lastRpcTime:101ms, electionTimeout:101ms
2019-10-16 21:55:21,919 [Thread-1510] INFO  impl.RoleInfo (RoleInfo.java:shutdownFollowerState(121)) - 277b5c5e-8c6f-4c9a-a53f-1bbc96404e12: shutdown FollowerState
2019-10-16 21:55:21,919 [Thread-1510] INFO  impl.RaftServerImpl (RaftServerImpl.java:setRole(184)) - 277b5c5e-8c6f-4c9a-a53f-1bbc96404e12@group-569FAC3F8BCE: changes role from  FOLLOWER to CANDIDATE at term 201 for changeToCandidate
2019-10-16 21:55:21,920 [Thread-1510] INFO  impl.RoleInfo (RoleInfo.java:updateAndGet(143)) - 277b5c5e-8c6f-4c9a-a53f-1bbc96404e12: start LeaderElection
2019-10-16 21:55:21,934 [277b5c5e-8c6f-4c9a-a53f-1bbc96404e12@group-569FAC3F8BCE-LeaderElection206] INFO  impl.LeaderElection (LeaderElection.java:askForVotes(178)) - 277b5c5e-8c6f-4c9a-a53f-1bbc96404e12@group-569FAC3F8BCE-LeaderElection206: begin an election at term 202 for -1: [a32408a4-f19d-4bad-97c5-ba33ae94fc9a:192.168.157.254:38721, 6b24a2ab-97ee-4d49-85cc-2d76c2f4b8ef:192.168.157.254:41080, 277b5c5e-8c6f-4c9a-a53f-1bbc96404e12:192.168.157.254:41416], old=null
2019-10-16 21:55:21,937 [grpc-default-executor-0] INFO  impl.RaftServerImpl (RaftServerImpl.java:setRole(184)) - a32408a4-f19d-4bad-97c5-ba33ae94fc9a@group-569FAC3F8BCE: changes role from  FOLLOWER to FOLLOWER at term 202 for recognizeCandidate:277b5c5e-8c6f-4c9a-a53f-1bbc96404e12
2019-10-16 21:55:21,937 [grpc-default-executor-0] INFO  impl.RoleInfo (RoleInfo.java:shutdownFollowerState(121)) - a32408a4-f19d-4bad-97c5-ba33ae94fc9a: shutdown FollowerState
2019-10-16 21:55:21,937 [grpc-default-executor-1] INFO  impl.RaftServerImpl (RaftServerImpl.java:setRole(184)) - 6b24a2ab-97ee-4d49-85cc-2d76c2f4b8ef@group-569FAC3F8BCE: changes role from  FOLLOWER to FOLLOWER at term 202 for recognizeCandidate:277b5c5e-8c6f-4c9a-a53f-1bbc96404e12
2019-10-16 21:55:21,937 [Thread-1508] INFO  impl.FollowerState (FollowerState.java:run(117)) - a32408a4-f19d-4bad-97c5-ba33ae94fc9a@group-569FAC3F8BCE-FollowerState was interrupted: java.lang.InterruptedException: sleep interrupted
2019-10-16 21:55:21,937 [grpc-default-executor-0] INFO  impl.RoleInfo (RoleInfo.java:updateAndGet(143)) - a32408a4-f19d-4bad-97c5-ba33ae94fc9a: start FollowerState
2019-10-16 21:55:21,937 [grpc-default-executor-1] INFO  impl.RoleInfo (RoleInfo.java:shutdownFollowerState(121)) - 6b24a2ab-97ee-4d49-85cc-2d76c2f4b8ef: shutdown FollowerState
2019-10-16 21:55:21,938 [grpc-default-executor-1] INFO  impl.RoleInfo (RoleInfo.java:updateAndGet(143)) - 6b24a2ab-97ee-4d49-85cc-2d76c2f4b8ef: start FollowerState
2019-10-16 21:55:21,938 [Thread-1509] INFO  impl.FollowerState (FollowerState.java:run(117)) - 6b24a2ab-97ee-4d49-85cc-2d76c2f4b8ef@group-569FAC3F8BCE-FollowerState was interrupted: java.lang.InterruptedException: sleep interrupted
2019-10-16 21:55:21,954 [277b5c5e-8c6f-4c9a-a53f-1bbc96404e12@group-569FAC3F8BCE-LeaderElection206] INFO  impl.LeaderElection (LeaderElection.java:logAndReturn(56)) - 277b5c5e-8c6f-4c9a-a53f-1bbc96404e12@group-569FAC3F8BCE-LeaderElection206: Election REJECTED; received 2 response(s) [277b5c5e-8c6f-4c9a-a53f-1bbc96404e12<-6b24a2ab-97ee-4d49-85cc-2d76c2f4b8ef#0:FAIL-t202, 277b5c5e-8c6f-4c9a-a53f-1bbc96404e12<-a32408a4-f19d-4bad-97c5-ba33ae94fc9a#0:FAIL-t202] and 0 exception(s); 277b5c5e-8c6f-4c9a-a53f-1bbc96404e12@group-569FAC3F8BCE:t202, leader=null, voted=277b5c5e-8c6f-4c9a-a53f-1bbc96404e12, raftlog=277b5c5e-8c6f-4c9a-a53f-1bbc96404e12@group-569FAC3F8BCE-SegmentedRaftLog:OPENED:c-1,f-1,i0, conf=-1: [a32408a4-f19d-4bad-97c5-ba33ae94fc9a:192.168.157.254:38721, 6b24a2ab-97ee-4d49-85cc-2d76c2f4b8ef:192.168.157.254:41080, 277b5c5e-8c6f-4c9a-a53f-1bbc96404e12:192.168.157.254:41416], old=null
2019-10-16 21:55:21,954 [277b5c5e-8c6f-4c9a-a53f-1bbc96404e12@group-569FAC3F8BCE-LeaderElection206] INFO  impl.RaftServerImpl (RaftServerImpl.java:setRole(184)) - 277b5c5e-8c6f-4c9a-a53f-1bbc96404e12@group-569FAC3F8BCE: changes role from CANDIDATE to FOLLOWER at term 202 for DISCOVERED_A_NEW_TERM
2019-10-16 21:55:21,954 [277b5c5e-8c6f-4c9a-a53f-1bbc96404e12@group-569FAC3F8BCE-LeaderElection206] INFO  impl.RoleInfo (RoleInfo.java:shutdownLeaderElection(134)) - 277b5c5e-8c6f-4c9a-a53f-1bbc96404e12: shutdown LeaderElection
2019-10-16 21:55:21,954 [277b5c5e-8c6f-4c9a-a53f-1bbc96404e12@group-569FAC3F8BCE-LeaderElection206] INFO  impl.RoleInfo (RoleInfo.java:updateAndGet(143)) - 277b5c5e-8c6f-4c9a-a53f-1bbc96404e12: start FollowerState
2019-10-16 21:55:22,113 [Thread-1516] INFO  impl.FollowerState (FollowerState.java:run(108)) - 277b5c5e-8c6f-4c9a-a53f-1bbc96404e12@group-569FAC3F8BCE-FollowerState: change to CANDIDATE, lastRpcTime:158ms, electionTimeout:158ms
2019-10-16 21:55:22,113 [Thread-1516] INFO  impl.RoleInfo (RoleInfo.java:shutdownFollowerState(121)) - 277b5c5e-8c6f-4c9a-a53f-1bbc96404e12: shutdown FollowerState
2019-10-16 21:55:22,113 [Thread-1516] INFO  impl.RaftServerImpl (RaftServerImpl.java:setRole(184)) - 277b5c5e-8c6f-4c9a-a53f-1bbc96404e12@group-569FAC3F8BCE: changes role from  FOLLOWER to CANDIDATE at term 202 for changeToCandidate
2019-10-16 21:55:22,113 [Thread-1516] INFO  impl.RoleInfo (RoleInfo.java:updateAndGet(143)) - 277b5c5e-8c6f-4c9a-a53f-1bbc96404e12: start LeaderElection
2019-10-16 21:55:22,126 [277b5c5e-8c6f-4c9a-a53f-1bbc96404e12@group-569FAC3F8BCE-LeaderElection207] INFO  impl.LeaderElection (LeaderElection.java:askForVotes(178)) - 277b5c5e-8c6f-4c9a-a53f-1bbc96404e12@group-569FAC3F8BCE-LeaderElection207: begin an election at term 203 for -1: [a32408a4-f19d-4bad-97c5-ba33ae94fc9a:192.168.157.254:38721, 6b24a2ab-97ee-4d49-85cc-2d76c2f4b8ef:192.168.157.254:41080, 277b5c5e-8c6f-4c9a-a53f-1bbc96404e12:192.168.157.254:41416], old=null
2019-10-16 21:55:22,128 [grpc-default-executor-0] INFO  impl.RaftServerImpl (RaftServerImpl.java:setRole(184)) - a32408a4-f19d-4bad-97c5-ba33ae94fc9a@group-569FAC3F8BCE: changes role from  FOLLOWER to FOLLOWER at term 203 for recognizeCandidate:277b5c5e-8c6f-4c9a-a53f-1bbc96404e12
2019-10-16 21:55:22,128 [grpc-default-executor-0] INFO  impl.RoleInfo (RoleInfo.java:shutdownFollowerState(121)) - a32408a4-f19d-4bad-97c5-ba33ae94fc9a: shutdown FollowerState
2019-10-16 21:55:22,128 [grpc-default-executor-0] INFO  impl.RoleInfo (RoleInfo.java:updateAndGet(143)) - a32408a4-f19d-4bad-97c5-ba33ae94fc9a: start FollowerState
2019-10-16 21:55:22,128 [grpc-default-executor-1] INFO  impl.RaftServerImpl (RaftServerImpl.java:setRole(184)) - 6b24a2ab-97ee-4d49-85cc-2d76c2f4b8ef@group-569FAC3F8BCE: changes role from  FOLLOWER to FOLLOWER at term 203 for recognizeCandidate:277b5c5e-8c6f-4c9a-a53f-1bbc96404e12
2019-10-16 21:55:22,128 [Thread-1514] INFO  impl.FollowerState (FollowerState.java:run(117)) - a32408a4-f19d-4bad-97c5-ba33ae94fc9a@group-569FAC3F8BCE-FollowerState was interrupted: java.lang.InterruptedException: sleep interrupted
2019-10-16 21:55:22,128 [grpc-default-executor-1] INFO  impl.RoleInfo (RoleInfo.java:shutdownFollowerState(121)) - 6b24a2ab-97ee-4d49-85cc-2d76c2f4b8ef: shutdown FollowerState
2019-10-16 21:55:22,129 [grpc-default-executor-1] INFO  impl.RoleInfo (RoleInfo.java:updateAndGet(143)) - 6b24a2ab-97ee-4d49-85cc-2d76c2f4b8ef: start FollowerState
2019-10-16 21:55:22,129 [Thread-1515] INFO  impl.FollowerState (FollowerState.java:run(117)) - 6b24a2ab-97ee-4d49-85cc-2d76c2f4b8ef@group-569FAC3F8BCE-FollowerState was interrupted: java.lang.InterruptedException: sleep interrupted
2019-10-16 21:55:22,133 [277b5c5e-8c6f-4c9a-a53f-1bbc96404e12@group-569FAC3F8BCE-LeaderElection207] INFO  impl.LeaderElection (LeaderElection.java:logAndReturn(56)) - 277b5c5e-8c6f-4c9a-a53f-1bbc96404e12@group-569FAC3F8BCE-LeaderElection207: Election REJECTED; received 2 response(s) [277b5c5e-8c6f-4c9a-a53f-1bbc96404e12<-a32408a4-f19d-4bad-97c5-ba33ae94fc9a#0:FAIL-t203, 277b5c5e-8c6f-4c9a-a53f-1bbc96404e12<-6b24a2ab-97ee-4d49-85cc-2d76c2f4b8ef#0:FAIL-t203] and 0 exception(s); 277b5c5e-8c6f-4c9a-a53f-1bbc96404e12@group-569FAC3F8BCE:t203, leader=null, voted=277b5c5e-8c6f-4c9a-a53f-1bbc96404e12, raftlog=277b5c5e-8c6f-4c9a-a53f-1bbc96404e12@group-569FAC3F8BCE-SegmentedRaftLog:OPENED:c-1,f-1,i0, conf=-1: [a32408a4-f19d-4bad-97c5-ba33ae94fc9a:192.168.157.254:38721, 6b24a2ab-97ee-4d49-85cc-2d76c2f4b8ef:192.168.157.254:41080, 277b5c5e-8c6f-4c9a-a53f-1bbc96404e12:192.168.157.254:41416], old=null
2019-10-16 21:55:22,133 [277b5c5e-8c6f-4c9a-a53f-1bbc96404e12@group-569FAC3F8BCE-LeaderElection207] INFO  impl.RaftServerImpl (RaftServerImpl.java:setRole(184)) - 277b5c5e-8c6f-4c9a-a53f-1bbc96404e12@group-569FAC3F8BCE: changes role from CANDIDATE to FOLLOWER at term 203 for DISCOVERED_A_NEW_TERM
2019-10-16 21:55:22,133 [277b5c5e-8c6f-4c9a-a53f-1bbc96404e12@group-569FAC3F8BCE-LeaderElection207] INFO  impl.RoleInfo (RoleInfo.java:shutdownLeaderElection(134)) - 277b5c5e-8c6f-4c9a-a53f-1bbc96404e12: shutdown LeaderElection
2019-10-16 21:55:22,133 [277b5c5e-8c6f-4c9a-a53f-1bbc96404e12@group-569FAC3F8BCE-LeaderElection207] INFO  impl.RoleInfo (RoleInfo.java:updateAndGet(143)) - 277b5c5e-8c6f-4c9a-a53f-1bbc96404e12: start FollowerState
2019-10-16 21:55:22,141 [Thread-1522] INFO  impl.FollowerState (FollowerState.java:run(108)) - 277b5c5e-8c6f-4c9a-a53f-1bbc96404e12@group-569FAC3F8BCE-FollowerState: change to CANDIDATE, lastRpcTime:8ms, electionTimeout:8ms
2019-10-16 21:55:22,141 [Thread-1522] INFO  impl.RoleInfo (RoleInfo.java:shutdownFollowerState(121)) - 277b5c5e-8c6f-4c9a-a53f-1bbc96404e12: shutdown FollowerState
2019-10-16 21:55:22,142 [Thread-1522] INFO  impl.RaftServerImpl (RaftServerImpl.java:setRole(184)) - 277b5c5e-8c6f-4c9a-a53f-1bbc96404e12@group-569FAC3F8BCE: changes role from  FOLLOWER to CANDIDATE at term 203 for changeToCandidate
2019-10-16 21:55:22,142 [Thread-1522] INFO  impl.RoleInfo (RoleInfo.java:updateAndGet(143)) - 277b5c5e-8c6f-4c9a-a53f-1bbc96404e12: start LeaderElection
2019-10-16 21:55:22,148 [277b5c5e-8c6f-4c9a-a53f-1bbc96404e12@group-569FAC3F8BCE-LeaderElection208] INFO  impl.LeaderElection (LeaderElection.java:askForVotes(178)) - 277b5c5e-8c6f-4c9a-a53f-1bbc96404e12@group-569FAC3F8BCE-LeaderElection208: begin an election at term 204 for -1: [a32408a4-f19d-4bad-97c5-ba33ae94fc9a:192.168.157.254:38721, 6b24a2ab-97ee-4d49-85cc-2d76c2f4b8ef:192.168.157.254:41080, 277b5c5e-8c6f-4c9a-a53f-1bbc96404e12:192.168.157.254:41416], old=null
2019-10-16 21:55:22,150 [grpc-default-executor-0] INFO  impl.RaftServerImpl (RaftServerImpl.java:setRole(184)) - 6b24a2ab-97ee-4d49-85cc-2d76c2f4b8ef@group-569FAC3F8BCE: changes role from  FOLLOWER to FOLLOWER at term 204 for recognizeCandidate:277b5c5e-8c6f-4c9a-a53f-1bbc96404e12
2019-10-16 21:55:22,150 [grpc-default-executor-1] INFO  impl.RaftServerImpl (RaftServerImpl.java:setRole(184)) - a32408a4-f19d-4bad-97c5-ba33ae94fc9a@group-569FAC3F8BCE: changes role from  FOLLOWER to FOLLOWER at term 204 for recognizeCandidate:277b5c5e-8c6f-4c9a-a53f-1bbc96404e12
2019-10-16 21:55:22,150 [grpc-default-executor-0] INFO  impl.RoleInfo (RoleInfo.java:shutdownFollowerState(121)) - 6b24a2ab-97ee-4d49-85cc-2d76c2f4b8ef: shutdown FollowerState
2019-10-16 21:55:22,150 [grpc-default-executor-1] INFO  impl.RoleInfo (RoleInfo.java:shutdownFollowerState(121)) - a32408a4-f19d-4bad-97c5-ba33ae94fc9a: shutdown FollowerState
2019-10-16 21:55:22,150 [Thread-1521] INFO  impl.FollowerState (FollowerState.java:run(117)) - 6b24a2ab-97ee-4d49-85cc-2d76c2f4b8ef@group-569FAC3F8BCE-FollowerState was interrupted: java.lang.InterruptedException: sleep interrupted
2019-10-16 21:55:22,150 [grpc-default-executor-0] INFO  impl.RoleInfo (RoleInfo.java:updateAndGet(143)) - 6b24a2ab-97ee-4d49-85cc-2d76c2f4b8ef: start FollowerState
2019-10-16 21:55:22,150 [Thread-1520] INFO  impl.FollowerState (FollowerState.java:run(117)) - a32408a4-f19d-4bad-97c5-ba33ae94fc9a@group-569FAC3F8BCE-FollowerState was interrupted: java.lang.InterruptedException: sleep interrupted
2019-10-16 21:55:22,150 [grpc-default-executor-1] INFO  impl.RoleInfo (RoleInfo.java:updateAndGet(143)) - a32408a4-f19d-4bad-97c5-ba33ae94fc9a: start FollowerState
2019-10-16 21:55:22,162 [277b5c5e-8c6f-4c9a-a53f-1bbc96404e12@group-569FAC3F8BCE-LeaderElection208] INFO  impl.LeaderElection (LeaderElection.java:logAndReturn(56)) - 277b5c5e-8c6f-4c9a-a53f-1bbc96404e12@group-569FAC3F8BCE-LeaderElection208: Election REJECTED; received 2 response(s) [277b5c5e-8c6f-4c9a-a53f-1bbc96404e12<-a32408a4-f19d-4bad-97c5-ba33ae94fc9a#0:FAIL-t204, 277b5c5e-8c6f-4c9a-a53f-1bbc96404e12<-6b24a2ab-97ee-4d49-85cc-2d76c2f4b8ef#0:FAIL-t204] and 0 exception(s); 277b5c5e-8c6f-4c9a-a53f-1bbc96404e12@group-569FAC3F8BCE:t204, leader=null, voted=277b5c5e-8c6f-4c9a-a53f-1bbc96404e12, raftlog=277b5c5e-8c6f-4c9a-a53f-1bbc96404e12@group-569FAC3F8BCE-SegmentedRaftLog:OPENED:c-1,f-1,i0, conf=-1: [a32408a4-f19d-4bad-97c5-ba33ae94fc9a:192.168.157.254:38721, 6b24a2ab-97ee-4d49-85cc-2d76c2f4b8ef:192.168.157.254:41080, 277b5c5e-8c6f-4c9a-a53f-1bbc96404e12:192.168.157.254:41416], old=null
2019-10-16 21:55:22,162 [277b5c5e-8c6f-4c9a-a53f-1bbc96404e12@group-569FAC3F8BCE-LeaderElection208] INFO  impl.RaftServerImpl (RaftServerImpl.java:setRole(184)) - 277b5c5e-8c6f-4c9a-a53f-1bbc96404e12@group-569FAC3F8BCE: changes role from CANDIDATE to FOLLOWER at term 204 for DISCOVERED_A_NEW_TERM
2019-10-16 21:55:22,162 [277b5c5e-8c6f-4c9a-a53f-1bbc96404e12@group-569FAC3F8BCE-LeaderElection208] INFO  impl.RoleInfo (RoleInfo.java:shutdownLeaderElection(134)) - 277b5c5e-8c6f-4c9a-a53f-1bbc96404e12: shutdown LeaderElection
2019-10-16 21:55:22,162 [277b5c5e-8c6f-4c9a-a53f-1bbc96404e12@group-569FAC3F8BCE-LeaderElection208] INFO  impl.RoleInfo (RoleInfo.java:updateAndGet(143)) - 277b5c5e-8c6f-4c9a-a53f-1bbc96404e12: start FollowerState
2019-10-16 21:55:22,272 [Thread-1528] INFO  impl.FollowerState (FollowerState.java:run(108)) - 277b5c5e-8c6f-4c9a-a53f-1bbc96404e12@group-569FAC3F8BCE-FollowerState: change to CANDIDATE, lastRpcTime:109ms, electionTimeout:109ms
2019-10-16 21:55:22,272 [Thread-1528] INFO  impl.RoleInfo (RoleInfo.java:shutdownFollowerState(121)) - 277b5c5e-8c6f-4c9a-a53f-1bbc96404e12: shutdown FollowerState
2019-10-16 21:55:22,272 [Thread-1528] INFO  impl.RaftServerImpl (RaftServerImpl.java:setRole(184)) - 277b5c5e-8c6f-4c9a-a53f-1bbc96404e12@group-569FAC3F8BCE: changes role from  FOLLOWER to CANDIDATE at term 204 for changeToCandidate
2019-10-16 21:55:22,272 [Thread-1528] INFO  impl.RoleInfo (RoleInfo.java:updateAndGet(143)) - 277b5c5e-8c6f-4c9a-a53f-1bbc96404e12: start LeaderElection
2019-10-16 21:55:22,286 [277b5c5e-8c6f-4c9a-a53f-1bbc96404e12@group-569FAC3F8BCE-LeaderElection209] INFO  impl.LeaderElection (LeaderElection.java:askForVotes(178)) - 277b5c5e-8c6f-4c9a-a53f-1bbc96404e12@group-569FAC3F8BCE-LeaderElection209: begin an election at term 205 for -1: [a32408a4-f19d-4bad-97c5-ba33ae94fc9a:192.168.157.254:38721, 6b24a2ab-97ee-4d49-85cc-2d76c2f4b8ef:192.168.157.254:41080, 277b5c5e-8c6f-4c9a-a53f-1bbc96404e12:192.168.157.254:41416], old=null
2019-10-16 21:55:22,288 [grpc-default-executor-0] INFO  impl.RaftServerImpl (RaftServerImpl.java:setRole(184)) - a32408a4-f19d-4bad-97c5-ba33ae94fc9a@group-569FAC3F8BCE: changes role from  FOLLOWER to FOLLOWER at term 205 for recognizeCandidate:277b5c5e-8c6f-4c9a-a53f-1bbc96404e12
2019-10-16 21:55:22,288 [grpc-default-executor-0] INFO  impl.RoleInfo (RoleInfo.java:shutdownFollowerState(121)) - a32408a4-f19d-4bad-97c5-ba33ae94fc9a: shutdown FollowerState
2019-10-16 21:55:22,288 [grpc-default-executor-1] INFO  impl.RaftServerImpl (RaftServerImpl.java:setRole(184)) - 6b24a2ab-97ee-4d49-85cc-2d76c2f4b8ef@group-569FAC3F8BCE: changes role from  FOLLOWER to FOLLOWER at term 205 for recognizeCandidate:277b5c5e-8c6f-4c9a-a53f-1bbc96404e12
2019-10-16 21:55:22,288 [grpc-default-executor-1] INFO  impl.RoleInfo (RoleInfo.java:shutdownFollowerState(121)) - 6b24a2ab-97ee-4d49-85cc-2d76c2f4b8ef: shutdown FollowerState
2019-10-16 21:55:22,288 [Thread-1527] INFO  impl.FollowerState (FollowerState.java:run(117)) - a32408a4-f19d-4bad-97c5-ba33ae94fc9a@group-569FAC3F8BCE-FollowerState was interrupted: java.lang.InterruptedException: sleep interrupted
2019-10-16 21:55:22,288 [grpc-default-executor-0] INFO  impl.RoleInfo (RoleInfo.java:updateAndGet(143)) - a32408a4-f19d-4bad-97c5-ba33ae94fc9a: start FollowerState
2019-10-16 21:55:22,288 [Thread-1526] INFO  impl.FollowerState (FollowerState.java:run(117)) - 6b24a2ab-97ee-4d49-85cc-2d76c2f4b8ef@group-569FAC3F8BCE-FollowerState was interrupted: java.lang.InterruptedException: sleep interrupted
2019-10-16 21:55:22,288 [grpc-default-executor-1] INFO  impl.RoleInfo (RoleInfo.java:updateAndGet(143)) - 6b24a2ab-97ee-4d49-85cc-2d76c2f4b8ef: start FollowerState
2019-10-16 21:55:22,296 [277b5c5e-8c6f-4c9a-a53f-1bbc96404e12@group-569FAC3F8BCE-LeaderElection209] INFO  impl.LeaderElection (LeaderElection.java:logAndReturn(56)) - 277b5c5e-8c6f-4c9a-a53f-1bbc96404e12@group-569FAC3F8BCE-LeaderElection209: Election TIMEOUT; received 0 response(s) [] and 0 exception(s); 277b5c5e-8c6f-4c9a-a53f-1bbc96404e12@group-569FAC3F8BCE:t205, leader=null, voted=277b5c5e-8c6f-4c9a-a53f-1bbc96404e12, raftlog=277b5c5e-8c6f-4c9a-a53f-1bbc96404e12@group-569FAC3F8BCE-SegmentedRaftLog:OPENED:c-1,f-1,i0, conf=-1: [a32408a4-f19d-4bad-97c5-ba33ae94fc9a:192.168.157.254:38721, 6b24a2ab-97ee-4d49-85cc-2d76c2f4b8ef:192.168.157.254:41080, 277b5c5e-8c6f-4c9a-a53f-1bbc96404e12:192.168.157.254:41416], old=null
2019-10-16 21:55:22,313 [277b5c5e-8c6f-4c9a-a53f-1bbc96404e12@group-569FAC3F8BCE-LeaderElection209] INFO  impl.LeaderElection (LeaderElection.java:askForVotes(178)) - 277b5c5e-8c6f-4c9a-a53f-1bbc96404e12@group-569FAC3F8BCE-LeaderElection209: begin an election at term 206 for -1: [a32408a4-f19d-4bad-97c5-ba33ae94fc9a:192.168.157.254:38721, 6b24a2ab-97ee-4d49-85cc-2d76c2f4b8ef:192.168.157.254:41080, 277b5c5e-8c6f-4c9a-a53f-1bbc96404e12:192.168.157.254:41416], old=null
2019-10-16 21:55:22,315 [grpc-default-executor-0] INFO  impl.RaftServerImpl (RaftServerImpl.java:setRole(184)) - 6b24a2ab-97ee-4d49-85cc-2d76c2f4b8ef@group-569FAC3F8BCE: changes role from  FOLLOWER to FOLLOWER at term 206 for recognizeCandidate:277b5c5e-8c6f-4c9a-a53f-1bbc96404e12
2019-10-16 21:55:22,316 [grpc-default-executor-0] INFO  impl.RoleInfo (RoleInfo.java:shutdownFollowerState(121)) - 6b24a2ab-97ee-4d49-85cc-2d76c2f4b8ef: shutdown FollowerState
2019-10-16 21:55:22,316 [grpc-default-executor-0] INFO  impl.RoleInfo (RoleInfo.java:updateAndGet(143)) - 6b24a2ab-97ee-4d49-85cc-2d76c2f4b8ef: start FollowerState
2019-10-16 21:55:22,316 [Thread-1533] INFO  impl.FollowerState (FollowerState.java:run(117)) - 6b24a2ab-97ee-4d49-85cc-2d76c2f4b8ef@group-569FAC3F8BCE-FollowerState was interrupted: java.lang.InterruptedException: sleep interrupted
2019-10-16 21:55:22,316 [grpc-default-executor-1] INFO  impl.RaftServerImpl (RaftServerImpl.java:setRole(184)) - a32408a4-f19d-4bad-97c5-ba33ae94fc9a@group-569FAC3F8BCE: changes role from  FOLLOWER to FOLLOWER at term 206 for recognizeCandidate:277b5c5e-8c6f-4c9a-a53f-1bbc96404e12
2019-10-16 21:55:22,316 [grpc-default-executor-1] INFO  impl.RoleInfo (RoleInfo.java:shutdownFollowerState(121)) - a32408a4-f19d-4bad-97c5-ba33ae94fc9a: shutdown FollowerState
2019-10-16 21:55:22,316 [grpc-default-executor-1] INFO  impl.RoleInfo (RoleInfo.java:updateAndGet(143)) - a32408a4-f19d-4bad-97c5-ba33ae94fc9a: start FollowerState
2019-10-16 21:55:22,316 [Thread-1532] INFO  impl.FollowerState (FollowerState.java:run(117)) - a32408a4-f19d-4bad-97c5-ba33ae94fc9a@group-569FAC3F8BCE-FollowerState was interrupted: java.lang.InterruptedException: sleep interrupted
2019-10-16 21:55:22,332 [277b5c5e-8c6f-4c9a-a53f-1bbc96404e12@group-569FAC3F8BCE-LeaderElection209] INFO  impl.LeaderElection (LeaderElection.java:logAndReturn(56)) - 277b5c5e-8c6f-4c9a-a53f-1bbc96404e12@group-569FAC3F8BCE-LeaderElection209: Election REJECTED; received 2 response(s) [277b5c5e-8c6f-4c9a-a53f-1bbc96404e12<-6b24a2ab-97ee-4d49-85cc-2d76c2f4b8ef#0:FAIL-t206, 277b5c5e-8c6f-4c9a-a53f-1bbc96404e12<-a32408a4-f19d-4bad-97c5-ba33ae94fc9a#0:FAIL-t206] and 0 exception(s); 277b5c5e-8c6f-4c9a-a53f-1bbc96404e12@group-569FAC3F8BCE:t206, leader=null, voted=277b5c5e-8c6f-4c9a-a53f-1bbc96404e12, raftlog=277b5c5e-8c6f-4c9a-a53f-1bbc96404e12@group-569FAC3F8BCE-SegmentedRaftLog:OPENED:c-1,f-1,i0, conf=-1: [a32408a4-f19d-4bad-97c5-ba33ae94fc9a:192.168.157.254:38721, 6b24a2ab-97ee-4d49-85cc-2d76c2f4b8ef:192.168.157.254:41080, 277b5c5e-8c6f-4c9a-a53f-1bbc96404e12:192.168.157.254:41416], old=null
2019-10-16 21:55:22,332 [277b5c5e-8c6f-4c9a-a53f-1bbc96404e12@group-569FAC3F8BCE-LeaderElection209] INFO  impl.RaftServerImpl (RaftServerImpl.java:setRole(184)) - 277b5c5e-8c6f-4c9a-a53f-1bbc96404e12@group-569FAC3F8BCE: changes role from CANDIDATE to FOLLOWER at term 206 for DISCOVERED_A_NEW_TERM
2019-10-16 21:55:22,332 [277b5c5e-8c6f-4c9a-a53f-1bbc96404e12@group-569FAC3F8BCE-LeaderElection209] INFO  impl.RoleInfo (RoleInfo.java:shutdownLeaderElection(134)) - 277b5c5e-8c6f-4c9a-a53f-1bbc96404e12: shutdown LeaderElection
2019-10-16 21:55:22,332 [277b5c5e-8c6f-4c9a-a53f-1bbc96404e12@group-569FAC3F8BCE-LeaderElection209] INFO  impl.RoleInfo (RoleInfo.java:updateAndGet(143)) - 277b5c5e-8c6f-4c9a-a53f-1bbc96404e12: start FollowerState
2019-10-16 21:55:22,448 [Thread-1538] INFO  impl.FollowerState (FollowerState.java:run(108)) - 277b5c5e-8c6f-4c9a-a53f-1bbc96404e12@group-569FAC3F8BCE-FollowerState: change to CANDIDATE, lastRpcTime:115ms, electionTimeout:115ms
2019-10-16 21:55:22,448 [Thread-1538] INFO  impl.RoleInfo (RoleInfo.java:shutdownFollowerState(121)) - 277b5c5e-8c6f-4c9a-a53f-1bbc96404e12: shutdown FollowerState
2019-10-16 21:55:22,448 [Thread-1538] INFO  impl.RaftServerImpl (RaftServerImpl.java:setRole(184)) - 277b5c5e-8c6f-4c9a-a53f-1bbc96404e12@group-569FAC3F8BCE: changes role from  FOLLOWER to CANDIDATE at term 206 for changeToCandidate
2019-10-16 21:55:22,449 [Thread-1538] INFO  impl.RoleInfo (RoleInfo.java:updateAndGet(143)) - 277b5c5e-8c6f-4c9a-a53f-1bbc96404e12: start LeaderElection
2019-10-16 21:55:22,462 [277b5c5e-8c6f-4c9a-a53f-1bbc96404e12@group-569FAC3F8BCE-LeaderElection210] INFO  impl.LeaderElection (LeaderElection.java:askForVotes(178)) - 277b5c5e-8c6f-4c9a-a53f-1bbc96404e12@group-569FAC3F8BCE-LeaderElection210: begin an election at term 207 for -1: [a32408a4-f19d-4bad-97c5-ba33ae94fc9a:192.168.157.254:38721, 6b24a2ab-97ee-4d49-85cc-2d76c2f4b8ef:192.168.157.254:41080, 277b5c5e-8c6f-4c9a-a53f-1bbc96404e12:192.168.157.254:41416], old=null
2019-10-16 21:55:22,465 [grpc-default-executor-0] INFO  impl.RaftServerImpl (RaftServerImpl.java:setRole(184)) - a32408a4-f19d-4bad-97c5-ba33ae94fc9a@group-569FAC3F8BCE: changes role from  FOLLOWER to FOLLOWER at term 207 for recognizeCandidate:277b5c5e-8c6f-4c9a-a53f-1bbc96404e12
2019-10-16 21:55:22,465 [grpc-default-executor-1] INFO  impl.RaftServerImpl (RaftServerImpl.java:setRole(184)) - 6b24a2ab-97ee-4d49-85cc-2d76c2f4b8ef@group-569FAC3F8BCE: changes role from  FOLLOWER to FOLLOWER at term 207 for recognizeCandidate:277b5c5e-8c6f-4c9a-a53f-1bbc96404e12
2019-10-16 21:55:22,465 [grpc-default-executor-0] INFO  impl.RoleInfo (RoleInfo.java:shutdownFollowerState(121)) - a32408a4-f19d-4bad-97c5-ba33ae94fc9a: shutdown FollowerState
2019-10-16 21:55:22,465 [grpc-default-executor-1] INFO  impl.RoleInfo (RoleInfo.java:shutdownFollowerState(121)) - 6b24a2ab-97ee-4d49-85cc-2d76c2f4b8ef: shutdown FollowerState
2019-10-16 21:55:22,466 [Thread-1537] INFO  impl.FollowerState (FollowerState.java:run(117)) - a32408a4-f19d-4bad-97c5-ba33ae94fc9a@group-569FAC3F8BCE-FollowerState was interrupted: java.lang.InterruptedException: sleep interrupted
2019-10-16 21:55:22,466 [grpc-default-executor-0] INFO  impl.RoleInfo (RoleInfo.java:updateAndGet(143)) - a32408a4-f19d-4bad-97c5-ba33ae94fc9a: start FollowerState
2019-10-16 21:55:22,466 [grpc-default-executor-1] INFO  impl.RoleInfo (RoleInfo.java:updateAndGet(143)) - 6b24a2ab-97ee-4d49-85cc-2d76c2f4b8ef: start FollowerState
2019-10-16 21:55:22,466 [Thread-1536] INFO  impl.FollowerState (FollowerState.java:run(117)) - 6b24a2ab-97ee-4d49-85cc-2d76c2f4b8ef@group-569FAC3F8BCE-FollowerState was interrupted: java.lang.InterruptedException: sleep interrupted
2019-10-16 21:55:22,480 [277b5c5e-8c6f-4c9a-a53f-1bbc96404e12@group-569FAC3F8BCE-LeaderElection210] INFO  impl.LeaderElection (LeaderElection.java:logAndReturn(56)) - 277b5c5e-8c6f-4c9a-a53f-1bbc96404e12@group-569FAC3F8BCE-LeaderElection210: Election REJECTED; received 2 response(s) [277b5c5e-8c6f-4c9a-a53f-1bbc96404e12<-a32408a4-f19d-4bad-97c5-ba33ae94fc9a#0:FAIL-t207, 277b5c5e-8c6f-4c9a-a53f-1bbc96404e12<-6b24a2ab-97ee-4d49-85cc-2d76c2f4b8ef#0:FAIL-t207] and 0 exception(s); 277b5c5e-8c6f-4c9a-a53f-1bbc96404e12@group-569FAC3F8BCE:t207, leader=null, voted=277b5c5e-8c6f-4c9a-a53f-1bbc96404e12, raftlog=277b5c5e-8c6f-4c9a-a53f-1bbc96404e12@group-569FAC3F8BCE-SegmentedRaftLog:OPENED:c-1,f-1,i0, conf=-1: [a32408a4-f19d-4bad-97c5-ba33ae94fc9a:192.168.157.254:38721, 6b24a2ab-97ee-4d49-85cc-2d76c2f4b8ef:192.168.157.254:41080, 277b5c5e-8c6f-4c9a-a53f-1bbc96404e12:192.168.157.254:41416], old=null
2019-10-16 21:55:22,480 [277b5c5e-8c6f-4c9a-a53f-1bbc96404e12@group-569FAC3F8BCE-LeaderElection210] INFO  impl.RaftServerImpl (RaftServerImpl.java:setRole(184)) - 277b5c5e-8c6f-4c9a-a53f-1bbc96404e12@group-569FAC3F8BCE: changes role from CANDIDATE to FOLLOWER at term 207 for DISCOVERED_A_NEW_TERM
2019-10-16 21:55:22,481 [277b5c5e-8c6f-4c9a-a53f-1bbc96404e12@group-569FAC3F8BCE-LeaderElection210] INFO  impl.RoleInfo (RoleInfo.java:shutdownLeaderElection(134)) - 277b5c5e-8c6f-4c9a-a53f-1bbc96404e12: shutdown LeaderElection
2019-10-16 21:55:22,481 [277b5c5e-8c6f-4c9a-a53f-1bbc96404e12@group-569FAC3F8BCE-LeaderElection210] INFO  impl.RoleInfo (RoleInfo.java:updateAndGet(143)) - 277b5c5e-8c6f-4c9a-a53f-1bbc96404e12: start FollowerState
2019-10-16 21:55:22,533 [Thread-1544] INFO  impl.FollowerState (FollowerState.java:run(108)) - 277b5c5e-8c6f-4c9a-a53f-1bbc96404e12@group-569FAC3F8BCE-FollowerState: change to CANDIDATE, lastRpcTime:52ms, electionTimeout:52ms
2019-10-16 21:55:22,533 [Thread-1544] INFO  impl.RoleInfo (RoleInfo.java:shutdownFollowerState(121)) - 277b5c5e-8c6f-4c9a-a53f-1bbc96404e12: shutdown FollowerState
2019-10-16 21:55:22,533 [Thread-1544] INFO  impl.RaftServerImpl (RaftServerImpl.java:setRole(184)) - 277b5c5e-8c6f-4c9a-a53f-1bbc96404e12@group-569FAC3F8BCE: changes role from  FOLLOWER to CANDIDATE at term 207 for changeToCandidate
2019-10-16 21:55:22,533 [Thread-1544] INFO  impl.RoleInfo (RoleInfo.java:updateAndGet(143)) - 277b5c5e-8c6f-4c9a-a53f-1bbc96404e12: start LeaderElection
2019-10-16 21:55:22,546 [277b5c5e-8c6f-4c9a-a53f-1bbc96404e12@group-569FAC3F8BCE-LeaderElection211] INFO  impl.LeaderElection (LeaderElection.java:askForVotes(178)) - 277b5c5e-8c6f-4c9a-a53f-1bbc96404e12@group-569FAC3F8BCE-LeaderElection211: begin an election at term 208 for -1: [a32408a4-f19d-4bad-97c5-ba33ae94fc9a:192.168.157.254:38721, 6b24a2ab-97ee-4d49-85cc-2d76c2f4b8ef:192.168.157.254:41080, 277b5c5e-8c6f-4c9a-a53f-1bbc96404e12:192.168.157.254:41416], old=null
2019-10-16 21:55:22,548 [grpc-default-executor-1] INFO  impl.RaftServerImpl (RaftServerImpl.java:setRole(184)) - a32408a4-f19d-4bad-97c5-ba33ae94fc9a@group-569FAC3F8BCE: changes role from  FOLLOWER to FOLLOWER at term 208 for recognizeCandidate:277b5c5e-8c6f-4c9a-a53f-1bbc96404e12
2019-10-16 21:55:22,548 [grpc-default-executor-0] INFO  impl.RaftServerImpl (RaftServerImpl.java:setRole(184)) - 6b24a2ab-97ee-4d49-85cc-2d76c2f4b8ef@group-569FAC3F8BCE: changes role from  FOLLOWER to FOLLOWER at term 208 for recognizeCandidate:277b5c5e-8c6f-4c9a-a53f-1bbc96404e12
2019-10-16 21:55:22,549 [grpc-default-executor-1] INFO  impl.RoleInfo (RoleInfo.java:shutdownFollowerState(121)) - a32408a4-f19d-4bad-97c5-ba33ae94fc9a: shutdown FollowerState
2019-10-16 21:55:22,549 [grpc-default-executor-0] INFO  impl.RoleInfo (RoleInfo.java:shutdownFollowerState(121)) - 6b24a2ab-97ee-4d49-85cc-2d76c2f4b8ef: shutdown FollowerState
2019-10-16 21:55:22,549 [Thread-1542] INFO  impl.FollowerState (FollowerState.java:run(117)) - a32408a4-f19d-4bad-97c5-ba33ae94fc9a@group-569FAC3F8BCE-FollowerState was interrupted: java.lang.InterruptedException: sleep interrupted
2019-10-16 21:55:22,549 [grpc-default-executor-1] INFO  impl.RoleInfo (RoleInfo.java:updateAndGet(143)) - a32408a4-f19d-4bad-97c5-ba33ae94fc9a: start FollowerState
2019-10-16 21:55:22,549 [Thread-1543] INFO  impl.FollowerState (FollowerState.java:run(117)) - 6b24a2ab-97ee-4d49-85cc-2d76c2f4b8ef@group-569FAC3F8BCE-FollowerState was interrupted: java.lang.InterruptedException: sleep interrupted
2019-10-16 21:55:22,549 [grpc-default-executor-0] INFO  impl.RoleInfo (RoleInfo.java:updateAndGet(143)) - 6b24a2ab-97ee-4d49-85cc-2d76c2f4b8ef: start FollowerState
2019-10-16 21:55:22,563 [277b5c5e-8c6f-4c9a-a53f-1bbc96404e12@group-569FAC3F8BCE-LeaderElection211] INFO  impl.LeaderElection (LeaderElection.java:logAndReturn(56)) - 277b5c5e-8c6f-4c9a-a53f-1bbc96404e12@group-569FAC3F8BCE-LeaderElection211: Election REJECTED; received 2 response(s) [277b5c5e-8c6f-4c9a-a53f-1bbc96404e12<-a32408a4-f19d-4bad-97c5-ba33ae94fc9a#0:FAIL-t208, 277b5c5e-8c6f-4c9a-a53f-1bbc96404e12<-6b24a2ab-97ee-4d49-85cc-2d76c2f4b8ef#0:FAIL-t208] and 0 exception(s); 277b5c5e-8c6f-4c9a-a53f-1bbc96404e12@group-569FAC3F8BCE:t208, leader=null, voted=277b5c5e-8c6f-4c9a-a53f-1bbc96404e12, raftlog=277b5c5e-8c6f-4c9a-a53f-1bbc96404e12@group-569FAC3F8BCE-SegmentedRaftLog:OPENED:c-1,f-1,i0, conf=-1: [a32408a4-f19d-4bad-97c5-ba33ae94fc9a:192.168.157.254:38721, 6b24a2ab-97ee-4d49-85cc-2d76c2f4b8ef:192.168.157.254:41080, 277b5c5e-8c6f-4c9a-a53f-1bbc96404e12:192.168.157.254:41416], old=null
2019-10-16 21:55:22,563 [277b5c5e-8c6f-4c9a-a53f-1bbc96404e12@group-569FAC3F8BCE-LeaderElection211] INFO  impl.RaftServerImpl (RaftServerImpl.java:setRole(184)) - 277b5c5e-8c6f-4c9a-a53f-1bbc96404e12@group-569FAC3F8BCE: changes role from CANDIDATE to FOLLOWER at term 208 for DISCOVERED_A_NEW_TERM
2019-10-16 21:55:22,563 [277b5c5e-8c6f-4c9a-a53f-1bbc96404e12@group-569FAC3F8BCE-LeaderElection211] INFO  impl.RoleInfo (RoleInfo.java:shutdownLeaderElection(134)) - 277b5c5e-8c6f-4c9a-a53f-1bbc96404e12: shutdown LeaderElection
2019-10-16 21:55:22,563 [277b5c5e-8c6f-4c9a-a53f-1bbc96404e12@group-569FAC3F8BCE-LeaderElection211] INFO  impl.RoleInfo (RoleInfo.java:updateAndGet(143)) - 277b5c5e-8c6f-4c9a-a53f-1bbc96404e12: start FollowerState
2019-10-16 21:55:22,571 [Thread-0] INFO  ozone.MiniOzoneClusterImpl (MiniOzoneClusterImpl.java:lambda$waitForClusterToBeReady$2(164)) - Waiting for 1 number of pipelines out of 4, to report a leader.
2019-10-16 21:55:22,732 [Thread-1550] INFO  impl.FollowerState (FollowerState.java:run(108)) - 277b5c5e-8c6f-4c9a-a53f-1bbc96404e12@group-569FAC3F8BCE-FollowerState: change to CANDIDATE, lastRpcTime:168ms, electionTimeout:168ms
2019-10-16 21:55:22,732 [Thread-1550] INFO  impl.RoleInfo (RoleInfo.java:shutdownFollowerState(121)) - 277b5c5e-8c6f-4c9a-a53f-1bbc96404e12: shutdown FollowerState
2019-10-16 21:55:22,732 [Thread-1550] INFO  impl.RaftServerImpl (RaftServerImpl.java:setRole(184)) - 277b5c5e-8c6f-4c9a-a53f-1bbc96404e12@group-569FAC3F8BCE: changes role from  FOLLOWER to CANDIDATE at term 208 for changeToCandidate
2019-10-16 21:55:22,733 [Thread-1550] INFO  impl.RoleInfo (RoleInfo.java:updateAndGet(143)) - 277b5c5e-8c6f-4c9a-a53f-1bbc96404e12: start LeaderElection
2019-10-16 21:55:22,747 [277b5c5e-8c6f-4c9a-a53f-1bbc96404e12@group-569FAC3F8BCE-LeaderElection212] INFO  impl.LeaderElection (LeaderElection.java:askForVotes(178)) - 277b5c5e-8c6f-4c9a-a53f-1bbc96404e12@group-569FAC3F8BCE-LeaderElection212: begin an election at term 209 for -1: [a32408a4-f19d-4bad-97c5-ba33ae94fc9a:192.168.157.254:38721, 6b24a2ab-97ee-4d49-85cc-2d76c2f4b8ef:192.168.157.254:41080, 277b5c5e-8c6f-4c9a-a53f-1bbc96404e12:192.168.157.254:41416], old=null
2019-10-16 21:55:22,749 [grpc-default-executor-0] INFO  impl.RaftServerImpl (RaftServerImpl.java:setRole(184)) - a32408a4-f19d-4bad-97c5-ba33ae94fc9a@group-569FAC3F8BCE: changes role from  FOLLOWER to FOLLOWER at term 209 for recognizeCandidate:277b5c5e-8c6f-4c9a-a53f-1bbc96404e12
2019-10-16 21:55:22,750 [grpc-default-executor-0] INFO  impl.RoleInfo (RoleInfo.java:shutdownFollowerState(121)) - a32408a4-f19d-4bad-97c5-ba33ae94fc9a: shutdown FollowerState
2019-10-16 21:55:22,750 [grpc-default-executor-0] INFO  impl.RoleInfo (RoleInfo.java:updateAndGet(143)) - a32408a4-f19d-4bad-97c5-ba33ae94fc9a: start FollowerState
2019-10-16 21:55:22,750 [grpc-default-executor-1] INFO  impl.RaftServerImpl (RaftServerImpl.java:setRole(184)) - 6b24a2ab-97ee-4d49-85cc-2d76c2f4b8ef@group-569FAC3F8BCE: changes role from  FOLLOWER to FOLLOWER at term 209 for recognizeCandidate:277b5c5e-8c6f-4c9a-a53f-1bbc96404e12
2019-10-16 21:55:22,750 [Thread-1548] INFO  impl.FollowerState (FollowerState.java:run(117)) - a32408a4-f19d-4bad-97c5-ba33ae94fc9a@group-569FAC3F8BCE-FollowerState was interrupted: java.lang.InterruptedException: sleep interrupted
2019-10-16 21:55:22,750 [grpc-default-executor-1] INFO  impl.RoleInfo (RoleInfo.java:shutdownFollowerState(121)) - 6b24a2ab-97ee-4d49-85cc-2d76c2f4b8ef: shutdown FollowerState
2019-10-16 21:55:22,751 [grpc-default-executor-1] INFO  impl.RoleInfo (RoleInfo.java:updateAndGet(143)) - 6b24a2ab-97ee-4d49-85cc-2d76c2f4b8ef: start FollowerState
2019-10-16 21:55:22,751 [Thread-1549] INFO  impl.FollowerState (FollowerState.java:run(117)) - 6b24a2ab-97ee-4d49-85cc-2d76c2f4b8ef@group-569FAC3F8BCE-FollowerState was interrupted: java.lang.InterruptedException: sleep interrupted
2019-10-16 21:55:22,765 [277b5c5e-8c6f-4c9a-a53f-1bbc96404e12@group-569FAC3F8BCE-LeaderElection212] INFO  impl.LeaderElection (LeaderElection.java:logAndReturn(56)) - 277b5c5e-8c6f-4c9a-a53f-1bbc96404e12@group-569FAC3F8BCE-LeaderElection212: Election REJECTED; received 2 response(s) [277b5c5e-8c6f-4c9a-a53f-1bbc96404e12<-a32408a4-f19d-4bad-97c5-ba33ae94fc9a#0:FAIL-t209, 277b5c5e-8c6f-4c9a-a53f-1bbc96404e12<-6b24a2ab-97ee-4d49-85cc-2d76c2f4b8ef#0:FAIL-t209] and 0 exception(s); 277b5c5e-8c6f-4c9a-a53f-1bbc96404e12@group-569FAC3F8BCE:t209, leader=null, voted=277b5c5e-8c6f-4c9a-a53f-1bbc96404e12, raftlog=277b5c5e-8c6f-4c9a-a53f-1bbc96404e12@group-569FAC3F8BCE-SegmentedRaftLog:OPENED:c-1,f-1,i0, conf=-1: [a32408a4-f19d-4bad-97c5-ba33ae94fc9a:192.168.157.254:38721, 6b24a2ab-97ee-4d49-85cc-2d76c2f4b8ef:192.168.157.254:41080, 277b5c5e-8c6f-4c9a-a53f-1bbc96404e12:192.168.157.254:41416], old=null
2019-10-16 21:55:22,765 [277b5c5e-8c6f-4c9a-a53f-1bbc96404e12@group-569FAC3F8BCE-LeaderElection212] INFO  impl.RaftServerImpl (RaftServerImpl.java:setRole(184)) - 277b5c5e-8c6f-4c9a-a53f-1bbc96404e12@group-569FAC3F8BCE: changes role from CANDIDATE to FOLLOWER at term 209 for DISCOVERED_A_NEW_TERM
2019-10-16 21:55:22,765 [277b5c5e-8c6f-4c9a-a53f-1bbc96404e12@group-569FAC3F8BCE-LeaderElection212] INFO  impl.RoleInfo (RoleInfo.java:shutdownLeaderElection(134)) - 277b5c5e-8c6f-4c9a-a53f-1bbc96404e12: shutdown LeaderElection
2019-10-16 21:55:22,765 [277b5c5e-8c6f-4c9a-a53f-1bbc96404e12@group-569FAC3F8BCE-LeaderElection212] INFO  impl.RoleInfo (RoleInfo.java:updateAndGet(143)) - 277b5c5e-8c6f-4c9a-a53f-1bbc96404e12: start FollowerState
2019-10-16 21:55:22,859 [Thread-1556] INFO  impl.FollowerState (FollowerState.java:run(108)) - 277b5c5e-8c6f-4c9a-a53f-1bbc96404e12@group-569FAC3F8BCE-FollowerState: change to CANDIDATE, lastRpcTime:93ms, electionTimeout:93ms
2019-10-16 21:55:22,859 [Thread-1556] INFO  impl.RoleInfo (RoleInfo.java:shutdownFollowerState(121)) - 277b5c5e-8c6f-4c9a-a53f-1bbc96404e12: shutdown FollowerState
2019-10-16 21:55:22,859 [Thread-1556] INFO  impl.RaftServerImpl (RaftServerImpl.java:setRole(184)) - 277b5c5e-8c6f-4c9a-a53f-1bbc96404e12@group-569FAC3F8BCE: changes role from  FOLLOWER to CANDIDATE at term 209 for changeToCandidate
2019-10-16 21:55:22,859 [Thread-1556] INFO  impl.RoleInfo (RoleInfo.java:updateAndGet(143)) - 277b5c5e-8c6f-4c9a-a53f-1bbc96404e12: start LeaderElection
2019-10-16 21:55:22,874 [277b5c5e-8c6f-4c9a-a53f-1bbc96404e12@group-569FAC3F8BCE-LeaderElection213] INFO  impl.LeaderElection (LeaderElection.java:askForVotes(178)) - 277b5c5e-8c6f-4c9a-a53f-1bbc96404e12@group-569FAC3F8BCE-LeaderElection213: begin an election at term 210 for -1: [a32408a4-f19d-4bad-97c5-ba33ae94fc9a:192.168.157.254:38721, 6b24a2ab-97ee-4d49-85cc-2d76c2f4b8ef:192.168.157.254:41080, 277b5c5e-8c6f-4c9a-a53f-1bbc96404e12:192.168.157.254:41416], old=null
2019-10-16 21:55:22,877 [grpc-default-executor-0] INFO  impl.RaftServerImpl (RaftServerImpl.java:setRole(184)) - a32408a4-f19d-4bad-97c5-ba33ae94fc9a@group-569FAC3F8BCE: changes role from  FOLLOWER to FOLLOWER at term 210 for recognizeCandidate:277b5c5e-8c6f-4c9a-a53f-1bbc96404e12
2019-10-16 21:55:22,877 [grpc-default-executor-0] INFO  impl.RoleInfo (RoleInfo.java:shutdownFollowerState(121)) - a32408a4-f19d-4bad-97c5-ba33ae94fc9a: shutdown FollowerState
2019-10-16 21:55:22,877 [grpc-default-executor-1] INFO  impl.RaftServerImpl (RaftServerImpl.java:setRole(184)) - 6b24a2ab-97ee-4d49-85cc-2d76c2f4b8ef@group-569FAC3F8BCE: changes role from  FOLLOWER to FOLLOWER at term 210 for recognizeCandidate:277b5c5e-8c6f-4c9a-a53f-1bbc96404e12
2019-10-16 21:55:22,877 [Thread-1554] INFO  impl.FollowerState (FollowerState.java:run(117)) - a32408a4-f19d-4bad-97c5-ba33ae94fc9a@group-569FAC3F8BCE-FollowerState was interrupted: java.lang.InterruptedException: sleep interrupted
2019-10-16 21:55:22,877 [grpc-default-executor-0] INFO  impl.RoleInfo (RoleInfo.java:updateAndGet(143)) - a32408a4-f19d-4bad-97c5-ba33ae94fc9a: start FollowerState
2019-10-16 21:55:22,877 [grpc-default-executor-1] INFO  impl.RoleInfo (RoleInfo.java:shutdownFollowerState(121)) - 6b24a2ab-97ee-4d49-85cc-2d76c2f4b8ef: shutdown FollowerState
2019-10-16 21:55:22,877 [grpc-default-executor-1] INFO  impl.RoleInfo (RoleInfo.java:updateAndGet(143)) - 6b24a2ab-97ee-4d49-85cc-2d76c2f4b8ef: start FollowerState
2019-10-16 21:55:22,878 [Thread-1555] INFO  impl.FollowerState (FollowerState.java:run(117)) - 6b24a2ab-97ee-4d49-85cc-2d76c2f4b8ef@group-569FAC3F8BCE-FollowerState was interrupted: java.lang.InterruptedException: sleep interrupted
2019-10-16 21:55:22,889 [277b5c5e-8c6f-4c9a-a53f-1bbc96404e12@group-569FAC3F8BCE-LeaderElection213] INFO  impl.LeaderElection (LeaderElection.java:logAndReturn(56)) - 277b5c5e-8c6f-4c9a-a53f-1bbc96404e12@group-569FAC3F8BCE-LeaderElection213: Election TIMEOUT; received 0 response(s) [] and 0 exception(s); 277b5c5e-8c6f-4c9a-a53f-1bbc96404e12@group-569FAC3F8BCE:t210, leader=null, voted=277b5c5e-8c6f-4c9a-a53f-1bbc96404e12, raftlog=277b5c5e-8c6f-4c9a-a53f-1bbc96404e12@group-569FAC3F8BCE-SegmentedRaftLog:OPENED:c-1,f-1,i0, conf=-1: [a32408a4-f19d-4bad-97c5-ba33ae94fc9a:192.168.157.254:38721, 6b24a2ab-97ee-4d49-85cc-2d76c2f4b8ef:192.168.157.254:41080, 277b5c5e-8c6f-4c9a-a53f-1bbc96404e12:192.168.157.254:41416], old=null
2019-10-16 21:55:22,893 [277b5c5e-8c6f-4c9a-a53f-1bbc96404e12@group-569FAC3F8BCE-LeaderElection213] INFO  impl.LeaderElection (LeaderElection.java:askForVotes(178)) - 277b5c5e-8c6f-4c9a-a53f-1bbc96404e12@group-569FAC3F8BCE-LeaderElection213: begin an election at term 211 for -1: [a32408a4-f19d-4bad-97c5-ba33ae94fc9a:192.168.157.254:38721, 6b24a2ab-97ee-4d49-85cc-2d76c2f4b8ef:192.168.157.254:41080, 277b5c5e-8c6f-4c9a-a53f-1bbc96404e12:192.168.157.254:41416], old=null
2019-10-16 21:55:22,895 [grpc-default-executor-1] INFO  impl.RaftServerImpl (RaftServerImpl.java:setRole(184)) - a32408a4-f19d-4bad-97c5-ba33ae94fc9a@group-569FAC3F8BCE: changes role from  FOLLOWER to FOLLOWER at term 211 for recognizeCandidate:277b5c5e-8c6f-4c9a-a53f-1bbc96404e12
2019-10-16 21:55:22,895 [grpc-default-executor-1] INFO  impl.RoleInfo (RoleInfo.java:shutdownFollowerState(121)) - a32408a4-f19d-4bad-97c5-ba33ae94fc9a: shutdown FollowerState
2019-10-16 21:55:22,895 [grpc-default-executor-0] INFO  impl.RaftServerImpl (RaftServerImpl.java:setRole(184)) - 6b24a2ab-97ee-4d49-85cc-2d76c2f4b8ef@group-569FAC3F8BCE: changes role from  FOLLOWER to FOLLOWER at term 211 for recognizeCandidate:277b5c5e-8c6f-4c9a-a53f-1bbc96404e12
2019-10-16 21:55:22,895 [grpc-default-executor-0] INFO  impl.RoleInfo (RoleInfo.java:shutdownFollowerState(121)) - 6b24a2ab-97ee-4d49-85cc-2d76c2f4b8ef: shutdown FollowerState
2019-10-16 21:55:22,895 [Thread-1560] INFO  impl.FollowerState (FollowerState.java:run(117)) - a32408a4-f19d-4bad-97c5-ba33ae94fc9a@group-569FAC3F8BCE-FollowerState was interrupted: java.lang.InterruptedException: sleep interrupted
2019-10-16 21:55:22,895 [grpc-default-executor-1] INFO  impl.RoleInfo (RoleInfo.java:updateAndGet(143)) - a32408a4-f19d-4bad-97c5-ba33ae94fc9a: start FollowerState
2019-10-16 21:55:22,895 [Thread-1561] INFO  impl.FollowerState (FollowerState.java:run(117)) - 6b24a2ab-97ee-4d49-85cc-2d76c2f4b8ef@group-569FAC3F8BCE-FollowerState was interrupted: java.lang.InterruptedException: sleep interrupted
2019-10-16 21:55:22,895 [grpc-default-executor-0] INFO  impl.RoleInfo (RoleInfo.java:updateAndGet(143)) - 6b24a2ab-97ee-4d49-85cc-2d76c2f4b8ef: start FollowerState
2019-10-16 21:55:22,909 [277b5c5e-8c6f-4c9a-a53f-1bbc96404e12@group-569FAC3F8BCE-LeaderElection213] INFO  impl.LeaderElection (LeaderElection.java:logAndReturn(56)) - 277b5c5e-8c6f-4c9a-a53f-1bbc96404e12@group-569FAC3F8BCE-LeaderElection213: Election REJECTED; received 2 response(s) [277b5c5e-8c6f-4c9a-a53f-1bbc96404e12<-a32408a4-f19d-4bad-97c5-ba33ae94fc9a#0:FAIL-t211, 277b5c5e-8c6f-4c9a-a53f-1bbc96404e12<-6b24a2ab-97ee-4d49-85cc-2d76c2f4b8ef#0:FAIL-t211] and 0 exception(s); 277b5c5e-8c6f-4c9a-a53f-1bbc96404e12@group-569FAC3F8BCE:t211, leader=null, voted=277b5c5e-8c6f-4c9a-a53f-1bbc96404e12, raftlog=277b5c5e-8c6f-4c9a-a53f-1bbc96404e12@group-569FAC3F8BCE-SegmentedRaftLog:OPENED:c-1,f-1,i0, conf=-1: [a32408a4-f19d-4bad-97c5-ba33ae94fc9a:192.168.157.254:38721, 6b24a2ab-97ee-4d49-85cc-2d76c2f4b8ef:192.168.157.254:41080, 277b5c5e-8c6f-4c9a-a53f-1bbc96404e12:192.168.157.254:41416], old=null
2019-10-16 21:55:22,909 [277b5c5e-8c6f-4c9a-a53f-1bbc96404e12@group-569FAC3F8BCE-LeaderElection213] INFO  impl.RaftServerImpl (RaftServerImpl.java:setRole(184)) - 277b5c5e-8c6f-4c9a-a53f-1bbc96404e12@group-569FAC3F8BCE: changes role from CANDIDATE to FOLLOWER at term 211 for DISCOVERED_A_NEW_TERM
2019-10-16 21:55:22,909 [277b5c5e-8c6f-4c9a-a53f-1bbc96404e12@group-569FAC3F8BCE-LeaderElection213] INFO  impl.RoleInfo (RoleInfo.java:shutdownLeaderElection(134)) - 277b5c5e-8c6f-4c9a-a53f-1bbc96404e12: shutdown LeaderElection
2019-10-16 21:55:22,910 [277b5c5e-8c6f-4c9a-a53f-1bbc96404e12@group-569FAC3F8BCE-LeaderElection213] INFO  impl.RoleInfo (RoleInfo.java:updateAndGet(143)) - 277b5c5e-8c6f-4c9a-a53f-1bbc96404e12: start FollowerState
2019-10-16 21:55:22,938 [Thread-1566] INFO  impl.FollowerState (FollowerState.java:run(108)) - 277b5c5e-8c6f-4c9a-a53f-1bbc96404e12@group-569FAC3F8BCE-FollowerState: change to CANDIDATE, lastRpcTime:28ms, electionTimeout:28ms
2019-10-16 21:55:22,938 [Thread-1566] INFO  impl.RoleInfo (RoleInfo.java:shutdownFollowerState(121)) - 277b5c5e-8c6f-4c9a-a53f-1bbc96404e12: shutdown FollowerState
2019-10-16 21:55:22,938 [Thread-1566] INFO  impl.RaftServerImpl (RaftServerImpl.java:setRole(184)) - 277b5c5e-8c6f-4c9a-a53f-1bbc96404e12@group-569FAC3F8BCE: changes role from  FOLLOWER to CANDIDATE at term 211 for changeToCandidate
2019-10-16 21:55:22,938 [Thread-1566] INFO  impl.RoleInfo (RoleInfo.java:updateAndGet(143)) - 277b5c5e-8c6f-4c9a-a53f-1bbc96404e12: start LeaderElection
2019-10-16 21:55:22,953 [277b5c5e-8c6f-4c9a-a53f-1bbc96404e12@group-569FAC3F8BCE-LeaderElection214] INFO  impl.LeaderElection (LeaderElection.java:askForVotes(178)) - 277b5c5e-8c6f-4c9a-a53f-1bbc96404e12@group-569FAC3F8BCE-LeaderElection214: begin an election at term 212 for -1: [a32408a4-f19d-4bad-97c5-ba33ae94fc9a:192.168.157.254:38721, 6b24a2ab-97ee-4d49-85cc-2d76c2f4b8ef:192.168.157.254:41080, 277b5c5e-8c6f-4c9a-a53f-1bbc96404e12:192.168.157.254:41416], old=null
2019-10-16 21:55:22,955 [grpc-default-executor-0] INFO  impl.RaftServerImpl (RaftServerImpl.java:setRole(184)) - a32408a4-f19d-4bad-97c5-ba33ae94fc9a@group-569FAC3F8BCE: changes role from  FOLLOWER to FOLLOWER at term 212 for recognizeCandidate:277b5c5e-8c6f-4c9a-a53f-1bbc96404e12
2019-10-16 21:55:22,956 [grpc-default-executor-0] INFO  impl.RoleInfo (RoleInfo.java:shutdownFollowerState(121)) - a32408a4-f19d-4bad-97c5-ba33ae94fc9a: shutdown FollowerState
2019-10-16 21:55:22,956 [grpc-default-executor-1] INFO  impl.RaftServerImpl (RaftServerImpl.java:setRole(184)) - 6b24a2ab-97ee-4d49-85cc-2d76c2f4b8ef@group-569FAC3F8BCE: changes role from  FOLLOWER to FOLLOWER at term 212 for recognizeCandidate:277b5c5e-8c6f-4c9a-a53f-1bbc96404e12
2019-10-16 21:55:22,956 [Thread-1564] INFO  impl.FollowerState (FollowerState.java:run(117)) - a32408a4-f19d-4bad-97c5-ba33ae94fc9a@group-569FAC3F8BCE-FollowerState was interrupted: java.lang.InterruptedException: sleep interrupted
2019-10-16 21:55:22,956 [grpc-default-executor-0] INFO  impl.RoleInfo (RoleInfo.java:updateAndGet(143)) - a32408a4-f19d-4bad-97c5-ba33ae94fc9a: start FollowerState
2019-10-16 21:55:22,956 [grpc-default-executor-1] INFO  impl.RoleInfo (RoleInfo.java:shutdownFollowerState(121)) - 6b24a2ab-97ee-4d49-85cc-2d76c2f4b8ef: shutdown FollowerState
2019-10-16 21:55:22,957 [grpc-default-executor-1] INFO  impl.RoleInfo (RoleInfo.java:updateAndGet(143)) - 6b24a2ab-97ee-4d49-85cc-2d76c2f4b8ef: start FollowerState
2019-10-16 21:55:22,957 [Thread-1565] INFO  impl.FollowerState (FollowerState.java:run(117)) - 6b24a2ab-97ee-4d49-85cc-2d76c2f4b8ef@group-569FAC3F8BCE-FollowerState was interrupted: java.lang.InterruptedException: sleep interrupted
2019-10-16 21:55:22,995 [277b5c5e-8c6f-4c9a-a53f-1bbc96404e12@group-569FAC3F8BCE-LeaderElection214] INFO  impl.LeaderElection (LeaderElection.java:logAndReturn(56)) - 277b5c5e-8c6f-4c9a-a53f-1bbc96404e12@group-569FAC3F8BCE-LeaderElection214: Election REJECTED; received 2 response(s) [277b5c5e-8c6f-4c9a-a53f-1bbc96404e12<-a32408a4-f19d-4bad-97c5-ba33ae94fc9a#0:FAIL-t212, 277b5c5e-8c6f-4c9a-a53f-1bbc96404e12<-6b24a2ab-97ee-4d49-85cc-2d76c2f4b8ef#0:FAIL-t212] and 0 exception(s); 277b5c5e-8c6f-4c9a-a53f-1bbc96404e12@group-569FAC3F8BCE:t212, leader=null, voted=277b5c5e-8c6f-4c9a-a53f-1bbc96404e12, raftlog=277b5c5e-8c6f-4c9a-a53f-1bbc96404e12@group-569FAC3F8BCE-SegmentedRaftLog:OPENED:c-1,f-1,i0, conf=-1: [a32408a4-f19d-4bad-97c5-ba33ae94fc9a:192.168.157.254:38721, 6b24a2ab-97ee-4d49-85cc-2d76c2f4b8ef:192.168.157.254:41080, 277b5c5e-8c6f-4c9a-a53f-1bbc96404e12:192.168.157.254:41416], old=null
2019-10-16 21:55:22,995 [277b5c5e-8c6f-4c9a-a53f-1bbc96404e12@group-569FAC3F8BCE-LeaderElection214] INFO  impl.RaftServerImpl (RaftServerImpl.java:setRole(184)) - 277b5c5e-8c6f-4c9a-a53f-1bbc96404e12@group-569FAC3F8BCE: changes role from CANDIDATE to FOLLOWER at term 212 for DISCOVERED_A_NEW_TERM
2019-10-16 21:55:22,995 [277b5c5e-8c6f-4c9a-a53f-1bbc96404e12@group-569FAC3F8BCE-LeaderElection214] INFO  impl.RoleInfo (RoleInfo.java:shutdownLeaderElection(134)) - 277b5c5e-8c6f-4c9a-a53f-1bbc96404e12: shutdown LeaderElection
2019-10-16 21:55:22,995 [277b5c5e-8c6f-4c9a-a53f-1bbc96404e12@group-569FAC3F8BCE-LeaderElection214] INFO  impl.RoleInfo (RoleInfo.java:updateAndGet(143)) - 277b5c5e-8c6f-4c9a-a53f-1bbc96404e12: start FollowerState
2019-10-16 21:55:23,018 [Thread-1572] INFO  impl.FollowerState (FollowerState.java:run(108)) - 277b5c5e-8c6f-4c9a-a53f-1bbc96404e12@group-569FAC3F8BCE-FollowerState: change to CANDIDATE, lastRpcTime:23ms, electionTimeout:23ms
2019-10-16 21:55:23,019 [Thread-1572] INFO  impl.RoleInfo (RoleInfo.java:shutdownFollowerState(121)) - 277b5c5e-8c6f-4c9a-a53f-1bbc96404e12: shutdown FollowerState
2019-10-16 21:55:23,019 [Thread-1572] INFO  impl.RaftServerImpl (RaftServerImpl.java:setRole(184)) - 277b5c5e-8c6f-4c9a-a53f-1bbc96404e12@group-569FAC3F8BCE: changes role from  FOLLOWER to CANDIDATE at term 212 for changeToCandidate
2019-10-16 21:55:23,019 [Thread-1572] INFO  impl.RoleInfo (RoleInfo.java:updateAndGet(143)) - 277b5c5e-8c6f-4c9a-a53f-1bbc96404e12: start LeaderElection
2019-10-16 21:55:23,025 [277b5c5e-8c6f-4c9a-a53f-1bbc96404e12@group-569FAC3F8BCE-LeaderElection215] INFO  impl.LeaderElection (LeaderElection.java:askForVotes(178)) - 277b5c5e-8c6f-4c9a-a53f-1bbc96404e12@group-569FAC3F8BCE-LeaderElection215: begin an election at term 213 for -1: [a32408a4-f19d-4bad-97c5-ba33ae94fc9a:192.168.157.254:38721, 6b24a2ab-97ee-4d49-85cc-2d76c2f4b8ef:192.168.157.254:41080, 277b5c5e-8c6f-4c9a-a53f-1bbc96404e12:192.168.157.254:41416], old=null
2019-10-16 21:55:23,030 [grpc-default-executor-0] INFO  impl.RaftServerImpl (RaftServerImpl.java:setRole(184)) - a32408a4-f19d-4bad-97c5-ba33ae94fc9a@group-569FAC3F8BCE: changes role from  FOLLOWER to FOLLOWER at term 213 for recognizeCandidate:277b5c5e-8c6f-4c9a-a53f-1bbc96404e12
2019-10-16 21:55:23,030 [grpc-default-executor-1] INFO  impl.RaftServerImpl (RaftServerImpl.java:setRole(184)) - 6b24a2ab-97ee-4d49-85cc-2d76c2f4b8ef@group-569FAC3F8BCE: changes role from  FOLLOWER to FOLLOWER at term 213 for recognizeCandidate:277b5c5e-8c6f-4c9a-a53f-1bbc96404e12
2019-10-16 21:55:23,030 [grpc-default-executor-0] INFO  impl.RoleInfo (RoleInfo.java:shutdownFollowerState(121)) - a32408a4-f19d-4bad-97c5-ba33ae94fc9a: shutdown FollowerState
2019-10-16 21:55:23,030 [grpc-default-executor-1] INFO  impl.RoleInfo (RoleInfo.java:shutdownFollowerState(121)) - 6b24a2ab-97ee-4d49-85cc-2d76c2f4b8ef: shutdown FollowerState
2019-10-16 21:55:23,031 [Thread-1570] INFO  impl.FollowerState (FollowerState.java:run(117)) - a32408a4-f19d-4bad-97c5-ba33ae94fc9a@group-569FAC3F8BCE-FollowerState was interrupted: java.lang.InterruptedException: sleep interrupted
2019-10-16 21:55:23,031 [grpc-default-executor-0] INFO  impl.RoleInfo (RoleInfo.java:updateAndGet(143)) - a32408a4-f19d-4bad-97c5-ba33ae94fc9a: start FollowerState
2019-10-16 21:55:23,031 [Thread-1571] INFO  impl.FollowerState (FollowerState.java:run(117)) - 6b24a2ab-97ee-4d49-85cc-2d76c2f4b8ef@group-569FAC3F8BCE-FollowerState was interrupted: java.lang.InterruptedException: sleep interrupted
2019-10-16 21:55:23,031 [grpc-default-executor-1] INFO  impl.RoleInfo (RoleInfo.java:updateAndGet(143)) - 6b24a2ab-97ee-4d49-85cc-2d76c2f4b8ef: start FollowerState
2019-10-16 21:55:23,042 [277b5c5e-8c6f-4c9a-a53f-1bbc96404e12@group-569FAC3F8BCE-LeaderElection215] INFO  impl.LeaderElection (LeaderElection.java:logAndReturn(56)) - 277b5c5e-8c6f-4c9a-a53f-1bbc96404e12@group-569FAC3F8BCE-LeaderElection215: Election REJECTED; received 2 response(s) [277b5c5e-8c6f-4c9a-a53f-1bbc96404e12<-6b24a2ab-97ee-4d49-85cc-2d76c2f4b8ef#0:FAIL-t213, 277b5c5e-8c6f-4c9a-a53f-1bbc96404e12<-a32408a4-f19d-4bad-97c5-ba33ae94fc9a#0:FAIL-t213] and 0 exception(s); 277b5c5e-8c6f-4c9a-a53f-1bbc96404e12@group-569FAC3F8BCE:t213, leader=null, voted=277b5c5e-8c6f-4c9a-a53f-1bbc96404e12, raftlog=277b5c5e-8c6f-4c9a-a53f-1bbc96404e12@group-569FAC3F8BCE-SegmentedRaftLog:OPENED:c-1,f-1,i0, conf=-1: [a32408a4-f19d-4bad-97c5-ba33ae94fc9a:192.168.157.254:38721, 6b24a2ab-97ee-4d49-85cc-2d76c2f4b8ef:192.168.157.254:41080, 277b5c5e-8c6f-4c9a-a53f-1bbc96404e12:192.168.157.254:41416], old=null
2019-10-16 21:55:23,043 [277b5c5e-8c6f-4c9a-a53f-1bbc96404e12@group-569FAC3F8BCE-LeaderElection215] INFO  impl.RaftServerImpl (RaftServerImpl.java:setRole(184)) - 277b5c5e-8c6f-4c9a-a53f-1bbc96404e12@group-569FAC3F8BCE: changes role from CANDIDATE to FOLLOWER at term 213 for DISCOVERED_A_NEW_TERM
2019-10-16 21:55:23,043 [277b5c5e-8c6f-4c9a-a53f-1bbc96404e12@group-569FAC3F8BCE-LeaderElection215] INFO  impl.RoleInfo (RoleInfo.java:shutdownLeaderElection(134)) - 277b5c5e-8c6f-4c9a-a53f-1bbc96404e12: shutdown LeaderElection
2019-10-16 21:55:23,043 [277b5c5e-8c6f-4c9a-a53f-1bbc96404e12@group-569FAC3F8BCE-LeaderElection215] INFO  impl.RoleInfo (RoleInfo.java:updateAndGet(143)) - 277b5c5e-8c6f-4c9a-a53f-1bbc96404e12: start FollowerState
2019-10-16 21:55:23,058 [Thread-1578] INFO  impl.FollowerState (FollowerState.java:run(108)) - 277b5c5e-8c6f-4c9a-a53f-1bbc96404e12@group-569FAC3F8BCE-FollowerState: change to CANDIDATE, lastRpcTime:14ms, electionTimeout:14ms
2019-10-16 21:55:23,058 [Thread-1578] INFO  impl.RoleInfo (RoleInfo.java:shutdownFollowerState(121)) - 277b5c5e-8c6f-4c9a-a53f-1bbc96404e12: shutdown FollowerState
2019-10-16 21:55:23,058 [Thread-1578] INFO  impl.RaftServerImpl (RaftServerImpl.java:setRole(184)) - 277b5c5e-8c6f-4c9a-a53f-1bbc96404e12@group-569FAC3F8BCE: changes role from  FOLLOWER to CANDIDATE at term 213 for changeToCandidate
2019-10-16 21:55:23,058 [Thread-1578] INFO  impl.RoleInfo (RoleInfo.java:updateAndGet(143)) - 277b5c5e-8c6f-4c9a-a53f-1bbc96404e12: start LeaderElection
2019-10-16 21:55:23,072 [277b5c5e-8c6f-4c9a-a53f-1bbc96404e12@group-569FAC3F8BCE-LeaderElection216] INFO  impl.LeaderElection (LeaderElection.java:askForVotes(178)) - 277b5c5e-8c6f-4c9a-a53f-1bbc96404e12@group-569FAC3F8BCE-LeaderElection216: begin an election at term 214 for -1: [a32408a4-f19d-4bad-97c5-ba33ae94fc9a:192.168.157.254:38721, 6b24a2ab-97ee-4d49-85cc-2d76c2f4b8ef:192.168.157.254:41080, 277b5c5e-8c6f-4c9a-a53f-1bbc96404e12:192.168.157.254:41416], old=null
2019-10-16 21:55:23,074 [grpc-default-executor-1] INFO  impl.RaftServerImpl (RaftServerImpl.java:setRole(184)) - 6b24a2ab-97ee-4d49-85cc-2d76c2f4b8ef@group-569FAC3F8BCE: changes role from  FOLLOWER to FOLLOWER at term 214 for recognizeCandidate:277b5c5e-8c6f-4c9a-a53f-1bbc96404e12
2019-10-16 21:55:23,074 [grpc-default-executor-1] INFO  impl.RoleInfo (RoleInfo.java:shutdownFollowerState(121)) - 6b24a2ab-97ee-4d49-85cc-2d76c2f4b8ef: shutdown FollowerState
2019-10-16 21:55:23,074 [grpc-default-executor-0] INFO  impl.RaftServerImpl (RaftServerImpl.java:setRole(184)) - a32408a4-f19d-4bad-97c5-ba33ae94fc9a@group-569FAC3F8BCE: changes role from  FOLLOWER to FOLLOWER at term 214 for recognizeCandidate:277b5c5e-8c6f-4c9a-a53f-1bbc96404e12
2019-10-16 21:55:23,075 [Thread-1577] INFO  impl.FollowerState (FollowerState.java:run(117)) - 6b24a2ab-97ee-4d49-85cc-2d76c2f4b8ef@group-569FAC3F8BCE-FollowerState was interrupted: java.lang.InterruptedException: sleep interrupted
2019-10-16 21:55:23,075 [grpc-default-executor-1] INFO  impl.RoleInfo (RoleInfo.java:updateAndGet(143)) - 6b24a2ab-97ee-4d49-85cc-2d76c2f4b8ef: start FollowerState
2019-10-16 21:55:23,075 [grpc-default-executor-0] INFO  impl.RoleInfo (RoleInfo.java:shutdownFollowerState(121)) - a32408a4-f19d-4bad-97c5-ba33ae94fc9a: shutdown FollowerState
2019-10-16 21:55:23,075 [Thread-1576] INFO  impl.FollowerState (FollowerState.java:run(117)) - a32408a4-f19d-4bad-97c5-ba33ae94fc9a@group-569FAC3F8BCE-FollowerState was interrupted: java.lang.InterruptedException: sleep interrupted
2019-10-16 21:55:23,075 [grpc-default-executor-0] INFO  impl.RoleInfo (RoleInfo.java:updateAndGet(143)) - a32408a4-f19d-4bad-97c5-ba33ae94fc9a: start FollowerState
2019-10-16 21:55:23,089 [277b5c5e-8c6f-4c9a-a53f-1bbc96404e12@group-569FAC3F8BCE-LeaderElection216] INFO  impl.LeaderElection (LeaderElection.java:logAndReturn(56)) - 277b5c5e-8c6f-4c9a-a53f-1bbc96404e12@group-569FAC3F8BCE-LeaderElection216: Election REJECTED; received 2 response(s) [277b5c5e-8c6f-4c9a-a53f-1bbc96404e12<-6b24a2ab-97ee-4d49-85cc-2d76c2f4b8ef#0:FAIL-t214, 277b5c5e-8c6f-4c9a-a53f-1bbc96404e12<-a32408a4-f19d-4bad-97c5-ba33ae94fc9a#0:FAIL-t214] and 0 exception(s); 277b5c5e-8c6f-4c9a-a53f-1bbc96404e12@group-569FAC3F8BCE:t214, leader=null, voted=277b5c5e-8c6f-4c9a-a53f-1bbc96404e12, raftlog=277b5c5e-8c6f-4c9a-a53f-1bbc96404e12@group-569FAC3F8BCE-SegmentedRaftLog:OPENED:c-1,f-1,i0, conf=-1: [a32408a4-f19d-4bad-97c5-ba33ae94fc9a:192.168.157.254:38721, 6b24a2ab-97ee-4d49-85cc-2d76c2f4b8ef:192.168.157.254:41080, 277b5c5e-8c6f-4c9a-a53f-1bbc96404e12:192.168.157.254:41416], old=null
2019-10-16 21:55:23,089 [277b5c5e-8c6f-4c9a-a53f-1bbc96404e12@group-569FAC3F8BCE-LeaderElection216] INFO  impl.RaftServerImpl (RaftServerImpl.java:setRole(184)) - 277b5c5e-8c6f-4c9a-a53f-1bbc96404e12@group-569FAC3F8BCE: changes role from CANDIDATE to FOLLOWER at term 214 for DISCOVERED_A_NEW_TERM
2019-10-16 21:55:23,089 [277b5c5e-8c6f-4c9a-a53f-1bbc96404e12@group-569FAC3F8BCE-LeaderElection216] INFO  impl.RoleInfo (RoleInfo.java:shutdownLeaderElection(134)) - 277b5c5e-8c6f-4c9a-a53f-1bbc96404e12: shutdown LeaderElection
2019-10-16 21:55:23,090 [277b5c5e-8c6f-4c9a-a53f-1bbc96404e12@group-569FAC3F8BCE-LeaderElection216] INFO  impl.RoleInfo (RoleInfo.java:updateAndGet(143)) - 277b5c5e-8c6f-4c9a-a53f-1bbc96404e12: start FollowerState
2019-10-16 21:55:23,172 [Thread-1584] INFO  impl.FollowerState (FollowerState.java:run(108)) - 277b5c5e-8c6f-4c9a-a53f-1bbc96404e12@group-569FAC3F8BCE-FollowerState: change to CANDIDATE, lastRpcTime:82ms, electionTimeout:82ms
2019-10-16 21:55:23,172 [Thread-1584] INFO  impl.RoleInfo (RoleInfo.java:shutdownFollowerState(121)) - 277b5c5e-8c6f-4c9a-a53f-1bbc96404e12: shutdown FollowerState
2019-10-16 21:55:23,172 [Thread-1584] INFO  impl.RaftServerImpl (RaftServerImpl.java:setRole(184)) - 277b5c5e-8c6f-4c9a-a53f-1bbc96404e12@group-569FAC3F8BCE: changes role from  FOLLOWER to CANDIDATE at term 214 for changeToCandidate
2019-10-16 21:55:23,172 [Thread-1584] INFO  impl.RoleInfo (RoleInfo.java:updateAndGet(143)) - 277b5c5e-8c6f-4c9a-a53f-1bbc96404e12: start LeaderElection
2019-10-16 21:55:23,188 [277b5c5e-8c6f-4c9a-a53f-1bbc96404e12@group-569FAC3F8BCE-LeaderElection217] INFO  impl.LeaderElection (LeaderElection.java:askForVotes(178)) - 277b5c5e-8c6f-4c9a-a53f-1bbc96404e12@group-569FAC3F8BCE-LeaderElection217: begin an election at term 215 for -1: [a32408a4-f19d-4bad-97c5-ba33ae94fc9a:192.168.157.254:38721, 6b24a2ab-97ee-4d49-85cc-2d76c2f4b8ef:192.168.157.254:41080, 277b5c5e-8c6f-4c9a-a53f-1bbc96404e12:192.168.157.254:41416], old=null
2019-10-16 21:55:23,191 [grpc-default-executor-0] INFO  impl.RaftServerImpl (RaftServerImpl.java:setRole(184)) - a32408a4-f19d-4bad-97c5-ba33ae94fc9a@group-569FAC3F8BCE: changes role from  FOLLOWER to FOLLOWER at term 215 for recognizeCandidate:277b5c5e-8c6f-4c9a-a53f-1bbc96404e12
2019-10-16 21:55:23,191 [grpc-default-executor-0] INFO  impl.RoleInfo (RoleInfo.java:shutdownFollowerState(121)) - a32408a4-f19d-4bad-97c5-ba33ae94fc9a: shutdown FollowerState
2019-10-16 21:55:23,191 [grpc-default-executor-1] INFO  impl.RaftServerImpl (RaftServerImpl.java:setRole(184)) - 6b24a2ab-97ee-4d49-85cc-2d76c2f4b8ef@group-569FAC3F8BCE: changes role from  FOLLOWER to FOLLOWER at term 215 for recognizeCandidate:277b5c5e-8c6f-4c9a-a53f-1bbc96404e12
2019-10-16 21:55:23,191 [Thread-1583] INFO  impl.FollowerState (FollowerState.java:run(117)) - a32408a4-f19d-4bad-97c5-ba33ae94fc9a@group-569FAC3F8BCE-FollowerState was interrupted: java.lang.InterruptedException: sleep interrupted
2019-10-16 21:55:23,191 [grpc-default-executor-0] INFO  impl.RoleInfo (RoleInfo.java:updateAndGet(143)) - a32408a4-f19d-4bad-97c5-ba33ae94fc9a: start FollowerState
2019-10-16 21:55:23,191 [grpc-default-executor-1] INFO  impl.RoleInfo (RoleInfo.java:shutdownFollowerState(121)) - 6b24a2ab-97ee-4d49-85cc-2d76c2f4b8ef: shutdown FollowerState
2019-10-16 21:55:23,192 [grpc-default-executor-1] INFO  impl.RoleInfo (RoleInfo.java:updateAndGet(143)) - 6b24a2ab-97ee-4d49-85cc-2d76c2f4b8ef: start FollowerState
2019-10-16 21:55:23,192 [Thread-1582] INFO  impl.FollowerState (FollowerState.java:run(117)) - 6b24a2ab-97ee-4d49-85cc-2d76c2f4b8ef@group-569FAC3F8BCE-FollowerState was interrupted: java.lang.InterruptedException: sleep interrupted
2019-10-16 21:55:23,202 [277b5c5e-8c6f-4c9a-a53f-1bbc96404e12@group-569FAC3F8BCE-LeaderElection217] INFO  impl.LeaderElection (LeaderElection.java:logAndReturn(56)) - 277b5c5e-8c6f-4c9a-a53f-1bbc96404e12@group-569FAC3F8BCE-LeaderElection217: Election REJECTED; received 2 response(s) [277b5c5e-8c6f-4c9a-a53f-1bbc96404e12<-6b24a2ab-97ee-4d49-85cc-2d76c2f4b8ef#0:FAIL-t215, 277b5c5e-8c6f-4c9a-a53f-1bbc96404e12<-a32408a4-f19d-4bad-97c5-ba33ae94fc9a#0:FAIL-t215] and 0 exception(s); 277b5c5e-8c6f-4c9a-a53f-1bbc96404e12@group-569FAC3F8BCE:t215, leader=null, voted=277b5c5e-8c6f-4c9a-a53f-1bbc96404e12, raftlog=277b5c5e-8c6f-4c9a-a53f-1bbc96404e12@group-569FAC3F8BCE-SegmentedRaftLog:OPENED:c-1,f-1,i0, conf=-1: [a32408a4-f19d-4bad-97c5-ba33ae94fc9a:192.168.157.254:38721, 6b24a2ab-97ee-4d49-85cc-2d76c2f4b8ef:192.168.157.254:41080, 277b5c5e-8c6f-4c9a-a53f-1bbc96404e12:192.168.157.254:41416], old=null
2019-10-16 21:55:23,202 [277b5c5e-8c6f-4c9a-a53f-1bbc96404e12@group-569FAC3F8BCE-LeaderElection217] INFO  impl.RaftServerImpl (RaftServerImpl.java:setRole(184)) - 277b5c5e-8c6f-4c9a-a53f-1bbc96404e12@group-569FAC3F8BCE: changes role from CANDIDATE to FOLLOWER at term 215 for DISCOVERED_A_NEW_TERM
2019-10-16 21:55:23,202 [277b5c5e-8c6f-4c9a-a53f-1bbc96404e12@group-569FAC3F8BCE-LeaderElection217] INFO  impl.RoleInfo (RoleInfo.java:shutdownLeaderElection(134)) - 277b5c5e-8c6f-4c9a-a53f-1bbc96404e12: shutdown LeaderElection
2019-10-16 21:55:23,202 [277b5c5e-8c6f-4c9a-a53f-1bbc96404e12@group-569FAC3F8BCE-LeaderElection217] INFO  impl.RoleInfo (RoleInfo.java:updateAndGet(143)) - 277b5c5e-8c6f-4c9a-a53f-1bbc96404e12: start FollowerState
2019-10-16 21:55:23,300 [Thread-1590] INFO  impl.FollowerState (FollowerState.java:run(108)) - 277b5c5e-8c6f-4c9a-a53f-1bbc96404e12@group-569FAC3F8BCE-FollowerState: change to CANDIDATE, lastRpcTime:97ms, electionTimeout:97ms
2019-10-16 21:55:23,300 [Thread-1590] INFO  impl.RoleInfo (RoleInfo.java:shutdownFollowerState(121)) - 277b5c5e-8c6f-4c9a-a53f-1bbc96404e12: shutdown FollowerState
2019-10-16 21:55:23,300 [Thread-1590] INFO  impl.RaftServerImpl (RaftServerImpl.java:setRole(184)) - 277b5c5e-8c6f-4c9a-a53f-1bbc96404e12@group-569FAC3F8BCE: changes role from  FOLLOWER to CANDIDATE at term 215 for changeToCandidate
2019-10-16 21:55:23,300 [Thread-1590] INFO  impl.RoleInfo (RoleInfo.java:updateAndGet(143)) - 277b5c5e-8c6f-4c9a-a53f-1bbc96404e12: start LeaderElection
2019-10-16 21:55:23,315 [277b5c5e-8c6f-4c9a-a53f-1bbc96404e12@group-569FAC3F8BCE-LeaderElection218] INFO  impl.LeaderElection (LeaderElection.java:askForVotes(178)) - 277b5c5e-8c6f-4c9a-a53f-1bbc96404e12@group-569FAC3F8BCE-LeaderElection218: begin an election at term 216 for -1: [a32408a4-f19d-4bad-97c5-ba33ae94fc9a:192.168.157.254:38721, 6b24a2ab-97ee-4d49-85cc-2d76c2f4b8ef:192.168.157.254:41080, 277b5c5e-8c6f-4c9a-a53f-1bbc96404e12:192.168.157.254:41416], old=null
2019-10-16 21:55:23,317 [grpc-default-executor-0] INFO  impl.RaftServerImpl (RaftServerImpl.java:setRole(184)) - a32408a4-f19d-4bad-97c5-ba33ae94fc9a@group-569FAC3F8BCE: changes role from  FOLLOWER to FOLLOWER at term 216 for recognizeCandidate:277b5c5e-8c6f-4c9a-a53f-1bbc96404e12
2019-10-16 21:55:23,317 [grpc-default-executor-0] INFO  impl.RoleInfo (RoleInfo.java:shutdownFollowerState(121)) - a32408a4-f19d-4bad-97c5-ba33ae94fc9a: shutdown FollowerState
2019-10-16 21:55:23,318 [grpc-default-executor-1] INFO  impl.RaftServerImpl (RaftServerImpl.java:setRole(184)) - 6b24a2ab-97ee-4d49-85cc-2d76c2f4b8ef@group-569FAC3F8BCE: changes role from  FOLLOWER to FOLLOWER at term 216 for recognizeCandidate:277b5c5e-8c6f-4c9a-a53f-1bbc96404e12
2019-10-16 21:55:23,318 [Thread-1588] INFO  impl.FollowerState (FollowerState.java:run(117)) - a32408a4-f19d-4bad-97c5-ba33ae94fc9a@group-569FAC3F8BCE-FollowerState was interrupted: java.lang.InterruptedException: sleep interrupted
2019-10-16 21:55:23,318 [grpc-default-executor-0] INFO  impl.RoleInfo (RoleInfo.java:updateAndGet(143)) - a32408a4-f19d-4bad-97c5-ba33ae94fc9a: start FollowerState
2019-10-16 21:55:23,318 [grpc-default-executor-1] INFO  impl.RoleInfo (RoleInfo.java:shutdownFollowerState(121)) - 6b24a2ab-97ee-4d49-85cc-2d76c2f4b8ef: shutdown FollowerState
2019-10-16 21:55:23,318 [grpc-default-executor-1] INFO  impl.RoleInfo (RoleInfo.java:updateAndGet(143)) - 6b24a2ab-97ee-4d49-85cc-2d76c2f4b8ef: start FollowerState
2019-10-16 21:55:23,318 [Thread-1589] INFO  impl.FollowerState (FollowerState.java:run(117)) - 6b24a2ab-97ee-4d49-85cc-2d76c2f4b8ef@group-569FAC3F8BCE-FollowerState was interrupted: java.lang.InterruptedException: sleep interrupted
2019-10-16 21:55:23,330 [277b5c5e-8c6f-4c9a-a53f-1bbc96404e12@group-569FAC3F8BCE-LeaderElection218] INFO  impl.LeaderElection (LeaderElection.java:logAndReturn(56)) - 277b5c5e-8c6f-4c9a-a53f-1bbc96404e12@group-569FAC3F8BCE-LeaderElection218: Election REJECTED; received 2 response(s) [277b5c5e-8c6f-4c9a-a53f-1bbc96404e12<-a32408a4-f19d-4bad-97c5-ba33ae94fc9a#0:FAIL-t216, 277b5c5e-8c6f-4c9a-a53f-1bbc96404e12<-6b24a2ab-97ee-4d49-85cc-2d76c2f4b8ef#0:FAIL-t216] and 0 exception(s); 277b5c5e-8c6f-4c9a-a53f-1bbc96404e12@group-569FAC3F8BCE:t216, leader=null, voted=277b5c5e-8c6f-4c9a-a53f-1bbc96404e12, raftlog=277b5c5e-8c6f-4c9a-a53f-1bbc96404e12@group-569FAC3F8BCE-SegmentedRaftLog:OPENED:c-1,f-1,i0, conf=-1: [a32408a4-f19d-4bad-97c5-ba33ae94fc9a:192.168.157.254:38721, 6b24a2ab-97ee-4d49-85cc-2d76c2f4b8ef:192.168.157.254:41080, 277b5c5e-8c6f-4c9a-a53f-1bbc96404e12:192.168.157.254:41416], old=null
2019-10-16 21:55:23,330 [277b5c5e-8c6f-4c9a-a53f-1bbc96404e12@group-569FAC3F8BCE-LeaderElection218] INFO  impl.RaftServerImpl (RaftServerImpl.java:setRole(184)) - 277b5c5e-8c6f-4c9a-a53f-1bbc96404e12@group-569FAC3F8BCE: changes role from CANDIDATE to FOLLOWER at term 216 for DISCOVERED_A_NEW_TERM
2019-10-16 21:55:23,330 [277b5c5e-8c6f-4c9a-a53f-1bbc96404e12@group-569FAC3F8BCE-LeaderElection218] INFO  impl.RoleInfo (RoleInfo.java:shutdownLeaderElection(134)) - 277b5c5e-8c6f-4c9a-a53f-1bbc96404e12: shutdown LeaderElection
2019-10-16 21:55:23,330 [277b5c5e-8c6f-4c9a-a53f-1bbc96404e12@group-569FAC3F8BCE-LeaderElection218] INFO  impl.RoleInfo (RoleInfo.java:updateAndGet(143)) - 277b5c5e-8c6f-4c9a-a53f-1bbc96404e12: start FollowerState
2019-10-16 21:55:23,474 [Thread-1596] INFO  impl.FollowerState (FollowerState.java:run(108)) - 277b5c5e-8c6f-4c9a-a53f-1bbc96404e12@group-569FAC3F8BCE-FollowerState: change to CANDIDATE, lastRpcTime:144ms, electionTimeout:144ms
2019-10-16 21:55:23,475 [Thread-1596] INFO  impl.RoleInfo (RoleInfo.java:shutdownFollowerState(121)) - 277b5c5e-8c6f-4c9a-a53f-1bbc96404e12: shutdown FollowerState
2019-10-16 21:55:23,475 [Thread-1596] INFO  impl.RaftServerImpl (RaftServerImpl.java:setRole(184)) - 277b5c5e-8c6f-4c9a-a53f-1bbc96404e12@group-569FAC3F8BCE: changes role from  FOLLOWER to CANDIDATE at term 216 for changeToCandidate
2019-10-16 21:55:23,475 [Thread-1596] INFO  impl.RoleInfo (RoleInfo.java:updateAndGet(143)) - 277b5c5e-8c6f-4c9a-a53f-1bbc96404e12: start LeaderElection
2019-10-16 21:55:23,489 [277b5c5e-8c6f-4c9a-a53f-1bbc96404e12@group-569FAC3F8BCE-LeaderElection219] INFO  impl.LeaderElection (LeaderElection.java:askForVotes(178)) - 277b5c5e-8c6f-4c9a-a53f-1bbc96404e12@group-569FAC3F8BCE-LeaderElection219: begin an election at term 217 for -1: [a32408a4-f19d-4bad-97c5-ba33ae94fc9a:192.168.157.254:38721, 6b24a2ab-97ee-4d49-85cc-2d76c2f4b8ef:192.168.157.254:41080, 277b5c5e-8c6f-4c9a-a53f-1bbc96404e12:192.168.157.254:41416], old=null
2019-10-16 21:55:23,492 [grpc-default-executor-1] INFO  impl.RaftServerImpl (RaftServerImpl.java:setRole(184)) - a32408a4-f19d-4bad-97c5-ba33ae94fc9a@group-569FAC3F8BCE: changes role from  FOLLOWER to FOLLOWER at term 217 for recognizeCandidate:277b5c5e-8c6f-4c9a-a53f-1bbc96404e12
2019-10-16 21:55:23,492 [grpc-default-executor-1] INFO  impl.RoleInfo (RoleInfo.java:shutdownFollowerState(121)) - a32408a4-f19d-4bad-97c5-ba33ae94fc9a: shutdown FollowerState
2019-10-16 21:55:23,492 [grpc-default-executor-1] INFO  impl.RoleInfo (RoleInfo.java:updateAndGet(143)) - a32408a4-f19d-4bad-97c5-ba33ae94fc9a: start FollowerState
2019-10-16 21:55:23,492 [Thread-1594] INFO  impl.FollowerState (FollowerState.java:run(117)) - a32408a4-f19d-4bad-97c5-ba33ae94fc9a@group-569FAC3F8BCE-FollowerState was interrupted: java.lang.InterruptedException: sleep interrupted
2019-10-16 21:55:23,492 [grpc-default-executor-0] INFO  impl.RaftServerImpl (RaftServerImpl.java:setRole(184)) - 6b24a2ab-97ee-4d49-85cc-2d76c2f4b8ef@group-569FAC3F8BCE: changes role from  FOLLOWER to FOLLOWER at term 217 for recognizeCandidate:277b5c5e-8c6f-4c9a-a53f-1bbc96404e12
2019-10-16 21:55:23,493 [grpc-default-executor-0] INFO  impl.RoleInfo (RoleInfo.java:shutdownFollowerState(121)) - 6b24a2ab-97ee-4d49-85cc-2d76c2f4b8ef: shutdown FollowerState
2019-10-16 21:55:23,493 [grpc-default-executor-0] INFO  impl.RoleInfo (RoleInfo.java:updateAndGet(143)) - 6b24a2ab-97ee-4d49-85cc-2d76c2f4b8ef: start FollowerState
2019-10-16 21:55:23,493 [Thread-1595] INFO  impl.FollowerState (FollowerState.java:run(117)) - 6b24a2ab-97ee-4d49-85cc-2d76c2f4b8ef@group-569FAC3F8BCE-FollowerState was interrupted: java.lang.InterruptedException: sleep interrupted
2019-10-16 21:55:23,508 [277b5c5e-8c6f-4c9a-a53f-1bbc96404e12@group-569FAC3F8BCE-LeaderElection219] INFO  impl.LeaderElection (LeaderElection.java:logAndReturn(56)) - 277b5c5e-8c6f-4c9a-a53f-1bbc96404e12@group-569FAC3F8BCE-LeaderElection219: Election REJECTED; received 2 response(s) [277b5c5e-8c6f-4c9a-a53f-1bbc96404e12<-a32408a4-f19d-4bad-97c5-ba33ae94fc9a#0:FAIL-t217, 277b5c5e-8c6f-4c9a-a53f-1bbc96404e12<-6b24a2ab-97ee-4d49-85cc-2d76c2f4b8ef#0:FAIL-t217] and 0 exception(s); 277b5c5e-8c6f-4c9a-a53f-1bbc96404e12@group-569FAC3F8BCE:t217, leader=null, voted=277b5c5e-8c6f-4c9a-a53f-1bbc96404e12, raftlog=277b5c5e-8c6f-4c9a-a53f-1bbc96404e12@group-569FAC3F8BCE-SegmentedRaftLog:OPENED:c-1,f-1,i0, conf=-1: [a32408a4-f19d-4bad-97c5-ba33ae94fc9a:192.168.157.254:38721, 6b24a2ab-97ee-4d49-85cc-2d76c2f4b8ef:192.168.157.254:41080, 277b5c5e-8c6f-4c9a-a53f-1bbc96404e12:192.168.157.254:41416], old=null
2019-10-16 21:55:23,509 [277b5c5e-8c6f-4c9a-a53f-1bbc96404e12@group-569FAC3F8BCE-LeaderElection219] INFO  impl.RaftServerImpl (RaftServerImpl.java:setRole(184)) - 277b5c5e-8c6f-4c9a-a53f-1bbc96404e12@group-569FAC3F8BCE: changes role from CANDIDATE to FOLLOWER at term 217 for DISCOVERED_A_NEW_TERM
2019-10-16 21:55:23,509 [277b5c5e-8c6f-4c9a-a53f-1bbc96404e12@group-569FAC3F8BCE-LeaderElection219] INFO  impl.RoleInfo (RoleInfo.java:shutdownLeaderElection(134)) - 277b5c5e-8c6f-4c9a-a53f-1bbc96404e12: shutdown LeaderElection
2019-10-16 21:55:23,509 [277b5c5e-8c6f-4c9a-a53f-1bbc96404e12@group-569FAC3F8BCE-LeaderElection219] INFO  impl.RoleInfo (RoleInfo.java:updateAndGet(143)) - 277b5c5e-8c6f-4c9a-a53f-1bbc96404e12: start FollowerState
2019-10-16 21:55:23,512 [Thread-1602] INFO  impl.FollowerState (FollowerState.java:run(108)) - 277b5c5e-8c6f-4c9a-a53f-1bbc96404e12@group-569FAC3F8BCE-FollowerState: change to CANDIDATE, lastRpcTime:2ms, electionTimeout:2ms
2019-10-16 21:55:23,512 [Thread-1602] INFO  impl.RoleInfo (RoleInfo.java:shutdownFollowerState(121)) - 277b5c5e-8c6f-4c9a-a53f-1bbc96404e12: shutdown FollowerState
2019-10-16 21:55:23,512 [Thread-1602] INFO  impl.RaftServerImpl (RaftServerImpl.java:setRole(184)) - 277b5c5e-8c6f-4c9a-a53f-1bbc96404e12@group-569FAC3F8BCE: changes role from  FOLLOWER to CANDIDATE at term 217 for changeToCandidate
2019-10-16 21:55:23,512 [Thread-1602] INFO  impl.RoleInfo (RoleInfo.java:updateAndGet(143)) - 277b5c5e-8c6f-4c9a-a53f-1bbc96404e12: start LeaderElection
2019-10-16 21:55:23,525 [277b5c5e-8c6f-4c9a-a53f-1bbc96404e12@group-569FAC3F8BCE-LeaderElection220] INFO  impl.LeaderElection (LeaderElection.java:askForVotes(178)) - 277b5c5e-8c6f-4c9a-a53f-1bbc96404e12@group-569FAC3F8BCE-LeaderElection220: begin an election at term 218 for -1: [a32408a4-f19d-4bad-97c5-ba33ae94fc9a:192.168.157.254:38721, 6b24a2ab-97ee-4d49-85cc-2d76c2f4b8ef:192.168.157.254:41080, 277b5c5e-8c6f-4c9a-a53f-1bbc96404e12:192.168.157.254:41416], old=null
2019-10-16 21:55:23,528 [grpc-default-executor-0] INFO  impl.RaftServerImpl (RaftServerImpl.java:setRole(184)) - a32408a4-f19d-4bad-97c5-ba33ae94fc9a@group-569FAC3F8BCE: changes role from  FOLLOWER to FOLLOWER at term 218 for recognizeCandidate:277b5c5e-8c6f-4c9a-a53f-1bbc96404e12
2019-10-16 21:55:23,528 [grpc-default-executor-0] INFO  impl.RoleInfo (RoleInfo.java:shutdownFollowerState(121)) - a32408a4-f19d-4bad-97c5-ba33ae94fc9a: shutdown FollowerState
2019-10-16 21:55:23,528 [grpc-default-executor-0] INFO  impl.RoleInfo (RoleInfo.java:updateAndGet(143)) - a32408a4-f19d-4bad-97c5-ba33ae94fc9a: start FollowerState
2019-10-16 21:55:23,528 [Thread-1600] INFO  impl.FollowerState (FollowerState.java:run(117)) - a32408a4-f19d-4bad-97c5-ba33ae94fc9a@group-569FAC3F8BCE-FollowerState was interrupted: java.lang.InterruptedException: sleep interrupted
2019-10-16 21:55:23,528 [grpc-default-executor-1] INFO  impl.RaftServerImpl (RaftServerImpl.java:setRole(184)) - 6b24a2ab-97ee-4d49-85cc-2d76c2f4b8ef@group-569FAC3F8BCE: changes role from  FOLLOWER to FOLLOWER at term 218 for recognizeCandidate:277b5c5e-8c6f-4c9a-a53f-1bbc96404e12
2019-10-16 21:55:23,528 [grpc-default-executor-1] INFO  impl.RoleInfo (RoleInfo.java:shutdownFollowerState(121)) - 6b24a2ab-97ee-4d49-85cc-2d76c2f4b8ef: shutdown FollowerState
2019-10-16 21:55:23,529 [grpc-default-executor-1] INFO  impl.RoleInfo (RoleInfo.java:updateAndGet(143)) - 6b24a2ab-97ee-4d49-85cc-2d76c2f4b8ef: start FollowerState
2019-10-16 21:55:23,529 [Thread-1601] INFO  impl.FollowerState (FollowerState.java:run(117)) - 6b24a2ab-97ee-4d49-85cc-2d76c2f4b8ef@group-569FAC3F8BCE-FollowerState was interrupted: java.lang.InterruptedException: sleep interrupted
2019-10-16 21:55:23,542 [277b5c5e-8c6f-4c9a-a53f-1bbc96404e12@group-569FAC3F8BCE-LeaderElection220] INFO  impl.LeaderElection (LeaderElection.java:logAndReturn(56)) - 277b5c5e-8c6f-4c9a-a53f-1bbc96404e12@group-569FAC3F8BCE-LeaderElection220: Election REJECTED; received 2 response(s) [277b5c5e-8c6f-4c9a-a53f-1bbc96404e12<-a32408a4-f19d-4bad-97c5-ba33ae94fc9a#0:FAIL-t218, 277b5c5e-8c6f-4c9a-a53f-1bbc96404e12<-6b24a2ab-97ee-4d49-85cc-2d76c2f4b8ef#0:FAIL-t218] and 0 exception(s); 277b5c5e-8c6f-4c9a-a53f-1bbc96404e12@group-569FAC3F8BCE:t218, leader=null, voted=277b5c5e-8c6f-4c9a-a53f-1bbc96404e12, raftlog=277b5c5e-8c6f-4c9a-a53f-1bbc96404e12@group-569FAC3F8BCE-SegmentedRaftLog:OPENED:c-1,f-1,i0, conf=-1: [a32408a4-f19d-4bad-97c5-ba33ae94fc9a:192.168.157.254:38721, 6b24a2ab-97ee-4d49-85cc-2d76c2f4b8ef:192.168.157.254:41080, 277b5c5e-8c6f-4c9a-a53f-1bbc96404e12:192.168.157.254:41416], old=null
2019-10-16 21:55:23,542 [277b5c5e-8c6f-4c9a-a53f-1bbc96404e12@group-569FAC3F8BCE-LeaderElection220] INFO  impl.RaftServerImpl (RaftServerImpl.java:setRole(184)) - 277b5c5e-8c6f-4c9a-a53f-1bbc96404e12@group-569FAC3F8BCE: changes role from CANDIDATE to FOLLOWER at term 218 for DISCOVERED_A_NEW_TERM
2019-10-16 21:55:23,543 [277b5c5e-8c6f-4c9a-a53f-1bbc96404e12@group-569FAC3F8BCE-LeaderElection220] INFO  impl.RoleInfo (RoleInfo.java:shutdownLeaderElection(134)) - 277b5c5e-8c6f-4c9a-a53f-1bbc96404e12: shutdown LeaderElection
2019-10-16 21:55:23,543 [277b5c5e-8c6f-4c9a-a53f-1bbc96404e12@group-569FAC3F8BCE-LeaderElection220] INFO  impl.RoleInfo (RoleInfo.java:updateAndGet(143)) - 277b5c5e-8c6f-4c9a-a53f-1bbc96404e12: start FollowerState
2019-10-16 21:55:23,572 [Thread-0] INFO  ozone.MiniOzoneClusterImpl (MiniOzoneClusterImpl.java:lambda$waitForClusterToBeReady$2(164)) - Waiting for 1 number of pipelines out of 4, to report a leader.
2019-10-16 21:55:23,714 [Thread-1608] INFO  impl.FollowerState (FollowerState.java:run(108)) - 277b5c5e-8c6f-4c9a-a53f-1bbc96404e12@group-569FAC3F8BCE-FollowerState: change to CANDIDATE, lastRpcTime:171ms, electionTimeout:171ms
2019-10-16 21:55:23,714 [Thread-1608] INFO  impl.RoleInfo (RoleInfo.java:shutdownFollowerState(121)) - 277b5c5e-8c6f-4c9a-a53f-1bbc96404e12: shutdown FollowerState
2019-10-16 21:55:23,714 [Thread-1608] INFO  impl.RaftServerImpl (RaftServerImpl.java:setRole(184)) - 277b5c5e-8c6f-4c9a-a53f-1bbc96404e12@group-569FAC3F8BCE: changes role from  FOLLOWER to CANDIDATE at term 218 for changeToCandidate
2019-10-16 21:55:23,715 [Thread-1608] INFO  impl.RoleInfo (RoleInfo.java:updateAndGet(143)) - 277b5c5e-8c6f-4c9a-a53f-1bbc96404e12: start LeaderElection
2019-10-16 21:55:23,728 [277b5c5e-8c6f-4c9a-a53f-1bbc96404e12@group-569FAC3F8BCE-LeaderElection221] INFO  impl.LeaderElection (LeaderElection.java:askForVotes(178)) - 277b5c5e-8c6f-4c9a-a53f-1bbc96404e12@group-569FAC3F8BCE-LeaderElection221: begin an election at term 219 for -1: [a32408a4-f19d-4bad-97c5-ba33ae94fc9a:192.168.157.254:38721, 6b24a2ab-97ee-4d49-85cc-2d76c2f4b8ef:192.168.157.254:41080, 277b5c5e-8c6f-4c9a-a53f-1bbc96404e12:192.168.157.254:41416], old=null
2019-10-16 21:55:23,731 [grpc-default-executor-1] INFO  impl.RaftServerImpl (RaftServerImpl.java:setRole(184)) - a32408a4-f19d-4bad-97c5-ba33ae94fc9a@group-569FAC3F8BCE: changes role from  FOLLOWER to FOLLOWER at term 219 for recognizeCandidate:277b5c5e-8c6f-4c9a-a53f-1bbc96404e12
2019-10-16 21:55:23,731 [grpc-default-executor-1] INFO  impl.RoleInfo (RoleInfo.java:shutdownFollowerState(121)) - a32408a4-f19d-4bad-97c5-ba33ae94fc9a: shutdown FollowerState
2019-10-16 21:55:23,731 [grpc-default-executor-0] INFO  impl.RaftServerImpl (RaftServerImpl.java:setRole(184)) - 6b24a2ab-97ee-4d49-85cc-2d76c2f4b8ef@group-569FAC3F8BCE: changes role from  FOLLOWER to FOLLOWER at term 219 for recognizeCandidate:277b5c5e-8c6f-4c9a-a53f-1bbc96404e12
2019-10-16 21:55:23,731 [Thread-1606] INFO  impl.FollowerState (FollowerState.java:run(117)) - a32408a4-f19d-4bad-97c5-ba33ae94fc9a@group-569FAC3F8BCE-FollowerState was interrupted: java.lang.InterruptedException: sleep interrupted
2019-10-16 21:55:23,731 [grpc-default-executor-1] INFO  impl.RoleInfo (RoleInfo.java:updateAndGet(143)) - a32408a4-f19d-4bad-97c5-ba33ae94fc9a: start FollowerState
2019-10-16 21:55:23,731 [grpc-default-executor-0] INFO  impl.RoleInfo (RoleInfo.java:shutdownFollowerState(121)) - 6b24a2ab-97ee-4d49-85cc-2d76c2f4b8ef: shutdown FollowerState
2019-10-16 21:55:23,732 [grpc-default-executor-0] INFO  impl.RoleInfo (RoleInfo.java:updateAndGet(143)) - 6b24a2ab-97ee-4d49-85cc-2d76c2f4b8ef: start FollowerState
2019-10-16 21:55:23,732 [Thread-1607] INFO  impl.FollowerState (FollowerState.java:run(117)) - 6b24a2ab-97ee-4d49-85cc-2d76c2f4b8ef@group-569FAC3F8BCE-FollowerState was interrupted: java.lang.InterruptedException: sleep interrupted
2019-10-16 21:55:23,748 [277b5c5e-8c6f-4c9a-a53f-1bbc96404e12@group-569FAC3F8BCE-LeaderElection221] INFO  impl.LeaderElection (LeaderElection.java:logAndReturn(56)) - 277b5c5e-8c6f-4c9a-a53f-1bbc96404e12@group-569FAC3F8BCE-LeaderElection221: Election REJECTED; received 2 response(s) [277b5c5e-8c6f-4c9a-a53f-1bbc96404e12<-6b24a2ab-97ee-4d49-85cc-2d76c2f4b8ef#0:FAIL-t219, 277b5c5e-8c6f-4c9a-a53f-1bbc96404e12<-a32408a4-f19d-4bad-97c5-ba33ae94fc9a#0:FAIL-t219] and 0 exception(s); 277b5c5e-8c6f-4c9a-a53f-1bbc96404e12@group-569FAC3F8BCE:t219, leader=null, voted=277b5c5e-8c6f-4c9a-a53f-1bbc96404e12, raftlog=277b5c5e-8c6f-4c9a-a53f-1bbc96404e12@group-569FAC3F8BCE-SegmentedRaftLog:OPENED:c-1,f-1,i0, conf=-1: [a32408a4-f19d-4bad-97c5-ba33ae94fc9a:192.168.157.254:38721, 6b24a2ab-97ee-4d49-85cc-2d76c2f4b8ef:192.168.157.254:41080, 277b5c5e-8c6f-4c9a-a53f-1bbc96404e12:192.168.157.254:41416], old=null
2019-10-16 21:55:23,748 [277b5c5e-8c6f-4c9a-a53f-1bbc96404e12@group-569FAC3F8BCE-LeaderElection221] INFO  impl.RaftServerImpl (RaftServerImpl.java:setRole(184)) - 277b5c5e-8c6f-4c9a-a53f-1bbc96404e12@group-569FAC3F8BCE: changes role from CANDIDATE to FOLLOWER at term 219 for DISCOVERED_A_NEW_TERM
2019-10-16 21:55:23,748 [277b5c5e-8c6f-4c9a-a53f-1bbc96404e12@group-569FAC3F8BCE-LeaderElection221] INFO  impl.RoleInfo (RoleInfo.java:shutdownLeaderElection(134)) - 277b5c5e-8c6f-4c9a-a53f-1bbc96404e12: shutdown LeaderElection
2019-10-16 21:55:23,748 [277b5c5e-8c6f-4c9a-a53f-1bbc96404e12@group-569FAC3F8BCE-LeaderElection221] INFO  impl.RoleInfo (RoleInfo.java:updateAndGet(143)) - 277b5c5e-8c6f-4c9a-a53f-1bbc96404e12: start FollowerState
2019-10-16 21:55:23,805 [Thread-1614] INFO  impl.FollowerState (FollowerState.java:run(108)) - 277b5c5e-8c6f-4c9a-a53f-1bbc96404e12@group-569FAC3F8BCE-FollowerState: change to CANDIDATE, lastRpcTime:56ms, electionTimeout:56ms
2019-10-16 21:55:23,805 [Thread-1614] INFO  impl.RoleInfo (RoleInfo.java:shutdownFollowerState(121)) - 277b5c5e-8c6f-4c9a-a53f-1bbc96404e12: shutdown FollowerState
2019-10-16 21:55:23,805 [Thread-1614] INFO  impl.RaftServerImpl (RaftServerImpl.java:setRole(184)) - 277b5c5e-8c6f-4c9a-a53f-1bbc96404e12@group-569FAC3F8BCE: changes role from  FOLLOWER to CANDIDATE at term 219 for changeToCandidate
2019-10-16 21:55:23,805 [Thread-1614] INFO  impl.RoleInfo (RoleInfo.java:updateAndGet(143)) - 277b5c5e-8c6f-4c9a-a53f-1bbc96404e12: start LeaderElection
2019-10-16 21:55:23,820 [277b5c5e-8c6f-4c9a-a53f-1bbc96404e12@group-569FAC3F8BCE-LeaderElection222] INFO  impl.LeaderElection (LeaderElection.java:askForVotes(178)) - 277b5c5e-8c6f-4c9a-a53f-1bbc96404e12@group-569FAC3F8BCE-LeaderElection222: begin an election at term 220 for -1: [a32408a4-f19d-4bad-97c5-ba33ae94fc9a:192.168.157.254:38721, 6b24a2ab-97ee-4d49-85cc-2d76c2f4b8ef:192.168.157.254:41080, 277b5c5e-8c6f-4c9a-a53f-1bbc96404e12:192.168.157.254:41416], old=null
2019-10-16 21:55:23,823 [grpc-default-executor-0] INFO  impl.RaftServerImpl (RaftServerImpl.java:setRole(184)) - a32408a4-f19d-4bad-97c5-ba33ae94fc9a@group-569FAC3F8BCE: changes role from  FOLLOWER to FOLLOWER at term 220 for recognizeCandidate:277b5c5e-8c6f-4c9a-a53f-1bbc96404e12
2019-10-16 21:55:23,824 [grpc-default-executor-1] INFO  impl.RaftServerImpl (RaftServerImpl.java:setRole(184)) - 6b24a2ab-97ee-4d49-85cc-2d76c2f4b8ef@group-569FAC3F8BCE: changes role from  FOLLOWER to FOLLOWER at term 220 for recognizeCandidate:277b5c5e-8c6f-4c9a-a53f-1bbc96404e12
2019-10-16 21:55:23,824 [grpc-default-executor-0] INFO  impl.RoleInfo (RoleInfo.java:shutdownFollowerState(121)) - a32408a4-f19d-4bad-97c5-ba33ae94fc9a: shutdown FollowerState
2019-10-16 21:55:23,824 [grpc-default-executor-1] INFO  impl.RoleInfo (RoleInfo.java:shutdownFollowerState(121)) - 6b24a2ab-97ee-4d49-85cc-2d76c2f4b8ef: shutdown FollowerState
2019-10-16 21:55:23,824 [Thread-1612] INFO  impl.FollowerState (FollowerState.java:run(117)) - a32408a4-f19d-4bad-97c5-ba33ae94fc9a@group-569FAC3F8BCE-FollowerState was interrupted: java.lang.InterruptedException: sleep interrupted
2019-10-16 21:55:23,824 [grpc-default-executor-0] INFO  impl.RoleInfo (RoleInfo.java:updateAndGet(143)) - a32408a4-f19d-4bad-97c5-ba33ae94fc9a: start FollowerState
2019-10-16 21:55:23,824 [Thread-1613] INFO  impl.FollowerState (FollowerState.java:run(117)) - 6b24a2ab-97ee-4d49-85cc-2d76c2f4b8ef@group-569FAC3F8BCE-FollowerState was interrupted: java.lang.InterruptedException: sleep interrupted
2019-10-16 21:55:23,824 [grpc-default-executor-1] INFO  impl.RoleInfo (RoleInfo.java:updateAndGet(143)) - 6b24a2ab-97ee-4d49-85cc-2d76c2f4b8ef: start FollowerState
2019-10-16 21:55:23,834 [277b5c5e-8c6f-4c9a-a53f-1bbc96404e12@group-569FAC3F8BCE-LeaderElection222] INFO  impl.LeaderElection (LeaderElection.java:logAndReturn(56)) - 277b5c5e-8c6f-4c9a-a53f-1bbc96404e12@group-569FAC3F8BCE-LeaderElection222: Election REJECTED; received 2 response(s) [277b5c5e-8c6f-4c9a-a53f-1bbc96404e12<-a32408a4-f19d-4bad-97c5-ba33ae94fc9a#0:FAIL-t220, 277b5c5e-8c6f-4c9a-a53f-1bbc96404e12<-6b24a2ab-97ee-4d49-85cc-2d76c2f4b8ef#0:FAIL-t220] and 0 exception(s); 277b5c5e-8c6f-4c9a-a53f-1bbc96404e12@group-569FAC3F8BCE:t220, leader=null, voted=277b5c5e-8c6f-4c9a-a53f-1bbc96404e12, raftlog=277b5c5e-8c6f-4c9a-a53f-1bbc96404e12@group-569FAC3F8BCE-SegmentedRaftLog:OPENED:c-1,f-1,i0, conf=-1: [a32408a4-f19d-4bad-97c5-ba33ae94fc9a:192.168.157.254:38721, 6b24a2ab-97ee-4d49-85cc-2d76c2f4b8ef:192.168.157.254:41080, 277b5c5e-8c6f-4c9a-a53f-1bbc96404e12:192.168.157.254:41416], old=null
2019-10-16 21:55:23,834 [277b5c5e-8c6f-4c9a-a53f-1bbc96404e12@group-569FAC3F8BCE-LeaderElection222] INFO  impl.RaftServerImpl (RaftServerImpl.java:setRole(184)) - 277b5c5e-8c6f-4c9a-a53f-1bbc96404e12@group-569FAC3F8BCE: changes role from CANDIDATE to FOLLOWER at term 220 for DISCOVERED_A_NEW_TERM
2019-10-16 21:55:23,835 [277b5c5e-8c6f-4c9a-a53f-1bbc96404e12@group-569FAC3F8BCE-LeaderElection222] INFO  impl.RoleInfo (RoleInfo.java:shutdownLeaderElection(134)) - 277b5c5e-8c6f-4c9a-a53f-1bbc96404e12: shutdown LeaderElection
2019-10-16 21:55:23,835 [277b5c5e-8c6f-4c9a-a53f-1bbc96404e12@group-569FAC3F8BCE-LeaderElection222] INFO  impl.RoleInfo (RoleInfo.java:updateAndGet(143)) - 277b5c5e-8c6f-4c9a-a53f-1bbc96404e12: start FollowerState
2019-10-16 21:55:23,908 [Thread-1620] INFO  impl.FollowerState (FollowerState.java:run(108)) - 277b5c5e-8c6f-4c9a-a53f-1bbc96404e12@group-569FAC3F8BCE-FollowerState: change to CANDIDATE, lastRpcTime:73ms, electionTimeout:73ms
2019-10-16 21:55:23,908 [Thread-1620] INFO  impl.RoleInfo (RoleInfo.java:shutdownFollowerState(121)) - 277b5c5e-8c6f-4c9a-a53f-1bbc96404e12: shutdown FollowerState
2019-10-16 21:55:23,908 [Thread-1620] INFO  impl.RaftServerImpl (RaftServerImpl.java:setRole(184)) - 277b5c5e-8c6f-4c9a-a53f-1bbc96404e12@group-569FAC3F8BCE: changes role from  FOLLOWER to CANDIDATE at term 220 for changeToCandidate
2019-10-16 21:55:23,909 [Thread-1620] INFO  impl.RoleInfo (RoleInfo.java:updateAndGet(143)) - 277b5c5e-8c6f-4c9a-a53f-1bbc96404e12: start LeaderElection
2019-10-16 21:55:23,935 [277b5c5e-8c6f-4c9a-a53f-1bbc96404e12@group-569FAC3F8BCE-LeaderElection223] INFO  impl.LeaderElection (LeaderElection.java:askForVotes(178)) - 277b5c5e-8c6f-4c9a-a53f-1bbc96404e12@group-569FAC3F8BCE-LeaderElection223: begin an election at term 221 for -1: [a32408a4-f19d-4bad-97c5-ba33ae94fc9a:192.168.157.254:38721, 6b24a2ab-97ee-4d49-85cc-2d76c2f4b8ef:192.168.157.254:41080, 277b5c5e-8c6f-4c9a-a53f-1bbc96404e12:192.168.157.254:41416], old=null
2019-10-16 21:55:23,938 [grpc-default-executor-0] INFO  impl.RaftServerImpl (RaftServerImpl.java:setRole(184)) - a32408a4-f19d-4bad-97c5-ba33ae94fc9a@group-569FAC3F8BCE: changes role from  FOLLOWER to FOLLOWER at term 221 for recognizeCandidate:277b5c5e-8c6f-4c9a-a53f-1bbc96404e12
2019-10-16 21:55:23,938 [grpc-default-executor-0] INFO  impl.RoleInfo (RoleInfo.java:shutdownFollowerState(121)) - a32408a4-f19d-4bad-97c5-ba33ae94fc9a: shutdown FollowerState
2019-10-16 21:55:23,938 [grpc-default-executor-1] INFO  impl.RaftServerImpl (RaftServerImpl.java:setRole(184)) - 6b24a2ab-97ee-4d49-85cc-2d76c2f4b8ef@group-569FAC3F8BCE: changes role from  FOLLOWER to FOLLOWER at term 221 for recognizeCandidate:277b5c5e-8c6f-4c9a-a53f-1bbc96404e12
2019-10-16 21:55:23,938 [Thread-1618] INFO  impl.FollowerState (FollowerState.java:run(117)) - a32408a4-f19d-4bad-97c5-ba33ae94fc9a@group-569FAC3F8BCE-FollowerState was interrupted: java.lang.InterruptedException: sleep interrupted
2019-10-16 21:55:23,938 [grpc-default-executor-0] INFO  impl.RoleInfo (RoleInfo.java:updateAndGet(143)) - a32408a4-f19d-4bad-97c5-ba33ae94fc9a: start FollowerState
2019-10-16 21:55:23,938 [grpc-default-executor-1] INFO  impl.RoleInfo (RoleInfo.java:shutdownFollowerState(121)) - 6b24a2ab-97ee-4d49-85cc-2d76c2f4b8ef: shutdown FollowerState
2019-10-16 21:55:23,939 [grpc-default-executor-1] INFO  impl.RoleInfo (RoleInfo.java:updateAndGet(143)) - 6b24a2ab-97ee-4d49-85cc-2d76c2f4b8ef: start FollowerState
2019-10-16 21:55:23,939 [Thread-1619] INFO  impl.FollowerState (FollowerState.java:run(117)) - 6b24a2ab-97ee-4d49-85cc-2d76c2f4b8ef@group-569FAC3F8BCE-FollowerState was interrupted: java.lang.InterruptedException: sleep interrupted
2019-10-16 21:55:23,955 [277b5c5e-8c6f-4c9a-a53f-1bbc96404e12@group-569FAC3F8BCE-LeaderElection223] INFO  impl.LeaderElection (LeaderElection.java:logAndReturn(56)) - 277b5c5e-8c6f-4c9a-a53f-1bbc96404e12@group-569FAC3F8BCE-LeaderElection223: Election REJECTED; received 2 response(s) [277b5c5e-8c6f-4c9a-a53f-1bbc96404e12<-a32408a4-f19d-4bad-97c5-ba33ae94fc9a#0:FAIL-t221, 277b5c5e-8c6f-4c9a-a53f-1bbc96404e12<-6b24a2ab-97ee-4d49-85cc-2d76c2f4b8ef#0:FAIL-t221] and 0 exception(s); 277b5c5e-8c6f-4c9a-a53f-1bbc96404e12@group-569FAC3F8BCE:t221, leader=null, voted=277b5c5e-8c6f-4c9a-a53f-1bbc96404e12, raftlog=277b5c5e-8c6f-4c9a-a53f-1bbc96404e12@group-569FAC3F8BCE-SegmentedRaftLog:OPENED:c-1,f-1,i0, conf=-1: [a32408a4-f19d-4bad-97c5-ba33ae94fc9a:192.168.157.254:38721, 6b24a2ab-97ee-4d49-85cc-2d76c2f4b8ef:192.168.157.254:41080, 277b5c5e-8c6f-4c9a-a53f-1bbc96404e12:192.168.157.254:41416], old=null
2019-10-16 21:55:23,955 [277b5c5e-8c6f-4c9a-a53f-1bbc96404e12@group-569FAC3F8BCE-LeaderElection223] INFO  impl.RaftServerImpl (RaftServerImpl.java:setRole(184)) - 277b5c5e-8c6f-4c9a-a53f-1bbc96404e12@group-569FAC3F8BCE: changes role from CANDIDATE to FOLLOWER at term 221 for DISCOVERED_A_NEW_TERM
2019-10-16 21:55:23,955 [277b5c5e-8c6f-4c9a-a53f-1bbc96404e12@group-569FAC3F8BCE-LeaderElection223] INFO  impl.RoleInfo (RoleInfo.java:shutdownLeaderElection(134)) - 277b5c5e-8c6f-4c9a-a53f-1bbc96404e12: shutdown LeaderElection
2019-10-16 21:55:23,955 [277b5c5e-8c6f-4c9a-a53f-1bbc96404e12@group-569FAC3F8BCE-LeaderElection223] INFO  impl.RoleInfo (RoleInfo.java:updateAndGet(143)) - 277b5c5e-8c6f-4c9a-a53f-1bbc96404e12: start FollowerState
2019-10-16 21:55:24,001 [Thread-1626] INFO  impl.FollowerState (FollowerState.java:run(108)) - 277b5c5e-8c6f-4c9a-a53f-1bbc96404e12@group-569FAC3F8BCE-FollowerState: change to CANDIDATE, lastRpcTime:45ms, electionTimeout:45ms
2019-10-16 21:55:24,001 [Thread-1626] INFO  impl.RoleInfo (RoleInfo.java:shutdownFollowerState(121)) - 277b5c5e-8c6f-4c9a-a53f-1bbc96404e12: shutdown FollowerState
2019-10-16 21:55:24,001 [Thread-1626] INFO  impl.RaftServerImpl (RaftServerImpl.java:setRole(184)) - 277b5c5e-8c6f-4c9a-a53f-1bbc96404e12@group-569FAC3F8BCE: changes role from  FOLLOWER to CANDIDATE at term 221 for changeToCandidate
2019-10-16 21:55:24,001 [Thread-1626] INFO  impl.RoleInfo (RoleInfo.java:updateAndGet(143)) - 277b5c5e-8c6f-4c9a-a53f-1bbc96404e12: start LeaderElection
2019-10-16 21:55:24,026 [277b5c5e-8c6f-4c9a-a53f-1bbc96404e12@group-569FAC3F8BCE-LeaderElection224] INFO  impl.LeaderElection (LeaderElection.java:askForVotes(178)) - 277b5c5e-8c6f-4c9a-a53f-1bbc96404e12@group-569FAC3F8BCE-LeaderElection224: begin an election at term 222 for -1: [a32408a4-f19d-4bad-97c5-ba33ae94fc9a:192.168.157.254:38721, 6b24a2ab-97ee-4d49-85cc-2d76c2f4b8ef:192.168.157.254:41080, 277b5c5e-8c6f-4c9a-a53f-1bbc96404e12:192.168.157.254:41416], old=null
2019-10-16 21:55:24,028 [grpc-default-executor-1] INFO  impl.RaftServerImpl (RaftServerImpl.java:setRole(184)) - a32408a4-f19d-4bad-97c5-ba33ae94fc9a@group-569FAC3F8BCE: changes role from  FOLLOWER to FOLLOWER at term 222 for recognizeCandidate:277b5c5e-8c6f-4c9a-a53f-1bbc96404e12
2019-10-16 21:55:24,029 [grpc-default-executor-1] INFO  impl.RoleInfo (RoleInfo.java:shutdownFollowerState(121)) - a32408a4-f19d-4bad-97c5-ba33ae94fc9a: shutdown FollowerState
2019-10-16 21:55:24,029 [grpc-default-executor-0] INFO  impl.RaftServerImpl (RaftServerImpl.java:setRole(184)) - 6b24a2ab-97ee-4d49-85cc-2d76c2f4b8ef@group-569FAC3F8BCE: changes role from  FOLLOWER to FOLLOWER at term 222 for recognizeCandidate:277b5c5e-8c6f-4c9a-a53f-1bbc96404e12
2019-10-16 21:55:24,029 [grpc-default-executor-0] INFO  impl.RoleInfo (RoleInfo.java:shutdownFollowerState(121)) - 6b24a2ab-97ee-4d49-85cc-2d76c2f4b8ef: shutdown FollowerState
2019-10-16 21:55:24,029 [grpc-default-executor-1] INFO  impl.RoleInfo (RoleInfo.java:updateAndGet(143)) - a32408a4-f19d-4bad-97c5-ba33ae94fc9a: start FollowerState
2019-10-16 21:55:24,029 [Thread-1624] INFO  impl.FollowerState (FollowerState.java:run(117)) - a32408a4-f19d-4bad-97c5-ba33ae94fc9a@group-569FAC3F8BCE-FollowerState was interrupted: java.lang.InterruptedException: sleep interrupted
2019-10-16 21:55:24,029 [Thread-1625] INFO  impl.FollowerState (FollowerState.java:run(117)) - 6b24a2ab-97ee-4d49-85cc-2d76c2f4b8ef@group-569FAC3F8BCE-FollowerState was interrupted: java.lang.InterruptedException: sleep interrupted
2019-10-16 21:55:24,029 [grpc-default-executor-0] INFO  impl.RoleInfo (RoleInfo.java:updateAndGet(143)) - 6b24a2ab-97ee-4d49-85cc-2d76c2f4b8ef: start FollowerState
2019-10-16 21:55:24,046 [277b5c5e-8c6f-4c9a-a53f-1bbc96404e12@group-569FAC3F8BCE-LeaderElection224] INFO  impl.LeaderElection (LeaderElection.java:logAndReturn(56)) - 277b5c5e-8c6f-4c9a-a53f-1bbc96404e12@group-569FAC3F8BCE-LeaderElection224: Election TIMEOUT; received 0 response(s) [] and 0 exception(s); 277b5c5e-8c6f-4c9a-a53f-1bbc96404e12@group-569FAC3F8BCE:t222, leader=null, voted=277b5c5e-8c6f-4c9a-a53f-1bbc96404e12, raftlog=277b5c5e-8c6f-4c9a-a53f-1bbc96404e12@group-569FAC3F8BCE-SegmentedRaftLog:OPENED:c-1,f-1,i0, conf=-1: [a32408a4-f19d-4bad-97c5-ba33ae94fc9a:192.168.157.254:38721, 6b24a2ab-97ee-4d49-85cc-2d76c2f4b8ef:192.168.157.254:41080, 277b5c5e-8c6f-4c9a-a53f-1bbc96404e12:192.168.157.254:41416], old=null
2019-10-16 21:55:24,055 [277b5c5e-8c6f-4c9a-a53f-1bbc96404e12@group-569FAC3F8BCE-LeaderElection224] INFO  impl.LeaderElection (LeaderElection.java:askForVotes(178)) - 277b5c5e-8c6f-4c9a-a53f-1bbc96404e12@group-569FAC3F8BCE-LeaderElection224: begin an election at term 223 for -1: [a32408a4-f19d-4bad-97c5-ba33ae94fc9a:192.168.157.254:38721, 6b24a2ab-97ee-4d49-85cc-2d76c2f4b8ef:192.168.157.254:41080, 277b5c5e-8c6f-4c9a-a53f-1bbc96404e12:192.168.157.254:41416], old=null
2019-10-16 21:55:24,058 [grpc-default-executor-0] INFO  impl.RaftServerImpl (RaftServerImpl.java:setRole(184)) - 6b24a2ab-97ee-4d49-85cc-2d76c2f4b8ef@group-569FAC3F8BCE: changes role from  FOLLOWER to FOLLOWER at term 223 for recognizeCandidate:277b5c5e-8c6f-4c9a-a53f-1bbc96404e12
2019-10-16 21:55:24,058 [grpc-default-executor-0] INFO  impl.RoleInfo (RoleInfo.java:shutdownFollowerState(121)) - 6b24a2ab-97ee-4d49-85cc-2d76c2f4b8ef: shutdown FollowerState
2019-10-16 21:55:24,058 [grpc-default-executor-0] INFO  impl.RoleInfo (RoleInfo.java:updateAndGet(143)) - 6b24a2ab-97ee-4d49-85cc-2d76c2f4b8ef: start FollowerState
2019-10-16 21:55:24,058 [Thread-1631] INFO  impl.FollowerState (FollowerState.java:run(117)) - 6b24a2ab-97ee-4d49-85cc-2d76c2f4b8ef@group-569FAC3F8BCE-FollowerState was interrupted: java.lang.InterruptedException: sleep interrupted
2019-10-16 21:55:24,058 [grpc-default-executor-1] INFO  impl.RaftServerImpl (RaftServerImpl.java:setRole(184)) - a32408a4-f19d-4bad-97c5-ba33ae94fc9a@group-569FAC3F8BCE: changes role from  FOLLOWER to FOLLOWER at term 223 for recognizeCandidate:277b5c5e-8c6f-4c9a-a53f-1bbc96404e12
2019-10-16 21:55:24,059 [grpc-default-executor-1] INFO  impl.RoleInfo (RoleInfo.java:shutdownFollowerState(121)) - a32408a4-f19d-4bad-97c5-ba33ae94fc9a: shutdown FollowerState
2019-10-16 21:55:24,059 [grpc-default-executor-1] INFO  impl.RoleInfo (RoleInfo.java:updateAndGet(143)) - a32408a4-f19d-4bad-97c5-ba33ae94fc9a: start FollowerState
2019-10-16 21:55:24,059 [Thread-1630] INFO  impl.FollowerState (FollowerState.java:run(117)) - a32408a4-f19d-4bad-97c5-ba33ae94fc9a@group-569FAC3F8BCE-FollowerState was interrupted: java.lang.InterruptedException: sleep interrupted
2019-10-16 21:55:24,077 [277b5c5e-8c6f-4c9a-a53f-1bbc96404e12@group-569FAC3F8BCE-LeaderElection224] INFO  impl.LeaderElection (LeaderElection.java:logAndReturn(56)) - 277b5c5e-8c6f-4c9a-a53f-1bbc96404e12@group-569FAC3F8BCE-LeaderElection224: Election REJECTED; received 2 response(s) [277b5c5e-8c6f-4c9a-a53f-1bbc96404e12<-a32408a4-f19d-4bad-97c5-ba33ae94fc9a#0:FAIL-t223, 277b5c5e-8c6f-4c9a-a53f-1bbc96404e12<-6b24a2ab-97ee-4d49-85cc-2d76c2f4b8ef#0:FAIL-t223] and 0 exception(s); 277b5c5e-8c6f-4c9a-a53f-1bbc96404e12@group-569FAC3F8BCE:t223, leader=null, voted=277b5c5e-8c6f-4c9a-a53f-1bbc96404e12, raftlog=277b5c5e-8c6f-4c9a-a53f-1bbc96404e12@group-569FAC3F8BCE-SegmentedRaftLog:OPENED:c-1,f-1,i0, conf=-1: [a32408a4-f19d-4bad-97c5-ba33ae94fc9a:192.168.157.254:38721, 6b24a2ab-97ee-4d49-85cc-2d76c2f4b8ef:192.168.157.254:41080, 277b5c5e-8c6f-4c9a-a53f-1bbc96404e12:192.168.157.254:41416], old=null
2019-10-16 21:55:24,077 [277b5c5e-8c6f-4c9a-a53f-1bbc96404e12@group-569FAC3F8BCE-LeaderElection224] INFO  impl.RaftServerImpl (RaftServerImpl.java:setRole(184)) - 277b5c5e-8c6f-4c9a-a53f-1bbc96404e12@group-569FAC3F8BCE: changes role from CANDIDATE to FOLLOWER at term 223 for DISCOVERED_A_NEW_TERM
2019-10-16 21:55:24,077 [277b5c5e-8c6f-4c9a-a53f-1bbc96404e12@group-569FAC3F8BCE-LeaderElection224] INFO  impl.RoleInfo (RoleInfo.java:shutdownLeaderElection(134)) - 277b5c5e-8c6f-4c9a-a53f-1bbc96404e12: shutdown LeaderElection
2019-10-16 21:55:24,077 [277b5c5e-8c6f-4c9a-a53f-1bbc96404e12@group-569FAC3F8BCE-LeaderElection224] INFO  impl.RoleInfo (RoleInfo.java:updateAndGet(143)) - 277b5c5e-8c6f-4c9a-a53f-1bbc96404e12: start FollowerState
2019-10-16 21:55:24,194 [Thread-1636] INFO  impl.FollowerState (FollowerState.java:run(108)) - 277b5c5e-8c6f-4c9a-a53f-1bbc96404e12@group-569FAC3F8BCE-FollowerState: change to CANDIDATE, lastRpcTime:117ms, electionTimeout:117ms
2019-10-16 21:55:24,195 [Thread-1636] INFO  impl.RoleInfo (RoleInfo.java:shutdownFollowerState(121)) - 277b5c5e-8c6f-4c9a-a53f-1bbc96404e12: shutdown FollowerState
2019-10-16 21:55:24,195 [Thread-1636] INFO  impl.RaftServerImpl (RaftServerImpl.java:setRole(184)) - 277b5c5e-8c6f-4c9a-a53f-1bbc96404e12@group-569FAC3F8BCE: changes role from  FOLLOWER to CANDIDATE at term 223 for changeToCandidate
2019-10-16 21:55:24,195 [Thread-1636] INFO  impl.RoleInfo (RoleInfo.java:updateAndGet(143)) - 277b5c5e-8c6f-4c9a-a53f-1bbc96404e12: start LeaderElection
2019-10-16 21:55:24,202 [277b5c5e-8c6f-4c9a-a53f-1bbc96404e12@group-569FAC3F8BCE-LeaderElection225] INFO  impl.LeaderElection (LeaderElection.java:askForVotes(178)) - 277b5c5e-8c6f-4c9a-a53f-1bbc96404e12@group-569FAC3F8BCE-LeaderElection225: begin an election at term 224 for -1: [a32408a4-f19d-4bad-97c5-ba33ae94fc9a:192.168.157.254:38721, 6b24a2ab-97ee-4d49-85cc-2d76c2f4b8ef:192.168.157.254:41080, 277b5c5e-8c6f-4c9a-a53f-1bbc96404e12:192.168.157.254:41416], old=null
2019-10-16 21:55:24,205 [grpc-default-executor-1] INFO  impl.RaftServerImpl (RaftServerImpl.java:setRole(184)) - 6b24a2ab-97ee-4d49-85cc-2d76c2f4b8ef@group-569FAC3F8BCE: changes role from  FOLLOWER to FOLLOWER at term 224 for recognizeCandidate:277b5c5e-8c6f-4c9a-a53f-1bbc96404e12
2019-10-16 21:55:24,205 [grpc-default-executor-0] INFO  impl.RaftServerImpl (RaftServerImpl.java:setRole(184)) - a32408a4-f19d-4bad-97c5-ba33ae94fc9a@group-569FAC3F8BCE: changes role from  FOLLOWER to FOLLOWER at term 224 for recognizeCandidate:277b5c5e-8c6f-4c9a-a53f-1bbc96404e12
2019-10-16 21:55:24,205 [grpc-default-executor-1] INFO  impl.RoleInfo (RoleInfo.java:shutdownFollowerState(121)) - 6b24a2ab-97ee-4d49-85cc-2d76c2f4b8ef: shutdown FollowerState
2019-10-16 21:55:24,205 [grpc-default-executor-0] INFO  impl.RoleInfo (RoleInfo.java:shutdownFollowerState(121)) - a32408a4-f19d-4bad-97c5-ba33ae94fc9a: shutdown FollowerState
2019-10-16 21:55:24,205 [Thread-1634] INFO  impl.FollowerState (FollowerState.java:run(117)) - 6b24a2ab-97ee-4d49-85cc-2d76c2f4b8ef@group-569FAC3F8BCE-FollowerState was interrupted: java.lang.InterruptedException: sleep interrupted
2019-10-16 21:55:24,205 [grpc-default-executor-1] INFO  impl.RoleInfo (RoleInfo.java:updateAndGet(143)) - 6b24a2ab-97ee-4d49-85cc-2d76c2f4b8ef: start FollowerState
2019-10-16 21:55:24,206 [Thread-1635] INFO  impl.FollowerState (FollowerState.java:run(117)) - a32408a4-f19d-4bad-97c5-ba33ae94fc9a@group-569FAC3F8BCE-FollowerState was interrupted: java.lang.InterruptedException: sleep interrupted
2019-10-16 21:55:24,205 [grpc-default-executor-0] INFO  impl.RoleInfo (RoleInfo.java:updateAndGet(143)) - a32408a4-f19d-4bad-97c5-ba33ae94fc9a: start FollowerState
2019-10-16 21:55:24,218 [277b5c5e-8c6f-4c9a-a53f-1bbc96404e12@group-569FAC3F8BCE-LeaderElection225] INFO  impl.LeaderElection (LeaderElection.java:logAndReturn(56)) - 277b5c5e-8c6f-4c9a-a53f-1bbc96404e12@group-569FAC3F8BCE-LeaderElection225: Election REJECTED; received 2 response(s) [277b5c5e-8c6f-4c9a-a53f-1bbc96404e12<-6b24a2ab-97ee-4d49-85cc-2d76c2f4b8ef#0:FAIL-t224, 277b5c5e-8c6f-4c9a-a53f-1bbc96404e12<-a32408a4-f19d-4bad-97c5-ba33ae94fc9a#0:FAIL-t224] and 0 exception(s); 277b5c5e-8c6f-4c9a-a53f-1bbc96404e12@group-569FAC3F8BCE:t224, leader=null, voted=277b5c5e-8c6f-4c9a-a53f-1bbc96404e12, raftlog=277b5c5e-8c6f-4c9a-a53f-1bbc96404e12@group-569FAC3F8BCE-SegmentedRaftLog:OPENED:c-1,f-1,i0, conf=-1: [a32408a4-f19d-4bad-97c5-ba33ae94fc9a:192.168.157.254:38721, 6b24a2ab-97ee-4d49-85cc-2d76c2f4b8ef:192.168.157.254:41080, 277b5c5e-8c6f-4c9a-a53f-1bbc96404e12:192.168.157.254:41416], old=null
2019-10-16 21:55:24,219 [277b5c5e-8c6f-4c9a-a53f-1bbc96404e12@group-569FAC3F8BCE-LeaderElection225] INFO  impl.RaftServerImpl (RaftServerImpl.java:setRole(184)) - 277b5c5e-8c6f-4c9a-a53f-1bbc96404e12@group-569FAC3F8BCE: changes role from CANDIDATE to FOLLOWER at term 224 for DISCOVERED_A_NEW_TERM
2019-10-16 21:55:24,219 [277b5c5e-8c6f-4c9a-a53f-1bbc96404e12@group-569FAC3F8BCE-LeaderElection225] INFO  impl.RoleInfo (RoleInfo.java:shutdownLeaderElection(134)) - 277b5c5e-8c6f-4c9a-a53f-1bbc96404e12: shutdown LeaderElection
2019-10-16 21:55:24,219 [277b5c5e-8c6f-4c9a-a53f-1bbc96404e12@group-569FAC3F8BCE-LeaderElection225] INFO  impl.RoleInfo (RoleInfo.java:updateAndGet(143)) - 277b5c5e-8c6f-4c9a-a53f-1bbc96404e12: start FollowerState
2019-10-16 21:55:24,249 [Thread-1642] INFO  impl.FollowerState (FollowerState.java:run(108)) - 277b5c5e-8c6f-4c9a-a53f-1bbc96404e12@group-569FAC3F8BCE-FollowerState: change to CANDIDATE, lastRpcTime:30ms, electionTimeout:30ms
2019-10-16 21:55:24,250 [Thread-1642] INFO  impl.RoleInfo (RoleInfo.java:shutdownFollowerState(121)) - 277b5c5e-8c6f-4c9a-a53f-1bbc96404e12: shutdown FollowerState
2019-10-16 21:55:24,250 [Thread-1642] INFO  impl.RaftServerImpl (RaftServerImpl.java:setRole(184)) - 277b5c5e-8c6f-4c9a-a53f-1bbc96404e12@group-569FAC3F8BCE: changes role from  FOLLOWER to CANDIDATE at term 224 for changeToCandidate
2019-10-16 21:55:24,250 [Thread-1642] INFO  impl.RoleInfo (RoleInfo.java:updateAndGet(143)) - 277b5c5e-8c6f-4c9a-a53f-1bbc96404e12: start LeaderElection
2019-10-16 21:55:24,255 [277b5c5e-8c6f-4c9a-a53f-1bbc96404e12@group-569FAC3F8BCE-LeaderElection226] INFO  impl.LeaderElection (LeaderElection.java:askForVotes(178)) - 277b5c5e-8c6f-4c9a-a53f-1bbc96404e12@group-569FAC3F8BCE-LeaderElection226: begin an election at term 225 for -1: [a32408a4-f19d-4bad-97c5-ba33ae94fc9a:192.168.157.254:38721, 6b24a2ab-97ee-4d49-85cc-2d76c2f4b8ef:192.168.157.254:41080, 277b5c5e-8c6f-4c9a-a53f-1bbc96404e12:192.168.157.254:41416], old=null
2019-10-16 21:55:24,257 [grpc-default-executor-0] INFO  impl.RaftServerImpl (RaftServerImpl.java:setRole(184)) - a32408a4-f19d-4bad-97c5-ba33ae94fc9a@group-569FAC3F8BCE: changes role from  FOLLOWER to FOLLOWER at term 225 for recognizeCandidate:277b5c5e-8c6f-4c9a-a53f-1bbc96404e12
2019-10-16 21:55:24,257 [grpc-default-executor-1] INFO  impl.RaftServerImpl (RaftServerImpl.java:setRole(184)) - 6b24a2ab-97ee-4d49-85cc-2d76c2f4b8ef@group-569FAC3F8BCE: changes role from  FOLLOWER to FOLLOWER at term 225 for recognizeCandidate:277b5c5e-8c6f-4c9a-a53f-1bbc96404e12
2019-10-16 21:55:24,257 [grpc-default-executor-0] INFO  impl.RoleInfo (RoleInfo.java:shutdownFollowerState(121)) - a32408a4-f19d-4bad-97c5-ba33ae94fc9a: shutdown FollowerState
2019-10-16 21:55:24,257 [grpc-default-executor-1] INFO  impl.RoleInfo (RoleInfo.java:shutdownFollowerState(121)) - 6b24a2ab-97ee-4d49-85cc-2d76c2f4b8ef: shutdown FollowerState
2019-10-16 21:55:24,257 [grpc-default-executor-1] INFO  impl.RoleInfo (RoleInfo.java:updateAndGet(143)) - 6b24a2ab-97ee-4d49-85cc-2d76c2f4b8ef: start FollowerState
2019-10-16 21:55:24,257 [Thread-1641] INFO  impl.FollowerState (FollowerState.java:run(117)) - a32408a4-f19d-4bad-97c5-ba33ae94fc9a@group-569FAC3F8BCE-FollowerState was interrupted: java.lang.InterruptedException: sleep interrupted
2019-10-16 21:55:24,257 [grpc-default-executor-0] INFO  impl.RoleInfo (RoleInfo.java:updateAndGet(143)) - a32408a4-f19d-4bad-97c5-ba33ae94fc9a: start FollowerState
2019-10-16 21:55:24,257 [Thread-1640] INFO  impl.FollowerState (FollowerState.java:run(117)) - 6b24a2ab-97ee-4d49-85cc-2d76c2f4b8ef@group-569FAC3F8BCE-FollowerState was interrupted: java.lang.InterruptedException: sleep interrupted
2019-10-16 21:55:24,271 [277b5c5e-8c6f-4c9a-a53f-1bbc96404e12@group-569FAC3F8BCE-LeaderElection226] INFO  impl.LeaderElection (LeaderElection.java:logAndReturn(56)) - 277b5c5e-8c6f-4c9a-a53f-1bbc96404e12@group-569FAC3F8BCE-LeaderElection226: Election REJECTED; received 2 response(s) [277b5c5e-8c6f-4c9a-a53f-1bbc96404e12<-6b24a2ab-97ee-4d49-85cc-2d76c2f4b8ef#0:FAIL-t225, 277b5c5e-8c6f-4c9a-a53f-1bbc96404e12<-a32408a4-f19d-4bad-97c5-ba33ae94fc9a#0:FAIL-t225] and 0 exception(s); 277b5c5e-8c6f-4c9a-a53f-1bbc96404e12@group-569FAC3F8BCE:t225, leader=null, voted=277b5c5e-8c6f-4c9a-a53f-1bbc96404e12, raftlog=277b5c5e-8c6f-4c9a-a53f-1bbc96404e12@group-569FAC3F8BCE-SegmentedRaftLog:OPENED:c-1,f-1,i0, conf=-1: [a32408a4-f19d-4bad-97c5-ba33ae94fc9a:192.168.157.254:38721, 6b24a2ab-97ee-4d49-85cc-2d76c2f4b8ef:192.168.157.254:41080, 277b5c5e-8c6f-4c9a-a53f-1bbc96404e12:192.168.157.254:41416], old=null
2019-10-16 21:55:24,271 [277b5c5e-8c6f-4c9a-a53f-1bbc96404e12@group-569FAC3F8BCE-LeaderElection226] INFO  impl.RaftServerImpl (RaftServerImpl.java:setRole(184)) - 277b5c5e-8c6f-4c9a-a53f-1bbc96404e12@group-569FAC3F8BCE: changes role from CANDIDATE to FOLLOWER at term 225 for DISCOVERED_A_NEW_TERM
2019-10-16 21:55:24,271 [277b5c5e-8c6f-4c9a-a53f-1bbc96404e12@group-569FAC3F8BCE-LeaderElection226] INFO  impl.RoleInfo (RoleInfo.java:shutdownLeaderElection(134)) - 277b5c5e-8c6f-4c9a-a53f-1bbc96404e12: shutdown LeaderElection
2019-10-16 21:55:24,271 [277b5c5e-8c6f-4c9a-a53f-1bbc96404e12@group-569FAC3F8BCE-LeaderElection226] INFO  impl.RoleInfo (RoleInfo.java:updateAndGet(143)) - 277b5c5e-8c6f-4c9a-a53f-1bbc96404e12: start FollowerState
2019-10-16 21:55:24,359 [Thread-1648] INFO  impl.FollowerState (FollowerState.java:run(108)) - 277b5c5e-8c6f-4c9a-a53f-1bbc96404e12@group-569FAC3F8BCE-FollowerState: change to CANDIDATE, lastRpcTime:88ms, electionTimeout:88ms
2019-10-16 21:55:24,360 [Thread-1648] INFO  impl.RoleInfo (RoleInfo.java:shutdownFollowerState(121)) - 277b5c5e-8c6f-4c9a-a53f-1bbc96404e12: shutdown FollowerState
2019-10-16 21:55:24,360 [Thread-1648] INFO  impl.RaftServerImpl (RaftServerImpl.java:setRole(184)) - 277b5c5e-8c6f-4c9a-a53f-1bbc96404e12@group-569FAC3F8BCE: changes role from  FOLLOWER to CANDIDATE at term 225 for changeToCandidate
2019-10-16 21:55:24,360 [Thread-1648] INFO  impl.RoleInfo (RoleInfo.java:updateAndGet(143)) - 277b5c5e-8c6f-4c9a-a53f-1bbc96404e12: start LeaderElection
2019-10-16 21:55:24,380 [277b5c5e-8c6f-4c9a-a53f-1bbc96404e12@group-569FAC3F8BCE-LeaderElection227] INFO  impl.LeaderElection (LeaderElection.java:askForVotes(178)) - 277b5c5e-8c6f-4c9a-a53f-1bbc96404e12@group-569FAC3F8BCE-LeaderElection227: begin an election at term 226 for -1: [a32408a4-f19d-4bad-97c5-ba33ae94fc9a:192.168.157.254:38721, 6b24a2ab-97ee-4d49-85cc-2d76c2f4b8ef:192.168.157.254:41080, 277b5c5e-8c6f-4c9a-a53f-1bbc96404e12:192.168.157.254:41416], old=null
2019-10-16 21:55:24,382 [grpc-default-executor-0] INFO  impl.RaftServerImpl (RaftServerImpl.java:setRole(184)) - a32408a4-f19d-4bad-97c5-ba33ae94fc9a@group-569FAC3F8BCE: changes role from  FOLLOWER to FOLLOWER at term 226 for recognizeCandidate:277b5c5e-8c6f-4c9a-a53f-1bbc96404e12
2019-10-16 21:55:24,382 [grpc-default-executor-0] INFO  impl.RoleInfo (RoleInfo.java:shutdownFollowerState(121)) - a32408a4-f19d-4bad-97c5-ba33ae94fc9a: shutdown FollowerState
2019-10-16 21:55:24,382 [grpc-default-executor-1] INFO  impl.RaftServerImpl (RaftServerImpl.java:setRole(184)) - 6b24a2ab-97ee-4d49-85cc-2d76c2f4b8ef@group-569FAC3F8BCE: changes role from  FOLLOWER to FOLLOWER at term 226 for recognizeCandidate:277b5c5e-8c6f-4c9a-a53f-1bbc96404e12
2019-10-16 21:55:24,382 [Thread-1646] INFO  impl.FollowerState (FollowerState.java:run(117)) - a32408a4-f19d-4bad-97c5-ba33ae94fc9a@group-569FAC3F8BCE-FollowerState was interrupted: java.lang.InterruptedException: sleep interrupted
2019-10-16 21:55:24,382 [grpc-default-executor-0] INFO  impl.RoleInfo (RoleInfo.java:updateAndGet(143)) - a32408a4-f19d-4bad-97c5-ba33ae94fc9a: start FollowerState
2019-10-16 21:55:24,382 [grpc-default-executor-1] INFO  impl.RoleInfo (RoleInfo.java:shutdownFollowerState(121)) - 6b24a2ab-97ee-4d49-85cc-2d76c2f4b8ef: shutdown FollowerState
2019-10-16 21:55:24,383 [grpc-default-executor-1] INFO  impl.RoleInfo (RoleInfo.java:updateAndGet(143)) - 6b24a2ab-97ee-4d49-85cc-2d76c2f4b8ef: start FollowerState
2019-10-16 21:55:24,383 [Thread-1647] INFO  impl.FollowerState (FollowerState.java:run(117)) - 6b24a2ab-97ee-4d49-85cc-2d76c2f4b8ef@group-569FAC3F8BCE-FollowerState was interrupted: java.lang.InterruptedException: sleep interrupted
2019-10-16 21:55:24,394 [277b5c5e-8c6f-4c9a-a53f-1bbc96404e12@group-569FAC3F8BCE-LeaderElection227] INFO  impl.LeaderElection (LeaderElection.java:logAndReturn(56)) - 277b5c5e-8c6f-4c9a-a53f-1bbc96404e12@group-569FAC3F8BCE-LeaderElection227: Election TIMEOUT; received 0 response(s) [] and 0 exception(s); 277b5c5e-8c6f-4c9a-a53f-1bbc96404e12@group-569FAC3F8BCE:t226, leader=null, voted=277b5c5e-8c6f-4c9a-a53f-1bbc96404e12, raftlog=277b5c5e-8c6f-4c9a-a53f-1bbc96404e12@group-569FAC3F8BCE-SegmentedRaftLog:OPENED:c-1,f-1,i0, conf=-1: [a32408a4-f19d-4bad-97c5-ba33ae94fc9a:192.168.157.254:38721, 6b24a2ab-97ee-4d49-85cc-2d76c2f4b8ef:192.168.157.254:41080, 277b5c5e-8c6f-4c9a-a53f-1bbc96404e12:192.168.157.254:41416], old=null
2019-10-16 21:55:24,398 [277b5c5e-8c6f-4c9a-a53f-1bbc96404e12@group-569FAC3F8BCE-LeaderElection227] INFO  impl.LeaderElection (LeaderElection.java:askForVotes(178)) - 277b5c5e-8c6f-4c9a-a53f-1bbc96404e12@group-569FAC3F8BCE-LeaderElection227: begin an election at term 227 for -1: [a32408a4-f19d-4bad-97c5-ba33ae94fc9a:192.168.157.254:38721, 6b24a2ab-97ee-4d49-85cc-2d76c2f4b8ef:192.168.157.254:41080, 277b5c5e-8c6f-4c9a-a53f-1bbc96404e12:192.168.157.254:41416], old=null
2019-10-16 21:55:24,400 [grpc-default-executor-0] INFO  impl.RaftServerImpl (RaftServerImpl.java:setRole(184)) - 6b24a2ab-97ee-4d49-85cc-2d76c2f4b8ef@group-569FAC3F8BCE: changes role from  FOLLOWER to FOLLOWER at term 227 for recognizeCandidate:277b5c5e-8c6f-4c9a-a53f-1bbc96404e12
2019-10-16 21:55:24,400 [grpc-default-executor-0] INFO  impl.RoleInfo (RoleInfo.java:shutdownFollowerState(121)) - 6b24a2ab-97ee-4d49-85cc-2d76c2f4b8ef: shutdown FollowerState
2019-10-16 21:55:24,400 [grpc-default-executor-0] INFO  impl.RoleInfo (RoleInfo.java:updateAndGet(143)) - 6b24a2ab-97ee-4d49-85cc-2d76c2f4b8ef: start FollowerState
2019-10-16 21:55:24,400 [Thread-1653] INFO  impl.FollowerState (FollowerState.java:run(117)) - 6b24a2ab-97ee-4d49-85cc-2d76c2f4b8ef@group-569FAC3F8BCE-FollowerState was interrupted: java.lang.InterruptedException: sleep interrupted
2019-10-16 21:55:24,401 [grpc-default-executor-1] INFO  impl.RaftServerImpl (RaftServerImpl.java:setRole(184)) - a32408a4-f19d-4bad-97c5-ba33ae94fc9a@group-569FAC3F8BCE: changes role from  FOLLOWER to FOLLOWER at term 227 for recognizeCandidate:277b5c5e-8c6f-4c9a-a53f-1bbc96404e12
2019-10-16 21:55:24,401 [grpc-default-executor-1] INFO  impl.RoleInfo (RoleInfo.java:shutdownFollowerState(121)) - a32408a4-f19d-4bad-97c5-ba33ae94fc9a: shutdown FollowerState
2019-10-16 21:55:24,401 [grpc-default-executor-1] INFO  impl.RoleInfo (RoleInfo.java:updateAndGet(143)) - a32408a4-f19d-4bad-97c5-ba33ae94fc9a: start FollowerState
2019-10-16 21:55:24,401 [Thread-1652] INFO  impl.FollowerState (FollowerState.java:run(117)) - a32408a4-f19d-4bad-97c5-ba33ae94fc9a@group-569FAC3F8BCE-FollowerState was interrupted: java.lang.InterruptedException: sleep interrupted
2019-10-16 21:55:24,415 [277b5c5e-8c6f-4c9a-a53f-1bbc96404e12@group-569FAC3F8BCE-LeaderElection227] INFO  impl.LeaderElection (LeaderElection.java:logAndReturn(56)) - 277b5c5e-8c6f-4c9a-a53f-1bbc96404e12@group-569FAC3F8BCE-LeaderElection227: Election REJECTED; received 2 response(s) [277b5c5e-8c6f-4c9a-a53f-1bbc96404e12<-a32408a4-f19d-4bad-97c5-ba33ae94fc9a#0:FAIL-t227, 277b5c5e-8c6f-4c9a-a53f-1bbc96404e12<-6b24a2ab-97ee-4d49-85cc-2d76c2f4b8ef#0:FAIL-t227] and 0 exception(s); 277b5c5e-8c6f-4c9a-a53f-1bbc96404e12@group-569FAC3F8BCE:t227, leader=null, voted=277b5c5e-8c6f-4c9a-a53f-1bbc96404e12, raftlog=277b5c5e-8c6f-4c9a-a53f-1bbc96404e12@group-569FAC3F8BCE-SegmentedRaftLog:OPENED:c-1,f-1,i0, conf=-1: [a32408a4-f19d-4bad-97c5-ba33ae94fc9a:192.168.157.254:38721, 6b24a2ab-97ee-4d49-85cc-2d76c2f4b8ef:192.168.157.254:41080, 277b5c5e-8c6f-4c9a-a53f-1bbc96404e12:192.168.157.254:41416], old=null
2019-10-16 21:55:24,415 [277b5c5e-8c6f-4c9a-a53f-1bbc96404e12@group-569FAC3F8BCE-LeaderElection227] INFO  impl.RaftServerImpl (RaftServerImpl.java:setRole(184)) - 277b5c5e-8c6f-4c9a-a53f-1bbc96404e12@group-569FAC3F8BCE: changes role from CANDIDATE to FOLLOWER at term 227 for DISCOVERED_A_NEW_TERM
2019-10-16 21:55:24,415 [277b5c5e-8c6f-4c9a-a53f-1bbc96404e12@group-569FAC3F8BCE-LeaderElection227] INFO  impl.RoleInfo (RoleInfo.java:shutdownLeaderElection(134)) - 277b5c5e-8c6f-4c9a-a53f-1bbc96404e12: shutdown LeaderElection
2019-10-16 21:55:24,416 [277b5c5e-8c6f-4c9a-a53f-1bbc96404e12@group-569FAC3F8BCE-LeaderElection227] INFO  impl.RoleInfo (RoleInfo.java:updateAndGet(143)) - 277b5c5e-8c6f-4c9a-a53f-1bbc96404e12: start FollowerState
2019-10-16 21:55:24,430 [Thread-1658] INFO  impl.FollowerState (FollowerState.java:run(108)) - 277b5c5e-8c6f-4c9a-a53f-1bbc96404e12@group-569FAC3F8BCE-FollowerState: change to CANDIDATE, lastRpcTime:14ms, electionTimeout:14ms
2019-10-16 21:55:24,430 [Thread-1658] INFO  impl.RoleInfo (RoleInfo.java:shutdownFollowerState(121)) - 277b5c5e-8c6f-4c9a-a53f-1bbc96404e12: shutdown FollowerState
2019-10-16 21:55:24,430 [Thread-1658] INFO  impl.RaftServerImpl (RaftServerImpl.java:setRole(184)) - 277b5c5e-8c6f-4c9a-a53f-1bbc96404e12@group-569FAC3F8BCE: changes role from  FOLLOWER to CANDIDATE at term 227 for changeToCandidate
2019-10-16 21:55:24,430 [Thread-1658] INFO  impl.RoleInfo (RoleInfo.java:updateAndGet(143)) - 277b5c5e-8c6f-4c9a-a53f-1bbc96404e12: start LeaderElection
2019-10-16 21:55:24,443 [277b5c5e-8c6f-4c9a-a53f-1bbc96404e12@group-569FAC3F8BCE-LeaderElection228] INFO  impl.LeaderElection (LeaderElection.java:askForVotes(178)) - 277b5c5e-8c6f-4c9a-a53f-1bbc96404e12@group-569FAC3F8BCE-LeaderElection228: begin an election at term 228 for -1: [a32408a4-f19d-4bad-97c5-ba33ae94fc9a:192.168.157.254:38721, 6b24a2ab-97ee-4d49-85cc-2d76c2f4b8ef:192.168.157.254:41080, 277b5c5e-8c6f-4c9a-a53f-1bbc96404e12:192.168.157.254:41416], old=null
2019-10-16 21:55:24,445 [grpc-default-executor-1] INFO  impl.RaftServerImpl (RaftServerImpl.java:setRole(184)) - a32408a4-f19d-4bad-97c5-ba33ae94fc9a@group-569FAC3F8BCE: changes role from  FOLLOWER to FOLLOWER at term 228 for recognizeCandidate:277b5c5e-8c6f-4c9a-a53f-1bbc96404e12
2019-10-16 21:55:24,445 [grpc-default-executor-1] INFO  impl.RoleInfo (RoleInfo.java:shutdownFollowerState(121)) - a32408a4-f19d-4bad-97c5-ba33ae94fc9a: shutdown FollowerState
2019-10-16 21:55:24,445 [grpc-default-executor-1] INFO  impl.RoleInfo (RoleInfo.java:updateAndGet(143)) - a32408a4-f19d-4bad-97c5-ba33ae94fc9a: start FollowerState
2019-10-16 21:55:24,445 [Thread-1657] INFO  impl.FollowerState (FollowerState.java:run(117)) - a32408a4-f19d-4bad-97c5-ba33ae94fc9a@group-569FAC3F8BCE-FollowerState was interrupted: java.lang.InterruptedException: sleep interrupted
2019-10-16 21:55:24,446 [grpc-default-executor-0] INFO  impl.RaftServerImpl (RaftServerImpl.java:setRole(184)) - 6b24a2ab-97ee-4d49-85cc-2d76c2f4b8ef@group-569FAC3F8BCE: changes role from  FOLLOWER to FOLLOWER at term 228 for recognizeCandidate:277b5c5e-8c6f-4c9a-a53f-1bbc96404e12
2019-10-16 21:55:24,446 [grpc-default-executor-0] INFO  impl.RoleInfo (RoleInfo.java:shutdownFollowerState(121)) - 6b24a2ab-97ee-4d49-85cc-2d76c2f4b8ef: shutdown FollowerState
2019-10-16 21:55:24,446 [grpc-default-executor-0] INFO  impl.RoleInfo (RoleInfo.java:updateAndGet(143)) - 6b24a2ab-97ee-4d49-85cc-2d76c2f4b8ef: start FollowerState
2019-10-16 21:55:24,446 [Thread-1656] INFO  impl.FollowerState (FollowerState.java:run(117)) - 6b24a2ab-97ee-4d49-85cc-2d76c2f4b8ef@group-569FAC3F8BCE-FollowerState was interrupted: java.lang.InterruptedException: sleep interrupted
2019-10-16 21:55:24,462 [277b5c5e-8c6f-4c9a-a53f-1bbc96404e12@group-569FAC3F8BCE-LeaderElection228] INFO  impl.LeaderElection (LeaderElection.java:logAndReturn(56)) - 277b5c5e-8c6f-4c9a-a53f-1bbc96404e12@group-569FAC3F8BCE-LeaderElection228: Election REJECTED; received 2 response(s) [277b5c5e-8c6f-4c9a-a53f-1bbc96404e12<-a32408a4-f19d-4bad-97c5-ba33ae94fc9a#0:FAIL-t228, 277b5c5e-8c6f-4c9a-a53f-1bbc96404e12<-6b24a2ab-97ee-4d49-85cc-2d76c2f4b8ef#0:FAIL-t228] and 0 exception(s); 277b5c5e-8c6f-4c9a-a53f-1bbc96404e12@group-569FAC3F8BCE:t228, leader=null, voted=277b5c5e-8c6f-4c9a-a53f-1bbc96404e12, raftlog=277b5c5e-8c6f-4c9a-a53f-1bbc96404e12@group-569FAC3F8BCE-SegmentedRaftLog:OPENED:c-1,f-1,i0, conf=-1: [a32408a4-f19d-4bad-97c5-ba33ae94fc9a:192.168.157.254:38721, 6b24a2ab-97ee-4d49-85cc-2d76c2f4b8ef:192.168.157.254:41080, 277b5c5e-8c6f-4c9a-a53f-1bbc96404e12:192.168.157.254:41416], old=null
2019-10-16 21:55:24,462 [277b5c5e-8c6f-4c9a-a53f-1bbc96404e12@group-569FAC3F8BCE-LeaderElection228] INFO  impl.RaftServerImpl (RaftServerImpl.java:setRole(184)) - 277b5c5e-8c6f-4c9a-a53f-1bbc96404e12@group-569FAC3F8BCE: changes role from CANDIDATE to FOLLOWER at term 228 for DISCOVERED_A_NEW_TERM
2019-10-16 21:55:24,462 [277b5c5e-8c6f-4c9a-a53f-1bbc96404e12@group-569FAC3F8BCE-LeaderElection228] INFO  impl.RoleInfo (RoleInfo.java:shutdownLeaderElection(134)) - 277b5c5e-8c6f-4c9a-a53f-1bbc96404e12: shutdown LeaderElection
2019-10-16 21:55:24,462 [277b5c5e-8c6f-4c9a-a53f-1bbc96404e12@group-569FAC3F8BCE-LeaderElection228] INFO  impl.RoleInfo (RoleInfo.java:updateAndGet(143)) - 277b5c5e-8c6f-4c9a-a53f-1bbc96404e12: start FollowerState
2019-10-16 21:55:24,572 [Thread-0] INFO  ozone.MiniOzoneClusterImpl (MiniOzoneClusterImpl.java:lambda$waitForClusterToBeReady$2(164)) - Waiting for 1 number of pipelines out of 4, to report a leader.
2019-10-16 21:55:24,581 [Thread-1664] INFO  impl.FollowerState (FollowerState.java:run(108)) - 277b5c5e-8c6f-4c9a-a53f-1bbc96404e12@group-569FAC3F8BCE-FollowerState: change to CANDIDATE, lastRpcTime:119ms, electionTimeout:119ms
2019-10-16 21:55:24,581 [Thread-1664] INFO  impl.RoleInfo (RoleInfo.java:shutdownFollowerState(121)) - 277b5c5e-8c6f-4c9a-a53f-1bbc96404e12: shutdown FollowerState
2019-10-16 21:55:24,582 [Thread-1664] INFO  impl.RaftServerImpl (RaftServerImpl.java:setRole(184)) - 277b5c5e-8c6f-4c9a-a53f-1bbc96404e12@group-569FAC3F8BCE: changes role from  FOLLOWER to CANDIDATE at term 228 for changeToCandidate
2019-10-16 21:55:24,582 [Thread-1664] INFO  impl.RoleInfo (RoleInfo.java:updateAndGet(143)) - 277b5c5e-8c6f-4c9a-a53f-1bbc96404e12: start LeaderElection
2019-10-16 21:55:24,587 [277b5c5e-8c6f-4c9a-a53f-1bbc96404e12@group-569FAC3F8BCE-LeaderElection229] INFO  impl.LeaderElection (LeaderElection.java:askForVotes(178)) - 277b5c5e-8c6f-4c9a-a53f-1bbc96404e12@group-569FAC3F8BCE-LeaderElection229: begin an election at term 229 for -1: [a32408a4-f19d-4bad-97c5-ba33ae94fc9a:192.168.157.254:38721, 6b24a2ab-97ee-4d49-85cc-2d76c2f4b8ef:192.168.157.254:41080, 277b5c5e-8c6f-4c9a-a53f-1bbc96404e12:192.168.157.254:41416], old=null
2019-10-16 21:55:24,590 [grpc-default-executor-1] INFO  impl.RaftServerImpl (RaftServerImpl.java:setRole(184)) - a32408a4-f19d-4bad-97c5-ba33ae94fc9a@group-569FAC3F8BCE: changes role from  FOLLOWER to FOLLOWER at term 229 for recognizeCandidate:277b5c5e-8c6f-4c9a-a53f-1bbc96404e12
2019-10-16 21:55:24,590 [grpc-default-executor-1] INFO  impl.RoleInfo (RoleInfo.java:shutdownFollowerState(121)) - a32408a4-f19d-4bad-97c5-ba33ae94fc9a: shutdown FollowerState
2019-10-16 21:55:24,590 [grpc-default-executor-0] INFO  impl.RaftServerImpl (RaftServerImpl.java:setRole(184)) - 6b24a2ab-97ee-4d49-85cc-2d76c2f4b8ef@group-569FAC3F8BCE: changes role from  FOLLOWER to FOLLOWER at term 229 for recognizeCandidate:277b5c5e-8c6f-4c9a-a53f-1bbc96404e12
2019-10-16 21:55:24,590 [grpc-default-executor-1] INFO  impl.RoleInfo (RoleInfo.java:updateAndGet(143)) - a32408a4-f19d-4bad-97c5-ba33ae94fc9a: start FollowerState
2019-10-16 21:55:24,590 [Thread-1662] INFO  impl.FollowerState (FollowerState.java:run(117)) - a32408a4-f19d-4bad-97c5-ba33ae94fc9a@group-569FAC3F8BCE-FollowerState was interrupted: java.lang.InterruptedException: sleep interrupted
2019-10-16 21:55:24,591 [grpc-default-executor-0] INFO  impl.RoleInfo (RoleInfo.java:shutdownFollowerState(121)) - 6b24a2ab-97ee-4d49-85cc-2d76c2f4b8ef: shutdown FollowerState
2019-10-16 21:55:24,591 [grpc-default-executor-0] INFO  impl.RoleInfo (RoleInfo.java:updateAndGet(143)) - 6b24a2ab-97ee-4d49-85cc-2d76c2f4b8ef: start FollowerState
2019-10-16 21:55:24,591 [Thread-1663] INFO  impl.FollowerState (FollowerState.java:run(117)) - 6b24a2ab-97ee-4d49-85cc-2d76c2f4b8ef@group-569FAC3F8BCE-FollowerState was interrupted: java.lang.InterruptedException: sleep interrupted
2019-10-16 21:55:24,597 [277b5c5e-8c6f-4c9a-a53f-1bbc96404e12@group-569FAC3F8BCE-LeaderElection229] INFO  impl.LeaderElection (LeaderElection.java:logAndReturn(56)) - 277b5c5e-8c6f-4c9a-a53f-1bbc96404e12@group-569FAC3F8BCE-LeaderElection229: Election REJECTED; received 2 response(s) [277b5c5e-8c6f-4c9a-a53f-1bbc96404e12<-a32408a4-f19d-4bad-97c5-ba33ae94fc9a#0:FAIL-t229, 277b5c5e-8c6f-4c9a-a53f-1bbc96404e12<-6b24a2ab-97ee-4d49-85cc-2d76c2f4b8ef#0:FAIL-t229] and 0 exception(s); 277b5c5e-8c6f-4c9a-a53f-1bbc96404e12@group-569FAC3F8BCE:t229, leader=null, voted=277b5c5e-8c6f-4c9a-a53f-1bbc96404e12, raftlog=277b5c5e-8c6f-4c9a-a53f-1bbc96404e12@group-569FAC3F8BCE-SegmentedRaftLog:OPENED:c-1,f-1,i0, conf=-1: [a32408a4-f19d-4bad-97c5-ba33ae94fc9a:192.168.157.254:38721, 6b24a2ab-97ee-4d49-85cc-2d76c2f4b8ef:192.168.157.254:41080, 277b5c5e-8c6f-4c9a-a53f-1bbc96404e12:192.168.157.254:41416], old=null
2019-10-16 21:55:24,597 [277b5c5e-8c6f-4c9a-a53f-1bbc96404e12@group-569FAC3F8BCE-LeaderElection229] INFO  impl.RaftServerImpl (RaftServerImpl.java:setRole(184)) - 277b5c5e-8c6f-4c9a-a53f-1bbc96404e12@group-569FAC3F8BCE: changes role from CANDIDATE to FOLLOWER at term 229 for DISCOVERED_A_NEW_TERM
2019-10-16 21:55:24,597 [277b5c5e-8c6f-4c9a-a53f-1bbc96404e12@group-569FAC3F8BCE-LeaderElection229] INFO  impl.RoleInfo (RoleInfo.java:shutdownLeaderElection(134)) - 277b5c5e-8c6f-4c9a-a53f-1bbc96404e12: shutdown LeaderElection
2019-10-16 21:55:24,598 [277b5c5e-8c6f-4c9a-a53f-1bbc96404e12@group-569FAC3F8BCE-LeaderElection229] INFO  impl.RoleInfo (RoleInfo.java:updateAndGet(143)) - 277b5c5e-8c6f-4c9a-a53f-1bbc96404e12: start FollowerState
2019-10-16 21:55:24,734 [Thread-1670] INFO  impl.FollowerState (FollowerState.java:run(108)) - 277b5c5e-8c6f-4c9a-a53f-1bbc96404e12@group-569FAC3F8BCE-FollowerState: change to CANDIDATE, lastRpcTime:136ms, electionTimeout:136ms
2019-10-16 21:55:24,734 [Thread-1670] INFO  impl.RoleInfo (RoleInfo.java:shutdownFollowerState(121)) - 277b5c5e-8c6f-4c9a-a53f-1bbc96404e12: shutdown FollowerState
2019-10-16 21:55:24,734 [Thread-1670] INFO  impl.RaftServerImpl (RaftServerImpl.java:setRole(184)) - 277b5c5e-8c6f-4c9a-a53f-1bbc96404e12@group-569FAC3F8BCE: changes role from  FOLLOWER to CANDIDATE at term 229 for changeToCandidate
2019-10-16 21:55:24,734 [Thread-1670] INFO  impl.RoleInfo (RoleInfo.java:updateAndGet(143)) - 277b5c5e-8c6f-4c9a-a53f-1bbc96404e12: start LeaderElection
2019-10-16 21:55:24,760 [277b5c5e-8c6f-4c9a-a53f-1bbc96404e12@group-569FAC3F8BCE-LeaderElection230] INFO  impl.LeaderElection (LeaderElection.java:askForVotes(178)) - 277b5c5e-8c6f-4c9a-a53f-1bbc96404e12@group-569FAC3F8BCE-LeaderElection230: begin an election at term 230 for -1: [a32408a4-f19d-4bad-97c5-ba33ae94fc9a:192.168.157.254:38721, 6b24a2ab-97ee-4d49-85cc-2d76c2f4b8ef:192.168.157.254:41080, 277b5c5e-8c6f-4c9a-a53f-1bbc96404e12:192.168.157.254:41416], old=null
2019-10-16 21:55:24,763 [grpc-default-executor-0] INFO  impl.RaftServerImpl (RaftServerImpl.java:setRole(184)) - a32408a4-f19d-4bad-97c5-ba33ae94fc9a@group-569FAC3F8BCE: changes role from  FOLLOWER to FOLLOWER at term 230 for recognizeCandidate:277b5c5e-8c6f-4c9a-a53f-1bbc96404e12
2019-10-16 21:55:24,763 [grpc-default-executor-0] INFO  impl.RoleInfo (RoleInfo.java:shutdownFollowerState(121)) - a32408a4-f19d-4bad-97c5-ba33ae94fc9a: shutdown FollowerState
2019-10-16 21:55:24,763 [grpc-default-executor-0] INFO  impl.RoleInfo (RoleInfo.java:updateAndGet(143)) - a32408a4-f19d-4bad-97c5-ba33ae94fc9a: start FollowerState
2019-10-16 21:55:24,763 [grpc-default-executor-1] INFO  impl.RaftServerImpl (RaftServerImpl.java:setRole(184)) - 6b24a2ab-97ee-4d49-85cc-2d76c2f4b8ef@group-569FAC3F8BCE: changes role from  FOLLOWER to FOLLOWER at term 230 for recognizeCandidate:277b5c5e-8c6f-4c9a-a53f-1bbc96404e12
2019-10-16 21:55:24,763 [grpc-default-executor-1] INFO  impl.RoleInfo (RoleInfo.java:shutdownFollowerState(121)) - 6b24a2ab-97ee-4d49-85cc-2d76c2f4b8ef: shutdown FollowerState
2019-10-16 21:55:24,763 [Thread-1668] INFO  impl.FollowerState (FollowerState.java:run(117)) - a32408a4-f19d-4bad-97c5-ba33ae94fc9a@group-569FAC3F8BCE-FollowerState was interrupted: java.lang.InterruptedException: sleep interrupted
2019-10-16 21:55:24,763 [Thread-1669] INFO  impl.FollowerState (FollowerState.java:run(117)) - 6b24a2ab-97ee-4d49-85cc-2d76c2f4b8ef@group-569FAC3F8BCE-FollowerState was interrupted: java.lang.InterruptedException: sleep interrupted
2019-10-16 21:55:24,763 [grpc-default-executor-1] INFO  impl.RoleInfo (RoleInfo.java:updateAndGet(143)) - 6b24a2ab-97ee-4d49-85cc-2d76c2f4b8ef: start FollowerState
2019-10-16 21:55:24,777 [277b5c5e-8c6f-4c9a-a53f-1bbc96404e12@group-569FAC3F8BCE-LeaderElection230] INFO  impl.LeaderElection (LeaderElection.java:logAndReturn(56)) - 277b5c5e-8c6f-4c9a-a53f-1bbc96404e12@group-569FAC3F8BCE-LeaderElection230: Election REJECTED; received 2 response(s) [277b5c5e-8c6f-4c9a-a53f-1bbc96404e12<-6b24a2ab-97ee-4d49-85cc-2d76c2f4b8ef#0:FAIL-t230, 277b5c5e-8c6f-4c9a-a53f-1bbc96404e12<-a32408a4-f19d-4bad-97c5-ba33ae94fc9a#0:FAIL-t230] and 0 exception(s); 277b5c5e-8c6f-4c9a-a53f-1bbc96404e12@group-569FAC3F8BCE:t230, leader=null, voted=277b5c5e-8c6f-4c9a-a53f-1bbc96404e12, raftlog=277b5c5e-8c6f-4c9a-a53f-1bbc96404e12@group-569FAC3F8BCE-SegmentedRaftLog:OPENED:c-1,f-1,i0, conf=-1: [a32408a4-f19d-4bad-97c5-ba33ae94fc9a:192.168.157.254:38721, 6b24a2ab-97ee-4d49-85cc-2d76c2f4b8ef:192.168.157.254:41080, 277b5c5e-8c6f-4c9a-a53f-1bbc96404e12:192.168.157.254:41416], old=null
2019-10-16 21:55:24,777 [277b5c5e-8c6f-4c9a-a53f-1bbc96404e12@group-569FAC3F8BCE-LeaderElection230] INFO  impl.RaftServerImpl (RaftServerImpl.java:setRole(184)) - 277b5c5e-8c6f-4c9a-a53f-1bbc96404e12@group-569FAC3F8BCE: changes role from CANDIDATE to FOLLOWER at term 230 for DISCOVERED_A_NEW_TERM
2019-10-16 21:55:24,777 [277b5c5e-8c6f-4c9a-a53f-1bbc96404e12@group-569FAC3F8BCE-LeaderElection230] INFO  impl.RoleInfo (RoleInfo.java:shutdownLeaderElection(134)) - 277b5c5e-8c6f-4c9a-a53f-1bbc96404e12: shutdown LeaderElection
2019-10-16 21:55:24,777 [277b5c5e-8c6f-4c9a-a53f-1bbc96404e12@group-569FAC3F8BCE-LeaderElection230] INFO  impl.RoleInfo (RoleInfo.java:updateAndGet(143)) - 277b5c5e-8c6f-4c9a-a53f-1bbc96404e12: start FollowerState
2019-10-16 21:55:24,818 [Thread-1676] INFO  impl.FollowerState (FollowerState.java:run(108)) - 277b5c5e-8c6f-4c9a-a53f-1bbc96404e12@group-569FAC3F8BCE-FollowerState: change to CANDIDATE, lastRpcTime:40ms, electionTimeout:40ms
2019-10-16 21:55:24,818 [Thread-1676] INFO  impl.RoleInfo (RoleInfo.java:shutdownFollowerState(121)) - 277b5c5e-8c6f-4c9a-a53f-1bbc96404e12: shutdown FollowerState
2019-10-16 21:55:24,818 [Thread-1676] INFO  impl.RaftServerImpl (RaftServerImpl.java:setRole(184)) - 277b5c5e-8c6f-4c9a-a53f-1bbc96404e12@group-569FAC3F8BCE: changes role from  FOLLOWER to CANDIDATE at term 230 for changeToCandidate
2019-10-16 21:55:24,818 [Thread-1676] INFO  impl.RoleInfo (RoleInfo.java:updateAndGet(143)) - 277b5c5e-8c6f-4c9a-a53f-1bbc96404e12: start LeaderElection
2019-10-16 21:55:24,832 [277b5c5e-8c6f-4c9a-a53f-1bbc96404e12@group-569FAC3F8BCE-LeaderElection231] INFO  impl.LeaderElection (LeaderElection.java:askForVotes(178)) - 277b5c5e-8c6f-4c9a-a53f-1bbc96404e12@group-569FAC3F8BCE-LeaderElection231: begin an election at term 231 for -1: [a32408a4-f19d-4bad-97c5-ba33ae94fc9a:192.168.157.254:38721, 6b24a2ab-97ee-4d49-85cc-2d76c2f4b8ef:192.168.157.254:41080, 277b5c5e-8c6f-4c9a-a53f-1bbc96404e12:192.168.157.254:41416], old=null
2019-10-16 21:55:24,834 [grpc-default-executor-0] INFO  impl.RaftServerImpl (RaftServerImpl.java:setRole(184)) - a32408a4-f19d-4bad-97c5-ba33ae94fc9a@group-569FAC3F8BCE: changes role from  FOLLOWER to FOLLOWER at term 231 for recognizeCandidate:277b5c5e-8c6f-4c9a-a53f-1bbc96404e12
2019-10-16 21:55:24,834 [grpc-default-executor-0] INFO  impl.RoleInfo (RoleInfo.java:shutdownFollowerState(121)) - a32408a4-f19d-4bad-97c5-ba33ae94fc9a: shutdown FollowerState
2019-10-16 21:55:24,834 [grpc-default-executor-1] INFO  impl.RaftServerImpl (RaftServerImpl.java:setRole(184)) - 6b24a2ab-97ee-4d49-85cc-2d76c2f4b8ef@group-569FAC3F8BCE: changes role from  FOLLOWER to FOLLOWER at term 231 for recognizeCandidate:277b5c5e-8c6f-4c9a-a53f-1bbc96404e12
2019-10-16 21:55:24,835 [grpc-default-executor-1] INFO  impl.RoleInfo (RoleInfo.java:shutdownFollowerState(121)) - 6b24a2ab-97ee-4d49-85cc-2d76c2f4b8ef: shutdown FollowerState
2019-10-16 21:55:24,835 [Thread-1674] INFO  impl.FollowerState (FollowerState.java:run(117)) - a32408a4-f19d-4bad-97c5-ba33ae94fc9a@group-569FAC3F8BCE-FollowerState was interrupted: java.lang.InterruptedException: sleep interrupted
2019-10-16 21:55:24,834 [grpc-default-executor-0] INFO  impl.RoleInfo (RoleInfo.java:updateAndGet(143)) - a32408a4-f19d-4bad-97c5-ba33ae94fc9a: start FollowerState
2019-10-16 21:55:24,835 [Thread-1675] INFO  impl.FollowerState (FollowerState.java:run(117)) - 6b24a2ab-97ee-4d49-85cc-2d76c2f4b8ef@group-569FAC3F8BCE-FollowerState was interrupted: java.lang.InterruptedException: sleep interrupted
2019-10-16 21:55:24,835 [grpc-default-executor-1] INFO  impl.RoleInfo (RoleInfo.java:updateAndGet(143)) - 6b24a2ab-97ee-4d49-85cc-2d76c2f4b8ef: start FollowerState
2019-10-16 21:55:24,843 [277b5c5e-8c6f-4c9a-a53f-1bbc96404e12@group-569FAC3F8BCE-LeaderElection231] INFO  impl.LeaderElection (LeaderElection.java:logAndReturn(56)) - 277b5c5e-8c6f-4c9a-a53f-1bbc96404e12@group-569FAC3F8BCE-LeaderElection231: Election TIMEOUT; received 0 response(s) [] and 0 exception(s); 277b5c5e-8c6f-4c9a-a53f-1bbc96404e12@group-569FAC3F8BCE:t231, leader=null, voted=277b5c5e-8c6f-4c9a-a53f-1bbc96404e12, raftlog=277b5c5e-8c6f-4c9a-a53f-1bbc96404e12@group-569FAC3F8BCE-SegmentedRaftLog:OPENED:c-1,f-1,i0, conf=-1: [a32408a4-f19d-4bad-97c5-ba33ae94fc9a:192.168.157.254:38721, 6b24a2ab-97ee-4d49-85cc-2d76c2f4b8ef:192.168.157.254:41080, 277b5c5e-8c6f-4c9a-a53f-1bbc96404e12:192.168.157.254:41416], old=null
2019-10-16 21:55:24,861 [277b5c5e-8c6f-4c9a-a53f-1bbc96404e12@group-569FAC3F8BCE-LeaderElection231] INFO  impl.LeaderElection (LeaderElection.java:askForVotes(178)) - 277b5c5e-8c6f-4c9a-a53f-1bbc96404e12@group-569FAC3F8BCE-LeaderElection231: begin an election at term 232 for -1: [a32408a4-f19d-4bad-97c5-ba33ae94fc9a:192.168.157.254:38721, 6b24a2ab-97ee-4d49-85cc-2d76c2f4b8ef:192.168.157.254:41080, 277b5c5e-8c6f-4c9a-a53f-1bbc96404e12:192.168.157.254:41416], old=null
2019-10-16 21:55:24,862 [grpc-default-executor-0] INFO  impl.RaftServerImpl (RaftServerImpl.java:setRole(184)) - a32408a4-f19d-4bad-97c5-ba33ae94fc9a@group-569FAC3F8BCE: changes role from  FOLLOWER to FOLLOWER at term 232 for recognizeCandidate:277b5c5e-8c6f-4c9a-a53f-1bbc96404e12
2019-10-16 21:55:24,863 [grpc-default-executor-0] INFO  impl.RoleInfo (RoleInfo.java:shutdownFollowerState(121)) - a32408a4-f19d-4bad-97c5-ba33ae94fc9a: shutdown FollowerState
2019-10-16 21:55:24,863 [grpc-default-executor-0] INFO  impl.RoleInfo (RoleInfo.java:updateAndGet(143)) - a32408a4-f19d-4bad-97c5-ba33ae94fc9a: start FollowerState
2019-10-16 21:55:24,863 [Thread-1680] INFO  impl.FollowerState (FollowerState.java:run(117)) - a32408a4-f19d-4bad-97c5-ba33ae94fc9a@group-569FAC3F8BCE-FollowerState was interrupted: java.lang.InterruptedException: sleep interrupted
2019-10-16 21:55:24,864 [grpc-default-executor-1] INFO  impl.RaftServerImpl (RaftServerImpl.java:setRole(184)) - 6b24a2ab-97ee-4d49-85cc-2d76c2f4b8ef@group-569FAC3F8BCE: changes role from  FOLLOWER to FOLLOWER at term 232 for recognizeCandidate:277b5c5e-8c6f-4c9a-a53f-1bbc96404e12
2019-10-16 21:55:24,864 [grpc-default-executor-1] INFO  impl.RoleInfo (RoleInfo.java:shutdownFollowerState(121)) - 6b24a2ab-97ee-4d49-85cc-2d76c2f4b8ef: shutdown FollowerState
2019-10-16 21:55:24,865 [grpc-default-executor-1] INFO  impl.RoleInfo (RoleInfo.java:updateAndGet(143)) - 6b24a2ab-97ee-4d49-85cc-2d76c2f4b8ef: start FollowerState
2019-10-16 21:55:24,865 [Thread-1681] INFO  impl.FollowerState (FollowerState.java:run(117)) - 6b24a2ab-97ee-4d49-85cc-2d76c2f4b8ef@group-569FAC3F8BCE-FollowerState was interrupted: java.lang.InterruptedException: sleep interrupted
2019-10-16 21:55:24,884 [277b5c5e-8c6f-4c9a-a53f-1bbc96404e12@group-569FAC3F8BCE-LeaderElection231] INFO  impl.LeaderElection (LeaderElection.java:logAndReturn(56)) - 277b5c5e-8c6f-4c9a-a53f-1bbc96404e12@group-569FAC3F8BCE-LeaderElection231: Election REJECTED; received 2 response(s) [277b5c5e-8c6f-4c9a-a53f-1bbc96404e12<-a32408a4-f19d-4bad-97c5-ba33ae94fc9a#0:FAIL-t232, 277b5c5e-8c6f-4c9a-a53f-1bbc96404e12<-6b24a2ab-97ee-4d49-85cc-2d76c2f4b8ef#0:FAIL-t232] and 0 exception(s); 277b5c5e-8c6f-4c9a-a53f-1bbc96404e12@group-569FAC3F8BCE:t232, leader=null, voted=277b5c5e-8c6f-4c9a-a53f-1bbc96404e12, raftlog=277b5c5e-8c6f-4c9a-a53f-1bbc96404e12@group-569FAC3F8BCE-SegmentedRaftLog:OPENED:c-1,f-1,i0, conf=-1: [a32408a4-f19d-4bad-97c5-ba33ae94fc9a:192.168.157.254:38721, 6b24a2ab-97ee-4d49-85cc-2d76c2f4b8ef:192.168.157.254:41080, 277b5c5e-8c6f-4c9a-a53f-1bbc96404e12:192.168.157.254:41416], old=null
2019-10-16 21:55:24,885 [277b5c5e-8c6f-4c9a-a53f-1bbc96404e12@group-569FAC3F8BCE-LeaderElection231] INFO  impl.RaftServerImpl (RaftServerImpl.java:setRole(184)) - 277b5c5e-8c6f-4c9a-a53f-1bbc96404e12@group-569FAC3F8BCE: changes role from CANDIDATE to FOLLOWER at term 232 for DISCOVERED_A_NEW_TERM
2019-10-16 21:55:24,885 [277b5c5e-8c6f-4c9a-a53f-1bbc96404e12@group-569FAC3F8BCE-LeaderElection231] INFO  impl.RoleInfo (RoleInfo.java:shutdownLeaderElection(134)) - 277b5c5e-8c6f-4c9a-a53f-1bbc96404e12: shutdown LeaderElection
2019-10-16 21:55:24,885 [277b5c5e-8c6f-4c9a-a53f-1bbc96404e12@group-569FAC3F8BCE-LeaderElection231] INFO  impl.RoleInfo (RoleInfo.java:updateAndGet(143)) - 277b5c5e-8c6f-4c9a-a53f-1bbc96404e12: start FollowerState
2019-10-16 21:55:24,932 [Thread-1686] INFO  impl.FollowerState (FollowerState.java:run(108)) - 277b5c5e-8c6f-4c9a-a53f-1bbc96404e12@group-569FAC3F8BCE-FollowerState: change to CANDIDATE, lastRpcTime:47ms, electionTimeout:47ms
2019-10-16 21:55:24,932 [Thread-1686] INFO  impl.RoleInfo (RoleInfo.java:shutdownFollowerState(121)) - 277b5c5e-8c6f-4c9a-a53f-1bbc96404e12: shutdown FollowerState
2019-10-16 21:55:24,933 [Thread-1686] INFO  impl.RaftServerImpl (RaftServerImpl.java:setRole(184)) - 277b5c5e-8c6f-4c9a-a53f-1bbc96404e12@group-569FAC3F8BCE: changes role from  FOLLOWER to CANDIDATE at term 232 for changeToCandidate
2019-10-16 21:55:24,933 [Thread-1686] INFO  impl.RoleInfo (RoleInfo.java:updateAndGet(143)) - 277b5c5e-8c6f-4c9a-a53f-1bbc96404e12: start LeaderElection
2019-10-16 21:55:24,959 [277b5c5e-8c6f-4c9a-a53f-1bbc96404e12@group-569FAC3F8BCE-LeaderElection232] INFO  impl.LeaderElection (LeaderElection.java:askForVotes(178)) - 277b5c5e-8c6f-4c9a-a53f-1bbc96404e12@group-569FAC3F8BCE-LeaderElection232: begin an election at term 233 for -1: [a32408a4-f19d-4bad-97c5-ba33ae94fc9a:192.168.157.254:38721, 6b24a2ab-97ee-4d49-85cc-2d76c2f4b8ef:192.168.157.254:41080, 277b5c5e-8c6f-4c9a-a53f-1bbc96404e12:192.168.157.254:41416], old=null
2019-10-16 21:55:24,961 [grpc-default-executor-1] INFO  impl.RaftServerImpl (RaftServerImpl.java:setRole(184)) - 6b24a2ab-97ee-4d49-85cc-2d76c2f4b8ef@group-569FAC3F8BCE: changes role from  FOLLOWER to FOLLOWER at term 233 for recognizeCandidate:277b5c5e-8c6f-4c9a-a53f-1bbc96404e12
2019-10-16 21:55:24,961 [grpc-default-executor-1] INFO  impl.RoleInfo (RoleInfo.java:shutdownFollowerState(121)) - 6b24a2ab-97ee-4d49-85cc-2d76c2f4b8ef: shutdown FollowerState
2019-10-16 21:55:24,961 [grpc-default-executor-0] INFO  impl.RaftServerImpl (RaftServerImpl.java:setRole(184)) - a32408a4-f19d-4bad-97c5-ba33ae94fc9a@group-569FAC3F8BCE: changes role from  FOLLOWER to FOLLOWER at term 233 for recognizeCandidate:277b5c5e-8c6f-4c9a-a53f-1bbc96404e12
2019-10-16 21:55:24,962 [grpc-default-executor-0] INFO  impl.RoleInfo (RoleInfo.java:shutdownFollowerState(121)) - a32408a4-f19d-4bad-97c5-ba33ae94fc9a: shutdown FollowerState
2019-10-16 21:55:24,961 [Thread-1685] INFO  impl.FollowerState (FollowerState.java:run(117)) - 6b24a2ab-97ee-4d49-85cc-2d76c2f4b8ef@group-569FAC3F8BCE-FollowerState was interrupted: java.lang.InterruptedException: sleep interrupted
2019-10-16 21:55:24,961 [grpc-default-executor-1] INFO  impl.RoleInfo (RoleInfo.java:updateAndGet(143)) - 6b24a2ab-97ee-4d49-85cc-2d76c2f4b8ef: start FollowerState
2019-10-16 21:55:24,962 [Thread-1684] INFO  impl.FollowerState (FollowerState.java:run(117)) - a32408a4-f19d-4bad-97c5-ba33ae94fc9a@group-569FAC3F8BCE-FollowerState was interrupted: java.lang.InterruptedException: sleep interrupted
2019-10-16 21:55:24,962 [grpc-default-executor-0] INFO  impl.RoleInfo (RoleInfo.java:updateAndGet(143)) - a32408a4-f19d-4bad-97c5-ba33ae94fc9a: start FollowerState
2019-10-16 21:55:24,988 [277b5c5e-8c6f-4c9a-a53f-1bbc96404e12@group-569FAC3F8BCE-LeaderElection232] INFO  impl.LeaderElection (LeaderElection.java:logAndReturn(56)) - 277b5c5e-8c6f-4c9a-a53f-1bbc96404e12@group-569FAC3F8BCE-LeaderElection232: Election REJECTED; received 2 response(s) [277b5c5e-8c6f-4c9a-a53f-1bbc96404e12<-6b24a2ab-97ee-4d49-85cc-2d76c2f4b8ef#0:FAIL-t233, 277b5c5e-8c6f-4c9a-a53f-1bbc96404e12<-a32408a4-f19d-4bad-97c5-ba33ae94fc9a#0:FAIL-t233] and 0 exception(s); 277b5c5e-8c6f-4c9a-a53f-1bbc96404e12@group-569FAC3F8BCE:t233, leader=null, voted=277b5c5e-8c6f-4c9a-a53f-1bbc96404e12, raftlog=277b5c5e-8c6f-4c9a-a53f-1bbc96404e12@group-569FAC3F8BCE-SegmentedRaftLog:OPENED:c-1,f-1,i0, conf=-1: [a32408a4-f19d-4bad-97c5-ba33ae94fc9a:192.168.157.254:38721, 6b24a2ab-97ee-4d49-85cc-2d76c2f4b8ef:192.168.157.254:41080, 277b5c5e-8c6f-4c9a-a53f-1bbc96404e12:192.168.157.254:41416], old=null
2019-10-16 21:55:24,989 [277b5c5e-8c6f-4c9a-a53f-1bbc96404e12@group-569FAC3F8BCE-LeaderElection232] INFO  impl.RaftServerImpl (RaftServerImpl.java:setRole(184)) - 277b5c5e-8c6f-4c9a-a53f-1bbc96404e12@group-569FAC3F8BCE: changes role from CANDIDATE to FOLLOWER at term 233 for DISCOVERED_A_NEW_TERM
2019-10-16 21:55:24,989 [277b5c5e-8c6f-4c9a-a53f-1bbc96404e12@group-569FAC3F8BCE-LeaderElection232] INFO  impl.RoleInfo (RoleInfo.java:shutdownLeaderElection(134)) - 277b5c5e-8c6f-4c9a-a53f-1bbc96404e12: shutdown LeaderElection
2019-10-16 21:55:24,989 [277b5c5e-8c6f-4c9a-a53f-1bbc96404e12@group-569FAC3F8BCE-LeaderElection232] INFO  impl.RoleInfo (RoleInfo.java:updateAndGet(143)) - 277b5c5e-8c6f-4c9a-a53f-1bbc96404e12: start FollowerState
2019-10-16 21:55:25,051 [Thread-1692] INFO  impl.FollowerState (FollowerState.java:run(108)) - 277b5c5e-8c6f-4c9a-a53f-1bbc96404e12@group-569FAC3F8BCE-FollowerState: change to CANDIDATE, lastRpcTime:62ms, electionTimeout:62ms
2019-10-16 21:55:25,052 [Thread-1692] INFO  impl.RoleInfo (RoleInfo.java:shutdownFollowerState(121)) - 277b5c5e-8c6f-4c9a-a53f-1bbc96404e12: shutdown FollowerState
2019-10-16 21:55:25,052 [Thread-1692] INFO  impl.RaftServerImpl (RaftServerImpl.java:setRole(184)) - 277b5c5e-8c6f-4c9a-a53f-1bbc96404e12@group-569FAC3F8BCE: changes role from  FOLLOWER to CANDIDATE at term 233 for changeToCandidate
2019-10-16 21:55:25,052 [Thread-1692] INFO  impl.RoleInfo (RoleInfo.java:updateAndGet(143)) - 277b5c5e-8c6f-4c9a-a53f-1bbc96404e12: start LeaderElection
2019-10-16 21:55:25,067 [277b5c5e-8c6f-4c9a-a53f-1bbc96404e12@group-569FAC3F8BCE-LeaderElection233] INFO  impl.LeaderElection (LeaderElection.java:askForVotes(178)) - 277b5c5e-8c6f-4c9a-a53f-1bbc96404e12@group-569FAC3F8BCE-LeaderElection233: begin an election at term 234 for -1: [a32408a4-f19d-4bad-97c5-ba33ae94fc9a:192.168.157.254:38721, 6b24a2ab-97ee-4d49-85cc-2d76c2f4b8ef:192.168.157.254:41080, 277b5c5e-8c6f-4c9a-a53f-1bbc96404e12:192.168.157.254:41416], old=null
2019-10-16 21:55:25,069 [grpc-default-executor-0] INFO  impl.RaftServerImpl (RaftServerImpl.java:setRole(184)) - 6b24a2ab-97ee-4d49-85cc-2d76c2f4b8ef@group-569FAC3F8BCE: changes role from  FOLLOWER to FOLLOWER at term 234 for recognizeCandidate:277b5c5e-8c6f-4c9a-a53f-1bbc96404e12
2019-10-16 21:55:25,069 [grpc-default-executor-1] INFO  impl.RaftServerImpl (RaftServerImpl.java:setRole(184)) - a32408a4-f19d-4bad-97c5-ba33ae94fc9a@group-569FAC3F8BCE: changes role from  FOLLOWER to FOLLOWER at term 234 for recognizeCandidate:277b5c5e-8c6f-4c9a-a53f-1bbc96404e12
2019-10-16 21:55:25,069 [grpc-default-executor-0] INFO  impl.RoleInfo (RoleInfo.java:shutdownFollowerState(121)) - 6b24a2ab-97ee-4d49-85cc-2d76c2f4b8ef: shutdown FollowerState
2019-10-16 21:55:25,070 [grpc-default-executor-1] INFO  impl.RoleInfo (RoleInfo.java:shutdownFollowerState(121)) - a32408a4-f19d-4bad-97c5-ba33ae94fc9a: shutdown FollowerState
2019-10-16 21:55:25,070 [Thread-1690] INFO  impl.FollowerState (FollowerState.java:run(117)) - 6b24a2ab-97ee-4d49-85cc-2d76c2f4b8ef@group-569FAC3F8BCE-FollowerState was interrupted: java.lang.InterruptedException: sleep interrupted
2019-10-16 21:55:25,070 [grpc-default-executor-0] INFO  impl.RoleInfo (RoleInfo.java:updateAndGet(143)) - 6b24a2ab-97ee-4d49-85cc-2d76c2f4b8ef: start FollowerState
2019-10-16 21:55:25,070 [Thread-1691] INFO  impl.FollowerState (FollowerState.java:run(117)) - a32408a4-f19d-4bad-97c5-ba33ae94fc9a@group-569FAC3F8BCE-FollowerState was interrupted: java.lang.InterruptedException: sleep interrupted
2019-10-16 21:55:25,070 [grpc-default-executor-1] INFO  impl.RoleInfo (RoleInfo.java:updateAndGet(143)) - a32408a4-f19d-4bad-97c5-ba33ae94fc9a: start FollowerState
2019-10-16 21:55:25,096 [277b5c5e-8c6f-4c9a-a53f-1bbc96404e12@group-569FAC3F8BCE-LeaderElection233] INFO  impl.LeaderElection (LeaderElection.java:logAndReturn(56)) - 277b5c5e-8c6f-4c9a-a53f-1bbc96404e12@group-569FAC3F8BCE-LeaderElection233: Election REJECTED; received 2 response(s) [277b5c5e-8c6f-4c9a-a53f-1bbc96404e12<-a32408a4-f19d-4bad-97c5-ba33ae94fc9a#0:FAIL-t234, 277b5c5e-8c6f-4c9a-a53f-1bbc96404e12<-6b24a2ab-97ee-4d49-85cc-2d76c2f4b8ef#0:FAIL-t234] and 0 exception(s); 277b5c5e-8c6f-4c9a-a53f-1bbc96404e12@group-569FAC3F8BCE:t234, leader=null, voted=277b5c5e-8c6f-4c9a-a53f-1bbc96404e12, raftlog=277b5c5e-8c6f-4c9a-a53f-1bbc96404e12@group-569FAC3F8BCE-SegmentedRaftLog:OPENED:c-1,f-1,i0, conf=-1: [a32408a4-f19d-4bad-97c5-ba33ae94fc9a:192.168.157.254:38721, 6b24a2ab-97ee-4d49-85cc-2d76c2f4b8ef:192.168.157.254:41080, 277b5c5e-8c6f-4c9a-a53f-1bbc96404e12:192.168.157.254:41416], old=null
2019-10-16 21:55:25,096 [277b5c5e-8c6f-4c9a-a53f-1bbc96404e12@group-569FAC3F8BCE-LeaderElection233] INFO  impl.RaftServerImpl (RaftServerImpl.java:setRole(184)) - 277b5c5e-8c6f-4c9a-a53f-1bbc96404e12@group-569FAC3F8BCE: changes role from CANDIDATE to FOLLOWER at term 234 for DISCOVERED_A_NEW_TERM
2019-10-16 21:55:25,096 [277b5c5e-8c6f-4c9a-a53f-1bbc96404e12@group-569FAC3F8BCE-LeaderElection233] INFO  impl.RoleInfo (RoleInfo.java:shutdownLeaderElection(134)) - 277b5c5e-8c6f-4c9a-a53f-1bbc96404e12: shutdown LeaderElection
2019-10-16 21:55:25,096 [277b5c5e-8c6f-4c9a-a53f-1bbc96404e12@group-569FAC3F8BCE-LeaderElection233] INFO  impl.RoleInfo (RoleInfo.java:updateAndGet(143)) - 277b5c5e-8c6f-4c9a-a53f-1bbc96404e12: start FollowerState
2019-10-16 21:55:25,139 [Thread-1698] INFO  impl.FollowerState (FollowerState.java:run(108)) - 277b5c5e-8c6f-4c9a-a53f-1bbc96404e12@group-569FAC3F8BCE-FollowerState: change to CANDIDATE, lastRpcTime:42ms, electionTimeout:42ms
2019-10-16 21:55:25,139 [Thread-1698] INFO  impl.RoleInfo (RoleInfo.java:shutdownFollowerState(121)) - 277b5c5e-8c6f-4c9a-a53f-1bbc96404e12: shutdown FollowerState
2019-10-16 21:55:25,139 [Thread-1698] INFO  impl.RaftServerImpl (RaftServerImpl.java:setRole(184)) - 277b5c5e-8c6f-4c9a-a53f-1bbc96404e12@group-569FAC3F8BCE: changes role from  FOLLOWER to CANDIDATE at term 234 for changeToCandidate
2019-10-16 21:55:25,139 [Thread-1698] INFO  impl.RoleInfo (RoleInfo.java:updateAndGet(143)) - 277b5c5e-8c6f-4c9a-a53f-1bbc96404e12: start LeaderElection
2019-10-16 21:55:25,192 [277b5c5e-8c6f-4c9a-a53f-1bbc96404e12@group-569FAC3F8BCE-LeaderElection234] INFO  impl.LeaderElection (LeaderElection.java:askForVotes(178)) - 277b5c5e-8c6f-4c9a-a53f-1bbc96404e12@group-569FAC3F8BCE-LeaderElection234: begin an election at term 235 for -1: [a32408a4-f19d-4bad-97c5-ba33ae94fc9a:192.168.157.254:38721, 6b24a2ab-97ee-4d49-85cc-2d76c2f4b8ef:192.168.157.254:41080, 277b5c5e-8c6f-4c9a-a53f-1bbc96404e12:192.168.157.254:41416], old=null
2019-10-16 21:55:25,195 [grpc-default-executor-0] INFO  impl.RaftServerImpl (RaftServerImpl.java:setRole(184)) - a32408a4-f19d-4bad-97c5-ba33ae94fc9a@group-569FAC3F8BCE: changes role from  FOLLOWER to FOLLOWER at term 235 for recognizeCandidate:277b5c5e-8c6f-4c9a-a53f-1bbc96404e12
2019-10-16 21:55:25,196 [grpc-default-executor-0] INFO  impl.RoleInfo (RoleInfo.java:shutdownFollowerState(121)) - a32408a4-f19d-4bad-97c5-ba33ae94fc9a: shutdown FollowerState
2019-10-16 21:55:25,196 [grpc-default-executor-1] INFO  impl.RaftServerImpl (RaftServerImpl.java:setRole(184)) - 6b24a2ab-97ee-4d49-85cc-2d76c2f4b8ef@group-569FAC3F8BCE: changes role from  FOLLOWER to FOLLOWER at term 235 for recognizeCandidate:277b5c5e-8c6f-4c9a-a53f-1bbc96404e12
2019-10-16 21:55:25,196 [Thread-1697] INFO  impl.FollowerState (FollowerState.java:run(117)) - a32408a4-f19d-4bad-97c5-ba33ae94fc9a@group-569FAC3F8BCE-FollowerState was interrupted: java.lang.InterruptedException: sleep interrupted
2019-10-16 21:55:25,196 [grpc-default-executor-0] INFO  impl.RoleInfo (RoleInfo.java:updateAndGet(143)) - a32408a4-f19d-4bad-97c5-ba33ae94fc9a: start FollowerState
2019-10-16 21:55:25,196 [grpc-default-executor-1] INFO  impl.RoleInfo (RoleInfo.java:shutdownFollowerState(121)) - 6b24a2ab-97ee-4d49-85cc-2d76c2f4b8ef: shutdown FollowerState
2019-10-16 21:55:25,197 [grpc-default-executor-1] INFO  impl.RoleInfo (RoleInfo.java:updateAndGet(143)) - 6b24a2ab-97ee-4d49-85cc-2d76c2f4b8ef: start FollowerState
2019-10-16 21:55:25,197 [Thread-1696] INFO  impl.FollowerState (FollowerState.java:run(117)) - 6b24a2ab-97ee-4d49-85cc-2d76c2f4b8ef@group-569FAC3F8BCE-FollowerState was interrupted: java.lang.InterruptedException: sleep interrupted
2019-10-16 21:55:25,212 [277b5c5e-8c6f-4c9a-a53f-1bbc96404e12@group-569FAC3F8BCE-LeaderElection234] INFO  impl.LeaderElection (LeaderElection.java:logAndReturn(56)) - 277b5c5e-8c6f-4c9a-a53f-1bbc96404e12@group-569FAC3F8BCE-LeaderElection234: Election REJECTED; received 2 response(s) [277b5c5e-8c6f-4c9a-a53f-1bbc96404e12<-a32408a4-f19d-4bad-97c5-ba33ae94fc9a#0:FAIL-t235, 277b5c5e-8c6f-4c9a-a53f-1bbc96404e12<-6b24a2ab-97ee-4d49-85cc-2d76c2f4b8ef#0:FAIL-t235] and 0 exception(s); 277b5c5e-8c6f-4c9a-a53f-1bbc96404e12@group-569FAC3F8BCE:t235, leader=null, voted=277b5c5e-8c6f-4c9a-a53f-1bbc96404e12, raftlog=277b5c5e-8c6f-4c9a-a53f-1bbc96404e12@group-569FAC3F8BCE-SegmentedRaftLog:OPENED:c-1,f-1,i0, conf=-1: [a32408a4-f19d-4bad-97c5-ba33ae94fc9a:192.168.157.254:38721, 6b24a2ab-97ee-4d49-85cc-2d76c2f4b8ef:192.168.157.254:41080, 277b5c5e-8c6f-4c9a-a53f-1bbc96404e12:192.168.157.254:41416], old=null
2019-10-16 21:55:25,212 [277b5c5e-8c6f-4c9a-a53f-1bbc96404e12@group-569FAC3F8BCE-LeaderElection234] INFO  impl.RaftServerImpl (RaftServerImpl.java:setRole(184)) - 277b5c5e-8c6f-4c9a-a53f-1bbc96404e12@group-569FAC3F8BCE: changes role from CANDIDATE to FOLLOWER at term 235 for DISCOVERED_A_NEW_TERM
2019-10-16 21:55:25,212 [277b5c5e-8c6f-4c9a-a53f-1bbc96404e12@group-569FAC3F8BCE-LeaderElection234] INFO  impl.RoleInfo (RoleInfo.java:shutdownLeaderElection(134)) - 277b5c5e-8c6f-4c9a-a53f-1bbc96404e12: shutdown LeaderElection
2019-10-16 21:55:25,212 [277b5c5e-8c6f-4c9a-a53f-1bbc96404e12@group-569FAC3F8BCE-LeaderElection234] INFO  impl.RoleInfo (RoleInfo.java:updateAndGet(143)) - 277b5c5e-8c6f-4c9a-a53f-1bbc96404e12: start FollowerState
2019-10-16 21:55:25,334 [Thread-1704] INFO  impl.FollowerState (FollowerState.java:run(108)) - 277b5c5e-8c6f-4c9a-a53f-1bbc96404e12@group-569FAC3F8BCE-FollowerState: change to CANDIDATE, lastRpcTime:122ms, electionTimeout:122ms
2019-10-16 21:55:25,335 [Thread-1704] INFO  impl.RoleInfo (RoleInfo.java:shutdownFollowerState(121)) - 277b5c5e-8c6f-4c9a-a53f-1bbc96404e12: shutdown FollowerState
2019-10-16 21:55:25,335 [Thread-1704] INFO  impl.RaftServerImpl (RaftServerImpl.java:setRole(184)) - 277b5c5e-8c6f-4c9a-a53f-1bbc96404e12@group-569FAC3F8BCE: changes role from  FOLLOWER to CANDIDATE at term 235 for changeToCandidate
2019-10-16 21:55:25,335 [Thread-1704] INFO  impl.RoleInfo (RoleInfo.java:updateAndGet(143)) - 277b5c5e-8c6f-4c9a-a53f-1bbc96404e12: start LeaderElection
2019-10-16 21:55:25,361 [277b5c5e-8c6f-4c9a-a53f-1bbc96404e12@group-569FAC3F8BCE-LeaderElection235] INFO  impl.LeaderElection (LeaderElection.java:askForVotes(178)) - 277b5c5e-8c6f-4c9a-a53f-1bbc96404e12@group-569FAC3F8BCE-LeaderElection235: begin an election at term 236 for -1: [a32408a4-f19d-4bad-97c5-ba33ae94fc9a:192.168.157.254:38721, 6b24a2ab-97ee-4d49-85cc-2d76c2f4b8ef:192.168.157.254:41080, 277b5c5e-8c6f-4c9a-a53f-1bbc96404e12:192.168.157.254:41416], old=null
2019-10-16 21:55:25,364 [grpc-default-executor-1] INFO  impl.RaftServerImpl (RaftServerImpl.java:setRole(184)) - a32408a4-f19d-4bad-97c5-ba33ae94fc9a@group-569FAC3F8BCE: changes role from  FOLLOWER to FOLLOWER at term 236 for recognizeCandidate:277b5c5e-8c6f-4c9a-a53f-1bbc96404e12
2019-10-16 21:55:25,364 [grpc-default-executor-1] INFO  impl.RoleInfo (RoleInfo.java:shutdownFollowerState(121)) - a32408a4-f19d-4bad-97c5-ba33ae94fc9a: shutdown FollowerState
2019-10-16 21:55:25,364 [grpc-default-executor-1] INFO  impl.RoleInfo (RoleInfo.java:updateAndGet(143)) - a32408a4-f19d-4bad-97c5-ba33ae94fc9a: start FollowerState
2019-10-16 21:55:25,364 [grpc-default-executor-0] INFO  impl.RaftServerImpl (RaftServerImpl.java:setRole(184)) - 6b24a2ab-97ee-4d49-85cc-2d76c2f4b8ef@group-569FAC3F8BCE: changes role from  FOLLOWER to FOLLOWER at term 236 for recognizeCandidate:277b5c5e-8c6f-4c9a-a53f-1bbc96404e12
2019-10-16 21:55:25,365 [grpc-default-executor-0] INFO  impl.RoleInfo (RoleInfo.java:shutdownFollowerState(121)) - 6b24a2ab-97ee-4d49-85cc-2d76c2f4b8ef: shutdown FollowerState
2019-10-16 21:55:25,364 [Thread-1702] INFO  impl.FollowerState (FollowerState.java:run(117)) - a32408a4-f19d-4bad-97c5-ba33ae94fc9a@group-569FAC3F8BCE-FollowerState was interrupted: java.lang.InterruptedException: sleep interrupted
2019-10-16 21:55:25,365 [Thread-1703] INFO  impl.FollowerState (FollowerState.java:run(117)) - 6b24a2ab-97ee-4d49-85cc-2d76c2f4b8ef@group-569FAC3F8BCE-FollowerState was interrupted: java.lang.InterruptedException: sleep interrupted
2019-10-16 21:55:25,365 [grpc-default-executor-0] INFO  impl.RoleInfo (RoleInfo.java:updateAndGet(143)) - 6b24a2ab-97ee-4d49-85cc-2d76c2f4b8ef: start FollowerState
2019-10-16 21:55:25,379 [277b5c5e-8c6f-4c9a-a53f-1bbc96404e12@group-569FAC3F8BCE-LeaderElection235] INFO  impl.LeaderElection (LeaderElection.java:logAndReturn(56)) - 277b5c5e-8c6f-4c9a-a53f-1bbc96404e12@group-569FAC3F8BCE-LeaderElection235: Election REJECTED; received 2 response(s) [277b5c5e-8c6f-4c9a-a53f-1bbc96404e12<-a32408a4-f19d-4bad-97c5-ba33ae94fc9a#0:FAIL-t236, 277b5c5e-8c6f-4c9a-a53f-1bbc96404e12<-6b24a2ab-97ee-4d49-85cc-2d76c2f4b8ef#0:FAIL-t236] and 0 exception(s); 277b5c5e-8c6f-4c9a-a53f-1bbc96404e12@group-569FAC3F8BCE:t236, leader=null, voted=277b5c5e-8c6f-4c9a-a53f-1bbc96404e12, raftlog=277b5c5e-8c6f-4c9a-a53f-1bbc96404e12@group-569FAC3F8BCE-SegmentedRaftLog:OPENED:c-1,f-1,i0, conf=-1: [a32408a4-f19d-4bad-97c5-ba33ae94fc9a:192.168.157.254:38721, 6b24a2ab-97ee-4d49-85cc-2d76c2f4b8ef:192.168.157.254:41080, 277b5c5e-8c6f-4c9a-a53f-1bbc96404e12:192.168.157.254:41416], old=null
2019-10-16 21:55:25,379 [277b5c5e-8c6f-4c9a-a53f-1bbc96404e12@group-569FAC3F8BCE-LeaderElection235] INFO  impl.RaftServerImpl (RaftServerImpl.java:setRole(184)) - 277b5c5e-8c6f-4c9a-a53f-1bbc96404e12@group-569FAC3F8BCE: changes role from CANDIDATE to FOLLOWER at term 236 for DISCOVERED_A_NEW_TERM
2019-10-16 21:55:25,379 [277b5c5e-8c6f-4c9a-a53f-1bbc96404e12@group-569FAC3F8BCE-LeaderElection235] INFO  impl.RoleInfo (RoleInfo.java:shutdownLeaderElection(134)) - 277b5c5e-8c6f-4c9a-a53f-1bbc96404e12: shutdown LeaderElection
2019-10-16 21:55:25,379 [277b5c5e-8c6f-4c9a-a53f-1bbc96404e12@group-569FAC3F8BCE-LeaderElection235] INFO  impl.RoleInfo (RoleInfo.java:updateAndGet(143)) - 277b5c5e-8c6f-4c9a-a53f-1bbc96404e12: start FollowerState
2019-10-16 21:55:25,527 [Thread-1710] INFO  impl.FollowerState (FollowerState.java:run(108)) - 277b5c5e-8c6f-4c9a-a53f-1bbc96404e12@group-569FAC3F8BCE-FollowerState: change to CANDIDATE, lastRpcTime:148ms, electionTimeout:148ms
2019-10-16 21:55:25,528 [Thread-1710] INFO  impl.RoleInfo (RoleInfo.java:shutdownFollowerState(121)) - 277b5c5e-8c6f-4c9a-a53f-1bbc96404e12: shutdown FollowerState
2019-10-16 21:55:25,528 [Thread-1710] INFO  impl.RaftServerImpl (RaftServerImpl.java:setRole(184)) - 277b5c5e-8c6f-4c9a-a53f-1bbc96404e12@group-569FAC3F8BCE: changes role from  FOLLOWER to CANDIDATE at term 236 for changeToCandidate
2019-10-16 21:55:25,528 [Thread-1710] INFO  impl.RoleInfo (RoleInfo.java:updateAndGet(143)) - 277b5c5e-8c6f-4c9a-a53f-1bbc96404e12: start LeaderElection
2019-10-16 21:55:25,553 [277b5c5e-8c6f-4c9a-a53f-1bbc96404e12@group-569FAC3F8BCE-LeaderElection236] INFO  impl.LeaderElection (LeaderElection.java:askForVotes(178)) - 277b5c5e-8c6f-4c9a-a53f-1bbc96404e12@group-569FAC3F8BCE-LeaderElection236: begin an election at term 237 for -1: [a32408a4-f19d-4bad-97c5-ba33ae94fc9a:192.168.157.254:38721, 6b24a2ab-97ee-4d49-85cc-2d76c2f4b8ef:192.168.157.254:41080, 277b5c5e-8c6f-4c9a-a53f-1bbc96404e12:192.168.157.254:41416], old=null
2019-10-16 21:55:25,556 [grpc-default-executor-0] INFO  impl.RaftServerImpl (RaftServerImpl.java:setRole(184)) - a32408a4-f19d-4bad-97c5-ba33ae94fc9a@group-569FAC3F8BCE: changes role from  FOLLOWER to FOLLOWER at term 237 for recognizeCandidate:277b5c5e-8c6f-4c9a-a53f-1bbc96404e12
2019-10-16 21:55:25,556 [grpc-default-executor-0] INFO  impl.RoleInfo (RoleInfo.java:shutdownFollowerState(121)) - a32408a4-f19d-4bad-97c5-ba33ae94fc9a: shutdown FollowerState
2019-10-16 21:55:25,556 [grpc-default-executor-1] INFO  impl.RaftServerImpl (RaftServerImpl.java:setRole(184)) - 6b24a2ab-97ee-4d49-85cc-2d76c2f4b8ef@group-569FAC3F8BCE: changes role from  FOLLOWER to FOLLOWER at term 237 for recognizeCandidate:277b5c5e-8c6f-4c9a-a53f-1bbc96404e12
2019-10-16 21:55:25,556 [Thread-1708] INFO  impl.FollowerState (FollowerState.java:run(117)) - a32408a4-f19d-4bad-97c5-ba33ae94fc9a@group-569FAC3F8BCE-FollowerState was interrupted: java.lang.InterruptedException: sleep interrupted
2019-10-16 21:55:25,556 [grpc-default-executor-0] INFO  impl.RoleInfo (RoleInfo.java:updateAndGet(143)) - a32408a4-f19d-4bad-97c5-ba33ae94fc9a: start FollowerState
2019-10-16 21:55:25,556 [grpc-default-executor-1] INFO  impl.RoleInfo (RoleInfo.java:shutdownFollowerState(121)) - 6b24a2ab-97ee-4d49-85cc-2d76c2f4b8ef: shutdown FollowerState
2019-10-16 21:55:25,557 [grpc-default-executor-1] INFO  impl.RoleInfo (RoleInfo.java:updateAndGet(143)) - 6b24a2ab-97ee-4d49-85cc-2d76c2f4b8ef: start FollowerState
2019-10-16 21:55:25,557 [Thread-1709] INFO  impl.FollowerState (FollowerState.java:run(117)) - 6b24a2ab-97ee-4d49-85cc-2d76c2f4b8ef@group-569FAC3F8BCE-FollowerState was interrupted: java.lang.InterruptedException: sleep interrupted
2019-10-16 21:55:25,571 [277b5c5e-8c6f-4c9a-a53f-1bbc96404e12@group-569FAC3F8BCE-LeaderElection236] INFO  impl.LeaderElection (LeaderElection.java:logAndReturn(56)) - 277b5c5e-8c6f-4c9a-a53f-1bbc96404e12@group-569FAC3F8BCE-LeaderElection236: Election REJECTED; received 2 response(s) [277b5c5e-8c6f-4c9a-a53f-1bbc96404e12<-a32408a4-f19d-4bad-97c5-ba33ae94fc9a#0:FAIL-t237, 277b5c5e-8c6f-4c9a-a53f-1bbc96404e12<-6b24a2ab-97ee-4d49-85cc-2d76c2f4b8ef#0:FAIL-t237] and 0 exception(s); 277b5c5e-8c6f-4c9a-a53f-1bbc96404e12@group-569FAC3F8BCE:t237, leader=null, voted=277b5c5e-8c6f-4c9a-a53f-1bbc96404e12, raftlog=277b5c5e-8c6f-4c9a-a53f-1bbc96404e12@group-569FAC3F8BCE-SegmentedRaftLog:OPENED:c-1,f-1,i0, conf=-1: [a32408a4-f19d-4bad-97c5-ba33ae94fc9a:192.168.157.254:38721, 6b24a2ab-97ee-4d49-85cc-2d76c2f4b8ef:192.168.157.254:41080, 277b5c5e-8c6f-4c9a-a53f-1bbc96404e12:192.168.157.254:41416], old=null
2019-10-16 21:55:25,571 [277b5c5e-8c6f-4c9a-a53f-1bbc96404e12@group-569FAC3F8BCE-LeaderElection236] INFO  impl.RaftServerImpl (RaftServerImpl.java:setRole(184)) - 277b5c5e-8c6f-4c9a-a53f-1bbc96404e12@group-569FAC3F8BCE: changes role from CANDIDATE to FOLLOWER at term 237 for DISCOVERED_A_NEW_TERM
2019-10-16 21:55:25,571 [277b5c5e-8c6f-4c9a-a53f-1bbc96404e12@group-569FAC3F8BCE-LeaderElection236] INFO  impl.RoleInfo (RoleInfo.java:shutdownLeaderElection(134)) - 277b5c5e-8c6f-4c9a-a53f-1bbc96404e12: shutdown LeaderElection
2019-10-16 21:55:25,571 [277b5c5e-8c6f-4c9a-a53f-1bbc96404e12@group-569FAC3F8BCE-LeaderElection236] INFO  impl.RoleInfo (RoleInfo.java:updateAndGet(143)) - 277b5c5e-8c6f-4c9a-a53f-1bbc96404e12: start FollowerState
2019-10-16 21:55:25,573 [Thread-0] INFO  ozone.MiniOzoneClusterImpl (MiniOzoneClusterImpl.java:lambda$waitForClusterToBeReady$2(164)) - Waiting for 1 number of pipelines out of 4, to report a leader.
2019-10-16 21:55:25,744 [Thread-1716] INFO  impl.FollowerState (FollowerState.java:run(108)) - 277b5c5e-8c6f-4c9a-a53f-1bbc96404e12@group-569FAC3F8BCE-FollowerState: change to CANDIDATE, lastRpcTime:173ms, electionTimeout:173ms
2019-10-16 21:55:25,745 [Thread-1716] INFO  impl.RoleInfo (RoleInfo.java:shutdownFollowerState(121)) - 277b5c5e-8c6f-4c9a-a53f-1bbc96404e12: shutdown FollowerState
2019-10-16 21:55:25,745 [Thread-1716] INFO  impl.RaftServerImpl (RaftServerImpl.java:setRole(184)) - 277b5c5e-8c6f-4c9a-a53f-1bbc96404e12@group-569FAC3F8BCE: changes role from  FOLLOWER to CANDIDATE at term 237 for changeToCandidate
2019-10-16 21:55:25,745 [Thread-1716] INFO  impl.RoleInfo (RoleInfo.java:updateAndGet(143)) - 277b5c5e-8c6f-4c9a-a53f-1bbc96404e12: start LeaderElection
2019-10-16 21:55:25,774 [277b5c5e-8c6f-4c9a-a53f-1bbc96404e12@group-569FAC3F8BCE-LeaderElection237] INFO  impl.LeaderElection (LeaderElection.java:askForVotes(178)) - 277b5c5e-8c6f-4c9a-a53f-1bbc96404e12@group-569FAC3F8BCE-LeaderElection237: begin an election at term 238 for -1: [a32408a4-f19d-4bad-97c5-ba33ae94fc9a:192.168.157.254:38721, 6b24a2ab-97ee-4d49-85cc-2d76c2f4b8ef:192.168.157.254:41080, 277b5c5e-8c6f-4c9a-a53f-1bbc96404e12:192.168.157.254:41416], old=null
2019-10-16 21:55:25,776 [grpc-default-executor-0] INFO  impl.RaftServerImpl (RaftServerImpl.java:setRole(184)) - a32408a4-f19d-4bad-97c5-ba33ae94fc9a@group-569FAC3F8BCE: changes role from  FOLLOWER to FOLLOWER at term 238 for recognizeCandidate:277b5c5e-8c6f-4c9a-a53f-1bbc96404e12
2019-10-16 21:55:25,776 [grpc-default-executor-1] INFO  impl.RaftServerImpl (RaftServerImpl.java:setRole(184)) - 6b24a2ab-97ee-4d49-85cc-2d76c2f4b8ef@group-569FAC3F8BCE: changes role from  FOLLOWER to FOLLOWER at term 238 for recognizeCandidate:277b5c5e-8c6f-4c9a-a53f-1bbc96404e12
2019-10-16 21:55:25,776 [grpc-default-executor-1] INFO  impl.RoleInfo (RoleInfo.java:shutdownFollowerState(121)) - 6b24a2ab-97ee-4d49-85cc-2d76c2f4b8ef: shutdown FollowerState
2019-10-16 21:55:25,776 [grpc-default-executor-0] INFO  impl.RoleInfo (RoleInfo.java:shutdownFollowerState(121)) - a32408a4-f19d-4bad-97c5-ba33ae94fc9a: shutdown FollowerState
2019-10-16 21:55:25,777 [Thread-1715] INFO  impl.FollowerState (FollowerState.java:run(117)) - 6b24a2ab-97ee-4d49-85cc-2d76c2f4b8ef@group-569FAC3F8BCE-FollowerState was interrupted: java.lang.InterruptedException: sleep interrupted
2019-10-16 21:55:25,777 [grpc-default-executor-1] INFO  impl.RoleInfo (RoleInfo.java:updateAndGet(143)) - 6b24a2ab-97ee-4d49-85cc-2d76c2f4b8ef: start FollowerState
2019-10-16 21:55:25,777 [grpc-default-executor-0] INFO  impl.RoleInfo (RoleInfo.java:updateAndGet(143)) - a32408a4-f19d-4bad-97c5-ba33ae94fc9a: start FollowerState
2019-10-16 21:55:25,777 [Thread-1714] INFO  impl.FollowerState (FollowerState.java:run(117)) - a32408a4-f19d-4bad-97c5-ba33ae94fc9a@group-569FAC3F8BCE-FollowerState was interrupted: java.lang.InterruptedException: sleep interrupted
2019-10-16 21:55:25,804 [277b5c5e-8c6f-4c9a-a53f-1bbc96404e12@group-569FAC3F8BCE-LeaderElection237] INFO  impl.LeaderElection (LeaderElection.java:logAndReturn(56)) - 277b5c5e-8c6f-4c9a-a53f-1bbc96404e12@group-569FAC3F8BCE-LeaderElection237: Election REJECTED; received 2 response(s) [277b5c5e-8c6f-4c9a-a53f-1bbc96404e12<-6b24a2ab-97ee-4d49-85cc-2d76c2f4b8ef#0:FAIL-t238, 277b5c5e-8c6f-4c9a-a53f-1bbc96404e12<-a32408a4-f19d-4bad-97c5-ba33ae94fc9a#0:FAIL-t238] and 0 exception(s); 277b5c5e-8c6f-4c9a-a53f-1bbc96404e12@group-569FAC3F8BCE:t238, leader=null, voted=277b5c5e-8c6f-4c9a-a53f-1bbc96404e12, raftlog=277b5c5e-8c6f-4c9a-a53f-1bbc96404e12@group-569FAC3F8BCE-SegmentedRaftLog:OPENED:c-1,f-1,i0, conf=-1: [a32408a4-f19d-4bad-97c5-ba33ae94fc9a:192.168.157.254:38721, 6b24a2ab-97ee-4d49-85cc-2d76c2f4b8ef:192.168.157.254:41080, 277b5c5e-8c6f-4c9a-a53f-1bbc96404e12:192.168.157.254:41416], old=null
2019-10-16 21:55:25,804 [277b5c5e-8c6f-4c9a-a53f-1bbc96404e12@group-569FAC3F8BCE-LeaderElection237] INFO  impl.RaftServerImpl (RaftServerImpl.java:setRole(184)) - 277b5c5e-8c6f-4c9a-a53f-1bbc96404e12@group-569FAC3F8BCE: changes role from CANDIDATE to FOLLOWER at term 238 for DISCOVERED_A_NEW_TERM
2019-10-16 21:55:25,805 [277b5c5e-8c6f-4c9a-a53f-1bbc96404e12@group-569FAC3F8BCE-LeaderElection237] INFO  impl.RoleInfo (RoleInfo.java:shutdownLeaderElection(134)) - 277b5c5e-8c6f-4c9a-a53f-1bbc96404e12: shutdown LeaderElection
2019-10-16 21:55:25,805 [277b5c5e-8c6f-4c9a-a53f-1bbc96404e12@group-569FAC3F8BCE-LeaderElection237] INFO  impl.RoleInfo (RoleInfo.java:updateAndGet(143)) - 277b5c5e-8c6f-4c9a-a53f-1bbc96404e12: start FollowerState
2019-10-16 21:55:25,969 [Thread-1722] INFO  impl.FollowerState (FollowerState.java:run(108)) - 277b5c5e-8c6f-4c9a-a53f-1bbc96404e12@group-569FAC3F8BCE-FollowerState: change to CANDIDATE, lastRpcTime:164ms, electionTimeout:164ms
2019-10-16 21:55:25,969 [Thread-1722] INFO  impl.RoleInfo (RoleInfo.java:shutdownFollowerState(121)) - 277b5c5e-8c6f-4c9a-a53f-1bbc96404e12: shutdown FollowerState
2019-10-16 21:55:25,969 [Thread-1722] INFO  impl.RaftServerImpl (RaftServerImpl.java:setRole(184)) - 277b5c5e-8c6f-4c9a-a53f-1bbc96404e12@group-569FAC3F8BCE: changes role from  FOLLOWER to CANDIDATE at term 238 for changeToCandidate
2019-10-16 21:55:25,970 [Thread-1722] INFO  impl.RoleInfo (RoleInfo.java:updateAndGet(143)) - 277b5c5e-8c6f-4c9a-a53f-1bbc96404e12: start LeaderElection
2019-10-16 21:55:25,983 [277b5c5e-8c6f-4c9a-a53f-1bbc96404e12@group-569FAC3F8BCE-LeaderElection238] INFO  impl.LeaderElection (LeaderElection.java:askForVotes(178)) - 277b5c5e-8c6f-4c9a-a53f-1bbc96404e12@group-569FAC3F8BCE-LeaderElection238: begin an election at term 239 for -1: [a32408a4-f19d-4bad-97c5-ba33ae94fc9a:192.168.157.254:38721, 6b24a2ab-97ee-4d49-85cc-2d76c2f4b8ef:192.168.157.254:41080, 277b5c5e-8c6f-4c9a-a53f-1bbc96404e12:192.168.157.254:41416], old=null
2019-10-16 21:55:25,986 [grpc-default-executor-0] INFO  impl.RaftServerImpl (RaftServerImpl.java:setRole(184)) - a32408a4-f19d-4bad-97c5-ba33ae94fc9a@group-569FAC3F8BCE: changes role from  FOLLOWER to FOLLOWER at term 239 for recognizeCandidate:277b5c5e-8c6f-4c9a-a53f-1bbc96404e12
2019-10-16 21:55:25,986 [grpc-default-executor-0] INFO  impl.RoleInfo (RoleInfo.java:shutdownFollowerState(121)) - a32408a4-f19d-4bad-97c5-ba33ae94fc9a: shutdown FollowerState
2019-10-16 21:55:25,986 [grpc-default-executor-0] INFO  impl.RoleInfo (RoleInfo.java:updateAndGet(143)) - a32408a4-f19d-4bad-97c5-ba33ae94fc9a: start FollowerState
2019-10-16 21:55:25,986 [grpc-default-executor-1] INFO  impl.RaftServerImpl (RaftServerImpl.java:setRole(184)) - 6b24a2ab-97ee-4d49-85cc-2d76c2f4b8ef@group-569FAC3F8BCE: changes role from  FOLLOWER to FOLLOWER at term 239 for recognizeCandidate:277b5c5e-8c6f-4c9a-a53f-1bbc96404e12
2019-10-16 21:55:25,987 [grpc-default-executor-1] INFO  impl.RoleInfo (RoleInfo.java:shutdownFollowerState(121)) - 6b24a2ab-97ee-4d49-85cc-2d76c2f4b8ef: shutdown FollowerState
2019-10-16 21:55:25,986 [Thread-1721] INFO  impl.FollowerState (FollowerState.java:run(117)) - a32408a4-f19d-4bad-97c5-ba33ae94fc9a@group-569FAC3F8BCE-FollowerState was interrupted: java.lang.InterruptedException: sleep interrupted
2019-10-16 21:55:25,987 [Thread-1720] INFO  impl.FollowerState (FollowerState.java:run(117)) - 6b24a2ab-97ee-4d49-85cc-2d76c2f4b8ef@group-569FAC3F8BCE-FollowerState was interrupted: java.lang.InterruptedException: sleep interrupted
2019-10-16 21:55:25,987 [grpc-default-executor-1] INFO  impl.RoleInfo (RoleInfo.java:updateAndGet(143)) - 6b24a2ab-97ee-4d49-85cc-2d76c2f4b8ef: start FollowerState
2019-10-16 21:55:26,013 [277b5c5e-8c6f-4c9a-a53f-1bbc96404e12@group-569FAC3F8BCE-LeaderElection238] INFO  impl.LeaderElection (LeaderElection.java:logAndReturn(56)) - 277b5c5e-8c6f-4c9a-a53f-1bbc96404e12@group-569FAC3F8BCE-LeaderElection238: Election REJECTED; received 2 response(s) [277b5c5e-8c6f-4c9a-a53f-1bbc96404e12<-6b24a2ab-97ee-4d49-85cc-2d76c2f4b8ef#0:FAIL-t239, 277b5c5e-8c6f-4c9a-a53f-1bbc96404e12<-a32408a4-f19d-4bad-97c5-ba33ae94fc9a#0:FAIL-t239] and 0 exception(s); 277b5c5e-8c6f-4c9a-a53f-1bbc96404e12@group-569FAC3F8BCE:t239, leader=null, voted=277b5c5e-8c6f-4c9a-a53f-1bbc96404e12, raftlog=277b5c5e-8c6f-4c9a-a53f-1bbc96404e12@group-569FAC3F8BCE-SegmentedRaftLog:OPENED:c-1,f-1,i0, conf=-1: [a32408a4-f19d-4bad-97c5-ba33ae94fc9a:192.168.157.254:38721, 6b24a2ab-97ee-4d49-85cc-2d76c2f4b8ef:192.168.157.254:41080, 277b5c5e-8c6f-4c9a-a53f-1bbc96404e12:192.168.157.254:41416], old=null
2019-10-16 21:55:26,013 [277b5c5e-8c6f-4c9a-a53f-1bbc96404e12@group-569FAC3F8BCE-LeaderElection238] INFO  impl.RaftServerImpl (RaftServerImpl.java:setRole(184)) - 277b5c5e-8c6f-4c9a-a53f-1bbc96404e12@group-569FAC3F8BCE: changes role from CANDIDATE to FOLLOWER at term 239 for DISCOVERED_A_NEW_TERM
2019-10-16 21:55:26,013 [277b5c5e-8c6f-4c9a-a53f-1bbc96404e12@group-569FAC3F8BCE-LeaderElection238] INFO  impl.RoleInfo (RoleInfo.java:shutdownLeaderElection(134)) - 277b5c5e-8c6f-4c9a-a53f-1bbc96404e12: shutdown LeaderElection
2019-10-16 21:55:26,014 [277b5c5e-8c6f-4c9a-a53f-1bbc96404e12@group-569FAC3F8BCE-LeaderElection238] INFO  impl.RoleInfo (RoleInfo.java:updateAndGet(143)) - 277b5c5e-8c6f-4c9a-a53f-1bbc96404e12: start FollowerState
2019-10-16 21:55:26,118 [Thread-1728] INFO  impl.FollowerState (FollowerState.java:run(108)) - 277b5c5e-8c6f-4c9a-a53f-1bbc96404e12@group-569FAC3F8BCE-FollowerState: change to CANDIDATE, lastRpcTime:104ms, electionTimeout:104ms
2019-10-16 21:55:26,118 [Thread-1728] INFO  impl.RoleInfo (RoleInfo.java:shutdownFollowerState(121)) - 277b5c5e-8c6f-4c9a-a53f-1bbc96404e12: shutdown FollowerState
2019-10-16 21:55:26,118 [Thread-1728] INFO  impl.RaftServerImpl (RaftServerImpl.java:setRole(184)) - 277b5c5e-8c6f-4c9a-a53f-1bbc96404e12@group-569FAC3F8BCE: changes role from  FOLLOWER to CANDIDATE at term 239 for changeToCandidate
2019-10-16 21:55:26,118 [Thread-1728] INFO  impl.RoleInfo (RoleInfo.java:updateAndGet(143)) - 277b5c5e-8c6f-4c9a-a53f-1bbc96404e12: start LeaderElection
2019-10-16 21:55:26,132 [277b5c5e-8c6f-4c9a-a53f-1bbc96404e12@group-569FAC3F8BCE-LeaderElection239] INFO  impl.LeaderElection (LeaderElection.java:askForVotes(178)) - 277b5c5e-8c6f-4c9a-a53f-1bbc96404e12@group-569FAC3F8BCE-LeaderElection239: begin an election at term 240 for -1: [a32408a4-f19d-4bad-97c5-ba33ae94fc9a:192.168.157.254:38721, 6b24a2ab-97ee-4d49-85cc-2d76c2f4b8ef:192.168.157.254:41080, 277b5c5e-8c6f-4c9a-a53f-1bbc96404e12:192.168.157.254:41416], old=null
2019-10-16 21:55:26,135 [grpc-default-executor-0] INFO  impl.RaftServerImpl (RaftServerImpl.java:setRole(184)) - a32408a4-f19d-4bad-97c5-ba33ae94fc9a@group-569FAC3F8BCE: changes role from  FOLLOWER to FOLLOWER at term 240 for recognizeCandidate:277b5c5e-8c6f-4c9a-a53f-1bbc96404e12
2019-10-16 21:55:26,135 [grpc-default-executor-0] INFO  impl.RoleInfo (RoleInfo.java:shutdownFollowerState(121)) - a32408a4-f19d-4bad-97c5-ba33ae94fc9a: shutdown FollowerState
2019-10-16 21:55:26,135 [grpc-default-executor-0] INFO  impl.RoleInfo (RoleInfo.java:updateAndGet(143)) - a32408a4-f19d-4bad-97c5-ba33ae94fc9a: start FollowerState
2019-10-16 21:55:26,135 [grpc-default-executor-1] INFO  impl.RaftServerImpl (RaftServerImpl.java:setRole(184)) - 6b24a2ab-97ee-4d49-85cc-2d76c2f4b8ef@group-569FAC3F8BCE: changes role from  FOLLOWER to FOLLOWER at term 240 for recognizeCandidate:277b5c5e-8c6f-4c9a-a53f-1bbc96404e12
2019-10-16 21:55:26,136 [grpc-default-executor-1] INFO  impl.RoleInfo (RoleInfo.java:shutdownFollowerState(121)) - 6b24a2ab-97ee-4d49-85cc-2d76c2f4b8ef: shutdown FollowerState
2019-10-16 21:55:26,135 [Thread-1726] INFO  impl.FollowerState (FollowerState.java:run(117)) - a32408a4-f19d-4bad-97c5-ba33ae94fc9a@group-569FAC3F8BCE-FollowerState was interrupted: java.lang.InterruptedException: sleep interrupted
2019-10-16 21:55:26,136 [grpc-default-executor-1] INFO  impl.RoleInfo (RoleInfo.java:updateAndGet(143)) - 6b24a2ab-97ee-4d49-85cc-2d76c2f4b8ef: start FollowerState
2019-10-16 21:55:26,136 [Thread-1727] INFO  impl.FollowerState (FollowerState.java:run(117)) - 6b24a2ab-97ee-4d49-85cc-2d76c2f4b8ef@group-569FAC3F8BCE-FollowerState was interrupted: java.lang.InterruptedException: sleep interrupted
2019-10-16 21:55:26,162 [277b5c5e-8c6f-4c9a-a53f-1bbc96404e12@group-569FAC3F8BCE-LeaderElection239] INFO  impl.LeaderElection (LeaderElection.java:logAndReturn(56)) - 277b5c5e-8c6f-4c9a-a53f-1bbc96404e12@group-569FAC3F8BCE-LeaderElection239: Election REJECTED; received 2 response(s) [277b5c5e-8c6f-4c9a-a53f-1bbc96404e12<-6b24a2ab-97ee-4d49-85cc-2d76c2f4b8ef#0:FAIL-t240, 277b5c5e-8c6f-4c9a-a53f-1bbc96404e12<-a32408a4-f19d-4bad-97c5-ba33ae94fc9a#0:FAIL-t240] and 0 exception(s); 277b5c5e-8c6f-4c9a-a53f-1bbc96404e12@group-569FAC3F8BCE:t240, leader=null, voted=277b5c5e-8c6f-4c9a-a53f-1bbc96404e12, raftlog=277b5c5e-8c6f-4c9a-a53f-1bbc96404e12@group-569FAC3F8BCE-SegmentedRaftLog:OPENED:c-1,f-1,i0, conf=-1: [a32408a4-f19d-4bad-97c5-ba33ae94fc9a:192.168.157.254:38721, 6b24a2ab-97ee-4d49-85cc-2d76c2f4b8ef:192.168.157.254:41080, 277b5c5e-8c6f-4c9a-a53f-1bbc96404e12:192.168.157.254:41416], old=null
2019-10-16 21:55:26,162 [277b5c5e-8c6f-4c9a-a53f-1bbc96404e12@group-569FAC3F8BCE-LeaderElection239] INFO  impl.RaftServerImpl (RaftServerImpl.java:setRole(184)) - 277b5c5e-8c6f-4c9a-a53f-1bbc96404e12@group-569FAC3F8BCE: changes role from CANDIDATE to FOLLOWER at term 240 for DISCOVERED_A_NEW_TERM
2019-10-16 21:55:26,162 [277b5c5e-8c6f-4c9a-a53f-1bbc96404e12@group-569FAC3F8BCE-LeaderElection239] INFO  impl.RoleInfo (RoleInfo.java:shutdownLeaderElection(134)) - 277b5c5e-8c6f-4c9a-a53f-1bbc96404e12: shutdown LeaderElection
2019-10-16 21:55:26,162 [277b5c5e-8c6f-4c9a-a53f-1bbc96404e12@group-569FAC3F8BCE-LeaderElection239] INFO  impl.RoleInfo (RoleInfo.java:updateAndGet(143)) - 277b5c5e-8c6f-4c9a-a53f-1bbc96404e12: start FollowerState
2019-10-16 21:55:26,277 [Thread-1734] INFO  impl.FollowerState (FollowerState.java:run(108)) - 277b5c5e-8c6f-4c9a-a53f-1bbc96404e12@group-569FAC3F8BCE-FollowerState: change to CANDIDATE, lastRpcTime:114ms, electionTimeout:114ms
2019-10-16 21:55:26,277 [Thread-1734] INFO  impl.RoleInfo (RoleInfo.java:shutdownFollowerState(121)) - 277b5c5e-8c6f-4c9a-a53f-1bbc96404e12: shutdown FollowerState
2019-10-16 21:55:26,277 [Thread-1734] INFO  impl.RaftServerImpl (RaftServerImpl.java:setRole(184)) - 277b5c5e-8c6f-4c9a-a53f-1bbc96404e12@group-569FAC3F8BCE: changes role from  FOLLOWER to CANDIDATE at term 240 for changeToCandidate
2019-10-16 21:55:26,277 [Thread-1734] INFO  impl.RoleInfo (RoleInfo.java:updateAndGet(143)) - 277b5c5e-8c6f-4c9a-a53f-1bbc96404e12: start LeaderElection
2019-10-16 21:55:26,300 [277b5c5e-8c6f-4c9a-a53f-1bbc96404e12@group-569FAC3F8BCE-LeaderElection240] INFO  impl.LeaderElection (LeaderElection.java:askForVotes(178)) - 277b5c5e-8c6f-4c9a-a53f-1bbc96404e12@group-569FAC3F8BCE-LeaderElection240: begin an election at term 241 for -1: [a32408a4-f19d-4bad-97c5-ba33ae94fc9a:192.168.157.254:38721, 6b24a2ab-97ee-4d49-85cc-2d76c2f4b8ef:192.168.157.254:41080, 277b5c5e-8c6f-4c9a-a53f-1bbc96404e12:192.168.157.254:41416], old=null
2019-10-16 21:55:26,302 [grpc-default-executor-0] INFO  impl.RaftServerImpl (RaftServerImpl.java:setRole(184)) - a32408a4-f19d-4bad-97c5-ba33ae94fc9a@group-569FAC3F8BCE: changes role from  FOLLOWER to FOLLOWER at term 241 for recognizeCandidate:277b5c5e-8c6f-4c9a-a53f-1bbc96404e12
2019-10-16 21:55:26,302 [grpc-default-executor-0] INFO  impl.RoleInfo (RoleInfo.java:shutdownFollowerState(121)) - a32408a4-f19d-4bad-97c5-ba33ae94fc9a: shutdown FollowerState
2019-10-16 21:55:26,303 [grpc-default-executor-0] INFO  impl.RoleInfo (RoleInfo.java:updateAndGet(143)) - a32408a4-f19d-4bad-97c5-ba33ae94fc9a: start FollowerState
2019-10-16 21:55:26,303 [grpc-default-executor-1] INFO  impl.RaftServerImpl (RaftServerImpl.java:setRole(184)) - 6b24a2ab-97ee-4d49-85cc-2d76c2f4b8ef@group-569FAC3F8BCE: changes role from  FOLLOWER to FOLLOWER at term 241 for recognizeCandidate:277b5c5e-8c6f-4c9a-a53f-1bbc96404e12
2019-10-16 21:55:26,303 [grpc-default-executor-1] INFO  impl.RoleInfo (RoleInfo.java:shutdownFollowerState(121)) - 6b24a2ab-97ee-4d49-85cc-2d76c2f4b8ef: shutdown FollowerState
2019-10-16 21:55:26,303 [Thread-1732] INFO  impl.FollowerState (FollowerState.java:run(117)) - a32408a4-f19d-4bad-97c5-ba33ae94fc9a@group-569FAC3F8BCE-FollowerState was interrupted: java.lang.InterruptedException: sleep interrupted
2019-10-16 21:55:26,303 [Thread-1733] INFO  impl.FollowerState (FollowerState.java:run(117)) - 6b24a2ab-97ee-4d49-85cc-2d76c2f4b8ef@group-569FAC3F8BCE-FollowerState was interrupted: java.lang.InterruptedException: sleep interrupted
2019-10-16 21:55:26,303 [grpc-default-executor-1] INFO  impl.RoleInfo (RoleInfo.java:updateAndGet(143)) - 6b24a2ab-97ee-4d49-85cc-2d76c2f4b8ef: start FollowerState
2019-10-16 21:55:26,317 [277b5c5e-8c6f-4c9a-a53f-1bbc96404e12@group-569FAC3F8BCE-LeaderElection240] INFO  impl.LeaderElection (LeaderElection.java:logAndReturn(56)) - 277b5c5e-8c6f-4c9a-a53f-1bbc96404e12@group-569FAC3F8BCE-LeaderElection240: Election REJECTED; received 2 response(s) [277b5c5e-8c6f-4c9a-a53f-1bbc96404e12<-a32408a4-f19d-4bad-97c5-ba33ae94fc9a#0:FAIL-t241, 277b5c5e-8c6f-4c9a-a53f-1bbc96404e12<-6b24a2ab-97ee-4d49-85cc-2d76c2f4b8ef#0:FAIL-t241] and 0 exception(s); 277b5c5e-8c6f-4c9a-a53f-1bbc96404e12@group-569FAC3F8BCE:t241, leader=null, voted=277b5c5e-8c6f-4c9a-a53f-1bbc96404e12, raftlog=277b5c5e-8c6f-4c9a-a53f-1bbc96404e12@group-569FAC3F8BCE-SegmentedRaftLog:OPENED:c-1,f-1,i0, conf=-1: [a32408a4-f19d-4bad-97c5-ba33ae94fc9a:192.168.157.254:38721, 6b24a2ab-97ee-4d49-85cc-2d76c2f4b8ef:192.168.157.254:41080, 277b5c5e-8c6f-4c9a-a53f-1bbc96404e12:192.168.157.254:41416], old=null
2019-10-16 21:55:26,318 [277b5c5e-8c6f-4c9a-a53f-1bbc96404e12@group-569FAC3F8BCE-LeaderElection240] INFO  impl.RaftServerImpl (RaftServerImpl.java:setRole(184)) - 277b5c5e-8c6f-4c9a-a53f-1bbc96404e12@group-569FAC3F8BCE: changes role from CANDIDATE to FOLLOWER at term 241 for DISCOVERED_A_NEW_TERM
2019-10-16 21:55:26,318 [277b5c5e-8c6f-4c9a-a53f-1bbc96404e12@group-569FAC3F8BCE-LeaderElection240] INFO  impl.RoleInfo (RoleInfo.java:shutdownLeaderElection(134)) - 277b5c5e-8c6f-4c9a-a53f-1bbc96404e12: shutdown LeaderElection
2019-10-16 21:55:26,318 [277b5c5e-8c6f-4c9a-a53f-1bbc96404e12@group-569FAC3F8BCE-LeaderElection240] INFO  impl.RoleInfo (RoleInfo.java:updateAndGet(143)) - 277b5c5e-8c6f-4c9a-a53f-1bbc96404e12: start FollowerState
2019-10-16 21:55:26,386 [Thread-1740] INFO  impl.FollowerState (FollowerState.java:run(108)) - 277b5c5e-8c6f-4c9a-a53f-1bbc96404e12@group-569FAC3F8BCE-FollowerState: change to CANDIDATE, lastRpcTime:68ms, electionTimeout:68ms
2019-10-16 21:55:26,386 [Thread-1740] INFO  impl.RoleInfo (RoleInfo.java:shutdownFollowerState(121)) - 277b5c5e-8c6f-4c9a-a53f-1bbc96404e12: shutdown FollowerState
2019-10-16 21:55:26,387 [Thread-1740] INFO  impl.RaftServerImpl (RaftServerImpl.java:setRole(184)) - 277b5c5e-8c6f-4c9a-a53f-1bbc96404e12@group-569FAC3F8BCE: changes role from  FOLLOWER to CANDIDATE at term 241 for changeToCandidate
2019-10-16 21:55:26,387 [Thread-1740] INFO  impl.RoleInfo (RoleInfo.java:updateAndGet(143)) - 277b5c5e-8c6f-4c9a-a53f-1bbc96404e12: start LeaderElection
2019-10-16 21:55:26,401 [277b5c5e-8c6f-4c9a-a53f-1bbc96404e12@group-569FAC3F8BCE-LeaderElection241] INFO  impl.LeaderElection (LeaderElection.java:askForVotes(178)) - 277b5c5e-8c6f-4c9a-a53f-1bbc96404e12@group-569FAC3F8BCE-LeaderElection241: begin an election at term 242 for -1: [a32408a4-f19d-4bad-97c5-ba33ae94fc9a:192.168.157.254:38721, 6b24a2ab-97ee-4d49-85cc-2d76c2f4b8ef:192.168.157.254:41080, 277b5c5e-8c6f-4c9a-a53f-1bbc96404e12:192.168.157.254:41416], old=null
2019-10-16 21:55:26,403 [grpc-default-executor-1] INFO  impl.RaftServerImpl (RaftServerImpl.java:setRole(184)) - a32408a4-f19d-4bad-97c5-ba33ae94fc9a@group-569FAC3F8BCE: changes role from  FOLLOWER to FOLLOWER at term 242 for recognizeCandidate:277b5c5e-8c6f-4c9a-a53f-1bbc96404e12
2019-10-16 21:55:26,403 [grpc-default-executor-1] INFO  impl.RoleInfo (RoleInfo.java:shutdownFollowerState(121)) - a32408a4-f19d-4bad-97c5-ba33ae94fc9a: shutdown FollowerState
2019-10-16 21:55:26,403 [grpc-default-executor-0] INFO  impl.RaftServerImpl (RaftServerImpl.java:setRole(184)) - 6b24a2ab-97ee-4d49-85cc-2d76c2f4b8ef@group-569FAC3F8BCE: changes role from  FOLLOWER to FOLLOWER at term 242 for recognizeCandidate:277b5c5e-8c6f-4c9a-a53f-1bbc96404e12
2019-10-16 21:55:26,404 [grpc-default-executor-0] INFO  impl.RoleInfo (RoleInfo.java:shutdownFollowerState(121)) - 6b24a2ab-97ee-4d49-85cc-2d76c2f4b8ef: shutdown FollowerState
2019-10-16 21:55:26,404 [Thread-1739] INFO  impl.FollowerState (FollowerState.java:run(117)) - 6b24a2ab-97ee-4d49-85cc-2d76c2f4b8ef@group-569FAC3F8BCE-FollowerState was interrupted: java.lang.InterruptedException: sleep interrupted
2019-10-16 21:55:26,404 [Thread-1738] INFO  impl.FollowerState (FollowerState.java:run(117)) - a32408a4-f19d-4bad-97c5-ba33ae94fc9a@group-569FAC3F8BCE-FollowerState was interrupted: java.lang.InterruptedException: sleep interrupted
2019-10-16 21:55:26,404 [grpc-default-executor-1] INFO  impl.RoleInfo (RoleInfo.java:updateAndGet(143)) - a32408a4-f19d-4bad-97c5-ba33ae94fc9a: start FollowerState
2019-10-16 21:55:26,404 [grpc-default-executor-0] INFO  impl.RoleInfo (RoleInfo.java:updateAndGet(143)) - 6b24a2ab-97ee-4d49-85cc-2d76c2f4b8ef: start FollowerState
2019-10-16 21:55:26,431 [277b5c5e-8c6f-4c9a-a53f-1bbc96404e12@group-569FAC3F8BCE-LeaderElection241] INFO  impl.LeaderElection (LeaderElection.java:logAndReturn(56)) - 277b5c5e-8c6f-4c9a-a53f-1bbc96404e12@group-569FAC3F8BCE-LeaderElection241: Election REJECTED; received 2 response(s) [277b5c5e-8c6f-4c9a-a53f-1bbc96404e12<-6b24a2ab-97ee-4d49-85cc-2d76c2f4b8ef#0:FAIL-t242, 277b5c5e-8c6f-4c9a-a53f-1bbc96404e12<-a32408a4-f19d-4bad-97c5-ba33ae94fc9a#0:FAIL-t242] and 0 exception(s); 277b5c5e-8c6f-4c9a-a53f-1bbc96404e12@group-569FAC3F8BCE:t242, leader=null, voted=277b5c5e-8c6f-4c9a-a53f-1bbc96404e12, raftlog=277b5c5e-8c6f-4c9a-a53f-1bbc96404e12@group-569FAC3F8BCE-SegmentedRaftLog:OPENED:c-1,f-1,i0, conf=-1: [a32408a4-f19d-4bad-97c5-ba33ae94fc9a:192.168.157.254:38721, 6b24a2ab-97ee-4d49-85cc-2d76c2f4b8ef:192.168.157.254:41080, 277b5c5e-8c6f-4c9a-a53f-1bbc96404e12:192.168.157.254:41416], old=null
2019-10-16 21:55:26,431 [277b5c5e-8c6f-4c9a-a53f-1bbc96404e12@group-569FAC3F8BCE-LeaderElection241] INFO  impl.RaftServerImpl (RaftServerImpl.java:setRole(184)) - 277b5c5e-8c6f-4c9a-a53f-1bbc96404e12@group-569FAC3F8BCE: changes role from CANDIDATE to FOLLOWER at term 242 for DISCOVERED_A_NEW_TERM
2019-10-16 21:55:26,431 [277b5c5e-8c6f-4c9a-a53f-1bbc96404e12@group-569FAC3F8BCE-LeaderElection241] INFO  impl.RoleInfo (RoleInfo.java:shutdownLeaderElection(134)) - 277b5c5e-8c6f-4c9a-a53f-1bbc96404e12: shutdown LeaderElection
2019-10-16 21:55:26,431 [277b5c5e-8c6f-4c9a-a53f-1bbc96404e12@group-569FAC3F8BCE-LeaderElection241] INFO  impl.RoleInfo (RoleInfo.java:updateAndGet(143)) - 277b5c5e-8c6f-4c9a-a53f-1bbc96404e12: start FollowerState
2019-10-16 21:55:26,553 [Thread-1746] INFO  impl.FollowerState (FollowerState.java:run(108)) - 277b5c5e-8c6f-4c9a-a53f-1bbc96404e12@group-569FAC3F8BCE-FollowerState: change to CANDIDATE, lastRpcTime:121ms, electionTimeout:121ms
2019-10-16 21:55:26,553 [Thread-1746] INFO  impl.RoleInfo (RoleInfo.java:shutdownFollowerState(121)) - 277b5c5e-8c6f-4c9a-a53f-1bbc96404e12: shutdown FollowerState
2019-10-16 21:55:26,553 [Thread-1746] INFO  impl.RaftServerImpl (RaftServerImpl.java:setRole(184)) - 277b5c5e-8c6f-4c9a-a53f-1bbc96404e12@group-569FAC3F8BCE: changes role from  FOLLOWER to CANDIDATE at term 242 for changeToCandidate
2019-10-16 21:55:26,553 [Thread-1746] INFO  impl.RoleInfo (RoleInfo.java:updateAndGet(143)) - 277b5c5e-8c6f-4c9a-a53f-1bbc96404e12: start LeaderElection
2019-10-16 21:55:26,569 [277b5c5e-8c6f-4c9a-a53f-1bbc96404e12@group-569FAC3F8BCE-LeaderElection242] INFO  impl.LeaderElection (LeaderElection.java:askForVotes(178)) - 277b5c5e-8c6f-4c9a-a53f-1bbc96404e12@group-569FAC3F8BCE-LeaderElection242: begin an election at term 243 for -1: [a32408a4-f19d-4bad-97c5-ba33ae94fc9a:192.168.157.254:38721, 6b24a2ab-97ee-4d49-85cc-2d76c2f4b8ef:192.168.157.254:41080, 277b5c5e-8c6f-4c9a-a53f-1bbc96404e12:192.168.157.254:41416], old=null
2019-10-16 21:55:26,571 [grpc-default-executor-1] INFO  impl.RaftServerImpl (RaftServerImpl.java:setRole(184)) - a32408a4-f19d-4bad-97c5-ba33ae94fc9a@group-569FAC3F8BCE: changes role from  FOLLOWER to FOLLOWER at term 243 for recognizeCandidate:277b5c5e-8c6f-4c9a-a53f-1bbc96404e12
2019-10-16 21:55:26,571 [grpc-default-executor-1] INFO  impl.RoleInfo (RoleInfo.java:shutdownFollowerState(121)) - a32408a4-f19d-4bad-97c5-ba33ae94fc9a: shutdown FollowerState
2019-10-16 21:55:26,571 [grpc-default-executor-0] INFO  impl.RaftServerImpl (RaftServerImpl.java:setRole(184)) - 6b24a2ab-97ee-4d49-85cc-2d76c2f4b8ef@group-569FAC3F8BCE: changes role from  FOLLOWER to FOLLOWER at term 243 for recognizeCandidate:277b5c5e-8c6f-4c9a-a53f-1bbc96404e12
2019-10-16 21:55:26,572 [grpc-default-executor-0] INFO  impl.RoleInfo (RoleInfo.java:shutdownFollowerState(121)) - 6b24a2ab-97ee-4d49-85cc-2d76c2f4b8ef: shutdown FollowerState
2019-10-16 21:55:26,571 [Thread-1744] INFO  impl.FollowerState (FollowerState.java:run(117)) - a32408a4-f19d-4bad-97c5-ba33ae94fc9a@group-569FAC3F8BCE-FollowerState was interrupted: java.lang.InterruptedException: sleep interrupted
2019-10-16 21:55:26,571 [grpc-default-executor-1] INFO  impl.RoleInfo (RoleInfo.java:updateAndGet(143)) - a32408a4-f19d-4bad-97c5-ba33ae94fc9a: start FollowerState
2019-10-16 21:55:26,572 [Thread-1745] INFO  impl.FollowerState (FollowerState.java:run(117)) - 6b24a2ab-97ee-4d49-85cc-2d76c2f4b8ef@group-569FAC3F8BCE-FollowerState was interrupted: java.lang.InterruptedException: sleep interrupted
2019-10-16 21:55:26,572 [grpc-default-executor-0] INFO  impl.RoleInfo (RoleInfo.java:updateAndGet(143)) - 6b24a2ab-97ee-4d49-85cc-2d76c2f4b8ef: start FollowerState
2019-10-16 21:55:26,573 [Thread-0] INFO  ozone.MiniOzoneClusterImpl (MiniOzoneClusterImpl.java:lambda$waitForClusterToBeReady$2(164)) - Waiting for 1 number of pipelines out of 4, to report a leader.
2019-10-16 21:55:26,588 [277b5c5e-8c6f-4c9a-a53f-1bbc96404e12@group-569FAC3F8BCE-LeaderElection242] INFO  impl.LeaderElection (LeaderElection.java:logAndReturn(56)) - 277b5c5e-8c6f-4c9a-a53f-1bbc96404e12@group-569FAC3F8BCE-LeaderElection242: Election REJECTED; received 2 response(s) [277b5c5e-8c6f-4c9a-a53f-1bbc96404e12<-a32408a4-f19d-4bad-97c5-ba33ae94fc9a#0:FAIL-t243, 277b5c5e-8c6f-4c9a-a53f-1bbc96404e12<-6b24a2ab-97ee-4d49-85cc-2d76c2f4b8ef#0:FAIL-t243] and 0 exception(s); 277b5c5e-8c6f-4c9a-a53f-1bbc96404e12@group-569FAC3F8BCE:t243, leader=null, voted=277b5c5e-8c6f-4c9a-a53f-1bbc96404e12, raftlog=277b5c5e-8c6f-4c9a-a53f-1bbc96404e12@group-569FAC3F8BCE-SegmentedRaftLog:OPENED:c-1,f-1,i0, conf=-1: [a32408a4-f19d-4bad-97c5-ba33ae94fc9a:192.168.157.254:38721, 6b24a2ab-97ee-4d49-85cc-2d76c2f4b8ef:192.168.157.254:41080, 277b5c5e-8c6f-4c9a-a53f-1bbc96404e12:192.168.157.254:41416], old=null
2019-10-16 21:55:26,588 [277b5c5e-8c6f-4c9a-a53f-1bbc96404e12@group-569FAC3F8BCE-LeaderElection242] INFO  impl.RaftServerImpl (RaftServerImpl.java:setRole(184)) - 277b5c5e-8c6f-4c9a-a53f-1bbc96404e12@group-569FAC3F8BCE: changes role from CANDIDATE to FOLLOWER at term 243 for DISCOVERED_A_NEW_TERM
2019-10-16 21:55:26,588 [277b5c5e-8c6f-4c9a-a53f-1bbc96404e12@group-569FAC3F8BCE-LeaderElection242] INFO  impl.RoleInfo (RoleInfo.java:shutdownLeaderElection(134)) - 277b5c5e-8c6f-4c9a-a53f-1bbc96404e12: shutdown LeaderElection
2019-10-16 21:55:26,588 [277b5c5e-8c6f-4c9a-a53f-1bbc96404e12@group-569FAC3F8BCE-LeaderElection242] INFO  impl.RoleInfo (RoleInfo.java:updateAndGet(143)) - 277b5c5e-8c6f-4c9a-a53f-1bbc96404e12: start FollowerState
2019-10-16 21:55:26,603 [Thread-1752] INFO  impl.FollowerState (FollowerState.java:run(108)) - 277b5c5e-8c6f-4c9a-a53f-1bbc96404e12@group-569FAC3F8BCE-FollowerState: change to CANDIDATE, lastRpcTime:14ms, electionTimeout:14ms
2019-10-16 21:55:26,603 [Thread-1752] INFO  impl.RoleInfo (RoleInfo.java:shutdownFollowerState(121)) - 277b5c5e-8c6f-4c9a-a53f-1bbc96404e12: shutdown FollowerState
2019-10-16 21:55:26,603 [Thread-1752] INFO  impl.RaftServerImpl (RaftServerImpl.java:setRole(184)) - 277b5c5e-8c6f-4c9a-a53f-1bbc96404e12@group-569FAC3F8BCE: changes role from  FOLLOWER to CANDIDATE at term 243 for changeToCandidate
2019-10-16 21:55:26,603 [Thread-1752] INFO  impl.RoleInfo (RoleInfo.java:updateAndGet(143)) - 277b5c5e-8c6f-4c9a-a53f-1bbc96404e12: start LeaderElection
2019-10-16 21:55:26,616 [277b5c5e-8c6f-4c9a-a53f-1bbc96404e12@group-569FAC3F8BCE-LeaderElection243] INFO  impl.LeaderElection (LeaderElection.java:askForVotes(178)) - 277b5c5e-8c6f-4c9a-a53f-1bbc96404e12@group-569FAC3F8BCE-LeaderElection243: begin an election at term 244 for -1: [a32408a4-f19d-4bad-97c5-ba33ae94fc9a:192.168.157.254:38721, 6b24a2ab-97ee-4d49-85cc-2d76c2f4b8ef:192.168.157.254:41080, 277b5c5e-8c6f-4c9a-a53f-1bbc96404e12:192.168.157.254:41416], old=null
2019-10-16 21:55:26,618 [grpc-default-executor-1] INFO  impl.RaftServerImpl (RaftServerImpl.java:setRole(184)) - a32408a4-f19d-4bad-97c5-ba33ae94fc9a@group-569FAC3F8BCE: changes role from  FOLLOWER to FOLLOWER at term 244 for recognizeCandidate:277b5c5e-8c6f-4c9a-a53f-1bbc96404e12
2019-10-16 21:55:26,618 [grpc-default-executor-0] INFO  impl.RaftServerImpl (RaftServerImpl.java:setRole(184)) - 6b24a2ab-97ee-4d49-85cc-2d76c2f4b8ef@group-569FAC3F8BCE: changes role from  FOLLOWER to FOLLOWER at term 244 for recognizeCandidate:277b5c5e-8c6f-4c9a-a53f-1bbc96404e12
2019-10-16 21:55:26,618 [grpc-default-executor-1] INFO  impl.RoleInfo (RoleInfo.java:shutdownFollowerState(121)) - a32408a4-f19d-4bad-97c5-ba33ae94fc9a: shutdown FollowerState
2019-10-16 21:55:26,618 [grpc-default-executor-0] INFO  impl.RoleInfo (RoleInfo.java:shutdownFollowerState(121)) - 6b24a2ab-97ee-4d49-85cc-2d76c2f4b8ef: shutdown FollowerState
2019-10-16 21:55:26,618 [Thread-1750] INFO  impl.FollowerState (FollowerState.java:run(117)) - a32408a4-f19d-4bad-97c5-ba33ae94fc9a@group-569FAC3F8BCE-FollowerState was interrupted: java.lang.InterruptedException: sleep interrupted
2019-10-16 21:55:26,618 [grpc-default-executor-1] INFO  impl.RoleInfo (RoleInfo.java:updateAndGet(143)) - a32408a4-f19d-4bad-97c5-ba33ae94fc9a: start FollowerState
2019-10-16 21:55:26,619 [Thread-1751] INFO  impl.FollowerState (FollowerState.java:run(117)) - 6b24a2ab-97ee-4d49-85cc-2d76c2f4b8ef@group-569FAC3F8BCE-FollowerState was interrupted: java.lang.InterruptedException: sleep interrupted
2019-10-16 21:55:26,619 [grpc-default-executor-0] INFO  impl.RoleInfo (RoleInfo.java:updateAndGet(143)) - 6b24a2ab-97ee-4d49-85cc-2d76c2f4b8ef: start FollowerState
2019-10-16 21:55:26,645 [277b5c5e-8c6f-4c9a-a53f-1bbc96404e12@group-569FAC3F8BCE-LeaderElection243] INFO  impl.LeaderElection (LeaderElection.java:logAndReturn(56)) - 277b5c5e-8c6f-4c9a-a53f-1bbc96404e12@group-569FAC3F8BCE-LeaderElection243: Election REJECTED; received 2 response(s) [277b5c5e-8c6f-4c9a-a53f-1bbc96404e12<-a32408a4-f19d-4bad-97c5-ba33ae94fc9a#0:FAIL-t244, 277b5c5e-8c6f-4c9a-a53f-1bbc96404e12<-6b24a2ab-97ee-4d49-85cc-2d76c2f4b8ef#0:FAIL-t244] and 0 exception(s); 277b5c5e-8c6f-4c9a-a53f-1bbc96404e12@group-569FAC3F8BCE:t244, leader=null, voted=277b5c5e-8c6f-4c9a-a53f-1bbc96404e12, raftlog=277b5c5e-8c6f-4c9a-a53f-1bbc96404e12@group-569FAC3F8BCE-SegmentedRaftLog:OPENED:c-1,f-1,i0, conf=-1: [a32408a4-f19d-4bad-97c5-ba33ae94fc9a:192.168.157.254:38721, 6b24a2ab-97ee-4d49-85cc-2d76c2f4b8ef:192.168.157.254:41080, 277b5c5e-8c6f-4c9a-a53f-1bbc96404e12:192.168.157.254:41416], old=null
2019-10-16 21:55:26,645 [277b5c5e-8c6f-4c9a-a53f-1bbc96404e12@group-569FAC3F8BCE-LeaderElection243] INFO  impl.RaftServerImpl (RaftServerImpl.java:setRole(184)) - 277b5c5e-8c6f-4c9a-a53f-1bbc96404e12@group-569FAC3F8BCE: changes role from CANDIDATE to FOLLOWER at term 244 for DISCOVERED_A_NEW_TERM
2019-10-16 21:55:26,645 [277b5c5e-8c6f-4c9a-a53f-1bbc96404e12@group-569FAC3F8BCE-LeaderElection243] INFO  impl.RoleInfo (RoleInfo.java:shutdownLeaderElection(134)) - 277b5c5e-8c6f-4c9a-a53f-1bbc96404e12: shutdown LeaderElection
2019-10-16 21:55:26,645 [277b5c5e-8c6f-4c9a-a53f-1bbc96404e12@group-569FAC3F8BCE-LeaderElection243] INFO  impl.RoleInfo (RoleInfo.java:updateAndGet(143)) - 277b5c5e-8c6f-4c9a-a53f-1bbc96404e12: start FollowerState
2019-10-16 21:55:26,730 [Thread-1758] INFO  impl.FollowerState (FollowerState.java:run(108)) - 277b5c5e-8c6f-4c9a-a53f-1bbc96404e12@group-569FAC3F8BCE-FollowerState: change to CANDIDATE, lastRpcTime:85ms, electionTimeout:85ms
2019-10-16 21:55:26,731 [Thread-1758] INFO  impl.RoleInfo (RoleInfo.java:shutdownFollowerState(121)) - 277b5c5e-8c6f-4c9a-a53f-1bbc96404e12: shutdown FollowerState
2019-10-16 21:55:26,731 [Thread-1758] INFO  impl.RaftServerImpl (RaftServerImpl.java:setRole(184)) - 277b5c5e-8c6f-4c9a-a53f-1bbc96404e12@group-569FAC3F8BCE: changes role from  FOLLOWER to CANDIDATE at term 244 for changeToCandidate
2019-10-16 21:55:26,731 [Thread-1758] INFO  impl.RoleInfo (RoleInfo.java:updateAndGet(143)) - 277b5c5e-8c6f-4c9a-a53f-1bbc96404e12: start LeaderElection
2019-10-16 21:55:26,746 [277b5c5e-8c6f-4c9a-a53f-1bbc96404e12@group-569FAC3F8BCE-LeaderElection244] INFO  impl.LeaderElection (LeaderElection.java:askForVotes(178)) - 277b5c5e-8c6f-4c9a-a53f-1bbc96404e12@group-569FAC3F8BCE-LeaderElection244: begin an election at term 245 for -1: [a32408a4-f19d-4bad-97c5-ba33ae94fc9a:192.168.157.254:38721, 6b24a2ab-97ee-4d49-85cc-2d76c2f4b8ef:192.168.157.254:41080, 277b5c5e-8c6f-4c9a-a53f-1bbc96404e12:192.168.157.254:41416], old=null
2019-10-16 21:55:26,748 [grpc-default-executor-1] INFO  impl.RaftServerImpl (RaftServerImpl.java:setRole(184)) - a32408a4-f19d-4bad-97c5-ba33ae94fc9a@group-569FAC3F8BCE: changes role from  FOLLOWER to FOLLOWER at term 245 for recognizeCandidate:277b5c5e-8c6f-4c9a-a53f-1bbc96404e12
2019-10-16 21:55:26,748 [grpc-default-executor-1] INFO  impl.RoleInfo (RoleInfo.java:shutdownFollowerState(121)) - a32408a4-f19d-4bad-97c5-ba33ae94fc9a: shutdown FollowerState
2019-10-16 21:55:26,748 [grpc-default-executor-0] INFO  impl.RaftServerImpl (RaftServerImpl.java:setRole(184)) - 6b24a2ab-97ee-4d49-85cc-2d76c2f4b8ef@group-569FAC3F8BCE: changes role from  FOLLOWER to FOLLOWER at term 245 for recognizeCandidate:277b5c5e-8c6f-4c9a-a53f-1bbc96404e12
2019-10-16 21:55:26,748 [grpc-default-executor-0] INFO  impl.RoleInfo (RoleInfo.java:shutdownFollowerState(121)) - 6b24a2ab-97ee-4d49-85cc-2d76c2f4b8ef: shutdown FollowerState
2019-10-16 21:55:26,748 [Thread-1756] INFO  impl.FollowerState (FollowerState.java:run(117)) - a32408a4-f19d-4bad-97c5-ba33ae94fc9a@group-569FAC3F8BCE-FollowerState was interrupted: java.lang.InterruptedException: sleep interrupted
2019-10-16 21:55:26,748 [grpc-default-executor-1] INFO  impl.RoleInfo (RoleInfo.java:updateAndGet(143)) - a32408a4-f19d-4bad-97c5-ba33ae94fc9a: start FollowerState
2019-10-16 21:55:26,748 [Thread-1757] INFO  impl.FollowerState (FollowerState.java:run(117)) - 6b24a2ab-97ee-4d49-85cc-2d76c2f4b8ef@group-569FAC3F8BCE-FollowerState was interrupted: java.lang.InterruptedException: sleep interrupted
2019-10-16 21:55:26,748 [grpc-default-executor-0] INFO  impl.RoleInfo (RoleInfo.java:updateAndGet(143)) - 6b24a2ab-97ee-4d49-85cc-2d76c2f4b8ef: start FollowerState
2019-10-16 21:55:26,774 [277b5c5e-8c6f-4c9a-a53f-1bbc96404e12@group-569FAC3F8BCE-LeaderElection244] INFO  impl.LeaderElection (LeaderElection.java:logAndReturn(56)) - 277b5c5e-8c6f-4c9a-a53f-1bbc96404e12@group-569FAC3F8BCE-LeaderElection244: Election REJECTED; received 2 response(s) [277b5c5e-8c6f-4c9a-a53f-1bbc96404e12<-a32408a4-f19d-4bad-97c5-ba33ae94fc9a#0:FAIL-t245, 277b5c5e-8c6f-4c9a-a53f-1bbc96404e12<-6b24a2ab-97ee-4d49-85cc-2d76c2f4b8ef#0:FAIL-t245] and 0 exception(s); 277b5c5e-8c6f-4c9a-a53f-1bbc96404e12@group-569FAC3F8BCE:t245, leader=null, voted=277b5c5e-8c6f-4c9a-a53f-1bbc96404e12, raftlog=277b5c5e-8c6f-4c9a-a53f-1bbc96404e12@group-569FAC3F8BCE-SegmentedRaftLog:OPENED:c-1,f-1,i0, conf=-1: [a32408a4-f19d-4bad-97c5-ba33ae94fc9a:192.168.157.254:38721, 6b24a2ab-97ee-4d49-85cc-2d76c2f4b8ef:192.168.157.254:41080, 277b5c5e-8c6f-4c9a-a53f-1bbc96404e12:192.168.157.254:41416], old=null
2019-10-16 21:55:26,775 [277b5c5e-8c6f-4c9a-a53f-1bbc96404e12@group-569FAC3F8BCE-LeaderElection244] INFO  impl.RaftServerImpl (RaftServerImpl.java:setRole(184)) - 277b5c5e-8c6f-4c9a-a53f-1bbc96404e12@group-569FAC3F8BCE: changes role from CANDIDATE to FOLLOWER at term 245 for DISCOVERED_A_NEW_TERM
2019-10-16 21:55:26,775 [277b5c5e-8c6f-4c9a-a53f-1bbc96404e12@group-569FAC3F8BCE-LeaderElection244] INFO  impl.RoleInfo (RoleInfo.java:shutdownLeaderElection(134)) - 277b5c5e-8c6f-4c9a-a53f-1bbc96404e12: shutdown LeaderElection
2019-10-16 21:55:26,775 [277b5c5e-8c6f-4c9a-a53f-1bbc96404e12@group-569FAC3F8BCE-LeaderElection244] INFO  impl.RoleInfo (RoleInfo.java:updateAndGet(143)) - 277b5c5e-8c6f-4c9a-a53f-1bbc96404e12: start FollowerState
2019-10-16 21:55:26,913 [Thread-1764] INFO  impl.FollowerState (FollowerState.java:run(108)) - 277b5c5e-8c6f-4c9a-a53f-1bbc96404e12@group-569FAC3F8BCE-FollowerState: change to CANDIDATE, lastRpcTime:138ms, electionTimeout:138ms
2019-10-16 21:55:26,914 [Thread-1764] INFO  impl.RoleInfo (RoleInfo.java:shutdownFollowerState(121)) - 277b5c5e-8c6f-4c9a-a53f-1bbc96404e12: shutdown FollowerState
2019-10-16 21:55:26,914 [Thread-1764] INFO  impl.RaftServerImpl (RaftServerImpl.java:setRole(184)) - 277b5c5e-8c6f-4c9a-a53f-1bbc96404e12@group-569FAC3F8BCE: changes role from  FOLLOWER to CANDIDATE at term 245 for changeToCandidate
2019-10-16 21:55:26,914 [Thread-1764] INFO  impl.RoleInfo (RoleInfo.java:updateAndGet(143)) - 277b5c5e-8c6f-4c9a-a53f-1bbc96404e12: start LeaderElection
2019-10-16 21:55:26,928 [277b5c5e-8c6f-4c9a-a53f-1bbc96404e12@group-569FAC3F8BCE-LeaderElection245] INFO  impl.LeaderElection (LeaderElection.java:askForVotes(178)) - 277b5c5e-8c6f-4c9a-a53f-1bbc96404e12@group-569FAC3F8BCE-LeaderElection245: begin an election at term 246 for -1: [a32408a4-f19d-4bad-97c5-ba33ae94fc9a:192.168.157.254:38721, 6b24a2ab-97ee-4d49-85cc-2d76c2f4b8ef:192.168.157.254:41080, 277b5c5e-8c6f-4c9a-a53f-1bbc96404e12:192.168.157.254:41416], old=null
2019-10-16 21:55:26,931 [grpc-default-executor-0] INFO  impl.RaftServerImpl (RaftServerImpl.java:setRole(184)) - a32408a4-f19d-4bad-97c5-ba33ae94fc9a@group-569FAC3F8BCE: changes role from  FOLLOWER to FOLLOWER at term 246 for recognizeCandidate:277b5c5e-8c6f-4c9a-a53f-1bbc96404e12
2019-10-16 21:55:26,931 [grpc-default-executor-0] INFO  impl.RoleInfo (RoleInfo.java:shutdownFollowerState(121)) - a32408a4-f19d-4bad-97c5-ba33ae94fc9a: shutdown FollowerState
2019-10-16 21:55:26,931 [grpc-default-executor-1] INFO  impl.RaftServerImpl (RaftServerImpl.java:setRole(184)) - 6b24a2ab-97ee-4d49-85cc-2d76c2f4b8ef@group-569FAC3F8BCE: changes role from  FOLLOWER to FOLLOWER at term 246 for recognizeCandidate:277b5c5e-8c6f-4c9a-a53f-1bbc96404e12
2019-10-16 21:55:26,931 [grpc-default-executor-0] INFO  impl.RoleInfo (RoleInfo.java:updateAndGet(143)) - a32408a4-f19d-4bad-97c5-ba33ae94fc9a: start FollowerState
2019-10-16 21:55:26,931 [Thread-1762] INFO  impl.FollowerState (FollowerState.java:run(117)) - a32408a4-f19d-4bad-97c5-ba33ae94fc9a@group-569FAC3F8BCE-FollowerState was interrupted: java.lang.InterruptedException: sleep interrupted
2019-10-16 21:55:26,931 [grpc-default-executor-1] INFO  impl.RoleInfo (RoleInfo.java:shutdownFollowerState(121)) - 6b24a2ab-97ee-4d49-85cc-2d76c2f4b8ef: shutdown FollowerState
2019-10-16 21:55:26,932 [grpc-default-executor-1] INFO  impl.RoleInfo (RoleInfo.java:updateAndGet(143)) - 6b24a2ab-97ee-4d49-85cc-2d76c2f4b8ef: start FollowerState
2019-10-16 21:55:26,932 [Thread-1763] INFO  impl.FollowerState (FollowerState.java:run(117)) - 6b24a2ab-97ee-4d49-85cc-2d76c2f4b8ef@group-569FAC3F8BCE-FollowerState was interrupted: java.lang.InterruptedException: sleep interrupted
2019-10-16 21:55:26,941 [277b5c5e-8c6f-4c9a-a53f-1bbc96404e12@group-569FAC3F8BCE-LeaderElection245] INFO  impl.LeaderElection (LeaderElection.java:logAndReturn(56)) - 277b5c5e-8c6f-4c9a-a53f-1bbc96404e12@group-569FAC3F8BCE-LeaderElection245: Election TIMEOUT; received 0 response(s) [] and 0 exception(s); 277b5c5e-8c6f-4c9a-a53f-1bbc96404e12@group-569FAC3F8BCE:t246, leader=null, voted=277b5c5e-8c6f-4c9a-a53f-1bbc96404e12, raftlog=277b5c5e-8c6f-4c9a-a53f-1bbc96404e12@group-569FAC3F8BCE-SegmentedRaftLog:OPENED:c-1,f-1,i0, conf=-1: [a32408a4-f19d-4bad-97c5-ba33ae94fc9a:192.168.157.254:38721, 6b24a2ab-97ee-4d49-85cc-2d76c2f4b8ef:192.168.157.254:41080, 277b5c5e-8c6f-4c9a-a53f-1bbc96404e12:192.168.157.254:41416], old=null
2019-10-16 21:55:26,957 [277b5c5e-8c6f-4c9a-a53f-1bbc96404e12@group-569FAC3F8BCE-LeaderElection245] INFO  impl.LeaderElection (LeaderElection.java:askForVotes(178)) - 277b5c5e-8c6f-4c9a-a53f-1bbc96404e12@group-569FAC3F8BCE-LeaderElection245: begin an election at term 247 for -1: [a32408a4-f19d-4bad-97c5-ba33ae94fc9a:192.168.157.254:38721, 6b24a2ab-97ee-4d49-85cc-2d76c2f4b8ef:192.168.157.254:41080, 277b5c5e-8c6f-4c9a-a53f-1bbc96404e12:192.168.157.254:41416], old=null
2019-10-16 21:55:26,959 [grpc-default-executor-0] INFO  impl.RaftServerImpl (RaftServerImpl.java:setRole(184)) - a32408a4-f19d-4bad-97c5-ba33ae94fc9a@group-569FAC3F8BCE: changes role from  FOLLOWER to FOLLOWER at term 247 for recognizeCandidate:277b5c5e-8c6f-4c9a-a53f-1bbc96404e12
2019-10-16 21:55:26,959 [grpc-default-executor-0] INFO  impl.RoleInfo (RoleInfo.java:shutdownFollowerState(121)) - a32408a4-f19d-4bad-97c5-ba33ae94fc9a: shutdown FollowerState
2019-10-16 21:55:26,959 [grpc-default-executor-0] INFO  impl.RoleInfo (RoleInfo.java:updateAndGet(143)) - a32408a4-f19d-4bad-97c5-ba33ae94fc9a: start FollowerState
2019-10-16 21:55:26,959 [grpc-default-executor-1] INFO  impl.RaftServerImpl (RaftServerImpl.java:setRole(184)) - 6b24a2ab-97ee-4d49-85cc-2d76c2f4b8ef@group-569FAC3F8BCE: changes role from  FOLLOWER to FOLLOWER at term 247 for recognizeCandidate:277b5c5e-8c6f-4c9a-a53f-1bbc96404e12
2019-10-16 21:55:26,960 [grpc-default-executor-1] INFO  impl.RoleInfo (RoleInfo.java:shutdownFollowerState(121)) - 6b24a2ab-97ee-4d49-85cc-2d76c2f4b8ef: shutdown FollowerState
2019-10-16 21:55:26,959 [Thread-1768] INFO  impl.FollowerState (FollowerState.java:run(117)) - a32408a4-f19d-4bad-97c5-ba33ae94fc9a@group-569FAC3F8BCE-FollowerState was interrupted: java.lang.InterruptedException: sleep interrupted
2019-10-16 21:55:26,960 [grpc-default-executor-1] INFO  impl.RoleInfo (RoleInfo.java:updateAndGet(143)) - 6b24a2ab-97ee-4d49-85cc-2d76c2f4b8ef: start FollowerState
2019-10-16 21:55:26,960 [Thread-1769] INFO  impl.FollowerState (FollowerState.java:run(117)) - 6b24a2ab-97ee-4d49-85cc-2d76c2f4b8ef@group-569FAC3F8BCE-FollowerState was interrupted: java.lang.InterruptedException: sleep interrupted
2019-10-16 21:55:26,986 [277b5c5e-8c6f-4c9a-a53f-1bbc96404e12@group-569FAC3F8BCE-LeaderElection245] INFO  impl.LeaderElection (LeaderElection.java:logAndReturn(56)) - 277b5c5e-8c6f-4c9a-a53f-1bbc96404e12@group-569FAC3F8BCE-LeaderElection245: Election REJECTED; received 2 response(s) [277b5c5e-8c6f-4c9a-a53f-1bbc96404e12<-6b24a2ab-97ee-4d49-85cc-2d76c2f4b8ef#0:FAIL-t247, 277b5c5e-8c6f-4c9a-a53f-1bbc96404e12<-a32408a4-f19d-4bad-97c5-ba33ae94fc9a#0:FAIL-t247] and 0 exception(s); 277b5c5e-8c6f-4c9a-a53f-1bbc96404e12@group-569FAC3F8BCE:t247, leader=null, voted=277b5c5e-8c6f-4c9a-a53f-1bbc96404e12, raftlog=277b5c5e-8c6f-4c9a-a53f-1bbc96404e12@group-569FAC3F8BCE-SegmentedRaftLog:OPENED:c-1,f-1,i0, conf=-1: [a32408a4-f19d-4bad-97c5-ba33ae94fc9a:192.168.157.254:38721, 6b24a2ab-97ee-4d49-85cc-2d76c2f4b8ef:192.168.157.254:41080, 277b5c5e-8c6f-4c9a-a53f-1bbc96404e12:192.168.157.254:41416], old=null
2019-10-16 21:55:26,986 [277b5c5e-8c6f-4c9a-a53f-1bbc96404e12@group-569FAC3F8BCE-LeaderElection245] INFO  impl.RaftServerImpl (RaftServerImpl.java:setRole(184)) - 277b5c5e-8c6f-4c9a-a53f-1bbc96404e12@group-569FAC3F8BCE: changes role from CANDIDATE to FOLLOWER at term 247 for DISCOVERED_A_NEW_TERM
2019-10-16 21:55:26,986 [277b5c5e-8c6f-4c9a-a53f-1bbc96404e12@group-569FAC3F8BCE-LeaderElection245] INFO  impl.RoleInfo (RoleInfo.java:shutdownLeaderElection(134)) - 277b5c5e-8c6f-4c9a-a53f-1bbc96404e12: shutdown LeaderElection
2019-10-16 21:55:26,986 [277b5c5e-8c6f-4c9a-a53f-1bbc96404e12@group-569FAC3F8BCE-LeaderElection245] INFO  impl.RoleInfo (RoleInfo.java:updateAndGet(143)) - 277b5c5e-8c6f-4c9a-a53f-1bbc96404e12: start FollowerState
2019-10-16 21:55:27,172 [Thread-1774] INFO  impl.FollowerState (FollowerState.java:run(108)) - 277b5c5e-8c6f-4c9a-a53f-1bbc96404e12@group-569FAC3F8BCE-FollowerState: change to CANDIDATE, lastRpcTime:185ms, electionTimeout:185ms
2019-10-16 21:55:27,172 [Thread-1774] INFO  impl.RoleInfo (RoleInfo.java:shutdownFollowerState(121)) - 277b5c5e-8c6f-4c9a-a53f-1bbc96404e12: shutdown FollowerState
2019-10-16 21:55:27,172 [Thread-1774] INFO  impl.RaftServerImpl (RaftServerImpl.java:setRole(184)) - 277b5c5e-8c6f-4c9a-a53f-1bbc96404e12@group-569FAC3F8BCE: changes role from  FOLLOWER to CANDIDATE at term 247 for changeToCandidate
2019-10-16 21:55:27,172 [Thread-1774] INFO  impl.RoleInfo (RoleInfo.java:updateAndGet(143)) - 277b5c5e-8c6f-4c9a-a53f-1bbc96404e12: start LeaderElection
2019-10-16 21:55:27,199 [277b5c5e-8c6f-4c9a-a53f-1bbc96404e12@group-569FAC3F8BCE-LeaderElection246] INFO  impl.LeaderElection (LeaderElection.java:askForVotes(178)) - 277b5c5e-8c6f-4c9a-a53f-1bbc96404e12@group-569FAC3F8BCE-LeaderElection246: begin an election at term 248 for -1: [a32408a4-f19d-4bad-97c5-ba33ae94fc9a:192.168.157.254:38721, 6b24a2ab-97ee-4d49-85cc-2d76c2f4b8ef:192.168.157.254:41080, 277b5c5e-8c6f-4c9a-a53f-1bbc96404e12:192.168.157.254:41416], old=null
2019-10-16 21:55:27,201 [grpc-default-executor-1] INFO  impl.RaftServerImpl (RaftServerImpl.java:setRole(184)) - a32408a4-f19d-4bad-97c5-ba33ae94fc9a@group-569FAC3F8BCE: changes role from  FOLLOWER to FOLLOWER at term 248 for recognizeCandidate:277b5c5e-8c6f-4c9a-a53f-1bbc96404e12
2019-10-16 21:55:27,201 [grpc-default-executor-0] INFO  impl.RaftServerImpl (RaftServerImpl.java:setRole(184)) - 6b24a2ab-97ee-4d49-85cc-2d76c2f4b8ef@group-569FAC3F8BCE: changes role from  FOLLOWER to FOLLOWER at term 248 for recognizeCandidate:277b5c5e-8c6f-4c9a-a53f-1bbc96404e12
2019-10-16 21:55:27,202 [grpc-default-executor-1] INFO  impl.RoleInfo (RoleInfo.java:shutdownFollowerState(121)) - a32408a4-f19d-4bad-97c5-ba33ae94fc9a: shutdown FollowerState
2019-10-16 21:55:27,202 [grpc-default-executor-0] INFO  impl.RoleInfo (RoleInfo.java:shutdownFollowerState(121)) - 6b24a2ab-97ee-4d49-85cc-2d76c2f4b8ef: shutdown FollowerState
2019-10-16 21:55:27,202 [Thread-1772] INFO  impl.FollowerState (FollowerState.java:run(117)) - a32408a4-f19d-4bad-97c5-ba33ae94fc9a@group-569FAC3F8BCE-FollowerState was interrupted: java.lang.InterruptedException: sleep interrupted
2019-10-16 21:55:27,202 [grpc-default-executor-1] INFO  impl.RoleInfo (RoleInfo.java:updateAndGet(143)) - a32408a4-f19d-4bad-97c5-ba33ae94fc9a: start FollowerState
2019-10-16 21:55:27,202 [Thread-1773] INFO  impl.FollowerState (FollowerState.java:run(117)) - 6b24a2ab-97ee-4d49-85cc-2d76c2f4b8ef@group-569FAC3F8BCE-FollowerState was interrupted: java.lang.InterruptedException: sleep interrupted
2019-10-16 21:55:27,202 [grpc-default-executor-0] INFO  impl.RoleInfo (RoleInfo.java:updateAndGet(143)) - 6b24a2ab-97ee-4d49-85cc-2d76c2f4b8ef: start FollowerState
2019-10-16 21:55:27,227 [277b5c5e-8c6f-4c9a-a53f-1bbc96404e12@group-569FAC3F8BCE-LeaderElection246] INFO  impl.LeaderElection (LeaderElection.java:logAndReturn(56)) - 277b5c5e-8c6f-4c9a-a53f-1bbc96404e12@group-569FAC3F8BCE-LeaderElection246: Election REJECTED; received 2 response(s) [277b5c5e-8c6f-4c9a-a53f-1bbc96404e12<-6b24a2ab-97ee-4d49-85cc-2d76c2f4b8ef#0:FAIL-t248, 277b5c5e-8c6f-4c9a-a53f-1bbc96404e12<-a32408a4-f19d-4bad-97c5-ba33ae94fc9a#0:FAIL-t248] and 0 exception(s); 277b5c5e-8c6f-4c9a-a53f-1bbc96404e12@group-569FAC3F8BCE:t248, leader=null, voted=277b5c5e-8c6f-4c9a-a53f-1bbc96404e12, raftlog=277b5c5e-8c6f-4c9a-a53f-1bbc96404e12@group-569FAC3F8BCE-SegmentedRaftLog:OPENED:c-1,f-1,i0, conf=-1: [a32408a4-f19d-4bad-97c5-ba33ae94fc9a:192.168.157.254:38721, 6b24a2ab-97ee-4d49-85cc-2d76c2f4b8ef:192.168.157.254:41080, 277b5c5e-8c6f-4c9a-a53f-1bbc96404e12:192.168.157.254:41416], old=null
2019-10-16 21:55:27,228 [277b5c5e-8c6f-4c9a-a53f-1bbc96404e12@group-569FAC3F8BCE-LeaderElection246] INFO  impl.RaftServerImpl (RaftServerImpl.java:setRole(184)) - 277b5c5e-8c6f-4c9a-a53f-1bbc96404e12@group-569FAC3F8BCE: changes role from CANDIDATE to FOLLOWER at term 248 for DISCOVERED_A_NEW_TERM
2019-10-16 21:55:27,228 [277b5c5e-8c6f-4c9a-a53f-1bbc96404e12@group-569FAC3F8BCE-LeaderElection246] INFO  impl.RoleInfo (RoleInfo.java:shutdownLeaderElection(134)) - 277b5c5e-8c6f-4c9a-a53f-1bbc96404e12: shutdown LeaderElection
2019-10-16 21:55:27,228 [277b5c5e-8c6f-4c9a-a53f-1bbc96404e12@group-569FAC3F8BCE-LeaderElection246] INFO  impl.RoleInfo (RoleInfo.java:updateAndGet(143)) - 277b5c5e-8c6f-4c9a-a53f-1bbc96404e12: start FollowerState
2019-10-16 21:55:27,254 [Thread-1780] INFO  impl.FollowerState (FollowerState.java:run(108)) - 277b5c5e-8c6f-4c9a-a53f-1bbc96404e12@group-569FAC3F8BCE-FollowerState: change to CANDIDATE, lastRpcTime:25ms, electionTimeout:25ms
2019-10-16 21:55:27,254 [Thread-1780] INFO  impl.RoleInfo (RoleInfo.java:shutdownFollowerState(121)) - 277b5c5e-8c6f-4c9a-a53f-1bbc96404e12: shutdown FollowerState
2019-10-16 21:55:27,254 [Thread-1780] INFO  impl.RaftServerImpl (RaftServerImpl.java:setRole(184)) - 277b5c5e-8c6f-4c9a-a53f-1bbc96404e12@group-569FAC3F8BCE: changes role from  FOLLOWER to CANDIDATE at term 248 for changeToCandidate
2019-10-16 21:55:27,254 [Thread-1780] INFO  impl.RoleInfo (RoleInfo.java:updateAndGet(143)) - 277b5c5e-8c6f-4c9a-a53f-1bbc96404e12: start LeaderElection
2019-10-16 21:55:27,268 [277b5c5e-8c6f-4c9a-a53f-1bbc96404e12@group-569FAC3F8BCE-LeaderElection247] INFO  impl.LeaderElection (LeaderElection.java:askForVotes(178)) - 277b5c5e-8c6f-4c9a-a53f-1bbc96404e12@group-569FAC3F8BCE-LeaderElection247: begin an election at term 249 for -1: [a32408a4-f19d-4bad-97c5-ba33ae94fc9a:192.168.157.254:38721, 6b24a2ab-97ee-4d49-85cc-2d76c2f4b8ef:192.168.157.254:41080, 277b5c5e-8c6f-4c9a-a53f-1bbc96404e12:192.168.157.254:41416], old=null
2019-10-16 21:55:27,269 [grpc-default-executor-1] INFO  impl.RaftServerImpl (RaftServerImpl.java:setRole(184)) - a32408a4-f19d-4bad-97c5-ba33ae94fc9a@group-569FAC3F8BCE: changes role from  FOLLOWER to FOLLOWER at term 249 for recognizeCandidate:277b5c5e-8c6f-4c9a-a53f-1bbc96404e12
2019-10-16 21:55:27,269 [grpc-default-executor-1] INFO  impl.RoleInfo (RoleInfo.java:shutdownFollowerState(121)) - a32408a4-f19d-4bad-97c5-ba33ae94fc9a: shutdown FollowerState
2019-10-16 21:55:27,270 [grpc-default-executor-0] INFO  impl.RaftServerImpl (RaftServerImpl.java:setRole(184)) - 6b24a2ab-97ee-4d49-85cc-2d76c2f4b8ef@group-569FAC3F8BCE: changes role from  FOLLOWER to FOLLOWER at term 249 for recognizeCandidate:277b5c5e-8c6f-4c9a-a53f-1bbc96404e12
2019-10-16 21:55:27,270 [grpc-default-executor-0] INFO  impl.RoleInfo (RoleInfo.java:shutdownFollowerState(121)) - 6b24a2ab-97ee-4d49-85cc-2d76c2f4b8ef: shutdown FollowerState
2019-10-16 21:55:27,270 [Thread-1778] INFO  impl.FollowerState (FollowerState.java:run(117)) - a32408a4-f19d-4bad-97c5-ba33ae94fc9a@group-569FAC3F8BCE-FollowerState was interrupted: java.lang.InterruptedException: sleep interrupted
2019-10-16 21:55:27,270 [grpc-default-executor-1] INFO  impl.RoleInfo (RoleInfo.java:updateAndGet(143)) - a32408a4-f19d-4bad-97c5-ba33ae94fc9a: start FollowerState
2019-10-16 21:55:27,270 [Thread-1779] INFO  impl.FollowerState (FollowerState.java:run(117)) - 6b24a2ab-97ee-4d49-85cc-2d76c2f4b8ef@group-569FAC3F8BCE-FollowerState was interrupted: java.lang.InterruptedException: sleep interrupted
2019-10-16 21:55:27,270 [grpc-default-executor-0] INFO  impl.RoleInfo (RoleInfo.java:updateAndGet(143)) - 6b24a2ab-97ee-4d49-85cc-2d76c2f4b8ef: start FollowerState
2019-10-16 21:55:27,286 [277b5c5e-8c6f-4c9a-a53f-1bbc96404e12@group-569FAC3F8BCE-LeaderElection247] INFO  impl.LeaderElection (LeaderElection.java:logAndReturn(56)) - 277b5c5e-8c6f-4c9a-a53f-1bbc96404e12@group-569FAC3F8BCE-LeaderElection247: Election REJECTED; received 2 response(s) [277b5c5e-8c6f-4c9a-a53f-1bbc96404e12<-6b24a2ab-97ee-4d49-85cc-2d76c2f4b8ef#0:FAIL-t249, 277b5c5e-8c6f-4c9a-a53f-1bbc96404e12<-a32408a4-f19d-4bad-97c5-ba33ae94fc9a#0:FAIL-t249] and 0 exception(s); 277b5c5e-8c6f-4c9a-a53f-1bbc96404e12@group-569FAC3F8BCE:t249, leader=null, voted=277b5c5e-8c6f-4c9a-a53f-1bbc96404e12, raftlog=277b5c5e-8c6f-4c9a-a53f-1bbc96404e12@group-569FAC3F8BCE-SegmentedRaftLog:OPENED:c-1,f-1,i0, conf=-1: [a32408a4-f19d-4bad-97c5-ba33ae94fc9a:192.168.157.254:38721, 6b24a2ab-97ee-4d49-85cc-2d76c2f4b8ef:192.168.157.254:41080, 277b5c5e-8c6f-4c9a-a53f-1bbc96404e12:192.168.157.254:41416], old=null
2019-10-16 21:55:27,286 [277b5c5e-8c6f-4c9a-a53f-1bbc96404e12@group-569FAC3F8BCE-LeaderElection247] INFO  impl.RaftServerImpl (RaftServerImpl.java:setRole(184)) - 277b5c5e-8c6f-4c9a-a53f-1bbc96404e12@group-569FAC3F8BCE: changes role from CANDIDATE to FOLLOWER at term 249 for DISCOVERED_A_NEW_TERM
2019-10-16 21:55:27,286 [277b5c5e-8c6f-4c9a-a53f-1bbc96404e12@group-569FAC3F8BCE-LeaderElection247] INFO  impl.RoleInfo (RoleInfo.java:shutdownLeaderElection(134)) - 277b5c5e-8c6f-4c9a-a53f-1bbc96404e12: shutdown LeaderElection
2019-10-16 21:55:27,287 [277b5c5e-8c6f-4c9a-a53f-1bbc96404e12@group-569FAC3F8BCE-LeaderElection247] INFO  impl.RoleInfo (RoleInfo.java:updateAndGet(143)) - 277b5c5e-8c6f-4c9a-a53f-1bbc96404e12: start FollowerState
2019-10-16 21:55:27,455 [Thread-1786] INFO  impl.FollowerState (FollowerState.java:run(108)) - 277b5c5e-8c6f-4c9a-a53f-1bbc96404e12@group-569FAC3F8BCE-FollowerState: change to CANDIDATE, lastRpcTime:168ms, electionTimeout:168ms
2019-10-16 21:55:27,456 [Thread-1786] INFO  impl.RoleInfo (RoleInfo.java:shutdownFollowerState(121)) - 277b5c5e-8c6f-4c9a-a53f-1bbc96404e12: shutdown FollowerState
2019-10-16 21:55:27,456 [Thread-1786] INFO  impl.RaftServerImpl (RaftServerImpl.java:setRole(184)) - 277b5c5e-8c6f-4c9a-a53f-1bbc96404e12@group-569FAC3F8BCE: changes role from  FOLLOWER to CANDIDATE at term 249 for changeToCandidate
2019-10-16 21:55:27,456 [Thread-1786] INFO  impl.RoleInfo (RoleInfo.java:updateAndGet(143)) - 277b5c5e-8c6f-4c9a-a53f-1bbc96404e12: start LeaderElection
2019-10-16 21:55:27,481 [277b5c5e-8c6f-4c9a-a53f-1bbc96404e12@group-569FAC3F8BCE-LeaderElection248] INFO  impl.LeaderElection (LeaderElection.java:askForVotes(178)) - 277b5c5e-8c6f-4c9a-a53f-1bbc96404e12@group-569FAC3F8BCE-LeaderElection248: begin an election at term 250 for -1: [a32408a4-f19d-4bad-97c5-ba33ae94fc9a:192.168.157.254:38721, 6b24a2ab-97ee-4d49-85cc-2d76c2f4b8ef:192.168.157.254:41080, 277b5c5e-8c6f-4c9a-a53f-1bbc96404e12:192.168.157.254:41416], old=null
2019-10-16 21:55:27,483 [grpc-default-executor-0] INFO  impl.RaftServerImpl (RaftServerImpl.java:setRole(184)) - a32408a4-f19d-4bad-97c5-ba33ae94fc9a@group-569FAC3F8BCE: changes role from  FOLLOWER to FOLLOWER at term 250 for recognizeCandidate:277b5c5e-8c6f-4c9a-a53f-1bbc96404e12
2019-10-16 21:55:27,483 [grpc-default-executor-1] INFO  impl.RaftServerImpl (RaftServerImpl.java:setRole(184)) - 6b24a2ab-97ee-4d49-85cc-2d76c2f4b8ef@group-569FAC3F8BCE: changes role from  FOLLOWER to FOLLOWER at term 250 for recognizeCandidate:277b5c5e-8c6f-4c9a-a53f-1bbc96404e12
2019-10-16 21:55:27,484 [grpc-default-executor-0] INFO  impl.RoleInfo (RoleInfo.java:shutdownFollowerState(121)) - a32408a4-f19d-4bad-97c5-ba33ae94fc9a: shutdown FollowerState
2019-10-16 21:55:27,484 [grpc-default-executor-1] INFO  impl.RoleInfo (RoleInfo.java:shutdownFollowerState(121)) - 6b24a2ab-97ee-4d49-85cc-2d76c2f4b8ef: shutdown FollowerState
2019-10-16 21:55:27,484 [Thread-1784] INFO  impl.FollowerState (FollowerState.java:run(117)) - a32408a4-f19d-4bad-97c5-ba33ae94fc9a@group-569FAC3F8BCE-FollowerState was interrupted: java.lang.InterruptedException: sleep interrupted
2019-10-16 21:55:27,484 [grpc-default-executor-0] INFO  impl.RoleInfo (RoleInfo.java:updateAndGet(143)) - a32408a4-f19d-4bad-97c5-ba33ae94fc9a: start FollowerState
2019-10-16 21:55:27,484 [Thread-1785] INFO  impl.FollowerState (FollowerState.java:run(117)) - 6b24a2ab-97ee-4d49-85cc-2d76c2f4b8ef@group-569FAC3F8BCE-FollowerState was interrupted: java.lang.InterruptedException: sleep interrupted
2019-10-16 21:55:27,484 [grpc-default-executor-1] INFO  impl.RoleInfo (RoleInfo.java:updateAndGet(143)) - 6b24a2ab-97ee-4d49-85cc-2d76c2f4b8ef: start FollowerState
2019-10-16 21:55:27,511 [277b5c5e-8c6f-4c9a-a53f-1bbc96404e12@group-569FAC3F8BCE-LeaderElection248] INFO  impl.LeaderElection (LeaderElection.java:logAndReturn(56)) - 277b5c5e-8c6f-4c9a-a53f-1bbc96404e12@group-569FAC3F8BCE-LeaderElection248: Election REJECTED; received 2 response(s) [277b5c5e-8c6f-4c9a-a53f-1bbc96404e12<-a32408a4-f19d-4bad-97c5-ba33ae94fc9a#0:FAIL-t250, 277b5c5e-8c6f-4c9a-a53f-1bbc96404e12<-6b24a2ab-97ee-4d49-85cc-2d76c2f4b8ef#0:FAIL-t250] and 0 exception(s); 277b5c5e-8c6f-4c9a-a53f-1bbc96404e12@group-569FAC3F8BCE:t250, leader=null, voted=277b5c5e-8c6f-4c9a-a53f-1bbc96404e12, raftlog=277b5c5e-8c6f-4c9a-a53f-1bbc96404e12@group-569FAC3F8BCE-SegmentedRaftLog:OPENED:c-1,f-1,i0, conf=-1: [a32408a4-f19d-4bad-97c5-ba33ae94fc9a:192.168.157.254:38721, 6b24a2ab-97ee-4d49-85cc-2d76c2f4b8ef:192.168.157.254:41080, 277b5c5e-8c6f-4c9a-a53f-1bbc96404e12:192.168.157.254:41416], old=null
2019-10-16 21:55:27,511 [277b5c5e-8c6f-4c9a-a53f-1bbc96404e12@group-569FAC3F8BCE-LeaderElection248] INFO  impl.RaftServerImpl (RaftServerImpl.java:setRole(184)) - 277b5c5e-8c6f-4c9a-a53f-1bbc96404e12@group-569FAC3F8BCE: changes role from CANDIDATE to FOLLOWER at term 250 for DISCOVERED_A_NEW_TERM
2019-10-16 21:55:27,511 [277b5c5e-8c6f-4c9a-a53f-1bbc96404e12@group-569FAC3F8BCE-LeaderElection248] INFO  impl.RoleInfo (RoleInfo.java:shutdownLeaderElection(134)) - 277b5c5e-8c6f-4c9a-a53f-1bbc96404e12: shutdown LeaderElection
2019-10-16 21:55:27,511 [277b5c5e-8c6f-4c9a-a53f-1bbc96404e12@group-569FAC3F8BCE-LeaderElection248] INFO  impl.RoleInfo (RoleInfo.java:updateAndGet(143)) - 277b5c5e-8c6f-4c9a-a53f-1bbc96404e12: start FollowerState
2019-10-16 21:55:27,573 [Thread-0] INFO  ozone.MiniOzoneClusterImpl (MiniOzoneClusterImpl.java:lambda$waitForClusterToBeReady$2(164)) - Waiting for 1 number of pipelines out of 4, to report a leader.
2019-10-16 21:55:27,658 [Thread-1792] INFO  impl.FollowerState (FollowerState.java:run(108)) - 277b5c5e-8c6f-4c9a-a53f-1bbc96404e12@group-569FAC3F8BCE-FollowerState: change to CANDIDATE, lastRpcTime:146ms, electionTimeout:146ms
2019-10-16 21:55:27,658 [Thread-1792] INFO  impl.RoleInfo (RoleInfo.java:shutdownFollowerState(121)) - 277b5c5e-8c6f-4c9a-a53f-1bbc96404e12: shutdown FollowerState
2019-10-16 21:55:27,658 [Thread-1792] INFO  impl.RaftServerImpl (RaftServerImpl.java:setRole(184)) - 277b5c5e-8c6f-4c9a-a53f-1bbc96404e12@group-569FAC3F8BCE: changes role from  FOLLOWER to CANDIDATE at term 250 for changeToCandidate
2019-10-16 21:55:27,658 [Thread-1792] INFO  impl.RoleInfo (RoleInfo.java:updateAndGet(143)) - 277b5c5e-8c6f-4c9a-a53f-1bbc96404e12: start LeaderElection
2019-10-16 21:55:27,681 [277b5c5e-8c6f-4c9a-a53f-1bbc96404e12@group-569FAC3F8BCE-LeaderElection249] INFO  impl.LeaderElection (LeaderElection.java:askForVotes(178)) - 277b5c5e-8c6f-4c9a-a53f-1bbc96404e12@group-569FAC3F8BCE-LeaderElection249: begin an election at term 251 for -1: [a32408a4-f19d-4bad-97c5-ba33ae94fc9a:192.168.157.254:38721, 6b24a2ab-97ee-4d49-85cc-2d76c2f4b8ef:192.168.157.254:41080, 277b5c5e-8c6f-4c9a-a53f-1bbc96404e12:192.168.157.254:41416], old=null
2019-10-16 21:55:27,683 [grpc-default-executor-0] INFO  impl.RaftServerImpl (RaftServerImpl.java:setRole(184)) - a32408a4-f19d-4bad-97c5-ba33ae94fc9a@group-569FAC3F8BCE: changes role from  FOLLOWER to FOLLOWER at term 251 for recognizeCandidate:277b5c5e-8c6f-4c9a-a53f-1bbc96404e12
2019-10-16 21:55:27,683 [grpc-default-executor-1] INFO  impl.RaftServerImpl (RaftServerImpl.java:setRole(184)) - 6b24a2ab-97ee-4d49-85cc-2d76c2f4b8ef@group-569FAC3F8BCE: changes role from  FOLLOWER to FOLLOWER at term 251 for recognizeCandidate:277b5c5e-8c6f-4c9a-a53f-1bbc96404e12
2019-10-16 21:55:27,683 [grpc-default-executor-0] INFO  impl.RoleInfo (RoleInfo.java:shutdownFollowerState(121)) - a32408a4-f19d-4bad-97c5-ba33ae94fc9a: shutdown FollowerState
2019-10-16 21:55:27,683 [grpc-default-executor-1] INFO  impl.RoleInfo (RoleInfo.java:shutdownFollowerState(121)) - 6b24a2ab-97ee-4d49-85cc-2d76c2f4b8ef: shutdown FollowerState
2019-10-16 21:55:27,683 [Thread-1790] INFO  impl.FollowerState (FollowerState.java:run(117)) - a32408a4-f19d-4bad-97c5-ba33ae94fc9a@group-569FAC3F8BCE-FollowerState was interrupted: java.lang.InterruptedException: sleep interrupted
2019-10-16 21:55:27,683 [grpc-default-executor-0] INFO  impl.RoleInfo (RoleInfo.java:updateAndGet(143)) - a32408a4-f19d-4bad-97c5-ba33ae94fc9a: start FollowerState
2019-10-16 21:55:27,683 [Thread-1791] INFO  impl.FollowerState (FollowerState.java:run(117)) - 6b24a2ab-97ee-4d49-85cc-2d76c2f4b8ef@group-569FAC3F8BCE-FollowerState was interrupted: java.lang.InterruptedException: sleep interrupted
2019-10-16 21:55:27,683 [grpc-default-executor-1] INFO  impl.RoleInfo (RoleInfo.java:updateAndGet(143)) - 6b24a2ab-97ee-4d49-85cc-2d76c2f4b8ef: start FollowerState
2019-10-16 21:55:27,695 [277b5c5e-8c6f-4c9a-a53f-1bbc96404e12@group-569FAC3F8BCE-LeaderElection249] INFO  impl.LeaderElection (LeaderElection.java:logAndReturn(56)) - 277b5c5e-8c6f-4c9a-a53f-1bbc96404e12@group-569FAC3F8BCE-LeaderElection249: Election REJECTED; received 2 response(s) [277b5c5e-8c6f-4c9a-a53f-1bbc96404e12<-a32408a4-f19d-4bad-97c5-ba33ae94fc9a#0:FAIL-t251, 277b5c5e-8c6f-4c9a-a53f-1bbc96404e12<-6b24a2ab-97ee-4d49-85cc-2d76c2f4b8ef#0:FAIL-t251] and 0 exception(s); 277b5c5e-8c6f-4c9a-a53f-1bbc96404e12@group-569FAC3F8BCE:t251, leader=null, voted=277b5c5e-8c6f-4c9a-a53f-1bbc96404e12, raftlog=277b5c5e-8c6f-4c9a-a53f-1bbc96404e12@group-569FAC3F8BCE-SegmentedRaftLog:OPENED:c-1,f-1,i0, conf=-1: [a32408a4-f19d-4bad-97c5-ba33ae94fc9a:192.168.157.254:38721, 6b24a2ab-97ee-4d49-85cc-2d76c2f4b8ef:192.168.157.254:41080, 277b5c5e-8c6f-4c9a-a53f-1bbc96404e12:192.168.157.254:41416], old=null
2019-10-16 21:55:27,695 [277b5c5e-8c6f-4c9a-a53f-1bbc96404e12@group-569FAC3F8BCE-LeaderElection249] INFO  impl.RaftServerImpl (RaftServerImpl.java:setRole(184)) - 277b5c5e-8c6f-4c9a-a53f-1bbc96404e12@group-569FAC3F8BCE: changes role from CANDIDATE to FOLLOWER at term 251 for DISCOVERED_A_NEW_TERM
2019-10-16 21:55:27,695 [277b5c5e-8c6f-4c9a-a53f-1bbc96404e12@group-569FAC3F8BCE-LeaderElection249] INFO  impl.RoleInfo (RoleInfo.java:shutdownLeaderElection(134)) - 277b5c5e-8c6f-4c9a-a53f-1bbc96404e12: shutdown LeaderElection
2019-10-16 21:55:27,696 [277b5c5e-8c6f-4c9a-a53f-1bbc96404e12@group-569FAC3F8BCE-LeaderElection249] INFO  impl.RoleInfo (RoleInfo.java:updateAndGet(143)) - 277b5c5e-8c6f-4c9a-a53f-1bbc96404e12: start FollowerState
2019-10-16 21:55:27,749 [Thread-1798] INFO  impl.FollowerState (FollowerState.java:run(108)) - 277b5c5e-8c6f-4c9a-a53f-1bbc96404e12@group-569FAC3F8BCE-FollowerState: change to CANDIDATE, lastRpcTime:53ms, electionTimeout:53ms
2019-10-16 21:55:27,750 [Thread-1798] INFO  impl.RoleInfo (RoleInfo.java:shutdownFollowerState(121)) - 277b5c5e-8c6f-4c9a-a53f-1bbc96404e12: shutdown FollowerState
2019-10-16 21:55:27,750 [Thread-1798] INFO  impl.RaftServerImpl (RaftServerImpl.java:setRole(184)) - 277b5c5e-8c6f-4c9a-a53f-1bbc96404e12@group-569FAC3F8BCE: changes role from  FOLLOWER to CANDIDATE at term 251 for changeToCandidate
2019-10-16 21:55:27,751 [Thread-1798] INFO  impl.RoleInfo (RoleInfo.java:updateAndGet(143)) - 277b5c5e-8c6f-4c9a-a53f-1bbc96404e12: start LeaderElection
2019-10-16 21:55:27,766 [277b5c5e-8c6f-4c9a-a53f-1bbc96404e12@group-569FAC3F8BCE-LeaderElection250] INFO  impl.LeaderElection (LeaderElection.java:askForVotes(178)) - 277b5c5e-8c6f-4c9a-a53f-1bbc96404e12@group-569FAC3F8BCE-LeaderElection250: begin an election at term 252 for -1: [a32408a4-f19d-4bad-97c5-ba33ae94fc9a:192.168.157.254:38721, 6b24a2ab-97ee-4d49-85cc-2d76c2f4b8ef:192.168.157.254:41080, 277b5c5e-8c6f-4c9a-a53f-1bbc96404e12:192.168.157.254:41416], old=null
2019-10-16 21:55:27,771 [grpc-default-executor-1] INFO  impl.RaftServerImpl (RaftServerImpl.java:setRole(184)) - a32408a4-f19d-4bad-97c5-ba33ae94fc9a@group-569FAC3F8BCE: changes role from  FOLLOWER to FOLLOWER at term 252 for recognizeCandidate:277b5c5e-8c6f-4c9a-a53f-1bbc96404e12
2019-10-16 21:55:27,771 [grpc-default-executor-0] INFO  impl.RaftServerImpl (RaftServerImpl.java:setRole(184)) - 6b24a2ab-97ee-4d49-85cc-2d76c2f4b8ef@group-569FAC3F8BCE: changes role from  FOLLOWER to FOLLOWER at term 252 for recognizeCandidate:277b5c5e-8c6f-4c9a-a53f-1bbc96404e12
2019-10-16 21:55:27,771 [grpc-default-executor-1] INFO  impl.RoleInfo (RoleInfo.java:shutdownFollowerState(121)) - a32408a4-f19d-4bad-97c5-ba33ae94fc9a: shutdown FollowerState
2019-10-16 21:55:27,771 [grpc-default-executor-0] INFO  impl.RoleInfo (RoleInfo.java:shutdownFollowerState(121)) - 6b24a2ab-97ee-4d49-85cc-2d76c2f4b8ef: shutdown FollowerState
2019-10-16 21:55:27,771 [grpc-default-executor-1] INFO  impl.RoleInfo (RoleInfo.java:updateAndGet(143)) - a32408a4-f19d-4bad-97c5-ba33ae94fc9a: start FollowerState
2019-10-16 21:55:27,772 [Thread-1796] INFO  impl.FollowerState (FollowerState.java:run(117)) - a32408a4-f19d-4bad-97c5-ba33ae94fc9a@group-569FAC3F8BCE-FollowerState was interrupted: java.lang.InterruptedException: sleep interrupted
2019-10-16 21:55:27,772 [grpc-default-executor-0] INFO  impl.RoleInfo (RoleInfo.java:updateAndGet(143)) - 6b24a2ab-97ee-4d49-85cc-2d76c2f4b8ef: start FollowerState
2019-10-16 21:55:27,772 [Thread-1797] INFO  impl.FollowerState (FollowerState.java:run(117)) - 6b24a2ab-97ee-4d49-85cc-2d76c2f4b8ef@group-569FAC3F8BCE-FollowerState was interrupted: java.lang.InterruptedException: sleep interrupted
2019-10-16 21:55:27,787 [277b5c5e-8c6f-4c9a-a53f-1bbc96404e12@group-569FAC3F8BCE-LeaderElection250] INFO  impl.LeaderElection (LeaderElection.java:logAndReturn(56)) - 277b5c5e-8c6f-4c9a-a53f-1bbc96404e12@group-569FAC3F8BCE-LeaderElection250: Election REJECTED; received 2 response(s) [277b5c5e-8c6f-4c9a-a53f-1bbc96404e12<-a32408a4-f19d-4bad-97c5-ba33ae94fc9a#0:FAIL-t252, 277b5c5e-8c6f-4c9a-a53f-1bbc96404e12<-6b24a2ab-97ee-4d49-85cc-2d76c2f4b8ef#0:FAIL-t252] and 0 exception(s); 277b5c5e-8c6f-4c9a-a53f-1bbc96404e12@group-569FAC3F8BCE:t252, leader=null, voted=277b5c5e-8c6f-4c9a-a53f-1bbc96404e12, raftlog=277b5c5e-8c6f-4c9a-a53f-1bbc96404e12@group-569FAC3F8BCE-SegmentedRaftLog:OPENED:c-1,f-1,i0, conf=-1: [a32408a4-f19d-4bad-97c5-ba33ae94fc9a:192.168.157.254:38721, 6b24a2ab-97ee-4d49-85cc-2d76c2f4b8ef:192.168.157.254:41080, 277b5c5e-8c6f-4c9a-a53f-1bbc96404e12:192.168.157.254:41416], old=null
2019-10-16 21:55:27,787 [277b5c5e-8c6f-4c9a-a53f-1bbc96404e12@group-569FAC3F8BCE-LeaderElection250] INFO  impl.RaftServerImpl (RaftServerImpl.java:setRole(184)) - 277b5c5e-8c6f-4c9a-a53f-1bbc96404e12@group-569FAC3F8BCE: changes role from CANDIDATE to FOLLOWER at term 252 for DISCOVERED_A_NEW_TERM
2019-10-16 21:55:27,787 [277b5c5e-8c6f-4c9a-a53f-1bbc96404e12@group-569FAC3F8BCE-LeaderElection250] INFO  impl.RoleInfo (RoleInfo.java:shutdownLeaderElection(134)) - 277b5c5e-8c6f-4c9a-a53f-1bbc96404e12: shutdown LeaderElection
2019-10-16 21:55:27,787 [277b5c5e-8c6f-4c9a-a53f-1bbc96404e12@group-569FAC3F8BCE-LeaderElection250] INFO  impl.RoleInfo (RoleInfo.java:updateAndGet(143)) - 277b5c5e-8c6f-4c9a-a53f-1bbc96404e12: start FollowerState
2019-10-16 21:55:27,905 [Thread-1804] INFO  impl.FollowerState (FollowerState.java:run(108)) - 277b5c5e-8c6f-4c9a-a53f-1bbc96404e12@group-569FAC3F8BCE-FollowerState: change to CANDIDATE, lastRpcTime:117ms, electionTimeout:117ms
2019-10-16 21:55:27,905 [Thread-1804] INFO  impl.RoleInfo (RoleInfo.java:shutdownFollowerState(121)) - 277b5c5e-8c6f-4c9a-a53f-1bbc96404e12: shutdown FollowerState
2019-10-16 21:55:27,905 [Thread-1804] INFO  impl.RaftServerImpl (RaftServerImpl.java:setRole(184)) - 277b5c5e-8c6f-4c9a-a53f-1bbc96404e12@group-569FAC3F8BCE: changes role from  FOLLOWER to CANDIDATE at term 252 for changeToCandidate
2019-10-16 21:55:27,906 [Thread-1804] INFO  impl.RoleInfo (RoleInfo.java:updateAndGet(143)) - 277b5c5e-8c6f-4c9a-a53f-1bbc96404e12: start LeaderElection
2019-10-16 21:55:27,922 [277b5c5e-8c6f-4c9a-a53f-1bbc96404e12@group-569FAC3F8BCE-LeaderElection251] INFO  impl.LeaderElection (LeaderElection.java:askForVotes(178)) - 277b5c5e-8c6f-4c9a-a53f-1bbc96404e12@group-569FAC3F8BCE-LeaderElection251: begin an election at term 253 for -1: [a32408a4-f19d-4bad-97c5-ba33ae94fc9a:192.168.157.254:38721, 6b24a2ab-97ee-4d49-85cc-2d76c2f4b8ef:192.168.157.254:41080, 277b5c5e-8c6f-4c9a-a53f-1bbc96404e12:192.168.157.254:41416], old=null
2019-10-16 21:55:27,925 [grpc-default-executor-0] INFO  impl.RaftServerImpl (RaftServerImpl.java:setRole(184)) - a32408a4-f19d-4bad-97c5-ba33ae94fc9a@group-569FAC3F8BCE: changes role from  FOLLOWER to FOLLOWER at term 253 for recognizeCandidate:277b5c5e-8c6f-4c9a-a53f-1bbc96404e12
2019-10-16 21:55:27,925 [grpc-default-executor-0] INFO  impl.RoleInfo (RoleInfo.java:shutdownFollowerState(121)) - a32408a4-f19d-4bad-97c5-ba33ae94fc9a: shutdown FollowerState
2019-10-16 21:55:27,925 [grpc-default-executor-1] INFO  impl.RaftServerImpl (RaftServerImpl.java:setRole(184)) - 6b24a2ab-97ee-4d49-85cc-2d76c2f4b8ef@group-569FAC3F8BCE: changes role from  FOLLOWER to FOLLOWER at term 253 for recognizeCandidate:277b5c5e-8c6f-4c9a-a53f-1bbc96404e12
2019-10-16 21:55:27,925 [grpc-default-executor-1] INFO  impl.RoleInfo (RoleInfo.java:shutdownFollowerState(121)) - 6b24a2ab-97ee-4d49-85cc-2d76c2f4b8ef: shutdown FollowerState
2019-10-16 21:55:27,925 [Thread-1802] INFO  impl.FollowerState (FollowerState.java:run(117)) - a32408a4-f19d-4bad-97c5-ba33ae94fc9a@group-569FAC3F8BCE-FollowerState was interrupted: java.lang.InterruptedException: sleep interrupted
2019-10-16 21:55:27,925 [grpc-default-executor-0] INFO  impl.RoleInfo (RoleInfo.java:updateAndGet(143)) - a32408a4-f19d-4bad-97c5-ba33ae94fc9a: start FollowerState
2019-10-16 21:55:27,926 [Thread-1803] INFO  impl.FollowerState (FollowerState.java:run(117)) - 6b24a2ab-97ee-4d49-85cc-2d76c2f4b8ef@group-569FAC3F8BCE-FollowerState was interrupted: java.lang.InterruptedException: sleep interrupted
2019-10-16 21:55:27,926 [grpc-default-executor-1] INFO  impl.RoleInfo (RoleInfo.java:updateAndGet(143)) - 6b24a2ab-97ee-4d49-85cc-2d76c2f4b8ef: start FollowerState
2019-10-16 21:55:27,944 [277b5c5e-8c6f-4c9a-a53f-1bbc96404e12@group-569FAC3F8BCE-LeaderElection251] INFO  impl.LeaderElection (LeaderElection.java:logAndReturn(56)) - 277b5c5e-8c6f-4c9a-a53f-1bbc96404e12@group-569FAC3F8BCE-LeaderElection251: Election REJECTED; received 2 response(s) [277b5c5e-8c6f-4c9a-a53f-1bbc96404e12<-a32408a4-f19d-4bad-97c5-ba33ae94fc9a#0:FAIL-t253, 277b5c5e-8c6f-4c9a-a53f-1bbc96404e12<-6b24a2ab-97ee-4d49-85cc-2d76c2f4b8ef#0:FAIL-t253] and 0 exception(s); 277b5c5e-8c6f-4c9a-a53f-1bbc96404e12@group-569FAC3F8BCE:t253, leader=null, voted=277b5c5e-8c6f-4c9a-a53f-1bbc96404e12, raftlog=277b5c5e-8c6f-4c9a-a53f-1bbc96404e12@group-569FAC3F8BCE-SegmentedRaftLog:OPENED:c-1,f-1,i0, conf=-1: [a32408a4-f19d-4bad-97c5-ba33ae94fc9a:192.168.157.254:38721, 6b24a2ab-97ee-4d49-85cc-2d76c2f4b8ef:192.168.157.254:41080, 277b5c5e-8c6f-4c9a-a53f-1bbc96404e12:192.168.157.254:41416], old=null
2019-10-16 21:55:27,945 [277b5c5e-8c6f-4c9a-a53f-1bbc96404e12@group-569FAC3F8BCE-LeaderElection251] INFO  impl.RaftServerImpl (RaftServerImpl.java:setRole(184)) - 277b5c5e-8c6f-4c9a-a53f-1bbc96404e12@group-569FAC3F8BCE: changes role from CANDIDATE to FOLLOWER at term 253 for DISCOVERED_A_NEW_TERM
2019-10-16 21:55:27,945 [277b5c5e-8c6f-4c9a-a53f-1bbc96404e12@group-569FAC3F8BCE-LeaderElection251] INFO  impl.RoleInfo (RoleInfo.java:shutdownLeaderElection(134)) - 277b5c5e-8c6f-4c9a-a53f-1bbc96404e12: shutdown LeaderElection
2019-10-16 21:55:27,945 [277b5c5e-8c6f-4c9a-a53f-1bbc96404e12@group-569FAC3F8BCE-LeaderElection251] INFO  impl.RoleInfo (RoleInfo.java:updateAndGet(143)) - 277b5c5e-8c6f-4c9a-a53f-1bbc96404e12: start FollowerState
2019-10-16 21:55:27,974 [Thread-1810] INFO  impl.FollowerState (FollowerState.java:run(108)) - 277b5c5e-8c6f-4c9a-a53f-1bbc96404e12@group-569FAC3F8BCE-FollowerState: change to CANDIDATE, lastRpcTime:29ms, electionTimeout:29ms
2019-10-16 21:55:27,974 [Thread-1810] INFO  impl.RoleInfo (RoleInfo.java:shutdownFollowerState(121)) - 277b5c5e-8c6f-4c9a-a53f-1bbc96404e12: shutdown FollowerState
2019-10-16 21:55:27,975 [Thread-1810] INFO  impl.RaftServerImpl (RaftServerImpl.java:setRole(184)) - 277b5c5e-8c6f-4c9a-a53f-1bbc96404e12@group-569FAC3F8BCE: changes role from  FOLLOWER to CANDIDATE at term 253 for changeToCandidate
2019-10-16 21:55:27,975 [Thread-1810] INFO  impl.RoleInfo (RoleInfo.java:updateAndGet(143)) - 277b5c5e-8c6f-4c9a-a53f-1bbc96404e12: start LeaderElection
2019-10-16 21:55:28,001 [277b5c5e-8c6f-4c9a-a53f-1bbc96404e12@group-569FAC3F8BCE-LeaderElection252] INFO  impl.LeaderElection (LeaderElection.java:askForVotes(178)) - 277b5c5e-8c6f-4c9a-a53f-1bbc96404e12@group-569FAC3F8BCE-LeaderElection252: begin an election at term 254 for -1: [a32408a4-f19d-4bad-97c5-ba33ae94fc9a:192.168.157.254:38721, 6b24a2ab-97ee-4d49-85cc-2d76c2f4b8ef:192.168.157.254:41080, 277b5c5e-8c6f-4c9a-a53f-1bbc96404e12:192.168.157.254:41416], old=null
2019-10-16 21:55:28,003 [grpc-default-executor-1] INFO  impl.RaftServerImpl (RaftServerImpl.java:setRole(184)) - a32408a4-f19d-4bad-97c5-ba33ae94fc9a@group-569FAC3F8BCE: changes role from  FOLLOWER to FOLLOWER at term 254 for recognizeCandidate:277b5c5e-8c6f-4c9a-a53f-1bbc96404e12
2019-10-16 21:55:28,004 [grpc-default-executor-1] INFO  impl.RoleInfo (RoleInfo.java:shutdownFollowerState(121)) - a32408a4-f19d-4bad-97c5-ba33ae94fc9a: shutdown FollowerState
2019-10-16 21:55:28,004 [grpc-default-executor-1] INFO  impl.RoleInfo (RoleInfo.java:updateAndGet(143)) - a32408a4-f19d-4bad-97c5-ba33ae94fc9a: start FollowerState
2019-10-16 21:55:28,004 [Thread-1808] INFO  impl.FollowerState (FollowerState.java:run(117)) - a32408a4-f19d-4bad-97c5-ba33ae94fc9a@group-569FAC3F8BCE-FollowerState was interrupted: java.lang.InterruptedException: sleep interrupted
2019-10-16 21:55:28,004 [grpc-default-executor-0] INFO  impl.RaftServerImpl (RaftServerImpl.java:setRole(184)) - 6b24a2ab-97ee-4d49-85cc-2d76c2f4b8ef@group-569FAC3F8BCE: changes role from  FOLLOWER to FOLLOWER at term 254 for recognizeCandidate:277b5c5e-8c6f-4c9a-a53f-1bbc96404e12
2019-10-16 21:55:28,004 [grpc-default-executor-0] INFO  impl.RoleInfo (RoleInfo.java:shutdownFollowerState(121)) - 6b24a2ab-97ee-4d49-85cc-2d76c2f4b8ef: shutdown FollowerState
2019-10-16 21:55:28,004 [grpc-default-executor-0] INFO  impl.RoleInfo (RoleInfo.java:updateAndGet(143)) - 6b24a2ab-97ee-4d49-85cc-2d76c2f4b8ef: start FollowerState
2019-10-16 21:55:28,005 [Thread-1809] INFO  impl.FollowerState (FollowerState.java:run(117)) - 6b24a2ab-97ee-4d49-85cc-2d76c2f4b8ef@group-569FAC3F8BCE-FollowerState was interrupted: java.lang.InterruptedException: sleep interrupted
2019-10-16 21:55:28,018 [277b5c5e-8c6f-4c9a-a53f-1bbc96404e12@group-569FAC3F8BCE-LeaderElection252] INFO  impl.LeaderElection (LeaderElection.java:logAndReturn(56)) - 277b5c5e-8c6f-4c9a-a53f-1bbc96404e12@group-569FAC3F8BCE-LeaderElection252: Election REJECTED; received 2 response(s) [277b5c5e-8c6f-4c9a-a53f-1bbc96404e12<-6b24a2ab-97ee-4d49-85cc-2d76c2f4b8ef#0:FAIL-t254, 277b5c5e-8c6f-4c9a-a53f-1bbc96404e12<-a32408a4-f19d-4bad-97c5-ba33ae94fc9a#0:FAIL-t254] and 0 exception(s); 277b5c5e-8c6f-4c9a-a53f-1bbc96404e12@group-569FAC3F8BCE:t254, leader=null, voted=277b5c5e-8c6f-4c9a-a53f-1bbc96404e12, raftlog=277b5c5e-8c6f-4c9a-a53f-1bbc96404e12@group-569FAC3F8BCE-SegmentedRaftLog:OPENED:c-1,f-1,i0, conf=-1: [a32408a4-f19d-4bad-97c5-ba33ae94fc9a:192.168.157.254:38721, 6b24a2ab-97ee-4d49-85cc-2d76c2f4b8ef:192.168.157.254:41080, 277b5c5e-8c6f-4c9a-a53f-1bbc96404e12:192.168.157.254:41416], old=null
2019-10-16 21:55:28,018 [277b5c5e-8c6f-4c9a-a53f-1bbc96404e12@group-569FAC3F8BCE-LeaderElection252] INFO  impl.RaftServerImpl (RaftServerImpl.java:setRole(184)) - 277b5c5e-8c6f-4c9a-a53f-1bbc96404e12@group-569FAC3F8BCE: changes role from CANDIDATE to FOLLOWER at term 254 for DISCOVERED_A_NEW_TERM
2019-10-16 21:55:28,019 [277b5c5e-8c6f-4c9a-a53f-1bbc96404e12@group-569FAC3F8BCE-LeaderElection252] INFO  impl.RoleInfo (RoleInfo.java:shutdownLeaderElection(134)) - 277b5c5e-8c6f-4c9a-a53f-1bbc96404e12: shutdown LeaderElection
2019-10-16 21:55:28,019 [277b5c5e-8c6f-4c9a-a53f-1bbc96404e12@group-569FAC3F8BCE-LeaderElection252] INFO  impl.RoleInfo (RoleInfo.java:updateAndGet(143)) - 277b5c5e-8c6f-4c9a-a53f-1bbc96404e12: start FollowerState
2019-10-16 21:55:28,080 [Thread-1816] INFO  impl.FollowerState (FollowerState.java:run(108)) - 277b5c5e-8c6f-4c9a-a53f-1bbc96404e12@group-569FAC3F8BCE-FollowerState: change to CANDIDATE, lastRpcTime:61ms, electionTimeout:61ms
2019-10-16 21:55:28,080 [Thread-1816] INFO  impl.RoleInfo (RoleInfo.java:shutdownFollowerState(121)) - 277b5c5e-8c6f-4c9a-a53f-1bbc96404e12: shutdown FollowerState
2019-10-16 21:55:28,081 [Thread-1816] INFO  impl.RaftServerImpl (RaftServerImpl.java:setRole(184)) - 277b5c5e-8c6f-4c9a-a53f-1bbc96404e12@group-569FAC3F8BCE: changes role from  FOLLOWER to CANDIDATE at term 254 for changeToCandidate
2019-10-16 21:55:28,081 [Thread-1816] INFO  impl.RoleInfo (RoleInfo.java:updateAndGet(143)) - 277b5c5e-8c6f-4c9a-a53f-1bbc96404e12: start LeaderElection
2019-10-16 21:55:28,108 [277b5c5e-8c6f-4c9a-a53f-1bbc96404e12@group-569FAC3F8BCE-LeaderElection253] INFO  impl.LeaderElection (LeaderElection.java:askForVotes(178)) - 277b5c5e-8c6f-4c9a-a53f-1bbc96404e12@group-569FAC3F8BCE-LeaderElection253: begin an election at term 255 for -1: [a32408a4-f19d-4bad-97c5-ba33ae94fc9a:192.168.157.254:38721, 6b24a2ab-97ee-4d49-85cc-2d76c2f4b8ef:192.168.157.254:41080, 277b5c5e-8c6f-4c9a-a53f-1bbc96404e12:192.168.157.254:41416], old=null
2019-10-16 21:55:28,110 [grpc-default-executor-0] INFO  impl.RaftServerImpl (RaftServerImpl.java:setRole(184)) - a32408a4-f19d-4bad-97c5-ba33ae94fc9a@group-569FAC3F8BCE: changes role from  FOLLOWER to FOLLOWER at term 255 for recognizeCandidate:277b5c5e-8c6f-4c9a-a53f-1bbc96404e12
2019-10-16 21:55:28,110 [grpc-default-executor-1] INFO  impl.RaftServerImpl (RaftServerImpl.java:setRole(184)) - 6b24a2ab-97ee-4d49-85cc-2d76c2f4b8ef@group-569FAC3F8BCE: changes role from  FOLLOWER to FOLLOWER at term 255 for recognizeCandidate:277b5c5e-8c6f-4c9a-a53f-1bbc96404e12
2019-10-16 21:55:28,110 [grpc-default-executor-0] INFO  impl.RoleInfo (RoleInfo.java:shutdownFollowerState(121)) - a32408a4-f19d-4bad-97c5-ba33ae94fc9a: shutdown FollowerState
2019-10-16 21:55:28,110 [grpc-default-executor-1] INFO  impl.RoleInfo (RoleInfo.java:shutdownFollowerState(121)) - 6b24a2ab-97ee-4d49-85cc-2d76c2f4b8ef: shutdown FollowerState
2019-10-16 21:55:28,111 [Thread-1814] INFO  impl.FollowerState (FollowerState.java:run(117)) - a32408a4-f19d-4bad-97c5-ba33ae94fc9a@group-569FAC3F8BCE-FollowerState was interrupted: java.lang.InterruptedException: sleep interrupted
2019-10-16 21:55:28,111 [grpc-default-executor-0] INFO  impl.RoleInfo (RoleInfo.java:updateAndGet(143)) - a32408a4-f19d-4bad-97c5-ba33ae94fc9a: start FollowerState
2019-10-16 21:55:28,111 [Thread-1815] INFO  impl.FollowerState (FollowerState.java:run(117)) - 6b24a2ab-97ee-4d49-85cc-2d76c2f4b8ef@group-569FAC3F8BCE-FollowerState was interrupted: java.lang.InterruptedException: sleep interrupted
2019-10-16 21:55:28,111 [grpc-default-executor-1] INFO  impl.RoleInfo (RoleInfo.java:updateAndGet(143)) - 6b24a2ab-97ee-4d49-85cc-2d76c2f4b8ef: start FollowerState
2019-10-16 21:55:28,126 [277b5c5e-8c6f-4c9a-a53f-1bbc96404e12@group-569FAC3F8BCE-LeaderElection253] INFO  impl.LeaderElection (LeaderElection.java:logAndReturn(56)) - 277b5c5e-8c6f-4c9a-a53f-1bbc96404e12@group-569FAC3F8BCE-LeaderElection253: Election REJECTED; received 2 response(s) [277b5c5e-8c6f-4c9a-a53f-1bbc96404e12<-a32408a4-f19d-4bad-97c5-ba33ae94fc9a#0:FAIL-t255, 277b5c5e-8c6f-4c9a-a53f-1bbc96404e12<-6b24a2ab-97ee-4d49-85cc-2d76c2f4b8ef#0:FAIL-t255] and 0 exception(s); 277b5c5e-8c6f-4c9a-a53f-1bbc96404e12@group-569FAC3F8BCE:t255, leader=null, voted=277b5c5e-8c6f-4c9a-a53f-1bbc96404e12, raftlog=277b5c5e-8c6f-4c9a-a53f-1bbc96404e12@group-569FAC3F8BCE-SegmentedRaftLog:OPENED:c-1,f-1,i0, conf=-1: [a32408a4-f19d-4bad-97c5-ba33ae94fc9a:192.168.157.254:38721, 6b24a2ab-97ee-4d49-85cc-2d76c2f4b8ef:192.168.157.254:41080, 277b5c5e-8c6f-4c9a-a53f-1bbc96404e12:192.168.157.254:41416], old=null
2019-10-16 21:55:28,126 [277b5c5e-8c6f-4c9a-a53f-1bbc96404e12@group-569FAC3F8BCE-LeaderElection253] INFO  impl.RaftServerImpl (RaftServerImpl.java:setRole(184)) - 277b5c5e-8c6f-4c9a-a53f-1bbc96404e12@group-569FAC3F8BCE: changes role from CANDIDATE to FOLLOWER at term 255 for DISCOVERED_A_NEW_TERM
2019-10-16 21:55:28,126 [277b5c5e-8c6f-4c9a-a53f-1bbc96404e12@group-569FAC3F8BCE-LeaderElection253] INFO  impl.RoleInfo (RoleInfo.java:shutdownLeaderElection(134)) - 277b5c5e-8c6f-4c9a-a53f-1bbc96404e12: shutdown LeaderElection
2019-10-16 21:55:28,126 [277b5c5e-8c6f-4c9a-a53f-1bbc96404e12@group-569FAC3F8BCE-LeaderElection253] INFO  impl.RoleInfo (RoleInfo.java:updateAndGet(143)) - 277b5c5e-8c6f-4c9a-a53f-1bbc96404e12: start FollowerState
2019-10-16 21:55:28,227 [Thread-1822] INFO  impl.FollowerState (FollowerState.java:run(108)) - 277b5c5e-8c6f-4c9a-a53f-1bbc96404e12@group-569FAC3F8BCE-FollowerState: change to CANDIDATE, lastRpcTime:100ms, electionTimeout:100ms
2019-10-16 21:55:28,227 [Thread-1822] INFO  impl.RoleInfo (RoleInfo.java:shutdownFollowerState(121)) - 277b5c5e-8c6f-4c9a-a53f-1bbc96404e12: shutdown FollowerState
2019-10-16 21:55:28,227 [Thread-1822] INFO  impl.RaftServerImpl (RaftServerImpl.java:setRole(184)) - 277b5c5e-8c6f-4c9a-a53f-1bbc96404e12@group-569FAC3F8BCE: changes role from  FOLLOWER to CANDIDATE at term 255 for changeToCandidate
2019-10-16 21:55:28,227 [Thread-1822] INFO  impl.RoleInfo (RoleInfo.java:updateAndGet(143)) - 277b5c5e-8c6f-4c9a-a53f-1bbc96404e12: start LeaderElection
2019-10-16 21:55:28,253 [277b5c5e-8c6f-4c9a-a53f-1bbc96404e12@group-569FAC3F8BCE-LeaderElection254] INFO  impl.LeaderElection (LeaderElection.java:askForVotes(178)) - 277b5c5e-8c6f-4c9a-a53f-1bbc96404e12@group-569FAC3F8BCE-LeaderElection254: begin an election at term 256 for -1: [a32408a4-f19d-4bad-97c5-ba33ae94fc9a:192.168.157.254:38721, 6b24a2ab-97ee-4d49-85cc-2d76c2f4b8ef:192.168.157.254:41080, 277b5c5e-8c6f-4c9a-a53f-1bbc96404e12:192.168.157.254:41416], old=null
2019-10-16 21:55:28,255 [grpc-default-executor-0] INFO  impl.RaftServerImpl (RaftServerImpl.java:setRole(184)) - a32408a4-f19d-4bad-97c5-ba33ae94fc9a@group-569FAC3F8BCE: changes role from  FOLLOWER to FOLLOWER at term 256 for recognizeCandidate:277b5c5e-8c6f-4c9a-a53f-1bbc96404e12
2019-10-16 21:55:28,255 [grpc-default-executor-1] INFO  impl.RaftServerImpl (RaftServerImpl.java:setRole(184)) - 6b24a2ab-97ee-4d49-85cc-2d76c2f4b8ef@group-569FAC3F8BCE: changes role from  FOLLOWER to FOLLOWER at term 256 for recognizeCandidate:277b5c5e-8c6f-4c9a-a53f-1bbc96404e12
2019-10-16 21:55:28,255 [grpc-default-executor-0] INFO  impl.RoleInfo (RoleInfo.java:shutdownFollowerState(121)) - a32408a4-f19d-4bad-97c5-ba33ae94fc9a: shutdown FollowerState
2019-10-16 21:55:28,256 [grpc-default-executor-1] INFO  impl.RoleInfo (RoleInfo.java:shutdownFollowerState(121)) - 6b24a2ab-97ee-4d49-85cc-2d76c2f4b8ef: shutdown FollowerState
2019-10-16 21:55:28,256 [grpc-default-executor-0] INFO  impl.RoleInfo (RoleInfo.java:updateAndGet(143)) - a32408a4-f19d-4bad-97c5-ba33ae94fc9a: start FollowerState
2019-10-16 21:55:28,256 [Thread-1821] INFO  impl.FollowerState (FollowerState.java:run(117)) - 6b24a2ab-97ee-4d49-85cc-2d76c2f4b8ef@group-569FAC3F8BCE-FollowerState was interrupted: java.lang.InterruptedException: sleep interrupted
2019-10-16 21:55:28,256 [grpc-default-executor-1] INFO  impl.RoleInfo (RoleInfo.java:updateAndGet(143)) - 6b24a2ab-97ee-4d49-85cc-2d76c2f4b8ef: start FollowerState
2019-10-16 21:55:28,256 [Thread-1820] INFO  impl.FollowerState (FollowerState.java:run(117)) - a32408a4-f19d-4bad-97c5-ba33ae94fc9a@group-569FAC3F8BCE-FollowerState was interrupted: java.lang.InterruptedException: sleep interrupted
2019-10-16 21:55:28,282 [277b5c5e-8c6f-4c9a-a53f-1bbc96404e12@group-569FAC3F8BCE-LeaderElection254] INFO  impl.LeaderElection (LeaderElection.java:logAndReturn(56)) - 277b5c5e-8c6f-4c9a-a53f-1bbc96404e12@group-569FAC3F8BCE-LeaderElection254: Election REJECTED; received 2 response(s) [277b5c5e-8c6f-4c9a-a53f-1bbc96404e12<-a32408a4-f19d-4bad-97c5-ba33ae94fc9a#0:FAIL-t256, 277b5c5e-8c6f-4c9a-a53f-1bbc96404e12<-6b24a2ab-97ee-4d49-85cc-2d76c2f4b8ef#0:FAIL-t256] and 0 exception(s); 277b5c5e-8c6f-4c9a-a53f-1bbc96404e12@group-569FAC3F8BCE:t256, leader=null, voted=277b5c5e-8c6f-4c9a-a53f-1bbc96404e12, raftlog=277b5c5e-8c6f-4c9a-a53f-1bbc96404e12@group-569FAC3F8BCE-SegmentedRaftLog:OPENED:c-1,f-1,i0, conf=-1: [a32408a4-f19d-4bad-97c5-ba33ae94fc9a:192.168.157.254:38721, 6b24a2ab-97ee-4d49-85cc-2d76c2f4b8ef:192.168.157.254:41080, 277b5c5e-8c6f-4c9a-a53f-1bbc96404e12:192.168.157.254:41416], old=null
2019-10-16 21:55:28,283 [277b5c5e-8c6f-4c9a-a53f-1bbc96404e12@group-569FAC3F8BCE-LeaderElection254] INFO  impl.RaftServerImpl (RaftServerImpl.java:setRole(184)) - 277b5c5e-8c6f-4c9a-a53f-1bbc96404e12@group-569FAC3F8BCE: changes role from CANDIDATE to FOLLOWER at term 256 for DISCOVERED_A_NEW_TERM
2019-10-16 21:55:28,283 [277b5c5e-8c6f-4c9a-a53f-1bbc96404e12@group-569FAC3F8BCE-LeaderElection254] INFO  impl.RoleInfo (RoleInfo.java:shutdownLeaderElection(134)) - 277b5c5e-8c6f-4c9a-a53f-1bbc96404e12: shutdown LeaderElection
2019-10-16 21:55:28,283 [277b5c5e-8c6f-4c9a-a53f-1bbc96404e12@group-569FAC3F8BCE-LeaderElection254] INFO  impl.RoleInfo (RoleInfo.java:updateAndGet(143)) - 277b5c5e-8c6f-4c9a-a53f-1bbc96404e12: start FollowerState
2019-10-16 21:55:28,285 [Thread-1828] INFO  impl.FollowerState (FollowerState.java:run(108)) - 277b5c5e-8c6f-4c9a-a53f-1bbc96404e12@group-569FAC3F8BCE-FollowerState: change to CANDIDATE, lastRpcTime:2ms, electionTimeout:2ms
2019-10-16 21:55:28,285 [Thread-1828] INFO  impl.RoleInfo (RoleInfo.java:shutdownFollowerState(121)) - 277b5c5e-8c6f-4c9a-a53f-1bbc96404e12: shutdown FollowerState
2019-10-16 21:55:28,285 [Thread-1828] INFO  impl.RaftServerImpl (RaftServerImpl.java:setRole(184)) - 277b5c5e-8c6f-4c9a-a53f-1bbc96404e12@group-569FAC3F8BCE: changes role from  FOLLOWER to CANDIDATE at term 256 for changeToCandidate
2019-10-16 21:55:28,286 [Thread-1828] INFO  impl.RoleInfo (RoleInfo.java:updateAndGet(143)) - 277b5c5e-8c6f-4c9a-a53f-1bbc96404e12: start LeaderElection
2019-10-16 21:55:28,296 [277b5c5e-8c6f-4c9a-a53f-1bbc96404e12@group-569FAC3F8BCE-LeaderElection255] INFO  impl.LeaderElection (LeaderElection.java:askForVotes(178)) - 277b5c5e-8c6f-4c9a-a53f-1bbc96404e12@group-569FAC3F8BCE-LeaderElection255: begin an election at term 257 for -1: [a32408a4-f19d-4bad-97c5-ba33ae94fc9a:192.168.157.254:38721, 6b24a2ab-97ee-4d49-85cc-2d76c2f4b8ef:192.168.157.254:41080, 277b5c5e-8c6f-4c9a-a53f-1bbc96404e12:192.168.157.254:41416], old=null
2019-10-16 21:55:28,298 [grpc-default-executor-1] INFO  impl.RaftServerImpl (RaftServerImpl.java:setRole(184)) - a32408a4-f19d-4bad-97c5-ba33ae94fc9a@group-569FAC3F8BCE: changes role from  FOLLOWER to FOLLOWER at term 257 for recognizeCandidate:277b5c5e-8c6f-4c9a-a53f-1bbc96404e12
2019-10-16 21:55:28,298 [grpc-default-executor-1] INFO  impl.RoleInfo (RoleInfo.java:shutdownFollowerState(121)) - a32408a4-f19d-4bad-97c5-ba33ae94fc9a: shutdown FollowerState
2019-10-16 21:55:28,299 [grpc-default-executor-1] INFO  impl.RoleInfo (RoleInfo.java:updateAndGet(143)) - a32408a4-f19d-4bad-97c5-ba33ae94fc9a: start FollowerState
2019-10-16 21:55:28,299 [Thread-1826] INFO  impl.FollowerState (FollowerState.java:run(117)) - a32408a4-f19d-4bad-97c5-ba33ae94fc9a@group-569FAC3F8BCE-FollowerState was interrupted: java.lang.InterruptedException: sleep interrupted
2019-10-16 21:55:28,299 [grpc-default-executor-0] INFO  impl.RaftServerImpl (RaftServerImpl.java:setRole(184)) - 6b24a2ab-97ee-4d49-85cc-2d76c2f4b8ef@group-569FAC3F8BCE: changes role from  FOLLOWER to FOLLOWER at term 257 for recognizeCandidate:277b5c5e-8c6f-4c9a-a53f-1bbc96404e12
2019-10-16 21:55:28,299 [grpc-default-executor-0] INFO  impl.RoleInfo (RoleInfo.java:shutdownFollowerState(121)) - 6b24a2ab-97ee-4d49-85cc-2d76c2f4b8ef: shutdown FollowerState
2019-10-16 21:55:28,299 [grpc-default-executor-0] INFO  impl.RoleInfo (RoleInfo.java:updateAndGet(143)) - 6b24a2ab-97ee-4d49-85cc-2d76c2f4b8ef: start FollowerState
2019-10-16 21:55:28,299 [Thread-1827] INFO  impl.FollowerState (FollowerState.java:run(117)) - 6b24a2ab-97ee-4d49-85cc-2d76c2f4b8ef@group-569FAC3F8BCE-FollowerState was interrupted: java.lang.InterruptedException: sleep interrupted
2019-10-16 21:55:28,313 [277b5c5e-8c6f-4c9a-a53f-1bbc96404e12@group-569FAC3F8BCE-LeaderElection255] INFO  impl.LeaderElection (LeaderElection.java:logAndReturn(56)) - 277b5c5e-8c6f-4c9a-a53f-1bbc96404e12@group-569FAC3F8BCE-LeaderElection255: Election REJECTED; received 2 response(s) [277b5c5e-8c6f-4c9a-a53f-1bbc96404e12<-a32408a4-f19d-4bad-97c5-ba33ae94fc9a#0:FAIL-t257, 277b5c5e-8c6f-4c9a-a53f-1bbc96404e12<-6b24a2ab-97ee-4d49-85cc-2d76c2f4b8ef#0:FAIL-t257] and 0 exception(s); 277b5c5e-8c6f-4c9a-a53f-1bbc96404e12@group-569FAC3F8BCE:t257, leader=null, voted=277b5c5e-8c6f-4c9a-a53f-1bbc96404e12, raftlog=277b5c5e-8c6f-4c9a-a53f-1bbc96404e12@group-569FAC3F8BCE-SegmentedRaftLog:OPENED:c-1,f-1,i0, conf=-1: [a32408a4-f19d-4bad-97c5-ba33ae94fc9a:192.168.157.254:38721, 6b24a2ab-97ee-4d49-85cc-2d76c2f4b8ef:192.168.157.254:41080, 277b5c5e-8c6f-4c9a-a53f-1bbc96404e12:192.168.157.254:41416], old=null
2019-10-16 21:55:28,313 [277b5c5e-8c6f-4c9a-a53f-1bbc96404e12@group-569FAC3F8BCE-LeaderElection255] INFO  impl.RaftServerImpl (RaftServerImpl.java:setRole(184)) - 277b5c5e-8c6f-4c9a-a53f-1bbc96404e12@group-569FAC3F8BCE: changes role from CANDIDATE to FOLLOWER at term 257 for DISCOVERED_A_NEW_TERM
2019-10-16 21:55:28,313 [277b5c5e-8c6f-4c9a-a53f-1bbc96404e12@group-569FAC3F8BCE-LeaderElection255] INFO  impl.RoleInfo (RoleInfo.java:shutdownLeaderElection(134)) - 277b5c5e-8c6f-4c9a-a53f-1bbc96404e12: shutdown LeaderElection
2019-10-16 21:55:28,313 [277b5c5e-8c6f-4c9a-a53f-1bbc96404e12@group-569FAC3F8BCE-LeaderElection255] INFO  impl.RoleInfo (RoleInfo.java:updateAndGet(143)) - 277b5c5e-8c6f-4c9a-a53f-1bbc96404e12: start FollowerState
2019-10-16 21:55:28,355 [Thread-1834] INFO  impl.FollowerState (FollowerState.java:run(108)) - 277b5c5e-8c6f-4c9a-a53f-1bbc96404e12@group-569FAC3F8BCE-FollowerState: change to CANDIDATE, lastRpcTime:41ms, electionTimeout:41ms
2019-10-16 21:55:28,355 [Thread-1834] INFO  impl.RoleInfo (RoleInfo.java:shutdownFollowerState(121)) - 277b5c5e-8c6f-4c9a-a53f-1bbc96404e12: shutdown FollowerState
2019-10-16 21:55:28,355 [Thread-1834] INFO  impl.RaftServerImpl (RaftServerImpl.java:setRole(184)) - 277b5c5e-8c6f-4c9a-a53f-1bbc96404e12@group-569FAC3F8BCE: changes role from  FOLLOWER to CANDIDATE at term 257 for changeToCandidate
2019-10-16 21:55:28,355 [Thread-1834] INFO  impl.RoleInfo (RoleInfo.java:updateAndGet(143)) - 277b5c5e-8c6f-4c9a-a53f-1bbc96404e12: start LeaderElection
2019-10-16 21:55:28,369 [277b5c5e-8c6f-4c9a-a53f-1bbc96404e12@group-569FAC3F8BCE-LeaderElection256] INFO  impl.LeaderElection (LeaderElection.java:askForVotes(178)) - 277b5c5e-8c6f-4c9a-a53f-1bbc96404e12@group-569FAC3F8BCE-LeaderElection256: begin an election at term 258 for -1: [a32408a4-f19d-4bad-97c5-ba33ae94fc9a:192.168.157.254:38721, 6b24a2ab-97ee-4d49-85cc-2d76c2f4b8ef:192.168.157.254:41080, 277b5c5e-8c6f-4c9a-a53f-1bbc96404e12:192.168.157.254:41416], old=null
2019-10-16 21:55:28,371 [grpc-default-executor-1] INFO  impl.RaftServerImpl (RaftServerImpl.java:setRole(184)) - a32408a4-f19d-4bad-97c5-ba33ae94fc9a@group-569FAC3F8BCE: changes role from  FOLLOWER to FOLLOWER at term 258 for recognizeCandidate:277b5c5e-8c6f-4c9a-a53f-1bbc96404e12
2019-10-16 21:55:28,371 [grpc-default-executor-1] INFO  impl.RoleInfo (RoleInfo.java:shutdownFollowerState(121)) - a32408a4-f19d-4bad-97c5-ba33ae94fc9a: shutdown FollowerState
2019-10-16 21:55:28,371 [grpc-default-executor-1] INFO  impl.RoleInfo (RoleInfo.java:updateAndGet(143)) - a32408a4-f19d-4bad-97c5-ba33ae94fc9a: start FollowerState
2019-10-16 21:55:28,371 [Thread-1832] INFO  impl.FollowerState (FollowerState.java:run(117)) - a32408a4-f19d-4bad-97c5-ba33ae94fc9a@group-569FAC3F8BCE-FollowerState was interrupted: java.lang.InterruptedException: sleep interrupted
2019-10-16 21:55:28,371 [grpc-default-executor-0] INFO  impl.RaftServerImpl (RaftServerImpl.java:setRole(184)) - 6b24a2ab-97ee-4d49-85cc-2d76c2f4b8ef@group-569FAC3F8BCE: changes role from  FOLLOWER to FOLLOWER at term 258 for recognizeCandidate:277b5c5e-8c6f-4c9a-a53f-1bbc96404e12
2019-10-16 21:55:28,372 [grpc-default-executor-0] INFO  impl.RoleInfo (RoleInfo.java:shutdownFollowerState(121)) - 6b24a2ab-97ee-4d49-85cc-2d76c2f4b8ef: shutdown FollowerState
2019-10-16 21:55:28,372 [grpc-default-executor-0] INFO  impl.RoleInfo (RoleInfo.java:updateAndGet(143)) - 6b24a2ab-97ee-4d49-85cc-2d76c2f4b8ef: start FollowerState
2019-10-16 21:55:28,372 [Thread-1833] INFO  impl.FollowerState (FollowerState.java:run(117)) - 6b24a2ab-97ee-4d49-85cc-2d76c2f4b8ef@group-569FAC3F8BCE-FollowerState was interrupted: java.lang.InterruptedException: sleep interrupted
2019-10-16 21:55:28,385 [277b5c5e-8c6f-4c9a-a53f-1bbc96404e12@group-569FAC3F8BCE-LeaderElection256] INFO  impl.LeaderElection (LeaderElection.java:logAndReturn(56)) - 277b5c5e-8c6f-4c9a-a53f-1bbc96404e12@group-569FAC3F8BCE-LeaderElection256: Election REJECTED; received 2 response(s) [277b5c5e-8c6f-4c9a-a53f-1bbc96404e12<-a32408a4-f19d-4bad-97c5-ba33ae94fc9a#0:FAIL-t258, 277b5c5e-8c6f-4c9a-a53f-1bbc96404e12<-6b24a2ab-97ee-4d49-85cc-2d76c2f4b8ef#0:FAIL-t258] and 0 exception(s); 277b5c5e-8c6f-4c9a-a53f-1bbc96404e12@group-569FAC3F8BCE:t258, leader=null, voted=277b5c5e-8c6f-4c9a-a53f-1bbc96404e12, raftlog=277b5c5e-8c6f-4c9a-a53f-1bbc96404e12@group-569FAC3F8BCE-SegmentedRaftLog:OPENED:c-1,f-1,i0, conf=-1: [a32408a4-f19d-4bad-97c5-ba33ae94fc9a:192.168.157.254:38721, 6b24a2ab-97ee-4d49-85cc-2d76c2f4b8ef:192.168.157.254:41080, 277b5c5e-8c6f-4c9a-a53f-1bbc96404e12:192.168.157.254:41416], old=null
2019-10-16 21:55:28,385 [277b5c5e-8c6f-4c9a-a53f-1bbc96404e12@group-569FAC3F8BCE-LeaderElection256] INFO  impl.RaftServerImpl (RaftServerImpl.java:setRole(184)) - 277b5c5e-8c6f-4c9a-a53f-1bbc96404e12@group-569FAC3F8BCE: changes role from CANDIDATE to FOLLOWER at term 258 for DISCOVERED_A_NEW_TERM
2019-10-16 21:55:28,385 [277b5c5e-8c6f-4c9a-a53f-1bbc96404e12@group-569FAC3F8BCE-LeaderElection256] INFO  impl.RoleInfo (RoleInfo.java:shutdownLeaderElection(134)) - 277b5c5e-8c6f-4c9a-a53f-1bbc96404e12: shutdown LeaderElection
2019-10-16 21:55:28,386 [277b5c5e-8c6f-4c9a-a53f-1bbc96404e12@group-569FAC3F8BCE-LeaderElection256] INFO  impl.RoleInfo (RoleInfo.java:updateAndGet(143)) - 277b5c5e-8c6f-4c9a-a53f-1bbc96404e12: start FollowerState
2019-10-16 21:55:28,450 [Thread-1840] INFO  impl.FollowerState (FollowerState.java:run(108)) - 277b5c5e-8c6f-4c9a-a53f-1bbc96404e12@group-569FAC3F8BCE-FollowerState: change to CANDIDATE, lastRpcTime:64ms, electionTimeout:64ms
2019-10-16 21:55:28,450 [Thread-1840] INFO  impl.RoleInfo (RoleInfo.java:shutdownFollowerState(121)) - 277b5c5e-8c6f-4c9a-a53f-1bbc96404e12: shutdown FollowerState
2019-10-16 21:55:28,450 [Thread-1840] INFO  impl.RaftServerImpl (RaftServerImpl.java:setRole(184)) - 277b5c5e-8c6f-4c9a-a53f-1bbc96404e12@group-569FAC3F8BCE: changes role from  FOLLOWER to CANDIDATE at term 258 for changeToCandidate
2019-10-16 21:55:28,450 [Thread-1840] INFO  impl.RoleInfo (RoleInfo.java:updateAndGet(143)) - 277b5c5e-8c6f-4c9a-a53f-1bbc96404e12: start LeaderElection
2019-10-16 21:55:28,454 [277b5c5e-8c6f-4c9a-a53f-1bbc96404e12@group-569FAC3F8BCE-LeaderElection257] INFO  impl.LeaderElection (LeaderElection.java:askForVotes(178)) - 277b5c5e-8c6f-4c9a-a53f-1bbc96404e12@group-569FAC3F8BCE-LeaderElection257: begin an election at term 259 for -1: [a32408a4-f19d-4bad-97c5-ba33ae94fc9a:192.168.157.254:38721, 6b24a2ab-97ee-4d49-85cc-2d76c2f4b8ef:192.168.157.254:41080, 277b5c5e-8c6f-4c9a-a53f-1bbc96404e12:192.168.157.254:41416], old=null
2019-10-16 21:55:28,457 [grpc-default-executor-1] INFO  impl.RaftServerImpl (RaftServerImpl.java:setRole(184)) - a32408a4-f19d-4bad-97c5-ba33ae94fc9a@group-569FAC3F8BCE: changes role from  FOLLOWER to FOLLOWER at term 259 for recognizeCandidate:277b5c5e-8c6f-4c9a-a53f-1bbc96404e12
2019-10-16 21:55:28,457 [grpc-default-executor-1] INFO  impl.RoleInfo (RoleInfo.java:shutdownFollowerState(121)) - a32408a4-f19d-4bad-97c5-ba33ae94fc9a: shutdown FollowerState
2019-10-16 21:55:28,457 [grpc-default-executor-0] INFO  impl.RaftServerImpl (RaftServerImpl.java:setRole(184)) - 6b24a2ab-97ee-4d49-85cc-2d76c2f4b8ef@group-569FAC3F8BCE: changes role from  FOLLOWER to FOLLOWER at term 259 for recognizeCandidate:277b5c5e-8c6f-4c9a-a53f-1bbc96404e12
2019-10-16 21:55:28,457 [Thread-1838] INFO  impl.FollowerState (FollowerState.java:run(117)) - a32408a4-f19d-4bad-97c5-ba33ae94fc9a@group-569FAC3F8BCE-FollowerState was interrupted: java.lang.InterruptedException: sleep interrupted
2019-10-16 21:55:28,457 [grpc-default-executor-1] INFO  impl.RoleInfo (RoleInfo.java:updateAndGet(143)) - a32408a4-f19d-4bad-97c5-ba33ae94fc9a: start FollowerState
2019-10-16 21:55:28,457 [grpc-default-executor-0] INFO  impl.RoleInfo (RoleInfo.java:shutdownFollowerState(121)) - 6b24a2ab-97ee-4d49-85cc-2d76c2f4b8ef: shutdown FollowerState
2019-10-16 21:55:28,458 [grpc-default-executor-0] INFO  impl.RoleInfo (RoleInfo.java:updateAndGet(143)) - 6b24a2ab-97ee-4d49-85cc-2d76c2f4b8ef: start FollowerState
2019-10-16 21:55:28,458 [Thread-1839] INFO  impl.FollowerState (FollowerState.java:run(117)) - 6b24a2ab-97ee-4d49-85cc-2d76c2f4b8ef@group-569FAC3F8BCE-FollowerState was interrupted: java.lang.InterruptedException: sleep interrupted
2019-10-16 21:55:28,475 [277b5c5e-8c6f-4c9a-a53f-1bbc96404e12@group-569FAC3F8BCE-LeaderElection257] INFO  impl.LeaderElection (LeaderElection.java:logAndReturn(56)) - 277b5c5e-8c6f-4c9a-a53f-1bbc96404e12@group-569FAC3F8BCE-LeaderElection257: Election REJECTED; received 2 response(s) [277b5c5e-8c6f-4c9a-a53f-1bbc96404e12<-6b24a2ab-97ee-4d49-85cc-2d76c2f4b8ef#0:FAIL-t259, 277b5c5e-8c6f-4c9a-a53f-1bbc96404e12<-a32408a4-f19d-4bad-97c5-ba33ae94fc9a#0:FAIL-t259] and 0 exception(s); 277b5c5e-8c6f-4c9a-a53f-1bbc96404e12@group-569FAC3F8BCE:t259, leader=null, voted=277b5c5e-8c6f-4c9a-a53f-1bbc96404e12, raftlog=277b5c5e-8c6f-4c9a-a53f-1bbc96404e12@group-569FAC3F8BCE-SegmentedRaftLog:OPENED:c-1,f-1,i0, conf=-1: [a32408a4-f19d-4bad-97c5-ba33ae94fc9a:192.168.157.254:38721, 6b24a2ab-97ee-4d49-85cc-2d76c2f4b8ef:192.168.157.254:41080, 277b5c5e-8c6f-4c9a-a53f-1bbc96404e12:192.168.157.254:41416], old=null
2019-10-16 21:55:28,476 [277b5c5e-8c6f-4c9a-a53f-1bbc96404e12@group-569FAC3F8BCE-LeaderElection257] INFO  impl.RaftServerImpl (RaftServerImpl.java:setRole(184)) - 277b5c5e-8c6f-4c9a-a53f-1bbc96404e12@group-569FAC3F8BCE: changes role from CANDIDATE to FOLLOWER at term 259 for DISCOVERED_A_NEW_TERM
2019-10-16 21:55:28,476 [277b5c5e-8c6f-4c9a-a53f-1bbc96404e12@group-569FAC3F8BCE-LeaderElection257] INFO  impl.RoleInfo (RoleInfo.java:shutdownLeaderElection(134)) - 277b5c5e-8c6f-4c9a-a53f-1bbc96404e12: shutdown LeaderElection
2019-10-16 21:55:28,476 [277b5c5e-8c6f-4c9a-a53f-1bbc96404e12@group-569FAC3F8BCE-LeaderElection257] INFO  impl.RoleInfo (RoleInfo.java:updateAndGet(143)) - 277b5c5e-8c6f-4c9a-a53f-1bbc96404e12: start FollowerState
2019-10-16 21:55:28,500 [Thread-1846] INFO  impl.FollowerState (FollowerState.java:run(108)) - 277b5c5e-8c6f-4c9a-a53f-1bbc96404e12@group-569FAC3F8BCE-FollowerState: change to CANDIDATE, lastRpcTime:24ms, electionTimeout:24ms
2019-10-16 21:55:28,500 [Thread-1846] INFO  impl.RoleInfo (RoleInfo.java:shutdownFollowerState(121)) - 277b5c5e-8c6f-4c9a-a53f-1bbc96404e12: shutdown FollowerState
2019-10-16 21:55:28,501 [Thread-1846] INFO  impl.RaftServerImpl (RaftServerImpl.java:setRole(184)) - 277b5c5e-8c6f-4c9a-a53f-1bbc96404e12@group-569FAC3F8BCE: changes role from  FOLLOWER to CANDIDATE at term 259 for changeToCandidate
2019-10-16 21:55:28,501 [Thread-1846] INFO  impl.RoleInfo (RoleInfo.java:updateAndGet(143)) - 277b5c5e-8c6f-4c9a-a53f-1bbc96404e12: start LeaderElection
2019-10-16 21:55:28,516 [277b5c5e-8c6f-4c9a-a53f-1bbc96404e12@group-569FAC3F8BCE-LeaderElection258] INFO  impl.LeaderElection (LeaderElection.java:askForVotes(178)) - 277b5c5e-8c6f-4c9a-a53f-1bbc96404e12@group-569FAC3F8BCE-LeaderElection258: begin an election at term 260 for -1: [a32408a4-f19d-4bad-97c5-ba33ae94fc9a:192.168.157.254:38721, 6b24a2ab-97ee-4d49-85cc-2d76c2f4b8ef:192.168.157.254:41080, 277b5c5e-8c6f-4c9a-a53f-1bbc96404e12:192.168.157.254:41416], old=null
2019-10-16 21:55:28,518 [grpc-default-executor-1] INFO  impl.RaftServerImpl (RaftServerImpl.java:setRole(184)) - a32408a4-f19d-4bad-97c5-ba33ae94fc9a@group-569FAC3F8BCE: changes role from  FOLLOWER to FOLLOWER at term 260 for recognizeCandidate:277b5c5e-8c6f-4c9a-a53f-1bbc96404e12
2019-10-16 21:55:28,518 [grpc-default-executor-1] INFO  impl.RoleInfo (RoleInfo.java:shutdownFollowerState(121)) - a32408a4-f19d-4bad-97c5-ba33ae94fc9a: shutdown FollowerState
2019-10-16 21:55:28,518 [grpc-default-executor-0] INFO  impl.RaftServerImpl (RaftServerImpl.java:setRole(184)) - 6b24a2ab-97ee-4d49-85cc-2d76c2f4b8ef@group-569FAC3F8BCE: changes role from  FOLLOWER to FOLLOWER at term 260 for recognizeCandidate:277b5c5e-8c6f-4c9a-a53f-1bbc96404e12
2019-10-16 21:55:28,519 [grpc-default-executor-0] INFO  impl.RoleInfo (RoleInfo.java:shutdownFollowerState(121)) - 6b24a2ab-97ee-4d49-85cc-2d76c2f4b8ef: shutdown FollowerState
2019-10-16 21:55:28,518 [Thread-1844] INFO  impl.FollowerState (FollowerState.java:run(117)) - a32408a4-f19d-4bad-97c5-ba33ae94fc9a@group-569FAC3F8BCE-FollowerState was interrupted: java.lang.InterruptedException: sleep interrupted
2019-10-16 21:55:28,518 [grpc-default-executor-1] INFO  impl.RoleInfo (RoleInfo.java:updateAndGet(143)) - a32408a4-f19d-4bad-97c5-ba33ae94fc9a: start FollowerState
2019-10-16 21:55:28,519 [Thread-1845] INFO  impl.FollowerState (FollowerState.java:run(117)) - 6b24a2ab-97ee-4d49-85cc-2d76c2f4b8ef@group-569FAC3F8BCE-FollowerState was interrupted: java.lang.InterruptedException: sleep interrupted
2019-10-16 21:55:28,519 [grpc-default-executor-0] INFO  impl.RoleInfo (RoleInfo.java:updateAndGet(143)) - 6b24a2ab-97ee-4d49-85cc-2d76c2f4b8ef: start FollowerState
2019-10-16 21:55:28,530 [277b5c5e-8c6f-4c9a-a53f-1bbc96404e12@group-569FAC3F8BCE-LeaderElection258] INFO  impl.LeaderElection (LeaderElection.java:logAndReturn(56)) - 277b5c5e-8c6f-4c9a-a53f-1bbc96404e12@group-569FAC3F8BCE-LeaderElection258: Election TIMEOUT; received 0 response(s) [] and 0 exception(s); 277b5c5e-8c6f-4c9a-a53f-1bbc96404e12@group-569FAC3F8BCE:t260, leader=null, voted=277b5c5e-8c6f-4c9a-a53f-1bbc96404e12, raftlog=277b5c5e-8c6f-4c9a-a53f-1bbc96404e12@group-569FAC3F8BCE-SegmentedRaftLog:OPENED:c-1,f-1,i0, conf=-1: [a32408a4-f19d-4bad-97c5-ba33ae94fc9a:192.168.157.254:38721, 6b24a2ab-97ee-4d49-85cc-2d76c2f4b8ef:192.168.157.254:41080, 277b5c5e-8c6f-4c9a-a53f-1bbc96404e12:192.168.157.254:41416], old=null
2019-10-16 21:55:28,548 [277b5c5e-8c6f-4c9a-a53f-1bbc96404e12@group-569FAC3F8BCE-LeaderElection258] INFO  impl.LeaderElection (LeaderElection.java:askForVotes(178)) - 277b5c5e-8c6f-4c9a-a53f-1bbc96404e12@group-569FAC3F8BCE-LeaderElection258: begin an election at term 261 for -1: [a32408a4-f19d-4bad-97c5-ba33ae94fc9a:192.168.157.254:38721, 6b24a2ab-97ee-4d49-85cc-2d76c2f4b8ef:192.168.157.254:41080, 277b5c5e-8c6f-4c9a-a53f-1bbc96404e12:192.168.157.254:41416], old=null
2019-10-16 21:55:28,549 [grpc-default-executor-0] INFO  impl.RaftServerImpl (RaftServerImpl.java:setRole(184)) - a32408a4-f19d-4bad-97c5-ba33ae94fc9a@group-569FAC3F8BCE: changes role from  FOLLOWER to FOLLOWER at term 261 for recognizeCandidate:277b5c5e-8c6f-4c9a-a53f-1bbc96404e12
2019-10-16 21:55:28,550 [grpc-default-executor-0] INFO  impl.RoleInfo (RoleInfo.java:shutdownFollowerState(121)) - a32408a4-f19d-4bad-97c5-ba33ae94fc9a: shutdown FollowerState
2019-10-16 21:55:28,550 [grpc-default-executor-0] INFO  impl.RoleInfo (RoleInfo.java:updateAndGet(143)) - a32408a4-f19d-4bad-97c5-ba33ae94fc9a: start FollowerState
2019-10-16 21:55:28,550 [Thread-1850] INFO  impl.FollowerState (FollowerState.java:run(117)) - a32408a4-f19d-4bad-97c5-ba33ae94fc9a@group-569FAC3F8BCE-FollowerState was interrupted: java.lang.InterruptedException: sleep interrupted
2019-10-16 21:55:28,550 [grpc-default-executor-1] INFO  impl.RaftServerImpl (RaftServerImpl.java:setRole(184)) - 6b24a2ab-97ee-4d49-85cc-2d76c2f4b8ef@group-569FAC3F8BCE: changes role from  FOLLOWER to FOLLOWER at term 261 for recognizeCandidate:277b5c5e-8c6f-4c9a-a53f-1bbc96404e12
2019-10-16 21:55:28,550 [grpc-default-executor-1] INFO  impl.RoleInfo (RoleInfo.java:shutdownFollowerState(121)) - 6b24a2ab-97ee-4d49-85cc-2d76c2f4b8ef: shutdown FollowerState
2019-10-16 21:55:28,550 [grpc-default-executor-1] INFO  impl.RoleInfo (RoleInfo.java:updateAndGet(143)) - 6b24a2ab-97ee-4d49-85cc-2d76c2f4b8ef: start FollowerState
2019-10-16 21:55:28,550 [Thread-1851] INFO  impl.FollowerState (FollowerState.java:run(117)) - 6b24a2ab-97ee-4d49-85cc-2d76c2f4b8ef@group-569FAC3F8BCE-FollowerState was interrupted: java.lang.InterruptedException: sleep interrupted
2019-10-16 21:55:28,564 [277b5c5e-8c6f-4c9a-a53f-1bbc96404e12@group-569FAC3F8BCE-LeaderElection258] INFO  impl.LeaderElection (LeaderElection.java:logAndReturn(56)) - 277b5c5e-8c6f-4c9a-a53f-1bbc96404e12@group-569FAC3F8BCE-LeaderElection258: Election REJECTED; received 2 response(s) [277b5c5e-8c6f-4c9a-a53f-1bbc96404e12<-a32408a4-f19d-4bad-97c5-ba33ae94fc9a#0:FAIL-t261, 277b5c5e-8c6f-4c9a-a53f-1bbc96404e12<-6b24a2ab-97ee-4d49-85cc-2d76c2f4b8ef#0:FAIL-t261] and 0 exception(s); 277b5c5e-8c6f-4c9a-a53f-1bbc96404e12@group-569FAC3F8BCE:t261, leader=null, voted=277b5c5e-8c6f-4c9a-a53f-1bbc96404e12, raftlog=277b5c5e-8c6f-4c9a-a53f-1bbc96404e12@group-569FAC3F8BCE-SegmentedRaftLog:OPENED:c-1,f-1,i0, conf=-1: [a32408a4-f19d-4bad-97c5-ba33ae94fc9a:192.168.157.254:38721, 6b24a2ab-97ee-4d49-85cc-2d76c2f4b8ef:192.168.157.254:41080, 277b5c5e-8c6f-4c9a-a53f-1bbc96404e12:192.168.157.254:41416], old=null
2019-10-16 21:55:28,564 [277b5c5e-8c6f-4c9a-a53f-1bbc96404e12@group-569FAC3F8BCE-LeaderElection258] INFO  impl.RaftServerImpl (RaftServerImpl.java:setRole(184)) - 277b5c5e-8c6f-4c9a-a53f-1bbc96404e12@group-569FAC3F8BCE: changes role from CANDIDATE to FOLLOWER at term 261 for DISCOVERED_A_NEW_TERM
2019-10-16 21:55:28,565 [277b5c5e-8c6f-4c9a-a53f-1bbc96404e12@group-569FAC3F8BCE-LeaderElection258] INFO  impl.RoleInfo (RoleInfo.java:shutdownLeaderElection(134)) - 277b5c5e-8c6f-4c9a-a53f-1bbc96404e12: shutdown LeaderElection
2019-10-16 21:55:28,565 [277b5c5e-8c6f-4c9a-a53f-1bbc96404e12@group-569FAC3F8BCE-LeaderElection258] INFO  impl.RoleInfo (RoleInfo.java:updateAndGet(143)) - 277b5c5e-8c6f-4c9a-a53f-1bbc96404e12: start FollowerState
2019-10-16 21:55:28,574 [Thread-0] INFO  ozone.MiniOzoneClusterImpl (MiniOzoneClusterImpl.java:lambda$waitForClusterToBeReady$2(164)) - Waiting for 1 number of pipelines out of 4, to report a leader.
2019-10-16 21:55:28,623 [Thread-1856] INFO  impl.FollowerState (FollowerState.java:run(108)) - 277b5c5e-8c6f-4c9a-a53f-1bbc96404e12@group-569FAC3F8BCE-FollowerState: change to CANDIDATE, lastRpcTime:58ms, electionTimeout:58ms
2019-10-16 21:55:28,623 [Thread-1856] INFO  impl.RoleInfo (RoleInfo.java:shutdownFollowerState(121)) - 277b5c5e-8c6f-4c9a-a53f-1bbc96404e12: shutdown FollowerState
2019-10-16 21:55:28,624 [Thread-1856] INFO  impl.RaftServerImpl (RaftServerImpl.java:setRole(184)) - 277b5c5e-8c6f-4c9a-a53f-1bbc96404e12@group-569FAC3F8BCE: changes role from  FOLLOWER to CANDIDATE at term 261 for changeToCandidate
2019-10-16 21:55:28,624 [Thread-1856] INFO  impl.RoleInfo (RoleInfo.java:updateAndGet(143)) - 277b5c5e-8c6f-4c9a-a53f-1bbc96404e12: start LeaderElection
2019-10-16 21:55:28,638 [277b5c5e-8c6f-4c9a-a53f-1bbc96404e12@group-569FAC3F8BCE-LeaderElection259] INFO  impl.LeaderElection (LeaderElection.java:askForVotes(178)) - 277b5c5e-8c6f-4c9a-a53f-1bbc96404e12@group-569FAC3F8BCE-LeaderElection259: begin an election at term 262 for -1: [a32408a4-f19d-4bad-97c5-ba33ae94fc9a:192.168.157.254:38721, 6b24a2ab-97ee-4d49-85cc-2d76c2f4b8ef:192.168.157.254:41080, 277b5c5e-8c6f-4c9a-a53f-1bbc96404e12:192.168.157.254:41416], old=null
2019-10-16 21:55:28,640 [grpc-default-executor-1] INFO  impl.RaftServerImpl (RaftServerImpl.java:setRole(184)) - a32408a4-f19d-4bad-97c5-ba33ae94fc9a@group-569FAC3F8BCE: changes role from  FOLLOWER to FOLLOWER at term 262 for recognizeCandidate:277b5c5e-8c6f-4c9a-a53f-1bbc96404e12
2019-10-16 21:55:28,640 [grpc-default-executor-1] INFO  impl.RoleInfo (RoleInfo.java:shutdownFollowerState(121)) - a32408a4-f19d-4bad-97c5-ba33ae94fc9a: shutdown FollowerState
2019-10-16 21:55:28,640 [grpc-default-executor-0] INFO  impl.RaftServerImpl (RaftServerImpl.java:setRole(184)) - 6b24a2ab-97ee-4d49-85cc-2d76c2f4b8ef@group-569FAC3F8BCE: changes role from  FOLLOWER to FOLLOWER at term 262 for recognizeCandidate:277b5c5e-8c6f-4c9a-a53f-1bbc96404e12
2019-10-16 21:55:28,640 [grpc-default-executor-0] INFO  impl.RoleInfo (RoleInfo.java:shutdownFollowerState(121)) - 6b24a2ab-97ee-4d49-85cc-2d76c2f4b8ef: shutdown FollowerState
2019-10-16 21:55:28,640 [Thread-1854] INFO  impl.FollowerState (FollowerState.java:run(117)) - a32408a4-f19d-4bad-97c5-ba33ae94fc9a@group-569FAC3F8BCE-FollowerState was interrupted: java.lang.InterruptedException: sleep interrupted
2019-10-16 21:55:28,640 [grpc-default-executor-1] INFO  impl.RoleInfo (RoleInfo.java:updateAndGet(143)) - a32408a4-f19d-4bad-97c5-ba33ae94fc9a: start FollowerState
2019-10-16 21:55:28,641 [Thread-1855] INFO  impl.FollowerState (FollowerState.java:run(117)) - 6b24a2ab-97ee-4d49-85cc-2d76c2f4b8ef@group-569FAC3F8BCE-FollowerState was interrupted: java.lang.InterruptedException: sleep interrupted
2019-10-16 21:55:28,641 [grpc-default-executor-0] INFO  impl.RoleInfo (RoleInfo.java:updateAndGet(143)) - 6b24a2ab-97ee-4d49-85cc-2d76c2f4b8ef: start FollowerState
2019-10-16 21:55:28,655 [277b5c5e-8c6f-4c9a-a53f-1bbc96404e12@group-569FAC3F8BCE-LeaderElection259] INFO  impl.LeaderElection (LeaderElection.java:logAndReturn(56)) - 277b5c5e-8c6f-4c9a-a53f-1bbc96404e12@group-569FAC3F8BCE-LeaderElection259: Election REJECTED; received 2 response(s) [277b5c5e-8c6f-4c9a-a53f-1bbc96404e12<-6b24a2ab-97ee-4d49-85cc-2d76c2f4b8ef#0:FAIL-t262, 277b5c5e-8c6f-4c9a-a53f-1bbc96404e12<-a32408a4-f19d-4bad-97c5-ba33ae94fc9a#0:FAIL-t262] and 0 exception(s); 277b5c5e-8c6f-4c9a-a53f-1bbc96404e12@group-569FAC3F8BCE:t262, leader=null, voted=277b5c5e-8c6f-4c9a-a53f-1bbc96404e12, raftlog=277b5c5e-8c6f-4c9a-a53f-1bbc96404e12@group-569FAC3F8BCE-SegmentedRaftLog:OPENED:c-1,f-1,i0, conf=-1: [a32408a4-f19d-4bad-97c5-ba33ae94fc9a:192.168.157.254:38721, 6b24a2ab-97ee-4d49-85cc-2d76c2f4b8ef:192.168.157.254:41080, 277b5c5e-8c6f-4c9a-a53f-1bbc96404e12:192.168.157.254:41416], old=null
2019-10-16 21:55:28,655 [277b5c5e-8c6f-4c9a-a53f-1bbc96404e12@group-569FAC3F8BCE-LeaderElection259] INFO  impl.RaftServerImpl (RaftServerImpl.java:setRole(184)) - 277b5c5e-8c6f-4c9a-a53f-1bbc96404e12@group-569FAC3F8BCE: changes role from CANDIDATE to FOLLOWER at term 262 for DISCOVERED_A_NEW_TERM
2019-10-16 21:55:28,655 [277b5c5e-8c6f-4c9a-a53f-1bbc96404e12@group-569FAC3F8BCE-LeaderElection259] INFO  impl.RoleInfo (RoleInfo.java:shutdownLeaderElection(134)) - 277b5c5e-8c6f-4c9a-a53f-1bbc96404e12: shutdown LeaderElection
2019-10-16 21:55:28,655 [277b5c5e-8c6f-4c9a-a53f-1bbc96404e12@group-569FAC3F8BCE-LeaderElection259] INFO  impl.RoleInfo (RoleInfo.java:updateAndGet(143)) - 277b5c5e-8c6f-4c9a-a53f-1bbc96404e12: start FollowerState
2019-10-16 21:55:28,791 [Thread-1862] INFO  impl.FollowerState (FollowerState.java:run(108)) - 277b5c5e-8c6f-4c9a-a53f-1bbc96404e12@group-569FAC3F8BCE-FollowerState: change to CANDIDATE, lastRpcTime:135ms, electionTimeout:135ms
2019-10-16 21:55:28,791 [Thread-1862] INFO  impl.RoleInfo (RoleInfo.java:shutdownFollowerState(121)) - 277b5c5e-8c6f-4c9a-a53f-1bbc96404e12: shutdown FollowerState
2019-10-16 21:55:28,791 [Thread-1862] INFO  impl.RaftServerImpl (RaftServerImpl.java:setRole(184)) - 277b5c5e-8c6f-4c9a-a53f-1bbc96404e12@group-569FAC3F8BCE: changes role from  FOLLOWER to CANDIDATE at term 262 for changeToCandidate
2019-10-16 21:55:28,792 [Thread-1862] INFO  impl.RoleInfo (RoleInfo.java:updateAndGet(143)) - 277b5c5e-8c6f-4c9a-a53f-1bbc96404e12: start LeaderElection
2019-10-16 21:55:28,806 [277b5c5e-8c6f-4c9a-a53f-1bbc96404e12@group-569FAC3F8BCE-LeaderElection260] INFO  impl.LeaderElection (LeaderElection.java:askForVotes(178)) - 277b5c5e-8c6f-4c9a-a53f-1bbc96404e12@group-569FAC3F8BCE-LeaderElection260: begin an election at term 263 for -1: [a32408a4-f19d-4bad-97c5-ba33ae94fc9a:192.168.157.254:38721, 6b24a2ab-97ee-4d49-85cc-2d76c2f4b8ef:192.168.157.254:41080, 277b5c5e-8c6f-4c9a-a53f-1bbc96404e12:192.168.157.254:41416], old=null
2019-10-16 21:55:28,808 [grpc-default-executor-0] INFO  impl.RaftServerImpl (RaftServerImpl.java:setRole(184)) - 6b24a2ab-97ee-4d49-85cc-2d76c2f4b8ef@group-569FAC3F8BCE: changes role from  FOLLOWER to FOLLOWER at term 263 for recognizeCandidate:277b5c5e-8c6f-4c9a-a53f-1bbc96404e12
2019-10-16 21:55:28,809 [grpc-default-executor-0] INFO  impl.RoleInfo (RoleInfo.java:shutdownFollowerState(121)) - 6b24a2ab-97ee-4d49-85cc-2d76c2f4b8ef: shutdown FollowerState
2019-10-16 21:55:28,809 [grpc-default-executor-0] INFO  impl.RoleInfo (RoleInfo.java:updateAndGet(143)) - 6b24a2ab-97ee-4d49-85cc-2d76c2f4b8ef: start FollowerState
2019-10-16 21:55:28,809 [Thread-1861] INFO  impl.FollowerState (FollowerState.java:run(117)) - 6b24a2ab-97ee-4d49-85cc-2d76c2f4b8ef@group-569FAC3F8BCE-FollowerState was interrupted: java.lang.InterruptedException: sleep interrupted
2019-10-16 21:55:28,809 [grpc-default-executor-1] INFO  impl.RaftServerImpl (RaftServerImpl.java:setRole(184)) - a32408a4-f19d-4bad-97c5-ba33ae94fc9a@group-569FAC3F8BCE: changes role from  FOLLOWER to FOLLOWER at term 263 for recognizeCandidate:277b5c5e-8c6f-4c9a-a53f-1bbc96404e12
2019-10-16 21:55:28,809 [grpc-default-executor-1] INFO  impl.RoleInfo (RoleInfo.java:shutdownFollowerState(121)) - a32408a4-f19d-4bad-97c5-ba33ae94fc9a: shutdown FollowerState
2019-10-16 21:55:28,809 [grpc-default-executor-1] INFO  impl.RoleInfo (RoleInfo.java:updateAndGet(143)) - a32408a4-f19d-4bad-97c5-ba33ae94fc9a: start FollowerState
2019-10-16 21:55:28,809 [Thread-1860] INFO  impl.FollowerState (FollowerState.java:run(117)) - a32408a4-f19d-4bad-97c5-ba33ae94fc9a@group-569FAC3F8BCE-FollowerState was interrupted: java.lang.InterruptedException: sleep interrupted
2019-10-16 21:55:28,824 [277b5c5e-8c6f-4c9a-a53f-1bbc96404e12@group-569FAC3F8BCE-LeaderElection260] INFO  impl.LeaderElection (LeaderElection.java:logAndReturn(56)) - 277b5c5e-8c6f-4c9a-a53f-1bbc96404e12@group-569FAC3F8BCE-LeaderElection260: Election REJECTED; received 2 response(s) [277b5c5e-8c6f-4c9a-a53f-1bbc96404e12<-6b24a2ab-97ee-4d49-85cc-2d76c2f4b8ef#0:FAIL-t263, 277b5c5e-8c6f-4c9a-a53f-1bbc96404e12<-a32408a4-f19d-4bad-97c5-ba33ae94fc9a#0:FAIL-t263] and 0 exception(s); 277b5c5e-8c6f-4c9a-a53f-1bbc96404e12@group-569FAC3F8BCE:t263, leader=null, voted=277b5c5e-8c6f-4c9a-a53f-1bbc96404e12, raftlog=277b5c5e-8c6f-4c9a-a53f-1bbc96404e12@group-569FAC3F8BCE-SegmentedRaftLog:OPENED:c-1,f-1,i0, conf=-1: [a32408a4-f19d-4bad-97c5-ba33ae94fc9a:192.168.157.254:38721, 6b24a2ab-97ee-4d49-85cc-2d76c2f4b8ef:192.168.157.254:41080, 277b5c5e-8c6f-4c9a-a53f-1bbc96404e12:192.168.157.254:41416], old=null
2019-10-16 21:55:28,824 [277b5c5e-8c6f-4c9a-a53f-1bbc96404e12@group-569FAC3F8BCE-LeaderElection260] INFO  impl.RaftServerImpl (RaftServerImpl.java:setRole(184)) - 277b5c5e-8c6f-4c9a-a53f-1bbc96404e12@group-569FAC3F8BCE: changes role from CANDIDATE to FOLLOWER at term 263 for DISCOVERED_A_NEW_TERM
2019-10-16 21:55:28,824 [277b5c5e-8c6f-4c9a-a53f-1bbc96404e12@group-569FAC3F8BCE-LeaderElection260] INFO  impl.RoleInfo (RoleInfo.java:shutdownLeaderElection(134)) - 277b5c5e-8c6f-4c9a-a53f-1bbc96404e12: shutdown LeaderElection
2019-10-16 21:55:28,824 [277b5c5e-8c6f-4c9a-a53f-1bbc96404e12@group-569FAC3F8BCE-LeaderElection260] INFO  impl.RoleInfo (RoleInfo.java:updateAndGet(143)) - 277b5c5e-8c6f-4c9a-a53f-1bbc96404e12: start FollowerState
2019-10-16 21:55:28,972 [Thread-1868] INFO  impl.FollowerState (FollowerState.java:run(108)) - 277b5c5e-8c6f-4c9a-a53f-1bbc96404e12@group-569FAC3F8BCE-FollowerState: change to CANDIDATE, lastRpcTime:147ms, electionTimeout:147ms
2019-10-16 21:55:28,972 [Thread-1868] INFO  impl.RoleInfo (RoleInfo.java:shutdownFollowerState(121)) - 277b5c5e-8c6f-4c9a-a53f-1bbc96404e12: shutdown FollowerState
2019-10-16 21:55:28,972 [Thread-1868] INFO  impl.RaftServerImpl (RaftServerImpl.java:setRole(184)) - 277b5c5e-8c6f-4c9a-a53f-1bbc96404e12@group-569FAC3F8BCE: changes role from  FOLLOWER to CANDIDATE at term 263 for changeToCandidate
2019-10-16 21:55:28,972 [Thread-1868] INFO  impl.RoleInfo (RoleInfo.java:updateAndGet(143)) - 277b5c5e-8c6f-4c9a-a53f-1bbc96404e12: start LeaderElection
2019-10-16 21:55:28,987 [277b5c5e-8c6f-4c9a-a53f-1bbc96404e12@group-569FAC3F8BCE-LeaderElection261] INFO  impl.LeaderElection (LeaderElection.java:askForVotes(178)) - 277b5c5e-8c6f-4c9a-a53f-1bbc96404e12@group-569FAC3F8BCE-LeaderElection261: begin an election at term 264 for -1: [a32408a4-f19d-4bad-97c5-ba33ae94fc9a:192.168.157.254:38721, 6b24a2ab-97ee-4d49-85cc-2d76c2f4b8ef:192.168.157.254:41080, 277b5c5e-8c6f-4c9a-a53f-1bbc96404e12:192.168.157.254:41416], old=null
2019-10-16 21:55:28,989 [grpc-default-executor-0] INFO  impl.RaftServerImpl (RaftServerImpl.java:setRole(184)) - a32408a4-f19d-4bad-97c5-ba33ae94fc9a@group-569FAC3F8BCE: changes role from  FOLLOWER to FOLLOWER at term 264 for recognizeCandidate:277b5c5e-8c6f-4c9a-a53f-1bbc96404e12
2019-10-16 21:55:28,989 [grpc-default-executor-0] INFO  impl.RoleInfo (RoleInfo.java:shutdownFollowerState(121)) - a32408a4-f19d-4bad-97c5-ba33ae94fc9a: shutdown FollowerState
2019-10-16 21:55:28,990 [grpc-default-executor-0] INFO  impl.RoleInfo (RoleInfo.java:updateAndGet(143)) - a32408a4-f19d-4bad-97c5-ba33ae94fc9a: start FollowerState
2019-10-16 21:55:28,990 [grpc-default-executor-1] INFO  impl.RaftServerImpl (RaftServerImpl.java:setRole(184)) - 6b24a2ab-97ee-4d49-85cc-2d76c2f4b8ef@group-569FAC3F8BCE: changes role from  FOLLOWER to FOLLOWER at term 264 for recognizeCandidate:277b5c5e-8c6f-4c9a-a53f-1bbc96404e12
2019-10-16 21:55:28,990 [Thread-1867] INFO  impl.FollowerState (FollowerState.java:run(117)) - a32408a4-f19d-4bad-97c5-ba33ae94fc9a@group-569FAC3F8BCE-FollowerState was interrupted: java.lang.InterruptedException: sleep interrupted
2019-10-16 21:55:28,990 [grpc-default-executor-1] INFO  impl.RoleInfo (RoleInfo.java:shutdownFollowerState(121)) - 6b24a2ab-97ee-4d49-85cc-2d76c2f4b8ef: shutdown FollowerState
2019-10-16 21:55:28,990 [grpc-default-executor-1] INFO  impl.RoleInfo (RoleInfo.java:updateAndGet(143)) - 6b24a2ab-97ee-4d49-85cc-2d76c2f4b8ef: start FollowerState
2019-10-16 21:55:28,990 [Thread-1866] INFO  impl.FollowerState (FollowerState.java:run(117)) - 6b24a2ab-97ee-4d49-85cc-2d76c2f4b8ef@group-569FAC3F8BCE-FollowerState was interrupted: java.lang.InterruptedException: sleep interrupted
2019-10-16 21:55:29,019 [277b5c5e-8c6f-4c9a-a53f-1bbc96404e12@group-569FAC3F8BCE-LeaderElection261] INFO  impl.LeaderElection (LeaderElection.java:logAndReturn(56)) - 277b5c5e-8c6f-4c9a-a53f-1bbc96404e12@group-569FAC3F8BCE-LeaderElection261: Election REJECTED; received 2 response(s) [277b5c5e-8c6f-4c9a-a53f-1bbc96404e12<-6b24a2ab-97ee-4d49-85cc-2d76c2f4b8ef#0:FAIL-t264, 277b5c5e-8c6f-4c9a-a53f-1bbc96404e12<-a32408a4-f19d-4bad-97c5-ba33ae94fc9a#0:FAIL-t264] and 0 exception(s); 277b5c5e-8c6f-4c9a-a53f-1bbc96404e12@group-569FAC3F8BCE:t264, leader=null, voted=277b5c5e-8c6f-4c9a-a53f-1bbc96404e12, raftlog=277b5c5e-8c6f-4c9a-a53f-1bbc96404e12@group-569FAC3F8BCE-SegmentedRaftLog:OPENED:c-1,f-1,i0, conf=-1: [a32408a4-f19d-4bad-97c5-ba33ae94fc9a:192.168.157.254:38721, 6b24a2ab-97ee-4d49-85cc-2d76c2f4b8ef:192.168.157.254:41080, 277b5c5e-8c6f-4c9a-a53f-1bbc96404e12:192.168.157.254:41416], old=null
2019-10-16 21:55:29,019 [277b5c5e-8c6f-4c9a-a53f-1bbc96404e12@group-569FAC3F8BCE-LeaderElection261] INFO  impl.RaftServerImpl (RaftServerImpl.java:setRole(184)) - 277b5c5e-8c6f-4c9a-a53f-1bbc96404e12@group-569FAC3F8BCE: changes role from CANDIDATE to FOLLOWER at term 264 for DISCOVERED_A_NEW_TERM
2019-10-16 21:55:29,019 [277b5c5e-8c6f-4c9a-a53f-1bbc96404e12@group-569FAC3F8BCE-LeaderElection261] INFO  impl.RoleInfo (RoleInfo.java:shutdownLeaderElection(134)) - 277b5c5e-8c6f-4c9a-a53f-1bbc96404e12: shutdown LeaderElection
2019-10-16 21:55:29,020 [277b5c5e-8c6f-4c9a-a53f-1bbc96404e12@group-569FAC3F8BCE-LeaderElection261] INFO  impl.RoleInfo (RoleInfo.java:updateAndGet(143)) - 277b5c5e-8c6f-4c9a-a53f-1bbc96404e12: start FollowerState
2019-10-16 21:55:29,218 [Thread-1874] INFO  impl.FollowerState (FollowerState.java:run(108)) - 277b5c5e-8c6f-4c9a-a53f-1bbc96404e12@group-569FAC3F8BCE-FollowerState: change to CANDIDATE, lastRpcTime:198ms, electionTimeout:198ms
2019-10-16 21:55:29,218 [Thread-1874] INFO  impl.RoleInfo (RoleInfo.java:shutdownFollowerState(121)) - 277b5c5e-8c6f-4c9a-a53f-1bbc96404e12: shutdown FollowerState
2019-10-16 21:55:29,218 [Thread-1874] INFO  impl.RaftServerImpl (RaftServerImpl.java:setRole(184)) - 277b5c5e-8c6f-4c9a-a53f-1bbc96404e12@group-569FAC3F8BCE: changes role from  FOLLOWER to CANDIDATE at term 264 for changeToCandidate
2019-10-16 21:55:29,219 [Thread-1874] INFO  impl.RoleInfo (RoleInfo.java:updateAndGet(143)) - 277b5c5e-8c6f-4c9a-a53f-1bbc96404e12: start LeaderElection
2019-10-16 21:55:29,226 [277b5c5e-8c6f-4c9a-a53f-1bbc96404e12@group-569FAC3F8BCE-LeaderElection262] INFO  impl.LeaderElection (LeaderElection.java:askForVotes(178)) - 277b5c5e-8c6f-4c9a-a53f-1bbc96404e12@group-569FAC3F8BCE-LeaderElection262: begin an election at term 265 for -1: [a32408a4-f19d-4bad-97c5-ba33ae94fc9a:192.168.157.254:38721, 6b24a2ab-97ee-4d49-85cc-2d76c2f4b8ef:192.168.157.254:41080, 277b5c5e-8c6f-4c9a-a53f-1bbc96404e12:192.168.157.254:41416], old=null
2019-10-16 21:55:29,229 [grpc-default-executor-1] INFO  impl.RaftServerImpl (RaftServerImpl.java:setRole(184)) - a32408a4-f19d-4bad-97c5-ba33ae94fc9a@group-569FAC3F8BCE: changes role from  FOLLOWER to FOLLOWER at term 265 for recognizeCandidate:277b5c5e-8c6f-4c9a-a53f-1bbc96404e12
2019-10-16 21:55:29,229 [grpc-default-executor-0] INFO  impl.RaftServerImpl (RaftServerImpl.java:setRole(184)) - 6b24a2ab-97ee-4d49-85cc-2d76c2f4b8ef@group-569FAC3F8BCE: changes role from  FOLLOWER to FOLLOWER at term 265 for recognizeCandidate:277b5c5e-8c6f-4c9a-a53f-1bbc96404e12
2019-10-16 21:55:29,229 [grpc-default-executor-1] INFO  impl.RoleInfo (RoleInfo.java:shutdownFollowerState(121)) - a32408a4-f19d-4bad-97c5-ba33ae94fc9a: shutdown FollowerState
2019-10-16 21:55:29,229 [grpc-default-executor-0] INFO  impl.RoleInfo (RoleInfo.java:shutdownFollowerState(121)) - 6b24a2ab-97ee-4d49-85cc-2d76c2f4b8ef: shutdown FollowerState
2019-10-16 21:55:29,230 [Thread-1872] INFO  impl.FollowerState (FollowerState.java:run(117)) - a32408a4-f19d-4bad-97c5-ba33ae94fc9a@group-569FAC3F8BCE-FollowerState was interrupted: java.lang.InterruptedException: sleep interrupted
2019-10-16 21:55:29,230 [grpc-default-executor-1] INFO  impl.RoleInfo (RoleInfo.java:updateAndGet(143)) - a32408a4-f19d-4bad-97c5-ba33ae94fc9a: start FollowerState
2019-10-16 21:55:29,230 [Thread-1873] INFO  impl.FollowerState (FollowerState.java:run(117)) - 6b24a2ab-97ee-4d49-85cc-2d76c2f4b8ef@group-569FAC3F8BCE-FollowerState was interrupted: java.lang.InterruptedException: sleep interrupted
2019-10-16 21:55:29,230 [grpc-default-executor-0] INFO  impl.RoleInfo (RoleInfo.java:updateAndGet(143)) - 6b24a2ab-97ee-4d49-85cc-2d76c2f4b8ef: start FollowerState
2019-10-16 21:55:29,237 [277b5c5e-8c6f-4c9a-a53f-1bbc96404e12@group-569FAC3F8BCE-LeaderElection262] INFO  impl.LeaderElection (LeaderElection.java:logAndReturn(56)) - 277b5c5e-8c6f-4c9a-a53f-1bbc96404e12@group-569FAC3F8BCE-LeaderElection262: Election REJECTED; received 2 response(s) [277b5c5e-8c6f-4c9a-a53f-1bbc96404e12<-6b24a2ab-97ee-4d49-85cc-2d76c2f4b8ef#0:FAIL-t265, 277b5c5e-8c6f-4c9a-a53f-1bbc96404e12<-a32408a4-f19d-4bad-97c5-ba33ae94fc9a#0:FAIL-t265] and 0 exception(s); 277b5c5e-8c6f-4c9a-a53f-1bbc96404e12@group-569FAC3F8BCE:t265, leader=null, voted=277b5c5e-8c6f-4c9a-a53f-1bbc96404e12, raftlog=277b5c5e-8c6f-4c9a-a53f-1bbc96404e12@group-569FAC3F8BCE-SegmentedRaftLog:OPENED:c-1,f-1,i0, conf=-1: [a32408a4-f19d-4bad-97c5-ba33ae94fc9a:192.168.157.254:38721, 6b24a2ab-97ee-4d49-85cc-2d76c2f4b8ef:192.168.157.254:41080, 277b5c5e-8c6f-4c9a-a53f-1bbc96404e12:192.168.157.254:41416], old=null
2019-10-16 21:55:29,237 [277b5c5e-8c6f-4c9a-a53f-1bbc96404e12@group-569FAC3F8BCE-LeaderElection262] INFO  impl.RaftServerImpl (RaftServerImpl.java:setRole(184)) - 277b5c5e-8c6f-4c9a-a53f-1bbc96404e12@group-569FAC3F8BCE: changes role from CANDIDATE to FOLLOWER at term 265 for DISCOVERED_A_NEW_TERM
2019-10-16 21:55:29,237 [277b5c5e-8c6f-4c9a-a53f-1bbc96404e12@group-569FAC3F8BCE-LeaderElection262] INFO  impl.RoleInfo (RoleInfo.java:shutdownLeaderElection(134)) - 277b5c5e-8c6f-4c9a-a53f-1bbc96404e12: shutdown LeaderElection
2019-10-16 21:55:29,238 [277b5c5e-8c6f-4c9a-a53f-1bbc96404e12@group-569FAC3F8BCE-LeaderElection262] INFO  impl.RoleInfo (RoleInfo.java:updateAndGet(143)) - 277b5c5e-8c6f-4c9a-a53f-1bbc96404e12: start FollowerState
2019-10-16 21:55:29,366 [Thread-1880] INFO  impl.FollowerState (FollowerState.java:run(108)) - 277b5c5e-8c6f-4c9a-a53f-1bbc96404e12@group-569FAC3F8BCE-FollowerState: change to CANDIDATE, lastRpcTime:128ms, electionTimeout:128ms
2019-10-16 21:55:29,366 [Thread-1880] INFO  impl.RoleInfo (RoleInfo.java:shutdownFollowerState(121)) - 277b5c5e-8c6f-4c9a-a53f-1bbc96404e12: shutdown FollowerState
2019-10-16 21:55:29,366 [Thread-1880] INFO  impl.RaftServerImpl (RaftServerImpl.java:setRole(184)) - 277b5c5e-8c6f-4c9a-a53f-1bbc96404e12@group-569FAC3F8BCE: changes role from  FOLLOWER to CANDIDATE at term 265 for changeToCandidate
2019-10-16 21:55:29,366 [Thread-1880] INFO  impl.RoleInfo (RoleInfo.java:updateAndGet(143)) - 277b5c5e-8c6f-4c9a-a53f-1bbc96404e12: start LeaderElection
2019-10-16 21:55:29,380 [277b5c5e-8c6f-4c9a-a53f-1bbc96404e12@group-569FAC3F8BCE-LeaderElection263] INFO  impl.LeaderElection (LeaderElection.java:askForVotes(178)) - 277b5c5e-8c6f-4c9a-a53f-1bbc96404e12@group-569FAC3F8BCE-LeaderElection263: begin an election at term 266 for -1: [a32408a4-f19d-4bad-97c5-ba33ae94fc9a:192.168.157.254:38721, 6b24a2ab-97ee-4d49-85cc-2d76c2f4b8ef:192.168.157.254:41080, 277b5c5e-8c6f-4c9a-a53f-1bbc96404e12:192.168.157.254:41416], old=null
2019-10-16 21:55:29,382 [grpc-default-executor-0] INFO  impl.RaftServerImpl (RaftServerImpl.java:setRole(184)) - 6b24a2ab-97ee-4d49-85cc-2d76c2f4b8ef@group-569FAC3F8BCE: changes role from  FOLLOWER to FOLLOWER at term 266 for recognizeCandidate:277b5c5e-8c6f-4c9a-a53f-1bbc96404e12
2019-10-16 21:55:29,382 [grpc-default-executor-1] INFO  impl.RaftServerImpl (RaftServerImpl.java:setRole(184)) - a32408a4-f19d-4bad-97c5-ba33ae94fc9a@group-569FAC3F8BCE: changes role from  FOLLOWER to FOLLOWER at term 266 for recognizeCandidate:277b5c5e-8c6f-4c9a-a53f-1bbc96404e12
2019-10-16 21:55:29,382 [grpc-default-executor-0] INFO  impl.RoleInfo (RoleInfo.java:shutdownFollowerState(121)) - 6b24a2ab-97ee-4d49-85cc-2d76c2f4b8ef: shutdown FollowerState
2019-10-16 21:55:29,382 [grpc-default-executor-1] INFO  impl.RoleInfo (RoleInfo.java:shutdownFollowerState(121)) - a32408a4-f19d-4bad-97c5-ba33ae94fc9a: shutdown FollowerState
2019-10-16 21:55:29,383 [Thread-1879] INFO  impl.FollowerState (FollowerState.java:run(117)) - 6b24a2ab-97ee-4d49-85cc-2d76c2f4b8ef@group-569FAC3F8BCE-FollowerState was interrupted: java.lang.InterruptedException: sleep interrupted
2019-10-16 21:55:29,383 [grpc-default-executor-0] INFO  impl.RoleInfo (RoleInfo.java:updateAndGet(143)) - 6b24a2ab-97ee-4d49-85cc-2d76c2f4b8ef: start FollowerState
2019-10-16 21:55:29,383 [Thread-1878] INFO  impl.FollowerState (FollowerState.java:run(117)) - a32408a4-f19d-4bad-97c5-ba33ae94fc9a@group-569FAC3F8BCE-FollowerState was interrupted: java.lang.InterruptedException: sleep interrupted
2019-10-16 21:55:29,383 [grpc-default-executor-1] INFO  impl.RoleInfo (RoleInfo.java:updateAndGet(143)) - a32408a4-f19d-4bad-97c5-ba33ae94fc9a: start FollowerState
2019-10-16 21:55:29,397 [277b5c5e-8c6f-4c9a-a53f-1bbc96404e12@group-569FAC3F8BCE-LeaderElection263] INFO  impl.LeaderElection (LeaderElection.java:logAndReturn(56)) - 277b5c5e-8c6f-4c9a-a53f-1bbc96404e12@group-569FAC3F8BCE-LeaderElection263: Election REJECTED; received 2 response(s) [277b5c5e-8c6f-4c9a-a53f-1bbc96404e12<-a32408a4-f19d-4bad-97c5-ba33ae94fc9a#0:FAIL-t266, 277b5c5e-8c6f-4c9a-a53f-1bbc96404e12<-6b24a2ab-97ee-4d49-85cc-2d76c2f4b8ef#0:FAIL-t266] and 0 exception(s); 277b5c5e-8c6f-4c9a-a53f-1bbc96404e12@group-569FAC3F8BCE:t266, leader=null, voted=277b5c5e-8c6f-4c9a-a53f-1bbc96404e12, raftlog=277b5c5e-8c6f-4c9a-a53f-1bbc96404e12@group-569FAC3F8BCE-SegmentedRaftLog:OPENED:c-1,f-1,i0, conf=-1: [a32408a4-f19d-4bad-97c5-ba33ae94fc9a:192.168.157.254:38721, 6b24a2ab-97ee-4d49-85cc-2d76c2f4b8ef:192.168.157.254:41080, 277b5c5e-8c6f-4c9a-a53f-1bbc96404e12:192.168.157.254:41416], old=null
2019-10-16 21:55:29,398 [277b5c5e-8c6f-4c9a-a53f-1bbc96404e12@group-569FAC3F8BCE-LeaderElection263] INFO  impl.RaftServerImpl (RaftServerImpl.java:setRole(184)) - 277b5c5e-8c6f-4c9a-a53f-1bbc96404e12@group-569FAC3F8BCE: changes role from CANDIDATE to FOLLOWER at term 266 for DISCOVERED_A_NEW_TERM
2019-10-16 21:55:29,398 [277b5c5e-8c6f-4c9a-a53f-1bbc96404e12@group-569FAC3F8BCE-LeaderElection263] INFO  impl.RoleInfo (RoleInfo.java:shutdownLeaderElection(134)) - 277b5c5e-8c6f-4c9a-a53f-1bbc96404e12: shutdown LeaderElection
2019-10-16 21:55:29,398 [277b5c5e-8c6f-4c9a-a53f-1bbc96404e12@group-569FAC3F8BCE-LeaderElection263] INFO  impl.RoleInfo (RoleInfo.java:updateAndGet(143)) - 277b5c5e-8c6f-4c9a-a53f-1bbc96404e12: start FollowerState
2019-10-16 21:55:29,554 [Thread-1886] INFO  impl.FollowerState (FollowerState.java:run(108)) - 277b5c5e-8c6f-4c9a-a53f-1bbc96404e12@group-569FAC3F8BCE-FollowerState: change to CANDIDATE, lastRpcTime:156ms, electionTimeout:156ms
2019-10-16 21:55:29,555 [Thread-1886] INFO  impl.RoleInfo (RoleInfo.java:shutdownFollowerState(121)) - 277b5c5e-8c6f-4c9a-a53f-1bbc96404e12: shutdown FollowerState
2019-10-16 21:55:29,555 [Thread-1886] INFO  impl.RaftServerImpl (RaftServerImpl.java:setRole(184)) - 277b5c5e-8c6f-4c9a-a53f-1bbc96404e12@group-569FAC3F8BCE: changes role from  FOLLOWER to CANDIDATE at term 266 for changeToCandidate
2019-10-16 21:55:29,555 [Thread-1886] INFO  impl.RoleInfo (RoleInfo.java:updateAndGet(143)) - 277b5c5e-8c6f-4c9a-a53f-1bbc96404e12: start LeaderElection
2019-10-16 21:55:29,569 [277b5c5e-8c6f-4c9a-a53f-1bbc96404e12@group-569FAC3F8BCE-LeaderElection264] INFO  impl.LeaderElection (LeaderElection.java:askForVotes(178)) - 277b5c5e-8c6f-4c9a-a53f-1bbc96404e12@group-569FAC3F8BCE-LeaderElection264: begin an election at term 267 for -1: [a32408a4-f19d-4bad-97c5-ba33ae94fc9a:192.168.157.254:38721, 6b24a2ab-97ee-4d49-85cc-2d76c2f4b8ef:192.168.157.254:41080, 277b5c5e-8c6f-4c9a-a53f-1bbc96404e12:192.168.157.254:41416], old=null
2019-10-16 21:55:29,572 [grpc-default-executor-1] INFO  impl.RaftServerImpl (RaftServerImpl.java:setRole(184)) - a32408a4-f19d-4bad-97c5-ba33ae94fc9a@group-569FAC3F8BCE: changes role from  FOLLOWER to FOLLOWER at term 267 for recognizeCandidate:277b5c5e-8c6f-4c9a-a53f-1bbc96404e12
2019-10-16 21:55:29,572 [grpc-default-executor-1] INFO  impl.RoleInfo (RoleInfo.java:shutdownFollowerState(121)) - a32408a4-f19d-4bad-97c5-ba33ae94fc9a: shutdown FollowerState
2019-10-16 21:55:29,572 [grpc-default-executor-0] INFO  impl.RaftServerImpl (RaftServerImpl.java:setRole(184)) - 6b24a2ab-97ee-4d49-85cc-2d76c2f4b8ef@group-569FAC3F8BCE: changes role from  FOLLOWER to FOLLOWER at term 267 for recognizeCandidate:277b5c5e-8c6f-4c9a-a53f-1bbc96404e12
2019-10-16 21:55:29,572 [Thread-1885] INFO  impl.FollowerState (FollowerState.java:run(117)) - a32408a4-f19d-4bad-97c5-ba33ae94fc9a@group-569FAC3F8BCE-FollowerState was interrupted: java.lang.InterruptedException: sleep interrupted
2019-10-16 21:55:29,572 [grpc-default-executor-1] INFO  impl.RoleInfo (RoleInfo.java:updateAndGet(143)) - a32408a4-f19d-4bad-97c5-ba33ae94fc9a: start FollowerState
2019-10-16 21:55:29,572 [grpc-default-executor-0] INFO  impl.RoleInfo (RoleInfo.java:shutdownFollowerState(121)) - 6b24a2ab-97ee-4d49-85cc-2d76c2f4b8ef: shutdown FollowerState
2019-10-16 21:55:29,573 [grpc-default-executor-0] INFO  impl.RoleInfo (RoleInfo.java:updateAndGet(143)) - 6b24a2ab-97ee-4d49-85cc-2d76c2f4b8ef: start FollowerState
2019-10-16 21:55:29,573 [Thread-1884] INFO  impl.FollowerState (FollowerState.java:run(117)) - 6b24a2ab-97ee-4d49-85cc-2d76c2f4b8ef@group-569FAC3F8BCE-FollowerState was interrupted: java.lang.InterruptedException: sleep interrupted
2019-10-16 21:55:29,574 [Thread-0] INFO  ozone.MiniOzoneClusterImpl (MiniOzoneClusterImpl.java:lambda$waitForClusterToBeReady$2(164)) - Waiting for 1 number of pipelines out of 4, to report a leader.
2019-10-16 21:55:29,587 [277b5c5e-8c6f-4c9a-a53f-1bbc96404e12@group-569FAC3F8BCE-LeaderElection264] INFO  impl.LeaderElection (LeaderElection.java:logAndReturn(56)) - 277b5c5e-8c6f-4c9a-a53f-1bbc96404e12@group-569FAC3F8BCE-LeaderElection264: Election REJECTED; received 2 response(s) [277b5c5e-8c6f-4c9a-a53f-1bbc96404e12<-a32408a4-f19d-4bad-97c5-ba33ae94fc9a#0:FAIL-t267, 277b5c5e-8c6f-4c9a-a53f-1bbc96404e12<-6b24a2ab-97ee-4d49-85cc-2d76c2f4b8ef#0:FAIL-t267] and 0 exception(s); 277b5c5e-8c6f-4c9a-a53f-1bbc96404e12@group-569FAC3F8BCE:t267, leader=null, voted=277b5c5e-8c6f-4c9a-a53f-1bbc96404e12, raftlog=277b5c5e-8c6f-4c9a-a53f-1bbc96404e12@group-569FAC3F8BCE-SegmentedRaftLog:OPENED:c-1,f-1,i0, conf=-1: [a32408a4-f19d-4bad-97c5-ba33ae94fc9a:192.168.157.254:38721, 6b24a2ab-97ee-4d49-85cc-2d76c2f4b8ef:192.168.157.254:41080, 277b5c5e-8c6f-4c9a-a53f-1bbc96404e12:192.168.157.254:41416], old=null
2019-10-16 21:55:29,587 [277b5c5e-8c6f-4c9a-a53f-1bbc96404e12@group-569FAC3F8BCE-LeaderElection264] INFO  impl.RaftServerImpl (RaftServerImpl.java:setRole(184)) - 277b5c5e-8c6f-4c9a-a53f-1bbc96404e12@group-569FAC3F8BCE: changes role from CANDIDATE to FOLLOWER at term 267 for DISCOVERED_A_NEW_TERM
2019-10-16 21:55:29,588 [277b5c5e-8c6f-4c9a-a53f-1bbc96404e12@group-569FAC3F8BCE-LeaderElection264] INFO  impl.RoleInfo (RoleInfo.java:shutdownLeaderElection(134)) - 277b5c5e-8c6f-4c9a-a53f-1bbc96404e12: shutdown LeaderElection
2019-10-16 21:55:29,588 [277b5c5e-8c6f-4c9a-a53f-1bbc96404e12@group-569FAC3F8BCE-LeaderElection264] INFO  impl.RoleInfo (RoleInfo.java:updateAndGet(143)) - 277b5c5e-8c6f-4c9a-a53f-1bbc96404e12: start FollowerState
2019-10-16 21:55:29,676 [Thread-1892] INFO  impl.FollowerState (FollowerState.java:run(108)) - 277b5c5e-8c6f-4c9a-a53f-1bbc96404e12@group-569FAC3F8BCE-FollowerState: change to CANDIDATE, lastRpcTime:88ms, electionTimeout:88ms
2019-10-16 21:55:29,676 [Thread-1892] INFO  impl.RoleInfo (RoleInfo.java:shutdownFollowerState(121)) - 277b5c5e-8c6f-4c9a-a53f-1bbc96404e12: shutdown FollowerState
2019-10-16 21:55:29,676 [Thread-1892] INFO  impl.RaftServerImpl (RaftServerImpl.java:setRole(184)) - 277b5c5e-8c6f-4c9a-a53f-1bbc96404e12@group-569FAC3F8BCE: changes role from  FOLLOWER to CANDIDATE at term 267 for changeToCandidate
2019-10-16 21:55:29,677 [Thread-1892] INFO  impl.RoleInfo (RoleInfo.java:updateAndGet(143)) - 277b5c5e-8c6f-4c9a-a53f-1bbc96404e12: start LeaderElection
2019-10-16 21:55:29,686 [277b5c5e-8c6f-4c9a-a53f-1bbc96404e12@group-569FAC3F8BCE-LeaderElection265] INFO  impl.LeaderElection (LeaderElection.java:askForVotes(178)) - 277b5c5e-8c6f-4c9a-a53f-1bbc96404e12@group-569FAC3F8BCE-LeaderElection265: begin an election at term 268 for -1: [a32408a4-f19d-4bad-97c5-ba33ae94fc9a:192.168.157.254:38721, 6b24a2ab-97ee-4d49-85cc-2d76c2f4b8ef:192.168.157.254:41080, 277b5c5e-8c6f-4c9a-a53f-1bbc96404e12:192.168.157.254:41416], old=null
2019-10-16 21:55:29,689 [grpc-default-executor-0] INFO  impl.RaftServerImpl (RaftServerImpl.java:setRole(184)) - a32408a4-f19d-4bad-97c5-ba33ae94fc9a@group-569FAC3F8BCE: changes role from  FOLLOWER to FOLLOWER at term 268 for recognizeCandidate:277b5c5e-8c6f-4c9a-a53f-1bbc96404e12
2019-10-16 21:55:29,689 [grpc-default-executor-0] INFO  impl.RoleInfo (RoleInfo.java:shutdownFollowerState(121)) - a32408a4-f19d-4bad-97c5-ba33ae94fc9a: shutdown FollowerState
2019-10-16 21:55:29,689 [grpc-default-executor-0] INFO  impl.RoleInfo (RoleInfo.java:updateAndGet(143)) - a32408a4-f19d-4bad-97c5-ba33ae94fc9a: start FollowerState
2019-10-16 21:55:29,689 [Thread-1890] INFO  impl.FollowerState (FollowerState.java:run(117)) - a32408a4-f19d-4bad-97c5-ba33ae94fc9a@group-569FAC3F8BCE-FollowerState was interrupted: java.lang.InterruptedException: sleep interrupted
2019-10-16 21:55:29,690 [grpc-default-executor-1] INFO  impl.RaftServerImpl (RaftServerImpl.java:setRole(184)) - 6b24a2ab-97ee-4d49-85cc-2d76c2f4b8ef@group-569FAC3F8BCE: changes role from  FOLLOWER to FOLLOWER at term 268 for recognizeCandidate:277b5c5e-8c6f-4c9a-a53f-1bbc96404e12
2019-10-16 21:55:29,690 [grpc-default-executor-1] INFO  impl.RoleInfo (RoleInfo.java:shutdownFollowerState(121)) - 6b24a2ab-97ee-4d49-85cc-2d76c2f4b8ef: shutdown FollowerState
2019-10-16 21:55:29,690 [grpc-default-executor-1] INFO  impl.RoleInfo (RoleInfo.java:updateAndGet(143)) - 6b24a2ab-97ee-4d49-85cc-2d76c2f4b8ef: start FollowerState
2019-10-16 21:55:29,690 [Thread-1891] INFO  impl.FollowerState (FollowerState.java:run(117)) - 6b24a2ab-97ee-4d49-85cc-2d76c2f4b8ef@group-569FAC3F8BCE-FollowerState was interrupted: java.lang.InterruptedException: sleep interrupted
2019-10-16 21:55:29,703 [277b5c5e-8c6f-4c9a-a53f-1bbc96404e12@group-569FAC3F8BCE-LeaderElection265] INFO  impl.LeaderElection (LeaderElection.java:logAndReturn(56)) - 277b5c5e-8c6f-4c9a-a53f-1bbc96404e12@group-569FAC3F8BCE-LeaderElection265: Election TIMEOUT; received 0 response(s) [] and 0 exception(s); 277b5c5e-8c6f-4c9a-a53f-1bbc96404e12@group-569FAC3F8BCE:t268, leader=null, voted=277b5c5e-8c6f-4c9a-a53f-1bbc96404e12, raftlog=277b5c5e-8c6f-4c9a-a53f-1bbc96404e12@group-569FAC3F8BCE-SegmentedRaftLog:OPENED:c-1,f-1,i0, conf=-1: [a32408a4-f19d-4bad-97c5-ba33ae94fc9a:192.168.157.254:38721, 6b24a2ab-97ee-4d49-85cc-2d76c2f4b8ef:192.168.157.254:41080, 277b5c5e-8c6f-4c9a-a53f-1bbc96404e12:192.168.157.254:41416], old=null
2019-10-16 21:55:29,728 [277b5c5e-8c6f-4c9a-a53f-1bbc96404e12@group-569FAC3F8BCE-LeaderElection265] INFO  impl.LeaderElection (LeaderElection.java:askForVotes(178)) - 277b5c5e-8c6f-4c9a-a53f-1bbc96404e12@group-569FAC3F8BCE-LeaderElection265: begin an election at term 269 for -1: [a32408a4-f19d-4bad-97c5-ba33ae94fc9a:192.168.157.254:38721, 6b24a2ab-97ee-4d49-85cc-2d76c2f4b8ef:192.168.157.254:41080, 277b5c5e-8c6f-4c9a-a53f-1bbc96404e12:192.168.157.254:41416], old=null
2019-10-16 21:55:29,731 [grpc-default-executor-0] INFO  impl.RaftServerImpl (RaftServerImpl.java:setRole(184)) - a32408a4-f19d-4bad-97c5-ba33ae94fc9a@group-569FAC3F8BCE: changes role from  FOLLOWER to FOLLOWER at term 269 for recognizeCandidate:277b5c5e-8c6f-4c9a-a53f-1bbc96404e12
2019-10-16 21:55:29,731 [grpc-default-executor-0] INFO  impl.RoleInfo (RoleInfo.java:shutdownFollowerState(121)) - a32408a4-f19d-4bad-97c5-ba33ae94fc9a: shutdown FollowerState
2019-10-16 21:55:29,731 [grpc-default-executor-0] INFO  impl.RoleInfo (RoleInfo.java:updateAndGet(143)) - a32408a4-f19d-4bad-97c5-ba33ae94fc9a: start FollowerState
2019-10-16 21:55:29,731 [grpc-default-executor-1] INFO  impl.RaftServerImpl (RaftServerImpl.java:setRole(184)) - 6b24a2ab-97ee-4d49-85cc-2d76c2f4b8ef@group-569FAC3F8BCE: changes role from  FOLLOWER to FOLLOWER at term 269 for recognizeCandidate:277b5c5e-8c6f-4c9a-a53f-1bbc96404e12
2019-10-16 21:55:29,731 [Thread-1896] INFO  impl.FollowerState (FollowerState.java:run(117)) - a32408a4-f19d-4bad-97c5-ba33ae94fc9a@group-569FAC3F8BCE-FollowerState was interrupted: java.lang.InterruptedException: sleep interrupted
2019-10-16 21:55:29,731 [grpc-default-executor-1] INFO  impl.RoleInfo (RoleInfo.java:shutdownFollowerState(121)) - 6b24a2ab-97ee-4d49-85cc-2d76c2f4b8ef: shutdown FollowerState
2019-10-16 21:55:29,731 [grpc-default-executor-1] INFO  impl.RoleInfo (RoleInfo.java:updateAndGet(143)) - 6b24a2ab-97ee-4d49-85cc-2d76c2f4b8ef: start FollowerState
2019-10-16 21:55:29,732 [Thread-1897] INFO  impl.FollowerState (FollowerState.java:run(117)) - 6b24a2ab-97ee-4d49-85cc-2d76c2f4b8ef@group-569FAC3F8BCE-FollowerState was interrupted: java.lang.InterruptedException: sleep interrupted
2019-10-16 21:55:29,758 [277b5c5e-8c6f-4c9a-a53f-1bbc96404e12@group-569FAC3F8BCE-LeaderElection265] INFO  impl.LeaderElection (LeaderElection.java:logAndReturn(56)) - 277b5c5e-8c6f-4c9a-a53f-1bbc96404e12@group-569FAC3F8BCE-LeaderElection265: Election REJECTED; received 2 response(s) [277b5c5e-8c6f-4c9a-a53f-1bbc96404e12<-a32408a4-f19d-4bad-97c5-ba33ae94fc9a#0:FAIL-t269, 277b5c5e-8c6f-4c9a-a53f-1bbc96404e12<-6b24a2ab-97ee-4d49-85cc-2d76c2f4b8ef#0:FAIL-t269] and 0 exception(s); 277b5c5e-8c6f-4c9a-a53f-1bbc96404e12@group-569FAC3F8BCE:t269, leader=null, voted=277b5c5e-8c6f-4c9a-a53f-1bbc96404e12, raftlog=277b5c5e-8c6f-4c9a-a53f-1bbc96404e12@group-569FAC3F8BCE-SegmentedRaftLog:OPENED:c-1,f-1,i0, conf=-1: [a32408a4-f19d-4bad-97c5-ba33ae94fc9a:192.168.157.254:38721, 6b24a2ab-97ee-4d49-85cc-2d76c2f4b8ef:192.168.157.254:41080, 277b5c5e-8c6f-4c9a-a53f-1bbc96404e12:192.168.157.254:41416], old=null
2019-10-16 21:55:29,758 [277b5c5e-8c6f-4c9a-a53f-1bbc96404e12@group-569FAC3F8BCE-LeaderElection265] INFO  impl.RaftServerImpl (RaftServerImpl.java:setRole(184)) - 277b5c5e-8c6f-4c9a-a53f-1bbc96404e12@group-569FAC3F8BCE: changes role from CANDIDATE to FOLLOWER at term 269 for DISCOVERED_A_NEW_TERM
2019-10-16 21:55:29,758 [277b5c5e-8c6f-4c9a-a53f-1bbc96404e12@group-569FAC3F8BCE-LeaderElection265] INFO  impl.RoleInfo (RoleInfo.java:shutdownLeaderElection(134)) - 277b5c5e-8c6f-4c9a-a53f-1bbc96404e12: shutdown LeaderElection
2019-10-16 21:55:29,758 [277b5c5e-8c6f-4c9a-a53f-1bbc96404e12@group-569FAC3F8BCE-LeaderElection265] INFO  impl.RoleInfo (RoleInfo.java:updateAndGet(143)) - 277b5c5e-8c6f-4c9a-a53f-1bbc96404e12: start FollowerState
2019-10-16 21:55:29,759 [Thread-1902] INFO  impl.FollowerState (FollowerState.java:run(108)) - 277b5c5e-8c6f-4c9a-a53f-1bbc96404e12@group-569FAC3F8BCE-FollowerState: change to CANDIDATE, lastRpcTime:1ms, electionTimeout:1ms
2019-10-16 21:55:29,760 [Thread-1902] INFO  impl.RoleInfo (RoleInfo.java:shutdownFollowerState(121)) - 277b5c5e-8c6f-4c9a-a53f-1bbc96404e12: shutdown FollowerState
2019-10-16 21:55:29,760 [Thread-1902] INFO  impl.RaftServerImpl (RaftServerImpl.java:setRole(184)) - 277b5c5e-8c6f-4c9a-a53f-1bbc96404e12@group-569FAC3F8BCE: changes role from  FOLLOWER to CANDIDATE at term 269 for changeToCandidate
2019-10-16 21:55:29,760 [Thread-1902] INFO  impl.RoleInfo (RoleInfo.java:updateAndGet(143)) - 277b5c5e-8c6f-4c9a-a53f-1bbc96404e12: start LeaderElection
2019-10-16 21:55:29,770 [277b5c5e-8c6f-4c9a-a53f-1bbc96404e12@group-569FAC3F8BCE-LeaderElection266] INFO  impl.LeaderElection (LeaderElection.java:askForVotes(178)) - 277b5c5e-8c6f-4c9a-a53f-1bbc96404e12@group-569FAC3F8BCE-LeaderElection266: begin an election at term 270 for -1: [a32408a4-f19d-4bad-97c5-ba33ae94fc9a:192.168.157.254:38721, 6b24a2ab-97ee-4d49-85cc-2d76c2f4b8ef:192.168.157.254:41080, 277b5c5e-8c6f-4c9a-a53f-1bbc96404e12:192.168.157.254:41416], old=null
2019-10-16 21:55:29,772 [grpc-default-executor-1] INFO  impl.RaftServerImpl (RaftServerImpl.java:setRole(184)) - a32408a4-f19d-4bad-97c5-ba33ae94fc9a@group-569FAC3F8BCE: changes role from  FOLLOWER to FOLLOWER at term 270 for recognizeCandidate:277b5c5e-8c6f-4c9a-a53f-1bbc96404e12
2019-10-16 21:55:29,772 [grpc-default-executor-1] INFO  impl.RoleInfo (RoleInfo.java:shutdownFollowerState(121)) - a32408a4-f19d-4bad-97c5-ba33ae94fc9a: shutdown FollowerState
2019-10-16 21:55:29,772 [grpc-default-executor-1] INFO  impl.RoleInfo (RoleInfo.java:updateAndGet(143)) - a32408a4-f19d-4bad-97c5-ba33ae94fc9a: start FollowerState
2019-10-16 21:55:29,772 [Thread-1900] INFO  impl.FollowerState (FollowerState.java:run(117)) - a32408a4-f19d-4bad-97c5-ba33ae94fc9a@group-569FAC3F8BCE-FollowerState was interrupted: java.lang.InterruptedException: sleep interrupted
2019-10-16 21:55:29,772 [grpc-default-executor-0] INFO  impl.RaftServerImpl (RaftServerImpl.java:setRole(184)) - 6b24a2ab-97ee-4d49-85cc-2d76c2f4b8ef@group-569FAC3F8BCE: changes role from  FOLLOWER to FOLLOWER at term 270 for recognizeCandidate:277b5c5e-8c6f-4c9a-a53f-1bbc96404e12
2019-10-16 21:55:29,773 [grpc-default-executor-0] INFO  impl.RoleInfo (RoleInfo.java:shutdownFollowerState(121)) - 6b24a2ab-97ee-4d49-85cc-2d76c2f4b8ef: shutdown FollowerState
2019-10-16 21:55:29,773 [Thread-1901] INFO  impl.FollowerState (FollowerState.java:run(117)) - 6b24a2ab-97ee-4d49-85cc-2d76c2f4b8ef@group-569FAC3F8BCE-FollowerState was interrupted: java.lang.InterruptedException: sleep interrupted
2019-10-16 21:55:29,773 [grpc-default-executor-0] INFO  impl.RoleInfo (RoleInfo.java:updateAndGet(143)) - 6b24a2ab-97ee-4d49-85cc-2d76c2f4b8ef: start FollowerState
2019-10-16 21:55:29,816 [277b5c5e-8c6f-4c9a-a53f-1bbc96404e12@group-569FAC3F8BCE-LeaderElection266] INFO  impl.LeaderElection (LeaderElection.java:logAndReturn(56)) - 277b5c5e-8c6f-4c9a-a53f-1bbc96404e12@group-569FAC3F8BCE-LeaderElection266: Election REJECTED; received 2 response(s) [277b5c5e-8c6f-4c9a-a53f-1bbc96404e12<-a32408a4-f19d-4bad-97c5-ba33ae94fc9a#0:FAIL-t270, 277b5c5e-8c6f-4c9a-a53f-1bbc96404e12<-6b24a2ab-97ee-4d49-85cc-2d76c2f4b8ef#0:FAIL-t270] and 0 exception(s); 277b5c5e-8c6f-4c9a-a53f-1bbc96404e12@group-569FAC3F8BCE:t270, leader=null, voted=277b5c5e-8c6f-4c9a-a53f-1bbc96404e12, raftlog=277b5c5e-8c6f-4c9a-a53f-1bbc96404e12@group-569FAC3F8BCE-SegmentedRaftLog:OPENED:c-1,f-1,i0, conf=-1: [a32408a4-f19d-4bad-97c5-ba33ae94fc9a:192.168.157.254:38721, 6b24a2ab-97ee-4d49-85cc-2d76c2f4b8ef:192.168.157.254:41080, 277b5c5e-8c6f-4c9a-a53f-1bbc96404e12:192.168.157.254:41416], old=null
2019-10-16 21:55:29,816 [277b5c5e-8c6f-4c9a-a53f-1bbc96404e12@group-569FAC3F8BCE-LeaderElection266] INFO  impl.RaftServerImpl (RaftServerImpl.java:setRole(184)) - 277b5c5e-8c6f-4c9a-a53f-1bbc96404e12@group-569FAC3F8BCE: changes role from CANDIDATE to FOLLOWER at term 270 for DISCOVERED_A_NEW_TERM
2019-10-16 21:55:29,816 [277b5c5e-8c6f-4c9a-a53f-1bbc96404e12@group-569FAC3F8BCE-LeaderElection266] INFO  impl.RoleInfo (RoleInfo.java:shutdownLeaderElection(134)) - 277b5c5e-8c6f-4c9a-a53f-1bbc96404e12: shutdown LeaderElection
2019-10-16 21:55:29,816 [277b5c5e-8c6f-4c9a-a53f-1bbc96404e12@group-569FAC3F8BCE-LeaderElection266] INFO  impl.RoleInfo (RoleInfo.java:updateAndGet(143)) - 277b5c5e-8c6f-4c9a-a53f-1bbc96404e12: start FollowerState
2019-10-16 21:55:29,981 [Thread-1908] INFO  impl.FollowerState (FollowerState.java:run(108)) - 277b5c5e-8c6f-4c9a-a53f-1bbc96404e12@group-569FAC3F8BCE-FollowerState: change to CANDIDATE, lastRpcTime:164ms, electionTimeout:164ms
2019-10-16 21:55:29,981 [Thread-1908] INFO  impl.RoleInfo (RoleInfo.java:shutdownFollowerState(121)) - 277b5c5e-8c6f-4c9a-a53f-1bbc96404e12: shutdown FollowerState
2019-10-16 21:55:29,981 [Thread-1908] INFO  impl.RaftServerImpl (RaftServerImpl.java:setRole(184)) - 277b5c5e-8c6f-4c9a-a53f-1bbc96404e12@group-569FAC3F8BCE: changes role from  FOLLOWER to CANDIDATE at term 270 for changeToCandidate
2019-10-16 21:55:29,981 [Thread-1908] INFO  impl.RoleInfo (RoleInfo.java:updateAndGet(143)) - 277b5c5e-8c6f-4c9a-a53f-1bbc96404e12: start LeaderElection
2019-10-16 21:55:30,008 [277b5c5e-8c6f-4c9a-a53f-1bbc96404e12@group-569FAC3F8BCE-LeaderElection267] INFO  impl.LeaderElection (LeaderElection.java:askForVotes(178)) - 277b5c5e-8c6f-4c9a-a53f-1bbc96404e12@group-569FAC3F8BCE-LeaderElection267: begin an election at term 271 for -1: [a32408a4-f19d-4bad-97c5-ba33ae94fc9a:192.168.157.254:38721, 6b24a2ab-97ee-4d49-85cc-2d76c2f4b8ef:192.168.157.254:41080, 277b5c5e-8c6f-4c9a-a53f-1bbc96404e12:192.168.157.254:41416], old=null
2019-10-16 21:55:30,011 [grpc-default-executor-0] INFO  impl.RaftServerImpl (RaftServerImpl.java:setRole(184)) - a32408a4-f19d-4bad-97c5-ba33ae94fc9a@group-569FAC3F8BCE: changes role from  FOLLOWER to FOLLOWER at term 271 for recognizeCandidate:277b5c5e-8c6f-4c9a-a53f-1bbc96404e12
2019-10-16 21:55:30,011 [grpc-default-executor-1] INFO  impl.RaftServerImpl (RaftServerImpl.java:setRole(184)) - 6b24a2ab-97ee-4d49-85cc-2d76c2f4b8ef@group-569FAC3F8BCE: changes role from  FOLLOWER to FOLLOWER at term 271 for recognizeCandidate:277b5c5e-8c6f-4c9a-a53f-1bbc96404e12
2019-10-16 21:55:30,011 [grpc-default-executor-0] INFO  impl.RoleInfo (RoleInfo.java:shutdownFollowerState(121)) - a32408a4-f19d-4bad-97c5-ba33ae94fc9a: shutdown FollowerState
2019-10-16 21:55:30,011 [grpc-default-executor-1] INFO  impl.RoleInfo (RoleInfo.java:shutdownFollowerState(121)) - 6b24a2ab-97ee-4d49-85cc-2d76c2f4b8ef: shutdown FollowerState
2019-10-16 21:55:30,012 [Thread-1906] INFO  impl.FollowerState (FollowerState.java:run(117)) - a32408a4-f19d-4bad-97c5-ba33ae94fc9a@group-569FAC3F8BCE-FollowerState was interrupted: java.lang.InterruptedException: sleep interrupted
2019-10-16 21:55:30,012 [grpc-default-executor-0] INFO  impl.RoleInfo (RoleInfo.java:updateAndGet(143)) - a32408a4-f19d-4bad-97c5-ba33ae94fc9a: start FollowerState
2019-10-16 21:55:30,012 [Thread-1907] INFO  impl.FollowerState (FollowerState.java:run(117)) - 6b24a2ab-97ee-4d49-85cc-2d76c2f4b8ef@group-569FAC3F8BCE-FollowerState was interrupted: java.lang.InterruptedException: sleep interrupted
2019-10-16 21:55:30,012 [grpc-default-executor-1] INFO  impl.RoleInfo (RoleInfo.java:updateAndGet(143)) - 6b24a2ab-97ee-4d49-85cc-2d76c2f4b8ef: start FollowerState
2019-10-16 21:55:30,026 [277b5c5e-8c6f-4c9a-a53f-1bbc96404e12@group-569FAC3F8BCE-LeaderElection267] INFO  impl.LeaderElection (LeaderElection.java:logAndReturn(56)) - 277b5c5e-8c6f-4c9a-a53f-1bbc96404e12@group-569FAC3F8BCE-LeaderElection267: Election REJECTED; received 2 response(s) [277b5c5e-8c6f-4c9a-a53f-1bbc96404e12<-a32408a4-f19d-4bad-97c5-ba33ae94fc9a#0:FAIL-t271, 277b5c5e-8c6f-4c9a-a53f-1bbc96404e12<-6b24a2ab-97ee-4d49-85cc-2d76c2f4b8ef#0:FAIL-t271] and 0 exception(s); 277b5c5e-8c6f-4c9a-a53f-1bbc96404e12@group-569FAC3F8BCE:t271, leader=null, voted=277b5c5e-8c6f-4c9a-a53f-1bbc96404e12, raftlog=277b5c5e-8c6f-4c9a-a53f-1bbc96404e12@group-569FAC3F8BCE-SegmentedRaftLog:OPENED:c-1,f-1,i0, conf=-1: [a32408a4-f19d-4bad-97c5-ba33ae94fc9a:192.168.157.254:38721, 6b24a2ab-97ee-4d49-85cc-2d76c2f4b8ef:192.168.157.254:41080, 277b5c5e-8c6f-4c9a-a53f-1bbc96404e12:192.168.157.254:41416], old=null
2019-10-16 21:55:30,027 [277b5c5e-8c6f-4c9a-a53f-1bbc96404e12@group-569FAC3F8BCE-LeaderElection267] INFO  impl.RaftServerImpl (RaftServerImpl.java:setRole(184)) - 277b5c5e-8c6f-4c9a-a53f-1bbc96404e12@group-569FAC3F8BCE: changes role from CANDIDATE to FOLLOWER at term 271 for DISCOVERED_A_NEW_TERM
2019-10-16 21:55:30,027 [277b5c5e-8c6f-4c9a-a53f-1bbc96404e12@group-569FAC3F8BCE-LeaderElection267] INFO  impl.RoleInfo (RoleInfo.java:shutdownLeaderElection(134)) - 277b5c5e-8c6f-4c9a-a53f-1bbc96404e12: shutdown LeaderElection
2019-10-16 21:55:30,027 [277b5c5e-8c6f-4c9a-a53f-1bbc96404e12@group-569FAC3F8BCE-LeaderElection267] INFO  impl.RoleInfo (RoleInfo.java:updateAndGet(143)) - 277b5c5e-8c6f-4c9a-a53f-1bbc96404e12: start FollowerState
2019-10-16 21:55:30,149 [Thread-1914] INFO  impl.FollowerState (FollowerState.java:run(108)) - 277b5c5e-8c6f-4c9a-a53f-1bbc96404e12@group-569FAC3F8BCE-FollowerState: change to CANDIDATE, lastRpcTime:122ms, electionTimeout:122ms
2019-10-16 21:55:30,149 [Thread-1914] INFO  impl.RoleInfo (RoleInfo.java:shutdownFollowerState(121)) - 277b5c5e-8c6f-4c9a-a53f-1bbc96404e12: shutdown FollowerState
2019-10-16 21:55:30,150 [Thread-1914] INFO  impl.RaftServerImpl (RaftServerImpl.java:setRole(184)) - 277b5c5e-8c6f-4c9a-a53f-1bbc96404e12@group-569FAC3F8BCE: changes role from  FOLLOWER to CANDIDATE at term 271 for changeToCandidate
2019-10-16 21:55:30,150 [Thread-1914] INFO  impl.RoleInfo (RoleInfo.java:updateAndGet(143)) - 277b5c5e-8c6f-4c9a-a53f-1bbc96404e12: start LeaderElection
2019-10-16 21:55:30,165 [277b5c5e-8c6f-4c9a-a53f-1bbc96404e12@group-569FAC3F8BCE-LeaderElection268] INFO  impl.LeaderElection (LeaderElection.java:askForVotes(178)) - 277b5c5e-8c6f-4c9a-a53f-1bbc96404e12@group-569FAC3F8BCE-LeaderElection268: begin an election at term 272 for -1: [a32408a4-f19d-4bad-97c5-ba33ae94fc9a:192.168.157.254:38721, 6b24a2ab-97ee-4d49-85cc-2d76c2f4b8ef:192.168.157.254:41080, 277b5c5e-8c6f-4c9a-a53f-1bbc96404e12:192.168.157.254:41416], old=null
2019-10-16 21:55:30,167 [grpc-default-executor-1] INFO  impl.RaftServerImpl (RaftServerImpl.java:setRole(184)) - a32408a4-f19d-4bad-97c5-ba33ae94fc9a@group-569FAC3F8BCE: changes role from  FOLLOWER to FOLLOWER at term 272 for recognizeCandidate:277b5c5e-8c6f-4c9a-a53f-1bbc96404e12
2019-10-16 21:55:30,167 [grpc-default-executor-1] INFO  impl.RoleInfo (RoleInfo.java:shutdownFollowerState(121)) - a32408a4-f19d-4bad-97c5-ba33ae94fc9a: shutdown FollowerState
2019-10-16 21:55:30,167 [grpc-default-executor-1] INFO  impl.RoleInfo (RoleInfo.java:updateAndGet(143)) - a32408a4-f19d-4bad-97c5-ba33ae94fc9a: start FollowerState
2019-10-16 21:55:30,168 [grpc-default-executor-0] INFO  impl.RaftServerImpl (RaftServerImpl.java:setRole(184)) - 6b24a2ab-97ee-4d49-85cc-2d76c2f4b8ef@group-569FAC3F8BCE: changes role from  FOLLOWER to FOLLOWER at term 272 for recognizeCandidate:277b5c5e-8c6f-4c9a-a53f-1bbc96404e12
2019-10-16 21:55:30,168 [grpc-default-executor-0] INFO  impl.RoleInfo (RoleInfo.java:shutdownFollowerState(121)) - 6b24a2ab-97ee-4d49-85cc-2d76c2f4b8ef: shutdown FollowerState
2019-10-16 21:55:30,167 [Thread-1912] INFO  impl.FollowerState (FollowerState.java:run(117)) - a32408a4-f19d-4bad-97c5-ba33ae94fc9a@group-569FAC3F8BCE-FollowerState was interrupted: java.lang.InterruptedException: sleep interrupted
2019-10-16 21:55:30,168 [Thread-1913] INFO  impl.FollowerState (FollowerState.java:run(117)) - 6b24a2ab-97ee-4d49-85cc-2d76c2f4b8ef@group-569FAC3F8BCE-FollowerState was interrupted: java.lang.InterruptedException: sleep interrupted
2019-10-16 21:55:30,168 [grpc-default-executor-0] INFO  impl.RoleInfo (RoleInfo.java:updateAndGet(143)) - 6b24a2ab-97ee-4d49-85cc-2d76c2f4b8ef: start FollowerState
2019-10-16 21:55:30,193 [277b5c5e-8c6f-4c9a-a53f-1bbc96404e12@group-569FAC3F8BCE-LeaderElection268] INFO  impl.LeaderElection (LeaderElection.java:logAndReturn(56)) - 277b5c5e-8c6f-4c9a-a53f-1bbc96404e12@group-569FAC3F8BCE-LeaderElection268: Election REJECTED; received 2 response(s) [277b5c5e-8c6f-4c9a-a53f-1bbc96404e12<-a32408a4-f19d-4bad-97c5-ba33ae94fc9a#0:FAIL-t272, 277b5c5e-8c6f-4c9a-a53f-1bbc96404e12<-6b24a2ab-97ee-4d49-85cc-2d76c2f4b8ef#0:FAIL-t272] and 0 exception(s); 277b5c5e-8c6f-4c9a-a53f-1bbc96404e12@group-569FAC3F8BCE:t272, leader=null, voted=277b5c5e-8c6f-4c9a-a53f-1bbc96404e12, raftlog=277b5c5e-8c6f-4c9a-a53f-1bbc96404e12@group-569FAC3F8BCE-SegmentedRaftLog:OPENED:c-1,f-1,i0, conf=-1: [a32408a4-f19d-4bad-97c5-ba33ae94fc9a:192.168.157.254:38721, 6b24a2ab-97ee-4d49-85cc-2d76c2f4b8ef:192.168.157.254:41080, 277b5c5e-8c6f-4c9a-a53f-1bbc96404e12:192.168.157.254:41416], old=null
2019-10-16 21:55:30,193 [277b5c5e-8c6f-4c9a-a53f-1bbc96404e12@group-569FAC3F8BCE-LeaderElection268] INFO  impl.RaftServerImpl (RaftServerImpl.java:setRole(184)) - 277b5c5e-8c6f-4c9a-a53f-1bbc96404e12@group-569FAC3F8BCE: changes role from CANDIDATE to FOLLOWER at term 272 for DISCOVERED_A_NEW_TERM
2019-10-16 21:55:30,193 [277b5c5e-8c6f-4c9a-a53f-1bbc96404e12@group-569FAC3F8BCE-LeaderElection268] INFO  impl.RoleInfo (RoleInfo.java:shutdownLeaderElection(134)) - 277b5c5e-8c6f-4c9a-a53f-1bbc96404e12: shutdown LeaderElection
2019-10-16 21:55:30,193 [277b5c5e-8c6f-4c9a-a53f-1bbc96404e12@group-569FAC3F8BCE-LeaderElection268] INFO  impl.RoleInfo (RoleInfo.java:updateAndGet(143)) - 277b5c5e-8c6f-4c9a-a53f-1bbc96404e12: start FollowerState
2019-10-16 21:55:30,257 [Thread-1920] INFO  impl.FollowerState (FollowerState.java:run(108)) - 277b5c5e-8c6f-4c9a-a53f-1bbc96404e12@group-569FAC3F8BCE-FollowerState: change to CANDIDATE, lastRpcTime:63ms, electionTimeout:63ms
2019-10-16 21:55:30,257 [Thread-1920] INFO  impl.RoleInfo (RoleInfo.java:shutdownFollowerState(121)) - 277b5c5e-8c6f-4c9a-a53f-1bbc96404e12: shutdown FollowerState
2019-10-16 21:55:30,257 [Thread-1920] INFO  impl.RaftServerImpl (RaftServerImpl.java:setRole(184)) - 277b5c5e-8c6f-4c9a-a53f-1bbc96404e12@group-569FAC3F8BCE: changes role from  FOLLOWER to CANDIDATE at term 272 for changeToCandidate
2019-10-16 21:55:30,257 [Thread-1920] INFO  impl.RoleInfo (RoleInfo.java:updateAndGet(143)) - 277b5c5e-8c6f-4c9a-a53f-1bbc96404e12: start LeaderElection
2019-10-16 21:55:30,271 [277b5c5e-8c6f-4c9a-a53f-1bbc96404e12@group-569FAC3F8BCE-LeaderElection269] INFO  impl.LeaderElection (LeaderElection.java:askForVotes(178)) - 277b5c5e-8c6f-4c9a-a53f-1bbc96404e12@group-569FAC3F8BCE-LeaderElection269: begin an election at term 273 for -1: [a32408a4-f19d-4bad-97c5-ba33ae94fc9a:192.168.157.254:38721, 6b24a2ab-97ee-4d49-85cc-2d76c2f4b8ef:192.168.157.254:41080, 277b5c5e-8c6f-4c9a-a53f-1bbc96404e12:192.168.157.254:41416], old=null
2019-10-16 21:55:30,273 [grpc-default-executor-1] INFO  impl.RaftServerImpl (RaftServerImpl.java:setRole(184)) - a32408a4-f19d-4bad-97c5-ba33ae94fc9a@group-569FAC3F8BCE: changes role from  FOLLOWER to FOLLOWER at term 273 for recognizeCandidate:277b5c5e-8c6f-4c9a-a53f-1bbc96404e12
2019-10-16 21:55:30,273 [grpc-default-executor-1] INFO  impl.RoleInfo (RoleInfo.java:shutdownFollowerState(121)) - a32408a4-f19d-4bad-97c5-ba33ae94fc9a: shutdown FollowerState
2019-10-16 21:55:30,273 [grpc-default-executor-1] INFO  impl.RoleInfo (RoleInfo.java:updateAndGet(143)) - a32408a4-f19d-4bad-97c5-ba33ae94fc9a: start FollowerState
2019-10-16 21:55:30,273 [Thread-1918] INFO  impl.FollowerState (FollowerState.java:run(117)) - a32408a4-f19d-4bad-97c5-ba33ae94fc9a@group-569FAC3F8BCE-FollowerState was interrupted: java.lang.InterruptedException: sleep interrupted
2019-10-16 21:55:30,274 [grpc-default-executor-0] INFO  impl.RaftServerImpl (RaftServerImpl.java:setRole(184)) - 6b24a2ab-97ee-4d49-85cc-2d76c2f4b8ef@group-569FAC3F8BCE: changes role from  FOLLOWER to FOLLOWER at term 273 for recognizeCandidate:277b5c5e-8c6f-4c9a-a53f-1bbc96404e12
2019-10-16 21:55:30,274 [grpc-default-executor-0] INFO  impl.RoleInfo (RoleInfo.java:shutdownFollowerState(121)) - 6b24a2ab-97ee-4d49-85cc-2d76c2f4b8ef: shutdown FollowerState
2019-10-16 21:55:30,275 [grpc-default-executor-0] INFO  impl.RoleInfo (RoleInfo.java:updateAndGet(143)) - 6b24a2ab-97ee-4d49-85cc-2d76c2f4b8ef: start FollowerState
2019-10-16 21:55:30,275 [Thread-1919] INFO  impl.FollowerState (FollowerState.java:run(117)) - 6b24a2ab-97ee-4d49-85cc-2d76c2f4b8ef@group-569FAC3F8BCE-FollowerState was interrupted: java.lang.InterruptedException: sleep interrupted
2019-10-16 21:55:30,294 [277b5c5e-8c6f-4c9a-a53f-1bbc96404e12@group-569FAC3F8BCE-LeaderElection269] INFO  impl.LeaderElection (LeaderElection.java:logAndReturn(56)) - 277b5c5e-8c6f-4c9a-a53f-1bbc96404e12@group-569FAC3F8BCE-LeaderElection269: Election REJECTED; received 2 response(s) [277b5c5e-8c6f-4c9a-a53f-1bbc96404e12<-6b24a2ab-97ee-4d49-85cc-2d76c2f4b8ef#0:FAIL-t273, 277b5c5e-8c6f-4c9a-a53f-1bbc96404e12<-a32408a4-f19d-4bad-97c5-ba33ae94fc9a#0:FAIL-t273] and 0 exception(s); 277b5c5e-8c6f-4c9a-a53f-1bbc96404e12@group-569FAC3F8BCE:t273, leader=null, voted=277b5c5e-8c6f-4c9a-a53f-1bbc96404e12, raftlog=277b5c5e-8c6f-4c9a-a53f-1bbc96404e12@group-569FAC3F8BCE-SegmentedRaftLog:OPENED:c-1,f-1,i0, conf=-1: [a32408a4-f19d-4bad-97c5-ba33ae94fc9a:192.168.157.254:38721, 6b24a2ab-97ee-4d49-85cc-2d76c2f4b8ef:192.168.157.254:41080, 277b5c5e-8c6f-4c9a-a53f-1bbc96404e12:192.168.157.254:41416], old=null
2019-10-16 21:55:30,294 [277b5c5e-8c6f-4c9a-a53f-1bbc96404e12@group-569FAC3F8BCE-LeaderElection269] INFO  impl.RaftServerImpl (RaftServerImpl.java:setRole(184)) - 277b5c5e-8c6f-4c9a-a53f-1bbc96404e12@group-569FAC3F8BCE: changes role from CANDIDATE to FOLLOWER at term 273 for DISCOVERED_A_NEW_TERM
2019-10-16 21:55:30,295 [277b5c5e-8c6f-4c9a-a53f-1bbc96404e12@group-569FAC3F8BCE-LeaderElection269] INFO  impl.RoleInfo (RoleInfo.java:shutdownLeaderElection(134)) - 277b5c5e-8c6f-4c9a-a53f-1bbc96404e12: shutdown LeaderElection
2019-10-16 21:55:30,295 [277b5c5e-8c6f-4c9a-a53f-1bbc96404e12@group-569FAC3F8BCE-LeaderElection269] INFO  impl.RoleInfo (RoleInfo.java:updateAndGet(143)) - 277b5c5e-8c6f-4c9a-a53f-1bbc96404e12: start FollowerState
2019-10-16 21:55:30,371 [Thread-1926] INFO  impl.FollowerState (FollowerState.java:run(108)) - 277b5c5e-8c6f-4c9a-a53f-1bbc96404e12@group-569FAC3F8BCE-FollowerState: change to CANDIDATE, lastRpcTime:76ms, electionTimeout:76ms
2019-10-16 21:55:30,371 [Thread-1926] INFO  impl.RoleInfo (RoleInfo.java:shutdownFollowerState(121)) - 277b5c5e-8c6f-4c9a-a53f-1bbc96404e12: shutdown FollowerState
2019-10-16 21:55:30,371 [Thread-1926] INFO  impl.RaftServerImpl (RaftServerImpl.java:setRole(184)) - 277b5c5e-8c6f-4c9a-a53f-1bbc96404e12@group-569FAC3F8BCE: changes role from  FOLLOWER to CANDIDATE at term 273 for changeToCandidate
2019-10-16 21:55:30,372 [Thread-1926] INFO  impl.RoleInfo (RoleInfo.java:updateAndGet(143)) - 277b5c5e-8c6f-4c9a-a53f-1bbc96404e12: start LeaderElection
2019-10-16 21:55:30,393 [277b5c5e-8c6f-4c9a-a53f-1bbc96404e12@group-569FAC3F8BCE-LeaderElection270] INFO  impl.LeaderElection (LeaderElection.java:askForVotes(178)) - 277b5c5e-8c6f-4c9a-a53f-1bbc96404e12@group-569FAC3F8BCE-LeaderElection270: begin an election at term 274 for -1: [a32408a4-f19d-4bad-97c5-ba33ae94fc9a:192.168.157.254:38721, 6b24a2ab-97ee-4d49-85cc-2d76c2f4b8ef:192.168.157.254:41080, 277b5c5e-8c6f-4c9a-a53f-1bbc96404e12:192.168.157.254:41416], old=null
2019-10-16 21:55:30,396 [grpc-default-executor-1] INFO  impl.RaftServerImpl (RaftServerImpl.java:setRole(184)) - a32408a4-f19d-4bad-97c5-ba33ae94fc9a@group-569FAC3F8BCE: changes role from  FOLLOWER to FOLLOWER at term 274 for recognizeCandidate:277b5c5e-8c6f-4c9a-a53f-1bbc96404e12
2019-10-16 21:55:30,396 [grpc-default-executor-0] INFO  impl.RaftServerImpl (RaftServerImpl.java:setRole(184)) - 6b24a2ab-97ee-4d49-85cc-2d76c2f4b8ef@group-569FAC3F8BCE: changes role from  FOLLOWER to FOLLOWER at term 274 for recognizeCandidate:277b5c5e-8c6f-4c9a-a53f-1bbc96404e12
2019-10-16 21:55:30,396 [grpc-default-executor-1] INFO  impl.RoleInfo (RoleInfo.java:shutdownFollowerState(121)) - a32408a4-f19d-4bad-97c5-ba33ae94fc9a: shutdown FollowerState
2019-10-16 21:55:30,396 [grpc-default-executor-0] INFO  impl.RoleInfo (RoleInfo.java:shutdownFollowerState(121)) - 6b24a2ab-97ee-4d49-85cc-2d76c2f4b8ef: shutdown FollowerState
2019-10-16 21:55:30,397 [Thread-1924] INFO  impl.FollowerState (FollowerState.java:run(117)) - a32408a4-f19d-4bad-97c5-ba33ae94fc9a@group-569FAC3F8BCE-FollowerState was interrupted: java.lang.InterruptedException: sleep interrupted
2019-10-16 21:55:30,397 [grpc-default-executor-1] INFO  impl.RoleInfo (RoleInfo.java:updateAndGet(143)) - a32408a4-f19d-4bad-97c5-ba33ae94fc9a: start FollowerState
2019-10-16 21:55:30,397 [grpc-default-executor-0] INFO  impl.RoleInfo (RoleInfo.java:updateAndGet(143)) - 6b24a2ab-97ee-4d49-85cc-2d76c2f4b8ef: start FollowerState
2019-10-16 21:55:30,397 [Thread-1925] INFO  impl.FollowerState (FollowerState.java:run(117)) - 6b24a2ab-97ee-4d49-85cc-2d76c2f4b8ef@group-569FAC3F8BCE-FollowerState was interrupted: java.lang.InterruptedException: sleep interrupted
2019-10-16 21:55:30,423 [277b5c5e-8c6f-4c9a-a53f-1bbc96404e12@group-569FAC3F8BCE-LeaderElection270] INFO  impl.LeaderElection (LeaderElection.java:logAndReturn(56)) - 277b5c5e-8c6f-4c9a-a53f-1bbc96404e12@group-569FAC3F8BCE-LeaderElection270: Election REJECTED; received 2 response(s) [277b5c5e-8c6f-4c9a-a53f-1bbc96404e12<-6b24a2ab-97ee-4d49-85cc-2d76c2f4b8ef#0:FAIL-t274, 277b5c5e-8c6f-4c9a-a53f-1bbc96404e12<-a32408a4-f19d-4bad-97c5-ba33ae94fc9a#0:FAIL-t274] and 0 exception(s); 277b5c5e-8c6f-4c9a-a53f-1bbc96404e12@group-569FAC3F8BCE:t274, leader=null, voted=277b5c5e-8c6f-4c9a-a53f-1bbc96404e12, raftlog=277b5c5e-8c6f-4c9a-a53f-1bbc96404e12@group-569FAC3F8BCE-SegmentedRaftLog:OPENED:c-1,f-1,i0, conf=-1: [a32408a4-f19d-4bad-97c5-ba33ae94fc9a:192.168.157.254:38721, 6b24a2ab-97ee-4d49-85cc-2d76c2f4b8ef:192.168.157.254:41080, 277b5c5e-8c6f-4c9a-a53f-1bbc96404e12:192.168.157.254:41416], old=null
2019-10-16 21:55:30,423 [277b5c5e-8c6f-4c9a-a53f-1bbc96404e12@group-569FAC3F8BCE-LeaderElection270] INFO  impl.RaftServerImpl (RaftServerImpl.java:setRole(184)) - 277b5c5e-8c6f-4c9a-a53f-1bbc96404e12@group-569FAC3F8BCE: changes role from CANDIDATE to FOLLOWER at term 274 for DISCOVERED_A_NEW_TERM
2019-10-16 21:55:30,423 [277b5c5e-8c6f-4c9a-a53f-1bbc96404e12@group-569FAC3F8BCE-LeaderElection270] INFO  impl.RoleInfo (RoleInfo.java:shutdownLeaderElection(134)) - 277b5c5e-8c6f-4c9a-a53f-1bbc96404e12: shutdown LeaderElection
2019-10-16 21:55:30,424 [277b5c5e-8c6f-4c9a-a53f-1bbc96404e12@group-569FAC3F8BCE-LeaderElection270] INFO  impl.RoleInfo (RoleInfo.java:updateAndGet(143)) - 277b5c5e-8c6f-4c9a-a53f-1bbc96404e12: start FollowerState
2019-10-16 21:55:30,575 [Thread-0] INFO  ozone.MiniOzoneClusterImpl (MiniOzoneClusterImpl.java:lambda$waitForClusterToBeReady$2(164)) - Waiting for 1 number of pipelines out of 4, to report a leader.
2019-10-16 21:55:30,591 [Thread-1932] INFO  impl.FollowerState (FollowerState.java:run(108)) - 277b5c5e-8c6f-4c9a-a53f-1bbc96404e12@group-569FAC3F8BCE-FollowerState: change to CANDIDATE, lastRpcTime:167ms, electionTimeout:167ms
2019-10-16 21:55:30,591 [Thread-1932] INFO  impl.RoleInfo (RoleInfo.java:shutdownFollowerState(121)) - 277b5c5e-8c6f-4c9a-a53f-1bbc96404e12: shutdown FollowerState
2019-10-16 21:55:30,591 [Thread-1932] INFO  impl.RaftServerImpl (RaftServerImpl.java:setRole(184)) - 277b5c5e-8c6f-4c9a-a53f-1bbc96404e12@group-569FAC3F8BCE: changes role from  FOLLOWER to CANDIDATE at term 274 for changeToCandidate
2019-10-16 21:55:30,591 [Thread-1932] INFO  impl.RoleInfo (RoleInfo.java:updateAndGet(143)) - 277b5c5e-8c6f-4c9a-a53f-1bbc96404e12: start LeaderElection
2019-10-16 21:55:30,605 [277b5c5e-8c6f-4c9a-a53f-1bbc96404e12@group-569FAC3F8BCE-LeaderElection271] INFO  impl.LeaderElection (LeaderElection.java:askForVotes(178)) - 277b5c5e-8c6f-4c9a-a53f-1bbc96404e12@group-569FAC3F8BCE-LeaderElection271: begin an election at term 275 for -1: [a32408a4-f19d-4bad-97c5-ba33ae94fc9a:192.168.157.254:38721, 6b24a2ab-97ee-4d49-85cc-2d76c2f4b8ef:192.168.157.254:41080, 277b5c5e-8c6f-4c9a-a53f-1bbc96404e12:192.168.157.254:41416], old=null
2019-10-16 21:55:30,612 [grpc-default-executor-0] INFO  impl.RaftServerImpl (RaftServerImpl.java:setRole(184)) - 6b24a2ab-97ee-4d49-85cc-2d76c2f4b8ef@group-569FAC3F8BCE: changes role from  FOLLOWER to FOLLOWER at term 275 for recognizeCandidate:277b5c5e-8c6f-4c9a-a53f-1bbc96404e12
2019-10-16 21:55:30,612 [grpc-default-executor-1] INFO  impl.RaftServerImpl (RaftServerImpl.java:setRole(184)) - a32408a4-f19d-4bad-97c5-ba33ae94fc9a@group-569FAC3F8BCE: changes role from  FOLLOWER to FOLLOWER at term 275 for recognizeCandidate:277b5c5e-8c6f-4c9a-a53f-1bbc96404e12
2019-10-16 21:55:30,612 [grpc-default-executor-0] INFO  impl.RoleInfo (RoleInfo.java:shutdownFollowerState(121)) - 6b24a2ab-97ee-4d49-85cc-2d76c2f4b8ef: shutdown FollowerState
2019-10-16 21:55:30,612 [grpc-default-executor-1] INFO  impl.RoleInfo (RoleInfo.java:shutdownFollowerState(121)) - a32408a4-f19d-4bad-97c5-ba33ae94fc9a: shutdown FollowerState
2019-10-16 21:55:30,613 [Thread-1931] INFO  impl.FollowerState (FollowerState.java:run(117)) - 6b24a2ab-97ee-4d49-85cc-2d76c2f4b8ef@group-569FAC3F8BCE-FollowerState was interrupted: java.lang.InterruptedException: sleep interrupted
2019-10-16 21:55:30,612 [grpc-default-executor-0] INFO  impl.RoleInfo (RoleInfo.java:updateAndGet(143)) - 6b24a2ab-97ee-4d49-85cc-2d76c2f4b8ef: start FollowerState
2019-10-16 21:55:30,613 [grpc-default-executor-1] INFO  impl.RoleInfo (RoleInfo.java:updateAndGet(143)) - a32408a4-f19d-4bad-97c5-ba33ae94fc9a: start FollowerState
2019-10-16 21:55:30,613 [Thread-1930] INFO  impl.FollowerState (FollowerState.java:run(117)) - a32408a4-f19d-4bad-97c5-ba33ae94fc9a@group-569FAC3F8BCE-FollowerState was interrupted: java.lang.InterruptedException: sleep interrupted
2019-10-16 21:55:30,620 [277b5c5e-8c6f-4c9a-a53f-1bbc96404e12@group-569FAC3F8BCE-LeaderElection271] INFO  impl.LeaderElection (LeaderElection.java:logAndReturn(56)) - 277b5c5e-8c6f-4c9a-a53f-1bbc96404e12@group-569FAC3F8BCE-LeaderElection271: Election TIMEOUT; received 0 response(s) [] and 0 exception(s); 277b5c5e-8c6f-4c9a-a53f-1bbc96404e12@group-569FAC3F8BCE:t275, leader=null, voted=277b5c5e-8c6f-4c9a-a53f-1bbc96404e12, raftlog=277b5c5e-8c6f-4c9a-a53f-1bbc96404e12@group-569FAC3F8BCE-SegmentedRaftLog:OPENED:c-1,f-1,i0, conf=-1: [a32408a4-f19d-4bad-97c5-ba33ae94fc9a:192.168.157.254:38721, 6b24a2ab-97ee-4d49-85cc-2d76c2f4b8ef:192.168.157.254:41080, 277b5c5e-8c6f-4c9a-a53f-1bbc96404e12:192.168.157.254:41416], old=null
2019-10-16 21:55:30,638 [277b5c5e-8c6f-4c9a-a53f-1bbc96404e12@group-569FAC3F8BCE-LeaderElection271] INFO  impl.LeaderElection (LeaderElection.java:askForVotes(178)) - 277b5c5e-8c6f-4c9a-a53f-1bbc96404e12@group-569FAC3F8BCE-LeaderElection271: begin an election at term 276 for -1: [a32408a4-f19d-4bad-97c5-ba33ae94fc9a:192.168.157.254:38721, 6b24a2ab-97ee-4d49-85cc-2d76c2f4b8ef:192.168.157.254:41080, 277b5c5e-8c6f-4c9a-a53f-1bbc96404e12:192.168.157.254:41416], old=null
2019-10-16 21:55:30,641 [grpc-default-executor-0] INFO  impl.RaftServerImpl (RaftServerImpl.java:setRole(184)) - a32408a4-f19d-4bad-97c5-ba33ae94fc9a@group-569FAC3F8BCE: changes role from  FOLLOWER to FOLLOWER at term 276 for recognizeCandidate:277b5c5e-8c6f-4c9a-a53f-1bbc96404e12
2019-10-16 21:55:30,641 [grpc-default-executor-0] INFO  impl.RoleInfo (RoleInfo.java:shutdownFollowerState(121)) - a32408a4-f19d-4bad-97c5-ba33ae94fc9a: shutdown FollowerState
2019-10-16 21:55:30,641 [grpc-default-executor-1] INFO  impl.RaftServerImpl (RaftServerImpl.java:setRole(184)) - 6b24a2ab-97ee-4d49-85cc-2d76c2f4b8ef@group-569FAC3F8BCE: changes role from  FOLLOWER to FOLLOWER at term 276 for recognizeCandidate:277b5c5e-8c6f-4c9a-a53f-1bbc96404e12
2019-10-16 21:55:30,641 [Thread-1937] INFO  impl.FollowerState (FollowerState.java:run(117)) - a32408a4-f19d-4bad-97c5-ba33ae94fc9a@group-569FAC3F8BCE-FollowerState was interrupted: java.lang.InterruptedException: sleep interrupted
2019-10-16 21:55:30,641 [grpc-default-executor-0] INFO  impl.RoleInfo (RoleInfo.java:updateAndGet(143)) - a32408a4-f19d-4bad-97c5-ba33ae94fc9a: start FollowerState
2019-10-16 21:55:30,641 [grpc-default-executor-1] INFO  impl.RoleInfo (RoleInfo.java:shutdownFollowerState(121)) - 6b24a2ab-97ee-4d49-85cc-2d76c2f4b8ef: shutdown FollowerState
2019-10-16 21:55:30,642 [grpc-default-executor-1] INFO  impl.RoleInfo (RoleInfo.java:updateAndGet(143)) - 6b24a2ab-97ee-4d49-85cc-2d76c2f4b8ef: start FollowerState
2019-10-16 21:55:30,642 [Thread-1936] INFO  impl.FollowerState (FollowerState.java:run(117)) - 6b24a2ab-97ee-4d49-85cc-2d76c2f4b8ef@group-569FAC3F8BCE-FollowerState was interrupted: java.lang.InterruptedException: sleep interrupted
2019-10-16 21:55:30,645 [277b5c5e-8c6f-4c9a-a53f-1bbc96404e12@group-569FAC3F8BCE-LeaderElection271] INFO  impl.LeaderElection (LeaderElection.java:logAndReturn(56)) - 277b5c5e-8c6f-4c9a-a53f-1bbc96404e12@group-569FAC3F8BCE-LeaderElection271: Election TIMEOUT; received 0 response(s) [] and 0 exception(s); 277b5c5e-8c6f-4c9a-a53f-1bbc96404e12@group-569FAC3F8BCE:t276, leader=null, voted=277b5c5e-8c6f-4c9a-a53f-1bbc96404e12, raftlog=277b5c5e-8c6f-4c9a-a53f-1bbc96404e12@group-569FAC3F8BCE-SegmentedRaftLog:OPENED:c-1,f-1,i0, conf=-1: [a32408a4-f19d-4bad-97c5-ba33ae94fc9a:192.168.157.254:38721, 6b24a2ab-97ee-4d49-85cc-2d76c2f4b8ef:192.168.157.254:41080, 277b5c5e-8c6f-4c9a-a53f-1bbc96404e12:192.168.157.254:41416], old=null
2019-10-16 21:55:30,656 [277b5c5e-8c6f-4c9a-a53f-1bbc96404e12@group-569FAC3F8BCE-LeaderElection271] INFO  impl.LeaderElection (LeaderElection.java:askForVotes(178)) - 277b5c5e-8c6f-4c9a-a53f-1bbc96404e12@group-569FAC3F8BCE-LeaderElection271: begin an election at term 277 for -1: [a32408a4-f19d-4bad-97c5-ba33ae94fc9a:192.168.157.254:38721, 6b24a2ab-97ee-4d49-85cc-2d76c2f4b8ef:192.168.157.254:41080, 277b5c5e-8c6f-4c9a-a53f-1bbc96404e12:192.168.157.254:41416], old=null
2019-10-16 21:55:30,656 [277b5c5e-8c6f-4c9a-a53f-1bbc96404e12@group-569FAC3F8BCE-LeaderElection271] INFO  impl.LeaderElection (LeaderElection.java:logAndReturn(56)) - 277b5c5e-8c6f-4c9a-a53f-1bbc96404e12@group-569FAC3F8BCE-LeaderElection271: Election TIMEOUT; received 0 response(s) [] and 0 exception(s); 277b5c5e-8c6f-4c9a-a53f-1bbc96404e12@group-569FAC3F8BCE:t277, leader=null, voted=277b5c5e-8c6f-4c9a-a53f-1bbc96404e12, raftlog=277b5c5e-8c6f-4c9a-a53f-1bbc96404e12@group-569FAC3F8BCE-SegmentedRaftLog:OPENED:c-1,f-1,i0, conf=-1: [a32408a4-f19d-4bad-97c5-ba33ae94fc9a:192.168.157.254:38721, 6b24a2ab-97ee-4d49-85cc-2d76c2f4b8ef:192.168.157.254:41080, 277b5c5e-8c6f-4c9a-a53f-1bbc96404e12:192.168.157.254:41416], old=null
2019-10-16 21:55:30,657 [grpc-default-executor-1] INFO  impl.RaftServerImpl (RaftServerImpl.java:setRole(184)) - a32408a4-f19d-4bad-97c5-ba33ae94fc9a@group-569FAC3F8BCE: changes role from  FOLLOWER to FOLLOWER at term 277 for recognizeCandidate:277b5c5e-8c6f-4c9a-a53f-1bbc96404e12
2019-10-16 21:55:30,657 [grpc-default-executor-1] INFO  impl.RoleInfo (RoleInfo.java:shutdownFollowerState(121)) - a32408a4-f19d-4bad-97c5-ba33ae94fc9a: shutdown FollowerState
2019-10-16 21:55:30,658 [grpc-default-executor-1] INFO  impl.RoleInfo (RoleInfo.java:updateAndGet(143)) - a32408a4-f19d-4bad-97c5-ba33ae94fc9a: start FollowerState
2019-10-16 21:55:30,658 [Thread-1940] INFO  impl.FollowerState (FollowerState.java:run(117)) - a32408a4-f19d-4bad-97c5-ba33ae94fc9a@group-569FAC3F8BCE-FollowerState was interrupted: java.lang.InterruptedException: sleep interrupted
2019-10-16 21:55:30,658 [grpc-default-executor-0] INFO  impl.RaftServerImpl (RaftServerImpl.java:setRole(184)) - 6b24a2ab-97ee-4d49-85cc-2d76c2f4b8ef@group-569FAC3F8BCE: changes role from  FOLLOWER to FOLLOWER at term 277 for recognizeCandidate:277b5c5e-8c6f-4c9a-a53f-1bbc96404e12
2019-10-16 21:55:30,658 [grpc-default-executor-0] INFO  impl.RoleInfo (RoleInfo.java:shutdownFollowerState(121)) - 6b24a2ab-97ee-4d49-85cc-2d76c2f4b8ef: shutdown FollowerState
2019-10-16 21:55:30,658 [grpc-default-executor-0] INFO  impl.RoleInfo (RoleInfo.java:updateAndGet(143)) - 6b24a2ab-97ee-4d49-85cc-2d76c2f4b8ef: start FollowerState
2019-10-16 21:55:30,658 [Thread-1941] INFO  impl.FollowerState (FollowerState.java:run(117)) - 6b24a2ab-97ee-4d49-85cc-2d76c2f4b8ef@group-569FAC3F8BCE-FollowerState was interrupted: java.lang.InterruptedException: sleep interrupted
2019-10-16 21:55:30,670 [277b5c5e-8c6f-4c9a-a53f-1bbc96404e12@group-569FAC3F8BCE-LeaderElection271] INFO  impl.LeaderElection (LeaderElection.java:askForVotes(178)) - 277b5c5e-8c6f-4c9a-a53f-1bbc96404e12@group-569FAC3F8BCE-LeaderElection271: begin an election at term 278 for -1: [a32408a4-f19d-4bad-97c5-ba33ae94fc9a:192.168.157.254:38721, 6b24a2ab-97ee-4d49-85cc-2d76c2f4b8ef:192.168.157.254:41080, 277b5c5e-8c6f-4c9a-a53f-1bbc96404e12:192.168.157.254:41416], old=null
2019-10-16 21:55:30,673 [grpc-default-executor-1] INFO  impl.RaftServerImpl (RaftServerImpl.java:setRole(184)) - a32408a4-f19d-4bad-97c5-ba33ae94fc9a@group-569FAC3F8BCE: changes role from  FOLLOWER to FOLLOWER at term 278 for recognizeCandidate:277b5c5e-8c6f-4c9a-a53f-1bbc96404e12
2019-10-16 21:55:30,673 [grpc-default-executor-1] INFO  impl.RoleInfo (RoleInfo.java:shutdownFollowerState(121)) - a32408a4-f19d-4bad-97c5-ba33ae94fc9a: shutdown FollowerState
2019-10-16 21:55:30,673 [grpc-default-executor-1] INFO  impl.RoleInfo (RoleInfo.java:updateAndGet(143)) - a32408a4-f19d-4bad-97c5-ba33ae94fc9a: start FollowerState
2019-10-16 21:55:30,673 [Thread-1944] INFO  impl.FollowerState (FollowerState.java:run(117)) - a32408a4-f19d-4bad-97c5-ba33ae94fc9a@group-569FAC3F8BCE-FollowerState was interrupted: java.lang.InterruptedException: sleep interrupted
2019-10-16 21:55:30,673 [grpc-default-executor-0] INFO  impl.RaftServerImpl (RaftServerImpl.java:setRole(184)) - 6b24a2ab-97ee-4d49-85cc-2d76c2f4b8ef@group-569FAC3F8BCE: changes role from  FOLLOWER to FOLLOWER at term 278 for recognizeCandidate:277b5c5e-8c6f-4c9a-a53f-1bbc96404e12
2019-10-16 21:55:30,674 [grpc-default-executor-0] INFO  impl.RoleInfo (RoleInfo.java:shutdownFollowerState(121)) - 6b24a2ab-97ee-4d49-85cc-2d76c2f4b8ef: shutdown FollowerState
2019-10-16 21:55:30,674 [grpc-default-executor-0] INFO  impl.RoleInfo (RoleInfo.java:updateAndGet(143)) - 6b24a2ab-97ee-4d49-85cc-2d76c2f4b8ef: start FollowerState
2019-10-16 21:55:30,674 [Thread-1945] INFO  impl.FollowerState (FollowerState.java:run(117)) - 6b24a2ab-97ee-4d49-85cc-2d76c2f4b8ef@group-569FAC3F8BCE-FollowerState was interrupted: java.lang.InterruptedException: sleep interrupted
2019-10-16 21:55:30,699 [277b5c5e-8c6f-4c9a-a53f-1bbc96404e12@group-569FAC3F8BCE-LeaderElection271] INFO  impl.LeaderElection (LeaderElection.java:logAndReturn(56)) - 277b5c5e-8c6f-4c9a-a53f-1bbc96404e12@group-569FAC3F8BCE-LeaderElection271: Election REJECTED; received 2 response(s) [277b5c5e-8c6f-4c9a-a53f-1bbc96404e12<-a32408a4-f19d-4bad-97c5-ba33ae94fc9a#0:FAIL-t278, 277b5c5e-8c6f-4c9a-a53f-1bbc96404e12<-6b24a2ab-97ee-4d49-85cc-2d76c2f4b8ef#0:FAIL-t278] and 0 exception(s); 277b5c5e-8c6f-4c9a-a53f-1bbc96404e12@group-569FAC3F8BCE:t278, leader=null, voted=277b5c5e-8c6f-4c9a-a53f-1bbc96404e12, raftlog=277b5c5e-8c6f-4c9a-a53f-1bbc96404e12@group-569FAC3F8BCE-SegmentedRaftLog:OPENED:c-1,f-1,i0, conf=-1: [a32408a4-f19d-4bad-97c5-ba33ae94fc9a:192.168.157.254:38721, 6b24a2ab-97ee-4d49-85cc-2d76c2f4b8ef:192.168.157.254:41080, 277b5c5e-8c6f-4c9a-a53f-1bbc96404e12:192.168.157.254:41416], old=null
2019-10-16 21:55:30,699 [277b5c5e-8c6f-4c9a-a53f-1bbc96404e12@group-569FAC3F8BCE-LeaderElection271] INFO  impl.RaftServerImpl (RaftServerImpl.java:setRole(184)) - 277b5c5e-8c6f-4c9a-a53f-1bbc96404e12@group-569FAC3F8BCE: changes role from CANDIDATE to FOLLOWER at term 278 for DISCOVERED_A_NEW_TERM
2019-10-16 21:55:30,699 [277b5c5e-8c6f-4c9a-a53f-1bbc96404e12@group-569FAC3F8BCE-LeaderElection271] INFO  impl.RoleInfo (RoleInfo.java:shutdownLeaderElection(134)) - 277b5c5e-8c6f-4c9a-a53f-1bbc96404e12: shutdown LeaderElection
2019-10-16 21:55:30,699 [277b5c5e-8c6f-4c9a-a53f-1bbc96404e12@group-569FAC3F8BCE-LeaderElection271] INFO  impl.RoleInfo (RoleInfo.java:updateAndGet(143)) - 277b5c5e-8c6f-4c9a-a53f-1bbc96404e12: start FollowerState
2019-10-16 21:55:30,828 [Thread-1950] INFO  impl.FollowerState (FollowerState.java:run(108)) - 277b5c5e-8c6f-4c9a-a53f-1bbc96404e12@group-569FAC3F8BCE-FollowerState: change to CANDIDATE, lastRpcTime:128ms, electionTimeout:128ms
2019-10-16 21:55:30,828 [Thread-1950] INFO  impl.RoleInfo (RoleInfo.java:shutdownFollowerState(121)) - 277b5c5e-8c6f-4c9a-a53f-1bbc96404e12: shutdown FollowerState
2019-10-16 21:55:30,828 [Thread-1950] INFO  impl.RaftServerImpl (RaftServerImpl.java:setRole(184)) - 277b5c5e-8c6f-4c9a-a53f-1bbc96404e12@group-569FAC3F8BCE: changes role from  FOLLOWER to CANDIDATE at term 278 for changeToCandidate
2019-10-16 21:55:30,828 [Thread-1950] INFO  impl.RoleInfo (RoleInfo.java:updateAndGet(143)) - 277b5c5e-8c6f-4c9a-a53f-1bbc96404e12: start LeaderElection
2019-10-16 21:55:30,839 [277b5c5e-8c6f-4c9a-a53f-1bbc96404e12@group-569FAC3F8BCE-LeaderElection272] INFO  impl.LeaderElection (LeaderElection.java:askForVotes(178)) - 277b5c5e-8c6f-4c9a-a53f-1bbc96404e12@group-569FAC3F8BCE-LeaderElection272: begin an election at term 279 for -1: [a32408a4-f19d-4bad-97c5-ba33ae94fc9a:192.168.157.254:38721, 6b24a2ab-97ee-4d49-85cc-2d76c2f4b8ef:192.168.157.254:41080, 277b5c5e-8c6f-4c9a-a53f-1bbc96404e12:192.168.157.254:41416], old=null
2019-10-16 21:55:30,842 [grpc-default-executor-0] INFO  impl.RaftServerImpl (RaftServerImpl.java:setRole(184)) - a32408a4-f19d-4bad-97c5-ba33ae94fc9a@group-569FAC3F8BCE: changes role from  FOLLOWER to FOLLOWER at term 279 for recognizeCandidate:277b5c5e-8c6f-4c9a-a53f-1bbc96404e12
2019-10-16 21:55:30,842 [grpc-default-executor-1] INFO  impl.RaftServerImpl (RaftServerImpl.java:setRole(184)) - 6b24a2ab-97ee-4d49-85cc-2d76c2f4b8ef@group-569FAC3F8BCE: changes role from  FOLLOWER to FOLLOWER at term 279 for recognizeCandidate:277b5c5e-8c6f-4c9a-a53f-1bbc96404e12
2019-10-16 21:55:30,842 [grpc-default-executor-0] INFO  impl.RoleInfo (RoleInfo.java:shutdownFollowerState(121)) - a32408a4-f19d-4bad-97c5-ba33ae94fc9a: shutdown FollowerState
2019-10-16 21:55:30,842 [grpc-default-executor-1] INFO  impl.RoleInfo (RoleInfo.java:shutdownFollowerState(121)) - 6b24a2ab-97ee-4d49-85cc-2d76c2f4b8ef: shutdown FollowerState
2019-10-16 21:55:30,842 [Thread-1948] INFO  impl.FollowerState (FollowerState.java:run(117)) - a32408a4-f19d-4bad-97c5-ba33ae94fc9a@group-569FAC3F8BCE-FollowerState was interrupted: java.lang.InterruptedException: sleep interrupted
2019-10-16 21:55:30,842 [grpc-default-executor-0] INFO  impl.RoleInfo (RoleInfo.java:updateAndGet(143)) - a32408a4-f19d-4bad-97c5-ba33ae94fc9a: start FollowerState
2019-10-16 21:55:30,843 [Thread-1949] INFO  impl.FollowerState (FollowerState.java:run(117)) - 6b24a2ab-97ee-4d49-85cc-2d76c2f4b8ef@group-569FAC3F8BCE-FollowerState was interrupted: java.lang.InterruptedException: sleep interrupted
2019-10-16 21:55:30,842 [grpc-default-executor-1] INFO  impl.RoleInfo (RoleInfo.java:updateAndGet(143)) - 6b24a2ab-97ee-4d49-85cc-2d76c2f4b8ef: start FollowerState
2019-10-16 21:55:30,856 [277b5c5e-8c6f-4c9a-a53f-1bbc96404e12@group-569FAC3F8BCE-LeaderElection272] INFO  impl.LeaderElection (LeaderElection.java:logAndReturn(56)) - 277b5c5e-8c6f-4c9a-a53f-1bbc96404e12@group-569FAC3F8BCE-LeaderElection272: Election REJECTED; received 2 response(s) [277b5c5e-8c6f-4c9a-a53f-1bbc96404e12<-6b24a2ab-97ee-4d49-85cc-2d76c2f4b8ef#0:FAIL-t279, 277b5c5e-8c6f-4c9a-a53f-1bbc96404e12<-a32408a4-f19d-4bad-97c5-ba33ae94fc9a#0:FAIL-t279] and 0 exception(s); 277b5c5e-8c6f-4c9a-a53f-1bbc96404e12@group-569FAC3F8BCE:t279, leader=null, voted=277b5c5e-8c6f-4c9a-a53f-1bbc96404e12, raftlog=277b5c5e-8c6f-4c9a-a53f-1bbc96404e12@group-569FAC3F8BCE-SegmentedRaftLog:OPENED:c-1,f-1,i0, conf=-1: [a32408a4-f19d-4bad-97c5-ba33ae94fc9a:192.168.157.254:38721, 6b24a2ab-97ee-4d49-85cc-2d76c2f4b8ef:192.168.157.254:41080, 277b5c5e-8c6f-4c9a-a53f-1bbc96404e12:192.168.157.254:41416], old=null
2019-10-16 21:55:30,857 [277b5c5e-8c6f-4c9a-a53f-1bbc96404e12@group-569FAC3F8BCE-LeaderElection272] INFO  impl.RaftServerImpl (RaftServerImpl.java:setRole(184)) - 277b5c5e-8c6f-4c9a-a53f-1bbc96404e12@group-569FAC3F8BCE: changes role from CANDIDATE to FOLLOWER at term 279 for DISCOVERED_A_NEW_TERM
2019-10-16 21:55:30,857 [277b5c5e-8c6f-4c9a-a53f-1bbc96404e12@group-569FAC3F8BCE-LeaderElection272] INFO  impl.RoleInfo (RoleInfo.java:shutdownLeaderElection(134)) - 277b5c5e-8c6f-4c9a-a53f-1bbc96404e12: shutdown LeaderElection
2019-10-16 21:55:30,857 [277b5c5e-8c6f-4c9a-a53f-1bbc96404e12@group-569FAC3F8BCE-LeaderElection272] INFO  impl.RoleInfo (RoleInfo.java:updateAndGet(143)) - 277b5c5e-8c6f-4c9a-a53f-1bbc96404e12: start FollowerState
2019-10-16 21:55:30,898 [Thread-1956] INFO  impl.FollowerState (FollowerState.java:run(108)) - 277b5c5e-8c6f-4c9a-a53f-1bbc96404e12@group-569FAC3F8BCE-FollowerState: change to CANDIDATE, lastRpcTime:41ms, electionTimeout:41ms
2019-10-16 21:55:30,899 [Thread-1956] INFO  impl.RoleInfo (RoleInfo.java:shutdownFollowerState(121)) - 277b5c5e-8c6f-4c9a-a53f-1bbc96404e12: shutdown FollowerState
2019-10-16 21:55:30,899 [Thread-1956] INFO  impl.RaftServerImpl (RaftServerImpl.java:setRole(184)) - 277b5c5e-8c6f-4c9a-a53f-1bbc96404e12@group-569FAC3F8BCE: changes role from  FOLLOWER to CANDIDATE at term 279 for changeToCandidate
2019-10-16 21:55:30,899 [Thread-1956] INFO  impl.RoleInfo (RoleInfo.java:updateAndGet(143)) - 277b5c5e-8c6f-4c9a-a53f-1bbc96404e12: start LeaderElection
2019-10-16 21:55:30,913 [277b5c5e-8c6f-4c9a-a53f-1bbc96404e12@group-569FAC3F8BCE-LeaderElection273] INFO  impl.LeaderElection (LeaderElection.java:askForVotes(178)) - 277b5c5e-8c6f-4c9a-a53f-1bbc96404e12@group-569FAC3F8BCE-LeaderElection273: begin an election at term 280 for -1: [a32408a4-f19d-4bad-97c5-ba33ae94fc9a:192.168.157.254:38721, 6b24a2ab-97ee-4d49-85cc-2d76c2f4b8ef:192.168.157.254:41080, 277b5c5e-8c6f-4c9a-a53f-1bbc96404e12:192.168.157.254:41416], old=null
2019-10-16 21:55:30,915 [grpc-default-executor-0] INFO  impl.RaftServerImpl (RaftServerImpl.java:setRole(184)) - a32408a4-f19d-4bad-97c5-ba33ae94fc9a@group-569FAC3F8BCE: changes role from  FOLLOWER to FOLLOWER at term 280 for recognizeCandidate:277b5c5e-8c6f-4c9a-a53f-1bbc96404e12
2019-10-16 21:55:30,915 [grpc-default-executor-0] INFO  impl.RoleInfo (RoleInfo.java:shutdownFollowerState(121)) - a32408a4-f19d-4bad-97c5-ba33ae94fc9a: shutdown FollowerState
2019-10-16 21:55:30,915 [grpc-default-executor-0] INFO  impl.RoleInfo (RoleInfo.java:updateAndGet(143)) - a32408a4-f19d-4bad-97c5-ba33ae94fc9a: start FollowerState
2019-10-16 21:55:30,915 [grpc-default-executor-1] INFO  impl.RaftServerImpl (RaftServerImpl.java:setRole(184)) - 6b24a2ab-97ee-4d49-85cc-2d76c2f4b8ef@group-569FAC3F8BCE: changes role from  FOLLOWER to FOLLOWER at term 280 for recognizeCandidate:277b5c5e-8c6f-4c9a-a53f-1bbc96404e12
2019-10-16 21:55:30,915 [grpc-default-executor-1] INFO  impl.RoleInfo (RoleInfo.java:shutdownFollowerState(121)) - 6b24a2ab-97ee-4d49-85cc-2d76c2f4b8ef: shutdown FollowerState
2019-10-16 21:55:30,915 [Thread-1954] INFO  impl.FollowerState (FollowerState.java:run(117)) - a32408a4-f19d-4bad-97c5-ba33ae94fc9a@group-569FAC3F8BCE-FollowerState was interrupted: java.lang.InterruptedException: sleep interrupted
2019-10-16 21:55:30,916 [Thread-1955] INFO  impl.FollowerState (FollowerState.java:run(117)) - 6b24a2ab-97ee-4d49-85cc-2d76c2f4b8ef@group-569FAC3F8BCE-FollowerState was interrupted: java.lang.InterruptedException: sleep interrupted
2019-10-16 21:55:30,916 [grpc-default-executor-1] INFO  impl.RoleInfo (RoleInfo.java:updateAndGet(143)) - 6b24a2ab-97ee-4d49-85cc-2d76c2f4b8ef: start FollowerState
2019-10-16 21:55:30,931 [277b5c5e-8c6f-4c9a-a53f-1bbc96404e12@group-569FAC3F8BCE-LeaderElection273] INFO  impl.LeaderElection (LeaderElection.java:logAndReturn(56)) - 277b5c5e-8c6f-4c9a-a53f-1bbc96404e12@group-569FAC3F8BCE-LeaderElection273: Election REJECTED; received 2 response(s) [277b5c5e-8c6f-4c9a-a53f-1bbc96404e12<-6b24a2ab-97ee-4d49-85cc-2d76c2f4b8ef#0:FAIL-t280, 277b5c5e-8c6f-4c9a-a53f-1bbc96404e12<-a32408a4-f19d-4bad-97c5-ba33ae94fc9a#0:FAIL-t280] and 0 exception(s); 277b5c5e-8c6f-4c9a-a53f-1bbc96404e12@group-569FAC3F8BCE:t280, leader=null, voted=277b5c5e-8c6f-4c9a-a53f-1bbc96404e12, raftlog=277b5c5e-8c6f-4c9a-a53f-1bbc96404e12@group-569FAC3F8BCE-SegmentedRaftLog:OPENED:c-1,f-1,i0, conf=-1: [a32408a4-f19d-4bad-97c5-ba33ae94fc9a:192.168.157.254:38721, 6b24a2ab-97ee-4d49-85cc-2d76c2f4b8ef:192.168.157.254:41080, 277b5c5e-8c6f-4c9a-a53f-1bbc96404e12:192.168.157.254:41416], old=null
2019-10-16 21:55:30,931 [277b5c5e-8c6f-4c9a-a53f-1bbc96404e12@group-569FAC3F8BCE-LeaderElection273] INFO  impl.RaftServerImpl (RaftServerImpl.java:setRole(184)) - 277b5c5e-8c6f-4c9a-a53f-1bbc96404e12@group-569FAC3F8BCE: changes role from CANDIDATE to FOLLOWER at term 280 for DISCOVERED_A_NEW_TERM
2019-10-16 21:55:30,932 [277b5c5e-8c6f-4c9a-a53f-1bbc96404e12@group-569FAC3F8BCE-LeaderElection273] INFO  impl.RoleInfo (RoleInfo.java:shutdownLeaderElection(134)) - 277b5c5e-8c6f-4c9a-a53f-1bbc96404e12: shutdown LeaderElection
2019-10-16 21:55:30,932 [277b5c5e-8c6f-4c9a-a53f-1bbc96404e12@group-569FAC3F8BCE-LeaderElection273] INFO  impl.RoleInfo (RoleInfo.java:updateAndGet(143)) - 277b5c5e-8c6f-4c9a-a53f-1bbc96404e12: start FollowerState
2019-10-16 21:55:31,088 [Thread-1962] INFO  impl.FollowerState (FollowerState.java:run(108)) - 277b5c5e-8c6f-4c9a-a53f-1bbc96404e12@group-569FAC3F8BCE-FollowerState: change to CANDIDATE, lastRpcTime:156ms, electionTimeout:156ms
2019-10-16 21:55:31,089 [Thread-1962] INFO  impl.RoleInfo (RoleInfo.java:shutdownFollowerState(121)) - 277b5c5e-8c6f-4c9a-a53f-1bbc96404e12: shutdown FollowerState
2019-10-16 21:55:31,089 [Thread-1962] INFO  impl.RaftServerImpl (RaftServerImpl.java:setRole(184)) - 277b5c5e-8c6f-4c9a-a53f-1bbc96404e12@group-569FAC3F8BCE: changes role from  FOLLOWER to CANDIDATE at term 280 for changeToCandidate
2019-10-16 21:55:31,089 [Thread-1962] INFO  impl.RoleInfo (RoleInfo.java:updateAndGet(143)) - 277b5c5e-8c6f-4c9a-a53f-1bbc96404e12: start LeaderElection
2019-10-16 21:55:31,115 [277b5c5e-8c6f-4c9a-a53f-1bbc96404e12@group-569FAC3F8BCE-LeaderElection274] INFO  impl.LeaderElection (LeaderElection.java:askForVotes(178)) - 277b5c5e-8c6f-4c9a-a53f-1bbc96404e12@group-569FAC3F8BCE-LeaderElection274: begin an election at term 281 for -1: [a32408a4-f19d-4bad-97c5-ba33ae94fc9a:192.168.157.254:38721, 6b24a2ab-97ee-4d49-85cc-2d76c2f4b8ef:192.168.157.254:41080, 277b5c5e-8c6f-4c9a-a53f-1bbc96404e12:192.168.157.254:41416], old=null
2019-10-16 21:55:31,118 [grpc-default-executor-1] INFO  impl.RaftServerImpl (RaftServerImpl.java:setRole(184)) - a32408a4-f19d-4bad-97c5-ba33ae94fc9a@group-569FAC3F8BCE: changes role from  FOLLOWER to FOLLOWER at term 281 for recognizeCandidate:277b5c5e-8c6f-4c9a-a53f-1bbc96404e12
2019-10-16 21:55:31,118 [grpc-default-executor-0] INFO  impl.RaftServerImpl (RaftServerImpl.java:setRole(184)) - 6b24a2ab-97ee-4d49-85cc-2d76c2f4b8ef@group-569FAC3F8BCE: changes role from  FOLLOWER to FOLLOWER at term 281 for recognizeCandidate:277b5c5e-8c6f-4c9a-a53f-1bbc96404e12
2019-10-16 21:55:31,118 [grpc-default-executor-0] INFO  impl.RoleInfo (RoleInfo.java:shutdownFollowerState(121)) - 6b24a2ab-97ee-4d49-85cc-2d76c2f4b8ef: shutdown FollowerState
2019-10-16 21:55:31,118 [grpc-default-executor-1] INFO  impl.RoleInfo (RoleInfo.java:shutdownFollowerState(121)) - a32408a4-f19d-4bad-97c5-ba33ae94fc9a: shutdown FollowerState
2019-10-16 21:55:31,118 [Thread-1961] INFO  impl.FollowerState (FollowerState.java:run(117)) - 6b24a2ab-97ee-4d49-85cc-2d76c2f4b8ef@group-569FAC3F8BCE-FollowerState was interrupted: java.lang.InterruptedException: sleep interrupted
2019-10-16 21:55:31,118 [grpc-default-executor-0] INFO  impl.RoleInfo (RoleInfo.java:updateAndGet(143)) - 6b24a2ab-97ee-4d49-85cc-2d76c2f4b8ef: start FollowerState
2019-10-16 21:55:31,118 [Thread-1960] INFO  impl.FollowerState (FollowerState.java:run(117)) - a32408a4-f19d-4bad-97c5-ba33ae94fc9a@group-569FAC3F8BCE-FollowerState was interrupted: java.lang.InterruptedException: sleep interrupted
2019-10-16 21:55:31,118 [grpc-default-executor-1] INFO  impl.RoleInfo (RoleInfo.java:updateAndGet(143)) - a32408a4-f19d-4bad-97c5-ba33ae94fc9a: start FollowerState
2019-10-16 21:55:31,133 [277b5c5e-8c6f-4c9a-a53f-1bbc96404e12@group-569FAC3F8BCE-LeaderElection274] INFO  impl.LeaderElection (LeaderElection.java:logAndReturn(56)) - 277b5c5e-8c6f-4c9a-a53f-1bbc96404e12@group-569FAC3F8BCE-LeaderElection274: Election REJECTED; received 2 response(s) [277b5c5e-8c6f-4c9a-a53f-1bbc96404e12<-6b24a2ab-97ee-4d49-85cc-2d76c2f4b8ef#0:FAIL-t281, 277b5c5e-8c6f-4c9a-a53f-1bbc96404e12<-a32408a4-f19d-4bad-97c5-ba33ae94fc9a#0:FAIL-t281] and 0 exception(s); 277b5c5e-8c6f-4c9a-a53f-1bbc96404e12@group-569FAC3F8BCE:t281, leader=null, voted=277b5c5e-8c6f-4c9a-a53f-1bbc96404e12, raftlog=277b5c5e-8c6f-4c9a-a53f-1bbc96404e12@group-569FAC3F8BCE-SegmentedRaftLog:OPENED:c-1,f-1,i0, conf=-1: [a32408a4-f19d-4bad-97c5-ba33ae94fc9a:192.168.157.254:38721, 6b24a2ab-97ee-4d49-85cc-2d76c2f4b8ef:192.168.157.254:41080, 277b5c5e-8c6f-4c9a-a53f-1bbc96404e12:192.168.157.254:41416], old=null
2019-10-16 21:55:31,133 [277b5c5e-8c6f-4c9a-a53f-1bbc96404e12@group-569FAC3F8BCE-LeaderElection274] INFO  impl.RaftServerImpl (RaftServerImpl.java:setRole(184)) - 277b5c5e-8c6f-4c9a-a53f-1bbc96404e12@group-569FAC3F8BCE: changes role from CANDIDATE to FOLLOWER at term 281 for DISCOVERED_A_NEW_TERM
2019-10-16 21:55:31,133 [277b5c5e-8c6f-4c9a-a53f-1bbc96404e12@group-569FAC3F8BCE-LeaderElection274] INFO  impl.RoleInfo (RoleInfo.java:shutdownLeaderElection(134)) - 277b5c5e-8c6f-4c9a-a53f-1bbc96404e12: shutdown LeaderElection
2019-10-16 21:55:31,133 [277b5c5e-8c6f-4c9a-a53f-1bbc96404e12@group-569FAC3F8BCE-LeaderElection274] INFO  impl.RoleInfo (RoleInfo.java:updateAndGet(143)) - 277b5c5e-8c6f-4c9a-a53f-1bbc96404e12: start FollowerState
2019-10-16 21:55:31,158 [Thread-1968] INFO  impl.FollowerState (FollowerState.java:run(108)) - 277b5c5e-8c6f-4c9a-a53f-1bbc96404e12@group-569FAC3F8BCE-FollowerState: change to CANDIDATE, lastRpcTime:24ms, electionTimeout:24ms
2019-10-16 21:55:31,158 [Thread-1968] INFO  impl.RoleInfo (RoleInfo.java:shutdownFollowerState(121)) - 277b5c5e-8c6f-4c9a-a53f-1bbc96404e12: shutdown FollowerState
2019-10-16 21:55:31,158 [Thread-1968] INFO  impl.RaftServerImpl (RaftServerImpl.java:setRole(184)) - 277b5c5e-8c6f-4c9a-a53f-1bbc96404e12@group-569FAC3F8BCE: changes role from  FOLLOWER to CANDIDATE at term 281 for changeToCandidate
2019-10-16 21:55:31,159 [Thread-1968] INFO  impl.RoleInfo (RoleInfo.java:updateAndGet(143)) - 277b5c5e-8c6f-4c9a-a53f-1bbc96404e12: start LeaderElection
2019-10-16 21:55:31,181 [277b5c5e-8c6f-4c9a-a53f-1bbc96404e12@group-569FAC3F8BCE-LeaderElection275] INFO  impl.LeaderElection (LeaderElection.java:askForVotes(178)) - 277b5c5e-8c6f-4c9a-a53f-1bbc96404e12@group-569FAC3F8BCE-LeaderElection275: begin an election at term 282 for -1: [a32408a4-f19d-4bad-97c5-ba33ae94fc9a:192.168.157.254:38721, 6b24a2ab-97ee-4d49-85cc-2d76c2f4b8ef:192.168.157.254:41080, 277b5c5e-8c6f-4c9a-a53f-1bbc96404e12:192.168.157.254:41416], old=null
2019-10-16 21:55:31,184 [grpc-default-executor-0] INFO  impl.RaftServerImpl (RaftServerImpl.java:setRole(184)) - a32408a4-f19d-4bad-97c5-ba33ae94fc9a@group-569FAC3F8BCE: changes role from  FOLLOWER to FOLLOWER at term 282 for recognizeCandidate:277b5c5e-8c6f-4c9a-a53f-1bbc96404e12
2019-10-16 21:55:31,184 [grpc-default-executor-0] INFO  impl.RoleInfo (RoleInfo.java:shutdownFollowerState(121)) - a32408a4-f19d-4bad-97c5-ba33ae94fc9a: shutdown FollowerState
2019-10-16 21:55:31,184 [grpc-default-executor-0] INFO  impl.RoleInfo (RoleInfo.java:updateAndGet(143)) - a32408a4-f19d-4bad-97c5-ba33ae94fc9a: start FollowerState
2019-10-16 21:55:31,184 [Thread-1967] INFO  impl.FollowerState (FollowerState.java:run(117)) - a32408a4-f19d-4bad-97c5-ba33ae94fc9a@group-569FAC3F8BCE-FollowerState was interrupted: java.lang.InterruptedException: sleep interrupted
2019-10-16 21:55:31,184 [grpc-default-executor-1] INFO  impl.RaftServerImpl (RaftServerImpl.java:setRole(184)) - 6b24a2ab-97ee-4d49-85cc-2d76c2f4b8ef@group-569FAC3F8BCE: changes role from  FOLLOWER to FOLLOWER at term 282 for recognizeCandidate:277b5c5e-8c6f-4c9a-a53f-1bbc96404e12
2019-10-16 21:55:31,185 [grpc-default-executor-1] INFO  impl.RoleInfo (RoleInfo.java:shutdownFollowerState(121)) - 6b24a2ab-97ee-4d49-85cc-2d76c2f4b8ef: shutdown FollowerState
2019-10-16 21:55:31,185 [Thread-1966] INFO  impl.FollowerState (FollowerState.java:run(117)) - 6b24a2ab-97ee-4d49-85cc-2d76c2f4b8ef@group-569FAC3F8BCE-FollowerState was interrupted: java.lang.InterruptedException: sleep interrupted
2019-10-16 21:55:31,185 [grpc-default-executor-1] INFO  impl.RoleInfo (RoleInfo.java:updateAndGet(143)) - 6b24a2ab-97ee-4d49-85cc-2d76c2f4b8ef: start FollowerState
2019-10-16 21:55:31,210 [277b5c5e-8c6f-4c9a-a53f-1bbc96404e12@group-569FAC3F8BCE-LeaderElection275] INFO  impl.LeaderElection (LeaderElection.java:logAndReturn(56)) - 277b5c5e-8c6f-4c9a-a53f-1bbc96404e12@group-569FAC3F8BCE-LeaderElection275: Election REJECTED; received 2 response(s) [277b5c5e-8c6f-4c9a-a53f-1bbc96404e12<-6b24a2ab-97ee-4d49-85cc-2d76c2f4b8ef#0:FAIL-t282, 277b5c5e-8c6f-4c9a-a53f-1bbc96404e12<-a32408a4-f19d-4bad-97c5-ba33ae94fc9a#0:FAIL-t282] and 0 exception(s); 277b5c5e-8c6f-4c9a-a53f-1bbc96404e12@group-569FAC3F8BCE:t282, leader=null, voted=277b5c5e-8c6f-4c9a-a53f-1bbc96404e12, raftlog=277b5c5e-8c6f-4c9a-a53f-1bbc96404e12@group-569FAC3F8BCE-SegmentedRaftLog:OPENED:c-1,f-1,i0, conf=-1: [a32408a4-f19d-4bad-97c5-ba33ae94fc9a:192.168.157.254:38721, 6b24a2ab-97ee-4d49-85cc-2d76c2f4b8ef:192.168.157.254:41080, 277b5c5e-8c6f-4c9a-a53f-1bbc96404e12:192.168.157.254:41416], old=null
2019-10-16 21:55:31,210 [277b5c5e-8c6f-4c9a-a53f-1bbc96404e12@group-569FAC3F8BCE-LeaderElection275] INFO  impl.RaftServerImpl (RaftServerImpl.java:setRole(184)) - 277b5c5e-8c6f-4c9a-a53f-1bbc96404e12@group-569FAC3F8BCE: changes role from CANDIDATE to FOLLOWER at term 282 for DISCOVERED_A_NEW_TERM
2019-10-16 21:55:31,210 [277b5c5e-8c6f-4c9a-a53f-1bbc96404e12@group-569FAC3F8BCE-LeaderElection275] INFO  impl.RoleInfo (RoleInfo.java:shutdownLeaderElection(134)) - 277b5c5e-8c6f-4c9a-a53f-1bbc96404e12: shutdown LeaderElection
2019-10-16 21:55:31,210 [277b5c5e-8c6f-4c9a-a53f-1bbc96404e12@group-569FAC3F8BCE-LeaderElection275] INFO  impl.RoleInfo (RoleInfo.java:updateAndGet(143)) - 277b5c5e-8c6f-4c9a-a53f-1bbc96404e12: start FollowerState
2019-10-16 21:55:31,237 [Thread-1974] INFO  impl.FollowerState (FollowerState.java:run(108)) - 277b5c5e-8c6f-4c9a-a53f-1bbc96404e12@group-569FAC3F8BCE-FollowerState: change to CANDIDATE, lastRpcTime:26ms, electionTimeout:26ms
2019-10-16 21:55:31,237 [Thread-1974] INFO  impl.RoleInfo (RoleInfo.java:shutdownFollowerState(121)) - 277b5c5e-8c6f-4c9a-a53f-1bbc96404e12: shutdown FollowerState
2019-10-16 21:55:31,237 [Thread-1974] INFO  impl.RaftServerImpl (RaftServerImpl.java:setRole(184)) - 277b5c5e-8c6f-4c9a-a53f-1bbc96404e12@group-569FAC3F8BCE: changes role from  FOLLOWER to CANDIDATE at term 282 for changeToCandidate
2019-10-16 21:55:31,237 [Thread-1974] INFO  impl.RoleInfo (RoleInfo.java:updateAndGet(143)) - 277b5c5e-8c6f-4c9a-a53f-1bbc96404e12: start LeaderElection
2019-10-16 21:55:31,256 [277b5c5e-8c6f-4c9a-a53f-1bbc96404e12@group-569FAC3F8BCE-LeaderElection276] INFO  impl.LeaderElection (LeaderElection.java:askForVotes(178)) - 277b5c5e-8c6f-4c9a-a53f-1bbc96404e12@group-569FAC3F8BCE-LeaderElection276: begin an election at term 283 for -1: [a32408a4-f19d-4bad-97c5-ba33ae94fc9a:192.168.157.254:38721, 6b24a2ab-97ee-4d49-85cc-2d76c2f4b8ef:192.168.157.254:41080, 277b5c5e-8c6f-4c9a-a53f-1bbc96404e12:192.168.157.254:41416], old=null
2019-10-16 21:55:31,258 [grpc-default-executor-1] INFO  impl.RaftServerImpl (RaftServerImpl.java:setRole(184)) - a32408a4-f19d-4bad-97c5-ba33ae94fc9a@group-569FAC3F8BCE: changes role from  FOLLOWER to FOLLOWER at term 283 for recognizeCandidate:277b5c5e-8c6f-4c9a-a53f-1bbc96404e12
2019-10-16 21:55:31,258 [grpc-default-executor-0] INFO  impl.RaftServerImpl (RaftServerImpl.java:setRole(184)) - 6b24a2ab-97ee-4d49-85cc-2d76c2f4b8ef@group-569FAC3F8BCE: changes role from  FOLLOWER to FOLLOWER at term 283 for recognizeCandidate:277b5c5e-8c6f-4c9a-a53f-1bbc96404e12
2019-10-16 21:55:31,259 [grpc-default-executor-0] INFO  impl.RoleInfo (RoleInfo.java:shutdownFollowerState(121)) - 6b24a2ab-97ee-4d49-85cc-2d76c2f4b8ef: shutdown FollowerState
2019-10-16 21:55:31,258 [grpc-default-executor-1] INFO  impl.RoleInfo (RoleInfo.java:shutdownFollowerState(121)) - a32408a4-f19d-4bad-97c5-ba33ae94fc9a: shutdown FollowerState
2019-10-16 21:55:31,259 [Thread-1973] INFO  impl.FollowerState (FollowerState.java:run(117)) - 6b24a2ab-97ee-4d49-85cc-2d76c2f4b8ef@group-569FAC3F8BCE-FollowerState was interrupted: java.lang.InterruptedException: sleep interrupted
2019-10-16 21:55:31,259 [grpc-default-executor-0] INFO  impl.RoleInfo (RoleInfo.java:updateAndGet(143)) - 6b24a2ab-97ee-4d49-85cc-2d76c2f4b8ef: start FollowerState
2019-10-16 21:55:31,259 [grpc-default-executor-1] INFO  impl.RoleInfo (RoleInfo.java:updateAndGet(143)) - a32408a4-f19d-4bad-97c5-ba33ae94fc9a: start FollowerState
2019-10-16 21:55:31,259 [Thread-1972] INFO  impl.FollowerState (FollowerState.java:run(117)) - a32408a4-f19d-4bad-97c5-ba33ae94fc9a@group-569FAC3F8BCE-FollowerState was interrupted: java.lang.InterruptedException: sleep interrupted
2019-10-16 21:55:31,278 [277b5c5e-8c6f-4c9a-a53f-1bbc96404e12@group-569FAC3F8BCE-LeaderElection276] INFO  impl.LeaderElection (LeaderElection.java:logAndReturn(56)) - 277b5c5e-8c6f-4c9a-a53f-1bbc96404e12@group-569FAC3F8BCE-LeaderElection276: Election REJECTED; received 2 response(s) [277b5c5e-8c6f-4c9a-a53f-1bbc96404e12<-6b24a2ab-97ee-4d49-85cc-2d76c2f4b8ef#0:FAIL-t283, 277b5c5e-8c6f-4c9a-a53f-1bbc96404e12<-a32408a4-f19d-4bad-97c5-ba33ae94fc9a#0:FAIL-t283] and 0 exception(s); 277b5c5e-8c6f-4c9a-a53f-1bbc96404e12@group-569FAC3F8BCE:t283, leader=null, voted=277b5c5e-8c6f-4c9a-a53f-1bbc96404e12, raftlog=277b5c5e-8c6f-4c9a-a53f-1bbc96404e12@group-569FAC3F8BCE-SegmentedRaftLog:OPENED:c-1,f-1,i0, conf=-1: [a32408a4-f19d-4bad-97c5-ba33ae94fc9a:192.168.157.254:38721, 6b24a2ab-97ee-4d49-85cc-2d76c2f4b8ef:192.168.157.254:41080, 277b5c5e-8c6f-4c9a-a53f-1bbc96404e12:192.168.157.254:41416], old=null
2019-10-16 21:55:31,278 [277b5c5e-8c6f-4c9a-a53f-1bbc96404e12@group-569FAC3F8BCE-LeaderElection276] INFO  impl.RaftServerImpl (RaftServerImpl.java:setRole(184)) - 277b5c5e-8c6f-4c9a-a53f-1bbc96404e12@group-569FAC3F8BCE: changes role from CANDIDATE to FOLLOWER at term 283 for DISCOVERED_A_NEW_TERM
2019-10-16 21:55:31,278 [277b5c5e-8c6f-4c9a-a53f-1bbc96404e12@group-569FAC3F8BCE-LeaderElection276] INFO  impl.RoleInfo (RoleInfo.java:shutdownLeaderElection(134)) - 277b5c5e-8c6f-4c9a-a53f-1bbc96404e12: shutdown LeaderElection
2019-10-16 21:55:31,278 [277b5c5e-8c6f-4c9a-a53f-1bbc96404e12@group-569FAC3F8BCE-LeaderElection276] INFO  impl.RoleInfo (RoleInfo.java:updateAndGet(143)) - 277b5c5e-8c6f-4c9a-a53f-1bbc96404e12: start FollowerState
2019-10-16 21:55:31,313 [Thread-1980] INFO  impl.FollowerState (FollowerState.java:run(108)) - 277b5c5e-8c6f-4c9a-a53f-1bbc96404e12@group-569FAC3F8BCE-FollowerState: change to CANDIDATE, lastRpcTime:34ms, electionTimeout:34ms
2019-10-16 21:55:31,313 [Thread-1980] INFO  impl.RoleInfo (RoleInfo.java:shutdownFollowerState(121)) - 277b5c5e-8c6f-4c9a-a53f-1bbc96404e12: shutdown FollowerState
2019-10-16 21:55:31,313 [Thread-1980] INFO  impl.RaftServerImpl (RaftServerImpl.java:setRole(184)) - 277b5c5e-8c6f-4c9a-a53f-1bbc96404e12@group-569FAC3F8BCE: changes role from  FOLLOWER to CANDIDATE at term 283 for changeToCandidate
2019-10-16 21:55:31,313 [Thread-1980] INFO  impl.RoleInfo (RoleInfo.java:updateAndGet(143)) - 277b5c5e-8c6f-4c9a-a53f-1bbc96404e12: start LeaderElection
2019-10-16 21:55:31,334 [277b5c5e-8c6f-4c9a-a53f-1bbc96404e12@group-569FAC3F8BCE-LeaderElection277] INFO  impl.LeaderElection (LeaderElection.java:askForVotes(178)) - 277b5c5e-8c6f-4c9a-a53f-1bbc96404e12@group-569FAC3F8BCE-LeaderElection277: begin an election at term 284 for -1: [a32408a4-f19d-4bad-97c5-ba33ae94fc9a:192.168.157.254:38721, 6b24a2ab-97ee-4d49-85cc-2d76c2f4b8ef:192.168.157.254:41080, 277b5c5e-8c6f-4c9a-a53f-1bbc96404e12:192.168.157.254:41416], old=null
2019-10-16 21:55:31,336 [grpc-default-executor-1] INFO  impl.RaftServerImpl (RaftServerImpl.java:setRole(184)) - a32408a4-f19d-4bad-97c5-ba33ae94fc9a@group-569FAC3F8BCE: changes role from  FOLLOWER to FOLLOWER at term 284 for recognizeCandidate:277b5c5e-8c6f-4c9a-a53f-1bbc96404e12
2019-10-16 21:55:31,337 [grpc-default-executor-0] INFO  impl.RaftServerImpl (RaftServerImpl.java:setRole(184)) - 6b24a2ab-97ee-4d49-85cc-2d76c2f4b8ef@group-569FAC3F8BCE: changes role from  FOLLOWER to FOLLOWER at term 284 for recognizeCandidate:277b5c5e-8c6f-4c9a-a53f-1bbc96404e12
2019-10-16 21:55:31,337 [grpc-default-executor-1] INFO  impl.RoleInfo (RoleInfo.java:shutdownFollowerState(121)) - a32408a4-f19d-4bad-97c5-ba33ae94fc9a: shutdown FollowerState
2019-10-16 21:55:31,337 [grpc-default-executor-0] INFO  impl.RoleInfo (RoleInfo.java:shutdownFollowerState(121)) - 6b24a2ab-97ee-4d49-85cc-2d76c2f4b8ef: shutdown FollowerState
2019-10-16 21:55:31,337 [Thread-1979] INFO  impl.FollowerState (FollowerState.java:run(117)) - a32408a4-f19d-4bad-97c5-ba33ae94fc9a@group-569FAC3F8BCE-FollowerState was interrupted: java.lang.InterruptedException: sleep interrupted
2019-10-16 21:55:31,337 [Thread-1978] INFO  impl.FollowerState (FollowerState.java:run(117)) - 6b24a2ab-97ee-4d49-85cc-2d76c2f4b8ef@group-569FAC3F8BCE-FollowerState was interrupted: java.lang.InterruptedException: sleep interrupted
2019-10-16 21:55:31,337 [grpc-default-executor-1] INFO  impl.RoleInfo (RoleInfo.java:updateAndGet(143)) - a32408a4-f19d-4bad-97c5-ba33ae94fc9a: start FollowerState
2019-10-16 21:55:31,337 [grpc-default-executor-0] INFO  impl.RoleInfo (RoleInfo.java:updateAndGet(143)) - 6b24a2ab-97ee-4d49-85cc-2d76c2f4b8ef: start FollowerState
2019-10-16 21:55:31,358 [277b5c5e-8c6f-4c9a-a53f-1bbc96404e12@group-569FAC3F8BCE-LeaderElection277] INFO  impl.LeaderElection (LeaderElection.java:logAndReturn(56)) - 277b5c5e-8c6f-4c9a-a53f-1bbc96404e12@group-569FAC3F8BCE-LeaderElection277: Election REJECTED; received 2 response(s) [277b5c5e-8c6f-4c9a-a53f-1bbc96404e12<-6b24a2ab-97ee-4d49-85cc-2d76c2f4b8ef#0:FAIL-t284, 277b5c5e-8c6f-4c9a-a53f-1bbc96404e12<-a32408a4-f19d-4bad-97c5-ba33ae94fc9a#0:FAIL-t284] and 0 exception(s); 277b5c5e-8c6f-4c9a-a53f-1bbc96404e12@group-569FAC3F8BCE:t284, leader=null, voted=277b5c5e-8c6f-4c9a-a53f-1bbc96404e12, raftlog=277b5c5e-8c6f-4c9a-a53f-1bbc96404e12@group-569FAC3F8BCE-SegmentedRaftLog:OPENED:c-1,f-1,i0, conf=-1: [a32408a4-f19d-4bad-97c5-ba33ae94fc9a:192.168.157.254:38721, 6b24a2ab-97ee-4d49-85cc-2d76c2f4b8ef:192.168.157.254:41080, 277b5c5e-8c6f-4c9a-a53f-1bbc96404e12:192.168.157.254:41416], old=null
2019-10-16 21:55:31,358 [277b5c5e-8c6f-4c9a-a53f-1bbc96404e12@group-569FAC3F8BCE-LeaderElection277] INFO  impl.RaftServerImpl (RaftServerImpl.java:setRole(184)) - 277b5c5e-8c6f-4c9a-a53f-1bbc96404e12@group-569FAC3F8BCE: changes role from CANDIDATE to FOLLOWER at term 284 for DISCOVERED_A_NEW_TERM
2019-10-16 21:55:31,358 [277b5c5e-8c6f-4c9a-a53f-1bbc96404e12@group-569FAC3F8BCE-LeaderElection277] INFO  impl.RoleInfo (RoleInfo.java:shutdownLeaderElection(134)) - 277b5c5e-8c6f-4c9a-a53f-1bbc96404e12: shutdown LeaderElection
2019-10-16 21:55:31,358 [277b5c5e-8c6f-4c9a-a53f-1bbc96404e12@group-569FAC3F8BCE-LeaderElection277] INFO  impl.RoleInfo (RoleInfo.java:updateAndGet(143)) - 277b5c5e-8c6f-4c9a-a53f-1bbc96404e12: start FollowerState
2019-10-16 21:55:31,453 [Thread-1986] INFO  impl.FollowerState (FollowerState.java:run(108)) - 277b5c5e-8c6f-4c9a-a53f-1bbc96404e12@group-569FAC3F8BCE-FollowerState: change to CANDIDATE, lastRpcTime:94ms, electionTimeout:94ms
2019-10-16 21:55:31,453 [Thread-1986] INFO  impl.RoleInfo (RoleInfo.java:shutdownFollowerState(121)) - 277b5c5e-8c6f-4c9a-a53f-1bbc96404e12: shutdown FollowerState
2019-10-16 21:55:31,453 [Thread-1986] INFO  impl.RaftServerImpl (RaftServerImpl.java:setRole(184)) - 277b5c5e-8c6f-4c9a-a53f-1bbc96404e12@group-569FAC3F8BCE: changes role from  FOLLOWER to CANDIDATE at term 284 for changeToCandidate
2019-10-16 21:55:31,453 [Thread-1986] INFO  impl.RoleInfo (RoleInfo.java:updateAndGet(143)) - 277b5c5e-8c6f-4c9a-a53f-1bbc96404e12: start LeaderElection
2019-10-16 21:55:31,471 [277b5c5e-8c6f-4c9a-a53f-1bbc96404e12@group-569FAC3F8BCE-LeaderElection278] INFO  impl.LeaderElection (LeaderElection.java:askForVotes(178)) - 277b5c5e-8c6f-4c9a-a53f-1bbc96404e12@group-569FAC3F8BCE-LeaderElection278: begin an election at term 285 for -1: [a32408a4-f19d-4bad-97c5-ba33ae94fc9a:192.168.157.254:38721, 6b24a2ab-97ee-4d49-85cc-2d76c2f4b8ef:192.168.157.254:41080, 277b5c5e-8c6f-4c9a-a53f-1bbc96404e12:192.168.157.254:41416], old=null
2019-10-16 21:55:31,474 [grpc-default-executor-0] INFO  impl.RaftServerImpl (RaftServerImpl.java:setRole(184)) - a32408a4-f19d-4bad-97c5-ba33ae94fc9a@group-569FAC3F8BCE: changes role from  FOLLOWER to FOLLOWER at term 285 for recognizeCandidate:277b5c5e-8c6f-4c9a-a53f-1bbc96404e12
2019-10-16 21:55:31,474 [grpc-default-executor-1] INFO  impl.RaftServerImpl (RaftServerImpl.java:setRole(184)) - 6b24a2ab-97ee-4d49-85cc-2d76c2f4b8ef@group-569FAC3F8BCE: changes role from  FOLLOWER to FOLLOWER at term 285 for recognizeCandidate:277b5c5e-8c6f-4c9a-a53f-1bbc96404e12
2019-10-16 21:55:31,474 [grpc-default-executor-0] INFO  impl.RoleInfo (RoleInfo.java:shutdownFollowerState(121)) - a32408a4-f19d-4bad-97c5-ba33ae94fc9a: shutdown FollowerState
2019-10-16 21:55:31,474 [grpc-default-executor-1] INFO  impl.RoleInfo (RoleInfo.java:shutdownFollowerState(121)) - 6b24a2ab-97ee-4d49-85cc-2d76c2f4b8ef: shutdown FollowerState
2019-10-16 21:55:31,474 [Thread-1984] INFO  impl.FollowerState (FollowerState.java:run(117)) - a32408a4-f19d-4bad-97c5-ba33ae94fc9a@group-569FAC3F8BCE-FollowerState was interrupted: java.lang.InterruptedException: sleep interrupted
2019-10-16 21:55:31,474 [grpc-default-executor-0] INFO  impl.RoleInfo (RoleInfo.java:updateAndGet(143)) - a32408a4-f19d-4bad-97c5-ba33ae94fc9a: start FollowerState
2019-10-16 21:55:31,474 [Thread-1985] INFO  impl.FollowerState (FollowerState.java:run(117)) - 6b24a2ab-97ee-4d49-85cc-2d76c2f4b8ef@group-569FAC3F8BCE-FollowerState was interrupted: java.lang.InterruptedException: sleep interrupted
2019-10-16 21:55:31,474 [grpc-default-executor-1] INFO  impl.RoleInfo (RoleInfo.java:updateAndGet(143)) - 6b24a2ab-97ee-4d49-85cc-2d76c2f4b8ef: start FollowerState
2019-10-16 21:55:31,486 [277b5c5e-8c6f-4c9a-a53f-1bbc96404e12@group-569FAC3F8BCE-LeaderElection278] INFO  impl.LeaderElection (LeaderElection.java:logAndReturn(56)) - 277b5c5e-8c6f-4c9a-a53f-1bbc96404e12@group-569FAC3F8BCE-LeaderElection278: Election REJECTED; received 2 response(s) [277b5c5e-8c6f-4c9a-a53f-1bbc96404e12<-6b24a2ab-97ee-4d49-85cc-2d76c2f4b8ef#0:FAIL-t285, 277b5c5e-8c6f-4c9a-a53f-1bbc96404e12<-a32408a4-f19d-4bad-97c5-ba33ae94fc9a#0:FAIL-t285] and 0 exception(s); 277b5c5e-8c6f-4c9a-a53f-1bbc96404e12@group-569FAC3F8BCE:t285, leader=null, voted=277b5c5e-8c6f-4c9a-a53f-1bbc96404e12, raftlog=277b5c5e-8c6f-4c9a-a53f-1bbc96404e12@group-569FAC3F8BCE-SegmentedRaftLog:OPENED:c-1,f-1,i0, conf=-1: [a32408a4-f19d-4bad-97c5-ba33ae94fc9a:192.168.157.254:38721, 6b24a2ab-97ee-4d49-85cc-2d76c2f4b8ef:192.168.157.254:41080, 277b5c5e-8c6f-4c9a-a53f-1bbc96404e12:192.168.157.254:41416], old=null
2019-10-16 21:55:31,487 [277b5c5e-8c6f-4c9a-a53f-1bbc96404e12@group-569FAC3F8BCE-LeaderElection278] INFO  impl.RaftServerImpl (RaftServerImpl.java:setRole(184)) - 277b5c5e-8c6f-4c9a-a53f-1bbc96404e12@group-569FAC3F8BCE: changes role from CANDIDATE to FOLLOWER at term 285 for DISCOVERED_A_NEW_TERM
2019-10-16 21:55:31,487 [277b5c5e-8c6f-4c9a-a53f-1bbc96404e12@group-569FAC3F8BCE-LeaderElection278] INFO  impl.RoleInfo (RoleInfo.java:shutdownLeaderElection(134)) - 277b5c5e-8c6f-4c9a-a53f-1bbc96404e12: shutdown LeaderElection
2019-10-16 21:55:31,487 [277b5c5e-8c6f-4c9a-a53f-1bbc96404e12@group-569FAC3F8BCE-LeaderElection278] INFO  impl.RoleInfo (RoleInfo.java:updateAndGet(143)) - 277b5c5e-8c6f-4c9a-a53f-1bbc96404e12: start FollowerState
2019-10-16 21:55:31,575 [Thread-0] INFO  ozone.MiniOzoneClusterImpl (MiniOzoneClusterImpl.java:lambda$waitForClusterToBeReady$2(164)) - Waiting for 1 number of pipelines out of 4, to report a leader.
2019-10-16 21:55:31,646 [Thread-1992] INFO  impl.FollowerState (FollowerState.java:run(108)) - 277b5c5e-8c6f-4c9a-a53f-1bbc96404e12@group-569FAC3F8BCE-FollowerState: change to CANDIDATE, lastRpcTime:159ms, electionTimeout:159ms
2019-10-16 21:55:31,647 [Thread-1992] INFO  impl.RoleInfo (RoleInfo.java:shutdownFollowerState(121)) - 277b5c5e-8c6f-4c9a-a53f-1bbc96404e12: shutdown FollowerState
2019-10-16 21:55:31,647 [Thread-1992] INFO  impl.RaftServerImpl (RaftServerImpl.java:setRole(184)) - 277b5c5e-8c6f-4c9a-a53f-1bbc96404e12@group-569FAC3F8BCE: changes role from  FOLLOWER to CANDIDATE at term 285 for changeToCandidate
2019-10-16 21:55:31,647 [Thread-1992] INFO  impl.RoleInfo (RoleInfo.java:updateAndGet(143)) - 277b5c5e-8c6f-4c9a-a53f-1bbc96404e12: start LeaderElection
2019-10-16 21:55:31,668 [277b5c5e-8c6f-4c9a-a53f-1bbc96404e12@group-569FAC3F8BCE-LeaderElection279] INFO  impl.LeaderElection (LeaderElection.java:askForVotes(178)) - 277b5c5e-8c6f-4c9a-a53f-1bbc96404e12@group-569FAC3F8BCE-LeaderElection279: begin an election at term 286 for -1: [a32408a4-f19d-4bad-97c5-ba33ae94fc9a:192.168.157.254:38721, 6b24a2ab-97ee-4d49-85cc-2d76c2f4b8ef:192.168.157.254:41080, 277b5c5e-8c6f-4c9a-a53f-1bbc96404e12:192.168.157.254:41416], old=null
2019-10-16 21:55:31,670 [grpc-default-executor-1] INFO  impl.RaftServerImpl (RaftServerImpl.java:setRole(184)) - a32408a4-f19d-4bad-97c5-ba33ae94fc9a@group-569FAC3F8BCE: changes role from  FOLLOWER to FOLLOWER at term 286 for recognizeCandidate:277b5c5e-8c6f-4c9a-a53f-1bbc96404e12
2019-10-16 21:55:31,671 [grpc-default-executor-1] INFO  impl.RoleInfo (RoleInfo.java:shutdownFollowerState(121)) - a32408a4-f19d-4bad-97c5-ba33ae94fc9a: shutdown FollowerState
2019-10-16 21:55:31,671 [grpc-default-executor-0] INFO  impl.RaftServerImpl (RaftServerImpl.java:setRole(184)) - 6b24a2ab-97ee-4d49-85cc-2d76c2f4b8ef@group-569FAC3F8BCE: changes role from  FOLLOWER to FOLLOWER at term 286 for recognizeCandidate:277b5c5e-8c6f-4c9a-a53f-1bbc96404e12
2019-10-16 21:55:31,671 [grpc-default-executor-0] INFO  impl.RoleInfo (RoleInfo.java:shutdownFollowerState(121)) - 6b24a2ab-97ee-4d49-85cc-2d76c2f4b8ef: shutdown FollowerState
2019-10-16 21:55:31,671 [Thread-1990] INFO  impl.FollowerState (FollowerState.java:run(117)) - a32408a4-f19d-4bad-97c5-ba33ae94fc9a@group-569FAC3F8BCE-FollowerState was interrupted: java.lang.InterruptedException: sleep interrupted
2019-10-16 21:55:31,671 [grpc-default-executor-1] INFO  impl.RoleInfo (RoleInfo.java:updateAndGet(143)) - a32408a4-f19d-4bad-97c5-ba33ae94fc9a: start FollowerState
2019-10-16 21:55:31,671 [Thread-1991] INFO  impl.FollowerState (FollowerState.java:run(117)) - 6b24a2ab-97ee-4d49-85cc-2d76c2f4b8ef@group-569FAC3F8BCE-FollowerState was interrupted: java.lang.InterruptedException: sleep interrupted
2019-10-16 21:55:31,671 [grpc-default-executor-0] INFO  impl.RoleInfo (RoleInfo.java:updateAndGet(143)) - 6b24a2ab-97ee-4d49-85cc-2d76c2f4b8ef: start FollowerState
2019-10-16 21:55:31,677 [277b5c5e-8c6f-4c9a-a53f-1bbc96404e12@group-569FAC3F8BCE-LeaderElection279] INFO  impl.LeaderElection (LeaderElection.java:logAndReturn(56)) - 277b5c5e-8c6f-4c9a-a53f-1bbc96404e12@group-569FAC3F8BCE-LeaderElection279: Election REJECTED; received 2 response(s) [277b5c5e-8c6f-4c9a-a53f-1bbc96404e12<-a32408a4-f19d-4bad-97c5-ba33ae94fc9a#0:FAIL-t286, 277b5c5e-8c6f-4c9a-a53f-1bbc96404e12<-6b24a2ab-97ee-4d49-85cc-2d76c2f4b8ef#0:FAIL-t286] and 0 exception(s); 277b5c5e-8c6f-4c9a-a53f-1bbc96404e12@group-569FAC3F8BCE:t286, leader=null, voted=277b5c5e-8c6f-4c9a-a53f-1bbc96404e12, raftlog=277b5c5e-8c6f-4c9a-a53f-1bbc96404e12@group-569FAC3F8BCE-SegmentedRaftLog:OPENED:c-1,f-1,i0, conf=-1: [a32408a4-f19d-4bad-97c5-ba33ae94fc9a:192.168.157.254:38721, 6b24a2ab-97ee-4d49-85cc-2d76c2f4b8ef:192.168.157.254:41080, 277b5c5e-8c6f-4c9a-a53f-1bbc96404e12:192.168.157.254:41416], old=null
2019-10-16 21:55:31,677 [277b5c5e-8c6f-4c9a-a53f-1bbc96404e12@group-569FAC3F8BCE-LeaderElection279] INFO  impl.RaftServerImpl (RaftServerImpl.java:setRole(184)) - 277b5c5e-8c6f-4c9a-a53f-1bbc96404e12@group-569FAC3F8BCE: changes role from CANDIDATE to FOLLOWER at term 286 for DISCOVERED_A_NEW_TERM
2019-10-16 21:55:31,677 [277b5c5e-8c6f-4c9a-a53f-1bbc96404e12@group-569FAC3F8BCE-LeaderElection279] INFO  impl.RoleInfo (RoleInfo.java:shutdownLeaderElection(134)) - 277b5c5e-8c6f-4c9a-a53f-1bbc96404e12: shutdown LeaderElection
2019-10-16 21:55:31,678 [277b5c5e-8c6f-4c9a-a53f-1bbc96404e12@group-569FAC3F8BCE-LeaderElection279] INFO  impl.RoleInfo (RoleInfo.java:updateAndGet(143)) - 277b5c5e-8c6f-4c9a-a53f-1bbc96404e12: start FollowerState
2019-10-16 21:55:31,859 [Thread-1998] INFO  impl.FollowerState (FollowerState.java:run(108)) - 277b5c5e-8c6f-4c9a-a53f-1bbc96404e12@group-569FAC3F8BCE-FollowerState: change to CANDIDATE, lastRpcTime:181ms, electionTimeout:181ms
2019-10-16 21:55:31,859 [Thread-1998] INFO  impl.RoleInfo (RoleInfo.java:shutdownFollowerState(121)) - 277b5c5e-8c6f-4c9a-a53f-1bbc96404e12: shutdown FollowerState
2019-10-16 21:55:31,859 [Thread-1998] INFO  impl.RaftServerImpl (RaftServerImpl.java:setRole(184)) - 277b5c5e-8c6f-4c9a-a53f-1bbc96404e12@group-569FAC3F8BCE: changes role from  FOLLOWER to CANDIDATE at term 286 for changeToCandidate
2019-10-16 21:55:31,859 [Thread-1998] INFO  impl.RoleInfo (RoleInfo.java:updateAndGet(143)) - 277b5c5e-8c6f-4c9a-a53f-1bbc96404e12: start LeaderElection
2019-10-16 21:55:31,873 [277b5c5e-8c6f-4c9a-a53f-1bbc96404e12@group-569FAC3F8BCE-LeaderElection280] INFO  impl.LeaderElection (LeaderElection.java:askForVotes(178)) - 277b5c5e-8c6f-4c9a-a53f-1bbc96404e12@group-569FAC3F8BCE-LeaderElection280: begin an election at term 287 for -1: [a32408a4-f19d-4bad-97c5-ba33ae94fc9a:192.168.157.254:38721, 6b24a2ab-97ee-4d49-85cc-2d76c2f4b8ef:192.168.157.254:41080, 277b5c5e-8c6f-4c9a-a53f-1bbc96404e12:192.168.157.254:41416], old=null
2019-10-16 21:55:31,875 [grpc-default-executor-1] INFO  impl.RaftServerImpl (RaftServerImpl.java:setRole(184)) - a32408a4-f19d-4bad-97c5-ba33ae94fc9a@group-569FAC3F8BCE: changes role from  FOLLOWER to FOLLOWER at term 287 for recognizeCandidate:277b5c5e-8c6f-4c9a-a53f-1bbc96404e12
2019-10-16 21:55:31,875 [grpc-default-executor-0] INFO  impl.RaftServerImpl (RaftServerImpl.java:setRole(184)) - 6b24a2ab-97ee-4d49-85cc-2d76c2f4b8ef@group-569FAC3F8BCE: changes role from  FOLLOWER to FOLLOWER at term 287 for recognizeCandidate:277b5c5e-8c6f-4c9a-a53f-1bbc96404e12
2019-10-16 21:55:31,875 [grpc-default-executor-1] INFO  impl.RoleInfo (RoleInfo.java:shutdownFollowerState(121)) - a32408a4-f19d-4bad-97c5-ba33ae94fc9a: shutdown FollowerState
2019-10-16 21:55:31,875 [grpc-default-executor-0] INFO  impl.RoleInfo (RoleInfo.java:shutdownFollowerState(121)) - 6b24a2ab-97ee-4d49-85cc-2d76c2f4b8ef: shutdown FollowerState
2019-10-16 21:55:31,876 [Thread-1996] INFO  impl.FollowerState (FollowerState.java:run(117)) - a32408a4-f19d-4bad-97c5-ba33ae94fc9a@group-569FAC3F8BCE-FollowerState was interrupted: java.lang.InterruptedException: sleep interrupted
2019-10-16 21:55:31,876 [Thread-1997] INFO  impl.FollowerState (FollowerState.java:run(117)) - 6b24a2ab-97ee-4d49-85cc-2d76c2f4b8ef@group-569FAC3F8BCE-FollowerState was interrupted: java.lang.InterruptedException: sleep interrupted
2019-10-16 21:55:31,876 [grpc-default-executor-1] INFO  impl.RoleInfo (RoleInfo.java:updateAndGet(143)) - a32408a4-f19d-4bad-97c5-ba33ae94fc9a: start FollowerState
2019-10-16 21:55:31,876 [grpc-default-executor-0] INFO  impl.RoleInfo (RoleInfo.java:updateAndGet(143)) - 6b24a2ab-97ee-4d49-85cc-2d76c2f4b8ef: start FollowerState
2019-10-16 21:55:31,902 [277b5c5e-8c6f-4c9a-a53f-1bbc96404e12@group-569FAC3F8BCE-LeaderElection280] INFO  impl.LeaderElection (LeaderElection.java:logAndReturn(56)) - 277b5c5e-8c6f-4c9a-a53f-1bbc96404e12@group-569FAC3F8BCE-LeaderElection280: Election REJECTED; received 2 response(s) [277b5c5e-8c6f-4c9a-a53f-1bbc96404e12<-6b24a2ab-97ee-4d49-85cc-2d76c2f4b8ef#0:FAIL-t287, 277b5c5e-8c6f-4c9a-a53f-1bbc96404e12<-a32408a4-f19d-4bad-97c5-ba33ae94fc9a#0:FAIL-t287] and 0 exception(s); 277b5c5e-8c6f-4c9a-a53f-1bbc96404e12@group-569FAC3F8BCE:t287, leader=null, voted=277b5c5e-8c6f-4c9a-a53f-1bbc96404e12, raftlog=277b5c5e-8c6f-4c9a-a53f-1bbc96404e12@group-569FAC3F8BCE-SegmentedRaftLog:OPENED:c-1,f-1,i0, conf=-1: [a32408a4-f19d-4bad-97c5-ba33ae94fc9a:192.168.157.254:38721, 6b24a2ab-97ee-4d49-85cc-2d76c2f4b8ef:192.168.157.254:41080, 277b5c5e-8c6f-4c9a-a53f-1bbc96404e12:192.168.157.254:41416], old=null
2019-10-16 21:55:31,902 [277b5c5e-8c6f-4c9a-a53f-1bbc96404e12@group-569FAC3F8BCE-LeaderElection280] INFO  impl.RaftServerImpl (RaftServerImpl.java:setRole(184)) - 277b5c5e-8c6f-4c9a-a53f-1bbc96404e12@group-569FAC3F8BCE: changes role from CANDIDATE to FOLLOWER at term 287 for DISCOVERED_A_NEW_TERM
2019-10-16 21:55:31,903 [277b5c5e-8c6f-4c9a-a53f-1bbc96404e12@group-569FAC3F8BCE-LeaderElection280] INFO  impl.RoleInfo (RoleInfo.java:shutdownLeaderElection(134)) - 277b5c5e-8c6f-4c9a-a53f-1bbc96404e12: shutdown LeaderElection
2019-10-16 21:55:31,903 [277b5c5e-8c6f-4c9a-a53f-1bbc96404e12@group-569FAC3F8BCE-LeaderElection280] INFO  impl.RoleInfo (RoleInfo.java:updateAndGet(143)) - 277b5c5e-8c6f-4c9a-a53f-1bbc96404e12: start FollowerState
2019-10-16 21:55:32,024 [Thread-2004] INFO  impl.FollowerState (FollowerState.java:run(108)) - 277b5c5e-8c6f-4c9a-a53f-1bbc96404e12@group-569FAC3F8BCE-FollowerState: change to CANDIDATE, lastRpcTime:121ms, electionTimeout:121ms
2019-10-16 21:55:32,024 [Thread-2004] INFO  impl.RoleInfo (RoleInfo.java:shutdownFollowerState(121)) - 277b5c5e-8c6f-4c9a-a53f-1bbc96404e12: shutdown FollowerState
2019-10-16 21:55:32,024 [Thread-2004] INFO  impl.RaftServerImpl (RaftServerImpl.java:setRole(184)) - 277b5c5e-8c6f-4c9a-a53f-1bbc96404e12@group-569FAC3F8BCE: changes role from  FOLLOWER to CANDIDATE at term 287 for changeToCandidate
2019-10-16 21:55:32,025 [Thread-2004] INFO  impl.RoleInfo (RoleInfo.java:updateAndGet(143)) - 277b5c5e-8c6f-4c9a-a53f-1bbc96404e12: start LeaderElection
2019-10-16 21:55:32,038 [277b5c5e-8c6f-4c9a-a53f-1bbc96404e12@group-569FAC3F8BCE-LeaderElection281] INFO  impl.LeaderElection (LeaderElection.java:askForVotes(178)) - 277b5c5e-8c6f-4c9a-a53f-1bbc96404e12@group-569FAC3F8BCE-LeaderElection281: begin an election at term 288 for -1: [a32408a4-f19d-4bad-97c5-ba33ae94fc9a:192.168.157.254:38721, 6b24a2ab-97ee-4d49-85cc-2d76c2f4b8ef:192.168.157.254:41080, 277b5c5e-8c6f-4c9a-a53f-1bbc96404e12:192.168.157.254:41416], old=null
2019-10-16 21:55:32,041 [grpc-default-executor-1] INFO  impl.RaftServerImpl (RaftServerImpl.java:setRole(184)) - a32408a4-f19d-4bad-97c5-ba33ae94fc9a@group-569FAC3F8BCE: changes role from  FOLLOWER to FOLLOWER at term 288 for recognizeCandidate:277b5c5e-8c6f-4c9a-a53f-1bbc96404e12
2019-10-16 21:55:32,041 [grpc-default-executor-0] INFO  impl.RaftServerImpl (RaftServerImpl.java:setRole(184)) - 6b24a2ab-97ee-4d49-85cc-2d76c2f4b8ef@group-569FAC3F8BCE: changes role from  FOLLOWER to FOLLOWER at term 288 for recognizeCandidate:277b5c5e-8c6f-4c9a-a53f-1bbc96404e12
2019-10-16 21:55:32,041 [grpc-default-executor-0] INFO  impl.RoleInfo (RoleInfo.java:shutdownFollowerState(121)) - 6b24a2ab-97ee-4d49-85cc-2d76c2f4b8ef: shutdown FollowerState
2019-10-16 21:55:32,041 [grpc-default-executor-1] INFO  impl.RoleInfo (RoleInfo.java:shutdownFollowerState(121)) - a32408a4-f19d-4bad-97c5-ba33ae94fc9a: shutdown FollowerState
2019-10-16 21:55:32,041 [Thread-2003] INFO  impl.FollowerState (FollowerState.java:run(117)) - 6b24a2ab-97ee-4d49-85cc-2d76c2f4b8ef@group-569FAC3F8BCE-FollowerState was interrupted: java.lang.InterruptedException: sleep interrupted
2019-10-16 21:55:32,041 [grpc-default-executor-0] INFO  impl.RoleInfo (RoleInfo.java:updateAndGet(143)) - 6b24a2ab-97ee-4d49-85cc-2d76c2f4b8ef: start FollowerState
2019-10-16 21:55:32,042 [Thread-2002] INFO  impl.FollowerState (FollowerState.java:run(117)) - a32408a4-f19d-4bad-97c5-ba33ae94fc9a@group-569FAC3F8BCE-FollowerState was interrupted: java.lang.InterruptedException: sleep interrupted
2019-10-16 21:55:32,042 [grpc-default-executor-1] INFO  impl.RoleInfo (RoleInfo.java:updateAndGet(143)) - a32408a4-f19d-4bad-97c5-ba33ae94fc9a: start FollowerState
2019-10-16 21:55:32,054 [277b5c5e-8c6f-4c9a-a53f-1bbc96404e12@group-569FAC3F8BCE-LeaderElection281] INFO  impl.LeaderElection (LeaderElection.java:logAndReturn(56)) - 277b5c5e-8c6f-4c9a-a53f-1bbc96404e12@group-569FAC3F8BCE-LeaderElection281: Election REJECTED; received 2 response(s) [277b5c5e-8c6f-4c9a-a53f-1bbc96404e12<-6b24a2ab-97ee-4d49-85cc-2d76c2f4b8ef#0:FAIL-t288, 277b5c5e-8c6f-4c9a-a53f-1bbc96404e12<-a32408a4-f19d-4bad-97c5-ba33ae94fc9a#0:FAIL-t288] and 0 exception(s); 277b5c5e-8c6f-4c9a-a53f-1bbc96404e12@group-569FAC3F8BCE:t288, leader=null, voted=277b5c5e-8c6f-4c9a-a53f-1bbc96404e12, raftlog=277b5c5e-8c6f-4c9a-a53f-1bbc96404e12@group-569FAC3F8BCE-SegmentedRaftLog:OPENED:c-1,f-1,i0, conf=-1: [a32408a4-f19d-4bad-97c5-ba33ae94fc9a:192.168.157.254:38721, 6b24a2ab-97ee-4d49-85cc-2d76c2f4b8ef:192.168.157.254:41080, 277b5c5e-8c6f-4c9a-a53f-1bbc96404e12:192.168.157.254:41416], old=null
2019-10-16 21:55:32,054 [277b5c5e-8c6f-4c9a-a53f-1bbc96404e12@group-569FAC3F8BCE-LeaderElection281] INFO  impl.RaftServerImpl (RaftServerImpl.java:setRole(184)) - 277b5c5e-8c6f-4c9a-a53f-1bbc96404e12@group-569FAC3F8BCE: changes role from CANDIDATE to FOLLOWER at term 288 for DISCOVERED_A_NEW_TERM
2019-10-16 21:55:32,055 [277b5c5e-8c6f-4c9a-a53f-1bbc96404e12@group-569FAC3F8BCE-LeaderElection281] INFO  impl.RoleInfo (RoleInfo.java:shutdownLeaderElection(134)) - 277b5c5e-8c6f-4c9a-a53f-1bbc96404e12: shutdown LeaderElection
2019-10-16 21:55:32,055 [277b5c5e-8c6f-4c9a-a53f-1bbc96404e12@group-569FAC3F8BCE-LeaderElection281] INFO  impl.RoleInfo (RoleInfo.java:updateAndGet(143)) - 277b5c5e-8c6f-4c9a-a53f-1bbc96404e12: start FollowerState
2019-10-16 21:55:32,154 [Thread-2010] INFO  impl.FollowerState (FollowerState.java:run(108)) - 277b5c5e-8c6f-4c9a-a53f-1bbc96404e12@group-569FAC3F8BCE-FollowerState: change to CANDIDATE, lastRpcTime:99ms, electionTimeout:99ms
2019-10-16 21:55:32,154 [Thread-2010] INFO  impl.RoleInfo (RoleInfo.java:shutdownFollowerState(121)) - 277b5c5e-8c6f-4c9a-a53f-1bbc96404e12: shutdown FollowerState
2019-10-16 21:55:32,154 [Thread-2010] INFO  impl.RaftServerImpl (RaftServerImpl.java:setRole(184)) - 277b5c5e-8c6f-4c9a-a53f-1bbc96404e12@group-569FAC3F8BCE: changes role from  FOLLOWER to CANDIDATE at term 288 for changeToCandidate
2019-10-16 21:55:32,155 [Thread-2010] INFO  impl.RoleInfo (RoleInfo.java:updateAndGet(143)) - 277b5c5e-8c6f-4c9a-a53f-1bbc96404e12: start LeaderElection
2019-10-16 21:55:32,173 [277b5c5e-8c6f-4c9a-a53f-1bbc96404e12@group-569FAC3F8BCE-LeaderElection282] INFO  impl.LeaderElection (LeaderElection.java:askForVotes(178)) - 277b5c5e-8c6f-4c9a-a53f-1bbc96404e12@group-569FAC3F8BCE-LeaderElection282: begin an election at term 289 for -1: [a32408a4-f19d-4bad-97c5-ba33ae94fc9a:192.168.157.254:38721, 6b24a2ab-97ee-4d49-85cc-2d76c2f4b8ef:192.168.157.254:41080, 277b5c5e-8c6f-4c9a-a53f-1bbc96404e12:192.168.157.254:41416], old=null
2019-10-16 21:55:32,176 [grpc-default-executor-0] INFO  impl.RaftServerImpl (RaftServerImpl.java:setRole(184)) - 6b24a2ab-97ee-4d49-85cc-2d76c2f4b8ef@group-569FAC3F8BCE: changes role from  FOLLOWER to FOLLOWER at term 289 for recognizeCandidate:277b5c5e-8c6f-4c9a-a53f-1bbc96404e12
2019-10-16 21:55:32,176 [grpc-default-executor-1] INFO  impl.RaftServerImpl (RaftServerImpl.java:setRole(184)) - a32408a4-f19d-4bad-97c5-ba33ae94fc9a@group-569FAC3F8BCE: changes role from  FOLLOWER to FOLLOWER at term 289 for recognizeCandidate:277b5c5e-8c6f-4c9a-a53f-1bbc96404e12
2019-10-16 21:55:32,176 [grpc-default-executor-0] INFO  impl.RoleInfo (RoleInfo.java:shutdownFollowerState(121)) - 6b24a2ab-97ee-4d49-85cc-2d76c2f4b8ef: shutdown FollowerState
2019-10-16 21:55:32,176 [grpc-default-executor-1] INFO  impl.RoleInfo (RoleInfo.java:shutdownFollowerState(121)) - a32408a4-f19d-4bad-97c5-ba33ae94fc9a: shutdown FollowerState
2019-10-16 21:55:32,177 [Thread-2008] INFO  impl.FollowerState (FollowerState.java:run(117)) - 6b24a2ab-97ee-4d49-85cc-2d76c2f4b8ef@group-569FAC3F8BCE-FollowerState was interrupted: java.lang.InterruptedException: sleep interrupted
2019-10-16 21:55:32,177 [grpc-default-executor-0] INFO  impl.RoleInfo (RoleInfo.java:updateAndGet(143)) - 6b24a2ab-97ee-4d49-85cc-2d76c2f4b8ef: start FollowerState
2019-10-16 21:55:32,177 [Thread-2009] INFO  impl.FollowerState (FollowerState.java:run(117)) - a32408a4-f19d-4bad-97c5-ba33ae94fc9a@group-569FAC3F8BCE-FollowerState was interrupted: java.lang.InterruptedException: sleep interrupted
2019-10-16 21:55:32,177 [grpc-default-executor-1] INFO  impl.RoleInfo (RoleInfo.java:updateAndGet(143)) - a32408a4-f19d-4bad-97c5-ba33ae94fc9a: start FollowerState
2019-10-16 21:55:32,194 [277b5c5e-8c6f-4c9a-a53f-1bbc96404e12@group-569FAC3F8BCE-LeaderElection282] INFO  impl.LeaderElection (LeaderElection.java:logAndReturn(56)) - 277b5c5e-8c6f-4c9a-a53f-1bbc96404e12@group-569FAC3F8BCE-LeaderElection282: Election REJECTED; received 2 response(s) [277b5c5e-8c6f-4c9a-a53f-1bbc96404e12<-a32408a4-f19d-4bad-97c5-ba33ae94fc9a#0:FAIL-t289, 277b5c5e-8c6f-4c9a-a53f-1bbc96404e12<-6b24a2ab-97ee-4d49-85cc-2d76c2f4b8ef#0:FAIL-t289] and 0 exception(s); 277b5c5e-8c6f-4c9a-a53f-1bbc96404e12@group-569FAC3F8BCE:t289, leader=null, voted=277b5c5e-8c6f-4c9a-a53f-1bbc96404e12, raftlog=277b5c5e-8c6f-4c9a-a53f-1bbc96404e12@group-569FAC3F8BCE-SegmentedRaftLog:OPENED:c-1,f-1,i0, conf=-1: [a32408a4-f19d-4bad-97c5-ba33ae94fc9a:192.168.157.254:38721, 6b24a2ab-97ee-4d49-85cc-2d76c2f4b8ef:192.168.157.254:41080, 277b5c5e-8c6f-4c9a-a53f-1bbc96404e12:192.168.157.254:41416], old=null
2019-10-16 21:55:32,194 [277b5c5e-8c6f-4c9a-a53f-1bbc96404e12@group-569FAC3F8BCE-LeaderElection282] INFO  impl.RaftServerImpl (RaftServerImpl.java:setRole(184)) - 277b5c5e-8c6f-4c9a-a53f-1bbc96404e12@group-569FAC3F8BCE: changes role from CANDIDATE to FOLLOWER at term 289 for DISCOVERED_A_NEW_TERM
2019-10-16 21:55:32,195 [277b5c5e-8c6f-4c9a-a53f-1bbc96404e12@group-569FAC3F8BCE-LeaderElection282] INFO  impl.RoleInfo (RoleInfo.java:shutdownLeaderElection(134)) - 277b5c5e-8c6f-4c9a-a53f-1bbc96404e12: shutdown LeaderElection
2019-10-16 21:55:32,195 [277b5c5e-8c6f-4c9a-a53f-1bbc96404e12@group-569FAC3F8BCE-LeaderElection282] INFO  impl.RoleInfo (RoleInfo.java:updateAndGet(143)) - 277b5c5e-8c6f-4c9a-a53f-1bbc96404e12: start FollowerState
2019-10-16 21:55:32,266 [Thread-2016] INFO  impl.FollowerState (FollowerState.java:run(108)) - 277b5c5e-8c6f-4c9a-a53f-1bbc96404e12@group-569FAC3F8BCE-FollowerState: change to CANDIDATE, lastRpcTime:71ms, electionTimeout:71ms
2019-10-16 21:55:32,266 [Thread-2016] INFO  impl.RoleInfo (RoleInfo.java:shutdownFollowerState(121)) - 277b5c5e-8c6f-4c9a-a53f-1bbc96404e12: shutdown FollowerState
2019-10-16 21:55:32,266 [Thread-2016] INFO  impl.RaftServerImpl (RaftServerImpl.java:setRole(184)) - 277b5c5e-8c6f-4c9a-a53f-1bbc96404e12@group-569FAC3F8BCE: changes role from  FOLLOWER to CANDIDATE at term 289 for changeToCandidate
2019-10-16 21:55:32,267 [Thread-2016] INFO  impl.RoleInfo (RoleInfo.java:updateAndGet(143)) - 277b5c5e-8c6f-4c9a-a53f-1bbc96404e12: start LeaderElection
2019-10-16 21:55:32,280 [277b5c5e-8c6f-4c9a-a53f-1bbc96404e12@group-569FAC3F8BCE-LeaderElection283] INFO  impl.LeaderElection (LeaderElection.java:askForVotes(178)) - 277b5c5e-8c6f-4c9a-a53f-1bbc96404e12@group-569FAC3F8BCE-LeaderElection283: begin an election at term 290 for -1: [a32408a4-f19d-4bad-97c5-ba33ae94fc9a:192.168.157.254:38721, 6b24a2ab-97ee-4d49-85cc-2d76c2f4b8ef:192.168.157.254:41080, 277b5c5e-8c6f-4c9a-a53f-1bbc96404e12:192.168.157.254:41416], old=null
2019-10-16 21:55:32,282 [grpc-default-executor-1] INFO  impl.RaftServerImpl (RaftServerImpl.java:setRole(184)) - a32408a4-f19d-4bad-97c5-ba33ae94fc9a@group-569FAC3F8BCE: changes role from  FOLLOWER to FOLLOWER at term 290 for recognizeCandidate:277b5c5e-8c6f-4c9a-a53f-1bbc96404e12
2019-10-16 21:55:32,282 [grpc-default-executor-1] INFO  impl.RoleInfo (RoleInfo.java:shutdownFollowerState(121)) - a32408a4-f19d-4bad-97c5-ba33ae94fc9a: shutdown FollowerState
2019-10-16 21:55:32,282 [grpc-default-executor-1] INFO  impl.RoleInfo (RoleInfo.java:updateAndGet(143)) - a32408a4-f19d-4bad-97c5-ba33ae94fc9a: start FollowerState
2019-10-16 21:55:32,282 [grpc-default-executor-0] INFO  impl.RaftServerImpl (RaftServerImpl.java:setRole(184)) - 6b24a2ab-97ee-4d49-85cc-2d76c2f4b8ef@group-569FAC3F8BCE: changes role from  FOLLOWER to FOLLOWER at term 290 for recognizeCandidate:277b5c5e-8c6f-4c9a-a53f-1bbc96404e12
2019-10-16 21:55:32,283 [grpc-default-executor-0] INFO  impl.RoleInfo (RoleInfo.java:shutdownFollowerState(121)) - 6b24a2ab-97ee-4d49-85cc-2d76c2f4b8ef: shutdown FollowerState
2019-10-16 21:55:32,282 [Thread-2015] INFO  impl.FollowerState (FollowerState.java:run(117)) - a32408a4-f19d-4bad-97c5-ba33ae94fc9a@group-569FAC3F8BCE-FollowerState was interrupted: java.lang.InterruptedException: sleep interrupted
2019-10-16 21:55:32,283 [Thread-2014] INFO  impl.FollowerState (FollowerState.java:run(117)) - 6b24a2ab-97ee-4d49-85cc-2d76c2f4b8ef@group-569FAC3F8BCE-FollowerState was interrupted: java.lang.InterruptedException: sleep interrupted
2019-10-16 21:55:32,283 [grpc-default-executor-0] INFO  impl.RoleInfo (RoleInfo.java:updateAndGet(143)) - 6b24a2ab-97ee-4d49-85cc-2d76c2f4b8ef: start FollowerState
2019-10-16 21:55:32,305 [277b5c5e-8c6f-4c9a-a53f-1bbc96404e12@group-569FAC3F8BCE-LeaderElection283] INFO  impl.LeaderElection (LeaderElection.java:logAndReturn(56)) - 277b5c5e-8c6f-4c9a-a53f-1bbc96404e12@group-569FAC3F8BCE-LeaderElection283: Election REJECTED; received 2 response(s) [277b5c5e-8c6f-4c9a-a53f-1bbc96404e12<-a32408a4-f19d-4bad-97c5-ba33ae94fc9a#0:FAIL-t290, 277b5c5e-8c6f-4c9a-a53f-1bbc96404e12<-6b24a2ab-97ee-4d49-85cc-2d76c2f4b8ef#0:FAIL-t290] and 0 exception(s); 277b5c5e-8c6f-4c9a-a53f-1bbc96404e12@group-569FAC3F8BCE:t290, leader=null, voted=277b5c5e-8c6f-4c9a-a53f-1bbc96404e12, raftlog=277b5c5e-8c6f-4c9a-a53f-1bbc96404e12@group-569FAC3F8BCE-SegmentedRaftLog:OPENED:c-1,f-1,i0, conf=-1: [a32408a4-f19d-4bad-97c5-ba33ae94fc9a:192.168.157.254:38721, 6b24a2ab-97ee-4d49-85cc-2d76c2f4b8ef:192.168.157.254:41080, 277b5c5e-8c6f-4c9a-a53f-1bbc96404e12:192.168.157.254:41416], old=null
2019-10-16 21:55:32,306 [277b5c5e-8c6f-4c9a-a53f-1bbc96404e12@group-569FAC3F8BCE-LeaderElection283] INFO  impl.RaftServerImpl (RaftServerImpl.java:setRole(184)) - 277b5c5e-8c6f-4c9a-a53f-1bbc96404e12@group-569FAC3F8BCE: changes role from CANDIDATE to FOLLOWER at term 290 for DISCOVERED_A_NEW_TERM
2019-10-16 21:55:32,306 [277b5c5e-8c6f-4c9a-a53f-1bbc96404e12@group-569FAC3F8BCE-LeaderElection283] INFO  impl.RoleInfo (RoleInfo.java:shutdownLeaderElection(134)) - 277b5c5e-8c6f-4c9a-a53f-1bbc96404e12: shutdown LeaderElection
2019-10-16 21:55:32,306 [277b5c5e-8c6f-4c9a-a53f-1bbc96404e12@group-569FAC3F8BCE-LeaderElection283] INFO  impl.RoleInfo (RoleInfo.java:updateAndGet(143)) - 277b5c5e-8c6f-4c9a-a53f-1bbc96404e12: start FollowerState
2019-10-16 21:55:32,405 [Thread-2022] INFO  impl.FollowerState (FollowerState.java:run(108)) - 277b5c5e-8c6f-4c9a-a53f-1bbc96404e12@group-569FAC3F8BCE-FollowerState: change to CANDIDATE, lastRpcTime:99ms, electionTimeout:99ms
2019-10-16 21:55:32,406 [Thread-2022] INFO  impl.RoleInfo (RoleInfo.java:shutdownFollowerState(121)) - 277b5c5e-8c6f-4c9a-a53f-1bbc96404e12: shutdown FollowerState
2019-10-16 21:55:32,406 [Thread-2022] INFO  impl.RaftServerImpl (RaftServerImpl.java:setRole(184)) - 277b5c5e-8c6f-4c9a-a53f-1bbc96404e12@group-569FAC3F8BCE: changes role from  FOLLOWER to CANDIDATE at term 290 for changeToCandidate
2019-10-16 21:55:32,406 [Thread-2022] INFO  impl.RoleInfo (RoleInfo.java:updateAndGet(143)) - 277b5c5e-8c6f-4c9a-a53f-1bbc96404e12: start LeaderElection
2019-10-16 21:55:32,433 [277b5c5e-8c6f-4c9a-a53f-1bbc96404e12@group-569FAC3F8BCE-LeaderElection284] INFO  impl.LeaderElection (LeaderElection.java:askForVotes(178)) - 277b5c5e-8c6f-4c9a-a53f-1bbc96404e12@group-569FAC3F8BCE-LeaderElection284: begin an election at term 291 for -1: [a32408a4-f19d-4bad-97c5-ba33ae94fc9a:192.168.157.254:38721, 6b24a2ab-97ee-4d49-85cc-2d76c2f4b8ef:192.168.157.254:41080, 277b5c5e-8c6f-4c9a-a53f-1bbc96404e12:192.168.157.254:41416], old=null
2019-10-16 21:55:32,435 [grpc-default-executor-1] INFO  impl.RaftServerImpl (RaftServerImpl.java:setRole(184)) - a32408a4-f19d-4bad-97c5-ba33ae94fc9a@group-569FAC3F8BCE: changes role from  FOLLOWER to FOLLOWER at term 291 for recognizeCandidate:277b5c5e-8c6f-4c9a-a53f-1bbc96404e12
2019-10-16 21:55:32,435 [grpc-default-executor-1] INFO  impl.RoleInfo (RoleInfo.java:shutdownFollowerState(121)) - a32408a4-f19d-4bad-97c5-ba33ae94fc9a: shutdown FollowerState
2019-10-16 21:55:32,435 [grpc-default-executor-0] INFO  impl.RaftServerImpl (RaftServerImpl.java:setRole(184)) - 6b24a2ab-97ee-4d49-85cc-2d76c2f4b8ef@group-569FAC3F8BCE: changes role from  FOLLOWER to FOLLOWER at term 291 for recognizeCandidate:277b5c5e-8c6f-4c9a-a53f-1bbc96404e12
2019-10-16 21:55:32,436 [grpc-default-executor-0] INFO  impl.RoleInfo (RoleInfo.java:shutdownFollowerState(121)) - 6b24a2ab-97ee-4d49-85cc-2d76c2f4b8ef: shutdown FollowerState
2019-10-16 21:55:32,435 [Thread-2020] INFO  impl.FollowerState (FollowerState.java:run(117)) - a32408a4-f19d-4bad-97c5-ba33ae94fc9a@group-569FAC3F8BCE-FollowerState was interrupted: java.lang.InterruptedException: sleep interrupted
2019-10-16 21:55:32,435 [grpc-default-executor-1] INFO  impl.RoleInfo (RoleInfo.java:updateAndGet(143)) - a32408a4-f19d-4bad-97c5-ba33ae94fc9a: start FollowerState
2019-10-16 21:55:32,436 [Thread-2021] INFO  impl.FollowerState (FollowerState.java:run(117)) - 6b24a2ab-97ee-4d49-85cc-2d76c2f4b8ef@group-569FAC3F8BCE-FollowerState was interrupted: java.lang.InterruptedException: sleep interrupted
2019-10-16 21:55:32,436 [grpc-default-executor-0] INFO  impl.RoleInfo (RoleInfo.java:updateAndGet(143)) - 6b24a2ab-97ee-4d49-85cc-2d76c2f4b8ef: start FollowerState
2019-10-16 21:55:32,462 [277b5c5e-8c6f-4c9a-a53f-1bbc96404e12@group-569FAC3F8BCE-LeaderElection284] INFO  impl.LeaderElection (LeaderElection.java:logAndReturn(56)) - 277b5c5e-8c6f-4c9a-a53f-1bbc96404e12@group-569FAC3F8BCE-LeaderElection284: Election REJECTED; received 2 response(s) [277b5c5e-8c6f-4c9a-a53f-1bbc96404e12<-a32408a4-f19d-4bad-97c5-ba33ae94fc9a#0:FAIL-t291, 277b5c5e-8c6f-4c9a-a53f-1bbc96404e12<-6b24a2ab-97ee-4d49-85cc-2d76c2f4b8ef#0:FAIL-t291] and 0 exception(s); 277b5c5e-8c6f-4c9a-a53f-1bbc96404e12@group-569FAC3F8BCE:t291, leader=null, voted=277b5c5e-8c6f-4c9a-a53f-1bbc96404e12, raftlog=277b5c5e-8c6f-4c9a-a53f-1bbc96404e12@group-569FAC3F8BCE-SegmentedRaftLog:OPENED:c-1,f-1,i0, conf=-1: [a32408a4-f19d-4bad-97c5-ba33ae94fc9a:192.168.157.254:38721, 6b24a2ab-97ee-4d49-85cc-2d76c2f4b8ef:192.168.157.254:41080, 277b5c5e-8c6f-4c9a-a53f-1bbc96404e12:192.168.157.254:41416], old=null
2019-10-16 21:55:32,463 [277b5c5e-8c6f-4c9a-a53f-1bbc96404e12@group-569FAC3F8BCE-LeaderElection284] INFO  impl.RaftServerImpl (RaftServerImpl.java:setRole(184)) - 277b5c5e-8c6f-4c9a-a53f-1bbc96404e12@group-569FAC3F8BCE: changes role from CANDIDATE to FOLLOWER at term 291 for DISCOVERED_A_NEW_TERM
2019-10-16 21:55:32,463 [277b5c5e-8c6f-4c9a-a53f-1bbc96404e12@group-569FAC3F8BCE-LeaderElection284] INFO  impl.RoleInfo (RoleInfo.java:shutdownLeaderElection(134)) - 277b5c5e-8c6f-4c9a-a53f-1bbc96404e12: shutdown LeaderElection
2019-10-16 21:55:32,463 [277b5c5e-8c6f-4c9a-a53f-1bbc96404e12@group-569FAC3F8BCE-LeaderElection284] INFO  impl.RoleInfo (RoleInfo.java:updateAndGet(143)) - 277b5c5e-8c6f-4c9a-a53f-1bbc96404e12: start FollowerState
2019-10-16 21:55:32,493 [Thread-2028] INFO  impl.FollowerState (FollowerState.java:run(108)) - 277b5c5e-8c6f-4c9a-a53f-1bbc96404e12@group-569FAC3F8BCE-FollowerState: change to CANDIDATE, lastRpcTime:30ms, electionTimeout:30ms
2019-10-16 21:55:32,494 [Thread-2028] INFO  impl.RoleInfo (RoleInfo.java:shutdownFollowerState(121)) - 277b5c5e-8c6f-4c9a-a53f-1bbc96404e12: shutdown FollowerState
2019-10-16 21:55:32,494 [Thread-2028] INFO  impl.RaftServerImpl (RaftServerImpl.java:setRole(184)) - 277b5c5e-8c6f-4c9a-a53f-1bbc96404e12@group-569FAC3F8BCE: changes role from  FOLLOWER to CANDIDATE at term 291 for changeToCandidate
2019-10-16 21:55:32,494 [Thread-2028] INFO  impl.RoleInfo (RoleInfo.java:updateAndGet(143)) - 277b5c5e-8c6f-4c9a-a53f-1bbc96404e12: start LeaderElection
2019-10-16 21:55:32,520 [277b5c5e-8c6f-4c9a-a53f-1bbc96404e12@group-569FAC3F8BCE-LeaderElection285] INFO  impl.LeaderElection (LeaderElection.java:askForVotes(178)) - 277b5c5e-8c6f-4c9a-a53f-1bbc96404e12@group-569FAC3F8BCE-LeaderElection285: begin an election at term 292 for -1: [a32408a4-f19d-4bad-97c5-ba33ae94fc9a:192.168.157.254:38721, 6b24a2ab-97ee-4d49-85cc-2d76c2f4b8ef:192.168.157.254:41080, 277b5c5e-8c6f-4c9a-a53f-1bbc96404e12:192.168.157.254:41416], old=null
2019-10-16 21:55:32,523 [grpc-default-executor-0] INFO  impl.RaftServerImpl (RaftServerImpl.java:setRole(184)) - a32408a4-f19d-4bad-97c5-ba33ae94fc9a@group-569FAC3F8BCE: changes role from  FOLLOWER to FOLLOWER at term 292 for recognizeCandidate:277b5c5e-8c6f-4c9a-a53f-1bbc96404e12
2019-10-16 21:55:32,523 [grpc-default-executor-0] INFO  impl.RoleInfo (RoleInfo.java:shutdownFollowerState(121)) - a32408a4-f19d-4bad-97c5-ba33ae94fc9a: shutdown FollowerState
2019-10-16 21:55:32,523 [grpc-default-executor-0] INFO  impl.RoleInfo (RoleInfo.java:updateAndGet(143)) - a32408a4-f19d-4bad-97c5-ba33ae94fc9a: start FollowerState
2019-10-16 21:55:32,523 [grpc-default-executor-1] INFO  impl.RaftServerImpl (RaftServerImpl.java:setRole(184)) - 6b24a2ab-97ee-4d49-85cc-2d76c2f4b8ef@group-569FAC3F8BCE: changes role from  FOLLOWER to FOLLOWER at term 292 for recognizeCandidate:277b5c5e-8c6f-4c9a-a53f-1bbc96404e12
2019-10-16 21:55:32,524 [grpc-default-executor-1] INFO  impl.RoleInfo (RoleInfo.java:shutdownFollowerState(121)) - 6b24a2ab-97ee-4d49-85cc-2d76c2f4b8ef: shutdown FollowerState
2019-10-16 21:55:32,523 [Thread-2026] INFO  impl.FollowerState (FollowerState.java:run(117)) - a32408a4-f19d-4bad-97c5-ba33ae94fc9a@group-569FAC3F8BCE-FollowerState was interrupted: java.lang.InterruptedException: sleep interrupted
2019-10-16 21:55:32,524 [Thread-2027] INFO  impl.FollowerState (FollowerState.java:run(117)) - 6b24a2ab-97ee-4d49-85cc-2d76c2f4b8ef@group-569FAC3F8BCE-FollowerState was interrupted: java.lang.InterruptedException: sleep interrupted
2019-10-16 21:55:32,524 [grpc-default-executor-1] INFO  impl.RoleInfo (RoleInfo.java:updateAndGet(143)) - 6b24a2ab-97ee-4d49-85cc-2d76c2f4b8ef: start FollowerState
2019-10-16 21:55:32,549 [277b5c5e-8c6f-4c9a-a53f-1bbc96404e12@group-569FAC3F8BCE-LeaderElection285] INFO  impl.LeaderElection (LeaderElection.java:logAndReturn(56)) - 277b5c5e-8c6f-4c9a-a53f-1bbc96404e12@group-569FAC3F8BCE-LeaderElection285: Election REJECTED; received 2 response(s) [277b5c5e-8c6f-4c9a-a53f-1bbc96404e12<-6b24a2ab-97ee-4d49-85cc-2d76c2f4b8ef#0:FAIL-t292, 277b5c5e-8c6f-4c9a-a53f-1bbc96404e12<-a32408a4-f19d-4bad-97c5-ba33ae94fc9a#0:FAIL-t292] and 0 exception(s); 277b5c5e-8c6f-4c9a-a53f-1bbc96404e12@group-569FAC3F8BCE:t292, leader=null, voted=277b5c5e-8c6f-4c9a-a53f-1bbc96404e12, raftlog=277b5c5e-8c6f-4c9a-a53f-1bbc96404e12@group-569FAC3F8BCE-SegmentedRaftLog:OPENED:c-1,f-1,i0, conf=-1: [a32408a4-f19d-4bad-97c5-ba33ae94fc9a:192.168.157.254:38721, 6b24a2ab-97ee-4d49-85cc-2d76c2f4b8ef:192.168.157.254:41080, 277b5c5e-8c6f-4c9a-a53f-1bbc96404e12:192.168.157.254:41416], old=null
2019-10-16 21:55:32,549 [277b5c5e-8c6f-4c9a-a53f-1bbc96404e12@group-569FAC3F8BCE-LeaderElection285] INFO  impl.RaftServerImpl (RaftServerImpl.java:setRole(184)) - 277b5c5e-8c6f-4c9a-a53f-1bbc96404e12@group-569FAC3F8BCE: changes role from CANDIDATE to FOLLOWER at term 292 for DISCOVERED_A_NEW_TERM
2019-10-16 21:55:32,549 [277b5c5e-8c6f-4c9a-a53f-1bbc96404e12@group-569FAC3F8BCE-LeaderElection285] INFO  impl.RoleInfo (RoleInfo.java:shutdownLeaderElection(134)) - 277b5c5e-8c6f-4c9a-a53f-1bbc96404e12: shutdown LeaderElection
2019-10-16 21:55:32,549 [277b5c5e-8c6f-4c9a-a53f-1bbc96404e12@group-569FAC3F8BCE-LeaderElection285] INFO  impl.RoleInfo (RoleInfo.java:updateAndGet(143)) - 277b5c5e-8c6f-4c9a-a53f-1bbc96404e12: start FollowerState
2019-10-16 21:55:32,576 [Thread-0] INFO  ozone.MiniOzoneClusterImpl (MiniOzoneClusterImpl.java:lambda$waitForClusterToBeReady$2(164)) - Waiting for 1 number of pipelines out of 4, to report a leader.
2019-10-16 21:55:32,612 [Thread-2034] INFO  impl.FollowerState (FollowerState.java:run(108)) - 277b5c5e-8c6f-4c9a-a53f-1bbc96404e12@group-569FAC3F8BCE-FollowerState: change to CANDIDATE, lastRpcTime:62ms, electionTimeout:62ms
2019-10-16 21:55:32,612 [Thread-2034] INFO  impl.RoleInfo (RoleInfo.java:shutdownFollowerState(121)) - 277b5c5e-8c6f-4c9a-a53f-1bbc96404e12: shutdown FollowerState
2019-10-16 21:55:32,612 [Thread-2034] INFO  impl.RaftServerImpl (RaftServerImpl.java:setRole(184)) - 277b5c5e-8c6f-4c9a-a53f-1bbc96404e12@group-569FAC3F8BCE: changes role from  FOLLOWER to CANDIDATE at term 292 for changeToCandidate
2019-10-16 21:55:32,612 [Thread-2034] INFO  impl.RoleInfo (RoleInfo.java:updateAndGet(143)) - 277b5c5e-8c6f-4c9a-a53f-1bbc96404e12: start LeaderElection
2019-10-16 21:55:32,636 [277b5c5e-8c6f-4c9a-a53f-1bbc96404e12@group-569FAC3F8BCE-LeaderElection286] INFO  impl.LeaderElection (LeaderElection.java:askForVotes(178)) - 277b5c5e-8c6f-4c9a-a53f-1bbc96404e12@group-569FAC3F8BCE-LeaderElection286: begin an election at term 293 for -1: [a32408a4-f19d-4bad-97c5-ba33ae94fc9a:192.168.157.254:38721, 6b24a2ab-97ee-4d49-85cc-2d76c2f4b8ef:192.168.157.254:41080, 277b5c5e-8c6f-4c9a-a53f-1bbc96404e12:192.168.157.254:41416], old=null
2019-10-16 21:55:32,638 [grpc-default-executor-1] INFO  impl.RaftServerImpl (RaftServerImpl.java:setRole(184)) - a32408a4-f19d-4bad-97c5-ba33ae94fc9a@group-569FAC3F8BCE: changes role from  FOLLOWER to FOLLOWER at term 293 for recognizeCandidate:277b5c5e-8c6f-4c9a-a53f-1bbc96404e12
2019-10-16 21:55:32,639 [grpc-default-executor-0] INFO  impl.RaftServerImpl (RaftServerImpl.java:setRole(184)) - 6b24a2ab-97ee-4d49-85cc-2d76c2f4b8ef@group-569FAC3F8BCE: changes role from  FOLLOWER to FOLLOWER at term 293 for recognizeCandidate:277b5c5e-8c6f-4c9a-a53f-1bbc96404e12
2019-10-16 21:55:32,639 [grpc-default-executor-1] INFO  impl.RoleInfo (RoleInfo.java:shutdownFollowerState(121)) - a32408a4-f19d-4bad-97c5-ba33ae94fc9a: shutdown FollowerState
2019-10-16 21:55:32,639 [grpc-default-executor-0] INFO  impl.RoleInfo (RoleInfo.java:shutdownFollowerState(121)) - 6b24a2ab-97ee-4d49-85cc-2d76c2f4b8ef: shutdown FollowerState
2019-10-16 21:55:32,639 [Thread-2032] INFO  impl.FollowerState (FollowerState.java:run(117)) - a32408a4-f19d-4bad-97c5-ba33ae94fc9a@group-569FAC3F8BCE-FollowerState was interrupted: java.lang.InterruptedException: sleep interrupted
2019-10-16 21:55:32,639 [grpc-default-executor-1] INFO  impl.RoleInfo (RoleInfo.java:updateAndGet(143)) - a32408a4-f19d-4bad-97c5-ba33ae94fc9a: start FollowerState
2019-10-16 21:55:32,639 [Thread-2033] INFO  impl.FollowerState (FollowerState.java:run(117)) - 6b24a2ab-97ee-4d49-85cc-2d76c2f4b8ef@group-569FAC3F8BCE-FollowerState was interrupted: java.lang.InterruptedException: sleep interrupted
2019-10-16 21:55:32,639 [grpc-default-executor-0] INFO  impl.RoleInfo (RoleInfo.java:updateAndGet(143)) - 6b24a2ab-97ee-4d49-85cc-2d76c2f4b8ef: start FollowerState
2019-10-16 21:55:32,647 [277b5c5e-8c6f-4c9a-a53f-1bbc96404e12@group-569FAC3F8BCE-LeaderElection286] INFO  impl.LeaderElection (LeaderElection.java:logAndReturn(56)) - 277b5c5e-8c6f-4c9a-a53f-1bbc96404e12@group-569FAC3F8BCE-LeaderElection286: Election REJECTED; received 2 response(s) [277b5c5e-8c6f-4c9a-a53f-1bbc96404e12<-a32408a4-f19d-4bad-97c5-ba33ae94fc9a#0:FAIL-t293, 277b5c5e-8c6f-4c9a-a53f-1bbc96404e12<-6b24a2ab-97ee-4d49-85cc-2d76c2f4b8ef#0:FAIL-t293] and 0 exception(s); 277b5c5e-8c6f-4c9a-a53f-1bbc96404e12@group-569FAC3F8BCE:t293, leader=null, voted=277b5c5e-8c6f-4c9a-a53f-1bbc96404e12, raftlog=277b5c5e-8c6f-4c9a-a53f-1bbc96404e12@group-569FAC3F8BCE-SegmentedRaftLog:OPENED:c-1,f-1,i0, conf=-1: [a32408a4-f19d-4bad-97c5-ba33ae94fc9a:192.168.157.254:38721, 6b24a2ab-97ee-4d49-85cc-2d76c2f4b8ef:192.168.157.254:41080, 277b5c5e-8c6f-4c9a-a53f-1bbc96404e12:192.168.157.254:41416], old=null
2019-10-16 21:55:32,647 [277b5c5e-8c6f-4c9a-a53f-1bbc96404e12@group-569FAC3F8BCE-LeaderElection286] INFO  impl.RaftServerImpl (RaftServerImpl.java:setRole(184)) - 277b5c5e-8c6f-4c9a-a53f-1bbc96404e12@group-569FAC3F8BCE: changes role from CANDIDATE to FOLLOWER at term 293 for DISCOVERED_A_NEW_TERM
2019-10-16 21:55:32,647 [277b5c5e-8c6f-4c9a-a53f-1bbc96404e12@group-569FAC3F8BCE-LeaderElection286] INFO  impl.RoleInfo (RoleInfo.java:shutdownLeaderElection(134)) - 277b5c5e-8c6f-4c9a-a53f-1bbc96404e12: shutdown LeaderElection
2019-10-16 21:55:32,647 [277b5c5e-8c6f-4c9a-a53f-1bbc96404e12@group-569FAC3F8BCE-LeaderElection286] INFO  impl.RoleInfo (RoleInfo.java:updateAndGet(143)) - 277b5c5e-8c6f-4c9a-a53f-1bbc96404e12: start FollowerState
2019-10-16 21:55:32,798 [Thread-2040] INFO  impl.FollowerState (FollowerState.java:run(108)) - 277b5c5e-8c6f-4c9a-a53f-1bbc96404e12@group-569FAC3F8BCE-FollowerState: change to CANDIDATE, lastRpcTime:150ms, electionTimeout:150ms
2019-10-16 21:55:32,798 [Thread-2040] INFO  impl.RoleInfo (RoleInfo.java:shutdownFollowerState(121)) - 277b5c5e-8c6f-4c9a-a53f-1bbc96404e12: shutdown FollowerState
2019-10-16 21:55:32,798 [Thread-2040] INFO  impl.RaftServerImpl (RaftServerImpl.java:setRole(184)) - 277b5c5e-8c6f-4c9a-a53f-1bbc96404e12@group-569FAC3F8BCE: changes role from  FOLLOWER to CANDIDATE at term 293 for changeToCandidate
2019-10-16 21:55:32,798 [Thread-2040] INFO  impl.RoleInfo (RoleInfo.java:updateAndGet(143)) - 277b5c5e-8c6f-4c9a-a53f-1bbc96404e12: start LeaderElection
2019-10-16 21:55:32,808 [277b5c5e-8c6f-4c9a-a53f-1bbc96404e12@group-569FAC3F8BCE-LeaderElection287] INFO  impl.LeaderElection (LeaderElection.java:askForVotes(178)) - 277b5c5e-8c6f-4c9a-a53f-1bbc96404e12@group-569FAC3F8BCE-LeaderElection287: begin an election at term 294 for -1: [a32408a4-f19d-4bad-97c5-ba33ae94fc9a:192.168.157.254:38721, 6b24a2ab-97ee-4d49-85cc-2d76c2f4b8ef:192.168.157.254:41080, 277b5c5e-8c6f-4c9a-a53f-1bbc96404e12:192.168.157.254:41416], old=null
2019-10-16 21:55:32,811 [grpc-default-executor-0] INFO  impl.RaftServerImpl (RaftServerImpl.java:setRole(184)) - a32408a4-f19d-4bad-97c5-ba33ae94fc9a@group-569FAC3F8BCE: changes role from  FOLLOWER to FOLLOWER at term 294 for recognizeCandidate:277b5c5e-8c6f-4c9a-a53f-1bbc96404e12
2019-10-16 21:55:32,811 [grpc-default-executor-1] INFO  impl.RaftServerImpl (RaftServerImpl.java:setRole(184)) - 6b24a2ab-97ee-4d49-85cc-2d76c2f4b8ef@group-569FAC3F8BCE: changes role from  FOLLOWER to FOLLOWER at term 294 for recognizeCandidate:277b5c5e-8c6f-4c9a-a53f-1bbc96404e12
2019-10-16 21:55:32,812 [grpc-default-executor-0] INFO  impl.RoleInfo (RoleInfo.java:shutdownFollowerState(121)) - a32408a4-f19d-4bad-97c5-ba33ae94fc9a: shutdown FollowerState
2019-10-16 21:55:32,812 [grpc-default-executor-1] INFO  impl.RoleInfo (RoleInfo.java:shutdownFollowerState(121)) - 6b24a2ab-97ee-4d49-85cc-2d76c2f4b8ef: shutdown FollowerState
2019-10-16 21:55:32,812 [Thread-2038] INFO  impl.FollowerState (FollowerState.java:run(117)) - a32408a4-f19d-4bad-97c5-ba33ae94fc9a@group-569FAC3F8BCE-FollowerState was interrupted: java.lang.InterruptedException: sleep interrupted
2019-10-16 21:55:32,812 [grpc-default-executor-0] INFO  impl.RoleInfo (RoleInfo.java:updateAndGet(143)) - a32408a4-f19d-4bad-97c5-ba33ae94fc9a: start FollowerState
2019-10-16 21:55:32,812 [Thread-2039] INFO  impl.FollowerState (FollowerState.java:run(117)) - 6b24a2ab-97ee-4d49-85cc-2d76c2f4b8ef@group-569FAC3F8BCE-FollowerState was interrupted: java.lang.InterruptedException: sleep interrupted
2019-10-16 21:55:32,812 [grpc-default-executor-1] INFO  impl.RoleInfo (RoleInfo.java:updateAndGet(143)) - 6b24a2ab-97ee-4d49-85cc-2d76c2f4b8ef: start FollowerState
2019-10-16 21:55:32,832 [277b5c5e-8c6f-4c9a-a53f-1bbc96404e12@group-569FAC3F8BCE-LeaderElection287] INFO  impl.LeaderElection (LeaderElection.java:logAndReturn(56)) - 277b5c5e-8c6f-4c9a-a53f-1bbc96404e12@group-569FAC3F8BCE-LeaderElection287: Election REJECTED; received 2 response(s) [277b5c5e-8c6f-4c9a-a53f-1bbc96404e12<-a32408a4-f19d-4bad-97c5-ba33ae94fc9a#0:FAIL-t294, 277b5c5e-8c6f-4c9a-a53f-1bbc96404e12<-6b24a2ab-97ee-4d49-85cc-2d76c2f4b8ef#0:FAIL-t294] and 0 exception(s); 277b5c5e-8c6f-4c9a-a53f-1bbc96404e12@group-569FAC3F8BCE:t294, leader=null, voted=277b5c5e-8c6f-4c9a-a53f-1bbc96404e12, raftlog=277b5c5e-8c6f-4c9a-a53f-1bbc96404e12@group-569FAC3F8BCE-SegmentedRaftLog:OPENED:c-1,f-1,i0, conf=-1: [a32408a4-f19d-4bad-97c5-ba33ae94fc9a:192.168.157.254:38721, 6b24a2ab-97ee-4d49-85cc-2d76c2f4b8ef:192.168.157.254:41080, 277b5c5e-8c6f-4c9a-a53f-1bbc96404e12:192.168.157.254:41416], old=null
2019-10-16 21:55:32,832 [277b5c5e-8c6f-4c9a-a53f-1bbc96404e12@group-569FAC3F8BCE-LeaderElection287] INFO  impl.RaftServerImpl (RaftServerImpl.java:setRole(184)) - 277b5c5e-8c6f-4c9a-a53f-1bbc96404e12@group-569FAC3F8BCE: changes role from CANDIDATE to FOLLOWER at term 294 for DISCOVERED_A_NEW_TERM
2019-10-16 21:55:32,832 [277b5c5e-8c6f-4c9a-a53f-1bbc96404e12@group-569FAC3F8BCE-LeaderElection287] INFO  impl.RoleInfo (RoleInfo.java:shutdownLeaderElection(134)) - 277b5c5e-8c6f-4c9a-a53f-1bbc96404e12: shutdown LeaderElection
2019-10-16 21:55:32,832 [277b5c5e-8c6f-4c9a-a53f-1bbc96404e12@group-569FAC3F8BCE-LeaderElection287] INFO  impl.RoleInfo (RoleInfo.java:updateAndGet(143)) - 277b5c5e-8c6f-4c9a-a53f-1bbc96404e12: start FollowerState
2019-10-16 21:55:32,967 [Thread-2046] INFO  impl.FollowerState (FollowerState.java:run(108)) - 277b5c5e-8c6f-4c9a-a53f-1bbc96404e12@group-569FAC3F8BCE-FollowerState: change to CANDIDATE, lastRpcTime:135ms, electionTimeout:135ms
2019-10-16 21:55:32,968 [Thread-2046] INFO  impl.RoleInfo (RoleInfo.java:shutdownFollowerState(121)) - 277b5c5e-8c6f-4c9a-a53f-1bbc96404e12: shutdown FollowerState
2019-10-16 21:55:32,968 [Thread-2046] INFO  impl.RaftServerImpl (RaftServerImpl.java:setRole(184)) - 277b5c5e-8c6f-4c9a-a53f-1bbc96404e12@group-569FAC3F8BCE: changes role from  FOLLOWER to CANDIDATE at term 294 for changeToCandidate
2019-10-16 21:55:32,968 [Thread-2046] INFO  impl.RoleInfo (RoleInfo.java:updateAndGet(143)) - 277b5c5e-8c6f-4c9a-a53f-1bbc96404e12: start LeaderElection
2019-10-16 21:55:32,977 [277b5c5e-8c6f-4c9a-a53f-1bbc96404e12@group-569FAC3F8BCE-LeaderElection288] INFO  impl.LeaderElection (LeaderElection.java:askForVotes(178)) - 277b5c5e-8c6f-4c9a-a53f-1bbc96404e12@group-569FAC3F8BCE-LeaderElection288: begin an election at term 295 for -1: [a32408a4-f19d-4bad-97c5-ba33ae94fc9a:192.168.157.254:38721, 6b24a2ab-97ee-4d49-85cc-2d76c2f4b8ef:192.168.157.254:41080, 277b5c5e-8c6f-4c9a-a53f-1bbc96404e12:192.168.157.254:41416], old=null
2019-10-16 21:55:32,979 [grpc-default-executor-1] INFO  impl.RaftServerImpl (RaftServerImpl.java:setRole(184)) - a32408a4-f19d-4bad-97c5-ba33ae94fc9a@group-569FAC3F8BCE: changes role from  FOLLOWER to FOLLOWER at term 295 for recognizeCandidate:277b5c5e-8c6f-4c9a-a53f-1bbc96404e12
2019-10-16 21:55:32,979 [grpc-default-executor-1] INFO  impl.RoleInfo (RoleInfo.java:shutdownFollowerState(121)) - a32408a4-f19d-4bad-97c5-ba33ae94fc9a: shutdown FollowerState
2019-10-16 21:55:32,980 [grpc-default-executor-0] INFO  impl.RaftServerImpl (RaftServerImpl.java:setRole(184)) - 6b24a2ab-97ee-4d49-85cc-2d76c2f4b8ef@group-569FAC3F8BCE: changes role from  FOLLOWER to FOLLOWER at term 295 for recognizeCandidate:277b5c5e-8c6f-4c9a-a53f-1bbc96404e12
2019-10-16 21:55:32,980 [Thread-2044] INFO  impl.FollowerState (FollowerState.java:run(117)) - a32408a4-f19d-4bad-97c5-ba33ae94fc9a@group-569FAC3F8BCE-FollowerState was interrupted: java.lang.InterruptedException: sleep interrupted
2019-10-16 21:55:32,980 [grpc-default-executor-1] INFO  impl.RoleInfo (RoleInfo.java:updateAndGet(143)) - a32408a4-f19d-4bad-97c5-ba33ae94fc9a: start FollowerState
2019-10-16 21:55:32,980 [grpc-default-executor-0] INFO  impl.RoleInfo (RoleInfo.java:shutdownFollowerState(121)) - 6b24a2ab-97ee-4d49-85cc-2d76c2f4b8ef: shutdown FollowerState
2019-10-16 21:55:32,980 [grpc-default-executor-0] INFO  impl.RoleInfo (RoleInfo.java:updateAndGet(143)) - 6b24a2ab-97ee-4d49-85cc-2d76c2f4b8ef: start FollowerState
2019-10-16 21:55:32,980 [Thread-2045] INFO  impl.FollowerState (FollowerState.java:run(117)) - 6b24a2ab-97ee-4d49-85cc-2d76c2f4b8ef@group-569FAC3F8BCE-FollowerState was interrupted: java.lang.InterruptedException: sleep interrupted
2019-10-16 21:55:32,997 [277b5c5e-8c6f-4c9a-a53f-1bbc96404e12@group-569FAC3F8BCE-LeaderElection288] INFO  impl.LeaderElection (LeaderElection.java:logAndReturn(56)) - 277b5c5e-8c6f-4c9a-a53f-1bbc96404e12@group-569FAC3F8BCE-LeaderElection288: Election REJECTED; received 2 response(s) [277b5c5e-8c6f-4c9a-a53f-1bbc96404e12<-6b24a2ab-97ee-4d49-85cc-2d76c2f4b8ef#0:FAIL-t295, 277b5c5e-8c6f-4c9a-a53f-1bbc96404e12<-a32408a4-f19d-4bad-97c5-ba33ae94fc9a#0:FAIL-t295] and 0 exception(s); 277b5c5e-8c6f-4c9a-a53f-1bbc96404e12@group-569FAC3F8BCE:t295, leader=null, voted=277b5c5e-8c6f-4c9a-a53f-1bbc96404e12, raftlog=277b5c5e-8c6f-4c9a-a53f-1bbc96404e12@group-569FAC3F8BCE-SegmentedRaftLog:OPENED:c-1,f-1,i0, conf=-1: [a32408a4-f19d-4bad-97c5-ba33ae94fc9a:192.168.157.254:38721, 6b24a2ab-97ee-4d49-85cc-2d76c2f4b8ef:192.168.157.254:41080, 277b5c5e-8c6f-4c9a-a53f-1bbc96404e12:192.168.157.254:41416], old=null
2019-10-16 21:55:32,997 [277b5c5e-8c6f-4c9a-a53f-1bbc96404e12@group-569FAC3F8BCE-LeaderElection288] INFO  impl.RaftServerImpl (RaftServerImpl.java:setRole(184)) - 277b5c5e-8c6f-4c9a-a53f-1bbc96404e12@group-569FAC3F8BCE: changes role from CANDIDATE to FOLLOWER at term 295 for DISCOVERED_A_NEW_TERM
2019-10-16 21:55:32,997 [277b5c5e-8c6f-4c9a-a53f-1bbc96404e12@group-569FAC3F8BCE-LeaderElection288] INFO  impl.RoleInfo (RoleInfo.java:shutdownLeaderElection(134)) - 277b5c5e-8c6f-4c9a-a53f-1bbc96404e12: shutdown LeaderElection
2019-10-16 21:55:32,997 [277b5c5e-8c6f-4c9a-a53f-1bbc96404e12@group-569FAC3F8BCE-LeaderElection288] INFO  impl.RoleInfo (RoleInfo.java:updateAndGet(143)) - 277b5c5e-8c6f-4c9a-a53f-1bbc96404e12: start FollowerState
2019-10-16 21:55:33,034 [Thread-2052] INFO  impl.FollowerState (FollowerState.java:run(108)) - 277b5c5e-8c6f-4c9a-a53f-1bbc96404e12@group-569FAC3F8BCE-FollowerState: change to CANDIDATE, lastRpcTime:36ms, electionTimeout:36ms
2019-10-16 21:55:33,034 [Thread-2052] INFO  impl.RoleInfo (RoleInfo.java:shutdownFollowerState(121)) - 277b5c5e-8c6f-4c9a-a53f-1bbc96404e12: shutdown FollowerState
2019-10-16 21:55:33,034 [Thread-2052] INFO  impl.RaftServerImpl (RaftServerImpl.java:setRole(184)) - 277b5c5e-8c6f-4c9a-a53f-1bbc96404e12@group-569FAC3F8BCE: changes role from  FOLLOWER to CANDIDATE at term 295 for changeToCandidate
2019-10-16 21:55:33,034 [Thread-2052] INFO  impl.RoleInfo (RoleInfo.java:updateAndGet(143)) - 277b5c5e-8c6f-4c9a-a53f-1bbc96404e12: start LeaderElection
2019-10-16 21:55:33,074 [277b5c5e-8c6f-4c9a-a53f-1bbc96404e12@group-569FAC3F8BCE-LeaderElection289] INFO  impl.LeaderElection (LeaderElection.java:askForVotes(178)) - 277b5c5e-8c6f-4c9a-a53f-1bbc96404e12@group-569FAC3F8BCE-LeaderElection289: begin an election at term 296 for -1: [a32408a4-f19d-4bad-97c5-ba33ae94fc9a:192.168.157.254:38721, 6b24a2ab-97ee-4d49-85cc-2d76c2f4b8ef:192.168.157.254:41080, 277b5c5e-8c6f-4c9a-a53f-1bbc96404e12:192.168.157.254:41416], old=null
2019-10-16 21:55:33,076 [grpc-default-executor-0] INFO  impl.RaftServerImpl (RaftServerImpl.java:setRole(184)) - a32408a4-f19d-4bad-97c5-ba33ae94fc9a@group-569FAC3F8BCE: changes role from  FOLLOWER to FOLLOWER at term 296 for recognizeCandidate:277b5c5e-8c6f-4c9a-a53f-1bbc96404e12
2019-10-16 21:55:33,076 [grpc-default-executor-0] INFO  impl.RoleInfo (RoleInfo.java:shutdownFollowerState(121)) - a32408a4-f19d-4bad-97c5-ba33ae94fc9a: shutdown FollowerState
2019-10-16 21:55:33,076 [grpc-default-executor-1] INFO  impl.RaftServerImpl (RaftServerImpl.java:setRole(184)) - 6b24a2ab-97ee-4d49-85cc-2d76c2f4b8ef@group-569FAC3F8BCE: changes role from  FOLLOWER to FOLLOWER at term 296 for recognizeCandidate:277b5c5e-8c6f-4c9a-a53f-1bbc96404e12
2019-10-16 21:55:33,076 [Thread-2050] INFO  impl.FollowerState (FollowerState.java:run(117)) - a32408a4-f19d-4bad-97c5-ba33ae94fc9a@group-569FAC3F8BCE-FollowerState was interrupted: java.lang.InterruptedException: sleep interrupted
2019-10-16 21:55:33,076 [grpc-default-executor-0] INFO  impl.RoleInfo (RoleInfo.java:updateAndGet(143)) - a32408a4-f19d-4bad-97c5-ba33ae94fc9a: start FollowerState
2019-10-16 21:55:33,076 [grpc-default-executor-1] INFO  impl.RoleInfo (RoleInfo.java:shutdownFollowerState(121)) - 6b24a2ab-97ee-4d49-85cc-2d76c2f4b8ef: shutdown FollowerState
2019-10-16 21:55:33,077 [grpc-default-executor-1] INFO  impl.RoleInfo (RoleInfo.java:updateAndGet(143)) - 6b24a2ab-97ee-4d49-85cc-2d76c2f4b8ef: start FollowerState
2019-10-16 21:55:33,077 [Thread-2051] INFO  impl.FollowerState (FollowerState.java:run(117)) - 6b24a2ab-97ee-4d49-85cc-2d76c2f4b8ef@group-569FAC3F8BCE-FollowerState was interrupted: java.lang.InterruptedException: sleep interrupted
2019-10-16 21:55:33,091 [277b5c5e-8c6f-4c9a-a53f-1bbc96404e12@group-569FAC3F8BCE-LeaderElection289] INFO  impl.LeaderElection (LeaderElection.java:logAndReturn(56)) - 277b5c5e-8c6f-4c9a-a53f-1bbc96404e12@group-569FAC3F8BCE-LeaderElection289: Election REJECTED; received 2 response(s) [277b5c5e-8c6f-4c9a-a53f-1bbc96404e12<-a32408a4-f19d-4bad-97c5-ba33ae94fc9a#0:FAIL-t296, 277b5c5e-8c6f-4c9a-a53f-1bbc96404e12<-6b24a2ab-97ee-4d49-85cc-2d76c2f4b8ef#0:FAIL-t296] and 0 exception(s); 277b5c5e-8c6f-4c9a-a53f-1bbc96404e12@group-569FAC3F8BCE:t296, leader=null, voted=277b5c5e-8c6f-4c9a-a53f-1bbc96404e12, raftlog=277b5c5e-8c6f-4c9a-a53f-1bbc96404e12@group-569FAC3F8BCE-SegmentedRaftLog:OPENED:c-1,f-1,i0, conf=-1: [a32408a4-f19d-4bad-97c5-ba33ae94fc9a:192.168.157.254:38721, 6b24a2ab-97ee-4d49-85cc-2d76c2f4b8ef:192.168.157.254:41080, 277b5c5e-8c6f-4c9a-a53f-1bbc96404e12:192.168.157.254:41416], old=null
2019-10-16 21:55:33,091 [277b5c5e-8c6f-4c9a-a53f-1bbc96404e12@group-569FAC3F8BCE-LeaderElection289] INFO  impl.RaftServerImpl (RaftServerImpl.java:setRole(184)) - 277b5c5e-8c6f-4c9a-a53f-1bbc96404e12@group-569FAC3F8BCE: changes role from CANDIDATE to FOLLOWER at term 296 for DISCOVERED_A_NEW_TERM
2019-10-16 21:55:33,091 [277b5c5e-8c6f-4c9a-a53f-1bbc96404e12@group-569FAC3F8BCE-LeaderElection289] INFO  impl.RoleInfo (RoleInfo.java:shutdownLeaderElection(134)) - 277b5c5e-8c6f-4c9a-a53f-1bbc96404e12: shutdown LeaderElection
2019-10-16 21:55:33,092 [277b5c5e-8c6f-4c9a-a53f-1bbc96404e12@group-569FAC3F8BCE-LeaderElection289] INFO  impl.RoleInfo (RoleInfo.java:updateAndGet(143)) - 277b5c5e-8c6f-4c9a-a53f-1bbc96404e12: start FollowerState
2019-10-16 21:55:33,243 [Thread-2058] INFO  impl.FollowerState (FollowerState.java:run(108)) - 277b5c5e-8c6f-4c9a-a53f-1bbc96404e12@group-569FAC3F8BCE-FollowerState: change to CANDIDATE, lastRpcTime:151ms, electionTimeout:151ms
2019-10-16 21:55:33,243 [Thread-2058] INFO  impl.RoleInfo (RoleInfo.java:shutdownFollowerState(121)) - 277b5c5e-8c6f-4c9a-a53f-1bbc96404e12: shutdown FollowerState
2019-10-16 21:55:33,243 [Thread-2058] INFO  impl.RaftServerImpl (RaftServerImpl.java:setRole(184)) - 277b5c5e-8c6f-4c9a-a53f-1bbc96404e12@group-569FAC3F8BCE: changes role from  FOLLOWER to CANDIDATE at term 296 for changeToCandidate
2019-10-16 21:55:33,243 [Thread-2058] INFO  impl.RoleInfo (RoleInfo.java:updateAndGet(143)) - 277b5c5e-8c6f-4c9a-a53f-1bbc96404e12: start LeaderElection
2019-10-16 21:55:33,252 [277b5c5e-8c6f-4c9a-a53f-1bbc96404e12@group-569FAC3F8BCE-LeaderElection290] INFO  impl.LeaderElection (LeaderElection.java:askForVotes(178)) - 277b5c5e-8c6f-4c9a-a53f-1bbc96404e12@group-569FAC3F8BCE-LeaderElection290: begin an election at term 297 for -1: [a32408a4-f19d-4bad-97c5-ba33ae94fc9a:192.168.157.254:38721, 6b24a2ab-97ee-4d49-85cc-2d76c2f4b8ef:192.168.157.254:41080, 277b5c5e-8c6f-4c9a-a53f-1bbc96404e12:192.168.157.254:41416], old=null
2019-10-16 21:55:33,253 [277b5c5e-8c6f-4c9a-a53f-1bbc96404e12@group-569FAC3F8BCE-LeaderElection290] INFO  impl.LeaderElection (LeaderElection.java:logAndReturn(56)) - 277b5c5e-8c6f-4c9a-a53f-1bbc96404e12@group-569FAC3F8BCE-LeaderElection290: Election TIMEOUT; received 0 response(s) [] and 0 exception(s); 277b5c5e-8c6f-4c9a-a53f-1bbc96404e12@group-569FAC3F8BCE:t297, leader=null, voted=277b5c5e-8c6f-4c9a-a53f-1bbc96404e12, raftlog=277b5c5e-8c6f-4c9a-a53f-1bbc96404e12@group-569FAC3F8BCE-SegmentedRaftLog:OPENED:c-1,f-1,i0, conf=-1: [a32408a4-f19d-4bad-97c5-ba33ae94fc9a:192.168.157.254:38721, 6b24a2ab-97ee-4d49-85cc-2d76c2f4b8ef:192.168.157.254:41080, 277b5c5e-8c6f-4c9a-a53f-1bbc96404e12:192.168.157.254:41416], old=null
2019-10-16 21:55:33,255 [grpc-default-executor-1] INFO  impl.RaftServerImpl (RaftServerImpl.java:setRole(184)) - 6b24a2ab-97ee-4d49-85cc-2d76c2f4b8ef@group-569FAC3F8BCE: changes role from  FOLLOWER to FOLLOWER at term 297 for recognizeCandidate:277b5c5e-8c6f-4c9a-a53f-1bbc96404e12
2019-10-16 21:55:33,255 [grpc-default-executor-0] INFO  impl.RaftServerImpl (RaftServerImpl.java:setRole(184)) - a32408a4-f19d-4bad-97c5-ba33ae94fc9a@group-569FAC3F8BCE: changes role from  FOLLOWER to FOLLOWER at term 297 for recognizeCandidate:277b5c5e-8c6f-4c9a-a53f-1bbc96404e12
2019-10-16 21:55:33,255 [grpc-default-executor-1] INFO  impl.RoleInfo (RoleInfo.java:shutdownFollowerState(121)) - 6b24a2ab-97ee-4d49-85cc-2d76c2f4b8ef: shutdown FollowerState
2019-10-16 21:55:33,255 [grpc-default-executor-0] INFO  impl.RoleInfo (RoleInfo.java:shutdownFollowerState(121)) - a32408a4-f19d-4bad-97c5-ba33ae94fc9a: shutdown FollowerState
2019-10-16 21:55:33,255 [Thread-2057] INFO  impl.FollowerState (FollowerState.java:run(117)) - 6b24a2ab-97ee-4d49-85cc-2d76c2f4b8ef@group-569FAC3F8BCE-FollowerState was interrupted: java.lang.InterruptedException: sleep interrupted
2019-10-16 21:55:33,255 [grpc-default-executor-1] INFO  impl.RoleInfo (RoleInfo.java:updateAndGet(143)) - 6b24a2ab-97ee-4d49-85cc-2d76c2f4b8ef: start FollowerState
2019-10-16 21:55:33,255 [Thread-2056] INFO  impl.FollowerState (FollowerState.java:run(117)) - a32408a4-f19d-4bad-97c5-ba33ae94fc9a@group-569FAC3F8BCE-FollowerState was interrupted: java.lang.InterruptedException: sleep interrupted
2019-10-16 21:55:33,255 [grpc-default-executor-0] INFO  impl.RoleInfo (RoleInfo.java:updateAndGet(143)) - a32408a4-f19d-4bad-97c5-ba33ae94fc9a: start FollowerState
2019-10-16 21:55:33,279 [277b5c5e-8c6f-4c9a-a53f-1bbc96404e12@group-569FAC3F8BCE-LeaderElection290] INFO  impl.LeaderElection (LeaderElection.java:askForVotes(178)) - 277b5c5e-8c6f-4c9a-a53f-1bbc96404e12@group-569FAC3F8BCE-LeaderElection290: begin an election at term 298 for -1: [a32408a4-f19d-4bad-97c5-ba33ae94fc9a:192.168.157.254:38721, 6b24a2ab-97ee-4d49-85cc-2d76c2f4b8ef:192.168.157.254:41080, 277b5c5e-8c6f-4c9a-a53f-1bbc96404e12:192.168.157.254:41416], old=null
2019-10-16 21:55:33,281 [grpc-default-executor-1] INFO  impl.RaftServerImpl (RaftServerImpl.java:setRole(184)) - a32408a4-f19d-4bad-97c5-ba33ae94fc9a@group-569FAC3F8BCE: changes role from  FOLLOWER to FOLLOWER at term 298 for recognizeCandidate:277b5c5e-8c6f-4c9a-a53f-1bbc96404e12
2019-10-16 21:55:33,281 [grpc-default-executor-1] INFO  impl.RoleInfo (RoleInfo.java:shutdownFollowerState(121)) - a32408a4-f19d-4bad-97c5-ba33ae94fc9a: shutdown FollowerState
2019-10-16 21:55:33,281 [grpc-default-executor-1] INFO  impl.RoleInfo (RoleInfo.java:updateAndGet(143)) - a32408a4-f19d-4bad-97c5-ba33ae94fc9a: start FollowerState
2019-10-16 21:55:33,282 [Thread-2063] INFO  impl.FollowerState (FollowerState.java:run(117)) - a32408a4-f19d-4bad-97c5-ba33ae94fc9a@group-569FAC3F8BCE-FollowerState was interrupted: java.lang.InterruptedException: sleep interrupted
2019-10-16 21:55:33,282 [grpc-default-executor-0] INFO  impl.RaftServerImpl (RaftServerImpl.java:setRole(184)) - 6b24a2ab-97ee-4d49-85cc-2d76c2f4b8ef@group-569FAC3F8BCE: changes role from  FOLLOWER to FOLLOWER at term 298 for recognizeCandidate:277b5c5e-8c6f-4c9a-a53f-1bbc96404e12
2019-10-16 21:55:33,282 [grpc-default-executor-0] INFO  impl.RoleInfo (RoleInfo.java:shutdownFollowerState(121)) - 6b24a2ab-97ee-4d49-85cc-2d76c2f4b8ef: shutdown FollowerState
2019-10-16 21:55:33,282 [grpc-default-executor-0] INFO  impl.RoleInfo (RoleInfo.java:updateAndGet(143)) - 6b24a2ab-97ee-4d49-85cc-2d76c2f4b8ef: start FollowerState
2019-10-16 21:55:33,282 [Thread-2062] INFO  impl.FollowerState (FollowerState.java:run(117)) - 6b24a2ab-97ee-4d49-85cc-2d76c2f4b8ef@group-569FAC3F8BCE-FollowerState was interrupted: java.lang.InterruptedException: sleep interrupted
2019-10-16 21:55:33,290 [277b5c5e-8c6f-4c9a-a53f-1bbc96404e12@group-569FAC3F8BCE-LeaderElection290] INFO  impl.LeaderElection (LeaderElection.java:logAndReturn(56)) - 277b5c5e-8c6f-4c9a-a53f-1bbc96404e12@group-569FAC3F8BCE-LeaderElection290: Election REJECTED; received 2 response(s) [277b5c5e-8c6f-4c9a-a53f-1bbc96404e12<-a32408a4-f19d-4bad-97c5-ba33ae94fc9a#0:FAIL-t298, 277b5c5e-8c6f-4c9a-a53f-1bbc96404e12<-6b24a2ab-97ee-4d49-85cc-2d76c2f4b8ef#0:FAIL-t298] and 0 exception(s); 277b5c5e-8c6f-4c9a-a53f-1bbc96404e12@group-569FAC3F8BCE:t298, leader=null, voted=277b5c5e-8c6f-4c9a-a53f-1bbc96404e12, raftlog=277b5c5e-8c6f-4c9a-a53f-1bbc96404e12@group-569FAC3F8BCE-SegmentedRaftLog:OPENED:c-1,f-1,i0, conf=-1: [a32408a4-f19d-4bad-97c5-ba33ae94fc9a:192.168.157.254:38721, 6b24a2ab-97ee-4d49-85cc-2d76c2f4b8ef:192.168.157.254:41080, 277b5c5e-8c6f-4c9a-a53f-1bbc96404e12:192.168.157.254:41416], old=null
2019-10-16 21:55:33,291 [277b5c5e-8c6f-4c9a-a53f-1bbc96404e12@group-569FAC3F8BCE-LeaderElection290] INFO  impl.RaftServerImpl (RaftServerImpl.java:setRole(184)) - 277b5c5e-8c6f-4c9a-a53f-1bbc96404e12@group-569FAC3F8BCE: changes role from CANDIDATE to FOLLOWER at term 298 for DISCOVERED_A_NEW_TERM
2019-10-16 21:55:33,291 [277b5c5e-8c6f-4c9a-a53f-1bbc96404e12@group-569FAC3F8BCE-LeaderElection290] INFO  impl.RoleInfo (RoleInfo.java:shutdownLeaderElection(134)) - 277b5c5e-8c6f-4c9a-a53f-1bbc96404e12: shutdown LeaderElection
2019-10-16 21:55:33,291 [277b5c5e-8c6f-4c9a-a53f-1bbc96404e12@group-569FAC3F8BCE-LeaderElection290] INFO  impl.RoleInfo (RoleInfo.java:updateAndGet(143)) - 277b5c5e-8c6f-4c9a-a53f-1bbc96404e12: start FollowerState
2019-10-16 21:55:33,346 [Thread-2068] INFO  impl.FollowerState (FollowerState.java:run(108)) - 277b5c5e-8c6f-4c9a-a53f-1bbc96404e12@group-569FAC3F8BCE-FollowerState: change to CANDIDATE, lastRpcTime:55ms, electionTimeout:55ms
2019-10-16 21:55:33,346 [Thread-2068] INFO  impl.RoleInfo (RoleInfo.java:shutdownFollowerState(121)) - 277b5c5e-8c6f-4c9a-a53f-1bbc96404e12: shutdown FollowerState
2019-10-16 21:55:33,347 [Thread-2068] INFO  impl.RaftServerImpl (RaftServerImpl.java:setRole(184)) - 277b5c5e-8c6f-4c9a-a53f-1bbc96404e12@group-569FAC3F8BCE: changes role from  FOLLOWER to CANDIDATE at term 298 for changeToCandidate
2019-10-16 21:55:33,347 [Thread-2068] INFO  impl.RoleInfo (RoleInfo.java:updateAndGet(143)) - 277b5c5e-8c6f-4c9a-a53f-1bbc96404e12: start LeaderElection
2019-10-16 21:55:33,360 [277b5c5e-8c6f-4c9a-a53f-1bbc96404e12@group-569FAC3F8BCE-LeaderElection291] INFO  impl.LeaderElection (LeaderElection.java:askForVotes(178)) - 277b5c5e-8c6f-4c9a-a53f-1bbc96404e12@group-569FAC3F8BCE-LeaderElection291: begin an election at term 299 for -1: [a32408a4-f19d-4bad-97c5-ba33ae94fc9a:192.168.157.254:38721, 6b24a2ab-97ee-4d49-85cc-2d76c2f4b8ef:192.168.157.254:41080, 277b5c5e-8c6f-4c9a-a53f-1bbc96404e12:192.168.157.254:41416], old=null
2019-10-16 21:55:33,362 [grpc-default-executor-1] INFO  impl.RaftServerImpl (RaftServerImpl.java:setRole(184)) - a32408a4-f19d-4bad-97c5-ba33ae94fc9a@group-569FAC3F8BCE: changes role from  FOLLOWER to FOLLOWER at term 299 for recognizeCandidate:277b5c5e-8c6f-4c9a-a53f-1bbc96404e12
2019-10-16 21:55:33,362 [grpc-default-executor-0] INFO  impl.RaftServerImpl (RaftServerImpl.java:setRole(184)) - 6b24a2ab-97ee-4d49-85cc-2d76c2f4b8ef@group-569FAC3F8BCE: changes role from  FOLLOWER to FOLLOWER at term 299 for recognizeCandidate:277b5c5e-8c6f-4c9a-a53f-1bbc96404e12
2019-10-16 21:55:33,362 [grpc-default-executor-0] INFO  impl.RoleInfo (RoleInfo.java:shutdownFollowerState(121)) - 6b24a2ab-97ee-4d49-85cc-2d76c2f4b8ef: shutdown FollowerState
2019-10-16 21:55:33,362 [grpc-default-executor-1] INFO  impl.RoleInfo (RoleInfo.java:shutdownFollowerState(121)) - a32408a4-f19d-4bad-97c5-ba33ae94fc9a: shutdown FollowerState
2019-10-16 21:55:33,363 [Thread-2067] INFO  impl.FollowerState (FollowerState.java:run(117)) - 6b24a2ab-97ee-4d49-85cc-2d76c2f4b8ef@group-569FAC3F8BCE-FollowerState was interrupted: java.lang.InterruptedException: sleep interrupted
2019-10-16 21:55:33,363 [grpc-default-executor-0] INFO  impl.RoleInfo (RoleInfo.java:updateAndGet(143)) - 6b24a2ab-97ee-4d49-85cc-2d76c2f4b8ef: start FollowerState
2019-10-16 21:55:33,363 [Thread-2066] INFO  impl.FollowerState (FollowerState.java:run(117)) - a32408a4-f19d-4bad-97c5-ba33ae94fc9a@group-569FAC3F8BCE-FollowerState was interrupted: java.lang.InterruptedException: sleep interrupted
2019-10-16 21:55:33,363 [grpc-default-executor-1] INFO  impl.RoleInfo (RoleInfo.java:updateAndGet(143)) - a32408a4-f19d-4bad-97c5-ba33ae94fc9a: start FollowerState
2019-10-16 21:55:33,377 [277b5c5e-8c6f-4c9a-a53f-1bbc96404e12@group-569FAC3F8BCE-LeaderElection291] INFO  impl.LeaderElection (LeaderElection.java:logAndReturn(56)) - 277b5c5e-8c6f-4c9a-a53f-1bbc96404e12@group-569FAC3F8BCE-LeaderElection291: Election REJECTED; received 2 response(s) [277b5c5e-8c6f-4c9a-a53f-1bbc96404e12<-6b24a2ab-97ee-4d49-85cc-2d76c2f4b8ef#0:FAIL-t299, 277b5c5e-8c6f-4c9a-a53f-1bbc96404e12<-a32408a4-f19d-4bad-97c5-ba33ae94fc9a#0:FAIL-t299] and 0 exception(s); 277b5c5e-8c6f-4c9a-a53f-1bbc96404e12@group-569FAC3F8BCE:t299, leader=null, voted=277b5c5e-8c6f-4c9a-a53f-1bbc96404e12, raftlog=277b5c5e-8c6f-4c9a-a53f-1bbc96404e12@group-569FAC3F8BCE-SegmentedRaftLog:OPENED:c-1,f-1,i0, conf=-1: [a32408a4-f19d-4bad-97c5-ba33ae94fc9a:192.168.157.254:38721, 6b24a2ab-97ee-4d49-85cc-2d76c2f4b8ef:192.168.157.254:41080, 277b5c5e-8c6f-4c9a-a53f-1bbc96404e12:192.168.157.254:41416], old=null
2019-10-16 21:55:33,377 [277b5c5e-8c6f-4c9a-a53f-1bbc96404e12@group-569FAC3F8BCE-LeaderElection291] INFO  impl.RaftServerImpl (RaftServerImpl.java:setRole(184)) - 277b5c5e-8c6f-4c9a-a53f-1bbc96404e12@group-569FAC3F8BCE: changes role from CANDIDATE to FOLLOWER at term 299 for DISCOVERED_A_NEW_TERM
2019-10-16 21:55:33,377 [277b5c5e-8c6f-4c9a-a53f-1bbc96404e12@group-569FAC3F8BCE-LeaderElection291] INFO  impl.RoleInfo (RoleInfo.java:shutdownLeaderElection(134)) - 277b5c5e-8c6f-4c9a-a53f-1bbc96404e12: shutdown LeaderElection
2019-10-16 21:55:33,378 [277b5c5e-8c6f-4c9a-a53f-1bbc96404e12@group-569FAC3F8BCE-LeaderElection291] INFO  impl.RoleInfo (RoleInfo.java:updateAndGet(143)) - 277b5c5e-8c6f-4c9a-a53f-1bbc96404e12: start FollowerState
2019-10-16 21:55:33,413 [Thread-2074] INFO  impl.FollowerState (FollowerState.java:run(108)) - 277b5c5e-8c6f-4c9a-a53f-1bbc96404e12@group-569FAC3F8BCE-FollowerState: change to CANDIDATE, lastRpcTime:35ms, electionTimeout:35ms
2019-10-16 21:55:33,413 [Thread-2074] INFO  impl.RoleInfo (RoleInfo.java:shutdownFollowerState(121)) - 277b5c5e-8c6f-4c9a-a53f-1bbc96404e12: shutdown FollowerState
2019-10-16 21:55:33,413 [Thread-2074] INFO  impl.RaftServerImpl (RaftServerImpl.java:setRole(184)) - 277b5c5e-8c6f-4c9a-a53f-1bbc96404e12@group-569FAC3F8BCE: changes role from  FOLLOWER to CANDIDATE at term 299 for changeToCandidate
2019-10-16 21:55:33,413 [Thread-2074] INFO  impl.RoleInfo (RoleInfo.java:updateAndGet(143)) - 277b5c5e-8c6f-4c9a-a53f-1bbc96404e12: start LeaderElection
2019-10-16 21:55:33,429 [277b5c5e-8c6f-4c9a-a53f-1bbc96404e12@group-569FAC3F8BCE-LeaderElection292] INFO  impl.LeaderElection (LeaderElection.java:askForVotes(178)) - 277b5c5e-8c6f-4c9a-a53f-1bbc96404e12@group-569FAC3F8BCE-LeaderElection292: begin an election at term 300 for -1: [a32408a4-f19d-4bad-97c5-ba33ae94fc9a:192.168.157.254:38721, 6b24a2ab-97ee-4d49-85cc-2d76c2f4b8ef:192.168.157.254:41080, 277b5c5e-8c6f-4c9a-a53f-1bbc96404e12:192.168.157.254:41416], old=null
2019-10-16 21:55:33,431 [grpc-default-executor-0] INFO  impl.RaftServerImpl (RaftServerImpl.java:setRole(184)) - a32408a4-f19d-4bad-97c5-ba33ae94fc9a@group-569FAC3F8BCE: changes role from  FOLLOWER to FOLLOWER at term 300 for recognizeCandidate:277b5c5e-8c6f-4c9a-a53f-1bbc96404e12
2019-10-16 21:55:33,431 [grpc-default-executor-0] INFO  impl.RoleInfo (RoleInfo.java:shutdownFollowerState(121)) - a32408a4-f19d-4bad-97c5-ba33ae94fc9a: shutdown FollowerState
2019-10-16 21:55:33,431 [grpc-default-executor-0] INFO  impl.RoleInfo (RoleInfo.java:updateAndGet(143)) - a32408a4-f19d-4bad-97c5-ba33ae94fc9a: start FollowerState
2019-10-16 21:55:33,431 [Thread-2073] INFO  impl.FollowerState (FollowerState.java:run(117)) - a32408a4-f19d-4bad-97c5-ba33ae94fc9a@group-569FAC3F8BCE-FollowerState was interrupted: java.lang.InterruptedException: sleep interrupted
2019-10-16 21:55:33,431 [grpc-default-executor-1] INFO  impl.RaftServerImpl (RaftServerImpl.java:setRole(184)) - 6b24a2ab-97ee-4d49-85cc-2d76c2f4b8ef@group-569FAC3F8BCE: changes role from  FOLLOWER to FOLLOWER at term 300 for recognizeCandidate:277b5c5e-8c6f-4c9a-a53f-1bbc96404e12
2019-10-16 21:55:33,431 [grpc-default-executor-1] INFO  impl.RoleInfo (RoleInfo.java:shutdownFollowerState(121)) - 6b24a2ab-97ee-4d49-85cc-2d76c2f4b8ef: shutdown FollowerState
2019-10-16 21:55:33,432 [grpc-default-executor-1] INFO  impl.RoleInfo (RoleInfo.java:updateAndGet(143)) - 6b24a2ab-97ee-4d49-85cc-2d76c2f4b8ef: start FollowerState
2019-10-16 21:55:33,432 [Thread-2072] INFO  impl.FollowerState (FollowerState.java:run(117)) - 6b24a2ab-97ee-4d49-85cc-2d76c2f4b8ef@group-569FAC3F8BCE-FollowerState was interrupted: java.lang.InterruptedException: sleep interrupted
2019-10-16 21:55:33,448 [277b5c5e-8c6f-4c9a-a53f-1bbc96404e12@group-569FAC3F8BCE-LeaderElection292] INFO  impl.LeaderElection (LeaderElection.java:logAndReturn(56)) - 277b5c5e-8c6f-4c9a-a53f-1bbc96404e12@group-569FAC3F8BCE-LeaderElection292: Election REJECTED; received 2 response(s) [277b5c5e-8c6f-4c9a-a53f-1bbc96404e12<-6b24a2ab-97ee-4d49-85cc-2d76c2f4b8ef#0:FAIL-t300, 277b5c5e-8c6f-4c9a-a53f-1bbc96404e12<-a32408a4-f19d-4bad-97c5-ba33ae94fc9a#0:FAIL-t300] and 0 exception(s); 277b5c5e-8c6f-4c9a-a53f-1bbc96404e12@group-569FAC3F8BCE:t300, leader=null, voted=277b5c5e-8c6f-4c9a-a53f-1bbc96404e12, raftlog=277b5c5e-8c6f-4c9a-a53f-1bbc96404e12@group-569FAC3F8BCE-SegmentedRaftLog:OPENED:c-1,f-1,i0, conf=-1: [a32408a4-f19d-4bad-97c5-ba33ae94fc9a:192.168.157.254:38721, 6b24a2ab-97ee-4d49-85cc-2d76c2f4b8ef:192.168.157.254:41080, 277b5c5e-8c6f-4c9a-a53f-1bbc96404e12:192.168.157.254:41416], old=null
2019-10-16 21:55:33,448 [277b5c5e-8c6f-4c9a-a53f-1bbc96404e12@group-569FAC3F8BCE-LeaderElection292] INFO  impl.RaftServerImpl (RaftServerImpl.java:setRole(184)) - 277b5c5e-8c6f-4c9a-a53f-1bbc96404e12@group-569FAC3F8BCE: changes role from CANDIDATE to FOLLOWER at term 300 for DISCOVERED_A_NEW_TERM
2019-10-16 21:55:33,448 [277b5c5e-8c6f-4c9a-a53f-1bbc96404e12@group-569FAC3F8BCE-LeaderElection292] INFO  impl.RoleInfo (RoleInfo.java:shutdownLeaderElection(134)) - 277b5c5e-8c6f-4c9a-a53f-1bbc96404e12: shutdown LeaderElection
2019-10-16 21:55:33,448 [277b5c5e-8c6f-4c9a-a53f-1bbc96404e12@group-569FAC3F8BCE-LeaderElection292] INFO  impl.RoleInfo (RoleInfo.java:updateAndGet(143)) - 277b5c5e-8c6f-4c9a-a53f-1bbc96404e12: start FollowerState
2019-10-16 21:55:33,576 [Thread-0] INFO  ozone.MiniOzoneClusterImpl (MiniOzoneClusterImpl.java:lambda$waitForClusterToBeReady$2(164)) - Waiting for 1 number of pipelines out of 4, to report a leader.
2019-10-16 21:55:33,578 [Thread-2080] INFO  impl.FollowerState (FollowerState.java:run(108)) - 277b5c5e-8c6f-4c9a-a53f-1bbc96404e12@group-569FAC3F8BCE-FollowerState: change to CANDIDATE, lastRpcTime:130ms, electionTimeout:130ms
2019-10-16 21:55:33,579 [Thread-2080] INFO  impl.RoleInfo (RoleInfo.java:shutdownFollowerState(121)) - 277b5c5e-8c6f-4c9a-a53f-1bbc96404e12: shutdown FollowerState
2019-10-16 21:55:33,579 [Thread-2080] INFO  impl.RaftServerImpl (RaftServerImpl.java:setRole(184)) - 277b5c5e-8c6f-4c9a-a53f-1bbc96404e12@group-569FAC3F8BCE: changes role from  FOLLOWER to CANDIDATE at term 300 for changeToCandidate
2019-10-16 21:55:33,579 [Thread-2080] INFO  impl.RoleInfo (RoleInfo.java:updateAndGet(143)) - 277b5c5e-8c6f-4c9a-a53f-1bbc96404e12: start LeaderElection
2019-10-16 21:55:33,593 [277b5c5e-8c6f-4c9a-a53f-1bbc96404e12@group-569FAC3F8BCE-LeaderElection293] INFO  impl.LeaderElection (LeaderElection.java:askForVotes(178)) - 277b5c5e-8c6f-4c9a-a53f-1bbc96404e12@group-569FAC3F8BCE-LeaderElection293: begin an election at term 301 for -1: [a32408a4-f19d-4bad-97c5-ba33ae94fc9a:192.168.157.254:38721, 6b24a2ab-97ee-4d49-85cc-2d76c2f4b8ef:192.168.157.254:41080, 277b5c5e-8c6f-4c9a-a53f-1bbc96404e12:192.168.157.254:41416], old=null
2019-10-16 21:55:33,595 [grpc-default-executor-1] INFO  impl.RaftServerImpl (RaftServerImpl.java:setRole(184)) - a32408a4-f19d-4bad-97c5-ba33ae94fc9a@group-569FAC3F8BCE: changes role from  FOLLOWER to FOLLOWER at term 301 for recognizeCandidate:277b5c5e-8c6f-4c9a-a53f-1bbc96404e12
2019-10-16 21:55:33,595 [grpc-default-executor-1] INFO  impl.RoleInfo (RoleInfo.java:shutdownFollowerState(121)) - a32408a4-f19d-4bad-97c5-ba33ae94fc9a: shutdown FollowerState
2019-10-16 21:55:33,595 [grpc-default-executor-1] INFO  impl.RoleInfo (RoleInfo.java:updateAndGet(143)) - a32408a4-f19d-4bad-97c5-ba33ae94fc9a: start FollowerState
2019-10-16 21:55:33,595 [grpc-default-executor-0] INFO  impl.RaftServerImpl (RaftServerImpl.java:setRole(184)) - 6b24a2ab-97ee-4d49-85cc-2d76c2f4b8ef@group-569FAC3F8BCE: changes role from  FOLLOWER to FOLLOWER at term 301 for recognizeCandidate:277b5c5e-8c6f-4c9a-a53f-1bbc96404e12
2019-10-16 21:55:33,595 [Thread-2078] INFO  impl.FollowerState (FollowerState.java:run(117)) - a32408a4-f19d-4bad-97c5-ba33ae94fc9a@group-569FAC3F8BCE-FollowerState was interrupted: java.lang.InterruptedException: sleep interrupted
2019-10-16 21:55:33,595 [grpc-default-executor-0] INFO  impl.RoleInfo (RoleInfo.java:shutdownFollowerState(121)) - 6b24a2ab-97ee-4d49-85cc-2d76c2f4b8ef: shutdown FollowerState
2019-10-16 21:55:33,596 [grpc-default-executor-0] INFO  impl.RoleInfo (RoleInfo.java:updateAndGet(143)) - 6b24a2ab-97ee-4d49-85cc-2d76c2f4b8ef: start FollowerState
2019-10-16 21:55:33,596 [Thread-2079] INFO  impl.FollowerState (FollowerState.java:run(117)) - 6b24a2ab-97ee-4d49-85cc-2d76c2f4b8ef@group-569FAC3F8BCE-FollowerState was interrupted: java.lang.InterruptedException: sleep interrupted
2019-10-16 21:55:33,609 [277b5c5e-8c6f-4c9a-a53f-1bbc96404e12@group-569FAC3F8BCE-LeaderElection293] INFO  impl.LeaderElection (LeaderElection.java:logAndReturn(56)) - 277b5c5e-8c6f-4c9a-a53f-1bbc96404e12@group-569FAC3F8BCE-LeaderElection293: Election REJECTED; received 2 response(s) [277b5c5e-8c6f-4c9a-a53f-1bbc96404e12<-a32408a4-f19d-4bad-97c5-ba33ae94fc9a#0:FAIL-t301, 277b5c5e-8c6f-4c9a-a53f-1bbc96404e12<-6b24a2ab-97ee-4d49-85cc-2d76c2f4b8ef#0:FAIL-t301] and 0 exception(s); 277b5c5e-8c6f-4c9a-a53f-1bbc96404e12@group-569FAC3F8BCE:t301, leader=null, voted=277b5c5e-8c6f-4c9a-a53f-1bbc96404e12, raftlog=277b5c5e-8c6f-4c9a-a53f-1bbc96404e12@group-569FAC3F8BCE-SegmentedRaftLog:OPENED:c-1,f-1,i0, conf=-1: [a32408a4-f19d-4bad-97c5-ba33ae94fc9a:192.168.157.254:38721, 6b24a2ab-97ee-4d49-85cc-2d76c2f4b8ef:192.168.157.254:41080, 277b5c5e-8c6f-4c9a-a53f-1bbc96404e12:192.168.157.254:41416], old=null
2019-10-16 21:55:33,610 [277b5c5e-8c6f-4c9a-a53f-1bbc96404e12@group-569FAC3F8BCE-LeaderElection293] INFO  impl.RaftServerImpl (RaftServerImpl.java:setRole(184)) - 277b5c5e-8c6f-4c9a-a53f-1bbc96404e12@group-569FAC3F8BCE: changes role from CANDIDATE to FOLLOWER at term 301 for DISCOVERED_A_NEW_TERM
2019-10-16 21:55:33,610 [277b5c5e-8c6f-4c9a-a53f-1bbc96404e12@group-569FAC3F8BCE-LeaderElection293] INFO  impl.RoleInfo (RoleInfo.java:shutdownLeaderElection(134)) - 277b5c5e-8c6f-4c9a-a53f-1bbc96404e12: shutdown LeaderElection
2019-10-16 21:55:33,610 [277b5c5e-8c6f-4c9a-a53f-1bbc96404e12@group-569FAC3F8BCE-LeaderElection293] INFO  impl.RoleInfo (RoleInfo.java:updateAndGet(143)) - 277b5c5e-8c6f-4c9a-a53f-1bbc96404e12: start FollowerState
2019-10-16 21:55:33,660 [Thread-2086] INFO  impl.FollowerState (FollowerState.java:run(108)) - 277b5c5e-8c6f-4c9a-a53f-1bbc96404e12@group-569FAC3F8BCE-FollowerState: change to CANDIDATE, lastRpcTime:50ms, electionTimeout:50ms
2019-10-16 21:55:33,661 [Thread-2086] INFO  impl.RoleInfo (RoleInfo.java:shutdownFollowerState(121)) - 277b5c5e-8c6f-4c9a-a53f-1bbc96404e12: shutdown FollowerState
2019-10-16 21:55:33,661 [Thread-2086] INFO  impl.RaftServerImpl (RaftServerImpl.java:setRole(184)) - 277b5c5e-8c6f-4c9a-a53f-1bbc96404e12@group-569FAC3F8BCE: changes role from  FOLLOWER to CANDIDATE at term 301 for changeToCandidate
2019-10-16 21:55:33,661 [Thread-2086] INFO  impl.RoleInfo (RoleInfo.java:updateAndGet(143)) - 277b5c5e-8c6f-4c9a-a53f-1bbc96404e12: start LeaderElection
2019-10-16 21:55:33,686 [277b5c5e-8c6f-4c9a-a53f-1bbc96404e12@group-569FAC3F8BCE-LeaderElection294] INFO  impl.LeaderElection (LeaderElection.java:askForVotes(178)) - 277b5c5e-8c6f-4c9a-a53f-1bbc96404e12@group-569FAC3F8BCE-LeaderElection294: begin an election at term 302 for -1: [a32408a4-f19d-4bad-97c5-ba33ae94fc9a:192.168.157.254:38721, 6b24a2ab-97ee-4d49-85cc-2d76c2f4b8ef:192.168.157.254:41080, 277b5c5e-8c6f-4c9a-a53f-1bbc96404e12:192.168.157.254:41416], old=null
2019-10-16 21:55:33,688 [grpc-default-executor-0] INFO  impl.RaftServerImpl (RaftServerImpl.java:setRole(184)) - a32408a4-f19d-4bad-97c5-ba33ae94fc9a@group-569FAC3F8BCE: changes role from  FOLLOWER to FOLLOWER at term 302 for recognizeCandidate:277b5c5e-8c6f-4c9a-a53f-1bbc96404e12
2019-10-16 21:55:33,688 [grpc-default-executor-0] INFO  impl.RoleInfo (RoleInfo.java:shutdownFollowerState(121)) - a32408a4-f19d-4bad-97c5-ba33ae94fc9a: shutdown FollowerState
2019-10-16 21:55:33,688 [grpc-default-executor-1] INFO  impl.RaftServerImpl (RaftServerImpl.java:setRole(184)) - 6b24a2ab-97ee-4d49-85cc-2d76c2f4b8ef@group-569FAC3F8BCE: changes role from  FOLLOWER to FOLLOWER at term 302 for recognizeCandidate:277b5c5e-8c6f-4c9a-a53f-1bbc96404e12
2019-10-16 21:55:33,688 [grpc-default-executor-1] INFO  impl.RoleInfo (RoleInfo.java:shutdownFollowerState(121)) - 6b24a2ab-97ee-4d49-85cc-2d76c2f4b8ef: shutdown FollowerState
2019-10-16 21:55:33,688 [Thread-2084] INFO  impl.FollowerState (FollowerState.java:run(117)) - a32408a4-f19d-4bad-97c5-ba33ae94fc9a@group-569FAC3F8BCE-FollowerState was interrupted: java.lang.InterruptedException: sleep interrupted
2019-10-16 21:55:33,689 [Thread-2085] INFO  impl.FollowerState (FollowerState.java:run(117)) - 6b24a2ab-97ee-4d49-85cc-2d76c2f4b8ef@group-569FAC3F8BCE-FollowerState was interrupted: java.lang.InterruptedException: sleep interrupted
2019-10-16 21:55:33,688 [grpc-default-executor-0] INFO  impl.RoleInfo (RoleInfo.java:updateAndGet(143)) - a32408a4-f19d-4bad-97c5-ba33ae94fc9a: start FollowerState
2019-10-16 21:55:33,689 [grpc-default-executor-1] INFO  impl.RoleInfo (RoleInfo.java:updateAndGet(143)) - 6b24a2ab-97ee-4d49-85cc-2d76c2f4b8ef: start FollowerState
2019-10-16 21:55:33,703 [277b5c5e-8c6f-4c9a-a53f-1bbc96404e12@group-569FAC3F8BCE-LeaderElection294] INFO  impl.LeaderElection (LeaderElection.java:logAndReturn(56)) - 277b5c5e-8c6f-4c9a-a53f-1bbc96404e12@group-569FAC3F8BCE-LeaderElection294: Election REJECTED; received 2 response(s) [277b5c5e-8c6f-4c9a-a53f-1bbc96404e12<-a32408a4-f19d-4bad-97c5-ba33ae94fc9a#0:FAIL-t302, 277b5c5e-8c6f-4c9a-a53f-1bbc96404e12<-6b24a2ab-97ee-4d49-85cc-2d76c2f4b8ef#0:FAIL-t302] and 0 exception(s); 277b5c5e-8c6f-4c9a-a53f-1bbc96404e12@group-569FAC3F8BCE:t302, leader=null, voted=277b5c5e-8c6f-4c9a-a53f-1bbc96404e12, raftlog=277b5c5e-8c6f-4c9a-a53f-1bbc96404e12@group-569FAC3F8BCE-SegmentedRaftLog:OPENED:c-1,f-1,i0, conf=-1: [a32408a4-f19d-4bad-97c5-ba33ae94fc9a:192.168.157.254:38721, 6b24a2ab-97ee-4d49-85cc-2d76c2f4b8ef:192.168.157.254:41080, 277b5c5e-8c6f-4c9a-a53f-1bbc96404e12:192.168.157.254:41416], old=null
2019-10-16 21:55:33,703 [277b5c5e-8c6f-4c9a-a53f-1bbc96404e12@group-569FAC3F8BCE-LeaderElection294] INFO  impl.RaftServerImpl (RaftServerImpl.java:setRole(184)) - 277b5c5e-8c6f-4c9a-a53f-1bbc96404e12@group-569FAC3F8BCE: changes role from CANDIDATE to FOLLOWER at term 302 for DISCOVERED_A_NEW_TERM
2019-10-16 21:55:33,703 [277b5c5e-8c6f-4c9a-a53f-1bbc96404e12@group-569FAC3F8BCE-LeaderElection294] INFO  impl.RoleInfo (RoleInfo.java:shutdownLeaderElection(134)) - 277b5c5e-8c6f-4c9a-a53f-1bbc96404e12: shutdown LeaderElection
2019-10-16 21:55:33,703 [277b5c5e-8c6f-4c9a-a53f-1bbc96404e12@group-569FAC3F8BCE-LeaderElection294] INFO  impl.RoleInfo (RoleInfo.java:updateAndGet(143)) - 277b5c5e-8c6f-4c9a-a53f-1bbc96404e12: start FollowerState
2019-10-16 21:55:33,715 [Thread-2092] INFO  impl.FollowerState (FollowerState.java:run(108)) - 277b5c5e-8c6f-4c9a-a53f-1bbc96404e12@group-569FAC3F8BCE-FollowerState: change to CANDIDATE, lastRpcTime:11ms, electionTimeout:11ms
2019-10-16 21:55:33,715 [Thread-2092] INFO  impl.RoleInfo (RoleInfo.java:shutdownFollowerState(121)) - 277b5c5e-8c6f-4c9a-a53f-1bbc96404e12: shutdown FollowerState
2019-10-16 21:55:33,715 [Thread-2092] INFO  impl.RaftServerImpl (RaftServerImpl.java:setRole(184)) - 277b5c5e-8c6f-4c9a-a53f-1bbc96404e12@group-569FAC3F8BCE: changes role from  FOLLOWER to CANDIDATE at term 302 for changeToCandidate
2019-10-16 21:55:33,715 [Thread-2092] INFO  impl.RoleInfo (RoleInfo.java:updateAndGet(143)) - 277b5c5e-8c6f-4c9a-a53f-1bbc96404e12: start LeaderElection
2019-10-16 21:55:33,741 [277b5c5e-8c6f-4c9a-a53f-1bbc96404e12@group-569FAC3F8BCE-LeaderElection295] INFO  impl.LeaderElection (LeaderElection.java:askForVotes(178)) - 277b5c5e-8c6f-4c9a-a53f-1bbc96404e12@group-569FAC3F8BCE-LeaderElection295: begin an election at term 303 for -1: [a32408a4-f19d-4bad-97c5-ba33ae94fc9a:192.168.157.254:38721, 6b24a2ab-97ee-4d49-85cc-2d76c2f4b8ef:192.168.157.254:41080, 277b5c5e-8c6f-4c9a-a53f-1bbc96404e12:192.168.157.254:41416], old=null
2019-10-16 21:55:33,743 [grpc-default-executor-1] INFO  impl.RaftServerImpl (RaftServerImpl.java:setRole(184)) - a32408a4-f19d-4bad-97c5-ba33ae94fc9a@group-569FAC3F8BCE: changes role from  FOLLOWER to FOLLOWER at term 303 for recognizeCandidate:277b5c5e-8c6f-4c9a-a53f-1bbc96404e12
2019-10-16 21:55:33,743 [grpc-default-executor-1] INFO  impl.RoleInfo (RoleInfo.java:shutdownFollowerState(121)) - a32408a4-f19d-4bad-97c5-ba33ae94fc9a: shutdown FollowerState
2019-10-16 21:55:33,744 [grpc-default-executor-0] INFO  impl.RaftServerImpl (RaftServerImpl.java:setRole(184)) - 6b24a2ab-97ee-4d49-85cc-2d76c2f4b8ef@group-569FAC3F8BCE: changes role from  FOLLOWER to FOLLOWER at term 303 for recognizeCandidate:277b5c5e-8c6f-4c9a-a53f-1bbc96404e12
2019-10-16 21:55:33,744 [Thread-2090] INFO  impl.FollowerState (FollowerState.java:run(117)) - a32408a4-f19d-4bad-97c5-ba33ae94fc9a@group-569FAC3F8BCE-FollowerState was interrupted: java.lang.InterruptedException: sleep interrupted
2019-10-16 21:55:33,744 [grpc-default-executor-1] INFO  impl.RoleInfo (RoleInfo.java:updateAndGet(143)) - a32408a4-f19d-4bad-97c5-ba33ae94fc9a: start FollowerState
2019-10-16 21:55:33,744 [grpc-default-executor-0] INFO  impl.RoleInfo (RoleInfo.java:shutdownFollowerState(121)) - 6b24a2ab-97ee-4d49-85cc-2d76c2f4b8ef: shutdown FollowerState
2019-10-16 21:55:33,744 [grpc-default-executor-0] INFO  impl.RoleInfo (RoleInfo.java:updateAndGet(143)) - 6b24a2ab-97ee-4d49-85cc-2d76c2f4b8ef: start FollowerState
2019-10-16 21:55:33,744 [Thread-2091] INFO  impl.FollowerState (FollowerState.java:run(117)) - 6b24a2ab-97ee-4d49-85cc-2d76c2f4b8ef@group-569FAC3F8BCE-FollowerState was interrupted: java.lang.InterruptedException: sleep interrupted
2019-10-16 21:55:33,763 [277b5c5e-8c6f-4c9a-a53f-1bbc96404e12@group-569FAC3F8BCE-LeaderElection295] INFO  impl.LeaderElection (LeaderElection.java:logAndReturn(56)) - 277b5c5e-8c6f-4c9a-a53f-1bbc96404e12@group-569FAC3F8BCE-LeaderElection295: Election REJECTED; received 2 response(s) [277b5c5e-8c6f-4c9a-a53f-1bbc96404e12<-6b24a2ab-97ee-4d49-85cc-2d76c2f4b8ef#0:FAIL-t303, 277b5c5e-8c6f-4c9a-a53f-1bbc96404e12<-a32408a4-f19d-4bad-97c5-ba33ae94fc9a#0:FAIL-t303] and 0 exception(s); 277b5c5e-8c6f-4c9a-a53f-1bbc96404e12@group-569FAC3F8BCE:t303, leader=null, voted=277b5c5e-8c6f-4c9a-a53f-1bbc96404e12, raftlog=277b5c5e-8c6f-4c9a-a53f-1bbc96404e12@group-569FAC3F8BCE-SegmentedRaftLog:OPENED:c-1,f-1,i0, conf=-1: [a32408a4-f19d-4bad-97c5-ba33ae94fc9a:192.168.157.254:38721, 6b24a2ab-97ee-4d49-85cc-2d76c2f4b8ef:192.168.157.254:41080, 277b5c5e-8c6f-4c9a-a53f-1bbc96404e12:192.168.157.254:41416], old=null
2019-10-16 21:55:33,763 [277b5c5e-8c6f-4c9a-a53f-1bbc96404e12@group-569FAC3F8BCE-LeaderElection295] INFO  impl.RaftServerImpl (RaftServerImpl.java:setRole(184)) - 277b5c5e-8c6f-4c9a-a53f-1bbc96404e12@group-569FAC3F8BCE: changes role from CANDIDATE to FOLLOWER at term 303 for DISCOVERED_A_NEW_TERM
2019-10-16 21:55:33,763 [277b5c5e-8c6f-4c9a-a53f-1bbc96404e12@group-569FAC3F8BCE-LeaderElection295] INFO  impl.RoleInfo (RoleInfo.java:shutdownLeaderElection(134)) - 277b5c5e-8c6f-4c9a-a53f-1bbc96404e12: shutdown LeaderElection
2019-10-16 21:55:33,763 [277b5c5e-8c6f-4c9a-a53f-1bbc96404e12@group-569FAC3F8BCE-LeaderElection295] INFO  impl.RoleInfo (RoleInfo.java:updateAndGet(143)) - 277b5c5e-8c6f-4c9a-a53f-1bbc96404e12: start FollowerState
2019-10-16 21:55:33,802 [Thread-2098] INFO  impl.FollowerState (FollowerState.java:run(108)) - 277b5c5e-8c6f-4c9a-a53f-1bbc96404e12@group-569FAC3F8BCE-FollowerState: change to CANDIDATE, lastRpcTime:39ms, electionTimeout:39ms
2019-10-16 21:55:33,803 [Thread-2098] INFO  impl.RoleInfo (RoleInfo.java:shutdownFollowerState(121)) - 277b5c5e-8c6f-4c9a-a53f-1bbc96404e12: shutdown FollowerState
2019-10-16 21:55:33,803 [Thread-2098] INFO  impl.RaftServerImpl (RaftServerImpl.java:setRole(184)) - 277b5c5e-8c6f-4c9a-a53f-1bbc96404e12@group-569FAC3F8BCE: changes role from  FOLLOWER to CANDIDATE at term 303 for changeToCandidate
2019-10-16 21:55:33,803 [Thread-2098] INFO  impl.RoleInfo (RoleInfo.java:updateAndGet(143)) - 277b5c5e-8c6f-4c9a-a53f-1bbc96404e12: start LeaderElection
2019-10-16 21:55:33,817 [277b5c5e-8c6f-4c9a-a53f-1bbc96404e12@group-569FAC3F8BCE-LeaderElection296] INFO  impl.LeaderElection (LeaderElection.java:askForVotes(178)) - 277b5c5e-8c6f-4c9a-a53f-1bbc96404e12@group-569FAC3F8BCE-LeaderElection296: begin an election at term 304 for -1: [a32408a4-f19d-4bad-97c5-ba33ae94fc9a:192.168.157.254:38721, 6b24a2ab-97ee-4d49-85cc-2d76c2f4b8ef:192.168.157.254:41080, 277b5c5e-8c6f-4c9a-a53f-1bbc96404e12:192.168.157.254:41416], old=null
2019-10-16 21:55:33,818 [grpc-default-executor-0] INFO  impl.RaftServerImpl (RaftServerImpl.java:setRole(184)) - a32408a4-f19d-4bad-97c5-ba33ae94fc9a@group-569FAC3F8BCE: changes role from  FOLLOWER to FOLLOWER at term 304 for recognizeCandidate:277b5c5e-8c6f-4c9a-a53f-1bbc96404e12
2019-10-16 21:55:33,818 [grpc-default-executor-1] INFO  impl.RaftServerImpl (RaftServerImpl.java:setRole(184)) - 6b24a2ab-97ee-4d49-85cc-2d76c2f4b8ef@group-569FAC3F8BCE: changes role from  FOLLOWER to FOLLOWER at term 304 for recognizeCandidate:277b5c5e-8c6f-4c9a-a53f-1bbc96404e12
2019-10-16 21:55:33,819 [grpc-default-executor-1] INFO  impl.RoleInfo (RoleInfo.java:shutdownFollowerState(121)) - 6b24a2ab-97ee-4d49-85cc-2d76c2f4b8ef: shutdown FollowerState
2019-10-16 21:55:33,818 [grpc-default-executor-0] INFO  impl.RoleInfo (RoleInfo.java:shutdownFollowerState(121)) - a32408a4-f19d-4bad-97c5-ba33ae94fc9a: shutdown FollowerState
2019-10-16 21:55:33,819 [Thread-2097] INFO  impl.FollowerState (FollowerState.java:run(117)) - 6b24a2ab-97ee-4d49-85cc-2d76c2f4b8ef@group-569FAC3F8BCE-FollowerState was interrupted: java.lang.InterruptedException: sleep interrupted
2019-10-16 21:55:33,819 [grpc-default-executor-1] INFO  impl.RoleInfo (RoleInfo.java:updateAndGet(143)) - 6b24a2ab-97ee-4d49-85cc-2d76c2f4b8ef: start FollowerState
2019-10-16 21:55:33,819 [grpc-default-executor-0] INFO  impl.RoleInfo (RoleInfo.java:updateAndGet(143)) - a32408a4-f19d-4bad-97c5-ba33ae94fc9a: start FollowerState
2019-10-16 21:55:33,819 [Thread-2096] INFO  impl.FollowerState (FollowerState.java:run(117)) - a32408a4-f19d-4bad-97c5-ba33ae94fc9a@group-569FAC3F8BCE-FollowerState was interrupted: java.lang.InterruptedException: sleep interrupted
2019-10-16 21:55:33,834 [277b5c5e-8c6f-4c9a-a53f-1bbc96404e12@group-569FAC3F8BCE-LeaderElection296] INFO  impl.LeaderElection (LeaderElection.java:logAndReturn(56)) - 277b5c5e-8c6f-4c9a-a53f-1bbc96404e12@group-569FAC3F8BCE-LeaderElection296: Election REJECTED; received 2 response(s) [277b5c5e-8c6f-4c9a-a53f-1bbc96404e12<-6b24a2ab-97ee-4d49-85cc-2d76c2f4b8ef#0:FAIL-t304, 277b5c5e-8c6f-4c9a-a53f-1bbc96404e12<-a32408a4-f19d-4bad-97c5-ba33ae94fc9a#0:FAIL-t304] and 0 exception(s); 277b5c5e-8c6f-4c9a-a53f-1bbc96404e12@group-569FAC3F8BCE:t304, leader=null, voted=277b5c5e-8c6f-4c9a-a53f-1bbc96404e12, raftlog=277b5c5e-8c6f-4c9a-a53f-1bbc96404e12@group-569FAC3F8BCE-SegmentedRaftLog:OPENED:c-1,f-1,i0, conf=-1: [a32408a4-f19d-4bad-97c5-ba33ae94fc9a:192.168.157.254:38721, 6b24a2ab-97ee-4d49-85cc-2d76c2f4b8ef:192.168.157.254:41080, 277b5c5e-8c6f-4c9a-a53f-1bbc96404e12:192.168.157.254:41416], old=null
2019-10-16 21:55:33,834 [277b5c5e-8c6f-4c9a-a53f-1bbc96404e12@group-569FAC3F8BCE-LeaderElection296] INFO  impl.RaftServerImpl (RaftServerImpl.java:setRole(184)) - 277b5c5e-8c6f-4c9a-a53f-1bbc96404e12@group-569FAC3F8BCE: changes role from CANDIDATE to FOLLOWER at term 304 for DISCOVERED_A_NEW_TERM
2019-10-16 21:55:33,834 [277b5c5e-8c6f-4c9a-a53f-1bbc96404e12@group-569FAC3F8BCE-LeaderElection296] INFO  impl.RoleInfo (RoleInfo.java:shutdownLeaderElection(134)) - 277b5c5e-8c6f-4c9a-a53f-1bbc96404e12: shutdown LeaderElection
2019-10-16 21:55:33,834 [277b5c5e-8c6f-4c9a-a53f-1bbc96404e12@group-569FAC3F8BCE-LeaderElection296] INFO  impl.RoleInfo (RoleInfo.java:updateAndGet(143)) - 277b5c5e-8c6f-4c9a-a53f-1bbc96404e12: start FollowerState
2019-10-16 21:55:34,022 [Thread-2104] INFO  impl.FollowerState (FollowerState.java:run(108)) - 277b5c5e-8c6f-4c9a-a53f-1bbc96404e12@group-569FAC3F8BCE-FollowerState: change to CANDIDATE, lastRpcTime:187ms, electionTimeout:187ms
2019-10-16 21:55:34,022 [Thread-2104] INFO  impl.RoleInfo (RoleInfo.java:shutdownFollowerState(121)) - 277b5c5e-8c6f-4c9a-a53f-1bbc96404e12: shutdown FollowerState
2019-10-16 21:55:34,022 [Thread-2104] INFO  impl.RaftServerImpl (RaftServerImpl.java:setRole(184)) - 277b5c5e-8c6f-4c9a-a53f-1bbc96404e12@group-569FAC3F8BCE: changes role from  FOLLOWER to CANDIDATE at term 304 for changeToCandidate
2019-10-16 21:55:34,022 [Thread-2104] INFO  impl.RoleInfo (RoleInfo.java:updateAndGet(143)) - 277b5c5e-8c6f-4c9a-a53f-1bbc96404e12: start LeaderElection
2019-10-16 21:55:34,043 [277b5c5e-8c6f-4c9a-a53f-1bbc96404e12@group-569FAC3F8BCE-LeaderElection297] INFO  impl.LeaderElection (LeaderElection.java:askForVotes(178)) - 277b5c5e-8c6f-4c9a-a53f-1bbc96404e12@group-569FAC3F8BCE-LeaderElection297: begin an election at term 305 for -1: [a32408a4-f19d-4bad-97c5-ba33ae94fc9a:192.168.157.254:38721, 6b24a2ab-97ee-4d49-85cc-2d76c2f4b8ef:192.168.157.254:41080, 277b5c5e-8c6f-4c9a-a53f-1bbc96404e12:192.168.157.254:41416], old=null
2019-10-16 21:55:34,046 [grpc-default-executor-1] INFO  impl.RaftServerImpl (RaftServerImpl.java:setRole(184)) - a32408a4-f19d-4bad-97c5-ba33ae94fc9a@group-569FAC3F8BCE: changes role from  FOLLOWER to FOLLOWER at term 305 for recognizeCandidate:277b5c5e-8c6f-4c9a-a53f-1bbc96404e12
2019-10-16 21:55:34,046 [grpc-default-executor-1] INFO  impl.RoleInfo (RoleInfo.java:shutdownFollowerState(121)) - a32408a4-f19d-4bad-97c5-ba33ae94fc9a: shutdown FollowerState
2019-10-16 21:55:34,046 [grpc-default-executor-0] INFO  impl.RaftServerImpl (RaftServerImpl.java:setRole(184)) - 6b24a2ab-97ee-4d49-85cc-2d76c2f4b8ef@group-569FAC3F8BCE: changes role from  FOLLOWER to FOLLOWER at term 305 for recognizeCandidate:277b5c5e-8c6f-4c9a-a53f-1bbc96404e12
2019-10-16 21:55:34,046 [Thread-2103] INFO  impl.FollowerState (FollowerState.java:run(117)) - a32408a4-f19d-4bad-97c5-ba33ae94fc9a@group-569FAC3F8BCE-FollowerState was interrupted: java.lang.InterruptedException: sleep interrupted
2019-10-16 21:55:34,046 [grpc-default-executor-1] INFO  impl.RoleInfo (RoleInfo.java:updateAndGet(143)) - a32408a4-f19d-4bad-97c5-ba33ae94fc9a: start FollowerState
2019-10-16 21:55:34,046 [grpc-default-executor-0] INFO  impl.RoleInfo (RoleInfo.java:shutdownFollowerState(121)) - 6b24a2ab-97ee-4d49-85cc-2d76c2f4b8ef: shutdown FollowerState
2019-10-16 21:55:34,047 [grpc-default-executor-0] INFO  impl.RoleInfo (RoleInfo.java:updateAndGet(143)) - 6b24a2ab-97ee-4d49-85cc-2d76c2f4b8ef: start FollowerState
2019-10-16 21:55:34,047 [Thread-2102] INFO  impl.FollowerState (FollowerState.java:run(117)) - 6b24a2ab-97ee-4d49-85cc-2d76c2f4b8ef@group-569FAC3F8BCE-FollowerState was interrupted: java.lang.InterruptedException: sleep interrupted
2019-10-16 21:55:34,073 [277b5c5e-8c6f-4c9a-a53f-1bbc96404e12@group-569FAC3F8BCE-LeaderElection297] INFO  impl.LeaderElection (LeaderElection.java:logAndReturn(56)) - 277b5c5e-8c6f-4c9a-a53f-1bbc96404e12@group-569FAC3F8BCE-LeaderElection297: Election REJECTED; received 2 response(s) [277b5c5e-8c6f-4c9a-a53f-1bbc96404e12<-a32408a4-f19d-4bad-97c5-ba33ae94fc9a#0:FAIL-t305, 277b5c5e-8c6f-4c9a-a53f-1bbc96404e12<-6b24a2ab-97ee-4d49-85cc-2d76c2f4b8ef#0:FAIL-t305] and 0 exception(s); 277b5c5e-8c6f-4c9a-a53f-1bbc96404e12@group-569FAC3F8BCE:t305, leader=null, voted=277b5c5e-8c6f-4c9a-a53f-1bbc96404e12, raftlog=277b5c5e-8c6f-4c9a-a53f-1bbc96404e12@group-569FAC3F8BCE-SegmentedRaftLog:OPENED:c-1,f-1,i0, conf=-1: [a32408a4-f19d-4bad-97c5-ba33ae94fc9a:192.168.157.254:38721, 6b24a2ab-97ee-4d49-85cc-2d76c2f4b8ef:192.168.157.254:41080, 277b5c5e-8c6f-4c9a-a53f-1bbc96404e12:192.168.157.254:41416], old=null
2019-10-16 21:55:34,074 [277b5c5e-8c6f-4c9a-a53f-1bbc96404e12@group-569FAC3F8BCE-LeaderElection297] INFO  impl.RaftServerImpl (RaftServerImpl.java:setRole(184)) - 277b5c5e-8c6f-4c9a-a53f-1bbc96404e12@group-569FAC3F8BCE: changes role from CANDIDATE to FOLLOWER at term 305 for DISCOVERED_A_NEW_TERM
2019-10-16 21:55:34,074 [277b5c5e-8c6f-4c9a-a53f-1bbc96404e12@group-569FAC3F8BCE-LeaderElection297] INFO  impl.RoleInfo (RoleInfo.java:shutdownLeaderElection(134)) - 277b5c5e-8c6f-4c9a-a53f-1bbc96404e12: shutdown LeaderElection
2019-10-16 21:55:34,074 [277b5c5e-8c6f-4c9a-a53f-1bbc96404e12@group-569FAC3F8BCE-LeaderElection297] INFO  impl.RoleInfo (RoleInfo.java:updateAndGet(143)) - 277b5c5e-8c6f-4c9a-a53f-1bbc96404e12: start FollowerState
2019-10-16 21:55:34,260 [Thread-2110] INFO  impl.FollowerState (FollowerState.java:run(108)) - 277b5c5e-8c6f-4c9a-a53f-1bbc96404e12@group-569FAC3F8BCE-FollowerState: change to CANDIDATE, lastRpcTime:186ms, electionTimeout:186ms
2019-10-16 21:55:34,261 [Thread-2110] INFO  impl.RoleInfo (RoleInfo.java:shutdownFollowerState(121)) - 277b5c5e-8c6f-4c9a-a53f-1bbc96404e12: shutdown FollowerState
2019-10-16 21:55:34,261 [Thread-2110] INFO  impl.RaftServerImpl (RaftServerImpl.java:setRole(184)) - 277b5c5e-8c6f-4c9a-a53f-1bbc96404e12@group-569FAC3F8BCE: changes role from  FOLLOWER to CANDIDATE at term 305 for changeToCandidate
2019-10-16 21:55:34,261 [Thread-2110] INFO  impl.RoleInfo (RoleInfo.java:updateAndGet(143)) - 277b5c5e-8c6f-4c9a-a53f-1bbc96404e12: start LeaderElection
2019-10-16 21:55:34,273 [277b5c5e-8c6f-4c9a-a53f-1bbc96404e12@group-569FAC3F8BCE-LeaderElection298] INFO  impl.LeaderElection (LeaderElection.java:askForVotes(178)) - 277b5c5e-8c6f-4c9a-a53f-1bbc96404e12@group-569FAC3F8BCE-LeaderElection298: begin an election at term 306 for -1: [a32408a4-f19d-4bad-97c5-ba33ae94fc9a:192.168.157.254:38721, 6b24a2ab-97ee-4d49-85cc-2d76c2f4b8ef:192.168.157.254:41080, 277b5c5e-8c6f-4c9a-a53f-1bbc96404e12:192.168.157.254:41416], old=null
2019-10-16 21:55:34,275 [grpc-default-executor-0] INFO  impl.RaftServerImpl (RaftServerImpl.java:setRole(184)) - a32408a4-f19d-4bad-97c5-ba33ae94fc9a@group-569FAC3F8BCE: changes role from  FOLLOWER to FOLLOWER at term 306 for recognizeCandidate:277b5c5e-8c6f-4c9a-a53f-1bbc96404e12
2019-10-16 21:55:34,276 [grpc-default-executor-1] INFO  impl.RaftServerImpl (RaftServerImpl.java:setRole(184)) - 6b24a2ab-97ee-4d49-85cc-2d76c2f4b8ef@group-569FAC3F8BCE: changes role from  FOLLOWER to FOLLOWER at term 306 for recognizeCandidate:277b5c5e-8c6f-4c9a-a53f-1bbc96404e12
2019-10-16 21:55:34,276 [grpc-default-executor-1] INFO  impl.RoleInfo (RoleInfo.java:shutdownFollowerState(121)) - 6b24a2ab-97ee-4d49-85cc-2d76c2f4b8ef: shutdown FollowerState
2019-10-16 21:55:34,276 [grpc-default-executor-0] INFO  impl.RoleInfo (RoleInfo.java:shutdownFollowerState(121)) - a32408a4-f19d-4bad-97c5-ba33ae94fc9a: shutdown FollowerState
2019-10-16 21:55:34,276 [Thread-2109] INFO  impl.FollowerState (FollowerState.java:run(117)) - 6b24a2ab-97ee-4d49-85cc-2d76c2f4b8ef@group-569FAC3F8BCE-FollowerState was interrupted: java.lang.InterruptedException: sleep interrupted
2019-10-16 21:55:34,276 [grpc-default-executor-1] INFO  impl.RoleInfo (RoleInfo.java:updateAndGet(143)) - 6b24a2ab-97ee-4d49-85cc-2d76c2f4b8ef: start FollowerState
2019-10-16 21:55:34,276 [grpc-default-executor-0] INFO  impl.RoleInfo (RoleInfo.java:updateAndGet(143)) - a32408a4-f19d-4bad-97c5-ba33ae94fc9a: start FollowerState
2019-10-16 21:55:34,276 [Thread-2108] INFO  impl.FollowerState (FollowerState.java:run(117)) - a32408a4-f19d-4bad-97c5-ba33ae94fc9a@group-569FAC3F8BCE-FollowerState was interrupted: java.lang.InterruptedException: sleep interrupted
2019-10-16 21:55:34,296 [277b5c5e-8c6f-4c9a-a53f-1bbc96404e12@group-569FAC3F8BCE-LeaderElection298] INFO  impl.LeaderElection (LeaderElection.java:logAndReturn(56)) - 277b5c5e-8c6f-4c9a-a53f-1bbc96404e12@group-569FAC3F8BCE-LeaderElection298: Election REJECTED; received 2 response(s) [277b5c5e-8c6f-4c9a-a53f-1bbc96404e12<-6b24a2ab-97ee-4d49-85cc-2d76c2f4b8ef#0:FAIL-t306, 277b5c5e-8c6f-4c9a-a53f-1bbc96404e12<-a32408a4-f19d-4bad-97c5-ba33ae94fc9a#0:FAIL-t306] and 0 exception(s); 277b5c5e-8c6f-4c9a-a53f-1bbc96404e12@group-569FAC3F8BCE:t306, leader=null, voted=277b5c5e-8c6f-4c9a-a53f-1bbc96404e12, raftlog=277b5c5e-8c6f-4c9a-a53f-1bbc96404e12@group-569FAC3F8BCE-SegmentedRaftLog:OPENED:c-1,f-1,i0, conf=-1: [a32408a4-f19d-4bad-97c5-ba33ae94fc9a:192.168.157.254:38721, 6b24a2ab-97ee-4d49-85cc-2d76c2f4b8ef:192.168.157.254:41080, 277b5c5e-8c6f-4c9a-a53f-1bbc96404e12:192.168.157.254:41416], old=null
2019-10-16 21:55:34,297 [277b5c5e-8c6f-4c9a-a53f-1bbc96404e12@group-569FAC3F8BCE-LeaderElection298] INFO  impl.RaftServerImpl (RaftServerImpl.java:setRole(184)) - 277b5c5e-8c6f-4c9a-a53f-1bbc96404e12@group-569FAC3F8BCE: changes role from CANDIDATE to FOLLOWER at term 306 for DISCOVERED_A_NEW_TERM
2019-10-16 21:55:34,297 [277b5c5e-8c6f-4c9a-a53f-1bbc96404e12@group-569FAC3F8BCE-LeaderElection298] INFO  impl.RoleInfo (RoleInfo.java:shutdownLeaderElection(134)) - 277b5c5e-8c6f-4c9a-a53f-1bbc96404e12: shutdown LeaderElection
2019-10-16 21:55:34,297 [277b5c5e-8c6f-4c9a-a53f-1bbc96404e12@group-569FAC3F8BCE-LeaderElection298] INFO  impl.RoleInfo (RoleInfo.java:updateAndGet(143)) - 277b5c5e-8c6f-4c9a-a53f-1bbc96404e12: start FollowerState
2019-10-16 21:55:34,404 [Thread-2116] INFO  impl.FollowerState (FollowerState.java:run(108)) - 277b5c5e-8c6f-4c9a-a53f-1bbc96404e12@group-569FAC3F8BCE-FollowerState: change to CANDIDATE, lastRpcTime:107ms, electionTimeout:107ms
2019-10-16 21:55:34,404 [Thread-2116] INFO  impl.RoleInfo (RoleInfo.java:shutdownFollowerState(121)) - 277b5c5e-8c6f-4c9a-a53f-1bbc96404e12: shutdown FollowerState
2019-10-16 21:55:34,405 [Thread-2116] INFO  impl.RaftServerImpl (RaftServerImpl.java:setRole(184)) - 277b5c5e-8c6f-4c9a-a53f-1bbc96404e12@group-569FAC3F8BCE: changes role from  FOLLOWER to CANDIDATE at term 306 for changeToCandidate
2019-10-16 21:55:34,405 [Thread-2116] INFO  impl.RoleInfo (RoleInfo.java:updateAndGet(143)) - 277b5c5e-8c6f-4c9a-a53f-1bbc96404e12: start LeaderElection
2019-10-16 21:55:34,420 [277b5c5e-8c6f-4c9a-a53f-1bbc96404e12@group-569FAC3F8BCE-LeaderElection299] INFO  impl.LeaderElection (LeaderElection.java:askForVotes(178)) - 277b5c5e-8c6f-4c9a-a53f-1bbc96404e12@group-569FAC3F8BCE-LeaderElection299: begin an election at term 307 for -1: [a32408a4-f19d-4bad-97c5-ba33ae94fc9a:192.168.157.254:38721, 6b24a2ab-97ee-4d49-85cc-2d76c2f4b8ef:192.168.157.254:41080, 277b5c5e-8c6f-4c9a-a53f-1bbc96404e12:192.168.157.254:41416], old=null
2019-10-16 21:55:34,422 [grpc-default-executor-0] INFO  impl.RaftServerImpl (RaftServerImpl.java:setRole(184)) - a32408a4-f19d-4bad-97c5-ba33ae94fc9a@group-569FAC3F8BCE: changes role from  FOLLOWER to FOLLOWER at term 307 for recognizeCandidate:277b5c5e-8c6f-4c9a-a53f-1bbc96404e12
2019-10-16 21:55:34,422 [grpc-default-executor-0] INFO  impl.RoleInfo (RoleInfo.java:shutdownFollowerState(121)) - a32408a4-f19d-4bad-97c5-ba33ae94fc9a: shutdown FollowerState
2019-10-16 21:55:34,422 [grpc-default-executor-0] INFO  impl.RoleInfo (RoleInfo.java:updateAndGet(143)) - a32408a4-f19d-4bad-97c5-ba33ae94fc9a: start FollowerState
2019-10-16 21:55:34,422 [Thread-2115] INFO  impl.FollowerState (FollowerState.java:run(117)) - a32408a4-f19d-4bad-97c5-ba33ae94fc9a@group-569FAC3F8BCE-FollowerState was interrupted: java.lang.InterruptedException: sleep interrupted
2019-10-16 21:55:34,422 [grpc-default-executor-1] INFO  impl.RaftServerImpl (RaftServerImpl.java:setRole(184)) - 6b24a2ab-97ee-4d49-85cc-2d76c2f4b8ef@group-569FAC3F8BCE: changes role from  FOLLOWER to FOLLOWER at term 307 for recognizeCandidate:277b5c5e-8c6f-4c9a-a53f-1bbc96404e12
2019-10-16 21:55:34,423 [grpc-default-executor-1] INFO  impl.RoleInfo (RoleInfo.java:shutdownFollowerState(121)) - 6b24a2ab-97ee-4d49-85cc-2d76c2f4b8ef: shutdown FollowerState
2019-10-16 21:55:34,423 [Thread-2114] INFO  impl.FollowerState (FollowerState.java:run(117)) - 6b24a2ab-97ee-4d49-85cc-2d76c2f4b8ef@group-569FAC3F8BCE-FollowerState was interrupted: java.lang.InterruptedException: sleep interrupted
2019-10-16 21:55:34,423 [grpc-default-executor-1] INFO  impl.RoleInfo (RoleInfo.java:updateAndGet(143)) - 6b24a2ab-97ee-4d49-85cc-2d76c2f4b8ef: start FollowerState
2019-10-16 21:55:34,435 [277b5c5e-8c6f-4c9a-a53f-1bbc96404e12@group-569FAC3F8BCE-LeaderElection299] INFO  impl.LeaderElection (LeaderElection.java:logAndReturn(56)) - 277b5c5e-8c6f-4c9a-a53f-1bbc96404e12@group-569FAC3F8BCE-LeaderElection299: Election REJECTED; received 2 response(s) [277b5c5e-8c6f-4c9a-a53f-1bbc96404e12<-6b24a2ab-97ee-4d49-85cc-2d76c2f4b8ef#0:FAIL-t307, 277b5c5e-8c6f-4c9a-a53f-1bbc96404e12<-a32408a4-f19d-4bad-97c5-ba33ae94fc9a#0:FAIL-t307] and 0 exception(s); 277b5c5e-8c6f-4c9a-a53f-1bbc96404e12@group-569FAC3F8BCE:t307, leader=null, voted=277b5c5e-8c6f-4c9a-a53f-1bbc96404e12, raftlog=277b5c5e-8c6f-4c9a-a53f-1bbc96404e12@group-569FAC3F8BCE-SegmentedRaftLog:OPENED:c-1,f-1,i0, conf=-1: [a32408a4-f19d-4bad-97c5-ba33ae94fc9a:192.168.157.254:38721, 6b24a2ab-97ee-4d49-85cc-2d76c2f4b8ef:192.168.157.254:41080, 277b5c5e-8c6f-4c9a-a53f-1bbc96404e12:192.168.157.254:41416], old=null
2019-10-16 21:55:34,435 [277b5c5e-8c6f-4c9a-a53f-1bbc96404e12@group-569FAC3F8BCE-LeaderElection299] INFO  impl.RaftServerImpl (RaftServerImpl.java:setRole(184)) - 277b5c5e-8c6f-4c9a-a53f-1bbc96404e12@group-569FAC3F8BCE: changes role from CANDIDATE to FOLLOWER at term 307 for DISCOVERED_A_NEW_TERM
2019-10-16 21:55:34,436 [277b5c5e-8c6f-4c9a-a53f-1bbc96404e12@group-569FAC3F8BCE-LeaderElection299] INFO  impl.RoleInfo (RoleInfo.java:shutdownLeaderElection(134)) - 277b5c5e-8c6f-4c9a-a53f-1bbc96404e12: shutdown LeaderElection
2019-10-16 21:55:34,436 [277b5c5e-8c6f-4c9a-a53f-1bbc96404e12@group-569FAC3F8BCE-LeaderElection299] INFO  impl.RoleInfo (RoleInfo.java:updateAndGet(143)) - 277b5c5e-8c6f-4c9a-a53f-1bbc96404e12: start FollowerState
2019-10-16 21:55:34,576 [Thread-0] INFO  ozone.MiniOzoneClusterImpl (MiniOzoneClusterImpl.java:lambda$waitForClusterToBeReady$2(164)) - Waiting for 1 number of pipelines out of 4, to report a leader.
2019-10-16 21:55:34,621 [Thread-2122] INFO  impl.FollowerState (FollowerState.java:run(108)) - 277b5c5e-8c6f-4c9a-a53f-1bbc96404e12@group-569FAC3F8BCE-FollowerState: change to CANDIDATE, lastRpcTime:185ms, electionTimeout:185ms
2019-10-16 21:55:34,621 [Thread-2122] INFO  impl.RoleInfo (RoleInfo.java:shutdownFollowerState(121)) - 277b5c5e-8c6f-4c9a-a53f-1bbc96404e12: shutdown FollowerState
2019-10-16 21:55:34,621 [Thread-2122] INFO  impl.RaftServerImpl (RaftServerImpl.java:setRole(184)) - 277b5c5e-8c6f-4c9a-a53f-1bbc96404e12@group-569FAC3F8BCE: changes role from  FOLLOWER to CANDIDATE at term 307 for changeToCandidate
2019-10-16 21:55:34,621 [Thread-2122] INFO  impl.RoleInfo (RoleInfo.java:updateAndGet(143)) - 277b5c5e-8c6f-4c9a-a53f-1bbc96404e12: start LeaderElection
2019-10-16 21:55:34,636 [277b5c5e-8c6f-4c9a-a53f-1bbc96404e12@group-569FAC3F8BCE-LeaderElection300] INFO  impl.LeaderElection (LeaderElection.java:askForVotes(178)) - 277b5c5e-8c6f-4c9a-a53f-1bbc96404e12@group-569FAC3F8BCE-LeaderElection300: begin an election at term 308 for -1: [a32408a4-f19d-4bad-97c5-ba33ae94fc9a:192.168.157.254:38721, 6b24a2ab-97ee-4d49-85cc-2d76c2f4b8ef:192.168.157.254:41080, 277b5c5e-8c6f-4c9a-a53f-1bbc96404e12:192.168.157.254:41416], old=null
2019-10-16 21:55:34,638 [grpc-default-executor-0] INFO  impl.RaftServerImpl (RaftServerImpl.java:setRole(184)) - a32408a4-f19d-4bad-97c5-ba33ae94fc9a@group-569FAC3F8BCE: changes role from  FOLLOWER to FOLLOWER at term 308 for recognizeCandidate:277b5c5e-8c6f-4c9a-a53f-1bbc96404e12
2019-10-16 21:55:34,638 [grpc-default-executor-0] INFO  impl.RoleInfo (RoleInfo.java:shutdownFollowerState(121)) - a32408a4-f19d-4bad-97c5-ba33ae94fc9a: shutdown FollowerState
2019-10-16 21:55:34,638 [grpc-default-executor-0] INFO  impl.RoleInfo (RoleInfo.java:updateAndGet(143)) - a32408a4-f19d-4bad-97c5-ba33ae94fc9a: start FollowerState
2019-10-16 21:55:34,638 [Thread-2120] INFO  impl.FollowerState (FollowerState.java:run(117)) - a32408a4-f19d-4bad-97c5-ba33ae94fc9a@group-569FAC3F8BCE-FollowerState was interrupted: java.lang.InterruptedException: sleep interrupted
2019-10-16 21:55:34,638 [grpc-default-executor-1] INFO  impl.RaftServerImpl (RaftServerImpl.java:setRole(184)) - 6b24a2ab-97ee-4d49-85cc-2d76c2f4b8ef@group-569FAC3F8BCE: changes role from  FOLLOWER to FOLLOWER at term 308 for recognizeCandidate:277b5c5e-8c6f-4c9a-a53f-1bbc96404e12
2019-10-16 21:55:34,639 [grpc-default-executor-1] INFO  impl.RoleInfo (RoleInfo.java:shutdownFollowerState(121)) - 6b24a2ab-97ee-4d49-85cc-2d76c2f4b8ef: shutdown FollowerState
2019-10-16 21:55:34,639 [grpc-default-executor-1] INFO  impl.RoleInfo (RoleInfo.java:updateAndGet(143)) - 6b24a2ab-97ee-4d49-85cc-2d76c2f4b8ef: start FollowerState
2019-10-16 21:55:34,639 [Thread-2121] INFO  impl.FollowerState (FollowerState.java:run(117)) - 6b24a2ab-97ee-4d49-85cc-2d76c2f4b8ef@group-569FAC3F8BCE-FollowerState was interrupted: java.lang.InterruptedException: sleep interrupted
2019-10-16 21:55:34,650 [277b5c5e-8c6f-4c9a-a53f-1bbc96404e12@group-569FAC3F8BCE-LeaderElection300] INFO  impl.LeaderElection (LeaderElection.java:logAndReturn(56)) - 277b5c5e-8c6f-4c9a-a53f-1bbc96404e12@group-569FAC3F8BCE-LeaderElection300: Election REJECTED; received 2 response(s) [277b5c5e-8c6f-4c9a-a53f-1bbc96404e12<-a32408a4-f19d-4bad-97c5-ba33ae94fc9a#0:FAIL-t308, 277b5c5e-8c6f-4c9a-a53f-1bbc96404e12<-6b24a2ab-97ee-4d49-85cc-2d76c2f4b8ef#0:FAIL-t308] and 0 exception(s); 277b5c5e-8c6f-4c9a-a53f-1bbc96404e12@group-569FAC3F8BCE:t308, leader=null, voted=277b5c5e-8c6f-4c9a-a53f-1bbc96404e12, raftlog=277b5c5e-8c6f-4c9a-a53f-1bbc96404e12@group-569FAC3F8BCE-SegmentedRaftLog:OPENED:c-1,f-1,i0, conf=-1: [a32408a4-f19d-4bad-97c5-ba33ae94fc9a:192.168.157.254:38721, 6b24a2ab-97ee-4d49-85cc-2d76c2f4b8ef:192.168.157.254:41080, 277b5c5e-8c6f-4c9a-a53f-1bbc96404e12:192.168.157.254:41416], old=null
2019-10-16 21:55:34,650 [277b5c5e-8c6f-4c9a-a53f-1bbc96404e12@group-569FAC3F8BCE-LeaderElection300] INFO  impl.RaftServerImpl (RaftServerImpl.java:setRole(184)) - 277b5c5e-8c6f-4c9a-a53f-1bbc96404e12@group-569FAC3F8BCE: changes role from CANDIDATE to FOLLOWER at term 308 for DISCOVERED_A_NEW_TERM
2019-10-16 21:55:34,650 [277b5c5e-8c6f-4c9a-a53f-1bbc96404e12@group-569FAC3F8BCE-LeaderElection300] INFO  impl.RoleInfo (RoleInfo.java:shutdownLeaderElection(134)) - 277b5c5e-8c6f-4c9a-a53f-1bbc96404e12: shutdown LeaderElection
2019-10-16 21:55:34,650 [277b5c5e-8c6f-4c9a-a53f-1bbc96404e12@group-569FAC3F8BCE-LeaderElection300] INFO  impl.RoleInfo (RoleInfo.java:updateAndGet(143)) - 277b5c5e-8c6f-4c9a-a53f-1bbc96404e12: start FollowerState
2019-10-16 21:55:34,704 [Thread-2128] INFO  impl.FollowerState (FollowerState.java:run(108)) - 277b5c5e-8c6f-4c9a-a53f-1bbc96404e12@group-569FAC3F8BCE-FollowerState: change to CANDIDATE, lastRpcTime:53ms, electionTimeout:53ms
2019-10-16 21:55:34,704 [Thread-2128] INFO  impl.RoleInfo (RoleInfo.java:shutdownFollowerState(121)) - 277b5c5e-8c6f-4c9a-a53f-1bbc96404e12: shutdown FollowerState
2019-10-16 21:55:34,704 [Thread-2128] INFO  impl.RaftServerImpl (RaftServerImpl.java:setRole(184)) - 277b5c5e-8c6f-4c9a-a53f-1bbc96404e12@group-569FAC3F8BCE: changes role from  FOLLOWER to CANDIDATE at term 308 for changeToCandidate
2019-10-16 21:55:34,704 [Thread-2128] INFO  impl.RoleInfo (RoleInfo.java:updateAndGet(143)) - 277b5c5e-8c6f-4c9a-a53f-1bbc96404e12: start LeaderElection
2019-10-16 21:55:34,715 [277b5c5e-8c6f-4c9a-a53f-1bbc96404e12@group-569FAC3F8BCE-LeaderElection301] INFO  impl.LeaderElection (LeaderElection.java:askForVotes(178)) - 277b5c5e-8c6f-4c9a-a53f-1bbc96404e12@group-569FAC3F8BCE-LeaderElection301: begin an election at term 309 for -1: [a32408a4-f19d-4bad-97c5-ba33ae94fc9a:192.168.157.254:38721, 6b24a2ab-97ee-4d49-85cc-2d76c2f4b8ef:192.168.157.254:41080, 277b5c5e-8c6f-4c9a-a53f-1bbc96404e12:192.168.157.254:41416], old=null
2019-10-16 21:55:34,716 [grpc-default-executor-1] INFO  impl.RaftServerImpl (RaftServerImpl.java:setRole(184)) - a32408a4-f19d-4bad-97c5-ba33ae94fc9a@group-569FAC3F8BCE: changes role from  FOLLOWER to FOLLOWER at term 309 for recognizeCandidate:277b5c5e-8c6f-4c9a-a53f-1bbc96404e12
2019-10-16 21:55:34,716 [grpc-default-executor-1] INFO  impl.RoleInfo (RoleInfo.java:shutdownFollowerState(121)) - a32408a4-f19d-4bad-97c5-ba33ae94fc9a: shutdown FollowerState
2019-10-16 21:55:34,717 [grpc-default-executor-1] INFO  impl.RoleInfo (RoleInfo.java:updateAndGet(143)) - a32408a4-f19d-4bad-97c5-ba33ae94fc9a: start FollowerState
2019-10-16 21:55:34,717 [grpc-default-executor-0] INFO  impl.RaftServerImpl (RaftServerImpl.java:setRole(184)) - 6b24a2ab-97ee-4d49-85cc-2d76c2f4b8ef@group-569FAC3F8BCE: changes role from  FOLLOWER to FOLLOWER at term 309 for recognizeCandidate:277b5c5e-8c6f-4c9a-a53f-1bbc96404e12
2019-10-16 21:55:34,717 [grpc-default-executor-0] INFO  impl.RoleInfo (RoleInfo.java:shutdownFollowerState(121)) - 6b24a2ab-97ee-4d49-85cc-2d76c2f4b8ef: shutdown FollowerState
2019-10-16 21:55:34,717 [Thread-2126] INFO  impl.FollowerState (FollowerState.java:run(117)) - a32408a4-f19d-4bad-97c5-ba33ae94fc9a@group-569FAC3F8BCE-FollowerState was interrupted: java.lang.InterruptedException: sleep interrupted
2019-10-16 21:55:34,717 [Thread-2127] INFO  impl.FollowerState (FollowerState.java:run(117)) - 6b24a2ab-97ee-4d49-85cc-2d76c2f4b8ef@group-569FAC3F8BCE-FollowerState was interrupted: java.lang.InterruptedException: sleep interrupted
2019-10-16 21:55:34,717 [grpc-default-executor-0] INFO  impl.RoleInfo (RoleInfo.java:updateAndGet(143)) - 6b24a2ab-97ee-4d49-85cc-2d76c2f4b8ef: start FollowerState
2019-10-16 21:55:34,732 [277b5c5e-8c6f-4c9a-a53f-1bbc96404e12@group-569FAC3F8BCE-LeaderElection301] INFO  impl.LeaderElection (LeaderElection.java:logAndReturn(56)) - 277b5c5e-8c6f-4c9a-a53f-1bbc96404e12@group-569FAC3F8BCE-LeaderElection301: Election REJECTED; received 2 response(s) [277b5c5e-8c6f-4c9a-a53f-1bbc96404e12<-6b24a2ab-97ee-4d49-85cc-2d76c2f4b8ef#0:FAIL-t309, 277b5c5e-8c6f-4c9a-a53f-1bbc96404e12<-a32408a4-f19d-4bad-97c5-ba33ae94fc9a#0:FAIL-t309] and 0 exception(s); 277b5c5e-8c6f-4c9a-a53f-1bbc96404e12@group-569FAC3F8BCE:t309, leader=null, voted=277b5c5e-8c6f-4c9a-a53f-1bbc96404e12, raftlog=277b5c5e-8c6f-4c9a-a53f-1bbc96404e12@group-569FAC3F8BCE-SegmentedRaftLog:OPENED:c-1,f-1,i0, conf=-1: [a32408a4-f19d-4bad-97c5-ba33ae94fc9a:192.168.157.254:38721, 6b24a2ab-97ee-4d49-85cc-2d76c2f4b8ef:192.168.157.254:41080, 277b5c5e-8c6f-4c9a-a53f-1bbc96404e12:192.168.157.254:41416], old=null
2019-10-16 21:55:34,732 [277b5c5e-8c6f-4c9a-a53f-1bbc96404e12@group-569FAC3F8BCE-LeaderElection301] INFO  impl.RaftServerImpl (RaftServerImpl.java:setRole(184)) - 277b5c5e-8c6f-4c9a-a53f-1bbc96404e12@group-569FAC3F8BCE: changes role from CANDIDATE to FOLLOWER at term 309 for DISCOVERED_A_NEW_TERM
2019-10-16 21:55:34,732 [277b5c5e-8c6f-4c9a-a53f-1bbc96404e12@group-569FAC3F8BCE-LeaderElection301] INFO  impl.RoleInfo (RoleInfo.java:shutdownLeaderElection(134)) - 277b5c5e-8c6f-4c9a-a53f-1bbc96404e12: shutdown LeaderElection
2019-10-16 21:55:34,732 [277b5c5e-8c6f-4c9a-a53f-1bbc96404e12@group-569FAC3F8BCE-LeaderElection301] INFO  impl.RoleInfo (RoleInfo.java:updateAndGet(143)) - 277b5c5e-8c6f-4c9a-a53f-1bbc96404e12: start FollowerState
2019-10-16 21:55:34,917 [Thread-2134] INFO  impl.FollowerState (FollowerState.java:run(108)) - 277b5c5e-8c6f-4c9a-a53f-1bbc96404e12@group-569FAC3F8BCE-FollowerState: change to CANDIDATE, lastRpcTime:184ms, electionTimeout:184ms
2019-10-16 21:55:34,917 [Thread-2134] INFO  impl.RoleInfo (RoleInfo.java:shutdownFollowerState(121)) - 277b5c5e-8c6f-4c9a-a53f-1bbc96404e12: shutdown FollowerState
2019-10-16 21:55:34,917 [Thread-2134] INFO  impl.RaftServerImpl (RaftServerImpl.java:setRole(184)) - 277b5c5e-8c6f-4c9a-a53f-1bbc96404e12@group-569FAC3F8BCE: changes role from  FOLLOWER to CANDIDATE at term 309 for changeToCandidate
2019-10-16 21:55:34,917 [Thread-2134] INFO  impl.RoleInfo (RoleInfo.java:updateAndGet(143)) - 277b5c5e-8c6f-4c9a-a53f-1bbc96404e12: start LeaderElection
2019-10-16 21:55:34,937 [277b5c5e-8c6f-4c9a-a53f-1bbc96404e12@group-569FAC3F8BCE-LeaderElection302] INFO  impl.LeaderElection (LeaderElection.java:askForVotes(178)) - 277b5c5e-8c6f-4c9a-a53f-1bbc96404e12@group-569FAC3F8BCE-LeaderElection302: begin an election at term 310 for -1: [a32408a4-f19d-4bad-97c5-ba33ae94fc9a:192.168.157.254:38721, 6b24a2ab-97ee-4d49-85cc-2d76c2f4b8ef:192.168.157.254:41080, 277b5c5e-8c6f-4c9a-a53f-1bbc96404e12:192.168.157.254:41416], old=null
2019-10-16 21:55:34,939 [grpc-default-executor-0] INFO  impl.RaftServerImpl (RaftServerImpl.java:setRole(184)) - a32408a4-f19d-4bad-97c5-ba33ae94fc9a@group-569FAC3F8BCE: changes role from  FOLLOWER to FOLLOWER at term 310 for recognizeCandidate:277b5c5e-8c6f-4c9a-a53f-1bbc96404e12
2019-10-16 21:55:34,940 [grpc-default-executor-1] INFO  impl.RaftServerImpl (RaftServerImpl.java:setRole(184)) - 6b24a2ab-97ee-4d49-85cc-2d76c2f4b8ef@group-569FAC3F8BCE: changes role from  FOLLOWER to FOLLOWER at term 310 for recognizeCandidate:277b5c5e-8c6f-4c9a-a53f-1bbc96404e12
2019-10-16 21:55:34,940 [grpc-default-executor-1] INFO  impl.RoleInfo (RoleInfo.java:shutdownFollowerState(121)) - 6b24a2ab-97ee-4d49-85cc-2d76c2f4b8ef: shutdown FollowerState
2019-10-16 21:55:34,940 [grpc-default-executor-0] INFO  impl.RoleInfo (RoleInfo.java:shutdownFollowerState(121)) - a32408a4-f19d-4bad-97c5-ba33ae94fc9a: shutdown FollowerState
2019-10-16 21:55:34,940 [Thread-2133] INFO  impl.FollowerState (FollowerState.java:run(117)) - 6b24a2ab-97ee-4d49-85cc-2d76c2f4b8ef@group-569FAC3F8BCE-FollowerState was interrupted: java.lang.InterruptedException: sleep interrupted
2019-10-16 21:55:34,940 [grpc-default-executor-1] INFO  impl.RoleInfo (RoleInfo.java:updateAndGet(143)) - 6b24a2ab-97ee-4d49-85cc-2d76c2f4b8ef: start FollowerState
2019-10-16 21:55:34,940 [Thread-2132] INFO  impl.FollowerState (FollowerState.java:run(117)) - a32408a4-f19d-4bad-97c5-ba33ae94fc9a@group-569FAC3F8BCE-FollowerState was interrupted: java.lang.InterruptedException: sleep interrupted
2019-10-16 21:55:34,940 [grpc-default-executor-0] INFO  impl.RoleInfo (RoleInfo.java:updateAndGet(143)) - a32408a4-f19d-4bad-97c5-ba33ae94fc9a: start FollowerState
2019-10-16 21:55:34,951 [277b5c5e-8c6f-4c9a-a53f-1bbc96404e12@group-569FAC3F8BCE-LeaderElection302] INFO  impl.LeaderElection (LeaderElection.java:logAndReturn(56)) - 277b5c5e-8c6f-4c9a-a53f-1bbc96404e12@group-569FAC3F8BCE-LeaderElection302: Election REJECTED; received 2 response(s) [277b5c5e-8c6f-4c9a-a53f-1bbc96404e12<-a32408a4-f19d-4bad-97c5-ba33ae94fc9a#0:FAIL-t310, 277b5c5e-8c6f-4c9a-a53f-1bbc96404e12<-6b24a2ab-97ee-4d49-85cc-2d76c2f4b8ef#0:FAIL-t310] and 0 exception(s); 277b5c5e-8c6f-4c9a-a53f-1bbc96404e12@group-569FAC3F8BCE:t310, leader=null, voted=277b5c5e-8c6f-4c9a-a53f-1bbc96404e12, raftlog=277b5c5e-8c6f-4c9a-a53f-1bbc96404e12@group-569FAC3F8BCE-SegmentedRaftLog:OPENED:c-1,f-1,i0, conf=-1: [a32408a4-f19d-4bad-97c5-ba33ae94fc9a:192.168.157.254:38721, 6b24a2ab-97ee-4d49-85cc-2d76c2f4b8ef:192.168.157.254:41080, 277b5c5e-8c6f-4c9a-a53f-1bbc96404e12:192.168.157.254:41416], old=null
2019-10-16 21:55:34,951 [277b5c5e-8c6f-4c9a-a53f-1bbc96404e12@group-569FAC3F8BCE-LeaderElection302] INFO  impl.RaftServerImpl (RaftServerImpl.java:setRole(184)) - 277b5c5e-8c6f-4c9a-a53f-1bbc96404e12@group-569FAC3F8BCE: changes role from CANDIDATE to FOLLOWER at term 310 for DISCOVERED_A_NEW_TERM
2019-10-16 21:55:34,951 [277b5c5e-8c6f-4c9a-a53f-1bbc96404e12@group-569FAC3F8BCE-LeaderElection302] INFO  impl.RoleInfo (RoleInfo.java:shutdownLeaderElection(134)) - 277b5c5e-8c6f-4c9a-a53f-1bbc96404e12: shutdown LeaderElection
2019-10-16 21:55:34,952 [277b5c5e-8c6f-4c9a-a53f-1bbc96404e12@group-569FAC3F8BCE-LeaderElection302] INFO  impl.RoleInfo (RoleInfo.java:updateAndGet(143)) - 277b5c5e-8c6f-4c9a-a53f-1bbc96404e12: start FollowerState
2019-10-16 21:55:35,048 [Thread-2140] INFO  impl.FollowerState (FollowerState.java:run(108)) - 277b5c5e-8c6f-4c9a-a53f-1bbc96404e12@group-569FAC3F8BCE-FollowerState: change to CANDIDATE, lastRpcTime:96ms, electionTimeout:96ms
2019-10-16 21:55:35,049 [Thread-2140] INFO  impl.RoleInfo (RoleInfo.java:shutdownFollowerState(121)) - 277b5c5e-8c6f-4c9a-a53f-1bbc96404e12: shutdown FollowerState
2019-10-16 21:55:35,049 [Thread-2140] INFO  impl.RaftServerImpl (RaftServerImpl.java:setRole(184)) - 277b5c5e-8c6f-4c9a-a53f-1bbc96404e12@group-569FAC3F8BCE: changes role from  FOLLOWER to CANDIDATE at term 310 for changeToCandidate
2019-10-16 21:55:35,049 [Thread-2140] INFO  impl.RoleInfo (RoleInfo.java:updateAndGet(143)) - 277b5c5e-8c6f-4c9a-a53f-1bbc96404e12: start LeaderElection
2019-10-16 21:55:35,063 [277b5c5e-8c6f-4c9a-a53f-1bbc96404e12@group-569FAC3F8BCE-LeaderElection303] INFO  impl.LeaderElection (LeaderElection.java:askForVotes(178)) - 277b5c5e-8c6f-4c9a-a53f-1bbc96404e12@group-569FAC3F8BCE-LeaderElection303: begin an election at term 311 for -1: [a32408a4-f19d-4bad-97c5-ba33ae94fc9a:192.168.157.254:38721, 6b24a2ab-97ee-4d49-85cc-2d76c2f4b8ef:192.168.157.254:41080, 277b5c5e-8c6f-4c9a-a53f-1bbc96404e12:192.168.157.254:41416], old=null
2019-10-16 21:55:35,065 [grpc-default-executor-0] INFO  impl.RaftServerImpl (RaftServerImpl.java:setRole(184)) - 6b24a2ab-97ee-4d49-85cc-2d76c2f4b8ef@group-569FAC3F8BCE: changes role from  FOLLOWER to FOLLOWER at term 311 for recognizeCandidate:277b5c5e-8c6f-4c9a-a53f-1bbc96404e12
2019-10-16 21:55:35,065 [grpc-default-executor-1] INFO  impl.RaftServerImpl (RaftServerImpl.java:setRole(184)) - a32408a4-f19d-4bad-97c5-ba33ae94fc9a@group-569FAC3F8BCE: changes role from  FOLLOWER to FOLLOWER at term 311 for recognizeCandidate:277b5c5e-8c6f-4c9a-a53f-1bbc96404e12
2019-10-16 21:55:35,065 [grpc-default-executor-0] INFO  impl.RoleInfo (RoleInfo.java:shutdownFollowerState(121)) - 6b24a2ab-97ee-4d49-85cc-2d76c2f4b8ef: shutdown FollowerState
2019-10-16 21:55:35,065 [grpc-default-executor-1] INFO  impl.RoleInfo (RoleInfo.java:shutdownFollowerState(121)) - a32408a4-f19d-4bad-97c5-ba33ae94fc9a: shutdown FollowerState
2019-10-16 21:55:35,065 [Thread-2138] INFO  impl.FollowerState (FollowerState.java:run(117)) - 6b24a2ab-97ee-4d49-85cc-2d76c2f4b8ef@group-569FAC3F8BCE-FollowerState was interrupted: java.lang.InterruptedException: sleep interrupted
2019-10-16 21:55:35,066 [Thread-2139] INFO  impl.FollowerState (FollowerState.java:run(117)) - a32408a4-f19d-4bad-97c5-ba33ae94fc9a@group-569FAC3F8BCE-FollowerState was interrupted: java.lang.InterruptedException: sleep interrupted
2019-10-16 21:55:35,065 [grpc-default-executor-0] INFO  impl.RoleInfo (RoleInfo.java:updateAndGet(143)) - 6b24a2ab-97ee-4d49-85cc-2d76c2f4b8ef: start FollowerState
2019-10-16 21:55:35,066 [grpc-default-executor-1] INFO  impl.RoleInfo (RoleInfo.java:updateAndGet(143)) - a32408a4-f19d-4bad-97c5-ba33ae94fc9a: start FollowerState
2019-10-16 21:55:35,082 [277b5c5e-8c6f-4c9a-a53f-1bbc96404e12@group-569FAC3F8BCE-LeaderElection303] INFO  impl.LeaderElection (LeaderElection.java:logAndReturn(56)) - 277b5c5e-8c6f-4c9a-a53f-1bbc96404e12@group-569FAC3F8BCE-LeaderElection303: Election REJECTED; received 2 response(s) [277b5c5e-8c6f-4c9a-a53f-1bbc96404e12<-6b24a2ab-97ee-4d49-85cc-2d76c2f4b8ef#0:FAIL-t311, 277b5c5e-8c6f-4c9a-a53f-1bbc96404e12<-a32408a4-f19d-4bad-97c5-ba33ae94fc9a#0:FAIL-t311] and 0 exception(s); 277b5c5e-8c6f-4c9a-a53f-1bbc96404e12@group-569FAC3F8BCE:t311, leader=null, voted=277b5c5e-8c6f-4c9a-a53f-1bbc96404e12, raftlog=277b5c5e-8c6f-4c9a-a53f-1bbc96404e12@group-569FAC3F8BCE-SegmentedRaftLog:OPENED:c-1,f-1,i0, conf=-1: [a32408a4-f19d-4bad-97c5-ba33ae94fc9a:192.168.157.254:38721, 6b24a2ab-97ee-4d49-85cc-2d76c2f4b8ef:192.168.157.254:41080, 277b5c5e-8c6f-4c9a-a53f-1bbc96404e12:192.168.157.254:41416], old=null
2019-10-16 21:55:35,082 [277b5c5e-8c6f-4c9a-a53f-1bbc96404e12@group-569FAC3F8BCE-LeaderElection303] INFO  impl.RaftServerImpl (RaftServerImpl.java:setRole(184)) - 277b5c5e-8c6f-4c9a-a53f-1bbc96404e12@group-569FAC3F8BCE: changes role from CANDIDATE to FOLLOWER at term 311 for DISCOVERED_A_NEW_TERM
2019-10-16 21:55:35,082 [277b5c5e-8c6f-4c9a-a53f-1bbc96404e12@group-569FAC3F8BCE-LeaderElection303] INFO  impl.RoleInfo (RoleInfo.java:shutdownLeaderElection(134)) - 277b5c5e-8c6f-4c9a-a53f-1bbc96404e12: shutdown LeaderElection
2019-10-16 21:55:35,082 [277b5c5e-8c6f-4c9a-a53f-1bbc96404e12@group-569FAC3F8BCE-LeaderElection303] INFO  impl.RoleInfo (RoleInfo.java:updateAndGet(143)) - 277b5c5e-8c6f-4c9a-a53f-1bbc96404e12: start FollowerState
2019-10-16 21:55:35,243 [Thread-2146] INFO  impl.FollowerState (FollowerState.java:run(108)) - 277b5c5e-8c6f-4c9a-a53f-1bbc96404e12@group-569FAC3F8BCE-FollowerState: change to CANDIDATE, lastRpcTime:160ms, electionTimeout:160ms
2019-10-16 21:55:35,243 [Thread-2146] INFO  impl.RoleInfo (RoleInfo.java:shutdownFollowerState(121)) - 277b5c5e-8c6f-4c9a-a53f-1bbc96404e12: shutdown FollowerState
2019-10-16 21:55:35,243 [Thread-2146] INFO  impl.RaftServerImpl (RaftServerImpl.java:setRole(184)) - 277b5c5e-8c6f-4c9a-a53f-1bbc96404e12@group-569FAC3F8BCE: changes role from  FOLLOWER to CANDIDATE at term 311 for changeToCandidate
2019-10-16 21:55:35,243 [Thread-2146] INFO  impl.RoleInfo (RoleInfo.java:updateAndGet(143)) - 277b5c5e-8c6f-4c9a-a53f-1bbc96404e12: start LeaderElection
2019-10-16 21:55:35,257 [277b5c5e-8c6f-4c9a-a53f-1bbc96404e12@group-569FAC3F8BCE-LeaderElection304] INFO  impl.LeaderElection (LeaderElection.java:askForVotes(178)) - 277b5c5e-8c6f-4c9a-a53f-1bbc96404e12@group-569FAC3F8BCE-LeaderElection304: begin an election at term 312 for -1: [a32408a4-f19d-4bad-97c5-ba33ae94fc9a:192.168.157.254:38721, 6b24a2ab-97ee-4d49-85cc-2d76c2f4b8ef:192.168.157.254:41080, 277b5c5e-8c6f-4c9a-a53f-1bbc96404e12:192.168.157.254:41416], old=null
2019-10-16 21:55:35,258 [grpc-default-executor-0] INFO  impl.RaftServerImpl (RaftServerImpl.java:setRole(184)) - 6b24a2ab-97ee-4d49-85cc-2d76c2f4b8ef@group-569FAC3F8BCE: changes role from  FOLLOWER to FOLLOWER at term 312 for recognizeCandidate:277b5c5e-8c6f-4c9a-a53f-1bbc96404e12
2019-10-16 21:55:35,258 [grpc-default-executor-1] INFO  impl.RaftServerImpl (RaftServerImpl.java:setRole(184)) - a32408a4-f19d-4bad-97c5-ba33ae94fc9a@group-569FAC3F8BCE: changes role from  FOLLOWER to FOLLOWER at term 312 for recognizeCandidate:277b5c5e-8c6f-4c9a-a53f-1bbc96404e12
2019-10-16 21:55:35,258 [grpc-default-executor-0] INFO  impl.RoleInfo (RoleInfo.java:shutdownFollowerState(121)) - 6b24a2ab-97ee-4d49-85cc-2d76c2f4b8ef: shutdown FollowerState
2019-10-16 21:55:35,258 [grpc-default-executor-1] INFO  impl.RoleInfo (RoleInfo.java:shutdownFollowerState(121)) - a32408a4-f19d-4bad-97c5-ba33ae94fc9a: shutdown FollowerState
2019-10-16 21:55:35,259 [Thread-2144] INFO  impl.FollowerState (FollowerState.java:run(117)) - 6b24a2ab-97ee-4d49-85cc-2d76c2f4b8ef@group-569FAC3F8BCE-FollowerState was interrupted: java.lang.InterruptedException: sleep interrupted
2019-10-16 21:55:35,259 [grpc-default-executor-0] INFO  impl.RoleInfo (RoleInfo.java:updateAndGet(143)) - 6b24a2ab-97ee-4d49-85cc-2d76c2f4b8ef: start FollowerState
2019-10-16 21:55:35,259 [Thread-2145] INFO  impl.FollowerState (FollowerState.java:run(117)) - a32408a4-f19d-4bad-97c5-ba33ae94fc9a@group-569FAC3F8BCE-FollowerState was interrupted: java.lang.InterruptedException: sleep interrupted
2019-10-16 21:55:35,259 [grpc-default-executor-1] INFO  impl.RoleInfo (RoleInfo.java:updateAndGet(143)) - a32408a4-f19d-4bad-97c5-ba33ae94fc9a: start FollowerState
2019-10-16 21:55:35,273 [277b5c5e-8c6f-4c9a-a53f-1bbc96404e12@group-569FAC3F8BCE-LeaderElection304] INFO  impl.LeaderElection (LeaderElection.java:logAndReturn(56)) - 277b5c5e-8c6f-4c9a-a53f-1bbc96404e12@group-569FAC3F8BCE-LeaderElection304: Election REJECTED; received 2 response(s) [277b5c5e-8c6f-4c9a-a53f-1bbc96404e12<-a32408a4-f19d-4bad-97c5-ba33ae94fc9a#0:FAIL-t312, 277b5c5e-8c6f-4c9a-a53f-1bbc96404e12<-6b24a2ab-97ee-4d49-85cc-2d76c2f4b8ef#0:FAIL-t312] and 0 exception(s); 277b5c5e-8c6f-4c9a-a53f-1bbc96404e12@group-569FAC3F8BCE:t312, leader=null, voted=277b5c5e-8c6f-4c9a-a53f-1bbc96404e12, raftlog=277b5c5e-8c6f-4c9a-a53f-1bbc96404e12@group-569FAC3F8BCE-SegmentedRaftLog:OPENED:c-1,f-1,i0, conf=-1: [a32408a4-f19d-4bad-97c5-ba33ae94fc9a:192.168.157.254:38721, 6b24a2ab-97ee-4d49-85cc-2d76c2f4b8ef:192.168.157.254:41080, 277b5c5e-8c6f-4c9a-a53f-1bbc96404e12:192.168.157.254:41416], old=null
2019-10-16 21:55:35,273 [277b5c5e-8c6f-4c9a-a53f-1bbc96404e12@group-569FAC3F8BCE-LeaderElection304] INFO  impl.RaftServerImpl (RaftServerImpl.java:setRole(184)) - 277b5c5e-8c6f-4c9a-a53f-1bbc96404e12@group-569FAC3F8BCE: changes role from CANDIDATE to FOLLOWER at term 312 for DISCOVERED_A_NEW_TERM
2019-10-16 21:55:35,273 [277b5c5e-8c6f-4c9a-a53f-1bbc96404e12@group-569FAC3F8BCE-LeaderElection304] INFO  impl.RoleInfo (RoleInfo.java:shutdownLeaderElection(134)) - 277b5c5e-8c6f-4c9a-a53f-1bbc96404e12: shutdown LeaderElection
2019-10-16 21:55:35,273 [277b5c5e-8c6f-4c9a-a53f-1bbc96404e12@group-569FAC3F8BCE-LeaderElection304] INFO  impl.RoleInfo (RoleInfo.java:updateAndGet(143)) - 277b5c5e-8c6f-4c9a-a53f-1bbc96404e12: start FollowerState
2019-10-16 21:55:35,300 [Thread-2152] INFO  impl.FollowerState (FollowerState.java:run(108)) - 277b5c5e-8c6f-4c9a-a53f-1bbc96404e12@group-569FAC3F8BCE-FollowerState: change to CANDIDATE, lastRpcTime:27ms, electionTimeout:27ms
2019-10-16 21:55:35,301 [Thread-2152] INFO  impl.RoleInfo (RoleInfo.java:shutdownFollowerState(121)) - 277b5c5e-8c6f-4c9a-a53f-1bbc96404e12: shutdown FollowerState
2019-10-16 21:55:35,301 [Thread-2152] INFO  impl.RaftServerImpl (RaftServerImpl.java:setRole(184)) - 277b5c5e-8c6f-4c9a-a53f-1bbc96404e12@group-569FAC3F8BCE: changes role from  FOLLOWER to CANDIDATE at term 312 for changeToCandidate
2019-10-16 21:55:35,301 [Thread-2152] INFO  impl.RoleInfo (RoleInfo.java:updateAndGet(143)) - 277b5c5e-8c6f-4c9a-a53f-1bbc96404e12: start LeaderElection
2019-10-16 21:55:35,315 [277b5c5e-8c6f-4c9a-a53f-1bbc96404e12@group-569FAC3F8BCE-LeaderElection305] INFO  impl.LeaderElection (LeaderElection.java:askForVotes(178)) - 277b5c5e-8c6f-4c9a-a53f-1bbc96404e12@group-569FAC3F8BCE-LeaderElection305: begin an election at term 313 for -1: [a32408a4-f19d-4bad-97c5-ba33ae94fc9a:192.168.157.254:38721, 6b24a2ab-97ee-4d49-85cc-2d76c2f4b8ef:192.168.157.254:41080, 277b5c5e-8c6f-4c9a-a53f-1bbc96404e12:192.168.157.254:41416], old=null
2019-10-16 21:55:35,321 [grpc-default-executor-1] INFO  impl.RaftServerImpl (RaftServerImpl.java:setRole(184)) - a32408a4-f19d-4bad-97c5-ba33ae94fc9a@group-569FAC3F8BCE: changes role from  FOLLOWER to FOLLOWER at term 313 for recognizeCandidate:277b5c5e-8c6f-4c9a-a53f-1bbc96404e12
2019-10-16 21:55:35,321 [grpc-default-executor-0] INFO  impl.RaftServerImpl (RaftServerImpl.java:setRole(184)) - 6b24a2ab-97ee-4d49-85cc-2d76c2f4b8ef@group-569FAC3F8BCE: changes role from  FOLLOWER to FOLLOWER at term 313 for recognizeCandidate:277b5c5e-8c6f-4c9a-a53f-1bbc96404e12
2019-10-16 21:55:35,321 [grpc-default-executor-1] INFO  impl.RoleInfo (RoleInfo.java:shutdownFollowerState(121)) - a32408a4-f19d-4bad-97c5-ba33ae94fc9a: shutdown FollowerState
2019-10-16 21:55:35,321 [grpc-default-executor-0] INFO  impl.RoleInfo (RoleInfo.java:shutdownFollowerState(121)) - 6b24a2ab-97ee-4d49-85cc-2d76c2f4b8ef: shutdown FollowerState
2019-10-16 21:55:35,321 [Thread-2151] INFO  impl.FollowerState (FollowerState.java:run(117)) - a32408a4-f19d-4bad-97c5-ba33ae94fc9a@group-569FAC3F8BCE-FollowerState was interrupted: java.lang.InterruptedException: sleep interrupted
2019-10-16 21:55:35,321 [grpc-default-executor-1] INFO  impl.RoleInfo (RoleInfo.java:updateAndGet(143)) - a32408a4-f19d-4bad-97c5-ba33ae94fc9a: start FollowerState
2019-10-16 21:55:35,322 [Thread-2150] INFO  impl.FollowerState (FollowerState.java:run(117)) - 6b24a2ab-97ee-4d49-85cc-2d76c2f4b8ef@group-569FAC3F8BCE-FollowerState was interrupted: java.lang.InterruptedException: sleep interrupted
2019-10-16 21:55:35,322 [grpc-default-executor-0] INFO  impl.RoleInfo (RoleInfo.java:updateAndGet(143)) - 6b24a2ab-97ee-4d49-85cc-2d76c2f4b8ef: start FollowerState
2019-10-16 21:55:35,338 [277b5c5e-8c6f-4c9a-a53f-1bbc96404e12@group-569FAC3F8BCE-LeaderElection305] INFO  impl.LeaderElection (LeaderElection.java:logAndReturn(56)) - 277b5c5e-8c6f-4c9a-a53f-1bbc96404e12@group-569FAC3F8BCE-LeaderElection305: Election REJECTED; received 2 response(s) [277b5c5e-8c6f-4c9a-a53f-1bbc96404e12<-6b24a2ab-97ee-4d49-85cc-2d76c2f4b8ef#0:FAIL-t313, 277b5c5e-8c6f-4c9a-a53f-1bbc96404e12<-a32408a4-f19d-4bad-97c5-ba33ae94fc9a#0:FAIL-t313] and 0 exception(s); 277b5c5e-8c6f-4c9a-a53f-1bbc96404e12@group-569FAC3F8BCE:t313, leader=null, voted=277b5c5e-8c6f-4c9a-a53f-1bbc96404e12, raftlog=277b5c5e-8c6f-4c9a-a53f-1bbc96404e12@group-569FAC3F8BCE-SegmentedRaftLog:OPENED:c-1,f-1,i0, conf=-1: [a32408a4-f19d-4bad-97c5-ba33ae94fc9a:192.168.157.254:38721, 6b24a2ab-97ee-4d49-85cc-2d76c2f4b8ef:192.168.157.254:41080, 277b5c5e-8c6f-4c9a-a53f-1bbc96404e12:192.168.157.254:41416], old=null
2019-10-16 21:55:35,338 [277b5c5e-8c6f-4c9a-a53f-1bbc96404e12@group-569FAC3F8BCE-LeaderElection305] INFO  impl.RaftServerImpl (RaftServerImpl.java:setRole(184)) - 277b5c5e-8c6f-4c9a-a53f-1bbc96404e12@group-569FAC3F8BCE: changes role from CANDIDATE to FOLLOWER at term 313 for DISCOVERED_A_NEW_TERM
2019-10-16 21:55:35,338 [277b5c5e-8c6f-4c9a-a53f-1bbc96404e12@group-569FAC3F8BCE-LeaderElection305] INFO  impl.RoleInfo (RoleInfo.java:shutdownLeaderElection(134)) - 277b5c5e-8c6f-4c9a-a53f-1bbc96404e12: shutdown LeaderElection
2019-10-16 21:55:35,338 [277b5c5e-8c6f-4c9a-a53f-1bbc96404e12@group-569FAC3F8BCE-LeaderElection305] INFO  impl.RoleInfo (RoleInfo.java:updateAndGet(143)) - 277b5c5e-8c6f-4c9a-a53f-1bbc96404e12: start FollowerState
2019-10-16 21:55:35,487 [Thread-2158] INFO  impl.FollowerState (FollowerState.java:run(108)) - 277b5c5e-8c6f-4c9a-a53f-1bbc96404e12@group-569FAC3F8BCE-FollowerState: change to CANDIDATE, lastRpcTime:149ms, electionTimeout:149ms
2019-10-16 21:55:35,488 [Thread-2158] INFO  impl.RoleInfo (RoleInfo.java:shutdownFollowerState(121)) - 277b5c5e-8c6f-4c9a-a53f-1bbc96404e12: shutdown FollowerState
2019-10-16 21:55:35,488 [Thread-2158] INFO  impl.RaftServerImpl (RaftServerImpl.java:setRole(184)) - 277b5c5e-8c6f-4c9a-a53f-1bbc96404e12@group-569FAC3F8BCE: changes role from  FOLLOWER to CANDIDATE at term 313 for changeToCandidate
2019-10-16 21:55:35,488 [Thread-2158] INFO  impl.RoleInfo (RoleInfo.java:updateAndGet(143)) - 277b5c5e-8c6f-4c9a-a53f-1bbc96404e12: start LeaderElection
2019-10-16 21:55:35,502 [277b5c5e-8c6f-4c9a-a53f-1bbc96404e12@group-569FAC3F8BCE-LeaderElection306] INFO  impl.LeaderElection (LeaderElection.java:askForVotes(178)) - 277b5c5e-8c6f-4c9a-a53f-1bbc96404e12@group-569FAC3F8BCE-LeaderElection306: begin an election at term 314 for -1: [a32408a4-f19d-4bad-97c5-ba33ae94fc9a:192.168.157.254:38721, 6b24a2ab-97ee-4d49-85cc-2d76c2f4b8ef:192.168.157.254:41080, 277b5c5e-8c6f-4c9a-a53f-1bbc96404e12:192.168.157.254:41416], old=null
2019-10-16 21:55:35,503 [grpc-default-executor-0] INFO  impl.RaftServerImpl (RaftServerImpl.java:setRole(184)) - a32408a4-f19d-4bad-97c5-ba33ae94fc9a@group-569FAC3F8BCE: changes role from  FOLLOWER to FOLLOWER at term 314 for recognizeCandidate:277b5c5e-8c6f-4c9a-a53f-1bbc96404e12
2019-10-16 21:55:35,504 [grpc-default-executor-0] INFO  impl.RoleInfo (RoleInfo.java:shutdownFollowerState(121)) - a32408a4-f19d-4bad-97c5-ba33ae94fc9a: shutdown FollowerState
2019-10-16 21:55:35,504 [grpc-default-executor-1] INFO  impl.RaftServerImpl (RaftServerImpl.java:setRole(184)) - 6b24a2ab-97ee-4d49-85cc-2d76c2f4b8ef@group-569FAC3F8BCE: changes role from  FOLLOWER to FOLLOWER at term 314 for recognizeCandidate:277b5c5e-8c6f-4c9a-a53f-1bbc96404e12
2019-10-16 21:55:35,504 [Thread-2156] INFO  impl.FollowerState (FollowerState.java:run(117)) - a32408a4-f19d-4bad-97c5-ba33ae94fc9a@group-569FAC3F8BCE-FollowerState was interrupted: java.lang.InterruptedException: sleep interrupted
2019-10-16 21:55:35,504 [grpc-default-executor-0] INFO  impl.RoleInfo (RoleInfo.java:updateAndGet(143)) - a32408a4-f19d-4bad-97c5-ba33ae94fc9a: start FollowerState
2019-10-16 21:55:35,504 [grpc-default-executor-1] INFO  impl.RoleInfo (RoleInfo.java:shutdownFollowerState(121)) - 6b24a2ab-97ee-4d49-85cc-2d76c2f4b8ef: shutdown FollowerState
2019-10-16 21:55:35,504 [grpc-default-executor-1] INFO  impl.RoleInfo (RoleInfo.java:updateAndGet(143)) - 6b24a2ab-97ee-4d49-85cc-2d76c2f4b8ef: start FollowerState
2019-10-16 21:55:35,504 [Thread-2157] INFO  impl.FollowerState (FollowerState.java:run(117)) - 6b24a2ab-97ee-4d49-85cc-2d76c2f4b8ef@group-569FAC3F8BCE-FollowerState was interrupted: java.lang.InterruptedException: sleep interrupted
2019-10-16 21:55:35,518 [277b5c5e-8c6f-4c9a-a53f-1bbc96404e12@group-569FAC3F8BCE-LeaderElection306] INFO  impl.LeaderElection (LeaderElection.java:logAndReturn(56)) - 277b5c5e-8c6f-4c9a-a53f-1bbc96404e12@group-569FAC3F8BCE-LeaderElection306: Election REJECTED; received 2 response(s) [277b5c5e-8c6f-4c9a-a53f-1bbc96404e12<-6b24a2ab-97ee-4d49-85cc-2d76c2f4b8ef#0:FAIL-t314, 277b5c5e-8c6f-4c9a-a53f-1bbc96404e12<-a32408a4-f19d-4bad-97c5-ba33ae94fc9a#0:FAIL-t314] and 0 exception(s); 277b5c5e-8c6f-4c9a-a53f-1bbc96404e12@group-569FAC3F8BCE:t314, leader=null, voted=277b5c5e-8c6f-4c9a-a53f-1bbc96404e12, raftlog=277b5c5e-8c6f-4c9a-a53f-1bbc96404e12@group-569FAC3F8BCE-SegmentedRaftLog:OPENED:c-1,f-1,i0, conf=-1: [a32408a4-f19d-4bad-97c5-ba33ae94fc9a:192.168.157.254:38721, 6b24a2ab-97ee-4d49-85cc-2d76c2f4b8ef:192.168.157.254:41080, 277b5c5e-8c6f-4c9a-a53f-1bbc96404e12:192.168.157.254:41416], old=null
2019-10-16 21:55:35,518 [277b5c5e-8c6f-4c9a-a53f-1bbc96404e12@group-569FAC3F8BCE-LeaderElection306] INFO  impl.RaftServerImpl (RaftServerImpl.java:setRole(184)) - 277b5c5e-8c6f-4c9a-a53f-1bbc96404e12@group-569FAC3F8BCE: changes role from CANDIDATE to FOLLOWER at term 314 for DISCOVERED_A_NEW_TERM
2019-10-16 21:55:35,518 [277b5c5e-8c6f-4c9a-a53f-1bbc96404e12@group-569FAC3F8BCE-LeaderElection306] INFO  impl.RoleInfo (RoleInfo.java:shutdownLeaderElection(134)) - 277b5c5e-8c6f-4c9a-a53f-1bbc96404e12: shutdown LeaderElection
2019-10-16 21:55:35,518 [277b5c5e-8c6f-4c9a-a53f-1bbc96404e12@group-569FAC3F8BCE-LeaderElection306] INFO  impl.RoleInfo (RoleInfo.java:updateAndGet(143)) - 277b5c5e-8c6f-4c9a-a53f-1bbc96404e12: start FollowerState
2019-10-16 21:55:35,530 [Thread-2164] INFO  impl.FollowerState (FollowerState.java:run(108)) - 277b5c5e-8c6f-4c9a-a53f-1bbc96404e12@group-569FAC3F8BCE-FollowerState: change to CANDIDATE, lastRpcTime:11ms, electionTimeout:11ms
2019-10-16 21:55:35,530 [Thread-2164] INFO  impl.RoleInfo (RoleInfo.java:shutdownFollowerState(121)) - 277b5c5e-8c6f-4c9a-a53f-1bbc96404e12: shutdown FollowerState
2019-10-16 21:55:35,530 [Thread-2164] INFO  impl.RaftServerImpl (RaftServerImpl.java:setRole(184)) - 277b5c5e-8c6f-4c9a-a53f-1bbc96404e12@group-569FAC3F8BCE: changes role from  FOLLOWER to CANDIDATE at term 314 for changeToCandidate
2019-10-16 21:55:35,530 [Thread-2164] INFO  impl.RoleInfo (RoleInfo.java:updateAndGet(143)) - 277b5c5e-8c6f-4c9a-a53f-1bbc96404e12: start LeaderElection
2019-10-16 21:55:35,544 [277b5c5e-8c6f-4c9a-a53f-1bbc96404e12@group-569FAC3F8BCE-LeaderElection307] INFO  impl.LeaderElection (LeaderElection.java:askForVotes(178)) - 277b5c5e-8c6f-4c9a-a53f-1bbc96404e12@group-569FAC3F8BCE-LeaderElection307: begin an election at term 315 for -1: [a32408a4-f19d-4bad-97c5-ba33ae94fc9a:192.168.157.254:38721, 6b24a2ab-97ee-4d49-85cc-2d76c2f4b8ef:192.168.157.254:41080, 277b5c5e-8c6f-4c9a-a53f-1bbc96404e12:192.168.157.254:41416], old=null
2019-10-16 21:55:35,545 [grpc-default-executor-0] INFO  impl.RaftServerImpl (RaftServerImpl.java:setRole(184)) - a32408a4-f19d-4bad-97c5-ba33ae94fc9a@group-569FAC3F8BCE: changes role from  FOLLOWER to FOLLOWER at term 315 for recognizeCandidate:277b5c5e-8c6f-4c9a-a53f-1bbc96404e12
2019-10-16 21:55:35,546 [grpc-default-executor-0] INFO  impl.RoleInfo (RoleInfo.java:shutdownFollowerState(121)) - a32408a4-f19d-4bad-97c5-ba33ae94fc9a: shutdown FollowerState
2019-10-16 21:55:35,546 [grpc-default-executor-0] INFO  impl.RoleInfo (RoleInfo.java:updateAndGet(143)) - a32408a4-f19d-4bad-97c5-ba33ae94fc9a: start FollowerState
2019-10-16 21:55:35,546 [Thread-2162] INFO  impl.FollowerState (FollowerState.java:run(117)) - a32408a4-f19d-4bad-97c5-ba33ae94fc9a@group-569FAC3F8BCE-FollowerState was interrupted: java.lang.InterruptedException: sleep interrupted
2019-10-16 21:55:35,546 [grpc-default-executor-1] INFO  impl.RaftServerImpl (RaftServerImpl.java:setRole(184)) - 6b24a2ab-97ee-4d49-85cc-2d76c2f4b8ef@group-569FAC3F8BCE: changes role from  FOLLOWER to FOLLOWER at term 315 for recognizeCandidate:277b5c5e-8c6f-4c9a-a53f-1bbc96404e12
2019-10-16 21:55:35,546 [grpc-default-executor-1] INFO  impl.RoleInfo (RoleInfo.java:shutdownFollowerState(121)) - 6b24a2ab-97ee-4d49-85cc-2d76c2f4b8ef: shutdown FollowerState
2019-10-16 21:55:35,547 [grpc-default-executor-1] INFO  impl.RoleInfo (RoleInfo.java:updateAndGet(143)) - 6b24a2ab-97ee-4d49-85cc-2d76c2f4b8ef: start FollowerState
2019-10-16 21:55:35,547 [Thread-2163] INFO  impl.FollowerState (FollowerState.java:run(117)) - 6b24a2ab-97ee-4d49-85cc-2d76c2f4b8ef@group-569FAC3F8BCE-FollowerState was interrupted: java.lang.InterruptedException: sleep interrupted
2019-10-16 21:55:35,560 [277b5c5e-8c6f-4c9a-a53f-1bbc96404e12@group-569FAC3F8BCE-LeaderElection307] INFO  impl.LeaderElection (LeaderElection.java:logAndReturn(56)) - 277b5c5e-8c6f-4c9a-a53f-1bbc96404e12@group-569FAC3F8BCE-LeaderElection307: Election REJECTED; received 2 response(s) [277b5c5e-8c6f-4c9a-a53f-1bbc96404e12<-a32408a4-f19d-4bad-97c5-ba33ae94fc9a#0:FAIL-t315, 277b5c5e-8c6f-4c9a-a53f-1bbc96404e12<-6b24a2ab-97ee-4d49-85cc-2d76c2f4b8ef#0:FAIL-t315] and 0 exception(s); 277b5c5e-8c6f-4c9a-a53f-1bbc96404e12@group-569FAC3F8BCE:t315, leader=null, voted=277b5c5e-8c6f-4c9a-a53f-1bbc96404e12, raftlog=277b5c5e-8c6f-4c9a-a53f-1bbc96404e12@group-569FAC3F8BCE-SegmentedRaftLog:OPENED:c-1,f-1,i0, conf=-1: [a32408a4-f19d-4bad-97c5-ba33ae94fc9a:192.168.157.254:38721, 6b24a2ab-97ee-4d49-85cc-2d76c2f4b8ef:192.168.157.254:41080, 277b5c5e-8c6f-4c9a-a53f-1bbc96404e12:192.168.157.254:41416], old=null
2019-10-16 21:55:35,560 [277b5c5e-8c6f-4c9a-a53f-1bbc96404e12@group-569FAC3F8BCE-LeaderElection307] INFO  impl.RaftServerImpl (RaftServerImpl.java:setRole(184)) - 277b5c5e-8c6f-4c9a-a53f-1bbc96404e12@group-569FAC3F8BCE: changes role from CANDIDATE to FOLLOWER at term 315 for DISCOVERED_A_NEW_TERM
2019-10-16 21:55:35,560 [277b5c5e-8c6f-4c9a-a53f-1bbc96404e12@group-569FAC3F8BCE-LeaderElection307] INFO  impl.RoleInfo (RoleInfo.java:shutdownLeaderElection(134)) - 277b5c5e-8c6f-4c9a-a53f-1bbc96404e12: shutdown LeaderElection
2019-10-16 21:55:35,560 [277b5c5e-8c6f-4c9a-a53f-1bbc96404e12@group-569FAC3F8BCE-LeaderElection307] INFO  impl.RoleInfo (RoleInfo.java:updateAndGet(143)) - 277b5c5e-8c6f-4c9a-a53f-1bbc96404e12: start FollowerState
2019-10-16 21:55:35,577 [Thread-0] INFO  ozone.MiniOzoneClusterImpl (MiniOzoneClusterImpl.java:lambda$waitForClusterToBeReady$2(164)) - Waiting for 1 number of pipelines out of 4, to report a leader.
2019-10-16 21:55:35,605 [Thread-2170] INFO  impl.FollowerState (FollowerState.java:run(108)) - 277b5c5e-8c6f-4c9a-a53f-1bbc96404e12@group-569FAC3F8BCE-FollowerState: change to CANDIDATE, lastRpcTime:44ms, electionTimeout:44ms
2019-10-16 21:55:35,605 [Thread-2170] INFO  impl.RoleInfo (RoleInfo.java:shutdownFollowerState(121)) - 277b5c5e-8c6f-4c9a-a53f-1bbc96404e12: shutdown FollowerState
2019-10-16 21:55:35,605 [Thread-2170] INFO  impl.RaftServerImpl (RaftServerImpl.java:setRole(184)) - 277b5c5e-8c6f-4c9a-a53f-1bbc96404e12@group-569FAC3F8BCE: changes role from  FOLLOWER to CANDIDATE at term 315 for changeToCandidate
2019-10-16 21:55:35,605 [Thread-2170] INFO  impl.RoleInfo (RoleInfo.java:updateAndGet(143)) - 277b5c5e-8c6f-4c9a-a53f-1bbc96404e12: start LeaderElection
2019-10-16 21:55:35,619 [277b5c5e-8c6f-4c9a-a53f-1bbc96404e12@group-569FAC3F8BCE-LeaderElection308] INFO  impl.LeaderElection (LeaderElection.java:askForVotes(178)) - 277b5c5e-8c6f-4c9a-a53f-1bbc96404e12@group-569FAC3F8BCE-LeaderElection308: begin an election at term 316 for -1: [a32408a4-f19d-4bad-97c5-ba33ae94fc9a:192.168.157.254:38721, 6b24a2ab-97ee-4d49-85cc-2d76c2f4b8ef:192.168.157.254:41080, 277b5c5e-8c6f-4c9a-a53f-1bbc96404e12:192.168.157.254:41416], old=null
2019-10-16 21:55:35,621 [grpc-default-executor-1] INFO  impl.RaftServerImpl (RaftServerImpl.java:setRole(184)) - a32408a4-f19d-4bad-97c5-ba33ae94fc9a@group-569FAC3F8BCE: changes role from  FOLLOWER to FOLLOWER at term 316 for recognizeCandidate:277b5c5e-8c6f-4c9a-a53f-1bbc96404e12
2019-10-16 21:55:35,621 [grpc-default-executor-1] INFO  impl.RoleInfo (RoleInfo.java:shutdownFollowerState(121)) - a32408a4-f19d-4bad-97c5-ba33ae94fc9a: shutdown FollowerState
2019-10-16 21:55:35,621 [grpc-default-executor-0] INFO  impl.RaftServerImpl (RaftServerImpl.java:setRole(184)) - 6b24a2ab-97ee-4d49-85cc-2d76c2f4b8ef@group-569FAC3F8BCE: changes role from  FOLLOWER to FOLLOWER at term 316 for recognizeCandidate:277b5c5e-8c6f-4c9a-a53f-1bbc96404e12
2019-10-16 21:55:35,621 [grpc-default-executor-0] INFO  impl.RoleInfo (RoleInfo.java:shutdownFollowerState(121)) - 6b24a2ab-97ee-4d49-85cc-2d76c2f4b8ef: shutdown FollowerState
2019-10-16 21:55:35,621 [Thread-2168] INFO  impl.FollowerState (FollowerState.java:run(117)) - a32408a4-f19d-4bad-97c5-ba33ae94fc9a@group-569FAC3F8BCE-FollowerState was interrupted: java.lang.InterruptedException: sleep interrupted
2019-10-16 21:55:35,621 [grpc-default-executor-1] INFO  impl.RoleInfo (RoleInfo.java:updateAndGet(143)) - a32408a4-f19d-4bad-97c5-ba33ae94fc9a: start FollowerState
2019-10-16 21:55:35,621 [Thread-2169] INFO  impl.FollowerState (FollowerState.java:run(117)) - 6b24a2ab-97ee-4d49-85cc-2d76c2f4b8ef@group-569FAC3F8BCE-FollowerState was interrupted: java.lang.InterruptedException: sleep interrupted
2019-10-16 21:55:35,621 [grpc-default-executor-0] INFO  impl.RoleInfo (RoleInfo.java:updateAndGet(143)) - 6b24a2ab-97ee-4d49-85cc-2d76c2f4b8ef: start FollowerState
2019-10-16 21:55:35,635 [277b5c5e-8c6f-4c9a-a53f-1bbc96404e12@group-569FAC3F8BCE-LeaderElection308] INFO  impl.LeaderElection (LeaderElection.java:logAndReturn(56)) - 277b5c5e-8c6f-4c9a-a53f-1bbc96404e12@group-569FAC3F8BCE-LeaderElection308: Election REJECTED; received 2 response(s) [277b5c5e-8c6f-4c9a-a53f-1bbc96404e12<-6b24a2ab-97ee-4d49-85cc-2d76c2f4b8ef#0:FAIL-t316, 277b5c5e-8c6f-4c9a-a53f-1bbc96404e12<-a32408a4-f19d-4bad-97c5-ba33ae94fc9a#0:FAIL-t316] and 0 exception(s); 277b5c5e-8c6f-4c9a-a53f-1bbc96404e12@group-569FAC3F8BCE:t316, leader=null, voted=277b5c5e-8c6f-4c9a-a53f-1bbc96404e12, raftlog=277b5c5e-8c6f-4c9a-a53f-1bbc96404e12@group-569FAC3F8BCE-SegmentedRaftLog:OPENED:c-1,f-1,i0, conf=-1: [a32408a4-f19d-4bad-97c5-ba33ae94fc9a:192.168.157.254:38721, 6b24a2ab-97ee-4d49-85cc-2d76c2f4b8ef:192.168.157.254:41080, 277b5c5e-8c6f-4c9a-a53f-1bbc96404e12:192.168.157.254:41416], old=null
2019-10-16 21:55:35,635 [277b5c5e-8c6f-4c9a-a53f-1bbc96404e12@group-569FAC3F8BCE-LeaderElection308] INFO  impl.RaftServerImpl (RaftServerImpl.java:setRole(184)) - 277b5c5e-8c6f-4c9a-a53f-1bbc96404e12@group-569FAC3F8BCE: changes role from CANDIDATE to FOLLOWER at term 316 for DISCOVERED_A_NEW_TERM
2019-10-16 21:55:35,635 [277b5c5e-8c6f-4c9a-a53f-1bbc96404e12@group-569FAC3F8BCE-LeaderElection308] INFO  impl.RoleInfo (RoleInfo.java:shutdownLeaderElection(134)) - 277b5c5e-8c6f-4c9a-a53f-1bbc96404e12: shutdown LeaderElection
2019-10-16 21:55:35,636 [277b5c5e-8c6f-4c9a-a53f-1bbc96404e12@group-569FAC3F8BCE-LeaderElection308] INFO  impl.RoleInfo (RoleInfo.java:updateAndGet(143)) - 277b5c5e-8c6f-4c9a-a53f-1bbc96404e12: start FollowerState
2019-10-16 21:55:35,792 [Thread-2176] INFO  impl.FollowerState (FollowerState.java:run(108)) - 277b5c5e-8c6f-4c9a-a53f-1bbc96404e12@group-569FAC3F8BCE-FollowerState: change to CANDIDATE, lastRpcTime:156ms, electionTimeout:156ms
2019-10-16 21:55:35,792 [Thread-2176] INFO  impl.RoleInfo (RoleInfo.java:shutdownFollowerState(121)) - 277b5c5e-8c6f-4c9a-a53f-1bbc96404e12: shutdown FollowerState
2019-10-16 21:55:35,792 [Thread-2176] INFO  impl.RaftServerImpl (RaftServerImpl.java:setRole(184)) - 277b5c5e-8c6f-4c9a-a53f-1bbc96404e12@group-569FAC3F8BCE: changes role from  FOLLOWER to CANDIDATE at term 316 for changeToCandidate
2019-10-16 21:55:35,792 [Thread-2176] INFO  impl.RoleInfo (RoleInfo.java:updateAndGet(143)) - 277b5c5e-8c6f-4c9a-a53f-1bbc96404e12: start LeaderElection
2019-10-16 21:55:35,808 [277b5c5e-8c6f-4c9a-a53f-1bbc96404e12@group-569FAC3F8BCE-LeaderElection309] INFO  impl.LeaderElection (LeaderElection.java:askForVotes(178)) - 277b5c5e-8c6f-4c9a-a53f-1bbc96404e12@group-569FAC3F8BCE-LeaderElection309: begin an election at term 317 for -1: [a32408a4-f19d-4bad-97c5-ba33ae94fc9a:192.168.157.254:38721, 6b24a2ab-97ee-4d49-85cc-2d76c2f4b8ef:192.168.157.254:41080, 277b5c5e-8c6f-4c9a-a53f-1bbc96404e12:192.168.157.254:41416], old=null
2019-10-16 21:55:35,810 [grpc-default-executor-0] INFO  impl.RaftServerImpl (RaftServerImpl.java:setRole(184)) - a32408a4-f19d-4bad-97c5-ba33ae94fc9a@group-569FAC3F8BCE: changes role from  FOLLOWER to FOLLOWER at term 317 for recognizeCandidate:277b5c5e-8c6f-4c9a-a53f-1bbc96404e12
2019-10-16 21:55:35,810 [grpc-default-executor-0] INFO  impl.RoleInfo (RoleInfo.java:shutdownFollowerState(121)) - a32408a4-f19d-4bad-97c5-ba33ae94fc9a: shutdown FollowerState
2019-10-16 21:55:35,810 [grpc-default-executor-1] INFO  impl.RaftServerImpl (RaftServerImpl.java:setRole(184)) - 6b24a2ab-97ee-4d49-85cc-2d76c2f4b8ef@group-569FAC3F8BCE: changes role from  FOLLOWER to FOLLOWER at term 317 for recognizeCandidate:277b5c5e-8c6f-4c9a-a53f-1bbc96404e12
2019-10-16 21:55:35,811 [grpc-default-executor-1] INFO  impl.RoleInfo (RoleInfo.java:shutdownFollowerState(121)) - 6b24a2ab-97ee-4d49-85cc-2d76c2f4b8ef: shutdown FollowerState
2019-10-16 21:55:35,811 [grpc-default-executor-0] INFO  impl.RoleInfo (RoleInfo.java:updateAndGet(143)) - a32408a4-f19d-4bad-97c5-ba33ae94fc9a: start FollowerState
2019-10-16 21:55:35,811 [Thread-2174] INFO  impl.FollowerState (FollowerState.java:run(117)) - a32408a4-f19d-4bad-97c5-ba33ae94fc9a@group-569FAC3F8BCE-FollowerState was interrupted: java.lang.InterruptedException: sleep interrupted
2019-10-16 21:55:35,811 [Thread-2175] INFO  impl.FollowerState (FollowerState.java:run(117)) - 6b24a2ab-97ee-4d49-85cc-2d76c2f4b8ef@group-569FAC3F8BCE-FollowerState was interrupted: java.lang.InterruptedException: sleep interrupted
2019-10-16 21:55:35,811 [grpc-default-executor-1] INFO  impl.RoleInfo (RoleInfo.java:updateAndGet(143)) - 6b24a2ab-97ee-4d49-85cc-2d76c2f4b8ef: start FollowerState
2019-10-16 21:55:35,825 [277b5c5e-8c6f-4c9a-a53f-1bbc96404e12@group-569FAC3F8BCE-LeaderElection309] INFO  impl.LeaderElection (LeaderElection.java:logAndReturn(56)) - 277b5c5e-8c6f-4c9a-a53f-1bbc96404e12@group-569FAC3F8BCE-LeaderElection309: Election REJECTED; received 2 response(s) [277b5c5e-8c6f-4c9a-a53f-1bbc96404e12<-a32408a4-f19d-4bad-97c5-ba33ae94fc9a#0:FAIL-t317, 277b5c5e-8c6f-4c9a-a53f-1bbc96404e12<-6b24a2ab-97ee-4d49-85cc-2d76c2f4b8ef#0:FAIL-t317] and 0 exception(s); 277b5c5e-8c6f-4c9a-a53f-1bbc96404e12@group-569FAC3F8BCE:t317, leader=null, voted=277b5c5e-8c6f-4c9a-a53f-1bbc96404e12, raftlog=277b5c5e-8c6f-4c9a-a53f-1bbc96404e12@group-569FAC3F8BCE-SegmentedRaftLog:OPENED:c-1,f-1,i0, conf=-1: [a32408a4-f19d-4bad-97c5-ba33ae94fc9a:192.168.157.254:38721, 6b24a2ab-97ee-4d49-85cc-2d76c2f4b8ef:192.168.157.254:41080, 277b5c5e-8c6f-4c9a-a53f-1bbc96404e12:192.168.157.254:41416], old=null
2019-10-16 21:55:35,826 [277b5c5e-8c6f-4c9a-a53f-1bbc96404e12@group-569FAC3F8BCE-LeaderElection309] INFO  impl.RaftServerImpl (RaftServerImpl.java:setRole(184)) - 277b5c5e-8c6f-4c9a-a53f-1bbc96404e12@group-569FAC3F8BCE: changes role from CANDIDATE to FOLLOWER at term 317 for DISCOVERED_A_NEW_TERM
2019-10-16 21:55:35,826 [277b5c5e-8c6f-4c9a-a53f-1bbc96404e12@group-569FAC3F8BCE-LeaderElection309] INFO  impl.RoleInfo (RoleInfo.java:shutdownLeaderElection(134)) - 277b5c5e-8c6f-4c9a-a53f-1bbc96404e12: shutdown LeaderElection
2019-10-16 21:55:35,826 [277b5c5e-8c6f-4c9a-a53f-1bbc96404e12@group-569FAC3F8BCE-LeaderElection309] INFO  impl.RoleInfo (RoleInfo.java:updateAndGet(143)) - 277b5c5e-8c6f-4c9a-a53f-1bbc96404e12: start FollowerState
2019-10-16 21:55:35,926 [Thread-2182] INFO  impl.FollowerState (FollowerState.java:run(108)) - 277b5c5e-8c6f-4c9a-a53f-1bbc96404e12@group-569FAC3F8BCE-FollowerState: change to CANDIDATE, lastRpcTime:100ms, electionTimeout:100ms
2019-10-16 21:55:35,926 [Thread-2182] INFO  impl.RoleInfo (RoleInfo.java:shutdownFollowerState(121)) - 277b5c5e-8c6f-4c9a-a53f-1bbc96404e12: shutdown FollowerState
2019-10-16 21:55:35,926 [Thread-2182] INFO  impl.RaftServerImpl (RaftServerImpl.java:setRole(184)) - 277b5c5e-8c6f-4c9a-a53f-1bbc96404e12@group-569FAC3F8BCE: changes role from  FOLLOWER to CANDIDATE at term 317 for changeToCandidate
2019-10-16 21:55:35,926 [Thread-2182] INFO  impl.RoleInfo (RoleInfo.java:updateAndGet(143)) - 277b5c5e-8c6f-4c9a-a53f-1bbc96404e12: start LeaderElection
2019-10-16 21:55:35,941 [277b5c5e-8c6f-4c9a-a53f-1bbc96404e12@group-569FAC3F8BCE-LeaderElection310] INFO  impl.LeaderElection (LeaderElection.java:askForVotes(178)) - 277b5c5e-8c6f-4c9a-a53f-1bbc96404e12@group-569FAC3F8BCE-LeaderElection310: begin an election at term 318 for -1: [a32408a4-f19d-4bad-97c5-ba33ae94fc9a:192.168.157.254:38721, 6b24a2ab-97ee-4d49-85cc-2d76c2f4b8ef:192.168.157.254:41080, 277b5c5e-8c6f-4c9a-a53f-1bbc96404e12:192.168.157.254:41416], old=null
2019-10-16 21:55:35,943 [grpc-default-executor-1] INFO  impl.RaftServerImpl (RaftServerImpl.java:setRole(184)) - a32408a4-f19d-4bad-97c5-ba33ae94fc9a@group-569FAC3F8BCE: changes role from  FOLLOWER to FOLLOWER at term 318 for recognizeCandidate:277b5c5e-8c6f-4c9a-a53f-1bbc96404e12
2019-10-16 21:55:35,944 [grpc-default-executor-0] INFO  impl.RaftServerImpl (RaftServerImpl.java:setRole(184)) - 6b24a2ab-97ee-4d49-85cc-2d76c2f4b8ef@group-569FAC3F8BCE: changes role from  FOLLOWER to FOLLOWER at term 318 for recognizeCandidate:277b5c5e-8c6f-4c9a-a53f-1bbc96404e12
2019-10-16 21:55:35,944 [grpc-default-executor-1] INFO  impl.RoleInfo (RoleInfo.java:shutdownFollowerState(121)) - a32408a4-f19d-4bad-97c5-ba33ae94fc9a: shutdown FollowerState
2019-10-16 21:55:35,944 [grpc-default-executor-0] INFO  impl.RoleInfo (RoleInfo.java:shutdownFollowerState(121)) - 6b24a2ab-97ee-4d49-85cc-2d76c2f4b8ef: shutdown FollowerState
2019-10-16 21:55:35,944 [Thread-2180] INFO  impl.FollowerState (FollowerState.java:run(117)) - a32408a4-f19d-4bad-97c5-ba33ae94fc9a@group-569FAC3F8BCE-FollowerState was interrupted: java.lang.InterruptedException: sleep interrupted
2019-10-16 21:55:35,944 [grpc-default-executor-1] INFO  impl.RoleInfo (RoleInfo.java:updateAndGet(143)) - a32408a4-f19d-4bad-97c5-ba33ae94fc9a: start FollowerState
2019-10-16 21:55:35,944 [Thread-2181] INFO  impl.FollowerState (FollowerState.java:run(117)) - 6b24a2ab-97ee-4d49-85cc-2d76c2f4b8ef@group-569FAC3F8BCE-FollowerState was interrupted: java.lang.InterruptedException: sleep interrupted
2019-10-16 21:55:35,944 [grpc-default-executor-0] INFO  impl.RoleInfo (RoleInfo.java:updateAndGet(143)) - 6b24a2ab-97ee-4d49-85cc-2d76c2f4b8ef: start FollowerState
2019-10-16 21:55:35,971 [277b5c5e-8c6f-4c9a-a53f-1bbc96404e12@group-569FAC3F8BCE-LeaderElection310] INFO  impl.LeaderElection (LeaderElection.java:logAndReturn(56)) - 277b5c5e-8c6f-4c9a-a53f-1bbc96404e12@group-569FAC3F8BCE-LeaderElection310: Election REJECTED; received 2 response(s) [277b5c5e-8c6f-4c9a-a53f-1bbc96404e12<-a32408a4-f19d-4bad-97c5-ba33ae94fc9a#0:FAIL-t318, 277b5c5e-8c6f-4c9a-a53f-1bbc96404e12<-6b24a2ab-97ee-4d49-85cc-2d76c2f4b8ef#0:FAIL-t318] and 0 exception(s); 277b5c5e-8c6f-4c9a-a53f-1bbc96404e12@group-569FAC3F8BCE:t318, leader=null, voted=277b5c5e-8c6f-4c9a-a53f-1bbc96404e12, raftlog=277b5c5e-8c6f-4c9a-a53f-1bbc96404e12@group-569FAC3F8BCE-SegmentedRaftLog:OPENED:c-1,f-1,i0, conf=-1: [a32408a4-f19d-4bad-97c5-ba33ae94fc9a:192.168.157.254:38721, 6b24a2ab-97ee-4d49-85cc-2d76c2f4b8ef:192.168.157.254:41080, 277b5c5e-8c6f-4c9a-a53f-1bbc96404e12:192.168.157.254:41416], old=null
2019-10-16 21:55:35,971 [277b5c5e-8c6f-4c9a-a53f-1bbc96404e12@group-569FAC3F8BCE-LeaderElection310] INFO  impl.RaftServerImpl (RaftServerImpl.java:setRole(184)) - 277b5c5e-8c6f-4c9a-a53f-1bbc96404e12@group-569FAC3F8BCE: changes role from CANDIDATE to FOLLOWER at term 318 for DISCOVERED_A_NEW_TERM
2019-10-16 21:55:35,971 [277b5c5e-8c6f-4c9a-a53f-1bbc96404e12@group-569FAC3F8BCE-LeaderElection310] INFO  impl.RoleInfo (RoleInfo.java:shutdownLeaderElection(134)) - 277b5c5e-8c6f-4c9a-a53f-1bbc96404e12: shutdown LeaderElection
2019-10-16 21:55:35,971 [277b5c5e-8c6f-4c9a-a53f-1bbc96404e12@group-569FAC3F8BCE-LeaderElection310] INFO  impl.RoleInfo (RoleInfo.java:updateAndGet(143)) - 277b5c5e-8c6f-4c9a-a53f-1bbc96404e12: start FollowerState
2019-10-16 21:55:36,170 [Thread-2188] INFO  impl.FollowerState (FollowerState.java:run(108)) - 277b5c5e-8c6f-4c9a-a53f-1bbc96404e12@group-569FAC3F8BCE-FollowerState: change to CANDIDATE, lastRpcTime:198ms, electionTimeout:198ms
2019-10-16 21:55:36,170 [Thread-2188] INFO  impl.RoleInfo (RoleInfo.java:shutdownFollowerState(121)) - 277b5c5e-8c6f-4c9a-a53f-1bbc96404e12: shutdown FollowerState
2019-10-16 21:55:36,170 [Thread-2188] INFO  impl.RaftServerImpl (RaftServerImpl.java:setRole(184)) - 277b5c5e-8c6f-4c9a-a53f-1bbc96404e12@group-569FAC3F8BCE: changes role from  FOLLOWER to CANDIDATE at term 318 for changeToCandidate
2019-10-16 21:55:36,170 [Thread-2188] INFO  impl.RoleInfo (RoleInfo.java:updateAndGet(143)) - 277b5c5e-8c6f-4c9a-a53f-1bbc96404e12: start LeaderElection
2019-10-16 21:55:36,184 [277b5c5e-8c6f-4c9a-a53f-1bbc96404e12@group-569FAC3F8BCE-LeaderElection311] INFO  impl.LeaderElection (LeaderElection.java:askForVotes(178)) - 277b5c5e-8c6f-4c9a-a53f-1bbc96404e12@group-569FAC3F8BCE-LeaderElection311: begin an election at term 319 for -1: [a32408a4-f19d-4bad-97c5-ba33ae94fc9a:192.168.157.254:38721, 6b24a2ab-97ee-4d49-85cc-2d76c2f4b8ef:192.168.157.254:41080, 277b5c5e-8c6f-4c9a-a53f-1bbc96404e12:192.168.157.254:41416], old=null
2019-10-16 21:55:36,185 [grpc-default-executor-1] INFO  impl.RaftServerImpl (RaftServerImpl.java:setRole(184)) - a32408a4-f19d-4bad-97c5-ba33ae94fc9a@group-569FAC3F8BCE: changes role from  FOLLOWER to FOLLOWER at term 319 for recognizeCandidate:277b5c5e-8c6f-4c9a-a53f-1bbc96404e12
2019-10-16 21:55:36,186 [grpc-default-executor-1] INFO  impl.RoleInfo (RoleInfo.java:shutdownFollowerState(121)) - a32408a4-f19d-4bad-97c5-ba33ae94fc9a: shutdown FollowerState
2019-10-16 21:55:36,186 [grpc-default-executor-0] INFO  impl.RaftServerImpl (RaftServerImpl.java:setRole(184)) - 6b24a2ab-97ee-4d49-85cc-2d76c2f4b8ef@group-569FAC3F8BCE: changes role from  FOLLOWER to FOLLOWER at term 319 for recognizeCandidate:277b5c5e-8c6f-4c9a-a53f-1bbc96404e12
2019-10-16 21:55:36,186 [grpc-default-executor-0] INFO  impl.RoleInfo (RoleInfo.java:shutdownFollowerState(121)) - 6b24a2ab-97ee-4d49-85cc-2d76c2f4b8ef: shutdown FollowerState
2019-10-16 21:55:36,186 [Thread-2186] INFO  impl.FollowerState (FollowerState.java:run(117)) - a32408a4-f19d-4bad-97c5-ba33ae94fc9a@group-569FAC3F8BCE-FollowerState was interrupted: java.lang.InterruptedException: sleep interrupted
2019-10-16 21:55:36,186 [grpc-default-executor-1] INFO  impl.RoleInfo (RoleInfo.java:updateAndGet(143)) - a32408a4-f19d-4bad-97c5-ba33ae94fc9a: start FollowerState
2019-10-16 21:55:36,186 [Thread-2187] INFO  impl.FollowerState (FollowerState.java:run(117)) - 6b24a2ab-97ee-4d49-85cc-2d76c2f4b8ef@group-569FAC3F8BCE-FollowerState was interrupted: java.lang.InterruptedException: sleep interrupted
2019-10-16 21:55:36,186 [grpc-default-executor-0] INFO  impl.RoleInfo (RoleInfo.java:updateAndGet(143)) - 6b24a2ab-97ee-4d49-85cc-2d76c2f4b8ef: start FollowerState
2019-10-16 21:55:36,210 [277b5c5e-8c6f-4c9a-a53f-1bbc96404e12@group-569FAC3F8BCE-LeaderElection311] INFO  impl.LeaderElection (LeaderElection.java:logAndReturn(56)) - 277b5c5e-8c6f-4c9a-a53f-1bbc96404e12@group-569FAC3F8BCE-LeaderElection311: Election REJECTED; received 2 response(s) [277b5c5e-8c6f-4c9a-a53f-1bbc96404e12<-a32408a4-f19d-4bad-97c5-ba33ae94fc9a#0:FAIL-t319, 277b5c5e-8c6f-4c9a-a53f-1bbc96404e12<-6b24a2ab-97ee-4d49-85cc-2d76c2f4b8ef#0:FAIL-t319] and 0 exception(s); 277b5c5e-8c6f-4c9a-a53f-1bbc96404e12@group-569FAC3F8BCE:t319, leader=null, voted=277b5c5e-8c6f-4c9a-a53f-1bbc96404e12, raftlog=277b5c5e-8c6f-4c9a-a53f-1bbc96404e12@group-569FAC3F8BCE-SegmentedRaftLog:OPENED:c-1,f-1,i0, conf=-1: [a32408a4-f19d-4bad-97c5-ba33ae94fc9a:192.168.157.254:38721, 6b24a2ab-97ee-4d49-85cc-2d76c2f4b8ef:192.168.157.254:41080, 277b5c5e-8c6f-4c9a-a53f-1bbc96404e12:192.168.157.254:41416], old=null
2019-10-16 21:55:36,210 [277b5c5e-8c6f-4c9a-a53f-1bbc96404e12@group-569FAC3F8BCE-LeaderElection311] INFO  impl.RaftServerImpl (RaftServerImpl.java:setRole(184)) - 277b5c5e-8c6f-4c9a-a53f-1bbc96404e12@group-569FAC3F8BCE: changes role from CANDIDATE to FOLLOWER at term 319 for DISCOVERED_A_NEW_TERM
2019-10-16 21:55:36,210 [277b5c5e-8c6f-4c9a-a53f-1bbc96404e12@group-569FAC3F8BCE-LeaderElection311] INFO  impl.RoleInfo (RoleInfo.java:shutdownLeaderElection(134)) - 277b5c5e-8c6f-4c9a-a53f-1bbc96404e12: shutdown LeaderElection
2019-10-16 21:55:36,210 [277b5c5e-8c6f-4c9a-a53f-1bbc96404e12@group-569FAC3F8BCE-LeaderElection311] INFO  impl.RoleInfo (RoleInfo.java:updateAndGet(143)) - 277b5c5e-8c6f-4c9a-a53f-1bbc96404e12: start FollowerState
2019-10-16 21:55:36,340 [Thread-2194] INFO  impl.FollowerState (FollowerState.java:run(108)) - 277b5c5e-8c6f-4c9a-a53f-1bbc96404e12@group-569FAC3F8BCE-FollowerState: change to CANDIDATE, lastRpcTime:129ms, electionTimeout:129ms
2019-10-16 21:55:36,340 [Thread-2194] INFO  impl.RoleInfo (RoleInfo.java:shutdownFollowerState(121)) - 277b5c5e-8c6f-4c9a-a53f-1bbc96404e12: shutdown FollowerState
2019-10-16 21:55:36,340 [Thread-2194] INFO  impl.RaftServerImpl (RaftServerImpl.java:setRole(184)) - 277b5c5e-8c6f-4c9a-a53f-1bbc96404e12@group-569FAC3F8BCE: changes role from  FOLLOWER to CANDIDATE at term 319 for changeToCandidate
2019-10-16 21:55:36,341 [Thread-2194] INFO  impl.RoleInfo (RoleInfo.java:updateAndGet(143)) - 277b5c5e-8c6f-4c9a-a53f-1bbc96404e12: start LeaderElection
2019-10-16 21:55:36,352 [277b5c5e-8c6f-4c9a-a53f-1bbc96404e12@group-569FAC3F8BCE-LeaderElection312] INFO  impl.LeaderElection (LeaderElection.java:askForVotes(178)) - 277b5c5e-8c6f-4c9a-a53f-1bbc96404e12@group-569FAC3F8BCE-LeaderElection312: begin an election at term 320 for -1: [a32408a4-f19d-4bad-97c5-ba33ae94fc9a:192.168.157.254:38721, 6b24a2ab-97ee-4d49-85cc-2d76c2f4b8ef:192.168.157.254:41080, 277b5c5e-8c6f-4c9a-a53f-1bbc96404e12:192.168.157.254:41416], old=null
2019-10-16 21:55:36,354 [grpc-default-executor-1] INFO  impl.RaftServerImpl (RaftServerImpl.java:setRole(184)) - a32408a4-f19d-4bad-97c5-ba33ae94fc9a@group-569FAC3F8BCE: changes role from  FOLLOWER to FOLLOWER at term 320 for recognizeCandidate:277b5c5e-8c6f-4c9a-a53f-1bbc96404e12
2019-10-16 21:55:36,354 [grpc-default-executor-0] INFO  impl.RaftServerImpl (RaftServerImpl.java:setRole(184)) - 6b24a2ab-97ee-4d49-85cc-2d76c2f4b8ef@group-569FAC3F8BCE: changes role from  FOLLOWER to FOLLOWER at term 320 for recognizeCandidate:277b5c5e-8c6f-4c9a-a53f-1bbc96404e12
2019-10-16 21:55:36,354 [grpc-default-executor-1] INFO  impl.RoleInfo (RoleInfo.java:shutdownFollowerState(121)) - a32408a4-f19d-4bad-97c5-ba33ae94fc9a: shutdown FollowerState
2019-10-16 21:55:36,354 [grpc-default-executor-0] INFO  impl.RoleInfo (RoleInfo.java:shutdownFollowerState(121)) - 6b24a2ab-97ee-4d49-85cc-2d76c2f4b8ef: shutdown FollowerState
2019-10-16 21:55:36,354 [grpc-default-executor-1] INFO  impl.RoleInfo (RoleInfo.java:updateAndGet(143)) - a32408a4-f19d-4bad-97c5-ba33ae94fc9a: start FollowerState
2019-10-16 21:55:36,354 [Thread-2192] INFO  impl.FollowerState (FollowerState.java:run(117)) - a32408a4-f19d-4bad-97c5-ba33ae94fc9a@group-569FAC3F8BCE-FollowerState was interrupted: java.lang.InterruptedException: sleep interrupted
2019-10-16 21:55:36,355 [grpc-default-executor-0] INFO  impl.RoleInfo (RoleInfo.java:updateAndGet(143)) - 6b24a2ab-97ee-4d49-85cc-2d76c2f4b8ef: start FollowerState
2019-10-16 21:55:36,355 [Thread-2193] INFO  impl.FollowerState (FollowerState.java:run(117)) - 6b24a2ab-97ee-4d49-85cc-2d76c2f4b8ef@group-569FAC3F8BCE-FollowerState was interrupted: java.lang.InterruptedException: sleep interrupted
2019-10-16 21:55:36,367 [277b5c5e-8c6f-4c9a-a53f-1bbc96404e12@group-569FAC3F8BCE-LeaderElection312] INFO  impl.LeaderElection (LeaderElection.java:logAndReturn(56)) - 277b5c5e-8c6f-4c9a-a53f-1bbc96404e12@group-569FAC3F8BCE-LeaderElection312: Election REJECTED; received 2 response(s) [277b5c5e-8c6f-4c9a-a53f-1bbc96404e12<-6b24a2ab-97ee-4d49-85cc-2d76c2f4b8ef#0:FAIL-t320, 277b5c5e-8c6f-4c9a-a53f-1bbc96404e12<-a32408a4-f19d-4bad-97c5-ba33ae94fc9a#0:FAIL-t320] and 0 exception(s); 277b5c5e-8c6f-4c9a-a53f-1bbc96404e12@group-569FAC3F8BCE:t320, leader=null, voted=277b5c5e-8c6f-4c9a-a53f-1bbc96404e12, raftlog=277b5c5e-8c6f-4c9a-a53f-1bbc96404e12@group-569FAC3F8BCE-SegmentedRaftLog:OPENED:c-1,f-1,i0, conf=-1: [a32408a4-f19d-4bad-97c5-ba33ae94fc9a:192.168.157.254:38721, 6b24a2ab-97ee-4d49-85cc-2d76c2f4b8ef:192.168.157.254:41080, 277b5c5e-8c6f-4c9a-a53f-1bbc96404e12:192.168.157.254:41416], old=null
2019-10-16 21:55:36,367 [277b5c5e-8c6f-4c9a-a53f-1bbc96404e12@group-569FAC3F8BCE-LeaderElection312] INFO  impl.RaftServerImpl (RaftServerImpl.java:setRole(184)) - 277b5c5e-8c6f-4c9a-a53f-1bbc96404e12@group-569FAC3F8BCE: changes role from CANDIDATE to FOLLOWER at term 320 for DISCOVERED_A_NEW_TERM
2019-10-16 21:55:36,367 [277b5c5e-8c6f-4c9a-a53f-1bbc96404e12@group-569FAC3F8BCE-LeaderElection312] INFO  impl.RoleInfo (RoleInfo.java:shutdownLeaderElection(134)) - 277b5c5e-8c6f-4c9a-a53f-1bbc96404e12: shutdown LeaderElection
2019-10-16 21:55:36,368 [277b5c5e-8c6f-4c9a-a53f-1bbc96404e12@group-569FAC3F8BCE-LeaderElection312] INFO  impl.RoleInfo (RoleInfo.java:updateAndGet(143)) - 277b5c5e-8c6f-4c9a-a53f-1bbc96404e12: start FollowerState
2019-10-16 21:55:36,548 [Thread-2200] INFO  impl.FollowerState (FollowerState.java:run(108)) - 277b5c5e-8c6f-4c9a-a53f-1bbc96404e12@group-569FAC3F8BCE-FollowerState: change to CANDIDATE, lastRpcTime:180ms, electionTimeout:180ms
2019-10-16 21:55:36,548 [Thread-2200] INFO  impl.RoleInfo (RoleInfo.java:shutdownFollowerState(121)) - 277b5c5e-8c6f-4c9a-a53f-1bbc96404e12: shutdown FollowerState
2019-10-16 21:55:36,548 [Thread-2200] INFO  impl.RaftServerImpl (RaftServerImpl.java:setRole(184)) - 277b5c5e-8c6f-4c9a-a53f-1bbc96404e12@group-569FAC3F8BCE: changes role from  FOLLOWER to CANDIDATE at term 320 for changeToCandidate
2019-10-16 21:55:36,549 [Thread-2200] INFO  impl.RoleInfo (RoleInfo.java:updateAndGet(143)) - 277b5c5e-8c6f-4c9a-a53f-1bbc96404e12: start LeaderElection
2019-10-16 21:55:36,577 [Thread-0] INFO  ozone.MiniOzoneClusterImpl (MiniOzoneClusterImpl.java:lambda$waitForClusterToBeReady$2(164)) - Waiting for 1 number of pipelines out of 4, to report a leader.
2019-10-16 21:55:36,579 [277b5c5e-8c6f-4c9a-a53f-1bbc96404e12@group-569FAC3F8BCE-LeaderElection313] INFO  impl.LeaderElection (LeaderElection.java:askForVotes(178)) - 277b5c5e-8c6f-4c9a-a53f-1bbc96404e12@group-569FAC3F8BCE-LeaderElection313: begin an election at term 321 for -1: [a32408a4-f19d-4bad-97c5-ba33ae94fc9a:192.168.157.254:38721, 6b24a2ab-97ee-4d49-85cc-2d76c2f4b8ef:192.168.157.254:41080, 277b5c5e-8c6f-4c9a-a53f-1bbc96404e12:192.168.157.254:41416], old=null
2019-10-16 21:55:36,581 [grpc-default-executor-0] INFO  impl.RaftServerImpl (RaftServerImpl.java:setRole(184)) - a32408a4-f19d-4bad-97c5-ba33ae94fc9a@group-569FAC3F8BCE: changes role from  FOLLOWER to FOLLOWER at term 321 for recognizeCandidate:277b5c5e-8c6f-4c9a-a53f-1bbc96404e12
2019-10-16 21:55:36,581 [grpc-default-executor-1] INFO  impl.RaftServerImpl (RaftServerImpl.java:setRole(184)) - 6b24a2ab-97ee-4d49-85cc-2d76c2f4b8ef@group-569FAC3F8BCE: changes role from  FOLLOWER to FOLLOWER at term 321 for recognizeCandidate:277b5c5e-8c6f-4c9a-a53f-1bbc96404e12
2019-10-16 21:55:36,581 [grpc-default-executor-0] INFO  impl.RoleInfo (RoleInfo.java:shutdownFollowerState(121)) - a32408a4-f19d-4bad-97c5-ba33ae94fc9a: shutdown FollowerState
2019-10-16 21:55:36,581 [grpc-default-executor-1] INFO  impl.RoleInfo (RoleInfo.java:shutdownFollowerState(121)) - 6b24a2ab-97ee-4d49-85cc-2d76c2f4b8ef: shutdown FollowerState
2019-10-16 21:55:36,581 [Thread-2198] INFO  impl.FollowerState (FollowerState.java:run(117)) - a32408a4-f19d-4bad-97c5-ba33ae94fc9a@group-569FAC3F8BCE-FollowerState was interrupted: java.lang.InterruptedException: sleep interrupted
2019-10-16 21:55:36,581 [grpc-default-executor-0] INFO  impl.RoleInfo (RoleInfo.java:updateAndGet(143)) - a32408a4-f19d-4bad-97c5-ba33ae94fc9a: start FollowerState
2019-10-16 21:55:36,581 [Thread-2199] INFO  impl.FollowerState (FollowerState.java:run(117)) - 6b24a2ab-97ee-4d49-85cc-2d76c2f4b8ef@group-569FAC3F8BCE-FollowerState was interrupted: java.lang.InterruptedException: sleep interrupted
2019-10-16 21:55:36,581 [grpc-default-executor-1] INFO  impl.RoleInfo (RoleInfo.java:updateAndGet(143)) - 6b24a2ab-97ee-4d49-85cc-2d76c2f4b8ef: start FollowerState
2019-10-16 21:55:36,595 [277b5c5e-8c6f-4c9a-a53f-1bbc96404e12@group-569FAC3F8BCE-LeaderElection313] INFO  impl.LeaderElection (LeaderElection.java:logAndReturn(56)) - 277b5c5e-8c6f-4c9a-a53f-1bbc96404e12@group-569FAC3F8BCE-LeaderElection313: Election REJECTED; received 2 response(s) [277b5c5e-8c6f-4c9a-a53f-1bbc96404e12<-6b24a2ab-97ee-4d49-85cc-2d76c2f4b8ef#0:FAIL-t321, 277b5c5e-8c6f-4c9a-a53f-1bbc96404e12<-a32408a4-f19d-4bad-97c5-ba33ae94fc9a#0:FAIL-t321] and 0 exception(s); 277b5c5e-8c6f-4c9a-a53f-1bbc96404e12@group-569FAC3F8BCE:t321, leader=null, voted=277b5c5e-8c6f-4c9a-a53f-1bbc96404e12, raftlog=277b5c5e-8c6f-4c9a-a53f-1bbc96404e12@group-569FAC3F8BCE-SegmentedRaftLog:OPENED:c-1,f-1,i0, conf=-1: [a32408a4-f19d-4bad-97c5-ba33ae94fc9a:192.168.157.254:38721, 6b24a2ab-97ee-4d49-85cc-2d76c2f4b8ef:192.168.157.254:41080, 277b5c5e-8c6f-4c9a-a53f-1bbc96404e12:192.168.157.254:41416], old=null
2019-10-16 21:55:36,596 [277b5c5e-8c6f-4c9a-a53f-1bbc96404e12@group-569FAC3F8BCE-LeaderElection313] INFO  impl.RaftServerImpl (RaftServerImpl.java:setRole(184)) - 277b5c5e-8c6f-4c9a-a53f-1bbc96404e12@group-569FAC3F8BCE: changes role from CANDIDATE to FOLLOWER at term 321 for DISCOVERED_A_NEW_TERM
2019-10-16 21:55:36,596 [277b5c5e-8c6f-4c9a-a53f-1bbc96404e12@group-569FAC3F8BCE-LeaderElection313] INFO  impl.RoleInfo (RoleInfo.java:shutdownLeaderElection(134)) - 277b5c5e-8c6f-4c9a-a53f-1bbc96404e12: shutdown LeaderElection
2019-10-16 21:55:36,596 [277b5c5e-8c6f-4c9a-a53f-1bbc96404e12@group-569FAC3F8BCE-LeaderElection313] INFO  impl.RoleInfo (RoleInfo.java:updateAndGet(143)) - 277b5c5e-8c6f-4c9a-a53f-1bbc96404e12: start FollowerState
2019-10-16 21:55:36,778 [Thread-2206] INFO  impl.FollowerState (FollowerState.java:run(108)) - 277b5c5e-8c6f-4c9a-a53f-1bbc96404e12@group-569FAC3F8BCE-FollowerState: change to CANDIDATE, lastRpcTime:182ms, electionTimeout:182ms
2019-10-16 21:55:36,778 [Thread-2206] INFO  impl.RoleInfo (RoleInfo.java:shutdownFollowerState(121)) - 277b5c5e-8c6f-4c9a-a53f-1bbc96404e12: shutdown FollowerState
2019-10-16 21:55:36,779 [Thread-2206] INFO  impl.RaftServerImpl (RaftServerImpl.java:setRole(184)) - 277b5c5e-8c6f-4c9a-a53f-1bbc96404e12@group-569FAC3F8BCE: changes role from  FOLLOWER to CANDIDATE at term 321 for changeToCandidate
2019-10-16 21:55:36,779 [Thread-2206] INFO  impl.RoleInfo (RoleInfo.java:updateAndGet(143)) - 277b5c5e-8c6f-4c9a-a53f-1bbc96404e12: start LeaderElection
2019-10-16 21:55:36,872 [277b5c5e-8c6f-4c9a-a53f-1bbc96404e12@group-569FAC3F8BCE-LeaderElection314] INFO  impl.LeaderElection (LeaderElection.java:askForVotes(178)) - 277b5c5e-8c6f-4c9a-a53f-1bbc96404e12@group-569FAC3F8BCE-LeaderElection314: begin an election at term 322 for -1: [a32408a4-f19d-4bad-97c5-ba33ae94fc9a:192.168.157.254:38721, 6b24a2ab-97ee-4d49-85cc-2d76c2f4b8ef:192.168.157.254:41080, 277b5c5e-8c6f-4c9a-a53f-1bbc96404e12:192.168.157.254:41416], old=null
2019-10-16 21:55:36,875 [grpc-default-executor-1] INFO  impl.RaftServerImpl (RaftServerImpl.java:setRole(184)) - a32408a4-f19d-4bad-97c5-ba33ae94fc9a@group-569FAC3F8BCE: changes role from  FOLLOWER to FOLLOWER at term 322 for recognizeCandidate:277b5c5e-8c6f-4c9a-a53f-1bbc96404e12
2019-10-16 21:55:36,875 [grpc-default-executor-0] INFO  impl.RaftServerImpl (RaftServerImpl.java:setRole(184)) - 6b24a2ab-97ee-4d49-85cc-2d76c2f4b8ef@group-569FAC3F8BCE: changes role from  FOLLOWER to FOLLOWER at term 322 for recognizeCandidate:277b5c5e-8c6f-4c9a-a53f-1bbc96404e12
2019-10-16 21:55:36,875 [grpc-default-executor-0] INFO  impl.RoleInfo (RoleInfo.java:shutdownFollowerState(121)) - 6b24a2ab-97ee-4d49-85cc-2d76c2f4b8ef: shutdown FollowerState
2019-10-16 21:55:36,875 [grpc-default-executor-1] INFO  impl.RoleInfo (RoleInfo.java:shutdownFollowerState(121)) - a32408a4-f19d-4bad-97c5-ba33ae94fc9a: shutdown FollowerState
2019-10-16 21:55:36,876 [Thread-2205] INFO  impl.FollowerState (FollowerState.java:run(117)) - 6b24a2ab-97ee-4d49-85cc-2d76c2f4b8ef@group-569FAC3F8BCE-FollowerState was interrupted: java.lang.InterruptedException: sleep interrupted
2019-10-16 21:55:36,875 [grpc-default-executor-0] INFO  impl.RoleInfo (RoleInfo.java:updateAndGet(143)) - 6b24a2ab-97ee-4d49-85cc-2d76c2f4b8ef: start FollowerState
2019-10-16 21:55:36,876 [Thread-2204] INFO  impl.FollowerState (FollowerState.java:run(117)) - a32408a4-f19d-4bad-97c5-ba33ae94fc9a@group-569FAC3F8BCE-FollowerState was interrupted: java.lang.InterruptedException: sleep interrupted
2019-10-16 21:55:36,876 [grpc-default-executor-1] INFO  impl.RoleInfo (RoleInfo.java:updateAndGet(143)) - a32408a4-f19d-4bad-97c5-ba33ae94fc9a: start FollowerState
2019-10-16 21:55:36,901 [277b5c5e-8c6f-4c9a-a53f-1bbc96404e12@group-569FAC3F8BCE-LeaderElection314] INFO  impl.LeaderElection (LeaderElection.java:logAndReturn(56)) - 277b5c5e-8c6f-4c9a-a53f-1bbc96404e12@group-569FAC3F8BCE-LeaderElection314: Election REJECTED; received 2 response(s) [277b5c5e-8c6f-4c9a-a53f-1bbc96404e12<-a32408a4-f19d-4bad-97c5-ba33ae94fc9a#0:FAIL-t322, 277b5c5e-8c6f-4c9a-a53f-1bbc96404e12<-6b24a2ab-97ee-4d49-85cc-2d76c2f4b8ef#0:FAIL-t322] and 0 exception(s); 277b5c5e-8c6f-4c9a-a53f-1bbc96404e12@group-569FAC3F8BCE:t322, leader=null, voted=277b5c5e-8c6f-4c9a-a53f-1bbc96404e12, raftlog=277b5c5e-8c6f-4c9a-a53f-1bbc96404e12@group-569FAC3F8BCE-SegmentedRaftLog:OPENED:c-1,f-1,i0, conf=-1: [a32408a4-f19d-4bad-97c5-ba33ae94fc9a:192.168.157.254:38721, 6b24a2ab-97ee-4d49-85cc-2d76c2f4b8ef:192.168.157.254:41080, 277b5c5e-8c6f-4c9a-a53f-1bbc96404e12:192.168.157.254:41416], old=null
2019-10-16 21:55:36,902 [277b5c5e-8c6f-4c9a-a53f-1bbc96404e12@group-569FAC3F8BCE-LeaderElection314] INFO  impl.RaftServerImpl (RaftServerImpl.java:setRole(184)) - 277b5c5e-8c6f-4c9a-a53f-1bbc96404e12@group-569FAC3F8BCE: changes role from CANDIDATE to FOLLOWER at term 322 for DISCOVERED_A_NEW_TERM
2019-10-16 21:55:36,902 [277b5c5e-8c6f-4c9a-a53f-1bbc96404e12@group-569FAC3F8BCE-LeaderElection314] INFO  impl.RoleInfo (RoleInfo.java:shutdownLeaderElection(134)) - 277b5c5e-8c6f-4c9a-a53f-1bbc96404e12: shutdown LeaderElection
2019-10-16 21:55:36,902 [277b5c5e-8c6f-4c9a-a53f-1bbc96404e12@group-569FAC3F8BCE-LeaderElection314] INFO  impl.RoleInfo (RoleInfo.java:updateAndGet(143)) - 277b5c5e-8c6f-4c9a-a53f-1bbc96404e12: start FollowerState
2019-10-16 21:55:37,058 [Thread-2212] INFO  impl.FollowerState (FollowerState.java:run(108)) - 277b5c5e-8c6f-4c9a-a53f-1bbc96404e12@group-569FAC3F8BCE-FollowerState: change to CANDIDATE, lastRpcTime:156ms, electionTimeout:156ms
2019-10-16 21:55:37,058 [Thread-2212] INFO  impl.RoleInfo (RoleInfo.java:shutdownFollowerState(121)) - 277b5c5e-8c6f-4c9a-a53f-1bbc96404e12: shutdown FollowerState
2019-10-16 21:55:37,058 [Thread-2212] INFO  impl.RaftServerImpl (RaftServerImpl.java:setRole(184)) - 277b5c5e-8c6f-4c9a-a53f-1bbc96404e12@group-569FAC3F8BCE: changes role from  FOLLOWER to CANDIDATE at term 322 for changeToCandidate
2019-10-16 21:55:37,059 [Thread-2212] INFO  impl.RoleInfo (RoleInfo.java:updateAndGet(143)) - 277b5c5e-8c6f-4c9a-a53f-1bbc96404e12: start LeaderElection
2019-10-16 21:55:37,073 [277b5c5e-8c6f-4c9a-a53f-1bbc96404e12@group-569FAC3F8BCE-LeaderElection315] INFO  impl.LeaderElection (LeaderElection.java:askForVotes(178)) - 277b5c5e-8c6f-4c9a-a53f-1bbc96404e12@group-569FAC3F8BCE-LeaderElection315: begin an election at term 323 for -1: [a32408a4-f19d-4bad-97c5-ba33ae94fc9a:192.168.157.254:38721, 6b24a2ab-97ee-4d49-85cc-2d76c2f4b8ef:192.168.157.254:41080, 277b5c5e-8c6f-4c9a-a53f-1bbc96404e12:192.168.157.254:41416], old=null
2019-10-16 21:55:37,075 [grpc-default-executor-1] INFO  impl.RaftServerImpl (RaftServerImpl.java:setRole(184)) - a32408a4-f19d-4bad-97c5-ba33ae94fc9a@group-569FAC3F8BCE: changes role from  FOLLOWER to FOLLOWER at term 323 for recognizeCandidate:277b5c5e-8c6f-4c9a-a53f-1bbc96404e12
2019-10-16 21:55:37,075 [grpc-default-executor-1] INFO  impl.RoleInfo (RoleInfo.java:shutdownFollowerState(121)) - a32408a4-f19d-4bad-97c5-ba33ae94fc9a: shutdown FollowerState
2019-10-16 21:55:37,075 [grpc-default-executor-0] INFO  impl.RaftServerImpl (RaftServerImpl.java:setRole(184)) - 6b24a2ab-97ee-4d49-85cc-2d76c2f4b8ef@group-569FAC3F8BCE: changes role from  FOLLOWER to FOLLOWER at term 323 for recognizeCandidate:277b5c5e-8c6f-4c9a-a53f-1bbc96404e12
2019-10-16 21:55:37,076 [grpc-default-executor-0] INFO  impl.RoleInfo (RoleInfo.java:shutdownFollowerState(121)) - 6b24a2ab-97ee-4d49-85cc-2d76c2f4b8ef: shutdown FollowerState
2019-10-16 21:55:37,075 [Thread-2211] INFO  impl.FollowerState (FollowerState.java:run(117)) - a32408a4-f19d-4bad-97c5-ba33ae94fc9a@group-569FAC3F8BCE-FollowerState was interrupted: java.lang.InterruptedException: sleep interrupted
2019-10-16 21:55:37,075 [grpc-default-executor-1] INFO  impl.RoleInfo (RoleInfo.java:updateAndGet(143)) - a32408a4-f19d-4bad-97c5-ba33ae94fc9a: start FollowerState
2019-10-16 21:55:37,076 [Thread-2210] INFO  impl.FollowerState (FollowerState.java:run(117)) - 6b24a2ab-97ee-4d49-85cc-2d76c2f4b8ef@group-569FAC3F8BCE-FollowerState was interrupted: java.lang.InterruptedException: sleep interrupted
2019-10-16 21:55:37,076 [grpc-default-executor-0] INFO  impl.RoleInfo (RoleInfo.java:updateAndGet(143)) - 6b24a2ab-97ee-4d49-85cc-2d76c2f4b8ef: start FollowerState
2019-10-16 21:55:37,088 [277b5c5e-8c6f-4c9a-a53f-1bbc96404e12@group-569FAC3F8BCE-LeaderElection315] INFO  impl.LeaderElection (LeaderElection.java:logAndReturn(56)) - 277b5c5e-8c6f-4c9a-a53f-1bbc96404e12@group-569FAC3F8BCE-LeaderElection315: Election REJECTED; received 2 response(s) [277b5c5e-8c6f-4c9a-a53f-1bbc96404e12<-6b24a2ab-97ee-4d49-85cc-2d76c2f4b8ef#0:FAIL-t323, 277b5c5e-8c6f-4c9a-a53f-1bbc96404e12<-a32408a4-f19d-4bad-97c5-ba33ae94fc9a#0:FAIL-t323] and 0 exception(s); 277b5c5e-8c6f-4c9a-a53f-1bbc96404e12@group-569FAC3F8BCE:t323, leader=null, voted=277b5c5e-8c6f-4c9a-a53f-1bbc96404e12, raftlog=277b5c5e-8c6f-4c9a-a53f-1bbc96404e12@group-569FAC3F8BCE-SegmentedRaftLog:OPENED:c-1,f-1,i0, conf=-1: [a32408a4-f19d-4bad-97c5-ba33ae94fc9a:192.168.157.254:38721, 6b24a2ab-97ee-4d49-85cc-2d76c2f4b8ef:192.168.157.254:41080, 277b5c5e-8c6f-4c9a-a53f-1bbc96404e12:192.168.157.254:41416], old=null
2019-10-16 21:55:37,088 [277b5c5e-8c6f-4c9a-a53f-1bbc96404e12@group-569FAC3F8BCE-LeaderElection315] INFO  impl.RaftServerImpl (RaftServerImpl.java:setRole(184)) - 277b5c5e-8c6f-4c9a-a53f-1bbc96404e12@group-569FAC3F8BCE: changes role from CANDIDATE to FOLLOWER at term 323 for DISCOVERED_A_NEW_TERM
2019-10-16 21:55:37,088 [277b5c5e-8c6f-4c9a-a53f-1bbc96404e12@group-569FAC3F8BCE-LeaderElection315] INFO  impl.RoleInfo (RoleInfo.java:shutdownLeaderElection(134)) - 277b5c5e-8c6f-4c9a-a53f-1bbc96404e12: shutdown LeaderElection
2019-10-16 21:55:37,088 [277b5c5e-8c6f-4c9a-a53f-1bbc96404e12@group-569FAC3F8BCE-LeaderElection315] INFO  impl.RoleInfo (RoleInfo.java:updateAndGet(143)) - 277b5c5e-8c6f-4c9a-a53f-1bbc96404e12: start FollowerState
2019-10-16 21:55:37,243 [Thread-2218] INFO  impl.FollowerState (FollowerState.java:run(108)) - 277b5c5e-8c6f-4c9a-a53f-1bbc96404e12@group-569FAC3F8BCE-FollowerState: change to CANDIDATE, lastRpcTime:154ms, electionTimeout:154ms
2019-10-16 21:55:37,243 [Thread-2218] INFO  impl.RoleInfo (RoleInfo.java:shutdownFollowerState(121)) - 277b5c5e-8c6f-4c9a-a53f-1bbc96404e12: shutdown FollowerState
2019-10-16 21:55:37,243 [Thread-2218] INFO  impl.RaftServerImpl (RaftServerImpl.java:setRole(184)) - 277b5c5e-8c6f-4c9a-a53f-1bbc96404e12@group-569FAC3F8BCE: changes role from  FOLLOWER to CANDIDATE at term 323 for changeToCandidate
2019-10-16 21:55:37,243 [Thread-2218] INFO  impl.RoleInfo (RoleInfo.java:updateAndGet(143)) - 277b5c5e-8c6f-4c9a-a53f-1bbc96404e12: start LeaderElection
2019-10-16 21:55:37,256 [277b5c5e-8c6f-4c9a-a53f-1bbc96404e12@group-569FAC3F8BCE-LeaderElection316] INFO  impl.LeaderElection (LeaderElection.java:askForVotes(178)) - 277b5c5e-8c6f-4c9a-a53f-1bbc96404e12@group-569FAC3F8BCE-LeaderElection316: begin an election at term 324 for -1: [a32408a4-f19d-4bad-97c5-ba33ae94fc9a:192.168.157.254:38721, 6b24a2ab-97ee-4d49-85cc-2d76c2f4b8ef:192.168.157.254:41080, 277b5c5e-8c6f-4c9a-a53f-1bbc96404e12:192.168.157.254:41416], old=null
2019-10-16 21:55:37,258 [grpc-default-executor-0] INFO  impl.RaftServerImpl (RaftServerImpl.java:setRole(184)) - a32408a4-f19d-4bad-97c5-ba33ae94fc9a@group-569FAC3F8BCE: changes role from  FOLLOWER to FOLLOWER at term 324 for recognizeCandidate:277b5c5e-8c6f-4c9a-a53f-1bbc96404e12
2019-10-16 21:55:37,259 [grpc-default-executor-0] INFO  impl.RoleInfo (RoleInfo.java:shutdownFollowerState(121)) - a32408a4-f19d-4bad-97c5-ba33ae94fc9a: shutdown FollowerState
2019-10-16 21:55:37,259 [grpc-default-executor-1] INFO  impl.RaftServerImpl (RaftServerImpl.java:setRole(184)) - 6b24a2ab-97ee-4d49-85cc-2d76c2f4b8ef@group-569FAC3F8BCE: changes role from  FOLLOWER to FOLLOWER at term 324 for recognizeCandidate:277b5c5e-8c6f-4c9a-a53f-1bbc96404e12
2019-10-16 21:55:37,259 [Thread-2216] INFO  impl.FollowerState (FollowerState.java:run(117)) - a32408a4-f19d-4bad-97c5-ba33ae94fc9a@group-569FAC3F8BCE-FollowerState was interrupted: java.lang.InterruptedException: sleep interrupted
2019-10-16 21:55:37,259 [grpc-default-executor-0] INFO  impl.RoleInfo (RoleInfo.java:updateAndGet(143)) - a32408a4-f19d-4bad-97c5-ba33ae94fc9a: start FollowerState
2019-10-16 21:55:37,259 [grpc-default-executor-1] INFO  impl.RoleInfo (RoleInfo.java:shutdownFollowerState(121)) - 6b24a2ab-97ee-4d49-85cc-2d76c2f4b8ef: shutdown FollowerState
2019-10-16 21:55:37,259 [grpc-default-executor-1] INFO  impl.RoleInfo (RoleInfo.java:updateAndGet(143)) - 6b24a2ab-97ee-4d49-85cc-2d76c2f4b8ef: start FollowerState
2019-10-16 21:55:37,259 [Thread-2217] INFO  impl.FollowerState (FollowerState.java:run(117)) - 6b24a2ab-97ee-4d49-85cc-2d76c2f4b8ef@group-569FAC3F8BCE-FollowerState was interrupted: java.lang.InterruptedException: sleep interrupted
2019-10-16 21:55:37,273 [277b5c5e-8c6f-4c9a-a53f-1bbc96404e12@group-569FAC3F8BCE-LeaderElection316] INFO  impl.LeaderElection (LeaderElection.java:logAndReturn(56)) - 277b5c5e-8c6f-4c9a-a53f-1bbc96404e12@group-569FAC3F8BCE-LeaderElection316: Election REJECTED; received 2 response(s) [277b5c5e-8c6f-4c9a-a53f-1bbc96404e12<-a32408a4-f19d-4bad-97c5-ba33ae94fc9a#0:FAIL-t324, 277b5c5e-8c6f-4c9a-a53f-1bbc96404e12<-6b24a2ab-97ee-4d49-85cc-2d76c2f4b8ef#0:FAIL-t324] and 0 exception(s); 277b5c5e-8c6f-4c9a-a53f-1bbc96404e12@group-569FAC3F8BCE:t324, leader=null, voted=277b5c5e-8c6f-4c9a-a53f-1bbc96404e12, raftlog=277b5c5e-8c6f-4c9a-a53f-1bbc96404e12@group-569FAC3F8BCE-SegmentedRaftLog:OPENED:c-1,f-1,i0, conf=-1: [a32408a4-f19d-4bad-97c5-ba33ae94fc9a:192.168.157.254:38721, 6b24a2ab-97ee-4d49-85cc-2d76c2f4b8ef:192.168.157.254:41080, 277b5c5e-8c6f-4c9a-a53f-1bbc96404e12:192.168.157.254:41416], old=null
2019-10-16 21:55:37,273 [277b5c5e-8c6f-4c9a-a53f-1bbc96404e12@group-569FAC3F8BCE-LeaderElection316] INFO  impl.RaftServerImpl (RaftServerImpl.java:setRole(184)) - 277b5c5e-8c6f-4c9a-a53f-1bbc96404e12@group-569FAC3F8BCE: changes role from CANDIDATE to FOLLOWER at term 324 for DISCOVERED_A_NEW_TERM
2019-10-16 21:55:37,273 [277b5c5e-8c6f-4c9a-a53f-1bbc96404e12@group-569FAC3F8BCE-LeaderElection316] INFO  impl.RoleInfo (RoleInfo.java:shutdownLeaderElection(134)) - 277b5c5e-8c6f-4c9a-a53f-1bbc96404e12: shutdown LeaderElection
2019-10-16 21:55:37,273 [277b5c5e-8c6f-4c9a-a53f-1bbc96404e12@group-569FAC3F8BCE-LeaderElection316] INFO  impl.RoleInfo (RoleInfo.java:updateAndGet(143)) - 277b5c5e-8c6f-4c9a-a53f-1bbc96404e12: start FollowerState
2019-10-16 21:55:37,461 [Thread-2224] INFO  impl.FollowerState (FollowerState.java:run(108)) - 277b5c5e-8c6f-4c9a-a53f-1bbc96404e12@group-569FAC3F8BCE-FollowerState: change to CANDIDATE, lastRpcTime:187ms, electionTimeout:187ms
2019-10-16 21:55:37,461 [Thread-2224] INFO  impl.RoleInfo (RoleInfo.java:shutdownFollowerState(121)) - 277b5c5e-8c6f-4c9a-a53f-1bbc96404e12: shutdown FollowerState
2019-10-16 21:55:37,461 [Thread-2224] INFO  impl.RaftServerImpl (RaftServerImpl.java:setRole(184)) - 277b5c5e-8c6f-4c9a-a53f-1bbc96404e12@group-569FAC3F8BCE: changes role from  FOLLOWER to CANDIDATE at term 324 for changeToCandidate
2019-10-16 21:55:37,461 [Thread-2224] INFO  impl.RoleInfo (RoleInfo.java:updateAndGet(143)) - 277b5c5e-8c6f-4c9a-a53f-1bbc96404e12: start LeaderElection
2019-10-16 21:55:37,483 [277b5c5e-8c6f-4c9a-a53f-1bbc96404e12@group-569FAC3F8BCE-LeaderElection317] INFO  impl.LeaderElection (LeaderElection.java:askForVotes(178)) - 277b5c5e-8c6f-4c9a-a53f-1bbc96404e12@group-569FAC3F8BCE-LeaderElection317: begin an election at term 325 for -1: [a32408a4-f19d-4bad-97c5-ba33ae94fc9a:192.168.157.254:38721, 6b24a2ab-97ee-4d49-85cc-2d76c2f4b8ef:192.168.157.254:41080, 277b5c5e-8c6f-4c9a-a53f-1bbc96404e12:192.168.157.254:41416], old=null
2019-10-16 21:55:37,485 [grpc-default-executor-0] INFO  impl.RaftServerImpl (RaftServerImpl.java:setRole(184)) - a32408a4-f19d-4bad-97c5-ba33ae94fc9a@group-569FAC3F8BCE: changes role from  FOLLOWER to FOLLOWER at term 325 for recognizeCandidate:277b5c5e-8c6f-4c9a-a53f-1bbc96404e12
2019-10-16 21:55:37,485 [grpc-default-executor-0] INFO  impl.RoleInfo (RoleInfo.java:shutdownFollowerState(121)) - a32408a4-f19d-4bad-97c5-ba33ae94fc9a: shutdown FollowerState
2019-10-16 21:55:37,485 [grpc-default-executor-1] INFO  impl.RaftServerImpl (RaftServerImpl.java:setRole(184)) - 6b24a2ab-97ee-4d49-85cc-2d76c2f4b8ef@group-569FAC3F8BCE: changes role from  FOLLOWER to FOLLOWER at term 325 for recognizeCandidate:277b5c5e-8c6f-4c9a-a53f-1bbc96404e12
2019-10-16 21:55:37,486 [grpc-default-executor-1] INFO  impl.RoleInfo (RoleInfo.java:shutdownFollowerState(121)) - 6b24a2ab-97ee-4d49-85cc-2d76c2f4b8ef: shutdown FollowerState
2019-10-16 21:55:37,485 [grpc-default-executor-0] INFO  impl.RoleInfo (RoleInfo.java:updateAndGet(143)) - a32408a4-f19d-4bad-97c5-ba33ae94fc9a: start FollowerState
2019-10-16 21:55:37,485 [Thread-2222] INFO  impl.FollowerState (FollowerState.java:run(117)) - a32408a4-f19d-4bad-97c5-ba33ae94fc9a@group-569FAC3F8BCE-FollowerState was interrupted: java.lang.InterruptedException: sleep interrupted
2019-10-16 21:55:37,486 [Thread-2223] INFO  impl.FollowerState (FollowerState.java:run(117)) - 6b24a2ab-97ee-4d49-85cc-2d76c2f4b8ef@group-569FAC3F8BCE-FollowerState was interrupted: java.lang.InterruptedException: sleep interrupted
2019-10-16 21:55:37,486 [grpc-default-executor-1] INFO  impl.RoleInfo (RoleInfo.java:updateAndGet(143)) - 6b24a2ab-97ee-4d49-85cc-2d76c2f4b8ef: start FollowerState
2019-10-16 21:55:37,500 [277b5c5e-8c6f-4c9a-a53f-1bbc96404e12@group-569FAC3F8BCE-LeaderElection317] INFO  impl.LeaderElection (LeaderElection.java:logAndReturn(56)) - 277b5c5e-8c6f-4c9a-a53f-1bbc96404e12@group-569FAC3F8BCE-LeaderElection317: Election REJECTED; received 2 response(s) [277b5c5e-8c6f-4c9a-a53f-1bbc96404e12<-6b24a2ab-97ee-4d49-85cc-2d76c2f4b8ef#0:FAIL-t325, 277b5c5e-8c6f-4c9a-a53f-1bbc96404e12<-a32408a4-f19d-4bad-97c5-ba33ae94fc9a#0:FAIL-t325] and 0 exception(s); 277b5c5e-8c6f-4c9a-a53f-1bbc96404e12@group-569FAC3F8BCE:t325, leader=null, voted=277b5c5e-8c6f-4c9a-a53f-1bbc96404e12, raftlog=277b5c5e-8c6f-4c9a-a53f-1bbc96404e12@group-569FAC3F8BCE-SegmentedRaftLog:OPENED:c-1,f-1,i0, conf=-1: [a32408a4-f19d-4bad-97c5-ba33ae94fc9a:192.168.157.254:38721, 6b24a2ab-97ee-4d49-85cc-2d76c2f4b8ef:192.168.157.254:41080, 277b5c5e-8c6f-4c9a-a53f-1bbc96404e12:192.168.157.254:41416], old=null
2019-10-16 21:55:37,500 [277b5c5e-8c6f-4c9a-a53f-1bbc96404e12@group-569FAC3F8BCE-LeaderElection317] INFO  impl.RaftServerImpl (RaftServerImpl.java:setRole(184)) - 277b5c5e-8c6f-4c9a-a53f-1bbc96404e12@group-569FAC3F8BCE: changes role from CANDIDATE to FOLLOWER at term 325 for DISCOVERED_A_NEW_TERM
2019-10-16 21:55:37,500 [277b5c5e-8c6f-4c9a-a53f-1bbc96404e12@group-569FAC3F8BCE-LeaderElection317] INFO  impl.RoleInfo (RoleInfo.java:shutdownLeaderElection(134)) - 277b5c5e-8c6f-4c9a-a53f-1bbc96404e12: shutdown LeaderElection
2019-10-16 21:55:37,500 [277b5c5e-8c6f-4c9a-a53f-1bbc96404e12@group-569FAC3F8BCE-LeaderElection317] INFO  impl.RoleInfo (RoleInfo.java:updateAndGet(143)) - 277b5c5e-8c6f-4c9a-a53f-1bbc96404e12: start FollowerState
2019-10-16 21:55:37,578 [Thread-0] INFO  ozone.MiniOzoneClusterImpl (MiniOzoneClusterImpl.java:lambda$waitForClusterToBeReady$2(164)) - Waiting for 1 number of pipelines out of 4, to report a leader.
2019-10-16 21:55:37,639 [Thread-2230] INFO  impl.FollowerState (FollowerState.java:run(108)) - 277b5c5e-8c6f-4c9a-a53f-1bbc96404e12@group-569FAC3F8BCE-FollowerState: change to CANDIDATE, lastRpcTime:138ms, electionTimeout:138ms
2019-10-16 21:55:37,639 [Thread-2230] INFO  impl.RoleInfo (RoleInfo.java:shutdownFollowerState(121)) - 277b5c5e-8c6f-4c9a-a53f-1bbc96404e12: shutdown FollowerState
2019-10-16 21:55:37,639 [Thread-2230] INFO  impl.RaftServerImpl (RaftServerImpl.java:setRole(184)) - 277b5c5e-8c6f-4c9a-a53f-1bbc96404e12@group-569FAC3F8BCE: changes role from  FOLLOWER to CANDIDATE at term 325 for changeToCandidate
2019-10-16 21:55:37,639 [Thread-2230] INFO  impl.RoleInfo (RoleInfo.java:updateAndGet(143)) - 277b5c5e-8c6f-4c9a-a53f-1bbc96404e12: start LeaderElection
2019-10-16 21:55:37,653 [277b5c5e-8c6f-4c9a-a53f-1bbc96404e12@group-569FAC3F8BCE-LeaderElection318] INFO  impl.LeaderElection (LeaderElection.java:askForVotes(178)) - 277b5c5e-8c6f-4c9a-a53f-1bbc96404e12@group-569FAC3F8BCE-LeaderElection318: begin an election at term 326 for -1: [a32408a4-f19d-4bad-97c5-ba33ae94fc9a:192.168.157.254:38721, 6b24a2ab-97ee-4d49-85cc-2d76c2f4b8ef:192.168.157.254:41080, 277b5c5e-8c6f-4c9a-a53f-1bbc96404e12:192.168.157.254:41416], old=null
2019-10-16 21:55:37,655 [grpc-default-executor-1] INFO  impl.RaftServerImpl (RaftServerImpl.java:setRole(184)) - 6b24a2ab-97ee-4d49-85cc-2d76c2f4b8ef@group-569FAC3F8BCE: changes role from  FOLLOWER to FOLLOWER at term 326 for recognizeCandidate:277b5c5e-8c6f-4c9a-a53f-1bbc96404e12
2019-10-16 21:55:37,656 [grpc-default-executor-1] INFO  impl.RoleInfo (RoleInfo.java:shutdownFollowerState(121)) - 6b24a2ab-97ee-4d49-85cc-2d76c2f4b8ef: shutdown FollowerState
2019-10-16 21:55:37,655 [grpc-default-executor-0] INFO  impl.RaftServerImpl (RaftServerImpl.java:setRole(184)) - a32408a4-f19d-4bad-97c5-ba33ae94fc9a@group-569FAC3F8BCE: changes role from  FOLLOWER to FOLLOWER at term 326 for recognizeCandidate:277b5c5e-8c6f-4c9a-a53f-1bbc96404e12
2019-10-16 21:55:37,656 [grpc-default-executor-0] INFO  impl.RoleInfo (RoleInfo.java:shutdownFollowerState(121)) - a32408a4-f19d-4bad-97c5-ba33ae94fc9a: shutdown FollowerState
2019-10-16 21:55:37,656 [Thread-2229] INFO  impl.FollowerState (FollowerState.java:run(117)) - 6b24a2ab-97ee-4d49-85cc-2d76c2f4b8ef@group-569FAC3F8BCE-FollowerState was interrupted: java.lang.InterruptedException: sleep interrupted
2019-10-16 21:55:37,656 [Thread-2228] INFO  impl.FollowerState (FollowerState.java:run(117)) - a32408a4-f19d-4bad-97c5-ba33ae94fc9a@group-569FAC3F8BCE-FollowerState was interrupted: java.lang.InterruptedException: sleep interrupted
2019-10-16 21:55:37,656 [grpc-default-executor-1] INFO  impl.RoleInfo (RoleInfo.java:updateAndGet(143)) - 6b24a2ab-97ee-4d49-85cc-2d76c2f4b8ef: start FollowerState
2019-10-16 21:55:37,656 [grpc-default-executor-0] INFO  impl.RoleInfo (RoleInfo.java:updateAndGet(143)) - a32408a4-f19d-4bad-97c5-ba33ae94fc9a: start FollowerState
2019-10-16 21:55:37,671 [277b5c5e-8c6f-4c9a-a53f-1bbc96404e12@group-569FAC3F8BCE-LeaderElection318] INFO  impl.LeaderElection (LeaderElection.java:logAndReturn(56)) - 277b5c5e-8c6f-4c9a-a53f-1bbc96404e12@group-569FAC3F8BCE-LeaderElection318: Election REJECTED; received 2 response(s) [277b5c5e-8c6f-4c9a-a53f-1bbc96404e12<-6b24a2ab-97ee-4d49-85cc-2d76c2f4b8ef#0:FAIL-t326, 277b5c5e-8c6f-4c9a-a53f-1bbc96404e12<-a32408a4-f19d-4bad-97c5-ba33ae94fc9a#0:FAIL-t326] and 0 exception(s); 277b5c5e-8c6f-4c9a-a53f-1bbc96404e12@group-569FAC3F8BCE:t326, leader=null, voted=277b5c5e-8c6f-4c9a-a53f-1bbc96404e12, raftlog=277b5c5e-8c6f-4c9a-a53f-1bbc96404e12@group-569FAC3F8BCE-SegmentedRaftLog:OPENED:c-1,f-1,i0, conf=-1: [a32408a4-f19d-4bad-97c5-ba33ae94fc9a:192.168.157.254:38721, 6b24a2ab-97ee-4d49-85cc-2d76c2f4b8ef:192.168.157.254:41080, 277b5c5e-8c6f-4c9a-a53f-1bbc96404e12:192.168.157.254:41416], old=null
2019-10-16 21:55:37,671 [277b5c5e-8c6f-4c9a-a53f-1bbc96404e12@group-569FAC3F8BCE-LeaderElection318] INFO  impl.RaftServerImpl (RaftServerImpl.java:setRole(184)) - 277b5c5e-8c6f-4c9a-a53f-1bbc96404e12@group-569FAC3F8BCE: changes role from CANDIDATE to FOLLOWER at term 326 for DISCOVERED_A_NEW_TERM
2019-10-16 21:55:37,671 [277b5c5e-8c6f-4c9a-a53f-1bbc96404e12@group-569FAC3F8BCE-LeaderElection318] INFO  impl.RoleInfo (RoleInfo.java:shutdownLeaderElection(134)) - 277b5c5e-8c6f-4c9a-a53f-1bbc96404e12: shutdown LeaderElection
2019-10-16 21:55:37,672 [277b5c5e-8c6f-4c9a-a53f-1bbc96404e12@group-569FAC3F8BCE-LeaderElection318] INFO  impl.RoleInfo (RoleInfo.java:updateAndGet(143)) - 277b5c5e-8c6f-4c9a-a53f-1bbc96404e12: start FollowerState
2019-10-16 21:55:37,825 [Thread-2236] INFO  impl.FollowerState (FollowerState.java:run(108)) - 277b5c5e-8c6f-4c9a-a53f-1bbc96404e12@group-569FAC3F8BCE-FollowerState: change to CANDIDATE, lastRpcTime:153ms, electionTimeout:153ms
2019-10-16 21:55:37,825 [Thread-2236] INFO  impl.RoleInfo (RoleInfo.java:shutdownFollowerState(121)) - 277b5c5e-8c6f-4c9a-a53f-1bbc96404e12: shutdown FollowerState
2019-10-16 21:55:37,825 [Thread-2236] INFO  impl.RaftServerImpl (RaftServerImpl.java:setRole(184)) - 277b5c5e-8c6f-4c9a-a53f-1bbc96404e12@group-569FAC3F8BCE: changes role from  FOLLOWER to CANDIDATE at term 326 for changeToCandidate
2019-10-16 21:55:37,826 [Thread-2236] INFO  impl.RoleInfo (RoleInfo.java:updateAndGet(143)) - 277b5c5e-8c6f-4c9a-a53f-1bbc96404e12: start LeaderElection
2019-10-16 21:55:37,839 [277b5c5e-8c6f-4c9a-a53f-1bbc96404e12@group-569FAC3F8BCE-LeaderElection319] INFO  impl.LeaderElection (LeaderElection.java:askForVotes(178)) - 277b5c5e-8c6f-4c9a-a53f-1bbc96404e12@group-569FAC3F8BCE-LeaderElection319: begin an election at term 327 for -1: [a32408a4-f19d-4bad-97c5-ba33ae94fc9a:192.168.157.254:38721, 6b24a2ab-97ee-4d49-85cc-2d76c2f4b8ef:192.168.157.254:41080, 277b5c5e-8c6f-4c9a-a53f-1bbc96404e12:192.168.157.254:41416], old=null
2019-10-16 21:55:37,842 [grpc-default-executor-1] INFO  impl.RaftServerImpl (RaftServerImpl.java:setRole(184)) - a32408a4-f19d-4bad-97c5-ba33ae94fc9a@group-569FAC3F8BCE: changes role from  FOLLOWER to FOLLOWER at term 327 for recognizeCandidate:277b5c5e-8c6f-4c9a-a53f-1bbc96404e12
2019-10-16 21:55:37,842 [grpc-default-executor-1] INFO  impl.RoleInfo (RoleInfo.java:shutdownFollowerState(121)) - a32408a4-f19d-4bad-97c5-ba33ae94fc9a: shutdown FollowerState
2019-10-16 21:55:37,842 [grpc-default-executor-0] INFO  impl.RaftServerImpl (RaftServerImpl.java:setRole(184)) - 6b24a2ab-97ee-4d49-85cc-2d76c2f4b8ef@group-569FAC3F8BCE: changes role from  FOLLOWER to FOLLOWER at term 327 for recognizeCandidate:277b5c5e-8c6f-4c9a-a53f-1bbc96404e12
2019-10-16 21:55:37,842 [Thread-2235] INFO  impl.FollowerState (FollowerState.java:run(117)) - a32408a4-f19d-4bad-97c5-ba33ae94fc9a@group-569FAC3F8BCE-FollowerState was interrupted: java.lang.InterruptedException: sleep interrupted
2019-10-16 21:55:37,842 [grpc-default-executor-1] INFO  impl.RoleInfo (RoleInfo.java:updateAndGet(143)) - a32408a4-f19d-4bad-97c5-ba33ae94fc9a: start FollowerState
2019-10-16 21:55:37,843 [grpc-default-executor-0] INFO  impl.RoleInfo (RoleInfo.java:shutdownFollowerState(121)) - 6b24a2ab-97ee-4d49-85cc-2d76c2f4b8ef: shutdown FollowerState
2019-10-16 21:55:37,843 [grpc-default-executor-0] INFO  impl.RoleInfo (RoleInfo.java:updateAndGet(143)) - 6b24a2ab-97ee-4d49-85cc-2d76c2f4b8ef: start FollowerState
2019-10-16 21:55:37,843 [Thread-2234] INFO  impl.FollowerState (FollowerState.java:run(117)) - 6b24a2ab-97ee-4d49-85cc-2d76c2f4b8ef@group-569FAC3F8BCE-FollowerState was interrupted: java.lang.InterruptedException: sleep interrupted
2019-10-16 21:55:37,849 [277b5c5e-8c6f-4c9a-a53f-1bbc96404e12@group-569FAC3F8BCE-LeaderElection319] INFO  impl.LeaderElection (LeaderElection.java:logAndReturn(56)) - 277b5c5e-8c6f-4c9a-a53f-1bbc96404e12@group-569FAC3F8BCE-LeaderElection319: Election TIMEOUT; received 0 response(s) [] and 0 exception(s); 277b5c5e-8c6f-4c9a-a53f-1bbc96404e12@group-569FAC3F8BCE:t327, leader=null, voted=277b5c5e-8c6f-4c9a-a53f-1bbc96404e12, raftlog=277b5c5e-8c6f-4c9a-a53f-1bbc96404e12@group-569FAC3F8BCE-SegmentedRaftLog:OPENED:c-1,f-1,i0, conf=-1: [a32408a4-f19d-4bad-97c5-ba33ae94fc9a:192.168.157.254:38721, 6b24a2ab-97ee-4d49-85cc-2d76c2f4b8ef:192.168.157.254:41080, 277b5c5e-8c6f-4c9a-a53f-1bbc96404e12:192.168.157.254:41416], old=null
2019-10-16 21:55:37,855 [277b5c5e-8c6f-4c9a-a53f-1bbc96404e12@group-569FAC3F8BCE-LeaderElection319] INFO  impl.LeaderElection (LeaderElection.java:askForVotes(178)) - 277b5c5e-8c6f-4c9a-a53f-1bbc96404e12@group-569FAC3F8BCE-LeaderElection319: begin an election at term 328 for -1: [a32408a4-f19d-4bad-97c5-ba33ae94fc9a:192.168.157.254:38721, 6b24a2ab-97ee-4d49-85cc-2d76c2f4b8ef:192.168.157.254:41080, 277b5c5e-8c6f-4c9a-a53f-1bbc96404e12:192.168.157.254:41416], old=null
2019-10-16 21:55:37,856 [grpc-default-executor-0] INFO  impl.RaftServerImpl (RaftServerImpl.java:setRole(184)) - 6b24a2ab-97ee-4d49-85cc-2d76c2f4b8ef@group-569FAC3F8BCE: changes role from  FOLLOWER to FOLLOWER at term 328 for recognizeCandidate:277b5c5e-8c6f-4c9a-a53f-1bbc96404e12
2019-10-16 21:55:37,856 [grpc-default-executor-0] INFO  impl.RoleInfo (RoleInfo.java:shutdownFollowerState(121)) - 6b24a2ab-97ee-4d49-85cc-2d76c2f4b8ef: shutdown FollowerState
2019-10-16 21:55:37,857 [grpc-default-executor-0] INFO  impl.RoleInfo (RoleInfo.java:updateAndGet(143)) - 6b24a2ab-97ee-4d49-85cc-2d76c2f4b8ef: start FollowerState
2019-10-16 21:55:37,857 [grpc-default-executor-1] INFO  impl.RaftServerImpl (RaftServerImpl.java:setRole(184)) - a32408a4-f19d-4bad-97c5-ba33ae94fc9a@group-569FAC3F8BCE: changes role from  FOLLOWER to FOLLOWER at term 328 for recognizeCandidate:277b5c5e-8c6f-4c9a-a53f-1bbc96404e12
2019-10-16 21:55:37,857 [grpc-default-executor-1] INFO  impl.RoleInfo (RoleInfo.java:shutdownFollowerState(121)) - a32408a4-f19d-4bad-97c5-ba33ae94fc9a: shutdown FollowerState
2019-10-16 21:55:37,857 [Thread-2241] INFO  impl.FollowerState (FollowerState.java:run(117)) - 6b24a2ab-97ee-4d49-85cc-2d76c2f4b8ef@group-569FAC3F8BCE-FollowerState was interrupted: java.lang.InterruptedException: sleep interrupted
2019-10-16 21:55:37,857 [Thread-2240] INFO  impl.FollowerState (FollowerState.java:run(117)) - a32408a4-f19d-4bad-97c5-ba33ae94fc9a@group-569FAC3F8BCE-FollowerState was interrupted: java.lang.InterruptedException: sleep interrupted
2019-10-16 21:55:37,857 [grpc-default-executor-1] INFO  impl.RoleInfo (RoleInfo.java:updateAndGet(143)) - a32408a4-f19d-4bad-97c5-ba33ae94fc9a: start FollowerState
2019-10-16 21:55:37,871 [277b5c5e-8c6f-4c9a-a53f-1bbc96404e12@group-569FAC3F8BCE-LeaderElection319] INFO  impl.LeaderElection (LeaderElection.java:logAndReturn(56)) - 277b5c5e-8c6f-4c9a-a53f-1bbc96404e12@group-569FAC3F8BCE-LeaderElection319: Election REJECTED; received 2 response(s) [277b5c5e-8c6f-4c9a-a53f-1bbc96404e12<-a32408a4-f19d-4bad-97c5-ba33ae94fc9a#0:FAIL-t328, 277b5c5e-8c6f-4c9a-a53f-1bbc96404e12<-6b24a2ab-97ee-4d49-85cc-2d76c2f4b8ef#0:FAIL-t328] and 0 exception(s); 277b5c5e-8c6f-4c9a-a53f-1bbc96404e12@group-569FAC3F8BCE:t328, leader=null, voted=277b5c5e-8c6f-4c9a-a53f-1bbc96404e12, raftlog=277b5c5e-8c6f-4c9a-a53f-1bbc96404e12@group-569FAC3F8BCE-SegmentedRaftLog:OPENED:c-1,f-1,i0, conf=-1: [a32408a4-f19d-4bad-97c5-ba33ae94fc9a:192.168.157.254:38721, 6b24a2ab-97ee-4d49-85cc-2d76c2f4b8ef:192.168.157.254:41080, 277b5c5e-8c6f-4c9a-a53f-1bbc96404e12:192.168.157.254:41416], old=null
2019-10-16 21:55:37,871 [277b5c5e-8c6f-4c9a-a53f-1bbc96404e12@group-569FAC3F8BCE-LeaderElection319] INFO  impl.RaftServerImpl (RaftServerImpl.java:setRole(184)) - 277b5c5e-8c6f-4c9a-a53f-1bbc96404e12@group-569FAC3F8BCE: changes role from CANDIDATE to FOLLOWER at term 328 for DISCOVERED_A_NEW_TERM
2019-10-16 21:55:37,871 [277b5c5e-8c6f-4c9a-a53f-1bbc96404e12@group-569FAC3F8BCE-LeaderElection319] INFO  impl.RoleInfo (RoleInfo.java:shutdownLeaderElection(134)) - 277b5c5e-8c6f-4c9a-a53f-1bbc96404e12: shutdown LeaderElection
2019-10-16 21:55:37,871 [277b5c5e-8c6f-4c9a-a53f-1bbc96404e12@group-569FAC3F8BCE-LeaderElection319] INFO  impl.RoleInfo (RoleInfo.java:updateAndGet(143)) - 277b5c5e-8c6f-4c9a-a53f-1bbc96404e12: start FollowerState
2019-10-16 21:55:37,902 [Thread-2246] INFO  impl.FollowerState (FollowerState.java:run(108)) - 277b5c5e-8c6f-4c9a-a53f-1bbc96404e12@group-569FAC3F8BCE-FollowerState: change to CANDIDATE, lastRpcTime:30ms, electionTimeout:30ms
2019-10-16 21:55:37,902 [Thread-2246] INFO  impl.RoleInfo (RoleInfo.java:shutdownFollowerState(121)) - 277b5c5e-8c6f-4c9a-a53f-1bbc96404e12: shutdown FollowerState
2019-10-16 21:55:37,902 [Thread-2246] INFO  impl.RaftServerImpl (RaftServerImpl.java:setRole(184)) - 277b5c5e-8c6f-4c9a-a53f-1bbc96404e12@group-569FAC3F8BCE: changes role from  FOLLOWER to CANDIDATE at term 328 for changeToCandidate
2019-10-16 21:55:37,902 [Thread-2246] INFO  impl.RoleInfo (RoleInfo.java:updateAndGet(143)) - 277b5c5e-8c6f-4c9a-a53f-1bbc96404e12: start LeaderElection
2019-10-16 21:55:37,917 [277b5c5e-8c6f-4c9a-a53f-1bbc96404e12@group-569FAC3F8BCE-LeaderElection320] INFO  impl.LeaderElection (LeaderElection.java:askForVotes(178)) - 277b5c5e-8c6f-4c9a-a53f-1bbc96404e12@group-569FAC3F8BCE-LeaderElection320: begin an election at term 329 for -1: [a32408a4-f19d-4bad-97c5-ba33ae94fc9a:192.168.157.254:38721, 6b24a2ab-97ee-4d49-85cc-2d76c2f4b8ef:192.168.157.254:41080, 277b5c5e-8c6f-4c9a-a53f-1bbc96404e12:192.168.157.254:41416], old=null
2019-10-16 21:55:37,919 [grpc-default-executor-0] INFO  impl.RaftServerImpl (RaftServerImpl.java:setRole(184)) - a32408a4-f19d-4bad-97c5-ba33ae94fc9a@group-569FAC3F8BCE: changes role from  FOLLOWER to FOLLOWER at term 329 for recognizeCandidate:277b5c5e-8c6f-4c9a-a53f-1bbc96404e12
2019-10-16 21:55:37,920 [grpc-default-executor-0] INFO  impl.RoleInfo (RoleInfo.java:shutdownFollowerState(121)) - a32408a4-f19d-4bad-97c5-ba33ae94fc9a: shutdown FollowerState
2019-10-16 21:55:37,920 [grpc-default-executor-0] INFO  impl.RoleInfo (RoleInfo.java:updateAndGet(143)) - a32408a4-f19d-4bad-97c5-ba33ae94fc9a: start FollowerState
2019-10-16 21:55:37,920 [Thread-2245] INFO  impl.FollowerState (FollowerState.java:run(117)) - a32408a4-f19d-4bad-97c5-ba33ae94fc9a@group-569FAC3F8BCE-FollowerState was interrupted: java.lang.InterruptedException: sleep interrupted
2019-10-16 21:55:37,920 [grpc-default-executor-1] INFO  impl.RaftServerImpl (RaftServerImpl.java:setRole(184)) - 6b24a2ab-97ee-4d49-85cc-2d76c2f4b8ef@group-569FAC3F8BCE: changes role from  FOLLOWER to FOLLOWER at term 329 for recognizeCandidate:277b5c5e-8c6f-4c9a-a53f-1bbc96404e12
2019-10-16 21:55:37,920 [grpc-default-executor-1] INFO  impl.RoleInfo (RoleInfo.java:shutdownFollowerState(121)) - 6b24a2ab-97ee-4d49-85cc-2d76c2f4b8ef: shutdown FollowerState
2019-10-16 21:55:37,920 [grpc-default-executor-1] INFO  impl.RoleInfo (RoleInfo.java:updateAndGet(143)) - 6b24a2ab-97ee-4d49-85cc-2d76c2f4b8ef: start FollowerState
2019-10-16 21:55:37,920 [Thread-2244] INFO  impl.FollowerState (FollowerState.java:run(117)) - 6b24a2ab-97ee-4d49-85cc-2d76c2f4b8ef@group-569FAC3F8BCE-FollowerState was interrupted: java.lang.InterruptedException: sleep interrupted
2019-10-16 21:55:37,934 [277b5c5e-8c6f-4c9a-a53f-1bbc96404e12@group-569FAC3F8BCE-LeaderElection320] INFO  impl.LeaderElection (LeaderElection.java:logAndReturn(56)) - 277b5c5e-8c6f-4c9a-a53f-1bbc96404e12@group-569FAC3F8BCE-LeaderElection320: Election REJECTED; received 2 response(s) [277b5c5e-8c6f-4c9a-a53f-1bbc96404e12<-a32408a4-f19d-4bad-97c5-ba33ae94fc9a#0:FAIL-t329, 277b5c5e-8c6f-4c9a-a53f-1bbc96404e12<-6b24a2ab-97ee-4d49-85cc-2d76c2f4b8ef#0:FAIL-t329] and 0 exception(s); 277b5c5e-8c6f-4c9a-a53f-1bbc96404e12@group-569FAC3F8BCE:t329, leader=null, voted=277b5c5e-8c6f-4c9a-a53f-1bbc96404e12, raftlog=277b5c5e-8c6f-4c9a-a53f-1bbc96404e12@group-569FAC3F8BCE-SegmentedRaftLog:OPENED:c-1,f-1,i0, conf=-1: [a32408a4-f19d-4bad-97c5-ba33ae94fc9a:192.168.157.254:38721, 6b24a2ab-97ee-4d49-85cc-2d76c2f4b8ef:192.168.157.254:41080, 277b5c5e-8c6f-4c9a-a53f-1bbc96404e12:192.168.157.254:41416], old=null
2019-10-16 21:55:37,934 [277b5c5e-8c6f-4c9a-a53f-1bbc96404e12@group-569FAC3F8BCE-LeaderElection320] INFO  impl.RaftServerImpl (RaftServerImpl.java:setRole(184)) - 277b5c5e-8c6f-4c9a-a53f-1bbc96404e12@group-569FAC3F8BCE: changes role from CANDIDATE to FOLLOWER at term 329 for DISCOVERED_A_NEW_TERM
2019-10-16 21:55:37,934 [277b5c5e-8c6f-4c9a-a53f-1bbc96404e12@group-569FAC3F8BCE-LeaderElection320] INFO  impl.RoleInfo (RoleInfo.java:shutdownLeaderElection(134)) - 277b5c5e-8c6f-4c9a-a53f-1bbc96404e12: shutdown LeaderElection
2019-10-16 21:55:37,934 [277b5c5e-8c6f-4c9a-a53f-1bbc96404e12@group-569FAC3F8BCE-LeaderElection320] INFO  impl.RoleInfo (RoleInfo.java:updateAndGet(143)) - 277b5c5e-8c6f-4c9a-a53f-1bbc96404e12: start FollowerState
2019-10-16 21:55:38,099 [Thread-2252] INFO  impl.FollowerState (FollowerState.java:run(108)) - 277b5c5e-8c6f-4c9a-a53f-1bbc96404e12@group-569FAC3F8BCE-FollowerState: change to CANDIDATE, lastRpcTime:164ms, electionTimeout:164ms
2019-10-16 21:55:38,099 [Thread-2252] INFO  impl.RoleInfo (RoleInfo.java:shutdownFollowerState(121)) - 277b5c5e-8c6f-4c9a-a53f-1bbc96404e12: shutdown FollowerState
2019-10-16 21:55:38,099 [Thread-2252] INFO  impl.RaftServerImpl (RaftServerImpl.java:setRole(184)) - 277b5c5e-8c6f-4c9a-a53f-1bbc96404e12@group-569FAC3F8BCE: changes role from  FOLLOWER to CANDIDATE at term 329 for changeToCandidate
2019-10-16 21:55:38,099 [Thread-2252] INFO  impl.RoleInfo (RoleInfo.java:updateAndGet(143)) - 277b5c5e-8c6f-4c9a-a53f-1bbc96404e12: start LeaderElection
2019-10-16 21:55:38,113 [277b5c5e-8c6f-4c9a-a53f-1bbc96404e12@group-569FAC3F8BCE-LeaderElection321] INFO  impl.LeaderElection (LeaderElection.java:askForVotes(178)) - 277b5c5e-8c6f-4c9a-a53f-1bbc96404e12@group-569FAC3F8BCE-LeaderElection321: begin an election at term 330 for -1: [a32408a4-f19d-4bad-97c5-ba33ae94fc9a:192.168.157.254:38721, 6b24a2ab-97ee-4d49-85cc-2d76c2f4b8ef:192.168.157.254:41080, 277b5c5e-8c6f-4c9a-a53f-1bbc96404e12:192.168.157.254:41416], old=null
2019-10-16 21:55:38,115 [grpc-default-executor-1] INFO  impl.RaftServerImpl (RaftServerImpl.java:setRole(184)) - a32408a4-f19d-4bad-97c5-ba33ae94fc9a@group-569FAC3F8BCE: changes role from  FOLLOWER to FOLLOWER at term 330 for recognizeCandidate:277b5c5e-8c6f-4c9a-a53f-1bbc96404e12
2019-10-16 21:55:38,116 [grpc-default-executor-1] INFO  impl.RoleInfo (RoleInfo.java:shutdownFollowerState(121)) - a32408a4-f19d-4bad-97c5-ba33ae94fc9a: shutdown FollowerState
2019-10-16 21:55:38,116 [grpc-default-executor-0] INFO  impl.RaftServerImpl (RaftServerImpl.java:setRole(184)) - 6b24a2ab-97ee-4d49-85cc-2d76c2f4b8ef@group-569FAC3F8BCE: changes role from  FOLLOWER to FOLLOWER at term 330 for recognizeCandidate:277b5c5e-8c6f-4c9a-a53f-1bbc96404e12
2019-10-16 21:55:38,116 [grpc-default-executor-0] INFO  impl.RoleInfo (RoleInfo.java:shutdownFollowerState(121)) - 6b24a2ab-97ee-4d49-85cc-2d76c2f4b8ef: shutdown FollowerState
2019-10-16 21:55:38,116 [Thread-2250] INFO  impl.FollowerState (FollowerState.java:run(117)) - a32408a4-f19d-4bad-97c5-ba33ae94fc9a@group-569FAC3F8BCE-FollowerState was interrupted: java.lang.InterruptedException: sleep interrupted
2019-10-16 21:55:38,116 [Thread-2251] INFO  impl.FollowerState (FollowerState.java:run(117)) - 6b24a2ab-97ee-4d49-85cc-2d76c2f4b8ef@group-569FAC3F8BCE-FollowerState was interrupted: java.lang.InterruptedException: sleep interrupted
2019-10-16 21:55:38,116 [grpc-default-executor-1] INFO  impl.RoleInfo (RoleInfo.java:updateAndGet(143)) - a32408a4-f19d-4bad-97c5-ba33ae94fc9a: start FollowerState
2019-10-16 21:55:38,116 [grpc-default-executor-0] INFO  impl.RoleInfo (RoleInfo.java:updateAndGet(143)) - 6b24a2ab-97ee-4d49-85cc-2d76c2f4b8ef: start FollowerState
2019-10-16 21:55:38,131 [277b5c5e-8c6f-4c9a-a53f-1bbc96404e12@group-569FAC3F8BCE-LeaderElection321] INFO  impl.LeaderElection (LeaderElection.java:logAndReturn(56)) - 277b5c5e-8c6f-4c9a-a53f-1bbc96404e12@group-569FAC3F8BCE-LeaderElection321: Election REJECTED; received 2 response(s) [277b5c5e-8c6f-4c9a-a53f-1bbc96404e12<-6b24a2ab-97ee-4d49-85cc-2d76c2f4b8ef#0:FAIL-t330, 277b5c5e-8c6f-4c9a-a53f-1bbc96404e12<-a32408a4-f19d-4bad-97c5-ba33ae94fc9a#0:FAIL-t330] and 0 exception(s); 277b5c5e-8c6f-4c9a-a53f-1bbc96404e12@group-569FAC3F8BCE:t330, leader=null, voted=277b5c5e-8c6f-4c9a-a53f-1bbc96404e12, raftlog=277b5c5e-8c6f-4c9a-a53f-1bbc96404e12@group-569FAC3F8BCE-SegmentedRaftLog:OPENED:c-1,f-1,i0, conf=-1: [a32408a4-f19d-4bad-97c5-ba33ae94fc9a:192.168.157.254:38721, 6b24a2ab-97ee-4d49-85cc-2d76c2f4b8ef:192.168.157.254:41080, 277b5c5e-8c6f-4c9a-a53f-1bbc96404e12:192.168.157.254:41416], old=null
2019-10-16 21:55:38,131 [277b5c5e-8c6f-4c9a-a53f-1bbc96404e12@group-569FAC3F8BCE-LeaderElection321] INFO  impl.RaftServerImpl (RaftServerImpl.java:setRole(184)) - 277b5c5e-8c6f-4c9a-a53f-1bbc96404e12@group-569FAC3F8BCE: changes role from CANDIDATE to FOLLOWER at term 330 for DISCOVERED_A_NEW_TERM
2019-10-16 21:55:38,131 [277b5c5e-8c6f-4c9a-a53f-1bbc96404e12@group-569FAC3F8BCE-LeaderElection321] INFO  impl.RoleInfo (RoleInfo.java:shutdownLeaderElection(134)) - 277b5c5e-8c6f-4c9a-a53f-1bbc96404e12: shutdown LeaderElection
2019-10-16 21:55:38,131 [277b5c5e-8c6f-4c9a-a53f-1bbc96404e12@group-569FAC3F8BCE-LeaderElection321] INFO  impl.RoleInfo (RoleInfo.java:updateAndGet(143)) - 277b5c5e-8c6f-4c9a-a53f-1bbc96404e12: start FollowerState
2019-10-16 21:55:38,165 [Thread-2258] INFO  impl.FollowerState (FollowerState.java:run(108)) - 277b5c5e-8c6f-4c9a-a53f-1bbc96404e12@group-569FAC3F8BCE-FollowerState: change to CANDIDATE, lastRpcTime:33ms, electionTimeout:33ms
2019-10-16 21:55:38,165 [Thread-2258] INFO  impl.RoleInfo (RoleInfo.java:shutdownFollowerState(121)) - 277b5c5e-8c6f-4c9a-a53f-1bbc96404e12: shutdown FollowerState
2019-10-16 21:55:38,165 [Thread-2258] INFO  impl.RaftServerImpl (RaftServerImpl.java:setRole(184)) - 277b5c5e-8c6f-4c9a-a53f-1bbc96404e12@group-569FAC3F8BCE: changes role from  FOLLOWER to CANDIDATE at term 330 for changeToCandidate
2019-10-16 21:55:38,165 [Thread-2258] INFO  impl.RoleInfo (RoleInfo.java:updateAndGet(143)) - 277b5c5e-8c6f-4c9a-a53f-1bbc96404e12: start LeaderElection
2019-10-16 21:55:38,173 [277b5c5e-8c6f-4c9a-a53f-1bbc96404e12@group-569FAC3F8BCE-LeaderElection322] INFO  impl.LeaderElection (LeaderElection.java:askForVotes(178)) - 277b5c5e-8c6f-4c9a-a53f-1bbc96404e12@group-569FAC3F8BCE-LeaderElection322: begin an election at term 331 for -1: [a32408a4-f19d-4bad-97c5-ba33ae94fc9a:192.168.157.254:38721, 6b24a2ab-97ee-4d49-85cc-2d76c2f4b8ef:192.168.157.254:41080, 277b5c5e-8c6f-4c9a-a53f-1bbc96404e12:192.168.157.254:41416], old=null
2019-10-16 21:55:38,175 [grpc-default-executor-1] INFO  impl.RaftServerImpl (RaftServerImpl.java:setRole(184)) - a32408a4-f19d-4bad-97c5-ba33ae94fc9a@group-569FAC3F8BCE: changes role from  FOLLOWER to FOLLOWER at term 331 for recognizeCandidate:277b5c5e-8c6f-4c9a-a53f-1bbc96404e12
2019-10-16 21:55:38,175 [grpc-default-executor-0] INFO  impl.RaftServerImpl (RaftServerImpl.java:setRole(184)) - 6b24a2ab-97ee-4d49-85cc-2d76c2f4b8ef@group-569FAC3F8BCE: changes role from  FOLLOWER to FOLLOWER at term 331 for recognizeCandidate:277b5c5e-8c6f-4c9a-a53f-1bbc96404e12
2019-10-16 21:55:38,175 [grpc-default-executor-0] INFO  impl.RoleInfo (RoleInfo.java:shutdownFollowerState(121)) - 6b24a2ab-97ee-4d49-85cc-2d76c2f4b8ef: shutdown FollowerState
2019-10-16 21:55:38,175 [grpc-default-executor-1] INFO  impl.RoleInfo (RoleInfo.java:shutdownFollowerState(121)) - a32408a4-f19d-4bad-97c5-ba33ae94fc9a: shutdown FollowerState
2019-10-16 21:55:38,175 [Thread-2257] INFO  impl.FollowerState (FollowerState.java:run(117)) - 6b24a2ab-97ee-4d49-85cc-2d76c2f4b8ef@group-569FAC3F8BCE-FollowerState was interrupted: java.lang.InterruptedException: sleep interrupted
2019-10-16 21:55:38,175 [grpc-default-executor-0] INFO  impl.RoleInfo (RoleInfo.java:updateAndGet(143)) - 6b24a2ab-97ee-4d49-85cc-2d76c2f4b8ef: start FollowerState
2019-10-16 21:55:38,175 [Thread-2256] INFO  impl.FollowerState (FollowerState.java:run(117)) - a32408a4-f19d-4bad-97c5-ba33ae94fc9a@group-569FAC3F8BCE-FollowerState was interrupted: java.lang.InterruptedException: sleep interrupted
2019-10-16 21:55:38,175 [grpc-default-executor-1] INFO  impl.RoleInfo (RoleInfo.java:updateAndGet(143)) - a32408a4-f19d-4bad-97c5-ba33ae94fc9a: start FollowerState
2019-10-16 21:55:38,193 [277b5c5e-8c6f-4c9a-a53f-1bbc96404e12@group-569FAC3F8BCE-LeaderElection322] INFO  impl.LeaderElection (LeaderElection.java:logAndReturn(56)) - 277b5c5e-8c6f-4c9a-a53f-1bbc96404e12@group-569FAC3F8BCE-LeaderElection322: Election REJECTED; received 2 response(s) [277b5c5e-8c6f-4c9a-a53f-1bbc96404e12<-a32408a4-f19d-4bad-97c5-ba33ae94fc9a#0:FAIL-t331, 277b5c5e-8c6f-4c9a-a53f-1bbc96404e12<-6b24a2ab-97ee-4d49-85cc-2d76c2f4b8ef#0:FAIL-t331] and 0 exception(s); 277b5c5e-8c6f-4c9a-a53f-1bbc96404e12@group-569FAC3F8BCE:t331, leader=null, voted=277b5c5e-8c6f-4c9a-a53f-1bbc96404e12, raftlog=277b5c5e-8c6f-4c9a-a53f-1bbc96404e12@group-569FAC3F8BCE-SegmentedRaftLog:OPENED:c-1,f-1,i0, conf=-1: [a32408a4-f19d-4bad-97c5-ba33ae94fc9a:192.168.157.254:38721, 6b24a2ab-97ee-4d49-85cc-2d76c2f4b8ef:192.168.157.254:41080, 277b5c5e-8c6f-4c9a-a53f-1bbc96404e12:192.168.157.254:41416], old=null
2019-10-16 21:55:38,193 [277b5c5e-8c6f-4c9a-a53f-1bbc96404e12@group-569FAC3F8BCE-LeaderElection322] INFO  impl.RaftServerImpl (RaftServerImpl.java:setRole(184)) - 277b5c5e-8c6f-4c9a-a53f-1bbc96404e12@group-569FAC3F8BCE: changes role from CANDIDATE to FOLLOWER at term 331 for DISCOVERED_A_NEW_TERM
2019-10-16 21:55:38,193 [277b5c5e-8c6f-4c9a-a53f-1bbc96404e12@group-569FAC3F8BCE-LeaderElection322] INFO  impl.RoleInfo (RoleInfo.java:shutdownLeaderElection(134)) - 277b5c5e-8c6f-4c9a-a53f-1bbc96404e12: shutdown LeaderElection
2019-10-16 21:55:38,193 [277b5c5e-8c6f-4c9a-a53f-1bbc96404e12@group-569FAC3F8BCE-LeaderElection322] INFO  impl.RoleInfo (RoleInfo.java:updateAndGet(143)) - 277b5c5e-8c6f-4c9a-a53f-1bbc96404e12: start FollowerState
2019-10-16 21:55:38,314 [Thread-2264] INFO  impl.FollowerState (FollowerState.java:run(108)) - 277b5c5e-8c6f-4c9a-a53f-1bbc96404e12@group-569FAC3F8BCE-FollowerState: change to CANDIDATE, lastRpcTime:121ms, electionTimeout:121ms
2019-10-16 21:55:38,315 [Thread-2264] INFO  impl.RoleInfo (RoleInfo.java:shutdownFollowerState(121)) - 277b5c5e-8c6f-4c9a-a53f-1bbc96404e12: shutdown FollowerState
2019-10-16 21:55:38,315 [Thread-2264] INFO  impl.RaftServerImpl (RaftServerImpl.java:setRole(184)) - 277b5c5e-8c6f-4c9a-a53f-1bbc96404e12@group-569FAC3F8BCE: changes role from  FOLLOWER to CANDIDATE at term 331 for changeToCandidate
2019-10-16 21:55:38,315 [Thread-2264] INFO  impl.RoleInfo (RoleInfo.java:updateAndGet(143)) - 277b5c5e-8c6f-4c9a-a53f-1bbc96404e12: start LeaderElection
2019-10-16 21:55:38,328 [277b5c5e-8c6f-4c9a-a53f-1bbc96404e12@group-569FAC3F8BCE-LeaderElection323] INFO  impl.LeaderElection (LeaderElection.java:askForVotes(178)) - 277b5c5e-8c6f-4c9a-a53f-1bbc96404e12@group-569FAC3F8BCE-LeaderElection323: begin an election at term 332 for -1: [a32408a4-f19d-4bad-97c5-ba33ae94fc9a:192.168.157.254:38721, 6b24a2ab-97ee-4d49-85cc-2d76c2f4b8ef:192.168.157.254:41080, 277b5c5e-8c6f-4c9a-a53f-1bbc96404e12:192.168.157.254:41416], old=null
2019-10-16 21:55:38,331 [grpc-default-executor-1] INFO  impl.RaftServerImpl (RaftServerImpl.java:setRole(184)) - a32408a4-f19d-4bad-97c5-ba33ae94fc9a@group-569FAC3F8BCE: changes role from  FOLLOWER to FOLLOWER at term 332 for recognizeCandidate:277b5c5e-8c6f-4c9a-a53f-1bbc96404e12
2019-10-16 21:55:38,331 [grpc-default-executor-1] INFO  impl.RoleInfo (RoleInfo.java:shutdownFollowerState(121)) - a32408a4-f19d-4bad-97c5-ba33ae94fc9a: shutdown FollowerState
2019-10-16 21:55:38,331 [grpc-default-executor-0] INFO  impl.RaftServerImpl (RaftServerImpl.java:setRole(184)) - 6b24a2ab-97ee-4d49-85cc-2d76c2f4b8ef@group-569FAC3F8BCE: changes role from  FOLLOWER to FOLLOWER at term 332 for recognizeCandidate:277b5c5e-8c6f-4c9a-a53f-1bbc96404e12
2019-10-16 21:55:38,331 [grpc-default-executor-1] INFO  impl.RoleInfo (RoleInfo.java:updateAndGet(143)) - a32408a4-f19d-4bad-97c5-ba33ae94fc9a: start FollowerState
2019-10-16 21:55:38,331 [grpc-default-executor-0] INFO  impl.RoleInfo (RoleInfo.java:shutdownFollowerState(121)) - 6b24a2ab-97ee-4d49-85cc-2d76c2f4b8ef: shutdown FollowerState
2019-10-16 21:55:38,331 [Thread-2263] INFO  impl.FollowerState (FollowerState.java:run(117)) - a32408a4-f19d-4bad-97c5-ba33ae94fc9a@group-569FAC3F8BCE-FollowerState was interrupted: java.lang.InterruptedException: sleep interrupted
2019-10-16 21:55:38,331 [Thread-2262] INFO  impl.FollowerState (FollowerState.java:run(117)) - 6b24a2ab-97ee-4d49-85cc-2d76c2f4b8ef@group-569FAC3F8BCE-FollowerState was interrupted: java.lang.InterruptedException: sleep interrupted
2019-10-16 21:55:38,331 [grpc-default-executor-0] INFO  impl.RoleInfo (RoleInfo.java:updateAndGet(143)) - 6b24a2ab-97ee-4d49-85cc-2d76c2f4b8ef: start FollowerState
2019-10-16 21:55:38,347 [277b5c5e-8c6f-4c9a-a53f-1bbc96404e12@group-569FAC3F8BCE-LeaderElection323] INFO  impl.LeaderElection (LeaderElection.java:logAndReturn(56)) - 277b5c5e-8c6f-4c9a-a53f-1bbc96404e12@group-569FAC3F8BCE-LeaderElection323: Election REJECTED; received 2 response(s) [277b5c5e-8c6f-4c9a-a53f-1bbc96404e12<-6b24a2ab-97ee-4d49-85cc-2d76c2f4b8ef#0:FAIL-t332, 277b5c5e-8c6f-4c9a-a53f-1bbc96404e12<-a32408a4-f19d-4bad-97c5-ba33ae94fc9a#0:FAIL-t332] and 0 exception(s); 277b5c5e-8c6f-4c9a-a53f-1bbc96404e12@group-569FAC3F8BCE:t332, leader=null, voted=277b5c5e-8c6f-4c9a-a53f-1bbc96404e12, raftlog=277b5c5e-8c6f-4c9a-a53f-1bbc96404e12@group-569FAC3F8BCE-SegmentedRaftLog:OPENED:c-1,f-1,i0, conf=-1: [a32408a4-f19d-4bad-97c5-ba33ae94fc9a:192.168.157.254:38721, 6b24a2ab-97ee-4d49-85cc-2d76c2f4b8ef:192.168.157.254:41080, 277b5c5e-8c6f-4c9a-a53f-1bbc96404e12:192.168.157.254:41416], old=null
2019-10-16 21:55:38,347 [277b5c5e-8c6f-4c9a-a53f-1bbc96404e12@group-569FAC3F8BCE-LeaderElection323] INFO  impl.RaftServerImpl (RaftServerImpl.java:setRole(184)) - 277b5c5e-8c6f-4c9a-a53f-1bbc96404e12@group-569FAC3F8BCE: changes role from CANDIDATE to FOLLOWER at term 332 for DISCOVERED_A_NEW_TERM
2019-10-16 21:55:38,347 [277b5c5e-8c6f-4c9a-a53f-1bbc96404e12@group-569FAC3F8BCE-LeaderElection323] INFO  impl.RoleInfo (RoleInfo.java:shutdownLeaderElection(134)) - 277b5c5e-8c6f-4c9a-a53f-1bbc96404e12: shutdown LeaderElection
2019-10-16 21:55:38,347 [277b5c5e-8c6f-4c9a-a53f-1bbc96404e12@group-569FAC3F8BCE-LeaderElection323] INFO  impl.RoleInfo (RoleInfo.java:updateAndGet(143)) - 277b5c5e-8c6f-4c9a-a53f-1bbc96404e12: start FollowerState
2019-10-16 21:55:38,464 [Thread-2270] INFO  impl.FollowerState (FollowerState.java:run(108)) - 277b5c5e-8c6f-4c9a-a53f-1bbc96404e12@group-569FAC3F8BCE-FollowerState: change to CANDIDATE, lastRpcTime:117ms, electionTimeout:117ms
2019-10-16 21:55:38,464 [Thread-2270] INFO  impl.RoleInfo (RoleInfo.java:shutdownFollowerState(121)) - 277b5c5e-8c6f-4c9a-a53f-1bbc96404e12: shutdown FollowerState
2019-10-16 21:55:38,465 [Thread-2270] INFO  impl.RaftServerImpl (RaftServerImpl.java:setRole(184)) - 277b5c5e-8c6f-4c9a-a53f-1bbc96404e12@group-569FAC3F8BCE: changes role from  FOLLOWER to CANDIDATE at term 332 for changeToCandidate
2019-10-16 21:55:38,465 [Thread-2270] INFO  impl.RoleInfo (RoleInfo.java:updateAndGet(143)) - 277b5c5e-8c6f-4c9a-a53f-1bbc96404e12: start LeaderElection
2019-10-16 21:55:38,474 [277b5c5e-8c6f-4c9a-a53f-1bbc96404e12@group-569FAC3F8BCE-LeaderElection324] INFO  impl.LeaderElection (LeaderElection.java:askForVotes(178)) - 277b5c5e-8c6f-4c9a-a53f-1bbc96404e12@group-569FAC3F8BCE-LeaderElection324: begin an election at term 333 for -1: [a32408a4-f19d-4bad-97c5-ba33ae94fc9a:192.168.157.254:38721, 6b24a2ab-97ee-4d49-85cc-2d76c2f4b8ef:192.168.157.254:41080, 277b5c5e-8c6f-4c9a-a53f-1bbc96404e12:192.168.157.254:41416], old=null
2019-10-16 21:55:38,476 [grpc-default-executor-0] INFO  impl.RaftServerImpl (RaftServerImpl.java:setRole(184)) - a32408a4-f19d-4bad-97c5-ba33ae94fc9a@group-569FAC3F8BCE: changes role from  FOLLOWER to FOLLOWER at term 333 for recognizeCandidate:277b5c5e-8c6f-4c9a-a53f-1bbc96404e12
2019-10-16 21:55:38,476 [grpc-default-executor-0] INFO  impl.RoleInfo (RoleInfo.java:shutdownFollowerState(121)) - a32408a4-f19d-4bad-97c5-ba33ae94fc9a: shutdown FollowerState
2019-10-16 21:55:38,476 [grpc-default-executor-1] INFO  impl.RaftServerImpl (RaftServerImpl.java:setRole(184)) - 6b24a2ab-97ee-4d49-85cc-2d76c2f4b8ef@group-569FAC3F8BCE: changes role from  FOLLOWER to FOLLOWER at term 333 for recognizeCandidate:277b5c5e-8c6f-4c9a-a53f-1bbc96404e12
2019-10-16 21:55:38,476 [grpc-default-executor-1] INFO  impl.RoleInfo (RoleInfo.java:shutdownFollowerState(121)) - 6b24a2ab-97ee-4d49-85cc-2d76c2f4b8ef: shutdown FollowerState
2019-10-16 21:55:38,476 [Thread-2268] INFO  impl.FollowerState (FollowerState.java:run(117)) - a32408a4-f19d-4bad-97c5-ba33ae94fc9a@group-569FAC3F8BCE-FollowerState was interrupted: java.lang.InterruptedException: sleep interrupted
2019-10-16 21:55:38,476 [grpc-default-executor-0] INFO  impl.RoleInfo (RoleInfo.java:updateAndGet(143)) - a32408a4-f19d-4bad-97c5-ba33ae94fc9a: start FollowerState
2019-10-16 21:55:38,476 [Thread-2269] INFO  impl.FollowerState (FollowerState.java:run(117)) - 6b24a2ab-97ee-4d49-85cc-2d76c2f4b8ef@group-569FAC3F8BCE-FollowerState was interrupted: java.lang.InterruptedException: sleep interrupted
2019-10-16 21:55:38,476 [grpc-default-executor-1] INFO  impl.RoleInfo (RoleInfo.java:updateAndGet(143)) - 6b24a2ab-97ee-4d49-85cc-2d76c2f4b8ef: start FollowerState
2019-10-16 21:55:38,526 [277b5c5e-8c6f-4c9a-a53f-1bbc96404e12@group-569FAC3F8BCE-LeaderElection324] INFO  impl.LeaderElection (LeaderElection.java:logAndReturn(56)) - 277b5c5e-8c6f-4c9a-a53f-1bbc96404e12@group-569FAC3F8BCE-LeaderElection324: Election REJECTED; received 2 response(s) [277b5c5e-8c6f-4c9a-a53f-1bbc96404e12<-6b24a2ab-97ee-4d49-85cc-2d76c2f4b8ef#0:FAIL-t333, 277b5c5e-8c6f-4c9a-a53f-1bbc96404e12<-a32408a4-f19d-4bad-97c5-ba33ae94fc9a#0:FAIL-t333] and 0 exception(s); 277b5c5e-8c6f-4c9a-a53f-1bbc96404e12@group-569FAC3F8BCE:t333, leader=null, voted=277b5c5e-8c6f-4c9a-a53f-1bbc96404e12, raftlog=277b5c5e-8c6f-4c9a-a53f-1bbc96404e12@group-569FAC3F8BCE-SegmentedRaftLog:OPENED:c-1,f-1,i0, conf=-1: [a32408a4-f19d-4bad-97c5-ba33ae94fc9a:192.168.157.254:38721, 6b24a2ab-97ee-4d49-85cc-2d76c2f4b8ef:192.168.157.254:41080, 277b5c5e-8c6f-4c9a-a53f-1bbc96404e12:192.168.157.254:41416], old=null
2019-10-16 21:55:38,527 [277b5c5e-8c6f-4c9a-a53f-1bbc96404e12@group-569FAC3F8BCE-LeaderElection324] INFO  impl.RaftServerImpl (RaftServerImpl.java:setRole(184)) - 277b5c5e-8c6f-4c9a-a53f-1bbc96404e12@group-569FAC3F8BCE: changes role from CANDIDATE to FOLLOWER at term 333 for DISCOVERED_A_NEW_TERM
2019-10-16 21:55:38,527 [277b5c5e-8c6f-4c9a-a53f-1bbc96404e12@group-569FAC3F8BCE-LeaderElection324] INFO  impl.RoleInfo (RoleInfo.java:shutdownLeaderElection(134)) - 277b5c5e-8c6f-4c9a-a53f-1bbc96404e12: shutdown LeaderElection
2019-10-16 21:55:38,527 [277b5c5e-8c6f-4c9a-a53f-1bbc96404e12@group-569FAC3F8BCE-LeaderElection324] INFO  impl.RoleInfo (RoleInfo.java:updateAndGet(143)) - 277b5c5e-8c6f-4c9a-a53f-1bbc96404e12: start FollowerState
2019-10-16 21:55:38,578 [Thread-0] INFO  ozone.MiniOzoneClusterImpl (MiniOzoneClusterImpl.java:lambda$waitForClusterToBeReady$2(164)) - Waiting for 1 number of pipelines out of 4, to report a leader.
2019-10-16 21:55:38,712 [Thread-2276] INFO  impl.FollowerState (FollowerState.java:run(108)) - 277b5c5e-8c6f-4c9a-a53f-1bbc96404e12@group-569FAC3F8BCE-FollowerState: change to CANDIDATE, lastRpcTime:185ms, electionTimeout:185ms
2019-10-16 21:55:38,713 [Thread-2276] INFO  impl.RoleInfo (RoleInfo.java:shutdownFollowerState(121)) - 277b5c5e-8c6f-4c9a-a53f-1bbc96404e12: shutdown FollowerState
2019-10-16 21:55:38,713 [Thread-2276] INFO  impl.RaftServerImpl (RaftServerImpl.java:setRole(184)) - 277b5c5e-8c6f-4c9a-a53f-1bbc96404e12@group-569FAC3F8BCE: changes role from  FOLLOWER to CANDIDATE at term 333 for changeToCandidate
2019-10-16 21:55:38,713 [Thread-2276] INFO  impl.RoleInfo (RoleInfo.java:updateAndGet(143)) - 277b5c5e-8c6f-4c9a-a53f-1bbc96404e12: start LeaderElection
2019-10-16 21:55:38,721 [277b5c5e-8c6f-4c9a-a53f-1bbc96404e12@group-569FAC3F8BCE-LeaderElection325] INFO  impl.LeaderElection (LeaderElection.java:askForVotes(178)) - 277b5c5e-8c6f-4c9a-a53f-1bbc96404e12@group-569FAC3F8BCE-LeaderElection325: begin an election at term 334 for -1: [a32408a4-f19d-4bad-97c5-ba33ae94fc9a:192.168.157.254:38721, 6b24a2ab-97ee-4d49-85cc-2d76c2f4b8ef:192.168.157.254:41080, 277b5c5e-8c6f-4c9a-a53f-1bbc96404e12:192.168.157.254:41416], old=null
2019-10-16 21:55:38,724 [grpc-default-executor-1] INFO  impl.RaftServerImpl (RaftServerImpl.java:setRole(184)) - a32408a4-f19d-4bad-97c5-ba33ae94fc9a@group-569FAC3F8BCE: changes role from  FOLLOWER to FOLLOWER at term 334 for recognizeCandidate:277b5c5e-8c6f-4c9a-a53f-1bbc96404e12
2019-10-16 21:55:38,724 [grpc-default-executor-1] INFO  impl.RoleInfo (RoleInfo.java:shutdownFollowerState(121)) - a32408a4-f19d-4bad-97c5-ba33ae94fc9a: shutdown FollowerState
2019-10-16 21:55:38,724 [grpc-default-executor-0] INFO  impl.RaftServerImpl (RaftServerImpl.java:setRole(184)) - 6b24a2ab-97ee-4d49-85cc-2d76c2f4b8ef@group-569FAC3F8BCE: changes role from  FOLLOWER to FOLLOWER at term 334 for recognizeCandidate:277b5c5e-8c6f-4c9a-a53f-1bbc96404e12
2019-10-16 21:55:38,724 [Thread-2274] INFO  impl.FollowerState (FollowerState.java:run(117)) - a32408a4-f19d-4bad-97c5-ba33ae94fc9a@group-569FAC3F8BCE-FollowerState was interrupted: java.lang.InterruptedException: sleep interrupted
2019-10-16 21:55:38,724 [grpc-default-executor-1] INFO  impl.RoleInfo (RoleInfo.java:updateAndGet(143)) - a32408a4-f19d-4bad-97c5-ba33ae94fc9a: start FollowerState
2019-10-16 21:55:38,724 [grpc-default-executor-0] INFO  impl.RoleInfo (RoleInfo.java:shutdownFollowerState(121)) - 6b24a2ab-97ee-4d49-85cc-2d76c2f4b8ef: shutdown FollowerState
2019-10-16 21:55:38,725 [grpc-default-executor-0] INFO  impl.RoleInfo (RoleInfo.java:updateAndGet(143)) - 6b24a2ab-97ee-4d49-85cc-2d76c2f4b8ef: start FollowerState
2019-10-16 21:55:38,725 [Thread-2275] INFO  impl.FollowerState (FollowerState.java:run(117)) - 6b24a2ab-97ee-4d49-85cc-2d76c2f4b8ef@group-569FAC3F8BCE-FollowerState was interrupted: java.lang.InterruptedException: sleep interrupted
2019-10-16 21:55:38,739 [277b5c5e-8c6f-4c9a-a53f-1bbc96404e12@group-569FAC3F8BCE-LeaderElection325] INFO  impl.LeaderElection (LeaderElection.java:logAndReturn(56)) - 277b5c5e-8c6f-4c9a-a53f-1bbc96404e12@group-569FAC3F8BCE-LeaderElection325: Election REJECTED; received 2 response(s) [277b5c5e-8c6f-4c9a-a53f-1bbc96404e12<-6b24a2ab-97ee-4d49-85cc-2d76c2f4b8ef#0:FAIL-t334, 277b5c5e-8c6f-4c9a-a53f-1bbc96404e12<-a32408a4-f19d-4bad-97c5-ba33ae94fc9a#0:FAIL-t334] and 0 exception(s); 277b5c5e-8c6f-4c9a-a53f-1bbc96404e12@group-569FAC3F8BCE:t334, leader=null, voted=277b5c5e-8c6f-4c9a-a53f-1bbc96404e12, raftlog=277b5c5e-8c6f-4c9a-a53f-1bbc96404e12@group-569FAC3F8BCE-SegmentedRaftLog:OPENED:c-1,f-1,i0, conf=-1: [a32408a4-f19d-4bad-97c5-ba33ae94fc9a:192.168.157.254:38721, 6b24a2ab-97ee-4d49-85cc-2d76c2f4b8ef:192.168.157.254:41080, 277b5c5e-8c6f-4c9a-a53f-1bbc96404e12:192.168.157.254:41416], old=null
2019-10-16 21:55:38,739 [277b5c5e-8c6f-4c9a-a53f-1bbc96404e12@group-569FAC3F8BCE-LeaderElection325] INFO  impl.RaftServerImpl (RaftServerImpl.java:setRole(184)) - 277b5c5e-8c6f-4c9a-a53f-1bbc96404e12@group-569FAC3F8BCE: changes role from CANDIDATE to FOLLOWER at term 334 for DISCOVERED_A_NEW_TERM
2019-10-16 21:55:38,739 [277b5c5e-8c6f-4c9a-a53f-1bbc96404e12@group-569FAC3F8BCE-LeaderElection325] INFO  impl.RoleInfo (RoleInfo.java:shutdownLeaderElection(134)) - 277b5c5e-8c6f-4c9a-a53f-1bbc96404e12: shutdown LeaderElection
2019-10-16 21:55:38,739 [277b5c5e-8c6f-4c9a-a53f-1bbc96404e12@group-569FAC3F8BCE-LeaderElection325] INFO  impl.RoleInfo (RoleInfo.java:updateAndGet(143)) - 277b5c5e-8c6f-4c9a-a53f-1bbc96404e12: start FollowerState
2019-10-16 21:55:38,805 [Thread-2282] INFO  impl.FollowerState (FollowerState.java:run(108)) - 277b5c5e-8c6f-4c9a-a53f-1bbc96404e12@group-569FAC3F8BCE-FollowerState: change to CANDIDATE, lastRpcTime:65ms, electionTimeout:65ms
2019-10-16 21:55:38,805 [Thread-2282] INFO  impl.RoleInfo (RoleInfo.java:shutdownFollowerState(121)) - 277b5c5e-8c6f-4c9a-a53f-1bbc96404e12: shutdown FollowerState
2019-10-16 21:55:38,805 [Thread-2282] INFO  impl.RaftServerImpl (RaftServerImpl.java:setRole(184)) - 277b5c5e-8c6f-4c9a-a53f-1bbc96404e12@group-569FAC3F8BCE: changes role from  FOLLOWER to CANDIDATE at term 334 for changeToCandidate
2019-10-16 21:55:38,805 [Thread-2282] INFO  impl.RoleInfo (RoleInfo.java:updateAndGet(143)) - 277b5c5e-8c6f-4c9a-a53f-1bbc96404e12: start LeaderElection
2019-10-16 21:55:38,818 [277b5c5e-8c6f-4c9a-a53f-1bbc96404e12@group-569FAC3F8BCE-LeaderElection326] INFO  impl.LeaderElection (LeaderElection.java:askForVotes(178)) - 277b5c5e-8c6f-4c9a-a53f-1bbc96404e12@group-569FAC3F8BCE-LeaderElection326: begin an election at term 335 for -1: [a32408a4-f19d-4bad-97c5-ba33ae94fc9a:192.168.157.254:38721, 6b24a2ab-97ee-4d49-85cc-2d76c2f4b8ef:192.168.157.254:41080, 277b5c5e-8c6f-4c9a-a53f-1bbc96404e12:192.168.157.254:41416], old=null
2019-10-16 21:55:38,821 [grpc-default-executor-1] INFO  impl.RaftServerImpl (RaftServerImpl.java:setRole(184)) - a32408a4-f19d-4bad-97c5-ba33ae94fc9a@group-569FAC3F8BCE: changes role from  FOLLOWER to FOLLOWER at term 335 for recognizeCandidate:277b5c5e-8c6f-4c9a-a53f-1bbc96404e12
2019-10-16 21:55:38,821 [grpc-default-executor-1] INFO  impl.RoleInfo (RoleInfo.java:shutdownFollowerState(121)) - a32408a4-f19d-4bad-97c5-ba33ae94fc9a: shutdown FollowerState
2019-10-16 21:55:38,821 [grpc-default-executor-1] INFO  impl.RoleInfo (RoleInfo.java:updateAndGet(143)) - a32408a4-f19d-4bad-97c5-ba33ae94fc9a: start FollowerState
2019-10-16 21:55:38,821 [Thread-2280] INFO  impl.FollowerState (FollowerState.java:run(117)) - a32408a4-f19d-4bad-97c5-ba33ae94fc9a@group-569FAC3F8BCE-FollowerState was interrupted: java.lang.InterruptedException: sleep interrupted
2019-10-16 21:55:38,821 [grpc-default-executor-0] INFO  impl.RaftServerImpl (RaftServerImpl.java:setRole(184)) - 6b24a2ab-97ee-4d49-85cc-2d76c2f4b8ef@group-569FAC3F8BCE: changes role from  FOLLOWER to FOLLOWER at term 335 for recognizeCandidate:277b5c5e-8c6f-4c9a-a53f-1bbc96404e12
2019-10-16 21:55:38,822 [grpc-default-executor-0] INFO  impl.RoleInfo (RoleInfo.java:shutdownFollowerState(121)) - 6b24a2ab-97ee-4d49-85cc-2d76c2f4b8ef: shutdown FollowerState
2019-10-16 21:55:38,822 [grpc-default-executor-0] INFO  impl.RoleInfo (RoleInfo.java:updateAndGet(143)) - 6b24a2ab-97ee-4d49-85cc-2d76c2f4b8ef: start FollowerState
2019-10-16 21:55:38,822 [Thread-2281] INFO  impl.FollowerState (FollowerState.java:run(117)) - 6b24a2ab-97ee-4d49-85cc-2d76c2f4b8ef@group-569FAC3F8BCE-FollowerState was interrupted: java.lang.InterruptedException: sleep interrupted
2019-10-16 21:55:38,848 [277b5c5e-8c6f-4c9a-a53f-1bbc96404e12@group-569FAC3F8BCE-LeaderElection326] INFO  impl.LeaderElection (LeaderElection.java:logAndReturn(56)) - 277b5c5e-8c6f-4c9a-a53f-1bbc96404e12@group-569FAC3F8BCE-LeaderElection326: Election REJECTED; received 2 response(s) [277b5c5e-8c6f-4c9a-a53f-1bbc96404e12<-6b24a2ab-97ee-4d49-85cc-2d76c2f4b8ef#0:FAIL-t335, 277b5c5e-8c6f-4c9a-a53f-1bbc96404e12<-a32408a4-f19d-4bad-97c5-ba33ae94fc9a#0:FAIL-t335] and 0 exception(s); 277b5c5e-8c6f-4c9a-a53f-1bbc96404e12@group-569FAC3F8BCE:t335, leader=null, voted=277b5c5e-8c6f-4c9a-a53f-1bbc96404e12, raftlog=277b5c5e-8c6f-4c9a-a53f-1bbc96404e12@group-569FAC3F8BCE-SegmentedRaftLog:OPENED:c-1,f-1,i0, conf=-1: [a32408a4-f19d-4bad-97c5-ba33ae94fc9a:192.168.157.254:38721, 6b24a2ab-97ee-4d49-85cc-2d76c2f4b8ef:192.168.157.254:41080, 277b5c5e-8c6f-4c9a-a53f-1bbc96404e12:192.168.157.254:41416], old=null
2019-10-16 21:55:38,848 [277b5c5e-8c6f-4c9a-a53f-1bbc96404e12@group-569FAC3F8BCE-LeaderElection326] INFO  impl.RaftServerImpl (RaftServerImpl.java:setRole(184)) - 277b5c5e-8c6f-4c9a-a53f-1bbc96404e12@group-569FAC3F8BCE: changes role from CANDIDATE to FOLLOWER at term 335 for DISCOVERED_A_NEW_TERM
2019-10-16 21:55:38,848 [277b5c5e-8c6f-4c9a-a53f-1bbc96404e12@group-569FAC3F8BCE-LeaderElection326] INFO  impl.RoleInfo (RoleInfo.java:shutdownLeaderElection(134)) - 277b5c5e-8c6f-4c9a-a53f-1bbc96404e12: shutdown LeaderElection
2019-10-16 21:55:38,848 [277b5c5e-8c6f-4c9a-a53f-1bbc96404e12@group-569FAC3F8BCE-LeaderElection326] INFO  impl.RoleInfo (RoleInfo.java:updateAndGet(143)) - 277b5c5e-8c6f-4c9a-a53f-1bbc96404e12: start FollowerState
2019-10-16 21:55:39,039 [Thread-2288] INFO  impl.FollowerState (FollowerState.java:run(108)) - 277b5c5e-8c6f-4c9a-a53f-1bbc96404e12@group-569FAC3F8BCE-FollowerState: change to CANDIDATE, lastRpcTime:190ms, electionTimeout:190ms
2019-10-16 21:55:39,039 [Thread-2288] INFO  impl.RoleInfo (RoleInfo.java:shutdownFollowerState(121)) - 277b5c5e-8c6f-4c9a-a53f-1bbc96404e12: shutdown FollowerState
2019-10-16 21:55:39,039 [Thread-2288] INFO  impl.RaftServerImpl (RaftServerImpl.java:setRole(184)) - 277b5c5e-8c6f-4c9a-a53f-1bbc96404e12@group-569FAC3F8BCE: changes role from  FOLLOWER to CANDIDATE at term 335 for changeToCandidate
2019-10-16 21:55:39,040 [Thread-2288] INFO  impl.RoleInfo (RoleInfo.java:updateAndGet(143)) - 277b5c5e-8c6f-4c9a-a53f-1bbc96404e12: start LeaderElection
2019-10-16 21:55:39,066 [277b5c5e-8c6f-4c9a-a53f-1bbc96404e12@group-569FAC3F8BCE-LeaderElection327] INFO  impl.LeaderElection (LeaderElection.java:askForVotes(178)) - 277b5c5e-8c6f-4c9a-a53f-1bbc96404e12@group-569FAC3F8BCE-LeaderElection327: begin an election at term 336 for -1: [a32408a4-f19d-4bad-97c5-ba33ae94fc9a:192.168.157.254:38721, 6b24a2ab-97ee-4d49-85cc-2d76c2f4b8ef:192.168.157.254:41080, 277b5c5e-8c6f-4c9a-a53f-1bbc96404e12:192.168.157.254:41416], old=null
2019-10-16 21:55:39,069 [grpc-default-executor-0] INFO  impl.RaftServerImpl (RaftServerImpl.java:setRole(184)) - a32408a4-f19d-4bad-97c5-ba33ae94fc9a@group-569FAC3F8BCE: changes role from  FOLLOWER to FOLLOWER at term 336 for recognizeCandidate:277b5c5e-8c6f-4c9a-a53f-1bbc96404e12
2019-10-16 21:55:39,069 [grpc-default-executor-0] INFO  impl.RoleInfo (RoleInfo.java:shutdownFollowerState(121)) - a32408a4-f19d-4bad-97c5-ba33ae94fc9a: shutdown FollowerState
2019-10-16 21:55:39,069 [grpc-default-executor-0] INFO  impl.RoleInfo (RoleInfo.java:updateAndGet(143)) - a32408a4-f19d-4bad-97c5-ba33ae94fc9a: start FollowerState
2019-10-16 21:55:39,069 [Thread-2286] INFO  impl.FollowerState (FollowerState.java:run(117)) - a32408a4-f19d-4bad-97c5-ba33ae94fc9a@group-569FAC3F8BCE-FollowerState was interrupted: java.lang.InterruptedException: sleep interrupted
2019-10-16 21:55:39,069 [grpc-default-executor-1] INFO  impl.RaftServerImpl (RaftServerImpl.java:setRole(184)) - 6b24a2ab-97ee-4d49-85cc-2d76c2f4b8ef@group-569FAC3F8BCE: changes role from  FOLLOWER to FOLLOWER at term 336 for recognizeCandidate:277b5c5e-8c6f-4c9a-a53f-1bbc96404e12
2019-10-16 21:55:39,070 [grpc-default-executor-1] INFO  impl.RoleInfo (RoleInfo.java:shutdownFollowerState(121)) - 6b24a2ab-97ee-4d49-85cc-2d76c2f4b8ef: shutdown FollowerState
2019-10-16 21:55:39,070 [grpc-default-executor-1] INFO  impl.RoleInfo (RoleInfo.java:updateAndGet(143)) - 6b24a2ab-97ee-4d49-85cc-2d76c2f4b8ef: start FollowerState
2019-10-16 21:55:39,070 [Thread-2287] INFO  impl.FollowerState (FollowerState.java:run(117)) - 6b24a2ab-97ee-4d49-85cc-2d76c2f4b8ef@group-569FAC3F8BCE-FollowerState was interrupted: java.lang.InterruptedException: sleep interrupted
2019-10-16 21:55:39,096 [277b5c5e-8c6f-4c9a-a53f-1bbc96404e12@group-569FAC3F8BCE-LeaderElection327] INFO  impl.LeaderElection (LeaderElection.java:logAndReturn(56)) - 277b5c5e-8c6f-4c9a-a53f-1bbc96404e12@group-569FAC3F8BCE-LeaderElection327: Election REJECTED; received 2 response(s) [277b5c5e-8c6f-4c9a-a53f-1bbc96404e12<-6b24a2ab-97ee-4d49-85cc-2d76c2f4b8ef#0:FAIL-t336, 277b5c5e-8c6f-4c9a-a53f-1bbc96404e12<-a32408a4-f19d-4bad-97c5-ba33ae94fc9a#0:FAIL-t336] and 0 exception(s); 277b5c5e-8c6f-4c9a-a53f-1bbc96404e12@group-569FAC3F8BCE:t336, leader=null, voted=277b5c5e-8c6f-4c9a-a53f-1bbc96404e12, raftlog=277b5c5e-8c6f-4c9a-a53f-1bbc96404e12@group-569FAC3F8BCE-SegmentedRaftLog:OPENED:c-1,f-1,i0, conf=-1: [a32408a4-f19d-4bad-97c5-ba33ae94fc9a:192.168.157.254:38721, 6b24a2ab-97ee-4d49-85cc-2d76c2f4b8ef:192.168.157.254:41080, 277b5c5e-8c6f-4c9a-a53f-1bbc96404e12:192.168.157.254:41416], old=null
2019-10-16 21:55:39,096 [277b5c5e-8c6f-4c9a-a53f-1bbc96404e12@group-569FAC3F8BCE-LeaderElection327] INFO  impl.RaftServerImpl (RaftServerImpl.java:setRole(184)) - 277b5c5e-8c6f-4c9a-a53f-1bbc96404e12@group-569FAC3F8BCE: changes role from CANDIDATE to FOLLOWER at term 336 for DISCOVERED_A_NEW_TERM
2019-10-16 21:55:39,096 [277b5c5e-8c6f-4c9a-a53f-1bbc96404e12@group-569FAC3F8BCE-LeaderElection327] INFO  impl.RoleInfo (RoleInfo.java:shutdownLeaderElection(134)) - 277b5c5e-8c6f-4c9a-a53f-1bbc96404e12: shutdown LeaderElection
2019-10-16 21:55:39,096 [277b5c5e-8c6f-4c9a-a53f-1bbc96404e12@group-569FAC3F8BCE-LeaderElection327] INFO  impl.RoleInfo (RoleInfo.java:updateAndGet(143)) - 277b5c5e-8c6f-4c9a-a53f-1bbc96404e12: start FollowerState
2019-10-16 21:55:39,254 [Thread-2294] INFO  impl.FollowerState (FollowerState.java:run(108)) - 277b5c5e-8c6f-4c9a-a53f-1bbc96404e12@group-569FAC3F8BCE-FollowerState: change to CANDIDATE, lastRpcTime:158ms, electionTimeout:158ms
2019-10-16 21:55:39,255 [Thread-2294] INFO  impl.RoleInfo (RoleInfo.java:shutdownFollowerState(121)) - 277b5c5e-8c6f-4c9a-a53f-1bbc96404e12: shutdown FollowerState
2019-10-16 21:55:39,255 [Thread-2294] INFO  impl.RaftServerImpl (RaftServerImpl.java:setRole(184)) - 277b5c5e-8c6f-4c9a-a53f-1bbc96404e12@group-569FAC3F8BCE: changes role from  FOLLOWER to CANDIDATE at term 336 for changeToCandidate
2019-10-16 21:55:39,255 [Thread-2294] INFO  impl.RoleInfo (RoleInfo.java:updateAndGet(143)) - 277b5c5e-8c6f-4c9a-a53f-1bbc96404e12: start LeaderElection
2019-10-16 21:55:39,270 [277b5c5e-8c6f-4c9a-a53f-1bbc96404e12@group-569FAC3F8BCE-LeaderElection328] INFO  impl.LeaderElection (LeaderElection.java:askForVotes(178)) - 277b5c5e-8c6f-4c9a-a53f-1bbc96404e12@group-569FAC3F8BCE-LeaderElection328: begin an election at term 337 for -1: [a32408a4-f19d-4bad-97c5-ba33ae94fc9a:192.168.157.254:38721, 6b24a2ab-97ee-4d49-85cc-2d76c2f4b8ef:192.168.157.254:41080, 277b5c5e-8c6f-4c9a-a53f-1bbc96404e12:192.168.157.254:41416], old=null
2019-10-16 21:55:39,273 [grpc-default-executor-0] INFO  impl.RaftServerImpl (RaftServerImpl.java:setRole(184)) - a32408a4-f19d-4bad-97c5-ba33ae94fc9a@group-569FAC3F8BCE: changes role from  FOLLOWER to FOLLOWER at term 337 for recognizeCandidate:277b5c5e-8c6f-4c9a-a53f-1bbc96404e12
2019-10-16 21:55:39,273 [grpc-default-executor-0] INFO  impl.RoleInfo (RoleInfo.java:shutdownFollowerState(121)) - a32408a4-f19d-4bad-97c5-ba33ae94fc9a: shutdown FollowerState
2019-10-16 21:55:39,274 [grpc-default-executor-1] INFO  impl.RaftServerImpl (RaftServerImpl.java:setRole(184)) - 6b24a2ab-97ee-4d49-85cc-2d76c2f4b8ef@group-569FAC3F8BCE: changes role from  FOLLOWER to FOLLOWER at term 337 for recognizeCandidate:277b5c5e-8c6f-4c9a-a53f-1bbc96404e12
2019-10-16 21:55:39,274 [Thread-2292] INFO  impl.FollowerState (FollowerState.java:run(117)) - a32408a4-f19d-4bad-97c5-ba33ae94fc9a@group-569FAC3F8BCE-FollowerState was interrupted: java.lang.InterruptedException: sleep interrupted
2019-10-16 21:55:39,274 [grpc-default-executor-0] INFO  impl.RoleInfo (RoleInfo.java:updateAndGet(143)) - a32408a4-f19d-4bad-97c5-ba33ae94fc9a: start FollowerState
2019-10-16 21:55:39,274 [grpc-default-executor-1] INFO  impl.RoleInfo (RoleInfo.java:shutdownFollowerState(121)) - 6b24a2ab-97ee-4d49-85cc-2d76c2f4b8ef: shutdown FollowerState
2019-10-16 21:55:39,274 [grpc-default-executor-1] INFO  impl.RoleInfo (RoleInfo.java:updateAndGet(143)) - 6b24a2ab-97ee-4d49-85cc-2d76c2f4b8ef: start FollowerState
2019-10-16 21:55:39,274 [Thread-2293] INFO  impl.FollowerState (FollowerState.java:run(117)) - 6b24a2ab-97ee-4d49-85cc-2d76c2f4b8ef@group-569FAC3F8BCE-FollowerState was interrupted: java.lang.InterruptedException: sleep interrupted
2019-10-16 21:55:39,299 [277b5c5e-8c6f-4c9a-a53f-1bbc96404e12@group-569FAC3F8BCE-LeaderElection328] INFO  impl.LeaderElection (LeaderElection.java:logAndReturn(56)) - 277b5c5e-8c6f-4c9a-a53f-1bbc96404e12@group-569FAC3F8BCE-LeaderElection328: Election REJECTED; received 2 response(s) [277b5c5e-8c6f-4c9a-a53f-1bbc96404e12<-a32408a4-f19d-4bad-97c5-ba33ae94fc9a#0:FAIL-t337, 277b5c5e-8c6f-4c9a-a53f-1bbc96404e12<-6b24a2ab-97ee-4d49-85cc-2d76c2f4b8ef#0:FAIL-t337] and 0 exception(s); 277b5c5e-8c6f-4c9a-a53f-1bbc96404e12@group-569FAC3F8BCE:t337, leader=null, voted=277b5c5e-8c6f-4c9a-a53f-1bbc96404e12, raftlog=277b5c5e-8c6f-4c9a-a53f-1bbc96404e12@group-569FAC3F8BCE-SegmentedRaftLog:OPENED:c-1,f-1,i0, conf=-1: [a32408a4-f19d-4bad-97c5-ba33ae94fc9a:192.168.157.254:38721, 6b24a2ab-97ee-4d49-85cc-2d76c2f4b8ef:192.168.157.254:41080, 277b5c5e-8c6f-4c9a-a53f-1bbc96404e12:192.168.157.254:41416], old=null
2019-10-16 21:55:39,300 [277b5c5e-8c6f-4c9a-a53f-1bbc96404e12@group-569FAC3F8BCE-LeaderElection328] INFO  impl.RaftServerImpl (RaftServerImpl.java:setRole(184)) - 277b5c5e-8c6f-4c9a-a53f-1bbc96404e12@group-569FAC3F8BCE: changes role from CANDIDATE to FOLLOWER at term 337 for DISCOVERED_A_NEW_TERM
2019-10-16 21:55:39,300 [277b5c5e-8c6f-4c9a-a53f-1bbc96404e12@group-569FAC3F8BCE-LeaderElection328] INFO  impl.RoleInfo (RoleInfo.java:shutdownLeaderElection(134)) - 277b5c5e-8c6f-4c9a-a53f-1bbc96404e12: shutdown LeaderElection
2019-10-16 21:55:39,300 [277b5c5e-8c6f-4c9a-a53f-1bbc96404e12@group-569FAC3F8BCE-LeaderElection328] INFO  impl.RoleInfo (RoleInfo.java:updateAndGet(143)) - 277b5c5e-8c6f-4c9a-a53f-1bbc96404e12: start FollowerState
2019-10-16 21:55:39,325 [Thread-2300] INFO  impl.FollowerState (FollowerState.java:run(108)) - 277b5c5e-8c6f-4c9a-a53f-1bbc96404e12@group-569FAC3F8BCE-FollowerState: change to CANDIDATE, lastRpcTime:25ms, electionTimeout:25ms
2019-10-16 21:55:39,325 [Thread-2300] INFO  impl.RoleInfo (RoleInfo.java:shutdownFollowerState(121)) - 277b5c5e-8c6f-4c9a-a53f-1bbc96404e12: shutdown FollowerState
2019-10-16 21:55:39,326 [Thread-2300] INFO  impl.RaftServerImpl (RaftServerImpl.java:setRole(184)) - 277b5c5e-8c6f-4c9a-a53f-1bbc96404e12@group-569FAC3F8BCE: changes role from  FOLLOWER to CANDIDATE at term 337 for changeToCandidate
2019-10-16 21:55:39,326 [Thread-2300] INFO  impl.RoleInfo (RoleInfo.java:updateAndGet(143)) - 277b5c5e-8c6f-4c9a-a53f-1bbc96404e12: start LeaderElection
2019-10-16 21:55:39,340 [277b5c5e-8c6f-4c9a-a53f-1bbc96404e12@group-569FAC3F8BCE-LeaderElection329] INFO  impl.LeaderElection (LeaderElection.java:askForVotes(178)) - 277b5c5e-8c6f-4c9a-a53f-1bbc96404e12@group-569FAC3F8BCE-LeaderElection329: begin an election at term 338 for -1: [a32408a4-f19d-4bad-97c5-ba33ae94fc9a:192.168.157.254:38721, 6b24a2ab-97ee-4d49-85cc-2d76c2f4b8ef:192.168.157.254:41080, 277b5c5e-8c6f-4c9a-a53f-1bbc96404e12:192.168.157.254:41416], old=null
2019-10-16 21:55:39,342 [grpc-default-executor-0] INFO  impl.RaftServerImpl (RaftServerImpl.java:setRole(184)) - a32408a4-f19d-4bad-97c5-ba33ae94fc9a@group-569FAC3F8BCE: changes role from  FOLLOWER to FOLLOWER at term 338 for recognizeCandidate:277b5c5e-8c6f-4c9a-a53f-1bbc96404e12
2019-10-16 21:55:39,342 [grpc-default-executor-1] INFO  impl.RaftServerImpl (RaftServerImpl.java:setRole(184)) - 6b24a2ab-97ee-4d49-85cc-2d76c2f4b8ef@group-569FAC3F8BCE: changes role from  FOLLOWER to FOLLOWER at term 338 for recognizeCandidate:277b5c5e-8c6f-4c9a-a53f-1bbc96404e12
2019-10-16 21:55:39,342 [grpc-default-executor-0] INFO  impl.RoleInfo (RoleInfo.java:shutdownFollowerState(121)) - a32408a4-f19d-4bad-97c5-ba33ae94fc9a: shutdown FollowerState
2019-10-16 21:55:39,342 [grpc-default-executor-1] INFO  impl.RoleInfo (RoleInfo.java:shutdownFollowerState(121)) - 6b24a2ab-97ee-4d49-85cc-2d76c2f4b8ef: shutdown FollowerState
2019-10-16 21:55:39,342 [grpc-default-executor-0] INFO  impl.RoleInfo (RoleInfo.java:updateAndGet(143)) - a32408a4-f19d-4bad-97c5-ba33ae94fc9a: start FollowerState
2019-10-16 21:55:39,342 [Thread-2298] INFO  impl.FollowerState (FollowerState.java:run(117)) - a32408a4-f19d-4bad-97c5-ba33ae94fc9a@group-569FAC3F8BCE-FollowerState was interrupted: java.lang.InterruptedException: sleep interrupted
2019-10-16 21:55:39,342 [Thread-2299] INFO  impl.FollowerState (FollowerState.java:run(117)) - 6b24a2ab-97ee-4d49-85cc-2d76c2f4b8ef@group-569FAC3F8BCE-FollowerState was interrupted: java.lang.InterruptedException: sleep interrupted
2019-10-16 21:55:39,342 [grpc-default-executor-1] INFO  impl.RoleInfo (RoleInfo.java:updateAndGet(143)) - 6b24a2ab-97ee-4d49-85cc-2d76c2f4b8ef: start FollowerState
2019-10-16 21:55:39,355 [277b5c5e-8c6f-4c9a-a53f-1bbc96404e12@group-569FAC3F8BCE-LeaderElection329] INFO  impl.LeaderElection (LeaderElection.java:logAndReturn(56)) - 277b5c5e-8c6f-4c9a-a53f-1bbc96404e12@group-569FAC3F8BCE-LeaderElection329: Election TIMEOUT; received 0 response(s) [] and 0 exception(s); 277b5c5e-8c6f-4c9a-a53f-1bbc96404e12@group-569FAC3F8BCE:t338, leader=null, voted=277b5c5e-8c6f-4c9a-a53f-1bbc96404e12, raftlog=277b5c5e-8c6f-4c9a-a53f-1bbc96404e12@group-569FAC3F8BCE-SegmentedRaftLog:OPENED:c-1,f-1,i0, conf=-1: [a32408a4-f19d-4bad-97c5-ba33ae94fc9a:192.168.157.254:38721, 6b24a2ab-97ee-4d49-85cc-2d76c2f4b8ef:192.168.157.254:41080, 277b5c5e-8c6f-4c9a-a53f-1bbc96404e12:192.168.157.254:41416], old=null
2019-10-16 21:55:39,372 [277b5c5e-8c6f-4c9a-a53f-1bbc96404e12@group-569FAC3F8BCE-LeaderElection329] INFO  impl.LeaderElection (LeaderElection.java:askForVotes(178)) - 277b5c5e-8c6f-4c9a-a53f-1bbc96404e12@group-569FAC3F8BCE-LeaderElection329: begin an election at term 339 for -1: [a32408a4-f19d-4bad-97c5-ba33ae94fc9a:192.168.157.254:38721, 6b24a2ab-97ee-4d49-85cc-2d76c2f4b8ef:192.168.157.254:41080, 277b5c5e-8c6f-4c9a-a53f-1bbc96404e12:192.168.157.254:41416], old=null
2019-10-16 21:55:39,374 [grpc-default-executor-0] INFO  impl.RaftServerImpl (RaftServerImpl.java:setRole(184)) - a32408a4-f19d-4bad-97c5-ba33ae94fc9a@group-569FAC3F8BCE: changes role from  FOLLOWER to FOLLOWER at term 339 for recognizeCandidate:277b5c5e-8c6f-4c9a-a53f-1bbc96404e12
2019-10-16 21:55:39,374 [grpc-default-executor-1] INFO  impl.RaftServerImpl (RaftServerImpl.java:setRole(184)) - 6b24a2ab-97ee-4d49-85cc-2d76c2f4b8ef@group-569FAC3F8BCE: changes role from  FOLLOWER to FOLLOWER at term 339 for recognizeCandidate:277b5c5e-8c6f-4c9a-a53f-1bbc96404e12
2019-10-16 21:55:39,374 [grpc-default-executor-0] INFO  impl.RoleInfo (RoleInfo.java:shutdownFollowerState(121)) - a32408a4-f19d-4bad-97c5-ba33ae94fc9a: shutdown FollowerState
2019-10-16 21:55:39,374 [grpc-default-executor-1] INFO  impl.RoleInfo (RoleInfo.java:shutdownFollowerState(121)) - 6b24a2ab-97ee-4d49-85cc-2d76c2f4b8ef: shutdown FollowerState
2019-10-16 21:55:39,374 [Thread-2304] INFO  impl.FollowerState (FollowerState.java:run(117)) - a32408a4-f19d-4bad-97c5-ba33ae94fc9a@group-569FAC3F8BCE-FollowerState was interrupted: java.lang.InterruptedException: sleep interrupted
2019-10-16 21:55:39,374 [Thread-2305] INFO  impl.FollowerState (FollowerState.java:run(117)) - 6b24a2ab-97ee-4d49-85cc-2d76c2f4b8ef@group-569FAC3F8BCE-FollowerState was interrupted: java.lang.InterruptedException: sleep interrupted
2019-10-16 21:55:39,374 [grpc-default-executor-0] INFO  impl.RoleInfo (RoleInfo.java:updateAndGet(143)) - a32408a4-f19d-4bad-97c5-ba33ae94fc9a: start FollowerState
2019-10-16 21:55:39,374 [grpc-default-executor-1] INFO  impl.RoleInfo (RoleInfo.java:updateAndGet(143)) - 6b24a2ab-97ee-4d49-85cc-2d76c2f4b8ef: start FollowerState
2019-10-16 21:55:39,382 [277b5c5e-8c6f-4c9a-a53f-1bbc96404e12@group-569FAC3F8BCE-LeaderElection329] INFO  impl.LeaderElection (LeaderElection.java:logAndReturn(56)) - 277b5c5e-8c6f-4c9a-a53f-1bbc96404e12@group-569FAC3F8BCE-LeaderElection329: Election REJECTED; received 2 response(s) [277b5c5e-8c6f-4c9a-a53f-1bbc96404e12<-6b24a2ab-97ee-4d49-85cc-2d76c2f4b8ef#0:FAIL-t339, 277b5c5e-8c6f-4c9a-a53f-1bbc96404e12<-a32408a4-f19d-4bad-97c5-ba33ae94fc9a#0:FAIL-t339] and 0 exception(s); 277b5c5e-8c6f-4c9a-a53f-1bbc96404e12@group-569FAC3F8BCE:t339, leader=null, voted=277b5c5e-8c6f-4c9a-a53f-1bbc96404e12, raftlog=277b5c5e-8c6f-4c9a-a53f-1bbc96404e12@group-569FAC3F8BCE-SegmentedRaftLog:OPENED:c-1,f-1,i0, conf=-1: [a32408a4-f19d-4bad-97c5-ba33ae94fc9a:192.168.157.254:38721, 6b24a2ab-97ee-4d49-85cc-2d76c2f4b8ef:192.168.157.254:41080, 277b5c5e-8c6f-4c9a-a53f-1bbc96404e12:192.168.157.254:41416], old=null
2019-10-16 21:55:39,382 [277b5c5e-8c6f-4c9a-a53f-1bbc96404e12@group-569FAC3F8BCE-LeaderElection329] INFO  impl.RaftServerImpl (RaftServerImpl.java:setRole(184)) - 277b5c5e-8c6f-4c9a-a53f-1bbc96404e12@group-569FAC3F8BCE: changes role from CANDIDATE to FOLLOWER at term 339 for DISCOVERED_A_NEW_TERM
2019-10-16 21:55:39,383 [277b5c5e-8c6f-4c9a-a53f-1bbc96404e12@group-569FAC3F8BCE-LeaderElection329] INFO  impl.RoleInfo (RoleInfo.java:shutdownLeaderElection(134)) - 277b5c5e-8c6f-4c9a-a53f-1bbc96404e12: shutdown LeaderElection
2019-10-16 21:55:39,383 [277b5c5e-8c6f-4c9a-a53f-1bbc96404e12@group-569FAC3F8BCE-LeaderElection329] INFO  impl.RoleInfo (RoleInfo.java:updateAndGet(143)) - 277b5c5e-8c6f-4c9a-a53f-1bbc96404e12: start FollowerState
2019-10-16 21:55:39,554 [Thread-2310] INFO  impl.FollowerState (FollowerState.java:run(108)) - 277b5c5e-8c6f-4c9a-a53f-1bbc96404e12@group-569FAC3F8BCE-FollowerState: change to CANDIDATE, lastRpcTime:171ms, electionTimeout:171ms
2019-10-16 21:55:39,554 [Thread-2310] INFO  impl.RoleInfo (RoleInfo.java:shutdownFollowerState(121)) - 277b5c5e-8c6f-4c9a-a53f-1bbc96404e12: shutdown FollowerState
2019-10-16 21:55:39,554 [Thread-2310] INFO  impl.RaftServerImpl (RaftServerImpl.java:setRole(184)) - 277b5c5e-8c6f-4c9a-a53f-1bbc96404e12@group-569FAC3F8BCE: changes role from  FOLLOWER to CANDIDATE at term 339 for changeToCandidate
2019-10-16 21:55:39,554 [Thread-2310] INFO  impl.RoleInfo (RoleInfo.java:updateAndGet(143)) - 277b5c5e-8c6f-4c9a-a53f-1bbc96404e12: start LeaderElection
2019-10-16 21:55:39,578 [Thread-0] INFO  ozone.MiniOzoneClusterImpl (MiniOzoneClusterImpl.java:lambda$waitForClusterToBeReady$2(164)) - Waiting for 1 number of pipelines out of 4, to report a leader.
2019-10-16 21:55:39,620 [277b5c5e-8c6f-4c9a-a53f-1bbc96404e12@group-569FAC3F8BCE-LeaderElection330] INFO  impl.LeaderElection (LeaderElection.java:askForVotes(178)) - 277b5c5e-8c6f-4c9a-a53f-1bbc96404e12@group-569FAC3F8BCE-LeaderElection330: begin an election at term 340 for -1: [a32408a4-f19d-4bad-97c5-ba33ae94fc9a:192.168.157.254:38721, 6b24a2ab-97ee-4d49-85cc-2d76c2f4b8ef:192.168.157.254:41080, 277b5c5e-8c6f-4c9a-a53f-1bbc96404e12:192.168.157.254:41416], old=null
2019-10-16 21:55:39,623 [grpc-default-executor-0] INFO  impl.RaftServerImpl (RaftServerImpl.java:setRole(184)) - a32408a4-f19d-4bad-97c5-ba33ae94fc9a@group-569FAC3F8BCE: changes role from  FOLLOWER to FOLLOWER at term 340 for recognizeCandidate:277b5c5e-8c6f-4c9a-a53f-1bbc96404e12
2019-10-16 21:55:39,623 [grpc-default-executor-0] INFO  impl.RoleInfo (RoleInfo.java:shutdownFollowerState(121)) - a32408a4-f19d-4bad-97c5-ba33ae94fc9a: shutdown FollowerState
2019-10-16 21:55:39,623 [grpc-default-executor-0] INFO  impl.RoleInfo (RoleInfo.java:updateAndGet(143)) - a32408a4-f19d-4bad-97c5-ba33ae94fc9a: start FollowerState
2019-10-16 21:55:39,623 [Thread-2308] INFO  impl.FollowerState (FollowerState.java:run(117)) - a32408a4-f19d-4bad-97c5-ba33ae94fc9a@group-569FAC3F8BCE-FollowerState was interrupted: java.lang.InterruptedException: sleep interrupted
2019-10-16 21:55:39,623 [grpc-default-executor-1] INFO  impl.RaftServerImpl (RaftServerImpl.java:setRole(184)) - 6b24a2ab-97ee-4d49-85cc-2d76c2f4b8ef@group-569FAC3F8BCE: changes role from  FOLLOWER to FOLLOWER at term 340 for recognizeCandidate:277b5c5e-8c6f-4c9a-a53f-1bbc96404e12
2019-10-16 21:55:39,624 [grpc-default-executor-1] INFO  impl.RoleInfo (RoleInfo.java:shutdownFollowerState(121)) - 6b24a2ab-97ee-4d49-85cc-2d76c2f4b8ef: shutdown FollowerState
2019-10-16 21:55:39,624 [grpc-default-executor-1] INFO  impl.RoleInfo (RoleInfo.java:updateAndGet(143)) - 6b24a2ab-97ee-4d49-85cc-2d76c2f4b8ef: start FollowerState
2019-10-16 21:55:39,624 [Thread-2309] INFO  impl.FollowerState (FollowerState.java:run(117)) - 6b24a2ab-97ee-4d49-85cc-2d76c2f4b8ef@group-569FAC3F8BCE-FollowerState was interrupted: java.lang.InterruptedException: sleep interrupted
2019-10-16 21:55:39,632 [277b5c5e-8c6f-4c9a-a53f-1bbc96404e12@group-569FAC3F8BCE-LeaderElection330] INFO  impl.LeaderElection (LeaderElection.java:logAndReturn(56)) - 277b5c5e-8c6f-4c9a-a53f-1bbc96404e12@group-569FAC3F8BCE-LeaderElection330: Election REJECTED; received 2 response(s) [277b5c5e-8c6f-4c9a-a53f-1bbc96404e12<-a32408a4-f19d-4bad-97c5-ba33ae94fc9a#0:FAIL-t340, 277b5c5e-8c6f-4c9a-a53f-1bbc96404e12<-6b24a2ab-97ee-4d49-85cc-2d76c2f4b8ef#0:FAIL-t340] and 0 exception(s); 277b5c5e-8c6f-4c9a-a53f-1bbc96404e12@group-569FAC3F8BCE:t340, leader=null, voted=277b5c5e-8c6f-4c9a-a53f-1bbc96404e12, raftlog=277b5c5e-8c6f-4c9a-a53f-1bbc96404e12@group-569FAC3F8BCE-SegmentedRaftLog:OPENED:c-1,f-1,i0, conf=-1: [a32408a4-f19d-4bad-97c5-ba33ae94fc9a:192.168.157.254:38721, 6b24a2ab-97ee-4d49-85cc-2d76c2f4b8ef:192.168.157.254:41080, 277b5c5e-8c6f-4c9a-a53f-1bbc96404e12:192.168.157.254:41416], old=null
2019-10-16 21:55:39,633 [277b5c5e-8c6f-4c9a-a53f-1bbc96404e12@group-569FAC3F8BCE-LeaderElection330] INFO  impl.RaftServerImpl (RaftServerImpl.java:setRole(184)) - 277b5c5e-8c6f-4c9a-a53f-1bbc96404e12@group-569FAC3F8BCE: changes role from CANDIDATE to FOLLOWER at term 340 for DISCOVERED_A_NEW_TERM
2019-10-16 21:55:39,633 [277b5c5e-8c6f-4c9a-a53f-1bbc96404e12@group-569FAC3F8BCE-LeaderElection330] INFO  impl.RoleInfo (RoleInfo.java:shutdownLeaderElection(134)) - 277b5c5e-8c6f-4c9a-a53f-1bbc96404e12: shutdown LeaderElection
2019-10-16 21:55:39,633 [277b5c5e-8c6f-4c9a-a53f-1bbc96404e12@group-569FAC3F8BCE-LeaderElection330] INFO  impl.RoleInfo (RoleInfo.java:updateAndGet(143)) - 277b5c5e-8c6f-4c9a-a53f-1bbc96404e12: start FollowerState
2019-10-16 21:55:39,676 [Thread-2316] INFO  impl.FollowerState (FollowerState.java:run(108)) - 277b5c5e-8c6f-4c9a-a53f-1bbc96404e12@group-569FAC3F8BCE-FollowerState: change to CANDIDATE, lastRpcTime:43ms, electionTimeout:43ms
2019-10-16 21:55:39,676 [Thread-2316] INFO  impl.RoleInfo (RoleInfo.java:shutdownFollowerState(121)) - 277b5c5e-8c6f-4c9a-a53f-1bbc96404e12: shutdown FollowerState
2019-10-16 21:55:39,677 [Thread-2316] INFO  impl.RaftServerImpl (RaftServerImpl.java:setRole(184)) - 277b5c5e-8c6f-4c9a-a53f-1bbc96404e12@group-569FAC3F8BCE: changes role from  FOLLOWER to CANDIDATE at term 340 for changeToCandidate
2019-10-16 21:55:39,677 [Thread-2316] INFO  impl.RoleInfo (RoleInfo.java:updateAndGet(143)) - 277b5c5e-8c6f-4c9a-a53f-1bbc96404e12: start LeaderElection
2019-10-16 21:55:39,723 [277b5c5e-8c6f-4c9a-a53f-1bbc96404e12@group-569FAC3F8BCE-LeaderElection331] INFO  impl.LeaderElection (LeaderElection.java:askForVotes(178)) - 277b5c5e-8c6f-4c9a-a53f-1bbc96404e12@group-569FAC3F8BCE-LeaderElection331: begin an election at term 341 for -1: [a32408a4-f19d-4bad-97c5-ba33ae94fc9a:192.168.157.254:38721, 6b24a2ab-97ee-4d49-85cc-2d76c2f4b8ef:192.168.157.254:41080, 277b5c5e-8c6f-4c9a-a53f-1bbc96404e12:192.168.157.254:41416], old=null
2019-10-16 21:55:39,724 [grpc-default-executor-1] INFO  impl.RaftServerImpl (RaftServerImpl.java:setRole(184)) - a32408a4-f19d-4bad-97c5-ba33ae94fc9a@group-569FAC3F8BCE: changes role from  FOLLOWER to FOLLOWER at term 341 for recognizeCandidate:277b5c5e-8c6f-4c9a-a53f-1bbc96404e12
2019-10-16 21:55:39,725 [grpc-default-executor-0] INFO  impl.RaftServerImpl (RaftServerImpl.java:setRole(184)) - 6b24a2ab-97ee-4d49-85cc-2d76c2f4b8ef@group-569FAC3F8BCE: changes role from  FOLLOWER to FOLLOWER at term 341 for recognizeCandidate:277b5c5e-8c6f-4c9a-a53f-1bbc96404e12
2019-10-16 21:55:39,725 [grpc-default-executor-1] INFO  impl.RoleInfo (RoleInfo.java:shutdownFollowerState(121)) - a32408a4-f19d-4bad-97c5-ba33ae94fc9a: shutdown FollowerState
2019-10-16 21:55:39,725 [grpc-default-executor-0] INFO  impl.RoleInfo (RoleInfo.java:shutdownFollowerState(121)) - 6b24a2ab-97ee-4d49-85cc-2d76c2f4b8ef: shutdown FollowerState
2019-10-16 21:55:39,725 [Thread-2314] INFO  impl.FollowerState (FollowerState.java:run(117)) - a32408a4-f19d-4bad-97c5-ba33ae94fc9a@group-569FAC3F8BCE-FollowerState was interrupted: java.lang.InterruptedException: sleep interrupted
2019-10-16 21:55:39,725 [grpc-default-executor-0] INFO  impl.RoleInfo (RoleInfo.java:updateAndGet(143)) - 6b24a2ab-97ee-4d49-85cc-2d76c2f4b8ef: start FollowerState
2019-10-16 21:55:39,725 [grpc-default-executor-1] INFO  impl.RoleInfo (RoleInfo.java:updateAndGet(143)) - a32408a4-f19d-4bad-97c5-ba33ae94fc9a: start FollowerState
2019-10-16 21:55:39,725 [Thread-2315] INFO  impl.FollowerState (FollowerState.java:run(117)) - 6b24a2ab-97ee-4d49-85cc-2d76c2f4b8ef@group-569FAC3F8BCE-FollowerState was interrupted: java.lang.InterruptedException: sleep interrupted
2019-10-16 21:55:39,754 [277b5c5e-8c6f-4c9a-a53f-1bbc96404e12@group-569FAC3F8BCE-LeaderElection331] INFO  impl.LeaderElection (LeaderElection.java:logAndReturn(56)) - 277b5c5e-8c6f-4c9a-a53f-1bbc96404e12@group-569FAC3F8BCE-LeaderElection331: Election REJECTED; received 2 response(s) [277b5c5e-8c6f-4c9a-a53f-1bbc96404e12<-a32408a4-f19d-4bad-97c5-ba33ae94fc9a#0:FAIL-t341, 277b5c5e-8c6f-4c9a-a53f-1bbc96404e12<-6b24a2ab-97ee-4d49-85cc-2d76c2f4b8ef#0:FAIL-t341] and 0 exception(s); 277b5c5e-8c6f-4c9a-a53f-1bbc96404e12@group-569FAC3F8BCE:t341, leader=null, voted=277b5c5e-8c6f-4c9a-a53f-1bbc96404e12, raftlog=277b5c5e-8c6f-4c9a-a53f-1bbc96404e12@group-569FAC3F8BCE-SegmentedRaftLog:OPENED:c-1,f-1,i0, conf=-1: [a32408a4-f19d-4bad-97c5-ba33ae94fc9a:192.168.157.254:38721, 6b24a2ab-97ee-4d49-85cc-2d76c2f4b8ef:192.168.157.254:41080, 277b5c5e-8c6f-4c9a-a53f-1bbc96404e12:192.168.157.254:41416], old=null
2019-10-16 21:55:39,755 [277b5c5e-8c6f-4c9a-a53f-1bbc96404e12@group-569FAC3F8BCE-LeaderElection331] INFO  impl.RaftServerImpl (RaftServerImpl.java:setRole(184)) - 277b5c5e-8c6f-4c9a-a53f-1bbc96404e12@group-569FAC3F8BCE: changes role from CANDIDATE to FOLLOWER at term 341 for DISCOVERED_A_NEW_TERM
2019-10-16 21:55:39,755 [277b5c5e-8c6f-4c9a-a53f-1bbc96404e12@group-569FAC3F8BCE-LeaderElection331] INFO  impl.RoleInfo (RoleInfo.java:shutdownLeaderElection(134)) - 277b5c5e-8c6f-4c9a-a53f-1bbc96404e12: shutdown LeaderElection
2019-10-16 21:55:39,755 [277b5c5e-8c6f-4c9a-a53f-1bbc96404e12@group-569FAC3F8BCE-LeaderElection331] INFO  impl.RoleInfo (RoleInfo.java:updateAndGet(143)) - 277b5c5e-8c6f-4c9a-a53f-1bbc96404e12: start FollowerState
2019-10-16 21:55:39,862 [Thread-2322] INFO  impl.FollowerState (FollowerState.java:run(108)) - 277b5c5e-8c6f-4c9a-a53f-1bbc96404e12@group-569FAC3F8BCE-FollowerState: change to CANDIDATE, lastRpcTime:107ms, electionTimeout:107ms
2019-10-16 21:55:39,862 [Thread-2322] INFO  impl.RoleInfo (RoleInfo.java:shutdownFollowerState(121)) - 277b5c5e-8c6f-4c9a-a53f-1bbc96404e12: shutdown FollowerState
2019-10-16 21:55:39,862 [Thread-2322] INFO  impl.RaftServerImpl (RaftServerImpl.java:setRole(184)) - 277b5c5e-8c6f-4c9a-a53f-1bbc96404e12@group-569FAC3F8BCE: changes role from  FOLLOWER to CANDIDATE at term 341 for changeToCandidate
2019-10-16 21:55:39,862 [Thread-2322] INFO  impl.RoleInfo (RoleInfo.java:updateAndGet(143)) - 277b5c5e-8c6f-4c9a-a53f-1bbc96404e12: start LeaderElection
2019-10-16 21:55:39,885 [277b5c5e-8c6f-4c9a-a53f-1bbc96404e12@group-569FAC3F8BCE-LeaderElection332] INFO  impl.LeaderElection (LeaderElection.java:askForVotes(178)) - 277b5c5e-8c6f-4c9a-a53f-1bbc96404e12@group-569FAC3F8BCE-LeaderElection332: begin an election at term 342 for -1: [a32408a4-f19d-4bad-97c5-ba33ae94fc9a:192.168.157.254:38721, 6b24a2ab-97ee-4d49-85cc-2d76c2f4b8ef:192.168.157.254:41080, 277b5c5e-8c6f-4c9a-a53f-1bbc96404e12:192.168.157.254:41416], old=null
2019-10-16 21:55:39,888 [grpc-default-executor-0] INFO  impl.RaftServerImpl (RaftServerImpl.java:setRole(184)) - a32408a4-f19d-4bad-97c5-ba33ae94fc9a@group-569FAC3F8BCE: changes role from  FOLLOWER to FOLLOWER at term 342 for recognizeCandidate:277b5c5e-8c6f-4c9a-a53f-1bbc96404e12
2019-10-16 21:55:39,888 [grpc-default-executor-1] INFO  impl.RaftServerImpl (RaftServerImpl.java:setRole(184)) - 6b24a2ab-97ee-4d49-85cc-2d76c2f4b8ef@group-569FAC3F8BCE: changes role from  FOLLOWER to FOLLOWER at term 342 for recognizeCandidate:277b5c5e-8c6f-4c9a-a53f-1bbc96404e12
2019-10-16 21:55:39,888 [grpc-default-executor-0] INFO  impl.RoleInfo (RoleInfo.java:shutdownFollowerState(121)) - a32408a4-f19d-4bad-97c5-ba33ae94fc9a: shutdown FollowerState
2019-10-16 21:55:39,888 [grpc-default-executor-1] INFO  impl.RoleInfo (RoleInfo.java:shutdownFollowerState(121)) - 6b24a2ab-97ee-4d49-85cc-2d76c2f4b8ef: shutdown FollowerState
2019-10-16 21:55:39,888 [Thread-2320] INFO  impl.FollowerState (FollowerState.java:run(117)) - a32408a4-f19d-4bad-97c5-ba33ae94fc9a@group-569FAC3F8BCE-FollowerState was interrupted: java.lang.InterruptedException: sleep interrupted
2019-10-16 21:55:39,888 [grpc-default-executor-0] INFO  impl.RoleInfo (RoleInfo.java:updateAndGet(143)) - a32408a4-f19d-4bad-97c5-ba33ae94fc9a: start FollowerState
2019-10-16 21:55:39,888 [Thread-2321] INFO  impl.FollowerState (FollowerState.java:run(117)) - 6b24a2ab-97ee-4d49-85cc-2d76c2f4b8ef@group-569FAC3F8BCE-FollowerState was interrupted: java.lang.InterruptedException: sleep interrupted
2019-10-16 21:55:39,888 [grpc-default-executor-1] INFO  impl.RoleInfo (RoleInfo.java:updateAndGet(143)) - 6b24a2ab-97ee-4d49-85cc-2d76c2f4b8ef: start FollowerState
2019-10-16 21:55:39,905 [277b5c5e-8c6f-4c9a-a53f-1bbc96404e12@group-569FAC3F8BCE-LeaderElection332] INFO  impl.LeaderElection (LeaderElection.java:logAndReturn(56)) - 277b5c5e-8c6f-4c9a-a53f-1bbc96404e12@group-569FAC3F8BCE-LeaderElection332: Election REJECTED; received 2 response(s) [277b5c5e-8c6f-4c9a-a53f-1bbc96404e12<-6b24a2ab-97ee-4d49-85cc-2d76c2f4b8ef#0:FAIL-t342, 277b5c5e-8c6f-4c9a-a53f-1bbc96404e12<-a32408a4-f19d-4bad-97c5-ba33ae94fc9a#0:FAIL-t342] and 0 exception(s); 277b5c5e-8c6f-4c9a-a53f-1bbc96404e12@group-569FAC3F8BCE:t342, leader=null, voted=277b5c5e-8c6f-4c9a-a53f-1bbc96404e12, raftlog=277b5c5e-8c6f-4c9a-a53f-1bbc96404e12@group-569FAC3F8BCE-SegmentedRaftLog:OPENED:c-1,f-1,i0, conf=-1: [a32408a4-f19d-4bad-97c5-ba33ae94fc9a:192.168.157.254:38721, 6b24a2ab-97ee-4d49-85cc-2d76c2f4b8ef:192.168.157.254:41080, 277b5c5e-8c6f-4c9a-a53f-1bbc96404e12:192.168.157.254:41416], old=null
2019-10-16 21:55:39,905 [277b5c5e-8c6f-4c9a-a53f-1bbc96404e12@group-569FAC3F8BCE-LeaderElection332] INFO  impl.RaftServerImpl (RaftServerImpl.java:setRole(184)) - 277b5c5e-8c6f-4c9a-a53f-1bbc96404e12@group-569FAC3F8BCE: changes role from CANDIDATE to FOLLOWER at term 342 for DISCOVERED_A_NEW_TERM
2019-10-16 21:55:39,906 [277b5c5e-8c6f-4c9a-a53f-1bbc96404e12@group-569FAC3F8BCE-LeaderElection332] INFO  impl.RoleInfo (RoleInfo.java:shutdownLeaderElection(134)) - 277b5c5e-8c6f-4c9a-a53f-1bbc96404e12: shutdown LeaderElection
2019-10-16 21:55:39,906 [277b5c5e-8c6f-4c9a-a53f-1bbc96404e12@group-569FAC3F8BCE-LeaderElection332] INFO  impl.RoleInfo (RoleInfo.java:updateAndGet(143)) - 277b5c5e-8c6f-4c9a-a53f-1bbc96404e12: start FollowerState
2019-10-16 21:55:39,907 [Thread-2328] INFO  impl.FollowerState (FollowerState.java:run(108)) - 277b5c5e-8c6f-4c9a-a53f-1bbc96404e12@group-569FAC3F8BCE-FollowerState: change to CANDIDATE, lastRpcTime:1ms, electionTimeout:1ms
2019-10-16 21:55:39,907 [Thread-2328] INFO  impl.RoleInfo (RoleInfo.java:shutdownFollowerState(121)) - 277b5c5e-8c6f-4c9a-a53f-1bbc96404e12: shutdown FollowerState
2019-10-16 21:55:39,907 [Thread-2328] INFO  impl.RaftServerImpl (RaftServerImpl.java:setRole(184)) - 277b5c5e-8c6f-4c9a-a53f-1bbc96404e12@group-569FAC3F8BCE: changes role from  FOLLOWER to CANDIDATE at term 342 for changeToCandidate
2019-10-16 21:55:39,907 [Thread-2328] INFO  impl.RoleInfo (RoleInfo.java:updateAndGet(143)) - 277b5c5e-8c6f-4c9a-a53f-1bbc96404e12: start LeaderElection
2019-10-16 21:55:39,921 [277b5c5e-8c6f-4c9a-a53f-1bbc96404e12@group-569FAC3F8BCE-LeaderElection333] INFO  impl.LeaderElection (LeaderElection.java:askForVotes(178)) - 277b5c5e-8c6f-4c9a-a53f-1bbc96404e12@group-569FAC3F8BCE-LeaderElection333: begin an election at term 343 for -1: [a32408a4-f19d-4bad-97c5-ba33ae94fc9a:192.168.157.254:38721, 6b24a2ab-97ee-4d49-85cc-2d76c2f4b8ef:192.168.157.254:41080, 277b5c5e-8c6f-4c9a-a53f-1bbc96404e12:192.168.157.254:41416], old=null
2019-10-16 21:55:39,923 [grpc-default-executor-0] INFO  impl.RaftServerImpl (RaftServerImpl.java:setRole(184)) - a32408a4-f19d-4bad-97c5-ba33ae94fc9a@group-569FAC3F8BCE: changes role from  FOLLOWER to FOLLOWER at term 343 for recognizeCandidate:277b5c5e-8c6f-4c9a-a53f-1bbc96404e12
2019-10-16 21:55:39,923 [grpc-default-executor-0] INFO  impl.RoleInfo (RoleInfo.java:shutdownFollowerState(121)) - a32408a4-f19d-4bad-97c5-ba33ae94fc9a: shutdown FollowerState
2019-10-16 21:55:39,923 [grpc-default-executor-0] INFO  impl.RoleInfo (RoleInfo.java:updateAndGet(143)) - a32408a4-f19d-4bad-97c5-ba33ae94fc9a: start FollowerState
2019-10-16 21:55:39,923 [Thread-2326] INFO  impl.FollowerState (FollowerState.java:run(117)) - a32408a4-f19d-4bad-97c5-ba33ae94fc9a@group-569FAC3F8BCE-FollowerState was interrupted: java.lang.InterruptedException: sleep interrupted
2019-10-16 21:55:39,923 [grpc-default-executor-1] INFO  impl.RaftServerImpl (RaftServerImpl.java:setRole(184)) - 6b24a2ab-97ee-4d49-85cc-2d76c2f4b8ef@group-569FAC3F8BCE: changes role from  FOLLOWER to FOLLOWER at term 343 for recognizeCandidate:277b5c5e-8c6f-4c9a-a53f-1bbc96404e12
2019-10-16 21:55:39,923 [grpc-default-executor-1] INFO  impl.RoleInfo (RoleInfo.java:shutdownFollowerState(121)) - 6b24a2ab-97ee-4d49-85cc-2d76c2f4b8ef: shutdown FollowerState
2019-10-16 21:55:39,924 [grpc-default-executor-1] INFO  impl.RoleInfo (RoleInfo.java:updateAndGet(143)) - 6b24a2ab-97ee-4d49-85cc-2d76c2f4b8ef: start FollowerState
2019-10-16 21:55:39,924 [Thread-2327] INFO  impl.FollowerState (FollowerState.java:run(117)) - 6b24a2ab-97ee-4d49-85cc-2d76c2f4b8ef@group-569FAC3F8BCE-FollowerState was interrupted: java.lang.InterruptedException: sleep interrupted
2019-10-16 21:55:39,937 [277b5c5e-8c6f-4c9a-a53f-1bbc96404e12@group-569FAC3F8BCE-LeaderElection333] INFO  impl.LeaderElection (LeaderElection.java:logAndReturn(56)) - 277b5c5e-8c6f-4c9a-a53f-1bbc96404e12@group-569FAC3F8BCE-LeaderElection333: Election REJECTED; received 2 response(s) [277b5c5e-8c6f-4c9a-a53f-1bbc96404e12<-6b24a2ab-97ee-4d49-85cc-2d76c2f4b8ef#0:FAIL-t343, 277b5c5e-8c6f-4c9a-a53f-1bbc96404e12<-a32408a4-f19d-4bad-97c5-ba33ae94fc9a#0:FAIL-t343] and 0 exception(s); 277b5c5e-8c6f-4c9a-a53f-1bbc96404e12@group-569FAC3F8BCE:t343, leader=null, voted=277b5c5e-8c6f-4c9a-a53f-1bbc96404e12, raftlog=277b5c5e-8c6f-4c9a-a53f-1bbc96404e12@group-569FAC3F8BCE-SegmentedRaftLog:OPENED:c-1,f-1,i0, conf=-1: [a32408a4-f19d-4bad-97c5-ba33ae94fc9a:192.168.157.254:38721, 6b24a2ab-97ee-4d49-85cc-2d76c2f4b8ef:192.168.157.254:41080, 277b5c5e-8c6f-4c9a-a53f-1bbc96404e12:192.168.157.254:41416], old=null
2019-10-16 21:55:39,937 [277b5c5e-8c6f-4c9a-a53f-1bbc96404e12@group-569FAC3F8BCE-LeaderElection333] INFO  impl.RaftServerImpl (RaftServerImpl.java:setRole(184)) - 277b5c5e-8c6f-4c9a-a53f-1bbc96404e12@group-569FAC3F8BCE: changes role from CANDIDATE to FOLLOWER at term 343 for DISCOVERED_A_NEW_TERM
2019-10-16 21:55:39,937 [277b5c5e-8c6f-4c9a-a53f-1bbc96404e12@group-569FAC3F8BCE-LeaderElection333] INFO  impl.RoleInfo (RoleInfo.java:shutdownLeaderElection(134)) - 277b5c5e-8c6f-4c9a-a53f-1bbc96404e12: shutdown LeaderElection
2019-10-16 21:55:39,938 [277b5c5e-8c6f-4c9a-a53f-1bbc96404e12@group-569FAC3F8BCE-LeaderElection333] INFO  impl.RoleInfo (RoleInfo.java:updateAndGet(143)) - 277b5c5e-8c6f-4c9a-a53f-1bbc96404e12: start FollowerState
2019-10-16 21:55:40,094 [Thread-2334] INFO  impl.FollowerState (FollowerState.java:run(108)) - 277b5c5e-8c6f-4c9a-a53f-1bbc96404e12@group-569FAC3F8BCE-FollowerState: change to CANDIDATE, lastRpcTime:156ms, electionTimeout:156ms
2019-10-16 21:55:40,094 [Thread-2334] INFO  impl.RoleInfo (RoleInfo.java:shutdownFollowerState(121)) - 277b5c5e-8c6f-4c9a-a53f-1bbc96404e12: shutdown FollowerState
2019-10-16 21:55:40,094 [Thread-2334] INFO  impl.RaftServerImpl (RaftServerImpl.java:setRole(184)) - 277b5c5e-8c6f-4c9a-a53f-1bbc96404e12@group-569FAC3F8BCE: changes role from  FOLLOWER to CANDIDATE at term 343 for changeToCandidate
2019-10-16 21:55:40,095 [Thread-2334] INFO  impl.RoleInfo (RoleInfo.java:updateAndGet(143)) - 277b5c5e-8c6f-4c9a-a53f-1bbc96404e12: start LeaderElection
2019-10-16 21:55:40,112 [277b5c5e-8c6f-4c9a-a53f-1bbc96404e12@group-569FAC3F8BCE-LeaderElection334] INFO  impl.LeaderElection (LeaderElection.java:askForVotes(178)) - 277b5c5e-8c6f-4c9a-a53f-1bbc96404e12@group-569FAC3F8BCE-LeaderElection334: begin an election at term 344 for -1: [a32408a4-f19d-4bad-97c5-ba33ae94fc9a:192.168.157.254:38721, 6b24a2ab-97ee-4d49-85cc-2d76c2f4b8ef:192.168.157.254:41080, 277b5c5e-8c6f-4c9a-a53f-1bbc96404e12:192.168.157.254:41416], old=null
2019-10-16 21:55:40,115 [grpc-default-executor-0] INFO  impl.RaftServerImpl (RaftServerImpl.java:setRole(184)) - a32408a4-f19d-4bad-97c5-ba33ae94fc9a@group-569FAC3F8BCE: changes role from  FOLLOWER to FOLLOWER at term 344 for recognizeCandidate:277b5c5e-8c6f-4c9a-a53f-1bbc96404e12
2019-10-16 21:55:40,115 [grpc-default-executor-1] INFO  impl.RaftServerImpl (RaftServerImpl.java:setRole(184)) - 6b24a2ab-97ee-4d49-85cc-2d76c2f4b8ef@group-569FAC3F8BCE: changes role from  FOLLOWER to FOLLOWER at term 344 for recognizeCandidate:277b5c5e-8c6f-4c9a-a53f-1bbc96404e12
2019-10-16 21:55:40,115 [grpc-default-executor-1] INFO  impl.RoleInfo (RoleInfo.java:shutdownFollowerState(121)) - 6b24a2ab-97ee-4d49-85cc-2d76c2f4b8ef: shutdown FollowerState
2019-10-16 21:55:40,115 [grpc-default-executor-0] INFO  impl.RoleInfo (RoleInfo.java:shutdownFollowerState(121)) - a32408a4-f19d-4bad-97c5-ba33ae94fc9a: shutdown FollowerState
2019-10-16 21:55:40,115 [Thread-2333] INFO  impl.FollowerState (FollowerState.java:run(117)) - 6b24a2ab-97ee-4d49-85cc-2d76c2f4b8ef@group-569FAC3F8BCE-FollowerState was interrupted: java.lang.InterruptedException: sleep interrupted
2019-10-16 21:55:40,115 [Thread-2332] INFO  impl.FollowerState (FollowerState.java:run(117)) - a32408a4-f19d-4bad-97c5-ba33ae94fc9a@group-569FAC3F8BCE-FollowerState was interrupted: java.lang.InterruptedException: sleep interrupted
2019-10-16 21:55:40,115 [grpc-default-executor-1] INFO  impl.RoleInfo (RoleInfo.java:updateAndGet(143)) - 6b24a2ab-97ee-4d49-85cc-2d76c2f4b8ef: start FollowerState
2019-10-16 21:55:40,115 [grpc-default-executor-0] INFO  impl.RoleInfo (RoleInfo.java:updateAndGet(143)) - a32408a4-f19d-4bad-97c5-ba33ae94fc9a: start FollowerState
2019-10-16 21:55:40,129 [277b5c5e-8c6f-4c9a-a53f-1bbc96404e12@group-569FAC3F8BCE-LeaderElection334] INFO  impl.LeaderElection (LeaderElection.java:logAndReturn(56)) - 277b5c5e-8c6f-4c9a-a53f-1bbc96404e12@group-569FAC3F8BCE-LeaderElection334: Election REJECTED; received 2 response(s) [277b5c5e-8c6f-4c9a-a53f-1bbc96404e12<-6b24a2ab-97ee-4d49-85cc-2d76c2f4b8ef#0:FAIL-t344, 277b5c5e-8c6f-4c9a-a53f-1bbc96404e12<-a32408a4-f19d-4bad-97c5-ba33ae94fc9a#0:FAIL-t344] and 0 exception(s); 277b5c5e-8c6f-4c9a-a53f-1bbc96404e12@group-569FAC3F8BCE:t344, leader=null, voted=277b5c5e-8c6f-4c9a-a53f-1bbc96404e12, raftlog=277b5c5e-8c6f-4c9a-a53f-1bbc96404e12@group-569FAC3F8BCE-SegmentedRaftLog:OPENED:c-1,f-1,i0, conf=-1: [a32408a4-f19d-4bad-97c5-ba33ae94fc9a:192.168.157.254:38721, 6b24a2ab-97ee-4d49-85cc-2d76c2f4b8ef:192.168.157.254:41080, 277b5c5e-8c6f-4c9a-a53f-1bbc96404e12:192.168.157.254:41416], old=null
2019-10-16 21:55:40,129 [277b5c5e-8c6f-4c9a-a53f-1bbc96404e12@group-569FAC3F8BCE-LeaderElection334] INFO  impl.RaftServerImpl (RaftServerImpl.java:setRole(184)) - 277b5c5e-8c6f-4c9a-a53f-1bbc96404e12@group-569FAC3F8BCE: changes role from CANDIDATE to FOLLOWER at term 344 for DISCOVERED_A_NEW_TERM
2019-10-16 21:55:40,130 [277b5c5e-8c6f-4c9a-a53f-1bbc96404e12@group-569FAC3F8BCE-LeaderElection334] INFO  impl.RoleInfo (RoleInfo.java:shutdownLeaderElection(134)) - 277b5c5e-8c6f-4c9a-a53f-1bbc96404e12: shutdown LeaderElection
2019-10-16 21:55:40,130 [277b5c5e-8c6f-4c9a-a53f-1bbc96404e12@group-569FAC3F8BCE-LeaderElection334] INFO  impl.RoleInfo (RoleInfo.java:updateAndGet(143)) - 277b5c5e-8c6f-4c9a-a53f-1bbc96404e12: start FollowerState
2019-10-16 21:55:40,306 [Thread-2340] INFO  impl.FollowerState (FollowerState.java:run(108)) - 277b5c5e-8c6f-4c9a-a53f-1bbc96404e12@group-569FAC3F8BCE-FollowerState: change to CANDIDATE, lastRpcTime:176ms, electionTimeout:176ms
2019-10-16 21:55:40,306 [Thread-2340] INFO  impl.RoleInfo (RoleInfo.java:shutdownFollowerState(121)) - 277b5c5e-8c6f-4c9a-a53f-1bbc96404e12: shutdown FollowerState
2019-10-16 21:55:40,306 [Thread-2340] INFO  impl.RaftServerImpl (RaftServerImpl.java:setRole(184)) - 277b5c5e-8c6f-4c9a-a53f-1bbc96404e12@group-569FAC3F8BCE: changes role from  FOLLOWER to CANDIDATE at term 344 for changeToCandidate
2019-10-16 21:55:40,306 [Thread-2340] INFO  impl.RoleInfo (RoleInfo.java:updateAndGet(143)) - 277b5c5e-8c6f-4c9a-a53f-1bbc96404e12: start LeaderElection
2019-10-16 21:55:40,317 [277b5c5e-8c6f-4c9a-a53f-1bbc96404e12@group-569FAC3F8BCE-LeaderElection335] INFO  impl.LeaderElection (LeaderElection.java:askForVotes(178)) - 277b5c5e-8c6f-4c9a-a53f-1bbc96404e12@group-569FAC3F8BCE-LeaderElection335: begin an election at term 345 for -1: [a32408a4-f19d-4bad-97c5-ba33ae94fc9a:192.168.157.254:38721, 6b24a2ab-97ee-4d49-85cc-2d76c2f4b8ef:192.168.157.254:41080, 277b5c5e-8c6f-4c9a-a53f-1bbc96404e12:192.168.157.254:41416], old=null
2019-10-16 21:55:40,319 [grpc-default-executor-0] INFO  impl.RaftServerImpl (RaftServerImpl.java:setRole(184)) - a32408a4-f19d-4bad-97c5-ba33ae94fc9a@group-569FAC3F8BCE: changes role from  FOLLOWER to FOLLOWER at term 345 for recognizeCandidate:277b5c5e-8c6f-4c9a-a53f-1bbc96404e12
2019-10-16 21:55:40,319 [grpc-default-executor-0] INFO  impl.RoleInfo (RoleInfo.java:shutdownFollowerState(121)) - a32408a4-f19d-4bad-97c5-ba33ae94fc9a: shutdown FollowerState
2019-10-16 21:55:40,319 [grpc-default-executor-0] INFO  impl.RoleInfo (RoleInfo.java:updateAndGet(143)) - a32408a4-f19d-4bad-97c5-ba33ae94fc9a: start FollowerState
2019-10-16 21:55:40,319 [grpc-default-executor-1] INFO  impl.RaftServerImpl (RaftServerImpl.java:setRole(184)) - 6b24a2ab-97ee-4d49-85cc-2d76c2f4b8ef@group-569FAC3F8BCE: changes role from  FOLLOWER to FOLLOWER at term 345 for recognizeCandidate:277b5c5e-8c6f-4c9a-a53f-1bbc96404e12
2019-10-16 21:55:40,320 [grpc-default-executor-1] INFO  impl.RoleInfo (RoleInfo.java:shutdownFollowerState(121)) - 6b24a2ab-97ee-4d49-85cc-2d76c2f4b8ef: shutdown FollowerState
2019-10-16 21:55:40,319 [Thread-2339] INFO  impl.FollowerState (FollowerState.java:run(117)) - a32408a4-f19d-4bad-97c5-ba33ae94fc9a@group-569FAC3F8BCE-FollowerState was interrupted: java.lang.InterruptedException: sleep interrupted
2019-10-16 21:55:40,320 [Thread-2338] INFO  impl.FollowerState (FollowerState.java:run(117)) - 6b24a2ab-97ee-4d49-85cc-2d76c2f4b8ef@group-569FAC3F8BCE-FollowerState was interrupted: java.lang.InterruptedException: sleep interrupted
2019-10-16 21:55:40,320 [grpc-default-executor-1] INFO  impl.RoleInfo (RoleInfo.java:updateAndGet(143)) - 6b24a2ab-97ee-4d49-85cc-2d76c2f4b8ef: start FollowerState
2019-10-16 21:55:40,332 [277b5c5e-8c6f-4c9a-a53f-1bbc96404e12@group-569FAC3F8BCE-LeaderElection335] INFO  impl.LeaderElection (LeaderElection.java:logAndReturn(56)) - 277b5c5e-8c6f-4c9a-a53f-1bbc96404e12@group-569FAC3F8BCE-LeaderElection335: Election TIMEOUT; received 0 response(s) [] and 0 exception(s); 277b5c5e-8c6f-4c9a-a53f-1bbc96404e12@group-569FAC3F8BCE:t345, leader=null, voted=277b5c5e-8c6f-4c9a-a53f-1bbc96404e12, raftlog=277b5c5e-8c6f-4c9a-a53f-1bbc96404e12@group-569FAC3F8BCE-SegmentedRaftLog:OPENED:c-1,f-1,i0, conf=-1: [a32408a4-f19d-4bad-97c5-ba33ae94fc9a:192.168.157.254:38721, 6b24a2ab-97ee-4d49-85cc-2d76c2f4b8ef:192.168.157.254:41080, 277b5c5e-8c6f-4c9a-a53f-1bbc96404e12:192.168.157.254:41416], old=null
2019-10-16 21:55:40,335 [277b5c5e-8c6f-4c9a-a53f-1bbc96404e12@group-569FAC3F8BCE-LeaderElection335] INFO  impl.LeaderElection (LeaderElection.java:askForVotes(178)) - 277b5c5e-8c6f-4c9a-a53f-1bbc96404e12@group-569FAC3F8BCE-LeaderElection335: begin an election at term 346 for -1: [a32408a4-f19d-4bad-97c5-ba33ae94fc9a:192.168.157.254:38721, 6b24a2ab-97ee-4d49-85cc-2d76c2f4b8ef:192.168.157.254:41080, 277b5c5e-8c6f-4c9a-a53f-1bbc96404e12:192.168.157.254:41416], old=null
2019-10-16 21:55:40,337 [grpc-default-executor-0] INFO  impl.RaftServerImpl (RaftServerImpl.java:setRole(184)) - a32408a4-f19d-4bad-97c5-ba33ae94fc9a@group-569FAC3F8BCE: changes role from  FOLLOWER to FOLLOWER at term 346 for recognizeCandidate:277b5c5e-8c6f-4c9a-a53f-1bbc96404e12
2019-10-16 21:55:40,337 [grpc-default-executor-0] INFO  impl.RoleInfo (RoleInfo.java:shutdownFollowerState(121)) - a32408a4-f19d-4bad-97c5-ba33ae94fc9a: shutdown FollowerState
2019-10-16 21:55:40,337 [grpc-default-executor-0] INFO  impl.RoleInfo (RoleInfo.java:updateAndGet(143)) - a32408a4-f19d-4bad-97c5-ba33ae94fc9a: start FollowerState
2019-10-16 21:55:40,337 [Thread-2344] INFO  impl.FollowerState (FollowerState.java:run(117)) - a32408a4-f19d-4bad-97c5-ba33ae94fc9a@group-569FAC3F8BCE-FollowerState was interrupted: java.lang.InterruptedException: sleep interrupted
2019-10-16 21:55:40,338 [grpc-default-executor-1] INFO  impl.RaftServerImpl (RaftServerImpl.java:setRole(184)) - 6b24a2ab-97ee-4d49-85cc-2d76c2f4b8ef@group-569FAC3F8BCE: changes role from  FOLLOWER to FOLLOWER at term 346 for recognizeCandidate:277b5c5e-8c6f-4c9a-a53f-1bbc96404e12
2019-10-16 21:55:40,338 [grpc-default-executor-1] INFO  impl.RoleInfo (RoleInfo.java:shutdownFollowerState(121)) - 6b24a2ab-97ee-4d49-85cc-2d76c2f4b8ef: shutdown FollowerState
2019-10-16 21:55:40,338 [grpc-default-executor-1] INFO  impl.RoleInfo (RoleInfo.java:updateAndGet(143)) - 6b24a2ab-97ee-4d49-85cc-2d76c2f4b8ef: start FollowerState
2019-10-16 21:55:40,338 [Thread-2345] INFO  impl.FollowerState (FollowerState.java:run(117)) - 6b24a2ab-97ee-4d49-85cc-2d76c2f4b8ef@group-569FAC3F8BCE-FollowerState was interrupted: java.lang.InterruptedException: sleep interrupted
2019-10-16 21:55:40,363 [277b5c5e-8c6f-4c9a-a53f-1bbc96404e12@group-569FAC3F8BCE-LeaderElection335] INFO  impl.LeaderElection (LeaderElection.java:logAndReturn(56)) - 277b5c5e-8c6f-4c9a-a53f-1bbc96404e12@group-569FAC3F8BCE-LeaderElection335: Election REJECTED; received 2 response(s) [277b5c5e-8c6f-4c9a-a53f-1bbc96404e12<-a32408a4-f19d-4bad-97c5-ba33ae94fc9a#0:FAIL-t346, 277b5c5e-8c6f-4c9a-a53f-1bbc96404e12<-6b24a2ab-97ee-4d49-85cc-2d76c2f4b8ef#0:FAIL-t346] and 0 exception(s); 277b5c5e-8c6f-4c9a-a53f-1bbc96404e12@group-569FAC3F8BCE:t346, leader=null, voted=277b5c5e-8c6f-4c9a-a53f-1bbc96404e12, raftlog=277b5c5e-8c6f-4c9a-a53f-1bbc96404e12@group-569FAC3F8BCE-SegmentedRaftLog:OPENED:c-1,f-1,i0, conf=-1: [a32408a4-f19d-4bad-97c5-ba33ae94fc9a:192.168.157.254:38721, 6b24a2ab-97ee-4d49-85cc-2d76c2f4b8ef:192.168.157.254:41080, 277b5c5e-8c6f-4c9a-a53f-1bbc96404e12:192.168.157.254:41416], old=null
2019-10-16 21:55:40,363 [277b5c5e-8c6f-4c9a-a53f-1bbc96404e12@group-569FAC3F8BCE-LeaderElection335] INFO  impl.RaftServerImpl (RaftServerImpl.java:setRole(184)) - 277b5c5e-8c6f-4c9a-a53f-1bbc96404e12@group-569FAC3F8BCE: changes role from CANDIDATE to FOLLOWER at term 346 for DISCOVERED_A_NEW_TERM
2019-10-16 21:55:40,363 [277b5c5e-8c6f-4c9a-a53f-1bbc96404e12@group-569FAC3F8BCE-LeaderElection335] INFO  impl.RoleInfo (RoleInfo.java:shutdownLeaderElection(134)) - 277b5c5e-8c6f-4c9a-a53f-1bbc96404e12: shutdown LeaderElection
2019-10-16 21:55:40,364 [277b5c5e-8c6f-4c9a-a53f-1bbc96404e12@group-569FAC3F8BCE-LeaderElection335] INFO  impl.RoleInfo (RoleInfo.java:updateAndGet(143)) - 277b5c5e-8c6f-4c9a-a53f-1bbc96404e12: start FollowerState
2019-10-16 21:55:40,535 [Thread-2350] INFO  impl.FollowerState (FollowerState.java:run(108)) - 277b5c5e-8c6f-4c9a-a53f-1bbc96404e12@group-569FAC3F8BCE-FollowerState: change to CANDIDATE, lastRpcTime:171ms, electionTimeout:171ms
2019-10-16 21:55:40,535 [Thread-2350] INFO  impl.RoleInfo (RoleInfo.java:shutdownFollowerState(121)) - 277b5c5e-8c6f-4c9a-a53f-1bbc96404e12: shutdown FollowerState
2019-10-16 21:55:40,535 [Thread-2350] INFO  impl.RaftServerImpl (RaftServerImpl.java:setRole(184)) - 277b5c5e-8c6f-4c9a-a53f-1bbc96404e12@group-569FAC3F8BCE: changes role from  FOLLOWER to CANDIDATE at term 346 for changeToCandidate
2019-10-16 21:55:40,536 [Thread-2350] INFO  impl.RoleInfo (RoleInfo.java:updateAndGet(143)) - 277b5c5e-8c6f-4c9a-a53f-1bbc96404e12: start LeaderElection
2019-10-16 21:55:40,551 [277b5c5e-8c6f-4c9a-a53f-1bbc96404e12@group-569FAC3F8BCE-LeaderElection336] INFO  impl.LeaderElection (LeaderElection.java:askForVotes(178)) - 277b5c5e-8c6f-4c9a-a53f-1bbc96404e12@group-569FAC3F8BCE-LeaderElection336: begin an election at term 347 for -1: [a32408a4-f19d-4bad-97c5-ba33ae94fc9a:192.168.157.254:38721, 6b24a2ab-97ee-4d49-85cc-2d76c2f4b8ef:192.168.157.254:41080, 277b5c5e-8c6f-4c9a-a53f-1bbc96404e12:192.168.157.254:41416], old=null
2019-10-16 21:55:40,553 [grpc-default-executor-0] INFO  impl.RaftServerImpl (RaftServerImpl.java:setRole(184)) - a32408a4-f19d-4bad-97c5-ba33ae94fc9a@group-569FAC3F8BCE: changes role from  FOLLOWER to FOLLOWER at term 347 for recognizeCandidate:277b5c5e-8c6f-4c9a-a53f-1bbc96404e12
2019-10-16 21:55:40,553 [grpc-default-executor-1] INFO  impl.RaftServerImpl (RaftServerImpl.java:setRole(184)) - 6b24a2ab-97ee-4d49-85cc-2d76c2f4b8ef@group-569FAC3F8BCE: changes role from  FOLLOWER to FOLLOWER at term 347 for recognizeCandidate:277b5c5e-8c6f-4c9a-a53f-1bbc96404e12
2019-10-16 21:55:40,553 [grpc-default-executor-0] INFO  impl.RoleInfo (RoleInfo.java:shutdownFollowerState(121)) - a32408a4-f19d-4bad-97c5-ba33ae94fc9a: shutdown FollowerState
2019-10-16 21:55:40,553 [grpc-default-executor-1] INFO  impl.RoleInfo (RoleInfo.java:shutdownFollowerState(121)) - 6b24a2ab-97ee-4d49-85cc-2d76c2f4b8ef: shutdown FollowerState
2019-10-16 21:55:40,553 [Thread-2348] INFO  impl.FollowerState (FollowerState.java:run(117)) - a32408a4-f19d-4bad-97c5-ba33ae94fc9a@group-569FAC3F8BCE-FollowerState was interrupted: java.lang.InterruptedException: sleep interrupted
2019-10-16 21:55:40,553 [grpc-default-executor-0] INFO  impl.RoleInfo (RoleInfo.java:updateAndGet(143)) - a32408a4-f19d-4bad-97c5-ba33ae94fc9a: start FollowerState
2019-10-16 21:55:40,554 [Thread-2349] INFO  impl.FollowerState (FollowerState.java:run(117)) - 6b24a2ab-97ee-4d49-85cc-2d76c2f4b8ef@group-569FAC3F8BCE-FollowerState was interrupted: java.lang.InterruptedException: sleep interrupted
2019-10-16 21:55:40,554 [grpc-default-executor-1] INFO  impl.RoleInfo (RoleInfo.java:updateAndGet(143)) - 6b24a2ab-97ee-4d49-85cc-2d76c2f4b8ef: start FollowerState
2019-10-16 21:55:40,571 [277b5c5e-8c6f-4c9a-a53f-1bbc96404e12@group-569FAC3F8BCE-LeaderElection336] INFO  impl.LeaderElection (LeaderElection.java:logAndReturn(56)) - 277b5c5e-8c6f-4c9a-a53f-1bbc96404e12@group-569FAC3F8BCE-LeaderElection336: Election REJECTED; received 2 response(s) [277b5c5e-8c6f-4c9a-a53f-1bbc96404e12<-6b24a2ab-97ee-4d49-85cc-2d76c2f4b8ef#0:FAIL-t347, 277b5c5e-8c6f-4c9a-a53f-1bbc96404e12<-a32408a4-f19d-4bad-97c5-ba33ae94fc9a#0:FAIL-t347] and 0 exception(s); 277b5c5e-8c6f-4c9a-a53f-1bbc96404e12@group-569FAC3F8BCE:t347, leader=null, voted=277b5c5e-8c6f-4c9a-a53f-1bbc96404e12, raftlog=277b5c5e-8c6f-4c9a-a53f-1bbc96404e12@group-569FAC3F8BCE-SegmentedRaftLog:OPENED:c-1,f-1,i0, conf=-1: [a32408a4-f19d-4bad-97c5-ba33ae94fc9a:192.168.157.254:38721, 6b24a2ab-97ee-4d49-85cc-2d76c2f4b8ef:192.168.157.254:41080, 277b5c5e-8c6f-4c9a-a53f-1bbc96404e12:192.168.157.254:41416], old=null
2019-10-16 21:55:40,571 [277b5c5e-8c6f-4c9a-a53f-1bbc96404e12@group-569FAC3F8BCE-LeaderElection336] INFO  impl.RaftServerImpl (RaftServerImpl.java:setRole(184)) - 277b5c5e-8c6f-4c9a-a53f-1bbc96404e12@group-569FAC3F8BCE: changes role from CANDIDATE to FOLLOWER at term 347 for DISCOVERED_A_NEW_TERM
2019-10-16 21:55:40,571 [277b5c5e-8c6f-4c9a-a53f-1bbc96404e12@group-569FAC3F8BCE-LeaderElection336] INFO  impl.RoleInfo (RoleInfo.java:shutdownLeaderElection(134)) - 277b5c5e-8c6f-4c9a-a53f-1bbc96404e12: shutdown LeaderElection
2019-10-16 21:55:40,571 [277b5c5e-8c6f-4c9a-a53f-1bbc96404e12@group-569FAC3F8BCE-LeaderElection336] INFO  impl.RoleInfo (RoleInfo.java:updateAndGet(143)) - 277b5c5e-8c6f-4c9a-a53f-1bbc96404e12: start FollowerState
2019-10-16 21:55:40,579 [Thread-0] INFO  ozone.MiniOzoneClusterImpl (MiniOzoneClusterImpl.java:lambda$waitForClusterToBeReady$2(164)) - Waiting for 1 number of pipelines out of 4, to report a leader.
2019-10-16 21:55:40,682 [Thread-2356] INFO  impl.FollowerState (FollowerState.java:run(108)) - 277b5c5e-8c6f-4c9a-a53f-1bbc96404e12@group-569FAC3F8BCE-FollowerState: change to CANDIDATE, lastRpcTime:111ms, electionTimeout:111ms
2019-10-16 21:55:40,683 [Thread-2356] INFO  impl.RoleInfo (RoleInfo.java:shutdownFollowerState(121)) - 277b5c5e-8c6f-4c9a-a53f-1bbc96404e12: shutdown FollowerState
2019-10-16 21:55:40,683 [Thread-2356] INFO  impl.RaftServerImpl (RaftServerImpl.java:setRole(184)) - 277b5c5e-8c6f-4c9a-a53f-1bbc96404e12@group-569FAC3F8BCE: changes role from  FOLLOWER to CANDIDATE at term 347 for changeToCandidate
2019-10-16 21:55:40,683 [Thread-2356] INFO  impl.RoleInfo (RoleInfo.java:updateAndGet(143)) - 277b5c5e-8c6f-4c9a-a53f-1bbc96404e12: start LeaderElection
2019-10-16 21:55:40,697 [277b5c5e-8c6f-4c9a-a53f-1bbc96404e12@group-569FAC3F8BCE-LeaderElection337] INFO  impl.LeaderElection (LeaderElection.java:askForVotes(178)) - 277b5c5e-8c6f-4c9a-a53f-1bbc96404e12@group-569FAC3F8BCE-LeaderElection337: begin an election at term 348 for -1: [a32408a4-f19d-4bad-97c5-ba33ae94fc9a:192.168.157.254:38721, 6b24a2ab-97ee-4d49-85cc-2d76c2f4b8ef:192.168.157.254:41080, 277b5c5e-8c6f-4c9a-a53f-1bbc96404e12:192.168.157.254:41416], old=null
2019-10-16 21:55:40,700 [grpc-default-executor-0] INFO  impl.RaftServerImpl (RaftServerImpl.java:setRole(184)) - a32408a4-f19d-4bad-97c5-ba33ae94fc9a@group-569FAC3F8BCE: changes role from  FOLLOWER to FOLLOWER at term 348 for recognizeCandidate:277b5c5e-8c6f-4c9a-a53f-1bbc96404e12
2019-10-16 21:55:40,700 [grpc-default-executor-0] INFO  impl.RoleInfo (RoleInfo.java:shutdownFollowerState(121)) - a32408a4-f19d-4bad-97c5-ba33ae94fc9a: shutdown FollowerState
2019-10-16 21:55:40,700 [grpc-default-executor-1] INFO  impl.RaftServerImpl (RaftServerImpl.java:setRole(184)) - 6b24a2ab-97ee-4d49-85cc-2d76c2f4b8ef@group-569FAC3F8BCE: changes role from  FOLLOWER to FOLLOWER at term 348 for recognizeCandidate:277b5c5e-8c6f-4c9a-a53f-1bbc96404e12
2019-10-16 21:55:40,700 [grpc-default-executor-1] INFO  impl.RoleInfo (RoleInfo.java:shutdownFollowerState(121)) - 6b24a2ab-97ee-4d49-85cc-2d76c2f4b8ef: shutdown FollowerState
2019-10-16 21:55:40,700 [Thread-2354] INFO  impl.FollowerState (FollowerState.java:run(117)) - a32408a4-f19d-4bad-97c5-ba33ae94fc9a@group-569FAC3F8BCE-FollowerState was interrupted: java.lang.InterruptedException: sleep interrupted
2019-10-16 21:55:40,700 [Thread-2355] INFO  impl.FollowerState (FollowerState.java:run(117)) - 6b24a2ab-97ee-4d49-85cc-2d76c2f4b8ef@group-569FAC3F8BCE-FollowerState was interrupted: java.lang.InterruptedException: sleep interrupted
2019-10-16 21:55:40,700 [grpc-default-executor-0] INFO  impl.RoleInfo (RoleInfo.java:updateAndGet(143)) - a32408a4-f19d-4bad-97c5-ba33ae94fc9a: start FollowerState
2019-10-16 21:55:40,700 [grpc-default-executor-1] INFO  impl.RoleInfo (RoleInfo.java:updateAndGet(143)) - 6b24a2ab-97ee-4d49-85cc-2d76c2f4b8ef: start FollowerState
2019-10-16 21:55:40,724 [277b5c5e-8c6f-4c9a-a53f-1bbc96404e12@group-569FAC3F8BCE-LeaderElection337] INFO  impl.LeaderElection (LeaderElection.java:logAndReturn(56)) - 277b5c5e-8c6f-4c9a-a53f-1bbc96404e12@group-569FAC3F8BCE-LeaderElection337: Election REJECTED; received 2 response(s) [277b5c5e-8c6f-4c9a-a53f-1bbc96404e12<-a32408a4-f19d-4bad-97c5-ba33ae94fc9a#0:FAIL-t348, 277b5c5e-8c6f-4c9a-a53f-1bbc96404e12<-6b24a2ab-97ee-4d49-85cc-2d76c2f4b8ef#0:FAIL-t348] and 0 exception(s); 277b5c5e-8c6f-4c9a-a53f-1bbc96404e12@group-569FAC3F8BCE:t348, leader=null, voted=277b5c5e-8c6f-4c9a-a53f-1bbc96404e12, raftlog=277b5c5e-8c6f-4c9a-a53f-1bbc96404e12@group-569FAC3F8BCE-SegmentedRaftLog:OPENED:c-1,f-1,i0, conf=-1: [a32408a4-f19d-4bad-97c5-ba33ae94fc9a:192.168.157.254:38721, 6b24a2ab-97ee-4d49-85cc-2d76c2f4b8ef:192.168.157.254:41080, 277b5c5e-8c6f-4c9a-a53f-1bbc96404e12:192.168.157.254:41416], old=null
2019-10-16 21:55:40,724 [277b5c5e-8c6f-4c9a-a53f-1bbc96404e12@group-569FAC3F8BCE-LeaderElection337] INFO  impl.RaftServerImpl (RaftServerImpl.java:setRole(184)) - 277b5c5e-8c6f-4c9a-a53f-1bbc96404e12@group-569FAC3F8BCE: changes role from CANDIDATE to FOLLOWER at term 348 for DISCOVERED_A_NEW_TERM
2019-10-16 21:55:40,724 [277b5c5e-8c6f-4c9a-a53f-1bbc96404e12@group-569FAC3F8BCE-LeaderElection337] INFO  impl.RoleInfo (RoleInfo.java:shutdownLeaderElection(134)) - 277b5c5e-8c6f-4c9a-a53f-1bbc96404e12: shutdown LeaderElection
2019-10-16 21:55:40,724 [277b5c5e-8c6f-4c9a-a53f-1bbc96404e12@group-569FAC3F8BCE-LeaderElection337] INFO  impl.RoleInfo (RoleInfo.java:updateAndGet(143)) - 277b5c5e-8c6f-4c9a-a53f-1bbc96404e12: start FollowerState
2019-10-16 21:55:40,883 [Thread-2362] INFO  impl.FollowerState (FollowerState.java:run(108)) - 277b5c5e-8c6f-4c9a-a53f-1bbc96404e12@group-569FAC3F8BCE-FollowerState: change to CANDIDATE, lastRpcTime:158ms, electionTimeout:158ms
2019-10-16 21:55:40,883 [Thread-2362] INFO  impl.RoleInfo (RoleInfo.java:shutdownFollowerState(121)) - 277b5c5e-8c6f-4c9a-a53f-1bbc96404e12: shutdown FollowerState
2019-10-16 21:55:40,883 [Thread-2362] INFO  impl.RaftServerImpl (RaftServerImpl.java:setRole(184)) - 277b5c5e-8c6f-4c9a-a53f-1bbc96404e12@group-569FAC3F8BCE: changes role from  FOLLOWER to CANDIDATE at term 348 for changeToCandidate
2019-10-16 21:55:40,883 [Thread-2362] INFO  impl.RoleInfo (RoleInfo.java:updateAndGet(143)) - 277b5c5e-8c6f-4c9a-a53f-1bbc96404e12: start LeaderElection
2019-10-16 21:55:40,897 [277b5c5e-8c6f-4c9a-a53f-1bbc96404e12@group-569FAC3F8BCE-LeaderElection338] INFO  impl.LeaderElection (LeaderElection.java:askForVotes(178)) - 277b5c5e-8c6f-4c9a-a53f-1bbc96404e12@group-569FAC3F8BCE-LeaderElection338: begin an election at term 349 for -1: [a32408a4-f19d-4bad-97c5-ba33ae94fc9a:192.168.157.254:38721, 6b24a2ab-97ee-4d49-85cc-2d76c2f4b8ef:192.168.157.254:41080, 277b5c5e-8c6f-4c9a-a53f-1bbc96404e12:192.168.157.254:41416], old=null
2019-10-16 21:55:40,899 [grpc-default-executor-1] INFO  impl.RaftServerImpl (RaftServerImpl.java:setRole(184)) - a32408a4-f19d-4bad-97c5-ba33ae94fc9a@group-569FAC3F8BCE: changes role from  FOLLOWER to FOLLOWER at term 349 for recognizeCandidate:277b5c5e-8c6f-4c9a-a53f-1bbc96404e12
2019-10-16 21:55:40,899 [grpc-default-executor-1] INFO  impl.RoleInfo (RoleInfo.java:shutdownFollowerState(121)) - a32408a4-f19d-4bad-97c5-ba33ae94fc9a: shutdown FollowerState
2019-10-16 21:55:40,899 [grpc-default-executor-1] INFO  impl.RoleInfo (RoleInfo.java:updateAndGet(143)) - a32408a4-f19d-4bad-97c5-ba33ae94fc9a: start FollowerState
2019-10-16 21:55:40,899 [Thread-2360] INFO  impl.FollowerState (FollowerState.java:run(117)) - a32408a4-f19d-4bad-97c5-ba33ae94fc9a@group-569FAC3F8BCE-FollowerState was interrupted: java.lang.InterruptedException: sleep interrupted
2019-10-16 21:55:40,899 [grpc-default-executor-0] INFO  impl.RaftServerImpl (RaftServerImpl.java:setRole(184)) - 6b24a2ab-97ee-4d49-85cc-2d76c2f4b8ef@group-569FAC3F8BCE: changes role from  FOLLOWER to FOLLOWER at term 349 for recognizeCandidate:277b5c5e-8c6f-4c9a-a53f-1bbc96404e12
2019-10-16 21:55:40,900 [grpc-default-executor-0] INFO  impl.RoleInfo (RoleInfo.java:shutdownFollowerState(121)) - 6b24a2ab-97ee-4d49-85cc-2d76c2f4b8ef: shutdown FollowerState
2019-10-16 21:55:40,900 [grpc-default-executor-0] INFO  impl.RoleInfo (RoleInfo.java:updateAndGet(143)) - 6b24a2ab-97ee-4d49-85cc-2d76c2f4b8ef: start FollowerState
2019-10-16 21:55:40,900 [Thread-2361] INFO  impl.FollowerState (FollowerState.java:run(117)) - 6b24a2ab-97ee-4d49-85cc-2d76c2f4b8ef@group-569FAC3F8BCE-FollowerState was interrupted: java.lang.InterruptedException: sleep interrupted
2019-10-16 21:55:40,926 [277b5c5e-8c6f-4c9a-a53f-1bbc96404e12@group-569FAC3F8BCE-LeaderElection338] INFO  impl.LeaderElection (LeaderElection.java:logAndReturn(56)) - 277b5c5e-8c6f-4c9a-a53f-1bbc96404e12@group-569FAC3F8BCE-LeaderElection338: Election REJECTED; received 2 response(s) [277b5c5e-8c6f-4c9a-a53f-1bbc96404e12<-a32408a4-f19d-4bad-97c5-ba33ae94fc9a#0:FAIL-t349, 277b5c5e-8c6f-4c9a-a53f-1bbc96404e12<-6b24a2ab-97ee-4d49-85cc-2d76c2f4b8ef#0:FAIL-t349] and 0 exception(s); 277b5c5e-8c6f-4c9a-a53f-1bbc96404e12@group-569FAC3F8BCE:t349, leader=null, voted=277b5c5e-8c6f-4c9a-a53f-1bbc96404e12, raftlog=277b5c5e-8c6f-4c9a-a53f-1bbc96404e12@group-569FAC3F8BCE-SegmentedRaftLog:OPENED:c-1,f-1,i0, conf=-1: [a32408a4-f19d-4bad-97c5-ba33ae94fc9a:192.168.157.254:38721, 6b24a2ab-97ee-4d49-85cc-2d76c2f4b8ef:192.168.157.254:41080, 277b5c5e-8c6f-4c9a-a53f-1bbc96404e12:192.168.157.254:41416], old=null
2019-10-16 21:55:40,926 [277b5c5e-8c6f-4c9a-a53f-1bbc96404e12@group-569FAC3F8BCE-LeaderElection338] INFO  impl.RaftServerImpl (RaftServerImpl.java:setRole(184)) - 277b5c5e-8c6f-4c9a-a53f-1bbc96404e12@group-569FAC3F8BCE: changes role from CANDIDATE to FOLLOWER at term 349 for DISCOVERED_A_NEW_TERM
2019-10-16 21:55:40,927 [277b5c5e-8c6f-4c9a-a53f-1bbc96404e12@group-569FAC3F8BCE-LeaderElection338] INFO  impl.RoleInfo (RoleInfo.java:shutdownLeaderElection(134)) - 277b5c5e-8c6f-4c9a-a53f-1bbc96404e12: shutdown LeaderElection
2019-10-16 21:55:40,927 [277b5c5e-8c6f-4c9a-a53f-1bbc96404e12@group-569FAC3F8BCE-LeaderElection338] INFO  impl.RoleInfo (RoleInfo.java:updateAndGet(143)) - 277b5c5e-8c6f-4c9a-a53f-1bbc96404e12: start FollowerState
2019-10-16 21:55:40,934 [Thread-2368] INFO  impl.FollowerState (FollowerState.java:run(108)) - 277b5c5e-8c6f-4c9a-a53f-1bbc96404e12@group-569FAC3F8BCE-FollowerState: change to CANDIDATE, lastRpcTime:7ms, electionTimeout:4ms
2019-10-16 21:55:40,934 [Thread-2368] INFO  impl.RoleInfo (RoleInfo.java:shutdownFollowerState(121)) - 277b5c5e-8c6f-4c9a-a53f-1bbc96404e12: shutdown FollowerState
2019-10-16 21:55:40,934 [Thread-2368] INFO  impl.RaftServerImpl (RaftServerImpl.java:setRole(184)) - 277b5c5e-8c6f-4c9a-a53f-1bbc96404e12@group-569FAC3F8BCE: changes role from  FOLLOWER to CANDIDATE at term 349 for changeToCandidate
2019-10-16 21:55:40,934 [Thread-2368] INFO  impl.RoleInfo (RoleInfo.java:updateAndGet(143)) - 277b5c5e-8c6f-4c9a-a53f-1bbc96404e12: start LeaderElection
2019-10-16 21:55:40,950 [277b5c5e-8c6f-4c9a-a53f-1bbc96404e12@group-569FAC3F8BCE-LeaderElection339] INFO  impl.LeaderElection (LeaderElection.java:askForVotes(178)) - 277b5c5e-8c6f-4c9a-a53f-1bbc96404e12@group-569FAC3F8BCE-LeaderElection339: begin an election at term 350 for -1: [a32408a4-f19d-4bad-97c5-ba33ae94fc9a:192.168.157.254:38721, 6b24a2ab-97ee-4d49-85cc-2d76c2f4b8ef:192.168.157.254:41080, 277b5c5e-8c6f-4c9a-a53f-1bbc96404e12:192.168.157.254:41416], old=null
2019-10-16 21:55:40,952 [grpc-default-executor-0] INFO  impl.RaftServerImpl (RaftServerImpl.java:setRole(184)) - a32408a4-f19d-4bad-97c5-ba33ae94fc9a@group-569FAC3F8BCE: changes role from  FOLLOWER to FOLLOWER at term 350 for recognizeCandidate:277b5c5e-8c6f-4c9a-a53f-1bbc96404e12
2019-10-16 21:55:40,952 [grpc-default-executor-0] INFO  impl.RoleInfo (RoleInfo.java:shutdownFollowerState(121)) - a32408a4-f19d-4bad-97c5-ba33ae94fc9a: shutdown FollowerState
2019-10-16 21:55:40,952 [grpc-default-executor-0] INFO  impl.RoleInfo (RoleInfo.java:updateAndGet(143)) - a32408a4-f19d-4bad-97c5-ba33ae94fc9a: start FollowerState
2019-10-16 21:55:40,953 [Thread-2366] INFO  impl.FollowerState (FollowerState.java:run(117)) - a32408a4-f19d-4bad-97c5-ba33ae94fc9a@group-569FAC3F8BCE-FollowerState was interrupted: java.lang.InterruptedException: sleep interrupted
2019-10-16 21:55:40,953 [grpc-default-executor-1] INFO  impl.RaftServerImpl (RaftServerImpl.java:setRole(184)) - 6b24a2ab-97ee-4d49-85cc-2d76c2f4b8ef@group-569FAC3F8BCE: changes role from  FOLLOWER to FOLLOWER at term 350 for recognizeCandidate:277b5c5e-8c6f-4c9a-a53f-1bbc96404e12
2019-10-16 21:55:40,953 [grpc-default-executor-1] INFO  impl.RoleInfo (RoleInfo.java:shutdownFollowerState(121)) - 6b24a2ab-97ee-4d49-85cc-2d76c2f4b8ef: shutdown FollowerState
2019-10-16 21:55:40,953 [grpc-default-executor-1] INFO  impl.RoleInfo (RoleInfo.java:updateAndGet(143)) - 6b24a2ab-97ee-4d49-85cc-2d76c2f4b8ef: start FollowerState
2019-10-16 21:55:40,953 [Thread-2367] INFO  impl.FollowerState (FollowerState.java:run(117)) - 6b24a2ab-97ee-4d49-85cc-2d76c2f4b8ef@group-569FAC3F8BCE-FollowerState was interrupted: java.lang.InterruptedException: sleep interrupted
2019-10-16 21:55:40,978 [277b5c5e-8c6f-4c9a-a53f-1bbc96404e12@group-569FAC3F8BCE-LeaderElection339] INFO  impl.LeaderElection (LeaderElection.java:logAndReturn(56)) - 277b5c5e-8c6f-4c9a-a53f-1bbc96404e12@group-569FAC3F8BCE-LeaderElection339: Election REJECTED; received 2 response(s) [277b5c5e-8c6f-4c9a-a53f-1bbc96404e12<-a32408a4-f19d-4bad-97c5-ba33ae94fc9a#0:FAIL-t350, 277b5c5e-8c6f-4c9a-a53f-1bbc96404e12<-6b24a2ab-97ee-4d49-85cc-2d76c2f4b8ef#0:FAIL-t350] and 0 exception(s); 277b5c5e-8c6f-4c9a-a53f-1bbc96404e12@group-569FAC3F8BCE:t350, leader=null, voted=277b5c5e-8c6f-4c9a-a53f-1bbc96404e12, raftlog=277b5c5e-8c6f-4c9a-a53f-1bbc96404e12@group-569FAC3F8BCE-SegmentedRaftLog:OPENED:c-1,f-1,i0, conf=-1: [a32408a4-f19d-4bad-97c5-ba33ae94fc9a:192.168.157.254:38721, 6b24a2ab-97ee-4d49-85cc-2d76c2f4b8ef:192.168.157.254:41080, 277b5c5e-8c6f-4c9a-a53f-1bbc96404e12:192.168.157.254:41416], old=null
2019-10-16 21:55:40,978 [277b5c5e-8c6f-4c9a-a53f-1bbc96404e12@group-569FAC3F8BCE-LeaderElection339] INFO  impl.RaftServerImpl (RaftServerImpl.java:setRole(184)) - 277b5c5e-8c6f-4c9a-a53f-1bbc96404e12@group-569FAC3F8BCE: changes role from CANDIDATE to FOLLOWER at term 350 for DISCOVERED_A_NEW_TERM
2019-10-16 21:55:40,978 [277b5c5e-8c6f-4c9a-a53f-1bbc96404e12@group-569FAC3F8BCE-LeaderElection339] INFO  impl.RoleInfo (RoleInfo.java:shutdownLeaderElection(134)) - 277b5c5e-8c6f-4c9a-a53f-1bbc96404e12: shutdown LeaderElection
2019-10-16 21:55:40,978 [277b5c5e-8c6f-4c9a-a53f-1bbc96404e12@group-569FAC3F8BCE-LeaderElection339] INFO  impl.RoleInfo (RoleInfo.java:updateAndGet(143)) - 277b5c5e-8c6f-4c9a-a53f-1bbc96404e12: start FollowerState
2019-10-16 21:55:41,004 [Thread-2374] INFO  impl.FollowerState (FollowerState.java:run(108)) - 277b5c5e-8c6f-4c9a-a53f-1bbc96404e12@group-569FAC3F8BCE-FollowerState: change to CANDIDATE, lastRpcTime:25ms, electionTimeout:25ms
2019-10-16 21:55:41,004 [Thread-2374] INFO  impl.RoleInfo (RoleInfo.java:shutdownFollowerState(121)) - 277b5c5e-8c6f-4c9a-a53f-1bbc96404e12: shutdown FollowerState
2019-10-16 21:55:41,004 [Thread-2374] INFO  impl.RaftServerImpl (RaftServerImpl.java:setRole(184)) - 277b5c5e-8c6f-4c9a-a53f-1bbc96404e12@group-569FAC3F8BCE: changes role from  FOLLOWER to CANDIDATE at term 350 for changeToCandidate
2019-10-16 21:55:41,004 [Thread-2374] INFO  impl.RoleInfo (RoleInfo.java:updateAndGet(143)) - 277b5c5e-8c6f-4c9a-a53f-1bbc96404e12: start LeaderElection
2019-10-16 21:55:41,017 [277b5c5e-8c6f-4c9a-a53f-1bbc96404e12@group-569FAC3F8BCE-LeaderElection340] INFO  impl.LeaderElection (LeaderElection.java:askForVotes(178)) - 277b5c5e-8c6f-4c9a-a53f-1bbc96404e12@group-569FAC3F8BCE-LeaderElection340: begin an election at term 351 for -1: [a32408a4-f19d-4bad-97c5-ba33ae94fc9a:192.168.157.254:38721, 6b24a2ab-97ee-4d49-85cc-2d76c2f4b8ef:192.168.157.254:41080, 277b5c5e-8c6f-4c9a-a53f-1bbc96404e12:192.168.157.254:41416], old=null
2019-10-16 21:55:41,019 [grpc-default-executor-1] INFO  impl.RaftServerImpl (RaftServerImpl.java:setRole(184)) - a32408a4-f19d-4bad-97c5-ba33ae94fc9a@group-569FAC3F8BCE: changes role from  FOLLOWER to FOLLOWER at term 351 for recognizeCandidate:277b5c5e-8c6f-4c9a-a53f-1bbc96404e12
2019-10-16 21:55:41,019 [grpc-default-executor-1] INFO  impl.RoleInfo (RoleInfo.java:shutdownFollowerState(121)) - a32408a4-f19d-4bad-97c5-ba33ae94fc9a: shutdown FollowerState
2019-10-16 21:55:41,019 [grpc-default-executor-1] INFO  impl.RoleInfo (RoleInfo.java:updateAndGet(143)) - a32408a4-f19d-4bad-97c5-ba33ae94fc9a: start FollowerState
2019-10-16 21:55:41,020 [Thread-2372] INFO  impl.FollowerState (FollowerState.java:run(117)) - a32408a4-f19d-4bad-97c5-ba33ae94fc9a@group-569FAC3F8BCE-FollowerState was interrupted: java.lang.InterruptedException: sleep interrupted
2019-10-16 21:55:41,020 [grpc-default-executor-0] INFO  impl.RaftServerImpl (RaftServerImpl.java:setRole(184)) - 6b24a2ab-97ee-4d49-85cc-2d76c2f4b8ef@group-569FAC3F8BCE: changes role from  FOLLOWER to FOLLOWER at term 351 for recognizeCandidate:277b5c5e-8c6f-4c9a-a53f-1bbc96404e12
2019-10-16 21:55:41,020 [grpc-default-executor-0] INFO  impl.RoleInfo (RoleInfo.java:shutdownFollowerState(121)) - 6b24a2ab-97ee-4d49-85cc-2d76c2f4b8ef: shutdown FollowerState
2019-10-16 21:55:41,020 [grpc-default-executor-0] INFO  impl.RoleInfo (RoleInfo.java:updateAndGet(143)) - 6b24a2ab-97ee-4d49-85cc-2d76c2f4b8ef: start FollowerState
2019-10-16 21:55:41,020 [Thread-2373] INFO  impl.FollowerState (FollowerState.java:run(117)) - 6b24a2ab-97ee-4d49-85cc-2d76c2f4b8ef@group-569FAC3F8BCE-FollowerState was interrupted: java.lang.InterruptedException: sleep interrupted
2019-10-16 21:55:41,038 [277b5c5e-8c6f-4c9a-a53f-1bbc96404e12@group-569FAC3F8BCE-LeaderElection340] INFO  impl.LeaderElection (LeaderElection.java:logAndReturn(56)) - 277b5c5e-8c6f-4c9a-a53f-1bbc96404e12@group-569FAC3F8BCE-LeaderElection340: Election REJECTED; received 2 response(s) [277b5c5e-8c6f-4c9a-a53f-1bbc96404e12<-6b24a2ab-97ee-4d49-85cc-2d76c2f4b8ef#0:FAIL-t351, 277b5c5e-8c6f-4c9a-a53f-1bbc96404e12<-a32408a4-f19d-4bad-97c5-ba33ae94fc9a#0:FAIL-t351] and 0 exception(s); 277b5c5e-8c6f-4c9a-a53f-1bbc96404e12@group-569FAC3F8BCE:t351, leader=null, voted=277b5c5e-8c6f-4c9a-a53f-1bbc96404e12, raftlog=277b5c5e-8c6f-4c9a-a53f-1bbc96404e12@group-569FAC3F8BCE-SegmentedRaftLog:OPENED:c-1,f-1,i0, conf=-1: [a32408a4-f19d-4bad-97c5-ba33ae94fc9a:192.168.157.254:38721, 6b24a2ab-97ee-4d49-85cc-2d76c2f4b8ef:192.168.157.254:41080, 277b5c5e-8c6f-4c9a-a53f-1bbc96404e12:192.168.157.254:41416], old=null
2019-10-16 21:55:41,039 [277b5c5e-8c6f-4c9a-a53f-1bbc96404e12@group-569FAC3F8BCE-LeaderElection340] INFO  impl.RaftServerImpl (RaftServerImpl.java:setRole(184)) - 277b5c5e-8c6f-4c9a-a53f-1bbc96404e12@group-569FAC3F8BCE: changes role from CANDIDATE to FOLLOWER at term 351 for DISCOVERED_A_NEW_TERM
2019-10-16 21:55:41,039 [277b5c5e-8c6f-4c9a-a53f-1bbc96404e12@group-569FAC3F8BCE-LeaderElection340] INFO  impl.RoleInfo (RoleInfo.java:shutdownLeaderElection(134)) - 277b5c5e-8c6f-4c9a-a53f-1bbc96404e12: shutdown LeaderElection
2019-10-16 21:55:41,039 [277b5c5e-8c6f-4c9a-a53f-1bbc96404e12@group-569FAC3F8BCE-LeaderElection340] INFO  impl.RoleInfo (RoleInfo.java:updateAndGet(143)) - 277b5c5e-8c6f-4c9a-a53f-1bbc96404e12: start FollowerState
2019-10-16 21:55:41,109 [Thread-2380] INFO  impl.FollowerState (FollowerState.java:run(108)) - 277b5c5e-8c6f-4c9a-a53f-1bbc96404e12@group-569FAC3F8BCE-FollowerState: change to CANDIDATE, lastRpcTime:70ms, electionTimeout:70ms
2019-10-16 21:55:41,110 [Thread-2380] INFO  impl.RoleInfo (RoleInfo.java:shutdownFollowerState(121)) - 277b5c5e-8c6f-4c9a-a53f-1bbc96404e12: shutdown FollowerState
2019-10-16 21:55:41,110 [Thread-2380] INFO  impl.RaftServerImpl (RaftServerImpl.java:setRole(184)) - 277b5c5e-8c6f-4c9a-a53f-1bbc96404e12@group-569FAC3F8BCE: changes role from  FOLLOWER to CANDIDATE at term 351 for changeToCandidate
2019-10-16 21:55:41,110 [Thread-2380] INFO  impl.RoleInfo (RoleInfo.java:updateAndGet(143)) - 277b5c5e-8c6f-4c9a-a53f-1bbc96404e12: start LeaderElection
2019-10-16 21:55:41,124 [277b5c5e-8c6f-4c9a-a53f-1bbc96404e12@group-569FAC3F8BCE-LeaderElection341] INFO  impl.LeaderElection (LeaderElection.java:askForVotes(178)) - 277b5c5e-8c6f-4c9a-a53f-1bbc96404e12@group-569FAC3F8BCE-LeaderElection341: begin an election at term 352 for -1: [a32408a4-f19d-4bad-97c5-ba33ae94fc9a:192.168.157.254:38721, 6b24a2ab-97ee-4d49-85cc-2d76c2f4b8ef:192.168.157.254:41080, 277b5c5e-8c6f-4c9a-a53f-1bbc96404e12:192.168.157.254:41416], old=null
2019-10-16 21:55:41,126 [grpc-default-executor-0] INFO  impl.RaftServerImpl (RaftServerImpl.java:setRole(184)) - a32408a4-f19d-4bad-97c5-ba33ae94fc9a@group-569FAC3F8BCE: changes role from  FOLLOWER to FOLLOWER at term 352 for recognizeCandidate:277b5c5e-8c6f-4c9a-a53f-1bbc96404e12
2019-10-16 21:55:41,126 [grpc-default-executor-1] INFO  impl.RaftServerImpl (RaftServerImpl.java:setRole(184)) - 6b24a2ab-97ee-4d49-85cc-2d76c2f4b8ef@group-569FAC3F8BCE: changes role from  FOLLOWER to FOLLOWER at term 352 for recognizeCandidate:277b5c5e-8c6f-4c9a-a53f-1bbc96404e12
2019-10-16 21:55:41,126 [grpc-default-executor-1] INFO  impl.RoleInfo (RoleInfo.java:shutdownFollowerState(121)) - 6b24a2ab-97ee-4d49-85cc-2d76c2f4b8ef: shutdown FollowerState
2019-10-16 21:55:41,126 [grpc-default-executor-0] INFO  impl.RoleInfo (RoleInfo.java:shutdownFollowerState(121)) - a32408a4-f19d-4bad-97c5-ba33ae94fc9a: shutdown FollowerState
2019-10-16 21:55:41,127 [Thread-2379] INFO  impl.FollowerState (FollowerState.java:run(117)) - 6b24a2ab-97ee-4d49-85cc-2d76c2f4b8ef@group-569FAC3F8BCE-FollowerState was interrupted: java.lang.InterruptedException: sleep interrupted
2019-10-16 21:55:41,127 [grpc-default-executor-1] INFO  impl.RoleInfo (RoleInfo.java:updateAndGet(143)) - 6b24a2ab-97ee-4d49-85cc-2d76c2f4b8ef: start FollowerState
2019-10-16 21:55:41,127 [Thread-2378] INFO  impl.FollowerState (FollowerState.java:run(117)) - a32408a4-f19d-4bad-97c5-ba33ae94fc9a@group-569FAC3F8BCE-FollowerState was interrupted: java.lang.InterruptedException: sleep interrupted
2019-10-16 21:55:41,127 [grpc-default-executor-0] INFO  impl.RoleInfo (RoleInfo.java:updateAndGet(143)) - a32408a4-f19d-4bad-97c5-ba33ae94fc9a: start FollowerState
2019-10-16 21:55:41,141 [277b5c5e-8c6f-4c9a-a53f-1bbc96404e12@group-569FAC3F8BCE-LeaderElection341] INFO  impl.LeaderElection (LeaderElection.java:logAndReturn(56)) - 277b5c5e-8c6f-4c9a-a53f-1bbc96404e12@group-569FAC3F8BCE-LeaderElection341: Election REJECTED; received 2 response(s) [277b5c5e-8c6f-4c9a-a53f-1bbc96404e12<-6b24a2ab-97ee-4d49-85cc-2d76c2f4b8ef#0:FAIL-t352, 277b5c5e-8c6f-4c9a-a53f-1bbc96404e12<-a32408a4-f19d-4bad-97c5-ba33ae94fc9a#0:FAIL-t352] and 0 exception(s); 277b5c5e-8c6f-4c9a-a53f-1bbc96404e12@group-569FAC3F8BCE:t352, leader=null, voted=277b5c5e-8c6f-4c9a-a53f-1bbc96404e12, raftlog=277b5c5e-8c6f-4c9a-a53f-1bbc96404e12@group-569FAC3F8BCE-SegmentedRaftLog:OPENED:c-1,f-1,i0, conf=-1: [a32408a4-f19d-4bad-97c5-ba33ae94fc9a:192.168.157.254:38721, 6b24a2ab-97ee-4d49-85cc-2d76c2f4b8ef:192.168.157.254:41080, 277b5c5e-8c6f-4c9a-a53f-1bbc96404e12:192.168.157.254:41416], old=null
2019-10-16 21:55:41,142 [277b5c5e-8c6f-4c9a-a53f-1bbc96404e12@group-569FAC3F8BCE-LeaderElection341] INFO  impl.RaftServerImpl (RaftServerImpl.java:setRole(184)) - 277b5c5e-8c6f-4c9a-a53f-1bbc96404e12@group-569FAC3F8BCE: changes role from CANDIDATE to FOLLOWER at term 352 for DISCOVERED_A_NEW_TERM
2019-10-16 21:55:41,142 [277b5c5e-8c6f-4c9a-a53f-1bbc96404e12@group-569FAC3F8BCE-LeaderElection341] INFO  impl.RoleInfo (RoleInfo.java:shutdownLeaderElection(134)) - 277b5c5e-8c6f-4c9a-a53f-1bbc96404e12: shutdown LeaderElection
2019-10-16 21:55:41,142 [277b5c5e-8c6f-4c9a-a53f-1bbc96404e12@group-569FAC3F8BCE-LeaderElection341] INFO  impl.RoleInfo (RoleInfo.java:updateAndGet(143)) - 277b5c5e-8c6f-4c9a-a53f-1bbc96404e12: start FollowerState
2019-10-16 21:55:41,154 [Thread-2386] INFO  impl.FollowerState (FollowerState.java:run(108)) - 277b5c5e-8c6f-4c9a-a53f-1bbc96404e12@group-569FAC3F8BCE-FollowerState: change to CANDIDATE, lastRpcTime:12ms, electionTimeout:12ms
2019-10-16 21:55:41,154 [Thread-2386] INFO  impl.RoleInfo (RoleInfo.java:shutdownFollowerState(121)) - 277b5c5e-8c6f-4c9a-a53f-1bbc96404e12: shutdown FollowerState
2019-10-16 21:55:41,154 [Thread-2386] INFO  impl.RaftServerImpl (RaftServerImpl.java:setRole(184)) - 277b5c5e-8c6f-4c9a-a53f-1bbc96404e12@group-569FAC3F8BCE: changes role from  FOLLOWER to CANDIDATE at term 352 for changeToCandidate
2019-10-16 21:55:41,155 [Thread-2386] INFO  impl.RoleInfo (RoleInfo.java:updateAndGet(143)) - 277b5c5e-8c6f-4c9a-a53f-1bbc96404e12: start LeaderElection
2019-10-16 21:55:41,170 [277b5c5e-8c6f-4c9a-a53f-1bbc96404e12@group-569FAC3F8BCE-LeaderElection342] INFO  impl.LeaderElection (LeaderElection.java:askForVotes(178)) - 277b5c5e-8c6f-4c9a-a53f-1bbc96404e12@group-569FAC3F8BCE-LeaderElection342: begin an election at term 353 for -1: [a32408a4-f19d-4bad-97c5-ba33ae94fc9a:192.168.157.254:38721, 6b24a2ab-97ee-4d49-85cc-2d76c2f4b8ef:192.168.157.254:41080, 277b5c5e-8c6f-4c9a-a53f-1bbc96404e12:192.168.157.254:41416], old=null
2019-10-16 21:55:41,172 [grpc-default-executor-0] INFO  impl.RaftServerImpl (RaftServerImpl.java:setRole(184)) - a32408a4-f19d-4bad-97c5-ba33ae94fc9a@group-569FAC3F8BCE: changes role from  FOLLOWER to FOLLOWER at term 353 for recognizeCandidate:277b5c5e-8c6f-4c9a-a53f-1bbc96404e12
2019-10-16 21:55:41,173 [grpc-default-executor-0] INFO  impl.RoleInfo (RoleInfo.java:shutdownFollowerState(121)) - a32408a4-f19d-4bad-97c5-ba33ae94fc9a: shutdown FollowerState
2019-10-16 21:55:41,173 [grpc-default-executor-0] INFO  impl.RoleInfo (RoleInfo.java:updateAndGet(143)) - a32408a4-f19d-4bad-97c5-ba33ae94fc9a: start FollowerState
2019-10-16 21:55:41,173 [Thread-2385] INFO  impl.FollowerState (FollowerState.java:run(117)) - a32408a4-f19d-4bad-97c5-ba33ae94fc9a@group-569FAC3F8BCE-FollowerState was interrupted: java.lang.InterruptedException: sleep interrupted
2019-10-16 21:55:41,173 [grpc-default-executor-1] INFO  impl.RaftServerImpl (RaftServerImpl.java:setRole(184)) - 6b24a2ab-97ee-4d49-85cc-2d76c2f4b8ef@group-569FAC3F8BCE: changes role from  FOLLOWER to FOLLOWER at term 353 for recognizeCandidate:277b5c5e-8c6f-4c9a-a53f-1bbc96404e12
2019-10-16 21:55:41,173 [grpc-default-executor-1] INFO  impl.RoleInfo (RoleInfo.java:shutdownFollowerState(121)) - 6b24a2ab-97ee-4d49-85cc-2d76c2f4b8ef: shutdown FollowerState
2019-10-16 21:55:41,173 [grpc-default-executor-1] INFO  impl.RoleInfo (RoleInfo.java:updateAndGet(143)) - 6b24a2ab-97ee-4d49-85cc-2d76c2f4b8ef: start FollowerState
2019-10-16 21:55:41,173 [Thread-2384] INFO  impl.FollowerState (FollowerState.java:run(117)) - 6b24a2ab-97ee-4d49-85cc-2d76c2f4b8ef@group-569FAC3F8BCE-FollowerState was interrupted: java.lang.InterruptedException: sleep interrupted
2019-10-16 21:55:41,197 [277b5c5e-8c6f-4c9a-a53f-1bbc96404e12@group-569FAC3F8BCE-LeaderElection342] INFO  impl.LeaderElection (LeaderElection.java:logAndReturn(56)) - 277b5c5e-8c6f-4c9a-a53f-1bbc96404e12@group-569FAC3F8BCE-LeaderElection342: Election REJECTED; received 2 response(s) [277b5c5e-8c6f-4c9a-a53f-1bbc96404e12<-6b24a2ab-97ee-4d49-85cc-2d76c2f4b8ef#0:FAIL-t353, 277b5c5e-8c6f-4c9a-a53f-1bbc96404e12<-a32408a4-f19d-4bad-97c5-ba33ae94fc9a#0:FAIL-t353] and 0 exception(s); 277b5c5e-8c6f-4c9a-a53f-1bbc96404e12@group-569FAC3F8BCE:t353, leader=null, voted=277b5c5e-8c6f-4c9a-a53f-1bbc96404e12, raftlog=277b5c5e-8c6f-4c9a-a53f-1bbc96404e12@group-569FAC3F8BCE-SegmentedRaftLog:OPENED:c-1,f-1,i0, conf=-1: [a32408a4-f19d-4bad-97c5-ba33ae94fc9a:192.168.157.254:38721, 6b24a2ab-97ee-4d49-85cc-2d76c2f4b8ef:192.168.157.254:41080, 277b5c5e-8c6f-4c9a-a53f-1bbc96404e12:192.168.157.254:41416], old=null
2019-10-16 21:55:41,198 [277b5c5e-8c6f-4c9a-a53f-1bbc96404e12@group-569FAC3F8BCE-LeaderElection342] INFO  impl.RaftServerImpl (RaftServerImpl.java:setRole(184)) - 277b5c5e-8c6f-4c9a-a53f-1bbc96404e12@group-569FAC3F8BCE: changes role from CANDIDATE to FOLLOWER at term 353 for DISCOVERED_A_NEW_TERM
2019-10-16 21:55:41,198 [277b5c5e-8c6f-4c9a-a53f-1bbc96404e12@group-569FAC3F8BCE-LeaderElection342] INFO  impl.RoleInfo (RoleInfo.java:shutdownLeaderElection(134)) - 277b5c5e-8c6f-4c9a-a53f-1bbc96404e12: shutdown LeaderElection
2019-10-16 21:55:41,198 [277b5c5e-8c6f-4c9a-a53f-1bbc96404e12@group-569FAC3F8BCE-LeaderElection342] INFO  impl.RoleInfo (RoleInfo.java:updateAndGet(143)) - 277b5c5e-8c6f-4c9a-a53f-1bbc96404e12: start FollowerState
2019-10-16 21:55:41,286 [Thread-2392] INFO  impl.FollowerState (FollowerState.java:run(108)) - 277b5c5e-8c6f-4c9a-a53f-1bbc96404e12@group-569FAC3F8BCE-FollowerState: change to CANDIDATE, lastRpcTime:88ms, electionTimeout:88ms
2019-10-16 21:55:41,286 [Thread-2392] INFO  impl.RoleInfo (RoleInfo.java:shutdownFollowerState(121)) - 277b5c5e-8c6f-4c9a-a53f-1bbc96404e12: shutdown FollowerState
2019-10-16 21:55:41,286 [Thread-2392] INFO  impl.RaftServerImpl (RaftServerImpl.java:setRole(184)) - 277b5c5e-8c6f-4c9a-a53f-1bbc96404e12@group-569FAC3F8BCE: changes role from  FOLLOWER to CANDIDATE at term 353 for changeToCandidate
2019-10-16 21:55:41,287 [Thread-2392] INFO  impl.RoleInfo (RoleInfo.java:updateAndGet(143)) - 277b5c5e-8c6f-4c9a-a53f-1bbc96404e12: start LeaderElection
2019-10-16 21:55:41,313 [277b5c5e-8c6f-4c9a-a53f-1bbc96404e12@group-569FAC3F8BCE-LeaderElection343] INFO  impl.LeaderElection (LeaderElection.java:askForVotes(178)) - 277b5c5e-8c6f-4c9a-a53f-1bbc96404e12@group-569FAC3F8BCE-LeaderElection343: begin an election at term 354 for -1: [a32408a4-f19d-4bad-97c5-ba33ae94fc9a:192.168.157.254:38721, 6b24a2ab-97ee-4d49-85cc-2d76c2f4b8ef:192.168.157.254:41080, 277b5c5e-8c6f-4c9a-a53f-1bbc96404e12:192.168.157.254:41416], old=null
2019-10-16 21:55:41,315 [grpc-default-executor-0] INFO  impl.RaftServerImpl (RaftServerImpl.java:setRole(184)) - a32408a4-f19d-4bad-97c5-ba33ae94fc9a@group-569FAC3F8BCE: changes role from  FOLLOWER to FOLLOWER at term 354 for recognizeCandidate:277b5c5e-8c6f-4c9a-a53f-1bbc96404e12
2019-10-16 21:55:41,315 [grpc-default-executor-0] INFO  impl.RoleInfo (RoleInfo.java:shutdownFollowerState(121)) - a32408a4-f19d-4bad-97c5-ba33ae94fc9a: shutdown FollowerState
2019-10-16 21:55:41,315 [grpc-default-executor-0] INFO  impl.RoleInfo (RoleInfo.java:updateAndGet(143)) - a32408a4-f19d-4bad-97c5-ba33ae94fc9a: start FollowerState
2019-10-16 21:55:41,315 [Thread-2390] INFO  impl.FollowerState (FollowerState.java:run(117)) - a32408a4-f19d-4bad-97c5-ba33ae94fc9a@group-569FAC3F8BCE-FollowerState was interrupted: java.lang.InterruptedException: sleep interrupted
2019-10-16 21:55:41,317 [grpc-default-executor-1] INFO  impl.RaftServerImpl (RaftServerImpl.java:setRole(184)) - 6b24a2ab-97ee-4d49-85cc-2d76c2f4b8ef@group-569FAC3F8BCE: changes role from  FOLLOWER to FOLLOWER at term 354 for recognizeCandidate:277b5c5e-8c6f-4c9a-a53f-1bbc96404e12
2019-10-16 21:55:41,317 [grpc-default-executor-1] INFO  impl.RoleInfo (RoleInfo.java:shutdownFollowerState(121)) - 6b24a2ab-97ee-4d49-85cc-2d76c2f4b8ef: shutdown FollowerState
2019-10-16 21:55:41,318 [grpc-default-executor-1] INFO  impl.RoleInfo (RoleInfo.java:updateAndGet(143)) - 6b24a2ab-97ee-4d49-85cc-2d76c2f4b8ef: start FollowerState
2019-10-16 21:55:41,318 [Thread-2391] INFO  impl.FollowerState (FollowerState.java:run(117)) - 6b24a2ab-97ee-4d49-85cc-2d76c2f4b8ef@group-569FAC3F8BCE-FollowerState was interrupted: java.lang.InterruptedException: sleep interrupted
2019-10-16 21:55:41,332 [277b5c5e-8c6f-4c9a-a53f-1bbc96404e12@group-569FAC3F8BCE-LeaderElection343] INFO  impl.LeaderElection (LeaderElection.java:logAndReturn(56)) - 277b5c5e-8c6f-4c9a-a53f-1bbc96404e12@group-569FAC3F8BCE-LeaderElection343: Election REJECTED; received 2 response(s) [277b5c5e-8c6f-4c9a-a53f-1bbc96404e12<-a32408a4-f19d-4bad-97c5-ba33ae94fc9a#0:FAIL-t354, 277b5c5e-8c6f-4c9a-a53f-1bbc96404e12<-6b24a2ab-97ee-4d49-85cc-2d76c2f4b8ef#0:FAIL-t354] and 0 exception(s); 277b5c5e-8c6f-4c9a-a53f-1bbc96404e12@group-569FAC3F8BCE:t354, leader=null, voted=277b5c5e-8c6f-4c9a-a53f-1bbc96404e12, raftlog=277b5c5e-8c6f-4c9a-a53f-1bbc96404e12@group-569FAC3F8BCE-SegmentedRaftLog:OPENED:c-1,f-1,i0, conf=-1: [a32408a4-f19d-4bad-97c5-ba33ae94fc9a:192.168.157.254:38721, 6b24a2ab-97ee-4d49-85cc-2d76c2f4b8ef:192.168.157.254:41080, 277b5c5e-8c6f-4c9a-a53f-1bbc96404e12:192.168.157.254:41416], old=null
2019-10-16 21:55:41,332 [277b5c5e-8c6f-4c9a-a53f-1bbc96404e12@group-569FAC3F8BCE-LeaderElection343] INFO  impl.RaftServerImpl (RaftServerImpl.java:setRole(184)) - 277b5c5e-8c6f-4c9a-a53f-1bbc96404e12@group-569FAC3F8BCE: changes role from CANDIDATE to FOLLOWER at term 354 for DISCOVERED_A_NEW_TERM
2019-10-16 21:55:41,332 [277b5c5e-8c6f-4c9a-a53f-1bbc96404e12@group-569FAC3F8BCE-LeaderElection343] INFO  impl.RoleInfo (RoleInfo.java:shutdownLeaderElection(134)) - 277b5c5e-8c6f-4c9a-a53f-1bbc96404e12: shutdown LeaderElection
2019-10-16 21:55:41,332 [277b5c5e-8c6f-4c9a-a53f-1bbc96404e12@group-569FAC3F8BCE-LeaderElection343] INFO  impl.RoleInfo (RoleInfo.java:updateAndGet(143)) - 277b5c5e-8c6f-4c9a-a53f-1bbc96404e12: start FollowerState
2019-10-16 21:55:41,489 [Thread-2398] INFO  impl.FollowerState (FollowerState.java:run(108)) - 277b5c5e-8c6f-4c9a-a53f-1bbc96404e12@group-569FAC3F8BCE-FollowerState: change to CANDIDATE, lastRpcTime:156ms, electionTimeout:156ms
2019-10-16 21:55:41,489 [Thread-2398] INFO  impl.RoleInfo (RoleInfo.java:shutdownFollowerState(121)) - 277b5c5e-8c6f-4c9a-a53f-1bbc96404e12: shutdown FollowerState
2019-10-16 21:55:41,489 [Thread-2398] INFO  impl.RaftServerImpl (RaftServerImpl.java:setRole(184)) - 277b5c5e-8c6f-4c9a-a53f-1bbc96404e12@group-569FAC3F8BCE: changes role from  FOLLOWER to CANDIDATE at term 354 for changeToCandidate
2019-10-16 21:55:41,489 [Thread-2398] INFO  impl.RoleInfo (RoleInfo.java:updateAndGet(143)) - 277b5c5e-8c6f-4c9a-a53f-1bbc96404e12: start LeaderElection
2019-10-16 21:55:41,515 [277b5c5e-8c6f-4c9a-a53f-1bbc96404e12@group-569FAC3F8BCE-LeaderElection344] INFO  impl.LeaderElection (LeaderElection.java:askForVotes(178)) - 277b5c5e-8c6f-4c9a-a53f-1bbc96404e12@group-569FAC3F8BCE-LeaderElection344: begin an election at term 355 for -1: [a32408a4-f19d-4bad-97c5-ba33ae94fc9a:192.168.157.254:38721, 6b24a2ab-97ee-4d49-85cc-2d76c2f4b8ef:192.168.157.254:41080, 277b5c5e-8c6f-4c9a-a53f-1bbc96404e12:192.168.157.254:41416], old=null
2019-10-16 21:55:41,518 [grpc-default-executor-0] INFO  impl.RaftServerImpl (RaftServerImpl.java:setRole(184)) - 6b24a2ab-97ee-4d49-85cc-2d76c2f4b8ef@group-569FAC3F8BCE: changes role from  FOLLOWER to FOLLOWER at term 355 for recognizeCandidate:277b5c5e-8c6f-4c9a-a53f-1bbc96404e12
2019-10-16 21:55:41,518 [grpc-default-executor-0] INFO  impl.RoleInfo (RoleInfo.java:shutdownFollowerState(121)) - 6b24a2ab-97ee-4d49-85cc-2d76c2f4b8ef: shutdown FollowerState
2019-10-16 21:55:41,518 [grpc-default-executor-0] INFO  impl.RoleInfo (RoleInfo.java:updateAndGet(143)) - 6b24a2ab-97ee-4d49-85cc-2d76c2f4b8ef: start FollowerState
2019-10-16 21:55:41,518 [Thread-2397] INFO  impl.FollowerState (FollowerState.java:run(117)) - 6b24a2ab-97ee-4d49-85cc-2d76c2f4b8ef@group-569FAC3F8BCE-FollowerState was interrupted: java.lang.InterruptedException: sleep interrupted
2019-10-16 21:55:41,518 [grpc-default-executor-1] INFO  impl.RaftServerImpl (RaftServerImpl.java:setRole(184)) - a32408a4-f19d-4bad-97c5-ba33ae94fc9a@group-569FAC3F8BCE: changes role from  FOLLOWER to FOLLOWER at term 355 for recognizeCandidate:277b5c5e-8c6f-4c9a-a53f-1bbc96404e12
2019-10-16 21:55:41,519 [grpc-default-executor-1] INFO  impl.RoleInfo (RoleInfo.java:shutdownFollowerState(121)) - a32408a4-f19d-4bad-97c5-ba33ae94fc9a: shutdown FollowerState
2019-10-16 21:55:41,519 [grpc-default-executor-1] INFO  impl.RoleInfo (RoleInfo.java:updateAndGet(143)) - a32408a4-f19d-4bad-97c5-ba33ae94fc9a: start FollowerState
2019-10-16 21:55:41,519 [Thread-2396] INFO  impl.FollowerState (FollowerState.java:run(117)) - a32408a4-f19d-4bad-97c5-ba33ae94fc9a@group-569FAC3F8BCE-FollowerState was interrupted: java.lang.InterruptedException: sleep interrupted
2019-10-16 21:55:41,532 [277b5c5e-8c6f-4c9a-a53f-1bbc96404e12@group-569FAC3F8BCE-LeaderElection344] INFO  impl.LeaderElection (LeaderElection.java:logAndReturn(56)) - 277b5c5e-8c6f-4c9a-a53f-1bbc96404e12@group-569FAC3F8BCE-LeaderElection344: Election REJECTED; received 2 response(s) [277b5c5e-8c6f-4c9a-a53f-1bbc96404e12<-6b24a2ab-97ee-4d49-85cc-2d76c2f4b8ef#0:FAIL-t355, 277b5c5e-8c6f-4c9a-a53f-1bbc96404e12<-a32408a4-f19d-4bad-97c5-ba33ae94fc9a#0:FAIL-t355] and 0 exception(s); 277b5c5e-8c6f-4c9a-a53f-1bbc96404e12@group-569FAC3F8BCE:t355, leader=null, voted=277b5c5e-8c6f-4c9a-a53f-1bbc96404e12, raftlog=277b5c5e-8c6f-4c9a-a53f-1bbc96404e12@group-569FAC3F8BCE-SegmentedRaftLog:OPENED:c-1,f-1,i0, conf=-1: [a32408a4-f19d-4bad-97c5-ba33ae94fc9a:192.168.157.254:38721, 6b24a2ab-97ee-4d49-85cc-2d76c2f4b8ef:192.168.157.254:41080, 277b5c5e-8c6f-4c9a-a53f-1bbc96404e12:192.168.157.254:41416], old=null
2019-10-16 21:55:41,532 [277b5c5e-8c6f-4c9a-a53f-1bbc96404e12@group-569FAC3F8BCE-LeaderElection344] INFO  impl.RaftServerImpl (RaftServerImpl.java:setRole(184)) - 277b5c5e-8c6f-4c9a-a53f-1bbc96404e12@group-569FAC3F8BCE: changes role from CANDIDATE to FOLLOWER at term 355 for DISCOVERED_A_NEW_TERM
2019-10-16 21:55:41,533 [277b5c5e-8c6f-4c9a-a53f-1bbc96404e12@group-569FAC3F8BCE-LeaderElection344] INFO  impl.RoleInfo (RoleInfo.java:shutdownLeaderElection(134)) - 277b5c5e-8c6f-4c9a-a53f-1bbc96404e12: shutdown LeaderElection
2019-10-16 21:55:41,533 [277b5c5e-8c6f-4c9a-a53f-1bbc96404e12@group-569FAC3F8BCE-LeaderElection344] INFO  impl.RoleInfo (RoleInfo.java:updateAndGet(143)) - 277b5c5e-8c6f-4c9a-a53f-1bbc96404e12: start FollowerState
2019-10-16 21:55:41,579 [Thread-0] INFO  ozone.MiniOzoneClusterImpl (MiniOzoneClusterImpl.java:lambda$waitForClusterToBeReady$2(164)) - Waiting for 1 number of pipelines out of 4, to report a leader.
2019-10-16 21:55:41,620 [Thread-2404] INFO  impl.FollowerState (FollowerState.java:run(108)) - 277b5c5e-8c6f-4c9a-a53f-1bbc96404e12@group-569FAC3F8BCE-FollowerState: change to CANDIDATE, lastRpcTime:87ms, electionTimeout:87ms
2019-10-16 21:55:41,620 [Thread-2404] INFO  impl.RoleInfo (RoleInfo.java:shutdownFollowerState(121)) - 277b5c5e-8c6f-4c9a-a53f-1bbc96404e12: shutdown FollowerState
2019-10-16 21:55:41,620 [Thread-2404] INFO  impl.RaftServerImpl (RaftServerImpl.java:setRole(184)) - 277b5c5e-8c6f-4c9a-a53f-1bbc96404e12@group-569FAC3F8BCE: changes role from  FOLLOWER to CANDIDATE at term 355 for changeToCandidate
2019-10-16 21:55:41,621 [Thread-2404] INFO  impl.RoleInfo (RoleInfo.java:updateAndGet(143)) - 277b5c5e-8c6f-4c9a-a53f-1bbc96404e12: start LeaderElection
2019-10-16 21:55:41,634 [277b5c5e-8c6f-4c9a-a53f-1bbc96404e12@group-569FAC3F8BCE-LeaderElection345] INFO  impl.LeaderElection (LeaderElection.java:askForVotes(178)) - 277b5c5e-8c6f-4c9a-a53f-1bbc96404e12@group-569FAC3F8BCE-LeaderElection345: begin an election at term 356 for -1: [a32408a4-f19d-4bad-97c5-ba33ae94fc9a:192.168.157.254:38721, 6b24a2ab-97ee-4d49-85cc-2d76c2f4b8ef:192.168.157.254:41080, 277b5c5e-8c6f-4c9a-a53f-1bbc96404e12:192.168.157.254:41416], old=null
2019-10-16 21:55:41,637 [grpc-default-executor-1] INFO  impl.RaftServerImpl (RaftServerImpl.java:setRole(184)) - a32408a4-f19d-4bad-97c5-ba33ae94fc9a@group-569FAC3F8BCE: changes role from  FOLLOWER to FOLLOWER at term 356 for recognizeCandidate:277b5c5e-8c6f-4c9a-a53f-1bbc96404e12
2019-10-16 21:55:41,637 [grpc-default-executor-1] INFO  impl.RoleInfo (RoleInfo.java:shutdownFollowerState(121)) - a32408a4-f19d-4bad-97c5-ba33ae94fc9a: shutdown FollowerState
2019-10-16 21:55:41,637 [grpc-default-executor-0] INFO  impl.RaftServerImpl (RaftServerImpl.java:setRole(184)) - 6b24a2ab-97ee-4d49-85cc-2d76c2f4b8ef@group-569FAC3F8BCE: changes role from  FOLLOWER to FOLLOWER at term 356 for recognizeCandidate:277b5c5e-8c6f-4c9a-a53f-1bbc96404e12
2019-10-16 21:55:41,637 [grpc-default-executor-0] INFO  impl.RoleInfo (RoleInfo.java:shutdownFollowerState(121)) - 6b24a2ab-97ee-4d49-85cc-2d76c2f4b8ef: shutdown FollowerState
2019-10-16 21:55:41,637 [Thread-2402] INFO  impl.FollowerState (FollowerState.java:run(117)) - 6b24a2ab-97ee-4d49-85cc-2d76c2f4b8ef@group-569FAC3F8BCE-FollowerState was interrupted: java.lang.InterruptedException: sleep interrupted
2019-10-16 21:55:41,637 [Thread-2403] INFO  impl.FollowerState (FollowerState.java:run(117)) - a32408a4-f19d-4bad-97c5-ba33ae94fc9a@group-569FAC3F8BCE-FollowerState was interrupted: java.lang.InterruptedException: sleep interrupted
2019-10-16 21:55:41,637 [grpc-default-executor-1] INFO  impl.RoleInfo (RoleInfo.java:updateAndGet(143)) - a32408a4-f19d-4bad-97c5-ba33ae94fc9a: start FollowerState
2019-10-16 21:55:41,637 [grpc-default-executor-0] INFO  impl.RoleInfo (RoleInfo.java:updateAndGet(143)) - 6b24a2ab-97ee-4d49-85cc-2d76c2f4b8ef: start FollowerState
2019-10-16 21:55:41,664 [277b5c5e-8c6f-4c9a-a53f-1bbc96404e12@group-569FAC3F8BCE-LeaderElection345] INFO  impl.LeaderElection (LeaderElection.java:logAndReturn(56)) - 277b5c5e-8c6f-4c9a-a53f-1bbc96404e12@group-569FAC3F8BCE-LeaderElection345: Election REJECTED; received 2 response(s) [277b5c5e-8c6f-4c9a-a53f-1bbc96404e12<-6b24a2ab-97ee-4d49-85cc-2d76c2f4b8ef#0:FAIL-t356, 277b5c5e-8c6f-4c9a-a53f-1bbc96404e12<-a32408a4-f19d-4bad-97c5-ba33ae94fc9a#0:FAIL-t356] and 0 exception(s); 277b5c5e-8c6f-4c9a-a53f-1bbc96404e12@group-569FAC3F8BCE:t356, leader=null, voted=277b5c5e-8c6f-4c9a-a53f-1bbc96404e12, raftlog=277b5c5e-8c6f-4c9a-a53f-1bbc96404e12@group-569FAC3F8BCE-SegmentedRaftLog:OPENED:c-1,f-1,i0, conf=-1: [a32408a4-f19d-4bad-97c5-ba33ae94fc9a:192.168.157.254:38721, 6b24a2ab-97ee-4d49-85cc-2d76c2f4b8ef:192.168.157.254:41080, 277b5c5e-8c6f-4c9a-a53f-1bbc96404e12:192.168.157.254:41416], old=null
2019-10-16 21:55:41,665 [277b5c5e-8c6f-4c9a-a53f-1bbc96404e12@group-569FAC3F8BCE-LeaderElection345] INFO  impl.RaftServerImpl (RaftServerImpl.java:setRole(184)) - 277b5c5e-8c6f-4c9a-a53f-1bbc96404e12@group-569FAC3F8BCE: changes role from CANDIDATE to FOLLOWER at term 356 for DISCOVERED_A_NEW_TERM
2019-10-16 21:55:41,665 [277b5c5e-8c6f-4c9a-a53f-1bbc96404e12@group-569FAC3F8BCE-LeaderElection345] INFO  impl.RoleInfo (RoleInfo.java:shutdownLeaderElection(134)) - 277b5c5e-8c6f-4c9a-a53f-1bbc96404e12: shutdown LeaderElection
2019-10-16 21:55:41,665 [277b5c5e-8c6f-4c9a-a53f-1bbc96404e12@group-569FAC3F8BCE-LeaderElection345] INFO  impl.RoleInfo (RoleInfo.java:updateAndGet(143)) - 277b5c5e-8c6f-4c9a-a53f-1bbc96404e12: start FollowerState
2019-10-16 21:55:41,701 [Thread-2410] INFO  impl.FollowerState (FollowerState.java:run(108)) - 277b5c5e-8c6f-4c9a-a53f-1bbc96404e12@group-569FAC3F8BCE-FollowerState: change to CANDIDATE, lastRpcTime:36ms, electionTimeout:36ms
2019-10-16 21:55:41,702 [Thread-2410] INFO  impl.RoleInfo (RoleInfo.java:shutdownFollowerState(121)) - 277b5c5e-8c6f-4c9a-a53f-1bbc96404e12: shutdown FollowerState
2019-10-16 21:55:41,702 [Thread-2410] INFO  impl.RaftServerImpl (RaftServerImpl.java:setRole(184)) - 277b5c5e-8c6f-4c9a-a53f-1bbc96404e12@group-569FAC3F8BCE: changes role from  FOLLOWER to CANDIDATE at term 356 for changeToCandidate
2019-10-16 21:55:41,702 [Thread-2410] INFO  impl.RoleInfo (RoleInfo.java:updateAndGet(143)) - 277b5c5e-8c6f-4c9a-a53f-1bbc96404e12: start LeaderElection
2019-10-16 21:55:41,716 [277b5c5e-8c6f-4c9a-a53f-1bbc96404e12@group-569FAC3F8BCE-LeaderElection346] INFO  impl.LeaderElection (LeaderElection.java:askForVotes(178)) - 277b5c5e-8c6f-4c9a-a53f-1bbc96404e12@group-569FAC3F8BCE-LeaderElection346: begin an election at term 357 for -1: [a32408a4-f19d-4bad-97c5-ba33ae94fc9a:192.168.157.254:38721, 6b24a2ab-97ee-4d49-85cc-2d76c2f4b8ef:192.168.157.254:41080, 277b5c5e-8c6f-4c9a-a53f-1bbc96404e12:192.168.157.254:41416], old=null
2019-10-16 21:55:41,718 [grpc-default-executor-1] INFO  impl.RaftServerImpl (RaftServerImpl.java:setRole(184)) - a32408a4-f19d-4bad-97c5-ba33ae94fc9a@group-569FAC3F8BCE: changes role from  FOLLOWER to FOLLOWER at term 357 for recognizeCandidate:277b5c5e-8c6f-4c9a-a53f-1bbc96404e12
2019-10-16 21:55:41,718 [grpc-default-executor-1] INFO  impl.RoleInfo (RoleInfo.java:shutdownFollowerState(121)) - a32408a4-f19d-4bad-97c5-ba33ae94fc9a: shutdown FollowerState
2019-10-16 21:55:41,718 [grpc-default-executor-1] INFO  impl.RoleInfo (RoleInfo.java:updateAndGet(143)) - a32408a4-f19d-4bad-97c5-ba33ae94fc9a: start FollowerState
2019-10-16 21:55:41,718 [grpc-default-executor-0] INFO  impl.RaftServerImpl (RaftServerImpl.java:setRole(184)) - 6b24a2ab-97ee-4d49-85cc-2d76c2f4b8ef@group-569FAC3F8BCE: changes role from  FOLLOWER to FOLLOWER at term 357 for recognizeCandidate:277b5c5e-8c6f-4c9a-a53f-1bbc96404e12
2019-10-16 21:55:41,718 [Thread-2408] INFO  impl.FollowerState (FollowerState.java:run(117)) - a32408a4-f19d-4bad-97c5-ba33ae94fc9a@group-569FAC3F8BCE-FollowerState was interrupted: java.lang.InterruptedException: sleep interrupted
2019-10-16 21:55:41,718 [grpc-default-executor-0] INFO  impl.RoleInfo (RoleInfo.java:shutdownFollowerState(121)) - 6b24a2ab-97ee-4d49-85cc-2d76c2f4b8ef: shutdown FollowerState
2019-10-16 21:55:41,719 [grpc-default-executor-0] INFO  impl.RoleInfo (RoleInfo.java:updateAndGet(143)) - 6b24a2ab-97ee-4d49-85cc-2d76c2f4b8ef: start FollowerState
2019-10-16 21:55:41,719 [Thread-2409] INFO  impl.FollowerState (FollowerState.java:run(117)) - 6b24a2ab-97ee-4d49-85cc-2d76c2f4b8ef@group-569FAC3F8BCE-FollowerState was interrupted: java.lang.InterruptedException: sleep interrupted
2019-10-16 21:55:41,731 [277b5c5e-8c6f-4c9a-a53f-1bbc96404e12@group-569FAC3F8BCE-LeaderElection346] INFO  impl.LeaderElection (LeaderElection.java:logAndReturn(56)) - 277b5c5e-8c6f-4c9a-a53f-1bbc96404e12@group-569FAC3F8BCE-LeaderElection346: Election REJECTED; received 2 response(s) [277b5c5e-8c6f-4c9a-a53f-1bbc96404e12<-a32408a4-f19d-4bad-97c5-ba33ae94fc9a#0:FAIL-t357, 277b5c5e-8c6f-4c9a-a53f-1bbc96404e12<-6b24a2ab-97ee-4d49-85cc-2d76c2f4b8ef#0:FAIL-t357] and 0 exception(s); 277b5c5e-8c6f-4c9a-a53f-1bbc96404e12@group-569FAC3F8BCE:t357, leader=null, voted=277b5c5e-8c6f-4c9a-a53f-1bbc96404e12, raftlog=277b5c5e-8c6f-4c9a-a53f-1bbc96404e12@group-569FAC3F8BCE-SegmentedRaftLog:OPENED:c-1,f-1,i0, conf=-1: [a32408a4-f19d-4bad-97c5-ba33ae94fc9a:192.168.157.254:38721, 6b24a2ab-97ee-4d49-85cc-2d76c2f4b8ef:192.168.157.254:41080, 277b5c5e-8c6f-4c9a-a53f-1bbc96404e12:192.168.157.254:41416], old=null
2019-10-16 21:55:41,732 [277b5c5e-8c6f-4c9a-a53f-1bbc96404e12@group-569FAC3F8BCE-LeaderElection346] INFO  impl.RaftServerImpl (RaftServerImpl.java:setRole(184)) - 277b5c5e-8c6f-4c9a-a53f-1bbc96404e12@group-569FAC3F8BCE: changes role from CANDIDATE to FOLLOWER at term 357 for DISCOVERED_A_NEW_TERM
2019-10-16 21:55:41,732 [277b5c5e-8c6f-4c9a-a53f-1bbc96404e12@group-569FAC3F8BCE-LeaderElection346] INFO  impl.RoleInfo (RoleInfo.java:shutdownLeaderElection(134)) - 277b5c5e-8c6f-4c9a-a53f-1bbc96404e12: shutdown LeaderElection
2019-10-16 21:55:41,732 [277b5c5e-8c6f-4c9a-a53f-1bbc96404e12@group-569FAC3F8BCE-LeaderElection346] INFO  impl.RoleInfo (RoleInfo.java:updateAndGet(143)) - 277b5c5e-8c6f-4c9a-a53f-1bbc96404e12: start FollowerState
2019-10-16 21:55:41,875 [Thread-2416] INFO  impl.FollowerState (FollowerState.java:run(108)) - 277b5c5e-8c6f-4c9a-a53f-1bbc96404e12@group-569FAC3F8BCE-FollowerState: change to CANDIDATE, lastRpcTime:143ms, electionTimeout:143ms
2019-10-16 21:55:41,875 [Thread-2416] INFO  impl.RoleInfo (RoleInfo.java:shutdownFollowerState(121)) - 277b5c5e-8c6f-4c9a-a53f-1bbc96404e12: shutdown FollowerState
2019-10-16 21:55:41,876 [Thread-2416] INFO  impl.RaftServerImpl (RaftServerImpl.java:setRole(184)) - 277b5c5e-8c6f-4c9a-a53f-1bbc96404e12@group-569FAC3F8BCE: changes role from  FOLLOWER to CANDIDATE at term 357 for changeToCandidate
2019-10-16 21:55:41,876 [Thread-2416] INFO  impl.RoleInfo (RoleInfo.java:updateAndGet(143)) - 277b5c5e-8c6f-4c9a-a53f-1bbc96404e12: start LeaderElection
2019-10-16 21:55:41,889 [277b5c5e-8c6f-4c9a-a53f-1bbc96404e12@group-569FAC3F8BCE-LeaderElection347] INFO  impl.LeaderElection (LeaderElection.java:askForVotes(178)) - 277b5c5e-8c6f-4c9a-a53f-1bbc96404e12@group-569FAC3F8BCE-LeaderElection347: begin an election at term 358 for -1: [a32408a4-f19d-4bad-97c5-ba33ae94fc9a:192.168.157.254:38721, 6b24a2ab-97ee-4d49-85cc-2d76c2f4b8ef:192.168.157.254:41080, 277b5c5e-8c6f-4c9a-a53f-1bbc96404e12:192.168.157.254:41416], old=null
2019-10-16 21:55:41,892 [grpc-default-executor-1] INFO  impl.RaftServerImpl (RaftServerImpl.java:setRole(184)) - a32408a4-f19d-4bad-97c5-ba33ae94fc9a@group-569FAC3F8BCE: changes role from  FOLLOWER to FOLLOWER at term 358 for recognizeCandidate:277b5c5e-8c6f-4c9a-a53f-1bbc96404e12
2019-10-16 21:55:41,892 [grpc-default-executor-1] INFO  impl.RoleInfo (RoleInfo.java:shutdownFollowerState(121)) - a32408a4-f19d-4bad-97c5-ba33ae94fc9a: shutdown FollowerState
2019-10-16 21:55:41,892 [grpc-default-executor-1] INFO  impl.RoleInfo (RoleInfo.java:updateAndGet(143)) - a32408a4-f19d-4bad-97c5-ba33ae94fc9a: start FollowerState
2019-10-16 21:55:41,892 [Thread-2414] INFO  impl.FollowerState (FollowerState.java:run(117)) - a32408a4-f19d-4bad-97c5-ba33ae94fc9a@group-569FAC3F8BCE-FollowerState was interrupted: java.lang.InterruptedException: sleep interrupted
2019-10-16 21:55:41,892 [grpc-default-executor-0] INFO  impl.RaftServerImpl (RaftServerImpl.java:setRole(184)) - 6b24a2ab-97ee-4d49-85cc-2d76c2f4b8ef@group-569FAC3F8BCE: changes role from  FOLLOWER to FOLLOWER at term 358 for recognizeCandidate:277b5c5e-8c6f-4c9a-a53f-1bbc96404e12
2019-10-16 21:55:41,893 [grpc-default-executor-0] INFO  impl.RoleInfo (RoleInfo.java:shutdownFollowerState(121)) - 6b24a2ab-97ee-4d49-85cc-2d76c2f4b8ef: shutdown FollowerState
2019-10-16 21:55:41,893 [grpc-default-executor-0] INFO  impl.RoleInfo (RoleInfo.java:updateAndGet(143)) - 6b24a2ab-97ee-4d49-85cc-2d76c2f4b8ef: start FollowerState
2019-10-16 21:55:41,893 [Thread-2415] INFO  impl.FollowerState (FollowerState.java:run(117)) - 6b24a2ab-97ee-4d49-85cc-2d76c2f4b8ef@group-569FAC3F8BCE-FollowerState was interrupted: java.lang.InterruptedException: sleep interrupted
2019-10-16 21:55:41,907 [277b5c5e-8c6f-4c9a-a53f-1bbc96404e12@group-569FAC3F8BCE-LeaderElection347] INFO  impl.LeaderElection (LeaderElection.java:logAndReturn(56)) - 277b5c5e-8c6f-4c9a-a53f-1bbc96404e12@group-569FAC3F8BCE-LeaderElection347: Election REJECTED; received 2 response(s) [277b5c5e-8c6f-4c9a-a53f-1bbc96404e12<-6b24a2ab-97ee-4d49-85cc-2d76c2f4b8ef#0:FAIL-t358, 277b5c5e-8c6f-4c9a-a53f-1bbc96404e12<-a32408a4-f19d-4bad-97c5-ba33ae94fc9a#0:FAIL-t358] and 0 exception(s); 277b5c5e-8c6f-4c9a-a53f-1bbc96404e12@group-569FAC3F8BCE:t358, leader=null, voted=277b5c5e-8c6f-4c9a-a53f-1bbc96404e12, raftlog=277b5c5e-8c6f-4c9a-a53f-1bbc96404e12@group-569FAC3F8BCE-SegmentedRaftLog:OPENED:c-1,f-1,i0, conf=-1: [a32408a4-f19d-4bad-97c5-ba33ae94fc9a:192.168.157.254:38721, 6b24a2ab-97ee-4d49-85cc-2d76c2f4b8ef:192.168.157.254:41080, 277b5c5e-8c6f-4c9a-a53f-1bbc96404e12:192.168.157.254:41416], old=null
2019-10-16 21:55:41,907 [277b5c5e-8c6f-4c9a-a53f-1bbc96404e12@group-569FAC3F8BCE-LeaderElection347] INFO  impl.RaftServerImpl (RaftServerImpl.java:setRole(184)) - 277b5c5e-8c6f-4c9a-a53f-1bbc96404e12@group-569FAC3F8BCE: changes role from CANDIDATE to FOLLOWER at term 358 for DISCOVERED_A_NEW_TERM
2019-10-16 21:55:41,907 [277b5c5e-8c6f-4c9a-a53f-1bbc96404e12@group-569FAC3F8BCE-LeaderElection347] INFO  impl.RoleInfo (RoleInfo.java:shutdownLeaderElection(134)) - 277b5c5e-8c6f-4c9a-a53f-1bbc96404e12: shutdown LeaderElection
2019-10-16 21:55:41,908 [277b5c5e-8c6f-4c9a-a53f-1bbc96404e12@group-569FAC3F8BCE-LeaderElection347] INFO  impl.RoleInfo (RoleInfo.java:updateAndGet(143)) - 277b5c5e-8c6f-4c9a-a53f-1bbc96404e12: start FollowerState
2019-10-16 21:55:41,997 [Thread-2422] INFO  impl.FollowerState (FollowerState.java:run(108)) - 277b5c5e-8c6f-4c9a-a53f-1bbc96404e12@group-569FAC3F8BCE-FollowerState: change to CANDIDATE, lastRpcTime:89ms, electionTimeout:89ms
2019-10-16 21:55:41,997 [Thread-2422] INFO  impl.RoleInfo (RoleInfo.java:shutdownFollowerState(121)) - 277b5c5e-8c6f-4c9a-a53f-1bbc96404e12: shutdown FollowerState
2019-10-16 21:55:41,997 [Thread-2422] INFO  impl.RaftServerImpl (RaftServerImpl.java:setRole(184)) - 277b5c5e-8c6f-4c9a-a53f-1bbc96404e12@group-569FAC3F8BCE: changes role from  FOLLOWER to CANDIDATE at term 358 for changeToCandidate
2019-10-16 21:55:41,997 [Thread-2422] INFO  impl.RoleInfo (RoleInfo.java:updateAndGet(143)) - 277b5c5e-8c6f-4c9a-a53f-1bbc96404e12: start LeaderElection
2019-10-16 21:55:42,013 [277b5c5e-8c6f-4c9a-a53f-1bbc96404e12@group-569FAC3F8BCE-LeaderElection348] INFO  impl.LeaderElection (LeaderElection.java:askForVotes(178)) - 277b5c5e-8c6f-4c9a-a53f-1bbc96404e12@group-569FAC3F8BCE-LeaderElection348: begin an election at term 359 for -1: [a32408a4-f19d-4bad-97c5-ba33ae94fc9a:192.168.157.254:38721, 6b24a2ab-97ee-4d49-85cc-2d76c2f4b8ef:192.168.157.254:41080, 277b5c5e-8c6f-4c9a-a53f-1bbc96404e12:192.168.157.254:41416], old=null
2019-10-16 21:55:42,015 [grpc-default-executor-1] INFO  impl.RaftServerImpl (RaftServerImpl.java:setRole(184)) - a32408a4-f19d-4bad-97c5-ba33ae94fc9a@group-569FAC3F8BCE: changes role from  FOLLOWER to FOLLOWER at term 359 for recognizeCandidate:277b5c5e-8c6f-4c9a-a53f-1bbc96404e12
2019-10-16 21:55:42,015 [grpc-default-executor-1] INFO  impl.RoleInfo (RoleInfo.java:shutdownFollowerState(121)) - a32408a4-f19d-4bad-97c5-ba33ae94fc9a: shutdown FollowerState
2019-10-16 21:55:42,015 [grpc-default-executor-0] INFO  impl.RaftServerImpl (RaftServerImpl.java:setRole(184)) - 6b24a2ab-97ee-4d49-85cc-2d76c2f4b8ef@group-569FAC3F8BCE: changes role from  FOLLOWER to FOLLOWER at term 359 for recognizeCandidate:277b5c5e-8c6f-4c9a-a53f-1bbc96404e12
2019-10-16 21:55:42,015 [Thread-2420] INFO  impl.FollowerState (FollowerState.java:run(117)) - a32408a4-f19d-4bad-97c5-ba33ae94fc9a@group-569FAC3F8BCE-FollowerState was interrupted: java.lang.InterruptedException: sleep interrupted
2019-10-16 21:55:42,015 [grpc-default-executor-1] INFO  impl.RoleInfo (RoleInfo.java:updateAndGet(143)) - a32408a4-f19d-4bad-97c5-ba33ae94fc9a: start FollowerState
2019-10-16 21:55:42,015 [grpc-default-executor-0] INFO  impl.RoleInfo (RoleInfo.java:shutdownFollowerState(121)) - 6b24a2ab-97ee-4d49-85cc-2d76c2f4b8ef: shutdown FollowerState
2019-10-16 21:55:42,016 [grpc-default-executor-0] INFO  impl.RoleInfo (RoleInfo.java:updateAndGet(143)) - 6b24a2ab-97ee-4d49-85cc-2d76c2f4b8ef: start FollowerState
2019-10-16 21:55:42,016 [Thread-2421] INFO  impl.FollowerState (FollowerState.java:run(117)) - 6b24a2ab-97ee-4d49-85cc-2d76c2f4b8ef@group-569FAC3F8BCE-FollowerState was interrupted: java.lang.InterruptedException: sleep interrupted
2019-10-16 21:55:42,030 [277b5c5e-8c6f-4c9a-a53f-1bbc96404e12@group-569FAC3F8BCE-LeaderElection348] INFO  impl.LeaderElection (LeaderElection.java:logAndReturn(56)) - 277b5c5e-8c6f-4c9a-a53f-1bbc96404e12@group-569FAC3F8BCE-LeaderElection348: Election REJECTED; received 2 response(s) [277b5c5e-8c6f-4c9a-a53f-1bbc96404e12<-6b24a2ab-97ee-4d49-85cc-2d76c2f4b8ef#0:FAIL-t359, 277b5c5e-8c6f-4c9a-a53f-1bbc96404e12<-a32408a4-f19d-4bad-97c5-ba33ae94fc9a#0:FAIL-t359] and 0 exception(s); 277b5c5e-8c6f-4c9a-a53f-1bbc96404e12@group-569FAC3F8BCE:t359, leader=null, voted=277b5c5e-8c6f-4c9a-a53f-1bbc96404e12, raftlog=277b5c5e-8c6f-4c9a-a53f-1bbc96404e12@group-569FAC3F8BCE-SegmentedRaftLog:OPENED:c-1,f-1,i0, conf=-1: [a32408a4-f19d-4bad-97c5-ba33ae94fc9a:192.168.157.254:38721, 6b24a2ab-97ee-4d49-85cc-2d76c2f4b8ef:192.168.157.254:41080, 277b5c5e-8c6f-4c9a-a53f-1bbc96404e12:192.168.157.254:41416], old=null
2019-10-16 21:55:42,030 [277b5c5e-8c6f-4c9a-a53f-1bbc96404e12@group-569FAC3F8BCE-LeaderElection348] INFO  impl.RaftServerImpl (RaftServerImpl.java:setRole(184)) - 277b5c5e-8c6f-4c9a-a53f-1bbc96404e12@group-569FAC3F8BCE: changes role from CANDIDATE to FOLLOWER at term 359 for DISCOVERED_A_NEW_TERM
2019-10-16 21:55:42,030 [277b5c5e-8c6f-4c9a-a53f-1bbc96404e12@group-569FAC3F8BCE-LeaderElection348] INFO  impl.RoleInfo (RoleInfo.java:shutdownLeaderElection(134)) - 277b5c5e-8c6f-4c9a-a53f-1bbc96404e12: shutdown LeaderElection
2019-10-16 21:55:42,030 [277b5c5e-8c6f-4c9a-a53f-1bbc96404e12@group-569FAC3F8BCE-LeaderElection348] INFO  impl.RoleInfo (RoleInfo.java:updateAndGet(143)) - 277b5c5e-8c6f-4c9a-a53f-1bbc96404e12: start FollowerState
2019-10-16 21:55:42,187 [Thread-2428] INFO  impl.FollowerState (FollowerState.java:run(108)) - 277b5c5e-8c6f-4c9a-a53f-1bbc96404e12@group-569FAC3F8BCE-FollowerState: change to CANDIDATE, lastRpcTime:156ms, electionTimeout:156ms
2019-10-16 21:55:42,187 [Thread-2428] INFO  impl.RoleInfo (RoleInfo.java:shutdownFollowerState(121)) - 277b5c5e-8c6f-4c9a-a53f-1bbc96404e12: shutdown FollowerState
2019-10-16 21:55:42,187 [Thread-2428] INFO  impl.RaftServerImpl (RaftServerImpl.java:setRole(184)) - 277b5c5e-8c6f-4c9a-a53f-1bbc96404e12@group-569FAC3F8BCE: changes role from  FOLLOWER to CANDIDATE at term 359 for changeToCandidate
2019-10-16 21:55:42,187 [Thread-2428] INFO  impl.RoleInfo (RoleInfo.java:updateAndGet(143)) - 277b5c5e-8c6f-4c9a-a53f-1bbc96404e12: start LeaderElection
2019-10-16 21:55:42,201 [277b5c5e-8c6f-4c9a-a53f-1bbc96404e12@group-569FAC3F8BCE-LeaderElection349] INFO  impl.LeaderElection (LeaderElection.java:askForVotes(178)) - 277b5c5e-8c6f-4c9a-a53f-1bbc96404e12@group-569FAC3F8BCE-LeaderElection349: begin an election at term 360 for -1: [a32408a4-f19d-4bad-97c5-ba33ae94fc9a:192.168.157.254:38721, 6b24a2ab-97ee-4d49-85cc-2d76c2f4b8ef:192.168.157.254:41080, 277b5c5e-8c6f-4c9a-a53f-1bbc96404e12:192.168.157.254:41416], old=null
2019-10-16 21:55:42,202 [grpc-default-executor-0] INFO  impl.RaftServerImpl (RaftServerImpl.java:setRole(184)) - a32408a4-f19d-4bad-97c5-ba33ae94fc9a@group-569FAC3F8BCE: changes role from  FOLLOWER to FOLLOWER at term 360 for recognizeCandidate:277b5c5e-8c6f-4c9a-a53f-1bbc96404e12
2019-10-16 21:55:42,203 [grpc-default-executor-0] INFO  impl.RoleInfo (RoleInfo.java:shutdownFollowerState(121)) - a32408a4-f19d-4bad-97c5-ba33ae94fc9a: shutdown FollowerState
2019-10-16 21:55:42,203 [grpc-default-executor-0] INFO  impl.RoleInfo (RoleInfo.java:updateAndGet(143)) - a32408a4-f19d-4bad-97c5-ba33ae94fc9a: start FollowerState
2019-10-16 21:55:42,203 [Thread-2426] INFO  impl.FollowerState (FollowerState.java:run(117)) - a32408a4-f19d-4bad-97c5-ba33ae94fc9a@group-569FAC3F8BCE-FollowerState was interrupted: java.lang.InterruptedException: sleep interrupted
2019-10-16 21:55:42,203 [grpc-default-executor-1] INFO  impl.RaftServerImpl (RaftServerImpl.java:setRole(184)) - 6b24a2ab-97ee-4d49-85cc-2d76c2f4b8ef@group-569FAC3F8BCE: changes role from  FOLLOWER to FOLLOWER at term 360 for recognizeCandidate:277b5c5e-8c6f-4c9a-a53f-1bbc96404e12
2019-10-16 21:55:42,203 [grpc-default-executor-1] INFO  impl.RoleInfo (RoleInfo.java:shutdownFollowerState(121)) - 6b24a2ab-97ee-4d49-85cc-2d76c2f4b8ef: shutdown FollowerState
2019-10-16 21:55:42,203 [grpc-default-executor-1] INFO  impl.RoleInfo (RoleInfo.java:updateAndGet(143)) - 6b24a2ab-97ee-4d49-85cc-2d76c2f4b8ef: start FollowerState
2019-10-16 21:55:42,204 [Thread-2427] INFO  impl.FollowerState (FollowerState.java:run(117)) - 6b24a2ab-97ee-4d49-85cc-2d76c2f4b8ef@group-569FAC3F8BCE-FollowerState was interrupted: java.lang.InterruptedException: sleep interrupted
2019-10-16 21:55:42,229 [277b5c5e-8c6f-4c9a-a53f-1bbc96404e12@group-569FAC3F8BCE-LeaderElection349] INFO  impl.LeaderElection (LeaderElection.java:logAndReturn(56)) - 277b5c5e-8c6f-4c9a-a53f-1bbc96404e12@group-569FAC3F8BCE-LeaderElection349: Election REJECTED; received 2 response(s) [277b5c5e-8c6f-4c9a-a53f-1bbc96404e12<-6b24a2ab-97ee-4d49-85cc-2d76c2f4b8ef#0:FAIL-t360, 277b5c5e-8c6f-4c9a-a53f-1bbc96404e12<-a32408a4-f19d-4bad-97c5-ba33ae94fc9a#0:FAIL-t360] and 0 exception(s); 277b5c5e-8c6f-4c9a-a53f-1bbc96404e12@group-569FAC3F8BCE:t360, leader=null, voted=277b5c5e-8c6f-4c9a-a53f-1bbc96404e12, raftlog=277b5c5e-8c6f-4c9a-a53f-1bbc96404e12@group-569FAC3F8BCE-SegmentedRaftLog:OPENED:c-1,f-1,i0, conf=-1: [a32408a4-f19d-4bad-97c5-ba33ae94fc9a:192.168.157.254:38721, 6b24a2ab-97ee-4d49-85cc-2d76c2f4b8ef:192.168.157.254:41080, 277b5c5e-8c6f-4c9a-a53f-1bbc96404e12:192.168.157.254:41416], old=null
2019-10-16 21:55:42,229 [277b5c5e-8c6f-4c9a-a53f-1bbc96404e12@group-569FAC3F8BCE-LeaderElection349] INFO  impl.RaftServerImpl (RaftServerImpl.java:setRole(184)) - 277b5c5e-8c6f-4c9a-a53f-1bbc96404e12@group-569FAC3F8BCE: changes role from CANDIDATE to FOLLOWER at term 360 for DISCOVERED_A_NEW_TERM
2019-10-16 21:55:42,229 [277b5c5e-8c6f-4c9a-a53f-1bbc96404e12@group-569FAC3F8BCE-LeaderElection349] INFO  impl.RoleInfo (RoleInfo.java:shutdownLeaderElection(134)) - 277b5c5e-8c6f-4c9a-a53f-1bbc96404e12: shutdown LeaderElection
2019-10-16 21:55:42,230 [277b5c5e-8c6f-4c9a-a53f-1bbc96404e12@group-569FAC3F8BCE-LeaderElection349] INFO  impl.RoleInfo (RoleInfo.java:updateAndGet(143)) - 277b5c5e-8c6f-4c9a-a53f-1bbc96404e12: start FollowerState
2019-10-16 21:55:42,255 [Thread-2434] INFO  impl.FollowerState (FollowerState.java:run(108)) - 277b5c5e-8c6f-4c9a-a53f-1bbc96404e12@group-569FAC3F8BCE-FollowerState: change to CANDIDATE, lastRpcTime:25ms, electionTimeout:25ms
2019-10-16 21:55:42,255 [Thread-2434] INFO  impl.RoleInfo (RoleInfo.java:shutdownFollowerState(121)) - 277b5c5e-8c6f-4c9a-a53f-1bbc96404e12: shutdown FollowerState
2019-10-16 21:55:42,255 [Thread-2434] INFO  impl.RaftServerImpl (RaftServerImpl.java:setRole(184)) - 277b5c5e-8c6f-4c9a-a53f-1bbc96404e12@group-569FAC3F8BCE: changes role from  FOLLOWER to CANDIDATE at term 360 for changeToCandidate
2019-10-16 21:55:42,255 [Thread-2434] INFO  impl.RoleInfo (RoleInfo.java:updateAndGet(143)) - 277b5c5e-8c6f-4c9a-a53f-1bbc96404e12: start LeaderElection
2019-10-16 21:55:42,271 [277b5c5e-8c6f-4c9a-a53f-1bbc96404e12@group-569FAC3F8BCE-LeaderElection350] INFO  impl.LeaderElection (LeaderElection.java:askForVotes(178)) - 277b5c5e-8c6f-4c9a-a53f-1bbc96404e12@group-569FAC3F8BCE-LeaderElection350: begin an election at term 361 for -1: [a32408a4-f19d-4bad-97c5-ba33ae94fc9a:192.168.157.254:38721, 6b24a2ab-97ee-4d49-85cc-2d76c2f4b8ef:192.168.157.254:41080, 277b5c5e-8c6f-4c9a-a53f-1bbc96404e12:192.168.157.254:41416], old=null
2019-10-16 21:55:42,273 [grpc-default-executor-1] INFO  impl.RaftServerImpl (RaftServerImpl.java:setRole(184)) - a32408a4-f19d-4bad-97c5-ba33ae94fc9a@group-569FAC3F8BCE: changes role from  FOLLOWER to FOLLOWER at term 361 for recognizeCandidate:277b5c5e-8c6f-4c9a-a53f-1bbc96404e12
2019-10-16 21:55:42,273 [grpc-default-executor-1] INFO  impl.RoleInfo (RoleInfo.java:shutdownFollowerState(121)) - a32408a4-f19d-4bad-97c5-ba33ae94fc9a: shutdown FollowerState
2019-10-16 21:55:42,273 [grpc-default-executor-0] INFO  impl.RaftServerImpl (RaftServerImpl.java:setRole(184)) - 6b24a2ab-97ee-4d49-85cc-2d76c2f4b8ef@group-569FAC3F8BCE: changes role from  FOLLOWER to FOLLOWER at term 361 for recognizeCandidate:277b5c5e-8c6f-4c9a-a53f-1bbc96404e12
2019-10-16 21:55:42,274 [grpc-default-executor-0] INFO  impl.RoleInfo (RoleInfo.java:shutdownFollowerState(121)) - 6b24a2ab-97ee-4d49-85cc-2d76c2f4b8ef: shutdown FollowerState
2019-10-16 21:55:42,273 [Thread-2432] INFO  impl.FollowerState (FollowerState.java:run(117)) - a32408a4-f19d-4bad-97c5-ba33ae94fc9a@group-569FAC3F8BCE-FollowerState was interrupted: java.lang.InterruptedException: sleep interrupted
2019-10-16 21:55:42,273 [grpc-default-executor-1] INFO  impl.RoleInfo (RoleInfo.java:updateAndGet(143)) - a32408a4-f19d-4bad-97c5-ba33ae94fc9a: start FollowerState
2019-10-16 21:55:42,274 [grpc-default-executor-0] INFO  impl.RoleInfo (RoleInfo.java:updateAndGet(143)) - 6b24a2ab-97ee-4d49-85cc-2d76c2f4b8ef: start FollowerState
2019-10-16 21:55:42,274 [Thread-2433] INFO  impl.FollowerState (FollowerState.java:run(117)) - 6b24a2ab-97ee-4d49-85cc-2d76c2f4b8ef@group-569FAC3F8BCE-FollowerState was interrupted: java.lang.InterruptedException: sleep interrupted
2019-10-16 21:55:42,280 [277b5c5e-8c6f-4c9a-a53f-1bbc96404e12@group-569FAC3F8BCE-LeaderElection350] INFO  impl.LeaderElection (LeaderElection.java:logAndReturn(56)) - 277b5c5e-8c6f-4c9a-a53f-1bbc96404e12@group-569FAC3F8BCE-LeaderElection350: Election REJECTED; received 2 response(s) [277b5c5e-8c6f-4c9a-a53f-1bbc96404e12<-6b24a2ab-97ee-4d49-85cc-2d76c2f4b8ef#0:FAIL-t361, 277b5c5e-8c6f-4c9a-a53f-1bbc96404e12<-a32408a4-f19d-4bad-97c5-ba33ae94fc9a#0:FAIL-t361] and 0 exception(s); 277b5c5e-8c6f-4c9a-a53f-1bbc96404e12@group-569FAC3F8BCE:t361, leader=null, voted=277b5c5e-8c6f-4c9a-a53f-1bbc96404e12, raftlog=277b5c5e-8c6f-4c9a-a53f-1bbc96404e12@group-569FAC3F8BCE-SegmentedRaftLog:OPENED:c-1,f-1,i0, conf=-1: [a32408a4-f19d-4bad-97c5-ba33ae94fc9a:192.168.157.254:38721, 6b24a2ab-97ee-4d49-85cc-2d76c2f4b8ef:192.168.157.254:41080, 277b5c5e-8c6f-4c9a-a53f-1bbc96404e12:192.168.157.254:41416], old=null
2019-10-16 21:55:42,280 [277b5c5e-8c6f-4c9a-a53f-1bbc96404e12@group-569FAC3F8BCE-LeaderElection350] INFO  impl.RaftServerImpl (RaftServerImpl.java:setRole(184)) - 277b5c5e-8c6f-4c9a-a53f-1bbc96404e12@group-569FAC3F8BCE: changes role from CANDIDATE to FOLLOWER at term 361 for DISCOVERED_A_NEW_TERM
2019-10-16 21:55:42,280 [277b5c5e-8c6f-4c9a-a53f-1bbc96404e12@group-569FAC3F8BCE-LeaderElection350] INFO  impl.RoleInfo (RoleInfo.java:shutdownLeaderElection(134)) - 277b5c5e-8c6f-4c9a-a53f-1bbc96404e12: shutdown LeaderElection
2019-10-16 21:55:42,280 [277b5c5e-8c6f-4c9a-a53f-1bbc96404e12@group-569FAC3F8BCE-LeaderElection350] INFO  impl.RoleInfo (RoleInfo.java:updateAndGet(143)) - 277b5c5e-8c6f-4c9a-a53f-1bbc96404e12: start FollowerState
2019-10-16 21:55:42,344 [Thread-2440] INFO  impl.FollowerState (FollowerState.java:run(108)) - 277b5c5e-8c6f-4c9a-a53f-1bbc96404e12@group-569FAC3F8BCE-FollowerState: change to CANDIDATE, lastRpcTime:63ms, electionTimeout:63ms
2019-10-16 21:55:42,344 [Thread-2440] INFO  impl.RoleInfo (RoleInfo.java:shutdownFollowerState(121)) - 277b5c5e-8c6f-4c9a-a53f-1bbc96404e12: shutdown FollowerState
2019-10-16 21:55:42,344 [Thread-2440] INFO  impl.RaftServerImpl (RaftServerImpl.java:setRole(184)) - 277b5c5e-8c6f-4c9a-a53f-1bbc96404e12@group-569FAC3F8BCE: changes role from  FOLLOWER to CANDIDATE at term 361 for changeToCandidate
2019-10-16 21:55:42,344 [Thread-2440] INFO  impl.RoleInfo (RoleInfo.java:updateAndGet(143)) - 277b5c5e-8c6f-4c9a-a53f-1bbc96404e12: start LeaderElection
2019-10-16 21:55:42,359 [277b5c5e-8c6f-4c9a-a53f-1bbc96404e12@group-569FAC3F8BCE-LeaderElection351] INFO  impl.LeaderElection (LeaderElection.java:askForVotes(178)) - 277b5c5e-8c6f-4c9a-a53f-1bbc96404e12@group-569FAC3F8BCE-LeaderElection351: begin an election at term 362 for -1: [a32408a4-f19d-4bad-97c5-ba33ae94fc9a:192.168.157.254:38721, 6b24a2ab-97ee-4d49-85cc-2d76c2f4b8ef:192.168.157.254:41080, 277b5c5e-8c6f-4c9a-a53f-1bbc96404e12:192.168.157.254:41416], old=null
2019-10-16 21:55:42,362 [grpc-default-executor-0] INFO  impl.RaftServerImpl (RaftServerImpl.java:setRole(184)) - a32408a4-f19d-4bad-97c5-ba33ae94fc9a@group-569FAC3F8BCE: changes role from  FOLLOWER to FOLLOWER at term 362 for recognizeCandidate:277b5c5e-8c6f-4c9a-a53f-1bbc96404e12
2019-10-16 21:55:42,363 [grpc-default-executor-0] INFO  impl.RoleInfo (RoleInfo.java:shutdownFollowerState(121)) - a32408a4-f19d-4bad-97c5-ba33ae94fc9a: shutdown FollowerState
2019-10-16 21:55:42,363 [grpc-default-executor-0] INFO  impl.RoleInfo (RoleInfo.java:updateAndGet(143)) - a32408a4-f19d-4bad-97c5-ba33ae94fc9a: start FollowerState
2019-10-16 21:55:42,363 [Thread-2438] INFO  impl.FollowerState (FollowerState.java:run(117)) - a32408a4-f19d-4bad-97c5-ba33ae94fc9a@group-569FAC3F8BCE-FollowerState was interrupted: java.lang.InterruptedException: sleep interrupted
2019-10-16 21:55:42,363 [grpc-default-executor-1] INFO  impl.RaftServerImpl (RaftServerImpl.java:setRole(184)) - 6b24a2ab-97ee-4d49-85cc-2d76c2f4b8ef@group-569FAC3F8BCE: changes role from  FOLLOWER to FOLLOWER at term 362 for recognizeCandidate:277b5c5e-8c6f-4c9a-a53f-1bbc96404e12
2019-10-16 21:55:42,363 [grpc-default-executor-1] INFO  impl.RoleInfo (RoleInfo.java:shutdownFollowerState(121)) - 6b24a2ab-97ee-4d49-85cc-2d76c2f4b8ef: shutdown FollowerState
2019-10-16 21:55:42,363 [grpc-default-executor-1] INFO  impl.RoleInfo (RoleInfo.java:updateAndGet(143)) - 6b24a2ab-97ee-4d49-85cc-2d76c2f4b8ef: start FollowerState
2019-10-16 21:55:42,363 [Thread-2439] INFO  impl.FollowerState (FollowerState.java:run(117)) - 6b24a2ab-97ee-4d49-85cc-2d76c2f4b8ef@group-569FAC3F8BCE-FollowerState was interrupted: java.lang.InterruptedException: sleep interrupted
2019-10-16 21:55:42,373 [277b5c5e-8c6f-4c9a-a53f-1bbc96404e12@group-569FAC3F8BCE-LeaderElection351] INFO  impl.LeaderElection (LeaderElection.java:logAndReturn(56)) - 277b5c5e-8c6f-4c9a-a53f-1bbc96404e12@group-569FAC3F8BCE-LeaderElection351: Election REJECTED; received 2 response(s) [277b5c5e-8c6f-4c9a-a53f-1bbc96404e12<-a32408a4-f19d-4bad-97c5-ba33ae94fc9a#0:FAIL-t362, 277b5c5e-8c6f-4c9a-a53f-1bbc96404e12<-6b24a2ab-97ee-4d49-85cc-2d76c2f4b8ef#0:FAIL-t362] and 0 exception(s); 277b5c5e-8c6f-4c9a-a53f-1bbc96404e12@group-569FAC3F8BCE:t362, leader=null, voted=277b5c5e-8c6f-4c9a-a53f-1bbc96404e12, raftlog=277b5c5e-8c6f-4c9a-a53f-1bbc96404e12@group-569FAC3F8BCE-SegmentedRaftLog:OPENED:c-1,f-1,i0, conf=-1: [a32408a4-f19d-4bad-97c5-ba33ae94fc9a:192.168.157.254:38721, 6b24a2ab-97ee-4d49-85cc-2d76c2f4b8ef:192.168.157.254:41080, 277b5c5e-8c6f-4c9a-a53f-1bbc96404e12:192.168.157.254:41416], old=null
2019-10-16 21:55:42,373 [277b5c5e-8c6f-4c9a-a53f-1bbc96404e12@group-569FAC3F8BCE-LeaderElection351] INFO  impl.RaftServerImpl (RaftServerImpl.java:setRole(184)) - 277b5c5e-8c6f-4c9a-a53f-1bbc96404e12@group-569FAC3F8BCE: changes role from CANDIDATE to FOLLOWER at term 362 for DISCOVERED_A_NEW_TERM
2019-10-16 21:55:42,373 [277b5c5e-8c6f-4c9a-a53f-1bbc96404e12@group-569FAC3F8BCE-LeaderElection351] INFO  impl.RoleInfo (RoleInfo.java:shutdownLeaderElection(134)) - 277b5c5e-8c6f-4c9a-a53f-1bbc96404e12: shutdown LeaderElection
2019-10-16 21:55:42,374 [277b5c5e-8c6f-4c9a-a53f-1bbc96404e12@group-569FAC3F8BCE-LeaderElection351] INFO  impl.RoleInfo (RoleInfo.java:updateAndGet(143)) - 277b5c5e-8c6f-4c9a-a53f-1bbc96404e12: start FollowerState
2019-10-16 21:55:42,558 [Thread-2446] INFO  impl.FollowerState (FollowerState.java:run(108)) - 277b5c5e-8c6f-4c9a-a53f-1bbc96404e12@group-569FAC3F8BCE-FollowerState: change to CANDIDATE, lastRpcTime:184ms, electionTimeout:184ms
2019-10-16 21:55:42,558 [Thread-2446] INFO  impl.RoleInfo (RoleInfo.java:shutdownFollowerState(121)) - 277b5c5e-8c6f-4c9a-a53f-1bbc96404e12: shutdown FollowerState
2019-10-16 21:55:42,558 [Thread-2446] INFO  impl.RaftServerImpl (RaftServerImpl.java:setRole(184)) - 277b5c5e-8c6f-4c9a-a53f-1bbc96404e12@group-569FAC3F8BCE: changes role from  FOLLOWER to CANDIDATE at term 362 for changeToCandidate
2019-10-16 21:55:42,558 [Thread-2446] INFO  impl.RoleInfo (RoleInfo.java:updateAndGet(143)) - 277b5c5e-8c6f-4c9a-a53f-1bbc96404e12: start LeaderElection
2019-10-16 21:55:42,572 [277b5c5e-8c6f-4c9a-a53f-1bbc96404e12@group-569FAC3F8BCE-LeaderElection352] INFO  impl.LeaderElection (LeaderElection.java:askForVotes(178)) - 277b5c5e-8c6f-4c9a-a53f-1bbc96404e12@group-569FAC3F8BCE-LeaderElection352: begin an election at term 363 for -1: [a32408a4-f19d-4bad-97c5-ba33ae94fc9a:192.168.157.254:38721, 6b24a2ab-97ee-4d49-85cc-2d76c2f4b8ef:192.168.157.254:41080, 277b5c5e-8c6f-4c9a-a53f-1bbc96404e12:192.168.157.254:41416], old=null
2019-10-16 21:55:42,574 [grpc-default-executor-1] INFO  impl.RaftServerImpl (RaftServerImpl.java:setRole(184)) - 6b24a2ab-97ee-4d49-85cc-2d76c2f4b8ef@group-569FAC3F8BCE: changes role from  FOLLOWER to FOLLOWER at term 363 for recognizeCandidate:277b5c5e-8c6f-4c9a-a53f-1bbc96404e12
2019-10-16 21:55:42,574 [grpc-default-executor-1] INFO  impl.RoleInfo (RoleInfo.java:shutdownFollowerState(121)) - 6b24a2ab-97ee-4d49-85cc-2d76c2f4b8ef: shutdown FollowerState
2019-10-16 21:55:42,574 [grpc-default-executor-0] INFO  impl.RaftServerImpl (RaftServerImpl.java:setRole(184)) - a32408a4-f19d-4bad-97c5-ba33ae94fc9a@group-569FAC3F8BCE: changes role from  FOLLOWER to FOLLOWER at term 363 for recognizeCandidate:277b5c5e-8c6f-4c9a-a53f-1bbc96404e12
2019-10-16 21:55:42,575 [Thread-2445] INFO  impl.FollowerState (FollowerState.java:run(117)) - 6b24a2ab-97ee-4d49-85cc-2d76c2f4b8ef@group-569FAC3F8BCE-FollowerState was interrupted: java.lang.InterruptedException: sleep interrupted
2019-10-16 21:55:42,575 [grpc-default-executor-1] INFO  impl.RoleInfo (RoleInfo.java:updateAndGet(143)) - 6b24a2ab-97ee-4d49-85cc-2d76c2f4b8ef: start FollowerState
2019-10-16 21:55:42,575 [grpc-default-executor-0] INFO  impl.RoleInfo (RoleInfo.java:shutdownFollowerState(121)) - a32408a4-f19d-4bad-97c5-ba33ae94fc9a: shutdown FollowerState
2019-10-16 21:55:42,575 [grpc-default-executor-0] INFO  impl.RoleInfo (RoleInfo.java:updateAndGet(143)) - a32408a4-f19d-4bad-97c5-ba33ae94fc9a: start FollowerState
2019-10-16 21:55:42,575 [Thread-2444] INFO  impl.FollowerState (FollowerState.java:run(117)) - a32408a4-f19d-4bad-97c5-ba33ae94fc9a@group-569FAC3F8BCE-FollowerState was interrupted: java.lang.InterruptedException: sleep interrupted
2019-10-16 21:55:42,580 [Thread-0] INFO  ozone.MiniOzoneClusterImpl (MiniOzoneClusterImpl.java:lambda$waitForClusterToBeReady$2(164)) - Waiting for 1 number of pipelines out of 4, to report a leader.
2019-10-16 21:55:42,601 [277b5c5e-8c6f-4c9a-a53f-1bbc96404e12@group-569FAC3F8BCE-LeaderElection352] INFO  impl.LeaderElection (LeaderElection.java:logAndReturn(56)) - 277b5c5e-8c6f-4c9a-a53f-1bbc96404e12@group-569FAC3F8BCE-LeaderElection352: Election REJECTED; received 2 response(s) [277b5c5e-8c6f-4c9a-a53f-1bbc96404e12<-6b24a2ab-97ee-4d49-85cc-2d76c2f4b8ef#0:FAIL-t363, 277b5c5e-8c6f-4c9a-a53f-1bbc96404e12<-a32408a4-f19d-4bad-97c5-ba33ae94fc9a#0:FAIL-t363] and 0 exception(s); 277b5c5e-8c6f-4c9a-a53f-1bbc96404e12@group-569FAC3F8BCE:t363, leader=null, voted=277b5c5e-8c6f-4c9a-a53f-1bbc96404e12, raftlog=277b5c5e-8c6f-4c9a-a53f-1bbc96404e12@group-569FAC3F8BCE-SegmentedRaftLog:OPENED:c-1,f-1,i0, conf=-1: [a32408a4-f19d-4bad-97c5-ba33ae94fc9a:192.168.157.254:38721, 6b24a2ab-97ee-4d49-85cc-2d76c2f4b8ef:192.168.157.254:41080, 277b5c5e-8c6f-4c9a-a53f-1bbc96404e12:192.168.157.254:41416], old=null
2019-10-16 21:55:42,601 [277b5c5e-8c6f-4c9a-a53f-1bbc96404e12@group-569FAC3F8BCE-LeaderElection352] INFO  impl.RaftServerImpl (RaftServerImpl.java:setRole(184)) - 277b5c5e-8c6f-4c9a-a53f-1bbc96404e12@group-569FAC3F8BCE: changes role from CANDIDATE to FOLLOWER at term 363 for DISCOVERED_A_NEW_TERM
2019-10-16 21:55:42,601 [277b5c5e-8c6f-4c9a-a53f-1bbc96404e12@group-569FAC3F8BCE-LeaderElection352] INFO  impl.RoleInfo (RoleInfo.java:shutdownLeaderElection(134)) - 277b5c5e-8c6f-4c9a-a53f-1bbc96404e12: shutdown LeaderElection
2019-10-16 21:55:42,602 [277b5c5e-8c6f-4c9a-a53f-1bbc96404e12@group-569FAC3F8BCE-LeaderElection352] INFO  impl.RoleInfo (RoleInfo.java:updateAndGet(143)) - 277b5c5e-8c6f-4c9a-a53f-1bbc96404e12: start FollowerState
2019-10-16 21:55:42,634 [Thread-2452] INFO  impl.FollowerState (FollowerState.java:run(108)) - 277b5c5e-8c6f-4c9a-a53f-1bbc96404e12@group-569FAC3F8BCE-FollowerState: change to CANDIDATE, lastRpcTime:32ms, electionTimeout:32ms
2019-10-16 21:55:42,634 [Thread-2452] INFO  impl.RoleInfo (RoleInfo.java:shutdownFollowerState(121)) - 277b5c5e-8c6f-4c9a-a53f-1bbc96404e12: shutdown FollowerState
2019-10-16 21:55:42,634 [Thread-2452] INFO  impl.RaftServerImpl (RaftServerImpl.java:setRole(184)) - 277b5c5e-8c6f-4c9a-a53f-1bbc96404e12@group-569FAC3F8BCE: changes role from  FOLLOWER to CANDIDATE at term 363 for changeToCandidate
2019-10-16 21:55:42,634 [Thread-2452] INFO  impl.RoleInfo (RoleInfo.java:updateAndGet(143)) - 277b5c5e-8c6f-4c9a-a53f-1bbc96404e12: start LeaderElection
2019-10-16 21:55:42,647 [277b5c5e-8c6f-4c9a-a53f-1bbc96404e12@group-569FAC3F8BCE-LeaderElection353] INFO  impl.LeaderElection (LeaderElection.java:askForVotes(178)) - 277b5c5e-8c6f-4c9a-a53f-1bbc96404e12@group-569FAC3F8BCE-LeaderElection353: begin an election at term 364 for -1: [a32408a4-f19d-4bad-97c5-ba33ae94fc9a:192.168.157.254:38721, 6b24a2ab-97ee-4d49-85cc-2d76c2f4b8ef:192.168.157.254:41080, 277b5c5e-8c6f-4c9a-a53f-1bbc96404e12:192.168.157.254:41416], old=null
2019-10-16 21:55:42,649 [grpc-default-executor-1] INFO  impl.RaftServerImpl (RaftServerImpl.java:setRole(184)) - a32408a4-f19d-4bad-97c5-ba33ae94fc9a@group-569FAC3F8BCE: changes role from  FOLLOWER to FOLLOWER at term 364 for recognizeCandidate:277b5c5e-8c6f-4c9a-a53f-1bbc96404e12
2019-10-16 21:55:42,649 [grpc-default-executor-1] INFO  impl.RoleInfo (RoleInfo.java:shutdownFollowerState(121)) - a32408a4-f19d-4bad-97c5-ba33ae94fc9a: shutdown FollowerState
2019-10-16 21:55:42,649 [grpc-default-executor-0] INFO  impl.RaftServerImpl (RaftServerImpl.java:setRole(184)) - 6b24a2ab-97ee-4d49-85cc-2d76c2f4b8ef@group-569FAC3F8BCE: changes role from  FOLLOWER to FOLLOWER at term 364 for recognizeCandidate:277b5c5e-8c6f-4c9a-a53f-1bbc96404e12
2019-10-16 21:55:42,649 [Thread-2451] INFO  impl.FollowerState (FollowerState.java:run(117)) - a32408a4-f19d-4bad-97c5-ba33ae94fc9a@group-569FAC3F8BCE-FollowerState was interrupted: java.lang.InterruptedException: sleep interrupted
2019-10-16 21:55:42,649 [grpc-default-executor-1] INFO  impl.RoleInfo (RoleInfo.java:updateAndGet(143)) - a32408a4-f19d-4bad-97c5-ba33ae94fc9a: start FollowerState
2019-10-16 21:55:42,649 [grpc-default-executor-0] INFO  impl.RoleInfo (RoleInfo.java:shutdownFollowerState(121)) - 6b24a2ab-97ee-4d49-85cc-2d76c2f4b8ef: shutdown FollowerState
2019-10-16 21:55:42,650 [grpc-default-executor-0] INFO  impl.RoleInfo (RoleInfo.java:updateAndGet(143)) - 6b24a2ab-97ee-4d49-85cc-2d76c2f4b8ef: start FollowerState
2019-10-16 21:55:42,650 [Thread-2450] INFO  impl.FollowerState (FollowerState.java:run(117)) - 6b24a2ab-97ee-4d49-85cc-2d76c2f4b8ef@group-569FAC3F8BCE-FollowerState was interrupted: java.lang.InterruptedException: sleep interrupted
2019-10-16 21:55:42,666 [277b5c5e-8c6f-4c9a-a53f-1bbc96404e12@group-569FAC3F8BCE-LeaderElection353] INFO  impl.LeaderElection (LeaderElection.java:logAndReturn(56)) - 277b5c5e-8c6f-4c9a-a53f-1bbc96404e12@group-569FAC3F8BCE-LeaderElection353: Election REJECTED; received 2 response(s) [277b5c5e-8c6f-4c9a-a53f-1bbc96404e12<-a32408a4-f19d-4bad-97c5-ba33ae94fc9a#0:FAIL-t364, 277b5c5e-8c6f-4c9a-a53f-1bbc96404e12<-6b24a2ab-97ee-4d49-85cc-2d76c2f4b8ef#0:FAIL-t364] and 0 exception(s); 277b5c5e-8c6f-4c9a-a53f-1bbc96404e12@group-569FAC3F8BCE:t364, leader=null, voted=277b5c5e-8c6f-4c9a-a53f-1bbc96404e12, raftlog=277b5c5e-8c6f-4c9a-a53f-1bbc96404e12@group-569FAC3F8BCE-SegmentedRaftLog:OPENED:c-1,f-1,i0, conf=-1: [a32408a4-f19d-4bad-97c5-ba33ae94fc9a:192.168.157.254:38721, 6b24a2ab-97ee-4d49-85cc-2d76c2f4b8ef:192.168.157.254:41080, 277b5c5e-8c6f-4c9a-a53f-1bbc96404e12:192.168.157.254:41416], old=null
2019-10-16 21:55:42,666 [277b5c5e-8c6f-4c9a-a53f-1bbc96404e12@group-569FAC3F8BCE-LeaderElection353] INFO  impl.RaftServerImpl (RaftServerImpl.java:setRole(184)) - 277b5c5e-8c6f-4c9a-a53f-1bbc96404e12@group-569FAC3F8BCE: changes role from CANDIDATE to FOLLOWER at term 364 for DISCOVERED_A_NEW_TERM
2019-10-16 21:55:42,666 [277b5c5e-8c6f-4c9a-a53f-1bbc96404e12@group-569FAC3F8BCE-LeaderElection353] INFO  impl.RoleInfo (RoleInfo.java:shutdownLeaderElection(134)) - 277b5c5e-8c6f-4c9a-a53f-1bbc96404e12: shutdown LeaderElection
2019-10-16 21:55:42,666 [277b5c5e-8c6f-4c9a-a53f-1bbc96404e12@group-569FAC3F8BCE-LeaderElection353] INFO  impl.RoleInfo (RoleInfo.java:updateAndGet(143)) - 277b5c5e-8c6f-4c9a-a53f-1bbc96404e12: start FollowerState
2019-10-16 21:55:42,775 [Thread-2458] INFO  impl.FollowerState (FollowerState.java:run(108)) - 277b5c5e-8c6f-4c9a-a53f-1bbc96404e12@group-569FAC3F8BCE-FollowerState: change to CANDIDATE, lastRpcTime:108ms, electionTimeout:108ms
2019-10-16 21:55:42,775 [Thread-2458] INFO  impl.RoleInfo (RoleInfo.java:shutdownFollowerState(121)) - 277b5c5e-8c6f-4c9a-a53f-1bbc96404e12: shutdown FollowerState
2019-10-16 21:55:42,775 [Thread-2458] INFO  impl.RaftServerImpl (RaftServerImpl.java:setRole(184)) - 277b5c5e-8c6f-4c9a-a53f-1bbc96404e12@group-569FAC3F8BCE: changes role from  FOLLOWER to CANDIDATE at term 364 for changeToCandidate
2019-10-16 21:55:42,775 [Thread-2458] INFO  impl.RoleInfo (RoleInfo.java:updateAndGet(143)) - 277b5c5e-8c6f-4c9a-a53f-1bbc96404e12: start LeaderElection
2019-10-16 21:55:42,780 [277b5c5e-8c6f-4c9a-a53f-1bbc96404e12@group-569FAC3F8BCE-LeaderElection354] INFO  impl.LeaderElection (LeaderElection.java:askForVotes(178)) - 277b5c5e-8c6f-4c9a-a53f-1bbc96404e12@group-569FAC3F8BCE-LeaderElection354: begin an election at term 365 for -1: [a32408a4-f19d-4bad-97c5-ba33ae94fc9a:192.168.157.254:38721, 6b24a2ab-97ee-4d49-85cc-2d76c2f4b8ef:192.168.157.254:41080, 277b5c5e-8c6f-4c9a-a53f-1bbc96404e12:192.168.157.254:41416], old=null
2019-10-16 21:55:42,782 [grpc-default-executor-1] INFO  impl.RaftServerImpl (RaftServerImpl.java:setRole(184)) - a32408a4-f19d-4bad-97c5-ba33ae94fc9a@group-569FAC3F8BCE: changes role from  FOLLOWER to FOLLOWER at term 365 for recognizeCandidate:277b5c5e-8c6f-4c9a-a53f-1bbc96404e12
2019-10-16 21:55:42,782 [grpc-default-executor-0] INFO  impl.RaftServerImpl (RaftServerImpl.java:setRole(184)) - 6b24a2ab-97ee-4d49-85cc-2d76c2f4b8ef@group-569FAC3F8BCE: changes role from  FOLLOWER to FOLLOWER at term 365 for recognizeCandidate:277b5c5e-8c6f-4c9a-a53f-1bbc96404e12
2019-10-16 21:55:42,782 [grpc-default-executor-0] INFO  impl.RoleInfo (RoleInfo.java:shutdownFollowerState(121)) - 6b24a2ab-97ee-4d49-85cc-2d76c2f4b8ef: shutdown FollowerState
2019-10-16 21:55:42,782 [grpc-default-executor-1] INFO  impl.RoleInfo (RoleInfo.java:shutdownFollowerState(121)) - a32408a4-f19d-4bad-97c5-ba33ae94fc9a: shutdown FollowerState
2019-10-16 21:55:42,783 [Thread-2457] INFO  impl.FollowerState (FollowerState.java:run(117)) - 6b24a2ab-97ee-4d49-85cc-2d76c2f4b8ef@group-569FAC3F8BCE-FollowerState was interrupted: java.lang.InterruptedException: sleep interrupted
2019-10-16 21:55:42,782 [grpc-default-executor-0] INFO  impl.RoleInfo (RoleInfo.java:updateAndGet(143)) - 6b24a2ab-97ee-4d49-85cc-2d76c2f4b8ef: start FollowerState
2019-10-16 21:55:42,783 [Thread-2456] INFO  impl.FollowerState (FollowerState.java:run(117)) - a32408a4-f19d-4bad-97c5-ba33ae94fc9a@group-569FAC3F8BCE-FollowerState was interrupted: java.lang.InterruptedException: sleep interrupted
2019-10-16 21:55:42,783 [grpc-default-executor-1] INFO  impl.RoleInfo (RoleInfo.java:updateAndGet(143)) - a32408a4-f19d-4bad-97c5-ba33ae94fc9a: start FollowerState
2019-10-16 21:55:42,789 [277b5c5e-8c6f-4c9a-a53f-1bbc96404e12@group-569FAC3F8BCE-LeaderElection354] INFO  impl.LeaderElection (LeaderElection.java:logAndReturn(56)) - 277b5c5e-8c6f-4c9a-a53f-1bbc96404e12@group-569FAC3F8BCE-LeaderElection354: Election REJECTED; received 2 response(s) [277b5c5e-8c6f-4c9a-a53f-1bbc96404e12<-6b24a2ab-97ee-4d49-85cc-2d76c2f4b8ef#0:FAIL-t365, 277b5c5e-8c6f-4c9a-a53f-1bbc96404e12<-a32408a4-f19d-4bad-97c5-ba33ae94fc9a#0:FAIL-t365] and 0 exception(s); 277b5c5e-8c6f-4c9a-a53f-1bbc96404e12@group-569FAC3F8BCE:t365, leader=null, voted=277b5c5e-8c6f-4c9a-a53f-1bbc96404e12, raftlog=277b5c5e-8c6f-4c9a-a53f-1bbc96404e12@group-569FAC3F8BCE-SegmentedRaftLog:OPENED:c-1,f-1,i0, conf=-1: [a32408a4-f19d-4bad-97c5-ba33ae94fc9a:192.168.157.254:38721, 6b24a2ab-97ee-4d49-85cc-2d76c2f4b8ef:192.168.157.254:41080, 277b5c5e-8c6f-4c9a-a53f-1bbc96404e12:192.168.157.254:41416], old=null
2019-10-16 21:55:42,789 [277b5c5e-8c6f-4c9a-a53f-1bbc96404e12@group-569FAC3F8BCE-LeaderElection354] INFO  impl.RaftServerImpl (RaftServerImpl.java:setRole(184)) - 277b5c5e-8c6f-4c9a-a53f-1bbc96404e12@group-569FAC3F8BCE: changes role from CANDIDATE to FOLLOWER at term 365 for DISCOVERED_A_NEW_TERM
2019-10-16 21:55:42,789 [277b5c5e-8c6f-4c9a-a53f-1bbc96404e12@group-569FAC3F8BCE-LeaderElection354] INFO  impl.RoleInfo (RoleInfo.java:shutdownLeaderElection(134)) - 277b5c5e-8c6f-4c9a-a53f-1bbc96404e12: shutdown LeaderElection
2019-10-16 21:55:42,790 [277b5c5e-8c6f-4c9a-a53f-1bbc96404e12@group-569FAC3F8BCE-LeaderElection354] INFO  impl.RoleInfo (RoleInfo.java:updateAndGet(143)) - 277b5c5e-8c6f-4c9a-a53f-1bbc96404e12: start FollowerState
2019-10-16 21:55:42,811 [Thread-2464] INFO  impl.FollowerState (FollowerState.java:run(108)) - 277b5c5e-8c6f-4c9a-a53f-1bbc96404e12@group-569FAC3F8BCE-FollowerState: change to CANDIDATE, lastRpcTime:21ms, electionTimeout:21ms
2019-10-16 21:55:42,811 [Thread-2464] INFO  impl.RoleInfo (RoleInfo.java:shutdownFollowerState(121)) - 277b5c5e-8c6f-4c9a-a53f-1bbc96404e12: shutdown FollowerState
2019-10-16 21:55:42,811 [Thread-2464] INFO  impl.RaftServerImpl (RaftServerImpl.java:setRole(184)) - 277b5c5e-8c6f-4c9a-a53f-1bbc96404e12@group-569FAC3F8BCE: changes role from  FOLLOWER to CANDIDATE at term 365 for changeToCandidate
2019-10-16 21:55:42,811 [Thread-2464] INFO  impl.RoleInfo (RoleInfo.java:updateAndGet(143)) - 277b5c5e-8c6f-4c9a-a53f-1bbc96404e12: start LeaderElection
2019-10-16 21:55:42,827 [277b5c5e-8c6f-4c9a-a53f-1bbc96404e12@group-569FAC3F8BCE-LeaderElection355] INFO  impl.LeaderElection (LeaderElection.java:askForVotes(178)) - 277b5c5e-8c6f-4c9a-a53f-1bbc96404e12@group-569FAC3F8BCE-LeaderElection355: begin an election at term 366 for -1: [a32408a4-f19d-4bad-97c5-ba33ae94fc9a:192.168.157.254:38721, 6b24a2ab-97ee-4d49-85cc-2d76c2f4b8ef:192.168.157.254:41080, 277b5c5e-8c6f-4c9a-a53f-1bbc96404e12:192.168.157.254:41416], old=null
2019-10-16 21:55:42,829 [grpc-default-executor-1] INFO  impl.RaftServerImpl (RaftServerImpl.java:setRole(184)) - a32408a4-f19d-4bad-97c5-ba33ae94fc9a@group-569FAC3F8BCE: changes role from  FOLLOWER to FOLLOWER at term 366 for recognizeCandidate:277b5c5e-8c6f-4c9a-a53f-1bbc96404e12
2019-10-16 21:55:42,829 [grpc-default-executor-1] INFO  impl.RoleInfo (RoleInfo.java:shutdownFollowerState(121)) - a32408a4-f19d-4bad-97c5-ba33ae94fc9a: shutdown FollowerState
2019-10-16 21:55:42,829 [grpc-default-executor-0] INFO  impl.RaftServerImpl (RaftServerImpl.java:setRole(184)) - 6b24a2ab-97ee-4d49-85cc-2d76c2f4b8ef@group-569FAC3F8BCE: changes role from  FOLLOWER to FOLLOWER at term 366 for recognizeCandidate:277b5c5e-8c6f-4c9a-a53f-1bbc96404e12
2019-10-16 21:55:42,829 [grpc-default-executor-0] INFO  impl.RoleInfo (RoleInfo.java:shutdownFollowerState(121)) - 6b24a2ab-97ee-4d49-85cc-2d76c2f4b8ef: shutdown FollowerState
2019-10-16 21:55:42,829 [Thread-2463] INFO  impl.FollowerState (FollowerState.java:run(117)) - a32408a4-f19d-4bad-97c5-ba33ae94fc9a@group-569FAC3F8BCE-FollowerState was interrupted: java.lang.InterruptedException: sleep interrupted
2019-10-16 21:55:42,829 [grpc-default-executor-1] INFO  impl.RoleInfo (RoleInfo.java:updateAndGet(143)) - a32408a4-f19d-4bad-97c5-ba33ae94fc9a: start FollowerState
2019-10-16 21:55:42,830 [Thread-2462] INFO  impl.FollowerState (FollowerState.java:run(117)) - 6b24a2ab-97ee-4d49-85cc-2d76c2f4b8ef@group-569FAC3F8BCE-FollowerState was interrupted: java.lang.InterruptedException: sleep interrupted
2019-10-16 21:55:42,830 [grpc-default-executor-0] INFO  impl.RoleInfo (RoleInfo.java:updateAndGet(143)) - 6b24a2ab-97ee-4d49-85cc-2d76c2f4b8ef: start FollowerState
2019-10-16 21:55:42,851 [277b5c5e-8c6f-4c9a-a53f-1bbc96404e12@group-569FAC3F8BCE-LeaderElection355] INFO  impl.LeaderElection (LeaderElection.java:logAndReturn(56)) - 277b5c5e-8c6f-4c9a-a53f-1bbc96404e12@group-569FAC3F8BCE-LeaderElection355: Election REJECTED; received 2 response(s) [277b5c5e-8c6f-4c9a-a53f-1bbc96404e12<-6b24a2ab-97ee-4d49-85cc-2d76c2f4b8ef#0:FAIL-t366, 277b5c5e-8c6f-4c9a-a53f-1bbc96404e12<-a32408a4-f19d-4bad-97c5-ba33ae94fc9a#0:FAIL-t366] and 0 exception(s); 277b5c5e-8c6f-4c9a-a53f-1bbc96404e12@group-569FAC3F8BCE:t366, leader=null, voted=277b5c5e-8c6f-4c9a-a53f-1bbc96404e12, raftlog=277b5c5e-8c6f-4c9a-a53f-1bbc96404e12@group-569FAC3F8BCE-SegmentedRaftLog:OPENED:c-1,f-1,i0, conf=-1: [a32408a4-f19d-4bad-97c5-ba33ae94fc9a:192.168.157.254:38721, 6b24a2ab-97ee-4d49-85cc-2d76c2f4b8ef:192.168.157.254:41080, 277b5c5e-8c6f-4c9a-a53f-1bbc96404e12:192.168.157.254:41416], old=null
2019-10-16 21:55:42,851 [277b5c5e-8c6f-4c9a-a53f-1bbc96404e12@group-569FAC3F8BCE-LeaderElection355] INFO  impl.RaftServerImpl (RaftServerImpl.java:setRole(184)) - 277b5c5e-8c6f-4c9a-a53f-1bbc96404e12@group-569FAC3F8BCE: changes role from CANDIDATE to FOLLOWER at term 366 for DISCOVERED_A_NEW_TERM
2019-10-16 21:55:42,851 [277b5c5e-8c6f-4c9a-a53f-1bbc96404e12@group-569FAC3F8BCE-LeaderElection355] INFO  impl.RoleInfo (RoleInfo.java:shutdownLeaderElection(134)) - 277b5c5e-8c6f-4c9a-a53f-1bbc96404e12: shutdown LeaderElection
2019-10-16 21:55:42,851 [277b5c5e-8c6f-4c9a-a53f-1bbc96404e12@group-569FAC3F8BCE-LeaderElection355] INFO  impl.RoleInfo (RoleInfo.java:updateAndGet(143)) - 277b5c5e-8c6f-4c9a-a53f-1bbc96404e12: start FollowerState
2019-10-16 21:55:42,884 [Thread-2470] INFO  impl.FollowerState (FollowerState.java:run(108)) - 277b5c5e-8c6f-4c9a-a53f-1bbc96404e12@group-569FAC3F8BCE-FollowerState: change to CANDIDATE, lastRpcTime:33ms, electionTimeout:33ms
2019-10-16 21:55:42,885 [Thread-2470] INFO  impl.RoleInfo (RoleInfo.java:shutdownFollowerState(121)) - 277b5c5e-8c6f-4c9a-a53f-1bbc96404e12: shutdown FollowerState
2019-10-16 21:55:42,885 [Thread-2470] INFO  impl.RaftServerImpl (RaftServerImpl.java:setRole(184)) - 277b5c5e-8c6f-4c9a-a53f-1bbc96404e12@group-569FAC3F8BCE: changes role from  FOLLOWER to CANDIDATE at term 366 for changeToCandidate
2019-10-16 21:55:42,885 [Thread-2470] INFO  impl.RoleInfo (RoleInfo.java:updateAndGet(143)) - 277b5c5e-8c6f-4c9a-a53f-1bbc96404e12: start LeaderElection
2019-10-16 21:55:42,899 [277b5c5e-8c6f-4c9a-a53f-1bbc96404e12@group-569FAC3F8BCE-LeaderElection356] INFO  impl.LeaderElection (LeaderElection.java:askForVotes(178)) - 277b5c5e-8c6f-4c9a-a53f-1bbc96404e12@group-569FAC3F8BCE-LeaderElection356: begin an election at term 367 for -1: [a32408a4-f19d-4bad-97c5-ba33ae94fc9a:192.168.157.254:38721, 6b24a2ab-97ee-4d49-85cc-2d76c2f4b8ef:192.168.157.254:41080, 277b5c5e-8c6f-4c9a-a53f-1bbc96404e12:192.168.157.254:41416], old=null
2019-10-16 21:55:42,901 [grpc-default-executor-0] INFO  impl.RaftServerImpl (RaftServerImpl.java:setRole(184)) - a32408a4-f19d-4bad-97c5-ba33ae94fc9a@group-569FAC3F8BCE: changes role from  FOLLOWER to FOLLOWER at term 367 for recognizeCandidate:277b5c5e-8c6f-4c9a-a53f-1bbc96404e12
2019-10-16 21:55:42,901 [grpc-default-executor-1] INFO  impl.RaftServerImpl (RaftServerImpl.java:setRole(184)) - 6b24a2ab-97ee-4d49-85cc-2d76c2f4b8ef@group-569FAC3F8BCE: changes role from  FOLLOWER to FOLLOWER at term 367 for recognizeCandidate:277b5c5e-8c6f-4c9a-a53f-1bbc96404e12
2019-10-16 21:55:42,901 [grpc-default-executor-0] INFO  impl.RoleInfo (RoleInfo.java:shutdownFollowerState(121)) - a32408a4-f19d-4bad-97c5-ba33ae94fc9a: shutdown FollowerState
2019-10-16 21:55:42,901 [grpc-default-executor-1] INFO  impl.RoleInfo (RoleInfo.java:shutdownFollowerState(121)) - 6b24a2ab-97ee-4d49-85cc-2d76c2f4b8ef: shutdown FollowerState
2019-10-16 21:55:42,901 [Thread-2468] INFO  impl.FollowerState (FollowerState.java:run(117)) - a32408a4-f19d-4bad-97c5-ba33ae94fc9a@group-569FAC3F8BCE-FollowerState was interrupted: java.lang.InterruptedException: sleep interrupted
2019-10-16 21:55:42,901 [grpc-default-executor-0] INFO  impl.RoleInfo (RoleInfo.java:updateAndGet(143)) - a32408a4-f19d-4bad-97c5-ba33ae94fc9a: start FollowerState
2019-10-16 21:55:42,901 [Thread-2469] INFO  impl.FollowerState (FollowerState.java:run(117)) - 6b24a2ab-97ee-4d49-85cc-2d76c2f4b8ef@group-569FAC3F8BCE-FollowerState was interrupted: java.lang.InterruptedException: sleep interrupted
2019-10-16 21:55:42,901 [grpc-default-executor-1] INFO  impl.RoleInfo (RoleInfo.java:updateAndGet(143)) - 6b24a2ab-97ee-4d49-85cc-2d76c2f4b8ef: start FollowerState
2019-10-16 21:55:42,916 [277b5c5e-8c6f-4c9a-a53f-1bbc96404e12@group-569FAC3F8BCE-LeaderElection356] INFO  impl.LeaderElection (LeaderElection.java:logAndReturn(56)) - 277b5c5e-8c6f-4c9a-a53f-1bbc96404e12@group-569FAC3F8BCE-LeaderElection356: Election REJECTED; received 2 response(s) [277b5c5e-8c6f-4c9a-a53f-1bbc96404e12<-a32408a4-f19d-4bad-97c5-ba33ae94fc9a#0:FAIL-t367, 277b5c5e-8c6f-4c9a-a53f-1bbc96404e12<-6b24a2ab-97ee-4d49-85cc-2d76c2f4b8ef#0:FAIL-t367] and 0 exception(s); 277b5c5e-8c6f-4c9a-a53f-1bbc96404e12@group-569FAC3F8BCE:t367, leader=null, voted=277b5c5e-8c6f-4c9a-a53f-1bbc96404e12, raftlog=277b5c5e-8c6f-4c9a-a53f-1bbc96404e12@group-569FAC3F8BCE-SegmentedRaftLog:OPENED:c-1,f-1,i0, conf=-1: [a32408a4-f19d-4bad-97c5-ba33ae94fc9a:192.168.157.254:38721, 6b24a2ab-97ee-4d49-85cc-2d76c2f4b8ef:192.168.157.254:41080, 277b5c5e-8c6f-4c9a-a53f-1bbc96404e12:192.168.157.254:41416], old=null
2019-10-16 21:55:42,916 [277b5c5e-8c6f-4c9a-a53f-1bbc96404e12@group-569FAC3F8BCE-LeaderElection356] INFO  impl.RaftServerImpl (RaftServerImpl.java:setRole(184)) - 277b5c5e-8c6f-4c9a-a53f-1bbc96404e12@group-569FAC3F8BCE: changes role from CANDIDATE to FOLLOWER at term 367 for DISCOVERED_A_NEW_TERM
2019-10-16 21:55:42,916 [277b5c5e-8c6f-4c9a-a53f-1bbc96404e12@group-569FAC3F8BCE-LeaderElection356] INFO  impl.RoleInfo (RoleInfo.java:shutdownLeaderElection(134)) - 277b5c5e-8c6f-4c9a-a53f-1bbc96404e12: shutdown LeaderElection
2019-10-16 21:55:42,916 [277b5c5e-8c6f-4c9a-a53f-1bbc96404e12@group-569FAC3F8BCE-LeaderElection356] INFO  impl.RoleInfo (RoleInfo.java:updateAndGet(143)) - 277b5c5e-8c6f-4c9a-a53f-1bbc96404e12: start FollowerState
2019-10-16 21:55:42,936 [Thread-2476] INFO  impl.FollowerState (FollowerState.java:run(108)) - 277b5c5e-8c6f-4c9a-a53f-1bbc96404e12@group-569FAC3F8BCE-FollowerState: change to CANDIDATE, lastRpcTime:20ms, electionTimeout:20ms
2019-10-16 21:55:42,937 [Thread-2476] INFO  impl.RoleInfo (RoleInfo.java:shutdownFollowerState(121)) - 277b5c5e-8c6f-4c9a-a53f-1bbc96404e12: shutdown FollowerState
2019-10-16 21:55:42,937 [Thread-2476] INFO  impl.RaftServerImpl (RaftServerImpl.java:setRole(184)) - 277b5c5e-8c6f-4c9a-a53f-1bbc96404e12@group-569FAC3F8BCE: changes role from  FOLLOWER to CANDIDATE at term 367 for changeToCandidate
2019-10-16 21:55:42,937 [Thread-2476] INFO  impl.RoleInfo (RoleInfo.java:updateAndGet(143)) - 277b5c5e-8c6f-4c9a-a53f-1bbc96404e12: start LeaderElection
2019-10-16 21:55:42,950 [277b5c5e-8c6f-4c9a-a53f-1bbc96404e12@group-569FAC3F8BCE-LeaderElection357] INFO  impl.LeaderElection (LeaderElection.java:askForVotes(178)) - 277b5c5e-8c6f-4c9a-a53f-1bbc96404e12@group-569FAC3F8BCE-LeaderElection357: begin an election at term 368 for -1: [a32408a4-f19d-4bad-97c5-ba33ae94fc9a:192.168.157.254:38721, 6b24a2ab-97ee-4d49-85cc-2d76c2f4b8ef:192.168.157.254:41080, 277b5c5e-8c6f-4c9a-a53f-1bbc96404e12:192.168.157.254:41416], old=null
2019-10-16 21:55:42,952 [grpc-default-executor-1] INFO  impl.RaftServerImpl (RaftServerImpl.java:setRole(184)) - a32408a4-f19d-4bad-97c5-ba33ae94fc9a@group-569FAC3F8BCE: changes role from  FOLLOWER to FOLLOWER at term 368 for recognizeCandidate:277b5c5e-8c6f-4c9a-a53f-1bbc96404e12
2019-10-16 21:55:42,952 [grpc-default-executor-1] INFO  impl.RoleInfo (RoleInfo.java:shutdownFollowerState(121)) - a32408a4-f19d-4bad-97c5-ba33ae94fc9a: shutdown FollowerState
2019-10-16 21:55:42,952 [grpc-default-executor-1] INFO  impl.RoleInfo (RoleInfo.java:updateAndGet(143)) - a32408a4-f19d-4bad-97c5-ba33ae94fc9a: start FollowerState
2019-10-16 21:55:42,952 [Thread-2474] INFO  impl.FollowerState (FollowerState.java:run(117)) - a32408a4-f19d-4bad-97c5-ba33ae94fc9a@group-569FAC3F8BCE-FollowerState was interrupted: java.lang.InterruptedException: sleep interrupted
2019-10-16 21:55:42,952 [grpc-default-executor-0] INFO  impl.RaftServerImpl (RaftServerImpl.java:setRole(184)) - 6b24a2ab-97ee-4d49-85cc-2d76c2f4b8ef@group-569FAC3F8BCE: changes role from  FOLLOWER to FOLLOWER at term 368 for recognizeCandidate:277b5c5e-8c6f-4c9a-a53f-1bbc96404e12
2019-10-16 21:55:42,952 [grpc-default-executor-0] INFO  impl.RoleInfo (RoleInfo.java:shutdownFollowerState(121)) - 6b24a2ab-97ee-4d49-85cc-2d76c2f4b8ef: shutdown FollowerState
2019-10-16 21:55:42,953 [grpc-default-executor-0] INFO  impl.RoleInfo (RoleInfo.java:updateAndGet(143)) - 6b24a2ab-97ee-4d49-85cc-2d76c2f4b8ef: start FollowerState
2019-10-16 21:55:42,953 [Thread-2475] INFO  impl.FollowerState (FollowerState.java:run(117)) - 6b24a2ab-97ee-4d49-85cc-2d76c2f4b8ef@group-569FAC3F8BCE-FollowerState was interrupted: java.lang.InterruptedException: sleep interrupted
2019-10-16 21:55:42,964 [277b5c5e-8c6f-4c9a-a53f-1bbc96404e12@group-569FAC3F8BCE-LeaderElection357] INFO  impl.LeaderElection (LeaderElection.java:logAndReturn(56)) - 277b5c5e-8c6f-4c9a-a53f-1bbc96404e12@group-569FAC3F8BCE-LeaderElection357: Election TIMEOUT; received 0 response(s) [] and 0 exception(s); 277b5c5e-8c6f-4c9a-a53f-1bbc96404e12@group-569FAC3F8BCE:t368, leader=null, voted=277b5c5e-8c6f-4c9a-a53f-1bbc96404e12, raftlog=277b5c5e-8c6f-4c9a-a53f-1bbc96404e12@group-569FAC3F8BCE-SegmentedRaftLog:OPENED:c-1,f-1,i0, conf=-1: [a32408a4-f19d-4bad-97c5-ba33ae94fc9a:192.168.157.254:38721, 6b24a2ab-97ee-4d49-85cc-2d76c2f4b8ef:192.168.157.254:41080, 277b5c5e-8c6f-4c9a-a53f-1bbc96404e12:192.168.157.254:41416], old=null
2019-10-16 21:55:42,967 [277b5c5e-8c6f-4c9a-a53f-1bbc96404e12@group-569FAC3F8BCE-LeaderElection357] INFO  impl.LeaderElection (LeaderElection.java:askForVotes(178)) - 277b5c5e-8c6f-4c9a-a53f-1bbc96404e12@group-569FAC3F8BCE-LeaderElection357: begin an election at term 369 for -1: [a32408a4-f19d-4bad-97c5-ba33ae94fc9a:192.168.157.254:38721, 6b24a2ab-97ee-4d49-85cc-2d76c2f4b8ef:192.168.157.254:41080, 277b5c5e-8c6f-4c9a-a53f-1bbc96404e12:192.168.157.254:41416], old=null
2019-10-16 21:55:42,969 [grpc-default-executor-1] INFO  impl.RaftServerImpl (RaftServerImpl.java:setRole(184)) - a32408a4-f19d-4bad-97c5-ba33ae94fc9a@group-569FAC3F8BCE: changes role from  FOLLOWER to FOLLOWER at term 369 for recognizeCandidate:277b5c5e-8c6f-4c9a-a53f-1bbc96404e12
2019-10-16 21:55:42,969 [grpc-default-executor-1] INFO  impl.RoleInfo (RoleInfo.java:shutdownFollowerState(121)) - a32408a4-f19d-4bad-97c5-ba33ae94fc9a: shutdown FollowerState
2019-10-16 21:55:42,969 [grpc-default-executor-0] INFO  impl.RaftServerImpl (RaftServerImpl.java:setRole(184)) - 6b24a2ab-97ee-4d49-85cc-2d76c2f4b8ef@group-569FAC3F8BCE: changes role from  FOLLOWER to FOLLOWER at term 369 for recognizeCandidate:277b5c5e-8c6f-4c9a-a53f-1bbc96404e12
2019-10-16 21:55:42,969 [Thread-2480] INFO  impl.FollowerState (FollowerState.java:run(117)) - a32408a4-f19d-4bad-97c5-ba33ae94fc9a@group-569FAC3F8BCE-FollowerState was interrupted: java.lang.InterruptedException: sleep interrupted
2019-10-16 21:55:42,969 [277b5c5e-8c6f-4c9a-a53f-1bbc96404e12@group-569FAC3F8BCE-LeaderElection357] INFO  impl.LeaderElection (LeaderElection.java:logAndReturn(56)) - 277b5c5e-8c6f-4c9a-a53f-1bbc96404e12@group-569FAC3F8BCE-LeaderElection357: Election TIMEOUT; received 0 response(s) [] and 0 exception(s); 277b5c5e-8c6f-4c9a-a53f-1bbc96404e12@group-569FAC3F8BCE:t369, leader=null, voted=277b5c5e-8c6f-4c9a-a53f-1bbc96404e12, raftlog=277b5c5e-8c6f-4c9a-a53f-1bbc96404e12@group-569FAC3F8BCE-SegmentedRaftLog:OPENED:c-1,f-1,i0, conf=-1: [a32408a4-f19d-4bad-97c5-ba33ae94fc9a:192.168.157.254:38721, 6b24a2ab-97ee-4d49-85cc-2d76c2f4b8ef:192.168.157.254:41080, 277b5c5e-8c6f-4c9a-a53f-1bbc96404e12:192.168.157.254:41416], old=null
2019-10-16 21:55:42,969 [grpc-default-executor-1] INFO  impl.RoleInfo (RoleInfo.java:updateAndGet(143)) - a32408a4-f19d-4bad-97c5-ba33ae94fc9a: start FollowerState
2019-10-16 21:55:42,969 [grpc-default-executor-0] INFO  impl.RoleInfo (RoleInfo.java:shutdownFollowerState(121)) - 6b24a2ab-97ee-4d49-85cc-2d76c2f4b8ef: shutdown FollowerState
2019-10-16 21:55:42,969 [grpc-default-executor-0] INFO  impl.RoleInfo (RoleInfo.java:updateAndGet(143)) - 6b24a2ab-97ee-4d49-85cc-2d76c2f4b8ef: start FollowerState
2019-10-16 21:55:42,969 [Thread-2481] INFO  impl.FollowerState (FollowerState.java:run(117)) - 6b24a2ab-97ee-4d49-85cc-2d76c2f4b8ef@group-569FAC3F8BCE-FollowerState was interrupted: java.lang.InterruptedException: sleep interrupted
2019-10-16 21:55:42,994 [277b5c5e-8c6f-4c9a-a53f-1bbc96404e12@group-569FAC3F8BCE-LeaderElection357] INFO  impl.LeaderElection (LeaderElection.java:askForVotes(178)) - 277b5c5e-8c6f-4c9a-a53f-1bbc96404e12@group-569FAC3F8BCE-LeaderElection357: begin an election at term 370 for -1: [a32408a4-f19d-4bad-97c5-ba33ae94fc9a:192.168.157.254:38721, 6b24a2ab-97ee-4d49-85cc-2d76c2f4b8ef:192.168.157.254:41080, 277b5c5e-8c6f-4c9a-a53f-1bbc96404e12:192.168.157.254:41416], old=null
2019-10-16 21:55:42,996 [grpc-default-executor-0] INFO  impl.RaftServerImpl (RaftServerImpl.java:setRole(184)) - a32408a4-f19d-4bad-97c5-ba33ae94fc9a@group-569FAC3F8BCE: changes role from  FOLLOWER to FOLLOWER at term 370 for recognizeCandidate:277b5c5e-8c6f-4c9a-a53f-1bbc96404e12
2019-10-16 21:55:42,996 [grpc-default-executor-0] INFO  impl.RoleInfo (RoleInfo.java:shutdownFollowerState(121)) - a32408a4-f19d-4bad-97c5-ba33ae94fc9a: shutdown FollowerState
2019-10-16 21:55:42,997 [grpc-default-executor-0] INFO  impl.RoleInfo (RoleInfo.java:updateAndGet(143)) - a32408a4-f19d-4bad-97c5-ba33ae94fc9a: start FollowerState
2019-10-16 21:55:42,997 [Thread-2484] INFO  impl.FollowerState (FollowerState.java:run(117)) - a32408a4-f19d-4bad-97c5-ba33ae94fc9a@group-569FAC3F8BCE-FollowerState was interrupted: java.lang.InterruptedException: sleep interrupted
2019-10-16 21:55:42,997 [grpc-default-executor-1] INFO  impl.RaftServerImpl (RaftServerImpl.java:setRole(184)) - 6b24a2ab-97ee-4d49-85cc-2d76c2f4b8ef@group-569FAC3F8BCE: changes role from  FOLLOWER to FOLLOWER at term 370 for recognizeCandidate:277b5c5e-8c6f-4c9a-a53f-1bbc96404e12
2019-10-16 21:55:42,997 [grpc-default-executor-1] INFO  impl.RoleInfo (RoleInfo.java:shutdownFollowerState(121)) - 6b24a2ab-97ee-4d49-85cc-2d76c2f4b8ef: shutdown FollowerState
2019-10-16 21:55:42,997 [grpc-default-executor-1] INFO  impl.RoleInfo (RoleInfo.java:updateAndGet(143)) - 6b24a2ab-97ee-4d49-85cc-2d76c2f4b8ef: start FollowerState
2019-10-16 21:55:42,997 [Thread-2485] INFO  impl.FollowerState (FollowerState.java:run(117)) - 6b24a2ab-97ee-4d49-85cc-2d76c2f4b8ef@group-569FAC3F8BCE-FollowerState was interrupted: java.lang.InterruptedException: sleep interrupted
2019-10-16 21:55:43,011 [277b5c5e-8c6f-4c9a-a53f-1bbc96404e12@group-569FAC3F8BCE-LeaderElection357] INFO  impl.LeaderElection (LeaderElection.java:logAndReturn(56)) - 277b5c5e-8c6f-4c9a-a53f-1bbc96404e12@group-569FAC3F8BCE-LeaderElection357: Election REJECTED; received 2 response(s) [277b5c5e-8c6f-4c9a-a53f-1bbc96404e12<-a32408a4-f19d-4bad-97c5-ba33ae94fc9a#0:FAIL-t370, 277b5c5e-8c6f-4c9a-a53f-1bbc96404e12<-6b24a2ab-97ee-4d49-85cc-2d76c2f4b8ef#0:FAIL-t370] and 0 exception(s); 277b5c5e-8c6f-4c9a-a53f-1bbc96404e12@group-569FAC3F8BCE:t370, leader=null, voted=277b5c5e-8c6f-4c9a-a53f-1bbc96404e12, raftlog=277b5c5e-8c6f-4c9a-a53f-1bbc96404e12@group-569FAC3F8BCE-SegmentedRaftLog:OPENED:c-1,f-1,i0, conf=-1: [a32408a4-f19d-4bad-97c5-ba33ae94fc9a:192.168.157.254:38721, 6b24a2ab-97ee-4d49-85cc-2d76c2f4b8ef:192.168.157.254:41080, 277b5c5e-8c6f-4c9a-a53f-1bbc96404e12:192.168.157.254:41416], old=null
2019-10-16 21:55:43,012 [277b5c5e-8c6f-4c9a-a53f-1bbc96404e12@group-569FAC3F8BCE-LeaderElection357] INFO  impl.RaftServerImpl (RaftServerImpl.java:setRole(184)) - 277b5c5e-8c6f-4c9a-a53f-1bbc96404e12@group-569FAC3F8BCE: changes role from CANDIDATE to FOLLOWER at term 370 for DISCOVERED_A_NEW_TERM
2019-10-16 21:55:43,012 [277b5c5e-8c6f-4c9a-a53f-1bbc96404e12@group-569FAC3F8BCE-LeaderElection357] INFO  impl.RoleInfo (RoleInfo.java:shutdownLeaderElection(134)) - 277b5c5e-8c6f-4c9a-a53f-1bbc96404e12: shutdown LeaderElection
2019-10-16 21:55:43,012 [277b5c5e-8c6f-4c9a-a53f-1bbc96404e12@group-569FAC3F8BCE-LeaderElection357] INFO  impl.RoleInfo (RoleInfo.java:updateAndGet(143)) - 277b5c5e-8c6f-4c9a-a53f-1bbc96404e12: start FollowerState
2019-10-16 21:55:43,095 [Thread-2490] INFO  impl.FollowerState (FollowerState.java:run(108)) - 277b5c5e-8c6f-4c9a-a53f-1bbc96404e12@group-569FAC3F8BCE-FollowerState: change to CANDIDATE, lastRpcTime:83ms, electionTimeout:83ms
2019-10-16 21:55:43,095 [Thread-2490] INFO  impl.RoleInfo (RoleInfo.java:shutdownFollowerState(121)) - 277b5c5e-8c6f-4c9a-a53f-1bbc96404e12: shutdown FollowerState
2019-10-16 21:55:43,095 [Thread-2490] INFO  impl.RaftServerImpl (RaftServerImpl.java:setRole(184)) - 277b5c5e-8c6f-4c9a-a53f-1bbc96404e12@group-569FAC3F8BCE: changes role from  FOLLOWER to CANDIDATE at term 370 for changeToCandidate
2019-10-16 21:55:43,096 [Thread-2490] INFO  impl.RoleInfo (RoleInfo.java:updateAndGet(143)) - 277b5c5e-8c6f-4c9a-a53f-1bbc96404e12: start LeaderElection
2019-10-16 21:55:43,121 [277b5c5e-8c6f-4c9a-a53f-1bbc96404e12@group-569FAC3F8BCE-LeaderElection358] INFO  impl.LeaderElection (LeaderElection.java:askForVotes(178)) - 277b5c5e-8c6f-4c9a-a53f-1bbc96404e12@group-569FAC3F8BCE-LeaderElection358: begin an election at term 371 for -1: [a32408a4-f19d-4bad-97c5-ba33ae94fc9a:192.168.157.254:38721, 6b24a2ab-97ee-4d49-85cc-2d76c2f4b8ef:192.168.157.254:41080, 277b5c5e-8c6f-4c9a-a53f-1bbc96404e12:192.168.157.254:41416], old=null
2019-10-16 21:55:43,122 [grpc-default-executor-0] INFO  impl.RaftServerImpl (RaftServerImpl.java:setRole(184)) - a32408a4-f19d-4bad-97c5-ba33ae94fc9a@group-569FAC3F8BCE: changes role from  FOLLOWER to FOLLOWER at term 371 for recognizeCandidate:277b5c5e-8c6f-4c9a-a53f-1bbc96404e12
2019-10-16 21:55:43,122 [grpc-default-executor-0] INFO  impl.RoleInfo (RoleInfo.java:shutdownFollowerState(121)) - a32408a4-f19d-4bad-97c5-ba33ae94fc9a: shutdown FollowerState
2019-10-16 21:55:43,123 [grpc-default-executor-0] INFO  impl.RoleInfo (RoleInfo.java:updateAndGet(143)) - a32408a4-f19d-4bad-97c5-ba33ae94fc9a: start FollowerState
2019-10-16 21:55:43,123 [Thread-2488] INFO  impl.FollowerState (FollowerState.java:run(117)) - a32408a4-f19d-4bad-97c5-ba33ae94fc9a@group-569FAC3F8BCE-FollowerState was interrupted: java.lang.InterruptedException: sleep interrupted
2019-10-16 21:55:43,125 [grpc-default-executor-1] INFO  impl.RaftServerImpl (RaftServerImpl.java:setRole(184)) - 6b24a2ab-97ee-4d49-85cc-2d76c2f4b8ef@group-569FAC3F8BCE: changes role from  FOLLOWER to FOLLOWER at term 371 for recognizeCandidate:277b5c5e-8c6f-4c9a-a53f-1bbc96404e12
2019-10-16 21:55:43,125 [grpc-default-executor-1] INFO  impl.RoleInfo (RoleInfo.java:shutdownFollowerState(121)) - 6b24a2ab-97ee-4d49-85cc-2d76c2f4b8ef: shutdown FollowerState
2019-10-16 21:55:43,125 [grpc-default-executor-1] INFO  impl.RoleInfo (RoleInfo.java:updateAndGet(143)) - 6b24a2ab-97ee-4d49-85cc-2d76c2f4b8ef: start FollowerState
2019-10-16 21:55:43,125 [Thread-2489] INFO  impl.FollowerState (FollowerState.java:run(117)) - 6b24a2ab-97ee-4d49-85cc-2d76c2f4b8ef@group-569FAC3F8BCE-FollowerState was interrupted: java.lang.InterruptedException: sleep interrupted
2019-10-16 21:55:43,149 [277b5c5e-8c6f-4c9a-a53f-1bbc96404e12@group-569FAC3F8BCE-LeaderElection358] INFO  impl.LeaderElection (LeaderElection.java:logAndReturn(56)) - 277b5c5e-8c6f-4c9a-a53f-1bbc96404e12@group-569FAC3F8BCE-LeaderElection358: Election REJECTED; received 2 response(s) [277b5c5e-8c6f-4c9a-a53f-1bbc96404e12<-a32408a4-f19d-4bad-97c5-ba33ae94fc9a#0:FAIL-t371, 277b5c5e-8c6f-4c9a-a53f-1bbc96404e12<-6b24a2ab-97ee-4d49-85cc-2d76c2f4b8ef#0:FAIL-t371] and 0 exception(s); 277b5c5e-8c6f-4c9a-a53f-1bbc96404e12@group-569FAC3F8BCE:t371, leader=null, voted=277b5c5e-8c6f-4c9a-a53f-1bbc96404e12, raftlog=277b5c5e-8c6f-4c9a-a53f-1bbc96404e12@group-569FAC3F8BCE-SegmentedRaftLog:OPENED:c-1,f-1,i0, conf=-1: [a32408a4-f19d-4bad-97c5-ba33ae94fc9a:192.168.157.254:38721, 6b24a2ab-97ee-4d49-85cc-2d76c2f4b8ef:192.168.157.254:41080, 277b5c5e-8c6f-4c9a-a53f-1bbc96404e12:192.168.157.254:41416], old=null
2019-10-16 21:55:43,149 [277b5c5e-8c6f-4c9a-a53f-1bbc96404e12@group-569FAC3F8BCE-LeaderElection358] INFO  impl.RaftServerImpl (RaftServerImpl.java:setRole(184)) - 277b5c5e-8c6f-4c9a-a53f-1bbc96404e12@group-569FAC3F8BCE: changes role from CANDIDATE to FOLLOWER at term 371 for DISCOVERED_A_NEW_TERM
2019-10-16 21:55:43,149 [277b5c5e-8c6f-4c9a-a53f-1bbc96404e12@group-569FAC3F8BCE-LeaderElection358] INFO  impl.RoleInfo (RoleInfo.java:shutdownLeaderElection(134)) - 277b5c5e-8c6f-4c9a-a53f-1bbc96404e12: shutdown LeaderElection
2019-10-16 21:55:43,149 [277b5c5e-8c6f-4c9a-a53f-1bbc96404e12@group-569FAC3F8BCE-LeaderElection358] INFO  impl.RoleInfo (RoleInfo.java:updateAndGet(143)) - 277b5c5e-8c6f-4c9a-a53f-1bbc96404e12: start FollowerState
2019-10-16 21:55:43,177 [Thread-2496] INFO  impl.FollowerState (FollowerState.java:run(108)) - 277b5c5e-8c6f-4c9a-a53f-1bbc96404e12@group-569FAC3F8BCE-FollowerState: change to CANDIDATE, lastRpcTime:27ms, electionTimeout:27ms
2019-10-16 21:55:43,177 [Thread-2496] INFO  impl.RoleInfo (RoleInfo.java:shutdownFollowerState(121)) - 277b5c5e-8c6f-4c9a-a53f-1bbc96404e12: shutdown FollowerState
2019-10-16 21:55:43,177 [Thread-2496] INFO  impl.RaftServerImpl (RaftServerImpl.java:setRole(184)) - 277b5c5e-8c6f-4c9a-a53f-1bbc96404e12@group-569FAC3F8BCE: changes role from  FOLLOWER to CANDIDATE at term 371 for changeToCandidate
2019-10-16 21:55:43,177 [Thread-2496] INFO  impl.RoleInfo (RoleInfo.java:updateAndGet(143)) - 277b5c5e-8c6f-4c9a-a53f-1bbc96404e12: start LeaderElection
2019-10-16 21:55:43,192 [277b5c5e-8c6f-4c9a-a53f-1bbc96404e12@group-569FAC3F8BCE-LeaderElection359] INFO  impl.LeaderElection (LeaderElection.java:askForVotes(178)) - 277b5c5e-8c6f-4c9a-a53f-1bbc96404e12@group-569FAC3F8BCE-LeaderElection359: begin an election at term 372 for -1: [a32408a4-f19d-4bad-97c5-ba33ae94fc9a:192.168.157.254:38721, 6b24a2ab-97ee-4d49-85cc-2d76c2f4b8ef:192.168.157.254:41080, 277b5c5e-8c6f-4c9a-a53f-1bbc96404e12:192.168.157.254:41416], old=null
2019-10-16 21:55:43,194 [grpc-default-executor-0] INFO  impl.RaftServerImpl (RaftServerImpl.java:setRole(184)) - a32408a4-f19d-4bad-97c5-ba33ae94fc9a@group-569FAC3F8BCE: changes role from  FOLLOWER to FOLLOWER at term 372 for recognizeCandidate:277b5c5e-8c6f-4c9a-a53f-1bbc96404e12
2019-10-16 21:55:43,194 [grpc-default-executor-0] INFO  impl.RoleInfo (RoleInfo.java:shutdownFollowerState(121)) - a32408a4-f19d-4bad-97c5-ba33ae94fc9a: shutdown FollowerState
2019-10-16 21:55:43,194 [grpc-default-executor-1] INFO  impl.RaftServerImpl (RaftServerImpl.java:setRole(184)) - 6b24a2ab-97ee-4d49-85cc-2d76c2f4b8ef@group-569FAC3F8BCE: changes role from  FOLLOWER to FOLLOWER at term 372 for recognizeCandidate:277b5c5e-8c6f-4c9a-a53f-1bbc96404e12
2019-10-16 21:55:43,194 [grpc-default-executor-1] INFO  impl.RoleInfo (RoleInfo.java:shutdownFollowerState(121)) - 6b24a2ab-97ee-4d49-85cc-2d76c2f4b8ef: shutdown FollowerState
2019-10-16 21:55:43,194 [Thread-2494] INFO  impl.FollowerState (FollowerState.java:run(117)) - a32408a4-f19d-4bad-97c5-ba33ae94fc9a@group-569FAC3F8BCE-FollowerState was interrupted: java.lang.InterruptedException: sleep interrupted
2019-10-16 21:55:43,194 [grpc-default-executor-0] INFO  impl.RoleInfo (RoleInfo.java:updateAndGet(143)) - a32408a4-f19d-4bad-97c5-ba33ae94fc9a: start FollowerState
2019-10-16 21:55:43,194 [grpc-default-executor-1] INFO  impl.RoleInfo (RoleInfo.java:updateAndGet(143)) - 6b24a2ab-97ee-4d49-85cc-2d76c2f4b8ef: start FollowerState
2019-10-16 21:55:43,194 [Thread-2495] INFO  impl.FollowerState (FollowerState.java:run(117)) - 6b24a2ab-97ee-4d49-85cc-2d76c2f4b8ef@group-569FAC3F8BCE-FollowerState was interrupted: java.lang.InterruptedException: sleep interrupted
2019-10-16 21:55:43,230 [277b5c5e-8c6f-4c9a-a53f-1bbc96404e12@group-569FAC3F8BCE-LeaderElection359] INFO  impl.LeaderElection (LeaderElection.java:logAndReturn(56)) - 277b5c5e-8c6f-4c9a-a53f-1bbc96404e12@group-569FAC3F8BCE-LeaderElection359: Election REJECTED; received 2 response(s) [277b5c5e-8c6f-4c9a-a53f-1bbc96404e12<-6b24a2ab-97ee-4d49-85cc-2d76c2f4b8ef#0:FAIL-t372, 277b5c5e-8c6f-4c9a-a53f-1bbc96404e12<-a32408a4-f19d-4bad-97c5-ba33ae94fc9a#0:FAIL-t372] and 0 exception(s); 277b5c5e-8c6f-4c9a-a53f-1bbc96404e12@group-569FAC3F8BCE:t372, leader=null, voted=277b5c5e-8c6f-4c9a-a53f-1bbc96404e12, raftlog=277b5c5e-8c6f-4c9a-a53f-1bbc96404e12@group-569FAC3F8BCE-SegmentedRaftLog:OPENED:c-1,f-1,i0, conf=-1: [a32408a4-f19d-4bad-97c5-ba33ae94fc9a:192.168.157.254:38721, 6b24a2ab-97ee-4d49-85cc-2d76c2f4b8ef:192.168.157.254:41080, 277b5c5e-8c6f-4c9a-a53f-1bbc96404e12:192.168.157.254:41416], old=null
2019-10-16 21:55:43,230 [277b5c5e-8c6f-4c9a-a53f-1bbc96404e12@group-569FAC3F8BCE-LeaderElection359] INFO  impl.RaftServerImpl (RaftServerImpl.java:setRole(184)) - 277b5c5e-8c6f-4c9a-a53f-1bbc96404e12@group-569FAC3F8BCE: changes role from CANDIDATE to FOLLOWER at term 372 for DISCOVERED_A_NEW_TERM
2019-10-16 21:55:43,230 [277b5c5e-8c6f-4c9a-a53f-1bbc96404e12@group-569FAC3F8BCE-LeaderElection359] INFO  impl.RoleInfo (RoleInfo.java:shutdownLeaderElection(134)) - 277b5c5e-8c6f-4c9a-a53f-1bbc96404e12: shutdown LeaderElection
2019-10-16 21:55:43,230 [277b5c5e-8c6f-4c9a-a53f-1bbc96404e12@group-569FAC3F8BCE-LeaderElection359] INFO  impl.RoleInfo (RoleInfo.java:updateAndGet(143)) - 277b5c5e-8c6f-4c9a-a53f-1bbc96404e12: start FollowerState
2019-10-16 21:55:43,256 [Thread-2502] INFO  impl.FollowerState (FollowerState.java:run(108)) - 277b5c5e-8c6f-4c9a-a53f-1bbc96404e12@group-569FAC3F8BCE-FollowerState: change to CANDIDATE, lastRpcTime:26ms, electionTimeout:26ms
2019-10-16 21:55:43,256 [Thread-2502] INFO  impl.RoleInfo (RoleInfo.java:shutdownFollowerState(121)) - 277b5c5e-8c6f-4c9a-a53f-1bbc96404e12: shutdown FollowerState
2019-10-16 21:55:43,257 [Thread-2502] INFO  impl.RaftServerImpl (RaftServerImpl.java:setRole(184)) - 277b5c5e-8c6f-4c9a-a53f-1bbc96404e12@group-569FAC3F8BCE: changes role from  FOLLOWER to CANDIDATE at term 372 for changeToCandidate
2019-10-16 21:55:43,257 [Thread-2502] INFO  impl.RoleInfo (RoleInfo.java:updateAndGet(143)) - 277b5c5e-8c6f-4c9a-a53f-1bbc96404e12: start LeaderElection
2019-10-16 21:55:43,270 [277b5c5e-8c6f-4c9a-a53f-1bbc96404e12@group-569FAC3F8BCE-LeaderElection360] INFO  impl.LeaderElection (LeaderElection.java:askForVotes(178)) - 277b5c5e-8c6f-4c9a-a53f-1bbc96404e12@group-569FAC3F8BCE-LeaderElection360: begin an election at term 373 for -1: [a32408a4-f19d-4bad-97c5-ba33ae94fc9a:192.168.157.254:38721, 6b24a2ab-97ee-4d49-85cc-2d76c2f4b8ef:192.168.157.254:41080, 277b5c5e-8c6f-4c9a-a53f-1bbc96404e12:192.168.157.254:41416], old=null
2019-10-16 21:55:43,272 [grpc-default-executor-0] INFO  impl.RaftServerImpl (RaftServerImpl.java:setRole(184)) - 6b24a2ab-97ee-4d49-85cc-2d76c2f4b8ef@group-569FAC3F8BCE: changes role from  FOLLOWER to FOLLOWER at term 373 for recognizeCandidate:277b5c5e-8c6f-4c9a-a53f-1bbc96404e12
2019-10-16 21:55:43,272 [grpc-default-executor-0] INFO  impl.RoleInfo (RoleInfo.java:shutdownFollowerState(121)) - 6b24a2ab-97ee-4d49-85cc-2d76c2f4b8ef: shutdown FollowerState
2019-10-16 21:55:43,272 [grpc-default-executor-0] INFO  impl.RoleInfo (RoleInfo.java:updateAndGet(143)) - 6b24a2ab-97ee-4d49-85cc-2d76c2f4b8ef: start FollowerState
2019-10-16 21:55:43,272 [Thread-2501] INFO  impl.FollowerState (FollowerState.java:run(117)) - 6b24a2ab-97ee-4d49-85cc-2d76c2f4b8ef@group-569FAC3F8BCE-FollowerState was interrupted: java.lang.InterruptedException: sleep interrupted
2019-10-16 21:55:43,272 [grpc-default-executor-1] INFO  impl.RaftServerImpl (RaftServerImpl.java:setRole(184)) - a32408a4-f19d-4bad-97c5-ba33ae94fc9a@group-569FAC3F8BCE: changes role from  FOLLOWER to FOLLOWER at term 373 for recognizeCandidate:277b5c5e-8c6f-4c9a-a53f-1bbc96404e12
2019-10-16 21:55:43,272 [grpc-default-executor-1] INFO  impl.RoleInfo (RoleInfo.java:shutdownFollowerState(121)) - a32408a4-f19d-4bad-97c5-ba33ae94fc9a: shutdown FollowerState
2019-10-16 21:55:43,273 [grpc-default-executor-1] INFO  impl.RoleInfo (RoleInfo.java:updateAndGet(143)) - a32408a4-f19d-4bad-97c5-ba33ae94fc9a: start FollowerState
2019-10-16 21:55:43,273 [Thread-2500] INFO  impl.FollowerState (FollowerState.java:run(117)) - a32408a4-f19d-4bad-97c5-ba33ae94fc9a@group-569FAC3F8BCE-FollowerState was interrupted: java.lang.InterruptedException: sleep interrupted
2019-10-16 21:55:43,279 [277b5c5e-8c6f-4c9a-a53f-1bbc96404e12@group-569FAC3F8BCE-LeaderElection360] INFO  impl.LeaderElection (LeaderElection.java:logAndReturn(56)) - 277b5c5e-8c6f-4c9a-a53f-1bbc96404e12@group-569FAC3F8BCE-LeaderElection360: Election REJECTED; received 2 response(s) [277b5c5e-8c6f-4c9a-a53f-1bbc96404e12<-a32408a4-f19d-4bad-97c5-ba33ae94fc9a#0:FAIL-t373, 277b5c5e-8c6f-4c9a-a53f-1bbc96404e12<-6b24a2ab-97ee-4d49-85cc-2d76c2f4b8ef#0:FAIL-t373] and 0 exception(s); 277b5c5e-8c6f-4c9a-a53f-1bbc96404e12@group-569FAC3F8BCE:t373, leader=null, voted=277b5c5e-8c6f-4c9a-a53f-1bbc96404e12, raftlog=277b5c5e-8c6f-4c9a-a53f-1bbc96404e12@group-569FAC3F8BCE-SegmentedRaftLog:OPENED:c-1,f-1,i0, conf=-1: [a32408a4-f19d-4bad-97c5-ba33ae94fc9a:192.168.157.254:38721, 6b24a2ab-97ee-4d49-85cc-2d76c2f4b8ef:192.168.157.254:41080, 277b5c5e-8c6f-4c9a-a53f-1bbc96404e12:192.168.157.254:41416], old=null
2019-10-16 21:55:43,280 [277b5c5e-8c6f-4c9a-a53f-1bbc96404e12@group-569FAC3F8BCE-LeaderElection360] INFO  impl.RaftServerImpl (RaftServerImpl.java:setRole(184)) - 277b5c5e-8c6f-4c9a-a53f-1bbc96404e12@group-569FAC3F8BCE: changes role from CANDIDATE to FOLLOWER at term 373 for DISCOVERED_A_NEW_TERM
2019-10-16 21:55:43,280 [277b5c5e-8c6f-4c9a-a53f-1bbc96404e12@group-569FAC3F8BCE-LeaderElection360] INFO  impl.RoleInfo (RoleInfo.java:shutdownLeaderElection(134)) - 277b5c5e-8c6f-4c9a-a53f-1bbc96404e12: shutdown LeaderElection
2019-10-16 21:55:43,280 [277b5c5e-8c6f-4c9a-a53f-1bbc96404e12@group-569FAC3F8BCE-LeaderElection360] INFO  impl.RoleInfo (RoleInfo.java:updateAndGet(143)) - 277b5c5e-8c6f-4c9a-a53f-1bbc96404e12: start FollowerState
2019-10-16 21:55:43,394 [Thread-2508] INFO  impl.FollowerState (FollowerState.java:run(108)) - 277b5c5e-8c6f-4c9a-a53f-1bbc96404e12@group-569FAC3F8BCE-FollowerState: change to CANDIDATE, lastRpcTime:114ms, electionTimeout:114ms
2019-10-16 21:55:43,394 [Thread-2508] INFO  impl.RoleInfo (RoleInfo.java:shutdownFollowerState(121)) - 277b5c5e-8c6f-4c9a-a53f-1bbc96404e12: shutdown FollowerState
2019-10-16 21:55:43,394 [Thread-2508] INFO  impl.RaftServerImpl (RaftServerImpl.java:setRole(184)) - 277b5c5e-8c6f-4c9a-a53f-1bbc96404e12@group-569FAC3F8BCE: changes role from  FOLLOWER to CANDIDATE at term 373 for changeToCandidate
2019-10-16 21:55:43,395 [Thread-2508] INFO  impl.RoleInfo (RoleInfo.java:updateAndGet(143)) - 277b5c5e-8c6f-4c9a-a53f-1bbc96404e12: start LeaderElection
2019-10-16 21:55:43,419 [277b5c5e-8c6f-4c9a-a53f-1bbc96404e12@group-569FAC3F8BCE-LeaderElection361] INFO  impl.LeaderElection (LeaderElection.java:askForVotes(178)) - 277b5c5e-8c6f-4c9a-a53f-1bbc96404e12@group-569FAC3F8BCE-LeaderElection361: begin an election at term 374 for -1: [a32408a4-f19d-4bad-97c5-ba33ae94fc9a:192.168.157.254:38721, 6b24a2ab-97ee-4d49-85cc-2d76c2f4b8ef:192.168.157.254:41080, 277b5c5e-8c6f-4c9a-a53f-1bbc96404e12:192.168.157.254:41416], old=null
2019-10-16 21:55:43,421 [grpc-default-executor-0] INFO  impl.RaftServerImpl (RaftServerImpl.java:setRole(184)) - a32408a4-f19d-4bad-97c5-ba33ae94fc9a@group-569FAC3F8BCE: changes role from  FOLLOWER to FOLLOWER at term 374 for recognizeCandidate:277b5c5e-8c6f-4c9a-a53f-1bbc96404e12
2019-10-16 21:55:43,421 [grpc-default-executor-0] INFO  impl.RoleInfo (RoleInfo.java:shutdownFollowerState(121)) - a32408a4-f19d-4bad-97c5-ba33ae94fc9a: shutdown FollowerState
2019-10-16 21:55:43,421 [grpc-default-executor-1] INFO  impl.RaftServerImpl (RaftServerImpl.java:setRole(184)) - 6b24a2ab-97ee-4d49-85cc-2d76c2f4b8ef@group-569FAC3F8BCE: changes role from  FOLLOWER to FOLLOWER at term 374 for recognizeCandidate:277b5c5e-8c6f-4c9a-a53f-1bbc96404e12
2019-10-16 21:55:43,421 [grpc-default-executor-1] INFO  impl.RoleInfo (RoleInfo.java:shutdownFollowerState(121)) - 6b24a2ab-97ee-4d49-85cc-2d76c2f4b8ef: shutdown FollowerState
2019-10-16 21:55:43,421 [grpc-default-executor-0] INFO  impl.RoleInfo (RoleInfo.java:updateAndGet(143)) - a32408a4-f19d-4bad-97c5-ba33ae94fc9a: start FollowerState
2019-10-16 21:55:43,421 [Thread-2507] INFO  impl.FollowerState (FollowerState.java:run(117)) - a32408a4-f19d-4bad-97c5-ba33ae94fc9a@group-569FAC3F8BCE-FollowerState was interrupted: java.lang.InterruptedException: sleep interrupted
2019-10-16 21:55:43,422 [Thread-2506] INFO  impl.FollowerState (FollowerState.java:run(117)) - 6b24a2ab-97ee-4d49-85cc-2d76c2f4b8ef@group-569FAC3F8BCE-FollowerState was interrupted: java.lang.InterruptedException: sleep interrupted
2019-10-16 21:55:43,422 [grpc-default-executor-1] INFO  impl.RoleInfo (RoleInfo.java:updateAndGet(143)) - 6b24a2ab-97ee-4d49-85cc-2d76c2f4b8ef: start FollowerState
2019-10-16 21:55:43,448 [277b5c5e-8c6f-4c9a-a53f-1bbc96404e12@group-569FAC3F8BCE-LeaderElection361] INFO  impl.LeaderElection (LeaderElection.java:logAndReturn(56)) - 277b5c5e-8c6f-4c9a-a53f-1bbc96404e12@group-569FAC3F8BCE-LeaderElection361: Election REJECTED; received 2 response(s) [277b5c5e-8c6f-4c9a-a53f-1bbc96404e12<-6b24a2ab-97ee-4d49-85cc-2d76c2f4b8ef#0:FAIL-t374, 277b5c5e-8c6f-4c9a-a53f-1bbc96404e12<-a32408a4-f19d-4bad-97c5-ba33ae94fc9a#0:FAIL-t374] and 0 exception(s); 277b5c5e-8c6f-4c9a-a53f-1bbc96404e12@group-569FAC3F8BCE:t374, leader=null, voted=277b5c5e-8c6f-4c9a-a53f-1bbc96404e12, raftlog=277b5c5e-8c6f-4c9a-a53f-1bbc96404e12@group-569FAC3F8BCE-SegmentedRaftLog:OPENED:c-1,f-1,i0, conf=-1: [a32408a4-f19d-4bad-97c5-ba33ae94fc9a:192.168.157.254:38721, 6b24a2ab-97ee-4d49-85cc-2d76c2f4b8ef:192.168.157.254:41080, 277b5c5e-8c6f-4c9a-a53f-1bbc96404e12:192.168.157.254:41416], old=null
2019-10-16 21:55:43,448 [277b5c5e-8c6f-4c9a-a53f-1bbc96404e12@group-569FAC3F8BCE-LeaderElection361] INFO  impl.RaftServerImpl (RaftServerImpl.java:setRole(184)) - 277b5c5e-8c6f-4c9a-a53f-1bbc96404e12@group-569FAC3F8BCE: changes role from CANDIDATE to FOLLOWER at term 374 for DISCOVERED_A_NEW_TERM
2019-10-16 21:55:43,448 [277b5c5e-8c6f-4c9a-a53f-1bbc96404e12@group-569FAC3F8BCE-LeaderElection361] INFO  impl.RoleInfo (RoleInfo.java:shutdownLeaderElection(134)) - 277b5c5e-8c6f-4c9a-a53f-1bbc96404e12: shutdown LeaderElection
2019-10-16 21:55:43,448 [277b5c5e-8c6f-4c9a-a53f-1bbc96404e12@group-569FAC3F8BCE-LeaderElection361] INFO  impl.RoleInfo (RoleInfo.java:updateAndGet(143)) - 277b5c5e-8c6f-4c9a-a53f-1bbc96404e12: start FollowerState
2019-10-16 21:55:43,524 [Thread-2514] INFO  impl.FollowerState (FollowerState.java:run(108)) - 277b5c5e-8c6f-4c9a-a53f-1bbc96404e12@group-569FAC3F8BCE-FollowerState: change to CANDIDATE, lastRpcTime:75ms, electionTimeout:75ms
2019-10-16 21:55:43,524 [Thread-2514] INFO  impl.RoleInfo (RoleInfo.java:shutdownFollowerState(121)) - 277b5c5e-8c6f-4c9a-a53f-1bbc96404e12: shutdown FollowerState
2019-10-16 21:55:43,524 [Thread-2514] INFO  impl.RaftServerImpl (RaftServerImpl.java:setRole(184)) - 277b5c5e-8c6f-4c9a-a53f-1bbc96404e12@group-569FAC3F8BCE: changes role from  FOLLOWER to CANDIDATE at term 374 for changeToCandidate
2019-10-16 21:55:43,524 [Thread-2514] INFO  impl.RoleInfo (RoleInfo.java:updateAndGet(143)) - 277b5c5e-8c6f-4c9a-a53f-1bbc96404e12: start LeaderElection
2019-10-16 21:55:43,550 [277b5c5e-8c6f-4c9a-a53f-1bbc96404e12@group-569FAC3F8BCE-LeaderElection362] INFO  impl.LeaderElection (LeaderElection.java:askForVotes(178)) - 277b5c5e-8c6f-4c9a-a53f-1bbc96404e12@group-569FAC3F8BCE-LeaderElection362: begin an election at term 375 for -1: [a32408a4-f19d-4bad-97c5-ba33ae94fc9a:192.168.157.254:38721, 6b24a2ab-97ee-4d49-85cc-2d76c2f4b8ef:192.168.157.254:41080, 277b5c5e-8c6f-4c9a-a53f-1bbc96404e12:192.168.157.254:41416], old=null
2019-10-16 21:55:43,552 [grpc-default-executor-1] INFO  impl.RaftServerImpl (RaftServerImpl.java:setRole(184)) - 6b24a2ab-97ee-4d49-85cc-2d76c2f4b8ef@group-569FAC3F8BCE: changes role from  FOLLOWER to FOLLOWER at term 375 for recognizeCandidate:277b5c5e-8c6f-4c9a-a53f-1bbc96404e12
2019-10-16 21:55:43,552 [grpc-default-executor-1] INFO  impl.RoleInfo (RoleInfo.java:shutdownFollowerState(121)) - 6b24a2ab-97ee-4d49-85cc-2d76c2f4b8ef: shutdown FollowerState
2019-10-16 21:55:43,552 [grpc-default-executor-1] INFO  impl.RoleInfo (RoleInfo.java:updateAndGet(143)) - 6b24a2ab-97ee-4d49-85cc-2d76c2f4b8ef: start FollowerState
2019-10-16 21:55:43,552 [grpc-default-executor-0] INFO  impl.RaftServerImpl (RaftServerImpl.java:setRole(184)) - a32408a4-f19d-4bad-97c5-ba33ae94fc9a@group-569FAC3F8BCE: changes role from  FOLLOWER to FOLLOWER at term 375 for recognizeCandidate:277b5c5e-8c6f-4c9a-a53f-1bbc96404e12
2019-10-16 21:55:43,553 [grpc-default-executor-0] INFO  impl.RoleInfo (RoleInfo.java:shutdownFollowerState(121)) - a32408a4-f19d-4bad-97c5-ba33ae94fc9a: shutdown FollowerState
2019-10-16 21:55:43,552 [Thread-2513] INFO  impl.FollowerState (FollowerState.java:run(117)) - 6b24a2ab-97ee-4d49-85cc-2d76c2f4b8ef@group-569FAC3F8BCE-FollowerState was interrupted: java.lang.InterruptedException: sleep interrupted
2019-10-16 21:55:43,553 [Thread-2512] INFO  impl.FollowerState (FollowerState.java:run(117)) - a32408a4-f19d-4bad-97c5-ba33ae94fc9a@group-569FAC3F8BCE-FollowerState was interrupted: java.lang.InterruptedException: sleep interrupted
2019-10-16 21:55:43,553 [grpc-default-executor-0] INFO  impl.RoleInfo (RoleInfo.java:updateAndGet(143)) - a32408a4-f19d-4bad-97c5-ba33ae94fc9a: start FollowerState
2019-10-16 21:55:43,579 [277b5c5e-8c6f-4c9a-a53f-1bbc96404e12@group-569FAC3F8BCE-LeaderElection362] INFO  impl.LeaderElection (LeaderElection.java:logAndReturn(56)) - 277b5c5e-8c6f-4c9a-a53f-1bbc96404e12@group-569FAC3F8BCE-LeaderElection362: Election REJECTED; received 2 response(s) [277b5c5e-8c6f-4c9a-a53f-1bbc96404e12<-6b24a2ab-97ee-4d49-85cc-2d76c2f4b8ef#0:FAIL-t375, 277b5c5e-8c6f-4c9a-a53f-1bbc96404e12<-a32408a4-f19d-4bad-97c5-ba33ae94fc9a#0:FAIL-t375] and 0 exception(s); 277b5c5e-8c6f-4c9a-a53f-1bbc96404e12@group-569FAC3F8BCE:t375, leader=null, voted=277b5c5e-8c6f-4c9a-a53f-1bbc96404e12, raftlog=277b5c5e-8c6f-4c9a-a53f-1bbc96404e12@group-569FAC3F8BCE-SegmentedRaftLog:OPENED:c-1,f-1,i0, conf=-1: [a32408a4-f19d-4bad-97c5-ba33ae94fc9a:192.168.157.254:38721, 6b24a2ab-97ee-4d49-85cc-2d76c2f4b8ef:192.168.157.254:41080, 277b5c5e-8c6f-4c9a-a53f-1bbc96404e12:192.168.157.254:41416], old=null
2019-10-16 21:55:43,579 [277b5c5e-8c6f-4c9a-a53f-1bbc96404e12@group-569FAC3F8BCE-LeaderElection362] INFO  impl.RaftServerImpl (RaftServerImpl.java:setRole(184)) - 277b5c5e-8c6f-4c9a-a53f-1bbc96404e12@group-569FAC3F8BCE: changes role from CANDIDATE to FOLLOWER at term 375 for DISCOVERED_A_NEW_TERM
2019-10-16 21:55:43,579 [277b5c5e-8c6f-4c9a-a53f-1bbc96404e12@group-569FAC3F8BCE-LeaderElection362] INFO  impl.RoleInfo (RoleInfo.java:shutdownLeaderElection(134)) - 277b5c5e-8c6f-4c9a-a53f-1bbc96404e12: shutdown LeaderElection
2019-10-16 21:55:43,579 [277b5c5e-8c6f-4c9a-a53f-1bbc96404e12@group-569FAC3F8BCE-LeaderElection362] INFO  impl.RoleInfo (RoleInfo.java:updateAndGet(143)) - 277b5c5e-8c6f-4c9a-a53f-1bbc96404e12: start FollowerState
2019-10-16 21:55:43,580 [Thread-0] INFO  ozone.MiniOzoneClusterImpl (MiniOzoneClusterImpl.java:lambda$waitForClusterToBeReady$2(164)) - Waiting for 1 number of pipelines out of 4, to report a leader.
2019-10-16 21:55:43,648 [Thread-2520] INFO  impl.FollowerState (FollowerState.java:run(108)) - 277b5c5e-8c6f-4c9a-a53f-1bbc96404e12@group-569FAC3F8BCE-FollowerState: change to CANDIDATE, lastRpcTime:68ms, electionTimeout:68ms
2019-10-16 21:55:43,648 [Thread-2520] INFO  impl.RoleInfo (RoleInfo.java:shutdownFollowerState(121)) - 277b5c5e-8c6f-4c9a-a53f-1bbc96404e12: shutdown FollowerState
2019-10-16 21:55:43,648 [Thread-2520] INFO  impl.RaftServerImpl (RaftServerImpl.java:setRole(184)) - 277b5c5e-8c6f-4c9a-a53f-1bbc96404e12@group-569FAC3F8BCE: changes role from  FOLLOWER to CANDIDATE at term 375 for changeToCandidate
2019-10-16 21:55:43,648 [Thread-2520] INFO  impl.RoleInfo (RoleInfo.java:updateAndGet(143)) - 277b5c5e-8c6f-4c9a-a53f-1bbc96404e12: start LeaderElection
2019-10-16 21:55:43,674 [277b5c5e-8c6f-4c9a-a53f-1bbc96404e12@group-569FAC3F8BCE-LeaderElection363] INFO  impl.LeaderElection (LeaderElection.java:askForVotes(178)) - 277b5c5e-8c6f-4c9a-a53f-1bbc96404e12@group-569FAC3F8BCE-LeaderElection363: begin an election at term 376 for -1: [a32408a4-f19d-4bad-97c5-ba33ae94fc9a:192.168.157.254:38721, 6b24a2ab-97ee-4d49-85cc-2d76c2f4b8ef:192.168.157.254:41080, 277b5c5e-8c6f-4c9a-a53f-1bbc96404e12:192.168.157.254:41416], old=null
2019-10-16 21:55:43,676 [grpc-default-executor-1] INFO  impl.RaftServerImpl (RaftServerImpl.java:setRole(184)) - 6b24a2ab-97ee-4d49-85cc-2d76c2f4b8ef@group-569FAC3F8BCE: changes role from  FOLLOWER to FOLLOWER at term 376 for recognizeCandidate:277b5c5e-8c6f-4c9a-a53f-1bbc96404e12
2019-10-16 21:55:43,677 [grpc-default-executor-1] INFO  impl.RoleInfo (RoleInfo.java:shutdownFollowerState(121)) - 6b24a2ab-97ee-4d49-85cc-2d76c2f4b8ef: shutdown FollowerState
2019-10-16 21:55:43,676 [grpc-default-executor-0] INFO  impl.RaftServerImpl (RaftServerImpl.java:setRole(184)) - a32408a4-f19d-4bad-97c5-ba33ae94fc9a@group-569FAC3F8BCE: changes role from  FOLLOWER to FOLLOWER at term 376 for recognizeCandidate:277b5c5e-8c6f-4c9a-a53f-1bbc96404e12
2019-10-16 21:55:43,677 [grpc-default-executor-0] INFO  impl.RoleInfo (RoleInfo.java:shutdownFollowerState(121)) - a32408a4-f19d-4bad-97c5-ba33ae94fc9a: shutdown FollowerState
2019-10-16 21:55:43,677 [Thread-2518] INFO  impl.FollowerState (FollowerState.java:run(117)) - 6b24a2ab-97ee-4d49-85cc-2d76c2f4b8ef@group-569FAC3F8BCE-FollowerState was interrupted: java.lang.InterruptedException: sleep interrupted
2019-10-16 21:55:43,677 [Thread-2519] INFO  impl.FollowerState (FollowerState.java:run(117)) - a32408a4-f19d-4bad-97c5-ba33ae94fc9a@group-569FAC3F8BCE-FollowerState was interrupted: java.lang.InterruptedException: sleep interrupted
2019-10-16 21:55:43,677 [grpc-default-executor-1] INFO  impl.RoleInfo (RoleInfo.java:updateAndGet(143)) - 6b24a2ab-97ee-4d49-85cc-2d76c2f4b8ef: start FollowerState
2019-10-16 21:55:43,677 [grpc-default-executor-0] INFO  impl.RoleInfo (RoleInfo.java:updateAndGet(143)) - a32408a4-f19d-4bad-97c5-ba33ae94fc9a: start FollowerState
2019-10-16 21:55:43,704 [277b5c5e-8c6f-4c9a-a53f-1bbc96404e12@group-569FAC3F8BCE-LeaderElection363] INFO  impl.LeaderElection (LeaderElection.java:logAndReturn(56)) - 277b5c5e-8c6f-4c9a-a53f-1bbc96404e12@group-569FAC3F8BCE-LeaderElection363: Election REJECTED; received 2 response(s) [277b5c5e-8c6f-4c9a-a53f-1bbc96404e12<-6b24a2ab-97ee-4d49-85cc-2d76c2f4b8ef#0:FAIL-t376, 277b5c5e-8c6f-4c9a-a53f-1bbc96404e12<-a32408a4-f19d-4bad-97c5-ba33ae94fc9a#0:FAIL-t376] and 0 exception(s); 277b5c5e-8c6f-4c9a-a53f-1bbc96404e12@group-569FAC3F8BCE:t376, leader=null, voted=277b5c5e-8c6f-4c9a-a53f-1bbc96404e12, raftlog=277b5c5e-8c6f-4c9a-a53f-1bbc96404e12@group-569FAC3F8BCE-SegmentedRaftLog:OPENED:c-1,f-1,i0, conf=-1: [a32408a4-f19d-4bad-97c5-ba33ae94fc9a:192.168.157.254:38721, 6b24a2ab-97ee-4d49-85cc-2d76c2f4b8ef:192.168.157.254:41080, 277b5c5e-8c6f-4c9a-a53f-1bbc96404e12:192.168.157.254:41416], old=null
2019-10-16 21:55:43,704 [277b5c5e-8c6f-4c9a-a53f-1bbc96404e12@group-569FAC3F8BCE-LeaderElection363] INFO  impl.RaftServerImpl (RaftServerImpl.java:setRole(184)) - 277b5c5e-8c6f-4c9a-a53f-1bbc96404e12@group-569FAC3F8BCE: changes role from CANDIDATE to FOLLOWER at term 376 for DISCOVERED_A_NEW_TERM
2019-10-16 21:55:43,705 [277b5c5e-8c6f-4c9a-a53f-1bbc96404e12@group-569FAC3F8BCE-LeaderElection363] INFO  impl.RoleInfo (RoleInfo.java:shutdownLeaderElection(134)) - 277b5c5e-8c6f-4c9a-a53f-1bbc96404e12: shutdown LeaderElection
2019-10-16 21:55:43,705 [277b5c5e-8c6f-4c9a-a53f-1bbc96404e12@group-569FAC3F8BCE-LeaderElection363] INFO  impl.RoleInfo (RoleInfo.java:updateAndGet(143)) - 277b5c5e-8c6f-4c9a-a53f-1bbc96404e12: start FollowerState
2019-10-16 21:55:43,777 [Thread-2526] INFO  impl.FollowerState (FollowerState.java:run(108)) - 277b5c5e-8c6f-4c9a-a53f-1bbc96404e12@group-569FAC3F8BCE-FollowerState: change to CANDIDATE, lastRpcTime:72ms, electionTimeout:72ms
2019-10-16 21:55:43,777 [Thread-2526] INFO  impl.RoleInfo (RoleInfo.java:shutdownFollowerState(121)) - 277b5c5e-8c6f-4c9a-a53f-1bbc96404e12: shutdown FollowerState
2019-10-16 21:55:43,777 [Thread-2526] INFO  impl.RaftServerImpl (RaftServerImpl.java:setRole(184)) - 277b5c5e-8c6f-4c9a-a53f-1bbc96404e12@group-569FAC3F8BCE: changes role from  FOLLOWER to CANDIDATE at term 376 for changeToCandidate
2019-10-16 21:55:43,778 [Thread-2526] INFO  impl.RoleInfo (RoleInfo.java:updateAndGet(143)) - 277b5c5e-8c6f-4c9a-a53f-1bbc96404e12: start LeaderElection
2019-10-16 21:55:43,781 [277b5c5e-8c6f-4c9a-a53f-1bbc96404e12@group-569FAC3F8BCE-LeaderElection364] INFO  impl.LeaderElection (LeaderElection.java:askForVotes(178)) - 277b5c5e-8c6f-4c9a-a53f-1bbc96404e12@group-569FAC3F8BCE-LeaderElection364: begin an election at term 377 for -1: [a32408a4-f19d-4bad-97c5-ba33ae94fc9a:192.168.157.254:38721, 6b24a2ab-97ee-4d49-85cc-2d76c2f4b8ef:192.168.157.254:41080, 277b5c5e-8c6f-4c9a-a53f-1bbc96404e12:192.168.157.254:41416], old=null
2019-10-16 21:55:43,783 [grpc-default-executor-0] INFO  impl.RaftServerImpl (RaftServerImpl.java:setRole(184)) - a32408a4-f19d-4bad-97c5-ba33ae94fc9a@group-569FAC3F8BCE: changes role from  FOLLOWER to FOLLOWER at term 377 for recognizeCandidate:277b5c5e-8c6f-4c9a-a53f-1bbc96404e12
2019-10-16 21:55:43,783 [grpc-default-executor-1] INFO  impl.RaftServerImpl (RaftServerImpl.java:setRole(184)) - 6b24a2ab-97ee-4d49-85cc-2d76c2f4b8ef@group-569FAC3F8BCE: changes role from  FOLLOWER to FOLLOWER at term 377 for recognizeCandidate:277b5c5e-8c6f-4c9a-a53f-1bbc96404e12
2019-10-16 21:55:43,784 [grpc-default-executor-0] INFO  impl.RoleInfo (RoleInfo.java:shutdownFollowerState(121)) - a32408a4-f19d-4bad-97c5-ba33ae94fc9a: shutdown FollowerState
2019-10-16 21:55:43,784 [grpc-default-executor-1] INFO  impl.RoleInfo (RoleInfo.java:shutdownFollowerState(121)) - 6b24a2ab-97ee-4d49-85cc-2d76c2f4b8ef: shutdown FollowerState
2019-10-16 21:55:43,784 [Thread-2525] INFO  impl.FollowerState (FollowerState.java:run(117)) - a32408a4-f19d-4bad-97c5-ba33ae94fc9a@group-569FAC3F8BCE-FollowerState was interrupted: java.lang.InterruptedException: sleep interrupted
2019-10-16 21:55:43,784 [grpc-default-executor-0] INFO  impl.RoleInfo (RoleInfo.java:updateAndGet(143)) - a32408a4-f19d-4bad-97c5-ba33ae94fc9a: start FollowerState
2019-10-16 21:55:43,784 [Thread-2524] INFO  impl.FollowerState (FollowerState.java:run(117)) - 6b24a2ab-97ee-4d49-85cc-2d76c2f4b8ef@group-569FAC3F8BCE-FollowerState was interrupted: java.lang.InterruptedException: sleep interrupted
2019-10-16 21:55:43,784 [grpc-default-executor-1] INFO  impl.RoleInfo (RoleInfo.java:updateAndGet(143)) - 6b24a2ab-97ee-4d49-85cc-2d76c2f4b8ef: start FollowerState
2019-10-16 21:55:43,792 [277b5c5e-8c6f-4c9a-a53f-1bbc96404e12@group-569FAC3F8BCE-LeaderElection364] INFO  impl.LeaderElection (LeaderElection.java:logAndReturn(56)) - 277b5c5e-8c6f-4c9a-a53f-1bbc96404e12@group-569FAC3F8BCE-LeaderElection364: Election REJECTED; received 2 response(s) [277b5c5e-8c6f-4c9a-a53f-1bbc96404e12<-6b24a2ab-97ee-4d49-85cc-2d76c2f4b8ef#0:FAIL-t377, 277b5c5e-8c6f-4c9a-a53f-1bbc96404e12<-a32408a4-f19d-4bad-97c5-ba33ae94fc9a#0:FAIL-t377] and 0 exception(s); 277b5c5e-8c6f-4c9a-a53f-1bbc96404e12@group-569FAC3F8BCE:t377, leader=null, voted=277b5c5e-8c6f-4c9a-a53f-1bbc96404e12, raftlog=277b5c5e-8c6f-4c9a-a53f-1bbc96404e12@group-569FAC3F8BCE-SegmentedRaftLog:OPENED:c-1,f-1,i0, conf=-1: [a32408a4-f19d-4bad-97c5-ba33ae94fc9a:192.168.157.254:38721, 6b24a2ab-97ee-4d49-85cc-2d76c2f4b8ef:192.168.157.254:41080, 277b5c5e-8c6f-4c9a-a53f-1bbc96404e12:192.168.157.254:41416], old=null
2019-10-16 21:55:43,792 [277b5c5e-8c6f-4c9a-a53f-1bbc96404e12@group-569FAC3F8BCE-LeaderElection364] INFO  impl.RaftServerImpl (RaftServerImpl.java:setRole(184)) - 277b5c5e-8c6f-4c9a-a53f-1bbc96404e12@group-569FAC3F8BCE: changes role from CANDIDATE to FOLLOWER at term 377 for DISCOVERED_A_NEW_TERM
2019-10-16 21:55:43,792 [277b5c5e-8c6f-4c9a-a53f-1bbc96404e12@group-569FAC3F8BCE-LeaderElection364] INFO  impl.RoleInfo (RoleInfo.java:shutdownLeaderElection(134)) - 277b5c5e-8c6f-4c9a-a53f-1bbc96404e12: shutdown LeaderElection
2019-10-16 21:55:43,792 [277b5c5e-8c6f-4c9a-a53f-1bbc96404e12@group-569FAC3F8BCE-LeaderElection364] INFO  impl.RoleInfo (RoleInfo.java:updateAndGet(143)) - 277b5c5e-8c6f-4c9a-a53f-1bbc96404e12: start FollowerState
2019-10-16 21:55:43,853 [Thread-2532] INFO  impl.FollowerState (FollowerState.java:run(108)) - 277b5c5e-8c6f-4c9a-a53f-1bbc96404e12@group-569FAC3F8BCE-FollowerState: change to CANDIDATE, lastRpcTime:60ms, electionTimeout:60ms
2019-10-16 21:55:43,853 [Thread-2532] INFO  impl.RoleInfo (RoleInfo.java:shutdownFollowerState(121)) - 277b5c5e-8c6f-4c9a-a53f-1bbc96404e12: shutdown FollowerState
2019-10-16 21:55:43,853 [Thread-2532] INFO  impl.RaftServerImpl (RaftServerImpl.java:setRole(184)) - 277b5c5e-8c6f-4c9a-a53f-1bbc96404e12@group-569FAC3F8BCE: changes role from  FOLLOWER to CANDIDATE at term 377 for changeToCandidate
2019-10-16 21:55:43,853 [Thread-2532] INFO  impl.RoleInfo (RoleInfo.java:updateAndGet(143)) - 277b5c5e-8c6f-4c9a-a53f-1bbc96404e12: start LeaderElection
2019-10-16 21:55:43,875 [277b5c5e-8c6f-4c9a-a53f-1bbc96404e12@group-569FAC3F8BCE-LeaderElection365] INFO  impl.LeaderElection (LeaderElection.java:askForVotes(178)) - 277b5c5e-8c6f-4c9a-a53f-1bbc96404e12@group-569FAC3F8BCE-LeaderElection365: begin an election at term 378 for -1: [a32408a4-f19d-4bad-97c5-ba33ae94fc9a:192.168.157.254:38721, 6b24a2ab-97ee-4d49-85cc-2d76c2f4b8ef:192.168.157.254:41080, 277b5c5e-8c6f-4c9a-a53f-1bbc96404e12:192.168.157.254:41416], old=null
2019-10-16 21:55:43,877 [grpc-default-executor-0] INFO  impl.RaftServerImpl (RaftServerImpl.java:setRole(184)) - a32408a4-f19d-4bad-97c5-ba33ae94fc9a@group-569FAC3F8BCE: changes role from  FOLLOWER to FOLLOWER at term 378 for recognizeCandidate:277b5c5e-8c6f-4c9a-a53f-1bbc96404e12
2019-10-16 21:55:43,877 [grpc-default-executor-0] INFO  impl.RoleInfo (RoleInfo.java:shutdownFollowerState(121)) - a32408a4-f19d-4bad-97c5-ba33ae94fc9a: shutdown FollowerState
2019-10-16 21:55:43,877 [grpc-default-executor-1] INFO  impl.RaftServerImpl (RaftServerImpl.java:setRole(184)) - 6b24a2ab-97ee-4d49-85cc-2d76c2f4b8ef@group-569FAC3F8BCE: changes role from  FOLLOWER to FOLLOWER at term 378 for recognizeCandidate:277b5c5e-8c6f-4c9a-a53f-1bbc96404e12
2019-10-16 21:55:43,877 [grpc-default-executor-1] INFO  impl.RoleInfo (RoleInfo.java:shutdownFollowerState(121)) - 6b24a2ab-97ee-4d49-85cc-2d76c2f4b8ef: shutdown FollowerState
2019-10-16 21:55:43,877 [Thread-2530] INFO  impl.FollowerState (FollowerState.java:run(117)) - a32408a4-f19d-4bad-97c5-ba33ae94fc9a@group-569FAC3F8BCE-FollowerState was interrupted: java.lang.InterruptedException: sleep interrupted
2019-10-16 21:55:43,878 [Thread-2531] INFO  impl.FollowerState (FollowerState.java:run(117)) - 6b24a2ab-97ee-4d49-85cc-2d76c2f4b8ef@group-569FAC3F8BCE-FollowerState was interrupted: java.lang.InterruptedException: sleep interrupted
2019-10-16 21:55:43,877 [grpc-default-executor-0] INFO  impl.RoleInfo (RoleInfo.java:updateAndGet(143)) - a32408a4-f19d-4bad-97c5-ba33ae94fc9a: start FollowerState
2019-10-16 21:55:43,878 [grpc-default-executor-1] INFO  impl.RoleInfo (RoleInfo.java:updateAndGet(143)) - 6b24a2ab-97ee-4d49-85cc-2d76c2f4b8ef: start FollowerState
2019-10-16 21:55:43,882 [277b5c5e-8c6f-4c9a-a53f-1bbc96404e12@group-569FAC3F8BCE-LeaderElection365] INFO  impl.LeaderElection (LeaderElection.java:logAndReturn(56)) - 277b5c5e-8c6f-4c9a-a53f-1bbc96404e12@group-569FAC3F8BCE-LeaderElection365: Election TIMEOUT; received 0 response(s) [] and 0 exception(s); 277b5c5e-8c6f-4c9a-a53f-1bbc96404e12@group-569FAC3F8BCE:t378, leader=null, voted=277b5c5e-8c6f-4c9a-a53f-1bbc96404e12, raftlog=277b5c5e-8c6f-4c9a-a53f-1bbc96404e12@group-569FAC3F8BCE-SegmentedRaftLog:OPENED:c-1,f-1,i0, conf=-1: [a32408a4-f19d-4bad-97c5-ba33ae94fc9a:192.168.157.254:38721, 6b24a2ab-97ee-4d49-85cc-2d76c2f4b8ef:192.168.157.254:41080, 277b5c5e-8c6f-4c9a-a53f-1bbc96404e12:192.168.157.254:41416], old=null
2019-10-16 21:55:43,913 [277b5c5e-8c6f-4c9a-a53f-1bbc96404e12@group-569FAC3F8BCE-LeaderElection365] INFO  impl.LeaderElection (LeaderElection.java:askForVotes(178)) - 277b5c5e-8c6f-4c9a-a53f-1bbc96404e12@group-569FAC3F8BCE-LeaderElection365: begin an election at term 379 for -1: [a32408a4-f19d-4bad-97c5-ba33ae94fc9a:192.168.157.254:38721, 6b24a2ab-97ee-4d49-85cc-2d76c2f4b8ef:192.168.157.254:41080, 277b5c5e-8c6f-4c9a-a53f-1bbc96404e12:192.168.157.254:41416], old=null
2019-10-16 21:55:43,915 [grpc-default-executor-1] INFO  impl.RaftServerImpl (RaftServerImpl.java:setRole(184)) - a32408a4-f19d-4bad-97c5-ba33ae94fc9a@group-569FAC3F8BCE: changes role from  FOLLOWER to FOLLOWER at term 379 for recognizeCandidate:277b5c5e-8c6f-4c9a-a53f-1bbc96404e12
2019-10-16 21:55:43,915 [grpc-default-executor-1] INFO  impl.RoleInfo (RoleInfo.java:shutdownFollowerState(121)) - a32408a4-f19d-4bad-97c5-ba33ae94fc9a: shutdown FollowerState
2019-10-16 21:55:43,915 [grpc-default-executor-0] INFO  impl.RaftServerImpl (RaftServerImpl.java:setRole(184)) - 6b24a2ab-97ee-4d49-85cc-2d76c2f4b8ef@group-569FAC3F8BCE: changes role from  FOLLOWER to FOLLOWER at term 379 for recognizeCandidate:277b5c5e-8c6f-4c9a-a53f-1bbc96404e12
2019-10-16 21:55:43,915 [grpc-default-executor-0] INFO  impl.RoleInfo (RoleInfo.java:shutdownFollowerState(121)) - 6b24a2ab-97ee-4d49-85cc-2d76c2f4b8ef: shutdown FollowerState
2019-10-16 21:55:43,915 [Thread-2536] INFO  impl.FollowerState (FollowerState.java:run(117)) - a32408a4-f19d-4bad-97c5-ba33ae94fc9a@group-569FAC3F8BCE-FollowerState was interrupted: java.lang.InterruptedException: sleep interrupted
2019-10-16 21:55:43,915 [grpc-default-executor-1] INFO  impl.RoleInfo (RoleInfo.java:updateAndGet(143)) - a32408a4-f19d-4bad-97c5-ba33ae94fc9a: start FollowerState
2019-10-16 21:55:43,915 [Thread-2537] INFO  impl.FollowerState (FollowerState.java:run(117)) - 6b24a2ab-97ee-4d49-85cc-2d76c2f4b8ef@group-569FAC3F8BCE-FollowerState was interrupted: java.lang.InterruptedException: sleep interrupted
2019-10-16 21:55:43,915 [grpc-default-executor-0] INFO  impl.RoleInfo (RoleInfo.java:updateAndGet(143)) - 6b24a2ab-97ee-4d49-85cc-2d76c2f4b8ef: start FollowerState
2019-10-16 21:55:43,930 [277b5c5e-8c6f-4c9a-a53f-1bbc96404e12@group-569FAC3F8BCE-LeaderElection365] INFO  impl.LeaderElection (LeaderElection.java:logAndReturn(56)) - 277b5c5e-8c6f-4c9a-a53f-1bbc96404e12@group-569FAC3F8BCE-LeaderElection365: Election REJECTED; received 2 response(s) [277b5c5e-8c6f-4c9a-a53f-1bbc96404e12<-6b24a2ab-97ee-4d49-85cc-2d76c2f4b8ef#0:FAIL-t379, 277b5c5e-8c6f-4c9a-a53f-1bbc96404e12<-a32408a4-f19d-4bad-97c5-ba33ae94fc9a#0:FAIL-t379] and 0 exception(s); 277b5c5e-8c6f-4c9a-a53f-1bbc96404e12@group-569FAC3F8BCE:t379, leader=null, voted=277b5c5e-8c6f-4c9a-a53f-1bbc96404e12, raftlog=277b5c5e-8c6f-4c9a-a53f-1bbc96404e12@group-569FAC3F8BCE-SegmentedRaftLog:OPENED:c-1,f-1,i0, conf=-1: [a32408a4-f19d-4bad-97c5-ba33ae94fc9a:192.168.157.254:38721, 6b24a2ab-97ee-4d49-85cc-2d76c2f4b8ef:192.168.157.254:41080, 277b5c5e-8c6f-4c9a-a53f-1bbc96404e12:192.168.157.254:41416], old=null
2019-10-16 21:55:43,930 [277b5c5e-8c6f-4c9a-a53f-1bbc96404e12@group-569FAC3F8BCE-LeaderElection365] INFO  impl.RaftServerImpl (RaftServerImpl.java:setRole(184)) - 277b5c5e-8c6f-4c9a-a53f-1bbc96404e12@group-569FAC3F8BCE: changes role from CANDIDATE to FOLLOWER at term 379 for DISCOVERED_A_NEW_TERM
2019-10-16 21:55:43,930 [277b5c5e-8c6f-4c9a-a53f-1bbc96404e12@group-569FAC3F8BCE-LeaderElection365] INFO  impl.RoleInfo (RoleInfo.java:shutdownLeaderElection(134)) - 277b5c5e-8c6f-4c9a-a53f-1bbc96404e12: shutdown LeaderElection
2019-10-16 21:55:43,930 [277b5c5e-8c6f-4c9a-a53f-1bbc96404e12@group-569FAC3F8BCE-LeaderElection365] INFO  impl.RoleInfo (RoleInfo.java:updateAndGet(143)) - 277b5c5e-8c6f-4c9a-a53f-1bbc96404e12: start FollowerState
2019-10-16 21:55:44,049 [Thread-2542] INFO  impl.FollowerState (FollowerState.java:run(108)) - 277b5c5e-8c6f-4c9a-a53f-1bbc96404e12@group-569FAC3F8BCE-FollowerState: change to CANDIDATE, lastRpcTime:118ms, electionTimeout:118ms
2019-10-16 21:55:44,049 [Thread-2542] INFO  impl.RoleInfo (RoleInfo.java:shutdownFollowerState(121)) - 277b5c5e-8c6f-4c9a-a53f-1bbc96404e12: shutdown FollowerState
2019-10-16 21:55:44,049 [Thread-2542] INFO  impl.RaftServerImpl (RaftServerImpl.java:setRole(184)) - 277b5c5e-8c6f-4c9a-a53f-1bbc96404e12@group-569FAC3F8BCE: changes role from  FOLLOWER to CANDIDATE at term 379 for changeToCandidate
2019-10-16 21:55:44,051 [Thread-2542] INFO  impl.RoleInfo (RoleInfo.java:updateAndGet(143)) - 277b5c5e-8c6f-4c9a-a53f-1bbc96404e12: start LeaderElection
2019-10-16 21:55:44,065 [277b5c5e-8c6f-4c9a-a53f-1bbc96404e12@group-569FAC3F8BCE-LeaderElection366] INFO  impl.LeaderElection (LeaderElection.java:askForVotes(178)) - 277b5c5e-8c6f-4c9a-a53f-1bbc96404e12@group-569FAC3F8BCE-LeaderElection366: begin an election at term 380 for -1: [a32408a4-f19d-4bad-97c5-ba33ae94fc9a:192.168.157.254:38721, 6b24a2ab-97ee-4d49-85cc-2d76c2f4b8ef:192.168.157.254:41080, 277b5c5e-8c6f-4c9a-a53f-1bbc96404e12:192.168.157.254:41416], old=null
2019-10-16 21:55:44,067 [grpc-default-executor-1] INFO  impl.RaftServerImpl (RaftServerImpl.java:setRole(184)) - a32408a4-f19d-4bad-97c5-ba33ae94fc9a@group-569FAC3F8BCE: changes role from  FOLLOWER to FOLLOWER at term 380 for recognizeCandidate:277b5c5e-8c6f-4c9a-a53f-1bbc96404e12
2019-10-16 21:55:44,067 [grpc-default-executor-0] INFO  impl.RaftServerImpl (RaftServerImpl.java:setRole(184)) - 6b24a2ab-97ee-4d49-85cc-2d76c2f4b8ef@group-569FAC3F8BCE: changes role from  FOLLOWER to FOLLOWER at term 380 for recognizeCandidate:277b5c5e-8c6f-4c9a-a53f-1bbc96404e12
2019-10-16 21:55:44,067 [grpc-default-executor-1] INFO  impl.RoleInfo (RoleInfo.java:shutdownFollowerState(121)) - a32408a4-f19d-4bad-97c5-ba33ae94fc9a: shutdown FollowerState
2019-10-16 21:55:44,067 [grpc-default-executor-0] INFO  impl.RoleInfo (RoleInfo.java:shutdownFollowerState(121)) - 6b24a2ab-97ee-4d49-85cc-2d76c2f4b8ef: shutdown FollowerState
2019-10-16 21:55:44,068 [Thread-2540] INFO  impl.FollowerState (FollowerState.java:run(117)) - a32408a4-f19d-4bad-97c5-ba33ae94fc9a@group-569FAC3F8BCE-FollowerState was interrupted: java.lang.InterruptedException: sleep interrupted
2019-10-16 21:55:44,068 [grpc-default-executor-1] INFO  impl.RoleInfo (RoleInfo.java:updateAndGet(143)) - a32408a4-f19d-4bad-97c5-ba33ae94fc9a: start FollowerState
2019-10-16 21:55:44,068 [Thread-2541] INFO  impl.FollowerState (FollowerState.java:run(117)) - 6b24a2ab-97ee-4d49-85cc-2d76c2f4b8ef@group-569FAC3F8BCE-FollowerState was interrupted: java.lang.InterruptedException: sleep interrupted
2019-10-16 21:55:44,068 [grpc-default-executor-0] INFO  impl.RoleInfo (RoleInfo.java:updateAndGet(143)) - 6b24a2ab-97ee-4d49-85cc-2d76c2f4b8ef: start FollowerState
2019-10-16 21:55:44,081 [277b5c5e-8c6f-4c9a-a53f-1bbc96404e12@group-569FAC3F8BCE-LeaderElection366] INFO  impl.LeaderElection (LeaderElection.java:logAndReturn(56)) - 277b5c5e-8c6f-4c9a-a53f-1bbc96404e12@group-569FAC3F8BCE-LeaderElection366: Election REJECTED; received 2 response(s) [277b5c5e-8c6f-4c9a-a53f-1bbc96404e12<-6b24a2ab-97ee-4d49-85cc-2d76c2f4b8ef#0:FAIL-t380, 277b5c5e-8c6f-4c9a-a53f-1bbc96404e12<-a32408a4-f19d-4bad-97c5-ba33ae94fc9a#0:FAIL-t380] and 0 exception(s); 277b5c5e-8c6f-4c9a-a53f-1bbc96404e12@group-569FAC3F8BCE:t380, leader=null, voted=277b5c5e-8c6f-4c9a-a53f-1bbc96404e12, raftlog=277b5c5e-8c6f-4c9a-a53f-1bbc96404e12@group-569FAC3F8BCE-SegmentedRaftLog:OPENED:c-1,f-1,i0, conf=-1: [a32408a4-f19d-4bad-97c5-ba33ae94fc9a:192.168.157.254:38721, 6b24a2ab-97ee-4d49-85cc-2d76c2f4b8ef:192.168.157.254:41080, 277b5c5e-8c6f-4c9a-a53f-1bbc96404e12:192.168.157.254:41416], old=null
2019-10-16 21:55:44,081 [277b5c5e-8c6f-4c9a-a53f-1bbc96404e12@group-569FAC3F8BCE-LeaderElection366] INFO  impl.RaftServerImpl (RaftServerImpl.java:setRole(184)) - 277b5c5e-8c6f-4c9a-a53f-1bbc96404e12@group-569FAC3F8BCE: changes role from CANDIDATE to FOLLOWER at term 380 for DISCOVERED_A_NEW_TERM
2019-10-16 21:55:44,081 [277b5c5e-8c6f-4c9a-a53f-1bbc96404e12@group-569FAC3F8BCE-LeaderElection366] INFO  impl.RoleInfo (RoleInfo.java:shutdownLeaderElection(134)) - 277b5c5e-8c6f-4c9a-a53f-1bbc96404e12: shutdown LeaderElection
2019-10-16 21:55:44,082 [277b5c5e-8c6f-4c9a-a53f-1bbc96404e12@group-569FAC3F8BCE-LeaderElection366] INFO  impl.RoleInfo (RoleInfo.java:updateAndGet(143)) - 277b5c5e-8c6f-4c9a-a53f-1bbc96404e12: start FollowerState
2019-10-16 21:55:44,102 [Thread-2548] INFO  impl.FollowerState (FollowerState.java:run(108)) - 277b5c5e-8c6f-4c9a-a53f-1bbc96404e12@group-569FAC3F8BCE-FollowerState: change to CANDIDATE, lastRpcTime:20ms, electionTimeout:20ms
2019-10-16 21:55:44,102 [Thread-2548] INFO  impl.RoleInfo (RoleInfo.java:shutdownFollowerState(121)) - 277b5c5e-8c6f-4c9a-a53f-1bbc96404e12: shutdown FollowerState
2019-10-16 21:55:44,102 [Thread-2548] INFO  impl.RaftServerImpl (RaftServerImpl.java:setRole(184)) - 277b5c5e-8c6f-4c9a-a53f-1bbc96404e12@group-569FAC3F8BCE: changes role from  FOLLOWER to CANDIDATE at term 380 for changeToCandidate
2019-10-16 21:55:44,102 [Thread-2548] INFO  impl.RoleInfo (RoleInfo.java:updateAndGet(143)) - 277b5c5e-8c6f-4c9a-a53f-1bbc96404e12: start LeaderElection
2019-10-16 21:55:44,115 [277b5c5e-8c6f-4c9a-a53f-1bbc96404e12@group-569FAC3F8BCE-LeaderElection367] INFO  impl.LeaderElection (LeaderElection.java:askForVotes(178)) - 277b5c5e-8c6f-4c9a-a53f-1bbc96404e12@group-569FAC3F8BCE-LeaderElection367: begin an election at term 381 for -1: [a32408a4-f19d-4bad-97c5-ba33ae94fc9a:192.168.157.254:38721, 6b24a2ab-97ee-4d49-85cc-2d76c2f4b8ef:192.168.157.254:41080, 277b5c5e-8c6f-4c9a-a53f-1bbc96404e12:192.168.157.254:41416], old=null
2019-10-16 21:55:44,116 [grpc-default-executor-0] INFO  impl.RaftServerImpl (RaftServerImpl.java:setRole(184)) - 6b24a2ab-97ee-4d49-85cc-2d76c2f4b8ef@group-569FAC3F8BCE: changes role from  FOLLOWER to FOLLOWER at term 381 for recognizeCandidate:277b5c5e-8c6f-4c9a-a53f-1bbc96404e12
2019-10-16 21:55:44,116 [grpc-default-executor-1] INFO  impl.RaftServerImpl (RaftServerImpl.java:setRole(184)) - a32408a4-f19d-4bad-97c5-ba33ae94fc9a@group-569FAC3F8BCE: changes role from  FOLLOWER to FOLLOWER at term 381 for recognizeCandidate:277b5c5e-8c6f-4c9a-a53f-1bbc96404e12
2019-10-16 21:55:44,117 [grpc-default-executor-0] INFO  impl.RoleInfo (RoleInfo.java:shutdownFollowerState(121)) - 6b24a2ab-97ee-4d49-85cc-2d76c2f4b8ef: shutdown FollowerState
2019-10-16 21:55:44,117 [grpc-default-executor-1] INFO  impl.RoleInfo (RoleInfo.java:shutdownFollowerState(121)) - a32408a4-f19d-4bad-97c5-ba33ae94fc9a: shutdown FollowerState
2019-10-16 21:55:44,117 [Thread-2547] INFO  impl.FollowerState (FollowerState.java:run(117)) - 6b24a2ab-97ee-4d49-85cc-2d76c2f4b8ef@group-569FAC3F8BCE-FollowerState was interrupted: java.lang.InterruptedException: sleep interrupted
2019-10-16 21:55:44,117 [Thread-2546] INFO  impl.FollowerState (FollowerState.java:run(117)) - a32408a4-f19d-4bad-97c5-ba33ae94fc9a@group-569FAC3F8BCE-FollowerState was interrupted: java.lang.InterruptedException: sleep interrupted
2019-10-16 21:55:44,117 [grpc-default-executor-0] INFO  impl.RoleInfo (RoleInfo.java:updateAndGet(143)) - 6b24a2ab-97ee-4d49-85cc-2d76c2f4b8ef: start FollowerState
2019-10-16 21:55:44,117 [grpc-default-executor-1] INFO  impl.RoleInfo (RoleInfo.java:updateAndGet(143)) - a32408a4-f19d-4bad-97c5-ba33ae94fc9a: start FollowerState
2019-10-16 21:55:44,150 [277b5c5e-8c6f-4c9a-a53f-1bbc96404e12@group-569FAC3F8BCE-LeaderElection367] INFO  impl.LeaderElection (LeaderElection.java:logAndReturn(56)) - 277b5c5e-8c6f-4c9a-a53f-1bbc96404e12@group-569FAC3F8BCE-LeaderElection367: Election REJECTED; received 2 response(s) [277b5c5e-8c6f-4c9a-a53f-1bbc96404e12<-6b24a2ab-97ee-4d49-85cc-2d76c2f4b8ef#0:FAIL-t381, 277b5c5e-8c6f-4c9a-a53f-1bbc96404e12<-a32408a4-f19d-4bad-97c5-ba33ae94fc9a#0:FAIL-t381] and 0 exception(s); 277b5c5e-8c6f-4c9a-a53f-1bbc96404e12@group-569FAC3F8BCE:t381, leader=null, voted=277b5c5e-8c6f-4c9a-a53f-1bbc96404e12, raftlog=277b5c5e-8c6f-4c9a-a53f-1bbc96404e12@group-569FAC3F8BCE-SegmentedRaftLog:OPENED:c-1,f-1,i0, conf=-1: [a32408a4-f19d-4bad-97c5-ba33ae94fc9a:192.168.157.254:38721, 6b24a2ab-97ee-4d49-85cc-2d76c2f4b8ef:192.168.157.254:41080, 277b5c5e-8c6f-4c9a-a53f-1bbc96404e12:192.168.157.254:41416], old=null
2019-10-16 21:55:44,150 [277b5c5e-8c6f-4c9a-a53f-1bbc96404e12@group-569FAC3F8BCE-LeaderElection367] INFO  impl.RaftServerImpl (RaftServerImpl.java:setRole(184)) - 277b5c5e-8c6f-4c9a-a53f-1bbc96404e12@group-569FAC3F8BCE: changes role from CANDIDATE to FOLLOWER at term 381 for DISCOVERED_A_NEW_TERM
2019-10-16 21:55:44,150 [277b5c5e-8c6f-4c9a-a53f-1bbc96404e12@group-569FAC3F8BCE-LeaderElection367] INFO  impl.RoleInfo (RoleInfo.java:shutdownLeaderElection(134)) - 277b5c5e-8c6f-4c9a-a53f-1bbc96404e12: shutdown LeaderElection
2019-10-16 21:55:44,150 [277b5c5e-8c6f-4c9a-a53f-1bbc96404e12@group-569FAC3F8BCE-LeaderElection367] INFO  impl.RoleInfo (RoleInfo.java:updateAndGet(143)) - 277b5c5e-8c6f-4c9a-a53f-1bbc96404e12: start FollowerState
2019-10-16 21:55:44,274 [Thread-2554] INFO  impl.FollowerState (FollowerState.java:run(108)) - 277b5c5e-8c6f-4c9a-a53f-1bbc96404e12@group-569FAC3F8BCE-FollowerState: change to CANDIDATE, lastRpcTime:123ms, electionTimeout:123ms
2019-10-16 21:55:44,274 [Thread-2554] INFO  impl.RoleInfo (RoleInfo.java:shutdownFollowerState(121)) - 277b5c5e-8c6f-4c9a-a53f-1bbc96404e12: shutdown FollowerState
2019-10-16 21:55:44,274 [Thread-2554] INFO  impl.RaftServerImpl (RaftServerImpl.java:setRole(184)) - 277b5c5e-8c6f-4c9a-a53f-1bbc96404e12@group-569FAC3F8BCE: changes role from  FOLLOWER to CANDIDATE at term 381 for changeToCandidate
2019-10-16 21:55:44,274 [Thread-2554] INFO  impl.RoleInfo (RoleInfo.java:updateAndGet(143)) - 277b5c5e-8c6f-4c9a-a53f-1bbc96404e12: start LeaderElection
2019-10-16 21:55:44,288 [277b5c5e-8c6f-4c9a-a53f-1bbc96404e12@group-569FAC3F8BCE-LeaderElection368] INFO  impl.LeaderElection (LeaderElection.java:askForVotes(178)) - 277b5c5e-8c6f-4c9a-a53f-1bbc96404e12@group-569FAC3F8BCE-LeaderElection368: begin an election at term 382 for -1: [a32408a4-f19d-4bad-97c5-ba33ae94fc9a:192.168.157.254:38721, 6b24a2ab-97ee-4d49-85cc-2d76c2f4b8ef:192.168.157.254:41080, 277b5c5e-8c6f-4c9a-a53f-1bbc96404e12:192.168.157.254:41416], old=null
2019-10-16 21:55:44,290 [grpc-default-executor-1] INFO  impl.RaftServerImpl (RaftServerImpl.java:setRole(184)) - 6b24a2ab-97ee-4d49-85cc-2d76c2f4b8ef@group-569FAC3F8BCE: changes role from  FOLLOWER to FOLLOWER at term 382 for recognizeCandidate:277b5c5e-8c6f-4c9a-a53f-1bbc96404e12
2019-10-16 21:55:44,291 [grpc-default-executor-1] INFO  impl.RoleInfo (RoleInfo.java:shutdownFollowerState(121)) - 6b24a2ab-97ee-4d49-85cc-2d76c2f4b8ef: shutdown FollowerState
2019-10-16 21:55:44,290 [grpc-default-executor-0] INFO  impl.RaftServerImpl (RaftServerImpl.java:setRole(184)) - a32408a4-f19d-4bad-97c5-ba33ae94fc9a@group-569FAC3F8BCE: changes role from  FOLLOWER to FOLLOWER at term 382 for recognizeCandidate:277b5c5e-8c6f-4c9a-a53f-1bbc96404e12
2019-10-16 21:55:44,291 [Thread-2552] INFO  impl.FollowerState (FollowerState.java:run(117)) - 6b24a2ab-97ee-4d49-85cc-2d76c2f4b8ef@group-569FAC3F8BCE-FollowerState was interrupted: java.lang.InterruptedException: sleep interrupted
2019-10-16 21:55:44,291 [grpc-default-executor-1] INFO  impl.RoleInfo (RoleInfo.java:updateAndGet(143)) - 6b24a2ab-97ee-4d49-85cc-2d76c2f4b8ef: start FollowerState
2019-10-16 21:55:44,291 [grpc-default-executor-0] INFO  impl.RoleInfo (RoleInfo.java:shutdownFollowerState(121)) - a32408a4-f19d-4bad-97c5-ba33ae94fc9a: shutdown FollowerState
2019-10-16 21:55:44,291 [grpc-default-executor-0] INFO  impl.RoleInfo (RoleInfo.java:updateAndGet(143)) - a32408a4-f19d-4bad-97c5-ba33ae94fc9a: start FollowerState
2019-10-16 21:55:44,291 [Thread-2553] INFO  impl.FollowerState (FollowerState.java:run(117)) - a32408a4-f19d-4bad-97c5-ba33ae94fc9a@group-569FAC3F8BCE-FollowerState was interrupted: java.lang.InterruptedException: sleep interrupted
2019-10-16 21:55:44,306 [277b5c5e-8c6f-4c9a-a53f-1bbc96404e12@group-569FAC3F8BCE-LeaderElection368] INFO  impl.LeaderElection (LeaderElection.java:logAndReturn(56)) - 277b5c5e-8c6f-4c9a-a53f-1bbc96404e12@group-569FAC3F8BCE-LeaderElection368: Election REJECTED; received 2 response(s) [277b5c5e-8c6f-4c9a-a53f-1bbc96404e12<-6b24a2ab-97ee-4d49-85cc-2d76c2f4b8ef#0:FAIL-t382, 277b5c5e-8c6f-4c9a-a53f-1bbc96404e12<-a32408a4-f19d-4bad-97c5-ba33ae94fc9a#0:FAIL-t382] and 0 exception(s); 277b5c5e-8c6f-4c9a-a53f-1bbc96404e12@group-569FAC3F8BCE:t382, leader=null, voted=277b5c5e-8c6f-4c9a-a53f-1bbc96404e12, raftlog=277b5c5e-8c6f-4c9a-a53f-1bbc96404e12@group-569FAC3F8BCE-SegmentedRaftLog:OPENED:c-1,f-1,i0, conf=-1: [a32408a4-f19d-4bad-97c5-ba33ae94fc9a:192.168.157.254:38721, 6b24a2ab-97ee-4d49-85cc-2d76c2f4b8ef:192.168.157.254:41080, 277b5c5e-8c6f-4c9a-a53f-1bbc96404e12:192.168.157.254:41416], old=null
2019-10-16 21:55:44,306 [277b5c5e-8c6f-4c9a-a53f-1bbc96404e12@group-569FAC3F8BCE-LeaderElection368] INFO  impl.RaftServerImpl (RaftServerImpl.java:setRole(184)) - 277b5c5e-8c6f-4c9a-a53f-1bbc96404e12@group-569FAC3F8BCE: changes role from CANDIDATE to FOLLOWER at term 382 for DISCOVERED_A_NEW_TERM
2019-10-16 21:55:44,307 [277b5c5e-8c6f-4c9a-a53f-1bbc96404e12@group-569FAC3F8BCE-LeaderElection368] INFO  impl.RoleInfo (RoleInfo.java:shutdownLeaderElection(134)) - 277b5c5e-8c6f-4c9a-a53f-1bbc96404e12: shutdown LeaderElection
2019-10-16 21:55:44,307 [277b5c5e-8c6f-4c9a-a53f-1bbc96404e12@group-569FAC3F8BCE-LeaderElection368] INFO  impl.RoleInfo (RoleInfo.java:updateAndGet(143)) - 277b5c5e-8c6f-4c9a-a53f-1bbc96404e12: start FollowerState
2019-10-16 21:55:44,449 [Thread-2560] INFO  impl.FollowerState (FollowerState.java:run(108)) - 277b5c5e-8c6f-4c9a-a53f-1bbc96404e12@group-569FAC3F8BCE-FollowerState: change to CANDIDATE, lastRpcTime:142ms, electionTimeout:142ms
2019-10-16 21:55:44,449 [Thread-2560] INFO  impl.RoleInfo (RoleInfo.java:shutdownFollowerState(121)) - 277b5c5e-8c6f-4c9a-a53f-1bbc96404e12: shutdown FollowerState
2019-10-16 21:55:44,449 [Thread-2560] INFO  impl.RaftServerImpl (RaftServerImpl.java:setRole(184)) - 277b5c5e-8c6f-4c9a-a53f-1bbc96404e12@group-569FAC3F8BCE: changes role from  FOLLOWER to CANDIDATE at term 382 for changeToCandidate
2019-10-16 21:55:44,449 [Thread-2560] INFO  impl.RoleInfo (RoleInfo.java:updateAndGet(143)) - 277b5c5e-8c6f-4c9a-a53f-1bbc96404e12: start LeaderElection
2019-10-16 21:55:44,453 [277b5c5e-8c6f-4c9a-a53f-1bbc96404e12@group-569FAC3F8BCE-LeaderElection369] INFO  impl.LeaderElection (LeaderElection.java:askForVotes(178)) - 277b5c5e-8c6f-4c9a-a53f-1bbc96404e12@group-569FAC3F8BCE-LeaderElection369: begin an election at term 383 for -1: [a32408a4-f19d-4bad-97c5-ba33ae94fc9a:192.168.157.254:38721, 6b24a2ab-97ee-4d49-85cc-2d76c2f4b8ef:192.168.157.254:41080, 277b5c5e-8c6f-4c9a-a53f-1bbc96404e12:192.168.157.254:41416], old=null
2019-10-16 21:55:44,455 [grpc-default-executor-1] INFO  impl.RaftServerImpl (RaftServerImpl.java:setRole(184)) - a32408a4-f19d-4bad-97c5-ba33ae94fc9a@group-569FAC3F8BCE: changes role from  FOLLOWER to FOLLOWER at term 383 for recognizeCandidate:277b5c5e-8c6f-4c9a-a53f-1bbc96404e12
2019-10-16 21:55:44,455 [grpc-default-executor-0] INFO  impl.RaftServerImpl (RaftServerImpl.java:setRole(184)) - 6b24a2ab-97ee-4d49-85cc-2d76c2f4b8ef@group-569FAC3F8BCE: changes role from  FOLLOWER to FOLLOWER at term 383 for recognizeCandidate:277b5c5e-8c6f-4c9a-a53f-1bbc96404e12
2019-10-16 21:55:44,455 [grpc-default-executor-0] INFO  impl.RoleInfo (RoleInfo.java:shutdownFollowerState(121)) - 6b24a2ab-97ee-4d49-85cc-2d76c2f4b8ef: shutdown FollowerState
2019-10-16 21:55:44,455 [grpc-default-executor-1] INFO  impl.RoleInfo (RoleInfo.java:shutdownFollowerState(121)) - a32408a4-f19d-4bad-97c5-ba33ae94fc9a: shutdown FollowerState
2019-10-16 21:55:44,455 [Thread-2558] INFO  impl.FollowerState (FollowerState.java:run(117)) - 6b24a2ab-97ee-4d49-85cc-2d76c2f4b8ef@group-569FAC3F8BCE-FollowerState was interrupted: java.lang.InterruptedException: sleep interrupted
2019-10-16 21:55:44,455 [grpc-default-executor-0] INFO  impl.RoleInfo (RoleInfo.java:updateAndGet(143)) - 6b24a2ab-97ee-4d49-85cc-2d76c2f4b8ef: start FollowerState
2019-10-16 21:55:44,455 [Thread-2559] INFO  impl.FollowerState (FollowerState.java:run(117)) - a32408a4-f19d-4bad-97c5-ba33ae94fc9a@group-569FAC3F8BCE-FollowerState was interrupted: java.lang.InterruptedException: sleep interrupted
2019-10-16 21:55:44,455 [grpc-default-executor-1] INFO  impl.RoleInfo (RoleInfo.java:updateAndGet(143)) - a32408a4-f19d-4bad-97c5-ba33ae94fc9a: start FollowerState
2019-10-16 21:55:44,468 [277b5c5e-8c6f-4c9a-a53f-1bbc96404e12@group-569FAC3F8BCE-LeaderElection369] INFO  impl.LeaderElection (LeaderElection.java:logAndReturn(56)) - 277b5c5e-8c6f-4c9a-a53f-1bbc96404e12@group-569FAC3F8BCE-LeaderElection369: Election REJECTED; received 2 response(s) [277b5c5e-8c6f-4c9a-a53f-1bbc96404e12<-a32408a4-f19d-4bad-97c5-ba33ae94fc9a#0:FAIL-t383, 277b5c5e-8c6f-4c9a-a53f-1bbc96404e12<-6b24a2ab-97ee-4d49-85cc-2d76c2f4b8ef#0:FAIL-t383] and 0 exception(s); 277b5c5e-8c6f-4c9a-a53f-1bbc96404e12@group-569FAC3F8BCE:t383, leader=null, voted=277b5c5e-8c6f-4c9a-a53f-1bbc96404e12, raftlog=277b5c5e-8c6f-4c9a-a53f-1bbc96404e12@group-569FAC3F8BCE-SegmentedRaftLog:OPENED:c-1,f-1,i0, conf=-1: [a32408a4-f19d-4bad-97c5-ba33ae94fc9a:192.168.157.254:38721, 6b24a2ab-97ee-4d49-85cc-2d76c2f4b8ef:192.168.157.254:41080, 277b5c5e-8c6f-4c9a-a53f-1bbc96404e12:192.168.157.254:41416], old=null
2019-10-16 21:55:44,468 [277b5c5e-8c6f-4c9a-a53f-1bbc96404e12@group-569FAC3F8BCE-LeaderElection369] INFO  impl.RaftServerImpl (RaftServerImpl.java:setRole(184)) - 277b5c5e-8c6f-4c9a-a53f-1bbc96404e12@group-569FAC3F8BCE: changes role from CANDIDATE to FOLLOWER at term 383 for DISCOVERED_A_NEW_TERM
2019-10-16 21:55:44,468 [277b5c5e-8c6f-4c9a-a53f-1bbc96404e12@group-569FAC3F8BCE-LeaderElection369] INFO  impl.RoleInfo (RoleInfo.java:shutdownLeaderElection(134)) - 277b5c5e-8c6f-4c9a-a53f-1bbc96404e12: shutdown LeaderElection
2019-10-16 21:55:44,468 [277b5c5e-8c6f-4c9a-a53f-1bbc96404e12@group-569FAC3F8BCE-LeaderElection369] INFO  impl.RoleInfo (RoleInfo.java:updateAndGet(143)) - 277b5c5e-8c6f-4c9a-a53f-1bbc96404e12: start FollowerState
2019-10-16 21:55:44,490 [Thread-2566] INFO  impl.FollowerState (FollowerState.java:run(108)) - 277b5c5e-8c6f-4c9a-a53f-1bbc96404e12@group-569FAC3F8BCE-FollowerState: change to CANDIDATE, lastRpcTime:21ms, electionTimeout:21ms
2019-10-16 21:55:44,490 [Thread-2566] INFO  impl.RoleInfo (RoleInfo.java:shutdownFollowerState(121)) - 277b5c5e-8c6f-4c9a-a53f-1bbc96404e12: shutdown FollowerState
2019-10-16 21:55:44,490 [Thread-2566] INFO  impl.RaftServerImpl (RaftServerImpl.java:setRole(184)) - 277b5c5e-8c6f-4c9a-a53f-1bbc96404e12@group-569FAC3F8BCE: changes role from  FOLLOWER to CANDIDATE at term 383 for changeToCandidate
2019-10-16 21:55:44,490 [Thread-2566] INFO  impl.RoleInfo (RoleInfo.java:updateAndGet(143)) - 277b5c5e-8c6f-4c9a-a53f-1bbc96404e12: start LeaderElection
2019-10-16 21:55:44,510 [277b5c5e-8c6f-4c9a-a53f-1bbc96404e12@group-569FAC3F8BCE-LeaderElection370] INFO  impl.LeaderElection (LeaderElection.java:askForVotes(178)) - 277b5c5e-8c6f-4c9a-a53f-1bbc96404e12@group-569FAC3F8BCE-LeaderElection370: begin an election at term 384 for -1: [a32408a4-f19d-4bad-97c5-ba33ae94fc9a:192.168.157.254:38721, 6b24a2ab-97ee-4d49-85cc-2d76c2f4b8ef:192.168.157.254:41080, 277b5c5e-8c6f-4c9a-a53f-1bbc96404e12:192.168.157.254:41416], old=null
2019-10-16 21:55:44,511 [grpc-default-executor-1] INFO  impl.RaftServerImpl (RaftServerImpl.java:setRole(184)) - a32408a4-f19d-4bad-97c5-ba33ae94fc9a@group-569FAC3F8BCE: changes role from  FOLLOWER to FOLLOWER at term 384 for recognizeCandidate:277b5c5e-8c6f-4c9a-a53f-1bbc96404e12
2019-10-16 21:55:44,511 [grpc-default-executor-0] INFO  impl.RaftServerImpl (RaftServerImpl.java:setRole(184)) - 6b24a2ab-97ee-4d49-85cc-2d76c2f4b8ef@group-569FAC3F8BCE: changes role from  FOLLOWER to FOLLOWER at term 384 for recognizeCandidate:277b5c5e-8c6f-4c9a-a53f-1bbc96404e12
2019-10-16 21:55:44,511 [grpc-default-executor-0] INFO  impl.RoleInfo (RoleInfo.java:shutdownFollowerState(121)) - 6b24a2ab-97ee-4d49-85cc-2d76c2f4b8ef: shutdown FollowerState
2019-10-16 21:55:44,511 [grpc-default-executor-1] INFO  impl.RoleInfo (RoleInfo.java:shutdownFollowerState(121)) - a32408a4-f19d-4bad-97c5-ba33ae94fc9a: shutdown FollowerState
2019-10-16 21:55:44,511 [Thread-2564] INFO  impl.FollowerState (FollowerState.java:run(117)) - 6b24a2ab-97ee-4d49-85cc-2d76c2f4b8ef@group-569FAC3F8BCE-FollowerState was interrupted: java.lang.InterruptedException: sleep interrupted
2019-10-16 21:55:44,511 [grpc-default-executor-0] INFO  impl.RoleInfo (RoleInfo.java:updateAndGet(143)) - 6b24a2ab-97ee-4d49-85cc-2d76c2f4b8ef: start FollowerState
2019-10-16 21:55:44,512 [Thread-2565] INFO  impl.FollowerState (FollowerState.java:run(117)) - a32408a4-f19d-4bad-97c5-ba33ae94fc9a@group-569FAC3F8BCE-FollowerState was interrupted: java.lang.InterruptedException: sleep interrupted
2019-10-16 21:55:44,512 [grpc-default-executor-1] INFO  impl.RoleInfo (RoleInfo.java:updateAndGet(143)) - a32408a4-f19d-4bad-97c5-ba33ae94fc9a: start FollowerState
2019-10-16 21:55:44,526 [277b5c5e-8c6f-4c9a-a53f-1bbc96404e12@group-569FAC3F8BCE-LeaderElection370] INFO  impl.LeaderElection (LeaderElection.java:logAndReturn(56)) - 277b5c5e-8c6f-4c9a-a53f-1bbc96404e12@group-569FAC3F8BCE-LeaderElection370: Election REJECTED; received 2 response(s) [277b5c5e-8c6f-4c9a-a53f-1bbc96404e12<-6b24a2ab-97ee-4d49-85cc-2d76c2f4b8ef#0:FAIL-t384, 277b5c5e-8c6f-4c9a-a53f-1bbc96404e12<-a32408a4-f19d-4bad-97c5-ba33ae94fc9a#0:FAIL-t384] and 0 exception(s); 277b5c5e-8c6f-4c9a-a53f-1bbc96404e12@group-569FAC3F8BCE:t384, leader=null, voted=277b5c5e-8c6f-4c9a-a53f-1bbc96404e12, raftlog=277b5c5e-8c6f-4c9a-a53f-1bbc96404e12@group-569FAC3F8BCE-SegmentedRaftLog:OPENED:c-1,f-1,i0, conf=-1: [a32408a4-f19d-4bad-97c5-ba33ae94fc9a:192.168.157.254:38721, 6b24a2ab-97ee-4d49-85cc-2d76c2f4b8ef:192.168.157.254:41080, 277b5c5e-8c6f-4c9a-a53f-1bbc96404e12:192.168.157.254:41416], old=null
2019-10-16 21:55:44,526 [277b5c5e-8c6f-4c9a-a53f-1bbc96404e12@group-569FAC3F8BCE-LeaderElection370] INFO  impl.RaftServerImpl (RaftServerImpl.java:setRole(184)) - 277b5c5e-8c6f-4c9a-a53f-1bbc96404e12@group-569FAC3F8BCE: changes role from CANDIDATE to FOLLOWER at term 384 for DISCOVERED_A_NEW_TERM
2019-10-16 21:55:44,526 [277b5c5e-8c6f-4c9a-a53f-1bbc96404e12@group-569FAC3F8BCE-LeaderElection370] INFO  impl.RoleInfo (RoleInfo.java:shutdownLeaderElection(134)) - 277b5c5e-8c6f-4c9a-a53f-1bbc96404e12: shutdown LeaderElection
2019-10-16 21:55:44,527 [277b5c5e-8c6f-4c9a-a53f-1bbc96404e12@group-569FAC3F8BCE-LeaderElection370] INFO  impl.RoleInfo (RoleInfo.java:updateAndGet(143)) - 277b5c5e-8c6f-4c9a-a53f-1bbc96404e12: start FollowerState
2019-10-16 21:55:44,580 [Thread-0] INFO  ozone.MiniOzoneClusterImpl (MiniOzoneClusterImpl.java:lambda$waitForClusterToBeReady$2(164)) - Waiting for 1 number of pipelines out of 4, to report a leader.
2019-10-16 21:55:44,629 [Thread-2572] INFO  impl.FollowerState (FollowerState.java:run(108)) - 277b5c5e-8c6f-4c9a-a53f-1bbc96404e12@group-569FAC3F8BCE-FollowerState: change to CANDIDATE, lastRpcTime:102ms, electionTimeout:102ms
2019-10-16 21:55:44,629 [Thread-2572] INFO  impl.RoleInfo (RoleInfo.java:shutdownFollowerState(121)) - 277b5c5e-8c6f-4c9a-a53f-1bbc96404e12: shutdown FollowerState
2019-10-16 21:55:44,629 [Thread-2572] INFO  impl.RaftServerImpl (RaftServerImpl.java:setRole(184)) - 277b5c5e-8c6f-4c9a-a53f-1bbc96404e12@group-569FAC3F8BCE: changes role from  FOLLOWER to CANDIDATE at term 384 for changeToCandidate
2019-10-16 21:55:44,629 [Thread-2572] INFO  impl.RoleInfo (RoleInfo.java:updateAndGet(143)) - 277b5c5e-8c6f-4c9a-a53f-1bbc96404e12: start LeaderElection
2019-10-16 21:55:44,645 [277b5c5e-8c6f-4c9a-a53f-1bbc96404e12@group-569FAC3F8BCE-LeaderElection371] INFO  impl.LeaderElection (LeaderElection.java:askForVotes(178)) - 277b5c5e-8c6f-4c9a-a53f-1bbc96404e12@group-569FAC3F8BCE-LeaderElection371: begin an election at term 385 for -1: [a32408a4-f19d-4bad-97c5-ba33ae94fc9a:192.168.157.254:38721, 6b24a2ab-97ee-4d49-85cc-2d76c2f4b8ef:192.168.157.254:41080, 277b5c5e-8c6f-4c9a-a53f-1bbc96404e12:192.168.157.254:41416], old=null
2019-10-16 21:55:44,647 [grpc-default-executor-0] INFO  impl.RaftServerImpl (RaftServerImpl.java:setRole(184)) - a32408a4-f19d-4bad-97c5-ba33ae94fc9a@group-569FAC3F8BCE: changes role from  FOLLOWER to FOLLOWER at term 385 for recognizeCandidate:277b5c5e-8c6f-4c9a-a53f-1bbc96404e12
2019-10-16 21:55:44,647 [grpc-default-executor-0] INFO  impl.RoleInfo (RoleInfo.java:shutdownFollowerState(121)) - a32408a4-f19d-4bad-97c5-ba33ae94fc9a: shutdown FollowerState
2019-10-16 21:55:44,647 [grpc-default-executor-1] INFO  impl.RaftServerImpl (RaftServerImpl.java:setRole(184)) - 6b24a2ab-97ee-4d49-85cc-2d76c2f4b8ef@group-569FAC3F8BCE: changes role from  FOLLOWER to FOLLOWER at term 385 for recognizeCandidate:277b5c5e-8c6f-4c9a-a53f-1bbc96404e12
2019-10-16 21:55:44,647 [grpc-default-executor-1] INFO  impl.RoleInfo (RoleInfo.java:shutdownFollowerState(121)) - 6b24a2ab-97ee-4d49-85cc-2d76c2f4b8ef: shutdown FollowerState
2019-10-16 21:55:44,647 [Thread-2571] INFO  impl.FollowerState (FollowerState.java:run(117)) - a32408a4-f19d-4bad-97c5-ba33ae94fc9a@group-569FAC3F8BCE-FollowerState was interrupted: java.lang.InterruptedException: sleep interrupted
2019-10-16 21:55:44,647 [grpc-default-executor-0] INFO  impl.RoleInfo (RoleInfo.java:updateAndGet(143)) - a32408a4-f19d-4bad-97c5-ba33ae94fc9a: start FollowerState
2019-10-16 21:55:44,647 [grpc-default-executor-1] INFO  impl.RoleInfo (RoleInfo.java:updateAndGet(143)) - 6b24a2ab-97ee-4d49-85cc-2d76c2f4b8ef: start FollowerState
2019-10-16 21:55:44,647 [Thread-2570] INFO  impl.FollowerState (FollowerState.java:run(117)) - 6b24a2ab-97ee-4d49-85cc-2d76c2f4b8ef@group-569FAC3F8BCE-FollowerState was interrupted: java.lang.InterruptedException: sleep interrupted
2019-10-16 21:55:44,691 [277b5c5e-8c6f-4c9a-a53f-1bbc96404e12@group-569FAC3F8BCE-LeaderElection371] INFO  impl.LeaderElection (LeaderElection.java:logAndReturn(56)) - 277b5c5e-8c6f-4c9a-a53f-1bbc96404e12@group-569FAC3F8BCE-LeaderElection371: Election REJECTED; received 2 response(s) [277b5c5e-8c6f-4c9a-a53f-1bbc96404e12<-6b24a2ab-97ee-4d49-85cc-2d76c2f4b8ef#0:FAIL-t385, 277b5c5e-8c6f-4c9a-a53f-1bbc96404e12<-a32408a4-f19d-4bad-97c5-ba33ae94fc9a#0:FAIL-t385] and 0 exception(s); 277b5c5e-8c6f-4c9a-a53f-1bbc96404e12@group-569FAC3F8BCE:t385, leader=null, voted=277b5c5e-8c6f-4c9a-a53f-1bbc96404e12, raftlog=277b5c5e-8c6f-4c9a-a53f-1bbc96404e12@group-569FAC3F8BCE-SegmentedRaftLog:OPENED:c-1,f-1,i0, conf=-1: [a32408a4-f19d-4bad-97c5-ba33ae94fc9a:192.168.157.254:38721, 6b24a2ab-97ee-4d49-85cc-2d76c2f4b8ef:192.168.157.254:41080, 277b5c5e-8c6f-4c9a-a53f-1bbc96404e12:192.168.157.254:41416], old=null
2019-10-16 21:55:44,692 [277b5c5e-8c6f-4c9a-a53f-1bbc96404e12@group-569FAC3F8BCE-LeaderElection371] INFO  impl.RaftServerImpl (RaftServerImpl.java:setRole(184)) - 277b5c5e-8c6f-4c9a-a53f-1bbc96404e12@group-569FAC3F8BCE: changes role from CANDIDATE to FOLLOWER at term 385 for DISCOVERED_A_NEW_TERM
2019-10-16 21:55:44,692 [277b5c5e-8c6f-4c9a-a53f-1bbc96404e12@group-569FAC3F8BCE-LeaderElection371] INFO  impl.RoleInfo (RoleInfo.java:shutdownLeaderElection(134)) - 277b5c5e-8c6f-4c9a-a53f-1bbc96404e12: shutdown LeaderElection
2019-10-16 21:55:44,692 [277b5c5e-8c6f-4c9a-a53f-1bbc96404e12@group-569FAC3F8BCE-LeaderElection371] INFO  impl.RoleInfo (RoleInfo.java:updateAndGet(143)) - 277b5c5e-8c6f-4c9a-a53f-1bbc96404e12: start FollowerState
2019-10-16 21:55:44,715 [Thread-2578] INFO  impl.FollowerState (FollowerState.java:run(108)) - 277b5c5e-8c6f-4c9a-a53f-1bbc96404e12@group-569FAC3F8BCE-FollowerState: change to CANDIDATE, lastRpcTime:23ms, electionTimeout:23ms
2019-10-16 21:55:44,715 [Thread-2578] INFO  impl.RoleInfo (RoleInfo.java:shutdownFollowerState(121)) - 277b5c5e-8c6f-4c9a-a53f-1bbc96404e12: shutdown FollowerState
2019-10-16 21:55:44,716 [Thread-2578] INFO  impl.RaftServerImpl (RaftServerImpl.java:setRole(184)) - 277b5c5e-8c6f-4c9a-a53f-1bbc96404e12@group-569FAC3F8BCE: changes role from  FOLLOWER to CANDIDATE at term 385 for changeToCandidate
2019-10-16 21:55:44,716 [Thread-2578] INFO  impl.RoleInfo (RoleInfo.java:updateAndGet(143)) - 277b5c5e-8c6f-4c9a-a53f-1bbc96404e12: start LeaderElection
2019-10-16 21:55:44,730 [277b5c5e-8c6f-4c9a-a53f-1bbc96404e12@group-569FAC3F8BCE-LeaderElection372] INFO  impl.LeaderElection (LeaderElection.java:askForVotes(178)) - 277b5c5e-8c6f-4c9a-a53f-1bbc96404e12@group-569FAC3F8BCE-LeaderElection372: begin an election at term 386 for -1: [a32408a4-f19d-4bad-97c5-ba33ae94fc9a:192.168.157.254:38721, 6b24a2ab-97ee-4d49-85cc-2d76c2f4b8ef:192.168.157.254:41080, 277b5c5e-8c6f-4c9a-a53f-1bbc96404e12:192.168.157.254:41416], old=null
2019-10-16 21:55:44,731 [grpc-default-executor-0] INFO  impl.RaftServerImpl (RaftServerImpl.java:setRole(184)) - a32408a4-f19d-4bad-97c5-ba33ae94fc9a@group-569FAC3F8BCE: changes role from  FOLLOWER to FOLLOWER at term 386 for recognizeCandidate:277b5c5e-8c6f-4c9a-a53f-1bbc96404e12
2019-10-16 21:55:44,731 [grpc-default-executor-0] INFO  impl.RoleInfo (RoleInfo.java:shutdownFollowerState(121)) - a32408a4-f19d-4bad-97c5-ba33ae94fc9a: shutdown FollowerState
2019-10-16 21:55:44,731 [grpc-default-executor-1] INFO  impl.RaftServerImpl (RaftServerImpl.java:setRole(184)) - 6b24a2ab-97ee-4d49-85cc-2d76c2f4b8ef@group-569FAC3F8BCE: changes role from  FOLLOWER to FOLLOWER at term 386 for recognizeCandidate:277b5c5e-8c6f-4c9a-a53f-1bbc96404e12
2019-10-16 21:55:44,731 [grpc-default-executor-1] INFO  impl.RoleInfo (RoleInfo.java:shutdownFollowerState(121)) - 6b24a2ab-97ee-4d49-85cc-2d76c2f4b8ef: shutdown FollowerState
2019-10-16 21:55:44,731 [Thread-2576] INFO  impl.FollowerState (FollowerState.java:run(117)) - a32408a4-f19d-4bad-97c5-ba33ae94fc9a@group-569FAC3F8BCE-FollowerState was interrupted: java.lang.InterruptedException: sleep interrupted
2019-10-16 21:55:44,732 [Thread-2577] INFO  impl.FollowerState (FollowerState.java:run(117)) - 6b24a2ab-97ee-4d49-85cc-2d76c2f4b8ef@group-569FAC3F8BCE-FollowerState was interrupted: java.lang.InterruptedException: sleep interrupted
2019-10-16 21:55:44,731 [grpc-default-executor-0] INFO  impl.RoleInfo (RoleInfo.java:updateAndGet(143)) - a32408a4-f19d-4bad-97c5-ba33ae94fc9a: start FollowerState
2019-10-16 21:55:44,731 [grpc-default-executor-1] INFO  impl.RoleInfo (RoleInfo.java:updateAndGet(143)) - 6b24a2ab-97ee-4d49-85cc-2d76c2f4b8ef: start FollowerState
2019-10-16 21:55:44,746 [277b5c5e-8c6f-4c9a-a53f-1bbc96404e12@group-569FAC3F8BCE-LeaderElection372] INFO  impl.LeaderElection (LeaderElection.java:logAndReturn(56)) - 277b5c5e-8c6f-4c9a-a53f-1bbc96404e12@group-569FAC3F8BCE-LeaderElection372: Election REJECTED; received 2 response(s) [277b5c5e-8c6f-4c9a-a53f-1bbc96404e12<-a32408a4-f19d-4bad-97c5-ba33ae94fc9a#0:FAIL-t386, 277b5c5e-8c6f-4c9a-a53f-1bbc96404e12<-6b24a2ab-97ee-4d49-85cc-2d76c2f4b8ef#0:FAIL-t386] and 0 exception(s); 277b5c5e-8c6f-4c9a-a53f-1bbc96404e12@group-569FAC3F8BCE:t386, leader=null, voted=277b5c5e-8c6f-4c9a-a53f-1bbc96404e12, raftlog=277b5c5e-8c6f-4c9a-a53f-1bbc96404e12@group-569FAC3F8BCE-SegmentedRaftLog:OPENED:c-1,f-1,i0, conf=-1: [a32408a4-f19d-4bad-97c5-ba33ae94fc9a:192.168.157.254:38721, 6b24a2ab-97ee-4d49-85cc-2d76c2f4b8ef:192.168.157.254:41080, 277b5c5e-8c6f-4c9a-a53f-1bbc96404e12:192.168.157.254:41416], old=null
2019-10-16 21:55:44,746 [277b5c5e-8c6f-4c9a-a53f-1bbc96404e12@group-569FAC3F8BCE-LeaderElection372] INFO  impl.RaftServerImpl (RaftServerImpl.java:setRole(184)) - 277b5c5e-8c6f-4c9a-a53f-1bbc96404e12@group-569FAC3F8BCE: changes role from CANDIDATE to FOLLOWER at term 386 for DISCOVERED_A_NEW_TERM
2019-10-16 21:55:44,746 [277b5c5e-8c6f-4c9a-a53f-1bbc96404e12@group-569FAC3F8BCE-LeaderElection372] INFO  impl.RoleInfo (RoleInfo.java:shutdownLeaderElection(134)) - 277b5c5e-8c6f-4c9a-a53f-1bbc96404e12: shutdown LeaderElection
2019-10-16 21:55:44,746 [277b5c5e-8c6f-4c9a-a53f-1bbc96404e12@group-569FAC3F8BCE-LeaderElection372] INFO  impl.RoleInfo (RoleInfo.java:updateAndGet(143)) - 277b5c5e-8c6f-4c9a-a53f-1bbc96404e12: start FollowerState
2019-10-16 21:55:44,889 [Thread-2584] INFO  impl.FollowerState (FollowerState.java:run(108)) - 277b5c5e-8c6f-4c9a-a53f-1bbc96404e12@group-569FAC3F8BCE-FollowerState: change to CANDIDATE, lastRpcTime:142ms, electionTimeout:142ms
2019-10-16 21:55:44,889 [Thread-2584] INFO  impl.RoleInfo (RoleInfo.java:shutdownFollowerState(121)) - 277b5c5e-8c6f-4c9a-a53f-1bbc96404e12: shutdown FollowerState
2019-10-16 21:55:44,889 [Thread-2584] INFO  impl.RaftServerImpl (RaftServerImpl.java:setRole(184)) - 277b5c5e-8c6f-4c9a-a53f-1bbc96404e12@group-569FAC3F8BCE: changes role from  FOLLOWER to CANDIDATE at term 386 for changeToCandidate
2019-10-16 21:55:44,889 [Thread-2584] INFO  impl.RoleInfo (RoleInfo.java:updateAndGet(143)) - 277b5c5e-8c6f-4c9a-a53f-1bbc96404e12: start LeaderElection
2019-10-16 21:55:44,900 [277b5c5e-8c6f-4c9a-a53f-1bbc96404e12@group-569FAC3F8BCE-LeaderElection373] INFO  impl.LeaderElection (LeaderElection.java:askForVotes(178)) - 277b5c5e-8c6f-4c9a-a53f-1bbc96404e12@group-569FAC3F8BCE-LeaderElection373: begin an election at term 387 for -1: [a32408a4-f19d-4bad-97c5-ba33ae94fc9a:192.168.157.254:38721, 6b24a2ab-97ee-4d49-85cc-2d76c2f4b8ef:192.168.157.254:41080, 277b5c5e-8c6f-4c9a-a53f-1bbc96404e12:192.168.157.254:41416], old=null
2019-10-16 21:55:44,902 [grpc-default-executor-0] INFO  impl.RaftServerImpl (RaftServerImpl.java:setRole(184)) - a32408a4-f19d-4bad-97c5-ba33ae94fc9a@group-569FAC3F8BCE: changes role from  FOLLOWER to FOLLOWER at term 387 for recognizeCandidate:277b5c5e-8c6f-4c9a-a53f-1bbc96404e12
2019-10-16 21:55:44,902 [grpc-default-executor-1] INFO  impl.RaftServerImpl (RaftServerImpl.java:setRole(184)) - 6b24a2ab-97ee-4d49-85cc-2d76c2f4b8ef@group-569FAC3F8BCE: changes role from  FOLLOWER to FOLLOWER at term 387 for recognizeCandidate:277b5c5e-8c6f-4c9a-a53f-1bbc96404e12
2019-10-16 21:55:44,902 [grpc-default-executor-0] INFO  impl.RoleInfo (RoleInfo.java:shutdownFollowerState(121)) - a32408a4-f19d-4bad-97c5-ba33ae94fc9a: shutdown FollowerState
2019-10-16 21:55:44,902 [grpc-default-executor-1] INFO  impl.RoleInfo (RoleInfo.java:shutdownFollowerState(121)) - 6b24a2ab-97ee-4d49-85cc-2d76c2f4b8ef: shutdown FollowerState
2019-10-16 21:55:44,902 [Thread-2582] INFO  impl.FollowerState (FollowerState.java:run(117)) - a32408a4-f19d-4bad-97c5-ba33ae94fc9a@group-569FAC3F8BCE-FollowerState was interrupted: java.lang.InterruptedException: sleep interrupted
2019-10-16 21:55:44,902 [grpc-default-executor-0] INFO  impl.RoleInfo (RoleInfo.java:updateAndGet(143)) - a32408a4-f19d-4bad-97c5-ba33ae94fc9a: start FollowerState
2019-10-16 21:55:44,902 [Thread-2583] INFO  impl.FollowerState (FollowerState.java:run(117)) - 6b24a2ab-97ee-4d49-85cc-2d76c2f4b8ef@group-569FAC3F8BCE-FollowerState was interrupted: java.lang.InterruptedException: sleep interrupted
2019-10-16 21:55:44,902 [grpc-default-executor-1] INFO  impl.RoleInfo (RoleInfo.java:updateAndGet(143)) - 6b24a2ab-97ee-4d49-85cc-2d76c2f4b8ef: start FollowerState
2019-10-16 21:55:44,917 [277b5c5e-8c6f-4c9a-a53f-1bbc96404e12@group-569FAC3F8BCE-LeaderElection373] INFO  impl.LeaderElection (LeaderElection.java:logAndReturn(56)) - 277b5c5e-8c6f-4c9a-a53f-1bbc96404e12@group-569FAC3F8BCE-LeaderElection373: Election REJECTED; received 2 response(s) [277b5c5e-8c6f-4c9a-a53f-1bbc96404e12<-a32408a4-f19d-4bad-97c5-ba33ae94fc9a#0:FAIL-t387, 277b5c5e-8c6f-4c9a-a53f-1bbc96404e12<-6b24a2ab-97ee-4d49-85cc-2d76c2f4b8ef#0:FAIL-t387] and 0 exception(s); 277b5c5e-8c6f-4c9a-a53f-1bbc96404e12@group-569FAC3F8BCE:t387, leader=null, voted=277b5c5e-8c6f-4c9a-a53f-1bbc96404e12, raftlog=277b5c5e-8c6f-4c9a-a53f-1bbc96404e12@group-569FAC3F8BCE-SegmentedRaftLog:OPENED:c-1,f-1,i0, conf=-1: [a32408a4-f19d-4bad-97c5-ba33ae94fc9a:192.168.157.254:38721, 6b24a2ab-97ee-4d49-85cc-2d76c2f4b8ef:192.168.157.254:41080, 277b5c5e-8c6f-4c9a-a53f-1bbc96404e12:192.168.157.254:41416], old=null
2019-10-16 21:55:44,918 [277b5c5e-8c6f-4c9a-a53f-1bbc96404e12@group-569FAC3F8BCE-LeaderElection373] INFO  impl.RaftServerImpl (RaftServerImpl.java:setRole(184)) - 277b5c5e-8c6f-4c9a-a53f-1bbc96404e12@group-569FAC3F8BCE: changes role from CANDIDATE to FOLLOWER at term 387 for DISCOVERED_A_NEW_TERM
2019-10-16 21:55:44,918 [277b5c5e-8c6f-4c9a-a53f-1bbc96404e12@group-569FAC3F8BCE-LeaderElection373] INFO  impl.RoleInfo (RoleInfo.java:shutdownLeaderElection(134)) - 277b5c5e-8c6f-4c9a-a53f-1bbc96404e12: shutdown LeaderElection
2019-10-16 21:55:44,918 [277b5c5e-8c6f-4c9a-a53f-1bbc96404e12@group-569FAC3F8BCE-LeaderElection373] INFO  impl.RoleInfo (RoleInfo.java:updateAndGet(143)) - 277b5c5e-8c6f-4c9a-a53f-1bbc96404e12: start FollowerState
2019-10-16 21:55:45,054 [Thread-2590] INFO  impl.FollowerState (FollowerState.java:run(108)) - 277b5c5e-8c6f-4c9a-a53f-1bbc96404e12@group-569FAC3F8BCE-FollowerState: change to CANDIDATE, lastRpcTime:136ms, electionTimeout:136ms
2019-10-16 21:55:45,054 [Thread-2590] INFO  impl.RoleInfo (RoleInfo.java:shutdownFollowerState(121)) - 277b5c5e-8c6f-4c9a-a53f-1bbc96404e12: shutdown FollowerState
2019-10-16 21:55:45,054 [Thread-2590] INFO  impl.RaftServerImpl (RaftServerImpl.java:setRole(184)) - 277b5c5e-8c6f-4c9a-a53f-1bbc96404e12@group-569FAC3F8BCE: changes role from  FOLLOWER to CANDIDATE at term 387 for changeToCandidate
2019-10-16 21:55:45,055 [Thread-2590] INFO  impl.RoleInfo (RoleInfo.java:updateAndGet(143)) - 277b5c5e-8c6f-4c9a-a53f-1bbc96404e12: start LeaderElection
2019-10-16 21:55:45,068 [277b5c5e-8c6f-4c9a-a53f-1bbc96404e12@group-569FAC3F8BCE-LeaderElection374] INFO  impl.LeaderElection (LeaderElection.java:askForVotes(178)) - 277b5c5e-8c6f-4c9a-a53f-1bbc96404e12@group-569FAC3F8BCE-LeaderElection374: begin an election at term 388 for -1: [a32408a4-f19d-4bad-97c5-ba33ae94fc9a:192.168.157.254:38721, 6b24a2ab-97ee-4d49-85cc-2d76c2f4b8ef:192.168.157.254:41080, 277b5c5e-8c6f-4c9a-a53f-1bbc96404e12:192.168.157.254:41416], old=null
2019-10-16 21:55:45,070 [grpc-default-executor-0] INFO  impl.RaftServerImpl (RaftServerImpl.java:setRole(184)) - a32408a4-f19d-4bad-97c5-ba33ae94fc9a@group-569FAC3F8BCE: changes role from  FOLLOWER to FOLLOWER at term 388 for recognizeCandidate:277b5c5e-8c6f-4c9a-a53f-1bbc96404e12
2019-10-16 21:55:45,070 [grpc-default-executor-1] INFO  impl.RaftServerImpl (RaftServerImpl.java:setRole(184)) - 6b24a2ab-97ee-4d49-85cc-2d76c2f4b8ef@group-569FAC3F8BCE: changes role from  FOLLOWER to FOLLOWER at term 388 for recognizeCandidate:277b5c5e-8c6f-4c9a-a53f-1bbc96404e12
2019-10-16 21:55:45,071 [grpc-default-executor-1] INFO  impl.RoleInfo (RoleInfo.java:shutdownFollowerState(121)) - 6b24a2ab-97ee-4d49-85cc-2d76c2f4b8ef: shutdown FollowerState
2019-10-16 21:55:45,071 [grpc-default-executor-0] INFO  impl.RoleInfo (RoleInfo.java:shutdownFollowerState(121)) - a32408a4-f19d-4bad-97c5-ba33ae94fc9a: shutdown FollowerState
2019-10-16 21:55:45,071 [Thread-2589] INFO  impl.FollowerState (FollowerState.java:run(117)) - 6b24a2ab-97ee-4d49-85cc-2d76c2f4b8ef@group-569FAC3F8BCE-FollowerState was interrupted: java.lang.InterruptedException: sleep interrupted
2019-10-16 21:55:45,071 [grpc-default-executor-1] INFO  impl.RoleInfo (RoleInfo.java:updateAndGet(143)) - 6b24a2ab-97ee-4d49-85cc-2d76c2f4b8ef: start FollowerState
2019-10-16 21:55:45,071 [Thread-2588] INFO  impl.FollowerState (FollowerState.java:run(117)) - a32408a4-f19d-4bad-97c5-ba33ae94fc9a@group-569FAC3F8BCE-FollowerState was interrupted: java.lang.InterruptedException: sleep interrupted
2019-10-16 21:55:45,071 [grpc-default-executor-0] INFO  impl.RoleInfo (RoleInfo.java:updateAndGet(143)) - a32408a4-f19d-4bad-97c5-ba33ae94fc9a: start FollowerState
2019-10-16 21:55:45,085 [277b5c5e-8c6f-4c9a-a53f-1bbc96404e12@group-569FAC3F8BCE-LeaderElection374] INFO  impl.LeaderElection (LeaderElection.java:logAndReturn(56)) - 277b5c5e-8c6f-4c9a-a53f-1bbc96404e12@group-569FAC3F8BCE-LeaderElection374: Election REJECTED; received 2 response(s) [277b5c5e-8c6f-4c9a-a53f-1bbc96404e12<-a32408a4-f19d-4bad-97c5-ba33ae94fc9a#0:FAIL-t388, 277b5c5e-8c6f-4c9a-a53f-1bbc96404e12<-6b24a2ab-97ee-4d49-85cc-2d76c2f4b8ef#0:FAIL-t388] and 0 exception(s); 277b5c5e-8c6f-4c9a-a53f-1bbc96404e12@group-569FAC3F8BCE:t388, leader=null, voted=277b5c5e-8c6f-4c9a-a53f-1bbc96404e12, raftlog=277b5c5e-8c6f-4c9a-a53f-1bbc96404e12@group-569FAC3F8BCE-SegmentedRaftLog:OPENED:c-1,f-1,i0, conf=-1: [a32408a4-f19d-4bad-97c5-ba33ae94fc9a:192.168.157.254:38721, 6b24a2ab-97ee-4d49-85cc-2d76c2f4b8ef:192.168.157.254:41080, 277b5c5e-8c6f-4c9a-a53f-1bbc96404e12:192.168.157.254:41416], old=null
2019-10-16 21:55:45,085 [277b5c5e-8c6f-4c9a-a53f-1bbc96404e12@group-569FAC3F8BCE-LeaderElection374] INFO  impl.RaftServerImpl (RaftServerImpl.java:setRole(184)) - 277b5c5e-8c6f-4c9a-a53f-1bbc96404e12@group-569FAC3F8BCE: changes role from CANDIDATE to FOLLOWER at term 388 for DISCOVERED_A_NEW_TERM
2019-10-16 21:55:45,086 [277b5c5e-8c6f-4c9a-a53f-1bbc96404e12@group-569FAC3F8BCE-LeaderElection374] INFO  impl.RoleInfo (RoleInfo.java:shutdownLeaderElection(134)) - 277b5c5e-8c6f-4c9a-a53f-1bbc96404e12: shutdown LeaderElection
2019-10-16 21:55:45,086 [277b5c5e-8c6f-4c9a-a53f-1bbc96404e12@group-569FAC3F8BCE-LeaderElection374] INFO  impl.RoleInfo (RoleInfo.java:updateAndGet(143)) - 277b5c5e-8c6f-4c9a-a53f-1bbc96404e12: start FollowerState
2019-10-16 21:55:45,230 [Thread-2596] INFO  impl.FollowerState (FollowerState.java:run(108)) - 277b5c5e-8c6f-4c9a-a53f-1bbc96404e12@group-569FAC3F8BCE-FollowerState: change to CANDIDATE, lastRpcTime:144ms, electionTimeout:144ms
2019-10-16 21:55:45,230 [Thread-2596] INFO  impl.RoleInfo (RoleInfo.java:shutdownFollowerState(121)) - 277b5c5e-8c6f-4c9a-a53f-1bbc96404e12: shutdown FollowerState
2019-10-16 21:55:45,230 [Thread-2596] INFO  impl.RaftServerImpl (RaftServerImpl.java:setRole(184)) - 277b5c5e-8c6f-4c9a-a53f-1bbc96404e12@group-569FAC3F8BCE: changes role from  FOLLOWER to CANDIDATE at term 388 for changeToCandidate
2019-10-16 21:55:45,231 [Thread-2596] INFO  impl.RoleInfo (RoleInfo.java:updateAndGet(143)) - 277b5c5e-8c6f-4c9a-a53f-1bbc96404e12: start LeaderElection
2019-10-16 21:55:45,255 [277b5c5e-8c6f-4c9a-a53f-1bbc96404e12@group-569FAC3F8BCE-LeaderElection375] INFO  impl.LeaderElection (LeaderElection.java:askForVotes(178)) - 277b5c5e-8c6f-4c9a-a53f-1bbc96404e12@group-569FAC3F8BCE-LeaderElection375: begin an election at term 389 for -1: [a32408a4-f19d-4bad-97c5-ba33ae94fc9a:192.168.157.254:38721, 6b24a2ab-97ee-4d49-85cc-2d76c2f4b8ef:192.168.157.254:41080, 277b5c5e-8c6f-4c9a-a53f-1bbc96404e12:192.168.157.254:41416], old=null
2019-10-16 21:55:45,257 [grpc-default-executor-1] INFO  impl.RaftServerImpl (RaftServerImpl.java:setRole(184)) - a32408a4-f19d-4bad-97c5-ba33ae94fc9a@group-569FAC3F8BCE: changes role from  FOLLOWER to FOLLOWER at term 389 for recognizeCandidate:277b5c5e-8c6f-4c9a-a53f-1bbc96404e12
2019-10-16 21:55:45,257 [grpc-default-executor-0] INFO  impl.RaftServerImpl (RaftServerImpl.java:setRole(184)) - 6b24a2ab-97ee-4d49-85cc-2d76c2f4b8ef@group-569FAC3F8BCE: changes role from  FOLLOWER to FOLLOWER at term 389 for recognizeCandidate:277b5c5e-8c6f-4c9a-a53f-1bbc96404e12
2019-10-16 21:55:45,257 [grpc-default-executor-1] INFO  impl.RoleInfo (RoleInfo.java:shutdownFollowerState(121)) - a32408a4-f19d-4bad-97c5-ba33ae94fc9a: shutdown FollowerState
2019-10-16 21:55:45,257 [grpc-default-executor-0] INFO  impl.RoleInfo (RoleInfo.java:shutdownFollowerState(121)) - 6b24a2ab-97ee-4d49-85cc-2d76c2f4b8ef: shutdown FollowerState
2019-10-16 21:55:45,257 [Thread-2595] INFO  impl.FollowerState (FollowerState.java:run(117)) - a32408a4-f19d-4bad-97c5-ba33ae94fc9a@group-569FAC3F8BCE-FollowerState was interrupted: java.lang.InterruptedException: sleep interrupted
2019-10-16 21:55:45,257 [grpc-default-executor-1] INFO  impl.RoleInfo (RoleInfo.java:updateAndGet(143)) - a32408a4-f19d-4bad-97c5-ba33ae94fc9a: start FollowerState
2019-10-16 21:55:45,258 [Thread-2594] INFO  impl.FollowerState (FollowerState.java:run(117)) - 6b24a2ab-97ee-4d49-85cc-2d76c2f4b8ef@group-569FAC3F8BCE-FollowerState was interrupted: java.lang.InterruptedException: sleep interrupted
2019-10-16 21:55:45,257 [grpc-default-executor-0] INFO  impl.RoleInfo (RoleInfo.java:updateAndGet(143)) - 6b24a2ab-97ee-4d49-85cc-2d76c2f4b8ef: start FollowerState
2019-10-16 21:55:45,283 [277b5c5e-8c6f-4c9a-a53f-1bbc96404e12@group-569FAC3F8BCE-LeaderElection375] INFO  impl.LeaderElection (LeaderElection.java:logAndReturn(56)) - 277b5c5e-8c6f-4c9a-a53f-1bbc96404e12@group-569FAC3F8BCE-LeaderElection375: Election REJECTED; received 2 response(s) [277b5c5e-8c6f-4c9a-a53f-1bbc96404e12<-6b24a2ab-97ee-4d49-85cc-2d76c2f4b8ef#0:FAIL-t389, 277b5c5e-8c6f-4c9a-a53f-1bbc96404e12<-a32408a4-f19d-4bad-97c5-ba33ae94fc9a#0:FAIL-t389] and 0 exception(s); 277b5c5e-8c6f-4c9a-a53f-1bbc96404e12@group-569FAC3F8BCE:t389, leader=null, voted=277b5c5e-8c6f-4c9a-a53f-1bbc96404e12, raftlog=277b5c5e-8c6f-4c9a-a53f-1bbc96404e12@group-569FAC3F8BCE-SegmentedRaftLog:OPENED:c-1,f-1,i0, conf=-1: [a32408a4-f19d-4bad-97c5-ba33ae94fc9a:192.168.157.254:38721, 6b24a2ab-97ee-4d49-85cc-2d76c2f4b8ef:192.168.157.254:41080, 277b5c5e-8c6f-4c9a-a53f-1bbc96404e12:192.168.157.254:41416], old=null
2019-10-16 21:55:45,283 [277b5c5e-8c6f-4c9a-a53f-1bbc96404e12@group-569FAC3F8BCE-LeaderElection375] INFO  impl.RaftServerImpl (RaftServerImpl.java:setRole(184)) - 277b5c5e-8c6f-4c9a-a53f-1bbc96404e12@group-569FAC3F8BCE: changes role from CANDIDATE to FOLLOWER at term 389 for DISCOVERED_A_NEW_TERM
2019-10-16 21:55:45,283 [277b5c5e-8c6f-4c9a-a53f-1bbc96404e12@group-569FAC3F8BCE-LeaderElection375] INFO  impl.RoleInfo (RoleInfo.java:shutdownLeaderElection(134)) - 277b5c5e-8c6f-4c9a-a53f-1bbc96404e12: shutdown LeaderElection
2019-10-16 21:55:45,283 [277b5c5e-8c6f-4c9a-a53f-1bbc96404e12@group-569FAC3F8BCE-LeaderElection375] INFO  impl.RoleInfo (RoleInfo.java:updateAndGet(143)) - 277b5c5e-8c6f-4c9a-a53f-1bbc96404e12: start FollowerState
2019-10-16 21:55:45,322 [Thread-2602] INFO  impl.FollowerState (FollowerState.java:run(108)) - 277b5c5e-8c6f-4c9a-a53f-1bbc96404e12@group-569FAC3F8BCE-FollowerState: change to CANDIDATE, lastRpcTime:38ms, electionTimeout:38ms
2019-10-16 21:55:45,322 [Thread-2602] INFO  impl.RoleInfo (RoleInfo.java:shutdownFollowerState(121)) - 277b5c5e-8c6f-4c9a-a53f-1bbc96404e12: shutdown FollowerState
2019-10-16 21:55:45,322 [Thread-2602] INFO  impl.RaftServerImpl (RaftServerImpl.java:setRole(184)) - 277b5c5e-8c6f-4c9a-a53f-1bbc96404e12@group-569FAC3F8BCE: changes role from  FOLLOWER to CANDIDATE at term 389 for changeToCandidate
2019-10-16 21:55:45,327 [Thread-2602] INFO  impl.RoleInfo (RoleInfo.java:updateAndGet(143)) - 277b5c5e-8c6f-4c9a-a53f-1bbc96404e12: start LeaderElection
2019-10-16 21:55:45,646 [Thread-0] INFO  ozone.MiniOzoneClusterImpl (MiniOzoneClusterImpl.java:lambda$waitForClusterToBeReady$2(164)) - Waiting for 1 number of pipelines out of 4, to report a leader.
2019-10-16 21:55:45,648 [277b5c5e-8c6f-4c9a-a53f-1bbc96404e12@group-569FAC3F8BCE-LeaderElection376] INFO  impl.LeaderElection (LeaderElection.java:askForVotes(178)) - 277b5c5e-8c6f-4c9a-a53f-1bbc96404e12@group-569FAC3F8BCE-LeaderElection376: begin an election at term 390 for -1: [a32408a4-f19d-4bad-97c5-ba33ae94fc9a:192.168.157.254:38721, 6b24a2ab-97ee-4d49-85cc-2d76c2f4b8ef:192.168.157.254:41080, 277b5c5e-8c6f-4c9a-a53f-1bbc96404e12:192.168.157.254:41416], old=null
2019-10-16 21:55:45,650 [grpc-default-executor-0] INFO  impl.RaftServerImpl (RaftServerImpl.java:setRole(184)) - 6b24a2ab-97ee-4d49-85cc-2d76c2f4b8ef@group-569FAC3F8BCE: changes role from  FOLLOWER to FOLLOWER at term 390 for recognizeCandidate:277b5c5e-8c6f-4c9a-a53f-1bbc96404e12
2019-10-16 21:55:45,650 [grpc-default-executor-1] INFO  impl.RaftServerImpl (RaftServerImpl.java:setRole(184)) - a32408a4-f19d-4bad-97c5-ba33ae94fc9a@group-569FAC3F8BCE: changes role from  FOLLOWER to FOLLOWER at term 390 for recognizeCandidate:277b5c5e-8c6f-4c9a-a53f-1bbc96404e12
2019-10-16 21:55:45,650 [grpc-default-executor-0] INFO  impl.RoleInfo (RoleInfo.java:shutdownFollowerState(121)) - 6b24a2ab-97ee-4d49-85cc-2d76c2f4b8ef: shutdown FollowerState
2019-10-16 21:55:45,651 [grpc-default-executor-1] INFO  impl.RoleInfo (RoleInfo.java:shutdownFollowerState(121)) - a32408a4-f19d-4bad-97c5-ba33ae94fc9a: shutdown FollowerState
2019-10-16 21:55:45,651 [Thread-2601] INFO  impl.FollowerState (FollowerState.java:run(117)) - 6b24a2ab-97ee-4d49-85cc-2d76c2f4b8ef@group-569FAC3F8BCE-FollowerState was interrupted: java.lang.InterruptedException: sleep interrupted
2019-10-16 21:55:45,651 [grpc-default-executor-0] INFO  impl.RoleInfo (RoleInfo.java:updateAndGet(143)) - 6b24a2ab-97ee-4d49-85cc-2d76c2f4b8ef: start FollowerState
2019-10-16 21:55:45,651 [Thread-2600] INFO  impl.FollowerState (FollowerState.java:run(117)) - a32408a4-f19d-4bad-97c5-ba33ae94fc9a@group-569FAC3F8BCE-FollowerState was interrupted: java.lang.InterruptedException: sleep interrupted
2019-10-16 21:55:45,651 [grpc-default-executor-1] INFO  impl.RoleInfo (RoleInfo.java:updateAndGet(143)) - a32408a4-f19d-4bad-97c5-ba33ae94fc9a: start FollowerState
2019-10-16 21:55:45,657 [277b5c5e-8c6f-4c9a-a53f-1bbc96404e12@group-569FAC3F8BCE-LeaderElection376] INFO  impl.LeaderElection (LeaderElection.java:logAndReturn(56)) - 277b5c5e-8c6f-4c9a-a53f-1bbc96404e12@group-569FAC3F8BCE-LeaderElection376: Election REJECTED; received 2 response(s) [277b5c5e-8c6f-4c9a-a53f-1bbc96404e12<-a32408a4-f19d-4bad-97c5-ba33ae94fc9a#0:FAIL-t390, 277b5c5e-8c6f-4c9a-a53f-1bbc96404e12<-6b24a2ab-97ee-4d49-85cc-2d76c2f4b8ef#0:FAIL-t390] and 0 exception(s); 277b5c5e-8c6f-4c9a-a53f-1bbc96404e12@group-569FAC3F8BCE:t390, leader=null, voted=277b5c5e-8c6f-4c9a-a53f-1bbc96404e12, raftlog=277b5c5e-8c6f-4c9a-a53f-1bbc96404e12@group-569FAC3F8BCE-SegmentedRaftLog:OPENED:c-1,f-1,i0, conf=-1: [a32408a4-f19d-4bad-97c5-ba33ae94fc9a:192.168.157.254:38721, 6b24a2ab-97ee-4d49-85cc-2d76c2f4b8ef:192.168.157.254:41080, 277b5c5e-8c6f-4c9a-a53f-1bbc96404e12:192.168.157.254:41416], old=null
2019-10-16 21:55:45,657 [277b5c5e-8c6f-4c9a-a53f-1bbc96404e12@group-569FAC3F8BCE-LeaderElection376] INFO  impl.RaftServerImpl (RaftServerImpl.java:setRole(184)) - 277b5c5e-8c6f-4c9a-a53f-1bbc96404e12@group-569FAC3F8BCE: changes role from CANDIDATE to FOLLOWER at term 390 for DISCOVERED_A_NEW_TERM
2019-10-16 21:55:45,657 [277b5c5e-8c6f-4c9a-a53f-1bbc96404e12@group-569FAC3F8BCE-LeaderElection376] INFO  impl.RoleInfo (RoleInfo.java:shutdownLeaderElection(134)) - 277b5c5e-8c6f-4c9a-a53f-1bbc96404e12: shutdown LeaderElection
2019-10-16 21:55:45,658 [277b5c5e-8c6f-4c9a-a53f-1bbc96404e12@group-569FAC3F8BCE-LeaderElection376] INFO  impl.RoleInfo (RoleInfo.java:updateAndGet(143)) - 277b5c5e-8c6f-4c9a-a53f-1bbc96404e12: start FollowerState
2019-10-16 21:55:45,761 [Thread-2608] INFO  impl.FollowerState (FollowerState.java:run(108)) - 277b5c5e-8c6f-4c9a-a53f-1bbc96404e12@group-569FAC3F8BCE-FollowerState: change to CANDIDATE, lastRpcTime:103ms, electionTimeout:103ms
2019-10-16 21:55:45,761 [Thread-2608] INFO  impl.RoleInfo (RoleInfo.java:shutdownFollowerState(121)) - 277b5c5e-8c6f-4c9a-a53f-1bbc96404e12: shutdown FollowerState
2019-10-16 21:55:45,761 [Thread-2608] INFO  impl.RaftServerImpl (RaftServerImpl.java:setRole(184)) - 277b5c5e-8c6f-4c9a-a53f-1bbc96404e12@group-569FAC3F8BCE: changes role from  FOLLOWER to CANDIDATE at term 390 for changeToCandidate
2019-10-16 21:55:45,762 [Thread-2608] INFO  impl.RoleInfo (RoleInfo.java:updateAndGet(143)) - 277b5c5e-8c6f-4c9a-a53f-1bbc96404e12: start LeaderElection
2019-10-16 21:55:45,780 [277b5c5e-8c6f-4c9a-a53f-1bbc96404e12@group-569FAC3F8BCE-LeaderElection377] INFO  impl.LeaderElection (LeaderElection.java:askForVotes(178)) - 277b5c5e-8c6f-4c9a-a53f-1bbc96404e12@group-569FAC3F8BCE-LeaderElection377: begin an election at term 391 for -1: [a32408a4-f19d-4bad-97c5-ba33ae94fc9a:192.168.157.254:38721, 6b24a2ab-97ee-4d49-85cc-2d76c2f4b8ef:192.168.157.254:41080, 277b5c5e-8c6f-4c9a-a53f-1bbc96404e12:192.168.157.254:41416], old=null
2019-10-16 21:55:45,781 [grpc-default-executor-1] INFO  impl.RaftServerImpl (RaftServerImpl.java:setRole(184)) - 6b24a2ab-97ee-4d49-85cc-2d76c2f4b8ef@group-569FAC3F8BCE: changes role from  FOLLOWER to FOLLOWER at term 391 for recognizeCandidate:277b5c5e-8c6f-4c9a-a53f-1bbc96404e12
2019-10-16 21:55:45,782 [grpc-default-executor-1] INFO  impl.RoleInfo (RoleInfo.java:shutdownFollowerState(121)) - 6b24a2ab-97ee-4d49-85cc-2d76c2f4b8ef: shutdown FollowerState
2019-10-16 21:55:45,782 [grpc-default-executor-0] INFO  impl.RaftServerImpl (RaftServerImpl.java:setRole(184)) - a32408a4-f19d-4bad-97c5-ba33ae94fc9a@group-569FAC3F8BCE: changes role from  FOLLOWER to FOLLOWER at term 391 for recognizeCandidate:277b5c5e-8c6f-4c9a-a53f-1bbc96404e12
2019-10-16 21:55:45,782 [Thread-2606] INFO  impl.FollowerState (FollowerState.java:run(117)) - 6b24a2ab-97ee-4d49-85cc-2d76c2f4b8ef@group-569FAC3F8BCE-FollowerState was interrupted: java.lang.InterruptedException: sleep interrupted
2019-10-16 21:55:45,782 [grpc-default-executor-1] INFO  impl.RoleInfo (RoleInfo.java:updateAndGet(143)) - 6b24a2ab-97ee-4d49-85cc-2d76c2f4b8ef: start FollowerState
2019-10-16 21:55:45,782 [grpc-default-executor-0] INFO  impl.RoleInfo (RoleInfo.java:shutdownFollowerState(121)) - a32408a4-f19d-4bad-97c5-ba33ae94fc9a: shutdown FollowerState
2019-10-16 21:55:45,782 [grpc-default-executor-0] INFO  impl.RoleInfo (RoleInfo.java:updateAndGet(143)) - a32408a4-f19d-4bad-97c5-ba33ae94fc9a: start FollowerState
2019-10-16 21:55:45,782 [Thread-2607] INFO  impl.FollowerState (FollowerState.java:run(117)) - a32408a4-f19d-4bad-97c5-ba33ae94fc9a@group-569FAC3F8BCE-FollowerState was interrupted: java.lang.InterruptedException: sleep interrupted
2019-10-16 21:55:45,799 [277b5c5e-8c6f-4c9a-a53f-1bbc96404e12@group-569FAC3F8BCE-LeaderElection377] INFO  impl.LeaderElection (LeaderElection.java:logAndReturn(56)) - 277b5c5e-8c6f-4c9a-a53f-1bbc96404e12@group-569FAC3F8BCE-LeaderElection377: Election TIMEOUT; received 0 response(s) [] and 0 exception(s); 277b5c5e-8c6f-4c9a-a53f-1bbc96404e12@group-569FAC3F8BCE:t391, leader=null, voted=277b5c5e-8c6f-4c9a-a53f-1bbc96404e12, raftlog=277b5c5e-8c6f-4c9a-a53f-1bbc96404e12@group-569FAC3F8BCE-SegmentedRaftLog:OPENED:c-1,f-1,i0, conf=-1: [a32408a4-f19d-4bad-97c5-ba33ae94fc9a:192.168.157.254:38721, 6b24a2ab-97ee-4d49-85cc-2d76c2f4b8ef:192.168.157.254:41080, 277b5c5e-8c6f-4c9a-a53f-1bbc96404e12:192.168.157.254:41416], old=null
2019-10-16 21:55:45,812 [277b5c5e-8c6f-4c9a-a53f-1bbc96404e12@group-569FAC3F8BCE-LeaderElection377] INFO  impl.LeaderElection (LeaderElection.java:askForVotes(178)) - 277b5c5e-8c6f-4c9a-a53f-1bbc96404e12@group-569FAC3F8BCE-LeaderElection377: begin an election at term 392 for -1: [a32408a4-f19d-4bad-97c5-ba33ae94fc9a:192.168.157.254:38721, 6b24a2ab-97ee-4d49-85cc-2d76c2f4b8ef:192.168.157.254:41080, 277b5c5e-8c6f-4c9a-a53f-1bbc96404e12:192.168.157.254:41416], old=null
2019-10-16 21:55:45,813 [grpc-default-executor-1] INFO  impl.RaftServerImpl (RaftServerImpl.java:setRole(184)) - a32408a4-f19d-4bad-97c5-ba33ae94fc9a@group-569FAC3F8BCE: changes role from  FOLLOWER to FOLLOWER at term 392 for recognizeCandidate:277b5c5e-8c6f-4c9a-a53f-1bbc96404e12
2019-10-16 21:55:45,814 [grpc-default-executor-1] INFO  impl.RoleInfo (RoleInfo.java:shutdownFollowerState(121)) - a32408a4-f19d-4bad-97c5-ba33ae94fc9a: shutdown FollowerState
2019-10-16 21:55:45,814 [grpc-default-executor-1] INFO  impl.RoleInfo (RoleInfo.java:updateAndGet(143)) - a32408a4-f19d-4bad-97c5-ba33ae94fc9a: start FollowerState
2019-10-16 21:55:45,814 [Thread-2613] INFO  impl.FollowerState (FollowerState.java:run(117)) - a32408a4-f19d-4bad-97c5-ba33ae94fc9a@group-569FAC3F8BCE-FollowerState was interrupted: java.lang.InterruptedException: sleep interrupted
2019-10-16 21:55:45,814 [grpc-default-executor-0] INFO  impl.RaftServerImpl (RaftServerImpl.java:setRole(184)) - 6b24a2ab-97ee-4d49-85cc-2d76c2f4b8ef@group-569FAC3F8BCE: changes role from  FOLLOWER to FOLLOWER at term 392 for recognizeCandidate:277b5c5e-8c6f-4c9a-a53f-1bbc96404e12
2019-10-16 21:55:45,814 [grpc-default-executor-0] INFO  impl.RoleInfo (RoleInfo.java:shutdownFollowerState(121)) - 6b24a2ab-97ee-4d49-85cc-2d76c2f4b8ef: shutdown FollowerState
2019-10-16 21:55:45,814 [grpc-default-executor-0] INFO  impl.RoleInfo (RoleInfo.java:updateAndGet(143)) - 6b24a2ab-97ee-4d49-85cc-2d76c2f4b8ef: start FollowerState
2019-10-16 21:55:45,814 [Thread-2612] INFO  impl.FollowerState (FollowerState.java:run(117)) - 6b24a2ab-97ee-4d49-85cc-2d76c2f4b8ef@group-569FAC3F8BCE-FollowerState was interrupted: java.lang.InterruptedException: sleep interrupted
2019-10-16 21:55:45,828 [277b5c5e-8c6f-4c9a-a53f-1bbc96404e12@group-569FAC3F8BCE-LeaderElection377] INFO  impl.LeaderElection (LeaderElection.java:logAndReturn(56)) - 277b5c5e-8c6f-4c9a-a53f-1bbc96404e12@group-569FAC3F8BCE-LeaderElection377: Election REJECTED; received 2 response(s) [277b5c5e-8c6f-4c9a-a53f-1bbc96404e12<-a32408a4-f19d-4bad-97c5-ba33ae94fc9a#0:FAIL-t392, 277b5c5e-8c6f-4c9a-a53f-1bbc96404e12<-6b24a2ab-97ee-4d49-85cc-2d76c2f4b8ef#0:FAIL-t392] and 0 exception(s); 277b5c5e-8c6f-4c9a-a53f-1bbc96404e12@group-569FAC3F8BCE:t392, leader=null, voted=277b5c5e-8c6f-4c9a-a53f-1bbc96404e12, raftlog=277b5c5e-8c6f-4c9a-a53f-1bbc96404e12@group-569FAC3F8BCE-SegmentedRaftLog:OPENED:c-1,f-1,i0, conf=-1: [a32408a4-f19d-4bad-97c5-ba33ae94fc9a:192.168.157.254:38721, 6b24a2ab-97ee-4d49-85cc-2d76c2f4b8ef:192.168.157.254:41080, 277b5c5e-8c6f-4c9a-a53f-1bbc96404e12:192.168.157.254:41416], old=null
2019-10-16 21:55:45,828 [277b5c5e-8c6f-4c9a-a53f-1bbc96404e12@group-569FAC3F8BCE-LeaderElection377] INFO  impl.RaftServerImpl (RaftServerImpl.java:setRole(184)) - 277b5c5e-8c6f-4c9a-a53f-1bbc96404e12@group-569FAC3F8BCE: changes role from CANDIDATE to FOLLOWER at term 392 for DISCOVERED_A_NEW_TERM
2019-10-16 21:55:45,828 [277b5c5e-8c6f-4c9a-a53f-1bbc96404e12@group-569FAC3F8BCE-LeaderElection377] INFO  impl.RoleInfo (RoleInfo.java:shutdownLeaderElection(134)) - 277b5c5e-8c6f-4c9a-a53f-1bbc96404e12: shutdown LeaderElection
2019-10-16 21:55:45,828 [277b5c5e-8c6f-4c9a-a53f-1bbc96404e12@group-569FAC3F8BCE-LeaderElection377] INFO  impl.RoleInfo (RoleInfo.java:updateAndGet(143)) - 277b5c5e-8c6f-4c9a-a53f-1bbc96404e12: start FollowerState
2019-10-16 21:55:45,929 [Thread-2618] INFO  impl.FollowerState (FollowerState.java:run(108)) - 277b5c5e-8c6f-4c9a-a53f-1bbc96404e12@group-569FAC3F8BCE-FollowerState: change to CANDIDATE, lastRpcTime:100ms, electionTimeout:100ms
2019-10-16 21:55:45,929 [Thread-2618] INFO  impl.RoleInfo (RoleInfo.java:shutdownFollowerState(121)) - 277b5c5e-8c6f-4c9a-a53f-1bbc96404e12: shutdown FollowerState
2019-10-16 21:55:45,929 [Thread-2618] INFO  impl.RaftServerImpl (RaftServerImpl.java:setRole(184)) - 277b5c5e-8c6f-4c9a-a53f-1bbc96404e12@group-569FAC3F8BCE: changes role from  FOLLOWER to CANDIDATE at term 392 for changeToCandidate
2019-10-16 21:55:45,929 [Thread-2618] INFO  impl.RoleInfo (RoleInfo.java:updateAndGet(143)) - 277b5c5e-8c6f-4c9a-a53f-1bbc96404e12: start LeaderElection
2019-10-16 21:55:45,943 [277b5c5e-8c6f-4c9a-a53f-1bbc96404e12@group-569FAC3F8BCE-LeaderElection378] INFO  impl.LeaderElection (LeaderElection.java:askForVotes(178)) - 277b5c5e-8c6f-4c9a-a53f-1bbc96404e12@group-569FAC3F8BCE-LeaderElection378: begin an election at term 393 for -1: [a32408a4-f19d-4bad-97c5-ba33ae94fc9a:192.168.157.254:38721, 6b24a2ab-97ee-4d49-85cc-2d76c2f4b8ef:192.168.157.254:41080, 277b5c5e-8c6f-4c9a-a53f-1bbc96404e12:192.168.157.254:41416], old=null
2019-10-16 21:55:45,944 [grpc-default-executor-1] INFO  impl.RaftServerImpl (RaftServerImpl.java:setRole(184)) - a32408a4-f19d-4bad-97c5-ba33ae94fc9a@group-569FAC3F8BCE: changes role from  FOLLOWER to FOLLOWER at term 393 for recognizeCandidate:277b5c5e-8c6f-4c9a-a53f-1bbc96404e12
2019-10-16 21:55:45,944 [grpc-default-executor-1] INFO  impl.RoleInfo (RoleInfo.java:shutdownFollowerState(121)) - a32408a4-f19d-4bad-97c5-ba33ae94fc9a: shutdown FollowerState
2019-10-16 21:55:45,944 [grpc-default-executor-0] INFO  impl.RaftServerImpl (RaftServerImpl.java:setRole(184)) - 6b24a2ab-97ee-4d49-85cc-2d76c2f4b8ef@group-569FAC3F8BCE: changes role from  FOLLOWER to FOLLOWER at term 393 for recognizeCandidate:277b5c5e-8c6f-4c9a-a53f-1bbc96404e12
2019-10-16 21:55:45,944 [Thread-2616] INFO  impl.FollowerState (FollowerState.java:run(117)) - a32408a4-f19d-4bad-97c5-ba33ae94fc9a@group-569FAC3F8BCE-FollowerState was interrupted: java.lang.InterruptedException: sleep interrupted
2019-10-16 21:55:45,944 [grpc-default-executor-1] INFO  impl.RoleInfo (RoleInfo.java:updateAndGet(143)) - a32408a4-f19d-4bad-97c5-ba33ae94fc9a: start FollowerState
2019-10-16 21:55:45,945 [grpc-default-executor-0] INFO  impl.RoleInfo (RoleInfo.java:shutdownFollowerState(121)) - 6b24a2ab-97ee-4d49-85cc-2d76c2f4b8ef: shutdown FollowerState
2019-10-16 21:55:45,945 [Thread-2617] INFO  impl.FollowerState (FollowerState.java:run(117)) - 6b24a2ab-97ee-4d49-85cc-2d76c2f4b8ef@group-569FAC3F8BCE-FollowerState was interrupted: java.lang.InterruptedException: sleep interrupted
2019-10-16 21:55:45,945 [grpc-default-executor-0] INFO  impl.RoleInfo (RoleInfo.java:updateAndGet(143)) - 6b24a2ab-97ee-4d49-85cc-2d76c2f4b8ef: start FollowerState
2019-10-16 21:55:45,947 [277b5c5e-8c6f-4c9a-a53f-1bbc96404e12@group-569FAC3F8BCE-LeaderElection378] INFO  impl.LeaderElection (LeaderElection.java:logAndReturn(56)) - 277b5c5e-8c6f-4c9a-a53f-1bbc96404e12@group-569FAC3F8BCE-LeaderElection378: Election TIMEOUT; received 0 response(s) [] and 0 exception(s); 277b5c5e-8c6f-4c9a-a53f-1bbc96404e12@group-569FAC3F8BCE:t393, leader=null, voted=277b5c5e-8c6f-4c9a-a53f-1bbc96404e12, raftlog=277b5c5e-8c6f-4c9a-a53f-1bbc96404e12@group-569FAC3F8BCE-SegmentedRaftLog:OPENED:c-1,f-1,i0, conf=-1: [a32408a4-f19d-4bad-97c5-ba33ae94fc9a:192.168.157.254:38721, 6b24a2ab-97ee-4d49-85cc-2d76c2f4b8ef:192.168.157.254:41080, 277b5c5e-8c6f-4c9a-a53f-1bbc96404e12:192.168.157.254:41416], old=null
2019-10-16 21:55:45,962 [277b5c5e-8c6f-4c9a-a53f-1bbc96404e12@group-569FAC3F8BCE-LeaderElection378] INFO  impl.LeaderElection (LeaderElection.java:askForVotes(178)) - 277b5c5e-8c6f-4c9a-a53f-1bbc96404e12@group-569FAC3F8BCE-LeaderElection378: begin an election at term 394 for -1: [a32408a4-f19d-4bad-97c5-ba33ae94fc9a:192.168.157.254:38721, 6b24a2ab-97ee-4d49-85cc-2d76c2f4b8ef:192.168.157.254:41080, 277b5c5e-8c6f-4c9a-a53f-1bbc96404e12:192.168.157.254:41416], old=null
2019-10-16 21:55:45,963 [grpc-default-executor-0] INFO  impl.RaftServerImpl (RaftServerImpl.java:setRole(184)) - 6b24a2ab-97ee-4d49-85cc-2d76c2f4b8ef@group-569FAC3F8BCE: changes role from  FOLLOWER to FOLLOWER at term 394 for recognizeCandidate:277b5c5e-8c6f-4c9a-a53f-1bbc96404e12
2019-10-16 21:55:45,963 [grpc-default-executor-0] INFO  impl.RoleInfo (RoleInfo.java:shutdownFollowerState(121)) - 6b24a2ab-97ee-4d49-85cc-2d76c2f4b8ef: shutdown FollowerState
2019-10-16 21:55:45,963 [grpc-default-executor-1] INFO  impl.RaftServerImpl (RaftServerImpl.java:setRole(184)) - a32408a4-f19d-4bad-97c5-ba33ae94fc9a@group-569FAC3F8BCE: changes role from  FOLLOWER to FOLLOWER at term 394 for recognizeCandidate:277b5c5e-8c6f-4c9a-a53f-1bbc96404e12
2019-10-16 21:55:45,963 [Thread-2623] INFO  impl.FollowerState (FollowerState.java:run(117)) - 6b24a2ab-97ee-4d49-85cc-2d76c2f4b8ef@group-569FAC3F8BCE-FollowerState was interrupted: java.lang.InterruptedException: sleep interrupted
2019-10-16 21:55:45,963 [grpc-default-executor-0] INFO  impl.RoleInfo (RoleInfo.java:updateAndGet(143)) - 6b24a2ab-97ee-4d49-85cc-2d76c2f4b8ef: start FollowerState
2019-10-16 21:55:45,964 [grpc-default-executor-1] INFO  impl.RoleInfo (RoleInfo.java:shutdownFollowerState(121)) - a32408a4-f19d-4bad-97c5-ba33ae94fc9a: shutdown FollowerState
2019-10-16 21:55:45,964 [grpc-default-executor-1] INFO  impl.RoleInfo (RoleInfo.java:updateAndGet(143)) - a32408a4-f19d-4bad-97c5-ba33ae94fc9a: start FollowerState
2019-10-16 21:55:45,964 [Thread-2622] INFO  impl.FollowerState (FollowerState.java:run(117)) - a32408a4-f19d-4bad-97c5-ba33ae94fc9a@group-569FAC3F8BCE-FollowerState was interrupted: java.lang.InterruptedException: sleep interrupted
2019-10-16 21:55:45,988 [277b5c5e-8c6f-4c9a-a53f-1bbc96404e12@group-569FAC3F8BCE-LeaderElection378] INFO  impl.LeaderElection (LeaderElection.java:logAndReturn(56)) - 277b5c5e-8c6f-4c9a-a53f-1bbc96404e12@group-569FAC3F8BCE-LeaderElection378: Election REJECTED; received 2 response(s) [277b5c5e-8c6f-4c9a-a53f-1bbc96404e12<-6b24a2ab-97ee-4d49-85cc-2d76c2f4b8ef#0:FAIL-t394, 277b5c5e-8c6f-4c9a-a53f-1bbc96404e12<-a32408a4-f19d-4bad-97c5-ba33ae94fc9a#0:FAIL-t394] and 0 exception(s); 277b5c5e-8c6f-4c9a-a53f-1bbc96404e12@group-569FAC3F8BCE:t394, leader=null, voted=277b5c5e-8c6f-4c9a-a53f-1bbc96404e12, raftlog=277b5c5e-8c6f-4c9a-a53f-1bbc96404e12@group-569FAC3F8BCE-SegmentedRaftLog:OPENED:c-1,f-1,i0, conf=-1: [a32408a4-f19d-4bad-97c5-ba33ae94fc9a:192.168.157.254:38721, 6b24a2ab-97ee-4d49-85cc-2d76c2f4b8ef:192.168.157.254:41080, 277b5c5e-8c6f-4c9a-a53f-1bbc96404e12:192.168.157.254:41416], old=null
2019-10-16 21:55:45,988 [277b5c5e-8c6f-4c9a-a53f-1bbc96404e12@group-569FAC3F8BCE-LeaderElection378] INFO  impl.RaftServerImpl (RaftServerImpl.java:setRole(184)) - 277b5c5e-8c6f-4c9a-a53f-1bbc96404e12@group-569FAC3F8BCE: changes role from CANDIDATE to FOLLOWER at term 394 for DISCOVERED_A_NEW_TERM
2019-10-16 21:55:45,988 [277b5c5e-8c6f-4c9a-a53f-1bbc96404e12@group-569FAC3F8BCE-LeaderElection378] INFO  impl.RoleInfo (RoleInfo.java:shutdownLeaderElection(134)) - 277b5c5e-8c6f-4c9a-a53f-1bbc96404e12: shutdown LeaderElection
2019-10-16 21:55:45,988 [277b5c5e-8c6f-4c9a-a53f-1bbc96404e12@group-569FAC3F8BCE-LeaderElection378] INFO  impl.RoleInfo (RoleInfo.java:updateAndGet(143)) - 277b5c5e-8c6f-4c9a-a53f-1bbc96404e12: start FollowerState
2019-10-16 21:55:46,063 [Thread-2628] INFO  impl.FollowerState (FollowerState.java:run(108)) - 277b5c5e-8c6f-4c9a-a53f-1bbc96404e12@group-569FAC3F8BCE-FollowerState: change to CANDIDATE, lastRpcTime:74ms, electionTimeout:74ms
2019-10-16 21:55:46,063 [Thread-2628] INFO  impl.RoleInfo (RoleInfo.java:shutdownFollowerState(121)) - 277b5c5e-8c6f-4c9a-a53f-1bbc96404e12: shutdown FollowerState
2019-10-16 21:55:46,063 [Thread-2628] INFO  impl.RaftServerImpl (RaftServerImpl.java:setRole(184)) - 277b5c5e-8c6f-4c9a-a53f-1bbc96404e12@group-569FAC3F8BCE: changes role from  FOLLOWER to CANDIDATE at term 394 for changeToCandidate
2019-10-16 21:55:46,063 [Thread-2628] INFO  impl.RoleInfo (RoleInfo.java:updateAndGet(143)) - 277b5c5e-8c6f-4c9a-a53f-1bbc96404e12: start LeaderElection
2019-10-16 21:55:46,078 [277b5c5e-8c6f-4c9a-a53f-1bbc96404e12@group-569FAC3F8BCE-LeaderElection379] INFO  impl.LeaderElection (LeaderElection.java:askForVotes(178)) - 277b5c5e-8c6f-4c9a-a53f-1bbc96404e12@group-569FAC3F8BCE-LeaderElection379: begin an election at term 395 for -1: [a32408a4-f19d-4bad-97c5-ba33ae94fc9a:192.168.157.254:38721, 6b24a2ab-97ee-4d49-85cc-2d76c2f4b8ef:192.168.157.254:41080, 277b5c5e-8c6f-4c9a-a53f-1bbc96404e12:192.168.157.254:41416], old=null
2019-10-16 21:55:46,080 [grpc-default-executor-1] INFO  impl.RaftServerImpl (RaftServerImpl.java:setRole(184)) - a32408a4-f19d-4bad-97c5-ba33ae94fc9a@group-569FAC3F8BCE: changes role from  FOLLOWER to FOLLOWER at term 395 for recognizeCandidate:277b5c5e-8c6f-4c9a-a53f-1bbc96404e12
2019-10-16 21:55:46,080 [grpc-default-executor-0] INFO  impl.RaftServerImpl (RaftServerImpl.java:setRole(184)) - 6b24a2ab-97ee-4d49-85cc-2d76c2f4b8ef@group-569FAC3F8BCE: changes role from  FOLLOWER to FOLLOWER at term 395 for recognizeCandidate:277b5c5e-8c6f-4c9a-a53f-1bbc96404e12
2019-10-16 21:55:46,080 [grpc-default-executor-0] INFO  impl.RoleInfo (RoleInfo.java:shutdownFollowerState(121)) - 6b24a2ab-97ee-4d49-85cc-2d76c2f4b8ef: shutdown FollowerState
2019-10-16 21:55:46,080 [grpc-default-executor-1] INFO  impl.RoleInfo (RoleInfo.java:shutdownFollowerState(121)) - a32408a4-f19d-4bad-97c5-ba33ae94fc9a: shutdown FollowerState
2019-10-16 21:55:46,080 [Thread-2626] INFO  impl.FollowerState (FollowerState.java:run(117)) - 6b24a2ab-97ee-4d49-85cc-2d76c2f4b8ef@group-569FAC3F8BCE-FollowerState was interrupted: java.lang.InterruptedException: sleep interrupted
2019-10-16 21:55:46,080 [grpc-default-executor-0] INFO  impl.RoleInfo (RoleInfo.java:updateAndGet(143)) - 6b24a2ab-97ee-4d49-85cc-2d76c2f4b8ef: start FollowerState
2019-10-16 21:55:46,080 [Thread-2627] INFO  impl.FollowerState (FollowerState.java:run(117)) - a32408a4-f19d-4bad-97c5-ba33ae94fc9a@group-569FAC3F8BCE-FollowerState was interrupted: java.lang.InterruptedException: sleep interrupted
2019-10-16 21:55:46,080 [grpc-default-executor-1] INFO  impl.RoleInfo (RoleInfo.java:updateAndGet(143)) - a32408a4-f19d-4bad-97c5-ba33ae94fc9a: start FollowerState
2019-10-16 21:55:46,106 [277b5c5e-8c6f-4c9a-a53f-1bbc96404e12@group-569FAC3F8BCE-LeaderElection379] INFO  impl.LeaderElection (LeaderElection.java:logAndReturn(56)) - 277b5c5e-8c6f-4c9a-a53f-1bbc96404e12@group-569FAC3F8BCE-LeaderElection379: Election REJECTED; received 2 response(s) [277b5c5e-8c6f-4c9a-a53f-1bbc96404e12<-6b24a2ab-97ee-4d49-85cc-2d76c2f4b8ef#0:FAIL-t395, 277b5c5e-8c6f-4c9a-a53f-1bbc96404e12<-a32408a4-f19d-4bad-97c5-ba33ae94fc9a#0:FAIL-t395] and 0 exception(s); 277b5c5e-8c6f-4c9a-a53f-1bbc96404e12@group-569FAC3F8BCE:t395, leader=null, voted=277b5c5e-8c6f-4c9a-a53f-1bbc96404e12, raftlog=277b5c5e-8c6f-4c9a-a53f-1bbc96404e12@group-569FAC3F8BCE-SegmentedRaftLog:OPENED:c-1,f-1,i0, conf=-1: [a32408a4-f19d-4bad-97c5-ba33ae94fc9a:192.168.157.254:38721, 6b24a2ab-97ee-4d49-85cc-2d76c2f4b8ef:192.168.157.254:41080, 277b5c5e-8c6f-4c9a-a53f-1bbc96404e12:192.168.157.254:41416], old=null
2019-10-16 21:55:46,106 [277b5c5e-8c6f-4c9a-a53f-1bbc96404e12@group-569FAC3F8BCE-LeaderElection379] INFO  impl.RaftServerImpl (RaftServerImpl.java:setRole(184)) - 277b5c5e-8c6f-4c9a-a53f-1bbc96404e12@group-569FAC3F8BCE: changes role from CANDIDATE to FOLLOWER at term 395 for DISCOVERED_A_NEW_TERM
2019-10-16 21:55:46,107 [277b5c5e-8c6f-4c9a-a53f-1bbc96404e12@group-569FAC3F8BCE-LeaderElection379] INFO  impl.RoleInfo (RoleInfo.java:shutdownLeaderElection(134)) - 277b5c5e-8c6f-4c9a-a53f-1bbc96404e12: shutdown LeaderElection
2019-10-16 21:55:46,107 [277b5c5e-8c6f-4c9a-a53f-1bbc96404e12@group-569FAC3F8BCE-LeaderElection379] INFO  impl.RoleInfo (RoleInfo.java:updateAndGet(143)) - 277b5c5e-8c6f-4c9a-a53f-1bbc96404e12: start FollowerState
2019-10-16 21:55:46,116 [Thread-2634] INFO  impl.FollowerState (FollowerState.java:run(108)) - 277b5c5e-8c6f-4c9a-a53f-1bbc96404e12@group-569FAC3F8BCE-FollowerState: change to CANDIDATE, lastRpcTime:9ms, electionTimeout:9ms
2019-10-16 21:55:46,116 [Thread-2634] INFO  impl.RoleInfo (RoleInfo.java:shutdownFollowerState(121)) - 277b5c5e-8c6f-4c9a-a53f-1bbc96404e12: shutdown FollowerState
2019-10-16 21:55:46,116 [Thread-2634] INFO  impl.RaftServerImpl (RaftServerImpl.java:setRole(184)) - 277b5c5e-8c6f-4c9a-a53f-1bbc96404e12@group-569FAC3F8BCE: changes role from  FOLLOWER to CANDIDATE at term 395 for changeToCandidate
2019-10-16 21:55:46,116 [Thread-2634] INFO  impl.RoleInfo (RoleInfo.java:updateAndGet(143)) - 277b5c5e-8c6f-4c9a-a53f-1bbc96404e12: start LeaderElection
2019-10-16 21:55:46,126 [277b5c5e-8c6f-4c9a-a53f-1bbc96404e12@group-569FAC3F8BCE-LeaderElection380] INFO  impl.LeaderElection (LeaderElection.java:askForVotes(178)) - 277b5c5e-8c6f-4c9a-a53f-1bbc96404e12@group-569FAC3F8BCE-LeaderElection380: begin an election at term 396 for -1: [a32408a4-f19d-4bad-97c5-ba33ae94fc9a:192.168.157.254:38721, 6b24a2ab-97ee-4d49-85cc-2d76c2f4b8ef:192.168.157.254:41080, 277b5c5e-8c6f-4c9a-a53f-1bbc96404e12:192.168.157.254:41416], old=null
2019-10-16 21:55:46,127 [grpc-default-executor-0] INFO  impl.RaftServerImpl (RaftServerImpl.java:setRole(184)) - a32408a4-f19d-4bad-97c5-ba33ae94fc9a@group-569FAC3F8BCE: changes role from  FOLLOWER to FOLLOWER at term 396 for recognizeCandidate:277b5c5e-8c6f-4c9a-a53f-1bbc96404e12
2019-10-16 21:55:46,127 [grpc-default-executor-0] INFO  impl.RoleInfo (RoleInfo.java:shutdownFollowerState(121)) - a32408a4-f19d-4bad-97c5-ba33ae94fc9a: shutdown FollowerState
2019-10-16 21:55:46,127 [grpc-default-executor-0] INFO  impl.RoleInfo (RoleInfo.java:updateAndGet(143)) - a32408a4-f19d-4bad-97c5-ba33ae94fc9a: start FollowerState
2019-10-16 21:55:46,127 [Thread-2633] INFO  impl.FollowerState (FollowerState.java:run(117)) - a32408a4-f19d-4bad-97c5-ba33ae94fc9a@group-569FAC3F8BCE-FollowerState was interrupted: java.lang.InterruptedException: sleep interrupted
2019-10-16 21:55:46,127 [grpc-default-executor-1] INFO  impl.RaftServerImpl (RaftServerImpl.java:setRole(184)) - 6b24a2ab-97ee-4d49-85cc-2d76c2f4b8ef@group-569FAC3F8BCE: changes role from  FOLLOWER to FOLLOWER at term 396 for recognizeCandidate:277b5c5e-8c6f-4c9a-a53f-1bbc96404e12
2019-10-16 21:55:46,128 [grpc-default-executor-1] INFO  impl.RoleInfo (RoleInfo.java:shutdownFollowerState(121)) - 6b24a2ab-97ee-4d49-85cc-2d76c2f4b8ef: shutdown FollowerState
2019-10-16 21:55:46,128 [grpc-default-executor-1] INFO  impl.RoleInfo (RoleInfo.java:updateAndGet(143)) - 6b24a2ab-97ee-4d49-85cc-2d76c2f4b8ef: start FollowerState
2019-10-16 21:55:46,128 [Thread-2632] INFO  impl.FollowerState (FollowerState.java:run(117)) - 6b24a2ab-97ee-4d49-85cc-2d76c2f4b8ef@group-569FAC3F8BCE-FollowerState was interrupted: java.lang.InterruptedException: sleep interrupted
2019-10-16 21:55:46,142 [277b5c5e-8c6f-4c9a-a53f-1bbc96404e12@group-569FAC3F8BCE-LeaderElection380] INFO  impl.LeaderElection (LeaderElection.java:logAndReturn(56)) - 277b5c5e-8c6f-4c9a-a53f-1bbc96404e12@group-569FAC3F8BCE-LeaderElection380: Election REJECTED; received 2 response(s) [277b5c5e-8c6f-4c9a-a53f-1bbc96404e12<-a32408a4-f19d-4bad-97c5-ba33ae94fc9a#0:FAIL-t396, 277b5c5e-8c6f-4c9a-a53f-1bbc96404e12<-6b24a2ab-97ee-4d49-85cc-2d76c2f4b8ef#0:FAIL-t396] and 0 exception(s); 277b5c5e-8c6f-4c9a-a53f-1bbc96404e12@group-569FAC3F8BCE:t396, leader=null, voted=277b5c5e-8c6f-4c9a-a53f-1bbc96404e12, raftlog=277b5c5e-8c6f-4c9a-a53f-1bbc96404e12@group-569FAC3F8BCE-SegmentedRaftLog:OPENED:c-1,f-1,i0, conf=-1: [a32408a4-f19d-4bad-97c5-ba33ae94fc9a:192.168.157.254:38721, 6b24a2ab-97ee-4d49-85cc-2d76c2f4b8ef:192.168.157.254:41080, 277b5c5e-8c6f-4c9a-a53f-1bbc96404e12:192.168.157.254:41416], old=null
2019-10-16 21:55:46,142 [277b5c5e-8c6f-4c9a-a53f-1bbc96404e12@group-569FAC3F8BCE-LeaderElection380] INFO  impl.RaftServerImpl (RaftServerImpl.java:setRole(184)) - 277b5c5e-8c6f-4c9a-a53f-1bbc96404e12@group-569FAC3F8BCE: changes role from CANDIDATE to FOLLOWER at term 396 for DISCOVERED_A_NEW_TERM
2019-10-16 21:55:46,142 [277b5c5e-8c6f-4c9a-a53f-1bbc96404e12@group-569FAC3F8BCE-LeaderElection380] INFO  impl.RoleInfo (RoleInfo.java:shutdownLeaderElection(134)) - 277b5c5e-8c6f-4c9a-a53f-1bbc96404e12: shutdown LeaderElection
2019-10-16 21:55:46,142 [277b5c5e-8c6f-4c9a-a53f-1bbc96404e12@group-569FAC3F8BCE-LeaderElection380] INFO  impl.RoleInfo (RoleInfo.java:updateAndGet(143)) - 277b5c5e-8c6f-4c9a-a53f-1bbc96404e12: start FollowerState
2019-10-16 21:55:46,162 [Thread-2640] INFO  impl.FollowerState (FollowerState.java:run(108)) - 277b5c5e-8c6f-4c9a-a53f-1bbc96404e12@group-569FAC3F8BCE-FollowerState: change to CANDIDATE, lastRpcTime:19ms, electionTimeout:19ms
2019-10-16 21:55:46,162 [Thread-2640] INFO  impl.RoleInfo (RoleInfo.java:shutdownFollowerState(121)) - 277b5c5e-8c6f-4c9a-a53f-1bbc96404e12: shutdown FollowerState
2019-10-16 21:55:46,162 [Thread-2640] INFO  impl.RaftServerImpl (RaftServerImpl.java:setRole(184)) - 277b5c5e-8c6f-4c9a-a53f-1bbc96404e12@group-569FAC3F8BCE: changes role from  FOLLOWER to CANDIDATE at term 396 for changeToCandidate
2019-10-16 21:55:46,162 [Thread-2640] INFO  impl.RoleInfo (RoleInfo.java:updateAndGet(143)) - 277b5c5e-8c6f-4c9a-a53f-1bbc96404e12: start LeaderElection
2019-10-16 21:55:46,187 [277b5c5e-8c6f-4c9a-a53f-1bbc96404e12@group-569FAC3F8BCE-LeaderElection381] INFO  impl.LeaderElection (LeaderElection.java:askForVotes(178)) - 277b5c5e-8c6f-4c9a-a53f-1bbc96404e12@group-569FAC3F8BCE-LeaderElection381: begin an election at term 397 for -1: [a32408a4-f19d-4bad-97c5-ba33ae94fc9a:192.168.157.254:38721, 6b24a2ab-97ee-4d49-85cc-2d76c2f4b8ef:192.168.157.254:41080, 277b5c5e-8c6f-4c9a-a53f-1bbc96404e12:192.168.157.254:41416], old=null
2019-10-16 21:55:46,189 [grpc-default-executor-1] INFO  impl.RaftServerImpl (RaftServerImpl.java:setRole(184)) - a32408a4-f19d-4bad-97c5-ba33ae94fc9a@group-569FAC3F8BCE: changes role from  FOLLOWER to FOLLOWER at term 397 for recognizeCandidate:277b5c5e-8c6f-4c9a-a53f-1bbc96404e12
2019-10-16 21:55:46,189 [grpc-default-executor-1] INFO  impl.RoleInfo (RoleInfo.java:shutdownFollowerState(121)) - a32408a4-f19d-4bad-97c5-ba33ae94fc9a: shutdown FollowerState
2019-10-16 21:55:46,189 [grpc-default-executor-0] INFO  impl.RaftServerImpl (RaftServerImpl.java:setRole(184)) - 6b24a2ab-97ee-4d49-85cc-2d76c2f4b8ef@group-569FAC3F8BCE: changes role from  FOLLOWER to FOLLOWER at term 397 for recognizeCandidate:277b5c5e-8c6f-4c9a-a53f-1bbc96404e12
2019-10-16 21:55:46,189 [grpc-default-executor-0] INFO  impl.RoleInfo (RoleInfo.java:shutdownFollowerState(121)) - 6b24a2ab-97ee-4d49-85cc-2d76c2f4b8ef: shutdown FollowerState
2019-10-16 21:55:46,189 [Thread-2638] INFO  impl.FollowerState (FollowerState.java:run(117)) - a32408a4-f19d-4bad-97c5-ba33ae94fc9a@group-569FAC3F8BCE-FollowerState was interrupted: java.lang.InterruptedException: sleep interrupted
2019-10-16 21:55:46,189 [grpc-default-executor-1] INFO  impl.RoleInfo (RoleInfo.java:updateAndGet(143)) - a32408a4-f19d-4bad-97c5-ba33ae94fc9a: start FollowerState
2019-10-16 21:55:46,189 [Thread-2639] INFO  impl.FollowerState (FollowerState.java:run(117)) - 6b24a2ab-97ee-4d49-85cc-2d76c2f4b8ef@group-569FAC3F8BCE-FollowerState was interrupted: java.lang.InterruptedException: sleep interrupted
2019-10-16 21:55:46,189 [grpc-default-executor-0] INFO  impl.RoleInfo (RoleInfo.java:updateAndGet(143)) - 6b24a2ab-97ee-4d49-85cc-2d76c2f4b8ef: start FollowerState
2019-10-16 21:55:46,206 [277b5c5e-8c6f-4c9a-a53f-1bbc96404e12@group-569FAC3F8BCE-LeaderElection381] INFO  impl.LeaderElection (LeaderElection.java:logAndReturn(56)) - 277b5c5e-8c6f-4c9a-a53f-1bbc96404e12@group-569FAC3F8BCE-LeaderElection381: Election REJECTED; received 2 response(s) [277b5c5e-8c6f-4c9a-a53f-1bbc96404e12<-6b24a2ab-97ee-4d49-85cc-2d76c2f4b8ef#0:FAIL-t397, 277b5c5e-8c6f-4c9a-a53f-1bbc96404e12<-a32408a4-f19d-4bad-97c5-ba33ae94fc9a#0:FAIL-t397] and 0 exception(s); 277b5c5e-8c6f-4c9a-a53f-1bbc96404e12@group-569FAC3F8BCE:t397, leader=null, voted=277b5c5e-8c6f-4c9a-a53f-1bbc96404e12, raftlog=277b5c5e-8c6f-4c9a-a53f-1bbc96404e12@group-569FAC3F8BCE-SegmentedRaftLog:OPENED:c-1,f-1,i0, conf=-1: [a32408a4-f19d-4bad-97c5-ba33ae94fc9a:192.168.157.254:38721, 6b24a2ab-97ee-4d49-85cc-2d76c2f4b8ef:192.168.157.254:41080, 277b5c5e-8c6f-4c9a-a53f-1bbc96404e12:192.168.157.254:41416], old=null
2019-10-16 21:55:46,206 [277b5c5e-8c6f-4c9a-a53f-1bbc96404e12@group-569FAC3F8BCE-LeaderElection381] INFO  impl.RaftServerImpl (RaftServerImpl.java:setRole(184)) - 277b5c5e-8c6f-4c9a-a53f-1bbc96404e12@group-569FAC3F8BCE: changes role from CANDIDATE to FOLLOWER at term 397 for DISCOVERED_A_NEW_TERM
2019-10-16 21:55:46,206 [277b5c5e-8c6f-4c9a-a53f-1bbc96404e12@group-569FAC3F8BCE-LeaderElection381] INFO  impl.RoleInfo (RoleInfo.java:shutdownLeaderElection(134)) - 277b5c5e-8c6f-4c9a-a53f-1bbc96404e12: shutdown LeaderElection
2019-10-16 21:55:46,206 [277b5c5e-8c6f-4c9a-a53f-1bbc96404e12@group-569FAC3F8BCE-LeaderElection381] INFO  impl.RoleInfo (RoleInfo.java:updateAndGet(143)) - 277b5c5e-8c6f-4c9a-a53f-1bbc96404e12: start FollowerState
2019-10-16 21:55:46,335 [Thread-2646] INFO  impl.FollowerState (FollowerState.java:run(108)) - 277b5c5e-8c6f-4c9a-a53f-1bbc96404e12@group-569FAC3F8BCE-FollowerState: change to CANDIDATE, lastRpcTime:128ms, electionTimeout:128ms
2019-10-16 21:55:46,335 [Thread-2646] INFO  impl.RoleInfo (RoleInfo.java:shutdownFollowerState(121)) - 277b5c5e-8c6f-4c9a-a53f-1bbc96404e12: shutdown FollowerState
2019-10-16 21:55:46,335 [Thread-2646] INFO  impl.RaftServerImpl (RaftServerImpl.java:setRole(184)) - 277b5c5e-8c6f-4c9a-a53f-1bbc96404e12@group-569FAC3F8BCE: changes role from  FOLLOWER to CANDIDATE at term 397 for changeToCandidate
2019-10-16 21:55:46,335 [Thread-2646] INFO  impl.RoleInfo (RoleInfo.java:updateAndGet(143)) - 277b5c5e-8c6f-4c9a-a53f-1bbc96404e12: start LeaderElection
2019-10-16 21:55:46,349 [277b5c5e-8c6f-4c9a-a53f-1bbc96404e12@group-569FAC3F8BCE-LeaderElection382] INFO  impl.LeaderElection (LeaderElection.java:askForVotes(178)) - 277b5c5e-8c6f-4c9a-a53f-1bbc96404e12@group-569FAC3F8BCE-LeaderElection382: begin an election at term 398 for -1: [a32408a4-f19d-4bad-97c5-ba33ae94fc9a:192.168.157.254:38721, 6b24a2ab-97ee-4d49-85cc-2d76c2f4b8ef:192.168.157.254:41080, 277b5c5e-8c6f-4c9a-a53f-1bbc96404e12:192.168.157.254:41416], old=null
2019-10-16 21:55:46,351 [grpc-default-executor-1] INFO  impl.RaftServerImpl (RaftServerImpl.java:setRole(184)) - 6b24a2ab-97ee-4d49-85cc-2d76c2f4b8ef@group-569FAC3F8BCE: changes role from  FOLLOWER to FOLLOWER at term 398 for recognizeCandidate:277b5c5e-8c6f-4c9a-a53f-1bbc96404e12
2019-10-16 21:55:46,351 [grpc-default-executor-0] INFO  impl.RaftServerImpl (RaftServerImpl.java:setRole(184)) - a32408a4-f19d-4bad-97c5-ba33ae94fc9a@group-569FAC3F8BCE: changes role from  FOLLOWER to FOLLOWER at term 398 for recognizeCandidate:277b5c5e-8c6f-4c9a-a53f-1bbc96404e12
2019-10-16 21:55:46,351 [grpc-default-executor-1] INFO  impl.RoleInfo (RoleInfo.java:shutdownFollowerState(121)) - 6b24a2ab-97ee-4d49-85cc-2d76c2f4b8ef: shutdown FollowerState
2019-10-16 21:55:46,351 [grpc-default-executor-0] INFO  impl.RoleInfo (RoleInfo.java:shutdownFollowerState(121)) - a32408a4-f19d-4bad-97c5-ba33ae94fc9a: shutdown FollowerState
2019-10-16 21:55:46,352 [Thread-2644] INFO  impl.FollowerState (FollowerState.java:run(117)) - a32408a4-f19d-4bad-97c5-ba33ae94fc9a@group-569FAC3F8BCE-FollowerState was interrupted: java.lang.InterruptedException: sleep interrupted
2019-10-16 21:55:46,352 [Thread-2645] INFO  impl.FollowerState (FollowerState.java:run(117)) - 6b24a2ab-97ee-4d49-85cc-2d76c2f4b8ef@group-569FAC3F8BCE-FollowerState was interrupted: java.lang.InterruptedException: sleep interrupted
2019-10-16 21:55:46,352 [grpc-default-executor-1] INFO  impl.RoleInfo (RoleInfo.java:updateAndGet(143)) - 6b24a2ab-97ee-4d49-85cc-2d76c2f4b8ef: start FollowerState
2019-10-16 21:55:46,352 [grpc-default-executor-0] INFO  impl.RoleInfo (RoleInfo.java:updateAndGet(143)) - a32408a4-f19d-4bad-97c5-ba33ae94fc9a: start FollowerState
2019-10-16 21:55:46,367 [277b5c5e-8c6f-4c9a-a53f-1bbc96404e12@group-569FAC3F8BCE-LeaderElection382] INFO  impl.LeaderElection (LeaderElection.java:logAndReturn(56)) - 277b5c5e-8c6f-4c9a-a53f-1bbc96404e12@group-569FAC3F8BCE-LeaderElection382: Election REJECTED; received 2 response(s) [277b5c5e-8c6f-4c9a-a53f-1bbc96404e12<-6b24a2ab-97ee-4d49-85cc-2d76c2f4b8ef#0:FAIL-t398, 277b5c5e-8c6f-4c9a-a53f-1bbc96404e12<-a32408a4-f19d-4bad-97c5-ba33ae94fc9a#0:FAIL-t398] and 0 exception(s); 277b5c5e-8c6f-4c9a-a53f-1bbc96404e12@group-569FAC3F8BCE:t398, leader=null, voted=277b5c5e-8c6f-4c9a-a53f-1bbc96404e12, raftlog=277b5c5e-8c6f-4c9a-a53f-1bbc96404e12@group-569FAC3F8BCE-SegmentedRaftLog:OPENED:c-1,f-1,i0, conf=-1: [a32408a4-f19d-4bad-97c5-ba33ae94fc9a:192.168.157.254:38721, 6b24a2ab-97ee-4d49-85cc-2d76c2f4b8ef:192.168.157.254:41080, 277b5c5e-8c6f-4c9a-a53f-1bbc96404e12:192.168.157.254:41416], old=null
2019-10-16 21:55:46,367 [277b5c5e-8c6f-4c9a-a53f-1bbc96404e12@group-569FAC3F8BCE-LeaderElection382] INFO  impl.RaftServerImpl (RaftServerImpl.java:setRole(184)) - 277b5c5e-8c6f-4c9a-a53f-1bbc96404e12@group-569FAC3F8BCE: changes role from CANDIDATE to FOLLOWER at term 398 for DISCOVERED_A_NEW_TERM
2019-10-16 21:55:46,367 [277b5c5e-8c6f-4c9a-a53f-1bbc96404e12@group-569FAC3F8BCE-LeaderElection382] INFO  impl.RoleInfo (RoleInfo.java:shutdownLeaderElection(134)) - 277b5c5e-8c6f-4c9a-a53f-1bbc96404e12: shutdown LeaderElection
2019-10-16 21:55:46,367 [277b5c5e-8c6f-4c9a-a53f-1bbc96404e12@group-569FAC3F8BCE-LeaderElection382] INFO  impl.RoleInfo (RoleInfo.java:updateAndGet(143)) - 277b5c5e-8c6f-4c9a-a53f-1bbc96404e12: start FollowerState
2019-10-16 21:55:46,543 [Thread-2652] INFO  impl.FollowerState (FollowerState.java:run(108)) - 277b5c5e-8c6f-4c9a-a53f-1bbc96404e12@group-569FAC3F8BCE-FollowerState: change to CANDIDATE, lastRpcTime:176ms, electionTimeout:176ms
2019-10-16 21:55:46,543 [Thread-2652] INFO  impl.RoleInfo (RoleInfo.java:shutdownFollowerState(121)) - 277b5c5e-8c6f-4c9a-a53f-1bbc96404e12: shutdown FollowerState
2019-10-16 21:55:46,544 [Thread-2652] INFO  impl.RaftServerImpl (RaftServerImpl.java:setRole(184)) - 277b5c5e-8c6f-4c9a-a53f-1bbc96404e12@group-569FAC3F8BCE: changes role from  FOLLOWER to CANDIDATE at term 398 for changeToCandidate
2019-10-16 21:55:46,544 [Thread-2652] INFO  impl.RoleInfo (RoleInfo.java:updateAndGet(143)) - 277b5c5e-8c6f-4c9a-a53f-1bbc96404e12: start LeaderElection
2019-10-16 21:55:46,548 [277b5c5e-8c6f-4c9a-a53f-1bbc96404e12@group-569FAC3F8BCE-LeaderElection383] INFO  impl.LeaderElection (LeaderElection.java:askForVotes(178)) - 277b5c5e-8c6f-4c9a-a53f-1bbc96404e12@group-569FAC3F8BCE-LeaderElection383: begin an election at term 399 for -1: [a32408a4-f19d-4bad-97c5-ba33ae94fc9a:192.168.157.254:38721, 6b24a2ab-97ee-4d49-85cc-2d76c2f4b8ef:192.168.157.254:41080, 277b5c5e-8c6f-4c9a-a53f-1bbc96404e12:192.168.157.254:41416], old=null
2019-10-16 21:55:46,550 [grpc-default-executor-0] INFO  impl.RaftServerImpl (RaftServerImpl.java:setRole(184)) - a32408a4-f19d-4bad-97c5-ba33ae94fc9a@group-569FAC3F8BCE: changes role from  FOLLOWER to FOLLOWER at term 399 for recognizeCandidate:277b5c5e-8c6f-4c9a-a53f-1bbc96404e12
2019-10-16 21:55:46,550 [grpc-default-executor-1] INFO  impl.RaftServerImpl (RaftServerImpl.java:setRole(184)) - 6b24a2ab-97ee-4d49-85cc-2d76c2f4b8ef@group-569FAC3F8BCE: changes role from  FOLLOWER to FOLLOWER at term 399 for recognizeCandidate:277b5c5e-8c6f-4c9a-a53f-1bbc96404e12
2019-10-16 21:55:46,550 [grpc-default-executor-0] INFO  impl.RoleInfo (RoleInfo.java:shutdownFollowerState(121)) - a32408a4-f19d-4bad-97c5-ba33ae94fc9a: shutdown FollowerState
2019-10-16 21:55:46,550 [grpc-default-executor-1] INFO  impl.RoleInfo (RoleInfo.java:shutdownFollowerState(121)) - 6b24a2ab-97ee-4d49-85cc-2d76c2f4b8ef: shutdown FollowerState
2019-10-16 21:55:46,550 [Thread-2651] INFO  impl.FollowerState (FollowerState.java:run(117)) - a32408a4-f19d-4bad-97c5-ba33ae94fc9a@group-569FAC3F8BCE-FollowerState was interrupted: java.lang.InterruptedException: sleep interrupted
2019-10-16 21:55:46,550 [grpc-default-executor-0] INFO  impl.RoleInfo (RoleInfo.java:updateAndGet(143)) - a32408a4-f19d-4bad-97c5-ba33ae94fc9a: start FollowerState
2019-10-16 21:55:46,551 [grpc-default-executor-1] INFO  impl.RoleInfo (RoleInfo.java:updateAndGet(143)) - 6b24a2ab-97ee-4d49-85cc-2d76c2f4b8ef: start FollowerState
2019-10-16 21:55:46,551 [Thread-2650] INFO  impl.FollowerState (FollowerState.java:run(117)) - 6b24a2ab-97ee-4d49-85cc-2d76c2f4b8ef@group-569FAC3F8BCE-FollowerState was interrupted: java.lang.InterruptedException: sleep interrupted
2019-10-16 21:55:46,577 [277b5c5e-8c6f-4c9a-a53f-1bbc96404e12@group-569FAC3F8BCE-LeaderElection383] INFO  impl.LeaderElection (LeaderElection.java:logAndReturn(56)) - 277b5c5e-8c6f-4c9a-a53f-1bbc96404e12@group-569FAC3F8BCE-LeaderElection383: Election REJECTED; received 2 response(s) [277b5c5e-8c6f-4c9a-a53f-1bbc96404e12<-a32408a4-f19d-4bad-97c5-ba33ae94fc9a#0:FAIL-t399, 277b5c5e-8c6f-4c9a-a53f-1bbc96404e12<-6b24a2ab-97ee-4d49-85cc-2d76c2f4b8ef#0:FAIL-t399] and 0 exception(s); 277b5c5e-8c6f-4c9a-a53f-1bbc96404e12@group-569FAC3F8BCE:t399, leader=null, voted=277b5c5e-8c6f-4c9a-a53f-1bbc96404e12, raftlog=277b5c5e-8c6f-4c9a-a53f-1bbc96404e12@group-569FAC3F8BCE-SegmentedRaftLog:OPENED:c-1,f-1,i0, conf=-1: [a32408a4-f19d-4bad-97c5-ba33ae94fc9a:192.168.157.254:38721, 6b24a2ab-97ee-4d49-85cc-2d76c2f4b8ef:192.168.157.254:41080, 277b5c5e-8c6f-4c9a-a53f-1bbc96404e12:192.168.157.254:41416], old=null
2019-10-16 21:55:46,577 [277b5c5e-8c6f-4c9a-a53f-1bbc96404e12@group-569FAC3F8BCE-LeaderElection383] INFO  impl.RaftServerImpl (RaftServerImpl.java:setRole(184)) - 277b5c5e-8c6f-4c9a-a53f-1bbc96404e12@group-569FAC3F8BCE: changes role from CANDIDATE to FOLLOWER at term 399 for DISCOVERED_A_NEW_TERM
2019-10-16 21:55:46,577 [277b5c5e-8c6f-4c9a-a53f-1bbc96404e12@group-569FAC3F8BCE-LeaderElection383] INFO  impl.RoleInfo (RoleInfo.java:shutdownLeaderElection(134)) - 277b5c5e-8c6f-4c9a-a53f-1bbc96404e12: shutdown LeaderElection
2019-10-16 21:55:46,577 [277b5c5e-8c6f-4c9a-a53f-1bbc96404e12@group-569FAC3F8BCE-LeaderElection383] INFO  impl.RoleInfo (RoleInfo.java:updateAndGet(143)) - 277b5c5e-8c6f-4c9a-a53f-1bbc96404e12: start FollowerState
2019-10-16 21:55:46,647 [Thread-0] INFO  ozone.MiniOzoneClusterImpl (MiniOzoneClusterImpl.java:lambda$waitForClusterToBeReady$2(164)) - Waiting for 1 number of pipelines out of 4, to report a leader.
2019-10-16 21:55:46,711 [Thread-2658] INFO  impl.FollowerState (FollowerState.java:run(108)) - 277b5c5e-8c6f-4c9a-a53f-1bbc96404e12@group-569FAC3F8BCE-FollowerState: change to CANDIDATE, lastRpcTime:133ms, electionTimeout:133ms
2019-10-16 21:55:46,711 [Thread-2658] INFO  impl.RoleInfo (RoleInfo.java:shutdownFollowerState(121)) - 277b5c5e-8c6f-4c9a-a53f-1bbc96404e12: shutdown FollowerState
2019-10-16 21:55:46,711 [Thread-2658] INFO  impl.RaftServerImpl (RaftServerImpl.java:setRole(184)) - 277b5c5e-8c6f-4c9a-a53f-1bbc96404e12@group-569FAC3F8BCE: changes role from  FOLLOWER to CANDIDATE at term 399 for changeToCandidate
2019-10-16 21:55:46,711 [Thread-2658] INFO  impl.RoleInfo (RoleInfo.java:updateAndGet(143)) - 277b5c5e-8c6f-4c9a-a53f-1bbc96404e12: start LeaderElection
2019-10-16 21:55:46,737 [277b5c5e-8c6f-4c9a-a53f-1bbc96404e12@group-569FAC3F8BCE-LeaderElection384] INFO  impl.LeaderElection (LeaderElection.java:askForVotes(178)) - 277b5c5e-8c6f-4c9a-a53f-1bbc96404e12@group-569FAC3F8BCE-LeaderElection384: begin an election at term 400 for -1: [a32408a4-f19d-4bad-97c5-ba33ae94fc9a:192.168.157.254:38721, 6b24a2ab-97ee-4d49-85cc-2d76c2f4b8ef:192.168.157.254:41080, 277b5c5e-8c6f-4c9a-a53f-1bbc96404e12:192.168.157.254:41416], old=null
2019-10-16 21:55:46,739 [grpc-default-executor-0] INFO  impl.RaftServerImpl (RaftServerImpl.java:setRole(184)) - 6b24a2ab-97ee-4d49-85cc-2d76c2f4b8ef@group-569FAC3F8BCE: changes role from  FOLLOWER to FOLLOWER at term 400 for recognizeCandidate:277b5c5e-8c6f-4c9a-a53f-1bbc96404e12
2019-10-16 21:55:46,739 [grpc-default-executor-1] INFO  impl.RaftServerImpl (RaftServerImpl.java:setRole(184)) - a32408a4-f19d-4bad-97c5-ba33ae94fc9a@group-569FAC3F8BCE: changes role from  FOLLOWER to FOLLOWER at term 400 for recognizeCandidate:277b5c5e-8c6f-4c9a-a53f-1bbc96404e12
2019-10-16 21:55:46,739 [grpc-default-executor-1] INFO  impl.RoleInfo (RoleInfo.java:shutdownFollowerState(121)) - a32408a4-f19d-4bad-97c5-ba33ae94fc9a: shutdown FollowerState
2019-10-16 21:55:46,739 [grpc-default-executor-0] INFO  impl.RoleInfo (RoleInfo.java:shutdownFollowerState(121)) - 6b24a2ab-97ee-4d49-85cc-2d76c2f4b8ef: shutdown FollowerState
2019-10-16 21:55:46,739 [grpc-default-executor-1] INFO  impl.RoleInfo (RoleInfo.java:updateAndGet(143)) - a32408a4-f19d-4bad-97c5-ba33ae94fc9a: start FollowerState
2019-10-16 21:55:46,739 [Thread-2656] INFO  impl.FollowerState (FollowerState.java:run(117)) - a32408a4-f19d-4bad-97c5-ba33ae94fc9a@group-569FAC3F8BCE-FollowerState was interrupted: java.lang.InterruptedException: sleep interrupted
2019-10-16 21:55:46,739 [grpc-default-executor-0] INFO  impl.RoleInfo (RoleInfo.java:updateAndGet(143)) - 6b24a2ab-97ee-4d49-85cc-2d76c2f4b8ef: start FollowerState
2019-10-16 21:55:46,739 [Thread-2657] INFO  impl.FollowerState (FollowerState.java:run(117)) - 6b24a2ab-97ee-4d49-85cc-2d76c2f4b8ef@group-569FAC3F8BCE-FollowerState was interrupted: java.lang.InterruptedException: sleep interrupted
2019-10-16 21:55:46,754 [277b5c5e-8c6f-4c9a-a53f-1bbc96404e12@group-569FAC3F8BCE-LeaderElection384] INFO  impl.LeaderElection (LeaderElection.java:logAndReturn(56)) - 277b5c5e-8c6f-4c9a-a53f-1bbc96404e12@group-569FAC3F8BCE-LeaderElection384: Election REJECTED; received 2 response(s) [277b5c5e-8c6f-4c9a-a53f-1bbc96404e12<-6b24a2ab-97ee-4d49-85cc-2d76c2f4b8ef#0:FAIL-t400, 277b5c5e-8c6f-4c9a-a53f-1bbc96404e12<-a32408a4-f19d-4bad-97c5-ba33ae94fc9a#0:FAIL-t400] and 0 exception(s); 277b5c5e-8c6f-4c9a-a53f-1bbc96404e12@group-569FAC3F8BCE:t400, leader=null, voted=277b5c5e-8c6f-4c9a-a53f-1bbc96404e12, raftlog=277b5c5e-8c6f-4c9a-a53f-1bbc96404e12@group-569FAC3F8BCE-SegmentedRaftLog:OPENED:c-1,f-1,i0, conf=-1: [a32408a4-f19d-4bad-97c5-ba33ae94fc9a:192.168.157.254:38721, 6b24a2ab-97ee-4d49-85cc-2d76c2f4b8ef:192.168.157.254:41080, 277b5c5e-8c6f-4c9a-a53f-1bbc96404e12:192.168.157.254:41416], old=null
2019-10-16 21:55:46,754 [277b5c5e-8c6f-4c9a-a53f-1bbc96404e12@group-569FAC3F8BCE-LeaderElection384] INFO  impl.RaftServerImpl (RaftServerImpl.java:setRole(184)) - 277b5c5e-8c6f-4c9a-a53f-1bbc96404e12@group-569FAC3F8BCE: changes role from CANDIDATE to FOLLOWER at term 400 for DISCOVERED_A_NEW_TERM
2019-10-16 21:55:46,754 [277b5c5e-8c6f-4c9a-a53f-1bbc96404e12@group-569FAC3F8BCE-LeaderElection384] INFO  impl.RoleInfo (RoleInfo.java:shutdownLeaderElection(134)) - 277b5c5e-8c6f-4c9a-a53f-1bbc96404e12: shutdown LeaderElection
2019-10-16 21:55:46,754 [277b5c5e-8c6f-4c9a-a53f-1bbc96404e12@group-569FAC3F8BCE-LeaderElection384] INFO  impl.RoleInfo (RoleInfo.java:updateAndGet(143)) - 277b5c5e-8c6f-4c9a-a53f-1bbc96404e12: start FollowerState
2019-10-16 21:55:46,911 [Thread-2664] INFO  impl.FollowerState (FollowerState.java:run(108)) - 277b5c5e-8c6f-4c9a-a53f-1bbc96404e12@group-569FAC3F8BCE-FollowerState: change to CANDIDATE, lastRpcTime:157ms, electionTimeout:157ms
2019-10-16 21:55:46,911 [Thread-2664] INFO  impl.RoleInfo (RoleInfo.java:shutdownFollowerState(121)) - 277b5c5e-8c6f-4c9a-a53f-1bbc96404e12: shutdown FollowerState
2019-10-16 21:55:46,911 [Thread-2664] INFO  impl.RaftServerImpl (RaftServerImpl.java:setRole(184)) - 277b5c5e-8c6f-4c9a-a53f-1bbc96404e12@group-569FAC3F8BCE: changes role from  FOLLOWER to CANDIDATE at term 400 for changeToCandidate
2019-10-16 21:55:46,911 [Thread-2664] INFO  impl.RoleInfo (RoleInfo.java:updateAndGet(143)) - 277b5c5e-8c6f-4c9a-a53f-1bbc96404e12: start LeaderElection
2019-10-16 21:55:46,947 [277b5c5e-8c6f-4c9a-a53f-1bbc96404e12@group-569FAC3F8BCE-LeaderElection385] INFO  impl.LeaderElection (LeaderElection.java:askForVotes(178)) - 277b5c5e-8c6f-4c9a-a53f-1bbc96404e12@group-569FAC3F8BCE-LeaderElection385: begin an election at term 401 for -1: [a32408a4-f19d-4bad-97c5-ba33ae94fc9a:192.168.157.254:38721, 6b24a2ab-97ee-4d49-85cc-2d76c2f4b8ef:192.168.157.254:41080, 277b5c5e-8c6f-4c9a-a53f-1bbc96404e12:192.168.157.254:41416], old=null
2019-10-16 21:55:46,949 [grpc-default-executor-1] INFO  impl.RaftServerImpl (RaftServerImpl.java:setRole(184)) - a32408a4-f19d-4bad-97c5-ba33ae94fc9a@group-569FAC3F8BCE: changes role from  FOLLOWER to FOLLOWER at term 401 for recognizeCandidate:277b5c5e-8c6f-4c9a-a53f-1bbc96404e12
2019-10-16 21:55:46,949 [grpc-default-executor-1] INFO  impl.RoleInfo (RoleInfo.java:shutdownFollowerState(121)) - a32408a4-f19d-4bad-97c5-ba33ae94fc9a: shutdown FollowerState
2019-10-16 21:55:46,949 [grpc-default-executor-0] INFO  impl.RaftServerImpl (RaftServerImpl.java:setRole(184)) - 6b24a2ab-97ee-4d49-85cc-2d76c2f4b8ef@group-569FAC3F8BCE: changes role from  FOLLOWER to FOLLOWER at term 401 for recognizeCandidate:277b5c5e-8c6f-4c9a-a53f-1bbc96404e12
2019-10-16 21:55:46,949 [grpc-default-executor-0] INFO  impl.RoleInfo (RoleInfo.java:shutdownFollowerState(121)) - 6b24a2ab-97ee-4d49-85cc-2d76c2f4b8ef: shutdown FollowerState
2019-10-16 21:55:46,949 [Thread-2662] INFO  impl.FollowerState (FollowerState.java:run(117)) - a32408a4-f19d-4bad-97c5-ba33ae94fc9a@group-569FAC3F8BCE-FollowerState was interrupted: java.lang.InterruptedException: sleep interrupted
2019-10-16 21:55:46,950 [Thread-2663] INFO  impl.FollowerState (FollowerState.java:run(117)) - 6b24a2ab-97ee-4d49-85cc-2d76c2f4b8ef@group-569FAC3F8BCE-FollowerState was interrupted: java.lang.InterruptedException: sleep interrupted
2019-10-16 21:55:46,949 [grpc-default-executor-1] INFO  impl.RoleInfo (RoleInfo.java:updateAndGet(143)) - a32408a4-f19d-4bad-97c5-ba33ae94fc9a: start FollowerState
2019-10-16 21:55:46,949 [grpc-default-executor-0] INFO  impl.RoleInfo (RoleInfo.java:updateAndGet(143)) - 6b24a2ab-97ee-4d49-85cc-2d76c2f4b8ef: start FollowerState
2019-10-16 21:55:46,962 [277b5c5e-8c6f-4c9a-a53f-1bbc96404e12@group-569FAC3F8BCE-LeaderElection385] INFO  impl.LeaderElection (LeaderElection.java:logAndReturn(56)) - 277b5c5e-8c6f-4c9a-a53f-1bbc96404e12@group-569FAC3F8BCE-LeaderElection385: Election REJECTED; received 2 response(s) [277b5c5e-8c6f-4c9a-a53f-1bbc96404e12<-6b24a2ab-97ee-4d49-85cc-2d76c2f4b8ef#0:FAIL-t401, 277b5c5e-8c6f-4c9a-a53f-1bbc96404e12<-a32408a4-f19d-4bad-97c5-ba33ae94fc9a#0:FAIL-t401] and 0 exception(s); 277b5c5e-8c6f-4c9a-a53f-1bbc96404e12@group-569FAC3F8BCE:t401, leader=null, voted=277b5c5e-8c6f-4c9a-a53f-1bbc96404e12, raftlog=277b5c5e-8c6f-4c9a-a53f-1bbc96404e12@group-569FAC3F8BCE-SegmentedRaftLog:OPENED:c-1,f-1,i0, conf=-1: [a32408a4-f19d-4bad-97c5-ba33ae94fc9a:192.168.157.254:38721, 6b24a2ab-97ee-4d49-85cc-2d76c2f4b8ef:192.168.157.254:41080, 277b5c5e-8c6f-4c9a-a53f-1bbc96404e12:192.168.157.254:41416], old=null
2019-10-16 21:55:46,962 [277b5c5e-8c6f-4c9a-a53f-1bbc96404e12@group-569FAC3F8BCE-LeaderElection385] INFO  impl.RaftServerImpl (RaftServerImpl.java:setRole(184)) - 277b5c5e-8c6f-4c9a-a53f-1bbc96404e12@group-569FAC3F8BCE: changes role from CANDIDATE to FOLLOWER at term 401 for DISCOVERED_A_NEW_TERM
2019-10-16 21:55:46,962 [277b5c5e-8c6f-4c9a-a53f-1bbc96404e12@group-569FAC3F8BCE-LeaderElection385] INFO  impl.RoleInfo (RoleInfo.java:shutdownLeaderElection(134)) - 277b5c5e-8c6f-4c9a-a53f-1bbc96404e12: shutdown LeaderElection
2019-10-16 21:55:46,962 [277b5c5e-8c6f-4c9a-a53f-1bbc96404e12@group-569FAC3F8BCE-LeaderElection385] INFO  impl.RoleInfo (RoleInfo.java:updateAndGet(143)) - 277b5c5e-8c6f-4c9a-a53f-1bbc96404e12: start FollowerState
2019-10-16 21:55:47,072 [Thread-2670] INFO  impl.FollowerState (FollowerState.java:run(108)) - 277b5c5e-8c6f-4c9a-a53f-1bbc96404e12@group-569FAC3F8BCE-FollowerState: change to CANDIDATE, lastRpcTime:109ms, electionTimeout:109ms
2019-10-16 21:55:47,072 [Thread-2670] INFO  impl.RoleInfo (RoleInfo.java:shutdownFollowerState(121)) - 277b5c5e-8c6f-4c9a-a53f-1bbc96404e12: shutdown FollowerState
2019-10-16 21:55:47,072 [Thread-2670] INFO  impl.RaftServerImpl (RaftServerImpl.java:setRole(184)) - 277b5c5e-8c6f-4c9a-a53f-1bbc96404e12@group-569FAC3F8BCE: changes role from  FOLLOWER to CANDIDATE at term 401 for changeToCandidate
2019-10-16 21:55:47,072 [Thread-2670] INFO  impl.RoleInfo (RoleInfo.java:updateAndGet(143)) - 277b5c5e-8c6f-4c9a-a53f-1bbc96404e12: start LeaderElection
2019-10-16 21:55:47,086 [277b5c5e-8c6f-4c9a-a53f-1bbc96404e12@group-569FAC3F8BCE-LeaderElection386] INFO  impl.LeaderElection (LeaderElection.java:askForVotes(178)) - 277b5c5e-8c6f-4c9a-a53f-1bbc96404e12@group-569FAC3F8BCE-LeaderElection386: begin an election at term 402 for -1: [a32408a4-f19d-4bad-97c5-ba33ae94fc9a:192.168.157.254:38721, 6b24a2ab-97ee-4d49-85cc-2d76c2f4b8ef:192.168.157.254:41080, 277b5c5e-8c6f-4c9a-a53f-1bbc96404e12:192.168.157.254:41416], old=null
2019-10-16 21:55:47,087 [grpc-default-executor-1] INFO  impl.RaftServerImpl (RaftServerImpl.java:setRole(184)) - a32408a4-f19d-4bad-97c5-ba33ae94fc9a@group-569FAC3F8BCE: changes role from  FOLLOWER to FOLLOWER at term 402 for recognizeCandidate:277b5c5e-8c6f-4c9a-a53f-1bbc96404e12
2019-10-16 21:55:47,087 [grpc-default-executor-1] INFO  impl.RoleInfo (RoleInfo.java:shutdownFollowerState(121)) - a32408a4-f19d-4bad-97c5-ba33ae94fc9a: shutdown FollowerState
2019-10-16 21:55:47,087 [grpc-default-executor-0] INFO  impl.RaftServerImpl (RaftServerImpl.java:setRole(184)) - 6b24a2ab-97ee-4d49-85cc-2d76c2f4b8ef@group-569FAC3F8BCE: changes role from  FOLLOWER to FOLLOWER at term 402 for recognizeCandidate:277b5c5e-8c6f-4c9a-a53f-1bbc96404e12
2019-10-16 21:55:47,087 [grpc-default-executor-1] INFO  impl.RoleInfo (RoleInfo.java:updateAndGet(143)) - a32408a4-f19d-4bad-97c5-ba33ae94fc9a: start FollowerState
2019-10-16 21:55:47,087 [Thread-2668] INFO  impl.FollowerState (FollowerState.java:run(117)) - a32408a4-f19d-4bad-97c5-ba33ae94fc9a@group-569FAC3F8BCE-FollowerState was interrupted: java.lang.InterruptedException: sleep interrupted
2019-10-16 21:55:47,088 [grpc-default-executor-0] INFO  impl.RoleInfo (RoleInfo.java:shutdownFollowerState(121)) - 6b24a2ab-97ee-4d49-85cc-2d76c2f4b8ef: shutdown FollowerState
2019-10-16 21:55:47,088 [grpc-default-executor-0] INFO  impl.RoleInfo (RoleInfo.java:updateAndGet(143)) - 6b24a2ab-97ee-4d49-85cc-2d76c2f4b8ef: start FollowerState
2019-10-16 21:55:47,088 [Thread-2669] INFO  impl.FollowerState (FollowerState.java:run(117)) - 6b24a2ab-97ee-4d49-85cc-2d76c2f4b8ef@group-569FAC3F8BCE-FollowerState was interrupted: java.lang.InterruptedException: sleep interrupted
2019-10-16 21:55:47,102 [277b5c5e-8c6f-4c9a-a53f-1bbc96404e12@group-569FAC3F8BCE-LeaderElection386] INFO  impl.LeaderElection (LeaderElection.java:logAndReturn(56)) - 277b5c5e-8c6f-4c9a-a53f-1bbc96404e12@group-569FAC3F8BCE-LeaderElection386: Election REJECTED; received 2 response(s) [277b5c5e-8c6f-4c9a-a53f-1bbc96404e12<-6b24a2ab-97ee-4d49-85cc-2d76c2f4b8ef#0:FAIL-t402, 277b5c5e-8c6f-4c9a-a53f-1bbc96404e12<-a32408a4-f19d-4bad-97c5-ba33ae94fc9a#0:FAIL-t402] and 0 exception(s); 277b5c5e-8c6f-4c9a-a53f-1bbc96404e12@group-569FAC3F8BCE:t402, leader=null, voted=277b5c5e-8c6f-4c9a-a53f-1bbc96404e12, raftlog=277b5c5e-8c6f-4c9a-a53f-1bbc96404e12@group-569FAC3F8BCE-SegmentedRaftLog:OPENED:c-1,f-1,i0, conf=-1: [a32408a4-f19d-4bad-97c5-ba33ae94fc9a:192.168.157.254:38721, 6b24a2ab-97ee-4d49-85cc-2d76c2f4b8ef:192.168.157.254:41080, 277b5c5e-8c6f-4c9a-a53f-1bbc96404e12:192.168.157.254:41416], old=null
2019-10-16 21:55:47,102 [277b5c5e-8c6f-4c9a-a53f-1bbc96404e12@group-569FAC3F8BCE-LeaderElection386] INFO  impl.RaftServerImpl (RaftServerImpl.java:setRole(184)) - 277b5c5e-8c6f-4c9a-a53f-1bbc96404e12@group-569FAC3F8BCE: changes role from CANDIDATE to FOLLOWER at term 402 for DISCOVERED_A_NEW_TERM
2019-10-16 21:55:47,102 [277b5c5e-8c6f-4c9a-a53f-1bbc96404e12@group-569FAC3F8BCE-LeaderElection386] INFO  impl.RoleInfo (RoleInfo.java:shutdownLeaderElection(134)) - 277b5c5e-8c6f-4c9a-a53f-1bbc96404e12: shutdown LeaderElection
2019-10-16 21:55:47,102 [277b5c5e-8c6f-4c9a-a53f-1bbc96404e12@group-569FAC3F8BCE-LeaderElection386] INFO  impl.RoleInfo (RoleInfo.java:updateAndGet(143)) - 277b5c5e-8c6f-4c9a-a53f-1bbc96404e12: start FollowerState
2019-10-16 21:55:47,291 [Thread-2676] INFO  impl.FollowerState (FollowerState.java:run(108)) - 277b5c5e-8c6f-4c9a-a53f-1bbc96404e12@group-569FAC3F8BCE-FollowerState: change to CANDIDATE, lastRpcTime:189ms, electionTimeout:189ms
2019-10-16 21:55:47,292 [Thread-2676] INFO  impl.RoleInfo (RoleInfo.java:shutdownFollowerState(121)) - 277b5c5e-8c6f-4c9a-a53f-1bbc96404e12: shutdown FollowerState
2019-10-16 21:55:47,292 [Thread-2676] INFO  impl.RaftServerImpl (RaftServerImpl.java:setRole(184)) - 277b5c5e-8c6f-4c9a-a53f-1bbc96404e12@group-569FAC3F8BCE: changes role from  FOLLOWER to CANDIDATE at term 402 for changeToCandidate
2019-10-16 21:55:47,292 [Thread-2676] INFO  impl.RoleInfo (RoleInfo.java:updateAndGet(143)) - 277b5c5e-8c6f-4c9a-a53f-1bbc96404e12: start LeaderElection
2019-10-16 21:55:47,318 [277b5c5e-8c6f-4c9a-a53f-1bbc96404e12@group-569FAC3F8BCE-LeaderElection387] INFO  impl.LeaderElection (LeaderElection.java:askForVotes(178)) - 277b5c5e-8c6f-4c9a-a53f-1bbc96404e12@group-569FAC3F8BCE-LeaderElection387: begin an election at term 403 for -1: [a32408a4-f19d-4bad-97c5-ba33ae94fc9a:192.168.157.254:38721, 6b24a2ab-97ee-4d49-85cc-2d76c2f4b8ef:192.168.157.254:41080, 277b5c5e-8c6f-4c9a-a53f-1bbc96404e12:192.168.157.254:41416], old=null
2019-10-16 21:55:47,319 [grpc-default-executor-0] INFO  impl.RaftServerImpl (RaftServerImpl.java:setRole(184)) - a32408a4-f19d-4bad-97c5-ba33ae94fc9a@group-569FAC3F8BCE: changes role from  FOLLOWER to FOLLOWER at term 403 for recognizeCandidate:277b5c5e-8c6f-4c9a-a53f-1bbc96404e12
2019-10-16 21:55:47,319 [grpc-default-executor-0] INFO  impl.RoleInfo (RoleInfo.java:shutdownFollowerState(121)) - a32408a4-f19d-4bad-97c5-ba33ae94fc9a: shutdown FollowerState
2019-10-16 21:55:47,319 [grpc-default-executor-1] INFO  impl.RaftServerImpl (RaftServerImpl.java:setRole(184)) - 6b24a2ab-97ee-4d49-85cc-2d76c2f4b8ef@group-569FAC3F8BCE: changes role from  FOLLOWER to FOLLOWER at term 403 for recognizeCandidate:277b5c5e-8c6f-4c9a-a53f-1bbc96404e12
2019-10-16 21:55:47,320 [grpc-default-executor-1] INFO  impl.RoleInfo (RoleInfo.java:shutdownFollowerState(121)) - 6b24a2ab-97ee-4d49-85cc-2d76c2f4b8ef: shutdown FollowerState
2019-10-16 21:55:47,320 [Thread-2674] INFO  impl.FollowerState (FollowerState.java:run(117)) - a32408a4-f19d-4bad-97c5-ba33ae94fc9a@group-569FAC3F8BCE-FollowerState was interrupted: java.lang.InterruptedException: sleep interrupted
2019-10-16 21:55:47,320 [grpc-default-executor-0] INFO  impl.RoleInfo (RoleInfo.java:updateAndGet(143)) - a32408a4-f19d-4bad-97c5-ba33ae94fc9a: start FollowerState
2019-10-16 21:55:47,320 [Thread-2675] INFO  impl.FollowerState (FollowerState.java:run(117)) - 6b24a2ab-97ee-4d49-85cc-2d76c2f4b8ef@group-569FAC3F8BCE-FollowerState was interrupted: java.lang.InterruptedException: sleep interrupted
2019-10-16 21:55:47,320 [grpc-default-executor-1] INFO  impl.RoleInfo (RoleInfo.java:updateAndGet(143)) - 6b24a2ab-97ee-4d49-85cc-2d76c2f4b8ef: start FollowerState
2019-10-16 21:55:47,352 [277b5c5e-8c6f-4c9a-a53f-1bbc96404e12@group-569FAC3F8BCE-LeaderElection387] INFO  impl.LeaderElection (LeaderElection.java:logAndReturn(56)) - 277b5c5e-8c6f-4c9a-a53f-1bbc96404e12@group-569FAC3F8BCE-LeaderElection387: Election REJECTED; received 2 response(s) [277b5c5e-8c6f-4c9a-a53f-1bbc96404e12<-a32408a4-f19d-4bad-97c5-ba33ae94fc9a#0:FAIL-t403, 277b5c5e-8c6f-4c9a-a53f-1bbc96404e12<-6b24a2ab-97ee-4d49-85cc-2d76c2f4b8ef#0:FAIL-t403] and 0 exception(s); 277b5c5e-8c6f-4c9a-a53f-1bbc96404e12@group-569FAC3F8BCE:t403, leader=null, voted=277b5c5e-8c6f-4c9a-a53f-1bbc96404e12, raftlog=277b5c5e-8c6f-4c9a-a53f-1bbc96404e12@group-569FAC3F8BCE-SegmentedRaftLog:OPENED:c-1,f-1,i0, conf=-1: [a32408a4-f19d-4bad-97c5-ba33ae94fc9a:192.168.157.254:38721, 6b24a2ab-97ee-4d49-85cc-2d76c2f4b8ef:192.168.157.254:41080, 277b5c5e-8c6f-4c9a-a53f-1bbc96404e12:192.168.157.254:41416], old=null
2019-10-16 21:55:47,352 [277b5c5e-8c6f-4c9a-a53f-1bbc96404e12@group-569FAC3F8BCE-LeaderElection387] INFO  impl.RaftServerImpl (RaftServerImpl.java:setRole(184)) - 277b5c5e-8c6f-4c9a-a53f-1bbc96404e12@group-569FAC3F8BCE: changes role from CANDIDATE to FOLLOWER at term 403 for DISCOVERED_A_NEW_TERM
2019-10-16 21:55:47,352 [277b5c5e-8c6f-4c9a-a53f-1bbc96404e12@group-569FAC3F8BCE-LeaderElection387] INFO  impl.RoleInfo (RoleInfo.java:shutdownLeaderElection(134)) - 277b5c5e-8c6f-4c9a-a53f-1bbc96404e12: shutdown LeaderElection
2019-10-16 21:55:47,352 [277b5c5e-8c6f-4c9a-a53f-1bbc96404e12@group-569FAC3F8BCE-LeaderElection387] INFO  impl.RoleInfo (RoleInfo.java:updateAndGet(143)) - 277b5c5e-8c6f-4c9a-a53f-1bbc96404e12: start FollowerState
2019-10-16 21:55:47,465 [Thread-2682] INFO  impl.FollowerState (FollowerState.java:run(108)) - 277b5c5e-8c6f-4c9a-a53f-1bbc96404e12@group-569FAC3F8BCE-FollowerState: change to CANDIDATE, lastRpcTime:112ms, electionTimeout:112ms
2019-10-16 21:55:47,465 [Thread-2682] INFO  impl.RoleInfo (RoleInfo.java:shutdownFollowerState(121)) - 277b5c5e-8c6f-4c9a-a53f-1bbc96404e12: shutdown FollowerState
2019-10-16 21:55:47,465 [Thread-2682] INFO  impl.RaftServerImpl (RaftServerImpl.java:setRole(184)) - 277b5c5e-8c6f-4c9a-a53f-1bbc96404e12@group-569FAC3F8BCE: changes role from  FOLLOWER to CANDIDATE at term 403 for changeToCandidate
2019-10-16 21:55:47,465 [Thread-2682] INFO  impl.RoleInfo (RoleInfo.java:updateAndGet(143)) - 277b5c5e-8c6f-4c9a-a53f-1bbc96404e12: start LeaderElection
2019-10-16 21:55:47,479 [277b5c5e-8c6f-4c9a-a53f-1bbc96404e12@group-569FAC3F8BCE-LeaderElection388] INFO  impl.LeaderElection (LeaderElection.java:askForVotes(178)) - 277b5c5e-8c6f-4c9a-a53f-1bbc96404e12@group-569FAC3F8BCE-LeaderElection388: begin an election at term 404 for -1: [a32408a4-f19d-4bad-97c5-ba33ae94fc9a:192.168.157.254:38721, 6b24a2ab-97ee-4d49-85cc-2d76c2f4b8ef:192.168.157.254:41080, 277b5c5e-8c6f-4c9a-a53f-1bbc96404e12:192.168.157.254:41416], old=null
2019-10-16 21:55:47,481 [grpc-default-executor-0] INFO  impl.RaftServerImpl (RaftServerImpl.java:setRole(184)) - a32408a4-f19d-4bad-97c5-ba33ae94fc9a@group-569FAC3F8BCE: changes role from  FOLLOWER to FOLLOWER at term 404 for recognizeCandidate:277b5c5e-8c6f-4c9a-a53f-1bbc96404e12
2019-10-16 21:55:47,481 [grpc-default-executor-1] INFO  impl.RaftServerImpl (RaftServerImpl.java:setRole(184)) - 6b24a2ab-97ee-4d49-85cc-2d76c2f4b8ef@group-569FAC3F8BCE: changes role from  FOLLOWER to FOLLOWER at term 404 for recognizeCandidate:277b5c5e-8c6f-4c9a-a53f-1bbc96404e12
2019-10-16 21:55:47,481 [grpc-default-executor-0] INFO  impl.RoleInfo (RoleInfo.java:shutdownFollowerState(121)) - a32408a4-f19d-4bad-97c5-ba33ae94fc9a: shutdown FollowerState
2019-10-16 21:55:47,481 [grpc-default-executor-1] INFO  impl.RoleInfo (RoleInfo.java:shutdownFollowerState(121)) - 6b24a2ab-97ee-4d49-85cc-2d76c2f4b8ef: shutdown FollowerState
2019-10-16 21:55:47,481 [Thread-2680] INFO  impl.FollowerState (FollowerState.java:run(117)) - a32408a4-f19d-4bad-97c5-ba33ae94fc9a@group-569FAC3F8BCE-FollowerState was interrupted: java.lang.InterruptedException: sleep interrupted
2019-10-16 21:55:47,481 [grpc-default-executor-0] INFO  impl.RoleInfo (RoleInfo.java:updateAndGet(143)) - a32408a4-f19d-4bad-97c5-ba33ae94fc9a: start FollowerState
2019-10-16 21:55:47,482 [Thread-2681] INFO  impl.FollowerState (FollowerState.java:run(117)) - 6b24a2ab-97ee-4d49-85cc-2d76c2f4b8ef@group-569FAC3F8BCE-FollowerState was interrupted: java.lang.InterruptedException: sleep interrupted
2019-10-16 21:55:47,481 [grpc-default-executor-1] INFO  impl.RoleInfo (RoleInfo.java:updateAndGet(143)) - 6b24a2ab-97ee-4d49-85cc-2d76c2f4b8ef: start FollowerState
2019-10-16 21:55:47,508 [277b5c5e-8c6f-4c9a-a53f-1bbc96404e12@group-569FAC3F8BCE-LeaderElection388] INFO  impl.LeaderElection (LeaderElection.java:logAndReturn(56)) - 277b5c5e-8c6f-4c9a-a53f-1bbc96404e12@group-569FAC3F8BCE-LeaderElection388: Election REJECTED; received 2 response(s) [277b5c5e-8c6f-4c9a-a53f-1bbc96404e12<-a32408a4-f19d-4bad-97c5-ba33ae94fc9a#0:FAIL-t404, 277b5c5e-8c6f-4c9a-a53f-1bbc96404e12<-6b24a2ab-97ee-4d49-85cc-2d76c2f4b8ef#0:FAIL-t404] and 0 exception(s); 277b5c5e-8c6f-4c9a-a53f-1bbc96404e12@group-569FAC3F8BCE:t404, leader=null, voted=277b5c5e-8c6f-4c9a-a53f-1bbc96404e12, raftlog=277b5c5e-8c6f-4c9a-a53f-1bbc96404e12@group-569FAC3F8BCE-SegmentedRaftLog:OPENED:c-1,f-1,i0, conf=-1: [a32408a4-f19d-4bad-97c5-ba33ae94fc9a:192.168.157.254:38721, 6b24a2ab-97ee-4d49-85cc-2d76c2f4b8ef:192.168.157.254:41080, 277b5c5e-8c6f-4c9a-a53f-1bbc96404e12:192.168.157.254:41416], old=null
2019-10-16 21:55:47,508 [277b5c5e-8c6f-4c9a-a53f-1bbc96404e12@group-569FAC3F8BCE-LeaderElection388] INFO  impl.RaftServerImpl (RaftServerImpl.java:setRole(184)) - 277b5c5e-8c6f-4c9a-a53f-1bbc96404e12@group-569FAC3F8BCE: changes role from CANDIDATE to FOLLOWER at term 404 for DISCOVERED_A_NEW_TERM
2019-10-16 21:55:47,508 [277b5c5e-8c6f-4c9a-a53f-1bbc96404e12@group-569FAC3F8BCE-LeaderElection388] INFO  impl.RoleInfo (RoleInfo.java:shutdownLeaderElection(134)) - 277b5c5e-8c6f-4c9a-a53f-1bbc96404e12: shutdown LeaderElection
2019-10-16 21:55:47,508 [277b5c5e-8c6f-4c9a-a53f-1bbc96404e12@group-569FAC3F8BCE-LeaderElection388] INFO  impl.RoleInfo (RoleInfo.java:updateAndGet(143)) - 277b5c5e-8c6f-4c9a-a53f-1bbc96404e12: start FollowerState
2019-10-16 21:55:47,537 [Thread-2688] INFO  impl.FollowerState (FollowerState.java:run(108)) - 277b5c5e-8c6f-4c9a-a53f-1bbc96404e12@group-569FAC3F8BCE-FollowerState: change to CANDIDATE, lastRpcTime:28ms, electionTimeout:28ms
2019-10-16 21:55:47,537 [Thread-2688] INFO  impl.RoleInfo (RoleInfo.java:shutdownFollowerState(121)) - 277b5c5e-8c6f-4c9a-a53f-1bbc96404e12: shutdown FollowerState
2019-10-16 21:55:47,537 [Thread-2688] INFO  impl.RaftServerImpl (RaftServerImpl.java:setRole(184)) - 277b5c5e-8c6f-4c9a-a53f-1bbc96404e12@group-569FAC3F8BCE: changes role from  FOLLOWER to CANDIDATE at term 404 for changeToCandidate
2019-10-16 21:55:47,537 [Thread-2688] INFO  impl.RoleInfo (RoleInfo.java:updateAndGet(143)) - 277b5c5e-8c6f-4c9a-a53f-1bbc96404e12: start LeaderElection
2019-10-16 21:55:47,560 [277b5c5e-8c6f-4c9a-a53f-1bbc96404e12@group-569FAC3F8BCE-LeaderElection389] INFO  impl.LeaderElection (LeaderElection.java:askForVotes(178)) - 277b5c5e-8c6f-4c9a-a53f-1bbc96404e12@group-569FAC3F8BCE-LeaderElection389: begin an election at term 405 for -1: [a32408a4-f19d-4bad-97c5-ba33ae94fc9a:192.168.157.254:38721, 6b24a2ab-97ee-4d49-85cc-2d76c2f4b8ef:192.168.157.254:41080, 277b5c5e-8c6f-4c9a-a53f-1bbc96404e12:192.168.157.254:41416], old=null
2019-10-16 21:55:47,562 [grpc-default-executor-0] INFO  impl.RaftServerImpl (RaftServerImpl.java:setRole(184)) - 6b24a2ab-97ee-4d49-85cc-2d76c2f4b8ef@group-569FAC3F8BCE: changes role from  FOLLOWER to FOLLOWER at term 405 for recognizeCandidate:277b5c5e-8c6f-4c9a-a53f-1bbc96404e12
2019-10-16 21:55:47,562 [grpc-default-executor-1] INFO  impl.RaftServerImpl (RaftServerImpl.java:setRole(184)) - a32408a4-f19d-4bad-97c5-ba33ae94fc9a@group-569FAC3F8BCE: changes role from  FOLLOWER to FOLLOWER at term 405 for recognizeCandidate:277b5c5e-8c6f-4c9a-a53f-1bbc96404e12
2019-10-16 21:55:47,562 [grpc-default-executor-1] INFO  impl.RoleInfo (RoleInfo.java:shutdownFollowerState(121)) - a32408a4-f19d-4bad-97c5-ba33ae94fc9a: shutdown FollowerState
2019-10-16 21:55:47,562 [grpc-default-executor-0] INFO  impl.RoleInfo (RoleInfo.java:shutdownFollowerState(121)) - 6b24a2ab-97ee-4d49-85cc-2d76c2f4b8ef: shutdown FollowerState
2019-10-16 21:55:47,562 [Thread-2686] INFO  impl.FollowerState (FollowerState.java:run(117)) - a32408a4-f19d-4bad-97c5-ba33ae94fc9a@group-569FAC3F8BCE-FollowerState was interrupted: java.lang.InterruptedException: sleep interrupted
2019-10-16 21:55:47,562 [grpc-default-executor-1] INFO  impl.RoleInfo (RoleInfo.java:updateAndGet(143)) - a32408a4-f19d-4bad-97c5-ba33ae94fc9a: start FollowerState
2019-10-16 21:55:47,562 [Thread-2687] INFO  impl.FollowerState (FollowerState.java:run(117)) - 6b24a2ab-97ee-4d49-85cc-2d76c2f4b8ef@group-569FAC3F8BCE-FollowerState was interrupted: java.lang.InterruptedException: sleep interrupted
2019-10-16 21:55:47,562 [grpc-default-executor-0] INFO  impl.RoleInfo (RoleInfo.java:updateAndGet(143)) - 6b24a2ab-97ee-4d49-85cc-2d76c2f4b8ef: start FollowerState
2019-10-16 21:55:47,580 [277b5c5e-8c6f-4c9a-a53f-1bbc96404e12@group-569FAC3F8BCE-LeaderElection389] INFO  impl.LeaderElection (LeaderElection.java:logAndReturn(56)) - 277b5c5e-8c6f-4c9a-a53f-1bbc96404e12@group-569FAC3F8BCE-LeaderElection389: Election REJECTED; received 2 response(s) [277b5c5e-8c6f-4c9a-a53f-1bbc96404e12<-a32408a4-f19d-4bad-97c5-ba33ae94fc9a#0:FAIL-t405, 277b5c5e-8c6f-4c9a-a53f-1bbc96404e12<-6b24a2ab-97ee-4d49-85cc-2d76c2f4b8ef#0:FAIL-t405] and 0 exception(s); 277b5c5e-8c6f-4c9a-a53f-1bbc96404e12@group-569FAC3F8BCE:t405, leader=null, voted=277b5c5e-8c6f-4c9a-a53f-1bbc96404e12, raftlog=277b5c5e-8c6f-4c9a-a53f-1bbc96404e12@group-569FAC3F8BCE-SegmentedRaftLog:OPENED:c-1,f-1,i0, conf=-1: [a32408a4-f19d-4bad-97c5-ba33ae94fc9a:192.168.157.254:38721, 6b24a2ab-97ee-4d49-85cc-2d76c2f4b8ef:192.168.157.254:41080, 277b5c5e-8c6f-4c9a-a53f-1bbc96404e12:192.168.157.254:41416], old=null
2019-10-16 21:55:47,580 [277b5c5e-8c6f-4c9a-a53f-1bbc96404e12@group-569FAC3F8BCE-LeaderElection389] INFO  impl.RaftServerImpl (RaftServerImpl.java:setRole(184)) - 277b5c5e-8c6f-4c9a-a53f-1bbc96404e12@group-569FAC3F8BCE: changes role from CANDIDATE to FOLLOWER at term 405 for DISCOVERED_A_NEW_TERM
2019-10-16 21:55:47,580 [277b5c5e-8c6f-4c9a-a53f-1bbc96404e12@group-569FAC3F8BCE-LeaderElection389] INFO  impl.RoleInfo (RoleInfo.java:shutdownLeaderElection(134)) - 277b5c5e-8c6f-4c9a-a53f-1bbc96404e12: shutdown LeaderElection
2019-10-16 21:55:47,580 [277b5c5e-8c6f-4c9a-a53f-1bbc96404e12@group-569FAC3F8BCE-LeaderElection389] INFO  impl.RoleInfo (RoleInfo.java:updateAndGet(143)) - 277b5c5e-8c6f-4c9a-a53f-1bbc96404e12: start FollowerState
2019-10-16 21:55:47,584 [Thread-2694] INFO  impl.FollowerState (FollowerState.java:run(108)) - 277b5c5e-8c6f-4c9a-a53f-1bbc96404e12@group-569FAC3F8BCE-FollowerState: change to CANDIDATE, lastRpcTime:4ms, electionTimeout:4ms
2019-10-16 21:55:47,584 [Thread-2694] INFO  impl.RoleInfo (RoleInfo.java:shutdownFollowerState(121)) - 277b5c5e-8c6f-4c9a-a53f-1bbc96404e12: shutdown FollowerState
2019-10-16 21:55:47,585 [Thread-2694] INFO  impl.RaftServerImpl (RaftServerImpl.java:setRole(184)) - 277b5c5e-8c6f-4c9a-a53f-1bbc96404e12@group-569FAC3F8BCE: changes role from  FOLLOWER to CANDIDATE at term 405 for changeToCandidate
2019-10-16 21:55:47,585 [Thread-2694] INFO  impl.RoleInfo (RoleInfo.java:updateAndGet(143)) - 277b5c5e-8c6f-4c9a-a53f-1bbc96404e12: start LeaderElection
2019-10-16 21:55:47,608 [277b5c5e-8c6f-4c9a-a53f-1bbc96404e12@group-569FAC3F8BCE-LeaderElection390] INFO  impl.LeaderElection (LeaderElection.java:askForVotes(178)) - 277b5c5e-8c6f-4c9a-a53f-1bbc96404e12@group-569FAC3F8BCE-LeaderElection390: begin an election at term 406 for -1: [a32408a4-f19d-4bad-97c5-ba33ae94fc9a:192.168.157.254:38721, 6b24a2ab-97ee-4d49-85cc-2d76c2f4b8ef:192.168.157.254:41080, 277b5c5e-8c6f-4c9a-a53f-1bbc96404e12:192.168.157.254:41416], old=null
2019-10-16 21:55:47,610 [grpc-default-executor-0] INFO  impl.RaftServerImpl (RaftServerImpl.java:setRole(184)) - a32408a4-f19d-4bad-97c5-ba33ae94fc9a@group-569FAC3F8BCE: changes role from  FOLLOWER to FOLLOWER at term 406 for recognizeCandidate:277b5c5e-8c6f-4c9a-a53f-1bbc96404e12
2019-10-16 21:55:47,610 [grpc-default-executor-0] INFO  impl.RoleInfo (RoleInfo.java:shutdownFollowerState(121)) - a32408a4-f19d-4bad-97c5-ba33ae94fc9a: shutdown FollowerState
2019-10-16 21:55:47,610 [grpc-default-executor-1] INFO  impl.RaftServerImpl (RaftServerImpl.java:setRole(184)) - 6b24a2ab-97ee-4d49-85cc-2d76c2f4b8ef@group-569FAC3F8BCE: changes role from  FOLLOWER to FOLLOWER at term 406 for recognizeCandidate:277b5c5e-8c6f-4c9a-a53f-1bbc96404e12
2019-10-16 21:55:47,610 [Thread-2692] INFO  impl.FollowerState (FollowerState.java:run(117)) - a32408a4-f19d-4bad-97c5-ba33ae94fc9a@group-569FAC3F8BCE-FollowerState was interrupted: java.lang.InterruptedException: sleep interrupted
2019-10-16 21:55:47,610 [grpc-default-executor-0] INFO  impl.RoleInfo (RoleInfo.java:updateAndGet(143)) - a32408a4-f19d-4bad-97c5-ba33ae94fc9a: start FollowerState
2019-10-16 21:55:47,610 [grpc-default-executor-1] INFO  impl.RoleInfo (RoleInfo.java:shutdownFollowerState(121)) - 6b24a2ab-97ee-4d49-85cc-2d76c2f4b8ef: shutdown FollowerState
2019-10-16 21:55:47,610 [grpc-default-executor-1] INFO  impl.RoleInfo (RoleInfo.java:updateAndGet(143)) - 6b24a2ab-97ee-4d49-85cc-2d76c2f4b8ef: start FollowerState
2019-10-16 21:55:47,610 [Thread-2693] INFO  impl.FollowerState (FollowerState.java:run(117)) - 6b24a2ab-97ee-4d49-85cc-2d76c2f4b8ef@group-569FAC3F8BCE-FollowerState was interrupted: java.lang.InterruptedException: sleep interrupted
2019-10-16 21:55:47,615 [277b5c5e-8c6f-4c9a-a53f-1bbc96404e12@group-569FAC3F8BCE-LeaderElection390] INFO  impl.LeaderElection (LeaderElection.java:logAndReturn(56)) - 277b5c5e-8c6f-4c9a-a53f-1bbc96404e12@group-569FAC3F8BCE-LeaderElection390: Election REJECTED; received 2 response(s) [277b5c5e-8c6f-4c9a-a53f-1bbc96404e12<-a32408a4-f19d-4bad-97c5-ba33ae94fc9a#0:FAIL-t406, 277b5c5e-8c6f-4c9a-a53f-1bbc96404e12<-6b24a2ab-97ee-4d49-85cc-2d76c2f4b8ef#0:FAIL-t406] and 0 exception(s); 277b5c5e-8c6f-4c9a-a53f-1bbc96404e12@group-569FAC3F8BCE:t406, leader=null, voted=277b5c5e-8c6f-4c9a-a53f-1bbc96404e12, raftlog=277b5c5e-8c6f-4c9a-a53f-1bbc96404e12@group-569FAC3F8BCE-SegmentedRaftLog:OPENED:c-1,f-1,i0, conf=-1: [a32408a4-f19d-4bad-97c5-ba33ae94fc9a:192.168.157.254:38721, 6b24a2ab-97ee-4d49-85cc-2d76c2f4b8ef:192.168.157.254:41080, 277b5c5e-8c6f-4c9a-a53f-1bbc96404e12:192.168.157.254:41416], old=null
2019-10-16 21:55:47,615 [277b5c5e-8c6f-4c9a-a53f-1bbc96404e12@group-569FAC3F8BCE-LeaderElection390] INFO  impl.RaftServerImpl (RaftServerImpl.java:setRole(184)) - 277b5c5e-8c6f-4c9a-a53f-1bbc96404e12@group-569FAC3F8BCE: changes role from CANDIDATE to FOLLOWER at term 406 for DISCOVERED_A_NEW_TERM
2019-10-16 21:55:47,615 [277b5c5e-8c6f-4c9a-a53f-1bbc96404e12@group-569FAC3F8BCE-LeaderElection390] INFO  impl.RoleInfo (RoleInfo.java:shutdownLeaderElection(134)) - 277b5c5e-8c6f-4c9a-a53f-1bbc96404e12: shutdown LeaderElection
2019-10-16 21:55:47,615 [277b5c5e-8c6f-4c9a-a53f-1bbc96404e12@group-569FAC3F8BCE-LeaderElection390] INFO  impl.RoleInfo (RoleInfo.java:updateAndGet(143)) - 277b5c5e-8c6f-4c9a-a53f-1bbc96404e12: start FollowerState
2019-10-16 21:55:47,647 [Thread-0] INFO  ozone.MiniOzoneClusterImpl (MiniOzoneClusterImpl.java:lambda$waitForClusterToBeReady$2(164)) - Waiting for 1 number of pipelines out of 4, to report a leader.
2019-10-16 21:55:47,808 [Thread-2700] INFO  impl.FollowerState (FollowerState.java:run(108)) - 277b5c5e-8c6f-4c9a-a53f-1bbc96404e12@group-569FAC3F8BCE-FollowerState: change to CANDIDATE, lastRpcTime:192ms, electionTimeout:192ms
2019-10-16 21:55:47,808 [Thread-2700] INFO  impl.RoleInfo (RoleInfo.java:shutdownFollowerState(121)) - 277b5c5e-8c6f-4c9a-a53f-1bbc96404e12: shutdown FollowerState
2019-10-16 21:55:47,808 [Thread-2700] INFO  impl.RaftServerImpl (RaftServerImpl.java:setRole(184)) - 277b5c5e-8c6f-4c9a-a53f-1bbc96404e12@group-569FAC3F8BCE: changes role from  FOLLOWER to CANDIDATE at term 406 for changeToCandidate
2019-10-16 21:55:47,808 [Thread-2700] INFO  impl.RoleInfo (RoleInfo.java:updateAndGet(143)) - 277b5c5e-8c6f-4c9a-a53f-1bbc96404e12: start LeaderElection
2019-10-16 21:55:47,828 [277b5c5e-8c6f-4c9a-a53f-1bbc96404e12@group-569FAC3F8BCE-LeaderElection391] INFO  impl.LeaderElection (LeaderElection.java:askForVotes(178)) - 277b5c5e-8c6f-4c9a-a53f-1bbc96404e12@group-569FAC3F8BCE-LeaderElection391: begin an election at term 407 for -1: [a32408a4-f19d-4bad-97c5-ba33ae94fc9a:192.168.157.254:38721, 6b24a2ab-97ee-4d49-85cc-2d76c2f4b8ef:192.168.157.254:41080, 277b5c5e-8c6f-4c9a-a53f-1bbc96404e12:192.168.157.254:41416], old=null
2019-10-16 21:55:47,829 [grpc-default-executor-0] INFO  impl.RaftServerImpl (RaftServerImpl.java:setRole(184)) - a32408a4-f19d-4bad-97c5-ba33ae94fc9a@group-569FAC3F8BCE: changes role from  FOLLOWER to FOLLOWER at term 407 for recognizeCandidate:277b5c5e-8c6f-4c9a-a53f-1bbc96404e12
2019-10-16 21:55:47,830 [grpc-default-executor-0] INFO  impl.RoleInfo (RoleInfo.java:shutdownFollowerState(121)) - a32408a4-f19d-4bad-97c5-ba33ae94fc9a: shutdown FollowerState
2019-10-16 21:55:47,830 [grpc-default-executor-1] INFO  impl.RaftServerImpl (RaftServerImpl.java:setRole(184)) - 6b24a2ab-97ee-4d49-85cc-2d76c2f4b8ef@group-569FAC3F8BCE: changes role from  FOLLOWER to FOLLOWER at term 407 for recognizeCandidate:277b5c5e-8c6f-4c9a-a53f-1bbc96404e12
2019-10-16 21:55:47,830 [Thread-2698] INFO  impl.FollowerState (FollowerState.java:run(117)) - a32408a4-f19d-4bad-97c5-ba33ae94fc9a@group-569FAC3F8BCE-FollowerState was interrupted: java.lang.InterruptedException: sleep interrupted
2019-10-16 21:55:47,830 [grpc-default-executor-0] INFO  impl.RoleInfo (RoleInfo.java:updateAndGet(143)) - a32408a4-f19d-4bad-97c5-ba33ae94fc9a: start FollowerState
2019-10-16 21:55:47,830 [grpc-default-executor-1] INFO  impl.RoleInfo (RoleInfo.java:shutdownFollowerState(121)) - 6b24a2ab-97ee-4d49-85cc-2d76c2f4b8ef: shutdown FollowerState
2019-10-16 21:55:47,830 [grpc-default-executor-1] INFO  impl.RoleInfo (RoleInfo.java:updateAndGet(143)) - 6b24a2ab-97ee-4d49-85cc-2d76c2f4b8ef: start FollowerState
2019-10-16 21:55:47,830 [Thread-2699] INFO  impl.FollowerState (FollowerState.java:run(117)) - 6b24a2ab-97ee-4d49-85cc-2d76c2f4b8ef@group-569FAC3F8BCE-FollowerState was interrupted: java.lang.InterruptedException: sleep interrupted
2019-10-16 21:55:47,844 [277b5c5e-8c6f-4c9a-a53f-1bbc96404e12@group-569FAC3F8BCE-LeaderElection391] INFO  impl.LeaderElection (LeaderElection.java:logAndReturn(56)) - 277b5c5e-8c6f-4c9a-a53f-1bbc96404e12@group-569FAC3F8BCE-LeaderElection391: Election REJECTED; received 2 response(s) [277b5c5e-8c6f-4c9a-a53f-1bbc96404e12<-a32408a4-f19d-4bad-97c5-ba33ae94fc9a#0:FAIL-t407, 277b5c5e-8c6f-4c9a-a53f-1bbc96404e12<-6b24a2ab-97ee-4d49-85cc-2d76c2f4b8ef#0:FAIL-t407] and 0 exception(s); 277b5c5e-8c6f-4c9a-a53f-1bbc96404e12@group-569FAC3F8BCE:t407, leader=null, voted=277b5c5e-8c6f-4c9a-a53f-1bbc96404e12, raftlog=277b5c5e-8c6f-4c9a-a53f-1bbc96404e12@group-569FAC3F8BCE-SegmentedRaftLog:OPENED:c-1,f-1,i0, conf=-1: [a32408a4-f19d-4bad-97c5-ba33ae94fc9a:192.168.157.254:38721, 6b24a2ab-97ee-4d49-85cc-2d76c2f4b8ef:192.168.157.254:41080, 277b5c5e-8c6f-4c9a-a53f-1bbc96404e12:192.168.157.254:41416], old=null
2019-10-16 21:55:47,845 [277b5c5e-8c6f-4c9a-a53f-1bbc96404e12@group-569FAC3F8BCE-LeaderElection391] INFO  impl.RaftServerImpl (RaftServerImpl.java:setRole(184)) - 277b5c5e-8c6f-4c9a-a53f-1bbc96404e12@group-569FAC3F8BCE: changes role from CANDIDATE to FOLLOWER at term 407 for DISCOVERED_A_NEW_TERM
2019-10-16 21:55:47,845 [277b5c5e-8c6f-4c9a-a53f-1bbc96404e12@group-569FAC3F8BCE-LeaderElection391] INFO  impl.RoleInfo (RoleInfo.java:shutdownLeaderElection(134)) - 277b5c5e-8c6f-4c9a-a53f-1bbc96404e12: shutdown LeaderElection
2019-10-16 21:55:47,845 [277b5c5e-8c6f-4c9a-a53f-1bbc96404e12@group-569FAC3F8BCE-LeaderElection391] INFO  impl.RoleInfo (RoleInfo.java:updateAndGet(143)) - 277b5c5e-8c6f-4c9a-a53f-1bbc96404e12: start FollowerState
2019-10-16 21:55:47,966 [Thread-2706] INFO  impl.FollowerState (FollowerState.java:run(108)) - 277b5c5e-8c6f-4c9a-a53f-1bbc96404e12@group-569FAC3F8BCE-FollowerState: change to CANDIDATE, lastRpcTime:121ms, electionTimeout:121ms
2019-10-16 21:55:47,966 [Thread-2706] INFO  impl.RoleInfo (RoleInfo.java:shutdownFollowerState(121)) - 277b5c5e-8c6f-4c9a-a53f-1bbc96404e12: shutdown FollowerState
2019-10-16 21:55:47,966 [Thread-2706] INFO  impl.RaftServerImpl (RaftServerImpl.java:setRole(184)) - 277b5c5e-8c6f-4c9a-a53f-1bbc96404e12@group-569FAC3F8BCE: changes role from  FOLLOWER to CANDIDATE at term 407 for changeToCandidate
2019-10-16 21:55:47,966 [Thread-2706] INFO  impl.RoleInfo (RoleInfo.java:updateAndGet(143)) - 277b5c5e-8c6f-4c9a-a53f-1bbc96404e12: start LeaderElection
2019-10-16 21:55:47,981 [277b5c5e-8c6f-4c9a-a53f-1bbc96404e12@group-569FAC3F8BCE-LeaderElection392] INFO  impl.LeaderElection (LeaderElection.java:askForVotes(178)) - 277b5c5e-8c6f-4c9a-a53f-1bbc96404e12@group-569FAC3F8BCE-LeaderElection392: begin an election at term 408 for -1: [a32408a4-f19d-4bad-97c5-ba33ae94fc9a:192.168.157.254:38721, 6b24a2ab-97ee-4d49-85cc-2d76c2f4b8ef:192.168.157.254:41080, 277b5c5e-8c6f-4c9a-a53f-1bbc96404e12:192.168.157.254:41416], old=null
2019-10-16 21:55:47,982 [grpc-default-executor-1] INFO  impl.RaftServerImpl (RaftServerImpl.java:setRole(184)) - a32408a4-f19d-4bad-97c5-ba33ae94fc9a@group-569FAC3F8BCE: changes role from  FOLLOWER to FOLLOWER at term 408 for recognizeCandidate:277b5c5e-8c6f-4c9a-a53f-1bbc96404e12
2019-10-16 21:55:47,982 [grpc-default-executor-1] INFO  impl.RoleInfo (RoleInfo.java:shutdownFollowerState(121)) - a32408a4-f19d-4bad-97c5-ba33ae94fc9a: shutdown FollowerState
2019-10-16 21:55:47,982 [grpc-default-executor-0] INFO  impl.RaftServerImpl (RaftServerImpl.java:setRole(184)) - 6b24a2ab-97ee-4d49-85cc-2d76c2f4b8ef@group-569FAC3F8BCE: changes role from  FOLLOWER to FOLLOWER at term 408 for recognizeCandidate:277b5c5e-8c6f-4c9a-a53f-1bbc96404e12
2019-10-16 21:55:47,983 [grpc-default-executor-0] INFO  impl.RoleInfo (RoleInfo.java:shutdownFollowerState(121)) - 6b24a2ab-97ee-4d49-85cc-2d76c2f4b8ef: shutdown FollowerState
2019-10-16 21:55:47,982 [grpc-default-executor-1] INFO  impl.RoleInfo (RoleInfo.java:updateAndGet(143)) - a32408a4-f19d-4bad-97c5-ba33ae94fc9a: start FollowerState
2019-10-16 21:55:47,982 [Thread-2704] INFO  impl.FollowerState (FollowerState.java:run(117)) - a32408a4-f19d-4bad-97c5-ba33ae94fc9a@group-569FAC3F8BCE-FollowerState was interrupted: java.lang.InterruptedException: sleep interrupted
2019-10-16 21:55:47,983 [Thread-2705] INFO  impl.FollowerState (FollowerState.java:run(117)) - 6b24a2ab-97ee-4d49-85cc-2d76c2f4b8ef@group-569FAC3F8BCE-FollowerState was interrupted: java.lang.InterruptedException: sleep interrupted
2019-10-16 21:55:47,983 [grpc-default-executor-0] INFO  impl.RoleInfo (RoleInfo.java:updateAndGet(143)) - 6b24a2ab-97ee-4d49-85cc-2d76c2f4b8ef: start FollowerState
2019-10-16 21:55:47,995 [277b5c5e-8c6f-4c9a-a53f-1bbc96404e12@group-569FAC3F8BCE-LeaderElection392] INFO  impl.LeaderElection (LeaderElection.java:logAndReturn(56)) - 277b5c5e-8c6f-4c9a-a53f-1bbc96404e12@group-569FAC3F8BCE-LeaderElection392: Election REJECTED; received 2 response(s) [277b5c5e-8c6f-4c9a-a53f-1bbc96404e12<-6b24a2ab-97ee-4d49-85cc-2d76c2f4b8ef#0:FAIL-t408, 277b5c5e-8c6f-4c9a-a53f-1bbc96404e12<-a32408a4-f19d-4bad-97c5-ba33ae94fc9a#0:FAIL-t408] and 0 exception(s); 277b5c5e-8c6f-4c9a-a53f-1bbc96404e12@group-569FAC3F8BCE:t408, leader=null, voted=277b5c5e-8c6f-4c9a-a53f-1bbc96404e12, raftlog=277b5c5e-8c6f-4c9a-a53f-1bbc96404e12@group-569FAC3F8BCE-SegmentedRaftLog:OPENED:c-1,f-1,i0, conf=-1: [a32408a4-f19d-4bad-97c5-ba33ae94fc9a:192.168.157.254:38721, 6b24a2ab-97ee-4d49-85cc-2d76c2f4b8ef:192.168.157.254:41080, 277b5c5e-8c6f-4c9a-a53f-1bbc96404e12:192.168.157.254:41416], old=null
2019-10-16 21:55:47,995 [277b5c5e-8c6f-4c9a-a53f-1bbc96404e12@group-569FAC3F8BCE-LeaderElection392] INFO  impl.RaftServerImpl (RaftServerImpl.java:setRole(184)) - 277b5c5e-8c6f-4c9a-a53f-1bbc96404e12@group-569FAC3F8BCE: changes role from CANDIDATE to FOLLOWER at term 408 for DISCOVERED_A_NEW_TERM
2019-10-16 21:55:47,995 [277b5c5e-8c6f-4c9a-a53f-1bbc96404e12@group-569FAC3F8BCE-LeaderElection392] INFO  impl.RoleInfo (RoleInfo.java:shutdownLeaderElection(134)) - 277b5c5e-8c6f-4c9a-a53f-1bbc96404e12: shutdown LeaderElection
2019-10-16 21:55:47,995 [277b5c5e-8c6f-4c9a-a53f-1bbc96404e12@group-569FAC3F8BCE-LeaderElection392] INFO  impl.RoleInfo (RoleInfo.java:updateAndGet(143)) - 277b5c5e-8c6f-4c9a-a53f-1bbc96404e12: start FollowerState
2019-10-16 21:55:48,108 [Thread-2712] INFO  impl.FollowerState (FollowerState.java:run(108)) - 277b5c5e-8c6f-4c9a-a53f-1bbc96404e12@group-569FAC3F8BCE-FollowerState: change to CANDIDATE, lastRpcTime:113ms, electionTimeout:113ms
2019-10-16 21:55:48,109 [Thread-2712] INFO  impl.RoleInfo (RoleInfo.java:shutdownFollowerState(121)) - 277b5c5e-8c6f-4c9a-a53f-1bbc96404e12: shutdown FollowerState
2019-10-16 21:55:48,109 [Thread-2712] INFO  impl.RaftServerImpl (RaftServerImpl.java:setRole(184)) - 277b5c5e-8c6f-4c9a-a53f-1bbc96404e12@group-569FAC3F8BCE: changes role from  FOLLOWER to CANDIDATE at term 408 for changeToCandidate
2019-10-16 21:55:48,109 [Thread-2712] INFO  impl.RoleInfo (RoleInfo.java:updateAndGet(143)) - 277b5c5e-8c6f-4c9a-a53f-1bbc96404e12: start LeaderElection
2019-10-16 21:55:48,170 [277b5c5e-8c6f-4c9a-a53f-1bbc96404e12@group-569FAC3F8BCE-LeaderElection393] INFO  impl.LeaderElection (LeaderElection.java:askForVotes(178)) - 277b5c5e-8c6f-4c9a-a53f-1bbc96404e12@group-569FAC3F8BCE-LeaderElection393: begin an election at term 409 for -1: [a32408a4-f19d-4bad-97c5-ba33ae94fc9a:192.168.157.254:38721, 6b24a2ab-97ee-4d49-85cc-2d76c2f4b8ef:192.168.157.254:41080, 277b5c5e-8c6f-4c9a-a53f-1bbc96404e12:192.168.157.254:41416], old=null
2019-10-16 21:55:48,172 [grpc-default-executor-1] INFO  impl.RaftServerImpl (RaftServerImpl.java:setRole(184)) - a32408a4-f19d-4bad-97c5-ba33ae94fc9a@group-569FAC3F8BCE: changes role from  FOLLOWER to FOLLOWER at term 409 for recognizeCandidate:277b5c5e-8c6f-4c9a-a53f-1bbc96404e12
2019-10-16 21:55:48,172 [grpc-default-executor-1] INFO  impl.RoleInfo (RoleInfo.java:shutdownFollowerState(121)) - a32408a4-f19d-4bad-97c5-ba33ae94fc9a: shutdown FollowerState
2019-10-16 21:55:48,172 [grpc-default-executor-0] INFO  impl.RaftServerImpl (RaftServerImpl.java:setRole(184)) - 6b24a2ab-97ee-4d49-85cc-2d76c2f4b8ef@group-569FAC3F8BCE: changes role from  FOLLOWER to FOLLOWER at term 409 for recognizeCandidate:277b5c5e-8c6f-4c9a-a53f-1bbc96404e12
2019-10-16 21:55:48,172 [grpc-default-executor-0] INFO  impl.RoleInfo (RoleInfo.java:shutdownFollowerState(121)) - 6b24a2ab-97ee-4d49-85cc-2d76c2f4b8ef: shutdown FollowerState
2019-10-16 21:55:48,172 [Thread-2710] INFO  impl.FollowerState (FollowerState.java:run(117)) - a32408a4-f19d-4bad-97c5-ba33ae94fc9a@group-569FAC3F8BCE-FollowerState was interrupted: java.lang.InterruptedException: sleep interrupted
2019-10-16 21:55:48,172 [grpc-default-executor-1] INFO  impl.RoleInfo (RoleInfo.java:updateAndGet(143)) - a32408a4-f19d-4bad-97c5-ba33ae94fc9a: start FollowerState
2019-10-16 21:55:48,172 [Thread-2711] INFO  impl.FollowerState (FollowerState.java:run(117)) - 6b24a2ab-97ee-4d49-85cc-2d76c2f4b8ef@group-569FAC3F8BCE-FollowerState was interrupted: java.lang.InterruptedException: sleep interrupted
2019-10-16 21:55:48,172 [grpc-default-executor-0] INFO  impl.RoleInfo (RoleInfo.java:updateAndGet(143)) - 6b24a2ab-97ee-4d49-85cc-2d76c2f4b8ef: start FollowerState
2019-10-16 21:55:48,184 [277b5c5e-8c6f-4c9a-a53f-1bbc96404e12@group-569FAC3F8BCE-LeaderElection393] INFO  impl.LeaderElection (LeaderElection.java:logAndReturn(56)) - 277b5c5e-8c6f-4c9a-a53f-1bbc96404e12@group-569FAC3F8BCE-LeaderElection393: Election TIMEOUT; received 0 response(s) [] and 0 exception(s); 277b5c5e-8c6f-4c9a-a53f-1bbc96404e12@group-569FAC3F8BCE:t409, leader=null, voted=277b5c5e-8c6f-4c9a-a53f-1bbc96404e12, raftlog=277b5c5e-8c6f-4c9a-a53f-1bbc96404e12@group-569FAC3F8BCE-SegmentedRaftLog:OPENED:c-1,f-1,i0, conf=-1: [a32408a4-f19d-4bad-97c5-ba33ae94fc9a:192.168.157.254:38721, 6b24a2ab-97ee-4d49-85cc-2d76c2f4b8ef:192.168.157.254:41080, 277b5c5e-8c6f-4c9a-a53f-1bbc96404e12:192.168.157.254:41416], old=null
2019-10-16 21:55:48,202 [277b5c5e-8c6f-4c9a-a53f-1bbc96404e12@group-569FAC3F8BCE-LeaderElection393] INFO  impl.LeaderElection (LeaderElection.java:askForVotes(178)) - 277b5c5e-8c6f-4c9a-a53f-1bbc96404e12@group-569FAC3F8BCE-LeaderElection393: begin an election at term 410 for -1: [a32408a4-f19d-4bad-97c5-ba33ae94fc9a:192.168.157.254:38721, 6b24a2ab-97ee-4d49-85cc-2d76c2f4b8ef:192.168.157.254:41080, 277b5c5e-8c6f-4c9a-a53f-1bbc96404e12:192.168.157.254:41416], old=null
2019-10-16 21:55:48,203 [grpc-default-executor-0] INFO  impl.RaftServerImpl (RaftServerImpl.java:setRole(184)) - a32408a4-f19d-4bad-97c5-ba33ae94fc9a@group-569FAC3F8BCE: changes role from  FOLLOWER to FOLLOWER at term 410 for recognizeCandidate:277b5c5e-8c6f-4c9a-a53f-1bbc96404e12
2019-10-16 21:55:48,203 [grpc-default-executor-0] INFO  impl.RoleInfo (RoleInfo.java:shutdownFollowerState(121)) - a32408a4-f19d-4bad-97c5-ba33ae94fc9a: shutdown FollowerState
2019-10-16 21:55:48,203 [grpc-default-executor-0] INFO  impl.RoleInfo (RoleInfo.java:updateAndGet(143)) - a32408a4-f19d-4bad-97c5-ba33ae94fc9a: start FollowerState
2019-10-16 21:55:48,203 [grpc-default-executor-1] INFO  impl.RaftServerImpl (RaftServerImpl.java:setRole(184)) - 6b24a2ab-97ee-4d49-85cc-2d76c2f4b8ef@group-569FAC3F8BCE: changes role from  FOLLOWER to FOLLOWER at term 410 for recognizeCandidate:277b5c5e-8c6f-4c9a-a53f-1bbc96404e12
2019-10-16 21:55:48,203 [grpc-default-executor-1] INFO  impl.RoleInfo (RoleInfo.java:shutdownFollowerState(121)) - 6b24a2ab-97ee-4d49-85cc-2d76c2f4b8ef: shutdown FollowerState
2019-10-16 21:55:48,203 [Thread-2716] INFO  impl.FollowerState (FollowerState.java:run(117)) - a32408a4-f19d-4bad-97c5-ba33ae94fc9a@group-569FAC3F8BCE-FollowerState was interrupted: java.lang.InterruptedException: sleep interrupted
2019-10-16 21:55:48,204 [Thread-2717] INFO  impl.FollowerState (FollowerState.java:run(117)) - 6b24a2ab-97ee-4d49-85cc-2d76c2f4b8ef@group-569FAC3F8BCE-FollowerState was interrupted: java.lang.InterruptedException: sleep interrupted
2019-10-16 21:55:48,204 [grpc-default-executor-1] INFO  impl.RoleInfo (RoleInfo.java:updateAndGet(143)) - 6b24a2ab-97ee-4d49-85cc-2d76c2f4b8ef: start FollowerState
2019-10-16 21:55:48,218 [277b5c5e-8c6f-4c9a-a53f-1bbc96404e12@group-569FAC3F8BCE-LeaderElection393] INFO  impl.LeaderElection (LeaderElection.java:logAndReturn(56)) - 277b5c5e-8c6f-4c9a-a53f-1bbc96404e12@group-569FAC3F8BCE-LeaderElection393: Election TIMEOUT; received 0 response(s) [] and 0 exception(s); 277b5c5e-8c6f-4c9a-a53f-1bbc96404e12@group-569FAC3F8BCE:t410, leader=null, voted=277b5c5e-8c6f-4c9a-a53f-1bbc96404e12, raftlog=277b5c5e-8c6f-4c9a-a53f-1bbc96404e12@group-569FAC3F8BCE-SegmentedRaftLog:OPENED:c-1,f-1,i0, conf=-1: [a32408a4-f19d-4bad-97c5-ba33ae94fc9a:192.168.157.254:38721, 6b24a2ab-97ee-4d49-85cc-2d76c2f4b8ef:192.168.157.254:41080, 277b5c5e-8c6f-4c9a-a53f-1bbc96404e12:192.168.157.254:41416], old=null
2019-10-16 21:55:48,229 [277b5c5e-8c6f-4c9a-a53f-1bbc96404e12@group-569FAC3F8BCE-LeaderElection393] INFO  impl.LeaderElection (LeaderElection.java:askForVotes(178)) - 277b5c5e-8c6f-4c9a-a53f-1bbc96404e12@group-569FAC3F8BCE-LeaderElection393: begin an election at term 411 for -1: [a32408a4-f19d-4bad-97c5-ba33ae94fc9a:192.168.157.254:38721, 6b24a2ab-97ee-4d49-85cc-2d76c2f4b8ef:192.168.157.254:41080, 277b5c5e-8c6f-4c9a-a53f-1bbc96404e12:192.168.157.254:41416], old=null
2019-10-16 21:55:48,230 [grpc-default-executor-1] INFO  impl.RaftServerImpl (RaftServerImpl.java:setRole(184)) - a32408a4-f19d-4bad-97c5-ba33ae94fc9a@group-569FAC3F8BCE: changes role from  FOLLOWER to FOLLOWER at term 411 for recognizeCandidate:277b5c5e-8c6f-4c9a-a53f-1bbc96404e12
2019-10-16 21:55:48,230 [grpc-default-executor-0] INFO  impl.RaftServerImpl (RaftServerImpl.java:setRole(184)) - 6b24a2ab-97ee-4d49-85cc-2d76c2f4b8ef@group-569FAC3F8BCE: changes role from  FOLLOWER to FOLLOWER at term 411 for recognizeCandidate:277b5c5e-8c6f-4c9a-a53f-1bbc96404e12
2019-10-16 21:55:48,230 [grpc-default-executor-0] INFO  impl.RoleInfo (RoleInfo.java:shutdownFollowerState(121)) - 6b24a2ab-97ee-4d49-85cc-2d76c2f4b8ef: shutdown FollowerState
2019-10-16 21:55:48,230 [grpc-default-executor-1] INFO  impl.RoleInfo (RoleInfo.java:shutdownFollowerState(121)) - a32408a4-f19d-4bad-97c5-ba33ae94fc9a: shutdown FollowerState
2019-10-16 21:55:48,231 [grpc-default-executor-0] INFO  impl.RoleInfo (RoleInfo.java:updateAndGet(143)) - 6b24a2ab-97ee-4d49-85cc-2d76c2f4b8ef: start FollowerState
2019-10-16 21:55:48,231 [Thread-2721] INFO  impl.FollowerState (FollowerState.java:run(117)) - 6b24a2ab-97ee-4d49-85cc-2d76c2f4b8ef@group-569FAC3F8BCE-FollowerState was interrupted: java.lang.InterruptedException: sleep interrupted
2019-10-16 21:55:48,231 [Thread-2720] INFO  impl.FollowerState (FollowerState.java:run(117)) - a32408a4-f19d-4bad-97c5-ba33ae94fc9a@group-569FAC3F8BCE-FollowerState was interrupted: java.lang.InterruptedException: sleep interrupted
2019-10-16 21:55:48,231 [grpc-default-executor-1] INFO  impl.RoleInfo (RoleInfo.java:updateAndGet(143)) - a32408a4-f19d-4bad-97c5-ba33ae94fc9a: start FollowerState
2019-10-16 21:55:48,265 [277b5c5e-8c6f-4c9a-a53f-1bbc96404e12@group-569FAC3F8BCE-LeaderElection393] INFO  impl.LeaderElection (LeaderElection.java:logAndReturn(56)) - 277b5c5e-8c6f-4c9a-a53f-1bbc96404e12@group-569FAC3F8BCE-LeaderElection393: Election REJECTED; received 2 response(s) [277b5c5e-8c6f-4c9a-a53f-1bbc96404e12<-a32408a4-f19d-4bad-97c5-ba33ae94fc9a#0:FAIL-t411, 277b5c5e-8c6f-4c9a-a53f-1bbc96404e12<-6b24a2ab-97ee-4d49-85cc-2d76c2f4b8ef#0:FAIL-t411] and 0 exception(s); 277b5c5e-8c6f-4c9a-a53f-1bbc96404e12@group-569FAC3F8BCE:t411, leader=null, voted=277b5c5e-8c6f-4c9a-a53f-1bbc96404e12, raftlog=277b5c5e-8c6f-4c9a-a53f-1bbc96404e12@group-569FAC3F8BCE-SegmentedRaftLog:OPENED:c-1,f-1,i0, conf=-1: [a32408a4-f19d-4bad-97c5-ba33ae94fc9a:192.168.157.254:38721, 6b24a2ab-97ee-4d49-85cc-2d76c2f4b8ef:192.168.157.254:41080, 277b5c5e-8c6f-4c9a-a53f-1bbc96404e12:192.168.157.254:41416], old=null
2019-10-16 21:55:48,265 [277b5c5e-8c6f-4c9a-a53f-1bbc96404e12@group-569FAC3F8BCE-LeaderElection393] INFO  impl.RaftServerImpl (RaftServerImpl.java:setRole(184)) - 277b5c5e-8c6f-4c9a-a53f-1bbc96404e12@group-569FAC3F8BCE: changes role from CANDIDATE to FOLLOWER at term 411 for DISCOVERED_A_NEW_TERM
2019-10-16 21:55:48,265 [277b5c5e-8c6f-4c9a-a53f-1bbc96404e12@group-569FAC3F8BCE-LeaderElection393] INFO  impl.RoleInfo (RoleInfo.java:shutdownLeaderElection(134)) - 277b5c5e-8c6f-4c9a-a53f-1bbc96404e12: shutdown LeaderElection
2019-10-16 21:55:48,266 [277b5c5e-8c6f-4c9a-a53f-1bbc96404e12@group-569FAC3F8BCE-LeaderElection393] INFO  impl.RoleInfo (RoleInfo.java:updateAndGet(143)) - 277b5c5e-8c6f-4c9a-a53f-1bbc96404e12: start FollowerState
2019-10-16 21:55:48,289 [Thread-2726] INFO  impl.FollowerState (FollowerState.java:run(108)) - 277b5c5e-8c6f-4c9a-a53f-1bbc96404e12@group-569FAC3F8BCE-FollowerState: change to CANDIDATE, lastRpcTime:23ms, electionTimeout:23ms
2019-10-16 21:55:48,289 [Thread-2726] INFO  impl.RoleInfo (RoleInfo.java:shutdownFollowerState(121)) - 277b5c5e-8c6f-4c9a-a53f-1bbc96404e12: shutdown FollowerState
2019-10-16 21:55:48,289 [Thread-2726] INFO  impl.RaftServerImpl (RaftServerImpl.java:setRole(184)) - 277b5c5e-8c6f-4c9a-a53f-1bbc96404e12@group-569FAC3F8BCE: changes role from  FOLLOWER to CANDIDATE at term 411 for changeToCandidate
2019-10-16 21:55:48,289 [Thread-2726] INFO  impl.RoleInfo (RoleInfo.java:updateAndGet(143)) - 277b5c5e-8c6f-4c9a-a53f-1bbc96404e12: start LeaderElection
2019-10-16 21:55:48,303 [277b5c5e-8c6f-4c9a-a53f-1bbc96404e12@group-569FAC3F8BCE-LeaderElection394] INFO  impl.LeaderElection (LeaderElection.java:askForVotes(178)) - 277b5c5e-8c6f-4c9a-a53f-1bbc96404e12@group-569FAC3F8BCE-LeaderElection394: begin an election at term 412 for -1: [a32408a4-f19d-4bad-97c5-ba33ae94fc9a:192.168.157.254:38721, 6b24a2ab-97ee-4d49-85cc-2d76c2f4b8ef:192.168.157.254:41080, 277b5c5e-8c6f-4c9a-a53f-1bbc96404e12:192.168.157.254:41416], old=null
2019-10-16 21:55:48,304 [grpc-default-executor-0] INFO  impl.RaftServerImpl (RaftServerImpl.java:setRole(184)) - a32408a4-f19d-4bad-97c5-ba33ae94fc9a@group-569FAC3F8BCE: changes role from  FOLLOWER to FOLLOWER at term 412 for recognizeCandidate:277b5c5e-8c6f-4c9a-a53f-1bbc96404e12
2019-10-16 21:55:48,304 [grpc-default-executor-0] INFO  impl.RoleInfo (RoleInfo.java:shutdownFollowerState(121)) - a32408a4-f19d-4bad-97c5-ba33ae94fc9a: shutdown FollowerState
2019-10-16 21:55:48,304 [grpc-default-executor-1] INFO  impl.RaftServerImpl (RaftServerImpl.java:setRole(184)) - 6b24a2ab-97ee-4d49-85cc-2d76c2f4b8ef@group-569FAC3F8BCE: changes role from  FOLLOWER to FOLLOWER at term 412 for recognizeCandidate:277b5c5e-8c6f-4c9a-a53f-1bbc96404e12
2019-10-16 21:55:48,305 [grpc-default-executor-1] INFO  impl.RoleInfo (RoleInfo.java:shutdownFollowerState(121)) - 6b24a2ab-97ee-4d49-85cc-2d76c2f4b8ef: shutdown FollowerState
2019-10-16 21:55:48,305 [Thread-2725] INFO  impl.FollowerState (FollowerState.java:run(117)) - a32408a4-f19d-4bad-97c5-ba33ae94fc9a@group-569FAC3F8BCE-FollowerState was interrupted: java.lang.InterruptedException: sleep interrupted
2019-10-16 21:55:48,305 [grpc-default-executor-0] INFO  impl.RoleInfo (RoleInfo.java:updateAndGet(143)) - a32408a4-f19d-4bad-97c5-ba33ae94fc9a: start FollowerState
2019-10-16 21:55:48,305 [Thread-2724] INFO  impl.FollowerState (FollowerState.java:run(117)) - 6b24a2ab-97ee-4d49-85cc-2d76c2f4b8ef@group-569FAC3F8BCE-FollowerState was interrupted: java.lang.InterruptedException: sleep interrupted
2019-10-16 21:55:48,305 [grpc-default-executor-1] INFO  impl.RoleInfo (RoleInfo.java:updateAndGet(143)) - 6b24a2ab-97ee-4d49-85cc-2d76c2f4b8ef: start FollowerState
2019-10-16 21:55:48,328 [277b5c5e-8c6f-4c9a-a53f-1bbc96404e12@group-569FAC3F8BCE-LeaderElection394] INFO  impl.LeaderElection (LeaderElection.java:logAndReturn(56)) - 277b5c5e-8c6f-4c9a-a53f-1bbc96404e12@group-569FAC3F8BCE-LeaderElection394: Election REJECTED; received 2 response(s) [277b5c5e-8c6f-4c9a-a53f-1bbc96404e12<-6b24a2ab-97ee-4d49-85cc-2d76c2f4b8ef#0:FAIL-t412, 277b5c5e-8c6f-4c9a-a53f-1bbc96404e12<-a32408a4-f19d-4bad-97c5-ba33ae94fc9a#0:FAIL-t412] and 0 exception(s); 277b5c5e-8c6f-4c9a-a53f-1bbc96404e12@group-569FAC3F8BCE:t412, leader=null, voted=277b5c5e-8c6f-4c9a-a53f-1bbc96404e12, raftlog=277b5c5e-8c6f-4c9a-a53f-1bbc96404e12@group-569FAC3F8BCE-SegmentedRaftLog:OPENED:c-1,f-1,i0, conf=-1: [a32408a4-f19d-4bad-97c5-ba33ae94fc9a:192.168.157.254:38721, 6b24a2ab-97ee-4d49-85cc-2d76c2f4b8ef:192.168.157.254:41080, 277b5c5e-8c6f-4c9a-a53f-1bbc96404e12:192.168.157.254:41416], old=null
2019-10-16 21:55:48,328 [277b5c5e-8c6f-4c9a-a53f-1bbc96404e12@group-569FAC3F8BCE-LeaderElection394] INFO  impl.RaftServerImpl (RaftServerImpl.java:setRole(184)) - 277b5c5e-8c6f-4c9a-a53f-1bbc96404e12@group-569FAC3F8BCE: changes role from CANDIDATE to FOLLOWER at term 412 for DISCOVERED_A_NEW_TERM
2019-10-16 21:55:48,328 [277b5c5e-8c6f-4c9a-a53f-1bbc96404e12@group-569FAC3F8BCE-LeaderElection394] INFO  impl.RoleInfo (RoleInfo.java:shutdownLeaderElection(134)) - 277b5c5e-8c6f-4c9a-a53f-1bbc96404e12: shutdown LeaderElection
2019-10-16 21:55:48,328 [277b5c5e-8c6f-4c9a-a53f-1bbc96404e12@group-569FAC3F8BCE-LeaderElection394] INFO  impl.RoleInfo (RoleInfo.java:updateAndGet(143)) - 277b5c5e-8c6f-4c9a-a53f-1bbc96404e12: start FollowerState
2019-10-16 21:55:48,397 [Thread-2732] INFO  impl.FollowerState (FollowerState.java:run(108)) - 277b5c5e-8c6f-4c9a-a53f-1bbc96404e12@group-569FAC3F8BCE-FollowerState: change to CANDIDATE, lastRpcTime:69ms, electionTimeout:69ms
2019-10-16 21:55:48,397 [Thread-2732] INFO  impl.RoleInfo (RoleInfo.java:shutdownFollowerState(121)) - 277b5c5e-8c6f-4c9a-a53f-1bbc96404e12: shutdown FollowerState
2019-10-16 21:55:48,398 [Thread-2732] INFO  impl.RaftServerImpl (RaftServerImpl.java:setRole(184)) - 277b5c5e-8c6f-4c9a-a53f-1bbc96404e12@group-569FAC3F8BCE: changes role from  FOLLOWER to CANDIDATE at term 412 for changeToCandidate
2019-10-16 21:55:48,398 [Thread-2732] INFO  impl.RoleInfo (RoleInfo.java:updateAndGet(143)) - 277b5c5e-8c6f-4c9a-a53f-1bbc96404e12: start LeaderElection
2019-10-16 21:55:48,411 [277b5c5e-8c6f-4c9a-a53f-1bbc96404e12@group-569FAC3F8BCE-LeaderElection395] INFO  impl.LeaderElection (LeaderElection.java:askForVotes(178)) - 277b5c5e-8c6f-4c9a-a53f-1bbc96404e12@group-569FAC3F8BCE-LeaderElection395: begin an election at term 413 for -1: [a32408a4-f19d-4bad-97c5-ba33ae94fc9a:192.168.157.254:38721, 6b24a2ab-97ee-4d49-85cc-2d76c2f4b8ef:192.168.157.254:41080, 277b5c5e-8c6f-4c9a-a53f-1bbc96404e12:192.168.157.254:41416], old=null
2019-10-16 21:55:48,412 [grpc-default-executor-1] INFO  impl.RaftServerImpl (RaftServerImpl.java:setRole(184)) - 6b24a2ab-97ee-4d49-85cc-2d76c2f4b8ef@group-569FAC3F8BCE: changes role from  FOLLOWER to FOLLOWER at term 413 for recognizeCandidate:277b5c5e-8c6f-4c9a-a53f-1bbc96404e12
2019-10-16 21:55:48,413 [grpc-default-executor-1] INFO  impl.RoleInfo (RoleInfo.java:shutdownFollowerState(121)) - 6b24a2ab-97ee-4d49-85cc-2d76c2f4b8ef: shutdown FollowerState
2019-10-16 21:55:48,412 [grpc-default-executor-0] INFO  impl.RaftServerImpl (RaftServerImpl.java:setRole(184)) - a32408a4-f19d-4bad-97c5-ba33ae94fc9a@group-569FAC3F8BCE: changes role from  FOLLOWER to FOLLOWER at term 413 for recognizeCandidate:277b5c5e-8c6f-4c9a-a53f-1bbc96404e12
2019-10-16 21:55:48,413 [Thread-2731] INFO  impl.FollowerState (FollowerState.java:run(117)) - 6b24a2ab-97ee-4d49-85cc-2d76c2f4b8ef@group-569FAC3F8BCE-FollowerState was interrupted: java.lang.InterruptedException: sleep interrupted
2019-10-16 21:55:48,413 [grpc-default-executor-1] INFO  impl.RoleInfo (RoleInfo.java:updateAndGet(143)) - 6b24a2ab-97ee-4d49-85cc-2d76c2f4b8ef: start FollowerState
2019-10-16 21:55:48,413 [grpc-default-executor-0] INFO  impl.RoleInfo (RoleInfo.java:shutdownFollowerState(121)) - a32408a4-f19d-4bad-97c5-ba33ae94fc9a: shutdown FollowerState
2019-10-16 21:55:48,413 [grpc-default-executor-0] INFO  impl.RoleInfo (RoleInfo.java:updateAndGet(143)) - a32408a4-f19d-4bad-97c5-ba33ae94fc9a: start FollowerState
2019-10-16 21:55:48,413 [Thread-2730] INFO  impl.FollowerState (FollowerState.java:run(117)) - a32408a4-f19d-4bad-97c5-ba33ae94fc9a@group-569FAC3F8BCE-FollowerState was interrupted: java.lang.InterruptedException: sleep interrupted
2019-10-16 21:55:48,428 [277b5c5e-8c6f-4c9a-a53f-1bbc96404e12@group-569FAC3F8BCE-LeaderElection395] INFO  impl.LeaderElection (LeaderElection.java:logAndReturn(56)) - 277b5c5e-8c6f-4c9a-a53f-1bbc96404e12@group-569FAC3F8BCE-LeaderElection395: Election REJECTED; received 2 response(s) [277b5c5e-8c6f-4c9a-a53f-1bbc96404e12<-a32408a4-f19d-4bad-97c5-ba33ae94fc9a#0:FAIL-t413, 277b5c5e-8c6f-4c9a-a53f-1bbc96404e12<-6b24a2ab-97ee-4d49-85cc-2d76c2f4b8ef#0:FAIL-t413] and 0 exception(s); 277b5c5e-8c6f-4c9a-a53f-1bbc96404e12@group-569FAC3F8BCE:t413, leader=null, voted=277b5c5e-8c6f-4c9a-a53f-1bbc96404e12, raftlog=277b5c5e-8c6f-4c9a-a53f-1bbc96404e12@group-569FAC3F8BCE-SegmentedRaftLog:OPENED:c-1,f-1,i0, conf=-1: [a32408a4-f19d-4bad-97c5-ba33ae94fc9a:192.168.157.254:38721, 6b24a2ab-97ee-4d49-85cc-2d76c2f4b8ef:192.168.157.254:41080, 277b5c5e-8c6f-4c9a-a53f-1bbc96404e12:192.168.157.254:41416], old=null
2019-10-16 21:55:48,428 [277b5c5e-8c6f-4c9a-a53f-1bbc96404e12@group-569FAC3F8BCE-LeaderElection395] INFO  impl.RaftServerImpl (RaftServerImpl.java:setRole(184)) - 277b5c5e-8c6f-4c9a-a53f-1bbc96404e12@group-569FAC3F8BCE: changes role from CANDIDATE to FOLLOWER at term 413 for DISCOVERED_A_NEW_TERM
2019-10-16 21:55:48,428 [277b5c5e-8c6f-4c9a-a53f-1bbc96404e12@group-569FAC3F8BCE-LeaderElection395] INFO  impl.RoleInfo (RoleInfo.java:shutdownLeaderElection(134)) - 277b5c5e-8c6f-4c9a-a53f-1bbc96404e12: shutdown LeaderElection
2019-10-16 21:55:48,428 [277b5c5e-8c6f-4c9a-a53f-1bbc96404e12@group-569FAC3F8BCE-LeaderElection395] INFO  impl.RoleInfo (RoleInfo.java:updateAndGet(143)) - 277b5c5e-8c6f-4c9a-a53f-1bbc96404e12: start FollowerState
2019-10-16 21:55:48,531 [Thread-2738] INFO  impl.FollowerState (FollowerState.java:run(108)) - 277b5c5e-8c6f-4c9a-a53f-1bbc96404e12@group-569FAC3F8BCE-FollowerState: change to CANDIDATE, lastRpcTime:103ms, electionTimeout:103ms
2019-10-16 21:55:48,531 [Thread-2738] INFO  impl.RoleInfo (RoleInfo.java:shutdownFollowerState(121)) - 277b5c5e-8c6f-4c9a-a53f-1bbc96404e12: shutdown FollowerState
2019-10-16 21:55:48,532 [Thread-2738] INFO  impl.RaftServerImpl (RaftServerImpl.java:setRole(184)) - 277b5c5e-8c6f-4c9a-a53f-1bbc96404e12@group-569FAC3F8BCE: changes role from  FOLLOWER to CANDIDATE at term 413 for changeToCandidate
2019-10-16 21:55:48,532 [Thread-2738] INFO  impl.RoleInfo (RoleInfo.java:updateAndGet(143)) - 277b5c5e-8c6f-4c9a-a53f-1bbc96404e12: start LeaderElection
2019-10-16 21:55:48,545 [277b5c5e-8c6f-4c9a-a53f-1bbc96404e12@group-569FAC3F8BCE-LeaderElection396] INFO  impl.LeaderElection (LeaderElection.java:askForVotes(178)) - 277b5c5e-8c6f-4c9a-a53f-1bbc96404e12@group-569FAC3F8BCE-LeaderElection396: begin an election at term 414 for -1: [a32408a4-f19d-4bad-97c5-ba33ae94fc9a:192.168.157.254:38721, 6b24a2ab-97ee-4d49-85cc-2d76c2f4b8ef:192.168.157.254:41080, 277b5c5e-8c6f-4c9a-a53f-1bbc96404e12:192.168.157.254:41416], old=null
2019-10-16 21:55:48,546 [grpc-default-executor-0] INFO  impl.RaftServerImpl (RaftServerImpl.java:setRole(184)) - a32408a4-f19d-4bad-97c5-ba33ae94fc9a@group-569FAC3F8BCE: changes role from  FOLLOWER to FOLLOWER at term 414 for recognizeCandidate:277b5c5e-8c6f-4c9a-a53f-1bbc96404e12
2019-10-16 21:55:48,546 [grpc-default-executor-0] INFO  impl.RoleInfo (RoleInfo.java:shutdownFollowerState(121)) - a32408a4-f19d-4bad-97c5-ba33ae94fc9a: shutdown FollowerState
2019-10-16 21:55:48,546 [grpc-default-executor-1] INFO  impl.RaftServerImpl (RaftServerImpl.java:setRole(184)) - 6b24a2ab-97ee-4d49-85cc-2d76c2f4b8ef@group-569FAC3F8BCE: changes role from  FOLLOWER to FOLLOWER at term 414 for recognizeCandidate:277b5c5e-8c6f-4c9a-a53f-1bbc96404e12
2019-10-16 21:55:48,546 [grpc-default-executor-1] INFO  impl.RoleInfo (RoleInfo.java:shutdownFollowerState(121)) - 6b24a2ab-97ee-4d49-85cc-2d76c2f4b8ef: shutdown FollowerState
2019-10-16 21:55:48,546 [Thread-2737] INFO  impl.FollowerState (FollowerState.java:run(117)) - a32408a4-f19d-4bad-97c5-ba33ae94fc9a@group-569FAC3F8BCE-FollowerState was interrupted: java.lang.InterruptedException: sleep interrupted
2019-10-16 21:55:48,546 [grpc-default-executor-0] INFO  impl.RoleInfo (RoleInfo.java:updateAndGet(143)) - a32408a4-f19d-4bad-97c5-ba33ae94fc9a: start FollowerState
2019-10-16 21:55:48,547 [Thread-2736] INFO  impl.FollowerState (FollowerState.java:run(117)) - 6b24a2ab-97ee-4d49-85cc-2d76c2f4b8ef@group-569FAC3F8BCE-FollowerState was interrupted: java.lang.InterruptedException: sleep interrupted
2019-10-16 21:55:48,546 [grpc-default-executor-1] INFO  impl.RoleInfo (RoleInfo.java:updateAndGet(143)) - 6b24a2ab-97ee-4d49-85cc-2d76c2f4b8ef: start FollowerState
2019-10-16 21:55:48,561 [277b5c5e-8c6f-4c9a-a53f-1bbc96404e12@group-569FAC3F8BCE-LeaderElection396] INFO  impl.LeaderElection (LeaderElection.java:logAndReturn(56)) - 277b5c5e-8c6f-4c9a-a53f-1bbc96404e12@group-569FAC3F8BCE-LeaderElection396: Election REJECTED; received 2 response(s) [277b5c5e-8c6f-4c9a-a53f-1bbc96404e12<-a32408a4-f19d-4bad-97c5-ba33ae94fc9a#0:FAIL-t414, 277b5c5e-8c6f-4c9a-a53f-1bbc96404e12<-6b24a2ab-97ee-4d49-85cc-2d76c2f4b8ef#0:FAIL-t414] and 0 exception(s); 277b5c5e-8c6f-4c9a-a53f-1bbc96404e12@group-569FAC3F8BCE:t414, leader=null, voted=277b5c5e-8c6f-4c9a-a53f-1bbc96404e12, raftlog=277b5c5e-8c6f-4c9a-a53f-1bbc96404e12@group-569FAC3F8BCE-SegmentedRaftLog:OPENED:c-1,f-1,i0, conf=-1: [a32408a4-f19d-4bad-97c5-ba33ae94fc9a:192.168.157.254:38721, 6b24a2ab-97ee-4d49-85cc-2d76c2f4b8ef:192.168.157.254:41080, 277b5c5e-8c6f-4c9a-a53f-1bbc96404e12:192.168.157.254:41416], old=null
2019-10-16 21:55:48,561 [277b5c5e-8c6f-4c9a-a53f-1bbc96404e12@group-569FAC3F8BCE-LeaderElection396] INFO  impl.RaftServerImpl (RaftServerImpl.java:setRole(184)) - 277b5c5e-8c6f-4c9a-a53f-1bbc96404e12@group-569FAC3F8BCE: changes role from CANDIDATE to FOLLOWER at term 414 for DISCOVERED_A_NEW_TERM
2019-10-16 21:55:48,561 [277b5c5e-8c6f-4c9a-a53f-1bbc96404e12@group-569FAC3F8BCE-LeaderElection396] INFO  impl.RoleInfo (RoleInfo.java:shutdownLeaderElection(134)) - 277b5c5e-8c6f-4c9a-a53f-1bbc96404e12: shutdown LeaderElection
2019-10-16 21:55:48,561 [277b5c5e-8c6f-4c9a-a53f-1bbc96404e12@group-569FAC3F8BCE-LeaderElection396] INFO  impl.RoleInfo (RoleInfo.java:updateAndGet(143)) - 277b5c5e-8c6f-4c9a-a53f-1bbc96404e12: start FollowerState
2019-10-16 21:55:48,562 [Thread-2744] INFO  impl.FollowerState (FollowerState.java:run(108)) - 277b5c5e-8c6f-4c9a-a53f-1bbc96404e12@group-569FAC3F8BCE-FollowerState: change to CANDIDATE, lastRpcTime:1ms, electionTimeout:1ms
2019-10-16 21:55:48,562 [Thread-2744] INFO  impl.RoleInfo (RoleInfo.java:shutdownFollowerState(121)) - 277b5c5e-8c6f-4c9a-a53f-1bbc96404e12: shutdown FollowerState
2019-10-16 21:55:48,562 [Thread-2744] INFO  impl.RaftServerImpl (RaftServerImpl.java:setRole(184)) - 277b5c5e-8c6f-4c9a-a53f-1bbc96404e12@group-569FAC3F8BCE: changes role from  FOLLOWER to CANDIDATE at term 414 for changeToCandidate
2019-10-16 21:55:48,562 [Thread-2744] INFO  impl.RoleInfo (RoleInfo.java:updateAndGet(143)) - 277b5c5e-8c6f-4c9a-a53f-1bbc96404e12: start LeaderElection
2019-10-16 21:55:48,575 [277b5c5e-8c6f-4c9a-a53f-1bbc96404e12@group-569FAC3F8BCE-LeaderElection397] INFO  impl.LeaderElection (LeaderElection.java:askForVotes(178)) - 277b5c5e-8c6f-4c9a-a53f-1bbc96404e12@group-569FAC3F8BCE-LeaderElection397: begin an election at term 415 for -1: [a32408a4-f19d-4bad-97c5-ba33ae94fc9a:192.168.157.254:38721, 6b24a2ab-97ee-4d49-85cc-2d76c2f4b8ef:192.168.157.254:41080, 277b5c5e-8c6f-4c9a-a53f-1bbc96404e12:192.168.157.254:41416], old=null
2019-10-16 21:55:48,576 [grpc-default-executor-0] INFO  impl.RaftServerImpl (RaftServerImpl.java:setRole(184)) - a32408a4-f19d-4bad-97c5-ba33ae94fc9a@group-569FAC3F8BCE: changes role from  FOLLOWER to FOLLOWER at term 415 for recognizeCandidate:277b5c5e-8c6f-4c9a-a53f-1bbc96404e12
2019-10-16 21:55:48,576 [grpc-default-executor-0] INFO  impl.RoleInfo (RoleInfo.java:shutdownFollowerState(121)) - a32408a4-f19d-4bad-97c5-ba33ae94fc9a: shutdown FollowerState
2019-10-16 21:55:48,576 [grpc-default-executor-0] INFO  impl.RoleInfo (RoleInfo.java:updateAndGet(143)) - a32408a4-f19d-4bad-97c5-ba33ae94fc9a: start FollowerState
2019-10-16 21:55:48,576 [Thread-2742] INFO  impl.FollowerState (FollowerState.java:run(117)) - a32408a4-f19d-4bad-97c5-ba33ae94fc9a@group-569FAC3F8BCE-FollowerState was interrupted: java.lang.InterruptedException: sleep interrupted
2019-10-16 21:55:48,576 [grpc-default-executor-1] INFO  impl.RaftServerImpl (RaftServerImpl.java:setRole(184)) - 6b24a2ab-97ee-4d49-85cc-2d76c2f4b8ef@group-569FAC3F8BCE: changes role from  FOLLOWER to FOLLOWER at term 415 for recognizeCandidate:277b5c5e-8c6f-4c9a-a53f-1bbc96404e12
2019-10-16 21:55:48,577 [grpc-default-executor-1] INFO  impl.RoleInfo (RoleInfo.java:shutdownFollowerState(121)) - 6b24a2ab-97ee-4d49-85cc-2d76c2f4b8ef: shutdown FollowerState
2019-10-16 21:55:48,577 [grpc-default-executor-1] INFO  impl.RoleInfo (RoleInfo.java:updateAndGet(143)) - 6b24a2ab-97ee-4d49-85cc-2d76c2f4b8ef: start FollowerState
2019-10-16 21:55:48,577 [Thread-2743] INFO  impl.FollowerState (FollowerState.java:run(117)) - 6b24a2ab-97ee-4d49-85cc-2d76c2f4b8ef@group-569FAC3F8BCE-FollowerState was interrupted: java.lang.InterruptedException: sleep interrupted
2019-10-16 21:55:48,591 [277b5c5e-8c6f-4c9a-a53f-1bbc96404e12@group-569FAC3F8BCE-LeaderElection397] INFO  impl.LeaderElection (LeaderElection.java:logAndReturn(56)) - 277b5c5e-8c6f-4c9a-a53f-1bbc96404e12@group-569FAC3F8BCE-LeaderElection397: Election REJECTED; received 2 response(s) [277b5c5e-8c6f-4c9a-a53f-1bbc96404e12<-6b24a2ab-97ee-4d49-85cc-2d76c2f4b8ef#0:FAIL-t415, 277b5c5e-8c6f-4c9a-a53f-1bbc96404e12<-a32408a4-f19d-4bad-97c5-ba33ae94fc9a#0:FAIL-t415] and 0 exception(s); 277b5c5e-8c6f-4c9a-a53f-1bbc96404e12@group-569FAC3F8BCE:t415, leader=null, voted=277b5c5e-8c6f-4c9a-a53f-1bbc96404e12, raftlog=277b5c5e-8c6f-4c9a-a53f-1bbc96404e12@group-569FAC3F8BCE-SegmentedRaftLog:OPENED:c-1,f-1,i0, conf=-1: [a32408a4-f19d-4bad-97c5-ba33ae94fc9a:192.168.157.254:38721, 6b24a2ab-97ee-4d49-85cc-2d76c2f4b8ef:192.168.157.254:41080, 277b5c5e-8c6f-4c9a-a53f-1bbc96404e12:192.168.157.254:41416], old=null
2019-10-16 21:55:48,591 [277b5c5e-8c6f-4c9a-a53f-1bbc96404e12@group-569FAC3F8BCE-LeaderElection397] INFO  impl.RaftServerImpl (RaftServerImpl.java:setRole(184)) - 277b5c5e-8c6f-4c9a-a53f-1bbc96404e12@group-569FAC3F8BCE: changes role from CANDIDATE to FOLLOWER at term 415 for DISCOVERED_A_NEW_TERM
2019-10-16 21:55:48,591 [277b5c5e-8c6f-4c9a-a53f-1bbc96404e12@group-569FAC3F8BCE-LeaderElection397] INFO  impl.RoleInfo (RoleInfo.java:shutdownLeaderElection(134)) - 277b5c5e-8c6f-4c9a-a53f-1bbc96404e12: shutdown LeaderElection
2019-10-16 21:55:48,591 [277b5c5e-8c6f-4c9a-a53f-1bbc96404e12@group-569FAC3F8BCE-LeaderElection397] INFO  impl.RoleInfo (RoleInfo.java:updateAndGet(143)) - 277b5c5e-8c6f-4c9a-a53f-1bbc96404e12: start FollowerState
2019-10-16 21:55:48,648 [Thread-0] INFO  ozone.MiniOzoneClusterImpl (MiniOzoneClusterImpl.java:lambda$waitForClusterToBeReady$2(164)) - Waiting for 1 number of pipelines out of 4, to report a leader.
2019-10-16 21:55:48,696 [Thread-0] INFO  ozone.MiniOzoneClusterImpl (MiniOzoneClusterImpl.java:shutdown(352)) - Shutting down the Mini Ozone Cluster
2019-10-16 21:55:48,697 [Thread-0] INFO  ozone.MiniOzoneClusterImpl (MiniOzoneClusterImpl.java:stop(368)) - Stopping the Mini Ozone Cluster
2019-10-16 21:55:48,697 [Thread-0] INFO  ozone.MiniOzoneClusterImpl (MiniOzoneClusterImpl.java:stopOM(438)) - Stopping the OzoneManager
2019-10-16 21:55:48,697 [Thread-0] INFO  ipc.Server (Server.java:stop(3082)) - Stopping server on 32962
2019-10-16 21:55:48,700 [IPC Server listener on 32962] INFO  ipc.Server (Server.java:run(1185)) - Stopping IPC Server listener on 32962
2019-10-16 21:55:48,700 [Thread-0] INFO  ratis.OzoneManagerDoubleBuffer (OzoneManagerDoubleBuffer.java:stop(250)) - Stopping OMDoubleBuffer flush thread
2019-10-16 21:55:48,700 [IPC Server Responder] INFO  ipc.Server (Server.java:run(1319)) - Stopping IPC Server Responder
2019-10-16 21:55:48,700 [OMDoubleBufferFlushThread] INFO  ratis.OzoneManagerDoubleBuffer (OzoneManagerDoubleBuffer.java:flushTransactions(193)) - OMDoubleBuffer flush thread OMDoubleBufferFlushThread is interrupted and will exit. OMDoubleBufferFlushThread
2019-10-16 21:55:48,701 [Thread-0] INFO  utils.BackgroundService (BackgroundService.java:shutdown(151)) - Shutting down service KeyDeletingService
2019-10-16 21:55:48,705 [Thread-0] INFO  handler.ContextHandler (ContextHandler.java:doStop(910)) - Stopped o.e.j.w.WebAppContext@1e0255bd{/,null,UNAVAILABLE}{/ozoneManager}
2019-10-16 21:55:48,710 [Thread-0] INFO  server.AbstractConnector (AbstractConnector.java:doStop(318)) - Stopped ServerConnector@520cf50a{HTTP/1.1,[http/1.1]}{0.0.0.0:0}
2019-10-16 21:55:48,710 [Thread-0] INFO  handler.ContextHandler (ContextHandler.java:doStop(910)) - Stopped o.e.j.s.ServletContextHandler@2427ebec{/static,jar:file:/home/user/.m2/repository/org/apache/hadoop/hadoop-ozone-ozone-manager/0.5.0-SNAPSHOT/hadoop-ozone-ozone-manager-0.5.0-SNAPSHOT.jar!/webapps/static,UNAVAILABLE}
2019-10-16 21:55:48,710 [Thread-0] INFO  handler.ContextHandler (ContextHandler.java:doStop(910)) - Stopped o.e.j.s.ServletContextHandler@3e0c7fda{/logs,file:///workdir/hadoop-ozone/ozonefs/target/log,UNAVAILABLE}
2019-10-16 21:55:48,716 [Thread-0] INFO  ozone.MiniOzoneClusterImpl (MiniOzoneClusterImpl.java:stopDatanodes(415)) - Stopping the HddsDatanodes
2019-10-16 21:55:48,721 [Datanode State Machine Thread - 0] INFO  statemachine.DatanodeStateMachine (DatanodeStateMachine.java:lambda$startDaemon$0(350)) - Ozone container server started.
2019-10-16 21:55:48,729 [Thread-2750] INFO  impl.FollowerState (FollowerState.java:run(108)) - 277b5c5e-8c6f-4c9a-a53f-1bbc96404e12@group-569FAC3F8BCE-FollowerState: change to CANDIDATE, lastRpcTime:138ms, electionTimeout:138ms
2019-10-16 21:55:48,729 [Thread-2750] INFO  impl.RoleInfo (RoleInfo.java:shutdownFollowerState(121)) - 277b5c5e-8c6f-4c9a-a53f-1bbc96404e12: shutdown FollowerState
2019-10-16 21:55:48,729 [Thread-2750] INFO  impl.RaftServerImpl (RaftServerImpl.java:setRole(184)) - 277b5c5e-8c6f-4c9a-a53f-1bbc96404e12@group-569FAC3F8BCE: changes role from  FOLLOWER to CANDIDATE at term 415 for changeToCandidate
2019-10-16 21:55:48,730 [Thread-2750] INFO  impl.RoleInfo (RoleInfo.java:updateAndGet(143)) - 277b5c5e-8c6f-4c9a-a53f-1bbc96404e12: start LeaderElection
2019-10-16 21:55:48,744 [277b5c5e-8c6f-4c9a-a53f-1bbc96404e12@group-569FAC3F8BCE-LeaderElection398] INFO  impl.LeaderElection (LeaderElection.java:askForVotes(178)) - 277b5c5e-8c6f-4c9a-a53f-1bbc96404e12@group-569FAC3F8BCE-LeaderElection398: begin an election at term 416 for -1: [a32408a4-f19d-4bad-97c5-ba33ae94fc9a:192.168.157.254:38721, 6b24a2ab-97ee-4d49-85cc-2d76c2f4b8ef:192.168.157.254:41080, 277b5c5e-8c6f-4c9a-a53f-1bbc96404e12:192.168.157.254:41416], old=null
2019-10-16 21:55:48,746 [grpc-default-executor-1] INFO  impl.RaftServerImpl (RaftServerImpl.java:setRole(184)) - 6b24a2ab-97ee-4d49-85cc-2d76c2f4b8ef@group-569FAC3F8BCE: changes role from  FOLLOWER to FOLLOWER at term 416 for recognizeCandidate:277b5c5e-8c6f-4c9a-a53f-1bbc96404e12
2019-10-16 21:55:48,746 [grpc-default-executor-1] INFO  impl.RoleInfo (RoleInfo.java:shutdownFollowerState(121)) - 6b24a2ab-97ee-4d49-85cc-2d76c2f4b8ef: shutdown FollowerState
2019-10-16 21:55:48,746 [grpc-default-executor-0] INFO  impl.RaftServerImpl (RaftServerImpl.java:setRole(184)) - a32408a4-f19d-4bad-97c5-ba33ae94fc9a@group-569FAC3F8BCE: changes role from  FOLLOWER to FOLLOWER at term 416 for recognizeCandidate:277b5c5e-8c6f-4c9a-a53f-1bbc96404e12
2019-10-16 21:55:48,746 [Thread-2749] INFO  impl.FollowerState (FollowerState.java:run(117)) - 6b24a2ab-97ee-4d49-85cc-2d76c2f4b8ef@group-569FAC3F8BCE-FollowerState was interrupted: java.lang.InterruptedException: sleep interrupted
2019-10-16 21:55:48,746 [grpc-default-executor-1] INFO  impl.RoleInfo (RoleInfo.java:updateAndGet(143)) - 6b24a2ab-97ee-4d49-85cc-2d76c2f4b8ef: start FollowerState
2019-10-16 21:55:48,746 [grpc-default-executor-0] INFO  impl.RoleInfo (RoleInfo.java:shutdownFollowerState(121)) - a32408a4-f19d-4bad-97c5-ba33ae94fc9a: shutdown FollowerState
2019-10-16 21:55:48,747 [grpc-default-executor-0] INFO  impl.RoleInfo (RoleInfo.java:updateAndGet(143)) - a32408a4-f19d-4bad-97c5-ba33ae94fc9a: start FollowerState
2019-10-16 21:55:48,747 [Thread-2748] INFO  impl.FollowerState (FollowerState.java:run(117)) - a32408a4-f19d-4bad-97c5-ba33ae94fc9a@group-569FAC3F8BCE-FollowerState was interrupted: java.lang.InterruptedException: sleep interrupted
2019-10-16 21:55:48,762 [277b5c5e-8c6f-4c9a-a53f-1bbc96404e12@group-569FAC3F8BCE-LeaderElection398] INFO  impl.LeaderElection (LeaderElection.java:logAndReturn(56)) - 277b5c5e-8c6f-4c9a-a53f-1bbc96404e12@group-569FAC3F8BCE-LeaderElection398: Election REJECTED; received 2 response(s) [277b5c5e-8c6f-4c9a-a53f-1bbc96404e12<-6b24a2ab-97ee-4d49-85cc-2d76c2f4b8ef#0:FAIL-t416, 277b5c5e-8c6f-4c9a-a53f-1bbc96404e12<-a32408a4-f19d-4bad-97c5-ba33ae94fc9a#0:FAIL-t416] and 0 exception(s); 277b5c5e-8c6f-4c9a-a53f-1bbc96404e12@group-569FAC3F8BCE:t416, leader=null, voted=277b5c5e-8c6f-4c9a-a53f-1bbc96404e12, raftlog=277b5c5e-8c6f-4c9a-a53f-1bbc96404e12@group-569FAC3F8BCE-SegmentedRaftLog:OPENED:c-1,f-1,i0, conf=-1: [a32408a4-f19d-4bad-97c5-ba33ae94fc9a:192.168.157.254:38721, 6b24a2ab-97ee-4d49-85cc-2d76c2f4b8ef:192.168.157.254:41080, 277b5c5e-8c6f-4c9a-a53f-1bbc96404e12:192.168.157.254:41416], old=null
2019-10-16 21:55:48,763 [277b5c5e-8c6f-4c9a-a53f-1bbc96404e12@group-569FAC3F8BCE-LeaderElection398] INFO  impl.RaftServerImpl (RaftServerImpl.java:setRole(184)) - 277b5c5e-8c6f-4c9a-a53f-1bbc96404e12@group-569FAC3F8BCE: changes role from CANDIDATE to FOLLOWER at term 416 for DISCOVERED_A_NEW_TERM
2019-10-16 21:55:48,763 [277b5c5e-8c6f-4c9a-a53f-1bbc96404e12@group-569FAC3F8BCE-LeaderElection398] INFO  impl.RoleInfo (RoleInfo.java:shutdownLeaderElection(134)) - 277b5c5e-8c6f-4c9a-a53f-1bbc96404e12: shutdown LeaderElection
2019-10-16 21:55:48,763 [277b5c5e-8c6f-4c9a-a53f-1bbc96404e12@group-569FAC3F8BCE-LeaderElection398] INFO  impl.RoleInfo (RoleInfo.java:updateAndGet(143)) - 277b5c5e-8c6f-4c9a-a53f-1bbc96404e12: start FollowerState
2019-10-16 21:55:48,884 [Thread-2757] INFO  impl.FollowerState (FollowerState.java:run(108)) - 277b5c5e-8c6f-4c9a-a53f-1bbc96404e12@group-569FAC3F8BCE-FollowerState: change to CANDIDATE, lastRpcTime:121ms, electionTimeout:121ms
2019-10-16 21:55:48,884 [Thread-2757] INFO  impl.RoleInfo (RoleInfo.java:shutdownFollowerState(121)) - 277b5c5e-8c6f-4c9a-a53f-1bbc96404e12: shutdown FollowerState
2019-10-16 21:55:48,885 [Thread-2757] INFO  impl.RaftServerImpl (RaftServerImpl.java:setRole(184)) - 277b5c5e-8c6f-4c9a-a53f-1bbc96404e12@group-569FAC3F8BCE: changes role from  FOLLOWER to CANDIDATE at term 416 for changeToCandidate
2019-10-16 21:55:48,885 [Thread-2757] INFO  impl.RoleInfo (RoleInfo.java:updateAndGet(143)) - 277b5c5e-8c6f-4c9a-a53f-1bbc96404e12: start LeaderElection
2019-10-16 21:55:48,899 [277b5c5e-8c6f-4c9a-a53f-1bbc96404e12@group-569FAC3F8BCE-LeaderElection399] INFO  impl.LeaderElection (LeaderElection.java:askForVotes(178)) - 277b5c5e-8c6f-4c9a-a53f-1bbc96404e12@group-569FAC3F8BCE-LeaderElection399: begin an election at term 417 for -1: [a32408a4-f19d-4bad-97c5-ba33ae94fc9a:192.168.157.254:38721, 6b24a2ab-97ee-4d49-85cc-2d76c2f4b8ef:192.168.157.254:41080, 277b5c5e-8c6f-4c9a-a53f-1bbc96404e12:192.168.157.254:41416], old=null
2019-10-16 21:55:48,901 [grpc-default-executor-0] INFO  impl.RaftServerImpl (RaftServerImpl.java:setRole(184)) - a32408a4-f19d-4bad-97c5-ba33ae94fc9a@group-569FAC3F8BCE: changes role from  FOLLOWER to FOLLOWER at term 417 for recognizeCandidate:277b5c5e-8c6f-4c9a-a53f-1bbc96404e12
2019-10-16 21:55:48,901 [grpc-default-executor-1] INFO  impl.RaftServerImpl (RaftServerImpl.java:setRole(184)) - 6b24a2ab-97ee-4d49-85cc-2d76c2f4b8ef@group-569FAC3F8BCE: changes role from  FOLLOWER to FOLLOWER at term 417 for recognizeCandidate:277b5c5e-8c6f-4c9a-a53f-1bbc96404e12
2019-10-16 21:55:48,901 [grpc-default-executor-0] INFO  impl.RoleInfo (RoleInfo.java:shutdownFollowerState(121)) - a32408a4-f19d-4bad-97c5-ba33ae94fc9a: shutdown FollowerState
2019-10-16 21:55:48,901 [grpc-default-executor-1] INFO  impl.RoleInfo (RoleInfo.java:shutdownFollowerState(121)) - 6b24a2ab-97ee-4d49-85cc-2d76c2f4b8ef: shutdown FollowerState
2019-10-16 21:55:48,901 [grpc-default-executor-0] INFO  impl.RoleInfo (RoleInfo.java:updateAndGet(143)) - a32408a4-f19d-4bad-97c5-ba33ae94fc9a: start FollowerState
2019-10-16 21:55:48,901 [Thread-2755] INFO  impl.FollowerState (FollowerState.java:run(117)) - 6b24a2ab-97ee-4d49-85cc-2d76c2f4b8ef@group-569FAC3F8BCE-FollowerState was interrupted: java.lang.InterruptedException: sleep interrupted
2019-10-16 21:55:48,901 [Thread-2756] INFO  impl.FollowerState (FollowerState.java:run(117)) - a32408a4-f19d-4bad-97c5-ba33ae94fc9a@group-569FAC3F8BCE-FollowerState was interrupted: java.lang.InterruptedException: sleep interrupted
2019-10-16 21:55:48,901 [grpc-default-executor-1] INFO  impl.RoleInfo (RoleInfo.java:updateAndGet(143)) - 6b24a2ab-97ee-4d49-85cc-2d76c2f4b8ef: start FollowerState
2019-10-16 21:55:48,916 [277b5c5e-8c6f-4c9a-a53f-1bbc96404e12@group-569FAC3F8BCE-LeaderElection399] INFO  impl.LeaderElection (LeaderElection.java:logAndReturn(56)) - 277b5c5e-8c6f-4c9a-a53f-1bbc96404e12@group-569FAC3F8BCE-LeaderElection399: Election REJECTED; received 2 response(s) [277b5c5e-8c6f-4c9a-a53f-1bbc96404e12<-a32408a4-f19d-4bad-97c5-ba33ae94fc9a#0:FAIL-t417, 277b5c5e-8c6f-4c9a-a53f-1bbc96404e12<-6b24a2ab-97ee-4d49-85cc-2d76c2f4b8ef#0:FAIL-t417] and 0 exception(s); 277b5c5e-8c6f-4c9a-a53f-1bbc96404e12@group-569FAC3F8BCE:t417, leader=null, voted=277b5c5e-8c6f-4c9a-a53f-1bbc96404e12, raftlog=277b5c5e-8c6f-4c9a-a53f-1bbc96404e12@group-569FAC3F8BCE-SegmentedRaftLog:OPENED:c-1,f-1,i0, conf=-1: [a32408a4-f19d-4bad-97c5-ba33ae94fc9a:192.168.157.254:38721, 6b24a2ab-97ee-4d49-85cc-2d76c2f4b8ef:192.168.157.254:41080, 277b5c5e-8c6f-4c9a-a53f-1bbc96404e12:192.168.157.254:41416], old=null
2019-10-16 21:55:48,916 [277b5c5e-8c6f-4c9a-a53f-1bbc96404e12@group-569FAC3F8BCE-LeaderElection399] INFO  impl.RaftServerImpl (RaftServerImpl.java:setRole(184)) - 277b5c5e-8c6f-4c9a-a53f-1bbc96404e12@group-569FAC3F8BCE: changes role from CANDIDATE to FOLLOWER at term 417 for DISCOVERED_A_NEW_TERM
2019-10-16 21:55:48,916 [277b5c5e-8c6f-4c9a-a53f-1bbc96404e12@group-569FAC3F8BCE-LeaderElection399] INFO  impl.RoleInfo (RoleInfo.java:shutdownLeaderElection(134)) - 277b5c5e-8c6f-4c9a-a53f-1bbc96404e12: shutdown LeaderElection
2019-10-16 21:55:48,916 [277b5c5e-8c6f-4c9a-a53f-1bbc96404e12@group-569FAC3F8BCE-LeaderElection399] INFO  impl.RoleInfo (RoleInfo.java:updateAndGet(143)) - 277b5c5e-8c6f-4c9a-a53f-1bbc96404e12: start FollowerState
2019-10-16 21:55:49,083 [Thread-2763] INFO  impl.FollowerState (FollowerState.java:run(108)) - 277b5c5e-8c6f-4c9a-a53f-1bbc96404e12@group-569FAC3F8BCE-FollowerState: change to CANDIDATE, lastRpcTime:167ms, electionTimeout:167ms
2019-10-16 21:55:49,084 [Thread-2763] INFO  impl.RoleInfo (RoleInfo.java:shutdownFollowerState(121)) - 277b5c5e-8c6f-4c9a-a53f-1bbc96404e12: shutdown FollowerState
2019-10-16 21:55:49,084 [Thread-2763] INFO  impl.RaftServerImpl (RaftServerImpl.java:setRole(184)) - 277b5c5e-8c6f-4c9a-a53f-1bbc96404e12@group-569FAC3F8BCE: changes role from  FOLLOWER to CANDIDATE at term 417 for changeToCandidate
2019-10-16 21:55:49,084 [Thread-2763] INFO  impl.RoleInfo (RoleInfo.java:updateAndGet(143)) - 277b5c5e-8c6f-4c9a-a53f-1bbc96404e12: start LeaderElection
2019-10-16 21:55:49,105 [277b5c5e-8c6f-4c9a-a53f-1bbc96404e12@group-569FAC3F8BCE-LeaderElection400] INFO  impl.LeaderElection (LeaderElection.java:askForVotes(178)) - 277b5c5e-8c6f-4c9a-a53f-1bbc96404e12@group-569FAC3F8BCE-LeaderElection400: begin an election at term 418 for -1: [a32408a4-f19d-4bad-97c5-ba33ae94fc9a:192.168.157.254:38721, 6b24a2ab-97ee-4d49-85cc-2d76c2f4b8ef:192.168.157.254:41080, 277b5c5e-8c6f-4c9a-a53f-1bbc96404e12:192.168.157.254:41416], old=null
2019-10-16 21:55:49,107 [grpc-default-executor-0] INFO  impl.RaftServerImpl (RaftServerImpl.java:setRole(184)) - a32408a4-f19d-4bad-97c5-ba33ae94fc9a@group-569FAC3F8BCE: changes role from  FOLLOWER to FOLLOWER at term 418 for recognizeCandidate:277b5c5e-8c6f-4c9a-a53f-1bbc96404e12
2019-10-16 21:55:49,107 [grpc-default-executor-0] INFO  impl.RoleInfo (RoleInfo.java:shutdownFollowerState(121)) - a32408a4-f19d-4bad-97c5-ba33ae94fc9a: shutdown FollowerState
2019-10-16 21:55:49,107 [grpc-default-executor-1] INFO  impl.RaftServerImpl (RaftServerImpl.java:setRole(184)) - 6b24a2ab-97ee-4d49-85cc-2d76c2f4b8ef@group-569FAC3F8BCE: changes role from  FOLLOWER to FOLLOWER at term 418 for recognizeCandidate:277b5c5e-8c6f-4c9a-a53f-1bbc96404e12
2019-10-16 21:55:49,107 [Thread-2761] INFO  impl.FollowerState (FollowerState.java:run(117)) - a32408a4-f19d-4bad-97c5-ba33ae94fc9a@group-569FAC3F8BCE-FollowerState was interrupted: java.lang.InterruptedException: sleep interrupted
2019-10-16 21:55:49,107 [grpc-default-executor-0] INFO  impl.RoleInfo (RoleInfo.java:updateAndGet(143)) - a32408a4-f19d-4bad-97c5-ba33ae94fc9a: start FollowerState
2019-10-16 21:55:49,107 [grpc-default-executor-1] INFO  impl.RoleInfo (RoleInfo.java:shutdownFollowerState(121)) - 6b24a2ab-97ee-4d49-85cc-2d76c2f4b8ef: shutdown FollowerState
2019-10-16 21:55:49,107 [grpc-default-executor-1] INFO  impl.RoleInfo (RoleInfo.java:updateAndGet(143)) - 6b24a2ab-97ee-4d49-85cc-2d76c2f4b8ef: start FollowerState
2019-10-16 21:55:49,107 [Thread-2762] INFO  impl.FollowerState (FollowerState.java:run(117)) - 6b24a2ab-97ee-4d49-85cc-2d76c2f4b8ef@group-569FAC3F8BCE-FollowerState was interrupted: java.lang.InterruptedException: sleep interrupted
2019-10-16 21:55:49,109 [Datanode State Machine Thread - 0] INFO  statemachine.DatanodeStateMachine (DatanodeStateMachine.java:lambda$startDaemon$0(350)) - Ozone container server started.
2019-10-16 21:55:49,124 [277b5c5e-8c6f-4c9a-a53f-1bbc96404e12@group-569FAC3F8BCE-LeaderElection400] INFO  impl.LeaderElection (LeaderElection.java:logAndReturn(56)) - 277b5c5e-8c6f-4c9a-a53f-1bbc96404e12@group-569FAC3F8BCE-LeaderElection400: Election REJECTED; received 2 response(s) [277b5c5e-8c6f-4c9a-a53f-1bbc96404e12<-a32408a4-f19d-4bad-97c5-ba33ae94fc9a#0:FAIL-t418, 277b5c5e-8c6f-4c9a-a53f-1bbc96404e12<-6b24a2ab-97ee-4d49-85cc-2d76c2f4b8ef#0:FAIL-t418] and 0 exception(s); 277b5c5e-8c6f-4c9a-a53f-1bbc96404e12@group-569FAC3F8BCE:t418, leader=null, voted=277b5c5e-8c6f-4c9a-a53f-1bbc96404e12, raftlog=277b5c5e-8c6f-4c9a-a53f-1bbc96404e12@group-569FAC3F8BCE-SegmentedRaftLog:OPENED:c-1,f-1,i0, conf=-1: [a32408a4-f19d-4bad-97c5-ba33ae94fc9a:192.168.157.254:38721, 6b24a2ab-97ee-4d49-85cc-2d76c2f4b8ef:192.168.157.254:41080, 277b5c5e-8c6f-4c9a-a53f-1bbc96404e12:192.168.157.254:41416], old=null
2019-10-16 21:55:49,124 [277b5c5e-8c6f-4c9a-a53f-1bbc96404e12@group-569FAC3F8BCE-LeaderElection400] INFO  impl.RaftServerImpl (RaftServerImpl.java:setRole(184)) - 277b5c5e-8c6f-4c9a-a53f-1bbc96404e12@group-569FAC3F8BCE: changes role from CANDIDATE to FOLLOWER at term 418 for DISCOVERED_A_NEW_TERM
2019-10-16 21:55:49,124 [277b5c5e-8c6f-4c9a-a53f-1bbc96404e12@group-569FAC3F8BCE-LeaderElection400] INFO  impl.RoleInfo (RoleInfo.java:shutdownLeaderElection(134)) - 277b5c5e-8c6f-4c9a-a53f-1bbc96404e12: shutdown LeaderElection
2019-10-16 21:55:49,124 [277b5c5e-8c6f-4c9a-a53f-1bbc96404e12@group-569FAC3F8BCE-LeaderElection400] INFO  impl.RoleInfo (RoleInfo.java:updateAndGet(143)) - 277b5c5e-8c6f-4c9a-a53f-1bbc96404e12: start FollowerState
2019-10-16 21:55:49,291 [Thread-2769] INFO  impl.FollowerState (FollowerState.java:run(108)) - 277b5c5e-8c6f-4c9a-a53f-1bbc96404e12@group-569FAC3F8BCE-FollowerState: change to CANDIDATE, lastRpcTime:167ms, electionTimeout:167ms
2019-10-16 21:55:49,292 [Thread-2769] INFO  impl.RoleInfo (RoleInfo.java:shutdownFollowerState(121)) - 277b5c5e-8c6f-4c9a-a53f-1bbc96404e12: shutdown FollowerState
2019-10-16 21:55:49,292 [Thread-2769] INFO  impl.RaftServerImpl (RaftServerImpl.java:setRole(184)) - 277b5c5e-8c6f-4c9a-a53f-1bbc96404e12@group-569FAC3F8BCE: changes role from  FOLLOWER to CANDIDATE at term 418 for changeToCandidate
2019-10-16 21:55:49,292 [Thread-2769] INFO  impl.RoleInfo (RoleInfo.java:updateAndGet(143)) - 277b5c5e-8c6f-4c9a-a53f-1bbc96404e12: start LeaderElection
2019-10-16 21:55:49,307 [277b5c5e-8c6f-4c9a-a53f-1bbc96404e12@group-569FAC3F8BCE-LeaderElection401] INFO  impl.LeaderElection (LeaderElection.java:askForVotes(178)) - 277b5c5e-8c6f-4c9a-a53f-1bbc96404e12@group-569FAC3F8BCE-LeaderElection401: begin an election at term 419 for -1: [a32408a4-f19d-4bad-97c5-ba33ae94fc9a:192.168.157.254:38721, 6b24a2ab-97ee-4d49-85cc-2d76c2f4b8ef:192.168.157.254:41080, 277b5c5e-8c6f-4c9a-a53f-1bbc96404e12:192.168.157.254:41416], old=null
2019-10-16 21:55:49,309 [grpc-default-executor-1] INFO  impl.RaftServerImpl (RaftServerImpl.java:setRole(184)) - a32408a4-f19d-4bad-97c5-ba33ae94fc9a@group-569FAC3F8BCE: changes role from  FOLLOWER to FOLLOWER at term 419 for recognizeCandidate:277b5c5e-8c6f-4c9a-a53f-1bbc96404e12
2019-10-16 21:55:49,309 [grpc-default-executor-0] INFO  impl.RaftServerImpl (RaftServerImpl.java:setRole(184)) - 6b24a2ab-97ee-4d49-85cc-2d76c2f4b8ef@group-569FAC3F8BCE: changes role from  FOLLOWER to FOLLOWER at term 419 for recognizeCandidate:277b5c5e-8c6f-4c9a-a53f-1bbc96404e12
2019-10-16 21:55:49,309 [grpc-default-executor-1] INFO  impl.RoleInfo (RoleInfo.java:shutdownFollowerState(121)) - a32408a4-f19d-4bad-97c5-ba33ae94fc9a: shutdown FollowerState
2019-10-16 21:55:49,309 [grpc-default-executor-0] INFO  impl.RoleInfo (RoleInfo.java:shutdownFollowerState(121)) - 6b24a2ab-97ee-4d49-85cc-2d76c2f4b8ef: shutdown FollowerState
2019-10-16 21:55:49,309 [grpc-default-executor-1] INFO  impl.RoleInfo (RoleInfo.java:updateAndGet(143)) - a32408a4-f19d-4bad-97c5-ba33ae94fc9a: start FollowerState
2019-10-16 21:55:49,309 [grpc-default-executor-0] INFO  impl.RoleInfo (RoleInfo.java:updateAndGet(143)) - 6b24a2ab-97ee-4d49-85cc-2d76c2f4b8ef: start FollowerState
2019-10-16 21:55:49,309 [Thread-2768] INFO  impl.FollowerState (FollowerState.java:run(117)) - 6b24a2ab-97ee-4d49-85cc-2d76c2f4b8ef@group-569FAC3F8BCE-FollowerState was interrupted: java.lang.InterruptedException: sleep interrupted
2019-10-16 21:55:49,309 [Thread-2767] INFO  impl.FollowerState (FollowerState.java:run(117)) - a32408a4-f19d-4bad-97c5-ba33ae94fc9a@group-569FAC3F8BCE-FollowerState was interrupted: java.lang.InterruptedException: sleep interrupted
2019-10-16 21:55:49,323 [277b5c5e-8c6f-4c9a-a53f-1bbc96404e12@group-569FAC3F8BCE-LeaderElection401] INFO  impl.LeaderElection (LeaderElection.java:logAndReturn(56)) - 277b5c5e-8c6f-4c9a-a53f-1bbc96404e12@group-569FAC3F8BCE-LeaderElection401: Election REJECTED; received 2 response(s) [277b5c5e-8c6f-4c9a-a53f-1bbc96404e12<-a32408a4-f19d-4bad-97c5-ba33ae94fc9a#0:FAIL-t419, 277b5c5e-8c6f-4c9a-a53f-1bbc96404e12<-6b24a2ab-97ee-4d49-85cc-2d76c2f4b8ef#0:FAIL-t419] and 0 exception(s); 277b5c5e-8c6f-4c9a-a53f-1bbc96404e12@group-569FAC3F8BCE:t419, leader=null, voted=277b5c5e-8c6f-4c9a-a53f-1bbc96404e12, raftlog=277b5c5e-8c6f-4c9a-a53f-1bbc96404e12@group-569FAC3F8BCE-SegmentedRaftLog:OPENED:c-1,f-1,i0, conf=-1: [a32408a4-f19d-4bad-97c5-ba33ae94fc9a:192.168.157.254:38721, 6b24a2ab-97ee-4d49-85cc-2d76c2f4b8ef:192.168.157.254:41080, 277b5c5e-8c6f-4c9a-a53f-1bbc96404e12:192.168.157.254:41416], old=null
2019-10-16 21:55:49,323 [277b5c5e-8c6f-4c9a-a53f-1bbc96404e12@group-569FAC3F8BCE-LeaderElection401] INFO  impl.RaftServerImpl (RaftServerImpl.java:setRole(184)) - 277b5c5e-8c6f-4c9a-a53f-1bbc96404e12@group-569FAC3F8BCE: changes role from CANDIDATE to FOLLOWER at term 419 for DISCOVERED_A_NEW_TERM
2019-10-16 21:55:49,323 [277b5c5e-8c6f-4c9a-a53f-1bbc96404e12@group-569FAC3F8BCE-LeaderElection401] INFO  impl.RoleInfo (RoleInfo.java:shutdownLeaderElection(134)) - 277b5c5e-8c6f-4c9a-a53f-1bbc96404e12: shutdown LeaderElection
2019-10-16 21:55:49,324 [277b5c5e-8c6f-4c9a-a53f-1bbc96404e12@group-569FAC3F8BCE-LeaderElection401] INFO  impl.RoleInfo (RoleInfo.java:updateAndGet(143)) - 277b5c5e-8c6f-4c9a-a53f-1bbc96404e12: start FollowerState
2019-10-16 21:55:49,401 [Thread-2775] INFO  impl.FollowerState (FollowerState.java:run(108)) - 277b5c5e-8c6f-4c9a-a53f-1bbc96404e12@group-569FAC3F8BCE-FollowerState: change to CANDIDATE, lastRpcTime:77ms, electionTimeout:77ms
2019-10-16 21:55:49,401 [Thread-2775] INFO  impl.RoleInfo (RoleInfo.java:shutdownFollowerState(121)) - 277b5c5e-8c6f-4c9a-a53f-1bbc96404e12: shutdown FollowerState
2019-10-16 21:55:49,401 [Thread-2775] INFO  impl.RaftServerImpl (RaftServerImpl.java:setRole(184)) - 277b5c5e-8c6f-4c9a-a53f-1bbc96404e12@group-569FAC3F8BCE: changes role from  FOLLOWER to CANDIDATE at term 419 for changeToCandidate
2019-10-16 21:55:49,401 [Thread-2775] INFO  impl.RoleInfo (RoleInfo.java:updateAndGet(143)) - 277b5c5e-8c6f-4c9a-a53f-1bbc96404e12: start LeaderElection
2019-10-16 21:55:49,408 [277b5c5e-8c6f-4c9a-a53f-1bbc96404e12@group-569FAC3F8BCE-LeaderElection402] INFO  impl.LeaderElection (LeaderElection.java:askForVotes(178)) - 277b5c5e-8c6f-4c9a-a53f-1bbc96404e12@group-569FAC3F8BCE-LeaderElection402: begin an election at term 420 for -1: [a32408a4-f19d-4bad-97c5-ba33ae94fc9a:192.168.157.254:38721, 6b24a2ab-97ee-4d49-85cc-2d76c2f4b8ef:192.168.157.254:41080, 277b5c5e-8c6f-4c9a-a53f-1bbc96404e12:192.168.157.254:41416], old=null
2019-10-16 21:55:49,409 [grpc-default-executor-0] INFO  impl.RaftServerImpl (RaftServerImpl.java:setRole(184)) - a32408a4-f19d-4bad-97c5-ba33ae94fc9a@group-569FAC3F8BCE: changes role from  FOLLOWER to FOLLOWER at term 420 for recognizeCandidate:277b5c5e-8c6f-4c9a-a53f-1bbc96404e12
2019-10-16 21:55:49,409 [grpc-default-executor-0] INFO  impl.RoleInfo (RoleInfo.java:shutdownFollowerState(121)) - a32408a4-f19d-4bad-97c5-ba33ae94fc9a: shutdown FollowerState
2019-10-16 21:55:49,409 [grpc-default-executor-0] INFO  impl.RoleInfo (RoleInfo.java:updateAndGet(143)) - a32408a4-f19d-4bad-97c5-ba33ae94fc9a: start FollowerState
2019-10-16 21:55:49,409 [Thread-2773] INFO  impl.FollowerState (FollowerState.java:run(117)) - a32408a4-f19d-4bad-97c5-ba33ae94fc9a@group-569FAC3F8BCE-FollowerState was interrupted: java.lang.InterruptedException: sleep interrupted
2019-10-16 21:55:49,409 [grpc-default-executor-1] INFO  impl.RaftServerImpl (RaftServerImpl.java:setRole(184)) - 6b24a2ab-97ee-4d49-85cc-2d76c2f4b8ef@group-569FAC3F8BCE: changes role from  FOLLOWER to FOLLOWER at term 420 for recognizeCandidate:277b5c5e-8c6f-4c9a-a53f-1bbc96404e12
2019-10-16 21:55:49,410 [grpc-default-executor-1] INFO  impl.RoleInfo (RoleInfo.java:shutdownFollowerState(121)) - 6b24a2ab-97ee-4d49-85cc-2d76c2f4b8ef: shutdown FollowerState
2019-10-16 21:55:49,410 [grpc-default-executor-1] INFO  impl.RoleInfo (RoleInfo.java:updateAndGet(143)) - 6b24a2ab-97ee-4d49-85cc-2d76c2f4b8ef: start FollowerState
2019-10-16 21:55:49,410 [Thread-2774] INFO  impl.FollowerState (FollowerState.java:run(117)) - 6b24a2ab-97ee-4d49-85cc-2d76c2f4b8ef@group-569FAC3F8BCE-FollowerState was interrupted: java.lang.InterruptedException: sleep interrupted
2019-10-16 21:55:49,424 [277b5c5e-8c6f-4c9a-a53f-1bbc96404e12@group-569FAC3F8BCE-LeaderElection402] INFO  impl.LeaderElection (LeaderElection.java:logAndReturn(56)) - 277b5c5e-8c6f-4c9a-a53f-1bbc96404e12@group-569FAC3F8BCE-LeaderElection402: Election REJECTED; received 2 response(s) [277b5c5e-8c6f-4c9a-a53f-1bbc96404e12<-a32408a4-f19d-4bad-97c5-ba33ae94fc9a#0:FAIL-t420, 277b5c5e-8c6f-4c9a-a53f-1bbc96404e12<-6b24a2ab-97ee-4d49-85cc-2d76c2f4b8ef#0:FAIL-t420] and 0 exception(s); 277b5c5e-8c6f-4c9a-a53f-1bbc96404e12@group-569FAC3F8BCE:t420, leader=null, voted=277b5c5e-8c6f-4c9a-a53f-1bbc96404e12, raftlog=277b5c5e-8c6f-4c9a-a53f-1bbc96404e12@group-569FAC3F8BCE-SegmentedRaftLog:OPENED:c-1,f-1,i0, conf=-1: [a32408a4-f19d-4bad-97c5-ba33ae94fc9a:192.168.157.254:38721, 6b24a2ab-97ee-4d49-85cc-2d76c2f4b8ef:192.168.157.254:41080, 277b5c5e-8c6f-4c9a-a53f-1bbc96404e12:192.168.157.254:41416], old=null
2019-10-16 21:55:49,424 [277b5c5e-8c6f-4c9a-a53f-1bbc96404e12@group-569FAC3F8BCE-LeaderElection402] INFO  impl.RaftServerImpl (RaftServerImpl.java:setRole(184)) - 277b5c5e-8c6f-4c9a-a53f-1bbc96404e12@group-569FAC3F8BCE: changes role from CANDIDATE to FOLLOWER at term 420 for DISCOVERED_A_NEW_TERM
2019-10-16 21:55:49,424 [277b5c5e-8c6f-4c9a-a53f-1bbc96404e12@group-569FAC3F8BCE-LeaderElection402] INFO  impl.RoleInfo (RoleInfo.java:shutdownLeaderElection(134)) - 277b5c5e-8c6f-4c9a-a53f-1bbc96404e12: shutdown LeaderElection
2019-10-16 21:55:49,424 [277b5c5e-8c6f-4c9a-a53f-1bbc96404e12@group-569FAC3F8BCE-LeaderElection402] INFO  impl.RoleInfo (RoleInfo.java:updateAndGet(143)) - 277b5c5e-8c6f-4c9a-a53f-1bbc96404e12: start FollowerState
2019-10-16 21:55:49,501 [Thread-2781] INFO  impl.FollowerState (FollowerState.java:run(108)) - 277b5c5e-8c6f-4c9a-a53f-1bbc96404e12@group-569FAC3F8BCE-FollowerState: change to CANDIDATE, lastRpcTime:76ms, electionTimeout:76ms
2019-10-16 21:55:49,501 [Thread-2781] INFO  impl.RoleInfo (RoleInfo.java:shutdownFollowerState(121)) - 277b5c5e-8c6f-4c9a-a53f-1bbc96404e12: shutdown FollowerState
2019-10-16 21:55:49,501 [Thread-2781] INFO  impl.RaftServerImpl (RaftServerImpl.java:setRole(184)) - 277b5c5e-8c6f-4c9a-a53f-1bbc96404e12@group-569FAC3F8BCE: changes role from  FOLLOWER to CANDIDATE at term 420 for changeToCandidate
2019-10-16 21:55:49,501 [Thread-2781] INFO  impl.RoleInfo (RoleInfo.java:updateAndGet(143)) - 277b5c5e-8c6f-4c9a-a53f-1bbc96404e12: start LeaderElection
2019-10-16 21:55:49,514 [277b5c5e-8c6f-4c9a-a53f-1bbc96404e12@group-569FAC3F8BCE-LeaderElection403] INFO  impl.LeaderElection (LeaderElection.java:askForVotes(178)) - 277b5c5e-8c6f-4c9a-a53f-1bbc96404e12@group-569FAC3F8BCE-LeaderElection403: begin an election at term 421 for -1: [a32408a4-f19d-4bad-97c5-ba33ae94fc9a:192.168.157.254:38721, 6b24a2ab-97ee-4d49-85cc-2d76c2f4b8ef:192.168.157.254:41080, 277b5c5e-8c6f-4c9a-a53f-1bbc96404e12:192.168.157.254:41416], old=null
2019-10-16 21:55:49,516 [grpc-default-executor-0] INFO  impl.RaftServerImpl (RaftServerImpl.java:setRole(184)) - a32408a4-f19d-4bad-97c5-ba33ae94fc9a@group-569FAC3F8BCE: changes role from  FOLLOWER to FOLLOWER at term 421 for recognizeCandidate:277b5c5e-8c6f-4c9a-a53f-1bbc96404e12
2019-10-16 21:55:49,516 [grpc-default-executor-1] INFO  impl.RaftServerImpl (RaftServerImpl.java:setRole(184)) - 6b24a2ab-97ee-4d49-85cc-2d76c2f4b8ef@group-569FAC3F8BCE: changes role from  FOLLOWER to FOLLOWER at term 421 for recognizeCandidate:277b5c5e-8c6f-4c9a-a53f-1bbc96404e12
2019-10-16 21:55:49,516 [grpc-default-executor-0] INFO  impl.RoleInfo (RoleInfo.java:shutdownFollowerState(121)) - a32408a4-f19d-4bad-97c5-ba33ae94fc9a: shutdown FollowerState
2019-10-16 21:55:49,517 [grpc-default-executor-1] INFO  impl.RoleInfo (RoleInfo.java:shutdownFollowerState(121)) - 6b24a2ab-97ee-4d49-85cc-2d76c2f4b8ef: shutdown FollowerState
2019-10-16 21:55:49,517 [Thread-2779] INFO  impl.FollowerState (FollowerState.java:run(117)) - a32408a4-f19d-4bad-97c5-ba33ae94fc9a@group-569FAC3F8BCE-FollowerState was interrupted: java.lang.InterruptedException: sleep interrupted
2019-10-16 21:55:49,517 [grpc-default-executor-0] INFO  impl.RoleInfo (RoleInfo.java:updateAndGet(143)) - a32408a4-f19d-4bad-97c5-ba33ae94fc9a: start FollowerState
2019-10-16 21:55:49,517 [Thread-2780] INFO  impl.FollowerState (FollowerState.java:run(117)) - 6b24a2ab-97ee-4d49-85cc-2d76c2f4b8ef@group-569FAC3F8BCE-FollowerState was interrupted: java.lang.InterruptedException: sleep interrupted
2019-10-16 21:55:49,517 [grpc-default-executor-1] INFO  impl.RoleInfo (RoleInfo.java:updateAndGet(143)) - 6b24a2ab-97ee-4d49-85cc-2d76c2f4b8ef: start FollowerState
2019-10-16 21:55:49,531 [277b5c5e-8c6f-4c9a-a53f-1bbc96404e12@group-569FAC3F8BCE-LeaderElection403] INFO  impl.LeaderElection (LeaderElection.java:logAndReturn(56)) - 277b5c5e-8c6f-4c9a-a53f-1bbc96404e12@group-569FAC3F8BCE-LeaderElection403: Election REJECTED; received 2 response(s) [277b5c5e-8c6f-4c9a-a53f-1bbc96404e12<-a32408a4-f19d-4bad-97c5-ba33ae94fc9a#0:FAIL-t421, 277b5c5e-8c6f-4c9a-a53f-1bbc96404e12<-6b24a2ab-97ee-4d49-85cc-2d76c2f4b8ef#0:FAIL-t421] and 0 exception(s); 277b5c5e-8c6f-4c9a-a53f-1bbc96404e12@group-569FAC3F8BCE:t421, leader=null, voted=277b5c5e-8c6f-4c9a-a53f-1bbc96404e12, raftlog=277b5c5e-8c6f-4c9a-a53f-1bbc96404e12@group-569FAC3F8BCE-SegmentedRaftLog:OPENED:c-1,f-1,i0, conf=-1: [a32408a4-f19d-4bad-97c5-ba33ae94fc9a:192.168.157.254:38721, 6b24a2ab-97ee-4d49-85cc-2d76c2f4b8ef:192.168.157.254:41080, 277b5c5e-8c6f-4c9a-a53f-1bbc96404e12:192.168.157.254:41416], old=null
2019-10-16 21:55:49,531 [277b5c5e-8c6f-4c9a-a53f-1bbc96404e12@group-569FAC3F8BCE-LeaderElection403] INFO  impl.RaftServerImpl (RaftServerImpl.java:setRole(184)) - 277b5c5e-8c6f-4c9a-a53f-1bbc96404e12@group-569FAC3F8BCE: changes role from CANDIDATE to FOLLOWER at term 421 for DISCOVERED_A_NEW_TERM
2019-10-16 21:55:49,531 [277b5c5e-8c6f-4c9a-a53f-1bbc96404e12@group-569FAC3F8BCE-LeaderElection403] INFO  impl.RoleInfo (RoleInfo.java:shutdownLeaderElection(134)) - 277b5c5e-8c6f-4c9a-a53f-1bbc96404e12: shutdown LeaderElection
2019-10-16 21:55:49,531 [277b5c5e-8c6f-4c9a-a53f-1bbc96404e12@group-569FAC3F8BCE-LeaderElection403] INFO  impl.RoleInfo (RoleInfo.java:updateAndGet(143)) - 277b5c5e-8c6f-4c9a-a53f-1bbc96404e12: start FollowerState
2019-10-16 21:55:49,640 [Thread-2787] INFO  impl.FollowerState (FollowerState.java:run(108)) - 277b5c5e-8c6f-4c9a-a53f-1bbc96404e12@group-569FAC3F8BCE-FollowerState: change to CANDIDATE, lastRpcTime:108ms, electionTimeout:108ms
2019-10-16 21:55:49,640 [Thread-2787] INFO  impl.RoleInfo (RoleInfo.java:shutdownFollowerState(121)) - 277b5c5e-8c6f-4c9a-a53f-1bbc96404e12: shutdown FollowerState
2019-10-16 21:55:49,640 [Thread-2787] INFO  impl.RaftServerImpl (RaftServerImpl.java:setRole(184)) - 277b5c5e-8c6f-4c9a-a53f-1bbc96404e12@group-569FAC3F8BCE: changes role from  FOLLOWER to CANDIDATE at term 421 for changeToCandidate
2019-10-16 21:55:49,640 [Thread-2787] INFO  impl.RoleInfo (RoleInfo.java:updateAndGet(143)) - 277b5c5e-8c6f-4c9a-a53f-1bbc96404e12: start LeaderElection
2019-10-16 21:55:49,651 [277b5c5e-8c6f-4c9a-a53f-1bbc96404e12@group-569FAC3F8BCE-LeaderElection404] INFO  impl.LeaderElection (LeaderElection.java:askForVotes(178)) - 277b5c5e-8c6f-4c9a-a53f-1bbc96404e12@group-569FAC3F8BCE-LeaderElection404: begin an election at term 422 for -1: [a32408a4-f19d-4bad-97c5-ba33ae94fc9a:192.168.157.254:38721, 6b24a2ab-97ee-4d49-85cc-2d76c2f4b8ef:192.168.157.254:41080, 277b5c5e-8c6f-4c9a-a53f-1bbc96404e12:192.168.157.254:41416], old=null
2019-10-16 21:55:49,653 [grpc-default-executor-1] INFO  impl.RaftServerImpl (RaftServerImpl.java:setRole(184)) - 6b24a2ab-97ee-4d49-85cc-2d76c2f4b8ef@group-569FAC3F8BCE: changes role from  FOLLOWER to FOLLOWER at term 422 for recognizeCandidate:277b5c5e-8c6f-4c9a-a53f-1bbc96404e12
2019-10-16 21:55:49,654 [grpc-default-executor-1] INFO  impl.RoleInfo (RoleInfo.java:shutdownFollowerState(121)) - 6b24a2ab-97ee-4d49-85cc-2d76c2f4b8ef: shutdown FollowerState
2019-10-16 21:55:49,653 [grpc-default-executor-0] INFO  impl.RaftServerImpl (RaftServerImpl.java:setRole(184)) - a32408a4-f19d-4bad-97c5-ba33ae94fc9a@group-569FAC3F8BCE: changes role from  FOLLOWER to FOLLOWER at term 422 for recognizeCandidate:277b5c5e-8c6f-4c9a-a53f-1bbc96404e12
2019-10-16 21:55:49,654 [Thread-2786] INFO  impl.FollowerState (FollowerState.java:run(117)) - 6b24a2ab-97ee-4d49-85cc-2d76c2f4b8ef@group-569FAC3F8BCE-FollowerState was interrupted: java.lang.InterruptedException: sleep interrupted
2019-10-16 21:55:49,654 [grpc-default-executor-1] INFO  impl.RoleInfo (RoleInfo.java:updateAndGet(143)) - 6b24a2ab-97ee-4d49-85cc-2d76c2f4b8ef: start FollowerState
2019-10-16 21:55:49,654 [grpc-default-executor-0] INFO  impl.RoleInfo (RoleInfo.java:shutdownFollowerState(121)) - a32408a4-f19d-4bad-97c5-ba33ae94fc9a: shutdown FollowerState
2019-10-16 21:55:49,654 [grpc-default-executor-0] INFO  impl.RoleInfo (RoleInfo.java:updateAndGet(143)) - a32408a4-f19d-4bad-97c5-ba33ae94fc9a: start FollowerState
2019-10-16 21:55:49,655 [Thread-2785] INFO  impl.FollowerState (FollowerState.java:run(117)) - a32408a4-f19d-4bad-97c5-ba33ae94fc9a@group-569FAC3F8BCE-FollowerState was interrupted: java.lang.InterruptedException: sleep interrupted
2019-10-16 21:55:49,668 [277b5c5e-8c6f-4c9a-a53f-1bbc96404e12@group-569FAC3F8BCE-LeaderElection404] INFO  impl.LeaderElection (LeaderElection.java:logAndReturn(56)) - 277b5c5e-8c6f-4c9a-a53f-1bbc96404e12@group-569FAC3F8BCE-LeaderElection404: Election REJECTED; received 2 response(s) [277b5c5e-8c6f-4c9a-a53f-1bbc96404e12<-a32408a4-f19d-4bad-97c5-ba33ae94fc9a#0:FAIL-t422, 277b5c5e-8c6f-4c9a-a53f-1bbc96404e12<-6b24a2ab-97ee-4d49-85cc-2d76c2f4b8ef#0:FAIL-t422] and 0 exception(s); 277b5c5e-8c6f-4c9a-a53f-1bbc96404e12@group-569FAC3F8BCE:t422, leader=null, voted=277b5c5e-8c6f-4c9a-a53f-1bbc96404e12, raftlog=277b5c5e-8c6f-4c9a-a53f-1bbc96404e12@group-569FAC3F8BCE-SegmentedRaftLog:OPENED:c-1,f-1,i0, conf=-1: [a32408a4-f19d-4bad-97c5-ba33ae94fc9a:192.168.157.254:38721, 6b24a2ab-97ee-4d49-85cc-2d76c2f4b8ef:192.168.157.254:41080, 277b5c5e-8c6f-4c9a-a53f-1bbc96404e12:192.168.157.254:41416], old=null
2019-10-16 21:55:49,669 [277b5c5e-8c6f-4c9a-a53f-1bbc96404e12@group-569FAC3F8BCE-LeaderElection404] INFO  impl.RaftServerImpl (RaftServerImpl.java:setRole(184)) - 277b5c5e-8c6f-4c9a-a53f-1bbc96404e12@group-569FAC3F8BCE: changes role from CANDIDATE to FOLLOWER at term 422 for DISCOVERED_A_NEW_TERM
2019-10-16 21:55:49,669 [277b5c5e-8c6f-4c9a-a53f-1bbc96404e12@group-569FAC3F8BCE-LeaderElection404] INFO  impl.RoleInfo (RoleInfo.java:shutdownLeaderElection(134)) - 277b5c5e-8c6f-4c9a-a53f-1bbc96404e12: shutdown LeaderElection
2019-10-16 21:55:49,669 [277b5c5e-8c6f-4c9a-a53f-1bbc96404e12@group-569FAC3F8BCE-LeaderElection404] INFO  impl.RoleInfo (RoleInfo.java:updateAndGet(143)) - 277b5c5e-8c6f-4c9a-a53f-1bbc96404e12: start FollowerState
2019-10-16 21:55:49,843 [Thread-2793] INFO  impl.FollowerState (FollowerState.java:run(108)) - 277b5c5e-8c6f-4c9a-a53f-1bbc96404e12@group-569FAC3F8BCE-FollowerState: change to CANDIDATE, lastRpcTime:174ms, electionTimeout:174ms
2019-10-16 21:55:49,843 [Thread-2793] INFO  impl.RoleInfo (RoleInfo.java:shutdownFollowerState(121)) - 277b5c5e-8c6f-4c9a-a53f-1bbc96404e12: shutdown FollowerState
2019-10-16 21:55:49,843 [Thread-2793] INFO  impl.RaftServerImpl (RaftServerImpl.java:setRole(184)) - 277b5c5e-8c6f-4c9a-a53f-1bbc96404e12@group-569FAC3F8BCE: changes role from  FOLLOWER to CANDIDATE at term 422 for changeToCandidate
2019-10-16 21:55:49,843 [Thread-2793] INFO  impl.RoleInfo (RoleInfo.java:updateAndGet(143)) - 277b5c5e-8c6f-4c9a-a53f-1bbc96404e12: start LeaderElection
2019-10-16 21:55:49,859 [277b5c5e-8c6f-4c9a-a53f-1bbc96404e12@group-569FAC3F8BCE-LeaderElection405] INFO  impl.LeaderElection (LeaderElection.java:askForVotes(178)) - 277b5c5e-8c6f-4c9a-a53f-1bbc96404e12@group-569FAC3F8BCE-LeaderElection405: begin an election at term 423 for -1: [a32408a4-f19d-4bad-97c5-ba33ae94fc9a:192.168.157.254:38721, 6b24a2ab-97ee-4d49-85cc-2d76c2f4b8ef:192.168.157.254:41080, 277b5c5e-8c6f-4c9a-a53f-1bbc96404e12:192.168.157.254:41416], old=null
2019-10-16 21:55:49,860 [grpc-default-executor-0] INFO  impl.RaftServerImpl (RaftServerImpl.java:setRole(184)) - a32408a4-f19d-4bad-97c5-ba33ae94fc9a@group-569FAC3F8BCE: changes role from  FOLLOWER to FOLLOWER at term 423 for recognizeCandidate:277b5c5e-8c6f-4c9a-a53f-1bbc96404e12
2019-10-16 21:55:49,860 [grpc-default-executor-1] INFO  impl.RaftServerImpl (RaftServerImpl.java:setRole(184)) - 6b24a2ab-97ee-4d49-85cc-2d76c2f4b8ef@group-569FAC3F8BCE: changes role from  FOLLOWER to FOLLOWER at term 423 for recognizeCandidate:277b5c5e-8c6f-4c9a-a53f-1bbc96404e12
2019-10-16 21:55:49,861 [grpc-default-executor-0] INFO  impl.RoleInfo (RoleInfo.java:shutdownFollowerState(121)) - a32408a4-f19d-4bad-97c5-ba33ae94fc9a: shutdown FollowerState
2019-10-16 21:55:49,861 [grpc-default-executor-1] INFO  impl.RoleInfo (RoleInfo.java:shutdownFollowerState(121)) - 6b24a2ab-97ee-4d49-85cc-2d76c2f4b8ef: shutdown FollowerState
2019-10-16 21:55:49,861 [grpc-default-executor-0] INFO  impl.RoleInfo (RoleInfo.java:updateAndGet(143)) - a32408a4-f19d-4bad-97c5-ba33ae94fc9a: start FollowerState
2019-10-16 21:55:49,861 [Thread-2792] INFO  impl.FollowerState (FollowerState.java:run(117)) - a32408a4-f19d-4bad-97c5-ba33ae94fc9a@group-569FAC3F8BCE-FollowerState was interrupted: java.lang.InterruptedException: sleep interrupted
2019-10-16 21:55:49,861 [Thread-2791] INFO  impl.FollowerState (FollowerState.java:run(117)) - 6b24a2ab-97ee-4d49-85cc-2d76c2f4b8ef@group-569FAC3F8BCE-FollowerState was interrupted: java.lang.InterruptedException: sleep interrupted
2019-10-16 21:55:49,861 [grpc-default-executor-1] INFO  impl.RoleInfo (RoleInfo.java:updateAndGet(143)) - 6b24a2ab-97ee-4d49-85cc-2d76c2f4b8ef: start FollowerState
2019-10-16 21:55:49,875 [277b5c5e-8c6f-4c9a-a53f-1bbc96404e12@group-569FAC3F8BCE-LeaderElection405] INFO  impl.LeaderElection (LeaderElection.java:logAndReturn(56)) - 277b5c5e-8c6f-4c9a-a53f-1bbc96404e12@group-569FAC3F8BCE-LeaderElection405: Election REJECTED; received 2 response(s) [277b5c5e-8c6f-4c9a-a53f-1bbc96404e12<-a32408a4-f19d-4bad-97c5-ba33ae94fc9a#0:FAIL-t423, 277b5c5e-8c6f-4c9a-a53f-1bbc96404e12<-6b24a2ab-97ee-4d49-85cc-2d76c2f4b8ef#0:FAIL-t423] and 0 exception(s); 277b5c5e-8c6f-4c9a-a53f-1bbc96404e12@group-569FAC3F8BCE:t423, leader=null, voted=277b5c5e-8c6f-4c9a-a53f-1bbc96404e12, raftlog=277b5c5e-8c6f-4c9a-a53f-1bbc96404e12@group-569FAC3F8BCE-SegmentedRaftLog:OPENED:c-1,f-1,i0, conf=-1: [a32408a4-f19d-4bad-97c5-ba33ae94fc9a:192.168.157.254:38721, 6b24a2ab-97ee-4d49-85cc-2d76c2f4b8ef:192.168.157.254:41080, 277b5c5e-8c6f-4c9a-a53f-1bbc96404e12:192.168.157.254:41416], old=null
2019-10-16 21:55:49,875 [277b5c5e-8c6f-4c9a-a53f-1bbc96404e12@group-569FAC3F8BCE-LeaderElection405] INFO  impl.RaftServerImpl (RaftServerImpl.java:setRole(184)) - 277b5c5e-8c6f-4c9a-a53f-1bbc96404e12@group-569FAC3F8BCE: changes role from CANDIDATE to FOLLOWER at term 423 for DISCOVERED_A_NEW_TERM
2019-10-16 21:55:49,875 [277b5c5e-8c6f-4c9a-a53f-1bbc96404e12@group-569FAC3F8BCE-LeaderElection405] INFO  impl.RoleInfo (RoleInfo.java:shutdownLeaderElection(134)) - 277b5c5e-8c6f-4c9a-a53f-1bbc96404e12: shutdown LeaderElection
2019-10-16 21:55:49,875 [277b5c5e-8c6f-4c9a-a53f-1bbc96404e12@group-569FAC3F8BCE-LeaderElection405] INFO  impl.RoleInfo (RoleInfo.java:updateAndGet(143)) - 277b5c5e-8c6f-4c9a-a53f-1bbc96404e12: start FollowerState
2019-10-16 21:55:50,008 [Thread-2799] INFO  impl.FollowerState (FollowerState.java:run(108)) - 277b5c5e-8c6f-4c9a-a53f-1bbc96404e12@group-569FAC3F8BCE-FollowerState: change to CANDIDATE, lastRpcTime:133ms, electionTimeout:133ms
2019-10-16 21:55:50,009 [Thread-2799] INFO  impl.RoleInfo (RoleInfo.java:shutdownFollowerState(121)) - 277b5c5e-8c6f-4c9a-a53f-1bbc96404e12: shutdown FollowerState
2019-10-16 21:55:50,009 [Thread-2799] INFO  impl.RaftServerImpl (RaftServerImpl.java:setRole(184)) - 277b5c5e-8c6f-4c9a-a53f-1bbc96404e12@group-569FAC3F8BCE: changes role from  FOLLOWER to CANDIDATE at term 423 for changeToCandidate
2019-10-16 21:55:50,009 [Thread-2799] INFO  impl.RoleInfo (RoleInfo.java:updateAndGet(143)) - 277b5c5e-8c6f-4c9a-a53f-1bbc96404e12: start LeaderElection
2019-10-16 21:55:50,022 [277b5c5e-8c6f-4c9a-a53f-1bbc96404e12@group-569FAC3F8BCE-LeaderElection406] INFO  impl.LeaderElection (LeaderElection.java:askForVotes(178)) - 277b5c5e-8c6f-4c9a-a53f-1bbc96404e12@group-569FAC3F8BCE-LeaderElection406: begin an election at term 424 for -1: [a32408a4-f19d-4bad-97c5-ba33ae94fc9a:192.168.157.254:38721, 6b24a2ab-97ee-4d49-85cc-2d76c2f4b8ef:192.168.157.254:41080, 277b5c5e-8c6f-4c9a-a53f-1bbc96404e12:192.168.157.254:41416], old=null
2019-10-16 21:55:50,024 [grpc-default-executor-0] INFO  impl.RaftServerImpl (RaftServerImpl.java:setRole(184)) - 6b24a2ab-97ee-4d49-85cc-2d76c2f4b8ef@group-569FAC3F8BCE: changes role from  FOLLOWER to FOLLOWER at term 424 for recognizeCandidate:277b5c5e-8c6f-4c9a-a53f-1bbc96404e12
2019-10-16 21:55:50,024 [grpc-default-executor-0] INFO  impl.RoleInfo (RoleInfo.java:shutdownFollowerState(121)) - 6b24a2ab-97ee-4d49-85cc-2d76c2f4b8ef: shutdown FollowerState
2019-10-16 21:55:50,024 [grpc-default-executor-1] INFO  impl.RaftServerImpl (RaftServerImpl.java:setRole(184)) - a32408a4-f19d-4bad-97c5-ba33ae94fc9a@group-569FAC3F8BCE: changes role from  FOLLOWER to FOLLOWER at term 424 for recognizeCandidate:277b5c5e-8c6f-4c9a-a53f-1bbc96404e12
2019-10-16 21:55:50,024 [Thread-2798] INFO  impl.FollowerState (FollowerState.java:run(117)) - 6b24a2ab-97ee-4d49-85cc-2d76c2f4b8ef@group-569FAC3F8BCE-FollowerState was interrupted: java.lang.InterruptedException: sleep interrupted
2019-10-16 21:55:50,024 [grpc-default-executor-0] INFO  impl.RoleInfo (RoleInfo.java:updateAndGet(143)) - 6b24a2ab-97ee-4d49-85cc-2d76c2f4b8ef: start FollowerState
2019-10-16 21:55:50,025 [grpc-default-executor-1] INFO  impl.RoleInfo (RoleInfo.java:shutdownFollowerState(121)) - a32408a4-f19d-4bad-97c5-ba33ae94fc9a: shutdown FollowerState
2019-10-16 21:55:50,025 [grpc-default-executor-1] INFO  impl.RoleInfo (RoleInfo.java:updateAndGet(143)) - a32408a4-f19d-4bad-97c5-ba33ae94fc9a: start FollowerState
2019-10-16 21:55:50,025 [Thread-2797] INFO  impl.FollowerState (FollowerState.java:run(117)) - a32408a4-f19d-4bad-97c5-ba33ae94fc9a@group-569FAC3F8BCE-FollowerState was interrupted: java.lang.InterruptedException: sleep interrupted
2019-10-16 21:55:50,038 [277b5c5e-8c6f-4c9a-a53f-1bbc96404e12@group-569FAC3F8BCE-LeaderElection406] INFO  impl.LeaderElection (LeaderElection.java:logAndReturn(56)) - 277b5c5e-8c6f-4c9a-a53f-1bbc96404e12@group-569FAC3F8BCE-LeaderElection406: Election REJECTED; received 2 response(s) [277b5c5e-8c6f-4c9a-a53f-1bbc96404e12<-a32408a4-f19d-4bad-97c5-ba33ae94fc9a#0:FAIL-t424, 277b5c5e-8c6f-4c9a-a53f-1bbc96404e12<-6b24a2ab-97ee-4d49-85cc-2d76c2f4b8ef#0:FAIL-t424] and 0 exception(s); 277b5c5e-8c6f-4c9a-a53f-1bbc96404e12@group-569FAC3F8BCE:t424, leader=null, voted=277b5c5e-8c6f-4c9a-a53f-1bbc96404e12, raftlog=277b5c5e-8c6f-4c9a-a53f-1bbc96404e12@group-569FAC3F8BCE-SegmentedRaftLog:OPENED:c-1,f-1,i0, conf=-1: [a32408a4-f19d-4bad-97c5-ba33ae94fc9a:192.168.157.254:38721, 6b24a2ab-97ee-4d49-85cc-2d76c2f4b8ef:192.168.157.254:41080, 277b5c5e-8c6f-4c9a-a53f-1bbc96404e12:192.168.157.254:41416], old=null
2019-10-16 21:55:50,038 [277b5c5e-8c6f-4c9a-a53f-1bbc96404e12@group-569FAC3F8BCE-LeaderElection406] INFO  impl.RaftServerImpl (RaftServerImpl.java:setRole(184)) - 277b5c5e-8c6f-4c9a-a53f-1bbc96404e12@group-569FAC3F8BCE: changes role from CANDIDATE to FOLLOWER at term 424 for DISCOVERED_A_NEW_TERM
2019-10-16 21:55:50,039 [277b5c5e-8c6f-4c9a-a53f-1bbc96404e12@group-569FAC3F8BCE-LeaderElection406] INFO  impl.RoleInfo (RoleInfo.java:shutdownLeaderElection(134)) - 277b5c5e-8c6f-4c9a-a53f-1bbc96404e12: shutdown LeaderElection
2019-10-16 21:55:50,039 [277b5c5e-8c6f-4c9a-a53f-1bbc96404e12@group-569FAC3F8BCE-LeaderElection406] INFO  impl.RoleInfo (RoleInfo.java:updateAndGet(143)) - 277b5c5e-8c6f-4c9a-a53f-1bbc96404e12: start FollowerState
2019-10-16 21:55:50,133 [Thread-2805] INFO  impl.FollowerState (FollowerState.java:run(108)) - 277b5c5e-8c6f-4c9a-a53f-1bbc96404e12@group-569FAC3F8BCE-FollowerState: change to CANDIDATE, lastRpcTime:94ms, electionTimeout:94ms
2019-10-16 21:55:50,133 [Thread-2805] INFO  impl.RoleInfo (RoleInfo.java:shutdownFollowerState(121)) - 277b5c5e-8c6f-4c9a-a53f-1bbc96404e12: shutdown FollowerState
2019-10-16 21:55:50,133 [Thread-2805] INFO  impl.RaftServerImpl (RaftServerImpl.java:setRole(184)) - 277b5c5e-8c6f-4c9a-a53f-1bbc96404e12@group-569FAC3F8BCE: changes role from  FOLLOWER to CANDIDATE at term 424 for changeToCandidate
2019-10-16 21:55:50,133 [Thread-2805] INFO  impl.RoleInfo (RoleInfo.java:updateAndGet(143)) - 277b5c5e-8c6f-4c9a-a53f-1bbc96404e12: start LeaderElection
2019-10-16 21:55:50,147 [277b5c5e-8c6f-4c9a-a53f-1bbc96404e12@group-569FAC3F8BCE-LeaderElection407] INFO  impl.LeaderElection (LeaderElection.java:askForVotes(178)) - 277b5c5e-8c6f-4c9a-a53f-1bbc96404e12@group-569FAC3F8BCE-LeaderElection407: begin an election at term 425 for -1: [a32408a4-f19d-4bad-97c5-ba33ae94fc9a:192.168.157.254:38721, 6b24a2ab-97ee-4d49-85cc-2d76c2f4b8ef:192.168.157.254:41080, 277b5c5e-8c6f-4c9a-a53f-1bbc96404e12:192.168.157.254:41416], old=null
2019-10-16 21:55:50,148 [grpc-default-executor-1] INFO  impl.RaftServerImpl (RaftServerImpl.java:setRole(184)) - a32408a4-f19d-4bad-97c5-ba33ae94fc9a@group-569FAC3F8BCE: changes role from  FOLLOWER to FOLLOWER at term 425 for recognizeCandidate:277b5c5e-8c6f-4c9a-a53f-1bbc96404e12
2019-10-16 21:55:50,149 [grpc-default-executor-0] INFO  impl.RaftServerImpl (RaftServerImpl.java:setRole(184)) - 6b24a2ab-97ee-4d49-85cc-2d76c2f4b8ef@group-569FAC3F8BCE: changes role from  FOLLOWER to FOLLOWER at term 425 for recognizeCandidate:277b5c5e-8c6f-4c9a-a53f-1bbc96404e12
2019-10-16 21:55:50,149 [grpc-default-executor-1] INFO  impl.RoleInfo (RoleInfo.java:shutdownFollowerState(121)) - a32408a4-f19d-4bad-97c5-ba33ae94fc9a: shutdown FollowerState
2019-10-16 21:55:50,149 [grpc-default-executor-0] INFO  impl.RoleInfo (RoleInfo.java:shutdownFollowerState(121)) - 6b24a2ab-97ee-4d49-85cc-2d76c2f4b8ef: shutdown FollowerState
2019-10-16 21:55:50,149 [Thread-2804] INFO  impl.FollowerState (FollowerState.java:run(117)) - a32408a4-f19d-4bad-97c5-ba33ae94fc9a@group-569FAC3F8BCE-FollowerState was interrupted: java.lang.InterruptedException: sleep interrupted
2019-10-16 21:55:50,149 [grpc-default-executor-1] INFO  impl.RoleInfo (RoleInfo.java:updateAndGet(143)) - a32408a4-f19d-4bad-97c5-ba33ae94fc9a: start FollowerState
2019-10-16 21:55:50,149 [grpc-default-executor-0] INFO  impl.RoleInfo (RoleInfo.java:updateAndGet(143)) - 6b24a2ab-97ee-4d49-85cc-2d76c2f4b8ef: start FollowerState
2019-10-16 21:55:50,149 [Thread-2803] INFO  impl.FollowerState (FollowerState.java:run(117)) - 6b24a2ab-97ee-4d49-85cc-2d76c2f4b8ef@group-569FAC3F8BCE-FollowerState was interrupted: java.lang.InterruptedException: sleep interrupted
2019-10-16 21:55:50,170 [277b5c5e-8c6f-4c9a-a53f-1bbc96404e12@group-569FAC3F8BCE-LeaderElection407] INFO  impl.LeaderElection (LeaderElection.java:logAndReturn(56)) - 277b5c5e-8c6f-4c9a-a53f-1bbc96404e12@group-569FAC3F8BCE-LeaderElection407: Election REJECTED; received 2 response(s) [277b5c5e-8c6f-4c9a-a53f-1bbc96404e12<-6b24a2ab-97ee-4d49-85cc-2d76c2f4b8ef#0:FAIL-t425, 277b5c5e-8c6f-4c9a-a53f-1bbc96404e12<-a32408a4-f19d-4bad-97c5-ba33ae94fc9a#0:FAIL-t425] and 0 exception(s); 277b5c5e-8c6f-4c9a-a53f-1bbc96404e12@group-569FAC3F8BCE:t425, leader=null, voted=277b5c5e-8c6f-4c9a-a53f-1bbc96404e12, raftlog=277b5c5e-8c6f-4c9a-a53f-1bbc96404e12@group-569FAC3F8BCE-SegmentedRaftLog:OPENED:c-1,f-1,i0, conf=-1: [a32408a4-f19d-4bad-97c5-ba33ae94fc9a:192.168.157.254:38721, 6b24a2ab-97ee-4d49-85cc-2d76c2f4b8ef:192.168.157.254:41080, 277b5c5e-8c6f-4c9a-a53f-1bbc96404e12:192.168.157.254:41416], old=null
2019-10-16 21:55:50,170 [277b5c5e-8c6f-4c9a-a53f-1bbc96404e12@group-569FAC3F8BCE-LeaderElection407] INFO  impl.RaftServerImpl (RaftServerImpl.java:setRole(184)) - 277b5c5e-8c6f-4c9a-a53f-1bbc96404e12@group-569FAC3F8BCE: changes role from CANDIDATE to FOLLOWER at term 425 for DISCOVERED_A_NEW_TERM
2019-10-16 21:55:50,170 [277b5c5e-8c6f-4c9a-a53f-1bbc96404e12@group-569FAC3F8BCE-LeaderElection407] INFO  impl.RoleInfo (RoleInfo.java:shutdownLeaderElection(134)) - 277b5c5e-8c6f-4c9a-a53f-1bbc96404e12: shutdown LeaderElection
2019-10-16 21:55:50,171 [277b5c5e-8c6f-4c9a-a53f-1bbc96404e12@group-569FAC3F8BCE-LeaderElection407] INFO  impl.RoleInfo (RoleInfo.java:updateAndGet(143)) - 277b5c5e-8c6f-4c9a-a53f-1bbc96404e12: start FollowerState
2019-10-16 21:55:50,224 [Thread-2811] INFO  impl.FollowerState (FollowerState.java:run(108)) - 277b5c5e-8c6f-4c9a-a53f-1bbc96404e12@group-569FAC3F8BCE-FollowerState: change to CANDIDATE, lastRpcTime:53ms, electionTimeout:53ms
2019-10-16 21:55:50,224 [Thread-2811] INFO  impl.RoleInfo (RoleInfo.java:shutdownFollowerState(121)) - 277b5c5e-8c6f-4c9a-a53f-1bbc96404e12: shutdown FollowerState
2019-10-16 21:55:50,224 [Thread-2811] INFO  impl.RaftServerImpl (RaftServerImpl.java:setRole(184)) - 277b5c5e-8c6f-4c9a-a53f-1bbc96404e12@group-569FAC3F8BCE: changes role from  FOLLOWER to CANDIDATE at term 425 for changeToCandidate
2019-10-16 21:55:50,224 [Thread-2811] INFO  impl.RoleInfo (RoleInfo.java:updateAndGet(143)) - 277b5c5e-8c6f-4c9a-a53f-1bbc96404e12: start LeaderElection
2019-10-16 21:55:50,239 [277b5c5e-8c6f-4c9a-a53f-1bbc96404e12@group-569FAC3F8BCE-LeaderElection408] INFO  impl.LeaderElection (LeaderElection.java:askForVotes(178)) - 277b5c5e-8c6f-4c9a-a53f-1bbc96404e12@group-569FAC3F8BCE-LeaderElection408: begin an election at term 426 for -1: [a32408a4-f19d-4bad-97c5-ba33ae94fc9a:192.168.157.254:38721, 6b24a2ab-97ee-4d49-85cc-2d76c2f4b8ef:192.168.157.254:41080, 277b5c5e-8c6f-4c9a-a53f-1bbc96404e12:192.168.157.254:41416], old=null
2019-10-16 21:55:50,240 [grpc-default-executor-1] INFO  impl.RaftServerImpl (RaftServerImpl.java:setRole(184)) - a32408a4-f19d-4bad-97c5-ba33ae94fc9a@group-569FAC3F8BCE: changes role from  FOLLOWER to FOLLOWER at term 426 for recognizeCandidate:277b5c5e-8c6f-4c9a-a53f-1bbc96404e12
2019-10-16 21:55:50,240 [grpc-default-executor-1] INFO  impl.RoleInfo (RoleInfo.java:shutdownFollowerState(121)) - a32408a4-f19d-4bad-97c5-ba33ae94fc9a: shutdown FollowerState
2019-10-16 21:55:50,240 [grpc-default-executor-0] INFO  impl.RaftServerImpl (RaftServerImpl.java:setRole(184)) - 6b24a2ab-97ee-4d49-85cc-2d76c2f4b8ef@group-569FAC3F8BCE: changes role from  FOLLOWER to FOLLOWER at term 426 for recognizeCandidate:277b5c5e-8c6f-4c9a-a53f-1bbc96404e12
2019-10-16 21:55:50,241 [Thread-2809] INFO  impl.FollowerState (FollowerState.java:run(117)) - a32408a4-f19d-4bad-97c5-ba33ae94fc9a@group-569FAC3F8BCE-FollowerState was interrupted: java.lang.InterruptedException: sleep interrupted
2019-10-16 21:55:50,241 [grpc-default-executor-1] INFO  impl.RoleInfo (RoleInfo.java:updateAndGet(143)) - a32408a4-f19d-4bad-97c5-ba33ae94fc9a: start FollowerState
2019-10-16 21:55:50,241 [grpc-default-executor-0] INFO  impl.RoleInfo (RoleInfo.java:shutdownFollowerState(121)) - 6b24a2ab-97ee-4d49-85cc-2d76c2f4b8ef: shutdown FollowerState
2019-10-16 21:55:50,241 [grpc-default-executor-0] INFO  impl.RoleInfo (RoleInfo.java:updateAndGet(143)) - 6b24a2ab-97ee-4d49-85cc-2d76c2f4b8ef: start FollowerState
2019-10-16 21:55:50,241 [Thread-2810] INFO  impl.FollowerState (FollowerState.java:run(117)) - 6b24a2ab-97ee-4d49-85cc-2d76c2f4b8ef@group-569FAC3F8BCE-FollowerState was interrupted: java.lang.InterruptedException: sleep interrupted
2019-10-16 21:55:50,255 [277b5c5e-8c6f-4c9a-a53f-1bbc96404e12@group-569FAC3F8BCE-LeaderElection408] INFO  impl.LeaderElection (LeaderElection.java:logAndReturn(56)) - 277b5c5e-8c6f-4c9a-a53f-1bbc96404e12@group-569FAC3F8BCE-LeaderElection408: Election REJECTED; received 2 response(s) [277b5c5e-8c6f-4c9a-a53f-1bbc96404e12<-6b24a2ab-97ee-4d49-85cc-2d76c2f4b8ef#0:FAIL-t426, 277b5c5e-8c6f-4c9a-a53f-1bbc96404e12<-a32408a4-f19d-4bad-97c5-ba33ae94fc9a#0:FAIL-t426] and 0 exception(s); 277b5c5e-8c6f-4c9a-a53f-1bbc96404e12@group-569FAC3F8BCE:t426, leader=null, voted=277b5c5e-8c6f-4c9a-a53f-1bbc96404e12, raftlog=277b5c5e-8c6f-4c9a-a53f-1bbc96404e12@group-569FAC3F8BCE-SegmentedRaftLog:OPENED:c-1,f-1,i0, conf=-1: [a32408a4-f19d-4bad-97c5-ba33ae94fc9a:192.168.157.254:38721, 6b24a2ab-97ee-4d49-85cc-2d76c2f4b8ef:192.168.157.254:41080, 277b5c5e-8c6f-4c9a-a53f-1bbc96404e12:192.168.157.254:41416], old=null
2019-10-16 21:55:50,255 [277b5c5e-8c6f-4c9a-a53f-1bbc96404e12@group-569FAC3F8BCE-LeaderElection408] INFO  impl.RaftServerImpl (RaftServerImpl.java:setRole(184)) - 277b5c5e-8c6f-4c9a-a53f-1bbc96404e12@group-569FAC3F8BCE: changes role from CANDIDATE to FOLLOWER at term 426 for DISCOVERED_A_NEW_TERM
2019-10-16 21:55:50,255 [277b5c5e-8c6f-4c9a-a53f-1bbc96404e12@group-569FAC3F8BCE-LeaderElection408] INFO  impl.RoleInfo (RoleInfo.java:shutdownLeaderElection(134)) - 277b5c5e-8c6f-4c9a-a53f-1bbc96404e12: shutdown LeaderElection
2019-10-16 21:55:50,255 [277b5c5e-8c6f-4c9a-a53f-1bbc96404e12@group-569FAC3F8BCE-LeaderElection408] INFO  impl.RoleInfo (RoleInfo.java:updateAndGet(143)) - 277b5c5e-8c6f-4c9a-a53f-1bbc96404e12: start FollowerState
2019-10-16 21:55:50,428 [Thread-2817] INFO  impl.FollowerState (FollowerState.java:run(108)) - 277b5c5e-8c6f-4c9a-a53f-1bbc96404e12@group-569FAC3F8BCE-FollowerState: change to CANDIDATE, lastRpcTime:173ms, electionTimeout:173ms
2019-10-16 21:55:50,429 [Thread-2817] INFO  impl.RoleInfo (RoleInfo.java:shutdownFollowerState(121)) - 277b5c5e-8c6f-4c9a-a53f-1bbc96404e12: shutdown FollowerState
2019-10-16 21:55:50,429 [Thread-2817] INFO  impl.RaftServerImpl (RaftServerImpl.java:setRole(184)) - 277b5c5e-8c6f-4c9a-a53f-1bbc96404e12@group-569FAC3F8BCE: changes role from  FOLLOWER to CANDIDATE at term 426 for changeToCandidate
2019-10-16 21:55:50,429 [Thread-2817] INFO  impl.RoleInfo (RoleInfo.java:updateAndGet(143)) - 277b5c5e-8c6f-4c9a-a53f-1bbc96404e12: start LeaderElection
2019-10-16 21:55:50,451 [277b5c5e-8c6f-4c9a-a53f-1bbc96404e12@group-569FAC3F8BCE-LeaderElection409] INFO  impl.LeaderElection (LeaderElection.java:askForVotes(178)) - 277b5c5e-8c6f-4c9a-a53f-1bbc96404e12@group-569FAC3F8BCE-LeaderElection409: begin an election at term 427 for -1: [a32408a4-f19d-4bad-97c5-ba33ae94fc9a:192.168.157.254:38721, 6b24a2ab-97ee-4d49-85cc-2d76c2f4b8ef:192.168.157.254:41080, 277b5c5e-8c6f-4c9a-a53f-1bbc96404e12:192.168.157.254:41416], old=null
2019-10-16 21:55:50,453 [grpc-default-executor-1] INFO  impl.RaftServerImpl (RaftServerImpl.java:setRole(184)) - a32408a4-f19d-4bad-97c5-ba33ae94fc9a@group-569FAC3F8BCE: changes role from  FOLLOWER to FOLLOWER at term 427 for recognizeCandidate:277b5c5e-8c6f-4c9a-a53f-1bbc96404e12
2019-10-16 21:55:50,453 [grpc-default-executor-1] INFO  impl.RoleInfo (RoleInfo.java:shutdownFollowerState(121)) - a32408a4-f19d-4bad-97c5-ba33ae94fc9a: shutdown FollowerState
2019-10-16 21:55:50,453 [grpc-default-executor-0] INFO  impl.RaftServerImpl (RaftServerImpl.java:setRole(184)) - 6b24a2ab-97ee-4d49-85cc-2d76c2f4b8ef@group-569FAC3F8BCE: changes role from  FOLLOWER to FOLLOWER at term 427 for recognizeCandidate:277b5c5e-8c6f-4c9a-a53f-1bbc96404e12
2019-10-16 21:55:50,454 [grpc-default-executor-0] INFO  impl.RoleInfo (RoleInfo.java:shutdownFollowerState(121)) - 6b24a2ab-97ee-4d49-85cc-2d76c2f4b8ef: shutdown FollowerState
2019-10-16 21:55:50,454 [Thread-2815] INFO  impl.FollowerState (FollowerState.java:run(117)) - a32408a4-f19d-4bad-97c5-ba33ae94fc9a@group-569FAC3F8BCE-FollowerState was interrupted: java.lang.InterruptedException: sleep interrupted
2019-10-16 21:55:50,453 [grpc-default-executor-1] INFO  impl.RoleInfo (RoleInfo.java:updateAndGet(143)) - a32408a4-f19d-4bad-97c5-ba33ae94fc9a: start FollowerState
2019-10-16 21:55:50,454 [grpc-default-executor-0] INFO  impl.RoleInfo (RoleInfo.java:updateAndGet(143)) - 6b24a2ab-97ee-4d49-85cc-2d76c2f4b8ef: start FollowerState
2019-10-16 21:55:50,454 [Thread-2816] INFO  impl.FollowerState (FollowerState.java:run(117)) - 6b24a2ab-97ee-4d49-85cc-2d76c2f4b8ef@group-569FAC3F8BCE-FollowerState was interrupted: java.lang.InterruptedException: sleep interrupted
2019-10-16 21:55:50,467 [277b5c5e-8c6f-4c9a-a53f-1bbc96404e12@group-569FAC3F8BCE-LeaderElection409] INFO  impl.LeaderElection (LeaderElection.java:logAndReturn(56)) - 277b5c5e-8c6f-4c9a-a53f-1bbc96404e12@group-569FAC3F8BCE-LeaderElection409: Election REJECTED; received 2 response(s) [277b5c5e-8c6f-4c9a-a53f-1bbc96404e12<-a32408a4-f19d-4bad-97c5-ba33ae94fc9a#0:FAIL-t427, 277b5c5e-8c6f-4c9a-a53f-1bbc96404e12<-6b24a2ab-97ee-4d49-85cc-2d76c2f4b8ef#0:FAIL-t427] and 0 exception(s); 277b5c5e-8c6f-4c9a-a53f-1bbc96404e12@group-569FAC3F8BCE:t427, leader=null, voted=277b5c5e-8c6f-4c9a-a53f-1bbc96404e12, raftlog=277b5c5e-8c6f-4c9a-a53f-1bbc96404e12@group-569FAC3F8BCE-SegmentedRaftLog:OPENED:c-1,f-1,i0, conf=-1: [a32408a4-f19d-4bad-97c5-ba33ae94fc9a:192.168.157.254:38721, 6b24a2ab-97ee-4d49-85cc-2d76c2f4b8ef:192.168.157.254:41080, 277b5c5e-8c6f-4c9a-a53f-1bbc96404e12:192.168.157.254:41416], old=null
2019-10-16 21:55:50,467 [277b5c5e-8c6f-4c9a-a53f-1bbc96404e12@group-569FAC3F8BCE-LeaderElection409] INFO  impl.RaftServerImpl (RaftServerImpl.java:setRole(184)) - 277b5c5e-8c6f-4c9a-a53f-1bbc96404e12@group-569FAC3F8BCE: changes role from CANDIDATE to FOLLOWER at term 427 for DISCOVERED_A_NEW_TERM
2019-10-16 21:55:50,468 [277b5c5e-8c6f-4c9a-a53f-1bbc96404e12@group-569FAC3F8BCE-LeaderElection409] INFO  impl.RoleInfo (RoleInfo.java:shutdownLeaderElection(134)) - 277b5c5e-8c6f-4c9a-a53f-1bbc96404e12: shutdown LeaderElection
2019-10-16 21:55:50,468 [277b5c5e-8c6f-4c9a-a53f-1bbc96404e12@group-569FAC3F8BCE-LeaderElection409] INFO  impl.RoleInfo (RoleInfo.java:updateAndGet(143)) - 277b5c5e-8c6f-4c9a-a53f-1bbc96404e12: start FollowerState
2019-10-16 21:55:50,652 [Thread-2823] INFO  impl.FollowerState (FollowerState.java:run(108)) - 277b5c5e-8c6f-4c9a-a53f-1bbc96404e12@group-569FAC3F8BCE-FollowerState: change to CANDIDATE, lastRpcTime:184ms, electionTimeout:184ms
2019-10-16 21:55:50,652 [Thread-2823] INFO  impl.RoleInfo (RoleInfo.java:shutdownFollowerState(121)) - 277b5c5e-8c6f-4c9a-a53f-1bbc96404e12: shutdown FollowerState
2019-10-16 21:55:50,652 [Thread-2823] INFO  impl.RaftServerImpl (RaftServerImpl.java:setRole(184)) - 277b5c5e-8c6f-4c9a-a53f-1bbc96404e12@group-569FAC3F8BCE: changes role from  FOLLOWER to CANDIDATE at term 427 for changeToCandidate
2019-10-16 21:55:50,653 [Thread-2823] INFO  impl.RoleInfo (RoleInfo.java:updateAndGet(143)) - 277b5c5e-8c6f-4c9a-a53f-1bbc96404e12: start LeaderElection
2019-10-16 21:55:50,664 [277b5c5e-8c6f-4c9a-a53f-1bbc96404e12@group-569FAC3F8BCE-LeaderElection410] INFO  impl.LeaderElection (LeaderElection.java:askForVotes(178)) - 277b5c5e-8c6f-4c9a-a53f-1bbc96404e12@group-569FAC3F8BCE-LeaderElection410: begin an election at term 428 for -1: [a32408a4-f19d-4bad-97c5-ba33ae94fc9a:192.168.157.254:38721, 6b24a2ab-97ee-4d49-85cc-2d76c2f4b8ef:192.168.157.254:41080, 277b5c5e-8c6f-4c9a-a53f-1bbc96404e12:192.168.157.254:41416], old=null
2019-10-16 21:55:50,666 [grpc-default-executor-0] INFO  impl.RaftServerImpl (RaftServerImpl.java:setRole(184)) - a32408a4-f19d-4bad-97c5-ba33ae94fc9a@group-569FAC3F8BCE: changes role from  FOLLOWER to FOLLOWER at term 428 for recognizeCandidate:277b5c5e-8c6f-4c9a-a53f-1bbc96404e12
2019-10-16 21:55:50,666 [grpc-default-executor-1] INFO  impl.RaftServerImpl (RaftServerImpl.java:setRole(184)) - 6b24a2ab-97ee-4d49-85cc-2d76c2f4b8ef@group-569FAC3F8BCE: changes role from  FOLLOWER to FOLLOWER at term 428 for recognizeCandidate:277b5c5e-8c6f-4c9a-a53f-1bbc96404e12
2019-10-16 21:55:50,666 [grpc-default-executor-1] INFO  impl.RoleInfo (RoleInfo.java:shutdownFollowerState(121)) - 6b24a2ab-97ee-4d49-85cc-2d76c2f4b8ef: shutdown FollowerState
2019-10-16 21:55:50,666 [grpc-default-executor-0] INFO  impl.RoleInfo (RoleInfo.java:shutdownFollowerState(121)) - a32408a4-f19d-4bad-97c5-ba33ae94fc9a: shutdown FollowerState
2019-10-16 21:55:50,666 [Thread-2822] INFO  impl.FollowerState (FollowerState.java:run(117)) - 6b24a2ab-97ee-4d49-85cc-2d76c2f4b8ef@group-569FAC3F8BCE-FollowerState was interrupted: java.lang.InterruptedException: sleep interrupted
2019-10-16 21:55:50,666 [grpc-default-executor-1] INFO  impl.RoleInfo (RoleInfo.java:updateAndGet(143)) - 6b24a2ab-97ee-4d49-85cc-2d76c2f4b8ef: start FollowerState
2019-10-16 21:55:50,667 [grpc-default-executor-0] INFO  impl.RoleInfo (RoleInfo.java:updateAndGet(143)) - a32408a4-f19d-4bad-97c5-ba33ae94fc9a: start FollowerState
2019-10-16 21:55:50,667 [Thread-2821] INFO  impl.FollowerState (FollowerState.java:run(117)) - a32408a4-f19d-4bad-97c5-ba33ae94fc9a@group-569FAC3F8BCE-FollowerState was interrupted: java.lang.InterruptedException: sleep interrupted
2019-10-16 21:55:50,684 [277b5c5e-8c6f-4c9a-a53f-1bbc96404e12@group-569FAC3F8BCE-LeaderElection410] INFO  impl.LeaderElection (LeaderElection.java:logAndReturn(56)) - 277b5c5e-8c6f-4c9a-a53f-1bbc96404e12@group-569FAC3F8BCE-LeaderElection410: Election REJECTED; received 2 response(s) [277b5c5e-8c6f-4c9a-a53f-1bbc96404e12<-6b24a2ab-97ee-4d49-85cc-2d76c2f4b8ef#0:FAIL-t428, 277b5c5e-8c6f-4c9a-a53f-1bbc96404e12<-a32408a4-f19d-4bad-97c5-ba33ae94fc9a#0:FAIL-t428] and 0 exception(s); 277b5c5e-8c6f-4c9a-a53f-1bbc96404e12@group-569FAC3F8BCE:t428, leader=null, voted=277b5c5e-8c6f-4c9a-a53f-1bbc96404e12, raftlog=277b5c5e-8c6f-4c9a-a53f-1bbc96404e12@group-569FAC3F8BCE-SegmentedRaftLog:OPENED:c-1,f-1,i0, conf=-1: [a32408a4-f19d-4bad-97c5-ba33ae94fc9a:192.168.157.254:38721, 6b24a2ab-97ee-4d49-85cc-2d76c2f4b8ef:192.168.157.254:41080, 277b5c5e-8c6f-4c9a-a53f-1bbc96404e12:192.168.157.254:41416], old=null
2019-10-16 21:55:50,684 [277b5c5e-8c6f-4c9a-a53f-1bbc96404e12@group-569FAC3F8BCE-LeaderElection410] INFO  impl.RaftServerImpl (RaftServerImpl.java:setRole(184)) - 277b5c5e-8c6f-4c9a-a53f-1bbc96404e12@group-569FAC3F8BCE: changes role from CANDIDATE to FOLLOWER at term 428 for DISCOVERED_A_NEW_TERM
2019-10-16 21:55:50,684 [277b5c5e-8c6f-4c9a-a53f-1bbc96404e12@group-569FAC3F8BCE-LeaderElection410] INFO  impl.RoleInfo (RoleInfo.java:shutdownLeaderElection(134)) - 277b5c5e-8c6f-4c9a-a53f-1bbc96404e12: shutdown LeaderElection
2019-10-16 21:55:50,684 [277b5c5e-8c6f-4c9a-a53f-1bbc96404e12@group-569FAC3F8BCE-LeaderElection410] INFO  impl.RoleInfo (RoleInfo.java:updateAndGet(143)) - 277b5c5e-8c6f-4c9a-a53f-1bbc96404e12: start FollowerState
2019-10-16 21:55:50,819 [Thread-2832] INFO  impl.FollowerState (FollowerState.java:run(108)) - 277b5c5e-8c6f-4c9a-a53f-1bbc96404e12@group-569FAC3F8BCE-FollowerState: change to CANDIDATE, lastRpcTime:135ms, electionTimeout:135ms
2019-10-16 21:55:50,819 [Thread-2832] INFO  impl.RoleInfo (RoleInfo.java:shutdownFollowerState(121)) - 277b5c5e-8c6f-4c9a-a53f-1bbc96404e12: shutdown FollowerState
2019-10-16 21:55:50,820 [Thread-2832] INFO  impl.RaftServerImpl (RaftServerImpl.java:setRole(184)) - 277b5c5e-8c6f-4c9a-a53f-1bbc96404e12@group-569FAC3F8BCE: changes role from  FOLLOWER to CANDIDATE at term 428 for changeToCandidate
2019-10-16 21:55:50,820 [Thread-2832] INFO  impl.RoleInfo (RoleInfo.java:updateAndGet(143)) - 277b5c5e-8c6f-4c9a-a53f-1bbc96404e12: start LeaderElection
2019-10-16 21:55:50,823 [277b5c5e-8c6f-4c9a-a53f-1bbc96404e12@group-569FAC3F8BCE-LeaderElection411] INFO  impl.LeaderElection (LeaderElection.java:askForVotes(178)) - 277b5c5e-8c6f-4c9a-a53f-1bbc96404e12@group-569FAC3F8BCE-LeaderElection411: begin an election at term 429 for -1: [a32408a4-f19d-4bad-97c5-ba33ae94fc9a:192.168.157.254:38721, 6b24a2ab-97ee-4d49-85cc-2d76c2f4b8ef:192.168.157.254:41080, 277b5c5e-8c6f-4c9a-a53f-1bbc96404e12:192.168.157.254:41416], old=null
2019-10-16 21:55:50,825 [grpc-default-executor-1] INFO  impl.RaftServerImpl (RaftServerImpl.java:setRole(184)) - a32408a4-f19d-4bad-97c5-ba33ae94fc9a@group-569FAC3F8BCE: changes role from  FOLLOWER to FOLLOWER at term 429 for recognizeCandidate:277b5c5e-8c6f-4c9a-a53f-1bbc96404e12
2019-10-16 21:55:50,825 [grpc-default-executor-0] INFO  impl.RaftServerImpl (RaftServerImpl.java:setRole(184)) - 6b24a2ab-97ee-4d49-85cc-2d76c2f4b8ef@group-569FAC3F8BCE: changes role from  FOLLOWER to FOLLOWER at term 429 for recognizeCandidate:277b5c5e-8c6f-4c9a-a53f-1bbc96404e12
2019-10-16 21:55:50,825 [grpc-default-executor-1] INFO  impl.RoleInfo (RoleInfo.java:shutdownFollowerState(121)) - a32408a4-f19d-4bad-97c5-ba33ae94fc9a: shutdown FollowerState
2019-10-16 21:55:50,825 [grpc-default-executor-0] INFO  impl.RoleInfo (RoleInfo.java:shutdownFollowerState(121)) - 6b24a2ab-97ee-4d49-85cc-2d76c2f4b8ef: shutdown FollowerState
2019-10-16 21:55:50,826 [Thread-2831] INFO  impl.FollowerState (FollowerState.java:run(117)) - a32408a4-f19d-4bad-97c5-ba33ae94fc9a@group-569FAC3F8BCE-FollowerState was interrupted: java.lang.InterruptedException: sleep interrupted
2019-10-16 21:55:50,826 [grpc-default-executor-1] INFO  impl.RoleInfo (RoleInfo.java:updateAndGet(143)) - a32408a4-f19d-4bad-97c5-ba33ae94fc9a: start FollowerState
2019-10-16 21:55:50,826 [grpc-default-executor-0] INFO  impl.RoleInfo (RoleInfo.java:updateAndGet(143)) - 6b24a2ab-97ee-4d49-85cc-2d76c2f4b8ef: start FollowerState
2019-10-16 21:55:50,826 [Thread-2830] INFO  impl.FollowerState (FollowerState.java:run(117)) - 6b24a2ab-97ee-4d49-85cc-2d76c2f4b8ef@group-569FAC3F8BCE-FollowerState was interrupted: java.lang.InterruptedException: sleep interrupted
2019-10-16 21:55:50,846 [277b5c5e-8c6f-4c9a-a53f-1bbc96404e12@group-569FAC3F8BCE-LeaderElection411] INFO  impl.LeaderElection (LeaderElection.java:logAndReturn(56)) - 277b5c5e-8c6f-4c9a-a53f-1bbc96404e12@group-569FAC3F8BCE-LeaderElection411: Election REJECTED; received 2 response(s) [277b5c5e-8c6f-4c9a-a53f-1bbc96404e12<-a32408a4-f19d-4bad-97c5-ba33ae94fc9a#0:FAIL-t429, 277b5c5e-8c6f-4c9a-a53f-1bbc96404e12<-6b24a2ab-97ee-4d49-85cc-2d76c2f4b8ef#0:FAIL-t429] and 0 exception(s); 277b5c5e-8c6f-4c9a-a53f-1bbc96404e12@group-569FAC3F8BCE:t429, leader=null, voted=277b5c5e-8c6f-4c9a-a53f-1bbc96404e12, raftlog=277b5c5e-8c6f-4c9a-a53f-1bbc96404e12@group-569FAC3F8BCE-SegmentedRaftLog:OPENED:c-1,f-1,i0, conf=-1: [a32408a4-f19d-4bad-97c5-ba33ae94fc9a:192.168.157.254:38721, 6b24a2ab-97ee-4d49-85cc-2d76c2f4b8ef:192.168.157.254:41080, 277b5c5e-8c6f-4c9a-a53f-1bbc96404e12:192.168.157.254:41416], old=null
2019-10-16 21:55:50,847 [277b5c5e-8c6f-4c9a-a53f-1bbc96404e12@group-569FAC3F8BCE-LeaderElection411] INFO  impl.RaftServerImpl (RaftServerImpl.java:setRole(184)) - 277b5c5e-8c6f-4c9a-a53f-1bbc96404e12@group-569FAC3F8BCE: changes role from CANDIDATE to FOLLOWER at term 429 for DISCOVERED_A_NEW_TERM
2019-10-16 21:55:50,847 [277b5c5e-8c6f-4c9a-a53f-1bbc96404e12@group-569FAC3F8BCE-LeaderElection411] INFO  impl.RoleInfo (RoleInfo.java:shutdownLeaderElection(134)) - 277b5c5e-8c6f-4c9a-a53f-1bbc96404e12: shutdown LeaderElection
2019-10-16 21:55:50,847 [277b5c5e-8c6f-4c9a-a53f-1bbc96404e12@group-569FAC3F8BCE-LeaderElection411] INFO  impl.RoleInfo (RoleInfo.java:updateAndGet(143)) - 277b5c5e-8c6f-4c9a-a53f-1bbc96404e12: start FollowerState
2019-10-16 21:55:51,029 [Thread-2838] INFO  impl.FollowerState (FollowerState.java:run(108)) - 277b5c5e-8c6f-4c9a-a53f-1bbc96404e12@group-569FAC3F8BCE-FollowerState: change to CANDIDATE, lastRpcTime:182ms, electionTimeout:182ms
2019-10-16 21:55:51,030 [Thread-2838] INFO  impl.RoleInfo (RoleInfo.java:shutdownFollowerState(121)) - 277b5c5e-8c6f-4c9a-a53f-1bbc96404e12: shutdown FollowerState
2019-10-16 21:55:51,030 [Thread-2838] INFO  impl.RaftServerImpl (RaftServerImpl.java:setRole(184)) - 277b5c5e-8c6f-4c9a-a53f-1bbc96404e12@group-569FAC3F8BCE: changes role from  FOLLOWER to CANDIDATE at term 429 for changeToCandidate
2019-10-16 21:55:51,030 [Thread-2838] INFO  impl.RoleInfo (RoleInfo.java:updateAndGet(143)) - 277b5c5e-8c6f-4c9a-a53f-1bbc96404e12: start LeaderElection
2019-10-16 21:55:51,056 [277b5c5e-8c6f-4c9a-a53f-1bbc96404e12@group-569FAC3F8BCE-LeaderElection412] INFO  impl.LeaderElection (LeaderElection.java:askForVotes(178)) - 277b5c5e-8c6f-4c9a-a53f-1bbc96404e12@group-569FAC3F8BCE-LeaderElection412: begin an election at term 430 for -1: [a32408a4-f19d-4bad-97c5-ba33ae94fc9a:192.168.157.254:38721, 6b24a2ab-97ee-4d49-85cc-2d76c2f4b8ef:192.168.157.254:41080, 277b5c5e-8c6f-4c9a-a53f-1bbc96404e12:192.168.157.254:41416], old=null
2019-10-16 21:55:51,058 [grpc-default-executor-1] INFO  impl.RaftServerImpl (RaftServerImpl.java:setRole(184)) - 6b24a2ab-97ee-4d49-85cc-2d76c2f4b8ef@group-569FAC3F8BCE: changes role from  FOLLOWER to FOLLOWER at term 430 for recognizeCandidate:277b5c5e-8c6f-4c9a-a53f-1bbc96404e12
2019-10-16 21:55:51,058 [grpc-default-executor-0] INFO  impl.RaftServerImpl (RaftServerImpl.java:setRole(184)) - a32408a4-f19d-4bad-97c5-ba33ae94fc9a@group-569FAC3F8BCE: changes role from  FOLLOWER to FOLLOWER at term 430 for recognizeCandidate:277b5c5e-8c6f-4c9a-a53f-1bbc96404e12
2019-10-16 21:55:51,058 [grpc-default-executor-1] INFO  impl.RoleInfo (RoleInfo.java:shutdownFollowerState(121)) - 6b24a2ab-97ee-4d49-85cc-2d76c2f4b8ef: shutdown FollowerState
2019-10-16 21:55:51,058 [grpc-default-executor-0] INFO  impl.RoleInfo (RoleInfo.java:shutdownFollowerState(121)) - a32408a4-f19d-4bad-97c5-ba33ae94fc9a: shutdown FollowerState
2019-10-16 21:55:51,058 [Thread-2837] INFO  impl.FollowerState (FollowerState.java:run(117)) - 6b24a2ab-97ee-4d49-85cc-2d76c2f4b8ef@group-569FAC3F8BCE-FollowerState was interrupted: java.lang.InterruptedException: sleep interrupted
2019-10-16 21:55:51,058 [Thread-2836] INFO  impl.FollowerState (FollowerState.java:run(117)) - a32408a4-f19d-4bad-97c5-ba33ae94fc9a@group-569FAC3F8BCE-FollowerState was interrupted: java.lang.InterruptedException: sleep interrupted
2019-10-16 21:55:51,058 [grpc-default-executor-0] INFO  impl.RoleInfo (RoleInfo.java:updateAndGet(143)) - a32408a4-f19d-4bad-97c5-ba33ae94fc9a: start FollowerState
2019-10-16 21:55:51,058 [grpc-default-executor-1] INFO  impl.RoleInfo (RoleInfo.java:updateAndGet(143)) - 6b24a2ab-97ee-4d49-85cc-2d76c2f4b8ef: start FollowerState
2019-10-16 21:55:51,073 [277b5c5e-8c6f-4c9a-a53f-1bbc96404e12@group-569FAC3F8BCE-LeaderElection412] INFO  impl.LeaderElection (LeaderElection.java:logAndReturn(56)) - 277b5c5e-8c6f-4c9a-a53f-1bbc96404e12@group-569FAC3F8BCE-LeaderElection412: Election REJECTED; received 2 response(s) [277b5c5e-8c6f-4c9a-a53f-1bbc96404e12<-a32408a4-f19d-4bad-97c5-ba33ae94fc9a#0:FAIL-t430, 277b5c5e-8c6f-4c9a-a53f-1bbc96404e12<-6b24a2ab-97ee-4d49-85cc-2d76c2f4b8ef#0:FAIL-t430] and 0 exception(s); 277b5c5e-8c6f-4c9a-a53f-1bbc96404e12@group-569FAC3F8BCE:t430, leader=null, voted=277b5c5e-8c6f-4c9a-a53f-1bbc96404e12, raftlog=277b5c5e-8c6f-4c9a-a53f-1bbc96404e12@group-569FAC3F8BCE-SegmentedRaftLog:OPENED:c-1,f-1,i0, conf=-1: [a32408a4-f19d-4bad-97c5-ba33ae94fc9a:192.168.157.254:38721, 6b24a2ab-97ee-4d49-85cc-2d76c2f4b8ef:192.168.157.254:41080, 277b5c5e-8c6f-4c9a-a53f-1bbc96404e12:192.168.157.254:41416], old=null
2019-10-16 21:55:51,073 [277b5c5e-8c6f-4c9a-a53f-1bbc96404e12@group-569FAC3F8BCE-LeaderElection412] INFO  impl.RaftServerImpl (RaftServerImpl.java:setRole(184)) - 277b5c5e-8c6f-4c9a-a53f-1bbc96404e12@group-569FAC3F8BCE: changes role from CANDIDATE to FOLLOWER at term 430 for DISCOVERED_A_NEW_TERM
2019-10-16 21:55:51,073 [277b5c5e-8c6f-4c9a-a53f-1bbc96404e12@group-569FAC3F8BCE-LeaderElection412] INFO  impl.RoleInfo (RoleInfo.java:shutdownLeaderElection(134)) - 277b5c5e-8c6f-4c9a-a53f-1bbc96404e12: shutdown LeaderElection
2019-10-16 21:55:51,074 [277b5c5e-8c6f-4c9a-a53f-1bbc96404e12@group-569FAC3F8BCE-LeaderElection412] INFO  impl.RoleInfo (RoleInfo.java:updateAndGet(143)) - 277b5c5e-8c6f-4c9a-a53f-1bbc96404e12: start FollowerState
2019-10-16 21:55:51,169 [Thread-2844] INFO  impl.FollowerState (FollowerState.java:run(108)) - 277b5c5e-8c6f-4c9a-a53f-1bbc96404e12@group-569FAC3F8BCE-FollowerState: change to CANDIDATE, lastRpcTime:95ms, electionTimeout:95ms
2019-10-16 21:55:51,169 [Thread-2844] INFO  impl.RoleInfo (RoleInfo.java:shutdownFollowerState(121)) - 277b5c5e-8c6f-4c9a-a53f-1bbc96404e12: shutdown FollowerState
2019-10-16 21:55:51,169 [Thread-2844] INFO  impl.RaftServerImpl (RaftServerImpl.java:setRole(184)) - 277b5c5e-8c6f-4c9a-a53f-1bbc96404e12@group-569FAC3F8BCE: changes role from  FOLLOWER to CANDIDATE at term 430 for changeToCandidate
2019-10-16 21:55:51,169 [Thread-2844] INFO  impl.RoleInfo (RoleInfo.java:updateAndGet(143)) - 277b5c5e-8c6f-4c9a-a53f-1bbc96404e12: start LeaderElection
2019-10-16 21:55:51,184 [277b5c5e-8c6f-4c9a-a53f-1bbc96404e12@group-569FAC3F8BCE-LeaderElection413] INFO  impl.LeaderElection (LeaderElection.java:askForVotes(178)) - 277b5c5e-8c6f-4c9a-a53f-1bbc96404e12@group-569FAC3F8BCE-LeaderElection413: begin an election at term 431 for -1: [a32408a4-f19d-4bad-97c5-ba33ae94fc9a:192.168.157.254:38721, 6b24a2ab-97ee-4d49-85cc-2d76c2f4b8ef:192.168.157.254:41080, 277b5c5e-8c6f-4c9a-a53f-1bbc96404e12:192.168.157.254:41416], old=null
2019-10-16 21:55:51,185 [grpc-default-executor-1] INFO  impl.RaftServerImpl (RaftServerImpl.java:setRole(184)) - a32408a4-f19d-4bad-97c5-ba33ae94fc9a@group-569FAC3F8BCE: changes role from  FOLLOWER to FOLLOWER at term 431 for recognizeCandidate:277b5c5e-8c6f-4c9a-a53f-1bbc96404e12
2019-10-16 21:55:51,185 [grpc-default-executor-0] INFO  impl.RaftServerImpl (RaftServerImpl.java:setRole(184)) - 6b24a2ab-97ee-4d49-85cc-2d76c2f4b8ef@group-569FAC3F8BCE: changes role from  FOLLOWER to FOLLOWER at term 431 for recognizeCandidate:277b5c5e-8c6f-4c9a-a53f-1bbc96404e12
2019-10-16 21:55:51,186 [grpc-default-executor-1] INFO  impl.RoleInfo (RoleInfo.java:shutdownFollowerState(121)) - a32408a4-f19d-4bad-97c5-ba33ae94fc9a: shutdown FollowerState
2019-10-16 21:55:51,186 [grpc-default-executor-0] INFO  impl.RoleInfo (RoleInfo.java:shutdownFollowerState(121)) - 6b24a2ab-97ee-4d49-85cc-2d76c2f4b8ef: shutdown FollowerState
2019-10-16 21:55:51,186 [Thread-2843] INFO  impl.FollowerState (FollowerState.java:run(117)) - a32408a4-f19d-4bad-97c5-ba33ae94fc9a@group-569FAC3F8BCE-FollowerState was interrupted: java.lang.InterruptedException: sleep interrupted
2019-10-16 21:55:51,186 [Thread-2842] INFO  impl.FollowerState (FollowerState.java:run(117)) - 6b24a2ab-97ee-4d49-85cc-2d76c2f4b8ef@group-569FAC3F8BCE-FollowerState was interrupted: java.lang.InterruptedException: sleep interrupted
2019-10-16 21:55:51,186 [grpc-default-executor-1] INFO  impl.RoleInfo (RoleInfo.java:updateAndGet(143)) - a32408a4-f19d-4bad-97c5-ba33ae94fc9a: start FollowerState
2019-10-16 21:55:51,186 [grpc-default-executor-0] INFO  impl.RoleInfo (RoleInfo.java:updateAndGet(143)) - 6b24a2ab-97ee-4d49-85cc-2d76c2f4b8ef: start FollowerState
2019-10-16 21:55:51,210 [277b5c5e-8c6f-4c9a-a53f-1bbc96404e12@group-569FAC3F8BCE-LeaderElection413] INFO  impl.LeaderElection (LeaderElection.java:logAndReturn(56)) - 277b5c5e-8c6f-4c9a-a53f-1bbc96404e12@group-569FAC3F8BCE-LeaderElection413: Election TIMEOUT; received 0 response(s) [] and 0 exception(s); 277b5c5e-8c6f-4c9a-a53f-1bbc96404e12@group-569FAC3F8BCE:t431, leader=null, voted=277b5c5e-8c6f-4c9a-a53f-1bbc96404e12, raftlog=277b5c5e-8c6f-4c9a-a53f-1bbc96404e12@group-569FAC3F8BCE-SegmentedRaftLog:OPENED:c-1,f-1,i0, conf=-1: [a32408a4-f19d-4bad-97c5-ba33ae94fc9a:192.168.157.254:38721, 6b24a2ab-97ee-4d49-85cc-2d76c2f4b8ef:192.168.157.254:41080, 277b5c5e-8c6f-4c9a-a53f-1bbc96404e12:192.168.157.254:41416], old=null
2019-10-16 21:55:51,214 [277b5c5e-8c6f-4c9a-a53f-1bbc96404e12@group-569FAC3F8BCE-LeaderElection413] INFO  impl.LeaderElection (LeaderElection.java:askForVotes(178)) - 277b5c5e-8c6f-4c9a-a53f-1bbc96404e12@group-569FAC3F8BCE-LeaderElection413: begin an election at term 432 for -1: [a32408a4-f19d-4bad-97c5-ba33ae94fc9a:192.168.157.254:38721, 6b24a2ab-97ee-4d49-85cc-2d76c2f4b8ef:192.168.157.254:41080, 277b5c5e-8c6f-4c9a-a53f-1bbc96404e12:192.168.157.254:41416], old=null
2019-10-16 21:55:51,215 [grpc-default-executor-1] INFO  impl.RaftServerImpl (RaftServerImpl.java:setRole(184)) - a32408a4-f19d-4bad-97c5-ba33ae94fc9a@group-569FAC3F8BCE: changes role from  FOLLOWER to FOLLOWER at term 432 for recognizeCandidate:277b5c5e-8c6f-4c9a-a53f-1bbc96404e12
2019-10-16 21:55:51,215 [grpc-default-executor-1] INFO  impl.RoleInfo (RoleInfo.java:shutdownFollowerState(121)) - a32408a4-f19d-4bad-97c5-ba33ae94fc9a: shutdown FollowerState
2019-10-16 21:55:51,216 [grpc-default-executor-1] INFO  impl.RoleInfo (RoleInfo.java:updateAndGet(143)) - a32408a4-f19d-4bad-97c5-ba33ae94fc9a: start FollowerState
2019-10-16 21:55:51,216 [Thread-2848] INFO  impl.FollowerState (FollowerState.java:run(117)) - a32408a4-f19d-4bad-97c5-ba33ae94fc9a@group-569FAC3F8BCE-FollowerState was interrupted: java.lang.InterruptedException: sleep interrupted
2019-10-16 21:55:51,216 [grpc-default-executor-0] INFO  impl.RaftServerImpl (RaftServerImpl.java:setRole(184)) - 6b24a2ab-97ee-4d49-85cc-2d76c2f4b8ef@group-569FAC3F8BCE: changes role from  FOLLOWER to FOLLOWER at term 432 for recognizeCandidate:277b5c5e-8c6f-4c9a-a53f-1bbc96404e12
2019-10-16 21:55:51,216 [grpc-default-executor-0] INFO  impl.RoleInfo (RoleInfo.java:shutdownFollowerState(121)) - 6b24a2ab-97ee-4d49-85cc-2d76c2f4b8ef: shutdown FollowerState
2019-10-16 21:55:51,216 [grpc-default-executor-0] INFO  impl.RoleInfo (RoleInfo.java:updateAndGet(143)) - 6b24a2ab-97ee-4d49-85cc-2d76c2f4b8ef: start FollowerState
2019-10-16 21:55:51,216 [Thread-2849] INFO  impl.FollowerState (FollowerState.java:run(117)) - 6b24a2ab-97ee-4d49-85cc-2d76c2f4b8ef@group-569FAC3F8BCE-FollowerState was interrupted: java.lang.InterruptedException: sleep interrupted
2019-10-16 21:55:51,220 [277b5c5e-8c6f-4c9a-a53f-1bbc96404e12@group-569FAC3F8BCE-LeaderElection413] INFO  impl.LeaderElection (LeaderElection.java:logAndReturn(56)) - 277b5c5e-8c6f-4c9a-a53f-1bbc96404e12@group-569FAC3F8BCE-LeaderElection413: Election TIMEOUT; received 0 response(s) [] and 0 exception(s); 277b5c5e-8c6f-4c9a-a53f-1bbc96404e12@group-569FAC3F8BCE:t432, leader=null, voted=277b5c5e-8c6f-4c9a-a53f-1bbc96404e12, raftlog=277b5c5e-8c6f-4c9a-a53f-1bbc96404e12@group-569FAC3F8BCE-SegmentedRaftLog:OPENED:c-1,f-1,i0, conf=-1: [a32408a4-f19d-4bad-97c5-ba33ae94fc9a:192.168.157.254:38721, 6b24a2ab-97ee-4d49-85cc-2d76c2f4b8ef:192.168.157.254:41080, 277b5c5e-8c6f-4c9a-a53f-1bbc96404e12:192.168.157.254:41416], old=null
2019-10-16 21:55:51,233 [277b5c5e-8c6f-4c9a-a53f-1bbc96404e12@group-569FAC3F8BCE-LeaderElection413] INFO  impl.LeaderElection (LeaderElection.java:askForVotes(178)) - 277b5c5e-8c6f-4c9a-a53f-1bbc96404e12@group-569FAC3F8BCE-LeaderElection413: begin an election at term 433 for -1: [a32408a4-f19d-4bad-97c5-ba33ae94fc9a:192.168.157.254:38721, 6b24a2ab-97ee-4d49-85cc-2d76c2f4b8ef:192.168.157.254:41080, 277b5c5e-8c6f-4c9a-a53f-1bbc96404e12:192.168.157.254:41416], old=null
2019-10-16 21:55:51,234 [grpc-default-executor-0] INFO  impl.RaftServerImpl (RaftServerImpl.java:setRole(184)) - a32408a4-f19d-4bad-97c5-ba33ae94fc9a@group-569FAC3F8BCE: changes role from  FOLLOWER to FOLLOWER at term 433 for recognizeCandidate:277b5c5e-8c6f-4c9a-a53f-1bbc96404e12
2019-10-16 21:55:51,234 [grpc-default-executor-0] INFO  impl.RoleInfo (RoleInfo.java:shutdownFollowerState(121)) - a32408a4-f19d-4bad-97c5-ba33ae94fc9a: shutdown FollowerState
2019-10-16 21:55:51,234 [grpc-default-executor-0] INFO  impl.RoleInfo (RoleInfo.java:updateAndGet(143)) - a32408a4-f19d-4bad-97c5-ba33ae94fc9a: start FollowerState
2019-10-16 21:55:51,234 [grpc-default-executor-1] INFO  impl.RaftServerImpl (RaftServerImpl.java:setRole(184)) - 6b24a2ab-97ee-4d49-85cc-2d76c2f4b8ef@group-569FAC3F8BCE: changes role from  FOLLOWER to FOLLOWER at term 433 for recognizeCandidate:277b5c5e-8c6f-4c9a-a53f-1bbc96404e12
2019-10-16 21:55:51,235 [grpc-default-executor-1] INFO  impl.RoleInfo (RoleInfo.java:shutdownFollowerState(121)) - 6b24a2ab-97ee-4d49-85cc-2d76c2f4b8ef: shutdown FollowerState
2019-10-16 21:55:51,234 [Thread-2852] INFO  impl.FollowerState (FollowerState.java:run(117)) - a32408a4-f19d-4bad-97c5-ba33ae94fc9a@group-569FAC3F8BCE-FollowerState was interrupted: java.lang.InterruptedException: sleep interrupted
2019-10-16 21:55:51,235 [Thread-2853] INFO  impl.FollowerState (FollowerState.java:run(117)) - 6b24a2ab-97ee-4d49-85cc-2d76c2f4b8ef@group-569FAC3F8BCE-FollowerState was interrupted: java.lang.InterruptedException: sleep interrupted
2019-10-16 21:55:51,235 [grpc-default-executor-1] INFO  impl.RoleInfo (RoleInfo.java:updateAndGet(143)) - 6b24a2ab-97ee-4d49-85cc-2d76c2f4b8ef: start FollowerState
2019-10-16 21:55:51,268 [277b5c5e-8c6f-4c9a-a53f-1bbc96404e12@group-569FAC3F8BCE-LeaderElection413] INFO  impl.LeaderElection (LeaderElection.java:logAndReturn(56)) - 277b5c5e-8c6f-4c9a-a53f-1bbc96404e12@group-569FAC3F8BCE-LeaderElection413: Election REJECTED; received 2 response(s) [277b5c5e-8c6f-4c9a-a53f-1bbc96404e12<-6b24a2ab-97ee-4d49-85cc-2d76c2f4b8ef#0:FAIL-t433, 277b5c5e-8c6f-4c9a-a53f-1bbc96404e12<-a32408a4-f19d-4bad-97c5-ba33ae94fc9a#0:FAIL-t433] and 0 exception(s); 277b5c5e-8c6f-4c9a-a53f-1bbc96404e12@group-569FAC3F8BCE:t433, leader=null, voted=277b5c5e-8c6f-4c9a-a53f-1bbc96404e12, raftlog=277b5c5e-8c6f-4c9a-a53f-1bbc96404e12@group-569FAC3F8BCE-SegmentedRaftLog:OPENED:c-1,f-1,i0, conf=-1: [a32408a4-f19d-4bad-97c5-ba33ae94fc9a:192.168.157.254:38721, 6b24a2ab-97ee-4d49-85cc-2d76c2f4b8ef:192.168.157.254:41080, 277b5c5e-8c6f-4c9a-a53f-1bbc96404e12:192.168.157.254:41416], old=null
2019-10-16 21:55:51,268 [277b5c5e-8c6f-4c9a-a53f-1bbc96404e12@group-569FAC3F8BCE-LeaderElection413] INFO  impl.RaftServerImpl (RaftServerImpl.java:setRole(184)) - 277b5c5e-8c6f-4c9a-a53f-1bbc96404e12@group-569FAC3F8BCE: changes role from CANDIDATE to FOLLOWER at term 433 for DISCOVERED_A_NEW_TERM
2019-10-16 21:55:51,268 [277b5c5e-8c6f-4c9a-a53f-1bbc96404e12@group-569FAC3F8BCE-LeaderElection413] INFO  impl.RoleInfo (RoleInfo.java:shutdownLeaderElection(134)) - 277b5c5e-8c6f-4c9a-a53f-1bbc96404e12: shutdown LeaderElection
2019-10-16 21:55:51,268 [277b5c5e-8c6f-4c9a-a53f-1bbc96404e12@group-569FAC3F8BCE-LeaderElection413] INFO  impl.RoleInfo (RoleInfo.java:updateAndGet(143)) - 277b5c5e-8c6f-4c9a-a53f-1bbc96404e12: start FollowerState
2019-10-16 21:55:51,366 [Thread-2858] INFO  impl.FollowerState (FollowerState.java:run(108)) - 277b5c5e-8c6f-4c9a-a53f-1bbc96404e12@group-569FAC3F8BCE-FollowerState: change to CANDIDATE, lastRpcTime:97ms, electionTimeout:97ms
2019-10-16 21:55:51,366 [Thread-2858] INFO  impl.RoleInfo (RoleInfo.java:shutdownFollowerState(121)) - 277b5c5e-8c6f-4c9a-a53f-1bbc96404e12: shutdown FollowerState
2019-10-16 21:55:51,366 [Thread-2858] INFO  impl.RaftServerImpl (RaftServerImpl.java:setRole(184)) - 277b5c5e-8c6f-4c9a-a53f-1bbc96404e12@group-569FAC3F8BCE: changes role from  FOLLOWER to CANDIDATE at term 433 for changeToCandidate
2019-10-16 21:55:51,366 [Thread-2858] INFO  impl.RoleInfo (RoleInfo.java:updateAndGet(143)) - 277b5c5e-8c6f-4c9a-a53f-1bbc96404e12: start LeaderElection
2019-10-16 21:55:51,392 [277b5c5e-8c6f-4c9a-a53f-1bbc96404e12@group-569FAC3F8BCE-LeaderElection414] INFO  impl.LeaderElection (LeaderElection.java:askForVotes(178)) - 277b5c5e-8c6f-4c9a-a53f-1bbc96404e12@group-569FAC3F8BCE-LeaderElection414: begin an election at term 434 for -1: [a32408a4-f19d-4bad-97c5-ba33ae94fc9a:192.168.157.254:38721, 6b24a2ab-97ee-4d49-85cc-2d76c2f4b8ef:192.168.157.254:41080, 277b5c5e-8c6f-4c9a-a53f-1bbc96404e12:192.168.157.254:41416], old=null
2019-10-16 21:55:51,393 [grpc-default-executor-1] INFO  impl.RaftServerImpl (RaftServerImpl.java:setRole(184)) - a32408a4-f19d-4bad-97c5-ba33ae94fc9a@group-569FAC3F8BCE: changes role from  FOLLOWER to FOLLOWER at term 434 for recognizeCandidate:277b5c5e-8c6f-4c9a-a53f-1bbc96404e12
2019-10-16 21:55:51,393 [grpc-default-executor-1] INFO  impl.RoleInfo (RoleInfo.java:shutdownFollowerState(121)) - a32408a4-f19d-4bad-97c5-ba33ae94fc9a: shutdown FollowerState
2019-10-16 21:55:51,393 [grpc-default-executor-0] INFO  impl.RaftServerImpl (RaftServerImpl.java:setRole(184)) - 6b24a2ab-97ee-4d49-85cc-2d76c2f4b8ef@group-569FAC3F8BCE: changes role from  FOLLOWER to FOLLOWER at term 434 for recognizeCandidate:277b5c5e-8c6f-4c9a-a53f-1bbc96404e12
2019-10-16 21:55:51,394 [grpc-default-executor-0] INFO  impl.RoleInfo (RoleInfo.java:shutdownFollowerState(121)) - 6b24a2ab-97ee-4d49-85cc-2d76c2f4b8ef: shutdown FollowerState
2019-10-16 21:55:51,394 [Thread-2856] INFO  impl.FollowerState (FollowerState.java:run(117)) - a32408a4-f19d-4bad-97c5-ba33ae94fc9a@group-569FAC3F8BCE-FollowerState was interrupted: java.lang.InterruptedException: sleep interrupted
2019-10-16 21:55:51,394 [Thread-2857] INFO  impl.FollowerState (FollowerState.java:run(117)) - 6b24a2ab-97ee-4d49-85cc-2d76c2f4b8ef@group-569FAC3F8BCE-FollowerState was interrupted: java.lang.InterruptedException: sleep interrupted
2019-10-16 21:55:51,394 [grpc-default-executor-1] INFO  impl.RoleInfo (RoleInfo.java:updateAndGet(143)) - a32408a4-f19d-4bad-97c5-ba33ae94fc9a: start FollowerState
2019-10-16 21:55:51,394 [grpc-default-executor-0] INFO  impl.RoleInfo (RoleInfo.java:updateAndGet(143)) - 6b24a2ab-97ee-4d49-85cc-2d76c2f4b8ef: start FollowerState
2019-10-16 21:55:51,411 [277b5c5e-8c6f-4c9a-a53f-1bbc96404e12@group-569FAC3F8BCE-LeaderElection414] INFO  impl.LeaderElection (LeaderElection.java:logAndReturn(56)) - 277b5c5e-8c6f-4c9a-a53f-1bbc96404e12@group-569FAC3F8BCE-LeaderElection414: Election REJECTED; received 2 response(s) [277b5c5e-8c6f-4c9a-a53f-1bbc96404e12<-a32408a4-f19d-4bad-97c5-ba33ae94fc9a#0:FAIL-t434, 277b5c5e-8c6f-4c9a-a53f-1bbc96404e12<-6b24a2ab-97ee-4d49-85cc-2d76c2f4b8ef#0:FAIL-t434] and 0 exception(s); 277b5c5e-8c6f-4c9a-a53f-1bbc96404e12@group-569FAC3F8BCE:t434, leader=null, voted=277b5c5e-8c6f-4c9a-a53f-1bbc96404e12, raftlog=277b5c5e-8c6f-4c9a-a53f-1bbc96404e12@group-569FAC3F8BCE-SegmentedRaftLog:OPENED:c-1,f-1,i0, conf=-1: [a32408a4-f19d-4bad-97c5-ba33ae94fc9a:192.168.157.254:38721, 6b24a2ab-97ee-4d49-85cc-2d76c2f4b8ef:192.168.157.254:41080, 277b5c5e-8c6f-4c9a-a53f-1bbc96404e12:192.168.157.254:41416], old=null
2019-10-16 21:55:51,411 [277b5c5e-8c6f-4c9a-a53f-1bbc96404e12@group-569FAC3F8BCE-LeaderElection414] INFO  impl.RaftServerImpl (RaftServerImpl.java:setRole(184)) - 277b5c5e-8c6f-4c9a-a53f-1bbc96404e12@group-569FAC3F8BCE: changes role from CANDIDATE to FOLLOWER at term 434 for DISCOVERED_A_NEW_TERM
2019-10-16 21:55:51,411 [277b5c5e-8c6f-4c9a-a53f-1bbc96404e12@group-569FAC3F8BCE-LeaderElection414] INFO  impl.RoleInfo (RoleInfo.java:shutdownLeaderElection(134)) - 277b5c5e-8c6f-4c9a-a53f-1bbc96404e12: shutdown LeaderElection
2019-10-16 21:55:51,411 [277b5c5e-8c6f-4c9a-a53f-1bbc96404e12@group-569FAC3F8BCE-LeaderElection414] INFO  impl.RoleInfo (RoleInfo.java:updateAndGet(143)) - 277b5c5e-8c6f-4c9a-a53f-1bbc96404e12: start FollowerState
2019-10-16 21:55:51,536 [Thread-2864] INFO  impl.FollowerState (FollowerState.java:run(108)) - 277b5c5e-8c6f-4c9a-a53f-1bbc96404e12@group-569FAC3F8BCE-FollowerState: change to CANDIDATE, lastRpcTime:125ms, electionTimeout:125ms
2019-10-16 21:55:51,536 [Thread-2864] INFO  impl.RoleInfo (RoleInfo.java:shutdownFollowerState(121)) - 277b5c5e-8c6f-4c9a-a53f-1bbc96404e12: shutdown FollowerState
2019-10-16 21:55:51,537 [Thread-2864] INFO  impl.RaftServerImpl (RaftServerImpl.java:setRole(184)) - 277b5c5e-8c6f-4c9a-a53f-1bbc96404e12@group-569FAC3F8BCE: changes role from  FOLLOWER to CANDIDATE at term 434 for changeToCandidate
2019-10-16 21:55:51,537 [Thread-2864] INFO  impl.RoleInfo (RoleInfo.java:updateAndGet(143)) - 277b5c5e-8c6f-4c9a-a53f-1bbc96404e12: start LeaderElection
2019-10-16 21:55:51,542 [277b5c5e-8c6f-4c9a-a53f-1bbc96404e12@group-569FAC3F8BCE-LeaderElection415] INFO  impl.LeaderElection (LeaderElection.java:askForVotes(178)) - 277b5c5e-8c6f-4c9a-a53f-1bbc96404e12@group-569FAC3F8BCE-LeaderElection415: begin an election at term 435 for -1: [a32408a4-f19d-4bad-97c5-ba33ae94fc9a:192.168.157.254:38721, 6b24a2ab-97ee-4d49-85cc-2d76c2f4b8ef:192.168.157.254:41080, 277b5c5e-8c6f-4c9a-a53f-1bbc96404e12:192.168.157.254:41416], old=null
2019-10-16 21:55:51,544 [grpc-default-executor-0] INFO  impl.RaftServerImpl (RaftServerImpl.java:setRole(184)) - a32408a4-f19d-4bad-97c5-ba33ae94fc9a@group-569FAC3F8BCE: changes role from  FOLLOWER to FOLLOWER at term 435 for recognizeCandidate:277b5c5e-8c6f-4c9a-a53f-1bbc96404e12
2019-10-16 21:55:51,544 [grpc-default-executor-0] INFO  impl.RoleInfo (RoleInfo.java:shutdownFollowerState(121)) - a32408a4-f19d-4bad-97c5-ba33ae94fc9a: shutdown FollowerState
2019-10-16 21:55:51,544 [grpc-default-executor-1] INFO  impl.RaftServerImpl (RaftServerImpl.java:setRole(184)) - 6b24a2ab-97ee-4d49-85cc-2d76c2f4b8ef@group-569FAC3F8BCE: changes role from  FOLLOWER to FOLLOWER at term 435 for recognizeCandidate:277b5c5e-8c6f-4c9a-a53f-1bbc96404e12
2019-10-16 21:55:51,544 [grpc-default-executor-1] INFO  impl.RoleInfo (RoleInfo.java:shutdownFollowerState(121)) - 6b24a2ab-97ee-4d49-85cc-2d76c2f4b8ef: shutdown FollowerState
2019-10-16 21:55:51,544 [Thread-2862] INFO  impl.FollowerState (FollowerState.java:run(117)) - a32408a4-f19d-4bad-97c5-ba33ae94fc9a@group-569FAC3F8BCE-FollowerState was interrupted: java.lang.InterruptedException: sleep interrupted
2019-10-16 21:55:51,544 [grpc-default-executor-0] INFO  impl.RoleInfo (RoleInfo.java:updateAndGet(143)) - a32408a4-f19d-4bad-97c5-ba33ae94fc9a: start FollowerState
2019-10-16 21:55:51,544 [Thread-2863] INFO  impl.FollowerState (FollowerState.java:run(117)) - 6b24a2ab-97ee-4d49-85cc-2d76c2f4b8ef@group-569FAC3F8BCE-FollowerState was interrupted: java.lang.InterruptedException: sleep interrupted
2019-10-16 21:55:51,544 [grpc-default-executor-1] INFO  impl.RoleInfo (RoleInfo.java:updateAndGet(143)) - 6b24a2ab-97ee-4d49-85cc-2d76c2f4b8ef: start FollowerState
2019-10-16 21:55:51,557 [277b5c5e-8c6f-4c9a-a53f-1bbc96404e12@group-569FAC3F8BCE-LeaderElection415] INFO  impl.LeaderElection (LeaderElection.java:logAndReturn(56)) - 277b5c5e-8c6f-4c9a-a53f-1bbc96404e12@group-569FAC3F8BCE-LeaderElection415: Election REJECTED; received 2 response(s) [277b5c5e-8c6f-4c9a-a53f-1bbc96404e12<-a32408a4-f19d-4bad-97c5-ba33ae94fc9a#0:FAIL-t435, 277b5c5e-8c6f-4c9a-a53f-1bbc96404e12<-6b24a2ab-97ee-4d49-85cc-2d76c2f4b8ef#0:FAIL-t435] and 0 exception(s); 277b5c5e-8c6f-4c9a-a53f-1bbc96404e12@group-569FAC3F8BCE:t435, leader=null, voted=277b5c5e-8c6f-4c9a-a53f-1bbc96404e12, raftlog=277b5c5e-8c6f-4c9a-a53f-1bbc96404e12@group-569FAC3F8BCE-SegmentedRaftLog:OPENED:c-1,f-1,i0, conf=-1: [a32408a4-f19d-4bad-97c5-ba33ae94fc9a:192.168.157.254:38721, 6b24a2ab-97ee-4d49-85cc-2d76c2f4b8ef:192.168.157.254:41080, 277b5c5e-8c6f-4c9a-a53f-1bbc96404e12:192.168.157.254:41416], old=null
2019-10-16 21:55:51,557 [277b5c5e-8c6f-4c9a-a53f-1bbc96404e12@group-569FAC3F8BCE-LeaderElection415] INFO  impl.RaftServerImpl (RaftServerImpl.java:setRole(184)) - 277b5c5e-8c6f-4c9a-a53f-1bbc96404e12@group-569FAC3F8BCE: changes role from CANDIDATE to FOLLOWER at term 435 for DISCOVERED_A_NEW_TERM
2019-10-16 21:55:51,557 [277b5c5e-8c6f-4c9a-a53f-1bbc96404e12@group-569FAC3F8BCE-LeaderElection415] INFO  impl.RoleInfo (RoleInfo.java:shutdownLeaderElection(134)) - 277b5c5e-8c6f-4c9a-a53f-1bbc96404e12: shutdown LeaderElection
2019-10-16 21:55:51,557 [277b5c5e-8c6f-4c9a-a53f-1bbc96404e12@group-569FAC3F8BCE-LeaderElection415] INFO  impl.RoleInfo (RoleInfo.java:updateAndGet(143)) - 277b5c5e-8c6f-4c9a-a53f-1bbc96404e12: start FollowerState
2019-10-16 21:55:51,697 [Thread-2870] INFO  impl.FollowerState (FollowerState.java:run(108)) - 277b5c5e-8c6f-4c9a-a53f-1bbc96404e12@group-569FAC3F8BCE-FollowerState: change to CANDIDATE, lastRpcTime:140ms, electionTimeout:140ms
2019-10-16 21:55:51,698 [Thread-2870] INFO  impl.RoleInfo (RoleInfo.java:shutdownFollowerState(121)) - 277b5c5e-8c6f-4c9a-a53f-1bbc96404e12: shutdown FollowerState
2019-10-16 21:55:51,698 [Thread-2870] INFO  impl.RaftServerImpl (RaftServerImpl.java:setRole(184)) - 277b5c5e-8c6f-4c9a-a53f-1bbc96404e12@group-569FAC3F8BCE: changes role from  FOLLOWER to CANDIDATE at term 435 for changeToCandidate
2019-10-16 21:55:51,698 [Thread-2870] INFO  impl.RoleInfo (RoleInfo.java:updateAndGet(143)) - 277b5c5e-8c6f-4c9a-a53f-1bbc96404e12: start LeaderElection
2019-10-16 21:55:51,726 [277b5c5e-8c6f-4c9a-a53f-1bbc96404e12@group-569FAC3F8BCE-LeaderElection416] INFO  impl.LeaderElection (LeaderElection.java:askForVotes(178)) - 277b5c5e-8c6f-4c9a-a53f-1bbc96404e12@group-569FAC3F8BCE-LeaderElection416: begin an election at term 436 for -1: [a32408a4-f19d-4bad-97c5-ba33ae94fc9a:192.168.157.254:38721, 6b24a2ab-97ee-4d49-85cc-2d76c2f4b8ef:192.168.157.254:41080, 277b5c5e-8c6f-4c9a-a53f-1bbc96404e12:192.168.157.254:41416], old=null
2019-10-16 21:55:51,728 [grpc-default-executor-0] INFO  impl.RaftServerImpl (RaftServerImpl.java:setRole(184)) - a32408a4-f19d-4bad-97c5-ba33ae94fc9a@group-569FAC3F8BCE: changes role from  FOLLOWER to FOLLOWER at term 436 for recognizeCandidate:277b5c5e-8c6f-4c9a-a53f-1bbc96404e12
2019-10-16 21:55:51,728 [grpc-default-executor-1] INFO  impl.RaftServerImpl (RaftServerImpl.java:setRole(184)) - 6b24a2ab-97ee-4d49-85cc-2d76c2f4b8ef@group-569FAC3F8BCE: changes role from  FOLLOWER to FOLLOWER at term 436 for recognizeCandidate:277b5c5e-8c6f-4c9a-a53f-1bbc96404e12
2019-10-16 21:55:51,728 [grpc-default-executor-1] INFO  impl.RoleInfo (RoleInfo.java:shutdownFollowerState(121)) - 6b24a2ab-97ee-4d49-85cc-2d76c2f4b8ef: shutdown FollowerState
2019-10-16 21:55:51,728 [grpc-default-executor-0] INFO  impl.RoleInfo (RoleInfo.java:shutdownFollowerState(121)) - a32408a4-f19d-4bad-97c5-ba33ae94fc9a: shutdown FollowerState
2019-10-16 21:55:51,728 [Thread-2869] INFO  impl.FollowerState (FollowerState.java:run(117)) - 6b24a2ab-97ee-4d49-85cc-2d76c2f4b8ef@group-569FAC3F8BCE-FollowerState was interrupted: java.lang.InterruptedException: sleep interrupted
2019-10-16 21:55:51,728 [Thread-2868] INFO  impl.FollowerState (FollowerState.java:run(117)) - a32408a4-f19d-4bad-97c5-ba33ae94fc9a@group-569FAC3F8BCE-FollowerState was interrupted: java.lang.InterruptedException: sleep interrupted
2019-10-16 21:55:51,728 [grpc-default-executor-1] INFO  impl.RoleInfo (RoleInfo.java:updateAndGet(143)) - 6b24a2ab-97ee-4d49-85cc-2d76c2f4b8ef: start FollowerState
2019-10-16 21:55:51,728 [grpc-default-executor-0] INFO  impl.RoleInfo (RoleInfo.java:updateAndGet(143)) - a32408a4-f19d-4bad-97c5-ba33ae94fc9a: start FollowerState
2019-10-16 21:55:51,745 [277b5c5e-8c6f-4c9a-a53f-1bbc96404e12@group-569FAC3F8BCE-LeaderElection416] INFO  impl.LeaderElection (LeaderElection.java:logAndReturn(56)) - 277b5c5e-8c6f-4c9a-a53f-1bbc96404e12@group-569FAC3F8BCE-LeaderElection416: Election REJECTED; received 2 response(s) [277b5c5e-8c6f-4c9a-a53f-1bbc96404e12<-6b24a2ab-97ee-4d49-85cc-2d76c2f4b8ef#0:FAIL-t436, 277b5c5e-8c6f-4c9a-a53f-1bbc96404e12<-a32408a4-f19d-4bad-97c5-ba33ae94fc9a#0:FAIL-t436] and 0 exception(s); 277b5c5e-8c6f-4c9a-a53f-1bbc96404e12@group-569FAC3F8BCE:t436, leader=null, voted=277b5c5e-8c6f-4c9a-a53f-1bbc96404e12, raftlog=277b5c5e-8c6f-4c9a-a53f-1bbc96404e12@group-569FAC3F8BCE-SegmentedRaftLog:OPENED:c-1,f-1,i0, conf=-1: [a32408a4-f19d-4bad-97c5-ba33ae94fc9a:192.168.157.254:38721, 6b24a2ab-97ee-4d49-85cc-2d76c2f4b8ef:192.168.157.254:41080, 277b5c5e-8c6f-4c9a-a53f-1bbc96404e12:192.168.157.254:41416], old=null
2019-10-16 21:55:51,745 [277b5c5e-8c6f-4c9a-a53f-1bbc96404e12@group-569FAC3F8BCE-LeaderElection416] INFO  impl.RaftServerImpl (RaftServerImpl.java:setRole(184)) - 277b5c5e-8c6f-4c9a-a53f-1bbc96404e12@group-569FAC3F8BCE: changes role from CANDIDATE to FOLLOWER at term 436 for DISCOVERED_A_NEW_TERM
2019-10-16 21:55:51,745 [277b5c5e-8c6f-4c9a-a53f-1bbc96404e12@group-569FAC3F8BCE-LeaderElection416] INFO  impl.RoleInfo (RoleInfo.java:shutdownLeaderElection(134)) - 277b5c5e-8c6f-4c9a-a53f-1bbc96404e12: shutdown LeaderElection
2019-10-16 21:55:51,745 [277b5c5e-8c6f-4c9a-a53f-1bbc96404e12@group-569FAC3F8BCE-LeaderElection416] INFO  impl.RoleInfo (RoleInfo.java:updateAndGet(143)) - 277b5c5e-8c6f-4c9a-a53f-1bbc96404e12: start FollowerState
2019-10-16 21:55:51,771 [Thread-2876] INFO  impl.FollowerState (FollowerState.java:run(108)) - 277b5c5e-8c6f-4c9a-a53f-1bbc96404e12@group-569FAC3F8BCE-FollowerState: change to CANDIDATE, lastRpcTime:25ms, electionTimeout:25ms
2019-10-16 21:55:51,771 [Thread-2876] INFO  impl.RoleInfo (RoleInfo.java:shutdownFollowerState(121)) - 277b5c5e-8c6f-4c9a-a53f-1bbc96404e12: shutdown FollowerState
2019-10-16 21:55:51,771 [Thread-2876] INFO  impl.RaftServerImpl (RaftServerImpl.java:setRole(184)) - 277b5c5e-8c6f-4c9a-a53f-1bbc96404e12@group-569FAC3F8BCE: changes role from  FOLLOWER to CANDIDATE at term 436 for changeToCandidate
2019-10-16 21:55:51,771 [Thread-2876] INFO  impl.RoleInfo (RoleInfo.java:updateAndGet(143)) - 277b5c5e-8c6f-4c9a-a53f-1bbc96404e12: start LeaderElection
2019-10-16 21:55:51,792 [277b5c5e-8c6f-4c9a-a53f-1bbc96404e12@group-569FAC3F8BCE-LeaderElection417] INFO  impl.LeaderElection (LeaderElection.java:askForVotes(178)) - 277b5c5e-8c6f-4c9a-a53f-1bbc96404e12@group-569FAC3F8BCE-LeaderElection417: begin an election at term 437 for -1: [a32408a4-f19d-4bad-97c5-ba33ae94fc9a:192.168.157.254:38721, 6b24a2ab-97ee-4d49-85cc-2d76c2f4b8ef:192.168.157.254:41080, 277b5c5e-8c6f-4c9a-a53f-1bbc96404e12:192.168.157.254:41416], old=null
2019-10-16 21:55:51,794 [grpc-default-executor-1] INFO  impl.RaftServerImpl (RaftServerImpl.java:setRole(184)) - 6b24a2ab-97ee-4d49-85cc-2d76c2f4b8ef@group-569FAC3F8BCE: changes role from  FOLLOWER to FOLLOWER at term 437 for recognizeCandidate:277b5c5e-8c6f-4c9a-a53f-1bbc96404e12
2019-10-16 21:55:51,794 [grpc-default-executor-1] INFO  impl.RoleInfo (RoleInfo.java:shutdownFollowerState(121)) - 6b24a2ab-97ee-4d49-85cc-2d76c2f4b8ef: shutdown FollowerState
2019-10-16 21:55:51,794 [grpc-default-executor-0] INFO  impl.RaftServerImpl (RaftServerImpl.java:setRole(184)) - a32408a4-f19d-4bad-97c5-ba33ae94fc9a@group-569FAC3F8BCE: changes role from  FOLLOWER to FOLLOWER at term 437 for recognizeCandidate:277b5c5e-8c6f-4c9a-a53f-1bbc96404e12
2019-10-16 21:55:51,795 [grpc-default-executor-0] INFO  impl.RoleInfo (RoleInfo.java:shutdownFollowerState(121)) - a32408a4-f19d-4bad-97c5-ba33ae94fc9a: shutdown FollowerState
2019-10-16 21:55:51,794 [Thread-2874] INFO  impl.FollowerState (FollowerState.java:run(117)) - 6b24a2ab-97ee-4d49-85cc-2d76c2f4b8ef@group-569FAC3F8BCE-FollowerState was interrupted: java.lang.InterruptedException: sleep interrupted
2019-10-16 21:55:51,794 [grpc-default-executor-1] INFO  impl.RoleInfo (RoleInfo.java:updateAndGet(143)) - 6b24a2ab-97ee-4d49-85cc-2d76c2f4b8ef: start FollowerState
2019-10-16 21:55:51,795 [grpc-default-executor-0] INFO  impl.RoleInfo (RoleInfo.java:updateAndGet(143)) - a32408a4-f19d-4bad-97c5-ba33ae94fc9a: start FollowerState
2019-10-16 21:55:51,795 [Thread-2875] INFO  impl.FollowerState (FollowerState.java:run(117)) - a32408a4-f19d-4bad-97c5-ba33ae94fc9a@group-569FAC3F8BCE-FollowerState was interrupted: java.lang.InterruptedException: sleep interrupted
2019-10-16 21:55:51,809 [277b5c5e-8c6f-4c9a-a53f-1bbc96404e12@group-569FAC3F8BCE-LeaderElection417] INFO  impl.LeaderElection (LeaderElection.java:logAndReturn(56)) - 277b5c5e-8c6f-4c9a-a53f-1bbc96404e12@group-569FAC3F8BCE-LeaderElection417: Election REJECTED; received 2 response(s) [277b5c5e-8c6f-4c9a-a53f-1bbc96404e12<-6b24a2ab-97ee-4d49-85cc-2d76c2f4b8ef#0:FAIL-t437, 277b5c5e-8c6f-4c9a-a53f-1bbc96404e12<-a32408a4-f19d-4bad-97c5-ba33ae94fc9a#0:FAIL-t437] and 0 exception(s); 277b5c5e-8c6f-4c9a-a53f-1bbc96404e12@group-569FAC3F8BCE:t437, leader=null, voted=277b5c5e-8c6f-4c9a-a53f-1bbc96404e12, raftlog=277b5c5e-8c6f-4c9a-a53f-1bbc96404e12@group-569FAC3F8BCE-SegmentedRaftLog:OPENED:c-1,f-1,i0, conf=-1: [a32408a4-f19d-4bad-97c5-ba33ae94fc9a:192.168.157.254:38721, 6b24a2ab-97ee-4d49-85cc-2d76c2f4b8ef:192.168.157.254:41080, 277b5c5e-8c6f-4c9a-a53f-1bbc96404e12:192.168.157.254:41416], old=null
2019-10-16 21:55:51,809 [277b5c5e-8c6f-4c9a-a53f-1bbc96404e12@group-569FAC3F8BCE-LeaderElection417] INFO  impl.RaftServerImpl (RaftServerImpl.java:setRole(184)) - 277b5c5e-8c6f-4c9a-a53f-1bbc96404e12@group-569FAC3F8BCE: changes role from CANDIDATE to FOLLOWER at term 437 for DISCOVERED_A_NEW_TERM
2019-10-16 21:55:51,809 [277b5c5e-8c6f-4c9a-a53f-1bbc96404e12@group-569FAC3F8BCE-LeaderElection417] INFO  impl.RoleInfo (RoleInfo.java:shutdownLeaderElection(134)) - 277b5c5e-8c6f-4c9a-a53f-1bbc96404e12: shutdown LeaderElection
2019-10-16 21:55:51,809 [277b5c5e-8c6f-4c9a-a53f-1bbc96404e12@group-569FAC3F8BCE-LeaderElection417] INFO  impl.RoleInfo (RoleInfo.java:updateAndGet(143)) - 277b5c5e-8c6f-4c9a-a53f-1bbc96404e12: start FollowerState
2019-10-16 21:55:51,983 [Thread-2882] INFO  impl.FollowerState (FollowerState.java:run(108)) - 277b5c5e-8c6f-4c9a-a53f-1bbc96404e12@group-569FAC3F8BCE-FollowerState: change to CANDIDATE, lastRpcTime:173ms, electionTimeout:173ms
2019-10-16 21:55:51,983 [Thread-2882] INFO  impl.RoleInfo (RoleInfo.java:shutdownFollowerState(121)) - 277b5c5e-8c6f-4c9a-a53f-1bbc96404e12: shutdown FollowerState
2019-10-16 21:55:51,983 [Thread-2882] INFO  impl.RaftServerImpl (RaftServerImpl.java:setRole(184)) - 277b5c5e-8c6f-4c9a-a53f-1bbc96404e12@group-569FAC3F8BCE: changes role from  FOLLOWER to CANDIDATE at term 437 for changeToCandidate
2019-10-16 21:55:51,983 [Thread-2882] INFO  impl.RoleInfo (RoleInfo.java:updateAndGet(143)) - 277b5c5e-8c6f-4c9a-a53f-1bbc96404e12: start LeaderElection
2019-10-16 21:55:51,996 [277b5c5e-8c6f-4c9a-a53f-1bbc96404e12@group-569FAC3F8BCE-LeaderElection418] INFO  impl.LeaderElection (LeaderElection.java:askForVotes(178)) - 277b5c5e-8c6f-4c9a-a53f-1bbc96404e12@group-569FAC3F8BCE-LeaderElection418: begin an election at term 438 for -1: [a32408a4-f19d-4bad-97c5-ba33ae94fc9a:192.168.157.254:38721, 6b24a2ab-97ee-4d49-85cc-2d76c2f4b8ef:192.168.157.254:41080, 277b5c5e-8c6f-4c9a-a53f-1bbc96404e12:192.168.157.254:41416], old=null
2019-10-16 21:55:51,997 [grpc-default-executor-0] INFO  impl.RaftServerImpl (RaftServerImpl.java:setRole(184)) - a32408a4-f19d-4bad-97c5-ba33ae94fc9a@group-569FAC3F8BCE: changes role from  FOLLOWER to FOLLOWER at term 438 for recognizeCandidate:277b5c5e-8c6f-4c9a-a53f-1bbc96404e12
2019-10-16 21:55:51,998 [grpc-default-executor-1] INFO  impl.RaftServerImpl (RaftServerImpl.java:setRole(184)) - 6b24a2ab-97ee-4d49-85cc-2d76c2f4b8ef@group-569FAC3F8BCE: changes role from  FOLLOWER to FOLLOWER at term 438 for recognizeCandidate:277b5c5e-8c6f-4c9a-a53f-1bbc96404e12
2019-10-16 21:55:51,998 [grpc-default-executor-0] INFO  impl.RoleInfo (RoleInfo.java:shutdownFollowerState(121)) - a32408a4-f19d-4bad-97c5-ba33ae94fc9a: shutdown FollowerState
2019-10-16 21:55:51,998 [grpc-default-executor-1] INFO  impl.RoleInfo (RoleInfo.java:shutdownFollowerState(121)) - 6b24a2ab-97ee-4d49-85cc-2d76c2f4b8ef: shutdown FollowerState
2019-10-16 21:55:51,998 [Thread-2881] INFO  impl.FollowerState (FollowerState.java:run(117)) - a32408a4-f19d-4bad-97c5-ba33ae94fc9a@group-569FAC3F8BCE-FollowerState was interrupted: java.lang.InterruptedException: sleep interrupted
2019-10-16 21:55:51,998 [grpc-default-executor-0] INFO  impl.RoleInfo (RoleInfo.java:updateAndGet(143)) - a32408a4-f19d-4bad-97c5-ba33ae94fc9a: start FollowerState
2019-10-16 21:55:51,998 [Thread-2880] INFO  impl.FollowerState (FollowerState.java:run(117)) - 6b24a2ab-97ee-4d49-85cc-2d76c2f4b8ef@group-569FAC3F8BCE-FollowerState was interrupted: java.lang.InterruptedException: sleep interrupted
2019-10-16 21:55:51,998 [grpc-default-executor-1] INFO  impl.RoleInfo (RoleInfo.java:updateAndGet(143)) - 6b24a2ab-97ee-4d49-85cc-2d76c2f4b8ef: start FollowerState
2019-10-16 21:55:52,024 [277b5c5e-8c6f-4c9a-a53f-1bbc96404e12@group-569FAC3F8BCE-LeaderElection418] INFO  impl.LeaderElection (LeaderElection.java:logAndReturn(56)) - 277b5c5e-8c6f-4c9a-a53f-1bbc96404e12@group-569FAC3F8BCE-LeaderElection418: Election REJECTED; received 2 response(s) [277b5c5e-8c6f-4c9a-a53f-1bbc96404e12<-6b24a2ab-97ee-4d49-85cc-2d76c2f4b8ef#0:FAIL-t438, 277b5c5e-8c6f-4c9a-a53f-1bbc96404e12<-a32408a4-f19d-4bad-97c5-ba33ae94fc9a#0:FAIL-t438] and 0 exception(s); 277b5c5e-8c6f-4c9a-a53f-1bbc96404e12@group-569FAC3F8BCE:t438, leader=null, voted=277b5c5e-8c6f-4c9a-a53f-1bbc96404e12, raftlog=277b5c5e-8c6f-4c9a-a53f-1bbc96404e12@group-569FAC3F8BCE-SegmentedRaftLog:OPENED:c-1,f-1,i0, conf=-1: [a32408a4-f19d-4bad-97c5-ba33ae94fc9a:192.168.157.254:38721, 6b24a2ab-97ee-4d49-85cc-2d76c2f4b8ef:192.168.157.254:41080, 277b5c5e-8c6f-4c9a-a53f-1bbc96404e12:192.168.157.254:41416], old=null
2019-10-16 21:55:52,024 [277b5c5e-8c6f-4c9a-a53f-1bbc96404e12@group-569FAC3F8BCE-LeaderElection418] INFO  impl.RaftServerImpl (RaftServerImpl.java:setRole(184)) - 277b5c5e-8c6f-4c9a-a53f-1bbc96404e12@group-569FAC3F8BCE: changes role from CANDIDATE to FOLLOWER at term 438 for DISCOVERED_A_NEW_TERM
2019-10-16 21:55:52,024 [277b5c5e-8c6f-4c9a-a53f-1bbc96404e12@group-569FAC3F8BCE-LeaderElection418] INFO  impl.RoleInfo (RoleInfo.java:shutdownLeaderElection(134)) - 277b5c5e-8c6f-4c9a-a53f-1bbc96404e12: shutdown LeaderElection
2019-10-16 21:55:52,024 [277b5c5e-8c6f-4c9a-a53f-1bbc96404e12@group-569FAC3F8BCE-LeaderElection418] INFO  impl.RoleInfo (RoleInfo.java:updateAndGet(143)) - 277b5c5e-8c6f-4c9a-a53f-1bbc96404e12: start FollowerState
2019-10-16 21:55:52,124 [Thread-2888] INFO  impl.FollowerState (FollowerState.java:run(108)) - 277b5c5e-8c6f-4c9a-a53f-1bbc96404e12@group-569FAC3F8BCE-FollowerState: change to CANDIDATE, lastRpcTime:100ms, electionTimeout:100ms
2019-10-16 21:55:52,124 [Thread-2888] INFO  impl.RoleInfo (RoleInfo.java:shutdownFollowerState(121)) - 277b5c5e-8c6f-4c9a-a53f-1bbc96404e12: shutdown FollowerState
2019-10-16 21:55:52,125 [Thread-2888] INFO  impl.RaftServerImpl (RaftServerImpl.java:setRole(184)) - 277b5c5e-8c6f-4c9a-a53f-1bbc96404e12@group-569FAC3F8BCE: changes role from  FOLLOWER to CANDIDATE at term 438 for changeToCandidate
2019-10-16 21:55:52,125 [Thread-2888] INFO  impl.RoleInfo (RoleInfo.java:updateAndGet(143)) - 277b5c5e-8c6f-4c9a-a53f-1bbc96404e12: start LeaderElection
2019-10-16 21:55:52,146 [277b5c5e-8c6f-4c9a-a53f-1bbc96404e12@group-569FAC3F8BCE-LeaderElection419] INFO  impl.LeaderElection (LeaderElection.java:askForVotes(178)) - 277b5c5e-8c6f-4c9a-a53f-1bbc96404e12@group-569FAC3F8BCE-LeaderElection419: begin an election at term 439 for -1: [a32408a4-f19d-4bad-97c5-ba33ae94fc9a:192.168.157.254:38721, 6b24a2ab-97ee-4d49-85cc-2d76c2f4b8ef:192.168.157.254:41080, 277b5c5e-8c6f-4c9a-a53f-1bbc96404e12:192.168.157.254:41416], old=null
2019-10-16 21:55:52,148 [grpc-default-executor-1] INFO  impl.RaftServerImpl (RaftServerImpl.java:setRole(184)) - a32408a4-f19d-4bad-97c5-ba33ae94fc9a@group-569FAC3F8BCE: changes role from  FOLLOWER to FOLLOWER at term 439 for recognizeCandidate:277b5c5e-8c6f-4c9a-a53f-1bbc96404e12
2019-10-16 21:55:52,148 [grpc-default-executor-0] INFO  impl.RaftServerImpl (RaftServerImpl.java:setRole(184)) - 6b24a2ab-97ee-4d49-85cc-2d76c2f4b8ef@group-569FAC3F8BCE: changes role from  FOLLOWER to FOLLOWER at term 439 for recognizeCandidate:277b5c5e-8c6f-4c9a-a53f-1bbc96404e12
2019-10-16 21:55:52,148 [grpc-default-executor-1] INFO  impl.RoleInfo (RoleInfo.java:shutdownFollowerState(121)) - a32408a4-f19d-4bad-97c5-ba33ae94fc9a: shutdown FollowerState
2019-10-16 21:55:52,148 [grpc-default-executor-0] INFO  impl.RoleInfo (RoleInfo.java:shutdownFollowerState(121)) - 6b24a2ab-97ee-4d49-85cc-2d76c2f4b8ef: shutdown FollowerState
2019-10-16 21:55:52,148 [grpc-default-executor-1] INFO  impl.RoleInfo (RoleInfo.java:updateAndGet(143)) - a32408a4-f19d-4bad-97c5-ba33ae94fc9a: start FollowerState
2019-10-16 21:55:52,148 [Thread-2886] INFO  impl.FollowerState (FollowerState.java:run(117)) - a32408a4-f19d-4bad-97c5-ba33ae94fc9a@group-569FAC3F8BCE-FollowerState was interrupted: java.lang.InterruptedException: sleep interrupted
2019-10-16 21:55:52,148 [Thread-2887] INFO  impl.FollowerState (FollowerState.java:run(117)) - 6b24a2ab-97ee-4d49-85cc-2d76c2f4b8ef@group-569FAC3F8BCE-FollowerState was interrupted: java.lang.InterruptedException: sleep interrupted
2019-10-16 21:55:52,148 [grpc-default-executor-0] INFO  impl.RoleInfo (RoleInfo.java:updateAndGet(143)) - 6b24a2ab-97ee-4d49-85cc-2d76c2f4b8ef: start FollowerState
2019-10-16 21:55:52,163 [277b5c5e-8c6f-4c9a-a53f-1bbc96404e12@group-569FAC3F8BCE-LeaderElection419] INFO  impl.LeaderElection (LeaderElection.java:logAndReturn(56)) - 277b5c5e-8c6f-4c9a-a53f-1bbc96404e12@group-569FAC3F8BCE-LeaderElection419: Election REJECTED; received 2 response(s) [277b5c5e-8c6f-4c9a-a53f-1bbc96404e12<-a32408a4-f19d-4bad-97c5-ba33ae94fc9a#0:FAIL-t439, 277b5c5e-8c6f-4c9a-a53f-1bbc96404e12<-6b24a2ab-97ee-4d49-85cc-2d76c2f4b8ef#0:FAIL-t439] and 0 exception(s); 277b5c5e-8c6f-4c9a-a53f-1bbc96404e12@group-569FAC3F8BCE:t439, leader=null, voted=277b5c5e-8c6f-4c9a-a53f-1bbc96404e12, raftlog=277b5c5e-8c6f-4c9a-a53f-1bbc96404e12@group-569FAC3F8BCE-SegmentedRaftLog:OPENED:c-1,f-1,i0, conf=-1: [a32408a4-f19d-4bad-97c5-ba33ae94fc9a:192.168.157.254:38721, 6b24a2ab-97ee-4d49-85cc-2d76c2f4b8ef:192.168.157.254:41080, 277b5c5e-8c6f-4c9a-a53f-1bbc96404e12:192.168.157.254:41416], old=null
2019-10-16 21:55:52,163 [277b5c5e-8c6f-4c9a-a53f-1bbc96404e12@group-569FAC3F8BCE-LeaderElection419] INFO  impl.RaftServerImpl (RaftServerImpl.java:setRole(184)) - 277b5c5e-8c6f-4c9a-a53f-1bbc96404e12@group-569FAC3F8BCE: changes role from CANDIDATE to FOLLOWER at term 439 for DISCOVERED_A_NEW_TERM
2019-10-16 21:55:52,163 [277b5c5e-8c6f-4c9a-a53f-1bbc96404e12@group-569FAC3F8BCE-LeaderElection419] INFO  impl.RoleInfo (RoleInfo.java:shutdownLeaderElection(134)) - 277b5c5e-8c6f-4c9a-a53f-1bbc96404e12: shutdown LeaderElection
2019-10-16 21:55:52,163 [277b5c5e-8c6f-4c9a-a53f-1bbc96404e12@group-569FAC3F8BCE-LeaderElection419] INFO  impl.RoleInfo (RoleInfo.java:updateAndGet(143)) - 277b5c5e-8c6f-4c9a-a53f-1bbc96404e12: start FollowerState
2019-10-16 21:55:52,212 [Thread-2894] INFO  impl.FollowerState (FollowerState.java:run(108)) - 277b5c5e-8c6f-4c9a-a53f-1bbc96404e12@group-569FAC3F8BCE-FollowerState: change to CANDIDATE, lastRpcTime:49ms, electionTimeout:49ms
2019-10-16 21:55:52,213 [Thread-2894] INFO  impl.RoleInfo (RoleInfo.java:shutdownFollowerState(121)) - 277b5c5e-8c6f-4c9a-a53f-1bbc96404e12: shutdown FollowerState
2019-10-16 21:55:52,213 [Thread-2894] INFO  impl.RaftServerImpl (RaftServerImpl.java:setRole(184)) - 277b5c5e-8c6f-4c9a-a53f-1bbc96404e12@group-569FAC3F8BCE: changes role from  FOLLOWER to CANDIDATE at term 439 for changeToCandidate
2019-10-16 21:55:52,213 [Thread-2894] INFO  impl.RoleInfo (RoleInfo.java:updateAndGet(143)) - 277b5c5e-8c6f-4c9a-a53f-1bbc96404e12: start LeaderElection
2019-10-16 21:55:52,234 [277b5c5e-8c6f-4c9a-a53f-1bbc96404e12@group-569FAC3F8BCE-LeaderElection420] INFO  impl.LeaderElection (LeaderElection.java:askForVotes(178)) - 277b5c5e-8c6f-4c9a-a53f-1bbc96404e12@group-569FAC3F8BCE-LeaderElection420: begin an election at term 440 for -1: [a32408a4-f19d-4bad-97c5-ba33ae94fc9a:192.168.157.254:38721, 6b24a2ab-97ee-4d49-85cc-2d76c2f4b8ef:192.168.157.254:41080, 277b5c5e-8c6f-4c9a-a53f-1bbc96404e12:192.168.157.254:41416], old=null
2019-10-16 21:55:52,235 [grpc-default-executor-1] INFO  impl.RaftServerImpl (RaftServerImpl.java:setRole(184)) - 6b24a2ab-97ee-4d49-85cc-2d76c2f4b8ef@group-569FAC3F8BCE: changes role from  FOLLOWER to FOLLOWER at term 440 for recognizeCandidate:277b5c5e-8c6f-4c9a-a53f-1bbc96404e12
2019-10-16 21:55:52,235 [grpc-default-executor-1] INFO  impl.RoleInfo (RoleInfo.java:shutdownFollowerState(121)) - 6b24a2ab-97ee-4d49-85cc-2d76c2f4b8ef: shutdown FollowerState
2019-10-16 21:55:52,235 [grpc-default-executor-0] INFO  impl.RaftServerImpl (RaftServerImpl.java:setRole(184)) - a32408a4-f19d-4bad-97c5-ba33ae94fc9a@group-569FAC3F8BCE: changes role from  FOLLOWER to FOLLOWER at term 440 for recognizeCandidate:277b5c5e-8c6f-4c9a-a53f-1bbc96404e12
2019-10-16 21:55:52,235 [Thread-2893] INFO  impl.FollowerState (FollowerState.java:run(117)) - 6b24a2ab-97ee-4d49-85cc-2d76c2f4b8ef@group-569FAC3F8BCE-FollowerState was interrupted: java.lang.InterruptedException: sleep interrupted
2019-10-16 21:55:52,235 [grpc-default-executor-1] INFO  impl.RoleInfo (RoleInfo.java:updateAndGet(143)) - 6b24a2ab-97ee-4d49-85cc-2d76c2f4b8ef: start FollowerState
2019-10-16 21:55:52,236 [grpc-default-executor-0] INFO  impl.RoleInfo (RoleInfo.java:shutdownFollowerState(121)) - a32408a4-f19d-4bad-97c5-ba33ae94fc9a: shutdown FollowerState
2019-10-16 21:55:52,236 [grpc-default-executor-0] INFO  impl.RoleInfo (RoleInfo.java:updateAndGet(143)) - a32408a4-f19d-4bad-97c5-ba33ae94fc9a: start FollowerState
2019-10-16 21:55:52,236 [Thread-2892] INFO  impl.FollowerState (FollowerState.java:run(117)) - a32408a4-f19d-4bad-97c5-ba33ae94fc9a@group-569FAC3F8BCE-FollowerState was interrupted: java.lang.InterruptedException: sleep interrupted
2019-10-16 21:55:52,253 [277b5c5e-8c6f-4c9a-a53f-1bbc96404e12@group-569FAC3F8BCE-LeaderElection420] INFO  impl.LeaderElection (LeaderElection.java:logAndReturn(56)) - 277b5c5e-8c6f-4c9a-a53f-1bbc96404e12@group-569FAC3F8BCE-LeaderElection420: Election REJECTED; received 2 response(s) [277b5c5e-8c6f-4c9a-a53f-1bbc96404e12<-6b24a2ab-97ee-4d49-85cc-2d76c2f4b8ef#0:FAIL-t440, 277b5c5e-8c6f-4c9a-a53f-1bbc96404e12<-a32408a4-f19d-4bad-97c5-ba33ae94fc9a#0:FAIL-t440] and 0 exception(s); 277b5c5e-8c6f-4c9a-a53f-1bbc96404e12@group-569FAC3F8BCE:t440, leader=null, voted=277b5c5e-8c6f-4c9a-a53f-1bbc96404e12, raftlog=277b5c5e-8c6f-4c9a-a53f-1bbc96404e12@group-569FAC3F8BCE-SegmentedRaftLog:OPENED:c-1,f-1,i0, conf=-1: [a32408a4-f19d-4bad-97c5-ba33ae94fc9a:192.168.157.254:38721, 6b24a2ab-97ee-4d49-85cc-2d76c2f4b8ef:192.168.157.254:41080, 277b5c5e-8c6f-4c9a-a53f-1bbc96404e12:192.168.157.254:41416], old=null
2019-10-16 21:55:52,253 [277b5c5e-8c6f-4c9a-a53f-1bbc96404e12@group-569FAC3F8BCE-LeaderElection420] INFO  impl.RaftServerImpl (RaftServerImpl.java:setRole(184)) - 277b5c5e-8c6f-4c9a-a53f-1bbc96404e12@group-569FAC3F8BCE: changes role from CANDIDATE to FOLLOWER at term 440 for DISCOVERED_A_NEW_TERM
2019-10-16 21:55:52,254 [277b5c5e-8c6f-4c9a-a53f-1bbc96404e12@group-569FAC3F8BCE-LeaderElection420] INFO  impl.RoleInfo (RoleInfo.java:shutdownLeaderElection(134)) - 277b5c5e-8c6f-4c9a-a53f-1bbc96404e12: shutdown LeaderElection
2019-10-16 21:55:52,254 [277b5c5e-8c6f-4c9a-a53f-1bbc96404e12@group-569FAC3F8BCE-LeaderElection420] INFO  impl.RoleInfo (RoleInfo.java:updateAndGet(143)) - 277b5c5e-8c6f-4c9a-a53f-1bbc96404e12: start FollowerState
2019-10-16 21:55:52,417 [Thread-2900] INFO  impl.FollowerState (FollowerState.java:run(108)) - 277b5c5e-8c6f-4c9a-a53f-1bbc96404e12@group-569FAC3F8BCE-FollowerState: change to CANDIDATE, lastRpcTime:163ms, electionTimeout:163ms
2019-10-16 21:55:52,417 [Thread-2900] INFO  impl.RoleInfo (RoleInfo.java:shutdownFollowerState(121)) - 277b5c5e-8c6f-4c9a-a53f-1bbc96404e12: shutdown FollowerState
2019-10-16 21:55:52,417 [Thread-2900] INFO  impl.RaftServerImpl (RaftServerImpl.java:setRole(184)) - 277b5c5e-8c6f-4c9a-a53f-1bbc96404e12@group-569FAC3F8BCE: changes role from  FOLLOWER to CANDIDATE at term 440 for changeToCandidate
2019-10-16 21:55:52,417 [Thread-2900] INFO  impl.RoleInfo (RoleInfo.java:updateAndGet(143)) - 277b5c5e-8c6f-4c9a-a53f-1bbc96404e12: start LeaderElection
2019-10-16 21:55:52,441 [277b5c5e-8c6f-4c9a-a53f-1bbc96404e12@group-569FAC3F8BCE-LeaderElection421] INFO  impl.LeaderElection (LeaderElection.java:askForVotes(178)) - 277b5c5e-8c6f-4c9a-a53f-1bbc96404e12@group-569FAC3F8BCE-LeaderElection421: begin an election at term 441 for -1: [a32408a4-f19d-4bad-97c5-ba33ae94fc9a:192.168.157.254:38721, 6b24a2ab-97ee-4d49-85cc-2d76c2f4b8ef:192.168.157.254:41080, 277b5c5e-8c6f-4c9a-a53f-1bbc96404e12:192.168.157.254:41416], old=null
2019-10-16 21:55:52,442 [grpc-default-executor-0] INFO  impl.RaftServerImpl (RaftServerImpl.java:setRole(184)) - a32408a4-f19d-4bad-97c5-ba33ae94fc9a@group-569FAC3F8BCE: changes role from  FOLLOWER to FOLLOWER at term 441 for recognizeCandidate:277b5c5e-8c6f-4c9a-a53f-1bbc96404e12
2019-10-16 21:55:52,442 [grpc-default-executor-0] INFO  impl.RoleInfo (RoleInfo.java:shutdownFollowerState(121)) - a32408a4-f19d-4bad-97c5-ba33ae94fc9a: shutdown FollowerState
2019-10-16 21:55:52,442 [grpc-default-executor-1] INFO  impl.RaftServerImpl (RaftServerImpl.java:setRole(184)) - 6b24a2ab-97ee-4d49-85cc-2d76c2f4b8ef@group-569FAC3F8BCE: changes role from  FOLLOWER to FOLLOWER at term 441 for recognizeCandidate:277b5c5e-8c6f-4c9a-a53f-1bbc96404e12
2019-10-16 21:55:52,443 [Thread-2899] INFO  impl.FollowerState (FollowerState.java:run(117)) - a32408a4-f19d-4bad-97c5-ba33ae94fc9a@group-569FAC3F8BCE-FollowerState was interrupted: java.lang.InterruptedException: sleep interrupted
2019-10-16 21:55:52,443 [grpc-default-executor-0] INFO  impl.RoleInfo (RoleInfo.java:updateAndGet(143)) - a32408a4-f19d-4bad-97c5-ba33ae94fc9a: start FollowerState
2019-10-16 21:55:52,443 [grpc-default-executor-1] INFO  impl.RoleInfo (RoleInfo.java:shutdownFollowerState(121)) - 6b24a2ab-97ee-4d49-85cc-2d76c2f4b8ef: shutdown FollowerState
2019-10-16 21:55:52,443 [grpc-default-executor-1] INFO  impl.RoleInfo (RoleInfo.java:updateAndGet(143)) - 6b24a2ab-97ee-4d49-85cc-2d76c2f4b8ef: start FollowerState
2019-10-16 21:55:52,443 [Thread-2898] INFO  impl.FollowerState (FollowerState.java:run(117)) - 6b24a2ab-97ee-4d49-85cc-2d76c2f4b8ef@group-569FAC3F8BCE-FollowerState was interrupted: java.lang.InterruptedException: sleep interrupted
2019-10-16 21:55:52,459 [277b5c5e-8c6f-4c9a-a53f-1bbc96404e12@group-569FAC3F8BCE-LeaderElection421] INFO  impl.LeaderElection (LeaderElection.java:logAndReturn(56)) - 277b5c5e-8c6f-4c9a-a53f-1bbc96404e12@group-569FAC3F8BCE-LeaderElection421: Election REJECTED; received 2 response(s) [277b5c5e-8c6f-4c9a-a53f-1bbc96404e12<-6b24a2ab-97ee-4d49-85cc-2d76c2f4b8ef#0:FAIL-t441, 277b5c5e-8c6f-4c9a-a53f-1bbc96404e12<-a32408a4-f19d-4bad-97c5-ba33ae94fc9a#0:FAIL-t441] and 0 exception(s); 277b5c5e-8c6f-4c9a-a53f-1bbc96404e12@group-569FAC3F8BCE:t441, leader=null, voted=277b5c5e-8c6f-4c9a-a53f-1bbc96404e12, raftlog=277b5c5e-8c6f-4c9a-a53f-1bbc96404e12@group-569FAC3F8BCE-SegmentedRaftLog:OPENED:c-1,f-1,i0, conf=-1: [a32408a4-f19d-4bad-97c5-ba33ae94fc9a:192.168.157.254:38721, 6b24a2ab-97ee-4d49-85cc-2d76c2f4b8ef:192.168.157.254:41080, 277b5c5e-8c6f-4c9a-a53f-1bbc96404e12:192.168.157.254:41416], old=null
2019-10-16 21:55:52,459 [277b5c5e-8c6f-4c9a-a53f-1bbc96404e12@group-569FAC3F8BCE-LeaderElection421] INFO  impl.RaftServerImpl (RaftServerImpl.java:setRole(184)) - 277b5c5e-8c6f-4c9a-a53f-1bbc96404e12@group-569FAC3F8BCE: changes role from CANDIDATE to FOLLOWER at term 441 for DISCOVERED_A_NEW_TERM
2019-10-16 21:55:52,459 [277b5c5e-8c6f-4c9a-a53f-1bbc96404e12@group-569FAC3F8BCE-LeaderElection421] INFO  impl.RoleInfo (RoleInfo.java:shutdownLeaderElection(134)) - 277b5c5e-8c6f-4c9a-a53f-1bbc96404e12: shutdown LeaderElection
2019-10-16 21:55:52,459 [277b5c5e-8c6f-4c9a-a53f-1bbc96404e12@group-569FAC3F8BCE-LeaderElection421] INFO  impl.RoleInfo (RoleInfo.java:updateAndGet(143)) - 277b5c5e-8c6f-4c9a-a53f-1bbc96404e12: start FollowerState
2019-10-16 21:55:52,518 [Thread-2906] INFO  impl.FollowerState (FollowerState.java:run(108)) - 277b5c5e-8c6f-4c9a-a53f-1bbc96404e12@group-569FAC3F8BCE-FollowerState: change to CANDIDATE, lastRpcTime:58ms, electionTimeout:58ms
2019-10-16 21:55:52,518 [Thread-2906] INFO  impl.RoleInfo (RoleInfo.java:shutdownFollowerState(121)) - 277b5c5e-8c6f-4c9a-a53f-1bbc96404e12: shutdown FollowerState
2019-10-16 21:55:52,518 [Thread-2906] INFO  impl.RaftServerImpl (RaftServerImpl.java:setRole(184)) - 277b5c5e-8c6f-4c9a-a53f-1bbc96404e12@group-569FAC3F8BCE: changes role from  FOLLOWER to CANDIDATE at term 441 for changeToCandidate
2019-10-16 21:55:52,518 [Thread-2906] INFO  impl.RoleInfo (RoleInfo.java:updateAndGet(143)) - 277b5c5e-8c6f-4c9a-a53f-1bbc96404e12: start LeaderElection
2019-10-16 21:55:52,532 [277b5c5e-8c6f-4c9a-a53f-1bbc96404e12@group-569FAC3F8BCE-LeaderElection422] INFO  impl.LeaderElection (LeaderElection.java:askForVotes(178)) - 277b5c5e-8c6f-4c9a-a53f-1bbc96404e12@group-569FAC3F8BCE-LeaderElection422: begin an election at term 442 for -1: [a32408a4-f19d-4bad-97c5-ba33ae94fc9a:192.168.157.254:38721, 6b24a2ab-97ee-4d49-85cc-2d76c2f4b8ef:192.168.157.254:41080, 277b5c5e-8c6f-4c9a-a53f-1bbc96404e12:192.168.157.254:41416], old=null
2019-10-16 21:55:52,534 [grpc-default-executor-1] INFO  impl.RaftServerImpl (RaftServerImpl.java:setRole(184)) - a32408a4-f19d-4bad-97c5-ba33ae94fc9a@group-569FAC3F8BCE: changes role from  FOLLOWER to FOLLOWER at term 442 for recognizeCandidate:277b5c5e-8c6f-4c9a-a53f-1bbc96404e12
2019-10-16 21:55:52,534 [grpc-default-executor-0] INFO  impl.RaftServerImpl (RaftServerImpl.java:setRole(184)) - 6b24a2ab-97ee-4d49-85cc-2d76c2f4b8ef@group-569FAC3F8BCE: changes role from  FOLLOWER to FOLLOWER at term 442 for recognizeCandidate:277b5c5e-8c6f-4c9a-a53f-1bbc96404e12
2019-10-16 21:55:52,534 [grpc-default-executor-1] INFO  impl.RoleInfo (RoleInfo.java:shutdownFollowerState(121)) - a32408a4-f19d-4bad-97c5-ba33ae94fc9a: shutdown FollowerState
2019-10-16 21:55:52,534 [grpc-default-executor-0] INFO  impl.RoleInfo (RoleInfo.java:shutdownFollowerState(121)) - 6b24a2ab-97ee-4d49-85cc-2d76c2f4b8ef: shutdown FollowerState
2019-10-16 21:55:52,534 [Thread-2904] INFO  impl.FollowerState (FollowerState.java:run(117)) - a32408a4-f19d-4bad-97c5-ba33ae94fc9a@group-569FAC3F8BCE-FollowerState was interrupted: java.lang.InterruptedException: sleep interrupted
2019-10-16 21:55:52,534 [grpc-default-executor-1] INFO  impl.RoleInfo (RoleInfo.java:updateAndGet(143)) - a32408a4-f19d-4bad-97c5-ba33ae94fc9a: start FollowerState
2019-10-16 21:55:52,534 [Thread-2905] INFO  impl.FollowerState (FollowerState.java:run(117)) - 6b24a2ab-97ee-4d49-85cc-2d76c2f4b8ef@group-569FAC3F8BCE-FollowerState was interrupted: java.lang.InterruptedException: sleep interrupted
2019-10-16 21:55:52,534 [grpc-default-executor-0] INFO  impl.RoleInfo (RoleInfo.java:updateAndGet(143)) - 6b24a2ab-97ee-4d49-85cc-2d76c2f4b8ef: start FollowerState
2019-10-16 21:55:52,540 [277b5c5e-8c6f-4c9a-a53f-1bbc96404e12@group-569FAC3F8BCE-LeaderElection422] INFO  impl.LeaderElection (LeaderElection.java:logAndReturn(56)) - 277b5c5e-8c6f-4c9a-a53f-1bbc96404e12@group-569FAC3F8BCE-LeaderElection422: Election TIMEOUT; received 0 response(s) [] and 0 exception(s); 277b5c5e-8c6f-4c9a-a53f-1bbc96404e12@group-569FAC3F8BCE:t442, leader=null, voted=277b5c5e-8c6f-4c9a-a53f-1bbc96404e12, raftlog=277b5c5e-8c6f-4c9a-a53f-1bbc96404e12@group-569FAC3F8BCE-SegmentedRaftLog:OPENED:c-1,f-1,i0, conf=-1: [a32408a4-f19d-4bad-97c5-ba33ae94fc9a:192.168.157.254:38721, 6b24a2ab-97ee-4d49-85cc-2d76c2f4b8ef:192.168.157.254:41080, 277b5c5e-8c6f-4c9a-a53f-1bbc96404e12:192.168.157.254:41416], old=null
2019-10-16 21:55:52,546 [277b5c5e-8c6f-4c9a-a53f-1bbc96404e12@group-569FAC3F8BCE-LeaderElection422] INFO  impl.LeaderElection (LeaderElection.java:askForVotes(178)) - 277b5c5e-8c6f-4c9a-a53f-1bbc96404e12@group-569FAC3F8BCE-LeaderElection422: begin an election at term 443 for -1: [a32408a4-f19d-4bad-97c5-ba33ae94fc9a:192.168.157.254:38721, 6b24a2ab-97ee-4d49-85cc-2d76c2f4b8ef:192.168.157.254:41080, 277b5c5e-8c6f-4c9a-a53f-1bbc96404e12:192.168.157.254:41416], old=null
2019-10-16 21:55:52,547 [grpc-default-executor-0] INFO  impl.RaftServerImpl (RaftServerImpl.java:setRole(184)) - a32408a4-f19d-4bad-97c5-ba33ae94fc9a@group-569FAC3F8BCE: changes role from  FOLLOWER to FOLLOWER at term 443 for recognizeCandidate:277b5c5e-8c6f-4c9a-a53f-1bbc96404e12
2019-10-16 21:55:52,547 [grpc-default-executor-0] INFO  impl.RoleInfo (RoleInfo.java:shutdownFollowerState(121)) - a32408a4-f19d-4bad-97c5-ba33ae94fc9a: shutdown FollowerState
2019-10-16 21:55:52,547 [grpc-default-executor-0] INFO  impl.RoleInfo (RoleInfo.java:updateAndGet(143)) - a32408a4-f19d-4bad-97c5-ba33ae94fc9a: start FollowerState
2019-10-16 21:55:52,547 [grpc-default-executor-1] INFO  impl.RaftServerImpl (RaftServerImpl.java:setRole(184)) - 6b24a2ab-97ee-4d49-85cc-2d76c2f4b8ef@group-569FAC3F8BCE: changes role from  FOLLOWER to FOLLOWER at term 443 for recognizeCandidate:277b5c5e-8c6f-4c9a-a53f-1bbc96404e12
2019-10-16 21:55:52,547 [grpc-default-executor-1] INFO  impl.RoleInfo (RoleInfo.java:shutdownFollowerState(121)) - 6b24a2ab-97ee-4d49-85cc-2d76c2f4b8ef: shutdown FollowerState
2019-10-16 21:55:52,547 [Thread-2910] INFO  impl.FollowerState (FollowerState.java:run(117)) - a32408a4-f19d-4bad-97c5-ba33ae94fc9a@group-569FAC3F8BCE-FollowerState was interrupted: java.lang.InterruptedException: sleep interrupted
2019-10-16 21:55:52,548 [Thread-2911] INFO  impl.FollowerState (FollowerState.java:run(117)) - 6b24a2ab-97ee-4d49-85cc-2d76c2f4b8ef@group-569FAC3F8BCE-FollowerState was interrupted: java.lang.InterruptedException: sleep interrupted
2019-10-16 21:55:52,548 [grpc-default-executor-1] INFO  impl.RoleInfo (RoleInfo.java:updateAndGet(143)) - 6b24a2ab-97ee-4d49-85cc-2d76c2f4b8ef: start FollowerState
2019-10-16 21:55:52,573 [277b5c5e-8c6f-4c9a-a53f-1bbc96404e12@group-569FAC3F8BCE-LeaderElection422] INFO  impl.LeaderElection (LeaderElection.java:logAndReturn(56)) - 277b5c5e-8c6f-4c9a-a53f-1bbc96404e12@group-569FAC3F8BCE-LeaderElection422: Election REJECTED; received 2 response(s) [277b5c5e-8c6f-4c9a-a53f-1bbc96404e12<-a32408a4-f19d-4bad-97c5-ba33ae94fc9a#0:FAIL-t443, 277b5c5e-8c6f-4c9a-a53f-1bbc96404e12<-6b24a2ab-97ee-4d49-85cc-2d76c2f4b8ef#0:FAIL-t443] and 0 exception(s); 277b5c5e-8c6f-4c9a-a53f-1bbc96404e12@group-569FAC3F8BCE:t443, leader=null, voted=277b5c5e-8c6f-4c9a-a53f-1bbc96404e12, raftlog=277b5c5e-8c6f-4c9a-a53f-1bbc96404e12@group-569FAC3F8BCE-SegmentedRaftLog:OPENED:c-1,f-1,i0, conf=-1: [a32408a4-f19d-4bad-97c5-ba33ae94fc9a:192.168.157.254:38721, 6b24a2ab-97ee-4d49-85cc-2d76c2f4b8ef:192.168.157.254:41080, 277b5c5e-8c6f-4c9a-a53f-1bbc96404e12:192.168.157.254:41416], old=null
2019-10-16 21:55:52,573 [277b5c5e-8c6f-4c9a-a53f-1bbc96404e12@group-569FAC3F8BCE-LeaderElection422] INFO  impl.RaftServerImpl (RaftServerImpl.java:setRole(184)) - 277b5c5e-8c6f-4c9a-a53f-1bbc96404e12@group-569FAC3F8BCE: changes role from CANDIDATE to FOLLOWER at term 443 for DISCOVERED_A_NEW_TERM
2019-10-16 21:55:52,573 [277b5c5e-8c6f-4c9a-a53f-1bbc96404e12@group-569FAC3F8BCE-LeaderElection422] INFO  impl.RoleInfo (RoleInfo.java:shutdownLeaderElection(134)) - 277b5c5e-8c6f-4c9a-a53f-1bbc96404e12: shutdown LeaderElection
2019-10-16 21:55:52,574 [277b5c5e-8c6f-4c9a-a53f-1bbc96404e12@group-569FAC3F8BCE-LeaderElection422] INFO  impl.RoleInfo (RoleInfo.java:updateAndGet(143)) - 277b5c5e-8c6f-4c9a-a53f-1bbc96404e12: start FollowerState
2019-10-16 21:55:52,695 [Thread-2916] INFO  impl.FollowerState (FollowerState.java:run(108)) - 277b5c5e-8c6f-4c9a-a53f-1bbc96404e12@group-569FAC3F8BCE-FollowerState: change to CANDIDATE, lastRpcTime:121ms, electionTimeout:121ms
2019-10-16 21:55:52,695 [Thread-2916] INFO  impl.RoleInfo (RoleInfo.java:shutdownFollowerState(121)) - 277b5c5e-8c6f-4c9a-a53f-1bbc96404e12: shutdown FollowerState
2019-10-16 21:55:52,695 [Thread-2916] INFO  impl.RaftServerImpl (RaftServerImpl.java:setRole(184)) - 277b5c5e-8c6f-4c9a-a53f-1bbc96404e12@group-569FAC3F8BCE: changes role from  FOLLOWER to CANDIDATE at term 443 for changeToCandidate
2019-10-16 21:55:52,695 [Thread-2916] INFO  impl.RoleInfo (RoleInfo.java:updateAndGet(143)) - 277b5c5e-8c6f-4c9a-a53f-1bbc96404e12: start LeaderElection
2019-10-16 21:55:52,721 [277b5c5e-8c6f-4c9a-a53f-1bbc96404e12@group-569FAC3F8BCE-LeaderElection423] INFO  impl.LeaderElection (LeaderElection.java:askForVotes(178)) - 277b5c5e-8c6f-4c9a-a53f-1bbc96404e12@group-569FAC3F8BCE-LeaderElection423: begin an election at term 444 for -1: [a32408a4-f19d-4bad-97c5-ba33ae94fc9a:192.168.157.254:38721, 6b24a2ab-97ee-4d49-85cc-2d76c2f4b8ef:192.168.157.254:41080, 277b5c5e-8c6f-4c9a-a53f-1bbc96404e12:192.168.157.254:41416], old=null
2019-10-16 21:55:52,723 [grpc-default-executor-1] INFO  impl.RaftServerImpl (RaftServerImpl.java:setRole(184)) - 6b24a2ab-97ee-4d49-85cc-2d76c2f4b8ef@group-569FAC3F8BCE: changes role from  FOLLOWER to FOLLOWER at term 444 for recognizeCandidate:277b5c5e-8c6f-4c9a-a53f-1bbc96404e12
2019-10-16 21:55:52,723 [grpc-default-executor-1] INFO  impl.RoleInfo (RoleInfo.java:shutdownFollowerState(121)) - 6b24a2ab-97ee-4d49-85cc-2d76c2f4b8ef: shutdown FollowerState
2019-10-16 21:55:52,723 [grpc-default-executor-0] INFO  impl.RaftServerImpl (RaftServerImpl.java:setRole(184)) - a32408a4-f19d-4bad-97c5-ba33ae94fc9a@group-569FAC3F8BCE: changes role from  FOLLOWER to FOLLOWER at term 444 for recognizeCandidate:277b5c5e-8c6f-4c9a-a53f-1bbc96404e12
2019-10-16 21:55:52,723 [grpc-default-executor-0] INFO  impl.RoleInfo (RoleInfo.java:shutdownFollowerState(121)) - a32408a4-f19d-4bad-97c5-ba33ae94fc9a: shutdown FollowerState
2019-10-16 21:55:52,723 [grpc-default-executor-1] INFO  impl.RoleInfo (RoleInfo.java:updateAndGet(143)) - 6b24a2ab-97ee-4d49-85cc-2d76c2f4b8ef: start FollowerState
2019-10-16 21:55:52,723 [Thread-2915] INFO  impl.FollowerState (FollowerState.java:run(117)) - 6b24a2ab-97ee-4d49-85cc-2d76c2f4b8ef@group-569FAC3F8BCE-FollowerState was interrupted: java.lang.InterruptedException: sleep interrupted
2019-10-16 21:55:52,724 [Thread-2914] INFO  impl.FollowerState (FollowerState.java:run(117)) - a32408a4-f19d-4bad-97c5-ba33ae94fc9a@group-569FAC3F8BCE-FollowerState was interrupted: java.lang.InterruptedException: sleep interrupted
2019-10-16 21:55:52,724 [grpc-default-executor-0] INFO  impl.RoleInfo (RoleInfo.java:updateAndGet(143)) - a32408a4-f19d-4bad-97c5-ba33ae94fc9a: start FollowerState
2019-10-16 21:55:52,738 [277b5c5e-8c6f-4c9a-a53f-1bbc96404e12@group-569FAC3F8BCE-LeaderElection423] INFO  impl.LeaderElection (LeaderElection.java:logAndReturn(56)) - 277b5c5e-8c6f-4c9a-a53f-1bbc96404e12@group-569FAC3F8BCE-LeaderElection423: Election REJECTED; received 2 response(s) [277b5c5e-8c6f-4c9a-a53f-1bbc96404e12<-a32408a4-f19d-4bad-97c5-ba33ae94fc9a#0:FAIL-t444, 277b5c5e-8c6f-4c9a-a53f-1bbc96404e12<-6b24a2ab-97ee-4d49-85cc-2d76c2f4b8ef#0:FAIL-t444] and 0 exception(s); 277b5c5e-8c6f-4c9a-a53f-1bbc96404e12@group-569FAC3F8BCE:t444, leader=null, voted=277b5c5e-8c6f-4c9a-a53f-1bbc96404e12, raftlog=277b5c5e-8c6f-4c9a-a53f-1bbc96404e12@group-569FAC3F8BCE-SegmentedRaftLog:OPENED:c-1,f-1,i0, conf=-1: [a32408a4-f19d-4bad-97c5-ba33ae94fc9a:192.168.157.254:38721, 6b24a2ab-97ee-4d49-85cc-2d76c2f4b8ef:192.168.157.254:41080, 277b5c5e-8c6f-4c9a-a53f-1bbc96404e12:192.168.157.254:41416], old=null
2019-10-16 21:55:52,738 [277b5c5e-8c6f-4c9a-a53f-1bbc96404e12@group-569FAC3F8BCE-LeaderElection423] INFO  impl.RaftServerImpl (RaftServerImpl.java:setRole(184)) - 277b5c5e-8c6f-4c9a-a53f-1bbc96404e12@group-569FAC3F8BCE: changes role from CANDIDATE to FOLLOWER at term 444 for DISCOVERED_A_NEW_TERM
2019-10-16 21:55:52,738 [277b5c5e-8c6f-4c9a-a53f-1bbc96404e12@group-569FAC3F8BCE-LeaderElection423] INFO  impl.RoleInfo (RoleInfo.java:shutdownLeaderElection(134)) - 277b5c5e-8c6f-4c9a-a53f-1bbc96404e12: shutdown LeaderElection
2019-10-16 21:55:52,738 [277b5c5e-8c6f-4c9a-a53f-1bbc96404e12@group-569FAC3F8BCE-LeaderElection423] INFO  impl.RoleInfo (RoleInfo.java:updateAndGet(143)) - 277b5c5e-8c6f-4c9a-a53f-1bbc96404e12: start FollowerState
2019-10-16 21:55:52,809 [Thread-2922] INFO  impl.FollowerState (FollowerState.java:run(108)) - 277b5c5e-8c6f-4c9a-a53f-1bbc96404e12@group-569FAC3F8BCE-FollowerState: change to CANDIDATE, lastRpcTime:71ms, electionTimeout:71ms
2019-10-16 21:55:52,809 [Thread-2922] INFO  impl.RoleInfo (RoleInfo.java:shutdownFollowerState(121)) - 277b5c5e-8c6f-4c9a-a53f-1bbc96404e12: shutdown FollowerState
2019-10-16 21:55:52,810 [Thread-2922] INFO  impl.RaftServerImpl (RaftServerImpl.java:setRole(184)) - 277b5c5e-8c6f-4c9a-a53f-1bbc96404e12@group-569FAC3F8BCE: changes role from  FOLLOWER to CANDIDATE at term 444 for changeToCandidate
2019-10-16 21:55:52,810 [Thread-2922] INFO  impl.RoleInfo (RoleInfo.java:updateAndGet(143)) - 277b5c5e-8c6f-4c9a-a53f-1bbc96404e12: start LeaderElection
2019-10-16 21:55:52,819 [277b5c5e-8c6f-4c9a-a53f-1bbc96404e12@group-569FAC3F8BCE-LeaderElection424] INFO  impl.LeaderElection (LeaderElection.java:askForVotes(178)) - 277b5c5e-8c6f-4c9a-a53f-1bbc96404e12@group-569FAC3F8BCE-LeaderElection424: begin an election at term 445 for -1: [a32408a4-f19d-4bad-97c5-ba33ae94fc9a:192.168.157.254:38721, 6b24a2ab-97ee-4d49-85cc-2d76c2f4b8ef:192.168.157.254:41080, 277b5c5e-8c6f-4c9a-a53f-1bbc96404e12:192.168.157.254:41416], old=null
2019-10-16 21:55:52,821 [grpc-default-executor-1] INFO  impl.RaftServerImpl (RaftServerImpl.java:setRole(184)) - 6b24a2ab-97ee-4d49-85cc-2d76c2f4b8ef@group-569FAC3F8BCE: changes role from  FOLLOWER to FOLLOWER at term 445 for recognizeCandidate:277b5c5e-8c6f-4c9a-a53f-1bbc96404e12
2019-10-16 21:55:52,821 [grpc-default-executor-1] INFO  impl.RoleInfo (RoleInfo.java:shutdownFollowerState(121)) - 6b24a2ab-97ee-4d49-85cc-2d76c2f4b8ef: shutdown FollowerState
2019-10-16 21:55:52,821 [grpc-default-executor-0] INFO  impl.RaftServerImpl (RaftServerImpl.java:setRole(184)) - a32408a4-f19d-4bad-97c5-ba33ae94fc9a@group-569FAC3F8BCE: changes role from  FOLLOWER to FOLLOWER at term 445 for recognizeCandidate:277b5c5e-8c6f-4c9a-a53f-1bbc96404e12
2019-10-16 21:55:52,821 [grpc-default-executor-0] INFO  impl.RoleInfo (RoleInfo.java:shutdownFollowerState(121)) - a32408a4-f19d-4bad-97c5-ba33ae94fc9a: shutdown FollowerState
2019-10-16 21:55:52,821 [Thread-2920] INFO  impl.FollowerState (FollowerState.java:run(117)) - 6b24a2ab-97ee-4d49-85cc-2d76c2f4b8ef@group-569FAC3F8BCE-FollowerState was interrupted: java.lang.InterruptedException: sleep interrupted
2019-10-16 21:55:52,821 [grpc-default-executor-1] INFO  impl.RoleInfo (RoleInfo.java:updateAndGet(143)) - 6b24a2ab-97ee-4d49-85cc-2d76c2f4b8ef: start FollowerState
2019-10-16 21:55:52,821 [Thread-2921] INFO  impl.FollowerState (FollowerState.java:run(117)) - a32408a4-f19d-4bad-97c5-ba33ae94fc9a@group-569FAC3F8BCE-FollowerState was interrupted: java.lang.InterruptedException: sleep interrupted
2019-10-16 21:55:52,821 [grpc-default-executor-0] INFO  impl.RoleInfo (RoleInfo.java:updateAndGet(143)) - a32408a4-f19d-4bad-97c5-ba33ae94fc9a: start FollowerState
2019-10-16 21:55:52,836 [277b5c5e-8c6f-4c9a-a53f-1bbc96404e12@group-569FAC3F8BCE-LeaderElection424] INFO  impl.LeaderElection (LeaderElection.java:logAndReturn(56)) - 277b5c5e-8c6f-4c9a-a53f-1bbc96404e12@group-569FAC3F8BCE-LeaderElection424: Election REJECTED; received 2 response(s) [277b5c5e-8c6f-4c9a-a53f-1bbc96404e12<-a32408a4-f19d-4bad-97c5-ba33ae94fc9a#0:FAIL-t445, 277b5c5e-8c6f-4c9a-a53f-1bbc96404e12<-6b24a2ab-97ee-4d49-85cc-2d76c2f4b8ef#0:FAIL-t445] and 0 exception(s); 277b5c5e-8c6f-4c9a-a53f-1bbc96404e12@group-569FAC3F8BCE:t445, leader=null, voted=277b5c5e-8c6f-4c9a-a53f-1bbc96404e12, raftlog=277b5c5e-8c6f-4c9a-a53f-1bbc96404e12@group-569FAC3F8BCE-SegmentedRaftLog:OPENED:c-1,f-1,i0, conf=-1: [a32408a4-f19d-4bad-97c5-ba33ae94fc9a:192.168.157.254:38721, 6b24a2ab-97ee-4d49-85cc-2d76c2f4b8ef:192.168.157.254:41080, 277b5c5e-8c6f-4c9a-a53f-1bbc96404e12:192.168.157.254:41416], old=null
2019-10-16 21:55:52,836 [277b5c5e-8c6f-4c9a-a53f-1bbc96404e12@group-569FAC3F8BCE-LeaderElection424] INFO  impl.RaftServerImpl (RaftServerImpl.java:setRole(184)) - 277b5c5e-8c6f-4c9a-a53f-1bbc96404e12@group-569FAC3F8BCE: changes role from CANDIDATE to FOLLOWER at term 445 for DISCOVERED_A_NEW_TERM
2019-10-16 21:55:52,836 [277b5c5e-8c6f-4c9a-a53f-1bbc96404e12@group-569FAC3F8BCE-LeaderElection424] INFO  impl.RoleInfo (RoleInfo.java:shutdownLeaderElection(134)) - 277b5c5e-8c6f-4c9a-a53f-1bbc96404e12: shutdown LeaderElection
2019-10-16 21:55:52,836 [277b5c5e-8c6f-4c9a-a53f-1bbc96404e12@group-569FAC3F8BCE-LeaderElection424] INFO  impl.RoleInfo (RoleInfo.java:updateAndGet(143)) - 277b5c5e-8c6f-4c9a-a53f-1bbc96404e12: start FollowerState
2019-10-16 21:55:52,986 [Thread-2928] INFO  impl.FollowerState (FollowerState.java:run(108)) - 277b5c5e-8c6f-4c9a-a53f-1bbc96404e12@group-569FAC3F8BCE-FollowerState: change to CANDIDATE, lastRpcTime:149ms, electionTimeout:149ms
2019-10-16 21:55:52,986 [Thread-2928] INFO  impl.RoleInfo (RoleInfo.java:shutdownFollowerState(121)) - 277b5c5e-8c6f-4c9a-a53f-1bbc96404e12: shutdown FollowerState
2019-10-16 21:55:52,986 [Thread-2928] INFO  impl.RaftServerImpl (RaftServerImpl.java:setRole(184)) - 277b5c5e-8c6f-4c9a-a53f-1bbc96404e12@group-569FAC3F8BCE: changes role from  FOLLOWER to CANDIDATE at term 445 for changeToCandidate
2019-10-16 21:55:52,986 [Thread-2928] INFO  impl.RoleInfo (RoleInfo.java:updateAndGet(143)) - 277b5c5e-8c6f-4c9a-a53f-1bbc96404e12: start LeaderElection
2019-10-16 21:55:53,003 [277b5c5e-8c6f-4c9a-a53f-1bbc96404e12@group-569FAC3F8BCE-LeaderElection425] INFO  impl.LeaderElection (LeaderElection.java:askForVotes(178)) - 277b5c5e-8c6f-4c9a-a53f-1bbc96404e12@group-569FAC3F8BCE-LeaderElection425: begin an election at term 446 for -1: [a32408a4-f19d-4bad-97c5-ba33ae94fc9a:192.168.157.254:38721, 6b24a2ab-97ee-4d49-85cc-2d76c2f4b8ef:192.168.157.254:41080, 277b5c5e-8c6f-4c9a-a53f-1bbc96404e12:192.168.157.254:41416], old=null
2019-10-16 21:55:53,004 [grpc-default-executor-1] INFO  impl.RaftServerImpl (RaftServerImpl.java:setRole(184)) - a32408a4-f19d-4bad-97c5-ba33ae94fc9a@group-569FAC3F8BCE: changes role from  FOLLOWER to FOLLOWER at term 446 for recognizeCandidate:277b5c5e-8c6f-4c9a-a53f-1bbc96404e12
2019-10-16 21:55:53,005 [grpc-default-executor-1] INFO  impl.RoleInfo (RoleInfo.java:shutdownFollowerState(121)) - a32408a4-f19d-4bad-97c5-ba33ae94fc9a: shutdown FollowerState
2019-10-16 21:55:53,005 [grpc-default-executor-0] INFO  impl.RaftServerImpl (RaftServerImpl.java:setRole(184)) - 6b24a2ab-97ee-4d49-85cc-2d76c2f4b8ef@group-569FAC3F8BCE: changes role from  FOLLOWER to FOLLOWER at term 446 for recognizeCandidate:277b5c5e-8c6f-4c9a-a53f-1bbc96404e12
2019-10-16 21:55:53,005 [Thread-2927] INFO  impl.FollowerState (FollowerState.java:run(117)) - a32408a4-f19d-4bad-97c5-ba33ae94fc9a@group-569FAC3F8BCE-FollowerState was interrupted: java.lang.InterruptedException: sleep interrupted
2019-10-16 21:55:53,005 [grpc-default-executor-1] INFO  impl.RoleInfo (RoleInfo.java:updateAndGet(143)) - a32408a4-f19d-4bad-97c5-ba33ae94fc9a: start FollowerState
2019-10-16 21:55:53,005 [grpc-default-executor-0] INFO  impl.RoleInfo (RoleInfo.java:shutdownFollowerState(121)) - 6b24a2ab-97ee-4d49-85cc-2d76c2f4b8ef: shutdown FollowerState
2019-10-16 21:55:53,005 [Thread-2926] INFO  impl.FollowerState (FollowerState.java:run(117)) - 6b24a2ab-97ee-4d49-85cc-2d76c2f4b8ef@group-569FAC3F8BCE-FollowerState was interrupted: java.lang.InterruptedException: sleep interrupted
2019-10-16 21:55:53,005 [grpc-default-executor-0] INFO  impl.RoleInfo (RoleInfo.java:updateAndGet(143)) - 6b24a2ab-97ee-4d49-85cc-2d76c2f4b8ef: start FollowerState
2019-10-16 21:55:53,036 [277b5c5e-8c6f-4c9a-a53f-1bbc96404e12@group-569FAC3F8BCE-LeaderElection425] INFO  impl.LeaderElection (LeaderElection.java:logAndReturn(56)) - 277b5c5e-8c6f-4c9a-a53f-1bbc96404e12@group-569FAC3F8BCE-LeaderElection425: Election REJECTED; received 2 response(s) [277b5c5e-8c6f-4c9a-a53f-1bbc96404e12<-a32408a4-f19d-4bad-97c5-ba33ae94fc9a#0:FAIL-t446, 277b5c5e-8c6f-4c9a-a53f-1bbc96404e12<-6b24a2ab-97ee-4d49-85cc-2d76c2f4b8ef#0:FAIL-t446] and 0 exception(s); 277b5c5e-8c6f-4c9a-a53f-1bbc96404e12@group-569FAC3F8BCE:t446, leader=null, voted=277b5c5e-8c6f-4c9a-a53f-1bbc96404e12, raftlog=277b5c5e-8c6f-4c9a-a53f-1bbc96404e12@group-569FAC3F8BCE-SegmentedRaftLog:OPENED:c-1,f-1,i0, conf=-1: [a32408a4-f19d-4bad-97c5-ba33ae94fc9a:192.168.157.254:38721, 6b24a2ab-97ee-4d49-85cc-2d76c2f4b8ef:192.168.157.254:41080, 277b5c5e-8c6f-4c9a-a53f-1bbc96404e12:192.168.157.254:41416], old=null
2019-10-16 21:55:53,036 [277b5c5e-8c6f-4c9a-a53f-1bbc96404e12@group-569FAC3F8BCE-LeaderElection425] INFO  impl.RaftServerImpl (RaftServerImpl.java:setRole(184)) - 277b5c5e-8c6f-4c9a-a53f-1bbc96404e12@group-569FAC3F8BCE: changes role from CANDIDATE to FOLLOWER at term 446 for DISCOVERED_A_NEW_TERM
2019-10-16 21:55:53,036 [277b5c5e-8c6f-4c9a-a53f-1bbc96404e12@group-569FAC3F8BCE-LeaderElection425] INFO  impl.RoleInfo (RoleInfo.java:shutdownLeaderElection(134)) - 277b5c5e-8c6f-4c9a-a53f-1bbc96404e12: shutdown LeaderElection
2019-10-16 21:55:53,036 [277b5c5e-8c6f-4c9a-a53f-1bbc96404e12@group-569FAC3F8BCE-LeaderElection425] INFO  impl.RoleInfo (RoleInfo.java:updateAndGet(143)) - 277b5c5e-8c6f-4c9a-a53f-1bbc96404e12: start FollowerState
2019-10-16 21:55:53,065 [Thread-2934] INFO  impl.FollowerState (FollowerState.java:run(108)) - 277b5c5e-8c6f-4c9a-a53f-1bbc96404e12@group-569FAC3F8BCE-FollowerState: change to CANDIDATE, lastRpcTime:28ms, electionTimeout:28ms
2019-10-16 21:55:53,065 [Thread-2934] INFO  impl.RoleInfo (RoleInfo.java:shutdownFollowerState(121)) - 277b5c5e-8c6f-4c9a-a53f-1bbc96404e12: shutdown FollowerState
2019-10-16 21:55:53,065 [Thread-2934] INFO  impl.RaftServerImpl (RaftServerImpl.java:setRole(184)) - 277b5c5e-8c6f-4c9a-a53f-1bbc96404e12@group-569FAC3F8BCE: changes role from  FOLLOWER to CANDIDATE at term 446 for changeToCandidate
2019-10-16 21:55:53,065 [Thread-2934] INFO  impl.RoleInfo (RoleInfo.java:updateAndGet(143)) - 277b5c5e-8c6f-4c9a-a53f-1bbc96404e12: start LeaderElection
2019-10-16 21:55:53,082 [277b5c5e-8c6f-4c9a-a53f-1bbc96404e12@group-569FAC3F8BCE-LeaderElection426] INFO  impl.LeaderElection (LeaderElection.java:askForVotes(178)) - 277b5c5e-8c6f-4c9a-a53f-1bbc96404e12@group-569FAC3F8BCE-LeaderElection426: begin an election at term 447 for -1: [a32408a4-f19d-4bad-97c5-ba33ae94fc9a:192.168.157.254:38721, 6b24a2ab-97ee-4d49-85cc-2d76c2f4b8ef:192.168.157.254:41080, 277b5c5e-8c6f-4c9a-a53f-1bbc96404e12:192.168.157.254:41416], old=null
2019-10-16 21:55:53,083 [grpc-default-executor-0] INFO  impl.RaftServerImpl (RaftServerImpl.java:setRole(184)) - a32408a4-f19d-4bad-97c5-ba33ae94fc9a@group-569FAC3F8BCE: changes role from  FOLLOWER to FOLLOWER at term 447 for recognizeCandidate:277b5c5e-8c6f-4c9a-a53f-1bbc96404e12
2019-10-16 21:55:53,083 [grpc-default-executor-0] INFO  impl.RoleInfo (RoleInfo.java:shutdownFollowerState(121)) - a32408a4-f19d-4bad-97c5-ba33ae94fc9a: shutdown FollowerState
2019-10-16 21:55:53,083 [grpc-default-executor-0] INFO  impl.RoleInfo (RoleInfo.java:updateAndGet(143)) - a32408a4-f19d-4bad-97c5-ba33ae94fc9a: start FollowerState
2019-10-16 21:55:53,083 [grpc-default-executor-1] INFO  impl.RaftServerImpl (RaftServerImpl.java:setRole(184)) - 6b24a2ab-97ee-4d49-85cc-2d76c2f4b8ef@group-569FAC3F8BCE: changes role from  FOLLOWER to FOLLOWER at term 447 for recognizeCandidate:277b5c5e-8c6f-4c9a-a53f-1bbc96404e12
2019-10-16 21:55:53,084 [Thread-2932] INFO  impl.FollowerState (FollowerState.java:run(117)) - a32408a4-f19d-4bad-97c5-ba33ae94fc9a@group-569FAC3F8BCE-FollowerState was interrupted: java.lang.InterruptedException: sleep interrupted
2019-10-16 21:55:53,084 [grpc-default-executor-1] INFO  impl.RoleInfo (RoleInfo.java:shutdownFollowerState(121)) - 6b24a2ab-97ee-4d49-85cc-2d76c2f4b8ef: shutdown FollowerState
2019-10-16 21:55:53,085 [grpc-default-executor-1] INFO  impl.RoleInfo (RoleInfo.java:updateAndGet(143)) - 6b24a2ab-97ee-4d49-85cc-2d76c2f4b8ef: start FollowerState
2019-10-16 21:55:53,085 [Thread-2933] INFO  impl.FollowerState (FollowerState.java:run(117)) - 6b24a2ab-97ee-4d49-85cc-2d76c2f4b8ef@group-569FAC3F8BCE-FollowerState was interrupted: java.lang.InterruptedException: sleep interrupted
2019-10-16 21:55:53,098 [277b5c5e-8c6f-4c9a-a53f-1bbc96404e12@group-569FAC3F8BCE-LeaderElection426] INFO  impl.LeaderElection (LeaderElection.java:logAndReturn(56)) - 277b5c5e-8c6f-4c9a-a53f-1bbc96404e12@group-569FAC3F8BCE-LeaderElection426: Election REJECTED; received 2 response(s) [277b5c5e-8c6f-4c9a-a53f-1bbc96404e12<-a32408a4-f19d-4bad-97c5-ba33ae94fc9a#0:FAIL-t447, 277b5c5e-8c6f-4c9a-a53f-1bbc96404e12<-6b24a2ab-97ee-4d49-85cc-2d76c2f4b8ef#0:FAIL-t447] and 0 exception(s); 277b5c5e-8c6f-4c9a-a53f-1bbc96404e12@group-569FAC3F8BCE:t447, leader=null, voted=277b5c5e-8c6f-4c9a-a53f-1bbc96404e12, raftlog=277b5c5e-8c6f-4c9a-a53f-1bbc96404e12@group-569FAC3F8BCE-SegmentedRaftLog:OPENED:c-1,f-1,i0, conf=-1: [a32408a4-f19d-4bad-97c5-ba33ae94fc9a:192.168.157.254:38721, 6b24a2ab-97ee-4d49-85cc-2d76c2f4b8ef:192.168.157.254:41080, 277b5c5e-8c6f-4c9a-a53f-1bbc96404e12:192.168.157.254:41416], old=null
2019-10-16 21:55:53,098 [277b5c5e-8c6f-4c9a-a53f-1bbc96404e12@group-569FAC3F8BCE-LeaderElection426] INFO  impl.RaftServerImpl (RaftServerImpl.java:setRole(184)) - 277b5c5e-8c6f-4c9a-a53f-1bbc96404e12@group-569FAC3F8BCE: changes role from CANDIDATE to FOLLOWER at term 447 for DISCOVERED_A_NEW_TERM
2019-10-16 21:55:53,098 [277b5c5e-8c6f-4c9a-a53f-1bbc96404e12@group-569FAC3F8BCE-LeaderElection426] INFO  impl.RoleInfo (RoleInfo.java:shutdownLeaderElection(134)) - 277b5c5e-8c6f-4c9a-a53f-1bbc96404e12: shutdown LeaderElection
2019-10-16 21:55:53,098 [277b5c5e-8c6f-4c9a-a53f-1bbc96404e12@group-569FAC3F8BCE-LeaderElection426] INFO  impl.RoleInfo (RoleInfo.java:updateAndGet(143)) - 277b5c5e-8c6f-4c9a-a53f-1bbc96404e12: start FollowerState
2019-10-16 21:55:53,107 [Thread-2940] INFO  impl.FollowerState (FollowerState.java:run(108)) - 277b5c5e-8c6f-4c9a-a53f-1bbc96404e12@group-569FAC3F8BCE-FollowerState: change to CANDIDATE, lastRpcTime:8ms, electionTimeout:8ms
2019-10-16 21:55:53,107 [Thread-2940] INFO  impl.RoleInfo (RoleInfo.java:shutdownFollowerState(121)) - 277b5c5e-8c6f-4c9a-a53f-1bbc96404e12: shutdown FollowerState
2019-10-16 21:55:53,107 [Thread-2940] INFO  impl.RaftServerImpl (RaftServerImpl.java:setRole(184)) - 277b5c5e-8c6f-4c9a-a53f-1bbc96404e12@group-569FAC3F8BCE: changes role from  FOLLOWER to CANDIDATE at term 447 for changeToCandidate
2019-10-16 21:55:53,107 [Thread-2940] INFO  impl.RoleInfo (RoleInfo.java:updateAndGet(143)) - 277b5c5e-8c6f-4c9a-a53f-1bbc96404e12: start LeaderElection
2019-10-16 21:55:53,132 [277b5c5e-8c6f-4c9a-a53f-1bbc96404e12@group-569FAC3F8BCE-LeaderElection427] INFO  impl.LeaderElection (LeaderElection.java:askForVotes(178)) - 277b5c5e-8c6f-4c9a-a53f-1bbc96404e12@group-569FAC3F8BCE-LeaderElection427: begin an election at term 448 for -1: [a32408a4-f19d-4bad-97c5-ba33ae94fc9a:192.168.157.254:38721, 6b24a2ab-97ee-4d49-85cc-2d76c2f4b8ef:192.168.157.254:41080, 277b5c5e-8c6f-4c9a-a53f-1bbc96404e12:192.168.157.254:41416], old=null
2019-10-16 21:55:53,134 [grpc-default-executor-0] INFO  impl.RaftServerImpl (RaftServerImpl.java:setRole(184)) - a32408a4-f19d-4bad-97c5-ba33ae94fc9a@group-569FAC3F8BCE: changes role from  FOLLOWER to FOLLOWER at term 448 for recognizeCandidate:277b5c5e-8c6f-4c9a-a53f-1bbc96404e12
2019-10-16 21:55:53,134 [grpc-default-executor-0] INFO  impl.RoleInfo (RoleInfo.java:shutdownFollowerState(121)) - a32408a4-f19d-4bad-97c5-ba33ae94fc9a: shutdown FollowerState
2019-10-16 21:55:53,134 [grpc-default-executor-1] INFO  impl.RaftServerImpl (RaftServerImpl.java:setRole(184)) - 6b24a2ab-97ee-4d49-85cc-2d76c2f4b8ef@group-569FAC3F8BCE: changes role from  FOLLOWER to FOLLOWER at term 448 for recognizeCandidate:277b5c5e-8c6f-4c9a-a53f-1bbc96404e12
2019-10-16 21:55:53,134 [Thread-2938] INFO  impl.FollowerState (FollowerState.java:run(117)) - a32408a4-f19d-4bad-97c5-ba33ae94fc9a@group-569FAC3F8BCE-FollowerState was interrupted: java.lang.InterruptedException: sleep interrupted
2019-10-16 21:55:53,134 [grpc-default-executor-0] INFO  impl.RoleInfo (RoleInfo.java:updateAndGet(143)) - a32408a4-f19d-4bad-97c5-ba33ae94fc9a: start FollowerState
2019-10-16 21:55:53,135 [grpc-default-executor-1] INFO  impl.RoleInfo (RoleInfo.java:shutdownFollowerState(121)) - 6b24a2ab-97ee-4d49-85cc-2d76c2f4b8ef: shutdown FollowerState
2019-10-16 21:55:53,135 [Thread-2939] INFO  impl.FollowerState (FollowerState.java:run(117)) - 6b24a2ab-97ee-4d49-85cc-2d76c2f4b8ef@group-569FAC3F8BCE-FollowerState was interrupted: java.lang.InterruptedException: sleep interrupted
2019-10-16 21:55:53,135 [grpc-default-executor-1] INFO  impl.RoleInfo (RoleInfo.java:updateAndGet(143)) - 6b24a2ab-97ee-4d49-85cc-2d76c2f4b8ef: start FollowerState
2019-10-16 21:55:53,161 [277b5c5e-8c6f-4c9a-a53f-1bbc96404e12@group-569FAC3F8BCE-LeaderElection427] INFO  impl.LeaderElection (LeaderElection.java:logAndReturn(56)) - 277b5c5e-8c6f-4c9a-a53f-1bbc96404e12@group-569FAC3F8BCE-LeaderElection427: Election REJECTED; received 2 response(s) [277b5c5e-8c6f-4c9a-a53f-1bbc96404e12<-6b24a2ab-97ee-4d49-85cc-2d76c2f4b8ef#0:FAIL-t448, 277b5c5e-8c6f-4c9a-a53f-1bbc96404e12<-a32408a4-f19d-4bad-97c5-ba33ae94fc9a#0:FAIL-t448] and 0 exception(s); 277b5c5e-8c6f-4c9a-a53f-1bbc96404e12@group-569FAC3F8BCE:t448, leader=null, voted=277b5c5e-8c6f-4c9a-a53f-1bbc96404e12, raftlog=277b5c5e-8c6f-4c9a-a53f-1bbc96404e12@group-569FAC3F8BCE-SegmentedRaftLog:OPENED:c-1,f-1,i0, conf=-1: [a32408a4-f19d-4bad-97c5-ba33ae94fc9a:192.168.157.254:38721, 6b24a2ab-97ee-4d49-85cc-2d76c2f4b8ef:192.168.157.254:41080, 277b5c5e-8c6f-4c9a-a53f-1bbc96404e12:192.168.157.254:41416], old=null
2019-10-16 21:55:53,161 [277b5c5e-8c6f-4c9a-a53f-1bbc96404e12@group-569FAC3F8BCE-LeaderElection427] INFO  impl.RaftServerImpl (RaftServerImpl.java:setRole(184)) - 277b5c5e-8c6f-4c9a-a53f-1bbc96404e12@group-569FAC3F8BCE: changes role from CANDIDATE to FOLLOWER at term 448 for DISCOVERED_A_NEW_TERM
2019-10-16 21:55:53,161 [277b5c5e-8c6f-4c9a-a53f-1bbc96404e12@group-569FAC3F8BCE-LeaderElection427] INFO  impl.RoleInfo (RoleInfo.java:shutdownLeaderElection(134)) - 277b5c5e-8c6f-4c9a-a53f-1bbc96404e12: shutdown LeaderElection
2019-10-16 21:55:53,161 [277b5c5e-8c6f-4c9a-a53f-1bbc96404e12@group-569FAC3F8BCE-LeaderElection427] INFO  impl.RoleInfo (RoleInfo.java:updateAndGet(143)) - 277b5c5e-8c6f-4c9a-a53f-1bbc96404e12: start FollowerState
2019-10-16 21:55:53,325 [Thread-2946] INFO  impl.FollowerState (FollowerState.java:run(108)) - 277b5c5e-8c6f-4c9a-a53f-1bbc96404e12@group-569FAC3F8BCE-FollowerState: change to CANDIDATE, lastRpcTime:164ms, electionTimeout:164ms
2019-10-16 21:55:53,325 [Thread-2946] INFO  impl.RoleInfo (RoleInfo.java:shutdownFollowerState(121)) - 277b5c5e-8c6f-4c9a-a53f-1bbc96404e12: shutdown FollowerState
2019-10-16 21:55:53,326 [Thread-2946] INFO  impl.RaftServerImpl (RaftServerImpl.java:setRole(184)) - 277b5c5e-8c6f-4c9a-a53f-1bbc96404e12@group-569FAC3F8BCE: changes role from  FOLLOWER to CANDIDATE at term 448 for changeToCandidate
2019-10-16 21:55:53,326 [Thread-2946] INFO  impl.RoleInfo (RoleInfo.java:updateAndGet(143)) - 277b5c5e-8c6f-4c9a-a53f-1bbc96404e12: start LeaderElection
2019-10-16 21:55:53,351 [277b5c5e-8c6f-4c9a-a53f-1bbc96404e12@group-569FAC3F8BCE-LeaderElection428] INFO  impl.LeaderElection (LeaderElection.java:askForVotes(178)) - 277b5c5e-8c6f-4c9a-a53f-1bbc96404e12@group-569FAC3F8BCE-LeaderElection428: begin an election at term 449 for -1: [a32408a4-f19d-4bad-97c5-ba33ae94fc9a:192.168.157.254:38721, 6b24a2ab-97ee-4d49-85cc-2d76c2f4b8ef:192.168.157.254:41080, 277b5c5e-8c6f-4c9a-a53f-1bbc96404e12:192.168.157.254:41416], old=null
2019-10-16 21:55:53,353 [grpc-default-executor-0] INFO  impl.RaftServerImpl (RaftServerImpl.java:setRole(184)) - 6b24a2ab-97ee-4d49-85cc-2d76c2f4b8ef@group-569FAC3F8BCE: changes role from  FOLLOWER to FOLLOWER at term 449 for recognizeCandidate:277b5c5e-8c6f-4c9a-a53f-1bbc96404e12
2019-10-16 21:55:53,353 [grpc-default-executor-1] INFO  impl.RaftServerImpl (RaftServerImpl.java:setRole(184)) - a32408a4-f19d-4bad-97c5-ba33ae94fc9a@group-569FAC3F8BCE: changes role from  FOLLOWER to FOLLOWER at term 449 for recognizeCandidate:277b5c5e-8c6f-4c9a-a53f-1bbc96404e12
2019-10-16 21:55:53,353 [grpc-default-executor-0] INFO  impl.RoleInfo (RoleInfo.java:shutdownFollowerState(121)) - 6b24a2ab-97ee-4d49-85cc-2d76c2f4b8ef: shutdown FollowerState
2019-10-16 21:55:53,353 [grpc-default-executor-1] INFO  impl.RoleInfo (RoleInfo.java:shutdownFollowerState(121)) - a32408a4-f19d-4bad-97c5-ba33ae94fc9a: shutdown FollowerState
2019-10-16 21:55:53,353 [Thread-2945] INFO  impl.FollowerState (FollowerState.java:run(117)) - 6b24a2ab-97ee-4d49-85cc-2d76c2f4b8ef@group-569FAC3F8BCE-FollowerState was interrupted: java.lang.InterruptedException: sleep interrupted
2019-10-16 21:55:53,354 [grpc-default-executor-1] INFO  impl.RoleInfo (RoleInfo.java:updateAndGet(143)) - a32408a4-f19d-4bad-97c5-ba33ae94fc9a: start FollowerState
2019-10-16 21:55:53,353 [grpc-default-executor-0] INFO  impl.RoleInfo (RoleInfo.java:updateAndGet(143)) - 6b24a2ab-97ee-4d49-85cc-2d76c2f4b8ef: start FollowerState
2019-10-16 21:55:53,354 [Thread-2944] INFO  impl.FollowerState (FollowerState.java:run(117)) - a32408a4-f19d-4bad-97c5-ba33ae94fc9a@group-569FAC3F8BCE-FollowerState was interrupted: java.lang.InterruptedException: sleep interrupted
2019-10-16 21:55:53,368 [277b5c5e-8c6f-4c9a-a53f-1bbc96404e12@group-569FAC3F8BCE-LeaderElection428] INFO  impl.LeaderElection (LeaderElection.java:logAndReturn(56)) - 277b5c5e-8c6f-4c9a-a53f-1bbc96404e12@group-569FAC3F8BCE-LeaderElection428: Election REJECTED; received 2 response(s) [277b5c5e-8c6f-4c9a-a53f-1bbc96404e12<-6b24a2ab-97ee-4d49-85cc-2d76c2f4b8ef#0:FAIL-t449, 277b5c5e-8c6f-4c9a-a53f-1bbc96404e12<-a32408a4-f19d-4bad-97c5-ba33ae94fc9a#0:FAIL-t449] and 0 exception(s); 277b5c5e-8c6f-4c9a-a53f-1bbc96404e12@group-569FAC3F8BCE:t449, leader=null, voted=277b5c5e-8c6f-4c9a-a53f-1bbc96404e12, raftlog=277b5c5e-8c6f-4c9a-a53f-1bbc96404e12@group-569FAC3F8BCE-SegmentedRaftLog:OPENED:c-1,f-1,i0, conf=-1: [a32408a4-f19d-4bad-97c5-ba33ae94fc9a:192.168.157.254:38721, 6b24a2ab-97ee-4d49-85cc-2d76c2f4b8ef:192.168.157.254:41080, 277b5c5e-8c6f-4c9a-a53f-1bbc96404e12:192.168.157.254:41416], old=null
2019-10-16 21:55:53,368 [277b5c5e-8c6f-4c9a-a53f-1bbc96404e12@group-569FAC3F8BCE-LeaderElection428] INFO  impl.RaftServerImpl (RaftServerImpl.java:setRole(184)) - 277b5c5e-8c6f-4c9a-a53f-1bbc96404e12@group-569FAC3F8BCE: changes role from CANDIDATE to FOLLOWER at term 449 for DISCOVERED_A_NEW_TERM
2019-10-16 21:55:53,369 [277b5c5e-8c6f-4c9a-a53f-1bbc96404e12@group-569FAC3F8BCE-LeaderElection428] INFO  impl.RoleInfo (RoleInfo.java:shutdownLeaderElection(134)) - 277b5c5e-8c6f-4c9a-a53f-1bbc96404e12: shutdown LeaderElection
2019-10-16 21:55:53,369 [277b5c5e-8c6f-4c9a-a53f-1bbc96404e12@group-569FAC3F8BCE-LeaderElection428] INFO  impl.RoleInfo (RoleInfo.java:updateAndGet(143)) - 277b5c5e-8c6f-4c9a-a53f-1bbc96404e12: start FollowerState
2019-10-16 21:55:53,402 [Thread-2952] INFO  impl.FollowerState (FollowerState.java:run(108)) - 277b5c5e-8c6f-4c9a-a53f-1bbc96404e12@group-569FAC3F8BCE-FollowerState: change to CANDIDATE, lastRpcTime:33ms, electionTimeout:33ms
2019-10-16 21:55:53,402 [Thread-2952] INFO  impl.RoleInfo (RoleInfo.java:shutdownFollowerState(121)) - 277b5c5e-8c6f-4c9a-a53f-1bbc96404e12: shutdown FollowerState
2019-10-16 21:55:53,402 [Thread-2952] INFO  impl.RaftServerImpl (RaftServerImpl.java:setRole(184)) - 277b5c5e-8c6f-4c9a-a53f-1bbc96404e12@group-569FAC3F8BCE: changes role from  FOLLOWER to CANDIDATE at term 449 for changeToCandidate
2019-10-16 21:55:53,402 [Thread-2952] INFO  impl.RoleInfo (RoleInfo.java:updateAndGet(143)) - 277b5c5e-8c6f-4c9a-a53f-1bbc96404e12: start LeaderElection
2019-10-16 21:55:53,416 [277b5c5e-8c6f-4c9a-a53f-1bbc96404e12@group-569FAC3F8BCE-LeaderElection429] INFO  impl.LeaderElection (LeaderElection.java:askForVotes(178)) - 277b5c5e-8c6f-4c9a-a53f-1bbc96404e12@group-569FAC3F8BCE-LeaderElection429: begin an election at term 450 for -1: [a32408a4-f19d-4bad-97c5-ba33ae94fc9a:192.168.157.254:38721, 6b24a2ab-97ee-4d49-85cc-2d76c2f4b8ef:192.168.157.254:41080, 277b5c5e-8c6f-4c9a-a53f-1bbc96404e12:192.168.157.254:41416], old=null
2019-10-16 21:55:53,418 [grpc-default-executor-0] INFO  impl.RaftServerImpl (RaftServerImpl.java:setRole(184)) - a32408a4-f19d-4bad-97c5-ba33ae94fc9a@group-569FAC3F8BCE: changes role from  FOLLOWER to FOLLOWER at term 450 for recognizeCandidate:277b5c5e-8c6f-4c9a-a53f-1bbc96404e12
2019-10-16 21:55:53,418 [grpc-default-executor-0] INFO  impl.RoleInfo (RoleInfo.java:shutdownFollowerState(121)) - a32408a4-f19d-4bad-97c5-ba33ae94fc9a: shutdown FollowerState
2019-10-16 21:55:53,418 [grpc-default-executor-1] INFO  impl.RaftServerImpl (RaftServerImpl.java:setRole(184)) - 6b24a2ab-97ee-4d49-85cc-2d76c2f4b8ef@group-569FAC3F8BCE: changes role from  FOLLOWER to FOLLOWER at term 450 for recognizeCandidate:277b5c5e-8c6f-4c9a-a53f-1bbc96404e12
2019-10-16 21:55:53,418 [Thread-2951] INFO  impl.FollowerState (FollowerState.java:run(117)) - a32408a4-f19d-4bad-97c5-ba33ae94fc9a@group-569FAC3F8BCE-FollowerState was interrupted: java.lang.InterruptedException: sleep interrupted
2019-10-16 21:55:53,418 [grpc-default-executor-0] INFO  impl.RoleInfo (RoleInfo.java:updateAndGet(143)) - a32408a4-f19d-4bad-97c5-ba33ae94fc9a: start FollowerState
2019-10-16 21:55:53,418 [grpc-default-executor-1] INFO  impl.RoleInfo (RoleInfo.java:shutdownFollowerState(121)) - 6b24a2ab-97ee-4d49-85cc-2d76c2f4b8ef: shutdown FollowerState
2019-10-16 21:55:53,419 [grpc-default-executor-1] INFO  impl.RoleInfo (RoleInfo.java:updateAndGet(143)) - 6b24a2ab-97ee-4d49-85cc-2d76c2f4b8ef: start FollowerState
2019-10-16 21:55:53,419 [Thread-2950] INFO  impl.FollowerState (FollowerState.java:run(117)) - 6b24a2ab-97ee-4d49-85cc-2d76c2f4b8ef@group-569FAC3F8BCE-FollowerState was interrupted: java.lang.InterruptedException: sleep interrupted
2019-10-16 21:55:53,445 [277b5c5e-8c6f-4c9a-a53f-1bbc96404e12@group-569FAC3F8BCE-LeaderElection429] INFO  impl.LeaderElection (LeaderElection.java:logAndReturn(56)) - 277b5c5e-8c6f-4c9a-a53f-1bbc96404e12@group-569FAC3F8BCE-LeaderElection429: Election REJECTED; received 2 response(s) [277b5c5e-8c6f-4c9a-a53f-1bbc96404e12<-a32408a4-f19d-4bad-97c5-ba33ae94fc9a#0:FAIL-t450, 277b5c5e-8c6f-4c9a-a53f-1bbc96404e12<-6b24a2ab-97ee-4d49-85cc-2d76c2f4b8ef#0:FAIL-t450] and 0 exception(s); 277b5c5e-8c6f-4c9a-a53f-1bbc96404e12@group-569FAC3F8BCE:t450, leader=null, voted=277b5c5e-8c6f-4c9a-a53f-1bbc96404e12, raftlog=277b5c5e-8c6f-4c9a-a53f-1bbc96404e12@group-569FAC3F8BCE-SegmentedRaftLog:OPENED:c-1,f-1,i0, conf=-1: [a32408a4-f19d-4bad-97c5-ba33ae94fc9a:192.168.157.254:38721, 6b24a2ab-97ee-4d49-85cc-2d76c2f4b8ef:192.168.157.254:41080, 277b5c5e-8c6f-4c9a-a53f-1bbc96404e12:192.168.157.254:41416], old=null
2019-10-16 21:55:53,445 [277b5c5e-8c6f-4c9a-a53f-1bbc96404e12@group-569FAC3F8BCE-LeaderElection429] INFO  impl.RaftServerImpl (RaftServerImpl.java:setRole(184)) - 277b5c5e-8c6f-4c9a-a53f-1bbc96404e12@group-569FAC3F8BCE: changes role from CANDIDATE to FOLLOWER at term 450 for DISCOVERED_A_NEW_TERM
2019-10-16 21:55:53,445 [277b5c5e-8c6f-4c9a-a53f-1bbc96404e12@group-569FAC3F8BCE-LeaderElection429] INFO  impl.RoleInfo (RoleInfo.java:shutdownLeaderElection(134)) - 277b5c5e-8c6f-4c9a-a53f-1bbc96404e12: shutdown LeaderElection
2019-10-16 21:55:53,445 [277b5c5e-8c6f-4c9a-a53f-1bbc96404e12@group-569FAC3F8BCE-LeaderElection429] INFO  impl.RoleInfo (RoleInfo.java:updateAndGet(143)) - 277b5c5e-8c6f-4c9a-a53f-1bbc96404e12: start FollowerState
2019-10-16 21:55:53,488 [Thread-2958] INFO  impl.FollowerState (FollowerState.java:run(108)) - 277b5c5e-8c6f-4c9a-a53f-1bbc96404e12@group-569FAC3F8BCE-FollowerState: change to CANDIDATE, lastRpcTime:42ms, electionTimeout:42ms
2019-10-16 21:55:53,488 [Thread-2958] INFO  impl.RoleInfo (RoleInfo.java:shutdownFollowerState(121)) - 277b5c5e-8c6f-4c9a-a53f-1bbc96404e12: shutdown FollowerState
2019-10-16 21:55:53,488 [Thread-2958] INFO  impl.RaftServerImpl (RaftServerImpl.java:setRole(184)) - 277b5c5e-8c6f-4c9a-a53f-1bbc96404e12@group-569FAC3F8BCE: changes role from  FOLLOWER to CANDIDATE at term 450 for changeToCandidate
2019-10-16 21:55:53,488 [Thread-2958] INFO  impl.RoleInfo (RoleInfo.java:updateAndGet(143)) - 277b5c5e-8c6f-4c9a-a53f-1bbc96404e12: start LeaderElection
2019-10-16 21:55:53,501 [277b5c5e-8c6f-4c9a-a53f-1bbc96404e12@group-569FAC3F8BCE-LeaderElection430] INFO  impl.LeaderElection (LeaderElection.java:askForVotes(178)) - 277b5c5e-8c6f-4c9a-a53f-1bbc96404e12@group-569FAC3F8BCE-LeaderElection430: begin an election at term 451 for -1: [a32408a4-f19d-4bad-97c5-ba33ae94fc9a:192.168.157.254:38721, 6b24a2ab-97ee-4d49-85cc-2d76c2f4b8ef:192.168.157.254:41080, 277b5c5e-8c6f-4c9a-a53f-1bbc96404e12:192.168.157.254:41416], old=null
2019-10-16 21:55:53,503 [grpc-default-executor-1] INFO  impl.RaftServerImpl (RaftServerImpl.java:setRole(184)) - a32408a4-f19d-4bad-97c5-ba33ae94fc9a@group-569FAC3F8BCE: changes role from  FOLLOWER to FOLLOWER at term 451 for recognizeCandidate:277b5c5e-8c6f-4c9a-a53f-1bbc96404e12
2019-10-16 21:55:53,503 [grpc-default-executor-0] INFO  impl.RaftServerImpl (RaftServerImpl.java:setRole(184)) - 6b24a2ab-97ee-4d49-85cc-2d76c2f4b8ef@group-569FAC3F8BCE: changes role from  FOLLOWER to FOLLOWER at term 451 for recognizeCandidate:277b5c5e-8c6f-4c9a-a53f-1bbc96404e12
2019-10-16 21:55:53,503 [grpc-default-executor-0] INFO  impl.RoleInfo (RoleInfo.java:shutdownFollowerState(121)) - 6b24a2ab-97ee-4d49-85cc-2d76c2f4b8ef: shutdown FollowerState
2019-10-16 21:55:53,503 [grpc-default-executor-1] INFO  impl.RoleInfo (RoleInfo.java:shutdownFollowerState(121)) - a32408a4-f19d-4bad-97c5-ba33ae94fc9a: shutdown FollowerState
2019-10-16 21:55:53,503 [grpc-default-executor-0] INFO  impl.RoleInfo (RoleInfo.java:updateAndGet(143)) - 6b24a2ab-97ee-4d49-85cc-2d76c2f4b8ef: start FollowerState
2019-10-16 21:55:53,503 [Thread-2957] INFO  impl.FollowerState (FollowerState.java:run(117)) - 6b24a2ab-97ee-4d49-85cc-2d76c2f4b8ef@group-569FAC3F8BCE-FollowerState was interrupted: java.lang.InterruptedException: sleep interrupted
2019-10-16 21:55:53,503 [Thread-2956] INFO  impl.FollowerState (FollowerState.java:run(117)) - a32408a4-f19d-4bad-97c5-ba33ae94fc9a@group-569FAC3F8BCE-FollowerState was interrupted: java.lang.InterruptedException: sleep interrupted
2019-10-16 21:55:53,503 [grpc-default-executor-1] INFO  impl.RoleInfo (RoleInfo.java:updateAndGet(143)) - a32408a4-f19d-4bad-97c5-ba33ae94fc9a: start FollowerState
2019-10-16 21:55:53,529 [277b5c5e-8c6f-4c9a-a53f-1bbc96404e12@group-569FAC3F8BCE-LeaderElection430] INFO  impl.LeaderElection (LeaderElection.java:logAndReturn(56)) - 277b5c5e-8c6f-4c9a-a53f-1bbc96404e12@group-569FAC3F8BCE-LeaderElection430: Election REJECTED; received 2 response(s) [277b5c5e-8c6f-4c9a-a53f-1bbc96404e12<-a32408a4-f19d-4bad-97c5-ba33ae94fc9a#0:FAIL-t451, 277b5c5e-8c6f-4c9a-a53f-1bbc96404e12<-6b24a2ab-97ee-4d49-85cc-2d76c2f4b8ef#0:FAIL-t451] and 0 exception(s); 277b5c5e-8c6f-4c9a-a53f-1bbc96404e12@group-569FAC3F8BCE:t451, leader=null, voted=277b5c5e-8c6f-4c9a-a53f-1bbc96404e12, raftlog=277b5c5e-8c6f-4c9a-a53f-1bbc96404e12@group-569FAC3F8BCE-SegmentedRaftLog:OPENED:c-1,f-1,i0, conf=-1: [a32408a4-f19d-4bad-97c5-ba33ae94fc9a:192.168.157.254:38721, 6b24a2ab-97ee-4d49-85cc-2d76c2f4b8ef:192.168.157.254:41080, 277b5c5e-8c6f-4c9a-a53f-1bbc96404e12:192.168.157.254:41416], old=null
2019-10-16 21:55:53,529 [277b5c5e-8c6f-4c9a-a53f-1bbc96404e12@group-569FAC3F8BCE-LeaderElection430] INFO  impl.RaftServerImpl (RaftServerImpl.java:setRole(184)) - 277b5c5e-8c6f-4c9a-a53f-1bbc96404e12@group-569FAC3F8BCE: changes role from CANDIDATE to FOLLOWER at term 451 for DISCOVERED_A_NEW_TERM
2019-10-16 21:55:53,529 [277b5c5e-8c6f-4c9a-a53f-1bbc96404e12@group-569FAC3F8BCE-LeaderElection430] INFO  impl.RoleInfo (RoleInfo.java:shutdownLeaderElection(134)) - 277b5c5e-8c6f-4c9a-a53f-1bbc96404e12: shutdown LeaderElection
2019-10-16 21:55:53,529 [277b5c5e-8c6f-4c9a-a53f-1bbc96404e12@group-569FAC3F8BCE-LeaderElection430] INFO  impl.RoleInfo (RoleInfo.java:updateAndGet(143)) - 277b5c5e-8c6f-4c9a-a53f-1bbc96404e12: start FollowerState
2019-10-16 21:55:53,596 [Thread-2964] INFO  impl.FollowerState (FollowerState.java:run(108)) - 277b5c5e-8c6f-4c9a-a53f-1bbc96404e12@group-569FAC3F8BCE-FollowerState: change to CANDIDATE, lastRpcTime:66ms, electionTimeout:66ms
2019-10-16 21:55:53,596 [Thread-2964] INFO  impl.RoleInfo (RoleInfo.java:shutdownFollowerState(121)) - 277b5c5e-8c6f-4c9a-a53f-1bbc96404e12: shutdown FollowerState
2019-10-16 21:55:53,596 [Thread-2964] INFO  impl.RaftServerImpl (RaftServerImpl.java:setRole(184)) - 277b5c5e-8c6f-4c9a-a53f-1bbc96404e12@group-569FAC3F8BCE: changes role from  FOLLOWER to CANDIDATE at term 451 for changeToCandidate
2019-10-16 21:55:53,596 [Thread-2964] INFO  impl.RoleInfo (RoleInfo.java:updateAndGet(143)) - 277b5c5e-8c6f-4c9a-a53f-1bbc96404e12: start LeaderElection
2019-10-16 21:55:53,609 [277b5c5e-8c6f-4c9a-a53f-1bbc96404e12@group-569FAC3F8BCE-LeaderElection431] INFO  impl.LeaderElection (LeaderElection.java:askForVotes(178)) - 277b5c5e-8c6f-4c9a-a53f-1bbc96404e12@group-569FAC3F8BCE-LeaderElection431: begin an election at term 452 for -1: [a32408a4-f19d-4bad-97c5-ba33ae94fc9a:192.168.157.254:38721, 6b24a2ab-97ee-4d49-85cc-2d76c2f4b8ef:192.168.157.254:41080, 277b5c5e-8c6f-4c9a-a53f-1bbc96404e12:192.168.157.254:41416], old=null
2019-10-16 21:55:53,611 [grpc-default-executor-0] INFO  impl.RaftServerImpl (RaftServerImpl.java:setRole(184)) - a32408a4-f19d-4bad-97c5-ba33ae94fc9a@group-569FAC3F8BCE: changes role from  FOLLOWER to FOLLOWER at term 452 for recognizeCandidate:277b5c5e-8c6f-4c9a-a53f-1bbc96404e12
2019-10-16 21:55:53,611 [grpc-default-executor-0] INFO  impl.RoleInfo (RoleInfo.java:shutdownFollowerState(121)) - a32408a4-f19d-4bad-97c5-ba33ae94fc9a: shutdown FollowerState
2019-10-16 21:55:53,611 [grpc-default-executor-1] INFO  impl.RaftServerImpl (RaftServerImpl.java:setRole(184)) - 6b24a2ab-97ee-4d49-85cc-2d76c2f4b8ef@group-569FAC3F8BCE: changes role from  FOLLOWER to FOLLOWER at term 452 for recognizeCandidate:277b5c5e-8c6f-4c9a-a53f-1bbc96404e12
2019-10-16 21:55:53,611 [Thread-2963] INFO  impl.FollowerState (FollowerState.java:run(117)) - a32408a4-f19d-4bad-97c5-ba33ae94fc9a@group-569FAC3F8BCE-FollowerState was interrupted: java.lang.InterruptedException: sleep interrupted
2019-10-16 21:55:53,611 [grpc-default-executor-0] INFO  impl.RoleInfo (RoleInfo.java:updateAndGet(143)) - a32408a4-f19d-4bad-97c5-ba33ae94fc9a: start FollowerState
2019-10-16 21:55:53,611 [grpc-default-executor-1] INFO  impl.RoleInfo (RoleInfo.java:shutdownFollowerState(121)) - 6b24a2ab-97ee-4d49-85cc-2d76c2f4b8ef: shutdown FollowerState
2019-10-16 21:55:53,612 [grpc-default-executor-1] INFO  impl.RoleInfo (RoleInfo.java:updateAndGet(143)) - 6b24a2ab-97ee-4d49-85cc-2d76c2f4b8ef: start FollowerState
2019-10-16 21:55:53,612 [Thread-2962] INFO  impl.FollowerState (FollowerState.java:run(117)) - 6b24a2ab-97ee-4d49-85cc-2d76c2f4b8ef@group-569FAC3F8BCE-FollowerState was interrupted: java.lang.InterruptedException: sleep interrupted
2019-10-16 21:55:53,638 [277b5c5e-8c6f-4c9a-a53f-1bbc96404e12@group-569FAC3F8BCE-LeaderElection431] INFO  impl.LeaderElection (LeaderElection.java:logAndReturn(56)) - 277b5c5e-8c6f-4c9a-a53f-1bbc96404e12@group-569FAC3F8BCE-LeaderElection431: Election REJECTED; received 2 response(s) [277b5c5e-8c6f-4c9a-a53f-1bbc96404e12<-a32408a4-f19d-4bad-97c5-ba33ae94fc9a#0:FAIL-t452, 277b5c5e-8c6f-4c9a-a53f-1bbc96404e12<-6b24a2ab-97ee-4d49-85cc-2d76c2f4b8ef#0:FAIL-t452] and 0 exception(s); 277b5c5e-8c6f-4c9a-a53f-1bbc96404e12@group-569FAC3F8BCE:t452, leader=null, voted=277b5c5e-8c6f-4c9a-a53f-1bbc96404e12, raftlog=277b5c5e-8c6f-4c9a-a53f-1bbc96404e12@group-569FAC3F8BCE-SegmentedRaftLog:OPENED:c-1,f-1,i0, conf=-1: [a32408a4-f19d-4bad-97c5-ba33ae94fc9a:192.168.157.254:38721, 6b24a2ab-97ee-4d49-85cc-2d76c2f4b8ef:192.168.157.254:41080, 277b5c5e-8c6f-4c9a-a53f-1bbc96404e12:192.168.157.254:41416], old=null
2019-10-16 21:55:53,638 [277b5c5e-8c6f-4c9a-a53f-1bbc96404e12@group-569FAC3F8BCE-LeaderElection431] INFO  impl.RaftServerImpl (RaftServerImpl.java:setRole(184)) - 277b5c5e-8c6f-4c9a-a53f-1bbc96404e12@group-569FAC3F8BCE: changes role from CANDIDATE to FOLLOWER at term 452 for DISCOVERED_A_NEW_TERM
2019-10-16 21:55:53,638 [277b5c5e-8c6f-4c9a-a53f-1bbc96404e12@group-569FAC3F8BCE-LeaderElection431] INFO  impl.RoleInfo (RoleInfo.java:shutdownLeaderElection(134)) - 277b5c5e-8c6f-4c9a-a53f-1bbc96404e12: shutdown LeaderElection
2019-10-16 21:55:53,638 [277b5c5e-8c6f-4c9a-a53f-1bbc96404e12@group-569FAC3F8BCE-LeaderElection431] INFO  impl.RoleInfo (RoleInfo.java:updateAndGet(143)) - 277b5c5e-8c6f-4c9a-a53f-1bbc96404e12: start FollowerState
2019-10-16 21:55:53,719 [Thread-0] INFO  ozoneimpl.OzoneContainer (OzoneContainer.java:stop(227)) - Attempting to stop container services.
2019-10-16 21:55:53,719 [ForkJoinPool.commonPool-worker-0] INFO  ozoneimpl.OzoneContainer (OzoneContainer.java:stop(227)) - Attempting to stop container services.
2019-10-16 21:55:53,720 [Thread-0] INFO  impl.RaftServerProxy (RaftServerProxy.java:lambda$close$4(314)) - a32408a4-f19d-4bad-97c5-ba33ae94fc9a: close
2019-10-16 21:55:53,720 [ForkJoinPool.commonPool-worker-0] INFO  impl.RaftServerProxy (RaftServerProxy.java:lambda$close$4(314)) - 277b5c5e-8c6f-4c9a-a53f-1bbc96404e12: close
2019-10-16 21:55:53,721 [Thread-0] INFO  impl.RaftServerImpl (RaftServerImpl.java:lambda$shutdown$3(261)) - a32408a4-f19d-4bad-97c5-ba33ae94fc9a@group-569FAC3F8BCE: shutdown
2019-10-16 21:55:53,721 [ForkJoinPool.commonPool-worker-0] INFO  impl.RaftServerImpl (RaftServerImpl.java:lambda$shutdown$3(261)) - 277b5c5e-8c6f-4c9a-a53f-1bbc96404e12@group-0DB353E2D887: shutdown
2019-10-16 21:55:53,722 [Thread-0] INFO  util.JmxRegister (JmxRegister.java:unregister(73)) - Successfully un-registered JMX Bean with object name Ratis:service=RaftServer,group=group-569FAC3F8BCE,id=a32408a4-f19d-4bad-97c5-ba33ae94fc9a
2019-10-16 21:55:53,722 [Thread-0] INFO  impl.RoleInfo (RoleInfo.java:shutdownFollowerState(121)) - a32408a4-f19d-4bad-97c5-ba33ae94fc9a: shutdown FollowerState
2019-10-16 21:55:53,722 [ForkJoinPool.commonPool-worker-0] INFO  util.JmxRegister (JmxRegister.java:unregister(73)) - Successfully un-registered JMX Bean with object name Ratis:service=RaftServer,group=group-0DB353E2D887,id=277b5c5e-8c6f-4c9a-a53f-1bbc96404e12
2019-10-16 21:55:53,723 [Thread-0] INFO  impl.StateMachineUpdater (StateMachineUpdater.java:stopAndJoin(136)) - a32408a4-f19d-4bad-97c5-ba33ae94fc9a@group-569FAC3F8BCE-StateMachineUpdater: set stopIndex = -1
2019-10-16 21:55:53,724 [Thread-0] INFO  impl.RaftServerImpl (ServerState.java:close(388)) - a32408a4-f19d-4bad-97c5-ba33ae94fc9a@group-569FAC3F8BCE: closes. applyIndex: -1
2019-10-16 21:55:53,723 [Thread-2968] INFO  impl.FollowerState (FollowerState.java:run(117)) - a32408a4-f19d-4bad-97c5-ba33ae94fc9a@group-569FAC3F8BCE-FollowerState was interrupted: java.lang.InterruptedException: sleep interrupted
2019-10-16 21:55:53,724 [ForkJoinPool.commonPool-worker-0] INFO  impl.RoleInfo (RoleInfo.java:shutdownLeaderState(104)) - 277b5c5e-8c6f-4c9a-a53f-1bbc96404e12: shutdown LeaderState
2019-10-16 21:55:53,725 [a32408a4-f19d-4bad-97c5-ba33ae94fc9a@group-569FAC3F8BCE-SegmentedRaftLogWorker] INFO  segmented.SegmentedRaftLogWorker (SegmentedRaftLogWorker.java:run(316)) - a32408a4-f19d-4bad-97c5-ba33ae94fc9a@group-569FAC3F8BCE-SegmentedRaftLogWorker was interrupted, exiting. There are 0 tasks remaining in the queue.
2019-10-16 21:55:53,726 [ForkJoinPool.commonPool-worker-0] INFO  impl.PendingRequests (PendingRequests.java:sendNotLeaderResponses(202)) - 277b5c5e-8c6f-4c9a-a53f-1bbc96404e12@group-0DB353E2D887-PendingRequests: sendNotLeaderResponses
2019-10-16 21:55:53,726 [Thread-0] INFO  segmented.SegmentedRaftLogWorker (SegmentedRaftLogWorker.java:close(224)) - a32408a4-f19d-4bad-97c5-ba33ae94fc9a@group-569FAC3F8BCE-SegmentedRaftLogWorker close()
2019-10-16 21:55:53,726 [ForkJoinPool.commonPool-worker-0] INFO  impl.StateMachineUpdater (StateMachineUpdater.java:stopAndJoin(136)) - 277b5c5e-8c6f-4c9a-a53f-1bbc96404e12@group-0DB353E2D887-StateMachineUpdater: set stopIndex = 0
2019-10-16 21:55:53,728 [Thread-0] INFO  impl.RaftServerImpl (RaftServerImpl.java:lambda$shutdown$3(261)) - a32408a4-f19d-4bad-97c5-ba33ae94fc9a@group-5A78A96270F8: shutdown
2019-10-16 21:55:53,729 [Thread-0] INFO  util.JmxRegister (JmxRegister.java:unregister(73)) - Successfully un-registered JMX Bean with object name Ratis:service=RaftServer,group=group-5A78A96270F8,id=a32408a4-f19d-4bad-97c5-ba33ae94fc9a
2019-10-16 21:55:53,729 [ForkJoinPool.commonPool-worker-0] INFO  impl.RaftServerImpl (ServerState.java:close(388)) - 277b5c5e-8c6f-4c9a-a53f-1bbc96404e12@group-0DB353E2D887: closes. applyIndex: 0
2019-10-16 21:55:53,729 [Thread-0] INFO  impl.RoleInfo (RoleInfo.java:shutdownLeaderState(104)) - a32408a4-f19d-4bad-97c5-ba33ae94fc9a: shutdown LeaderState
2019-10-16 21:55:53,729 [277b5c5e-8c6f-4c9a-a53f-1bbc96404e12@group-0DB353E2D887-SegmentedRaftLogWorker] INFO  segmented.SegmentedRaftLogWorker (SegmentedRaftLogWorker.java:run(316)) - 277b5c5e-8c6f-4c9a-a53f-1bbc96404e12@group-0DB353E2D887-SegmentedRaftLogWorker was interrupted, exiting. There are 0 tasks remaining in the queue.
2019-10-16 21:55:53,729 [Thread-0] INFO  impl.PendingRequests (PendingRequests.java:sendNotLeaderResponses(202)) - a32408a4-f19d-4bad-97c5-ba33ae94fc9a@group-5A78A96270F8-PendingRequests: sendNotLeaderResponses
2019-10-16 21:55:53,730 [ForkJoinPool.commonPool-worker-0] INFO  segmented.SegmentedRaftLogWorker (SegmentedRaftLogWorker.java:close(224)) - 277b5c5e-8c6f-4c9a-a53f-1bbc96404e12@group-0DB353E2D887-SegmentedRaftLogWorker close()
2019-10-16 21:55:53,730 [Thread-0] INFO  impl.StateMachineUpdater (StateMachineUpdater.java:stopAndJoin(136)) - a32408a4-f19d-4bad-97c5-ba33ae94fc9a@group-5A78A96270F8-StateMachineUpdater: set stopIndex = 0
2019-10-16 21:55:53,732 [ForkJoinPool.commonPool-worker-0] INFO  impl.RaftServerImpl (RaftServerImpl.java:lambda$shutdown$3(261)) - 277b5c5e-8c6f-4c9a-a53f-1bbc96404e12@group-569FAC3F8BCE: shutdown
2019-10-16 21:55:53,732 [Thread-0] INFO  impl.RaftServerImpl (ServerState.java:close(388)) - a32408a4-f19d-4bad-97c5-ba33ae94fc9a@group-5A78A96270F8: closes. applyIndex: 0
2019-10-16 21:55:53,732 [ForkJoinPool.commonPool-worker-0] INFO  util.JmxRegister (JmxRegister.java:unregister(73)) - Successfully un-registered JMX Bean with object name Ratis:service=RaftServer,group=group-569FAC3F8BCE,id=277b5c5e-8c6f-4c9a-a53f-1bbc96404e12
2019-10-16 21:55:53,733 [ForkJoinPool.commonPool-worker-0] INFO  impl.RoleInfo (RoleInfo.java:shutdownFollowerState(121)) - 277b5c5e-8c6f-4c9a-a53f-1bbc96404e12: shutdown FollowerState
2019-10-16 21:55:53,733 [a32408a4-f19d-4bad-97c5-ba33ae94fc9a@group-5A78A96270F8-SegmentedRaftLogWorker] INFO  segmented.SegmentedRaftLogWorker (SegmentedRaftLogWorker.java:run(316)) - a32408a4-f19d-4bad-97c5-ba33ae94fc9a@group-5A78A96270F8-SegmentedRaftLogWorker was interrupted, exiting. There are 0 tasks remaining in the queue.
2019-10-16 21:55:53,733 [Thread-2970] INFO  impl.FollowerState (FollowerState.java:run(117)) - 277b5c5e-8c6f-4c9a-a53f-1bbc96404e12@group-569FAC3F8BCE-FollowerState was interrupted: java.lang.InterruptedException: sleep interrupted
2019-10-16 21:55:53,733 [ForkJoinPool.commonPool-worker-0] INFO  impl.StateMachineUpdater (StateMachineUpdater.java:stopAndJoin(136)) - 277b5c5e-8c6f-4c9a-a53f-1bbc96404e12@group-569FAC3F8BCE-StateMachineUpdater: set stopIndex = -1
2019-10-16 21:55:53,734 [ForkJoinPool.commonPool-worker-0] INFO  impl.RaftServerImpl (ServerState.java:close(388)) - 277b5c5e-8c6f-4c9a-a53f-1bbc96404e12@group-569FAC3F8BCE: closes. applyIndex: -1
2019-10-16 21:55:53,734 [277b5c5e-8c6f-4c9a-a53f-1bbc96404e12@group-569FAC3F8BCE-SegmentedRaftLogWorker] INFO  segmented.SegmentedRaftLogWorker (SegmentedRaftLogWorker.java:run(316)) - 277b5c5e-8c6f-4c9a-a53f-1bbc96404e12@group-569FAC3F8BCE-SegmentedRaftLogWorker was interrupted, exiting. There are 0 tasks remaining in the queue.
2019-10-16 21:55:53,735 [ForkJoinPool.commonPool-worker-0] INFO  segmented.SegmentedRaftLogWorker (SegmentedRaftLogWorker.java:close(224)) - 277b5c5e-8c6f-4c9a-a53f-1bbc96404e12@group-569FAC3F8BCE-SegmentedRaftLogWorker close()
2019-10-16 21:55:53,737 [ForkJoinPool.commonPool-worker-0] INFO  server.GrpcService (GrpcService.java:closeImpl(164)) - 277b5c5e-8c6f-4c9a-a53f-1bbc96404e12: shutdown server with port 41416 now
2019-10-16 21:55:53,737 [Thread-0] INFO  segmented.SegmentedRaftLogWorker (SegmentedRaftLogWorker.java:close(224)) - a32408a4-f19d-4bad-97c5-ba33ae94fc9a@group-5A78A96270F8-SegmentedRaftLogWorker close()
2019-10-16 21:55:53,738 [Thread-0] INFO  server.GrpcService (GrpcService.java:closeImpl(164)) - a32408a4-f19d-4bad-97c5-ba33ae94fc9a: shutdown server with port 38721 now
2019-10-16 21:55:53,742 [Thread-0] INFO  server.GrpcService (GrpcService.java:closeImpl(172)) - a32408a4-f19d-4bad-97c5-ba33ae94fc9a: shutdown server with port 38721 successfully
2019-10-16 21:55:53,745 [ForkJoinPool.commonPool-worker-0] INFO  server.GrpcService (GrpcService.java:closeImpl(172)) - 277b5c5e-8c6f-4c9a-a53f-1bbc96404e12: shutdown server with port 41416 successfully
2019-10-16 21:55:53,746 [refreshUsed-/workdir/hadoop-ozone/ozonefs/target/test-dir/MiniOzoneClusterImpl-bd2adbcd-a8bb-4b9e-9c25-f9aa9b2c6882/datanode-1/data/containers] WARN  fs.CachingGetSpaceUsed (CachingGetSpaceUsed.java:run(183)) - Thread Interrupted waiting to refresh disk information: sleep interrupted
2019-10-16 21:55:53,746 [refreshUsed-/workdir/hadoop-ozone/ozonefs/target/test-dir/MiniOzoneClusterImpl-bd2adbcd-a8bb-4b9e-9c25-f9aa9b2c6882/datanode-0/data/containers] WARN  fs.CachingGetSpaceUsed (CachingGetSpaceUsed.java:run(183)) - Thread Interrupted waiting to refresh disk information: sleep interrupted
2019-10-16 21:55:53,777 [ForkJoinPool.commonPool-worker-0] INFO  utils.BackgroundService (BackgroundService.java:shutdown(151)) - Shutting down service BlockDeletingService
2019-10-16 21:55:53,779 [ForkJoinPool.commonPool-worker-0] INFO  statemachine.DatanodeStateMachine (DatanodeStateMachine.java:stopDaemon(395)) - Ozone container server stopped.
2019-10-16 21:55:53,781 [ForkJoinPool.commonPool-worker-0] INFO  handler.ContextHandler (ContextHandler.java:doStop(910)) - Stopped o.e.j.w.WebAppContext@23ec2e9b{/,null,UNAVAILABLE}{/hddsDatanode}
2019-10-16 21:55:53,782 [ForkJoinPool.commonPool-worker-0] INFO  server.AbstractConnector (AbstractConnector.java:doStop(318)) - Stopped ServerConnector@16c290b7{HTTP/1.1,[http/1.1]}{0.0.0.0:0}
2019-10-16 21:55:53,782 [ForkJoinPool.commonPool-worker-0] INFO  handler.ContextHandler (ContextHandler.java:doStop(910)) - Stopped o.e.j.s.ServletContextHandler@43865c4c{/static,jar:file:/home/user/.m2/repository/org/apache/hadoop/hadoop-hdds-container-service/0.5.0-SNAPSHOT/hadoop-hdds-container-service-0.5.0-SNAPSHOT.jar!/webapps/static,UNAVAILABLE}
2019-10-16 21:55:53,783 [ForkJoinPool.commonPool-worker-0] INFO  handler.ContextHandler (ContextHandler.java:doStop(910)) - Stopped o.e.j.s.ServletContextHandler@5dfc1d17{/logs,file:///workdir/hadoop-ozone/ozonefs/target/log,UNAVAILABLE}
2019-10-16 21:55:53,783 [Thread-0] INFO  utils.BackgroundService (BackgroundService.java:shutdown(151)) - Shutting down service BlockDeletingService
2019-10-16 21:55:53,785 [Thread-0] INFO  statemachine.DatanodeStateMachine (DatanodeStateMachine.java:stopDaemon(395)) - Ozone container server stopped.
2019-10-16 21:55:53,786 [Thread-0] INFO  handler.ContextHandler (ContextHandler.java:doStop(910)) - Stopped o.e.j.w.WebAppContext@cd144c6{/,null,UNAVAILABLE}{/hddsDatanode}
2019-10-16 21:55:53,786 [Thread-0] INFO  server.AbstractConnector (AbstractConnector.java:doStop(318)) - Stopped ServerConnector@1f9f3599{HTTP/1.1,[http/1.1]}{0.0.0.0:0}
2019-10-16 21:55:53,787 [Thread-0] INFO  handler.ContextHandler (ContextHandler.java:doStop(910)) - Stopped o.e.j.s.ServletContextHandler@398383a4{/static,jar:file:/home/user/.m2/repository/org/apache/hadoop/hadoop-hdds-container-service/0.5.0-SNAPSHOT/hadoop-hdds-container-service-0.5.0-SNAPSHOT.jar!/webapps/static,UNAVAILABLE}
2019-10-16 21:55:53,787 [Thread-0] INFO  handler.ContextHandler (ContextHandler.java:doStop(910)) - Stopped o.e.j.s.ServletContextHandler@38e082ad{/logs,file:///workdir/hadoop-ozone/ozonefs/target/log,UNAVAILABLE}
2019-10-16 21:55:54,679 [Datanode State Machine Thread - 0] INFO  statemachine.DatanodeStateMachine (DatanodeStateMachine.java:lambda$startDaemon$0(350)) - Ozone container server started.
2019-10-16 21:55:58,784 [ForkJoinPool.commonPool-worker-0] INFO  ozoneimpl.OzoneContainer (OzoneContainer.java:stop(227)) - Attempting to stop container services.
2019-10-16 21:55:58,785 [ForkJoinPool.commonPool-worker-0] INFO  impl.RaftServerProxy (RaftServerProxy.java:lambda$close$4(314)) - 6b24a2ab-97ee-4d49-85cc-2d76c2f4b8ef: close
2019-10-16 21:55:58,785 [Thread-2969] INFO  impl.FollowerState (FollowerState.java:run(108)) - 6b24a2ab-97ee-4d49-85cc-2d76c2f4b8ef@group-569FAC3F8BCE-FollowerState: change to CANDIDATE, lastRpcTime:5173ms, electionTimeout:5173ms
2019-10-16 21:55:58,785 [Thread-2969] INFO  impl.RoleInfo (RoleInfo.java:shutdownFollowerState(121)) - 6b24a2ab-97ee-4d49-85cc-2d76c2f4b8ef: shutdown FollowerState
2019-10-16 21:55:58,785 [ForkJoinPool.commonPool-worker-0] INFO  impl.RaftServerImpl (RaftServerImpl.java:lambda$shutdown$3(261)) - 6b24a2ab-97ee-4d49-85cc-2d76c2f4b8ef@group-569FAC3F8BCE: shutdown
2019-10-16 21:55:58,785 [Thread-2969] INFO  impl.RaftServerImpl (RaftServerImpl.java:setRole(184)) - 6b24a2ab-97ee-4d49-85cc-2d76c2f4b8ef@group-569FAC3F8BCE: changes role from  FOLLOWER to CANDIDATE at term 452 for changeToCandidate
2019-10-16 21:55:58,786 [ForkJoinPool.commonPool-worker-0] INFO  util.JmxRegister (JmxRegister.java:unregister(73)) - Successfully un-registered JMX Bean with object name Ratis:service=RaftServer,group=group-569FAC3F8BCE,id=6b24a2ab-97ee-4d49-85cc-2d76c2f4b8ef
2019-10-16 21:55:58,786 [Thread-2969] INFO  impl.RoleInfo (RoleInfo.java:updateAndGet(143)) - 6b24a2ab-97ee-4d49-85cc-2d76c2f4b8ef: start LeaderElection
2019-10-16 21:55:58,786 [ForkJoinPool.commonPool-worker-0] INFO  impl.RoleInfo (RoleInfo.java:shutdownLeaderElection(134)) - 6b24a2ab-97ee-4d49-85cc-2d76c2f4b8ef: shutdown LeaderElection
2019-10-16 21:55:58,786 [ForkJoinPool.commonPool-worker-0] INFO  impl.StateMachineUpdater (StateMachineUpdater.java:stopAndJoin(136)) - 6b24a2ab-97ee-4d49-85cc-2d76c2f4b8ef@group-569FAC3F8BCE-StateMachineUpdater: set stopIndex = -1
2019-10-16 21:55:58,786 [ForkJoinPool.commonPool-worker-0] INFO  impl.RaftServerImpl (ServerState.java:close(388)) - 6b24a2ab-97ee-4d49-85cc-2d76c2f4b8ef@group-569FAC3F8BCE: closes. applyIndex: -1
2019-10-16 21:55:58,787 [6b24a2ab-97ee-4d49-85cc-2d76c2f4b8ef@group-569FAC3F8BCE-SegmentedRaftLogWorker] INFO  segmented.SegmentedRaftLogWorker (SegmentedRaftLogWorker.java:run(316)) - 6b24a2ab-97ee-4d49-85cc-2d76c2f4b8ef@group-569FAC3F8BCE-SegmentedRaftLogWorker was interrupted, exiting. There are 0 tasks remaining in the queue.
2019-10-16 21:55:58,788 [ForkJoinPool.commonPool-worker-0] INFO  segmented.SegmentedRaftLogWorker (SegmentedRaftLogWorker.java:close(224)) - 6b24a2ab-97ee-4d49-85cc-2d76c2f4b8ef@group-569FAC3F8BCE-SegmentedRaftLogWorker close()
2019-10-16 21:55:58,789 [ForkJoinPool.commonPool-worker-0] INFO  impl.RaftServerImpl (RaftServerImpl.java:lambda$shutdown$3(261)) - 6b24a2ab-97ee-4d49-85cc-2d76c2f4b8ef@group-895FFB7708A4: shutdown
2019-10-16 21:55:58,789 [ForkJoinPool.commonPool-worker-0] INFO  util.JmxRegister (JmxRegister.java:unregister(73)) - Successfully un-registered JMX Bean with object name Ratis:service=RaftServer,group=group-895FFB7708A4,id=6b24a2ab-97ee-4d49-85cc-2d76c2f4b8ef
2019-10-16 21:55:58,790 [ForkJoinPool.commonPool-worker-0] INFO  impl.RoleInfo (RoleInfo.java:shutdownLeaderState(104)) - 6b24a2ab-97ee-4d49-85cc-2d76c2f4b8ef: shutdown LeaderState
2019-10-16 21:55:58,790 [ForkJoinPool.commonPool-worker-0] INFO  impl.PendingRequests (PendingRequests.java:sendNotLeaderResponses(202)) - 6b24a2ab-97ee-4d49-85cc-2d76c2f4b8ef@group-895FFB7708A4-PendingRequests: sendNotLeaderResponses
2019-10-16 21:55:58,790 [ForkJoinPool.commonPool-worker-0] INFO  impl.StateMachineUpdater (StateMachineUpdater.java:stopAndJoin(136)) - 6b24a2ab-97ee-4d49-85cc-2d76c2f4b8ef@group-895FFB7708A4-StateMachineUpdater: set stopIndex = 0
2019-10-16 21:55:58,791 [ForkJoinPool.commonPool-worker-0] INFO  impl.RaftServerImpl (ServerState.java:close(388)) - 6b24a2ab-97ee-4d49-85cc-2d76c2f4b8ef@group-895FFB7708A4: closes. applyIndex: 0
2019-10-16 21:55:58,791 [6b24a2ab-97ee-4d49-85cc-2d76c2f4b8ef@group-895FFB7708A4-SegmentedRaftLogWorker] INFO  segmented.SegmentedRaftLogWorker (SegmentedRaftLogWorker.java:run(316)) - 6b24a2ab-97ee-4d49-85cc-2d76c2f4b8ef@group-895FFB7708A4-SegmentedRaftLogWorker was interrupted, exiting. There are 0 tasks remaining in the queue.
2019-10-16 21:55:58,792 [ForkJoinPool.commonPool-worker-0] INFO  segmented.SegmentedRaftLogWorker (SegmentedRaftLogWorker.java:close(224)) - 6b24a2ab-97ee-4d49-85cc-2d76c2f4b8ef@group-895FFB7708A4-SegmentedRaftLogWorker close()
2019-10-16 21:55:58,793 [ForkJoinPool.commonPool-worker-0] INFO  server.GrpcService (GrpcService.java:closeImpl(164)) - 6b24a2ab-97ee-4d49-85cc-2d76c2f4b8ef: shutdown server with port 41080 now
2019-10-16 21:55:58,793 [ForkJoinPool.commonPool-worker-0] INFO  server.GrpcService (GrpcService.java:closeImpl(172)) - 6b24a2ab-97ee-4d49-85cc-2d76c2f4b8ef: shutdown server with port 41080 successfully
2019-10-16 21:55:58,799 [refreshUsed-/workdir/hadoop-ozone/ozonefs/target/test-dir/MiniOzoneClusterImpl-bd2adbcd-a8bb-4b9e-9c25-f9aa9b2c6882/datanode-2/data/containers] WARN  fs.CachingGetSpaceUsed (CachingGetSpaceUsed.java:run(183)) - Thread Interrupted waiting to refresh disk information: sleep interrupted
2019-10-16 21:55:58,821 [ForkJoinPool.commonPool-worker-0] INFO  utils.BackgroundService (BackgroundService.java:shutdown(151)) - Shutting down service BlockDeletingService
2019-10-16 21:55:58,822 [ForkJoinPool.commonPool-worker-0] INFO  statemachine.DatanodeStateMachine (DatanodeStateMachine.java:stopDaemon(395)) - Ozone container server stopped.
2019-10-16 21:55:58,824 [ForkJoinPool.commonPool-worker-0] INFO  handler.ContextHandler (ContextHandler.java:doStop(910)) - Stopped o.e.j.w.WebAppContext@e07a666{/,null,UNAVAILABLE}{/hddsDatanode}
2019-10-16 21:55:58,825 [ForkJoinPool.commonPool-worker-0] INFO  server.AbstractConnector (AbstractConnector.java:doStop(318)) - Stopped ServerConnector@3d19c2de{HTTP/1.1,[http/1.1]}{0.0.0.0:0}
2019-10-16 21:55:58,825 [ForkJoinPool.commonPool-worker-0] INFO  handler.ContextHandler (ContextHandler.java:doStop(910)) - Stopped o.e.j.s.ServletContextHandler@6d3d4432{/static,jar:file:/home/user/.m2/repository/org/apache/hadoop/hadoop-hdds-container-service/0.5.0-SNAPSHOT/hadoop-hdds-container-service-0.5.0-SNAPSHOT.jar!/webapps/static,UNAVAILABLE}
2019-10-16 21:55:58,826 [ForkJoinPool.commonPool-worker-0] INFO  handler.ContextHandler (ContextHandler.java:doStop(910)) - Stopped o.e.j.s.ServletContextHandler@9768d63{/logs,file:///workdir/hadoop-ozone/ozonefs/target/log,UNAVAILABLE}
2019-10-16 21:55:58,827 [Thread-0] INFO  ozone.MiniOzoneClusterImpl (MiniOzoneClusterImpl.java:stopSCM(430)) - Stopping the StorageContainerManager
2019-10-16 21:55:58,827 [Thread-0] INFO  server.StorageContainerManager (StorageContainerManager.java:stop(810)) - Stopping Replication Manager Service.
2019-10-16 21:55:58,827 [Thread-0] INFO  container.ReplicationManager (ReplicationManager.java:stop(203)) - Stopping Replication Monitor Thread.
2019-10-16 21:55:58,827 [Thread-0] INFO  server.StorageContainerManager (StorageContainerManager.java:stop(817)) - Stopping Lease Manager of the command watchers
2019-10-16 21:55:58,827 [Thread-0] INFO  server.StorageContainerManager (StorageContainerManager.java:stop(824)) - Stopping datanode service RPC server
2019-10-16 21:55:58,827 [Thread-0] INFO  server.SCMDatanodeProtocolServer (SCMDatanodeProtocolServer.java:stop(346)) - Stopping the RPC server for DataNodes
2019-10-16 21:55:58,828 [Thread-0] INFO  ipc.Server (Server.java:stop(3082)) - Stopping server on 39656
2019-10-16 21:55:58,829 [IPC Server listener on 39656] INFO  ipc.Server (Server.java:run(1185)) - Stopping IPC Server listener on 39656
2019-10-16 21:55:58,829 [IPC Server Responder] INFO  ipc.Server (Server.java:run(1319)) - Stopping IPC Server Responder
2019-10-16 21:55:58,871 [SCM Heartbeat Processing Thread - 0] WARN  node.NodeStateManager (NodeStateManager.java:scheduleNextHealthCheck(646)) - Current Thread is interrupted, shutting down HB processing thread for Node Manager.
2019-10-16 21:55:58,872 [Thread-0] INFO  server.StorageContainerManager (StorageContainerManager.java:stop(832)) - Stopping block service RPC server
2019-10-16 21:55:58,872 [Thread-0] INFO  server.SCMBlockProtocolServer (SCMBlockProtocolServer.java:stop(155)) - Stopping the RPC server for Block Protocol
2019-10-16 21:55:58,872 [Thread-0] INFO  ipc.Server (Server.java:stop(3082)) - Stopping server on 37656
2019-10-16 21:55:58,874 [IPC Server listener on 37656] INFO  ipc.Server (Server.java:run(1185)) - Stopping IPC Server listener on 37656
2019-10-16 21:55:58,874 [Thread-0] INFO  server.StorageContainerManager (StorageContainerManager.java:stop(839)) - Stopping the StorageContainerLocationProtocol RPC server
2019-10-16 21:55:58,874 [IPC Server Responder] INFO  ipc.Server (Server.java:run(1319)) - Stopping IPC Server Responder
2019-10-16 21:55:58,875 [Thread-0] INFO  server.SCMClientProtocolServer (SCMClientProtocolServer.java:stop(168)) - Stopping the RPC server for Client Protocol
2019-10-16 21:55:58,875 [Thread-0] INFO  ipc.Server (Server.java:stop(3082)) - Stopping server on 39615
2019-10-16 21:55:58,876 [IPC Server listener on 39615] INFO  ipc.Server (Server.java:run(1185)) - Stopping IPC Server listener on 39615
2019-10-16 21:55:58,876 [Thread-0] INFO  server.StorageContainerManager (StorageContainerManager.java:stop(846)) - Stopping Storage Container Manager HTTP server.
2019-10-16 21:55:58,877 [IPC Server Responder] INFO  ipc.Server (Server.java:run(1319)) - Stopping IPC Server Responder
2019-10-16 21:55:58,878 [Thread-0] INFO  handler.ContextHandler (ContextHandler.java:doStop(910)) - Stopped o.e.j.w.WebAppContext@3ab1729{/,null,UNAVAILABLE}{/scm}
2019-10-16 21:55:58,879 [Thread-0] INFO  server.AbstractConnector (AbstractConnector.java:doStop(318)) - Stopped ServerConnector@4315ccff{HTTP/1.1,[http/1.1]}{0.0.0.0:0}
2019-10-16 21:55:58,879 [Thread-0] INFO  handler.ContextHandler (ContextHandler.java:doStop(910)) - Stopped o.e.j.s.ServletContextHandler@14190e63{/static,jar:file:/home/user/.m2/repository/org/apache/hadoop/hadoop-hdds-server-scm/0.5.0-SNAPSHOT/hadoop-hdds-server-scm-0.5.0-SNAPSHOT.jar!/webapps/static,UNAVAILABLE}
2019-10-16 21:55:58,879 [Thread-0] INFO  handler.ContextHandler (ContextHandler.java:doStop(910)) - Stopped o.e.j.s.ServletContextHandler@361cbfff{/logs,file:///workdir/hadoop-ozone/ozonefs/target/log,UNAVAILABLE}
2019-10-16 21:55:58,880 [Thread-0] INFO  server.StorageContainerManager (StorageContainerManager.java:stop(857)) - Stopping Block Manager Service.
2019-10-16 21:55:58,880 [Thread-0] INFO  utils.BackgroundService (BackgroundService.java:shutdown(151)) - Shutting down service SCMBlockDeletingService
2019-10-16 21:55:58,881 [Thread-0] INFO  utils.BackgroundService (BackgroundService.java:shutdown(151)) - Shutting down service SCMBlockDeletingService
2019-10-16 21:55:58,881 [Thread-0] INFO  server.StorageContainerManager (StorageContainerManager.java:stop(879)) - Stopping SCM Event Queue.
2019-10-16 21:55:58,888 [Thread-0] INFO  impl.MetricsSystemImpl (MetricsSystemImpl.java:stop(210)) - Stopping ratis metrics system...
2019-10-16 21:55:58,896 [prometheus] INFO  impl.MetricsSinkAdapter (MetricsSinkAdapter.java:publishMetricsFromQueue(141)) - prometheus thread interrupted.
2019-10-16 21:55:58,896 [Thread-0] INFO  impl.MetricsSystemImpl (MetricsSystemImpl.java:stop(216)) - ratis metrics system stopped.
]]></system-out>
    <system-err><![CDATA[ERROR StatusLogger No Log4j 2 configuration file found. Using default configuration (logging only errors to the console), or user programmatically provided configurations. Set system property 'log4j2.debug' to show Log4j 2 internal initialization logging. See https://logging.apache.org/log4j/2.x/manual/configuration.html for instructions on how to configure Log4j 2
Exception in thread "6b24a2ab-97ee-4d49-85cc-2d76c2f4b8ef@group-569FAC3F8BCE-LeaderElection432" java.lang.IllegalStateException: ILLEGAL TRANSITION: In 6b24a2ab-97ee-4d49-85cc-2d76c2f4b8ef@group-569FAC3F8BCE-LeaderElection432, RUNNING -> CLOSED
	at org.apache.ratis.util.Preconditions.assertTrue(Preconditions.java:63)
	at org.apache.ratis.util.LifeCycle$State.validate(LifeCycle.java:123)
	at org.apache.ratis.util.LifeCycle.transition(LifeCycle.java:143)
	at org.apache.ratis.server.impl.LeaderElection.run(LeaderElection.java:151)
	at java.lang.Thread.run(Thread.java:748)
]]></system-err>
  </testcase>
  <testcase name="testListStatusOnRoot" classname="org.apache.hadoop.fs.ozone.TestOzoneFileSystem" time="17.664"/>
  <testcase name="testListStatusOnSubDirs" classname="org.apache.hadoop.fs.ozone.TestOzoneFileSystem" time="16.934"/>
  <testcase name="testListStatus" classname="org.apache.hadoop.fs.ozone.TestOzoneFileSystem" time="19.713"/>
  <testcase name="testCreateDoesNotAddParentDirKeys" classname="org.apache.hadoop.fs.ozone.TestOzoneFileSystem" time="19.451"/>
  <testcase name="testDeleteCreatesFakeParentDir" classname="org.apache.hadoop.fs.ozone.TestOzoneFileSystem" time="16.95"/>
  <testcase name="testNonExplicitlyCreatedPathExistsAfterItsLeafsWereRemoved" classname="org.apache.hadoop.fs.ozone.TestOzoneFileSystem" time="19.681"/>
  <testcase name="testListStatusOnLargeDirectory" classname="org.apache.hadoop.fs.ozone.TestOzoneFileSystem" time="20.907"/>
</testsuite>