<?xml version="1.0" encoding="UTF-8"?>
<testsuite xmlns:xsi="http://www.w3.org/2001/XMLSchema-instance" xsi:noNamespaceSchemaLocation="https://maven.apache.org/surefire/maven-surefire-plugin/xsd/surefire-test-report.xsd" name="org.apache.hadoop.ozone.freon.TestFreonWithPipelineDestroy" time="48.165" tests="1" errors="1" skipped="0" failures="0">
  <properties>
    <property name="awt.toolkit" value="sun.awt.X11.XToolkit"/>
    <property name="file.encoding.pkg" value="sun.io"/>
    <property name="java.specification.version" value="1.8"/>
    <property name="sun.cpu.isalist" value=""/>
    <property name="sun.jnu.encoding" value="ANSI_X3.4-1968"/>
    <property name="java.class.path" value="/workdir/hadoop-ozone/tools/target/test-classes:/workdir/hadoop-ozone/tools/target/classes:/home/user/.m2/repository/org/apache/hadoop/hadoop-ozone-ozone-manager/0.5.0-SNAPSHOT/hadoop-ozone-ozone-manager-0.5.0-SNAPSHOT.jar:/home/user/.m2/repository/org/apache/hadoop/hadoop-hdds-docs/0.5.0-SNAPSHOT/hadoop-hdds-docs-0.5.0-SNAPSHOT.jar:/home/user/.m2/repository/org/bouncycastle/bcprov-jdk15on/1.60/bcprov-jdk15on-1.60.jar:/home/user/.m2/repository/org/apache/hadoop/hadoop-ozone-common/0.5.0-SNAPSHOT/hadoop-ozone-common-0.5.0-SNAPSHOT.jar:/home/user/.m2/repository/org/apache/commons/commons-compress/1.4.1/commons-compress-1.4.1.jar:/home/user/.m2/repository/org/tukaani/xz/1.0/xz-1.0.jar:/home/user/.m2/repository/org/apache/hadoop/hadoop-hdfs-client/3.2.0/hadoop-hdfs-client-3.2.0.jar:/home/user/.m2/repository/com/fasterxml/jackson/core/jackson-annotations/2.9.9/jackson-annotations-2.9.9.jar:/home/user/.m2/repository/org/apache/hadoop/hadoop-hdds-common/0.5.0-SNAPSHOT/hadoop-hdds-common-0.5.0-SNAPSHOT.jar:/home/user/.m2/repository/org/apache/hadoop/hadoop-hdds-config/0.5.0-SNAPSHOT/hadoop-hdds-config-0.5.0-SNAPSHOT.jar:/home/user/.m2/repository/javax/annotation/javax.annotation-api/1.2/javax.annotation-api-1.2.jar:/home/user/.m2/repository/org/apache/ratis/ratis-server/0.5.0-ced7dbf-SNAPSHOT/ratis-server-0.5.0-ced7dbf-SNAPSHOT.jar:/home/user/.m2/repository/org/apache/ratis/ratis-thirdparty-misc/0.2.0/ratis-thirdparty-misc-0.2.0.jar:/home/user/.m2/repository/org/apache/ratis/ratis-proto/0.5.0-ced7dbf-SNAPSHOT/ratis-proto-0.5.0-ced7dbf-SNAPSHOT.jar:/home/user/.m2/repository/org/apache/ratis/ratis-common/0.5.0-ced7dbf-SNAPSHOT/ratis-common-0.5.0-ced7dbf-SNAPSHOT.jar:/home/user/.m2/repository/org/apache/ratis/ratis-client/0.5.0-ced7dbf-SNAPSHOT/ratis-client-0.5.0-ced7dbf-SNAPSHOT.jar:/home/user/.m2/repository/org/apache/ratis/ratis-metrics/0.5.0-ced7dbf-SNAPSHOT/ratis-metrics-0.5.0-ced7dbf-SNAPSHOT.jar:/home/user/.m2/repository/org/apache/ratis/ratis-netty/0.5.0-ced7dbf-SNAPSHOT/ratis-netty-0.5.0-ced7dbf-SNAPSHOT.jar:/home/user/.m2/repository/org/apache/ratis/ratis-grpc/0.5.0-ced7dbf-SNAPSHOT/ratis-grpc-0.5.0-ced7dbf-SNAPSHOT.jar:/home/user/.m2/repository/org/rocksdb/rocksdbjni/6.0.1/rocksdbjni-6.0.1.jar:/home/user/.m2/repository/org/apache/logging/log4j/log4j-api/2.11.0/log4j-api-2.11.0.jar:/home/user/.m2/repository/org/apache/logging/log4j/log4j-core/2.11.0/log4j-core-2.11.0.jar:/home/user/.m2/repository/com/lmax/disruptor/3.4.2/disruptor-3.4.2.jar:/home/user/.m2/repository/org/apache/commons/commons-pool2/2.6.0/commons-pool2-2.6.0.jar:/home/user/.m2/repository/org/bouncycastle/bcpkix-jdk15on/1.60/bcpkix-jdk15on-1.60.jar:/home/user/.m2/repository/commons-validator/commons-validator/1.6/commons-validator-1.6.jar:/home/user/.m2/repository/commons-digester/commons-digester/1.8.1/commons-digester-1.8.1.jar:/home/user/.m2/repository/io/jaegertracing/jaeger-client/0.34.0/jaeger-client-0.34.0.jar:/home/user/.m2/repository/io/jaegertracing/jaeger-thrift/0.34.0/jaeger-thrift-0.34.0.jar:/home/user/.m2/repository/org/apache/thrift/libthrift/0.12.0/libthrift-0.12.0.jar:/home/user/.m2/repository/com/squareup/okhttp3/okhttp/3.9.0/okhttp-3.9.0.jar:/home/user/.m2/repository/com/squareup/okio/okio/1.13.0/okio-1.13.0.jar:/home/user/.m2/repository/io/jaegertracing/jaeger-core/0.34.0/jaeger-core-0.34.0.jar:/home/user/.m2/repository/io/jaegertracing/jaeger-tracerresolver/0.34.0/jaeger-tracerresolver-0.34.0.jar:/home/user/.m2/repository/io/opentracing/contrib/opentracing-tracerresolver/0.1.5/opentracing-tracerresolver-0.1.5.jar:/home/user/.m2/repository/io/opentracing/opentracing-util/0.31.0/opentracing-util-0.31.0.jar:/home/user/.m2/repository/io/opentracing/opentracing-api/0.31.0/opentracing-api-0.31.0.jar:/home/user/.m2/repository/io/opentracing/opentracing-noop/0.31.0/opentracing-noop-0.31.0.jar:/home/user/.m2/repository/org/yaml/snakeyaml/1.16/snakeyaml-1.16.jar:/home/user/.m2/repository/org/apache/hadoop/hadoop-hdds-container-service/0.5.0-SNAPSHOT/hadoop-hdds-container-service-0.5.0-SNAPSHOT.jar:/home/user/.m2/repository/org/apache/hadoop/hadoop-hdds-client/0.5.0-SNAPSHOT/hadoop-hdds-client-0.5.0-SNAPSHOT.jar:/home/user/.m2/repository/org/apache/hadoop/hadoop-hdds-tools/0.5.0-SNAPSHOT/hadoop-hdds-tools-0.5.0-SNAPSHOT.jar:/home/user/.m2/repository/org/xerial/sqlite-jdbc/3.25.2/sqlite-jdbc-3.25.2.jar:/home/user/.m2/repository/org/apache/hadoop/hadoop-hdds-server-scm/0.5.0-SNAPSHOT/hadoop-hdds-server-scm-0.5.0-SNAPSHOT.jar:/home/user/.m2/repository/org/hamcrest/hamcrest-all/1.3/hamcrest-all-1.3.jar:/home/user/.m2/repository/info/picocli/picocli/3.9.6/picocli-3.9.6.jar:/home/user/.m2/repository/com/google/protobuf/protobuf-java/2.5.0/protobuf-java-2.5.0.jar:/home/user/.m2/repository/com/google/guava/guava/11.0.2/guava-11.0.2.jar:/home/user/.m2/repository/org/apache/hadoop/hadoop-ozone-client/0.5.0-SNAPSHOT/hadoop-ozone-client-0.5.0-SNAPSHOT.jar:/workdir/hadoop-ozone/ozonefs/target/classes:/home/user/.m2/repository/org/apache/httpcomponents/httpclient/4.5.2/httpclient-4.5.2.jar:/home/user/.m2/repository/org/apache/httpcomponents/httpcore/4.4.4/httpcore-4.4.4.jar:/home/user/.m2/repository/org/apache/hadoop/hadoop-hdds-server-framework/0.5.0-SNAPSHOT/hadoop-hdds-server-framework-0.5.0-SNAPSHOT.jar:/home/user/.m2/repository/org/apache/hadoop/hadoop-common/3.2.0/hadoop-common-3.2.0.jar:/home/user/.m2/repository/org/apache/hadoop/hadoop-annotations/3.2.0/hadoop-annotations-3.2.0.jar:/usr/lib/jvm/java-1.8.0-openjdk-1.8.0.222.b10-1.el7_7.x86_64/jre/../lib/tools.jar:/home/user/.m2/repository/commons-cli/commons-cli/1.2/commons-cli-1.2.jar:/home/user/.m2/repository/org/apache/commons/commons-math3/3.1.1/commons-math3-3.1.1.jar:/home/user/.m2/repository/commons-codec/commons-codec/1.11/commons-codec-1.11.jar:/home/user/.m2/repository/commons-io/commons-io/2.5/commons-io-2.5.jar:/home/user/.m2/repository/commons-net/commons-net/3.6/commons-net-3.6.jar:/home/user/.m2/repository/commons-collections/commons-collections/3.2.2/commons-collections-3.2.2.jar:/home/user/.m2/repository/javax/servlet/javax.servlet-api/3.1.0/javax.servlet-api-3.1.0.jar:/home/user/.m2/repository/org/eclipse/jetty/jetty-server/9.3.25.v20180904/jetty-server-9.3.25.v20180904.jar:/home/user/.m2/repository/org/eclipse/jetty/jetty-http/9.3.25.v20180904/jetty-http-9.3.25.v20180904.jar:/home/user/.m2/repository/org/eclipse/jetty/jetty-io/9.3.25.v20180904/jetty-io-9.3.25.v20180904.jar:/home/user/.m2/repository/org/eclipse/jetty/jetty-util/9.3.25.v20180904/jetty-util-9.3.25.v20180904.jar:/home/user/.m2/repository/org/eclipse/jetty/jetty-servlet/9.3.25.v20180904/jetty-servlet-9.3.25.v20180904.jar:/home/user/.m2/repository/org/eclipse/jetty/jetty-security/9.3.25.v20180904/jetty-security-9.3.25.v20180904.jar:/home/user/.m2/repository/org/eclipse/jetty/jetty-webapp/9.3.25.v20180904/jetty-webapp-9.3.25.v20180904.jar:/home/user/.m2/repository/org/eclipse/jetty/jetty-xml/9.3.25.v20180904/jetty-xml-9.3.25.v20180904.jar:/home/user/.m2/repository/javax/servlet/jsp/jsp-api/2.1/jsp-api-2.1.jar:/home/user/.m2/repository/com/sun/jersey/jersey-core/1.19/jersey-core-1.19.jar:/home/user/.m2/repository/javax/ws/rs/jsr311-api/1.1.1/jsr311-api-1.1.1.jar:/home/user/.m2/repository/com/sun/jersey/jersey-servlet/1.19/jersey-servlet-1.19.jar:/home/user/.m2/repository/com/sun/jersey/jersey-json/1.19/jersey-json-1.19.jar:/home/user/.m2/repository/org/codehaus/jettison/jettison/1.1/jettison-1.1.jar:/home/user/.m2/repository/com/sun/xml/bind/jaxb-impl/2.3.0.1/jaxb-impl-2.3.0.1.jar:/home/user/.m2/repository/org/codehaus/jackson/jackson-core-asl/1.9.13/jackson-core-asl-1.9.13.jar:/home/user/.m2/repository/org/codehaus/jackson/jackson-mapper-asl/1.9.13/jackson-mapper-asl-1.9.13.jar:/home/user/.m2/repository/org/codehaus/jackson/jackson-jaxrs/1.9.13/jackson-jaxrs-1.9.13.jar:/home/user/.m2/repository/org/codehaus/jackson/jackson-xc/1.9.13/jackson-xc-1.9.13.jar:/home/user/.m2/repository/com/sun/jersey/jersey-server/1.19/jersey-server-1.19.jar:/home/user/.m2/repository/commons-logging/commons-logging/1.1.3/commons-logging-1.1.3.jar:/home/user/.m2/repository/log4j/log4j/1.2.17/log4j-1.2.17.jar:/home/user/.m2/repository/commons-beanutils/commons-beanutils/1.9.4/commons-beanutils-1.9.4.jar:/home/user/.m2/repository/org/apache/commons/commons-configuration2/2.1.1/commons-configuration2-2.1.1.jar:/home/user/.m2/repository/org/apache/commons/commons-lang3/3.7/commons-lang3-3.7.jar:/home/user/.m2/repository/org/apache/commons/commons-text/1.4/commons-text-1.4.jar:/home/user/.m2/repository/org/slf4j/slf4j-api/1.7.25/slf4j-api-1.7.25.jar:/home/user/.m2/repository/org/slf4j/slf4j-log4j12/1.7.25/slf4j-log4j12-1.7.25.jar:/home/user/.m2/repository/org/apache/avro/avro/1.7.7/avro-1.7.7.jar:/home/user/.m2/repository/com/thoughtworks/paranamer/paranamer/2.3/paranamer-2.3.jar:/home/user/.m2/repository/org/xerial/snappy/snappy-java/1.0.5/snappy-java-1.0.5.jar:/home/user/.m2/repository/com/google/re2j/re2j/1.1/re2j-1.1.jar:/home/user/.m2/repository/com/google/code/gson/gson/2.2.4/gson-2.2.4.jar:/home/user/.m2/repository/org/apache/hadoop/hadoop-auth/3.2.0/hadoop-auth-3.2.0.jar:/home/user/.m2/repository/com/nimbusds/nimbus-jose-jwt/4.41.1/nimbus-jose-jwt-4.41.1.jar:/home/user/.m2/repository/com/github/stephenc/jcip/jcip-annotations/1.0-1/jcip-annotations-1.0-1.jar:/home/user/.m2/repository/net/minidev/json-smart/2.3/json-smart-2.3.jar:/home/user/.m2/repository/net/minidev/accessors-smart/1.2/accessors-smart-1.2.jar:/home/user/.m2/repository/org/apache/curator/curator-framework/2.12.0/curator-framework-2.12.0.jar:/home/user/.m2/repository/com/jcraft/jsch/0.1.54/jsch-0.1.54.jar:/home/user/.m2/repository/org/apache/curator/curator-client/2.12.0/curator-client-2.12.0.jar:/home/user/.m2/repository/org/apache/curator/curator-recipes/2.12.0/curator-recipes-2.12.0.jar:/home/user/.m2/repository/com/google/code/findbugs/jsr305/3.0.0/jsr305-3.0.0.jar:/home/user/.m2/repository/org/apache/htrace/htrace-core4/4.1.0-incubating/htrace-core4-4.1.0-incubating.jar:/home/user/.m2/repository/org/apache/zookeeper/zookeeper/3.4.13/zookeeper-3.4.13.jar:/home/user/.m2/repository/jline/jline/0.9.94/jline-0.9.94.jar:/home/user/.m2/repository/org/apache/yetus/audience-annotations/0.5.0/audience-annotations-0.5.0.jar:/home/user/.m2/repository/org/apache/kerby/kerb-simplekdc/1.0.1/kerb-simplekdc-1.0.1.jar:/home/user/.m2/repository/org/apache/kerby/kerb-client/1.0.1/kerb-client-1.0.1.jar:/home/user/.m2/repository/org/apache/kerby/kerby-config/1.0.1/kerby-config-1.0.1.jar:/home/user/.m2/repository/org/apache/kerby/kerb-core/1.0.1/kerb-core-1.0.1.jar:/home/user/.m2/repository/org/apache/kerby/kerby-pkix/1.0.1/kerby-pkix-1.0.1.jar:/home/user/.m2/repository/org/apache/kerby/kerby-asn1/1.0.1/kerby-asn1-1.0.1.jar:/home/user/.m2/repository/org/apache/kerby/kerby-util/1.0.1/kerby-util-1.0.1.jar:/home/user/.m2/repository/org/apache/kerby/kerb-common/1.0.1/kerb-common-1.0.1.jar:/home/user/.m2/repository/org/apache/kerby/kerb-crypto/1.0.1/kerb-crypto-1.0.1.jar:/home/user/.m2/repository/org/apache/kerby/kerb-util/1.0.1/kerb-util-1.0.1.jar:/home/user/.m2/repository/org/apache/kerby/token-provider/1.0.1/token-provider-1.0.1.jar:/home/user/.m2/repository/org/apache/kerby/kerb-admin/1.0.1/kerb-admin-1.0.1.jar:/home/user/.m2/repository/org/apache/kerby/kerb-server/1.0.1/kerb-server-1.0.1.jar:/home/user/.m2/repository/org/apache/kerby/kerb-identity/1.0.1/kerb-identity-1.0.1.jar:/home/user/.m2/repository/org/apache/kerby/kerby-xdr/1.0.1/kerby-xdr-1.0.1.jar:/home/user/.m2/repository/com/fasterxml/jackson/core/jackson-databind/2.9.9/jackson-databind-2.9.9.jar:/home/user/.m2/repository/com/fasterxml/jackson/core/jackson-core/2.9.9/jackson-core-2.9.9.jar:/home/user/.m2/repository/org/codehaus/woodstox/stax2-api/3.1.4/stax2-api-3.1.4.jar:/home/user/.m2/repository/com/fasterxml/woodstox/woodstox-core/5.0.3/woodstox-core-5.0.3.jar:/home/user/.m2/repository/dnsjava/dnsjava/2.1.7/dnsjava-2.1.7.jar:/home/user/.m2/repository/org/apache/hadoop/hadoop-hdfs/3.2.0/hadoop-hdfs-3.2.0.jar:/home/user/.m2/repository/org/eclipse/jetty/jetty-util-ajax/9.3.25.v20180904/jetty-util-ajax-9.3.25.v20180904.jar:/home/user/.m2/repository/commons-daemon/commons-daemon/1.0.13/commons-daemon-1.0.13.jar:/home/user/.m2/repository/io/netty/netty/3.10.5.Final/netty-3.10.5.Final.jar:/home/user/.m2/repository/io/netty/netty-all/4.0.52.Final/netty-all-4.0.52.Final.jar:/home/user/.m2/repository/org/fusesource/leveldbjni/leveldbjni-all/1.8/leveldbjni-all-1.8.jar:/home/user/.m2/repository/com/sun/xml/bind/jaxb-core/2.3.0.1/jaxb-core-2.3.0.1.jar:/home/user/.m2/repository/javax/xml/bind/jaxb-api/2.3.0/jaxb-api-2.3.0.jar:/home/user/.m2/repository/javax/activation/activation/1.1.1/activation-1.1.1.jar:/home/user/.m2/repository/org/openjdk/jmh/jmh-core/1.19/jmh-core-1.19.jar:/home/user/.m2/repository/net/sf/jopt-simple/jopt-simple/4.6/jopt-simple-4.6.jar:/home/user/.m2/repository/org/openjdk/jmh/jmh-generator-annprocess/1.19/jmh-generator-annprocess-1.19.jar:/home/user/.m2/repository/io/dropwizard/metrics/metrics-core/3.2.4/metrics-core-3.2.4.jar:/home/user/.m2/repository/com/amazonaws/aws-java-sdk-s3/1.11.615/aws-java-sdk-s3-1.11.615.jar:/home/user/.m2/repository/com/amazonaws/aws-java-sdk-kms/1.11.615/aws-java-sdk-kms-1.11.615.jar:/home/user/.m2/repository/com/amazonaws/aws-java-sdk-core/1.11.615/aws-java-sdk-core-1.11.615.jar:/home/user/.m2/repository/software/amazon/ion/ion-java/1.0.2/ion-java-1.0.2.jar:/home/user/.m2/repository/com/fasterxml/jackson/dataformat/jackson-dataformat-cbor/2.9.9/jackson-dataformat-cbor-2.9.9.jar:/home/user/.m2/repository/joda-time/joda-time/2.9.9/joda-time-2.9.9.jar:/home/user/.m2/repository/com/amazonaws/jmespath-java/1.11.615/jmespath-java-1.11.615.jar:/home/user/.m2/repository/com/github/spotbugs/spotbugs/3.1.12/spotbugs-3.1.12.jar:/home/user/.m2/repository/org/ow2/asm/asm/5.0.4/asm-5.0.4.jar:/home/user/.m2/repository/org/ow2/asm/asm-analysis/7.0/asm-analysis-7.0.jar:/home/user/.m2/repository/org/ow2/asm/asm-commons/7.0/asm-commons-7.0.jar:/home/user/.m2/repository/org/ow2/asm/asm-tree/7.0/asm-tree-7.0.jar:/home/user/.m2/repository/org/ow2/asm/asm-util/7.0/asm-util-7.0.jar:/home/user/.m2/repository/org/apache/bcel/bcel/6.3/bcel-6.3.jar:/home/user/.m2/repository/net/jcip/jcip-annotations/1.0/jcip-annotations-1.0.jar:/home/user/.m2/repository/org/dom4j/dom4j/2.1.1/dom4j-2.1.1.jar:/home/user/.m2/repository/jaxen/jaxen/1.1.6/jaxen-1.1.6.jar:/home/user/.m2/repository/commons-lang/commons-lang/2.6/commons-lang-2.6.jar:/home/user/.m2/repository/com/github/spotbugs/spotbugs-annotations/3.1.12/spotbugs-annotations-3.1.12.jar:/home/user/.m2/repository/junit/junit/4.11/junit-4.11.jar:/home/user/.m2/repository/org/hamcrest/hamcrest-core/1.3/hamcrest-core-1.3.jar:/home/user/.m2/repository/org/apache/hadoop/hadoop-common/3.2.0/hadoop-common-3.2.0-tests.jar:/workdir/hadoop-ozone/integration-test/target/test-classes:/home/user/.m2/repository/org/apache/hadoop/hadoop-ozone-s3gateway/0.5.0-SNAPSHOT/hadoop-ozone-s3gateway-0.5.0-SNAPSHOT.jar:/home/user/.m2/repository/org/jboss/weld/servlet/weld-servlet/2.4.7.Final/weld-servlet-2.4.7.Final.jar:/home/user/.m2/repository/org/glassfish/jersey/containers/jersey-container-servlet-core/2.27/jersey-container-servlet-core-2.27.jar:/home/user/.m2/repository/org/glassfish/hk2/external/javax.inject/2.5.0-b42/javax.inject-2.5.0-b42.jar:/home/user/.m2/repository/org/glassfish/jersey/core/jersey-common/2.27/jersey-common-2.27.jar:/home/user/.m2/repository/org/glassfish/hk2/osgi-resource-locator/1.0.1/osgi-resource-locator-1.0.1.jar:/home/user/.m2/repository/javax/ws/rs/javax.ws.rs-api/2.1/javax.ws.rs-api-2.1.jar:/home/user/.m2/repository/org/glassfish/jersey/ext/cdi/jersey-cdi1x/2.27/jersey-cdi1x-2.27.jar:/home/user/.m2/repository/org/glassfish/jersey/inject/jersey-hk2/2.27/jersey-hk2-2.27.jar:/home/user/.m2/repository/org/glassfish/hk2/hk2-locator/2.5.0-b42/hk2-locator-2.5.0-b42.jar:/home/user/.m2/repository/org/javassist/javassist/3.22.0-CR2/javassist-3.22.0-CR2.jar:/home/user/.m2/repository/org/glassfish/hk2/hk2-api/2.5.0/hk2-api-2.5.0.jar:/home/user/.m2/repository/org/glassfish/hk2/external/jakarta.inject/2.5.0/jakarta.inject-2.5.0.jar:/home/user/.m2/repository/org/glassfish/hk2/hk2-utils/2.5.0/hk2-utils-2.5.0.jar:/home/user/.m2/repository/jakarta/annotation/jakarta.annotation-api/1.3.4/jakarta.annotation-api-1.3.4.jar:/home/user/.m2/repository/org/glassfish/hk2/external/aopalliance-repackaged/2.5.0/aopalliance-repackaged-2.5.0.jar:/home/user/.m2/repository/com/fasterxml/jackson/dataformat/jackson-dataformat-xml/2.9.0/jackson-dataformat-xml-2.9.0.jar:/home/user/.m2/repository/com/fasterxml/jackson/module/jackson-module-jaxb-annotations/2.9.9/jackson-module-jaxb-annotations-2.9.9.jar:/home/user/.m2/repository/javax/enterprise/cdi-api/1.2/cdi-api-1.2.jar:/home/user/.m2/repository/javax/el/javax.el-api/3.0.0/javax.el-api-3.0.0.jar:/home/user/.m2/repository/javax/interceptor/javax.interceptor-api/1.2/javax.interceptor-api-1.2.jar:/home/user/.m2/repository/javax/inject/javax.inject/1/javax.inject-1.jar:/home/user/.m2/repository/org/apache/hadoop/hadoop-ozone-csi/0.5.0-SNAPSHOT/hadoop-ozone-csi-0.5.0-SNAPSHOT.jar:/home/user/.m2/repository/com/google/protobuf/protobuf-java-util/3.5.1/protobuf-java-util-3.5.1.jar:/home/user/.m2/repository/io/grpc/grpc-netty/1.17.1/grpc-netty-1.17.1.jar:/home/user/.m2/repository/io/grpc/grpc-core/1.17.1/grpc-core-1.17.1.jar:/home/user/.m2/repository/io/grpc/grpc-context/1.17.1/grpc-context-1.17.1.jar:/home/user/.m2/repository/com/google/errorprone/error_prone_annotations/2.2.0/error_prone_annotations-2.2.0.jar:/home/user/.m2/repository/org/codehaus/mojo/animal-sniffer-annotations/1.17/animal-sniffer-annotations-1.17.jar:/home/user/.m2/repository/io/opencensus/opencensus-api/0.17.0/opencensus-api-0.17.0.jar:/home/user/.m2/repository/io/opencensus/opencensus-contrib-grpc-metrics/0.17.0/opencensus-contrib-grpc-metrics-0.17.0.jar:/home/user/.m2/repository/io/netty/netty-codec-http2/4.1.30.Final/netty-codec-http2-4.1.30.Final.jar:/home/user/.m2/repository/io/netty/netty-codec-http/4.1.30.Final/netty-codec-http-4.1.30.Final.jar:/home/user/.m2/repository/io/netty/netty-codec/4.1.30.Final/netty-codec-4.1.30.Final.jar:/home/user/.m2/repository/io/netty/netty-handler/4.1.30.Final/netty-handler-4.1.30.Final.jar:/home/user/.m2/repository/io/netty/netty-handler-proxy/4.1.30.Final/netty-handler-proxy-4.1.30.Final.jar:/home/user/.m2/repository/io/netty/netty-codec-socks/4.1.30.Final/netty-codec-socks-4.1.30.Final.jar:/home/user/.m2/repository/io/netty/netty-transport-native-epoll/4.1.30.Final/netty-transport-native-epoll-4.1.30.Final.jar:/home/user/.m2/repository/io/netty/netty-common/4.1.30.Final/netty-common-4.1.30.Final.jar:/home/user/.m2/repository/io/netty/netty-buffer/4.1.30.Final/netty-buffer-4.1.30.Final.jar:/home/user/.m2/repository/io/netty/netty-transport/4.1.30.Final/netty-transport-4.1.30.Final.jar:/home/user/.m2/repository/io/netty/netty-resolver/4.1.30.Final/netty-resolver-4.1.30.Final.jar:/home/user/.m2/repository/io/netty/netty-transport-native-unix-common/4.1.30.Final/netty-transport-native-unix-common-4.1.30.Final.jar:/home/user/.m2/repository/io/grpc/grpc-protobuf/1.17.1/grpc-protobuf-1.17.1.jar:/home/user/.m2/repository/com/google/api/grpc/proto-google-common-protos/1.0.0/proto-google-common-protos-1.0.0.jar:/home/user/.m2/repository/io/grpc/grpc-protobuf-lite/1.17.1/grpc-protobuf-lite-1.17.1.jar:/home/user/.m2/repository/io/grpc/grpc-stub/1.17.1/grpc-stub-1.17.1.jar:/home/user/.m2/repository/org/apache/hadoop/hadoop-ozone-recon/0.5.0-SNAPSHOT/hadoop-ozone-recon-0.5.0-SNAPSHOT.jar:/home/user/.m2/repository/org/apache/hadoop/hadoop-ozone-reconcodegen/0.5.0-SNAPSHOT/hadoop-ozone-reconcodegen-0.5.0-SNAPSHOT.jar:/home/user/.m2/repository/com/google/inject/extensions/guice-multibindings/4.0/guice-multibindings-4.0.jar:/home/user/.m2/repository/com/google/inject/guice/4.0/guice-4.0.jar:/home/user/.m2/repository/aopalliance/aopalliance/1.0/aopalliance-1.0.jar:/home/user/.m2/repository/com/google/inject/extensions/guice-servlet/4.0/guice-servlet-4.0.jar:/home/user/.m2/repository/org/glassfish/jersey/containers/jersey-container-servlet/2.27/jersey-container-servlet-2.27.jar:/home/user/.m2/repository/org/glassfish/hk2/guice-bridge/2.5.0/guice-bridge-2.5.0.jar:/home/user/.m2/repository/org/glassfish/jersey/core/jersey-server/2.27/jersey-server-2.27.jar:/home/user/.m2/repository/org/glassfish/jersey/core/jersey-client/2.27/jersey-client-2.27.jar:/home/user/.m2/repository/org/glassfish/jersey/media/jersey-media-jaxb/2.27/jersey-media-jaxb-2.27.jar:/home/user/.m2/repository/javax/validation/validation-api/1.1.0.Final/validation-api-1.1.0.Final.jar:/home/user/.m2/repository/org/glassfish/jersey/media/jersey-media-json-jackson/2.27/jersey-media-json-jackson-2.27.jar:/home/user/.m2/repository/org/glassfish/jersey/ext/jersey-entity-filtering/2.27/jersey-entity-filtering-2.27.jar:/home/user/.m2/repository/com/google/inject/extensions/guice-assistedinject/4.0/guice-assistedinject-4.0.jar:/home/user/.m2/repository/org/jooq/jooq/3.11.10/jooq-3.11.10.jar:/home/user/.m2/repository/org/jooq/jooq-meta/3.11.10/jooq-meta-3.11.10.jar:/home/user/.m2/repository/org/jooq/jooq-codegen/3.11.10/jooq-codegen-3.11.10.jar:/home/user/.m2/repository/com/jolbox/bonecp/0.8.0.RELEASE/bonecp-0.8.0.RELEASE.jar:/home/user/.m2/repository/org/springframework/spring-jdbc/5.1.3.RELEASE/spring-jdbc-5.1.3.RELEASE.jar:/home/user/.m2/repository/org/springframework/spring-beans/5.1.3.RELEASE/spring-beans-5.1.3.RELEASE.jar:/home/user/.m2/repository/org/springframework/spring-core/5.1.3.RELEASE/spring-core-5.1.3.RELEASE.jar:/home/user/.m2/repository/org/springframework/spring-jcl/5.1.3.RELEASE/spring-jcl-5.1.3.RELEASE.jar:/home/user/.m2/repository/org/springframework/spring-tx/5.1.3.RELEASE/spring-tx-5.1.3.RELEASE.jar:/home/user/.m2/repository/org/mockito/mockito-core/2.15.0/mockito-core-2.15.0.jar:/home/user/.m2/repository/net/bytebuddy/byte-buddy/1.7.9/byte-buddy-1.7.9.jar:/home/user/.m2/repository/net/bytebuddy/byte-buddy-agent/1.7.9/byte-buddy-agent-1.7.9.jar:/home/user/.m2/repository/org/objenesis/objenesis/1.0/objenesis-1.0.jar:"/>
    <property name="java.vm.vendor" value="Oracle Corporation"/>
    <property name="sun.arch.data.model" value="64"/>
    <property name="test.build.dir" value="/workdir/hadoop-ozone/tools/target/test-dir"/>
    <property name="test.cache.data" value=""/>
    <property name="java.vendor.url" value="http://java.oracle.com/"/>
    <property name="user.timezone" value=""/>
    <property name="java.vm.specification.version" value="1.8"/>
    <property name="os.name" value="Linux"/>
    <property name="test.build.data" value="/workdir/hadoop-ozone/tools/target/test-dir"/>
    <property name="user.country" value="US"/>
    <property name="sun.java.launcher" value="SUN_STANDARD"/>
    <property name="sun.boot.library.path" value="/usr/lib/jvm/java-1.8.0-openjdk-1.8.0.222.b10-1.el7_7.x86_64/jre/lib/amd64"/>
    <property name="sun.java.command" value="/workdir/hadoop-ozone/tools/target/surefire/surefirebooter4555667828473056165.jar /workdir/hadoop-ozone/tools/target/surefire 2019-10-21T08-15-38_664-jvmRun1 surefire1383100073039397705tmp surefire_1043287618840267955840tmp"/>
    <property name="surefire.test.class.path" value="/workdir/hadoop-ozone/tools/target/test-classes:/workdir/hadoop-ozone/tools/target/classes:/home/user/.m2/repository/org/apache/hadoop/hadoop-ozone-ozone-manager/0.5.0-SNAPSHOT/hadoop-ozone-ozone-manager-0.5.0-SNAPSHOT.jar:/home/user/.m2/repository/org/apache/hadoop/hadoop-hdds-docs/0.5.0-SNAPSHOT/hadoop-hdds-docs-0.5.0-SNAPSHOT.jar:/home/user/.m2/repository/org/bouncycastle/bcprov-jdk15on/1.60/bcprov-jdk15on-1.60.jar:/home/user/.m2/repository/org/apache/hadoop/hadoop-ozone-common/0.5.0-SNAPSHOT/hadoop-ozone-common-0.5.0-SNAPSHOT.jar:/home/user/.m2/repository/org/apache/commons/commons-compress/1.4.1/commons-compress-1.4.1.jar:/home/user/.m2/repository/org/tukaani/xz/1.0/xz-1.0.jar:/home/user/.m2/repository/org/apache/hadoop/hadoop-hdfs-client/3.2.0/hadoop-hdfs-client-3.2.0.jar:/home/user/.m2/repository/com/fasterxml/jackson/core/jackson-annotations/2.9.9/jackson-annotations-2.9.9.jar:/home/user/.m2/repository/org/apache/hadoop/hadoop-hdds-common/0.5.0-SNAPSHOT/hadoop-hdds-common-0.5.0-SNAPSHOT.jar:/home/user/.m2/repository/org/apache/hadoop/hadoop-hdds-config/0.5.0-SNAPSHOT/hadoop-hdds-config-0.5.0-SNAPSHOT.jar:/home/user/.m2/repository/javax/annotation/javax.annotation-api/1.2/javax.annotation-api-1.2.jar:/home/user/.m2/repository/org/apache/ratis/ratis-server/0.5.0-ced7dbf-SNAPSHOT/ratis-server-0.5.0-ced7dbf-SNAPSHOT.jar:/home/user/.m2/repository/org/apache/ratis/ratis-thirdparty-misc/0.2.0/ratis-thirdparty-misc-0.2.0.jar:/home/user/.m2/repository/org/apache/ratis/ratis-proto/0.5.0-ced7dbf-SNAPSHOT/ratis-proto-0.5.0-ced7dbf-SNAPSHOT.jar:/home/user/.m2/repository/org/apache/ratis/ratis-common/0.5.0-ced7dbf-SNAPSHOT/ratis-common-0.5.0-ced7dbf-SNAPSHOT.jar:/home/user/.m2/repository/org/apache/ratis/ratis-client/0.5.0-ced7dbf-SNAPSHOT/ratis-client-0.5.0-ced7dbf-SNAPSHOT.jar:/home/user/.m2/repository/org/apache/ratis/ratis-metrics/0.5.0-ced7dbf-SNAPSHOT/ratis-metrics-0.5.0-ced7dbf-SNAPSHOT.jar:/home/user/.m2/repository/org/apache/ratis/ratis-netty/0.5.0-ced7dbf-SNAPSHOT/ratis-netty-0.5.0-ced7dbf-SNAPSHOT.jar:/home/user/.m2/repository/org/apache/ratis/ratis-grpc/0.5.0-ced7dbf-SNAPSHOT/ratis-grpc-0.5.0-ced7dbf-SNAPSHOT.jar:/home/user/.m2/repository/org/rocksdb/rocksdbjni/6.0.1/rocksdbjni-6.0.1.jar:/home/user/.m2/repository/org/apache/logging/log4j/log4j-api/2.11.0/log4j-api-2.11.0.jar:/home/user/.m2/repository/org/apache/logging/log4j/log4j-core/2.11.0/log4j-core-2.11.0.jar:/home/user/.m2/repository/com/lmax/disruptor/3.4.2/disruptor-3.4.2.jar:/home/user/.m2/repository/org/apache/commons/commons-pool2/2.6.0/commons-pool2-2.6.0.jar:/home/user/.m2/repository/org/bouncycastle/bcpkix-jdk15on/1.60/bcpkix-jdk15on-1.60.jar:/home/user/.m2/repository/commons-validator/commons-validator/1.6/commons-validator-1.6.jar:/home/user/.m2/repository/commons-digester/commons-digester/1.8.1/commons-digester-1.8.1.jar:/home/user/.m2/repository/io/jaegertracing/jaeger-client/0.34.0/jaeger-client-0.34.0.jar:/home/user/.m2/repository/io/jaegertracing/jaeger-thrift/0.34.0/jaeger-thrift-0.34.0.jar:/home/user/.m2/repository/org/apache/thrift/libthrift/0.12.0/libthrift-0.12.0.jar:/home/user/.m2/repository/com/squareup/okhttp3/okhttp/3.9.0/okhttp-3.9.0.jar:/home/user/.m2/repository/com/squareup/okio/okio/1.13.0/okio-1.13.0.jar:/home/user/.m2/repository/io/jaegertracing/jaeger-core/0.34.0/jaeger-core-0.34.0.jar:/home/user/.m2/repository/io/jaegertracing/jaeger-tracerresolver/0.34.0/jaeger-tracerresolver-0.34.0.jar:/home/user/.m2/repository/io/opentracing/contrib/opentracing-tracerresolver/0.1.5/opentracing-tracerresolver-0.1.5.jar:/home/user/.m2/repository/io/opentracing/opentracing-util/0.31.0/opentracing-util-0.31.0.jar:/home/user/.m2/repository/io/opentracing/opentracing-api/0.31.0/opentracing-api-0.31.0.jar:/home/user/.m2/repository/io/opentracing/opentracing-noop/0.31.0/opentracing-noop-0.31.0.jar:/home/user/.m2/repository/org/yaml/snakeyaml/1.16/snakeyaml-1.16.jar:/home/user/.m2/repository/org/apache/hadoop/hadoop-hdds-container-service/0.5.0-SNAPSHOT/hadoop-hdds-container-service-0.5.0-SNAPSHOT.jar:/home/user/.m2/repository/org/apache/hadoop/hadoop-hdds-client/0.5.0-SNAPSHOT/hadoop-hdds-client-0.5.0-SNAPSHOT.jar:/home/user/.m2/repository/org/apache/hadoop/hadoop-hdds-tools/0.5.0-SNAPSHOT/hadoop-hdds-tools-0.5.0-SNAPSHOT.jar:/home/user/.m2/repository/org/xerial/sqlite-jdbc/3.25.2/sqlite-jdbc-3.25.2.jar:/home/user/.m2/repository/org/apache/hadoop/hadoop-hdds-server-scm/0.5.0-SNAPSHOT/hadoop-hdds-server-scm-0.5.0-SNAPSHOT.jar:/home/user/.m2/repository/org/hamcrest/hamcrest-all/1.3/hamcrest-all-1.3.jar:/home/user/.m2/repository/info/picocli/picocli/3.9.6/picocli-3.9.6.jar:/home/user/.m2/repository/com/google/protobuf/protobuf-java/2.5.0/protobuf-java-2.5.0.jar:/home/user/.m2/repository/com/google/guava/guava/11.0.2/guava-11.0.2.jar:/home/user/.m2/repository/org/apache/hadoop/hadoop-ozone-client/0.5.0-SNAPSHOT/hadoop-ozone-client-0.5.0-SNAPSHOT.jar:/workdir/hadoop-ozone/ozonefs/target/classes:/home/user/.m2/repository/org/apache/httpcomponents/httpclient/4.5.2/httpclient-4.5.2.jar:/home/user/.m2/repository/org/apache/httpcomponents/httpcore/4.4.4/httpcore-4.4.4.jar:/home/user/.m2/repository/org/apache/hadoop/hadoop-hdds-server-framework/0.5.0-SNAPSHOT/hadoop-hdds-server-framework-0.5.0-SNAPSHOT.jar:/home/user/.m2/repository/org/apache/hadoop/hadoop-common/3.2.0/hadoop-common-3.2.0.jar:/home/user/.m2/repository/org/apache/hadoop/hadoop-annotations/3.2.0/hadoop-annotations-3.2.0.jar:/usr/lib/jvm/java-1.8.0-openjdk-1.8.0.222.b10-1.el7_7.x86_64/jre/../lib/tools.jar:/home/user/.m2/repository/commons-cli/commons-cli/1.2/commons-cli-1.2.jar:/home/user/.m2/repository/org/apache/commons/commons-math3/3.1.1/commons-math3-3.1.1.jar:/home/user/.m2/repository/commons-codec/commons-codec/1.11/commons-codec-1.11.jar:/home/user/.m2/repository/commons-io/commons-io/2.5/commons-io-2.5.jar:/home/user/.m2/repository/commons-net/commons-net/3.6/commons-net-3.6.jar:/home/user/.m2/repository/commons-collections/commons-collections/3.2.2/commons-collections-3.2.2.jar:/home/user/.m2/repository/javax/servlet/javax.servlet-api/3.1.0/javax.servlet-api-3.1.0.jar:/home/user/.m2/repository/org/eclipse/jetty/jetty-server/9.3.25.v20180904/jetty-server-9.3.25.v20180904.jar:/home/user/.m2/repository/org/eclipse/jetty/jetty-http/9.3.25.v20180904/jetty-http-9.3.25.v20180904.jar:/home/user/.m2/repository/org/eclipse/jetty/jetty-io/9.3.25.v20180904/jetty-io-9.3.25.v20180904.jar:/home/user/.m2/repository/org/eclipse/jetty/jetty-util/9.3.25.v20180904/jetty-util-9.3.25.v20180904.jar:/home/user/.m2/repository/org/eclipse/jetty/jetty-servlet/9.3.25.v20180904/jetty-servlet-9.3.25.v20180904.jar:/home/user/.m2/repository/org/eclipse/jetty/jetty-security/9.3.25.v20180904/jetty-security-9.3.25.v20180904.jar:/home/user/.m2/repository/org/eclipse/jetty/jetty-webapp/9.3.25.v20180904/jetty-webapp-9.3.25.v20180904.jar:/home/user/.m2/repository/org/eclipse/jetty/jetty-xml/9.3.25.v20180904/jetty-xml-9.3.25.v20180904.jar:/home/user/.m2/repository/javax/servlet/jsp/jsp-api/2.1/jsp-api-2.1.jar:/home/user/.m2/repository/com/sun/jersey/jersey-core/1.19/jersey-core-1.19.jar:/home/user/.m2/repository/javax/ws/rs/jsr311-api/1.1.1/jsr311-api-1.1.1.jar:/home/user/.m2/repository/com/sun/jersey/jersey-servlet/1.19/jersey-servlet-1.19.jar:/home/user/.m2/repository/com/sun/jersey/jersey-json/1.19/jersey-json-1.19.jar:/home/user/.m2/repository/org/codehaus/jettison/jettison/1.1/jettison-1.1.jar:/home/user/.m2/repository/com/sun/xml/bind/jaxb-impl/2.3.0.1/jaxb-impl-2.3.0.1.jar:/home/user/.m2/repository/org/codehaus/jackson/jackson-core-asl/1.9.13/jackson-core-asl-1.9.13.jar:/home/user/.m2/repository/org/codehaus/jackson/jackson-mapper-asl/1.9.13/jackson-mapper-asl-1.9.13.jar:/home/user/.m2/repository/org/codehaus/jackson/jackson-jaxrs/1.9.13/jackson-jaxrs-1.9.13.jar:/home/user/.m2/repository/org/codehaus/jackson/jackson-xc/1.9.13/jackson-xc-1.9.13.jar:/home/user/.m2/repository/com/sun/jersey/jersey-server/1.19/jersey-server-1.19.jar:/home/user/.m2/repository/commons-logging/commons-logging/1.1.3/commons-logging-1.1.3.jar:/home/user/.m2/repository/log4j/log4j/1.2.17/log4j-1.2.17.jar:/home/user/.m2/repository/commons-beanutils/commons-beanutils/1.9.4/commons-beanutils-1.9.4.jar:/home/user/.m2/repository/org/apache/commons/commons-configuration2/2.1.1/commons-configuration2-2.1.1.jar:/home/user/.m2/repository/org/apache/commons/commons-lang3/3.7/commons-lang3-3.7.jar:/home/user/.m2/repository/org/apache/commons/commons-text/1.4/commons-text-1.4.jar:/home/user/.m2/repository/org/slf4j/slf4j-api/1.7.25/slf4j-api-1.7.25.jar:/home/user/.m2/repository/org/slf4j/slf4j-log4j12/1.7.25/slf4j-log4j12-1.7.25.jar:/home/user/.m2/repository/org/apache/avro/avro/1.7.7/avro-1.7.7.jar:/home/user/.m2/repository/com/thoughtworks/paranamer/paranamer/2.3/paranamer-2.3.jar:/home/user/.m2/repository/org/xerial/snappy/snappy-java/1.0.5/snappy-java-1.0.5.jar:/home/user/.m2/repository/com/google/re2j/re2j/1.1/re2j-1.1.jar:/home/user/.m2/repository/com/google/code/gson/gson/2.2.4/gson-2.2.4.jar:/home/user/.m2/repository/org/apache/hadoop/hadoop-auth/3.2.0/hadoop-auth-3.2.0.jar:/home/user/.m2/repository/com/nimbusds/nimbus-jose-jwt/4.41.1/nimbus-jose-jwt-4.41.1.jar:/home/user/.m2/repository/com/github/stephenc/jcip/jcip-annotations/1.0-1/jcip-annotations-1.0-1.jar:/home/user/.m2/repository/net/minidev/json-smart/2.3/json-smart-2.3.jar:/home/user/.m2/repository/net/minidev/accessors-smart/1.2/accessors-smart-1.2.jar:/home/user/.m2/repository/org/apache/curator/curator-framework/2.12.0/curator-framework-2.12.0.jar:/home/user/.m2/repository/com/jcraft/jsch/0.1.54/jsch-0.1.54.jar:/home/user/.m2/repository/org/apache/curator/curator-client/2.12.0/curator-client-2.12.0.jar:/home/user/.m2/repository/org/apache/curator/curator-recipes/2.12.0/curator-recipes-2.12.0.jar:/home/user/.m2/repository/com/google/code/findbugs/jsr305/3.0.0/jsr305-3.0.0.jar:/home/user/.m2/repository/org/apache/htrace/htrace-core4/4.1.0-incubating/htrace-core4-4.1.0-incubating.jar:/home/user/.m2/repository/org/apache/zookeeper/zookeeper/3.4.13/zookeeper-3.4.13.jar:/home/user/.m2/repository/jline/jline/0.9.94/jline-0.9.94.jar:/home/user/.m2/repository/org/apache/yetus/audience-annotations/0.5.0/audience-annotations-0.5.0.jar:/home/user/.m2/repository/org/apache/kerby/kerb-simplekdc/1.0.1/kerb-simplekdc-1.0.1.jar:/home/user/.m2/repository/org/apache/kerby/kerb-client/1.0.1/kerb-client-1.0.1.jar:/home/user/.m2/repository/org/apache/kerby/kerby-config/1.0.1/kerby-config-1.0.1.jar:/home/user/.m2/repository/org/apache/kerby/kerb-core/1.0.1/kerb-core-1.0.1.jar:/home/user/.m2/repository/org/apache/kerby/kerby-pkix/1.0.1/kerby-pkix-1.0.1.jar:/home/user/.m2/repository/org/apache/kerby/kerby-asn1/1.0.1/kerby-asn1-1.0.1.jar:/home/user/.m2/repository/org/apache/kerby/kerby-util/1.0.1/kerby-util-1.0.1.jar:/home/user/.m2/repository/org/apache/kerby/kerb-common/1.0.1/kerb-common-1.0.1.jar:/home/user/.m2/repository/org/apache/kerby/kerb-crypto/1.0.1/kerb-crypto-1.0.1.jar:/home/user/.m2/repository/org/apache/kerby/kerb-util/1.0.1/kerb-util-1.0.1.jar:/home/user/.m2/repository/org/apache/kerby/token-provider/1.0.1/token-provider-1.0.1.jar:/home/user/.m2/repository/org/apache/kerby/kerb-admin/1.0.1/kerb-admin-1.0.1.jar:/home/user/.m2/repository/org/apache/kerby/kerb-server/1.0.1/kerb-server-1.0.1.jar:/home/user/.m2/repository/org/apache/kerby/kerb-identity/1.0.1/kerb-identity-1.0.1.jar:/home/user/.m2/repository/org/apache/kerby/kerby-xdr/1.0.1/kerby-xdr-1.0.1.jar:/home/user/.m2/repository/com/fasterxml/jackson/core/jackson-databind/2.9.9/jackson-databind-2.9.9.jar:/home/user/.m2/repository/com/fasterxml/jackson/core/jackson-core/2.9.9/jackson-core-2.9.9.jar:/home/user/.m2/repository/org/codehaus/woodstox/stax2-api/3.1.4/stax2-api-3.1.4.jar:/home/user/.m2/repository/com/fasterxml/woodstox/woodstox-core/5.0.3/woodstox-core-5.0.3.jar:/home/user/.m2/repository/dnsjava/dnsjava/2.1.7/dnsjava-2.1.7.jar:/home/user/.m2/repository/org/apache/hadoop/hadoop-hdfs/3.2.0/hadoop-hdfs-3.2.0.jar:/home/user/.m2/repository/org/eclipse/jetty/jetty-util-ajax/9.3.25.v20180904/jetty-util-ajax-9.3.25.v20180904.jar:/home/user/.m2/repository/commons-daemon/commons-daemon/1.0.13/commons-daemon-1.0.13.jar:/home/user/.m2/repository/io/netty/netty/3.10.5.Final/netty-3.10.5.Final.jar:/home/user/.m2/repository/io/netty/netty-all/4.0.52.Final/netty-all-4.0.52.Final.jar:/home/user/.m2/repository/org/fusesource/leveldbjni/leveldbjni-all/1.8/leveldbjni-all-1.8.jar:/home/user/.m2/repository/com/sun/xml/bind/jaxb-core/2.3.0.1/jaxb-core-2.3.0.1.jar:/home/user/.m2/repository/javax/xml/bind/jaxb-api/2.3.0/jaxb-api-2.3.0.jar:/home/user/.m2/repository/javax/activation/activation/1.1.1/activation-1.1.1.jar:/home/user/.m2/repository/org/openjdk/jmh/jmh-core/1.19/jmh-core-1.19.jar:/home/user/.m2/repository/net/sf/jopt-simple/jopt-simple/4.6/jopt-simple-4.6.jar:/home/user/.m2/repository/org/openjdk/jmh/jmh-generator-annprocess/1.19/jmh-generator-annprocess-1.19.jar:/home/user/.m2/repository/io/dropwizard/metrics/metrics-core/3.2.4/metrics-core-3.2.4.jar:/home/user/.m2/repository/com/amazonaws/aws-java-sdk-s3/1.11.615/aws-java-sdk-s3-1.11.615.jar:/home/user/.m2/repository/com/amazonaws/aws-java-sdk-kms/1.11.615/aws-java-sdk-kms-1.11.615.jar:/home/user/.m2/repository/com/amazonaws/aws-java-sdk-core/1.11.615/aws-java-sdk-core-1.11.615.jar:/home/user/.m2/repository/software/amazon/ion/ion-java/1.0.2/ion-java-1.0.2.jar:/home/user/.m2/repository/com/fasterxml/jackson/dataformat/jackson-dataformat-cbor/2.9.9/jackson-dataformat-cbor-2.9.9.jar:/home/user/.m2/repository/joda-time/joda-time/2.9.9/joda-time-2.9.9.jar:/home/user/.m2/repository/com/amazonaws/jmespath-java/1.11.615/jmespath-java-1.11.615.jar:/home/user/.m2/repository/com/github/spotbugs/spotbugs/3.1.12/spotbugs-3.1.12.jar:/home/user/.m2/repository/org/ow2/asm/asm/5.0.4/asm-5.0.4.jar:/home/user/.m2/repository/org/ow2/asm/asm-analysis/7.0/asm-analysis-7.0.jar:/home/user/.m2/repository/org/ow2/asm/asm-commons/7.0/asm-commons-7.0.jar:/home/user/.m2/repository/org/ow2/asm/asm-tree/7.0/asm-tree-7.0.jar:/home/user/.m2/repository/org/ow2/asm/asm-util/7.0/asm-util-7.0.jar:/home/user/.m2/repository/org/apache/bcel/bcel/6.3/bcel-6.3.jar:/home/user/.m2/repository/net/jcip/jcip-annotations/1.0/jcip-annotations-1.0.jar:/home/user/.m2/repository/org/dom4j/dom4j/2.1.1/dom4j-2.1.1.jar:/home/user/.m2/repository/jaxen/jaxen/1.1.6/jaxen-1.1.6.jar:/home/user/.m2/repository/commons-lang/commons-lang/2.6/commons-lang-2.6.jar:/home/user/.m2/repository/com/github/spotbugs/spotbugs-annotations/3.1.12/spotbugs-annotations-3.1.12.jar:/home/user/.m2/repository/junit/junit/4.11/junit-4.11.jar:/home/user/.m2/repository/org/hamcrest/hamcrest-core/1.3/hamcrest-core-1.3.jar:/home/user/.m2/repository/org/apache/hadoop/hadoop-common/3.2.0/hadoop-common-3.2.0-tests.jar:/workdir/hadoop-ozone/integration-test/target/test-classes:/home/user/.m2/repository/org/apache/hadoop/hadoop-ozone-s3gateway/0.5.0-SNAPSHOT/hadoop-ozone-s3gateway-0.5.0-SNAPSHOT.jar:/home/user/.m2/repository/org/jboss/weld/servlet/weld-servlet/2.4.7.Final/weld-servlet-2.4.7.Final.jar:/home/user/.m2/repository/org/glassfish/jersey/containers/jersey-container-servlet-core/2.27/jersey-container-servlet-core-2.27.jar:/home/user/.m2/repository/org/glassfish/hk2/external/javax.inject/2.5.0-b42/javax.inject-2.5.0-b42.jar:/home/user/.m2/repository/org/glassfish/jersey/core/jersey-common/2.27/jersey-common-2.27.jar:/home/user/.m2/repository/org/glassfish/hk2/osgi-resource-locator/1.0.1/osgi-resource-locator-1.0.1.jar:/home/user/.m2/repository/javax/ws/rs/javax.ws.rs-api/2.1/javax.ws.rs-api-2.1.jar:/home/user/.m2/repository/org/glassfish/jersey/ext/cdi/jersey-cdi1x/2.27/jersey-cdi1x-2.27.jar:/home/user/.m2/repository/org/glassfish/jersey/inject/jersey-hk2/2.27/jersey-hk2-2.27.jar:/home/user/.m2/repository/org/glassfish/hk2/hk2-locator/2.5.0-b42/hk2-locator-2.5.0-b42.jar:/home/user/.m2/repository/org/javassist/javassist/3.22.0-CR2/javassist-3.22.0-CR2.jar:/home/user/.m2/repository/org/glassfish/hk2/hk2-api/2.5.0/hk2-api-2.5.0.jar:/home/user/.m2/repository/org/glassfish/hk2/external/jakarta.inject/2.5.0/jakarta.inject-2.5.0.jar:/home/user/.m2/repository/org/glassfish/hk2/hk2-utils/2.5.0/hk2-utils-2.5.0.jar:/home/user/.m2/repository/jakarta/annotation/jakarta.annotation-api/1.3.4/jakarta.annotation-api-1.3.4.jar:/home/user/.m2/repository/org/glassfish/hk2/external/aopalliance-repackaged/2.5.0/aopalliance-repackaged-2.5.0.jar:/home/user/.m2/repository/com/fasterxml/jackson/dataformat/jackson-dataformat-xml/2.9.0/jackson-dataformat-xml-2.9.0.jar:/home/user/.m2/repository/com/fasterxml/jackson/module/jackson-module-jaxb-annotations/2.9.9/jackson-module-jaxb-annotations-2.9.9.jar:/home/user/.m2/repository/javax/enterprise/cdi-api/1.2/cdi-api-1.2.jar:/home/user/.m2/repository/javax/el/javax.el-api/3.0.0/javax.el-api-3.0.0.jar:/home/user/.m2/repository/javax/interceptor/javax.interceptor-api/1.2/javax.interceptor-api-1.2.jar:/home/user/.m2/repository/javax/inject/javax.inject/1/javax.inject-1.jar:/home/user/.m2/repository/org/apache/hadoop/hadoop-ozone-csi/0.5.0-SNAPSHOT/hadoop-ozone-csi-0.5.0-SNAPSHOT.jar:/home/user/.m2/repository/com/google/protobuf/protobuf-java-util/3.5.1/protobuf-java-util-3.5.1.jar:/home/user/.m2/repository/io/grpc/grpc-netty/1.17.1/grpc-netty-1.17.1.jar:/home/user/.m2/repository/io/grpc/grpc-core/1.17.1/grpc-core-1.17.1.jar:/home/user/.m2/repository/io/grpc/grpc-context/1.17.1/grpc-context-1.17.1.jar:/home/user/.m2/repository/com/google/errorprone/error_prone_annotations/2.2.0/error_prone_annotations-2.2.0.jar:/home/user/.m2/repository/org/codehaus/mojo/animal-sniffer-annotations/1.17/animal-sniffer-annotations-1.17.jar:/home/user/.m2/repository/io/opencensus/opencensus-api/0.17.0/opencensus-api-0.17.0.jar:/home/user/.m2/repository/io/opencensus/opencensus-contrib-grpc-metrics/0.17.0/opencensus-contrib-grpc-metrics-0.17.0.jar:/home/user/.m2/repository/io/netty/netty-codec-http2/4.1.30.Final/netty-codec-http2-4.1.30.Final.jar:/home/user/.m2/repository/io/netty/netty-codec-http/4.1.30.Final/netty-codec-http-4.1.30.Final.jar:/home/user/.m2/repository/io/netty/netty-codec/4.1.30.Final/netty-codec-4.1.30.Final.jar:/home/user/.m2/repository/io/netty/netty-handler/4.1.30.Final/netty-handler-4.1.30.Final.jar:/home/user/.m2/repository/io/netty/netty-handler-proxy/4.1.30.Final/netty-handler-proxy-4.1.30.Final.jar:/home/user/.m2/repository/io/netty/netty-codec-socks/4.1.30.Final/netty-codec-socks-4.1.30.Final.jar:/home/user/.m2/repository/io/netty/netty-transport-native-epoll/4.1.30.Final/netty-transport-native-epoll-4.1.30.Final.jar:/home/user/.m2/repository/io/netty/netty-common/4.1.30.Final/netty-common-4.1.30.Final.jar:/home/user/.m2/repository/io/netty/netty-buffer/4.1.30.Final/netty-buffer-4.1.30.Final.jar:/home/user/.m2/repository/io/netty/netty-transport/4.1.30.Final/netty-transport-4.1.30.Final.jar:/home/user/.m2/repository/io/netty/netty-resolver/4.1.30.Final/netty-resolver-4.1.30.Final.jar:/home/user/.m2/repository/io/netty/netty-transport-native-unix-common/4.1.30.Final/netty-transport-native-unix-common-4.1.30.Final.jar:/home/user/.m2/repository/io/grpc/grpc-protobuf/1.17.1/grpc-protobuf-1.17.1.jar:/home/user/.m2/repository/com/google/api/grpc/proto-google-common-protos/1.0.0/proto-google-common-protos-1.0.0.jar:/home/user/.m2/repository/io/grpc/grpc-protobuf-lite/1.17.1/grpc-protobuf-lite-1.17.1.jar:/home/user/.m2/repository/io/grpc/grpc-stub/1.17.1/grpc-stub-1.17.1.jar:/home/user/.m2/repository/org/apache/hadoop/hadoop-ozone-recon/0.5.0-SNAPSHOT/hadoop-ozone-recon-0.5.0-SNAPSHOT.jar:/home/user/.m2/repository/org/apache/hadoop/hadoop-ozone-reconcodegen/0.5.0-SNAPSHOT/hadoop-ozone-reconcodegen-0.5.0-SNAPSHOT.jar:/home/user/.m2/repository/com/google/inject/extensions/guice-multibindings/4.0/guice-multibindings-4.0.jar:/home/user/.m2/repository/com/google/inject/guice/4.0/guice-4.0.jar:/home/user/.m2/repository/aopalliance/aopalliance/1.0/aopalliance-1.0.jar:/home/user/.m2/repository/com/google/inject/extensions/guice-servlet/4.0/guice-servlet-4.0.jar:/home/user/.m2/repository/org/glassfish/jersey/containers/jersey-container-servlet/2.27/jersey-container-servlet-2.27.jar:/home/user/.m2/repository/org/glassfish/hk2/guice-bridge/2.5.0/guice-bridge-2.5.0.jar:/home/user/.m2/repository/org/glassfish/jersey/core/jersey-server/2.27/jersey-server-2.27.jar:/home/user/.m2/repository/org/glassfish/jersey/core/jersey-client/2.27/jersey-client-2.27.jar:/home/user/.m2/repository/org/glassfish/jersey/media/jersey-media-jaxb/2.27/jersey-media-jaxb-2.27.jar:/home/user/.m2/repository/javax/validation/validation-api/1.1.0.Final/validation-api-1.1.0.Final.jar:/home/user/.m2/repository/org/glassfish/jersey/media/jersey-media-json-jackson/2.27/jersey-media-json-jackson-2.27.jar:/home/user/.m2/repository/org/glassfish/jersey/ext/jersey-entity-filtering/2.27/jersey-entity-filtering-2.27.jar:/home/user/.m2/repository/com/google/inject/extensions/guice-assistedinject/4.0/guice-assistedinject-4.0.jar:/home/user/.m2/repository/org/jooq/jooq/3.11.10/jooq-3.11.10.jar:/home/user/.m2/repository/org/jooq/jooq-meta/3.11.10/jooq-meta-3.11.10.jar:/home/user/.m2/repository/org/jooq/jooq-codegen/3.11.10/jooq-codegen-3.11.10.jar:/home/user/.m2/repository/com/jolbox/bonecp/0.8.0.RELEASE/bonecp-0.8.0.RELEASE.jar:/home/user/.m2/repository/org/springframework/spring-jdbc/5.1.3.RELEASE/spring-jdbc-5.1.3.RELEASE.jar:/home/user/.m2/repository/org/springframework/spring-beans/5.1.3.RELEASE/spring-beans-5.1.3.RELEASE.jar:/home/user/.m2/repository/org/springframework/spring-core/5.1.3.RELEASE/spring-core-5.1.3.RELEASE.jar:/home/user/.m2/repository/org/springframework/spring-jcl/5.1.3.RELEASE/spring-jcl-5.1.3.RELEASE.jar:/home/user/.m2/repository/org/springframework/spring-tx/5.1.3.RELEASE/spring-tx-5.1.3.RELEASE.jar:/home/user/.m2/repository/org/mockito/mockito-core/2.15.0/mockito-core-2.15.0.jar:/home/user/.m2/repository/net/bytebuddy/byte-buddy/1.7.9/byte-buddy-1.7.9.jar:/home/user/.m2/repository/net/bytebuddy/byte-buddy-agent/1.7.9/byte-buddy-agent-1.7.9.jar:/home/user/.m2/repository/org/objenesis/objenesis/1.0/objenesis-1.0.jar:"/>
    <property name="sun.cpu.endian" value="little"/>
    <property name="user.home" value="/home/user"/>
    <property name="user.language" value="en"/>
    <property name="java.specification.vendor" value="Oracle Corporation"/>
    <property name="java.home" value="/usr/lib/jvm/java-1.8.0-openjdk-1.8.0.222.b10-1.el7_7.x86_64/jre"/>
    <property name="surefire.excludesFile" value="/tools/ozone-bad-unit-tests"/>
    <property name="java.security.krb5.conf" value="/workdir/hadoop-ozone/tools/target/test-classes/krb5.conf"/>
    <property name="basedir" value="/workdir/hadoop-ozone/tools"/>
    <property name="file.separator" value="/"/>
    <property name="line.separator" value="&#10;"/>
    <property name="java.vm.specification.vendor" value="Oracle Corporation"/>
    <property name="java.specification.name" value="Java Platform API Specification"/>
    <property name="java.awt.graphicsenv" value="sun.awt.X11GraphicsEnvironment"/>
    <property name="surefire.real.class.path" value="/workdir/hadoop-ozone/tools/target/surefire/surefirebooter4555667828473056165.jar"/>
    <property name="hadoop.log.dir" value="/workdir/hadoop-ozone/tools/target/log"/>
    <property name="sun.boot.class.path" value="/usr/lib/jvm/java-1.8.0-openjdk-1.8.0.222.b10-1.el7_7.x86_64/jre/lib/resources.jar:/usr/lib/jvm/java-1.8.0-openjdk-1.8.0.222.b10-1.el7_7.x86_64/jre/lib/rt.jar:/usr/lib/jvm/java-1.8.0-openjdk-1.8.0.222.b10-1.el7_7.x86_64/jre/lib/sunrsasign.jar:/usr/lib/jvm/java-1.8.0-openjdk-1.8.0.222.b10-1.el7_7.x86_64/jre/lib/jsse.jar:/usr/lib/jvm/java-1.8.0-openjdk-1.8.0.222.b10-1.el7_7.x86_64/jre/lib/jce.jar:/usr/lib/jvm/java-1.8.0-openjdk-1.8.0.222.b10-1.el7_7.x86_64/jre/lib/charsets.jar:/usr/lib/jvm/java-1.8.0-openjdk-1.8.0.222.b10-1.el7_7.x86_64/jre/lib/jfr.jar:/usr/lib/jvm/java-1.8.0-openjdk-1.8.0.222.b10-1.el7_7.x86_64/jre/classes"/>
    <property name="sun.management.compiler" value="HotSpot 64-Bit Tiered Compilers"/>
    <property name="java.runtime.version" value="1.8.0_222-b10"/>
    <property name="java.net.preferIPv4Stack" value="true"/>
    <property name="user.name" value="jenkins1000"/>
    <property name="path.separator" value=":"/>
    <property name="java.security.egd" value="file:///dev/urandom"/>
    <property name="os.version" value="3.10.0-957.12.2.el7.x86_64"/>
    <property name="java.endorsed.dirs" value="/usr/lib/jvm/java-1.8.0-openjdk-1.8.0.222.b10-1.el7_7.x86_64/jre/lib/endorsed"/>
    <property name="java.runtime.name" value="OpenJDK Runtime Environment"/>
    <property name="file.encoding" value="ANSI_X3.4-1968"/>
    <property name="java.vm.name" value="OpenJDK 64-Bit Server VM"/>
    <property name="test.build.webapps" value=""/>
    <property name="localRepository" value="/home/user/.m2/repository"/>
    <property name="java.vendor.url.bug" value="http://bugreport.sun.com/bugreport/"/>
    <property name="java.io.tmpdir" value="/tmp"/>
    <property name="require.test.libhadoop" value=""/>
    <property name="java.version" value="1.8.0_222"/>
    <property name="user.dir" value="/workdir/hadoop-ozone/tools"/>
    <property name="os.arch" value="amd64"/>
    <property name="java.vm.specification.name" value="Java Virtual Machine Specification"/>
    <property name="test.build.classes" value="/workdir/hadoop-ozone/tools/target/test-classes"/>
    <property name="java.awt.printerjob" value="sun.print.PSPrinterJob"/>
    <property name="sun.os.patch.level" value="unknown"/>
    <property name="hadoop.tmp.dir" value="/workdir/hadoop-ozone/tools/target/tmp"/>
    <property name="java.library.path" value="/usr/lib:/workdir/hadoop-ozone/tools/target/native/target/usr/local/lib:/workdir/hadoop-ozone/tools/../../hadoop-common-project/hadoop-common/target/native/target/usr/local/lib:/usr/java/packages/lib/amd64:/usr/lib64:/lib64:/lib:/usr/lib"/>
    <property name="java.vm.info" value="mixed mode"/>
    <property name="java.vendor" value="Oracle Corporation"/>
    <property name="java.vm.version" value="25.222-b10"/>
    <property name="java.ext.dirs" value="/usr/lib/jvm/java-1.8.0-openjdk-1.8.0.222.b10-1.el7_7.x86_64/jre/lib/ext:/usr/java/packages/lib/ext"/>
    <property name="sun.io.unicode.encoding" value="UnicodeLittle"/>
    <property name="java.class.version" value="52.0"/>
  </properties>
  <testcase name="testRestart" classname="org.apache.hadoop.ozone.freon.TestFreonWithPipelineDestroy" time="19.468">
    <error message="Allocated 0 blocks. Requested 5 blocks" type="INTERNAL_ERROR org.apache.hadoop.ozone.om.exceptions.OMException">INTERNAL_ERROR org.apache.hadoop.ozone.om.exceptions.OMException: Allocated 0 blocks. Requested 5 blocks
	at org.apache.hadoop.ozone.om.protocolPB.OzoneManagerProtocolClientSideTranslatorPB.handleError(OzoneManagerProtocolClientSideTranslatorPB.java:732)
	at org.apache.hadoop.ozone.om.protocolPB.OzoneManagerProtocolClientSideTranslatorPB.openKey(OzoneManagerProtocolClientSideTranslatorPB.java:723)
	at sun.reflect.NativeMethodAccessorImpl.invoke0(Native Method)
	at sun.reflect.NativeMethodAccessorImpl.invoke(NativeMethodAccessorImpl.java:62)
	at sun.reflect.DelegatingMethodAccessorImpl.invoke(DelegatingMethodAccessorImpl.java:43)
	at java.lang.reflect.Method.invoke(Method.java:498)
	at org.apache.hadoop.hdds.tracing.TraceAllMethod.invoke(TraceAllMethod.java:66)
	at com.sun.proxy.$Proxy37.openKey(Unknown Source)
	at org.apache.hadoop.ozone.client.rpc.RpcClient.createKey(RpcClient.java:614)
	at org.apache.hadoop.ozone.client.OzoneBucket.createKey(OzoneBucket.java:325)
	at org.apache.hadoop.ozone.freon.RandomKeyGenerator.createKey(RandomKeyGenerator.java:695)
	at org.apache.hadoop.ozone.freon.RandomKeyGenerator.access$1100(RandomKeyGenerator.java:88)
	at org.apache.hadoop.ozone.freon.RandomKeyGenerator$ObjectCreator.run(RandomKeyGenerator.java:615)
	at java.util.concurrent.Executors$RunnableAdapter.call(Executors.java:511)
	at java.util.concurrent.FutureTask.run(FutureTask.java:266)
	at java.util.concurrent.ThreadPoolExecutor.runWorker(ThreadPoolExecutor.java:1149)
	at java.util.concurrent.ThreadPoolExecutor$Worker.run(ThreadPoolExecutor.java:624)
	at java.lang.Thread.run(Thread.java:748)
</error>
    <system-out><![CDATA[2019-10-21 10:13:01,944 [main] WARN  server.ServerUtils (ServerUtils.java:getScmDbDir(145)) - ozone.scm.db.dirs is not configured. We recommend adding this setting. Falling back to ozone.metadata.dirs instead.
2019-10-21 10:13:02,084 [main] WARN  server.ServerUtils (ServerUtils.java:getScmDbDir(145)) - ozone.scm.db.dirs is not configured. We recommend adding this setting. Falling back to ozone.metadata.dirs instead.
2019-10-21 10:13:02,088 [main] WARN  server.ServerUtils (ServerUtils.java:getScmDbDir(145)) - ozone.scm.db.dirs is not configured. We recommend adding this setting. Falling back to ozone.metadata.dirs instead.
2019-10-21 10:13:02,116 [main] INFO  util.log (Log.java:initialized(192)) - Logging initialized @900ms
2019-10-21 10:13:02,249 [main] INFO  db.DBStoreBuilder (DBStoreBuilder.java:addTable(117)) - using custom profile for table: deletedBlocks
2019-10-21 10:13:02,249 [main] INFO  db.DBStoreBuilder (DBStoreBuilder.java:processTables(168)) - Using default column profile:DBProfile.DISK for Table:deletedBlocks
2019-10-21 10:13:02,250 [main] INFO  db.DBStoreBuilder (DBStoreBuilder.java:addTable(117)) - using custom profile for table: validCerts
2019-10-21 10:13:02,250 [main] INFO  db.DBStoreBuilder (DBStoreBuilder.java:processTables(168)) - Using default column profile:DBProfile.DISK for Table:validCerts
2019-10-21 10:13:02,250 [main] INFO  db.DBStoreBuilder (DBStoreBuilder.java:addTable(117)) - using custom profile for table: revokedCerts
2019-10-21 10:13:02,251 [main] INFO  db.DBStoreBuilder (DBStoreBuilder.java:processTables(168)) - Using default column profile:DBProfile.DISK for Table:revokedCerts
2019-10-21 10:13:02,262 [main] INFO  db.DBStoreBuilder (DBStoreBuilder.java:addTable(117)) - using custom profile for table: default
2019-10-21 10:13:02,263 [main] INFO  db.DBStoreBuilder (DBStoreBuilder.java:processTables(174)) - Using default column profile:DBProfile.DISK for Table:default
2019-10-21 10:13:02,264 [main] INFO  db.DBStoreBuilder (DBStoreBuilder.java:getDbProfile(205)) - Using default options. DBProfile.DISK
2019-10-21 10:13:02,554 [main] INFO  net.NodeSchemaLoader (NodeSchemaLoader.java:loadSchemaFromFile(125)) - Loading file from sun.misc.CompoundEnumeration@30c15d8b
2019-10-21 10:13:02,556 [main] INFO  net.NodeSchemaLoader (NodeSchemaLoader.java:loadSchema(171)) - Loading network topology layer schema file
2019-10-21 10:13:02,620 [main] INFO  node.SCMNodeManager (SCMNodeManager.java:<init>(116)) - Entering startup safe mode.
2019-10-21 10:13:02,682 [main] INFO  algorithms.ContainerPlacementPolicyFactory (ContainerPlacementPolicyFactory.java:getPolicy(57)) - Create container placement policy of type org.apache.hadoop.hdds.scm.container.placement.algorithms.SCMContainerPlacementRandom
2019-10-21 10:13:02,695 [main] WARN  server.ServerUtils (ServerUtils.java:getScmDbDir(145)) - ozone.scm.db.dirs is not configured. We recommend adding this setting. Falling back to ozone.metadata.dirs instead.
2019-10-21 10:13:02,777 [main] INFO  pipeline.SCMPipelineManager (SCMPipelineManager.java:initializePipelineState(133)) - No pipeline exists in current db
2019-10-21 10:13:02,780 [main] WARN  server.ServerUtils (ServerUtils.java:getScmDbDir(145)) - ozone.scm.db.dirs is not configured. We recommend adding this setting. Falling back to ozone.metadata.dirs instead.
2019-10-21 10:13:02,942 [main] WARN  events.EventQueue (EventQueue.java:fireEvent(183)) - No event handler registered for event TypedEvent{payloadType=SafeModeStatus, name='SafeModeStatus'}
2019-10-21 10:13:03,317 [main] INFO  ipc.CallQueueManager (CallQueueManager.java:<init>(84)) - Using callQueue: class java.util.concurrent.LinkedBlockingQueue, queueCapacity: 2000, scheduler: class org.apache.hadoop.ipc.DefaultRpcScheduler, ipcBackoff: false.
2019-10-21 10:13:03,463 [Socket Reader #1 for port 40214] INFO  ipc.Server (Server.java:run(1074)) - Starting Socket Reader #1 for port 40214
2019-10-21 10:13:03,502 [main] INFO  ipc.CallQueueManager (CallQueueManager.java:<init>(84)) - Using callQueue: class java.util.concurrent.LinkedBlockingQueue, queueCapacity: 2000, scheduler: class org.apache.hadoop.ipc.DefaultRpcScheduler, ipcBackoff: false.
2019-10-21 10:13:03,503 [Socket Reader #1 for port 40154] INFO  ipc.Server (Server.java:run(1074)) - Starting Socket Reader #1 for port 40154
2019-10-21 10:13:03,513 [main] INFO  ipc.CallQueueManager (CallQueueManager.java:<init>(84)) - Using callQueue: class java.util.concurrent.LinkedBlockingQueue, queueCapacity: 2000, scheduler: class org.apache.hadoop.ipc.DefaultRpcScheduler, ipcBackoff: false.
2019-10-21 10:13:03,514 [Socket Reader #1 for port 38894] INFO  ipc.Server (Server.java:run(1074)) - Starting Socket Reader #1 for port 38894
2019-10-21 10:13:03,556 [main] INFO  hdfs.DFSUtil (DFSUtil.java:httpServerTemplateForNNAndJN(1641)) - Starting Web-server for scm at: http://0.0.0.0:0
2019-10-21 10:13:03,704 [main] INFO  server.AuthenticationFilter (AuthenticationFilter.java:constructSecretProvider(240)) - Unable to initialize FileSignerSecretProvider, falling back to use random secrets.
2019-10-21 10:13:03,720 [main] WARN  http.HttpRequestLog (HttpRequestLog.java:getRequestLog(97)) - Jetty request log can only be enabled using Log4j
2019-10-21 10:13:03,728 [main] INFO  http.HttpServer2 (HttpServer2.java:addGlobalFilter(975)) - Added global filter 'safety' (class=org.apache.hadoop.http.HttpServer2$QuotingInputFilter)
2019-10-21 10:13:03,731 [main] INFO  http.HttpServer2 (HttpServer2.java:addFilter(948)) - Added filter static_user_filter (class=org.apache.hadoop.http.lib.StaticUserWebFilter$StaticUserFilter) to context scm
2019-10-21 10:13:03,731 [main] INFO  http.HttpServer2 (HttpServer2.java:addFilter(958)) - Added filter static_user_filter (class=org.apache.hadoop.http.lib.StaticUserWebFilter$StaticUserFilter) to context logs
2019-10-21 10:13:03,732 [main] INFO  http.HttpServer2 (HttpServer2.java:addFilter(958)) - Added filter static_user_filter (class=org.apache.hadoop.http.lib.StaticUserWebFilter$StaticUserFilter) to context static
2019-10-21 10:13:03,758 [main] INFO  server.StorageContainerManager (StorageContainerManager.java:start(772)) - StorageContainerLocationProtocol RPC server is listening at /0.0.0.0:38894
2019-10-21 10:13:03,808 [main] WARN  impl.MetricsConfig (MetricsConfig.java:loadFirst(134)) - Cannot locate configuration: tried hadoop-metrics2-storagecontainermanager.properties,hadoop-metrics2.properties
2019-10-21 10:13:03,821 [main] INFO  impl.MetricsSystemImpl (MetricsSystemImpl.java:startTimer(374)) - Scheduled Metric snapshot period at 10 second(s).
2019-10-21 10:13:03,821 [main] INFO  impl.MetricsSystemImpl (MetricsSystemImpl.java:start(191)) - StorageContainerManager metrics system started
2019-10-21 10:13:04,045 [main] INFO  server.SCMClientProtocolServer (SCMClientProtocolServer.java:start(159)) - RPC server for Client  is listening at /0.0.0.0:38894
2019-10-21 10:13:04,045 [IPC Server Responder] INFO  ipc.Server (Server.java:run(1314)) - IPC Server Responder: starting
2019-10-21 10:13:04,045 [IPC Server listener on 38894] INFO  ipc.Server (Server.java:run(1153)) - IPC Server listener on 38894: starting
2019-10-21 10:13:04,048 [main] INFO  server.StorageContainerManager (StorageContainerManager.java:start(782)) - ScmBlockLocationProtocol RPC server is listening at /0.0.0.0:40154
2019-10-21 10:13:04,049 [main] INFO  server.SCMBlockProtocolServer (SCMBlockProtocolServer.java:start(146)) - RPC server for Block Protocol is listening at /0.0.0.0:40154
2019-10-21 10:13:04,049 [IPC Server Responder] INFO  ipc.Server (Server.java:run(1314)) - IPC Server Responder: starting
2019-10-21 10:13:04,049 [IPC Server listener on 40154] INFO  ipc.Server (Server.java:run(1153)) - IPC Server listener on 40154: starting
2019-10-21 10:13:04,052 [main] INFO  server.StorageContainerManager (StorageContainerManager.java:start(786)) - ScmDatanodeProtocl RPC server is listening at /0.0.0.0:40214
2019-10-21 10:13:04,052 [main] INFO  server.SCMDatanodeProtocolServer (SCMDatanodeProtocolServer.java:start(169)) - RPC server for DataNodes is listening at /0.0.0.0:40214
2019-10-21 10:13:04,053 [IPC Server Responder] INFO  ipc.Server (Server.java:run(1314)) - IPC Server Responder: starting
2019-10-21 10:13:04,053 [IPC Server listener on 40214] INFO  ipc.Server (Server.java:run(1153)) - IPC Server listener on 40214: starting
2019-10-21 10:13:04,057 [main] INFO  http.HttpServer2 (HttpServer2.java:bindListener(1191)) - Jetty bound to port 38181
2019-10-21 10:13:04,058 [main] INFO  server.Server (Server.java:doStart(351)) - jetty-9.3.25.v20180904, build timestamp: 2018-09-04T21:11:46Z, git hash: 3ce520221d0240229c862b122d2b06c12a625732
2019-10-21 10:13:04,089 [main] INFO  handler.ContextHandler (ContextHandler.java:doStart(781)) - Started o.e.j.s.ServletContextHandler@1dd6d4b7{/logs,file:///workdir/hadoop-ozone/tools/target/log,AVAILABLE}
2019-10-21 10:13:04,090 [main] INFO  handler.ContextHandler (ContextHandler.java:doStart(781)) - Started o.e.j.s.ServletContextHandler@53142455{/static,jar:file:/home/user/.m2/repository/org/apache/hadoop/hadoop-hdds-server-scm/0.5.0-SNAPSHOT/hadoop-hdds-server-scm-0.5.0-SNAPSHOT.jar!/webapps/static,AVAILABLE}
2019-10-21 10:13:04,162 [main] INFO  handler.ContextHandler (ContextHandler.java:doStart(781)) - Started o.e.j.w.WebAppContext@60094a13{/,file:///tmp/jetty-0.0.0.0-38181-scm-_-any-6199865759692671572.dir/webapp/,AVAILABLE}{/scm}
2019-10-21 10:13:04,167 [main] INFO  server.AbstractConnector (AbstractConnector.java:doStart(278)) - Started ServerConnector@1a2e2935{HTTP/1.1,[http/1.1]}{0.0.0.0:38181}
2019-10-21 10:13:04,167 [main] INFO  server.Server (Server.java:doStart(419)) - Started @2952ms
2019-10-21 10:13:04,170 [main] INFO  impl.MetricsSinkAdapter (MetricsSinkAdapter.java:start(204)) - Sink prometheus started
2019-10-21 10:13:04,170 [main] INFO  impl.MetricsSystemImpl (MetricsSystemImpl.java:registerSink(301)) - Registered sink prometheus
2019-10-21 10:13:04,171 [main] INFO  server.BaseHttpServer (BaseHttpServer.java:updateConnectorAddress(215)) - HTTP server of SCM is listening at http://0.0.0.0:38181
2019-10-21 10:13:04,177 [org.apache.hadoop.util.JvmPauseMonitor$Monitor@bc57b40] INFO  util.JvmPauseMonitor (JvmPauseMonitor.java:run(188)) - Starting JVM pause monitor
2019-10-21 10:13:04,180 [main] WARN  server.ServerUtils (ServerUtils.java:getDBPath(222)) - ozone.om.db.dirs is not configured. We recommend adding this setting. Falling back to ozone.metadata.dirs instead.
2019-10-21 10:13:04,276 [main] INFO  ha.OMHANodeDetails (OMHANodeDetails.java:loadOMHAConfig(190)) - Configuration either no ozone.om.address set. Falling back to the default OM address /127.0.0.1:0
2019-10-21 10:13:04,276 [main] INFO  ha.OMHANodeDetails (OMHANodeDetails.java:getOMNodeDetails(220)) - OM Service ID is not set. Setting it to the default ID: omServiceIdDefault
2019-10-21 10:13:04,278 [main] WARN  server.ServerUtils (ServerUtils.java:getDBPath(222)) - ozone.om.db.dirs is not configured. We recommend adding this setting. Falling back to ozone.metadata.dirs instead.
2019-10-21 10:13:04,278 [main] WARN  server.ServerUtils (ServerUtils.java:getDBPath(222)) - ozone.om.db.dirs is not configured. We recommend adding this setting. Falling back to ozone.metadata.dirs instead.
2019-10-21 10:13:04,919 [main] WARN  server.ServerUtils (ServerUtils.java:getDBPath(222)) - ozone.om.db.dirs is not configured. We recommend adding this setting. Falling back to ozone.metadata.dirs instead.
2019-10-21 10:13:04,927 [main] INFO  db.DBStoreBuilder (DBStoreBuilder.java:addTable(117)) - using custom profile for table: userTable
2019-10-21 10:13:04,928 [main] INFO  db.DBStoreBuilder (DBStoreBuilder.java:processTables(168)) - Using default column profile:DBProfile.DISK for Table:userTable
2019-10-21 10:13:04,928 [main] INFO  db.DBStoreBuilder (DBStoreBuilder.java:addTable(117)) - using custom profile for table: volumeTable
2019-10-21 10:13:04,928 [main] INFO  db.DBStoreBuilder (DBStoreBuilder.java:processTables(168)) - Using default column profile:DBProfile.DISK for Table:volumeTable
2019-10-21 10:13:04,928 [main] INFO  db.DBStoreBuilder (DBStoreBuilder.java:addTable(117)) - using custom profile for table: bucketTable
2019-10-21 10:13:04,928 [main] INFO  db.DBStoreBuilder (DBStoreBuilder.java:processTables(168)) - Using default column profile:DBProfile.DISK for Table:bucketTable
2019-10-21 10:13:04,929 [main] INFO  db.DBStoreBuilder (DBStoreBuilder.java:addTable(117)) - using custom profile for table: keyTable
2019-10-21 10:13:04,929 [main] INFO  db.DBStoreBuilder (DBStoreBuilder.java:processTables(168)) - Using default column profile:DBProfile.DISK for Table:keyTable
2019-10-21 10:13:04,929 [main] INFO  db.DBStoreBuilder (DBStoreBuilder.java:addTable(117)) - using custom profile for table: deletedTable
2019-10-21 10:13:04,929 [main] INFO  db.DBStoreBuilder (DBStoreBuilder.java:processTables(168)) - Using default column profile:DBProfile.DISK for Table:deletedTable
2019-10-21 10:13:04,930 [main] INFO  db.DBStoreBuilder (DBStoreBuilder.java:addTable(117)) - using custom profile for table: openKeyTable
2019-10-21 10:13:04,930 [main] INFO  db.DBStoreBuilder (DBStoreBuilder.java:processTables(168)) - Using default column profile:DBProfile.DISK for Table:openKeyTable
2019-10-21 10:13:04,930 [main] INFO  db.DBStoreBuilder (DBStoreBuilder.java:addTable(117)) - using custom profile for table: s3Table
2019-10-21 10:13:04,930 [main] INFO  db.DBStoreBuilder (DBStoreBuilder.java:processTables(168)) - Using default column profile:DBProfile.DISK for Table:s3Table
2019-10-21 10:13:04,930 [main] INFO  db.DBStoreBuilder (DBStoreBuilder.java:addTable(117)) - using custom profile for table: multipartInfoTable
2019-10-21 10:13:04,931 [main] INFO  db.DBStoreBuilder (DBStoreBuilder.java:processTables(168)) - Using default column profile:DBProfile.DISK for Table:multipartInfoTable
2019-10-21 10:13:04,931 [main] INFO  db.DBStoreBuilder (DBStoreBuilder.java:addTable(117)) - using custom profile for table: dTokenTable
2019-10-21 10:13:04,931 [main] INFO  db.DBStoreBuilder (DBStoreBuilder.java:processTables(168)) - Using default column profile:DBProfile.DISK for Table:dTokenTable
2019-10-21 10:13:04,931 [main] INFO  db.DBStoreBuilder (DBStoreBuilder.java:addTable(117)) - using custom profile for table: s3SecretTable
2019-10-21 10:13:04,932 [main] INFO  db.DBStoreBuilder (DBStoreBuilder.java:processTables(168)) - Using default column profile:DBProfile.DISK for Table:s3SecretTable
2019-10-21 10:13:04,932 [main] INFO  db.DBStoreBuilder (DBStoreBuilder.java:addTable(117)) - using custom profile for table: prefixTable
2019-10-21 10:13:04,932 [main] INFO  db.DBStoreBuilder (DBStoreBuilder.java:processTables(168)) - Using default column profile:DBProfile.DISK for Table:prefixTable
2019-10-21 10:13:04,932 [main] INFO  db.DBStoreBuilder (DBStoreBuilder.java:addTable(117)) - using custom profile for table: default
2019-10-21 10:13:04,933 [main] INFO  db.DBStoreBuilder (DBStoreBuilder.java:processTables(174)) - Using default column profile:DBProfile.DISK for Table:default
2019-10-21 10:13:04,933 [main] INFO  db.DBStoreBuilder (DBStoreBuilder.java:getDbProfile(205)) - Using default options. DBProfile.DISK
2019-10-21 10:13:05,317 [main] INFO  ipc.CallQueueManager (CallQueueManager.java:<init>(84)) - Using callQueue: class java.util.concurrent.LinkedBlockingQueue, queueCapacity: 2000, scheduler: class org.apache.hadoop.ipc.DefaultRpcScheduler, ipcBackoff: false.
2019-10-21 10:13:05,319 [Socket Reader #1 for port 37378] INFO  ipc.Server (Server.java:run(1074)) - Starting Socket Reader #1 for port 37378
2019-10-21 10:13:05,346 [main] INFO  om.OzoneManager (OzoneManager.java:start(1074)) - OzoneManager RPC server is listening at localhost/127.0.0.1:37378
2019-10-21 10:13:05,346 [main] INFO  impl.MetricsSystemImpl (MetricsSystemImpl.java:init(158)) - OzoneManager metrics system started (again)
2019-10-21 10:13:05,355 [IPC Server Responder] INFO  ipc.Server (Server.java:run(1314)) - IPC Server Responder: starting
2019-10-21 10:13:05,355 [IPC Server listener on 37378] INFO  ipc.Server (Server.java:run(1153)) - IPC Server listener on 37378: starting
2019-10-21 10:13:05,363 [main] INFO  hdfs.DFSUtil (DFSUtil.java:httpServerTemplateForNNAndJN(1641)) - Starting Web-server for ozoneManager at: http://0.0.0.0:0
2019-10-21 10:13:05,366 [main] INFO  server.AuthenticationFilter (AuthenticationFilter.java:constructSecretProvider(240)) - Unable to initialize FileSignerSecretProvider, falling back to use random secrets.
2019-10-21 10:13:05,367 [main] WARN  http.HttpRequestLog (HttpRequestLog.java:getRequestLog(97)) - Jetty request log can only be enabled using Log4j
2019-10-21 10:13:05,370 [main] INFO  http.HttpServer2 (HttpServer2.java:addGlobalFilter(975)) - Added global filter 'safety' (class=org.apache.hadoop.http.HttpServer2$QuotingInputFilter)
2019-10-21 10:13:05,372 [main] INFO  http.HttpServer2 (HttpServer2.java:addFilter(948)) - Added filter static_user_filter (class=org.apache.hadoop.http.lib.StaticUserWebFilter$StaticUserFilter) to context ozoneManager
2019-10-21 10:13:05,372 [main] INFO  http.HttpServer2 (HttpServer2.java:addFilter(958)) - Added filter static_user_filter (class=org.apache.hadoop.http.lib.StaticUserWebFilter$StaticUserFilter) to context logs
2019-10-21 10:13:05,372 [main] INFO  http.HttpServer2 (HttpServer2.java:addFilter(958)) - Added filter static_user_filter (class=org.apache.hadoop.http.lib.StaticUserWebFilter$StaticUserFilter) to context static
2019-10-21 10:13:05,375 [main] INFO  http.HttpServer2 (HttpServer2.java:bindListener(1191)) - Jetty bound to port 43715
2019-10-21 10:13:05,376 [main] INFO  server.Server (Server.java:doStart(351)) - jetty-9.3.25.v20180904, build timestamp: 2018-09-04T21:11:46Z, git hash: 3ce520221d0240229c862b122d2b06c12a625732
2019-10-21 10:13:05,379 [main] INFO  handler.ContextHandler (ContextHandler.java:doStart(781)) - Started o.e.j.s.ServletContextHandler@5bfc257{/logs,file:///workdir/hadoop-ozone/tools/target/log,AVAILABLE}
2019-10-21 10:13:05,380 [main] INFO  handler.ContextHandler (ContextHandler.java:doStart(781)) - Started o.e.j.s.ServletContextHandler@7cedfa63{/static,jar:file:/home/user/.m2/repository/org/apache/hadoop/hadoop-ozone-ozone-manager/0.5.0-SNAPSHOT/hadoop-ozone-ozone-manager-0.5.0-SNAPSHOT.jar!/webapps/static,AVAILABLE}
2019-10-21 10:13:05,448 [main] INFO  handler.ContextHandler (ContextHandler.java:doStart(781)) - Started o.e.j.w.WebAppContext@66596a88{/,file:///tmp/jetty-0.0.0.0-43715-ozoneManager-_-any-2343371694883795224.dir/webapp/,AVAILABLE}{/ozoneManager}
2019-10-21 10:13:05,449 [main] INFO  server.AbstractConnector (AbstractConnector.java:doStart(278)) - Started ServerConnector@5aae8eb5{HTTP/1.1,[http/1.1]}{0.0.0.0:43715}
2019-10-21 10:13:05,449 [main] INFO  server.Server (Server.java:doStart(419)) - Started @4234ms
2019-10-21 10:13:05,449 [main] WARN  impl.MetricsSystemImpl (MetricsSystemImpl.java:register(276)) - Sink prometheus already exists!
2019-10-21 10:13:05,451 [main] INFO  server.BaseHttpServer (BaseHttpServer.java:updateConnectorAddress(215)) - HTTP server of OZONEMANAGER is listening at http://0.0.0.0:43715
2019-10-21 10:13:05,747 [main] INFO  impl.MetricsSystemImpl (MetricsSystemImpl.java:init(158)) - HddsDatanode metrics system started (again)
2019-10-21 10:13:05,795 [main] INFO  ozone.HddsDatanodeService (HddsDatanodeService.java:start(184)) - HddsDatanodeService host:pr-hdds-1868-bv6q8-2720828103 ip:192.168.69.94
2019-10-21 10:13:05,832 [main] INFO  volume.HddsVolume (HddsVolume.java:<init>(176)) - Creating Volume: /workdir/hadoop-ozone/tools/target/test-dir/MiniOzoneClusterImpl-4c43668a-c6b8-486a-a996-549bedbdf837/datanode-0/data/containers/hdds of  storage type : DISK and capacity : 1482555576320
2019-10-21 10:13:05,834 [main] INFO  volume.VolumeSet (VolumeSet.java:initializeVolumeSet(170)) - Added Volume : /workdir/hadoop-ozone/tools/target/test-dir/MiniOzoneClusterImpl-4c43668a-c6b8-486a-a996-549bedbdf837/datanode-0/data/containers/hdds to VolumeSet
2019-10-21 10:13:05,837 [main] INFO  volume.ThrottledAsyncChecker (ThrottledAsyncChecker.java:schedule(141)) - Scheduling a check for /workdir/hadoop-ozone/tools/target/test-dir/MiniOzoneClusterImpl-4c43668a-c6b8-486a-a996-549bedbdf837/datanode-0/data/containers/hdds
2019-10-21 10:13:05,854 [main] INFO  volume.HddsVolumeChecker (HddsVolumeChecker.java:checkAllVolumes(204)) - Scheduled health check for volume /workdir/hadoop-ozone/tools/target/test-dir/MiniOzoneClusterImpl-4c43668a-c6b8-486a-a996-549bedbdf837/datanode-0/data/containers/hdds
2019-10-21 10:13:05,965 [main] INFO  impl.RaftServerProxy (ConfUtils.java:logGet(43)) - raft.rpc.type = GRPC (default)
2019-10-21 10:13:06,045 [main] INFO  grpc.GrpcFactory (GrpcFactory.java:checkPooledByteBufAllocatorUseCacheForAllThreads(45)) - PERFORMANCE WARNING: useCacheForAllThreads is true that may cause Netty to create a lot garbage objects and, as a result, trigger GC.
	It is recommended to disable useCacheForAllThreads by setting -Dorg.apache.ratis.thirdparty.io.netty.allocator.useCacheForAllThreads=false in command line.
2019-10-21 10:13:06,050 [main] INFO  grpc.GrpcConfigKeys$Server (ConfUtils.java:logGet(43)) - raft.grpc.server.port = 0 (default)
2019-10-21 10:13:06,051 [main] INFO  server.GrpcService (ConfUtils.java:logGet(43)) - raft.grpc.message.size.max = 33570816 (custom)
2019-10-21 10:13:06,053 [main] INFO  server.RaftServerConfigKeys (ConfUtils.java:logGet(43)) - raft.server.log.appender.buffer.byte-limit = 33554432 (custom)
2019-10-21 10:13:06,054 [main] INFO  server.GrpcService (ConfUtils.java:logGet(43)) - raft.grpc.flow.control.window = 1MB (=1048576) (default)
2019-10-21 10:13:06,054 [main] INFO  server.RaftServerConfigKeys (ConfUtils.java:logGet(43)) - raft.server.rpc.request.timeout = 3000ms (default)
2019-10-21 10:13:06,200 [main] INFO  server.RaftServerConfigKeys (ConfUtils.java:logGet(43)) - raft.server.storage.dir = [/workdir/hadoop-ozone/tools/target/test-dir/MiniOzoneClusterImpl-4c43668a-c6b8-486a-a996-549bedbdf837/datanode-0/data/ratis] (custom)
2019-10-21 10:13:06,255 [main] INFO  hdfs.DFSUtil (DFSUtil.java:httpServerTemplateForNNAndJN(1641)) - Starting Web-server for hddsDatanode at: http://0.0.0.0:0
2019-10-21 10:13:06,258 [main] INFO  server.AuthenticationFilter (AuthenticationFilter.java:constructSecretProvider(240)) - Unable to initialize FileSignerSecretProvider, falling back to use random secrets.
2019-10-21 10:13:06,259 [main] WARN  http.HttpRequestLog (HttpRequestLog.java:getRequestLog(97)) - Jetty request log can only be enabled using Log4j
2019-10-21 10:13:06,261 [main] INFO  http.HttpServer2 (HttpServer2.java:addGlobalFilter(975)) - Added global filter 'safety' (class=org.apache.hadoop.http.HttpServer2$QuotingInputFilter)
2019-10-21 10:13:06,262 [main] INFO  http.HttpServer2 (HttpServer2.java:addFilter(948)) - Added filter static_user_filter (class=org.apache.hadoop.http.lib.StaticUserWebFilter$StaticUserFilter) to context hddsDatanode
2019-10-21 10:13:06,263 [main] INFO  http.HttpServer2 (HttpServer2.java:addFilter(958)) - Added filter static_user_filter (class=org.apache.hadoop.http.lib.StaticUserWebFilter$StaticUserFilter) to context static
2019-10-21 10:13:06,263 [main] INFO  http.HttpServer2 (HttpServer2.java:addFilter(958)) - Added filter static_user_filter (class=org.apache.hadoop.http.lib.StaticUserWebFilter$StaticUserFilter) to context logs
2019-10-21 10:13:06,264 [main] INFO  http.HttpServer2 (HttpServer2.java:bindListener(1191)) - Jetty bound to port 36173
2019-10-21 10:13:06,265 [main] INFO  server.Server (Server.java:doStart(351)) - jetty-9.3.25.v20180904, build timestamp: 2018-09-04T21:11:46Z, git hash: 3ce520221d0240229c862b122d2b06c12a625732
2019-10-21 10:13:06,268 [main] INFO  handler.ContextHandler (ContextHandler.java:doStart(781)) - Started o.e.j.s.ServletContextHandler@2436ea2f{/logs,file:///workdir/hadoop-ozone/tools/target/log,AVAILABLE}
2019-10-21 10:13:06,268 [main] INFO  handler.ContextHandler (ContextHandler.java:doStart(781)) - Started o.e.j.s.ServletContextHandler@20cece0b{/static,jar:file:/home/user/.m2/repository/org/apache/hadoop/hadoop-hdds-container-service/0.5.0-SNAPSHOT/hadoop-hdds-container-service-0.5.0-SNAPSHOT.jar!/webapps/static,AVAILABLE}
2019-10-21 10:13:06,307 [main] INFO  handler.ContextHandler (ContextHandler.java:doStart(781)) - Started o.e.j.w.WebAppContext@35d5ac51{/,file:///tmp/jetty-0.0.0.0-36173-hddsDatanode-_-any-7239115260706519324.dir/webapp/,AVAILABLE}{/hddsDatanode}
2019-10-21 10:13:06,308 [main] INFO  server.AbstractConnector (AbstractConnector.java:doStart(278)) - Started ServerConnector@b606cb6{HTTP/1.1,[http/1.1]}{0.0.0.0:36173}
2019-10-21 10:13:06,309 [main] INFO  server.Server (Server.java:doStart(419)) - Started @5093ms
2019-10-21 10:13:06,309 [main] WARN  impl.MetricsSystemImpl (MetricsSystemImpl.java:register(276)) - Sink prometheus already exists!
2019-10-21 10:13:06,311 [main] INFO  server.BaseHttpServer (BaseHttpServer.java:updateConnectorAddress(215)) - HTTP server of HDDSDATANODE is listening at http://0.0.0.0:36173
2019-10-21 10:13:06,312 [main] INFO  impl.MetricsSystemImpl (MetricsSystemImpl.java:init(158)) - HddsDatanode metrics system started (again)
2019-10-21 10:13:06,316 [main] INFO  ozone.HddsDatanodeService (HddsDatanodeService.java:start(184)) - HddsDatanodeService host:pr-hdds-1868-bv6q8-2720828103 ip:192.168.69.94
2019-10-21 10:13:06,318 [org.apache.hadoop.util.JvmPauseMonitor$Monitor@29fedec4] INFO  util.JvmPauseMonitor (JvmPauseMonitor.java:run(188)) - Starting JVM pause monitor
2019-10-21 10:13:06,326 [main] INFO  volume.HddsVolume (HddsVolume.java:<init>(176)) - Creating Volume: /workdir/hadoop-ozone/tools/target/test-dir/MiniOzoneClusterImpl-4c43668a-c6b8-486a-a996-549bedbdf837/datanode-1/data/containers/hdds of  storage type : DISK and capacity : 1482555576320
2019-10-21 10:13:06,327 [main] INFO  volume.VolumeSet (VolumeSet.java:initializeVolumeSet(170)) - Added Volume : /workdir/hadoop-ozone/tools/target/test-dir/MiniOzoneClusterImpl-4c43668a-c6b8-486a-a996-549bedbdf837/datanode-1/data/containers/hdds to VolumeSet
2019-10-21 10:13:06,327 [main] INFO  volume.ThrottledAsyncChecker (ThrottledAsyncChecker.java:schedule(141)) - Scheduling a check for /workdir/hadoop-ozone/tools/target/test-dir/MiniOzoneClusterImpl-4c43668a-c6b8-486a-a996-549bedbdf837/datanode-1/data/containers/hdds
2019-10-21 10:13:06,329 [main] INFO  volume.HddsVolumeChecker (HddsVolumeChecker.java:checkAllVolumes(204)) - Scheduled health check for volume /workdir/hadoop-ozone/tools/target/test-dir/MiniOzoneClusterImpl-4c43668a-c6b8-486a-a996-549bedbdf837/datanode-1/data/containers/hdds
2019-10-21 10:13:06,350 [main] INFO  impl.RaftServerProxy (ConfUtils.java:logGet(43)) - raft.rpc.type = GRPC (default)
2019-10-21 10:13:06,350 [main] INFO  grpc.GrpcFactory (GrpcFactory.java:checkPooledByteBufAllocatorUseCacheForAllThreads(45)) - PERFORMANCE WARNING: useCacheForAllThreads is true that may cause Netty to create a lot garbage objects and, as a result, trigger GC.
	It is recommended to disable useCacheForAllThreads by setting -Dorg.apache.ratis.thirdparty.io.netty.allocator.useCacheForAllThreads=false in command line.
2019-10-21 10:13:06,350 [main] INFO  grpc.GrpcConfigKeys$Server (ConfUtils.java:logGet(43)) - raft.grpc.server.port = 0 (default)
2019-10-21 10:13:06,351 [main] INFO  server.GrpcService (ConfUtils.java:logGet(43)) - raft.grpc.message.size.max = 33570816 (custom)
2019-10-21 10:13:06,351 [main] INFO  server.RaftServerConfigKeys (ConfUtils.java:logGet(43)) - raft.server.log.appender.buffer.byte-limit = 33554432 (custom)
2019-10-21 10:13:06,351 [main] INFO  server.GrpcService (ConfUtils.java:logGet(43)) - raft.grpc.flow.control.window = 1MB (=1048576) (default)
2019-10-21 10:13:06,352 [main] INFO  server.RaftServerConfigKeys (ConfUtils.java:logGet(43)) - raft.server.rpc.request.timeout = 3000ms (default)
2019-10-21 10:13:06,352 [main] INFO  server.RaftServerConfigKeys (ConfUtils.java:logGet(43)) - raft.server.storage.dir = [/workdir/hadoop-ozone/tools/target/test-dir/MiniOzoneClusterImpl-4c43668a-c6b8-486a-a996-549bedbdf837/datanode-1/data/ratis] (custom)
2019-10-21 10:13:06,355 [main] INFO  hdfs.DFSUtil (DFSUtil.java:httpServerTemplateForNNAndJN(1641)) - Starting Web-server for hddsDatanode at: http://0.0.0.0:0
2019-10-21 10:13:06,357 [main] INFO  server.AuthenticationFilter (AuthenticationFilter.java:constructSecretProvider(240)) - Unable to initialize FileSignerSecretProvider, falling back to use random secrets.
2019-10-21 10:13:06,358 [main] WARN  http.HttpRequestLog (HttpRequestLog.java:getRequestLog(97)) - Jetty request log can only be enabled using Log4j
2019-10-21 10:13:06,360 [main] INFO  http.HttpServer2 (HttpServer2.java:addGlobalFilter(975)) - Added global filter 'safety' (class=org.apache.hadoop.http.HttpServer2$QuotingInputFilter)
2019-10-21 10:13:06,361 [main] INFO  http.HttpServer2 (HttpServer2.java:addFilter(948)) - Added filter static_user_filter (class=org.apache.hadoop.http.lib.StaticUserWebFilter$StaticUserFilter) to context hddsDatanode
2019-10-21 10:13:06,361 [main] INFO  http.HttpServer2 (HttpServer2.java:addFilter(958)) - Added filter static_user_filter (class=org.apache.hadoop.http.lib.StaticUserWebFilter$StaticUserFilter) to context logs
2019-10-21 10:13:06,361 [main] INFO  http.HttpServer2 (HttpServer2.java:addFilter(958)) - Added filter static_user_filter (class=org.apache.hadoop.http.lib.StaticUserWebFilter$StaticUserFilter) to context static
2019-10-21 10:13:06,363 [main] INFO  http.HttpServer2 (HttpServer2.java:bindListener(1191)) - Jetty bound to port 44294
2019-10-21 10:13:06,363 [main] INFO  server.Server (Server.java:doStart(351)) - jetty-9.3.25.v20180904, build timestamp: 2018-09-04T21:11:46Z, git hash: 3ce520221d0240229c862b122d2b06c12a625732
2019-10-21 10:13:06,367 [main] INFO  handler.ContextHandler (ContextHandler.java:doStart(781)) - Started o.e.j.s.ServletContextHandler@48528634{/logs,file:///workdir/hadoop-ozone/tools/target/log,AVAILABLE}
2019-10-21 10:13:06,367 [main] INFO  handler.ContextHandler (ContextHandler.java:doStart(781)) - Started o.e.j.s.ServletContextHandler@4047d2d9{/static,jar:file:/home/user/.m2/repository/org/apache/hadoop/hadoop-hdds-container-service/0.5.0-SNAPSHOT/hadoop-hdds-container-service-0.5.0-SNAPSHOT.jar!/webapps/static,AVAILABLE}
2019-10-21 10:13:06,408 [main] INFO  handler.ContextHandler (ContextHandler.java:doStart(781)) - Started o.e.j.w.WebAppContext@2127e66e{/,file:///tmp/jetty-0.0.0.0-44294-hddsDatanode-_-any-7477608896893248394.dir/webapp/,AVAILABLE}{/hddsDatanode}
2019-10-21 10:13:06,408 [main] INFO  server.AbstractConnector (AbstractConnector.java:doStart(278)) - Started ServerConnector@1229a2b7{HTTP/1.1,[http/1.1]}{0.0.0.0:44294}
2019-10-21 10:13:06,409 [main] INFO  server.Server (Server.java:doStart(419)) - Started @5194ms
2019-10-21 10:13:06,409 [main] WARN  impl.MetricsSystemImpl (MetricsSystemImpl.java:register(276)) - Sink prometheus already exists!
2019-10-21 10:13:06,411 [main] INFO  server.BaseHttpServer (BaseHttpServer.java:updateConnectorAddress(215)) - HTTP server of HDDSDATANODE is listening at http://0.0.0.0:44294
2019-10-21 10:13:06,412 [main] INFO  impl.MetricsSystemImpl (MetricsSystemImpl.java:init(158)) - HddsDatanode metrics system started (again)
2019-10-21 10:13:06,414 [main] INFO  ozone.HddsDatanodeService (HddsDatanodeService.java:start(184)) - HddsDatanodeService host:pr-hdds-1868-bv6q8-2720828103 ip:192.168.69.94
2019-10-21 10:13:06,414 [org.apache.hadoop.util.JvmPauseMonitor$Monitor@6fcd09fc] INFO  util.JvmPauseMonitor (JvmPauseMonitor.java:run(188)) - Starting JVM pause monitor
2019-10-21 10:13:06,424 [main] INFO  volume.HddsVolume (HddsVolume.java:<init>(176)) - Creating Volume: /workdir/hadoop-ozone/tools/target/test-dir/MiniOzoneClusterImpl-4c43668a-c6b8-486a-a996-549bedbdf837/datanode-2/data/containers/hdds of  storage type : DISK and capacity : 1482555576320
2019-10-21 10:13:06,425 [main] INFO  volume.VolumeSet (VolumeSet.java:initializeVolumeSet(170)) - Added Volume : /workdir/hadoop-ozone/tools/target/test-dir/MiniOzoneClusterImpl-4c43668a-c6b8-486a-a996-549bedbdf837/datanode-2/data/containers/hdds to VolumeSet
2019-10-21 10:13:06,425 [main] INFO  volume.ThrottledAsyncChecker (ThrottledAsyncChecker.java:schedule(141)) - Scheduling a check for /workdir/hadoop-ozone/tools/target/test-dir/MiniOzoneClusterImpl-4c43668a-c6b8-486a-a996-549bedbdf837/datanode-2/data/containers/hdds
2019-10-21 10:13:06,426 [main] INFO  volume.HddsVolumeChecker (HddsVolumeChecker.java:checkAllVolumes(204)) - Scheduled health check for volume /workdir/hadoop-ozone/tools/target/test-dir/MiniOzoneClusterImpl-4c43668a-c6b8-486a-a996-549bedbdf837/datanode-2/data/containers/hdds
2019-10-21 10:13:06,430 [Datanode State Machine Thread - 0] INFO  datanode.InitDatanodeState (InitDatanodeState.java:persistContainerDatanodeDetails(140)) - DatanodeDetails is persisted to /workdir/hadoop-ozone/tools/target/test-dir/MiniOzoneClusterImpl-4c43668a-c6b8-486a-a996-549bedbdf837/datanode-0/meta/datanode.id
2019-10-21 10:13:06,434 [Datanode State Machine Thread - 0] INFO  datanode.InitDatanodeState (InitDatanodeState.java:persistContainerDatanodeDetails(140)) - DatanodeDetails is persisted to /workdir/hadoop-ozone/tools/target/test-dir/MiniOzoneClusterImpl-4c43668a-c6b8-486a-a996-549bedbdf837/datanode-1/meta/datanode.id
2019-10-21 10:13:06,442 [main] INFO  impl.RaftServerProxy (ConfUtils.java:logGet(43)) - raft.rpc.type = GRPC (default)
2019-10-21 10:13:06,442 [main] INFO  grpc.GrpcFactory (GrpcFactory.java:checkPooledByteBufAllocatorUseCacheForAllThreads(45)) - PERFORMANCE WARNING: useCacheForAllThreads is true that may cause Netty to create a lot garbage objects and, as a result, trigger GC.
	It is recommended to disable useCacheForAllThreads by setting -Dorg.apache.ratis.thirdparty.io.netty.allocator.useCacheForAllThreads=false in command line.
2019-10-21 10:13:06,442 [main] INFO  grpc.GrpcConfigKeys$Server (ConfUtils.java:logGet(43)) - raft.grpc.server.port = 0 (default)
2019-10-21 10:13:06,443 [main] INFO  server.GrpcService (ConfUtils.java:logGet(43)) - raft.grpc.message.size.max = 33570816 (custom)
2019-10-21 10:13:06,443 [main] INFO  server.RaftServerConfigKeys (ConfUtils.java:logGet(43)) - raft.server.log.appender.buffer.byte-limit = 33554432 (custom)
2019-10-21 10:13:06,443 [main] INFO  server.GrpcService (ConfUtils.java:logGet(43)) - raft.grpc.flow.control.window = 1MB (=1048576) (default)
2019-10-21 10:13:06,443 [main] INFO  server.RaftServerConfigKeys (ConfUtils.java:logGet(43)) - raft.server.rpc.request.timeout = 3000ms (default)
2019-10-21 10:13:06,444 [main] INFO  server.RaftServerConfigKeys (ConfUtils.java:logGet(43)) - raft.server.storage.dir = [/workdir/hadoop-ozone/tools/target/test-dir/MiniOzoneClusterImpl-4c43668a-c6b8-486a-a996-549bedbdf837/datanode-2/data/ratis] (custom)
2019-10-21 10:13:06,446 [main] INFO  hdfs.DFSUtil (DFSUtil.java:httpServerTemplateForNNAndJN(1641)) - Starting Web-server for hddsDatanode at: http://0.0.0.0:0
2019-10-21 10:13:06,448 [main] INFO  server.AuthenticationFilter (AuthenticationFilter.java:constructSecretProvider(240)) - Unable to initialize FileSignerSecretProvider, falling back to use random secrets.
2019-10-21 10:13:06,448 [main] WARN  http.HttpRequestLog (HttpRequestLog.java:getRequestLog(97)) - Jetty request log can only be enabled using Log4j
2019-10-21 10:13:06,450 [main] INFO  http.HttpServer2 (HttpServer2.java:addGlobalFilter(975)) - Added global filter 'safety' (class=org.apache.hadoop.http.HttpServer2$QuotingInputFilter)
2019-10-21 10:13:06,451 [main] INFO  http.HttpServer2 (HttpServer2.java:addFilter(948)) - Added filter static_user_filter (class=org.apache.hadoop.http.lib.StaticUserWebFilter$StaticUserFilter) to context hddsDatanode
2019-10-21 10:13:06,451 [main] INFO  http.HttpServer2 (HttpServer2.java:addFilter(958)) - Added filter static_user_filter (class=org.apache.hadoop.http.lib.StaticUserWebFilter$StaticUserFilter) to context logs
2019-10-21 10:13:06,451 [main] INFO  http.HttpServer2 (HttpServer2.java:addFilter(958)) - Added filter static_user_filter (class=org.apache.hadoop.http.lib.StaticUserWebFilter$StaticUserFilter) to context static
2019-10-21 10:13:06,452 [main] INFO  http.HttpServer2 (HttpServer2.java:bindListener(1191)) - Jetty bound to port 43553
2019-10-21 10:13:06,453 [main] INFO  server.Server (Server.java:doStart(351)) - jetty-9.3.25.v20180904, build timestamp: 2018-09-04T21:11:46Z, git hash: 3ce520221d0240229c862b122d2b06c12a625732
2019-10-21 10:13:06,455 [main] INFO  handler.ContextHandler (ContextHandler.java:doStart(781)) - Started o.e.j.s.ServletContextHandler@421056e5{/logs,file:///workdir/hadoop-ozone/tools/target/log,AVAILABLE}
2019-10-21 10:13:06,456 [main] INFO  handler.ContextHandler (ContextHandler.java:doStart(781)) - Started o.e.j.s.ServletContextHandler@60bbacfc{/static,jar:file:/home/user/.m2/repository/org/apache/hadoop/hadoop-hdds-container-service/0.5.0-SNAPSHOT/hadoop-hdds-container-service-0.5.0-SNAPSHOT.jar!/webapps/static,AVAILABLE}
2019-10-21 10:13:06,488 [main] INFO  handler.ContextHandler (ContextHandler.java:doStart(781)) - Started o.e.j.w.WebAppContext@5f7989fa{/,file:///tmp/jetty-0.0.0.0-43553-hddsDatanode-_-any-2157381123907295259.dir/webapp/,AVAILABLE}{/hddsDatanode}
2019-10-21 10:13:06,489 [main] INFO  server.AbstractConnector (AbstractConnector.java:doStart(278)) - Started ServerConnector@5bc28f40{HTTP/1.1,[http/1.1]}{0.0.0.0:43553}
2019-10-21 10:13:06,489 [main] INFO  server.Server (Server.java:doStart(419)) - Started @5274ms
2019-10-21 10:13:06,489 [main] WARN  impl.MetricsSystemImpl (MetricsSystemImpl.java:register(276)) - Sink prometheus already exists!
2019-10-21 10:13:06,491 [main] INFO  server.BaseHttpServer (BaseHttpServer.java:updateConnectorAddress(215)) - HTTP server of HDDSDATANODE is listening at http://0.0.0.0:43553
2019-10-21 10:13:06,493 [main] INFO  ozone.MiniOzoneClusterImpl (MiniOzoneClusterImpl.java:lambda$waitForClusterToBeReady$2(170)) - Waiting for cluster to be ready. Got 0 of 3 DN Heartbeats.
2019-10-21 10:13:06,494 [org.apache.hadoop.util.JvmPauseMonitor$Monitor@167319f9] INFO  util.JvmPauseMonitor (JvmPauseMonitor.java:run(188)) - Starting JVM pause monitor
2019-10-21 10:13:06,498 [Datanode State Machine Thread - 0] INFO  datanode.InitDatanodeState (InitDatanodeState.java:persistContainerDatanodeDetails(140)) - DatanodeDetails is persisted to /workdir/hadoop-ozone/tools/target/test-dir/MiniOzoneClusterImpl-4c43668a-c6b8-486a-a996-549bedbdf837/datanode-2/meta/datanode.id
2019-10-21 10:13:07,493 [main] INFO  ozone.MiniOzoneClusterImpl (MiniOzoneClusterImpl.java:lambda$waitForClusterToBeReady$2(170)) - Waiting for cluster to be ready. Got 0 of 3 DN Heartbeats.
2019-10-21 10:13:08,410 [Datanode State Machine Thread - 0] INFO  ozoneimpl.OzoneContainer (OzoneContainer.java:start(213)) - Attempting to start container services.
2019-10-21 10:13:08,413 [Datanode State Machine Thread - 0] INFO  ozoneimpl.OzoneContainer (OzoneContainer.java:startContainerScrub(177)) - Background container scanner has been disabled.
2019-10-21 10:13:08,413 [Datanode State Machine Thread - 0] INFO  ratis.XceiverServerRatis (XceiverServerRatis.java:start(424)) - Starting XceiverServerRatis 24baf8d8-840e-4e7d-83f1-b115321d4c4e at port 0
2019-10-21 10:13:08,433 [Datanode State Machine Thread - 0] INFO  ozoneimpl.OzoneContainer (OzoneContainer.java:start(213)) - Attempting to start container services.
2019-10-21 10:13:08,439 [Datanode State Machine Thread - 0] INFO  ozoneimpl.OzoneContainer (OzoneContainer.java:startContainerScrub(177)) - Background container scanner has been disabled.
2019-10-21 10:13:08,439 [Datanode State Machine Thread - 0] INFO  ratis.XceiverServerRatis (XceiverServerRatis.java:start(424)) - Starting XceiverServerRatis 5fc95126-4ebe-42c6-9d3e-d6bb5819be12 at port 0
2019-10-21 10:13:08,444 [Datanode State Machine Thread - 0] INFO  impl.RaftServerProxy (RaftServerProxy.java:lambda$start$3(299)) - 24baf8d8-840e-4e7d-83f1-b115321d4c4e: start RPC server
2019-10-21 10:13:08,454 [Datanode State Machine Thread - 0] INFO  impl.RaftServerProxy (RaftServerProxy.java:lambda$start$3(299)) - 5fc95126-4ebe-42c6-9d3e-d6bb5819be12: start RPC server
2019-10-21 10:13:08,494 [main] INFO  ozone.MiniOzoneClusterImpl (MiniOzoneClusterImpl.java:lambda$waitForClusterToBeReady$2(170)) - Waiting for cluster to be ready. Got 0 of 3 DN Heartbeats.
2019-10-21 10:13:08,511 [Datanode State Machine Thread - 0] INFO  ozoneimpl.OzoneContainer (OzoneContainer.java:start(213)) - Attempting to start container services.
2019-10-21 10:13:08,512 [Datanode State Machine Thread - 0] INFO  ozoneimpl.OzoneContainer (OzoneContainer.java:startContainerScrub(177)) - Background container scanner has been disabled.
2019-10-21 10:13:08,513 [Datanode State Machine Thread - 0] INFO  ratis.XceiverServerRatis (XceiverServerRatis.java:start(424)) - Starting XceiverServerRatis 45bcd496-ad94-4a09-9c65-3e660611c8c2 at port 0
2019-10-21 10:13:08,523 [Datanode State Machine Thread - 0] INFO  impl.RaftServerProxy (RaftServerProxy.java:lambda$start$3(299)) - 45bcd496-ad94-4a09-9c65-3e660611c8c2: start RPC server
2019-10-21 10:13:08,592 [Datanode State Machine Thread - 0] INFO  server.GrpcService (GrpcService.java:startImpl(158)) - 5fc95126-4ebe-42c6-9d3e-d6bb5819be12: GrpcService started, listening on 0.0.0.0/0.0.0.0:34268
2019-10-21 10:13:08,592 [Datanode State Machine Thread - 0] INFO  server.GrpcService (GrpcService.java:startImpl(158)) - 45bcd496-ad94-4a09-9c65-3e660611c8c2: GrpcService started, listening on 0.0.0.0/0.0.0.0:45233
2019-10-21 10:13:08,592 [Datanode State Machine Thread - 0] INFO  server.GrpcService (GrpcService.java:startImpl(158)) - 24baf8d8-840e-4e7d-83f1-b115321d4c4e: GrpcService started, listening on 0.0.0.0/0.0.0.0:43778
2019-10-21 10:13:08,593 [Datanode State Machine Thread - 0] INFO  ratis.XceiverServerRatis (XceiverServerRatis.java:start(434)) - XceiverServerRatis 45bcd496-ad94-4a09-9c65-3e660611c8c2 is started using port 45233
2019-10-21 10:13:08,593 [Datanode State Machine Thread - 0] INFO  ratis.XceiverServerRatis (XceiverServerRatis.java:start(434)) - XceiverServerRatis 5fc95126-4ebe-42c6-9d3e-d6bb5819be12 is started using port 34268
2019-10-21 10:13:08,593 [Datanode State Machine Thread - 0] INFO  ratis.XceiverServerRatis (XceiverServerRatis.java:start(434)) - XceiverServerRatis 24baf8d8-840e-4e7d-83f1-b115321d4c4e is started using port 43778
2019-10-21 10:13:08,598 [Datanode State Machine Thread - 0] INFO  server.XceiverServerGrpc (XceiverServerGrpc.java:start(149)) - XceiverServerGrpc 45bcd496-ad94-4a09-9c65-3e660611c8c2 is started using port 36565
2019-10-21 10:13:08,598 [Datanode State Machine Thread - 0] INFO  server.XceiverServerGrpc (XceiverServerGrpc.java:start(149)) - XceiverServerGrpc 24baf8d8-840e-4e7d-83f1-b115321d4c4e is started using port 44215
2019-10-21 10:13:08,598 [Datanode State Machine Thread - 0] INFO  server.XceiverServerGrpc (XceiverServerGrpc.java:start(149)) - XceiverServerGrpc 5fc95126-4ebe-42c6-9d3e-d6bb5819be12 is started using port 43703
2019-10-21 10:13:09,494 [main] INFO  ozone.MiniOzoneClusterImpl (MiniOzoneClusterImpl.java:lambda$waitForClusterToBeReady$2(170)) - Waiting for cluster to be ready. Got 0 of 3 DN Heartbeats.
2019-10-21 10:13:10,359 [IPC Server handler 0 on 40214] INFO  net.NetworkTopology (NetworkTopologyImpl.java:add(111)) - Added a new node: /default-rack/24baf8d8-840e-4e7d-83f1-b115321d4c4e
2019-10-21 10:13:10,360 [IPC Server handler 0 on 40214] INFO  node.SCMNodeManager (SCMNodeManager.java:register(268)) - Registered Data node : 24baf8d8-840e-4e7d-83f1-b115321d4c4e{ip: 192.168.69.94, host: pr-hdds-1868-bv6q8-2720828103, networkLocation: /default-rack, certSerialId: null}
2019-10-21 10:13:10,364 [EventQueue-NodeRegistrationContainerReportForDataNodeSafeModeRule] INFO  safemode.SCMSafeModeManager (DataNodeSafeModeRule.java:process(71)) - SCM in safe mode. 1 DataNodes registered, 1 required.
2019-10-21 10:13:10,364 [EventQueue-NodeRegistrationContainerReportForDataNodeSafeModeRule] INFO  safemode.SCMSafeModeManager (SCMSafeModeManager.java:validateSafeModeExitRules(177)) - ScmSafeModeManager, all rules are successfully validated
2019-10-21 10:13:10,364 [EventQueue-NodeRegistrationContainerReportForDataNodeSafeModeRule] INFO  safemode.SCMSafeModeManager (SCMSafeModeManager.java:exitSafeMode(193)) - SCM exiting safe mode.
2019-10-21 10:13:10,418 [IPC Server handler 1 on 40214] INFO  net.NetworkTopology (NetworkTopologyImpl.java:add(111)) - Added a new node: /default-rack/5fc95126-4ebe-42c6-9d3e-d6bb5819be12
2019-10-21 10:13:10,418 [IPC Server handler 1 on 40214] INFO  node.SCMNodeManager (SCMNodeManager.java:register(268)) - Registered Data node : 5fc95126-4ebe-42c6-9d3e-d6bb5819be12{ip: 192.168.69.94, host: pr-hdds-1868-bv6q8-2720828103, networkLocation: /default-rack, certSerialId: null}
2019-10-21 10:13:10,498 [IPC Server handler 2 on 40214] INFO  net.NetworkTopology (NetworkTopologyImpl.java:add(111)) - Added a new node: /default-rack/45bcd496-ad94-4a09-9c65-3e660611c8c2
2019-10-21 10:13:10,499 [IPC Server handler 2 on 40214] INFO  node.SCMNodeManager (SCMNodeManager.java:register(268)) - Registered Data node : 45bcd496-ad94-4a09-9c65-3e660611c8c2{ip: 192.168.69.94, host: pr-hdds-1868-bv6q8-2720828103, networkLocation: /default-rack, certSerialId: null}
2019-10-21 10:13:10,909 [grpc-default-executor-0] INFO  impl.RaftServerProxy (RaftServerProxy.java:addNew(89)) - 24baf8d8-840e-4e7d-83f1-b115321d4c4e: addNew group-0EA88E974187:[24baf8d8-840e-4e7d-83f1-b115321d4c4e:192.168.69.94:43778] returns group-0EA88E974187:java.util.concurrent.CompletableFuture@791345a2[Not completed]
2019-10-21 10:13:10,931 [pool-27-thread-1] INFO  impl.RaftServerImpl (RaftServerImpl.java:<init>(98)) - 24baf8d8-840e-4e7d-83f1-b115321d4c4e: new RaftServerImpl for group-0EA88E974187:[24baf8d8-840e-4e7d-83f1-b115321d4c4e:192.168.69.94:43778] with ContainerStateMachine:uninitialized
2019-10-21 10:13:10,934 [pool-27-thread-1] INFO  server.RaftServerConfigKeys (ConfUtils.java:logGet(43)) - raft.server.rpc.timeout.min = 5s (custom)
2019-10-21 10:13:10,935 [pool-27-thread-1] INFO  server.RaftServerConfigKeys (ConfUtils.java:logGet(43)) - raft.server.rpc.timeout.max = 5200ms (custom)
2019-10-21 10:13:10,935 [pool-27-thread-1] INFO  server.RaftServerConfigKeys (ConfUtils.java:logGet(43)) - raft.server.rpcslowness.timeout = 120s (custom)
2019-10-21 10:13:10,936 [pool-27-thread-1] INFO  server.RaftServerConfigKeys (ConfUtils.java:logGet(43)) - raft.server.sleep.deviation.threshold = 300 (default)
2019-10-21 10:13:10,937 [pool-27-thread-1] INFO  server.RaftServerConfigKeys (ConfUtils.java:logGet(43)) - raft.server.log.appender.install.snapshot.enabled = false (custom)
2019-10-21 10:13:10,948 [pool-27-thread-1] INFO  impl.RaftServerImpl (ServerState.java:<init>(103)) - 24baf8d8-840e-4e7d-83f1-b115321d4c4e@group-0EA88E974187: ConfigurationManager, init=-1: [24baf8d8-840e-4e7d-83f1-b115321d4c4e:192.168.69.94:43778], old=null, confs=<EMPTY_MAP>
2019-10-21 10:13:10,948 [pool-27-thread-1] INFO  server.RaftServerConfigKeys (ConfUtils.java:logGet(43)) - raft.server.storage.dir = [/workdir/hadoop-ozone/tools/target/test-dir/MiniOzoneClusterImpl-4c43668a-c6b8-486a-a996-549bedbdf837/datanode-0/data/ratis] (custom)
2019-10-21 10:13:10,957 [pool-27-thread-1] INFO  server.RaftServerConfigKeys (ConfUtils.java:logGet(43)) - raft.server.log.corruption.policy = EXCEPTION (default)
2019-10-21 10:13:10,959 [pool-27-thread-1] INFO  storage.RaftStorageDirectory (RaftStorageDirectory.java:analyzeStorage(246)) - The storage directory /workdir/hadoop-ozone/tools/target/test-dir/MiniOzoneClusterImpl-4c43668a-c6b8-486a-a996-549bedbdf837/datanode-0/data/ratis/60ac103b-6733-46ba-882f-0ea88e974187 does not exist. Creating ...
2019-10-21 10:13:10,986 [pool-27-thread-1] INFO  storage.RaftStorageDirectory (RaftStorageDirectory.java:tryLock(328)) - Lock on /workdir/hadoop-ozone/tools/target/test-dir/MiniOzoneClusterImpl-4c43668a-c6b8-486a-a996-549bedbdf837/datanode-0/data/ratis/60ac103b-6733-46ba-882f-0ea88e974187/in_use.lock acquired by nodename 17996@pr-hdds-1868-bv6q8-2720828103
2019-10-21 10:13:11,013 [pool-27-thread-1] INFO  storage.RaftStorage (RaftStorage.java:format(84)) - Storage directory /workdir/hadoop-ozone/tools/target/test-dir/MiniOzoneClusterImpl-4c43668a-c6b8-486a-a996-549bedbdf837/datanode-0/data/ratis/60ac103b-6733-46ba-882f-0ea88e974187 has been successfully formatted.
2019-10-21 10:13:11,017 [pool-27-thread-1] INFO  ratis.ContainerStateMachine (ContainerStateMachine.java:loadSnapshot(233)) - group-0EA88E974187: The snapshot info is null. Setting the last applied indexto:(t:0, i:~)
2019-10-21 10:13:11,018 [pool-27-thread-1] INFO  server.RaftServerConfigKeys (ConfUtils.java:logGet(43)) - raft.server.notification.no-leader.timeout = 120s (custom)
2019-10-21 10:13:11,021 [pool-27-thread-1] INFO  server.RaftServerConfigKeys (ConfUtils.java:logGet(43)) - raft.server.log.use.memory = false (default)
2019-10-21 10:13:11,029 [pool-27-thread-1] INFO  server.RaftServerConfigKeys (ConfUtils.java:logGet(43)) - raft.server.log.purge.gap = 1000000 (custom)
2019-10-21 10:13:11,030 [pool-27-thread-1] INFO  server.RaftServerConfigKeys (ConfUtils.java:logGet(43)) - raft.server.log.appender.buffer.byte-limit = 33554432 (custom)
2019-10-21 10:13:11,033 [pool-27-thread-1] INFO  server.RaftServerConfigKeys (ConfUtils.java:logGet(43)) - raft.server.log.segment.size.max = 1048576 (custom)
2019-10-21 10:13:11,041 [pool-27-thread-1] INFO  metrics.MetricRegistries (MetricRegistriesLoader.java:load(64)) - Loaded MetricRegistries class org.apache.ratis.metrics.impl.MetricRegistriesImpl
2019-10-21 10:13:11,047 [pool-27-thread-1] WARN  impl.MetricRegistriesImpl (MetricRegistriesImpl.java:lambda$create$1(61)) - First MetricRegistry has been created without registering reporters. You may need to call MetricRegistries.global().addReportRegistration(...) before.
2019-10-21 10:13:11,055 [pool-27-thread-1] INFO  server.RaftServerConfigKeys (ConfUtils.java:logGet(43)) - raft.server.log.segment.cache.num.max = 2 (custom)
2019-10-21 10:13:11,063 [pool-27-thread-1] INFO  segmented.SegmentedRaftLogWorker (SegmentedRaftLogWorker.java:<init>(173)) - new 24baf8d8-840e-4e7d-83f1-b115321d4c4e@group-0EA88E974187-SegmentedRaftLogWorker for RaftStorage:Storage Directory /workdir/hadoop-ozone/tools/target/test-dir/MiniOzoneClusterImpl-4c43668a-c6b8-486a-a996-549bedbdf837/datanode-0/data/ratis/60ac103b-6733-46ba-882f-0ea88e974187
2019-10-21 10:13:11,064 [pool-27-thread-1] INFO  server.RaftServerConfigKeys (ConfUtils.java:logGet(43)) - raft.server.log.queue.byte-limit = 2147483647 (custom)
2019-10-21 10:13:11,064 [pool-27-thread-1] INFO  server.RaftServerConfigKeys (ConfUtils.java:logGet(43)) - raft.server.log.queue.element-limit = 1024 (custom)
2019-10-21 10:13:11,066 [pool-27-thread-1] INFO  server.RaftServerConfigKeys (ConfUtils.java:logGet(43)) - raft.server.log.segment.size.max = 1048576 (custom)
2019-10-21 10:13:11,066 [pool-27-thread-1] INFO  server.RaftServerConfigKeys (ConfUtils.java:logGet(43)) - raft.server.log.preallocated.size = 16384 (custom)
2019-10-21 10:13:11,067 [pool-27-thread-1] INFO  server.RaftServerConfigKeys (ConfUtils.java:logGet(43)) - raft.server.log.write.buffer.size = 33554432 (custom)
2019-10-21 10:13:11,068 [pool-27-thread-1] INFO  server.RaftServerConfigKeys (ConfUtils.java:logGet(43)) - raft.server.log.force.sync.num = 128 (default)
2019-10-21 10:13:11,069 [pool-27-thread-1] INFO  server.RaftServerConfigKeys (ConfUtils.java:logGet(43)) - raft.server.log.statemachine.data.sync = true (default)
2019-10-21 10:13:11,069 [pool-27-thread-1] INFO  server.RaftServerConfigKeys (ConfUtils.java:logGet(43)) - raft.server.log.statemachine.data.sync.timeout = 10s (default)
2019-10-21 10:13:11,070 [pool-27-thread-1] INFO  server.RaftServerConfigKeys (ConfUtils.java:logGet(43)) - raft.server.log.statemachine.data.sync.timeout.retry = -1 (default)
2019-10-21 10:13:11,086 [pool-27-thread-1] INFO  server.RaftServerConfigKeys (ConfUtils.java:logGet(43)) - raft.server.log.statemachine.data.caching.enabled = true (custom)
2019-10-21 10:13:11,092 [pool-27-thread-1] INFO  segmented.SegmentedRaftLogWorker (SegmentedRaftLogWorker.java:lambda$new$0(128)) - 24baf8d8-840e-4e7d-83f1-b115321d4c4e@group-0EA88E974187-SegmentedRaftLogWorker: flushIndex: setUnconditionally 0 -> -1
2019-10-21 10:13:11,097 [pool-27-thread-1] INFO  server.RaftServerConfigKeys (ConfUtils.java:logGet(43)) - raft.server.snapshot.auto.trigger.enabled = true (custom)
2019-10-21 10:13:11,098 [pool-27-thread-1] INFO  server.RaftServerConfigKeys (ConfUtils.java:logGet(43)) - raft.server.snapshot.auto.trigger.threshold = 10000 (custom)
2019-10-21 10:13:11,099 [pool-27-thread-1] INFO  server.RaftServerConfigKeys (ConfUtils.java:logGet(43)) - raft.server.snapshot.retention.file.num = 5 (custom)
2019-10-21 10:13:11,099 [pool-27-thread-1] INFO  server.RaftServerConfigKeys (ConfUtils.java:logGet(43)) - raft.server.retrycache.expirytime = 600000ms (custom)
2019-10-21 10:13:11,121 [pool-27-thread-1] WARN  impl.MetricRegistriesImpl (MetricRegistriesImpl.java:lambda$create$1(61)) - First MetricRegistry has been created without registering reporters. You may need to call MetricRegistries.global().addReportRegistration(...) before.
2019-10-21 10:13:11,124 [pool-27-thread-1] WARN  impl.MetricRegistriesImpl (MetricRegistriesImpl.java:lambda$create$1(61)) - First MetricRegistry has been created without registering reporters. You may need to call MetricRegistries.global().addReportRegistration(...) before.
2019-10-21 10:13:11,126 [pool-27-thread-1] INFO  impl.RaftServerImpl (RaftServerImpl.java:start(184)) - 24baf8d8-840e-4e7d-83f1-b115321d4c4e@group-0EA88E974187: start as a follower, conf=-1: [24baf8d8-840e-4e7d-83f1-b115321d4c4e:192.168.69.94:43778], old=null
2019-10-21 10:13:11,127 [pool-27-thread-1] INFO  impl.RaftServerImpl (RaftServerImpl.java:setRole(173)) - 24baf8d8-840e-4e7d-83f1-b115321d4c4e@group-0EA88E974187: changes role from      null to FOLLOWER at term 0 for startAsFollower
2019-10-21 10:13:11,128 [pool-27-thread-1] INFO  impl.RoleInfo (RoleInfo.java:updateAndGet(143)) - 24baf8d8-840e-4e7d-83f1-b115321d4c4e: start FollowerState
2019-10-21 10:13:11,131 [pool-27-thread-1] INFO  util.JmxRegister (JmxRegister.java:tryRegister(44)) - Successfully registered JMX Bean with object name Ratis:service=RaftServer,group=group-0EA88E974187,id=24baf8d8-840e-4e7d-83f1-b115321d4c4e
2019-10-21 10:13:11,132 [pool-27-thread-1] WARN  impl.MetricRegistriesImpl (MetricRegistriesImpl.java:lambda$create$1(61)) - First MetricRegistry has been created without registering reporters. You may need to call MetricRegistries.global().addReportRegistration(...) before.
2019-10-21 10:13:11,205 [RatisPipelineUtilsThread] INFO  pipeline.PipelineStateManager (PipelineStateManager.java:addPipeline(55)) - Created pipeline Pipeline[ Id: 60ac103b-6733-46ba-882f-0ea88e974187, Nodes: 24baf8d8-840e-4e7d-83f1-b115321d4c4e{ip: 192.168.69.94, host: pr-hdds-1868-bv6q8-2720828103, networkLocation: /default-rack, certSerialId: null}, Type:RATIS, Factor:ONE, State:ALLOCATED]
2019-10-21 10:13:11,232 [grpc-default-executor-0] INFO  impl.RaftServerProxy (RaftServerProxy.java:addNew(89)) - 45bcd496-ad94-4a09-9c65-3e660611c8c2: addNew group-1552FD662D8D:[45bcd496-ad94-4a09-9c65-3e660611c8c2:192.168.69.94:45233] returns group-1552FD662D8D:java.util.concurrent.CompletableFuture@716e1c47[Not completed]
2019-10-21 10:13:11,256 [pool-47-thread-1] INFO  impl.RaftServerImpl (RaftServerImpl.java:<init>(98)) - 45bcd496-ad94-4a09-9c65-3e660611c8c2: new RaftServerImpl for group-1552FD662D8D:[45bcd496-ad94-4a09-9c65-3e660611c8c2:192.168.69.94:45233] with ContainerStateMachine:uninitialized
2019-10-21 10:13:11,258 [pool-47-thread-1] INFO  server.RaftServerConfigKeys (ConfUtils.java:logGet(43)) - raft.server.rpc.timeout.min = 5s (custom)
2019-10-21 10:13:11,258 [pool-47-thread-1] INFO  server.RaftServerConfigKeys (ConfUtils.java:logGet(43)) - raft.server.rpc.timeout.max = 5200ms (custom)
2019-10-21 10:13:11,258 [pool-47-thread-1] INFO  server.RaftServerConfigKeys (ConfUtils.java:logGet(43)) - raft.server.rpcslowness.timeout = 120s (custom)
2019-10-21 10:13:11,258 [pool-47-thread-1] INFO  server.RaftServerConfigKeys (ConfUtils.java:logGet(43)) - raft.server.sleep.deviation.threshold = 300 (default)
2019-10-21 10:13:11,259 [pool-47-thread-1] INFO  server.RaftServerConfigKeys (ConfUtils.java:logGet(43)) - raft.server.log.appender.install.snapshot.enabled = false (custom)
2019-10-21 10:13:11,259 [pool-47-thread-1] INFO  impl.RaftServerImpl (ServerState.java:<init>(103)) - 45bcd496-ad94-4a09-9c65-3e660611c8c2@group-1552FD662D8D: ConfigurationManager, init=-1: [45bcd496-ad94-4a09-9c65-3e660611c8c2:192.168.69.94:45233], old=null, confs=<EMPTY_MAP>
2019-10-21 10:13:11,259 [pool-47-thread-1] INFO  server.RaftServerConfigKeys (ConfUtils.java:logGet(43)) - raft.server.storage.dir = [/workdir/hadoop-ozone/tools/target/test-dir/MiniOzoneClusterImpl-4c43668a-c6b8-486a-a996-549bedbdf837/datanode-2/data/ratis] (custom)
2019-10-21 10:13:11,260 [pool-47-thread-1] INFO  server.RaftServerConfigKeys (ConfUtils.java:logGet(43)) - raft.server.log.corruption.policy = EXCEPTION (default)
2019-10-21 10:13:11,260 [pool-47-thread-1] INFO  storage.RaftStorageDirectory (RaftStorageDirectory.java:analyzeStorage(246)) - The storage directory /workdir/hadoop-ozone/tools/target/test-dir/MiniOzoneClusterImpl-4c43668a-c6b8-486a-a996-549bedbdf837/datanode-2/data/ratis/d8f968ee-eeca-4ed4-a370-1552fd662d8d does not exist. Creating ...
2019-10-21 10:13:11,276 [pool-47-thread-1] INFO  storage.RaftStorageDirectory (RaftStorageDirectory.java:tryLock(328)) - Lock on /workdir/hadoop-ozone/tools/target/test-dir/MiniOzoneClusterImpl-4c43668a-c6b8-486a-a996-549bedbdf837/datanode-2/data/ratis/d8f968ee-eeca-4ed4-a370-1552fd662d8d/in_use.lock acquired by nodename 17996@pr-hdds-1868-bv6q8-2720828103
2019-10-21 10:13:11,302 [pool-47-thread-1] INFO  storage.RaftStorage (RaftStorage.java:format(84)) - Storage directory /workdir/hadoop-ozone/tools/target/test-dir/MiniOzoneClusterImpl-4c43668a-c6b8-486a-a996-549bedbdf837/datanode-2/data/ratis/d8f968ee-eeca-4ed4-a370-1552fd662d8d has been successfully formatted.
2019-10-21 10:13:11,304 [pool-47-thread-1] INFO  ratis.ContainerStateMachine (ContainerStateMachine.java:loadSnapshot(233)) - group-1552FD662D8D: The snapshot info is null. Setting the last applied indexto:(t:0, i:~)
2019-10-21 10:13:11,304 [pool-47-thread-1] INFO  server.RaftServerConfigKeys (ConfUtils.java:logGet(43)) - raft.server.notification.no-leader.timeout = 120s (custom)
2019-10-21 10:13:11,305 [pool-47-thread-1] INFO  server.RaftServerConfigKeys (ConfUtils.java:logGet(43)) - raft.server.log.use.memory = false (default)
2019-10-21 10:13:11,305 [pool-47-thread-1] INFO  server.RaftServerConfigKeys (ConfUtils.java:logGet(43)) - raft.server.log.purge.gap = 1000000 (custom)
2019-10-21 10:13:11,305 [pool-47-thread-1] INFO  server.RaftServerConfigKeys (ConfUtils.java:logGet(43)) - raft.server.log.appender.buffer.byte-limit = 33554432 (custom)
2019-10-21 10:13:11,305 [pool-47-thread-1] INFO  server.RaftServerConfigKeys (ConfUtils.java:logGet(43)) - raft.server.log.segment.size.max = 1048576 (custom)
2019-10-21 10:13:11,305 [pool-47-thread-1] WARN  impl.MetricRegistriesImpl (MetricRegistriesImpl.java:lambda$create$1(61)) - First MetricRegistry has been created without registering reporters. You may need to call MetricRegistries.global().addReportRegistration(...) before.
2019-10-21 10:13:11,306 [pool-47-thread-1] INFO  server.RaftServerConfigKeys (ConfUtils.java:logGet(43)) - raft.server.log.segment.cache.num.max = 2 (custom)
2019-10-21 10:13:11,306 [pool-47-thread-1] INFO  segmented.SegmentedRaftLogWorker (SegmentedRaftLogWorker.java:<init>(173)) - new 45bcd496-ad94-4a09-9c65-3e660611c8c2@group-1552FD662D8D-SegmentedRaftLogWorker for RaftStorage:Storage Directory /workdir/hadoop-ozone/tools/target/test-dir/MiniOzoneClusterImpl-4c43668a-c6b8-486a-a996-549bedbdf837/datanode-2/data/ratis/d8f968ee-eeca-4ed4-a370-1552fd662d8d
2019-10-21 10:13:11,307 [pool-47-thread-1] INFO  server.RaftServerConfigKeys (ConfUtils.java:logGet(43)) - raft.server.log.queue.byte-limit = 2147483647 (custom)
2019-10-21 10:13:11,307 [pool-47-thread-1] INFO  server.RaftServerConfigKeys (ConfUtils.java:logGet(43)) - raft.server.log.queue.element-limit = 1024 (custom)
2019-10-21 10:13:11,307 [pool-47-thread-1] INFO  server.RaftServerConfigKeys (ConfUtils.java:logGet(43)) - raft.server.log.segment.size.max = 1048576 (custom)
2019-10-21 10:13:11,307 [pool-47-thread-1] INFO  server.RaftServerConfigKeys (ConfUtils.java:logGet(43)) - raft.server.log.preallocated.size = 16384 (custom)
2019-10-21 10:13:11,307 [pool-47-thread-1] INFO  server.RaftServerConfigKeys (ConfUtils.java:logGet(43)) - raft.server.log.write.buffer.size = 33554432 (custom)
2019-10-21 10:13:11,307 [pool-47-thread-1] INFO  server.RaftServerConfigKeys (ConfUtils.java:logGet(43)) - raft.server.log.force.sync.num = 128 (default)
2019-10-21 10:13:11,308 [pool-47-thread-1] INFO  server.RaftServerConfigKeys (ConfUtils.java:logGet(43)) - raft.server.log.statemachine.data.sync = true (default)
2019-10-21 10:13:11,308 [pool-47-thread-1] INFO  server.RaftServerConfigKeys (ConfUtils.java:logGet(43)) - raft.server.log.statemachine.data.sync.timeout = 10s (default)
2019-10-21 10:13:11,308 [pool-47-thread-1] INFO  server.RaftServerConfigKeys (ConfUtils.java:logGet(43)) - raft.server.log.statemachine.data.sync.timeout.retry = -1 (default)
2019-10-21 10:13:11,308 [pool-47-thread-1] INFO  server.RaftServerConfigKeys (ConfUtils.java:logGet(43)) - raft.server.log.statemachine.data.caching.enabled = true (custom)
2019-10-21 10:13:11,309 [pool-47-thread-1] INFO  segmented.SegmentedRaftLogWorker (SegmentedRaftLogWorker.java:lambda$new$0(128)) - 45bcd496-ad94-4a09-9c65-3e660611c8c2@group-1552FD662D8D-SegmentedRaftLogWorker: flushIndex: setUnconditionally 0 -> -1
2019-10-21 10:13:11,309 [pool-47-thread-1] INFO  server.RaftServerConfigKeys (ConfUtils.java:logGet(43)) - raft.server.snapshot.auto.trigger.enabled = true (custom)
2019-10-21 10:13:11,309 [pool-47-thread-1] INFO  server.RaftServerConfigKeys (ConfUtils.java:logGet(43)) - raft.server.snapshot.auto.trigger.threshold = 10000 (custom)
2019-10-21 10:13:11,309 [pool-47-thread-1] INFO  server.RaftServerConfigKeys (ConfUtils.java:logGet(43)) - raft.server.snapshot.retention.file.num = 5 (custom)
2019-10-21 10:13:11,309 [pool-47-thread-1] INFO  server.RaftServerConfigKeys (ConfUtils.java:logGet(43)) - raft.server.retrycache.expirytime = 600000ms (custom)
2019-10-21 10:13:11,310 [pool-47-thread-1] WARN  impl.MetricRegistriesImpl (MetricRegistriesImpl.java:lambda$create$1(61)) - First MetricRegistry has been created without registering reporters. You may need to call MetricRegistries.global().addReportRegistration(...) before.
2019-10-21 10:13:11,310 [pool-47-thread-1] WARN  impl.MetricRegistriesImpl (MetricRegistriesImpl.java:lambda$create$1(61)) - First MetricRegistry has been created without registering reporters. You may need to call MetricRegistries.global().addReportRegistration(...) before.
2019-10-21 10:13:11,310 [pool-47-thread-1] INFO  impl.RaftServerImpl (RaftServerImpl.java:start(184)) - 45bcd496-ad94-4a09-9c65-3e660611c8c2@group-1552FD662D8D: start as a follower, conf=-1: [45bcd496-ad94-4a09-9c65-3e660611c8c2:192.168.69.94:45233], old=null
2019-10-21 10:13:11,310 [pool-47-thread-1] INFO  impl.RaftServerImpl (RaftServerImpl.java:setRole(173)) - 45bcd496-ad94-4a09-9c65-3e660611c8c2@group-1552FD662D8D: changes role from      null to FOLLOWER at term 0 for startAsFollower
2019-10-21 10:13:11,310 [pool-47-thread-1] INFO  impl.RoleInfo (RoleInfo.java:updateAndGet(143)) - 45bcd496-ad94-4a09-9c65-3e660611c8c2: start FollowerState
2019-10-21 10:13:11,311 [pool-47-thread-1] INFO  util.JmxRegister (JmxRegister.java:tryRegister(44)) - Successfully registered JMX Bean with object name Ratis:service=RaftServer,group=group-1552FD662D8D,id=45bcd496-ad94-4a09-9c65-3e660611c8c2
2019-10-21 10:13:11,312 [pool-47-thread-1] WARN  impl.MetricRegistriesImpl (MetricRegistriesImpl.java:lambda$create$1(61)) - First MetricRegistry has been created without registering reporters. You may need to call MetricRegistries.global().addReportRegistration(...) before.
2019-10-21 10:13:11,323 [RatisPipelineUtilsThread] INFO  pipeline.PipelineStateManager (PipelineStateManager.java:addPipeline(55)) - Created pipeline Pipeline[ Id: d8f968ee-eeca-4ed4-a370-1552fd662d8d, Nodes: 45bcd496-ad94-4a09-9c65-3e660611c8c2{ip: 192.168.69.94, host: pr-hdds-1868-bv6q8-2720828103, networkLocation: /default-rack, certSerialId: null}, Type:RATIS, Factor:ONE, State:ALLOCATED]
2019-10-21 10:13:11,343 [grpc-default-executor-0] INFO  impl.RaftServerProxy (RaftServerProxy.java:addNew(89)) - 5fc95126-4ebe-42c6-9d3e-d6bb5819be12: addNew group-5DA696A281AF:[5fc95126-4ebe-42c6-9d3e-d6bb5819be12:192.168.69.94:34268] returns group-5DA696A281AF:java.util.concurrent.CompletableFuture@6f756955[Not completed]
2019-10-21 10:13:11,357 [pool-37-thread-1] INFO  impl.RaftServerImpl (RaftServerImpl.java:<init>(98)) - 5fc95126-4ebe-42c6-9d3e-d6bb5819be12: new RaftServerImpl for group-5DA696A281AF:[5fc95126-4ebe-42c6-9d3e-d6bb5819be12:192.168.69.94:34268] with ContainerStateMachine:uninitialized
2019-10-21 10:13:11,358 [pool-37-thread-1] INFO  server.RaftServerConfigKeys (ConfUtils.java:logGet(43)) - raft.server.rpc.timeout.min = 5s (custom)
2019-10-21 10:13:11,358 [pool-37-thread-1] INFO  server.RaftServerConfigKeys (ConfUtils.java:logGet(43)) - raft.server.rpc.timeout.max = 5200ms (custom)
2019-10-21 10:13:11,359 [pool-37-thread-1] INFO  server.RaftServerConfigKeys (ConfUtils.java:logGet(43)) - raft.server.rpcslowness.timeout = 120s (custom)
2019-10-21 10:13:11,359 [pool-37-thread-1] INFO  server.RaftServerConfigKeys (ConfUtils.java:logGet(43)) - raft.server.sleep.deviation.threshold = 300 (default)
2019-10-21 10:13:11,359 [pool-37-thread-1] INFO  server.RaftServerConfigKeys (ConfUtils.java:logGet(43)) - raft.server.log.appender.install.snapshot.enabled = false (custom)
2019-10-21 10:13:11,359 [pool-37-thread-1] INFO  impl.RaftServerImpl (ServerState.java:<init>(103)) - 5fc95126-4ebe-42c6-9d3e-d6bb5819be12@group-5DA696A281AF: ConfigurationManager, init=-1: [5fc95126-4ebe-42c6-9d3e-d6bb5819be12:192.168.69.94:34268], old=null, confs=<EMPTY_MAP>
2019-10-21 10:13:11,359 [pool-37-thread-1] INFO  server.RaftServerConfigKeys (ConfUtils.java:logGet(43)) - raft.server.storage.dir = [/workdir/hadoop-ozone/tools/target/test-dir/MiniOzoneClusterImpl-4c43668a-c6b8-486a-a996-549bedbdf837/datanode-1/data/ratis] (custom)
2019-10-21 10:13:11,360 [pool-37-thread-1] INFO  server.RaftServerConfigKeys (ConfUtils.java:logGet(43)) - raft.server.log.corruption.policy = EXCEPTION (default)
2019-10-21 10:13:11,360 [pool-37-thread-1] INFO  storage.RaftStorageDirectory (RaftStorageDirectory.java:analyzeStorage(246)) - The storage directory /workdir/hadoop-ozone/tools/target/test-dir/MiniOzoneClusterImpl-4c43668a-c6b8-486a-a996-549bedbdf837/datanode-1/data/ratis/831134bb-9ef6-438a-86dd-5da696a281af does not exist. Creating ...
2019-10-21 10:13:11,385 [pool-37-thread-1] INFO  storage.RaftStorageDirectory (RaftStorageDirectory.java:tryLock(328)) - Lock on /workdir/hadoop-ozone/tools/target/test-dir/MiniOzoneClusterImpl-4c43668a-c6b8-486a-a996-549bedbdf837/datanode-1/data/ratis/831134bb-9ef6-438a-86dd-5da696a281af/in_use.lock acquired by nodename 17996@pr-hdds-1868-bv6q8-2720828103
2019-10-21 10:13:11,398 [pool-37-thread-1] INFO  storage.RaftStorage (RaftStorage.java:format(84)) - Storage directory /workdir/hadoop-ozone/tools/target/test-dir/MiniOzoneClusterImpl-4c43668a-c6b8-486a-a996-549bedbdf837/datanode-1/data/ratis/831134bb-9ef6-438a-86dd-5da696a281af has been successfully formatted.
2019-10-21 10:13:11,398 [pool-37-thread-1] INFO  ratis.ContainerStateMachine (ContainerStateMachine.java:loadSnapshot(233)) - group-5DA696A281AF: The snapshot info is null. Setting the last applied indexto:(t:0, i:~)
2019-10-21 10:13:11,398 [pool-37-thread-1] INFO  server.RaftServerConfigKeys (ConfUtils.java:logGet(43)) - raft.server.notification.no-leader.timeout = 120s (custom)
2019-10-21 10:13:11,399 [pool-37-thread-1] INFO  server.RaftServerConfigKeys (ConfUtils.java:logGet(43)) - raft.server.log.use.memory = false (default)
2019-10-21 10:13:11,399 [pool-37-thread-1] INFO  server.RaftServerConfigKeys (ConfUtils.java:logGet(43)) - raft.server.log.purge.gap = 1000000 (custom)
2019-10-21 10:13:11,399 [pool-37-thread-1] INFO  server.RaftServerConfigKeys (ConfUtils.java:logGet(43)) - raft.server.log.appender.buffer.byte-limit = 33554432 (custom)
2019-10-21 10:13:11,399 [pool-37-thread-1] INFO  server.RaftServerConfigKeys (ConfUtils.java:logGet(43)) - raft.server.log.segment.size.max = 1048576 (custom)
2019-10-21 10:13:11,399 [pool-37-thread-1] WARN  impl.MetricRegistriesImpl (MetricRegistriesImpl.java:lambda$create$1(61)) - First MetricRegistry has been created without registering reporters. You may need to call MetricRegistries.global().addReportRegistration(...) before.
2019-10-21 10:13:11,399 [pool-37-thread-1] INFO  server.RaftServerConfigKeys (ConfUtils.java:logGet(43)) - raft.server.log.segment.cache.num.max = 2 (custom)
2019-10-21 10:13:11,399 [pool-37-thread-1] INFO  segmented.SegmentedRaftLogWorker (SegmentedRaftLogWorker.java:<init>(173)) - new 5fc95126-4ebe-42c6-9d3e-d6bb5819be12@group-5DA696A281AF-SegmentedRaftLogWorker for RaftStorage:Storage Directory /workdir/hadoop-ozone/tools/target/test-dir/MiniOzoneClusterImpl-4c43668a-c6b8-486a-a996-549bedbdf837/datanode-1/data/ratis/831134bb-9ef6-438a-86dd-5da696a281af
2019-10-21 10:13:11,400 [pool-37-thread-1] INFO  server.RaftServerConfigKeys (ConfUtils.java:logGet(43)) - raft.server.log.queue.byte-limit = 2147483647 (custom)
2019-10-21 10:13:11,400 [pool-37-thread-1] INFO  server.RaftServerConfigKeys (ConfUtils.java:logGet(43)) - raft.server.log.queue.element-limit = 1024 (custom)
2019-10-21 10:13:11,400 [pool-37-thread-1] INFO  server.RaftServerConfigKeys (ConfUtils.java:logGet(43)) - raft.server.log.segment.size.max = 1048576 (custom)
2019-10-21 10:13:11,400 [pool-37-thread-1] INFO  server.RaftServerConfigKeys (ConfUtils.java:logGet(43)) - raft.server.log.preallocated.size = 16384 (custom)
2019-10-21 10:13:11,400 [pool-37-thread-1] INFO  server.RaftServerConfigKeys (ConfUtils.java:logGet(43)) - raft.server.log.write.buffer.size = 33554432 (custom)
2019-10-21 10:13:11,400 [pool-37-thread-1] INFO  server.RaftServerConfigKeys (ConfUtils.java:logGet(43)) - raft.server.log.force.sync.num = 128 (default)
2019-10-21 10:13:11,400 [pool-37-thread-1] INFO  server.RaftServerConfigKeys (ConfUtils.java:logGet(43)) - raft.server.log.statemachine.data.sync = true (default)
2019-10-21 10:13:11,400 [pool-37-thread-1] INFO  server.RaftServerConfigKeys (ConfUtils.java:logGet(43)) - raft.server.log.statemachine.data.sync.timeout = 10s (default)
2019-10-21 10:13:11,401 [pool-37-thread-1] INFO  server.RaftServerConfigKeys (ConfUtils.java:logGet(43)) - raft.server.log.statemachine.data.sync.timeout.retry = -1 (default)
2019-10-21 10:13:11,401 [pool-37-thread-1] INFO  server.RaftServerConfigKeys (ConfUtils.java:logGet(43)) - raft.server.log.statemachine.data.caching.enabled = true (custom)
2019-10-21 10:13:11,401 [pool-37-thread-1] INFO  segmented.SegmentedRaftLogWorker (SegmentedRaftLogWorker.java:lambda$new$0(128)) - 5fc95126-4ebe-42c6-9d3e-d6bb5819be12@group-5DA696A281AF-SegmentedRaftLogWorker: flushIndex: setUnconditionally 0 -> -1
2019-10-21 10:13:11,402 [pool-37-thread-1] INFO  server.RaftServerConfigKeys (ConfUtils.java:logGet(43)) - raft.server.snapshot.auto.trigger.enabled = true (custom)
2019-10-21 10:13:11,402 [pool-37-thread-1] INFO  server.RaftServerConfigKeys (ConfUtils.java:logGet(43)) - raft.server.snapshot.auto.trigger.threshold = 10000 (custom)
2019-10-21 10:13:11,402 [pool-37-thread-1] INFO  server.RaftServerConfigKeys (ConfUtils.java:logGet(43)) - raft.server.snapshot.retention.file.num = 5 (custom)
2019-10-21 10:13:11,402 [pool-37-thread-1] INFO  server.RaftServerConfigKeys (ConfUtils.java:logGet(43)) - raft.server.retrycache.expirytime = 600000ms (custom)
2019-10-21 10:13:11,402 [pool-37-thread-1] WARN  impl.MetricRegistriesImpl (MetricRegistriesImpl.java:lambda$create$1(61)) - First MetricRegistry has been created without registering reporters. You may need to call MetricRegistries.global().addReportRegistration(...) before.
2019-10-21 10:13:11,402 [pool-37-thread-1] WARN  impl.MetricRegistriesImpl (MetricRegistriesImpl.java:lambda$create$1(61)) - First MetricRegistry has been created without registering reporters. You may need to call MetricRegistries.global().addReportRegistration(...) before.
2019-10-21 10:13:11,403 [pool-37-thread-1] INFO  impl.RaftServerImpl (RaftServerImpl.java:start(184)) - 5fc95126-4ebe-42c6-9d3e-d6bb5819be12@group-5DA696A281AF: start as a follower, conf=-1: [5fc95126-4ebe-42c6-9d3e-d6bb5819be12:192.168.69.94:34268], old=null
2019-10-21 10:13:11,403 [pool-37-thread-1] INFO  impl.RaftServerImpl (RaftServerImpl.java:setRole(173)) - 5fc95126-4ebe-42c6-9d3e-d6bb5819be12@group-5DA696A281AF: changes role from      null to FOLLOWER at term 0 for startAsFollower
2019-10-21 10:13:11,403 [pool-37-thread-1] INFO  impl.RoleInfo (RoleInfo.java:updateAndGet(143)) - 5fc95126-4ebe-42c6-9d3e-d6bb5819be12: start FollowerState
2019-10-21 10:13:11,403 [pool-37-thread-1] INFO  util.JmxRegister (JmxRegister.java:tryRegister(44)) - Successfully registered JMX Bean with object name Ratis:service=RaftServer,group=group-5DA696A281AF,id=5fc95126-4ebe-42c6-9d3e-d6bb5819be12
2019-10-21 10:13:11,403 [pool-37-thread-1] WARN  impl.MetricRegistriesImpl (MetricRegistriesImpl.java:lambda$create$1(61)) - First MetricRegistry has been created without registering reporters. You may need to call MetricRegistries.global().addReportRegistration(...) before.
2019-10-21 10:13:11,414 [RatisPipelineUtilsThread] INFO  pipeline.PipelineStateManager (PipelineStateManager.java:addPipeline(55)) - Created pipeline Pipeline[ Id: 831134bb-9ef6-438a-86dd-5da696a281af, Nodes: 5fc95126-4ebe-42c6-9d3e-d6bb5819be12{ip: 192.168.69.94, host: pr-hdds-1868-bv6q8-2720828103, networkLocation: /default-rack, certSerialId: null}, Type:RATIS, Factor:ONE, State:ALLOCATED]
2019-10-21 10:13:11,441 [grpc-default-executor-1] INFO  impl.RaftServerProxy (RaftServerProxy.java:addNew(89)) - 24baf8d8-840e-4e7d-83f1-b115321d4c4e: addNew group-8EC7294E7939:[24baf8d8-840e-4e7d-83f1-b115321d4c4e:192.168.69.94:43778, 45bcd496-ad94-4a09-9c65-3e660611c8c2:192.168.69.94:45233, 5fc95126-4ebe-42c6-9d3e-d6bb5819be12:192.168.69.94:34268] returns group-8EC7294E7939:java.util.concurrent.CompletableFuture@1c48a6d4[Not completed]
2019-10-21 10:13:11,441 [grpc-default-executor-2] INFO  impl.RaftServerProxy (RaftServerProxy.java:addNew(89)) - 45bcd496-ad94-4a09-9c65-3e660611c8c2: addNew group-8EC7294E7939:[24baf8d8-840e-4e7d-83f1-b115321d4c4e:192.168.69.94:43778, 45bcd496-ad94-4a09-9c65-3e660611c8c2:192.168.69.94:45233, 5fc95126-4ebe-42c6-9d3e-d6bb5819be12:192.168.69.94:34268] returns group-8EC7294E7939:java.util.concurrent.CompletableFuture@3783d74b[Not completed]
2019-10-21 10:13:11,443 [grpc-default-executor-2] INFO  impl.RaftServerProxy (RaftServerProxy.java:addNew(89)) - 5fc95126-4ebe-42c6-9d3e-d6bb5819be12: addNew group-8EC7294E7939:[24baf8d8-840e-4e7d-83f1-b115321d4c4e:192.168.69.94:43778, 45bcd496-ad94-4a09-9c65-3e660611c8c2:192.168.69.94:45233, 5fc95126-4ebe-42c6-9d3e-d6bb5819be12:192.168.69.94:34268] returns group-8EC7294E7939:java.util.concurrent.CompletableFuture@72814fdf[Not completed]
2019-10-21 10:13:11,444 [pool-47-thread-1] INFO  impl.RaftServerImpl (RaftServerImpl.java:<init>(98)) - 45bcd496-ad94-4a09-9c65-3e660611c8c2: new RaftServerImpl for group-8EC7294E7939:[24baf8d8-840e-4e7d-83f1-b115321d4c4e:192.168.69.94:43778, 45bcd496-ad94-4a09-9c65-3e660611c8c2:192.168.69.94:45233, 5fc95126-4ebe-42c6-9d3e-d6bb5819be12:192.168.69.94:34268] with ContainerStateMachine:uninitialized
2019-10-21 10:13:11,444 [pool-47-thread-1] INFO  server.RaftServerConfigKeys (ConfUtils.java:logGet(43)) - raft.server.rpc.timeout.min = 5s (custom)
2019-10-21 10:13:11,444 [pool-47-thread-1] INFO  server.RaftServerConfigKeys (ConfUtils.java:logGet(43)) - raft.server.rpc.timeout.max = 5200ms (custom)
2019-10-21 10:13:11,444 [pool-47-thread-1] INFO  server.RaftServerConfigKeys (ConfUtils.java:logGet(43)) - raft.server.rpcslowness.timeout = 120s (custom)
2019-10-21 10:13:11,444 [pool-47-thread-1] INFO  server.RaftServerConfigKeys (ConfUtils.java:logGet(43)) - raft.server.sleep.deviation.threshold = 300 (default)
2019-10-21 10:13:11,444 [pool-47-thread-1] INFO  server.RaftServerConfigKeys (ConfUtils.java:logGet(43)) - raft.server.log.appender.install.snapshot.enabled = false (custom)
2019-10-21 10:13:11,444 [pool-47-thread-1] INFO  impl.RaftServerImpl (ServerState.java:<init>(103)) - 45bcd496-ad94-4a09-9c65-3e660611c8c2@group-8EC7294E7939: ConfigurationManager, init=-1: [24baf8d8-840e-4e7d-83f1-b115321d4c4e:192.168.69.94:43778, 45bcd496-ad94-4a09-9c65-3e660611c8c2:192.168.69.94:45233, 5fc95126-4ebe-42c6-9d3e-d6bb5819be12:192.168.69.94:34268], old=null, confs=<EMPTY_MAP>
2019-10-21 10:13:11,444 [pool-37-thread-1] INFO  impl.RaftServerImpl (RaftServerImpl.java:<init>(98)) - 5fc95126-4ebe-42c6-9d3e-d6bb5819be12: new RaftServerImpl for group-8EC7294E7939:[24baf8d8-840e-4e7d-83f1-b115321d4c4e:192.168.69.94:43778, 45bcd496-ad94-4a09-9c65-3e660611c8c2:192.168.69.94:45233, 5fc95126-4ebe-42c6-9d3e-d6bb5819be12:192.168.69.94:34268] with ContainerStateMachine:uninitialized
2019-10-21 10:13:11,445 [pool-47-thread-1] INFO  server.RaftServerConfigKeys (ConfUtils.java:logGet(43)) - raft.server.storage.dir = [/workdir/hadoop-ozone/tools/target/test-dir/MiniOzoneClusterImpl-4c43668a-c6b8-486a-a996-549bedbdf837/datanode-2/data/ratis] (custom)
2019-10-21 10:13:11,445 [pool-37-thread-1] INFO  server.RaftServerConfigKeys (ConfUtils.java:logGet(43)) - raft.server.rpc.timeout.min = 5s (custom)
2019-10-21 10:13:11,445 [pool-37-thread-1] INFO  server.RaftServerConfigKeys (ConfUtils.java:logGet(43)) - raft.server.rpc.timeout.max = 5200ms (custom)
2019-10-21 10:13:11,445 [pool-47-thread-1] INFO  server.RaftServerConfigKeys (ConfUtils.java:logGet(43)) - raft.server.log.corruption.policy = EXCEPTION (default)
2019-10-21 10:13:11,445 [pool-37-thread-1] INFO  server.RaftServerConfigKeys (ConfUtils.java:logGet(43)) - raft.server.rpcslowness.timeout = 120s (custom)
2019-10-21 10:13:11,445 [pool-47-thread-1] INFO  storage.RaftStorageDirectory (RaftStorageDirectory.java:analyzeStorage(246)) - The storage directory /workdir/hadoop-ozone/tools/target/test-dir/MiniOzoneClusterImpl-4c43668a-c6b8-486a-a996-549bedbdf837/datanode-2/data/ratis/f9b22a14-7165-4754-8661-8ec7294e7939 does not exist. Creating ...
2019-10-21 10:13:11,445 [pool-37-thread-1] INFO  server.RaftServerConfigKeys (ConfUtils.java:logGet(43)) - raft.server.sleep.deviation.threshold = 300 (default)
2019-10-21 10:13:11,445 [pool-37-thread-1] INFO  server.RaftServerConfigKeys (ConfUtils.java:logGet(43)) - raft.server.log.appender.install.snapshot.enabled = false (custom)
2019-10-21 10:13:11,446 [pool-37-thread-1] INFO  impl.RaftServerImpl (ServerState.java:<init>(103)) - 5fc95126-4ebe-42c6-9d3e-d6bb5819be12@group-8EC7294E7939: ConfigurationManager, init=-1: [24baf8d8-840e-4e7d-83f1-b115321d4c4e:192.168.69.94:43778, 45bcd496-ad94-4a09-9c65-3e660611c8c2:192.168.69.94:45233, 5fc95126-4ebe-42c6-9d3e-d6bb5819be12:192.168.69.94:34268], old=null, confs=<EMPTY_MAP>
2019-10-21 10:13:11,446 [pool-27-thread-1] INFO  impl.RaftServerImpl (RaftServerImpl.java:<init>(98)) - 24baf8d8-840e-4e7d-83f1-b115321d4c4e: new RaftServerImpl for group-8EC7294E7939:[24baf8d8-840e-4e7d-83f1-b115321d4c4e:192.168.69.94:43778, 45bcd496-ad94-4a09-9c65-3e660611c8c2:192.168.69.94:45233, 5fc95126-4ebe-42c6-9d3e-d6bb5819be12:192.168.69.94:34268] with ContainerStateMachine:uninitialized
2019-10-21 10:13:11,446 [pool-37-thread-1] INFO  server.RaftServerConfigKeys (ConfUtils.java:logGet(43)) - raft.server.storage.dir = [/workdir/hadoop-ozone/tools/target/test-dir/MiniOzoneClusterImpl-4c43668a-c6b8-486a-a996-549bedbdf837/datanode-1/data/ratis] (custom)
2019-10-21 10:13:11,446 [pool-27-thread-1] INFO  server.RaftServerConfigKeys (ConfUtils.java:logGet(43)) - raft.server.rpc.timeout.min = 5s (custom)
2019-10-21 10:13:11,446 [pool-37-thread-1] INFO  server.RaftServerConfigKeys (ConfUtils.java:logGet(43)) - raft.server.log.corruption.policy = EXCEPTION (default)
2019-10-21 10:13:11,446 [pool-27-thread-1] INFO  server.RaftServerConfigKeys (ConfUtils.java:logGet(43)) - raft.server.rpc.timeout.max = 5200ms (custom)
2019-10-21 10:13:11,447 [pool-37-thread-1] INFO  storage.RaftStorageDirectory (RaftStorageDirectory.java:analyzeStorage(246)) - The storage directory /workdir/hadoop-ozone/tools/target/test-dir/MiniOzoneClusterImpl-4c43668a-c6b8-486a-a996-549bedbdf837/datanode-1/data/ratis/f9b22a14-7165-4754-8661-8ec7294e7939 does not exist. Creating ...
2019-10-21 10:13:11,447 [pool-27-thread-1] INFO  server.RaftServerConfigKeys (ConfUtils.java:logGet(43)) - raft.server.rpcslowness.timeout = 120s (custom)
2019-10-21 10:13:11,447 [pool-27-thread-1] INFO  server.RaftServerConfigKeys (ConfUtils.java:logGet(43)) - raft.server.sleep.deviation.threshold = 300 (default)
2019-10-21 10:13:11,447 [pool-27-thread-1] INFO  server.RaftServerConfigKeys (ConfUtils.java:logGet(43)) - raft.server.log.appender.install.snapshot.enabled = false (custom)
2019-10-21 10:13:11,447 [pool-27-thread-1] INFO  impl.RaftServerImpl (ServerState.java:<init>(103)) - 24baf8d8-840e-4e7d-83f1-b115321d4c4e@group-8EC7294E7939: ConfigurationManager, init=-1: [24baf8d8-840e-4e7d-83f1-b115321d4c4e:192.168.69.94:43778, 45bcd496-ad94-4a09-9c65-3e660611c8c2:192.168.69.94:45233, 5fc95126-4ebe-42c6-9d3e-d6bb5819be12:192.168.69.94:34268], old=null, confs=<EMPTY_MAP>
2019-10-21 10:13:11,447 [pool-27-thread-1] INFO  server.RaftServerConfigKeys (ConfUtils.java:logGet(43)) - raft.server.storage.dir = [/workdir/hadoop-ozone/tools/target/test-dir/MiniOzoneClusterImpl-4c43668a-c6b8-486a-a996-549bedbdf837/datanode-0/data/ratis] (custom)
2019-10-21 10:13:11,448 [pool-27-thread-1] INFO  server.RaftServerConfigKeys (ConfUtils.java:logGet(43)) - raft.server.log.corruption.policy = EXCEPTION (default)
2019-10-21 10:13:11,448 [pool-27-thread-1] INFO  storage.RaftStorageDirectory (RaftStorageDirectory.java:analyzeStorage(246)) - The storage directory /workdir/hadoop-ozone/tools/target/test-dir/MiniOzoneClusterImpl-4c43668a-c6b8-486a-a996-549bedbdf837/datanode-0/data/ratis/f9b22a14-7165-4754-8661-8ec7294e7939 does not exist. Creating ...
2019-10-21 10:13:11,470 [pool-47-thread-1] INFO  storage.RaftStorageDirectory (RaftStorageDirectory.java:tryLock(328)) - Lock on /workdir/hadoop-ozone/tools/target/test-dir/MiniOzoneClusterImpl-4c43668a-c6b8-486a-a996-549bedbdf837/datanode-2/data/ratis/f9b22a14-7165-4754-8661-8ec7294e7939/in_use.lock acquired by nodename 17996@pr-hdds-1868-bv6q8-2720828103
2019-10-21 10:13:11,470 [pool-27-thread-1] INFO  storage.RaftStorageDirectory (RaftStorageDirectory.java:tryLock(328)) - Lock on /workdir/hadoop-ozone/tools/target/test-dir/MiniOzoneClusterImpl-4c43668a-c6b8-486a-a996-549bedbdf837/datanode-0/data/ratis/f9b22a14-7165-4754-8661-8ec7294e7939/in_use.lock acquired by nodename 17996@pr-hdds-1868-bv6q8-2720828103
2019-10-21 10:13:11,470 [pool-37-thread-1] INFO  storage.RaftStorageDirectory (RaftStorageDirectory.java:tryLock(328)) - Lock on /workdir/hadoop-ozone/tools/target/test-dir/MiniOzoneClusterImpl-4c43668a-c6b8-486a-a996-549bedbdf837/datanode-1/data/ratis/f9b22a14-7165-4754-8661-8ec7294e7939/in_use.lock acquired by nodename 17996@pr-hdds-1868-bv6q8-2720828103
2019-10-21 10:13:11,496 [pool-37-thread-1] INFO  storage.RaftStorage (RaftStorage.java:format(84)) - Storage directory /workdir/hadoop-ozone/tools/target/test-dir/MiniOzoneClusterImpl-4c43668a-c6b8-486a-a996-549bedbdf837/datanode-1/data/ratis/f9b22a14-7165-4754-8661-8ec7294e7939 has been successfully formatted.
2019-10-21 10:13:11,496 [pool-27-thread-1] INFO  storage.RaftStorage (RaftStorage.java:format(84)) - Storage directory /workdir/hadoop-ozone/tools/target/test-dir/MiniOzoneClusterImpl-4c43668a-c6b8-486a-a996-549bedbdf837/datanode-0/data/ratis/f9b22a14-7165-4754-8661-8ec7294e7939 has been successfully formatted.
2019-10-21 10:13:11,496 [pool-47-thread-1] INFO  storage.RaftStorage (RaftStorage.java:format(84)) - Storage directory /workdir/hadoop-ozone/tools/target/test-dir/MiniOzoneClusterImpl-4c43668a-c6b8-486a-a996-549bedbdf837/datanode-2/data/ratis/f9b22a14-7165-4754-8661-8ec7294e7939 has been successfully formatted.
2019-10-21 10:13:11,496 [pool-37-thread-1] INFO  ratis.ContainerStateMachine (ContainerStateMachine.java:loadSnapshot(233)) - group-8EC7294E7939: The snapshot info is null. Setting the last applied indexto:(t:0, i:~)
2019-10-21 10:13:11,497 [pool-27-thread-1] INFO  ratis.ContainerStateMachine (ContainerStateMachine.java:loadSnapshot(233)) - group-8EC7294E7939: The snapshot info is null. Setting the last applied indexto:(t:0, i:~)
2019-10-21 10:13:11,497 [pool-37-thread-1] INFO  server.RaftServerConfigKeys (ConfUtils.java:logGet(43)) - raft.server.notification.no-leader.timeout = 120s (custom)
2019-10-21 10:13:11,497 [pool-27-thread-1] INFO  server.RaftServerConfigKeys (ConfUtils.java:logGet(43)) - raft.server.notification.no-leader.timeout = 120s (custom)
2019-10-21 10:13:11,497 [pool-47-thread-1] INFO  ratis.ContainerStateMachine (ContainerStateMachine.java:loadSnapshot(233)) - group-8EC7294E7939: The snapshot info is null. Setting the last applied indexto:(t:0, i:~)
2019-10-21 10:13:11,497 [pool-27-thread-1] INFO  server.RaftServerConfigKeys (ConfUtils.java:logGet(43)) - raft.server.log.use.memory = false (default)
2019-10-21 10:13:11,497 [pool-47-thread-1] INFO  server.RaftServerConfigKeys (ConfUtils.java:logGet(43)) - raft.server.notification.no-leader.timeout = 120s (custom)
2019-10-21 10:13:11,497 [pool-37-thread-1] INFO  server.RaftServerConfigKeys (ConfUtils.java:logGet(43)) - raft.server.log.use.memory = false (default)
2019-10-21 10:13:11,497 [pool-47-thread-1] INFO  server.RaftServerConfigKeys (ConfUtils.java:logGet(43)) - raft.server.log.use.memory = false (default)
2019-10-21 10:13:11,497 [pool-27-thread-1] INFO  server.RaftServerConfigKeys (ConfUtils.java:logGet(43)) - raft.server.log.purge.gap = 1000000 (custom)
2019-10-21 10:13:11,498 [pool-47-thread-1] INFO  server.RaftServerConfigKeys (ConfUtils.java:logGet(43)) - raft.server.log.purge.gap = 1000000 (custom)
2019-10-21 10:13:11,498 [pool-37-thread-1] INFO  server.RaftServerConfigKeys (ConfUtils.java:logGet(43)) - raft.server.log.purge.gap = 1000000 (custom)
2019-10-21 10:13:11,498 [pool-47-thread-1] INFO  server.RaftServerConfigKeys (ConfUtils.java:logGet(43)) - raft.server.log.appender.buffer.byte-limit = 33554432 (custom)
2019-10-21 10:13:11,498 [pool-27-thread-1] INFO  server.RaftServerConfigKeys (ConfUtils.java:logGet(43)) - raft.server.log.appender.buffer.byte-limit = 33554432 (custom)
2019-10-21 10:13:11,498 [pool-47-thread-1] INFO  server.RaftServerConfigKeys (ConfUtils.java:logGet(43)) - raft.server.log.segment.size.max = 1048576 (custom)
2019-10-21 10:13:11,498 [pool-37-thread-1] INFO  server.RaftServerConfigKeys (ConfUtils.java:logGet(43)) - raft.server.log.appender.buffer.byte-limit = 33554432 (custom)
2019-10-21 10:13:11,498 [pool-27-thread-1] INFO  server.RaftServerConfigKeys (ConfUtils.java:logGet(43)) - raft.server.log.segment.size.max = 1048576 (custom)
2019-10-21 10:13:11,499 [pool-37-thread-1] INFO  server.RaftServerConfigKeys (ConfUtils.java:logGet(43)) - raft.server.log.segment.size.max = 1048576 (custom)
2019-10-21 10:13:11,499 [pool-47-thread-1] INFO  server.RaftServerConfigKeys (ConfUtils.java:logGet(43)) - raft.server.log.segment.cache.num.max = 2 (custom)
2019-10-21 10:13:11,499 [pool-37-thread-1] INFO  server.RaftServerConfigKeys (ConfUtils.java:logGet(43)) - raft.server.log.segment.cache.num.max = 2 (custom)
2019-10-21 10:13:11,499 [pool-27-thread-1] INFO  server.RaftServerConfigKeys (ConfUtils.java:logGet(43)) - raft.server.log.segment.cache.num.max = 2 (custom)
2019-10-21 10:13:11,499 [pool-37-thread-1] INFO  segmented.SegmentedRaftLogWorker (SegmentedRaftLogWorker.java:<init>(173)) - new 5fc95126-4ebe-42c6-9d3e-d6bb5819be12@group-8EC7294E7939-SegmentedRaftLogWorker for RaftStorage:Storage Directory /workdir/hadoop-ozone/tools/target/test-dir/MiniOzoneClusterImpl-4c43668a-c6b8-486a-a996-549bedbdf837/datanode-1/data/ratis/f9b22a14-7165-4754-8661-8ec7294e7939
2019-10-21 10:13:11,499 [pool-47-thread-1] INFO  segmented.SegmentedRaftLogWorker (SegmentedRaftLogWorker.java:<init>(173)) - new 45bcd496-ad94-4a09-9c65-3e660611c8c2@group-8EC7294E7939-SegmentedRaftLogWorker for RaftStorage:Storage Directory /workdir/hadoop-ozone/tools/target/test-dir/MiniOzoneClusterImpl-4c43668a-c6b8-486a-a996-549bedbdf837/datanode-2/data/ratis/f9b22a14-7165-4754-8661-8ec7294e7939
2019-10-21 10:13:11,499 [pool-37-thread-1] INFO  server.RaftServerConfigKeys (ConfUtils.java:logGet(43)) - raft.server.log.queue.byte-limit = 2147483647 (custom)
2019-10-21 10:13:11,499 [pool-27-thread-1] INFO  segmented.SegmentedRaftLogWorker (SegmentedRaftLogWorker.java:<init>(173)) - new 24baf8d8-840e-4e7d-83f1-b115321d4c4e@group-8EC7294E7939-SegmentedRaftLogWorker for RaftStorage:Storage Directory /workdir/hadoop-ozone/tools/target/test-dir/MiniOzoneClusterImpl-4c43668a-c6b8-486a-a996-549bedbdf837/datanode-0/data/ratis/f9b22a14-7165-4754-8661-8ec7294e7939
2019-10-21 10:13:11,500 [pool-37-thread-1] INFO  server.RaftServerConfigKeys (ConfUtils.java:logGet(43)) - raft.server.log.queue.element-limit = 1024 (custom)
2019-10-21 10:13:11,500 [pool-47-thread-1] INFO  server.RaftServerConfigKeys (ConfUtils.java:logGet(43)) - raft.server.log.queue.byte-limit = 2147483647 (custom)
2019-10-21 10:13:11,500 [pool-37-thread-1] INFO  server.RaftServerConfigKeys (ConfUtils.java:logGet(43)) - raft.server.log.segment.size.max = 1048576 (custom)
2019-10-21 10:13:11,500 [pool-27-thread-1] INFO  server.RaftServerConfigKeys (ConfUtils.java:logGet(43)) - raft.server.log.queue.byte-limit = 2147483647 (custom)
2019-10-21 10:13:11,500 [pool-37-thread-1] INFO  server.RaftServerConfigKeys (ConfUtils.java:logGet(43)) - raft.server.log.preallocated.size = 16384 (custom)
2019-10-21 10:13:11,500 [pool-47-thread-1] INFO  server.RaftServerConfigKeys (ConfUtils.java:logGet(43)) - raft.server.log.queue.element-limit = 1024 (custom)
2019-10-21 10:13:11,500 [pool-37-thread-1] INFO  server.RaftServerConfigKeys (ConfUtils.java:logGet(43)) - raft.server.log.write.buffer.size = 33554432 (custom)
2019-10-21 10:13:11,500 [pool-27-thread-1] INFO  server.RaftServerConfigKeys (ConfUtils.java:logGet(43)) - raft.server.log.queue.element-limit = 1024 (custom)
2019-10-21 10:13:11,501 [pool-37-thread-1] INFO  server.RaftServerConfigKeys (ConfUtils.java:logGet(43)) - raft.server.log.force.sync.num = 128 (default)
2019-10-21 10:13:11,501 [pool-47-thread-1] INFO  server.RaftServerConfigKeys (ConfUtils.java:logGet(43)) - raft.server.log.segment.size.max = 1048576 (custom)
2019-10-21 10:13:11,501 [pool-37-thread-1] INFO  server.RaftServerConfigKeys (ConfUtils.java:logGet(43)) - raft.server.log.statemachine.data.sync = true (default)
2019-10-21 10:13:11,501 [pool-27-thread-1] INFO  server.RaftServerConfigKeys (ConfUtils.java:logGet(43)) - raft.server.log.segment.size.max = 1048576 (custom)
2019-10-21 10:13:11,502 [pool-37-thread-1] INFO  server.RaftServerConfigKeys (ConfUtils.java:logGet(43)) - raft.server.log.statemachine.data.sync.timeout = 10s (default)
2019-10-21 10:13:11,502 [pool-47-thread-1] INFO  server.RaftServerConfigKeys (ConfUtils.java:logGet(43)) - raft.server.log.preallocated.size = 16384 (custom)
2019-10-21 10:13:11,502 [pool-37-thread-1] INFO  server.RaftServerConfigKeys (ConfUtils.java:logGet(43)) - raft.server.log.statemachine.data.sync.timeout.retry = -1 (default)
2019-10-21 10:13:11,502 [pool-27-thread-1] INFO  server.RaftServerConfigKeys (ConfUtils.java:logGet(43)) - raft.server.log.preallocated.size = 16384 (custom)
2019-10-21 10:13:11,502 [pool-47-thread-1] INFO  server.RaftServerConfigKeys (ConfUtils.java:logGet(43)) - raft.server.log.write.buffer.size = 33554432 (custom)
2019-10-21 10:13:11,502 [pool-37-thread-1] INFO  server.RaftServerConfigKeys (ConfUtils.java:logGet(43)) - raft.server.log.statemachine.data.caching.enabled = true (custom)
2019-10-21 10:13:11,502 [pool-27-thread-1] INFO  server.RaftServerConfigKeys (ConfUtils.java:logGet(43)) - raft.server.log.write.buffer.size = 33554432 (custom)
2019-10-21 10:13:11,503 [pool-47-thread-1] INFO  server.RaftServerConfigKeys (ConfUtils.java:logGet(43)) - raft.server.log.force.sync.num = 128 (default)
2019-10-21 10:13:11,503 [pool-27-thread-1] INFO  server.RaftServerConfigKeys (ConfUtils.java:logGet(43)) - raft.server.log.force.sync.num = 128 (default)
2019-10-21 10:13:11,503 [pool-47-thread-1] INFO  server.RaftServerConfigKeys (ConfUtils.java:logGet(43)) - raft.server.log.statemachine.data.sync = true (default)
2019-10-21 10:13:11,503 [pool-37-thread-1] INFO  segmented.SegmentedRaftLogWorker (SegmentedRaftLogWorker.java:lambda$new$0(128)) - 5fc95126-4ebe-42c6-9d3e-d6bb5819be12@group-8EC7294E7939-SegmentedRaftLogWorker: flushIndex: setUnconditionally 0 -> -1
2019-10-21 10:13:11,503 [pool-47-thread-1] INFO  server.RaftServerConfigKeys (ConfUtils.java:logGet(43)) - raft.server.log.statemachine.data.sync.timeout = 10s (default)
2019-10-21 10:13:11,503 [pool-27-thread-1] INFO  server.RaftServerConfigKeys (ConfUtils.java:logGet(43)) - raft.server.log.statemachine.data.sync = true (default)
2019-10-21 10:13:11,504 [pool-37-thread-1] INFO  server.RaftServerConfigKeys (ConfUtils.java:logGet(43)) - raft.server.snapshot.auto.trigger.enabled = true (custom)
2019-10-21 10:13:11,504 [pool-47-thread-1] INFO  server.RaftServerConfigKeys (ConfUtils.java:logGet(43)) - raft.server.log.statemachine.data.sync.timeout.retry = -1 (default)
2019-10-21 10:13:11,504 [pool-37-thread-1] INFO  server.RaftServerConfigKeys (ConfUtils.java:logGet(43)) - raft.server.snapshot.auto.trigger.threshold = 10000 (custom)
2019-10-21 10:13:11,504 [pool-27-thread-1] INFO  server.RaftServerConfigKeys (ConfUtils.java:logGet(43)) - raft.server.log.statemachine.data.sync.timeout = 10s (default)
2019-10-21 10:13:11,504 [pool-37-thread-1] INFO  server.RaftServerConfigKeys (ConfUtils.java:logGet(43)) - raft.server.snapshot.retention.file.num = 5 (custom)
2019-10-21 10:13:11,504 [pool-47-thread-1] INFO  server.RaftServerConfigKeys (ConfUtils.java:logGet(43)) - raft.server.log.statemachine.data.caching.enabled = true (custom)
2019-10-21 10:13:11,505 [pool-37-thread-1] INFO  server.RaftServerConfigKeys (ConfUtils.java:logGet(43)) - raft.server.retrycache.expirytime = 600000ms (custom)
2019-10-21 10:13:11,504 [pool-27-thread-1] INFO  server.RaftServerConfigKeys (ConfUtils.java:logGet(43)) - raft.server.log.statemachine.data.sync.timeout.retry = -1 (default)
2019-10-21 10:13:11,505 [pool-37-thread-1] WARN  impl.MetricRegistriesImpl (MetricRegistriesImpl.java:lambda$create$1(61)) - First MetricRegistry has been created without registering reporters. You may need to call MetricRegistries.global().addReportRegistration(...) before.
2019-10-21 10:13:11,505 [pool-47-thread-1] INFO  segmented.SegmentedRaftLogWorker (SegmentedRaftLogWorker.java:lambda$new$0(128)) - 45bcd496-ad94-4a09-9c65-3e660611c8c2@group-8EC7294E7939-SegmentedRaftLogWorker: flushIndex: setUnconditionally 0 -> -1
2019-10-21 10:13:11,505 [pool-37-thread-1] WARN  impl.MetricRegistriesImpl (MetricRegistriesImpl.java:lambda$create$1(61)) - First MetricRegistry has been created without registering reporters. You may need to call MetricRegistries.global().addReportRegistration(...) before.
2019-10-21 10:13:11,505 [pool-27-thread-1] INFO  server.RaftServerConfigKeys (ConfUtils.java:logGet(43)) - raft.server.log.statemachine.data.caching.enabled = true (custom)
2019-10-21 10:13:11,505 [pool-47-thread-1] INFO  server.RaftServerConfigKeys (ConfUtils.java:logGet(43)) - raft.server.snapshot.auto.trigger.enabled = true (custom)
2019-10-21 10:13:11,505 [pool-37-thread-1] INFO  impl.RaftServerImpl (RaftServerImpl.java:start(184)) - 5fc95126-4ebe-42c6-9d3e-d6bb5819be12@group-8EC7294E7939: start as a follower, conf=-1: [24baf8d8-840e-4e7d-83f1-b115321d4c4e:192.168.69.94:43778, 45bcd496-ad94-4a09-9c65-3e660611c8c2:192.168.69.94:45233, 5fc95126-4ebe-42c6-9d3e-d6bb5819be12:192.168.69.94:34268], old=null
2019-10-21 10:13:11,506 [pool-47-thread-1] INFO  server.RaftServerConfigKeys (ConfUtils.java:logGet(43)) - raft.server.snapshot.auto.trigger.threshold = 10000 (custom)
2019-10-21 10:13:11,506 [pool-27-thread-1] INFO  segmented.SegmentedRaftLogWorker (SegmentedRaftLogWorker.java:lambda$new$0(128)) - 24baf8d8-840e-4e7d-83f1-b115321d4c4e@group-8EC7294E7939-SegmentedRaftLogWorker: flushIndex: setUnconditionally 0 -> -1
2019-10-21 10:13:11,506 [pool-37-thread-1] INFO  impl.RaftServerImpl (RaftServerImpl.java:setRole(173)) - 5fc95126-4ebe-42c6-9d3e-d6bb5819be12@group-8EC7294E7939: changes role from      null to FOLLOWER at term 0 for startAsFollower
2019-10-21 10:13:11,506 [pool-47-thread-1] INFO  server.RaftServerConfigKeys (ConfUtils.java:logGet(43)) - raft.server.snapshot.retention.file.num = 5 (custom)
2019-10-21 10:13:11,506 [pool-27-thread-1] INFO  server.RaftServerConfigKeys (ConfUtils.java:logGet(43)) - raft.server.snapshot.auto.trigger.enabled = true (custom)
2019-10-21 10:13:11,506 [pool-47-thread-1] INFO  server.RaftServerConfigKeys (ConfUtils.java:logGet(43)) - raft.server.retrycache.expirytime = 600000ms (custom)
2019-10-21 10:13:11,506 [pool-37-thread-1] INFO  impl.RoleInfo (RoleInfo.java:updateAndGet(143)) - 5fc95126-4ebe-42c6-9d3e-d6bb5819be12: start FollowerState
2019-10-21 10:13:11,507 [pool-47-thread-1] WARN  impl.MetricRegistriesImpl (MetricRegistriesImpl.java:lambda$create$1(61)) - First MetricRegistry has been created without registering reporters. You may need to call MetricRegistries.global().addReportRegistration(...) before.
2019-10-21 10:13:11,506 [pool-27-thread-1] INFO  server.RaftServerConfigKeys (ConfUtils.java:logGet(43)) - raft.server.snapshot.auto.trigger.threshold = 10000 (custom)
2019-10-21 10:13:11,507 [pool-47-thread-1] WARN  impl.MetricRegistriesImpl (MetricRegistriesImpl.java:lambda$create$1(61)) - First MetricRegistry has been created without registering reporters. You may need to call MetricRegistries.global().addReportRegistration(...) before.
2019-10-21 10:13:11,507 [pool-37-thread-1] INFO  util.JmxRegister (JmxRegister.java:tryRegister(44)) - Successfully registered JMX Bean with object name Ratis:service=RaftServer,group=group-8EC7294E7939,id=5fc95126-4ebe-42c6-9d3e-d6bb5819be12
2019-10-21 10:13:11,507 [pool-27-thread-1] INFO  server.RaftServerConfigKeys (ConfUtils.java:logGet(43)) - raft.server.snapshot.retention.file.num = 5 (custom)
2019-10-21 10:13:11,507 [pool-47-thread-1] INFO  impl.RaftServerImpl (RaftServerImpl.java:start(184)) - 45bcd496-ad94-4a09-9c65-3e660611c8c2@group-8EC7294E7939: start as a follower, conf=-1: [24baf8d8-840e-4e7d-83f1-b115321d4c4e:192.168.69.94:43778, 45bcd496-ad94-4a09-9c65-3e660611c8c2:192.168.69.94:45233, 5fc95126-4ebe-42c6-9d3e-d6bb5819be12:192.168.69.94:34268], old=null
2019-10-21 10:13:11,507 [pool-37-thread-1] WARN  impl.MetricRegistriesImpl (MetricRegistriesImpl.java:lambda$create$1(61)) - First MetricRegistry has been created without registering reporters. You may need to call MetricRegistries.global().addReportRegistration(...) before.
2019-10-21 10:13:11,508 [pool-47-thread-1] INFO  impl.RaftServerImpl (RaftServerImpl.java:setRole(173)) - 45bcd496-ad94-4a09-9c65-3e660611c8c2@group-8EC7294E7939: changes role from      null to FOLLOWER at term 0 for startAsFollower
2019-10-21 10:13:11,508 [pool-27-thread-1] INFO  server.RaftServerConfigKeys (ConfUtils.java:logGet(43)) - raft.server.retrycache.expirytime = 600000ms (custom)
2019-10-21 10:13:11,508 [pool-47-thread-1] INFO  impl.RoleInfo (RoleInfo.java:updateAndGet(143)) - 45bcd496-ad94-4a09-9c65-3e660611c8c2: start FollowerState
2019-10-21 10:13:11,508 [pool-27-thread-1] WARN  impl.MetricRegistriesImpl (MetricRegistriesImpl.java:lambda$create$1(61)) - First MetricRegistry has been created without registering reporters. You may need to call MetricRegistries.global().addReportRegistration(...) before.
2019-10-21 10:13:11,508 [pool-27-thread-1] WARN  impl.MetricRegistriesImpl (MetricRegistriesImpl.java:lambda$create$1(61)) - First MetricRegistry has been created without registering reporters. You may need to call MetricRegistries.global().addReportRegistration(...) before.
2019-10-21 10:13:11,509 [pool-27-thread-1] INFO  impl.RaftServerImpl (RaftServerImpl.java:start(184)) - 24baf8d8-840e-4e7d-83f1-b115321d4c4e@group-8EC7294E7939: start as a follower, conf=-1: [24baf8d8-840e-4e7d-83f1-b115321d4c4e:192.168.69.94:43778, 45bcd496-ad94-4a09-9c65-3e660611c8c2:192.168.69.94:45233, 5fc95126-4ebe-42c6-9d3e-d6bb5819be12:192.168.69.94:34268], old=null
2019-10-21 10:13:11,509 [pool-47-thread-1] INFO  util.JmxRegister (JmxRegister.java:tryRegister(44)) - Successfully registered JMX Bean with object name Ratis:service=RaftServer,group=group-8EC7294E7939,id=45bcd496-ad94-4a09-9c65-3e660611c8c2
2019-10-21 10:13:11,509 [pool-27-thread-1] INFO  impl.RaftServerImpl (RaftServerImpl.java:setRole(173)) - 24baf8d8-840e-4e7d-83f1-b115321d4c4e@group-8EC7294E7939: changes role from      null to FOLLOWER at term 0 for startAsFollower
2019-10-21 10:13:11,509 [pool-47-thread-1] WARN  impl.MetricRegistriesImpl (MetricRegistriesImpl.java:lambda$create$1(61)) - First MetricRegistry has been created without registering reporters. You may need to call MetricRegistries.global().addReportRegistration(...) before.
2019-10-21 10:13:11,509 [pool-27-thread-1] INFO  impl.RoleInfo (RoleInfo.java:updateAndGet(143)) - 24baf8d8-840e-4e7d-83f1-b115321d4c4e: start FollowerState
2019-10-21 10:13:11,511 [pool-27-thread-1] INFO  util.JmxRegister (JmxRegister.java:tryRegister(44)) - Successfully registered JMX Bean with object name Ratis:service=RaftServer,group=group-8EC7294E7939,id=24baf8d8-840e-4e7d-83f1-b115321d4c4e
2019-10-21 10:13:11,512 [pool-27-thread-1] WARN  impl.MetricRegistriesImpl (MetricRegistriesImpl.java:lambda$create$1(61)) - First MetricRegistry has been created without registering reporters. You may need to call MetricRegistries.global().addReportRegistration(...) before.
2019-10-21 10:13:11,531 [RatisPipelineUtilsThread] INFO  pipeline.PipelineStateManager (PipelineStateManager.java:addPipeline(55)) - Created pipeline Pipeline[ Id: f9b22a14-7165-4754-8661-8ec7294e7939, Nodes: 24baf8d8-840e-4e7d-83f1-b115321d4c4e{ip: 192.168.69.94, host: pr-hdds-1868-bv6q8-2720828103, networkLocation: /default-rack, certSerialId: null}45bcd496-ad94-4a09-9c65-3e660611c8c2{ip: 192.168.69.94, host: pr-hdds-1868-bv6q8-2720828103, networkLocation: /default-rack, certSerialId: null}5fc95126-4ebe-42c6-9d3e-d6bb5819be12{ip: 192.168.69.94, host: pr-hdds-1868-bv6q8-2720828103, networkLocation: /default-rack, certSerialId: null}, Type:RATIS, Factor:THREE, State:ALLOCATED]
2019-10-21 10:13:11,533 [main] INFO  ozone.MiniOzoneClusterImpl (MiniOzoneClusterImpl.java:lambda$waitForClusterToBeReady$2(162)) - Waiting for 4 number of pipelines out of 4, to report a leader.
2019-10-21 10:13:12,534 [main] INFO  ozone.MiniOzoneClusterImpl (MiniOzoneClusterImpl.java:lambda$waitForClusterToBeReady$2(162)) - Waiting for 4 number of pipelines out of 4, to report a leader.
2019-10-21 10:13:13,371 [Thread-178] INFO  container.ReplicationManager (ReplicationManager.java:start(162)) - Starting Replication Monitor Thread.
2019-10-21 10:13:13,374 [Thread-178] INFO  pipeline.SCMPipelineManager (SCMPipelineManager.java:finalizeAndDestroyPipeline(316)) - destroying pipeline:Pipeline[ Id: d8f968ee-eeca-4ed4-a370-1552fd662d8d, Nodes: 45bcd496-ad94-4a09-9c65-3e660611c8c2{ip: 192.168.69.94, host: pr-hdds-1868-bv6q8-2720828103, networkLocation: /default-rack, certSerialId: null}, Type:RATIS, Factor:ONE, State:ALLOCATED]
2019-10-21 10:13:13,375 [ReplicationMonitor] INFO  container.ReplicationManager (ReplicationManager.java:run(225)) - Replication Monitor Thread took 0 milliseconds for processing 0 containers.
2019-10-21 10:13:13,376 [Thread-178] INFO  pipeline.PipelineStateManager (PipelineStateManager.java:finalizePipeline(121)) - Pipeline Pipeline[ Id: d8f968ee-eeca-4ed4-a370-1552fd662d8d, Nodes: 45bcd496-ad94-4a09-9c65-3e660611c8c2{ip: 192.168.69.94, host: pr-hdds-1868-bv6q8-2720828103, networkLocation: /default-rack, certSerialId: null}, Type:RATIS, Factor:ONE, State:CLOSED] moved to CLOSED state
2019-10-21 10:13:13,401 [grpc-default-executor-2] INFO  impl.RaftServerProxy (RaftServerProxy.java:remove(95)) - 45bcd496-ad94-4a09-9c65-3e660611c8c2: remove  FOLLOWER 45bcd496-ad94-4a09-9c65-3e660611c8c2@group-1552FD662D8D:t0, leader=null, voted=null, raftlog=45bcd496-ad94-4a09-9c65-3e660611c8c2@group-1552FD662D8D-SegmentedRaftLog:OPENED:c-1,f-1,i0, conf=-1: [45bcd496-ad94-4a09-9c65-3e660611c8c2:192.168.69.94:45233], old=null RUNNING
2019-10-21 10:13:13,404 [grpc-default-executor-2] INFO  impl.RaftServerImpl (RaftServerImpl.java:lambda$shutdown$3(250)) - 45bcd496-ad94-4a09-9c65-3e660611c8c2@group-1552FD662D8D: shutdown
2019-10-21 10:13:13,405 [grpc-default-executor-2] INFO  util.JmxRegister (JmxRegister.java:unregister(73)) - Successfully un-registered JMX Bean with object name Ratis:service=RaftServer,group=group-1552FD662D8D,id=45bcd496-ad94-4a09-9c65-3e660611c8c2
2019-10-21 10:13:13,405 [grpc-default-executor-2] INFO  impl.RoleInfo (RoleInfo.java:shutdownFollowerState(121)) - 45bcd496-ad94-4a09-9c65-3e660611c8c2: shutdown FollowerState
2019-10-21 10:13:13,405 [grpc-default-executor-2] INFO  impl.StateMachineUpdater (StateMachineUpdater.java:stopAndJoin(136)) - 45bcd496-ad94-4a09-9c65-3e660611c8c2@group-1552FD662D8D-StateMachineUpdater: set stopIndex = -1
2019-10-21 10:13:13,405 [Thread-183] INFO  impl.FollowerState (FollowerState.java:run(120)) - 45bcd496-ad94-4a09-9c65-3e660611c8c2@group-1552FD662D8D-FollowerState was interrupted: java.lang.InterruptedException: sleep interrupted
2019-10-21 10:13:13,409 [grpc-default-executor-2] INFO  impl.RaftServerImpl (ServerState.java:close(387)) - 45bcd496-ad94-4a09-9c65-3e660611c8c2@group-1552FD662D8D: closes. applyIndex: -1
2019-10-21 10:13:13,413 [45bcd496-ad94-4a09-9c65-3e660611c8c2@group-1552FD662D8D-SegmentedRaftLogWorker] INFO  segmented.SegmentedRaftLogWorker (SegmentedRaftLogWorker.java:run(316)) - 45bcd496-ad94-4a09-9c65-3e660611c8c2@group-1552FD662D8D-SegmentedRaftLogWorker was interrupted, exiting. There are 0 tasks remaining in the queue.
2019-10-21 10:13:13,414 [grpc-default-executor-2] INFO  segmented.SegmentedRaftLogWorker (SegmentedRaftLogWorker.java:close(224)) - 45bcd496-ad94-4a09-9c65-3e660611c8c2@group-1552FD662D8D-SegmentedRaftLogWorker close()
2019-10-21 10:13:13,431 [Thread-178] INFO  pipeline.PipelineStateManager (PipelineStateManager.java:removePipeline(106)) - Pipeline Pipeline[ Id: d8f968ee-eeca-4ed4-a370-1552fd662d8d, Nodes: 45bcd496-ad94-4a09-9c65-3e660611c8c2{ip: 192.168.69.94, host: pr-hdds-1868-bv6q8-2720828103, networkLocation: /default-rack, certSerialId: null}, Type:RATIS, Factor:ONE, State:CLOSED] removed from db
2019-10-21 10:13:13,431 [Thread-178] INFO  pipeline.SCMPipelineManager (SCMPipelineManager.java:finalizeAndDestroyPipeline(316)) - destroying pipeline:Pipeline[ Id: 831134bb-9ef6-438a-86dd-5da696a281af, Nodes: 5fc95126-4ebe-42c6-9d3e-d6bb5819be12{ip: 192.168.69.94, host: pr-hdds-1868-bv6q8-2720828103, networkLocation: /default-rack, certSerialId: null}, Type:RATIS, Factor:ONE, State:ALLOCATED]
2019-10-21 10:13:13,442 [grpc-default-executor-2] INFO  impl.RaftServerProxy (RaftServerProxy.java:addNew(89)) - 45bcd496-ad94-4a09-9c65-3e660611c8c2: addNew group-85AD6BF55C33:[45bcd496-ad94-4a09-9c65-3e660611c8c2:192.168.69.94:45233] returns group-85AD6BF55C33:java.util.concurrent.CompletableFuture@397bc6a4[Not completed]
2019-10-21 10:13:13,444 [pool-47-thread-1] INFO  impl.RaftServerImpl (RaftServerImpl.java:<init>(98)) - 45bcd496-ad94-4a09-9c65-3e660611c8c2: new RaftServerImpl for group-85AD6BF55C33:[45bcd496-ad94-4a09-9c65-3e660611c8c2:192.168.69.94:45233] with ContainerStateMachine:uninitialized
2019-10-21 10:13:13,445 [pool-47-thread-1] INFO  server.RaftServerConfigKeys (ConfUtils.java:logGet(43)) - raft.server.rpc.timeout.min = 5s (custom)
2019-10-21 10:13:13,445 [pool-47-thread-1] INFO  server.RaftServerConfigKeys (ConfUtils.java:logGet(43)) - raft.server.rpc.timeout.max = 5200ms (custom)
2019-10-21 10:13:13,445 [pool-47-thread-1] INFO  server.RaftServerConfigKeys (ConfUtils.java:logGet(43)) - raft.server.rpcslowness.timeout = 120s (custom)
2019-10-21 10:13:13,445 [pool-47-thread-1] INFO  server.RaftServerConfigKeys (ConfUtils.java:logGet(43)) - raft.server.sleep.deviation.threshold = 300 (default)
2019-10-21 10:13:13,445 [pool-47-thread-1] INFO  server.RaftServerConfigKeys (ConfUtils.java:logGet(43)) - raft.server.log.appender.install.snapshot.enabled = false (custom)
2019-10-21 10:13:13,446 [pool-47-thread-1] INFO  impl.RaftServerImpl (ServerState.java:<init>(103)) - 45bcd496-ad94-4a09-9c65-3e660611c8c2@group-85AD6BF55C33: ConfigurationManager, init=-1: [45bcd496-ad94-4a09-9c65-3e660611c8c2:192.168.69.94:45233], old=null, confs=<EMPTY_MAP>
2019-10-21 10:13:13,446 [pool-47-thread-1] INFO  server.RaftServerConfigKeys (ConfUtils.java:logGet(43)) - raft.server.storage.dir = [/workdir/hadoop-ozone/tools/target/test-dir/MiniOzoneClusterImpl-4c43668a-c6b8-486a-a996-549bedbdf837/datanode-2/data/ratis] (custom)
2019-10-21 10:13:13,446 [pool-47-thread-1] INFO  server.RaftServerConfigKeys (ConfUtils.java:logGet(43)) - raft.server.log.corruption.policy = EXCEPTION (default)
2019-10-21 10:13:13,446 [pool-47-thread-1] INFO  storage.RaftStorageDirectory (RaftStorageDirectory.java:analyzeStorage(246)) - The storage directory /workdir/hadoop-ozone/tools/target/test-dir/MiniOzoneClusterImpl-4c43668a-c6b8-486a-a996-549bedbdf837/datanode-2/data/ratis/87b32867-74e0-4c6b-9f70-85ad6bf55c33 does not exist. Creating ...
2019-10-21 10:13:13,460 [pool-47-thread-1] INFO  storage.RaftStorageDirectory (RaftStorageDirectory.java:tryLock(328)) - Lock on /workdir/hadoop-ozone/tools/target/test-dir/MiniOzoneClusterImpl-4c43668a-c6b8-486a-a996-549bedbdf837/datanode-2/data/ratis/87b32867-74e0-4c6b-9f70-85ad6bf55c33/in_use.lock acquired by nodename 17996@pr-hdds-1868-bv6q8-2720828103
2019-10-21 10:13:13,475 [pool-47-thread-1] INFO  storage.RaftStorage (RaftStorage.java:format(84)) - Storage directory /workdir/hadoop-ozone/tools/target/test-dir/MiniOzoneClusterImpl-4c43668a-c6b8-486a-a996-549bedbdf837/datanode-2/data/ratis/87b32867-74e0-4c6b-9f70-85ad6bf55c33 has been successfully formatted.
2019-10-21 10:13:13,475 [pool-47-thread-1] INFO  ratis.ContainerStateMachine (ContainerStateMachine.java:loadSnapshot(233)) - group-85AD6BF55C33: The snapshot info is null. Setting the last applied indexto:(t:0, i:~)
2019-10-21 10:13:13,475 [pool-47-thread-1] INFO  server.RaftServerConfigKeys (ConfUtils.java:logGet(43)) - raft.server.notification.no-leader.timeout = 120s (custom)
2019-10-21 10:13:13,475 [pool-47-thread-1] INFO  server.RaftServerConfigKeys (ConfUtils.java:logGet(43)) - raft.server.log.use.memory = false (default)
2019-10-21 10:13:13,476 [pool-47-thread-1] INFO  server.RaftServerConfigKeys (ConfUtils.java:logGet(43)) - raft.server.log.purge.gap = 1000000 (custom)
2019-10-21 10:13:13,476 [pool-47-thread-1] INFO  server.RaftServerConfigKeys (ConfUtils.java:logGet(43)) - raft.server.log.appender.buffer.byte-limit = 33554432 (custom)
2019-10-21 10:13:13,476 [pool-47-thread-1] INFO  server.RaftServerConfigKeys (ConfUtils.java:logGet(43)) - raft.server.log.segment.size.max = 1048576 (custom)
2019-10-21 10:13:13,476 [pool-47-thread-1] INFO  server.RaftServerConfigKeys (ConfUtils.java:logGet(43)) - raft.server.log.segment.cache.num.max = 2 (custom)
2019-10-21 10:13:13,476 [pool-47-thread-1] INFO  segmented.SegmentedRaftLogWorker (SegmentedRaftLogWorker.java:<init>(173)) - new 45bcd496-ad94-4a09-9c65-3e660611c8c2@group-85AD6BF55C33-SegmentedRaftLogWorker for RaftStorage:Storage Directory /workdir/hadoop-ozone/tools/target/test-dir/MiniOzoneClusterImpl-4c43668a-c6b8-486a-a996-549bedbdf837/datanode-2/data/ratis/87b32867-74e0-4c6b-9f70-85ad6bf55c33
2019-10-21 10:13:13,476 [pool-47-thread-1] INFO  server.RaftServerConfigKeys (ConfUtils.java:logGet(43)) - raft.server.log.queue.byte-limit = 2147483647 (custom)
2019-10-21 10:13:13,476 [pool-47-thread-1] INFO  server.RaftServerConfigKeys (ConfUtils.java:logGet(43)) - raft.server.log.queue.element-limit = 1024 (custom)
2019-10-21 10:13:13,477 [pool-47-thread-1] INFO  server.RaftServerConfigKeys (ConfUtils.java:logGet(43)) - raft.server.log.segment.size.max = 1048576 (custom)
2019-10-21 10:13:13,477 [pool-47-thread-1] INFO  server.RaftServerConfigKeys (ConfUtils.java:logGet(43)) - raft.server.log.preallocated.size = 16384 (custom)
2019-10-21 10:13:13,477 [pool-47-thread-1] INFO  server.RaftServerConfigKeys (ConfUtils.java:logGet(43)) - raft.server.log.write.buffer.size = 33554432 (custom)
2019-10-21 10:13:13,477 [pool-47-thread-1] INFO  server.RaftServerConfigKeys (ConfUtils.java:logGet(43)) - raft.server.log.force.sync.num = 128 (default)
2019-10-21 10:13:13,477 [pool-47-thread-1] INFO  server.RaftServerConfigKeys (ConfUtils.java:logGet(43)) - raft.server.log.statemachine.data.sync = true (default)
2019-10-21 10:13:13,477 [pool-47-thread-1] INFO  server.RaftServerConfigKeys (ConfUtils.java:logGet(43)) - raft.server.log.statemachine.data.sync.timeout = 10s (default)
2019-10-21 10:13:13,478 [pool-47-thread-1] INFO  server.RaftServerConfigKeys (ConfUtils.java:logGet(43)) - raft.server.log.statemachine.data.sync.timeout.retry = -1 (default)
2019-10-21 10:13:13,478 [pool-47-thread-1] INFO  server.RaftServerConfigKeys (ConfUtils.java:logGet(43)) - raft.server.log.statemachine.data.caching.enabled = true (custom)
2019-10-21 10:13:13,478 [pool-47-thread-1] INFO  segmented.SegmentedRaftLogWorker (SegmentedRaftLogWorker.java:lambda$new$0(128)) - 45bcd496-ad94-4a09-9c65-3e660611c8c2@group-85AD6BF55C33-SegmentedRaftLogWorker: flushIndex: setUnconditionally 0 -> -1
2019-10-21 10:13:13,479 [pool-47-thread-1] INFO  server.RaftServerConfigKeys (ConfUtils.java:logGet(43)) - raft.server.snapshot.auto.trigger.enabled = true (custom)
2019-10-21 10:13:13,479 [pool-47-thread-1] INFO  server.RaftServerConfigKeys (ConfUtils.java:logGet(43)) - raft.server.snapshot.auto.trigger.threshold = 10000 (custom)
2019-10-21 10:13:13,479 [pool-47-thread-1] INFO  server.RaftServerConfigKeys (ConfUtils.java:logGet(43)) - raft.server.snapshot.retention.file.num = 5 (custom)
2019-10-21 10:13:13,479 [pool-47-thread-1] INFO  server.RaftServerConfigKeys (ConfUtils.java:logGet(43)) - raft.server.retrycache.expirytime = 600000ms (custom)
2019-10-21 10:13:13,479 [pool-47-thread-1] WARN  impl.MetricRegistriesImpl (MetricRegistriesImpl.java:lambda$create$1(61)) - First MetricRegistry has been created without registering reporters. You may need to call MetricRegistries.global().addReportRegistration(...) before.
2019-10-21 10:13:13,479 [pool-47-thread-1] WARN  impl.MetricRegistriesImpl (MetricRegistriesImpl.java:lambda$create$1(61)) - First MetricRegistry has been created without registering reporters. You may need to call MetricRegistries.global().addReportRegistration(...) before.
2019-10-21 10:13:13,480 [pool-47-thread-1] INFO  impl.RaftServerImpl (RaftServerImpl.java:start(184)) - 45bcd496-ad94-4a09-9c65-3e660611c8c2@group-85AD6BF55C33: start as a follower, conf=-1: [45bcd496-ad94-4a09-9c65-3e660611c8c2:192.168.69.94:45233], old=null
2019-10-21 10:13:13,480 [pool-47-thread-1] INFO  impl.RaftServerImpl (RaftServerImpl.java:setRole(173)) - 45bcd496-ad94-4a09-9c65-3e660611c8c2@group-85AD6BF55C33: changes role from      null to FOLLOWER at term 0 for startAsFollower
2019-10-21 10:13:13,480 [pool-47-thread-1] INFO  impl.RoleInfo (RoleInfo.java:updateAndGet(143)) - 45bcd496-ad94-4a09-9c65-3e660611c8c2: start FollowerState
2019-10-21 10:13:13,481 [pool-47-thread-1] INFO  util.JmxRegister (JmxRegister.java:tryRegister(44)) - Successfully registered JMX Bean with object name Ratis:service=RaftServer,group=group-85AD6BF55C33,id=45bcd496-ad94-4a09-9c65-3e660611c8c2
2019-10-21 10:13:13,481 [pool-47-thread-1] WARN  impl.MetricRegistriesImpl (MetricRegistriesImpl.java:lambda$create$1(61)) - First MetricRegistry has been created without registering reporters. You may need to call MetricRegistries.global().addReportRegistration(...) before.
2019-10-21 10:13:13,489 [RatisPipelineUtilsThread] INFO  pipeline.PipelineStateManager (PipelineStateManager.java:addPipeline(55)) - Created pipeline Pipeline[ Id: 87b32867-74e0-4c6b-9f70-85ad6bf55c33, Nodes: 45bcd496-ad94-4a09-9c65-3e660611c8c2{ip: 192.168.69.94, host: pr-hdds-1868-bv6q8-2720828103, networkLocation: /default-rack, certSerialId: null}, Type:RATIS, Factor:ONE, State:ALLOCATED]
2019-10-21 10:13:13,490 [Thread-178] INFO  pipeline.PipelineStateManager (PipelineStateManager.java:finalizePipeline(121)) - Pipeline Pipeline[ Id: 831134bb-9ef6-438a-86dd-5da696a281af, Nodes: 5fc95126-4ebe-42c6-9d3e-d6bb5819be12{ip: 192.168.69.94, host: pr-hdds-1868-bv6q8-2720828103, networkLocation: /default-rack, certSerialId: null}, Type:RATIS, Factor:ONE, State:CLOSED] moved to CLOSED state
2019-10-21 10:13:13,503 [grpc-default-executor-2] INFO  impl.RaftServerProxy (RaftServerProxy.java:remove(95)) - 5fc95126-4ebe-42c6-9d3e-d6bb5819be12: remove  FOLLOWER 5fc95126-4ebe-42c6-9d3e-d6bb5819be12@group-5DA696A281AF:t0, leader=null, voted=null, raftlog=5fc95126-4ebe-42c6-9d3e-d6bb5819be12@group-5DA696A281AF-SegmentedRaftLog:OPENED:c-1,f-1,i0, conf=-1: [5fc95126-4ebe-42c6-9d3e-d6bb5819be12:192.168.69.94:34268], old=null RUNNING
2019-10-21 10:13:13,503 [grpc-default-executor-2] INFO  impl.RaftServerImpl (RaftServerImpl.java:lambda$shutdown$3(250)) - 5fc95126-4ebe-42c6-9d3e-d6bb5819be12@group-5DA696A281AF: shutdown
2019-10-21 10:13:13,503 [grpc-default-executor-2] INFO  util.JmxRegister (JmxRegister.java:unregister(73)) - Successfully un-registered JMX Bean with object name Ratis:service=RaftServer,group=group-5DA696A281AF,id=5fc95126-4ebe-42c6-9d3e-d6bb5819be12
2019-10-21 10:13:13,504 [grpc-default-executor-2] INFO  impl.RoleInfo (RoleInfo.java:shutdownFollowerState(121)) - 5fc95126-4ebe-42c6-9d3e-d6bb5819be12: shutdown FollowerState
2019-10-21 10:13:13,504 [grpc-default-executor-2] INFO  impl.StateMachineUpdater (StateMachineUpdater.java:stopAndJoin(136)) - 5fc95126-4ebe-42c6-9d3e-d6bb5819be12@group-5DA696A281AF-StateMachineUpdater: set stopIndex = -1
2019-10-21 10:13:13,504 [Thread-186] INFO  impl.FollowerState (FollowerState.java:run(120)) - 5fc95126-4ebe-42c6-9d3e-d6bb5819be12@group-5DA696A281AF-FollowerState was interrupted: java.lang.InterruptedException: sleep interrupted
2019-10-21 10:13:13,505 [grpc-default-executor-2] INFO  impl.RaftServerImpl (ServerState.java:close(387)) - 5fc95126-4ebe-42c6-9d3e-d6bb5819be12@group-5DA696A281AF: closes. applyIndex: -1
2019-10-21 10:13:13,507 [5fc95126-4ebe-42c6-9d3e-d6bb5819be12@group-5DA696A281AF-SegmentedRaftLogWorker] INFO  segmented.SegmentedRaftLogWorker (SegmentedRaftLogWorker.java:run(316)) - 5fc95126-4ebe-42c6-9d3e-d6bb5819be12@group-5DA696A281AF-SegmentedRaftLogWorker was interrupted, exiting. There are 0 tasks remaining in the queue.
2019-10-21 10:13:13,507 [grpc-default-executor-2] INFO  segmented.SegmentedRaftLogWorker (SegmentedRaftLogWorker.java:close(224)) - 5fc95126-4ebe-42c6-9d3e-d6bb5819be12@group-5DA696A281AF-SegmentedRaftLogWorker close()
2019-10-21 10:13:13,516 [Thread-178] INFO  pipeline.PipelineStateManager (PipelineStateManager.java:removePipeline(106)) - Pipeline Pipeline[ Id: 831134bb-9ef6-438a-86dd-5da696a281af, Nodes: 5fc95126-4ebe-42c6-9d3e-d6bb5819be12{ip: 192.168.69.94, host: pr-hdds-1868-bv6q8-2720828103, networkLocation: /default-rack, certSerialId: null}, Type:RATIS, Factor:ONE, State:CLOSED] removed from db
2019-10-21 10:13:13,516 [Thread-178] INFO  pipeline.SCMPipelineManager (SCMPipelineManager.java:finalizeAndDestroyPipeline(316)) - destroying pipeline:Pipeline[ Id: f9b22a14-7165-4754-8661-8ec7294e7939, Nodes: 24baf8d8-840e-4e7d-83f1-b115321d4c4e{ip: 192.168.69.94, host: pr-hdds-1868-bv6q8-2720828103, networkLocation: /default-rack, certSerialId: null}45bcd496-ad94-4a09-9c65-3e660611c8c2{ip: 192.168.69.94, host: pr-hdds-1868-bv6q8-2720828103, networkLocation: /default-rack, certSerialId: null}5fc95126-4ebe-42c6-9d3e-d6bb5819be12{ip: 192.168.69.94, host: pr-hdds-1868-bv6q8-2720828103, networkLocation: /default-rack, certSerialId: null}, Type:RATIS, Factor:THREE, State:ALLOCATED]
2019-10-21 10:13:13,527 [grpc-default-executor-2] INFO  impl.RaftServerProxy (RaftServerProxy.java:addNew(89)) - 5fc95126-4ebe-42c6-9d3e-d6bb5819be12: addNew group-9B50A785FD86:[5fc95126-4ebe-42c6-9d3e-d6bb5819be12:192.168.69.94:34268] returns group-9B50A785FD86:java.util.concurrent.CompletableFuture@31b2dea[Not completed]
2019-10-21 10:13:13,529 [pool-37-thread-1] INFO  impl.RaftServerImpl (RaftServerImpl.java:<init>(98)) - 5fc95126-4ebe-42c6-9d3e-d6bb5819be12: new RaftServerImpl for group-9B50A785FD86:[5fc95126-4ebe-42c6-9d3e-d6bb5819be12:192.168.69.94:34268] with ContainerStateMachine:uninitialized
2019-10-21 10:13:13,530 [pool-37-thread-1] INFO  server.RaftServerConfigKeys (ConfUtils.java:logGet(43)) - raft.server.rpc.timeout.min = 5s (custom)
2019-10-21 10:13:13,530 [pool-37-thread-1] INFO  server.RaftServerConfigKeys (ConfUtils.java:logGet(43)) - raft.server.rpc.timeout.max = 5200ms (custom)
2019-10-21 10:13:13,531 [pool-37-thread-1] INFO  server.RaftServerConfigKeys (ConfUtils.java:logGet(43)) - raft.server.rpcslowness.timeout = 120s (custom)
2019-10-21 10:13:13,531 [pool-37-thread-1] INFO  server.RaftServerConfigKeys (ConfUtils.java:logGet(43)) - raft.server.sleep.deviation.threshold = 300 (default)
2019-10-21 10:13:13,531 [pool-37-thread-1] INFO  server.RaftServerConfigKeys (ConfUtils.java:logGet(43)) - raft.server.log.appender.install.snapshot.enabled = false (custom)
2019-10-21 10:13:13,531 [pool-37-thread-1] INFO  impl.RaftServerImpl (ServerState.java:<init>(103)) - 5fc95126-4ebe-42c6-9d3e-d6bb5819be12@group-9B50A785FD86: ConfigurationManager, init=-1: [5fc95126-4ebe-42c6-9d3e-d6bb5819be12:192.168.69.94:34268], old=null, confs=<EMPTY_MAP>
2019-10-21 10:13:13,531 [pool-37-thread-1] INFO  server.RaftServerConfigKeys (ConfUtils.java:logGet(43)) - raft.server.storage.dir = [/workdir/hadoop-ozone/tools/target/test-dir/MiniOzoneClusterImpl-4c43668a-c6b8-486a-a996-549bedbdf837/datanode-1/data/ratis] (custom)
2019-10-21 10:13:13,532 [pool-37-thread-1] INFO  server.RaftServerConfigKeys (ConfUtils.java:logGet(43)) - raft.server.log.corruption.policy = EXCEPTION (default)
2019-10-21 10:13:13,532 [pool-37-thread-1] INFO  storage.RaftStorageDirectory (RaftStorageDirectory.java:analyzeStorage(246)) - The storage directory /workdir/hadoop-ozone/tools/target/test-dir/MiniOzoneClusterImpl-4c43668a-c6b8-486a-a996-549bedbdf837/datanode-1/data/ratis/0bee39cc-cb4d-4538-9a2e-9b50a785fd86 does not exist. Creating ...
2019-10-21 10:13:13,545 [pool-37-thread-1] INFO  storage.RaftStorageDirectory (RaftStorageDirectory.java:tryLock(328)) - Lock on /workdir/hadoop-ozone/tools/target/test-dir/MiniOzoneClusterImpl-4c43668a-c6b8-486a-a996-549bedbdf837/datanode-1/data/ratis/0bee39cc-cb4d-4538-9a2e-9b50a785fd86/in_use.lock acquired by nodename 17996@pr-hdds-1868-bv6q8-2720828103
2019-10-21 10:13:13,559 [pool-37-thread-1] INFO  storage.RaftStorage (RaftStorage.java:format(84)) - Storage directory /workdir/hadoop-ozone/tools/target/test-dir/MiniOzoneClusterImpl-4c43668a-c6b8-486a-a996-549bedbdf837/datanode-1/data/ratis/0bee39cc-cb4d-4538-9a2e-9b50a785fd86 has been successfully formatted.
2019-10-21 10:13:13,559 [pool-37-thread-1] INFO  ratis.ContainerStateMachine (ContainerStateMachine.java:loadSnapshot(233)) - group-9B50A785FD86: The snapshot info is null. Setting the last applied indexto:(t:0, i:~)
2019-10-21 10:13:13,560 [pool-37-thread-1] INFO  server.RaftServerConfigKeys (ConfUtils.java:logGet(43)) - raft.server.notification.no-leader.timeout = 120s (custom)
2019-10-21 10:13:13,560 [pool-37-thread-1] INFO  server.RaftServerConfigKeys (ConfUtils.java:logGet(43)) - raft.server.log.use.memory = false (default)
2019-10-21 10:13:13,560 [pool-37-thread-1] INFO  server.RaftServerConfigKeys (ConfUtils.java:logGet(43)) - raft.server.log.purge.gap = 1000000 (custom)
2019-10-21 10:13:13,560 [pool-37-thread-1] INFO  server.RaftServerConfigKeys (ConfUtils.java:logGet(43)) - raft.server.log.appender.buffer.byte-limit = 33554432 (custom)
2019-10-21 10:13:13,560 [pool-37-thread-1] INFO  server.RaftServerConfigKeys (ConfUtils.java:logGet(43)) - raft.server.log.segment.size.max = 1048576 (custom)
2019-10-21 10:13:13,561 [pool-37-thread-1] INFO  server.RaftServerConfigKeys (ConfUtils.java:logGet(43)) - raft.server.log.segment.cache.num.max = 2 (custom)
2019-10-21 10:13:13,561 [pool-37-thread-1] INFO  segmented.SegmentedRaftLogWorker (SegmentedRaftLogWorker.java:<init>(173)) - new 5fc95126-4ebe-42c6-9d3e-d6bb5819be12@group-9B50A785FD86-SegmentedRaftLogWorker for RaftStorage:Storage Directory /workdir/hadoop-ozone/tools/target/test-dir/MiniOzoneClusterImpl-4c43668a-c6b8-486a-a996-549bedbdf837/datanode-1/data/ratis/0bee39cc-cb4d-4538-9a2e-9b50a785fd86
2019-10-21 10:13:13,561 [pool-37-thread-1] INFO  server.RaftServerConfigKeys (ConfUtils.java:logGet(43)) - raft.server.log.queue.byte-limit = 2147483647 (custom)
2019-10-21 10:13:13,561 [pool-37-thread-1] INFO  server.RaftServerConfigKeys (ConfUtils.java:logGet(43)) - raft.server.log.queue.element-limit = 1024 (custom)
2019-10-21 10:13:13,561 [pool-37-thread-1] INFO  server.RaftServerConfigKeys (ConfUtils.java:logGet(43)) - raft.server.log.segment.size.max = 1048576 (custom)
2019-10-21 10:13:13,561 [pool-37-thread-1] INFO  server.RaftServerConfigKeys (ConfUtils.java:logGet(43)) - raft.server.log.preallocated.size = 16384 (custom)
2019-10-21 10:13:13,562 [pool-37-thread-1] INFO  server.RaftServerConfigKeys (ConfUtils.java:logGet(43)) - raft.server.log.write.buffer.size = 33554432 (custom)
2019-10-21 10:13:13,562 [pool-37-thread-1] INFO  server.RaftServerConfigKeys (ConfUtils.java:logGet(43)) - raft.server.log.force.sync.num = 128 (default)
2019-10-21 10:13:13,562 [pool-37-thread-1] INFO  server.RaftServerConfigKeys (ConfUtils.java:logGet(43)) - raft.server.log.statemachine.data.sync = true (default)
2019-10-21 10:13:13,562 [pool-37-thread-1] INFO  server.RaftServerConfigKeys (ConfUtils.java:logGet(43)) - raft.server.log.statemachine.data.sync.timeout = 10s (default)
2019-10-21 10:13:13,562 [pool-37-thread-1] INFO  server.RaftServerConfigKeys (ConfUtils.java:logGet(43)) - raft.server.log.statemachine.data.sync.timeout.retry = -1 (default)
2019-10-21 10:13:13,562 [pool-37-thread-1] INFO  server.RaftServerConfigKeys (ConfUtils.java:logGet(43)) - raft.server.log.statemachine.data.caching.enabled = true (custom)
2019-10-21 10:13:13,563 [pool-37-thread-1] INFO  segmented.SegmentedRaftLogWorker (SegmentedRaftLogWorker.java:lambda$new$0(128)) - 5fc95126-4ebe-42c6-9d3e-d6bb5819be12@group-9B50A785FD86-SegmentedRaftLogWorker: flushIndex: setUnconditionally 0 -> -1
2019-10-21 10:13:13,563 [pool-37-thread-1] INFO  server.RaftServerConfigKeys (ConfUtils.java:logGet(43)) - raft.server.snapshot.auto.trigger.enabled = true (custom)
2019-10-21 10:13:13,563 [pool-37-thread-1] INFO  server.RaftServerConfigKeys (ConfUtils.java:logGet(43)) - raft.server.snapshot.auto.trigger.threshold = 10000 (custom)
2019-10-21 10:13:13,564 [pool-37-thread-1] INFO  server.RaftServerConfigKeys (ConfUtils.java:logGet(43)) - raft.server.snapshot.retention.file.num = 5 (custom)
2019-10-21 10:13:13,564 [pool-37-thread-1] INFO  server.RaftServerConfigKeys (ConfUtils.java:logGet(43)) - raft.server.retrycache.expirytime = 600000ms (custom)
2019-10-21 10:13:13,564 [pool-37-thread-1] WARN  impl.MetricRegistriesImpl (MetricRegistriesImpl.java:lambda$create$1(61)) - First MetricRegistry has been created without registering reporters. You may need to call MetricRegistries.global().addReportRegistration(...) before.
2019-10-21 10:13:13,564 [pool-37-thread-1] WARN  impl.MetricRegistriesImpl (MetricRegistriesImpl.java:lambda$create$1(61)) - First MetricRegistry has been created without registering reporters. You may need to call MetricRegistries.global().addReportRegistration(...) before.
2019-10-21 10:13:13,565 [pool-37-thread-1] INFO  impl.RaftServerImpl (RaftServerImpl.java:start(184)) - 5fc95126-4ebe-42c6-9d3e-d6bb5819be12@group-9B50A785FD86: start as a follower, conf=-1: [5fc95126-4ebe-42c6-9d3e-d6bb5819be12:192.168.69.94:34268], old=null
2019-10-21 10:13:13,565 [pool-37-thread-1] INFO  impl.RaftServerImpl (RaftServerImpl.java:setRole(173)) - 5fc95126-4ebe-42c6-9d3e-d6bb5819be12@group-9B50A785FD86: changes role from      null to FOLLOWER at term 0 for startAsFollower
2019-10-21 10:13:13,565 [pool-37-thread-1] INFO  impl.RoleInfo (RoleInfo.java:updateAndGet(143)) - 5fc95126-4ebe-42c6-9d3e-d6bb5819be12: start FollowerState
2019-10-21 10:13:13,565 [pool-37-thread-1] INFO  util.JmxRegister (JmxRegister.java:tryRegister(44)) - Successfully registered JMX Bean with object name Ratis:service=RaftServer,group=group-9B50A785FD86,id=5fc95126-4ebe-42c6-9d3e-d6bb5819be12
2019-10-21 10:13:13,566 [pool-37-thread-1] WARN  impl.MetricRegistriesImpl (MetricRegistriesImpl.java:lambda$create$1(61)) - First MetricRegistry has been created without registering reporters. You may need to call MetricRegistries.global().addReportRegistration(...) before.
2019-10-21 10:13:13,574 [RatisPipelineUtilsThread] INFO  pipeline.PipelineStateManager (PipelineStateManager.java:addPipeline(55)) - Created pipeline Pipeline[ Id: 0bee39cc-cb4d-4538-9a2e-9b50a785fd86, Nodes: 5fc95126-4ebe-42c6-9d3e-d6bb5819be12{ip: 192.168.69.94, host: pr-hdds-1868-bv6q8-2720828103, networkLocation: /default-rack, certSerialId: null}, Type:RATIS, Factor:ONE, State:ALLOCATED]
2019-10-21 10:13:13,576 [Thread-178] INFO  pipeline.PipelineStateManager (PipelineStateManager.java:finalizePipeline(121)) - Pipeline Pipeline[ Id: f9b22a14-7165-4754-8661-8ec7294e7939, Nodes: 24baf8d8-840e-4e7d-83f1-b115321d4c4e{ip: 192.168.69.94, host: pr-hdds-1868-bv6q8-2720828103, networkLocation: /default-rack, certSerialId: null}45bcd496-ad94-4a09-9c65-3e660611c8c2{ip: 192.168.69.94, host: pr-hdds-1868-bv6q8-2720828103, networkLocation: /default-rack, certSerialId: null}5fc95126-4ebe-42c6-9d3e-d6bb5819be12{ip: 192.168.69.94, host: pr-hdds-1868-bv6q8-2720828103, networkLocation: /default-rack, certSerialId: null}, Type:RATIS, Factor:THREE, State:CLOSED] moved to CLOSED state
2019-10-21 10:13:13,576 [main] INFO  ozone.MiniOzoneClusterImpl (MiniOzoneClusterImpl.java:lambda$waitForClusterToBeReady$2(162)) - Waiting for 3 number of pipelines out of 4, to report a leader.
2019-10-21 10:13:13,589 [grpc-default-executor-2] INFO  impl.RaftServerProxy (RaftServerProxy.java:remove(95)) - 24baf8d8-840e-4e7d-83f1-b115321d4c4e: remove  FOLLOWER 24baf8d8-840e-4e7d-83f1-b115321d4c4e@group-8EC7294E7939:t0, leader=null, voted=null, raftlog=24baf8d8-840e-4e7d-83f1-b115321d4c4e@group-8EC7294E7939-SegmentedRaftLog:OPENED:c-1,f-1,i0, conf=-1: [24baf8d8-840e-4e7d-83f1-b115321d4c4e:192.168.69.94:43778, 45bcd496-ad94-4a09-9c65-3e660611c8c2:192.168.69.94:45233, 5fc95126-4ebe-42c6-9d3e-d6bb5819be12:192.168.69.94:34268], old=null RUNNING
2019-10-21 10:13:13,590 [grpc-default-executor-2] INFO  impl.RaftServerImpl (RaftServerImpl.java:lambda$shutdown$3(250)) - 24baf8d8-840e-4e7d-83f1-b115321d4c4e@group-8EC7294E7939: shutdown
2019-10-21 10:13:13,590 [grpc-default-executor-2] INFO  util.JmxRegister (JmxRegister.java:unregister(73)) - Successfully un-registered JMX Bean with object name Ratis:service=RaftServer,group=group-8EC7294E7939,id=24baf8d8-840e-4e7d-83f1-b115321d4c4e
2019-10-21 10:13:13,590 [grpc-default-executor-2] INFO  impl.RoleInfo (RoleInfo.java:shutdownFollowerState(121)) - 24baf8d8-840e-4e7d-83f1-b115321d4c4e: shutdown FollowerState
2019-10-21 10:13:13,590 [grpc-default-executor-2] INFO  impl.StateMachineUpdater (StateMachineUpdater.java:stopAndJoin(136)) - 24baf8d8-840e-4e7d-83f1-b115321d4c4e@group-8EC7294E7939-StateMachineUpdater: set stopIndex = -1
2019-10-21 10:13:13,590 [Thread-194] INFO  impl.FollowerState (FollowerState.java:run(120)) - 24baf8d8-840e-4e7d-83f1-b115321d4c4e@group-8EC7294E7939-FollowerState was interrupted: java.lang.InterruptedException: sleep interrupted
2019-10-21 10:13:13,591 [grpc-default-executor-2] INFO  impl.RaftServerImpl (ServerState.java:close(387)) - 24baf8d8-840e-4e7d-83f1-b115321d4c4e@group-8EC7294E7939: closes. applyIndex: -1
2019-10-21 10:13:13,592 [24baf8d8-840e-4e7d-83f1-b115321d4c4e@group-8EC7294E7939-SegmentedRaftLogWorker] INFO  segmented.SegmentedRaftLogWorker (SegmentedRaftLogWorker.java:run(316)) - 24baf8d8-840e-4e7d-83f1-b115321d4c4e@group-8EC7294E7939-SegmentedRaftLogWorker was interrupted, exiting. There are 0 tasks remaining in the queue.
2019-10-21 10:13:13,592 [grpc-default-executor-2] INFO  segmented.SegmentedRaftLogWorker (SegmentedRaftLogWorker.java:close(224)) - 24baf8d8-840e-4e7d-83f1-b115321d4c4e@group-8EC7294E7939-SegmentedRaftLogWorker close()
2019-10-21 10:13:13,612 [grpc-default-executor-2] INFO  impl.RaftServerProxy (RaftServerProxy.java:remove(95)) - 45bcd496-ad94-4a09-9c65-3e660611c8c2: remove  FOLLOWER 45bcd496-ad94-4a09-9c65-3e660611c8c2@group-8EC7294E7939:t0, leader=null, voted=null, raftlog=45bcd496-ad94-4a09-9c65-3e660611c8c2@group-8EC7294E7939-SegmentedRaftLog:OPENED:c-1,f-1,i0, conf=-1: [24baf8d8-840e-4e7d-83f1-b115321d4c4e:192.168.69.94:43778, 45bcd496-ad94-4a09-9c65-3e660611c8c2:192.168.69.94:45233, 5fc95126-4ebe-42c6-9d3e-d6bb5819be12:192.168.69.94:34268], old=null RUNNING
2019-10-21 10:13:13,612 [grpc-default-executor-2] INFO  impl.RaftServerImpl (RaftServerImpl.java:lambda$shutdown$3(250)) - 45bcd496-ad94-4a09-9c65-3e660611c8c2@group-8EC7294E7939: shutdown
2019-10-21 10:13:13,612 [grpc-default-executor-2] INFO  util.JmxRegister (JmxRegister.java:unregister(73)) - Successfully un-registered JMX Bean with object name Ratis:service=RaftServer,group=group-8EC7294E7939,id=45bcd496-ad94-4a09-9c65-3e660611c8c2
2019-10-21 10:13:13,612 [grpc-default-executor-2] INFO  impl.RoleInfo (RoleInfo.java:shutdownFollowerState(121)) - 45bcd496-ad94-4a09-9c65-3e660611c8c2: shutdown FollowerState
2019-10-21 10:13:13,613 [grpc-default-executor-2] INFO  impl.StateMachineUpdater (StateMachineUpdater.java:stopAndJoin(136)) - 45bcd496-ad94-4a09-9c65-3e660611c8c2@group-8EC7294E7939-StateMachineUpdater: set stopIndex = -1
2019-10-21 10:13:13,613 [Thread-192] INFO  impl.FollowerState (FollowerState.java:run(120)) - 45bcd496-ad94-4a09-9c65-3e660611c8c2@group-8EC7294E7939-FollowerState was interrupted: java.lang.InterruptedException: sleep interrupted
2019-10-21 10:13:13,613 [grpc-default-executor-2] INFO  impl.RaftServerImpl (ServerState.java:close(387)) - 45bcd496-ad94-4a09-9c65-3e660611c8c2@group-8EC7294E7939: closes. applyIndex: -1
2019-10-21 10:13:13,614 [45bcd496-ad94-4a09-9c65-3e660611c8c2@group-8EC7294E7939-SegmentedRaftLogWorker] INFO  segmented.SegmentedRaftLogWorker (SegmentedRaftLogWorker.java:run(316)) - 45bcd496-ad94-4a09-9c65-3e660611c8c2@group-8EC7294E7939-SegmentedRaftLogWorker was interrupted, exiting. There are 0 tasks remaining in the queue.
2019-10-21 10:13:13,614 [grpc-default-executor-2] INFO  segmented.SegmentedRaftLogWorker (SegmentedRaftLogWorker.java:close(224)) - 45bcd496-ad94-4a09-9c65-3e660611c8c2@group-8EC7294E7939-SegmentedRaftLogWorker close()
2019-10-21 10:13:13,633 [grpc-default-executor-2] INFO  impl.RaftServerProxy (RaftServerProxy.java:remove(95)) - 5fc95126-4ebe-42c6-9d3e-d6bb5819be12: remove  FOLLOWER 5fc95126-4ebe-42c6-9d3e-d6bb5819be12@group-8EC7294E7939:t0, leader=null, voted=null, raftlog=5fc95126-4ebe-42c6-9d3e-d6bb5819be12@group-8EC7294E7939-SegmentedRaftLog:OPENED:c-1,f-1,i0, conf=-1: [24baf8d8-840e-4e7d-83f1-b115321d4c4e:192.168.69.94:43778, 45bcd496-ad94-4a09-9c65-3e660611c8c2:192.168.69.94:45233, 5fc95126-4ebe-42c6-9d3e-d6bb5819be12:192.168.69.94:34268], old=null RUNNING
2019-10-21 10:13:13,634 [grpc-default-executor-2] INFO  impl.RaftServerImpl (RaftServerImpl.java:lambda$shutdown$3(250)) - 5fc95126-4ebe-42c6-9d3e-d6bb5819be12@group-8EC7294E7939: shutdown
2019-10-21 10:13:13,634 [grpc-default-executor-2] INFO  util.JmxRegister (JmxRegister.java:unregister(73)) - Successfully un-registered JMX Bean with object name Ratis:service=RaftServer,group=group-8EC7294E7939,id=5fc95126-4ebe-42c6-9d3e-d6bb5819be12
2019-10-21 10:13:13,634 [grpc-default-executor-2] INFO  impl.RoleInfo (RoleInfo.java:shutdownFollowerState(121)) - 5fc95126-4ebe-42c6-9d3e-d6bb5819be12: shutdown FollowerState
2019-10-21 10:13:13,634 [grpc-default-executor-2] INFO  impl.StateMachineUpdater (StateMachineUpdater.java:stopAndJoin(136)) - 5fc95126-4ebe-42c6-9d3e-d6bb5819be12@group-8EC7294E7939-StateMachineUpdater: set stopIndex = -1
2019-10-21 10:13:13,634 [Thread-189] INFO  impl.FollowerState (FollowerState.java:run(120)) - 5fc95126-4ebe-42c6-9d3e-d6bb5819be12@group-8EC7294E7939-FollowerState was interrupted: java.lang.InterruptedException: sleep interrupted
2019-10-21 10:13:13,635 [grpc-default-executor-2] INFO  impl.RaftServerImpl (ServerState.java:close(387)) - 5fc95126-4ebe-42c6-9d3e-d6bb5819be12@group-8EC7294E7939: closes. applyIndex: -1
2019-10-21 10:13:13,636 [5fc95126-4ebe-42c6-9d3e-d6bb5819be12@group-8EC7294E7939-SegmentedRaftLogWorker] INFO  segmented.SegmentedRaftLogWorker (SegmentedRaftLogWorker.java:run(316)) - 5fc95126-4ebe-42c6-9d3e-d6bb5819be12@group-8EC7294E7939-SegmentedRaftLogWorker was interrupted, exiting. There are 0 tasks remaining in the queue.
2019-10-21 10:13:13,636 [grpc-default-executor-2] INFO  segmented.SegmentedRaftLogWorker (SegmentedRaftLogWorker.java:close(224)) - 5fc95126-4ebe-42c6-9d3e-d6bb5819be12@group-8EC7294E7939-SegmentedRaftLogWorker close()
2019-10-21 10:13:13,644 [Thread-178] INFO  pipeline.PipelineStateManager (PipelineStateManager.java:removePipeline(106)) - Pipeline Pipeline[ Id: f9b22a14-7165-4754-8661-8ec7294e7939, Nodes: 24baf8d8-840e-4e7d-83f1-b115321d4c4e{ip: 192.168.69.94, host: pr-hdds-1868-bv6q8-2720828103, networkLocation: /default-rack, certSerialId: null}45bcd496-ad94-4a09-9c65-3e660611c8c2{ip: 192.168.69.94, host: pr-hdds-1868-bv6q8-2720828103, networkLocation: /default-rack, certSerialId: null}5fc95126-4ebe-42c6-9d3e-d6bb5819be12{ip: 192.168.69.94, host: pr-hdds-1868-bv6q8-2720828103, networkLocation: /default-rack, certSerialId: null}, Type:RATIS, Factor:THREE, State:CLOSED] removed from db
2019-10-21 10:13:13,645 [Thread-178] INFO  pipeline.SCMPipelineManager (SCMPipelineManager.java:finalizeAndDestroyPipeline(316)) - destroying pipeline:Pipeline[ Id: 60ac103b-6733-46ba-882f-0ea88e974187, Nodes: 24baf8d8-840e-4e7d-83f1-b115321d4c4e{ip: 192.168.69.94, host: pr-hdds-1868-bv6q8-2720828103, networkLocation: /default-rack, certSerialId: null}, Type:RATIS, Factor:ONE, State:ALLOCATED]
2019-10-21 10:13:13,662 [grpc-default-executor-1] INFO  impl.RaftServerProxy (RaftServerProxy.java:addNew(89)) - 24baf8d8-840e-4e7d-83f1-b115321d4c4e: addNew group-A175014A455D:[24baf8d8-840e-4e7d-83f1-b115321d4c4e:192.168.69.94:43778, 45bcd496-ad94-4a09-9c65-3e660611c8c2:192.168.69.94:45233, 5fc95126-4ebe-42c6-9d3e-d6bb5819be12:192.168.69.94:34268] returns group-A175014A455D:java.util.concurrent.CompletableFuture@317eb293[Not completed]
2019-10-21 10:13:13,662 [grpc-default-executor-0] INFO  impl.RaftServerProxy (RaftServerProxy.java:addNew(89)) - 45bcd496-ad94-4a09-9c65-3e660611c8c2: addNew group-A175014A455D:[24baf8d8-840e-4e7d-83f1-b115321d4c4e:192.168.69.94:43778, 45bcd496-ad94-4a09-9c65-3e660611c8c2:192.168.69.94:45233, 5fc95126-4ebe-42c6-9d3e-d6bb5819be12:192.168.69.94:34268] returns group-A175014A455D:java.util.concurrent.CompletableFuture@3814c36c[Not completed]
2019-10-21 10:13:13,663 [grpc-default-executor-2] INFO  impl.RaftServerProxy (RaftServerProxy.java:addNew(89)) - 5fc95126-4ebe-42c6-9d3e-d6bb5819be12: addNew group-A175014A455D:[24baf8d8-840e-4e7d-83f1-b115321d4c4e:192.168.69.94:43778, 45bcd496-ad94-4a09-9c65-3e660611c8c2:192.168.69.94:45233, 5fc95126-4ebe-42c6-9d3e-d6bb5819be12:192.168.69.94:34268] returns group-A175014A455D:java.util.concurrent.CompletableFuture@5cbe617e[Not completed]
2019-10-21 10:13:13,665 [pool-27-thread-1] INFO  impl.RaftServerImpl (RaftServerImpl.java:<init>(98)) - 24baf8d8-840e-4e7d-83f1-b115321d4c4e: new RaftServerImpl for group-A175014A455D:[24baf8d8-840e-4e7d-83f1-b115321d4c4e:192.168.69.94:43778, 45bcd496-ad94-4a09-9c65-3e660611c8c2:192.168.69.94:45233, 5fc95126-4ebe-42c6-9d3e-d6bb5819be12:192.168.69.94:34268] with ContainerStateMachine:uninitialized
2019-10-21 10:13:13,666 [pool-27-thread-1] INFO  server.RaftServerConfigKeys (ConfUtils.java:logGet(43)) - raft.server.rpc.timeout.min = 5s (custom)
2019-10-21 10:13:13,666 [pool-27-thread-1] INFO  server.RaftServerConfigKeys (ConfUtils.java:logGet(43)) - raft.server.rpc.timeout.max = 5200ms (custom)
2019-10-21 10:13:13,666 [pool-27-thread-1] INFO  server.RaftServerConfigKeys (ConfUtils.java:logGet(43)) - raft.server.rpcslowness.timeout = 120s (custom)
2019-10-21 10:13:13,666 [pool-27-thread-1] INFO  server.RaftServerConfigKeys (ConfUtils.java:logGet(43)) - raft.server.sleep.deviation.threshold = 300 (default)
2019-10-21 10:13:13,666 [pool-27-thread-1] INFO  server.RaftServerConfigKeys (ConfUtils.java:logGet(43)) - raft.server.log.appender.install.snapshot.enabled = false (custom)
2019-10-21 10:13:13,667 [pool-37-thread-1] INFO  impl.RaftServerImpl (RaftServerImpl.java:<init>(98)) - 5fc95126-4ebe-42c6-9d3e-d6bb5819be12: new RaftServerImpl for group-A175014A455D:[24baf8d8-840e-4e7d-83f1-b115321d4c4e:192.168.69.94:43778, 45bcd496-ad94-4a09-9c65-3e660611c8c2:192.168.69.94:45233, 5fc95126-4ebe-42c6-9d3e-d6bb5819be12:192.168.69.94:34268] with ContainerStateMachine:uninitialized
2019-10-21 10:13:13,667 [pool-27-thread-1] INFO  impl.RaftServerImpl (ServerState.java:<init>(103)) - 24baf8d8-840e-4e7d-83f1-b115321d4c4e@group-A175014A455D: ConfigurationManager, init=-1: [24baf8d8-840e-4e7d-83f1-b115321d4c4e:192.168.69.94:43778, 45bcd496-ad94-4a09-9c65-3e660611c8c2:192.168.69.94:45233, 5fc95126-4ebe-42c6-9d3e-d6bb5819be12:192.168.69.94:34268], old=null, confs=<EMPTY_MAP>
2019-10-21 10:13:13,667 [pool-37-thread-1] INFO  server.RaftServerConfigKeys (ConfUtils.java:logGet(43)) - raft.server.rpc.timeout.min = 5s (custom)
2019-10-21 10:13:13,667 [pool-37-thread-1] INFO  server.RaftServerConfigKeys (ConfUtils.java:logGet(43)) - raft.server.rpc.timeout.max = 5200ms (custom)
2019-10-21 10:13:13,667 [pool-27-thread-1] INFO  server.RaftServerConfigKeys (ConfUtils.java:logGet(43)) - raft.server.storage.dir = [/workdir/hadoop-ozone/tools/target/test-dir/MiniOzoneClusterImpl-4c43668a-c6b8-486a-a996-549bedbdf837/datanode-0/data/ratis] (custom)
2019-10-21 10:13:13,667 [pool-37-thread-1] INFO  server.RaftServerConfigKeys (ConfUtils.java:logGet(43)) - raft.server.rpcslowness.timeout = 120s (custom)
2019-10-21 10:13:13,667 [pool-37-thread-1] INFO  server.RaftServerConfigKeys (ConfUtils.java:logGet(43)) - raft.server.sleep.deviation.threshold = 300 (default)
2019-10-21 10:13:13,667 [pool-37-thread-1] INFO  server.RaftServerConfigKeys (ConfUtils.java:logGet(43)) - raft.server.log.appender.install.snapshot.enabled = false (custom)
2019-10-21 10:13:13,667 [pool-47-thread-1] INFO  impl.RaftServerImpl (RaftServerImpl.java:<init>(98)) - 45bcd496-ad94-4a09-9c65-3e660611c8c2: new RaftServerImpl for group-A175014A455D:[24baf8d8-840e-4e7d-83f1-b115321d4c4e:192.168.69.94:43778, 45bcd496-ad94-4a09-9c65-3e660611c8c2:192.168.69.94:45233, 5fc95126-4ebe-42c6-9d3e-d6bb5819be12:192.168.69.94:34268] with ContainerStateMachine:uninitialized
2019-10-21 10:13:13,668 [pool-37-thread-1] INFO  impl.RaftServerImpl (ServerState.java:<init>(103)) - 5fc95126-4ebe-42c6-9d3e-d6bb5819be12@group-A175014A455D: ConfigurationManager, init=-1: [24baf8d8-840e-4e7d-83f1-b115321d4c4e:192.168.69.94:43778, 45bcd496-ad94-4a09-9c65-3e660611c8c2:192.168.69.94:45233, 5fc95126-4ebe-42c6-9d3e-d6bb5819be12:192.168.69.94:34268], old=null, confs=<EMPTY_MAP>
2019-10-21 10:13:13,668 [pool-47-thread-1] INFO  server.RaftServerConfigKeys (ConfUtils.java:logGet(43)) - raft.server.rpc.timeout.min = 5s (custom)
2019-10-21 10:13:13,667 [pool-27-thread-1] INFO  server.RaftServerConfigKeys (ConfUtils.java:logGet(43)) - raft.server.log.corruption.policy = EXCEPTION (default)
2019-10-21 10:13:13,668 [pool-47-thread-1] INFO  server.RaftServerConfigKeys (ConfUtils.java:logGet(43)) - raft.server.rpc.timeout.max = 5200ms (custom)
2019-10-21 10:13:13,668 [pool-37-thread-1] INFO  server.RaftServerConfigKeys (ConfUtils.java:logGet(43)) - raft.server.storage.dir = [/workdir/hadoop-ozone/tools/target/test-dir/MiniOzoneClusterImpl-4c43668a-c6b8-486a-a996-549bedbdf837/datanode-1/data/ratis] (custom)
2019-10-21 10:13:13,668 [pool-27-thread-1] INFO  storage.RaftStorageDirectory (RaftStorageDirectory.java:analyzeStorage(246)) - The storage directory /workdir/hadoop-ozone/tools/target/test-dir/MiniOzoneClusterImpl-4c43668a-c6b8-486a-a996-549bedbdf837/datanode-0/data/ratis/3925f595-6702-4886-b2f7-a175014a455d does not exist. Creating ...
2019-10-21 10:13:13,668 [pool-47-thread-1] INFO  server.RaftServerConfigKeys (ConfUtils.java:logGet(43)) - raft.server.rpcslowness.timeout = 120s (custom)
2019-10-21 10:13:13,668 [pool-37-thread-1] INFO  server.RaftServerConfigKeys (ConfUtils.java:logGet(43)) - raft.server.log.corruption.policy = EXCEPTION (default)
2019-10-21 10:13:13,668 [pool-47-thread-1] INFO  server.RaftServerConfigKeys (ConfUtils.java:logGet(43)) - raft.server.sleep.deviation.threshold = 300 (default)
2019-10-21 10:13:13,669 [pool-37-thread-1] INFO  storage.RaftStorageDirectory (RaftStorageDirectory.java:analyzeStorage(246)) - The storage directory /workdir/hadoop-ozone/tools/target/test-dir/MiniOzoneClusterImpl-4c43668a-c6b8-486a-a996-549bedbdf837/datanode-1/data/ratis/3925f595-6702-4886-b2f7-a175014a455d does not exist. Creating ...
2019-10-21 10:13:13,669 [pool-47-thread-1] INFO  server.RaftServerConfigKeys (ConfUtils.java:logGet(43)) - raft.server.log.appender.install.snapshot.enabled = false (custom)
2019-10-21 10:13:13,669 [pool-47-thread-1] INFO  impl.RaftServerImpl (ServerState.java:<init>(103)) - 45bcd496-ad94-4a09-9c65-3e660611c8c2@group-A175014A455D: ConfigurationManager, init=-1: [24baf8d8-840e-4e7d-83f1-b115321d4c4e:192.168.69.94:43778, 45bcd496-ad94-4a09-9c65-3e660611c8c2:192.168.69.94:45233, 5fc95126-4ebe-42c6-9d3e-d6bb5819be12:192.168.69.94:34268], old=null, confs=<EMPTY_MAP>
2019-10-21 10:13:13,669 [pool-47-thread-1] INFO  server.RaftServerConfigKeys (ConfUtils.java:logGet(43)) - raft.server.storage.dir = [/workdir/hadoop-ozone/tools/target/test-dir/MiniOzoneClusterImpl-4c43668a-c6b8-486a-a996-549bedbdf837/datanode-2/data/ratis] (custom)
2019-10-21 10:13:13,669 [pool-47-thread-1] INFO  server.RaftServerConfigKeys (ConfUtils.java:logGet(43)) - raft.server.log.corruption.policy = EXCEPTION (default)
2019-10-21 10:13:13,670 [pool-47-thread-1] INFO  storage.RaftStorageDirectory (RaftStorageDirectory.java:analyzeStorage(246)) - The storage directory /workdir/hadoop-ozone/tools/target/test-dir/MiniOzoneClusterImpl-4c43668a-c6b8-486a-a996-549bedbdf837/datanode-2/data/ratis/3925f595-6702-4886-b2f7-a175014a455d does not exist. Creating ...
2019-10-21 10:13:13,695 [pool-27-thread-1] INFO  storage.RaftStorageDirectory (RaftStorageDirectory.java:tryLock(328)) - Lock on /workdir/hadoop-ozone/tools/target/test-dir/MiniOzoneClusterImpl-4c43668a-c6b8-486a-a996-549bedbdf837/datanode-0/data/ratis/3925f595-6702-4886-b2f7-a175014a455d/in_use.lock acquired by nodename 17996@pr-hdds-1868-bv6q8-2720828103
2019-10-21 10:13:13,695 [pool-47-thread-1] INFO  storage.RaftStorageDirectory (RaftStorageDirectory.java:tryLock(328)) - Lock on /workdir/hadoop-ozone/tools/target/test-dir/MiniOzoneClusterImpl-4c43668a-c6b8-486a-a996-549bedbdf837/datanode-2/data/ratis/3925f595-6702-4886-b2f7-a175014a455d/in_use.lock acquired by nodename 17996@pr-hdds-1868-bv6q8-2720828103
2019-10-21 10:13:13,695 [pool-37-thread-1] INFO  storage.RaftStorageDirectory (RaftStorageDirectory.java:tryLock(328)) - Lock on /workdir/hadoop-ozone/tools/target/test-dir/MiniOzoneClusterImpl-4c43668a-c6b8-486a-a996-549bedbdf837/datanode-1/data/ratis/3925f595-6702-4886-b2f7-a175014a455d/in_use.lock acquired by nodename 17996@pr-hdds-1868-bv6q8-2720828103
2019-10-21 10:13:13,721 [pool-37-thread-1] INFO  storage.RaftStorage (RaftStorage.java:format(84)) - Storage directory /workdir/hadoop-ozone/tools/target/test-dir/MiniOzoneClusterImpl-4c43668a-c6b8-486a-a996-549bedbdf837/datanode-1/data/ratis/3925f595-6702-4886-b2f7-a175014a455d has been successfully formatted.
2019-10-21 10:13:13,721 [pool-27-thread-1] INFO  storage.RaftStorage (RaftStorage.java:format(84)) - Storage directory /workdir/hadoop-ozone/tools/target/test-dir/MiniOzoneClusterImpl-4c43668a-c6b8-486a-a996-549bedbdf837/datanode-0/data/ratis/3925f595-6702-4886-b2f7-a175014a455d has been successfully formatted.
2019-10-21 10:13:13,721 [pool-47-thread-1] INFO  storage.RaftStorage (RaftStorage.java:format(84)) - Storage directory /workdir/hadoop-ozone/tools/target/test-dir/MiniOzoneClusterImpl-4c43668a-c6b8-486a-a996-549bedbdf837/datanode-2/data/ratis/3925f595-6702-4886-b2f7-a175014a455d has been successfully formatted.
2019-10-21 10:13:13,721 [pool-37-thread-1] INFO  ratis.ContainerStateMachine (ContainerStateMachine.java:loadSnapshot(233)) - group-A175014A455D: The snapshot info is null. Setting the last applied indexto:(t:0, i:~)
2019-10-21 10:13:13,721 [pool-27-thread-1] INFO  ratis.ContainerStateMachine (ContainerStateMachine.java:loadSnapshot(233)) - group-A175014A455D: The snapshot info is null. Setting the last applied indexto:(t:0, i:~)
2019-10-21 10:13:13,721 [pool-37-thread-1] INFO  server.RaftServerConfigKeys (ConfUtils.java:logGet(43)) - raft.server.notification.no-leader.timeout = 120s (custom)
2019-10-21 10:13:13,721 [pool-47-thread-1] INFO  ratis.ContainerStateMachine (ContainerStateMachine.java:loadSnapshot(233)) - group-A175014A455D: The snapshot info is null. Setting the last applied indexto:(t:0, i:~)
2019-10-21 10:13:13,722 [pool-37-thread-1] INFO  server.RaftServerConfigKeys (ConfUtils.java:logGet(43)) - raft.server.log.use.memory = false (default)
2019-10-21 10:13:13,721 [pool-27-thread-1] INFO  server.RaftServerConfigKeys (ConfUtils.java:logGet(43)) - raft.server.notification.no-leader.timeout = 120s (custom)
2019-10-21 10:13:13,722 [pool-37-thread-1] INFO  server.RaftServerConfigKeys (ConfUtils.java:logGet(43)) - raft.server.log.purge.gap = 1000000 (custom)
2019-10-21 10:13:13,722 [pool-47-thread-1] INFO  server.RaftServerConfigKeys (ConfUtils.java:logGet(43)) - raft.server.notification.no-leader.timeout = 120s (custom)
2019-10-21 10:13:13,722 [pool-37-thread-1] INFO  server.RaftServerConfigKeys (ConfUtils.java:logGet(43)) - raft.server.log.appender.buffer.byte-limit = 33554432 (custom)
2019-10-21 10:13:13,722 [pool-27-thread-1] INFO  server.RaftServerConfigKeys (ConfUtils.java:logGet(43)) - raft.server.log.use.memory = false (default)
2019-10-21 10:13:13,722 [pool-37-thread-1] INFO  server.RaftServerConfigKeys (ConfUtils.java:logGet(43)) - raft.server.log.segment.size.max = 1048576 (custom)
2019-10-21 10:13:13,722 [pool-47-thread-1] INFO  server.RaftServerConfigKeys (ConfUtils.java:logGet(43)) - raft.server.log.use.memory = false (default)
2019-10-21 10:13:13,723 [pool-37-thread-1] INFO  server.RaftServerConfigKeys (ConfUtils.java:logGet(43)) - raft.server.log.segment.cache.num.max = 2 (custom)
2019-10-21 10:13:13,723 [pool-27-thread-1] INFO  server.RaftServerConfigKeys (ConfUtils.java:logGet(43)) - raft.server.log.purge.gap = 1000000 (custom)
2019-10-21 10:13:13,723 [pool-37-thread-1] INFO  segmented.SegmentedRaftLogWorker (SegmentedRaftLogWorker.java:<init>(173)) - new 5fc95126-4ebe-42c6-9d3e-d6bb5819be12@group-A175014A455D-SegmentedRaftLogWorker for RaftStorage:Storage Directory /workdir/hadoop-ozone/tools/target/test-dir/MiniOzoneClusterImpl-4c43668a-c6b8-486a-a996-549bedbdf837/datanode-1/data/ratis/3925f595-6702-4886-b2f7-a175014a455d
2019-10-21 10:13:13,723 [pool-47-thread-1] INFO  server.RaftServerConfigKeys (ConfUtils.java:logGet(43)) - raft.server.log.purge.gap = 1000000 (custom)
2019-10-21 10:13:13,723 [pool-37-thread-1] INFO  server.RaftServerConfigKeys (ConfUtils.java:logGet(43)) - raft.server.log.queue.byte-limit = 2147483647 (custom)
2019-10-21 10:13:13,723 [pool-27-thread-1] INFO  server.RaftServerConfigKeys (ConfUtils.java:logGet(43)) - raft.server.log.appender.buffer.byte-limit = 33554432 (custom)
2019-10-21 10:13:13,724 [pool-37-thread-1] INFO  server.RaftServerConfigKeys (ConfUtils.java:logGet(43)) - raft.server.log.queue.element-limit = 1024 (custom)
2019-10-21 10:13:13,723 [pool-47-thread-1] INFO  server.RaftServerConfigKeys (ConfUtils.java:logGet(43)) - raft.server.log.appender.buffer.byte-limit = 33554432 (custom)
2019-10-21 10:13:13,724 [pool-37-thread-1] INFO  server.RaftServerConfigKeys (ConfUtils.java:logGet(43)) - raft.server.log.segment.size.max = 1048576 (custom)
2019-10-21 10:13:13,724 [pool-27-thread-1] INFO  server.RaftServerConfigKeys (ConfUtils.java:logGet(43)) - raft.server.log.segment.size.max = 1048576 (custom)
2019-10-21 10:13:13,724 [pool-37-thread-1] INFO  server.RaftServerConfigKeys (ConfUtils.java:logGet(43)) - raft.server.log.preallocated.size = 16384 (custom)
2019-10-21 10:13:13,724 [pool-47-thread-1] INFO  server.RaftServerConfigKeys (ConfUtils.java:logGet(43)) - raft.server.log.segment.size.max = 1048576 (custom)
2019-10-21 10:13:13,724 [pool-37-thread-1] INFO  server.RaftServerConfigKeys (ConfUtils.java:logGet(43)) - raft.server.log.write.buffer.size = 33554432 (custom)
2019-10-21 10:13:13,724 [pool-27-thread-1] INFO  server.RaftServerConfigKeys (ConfUtils.java:logGet(43)) - raft.server.log.segment.cache.num.max = 2 (custom)
2019-10-21 10:13:13,725 [pool-37-thread-1] INFO  server.RaftServerConfigKeys (ConfUtils.java:logGet(43)) - raft.server.log.force.sync.num = 128 (default)
2019-10-21 10:13:13,725 [pool-47-thread-1] INFO  server.RaftServerConfigKeys (ConfUtils.java:logGet(43)) - raft.server.log.segment.cache.num.max = 2 (custom)
2019-10-21 10:13:13,725 [pool-37-thread-1] INFO  server.RaftServerConfigKeys (ConfUtils.java:logGet(43)) - raft.server.log.statemachine.data.sync = true (default)
2019-10-21 10:13:13,725 [pool-27-thread-1] INFO  segmented.SegmentedRaftLogWorker (SegmentedRaftLogWorker.java:<init>(173)) - new 24baf8d8-840e-4e7d-83f1-b115321d4c4e@group-A175014A455D-SegmentedRaftLogWorker for RaftStorage:Storage Directory /workdir/hadoop-ozone/tools/target/test-dir/MiniOzoneClusterImpl-4c43668a-c6b8-486a-a996-549bedbdf837/datanode-0/data/ratis/3925f595-6702-4886-b2f7-a175014a455d
2019-10-21 10:13:13,725 [pool-37-thread-1] INFO  server.RaftServerConfigKeys (ConfUtils.java:logGet(43)) - raft.server.log.statemachine.data.sync.timeout = 10s (default)
2019-10-21 10:13:13,725 [pool-47-thread-1] INFO  segmented.SegmentedRaftLogWorker (SegmentedRaftLogWorker.java:<init>(173)) - new 45bcd496-ad94-4a09-9c65-3e660611c8c2@group-A175014A455D-SegmentedRaftLogWorker for RaftStorage:Storage Directory /workdir/hadoop-ozone/tools/target/test-dir/MiniOzoneClusterImpl-4c43668a-c6b8-486a-a996-549bedbdf837/datanode-2/data/ratis/3925f595-6702-4886-b2f7-a175014a455d
2019-10-21 10:13:13,725 [pool-37-thread-1] INFO  server.RaftServerConfigKeys (ConfUtils.java:logGet(43)) - raft.server.log.statemachine.data.sync.timeout.retry = -1 (default)
2019-10-21 10:13:13,725 [pool-27-thread-1] INFO  server.RaftServerConfigKeys (ConfUtils.java:logGet(43)) - raft.server.log.queue.byte-limit = 2147483647 (custom)
2019-10-21 10:13:13,726 [pool-47-thread-1] INFO  server.RaftServerConfigKeys (ConfUtils.java:logGet(43)) - raft.server.log.queue.byte-limit = 2147483647 (custom)
2019-10-21 10:13:13,726 [pool-37-thread-1] INFO  server.RaftServerConfigKeys (ConfUtils.java:logGet(43)) - raft.server.log.statemachine.data.caching.enabled = true (custom)
2019-10-21 10:13:13,726 [pool-27-thread-1] INFO  server.RaftServerConfigKeys (ConfUtils.java:logGet(43)) - raft.server.log.queue.element-limit = 1024 (custom)
2019-10-21 10:13:13,726 [pool-47-thread-1] INFO  server.RaftServerConfigKeys (ConfUtils.java:logGet(43)) - raft.server.log.queue.element-limit = 1024 (custom)
2019-10-21 10:13:13,726 [pool-37-thread-1] INFO  segmented.SegmentedRaftLogWorker (SegmentedRaftLogWorker.java:lambda$new$0(128)) - 5fc95126-4ebe-42c6-9d3e-d6bb5819be12@group-A175014A455D-SegmentedRaftLogWorker: flushIndex: setUnconditionally 0 -> -1
2019-10-21 10:13:13,726 [pool-27-thread-1] INFO  server.RaftServerConfigKeys (ConfUtils.java:logGet(43)) - raft.server.log.segment.size.max = 1048576 (custom)
2019-10-21 10:13:13,726 [pool-47-thread-1] INFO  server.RaftServerConfigKeys (ConfUtils.java:logGet(43)) - raft.server.log.segment.size.max = 1048576 (custom)
2019-10-21 10:13:13,727 [pool-37-thread-1] INFO  server.RaftServerConfigKeys (ConfUtils.java:logGet(43)) - raft.server.snapshot.auto.trigger.enabled = true (custom)
2019-10-21 10:13:13,727 [pool-27-thread-1] INFO  server.RaftServerConfigKeys (ConfUtils.java:logGet(43)) - raft.server.log.preallocated.size = 16384 (custom)
2019-10-21 10:13:13,727 [pool-37-thread-1] INFO  server.RaftServerConfigKeys (ConfUtils.java:logGet(43)) - raft.server.snapshot.auto.trigger.threshold = 10000 (custom)
2019-10-21 10:13:13,727 [pool-47-thread-1] INFO  server.RaftServerConfigKeys (ConfUtils.java:logGet(43)) - raft.server.log.preallocated.size = 16384 (custom)
2019-10-21 10:13:13,727 [pool-37-thread-1] INFO  server.RaftServerConfigKeys (ConfUtils.java:logGet(43)) - raft.server.snapshot.retention.file.num = 5 (custom)
2019-10-21 10:13:13,727 [pool-27-thread-1] INFO  server.RaftServerConfigKeys (ConfUtils.java:logGet(43)) - raft.server.log.write.buffer.size = 33554432 (custom)
2019-10-21 10:13:13,728 [pool-37-thread-1] INFO  server.RaftServerConfigKeys (ConfUtils.java:logGet(43)) - raft.server.retrycache.expirytime = 600000ms (custom)
2019-10-21 10:13:13,727 [pool-47-thread-1] INFO  server.RaftServerConfigKeys (ConfUtils.java:logGet(43)) - raft.server.log.write.buffer.size = 33554432 (custom)
2019-10-21 10:13:13,728 [pool-37-thread-1] WARN  impl.MetricRegistriesImpl (MetricRegistriesImpl.java:lambda$create$1(61)) - First MetricRegistry has been created without registering reporters. You may need to call MetricRegistries.global().addReportRegistration(...) before.
2019-10-21 10:13:13,728 [pool-27-thread-1] INFO  server.RaftServerConfigKeys (ConfUtils.java:logGet(43)) - raft.server.log.force.sync.num = 128 (default)
2019-10-21 10:13:13,728 [pool-37-thread-1] WARN  impl.MetricRegistriesImpl (MetricRegistriesImpl.java:lambda$create$1(61)) - First MetricRegistry has been created without registering reporters. You may need to call MetricRegistries.global().addReportRegistration(...) before.
2019-10-21 10:13:13,728 [pool-47-thread-1] INFO  server.RaftServerConfigKeys (ConfUtils.java:logGet(43)) - raft.server.log.force.sync.num = 128 (default)
2019-10-21 10:13:13,728 [pool-27-thread-1] INFO  server.RaftServerConfigKeys (ConfUtils.java:logGet(43)) - raft.server.log.statemachine.data.sync = true (default)
2019-10-21 10:13:13,729 [pool-37-thread-1] INFO  impl.RaftServerImpl (RaftServerImpl.java:start(184)) - 5fc95126-4ebe-42c6-9d3e-d6bb5819be12@group-A175014A455D: start as a follower, conf=-1: [24baf8d8-840e-4e7d-83f1-b115321d4c4e:192.168.69.94:43778, 45bcd496-ad94-4a09-9c65-3e660611c8c2:192.168.69.94:45233, 5fc95126-4ebe-42c6-9d3e-d6bb5819be12:192.168.69.94:34268], old=null
2019-10-21 10:13:13,729 [pool-47-thread-1] INFO  server.RaftServerConfigKeys (ConfUtils.java:logGet(43)) - raft.server.log.statemachine.data.sync = true (default)
2019-10-21 10:13:13,729 [pool-37-thread-1] INFO  impl.RaftServerImpl (RaftServerImpl.java:setRole(173)) - 5fc95126-4ebe-42c6-9d3e-d6bb5819be12@group-A175014A455D: changes role from      null to FOLLOWER at term 0 for startAsFollower
2019-10-21 10:13:13,729 [pool-27-thread-1] INFO  server.RaftServerConfigKeys (ConfUtils.java:logGet(43)) - raft.server.log.statemachine.data.sync.timeout = 10s (default)
2019-10-21 10:13:13,729 [pool-37-thread-1] INFO  impl.RoleInfo (RoleInfo.java:updateAndGet(143)) - 5fc95126-4ebe-42c6-9d3e-d6bb5819be12: start FollowerState
2019-10-21 10:13:13,729 [pool-47-thread-1] INFO  server.RaftServerConfigKeys (ConfUtils.java:logGet(43)) - raft.server.log.statemachine.data.sync.timeout = 10s (default)
2019-10-21 10:13:13,729 [pool-27-thread-1] INFO  server.RaftServerConfigKeys (ConfUtils.java:logGet(43)) - raft.server.log.statemachine.data.sync.timeout.retry = -1 (default)
2019-10-21 10:13:13,730 [pool-47-thread-1] INFO  server.RaftServerConfigKeys (ConfUtils.java:logGet(43)) - raft.server.log.statemachine.data.sync.timeout.retry = -1 (default)
2019-10-21 10:13:13,730 [pool-37-thread-1] INFO  util.JmxRegister (JmxRegister.java:tryRegister(44)) - Successfully registered JMX Bean with object name Ratis:service=RaftServer,group=group-A175014A455D,id=5fc95126-4ebe-42c6-9d3e-d6bb5819be12
2019-10-21 10:13:13,730 [pool-27-thread-1] INFO  server.RaftServerConfigKeys (ConfUtils.java:logGet(43)) - raft.server.log.statemachine.data.caching.enabled = true (custom)
2019-10-21 10:13:13,730 [pool-47-thread-1] INFO  server.RaftServerConfigKeys (ConfUtils.java:logGet(43)) - raft.server.log.statemachine.data.caching.enabled = true (custom)
2019-10-21 10:13:13,730 [pool-37-thread-1] WARN  impl.MetricRegistriesImpl (MetricRegistriesImpl.java:lambda$create$1(61)) - First MetricRegistry has been created without registering reporters. You may need to call MetricRegistries.global().addReportRegistration(...) before.
2019-10-21 10:13:13,730 [pool-27-thread-1] INFO  segmented.SegmentedRaftLogWorker (SegmentedRaftLogWorker.java:lambda$new$0(128)) - 24baf8d8-840e-4e7d-83f1-b115321d4c4e@group-A175014A455D-SegmentedRaftLogWorker: flushIndex: setUnconditionally 0 -> -1
2019-10-21 10:13:13,731 [pool-47-thread-1] INFO  segmented.SegmentedRaftLogWorker (SegmentedRaftLogWorker.java:lambda$new$0(128)) - 45bcd496-ad94-4a09-9c65-3e660611c8c2@group-A175014A455D-SegmentedRaftLogWorker: flushIndex: setUnconditionally 0 -> -1
2019-10-21 10:13:13,731 [pool-27-thread-1] INFO  server.RaftServerConfigKeys (ConfUtils.java:logGet(43)) - raft.server.snapshot.auto.trigger.enabled = true (custom)
2019-10-21 10:13:13,731 [pool-47-thread-1] INFO  server.RaftServerConfigKeys (ConfUtils.java:logGet(43)) - raft.server.snapshot.auto.trigger.enabled = true (custom)
2019-10-21 10:13:13,731 [pool-27-thread-1] INFO  server.RaftServerConfigKeys (ConfUtils.java:logGet(43)) - raft.server.snapshot.auto.trigger.threshold = 10000 (custom)
2019-10-21 10:13:13,731 [pool-47-thread-1] INFO  server.RaftServerConfigKeys (ConfUtils.java:logGet(43)) - raft.server.snapshot.auto.trigger.threshold = 10000 (custom)
2019-10-21 10:13:13,731 [pool-27-thread-1] INFO  server.RaftServerConfigKeys (ConfUtils.java:logGet(43)) - raft.server.snapshot.retention.file.num = 5 (custom)
2019-10-21 10:13:13,731 [pool-47-thread-1] INFO  server.RaftServerConfigKeys (ConfUtils.java:logGet(43)) - raft.server.snapshot.retention.file.num = 5 (custom)
2019-10-21 10:13:13,732 [pool-27-thread-1] INFO  server.RaftServerConfigKeys (ConfUtils.java:logGet(43)) - raft.server.retrycache.expirytime = 600000ms (custom)
2019-10-21 10:13:13,732 [pool-47-thread-1] INFO  server.RaftServerConfigKeys (ConfUtils.java:logGet(43)) - raft.server.retrycache.expirytime = 600000ms (custom)
2019-10-21 10:13:13,732 [pool-27-thread-1] WARN  impl.MetricRegistriesImpl (MetricRegistriesImpl.java:lambda$create$1(61)) - First MetricRegistry has been created without registering reporters. You may need to call MetricRegistries.global().addReportRegistration(...) before.
2019-10-21 10:13:13,732 [pool-47-thread-1] WARN  impl.MetricRegistriesImpl (MetricRegistriesImpl.java:lambda$create$1(61)) - First MetricRegistry has been created without registering reporters. You may need to call MetricRegistries.global().addReportRegistration(...) before.
2019-10-21 10:13:13,732 [pool-27-thread-1] WARN  impl.MetricRegistriesImpl (MetricRegistriesImpl.java:lambda$create$1(61)) - First MetricRegistry has been created without registering reporters. You may need to call MetricRegistries.global().addReportRegistration(...) before.
2019-10-21 10:13:13,732 [pool-47-thread-1] WARN  impl.MetricRegistriesImpl (MetricRegistriesImpl.java:lambda$create$1(61)) - First MetricRegistry has been created without registering reporters. You may need to call MetricRegistries.global().addReportRegistration(...) before.
2019-10-21 10:13:13,734 [pool-27-thread-1] INFO  impl.RaftServerImpl (RaftServerImpl.java:start(184)) - 24baf8d8-840e-4e7d-83f1-b115321d4c4e@group-A175014A455D: start as a follower, conf=-1: [24baf8d8-840e-4e7d-83f1-b115321d4c4e:192.168.69.94:43778, 45bcd496-ad94-4a09-9c65-3e660611c8c2:192.168.69.94:45233, 5fc95126-4ebe-42c6-9d3e-d6bb5819be12:192.168.69.94:34268], old=null
2019-10-21 10:13:13,734 [pool-47-thread-1] INFO  impl.RaftServerImpl (RaftServerImpl.java:start(184)) - 45bcd496-ad94-4a09-9c65-3e660611c8c2@group-A175014A455D: start as a follower, conf=-1: [24baf8d8-840e-4e7d-83f1-b115321d4c4e:192.168.69.94:43778, 45bcd496-ad94-4a09-9c65-3e660611c8c2:192.168.69.94:45233, 5fc95126-4ebe-42c6-9d3e-d6bb5819be12:192.168.69.94:34268], old=null
2019-10-21 10:13:13,734 [pool-27-thread-1] INFO  impl.RaftServerImpl (RaftServerImpl.java:setRole(173)) - 24baf8d8-840e-4e7d-83f1-b115321d4c4e@group-A175014A455D: changes role from      null to FOLLOWER at term 0 for startAsFollower
2019-10-21 10:13:13,734 [pool-47-thread-1] INFO  impl.RaftServerImpl (RaftServerImpl.java:setRole(173)) - 45bcd496-ad94-4a09-9c65-3e660611c8c2@group-A175014A455D: changes role from      null to FOLLOWER at term 0 for startAsFollower
2019-10-21 10:13:13,738 [pool-27-thread-1] INFO  impl.RoleInfo (RoleInfo.java:updateAndGet(143)) - 24baf8d8-840e-4e7d-83f1-b115321d4c4e: start FollowerState
2019-10-21 10:13:13,738 [pool-47-thread-1] INFO  impl.RoleInfo (RoleInfo.java:updateAndGet(143)) - 45bcd496-ad94-4a09-9c65-3e660611c8c2: start FollowerState
2019-10-21 10:13:13,738 [pool-27-thread-1] INFO  util.JmxRegister (JmxRegister.java:tryRegister(44)) - Successfully registered JMX Bean with object name Ratis:service=RaftServer,group=group-A175014A455D,id=24baf8d8-840e-4e7d-83f1-b115321d4c4e
2019-10-21 10:13:13,738 [pool-27-thread-1] WARN  impl.MetricRegistriesImpl (MetricRegistriesImpl.java:lambda$create$1(61)) - First MetricRegistry has been created without registering reporters. You may need to call MetricRegistries.global().addReportRegistration(...) before.
2019-10-21 10:13:13,739 [pool-47-thread-1] INFO  util.JmxRegister (JmxRegister.java:tryRegister(44)) - Successfully registered JMX Bean with object name Ratis:service=RaftServer,group=group-A175014A455D,id=45bcd496-ad94-4a09-9c65-3e660611c8c2
2019-10-21 10:13:13,739 [pool-47-thread-1] WARN  impl.MetricRegistriesImpl (MetricRegistriesImpl.java:lambda$create$1(61)) - First MetricRegistry has been created without registering reporters. You may need to call MetricRegistries.global().addReportRegistration(...) before.
2019-10-21 10:13:13,747 [RatisPipelineUtilsThread] INFO  pipeline.PipelineStateManager (PipelineStateManager.java:addPipeline(55)) - Created pipeline Pipeline[ Id: 3925f595-6702-4886-b2f7-a175014a455d, Nodes: 24baf8d8-840e-4e7d-83f1-b115321d4c4e{ip: 192.168.69.94, host: pr-hdds-1868-bv6q8-2720828103, networkLocation: /default-rack, certSerialId: null}45bcd496-ad94-4a09-9c65-3e660611c8c2{ip: 192.168.69.94, host: pr-hdds-1868-bv6q8-2720828103, networkLocation: /default-rack, certSerialId: null}5fc95126-4ebe-42c6-9d3e-d6bb5819be12{ip: 192.168.69.94, host: pr-hdds-1868-bv6q8-2720828103, networkLocation: /default-rack, certSerialId: null}, Type:RATIS, Factor:THREE, State:ALLOCATED]
2019-10-21 10:13:13,747 [Thread-178] INFO  pipeline.PipelineStateManager (PipelineStateManager.java:finalizePipeline(121)) - Pipeline Pipeline[ Id: 60ac103b-6733-46ba-882f-0ea88e974187, Nodes: 24baf8d8-840e-4e7d-83f1-b115321d4c4e{ip: 192.168.69.94, host: pr-hdds-1868-bv6q8-2720828103, networkLocation: /default-rack, certSerialId: null}, Type:RATIS, Factor:ONE, State:CLOSED] moved to CLOSED state
2019-10-21 10:13:13,761 [grpc-default-executor-2] INFO  impl.RaftServerProxy (RaftServerProxy.java:remove(95)) - 24baf8d8-840e-4e7d-83f1-b115321d4c4e: remove  FOLLOWER 24baf8d8-840e-4e7d-83f1-b115321d4c4e@group-0EA88E974187:t0, leader=null, voted=null, raftlog=24baf8d8-840e-4e7d-83f1-b115321d4c4e@group-0EA88E974187-SegmentedRaftLog:OPENED:c-1,f-1,i0, conf=-1: [24baf8d8-840e-4e7d-83f1-b115321d4c4e:192.168.69.94:43778], old=null RUNNING
2019-10-21 10:13:13,762 [grpc-default-executor-2] INFO  impl.RaftServerImpl (RaftServerImpl.java:lambda$shutdown$3(250)) - 24baf8d8-840e-4e7d-83f1-b115321d4c4e@group-0EA88E974187: shutdown
2019-10-21 10:13:13,763 [grpc-default-executor-2] INFO  util.JmxRegister (JmxRegister.java:unregister(73)) - Successfully un-registered JMX Bean with object name Ratis:service=RaftServer,group=group-0EA88E974187,id=24baf8d8-840e-4e7d-83f1-b115321d4c4e
2019-10-21 10:13:13,763 [grpc-default-executor-2] INFO  impl.RoleInfo (RoleInfo.java:shutdownFollowerState(121)) - 24baf8d8-840e-4e7d-83f1-b115321d4c4e: shutdown FollowerState
2019-10-21 10:13:13,763 [grpc-default-executor-2] INFO  impl.StateMachineUpdater (StateMachineUpdater.java:stopAndJoin(136)) - 24baf8d8-840e-4e7d-83f1-b115321d4c4e@group-0EA88E974187-StateMachineUpdater: set stopIndex = -1
2019-10-21 10:13:13,763 [Thread-180] INFO  impl.FollowerState (FollowerState.java:run(120)) - 24baf8d8-840e-4e7d-83f1-b115321d4c4e@group-0EA88E974187-FollowerState was interrupted: java.lang.InterruptedException: sleep interrupted
2019-10-21 10:13:13,764 [grpc-default-executor-2] INFO  impl.RaftServerImpl (ServerState.java:close(387)) - 24baf8d8-840e-4e7d-83f1-b115321d4c4e@group-0EA88E974187: closes. applyIndex: -1
2019-10-21 10:13:13,765 [24baf8d8-840e-4e7d-83f1-b115321d4c4e@group-0EA88E974187-SegmentedRaftLogWorker] INFO  segmented.SegmentedRaftLogWorker (SegmentedRaftLogWorker.java:run(316)) - 24baf8d8-840e-4e7d-83f1-b115321d4c4e@group-0EA88E974187-SegmentedRaftLogWorker was interrupted, exiting. There are 0 tasks remaining in the queue.
2019-10-21 10:13:13,765 [grpc-default-executor-2] INFO  segmented.SegmentedRaftLogWorker (SegmentedRaftLogWorker.java:close(224)) - 24baf8d8-840e-4e7d-83f1-b115321d4c4e@group-0EA88E974187-SegmentedRaftLogWorker close()
2019-10-21 10:13:13,772 [Thread-178] INFO  pipeline.PipelineStateManager (PipelineStateManager.java:removePipeline(106)) - Pipeline Pipeline[ Id: 60ac103b-6733-46ba-882f-0ea88e974187, Nodes: 24baf8d8-840e-4e7d-83f1-b115321d4c4e{ip: 192.168.69.94, host: pr-hdds-1868-bv6q8-2720828103, networkLocation: /default-rack, certSerialId: null}, Type:RATIS, Factor:ONE, State:CLOSED] removed from db
2019-10-21 10:13:13,783 [grpc-default-executor-2] INFO  impl.RaftServerProxy (RaftServerProxy.java:addNew(89)) - 24baf8d8-840e-4e7d-83f1-b115321d4c4e: addNew group-A8965AF67DDA:[24baf8d8-840e-4e7d-83f1-b115321d4c4e:192.168.69.94:43778] returns group-A8965AF67DDA:java.util.concurrent.CompletableFuture@1c15e81c[Not completed]
2019-10-21 10:13:13,784 [pool-27-thread-1] INFO  impl.RaftServerImpl (RaftServerImpl.java:<init>(98)) - 24baf8d8-840e-4e7d-83f1-b115321d4c4e: new RaftServerImpl for group-A8965AF67DDA:[24baf8d8-840e-4e7d-83f1-b115321d4c4e:192.168.69.94:43778] with ContainerStateMachine:uninitialized
2019-10-21 10:13:13,785 [pool-27-thread-1] INFO  server.RaftServerConfigKeys (ConfUtils.java:logGet(43)) - raft.server.rpc.timeout.min = 5s (custom)
2019-10-21 10:13:13,785 [pool-27-thread-1] INFO  server.RaftServerConfigKeys (ConfUtils.java:logGet(43)) - raft.server.rpc.timeout.max = 5200ms (custom)
2019-10-21 10:13:13,785 [pool-27-thread-1] INFO  server.RaftServerConfigKeys (ConfUtils.java:logGet(43)) - raft.server.rpcslowness.timeout = 120s (custom)
2019-10-21 10:13:13,785 [pool-27-thread-1] INFO  server.RaftServerConfigKeys (ConfUtils.java:logGet(43)) - raft.server.sleep.deviation.threshold = 300 (default)
2019-10-21 10:13:13,785 [pool-27-thread-1] INFO  server.RaftServerConfigKeys (ConfUtils.java:logGet(43)) - raft.server.log.appender.install.snapshot.enabled = false (custom)
2019-10-21 10:13:13,785 [pool-27-thread-1] INFO  impl.RaftServerImpl (ServerState.java:<init>(103)) - 24baf8d8-840e-4e7d-83f1-b115321d4c4e@group-A8965AF67DDA: ConfigurationManager, init=-1: [24baf8d8-840e-4e7d-83f1-b115321d4c4e:192.168.69.94:43778], old=null, confs=<EMPTY_MAP>
2019-10-21 10:13:13,786 [pool-27-thread-1] INFO  server.RaftServerConfigKeys (ConfUtils.java:logGet(43)) - raft.server.storage.dir = [/workdir/hadoop-ozone/tools/target/test-dir/MiniOzoneClusterImpl-4c43668a-c6b8-486a-a996-549bedbdf837/datanode-0/data/ratis] (custom)
2019-10-21 10:13:13,786 [pool-27-thread-1] INFO  server.RaftServerConfigKeys (ConfUtils.java:logGet(43)) - raft.server.log.corruption.policy = EXCEPTION (default)
2019-10-21 10:13:13,786 [pool-27-thread-1] INFO  storage.RaftStorageDirectory (RaftStorageDirectory.java:analyzeStorage(246)) - The storage directory /workdir/hadoop-ozone/tools/target/test-dir/MiniOzoneClusterImpl-4c43668a-c6b8-486a-a996-549bedbdf837/datanode-0/data/ratis/3fe6795b-8c0c-4c58-9e6f-a8965af67dda does not exist. Creating ...
2019-10-21 10:13:13,800 [pool-27-thread-1] INFO  storage.RaftStorageDirectory (RaftStorageDirectory.java:tryLock(328)) - Lock on /workdir/hadoop-ozone/tools/target/test-dir/MiniOzoneClusterImpl-4c43668a-c6b8-486a-a996-549bedbdf837/datanode-0/data/ratis/3fe6795b-8c0c-4c58-9e6f-a8965af67dda/in_use.lock acquired by nodename 17996@pr-hdds-1868-bv6q8-2720828103
2019-10-21 10:13:13,814 [pool-27-thread-1] INFO  storage.RaftStorage (RaftStorage.java:format(84)) - Storage directory /workdir/hadoop-ozone/tools/target/test-dir/MiniOzoneClusterImpl-4c43668a-c6b8-486a-a996-549bedbdf837/datanode-0/data/ratis/3fe6795b-8c0c-4c58-9e6f-a8965af67dda has been successfully formatted.
2019-10-21 10:13:13,814 [pool-27-thread-1] INFO  ratis.ContainerStateMachine (ContainerStateMachine.java:loadSnapshot(233)) - group-A8965AF67DDA: The snapshot info is null. Setting the last applied indexto:(t:0, i:~)
2019-10-21 10:13:13,814 [pool-27-thread-1] INFO  server.RaftServerConfigKeys (ConfUtils.java:logGet(43)) - raft.server.notification.no-leader.timeout = 120s (custom)
2019-10-21 10:13:13,814 [pool-27-thread-1] INFO  server.RaftServerConfigKeys (ConfUtils.java:logGet(43)) - raft.server.log.use.memory = false (default)
2019-10-21 10:13:13,814 [pool-27-thread-1] INFO  server.RaftServerConfigKeys (ConfUtils.java:logGet(43)) - raft.server.log.purge.gap = 1000000 (custom)
2019-10-21 10:13:13,815 [pool-27-thread-1] INFO  server.RaftServerConfigKeys (ConfUtils.java:logGet(43)) - raft.server.log.appender.buffer.byte-limit = 33554432 (custom)
2019-10-21 10:13:13,815 [pool-27-thread-1] INFO  server.RaftServerConfigKeys (ConfUtils.java:logGet(43)) - raft.server.log.segment.size.max = 1048576 (custom)
2019-10-21 10:13:13,815 [pool-27-thread-1] INFO  server.RaftServerConfigKeys (ConfUtils.java:logGet(43)) - raft.server.log.segment.cache.num.max = 2 (custom)
2019-10-21 10:13:13,815 [pool-27-thread-1] INFO  segmented.SegmentedRaftLogWorker (SegmentedRaftLogWorker.java:<init>(173)) - new 24baf8d8-840e-4e7d-83f1-b115321d4c4e@group-A8965AF67DDA-SegmentedRaftLogWorker for RaftStorage:Storage Directory /workdir/hadoop-ozone/tools/target/test-dir/MiniOzoneClusterImpl-4c43668a-c6b8-486a-a996-549bedbdf837/datanode-0/data/ratis/3fe6795b-8c0c-4c58-9e6f-a8965af67dda
2019-10-21 10:13:13,815 [pool-27-thread-1] INFO  server.RaftServerConfigKeys (ConfUtils.java:logGet(43)) - raft.server.log.queue.byte-limit = 2147483647 (custom)
2019-10-21 10:13:13,815 [pool-27-thread-1] INFO  server.RaftServerConfigKeys (ConfUtils.java:logGet(43)) - raft.server.log.queue.element-limit = 1024 (custom)
2019-10-21 10:13:13,815 [pool-27-thread-1] INFO  server.RaftServerConfigKeys (ConfUtils.java:logGet(43)) - raft.server.log.segment.size.max = 1048576 (custom)
2019-10-21 10:13:13,815 [pool-27-thread-1] INFO  server.RaftServerConfigKeys (ConfUtils.java:logGet(43)) - raft.server.log.preallocated.size = 16384 (custom)
2019-10-21 10:13:13,816 [pool-27-thread-1] INFO  server.RaftServerConfigKeys (ConfUtils.java:logGet(43)) - raft.server.log.write.buffer.size = 33554432 (custom)
2019-10-21 10:13:13,816 [pool-27-thread-1] INFO  server.RaftServerConfigKeys (ConfUtils.java:logGet(43)) - raft.server.log.force.sync.num = 128 (default)
2019-10-21 10:13:13,816 [pool-27-thread-1] INFO  server.RaftServerConfigKeys (ConfUtils.java:logGet(43)) - raft.server.log.statemachine.data.sync = true (default)
2019-10-21 10:13:13,816 [pool-27-thread-1] INFO  server.RaftServerConfigKeys (ConfUtils.java:logGet(43)) - raft.server.log.statemachine.data.sync.timeout = 10s (default)
2019-10-21 10:13:13,816 [pool-27-thread-1] INFO  server.RaftServerConfigKeys (ConfUtils.java:logGet(43)) - raft.server.log.statemachine.data.sync.timeout.retry = -1 (default)
2019-10-21 10:13:13,816 [pool-27-thread-1] INFO  server.RaftServerConfigKeys (ConfUtils.java:logGet(43)) - raft.server.log.statemachine.data.caching.enabled = true (custom)
2019-10-21 10:13:13,817 [pool-27-thread-1] INFO  segmented.SegmentedRaftLogWorker (SegmentedRaftLogWorker.java:lambda$new$0(128)) - 24baf8d8-840e-4e7d-83f1-b115321d4c4e@group-A8965AF67DDA-SegmentedRaftLogWorker: flushIndex: setUnconditionally 0 -> -1
2019-10-21 10:13:13,817 [pool-27-thread-1] INFO  server.RaftServerConfigKeys (ConfUtils.java:logGet(43)) - raft.server.snapshot.auto.trigger.enabled = true (custom)
2019-10-21 10:13:13,817 [pool-27-thread-1] INFO  server.RaftServerConfigKeys (ConfUtils.java:logGet(43)) - raft.server.snapshot.auto.trigger.threshold = 10000 (custom)
2019-10-21 10:13:13,817 [pool-27-thread-1] INFO  server.RaftServerConfigKeys (ConfUtils.java:logGet(43)) - raft.server.snapshot.retention.file.num = 5 (custom)
2019-10-21 10:13:13,817 [pool-27-thread-1] INFO  server.RaftServerConfigKeys (ConfUtils.java:logGet(43)) - raft.server.retrycache.expirytime = 600000ms (custom)
2019-10-21 10:13:13,818 [pool-27-thread-1] WARN  impl.MetricRegistriesImpl (MetricRegistriesImpl.java:lambda$create$1(61)) - First MetricRegistry has been created without registering reporters. You may need to call MetricRegistries.global().addReportRegistration(...) before.
2019-10-21 10:13:13,818 [pool-27-thread-1] WARN  impl.MetricRegistriesImpl (MetricRegistriesImpl.java:lambda$create$1(61)) - First MetricRegistry has been created without registering reporters. You may need to call MetricRegistries.global().addReportRegistration(...) before.
2019-10-21 10:13:13,818 [pool-27-thread-1] INFO  impl.RaftServerImpl (RaftServerImpl.java:start(184)) - 24baf8d8-840e-4e7d-83f1-b115321d4c4e@group-A8965AF67DDA: start as a follower, conf=-1: [24baf8d8-840e-4e7d-83f1-b115321d4c4e:192.168.69.94:43778], old=null
2019-10-21 10:13:13,818 [pool-27-thread-1] INFO  impl.RaftServerImpl (RaftServerImpl.java:setRole(173)) - 24baf8d8-840e-4e7d-83f1-b115321d4c4e@group-A8965AF67DDA: changes role from      null to FOLLOWER at term 0 for startAsFollower
2019-10-21 10:13:13,818 [pool-27-thread-1] INFO  impl.RoleInfo (RoleInfo.java:updateAndGet(143)) - 24baf8d8-840e-4e7d-83f1-b115321d4c4e: start FollowerState
2019-10-21 10:13:13,819 [pool-27-thread-1] INFO  util.JmxRegister (JmxRegister.java:tryRegister(44)) - Successfully registered JMX Bean with object name Ratis:service=RaftServer,group=group-A8965AF67DDA,id=24baf8d8-840e-4e7d-83f1-b115321d4c4e
2019-10-21 10:13:13,819 [pool-27-thread-1] WARN  impl.MetricRegistriesImpl (MetricRegistriesImpl.java:lambda$create$1(61)) - First MetricRegistry has been created without registering reporters. You may need to call MetricRegistries.global().addReportRegistration(...) before.
2019-10-21 10:13:13,825 [RatisPipelineUtilsThread] INFO  pipeline.PipelineStateManager (PipelineStateManager.java:addPipeline(55)) - Created pipeline Pipeline[ Id: 3fe6795b-8c0c-4c58-9e6f-a8965af67dda, Nodes: 24baf8d8-840e-4e7d-83f1-b115321d4c4e{ip: 192.168.69.94, host: pr-hdds-1868-bv6q8-2720828103, networkLocation: /default-rack, certSerialId: null}, Type:RATIS, Factor:ONE, State:ALLOCATED]
2019-10-21 10:13:14,577 [main] INFO  ozone.MiniOzoneClusterImpl (MiniOzoneClusterImpl.java:lambda$waitForClusterToBeReady$2(162)) - Waiting for 4 number of pipelines out of 4, to report a leader.
2019-10-21 10:13:15,577 [main] INFO  ozone.MiniOzoneClusterImpl (MiniOzoneClusterImpl.java:lambda$waitForClusterToBeReady$2(162)) - Waiting for 4 number of pipelines out of 4, to report a leader.
2019-10-21 10:13:16,578 [main] INFO  ozone.MiniOzoneClusterImpl (MiniOzoneClusterImpl.java:lambda$waitForClusterToBeReady$2(162)) - Waiting for 4 number of pipelines out of 4, to report a leader.
2019-10-21 10:13:17,579 [main] INFO  ozone.MiniOzoneClusterImpl (MiniOzoneClusterImpl.java:lambda$waitForClusterToBeReady$2(162)) - Waiting for 4 number of pipelines out of 4, to report a leader.
2019-10-21 10:13:18,580 [main] INFO  ozone.MiniOzoneClusterImpl (MiniOzoneClusterImpl.java:lambda$waitForClusterToBeReady$2(162)) - Waiting for 4 number of pipelines out of 4, to report a leader.
2019-10-21 10:13:18,662 [Thread-200] INFO  impl.FollowerState (FollowerState.java:run(111)) - 45bcd496-ad94-4a09-9c65-3e660611c8c2@group-85AD6BF55C33-FollowerState: change to CANDIDATE, lastRpcTime:5181ms, electionTimeout:5181ms
2019-10-21 10:13:18,665 [Thread-200] INFO  impl.RoleInfo (RoleInfo.java:shutdownFollowerState(121)) - 45bcd496-ad94-4a09-9c65-3e660611c8c2: shutdown FollowerState
2019-10-21 10:13:18,665 [Thread-200] INFO  impl.RaftServerImpl (RaftServerImpl.java:setRole(173)) - 45bcd496-ad94-4a09-9c65-3e660611c8c2@group-85AD6BF55C33: changes role from  FOLLOWER to CANDIDATE at term 0 for changeToCandidate
2019-10-21 10:13:18,670 [Thread-200] INFO  impl.RoleInfo (RoleInfo.java:updateAndGet(143)) - 45bcd496-ad94-4a09-9c65-3e660611c8c2: start LeaderElection
2019-10-21 10:13:18,687 [45bcd496-ad94-4a09-9c65-3e660611c8c2@group-85AD6BF55C33-LeaderElection1] INFO  impl.LeaderElection (LeaderElection.java:askForVotes(178)) - 45bcd496-ad94-4a09-9c65-3e660611c8c2@group-85AD6BF55C33-LeaderElection1: begin an election at term 1 for -1: [45bcd496-ad94-4a09-9c65-3e660611c8c2:192.168.69.94:45233], old=null
2019-10-21 10:13:18,688 [45bcd496-ad94-4a09-9c65-3e660611c8c2@group-85AD6BF55C33-LeaderElection1] INFO  impl.RoleInfo (RoleInfo.java:shutdownLeaderElection(134)) - 45bcd496-ad94-4a09-9c65-3e660611c8c2: shutdown LeaderElection
2019-10-21 10:13:18,689 [45bcd496-ad94-4a09-9c65-3e660611c8c2@group-85AD6BF55C33-LeaderElection1] INFO  impl.RaftServerImpl (RaftServerImpl.java:setRole(173)) - 45bcd496-ad94-4a09-9c65-3e660611c8c2@group-85AD6BF55C33: changes role from CANDIDATE to LEADER at term 1 for changeToLeader
2019-10-21 10:13:18,689 [45bcd496-ad94-4a09-9c65-3e660611c8c2@group-85AD6BF55C33-LeaderElection1] INFO  ratis.XceiverServerRatis (XceiverServerRatis.java:handleLeaderChangedNotification(701)) - Leader change notification received for group: group-85AD6BF55C33 with new leaderId: 45bcd496-ad94-4a09-9c65-3e660611c8c2
2019-10-21 10:13:18,694 [45bcd496-ad94-4a09-9c65-3e660611c8c2@group-85AD6BF55C33-LeaderElection1] INFO  impl.RaftServerImpl (ServerState.java:setLeader(255)) - 45bcd496-ad94-4a09-9c65-3e660611c8c2@group-85AD6BF55C33: change Leader from null to 45bcd496-ad94-4a09-9c65-3e660611c8c2 at term 1 for becomeLeader, leader elected after 5214ms
2019-10-21 10:13:18,700 [45bcd496-ad94-4a09-9c65-3e660611c8c2@group-85AD6BF55C33-LeaderElection1] INFO  server.RaftServerConfigKeys (ConfUtils.java:logGet(43)) - raft.server.staging.catchup.gap = 1000 (default)
2019-10-21 10:13:18,700 [45bcd496-ad94-4a09-9c65-3e660611c8c2@group-85AD6BF55C33-LeaderElection1] INFO  server.RaftServerConfigKeys (ConfUtils.java:logGet(43)) - raft.server.rpc.sleep.time = 25ms (default)
2019-10-21 10:13:18,705 [45bcd496-ad94-4a09-9c65-3e660611c8c2@group-85AD6BF55C33-LeaderElection1] INFO  server.RaftServerConfigKeys (ConfUtils.java:logGet(43)) - raft.server.write.element-limit = 4096 (default)
2019-10-21 10:13:18,709 [45bcd496-ad94-4a09-9c65-3e660611c8c2@group-85AD6BF55C33-LeaderElection1] INFO  server.RaftServerConfigKeys (ConfUtils.java:logGet(43)) - raft.server.watch.timeout = 10s (default)
2019-10-21 10:13:18,709 [45bcd496-ad94-4a09-9c65-3e660611c8c2@group-85AD6BF55C33-LeaderElection1] INFO  server.RaftServerConfigKeys (ConfUtils.java:logGet(43)) - raft.server.watch.timeout.denomination = 1s (default)
2019-10-21 10:13:18,710 [45bcd496-ad94-4a09-9c65-3e660611c8c2@group-85AD6BF55C33-LeaderElection1] INFO  server.RaftServerConfigKeys (ConfUtils.java:logGet(43)) - raft.server.watch.element-limit = 65536 (default)
2019-10-21 10:13:18,714 [Thread-204] INFO  impl.FollowerState (FollowerState.java:run(111)) - 5fc95126-4ebe-42c6-9d3e-d6bb5819be12@group-9B50A785FD86-FollowerState: change to CANDIDATE, lastRpcTime:5149ms, electionTimeout:5148ms
2019-10-21 10:13:18,715 [Thread-204] INFO  impl.RoleInfo (RoleInfo.java:shutdownFollowerState(121)) - 5fc95126-4ebe-42c6-9d3e-d6bb5819be12: shutdown FollowerState
2019-10-21 10:13:18,715 [Thread-204] INFO  impl.RaftServerImpl (RaftServerImpl.java:setRole(173)) - 5fc95126-4ebe-42c6-9d3e-d6bb5819be12@group-9B50A785FD86: changes role from  FOLLOWER to CANDIDATE at term 0 for changeToCandidate
2019-10-21 10:13:18,715 [Thread-204] INFO  impl.RoleInfo (RoleInfo.java:updateAndGet(143)) - 5fc95126-4ebe-42c6-9d3e-d6bb5819be12: start LeaderElection
2019-10-21 10:13:18,718 [EventQueue-PipelineReportForPipelineReportHandler] INFO  pipeline.PipelineReportHandler (PipelineReportHandler.java:processPipelineReport(112)) - Pipeline PipelineID=3925f595-6702-4886-b2f7-a175014a455d reported by 45bcd496-ad94-4a09-9c65-3e660611c8c2{ip: 192.168.69.94, host: pr-hdds-1868-bv6q8-2720828103, networkLocation: /default-rack, certSerialId: null} with leaderId 
2019-10-21 10:13:18,718 [EventQueue-PipelineReportForPipelineReportHandler] INFO  pipeline.PipelineReportHandler (PipelineReportHandler.java:processPipelineReport(112)) - Pipeline PipelineID=87b32867-74e0-4c6b-9f70-85ad6bf55c33 reported by 45bcd496-ad94-4a09-9c65-3e660611c8c2{ip: 192.168.69.94, host: pr-hdds-1868-bv6q8-2720828103, networkLocation: /default-rack, certSerialId: null} with leaderId 45bcd496-ad94-4a09-9c65-3e660611c8c2
2019-10-21 10:13:18,722 [45bcd496-ad94-4a09-9c65-3e660611c8c2@group-85AD6BF55C33-LeaderElection1] INFO  impl.RoleInfo (RoleInfo.java:updateAndGet(143)) - 45bcd496-ad94-4a09-9c65-3e660611c8c2: start LeaderState
2019-10-21 10:13:18,723 [EventQueue-PipelineReportForPipelineReportHandler] INFO  pipeline.PipelineStateManager (PipelineStateManager.java:openPipeline(134)) - Pipeline Pipeline[ Id: 87b32867-74e0-4c6b-9f70-85ad6bf55c33, Nodes: 45bcd496-ad94-4a09-9c65-3e660611c8c2{ip: 192.168.69.94, host: pr-hdds-1868-bv6q8-2720828103, networkLocation: /default-rack, certSerialId: null}, Type:RATIS, Factor:ONE, State:OPEN] moved to OPEN state
2019-10-21 10:13:18,730 [5fc95126-4ebe-42c6-9d3e-d6bb5819be12@group-9B50A785FD86-LeaderElection2] INFO  impl.LeaderElection (LeaderElection.java:askForVotes(178)) - 5fc95126-4ebe-42c6-9d3e-d6bb5819be12@group-9B50A785FD86-LeaderElection2: begin an election at term 1 for -1: [5fc95126-4ebe-42c6-9d3e-d6bb5819be12:192.168.69.94:34268], old=null
2019-10-21 10:13:18,734 [5fc95126-4ebe-42c6-9d3e-d6bb5819be12@group-9B50A785FD86-LeaderElection2] INFO  impl.RoleInfo (RoleInfo.java:shutdownLeaderElection(134)) - 5fc95126-4ebe-42c6-9d3e-d6bb5819be12: shutdown LeaderElection
2019-10-21 10:13:18,734 [5fc95126-4ebe-42c6-9d3e-d6bb5819be12@group-9B50A785FD86-LeaderElection2] INFO  impl.RaftServerImpl (RaftServerImpl.java:setRole(173)) - 5fc95126-4ebe-42c6-9d3e-d6bb5819be12@group-9B50A785FD86: changes role from CANDIDATE to LEADER at term 1 for changeToLeader
2019-10-21 10:13:18,734 [5fc95126-4ebe-42c6-9d3e-d6bb5819be12@group-9B50A785FD86-LeaderElection2] INFO  ratis.XceiverServerRatis (XceiverServerRatis.java:handleLeaderChangedNotification(701)) - Leader change notification received for group: group-9B50A785FD86 with new leaderId: 5fc95126-4ebe-42c6-9d3e-d6bb5819be12
2019-10-21 10:13:18,735 [5fc95126-4ebe-42c6-9d3e-d6bb5819be12@group-9B50A785FD86-LeaderElection2] INFO  impl.RaftServerImpl (ServerState.java:setLeader(255)) - 5fc95126-4ebe-42c6-9d3e-d6bb5819be12@group-9B50A785FD86: change Leader from null to 5fc95126-4ebe-42c6-9d3e-d6bb5819be12 at term 1 for becomeLeader, leader elected after 5174ms
2019-10-21 10:13:18,735 [5fc95126-4ebe-42c6-9d3e-d6bb5819be12@group-9B50A785FD86-LeaderElection2] INFO  server.RaftServerConfigKeys (ConfUtils.java:logGet(43)) - raft.server.staging.catchup.gap = 1000 (default)
2019-10-21 10:13:18,735 [5fc95126-4ebe-42c6-9d3e-d6bb5819be12@group-9B50A785FD86-LeaderElection2] INFO  server.RaftServerConfigKeys (ConfUtils.java:logGet(43)) - raft.server.rpc.sleep.time = 25ms (default)
2019-10-21 10:13:18,736 [5fc95126-4ebe-42c6-9d3e-d6bb5819be12@group-9B50A785FD86-LeaderElection2] INFO  server.RaftServerConfigKeys (ConfUtils.java:logGet(43)) - raft.server.write.element-limit = 4096 (default)
2019-10-21 10:13:18,736 [5fc95126-4ebe-42c6-9d3e-d6bb5819be12@group-9B50A785FD86-LeaderElection2] INFO  server.RaftServerConfigKeys (ConfUtils.java:logGet(43)) - raft.server.watch.timeout = 10s (default)
2019-10-21 10:13:18,737 [5fc95126-4ebe-42c6-9d3e-d6bb5819be12@group-9B50A785FD86-LeaderElection2] INFO  server.RaftServerConfigKeys (ConfUtils.java:logGet(43)) - raft.server.watch.timeout.denomination = 1s (default)
2019-10-21 10:13:18,737 [5fc95126-4ebe-42c6-9d3e-d6bb5819be12@group-9B50A785FD86-LeaderElection2] INFO  server.RaftServerConfigKeys (ConfUtils.java:logGet(43)) - raft.server.watch.element-limit = 65536 (default)
2019-10-21 10:13:18,737 [Thread-210] INFO  impl.FollowerState (FollowerState.java:run(111)) - 5fc95126-4ebe-42c6-9d3e-d6bb5819be12@group-A175014A455D-FollowerState: change to CANDIDATE, lastRpcTime:5007ms, electionTimeout:5007ms
2019-10-21 10:13:18,737 [Thread-210] INFO  impl.RoleInfo (RoleInfo.java:shutdownFollowerState(121)) - 5fc95126-4ebe-42c6-9d3e-d6bb5819be12: shutdown FollowerState
2019-10-21 10:13:18,737 [Thread-210] INFO  impl.RaftServerImpl (RaftServerImpl.java:setRole(173)) - 5fc95126-4ebe-42c6-9d3e-d6bb5819be12@group-A175014A455D: changes role from  FOLLOWER to CANDIDATE at term 0 for changeToCandidate
2019-10-21 10:13:18,737 [5fc95126-4ebe-42c6-9d3e-d6bb5819be12@group-9B50A785FD86-LeaderElection2] INFO  impl.RoleInfo (RoleInfo.java:updateAndGet(143)) - 5fc95126-4ebe-42c6-9d3e-d6bb5819be12: start LeaderState
2019-10-21 10:13:18,737 [EventQueue-PipelineReportForPipelineReportHandler] INFO  pipeline.PipelineReportHandler (PipelineReportHandler.java:processPipelineReport(112)) - Pipeline PipelineID=3925f595-6702-4886-b2f7-a175014a455d reported by 5fc95126-4ebe-42c6-9d3e-d6bb5819be12{ip: 192.168.69.94, host: pr-hdds-1868-bv6q8-2720828103, networkLocation: /default-rack, certSerialId: null} with leaderId 
2019-10-21 10:13:18,738 [Thread-210] INFO  impl.RoleInfo (RoleInfo.java:updateAndGet(143)) - 5fc95126-4ebe-42c6-9d3e-d6bb5819be12: start LeaderElection
2019-10-21 10:13:18,738 [EventQueue-PipelineReportForPipelineReportHandler] INFO  pipeline.PipelineReportHandler (PipelineReportHandler.java:processPipelineReport(112)) - Pipeline PipelineID=0bee39cc-cb4d-4538-9a2e-9b50a785fd86 reported by 5fc95126-4ebe-42c6-9d3e-d6bb5819be12{ip: 192.168.69.94, host: pr-hdds-1868-bv6q8-2720828103, networkLocation: /default-rack, certSerialId: null} with leaderId 5fc95126-4ebe-42c6-9d3e-d6bb5819be12
2019-10-21 10:13:18,739 [EventQueue-PipelineReportForPipelineReportHandler] INFO  pipeline.PipelineStateManager (PipelineStateManager.java:openPipeline(134)) - Pipeline Pipeline[ Id: 0bee39cc-cb4d-4538-9a2e-9b50a785fd86, Nodes: 5fc95126-4ebe-42c6-9d3e-d6bb5819be12{ip: 192.168.69.94, host: pr-hdds-1868-bv6q8-2720828103, networkLocation: /default-rack, certSerialId: null}, Type:RATIS, Factor:ONE, State:OPEN] moved to OPEN state
2019-10-21 10:13:18,740 [Thread-215] INFO  impl.FollowerState (FollowerState.java:run(111)) - 45bcd496-ad94-4a09-9c65-3e660611c8c2@group-A175014A455D-FollowerState: change to CANDIDATE, lastRpcTime:5002ms, electionTimeout:5002ms
2019-10-21 10:13:18,741 [Thread-215] INFO  impl.RoleInfo (RoleInfo.java:shutdownFollowerState(121)) - 45bcd496-ad94-4a09-9c65-3e660611c8c2: shutdown FollowerState
2019-10-21 10:13:18,741 [Thread-215] INFO  impl.RaftServerImpl (RaftServerImpl.java:setRole(173)) - 45bcd496-ad94-4a09-9c65-3e660611c8c2@group-A175014A455D: changes role from  FOLLOWER to CANDIDATE at term 0 for changeToCandidate
2019-10-21 10:13:18,741 [Thread-215] INFO  impl.RoleInfo (RoleInfo.java:updateAndGet(143)) - 45bcd496-ad94-4a09-9c65-3e660611c8c2: start LeaderElection
2019-10-21 10:13:18,752 [5fc95126-4ebe-42c6-9d3e-d6bb5819be12@group-9B50A785FD86-LeaderElection2] INFO  segmented.SegmentedRaftLogWorker (SegmentedRaftLogWorker.java:startLogSegment(385)) - 5fc95126-4ebe-42c6-9d3e-d6bb5819be12@group-9B50A785FD86-SegmentedRaftLogWorker: Starting segment from index:0
2019-10-21 10:13:18,752 [45bcd496-ad94-4a09-9c65-3e660611c8c2@group-85AD6BF55C33-LeaderElection1] INFO  segmented.SegmentedRaftLogWorker (SegmentedRaftLogWorker.java:startLogSegment(385)) - 45bcd496-ad94-4a09-9c65-3e660611c8c2@group-85AD6BF55C33-SegmentedRaftLogWorker: Starting segment from index:0
2019-10-21 10:13:18,755 [5fc95126-4ebe-42c6-9d3e-d6bb5819be12@group-A175014A455D-LeaderElection3] INFO  impl.LeaderElection (LeaderElection.java:askForVotes(178)) - 5fc95126-4ebe-42c6-9d3e-d6bb5819be12@group-A175014A455D-LeaderElection3: begin an election at term 1 for -1: [24baf8d8-840e-4e7d-83f1-b115321d4c4e:192.168.69.94:43778, 45bcd496-ad94-4a09-9c65-3e660611c8c2:192.168.69.94:45233, 5fc95126-4ebe-42c6-9d3e-d6bb5819be12:192.168.69.94:34268], old=null
2019-10-21 10:13:18,755 [45bcd496-ad94-4a09-9c65-3e660611c8c2@group-A175014A455D-LeaderElection4] INFO  impl.LeaderElection (LeaderElection.java:askForVotes(178)) - 45bcd496-ad94-4a09-9c65-3e660611c8c2@group-A175014A455D-LeaderElection4: begin an election at term 1 for -1: [24baf8d8-840e-4e7d-83f1-b115321d4c4e:192.168.69.94:43778, 45bcd496-ad94-4a09-9c65-3e660611c8c2:192.168.69.94:45233, 5fc95126-4ebe-42c6-9d3e-d6bb5819be12:192.168.69.94:34268], old=null
2019-10-21 10:13:18,765 [5fc95126-4ebe-42c6-9d3e-d6bb5819be12@group-9B50A785FD86-LeaderElection2] INFO  impl.RaftServerImpl (ServerState.java:setRaftConf(356)) - 5fc95126-4ebe-42c6-9d3e-d6bb5819be12@group-9B50A785FD86: set configuration 0: [5fc95126-4ebe-42c6-9d3e-d6bb5819be12:192.168.69.94:34268], old=null at 0
2019-10-21 10:13:18,765 [45bcd496-ad94-4a09-9c65-3e660611c8c2@group-85AD6BF55C33-LeaderElection1] INFO  impl.RaftServerImpl (ServerState.java:setRaftConf(356)) - 45bcd496-ad94-4a09-9c65-3e660611c8c2@group-85AD6BF55C33: set configuration 0: [45bcd496-ad94-4a09-9c65-3e660611c8c2:192.168.69.94:45233], old=null at 0
2019-10-21 10:13:18,786 [grpc-default-executor-2] INFO  impl.RaftServerImpl (RaftServerImpl.java:setRole(173)) - 24baf8d8-840e-4e7d-83f1-b115321d4c4e@group-A175014A455D: changes role from  FOLLOWER to FOLLOWER at term 1 for recognizeCandidate:45bcd496-ad94-4a09-9c65-3e660611c8c2
2019-10-21 10:13:18,787 [grpc-default-executor-2] INFO  impl.RoleInfo (RoleInfo.java:shutdownFollowerState(121)) - 24baf8d8-840e-4e7d-83f1-b115321d4c4e: shutdown FollowerState
2019-10-21 10:13:18,787 [Thread-214] INFO  impl.FollowerState (FollowerState.java:run(120)) - 24baf8d8-840e-4e7d-83f1-b115321d4c4e@group-A175014A455D-FollowerState was interrupted: java.lang.InterruptedException: sleep interrupted
2019-10-21 10:13:18,787 [grpc-default-executor-2] INFO  impl.RoleInfo (RoleInfo.java:updateAndGet(143)) - 24baf8d8-840e-4e7d-83f1-b115321d4c4e: start FollowerState
2019-10-21 10:13:18,825 [45bcd496-ad94-4a09-9c65-3e660611c8c2@group-A175014A455D-LeaderElection4] INFO  impl.LeaderElection (LeaderElection.java:logAndReturn(56)) - 45bcd496-ad94-4a09-9c65-3e660611c8c2@group-A175014A455D-LeaderElection4: Election PASSED; received 2 response(s) [45bcd496-ad94-4a09-9c65-3e660611c8c2<-24baf8d8-840e-4e7d-83f1-b115321d4c4e#0:OK-t1, 45bcd496-ad94-4a09-9c65-3e660611c8c2<-5fc95126-4ebe-42c6-9d3e-d6bb5819be12#0:FAIL-t1] and 0 exception(s); 45bcd496-ad94-4a09-9c65-3e660611c8c2@group-A175014A455D:t1, leader=null, voted=45bcd496-ad94-4a09-9c65-3e660611c8c2, raftlog=45bcd496-ad94-4a09-9c65-3e660611c8c2@group-A175014A455D-SegmentedRaftLog:OPENED:c-1,f-1,i0, conf=-1: [24baf8d8-840e-4e7d-83f1-b115321d4c4e:192.168.69.94:43778, 45bcd496-ad94-4a09-9c65-3e660611c8c2:192.168.69.94:45233, 5fc95126-4ebe-42c6-9d3e-d6bb5819be12:192.168.69.94:34268], old=null
2019-10-21 10:13:18,825 [5fc95126-4ebe-42c6-9d3e-d6bb5819be12@group-A175014A455D-LeaderElection3] INFO  impl.LeaderElection (LeaderElection.java:logAndReturn(56)) - 5fc95126-4ebe-42c6-9d3e-d6bb5819be12@group-A175014A455D-LeaderElection3: Election REJECTED; received 2 response(s) [5fc95126-4ebe-42c6-9d3e-d6bb5819be12<-24baf8d8-840e-4e7d-83f1-b115321d4c4e#0:FAIL-t1, 5fc95126-4ebe-42c6-9d3e-d6bb5819be12<-45bcd496-ad94-4a09-9c65-3e660611c8c2#0:FAIL-t1] and 0 exception(s); 5fc95126-4ebe-42c6-9d3e-d6bb5819be12@group-A175014A455D:t1, leader=null, voted=5fc95126-4ebe-42c6-9d3e-d6bb5819be12, raftlog=5fc95126-4ebe-42c6-9d3e-d6bb5819be12@group-A175014A455D-SegmentedRaftLog:OPENED:c-1,f-1,i0, conf=-1: [24baf8d8-840e-4e7d-83f1-b115321d4c4e:192.168.69.94:43778, 45bcd496-ad94-4a09-9c65-3e660611c8c2:192.168.69.94:45233, 5fc95126-4ebe-42c6-9d3e-d6bb5819be12:192.168.69.94:34268], old=null
2019-10-21 10:13:18,825 [45bcd496-ad94-4a09-9c65-3e660611c8c2@group-A175014A455D-LeaderElection4] INFO  impl.RoleInfo (RoleInfo.java:shutdownLeaderElection(134)) - 45bcd496-ad94-4a09-9c65-3e660611c8c2: shutdown LeaderElection
2019-10-21 10:13:18,826 [5fc95126-4ebe-42c6-9d3e-d6bb5819be12@group-A175014A455D-LeaderElection3] INFO  impl.RaftServerImpl (RaftServerImpl.java:setRole(173)) - 5fc95126-4ebe-42c6-9d3e-d6bb5819be12@group-A175014A455D: changes role from CANDIDATE to FOLLOWER at term 1 for DISCOVERED_A_NEW_TERM
2019-10-21 10:13:18,828 [45bcd496-ad94-4a09-9c65-3e660611c8c2@group-A175014A455D-LeaderElection4] INFO  impl.RaftServerImpl (RaftServerImpl.java:setRole(173)) - 45bcd496-ad94-4a09-9c65-3e660611c8c2@group-A175014A455D: changes role from CANDIDATE to LEADER at term 1 for changeToLeader
2019-10-21 10:13:18,830 [5fc95126-4ebe-42c6-9d3e-d6bb5819be12@group-A175014A455D-LeaderElection3] INFO  impl.RoleInfo (RoleInfo.java:shutdownLeaderElection(134)) - 5fc95126-4ebe-42c6-9d3e-d6bb5819be12: shutdown LeaderElection
2019-10-21 10:13:18,830 [45bcd496-ad94-4a09-9c65-3e660611c8c2@group-A175014A455D-LeaderElection4] INFO  ratis.XceiverServerRatis (XceiverServerRatis.java:handleLeaderChangedNotification(701)) - Leader change notification received for group: group-A175014A455D with new leaderId: 45bcd496-ad94-4a09-9c65-3e660611c8c2
2019-10-21 10:13:18,830 [5fc95126-4ebe-42c6-9d3e-d6bb5819be12@group-A175014A455D-LeaderElection3] INFO  impl.RoleInfo (RoleInfo.java:updateAndGet(143)) - 5fc95126-4ebe-42c6-9d3e-d6bb5819be12: start FollowerState
2019-10-21 10:13:18,830 [45bcd496-ad94-4a09-9c65-3e660611c8c2@group-A175014A455D-LeaderElection4] INFO  impl.RaftServerImpl (ServerState.java:setLeader(255)) - 45bcd496-ad94-4a09-9c65-3e660611c8c2@group-A175014A455D: change Leader from null to 45bcd496-ad94-4a09-9c65-3e660611c8c2 at term 1 for becomeLeader, leader elected after 5108ms
2019-10-21 10:13:18,831 [45bcd496-ad94-4a09-9c65-3e660611c8c2@group-A175014A455D-LeaderElection4] INFO  server.RaftServerConfigKeys (ConfUtils.java:logGet(43)) - raft.server.staging.catchup.gap = 1000 (default)
2019-10-21 10:13:18,832 [45bcd496-ad94-4a09-9c65-3e660611c8c2@group-A175014A455D-LeaderElection4] INFO  server.RaftServerConfigKeys (ConfUtils.java:logGet(43)) - raft.server.rpc.sleep.time = 25ms (default)
2019-10-21 10:13:18,832 [45bcd496-ad94-4a09-9c65-3e660611c8c2@group-A175014A455D-LeaderElection4] INFO  server.RaftServerConfigKeys (ConfUtils.java:logGet(43)) - raft.server.write.element-limit = 4096 (default)
2019-10-21 10:13:18,832 [45bcd496-ad94-4a09-9c65-3e660611c8c2@group-A175014A455D-LeaderElection4] INFO  server.RaftServerConfigKeys (ConfUtils.java:logGet(43)) - raft.server.watch.timeout = 10s (default)
2019-10-21 10:13:18,833 [45bcd496-ad94-4a09-9c65-3e660611c8c2@group-A175014A455D-LeaderElection4] INFO  server.RaftServerConfigKeys (ConfUtils.java:logGet(43)) - raft.server.watch.timeout.denomination = 1s (default)
2019-10-21 10:13:18,833 [45bcd496-ad94-4a09-9c65-3e660611c8c2@group-A175014A455D-LeaderElection4] INFO  server.RaftServerConfigKeys (ConfUtils.java:logGet(43)) - raft.server.watch.element-limit = 65536 (default)
2019-10-21 10:13:18,834 [EventQueue-PipelineReportForPipelineReportHandler] INFO  pipeline.PipelineReportHandler (PipelineReportHandler.java:processPipelineReport(112)) - Pipeline PipelineID=3925f595-6702-4886-b2f7-a175014a455d reported by 45bcd496-ad94-4a09-9c65-3e660611c8c2{ip: 192.168.69.94, host: pr-hdds-1868-bv6q8-2720828103, networkLocation: /default-rack, certSerialId: null} with leaderId 45bcd496-ad94-4a09-9c65-3e660611c8c2
2019-10-21 10:13:18,837 [45bcd496-ad94-4a09-9c65-3e660611c8c2@group-A175014A455D-LeaderElection4] INFO  server.RaftServerConfigKeys (ConfUtils.java:logGet(43)) - raft.server.log.appender.snapshot.chunk.size.max = 16MB (=16777216) (default)
2019-10-21 10:13:18,837 [45bcd496-ad94-4a09-9c65-3e660611c8c2@group-A175014A455D-LeaderElection4] INFO  server.RaftServerConfigKeys (ConfUtils.java:logGet(43)) - raft.server.log.appender.buffer.byte-limit = 33554432 (custom)
2019-10-21 10:13:18,838 [45bcd496-ad94-4a09-9c65-3e660611c8c2@group-A175014A455D-LeaderElection4] INFO  server.RaftServerConfigKeys (ConfUtils.java:logGet(43)) - raft.server.log.appender.buffer.element-limit = 1 (custom)
2019-10-21 10:13:18,842 [45bcd496-ad94-4a09-9c65-3e660611c8c2@group-A175014A455D-LeaderElection4] INFO  grpc.GrpcConfigKeys$Server (ConfUtils.java:logGet(43)) - raft.grpc.server.leader.outstanding.appends.max = 128 (default)
2019-10-21 10:13:18,842 [45bcd496-ad94-4a09-9c65-3e660611c8c2@group-A175014A455D-LeaderElection4] INFO  server.RaftServerConfigKeys (ConfUtils.java:logGet(43)) - raft.server.rpc.request.timeout = 3000ms (default)
2019-10-21 10:13:18,843 [45bcd496-ad94-4a09-9c65-3e660611c8c2@group-A175014A455D-LeaderElection4] INFO  server.RaftServerConfigKeys (ConfUtils.java:logGet(43)) - raft.server.log.appender.install.snapshot.enabled = false (custom)
2019-10-21 10:13:18,844 [45bcd496-ad94-4a09-9c65-3e660611c8c2@group-A175014A455D-LeaderElection4] WARN  impl.MetricRegistriesImpl (MetricRegistriesImpl.java:lambda$create$1(61)) - First MetricRegistry has been created without registering reporters. You may need to call MetricRegistries.global().addReportRegistration(...) before.
2019-10-21 10:13:18,845 [45bcd496-ad94-4a09-9c65-3e660611c8c2@group-A175014A455D-LeaderElection4] INFO  server.RaftServerConfigKeys (ConfUtils.java:logGet(43)) - raft.server.log.appender.snapshot.chunk.size.max = 16MB (=16777216) (default)
2019-10-21 10:13:18,846 [45bcd496-ad94-4a09-9c65-3e660611c8c2@group-A175014A455D-LeaderElection4] INFO  server.RaftServerConfigKeys (ConfUtils.java:logGet(43)) - raft.server.log.appender.buffer.byte-limit = 33554432 (custom)
2019-10-21 10:13:18,846 [45bcd496-ad94-4a09-9c65-3e660611c8c2@group-A175014A455D-LeaderElection4] INFO  server.RaftServerConfigKeys (ConfUtils.java:logGet(43)) - raft.server.log.appender.buffer.element-limit = 1 (custom)
2019-10-21 10:13:18,846 [45bcd496-ad94-4a09-9c65-3e660611c8c2@group-A175014A455D-LeaderElection4] INFO  grpc.GrpcConfigKeys$Server (ConfUtils.java:logGet(43)) - raft.grpc.server.leader.outstanding.appends.max = 128 (default)
2019-10-21 10:13:18,846 [45bcd496-ad94-4a09-9c65-3e660611c8c2@group-A175014A455D-LeaderElection4] INFO  server.RaftServerConfigKeys (ConfUtils.java:logGet(43)) - raft.server.rpc.request.timeout = 3000ms (default)
2019-10-21 10:13:18,846 [45bcd496-ad94-4a09-9c65-3e660611c8c2@group-A175014A455D-LeaderElection4] INFO  server.RaftServerConfigKeys (ConfUtils.java:logGet(43)) - raft.server.log.appender.install.snapshot.enabled = false (custom)
2019-10-21 10:13:18,850 [45bcd496-ad94-4a09-9c65-3e660611c8c2@group-A175014A455D-LeaderElection4] INFO  impl.RoleInfo (RoleInfo.java:updateAndGet(143)) - 45bcd496-ad94-4a09-9c65-3e660611c8c2: start LeaderState
2019-10-21 10:13:18,851 [45bcd496-ad94-4a09-9c65-3e660611c8c2@group-A175014A455D-LeaderElection4] INFO  segmented.SegmentedRaftLogWorker (SegmentedRaftLogWorker.java:startLogSegment(385)) - 45bcd496-ad94-4a09-9c65-3e660611c8c2@group-A175014A455D-SegmentedRaftLogWorker: Starting segment from index:0
2019-10-21 10:13:18,852 [45bcd496-ad94-4a09-9c65-3e660611c8c2@group-A175014A455D-LeaderElection4] INFO  impl.RaftServerImpl (ServerState.java:setRaftConf(356)) - 45bcd496-ad94-4a09-9c65-3e660611c8c2@group-A175014A455D: set configuration 0: [24baf8d8-840e-4e7d-83f1-b115321d4c4e:192.168.69.94:43778, 45bcd496-ad94-4a09-9c65-3e660611c8c2:192.168.69.94:45233, 5fc95126-4ebe-42c6-9d3e-d6bb5819be12:192.168.69.94:34268], old=null at 0
2019-10-21 10:13:18,880 [grpc-default-executor-0] INFO  ratis.XceiverServerRatis (XceiverServerRatis.java:handleLeaderChangedNotification(701)) - Leader change notification received for group: group-A175014A455D with new leaderId: 45bcd496-ad94-4a09-9c65-3e660611c8c2
2019-10-21 10:13:18,880 [grpc-default-executor-2] INFO  ratis.XceiverServerRatis (XceiverServerRatis.java:handleLeaderChangedNotification(701)) - Leader change notification received for group: group-A175014A455D with new leaderId: 45bcd496-ad94-4a09-9c65-3e660611c8c2
2019-10-21 10:13:18,881 [grpc-default-executor-0] INFO  impl.RaftServerImpl (ServerState.java:setLeader(255)) - 24baf8d8-840e-4e7d-83f1-b115321d4c4e@group-A175014A455D: change Leader from null to 45bcd496-ad94-4a09-9c65-3e660611c8c2 at term 1 for appendEntries, leader elected after 5158ms
2019-10-21 10:13:18,881 [grpc-default-executor-2] INFO  impl.RaftServerImpl (ServerState.java:setLeader(255)) - 5fc95126-4ebe-42c6-9d3e-d6bb5819be12@group-A175014A455D: change Leader from null to 45bcd496-ad94-4a09-9c65-3e660611c8c2 at term 1 for appendEntries, leader elected after 5158ms
2019-10-21 10:13:18,884 [EventQueue-PipelineReportForPipelineReportHandler] INFO  pipeline.PipelineReportHandler (PipelineReportHandler.java:processPipelineReport(112)) - Pipeline PipelineID=3925f595-6702-4886-b2f7-a175014a455d reported by 5fc95126-4ebe-42c6-9d3e-d6bb5819be12{ip: 192.168.69.94, host: pr-hdds-1868-bv6q8-2720828103, networkLocation: /default-rack, certSerialId: null} with leaderId 45bcd496-ad94-4a09-9c65-3e660611c8c2
2019-10-21 10:13:18,884 [EventQueue-PipelineReportForPipelineReportHandler] INFO  pipeline.PipelineReportHandler (PipelineReportHandler.java:processPipelineReport(112)) - Pipeline PipelineID=3925f595-6702-4886-b2f7-a175014a455d reported by 24baf8d8-840e-4e7d-83f1-b115321d4c4e{ip: 192.168.69.94, host: pr-hdds-1868-bv6q8-2720828103, networkLocation: /default-rack, certSerialId: null} with leaderId 45bcd496-ad94-4a09-9c65-3e660611c8c2
2019-10-21 10:13:18,885 [EventQueue-PipelineReportForPipelineReportHandler] INFO  pipeline.PipelineStateManager (PipelineStateManager.java:openPipeline(134)) - Pipeline Pipeline[ Id: 3925f595-6702-4886-b2f7-a175014a455d, Nodes: 24baf8d8-840e-4e7d-83f1-b115321d4c4e{ip: 192.168.69.94, host: pr-hdds-1868-bv6q8-2720828103, networkLocation: /default-rack, certSerialId: null}45bcd496-ad94-4a09-9c65-3e660611c8c2{ip: 192.168.69.94, host: pr-hdds-1868-bv6q8-2720828103, networkLocation: /default-rack, certSerialId: null}5fc95126-4ebe-42c6-9d3e-d6bb5819be12{ip: 192.168.69.94, host: pr-hdds-1868-bv6q8-2720828103, networkLocation: /default-rack, certSerialId: null}, Type:RATIS, Factor:THREE, State:OPEN] moved to OPEN state
2019-10-21 10:13:18,885 [EventQueue-PipelineReportForPipelineReportHandler] INFO  pipeline.PipelineReportHandler (PipelineReportHandler.java:processPipelineReport(112)) - Pipeline PipelineID=3fe6795b-8c0c-4c58-9e6f-a8965af67dda reported by 24baf8d8-840e-4e7d-83f1-b115321d4c4e{ip: 192.168.69.94, host: pr-hdds-1868-bv6q8-2720828103, networkLocation: /default-rack, certSerialId: null} with leaderId 
2019-10-21 10:13:18,886 [EventQueue-PipelineReportForPipelineReportHandler] INFO  pipeline.PipelineStateManager (PipelineStateManager.java:openPipeline(134)) - Pipeline Pipeline[ Id: 3fe6795b-8c0c-4c58-9e6f-a8965af67dda, Nodes: 24baf8d8-840e-4e7d-83f1-b115321d4c4e{ip: 192.168.69.94, host: pr-hdds-1868-bv6q8-2720828103, networkLocation: /default-rack, certSerialId: null}, Type:RATIS, Factor:ONE, State:OPEN] moved to OPEN state
2019-10-21 10:13:18,909 [grpc-default-executor-0] INFO  impl.RaftServerImpl (ServerState.java:setRaftConf(356)) - 5fc95126-4ebe-42c6-9d3e-d6bb5819be12@group-A175014A455D: set configuration 0: [24baf8d8-840e-4e7d-83f1-b115321d4c4e:192.168.69.94:43778, 45bcd496-ad94-4a09-9c65-3e660611c8c2:192.168.69.94:45233, 5fc95126-4ebe-42c6-9d3e-d6bb5819be12:192.168.69.94:34268], old=null at 0
2019-10-21 10:13:18,909 [grpc-default-executor-2] INFO  impl.RaftServerImpl (ServerState.java:setRaftConf(356)) - 24baf8d8-840e-4e7d-83f1-b115321d4c4e@group-A175014A455D: set configuration 0: [24baf8d8-840e-4e7d-83f1-b115321d4c4e:192.168.69.94:43778, 45bcd496-ad94-4a09-9c65-3e660611c8c2:192.168.69.94:45233, 5fc95126-4ebe-42c6-9d3e-d6bb5819be12:192.168.69.94:34268], old=null at 0
2019-10-21 10:13:18,910 [grpc-default-executor-0] INFO  segmented.SegmentedRaftLogWorker (SegmentedRaftLogWorker.java:startLogSegment(385)) - 5fc95126-4ebe-42c6-9d3e-d6bb5819be12@group-A175014A455D-SegmentedRaftLogWorker: Starting segment from index:0
2019-10-21 10:13:18,910 [grpc-default-executor-2] INFO  segmented.SegmentedRaftLogWorker (SegmentedRaftLogWorker.java:startLogSegment(385)) - 24baf8d8-840e-4e7d-83f1-b115321d4c4e@group-A175014A455D-SegmentedRaftLogWorker: Starting segment from index:0
2019-10-21 10:13:18,958 [5fc95126-4ebe-42c6-9d3e-d6bb5819be12@group-9B50A785FD86-SegmentedRaftLogWorker] INFO  segmented.SegmentedRaftLogWorker (SegmentedRaftLogWorker.java:execute(576)) - 5fc95126-4ebe-42c6-9d3e-d6bb5819be12@group-9B50A785FD86-SegmentedRaftLogWorker: created new log segment /workdir/hadoop-ozone/tools/target/test-dir/MiniOzoneClusterImpl-4c43668a-c6b8-486a-a996-549bedbdf837/datanode-1/data/ratis/0bee39cc-cb4d-4538-9a2e-9b50a785fd86/current/log_inprogress_0
2019-10-21 10:13:18,958 [45bcd496-ad94-4a09-9c65-3e660611c8c2@group-A175014A455D-SegmentedRaftLogWorker] INFO  segmented.SegmentedRaftLogWorker (SegmentedRaftLogWorker.java:execute(576)) - 45bcd496-ad94-4a09-9c65-3e660611c8c2@group-A175014A455D-SegmentedRaftLogWorker: created new log segment /workdir/hadoop-ozone/tools/target/test-dir/MiniOzoneClusterImpl-4c43668a-c6b8-486a-a996-549bedbdf837/datanode-2/data/ratis/3925f595-6702-4886-b2f7-a175014a455d/current/log_inprogress_0
2019-10-21 10:13:18,958 [45bcd496-ad94-4a09-9c65-3e660611c8c2@group-85AD6BF55C33-SegmentedRaftLogWorker] INFO  segmented.SegmentedRaftLogWorker (SegmentedRaftLogWorker.java:execute(576)) - 45bcd496-ad94-4a09-9c65-3e660611c8c2@group-85AD6BF55C33-SegmentedRaftLogWorker: created new log segment /workdir/hadoop-ozone/tools/target/test-dir/MiniOzoneClusterImpl-4c43668a-c6b8-486a-a996-549bedbdf837/datanode-2/data/ratis/87b32867-74e0-4c6b-9f70-85ad6bf55c33/current/log_inprogress_0
2019-10-21 10:13:18,972 [24baf8d8-840e-4e7d-83f1-b115321d4c4e@group-A175014A455D-SegmentedRaftLogWorker] INFO  segmented.SegmentedRaftLogWorker (SegmentedRaftLogWorker.java:execute(576)) - 24baf8d8-840e-4e7d-83f1-b115321d4c4e@group-A175014A455D-SegmentedRaftLogWorker: created new log segment /workdir/hadoop-ozone/tools/target/test-dir/MiniOzoneClusterImpl-4c43668a-c6b8-486a-a996-549bedbdf837/datanode-0/data/ratis/3925f595-6702-4886-b2f7-a175014a455d/current/log_inprogress_0
2019-10-21 10:13:18,972 [5fc95126-4ebe-42c6-9d3e-d6bb5819be12@group-A175014A455D-SegmentedRaftLogWorker] INFO  segmented.SegmentedRaftLogWorker (SegmentedRaftLogWorker.java:execute(576)) - 5fc95126-4ebe-42c6-9d3e-d6bb5819be12@group-A175014A455D-SegmentedRaftLogWorker: created new log segment /workdir/hadoop-ozone/tools/target/test-dir/MiniOzoneClusterImpl-4c43668a-c6b8-486a-a996-549bedbdf837/datanode-1/data/ratis/3925f595-6702-4886-b2f7-a175014a455d/current/log_inprogress_0
2019-10-21 10:13:18,995 [Thread-220] INFO  impl.FollowerState (FollowerState.java:run(111)) - 24baf8d8-840e-4e7d-83f1-b115321d4c4e@group-A8965AF67DDA-FollowerState: change to CANDIDATE, lastRpcTime:5176ms, electionTimeout:5176ms
2019-10-21 10:13:18,995 [Thread-220] INFO  impl.RoleInfo (RoleInfo.java:shutdownFollowerState(121)) - 24baf8d8-840e-4e7d-83f1-b115321d4c4e: shutdown FollowerState
2019-10-21 10:13:18,995 [Thread-220] INFO  impl.RaftServerImpl (RaftServerImpl.java:setRole(173)) - 24baf8d8-840e-4e7d-83f1-b115321d4c4e@group-A8965AF67DDA: changes role from  FOLLOWER to CANDIDATE at term 0 for changeToCandidate
2019-10-21 10:13:18,995 [Thread-220] INFO  impl.RoleInfo (RoleInfo.java:updateAndGet(143)) - 24baf8d8-840e-4e7d-83f1-b115321d4c4e: start LeaderElection
2019-10-21 10:13:19,016 [24baf8d8-840e-4e7d-83f1-b115321d4c4e@group-A8965AF67DDA-LeaderElection5] INFO  impl.LeaderElection (LeaderElection.java:askForVotes(178)) - 24baf8d8-840e-4e7d-83f1-b115321d4c4e@group-A8965AF67DDA-LeaderElection5: begin an election at term 1 for -1: [24baf8d8-840e-4e7d-83f1-b115321d4c4e:192.168.69.94:43778], old=null
2019-10-21 10:13:19,016 [24baf8d8-840e-4e7d-83f1-b115321d4c4e@group-A8965AF67DDA-LeaderElection5] INFO  impl.RoleInfo (RoleInfo.java:shutdownLeaderElection(134)) - 24baf8d8-840e-4e7d-83f1-b115321d4c4e: shutdown LeaderElection
2019-10-21 10:13:19,016 [24baf8d8-840e-4e7d-83f1-b115321d4c4e@group-A8965AF67DDA-LeaderElection5] INFO  impl.RaftServerImpl (RaftServerImpl.java:setRole(173)) - 24baf8d8-840e-4e7d-83f1-b115321d4c4e@group-A8965AF67DDA: changes role from CANDIDATE to LEADER at term 1 for changeToLeader
2019-10-21 10:13:19,017 [24baf8d8-840e-4e7d-83f1-b115321d4c4e@group-A8965AF67DDA-LeaderElection5] INFO  ratis.XceiverServerRatis (XceiverServerRatis.java:handleLeaderChangedNotification(701)) - Leader change notification received for group: group-A8965AF67DDA with new leaderId: 24baf8d8-840e-4e7d-83f1-b115321d4c4e
2019-10-21 10:13:19,017 [24baf8d8-840e-4e7d-83f1-b115321d4c4e@group-A8965AF67DDA-LeaderElection5] INFO  impl.RaftServerImpl (ServerState.java:setLeader(255)) - 24baf8d8-840e-4e7d-83f1-b115321d4c4e@group-A8965AF67DDA: change Leader from null to 24baf8d8-840e-4e7d-83f1-b115321d4c4e at term 1 for becomeLeader, leader elected after 5202ms
2019-10-21 10:13:19,017 [24baf8d8-840e-4e7d-83f1-b115321d4c4e@group-A8965AF67DDA-LeaderElection5] INFO  server.RaftServerConfigKeys (ConfUtils.java:logGet(43)) - raft.server.staging.catchup.gap = 1000 (default)
2019-10-21 10:13:19,017 [24baf8d8-840e-4e7d-83f1-b115321d4c4e@group-A8965AF67DDA-LeaderElection5] INFO  server.RaftServerConfigKeys (ConfUtils.java:logGet(43)) - raft.server.rpc.sleep.time = 25ms (default)
2019-10-21 10:13:19,017 [24baf8d8-840e-4e7d-83f1-b115321d4c4e@group-A8965AF67DDA-LeaderElection5] INFO  server.RaftServerConfigKeys (ConfUtils.java:logGet(43)) - raft.server.write.element-limit = 4096 (default)
2019-10-21 10:13:19,018 [24baf8d8-840e-4e7d-83f1-b115321d4c4e@group-A8965AF67DDA-LeaderElection5] INFO  server.RaftServerConfigKeys (ConfUtils.java:logGet(43)) - raft.server.watch.timeout = 10s (default)
2019-10-21 10:13:19,019 [24baf8d8-840e-4e7d-83f1-b115321d4c4e@group-A8965AF67DDA-LeaderElection5] INFO  server.RaftServerConfigKeys (ConfUtils.java:logGet(43)) - raft.server.watch.timeout.denomination = 1s (default)
2019-10-21 10:13:19,019 [24baf8d8-840e-4e7d-83f1-b115321d4c4e@group-A8965AF67DDA-LeaderElection5] INFO  server.RaftServerConfigKeys (ConfUtils.java:logGet(43)) - raft.server.watch.element-limit = 65536 (default)
2019-10-21 10:13:19,019 [24baf8d8-840e-4e7d-83f1-b115321d4c4e@group-A8965AF67DDA-LeaderElection5] INFO  impl.RoleInfo (RoleInfo.java:updateAndGet(143)) - 24baf8d8-840e-4e7d-83f1-b115321d4c4e: start LeaderState
2019-10-21 10:13:19,020 [24baf8d8-840e-4e7d-83f1-b115321d4c4e@group-A8965AF67DDA-LeaderElection5] INFO  segmented.SegmentedRaftLogWorker (SegmentedRaftLogWorker.java:startLogSegment(385)) - 24baf8d8-840e-4e7d-83f1-b115321d4c4e@group-A8965AF67DDA-SegmentedRaftLogWorker: Starting segment from index:0
2019-10-21 10:13:19,020 [24baf8d8-840e-4e7d-83f1-b115321d4c4e@group-A8965AF67DDA-LeaderElection5] INFO  impl.RaftServerImpl (ServerState.java:setRaftConf(356)) - 24baf8d8-840e-4e7d-83f1-b115321d4c4e@group-A8965AF67DDA: set configuration 0: [24baf8d8-840e-4e7d-83f1-b115321d4c4e:192.168.69.94:43778], old=null at 0
2019-10-21 10:13:19,069 [24baf8d8-840e-4e7d-83f1-b115321d4c4e@group-A8965AF67DDA-SegmentedRaftLogWorker] INFO  segmented.SegmentedRaftLogWorker (SegmentedRaftLogWorker.java:execute(576)) - 24baf8d8-840e-4e7d-83f1-b115321d4c4e@group-A8965AF67DDA-SegmentedRaftLogWorker: created new log segment /workdir/hadoop-ozone/tools/target/test-dir/MiniOzoneClusterImpl-4c43668a-c6b8-486a-a996-549bedbdf837/datanode-0/data/ratis/3fe6795b-8c0c-4c58-9e6f-a8965af67dda/current/log_inprogress_0
2019-10-21 10:13:19,580 [main] INFO  ozone.MiniOzoneClusterImpl (MiniOzoneClusterImpl.java:lambda$waitForClusterToBeReady$2(170)) - Cluster is ready. Got 3 of 3 DN Heartbeats.
2019-10-21 10:13:20,532 [main] INFO  freon.RandomKeyGenerator (RandomKeyGenerator.java:call(283)) - Number of Threads: 10
2019-10-21 10:13:20,533 [main] INFO  freon.RandomKeyGenerator (RandomKeyGenerator.java:call(288)) - Number of Volumes: 1.
2019-10-21 10:13:20,533 [main] INFO  freon.RandomKeyGenerator (RandomKeyGenerator.java:call(289)) - Number of Buckets per Volume: 1.
2019-10-21 10:13:20,533 [main] INFO  freon.RandomKeyGenerator (RandomKeyGenerator.java:call(290)) - Number of Keys per Bucket: 1.
2019-10-21 10:13:20,533 [main] INFO  freon.RandomKeyGenerator (RandomKeyGenerator.java:call(291)) - Key size: 20971520 bytes
2019-10-21 10:13:20,533 [main] INFO  freon.RandomKeyGenerator (RandomKeyGenerator.java:call(292)) - Buffer size: 4096 bytes
2019-10-21 10:13:20,533 [main] INFO  freon.RandomKeyGenerator (RandomKeyGenerator.java:call(293)) - validateWrites : true
2019-10-21 10:13:20,538 [main] INFO  freon.RandomKeyGenerator (RandomKeyGenerator.java:call(307)) - Data validation is enabled.
2019-10-21 10:13:20,539 [main] INFO  freon.RandomKeyGenerator (RandomKeyGenerator.java:call(313)) - Starting progress bar Thread.

 0.00% |?                                                                                                    |  0/1 Time: 0:00:002019-10-21 10:13:20,566 [pool-53-thread-1] INFO  rpc.RpcClient (RpcClient.java:createVolume(272)) - Creating Volume: vol-0-15861, with jenkins1000 as owner.
2019-10-21 10:13:20,676 [IPC Server handler 2 on 37378] INFO  volume.OMVolumeCreateRequest (OMVolumeCreateRequest.java:validateAndUpdateCache(193)) - created volume:vol-0-15861 for user:jenkins1000
2019-10-21 10:13:20,713 [pool-53-thread-2] INFO  rpc.RpcClient (RpcClient.java:createBucket(411)) - Creating Bucket: vol-0-15861/bucket-0-12021, with Versioning false and Storage Type set to DISK and Encryption set to false 
2019-10-21 10:13:20,906 [pool-53-thread-3] INFO  impl.MetricsSystemImpl (MetricsSystemImpl.java:init(158)) - XceiverClientMetrics metrics system started (again)
 0.00% |?                                                                                                    |  0/1 Time: 0:00:01 0.00% |?                                                                                                    |  0/1 Time: 0:00:02 100.00% |?????????????????????????????????????????????????????????????????????????????????????????????????????|  1/1 Time: 0:00:03
2019-10-21 10:13:28,292 [main] INFO  pipeline.SCMPipelineManager (SCMPipelineManager.java:finalizeAndDestroyPipeline(316)) - destroying pipeline:Pipeline[ Id: 3925f595-6702-4886-b2f7-a175014a455d, Nodes: 24baf8d8-840e-4e7d-83f1-b115321d4c4e{ip: 192.168.69.94, host: pr-hdds-1868-bv6q8-2720828103, networkLocation: /default-rack, certSerialId: null}45bcd496-ad94-4a09-9c65-3e660611c8c2{ip: 192.168.69.94, host: pr-hdds-1868-bv6q8-2720828103, networkLocation: /default-rack, certSerialId: null}5fc95126-4ebe-42c6-9d3e-d6bb5819be12{ip: 192.168.69.94, host: pr-hdds-1868-bv6q8-2720828103, networkLocation: /default-rack, certSerialId: null}, Type:RATIS, Factor:THREE, State:OPEN]
2019-10-21 10:13:28,292 [main] INFO  pipeline.PipelineStateManager (PipelineStateManager.java:finalizePipeline(121)) - Pipeline Pipeline[ Id: 3925f595-6702-4886-b2f7-a175014a455d, Nodes: 24baf8d8-840e-4e7d-83f1-b115321d4c4e{ip: 192.168.69.94, host: pr-hdds-1868-bv6q8-2720828103, networkLocation: /default-rack, certSerialId: null}45bcd496-ad94-4a09-9c65-3e660611c8c2{ip: 192.168.69.94, host: pr-hdds-1868-bv6q8-2720828103, networkLocation: /default-rack, certSerialId: null}5fc95126-4ebe-42c6-9d3e-d6bb5819be12{ip: 192.168.69.94, host: pr-hdds-1868-bv6q8-2720828103, networkLocation: /default-rack, certSerialId: null}, Type:RATIS, Factor:THREE, State:CLOSED] moved to CLOSED state
2019-10-21 10:13:28,293 [EventQueue-CloseContainerForCloseContainerEventHandler] INFO  container.CloseContainerEventHandler (CloseContainerEventHandler.java:onMessage(61)) - Close container Event triggered for container : #1
2019-10-21 10:13:28,299 [EventQueue-CloseContainerForCloseContainerEventHandler] INFO  container.CloseContainerEventHandler (CloseContainerEventHandler.java:onMessage(61)) - Close container Event triggered for container : #2
2019-10-21 10:13:28,299 [EventQueue-CloseContainerForCloseContainerEventHandler] INFO  container.CloseContainerEventHandler (CloseContainerEventHandler.java:onMessage(61)) - Close container Event triggered for container : #3
2019-10-21 10:13:28,303 [grpc-default-executor-2] INFO  impl.RaftServerProxy (RaftServerProxy.java:remove(95)) - 24baf8d8-840e-4e7d-83f1-b115321d4c4e: remove  FOLLOWER 24baf8d8-840e-4e7d-83f1-b115321d4c4e@group-A175014A455D:t1, leader=45bcd496-ad94-4a09-9c65-3e660611c8c2, voted=45bcd496-ad94-4a09-9c65-3e660611c8c2, raftlog=24baf8d8-840e-4e7d-83f1-b115321d4c4e@group-A175014A455D-SegmentedRaftLog:OPENED:c79,f79,i79, conf=0: [24baf8d8-840e-4e7d-83f1-b115321d4c4e:192.168.69.94:43778, 45bcd496-ad94-4a09-9c65-3e660611c8c2:192.168.69.94:45233, 5fc95126-4ebe-42c6-9d3e-d6bb5819be12:192.168.69.94:34268], old=null RUNNING
2019-10-21 10:13:28,304 [grpc-default-executor-2] INFO  impl.RaftServerImpl (RaftServerImpl.java:lambda$shutdown$3(250)) - 24baf8d8-840e-4e7d-83f1-b115321d4c4e@group-A175014A455D: shutdown
2019-10-21 10:13:28,304 [grpc-default-executor-2] INFO  util.JmxRegister (JmxRegister.java:unregister(73)) - Successfully un-registered JMX Bean with object name Ratis:service=RaftServer,group=group-A175014A455D,id=24baf8d8-840e-4e7d-83f1-b115321d4c4e
2019-10-21 10:13:28,304 [grpc-default-executor-2] INFO  impl.RoleInfo (RoleInfo.java:shutdownFollowerState(121)) - 24baf8d8-840e-4e7d-83f1-b115321d4c4e: shutdown FollowerState
2019-10-21 10:13:28,305 [grpc-default-executor-2] INFO  impl.StateMachineUpdater (StateMachineUpdater.java:stopAndJoin(136)) - 24baf8d8-840e-4e7d-83f1-b115321d4c4e@group-A175014A455D-StateMachineUpdater: set stopIndex = 79
2019-10-21 10:13:28,305 [Thread-232] INFO  impl.FollowerState (FollowerState.java:run(120)) - 24baf8d8-840e-4e7d-83f1-b115321d4c4e@group-A175014A455D-FollowerState was interrupted: java.lang.InterruptedException: sleep interrupted
2019-10-21 10:13:28,306 [24baf8d8-840e-4e7d-83f1-b115321d4c4e@group-A175014A455D-StateMachineUpdater] INFO  ratis.ContainerStateMachine (ContainerStateMachine.java:takeSnapshot(296)) - group-A175014A455D: Taking a snapshot at:(t:1, i:77) file /workdir/hadoop-ozone/tools/target/test-dir/MiniOzoneClusterImpl-4c43668a-c6b8-486a-a996-549bedbdf837/datanode-0/data/ratis/3925f595-6702-4886-b2f7-a175014a455d/sm/snapshot.1_77
2019-10-21 10:13:28,424 [24baf8d8-840e-4e7d-83f1-b115321d4c4e@group-A175014A455D-StateMachineUpdater] INFO  ratis.ContainerStateMachine (ContainerStateMachine.java:takeSnapshot(307)) - group-A175014A455D: Finished taking a snapshot at:(t:1, i:77) file:/workdir/hadoop-ozone/tools/target/test-dir/MiniOzoneClusterImpl-4c43668a-c6b8-486a-a996-549bedbdf837/datanode-0/data/ratis/3925f595-6702-4886-b2f7-a175014a455d/sm/snapshot.1_77 time:120
2019-10-21 10:13:28,427 [24baf8d8-840e-4e7d-83f1-b115321d4c4e@group-A175014A455D-StateMachineUpdater] INFO  impl.StateMachineUpdater (StateMachineUpdater.java:takeSnapshot(269)) - 24baf8d8-840e-4e7d-83f1-b115321d4c4e@group-A175014A455D-StateMachineUpdater: Took a snapshot at index 77
2019-10-21 10:13:28,428 [24baf8d8-840e-4e7d-83f1-b115321d4c4e@group-A175014A455D-StateMachineUpdater] INFO  impl.StateMachineUpdater (StateMachineUpdater.java:lambda$new$0(84)) - 24baf8d8-840e-4e7d-83f1-b115321d4c4e@group-A175014A455D-StateMachineUpdater: snapshotIndex: updateIncreasingly -1 -> 77
2019-10-21 10:13:28,433 [24baf8d8-840e-4e7d-83f1-b115321d4c4e@group-A175014A455D-StateMachineUpdater] INFO  ratis.ContainerStateMachine (ContainerStateMachine.java:takeSnapshot(296)) - group-A175014A455D: Taking a snapshot at:(t:1, i:77) file /workdir/hadoop-ozone/tools/target/test-dir/MiniOzoneClusterImpl-4c43668a-c6b8-486a-a996-549bedbdf837/datanode-0/data/ratis/3925f595-6702-4886-b2f7-a175014a455d/sm/snapshot.1_77
2019-10-21 10:13:28,444 [24baf8d8-840e-4e7d-83f1-b115321d4c4e@group-A175014A455D-StateMachineUpdater] INFO  ratis.ContainerStateMachine (ContainerStateMachine.java:takeSnapshot(307)) - group-A175014A455D: Finished taking a snapshot at:(t:1, i:77) file:/workdir/hadoop-ozone/tools/target/test-dir/MiniOzoneClusterImpl-4c43668a-c6b8-486a-a996-549bedbdf837/datanode-0/data/ratis/3925f595-6702-4886-b2f7-a175014a455d/sm/snapshot.1_77 time:11
2019-10-21 10:13:28,445 [24baf8d8-840e-4e7d-83f1-b115321d4c4e@group-A175014A455D-StateMachineUpdater] INFO  impl.StateMachineUpdater (StateMachineUpdater.java:takeSnapshot(269)) - 24baf8d8-840e-4e7d-83f1-b115321d4c4e@group-A175014A455D-StateMachineUpdater: Took a snapshot at index 77
2019-10-21 10:13:28,445 [24baf8d8-840e-4e7d-83f1-b115321d4c4e@group-A175014A455D-StateMachineUpdater] INFO  impl.StateMachineUpdater (StateMachineUpdater.java:lambda$new$0(84)) - 24baf8d8-840e-4e7d-83f1-b115321d4c4e@group-A175014A455D-StateMachineUpdater: snapshotIndex: updateIncreasingly 77 -> 77
2019-10-21 10:13:28,445 [grpc-default-executor-2] INFO  impl.RaftServerImpl (ServerState.java:close(387)) - 24baf8d8-840e-4e7d-83f1-b115321d4c4e@group-A175014A455D: closes. applyIndex: 79
2019-10-21 10:13:28,446 [24baf8d8-840e-4e7d-83f1-b115321d4c4e@group-A175014A455D-SegmentedRaftLogWorker] INFO  segmented.SegmentedRaftLogWorker (SegmentedRaftLogWorker.java:run(316)) - 24baf8d8-840e-4e7d-83f1-b115321d4c4e@group-A175014A455D-SegmentedRaftLogWorker was interrupted, exiting. There are 0 tasks remaining in the queue.
2019-10-21 10:13:28,448 [grpc-default-executor-2] INFO  segmented.SegmentedRaftLogWorker (SegmentedRaftLogWorker.java:close(224)) - 24baf8d8-840e-4e7d-83f1-b115321d4c4e@group-A175014A455D-SegmentedRaftLogWorker close()
2019-10-21 10:13:28,482 [grpc-default-executor-2] INFO  interfaces.Container (KeyValueContainer.java:flushAndSyncDB(386)) - Container 1 is synced with bcsId 61.
2019-10-21 10:13:28,482 [grpc-default-executor-2] INFO  interfaces.Container (KeyValueContainer.java:flushAndSyncDB(386)) - Container 1 is synced with bcsId 61.
2019-10-21 10:13:28,500 [EventQueue-IncrementalContainerReportForIncrementalContainerReportHandler] INFO  container.IncrementalContainerReportHandler (AbstractContainerReportHandler.java:updateContainerState(171)) - Moving container #1 to QUASI_CLOSED state, datanode 24baf8d8-840e-4e7d-83f1-b115321d4c4e{ip: 192.168.69.94, host: pr-hdds-1868-bv6q8-2720828103, networkLocation: /default-rack, certSerialId: null} reported QUASI_CLOSED replica.
2019-10-21 10:13:28,538 [grpc-default-executor-2] INFO  interfaces.Container (KeyValueContainer.java:flushAndSyncDB(386)) - Container 2 is synced with bcsId 77.
2019-10-21 10:13:28,538 [grpc-default-executor-2] INFO  interfaces.Container (KeyValueContainer.java:flushAndSyncDB(386)) - Container 2 is synced with bcsId 77.
2019-10-21 10:13:28,555 [EventQueue-IncrementalContainerReportForIncrementalContainerReportHandler] INFO  container.IncrementalContainerReportHandler (AbstractContainerReportHandler.java:updateContainerState(171)) - Moving container #2 to QUASI_CLOSED state, datanode 24baf8d8-840e-4e7d-83f1-b115321d4c4e{ip: 192.168.69.94, host: pr-hdds-1868-bv6q8-2720828103, networkLocation: /default-rack, certSerialId: null} reported QUASI_CLOSED replica.
2019-10-21 10:13:28,582 [grpc-default-executor-2] INFO  interfaces.Container (KeyValueContainer.java:flushAndSyncDB(386)) - Container 3 is synced with bcsId 44.
2019-10-21 10:13:28,582 [grpc-default-executor-2] INFO  interfaces.Container (KeyValueContainer.java:flushAndSyncDB(386)) - Container 3 is synced with bcsId 44.
2019-10-21 10:13:28,599 [EventQueue-IncrementalContainerReportForIncrementalContainerReportHandler] INFO  container.IncrementalContainerReportHandler (AbstractContainerReportHandler.java:updateContainerState(171)) - Moving container #3 to QUASI_CLOSED state, datanode 24baf8d8-840e-4e7d-83f1-b115321d4c4e{ip: 192.168.69.94, host: pr-hdds-1868-bv6q8-2720828103, networkLocation: /default-rack, certSerialId: null} reported QUASI_CLOSED replica.
2019-10-21 10:13:28,609 [grpc-default-executor-2] INFO  impl.RaftServerProxy (RaftServerProxy.java:remove(95)) - 45bcd496-ad94-4a09-9c65-3e660611c8c2: remove    LEADER 45bcd496-ad94-4a09-9c65-3e660611c8c2@group-A175014A455D:t1, leader=45bcd496-ad94-4a09-9c65-3e660611c8c2, voted=45bcd496-ad94-4a09-9c65-3e660611c8c2, raftlog=45bcd496-ad94-4a09-9c65-3e660611c8c2@group-A175014A455D-SegmentedRaftLog:OPENED:c79,f79,i79, conf=0: [24baf8d8-840e-4e7d-83f1-b115321d4c4e:192.168.69.94:43778, 45bcd496-ad94-4a09-9c65-3e660611c8c2:192.168.69.94:45233, 5fc95126-4ebe-42c6-9d3e-d6bb5819be12:192.168.69.94:34268], old=null RUNNING
2019-10-21 10:13:28,609 [grpc-default-executor-2] INFO  impl.RaftServerImpl (RaftServerImpl.java:lambda$shutdown$3(250)) - 45bcd496-ad94-4a09-9c65-3e660611c8c2@group-A175014A455D: shutdown
2019-10-21 10:13:28,609 [grpc-default-executor-2] INFO  util.JmxRegister (JmxRegister.java:unregister(73)) - Successfully un-registered JMX Bean with object name Ratis:service=RaftServer,group=group-A175014A455D,id=45bcd496-ad94-4a09-9c65-3e660611c8c2
2019-10-21 10:13:28,610 [grpc-default-executor-2] INFO  impl.RoleInfo (RoleInfo.java:shutdownLeaderState(104)) - 45bcd496-ad94-4a09-9c65-3e660611c8c2: shutdown LeaderState
2019-10-21 10:13:28,612 [org.apache.ratis.server.impl.LogAppender$AppenderDaemon$$Lambda$420/1464692161@7ca3d933] WARN  server.GrpcLogAppender (GrpcLogAppender.java:mayWait(149)) - 45bcd496-ad94-4a09-9c65-3e660611c8c2@group-A175014A455D->24baf8d8-840e-4e7d-83f1-b115321d4c4e-GrpcLogAppender: Wait interrupted by java.lang.InterruptedException
2019-10-21 10:13:28,612 [grpc-default-executor-2] INFO  impl.PendingRequests (PendingRequests.java:sendNotLeaderResponses(206)) - 45bcd496-ad94-4a09-9c65-3e660611c8c2@group-A175014A455D-PendingRequests: sendNotLeaderResponses
2019-10-21 10:13:28,612 [org.apache.ratis.server.impl.LogAppender$AppenderDaemon$$Lambda$420/1464692161@7e3807a8] WARN  server.GrpcLogAppender (GrpcLogAppender.java:mayWait(149)) - 45bcd496-ad94-4a09-9c65-3e660611c8c2@group-A175014A455D->5fc95126-4ebe-42c6-9d3e-d6bb5819be12-GrpcLogAppender: Wait interrupted by java.lang.InterruptedException
2019-10-21 10:13:28,618 [grpc-default-executor-3] INFO  server.GrpcServerProtocolService (GrpcServerProtocolService.java:onCompleted(113)) - 24baf8d8-840e-4e7d-83f1-b115321d4c4e: Completed APPEND_ENTRIES, lastRequest: 45bcd496-ad94-4a09-9c65-3e660611c8c2->24baf8d8-840e-4e7d-83f1-b115321d4c4e#82-t1, previous=(t:1, i:79), leaderCommit=79, initializing? false, entries: <empty>
2019-10-21 10:13:28,618 [grpc-default-executor-0] INFO  server.GrpcServerProtocolService (GrpcServerProtocolService.java:onCompleted(113)) - 5fc95126-4ebe-42c6-9d3e-d6bb5819be12: Completed APPEND_ENTRIES, lastRequest: 45bcd496-ad94-4a09-9c65-3e660611c8c2->5fc95126-4ebe-42c6-9d3e-d6bb5819be12#82-t1, previous=(t:1, i:79), leaderCommit=79, initializing? false, entries: <empty>
2019-10-21 10:13:28,621 [grpc-default-executor-2] INFO  impl.StateMachineUpdater (StateMachineUpdater.java:stopAndJoin(136)) - 45bcd496-ad94-4a09-9c65-3e660611c8c2@group-A175014A455D-StateMachineUpdater: set stopIndex = 79
2019-10-21 10:13:28,621 [45bcd496-ad94-4a09-9c65-3e660611c8c2@group-A175014A455D-StateMachineUpdater] INFO  ratis.ContainerStateMachine (ContainerStateMachine.java:takeSnapshot(296)) - group-A175014A455D: Taking a snapshot at:(t:1, i:77) file /workdir/hadoop-ozone/tools/target/test-dir/MiniOzoneClusterImpl-4c43668a-c6b8-486a-a996-549bedbdf837/datanode-2/data/ratis/3925f595-6702-4886-b2f7-a175014a455d/sm/snapshot.1_77
2019-10-21 10:13:28,622 [grpc-default-executor-0] INFO  server.GrpcLogAppender (GrpcLogAppender.java:onCompleted(308)) - 45bcd496-ad94-4a09-9c65-3e660611c8c2@group-A175014A455D->24baf8d8-840e-4e7d-83f1-b115321d4c4e-AppendLogResponseHandler: follower responses appendEntries COMPLETED
2019-10-21 10:13:28,624 [grpc-default-executor-3] INFO  server.GrpcLogAppender (GrpcLogAppender.java:onCompleted(308)) - 45bcd496-ad94-4a09-9c65-3e660611c8c2@group-A175014A455D->5fc95126-4ebe-42c6-9d3e-d6bb5819be12-AppendLogResponseHandler: follower responses appendEntries COMPLETED
2019-10-21 10:13:28,627 [grpc-default-executor-0] INFO  impl.FollowerInfo (FollowerInfo.java:lambda$new$0(51)) - 45bcd496-ad94-4a09-9c65-3e660611c8c2@group-A175014A455D->24baf8d8-840e-4e7d-83f1-b115321d4c4e: nextIndex: updateUnconditionally 80 -> 79
2019-10-21 10:13:28,627 [grpc-default-executor-3] INFO  impl.FollowerInfo (FollowerInfo.java:lambda$new$0(51)) - 45bcd496-ad94-4a09-9c65-3e660611c8c2@group-A175014A455D->5fc95126-4ebe-42c6-9d3e-d6bb5819be12: nextIndex: updateUnconditionally 80 -> 79
2019-10-21 10:13:28,629 [45bcd496-ad94-4a09-9c65-3e660611c8c2@group-A175014A455D-StateMachineUpdater] INFO  ratis.ContainerStateMachine (ContainerStateMachine.java:takeSnapshot(307)) - group-A175014A455D: Finished taking a snapshot at:(t:1, i:77) file:/workdir/hadoop-ozone/tools/target/test-dir/MiniOzoneClusterImpl-4c43668a-c6b8-486a-a996-549bedbdf837/datanode-2/data/ratis/3925f595-6702-4886-b2f7-a175014a455d/sm/snapshot.1_77 time:9
2019-10-21 10:13:28,630 [45bcd496-ad94-4a09-9c65-3e660611c8c2@group-A175014A455D-StateMachineUpdater] INFO  impl.StateMachineUpdater (StateMachineUpdater.java:takeSnapshot(269)) - 45bcd496-ad94-4a09-9c65-3e660611c8c2@group-A175014A455D-StateMachineUpdater: Took a snapshot at index 77
2019-10-21 10:13:28,630 [45bcd496-ad94-4a09-9c65-3e660611c8c2@group-A175014A455D-StateMachineUpdater] INFO  impl.StateMachineUpdater (StateMachineUpdater.java:lambda$new$0(84)) - 45bcd496-ad94-4a09-9c65-3e660611c8c2@group-A175014A455D-StateMachineUpdater: snapshotIndex: updateIncreasingly -1 -> 77
2019-10-21 10:13:28,630 [45bcd496-ad94-4a09-9c65-3e660611c8c2@group-A175014A455D-StateMachineUpdater] INFO  ratis.ContainerStateMachine (ContainerStateMachine.java:takeSnapshot(296)) - group-A175014A455D: Taking a snapshot at:(t:1, i:77) file /workdir/hadoop-ozone/tools/target/test-dir/MiniOzoneClusterImpl-4c43668a-c6b8-486a-a996-549bedbdf837/datanode-2/data/ratis/3925f595-6702-4886-b2f7-a175014a455d/sm/snapshot.1_77
2019-10-21 10:13:28,642 [45bcd496-ad94-4a09-9c65-3e660611c8c2@group-A175014A455D-StateMachineUpdater] INFO  ratis.ContainerStateMachine (ContainerStateMachine.java:takeSnapshot(307)) - group-A175014A455D: Finished taking a snapshot at:(t:1, i:77) file:/workdir/hadoop-ozone/tools/target/test-dir/MiniOzoneClusterImpl-4c43668a-c6b8-486a-a996-549bedbdf837/datanode-2/data/ratis/3925f595-6702-4886-b2f7-a175014a455d/sm/snapshot.1_77 time:12
2019-10-21 10:13:28,643 [45bcd496-ad94-4a09-9c65-3e660611c8c2@group-A175014A455D-StateMachineUpdater] INFO  impl.StateMachineUpdater (StateMachineUpdater.java:takeSnapshot(269)) - 45bcd496-ad94-4a09-9c65-3e660611c8c2@group-A175014A455D-StateMachineUpdater: Took a snapshot at index 77
2019-10-21 10:13:28,643 [45bcd496-ad94-4a09-9c65-3e660611c8c2@group-A175014A455D-StateMachineUpdater] INFO  impl.StateMachineUpdater (StateMachineUpdater.java:lambda$new$0(84)) - 45bcd496-ad94-4a09-9c65-3e660611c8c2@group-A175014A455D-StateMachineUpdater: snapshotIndex: updateIncreasingly 77 -> 77
2019-10-21 10:13:28,643 [grpc-default-executor-2] INFO  impl.RaftServerImpl (ServerState.java:close(387)) - 45bcd496-ad94-4a09-9c65-3e660611c8c2@group-A175014A455D: closes. applyIndex: 79
2019-10-21 10:13:28,644 [45bcd496-ad94-4a09-9c65-3e660611c8c2@group-A175014A455D-SegmentedRaftLogWorker] INFO  segmented.SegmentedRaftLogWorker (SegmentedRaftLogWorker.java:run(316)) - 45bcd496-ad94-4a09-9c65-3e660611c8c2@group-A175014A455D-SegmentedRaftLogWorker was interrupted, exiting. There are 0 tasks remaining in the queue.
2019-10-21 10:13:28,646 [grpc-default-executor-2] INFO  segmented.SegmentedRaftLogWorker (SegmentedRaftLogWorker.java:close(224)) - 45bcd496-ad94-4a09-9c65-3e660611c8c2@group-A175014A455D-SegmentedRaftLogWorker close()
2019-10-21 10:13:28,657 [grpc-default-executor-2] INFO  interfaces.Container (KeyValueContainer.java:flushAndSyncDB(386)) - Container 1 is synced with bcsId 61.
2019-10-21 10:13:28,658 [grpc-default-executor-2] INFO  interfaces.Container (KeyValueContainer.java:flushAndSyncDB(386)) - Container 1 is synced with bcsId 61.
2019-10-21 10:13:28,702 [grpc-default-executor-2] INFO  interfaces.Container (KeyValueContainer.java:flushAndSyncDB(386)) - Container 2 is synced with bcsId 77.
2019-10-21 10:13:28,702 [grpc-default-executor-2] INFO  interfaces.Container (KeyValueContainer.java:flushAndSyncDB(386)) - Container 2 is synced with bcsId 77.
2019-10-21 10:13:28,735 [grpc-default-executor-2] INFO  interfaces.Container (KeyValueContainer.java:flushAndSyncDB(386)) - Container 3 is synced with bcsId 44.
2019-10-21 10:13:28,735 [grpc-default-executor-2] INFO  interfaces.Container (KeyValueContainer.java:flushAndSyncDB(386)) - Container 3 is synced with bcsId 44.
2019-10-21 10:13:28,765 [grpc-default-executor-2] INFO  impl.RaftServerProxy (RaftServerProxy.java:remove(95)) - 5fc95126-4ebe-42c6-9d3e-d6bb5819be12: remove  FOLLOWER 5fc95126-4ebe-42c6-9d3e-d6bb5819be12@group-A175014A455D:t1, leader=45bcd496-ad94-4a09-9c65-3e660611c8c2, voted=5fc95126-4ebe-42c6-9d3e-d6bb5819be12, raftlog=5fc95126-4ebe-42c6-9d3e-d6bb5819be12@group-A175014A455D-SegmentedRaftLog:OPENED:c79,f79,i79, conf=0: [24baf8d8-840e-4e7d-83f1-b115321d4c4e:192.168.69.94:43778, 45bcd496-ad94-4a09-9c65-3e660611c8c2:192.168.69.94:45233, 5fc95126-4ebe-42c6-9d3e-d6bb5819be12:192.168.69.94:34268], old=null RUNNING
2019-10-21 10:13:28,765 [grpc-default-executor-2] INFO  impl.RaftServerImpl (RaftServerImpl.java:lambda$shutdown$3(250)) - 5fc95126-4ebe-42c6-9d3e-d6bb5819be12@group-A175014A455D: shutdown
2019-10-21 10:13:28,766 [grpc-default-executor-2] INFO  util.JmxRegister (JmxRegister.java:unregister(73)) - Successfully un-registered JMX Bean with object name Ratis:service=RaftServer,group=group-A175014A455D,id=5fc95126-4ebe-42c6-9d3e-d6bb5819be12
2019-10-21 10:13:28,766 [grpc-default-executor-2] INFO  impl.RoleInfo (RoleInfo.java:shutdownFollowerState(121)) - 5fc95126-4ebe-42c6-9d3e-d6bb5819be12: shutdown FollowerState
2019-10-21 10:13:28,766 [grpc-default-executor-2] INFO  impl.StateMachineUpdater (StateMachineUpdater.java:stopAndJoin(136)) - 5fc95126-4ebe-42c6-9d3e-d6bb5819be12@group-A175014A455D-StateMachineUpdater: set stopIndex = 79
2019-10-21 10:13:28,766 [Thread-233] INFO  impl.FollowerState (FollowerState.java:run(120)) - 5fc95126-4ebe-42c6-9d3e-d6bb5819be12@group-A175014A455D-FollowerState was interrupted: java.lang.InterruptedException: sleep interrupted
2019-10-21 10:13:28,766 [5fc95126-4ebe-42c6-9d3e-d6bb5819be12@group-A175014A455D-StateMachineUpdater] INFO  ratis.ContainerStateMachine (ContainerStateMachine.java:takeSnapshot(296)) - group-A175014A455D: Taking a snapshot at:(t:1, i:77) file /workdir/hadoop-ozone/tools/target/test-dir/MiniOzoneClusterImpl-4c43668a-c6b8-486a-a996-549bedbdf837/datanode-1/data/ratis/3925f595-6702-4886-b2f7-a175014a455d/sm/snapshot.1_77
2019-10-21 10:13:28,789 [5fc95126-4ebe-42c6-9d3e-d6bb5819be12@group-A175014A455D-StateMachineUpdater] INFO  ratis.ContainerStateMachine (ContainerStateMachine.java:takeSnapshot(307)) - group-A175014A455D: Finished taking a snapshot at:(t:1, i:77) file:/workdir/hadoop-ozone/tools/target/test-dir/MiniOzoneClusterImpl-4c43668a-c6b8-486a-a996-549bedbdf837/datanode-1/data/ratis/3925f595-6702-4886-b2f7-a175014a455d/sm/snapshot.1_77 time:22
2019-10-21 10:13:28,789 [5fc95126-4ebe-42c6-9d3e-d6bb5819be12@group-A175014A455D-StateMachineUpdater] INFO  impl.StateMachineUpdater (StateMachineUpdater.java:takeSnapshot(269)) - 5fc95126-4ebe-42c6-9d3e-d6bb5819be12@group-A175014A455D-StateMachineUpdater: Took a snapshot at index 77
2019-10-21 10:13:28,789 [5fc95126-4ebe-42c6-9d3e-d6bb5819be12@group-A175014A455D-StateMachineUpdater] INFO  impl.StateMachineUpdater (StateMachineUpdater.java:lambda$new$0(84)) - 5fc95126-4ebe-42c6-9d3e-d6bb5819be12@group-A175014A455D-StateMachineUpdater: snapshotIndex: updateIncreasingly -1 -> 77
2019-10-21 10:13:28,789 [5fc95126-4ebe-42c6-9d3e-d6bb5819be12@group-A175014A455D-StateMachineUpdater] INFO  ratis.ContainerStateMachine (ContainerStateMachine.java:takeSnapshot(296)) - group-A175014A455D: Taking a snapshot at:(t:1, i:77) file /workdir/hadoop-ozone/tools/target/test-dir/MiniOzoneClusterImpl-4c43668a-c6b8-486a-a996-549bedbdf837/datanode-1/data/ratis/3925f595-6702-4886-b2f7-a175014a455d/sm/snapshot.1_77
2019-10-21 10:13:28,801 [5fc95126-4ebe-42c6-9d3e-d6bb5819be12@group-A175014A455D-StateMachineUpdater] INFO  ratis.ContainerStateMachine (ContainerStateMachine.java:takeSnapshot(307)) - group-A175014A455D: Finished taking a snapshot at:(t:1, i:77) file:/workdir/hadoop-ozone/tools/target/test-dir/MiniOzoneClusterImpl-4c43668a-c6b8-486a-a996-549bedbdf837/datanode-1/data/ratis/3925f595-6702-4886-b2f7-a175014a455d/sm/snapshot.1_77 time:12
2019-10-21 10:13:28,802 [5fc95126-4ebe-42c6-9d3e-d6bb5819be12@group-A175014A455D-StateMachineUpdater] INFO  impl.StateMachineUpdater (StateMachineUpdater.java:takeSnapshot(269)) - 5fc95126-4ebe-42c6-9d3e-d6bb5819be12@group-A175014A455D-StateMachineUpdater: Took a snapshot at index 77
2019-10-21 10:13:28,802 [5fc95126-4ebe-42c6-9d3e-d6bb5819be12@group-A175014A455D-StateMachineUpdater] INFO  impl.StateMachineUpdater (StateMachineUpdater.java:lambda$new$0(84)) - 5fc95126-4ebe-42c6-9d3e-d6bb5819be12@group-A175014A455D-StateMachineUpdater: snapshotIndex: updateIncreasingly 77 -> 77
2019-10-21 10:13:28,802 [grpc-default-executor-2] INFO  impl.RaftServerImpl (ServerState.java:close(387)) - 5fc95126-4ebe-42c6-9d3e-d6bb5819be12@group-A175014A455D: closes. applyIndex: 79
2019-10-21 10:13:28,803 [5fc95126-4ebe-42c6-9d3e-d6bb5819be12@group-A175014A455D-SegmentedRaftLogWorker] INFO  segmented.SegmentedRaftLogWorker (SegmentedRaftLogWorker.java:run(316)) - 5fc95126-4ebe-42c6-9d3e-d6bb5819be12@group-A175014A455D-SegmentedRaftLogWorker was interrupted, exiting. There are 0 tasks remaining in the queue.
2019-10-21 10:13:28,805 [grpc-default-executor-2] INFO  segmented.SegmentedRaftLogWorker (SegmentedRaftLogWorker.java:close(224)) - 5fc95126-4ebe-42c6-9d3e-d6bb5819be12@group-A175014A455D-SegmentedRaftLogWorker close()
2019-10-21 10:13:28,823 [grpc-default-executor-2] INFO  interfaces.Container (KeyValueContainer.java:flushAndSyncDB(386)) - Container 1 is synced with bcsId 61.
2019-10-21 10:13:28,823 [grpc-default-executor-2] INFO  interfaces.Container (KeyValueContainer.java:flushAndSyncDB(386)) - Container 1 is synced with bcsId 61.
2019-10-21 10:13:28,862 [grpc-default-executor-2] INFO  interfaces.Container (KeyValueContainer.java:flushAndSyncDB(386)) - Container 2 is synced with bcsId 77.
2019-10-21 10:13:28,862 [grpc-default-executor-2] INFO  interfaces.Container (KeyValueContainer.java:flushAndSyncDB(386)) - Container 2 is synced with bcsId 77.
2019-10-21 10:13:28,893 [grpc-default-executor-2] INFO  interfaces.Container (KeyValueContainer.java:flushAndSyncDB(386)) - Container 3 is synced with bcsId 44.
2019-10-21 10:13:28,893 [grpc-default-executor-2] INFO  interfaces.Container (KeyValueContainer.java:flushAndSyncDB(386)) - Container 3 is synced with bcsId 44.
2019-10-21 10:13:28,912 [main] INFO  pipeline.PipelineStateManager (PipelineStateManager.java:removePipeline(106)) - Pipeline Pipeline[ Id: 3925f595-6702-4886-b2f7-a175014a455d, Nodes: 24baf8d8-840e-4e7d-83f1-b115321d4c4e{ip: 192.168.69.94, host: pr-hdds-1868-bv6q8-2720828103, networkLocation: /default-rack, certSerialId: null}45bcd496-ad94-4a09-9c65-3e660611c8c2{ip: 192.168.69.94, host: pr-hdds-1868-bv6q8-2720828103, networkLocation: /default-rack, certSerialId: null}5fc95126-4ebe-42c6-9d3e-d6bb5819be12{ip: 192.168.69.94, host: pr-hdds-1868-bv6q8-2720828103, networkLocation: /default-rack, certSerialId: null}, Type:RATIS, Factor:THREE, State:CLOSED] removed from db
2019-10-21 10:13:28,924 [grpc-default-executor-3] INFO  impl.RaftServerProxy (RaftServerProxy.java:addNew(89)) - 24baf8d8-840e-4e7d-83f1-b115321d4c4e: addNew group-0CCC0178E837:[24baf8d8-840e-4e7d-83f1-b115321d4c4e:192.168.69.94:43778, 45bcd496-ad94-4a09-9c65-3e660611c8c2:192.168.69.94:45233, 5fc95126-4ebe-42c6-9d3e-d6bb5819be12:192.168.69.94:34268] returns group-0CCC0178E837:java.util.concurrent.CompletableFuture@79a6fd5e[Not completed]
2019-10-21 10:13:28,924 [grpc-default-executor-2] INFO  impl.RaftServerProxy (RaftServerProxy.java:addNew(89)) - 45bcd496-ad94-4a09-9c65-3e660611c8c2: addNew group-0CCC0178E837:[24baf8d8-840e-4e7d-83f1-b115321d4c4e:192.168.69.94:43778, 45bcd496-ad94-4a09-9c65-3e660611c8c2:192.168.69.94:45233, 5fc95126-4ebe-42c6-9d3e-d6bb5819be12:192.168.69.94:34268] returns group-0CCC0178E837:java.util.concurrent.CompletableFuture@5785cc7a[Not completed]
2019-10-21 10:13:28,924 [grpc-default-executor-0] INFO  impl.RaftServerProxy (RaftServerProxy.java:addNew(89)) - 5fc95126-4ebe-42c6-9d3e-d6bb5819be12: addNew group-0CCC0178E837:[24baf8d8-840e-4e7d-83f1-b115321d4c4e:192.168.69.94:43778, 45bcd496-ad94-4a09-9c65-3e660611c8c2:192.168.69.94:45233, 5fc95126-4ebe-42c6-9d3e-d6bb5819be12:192.168.69.94:34268] returns group-0CCC0178E837:java.util.concurrent.CompletableFuture@2e81d2e9[Not completed]
2019-10-21 10:13:28,928 [pool-47-thread-1] INFO  impl.RaftServerImpl (RaftServerImpl.java:<init>(98)) - 45bcd496-ad94-4a09-9c65-3e660611c8c2: new RaftServerImpl for group-0CCC0178E837:[24baf8d8-840e-4e7d-83f1-b115321d4c4e:192.168.69.94:43778, 45bcd496-ad94-4a09-9c65-3e660611c8c2:192.168.69.94:45233, 5fc95126-4ebe-42c6-9d3e-d6bb5819be12:192.168.69.94:34268] with ContainerStateMachine:uninitialized
2019-10-21 10:13:28,929 [pool-47-thread-1] INFO  server.RaftServerConfigKeys (ConfUtils.java:logGet(43)) - raft.server.rpc.timeout.min = 5s (custom)
2019-10-21 10:13:28,929 [pool-47-thread-1] INFO  server.RaftServerConfigKeys (ConfUtils.java:logGet(43)) - raft.server.rpc.timeout.max = 5200ms (custom)
2019-10-21 10:13:28,929 [pool-47-thread-1] INFO  server.RaftServerConfigKeys (ConfUtils.java:logGet(43)) - raft.server.rpcslowness.timeout = 120s (custom)
2019-10-21 10:13:28,929 [pool-47-thread-1] INFO  server.RaftServerConfigKeys (ConfUtils.java:logGet(43)) - raft.server.sleep.deviation.threshold = 300 (default)
2019-10-21 10:13:28,929 [pool-47-thread-1] INFO  server.RaftServerConfigKeys (ConfUtils.java:logGet(43)) - raft.server.log.appender.install.snapshot.enabled = false (custom)
2019-10-21 10:13:28,929 [pool-47-thread-1] INFO  impl.RaftServerImpl (ServerState.java:<init>(103)) - 45bcd496-ad94-4a09-9c65-3e660611c8c2@group-0CCC0178E837: ConfigurationManager, init=-1: [24baf8d8-840e-4e7d-83f1-b115321d4c4e:192.168.69.94:43778, 45bcd496-ad94-4a09-9c65-3e660611c8c2:192.168.69.94:45233, 5fc95126-4ebe-42c6-9d3e-d6bb5819be12:192.168.69.94:34268], old=null, confs=<EMPTY_MAP>
2019-10-21 10:13:28,929 [pool-37-thread-1] INFO  impl.RaftServerImpl (RaftServerImpl.java:<init>(98)) - 5fc95126-4ebe-42c6-9d3e-d6bb5819be12: new RaftServerImpl for group-0CCC0178E837:[24baf8d8-840e-4e7d-83f1-b115321d4c4e:192.168.69.94:43778, 45bcd496-ad94-4a09-9c65-3e660611c8c2:192.168.69.94:45233, 5fc95126-4ebe-42c6-9d3e-d6bb5819be12:192.168.69.94:34268] with ContainerStateMachine:uninitialized
2019-10-21 10:13:28,930 [pool-47-thread-1] INFO  server.RaftServerConfigKeys (ConfUtils.java:logGet(43)) - raft.server.storage.dir = [/workdir/hadoop-ozone/tools/target/test-dir/MiniOzoneClusterImpl-4c43668a-c6b8-486a-a996-549bedbdf837/datanode-2/data/ratis] (custom)
2019-10-21 10:13:28,930 [pool-37-thread-1] INFO  server.RaftServerConfigKeys (ConfUtils.java:logGet(43)) - raft.server.rpc.timeout.min = 5s (custom)
2019-10-21 10:13:28,930 [pool-37-thread-1] INFO  server.RaftServerConfigKeys (ConfUtils.java:logGet(43)) - raft.server.rpc.timeout.max = 5200ms (custom)
2019-10-21 10:13:28,930 [pool-47-thread-1] INFO  server.RaftServerConfigKeys (ConfUtils.java:logGet(43)) - raft.server.log.corruption.policy = EXCEPTION (default)
2019-10-21 10:13:28,930 [pool-37-thread-1] INFO  server.RaftServerConfigKeys (ConfUtils.java:logGet(43)) - raft.server.rpcslowness.timeout = 120s (custom)
2019-10-21 10:13:28,930 [pool-47-thread-1] INFO  storage.RaftStorageDirectory (RaftStorageDirectory.java:analyzeStorage(246)) - The storage directory /workdir/hadoop-ozone/tools/target/test-dir/MiniOzoneClusterImpl-4c43668a-c6b8-486a-a996-549bedbdf837/datanode-2/data/ratis/6a60c1b3-d44a-4dc9-9c0a-0ccc0178e837 does not exist. Creating ...
2019-10-21 10:13:28,930 [pool-37-thread-1] INFO  server.RaftServerConfigKeys (ConfUtils.java:logGet(43)) - raft.server.sleep.deviation.threshold = 300 (default)
2019-10-21 10:13:28,931 [pool-27-thread-1] INFO  impl.RaftServerImpl (RaftServerImpl.java:<init>(98)) - 24baf8d8-840e-4e7d-83f1-b115321d4c4e: new RaftServerImpl for group-0CCC0178E837:[24baf8d8-840e-4e7d-83f1-b115321d4c4e:192.168.69.94:43778, 45bcd496-ad94-4a09-9c65-3e660611c8c2:192.168.69.94:45233, 5fc95126-4ebe-42c6-9d3e-d6bb5819be12:192.168.69.94:34268] with ContainerStateMachine:uninitialized
2019-10-21 10:13:28,931 [pool-37-thread-1] INFO  server.RaftServerConfigKeys (ConfUtils.java:logGet(43)) - raft.server.log.appender.install.snapshot.enabled = false (custom)
2019-10-21 10:13:28,931 [pool-27-thread-1] INFO  server.RaftServerConfigKeys (ConfUtils.java:logGet(43)) - raft.server.rpc.timeout.min = 5s (custom)
2019-10-21 10:13:28,931 [pool-37-thread-1] INFO  impl.RaftServerImpl (ServerState.java:<init>(103)) - 5fc95126-4ebe-42c6-9d3e-d6bb5819be12@group-0CCC0178E837: ConfigurationManager, init=-1: [24baf8d8-840e-4e7d-83f1-b115321d4c4e:192.168.69.94:43778, 45bcd496-ad94-4a09-9c65-3e660611c8c2:192.168.69.94:45233, 5fc95126-4ebe-42c6-9d3e-d6bb5819be12:192.168.69.94:34268], old=null, confs=<EMPTY_MAP>
2019-10-21 10:13:28,931 [pool-27-thread-1] INFO  server.RaftServerConfigKeys (ConfUtils.java:logGet(43)) - raft.server.rpc.timeout.max = 5200ms (custom)
2019-10-21 10:13:28,931 [pool-37-thread-1] INFO  server.RaftServerConfigKeys (ConfUtils.java:logGet(43)) - raft.server.storage.dir = [/workdir/hadoop-ozone/tools/target/test-dir/MiniOzoneClusterImpl-4c43668a-c6b8-486a-a996-549bedbdf837/datanode-1/data/ratis] (custom)
2019-10-21 10:13:28,931 [pool-27-thread-1] INFO  server.RaftServerConfigKeys (ConfUtils.java:logGet(43)) - raft.server.rpcslowness.timeout = 120s (custom)
2019-10-21 10:13:28,932 [pool-27-thread-1] INFO  server.RaftServerConfigKeys (ConfUtils.java:logGet(43)) - raft.server.sleep.deviation.threshold = 300 (default)
2019-10-21 10:13:28,932 [pool-37-thread-1] INFO  server.RaftServerConfigKeys (ConfUtils.java:logGet(43)) - raft.server.log.corruption.policy = EXCEPTION (default)
2019-10-21 10:13:28,932 [pool-27-thread-1] INFO  server.RaftServerConfigKeys (ConfUtils.java:logGet(43)) - raft.server.log.appender.install.snapshot.enabled = false (custom)
2019-10-21 10:13:28,932 [pool-37-thread-1] INFO  storage.RaftStorageDirectory (RaftStorageDirectory.java:analyzeStorage(246)) - The storage directory /workdir/hadoop-ozone/tools/target/test-dir/MiniOzoneClusterImpl-4c43668a-c6b8-486a-a996-549bedbdf837/datanode-1/data/ratis/6a60c1b3-d44a-4dc9-9c0a-0ccc0178e837 does not exist. Creating ...
2019-10-21 10:13:28,932 [pool-27-thread-1] INFO  impl.RaftServerImpl (ServerState.java:<init>(103)) - 24baf8d8-840e-4e7d-83f1-b115321d4c4e@group-0CCC0178E837: ConfigurationManager, init=-1: [24baf8d8-840e-4e7d-83f1-b115321d4c4e:192.168.69.94:43778, 45bcd496-ad94-4a09-9c65-3e660611c8c2:192.168.69.94:45233, 5fc95126-4ebe-42c6-9d3e-d6bb5819be12:192.168.69.94:34268], old=null, confs=<EMPTY_MAP>
2019-10-21 10:13:28,932 [pool-27-thread-1] INFO  server.RaftServerConfigKeys (ConfUtils.java:logGet(43)) - raft.server.storage.dir = [/workdir/hadoop-ozone/tools/target/test-dir/MiniOzoneClusterImpl-4c43668a-c6b8-486a-a996-549bedbdf837/datanode-0/data/ratis] (custom)
2019-10-21 10:13:28,933 [pool-27-thread-1] INFO  server.RaftServerConfigKeys (ConfUtils.java:logGet(43)) - raft.server.log.corruption.policy = EXCEPTION (default)
2019-10-21 10:13:28,933 [pool-27-thread-1] INFO  storage.RaftStorageDirectory (RaftStorageDirectory.java:analyzeStorage(246)) - The storage directory /workdir/hadoop-ozone/tools/target/test-dir/MiniOzoneClusterImpl-4c43668a-c6b8-486a-a996-549bedbdf837/datanode-0/data/ratis/6a60c1b3-d44a-4dc9-9c0a-0ccc0178e837 does not exist. Creating ...
2019-10-21 10:13:28,936 [pool-47-thread-1] INFO  storage.RaftStorageDirectory (RaftStorageDirectory.java:tryLock(328)) - Lock on /workdir/hadoop-ozone/tools/target/test-dir/MiniOzoneClusterImpl-4c43668a-c6b8-486a-a996-549bedbdf837/datanode-2/data/ratis/6a60c1b3-d44a-4dc9-9c0a-0ccc0178e837/in_use.lock acquired by nodename 17996@pr-hdds-1868-bv6q8-2720828103
2019-10-21 10:13:28,936 [pool-37-thread-1] INFO  storage.RaftStorageDirectory (RaftStorageDirectory.java:tryLock(328)) - Lock on /workdir/hadoop-ozone/tools/target/test-dir/MiniOzoneClusterImpl-4c43668a-c6b8-486a-a996-549bedbdf837/datanode-1/data/ratis/6a60c1b3-d44a-4dc9-9c0a-0ccc0178e837/in_use.lock acquired by nodename 17996@pr-hdds-1868-bv6q8-2720828103
2019-10-21 10:13:28,937 [pool-27-thread-1] INFO  storage.RaftStorageDirectory (RaftStorageDirectory.java:tryLock(328)) - Lock on /workdir/hadoop-ozone/tools/target/test-dir/MiniOzoneClusterImpl-4c43668a-c6b8-486a-a996-549bedbdf837/datanode-0/data/ratis/6a60c1b3-d44a-4dc9-9c0a-0ccc0178e837/in_use.lock acquired by nodename 17996@pr-hdds-1868-bv6q8-2720828103
2019-10-21 10:13:28,941 [pool-47-thread-1] INFO  storage.RaftStorage (RaftStorage.java:format(84)) - Storage directory /workdir/hadoop-ozone/tools/target/test-dir/MiniOzoneClusterImpl-4c43668a-c6b8-486a-a996-549bedbdf837/datanode-2/data/ratis/6a60c1b3-d44a-4dc9-9c0a-0ccc0178e837 has been successfully formatted.
2019-10-21 10:13:28,941 [pool-37-thread-1] INFO  storage.RaftStorage (RaftStorage.java:format(84)) - Storage directory /workdir/hadoop-ozone/tools/target/test-dir/MiniOzoneClusterImpl-4c43668a-c6b8-486a-a996-549bedbdf837/datanode-1/data/ratis/6a60c1b3-d44a-4dc9-9c0a-0ccc0178e837 has been successfully formatted.
2019-10-21 10:13:28,941 [pool-27-thread-1] INFO  storage.RaftStorage (RaftStorage.java:format(84)) - Storage directory /workdir/hadoop-ozone/tools/target/test-dir/MiniOzoneClusterImpl-4c43668a-c6b8-486a-a996-549bedbdf837/datanode-0/data/ratis/6a60c1b3-d44a-4dc9-9c0a-0ccc0178e837 has been successfully formatted.
2019-10-21 10:13:28,942 [pool-37-thread-1] INFO  ratis.ContainerStateMachine (ContainerStateMachine.java:loadSnapshot(233)) - group-0CCC0178E837: The snapshot info is null. Setting the last applied indexto:(t:0, i:~)
2019-10-21 10:13:28,942 [pool-47-thread-1] INFO  ratis.ContainerStateMachine (ContainerStateMachine.java:loadSnapshot(233)) - group-0CCC0178E837: The snapshot info is null. Setting the last applied indexto:(t:0, i:~)
2019-10-21 10:13:28,942 [pool-37-thread-1] INFO  server.RaftServerConfigKeys (ConfUtils.java:logGet(43)) - raft.server.notification.no-leader.timeout = 120s (custom)
2019-10-21 10:13:28,942 [pool-27-thread-1] INFO  ratis.ContainerStateMachine (ContainerStateMachine.java:loadSnapshot(233)) - group-0CCC0178E837: The snapshot info is null. Setting the last applied indexto:(t:0, i:~)
2019-10-21 10:13:28,942 [pool-37-thread-1] INFO  server.RaftServerConfigKeys (ConfUtils.java:logGet(43)) - raft.server.log.use.memory = false (default)
2019-10-21 10:13:28,942 [pool-47-thread-1] INFO  server.RaftServerConfigKeys (ConfUtils.java:logGet(43)) - raft.server.notification.no-leader.timeout = 120s (custom)
2019-10-21 10:13:28,942 [pool-37-thread-1] INFO  server.RaftServerConfigKeys (ConfUtils.java:logGet(43)) - raft.server.log.purge.gap = 1000000 (custom)
2019-10-21 10:13:28,942 [pool-27-thread-1] INFO  server.RaftServerConfigKeys (ConfUtils.java:logGet(43)) - raft.server.notification.no-leader.timeout = 120s (custom)
2019-10-21 10:13:28,943 [pool-37-thread-1] INFO  server.RaftServerConfigKeys (ConfUtils.java:logGet(43)) - raft.server.log.appender.buffer.byte-limit = 33554432 (custom)
2019-10-21 10:13:28,943 [pool-47-thread-1] INFO  server.RaftServerConfigKeys (ConfUtils.java:logGet(43)) - raft.server.log.use.memory = false (default)
2019-10-21 10:13:28,943 [pool-37-thread-1] INFO  server.RaftServerConfigKeys (ConfUtils.java:logGet(43)) - raft.server.log.segment.size.max = 1048576 (custom)
2019-10-21 10:13:28,943 [pool-27-thread-1] INFO  server.RaftServerConfigKeys (ConfUtils.java:logGet(43)) - raft.server.log.use.memory = false (default)
2019-10-21 10:13:28,943 [pool-37-thread-1] INFO  server.RaftServerConfigKeys (ConfUtils.java:logGet(43)) - raft.server.log.segment.cache.num.max = 2 (custom)
2019-10-21 10:13:28,943 [pool-47-thread-1] INFO  server.RaftServerConfigKeys (ConfUtils.java:logGet(43)) - raft.server.log.purge.gap = 1000000 (custom)
2019-10-21 10:13:28,944 [pool-37-thread-1] INFO  segmented.SegmentedRaftLogWorker (SegmentedRaftLogWorker.java:<init>(173)) - new 5fc95126-4ebe-42c6-9d3e-d6bb5819be12@group-0CCC0178E837-SegmentedRaftLogWorker for RaftStorage:Storage Directory /workdir/hadoop-ozone/tools/target/test-dir/MiniOzoneClusterImpl-4c43668a-c6b8-486a-a996-549bedbdf837/datanode-1/data/ratis/6a60c1b3-d44a-4dc9-9c0a-0ccc0178e837
2019-10-21 10:13:28,943 [pool-27-thread-1] INFO  server.RaftServerConfigKeys (ConfUtils.java:logGet(43)) - raft.server.log.purge.gap = 1000000 (custom)
2019-10-21 10:13:28,944 [pool-37-thread-1] INFO  server.RaftServerConfigKeys (ConfUtils.java:logGet(43)) - raft.server.log.queue.byte-limit = 2147483647 (custom)
2019-10-21 10:13:28,944 [pool-37-thread-1] INFO  server.RaftServerConfigKeys (ConfUtils.java:logGet(43)) - raft.server.log.queue.element-limit = 1024 (custom)
2019-10-21 10:13:28,944 [pool-47-thread-1] INFO  server.RaftServerConfigKeys (ConfUtils.java:logGet(43)) - raft.server.log.appender.buffer.byte-limit = 33554432 (custom)
2019-10-21 10:13:28,944 [pool-37-thread-1] INFO  server.RaftServerConfigKeys (ConfUtils.java:logGet(43)) - raft.server.log.segment.size.max = 1048576 (custom)
2019-10-21 10:13:28,944 [pool-27-thread-1] INFO  server.RaftServerConfigKeys (ConfUtils.java:logGet(43)) - raft.server.log.appender.buffer.byte-limit = 33554432 (custom)
2019-10-21 10:13:28,945 [pool-37-thread-1] INFO  server.RaftServerConfigKeys (ConfUtils.java:logGet(43)) - raft.server.log.preallocated.size = 16384 (custom)
2019-10-21 10:13:28,945 [pool-37-thread-1] INFO  server.RaftServerConfigKeys (ConfUtils.java:logGet(43)) - raft.server.log.write.buffer.size = 33554432 (custom)
2019-10-21 10:13:28,945 [pool-47-thread-1] INFO  server.RaftServerConfigKeys (ConfUtils.java:logGet(43)) - raft.server.log.segment.size.max = 1048576 (custom)
2019-10-21 10:13:28,945 [pool-37-thread-1] INFO  server.RaftServerConfigKeys (ConfUtils.java:logGet(43)) - raft.server.log.force.sync.num = 128 (default)
2019-10-21 10:13:28,945 [pool-27-thread-1] INFO  server.RaftServerConfigKeys (ConfUtils.java:logGet(43)) - raft.server.log.segment.size.max = 1048576 (custom)
2019-10-21 10:13:28,946 [pool-37-thread-1] INFO  server.RaftServerConfigKeys (ConfUtils.java:logGet(43)) - raft.server.log.statemachine.data.sync = true (default)
2019-10-21 10:13:28,946 [pool-47-thread-1] INFO  server.RaftServerConfigKeys (ConfUtils.java:logGet(43)) - raft.server.log.segment.cache.num.max = 2 (custom)
2019-10-21 10:13:28,946 [pool-37-thread-1] INFO  server.RaftServerConfigKeys (ConfUtils.java:logGet(43)) - raft.server.log.statemachine.data.sync.timeout = 10s (default)
2019-10-21 10:13:28,946 [pool-27-thread-1] INFO  server.RaftServerConfigKeys (ConfUtils.java:logGet(43)) - raft.server.log.segment.cache.num.max = 2 (custom)
2019-10-21 10:13:28,947 [pool-37-thread-1] INFO  server.RaftServerConfigKeys (ConfUtils.java:logGet(43)) - raft.server.log.statemachine.data.sync.timeout.retry = -1 (default)
2019-10-21 10:13:28,946 [pool-47-thread-1] INFO  segmented.SegmentedRaftLogWorker (SegmentedRaftLogWorker.java:<init>(173)) - new 45bcd496-ad94-4a09-9c65-3e660611c8c2@group-0CCC0178E837-SegmentedRaftLogWorker for RaftStorage:Storage Directory /workdir/hadoop-ozone/tools/target/test-dir/MiniOzoneClusterImpl-4c43668a-c6b8-486a-a996-549bedbdf837/datanode-2/data/ratis/6a60c1b3-d44a-4dc9-9c0a-0ccc0178e837
2019-10-21 10:13:28,947 [pool-37-thread-1] INFO  server.RaftServerConfigKeys (ConfUtils.java:logGet(43)) - raft.server.log.statemachine.data.caching.enabled = true (custom)
2019-10-21 10:13:28,947 [pool-27-thread-1] INFO  segmented.SegmentedRaftLogWorker (SegmentedRaftLogWorker.java:<init>(173)) - new 24baf8d8-840e-4e7d-83f1-b115321d4c4e@group-0CCC0178E837-SegmentedRaftLogWorker for RaftStorage:Storage Directory /workdir/hadoop-ozone/tools/target/test-dir/MiniOzoneClusterImpl-4c43668a-c6b8-486a-a996-549bedbdf837/datanode-0/data/ratis/6a60c1b3-d44a-4dc9-9c0a-0ccc0178e837
2019-10-21 10:13:28,947 [pool-47-thread-1] INFO  server.RaftServerConfigKeys (ConfUtils.java:logGet(43)) - raft.server.log.queue.byte-limit = 2147483647 (custom)
2019-10-21 10:13:28,948 [pool-27-thread-1] INFO  server.RaftServerConfigKeys (ConfUtils.java:logGet(43)) - raft.server.log.queue.byte-limit = 2147483647 (custom)
2019-10-21 10:13:28,947 [pool-37-thread-1] INFO  segmented.SegmentedRaftLogWorker (SegmentedRaftLogWorker.java:lambda$new$0(128)) - 5fc95126-4ebe-42c6-9d3e-d6bb5819be12@group-0CCC0178E837-SegmentedRaftLogWorker: flushIndex: setUnconditionally 0 -> -1
2019-10-21 10:13:28,948 [pool-27-thread-1] INFO  server.RaftServerConfigKeys (ConfUtils.java:logGet(43)) - raft.server.log.queue.element-limit = 1024 (custom)
2019-10-21 10:13:28,948 [pool-47-thread-1] INFO  server.RaftServerConfigKeys (ConfUtils.java:logGet(43)) - raft.server.log.queue.element-limit = 1024 (custom)
2019-10-21 10:13:28,948 [pool-27-thread-1] INFO  server.RaftServerConfigKeys (ConfUtils.java:logGet(43)) - raft.server.log.segment.size.max = 1048576 (custom)
2019-10-21 10:13:28,948 [pool-37-thread-1] INFO  server.RaftServerConfigKeys (ConfUtils.java:logGet(43)) - raft.server.snapshot.auto.trigger.enabled = true (custom)
2019-10-21 10:13:28,949 [pool-27-thread-1] INFO  server.RaftServerConfigKeys (ConfUtils.java:logGet(43)) - raft.server.log.preallocated.size = 16384 (custom)
2019-10-21 10:13:28,948 [pool-47-thread-1] INFO  server.RaftServerConfigKeys (ConfUtils.java:logGet(43)) - raft.server.log.segment.size.max = 1048576 (custom)
2019-10-21 10:13:28,949 [pool-27-thread-1] INFO  server.RaftServerConfigKeys (ConfUtils.java:logGet(43)) - raft.server.log.write.buffer.size = 33554432 (custom)
2019-10-21 10:13:28,949 [pool-27-thread-1] INFO  server.RaftServerConfigKeys (ConfUtils.java:logGet(43)) - raft.server.log.force.sync.num = 128 (default)
2019-10-21 10:13:28,949 [pool-37-thread-1] INFO  server.RaftServerConfigKeys (ConfUtils.java:logGet(43)) - raft.server.snapshot.auto.trigger.threshold = 10000 (custom)
2019-10-21 10:13:28,949 [pool-27-thread-1] INFO  server.RaftServerConfigKeys (ConfUtils.java:logGet(43)) - raft.server.log.statemachine.data.sync = true (default)
2019-10-21 10:13:28,949 [pool-47-thread-1] INFO  server.RaftServerConfigKeys (ConfUtils.java:logGet(43)) - raft.server.log.preallocated.size = 16384 (custom)
2019-10-21 10:13:28,950 [pool-27-thread-1] INFO  server.RaftServerConfigKeys (ConfUtils.java:logGet(43)) - raft.server.log.statemachine.data.sync.timeout = 10s (default)
2019-10-21 10:13:28,950 [pool-37-thread-1] INFO  server.RaftServerConfigKeys (ConfUtils.java:logGet(43)) - raft.server.snapshot.retention.file.num = 5 (custom)
2019-10-21 10:13:28,950 [pool-27-thread-1] INFO  server.RaftServerConfigKeys (ConfUtils.java:logGet(43)) - raft.server.log.statemachine.data.sync.timeout.retry = -1 (default)
2019-10-21 10:13:28,950 [pool-37-thread-1] INFO  server.RaftServerConfigKeys (ConfUtils.java:logGet(43)) - raft.server.retrycache.expirytime = 600000ms (custom)
2019-10-21 10:13:28,950 [pool-27-thread-1] INFO  server.RaftServerConfigKeys (ConfUtils.java:logGet(43)) - raft.server.log.statemachine.data.caching.enabled = true (custom)
2019-10-21 10:13:28,950 [pool-37-thread-1] WARN  impl.MetricRegistriesImpl (MetricRegistriesImpl.java:lambda$create$1(61)) - First MetricRegistry has been created without registering reporters. You may need to call MetricRegistries.global().addReportRegistration(...) before.
2019-10-21 10:13:28,950 [pool-47-thread-1] INFO  server.RaftServerConfigKeys (ConfUtils.java:logGet(43)) - raft.server.log.write.buffer.size = 33554432 (custom)
2019-10-21 10:13:28,951 [pool-37-thread-1] WARN  impl.MetricRegistriesImpl (MetricRegistriesImpl.java:lambda$create$1(61)) - First MetricRegistry has been created without registering reporters. You may need to call MetricRegistries.global().addReportRegistration(...) before.
2019-10-21 10:13:28,951 [pool-27-thread-1] INFO  segmented.SegmentedRaftLogWorker (SegmentedRaftLogWorker.java:lambda$new$0(128)) - 24baf8d8-840e-4e7d-83f1-b115321d4c4e@group-0CCC0178E837-SegmentedRaftLogWorker: flushIndex: setUnconditionally 0 -> -1
2019-10-21 10:13:28,951 [pool-47-thread-1] INFO  server.RaftServerConfigKeys (ConfUtils.java:logGet(43)) - raft.server.log.force.sync.num = 128 (default)
2019-10-21 10:13:28,951 [pool-37-thread-1] INFO  impl.RaftServerImpl (RaftServerImpl.java:start(184)) - 5fc95126-4ebe-42c6-9d3e-d6bb5819be12@group-0CCC0178E837: start as a follower, conf=-1: [24baf8d8-840e-4e7d-83f1-b115321d4c4e:192.168.69.94:43778, 45bcd496-ad94-4a09-9c65-3e660611c8c2:192.168.69.94:45233, 5fc95126-4ebe-42c6-9d3e-d6bb5819be12:192.168.69.94:34268], old=null
2019-10-21 10:13:28,951 [pool-27-thread-1] INFO  server.RaftServerConfigKeys (ConfUtils.java:logGet(43)) - raft.server.snapshot.auto.trigger.enabled = true (custom)
2019-10-21 10:13:28,951 [pool-47-thread-1] INFO  server.RaftServerConfigKeys (ConfUtils.java:logGet(43)) - raft.server.log.statemachine.data.sync = true (default)
2019-10-21 10:13:28,952 [pool-27-thread-1] INFO  server.RaftServerConfigKeys (ConfUtils.java:logGet(43)) - raft.server.snapshot.auto.trigger.threshold = 10000 (custom)
2019-10-21 10:13:28,951 [pool-37-thread-1] INFO  impl.RaftServerImpl (RaftServerImpl.java:setRole(173)) - 5fc95126-4ebe-42c6-9d3e-d6bb5819be12@group-0CCC0178E837: changes role from      null to FOLLOWER at term 0 for startAsFollower
2019-10-21 10:13:28,952 [pool-27-thread-1] INFO  server.RaftServerConfigKeys (ConfUtils.java:logGet(43)) - raft.server.snapshot.retention.file.num = 5 (custom)
2019-10-21 10:13:28,952 [pool-37-thread-1] INFO  impl.RoleInfo (RoleInfo.java:updateAndGet(143)) - 5fc95126-4ebe-42c6-9d3e-d6bb5819be12: start FollowerState
2019-10-21 10:13:28,952 [pool-27-thread-1] INFO  server.RaftServerConfigKeys (ConfUtils.java:logGet(43)) - raft.server.retrycache.expirytime = 600000ms (custom)
2019-10-21 10:13:28,952 [pool-47-thread-1] INFO  server.RaftServerConfigKeys (ConfUtils.java:logGet(43)) - raft.server.log.statemachine.data.sync.timeout = 10s (default)
2019-10-21 10:13:28,952 [pool-27-thread-1] WARN  impl.MetricRegistriesImpl (MetricRegistriesImpl.java:lambda$create$1(61)) - First MetricRegistry has been created without registering reporters. You may need to call MetricRegistries.global().addReportRegistration(...) before.
2019-10-21 10:13:28,953 [pool-37-thread-1] INFO  util.JmxRegister (JmxRegister.java:tryRegister(44)) - Successfully registered JMX Bean with object name Ratis:service=RaftServer,group=group-0CCC0178E837,id=5fc95126-4ebe-42c6-9d3e-d6bb5819be12
2019-10-21 10:13:28,952 [pool-47-thread-1] INFO  server.RaftServerConfigKeys (ConfUtils.java:logGet(43)) - raft.server.log.statemachine.data.sync.timeout.retry = -1 (default)
2019-10-21 10:13:28,953 [pool-37-thread-1] WARN  impl.MetricRegistriesImpl (MetricRegistriesImpl.java:lambda$create$1(61)) - First MetricRegistry has been created without registering reporters. You may need to call MetricRegistries.global().addReportRegistration(...) before.
2019-10-21 10:13:28,953 [pool-27-thread-1] WARN  impl.MetricRegistriesImpl (MetricRegistriesImpl.java:lambda$create$1(61)) - First MetricRegistry has been created without registering reporters. You may need to call MetricRegistries.global().addReportRegistration(...) before.
2019-10-21 10:13:28,953 [pool-47-thread-1] INFO  server.RaftServerConfigKeys (ConfUtils.java:logGet(43)) - raft.server.log.statemachine.data.caching.enabled = true (custom)
2019-10-21 10:13:28,953 [pool-27-thread-1] INFO  impl.RaftServerImpl (RaftServerImpl.java:start(184)) - 24baf8d8-840e-4e7d-83f1-b115321d4c4e@group-0CCC0178E837: start as a follower, conf=-1: [24baf8d8-840e-4e7d-83f1-b115321d4c4e:192.168.69.94:43778, 45bcd496-ad94-4a09-9c65-3e660611c8c2:192.168.69.94:45233, 5fc95126-4ebe-42c6-9d3e-d6bb5819be12:192.168.69.94:34268], old=null
2019-10-21 10:13:28,953 [pool-27-thread-1] INFO  impl.RaftServerImpl (RaftServerImpl.java:setRole(173)) - 24baf8d8-840e-4e7d-83f1-b115321d4c4e@group-0CCC0178E837: changes role from      null to FOLLOWER at term 0 for startAsFollower
2019-10-21 10:13:28,953 [pool-47-thread-1] INFO  segmented.SegmentedRaftLogWorker (SegmentedRaftLogWorker.java:lambda$new$0(128)) - 45bcd496-ad94-4a09-9c65-3e660611c8c2@group-0CCC0178E837-SegmentedRaftLogWorker: flushIndex: setUnconditionally 0 -> -1
2019-10-21 10:13:28,954 [pool-27-thread-1] INFO  impl.RoleInfo (RoleInfo.java:updateAndGet(143)) - 24baf8d8-840e-4e7d-83f1-b115321d4c4e: start FollowerState
2019-10-21 10:13:28,954 [pool-47-thread-1] INFO  server.RaftServerConfigKeys (ConfUtils.java:logGet(43)) - raft.server.snapshot.auto.trigger.enabled = true (custom)
2019-10-21 10:13:28,954 [pool-47-thread-1] INFO  server.RaftServerConfigKeys (ConfUtils.java:logGet(43)) - raft.server.snapshot.auto.trigger.threshold = 10000 (custom)
2019-10-21 10:13:28,954 [pool-27-thread-1] INFO  util.JmxRegister (JmxRegister.java:tryRegister(44)) - Successfully registered JMX Bean with object name Ratis:service=RaftServer,group=group-0CCC0178E837,id=24baf8d8-840e-4e7d-83f1-b115321d4c4e
2019-10-21 10:13:28,954 [pool-47-thread-1] INFO  server.RaftServerConfigKeys (ConfUtils.java:logGet(43)) - raft.server.snapshot.retention.file.num = 5 (custom)
2019-10-21 10:13:28,954 [pool-27-thread-1] WARN  impl.MetricRegistriesImpl (MetricRegistriesImpl.java:lambda$create$1(61)) - First MetricRegistry has been created without registering reporters. You may need to call MetricRegistries.global().addReportRegistration(...) before.
2019-10-21 10:13:28,954 [pool-47-thread-1] INFO  server.RaftServerConfigKeys (ConfUtils.java:logGet(43)) - raft.server.retrycache.expirytime = 600000ms (custom)
2019-10-21 10:13:28,955 [pool-47-thread-1] WARN  impl.MetricRegistriesImpl (MetricRegistriesImpl.java:lambda$create$1(61)) - First MetricRegistry has been created without registering reporters. You may need to call MetricRegistries.global().addReportRegistration(...) before.
2019-10-21 10:13:28,956 [pool-47-thread-1] WARN  impl.MetricRegistriesImpl (MetricRegistriesImpl.java:lambda$create$1(61)) - First MetricRegistry has been created without registering reporters. You may need to call MetricRegistries.global().addReportRegistration(...) before.
2019-10-21 10:13:28,956 [pool-47-thread-1] INFO  impl.RaftServerImpl (RaftServerImpl.java:start(184)) - 45bcd496-ad94-4a09-9c65-3e660611c8c2@group-0CCC0178E837: start as a follower, conf=-1: [24baf8d8-840e-4e7d-83f1-b115321d4c4e:192.168.69.94:43778, 45bcd496-ad94-4a09-9c65-3e660611c8c2:192.168.69.94:45233, 5fc95126-4ebe-42c6-9d3e-d6bb5819be12:192.168.69.94:34268], old=null
2019-10-21 10:13:28,956 [pool-47-thread-1] INFO  impl.RaftServerImpl (RaftServerImpl.java:setRole(173)) - 45bcd496-ad94-4a09-9c65-3e660611c8c2@group-0CCC0178E837: changes role from      null to FOLLOWER at term 0 for startAsFollower
2019-10-21 10:13:28,956 [pool-47-thread-1] INFO  impl.RoleInfo (RoleInfo.java:updateAndGet(143)) - 45bcd496-ad94-4a09-9c65-3e660611c8c2: start FollowerState
2019-10-21 10:13:28,958 [pool-47-thread-1] INFO  util.JmxRegister (JmxRegister.java:tryRegister(44)) - Successfully registered JMX Bean with object name Ratis:service=RaftServer,group=group-0CCC0178E837,id=45bcd496-ad94-4a09-9c65-3e660611c8c2
2019-10-21 10:13:28,958 [pool-47-thread-1] WARN  impl.MetricRegistriesImpl (MetricRegistriesImpl.java:lambda$create$1(61)) - First MetricRegistry has been created without registering reporters. You may need to call MetricRegistries.global().addReportRegistration(...) before.
2019-10-21 10:13:28,961 [RatisPipelineUtilsThread] INFO  pipeline.PipelineStateManager (PipelineStateManager.java:addPipeline(55)) - Created pipeline Pipeline[ Id: 6a60c1b3-d44a-4dc9-9c0a-0ccc0178e837, Nodes: 24baf8d8-840e-4e7d-83f1-b115321d4c4e{ip: 192.168.69.94, host: pr-hdds-1868-bv6q8-2720828103, networkLocation: /default-rack, certSerialId: null}45bcd496-ad94-4a09-9c65-3e660611c8c2{ip: 192.168.69.94, host: pr-hdds-1868-bv6q8-2720828103, networkLocation: /default-rack, certSerialId: null}5fc95126-4ebe-42c6-9d3e-d6bb5819be12{ip: 192.168.69.94, host: pr-hdds-1868-bv6q8-2720828103, networkLocation: /default-rack, certSerialId: null}, Type:RATIS, Factor:THREE, State:ALLOCATED]
2019-10-21 10:13:29,036 [main] INFO  freon.RandomKeyGenerator (RandomKeyGenerator.java:call(283)) - Number of Threads: 10
2019-10-21 10:13:29,036 [main] INFO  freon.RandomKeyGenerator (RandomKeyGenerator.java:call(288)) - Number of Volumes: 1.
2019-10-21 10:13:29,037 [main] INFO  freon.RandomKeyGenerator (RandomKeyGenerator.java:call(289)) - Number of Buckets per Volume: 1.
2019-10-21 10:13:29,037 [main] INFO  freon.RandomKeyGenerator (RandomKeyGenerator.java:call(290)) - Number of Keys per Bucket: 1.
2019-10-21 10:13:29,037 [main] INFO  freon.RandomKeyGenerator (RandomKeyGenerator.java:call(291)) - Key size: 20971520 bytes
2019-10-21 10:13:29,037 [main] INFO  freon.RandomKeyGenerator (RandomKeyGenerator.java:call(292)) - Buffer size: 4096 bytes
2019-10-21 10:13:29,037 [main] INFO  freon.RandomKeyGenerator (RandomKeyGenerator.java:call(293)) - validateWrites : true
2019-10-21 10:13:29,038 [main] INFO  freon.RandomKeyGenerator (RandomKeyGenerator.java:call(307)) - Data validation is enabled.
2019-10-21 10:13:29,038 [main] INFO  freon.RandomKeyGenerator (RandomKeyGenerator.java:call(313)) - Starting progress bar Thread.

 0.00% |?                                                                                                    |  0/1 Time: 0:00:002019-10-21 10:13:29,038 [pool-59-thread-1] INFO  rpc.RpcClient (RpcClient.java:createVolume(272)) - Creating Volume: vol-0-50198, with jenkins1000 as owner.
2019-10-21 10:13:29,044 [IPC Server handler 8 on 37378] INFO  volume.OMVolumeCreateRequest (OMVolumeCreateRequest.java:validateAndUpdateCache(193)) - created volume:vol-0-50198 for user:jenkins1000
2019-10-21 10:13:29,061 [pool-59-thread-2] INFO  rpc.RpcClient (RpcClient.java:createBucket(411)) - Creating Bucket: vol-0-50198/bucket-0-65363, with Versioning false and Storage Type set to DISK and Encryption set to false 
2019-10-21 10:13:29,076 [IPC Server handler 4 on 40154] WARN  block.BlockManagerImpl (BlockManagerImpl.java:allocateBlock(200)) - Pipeline creation failed for type:RATIS factor:THREE. Retrying get pipelines call once.
org.apache.hadoop.hdds.scm.pipeline.InsufficientDatanodesException: Cannot create pipeline of factor 3 using 0 nodes.
	at org.apache.hadoop.hdds.scm.pipeline.RatisPipelineProvider.create(RatisPipelineProvider.java:153)
	at org.apache.hadoop.hdds.scm.pipeline.PipelineFactory.create(PipelineFactory.java:58)
	at org.apache.hadoop.hdds.scm.pipeline.SCMPipelineManager.createPipeline(SCMPipelineManager.java:156)
	at org.apache.hadoop.hdds.scm.block.BlockManagerImpl.allocateBlock(BlockManagerImpl.java:198)
	at org.apache.hadoop.hdds.scm.server.SCMBlockProtocolServer.allocateBlock(SCMBlockProtocolServer.java:182)
	at org.apache.hadoop.hdds.scm.protocol.ScmBlockLocationProtocolServerSideTranslatorPB.allocateScmBlock(ScmBlockLocationProtocolServerSideTranslatorPB.java:159)
	at org.apache.hadoop.hdds.scm.protocol.ScmBlockLocationProtocolServerSideTranslatorPB.processMessage(ScmBlockLocationProtocolServerSideTranslatorPB.java:117)
	at org.apache.hadoop.hdds.server.OzoneProtocolMessageDispatcher.processRequest(OzoneProtocolMessageDispatcher.java:72)
	at org.apache.hadoop.hdds.scm.protocol.ScmBlockLocationProtocolServerSideTranslatorPB.send(ScmBlockLocationProtocolServerSideTranslatorPB.java:98)
	at org.apache.hadoop.hdds.protocol.proto.ScmBlockLocationProtocolProtos$ScmBlockLocationProtocolService$2.callBlockingMethod(ScmBlockLocationProtocolProtos.java:13157)
	at org.apache.hadoop.ipc.ProtobufRpcEngine$Server$ProtoBufRpcInvoker.call(ProtobufRpcEngine.java:524)
	at org.apache.hadoop.ipc.RPC$Server.call(RPC.java:1025)
	at org.apache.hadoop.ipc.Server$RpcCall.run(Server.java:876)
	at org.apache.hadoop.ipc.Server$RpcCall.run(Server.java:822)
	at java.security.AccessController.doPrivileged(Native Method)
	at javax.security.auth.Subject.doAs(Subject.java:422)
	at org.apache.hadoop.security.UserGroupInformation.doAs(UserGroupInformation.java:1730)
	at org.apache.hadoop.ipc.Server$Handler.run(Server.java:2682)
2019-10-21 10:13:29,079 [IPC Server handler 4 on 40154] INFO  block.BlockManagerImpl (BlockManagerImpl.java:allocateBlock(212)) - Could not find available pipeline of type:RATIS and factor:THREE even after retrying
2019-10-21 10:13:29,079 [IPC Server handler 4 on 40154] ERROR block.BlockManagerImpl (BlockManagerImpl.java:allocateBlock(236)) - Unable to allocate a block for the size: 4194304, type: RATIS, factor: THREE
2019-10-21 10:13:29,080 [IPC Server handler 4 on 40154] WARN  block.BlockManagerImpl (BlockManagerImpl.java:allocateBlock(200)) - Pipeline creation failed for type:RATIS factor:THREE. Retrying get pipelines call once.
org.apache.hadoop.hdds.scm.pipeline.InsufficientDatanodesException: Cannot create pipeline of factor 3 using 0 nodes.
	at org.apache.hadoop.hdds.scm.pipeline.RatisPipelineProvider.create(RatisPipelineProvider.java:153)
	at org.apache.hadoop.hdds.scm.pipeline.PipelineFactory.create(PipelineFactory.java:58)
	at org.apache.hadoop.hdds.scm.pipeline.SCMPipelineManager.createPipeline(SCMPipelineManager.java:156)
	at org.apache.hadoop.hdds.scm.block.BlockManagerImpl.allocateBlock(BlockManagerImpl.java:198)
	at org.apache.hadoop.hdds.scm.server.SCMBlockProtocolServer.allocateBlock(SCMBlockProtocolServer.java:182)
	at org.apache.hadoop.hdds.scm.protocol.ScmBlockLocationProtocolServerSideTranslatorPB.allocateScmBlock(ScmBlockLocationProtocolServerSideTranslatorPB.java:159)
	at org.apache.hadoop.hdds.scm.protocol.ScmBlockLocationProtocolServerSideTranslatorPB.processMessage(ScmBlockLocationProtocolServerSideTranslatorPB.java:117)
	at org.apache.hadoop.hdds.server.OzoneProtocolMessageDispatcher.processRequest(OzoneProtocolMessageDispatcher.java:72)
	at org.apache.hadoop.hdds.scm.protocol.ScmBlockLocationProtocolServerSideTranslatorPB.send(ScmBlockLocationProtocolServerSideTranslatorPB.java:98)
	at org.apache.hadoop.hdds.protocol.proto.ScmBlockLocationProtocolProtos$ScmBlockLocationProtocolService$2.callBlockingMethod(ScmBlockLocationProtocolProtos.java:13157)
	at org.apache.hadoop.ipc.ProtobufRpcEngine$Server$ProtoBufRpcInvoker.call(ProtobufRpcEngine.java:524)
	at org.apache.hadoop.ipc.RPC$Server.call(RPC.java:1025)
	at org.apache.hadoop.ipc.Server$RpcCall.run(Server.java:876)
	at org.apache.hadoop.ipc.Server$RpcCall.run(Server.java:822)
	at java.security.AccessController.doPrivileged(Native Method)
	at javax.security.auth.Subject.doAs(Subject.java:422)
	at org.apache.hadoop.security.UserGroupInformation.doAs(UserGroupInformation.java:1730)
	at org.apache.hadoop.ipc.Server$Handler.run(Server.java:2682)
2019-10-21 10:13:29,080 [IPC Server handler 4 on 40154] INFO  block.BlockManagerImpl (BlockManagerImpl.java:allocateBlock(212)) - Could not find available pipeline of type:RATIS and factor:THREE even after retrying
2019-10-21 10:13:29,080 [IPC Server handler 4 on 40154] ERROR block.BlockManagerImpl (BlockManagerImpl.java:allocateBlock(236)) - Unable to allocate a block for the size: 4194304, type: RATIS, factor: THREE
2019-10-21 10:13:29,081 [IPC Server handler 4 on 40154] WARN  block.BlockManagerImpl (BlockManagerImpl.java:allocateBlock(200)) - Pipeline creation failed for type:RATIS factor:THREE. Retrying get pipelines call once.
org.apache.hadoop.hdds.scm.pipeline.InsufficientDatanodesException: Cannot create pipeline of factor 3 using 0 nodes.
	at org.apache.hadoop.hdds.scm.pipeline.RatisPipelineProvider.create(RatisPipelineProvider.java:153)
	at org.apache.hadoop.hdds.scm.pipeline.PipelineFactory.create(PipelineFactory.java:58)
	at org.apache.hadoop.hdds.scm.pipeline.SCMPipelineManager.createPipeline(SCMPipelineManager.java:156)
	at org.apache.hadoop.hdds.scm.block.BlockManagerImpl.allocateBlock(BlockManagerImpl.java:198)
	at org.apache.hadoop.hdds.scm.server.SCMBlockProtocolServer.allocateBlock(SCMBlockProtocolServer.java:182)
	at org.apache.hadoop.hdds.scm.protocol.ScmBlockLocationProtocolServerSideTranslatorPB.allocateScmBlock(ScmBlockLocationProtocolServerSideTranslatorPB.java:159)
	at org.apache.hadoop.hdds.scm.protocol.ScmBlockLocationProtocolServerSideTranslatorPB.processMessage(ScmBlockLocationProtocolServerSideTranslatorPB.java:117)
	at org.apache.hadoop.hdds.server.OzoneProtocolMessageDispatcher.processRequest(OzoneProtocolMessageDispatcher.java:72)
	at org.apache.hadoop.hdds.scm.protocol.ScmBlockLocationProtocolServerSideTranslatorPB.send(ScmBlockLocationProtocolServerSideTranslatorPB.java:98)
	at org.apache.hadoop.hdds.protocol.proto.ScmBlockLocationProtocolProtos$ScmBlockLocationProtocolService$2.callBlockingMethod(ScmBlockLocationProtocolProtos.java:13157)
	at org.apache.hadoop.ipc.ProtobufRpcEngine$Server$ProtoBufRpcInvoker.call(ProtobufRpcEngine.java:524)
	at org.apache.hadoop.ipc.RPC$Server.call(RPC.java:1025)
	at org.apache.hadoop.ipc.Server$RpcCall.run(Server.java:876)
	at org.apache.hadoop.ipc.Server$RpcCall.run(Server.java:822)
	at java.security.AccessController.doPrivileged(Native Method)
	at javax.security.auth.Subject.doAs(Subject.java:422)
	at org.apache.hadoop.security.UserGroupInformation.doAs(UserGroupInformation.java:1730)
	at org.apache.hadoop.ipc.Server$Handler.run(Server.java:2682)
2019-10-21 10:13:29,081 [IPC Server handler 4 on 40154] INFO  block.BlockManagerImpl (BlockManagerImpl.java:allocateBlock(212)) - Could not find available pipeline of type:RATIS and factor:THREE even after retrying
2019-10-21 10:13:29,082 [IPC Server handler 4 on 40154] ERROR block.BlockManagerImpl (BlockManagerImpl.java:allocateBlock(236)) - Unable to allocate a block for the size: 4194304, type: RATIS, factor: THREE
2019-10-21 10:13:29,085 [IPC Server handler 4 on 40154] WARN  block.BlockManagerImpl (BlockManagerImpl.java:allocateBlock(200)) - Pipeline creation failed for type:RATIS factor:THREE. Retrying get pipelines call once.
org.apache.hadoop.hdds.scm.pipeline.InsufficientDatanodesException: Cannot create pipeline of factor 3 using 0 nodes.
	at org.apache.hadoop.hdds.scm.pipeline.RatisPipelineProvider.create(RatisPipelineProvider.java:153)
	at org.apache.hadoop.hdds.scm.pipeline.PipelineFactory.create(PipelineFactory.java:58)
	at org.apache.hadoop.hdds.scm.pipeline.SCMPipelineManager.createPipeline(SCMPipelineManager.java:156)
	at org.apache.hadoop.hdds.scm.block.BlockManagerImpl.allocateBlock(BlockManagerImpl.java:198)
	at org.apache.hadoop.hdds.scm.server.SCMBlockProtocolServer.allocateBlock(SCMBlockProtocolServer.java:182)
	at org.apache.hadoop.hdds.scm.protocol.ScmBlockLocationProtocolServerSideTranslatorPB.allocateScmBlock(ScmBlockLocationProtocolServerSideTranslatorPB.java:159)
	at org.apache.hadoop.hdds.scm.protocol.ScmBlockLocationProtocolServerSideTranslatorPB.processMessage(ScmBlockLocationProtocolServerSideTranslatorPB.java:117)
	at org.apache.hadoop.hdds.server.OzoneProtocolMessageDispatcher.processRequest(OzoneProtocolMessageDispatcher.java:72)
	at org.apache.hadoop.hdds.scm.protocol.ScmBlockLocationProtocolServerSideTranslatorPB.send(ScmBlockLocationProtocolServerSideTranslatorPB.java:98)
	at org.apache.hadoop.hdds.protocol.proto.ScmBlockLocationProtocolProtos$ScmBlockLocationProtocolService$2.callBlockingMethod(ScmBlockLocationProtocolProtos.java:13157)
	at org.apache.hadoop.ipc.ProtobufRpcEngine$Server$ProtoBufRpcInvoker.call(ProtobufRpcEngine.java:524)
	at org.apache.hadoop.ipc.RPC$Server.call(RPC.java:1025)
	at org.apache.hadoop.ipc.Server$RpcCall.run(Server.java:876)
	at org.apache.hadoop.ipc.Server$RpcCall.run(Server.java:822)
	at java.security.AccessController.doPrivileged(Native Method)
	at javax.security.auth.Subject.doAs(Subject.java:422)
	at org.apache.hadoop.security.UserGroupInformation.doAs(UserGroupInformation.java:1730)
	at org.apache.hadoop.ipc.Server$Handler.run(Server.java:2682)
2019-10-21 10:13:29,086 [IPC Server handler 4 on 40154] INFO  block.BlockManagerImpl (BlockManagerImpl.java:allocateBlock(212)) - Could not find available pipeline of type:RATIS and factor:THREE even after retrying
2019-10-21 10:13:29,086 [IPC Server handler 4 on 40154] ERROR block.BlockManagerImpl (BlockManagerImpl.java:allocateBlock(236)) - Unable to allocate a block for the size: 4194304, type: RATIS, factor: THREE
2019-10-21 10:13:29,087 [IPC Server handler 4 on 40154] WARN  block.BlockManagerImpl (BlockManagerImpl.java:allocateBlock(200)) - Pipeline creation failed for type:RATIS factor:THREE. Retrying get pipelines call once.
org.apache.hadoop.hdds.scm.pipeline.InsufficientDatanodesException: Cannot create pipeline of factor 3 using 0 nodes.
	at org.apache.hadoop.hdds.scm.pipeline.RatisPipelineProvider.create(RatisPipelineProvider.java:153)
	at org.apache.hadoop.hdds.scm.pipeline.PipelineFactory.create(PipelineFactory.java:58)
	at org.apache.hadoop.hdds.scm.pipeline.SCMPipelineManager.createPipeline(SCMPipelineManager.java:156)
	at org.apache.hadoop.hdds.scm.block.BlockManagerImpl.allocateBlock(BlockManagerImpl.java:198)
	at org.apache.hadoop.hdds.scm.server.SCMBlockProtocolServer.allocateBlock(SCMBlockProtocolServer.java:182)
	at org.apache.hadoop.hdds.scm.protocol.ScmBlockLocationProtocolServerSideTranslatorPB.allocateScmBlock(ScmBlockLocationProtocolServerSideTranslatorPB.java:159)
	at org.apache.hadoop.hdds.scm.protocol.ScmBlockLocationProtocolServerSideTranslatorPB.processMessage(ScmBlockLocationProtocolServerSideTranslatorPB.java:117)
	at org.apache.hadoop.hdds.server.OzoneProtocolMessageDispatcher.processRequest(OzoneProtocolMessageDispatcher.java:72)
	at org.apache.hadoop.hdds.scm.protocol.ScmBlockLocationProtocolServerSideTranslatorPB.send(ScmBlockLocationProtocolServerSideTranslatorPB.java:98)
	at org.apache.hadoop.hdds.protocol.proto.ScmBlockLocationProtocolProtos$ScmBlockLocationProtocolService$2.callBlockingMethod(ScmBlockLocationProtocolProtos.java:13157)
	at org.apache.hadoop.ipc.ProtobufRpcEngine$Server$ProtoBufRpcInvoker.call(ProtobufRpcEngine.java:524)
	at org.apache.hadoop.ipc.RPC$Server.call(RPC.java:1025)
	at org.apache.hadoop.ipc.Server$RpcCall.run(Server.java:876)
	at org.apache.hadoop.ipc.Server$RpcCall.run(Server.java:822)
	at java.security.AccessController.doPrivileged(Native Method)
	at javax.security.auth.Subject.doAs(Subject.java:422)
	at org.apache.hadoop.security.UserGroupInformation.doAs(UserGroupInformation.java:1730)
	at org.apache.hadoop.ipc.Server$Handler.run(Server.java:2682)
2019-10-21 10:13:29,087 [IPC Server handler 4 on 40154] INFO  block.BlockManagerImpl (BlockManagerImpl.java:allocateBlock(212)) - Could not find available pipeline of type:RATIS and factor:THREE even after retrying
2019-10-21 10:13:29,087 [IPC Server handler 4 on 40154] ERROR block.BlockManagerImpl (BlockManagerImpl.java:allocateBlock(236)) - Unable to allocate a block for the size: 4194304, type: RATIS, factor: THREE
2019-10-21 10:13:29,092 [pool-59-thread-4] ERROR freon.RandomKeyGenerator (RandomKeyGenerator.java:createKey(733)) - Exception while adding key: key-0-76733 in bucket: bucket-0-65363 of volume: vol-0-50198.
INTERNAL_ERROR org.apache.hadoop.ozone.om.exceptions.OMException: Allocated 0 blocks. Requested 5 blocks
	at org.apache.hadoop.ozone.om.protocolPB.OzoneManagerProtocolClientSideTranslatorPB.handleError(OzoneManagerProtocolClientSideTranslatorPB.java:732)
	at org.apache.hadoop.ozone.om.protocolPB.OzoneManagerProtocolClientSideTranslatorPB.openKey(OzoneManagerProtocolClientSideTranslatorPB.java:723)
	at sun.reflect.NativeMethodAccessorImpl.invoke0(Native Method)
	at sun.reflect.NativeMethodAccessorImpl.invoke(NativeMethodAccessorImpl.java:62)
	at sun.reflect.DelegatingMethodAccessorImpl.invoke(DelegatingMethodAccessorImpl.java:43)
	at java.lang.reflect.Method.invoke(Method.java:498)
	at org.apache.hadoop.hdds.tracing.TraceAllMethod.invoke(TraceAllMethod.java:66)
	at com.sun.proxy.$Proxy37.openKey(Unknown Source)
	at org.apache.hadoop.ozone.client.rpc.RpcClient.createKey(RpcClient.java:614)
	at org.apache.hadoop.ozone.client.OzoneBucket.createKey(OzoneBucket.java:325)
	at org.apache.hadoop.ozone.freon.RandomKeyGenerator.createKey(RandomKeyGenerator.java:695)
	at org.apache.hadoop.ozone.freon.RandomKeyGenerator.access$1100(RandomKeyGenerator.java:88)
	at org.apache.hadoop.ozone.freon.RandomKeyGenerator$ObjectCreator.run(RandomKeyGenerator.java:615)
	at java.util.concurrent.Executors$RunnableAdapter.call(Executors.java:511)
	at java.util.concurrent.FutureTask.run(FutureTask.java:266)
	at java.util.concurrent.ThreadPoolExecutor.runWorker(ThreadPoolExecutor.java:1149)
	at java.util.concurrent.ThreadPoolExecutor$Worker.run(ThreadPoolExecutor.java:624)
	at java.lang.Thread.run(Thread.java:748)
 0.00% |?                                                                                                    |  0/1 Time: 0:00:01 0.00% |?                                                                                                    |  0/1 Time: 0:00:02 0.00% |?                                                                                                    |  0/1 Time: 0:00:03 0.00% |?                                                                                                    |  0/1 Time: 0:00:04 100.00% |?????????????????????????????????????????????????????????????????????????????????????????????????????|  1/1 Time: 0:00:05
2019-10-21 10:13:34,068 [Thread-492] INFO  impl.FollowerState (FollowerState.java:run(111)) - 24baf8d8-840e-4e7d-83f1-b115321d4c4e@group-0CCC0178E837-FollowerState: change to CANDIDATE, lastRpcTime:5114ms, electionTimeout:5114ms
2019-10-21 10:13:34,069 [Thread-492] INFO  impl.RoleInfo (RoleInfo.java:shutdownFollowerState(121)) - 24baf8d8-840e-4e7d-83f1-b115321d4c4e: shutdown FollowerState
2019-10-21 10:13:34,070 [Thread-492] INFO  impl.RaftServerImpl (RaftServerImpl.java:setRole(173)) - 24baf8d8-840e-4e7d-83f1-b115321d4c4e@group-0CCC0178E837: changes role from  FOLLOWER to CANDIDATE at term 0 for changeToCandidate
2019-10-21 10:13:34,070 [Thread-492] INFO  impl.RoleInfo (RoleInfo.java:updateAndGet(143)) - 24baf8d8-840e-4e7d-83f1-b115321d4c4e: start LeaderElection
2019-10-21 10:13:34,100 [24baf8d8-840e-4e7d-83f1-b115321d4c4e@group-0CCC0178E837-LeaderElection6] INFO  impl.LeaderElection (LeaderElection.java:askForVotes(178)) - 24baf8d8-840e-4e7d-83f1-b115321d4c4e@group-0CCC0178E837-LeaderElection6: begin an election at term 1 for -1: [24baf8d8-840e-4e7d-83f1-b115321d4c4e:192.168.69.94:43778, 45bcd496-ad94-4a09-9c65-3e660611c8c2:192.168.69.94:45233, 5fc95126-4ebe-42c6-9d3e-d6bb5819be12:192.168.69.94:34268], old=null
2019-10-21 10:13:34,111 [grpc-default-executor-0] INFO  impl.RaftServerImpl (RaftServerImpl.java:setRole(173)) - 5fc95126-4ebe-42c6-9d3e-d6bb5819be12@group-0CCC0178E837: changes role from  FOLLOWER to FOLLOWER at term 1 for recognizeCandidate:24baf8d8-840e-4e7d-83f1-b115321d4c4e
2019-10-21 10:13:34,111 [grpc-default-executor-2] INFO  impl.RaftServerImpl (RaftServerImpl.java:setRole(173)) - 45bcd496-ad94-4a09-9c65-3e660611c8c2@group-0CCC0178E837: changes role from  FOLLOWER to FOLLOWER at term 1 for recognizeCandidate:24baf8d8-840e-4e7d-83f1-b115321d4c4e
2019-10-21 10:13:34,111 [grpc-default-executor-0] INFO  impl.RoleInfo (RoleInfo.java:shutdownFollowerState(121)) - 5fc95126-4ebe-42c6-9d3e-d6bb5819be12: shutdown FollowerState
2019-10-21 10:13:34,111 [grpc-default-executor-2] INFO  impl.RoleInfo (RoleInfo.java:shutdownFollowerState(121)) - 45bcd496-ad94-4a09-9c65-3e660611c8c2: shutdown FollowerState
2019-10-21 10:13:34,112 [Thread-489] INFO  impl.FollowerState (FollowerState.java:run(120)) - 5fc95126-4ebe-42c6-9d3e-d6bb5819be12@group-0CCC0178E837-FollowerState was interrupted: java.lang.InterruptedException: sleep interrupted
2019-10-21 10:13:34,112 [Thread-495] INFO  impl.FollowerState (FollowerState.java:run(120)) - 45bcd496-ad94-4a09-9c65-3e660611c8c2@group-0CCC0178E837-FollowerState was interrupted: java.lang.InterruptedException: sleep interrupted
2019-10-21 10:13:34,112 [grpc-default-executor-0] INFO  impl.RoleInfo (RoleInfo.java:updateAndGet(143)) - 5fc95126-4ebe-42c6-9d3e-d6bb5819be12: start FollowerState
2019-10-21 10:13:34,112 [grpc-default-executor-2] INFO  impl.RoleInfo (RoleInfo.java:updateAndGet(143)) - 45bcd496-ad94-4a09-9c65-3e660611c8c2: start FollowerState
2019-10-21 10:13:34,131 [24baf8d8-840e-4e7d-83f1-b115321d4c4e@group-0CCC0178E837-LeaderElection6] INFO  impl.LeaderElection (LeaderElection.java:logAndReturn(56)) - 24baf8d8-840e-4e7d-83f1-b115321d4c4e@group-0CCC0178E837-LeaderElection6: Election PASSED; received 1 response(s) [24baf8d8-840e-4e7d-83f1-b115321d4c4e<-45bcd496-ad94-4a09-9c65-3e660611c8c2#0:OK-t1] and 0 exception(s); 24baf8d8-840e-4e7d-83f1-b115321d4c4e@group-0CCC0178E837:t1, leader=null, voted=24baf8d8-840e-4e7d-83f1-b115321d4c4e, raftlog=24baf8d8-840e-4e7d-83f1-b115321d4c4e@group-0CCC0178E837-SegmentedRaftLog:OPENED:c-1,f-1,i0, conf=-1: [24baf8d8-840e-4e7d-83f1-b115321d4c4e:192.168.69.94:43778, 45bcd496-ad94-4a09-9c65-3e660611c8c2:192.168.69.94:45233, 5fc95126-4ebe-42c6-9d3e-d6bb5819be12:192.168.69.94:34268], old=null
2019-10-21 10:13:34,131 [24baf8d8-840e-4e7d-83f1-b115321d4c4e@group-0CCC0178E837-LeaderElection6] INFO  impl.RoleInfo (RoleInfo.java:shutdownLeaderElection(134)) - 24baf8d8-840e-4e7d-83f1-b115321d4c4e: shutdown LeaderElection
2019-10-21 10:13:34,132 [24baf8d8-840e-4e7d-83f1-b115321d4c4e@group-0CCC0178E837-LeaderElection6] INFO  impl.RaftServerImpl (RaftServerImpl.java:setRole(173)) - 24baf8d8-840e-4e7d-83f1-b115321d4c4e@group-0CCC0178E837: changes role from CANDIDATE to LEADER at term 1 for changeToLeader
2019-10-21 10:13:34,132 [24baf8d8-840e-4e7d-83f1-b115321d4c4e@group-0CCC0178E837-LeaderElection6] INFO  ratis.XceiverServerRatis (XceiverServerRatis.java:handleLeaderChangedNotification(701)) - Leader change notification received for group: group-0CCC0178E837 with new leaderId: 24baf8d8-840e-4e7d-83f1-b115321d4c4e
2019-10-21 10:13:34,133 [24baf8d8-840e-4e7d-83f1-b115321d4c4e@group-0CCC0178E837-LeaderElection6] INFO  impl.RaftServerImpl (ServerState.java:setLeader(255)) - 24baf8d8-840e-4e7d-83f1-b115321d4c4e@group-0CCC0178E837: change Leader from null to 24baf8d8-840e-4e7d-83f1-b115321d4c4e at term 1 for becomeLeader, leader elected after 5190ms
2019-10-21 10:13:34,133 [24baf8d8-840e-4e7d-83f1-b115321d4c4e@group-0CCC0178E837-LeaderElection6] INFO  server.RaftServerConfigKeys (ConfUtils.java:logGet(43)) - raft.server.staging.catchup.gap = 1000 (default)
2019-10-21 10:13:34,133 [24baf8d8-840e-4e7d-83f1-b115321d4c4e@group-0CCC0178E837-LeaderElection6] INFO  server.RaftServerConfigKeys (ConfUtils.java:logGet(43)) - raft.server.rpc.sleep.time = 25ms (default)
2019-10-21 10:13:34,133 [24baf8d8-840e-4e7d-83f1-b115321d4c4e@group-0CCC0178E837-LeaderElection6] INFO  server.RaftServerConfigKeys (ConfUtils.java:logGet(43)) - raft.server.write.element-limit = 4096 (default)
2019-10-21 10:13:34,134 [24baf8d8-840e-4e7d-83f1-b115321d4c4e@group-0CCC0178E837-LeaderElection6] INFO  server.RaftServerConfigKeys (ConfUtils.java:logGet(43)) - raft.server.watch.timeout = 10s (default)
2019-10-21 10:13:34,134 [24baf8d8-840e-4e7d-83f1-b115321d4c4e@group-0CCC0178E837-LeaderElection6] INFO  server.RaftServerConfigKeys (ConfUtils.java:logGet(43)) - raft.server.watch.timeout.denomination = 1s (default)
2019-10-21 10:13:34,134 [24baf8d8-840e-4e7d-83f1-b115321d4c4e@group-0CCC0178E837-LeaderElection6] INFO  server.RaftServerConfigKeys (ConfUtils.java:logGet(43)) - raft.server.watch.element-limit = 65536 (default)
2019-10-21 10:13:34,134 [24baf8d8-840e-4e7d-83f1-b115321d4c4e@group-0CCC0178E837-LeaderElection6] INFO  server.RaftServerConfigKeys (ConfUtils.java:logGet(43)) - raft.server.log.appender.snapshot.chunk.size.max = 16MB (=16777216) (default)
2019-10-21 10:13:34,135 [24baf8d8-840e-4e7d-83f1-b115321d4c4e@group-0CCC0178E837-LeaderElection6] INFO  server.RaftServerConfigKeys (ConfUtils.java:logGet(43)) - raft.server.log.appender.buffer.byte-limit = 33554432 (custom)
2019-10-21 10:13:34,135 [24baf8d8-840e-4e7d-83f1-b115321d4c4e@group-0CCC0178E837-LeaderElection6] INFO  server.RaftServerConfigKeys (ConfUtils.java:logGet(43)) - raft.server.log.appender.buffer.element-limit = 1 (custom)
2019-10-21 10:13:34,135 [EventQueue-PipelineReportForPipelineReportHandler] INFO  pipeline.PipelineReportHandler (PipelineReportHandler.java:processPipelineReport(112)) - Pipeline PipelineID=6a60c1b3-d44a-4dc9-9c0a-0ccc0178e837 reported by 24baf8d8-840e-4e7d-83f1-b115321d4c4e{ip: 192.168.69.94, host: pr-hdds-1868-bv6q8-2720828103, networkLocation: /default-rack, certSerialId: null} with leaderId 24baf8d8-840e-4e7d-83f1-b115321d4c4e
2019-10-21 10:13:34,135 [24baf8d8-840e-4e7d-83f1-b115321d4c4e@group-0CCC0178E837-LeaderElection6] INFO  grpc.GrpcConfigKeys$Server (ConfUtils.java:logGet(43)) - raft.grpc.server.leader.outstanding.appends.max = 128 (default)
2019-10-21 10:13:34,136 [24baf8d8-840e-4e7d-83f1-b115321d4c4e@group-0CCC0178E837-LeaderElection6] INFO  server.RaftServerConfigKeys (ConfUtils.java:logGet(43)) - raft.server.rpc.request.timeout = 3000ms (default)
2019-10-21 10:13:34,137 [24baf8d8-840e-4e7d-83f1-b115321d4c4e@group-0CCC0178E837-LeaderElection6] INFO  server.RaftServerConfigKeys (ConfUtils.java:logGet(43)) - raft.server.log.appender.install.snapshot.enabled = false (custom)
2019-10-21 10:13:34,137 [24baf8d8-840e-4e7d-83f1-b115321d4c4e@group-0CCC0178E837-LeaderElection6] WARN  impl.MetricRegistriesImpl (MetricRegistriesImpl.java:lambda$create$1(61)) - First MetricRegistry has been created without registering reporters. You may need to call MetricRegistries.global().addReportRegistration(...) before.
2019-10-21 10:13:34,137 [24baf8d8-840e-4e7d-83f1-b115321d4c4e@group-0CCC0178E837-LeaderElection6] INFO  server.RaftServerConfigKeys (ConfUtils.java:logGet(43)) - raft.server.log.appender.snapshot.chunk.size.max = 16MB (=16777216) (default)
2019-10-21 10:13:34,137 [24baf8d8-840e-4e7d-83f1-b115321d4c4e@group-0CCC0178E837-LeaderElection6] INFO  server.RaftServerConfigKeys (ConfUtils.java:logGet(43)) - raft.server.log.appender.buffer.byte-limit = 33554432 (custom)
2019-10-21 10:13:34,137 [24baf8d8-840e-4e7d-83f1-b115321d4c4e@group-0CCC0178E837-LeaderElection6] INFO  server.RaftServerConfigKeys (ConfUtils.java:logGet(43)) - raft.server.log.appender.buffer.element-limit = 1 (custom)
2019-10-21 10:13:34,138 [24baf8d8-840e-4e7d-83f1-b115321d4c4e@group-0CCC0178E837-LeaderElection6] INFO  grpc.GrpcConfigKeys$Server (ConfUtils.java:logGet(43)) - raft.grpc.server.leader.outstanding.appends.max = 128 (default)
2019-10-21 10:13:34,138 [24baf8d8-840e-4e7d-83f1-b115321d4c4e@group-0CCC0178E837-LeaderElection6] INFO  server.RaftServerConfigKeys (ConfUtils.java:logGet(43)) - raft.server.rpc.request.timeout = 3000ms (default)
2019-10-21 10:13:34,138 [24baf8d8-840e-4e7d-83f1-b115321d4c4e@group-0CCC0178E837-LeaderElection6] INFO  server.RaftServerConfigKeys (ConfUtils.java:logGet(43)) - raft.server.log.appender.install.snapshot.enabled = false (custom)
2019-10-21 10:13:34,138 [24baf8d8-840e-4e7d-83f1-b115321d4c4e@group-0CCC0178E837-LeaderElection6] INFO  impl.RoleInfo (RoleInfo.java:updateAndGet(143)) - 24baf8d8-840e-4e7d-83f1-b115321d4c4e: start LeaderState
2019-10-21 10:13:34,138 [24baf8d8-840e-4e7d-83f1-b115321d4c4e@group-0CCC0178E837-LeaderElection6] INFO  segmented.SegmentedRaftLogWorker (SegmentedRaftLogWorker.java:startLogSegment(385)) - 24baf8d8-840e-4e7d-83f1-b115321d4c4e@group-0CCC0178E837-SegmentedRaftLogWorker: Starting segment from index:0
2019-10-21 10:13:34,139 [24baf8d8-840e-4e7d-83f1-b115321d4c4e@group-0CCC0178E837-LeaderElection6] INFO  impl.RaftServerImpl (ServerState.java:setRaftConf(356)) - 24baf8d8-840e-4e7d-83f1-b115321d4c4e@group-0CCC0178E837: set configuration 0: [24baf8d8-840e-4e7d-83f1-b115321d4c4e:192.168.69.94:43778, 45bcd496-ad94-4a09-9c65-3e660611c8c2:192.168.69.94:45233, 5fc95126-4ebe-42c6-9d3e-d6bb5819be12:192.168.69.94:34268], old=null at 0
2019-10-21 10:13:34,177 [grpc-default-executor-2] INFO  ratis.XceiverServerRatis (XceiverServerRatis.java:handleLeaderChangedNotification(701)) - Leader change notification received for group: group-0CCC0178E837 with new leaderId: 24baf8d8-840e-4e7d-83f1-b115321d4c4e
2019-10-21 10:13:34,177 [grpc-default-executor-0] INFO  ratis.XceiverServerRatis (XceiverServerRatis.java:handleLeaderChangedNotification(701)) - Leader change notification received for group: group-0CCC0178E837 with new leaderId: 24baf8d8-840e-4e7d-83f1-b115321d4c4e
2019-10-21 10:13:34,178 [grpc-default-executor-2] INFO  impl.RaftServerImpl (ServerState.java:setLeader(255)) - 45bcd496-ad94-4a09-9c65-3e660611c8c2@group-0CCC0178E837: change Leader from null to 24baf8d8-840e-4e7d-83f1-b115321d4c4e at term 1 for appendEntries, leader elected after 5235ms
2019-10-21 10:13:34,178 [grpc-default-executor-0] INFO  impl.RaftServerImpl (ServerState.java:setLeader(255)) - 5fc95126-4ebe-42c6-9d3e-d6bb5819be12@group-0CCC0178E837: change Leader from null to 24baf8d8-840e-4e7d-83f1-b115321d4c4e at term 1 for appendEntries, leader elected after 5235ms
2019-10-21 10:13:34,182 [EventQueue-PipelineReportForPipelineReportHandler] INFO  pipeline.PipelineReportHandler (PipelineReportHandler.java:processPipelineReport(112)) - Pipeline PipelineID=6a60c1b3-d44a-4dc9-9c0a-0ccc0178e837 reported by 45bcd496-ad94-4a09-9c65-3e660611c8c2{ip: 192.168.69.94, host: pr-hdds-1868-bv6q8-2720828103, networkLocation: /default-rack, certSerialId: null} with leaderId 24baf8d8-840e-4e7d-83f1-b115321d4c4e
2019-10-21 10:13:34,183 [EventQueue-PipelineReportForPipelineReportHandler] INFO  pipeline.PipelineReportHandler (PipelineReportHandler.java:processPipelineReport(112)) - Pipeline PipelineID=6a60c1b3-d44a-4dc9-9c0a-0ccc0178e837 reported by 5fc95126-4ebe-42c6-9d3e-d6bb5819be12{ip: 192.168.69.94, host: pr-hdds-1868-bv6q8-2720828103, networkLocation: /default-rack, certSerialId: null} with leaderId 24baf8d8-840e-4e7d-83f1-b115321d4c4e
2019-10-21 10:13:34,183 [EventQueue-PipelineReportForPipelineReportHandler] INFO  pipeline.PipelineStateManager (PipelineStateManager.java:openPipeline(134)) - Pipeline Pipeline[ Id: 6a60c1b3-d44a-4dc9-9c0a-0ccc0178e837, Nodes: 24baf8d8-840e-4e7d-83f1-b115321d4c4e{ip: 192.168.69.94, host: pr-hdds-1868-bv6q8-2720828103, networkLocation: /default-rack, certSerialId: null}45bcd496-ad94-4a09-9c65-3e660611c8c2{ip: 192.168.69.94, host: pr-hdds-1868-bv6q8-2720828103, networkLocation: /default-rack, certSerialId: null}5fc95126-4ebe-42c6-9d3e-d6bb5819be12{ip: 192.168.69.94, host: pr-hdds-1868-bv6q8-2720828103, networkLocation: /default-rack, certSerialId: null}, Type:RATIS, Factor:THREE, State:OPEN] moved to OPEN state
2019-10-21 10:13:34,184 [grpc-default-executor-0] INFO  impl.RaftServerImpl (ServerState.java:setRaftConf(356)) - 45bcd496-ad94-4a09-9c65-3e660611c8c2@group-0CCC0178E837: set configuration 0: [24baf8d8-840e-4e7d-83f1-b115321d4c4e:192.168.69.94:43778, 45bcd496-ad94-4a09-9c65-3e660611c8c2:192.168.69.94:45233, 5fc95126-4ebe-42c6-9d3e-d6bb5819be12:192.168.69.94:34268], old=null at 0
2019-10-21 10:13:34,184 [grpc-default-executor-2] INFO  impl.RaftServerImpl (ServerState.java:setRaftConf(356)) - 5fc95126-4ebe-42c6-9d3e-d6bb5819be12@group-0CCC0178E837: set configuration 0: [24baf8d8-840e-4e7d-83f1-b115321d4c4e:192.168.69.94:43778, 45bcd496-ad94-4a09-9c65-3e660611c8c2:192.168.69.94:45233, 5fc95126-4ebe-42c6-9d3e-d6bb5819be12:192.168.69.94:34268], old=null at 0
2019-10-21 10:13:34,188 [grpc-default-executor-0] INFO  segmented.SegmentedRaftLogWorker (SegmentedRaftLogWorker.java:startLogSegment(385)) - 45bcd496-ad94-4a09-9c65-3e660611c8c2@group-0CCC0178E837-SegmentedRaftLogWorker: Starting segment from index:0
2019-10-21 10:13:34,189 [grpc-default-executor-2] INFO  segmented.SegmentedRaftLogWorker (SegmentedRaftLogWorker.java:startLogSegment(385)) - 5fc95126-4ebe-42c6-9d3e-d6bb5819be12@group-0CCC0178E837-SegmentedRaftLogWorker: Starting segment from index:0
2019-10-21 10:13:34,199 [24baf8d8-840e-4e7d-83f1-b115321d4c4e@group-0CCC0178E837-SegmentedRaftLogWorker] INFO  segmented.SegmentedRaftLogWorker (SegmentedRaftLogWorker.java:execute(576)) - 24baf8d8-840e-4e7d-83f1-b115321d4c4e@group-0CCC0178E837-SegmentedRaftLogWorker: created new log segment /workdir/hadoop-ozone/tools/target/test-dir/MiniOzoneClusterImpl-4c43668a-c6b8-486a-a996-549bedbdf837/datanode-0/data/ratis/6a60c1b3-d44a-4dc9-9c0a-0ccc0178e837/current/log_inprogress_0
2019-10-21 10:13:34,235 [45bcd496-ad94-4a09-9c65-3e660611c8c2@group-0CCC0178E837-SegmentedRaftLogWorker] INFO  segmented.SegmentedRaftLogWorker (SegmentedRaftLogWorker.java:execute(576)) - 45bcd496-ad94-4a09-9c65-3e660611c8c2@group-0CCC0178E837-SegmentedRaftLogWorker: created new log segment /workdir/hadoop-ozone/tools/target/test-dir/MiniOzoneClusterImpl-4c43668a-c6b8-486a-a996-549bedbdf837/datanode-2/data/ratis/6a60c1b3-d44a-4dc9-9c0a-0ccc0178e837/current/log_inprogress_0
2019-10-21 10:13:34,235 [5fc95126-4ebe-42c6-9d3e-d6bb5819be12@group-0CCC0178E837-SegmentedRaftLogWorker] INFO  segmented.SegmentedRaftLogWorker (SegmentedRaftLogWorker.java:execute(576)) - 5fc95126-4ebe-42c6-9d3e-d6bb5819be12@group-0CCC0178E837-SegmentedRaftLogWorker: created new log segment /workdir/hadoop-ozone/tools/target/test-dir/MiniOzoneClusterImpl-4c43668a-c6b8-486a-a996-549bedbdf837/datanode-1/data/ratis/6a60c1b3-d44a-4dc9-9c0a-0ccc0178e837/current/log_inprogress_0
]]></system-out>
    <system-err><![CDATA[ERROR StatusLogger No Log4j 2 configuration file found. Using default configuration (logging only errors to the console), or user programmatically provided configurations. Set system property 'log4j2.debug' to show Log4j 2 internal initialization logging. See https://logging.apache.org/log4j/2.x/manual/configuration.html for instructions on how to configure Log4j 2
]]></system-err>
  </testcase>
</testsuite>