<?xml version="1.0" encoding="UTF-8"?>
<testsuite xmlns:xsi="http://www.w3.org/2001/XMLSchema-instance" xsi:noNamespaceSchemaLocation="https://maven.apache.org/surefire/maven-surefire-plugin/xsd/surefire-test-report.xsd" name="org.apache.hadoop.ozone.client.rpc.TestOzoneClientRetriesOnException" time="367.23" tests="2" errors="2" skipped="0" failures="0">
  <properties>
    <property name="awt.toolkit" value="sun.awt.X11.XToolkit"/>
    <property name="file.encoding.pkg" value="sun.io"/>
    <property name="java.specification.version" value="1.8"/>
    <property name="sun.cpu.isalist" value=""/>
    <property name="sun.jnu.encoding" value="UTF-8"/>
    <property name="java.class.path" value="/workdir/hadoop-ozone/integration-test/target/test-classes:/workdir/hadoop-ozone/integration-test/target/classes:/home/user/.m2/repository/org/apache/hadoop/hadoop-ozone-common/0.5.0-SNAPSHOT/hadoop-ozone-common-0.5.0-SNAPSHOT.jar:/home/user/.m2/repository/org/apache/commons/commons-compress/1.4.1/commons-compress-1.4.1.jar:/home/user/.m2/repository/org/tukaani/xz/1.0/xz-1.0.jar:/home/user/.m2/repository/org/apache/hadoop/hadoop-common/3.2.0/hadoop-common-3.2.0.jar:/home/user/.m2/repository/org/apache/hadoop/hadoop-hdfs/3.2.0/hadoop-hdfs-3.2.0.jar:/home/user/.m2/repository/org/apache/hadoop/hadoop-hdfs-client/3.2.0/hadoop-hdfs-client-3.2.0.jar:/home/user/.m2/repository/com/fasterxml/jackson/core/jackson-annotations/2.9.9/jackson-annotations-2.9.9.jar:/home/user/.m2/repository/org/apache/hadoop/hadoop-hdds-common/0.5.0-SNAPSHOT/hadoop-hdds-common-0.5.0-SNAPSHOT.jar:/home/user/.m2/repository/javax/annotation/javax.annotation-api/1.2/javax.annotation-api-1.2.jar:/home/user/.m2/repository/org/apache/ratis/ratis-server/0.5.0-201fc85-SNAPSHOT/ratis-server-0.5.0-201fc85-SNAPSHOT.jar:/home/user/.m2/repository/org/apache/ratis/ratis-thirdparty-misc/0.2.0/ratis-thirdparty-misc-0.2.0.jar:/home/user/.m2/repository/org/apache/ratis/ratis-proto/0.5.0-201fc85-SNAPSHOT/ratis-proto-0.5.0-201fc85-SNAPSHOT.jar:/home/user/.m2/repository/org/apache/ratis/ratis-common/0.5.0-201fc85-SNAPSHOT/ratis-common-0.5.0-201fc85-SNAPSHOT.jar:/home/user/.m2/repository/org/apache/ratis/ratis-client/0.5.0-201fc85-SNAPSHOT/ratis-client-0.5.0-201fc85-SNAPSHOT.jar:/home/user/.m2/repository/org/apache/ratis/ratis-metrics/0.5.0-201fc85-SNAPSHOT/ratis-metrics-0.5.0-201fc85-SNAPSHOT.jar:/home/user/.m2/repository/com/github/joshelser/dropwizard-metrics-hadoop-metrics2-reporter/0.1.2/dropwizard-metrics-hadoop-metrics2-reporter-0.1.2.jar:/home/user/.m2/repository/io/dropwizard/metrics/metrics-jvm/3.2.5/metrics-jvm-3.2.5.jar:/home/user/.m2/repository/io/dropwizard/metrics/metrics-ganglia/3.2.5/metrics-ganglia-3.2.5.jar:/home/user/.m2/repository/info/ganglia/gmetric4j/gmetric4j/1.0.7/gmetric4j-1.0.7.jar:/home/user/.m2/repository/org/apache/ratis/ratis-netty/0.5.0-201fc85-SNAPSHOT/ratis-netty-0.5.0-201fc85-SNAPSHOT.jar:/home/user/.m2/repository/org/apache/ratis/ratis-grpc/0.5.0-201fc85-SNAPSHOT/ratis-grpc-0.5.0-201fc85-SNAPSHOT.jar:/home/user/.m2/repository/org/rocksdb/rocksdbjni/6.0.1/rocksdbjni-6.0.1.jar:/home/user/.m2/repository/org/apache/logging/log4j/log4j-api/2.11.0/log4j-api-2.11.0.jar:/home/user/.m2/repository/org/apache/logging/log4j/log4j-core/2.11.0/log4j-core-2.11.0.jar:/home/user/.m2/repository/com/lmax/disruptor/3.4.2/disruptor-3.4.2.jar:/home/user/.m2/repository/org/apache/commons/commons-pool2/2.6.0/commons-pool2-2.6.0.jar:/home/user/.m2/repository/org/bouncycastle/bcpkix-jdk15on/1.60/bcpkix-jdk15on-1.60.jar:/home/user/.m2/repository/commons-validator/commons-validator/1.6/commons-validator-1.6.jar:/home/user/.m2/repository/commons-digester/commons-digester/1.8.1/commons-digester-1.8.1.jar:/home/user/.m2/repository/io/jaegertracing/jaeger-client/0.34.0/jaeger-client-0.34.0.jar:/home/user/.m2/repository/io/jaegertracing/jaeger-thrift/0.34.0/jaeger-thrift-0.34.0.jar:/home/user/.m2/repository/org/apache/thrift/libthrift/0.12.0/libthrift-0.12.0.jar:/home/user/.m2/repository/com/squareup/okhttp3/okhttp/3.9.0/okhttp-3.9.0.jar:/home/user/.m2/repository/com/squareup/okio/okio/1.13.0/okio-1.13.0.jar:/home/user/.m2/repository/io/jaegertracing/jaeger-core/0.34.0/jaeger-core-0.34.0.jar:/home/user/.m2/repository/io/jaegertracing/jaeger-tracerresolver/0.34.0/jaeger-tracerresolver-0.34.0.jar:/home/user/.m2/repository/io/opentracing/contrib/opentracing-tracerresolver/0.1.5/opentracing-tracerresolver-0.1.5.jar:/home/user/.m2/repository/io/opentracing/opentracing-util/0.31.0/opentracing-util-0.31.0.jar:/home/user/.m2/repository/io/opentracing/opentracing-api/0.31.0/opentracing-api-0.31.0.jar:/home/user/.m2/repository/io/opentracing/opentracing-noop/0.31.0/opentracing-noop-0.31.0.jar:/home/user/.m2/repository/org/apache/hadoop/hadoop-hdds-server-framework/0.5.0-SNAPSHOT/hadoop-hdds-server-framework-0.5.0-SNAPSHOT.jar:/home/user/.m2/repository/org/apache/hadoop/hadoop-hdds-container-service/0.5.0-SNAPSHOT/hadoop-hdds-container-service-0.5.0-SNAPSHOT.jar:/home/user/.m2/repository/org/apache/hadoop/hadoop-hdds-client/0.5.0-SNAPSHOT/hadoop-hdds-client-0.5.0-SNAPSHOT.jar:/home/user/.m2/repository/org/apache/hadoop/hadoop-hdds-tools/0.5.0-SNAPSHOT/hadoop-hdds-tools-0.5.0-SNAPSHOT.jar:/home/user/.m2/repository/org/apache/hadoop/hadoop-hdds-server-scm/0.5.0-SNAPSHOT/hadoop-hdds-server-scm-0.5.0-SNAPSHOT.jar:/home/user/.m2/repository/org/apache/hadoop/hadoop-hdds-docs/0.5.0-SNAPSHOT/hadoop-hdds-docs-0.5.0-SNAPSHOT.jar:/home/user/.m2/repository/io/dropwizard/metrics/metrics-core/3.2.4/metrics-core-3.2.4.jar:/home/user/.m2/repository/org/hamcrest/hamcrest-all/1.3/hamcrest-all-1.3.jar:/home/user/.m2/repository/org/bouncycastle/bcprov-jdk15on/1.60/bcprov-jdk15on-1.60.jar:/home/user/.m2/repository/info/picocli/picocli/3.9.6/picocli-3.9.6.jar:/home/user/.m2/repository/com/google/protobuf/protobuf-java/2.5.0/protobuf-java-2.5.0.jar:/home/user/.m2/repository/com/google/guava/guava/11.0.2/guava-11.0.2.jar:/home/user/.m2/repository/org/apache/hadoop/hadoop-ozone-ozone-manager/0.5.0-SNAPSHOT/hadoop-ozone-ozone-manager-0.5.0-SNAPSHOT.jar:/home/user/.m2/repository/org/apache/hadoop/hadoop-minikdc/3.2.0/hadoop-minikdc-3.2.0.jar:/home/user/.m2/repository/commons-io/commons-io/2.5/commons-io-2.5.jar:/home/user/.m2/repository/org/apache/kerby/kerb-simplekdc/1.0.1/kerb-simplekdc-1.0.1.jar:/home/user/.m2/repository/org/apache/kerby/kerb-client/1.0.1/kerb-client-1.0.1.jar:/home/user/.m2/repository/org/apache/kerby/kerby-config/1.0.1/kerby-config-1.0.1.jar:/home/user/.m2/repository/org/apache/kerby/kerb-core/1.0.1/kerb-core-1.0.1.jar:/home/user/.m2/repository/org/apache/kerby/kerby-pkix/1.0.1/kerby-pkix-1.0.1.jar:/home/user/.m2/repository/org/apache/kerby/kerby-asn1/1.0.1/kerby-asn1-1.0.1.jar:/home/user/.m2/repository/org/apache/kerby/kerby-util/1.0.1/kerby-util-1.0.1.jar:/home/user/.m2/repository/org/apache/kerby/kerb-common/1.0.1/kerb-common-1.0.1.jar:/home/user/.m2/repository/org/apache/kerby/kerb-crypto/1.0.1/kerb-crypto-1.0.1.jar:/home/user/.m2/repository/org/apache/kerby/kerb-util/1.0.1/kerb-util-1.0.1.jar:/home/user/.m2/repository/org/apache/kerby/token-provider/1.0.1/token-provider-1.0.1.jar:/home/user/.m2/repository/org/apache/kerby/kerb-admin/1.0.1/kerb-admin-1.0.1.jar:/home/user/.m2/repository/org/apache/kerby/kerb-server/1.0.1/kerb-server-1.0.1.jar:/home/user/.m2/repository/org/apache/kerby/kerb-identity/1.0.1/kerb-identity-1.0.1.jar:/home/user/.m2/repository/org/apache/kerby/kerby-xdr/1.0.1/kerby-xdr-1.0.1.jar:/home/user/.m2/repository/org/slf4j/slf4j-log4j12/1.7.25/slf4j-log4j12-1.7.25.jar:/home/user/.m2/repository/org/apache/hadoop/hadoop-ozone-s3gateway/0.5.0-SNAPSHOT/hadoop-ozone-s3gateway-0.5.0-SNAPSHOT.jar:/home/user/.m2/repository/org/jboss/weld/servlet/weld-servlet/2.4.7.Final/weld-servlet-2.4.7.Final.jar:/home/user/.m2/repository/org/glassfish/jersey/containers/jersey-container-servlet-core/2.27/jersey-container-servlet-core-2.27.jar:/home/user/.m2/repository/org/glassfish/hk2/external/javax.inject/2.5.0-b42/javax.inject-2.5.0-b42.jar:/home/user/.m2/repository/org/glassfish/jersey/core/jersey-common/2.27/jersey-common-2.27.jar:/home/user/.m2/repository/org/glassfish/hk2/osgi-resource-locator/1.0.1/osgi-resource-locator-1.0.1.jar:/home/user/.m2/repository/javax/ws/rs/javax.ws.rs-api/2.1/javax.ws.rs-api-2.1.jar:/home/user/.m2/repository/org/glassfish/jersey/ext/cdi/jersey-cdi1x/2.27/jersey-cdi1x-2.27.jar:/home/user/.m2/repository/org/glassfish/jersey/inject/jersey-hk2/2.27/jersey-hk2-2.27.jar:/home/user/.m2/repository/org/glassfish/hk2/hk2-locator/2.5.0-b42/hk2-locator-2.5.0-b42.jar:/home/user/.m2/repository/org/javassist/javassist/3.22.0-CR2/javassist-3.22.0-CR2.jar:/home/user/.m2/repository/org/glassfish/hk2/hk2-api/2.5.0/hk2-api-2.5.0.jar:/home/user/.m2/repository/org/glassfish/hk2/external/jakarta.inject/2.5.0/jakarta.inject-2.5.0.jar:/home/user/.m2/repository/org/glassfish/hk2/hk2-utils/2.5.0/hk2-utils-2.5.0.jar:/home/user/.m2/repository/jakarta/annotation/jakarta.annotation-api/1.3.4/jakarta.annotation-api-1.3.4.jar:/home/user/.m2/repository/org/glassfish/hk2/external/aopalliance-repackaged/2.5.0/aopalliance-repackaged-2.5.0.jar:/home/user/.m2/repository/com/fasterxml/jackson/dataformat/jackson-dataformat-xml/2.9.0/jackson-dataformat-xml-2.9.0.jar:/home/user/.m2/repository/com/fasterxml/jackson/core/jackson-core/2.9.9/jackson-core-2.9.9.jar:/home/user/.m2/repository/com/fasterxml/jackson/module/jackson-module-jaxb-annotations/2.9.9/jackson-module-jaxb-annotations-2.9.9.jar:/home/user/.m2/repository/javax/enterprise/cdi-api/1.2/cdi-api-1.2.jar:/home/user/.m2/repository/javax/el/javax.el-api/3.0.0/javax.el-api-3.0.0.jar:/home/user/.m2/repository/javax/interceptor/javax.interceptor-api/1.2/javax.interceptor-api-1.2.jar:/home/user/.m2/repository/javax/inject/javax.inject/1/javax.inject-1.jar:/home/user/.m2/repository/com/sun/xml/bind/jaxb-impl/2.3.0.1/jaxb-impl-2.3.0.1.jar:/home/user/.m2/repository/com/sun/xml/bind/jaxb-core/2.3.0.1/jaxb-core-2.3.0.1.jar:/home/user/.m2/repository/javax/xml/bind/jaxb-api/2.3.0/jaxb-api-2.3.0.jar:/home/user/.m2/repository/javax/activation/activation/1.1.1/activation-1.1.1.jar:/home/user/.m2/repository/org/apache/hadoop/hadoop-ozone-csi/0.5.0-SNAPSHOT/hadoop-ozone-csi-0.5.0-SNAPSHOT.jar:/home/user/.m2/repository/com/google/protobuf/protobuf-java-util/3.5.1/protobuf-java-util-3.5.1.jar:/home/user/.m2/repository/org/apache/hadoop/hadoop-hdds-config/0.5.0-SNAPSHOT/hadoop-hdds-config-0.5.0-SNAPSHOT.jar:/home/user/.m2/repository/io/grpc/grpc-netty/1.17.1/grpc-netty-1.17.1.jar:/home/user/.m2/repository/io/grpc/grpc-core/1.17.1/grpc-core-1.17.1.jar:/home/user/.m2/repository/io/grpc/grpc-context/1.17.1/grpc-context-1.17.1.jar:/home/user/.m2/repository/com/google/errorprone/error_prone_annotations/2.2.0/error_prone_annotations-2.2.0.jar:/home/user/.m2/repository/org/codehaus/mojo/animal-sniffer-annotations/1.17/animal-sniffer-annotations-1.17.jar:/home/user/.m2/repository/io/opencensus/opencensus-api/0.17.0/opencensus-api-0.17.0.jar:/home/user/.m2/repository/io/opencensus/opencensus-contrib-grpc-metrics/0.17.0/opencensus-contrib-grpc-metrics-0.17.0.jar:/home/user/.m2/repository/io/netty/netty-codec-http2/4.1.30.Final/netty-codec-http2-4.1.30.Final.jar:/home/user/.m2/repository/io/netty/netty-codec-http/4.1.30.Final/netty-codec-http-4.1.30.Final.jar:/home/user/.m2/repository/io/netty/netty-codec/4.1.30.Final/netty-codec-4.1.30.Final.jar:/home/user/.m2/repository/io/netty/netty-handler/4.1.30.Final/netty-handler-4.1.30.Final.jar:/home/user/.m2/repository/io/netty/netty-handler-proxy/4.1.30.Final/netty-handler-proxy-4.1.30.Final.jar:/home/user/.m2/repository/io/netty/netty-codec-socks/4.1.30.Final/netty-codec-socks-4.1.30.Final.jar:/home/user/.m2/repository/io/netty/netty-transport-native-epoll/4.1.30.Final/netty-transport-native-epoll-4.1.30.Final.jar:/home/user/.m2/repository/io/netty/netty-common/4.1.30.Final/netty-common-4.1.30.Final.jar:/home/user/.m2/repository/io/netty/netty-buffer/4.1.30.Final/netty-buffer-4.1.30.Final.jar:/home/user/.m2/repository/io/netty/netty-transport/4.1.30.Final/netty-transport-4.1.30.Final.jar:/home/user/.m2/repository/io/netty/netty-resolver/4.1.30.Final/netty-resolver-4.1.30.Final.jar:/home/user/.m2/repository/io/netty/netty-transport-native-unix-common/4.1.30.Final/netty-transport-native-unix-common-4.1.30.Final.jar:/home/user/.m2/repository/io/grpc/grpc-protobuf/1.17.1/grpc-protobuf-1.17.1.jar:/home/user/.m2/repository/com/google/api/grpc/proto-google-common-protos/1.0.0/proto-google-common-protos-1.0.0.jar:/home/user/.m2/repository/io/grpc/grpc-protobuf-lite/1.17.1/grpc-protobuf-lite-1.17.1.jar:/home/user/.m2/repository/io/grpc/grpc-stub/1.17.1/grpc-stub-1.17.1.jar:/home/user/.m2/repository/org/apache/hadoop/hadoop-ozone-recon/0.5.0-SNAPSHOT/hadoop-ozone-recon-0.5.0-SNAPSHOT.jar:/home/user/.m2/repository/org/apache/hadoop/hadoop-ozone-reconcodegen/0.5.0-SNAPSHOT/hadoop-ozone-reconcodegen-0.5.0-SNAPSHOT.jar:/home/user/.m2/repository/com/google/inject/extensions/guice-multibindings/4.0/guice-multibindings-4.0.jar:/home/user/.m2/repository/com/google/inject/guice/4.0/guice-4.0.jar:/home/user/.m2/repository/aopalliance/aopalliance/1.0/aopalliance-1.0.jar:/home/user/.m2/repository/com/google/inject/extensions/guice-servlet/4.0/guice-servlet-4.0.jar:/home/user/.m2/repository/org/glassfish/jersey/containers/jersey-container-servlet/2.27/jersey-container-servlet-2.27.jar:/home/user/.m2/repository/org/glassfish/hk2/guice-bridge/2.5.0/guice-bridge-2.5.0.jar:/home/user/.m2/repository/org/glassfish/jersey/core/jersey-server/2.27/jersey-server-2.27.jar:/home/user/.m2/repository/org/glassfish/jersey/core/jersey-client/2.27/jersey-client-2.27.jar:/home/user/.m2/repository/org/glassfish/jersey/media/jersey-media-jaxb/2.27/jersey-media-jaxb-2.27.jar:/home/user/.m2/repository/javax/validation/validation-api/1.1.0.Final/validation-api-1.1.0.Final.jar:/home/user/.m2/repository/org/glassfish/jersey/media/jersey-media-json-jackson/2.27/jersey-media-json-jackson-2.27.jar:/home/user/.m2/repository/org/glassfish/jersey/ext/jersey-entity-filtering/2.27/jersey-entity-filtering-2.27.jar:/home/user/.m2/repository/com/google/inject/extensions/guice-assistedinject/4.0/guice-assistedinject-4.0.jar:/home/user/.m2/repository/org/jooq/jooq/3.11.10/jooq-3.11.10.jar:/home/user/.m2/repository/org/jooq/jooq-meta/3.11.10/jooq-meta-3.11.10.jar:/home/user/.m2/repository/org/jooq/jooq-codegen/3.11.10/jooq-codegen-3.11.10.jar:/home/user/.m2/repository/com/jolbox/bonecp/0.8.0.RELEASE/bonecp-0.8.0.RELEASE.jar:/home/user/.m2/repository/org/xerial/sqlite-jdbc/3.25.2/sqlite-jdbc-3.25.2.jar:/home/user/.m2/repository/org/springframework/spring-jdbc/5.1.3.RELEASE/spring-jdbc-5.1.3.RELEASE.jar:/home/user/.m2/repository/org/springframework/spring-beans/5.1.3.RELEASE/spring-beans-5.1.3.RELEASE.jar:/home/user/.m2/repository/org/springframework/spring-core/5.1.3.RELEASE/spring-core-5.1.3.RELEASE.jar:/home/user/.m2/repository/org/springframework/spring-jcl/5.1.3.RELEASE/spring-jcl-5.1.3.RELEASE.jar:/home/user/.m2/repository/org/springframework/spring-tx/5.1.3.RELEASE/spring-tx-5.1.3.RELEASE.jar:/home/user/.m2/repository/org/apache/hadoop/hadoop-ozone-client/0.5.0-SNAPSHOT/hadoop-ozone-client-0.5.0-SNAPSHOT.jar:/home/user/.m2/repository/commons-lang/commons-lang/2.6/commons-lang-2.6.jar:/home/user/.m2/repository/org/apache/hadoop/hadoop-ozone-ozone-manager/0.5.0-SNAPSHOT/hadoop-ozone-ozone-manager-0.5.0-SNAPSHOT-tests.jar:/home/user/.m2/repository/junit/junit/4.11/junit-4.11.jar:/home/user/.m2/repository/org/hamcrest/hamcrest-core/1.3/hamcrest-core-1.3.jar:/home/user/.m2/repository/org/openjdk/jmh/jmh-core/1.19/jmh-core-1.19.jar:/home/user/.m2/repository/net/sf/jopt-simple/jopt-simple/4.6/jopt-simple-4.6.jar:/home/user/.m2/repository/org/apache/commons/commons-math3/3.1.1/commons-math3-3.1.1.jar:/home/user/.m2/repository/org/openjdk/jmh/jmh-generator-annprocess/1.19/jmh-generator-annprocess-1.19.jar:/home/user/.m2/repository/org/mockito/mockito-all/1.8.5/mockito-all-1.8.5.jar:/home/user/.m2/repository/org/apache/hadoop/hadoop-kms/3.2.0/hadoop-kms-3.2.0.jar:/home/user/.m2/repository/org/apache/hadoop/hadoop-auth/3.2.0/hadoop-auth-3.2.0.jar:/home/user/.m2/repository/com/nimbusds/nimbus-jose-jwt/4.41.1/nimbus-jose-jwt-4.41.1.jar:/home/user/.m2/repository/com/github/stephenc/jcip/jcip-annotations/1.0-1/jcip-annotations-1.0-1.jar:/home/user/.m2/repository/net/minidev/json-smart/2.3/json-smart-2.3.jar:/home/user/.m2/repository/net/minidev/accessors-smart/1.2/accessors-smart-1.2.jar:/home/user/.m2/repository/org/ow2/asm/asm/5.0.4/asm-5.0.4.jar:/home/user/.m2/repository/org/apache/curator/curator-framework/2.12.0/curator-framework-2.12.0.jar:/home/user/.m2/repository/com/sun/jersey/jersey-core/1.19/jersey-core-1.19.jar:/home/user/.m2/repository/javax/ws/rs/jsr311-api/1.1.1/jsr311-api-1.1.1.jar:/home/user/.m2/repository/com/sun/jersey/jersey-server/1.19/jersey-server-1.19.jar:/home/user/.m2/repository/javax/servlet/javax.servlet-api/3.1.0/javax.servlet-api-3.1.0.jar:/home/user/.m2/repository/org/eclipse/jetty/jetty-server/9.3.25.v20180904/jetty-server-9.3.25.v20180904.jar:/home/user/.m2/repository/org/eclipse/jetty/jetty-http/9.3.25.v20180904/jetty-http-9.3.25.v20180904.jar:/home/user/.m2/repository/org/eclipse/jetty/jetty-io/9.3.25.v20180904/jetty-io-9.3.25.v20180904.jar:/home/user/.m2/repository/org/eclipse/jetty/jetty-webapp/9.3.25.v20180904/jetty-webapp-9.3.25.v20180904.jar:/home/user/.m2/repository/org/eclipse/jetty/jetty-xml/9.3.25.v20180904/jetty-xml-9.3.25.v20180904.jar:/home/user/.m2/repository/log4j/log4j/1.2.17/log4j-1.2.17.jar:/home/user/.m2/repository/org/slf4j/slf4j-api/1.7.25/slf4j-api-1.7.25.jar:/home/user/.m2/repository/org/slf4j/jul-to-slf4j/1.7.25/jul-to-slf4j-1.7.25.jar:/home/user/.m2/repository/org/eclipse/jetty/jetty-util/9.3.25.v20180904/jetty-util-9.3.25.v20180904.jar:/home/user/.m2/repository/com/fasterxml/jackson/core/jackson-databind/2.9.9/jackson-databind-2.9.9.jar:/home/user/.m2/repository/org/apache/hadoop/hadoop-kms/3.2.0/hadoop-kms-3.2.0-tests.jar:/home/user/.m2/repository/org/apache/hadoop/hadoop-hdds-server-scm/0.5.0-SNAPSHOT/hadoop-hdds-server-scm-0.5.0-SNAPSHOT-tests.jar:/home/user/.m2/repository/org/apache/hadoop/hadoop-hdds-container-service/0.5.0-SNAPSHOT/hadoop-hdds-container-service-0.5.0-SNAPSHOT-tests.jar:/home/user/.m2/repository/org/yaml/snakeyaml/1.16/snakeyaml-1.16.jar:/home/user/.m2/repository/org/apache/hadoop/hadoop-common/3.2.0/hadoop-common-3.2.0-tests.jar:/home/user/.m2/repository/org/apache/hadoop/hadoop-annotations/3.2.0/hadoop-annotations-3.2.0.jar:/usr/lib/jvm/java-1.8-openjdk/jre/../lib/tools.jar:/home/user/.m2/repository/commons-cli/commons-cli/1.2/commons-cli-1.2.jar:/home/user/.m2/repository/org/apache/httpcomponents/httpclient/4.5.2/httpclient-4.5.2.jar:/home/user/.m2/repository/org/apache/httpcomponents/httpcore/4.4.4/httpcore-4.4.4.jar:/home/user/.m2/repository/commons-codec/commons-codec/1.11/commons-codec-1.11.jar:/home/user/.m2/repository/commons-net/commons-net/3.6/commons-net-3.6.jar:/home/user/.m2/repository/commons-collections/commons-collections/3.2.2/commons-collections-3.2.2.jar:/home/user/.m2/repository/org/eclipse/jetty/jetty-servlet/9.3.25.v20180904/jetty-servlet-9.3.25.v20180904.jar:/home/user/.m2/repository/org/eclipse/jetty/jetty-security/9.3.25.v20180904/jetty-security-9.3.25.v20180904.jar:/home/user/.m2/repository/javax/servlet/jsp/jsp-api/2.1/jsp-api-2.1.jar:/home/user/.m2/repository/com/sun/jersey/jersey-servlet/1.19/jersey-servlet-1.19.jar:/home/user/.m2/repository/com/sun/jersey/jersey-json/1.19/jersey-json-1.19.jar:/home/user/.m2/repository/org/codehaus/jettison/jettison/1.1/jettison-1.1.jar:/home/user/.m2/repository/org/codehaus/jackson/jackson-core-asl/1.9.13/jackson-core-asl-1.9.13.jar:/home/user/.m2/repository/org/codehaus/jackson/jackson-mapper-asl/1.9.13/jackson-mapper-asl-1.9.13.jar:/home/user/.m2/repository/org/codehaus/jackson/jackson-jaxrs/1.9.13/jackson-jaxrs-1.9.13.jar:/home/user/.m2/repository/org/codehaus/jackson/jackson-xc/1.9.13/jackson-xc-1.9.13.jar:/home/user/.m2/repository/commons-logging/commons-logging/1.1.3/commons-logging-1.1.3.jar:/home/user/.m2/repository/commons-beanutils/commons-beanutils/1.9.4/commons-beanutils-1.9.4.jar:/home/user/.m2/repository/org/apache/commons/commons-configuration2/2.1.1/commons-configuration2-2.1.1.jar:/home/user/.m2/repository/org/apache/commons/commons-lang3/3.7/commons-lang3-3.7.jar:/home/user/.m2/repository/org/apache/commons/commons-text/1.4/commons-text-1.4.jar:/home/user/.m2/repository/org/apache/avro/avro/1.7.7/avro-1.7.7.jar:/home/user/.m2/repository/com/thoughtworks/paranamer/paranamer/2.3/paranamer-2.3.jar:/home/user/.m2/repository/org/xerial/snappy/snappy-java/1.0.5/snappy-java-1.0.5.jar:/home/user/.m2/repository/com/google/re2j/re2j/1.1/re2j-1.1.jar:/home/user/.m2/repository/com/google/code/gson/gson/2.2.4/gson-2.2.4.jar:/home/user/.m2/repository/com/jcraft/jsch/0.1.54/jsch-0.1.54.jar:/home/user/.m2/repository/org/apache/curator/curator-client/2.12.0/curator-client-2.12.0.jar:/home/user/.m2/repository/org/apache/curator/curator-recipes/2.12.0/curator-recipes-2.12.0.jar:/home/user/.m2/repository/com/google/code/findbugs/jsr305/3.0.0/jsr305-3.0.0.jar:/home/user/.m2/repository/org/apache/htrace/htrace-core4/4.1.0-incubating/htrace-core4-4.1.0-incubating.jar:/home/user/.m2/repository/org/apache/zookeeper/zookeeper/3.4.13/zookeeper-3.4.13.jar:/home/user/.m2/repository/jline/jline/0.9.94/jline-0.9.94.jar:/home/user/.m2/repository/org/apache/yetus/audience-annotations/0.5.0/audience-annotations-0.5.0.jar:/home/user/.m2/repository/org/codehaus/woodstox/stax2-api/3.1.4/stax2-api-3.1.4.jar:/home/user/.m2/repository/com/fasterxml/woodstox/woodstox-core/5.0.3/woodstox-core-5.0.3.jar:/home/user/.m2/repository/dnsjava/dnsjava/2.1.7/dnsjava-2.1.7.jar:/home/user/.m2/repository/org/apache/hadoop/hadoop-hdfs/3.2.0/hadoop-hdfs-3.2.0-tests.jar:/home/user/.m2/repository/org/eclipse/jetty/jetty-util-ajax/9.3.25.v20180904/jetty-util-ajax-9.3.25.v20180904.jar:/home/user/.m2/repository/commons-daemon/commons-daemon/1.0.13/commons-daemon-1.0.13.jar:/home/user/.m2/repository/io/netty/netty/3.10.5.Final/netty-3.10.5.Final.jar:/home/user/.m2/repository/io/netty/netty-all/4.0.52.Final/netty-all-4.0.52.Final.jar:/home/user/.m2/repository/org/fusesource/leveldbjni/leveldbjni-all/1.8/leveldbjni-all-1.8.jar:"/>
    <property name="java.vm.vendor" value="IcedTea"/>
    <property name="sun.arch.data.model" value="64"/>
    <property name="test.build.dir" value="/workdir/hadoop-ozone/integration-test/target/test-dir"/>
    <property name="test.cache.data" value=""/>
    <property name="java.vendor.url" value="https://icedtea.classpath.org"/>
    <property name="user.timezone" value=""/>
    <property name="java.vm.specification.version" value="1.8"/>
    <property name="os.name" value="Linux"/>
    <property name="test.build.data" value="/workdir/hadoop-ozone/integration-test/target/test-dir"/>
    <property name="user.country" value="US"/>
    <property name="sun.java.launcher" value="SUN_STANDARD"/>
    <property name="sun.boot.library.path" value="/usr/lib/jvm/java-1.8-openjdk/jre/lib/amd64"/>
    <property name="sun.java.command" value="/workdir/hadoop-ozone/integration-test/target/surefire/surefirebooter724515112110712343.jar /workdir/hadoop-ozone/integration-test/target/surefire 2019-10-02T06-52-48_325-jvmRun1 surefire1512120135785986327tmp surefire_685929969227673166606tmp"/>
    <property name="test" value="!TestMiniChaosOzoneCluster"/>
    <property name="surefire.test.class.path" value="/workdir/hadoop-ozone/integration-test/target/test-classes:/workdir/hadoop-ozone/integration-test/target/classes:/home/user/.m2/repository/org/apache/hadoop/hadoop-ozone-common/0.5.0-SNAPSHOT/hadoop-ozone-common-0.5.0-SNAPSHOT.jar:/home/user/.m2/repository/org/apache/commons/commons-compress/1.4.1/commons-compress-1.4.1.jar:/home/user/.m2/repository/org/tukaani/xz/1.0/xz-1.0.jar:/home/user/.m2/repository/org/apache/hadoop/hadoop-common/3.2.0/hadoop-common-3.2.0.jar:/home/user/.m2/repository/org/apache/hadoop/hadoop-hdfs/3.2.0/hadoop-hdfs-3.2.0.jar:/home/user/.m2/repository/org/apache/hadoop/hadoop-hdfs-client/3.2.0/hadoop-hdfs-client-3.2.0.jar:/home/user/.m2/repository/com/fasterxml/jackson/core/jackson-annotations/2.9.9/jackson-annotations-2.9.9.jar:/home/user/.m2/repository/org/apache/hadoop/hadoop-hdds-common/0.5.0-SNAPSHOT/hadoop-hdds-common-0.5.0-SNAPSHOT.jar:/home/user/.m2/repository/javax/annotation/javax.annotation-api/1.2/javax.annotation-api-1.2.jar:/home/user/.m2/repository/org/apache/ratis/ratis-server/0.5.0-201fc85-SNAPSHOT/ratis-server-0.5.0-201fc85-SNAPSHOT.jar:/home/user/.m2/repository/org/apache/ratis/ratis-thirdparty-misc/0.2.0/ratis-thirdparty-misc-0.2.0.jar:/home/user/.m2/repository/org/apache/ratis/ratis-proto/0.5.0-201fc85-SNAPSHOT/ratis-proto-0.5.0-201fc85-SNAPSHOT.jar:/home/user/.m2/repository/org/apache/ratis/ratis-common/0.5.0-201fc85-SNAPSHOT/ratis-common-0.5.0-201fc85-SNAPSHOT.jar:/home/user/.m2/repository/org/apache/ratis/ratis-client/0.5.0-201fc85-SNAPSHOT/ratis-client-0.5.0-201fc85-SNAPSHOT.jar:/home/user/.m2/repository/org/apache/ratis/ratis-metrics/0.5.0-201fc85-SNAPSHOT/ratis-metrics-0.5.0-201fc85-SNAPSHOT.jar:/home/user/.m2/repository/com/github/joshelser/dropwizard-metrics-hadoop-metrics2-reporter/0.1.2/dropwizard-metrics-hadoop-metrics2-reporter-0.1.2.jar:/home/user/.m2/repository/io/dropwizard/metrics/metrics-jvm/3.2.5/metrics-jvm-3.2.5.jar:/home/user/.m2/repository/io/dropwizard/metrics/metrics-ganglia/3.2.5/metrics-ganglia-3.2.5.jar:/home/user/.m2/repository/info/ganglia/gmetric4j/gmetric4j/1.0.7/gmetric4j-1.0.7.jar:/home/user/.m2/repository/org/apache/ratis/ratis-netty/0.5.0-201fc85-SNAPSHOT/ratis-netty-0.5.0-201fc85-SNAPSHOT.jar:/home/user/.m2/repository/org/apache/ratis/ratis-grpc/0.5.0-201fc85-SNAPSHOT/ratis-grpc-0.5.0-201fc85-SNAPSHOT.jar:/home/user/.m2/repository/org/rocksdb/rocksdbjni/6.0.1/rocksdbjni-6.0.1.jar:/home/user/.m2/repository/org/apache/logging/log4j/log4j-api/2.11.0/log4j-api-2.11.0.jar:/home/user/.m2/repository/org/apache/logging/log4j/log4j-core/2.11.0/log4j-core-2.11.0.jar:/home/user/.m2/repository/com/lmax/disruptor/3.4.2/disruptor-3.4.2.jar:/home/user/.m2/repository/org/apache/commons/commons-pool2/2.6.0/commons-pool2-2.6.0.jar:/home/user/.m2/repository/org/bouncycastle/bcpkix-jdk15on/1.60/bcpkix-jdk15on-1.60.jar:/home/user/.m2/repository/commons-validator/commons-validator/1.6/commons-validator-1.6.jar:/home/user/.m2/repository/commons-digester/commons-digester/1.8.1/commons-digester-1.8.1.jar:/home/user/.m2/repository/io/jaegertracing/jaeger-client/0.34.0/jaeger-client-0.34.0.jar:/home/user/.m2/repository/io/jaegertracing/jaeger-thrift/0.34.0/jaeger-thrift-0.34.0.jar:/home/user/.m2/repository/org/apache/thrift/libthrift/0.12.0/libthrift-0.12.0.jar:/home/user/.m2/repository/com/squareup/okhttp3/okhttp/3.9.0/okhttp-3.9.0.jar:/home/user/.m2/repository/com/squareup/okio/okio/1.13.0/okio-1.13.0.jar:/home/user/.m2/repository/io/jaegertracing/jaeger-core/0.34.0/jaeger-core-0.34.0.jar:/home/user/.m2/repository/io/jaegertracing/jaeger-tracerresolver/0.34.0/jaeger-tracerresolver-0.34.0.jar:/home/user/.m2/repository/io/opentracing/contrib/opentracing-tracerresolver/0.1.5/opentracing-tracerresolver-0.1.5.jar:/home/user/.m2/repository/io/opentracing/opentracing-util/0.31.0/opentracing-util-0.31.0.jar:/home/user/.m2/repository/io/opentracing/opentracing-api/0.31.0/opentracing-api-0.31.0.jar:/home/user/.m2/repository/io/opentracing/opentracing-noop/0.31.0/opentracing-noop-0.31.0.jar:/home/user/.m2/repository/org/apache/hadoop/hadoop-hdds-server-framework/0.5.0-SNAPSHOT/hadoop-hdds-server-framework-0.5.0-SNAPSHOT.jar:/home/user/.m2/repository/org/apache/hadoop/hadoop-hdds-container-service/0.5.0-SNAPSHOT/hadoop-hdds-container-service-0.5.0-SNAPSHOT.jar:/home/user/.m2/repository/org/apache/hadoop/hadoop-hdds-client/0.5.0-SNAPSHOT/hadoop-hdds-client-0.5.0-SNAPSHOT.jar:/home/user/.m2/repository/org/apache/hadoop/hadoop-hdds-tools/0.5.0-SNAPSHOT/hadoop-hdds-tools-0.5.0-SNAPSHOT.jar:/home/user/.m2/repository/org/apache/hadoop/hadoop-hdds-server-scm/0.5.0-SNAPSHOT/hadoop-hdds-server-scm-0.5.0-SNAPSHOT.jar:/home/user/.m2/repository/org/apache/hadoop/hadoop-hdds-docs/0.5.0-SNAPSHOT/hadoop-hdds-docs-0.5.0-SNAPSHOT.jar:/home/user/.m2/repository/io/dropwizard/metrics/metrics-core/3.2.4/metrics-core-3.2.4.jar:/home/user/.m2/repository/org/hamcrest/hamcrest-all/1.3/hamcrest-all-1.3.jar:/home/user/.m2/repository/org/bouncycastle/bcprov-jdk15on/1.60/bcprov-jdk15on-1.60.jar:/home/user/.m2/repository/info/picocli/picocli/3.9.6/picocli-3.9.6.jar:/home/user/.m2/repository/com/google/protobuf/protobuf-java/2.5.0/protobuf-java-2.5.0.jar:/home/user/.m2/repository/com/google/guava/guava/11.0.2/guava-11.0.2.jar:/home/user/.m2/repository/org/apache/hadoop/hadoop-ozone-ozone-manager/0.5.0-SNAPSHOT/hadoop-ozone-ozone-manager-0.5.0-SNAPSHOT.jar:/home/user/.m2/repository/org/apache/hadoop/hadoop-minikdc/3.2.0/hadoop-minikdc-3.2.0.jar:/home/user/.m2/repository/commons-io/commons-io/2.5/commons-io-2.5.jar:/home/user/.m2/repository/org/apache/kerby/kerb-simplekdc/1.0.1/kerb-simplekdc-1.0.1.jar:/home/user/.m2/repository/org/apache/kerby/kerb-client/1.0.1/kerb-client-1.0.1.jar:/home/user/.m2/repository/org/apache/kerby/kerby-config/1.0.1/kerby-config-1.0.1.jar:/home/user/.m2/repository/org/apache/kerby/kerb-core/1.0.1/kerb-core-1.0.1.jar:/home/user/.m2/repository/org/apache/kerby/kerby-pkix/1.0.1/kerby-pkix-1.0.1.jar:/home/user/.m2/repository/org/apache/kerby/kerby-asn1/1.0.1/kerby-asn1-1.0.1.jar:/home/user/.m2/repository/org/apache/kerby/kerby-util/1.0.1/kerby-util-1.0.1.jar:/home/user/.m2/repository/org/apache/kerby/kerb-common/1.0.1/kerb-common-1.0.1.jar:/home/user/.m2/repository/org/apache/kerby/kerb-crypto/1.0.1/kerb-crypto-1.0.1.jar:/home/user/.m2/repository/org/apache/kerby/kerb-util/1.0.1/kerb-util-1.0.1.jar:/home/user/.m2/repository/org/apache/kerby/token-provider/1.0.1/token-provider-1.0.1.jar:/home/user/.m2/repository/org/apache/kerby/kerb-admin/1.0.1/kerb-admin-1.0.1.jar:/home/user/.m2/repository/org/apache/kerby/kerb-server/1.0.1/kerb-server-1.0.1.jar:/home/user/.m2/repository/org/apache/kerby/kerb-identity/1.0.1/kerb-identity-1.0.1.jar:/home/user/.m2/repository/org/apache/kerby/kerby-xdr/1.0.1/kerby-xdr-1.0.1.jar:/home/user/.m2/repository/org/slf4j/slf4j-log4j12/1.7.25/slf4j-log4j12-1.7.25.jar:/home/user/.m2/repository/org/apache/hadoop/hadoop-ozone-s3gateway/0.5.0-SNAPSHOT/hadoop-ozone-s3gateway-0.5.0-SNAPSHOT.jar:/home/user/.m2/repository/org/jboss/weld/servlet/weld-servlet/2.4.7.Final/weld-servlet-2.4.7.Final.jar:/home/user/.m2/repository/org/glassfish/jersey/containers/jersey-container-servlet-core/2.27/jersey-container-servlet-core-2.27.jar:/home/user/.m2/repository/org/glassfish/hk2/external/javax.inject/2.5.0-b42/javax.inject-2.5.0-b42.jar:/home/user/.m2/repository/org/glassfish/jersey/core/jersey-common/2.27/jersey-common-2.27.jar:/home/user/.m2/repository/org/glassfish/hk2/osgi-resource-locator/1.0.1/osgi-resource-locator-1.0.1.jar:/home/user/.m2/repository/javax/ws/rs/javax.ws.rs-api/2.1/javax.ws.rs-api-2.1.jar:/home/user/.m2/repository/org/glassfish/jersey/ext/cdi/jersey-cdi1x/2.27/jersey-cdi1x-2.27.jar:/home/user/.m2/repository/org/glassfish/jersey/inject/jersey-hk2/2.27/jersey-hk2-2.27.jar:/home/user/.m2/repository/org/glassfish/hk2/hk2-locator/2.5.0-b42/hk2-locator-2.5.0-b42.jar:/home/user/.m2/repository/org/javassist/javassist/3.22.0-CR2/javassist-3.22.0-CR2.jar:/home/user/.m2/repository/org/glassfish/hk2/hk2-api/2.5.0/hk2-api-2.5.0.jar:/home/user/.m2/repository/org/glassfish/hk2/external/jakarta.inject/2.5.0/jakarta.inject-2.5.0.jar:/home/user/.m2/repository/org/glassfish/hk2/hk2-utils/2.5.0/hk2-utils-2.5.0.jar:/home/user/.m2/repository/jakarta/annotation/jakarta.annotation-api/1.3.4/jakarta.annotation-api-1.3.4.jar:/home/user/.m2/repository/org/glassfish/hk2/external/aopalliance-repackaged/2.5.0/aopalliance-repackaged-2.5.0.jar:/home/user/.m2/repository/com/fasterxml/jackson/dataformat/jackson-dataformat-xml/2.9.0/jackson-dataformat-xml-2.9.0.jar:/home/user/.m2/repository/com/fasterxml/jackson/core/jackson-core/2.9.9/jackson-core-2.9.9.jar:/home/user/.m2/repository/com/fasterxml/jackson/module/jackson-module-jaxb-annotations/2.9.9/jackson-module-jaxb-annotations-2.9.9.jar:/home/user/.m2/repository/javax/enterprise/cdi-api/1.2/cdi-api-1.2.jar:/home/user/.m2/repository/javax/el/javax.el-api/3.0.0/javax.el-api-3.0.0.jar:/home/user/.m2/repository/javax/interceptor/javax.interceptor-api/1.2/javax.interceptor-api-1.2.jar:/home/user/.m2/repository/javax/inject/javax.inject/1/javax.inject-1.jar:/home/user/.m2/repository/com/sun/xml/bind/jaxb-impl/2.3.0.1/jaxb-impl-2.3.0.1.jar:/home/user/.m2/repository/com/sun/xml/bind/jaxb-core/2.3.0.1/jaxb-core-2.3.0.1.jar:/home/user/.m2/repository/javax/xml/bind/jaxb-api/2.3.0/jaxb-api-2.3.0.jar:/home/user/.m2/repository/javax/activation/activation/1.1.1/activation-1.1.1.jar:/home/user/.m2/repository/org/apache/hadoop/hadoop-ozone-csi/0.5.0-SNAPSHOT/hadoop-ozone-csi-0.5.0-SNAPSHOT.jar:/home/user/.m2/repository/com/google/protobuf/protobuf-java-util/3.5.1/protobuf-java-util-3.5.1.jar:/home/user/.m2/repository/org/apache/hadoop/hadoop-hdds-config/0.5.0-SNAPSHOT/hadoop-hdds-config-0.5.0-SNAPSHOT.jar:/home/user/.m2/repository/io/grpc/grpc-netty/1.17.1/grpc-netty-1.17.1.jar:/home/user/.m2/repository/io/grpc/grpc-core/1.17.1/grpc-core-1.17.1.jar:/home/user/.m2/repository/io/grpc/grpc-context/1.17.1/grpc-context-1.17.1.jar:/home/user/.m2/repository/com/google/errorprone/error_prone_annotations/2.2.0/error_prone_annotations-2.2.0.jar:/home/user/.m2/repository/org/codehaus/mojo/animal-sniffer-annotations/1.17/animal-sniffer-annotations-1.17.jar:/home/user/.m2/repository/io/opencensus/opencensus-api/0.17.0/opencensus-api-0.17.0.jar:/home/user/.m2/repository/io/opencensus/opencensus-contrib-grpc-metrics/0.17.0/opencensus-contrib-grpc-metrics-0.17.0.jar:/home/user/.m2/repository/io/netty/netty-codec-http2/4.1.30.Final/netty-codec-http2-4.1.30.Final.jar:/home/user/.m2/repository/io/netty/netty-codec-http/4.1.30.Final/netty-codec-http-4.1.30.Final.jar:/home/user/.m2/repository/io/netty/netty-codec/4.1.30.Final/netty-codec-4.1.30.Final.jar:/home/user/.m2/repository/io/netty/netty-handler/4.1.30.Final/netty-handler-4.1.30.Final.jar:/home/user/.m2/repository/io/netty/netty-handler-proxy/4.1.30.Final/netty-handler-proxy-4.1.30.Final.jar:/home/user/.m2/repository/io/netty/netty-codec-socks/4.1.30.Final/netty-codec-socks-4.1.30.Final.jar:/home/user/.m2/repository/io/netty/netty-transport-native-epoll/4.1.30.Final/netty-transport-native-epoll-4.1.30.Final.jar:/home/user/.m2/repository/io/netty/netty-common/4.1.30.Final/netty-common-4.1.30.Final.jar:/home/user/.m2/repository/io/netty/netty-buffer/4.1.30.Final/netty-buffer-4.1.30.Final.jar:/home/user/.m2/repository/io/netty/netty-transport/4.1.30.Final/netty-transport-4.1.30.Final.jar:/home/user/.m2/repository/io/netty/netty-resolver/4.1.30.Final/netty-resolver-4.1.30.Final.jar:/home/user/.m2/repository/io/netty/netty-transport-native-unix-common/4.1.30.Final/netty-transport-native-unix-common-4.1.30.Final.jar:/home/user/.m2/repository/io/grpc/grpc-protobuf/1.17.1/grpc-protobuf-1.17.1.jar:/home/user/.m2/repository/com/google/api/grpc/proto-google-common-protos/1.0.0/proto-google-common-protos-1.0.0.jar:/home/user/.m2/repository/io/grpc/grpc-protobuf-lite/1.17.1/grpc-protobuf-lite-1.17.1.jar:/home/user/.m2/repository/io/grpc/grpc-stub/1.17.1/grpc-stub-1.17.1.jar:/home/user/.m2/repository/org/apache/hadoop/hadoop-ozone-recon/0.5.0-SNAPSHOT/hadoop-ozone-recon-0.5.0-SNAPSHOT.jar:/home/user/.m2/repository/org/apache/hadoop/hadoop-ozone-reconcodegen/0.5.0-SNAPSHOT/hadoop-ozone-reconcodegen-0.5.0-SNAPSHOT.jar:/home/user/.m2/repository/com/google/inject/extensions/guice-multibindings/4.0/guice-multibindings-4.0.jar:/home/user/.m2/repository/com/google/inject/guice/4.0/guice-4.0.jar:/home/user/.m2/repository/aopalliance/aopalliance/1.0/aopalliance-1.0.jar:/home/user/.m2/repository/com/google/inject/extensions/guice-servlet/4.0/guice-servlet-4.0.jar:/home/user/.m2/repository/org/glassfish/jersey/containers/jersey-container-servlet/2.27/jersey-container-servlet-2.27.jar:/home/user/.m2/repository/org/glassfish/hk2/guice-bridge/2.5.0/guice-bridge-2.5.0.jar:/home/user/.m2/repository/org/glassfish/jersey/core/jersey-server/2.27/jersey-server-2.27.jar:/home/user/.m2/repository/org/glassfish/jersey/core/jersey-client/2.27/jersey-client-2.27.jar:/home/user/.m2/repository/org/glassfish/jersey/media/jersey-media-jaxb/2.27/jersey-media-jaxb-2.27.jar:/home/user/.m2/repository/javax/validation/validation-api/1.1.0.Final/validation-api-1.1.0.Final.jar:/home/user/.m2/repository/org/glassfish/jersey/media/jersey-media-json-jackson/2.27/jersey-media-json-jackson-2.27.jar:/home/user/.m2/repository/org/glassfish/jersey/ext/jersey-entity-filtering/2.27/jersey-entity-filtering-2.27.jar:/home/user/.m2/repository/com/google/inject/extensions/guice-assistedinject/4.0/guice-assistedinject-4.0.jar:/home/user/.m2/repository/org/jooq/jooq/3.11.10/jooq-3.11.10.jar:/home/user/.m2/repository/org/jooq/jooq-meta/3.11.10/jooq-meta-3.11.10.jar:/home/user/.m2/repository/org/jooq/jooq-codegen/3.11.10/jooq-codegen-3.11.10.jar:/home/user/.m2/repository/com/jolbox/bonecp/0.8.0.RELEASE/bonecp-0.8.0.RELEASE.jar:/home/user/.m2/repository/org/xerial/sqlite-jdbc/3.25.2/sqlite-jdbc-3.25.2.jar:/home/user/.m2/repository/org/springframework/spring-jdbc/5.1.3.RELEASE/spring-jdbc-5.1.3.RELEASE.jar:/home/user/.m2/repository/org/springframework/spring-beans/5.1.3.RELEASE/spring-beans-5.1.3.RELEASE.jar:/home/user/.m2/repository/org/springframework/spring-core/5.1.3.RELEASE/spring-core-5.1.3.RELEASE.jar:/home/user/.m2/repository/org/springframework/spring-jcl/5.1.3.RELEASE/spring-jcl-5.1.3.RELEASE.jar:/home/user/.m2/repository/org/springframework/spring-tx/5.1.3.RELEASE/spring-tx-5.1.3.RELEASE.jar:/home/user/.m2/repository/org/apache/hadoop/hadoop-ozone-client/0.5.0-SNAPSHOT/hadoop-ozone-client-0.5.0-SNAPSHOT.jar:/home/user/.m2/repository/commons-lang/commons-lang/2.6/commons-lang-2.6.jar:/home/user/.m2/repository/org/apache/hadoop/hadoop-ozone-ozone-manager/0.5.0-SNAPSHOT/hadoop-ozone-ozone-manager-0.5.0-SNAPSHOT-tests.jar:/home/user/.m2/repository/junit/junit/4.11/junit-4.11.jar:/home/user/.m2/repository/org/hamcrest/hamcrest-core/1.3/hamcrest-core-1.3.jar:/home/user/.m2/repository/org/openjdk/jmh/jmh-core/1.19/jmh-core-1.19.jar:/home/user/.m2/repository/net/sf/jopt-simple/jopt-simple/4.6/jopt-simple-4.6.jar:/home/user/.m2/repository/org/apache/commons/commons-math3/3.1.1/commons-math3-3.1.1.jar:/home/user/.m2/repository/org/openjdk/jmh/jmh-generator-annprocess/1.19/jmh-generator-annprocess-1.19.jar:/home/user/.m2/repository/org/mockito/mockito-all/1.8.5/mockito-all-1.8.5.jar:/home/user/.m2/repository/org/apache/hadoop/hadoop-kms/3.2.0/hadoop-kms-3.2.0.jar:/home/user/.m2/repository/org/apache/hadoop/hadoop-auth/3.2.0/hadoop-auth-3.2.0.jar:/home/user/.m2/repository/com/nimbusds/nimbus-jose-jwt/4.41.1/nimbus-jose-jwt-4.41.1.jar:/home/user/.m2/repository/com/github/stephenc/jcip/jcip-annotations/1.0-1/jcip-annotations-1.0-1.jar:/home/user/.m2/repository/net/minidev/json-smart/2.3/json-smart-2.3.jar:/home/user/.m2/repository/net/minidev/accessors-smart/1.2/accessors-smart-1.2.jar:/home/user/.m2/repository/org/ow2/asm/asm/5.0.4/asm-5.0.4.jar:/home/user/.m2/repository/org/apache/curator/curator-framework/2.12.0/curator-framework-2.12.0.jar:/home/user/.m2/repository/com/sun/jersey/jersey-core/1.19/jersey-core-1.19.jar:/home/user/.m2/repository/javax/ws/rs/jsr311-api/1.1.1/jsr311-api-1.1.1.jar:/home/user/.m2/repository/com/sun/jersey/jersey-server/1.19/jersey-server-1.19.jar:/home/user/.m2/repository/javax/servlet/javax.servlet-api/3.1.0/javax.servlet-api-3.1.0.jar:/home/user/.m2/repository/org/eclipse/jetty/jetty-server/9.3.25.v20180904/jetty-server-9.3.25.v20180904.jar:/home/user/.m2/repository/org/eclipse/jetty/jetty-http/9.3.25.v20180904/jetty-http-9.3.25.v20180904.jar:/home/user/.m2/repository/org/eclipse/jetty/jetty-io/9.3.25.v20180904/jetty-io-9.3.25.v20180904.jar:/home/user/.m2/repository/org/eclipse/jetty/jetty-webapp/9.3.25.v20180904/jetty-webapp-9.3.25.v20180904.jar:/home/user/.m2/repository/org/eclipse/jetty/jetty-xml/9.3.25.v20180904/jetty-xml-9.3.25.v20180904.jar:/home/user/.m2/repository/log4j/log4j/1.2.17/log4j-1.2.17.jar:/home/user/.m2/repository/org/slf4j/slf4j-api/1.7.25/slf4j-api-1.7.25.jar:/home/user/.m2/repository/org/slf4j/jul-to-slf4j/1.7.25/jul-to-slf4j-1.7.25.jar:/home/user/.m2/repository/org/eclipse/jetty/jetty-util/9.3.25.v20180904/jetty-util-9.3.25.v20180904.jar:/home/user/.m2/repository/com/fasterxml/jackson/core/jackson-databind/2.9.9/jackson-databind-2.9.9.jar:/home/user/.m2/repository/org/apache/hadoop/hadoop-kms/3.2.0/hadoop-kms-3.2.0-tests.jar:/home/user/.m2/repository/org/apache/hadoop/hadoop-hdds-server-scm/0.5.0-SNAPSHOT/hadoop-hdds-server-scm-0.5.0-SNAPSHOT-tests.jar:/home/user/.m2/repository/org/apache/hadoop/hadoop-hdds-container-service/0.5.0-SNAPSHOT/hadoop-hdds-container-service-0.5.0-SNAPSHOT-tests.jar:/home/user/.m2/repository/org/yaml/snakeyaml/1.16/snakeyaml-1.16.jar:/home/user/.m2/repository/org/apache/hadoop/hadoop-common/3.2.0/hadoop-common-3.2.0-tests.jar:/home/user/.m2/repository/org/apache/hadoop/hadoop-annotations/3.2.0/hadoop-annotations-3.2.0.jar:/usr/lib/jvm/java-1.8-openjdk/jre/../lib/tools.jar:/home/user/.m2/repository/commons-cli/commons-cli/1.2/commons-cli-1.2.jar:/home/user/.m2/repository/org/apache/httpcomponents/httpclient/4.5.2/httpclient-4.5.2.jar:/home/user/.m2/repository/org/apache/httpcomponents/httpcore/4.4.4/httpcore-4.4.4.jar:/home/user/.m2/repository/commons-codec/commons-codec/1.11/commons-codec-1.11.jar:/home/user/.m2/repository/commons-net/commons-net/3.6/commons-net-3.6.jar:/home/user/.m2/repository/commons-collections/commons-collections/3.2.2/commons-collections-3.2.2.jar:/home/user/.m2/repository/org/eclipse/jetty/jetty-servlet/9.3.25.v20180904/jetty-servlet-9.3.25.v20180904.jar:/home/user/.m2/repository/org/eclipse/jetty/jetty-security/9.3.25.v20180904/jetty-security-9.3.25.v20180904.jar:/home/user/.m2/repository/javax/servlet/jsp/jsp-api/2.1/jsp-api-2.1.jar:/home/user/.m2/repository/com/sun/jersey/jersey-servlet/1.19/jersey-servlet-1.19.jar:/home/user/.m2/repository/com/sun/jersey/jersey-json/1.19/jersey-json-1.19.jar:/home/user/.m2/repository/org/codehaus/jettison/jettison/1.1/jettison-1.1.jar:/home/user/.m2/repository/org/codehaus/jackson/jackson-core-asl/1.9.13/jackson-core-asl-1.9.13.jar:/home/user/.m2/repository/org/codehaus/jackson/jackson-mapper-asl/1.9.13/jackson-mapper-asl-1.9.13.jar:/home/user/.m2/repository/org/codehaus/jackson/jackson-jaxrs/1.9.13/jackson-jaxrs-1.9.13.jar:/home/user/.m2/repository/org/codehaus/jackson/jackson-xc/1.9.13/jackson-xc-1.9.13.jar:/home/user/.m2/repository/commons-logging/commons-logging/1.1.3/commons-logging-1.1.3.jar:/home/user/.m2/repository/commons-beanutils/commons-beanutils/1.9.4/commons-beanutils-1.9.4.jar:/home/user/.m2/repository/org/apache/commons/commons-configuration2/2.1.1/commons-configuration2-2.1.1.jar:/home/user/.m2/repository/org/apache/commons/commons-lang3/3.7/commons-lang3-3.7.jar:/home/user/.m2/repository/org/apache/commons/commons-text/1.4/commons-text-1.4.jar:/home/user/.m2/repository/org/apache/avro/avro/1.7.7/avro-1.7.7.jar:/home/user/.m2/repository/com/thoughtworks/paranamer/paranamer/2.3/paranamer-2.3.jar:/home/user/.m2/repository/org/xerial/snappy/snappy-java/1.0.5/snappy-java-1.0.5.jar:/home/user/.m2/repository/com/google/re2j/re2j/1.1/re2j-1.1.jar:/home/user/.m2/repository/com/google/code/gson/gson/2.2.4/gson-2.2.4.jar:/home/user/.m2/repository/com/jcraft/jsch/0.1.54/jsch-0.1.54.jar:/home/user/.m2/repository/org/apache/curator/curator-client/2.12.0/curator-client-2.12.0.jar:/home/user/.m2/repository/org/apache/curator/curator-recipes/2.12.0/curator-recipes-2.12.0.jar:/home/user/.m2/repository/com/google/code/findbugs/jsr305/3.0.0/jsr305-3.0.0.jar:/home/user/.m2/repository/org/apache/htrace/htrace-core4/4.1.0-incubating/htrace-core4-4.1.0-incubating.jar:/home/user/.m2/repository/org/apache/zookeeper/zookeeper/3.4.13/zookeeper-3.4.13.jar:/home/user/.m2/repository/jline/jline/0.9.94/jline-0.9.94.jar:/home/user/.m2/repository/org/apache/yetus/audience-annotations/0.5.0/audience-annotations-0.5.0.jar:/home/user/.m2/repository/org/codehaus/woodstox/stax2-api/3.1.4/stax2-api-3.1.4.jar:/home/user/.m2/repository/com/fasterxml/woodstox/woodstox-core/5.0.3/woodstox-core-5.0.3.jar:/home/user/.m2/repository/dnsjava/dnsjava/2.1.7/dnsjava-2.1.7.jar:/home/user/.m2/repository/org/apache/hadoop/hadoop-hdfs/3.2.0/hadoop-hdfs-3.2.0-tests.jar:/home/user/.m2/repository/org/eclipse/jetty/jetty-util-ajax/9.3.25.v20180904/jetty-util-ajax-9.3.25.v20180904.jar:/home/user/.m2/repository/commons-daemon/commons-daemon/1.0.13/commons-daemon-1.0.13.jar:/home/user/.m2/repository/io/netty/netty/3.10.5.Final/netty-3.10.5.Final.jar:/home/user/.m2/repository/io/netty/netty-all/4.0.52.Final/netty-all-4.0.52.Final.jar:/home/user/.m2/repository/org/fusesource/leveldbjni/leveldbjni-all/1.8/leveldbjni-all-1.8.jar:"/>
    <property name="sun.cpu.endian" value="little"/>
    <property name="user.home" value="/home/user"/>
    <property name="user.language" value="en"/>
    <property name="java.specification.vendor" value="Oracle Corporation"/>
    <property name="java.home" value="/usr/lib/jvm/java-1.8-openjdk/jre"/>
    <property name="java.security.krb5.conf" value="/workdir/hadoop-ozone/integration-test/target/test-classes/krb5.conf"/>
    <property name="basedir" value="/workdir/hadoop-ozone/integration-test"/>
    <property name="file.separator" value="/"/>
    <property name="line.separator" value="&#10;"/>
    <property name="java.vm.specification.vendor" value="Oracle Corporation"/>
    <property name="java.specification.name" value="Java Platform API Specification"/>
    <property name="java.awt.graphicsenv" value="sun.awt.X11GraphicsEnvironment"/>
    <property name="surefire.real.class.path" value="/workdir/hadoop-ozone/integration-test/target/surefire/surefirebooter724515112110712343.jar"/>
    <property name="hadoop.log.dir" value="/workdir/hadoop-ozone/integration-test/target/log"/>
    <property name="sun.boot.class.path" value="/usr/lib/jvm/java-1.8-openjdk/jre/lib/resources.jar:/usr/lib/jvm/java-1.8-openjdk/jre/lib/rt.jar:/usr/lib/jvm/java-1.8-openjdk/jre/lib/sunrsasign.jar:/usr/lib/jvm/java-1.8-openjdk/jre/lib/jsse.jar:/usr/lib/jvm/java-1.8-openjdk/jre/lib/jce.jar:/usr/lib/jvm/java-1.8-openjdk/jre/lib/charsets.jar:/usr/lib/jvm/java-1.8-openjdk/jre/lib/jfr.jar:/usr/lib/jvm/java-1.8-openjdk/jre/classes"/>
    <property name="sun.management.compiler" value="HotSpot 64-Bit Tiered Compilers"/>
    <property name="java.runtime.version" value="1.8.0_212-b04"/>
    <property name="java.net.preferIPv4Stack" value="true"/>
    <property name="user.name" value="jenkins1000"/>
    <property name="path.separator" value=":"/>
    <property name="java.security.egd" value="file:///dev/urandom"/>
    <property name="os.version" value="3.10.0-957.12.2.el7.x86_64"/>
    <property name="java.endorsed.dirs" value="/usr/lib/jvm/java-1.8-openjdk/jre/lib/endorsed"/>
    <property name="java.runtime.name" value="OpenJDK Runtime Environment"/>
    <property name="file.encoding" value="UTF-8"/>
    <property name="java.vm.name" value="OpenJDK 64-Bit Server VM"/>
    <property name="test.build.webapps" value=""/>
    <property name="localRepository" value="/home/user/.m2/repository"/>
    <property name="java.vendor.url.bug" value="https://icedtea.classpath.org/bugzilla"/>
    <property name="java.io.tmpdir" value="/tmp"/>
    <property name="require.test.libhadoop" value=""/>
    <property name="java.version" value="1.8.0_212"/>
    <property name="user.dir" value="/workdir/hadoop-ozone/integration-test"/>
    <property name="os.arch" value="amd64"/>
    <property name="java.vm.specification.name" value="Java Virtual Machine Specification"/>
    <property name="test.build.classes" value="/workdir/hadoop-ozone/integration-test/target/test-classes"/>
    <property name="java.awt.printerjob" value="sun.print.PSPrinterJob"/>
    <property name="sun.os.patch.level" value="unknown"/>
    <property name="hadoop.tmp.dir" value="/workdir/hadoop-ozone/integration-test/target/tmp"/>
    <property name="java.library.path" value="/usr/lib/jvm/java-1.8-openjdk/jre/lib/amd64/server:/usr/lib/jvm/java-1.8-openjdk/jre/lib/amd64:/usr/lib/jvm/java-1.8-openjdk/jre/../lib/amd64:/workdir/hadoop-ozone/integration-test/target/native/target/usr/local/lib:/workdir/hadoop-ozone/integration-test/../../hadoop-common-project/hadoop-common/target/native/target/usr/local/lib:/usr/java/packages/lib/amd64:/usr/lib64:/lib64:/lib:/usr/lib"/>
    <property name="java.vm.info" value="mixed mode"/>
    <property name="java.vendor" value="IcedTea"/>
    <property name="java.vm.version" value="25.212-b04"/>
    <property name="java.ext.dirs" value="/usr/lib/jvm/java-1.8-openjdk/jre/lib/ext:/usr/java/packages/lib/ext"/>
    <property name="sun.io.unicode.encoding" value="UnicodeLittle"/>
    <property name="java.class.version" value="52.0"/>
  </properties>
  <testcase name="testGroupMismatchExceptionHandling" classname="org.apache.hadoop.ozone.client.rpc.TestOzoneClientRetriesOnException" time="332.867">
    <error message="Retry request failed. retries get failed due to exceeded maximum allowed retries number: 3" type="java.io.IOException">java.io.IOException: Retry request failed. retries get failed due to exceeded maximum allowed retries number: 3
	at org.apache.hadoop.ozone.client.io.KeyOutputStream.handleRetry(KeyOutputStream.java:353)
	at org.apache.hadoop.ozone.client.io.KeyOutputStream.handleException(KeyOutputStream.java:324)
	at org.apache.hadoop.ozone.client.io.KeyOutputStream.handleWrite(KeyOutputStream.java:228)
	at org.apache.hadoop.ozone.client.io.KeyOutputStream.handleRetry(KeyOutputStream.java:375)
	at org.apache.hadoop.ozone.client.io.KeyOutputStream.handleException(KeyOutputStream.java:324)
	at org.apache.hadoop.ozone.client.io.KeyOutputStream.handleWrite(KeyOutputStream.java:228)
	at org.apache.hadoop.ozone.client.io.KeyOutputStream.handleRetry(KeyOutputStream.java:375)
	at org.apache.hadoop.ozone.client.io.KeyOutputStream.handleException(KeyOutputStream.java:324)
	at org.apache.hadoop.ozone.client.io.KeyOutputStream.handleWrite(KeyOutputStream.java:228)
	at org.apache.hadoop.ozone.client.io.KeyOutputStream.handleRetry(KeyOutputStream.java:375)
	at org.apache.hadoop.ozone.client.io.KeyOutputStream.handleException(KeyOutputStream.java:324)
	at org.apache.hadoop.ozone.client.io.KeyOutputStream.handleWrite(KeyOutputStream.java:228)
	at org.apache.hadoop.ozone.client.io.KeyOutputStream.write(KeyOutputStream.java:190)
	at org.apache.hadoop.ozone.client.io.OzoneOutputStream.write(OzoneOutputStream.java:49)
	at java.io.OutputStream.write(OutputStream.java:75)
	at org.apache.hadoop.ozone.client.rpc.TestOzoneClientRetriesOnException.testGroupMismatchExceptionHandling(TestOzoneClientRetriesOnException.java:135)
	at sun.reflect.NativeMethodAccessorImpl.invoke0(Native Method)
	at sun.reflect.NativeMethodAccessorImpl.invoke(NativeMethodAccessorImpl.java:62)
	at sun.reflect.DelegatingMethodAccessorImpl.invoke(DelegatingMethodAccessorImpl.java:43)
	at java.lang.reflect.Method.invoke(Method.java:498)
	at org.junit.runners.model.FrameworkMethod$1.runReflectiveCall(FrameworkMethod.java:47)
	at org.junit.internal.runners.model.ReflectiveCallable.run(ReflectiveCallable.java:12)
	at org.junit.runners.model.FrameworkMethod.invokeExplosively(FrameworkMethod.java:44)
	at org.junit.internal.runners.statements.InvokeMethod.evaluate(InvokeMethod.java:17)
	at org.junit.internal.runners.statements.RunBefores.evaluate(RunBefores.java:26)
	at org.junit.internal.runners.statements.RunAfters.evaluate(RunAfters.java:27)
	at org.junit.runners.ParentRunner.runLeaf(ParentRunner.java:271)
	at org.junit.runners.BlockJUnit4ClassRunner.runChild(BlockJUnit4ClassRunner.java:70)
	at org.junit.runners.BlockJUnit4ClassRunner.runChild(BlockJUnit4ClassRunner.java:50)
	at org.junit.runners.ParentRunner$3.run(ParentRunner.java:238)
	at org.junit.runners.ParentRunner$1.schedule(ParentRunner.java:63)
	at org.junit.runners.ParentRunner.runChildren(ParentRunner.java:236)
	at org.junit.runners.ParentRunner.access$000(ParentRunner.java:53)
	at org.junit.runners.ParentRunner$2.evaluate(ParentRunner.java:229)
	at org.junit.runners.ParentRunner.run(ParentRunner.java:309)
	at org.apache.maven.surefire.junit4.JUnit4Provider.execute(JUnit4Provider.java:365)
	at org.apache.maven.surefire.junit4.JUnit4Provider.executeWithRerun(JUnit4Provider.java:273)
	at org.apache.maven.surefire.junit4.JUnit4Provider.executeTestSet(JUnit4Provider.java:238)
	at org.apache.maven.surefire.junit4.JUnit4Provider.invoke(JUnit4Provider.java:159)
	at org.apache.maven.surefire.booter.ForkedBooter.invokeProviderInSameClassLoader(ForkedBooter.java:384)
	at org.apache.maven.surefire.booter.ForkedBooter.runSuitesInProcess(ForkedBooter.java:345)
	at org.apache.maven.surefire.booter.ForkedBooter.execute(ForkedBooter.java:126)
	at org.apache.maven.surefire.booter.ForkedBooter.main(ForkedBooter.java:418)
Caused by: java.io.IOException: Unexpected Storage Container Exception: java.util.concurrent.CompletionException: java.util.concurrent.CompletionException: org.apache.ratis.protocol.GroupMismatchException: 298c2419-298a-4ac1-a348-589b955770c1: group-ACEF7C529229 not found.
	at org.apache.hadoop.hdds.scm.storage.BlockOutputStream.setIoException(BlockOutputStream.java:541)
	at org.apache.hadoop.hdds.scm.storage.BlockOutputStream.lambda$writeChunkToContainer$3(BlockOutputStream.java:616)
	at java.util.concurrent.CompletableFuture.uniExceptionally(CompletableFuture.java:870)
	at java.util.concurrent.CompletableFuture$UniExceptionally.tryFire(CompletableFuture.java:852)
	at java.util.concurrent.CompletableFuture.postComplete(CompletableFuture.java:474)
	at java.util.concurrent.CompletableFuture.completeExceptionally(CompletableFuture.java:1977)
	at org.apache.ratis.client.impl.OrderedAsync$PendingOrderedRequest.fail(OrderedAsync.java:100)
	at org.apache.ratis.util.SlidingWindow$Client.fail(SlidingWindow.java:362)
	at org.apache.ratis.client.impl.OrderedAsync.failAllAsyncRequests(OrderedAsync.java:134)
	at org.apache.ratis.client.impl.OrderedAsync.lambda$sendRequest$10(OrderedAsync.java:244)
	at java.util.concurrent.CompletableFuture.uniExceptionally(CompletableFuture.java:870)
	at java.util.concurrent.CompletableFuture$UniExceptionally.tryFire(CompletableFuture.java:852)
	at java.util.concurrent.CompletableFuture.postComplete(CompletableFuture.java:474)
	at java.util.concurrent.CompletableFuture.completeExceptionally(CompletableFuture.java:1977)
	at org.apache.ratis.grpc.client.GrpcClientProtocolClient$AsyncStreamObservers.completeReplyExceptionally(GrpcClientProtocolClient.java:345)
	at org.apache.ratis.grpc.client.GrpcClientProtocolClient$AsyncStreamObservers.access$000(GrpcClientProtocolClient.java:261)
	at org.apache.ratis.grpc.client.GrpcClientProtocolClient$AsyncStreamObservers$1.onError(GrpcClientProtocolClient.java:290)
	at org.apache.ratis.thirdparty.io.grpc.stub.ClientCalls$StreamObserverToCallListenerAdapter.onClose(ClientCalls.java:434)
	at org.apache.ratis.thirdparty.io.grpc.PartialForwardingClientCallListener.onClose(PartialForwardingClientCallListener.java:39)
	at org.apache.ratis.thirdparty.io.grpc.ForwardingClientCallListener.onClose(ForwardingClientCallListener.java:23)
	at org.apache.ratis.thirdparty.io.grpc.ForwardingClientCallListener$SimpleForwardingClientCallListener.onClose(ForwardingClientCallListener.java:40)
	at org.apache.ratis.thirdparty.io.grpc.internal.CensusStatsModule$StatsClientInterceptor$1$1.onClose(CensusStatsModule.java:678)
	at org.apache.ratis.thirdparty.io.grpc.PartialForwardingClientCallListener.onClose(PartialForwardingClientCallListener.java:39)
	at org.apache.ratis.thirdparty.io.grpc.ForwardingClientCallListener.onClose(ForwardingClientCallListener.java:23)
	at org.apache.ratis.thirdparty.io.grpc.ForwardingClientCallListener$SimpleForwardingClientCallListener.onClose(ForwardingClientCallListener.java:40)
	at org.apache.ratis.thirdparty.io.grpc.internal.CensusTracingModule$TracingClientInterceptor$1$1.onClose(CensusTracingModule.java:397)
	at org.apache.ratis.thirdparty.io.grpc.internal.ClientCallImpl.closeObserver(ClientCallImpl.java:459)
	at org.apache.ratis.thirdparty.io.grpc.internal.ClientCallImpl.access$300(ClientCallImpl.java:63)
	at org.apache.ratis.thirdparty.io.grpc.internal.ClientCallImpl$ClientStreamListenerImpl.close(ClientCallImpl.java:546)
	at org.apache.ratis.thirdparty.io.grpc.internal.ClientCallImpl$ClientStreamListenerImpl.access$600(ClientCallImpl.java:467)
	at org.apache.ratis.thirdparty.io.grpc.internal.ClientCallImpl$ClientStreamListenerImpl$1StreamClosed.runInContext(ClientCallImpl.java:584)
	at org.apache.ratis.thirdparty.io.grpc.internal.ContextRunnable.run(ContextRunnable.java:37)
	at org.apache.ratis.thirdparty.io.grpc.internal.SerializingExecutor.run(SerializingExecutor.java:123)
	at java.util.concurrent.ThreadPoolExecutor.runWorker(ThreadPoolExecutor.java:1149)
	at java.util.concurrent.ThreadPoolExecutor$Worker.run(ThreadPoolExecutor.java:624)
	at java.lang.Thread.run(Thread.java:748)
Caused by: java.util.concurrent.CompletionException: java.util.concurrent.CompletionException: org.apache.ratis.protocol.GroupMismatchException: 298c2419-298a-4ac1-a348-589b955770c1: group-ACEF7C529229 not found.
	at org.apache.hadoop.hdds.scm.storage.BlockOutputStream.lambda$writeChunkToContainer$3(BlockOutputStream.java:615)
	... 34 more
Caused by: java.util.concurrent.CompletionException: org.apache.ratis.protocol.GroupMismatchException: 298c2419-298a-4ac1-a348-589b955770c1: group-ACEF7C529229 not found.
	at java.util.concurrent.CompletableFuture.encodeThrowable(CompletableFuture.java:292)
	at java.util.concurrent.CompletableFuture.completeThrowable(CompletableFuture.java:308)
	at java.util.concurrent.CompletableFuture.uniApply(CompletableFuture.java:593)
	at java.util.concurrent.CompletableFuture$UniApply.tryFire(CompletableFuture.java:577)
	... 32 more
Caused by: org.apache.ratis.protocol.GroupMismatchException: 298c2419-298a-4ac1-a348-589b955770c1: group-ACEF7C529229 not found.
	at org.apache.ratis.server.impl.RaftServerProxy$ImplMap.get(RaftServerProxy.java:122)
	at org.apache.ratis.server.impl.RaftServerProxy.getImplFuture(RaftServerProxy.java:269)
	at org.apache.ratis.server.impl.RaftServerProxy.submitRequest(RaftServerProxy.java:327)
	at org.apache.ratis.server.impl.RaftServerProxy.submitClientRequestAsync(RaftServerProxy.java:333)
	at org.apache.ratis.grpc.client.GrpcClientProtocolService$RequestStreamObserver.processClientRequest(GrpcClientProtocolService.java:220)
	at org.apache.ratis.grpc.client.GrpcClientProtocolService$OrderedRequestStreamObserver.processClientRequest(GrpcClientProtocolService.java:326)
	at org.apache.ratis.util.SlidingWindow$Server.processRequestsFromHead(SlidingWindow.java:429)
	at org.apache.ratis.util.SlidingWindow$Server.receivedRequest(SlidingWindow.java:421)
	at org.apache.ratis.grpc.client.GrpcClientProtocolService$OrderedRequestStreamObserver.processClientRequest(GrpcClientProtocolService.java:345)
	at org.apache.ratis.grpc.client.GrpcClientProtocolService$RequestStreamObserver.onNext(GrpcClientProtocolService.java:240)
	at org.apache.ratis.grpc.client.GrpcClientProtocolService$RequestStreamObserver.onNext(GrpcClientProtocolService.java:168)
	at org.apache.ratis.thirdparty.io.grpc.stub.ServerCalls$StreamingServerCallHandler$StreamingServerCallListener.onMessage(ServerCalls.java:248)
	at org.apache.ratis.thirdparty.io.grpc.internal.ServerCallImpl$ServerStreamListenerImpl.messagesAvailable(ServerCallImpl.java:263)
	at org.apache.ratis.thirdparty.io.grpc.internal.ServerImpl$JumpToApplicationThreadServerStreamListener$1MessagesAvailable.runInContext(ServerImpl.java:686)
	... 5 more
</error>
    <system-out><![CDATA[2019-10-02 10:18:27,078 [main] WARN  server.ServerUtils (ServerUtils.java:getScmDbDir(145)) - ozone.scm.db.dirs is not configured. We recommend adding this setting. Falling back to ozone.metadata.dirs instead.
2019-10-02 10:18:27,271 [main] WARN  server.ServerUtils (ServerUtils.java:getScmDbDir(145)) - ozone.scm.db.dirs is not configured. We recommend adding this setting. Falling back to ozone.metadata.dirs instead.
2019-10-02 10:18:27,275 [main] WARN  server.ServerUtils (ServerUtils.java:getScmDbDir(145)) - ozone.scm.db.dirs is not configured. We recommend adding this setting. Falling back to ozone.metadata.dirs instead.
2019-10-02 10:18:27,296 [main] INFO  util.log (Log.java:initialized(192)) - Logging initialized @1098ms
2019-10-02 10:18:27,705 [main] INFO  db.DBStoreBuilder (DBStoreBuilder.java:addTable(110)) - using custom profile for table: deletedBlocks
2019-10-02 10:18:27,705 [main] INFO  db.DBStoreBuilder (DBStoreBuilder.java:processTables(161)) - Using default column profile:DBProfile.DISK for Table:deletedBlocks
2019-10-02 10:18:27,706 [main] INFO  db.DBStoreBuilder (DBStoreBuilder.java:addTable(110)) - using custom profile for table: validCerts
2019-10-02 10:18:27,706 [main] INFO  db.DBStoreBuilder (DBStoreBuilder.java:processTables(161)) - Using default column profile:DBProfile.DISK for Table:validCerts
2019-10-02 10:18:27,706 [main] INFO  db.DBStoreBuilder (DBStoreBuilder.java:addTable(110)) - using custom profile for table: revokedCerts
2019-10-02 10:18:27,707 [main] INFO  db.DBStoreBuilder (DBStoreBuilder.java:processTables(161)) - Using default column profile:DBProfile.DISK for Table:revokedCerts
2019-10-02 10:18:27,720 [main] INFO  db.DBStoreBuilder (DBStoreBuilder.java:addTable(110)) - using custom profile for table: default
2019-10-02 10:18:27,720 [main] INFO  db.DBStoreBuilder (DBStoreBuilder.java:processTables(167)) - Using default column profile:DBProfile.DISK for Table:default
2019-10-02 10:18:27,721 [main] INFO  db.DBStoreBuilder (DBStoreBuilder.java:getDbProfile(198)) - Using default options. DBProfile.DISK
2019-10-02 10:18:31,603 [main] INFO  net.NodeSchemaLoader (NodeSchemaLoader.java:loadSchemaFromFile(125)) - Loading file from sun.misc.CompoundEnumeration@4802796d
2019-10-02 10:18:31,604 [main] INFO  net.NodeSchemaLoader (NodeSchemaLoader.java:loadSchema(171)) - Loading network topology layer schema file
2019-10-02 10:18:31,676 [main] WARN  server.ServerUtils (ServerUtils.java:sanitizeUserArgs(70)) - ozone.scm.stale.node.interval value = 300000 is larger than max = 100000 based on the key value of ozone.scm.heartbeat.thread.interval, reset to the max value 100000.
2019-10-02 10:18:31,678 [main] WARN  server.ServerUtils (ServerUtils.java:sanitizeUserArgs(70)) - ozone.scm.stale.node.interval value = 300000 is larger than max = 100000 based on the key value of ozone.scm.heartbeat.thread.interval, reset to the max value 100000.
2019-10-02 10:18:31,681 [main] INFO  node.SCMNodeManager (SCMNodeManager.java:<init>(114)) - Entering startup safe mode.
2019-10-02 10:18:31,760 [main] INFO  algorithms.ContainerPlacementPolicyFactory (ContainerPlacementPolicyFactory.java:getPolicy(57)) - Create container placement policy of type org.apache.hadoop.hdds.scm.container.placement.algorithms.SCMContainerPlacementRandom
2019-10-02 10:18:31,776 [main] WARN  server.ServerUtils (ServerUtils.java:getScmDbDir(145)) - ozone.scm.db.dirs is not configured. We recommend adding this setting. Falling back to ozone.metadata.dirs instead.
2019-10-02 10:18:32,892 [main] INFO  pipeline.SCMPipelineManager (SCMPipelineManager.java:initializePipelineState(132)) - No pipeline exists in current db
2019-10-02 10:18:32,896 [main] WARN  server.ServerUtils (ServerUtils.java:getScmDbDir(145)) - ozone.scm.db.dirs is not configured. We recommend adding this setting. Falling back to ozone.metadata.dirs instead.
2019-10-02 10:18:34,618 [main] WARN  events.EventQueue (EventQueue.java:fireEvent(183)) - No event handler registered for event TypedEvent{payloadType=SafeModeStatus, name='SafeModeStatus'}
2019-10-02 10:18:34,978 [main] INFO  ipc.CallQueueManager (CallQueueManager.java:<init>(84)) - Using callQueue: class java.util.concurrent.LinkedBlockingQueue, queueCapacity: 2000, scheduler: class org.apache.hadoop.ipc.DefaultRpcScheduler, ipcBackoff: false.
2019-10-02 10:18:35,005 [Socket Reader #1 for port 34275] INFO  ipc.Server (Server.java:run(1074)) - Starting Socket Reader #1 for port 34275
2019-10-02 10:18:35,141 [main] INFO  ipc.CallQueueManager (CallQueueManager.java:<init>(84)) - Using callQueue: class java.util.concurrent.LinkedBlockingQueue, queueCapacity: 2000, scheduler: class org.apache.hadoop.ipc.DefaultRpcScheduler, ipcBackoff: false.
2019-10-02 10:18:35,142 [Socket Reader #1 for port 39404] INFO  ipc.Server (Server.java:run(1074)) - Starting Socket Reader #1 for port 39404
2019-10-02 10:18:35,150 [main] INFO  ipc.CallQueueManager (CallQueueManager.java:<init>(84)) - Using callQueue: class java.util.concurrent.LinkedBlockingQueue, queueCapacity: 2000, scheduler: class org.apache.hadoop.ipc.DefaultRpcScheduler, ipcBackoff: false.
2019-10-02 10:18:35,151 [Socket Reader #1 for port 39414] INFO  ipc.Server (Server.java:run(1074)) - Starting Socket Reader #1 for port 39414
2019-10-02 10:18:35,172 [main] INFO  hdfs.DFSUtil (DFSUtil.java:httpServerTemplateForNNAndJN(1641)) - Starting Web-server for scm at: http://0.0.0.0:0
2019-10-02 10:18:35,333 [main] INFO  server.AuthenticationFilter (AuthenticationFilter.java:constructSecretProvider(240)) - Unable to initialize FileSignerSecretProvider, falling back to use random secrets.
2019-10-02 10:18:35,341 [main] WARN  http.HttpRequestLog (HttpRequestLog.java:getRequestLog(97)) - Jetty request log can only be enabled using Log4j
2019-10-02 10:18:35,349 [main] INFO  http.HttpServer2 (HttpServer2.java:addGlobalFilter(975)) - Added global filter 'safety' (class=org.apache.hadoop.http.HttpServer2$QuotingInputFilter)
2019-10-02 10:18:35,351 [main] INFO  http.HttpServer2 (HttpServer2.java:addFilter(948)) - Added filter static_user_filter (class=org.apache.hadoop.http.lib.StaticUserWebFilter$StaticUserFilter) to context scm
2019-10-02 10:18:35,351 [main] INFO  http.HttpServer2 (HttpServer2.java:addFilter(958)) - Added filter static_user_filter (class=org.apache.hadoop.http.lib.StaticUserWebFilter$StaticUserFilter) to context logs
2019-10-02 10:18:35,352 [main] INFO  http.HttpServer2 (HttpServer2.java:addFilter(958)) - Added filter static_user_filter (class=org.apache.hadoop.http.lib.StaticUserWebFilter$StaticUserFilter) to context static
2019-10-02 10:18:35,382 [main] INFO  server.StorageContainerManager (StorageContainerManager.java:start(770)) - StorageContainerLocationProtocol RPC server is listening at /0.0.0.0:39414
2019-10-02 10:18:35,448 [main] WARN  impl.MetricsConfig (MetricsConfig.java:loadFirst(134)) - Cannot locate configuration: tried hadoop-metrics2-storagecontainermanager.properties,hadoop-metrics2.properties
2019-10-02 10:18:35,461 [main] INFO  impl.MetricsSystemImpl (MetricsSystemImpl.java:startTimer(374)) - Scheduled Metric snapshot period at 10 second(s).
2019-10-02 10:18:35,461 [main] INFO  impl.MetricsSystemImpl (MetricsSystemImpl.java:start(191)) - StorageContainerManager metrics system started
2019-10-02 10:18:35,733 [main] INFO  server.SCMClientProtocolServer (SCMClientProtocolServer.java:start(150)) - RPC server for Client  is listening at /0.0.0.0:39414
2019-10-02 10:18:35,734 [IPC Server Responder] INFO  ipc.Server (Server.java:run(1314)) - IPC Server Responder: starting
2019-10-02 10:18:35,734 [IPC Server listener on 39414] INFO  ipc.Server (Server.java:run(1153)) - IPC Server listener on 39414: starting
2019-10-02 10:18:35,738 [main] INFO  server.StorageContainerManager (StorageContainerManager.java:start(780)) - ScmBlockLocationProtocol RPC server is listening at /0.0.0.0:39404
2019-10-02 10:18:35,739 [main] INFO  server.SCMBlockProtocolServer (SCMBlockProtocolServer.java:start(146)) - RPC server for Block Protocol is listening at /0.0.0.0:39404
2019-10-02 10:18:35,740 [IPC Server Responder] INFO  ipc.Server (Server.java:run(1314)) - IPC Server Responder: starting
2019-10-02 10:18:35,740 [IPC Server listener on 39404] INFO  ipc.Server (Server.java:run(1153)) - IPC Server listener on 39404: starting
2019-10-02 10:18:35,743 [main] INFO  server.StorageContainerManager (StorageContainerManager.java:start(784)) - ScmDatanodeProtocl RPC server is listening at /0.0.0.0:34275
2019-10-02 10:18:35,743 [main] INFO  server.SCMDatanodeProtocolServer (SCMDatanodeProtocolServer.java:start(191)) - RPC server for DataNodes is listening at /0.0.0.0:34275
2019-10-02 10:18:35,744 [IPC Server Responder] INFO  ipc.Server (Server.java:run(1314)) - IPC Server Responder: starting
2019-10-02 10:18:35,744 [IPC Server listener on 34275] INFO  ipc.Server (Server.java:run(1153)) - IPC Server listener on 34275: starting
2019-10-02 10:18:35,748 [main] INFO  http.HttpServer2 (HttpServer2.java:bindListener(1191)) - Jetty bound to port 34509
2019-10-02 10:18:35,750 [main] INFO  server.Server (Server.java:doStart(351)) - jetty-9.3.25.v20180904, build timestamp: 2018-09-04T21:11:46Z, git hash: 3ce520221d0240229c862b122d2b06c12a625732
2019-10-02 10:18:35,793 [main] INFO  handler.ContextHandler (ContextHandler.java:doStart(781)) - Started o.e.j.s.ServletContextHandler@12bd8a64{/logs,file:///workdir/hadoop-ozone/integration-test/target/log,AVAILABLE}
2019-10-02 10:18:35,794 [main] INFO  handler.ContextHandler (ContextHandler.java:doStart(781)) - Started o.e.j.s.ServletContextHandler@3300f4fd{/static,file:///workdir/hadoop-ozone/integration-test/target/test-classes/webapps/static,AVAILABLE}
2019-10-02 10:18:35,830 [main] INFO  handler.ContextHandler (ContextHandler.java:doStart(781)) - Started o.e.j.w.WebAppContext@4eeea57d{/,file:///workdir/hadoop-ozone/integration-test/target/test-classes/webapps/scm/,AVAILABLE}{/scm}
2019-10-02 10:18:35,836 [main] INFO  server.AbstractConnector (AbstractConnector.java:doStart(278)) - Started ServerConnector@6bc248ed{HTTP/1.1,[http/1.1]}{0.0.0.0:34509}
2019-10-02 10:18:35,836 [main] INFO  server.Server (Server.java:doStart(419)) - Started @9639ms
2019-10-02 10:18:35,839 [main] INFO  impl.MetricsSinkAdapter (MetricsSinkAdapter.java:start(204)) - Sink prometheus started
2019-10-02 10:18:35,839 [main] INFO  impl.MetricsSystemImpl (MetricsSystemImpl.java:registerSink(301)) - Registered sink prometheus
2019-10-02 10:18:35,840 [main] INFO  server.BaseHttpServer (BaseHttpServer.java:updateConnectorAddress(215)) - HTTP server of SCM is listening at http://0.0.0.0:34509
2019-10-02 10:18:35,849 [org.apache.hadoop.util.JvmPauseMonitor$Monitor@3af4e0bf] INFO  util.JvmPauseMonitor (JvmPauseMonitor.java:run(188)) - Starting JVM pause monitor
2019-10-02 10:18:35,854 [main] WARN  server.ServerUtils (ServerUtils.java:getDBPath(222)) - ozone.om.db.dirs is not configured. We recommend adding this setting. Falling back to ozone.metadata.dirs instead.
2019-10-02 10:18:35,980 [main] WARN  server.ServerUtils (ServerUtils.java:getDBPath(222)) - ozone.om.db.dirs is not configured. We recommend adding this setting. Falling back to ozone.metadata.dirs instead.
2019-10-02 10:18:35,980 [main] WARN  server.ServerUtils (ServerUtils.java:getDBPath(222)) - ozone.om.db.dirs is not configured. We recommend adding this setting. Falling back to ozone.metadata.dirs instead.
2019-10-02 10:18:35,981 [main] INFO  om.OzoneManager (OzoneManager.java:setOMNodeDetails(652)) - OM Service ID is not set. Setting it to the default ID: omServiceIdDefault
2019-10-02 10:18:35,982 [main] INFO  om.OzoneManager (OzoneManager.java:setOMNodeDetails(658)) - OM Node ID is not set. Setting it to the OmStorage's OmID: c18b4416-5a76-4a77-9b5f-bdf493601da3
2019-10-02 10:18:35,983 [main] INFO  om.OzoneManager (OzoneManager.java:loadOMHAConfigs(609)) - Found matching OM address with OMServiceId: null, OMNodeId: null, RPC Address: localhost:0 and Ratis port: 9872
2019-10-02 10:18:36,738 [main] WARN  server.ServerUtils (ServerUtils.java:getDBPath(222)) - ozone.om.db.dirs is not configured. We recommend adding this setting. Falling back to ozone.metadata.dirs instead.
2019-10-02 10:18:36,748 [main] INFO  db.DBStoreBuilder (DBStoreBuilder.java:addTable(110)) - using custom profile for table: userTable
2019-10-02 10:18:36,749 [main] INFO  db.DBStoreBuilder (DBStoreBuilder.java:processTables(161)) - Using default column profile:DBProfile.DISK for Table:userTable
2019-10-02 10:18:36,749 [main] INFO  db.DBStoreBuilder (DBStoreBuilder.java:addTable(110)) - using custom profile for table: volumeTable
2019-10-02 10:18:36,749 [main] INFO  db.DBStoreBuilder (DBStoreBuilder.java:processTables(161)) - Using default column profile:DBProfile.DISK for Table:volumeTable
2019-10-02 10:18:36,750 [main] INFO  db.DBStoreBuilder (DBStoreBuilder.java:addTable(110)) - using custom profile for table: bucketTable
2019-10-02 10:18:36,750 [main] INFO  db.DBStoreBuilder (DBStoreBuilder.java:processTables(161)) - Using default column profile:DBProfile.DISK for Table:bucketTable
2019-10-02 10:18:36,751 [main] INFO  db.DBStoreBuilder (DBStoreBuilder.java:addTable(110)) - using custom profile for table: keyTable
2019-10-02 10:18:36,751 [main] INFO  db.DBStoreBuilder (DBStoreBuilder.java:processTables(161)) - Using default column profile:DBProfile.DISK for Table:keyTable
2019-10-02 10:18:36,751 [main] INFO  db.DBStoreBuilder (DBStoreBuilder.java:addTable(110)) - using custom profile for table: deletedTable
2019-10-02 10:18:36,752 [main] INFO  db.DBStoreBuilder (DBStoreBuilder.java:processTables(161)) - Using default column profile:DBProfile.DISK for Table:deletedTable
2019-10-02 10:18:36,752 [main] INFO  db.DBStoreBuilder (DBStoreBuilder.java:addTable(110)) - using custom profile for table: openKeyTable
2019-10-02 10:18:36,752 [main] INFO  db.DBStoreBuilder (DBStoreBuilder.java:processTables(161)) - Using default column profile:DBProfile.DISK for Table:openKeyTable
2019-10-02 10:18:36,753 [main] INFO  db.DBStoreBuilder (DBStoreBuilder.java:addTable(110)) - using custom profile for table: s3Table
2019-10-02 10:18:36,753 [main] INFO  db.DBStoreBuilder (DBStoreBuilder.java:processTables(161)) - Using default column profile:DBProfile.DISK for Table:s3Table
2019-10-02 10:18:36,754 [main] INFO  db.DBStoreBuilder (DBStoreBuilder.java:addTable(110)) - using custom profile for table: multipartInfoTable
2019-10-02 10:18:36,754 [main] INFO  db.DBStoreBuilder (DBStoreBuilder.java:processTables(161)) - Using default column profile:DBProfile.DISK for Table:multipartInfoTable
2019-10-02 10:18:36,754 [main] INFO  db.DBStoreBuilder (DBStoreBuilder.java:addTable(110)) - using custom profile for table: dTokenTable
2019-10-02 10:18:36,755 [main] INFO  db.DBStoreBuilder (DBStoreBuilder.java:processTables(161)) - Using default column profile:DBProfile.DISK for Table:dTokenTable
2019-10-02 10:18:36,755 [main] INFO  db.DBStoreBuilder (DBStoreBuilder.java:addTable(110)) - using custom profile for table: s3SecretTable
2019-10-02 10:18:36,755 [main] INFO  db.DBStoreBuilder (DBStoreBuilder.java:processTables(161)) - Using default column profile:DBProfile.DISK for Table:s3SecretTable
2019-10-02 10:18:36,755 [main] INFO  db.DBStoreBuilder (DBStoreBuilder.java:addTable(110)) - using custom profile for table: prefixTable
2019-10-02 10:18:36,756 [main] INFO  db.DBStoreBuilder (DBStoreBuilder.java:processTables(161)) - Using default column profile:DBProfile.DISK for Table:prefixTable
2019-10-02 10:18:36,756 [main] INFO  db.DBStoreBuilder (DBStoreBuilder.java:addTable(110)) - using custom profile for table: default
2019-10-02 10:18:36,756 [main] INFO  db.DBStoreBuilder (DBStoreBuilder.java:processTables(167)) - Using default column profile:DBProfile.DISK for Table:default
2019-10-02 10:18:36,756 [main] INFO  db.DBStoreBuilder (DBStoreBuilder.java:getDbProfile(198)) - Using default options. DBProfile.DISK
2019-10-02 10:18:50,840 [main] INFO  ipc.CallQueueManager (CallQueueManager.java:<init>(84)) - Using callQueue: class java.util.concurrent.LinkedBlockingQueue, queueCapacity: 2000, scheduler: class org.apache.hadoop.ipc.DefaultRpcScheduler, ipcBackoff: false.
2019-10-02 10:18:50,841 [Socket Reader #1 for port 36576] INFO  ipc.Server (Server.java:run(1074)) - Starting Socket Reader #1 for port 36576
2019-10-02 10:18:50,882 [main] INFO  om.OzoneManager (OzoneManager.java:start(1243)) - OzoneManager RPC server is listening at localhost/127.0.0.1:36576
2019-10-02 10:18:50,885 [main] INFO  impl.MetricsSystemImpl (MetricsSystemImpl.java:init(158)) - OzoneManager metrics system started (again)
2019-10-02 10:18:50,887 [IPC Server Responder] INFO  ipc.Server (Server.java:run(1314)) - IPC Server Responder: starting
2019-10-02 10:18:50,887 [IPC Server listener on 36576] INFO  ipc.Server (Server.java:run(1153)) - IPC Server listener on 36576: starting
2019-10-02 10:18:50,905 [main] INFO  hdfs.DFSUtil (DFSUtil.java:httpServerTemplateForNNAndJN(1641)) - Starting Web-server for ozoneManager at: http://0.0.0.0:0
2019-10-02 10:18:50,908 [main] INFO  server.AuthenticationFilter (AuthenticationFilter.java:constructSecretProvider(240)) - Unable to initialize FileSignerSecretProvider, falling back to use random secrets.
2019-10-02 10:18:50,909 [main] WARN  http.HttpRequestLog (HttpRequestLog.java:getRequestLog(97)) - Jetty request log can only be enabled using Log4j
2019-10-02 10:18:50,911 [main] INFO  http.HttpServer2 (HttpServer2.java:addGlobalFilter(975)) - Added global filter 'safety' (class=org.apache.hadoop.http.HttpServer2$QuotingInputFilter)
2019-10-02 10:18:50,912 [main] INFO  http.HttpServer2 (HttpServer2.java:addFilter(948)) - Added filter static_user_filter (class=org.apache.hadoop.http.lib.StaticUserWebFilter$StaticUserFilter) to context ozoneManager
2019-10-02 10:18:50,913 [main] INFO  http.HttpServer2 (HttpServer2.java:addFilter(958)) - Added filter static_user_filter (class=org.apache.hadoop.http.lib.StaticUserWebFilter$StaticUserFilter) to context logs
2019-10-02 10:18:50,913 [main] INFO  http.HttpServer2 (HttpServer2.java:addFilter(958)) - Added filter static_user_filter (class=org.apache.hadoop.http.lib.StaticUserWebFilter$StaticUserFilter) to context static
2019-10-02 10:18:50,915 [main] INFO  http.HttpServer2 (HttpServer2.java:bindListener(1191)) - Jetty bound to port 41803
2019-10-02 10:18:50,915 [main] INFO  server.Server (Server.java:doStart(351)) - jetty-9.3.25.v20180904, build timestamp: 2018-09-04T21:11:46Z, git hash: 3ce520221d0240229c862b122d2b06c12a625732
2019-10-02 10:18:50,918 [main] INFO  handler.ContextHandler (ContextHandler.java:doStart(781)) - Started o.e.j.s.ServletContextHandler@989da1{/logs,file:///workdir/hadoop-ozone/integration-test/target/log,AVAILABLE}
2019-10-02 10:18:50,919 [main] INFO  handler.ContextHandler (ContextHandler.java:doStart(781)) - Started o.e.j.s.ServletContextHandler@3eed0f5{/static,file:///workdir/hadoop-ozone/integration-test/target/test-classes/webapps/static,AVAILABLE}
2019-10-02 10:18:50,924 [main] INFO  handler.ContextHandler (ContextHandler.java:doStart(781)) - Started o.e.j.w.WebAppContext@353efdbf{/,file:///workdir/hadoop-ozone/integration-test/target/test-classes/webapps/ozoneManager/,AVAILABLE}{/ozoneManager}
2019-10-02 10:18:50,925 [main] INFO  server.AbstractConnector (AbstractConnector.java:doStart(278)) - Started ServerConnector@55cff952{HTTP/1.1,[http/1.1]}{0.0.0.0:41803}
2019-10-02 10:18:50,925 [main] INFO  server.Server (Server.java:doStart(419)) - Started @24728ms
2019-10-02 10:18:50,926 [main] WARN  impl.MetricsSystemImpl (MetricsSystemImpl.java:register(276)) - Sink prometheus already exists!
2019-10-02 10:18:50,927 [main] INFO  server.BaseHttpServer (BaseHttpServer.java:updateConnectorAddress(215)) - HTTP server of OZONEMANAGER is listening at http://0.0.0.0:41803
2019-10-02 10:18:51,243 [main] INFO  impl.MetricsSystemImpl (MetricsSystemImpl.java:init(158)) - HddsDatanode metrics system started (again)
2019-10-02 10:18:51,304 [main] INFO  ozone.HddsDatanodeService (HddsDatanodeService.java:start(184)) - HddsDatanodeService host:pr-trunk-gg4kw-413187789 ip:192.168.151.92
2019-10-02 10:18:51,341 [main] INFO  volume.HddsVolume (HddsVolume.java:<init>(176)) - Creating Volume: /workdir/hadoop-ozone/integration-test/target/test-dir/MiniOzoneClusterImpl-a60b818f-4dd1-4965-bff3-fb44efcd9a0b/datanode-0/data/containers/hdds of  storage type : DISK and capacity : 1482555576320
2019-10-02 10:18:51,343 [main] INFO  volume.VolumeSet (VolumeSet.java:initializeVolumeSet(170)) - Added Volume : /workdir/hadoop-ozone/integration-test/target/test-dir/MiniOzoneClusterImpl-a60b818f-4dd1-4965-bff3-fb44efcd9a0b/datanode-0/data/containers/hdds to VolumeSet
2019-10-02 10:18:51,346 [main] INFO  volume.ThrottledAsyncChecker (ThrottledAsyncChecker.java:schedule(139)) - Scheduling a check for org.apache.hadoop.ozone.container.common.volume.HddsVolume@69da0b12
2019-10-02 10:18:51,363 [main] INFO  volume.HddsVolumeChecker (HddsVolumeChecker.java:checkAllVolumes(202)) - Scheduled health check for volume org.apache.hadoop.ozone.container.common.volume.HddsVolume@69da0b12
2019-10-02 10:18:51,478 [main] INFO  impl.RaftServerProxy (ConfUtils.java:logGet(43)) - raft.rpc.type = GRPC (default)
2019-10-02 10:18:51,545 [main] INFO  grpc.GrpcFactory (GrpcFactory.java:checkPooledByteBufAllocatorUseCacheForAllThreads(45)) - PERFORMANCE WARNING: useCacheForAllThreads is true that may cause Netty to create a lot garbage objects and, as a result, trigger GC.
	It is recommended to disable useCacheForAllThreads by setting -Dorg.apache.ratis.thirdparty.io.netty.allocator.useCacheForAllThreads=false in command line.
2019-10-02 10:18:51,550 [main] INFO  grpc.GrpcConfigKeys$Server (ConfUtils.java:logGet(43)) - raft.grpc.server.port = 0 (default)
2019-10-02 10:18:51,551 [main] INFO  server.GrpcService (ConfUtils.java:logGet(43)) - raft.grpc.message.size.max = 33570816 (custom)
2019-10-02 10:18:51,553 [main] INFO  server.RaftServerConfigKeys (ConfUtils.java:logGet(43)) - raft.server.log.appender.buffer.byte-limit = 33554432 (custom)
2019-10-02 10:18:51,554 [main] INFO  server.GrpcService (ConfUtils.java:logGet(43)) - raft.grpc.flow.control.window = 1MB (=1048576) (default)
2019-10-02 10:18:51,554 [main] INFO  server.RaftServerConfigKeys (ConfUtils.java:logGet(43)) - raft.server.rpc.request.timeout = 3000ms (default)
2019-10-02 10:18:51,715 [main] INFO  server.RaftServerConfigKeys (ConfUtils.java:logGet(43)) - raft.server.storage.dir = [/workdir/hadoop-ozone/integration-test/target/test-dir/MiniOzoneClusterImpl-a60b818f-4dd1-4965-bff3-fb44efcd9a0b/datanode-0/data/ratis] (custom)
2019-10-02 10:18:51,766 [main] INFO  hdfs.DFSUtil (DFSUtil.java:httpServerTemplateForNNAndJN(1641)) - Starting Web-server for hddsDatanode at: http://0.0.0.0:0
2019-10-02 10:18:51,768 [main] INFO  server.AuthenticationFilter (AuthenticationFilter.java:constructSecretProvider(240)) - Unable to initialize FileSignerSecretProvider, falling back to use random secrets.
2019-10-02 10:18:51,768 [main] WARN  http.HttpRequestLog (HttpRequestLog.java:getRequestLog(97)) - Jetty request log can only be enabled using Log4j
2019-10-02 10:18:51,770 [main] INFO  http.HttpServer2 (HttpServer2.java:addGlobalFilter(975)) - Added global filter 'safety' (class=org.apache.hadoop.http.HttpServer2$QuotingInputFilter)
2019-10-02 10:18:51,771 [main] INFO  http.HttpServer2 (HttpServer2.java:addFilter(948)) - Added filter static_user_filter (class=org.apache.hadoop.http.lib.StaticUserWebFilter$StaticUserFilter) to context hddsDatanode
2019-10-02 10:18:51,771 [main] INFO  http.HttpServer2 (HttpServer2.java:addFilter(958)) - Added filter static_user_filter (class=org.apache.hadoop.http.lib.StaticUserWebFilter$StaticUserFilter) to context static
2019-10-02 10:18:51,771 [main] INFO  http.HttpServer2 (HttpServer2.java:addFilter(958)) - Added filter static_user_filter (class=org.apache.hadoop.http.lib.StaticUserWebFilter$StaticUserFilter) to context logs
2019-10-02 10:18:51,772 [main] INFO  http.HttpServer2 (HttpServer2.java:bindListener(1191)) - Jetty bound to port 46327
2019-10-02 10:18:51,773 [main] INFO  server.Server (Server.java:doStart(351)) - jetty-9.3.25.v20180904, build timestamp: 2018-09-04T21:11:46Z, git hash: 3ce520221d0240229c862b122d2b06c12a625732
2019-10-02 10:18:51,778 [main] INFO  handler.ContextHandler (ContextHandler.java:doStart(781)) - Started o.e.j.s.ServletContextHandler@3968bc60{/logs,file:///workdir/hadoop-ozone/integration-test/target/log,AVAILABLE}
2019-10-02 10:18:51,779 [main] INFO  handler.ContextHandler (ContextHandler.java:doStart(781)) - Started o.e.j.s.ServletContextHandler@227a47{/static,jar:file:/home/user/.m2/repository/org/apache/hadoop/hadoop-hdds-container-service/0.5.0-SNAPSHOT/hadoop-hdds-container-service-0.5.0-SNAPSHOT.jar!/webapps/static,AVAILABLE}
2019-10-02 10:18:51,815 [main] INFO  handler.ContextHandler (ContextHandler.java:doStart(781)) - Started o.e.j.w.WebAppContext@6981f8f3{/,file:///tmp/jetty-0.0.0.0-46327-hddsDatanode-_-any-5465039464145450660.dir/webapp/,AVAILABLE}{/hddsDatanode}
2019-10-02 10:18:51,816 [main] INFO  server.AbstractConnector (AbstractConnector.java:doStart(278)) - Started ServerConnector@623dcf2a{HTTP/1.1,[http/1.1]}{0.0.0.0:46327}
2019-10-02 10:18:51,817 [main] INFO  server.Server (Server.java:doStart(419)) - Started @25619ms
2019-10-02 10:18:51,817 [main] WARN  impl.MetricsSystemImpl (MetricsSystemImpl.java:register(276)) - Sink prometheus already exists!
2019-10-02 10:18:51,818 [main] INFO  server.BaseHttpServer (BaseHttpServer.java:updateConnectorAddress(215)) - HTTP server of HDDSDATANODE is listening at http://0.0.0.0:46327
2019-10-02 10:18:51,819 [main] INFO  impl.MetricsSystemImpl (MetricsSystemImpl.java:init(158)) - HddsDatanode metrics system started (again)
2019-10-02 10:18:51,821 [main] INFO  ozone.HddsDatanodeService (HddsDatanodeService.java:start(184)) - HddsDatanodeService host:pr-trunk-gg4kw-413187789 ip:192.168.151.92
2019-10-02 10:18:51,825 [org.apache.hadoop.util.JvmPauseMonitor$Monitor@1a207812] INFO  util.JvmPauseMonitor (JvmPauseMonitor.java:run(188)) - Starting JVM pause monitor
2019-10-02 10:18:51,828 [main] INFO  volume.HddsVolume (HddsVolume.java:<init>(176)) - Creating Volume: /workdir/hadoop-ozone/integration-test/target/test-dir/MiniOzoneClusterImpl-a60b818f-4dd1-4965-bff3-fb44efcd9a0b/datanode-1/data/containers/hdds of  storage type : DISK and capacity : 1482555576320
2019-10-02 10:18:51,832 [main] INFO  volume.VolumeSet (VolumeSet.java:initializeVolumeSet(170)) - Added Volume : /workdir/hadoop-ozone/integration-test/target/test-dir/MiniOzoneClusterImpl-a60b818f-4dd1-4965-bff3-fb44efcd9a0b/datanode-1/data/containers/hdds to VolumeSet
2019-10-02 10:18:51,833 [main] INFO  volume.ThrottledAsyncChecker (ThrottledAsyncChecker.java:schedule(139)) - Scheduling a check for org.apache.hadoop.ozone.container.common.volume.HddsVolume@4b6e1c0
2019-10-02 10:18:51,834 [main] INFO  volume.HddsVolumeChecker (HddsVolumeChecker.java:checkAllVolumes(202)) - Scheduled health check for volume org.apache.hadoop.ozone.container.common.volume.HddsVolume@4b6e1c0
2019-10-02 10:18:51,853 [main] INFO  impl.RaftServerProxy (ConfUtils.java:logGet(43)) - raft.rpc.type = GRPC (default)
2019-10-02 10:18:51,854 [main] INFO  grpc.GrpcFactory (GrpcFactory.java:checkPooledByteBufAllocatorUseCacheForAllThreads(45)) - PERFORMANCE WARNING: useCacheForAllThreads is true that may cause Netty to create a lot garbage objects and, as a result, trigger GC.
	It is recommended to disable useCacheForAllThreads by setting -Dorg.apache.ratis.thirdparty.io.netty.allocator.useCacheForAllThreads=false in command line.
2019-10-02 10:18:51,854 [main] INFO  grpc.GrpcConfigKeys$Server (ConfUtils.java:logGet(43)) - raft.grpc.server.port = 0 (default)
2019-10-02 10:18:51,855 [main] INFO  server.GrpcService (ConfUtils.java:logGet(43)) - raft.grpc.message.size.max = 33570816 (custom)
2019-10-02 10:18:51,855 [main] INFO  server.RaftServerConfigKeys (ConfUtils.java:logGet(43)) - raft.server.log.appender.buffer.byte-limit = 33554432 (custom)
2019-10-02 10:18:51,855 [main] INFO  server.GrpcService (ConfUtils.java:logGet(43)) - raft.grpc.flow.control.window = 1MB (=1048576) (default)
2019-10-02 10:18:51,856 [main] INFO  server.RaftServerConfigKeys (ConfUtils.java:logGet(43)) - raft.server.rpc.request.timeout = 3000ms (default)
2019-10-02 10:18:51,856 [main] INFO  server.RaftServerConfigKeys (ConfUtils.java:logGet(43)) - raft.server.storage.dir = [/workdir/hadoop-ozone/integration-test/target/test-dir/MiniOzoneClusterImpl-a60b818f-4dd1-4965-bff3-fb44efcd9a0b/datanode-1/data/ratis] (custom)
2019-10-02 10:18:51,858 [main] INFO  hdfs.DFSUtil (DFSUtil.java:httpServerTemplateForNNAndJN(1641)) - Starting Web-server for hddsDatanode at: http://0.0.0.0:0
2019-10-02 10:18:51,861 [main] INFO  server.AuthenticationFilter (AuthenticationFilter.java:constructSecretProvider(240)) - Unable to initialize FileSignerSecretProvider, falling back to use random secrets.
2019-10-02 10:18:51,862 [main] WARN  http.HttpRequestLog (HttpRequestLog.java:getRequestLog(97)) - Jetty request log can only be enabled using Log4j
2019-10-02 10:18:51,864 [main] INFO  http.HttpServer2 (HttpServer2.java:addGlobalFilter(975)) - Added global filter 'safety' (class=org.apache.hadoop.http.HttpServer2$QuotingInputFilter)
2019-10-02 10:18:51,866 [main] INFO  http.HttpServer2 (HttpServer2.java:addFilter(948)) - Added filter static_user_filter (class=org.apache.hadoop.http.lib.StaticUserWebFilter$StaticUserFilter) to context hddsDatanode
2019-10-02 10:18:51,866 [main] INFO  http.HttpServer2 (HttpServer2.java:addFilter(958)) - Added filter static_user_filter (class=org.apache.hadoop.http.lib.StaticUserWebFilter$StaticUserFilter) to context static
2019-10-02 10:18:51,866 [main] INFO  http.HttpServer2 (HttpServer2.java:addFilter(958)) - Added filter static_user_filter (class=org.apache.hadoop.http.lib.StaticUserWebFilter$StaticUserFilter) to context logs
2019-10-02 10:18:51,867 [main] INFO  http.HttpServer2 (HttpServer2.java:bindListener(1191)) - Jetty bound to port 37075
2019-10-02 10:18:51,867 [main] INFO  server.Server (Server.java:doStart(351)) - jetty-9.3.25.v20180904, build timestamp: 2018-09-04T21:11:46Z, git hash: 3ce520221d0240229c862b122d2b06c12a625732
2019-10-02 10:18:51,869 [main] INFO  handler.ContextHandler (ContextHandler.java:doStart(781)) - Started o.e.j.s.ServletContextHandler@5679e96b{/logs,file:///workdir/hadoop-ozone/integration-test/target/log,AVAILABLE}
2019-10-02 10:18:51,870 [main] INFO  handler.ContextHandler (ContextHandler.java:doStart(781)) - Started o.e.j.s.ServletContextHandler@3bbf841e{/static,jar:file:/home/user/.m2/repository/org/apache/hadoop/hadoop-hdds-container-service/0.5.0-SNAPSHOT/hadoop-hdds-container-service-0.5.0-SNAPSHOT.jar!/webapps/static,AVAILABLE}
2019-10-02 10:18:51,900 [main] INFO  handler.ContextHandler (ContextHandler.java:doStart(781)) - Started o.e.j.w.WebAppContext@5b5e7036{/,file:///tmp/jetty-0.0.0.0-37075-hddsDatanode-_-any-2478368107791218579.dir/webapp/,AVAILABLE}{/hddsDatanode}
2019-10-02 10:18:51,902 [main] INFO  server.AbstractConnector (AbstractConnector.java:doStart(278)) - Started ServerConnector@62dbe64e{HTTP/1.1,[http/1.1]}{0.0.0.0:37075}
2019-10-02 10:18:51,902 [main] INFO  server.Server (Server.java:doStart(419)) - Started @25704ms
2019-10-02 10:18:51,902 [main] WARN  impl.MetricsSystemImpl (MetricsSystemImpl.java:register(276)) - Sink prometheus already exists!
2019-10-02 10:18:51,903 [main] INFO  server.BaseHttpServer (BaseHttpServer.java:updateConnectorAddress(215)) - HTTP server of HDDSDATANODE is listening at http://0.0.0.0:37075
2019-10-02 10:18:51,904 [main] INFO  impl.MetricsSystemImpl (MetricsSystemImpl.java:init(158)) - HddsDatanode metrics system started (again)
2019-10-02 10:18:51,906 [org.apache.hadoop.util.JvmPauseMonitor$Monitor@76ba11d7] INFO  util.JvmPauseMonitor (JvmPauseMonitor.java:run(188)) - Starting JVM pause monitor
2019-10-02 10:18:51,907 [main] INFO  ozone.HddsDatanodeService (HddsDatanodeService.java:start(184)) - HddsDatanodeService host:pr-trunk-gg4kw-413187789 ip:192.168.151.92
2019-10-02 10:18:51,914 [main] INFO  volume.HddsVolume (HddsVolume.java:<init>(176)) - Creating Volume: /workdir/hadoop-ozone/integration-test/target/test-dir/MiniOzoneClusterImpl-a60b818f-4dd1-4965-bff3-fb44efcd9a0b/datanode-2/data/containers/hdds of  storage type : DISK and capacity : 1482555576320
2019-10-02 10:18:51,915 [main] INFO  volume.VolumeSet (VolumeSet.java:initializeVolumeSet(170)) - Added Volume : /workdir/hadoop-ozone/integration-test/target/test-dir/MiniOzoneClusterImpl-a60b818f-4dd1-4965-bff3-fb44efcd9a0b/datanode-2/data/containers/hdds to VolumeSet
2019-10-02 10:18:51,915 [main] INFO  volume.ThrottledAsyncChecker (ThrottledAsyncChecker.java:schedule(139)) - Scheduling a check for org.apache.hadoop.ozone.container.common.volume.HddsVolume@5af8bb51
2019-10-02 10:18:51,916 [main] INFO  volume.HddsVolumeChecker (HddsVolumeChecker.java:checkAllVolumes(202)) - Scheduled health check for volume org.apache.hadoop.ozone.container.common.volume.HddsVolume@5af8bb51
2019-10-02 10:18:51,931 [main] INFO  impl.RaftServerProxy (ConfUtils.java:logGet(43)) - raft.rpc.type = GRPC (default)
2019-10-02 10:18:51,931 [main] INFO  grpc.GrpcFactory (GrpcFactory.java:checkPooledByteBufAllocatorUseCacheForAllThreads(45)) - PERFORMANCE WARNING: useCacheForAllThreads is true that may cause Netty to create a lot garbage objects and, as a result, trigger GC.
	It is recommended to disable useCacheForAllThreads by setting -Dorg.apache.ratis.thirdparty.io.netty.allocator.useCacheForAllThreads=false in command line.
2019-10-02 10:18:51,932 [main] INFO  grpc.GrpcConfigKeys$Server (ConfUtils.java:logGet(43)) - raft.grpc.server.port = 0 (default)
2019-10-02 10:18:51,932 [main] INFO  server.GrpcService (ConfUtils.java:logGet(43)) - raft.grpc.message.size.max = 33570816 (custom)
2019-10-02 10:18:51,932 [main] INFO  server.RaftServerConfigKeys (ConfUtils.java:logGet(43)) - raft.server.log.appender.buffer.byte-limit = 33554432 (custom)
2019-10-02 10:18:51,933 [main] INFO  server.GrpcService (ConfUtils.java:logGet(43)) - raft.grpc.flow.control.window = 1MB (=1048576) (default)
2019-10-02 10:18:51,933 [main] INFO  server.RaftServerConfigKeys (ConfUtils.java:logGet(43)) - raft.server.rpc.request.timeout = 3000ms (default)
2019-10-02 10:18:51,934 [main] INFO  server.RaftServerConfigKeys (ConfUtils.java:logGet(43)) - raft.server.storage.dir = [/workdir/hadoop-ozone/integration-test/target/test-dir/MiniOzoneClusterImpl-a60b818f-4dd1-4965-bff3-fb44efcd9a0b/datanode-2/data/ratis] (custom)
2019-10-02 10:18:51,936 [main] INFO  hdfs.DFSUtil (DFSUtil.java:httpServerTemplateForNNAndJN(1641)) - Starting Web-server for hddsDatanode at: http://0.0.0.0:0
2019-10-02 10:18:51,938 [main] INFO  server.AuthenticationFilter (AuthenticationFilter.java:constructSecretProvider(240)) - Unable to initialize FileSignerSecretProvider, falling back to use random secrets.
2019-10-02 10:18:51,938 [main] WARN  http.HttpRequestLog (HttpRequestLog.java:getRequestLog(97)) - Jetty request log can only be enabled using Log4j
2019-10-02 10:18:51,940 [main] INFO  http.HttpServer2 (HttpServer2.java:addGlobalFilter(975)) - Added global filter 'safety' (class=org.apache.hadoop.http.HttpServer2$QuotingInputFilter)
2019-10-02 10:18:51,941 [main] INFO  http.HttpServer2 (HttpServer2.java:addFilter(948)) - Added filter static_user_filter (class=org.apache.hadoop.http.lib.StaticUserWebFilter$StaticUserFilter) to context hddsDatanode
2019-10-02 10:18:51,941 [main] INFO  http.HttpServer2 (HttpServer2.java:addFilter(958)) - Added filter static_user_filter (class=org.apache.hadoop.http.lib.StaticUserWebFilter$StaticUserFilter) to context static
2019-10-02 10:18:51,941 [main] INFO  http.HttpServer2 (HttpServer2.java:addFilter(958)) - Added filter static_user_filter (class=org.apache.hadoop.http.lib.StaticUserWebFilter$StaticUserFilter) to context logs
2019-10-02 10:18:51,942 [main] INFO  http.HttpServer2 (HttpServer2.java:bindListener(1191)) - Jetty bound to port 46328
2019-10-02 10:18:51,942 [main] INFO  server.Server (Server.java:doStart(351)) - jetty-9.3.25.v20180904, build timestamp: 2018-09-04T21:11:46Z, git hash: 3ce520221d0240229c862b122d2b06c12a625732
2019-10-02 10:18:51,946 [main] INFO  handler.ContextHandler (ContextHandler.java:doStart(781)) - Started o.e.j.s.ServletContextHandler@151bf776{/logs,file:///workdir/hadoop-ozone/integration-test/target/log,AVAILABLE}
2019-10-02 10:18:51,947 [main] INFO  handler.ContextHandler (ContextHandler.java:doStart(781)) - Started o.e.j.s.ServletContextHandler@b52b755{/static,jar:file:/home/user/.m2/repository/org/apache/hadoop/hadoop-hdds-container-service/0.5.0-SNAPSHOT/hadoop-hdds-container-service-0.5.0-SNAPSHOT.jar!/webapps/static,AVAILABLE}
2019-10-02 10:18:51,948 [Datanode State Machine Thread - 0] INFO  datanode.InitDatanodeState (InitDatanodeState.java:persistContainerDatanodeDetails(140)) - DatanodeDetails is persisted to /workdir/hadoop-ozone/integration-test/target/test-dir/MiniOzoneClusterImpl-a60b818f-4dd1-4965-bff3-fb44efcd9a0b/datanode-0/meta/datanode.id
2019-10-02 10:18:51,952 [Datanode State Machine Thread - 0] INFO  datanode.InitDatanodeState (InitDatanodeState.java:persistContainerDatanodeDetails(140)) - DatanodeDetails is persisted to /workdir/hadoop-ozone/integration-test/target/test-dir/MiniOzoneClusterImpl-a60b818f-4dd1-4965-bff3-fb44efcd9a0b/datanode-1/meta/datanode.id
2019-10-02 10:18:51,976 [main] INFO  handler.ContextHandler (ContextHandler.java:doStart(781)) - Started o.e.j.w.WebAppContext@dc4a691{/,file:///tmp/jetty-0.0.0.0-46328-hddsDatanode-_-any-4272304216432681633.dir/webapp/,AVAILABLE}{/hddsDatanode}
2019-10-02 10:18:51,977 [main] INFO  server.AbstractConnector (AbstractConnector.java:doStart(278)) - Started ServerConnector@784abd3e{HTTP/1.1,[http/1.1]}{0.0.0.0:46328}
2019-10-02 10:18:51,978 [main] INFO  server.Server (Server.java:doStart(419)) - Started @25780ms
2019-10-02 10:18:51,978 [main] WARN  impl.MetricsSystemImpl (MetricsSystemImpl.java:register(276)) - Sink prometheus already exists!
2019-10-02 10:18:51,979 [main] INFO  server.BaseHttpServer (BaseHttpServer.java:updateConnectorAddress(215)) - HTTP server of HDDSDATANODE is listening at http://0.0.0.0:46328
2019-10-02 10:18:51,979 [main] INFO  impl.MetricsSystemImpl (MetricsSystemImpl.java:init(158)) - HddsDatanode metrics system started (again)
2019-10-02 10:18:51,982 [main] INFO  ozone.HddsDatanodeService (HddsDatanodeService.java:start(184)) - HddsDatanodeService host:pr-trunk-gg4kw-413187789 ip:192.168.151.92
2019-10-02 10:18:51,982 [org.apache.hadoop.util.JvmPauseMonitor$Monitor@1c7feda8] INFO  util.JvmPauseMonitor (JvmPauseMonitor.java:run(188)) - Starting JVM pause monitor
2019-10-02 10:18:51,983 [Datanode State Machine Thread - 0] INFO  datanode.InitDatanodeState (InitDatanodeState.java:persistContainerDatanodeDetails(140)) - DatanodeDetails is persisted to /workdir/hadoop-ozone/integration-test/target/test-dir/MiniOzoneClusterImpl-a60b818f-4dd1-4965-bff3-fb44efcd9a0b/datanode-2/meta/datanode.id
2019-10-02 10:18:51,988 [main] INFO  volume.HddsVolume (HddsVolume.java:<init>(176)) - Creating Volume: /workdir/hadoop-ozone/integration-test/target/test-dir/MiniOzoneClusterImpl-a60b818f-4dd1-4965-bff3-fb44efcd9a0b/datanode-3/data/containers/hdds of  storage type : DISK and capacity : 1482555576320
2019-10-02 10:18:51,988 [main] INFO  volume.VolumeSet (VolumeSet.java:initializeVolumeSet(170)) - Added Volume : /workdir/hadoop-ozone/integration-test/target/test-dir/MiniOzoneClusterImpl-a60b818f-4dd1-4965-bff3-fb44efcd9a0b/datanode-3/data/containers/hdds to VolumeSet
2019-10-02 10:18:51,989 [main] INFO  volume.ThrottledAsyncChecker (ThrottledAsyncChecker.java:schedule(139)) - Scheduling a check for org.apache.hadoop.ozone.container.common.volume.HddsVolume@443effcb
2019-10-02 10:18:51,989 [main] INFO  volume.HddsVolumeChecker (HddsVolumeChecker.java:checkAllVolumes(202)) - Scheduled health check for volume org.apache.hadoop.ozone.container.common.volume.HddsVolume@443effcb
2019-10-02 10:18:52,005 [main] INFO  impl.RaftServerProxy (ConfUtils.java:logGet(43)) - raft.rpc.type = GRPC (default)
2019-10-02 10:18:52,006 [main] INFO  grpc.GrpcFactory (GrpcFactory.java:checkPooledByteBufAllocatorUseCacheForAllThreads(45)) - PERFORMANCE WARNING: useCacheForAllThreads is true that may cause Netty to create a lot garbage objects and, as a result, trigger GC.
	It is recommended to disable useCacheForAllThreads by setting -Dorg.apache.ratis.thirdparty.io.netty.allocator.useCacheForAllThreads=false in command line.
2019-10-02 10:18:52,006 [main] INFO  grpc.GrpcConfigKeys$Server (ConfUtils.java:logGet(43)) - raft.grpc.server.port = 0 (default)
2019-10-02 10:18:52,006 [main] INFO  server.GrpcService (ConfUtils.java:logGet(43)) - raft.grpc.message.size.max = 33570816 (custom)
2019-10-02 10:18:52,006 [main] INFO  server.RaftServerConfigKeys (ConfUtils.java:logGet(43)) - raft.server.log.appender.buffer.byte-limit = 33554432 (custom)
2019-10-02 10:18:52,007 [main] INFO  server.GrpcService (ConfUtils.java:logGet(43)) - raft.grpc.flow.control.window = 1MB (=1048576) (default)
2019-10-02 10:18:52,007 [main] INFO  server.RaftServerConfigKeys (ConfUtils.java:logGet(43)) - raft.server.rpc.request.timeout = 3000ms (default)
2019-10-02 10:18:52,007 [main] INFO  server.RaftServerConfigKeys (ConfUtils.java:logGet(43)) - raft.server.storage.dir = [/workdir/hadoop-ozone/integration-test/target/test-dir/MiniOzoneClusterImpl-a60b818f-4dd1-4965-bff3-fb44efcd9a0b/datanode-3/data/ratis] (custom)
2019-10-02 10:18:52,009 [main] INFO  hdfs.DFSUtil (DFSUtil.java:httpServerTemplateForNNAndJN(1641)) - Starting Web-server for hddsDatanode at: http://0.0.0.0:0
2019-10-02 10:18:52,011 [main] INFO  server.AuthenticationFilter (AuthenticationFilter.java:constructSecretProvider(240)) - Unable to initialize FileSignerSecretProvider, falling back to use random secrets.
2019-10-02 10:18:52,011 [main] WARN  http.HttpRequestLog (HttpRequestLog.java:getRequestLog(97)) - Jetty request log can only be enabled using Log4j
2019-10-02 10:18:52,013 [main] INFO  http.HttpServer2 (HttpServer2.java:addGlobalFilter(975)) - Added global filter 'safety' (class=org.apache.hadoop.http.HttpServer2$QuotingInputFilter)
2019-10-02 10:18:52,013 [main] INFO  http.HttpServer2 (HttpServer2.java:addFilter(948)) - Added filter static_user_filter (class=org.apache.hadoop.http.lib.StaticUserWebFilter$StaticUserFilter) to context hddsDatanode
2019-10-02 10:18:52,014 [main] INFO  http.HttpServer2 (HttpServer2.java:addFilter(958)) - Added filter static_user_filter (class=org.apache.hadoop.http.lib.StaticUserWebFilter$StaticUserFilter) to context logs
2019-10-02 10:18:52,014 [main] INFO  http.HttpServer2 (HttpServer2.java:addFilter(958)) - Added filter static_user_filter (class=org.apache.hadoop.http.lib.StaticUserWebFilter$StaticUserFilter) to context static
2019-10-02 10:18:52,015 [main] INFO  http.HttpServer2 (HttpServer2.java:bindListener(1191)) - Jetty bound to port 40859
2019-10-02 10:18:52,015 [main] INFO  server.Server (Server.java:doStart(351)) - jetty-9.3.25.v20180904, build timestamp: 2018-09-04T21:11:46Z, git hash: 3ce520221d0240229c862b122d2b06c12a625732
2019-10-02 10:18:52,017 [main] INFO  handler.ContextHandler (ContextHandler.java:doStart(781)) - Started o.e.j.s.ServletContextHandler@5634d0f4{/logs,file:///workdir/hadoop-ozone/integration-test/target/log,AVAILABLE}
2019-10-02 10:18:52,017 [main] INFO  handler.ContextHandler (ContextHandler.java:doStart(781)) - Started o.e.j.s.ServletContextHandler@3d4e405e{/static,jar:file:/home/user/.m2/repository/org/apache/hadoop/hadoop-hdds-container-service/0.5.0-SNAPSHOT/hadoop-hdds-container-service-0.5.0-SNAPSHOT.jar!/webapps/static,AVAILABLE}
2019-10-02 10:18:52,046 [main] INFO  handler.ContextHandler (ContextHandler.java:doStart(781)) - Started o.e.j.w.WebAppContext@1859e2a4{/,file:///tmp/jetty-0.0.0.0-40859-hddsDatanode-_-any-5488079836984019802.dir/webapp/,AVAILABLE}{/hddsDatanode}
2019-10-02 10:18:52,048 [main] INFO  server.AbstractConnector (AbstractConnector.java:doStart(278)) - Started ServerConnector@46349b95{HTTP/1.1,[http/1.1]}{0.0.0.0:40859}
2019-10-02 10:18:52,048 [main] INFO  server.Server (Server.java:doStart(419)) - Started @25850ms
2019-10-02 10:18:52,048 [main] WARN  impl.MetricsSystemImpl (MetricsSystemImpl.java:register(276)) - Sink prometheus already exists!
2019-10-02 10:18:52,049 [main] INFO  server.BaseHttpServer (BaseHttpServer.java:updateConnectorAddress(215)) - HTTP server of HDDSDATANODE is listening at http://0.0.0.0:40859
2019-10-02 10:18:52,049 [main] INFO  impl.MetricsSystemImpl (MetricsSystemImpl.java:init(158)) - HddsDatanode metrics system started (again)
2019-10-02 10:18:52,052 [org.apache.hadoop.util.JvmPauseMonitor$Monitor@23bb2dc7] INFO  util.JvmPauseMonitor (JvmPauseMonitor.java:run(188)) - Starting JVM pause monitor
2019-10-02 10:18:52,053 [main] INFO  ozone.HddsDatanodeService (HddsDatanodeService.java:start(184)) - HddsDatanodeService host:pr-trunk-gg4kw-413187789 ip:192.168.151.92
2019-10-02 10:18:52,055 [Datanode State Machine Thread - 0] INFO  datanode.InitDatanodeState (InitDatanodeState.java:persistContainerDatanodeDetails(140)) - DatanodeDetails is persisted to /workdir/hadoop-ozone/integration-test/target/test-dir/MiniOzoneClusterImpl-a60b818f-4dd1-4965-bff3-fb44efcd9a0b/datanode-3/meta/datanode.id
2019-10-02 10:18:52,058 [main] INFO  volume.HddsVolume (HddsVolume.java:<init>(176)) - Creating Volume: /workdir/hadoop-ozone/integration-test/target/test-dir/MiniOzoneClusterImpl-a60b818f-4dd1-4965-bff3-fb44efcd9a0b/datanode-4/data/containers/hdds of  storage type : DISK and capacity : 1482555576320
2019-10-02 10:18:52,058 [main] INFO  volume.VolumeSet (VolumeSet.java:initializeVolumeSet(170)) - Added Volume : /workdir/hadoop-ozone/integration-test/target/test-dir/MiniOzoneClusterImpl-a60b818f-4dd1-4965-bff3-fb44efcd9a0b/datanode-4/data/containers/hdds to VolumeSet
2019-10-02 10:18:52,059 [main] INFO  volume.ThrottledAsyncChecker (ThrottledAsyncChecker.java:schedule(139)) - Scheduling a check for org.apache.hadoop.ozone.container.common.volume.HddsVolume@2f4c2cd4
2019-10-02 10:18:52,059 [main] INFO  volume.HddsVolumeChecker (HddsVolumeChecker.java:checkAllVolumes(202)) - Scheduled health check for volume org.apache.hadoop.ozone.container.common.volume.HddsVolume@2f4c2cd4
2019-10-02 10:18:52,073 [main] INFO  impl.RaftServerProxy (ConfUtils.java:logGet(43)) - raft.rpc.type = GRPC (default)
2019-10-02 10:18:52,073 [main] INFO  grpc.GrpcFactory (GrpcFactory.java:checkPooledByteBufAllocatorUseCacheForAllThreads(45)) - PERFORMANCE WARNING: useCacheForAllThreads is true that may cause Netty to create a lot garbage objects and, as a result, trigger GC.
	It is recommended to disable useCacheForAllThreads by setting -Dorg.apache.ratis.thirdparty.io.netty.allocator.useCacheForAllThreads=false in command line.
2019-10-02 10:18:52,073 [main] INFO  grpc.GrpcConfigKeys$Server (ConfUtils.java:logGet(43)) - raft.grpc.server.port = 0 (default)
2019-10-02 10:18:52,074 [main] INFO  server.GrpcService (ConfUtils.java:logGet(43)) - raft.grpc.message.size.max = 33570816 (custom)
2019-10-02 10:18:52,074 [main] INFO  server.RaftServerConfigKeys (ConfUtils.java:logGet(43)) - raft.server.log.appender.buffer.byte-limit = 33554432 (custom)
2019-10-02 10:18:52,074 [main] INFO  server.GrpcService (ConfUtils.java:logGet(43)) - raft.grpc.flow.control.window = 1MB (=1048576) (default)
2019-10-02 10:18:52,074 [main] INFO  server.RaftServerConfigKeys (ConfUtils.java:logGet(43)) - raft.server.rpc.request.timeout = 3000ms (default)
2019-10-02 10:18:52,075 [main] INFO  server.RaftServerConfigKeys (ConfUtils.java:logGet(43)) - raft.server.storage.dir = [/workdir/hadoop-ozone/integration-test/target/test-dir/MiniOzoneClusterImpl-a60b818f-4dd1-4965-bff3-fb44efcd9a0b/datanode-4/data/ratis] (custom)
2019-10-02 10:18:52,076 [main] INFO  hdfs.DFSUtil (DFSUtil.java:httpServerTemplateForNNAndJN(1641)) - Starting Web-server for hddsDatanode at: http://0.0.0.0:0
2019-10-02 10:18:52,077 [main] INFO  server.AuthenticationFilter (AuthenticationFilter.java:constructSecretProvider(240)) - Unable to initialize FileSignerSecretProvider, falling back to use random secrets.
2019-10-02 10:18:52,078 [main] WARN  http.HttpRequestLog (HttpRequestLog.java:getRequestLog(97)) - Jetty request log can only be enabled using Log4j
2019-10-02 10:18:52,079 [main] INFO  http.HttpServer2 (HttpServer2.java:addGlobalFilter(975)) - Added global filter 'safety' (class=org.apache.hadoop.http.HttpServer2$QuotingInputFilter)
2019-10-02 10:18:52,080 [main] INFO  http.HttpServer2 (HttpServer2.java:addFilter(948)) - Added filter static_user_filter (class=org.apache.hadoop.http.lib.StaticUserWebFilter$StaticUserFilter) to context hddsDatanode
2019-10-02 10:18:52,080 [main] INFO  http.HttpServer2 (HttpServer2.java:addFilter(958)) - Added filter static_user_filter (class=org.apache.hadoop.http.lib.StaticUserWebFilter$StaticUserFilter) to context static
2019-10-02 10:18:52,080 [main] INFO  http.HttpServer2 (HttpServer2.java:addFilter(958)) - Added filter static_user_filter (class=org.apache.hadoop.http.lib.StaticUserWebFilter$StaticUserFilter) to context logs
2019-10-02 10:18:52,081 [main] INFO  http.HttpServer2 (HttpServer2.java:bindListener(1191)) - Jetty bound to port 41032
2019-10-02 10:18:52,081 [main] INFO  server.Server (Server.java:doStart(351)) - jetty-9.3.25.v20180904, build timestamp: 2018-09-04T21:11:46Z, git hash: 3ce520221d0240229c862b122d2b06c12a625732
2019-10-02 10:18:52,083 [main] INFO  handler.ContextHandler (ContextHandler.java:doStart(781)) - Started o.e.j.s.ServletContextHandler@44cffc25{/logs,file:///workdir/hadoop-ozone/integration-test/target/log,AVAILABLE}
2019-10-02 10:18:52,084 [main] INFO  handler.ContextHandler (ContextHandler.java:doStart(781)) - Started o.e.j.s.ServletContextHandler@25aeb5ac{/static,jar:file:/home/user/.m2/repository/org/apache/hadoop/hadoop-hdds-container-service/0.5.0-SNAPSHOT/hadoop-hdds-container-service-0.5.0-SNAPSHOT.jar!/webapps/static,AVAILABLE}
2019-10-02 10:18:52,110 [main] INFO  handler.ContextHandler (ContextHandler.java:doStart(781)) - Started o.e.j.w.WebAppContext@ff23ae7{/,file:///tmp/jetty-0.0.0.0-41032-hddsDatanode-_-any-49715160673458059.dir/webapp/,AVAILABLE}{/hddsDatanode}
2019-10-02 10:18:52,111 [main] INFO  server.AbstractConnector (AbstractConnector.java:doStart(278)) - Started ServerConnector@423b2b62{HTTP/1.1,[http/1.1]}{0.0.0.0:41032}
2019-10-02 10:18:52,112 [main] INFO  server.Server (Server.java:doStart(419)) - Started @25914ms
2019-10-02 10:18:52,112 [main] WARN  impl.MetricsSystemImpl (MetricsSystemImpl.java:register(276)) - Sink prometheus already exists!
2019-10-02 10:18:52,113 [main] INFO  server.BaseHttpServer (BaseHttpServer.java:updateConnectorAddress(215)) - HTTP server of HDDSDATANODE is listening at http://0.0.0.0:41032
2019-10-02 10:18:52,113 [main] INFO  impl.MetricsSystemImpl (MetricsSystemImpl.java:init(158)) - HddsDatanode metrics system started (again)
2019-10-02 10:18:52,116 [org.apache.hadoop.util.JvmPauseMonitor$Monitor@41ec1f92] INFO  util.JvmPauseMonitor (JvmPauseMonitor.java:run(188)) - Starting JVM pause monitor
2019-10-02 10:18:52,116 [main] INFO  ozone.HddsDatanodeService (HddsDatanodeService.java:start(184)) - HddsDatanodeService host:pr-trunk-gg4kw-413187789 ip:192.168.151.92
2019-10-02 10:18:52,117 [Datanode State Machine Thread - 0] INFO  datanode.InitDatanodeState (InitDatanodeState.java:persistContainerDatanodeDetails(140)) - DatanodeDetails is persisted to /workdir/hadoop-ozone/integration-test/target/test-dir/MiniOzoneClusterImpl-a60b818f-4dd1-4965-bff3-fb44efcd9a0b/datanode-4/meta/datanode.id
2019-10-02 10:18:52,122 [main] INFO  volume.HddsVolume (HddsVolume.java:<init>(176)) - Creating Volume: /workdir/hadoop-ozone/integration-test/target/test-dir/MiniOzoneClusterImpl-a60b818f-4dd1-4965-bff3-fb44efcd9a0b/datanode-5/data/containers/hdds of  storage type : DISK and capacity : 1482555576320
2019-10-02 10:18:52,123 [main] INFO  volume.VolumeSet (VolumeSet.java:initializeVolumeSet(170)) - Added Volume : /workdir/hadoop-ozone/integration-test/target/test-dir/MiniOzoneClusterImpl-a60b818f-4dd1-4965-bff3-fb44efcd9a0b/datanode-5/data/containers/hdds to VolumeSet
2019-10-02 10:18:52,123 [main] INFO  volume.ThrottledAsyncChecker (ThrottledAsyncChecker.java:schedule(139)) - Scheduling a check for org.apache.hadoop.ozone.container.common.volume.HddsVolume@3a66e67e
2019-10-02 10:18:52,123 [main] INFO  volume.HddsVolumeChecker (HddsVolumeChecker.java:checkAllVolumes(202)) - Scheduled health check for volume org.apache.hadoop.ozone.container.common.volume.HddsVolume@3a66e67e
2019-10-02 10:18:52,138 [main] INFO  impl.RaftServerProxy (ConfUtils.java:logGet(43)) - raft.rpc.type = GRPC (default)
2019-10-02 10:18:52,138 [main] INFO  grpc.GrpcFactory (GrpcFactory.java:checkPooledByteBufAllocatorUseCacheForAllThreads(45)) - PERFORMANCE WARNING: useCacheForAllThreads is true that may cause Netty to create a lot garbage objects and, as a result, trigger GC.
	It is recommended to disable useCacheForAllThreads by setting -Dorg.apache.ratis.thirdparty.io.netty.allocator.useCacheForAllThreads=false in command line.
2019-10-02 10:18:52,138 [main] INFO  grpc.GrpcConfigKeys$Server (ConfUtils.java:logGet(43)) - raft.grpc.server.port = 0 (default)
2019-10-02 10:18:52,139 [main] INFO  server.GrpcService (ConfUtils.java:logGet(43)) - raft.grpc.message.size.max = 33570816 (custom)
2019-10-02 10:18:52,139 [main] INFO  server.RaftServerConfigKeys (ConfUtils.java:logGet(43)) - raft.server.log.appender.buffer.byte-limit = 33554432 (custom)
2019-10-02 10:18:52,139 [main] INFO  server.GrpcService (ConfUtils.java:logGet(43)) - raft.grpc.flow.control.window = 1MB (=1048576) (default)
2019-10-02 10:18:52,139 [main] INFO  server.RaftServerConfigKeys (ConfUtils.java:logGet(43)) - raft.server.rpc.request.timeout = 3000ms (default)
2019-10-02 10:18:52,140 [main] INFO  server.RaftServerConfigKeys (ConfUtils.java:logGet(43)) - raft.server.storage.dir = [/workdir/hadoop-ozone/integration-test/target/test-dir/MiniOzoneClusterImpl-a60b818f-4dd1-4965-bff3-fb44efcd9a0b/datanode-5/data/ratis] (custom)
2019-10-02 10:18:52,141 [main] INFO  hdfs.DFSUtil (DFSUtil.java:httpServerTemplateForNNAndJN(1641)) - Starting Web-server for hddsDatanode at: http://0.0.0.0:0
2019-10-02 10:18:52,143 [main] INFO  server.AuthenticationFilter (AuthenticationFilter.java:constructSecretProvider(240)) - Unable to initialize FileSignerSecretProvider, falling back to use random secrets.
2019-10-02 10:18:52,143 [main] WARN  http.HttpRequestLog (HttpRequestLog.java:getRequestLog(97)) - Jetty request log can only be enabled using Log4j
2019-10-02 10:18:52,145 [main] INFO  http.HttpServer2 (HttpServer2.java:addGlobalFilter(975)) - Added global filter 'safety' (class=org.apache.hadoop.http.HttpServer2$QuotingInputFilter)
2019-10-02 10:18:52,145 [main] INFO  http.HttpServer2 (HttpServer2.java:addFilter(948)) - Added filter static_user_filter (class=org.apache.hadoop.http.lib.StaticUserWebFilter$StaticUserFilter) to context hddsDatanode
2019-10-02 10:18:52,146 [main] INFO  http.HttpServer2 (HttpServer2.java:addFilter(958)) - Added filter static_user_filter (class=org.apache.hadoop.http.lib.StaticUserWebFilter$StaticUserFilter) to context static
2019-10-02 10:18:52,146 [main] INFO  http.HttpServer2 (HttpServer2.java:addFilter(958)) - Added filter static_user_filter (class=org.apache.hadoop.http.lib.StaticUserWebFilter$StaticUserFilter) to context logs
2019-10-02 10:18:52,146 [main] INFO  http.HttpServer2 (HttpServer2.java:bindListener(1191)) - Jetty bound to port 35850
2019-10-02 10:18:52,146 [main] INFO  server.Server (Server.java:doStart(351)) - jetty-9.3.25.v20180904, build timestamp: 2018-09-04T21:11:46Z, git hash: 3ce520221d0240229c862b122d2b06c12a625732
2019-10-02 10:18:52,148 [main] INFO  handler.ContextHandler (ContextHandler.java:doStart(781)) - Started o.e.j.s.ServletContextHandler@68f0f72c{/logs,file:///workdir/hadoop-ozone/integration-test/target/log,AVAILABLE}
2019-10-02 10:18:52,148 [main] INFO  handler.ContextHandler (ContextHandler.java:doStart(781)) - Started o.e.j.s.ServletContextHandler@3b545206{/static,jar:file:/home/user/.m2/repository/org/apache/hadoop/hadoop-hdds-container-service/0.5.0-SNAPSHOT/hadoop-hdds-container-service-0.5.0-SNAPSHOT.jar!/webapps/static,AVAILABLE}
2019-10-02 10:18:52,176 [main] INFO  handler.ContextHandler (ContextHandler.java:doStart(781)) - Started o.e.j.w.WebAppContext@3d0035d2{/,file:///tmp/jetty-0.0.0.0-35850-hddsDatanode-_-any-5933614633935624517.dir/webapp/,AVAILABLE}{/hddsDatanode}
2019-10-02 10:18:52,177 [main] INFO  server.AbstractConnector (AbstractConnector.java:doStart(278)) - Started ServerConnector@2bfb6b49{HTTP/1.1,[http/1.1]}{0.0.0.0:35850}
2019-10-02 10:18:52,177 [main] INFO  server.Server (Server.java:doStart(419)) - Started @25980ms
2019-10-02 10:18:52,178 [main] WARN  impl.MetricsSystemImpl (MetricsSystemImpl.java:register(276)) - Sink prometheus already exists!
2019-10-02 10:18:52,178 [main] INFO  server.BaseHttpServer (BaseHttpServer.java:updateConnectorAddress(215)) - HTTP server of HDDSDATANODE is listening at http://0.0.0.0:35850
2019-10-02 10:18:52,179 [main] INFO  impl.MetricsSystemImpl (MetricsSystemImpl.java:init(158)) - HddsDatanode metrics system started (again)
2019-10-02 10:18:52,182 [org.apache.hadoop.util.JvmPauseMonitor$Monitor@2e7260e] INFO  util.JvmPauseMonitor (JvmPauseMonitor.java:run(188)) - Starting JVM pause monitor
2019-10-02 10:18:52,183 [main] INFO  ozone.HddsDatanodeService (HddsDatanodeService.java:start(184)) - HddsDatanodeService host:pr-trunk-gg4kw-413187789 ip:192.168.151.92
2019-10-02 10:18:52,184 [Datanode State Machine Thread - 0] INFO  datanode.InitDatanodeState (InitDatanodeState.java:persistContainerDatanodeDetails(140)) - DatanodeDetails is persisted to /workdir/hadoop-ozone/integration-test/target/test-dir/MiniOzoneClusterImpl-a60b818f-4dd1-4965-bff3-fb44efcd9a0b/datanode-5/meta/datanode.id
2019-10-02 10:18:52,188 [main] INFO  volume.HddsVolume (HddsVolume.java:<init>(176)) - Creating Volume: /workdir/hadoop-ozone/integration-test/target/test-dir/MiniOzoneClusterImpl-a60b818f-4dd1-4965-bff3-fb44efcd9a0b/datanode-6/data/containers/hdds of  storage type : DISK and capacity : 1482555576320
2019-10-02 10:18:52,188 [main] INFO  volume.VolumeSet (VolumeSet.java:initializeVolumeSet(170)) - Added Volume : /workdir/hadoop-ozone/integration-test/target/test-dir/MiniOzoneClusterImpl-a60b818f-4dd1-4965-bff3-fb44efcd9a0b/datanode-6/data/containers/hdds to VolumeSet
2019-10-02 10:18:52,188 [main] INFO  volume.ThrottledAsyncChecker (ThrottledAsyncChecker.java:schedule(139)) - Scheduling a check for org.apache.hadoop.ozone.container.common.volume.HddsVolume@173a6728
2019-10-02 10:18:52,189 [main] INFO  volume.HddsVolumeChecker (HddsVolumeChecker.java:checkAllVolumes(202)) - Scheduled health check for volume org.apache.hadoop.ozone.container.common.volume.HddsVolume@173a6728
2019-10-02 10:18:52,202 [main] INFO  impl.RaftServerProxy (ConfUtils.java:logGet(43)) - raft.rpc.type = GRPC (default)
2019-10-02 10:18:52,202 [main] INFO  grpc.GrpcFactory (GrpcFactory.java:checkPooledByteBufAllocatorUseCacheForAllThreads(45)) - PERFORMANCE WARNING: useCacheForAllThreads is true that may cause Netty to create a lot garbage objects and, as a result, trigger GC.
	It is recommended to disable useCacheForAllThreads by setting -Dorg.apache.ratis.thirdparty.io.netty.allocator.useCacheForAllThreads=false in command line.
2019-10-02 10:18:52,203 [main] INFO  grpc.GrpcConfigKeys$Server (ConfUtils.java:logGet(43)) - raft.grpc.server.port = 0 (default)
2019-10-02 10:18:52,203 [main] INFO  server.GrpcService (ConfUtils.java:logGet(43)) - raft.grpc.message.size.max = 33570816 (custom)
2019-10-02 10:18:52,203 [main] INFO  server.RaftServerConfigKeys (ConfUtils.java:logGet(43)) - raft.server.log.appender.buffer.byte-limit = 33554432 (custom)
2019-10-02 10:18:52,203 [main] INFO  server.GrpcService (ConfUtils.java:logGet(43)) - raft.grpc.flow.control.window = 1MB (=1048576) (default)
2019-10-02 10:18:52,203 [main] INFO  server.RaftServerConfigKeys (ConfUtils.java:logGet(43)) - raft.server.rpc.request.timeout = 3000ms (default)
2019-10-02 10:18:52,204 [main] INFO  server.RaftServerConfigKeys (ConfUtils.java:logGet(43)) - raft.server.storage.dir = [/workdir/hadoop-ozone/integration-test/target/test-dir/MiniOzoneClusterImpl-a60b818f-4dd1-4965-bff3-fb44efcd9a0b/datanode-6/data/ratis] (custom)
2019-10-02 10:18:52,205 [main] INFO  hdfs.DFSUtil (DFSUtil.java:httpServerTemplateForNNAndJN(1641)) - Starting Web-server for hddsDatanode at: http://0.0.0.0:0
2019-10-02 10:18:52,207 [main] INFO  server.AuthenticationFilter (AuthenticationFilter.java:constructSecretProvider(240)) - Unable to initialize FileSignerSecretProvider, falling back to use random secrets.
2019-10-02 10:18:52,207 [main] WARN  http.HttpRequestLog (HttpRequestLog.java:getRequestLog(97)) - Jetty request log can only be enabled using Log4j
2019-10-02 10:18:52,208 [main] INFO  http.HttpServer2 (HttpServer2.java:addGlobalFilter(975)) - Added global filter 'safety' (class=org.apache.hadoop.http.HttpServer2$QuotingInputFilter)
2019-10-02 10:18:52,209 [main] INFO  http.HttpServer2 (HttpServer2.java:addFilter(948)) - Added filter static_user_filter (class=org.apache.hadoop.http.lib.StaticUserWebFilter$StaticUserFilter) to context hddsDatanode
2019-10-02 10:18:52,209 [main] INFO  http.HttpServer2 (HttpServer2.java:addFilter(958)) - Added filter static_user_filter (class=org.apache.hadoop.http.lib.StaticUserWebFilter$StaticUserFilter) to context static
2019-10-02 10:18:52,209 [main] INFO  http.HttpServer2 (HttpServer2.java:addFilter(958)) - Added filter static_user_filter (class=org.apache.hadoop.http.lib.StaticUserWebFilter$StaticUserFilter) to context logs
2019-10-02 10:18:52,210 [main] INFO  http.HttpServer2 (HttpServer2.java:bindListener(1191)) - Jetty bound to port 34572
2019-10-02 10:18:52,210 [main] INFO  server.Server (Server.java:doStart(351)) - jetty-9.3.25.v20180904, build timestamp: 2018-09-04T21:11:46Z, git hash: 3ce520221d0240229c862b122d2b06c12a625732
2019-10-02 10:18:52,212 [main] INFO  handler.ContextHandler (ContextHandler.java:doStart(781)) - Started o.e.j.s.ServletContextHandler@1e1e9ef3{/logs,file:///workdir/hadoop-ozone/integration-test/target/log,AVAILABLE}
2019-10-02 10:18:52,212 [main] INFO  handler.ContextHandler (ContextHandler.java:doStart(781)) - Started o.e.j.s.ServletContextHandler@31c628e7{/static,jar:file:/home/user/.m2/repository/org/apache/hadoop/hadoop-hdds-container-service/0.5.0-SNAPSHOT/hadoop-hdds-container-service-0.5.0-SNAPSHOT.jar!/webapps/static,AVAILABLE}
2019-10-02 10:18:52,239 [main] INFO  handler.ContextHandler (ContextHandler.java:doStart(781)) - Started o.e.j.w.WebAppContext@5c5d6175{/,file:///tmp/jetty-0.0.0.0-34572-hddsDatanode-_-any-6447448207526577238.dir/webapp/,AVAILABLE}{/hddsDatanode}
2019-10-02 10:18:52,240 [main] INFO  server.AbstractConnector (AbstractConnector.java:doStart(278)) - Started ServerConnector@7544ac86{HTTP/1.1,[http/1.1]}{0.0.0.0:34572}
2019-10-02 10:18:52,240 [main] INFO  server.Server (Server.java:doStart(419)) - Started @26043ms
2019-10-02 10:18:52,240 [main] WARN  impl.MetricsSystemImpl (MetricsSystemImpl.java:register(276)) - Sink prometheus already exists!
2019-10-02 10:18:52,241 [main] INFO  server.BaseHttpServer (BaseHttpServer.java:updateConnectorAddress(215)) - HTTP server of HDDSDATANODE is listening at http://0.0.0.0:34572
2019-10-02 10:18:52,243 [main] INFO  ozone.MiniOzoneClusterImpl (MiniOzoneClusterImpl.java:lambda$waitForClusterToBeReady$0(147)) - Waiting for cluster to be ready. Got 0 of 7 DN Heartbeats.
2019-10-02 10:18:52,243 [org.apache.hadoop.util.JvmPauseMonitor$Monitor@1cfdf1ac] INFO  util.JvmPauseMonitor (JvmPauseMonitor.java:run(188)) - Starting JVM pause monitor
2019-10-02 10:18:52,245 [Datanode State Machine Thread - 0] INFO  datanode.InitDatanodeState (InitDatanodeState.java:persistContainerDatanodeDetails(140)) - DatanodeDetails is persisted to /workdir/hadoop-ozone/integration-test/target/test-dir/MiniOzoneClusterImpl-a60b818f-4dd1-4965-bff3-fb44efcd9a0b/datanode-6/meta/datanode.id
2019-10-02 10:18:53,243 [main] INFO  ozone.MiniOzoneClusterImpl (MiniOzoneClusterImpl.java:lambda$waitForClusterToBeReady$0(147)) - Waiting for cluster to be ready. Got 0 of 7 DN Heartbeats.
2019-10-02 10:18:53,903 [Datanode State Machine Thread - 0] INFO  ozoneimpl.OzoneContainer (OzoneContainer.java:start(217)) - Attempting to start container services.
2019-10-02 10:18:53,907 [Datanode State Machine Thread - 0] INFO  ozoneimpl.OzoneContainer (OzoneContainer.java:startContainerScrub(179)) - Background container scanner has been disabled.
2019-10-02 10:18:53,908 [Datanode State Machine Thread - 0] INFO  ratis.XceiverServerRatis (XceiverServerRatis.java:start(417)) - Starting XceiverServerRatis 663b2fe6-68c2-4e66-9671-0aa57c3653e2 at port 0
2019-10-02 10:18:53,925 [Datanode State Machine Thread - 0] INFO  ozoneimpl.OzoneContainer (OzoneContainer.java:start(217)) - Attempting to start container services.
2019-10-02 10:18:53,932 [Datanode State Machine Thread - 0] INFO  ozoneimpl.OzoneContainer (OzoneContainer.java:startContainerScrub(179)) - Background container scanner has been disabled.
2019-10-02 10:18:53,933 [Datanode State Machine Thread - 0] INFO  ratis.XceiverServerRatis (XceiverServerRatis.java:start(417)) - Starting XceiverServerRatis 438152b3-e18d-41ab-8849-fe8d3376297f at port 0
2019-10-02 10:18:53,939 [Datanode State Machine Thread - 0] INFO  impl.RaftServerProxy (RaftServerProxy.java:lambda$start$3(299)) - 663b2fe6-68c2-4e66-9671-0aa57c3653e2: start RPC server
2019-10-02 10:18:53,941 [Datanode State Machine Thread - 0] INFO  impl.RaftServerProxy (RaftServerProxy.java:lambda$start$3(299)) - 438152b3-e18d-41ab-8849-fe8d3376297f: start RPC server
2019-10-02 10:18:53,999 [Datanode State Machine Thread - 0] INFO  ozoneimpl.OzoneContainer (OzoneContainer.java:start(217)) - Attempting to start container services.
2019-10-02 10:18:54,003 [Datanode State Machine Thread - 0] INFO  ozoneimpl.OzoneContainer (OzoneContainer.java:startContainerScrub(179)) - Background container scanner has been disabled.
2019-10-02 10:18:54,004 [Datanode State Machine Thread - 0] INFO  ratis.XceiverServerRatis (XceiverServerRatis.java:start(417)) - Starting XceiverServerRatis b70c9021-8da6-41e6-a976-daf4f7fbddb8 at port 0
2019-10-02 10:18:54,011 [Datanode State Machine Thread - 0] INFO  impl.RaftServerProxy (RaftServerProxy.java:lambda$start$3(299)) - b70c9021-8da6-41e6-a976-daf4f7fbddb8: start RPC server
2019-10-02 10:18:54,073 [Datanode State Machine Thread - 0] INFO  ozoneimpl.OzoneContainer (OzoneContainer.java:start(217)) - Attempting to start container services.
2019-10-02 10:18:54,074 [Datanode State Machine Thread - 0] INFO  ozoneimpl.OzoneContainer (OzoneContainer.java:startContainerScrub(179)) - Background container scanner has been disabled.
2019-10-02 10:18:54,074 [Datanode State Machine Thread - 0] INFO  ratis.XceiverServerRatis (XceiverServerRatis.java:start(417)) - Starting XceiverServerRatis e651fbfb-20c0-4662-a7f7-0a3dd600170c at port 0
2019-10-02 10:18:54,078 [Datanode State Machine Thread - 0] INFO  server.GrpcService (GrpcService.java:startImpl(158)) - 438152b3-e18d-41ab-8849-fe8d3376297f: GrpcService started, listening on 0.0.0.0/0.0.0.0:40801
2019-10-02 10:18:54,078 [Datanode State Machine Thread - 0] INFO  server.GrpcService (GrpcService.java:startImpl(158)) - b70c9021-8da6-41e6-a976-daf4f7fbddb8: GrpcService started, listening on 0.0.0.0/0.0.0.0:38657
2019-10-02 10:18:54,078 [Datanode State Machine Thread - 0] INFO  server.GrpcService (GrpcService.java:startImpl(158)) - 663b2fe6-68c2-4e66-9671-0aa57c3653e2: GrpcService started, listening on 0.0.0.0/0.0.0.0:41388
2019-10-02 10:18:54,080 [Datanode State Machine Thread - 0] INFO  ratis.XceiverServerRatis (XceiverServerRatis.java:start(427)) - XceiverServerRatis b70c9021-8da6-41e6-a976-daf4f7fbddb8 is started using port 38657
2019-10-02 10:18:54,080 [Datanode State Machine Thread - 0] INFO  ratis.XceiverServerRatis (XceiverServerRatis.java:start(427)) - XceiverServerRatis 438152b3-e18d-41ab-8849-fe8d3376297f is started using port 40801
2019-10-02 10:18:54,080 [Datanode State Machine Thread - 0] INFO  ratis.XceiverServerRatis (XceiverServerRatis.java:start(427)) - XceiverServerRatis 663b2fe6-68c2-4e66-9671-0aa57c3653e2 is started using port 41388
2019-10-02 10:18:54,081 [Datanode State Machine Thread - 0] INFO  impl.RaftServerProxy (RaftServerProxy.java:lambda$start$3(299)) - e651fbfb-20c0-4662-a7f7-0a3dd600170c: start RPC server
2019-10-02 10:18:54,088 [Datanode State Machine Thread - 0] INFO  server.XceiverServerGrpc (XceiverServerGrpc.java:start(149)) - XceiverServerGrpc 438152b3-e18d-41ab-8849-fe8d3376297f is started using port 39917
2019-10-02 10:18:54,088 [Datanode State Machine Thread - 0] INFO  server.XceiverServerGrpc (XceiverServerGrpc.java:start(149)) - XceiverServerGrpc b70c9021-8da6-41e6-a976-daf4f7fbddb8 is started using port 41136
2019-10-02 10:18:54,088 [Datanode State Machine Thread - 0] INFO  server.XceiverServerGrpc (XceiverServerGrpc.java:start(149)) - XceiverServerGrpc 663b2fe6-68c2-4e66-9671-0aa57c3653e2 is started using port 45969
2019-10-02 10:18:54,089 [Datanode State Machine Thread - 0] INFO  server.GrpcService (GrpcService.java:startImpl(158)) - e651fbfb-20c0-4662-a7f7-0a3dd600170c: GrpcService started, listening on 0.0.0.0/0.0.0.0:40542
2019-10-02 10:18:54,090 [Datanode State Machine Thread - 0] INFO  ratis.XceiverServerRatis (XceiverServerRatis.java:start(427)) - XceiverServerRatis e651fbfb-20c0-4662-a7f7-0a3dd600170c is started using port 40542
2019-10-02 10:18:54,092 [Datanode State Machine Thread - 0] INFO  server.XceiverServerGrpc (XceiverServerGrpc.java:start(149)) - XceiverServerGrpc e651fbfb-20c0-4662-a7f7-0a3dd600170c is started using port 44703
2019-10-02 10:18:54,133 [Datanode State Machine Thread - 0] INFO  ozoneimpl.OzoneContainer (OzoneContainer.java:start(217)) - Attempting to start container services.
2019-10-02 10:18:54,134 [Datanode State Machine Thread - 0] INFO  ozoneimpl.OzoneContainer (OzoneContainer.java:startContainerScrub(179)) - Background container scanner has been disabled.
2019-10-02 10:18:54,134 [Datanode State Machine Thread - 0] INFO  ratis.XceiverServerRatis (XceiverServerRatis.java:start(417)) - Starting XceiverServerRatis 67f1a5fe-c7be-4ecb-b503-d243409340fd at port 0
2019-10-02 10:18:54,141 [Datanode State Machine Thread - 0] INFO  impl.RaftServerProxy (RaftServerProxy.java:lambda$start$3(299)) - 67f1a5fe-c7be-4ecb-b503-d243409340fd: start RPC server
2019-10-02 10:18:54,145 [Datanode State Machine Thread - 0] INFO  server.GrpcService (GrpcService.java:startImpl(158)) - 67f1a5fe-c7be-4ecb-b503-d243409340fd: GrpcService started, listening on 0.0.0.0/0.0.0.0:36198
2019-10-02 10:18:54,145 [Datanode State Machine Thread - 0] INFO  ratis.XceiverServerRatis (XceiverServerRatis.java:start(427)) - XceiverServerRatis 67f1a5fe-c7be-4ecb-b503-d243409340fd is started using port 36198
2019-10-02 10:18:54,148 [Datanode State Machine Thread - 0] INFO  server.XceiverServerGrpc (XceiverServerGrpc.java:start(149)) - XceiverServerGrpc 67f1a5fe-c7be-4ecb-b503-d243409340fd is started using port 33471
2019-10-02 10:18:54,201 [Datanode State Machine Thread - 0] INFO  ozoneimpl.OzoneContainer (OzoneContainer.java:start(217)) - Attempting to start container services.
2019-10-02 10:18:54,201 [Datanode State Machine Thread - 0] INFO  ozoneimpl.OzoneContainer (OzoneContainer.java:startContainerScrub(179)) - Background container scanner has been disabled.
2019-10-02 10:18:54,201 [Datanode State Machine Thread - 0] INFO  ratis.XceiverServerRatis (XceiverServerRatis.java:start(417)) - Starting XceiverServerRatis 298c2419-298a-4ac1-a348-589b955770c1 at port 0
2019-10-02 10:18:54,207 [Datanode State Machine Thread - 0] INFO  impl.RaftServerProxy (RaftServerProxy.java:lambda$start$3(299)) - 298c2419-298a-4ac1-a348-589b955770c1: start RPC server
2019-10-02 10:18:54,212 [Datanode State Machine Thread - 0] INFO  server.GrpcService (GrpcService.java:startImpl(158)) - 298c2419-298a-4ac1-a348-589b955770c1: GrpcService started, listening on 0.0.0.0/0.0.0.0:40159
2019-10-02 10:18:54,213 [Datanode State Machine Thread - 0] INFO  ratis.XceiverServerRatis (XceiverServerRatis.java:start(427)) - XceiverServerRatis 298c2419-298a-4ac1-a348-589b955770c1 is started using port 40159
2019-10-02 10:18:54,218 [Datanode State Machine Thread - 0] INFO  server.XceiverServerGrpc (XceiverServerGrpc.java:start(149)) - XceiverServerGrpc 298c2419-298a-4ac1-a348-589b955770c1 is started using port 41312
2019-10-02 10:18:54,244 [main] INFO  ozone.MiniOzoneClusterImpl (MiniOzoneClusterImpl.java:lambda$waitForClusterToBeReady$0(147)) - Waiting for cluster to be ready. Got 0 of 7 DN Heartbeats.
2019-10-02 10:18:54,262 [Datanode State Machine Thread - 0] INFO  ozoneimpl.OzoneContainer (OzoneContainer.java:start(217)) - Attempting to start container services.
2019-10-02 10:18:54,262 [Datanode State Machine Thread - 0] INFO  ozoneimpl.OzoneContainer (OzoneContainer.java:startContainerScrub(179)) - Background container scanner has been disabled.
2019-10-02 10:18:54,262 [Datanode State Machine Thread - 0] INFO  ratis.XceiverServerRatis (XceiverServerRatis.java:start(417)) - Starting XceiverServerRatis cc1fcddd-974e-4515-9faf-cb0b34c0ae51 at port 0
2019-10-02 10:18:54,267 [Datanode State Machine Thread - 0] INFO  impl.RaftServerProxy (RaftServerProxy.java:lambda$start$3(299)) - cc1fcddd-974e-4515-9faf-cb0b34c0ae51: start RPC server
2019-10-02 10:18:54,271 [Datanode State Machine Thread - 0] INFO  server.GrpcService (GrpcService.java:startImpl(158)) - cc1fcddd-974e-4515-9faf-cb0b34c0ae51: GrpcService started, listening on 0.0.0.0/0.0.0.0:40331
2019-10-02 10:18:54,271 [Datanode State Machine Thread - 0] INFO  ratis.XceiverServerRatis (XceiverServerRatis.java:start(427)) - XceiverServerRatis cc1fcddd-974e-4515-9faf-cb0b34c0ae51 is started using port 40331
2019-10-02 10:18:54,274 [Datanode State Machine Thread - 0] INFO  server.XceiverServerGrpc (XceiverServerGrpc.java:start(149)) - XceiverServerGrpc cc1fcddd-974e-4515-9faf-cb0b34c0ae51 is started using port 38504
2019-10-02 10:18:55,246 [main] INFO  ozone.MiniOzoneClusterImpl (MiniOzoneClusterImpl.java:lambda$waitForClusterToBeReady$0(147)) - Waiting for cluster to be ready. Got 0 of 7 DN Heartbeats.
2019-10-02 10:18:55,855 [IPC Server handler 0 on 34275] INFO  net.NetworkTopology (NetworkTopologyImpl.java:add(111)) - Added a new node: /default-rack/663b2fe6-68c2-4e66-9671-0aa57c3653e2
2019-10-02 10:18:55,856 [IPC Server handler 0 on 34275] INFO  node.SCMNodeManager (SCMNodeManager.java:register(266)) - Registered Data node : 663b2fe6-68c2-4e66-9671-0aa57c3653e2{ip: 192.168.151.92, host: pr-trunk-gg4kw-413187789, networkLocation: /default-rack, certSerialId: null}
2019-10-02 10:18:55,861 [EventQueue-NodeRegistrationContainerReportForDataNodeSafeModeRule] INFO  safemode.SCMSafeModeManager (DataNodeSafeModeRule.java:process(71)) - SCM in safe mode. 1 DataNodes registered, 1 required.
2019-10-02 10:18:55,864 [EventQueue-NodeRegistrationContainerReportForDataNodeSafeModeRule] INFO  safemode.SCMSafeModeManager (SCMSafeModeManager.java:validateSafeModeExitRules(177)) - ScmSafeModeManager, all rules are successfully validated
2019-10-02 10:18:55,864 [EventQueue-NodeRegistrationContainerReportForDataNodeSafeModeRule] INFO  safemode.SCMSafeModeManager (SCMSafeModeManager.java:exitSafeMode(193)) - SCM exiting safe mode.
2019-10-02 10:18:55,911 [IPC Server handler 1 on 34275] INFO  net.NetworkTopology (NetworkTopologyImpl.java:add(111)) - Added a new node: /default-rack/438152b3-e18d-41ab-8849-fe8d3376297f
2019-10-02 10:18:55,913 [IPC Server handler 1 on 34275] INFO  node.SCMNodeManager (SCMNodeManager.java:register(266)) - Registered Data node : 438152b3-e18d-41ab-8849-fe8d3376297f{ip: 192.168.151.92, host: pr-trunk-gg4kw-413187789, networkLocation: /default-rack, certSerialId: null}
2019-10-02 10:18:55,986 [IPC Server handler 3 on 34275] INFO  net.NetworkTopology (NetworkTopologyImpl.java:add(111)) - Added a new node: /default-rack/b70c9021-8da6-41e6-a976-daf4f7fbddb8
2019-10-02 10:18:55,986 [IPC Server handler 3 on 34275] INFO  node.SCMNodeManager (SCMNodeManager.java:register(266)) - Registered Data node : b70c9021-8da6-41e6-a976-daf4f7fbddb8{ip: 192.168.151.92, host: pr-trunk-gg4kw-413187789, networkLocation: /default-rack, certSerialId: null}
2019-10-02 10:18:56,056 [IPC Server handler 4 on 34275] INFO  net.NetworkTopology (NetworkTopologyImpl.java:add(111)) - Added a new node: /default-rack/e651fbfb-20c0-4662-a7f7-0a3dd600170c
2019-10-02 10:18:56,057 [IPC Server handler 4 on 34275] INFO  node.SCMNodeManager (SCMNodeManager.java:register(266)) - Registered Data node : e651fbfb-20c0-4662-a7f7-0a3dd600170c{ip: 192.168.151.92, host: pr-trunk-gg4kw-413187789, networkLocation: /default-rack, certSerialId: null}
2019-10-02 10:18:56,119 [IPC Server handler 6 on 34275] INFO  net.NetworkTopology (NetworkTopologyImpl.java:add(111)) - Added a new node: /default-rack/67f1a5fe-c7be-4ecb-b503-d243409340fd
2019-10-02 10:18:56,119 [IPC Server handler 6 on 34275] INFO  node.SCMNodeManager (SCMNodeManager.java:register(266)) - Registered Data node : 67f1a5fe-c7be-4ecb-b503-d243409340fd{ip: 192.168.151.92, host: pr-trunk-gg4kw-413187789, networkLocation: /default-rack, certSerialId: null}
2019-10-02 10:18:56,187 [IPC Server handler 9 on 34275] INFO  net.NetworkTopology (NetworkTopologyImpl.java:add(111)) - Added a new node: /default-rack/298c2419-298a-4ac1-a348-589b955770c1
2019-10-02 10:18:56,187 [IPC Server handler 9 on 34275] INFO  node.SCMNodeManager (SCMNodeManager.java:register(266)) - Registered Data node : 298c2419-298a-4ac1-a348-589b955770c1{ip: 192.168.151.92, host: pr-trunk-gg4kw-413187789, networkLocation: /default-rack, certSerialId: null}
2019-10-02 10:18:56,248 [main] INFO  ozone.MiniOzoneClusterImpl (MiniOzoneClusterImpl.java:lambda$waitForClusterToBeReady$0(147)) - Waiting for cluster to be ready. Got 6 of 7 DN Heartbeats.
2019-10-02 10:18:56,251 [IPC Server handler 7 on 34275] INFO  net.NetworkTopology (NetworkTopologyImpl.java:add(111)) - Added a new node: /default-rack/cc1fcddd-974e-4515-9faf-cb0b34c0ae51
2019-10-02 10:18:56,251 [IPC Server handler 7 on 34275] INFO  node.SCMNodeManager (SCMNodeManager.java:register(266)) - Registered Data node : cc1fcddd-974e-4515-9faf-cb0b34c0ae51{ip: 192.168.151.92, host: pr-trunk-gg4kw-413187789, networkLocation: /default-rack, certSerialId: null}
2019-10-02 10:18:56,369 [grpc-default-executor-0] INFO  impl.RaftServerProxy (RaftServerProxy.java:addNew(89)) - 663b2fe6-68c2-4e66-9671-0aa57c3653e2: addNew group-1E4A25AF1704:[663b2fe6-68c2-4e66-9671-0aa57c3653e2:192.168.151.92:41388] returns group-1E4A25AF1704:java.util.concurrent.CompletableFuture@23a9203e[Not completed]
2019-10-02 10:18:56,382 [pool-27-thread-1] INFO  impl.RaftServerImpl (RaftServerImpl.java:<init>(95)) - 663b2fe6-68c2-4e66-9671-0aa57c3653e2: new RaftServerImpl for group-1E4A25AF1704:[663b2fe6-68c2-4e66-9671-0aa57c3653e2:192.168.151.92:41388] with ContainerStateMachine:uninitialized
2019-10-02 10:18:56,383 [pool-27-thread-1] INFO  server.RaftServerConfigKeys (ConfUtils.java:logGet(43)) - raft.server.rpc.timeout.min = 5s (custom)
2019-10-02 10:18:56,385 [pool-27-thread-1] INFO  server.RaftServerConfigKeys (ConfUtils.java:logGet(43)) - raft.server.rpc.timeout.max = 5200ms (custom)
2019-10-02 10:18:56,385 [pool-27-thread-1] INFO  server.RaftServerConfigKeys (ConfUtils.java:logGet(43)) - raft.server.rpcslowness.timeout = 120s (custom)
2019-10-02 10:18:56,386 [pool-27-thread-1] INFO  server.RaftServerConfigKeys (ConfUtils.java:logGet(43)) - raft.server.sleep.deviation.threshold = 300 (default)
2019-10-02 10:18:56,387 [pool-27-thread-1] INFO  server.RaftServerConfigKeys (ConfUtils.java:logGet(43)) - raft.server.log.appender.install.snapshot.enabled = false (custom)
2019-10-02 10:18:56,394 [pool-27-thread-1] INFO  impl.RaftServerImpl (ServerState.java:<init>(103)) - 663b2fe6-68c2-4e66-9671-0aa57c3653e2@group-1E4A25AF1704: ConfigurationManager, init=-1: [663b2fe6-68c2-4e66-9671-0aa57c3653e2:192.168.151.92:41388], old=null, confs=<EMPTY_MAP>
2019-10-02 10:18:56,395 [pool-27-thread-1] INFO  server.RaftServerConfigKeys (ConfUtils.java:logGet(43)) - raft.server.storage.dir = [/workdir/hadoop-ozone/integration-test/target/test-dir/MiniOzoneClusterImpl-a60b818f-4dd1-4965-bff3-fb44efcd9a0b/datanode-0/data/ratis] (custom)
2019-10-02 10:18:56,401 [pool-27-thread-1] INFO  server.RaftServerConfigKeys (ConfUtils.java:logGet(43)) - raft.server.log.corruption.policy = EXCEPTION (default)
2019-10-02 10:18:56,403 [pool-27-thread-1] INFO  storage.RaftStorageDirectory (RaftStorageDirectory.java:analyzeStorage(246)) - The storage directory /workdir/hadoop-ozone/integration-test/target/test-dir/MiniOzoneClusterImpl-a60b818f-4dd1-4965-bff3-fb44efcd9a0b/datanode-0/data/ratis/72a9a53a-087f-46d8-a3c4-1e4a25af1704 does not exist. Creating ...
2019-10-02 10:18:56,420 [pool-27-thread-1] INFO  storage.RaftStorageDirectory (RaftStorageDirectory.java:tryLock(328)) - Lock on /workdir/hadoop-ozone/integration-test/target/test-dir/MiniOzoneClusterImpl-a60b818f-4dd1-4965-bff3-fb44efcd9a0b/datanode-0/data/ratis/72a9a53a-087f-46d8-a3c4-1e4a25af1704/in_use.lock acquired by nodename 31904@pr-trunk-gg4kw-413187789
2019-10-02 10:18:56,436 [pool-27-thread-1] INFO  storage.RaftStorage (RaftStorage.java:format(84)) - Storage directory /workdir/hadoop-ozone/integration-test/target/test-dir/MiniOzoneClusterImpl-a60b818f-4dd1-4965-bff3-fb44efcd9a0b/datanode-0/data/ratis/72a9a53a-087f-46d8-a3c4-1e4a25af1704 has been successfully formatted.
2019-10-02 10:18:56,438 [pool-27-thread-1] INFO  ratis.ContainerStateMachine (ContainerStateMachine.java:loadSnapshot(231)) - group-1E4A25AF1704: The snapshot info is null. Setting the last applied indexto:(t:0, i:~)
2019-10-02 10:18:56,438 [pool-27-thread-1] INFO  server.RaftServerConfigKeys (ConfUtils.java:logGet(43)) - raft.server.notification.no-leader.timeout = 120s (custom)
2019-10-02 10:18:56,440 [pool-27-thread-1] INFO  server.RaftServerConfigKeys (ConfUtils.java:logGet(43)) - raft.server.log.use.memory = false (default)
2019-10-02 10:18:56,446 [pool-27-thread-1] INFO  server.RaftServerConfigKeys (ConfUtils.java:logGet(43)) - raft.server.log.purge.gap = 1000000 (custom)
2019-10-02 10:18:56,446 [pool-27-thread-1] INFO  server.RaftServerConfigKeys (ConfUtils.java:logGet(43)) - raft.server.log.appender.buffer.byte-limit = 33554432 (custom)
2019-10-02 10:18:56,448 [pool-27-thread-1] INFO  server.RaftServerConfigKeys (ConfUtils.java:logGet(43)) - raft.server.log.segment.size.max = 1048576 (custom)
2019-10-02 10:18:56,449 [pool-27-thread-1] INFO  impl.MetricsSystemImpl (MetricsSystemImpl.java:init(158)) - ratis metrics system started (again)
2019-10-02 10:18:56,453 [pool-27-thread-1] INFO  metrics.MetricRegistries (MetricRegistriesLoader.java:load(64)) - Loaded MetricRegistries class org.apache.ratis.metrics.impl.MetricRegistriesImpl
2019-10-02 10:18:56,499 [pool-27-thread-1] INFO  server.RaftServerConfigKeys (ConfUtils.java:logGet(43)) - raft.server.log.segment.cache.num.max = 2 (custom)
2019-10-02 10:18:56,507 [pool-27-thread-1] INFO  segmented.SegmentedRaftLogWorker (SegmentedRaftLogWorker.java:<init>(173)) - new 663b2fe6-68c2-4e66-9671-0aa57c3653e2@group-1E4A25AF1704-SegmentedRaftLogWorker for RaftStorage:Storage Directory /workdir/hadoop-ozone/integration-test/target/test-dir/MiniOzoneClusterImpl-a60b818f-4dd1-4965-bff3-fb44efcd9a0b/datanode-0/data/ratis/72a9a53a-087f-46d8-a3c4-1e4a25af1704
2019-10-02 10:18:56,508 [pool-27-thread-1] INFO  server.RaftServerConfigKeys (ConfUtils.java:logGet(43)) - raft.server.log.queue.byte-limit = 2147483647 (custom)
2019-10-02 10:18:56,508 [pool-27-thread-1] INFO  server.RaftServerConfigKeys (ConfUtils.java:logGet(43)) - raft.server.log.queue.element-limit = 1024 (custom)
2019-10-02 10:18:56,510 [pool-27-thread-1] INFO  server.RaftServerConfigKeys (ConfUtils.java:logGet(43)) - raft.server.log.segment.size.max = 1048576 (custom)
2019-10-02 10:18:56,511 [pool-27-thread-1] INFO  server.RaftServerConfigKeys (ConfUtils.java:logGet(43)) - raft.server.log.preallocated.size = 16384 (custom)
2019-10-02 10:18:56,511 [pool-27-thread-1] INFO  server.RaftServerConfigKeys (ConfUtils.java:logGet(43)) - raft.server.log.write.buffer.size = 33554432 (custom)
2019-10-02 10:18:56,512 [pool-27-thread-1] INFO  server.RaftServerConfigKeys (ConfUtils.java:logGet(43)) - raft.server.log.force.sync.num = 128 (default)
2019-10-02 10:18:56,513 [pool-27-thread-1] INFO  server.RaftServerConfigKeys (ConfUtils.java:logGet(43)) - raft.server.log.statemachine.data.sync = true (default)
2019-10-02 10:18:56,513 [pool-27-thread-1] INFO  server.RaftServerConfigKeys (ConfUtils.java:logGet(43)) - raft.server.log.statemachine.data.sync.timeout = 10s (default)
2019-10-02 10:18:56,514 [pool-27-thread-1] INFO  server.RaftServerConfigKeys (ConfUtils.java:logGet(43)) - raft.server.log.statemachine.data.sync.timeout.retry = -1 (default)
2019-10-02 10:18:56,528 [pool-27-thread-1] INFO  server.RaftServerConfigKeys (ConfUtils.java:logGet(43)) - raft.server.log.statemachine.data.caching.enabled = true (custom)
2019-10-02 10:18:56,532 [pool-27-thread-1] INFO  segmented.SegmentedRaftLogWorker (SegmentedRaftLogWorker.java:lambda$new$0(128)) - 663b2fe6-68c2-4e66-9671-0aa57c3653e2@group-1E4A25AF1704-SegmentedRaftLogWorker: flushIndex: setUnconditionally 0 -> -1
2019-10-02 10:18:56,537 [pool-27-thread-1] INFO  server.RaftServerConfigKeys (ConfUtils.java:logGet(43)) - raft.server.snapshot.auto.trigger.enabled = true (custom)
2019-10-02 10:18:56,538 [pool-27-thread-1] INFO  server.RaftServerConfigKeys (ConfUtils.java:logGet(43)) - raft.server.snapshot.auto.trigger.threshold = 10000 (custom)
2019-10-02 10:18:56,539 [pool-27-thread-1] INFO  server.RaftServerConfigKeys (ConfUtils.java:logGet(43)) - raft.server.snapshot.retention.file.num = 5 (custom)
2019-10-02 10:18:56,539 [pool-27-thread-1] INFO  server.RaftServerConfigKeys (ConfUtils.java:logGet(43)) - raft.server.retrycache.expirytime = 600000ms (custom)
2019-10-02 10:18:56,565 [pool-27-thread-1] INFO  impl.RaftServerImpl (RaftServerImpl.java:start(181)) - 663b2fe6-68c2-4e66-9671-0aa57c3653e2@group-1E4A25AF1704: start as a follower, conf=-1: [663b2fe6-68c2-4e66-9671-0aa57c3653e2:192.168.151.92:41388], old=null
2019-10-02 10:18:56,566 [pool-27-thread-1] INFO  impl.RaftServerImpl (RaftServerImpl.java:setRole(170)) - 663b2fe6-68c2-4e66-9671-0aa57c3653e2@group-1E4A25AF1704: changes role from      null to FOLLOWER at term 0 for startAsFollower
2019-10-02 10:18:56,567 [pool-27-thread-1] INFO  impl.RoleInfo (RoleInfo.java:updateAndGet(143)) - 663b2fe6-68c2-4e66-9671-0aa57c3653e2: start FollowerState
2019-10-02 10:18:56,581 [pool-27-thread-1] INFO  util.JmxRegister (JmxRegister.java:tryRegister(44)) - Successfully registered JMX Bean with object name Ratis:service=RaftServer,group=group-1E4A25AF1704,id=663b2fe6-68c2-4e66-9671-0aa57c3653e2
2019-10-02 10:18:56,699 [RatisPipelineUtilsThread] INFO  pipeline.PipelineStateManager (PipelineStateManager.java:addPipeline(56)) - Created pipeline Pipeline[ Id: 72a9a53a-087f-46d8-a3c4-1e4a25af1704, Nodes: 663b2fe6-68c2-4e66-9671-0aa57c3653e2{ip: 192.168.151.92, host: pr-trunk-gg4kw-413187789, networkLocation: /default-rack, certSerialId: null}, Type:RATIS, Factor:ONE, State:OPEN]
2019-10-02 10:18:56,734 [grpc-default-executor-0] INFO  impl.RaftServerProxy (RaftServerProxy.java:addNew(89)) - 67f1a5fe-c7be-4ecb-b503-d243409340fd: addNew group-6AD9B38DCBEF:[67f1a5fe-c7be-4ecb-b503-d243409340fd:192.168.151.92:36198] returns group-6AD9B38DCBEF:java.util.concurrent.CompletableFuture@666e6950[Not completed]
2019-10-02 10:18:56,785 [pool-67-thread-1] INFO  impl.RaftServerImpl (RaftServerImpl.java:<init>(95)) - 67f1a5fe-c7be-4ecb-b503-d243409340fd: new RaftServerImpl for group-6AD9B38DCBEF:[67f1a5fe-c7be-4ecb-b503-d243409340fd:192.168.151.92:36198] with ContainerStateMachine:uninitialized
2019-10-02 10:18:56,786 [pool-67-thread-1] INFO  server.RaftServerConfigKeys (ConfUtils.java:logGet(43)) - raft.server.rpc.timeout.min = 5s (custom)
2019-10-02 10:18:56,786 [pool-67-thread-1] INFO  server.RaftServerConfigKeys (ConfUtils.java:logGet(43)) - raft.server.rpc.timeout.max = 5200ms (custom)
2019-10-02 10:18:56,786 [pool-67-thread-1] INFO  server.RaftServerConfigKeys (ConfUtils.java:logGet(43)) - raft.server.rpcslowness.timeout = 120s (custom)
2019-10-02 10:18:56,786 [pool-67-thread-1] INFO  server.RaftServerConfigKeys (ConfUtils.java:logGet(43)) - raft.server.sleep.deviation.threshold = 300 (default)
2019-10-02 10:18:56,786 [pool-67-thread-1] INFO  server.RaftServerConfigKeys (ConfUtils.java:logGet(43)) - raft.server.log.appender.install.snapshot.enabled = false (custom)
2019-10-02 10:18:56,787 [pool-67-thread-1] INFO  impl.RaftServerImpl (ServerState.java:<init>(103)) - 67f1a5fe-c7be-4ecb-b503-d243409340fd@group-6AD9B38DCBEF: ConfigurationManager, init=-1: [67f1a5fe-c7be-4ecb-b503-d243409340fd:192.168.151.92:36198], old=null, confs=<EMPTY_MAP>
2019-10-02 10:18:56,787 [pool-67-thread-1] INFO  server.RaftServerConfigKeys (ConfUtils.java:logGet(43)) - raft.server.storage.dir = [/workdir/hadoop-ozone/integration-test/target/test-dir/MiniOzoneClusterImpl-a60b818f-4dd1-4965-bff3-fb44efcd9a0b/datanode-4/data/ratis] (custom)
2019-10-02 10:18:56,787 [pool-67-thread-1] INFO  server.RaftServerConfigKeys (ConfUtils.java:logGet(43)) - raft.server.log.corruption.policy = EXCEPTION (default)
2019-10-02 10:18:56,788 [pool-67-thread-1] INFO  storage.RaftStorageDirectory (RaftStorageDirectory.java:analyzeStorage(246)) - The storage directory /workdir/hadoop-ozone/integration-test/target/test-dir/MiniOzoneClusterImpl-a60b818f-4dd1-4965-bff3-fb44efcd9a0b/datanode-4/data/ratis/7cd08ed1-f111-46c7-a1b6-6ad9b38dcbef does not exist. Creating ...
2019-10-02 10:18:56,803 [pool-67-thread-1] INFO  storage.RaftStorageDirectory (RaftStorageDirectory.java:tryLock(328)) - Lock on /workdir/hadoop-ozone/integration-test/target/test-dir/MiniOzoneClusterImpl-a60b818f-4dd1-4965-bff3-fb44efcd9a0b/datanode-4/data/ratis/7cd08ed1-f111-46c7-a1b6-6ad9b38dcbef/in_use.lock acquired by nodename 31904@pr-trunk-gg4kw-413187789
2019-10-02 10:18:56,842 [pool-67-thread-1] INFO  storage.RaftStorage (RaftStorage.java:format(84)) - Storage directory /workdir/hadoop-ozone/integration-test/target/test-dir/MiniOzoneClusterImpl-a60b818f-4dd1-4965-bff3-fb44efcd9a0b/datanode-4/data/ratis/7cd08ed1-f111-46c7-a1b6-6ad9b38dcbef has been successfully formatted.
2019-10-02 10:18:56,845 [pool-67-thread-1] INFO  ratis.ContainerStateMachine (ContainerStateMachine.java:loadSnapshot(231)) - group-6AD9B38DCBEF: The snapshot info is null. Setting the last applied indexto:(t:0, i:~)
2019-10-02 10:18:56,847 [pool-67-thread-1] INFO  server.RaftServerConfigKeys (ConfUtils.java:logGet(43)) - raft.server.notification.no-leader.timeout = 120s (custom)
2019-10-02 10:18:56,848 [pool-67-thread-1] INFO  server.RaftServerConfigKeys (ConfUtils.java:logGet(43)) - raft.server.log.use.memory = false (default)
2019-10-02 10:18:56,848 [pool-67-thread-1] INFO  server.RaftServerConfigKeys (ConfUtils.java:logGet(43)) - raft.server.log.purge.gap = 1000000 (custom)
2019-10-02 10:18:56,848 [pool-67-thread-1] INFO  server.RaftServerConfigKeys (ConfUtils.java:logGet(43)) - raft.server.log.appender.buffer.byte-limit = 33554432 (custom)
2019-10-02 10:18:56,848 [pool-67-thread-1] INFO  server.RaftServerConfigKeys (ConfUtils.java:logGet(43)) - raft.server.log.segment.size.max = 1048576 (custom)
2019-10-02 10:18:56,853 [pool-67-thread-1] INFO  server.RaftServerConfigKeys (ConfUtils.java:logGet(43)) - raft.server.log.segment.cache.num.max = 2 (custom)
2019-10-02 10:18:56,853 [pool-67-thread-1] INFO  segmented.SegmentedRaftLogWorker (SegmentedRaftLogWorker.java:<init>(173)) - new 67f1a5fe-c7be-4ecb-b503-d243409340fd@group-6AD9B38DCBEF-SegmentedRaftLogWorker for RaftStorage:Storage Directory /workdir/hadoop-ozone/integration-test/target/test-dir/MiniOzoneClusterImpl-a60b818f-4dd1-4965-bff3-fb44efcd9a0b/datanode-4/data/ratis/7cd08ed1-f111-46c7-a1b6-6ad9b38dcbef
2019-10-02 10:18:56,855 [pool-67-thread-1] INFO  server.RaftServerConfigKeys (ConfUtils.java:logGet(43)) - raft.server.log.queue.byte-limit = 2147483647 (custom)
2019-10-02 10:18:56,855 [pool-67-thread-1] INFO  server.RaftServerConfigKeys (ConfUtils.java:logGet(43)) - raft.server.log.queue.element-limit = 1024 (custom)
2019-10-02 10:18:56,855 [pool-67-thread-1] INFO  server.RaftServerConfigKeys (ConfUtils.java:logGet(43)) - raft.server.log.segment.size.max = 1048576 (custom)
2019-10-02 10:18:56,855 [pool-67-thread-1] INFO  server.RaftServerConfigKeys (ConfUtils.java:logGet(43)) - raft.server.log.preallocated.size = 16384 (custom)
2019-10-02 10:18:56,855 [pool-67-thread-1] INFO  server.RaftServerConfigKeys (ConfUtils.java:logGet(43)) - raft.server.log.write.buffer.size = 33554432 (custom)
2019-10-02 10:18:56,855 [pool-67-thread-1] INFO  server.RaftServerConfigKeys (ConfUtils.java:logGet(43)) - raft.server.log.force.sync.num = 128 (default)
2019-10-02 10:18:56,855 [pool-67-thread-1] INFO  server.RaftServerConfigKeys (ConfUtils.java:logGet(43)) - raft.server.log.statemachine.data.sync = true (default)
2019-10-02 10:18:56,856 [pool-67-thread-1] INFO  server.RaftServerConfigKeys (ConfUtils.java:logGet(43)) - raft.server.log.statemachine.data.sync.timeout = 10s (default)
2019-10-02 10:18:56,856 [pool-67-thread-1] INFO  server.RaftServerConfigKeys (ConfUtils.java:logGet(43)) - raft.server.log.statemachine.data.sync.timeout.retry = -1 (default)
2019-10-02 10:18:56,856 [pool-67-thread-1] INFO  server.RaftServerConfigKeys (ConfUtils.java:logGet(43)) - raft.server.log.statemachine.data.caching.enabled = true (custom)
2019-10-02 10:18:56,857 [pool-67-thread-1] INFO  segmented.SegmentedRaftLogWorker (SegmentedRaftLogWorker.java:lambda$new$0(128)) - 67f1a5fe-c7be-4ecb-b503-d243409340fd@group-6AD9B38DCBEF-SegmentedRaftLogWorker: flushIndex: setUnconditionally 0 -> -1
2019-10-02 10:18:56,857 [pool-67-thread-1] INFO  server.RaftServerConfigKeys (ConfUtils.java:logGet(43)) - raft.server.snapshot.auto.trigger.enabled = true (custom)
2019-10-02 10:18:56,857 [pool-67-thread-1] INFO  server.RaftServerConfigKeys (ConfUtils.java:logGet(43)) - raft.server.snapshot.auto.trigger.threshold = 10000 (custom)
2019-10-02 10:18:56,857 [pool-67-thread-1] INFO  server.RaftServerConfigKeys (ConfUtils.java:logGet(43)) - raft.server.snapshot.retention.file.num = 5 (custom)
2019-10-02 10:18:56,858 [pool-67-thread-1] INFO  server.RaftServerConfigKeys (ConfUtils.java:logGet(43)) - raft.server.retrycache.expirytime = 600000ms (custom)
2019-10-02 10:18:56,861 [pool-67-thread-1] INFO  impl.RaftServerImpl (RaftServerImpl.java:start(181)) - 67f1a5fe-c7be-4ecb-b503-d243409340fd@group-6AD9B38DCBEF: start as a follower, conf=-1: [67f1a5fe-c7be-4ecb-b503-d243409340fd:192.168.151.92:36198], old=null
2019-10-02 10:18:56,861 [pool-67-thread-1] INFO  impl.RaftServerImpl (RaftServerImpl.java:setRole(170)) - 67f1a5fe-c7be-4ecb-b503-d243409340fd@group-6AD9B38DCBEF: changes role from      null to FOLLOWER at term 0 for startAsFollower
2019-10-02 10:18:56,862 [pool-67-thread-1] INFO  impl.RoleInfo (RoleInfo.java:updateAndGet(143)) - 67f1a5fe-c7be-4ecb-b503-d243409340fd: start FollowerState
2019-10-02 10:18:56,867 [pool-67-thread-1] INFO  util.JmxRegister (JmxRegister.java:tryRegister(44)) - Successfully registered JMX Bean with object name Ratis:service=RaftServer,group=group-6AD9B38DCBEF,id=67f1a5fe-c7be-4ecb-b503-d243409340fd
2019-10-02 10:18:56,884 [RatisPipelineUtilsThread] INFO  pipeline.PipelineStateManager (PipelineStateManager.java:addPipeline(56)) - Created pipeline Pipeline[ Id: 7cd08ed1-f111-46c7-a1b6-6ad9b38dcbef, Nodes: 67f1a5fe-c7be-4ecb-b503-d243409340fd{ip: 192.168.151.92, host: pr-trunk-gg4kw-413187789, networkLocation: /default-rack, certSerialId: null}, Type:RATIS, Factor:ONE, State:OPEN]
2019-10-02 10:18:56,905 [grpc-default-executor-0] INFO  impl.RaftServerProxy (RaftServerProxy.java:addNew(89)) - 438152b3-e18d-41ab-8849-fe8d3376297f: addNew group-F2905BFF232E:[438152b3-e18d-41ab-8849-fe8d3376297f:192.168.151.92:40801] returns group-F2905BFF232E:java.util.concurrent.CompletableFuture@244b1e72[Not completed]
2019-10-02 10:18:56,932 [pool-37-thread-1] INFO  impl.RaftServerImpl (RaftServerImpl.java:<init>(95)) - 438152b3-e18d-41ab-8849-fe8d3376297f: new RaftServerImpl for group-F2905BFF232E:[438152b3-e18d-41ab-8849-fe8d3376297f:192.168.151.92:40801] with ContainerStateMachine:uninitialized
2019-10-02 10:18:56,932 [pool-37-thread-1] INFO  server.RaftServerConfigKeys (ConfUtils.java:logGet(43)) - raft.server.rpc.timeout.min = 5s (custom)
2019-10-02 10:18:56,932 [pool-37-thread-1] INFO  server.RaftServerConfigKeys (ConfUtils.java:logGet(43)) - raft.server.rpc.timeout.max = 5200ms (custom)
2019-10-02 10:18:56,932 [pool-37-thread-1] INFO  server.RaftServerConfigKeys (ConfUtils.java:logGet(43)) - raft.server.rpcslowness.timeout = 120s (custom)
2019-10-02 10:18:56,932 [pool-37-thread-1] INFO  server.RaftServerConfigKeys (ConfUtils.java:logGet(43)) - raft.server.sleep.deviation.threshold = 300 (default)
2019-10-02 10:18:56,933 [pool-37-thread-1] INFO  server.RaftServerConfigKeys (ConfUtils.java:logGet(43)) - raft.server.log.appender.install.snapshot.enabled = false (custom)
2019-10-02 10:18:56,933 [pool-37-thread-1] INFO  impl.RaftServerImpl (ServerState.java:<init>(103)) - 438152b3-e18d-41ab-8849-fe8d3376297f@group-F2905BFF232E: ConfigurationManager, init=-1: [438152b3-e18d-41ab-8849-fe8d3376297f:192.168.151.92:40801], old=null, confs=<EMPTY_MAP>
2019-10-02 10:18:56,933 [pool-37-thread-1] INFO  server.RaftServerConfigKeys (ConfUtils.java:logGet(43)) - raft.server.storage.dir = [/workdir/hadoop-ozone/integration-test/target/test-dir/MiniOzoneClusterImpl-a60b818f-4dd1-4965-bff3-fb44efcd9a0b/datanode-1/data/ratis] (custom)
2019-10-02 10:18:56,933 [pool-37-thread-1] INFO  server.RaftServerConfigKeys (ConfUtils.java:logGet(43)) - raft.server.log.corruption.policy = EXCEPTION (default)
2019-10-02 10:18:56,933 [pool-37-thread-1] INFO  storage.RaftStorageDirectory (RaftStorageDirectory.java:analyzeStorage(246)) - The storage directory /workdir/hadoop-ozone/integration-test/target/test-dir/MiniOzoneClusterImpl-a60b818f-4dd1-4965-bff3-fb44efcd9a0b/datanode-1/data/ratis/71000c3f-6084-48d6-bf01-f2905bff232e does not exist. Creating ...
2019-10-02 10:18:56,947 [pool-37-thread-1] INFO  storage.RaftStorageDirectory (RaftStorageDirectory.java:tryLock(328)) - Lock on /workdir/hadoop-ozone/integration-test/target/test-dir/MiniOzoneClusterImpl-a60b818f-4dd1-4965-bff3-fb44efcd9a0b/datanode-1/data/ratis/71000c3f-6084-48d6-bf01-f2905bff232e/in_use.lock acquired by nodename 31904@pr-trunk-gg4kw-413187789
2019-10-02 10:18:56,961 [pool-37-thread-1] INFO  storage.RaftStorage (RaftStorage.java:format(84)) - Storage directory /workdir/hadoop-ozone/integration-test/target/test-dir/MiniOzoneClusterImpl-a60b818f-4dd1-4965-bff3-fb44efcd9a0b/datanode-1/data/ratis/71000c3f-6084-48d6-bf01-f2905bff232e has been successfully formatted.
2019-10-02 10:18:56,961 [pool-37-thread-1] INFO  ratis.ContainerStateMachine (ContainerStateMachine.java:loadSnapshot(231)) - group-F2905BFF232E: The snapshot info is null. Setting the last applied indexto:(t:0, i:~)
2019-10-02 10:18:56,961 [pool-37-thread-1] INFO  server.RaftServerConfigKeys (ConfUtils.java:logGet(43)) - raft.server.notification.no-leader.timeout = 120s (custom)
2019-10-02 10:18:56,962 [pool-37-thread-1] INFO  server.RaftServerConfigKeys (ConfUtils.java:logGet(43)) - raft.server.log.use.memory = false (default)
2019-10-02 10:18:56,962 [pool-37-thread-1] INFO  server.RaftServerConfigKeys (ConfUtils.java:logGet(43)) - raft.server.log.purge.gap = 1000000 (custom)
2019-10-02 10:18:56,962 [pool-37-thread-1] INFO  server.RaftServerConfigKeys (ConfUtils.java:logGet(43)) - raft.server.log.appender.buffer.byte-limit = 33554432 (custom)
2019-10-02 10:18:56,963 [pool-37-thread-1] INFO  server.RaftServerConfigKeys (ConfUtils.java:logGet(43)) - raft.server.log.segment.size.max = 1048576 (custom)
2019-10-02 10:18:56,987 [pool-37-thread-1] INFO  server.RaftServerConfigKeys (ConfUtils.java:logGet(43)) - raft.server.log.segment.cache.num.max = 2 (custom)
2019-10-02 10:18:56,987 [pool-37-thread-1] INFO  segmented.SegmentedRaftLogWorker (SegmentedRaftLogWorker.java:<init>(173)) - new 438152b3-e18d-41ab-8849-fe8d3376297f@group-F2905BFF232E-SegmentedRaftLogWorker for RaftStorage:Storage Directory /workdir/hadoop-ozone/integration-test/target/test-dir/MiniOzoneClusterImpl-a60b818f-4dd1-4965-bff3-fb44efcd9a0b/datanode-1/data/ratis/71000c3f-6084-48d6-bf01-f2905bff232e
2019-10-02 10:18:56,987 [pool-37-thread-1] INFO  server.RaftServerConfigKeys (ConfUtils.java:logGet(43)) - raft.server.log.queue.byte-limit = 2147483647 (custom)
2019-10-02 10:18:56,987 [pool-37-thread-1] INFO  server.RaftServerConfigKeys (ConfUtils.java:logGet(43)) - raft.server.log.queue.element-limit = 1024 (custom)
2019-10-02 10:18:56,987 [pool-37-thread-1] INFO  server.RaftServerConfigKeys (ConfUtils.java:logGet(43)) - raft.server.log.segment.size.max = 1048576 (custom)
2019-10-02 10:18:56,988 [pool-37-thread-1] INFO  server.RaftServerConfigKeys (ConfUtils.java:logGet(43)) - raft.server.log.preallocated.size = 16384 (custom)
2019-10-02 10:18:56,988 [pool-37-thread-1] INFO  server.RaftServerConfigKeys (ConfUtils.java:logGet(43)) - raft.server.log.write.buffer.size = 33554432 (custom)
2019-10-02 10:18:56,988 [pool-37-thread-1] INFO  server.RaftServerConfigKeys (ConfUtils.java:logGet(43)) - raft.server.log.force.sync.num = 128 (default)
2019-10-02 10:18:56,988 [pool-37-thread-1] INFO  server.RaftServerConfigKeys (ConfUtils.java:logGet(43)) - raft.server.log.statemachine.data.sync = true (default)
2019-10-02 10:18:56,988 [pool-37-thread-1] INFO  server.RaftServerConfigKeys (ConfUtils.java:logGet(43)) - raft.server.log.statemachine.data.sync.timeout = 10s (default)
2019-10-02 10:18:56,988 [pool-37-thread-1] INFO  server.RaftServerConfigKeys (ConfUtils.java:logGet(43)) - raft.server.log.statemachine.data.sync.timeout.retry = -1 (default)
2019-10-02 10:18:56,989 [pool-37-thread-1] INFO  server.RaftServerConfigKeys (ConfUtils.java:logGet(43)) - raft.server.log.statemachine.data.caching.enabled = true (custom)
2019-10-02 10:18:56,990 [pool-37-thread-1] INFO  segmented.SegmentedRaftLogWorker (SegmentedRaftLogWorker.java:lambda$new$0(128)) - 438152b3-e18d-41ab-8849-fe8d3376297f@group-F2905BFF232E-SegmentedRaftLogWorker: flushIndex: setUnconditionally 0 -> -1
2019-10-02 10:18:56,990 [pool-37-thread-1] INFO  server.RaftServerConfigKeys (ConfUtils.java:logGet(43)) - raft.server.snapshot.auto.trigger.enabled = true (custom)
2019-10-02 10:18:56,990 [pool-37-thread-1] INFO  server.RaftServerConfigKeys (ConfUtils.java:logGet(43)) - raft.server.snapshot.auto.trigger.threshold = 10000 (custom)
2019-10-02 10:18:56,990 [pool-37-thread-1] INFO  server.RaftServerConfigKeys (ConfUtils.java:logGet(43)) - raft.server.snapshot.retention.file.num = 5 (custom)
2019-10-02 10:18:56,991 [pool-37-thread-1] INFO  server.RaftServerConfigKeys (ConfUtils.java:logGet(43)) - raft.server.retrycache.expirytime = 600000ms (custom)
2019-10-02 10:18:56,995 [pool-37-thread-1] INFO  impl.RaftServerImpl (RaftServerImpl.java:start(181)) - 438152b3-e18d-41ab-8849-fe8d3376297f@group-F2905BFF232E: start as a follower, conf=-1: [438152b3-e18d-41ab-8849-fe8d3376297f:192.168.151.92:40801], old=null
2019-10-02 10:18:56,996 [pool-37-thread-1] INFO  impl.RaftServerImpl (RaftServerImpl.java:setRole(170)) - 438152b3-e18d-41ab-8849-fe8d3376297f@group-F2905BFF232E: changes role from      null to FOLLOWER at term 0 for startAsFollower
2019-10-02 10:18:56,996 [pool-37-thread-1] INFO  impl.RoleInfo (RoleInfo.java:updateAndGet(143)) - 438152b3-e18d-41ab-8849-fe8d3376297f: start FollowerState
2019-10-02 10:18:56,999 [pool-37-thread-1] INFO  util.JmxRegister (JmxRegister.java:tryRegister(44)) - Successfully registered JMX Bean with object name Ratis:service=RaftServer,group=group-F2905BFF232E,id=438152b3-e18d-41ab-8849-fe8d3376297f
2019-10-02 10:18:57,019 [RatisPipelineUtilsThread] INFO  pipeline.PipelineStateManager (PipelineStateManager.java:addPipeline(56)) - Created pipeline Pipeline[ Id: 71000c3f-6084-48d6-bf01-f2905bff232e, Nodes: 438152b3-e18d-41ab-8849-fe8d3376297f{ip: 192.168.151.92, host: pr-trunk-gg4kw-413187789, networkLocation: /default-rack, certSerialId: null}, Type:RATIS, Factor:ONE, State:OPEN]
2019-10-02 10:18:57,043 [grpc-default-executor-0] INFO  impl.RaftServerProxy (RaftServerProxy.java:addNew(89)) - 298c2419-298a-4ac1-a348-589b955770c1: addNew group-0947DBB6EE86:[298c2419-298a-4ac1-a348-589b955770c1:192.168.151.92:40159] returns group-0947DBB6EE86:java.util.concurrent.CompletableFuture@478b22de[Not completed]
2019-10-02 10:18:57,048 [pool-77-thread-1] INFO  impl.RaftServerImpl (RaftServerImpl.java:<init>(95)) - 298c2419-298a-4ac1-a348-589b955770c1: new RaftServerImpl for group-0947DBB6EE86:[298c2419-298a-4ac1-a348-589b955770c1:192.168.151.92:40159] with ContainerStateMachine:uninitialized
2019-10-02 10:18:57,049 [pool-77-thread-1] INFO  server.RaftServerConfigKeys (ConfUtils.java:logGet(43)) - raft.server.rpc.timeout.min = 5s (custom)
2019-10-02 10:18:57,049 [pool-77-thread-1] INFO  server.RaftServerConfigKeys (ConfUtils.java:logGet(43)) - raft.server.rpc.timeout.max = 5200ms (custom)
2019-10-02 10:18:57,049 [pool-77-thread-1] INFO  server.RaftServerConfigKeys (ConfUtils.java:logGet(43)) - raft.server.rpcslowness.timeout = 120s (custom)
2019-10-02 10:18:57,049 [pool-77-thread-1] INFO  server.RaftServerConfigKeys (ConfUtils.java:logGet(43)) - raft.server.sleep.deviation.threshold = 300 (default)
2019-10-02 10:18:57,049 [pool-77-thread-1] INFO  server.RaftServerConfigKeys (ConfUtils.java:logGet(43)) - raft.server.log.appender.install.snapshot.enabled = false (custom)
2019-10-02 10:18:57,050 [pool-77-thread-1] INFO  impl.RaftServerImpl (ServerState.java:<init>(103)) - 298c2419-298a-4ac1-a348-589b955770c1@group-0947DBB6EE86: ConfigurationManager, init=-1: [298c2419-298a-4ac1-a348-589b955770c1:192.168.151.92:40159], old=null, confs=<EMPTY_MAP>
2019-10-02 10:18:57,050 [pool-77-thread-1] INFO  server.RaftServerConfigKeys (ConfUtils.java:logGet(43)) - raft.server.storage.dir = [/workdir/hadoop-ozone/integration-test/target/test-dir/MiniOzoneClusterImpl-a60b818f-4dd1-4965-bff3-fb44efcd9a0b/datanode-5/data/ratis] (custom)
2019-10-02 10:18:57,050 [pool-77-thread-1] INFO  server.RaftServerConfigKeys (ConfUtils.java:logGet(43)) - raft.server.log.corruption.policy = EXCEPTION (default)
2019-10-02 10:18:57,051 [pool-77-thread-1] INFO  storage.RaftStorageDirectory (RaftStorageDirectory.java:analyzeStorage(246)) - The storage directory /workdir/hadoop-ozone/integration-test/target/test-dir/MiniOzoneClusterImpl-a60b818f-4dd1-4965-bff3-fb44efcd9a0b/datanode-5/data/ratis/a79a4b6c-97a5-4dc8-81f4-0947dbb6ee86 does not exist. Creating ...
2019-10-02 10:18:57,064 [pool-77-thread-1] INFO  storage.RaftStorageDirectory (RaftStorageDirectory.java:tryLock(328)) - Lock on /workdir/hadoop-ozone/integration-test/target/test-dir/MiniOzoneClusterImpl-a60b818f-4dd1-4965-bff3-fb44efcd9a0b/datanode-5/data/ratis/a79a4b6c-97a5-4dc8-81f4-0947dbb6ee86/in_use.lock acquired by nodename 31904@pr-trunk-gg4kw-413187789
2019-10-02 10:18:57,082 [pool-77-thread-1] INFO  storage.RaftStorage (RaftStorage.java:format(84)) - Storage directory /workdir/hadoop-ozone/integration-test/target/test-dir/MiniOzoneClusterImpl-a60b818f-4dd1-4965-bff3-fb44efcd9a0b/datanode-5/data/ratis/a79a4b6c-97a5-4dc8-81f4-0947dbb6ee86 has been successfully formatted.
2019-10-02 10:18:57,082 [pool-77-thread-1] INFO  ratis.ContainerStateMachine (ContainerStateMachine.java:loadSnapshot(231)) - group-0947DBB6EE86: The snapshot info is null. Setting the last applied indexto:(t:0, i:~)
2019-10-02 10:18:57,082 [pool-77-thread-1] INFO  server.RaftServerConfigKeys (ConfUtils.java:logGet(43)) - raft.server.notification.no-leader.timeout = 120s (custom)
2019-10-02 10:18:57,083 [pool-77-thread-1] INFO  server.RaftServerConfigKeys (ConfUtils.java:logGet(43)) - raft.server.log.use.memory = false (default)
2019-10-02 10:18:57,083 [pool-77-thread-1] INFO  server.RaftServerConfigKeys (ConfUtils.java:logGet(43)) - raft.server.log.purge.gap = 1000000 (custom)
2019-10-02 10:18:57,083 [pool-77-thread-1] INFO  server.RaftServerConfigKeys (ConfUtils.java:logGet(43)) - raft.server.log.appender.buffer.byte-limit = 33554432 (custom)
2019-10-02 10:18:57,083 [pool-77-thread-1] INFO  server.RaftServerConfigKeys (ConfUtils.java:logGet(43)) - raft.server.log.segment.size.max = 1048576 (custom)
2019-10-02 10:18:57,090 [pool-77-thread-1] INFO  server.RaftServerConfigKeys (ConfUtils.java:logGet(43)) - raft.server.log.segment.cache.num.max = 2 (custom)
2019-10-02 10:18:57,090 [pool-77-thread-1] INFO  segmented.SegmentedRaftLogWorker (SegmentedRaftLogWorker.java:<init>(173)) - new 298c2419-298a-4ac1-a348-589b955770c1@group-0947DBB6EE86-SegmentedRaftLogWorker for RaftStorage:Storage Directory /workdir/hadoop-ozone/integration-test/target/test-dir/MiniOzoneClusterImpl-a60b818f-4dd1-4965-bff3-fb44efcd9a0b/datanode-5/data/ratis/a79a4b6c-97a5-4dc8-81f4-0947dbb6ee86
2019-10-02 10:18:57,090 [pool-77-thread-1] INFO  server.RaftServerConfigKeys (ConfUtils.java:logGet(43)) - raft.server.log.queue.byte-limit = 2147483647 (custom)
2019-10-02 10:18:57,090 [pool-77-thread-1] INFO  server.RaftServerConfigKeys (ConfUtils.java:logGet(43)) - raft.server.log.queue.element-limit = 1024 (custom)
2019-10-02 10:18:57,090 [pool-77-thread-1] INFO  server.RaftServerConfigKeys (ConfUtils.java:logGet(43)) - raft.server.log.segment.size.max = 1048576 (custom)
2019-10-02 10:18:57,091 [pool-77-thread-1] INFO  server.RaftServerConfigKeys (ConfUtils.java:logGet(43)) - raft.server.log.preallocated.size = 16384 (custom)
2019-10-02 10:18:57,091 [pool-77-thread-1] INFO  server.RaftServerConfigKeys (ConfUtils.java:logGet(43)) - raft.server.log.write.buffer.size = 33554432 (custom)
2019-10-02 10:18:57,091 [pool-77-thread-1] INFO  server.RaftServerConfigKeys (ConfUtils.java:logGet(43)) - raft.server.log.force.sync.num = 128 (default)
2019-10-02 10:18:57,091 [pool-77-thread-1] INFO  server.RaftServerConfigKeys (ConfUtils.java:logGet(43)) - raft.server.log.statemachine.data.sync = true (default)
2019-10-02 10:18:57,091 [pool-77-thread-1] INFO  server.RaftServerConfigKeys (ConfUtils.java:logGet(43)) - raft.server.log.statemachine.data.sync.timeout = 10s (default)
2019-10-02 10:18:57,091 [pool-77-thread-1] INFO  server.RaftServerConfigKeys (ConfUtils.java:logGet(43)) - raft.server.log.statemachine.data.sync.timeout.retry = -1 (default)
2019-10-02 10:18:57,092 [pool-77-thread-1] INFO  server.RaftServerConfigKeys (ConfUtils.java:logGet(43)) - raft.server.log.statemachine.data.caching.enabled = true (custom)
2019-10-02 10:18:57,092 [pool-77-thread-1] INFO  segmented.SegmentedRaftLogWorker (SegmentedRaftLogWorker.java:lambda$new$0(128)) - 298c2419-298a-4ac1-a348-589b955770c1@group-0947DBB6EE86-SegmentedRaftLogWorker: flushIndex: setUnconditionally 0 -> -1
2019-10-02 10:18:57,093 [pool-77-thread-1] INFO  server.RaftServerConfigKeys (ConfUtils.java:logGet(43)) - raft.server.snapshot.auto.trigger.enabled = true (custom)
2019-10-02 10:18:57,093 [pool-77-thread-1] INFO  server.RaftServerConfigKeys (ConfUtils.java:logGet(43)) - raft.server.snapshot.auto.trigger.threshold = 10000 (custom)
2019-10-02 10:18:57,093 [pool-77-thread-1] INFO  server.RaftServerConfigKeys (ConfUtils.java:logGet(43)) - raft.server.snapshot.retention.file.num = 5 (custom)
2019-10-02 10:18:57,093 [pool-77-thread-1] INFO  server.RaftServerConfigKeys (ConfUtils.java:logGet(43)) - raft.server.retrycache.expirytime = 600000ms (custom)
2019-10-02 10:18:57,096 [pool-77-thread-1] INFO  impl.RaftServerImpl (RaftServerImpl.java:start(181)) - 298c2419-298a-4ac1-a348-589b955770c1@group-0947DBB6EE86: start as a follower, conf=-1: [298c2419-298a-4ac1-a348-589b955770c1:192.168.151.92:40159], old=null
2019-10-02 10:18:57,096 [pool-77-thread-1] INFO  impl.RaftServerImpl (RaftServerImpl.java:setRole(170)) - 298c2419-298a-4ac1-a348-589b955770c1@group-0947DBB6EE86: changes role from      null to FOLLOWER at term 0 for startAsFollower
2019-10-02 10:18:57,097 [pool-77-thread-1] INFO  impl.RoleInfo (RoleInfo.java:updateAndGet(143)) - 298c2419-298a-4ac1-a348-589b955770c1: start FollowerState
2019-10-02 10:18:57,097 [pool-77-thread-1] INFO  util.JmxRegister (JmxRegister.java:tryRegister(44)) - Successfully registered JMX Bean with object name Ratis:service=RaftServer,group=group-0947DBB6EE86,id=298c2419-298a-4ac1-a348-589b955770c1
2019-10-02 10:18:57,112 [RatisPipelineUtilsThread] INFO  pipeline.PipelineStateManager (PipelineStateManager.java:addPipeline(56)) - Created pipeline Pipeline[ Id: a79a4b6c-97a5-4dc8-81f4-0947dbb6ee86, Nodes: 298c2419-298a-4ac1-a348-589b955770c1{ip: 192.168.151.92, host: pr-trunk-gg4kw-413187789, networkLocation: /default-rack, certSerialId: null}, Type:RATIS, Factor:ONE, State:OPEN]
2019-10-02 10:18:57,130 [grpc-default-executor-0] INFO  impl.RaftServerProxy (RaftServerProxy.java:addNew(89)) - b70c9021-8da6-41e6-a976-daf4f7fbddb8: addNew group-DBF4EAE54D3A:[b70c9021-8da6-41e6-a976-daf4f7fbddb8:192.168.151.92:38657] returns group-DBF4EAE54D3A:java.util.concurrent.CompletableFuture@963b18b[Not completed]
2019-10-02 10:18:57,133 [pool-47-thread-1] INFO  impl.RaftServerImpl (RaftServerImpl.java:<init>(95)) - b70c9021-8da6-41e6-a976-daf4f7fbddb8: new RaftServerImpl for group-DBF4EAE54D3A:[b70c9021-8da6-41e6-a976-daf4f7fbddb8:192.168.151.92:38657] with ContainerStateMachine:uninitialized
2019-10-02 10:18:57,133 [pool-47-thread-1] INFO  server.RaftServerConfigKeys (ConfUtils.java:logGet(43)) - raft.server.rpc.timeout.min = 5s (custom)
2019-10-02 10:18:57,133 [pool-47-thread-1] INFO  server.RaftServerConfigKeys (ConfUtils.java:logGet(43)) - raft.server.rpc.timeout.max = 5200ms (custom)
2019-10-02 10:18:57,134 [pool-47-thread-1] INFO  server.RaftServerConfigKeys (ConfUtils.java:logGet(43)) - raft.server.rpcslowness.timeout = 120s (custom)
2019-10-02 10:18:57,134 [pool-47-thread-1] INFO  server.RaftServerConfigKeys (ConfUtils.java:logGet(43)) - raft.server.sleep.deviation.threshold = 300 (default)
2019-10-02 10:18:57,134 [pool-47-thread-1] INFO  server.RaftServerConfigKeys (ConfUtils.java:logGet(43)) - raft.server.log.appender.install.snapshot.enabled = false (custom)
2019-10-02 10:18:57,134 [pool-47-thread-1] INFO  impl.RaftServerImpl (ServerState.java:<init>(103)) - b70c9021-8da6-41e6-a976-daf4f7fbddb8@group-DBF4EAE54D3A: ConfigurationManager, init=-1: [b70c9021-8da6-41e6-a976-daf4f7fbddb8:192.168.151.92:38657], old=null, confs=<EMPTY_MAP>
2019-10-02 10:18:57,134 [pool-47-thread-1] INFO  server.RaftServerConfigKeys (ConfUtils.java:logGet(43)) - raft.server.storage.dir = [/workdir/hadoop-ozone/integration-test/target/test-dir/MiniOzoneClusterImpl-a60b818f-4dd1-4965-bff3-fb44efcd9a0b/datanode-2/data/ratis] (custom)
2019-10-02 10:18:57,134 [pool-47-thread-1] INFO  server.RaftServerConfigKeys (ConfUtils.java:logGet(43)) - raft.server.log.corruption.policy = EXCEPTION (default)
2019-10-02 10:18:57,135 [pool-47-thread-1] INFO  storage.RaftStorageDirectory (RaftStorageDirectory.java:analyzeStorage(246)) - The storage directory /workdir/hadoop-ozone/integration-test/target/test-dir/MiniOzoneClusterImpl-a60b818f-4dd1-4965-bff3-fb44efcd9a0b/datanode-2/data/ratis/0f56bd4b-df1e-490f-8b9c-dbf4eae54d3a does not exist. Creating ...
2019-10-02 10:18:57,149 [pool-47-thread-1] INFO  storage.RaftStorageDirectory (RaftStorageDirectory.java:tryLock(328)) - Lock on /workdir/hadoop-ozone/integration-test/target/test-dir/MiniOzoneClusterImpl-a60b818f-4dd1-4965-bff3-fb44efcd9a0b/datanode-2/data/ratis/0f56bd4b-df1e-490f-8b9c-dbf4eae54d3a/in_use.lock acquired by nodename 31904@pr-trunk-gg4kw-413187789
2019-10-02 10:18:57,162 [pool-47-thread-1] INFO  storage.RaftStorage (RaftStorage.java:format(84)) - Storage directory /workdir/hadoop-ozone/integration-test/target/test-dir/MiniOzoneClusterImpl-a60b818f-4dd1-4965-bff3-fb44efcd9a0b/datanode-2/data/ratis/0f56bd4b-df1e-490f-8b9c-dbf4eae54d3a has been successfully formatted.
2019-10-02 10:18:57,163 [pool-47-thread-1] INFO  ratis.ContainerStateMachine (ContainerStateMachine.java:loadSnapshot(231)) - group-DBF4EAE54D3A: The snapshot info is null. Setting the last applied indexto:(t:0, i:~)
2019-10-02 10:18:57,163 [pool-47-thread-1] INFO  server.RaftServerConfigKeys (ConfUtils.java:logGet(43)) - raft.server.notification.no-leader.timeout = 120s (custom)
2019-10-02 10:18:57,163 [pool-47-thread-1] INFO  server.RaftServerConfigKeys (ConfUtils.java:logGet(43)) - raft.server.log.use.memory = false (default)
2019-10-02 10:18:57,163 [pool-47-thread-1] INFO  server.RaftServerConfigKeys (ConfUtils.java:logGet(43)) - raft.server.log.purge.gap = 1000000 (custom)
2019-10-02 10:18:57,163 [pool-47-thread-1] INFO  server.RaftServerConfigKeys (ConfUtils.java:logGet(43)) - raft.server.log.appender.buffer.byte-limit = 33554432 (custom)
2019-10-02 10:18:57,163 [pool-47-thread-1] INFO  server.RaftServerConfigKeys (ConfUtils.java:logGet(43)) - raft.server.log.segment.size.max = 1048576 (custom)
2019-10-02 10:18:57,166 [pool-47-thread-1] INFO  server.RaftServerConfigKeys (ConfUtils.java:logGet(43)) - raft.server.log.segment.cache.num.max = 2 (custom)
2019-10-02 10:18:57,166 [pool-47-thread-1] INFO  segmented.SegmentedRaftLogWorker (SegmentedRaftLogWorker.java:<init>(173)) - new b70c9021-8da6-41e6-a976-daf4f7fbddb8@group-DBF4EAE54D3A-SegmentedRaftLogWorker for RaftStorage:Storage Directory /workdir/hadoop-ozone/integration-test/target/test-dir/MiniOzoneClusterImpl-a60b818f-4dd1-4965-bff3-fb44efcd9a0b/datanode-2/data/ratis/0f56bd4b-df1e-490f-8b9c-dbf4eae54d3a
2019-10-02 10:18:57,166 [pool-47-thread-1] INFO  server.RaftServerConfigKeys (ConfUtils.java:logGet(43)) - raft.server.log.queue.byte-limit = 2147483647 (custom)
2019-10-02 10:18:57,166 [pool-47-thread-1] INFO  server.RaftServerConfigKeys (ConfUtils.java:logGet(43)) - raft.server.log.queue.element-limit = 1024 (custom)
2019-10-02 10:18:57,166 [pool-47-thread-1] INFO  server.RaftServerConfigKeys (ConfUtils.java:logGet(43)) - raft.server.log.segment.size.max = 1048576 (custom)
2019-10-02 10:18:57,166 [pool-47-thread-1] INFO  server.RaftServerConfigKeys (ConfUtils.java:logGet(43)) - raft.server.log.preallocated.size = 16384 (custom)
2019-10-02 10:18:57,166 [pool-47-thread-1] INFO  server.RaftServerConfigKeys (ConfUtils.java:logGet(43)) - raft.server.log.write.buffer.size = 33554432 (custom)
2019-10-02 10:18:57,167 [pool-47-thread-1] INFO  server.RaftServerConfigKeys (ConfUtils.java:logGet(43)) - raft.server.log.force.sync.num = 128 (default)
2019-10-02 10:18:57,167 [pool-47-thread-1] INFO  server.RaftServerConfigKeys (ConfUtils.java:logGet(43)) - raft.server.log.statemachine.data.sync = true (default)
2019-10-02 10:18:57,167 [pool-47-thread-1] INFO  server.RaftServerConfigKeys (ConfUtils.java:logGet(43)) - raft.server.log.statemachine.data.sync.timeout = 10s (default)
2019-10-02 10:18:57,167 [pool-47-thread-1] INFO  server.RaftServerConfigKeys (ConfUtils.java:logGet(43)) - raft.server.log.statemachine.data.sync.timeout.retry = -1 (default)
2019-10-02 10:18:57,167 [pool-47-thread-1] INFO  server.RaftServerConfigKeys (ConfUtils.java:logGet(43)) - raft.server.log.statemachine.data.caching.enabled = true (custom)
2019-10-02 10:18:57,168 [pool-47-thread-1] INFO  segmented.SegmentedRaftLogWorker (SegmentedRaftLogWorker.java:lambda$new$0(128)) - b70c9021-8da6-41e6-a976-daf4f7fbddb8@group-DBF4EAE54D3A-SegmentedRaftLogWorker: flushIndex: setUnconditionally 0 -> -1
2019-10-02 10:18:57,168 [pool-47-thread-1] INFO  server.RaftServerConfigKeys (ConfUtils.java:logGet(43)) - raft.server.snapshot.auto.trigger.enabled = true (custom)
2019-10-02 10:18:57,168 [pool-47-thread-1] INFO  server.RaftServerConfigKeys (ConfUtils.java:logGet(43)) - raft.server.snapshot.auto.trigger.threshold = 10000 (custom)
2019-10-02 10:18:57,168 [pool-47-thread-1] INFO  server.RaftServerConfigKeys (ConfUtils.java:logGet(43)) - raft.server.snapshot.retention.file.num = 5 (custom)
2019-10-02 10:18:57,168 [pool-47-thread-1] INFO  server.RaftServerConfigKeys (ConfUtils.java:logGet(43)) - raft.server.retrycache.expirytime = 600000ms (custom)
2019-10-02 10:18:57,170 [pool-47-thread-1] INFO  impl.RaftServerImpl (RaftServerImpl.java:start(181)) - b70c9021-8da6-41e6-a976-daf4f7fbddb8@group-DBF4EAE54D3A: start as a follower, conf=-1: [b70c9021-8da6-41e6-a976-daf4f7fbddb8:192.168.151.92:38657], old=null
2019-10-02 10:18:57,171 [pool-47-thread-1] INFO  impl.RaftServerImpl (RaftServerImpl.java:setRole(170)) - b70c9021-8da6-41e6-a976-daf4f7fbddb8@group-DBF4EAE54D3A: changes role from      null to FOLLOWER at term 0 for startAsFollower
2019-10-02 10:18:57,171 [pool-47-thread-1] INFO  impl.RoleInfo (RoleInfo.java:updateAndGet(143)) - b70c9021-8da6-41e6-a976-daf4f7fbddb8: start FollowerState
2019-10-02 10:18:57,171 [pool-47-thread-1] INFO  util.JmxRegister (JmxRegister.java:tryRegister(44)) - Successfully registered JMX Bean with object name Ratis:service=RaftServer,group=group-DBF4EAE54D3A,id=b70c9021-8da6-41e6-a976-daf4f7fbddb8
2019-10-02 10:18:57,185 [RatisPipelineUtilsThread] INFO  pipeline.PipelineStateManager (PipelineStateManager.java:addPipeline(56)) - Created pipeline Pipeline[ Id: 0f56bd4b-df1e-490f-8b9c-dbf4eae54d3a, Nodes: b70c9021-8da6-41e6-a976-daf4f7fbddb8{ip: 192.168.151.92, host: pr-trunk-gg4kw-413187789, networkLocation: /default-rack, certSerialId: null}, Type:RATIS, Factor:ONE, State:OPEN]
2019-10-02 10:18:57,210 [grpc-default-executor-0] INFO  impl.RaftServerProxy (RaftServerProxy.java:addNew(89)) - cc1fcddd-974e-4515-9faf-cb0b34c0ae51: addNew group-9F5054B6A10C:[cc1fcddd-974e-4515-9faf-cb0b34c0ae51:192.168.151.92:40331] returns group-9F5054B6A10C:java.util.concurrent.CompletableFuture@4c9ba7ca[Not completed]
2019-10-02 10:18:57,215 [pool-87-thread-1] INFO  impl.RaftServerImpl (RaftServerImpl.java:<init>(95)) - cc1fcddd-974e-4515-9faf-cb0b34c0ae51: new RaftServerImpl for group-9F5054B6A10C:[cc1fcddd-974e-4515-9faf-cb0b34c0ae51:192.168.151.92:40331] with ContainerStateMachine:uninitialized
2019-10-02 10:18:57,215 [pool-87-thread-1] INFO  server.RaftServerConfigKeys (ConfUtils.java:logGet(43)) - raft.server.rpc.timeout.min = 5s (custom)
2019-10-02 10:18:57,215 [pool-87-thread-1] INFO  server.RaftServerConfigKeys (ConfUtils.java:logGet(43)) - raft.server.rpc.timeout.max = 5200ms (custom)
2019-10-02 10:18:57,215 [pool-87-thread-1] INFO  server.RaftServerConfigKeys (ConfUtils.java:logGet(43)) - raft.server.rpcslowness.timeout = 120s (custom)
2019-10-02 10:18:57,216 [pool-87-thread-1] INFO  server.RaftServerConfigKeys (ConfUtils.java:logGet(43)) - raft.server.sleep.deviation.threshold = 300 (default)
2019-10-02 10:18:57,216 [pool-87-thread-1] INFO  server.RaftServerConfigKeys (ConfUtils.java:logGet(43)) - raft.server.log.appender.install.snapshot.enabled = false (custom)
2019-10-02 10:18:57,216 [pool-87-thread-1] INFO  impl.RaftServerImpl (ServerState.java:<init>(103)) - cc1fcddd-974e-4515-9faf-cb0b34c0ae51@group-9F5054B6A10C: ConfigurationManager, init=-1: [cc1fcddd-974e-4515-9faf-cb0b34c0ae51:192.168.151.92:40331], old=null, confs=<EMPTY_MAP>
2019-10-02 10:18:57,216 [pool-87-thread-1] INFO  server.RaftServerConfigKeys (ConfUtils.java:logGet(43)) - raft.server.storage.dir = [/workdir/hadoop-ozone/integration-test/target/test-dir/MiniOzoneClusterImpl-a60b818f-4dd1-4965-bff3-fb44efcd9a0b/datanode-6/data/ratis] (custom)
2019-10-02 10:18:57,217 [pool-87-thread-1] INFO  server.RaftServerConfigKeys (ConfUtils.java:logGet(43)) - raft.server.log.corruption.policy = EXCEPTION (default)
2019-10-02 10:18:57,217 [pool-87-thread-1] INFO  storage.RaftStorageDirectory (RaftStorageDirectory.java:analyzeStorage(246)) - The storage directory /workdir/hadoop-ozone/integration-test/target/test-dir/MiniOzoneClusterImpl-a60b818f-4dd1-4965-bff3-fb44efcd9a0b/datanode-6/data/ratis/5607a3d9-3edf-4233-9c79-9f5054b6a10c does not exist. Creating ...
2019-10-02 10:18:57,248 [main] INFO  ozone.MiniOzoneClusterImpl (MiniOzoneClusterImpl.java:lambda$waitForClusterToBeReady$0(147)) - Cluster is ready. Got 7 of 7 DN Heartbeats.
2019-10-02 10:18:57,308 [pool-87-thread-1] INFO  storage.RaftStorageDirectory (RaftStorageDirectory.java:tryLock(328)) - Lock on /workdir/hadoop-ozone/integration-test/target/test-dir/MiniOzoneClusterImpl-a60b818f-4dd1-4965-bff3-fb44efcd9a0b/datanode-6/data/ratis/5607a3d9-3edf-4233-9c79-9f5054b6a10c/in_use.lock acquired by nodename 31904@pr-trunk-gg4kw-413187789
2019-10-02 10:18:57,786 [main] INFO  rpc.RpcClient (RpcClient.java:createVolume(276)) - Creating Volume: testblockoutputstreamwithretries, with jenkins1000 as owner.
2019-10-02 10:18:57,866 [pool-87-thread-1] INFO  storage.RaftStorage (RaftStorage.java:format(84)) - Storage directory /workdir/hadoop-ozone/integration-test/target/test-dir/MiniOzoneClusterImpl-a60b818f-4dd1-4965-bff3-fb44efcd9a0b/datanode-6/data/ratis/5607a3d9-3edf-4233-9c79-9f5054b6a10c has been successfully formatted.
2019-10-02 10:18:57,866 [pool-87-thread-1] INFO  ratis.ContainerStateMachine (ContainerStateMachine.java:loadSnapshot(231)) - group-9F5054B6A10C: The snapshot info is null. Setting the last applied indexto:(t:0, i:~)
2019-10-02 10:18:57,866 [pool-87-thread-1] INFO  server.RaftServerConfigKeys (ConfUtils.java:logGet(43)) - raft.server.notification.no-leader.timeout = 120s (custom)
2019-10-02 10:18:57,867 [pool-87-thread-1] INFO  server.RaftServerConfigKeys (ConfUtils.java:logGet(43)) - raft.server.log.use.memory = false (default)
2019-10-02 10:18:57,867 [pool-87-thread-1] INFO  server.RaftServerConfigKeys (ConfUtils.java:logGet(43)) - raft.server.log.purge.gap = 1000000 (custom)
2019-10-02 10:18:57,867 [pool-87-thread-1] INFO  server.RaftServerConfigKeys (ConfUtils.java:logGet(43)) - raft.server.log.appender.buffer.byte-limit = 33554432 (custom)
2019-10-02 10:18:57,867 [pool-87-thread-1] INFO  server.RaftServerConfigKeys (ConfUtils.java:logGet(43)) - raft.server.log.segment.size.max = 1048576 (custom)
2019-10-02 10:18:57,871 [pool-87-thread-1] INFO  server.RaftServerConfigKeys (ConfUtils.java:logGet(43)) - raft.server.log.segment.cache.num.max = 2 (custom)
2019-10-02 10:18:57,871 [pool-87-thread-1] INFO  segmented.SegmentedRaftLogWorker (SegmentedRaftLogWorker.java:<init>(173)) - new cc1fcddd-974e-4515-9faf-cb0b34c0ae51@group-9F5054B6A10C-SegmentedRaftLogWorker for RaftStorage:Storage Directory /workdir/hadoop-ozone/integration-test/target/test-dir/MiniOzoneClusterImpl-a60b818f-4dd1-4965-bff3-fb44efcd9a0b/datanode-6/data/ratis/5607a3d9-3edf-4233-9c79-9f5054b6a10c
2019-10-02 10:18:57,871 [pool-87-thread-1] INFO  server.RaftServerConfigKeys (ConfUtils.java:logGet(43)) - raft.server.log.queue.byte-limit = 2147483647 (custom)
2019-10-02 10:18:57,871 [pool-87-thread-1] INFO  server.RaftServerConfigKeys (ConfUtils.java:logGet(43)) - raft.server.log.queue.element-limit = 1024 (custom)
2019-10-02 10:18:57,871 [pool-87-thread-1] INFO  server.RaftServerConfigKeys (ConfUtils.java:logGet(43)) - raft.server.log.segment.size.max = 1048576 (custom)
2019-10-02 10:18:57,872 [pool-87-thread-1] INFO  server.RaftServerConfigKeys (ConfUtils.java:logGet(43)) - raft.server.log.preallocated.size = 16384 (custom)
2019-10-02 10:18:57,872 [pool-87-thread-1] INFO  server.RaftServerConfigKeys (ConfUtils.java:logGet(43)) - raft.server.log.write.buffer.size = 33554432 (custom)
2019-10-02 10:18:57,872 [pool-87-thread-1] INFO  server.RaftServerConfigKeys (ConfUtils.java:logGet(43)) - raft.server.log.force.sync.num = 128 (default)
2019-10-02 10:18:57,872 [pool-87-thread-1] INFO  server.RaftServerConfigKeys (ConfUtils.java:logGet(43)) - raft.server.log.statemachine.data.sync = true (default)
2019-10-02 10:18:57,872 [pool-87-thread-1] INFO  server.RaftServerConfigKeys (ConfUtils.java:logGet(43)) - raft.server.log.statemachine.data.sync.timeout = 10s (default)
2019-10-02 10:18:57,872 [pool-87-thread-1] INFO  server.RaftServerConfigKeys (ConfUtils.java:logGet(43)) - raft.server.log.statemachine.data.sync.timeout.retry = -1 (default)
2019-10-02 10:18:57,873 [pool-87-thread-1] INFO  server.RaftServerConfigKeys (ConfUtils.java:logGet(43)) - raft.server.log.statemachine.data.caching.enabled = true (custom)
2019-10-02 10:18:57,874 [pool-87-thread-1] INFO  segmented.SegmentedRaftLogWorker (SegmentedRaftLogWorker.java:lambda$new$0(128)) - cc1fcddd-974e-4515-9faf-cb0b34c0ae51@group-9F5054B6A10C-SegmentedRaftLogWorker: flushIndex: setUnconditionally 0 -> -1
2019-10-02 10:18:57,874 [pool-87-thread-1] INFO  server.RaftServerConfigKeys (ConfUtils.java:logGet(43)) - raft.server.snapshot.auto.trigger.enabled = true (custom)
2019-10-02 10:18:57,875 [pool-87-thread-1] INFO  server.RaftServerConfigKeys (ConfUtils.java:logGet(43)) - raft.server.snapshot.auto.trigger.threshold = 10000 (custom)
2019-10-02 10:18:57,875 [pool-87-thread-1] INFO  server.RaftServerConfigKeys (ConfUtils.java:logGet(43)) - raft.server.snapshot.retention.file.num = 5 (custom)
2019-10-02 10:18:57,875 [pool-87-thread-1] INFO  server.RaftServerConfigKeys (ConfUtils.java:logGet(43)) - raft.server.retrycache.expirytime = 600000ms (custom)
2019-10-02 10:18:57,880 [pool-87-thread-1] INFO  impl.RaftServerImpl (RaftServerImpl.java:start(181)) - cc1fcddd-974e-4515-9faf-cb0b34c0ae51@group-9F5054B6A10C: start as a follower, conf=-1: [cc1fcddd-974e-4515-9faf-cb0b34c0ae51:192.168.151.92:40331], old=null
2019-10-02 10:18:57,881 [pool-87-thread-1] INFO  impl.RaftServerImpl (RaftServerImpl.java:setRole(170)) - cc1fcddd-974e-4515-9faf-cb0b34c0ae51@group-9F5054B6A10C: changes role from      null to FOLLOWER at term 0 for startAsFollower
2019-10-02 10:18:57,881 [pool-87-thread-1] INFO  impl.RoleInfo (RoleInfo.java:updateAndGet(143)) - cc1fcddd-974e-4515-9faf-cb0b34c0ae51: start FollowerState
2019-10-02 10:18:57,882 [pool-87-thread-1] INFO  util.JmxRegister (JmxRegister.java:tryRegister(44)) - Successfully registered JMX Bean with object name Ratis:service=RaftServer,group=group-9F5054B6A10C,id=cc1fcddd-974e-4515-9faf-cb0b34c0ae51
2019-10-02 10:18:57,901 [RatisPipelineUtilsThread] INFO  pipeline.PipelineStateManager (PipelineStateManager.java:addPipeline(56)) - Created pipeline Pipeline[ Id: 5607a3d9-3edf-4233-9c79-9f5054b6a10c, Nodes: cc1fcddd-974e-4515-9faf-cb0b34c0ae51{ip: 192.168.151.92, host: pr-trunk-gg4kw-413187789, networkLocation: /default-rack, certSerialId: null}, Type:RATIS, Factor:ONE, State:OPEN]
2019-10-02 10:18:57,918 [grpc-default-executor-0] INFO  impl.RaftServerProxy (RaftServerProxy.java:addNew(89)) - e651fbfb-20c0-4662-a7f7-0a3dd600170c: addNew group-FBF4E43B706F:[e651fbfb-20c0-4662-a7f7-0a3dd600170c:192.168.151.92:40542] returns group-FBF4E43B706F:java.util.concurrent.CompletableFuture@4ae54ae6[Not completed]
2019-10-02 10:18:57,922 [pool-57-thread-1] INFO  impl.RaftServerImpl (RaftServerImpl.java:<init>(95)) - e651fbfb-20c0-4662-a7f7-0a3dd600170c: new RaftServerImpl for group-FBF4E43B706F:[e651fbfb-20c0-4662-a7f7-0a3dd600170c:192.168.151.92:40542] with ContainerStateMachine:uninitialized
2019-10-02 10:18:57,922 [pool-57-thread-1] INFO  server.RaftServerConfigKeys (ConfUtils.java:logGet(43)) - raft.server.rpc.timeout.min = 5s (custom)
2019-10-02 10:18:57,922 [pool-57-thread-1] INFO  server.RaftServerConfigKeys (ConfUtils.java:logGet(43)) - raft.server.rpc.timeout.max = 5200ms (custom)
2019-10-02 10:18:57,922 [pool-57-thread-1] INFO  server.RaftServerConfigKeys (ConfUtils.java:logGet(43)) - raft.server.rpcslowness.timeout = 120s (custom)
2019-10-02 10:18:57,922 [pool-57-thread-1] INFO  server.RaftServerConfigKeys (ConfUtils.java:logGet(43)) - raft.server.sleep.deviation.threshold = 300 (default)
2019-10-02 10:18:57,923 [pool-57-thread-1] INFO  server.RaftServerConfigKeys (ConfUtils.java:logGet(43)) - raft.server.log.appender.install.snapshot.enabled = false (custom)
2019-10-02 10:18:57,923 [pool-57-thread-1] INFO  impl.RaftServerImpl (ServerState.java:<init>(103)) - e651fbfb-20c0-4662-a7f7-0a3dd600170c@group-FBF4E43B706F: ConfigurationManager, init=-1: [e651fbfb-20c0-4662-a7f7-0a3dd600170c:192.168.151.92:40542], old=null, confs=<EMPTY_MAP>
2019-10-02 10:18:57,923 [pool-57-thread-1] INFO  server.RaftServerConfigKeys (ConfUtils.java:logGet(43)) - raft.server.storage.dir = [/workdir/hadoop-ozone/integration-test/target/test-dir/MiniOzoneClusterImpl-a60b818f-4dd1-4965-bff3-fb44efcd9a0b/datanode-3/data/ratis] (custom)
2019-10-02 10:18:57,923 [pool-57-thread-1] INFO  server.RaftServerConfigKeys (ConfUtils.java:logGet(43)) - raft.server.log.corruption.policy = EXCEPTION (default)
2019-10-02 10:18:57,923 [pool-57-thread-1] INFO  storage.RaftStorageDirectory (RaftStorageDirectory.java:analyzeStorage(246)) - The storage directory /workdir/hadoop-ozone/integration-test/target/test-dir/MiniOzoneClusterImpl-a60b818f-4dd1-4965-bff3-fb44efcd9a0b/datanode-3/data/ratis/65502fa4-7def-47e4-8887-fbf4e43b706f does not exist. Creating ...
2019-10-02 10:18:57,934 [IPC Server handler 1 on 36576] INFO  volume.OMVolumeCreateRequest (OMVolumeCreateRequest.java:validateAndUpdateCache(194)) - created volume:testblockoutputstreamwithretries for user:jenkins1000
2019-10-02 10:18:58,744 [main] INFO  rpc.RpcClient (RpcClient.java:createBucket(415)) - Creating Bucket: testblockoutputstreamwithretries/testblockoutputstreamwithretries, with Versioning false and Storage Type set to DISK and Encryption set to false 
2019-10-02 10:18:59,055 [pool-57-thread-1] INFO  storage.RaftStorageDirectory (RaftStorageDirectory.java:tryLock(328)) - Lock on /workdir/hadoop-ozone/integration-test/target/test-dir/MiniOzoneClusterImpl-a60b818f-4dd1-4965-bff3-fb44efcd9a0b/datanode-3/data/ratis/65502fa4-7def-47e4-8887-fbf4e43b706f/in_use.lock acquired by nodename 31904@pr-trunk-gg4kw-413187789
2019-10-02 10:18:59,065 [Thread-238] INFO  container.ReplicationManager (ReplicationManager.java:start(162)) - Starting Replication Monitor Thread.
2019-10-02 10:18:59,075 [ReplicationMonitor] INFO  container.ReplicationManager (ReplicationManager.java:run(225)) - Replication Monitor Thread took 4 milliseconds for processing 0 containers.
2019-10-02 10:19:00,311 [pool-57-thread-1] INFO  storage.RaftStorage (RaftStorage.java:format(84)) - Storage directory /workdir/hadoop-ozone/integration-test/target/test-dir/MiniOzoneClusterImpl-a60b818f-4dd1-4965-bff3-fb44efcd9a0b/datanode-3/data/ratis/65502fa4-7def-47e4-8887-fbf4e43b706f has been successfully formatted.
2019-10-02 10:19:00,312 [pool-57-thread-1] INFO  ratis.ContainerStateMachine (ContainerStateMachine.java:loadSnapshot(231)) - group-FBF4E43B706F: The snapshot info is null. Setting the last applied indexto:(t:0, i:~)
2019-10-02 10:19:00,312 [pool-57-thread-1] INFO  server.RaftServerConfigKeys (ConfUtils.java:logGet(43)) - raft.server.notification.no-leader.timeout = 120s (custom)
2019-10-02 10:19:00,312 [pool-57-thread-1] INFO  server.RaftServerConfigKeys (ConfUtils.java:logGet(43)) - raft.server.log.use.memory = false (default)
2019-10-02 10:19:00,312 [pool-57-thread-1] INFO  server.RaftServerConfigKeys (ConfUtils.java:logGet(43)) - raft.server.log.purge.gap = 1000000 (custom)
2019-10-02 10:19:00,312 [pool-57-thread-1] INFO  server.RaftServerConfigKeys (ConfUtils.java:logGet(43)) - raft.server.log.appender.buffer.byte-limit = 33554432 (custom)
2019-10-02 10:19:00,313 [pool-57-thread-1] INFO  server.RaftServerConfigKeys (ConfUtils.java:logGet(43)) - raft.server.log.segment.size.max = 1048576 (custom)
2019-10-02 10:19:00,315 [pool-57-thread-1] INFO  server.RaftServerConfigKeys (ConfUtils.java:logGet(43)) - raft.server.log.segment.cache.num.max = 2 (custom)
2019-10-02 10:19:00,316 [pool-57-thread-1] INFO  segmented.SegmentedRaftLogWorker (SegmentedRaftLogWorker.java:<init>(173)) - new e651fbfb-20c0-4662-a7f7-0a3dd600170c@group-FBF4E43B706F-SegmentedRaftLogWorker for RaftStorage:Storage Directory /workdir/hadoop-ozone/integration-test/target/test-dir/MiniOzoneClusterImpl-a60b818f-4dd1-4965-bff3-fb44efcd9a0b/datanode-3/data/ratis/65502fa4-7def-47e4-8887-fbf4e43b706f
2019-10-02 10:19:00,316 [pool-57-thread-1] INFO  server.RaftServerConfigKeys (ConfUtils.java:logGet(43)) - raft.server.log.queue.byte-limit = 2147483647 (custom)
2019-10-02 10:19:00,316 [pool-57-thread-1] INFO  server.RaftServerConfigKeys (ConfUtils.java:logGet(43)) - raft.server.log.queue.element-limit = 1024 (custom)
2019-10-02 10:19:00,316 [pool-57-thread-1] INFO  server.RaftServerConfigKeys (ConfUtils.java:logGet(43)) - raft.server.log.segment.size.max = 1048576 (custom)
2019-10-02 10:19:00,316 [pool-57-thread-1] INFO  server.RaftServerConfigKeys (ConfUtils.java:logGet(43)) - raft.server.log.preallocated.size = 16384 (custom)
2019-10-02 10:19:00,316 [pool-57-thread-1] INFO  server.RaftServerConfigKeys (ConfUtils.java:logGet(43)) - raft.server.log.write.buffer.size = 33554432 (custom)
2019-10-02 10:19:00,316 [pool-57-thread-1] INFO  server.RaftServerConfigKeys (ConfUtils.java:logGet(43)) - raft.server.log.force.sync.num = 128 (default)
2019-10-02 10:19:00,316 [pool-57-thread-1] INFO  server.RaftServerConfigKeys (ConfUtils.java:logGet(43)) - raft.server.log.statemachine.data.sync = true (default)
2019-10-02 10:19:00,316 [pool-57-thread-1] INFO  server.RaftServerConfigKeys (ConfUtils.java:logGet(43)) - raft.server.log.statemachine.data.sync.timeout = 10s (default)
2019-10-02 10:19:00,317 [pool-57-thread-1] INFO  server.RaftServerConfigKeys (ConfUtils.java:logGet(43)) - raft.server.log.statemachine.data.sync.timeout.retry = -1 (default)
2019-10-02 10:19:00,317 [pool-57-thread-1] INFO  server.RaftServerConfigKeys (ConfUtils.java:logGet(43)) - raft.server.log.statemachine.data.caching.enabled = true (custom)
2019-10-02 10:19:00,317 [pool-57-thread-1] INFO  segmented.SegmentedRaftLogWorker (SegmentedRaftLogWorker.java:lambda$new$0(128)) - e651fbfb-20c0-4662-a7f7-0a3dd600170c@group-FBF4E43B706F-SegmentedRaftLogWorker: flushIndex: setUnconditionally 0 -> -1
2019-10-02 10:19:00,318 [pool-57-thread-1] INFO  server.RaftServerConfigKeys (ConfUtils.java:logGet(43)) - raft.server.snapshot.auto.trigger.enabled = true (custom)
2019-10-02 10:19:00,318 [pool-57-thread-1] INFO  server.RaftServerConfigKeys (ConfUtils.java:logGet(43)) - raft.server.snapshot.auto.trigger.threshold = 10000 (custom)
2019-10-02 10:19:00,318 [pool-57-thread-1] INFO  server.RaftServerConfigKeys (ConfUtils.java:logGet(43)) - raft.server.snapshot.retention.file.num = 5 (custom)
2019-10-02 10:19:00,318 [pool-57-thread-1] INFO  server.RaftServerConfigKeys (ConfUtils.java:logGet(43)) - raft.server.retrycache.expirytime = 600000ms (custom)
2019-10-02 10:19:00,321 [pool-57-thread-1] INFO  impl.RaftServerImpl (RaftServerImpl.java:start(181)) - e651fbfb-20c0-4662-a7f7-0a3dd600170c@group-FBF4E43B706F: start as a follower, conf=-1: [e651fbfb-20c0-4662-a7f7-0a3dd600170c:192.168.151.92:40542], old=null
2019-10-02 10:19:00,321 [pool-57-thread-1] INFO  impl.RaftServerImpl (RaftServerImpl.java:setRole(170)) - e651fbfb-20c0-4662-a7f7-0a3dd600170c@group-FBF4E43B706F: changes role from      null to FOLLOWER at term 0 for startAsFollower
2019-10-02 10:19:00,321 [pool-57-thread-1] INFO  impl.RoleInfo (RoleInfo.java:updateAndGet(143)) - e651fbfb-20c0-4662-a7f7-0a3dd600170c: start FollowerState
2019-10-02 10:19:00,321 [pool-57-thread-1] INFO  util.JmxRegister (JmxRegister.java:tryRegister(44)) - Successfully registered JMX Bean with object name Ratis:service=RaftServer,group=group-FBF4E43B706F,id=e651fbfb-20c0-4662-a7f7-0a3dd600170c
2019-10-02 10:19:00,343 [RatisPipelineUtilsThread] INFO  pipeline.PipelineStateManager (PipelineStateManager.java:addPipeline(56)) - Created pipeline Pipeline[ Id: 65502fa4-7def-47e4-8887-fbf4e43b706f, Nodes: e651fbfb-20c0-4662-a7f7-0a3dd600170c{ip: 192.168.151.92, host: pr-trunk-gg4kw-413187789, networkLocation: /default-rack, certSerialId: null}, Type:RATIS, Factor:ONE, State:OPEN]
2019-10-02 10:19:00,378 [grpc-default-executor-2] INFO  impl.RaftServerProxy (RaftServerProxy.java:addNew(89)) - 663b2fe6-68c2-4e66-9671-0aa57c3653e2: addNew group-47E0ABD6D52E:[663b2fe6-68c2-4e66-9671-0aa57c3653e2:192.168.151.92:41388, 67f1a5fe-c7be-4ecb-b503-d243409340fd:192.168.151.92:36198, 438152b3-e18d-41ab-8849-fe8d3376297f:192.168.151.92:40801] returns group-47E0ABD6D52E:java.util.concurrent.CompletableFuture@44291556[Not completed]
2019-10-02 10:19:00,380 [grpc-default-executor-1] INFO  impl.RaftServerProxy (RaftServerProxy.java:addNew(89)) - 67f1a5fe-c7be-4ecb-b503-d243409340fd: addNew group-47E0ABD6D52E:[663b2fe6-68c2-4e66-9671-0aa57c3653e2:192.168.151.92:41388, 67f1a5fe-c7be-4ecb-b503-d243409340fd:192.168.151.92:36198, 438152b3-e18d-41ab-8849-fe8d3376297f:192.168.151.92:40801] returns group-47E0ABD6D52E:java.util.concurrent.CompletableFuture@e4647e8[Not completed]
2019-10-02 10:19:00,380 [grpc-default-executor-2] INFO  impl.RaftServerProxy (RaftServerProxy.java:addNew(89)) - 438152b3-e18d-41ab-8849-fe8d3376297f: addNew group-47E0ABD6D52E:[663b2fe6-68c2-4e66-9671-0aa57c3653e2:192.168.151.92:41388, 67f1a5fe-c7be-4ecb-b503-d243409340fd:192.168.151.92:36198, 438152b3-e18d-41ab-8849-fe8d3376297f:192.168.151.92:40801] returns group-47E0ABD6D52E:java.util.concurrent.CompletableFuture@12b83b7[Not completed]
2019-10-02 10:19:00,381 [pool-27-thread-1] INFO  impl.RaftServerImpl (RaftServerImpl.java:<init>(95)) - 663b2fe6-68c2-4e66-9671-0aa57c3653e2: new RaftServerImpl for group-47E0ABD6D52E:[663b2fe6-68c2-4e66-9671-0aa57c3653e2:192.168.151.92:41388, 67f1a5fe-c7be-4ecb-b503-d243409340fd:192.168.151.92:36198, 438152b3-e18d-41ab-8849-fe8d3376297f:192.168.151.92:40801] with ContainerStateMachine:uninitialized
2019-10-02 10:19:00,381 [pool-27-thread-1] INFO  server.RaftServerConfigKeys (ConfUtils.java:logGet(43)) - raft.server.rpc.timeout.min = 5s (custom)
2019-10-02 10:19:00,382 [pool-27-thread-1] INFO  server.RaftServerConfigKeys (ConfUtils.java:logGet(43)) - raft.server.rpc.timeout.max = 5200ms (custom)
2019-10-02 10:19:00,382 [pool-37-thread-1] INFO  impl.RaftServerImpl (RaftServerImpl.java:<init>(95)) - 438152b3-e18d-41ab-8849-fe8d3376297f: new RaftServerImpl for group-47E0ABD6D52E:[663b2fe6-68c2-4e66-9671-0aa57c3653e2:192.168.151.92:41388, 67f1a5fe-c7be-4ecb-b503-d243409340fd:192.168.151.92:36198, 438152b3-e18d-41ab-8849-fe8d3376297f:192.168.151.92:40801] with ContainerStateMachine:uninitialized
2019-10-02 10:19:00,382 [pool-27-thread-1] INFO  server.RaftServerConfigKeys (ConfUtils.java:logGet(43)) - raft.server.rpcslowness.timeout = 120s (custom)
2019-10-02 10:19:00,382 [pool-37-thread-1] INFO  server.RaftServerConfigKeys (ConfUtils.java:logGet(43)) - raft.server.rpc.timeout.min = 5s (custom)
2019-10-02 10:19:00,382 [pool-27-thread-1] INFO  server.RaftServerConfigKeys (ConfUtils.java:logGet(43)) - raft.server.sleep.deviation.threshold = 300 (default)
2019-10-02 10:19:00,382 [pool-37-thread-1] INFO  server.RaftServerConfigKeys (ConfUtils.java:logGet(43)) - raft.server.rpc.timeout.max = 5200ms (custom)
2019-10-02 10:19:00,382 [pool-27-thread-1] INFO  server.RaftServerConfigKeys (ConfUtils.java:logGet(43)) - raft.server.log.appender.install.snapshot.enabled = false (custom)
2019-10-02 10:19:00,382 [pool-37-thread-1] INFO  server.RaftServerConfigKeys (ConfUtils.java:logGet(43)) - raft.server.rpcslowness.timeout = 120s (custom)
2019-10-02 10:19:00,382 [pool-27-thread-1] INFO  impl.RaftServerImpl (ServerState.java:<init>(103)) - 663b2fe6-68c2-4e66-9671-0aa57c3653e2@group-47E0ABD6D52E: ConfigurationManager, init=-1: [663b2fe6-68c2-4e66-9671-0aa57c3653e2:192.168.151.92:41388, 67f1a5fe-c7be-4ecb-b503-d243409340fd:192.168.151.92:36198, 438152b3-e18d-41ab-8849-fe8d3376297f:192.168.151.92:40801], old=null, confs=<EMPTY_MAP>
2019-10-02 10:19:00,382 [pool-67-thread-1] INFO  impl.RaftServerImpl (RaftServerImpl.java:<init>(95)) - 67f1a5fe-c7be-4ecb-b503-d243409340fd: new RaftServerImpl for group-47E0ABD6D52E:[663b2fe6-68c2-4e66-9671-0aa57c3653e2:192.168.151.92:41388, 67f1a5fe-c7be-4ecb-b503-d243409340fd:192.168.151.92:36198, 438152b3-e18d-41ab-8849-fe8d3376297f:192.168.151.92:40801] with ContainerStateMachine:uninitialized
2019-10-02 10:19:00,382 [pool-37-thread-1] INFO  server.RaftServerConfigKeys (ConfUtils.java:logGet(43)) - raft.server.sleep.deviation.threshold = 300 (default)
2019-10-02 10:19:00,382 [pool-27-thread-1] INFO  server.RaftServerConfigKeys (ConfUtils.java:logGet(43)) - raft.server.storage.dir = [/workdir/hadoop-ozone/integration-test/target/test-dir/MiniOzoneClusterImpl-a60b818f-4dd1-4965-bff3-fb44efcd9a0b/datanode-0/data/ratis] (custom)
2019-10-02 10:19:00,382 [pool-67-thread-1] INFO  server.RaftServerConfigKeys (ConfUtils.java:logGet(43)) - raft.server.rpc.timeout.min = 5s (custom)
2019-10-02 10:19:00,383 [pool-37-thread-1] INFO  server.RaftServerConfigKeys (ConfUtils.java:logGet(43)) - raft.server.log.appender.install.snapshot.enabled = false (custom)
2019-10-02 10:19:00,383 [pool-67-thread-1] INFO  server.RaftServerConfigKeys (ConfUtils.java:logGet(43)) - raft.server.rpc.timeout.max = 5200ms (custom)
2019-10-02 10:19:00,383 [pool-27-thread-1] INFO  server.RaftServerConfigKeys (ConfUtils.java:logGet(43)) - raft.server.log.corruption.policy = EXCEPTION (default)
2019-10-02 10:19:00,383 [pool-37-thread-1] INFO  impl.RaftServerImpl (ServerState.java:<init>(103)) - 438152b3-e18d-41ab-8849-fe8d3376297f@group-47E0ABD6D52E: ConfigurationManager, init=-1: [663b2fe6-68c2-4e66-9671-0aa57c3653e2:192.168.151.92:41388, 67f1a5fe-c7be-4ecb-b503-d243409340fd:192.168.151.92:36198, 438152b3-e18d-41ab-8849-fe8d3376297f:192.168.151.92:40801], old=null, confs=<EMPTY_MAP>
2019-10-02 10:19:00,383 [pool-67-thread-1] INFO  server.RaftServerConfigKeys (ConfUtils.java:logGet(43)) - raft.server.rpcslowness.timeout = 120s (custom)
2019-10-02 10:19:00,383 [pool-37-thread-1] INFO  server.RaftServerConfigKeys (ConfUtils.java:logGet(43)) - raft.server.storage.dir = [/workdir/hadoop-ozone/integration-test/target/test-dir/MiniOzoneClusterImpl-a60b818f-4dd1-4965-bff3-fb44efcd9a0b/datanode-1/data/ratis] (custom)
2019-10-02 10:19:00,383 [pool-27-thread-1] INFO  storage.RaftStorageDirectory (RaftStorageDirectory.java:analyzeStorage(246)) - The storage directory /workdir/hadoop-ozone/integration-test/target/test-dir/MiniOzoneClusterImpl-a60b818f-4dd1-4965-bff3-fb44efcd9a0b/datanode-0/data/ratis/03f117a7-0f72-406d-a36b-47e0abd6d52e does not exist. Creating ...
2019-10-02 10:19:00,383 [pool-67-thread-1] INFO  server.RaftServerConfigKeys (ConfUtils.java:logGet(43)) - raft.server.sleep.deviation.threshold = 300 (default)
2019-10-02 10:19:00,383 [pool-37-thread-1] INFO  server.RaftServerConfigKeys (ConfUtils.java:logGet(43)) - raft.server.log.corruption.policy = EXCEPTION (default)
2019-10-02 10:19:00,383 [pool-67-thread-1] INFO  server.RaftServerConfigKeys (ConfUtils.java:logGet(43)) - raft.server.log.appender.install.snapshot.enabled = false (custom)
2019-10-02 10:19:00,383 [pool-37-thread-1] INFO  storage.RaftStorageDirectory (RaftStorageDirectory.java:analyzeStorage(246)) - The storage directory /workdir/hadoop-ozone/integration-test/target/test-dir/MiniOzoneClusterImpl-a60b818f-4dd1-4965-bff3-fb44efcd9a0b/datanode-1/data/ratis/03f117a7-0f72-406d-a36b-47e0abd6d52e does not exist. Creating ...
2019-10-02 10:19:00,384 [pool-67-thread-1] INFO  impl.RaftServerImpl (ServerState.java:<init>(103)) - 67f1a5fe-c7be-4ecb-b503-d243409340fd@group-47E0ABD6D52E: ConfigurationManager, init=-1: [663b2fe6-68c2-4e66-9671-0aa57c3653e2:192.168.151.92:41388, 67f1a5fe-c7be-4ecb-b503-d243409340fd:192.168.151.92:36198, 438152b3-e18d-41ab-8849-fe8d3376297f:192.168.151.92:40801], old=null, confs=<EMPTY_MAP>
2019-10-02 10:19:00,384 [pool-67-thread-1] INFO  server.RaftServerConfigKeys (ConfUtils.java:logGet(43)) - raft.server.storage.dir = [/workdir/hadoop-ozone/integration-test/target/test-dir/MiniOzoneClusterImpl-a60b818f-4dd1-4965-bff3-fb44efcd9a0b/datanode-4/data/ratis] (custom)
2019-10-02 10:19:00,384 [pool-67-thread-1] INFO  server.RaftServerConfigKeys (ConfUtils.java:logGet(43)) - raft.server.log.corruption.policy = EXCEPTION (default)
2019-10-02 10:19:00,384 [pool-67-thread-1] INFO  storage.RaftStorageDirectory (RaftStorageDirectory.java:analyzeStorage(246)) - The storage directory /workdir/hadoop-ozone/integration-test/target/test-dir/MiniOzoneClusterImpl-a60b818f-4dd1-4965-bff3-fb44efcd9a0b/datanode-4/data/ratis/03f117a7-0f72-406d-a36b-47e0abd6d52e does not exist. Creating ...
2019-10-02 10:19:01,606 [Thread-240] INFO  impl.FollowerState (FollowerState.java:run(108)) - 663b2fe6-68c2-4e66-9671-0aa57c3653e2@group-1E4A25AF1704-FollowerState: change to CANDIDATE, lastRpcTime:5039ms, electionTimeout:5038ms
2019-10-02 10:19:01,612 [Thread-240] INFO  impl.RoleInfo (RoleInfo.java:shutdownFollowerState(121)) - 663b2fe6-68c2-4e66-9671-0aa57c3653e2: shutdown FollowerState
2019-10-02 10:19:01,612 [Thread-240] INFO  impl.RaftServerImpl (RaftServerImpl.java:setRole(170)) - 663b2fe6-68c2-4e66-9671-0aa57c3653e2@group-1E4A25AF1704: changes role from  FOLLOWER to CANDIDATE at term 0 for changeToCandidate
2019-10-02 10:19:01,622 [Thread-240] INFO  impl.RoleInfo (RoleInfo.java:updateAndGet(143)) - 663b2fe6-68c2-4e66-9671-0aa57c3653e2: start LeaderElection
2019-10-02 10:19:02,048 [Thread-243] INFO  impl.FollowerState (FollowerState.java:run(108)) - 67f1a5fe-c7be-4ecb-b503-d243409340fd@group-6AD9B38DCBEF-FollowerState: change to CANDIDATE, lastRpcTime:5186ms, electionTimeout:5181ms
2019-10-02 10:19:02,050 [Thread-243] INFO  impl.RoleInfo (RoleInfo.java:shutdownFollowerState(121)) - 67f1a5fe-c7be-4ecb-b503-d243409340fd: shutdown FollowerState
2019-10-02 10:19:02,050 [Thread-243] INFO  impl.RaftServerImpl (RaftServerImpl.java:setRole(170)) - 67f1a5fe-c7be-4ecb-b503-d243409340fd@group-6AD9B38DCBEF: changes role from  FOLLOWER to CANDIDATE at term 0 for changeToCandidate
2019-10-02 10:19:02,051 [Thread-243] INFO  impl.RoleInfo (RoleInfo.java:updateAndGet(143)) - 67f1a5fe-c7be-4ecb-b503-d243409340fd: start LeaderElection
2019-10-02 10:19:02,101 [Thread-246] INFO  impl.FollowerState (FollowerState.java:run(108)) - 438152b3-e18d-41ab-8849-fe8d3376297f@group-F2905BFF232E-FollowerState: change to CANDIDATE, lastRpcTime:5104ms, electionTimeout:5102ms
2019-10-02 10:19:02,101 [Thread-246] INFO  impl.RoleInfo (RoleInfo.java:shutdownFollowerState(121)) - 438152b3-e18d-41ab-8849-fe8d3376297f: shutdown FollowerState
2019-10-02 10:19:02,101 [Thread-246] INFO  impl.RaftServerImpl (RaftServerImpl.java:setRole(170)) - 438152b3-e18d-41ab-8849-fe8d3376297f@group-F2905BFF232E: changes role from  FOLLOWER to CANDIDATE at term 0 for changeToCandidate
2019-10-02 10:19:02,101 [Thread-246] INFO  impl.RoleInfo (RoleInfo.java:updateAndGet(143)) - 438152b3-e18d-41ab-8849-fe8d3376297f: start LeaderElection
2019-10-02 10:19:02,108 [Thread-249] INFO  impl.FollowerState (FollowerState.java:run(108)) - 298c2419-298a-4ac1-a348-589b955770c1@group-0947DBB6EE86-FollowerState: change to CANDIDATE, lastRpcTime:5011ms, electionTimeout:5011ms
2019-10-02 10:19:02,108 [Thread-249] INFO  impl.RoleInfo (RoleInfo.java:shutdownFollowerState(121)) - 298c2419-298a-4ac1-a348-589b955770c1: shutdown FollowerState
2019-10-02 10:19:02,108 [Thread-249] INFO  impl.RaftServerImpl (RaftServerImpl.java:setRole(170)) - 298c2419-298a-4ac1-a348-589b955770c1@group-0947DBB6EE86: changes role from  FOLLOWER to CANDIDATE at term 0 for changeToCandidate
2019-10-02 10:19:02,109 [Thread-249] INFO  impl.RoleInfo (RoleInfo.java:updateAndGet(143)) - 298c2419-298a-4ac1-a348-589b955770c1: start LeaderElection
2019-10-02 10:19:02,116 [pool-67-thread-1] INFO  storage.RaftStorageDirectory (RaftStorageDirectory.java:tryLock(328)) - Lock on /workdir/hadoop-ozone/integration-test/target/test-dir/MiniOzoneClusterImpl-a60b818f-4dd1-4965-bff3-fb44efcd9a0b/datanode-4/data/ratis/03f117a7-0f72-406d-a36b-47e0abd6d52e/in_use.lock acquired by nodename 31904@pr-trunk-gg4kw-413187789
2019-10-02 10:19:02,116 [pool-27-thread-1] INFO  storage.RaftStorageDirectory (RaftStorageDirectory.java:tryLock(328)) - Lock on /workdir/hadoop-ozone/integration-test/target/test-dir/MiniOzoneClusterImpl-a60b818f-4dd1-4965-bff3-fb44efcd9a0b/datanode-0/data/ratis/03f117a7-0f72-406d-a36b-47e0abd6d52e/in_use.lock acquired by nodename 31904@pr-trunk-gg4kw-413187789
2019-10-02 10:19:02,116 [pool-37-thread-1] INFO  storage.RaftStorageDirectory (RaftStorageDirectory.java:tryLock(328)) - Lock on /workdir/hadoop-ozone/integration-test/target/test-dir/MiniOzoneClusterImpl-a60b818f-4dd1-4965-bff3-fb44efcd9a0b/datanode-1/data/ratis/03f117a7-0f72-406d-a36b-47e0abd6d52e/in_use.lock acquired by nodename 31904@pr-trunk-gg4kw-413187789
2019-10-02 10:19:02,146 [438152b3-e18d-41ab-8849-fe8d3376297f@group-F2905BFF232E-LeaderElection3] INFO  impl.LeaderElection (LeaderElection.java:askForVotes(178)) - 438152b3-e18d-41ab-8849-fe8d3376297f@group-F2905BFF232E-LeaderElection3: begin an election at term 1 for -1: [438152b3-e18d-41ab-8849-fe8d3376297f:192.168.151.92:40801], old=null
2019-10-02 10:19:02,146 [67f1a5fe-c7be-4ecb-b503-d243409340fd@group-6AD9B38DCBEF-LeaderElection2] INFO  impl.LeaderElection (LeaderElection.java:askForVotes(178)) - 67f1a5fe-c7be-4ecb-b503-d243409340fd@group-6AD9B38DCBEF-LeaderElection2: begin an election at term 1 for -1: [67f1a5fe-c7be-4ecb-b503-d243409340fd:192.168.151.92:36198], old=null
2019-10-02 10:19:02,146 [663b2fe6-68c2-4e66-9671-0aa57c3653e2@group-1E4A25AF1704-LeaderElection1] INFO  impl.LeaderElection (LeaderElection.java:askForVotes(178)) - 663b2fe6-68c2-4e66-9671-0aa57c3653e2@group-1E4A25AF1704-LeaderElection1: begin an election at term 1 for -1: [663b2fe6-68c2-4e66-9671-0aa57c3653e2:192.168.151.92:41388], old=null
2019-10-02 10:19:02,146 [298c2419-298a-4ac1-a348-589b955770c1@group-0947DBB6EE86-LeaderElection4] INFO  impl.LeaderElection (LeaderElection.java:askForVotes(178)) - 298c2419-298a-4ac1-a348-589b955770c1@group-0947DBB6EE86-LeaderElection4: begin an election at term 1 for -1: [298c2419-298a-4ac1-a348-589b955770c1:192.168.151.92:40159], old=null
2019-10-02 10:19:02,149 [pool-27-thread-1] INFO  storage.RaftStorage (RaftStorage.java:format(84)) - Storage directory /workdir/hadoop-ozone/integration-test/target/test-dir/MiniOzoneClusterImpl-a60b818f-4dd1-4965-bff3-fb44efcd9a0b/datanode-0/data/ratis/03f117a7-0f72-406d-a36b-47e0abd6d52e has been successfully formatted.
2019-10-02 10:19:02,148 [pool-37-thread-1] INFO  storage.RaftStorage (RaftStorage.java:format(84)) - Storage directory /workdir/hadoop-ozone/integration-test/target/test-dir/MiniOzoneClusterImpl-a60b818f-4dd1-4965-bff3-fb44efcd9a0b/datanode-1/data/ratis/03f117a7-0f72-406d-a36b-47e0abd6d52e has been successfully formatted.
2019-10-02 10:19:02,148 [pool-67-thread-1] INFO  storage.RaftStorage (RaftStorage.java:format(84)) - Storage directory /workdir/hadoop-ozone/integration-test/target/test-dir/MiniOzoneClusterImpl-a60b818f-4dd1-4965-bff3-fb44efcd9a0b/datanode-4/data/ratis/03f117a7-0f72-406d-a36b-47e0abd6d52e has been successfully formatted.
2019-10-02 10:19:02,149 [pool-37-thread-1] INFO  ratis.ContainerStateMachine (ContainerStateMachine.java:loadSnapshot(231)) - group-47E0ABD6D52E: The snapshot info is null. Setting the last applied indexto:(t:0, i:~)
2019-10-02 10:19:02,149 [pool-27-thread-1] INFO  ratis.ContainerStateMachine (ContainerStateMachine.java:loadSnapshot(231)) - group-47E0ABD6D52E: The snapshot info is null. Setting the last applied indexto:(t:0, i:~)
2019-10-02 10:19:02,150 [pool-37-thread-1] INFO  server.RaftServerConfigKeys (ConfUtils.java:logGet(43)) - raft.server.notification.no-leader.timeout = 120s (custom)
2019-10-02 10:19:02,149 [pool-67-thread-1] INFO  ratis.ContainerStateMachine (ContainerStateMachine.java:loadSnapshot(231)) - group-47E0ABD6D52E: The snapshot info is null. Setting the last applied indexto:(t:0, i:~)
2019-10-02 10:19:02,150 [pool-37-thread-1] INFO  server.RaftServerConfigKeys (ConfUtils.java:logGet(43)) - raft.server.log.use.memory = false (default)
2019-10-02 10:19:02,150 [pool-27-thread-1] INFO  server.RaftServerConfigKeys (ConfUtils.java:logGet(43)) - raft.server.notification.no-leader.timeout = 120s (custom)
2019-10-02 10:19:02,150 [pool-37-thread-1] INFO  server.RaftServerConfigKeys (ConfUtils.java:logGet(43)) - raft.server.log.purge.gap = 1000000 (custom)
2019-10-02 10:19:02,150 [67f1a5fe-c7be-4ecb-b503-d243409340fd@group-6AD9B38DCBEF-LeaderElection2] INFO  impl.RoleInfo (RoleInfo.java:shutdownLeaderElection(134)) - 67f1a5fe-c7be-4ecb-b503-d243409340fd: shutdown LeaderElection
2019-10-02 10:19:02,150 [663b2fe6-68c2-4e66-9671-0aa57c3653e2@group-1E4A25AF1704-LeaderElection1] INFO  impl.RoleInfo (RoleInfo.java:shutdownLeaderElection(134)) - 663b2fe6-68c2-4e66-9671-0aa57c3653e2: shutdown LeaderElection
2019-10-02 10:19:02,150 [pool-67-thread-1] INFO  server.RaftServerConfigKeys (ConfUtils.java:logGet(43)) - raft.server.notification.no-leader.timeout = 120s (custom)
2019-10-02 10:19:02,150 [298c2419-298a-4ac1-a348-589b955770c1@group-0947DBB6EE86-LeaderElection4] INFO  impl.RoleInfo (RoleInfo.java:shutdownLeaderElection(134)) - 298c2419-298a-4ac1-a348-589b955770c1: shutdown LeaderElection
2019-10-02 10:19:02,150 [438152b3-e18d-41ab-8849-fe8d3376297f@group-F2905BFF232E-LeaderElection3] INFO  impl.RoleInfo (RoleInfo.java:shutdownLeaderElection(134)) - 438152b3-e18d-41ab-8849-fe8d3376297f: shutdown LeaderElection
2019-10-02 10:19:02,151 [pool-67-thread-1] INFO  server.RaftServerConfigKeys (ConfUtils.java:logGet(43)) - raft.server.log.use.memory = false (default)
2019-10-02 10:19:02,150 [pool-37-thread-1] INFO  server.RaftServerConfigKeys (ConfUtils.java:logGet(43)) - raft.server.log.appender.buffer.byte-limit = 33554432 (custom)
2019-10-02 10:19:02,150 [pool-27-thread-1] INFO  server.RaftServerConfigKeys (ConfUtils.java:logGet(43)) - raft.server.log.use.memory = false (default)
2019-10-02 10:19:02,151 [pool-37-thread-1] INFO  server.RaftServerConfigKeys (ConfUtils.java:logGet(43)) - raft.server.log.segment.size.max = 1048576 (custom)
2019-10-02 10:19:02,151 [pool-67-thread-1] INFO  server.RaftServerConfigKeys (ConfUtils.java:logGet(43)) - raft.server.log.purge.gap = 1000000 (custom)
2019-10-02 10:19:02,151 [298c2419-298a-4ac1-a348-589b955770c1@group-0947DBB6EE86-LeaderElection4] INFO  impl.RaftServerImpl (RaftServerImpl.java:setRole(170)) - 298c2419-298a-4ac1-a348-589b955770c1@group-0947DBB6EE86: changes role from CANDIDATE to LEADER at term 1 for changeToLeader
2019-10-02 10:19:02,151 [438152b3-e18d-41ab-8849-fe8d3376297f@group-F2905BFF232E-LeaderElection3] INFO  impl.RaftServerImpl (RaftServerImpl.java:setRole(170)) - 438152b3-e18d-41ab-8849-fe8d3376297f@group-F2905BFF232E: changes role from CANDIDATE to LEADER at term 1 for changeToLeader
2019-10-02 10:19:02,152 [298c2419-298a-4ac1-a348-589b955770c1@group-0947DBB6EE86-LeaderElection4] INFO  impl.RaftServerImpl (ServerState.java:setLeader(255)) - 298c2419-298a-4ac1-a348-589b955770c1@group-0947DBB6EE86: change Leader from null to 298c2419-298a-4ac1-a348-589b955770c1 at term 1 for becomeLeader, leader elected after 5069ms
2019-10-02 10:19:02,151 [67f1a5fe-c7be-4ecb-b503-d243409340fd@group-6AD9B38DCBEF-LeaderElection2] INFO  impl.RaftServerImpl (RaftServerImpl.java:setRole(170)) - 67f1a5fe-c7be-4ecb-b503-d243409340fd@group-6AD9B38DCBEF: changes role from CANDIDATE to LEADER at term 1 for changeToLeader
2019-10-02 10:19:02,151 [663b2fe6-68c2-4e66-9671-0aa57c3653e2@group-1E4A25AF1704-LeaderElection1] INFO  impl.RaftServerImpl (RaftServerImpl.java:setRole(170)) - 663b2fe6-68c2-4e66-9671-0aa57c3653e2@group-1E4A25AF1704: changes role from CANDIDATE to LEADER at term 1 for changeToLeader
2019-10-02 10:19:02,152 [67f1a5fe-c7be-4ecb-b503-d243409340fd@group-6AD9B38DCBEF-LeaderElection2] INFO  impl.RaftServerImpl (ServerState.java:setLeader(255)) - 67f1a5fe-c7be-4ecb-b503-d243409340fd@group-6AD9B38DCBEF: change Leader from null to 67f1a5fe-c7be-4ecb-b503-d243409340fd at term 1 for becomeLeader, leader elected after 5304ms
2019-10-02 10:19:02,152 [438152b3-e18d-41ab-8849-fe8d3376297f@group-F2905BFF232E-LeaderElection3] INFO  impl.RaftServerImpl (ServerState.java:setLeader(255)) - 438152b3-e18d-41ab-8849-fe8d3376297f@group-F2905BFF232E: change Leader from null to 438152b3-e18d-41ab-8849-fe8d3376297f at term 1 for becomeLeader, leader elected after 5190ms
2019-10-02 10:19:02,152 [pool-67-thread-1] INFO  server.RaftServerConfigKeys (ConfUtils.java:logGet(43)) - raft.server.log.appender.buffer.byte-limit = 33554432 (custom)
2019-10-02 10:19:02,152 [pool-37-thread-1] INFO  server.RaftServerConfigKeys (ConfUtils.java:logGet(43)) - raft.server.log.segment.cache.num.max = 2 (custom)
2019-10-02 10:19:02,152 [pool-27-thread-1] INFO  server.RaftServerConfigKeys (ConfUtils.java:logGet(43)) - raft.server.log.purge.gap = 1000000 (custom)
2019-10-02 10:19:02,153 [pool-37-thread-1] INFO  segmented.SegmentedRaftLogWorker (SegmentedRaftLogWorker.java:<init>(173)) - new 438152b3-e18d-41ab-8849-fe8d3376297f@group-47E0ABD6D52E-SegmentedRaftLogWorker for RaftStorage:Storage Directory /workdir/hadoop-ozone/integration-test/target/test-dir/MiniOzoneClusterImpl-a60b818f-4dd1-4965-bff3-fb44efcd9a0b/datanode-1/data/ratis/03f117a7-0f72-406d-a36b-47e0abd6d52e
2019-10-02 10:19:02,153 [pool-67-thread-1] INFO  server.RaftServerConfigKeys (ConfUtils.java:logGet(43)) - raft.server.log.segment.size.max = 1048576 (custom)
2019-10-02 10:19:02,152 [663b2fe6-68c2-4e66-9671-0aa57c3653e2@group-1E4A25AF1704-LeaderElection1] INFO  impl.RaftServerImpl (ServerState.java:setLeader(255)) - 663b2fe6-68c2-4e66-9671-0aa57c3653e2@group-1E4A25AF1704: change Leader from null to 663b2fe6-68c2-4e66-9671-0aa57c3653e2 at term 1 for becomeLeader, leader elected after 5714ms
2019-10-02 10:19:02,153 [pool-67-thread-1] INFO  server.RaftServerConfigKeys (ConfUtils.java:logGet(43)) - raft.server.log.segment.cache.num.max = 2 (custom)
2019-10-02 10:19:02,153 [pool-37-thread-1] INFO  server.RaftServerConfigKeys (ConfUtils.java:logGet(43)) - raft.server.log.queue.byte-limit = 2147483647 (custom)
2019-10-02 10:19:02,153 [pool-27-thread-1] INFO  server.RaftServerConfigKeys (ConfUtils.java:logGet(43)) - raft.server.log.appender.buffer.byte-limit = 33554432 (custom)
2019-10-02 10:19:02,154 [pool-37-thread-1] INFO  server.RaftServerConfigKeys (ConfUtils.java:logGet(43)) - raft.server.log.queue.element-limit = 1024 (custom)
2019-10-02 10:19:02,154 [pool-67-thread-1] INFO  segmented.SegmentedRaftLogWorker (SegmentedRaftLogWorker.java:<init>(173)) - new 67f1a5fe-c7be-4ecb-b503-d243409340fd@group-47E0ABD6D52E-SegmentedRaftLogWorker for RaftStorage:Storage Directory /workdir/hadoop-ozone/integration-test/target/test-dir/MiniOzoneClusterImpl-a60b818f-4dd1-4965-bff3-fb44efcd9a0b/datanode-4/data/ratis/03f117a7-0f72-406d-a36b-47e0abd6d52e
2019-10-02 10:19:02,154 [pool-37-thread-1] INFO  server.RaftServerConfigKeys (ConfUtils.java:logGet(43)) - raft.server.log.segment.size.max = 1048576 (custom)
2019-10-02 10:19:02,154 [pool-27-thread-1] INFO  server.RaftServerConfigKeys (ConfUtils.java:logGet(43)) - raft.server.log.segment.size.max = 1048576 (custom)
2019-10-02 10:19:02,154 [pool-37-thread-1] INFO  server.RaftServerConfigKeys (ConfUtils.java:logGet(43)) - raft.server.log.preallocated.size = 16384 (custom)
2019-10-02 10:19:02,154 [pool-67-thread-1] INFO  server.RaftServerConfigKeys (ConfUtils.java:logGet(43)) - raft.server.log.queue.byte-limit = 2147483647 (custom)
2019-10-02 10:19:02,155 [pool-37-thread-1] INFO  server.RaftServerConfigKeys (ConfUtils.java:logGet(43)) - raft.server.log.write.buffer.size = 33554432 (custom)
2019-10-02 10:19:02,155 [pool-27-thread-1] INFO  server.RaftServerConfigKeys (ConfUtils.java:logGet(43)) - raft.server.log.segment.cache.num.max = 2 (custom)
2019-10-02 10:19:02,155 [pool-37-thread-1] INFO  server.RaftServerConfigKeys (ConfUtils.java:logGet(43)) - raft.server.log.force.sync.num = 128 (default)
2019-10-02 10:19:02,155 [pool-67-thread-1] INFO  server.RaftServerConfigKeys (ConfUtils.java:logGet(43)) - raft.server.log.queue.element-limit = 1024 (custom)
2019-10-02 10:19:02,155 [pool-37-thread-1] INFO  server.RaftServerConfigKeys (ConfUtils.java:logGet(43)) - raft.server.log.statemachine.data.sync = true (default)
2019-10-02 10:19:02,155 [pool-27-thread-1] INFO  segmented.SegmentedRaftLogWorker (SegmentedRaftLogWorker.java:<init>(173)) - new 663b2fe6-68c2-4e66-9671-0aa57c3653e2@group-47E0ABD6D52E-SegmentedRaftLogWorker for RaftStorage:Storage Directory /workdir/hadoop-ozone/integration-test/target/test-dir/MiniOzoneClusterImpl-a60b818f-4dd1-4965-bff3-fb44efcd9a0b/datanode-0/data/ratis/03f117a7-0f72-406d-a36b-47e0abd6d52e
2019-10-02 10:19:02,156 [pool-37-thread-1] INFO  server.RaftServerConfigKeys (ConfUtils.java:logGet(43)) - raft.server.log.statemachine.data.sync.timeout = 10s (default)
2019-10-02 10:19:02,156 [pool-67-thread-1] INFO  server.RaftServerConfigKeys (ConfUtils.java:logGet(43)) - raft.server.log.segment.size.max = 1048576 (custom)
2019-10-02 10:19:02,156 [pool-37-thread-1] INFO  server.RaftServerConfigKeys (ConfUtils.java:logGet(43)) - raft.server.log.statemachine.data.sync.timeout.retry = -1 (default)
2019-10-02 10:19:02,156 [pool-27-thread-1] INFO  server.RaftServerConfigKeys (ConfUtils.java:logGet(43)) - raft.server.log.queue.byte-limit = 2147483647 (custom)
2019-10-02 10:19:02,156 [pool-37-thread-1] INFO  server.RaftServerConfigKeys (ConfUtils.java:logGet(43)) - raft.server.log.statemachine.data.caching.enabled = true (custom)
2019-10-02 10:19:02,156 [pool-67-thread-1] INFO  server.RaftServerConfigKeys (ConfUtils.java:logGet(43)) - raft.server.log.preallocated.size = 16384 (custom)
2019-10-02 10:19:02,157 [pool-27-thread-1] INFO  server.RaftServerConfigKeys (ConfUtils.java:logGet(43)) - raft.server.log.queue.element-limit = 1024 (custom)
2019-10-02 10:19:02,157 [pool-67-thread-1] INFO  server.RaftServerConfigKeys (ConfUtils.java:logGet(43)) - raft.server.log.write.buffer.size = 33554432 (custom)
2019-10-02 10:19:02,157 [pool-37-thread-1] INFO  segmented.SegmentedRaftLogWorker (SegmentedRaftLogWorker.java:lambda$new$0(128)) - 438152b3-e18d-41ab-8849-fe8d3376297f@group-47E0ABD6D52E-SegmentedRaftLogWorker: flushIndex: setUnconditionally 0 -> -1
2019-10-02 10:19:02,159 [pool-67-thread-1] INFO  server.RaftServerConfigKeys (ConfUtils.java:logGet(43)) - raft.server.log.force.sync.num = 128 (default)
2019-10-02 10:19:02,159 [pool-27-thread-1] INFO  server.RaftServerConfigKeys (ConfUtils.java:logGet(43)) - raft.server.log.segment.size.max = 1048576 (custom)
2019-10-02 10:19:02,159 [663b2fe6-68c2-4e66-9671-0aa57c3653e2@group-1E4A25AF1704-LeaderElection1] INFO  server.RaftServerConfigKeys (ConfUtils.java:logGet(43)) - raft.server.staging.catchup.gap = 1000 (default)
2019-10-02 10:19:02,159 [438152b3-e18d-41ab-8849-fe8d3376297f@group-F2905BFF232E-LeaderElection3] INFO  server.RaftServerConfigKeys (ConfUtils.java:logGet(43)) - raft.server.staging.catchup.gap = 1000 (default)
2019-10-02 10:19:02,159 [67f1a5fe-c7be-4ecb-b503-d243409340fd@group-6AD9B38DCBEF-LeaderElection2] INFO  server.RaftServerConfigKeys (ConfUtils.java:logGet(43)) - raft.server.staging.catchup.gap = 1000 (default)
2019-10-02 10:19:02,159 [298c2419-298a-4ac1-a348-589b955770c1@group-0947DBB6EE86-LeaderElection4] INFO  server.RaftServerConfigKeys (ConfUtils.java:logGet(43)) - raft.server.staging.catchup.gap = 1000 (default)
2019-10-02 10:19:02,160 [67f1a5fe-c7be-4ecb-b503-d243409340fd@group-6AD9B38DCBEF-LeaderElection2] INFO  server.RaftServerConfigKeys (ConfUtils.java:logGet(43)) - raft.server.rpc.sleep.time = 25ms (default)
2019-10-02 10:19:02,160 [438152b3-e18d-41ab-8849-fe8d3376297f@group-F2905BFF232E-LeaderElection3] INFO  server.RaftServerConfigKeys (ConfUtils.java:logGet(43)) - raft.server.rpc.sleep.time = 25ms (default)
2019-10-02 10:19:02,160 [663b2fe6-68c2-4e66-9671-0aa57c3653e2@group-1E4A25AF1704-LeaderElection1] INFO  server.RaftServerConfigKeys (ConfUtils.java:logGet(43)) - raft.server.rpc.sleep.time = 25ms (default)
2019-10-02 10:19:02,160 [pool-27-thread-1] INFO  server.RaftServerConfigKeys (ConfUtils.java:logGet(43)) - raft.server.log.preallocated.size = 16384 (custom)
2019-10-02 10:19:02,159 [pool-67-thread-1] INFO  server.RaftServerConfigKeys (ConfUtils.java:logGet(43)) - raft.server.log.statemachine.data.sync = true (default)
2019-10-02 10:19:02,159 [pool-37-thread-1] INFO  server.RaftServerConfigKeys (ConfUtils.java:logGet(43)) - raft.server.snapshot.auto.trigger.enabled = true (custom)
2019-10-02 10:19:02,161 [pool-67-thread-1] INFO  server.RaftServerConfigKeys (ConfUtils.java:logGet(43)) - raft.server.log.statemachine.data.sync.timeout = 10s (default)
2019-10-02 10:19:02,161 [pool-27-thread-1] INFO  server.RaftServerConfigKeys (ConfUtils.java:logGet(43)) - raft.server.log.write.buffer.size = 33554432 (custom)
2019-10-02 10:19:02,160 [298c2419-298a-4ac1-a348-589b955770c1@group-0947DBB6EE86-LeaderElection4] INFO  server.RaftServerConfigKeys (ConfUtils.java:logGet(43)) - raft.server.rpc.sleep.time = 25ms (default)
2019-10-02 10:19:02,161 [pool-27-thread-1] INFO  server.RaftServerConfigKeys (ConfUtils.java:logGet(43)) - raft.server.log.force.sync.num = 128 (default)
2019-10-02 10:19:02,161 [pool-67-thread-1] INFO  server.RaftServerConfigKeys (ConfUtils.java:logGet(43)) - raft.server.log.statemachine.data.sync.timeout.retry = -1 (default)
2019-10-02 10:19:02,161 [pool-37-thread-1] INFO  server.RaftServerConfigKeys (ConfUtils.java:logGet(43)) - raft.server.snapshot.auto.trigger.threshold = 10000 (custom)
2019-10-02 10:19:02,161 [pool-27-thread-1] INFO  server.RaftServerConfigKeys (ConfUtils.java:logGet(43)) - raft.server.log.statemachine.data.sync = true (default)
2019-10-02 10:19:02,162 [pool-67-thread-1] INFO  server.RaftServerConfigKeys (ConfUtils.java:logGet(43)) - raft.server.log.statemachine.data.caching.enabled = true (custom)
2019-10-02 10:19:02,162 [pool-37-thread-1] INFO  server.RaftServerConfigKeys (ConfUtils.java:logGet(43)) - raft.server.snapshot.retention.file.num = 5 (custom)
2019-10-02 10:19:02,162 [pool-27-thread-1] INFO  server.RaftServerConfigKeys (ConfUtils.java:logGet(43)) - raft.server.log.statemachine.data.sync.timeout = 10s (default)
2019-10-02 10:19:02,162 [pool-67-thread-1] INFO  segmented.SegmentedRaftLogWorker (SegmentedRaftLogWorker.java:lambda$new$0(128)) - 67f1a5fe-c7be-4ecb-b503-d243409340fd@group-47E0ABD6D52E-SegmentedRaftLogWorker: flushIndex: setUnconditionally 0 -> -1
2019-10-02 10:19:02,162 [pool-37-thread-1] INFO  server.RaftServerConfigKeys (ConfUtils.java:logGet(43)) - raft.server.retrycache.expirytime = 600000ms (custom)
2019-10-02 10:19:02,162 [pool-27-thread-1] INFO  server.RaftServerConfigKeys (ConfUtils.java:logGet(43)) - raft.server.log.statemachine.data.sync.timeout.retry = -1 (default)
2019-10-02 10:19:02,163 [pool-67-thread-1] INFO  server.RaftServerConfigKeys (ConfUtils.java:logGet(43)) - raft.server.snapshot.auto.trigger.enabled = true (custom)
2019-10-02 10:19:02,163 [pool-27-thread-1] INFO  server.RaftServerConfigKeys (ConfUtils.java:logGet(43)) - raft.server.log.statemachine.data.caching.enabled = true (custom)
2019-10-02 10:19:02,163 [pool-67-thread-1] INFO  server.RaftServerConfigKeys (ConfUtils.java:logGet(43)) - raft.server.snapshot.auto.trigger.threshold = 10000 (custom)
2019-10-02 10:19:02,163 [pool-67-thread-1] INFO  server.RaftServerConfigKeys (ConfUtils.java:logGet(43)) - raft.server.snapshot.retention.file.num = 5 (custom)
2019-10-02 10:19:02,163 [pool-27-thread-1] INFO  segmented.SegmentedRaftLogWorker (SegmentedRaftLogWorker.java:lambda$new$0(128)) - 663b2fe6-68c2-4e66-9671-0aa57c3653e2@group-47E0ABD6D52E-SegmentedRaftLogWorker: flushIndex: setUnconditionally 0 -> -1
2019-10-02 10:19:02,164 [pool-67-thread-1] INFO  server.RaftServerConfigKeys (ConfUtils.java:logGet(43)) - raft.server.retrycache.expirytime = 600000ms (custom)
2019-10-02 10:19:02,164 [67f1a5fe-c7be-4ecb-b503-d243409340fd@group-6AD9B38DCBEF-LeaderElection2] INFO  server.RaftServerConfigKeys (ConfUtils.java:logGet(43)) - raft.server.write.element-limit = 4096 (default)
2019-10-02 10:19:02,164 [pool-27-thread-1] INFO  server.RaftServerConfigKeys (ConfUtils.java:logGet(43)) - raft.server.snapshot.auto.trigger.enabled = true (custom)
2019-10-02 10:19:02,164 [298c2419-298a-4ac1-a348-589b955770c1@group-0947DBB6EE86-LeaderElection4] INFO  server.RaftServerConfigKeys (ConfUtils.java:logGet(43)) - raft.server.write.element-limit = 4096 (default)
2019-10-02 10:19:02,164 [438152b3-e18d-41ab-8849-fe8d3376297f@group-F2905BFF232E-LeaderElection3] INFO  server.RaftServerConfigKeys (ConfUtils.java:logGet(43)) - raft.server.write.element-limit = 4096 (default)
2019-10-02 10:19:02,164 [663b2fe6-68c2-4e66-9671-0aa57c3653e2@group-1E4A25AF1704-LeaderElection1] INFO  server.RaftServerConfigKeys (ConfUtils.java:logGet(43)) - raft.server.write.element-limit = 4096 (default)
2019-10-02 10:19:02,164 [pool-27-thread-1] INFO  server.RaftServerConfigKeys (ConfUtils.java:logGet(43)) - raft.server.snapshot.auto.trigger.threshold = 10000 (custom)
2019-10-02 10:19:02,165 [pool-27-thread-1] INFO  server.RaftServerConfigKeys (ConfUtils.java:logGet(43)) - raft.server.snapshot.retention.file.num = 5 (custom)
2019-10-02 10:19:02,165 [pool-27-thread-1] INFO  server.RaftServerConfigKeys (ConfUtils.java:logGet(43)) - raft.server.retrycache.expirytime = 600000ms (custom)
2019-10-02 10:19:02,165 [pool-37-thread-1] INFO  impl.RaftServerImpl (RaftServerImpl.java:start(181)) - 438152b3-e18d-41ab-8849-fe8d3376297f@group-47E0ABD6D52E: start as a follower, conf=-1: [663b2fe6-68c2-4e66-9671-0aa57c3653e2:192.168.151.92:41388, 67f1a5fe-c7be-4ecb-b503-d243409340fd:192.168.151.92:36198, 438152b3-e18d-41ab-8849-fe8d3376297f:192.168.151.92:40801], old=null
2019-10-02 10:19:02,165 [pool-37-thread-1] INFO  impl.RaftServerImpl (RaftServerImpl.java:setRole(170)) - 438152b3-e18d-41ab-8849-fe8d3376297f@group-47E0ABD6D52E: changes role from      null to FOLLOWER at term 0 for startAsFollower
2019-10-02 10:19:02,165 [pool-37-thread-1] INFO  impl.RoleInfo (RoleInfo.java:updateAndGet(143)) - 438152b3-e18d-41ab-8849-fe8d3376297f: start FollowerState
2019-10-02 10:19:02,166 [pool-37-thread-1] INFO  util.JmxRegister (JmxRegister.java:tryRegister(44)) - Successfully registered JMX Bean with object name Ratis:service=RaftServer,group=group-47E0ABD6D52E,id=438152b3-e18d-41ab-8849-fe8d3376297f
2019-10-02 10:19:02,166 [67f1a5fe-c7be-4ecb-b503-d243409340fd@group-6AD9B38DCBEF-LeaderElection2] INFO  server.RaftServerConfigKeys (ConfUtils.java:logGet(43)) - raft.server.watch.timeout = 10s (default)
2019-10-02 10:19:02,166 [298c2419-298a-4ac1-a348-589b955770c1@group-0947DBB6EE86-LeaderElection4] INFO  server.RaftServerConfigKeys (ConfUtils.java:logGet(43)) - raft.server.watch.timeout = 10s (default)
2019-10-02 10:19:02,166 [663b2fe6-68c2-4e66-9671-0aa57c3653e2@group-1E4A25AF1704-LeaderElection1] INFO  server.RaftServerConfigKeys (ConfUtils.java:logGet(43)) - raft.server.watch.timeout = 10s (default)
2019-10-02 10:19:02,166 [438152b3-e18d-41ab-8849-fe8d3376297f@group-F2905BFF232E-LeaderElection3] INFO  server.RaftServerConfigKeys (ConfUtils.java:logGet(43)) - raft.server.watch.timeout = 10s (default)
2019-10-02 10:19:02,167 [663b2fe6-68c2-4e66-9671-0aa57c3653e2@group-1E4A25AF1704-LeaderElection1] INFO  server.RaftServerConfigKeys (ConfUtils.java:logGet(43)) - raft.server.watch.timeout.denomination = 1s (default)
2019-10-02 10:19:02,167 [298c2419-298a-4ac1-a348-589b955770c1@group-0947DBB6EE86-LeaderElection4] INFO  server.RaftServerConfigKeys (ConfUtils.java:logGet(43)) - raft.server.watch.timeout.denomination = 1s (default)
2019-10-02 10:19:02,166 [67f1a5fe-c7be-4ecb-b503-d243409340fd@group-6AD9B38DCBEF-LeaderElection2] INFO  server.RaftServerConfigKeys (ConfUtils.java:logGet(43)) - raft.server.watch.timeout.denomination = 1s (default)
2019-10-02 10:19:02,167 [438152b3-e18d-41ab-8849-fe8d3376297f@group-F2905BFF232E-LeaderElection3] INFO  server.RaftServerConfigKeys (ConfUtils.java:logGet(43)) - raft.server.watch.timeout.denomination = 1s (default)
2019-10-02 10:19:02,167 [663b2fe6-68c2-4e66-9671-0aa57c3653e2@group-1E4A25AF1704-LeaderElection1] INFO  server.RaftServerConfigKeys (ConfUtils.java:logGet(43)) - raft.server.watch.element-limit = 65536 (default)
2019-10-02 10:19:02,167 [298c2419-298a-4ac1-a348-589b955770c1@group-0947DBB6EE86-LeaderElection4] INFO  server.RaftServerConfigKeys (ConfUtils.java:logGet(43)) - raft.server.watch.element-limit = 65536 (default)
2019-10-02 10:19:02,167 [438152b3-e18d-41ab-8849-fe8d3376297f@group-F2905BFF232E-LeaderElection3] INFO  server.RaftServerConfigKeys (ConfUtils.java:logGet(43)) - raft.server.watch.element-limit = 65536 (default)
2019-10-02 10:19:02,168 [67f1a5fe-c7be-4ecb-b503-d243409340fd@group-6AD9B38DCBEF-LeaderElection2] INFO  server.RaftServerConfigKeys (ConfUtils.java:logGet(43)) - raft.server.watch.element-limit = 65536 (default)
2019-10-02 10:19:02,168 [pool-67-thread-1] INFO  impl.RaftServerImpl (RaftServerImpl.java:start(181)) - 67f1a5fe-c7be-4ecb-b503-d243409340fd@group-47E0ABD6D52E: start as a follower, conf=-1: [663b2fe6-68c2-4e66-9671-0aa57c3653e2:192.168.151.92:41388, 67f1a5fe-c7be-4ecb-b503-d243409340fd:192.168.151.92:36198, 438152b3-e18d-41ab-8849-fe8d3376297f:192.168.151.92:40801], old=null
2019-10-02 10:19:02,168 [pool-67-thread-1] INFO  impl.RaftServerImpl (RaftServerImpl.java:setRole(170)) - 67f1a5fe-c7be-4ecb-b503-d243409340fd@group-47E0ABD6D52E: changes role from      null to FOLLOWER at term 0 for startAsFollower
2019-10-02 10:19:02,168 [pool-67-thread-1] INFO  impl.RoleInfo (RoleInfo.java:updateAndGet(143)) - 67f1a5fe-c7be-4ecb-b503-d243409340fd: start FollowerState
2019-10-02 10:19:02,169 [pool-67-thread-1] INFO  util.JmxRegister (JmxRegister.java:tryRegister(44)) - Successfully registered JMX Bean with object name Ratis:service=RaftServer,group=group-47E0ABD6D52E,id=67f1a5fe-c7be-4ecb-b503-d243409340fd
2019-10-02 10:19:02,170 [pool-27-thread-1] INFO  impl.RaftServerImpl (RaftServerImpl.java:start(181)) - 663b2fe6-68c2-4e66-9671-0aa57c3653e2@group-47E0ABD6D52E: start as a follower, conf=-1: [663b2fe6-68c2-4e66-9671-0aa57c3653e2:192.168.151.92:41388, 67f1a5fe-c7be-4ecb-b503-d243409340fd:192.168.151.92:36198, 438152b3-e18d-41ab-8849-fe8d3376297f:192.168.151.92:40801], old=null
2019-10-02 10:19:02,170 [pool-27-thread-1] INFO  impl.RaftServerImpl (RaftServerImpl.java:setRole(170)) - 663b2fe6-68c2-4e66-9671-0aa57c3653e2@group-47E0ABD6D52E: changes role from      null to FOLLOWER at term 0 for startAsFollower
2019-10-02 10:19:02,170 [pool-27-thread-1] INFO  impl.RoleInfo (RoleInfo.java:updateAndGet(143)) - 663b2fe6-68c2-4e66-9671-0aa57c3653e2: start FollowerState
2019-10-02 10:19:02,173 [pool-27-thread-1] INFO  util.JmxRegister (JmxRegister.java:tryRegister(44)) - Successfully registered JMX Bean with object name Ratis:service=RaftServer,group=group-47E0ABD6D52E,id=663b2fe6-68c2-4e66-9671-0aa57c3653e2
2019-10-02 10:19:02,212 [RatisPipelineUtilsThread] INFO  pipeline.PipelineStateManager (PipelineStateManager.java:addPipeline(56)) - Created pipeline Pipeline[ Id: 03f117a7-0f72-406d-a36b-47e0abd6d52e, Nodes: 67f1a5fe-c7be-4ecb-b503-d243409340fd{ip: 192.168.151.92, host: pr-trunk-gg4kw-413187789, networkLocation: /default-rack, certSerialId: null}663b2fe6-68c2-4e66-9671-0aa57c3653e2{ip: 192.168.151.92, host: pr-trunk-gg4kw-413187789, networkLocation: /default-rack, certSerialId: null}438152b3-e18d-41ab-8849-fe8d3376297f{ip: 192.168.151.92, host: pr-trunk-gg4kw-413187789, networkLocation: /default-rack, certSerialId: null}, Type:RATIS, Factor:THREE, State:OPEN]
2019-10-02 10:19:02,212 [438152b3-e18d-41ab-8849-fe8d3376297f@group-F2905BFF232E-LeaderElection3] INFO  impl.RoleInfo (RoleInfo.java:updateAndGet(143)) - 438152b3-e18d-41ab-8849-fe8d3376297f: start LeaderState
2019-10-02 10:19:02,212 [298c2419-298a-4ac1-a348-589b955770c1@group-0947DBB6EE86-LeaderElection4] INFO  impl.RoleInfo (RoleInfo.java:updateAndGet(143)) - 298c2419-298a-4ac1-a348-589b955770c1: start LeaderState
2019-10-02 10:19:02,212 [67f1a5fe-c7be-4ecb-b503-d243409340fd@group-6AD9B38DCBEF-LeaderElection2] INFO  impl.RoleInfo (RoleInfo.java:updateAndGet(143)) - 67f1a5fe-c7be-4ecb-b503-d243409340fd: start LeaderState
2019-10-02 10:19:02,212 [663b2fe6-68c2-4e66-9671-0aa57c3653e2@group-1E4A25AF1704-LeaderElection1] INFO  impl.RoleInfo (RoleInfo.java:updateAndGet(143)) - 663b2fe6-68c2-4e66-9671-0aa57c3653e2: start LeaderState
2019-10-02 10:19:02,246 [Thread-252] INFO  impl.FollowerState (FollowerState.java:run(108)) - b70c9021-8da6-41e6-a976-daf4f7fbddb8@group-DBF4EAE54D3A-FollowerState: change to CANDIDATE, lastRpcTime:5075ms, electionTimeout:5070ms
2019-10-02 10:19:02,247 [Thread-252] INFO  impl.RoleInfo (RoleInfo.java:shutdownFollowerState(121)) - b70c9021-8da6-41e6-a976-daf4f7fbddb8: shutdown FollowerState
2019-10-02 10:19:02,247 [Thread-252] INFO  impl.RaftServerImpl (RaftServerImpl.java:setRole(170)) - b70c9021-8da6-41e6-a976-daf4f7fbddb8@group-DBF4EAE54D3A: changes role from  FOLLOWER to CANDIDATE at term 0 for changeToCandidate
2019-10-02 10:19:02,248 [Thread-252] INFO  impl.RoleInfo (RoleInfo.java:updateAndGet(143)) - b70c9021-8da6-41e6-a976-daf4f7fbddb8: start LeaderElection
2019-10-02 10:19:02,257 [grpc-default-executor-0] INFO  impl.RaftServerProxy (RaftServerProxy.java:addNew(89)) - cc1fcddd-974e-4515-9faf-cb0b34c0ae51: addNew group-C10DBE81CBFE:[cc1fcddd-974e-4515-9faf-cb0b34c0ae51:192.168.151.92:40331, 298c2419-298a-4ac1-a348-589b955770c1:192.168.151.92:40159, b70c9021-8da6-41e6-a976-daf4f7fbddb8:192.168.151.92:38657] returns group-C10DBE81CBFE:java.util.concurrent.CompletableFuture@42fff2c0[Not completed]
2019-10-02 10:19:02,258 [grpc-default-executor-2] INFO  impl.RaftServerProxy (RaftServerProxy.java:addNew(89)) - 298c2419-298a-4ac1-a348-589b955770c1: addNew group-C10DBE81CBFE:[cc1fcddd-974e-4515-9faf-cb0b34c0ae51:192.168.151.92:40331, 298c2419-298a-4ac1-a348-589b955770c1:192.168.151.92:40159, b70c9021-8da6-41e6-a976-daf4f7fbddb8:192.168.151.92:38657] returns group-C10DBE81CBFE:java.util.concurrent.CompletableFuture@30e04606[Not completed]
2019-10-02 10:19:02,258 [grpc-default-executor-1] INFO  impl.RaftServerProxy (RaftServerProxy.java:addNew(89)) - b70c9021-8da6-41e6-a976-daf4f7fbddb8: addNew group-C10DBE81CBFE:[cc1fcddd-974e-4515-9faf-cb0b34c0ae51:192.168.151.92:40331, 298c2419-298a-4ac1-a348-589b955770c1:192.168.151.92:40159, b70c9021-8da6-41e6-a976-daf4f7fbddb8:192.168.151.92:38657] returns group-C10DBE81CBFE:java.util.concurrent.CompletableFuture@4f7b4dd3[Not completed]
2019-10-02 10:19:02,259 [pool-77-thread-1] INFO  impl.RaftServerImpl (RaftServerImpl.java:<init>(95)) - 298c2419-298a-4ac1-a348-589b955770c1: new RaftServerImpl for group-C10DBE81CBFE:[cc1fcddd-974e-4515-9faf-cb0b34c0ae51:192.168.151.92:40331, 298c2419-298a-4ac1-a348-589b955770c1:192.168.151.92:40159, b70c9021-8da6-41e6-a976-daf4f7fbddb8:192.168.151.92:38657] with ContainerStateMachine:uninitialized
2019-10-02 10:19:02,259 [pool-77-thread-1] INFO  server.RaftServerConfigKeys (ConfUtils.java:logGet(43)) - raft.server.rpc.timeout.min = 5s (custom)
2019-10-02 10:19:02,259 [pool-77-thread-1] INFO  server.RaftServerConfigKeys (ConfUtils.java:logGet(43)) - raft.server.rpc.timeout.max = 5200ms (custom)
2019-10-02 10:19:02,260 [pool-77-thread-1] INFO  server.RaftServerConfigKeys (ConfUtils.java:logGet(43)) - raft.server.rpcslowness.timeout = 120s (custom)
2019-10-02 10:19:02,260 [pool-77-thread-1] INFO  server.RaftServerConfigKeys (ConfUtils.java:logGet(43)) - raft.server.sleep.deviation.threshold = 300 (default)
2019-10-02 10:19:02,260 [pool-77-thread-1] INFO  server.RaftServerConfigKeys (ConfUtils.java:logGet(43)) - raft.server.log.appender.install.snapshot.enabled = false (custom)
2019-10-02 10:19:02,260 [pool-47-thread-1] INFO  impl.RaftServerImpl (RaftServerImpl.java:<init>(95)) - b70c9021-8da6-41e6-a976-daf4f7fbddb8: new RaftServerImpl for group-C10DBE81CBFE:[cc1fcddd-974e-4515-9faf-cb0b34c0ae51:192.168.151.92:40331, 298c2419-298a-4ac1-a348-589b955770c1:192.168.151.92:40159, b70c9021-8da6-41e6-a976-daf4f7fbddb8:192.168.151.92:38657] with ContainerStateMachine:uninitialized
2019-10-02 10:19:02,260 [pool-77-thread-1] INFO  impl.RaftServerImpl (ServerState.java:<init>(103)) - 298c2419-298a-4ac1-a348-589b955770c1@group-C10DBE81CBFE: ConfigurationManager, init=-1: [cc1fcddd-974e-4515-9faf-cb0b34c0ae51:192.168.151.92:40331, 298c2419-298a-4ac1-a348-589b955770c1:192.168.151.92:40159, b70c9021-8da6-41e6-a976-daf4f7fbddb8:192.168.151.92:38657], old=null, confs=<EMPTY_MAP>
2019-10-02 10:19:02,260 [pool-47-thread-1] INFO  server.RaftServerConfigKeys (ConfUtils.java:logGet(43)) - raft.server.rpc.timeout.min = 5s (custom)
2019-10-02 10:19:02,260 [pool-77-thread-1] INFO  server.RaftServerConfigKeys (ConfUtils.java:logGet(43)) - raft.server.storage.dir = [/workdir/hadoop-ozone/integration-test/target/test-dir/MiniOzoneClusterImpl-a60b818f-4dd1-4965-bff3-fb44efcd9a0b/datanode-5/data/ratis] (custom)
2019-10-02 10:19:02,260 [pool-47-thread-1] INFO  server.RaftServerConfigKeys (ConfUtils.java:logGet(43)) - raft.server.rpc.timeout.max = 5200ms (custom)
2019-10-02 10:19:02,260 [pool-47-thread-1] INFO  server.RaftServerConfigKeys (ConfUtils.java:logGet(43)) - raft.server.rpcslowness.timeout = 120s (custom)
2019-10-02 10:19:02,260 [pool-77-thread-1] INFO  server.RaftServerConfigKeys (ConfUtils.java:logGet(43)) - raft.server.log.corruption.policy = EXCEPTION (default)
2019-10-02 10:19:02,260 [pool-47-thread-1] INFO  server.RaftServerConfigKeys (ConfUtils.java:logGet(43)) - raft.server.sleep.deviation.threshold = 300 (default)
2019-10-02 10:19:02,261 [pool-77-thread-1] INFO  storage.RaftStorageDirectory (RaftStorageDirectory.java:analyzeStorage(246)) - The storage directory /workdir/hadoop-ozone/integration-test/target/test-dir/MiniOzoneClusterImpl-a60b818f-4dd1-4965-bff3-fb44efcd9a0b/datanode-5/data/ratis/74e74d77-70bc-4029-bd19-c10dbe81cbfe does not exist. Creating ...
2019-10-02 10:19:02,261 [pool-47-thread-1] INFO  server.RaftServerConfigKeys (ConfUtils.java:logGet(43)) - raft.server.log.appender.install.snapshot.enabled = false (custom)
2019-10-02 10:19:02,261 [pool-47-thread-1] INFO  impl.RaftServerImpl (ServerState.java:<init>(103)) - b70c9021-8da6-41e6-a976-daf4f7fbddb8@group-C10DBE81CBFE: ConfigurationManager, init=-1: [cc1fcddd-974e-4515-9faf-cb0b34c0ae51:192.168.151.92:40331, 298c2419-298a-4ac1-a348-589b955770c1:192.168.151.92:40159, b70c9021-8da6-41e6-a976-daf4f7fbddb8:192.168.151.92:38657], old=null, confs=<EMPTY_MAP>
2019-10-02 10:19:02,261 [pool-87-thread-1] INFO  impl.RaftServerImpl (RaftServerImpl.java:<init>(95)) - cc1fcddd-974e-4515-9faf-cb0b34c0ae51: new RaftServerImpl for group-C10DBE81CBFE:[cc1fcddd-974e-4515-9faf-cb0b34c0ae51:192.168.151.92:40331, 298c2419-298a-4ac1-a348-589b955770c1:192.168.151.92:40159, b70c9021-8da6-41e6-a976-daf4f7fbddb8:192.168.151.92:38657] with ContainerStateMachine:uninitialized
2019-10-02 10:19:02,261 [pool-47-thread-1] INFO  server.RaftServerConfigKeys (ConfUtils.java:logGet(43)) - raft.server.storage.dir = [/workdir/hadoop-ozone/integration-test/target/test-dir/MiniOzoneClusterImpl-a60b818f-4dd1-4965-bff3-fb44efcd9a0b/datanode-2/data/ratis] (custom)
2019-10-02 10:19:02,261 [pool-87-thread-1] INFO  server.RaftServerConfigKeys (ConfUtils.java:logGet(43)) - raft.server.rpc.timeout.min = 5s (custom)
2019-10-02 10:19:02,261 [pool-47-thread-1] INFO  server.RaftServerConfigKeys (ConfUtils.java:logGet(43)) - raft.server.log.corruption.policy = EXCEPTION (default)
2019-10-02 10:19:02,261 [pool-87-thread-1] INFO  server.RaftServerConfigKeys (ConfUtils.java:logGet(43)) - raft.server.rpc.timeout.max = 5200ms (custom)
2019-10-02 10:19:02,261 [pool-47-thread-1] INFO  storage.RaftStorageDirectory (RaftStorageDirectory.java:analyzeStorage(246)) - The storage directory /workdir/hadoop-ozone/integration-test/target/test-dir/MiniOzoneClusterImpl-a60b818f-4dd1-4965-bff3-fb44efcd9a0b/datanode-2/data/ratis/74e74d77-70bc-4029-bd19-c10dbe81cbfe does not exist. Creating ...
2019-10-02 10:19:02,261 [pool-87-thread-1] INFO  server.RaftServerConfigKeys (ConfUtils.java:logGet(43)) - raft.server.rpcslowness.timeout = 120s (custom)
2019-10-02 10:19:02,262 [pool-87-thread-1] INFO  server.RaftServerConfigKeys (ConfUtils.java:logGet(43)) - raft.server.sleep.deviation.threshold = 300 (default)
2019-10-02 10:19:02,262 [pool-87-thread-1] INFO  server.RaftServerConfigKeys (ConfUtils.java:logGet(43)) - raft.server.log.appender.install.snapshot.enabled = false (custom)
2019-10-02 10:19:02,262 [pool-87-thread-1] INFO  impl.RaftServerImpl (ServerState.java:<init>(103)) - cc1fcddd-974e-4515-9faf-cb0b34c0ae51@group-C10DBE81CBFE: ConfigurationManager, init=-1: [cc1fcddd-974e-4515-9faf-cb0b34c0ae51:192.168.151.92:40331, 298c2419-298a-4ac1-a348-589b955770c1:192.168.151.92:40159, b70c9021-8da6-41e6-a976-daf4f7fbddb8:192.168.151.92:38657], old=null, confs=<EMPTY_MAP>
2019-10-02 10:19:02,262 [pool-87-thread-1] INFO  server.RaftServerConfigKeys (ConfUtils.java:logGet(43)) - raft.server.storage.dir = [/workdir/hadoop-ozone/integration-test/target/test-dir/MiniOzoneClusterImpl-a60b818f-4dd1-4965-bff3-fb44efcd9a0b/datanode-6/data/ratis] (custom)
2019-10-02 10:19:02,262 [pool-87-thread-1] INFO  server.RaftServerConfigKeys (ConfUtils.java:logGet(43)) - raft.server.log.corruption.policy = EXCEPTION (default)
2019-10-02 10:19:02,262 [pool-87-thread-1] INFO  storage.RaftStorageDirectory (RaftStorageDirectory.java:analyzeStorage(246)) - The storage directory /workdir/hadoop-ozone/integration-test/target/test-dir/MiniOzoneClusterImpl-a60b818f-4dd1-4965-bff3-fb44efcd9a0b/datanode-6/data/ratis/74e74d77-70bc-4029-bd19-c10dbe81cbfe does not exist. Creating ...
2019-10-02 10:19:02,266 [pool-77-thread-1] INFO  storage.RaftStorageDirectory (RaftStorageDirectory.java:tryLock(328)) - Lock on /workdir/hadoop-ozone/integration-test/target/test-dir/MiniOzoneClusterImpl-a60b818f-4dd1-4965-bff3-fb44efcd9a0b/datanode-5/data/ratis/74e74d77-70bc-4029-bd19-c10dbe81cbfe/in_use.lock acquired by nodename 31904@pr-trunk-gg4kw-413187789
2019-10-02 10:19:02,266 [pool-47-thread-1] INFO  storage.RaftStorageDirectory (RaftStorageDirectory.java:tryLock(328)) - Lock on /workdir/hadoop-ozone/integration-test/target/test-dir/MiniOzoneClusterImpl-a60b818f-4dd1-4965-bff3-fb44efcd9a0b/datanode-2/data/ratis/74e74d77-70bc-4029-bd19-c10dbe81cbfe/in_use.lock acquired by nodename 31904@pr-trunk-gg4kw-413187789
2019-10-02 10:19:02,266 [b70c9021-8da6-41e6-a976-daf4f7fbddb8@group-DBF4EAE54D3A-LeaderElection5] INFO  impl.LeaderElection (LeaderElection.java:askForVotes(178)) - b70c9021-8da6-41e6-a976-daf4f7fbddb8@group-DBF4EAE54D3A-LeaderElection5: begin an election at term 1 for -1: [b70c9021-8da6-41e6-a976-daf4f7fbddb8:192.168.151.92:38657], old=null
2019-10-02 10:19:02,266 [b70c9021-8da6-41e6-a976-daf4f7fbddb8@group-DBF4EAE54D3A-LeaderElection5] INFO  impl.RoleInfo (RoleInfo.java:shutdownLeaderElection(134)) - b70c9021-8da6-41e6-a976-daf4f7fbddb8: shutdown LeaderElection
2019-10-02 10:19:02,267 [b70c9021-8da6-41e6-a976-daf4f7fbddb8@group-DBF4EAE54D3A-LeaderElection5] INFO  impl.RaftServerImpl (RaftServerImpl.java:setRole(170)) - b70c9021-8da6-41e6-a976-daf4f7fbddb8@group-DBF4EAE54D3A: changes role from CANDIDATE to LEADER at term 1 for changeToLeader
2019-10-02 10:19:02,267 [b70c9021-8da6-41e6-a976-daf4f7fbddb8@group-DBF4EAE54D3A-LeaderElection5] INFO  impl.RaftServerImpl (ServerState.java:setLeader(255)) - b70c9021-8da6-41e6-a976-daf4f7fbddb8@group-DBF4EAE54D3A: change Leader from null to b70c9021-8da6-41e6-a976-daf4f7fbddb8 at term 1 for becomeLeader, leader elected after 5103ms
2019-10-02 10:19:02,269 [b70c9021-8da6-41e6-a976-daf4f7fbddb8@group-DBF4EAE54D3A-LeaderElection5] INFO  server.RaftServerConfigKeys (ConfUtils.java:logGet(43)) - raft.server.staging.catchup.gap = 1000 (default)
2019-10-02 10:19:02,269 [b70c9021-8da6-41e6-a976-daf4f7fbddb8@group-DBF4EAE54D3A-LeaderElection5] INFO  server.RaftServerConfigKeys (ConfUtils.java:logGet(43)) - raft.server.rpc.sleep.time = 25ms (default)
2019-10-02 10:19:02,269 [b70c9021-8da6-41e6-a976-daf4f7fbddb8@group-DBF4EAE54D3A-LeaderElection5] INFO  server.RaftServerConfigKeys (ConfUtils.java:logGet(43)) - raft.server.write.element-limit = 4096 (default)
2019-10-02 10:19:02,269 [b70c9021-8da6-41e6-a976-daf4f7fbddb8@group-DBF4EAE54D3A-LeaderElection5] INFO  server.RaftServerConfigKeys (ConfUtils.java:logGet(43)) - raft.server.watch.timeout = 10s (default)
2019-10-02 10:19:02,269 [b70c9021-8da6-41e6-a976-daf4f7fbddb8@group-DBF4EAE54D3A-LeaderElection5] INFO  server.RaftServerConfigKeys (ConfUtils.java:logGet(43)) - raft.server.watch.timeout.denomination = 1s (default)
2019-10-02 10:19:02,270 [438152b3-e18d-41ab-8849-fe8d3376297f@group-F2905BFF232E-LeaderElection3] INFO  segmented.SegmentedRaftLogWorker (SegmentedRaftLogWorker.java:startLogSegment(385)) - 438152b3-e18d-41ab-8849-fe8d3376297f@group-F2905BFF232E-SegmentedRaftLogWorker: Starting segment from index:0
2019-10-02 10:19:02,270 [b70c9021-8da6-41e6-a976-daf4f7fbddb8@group-DBF4EAE54D3A-LeaderElection5] INFO  server.RaftServerConfigKeys (ConfUtils.java:logGet(43)) - raft.server.watch.element-limit = 65536 (default)
2019-10-02 10:19:02,270 [298c2419-298a-4ac1-a348-589b955770c1@group-0947DBB6EE86-LeaderElection4] INFO  segmented.SegmentedRaftLogWorker (SegmentedRaftLogWorker.java:startLogSegment(385)) - 298c2419-298a-4ac1-a348-589b955770c1@group-0947DBB6EE86-SegmentedRaftLogWorker: Starting segment from index:0
2019-10-02 10:19:02,270 [67f1a5fe-c7be-4ecb-b503-d243409340fd@group-6AD9B38DCBEF-LeaderElection2] INFO  segmented.SegmentedRaftLogWorker (SegmentedRaftLogWorker.java:startLogSegment(385)) - 67f1a5fe-c7be-4ecb-b503-d243409340fd@group-6AD9B38DCBEF-SegmentedRaftLogWorker: Starting segment from index:0
2019-10-02 10:19:02,270 [663b2fe6-68c2-4e66-9671-0aa57c3653e2@group-1E4A25AF1704-LeaderElection1] INFO  segmented.SegmentedRaftLogWorker (SegmentedRaftLogWorker.java:startLogSegment(385)) - 663b2fe6-68c2-4e66-9671-0aa57c3653e2@group-1E4A25AF1704-SegmentedRaftLogWorker: Starting segment from index:0
2019-10-02 10:19:02,273 [b70c9021-8da6-41e6-a976-daf4f7fbddb8@group-DBF4EAE54D3A-LeaderElection5] INFO  impl.RoleInfo (RoleInfo.java:updateAndGet(143)) - b70c9021-8da6-41e6-a976-daf4f7fbddb8: start LeaderState
2019-10-02 10:19:02,273 [b70c9021-8da6-41e6-a976-daf4f7fbddb8@group-DBF4EAE54D3A-LeaderElection5] INFO  segmented.SegmentedRaftLogWorker (SegmentedRaftLogWorker.java:startLogSegment(385)) - b70c9021-8da6-41e6-a976-daf4f7fbddb8@group-DBF4EAE54D3A-SegmentedRaftLogWorker: Starting segment from index:0
2019-10-02 10:19:02,279 [438152b3-e18d-41ab-8849-fe8d3376297f@group-F2905BFF232E-LeaderElection3] INFO  impl.RaftServerImpl (ServerState.java:setRaftConf(356)) - 438152b3-e18d-41ab-8849-fe8d3376297f@group-F2905BFF232E: set configuration 0: [438152b3-e18d-41ab-8849-fe8d3376297f:192.168.151.92:40801], old=null at 0
2019-10-02 10:19:02,279 [298c2419-298a-4ac1-a348-589b955770c1@group-0947DBB6EE86-LeaderElection4] INFO  impl.RaftServerImpl (ServerState.java:setRaftConf(356)) - 298c2419-298a-4ac1-a348-589b955770c1@group-0947DBB6EE86: set configuration 0: [298c2419-298a-4ac1-a348-589b955770c1:192.168.151.92:40159], old=null at 0
2019-10-02 10:19:02,279 [pool-77-thread-1] INFO  storage.RaftStorage (RaftStorage.java:format(84)) - Storage directory /workdir/hadoop-ozone/integration-test/target/test-dir/MiniOzoneClusterImpl-a60b818f-4dd1-4965-bff3-fb44efcd9a0b/datanode-5/data/ratis/74e74d77-70bc-4029-bd19-c10dbe81cbfe has been successfully formatted.
2019-10-02 10:19:02,279 [b70c9021-8da6-41e6-a976-daf4f7fbddb8@group-DBF4EAE54D3A-LeaderElection5] INFO  impl.RaftServerImpl (ServerState.java:setRaftConf(356)) - b70c9021-8da6-41e6-a976-daf4f7fbddb8@group-DBF4EAE54D3A: set configuration 0: [b70c9021-8da6-41e6-a976-daf4f7fbddb8:192.168.151.92:38657], old=null at 0
2019-10-02 10:19:02,279 [67f1a5fe-c7be-4ecb-b503-d243409340fd@group-6AD9B38DCBEF-LeaderElection2] INFO  impl.RaftServerImpl (ServerState.java:setRaftConf(356)) - 67f1a5fe-c7be-4ecb-b503-d243409340fd@group-6AD9B38DCBEF: set configuration 0: [67f1a5fe-c7be-4ecb-b503-d243409340fd:192.168.151.92:36198], old=null at 0
2019-10-02 10:19:02,283 [pool-77-thread-1] INFO  ratis.ContainerStateMachine (ContainerStateMachine.java:loadSnapshot(231)) - group-C10DBE81CBFE: The snapshot info is null. Setting the last applied indexto:(t:0, i:~)
2019-10-02 10:19:02,279 [pool-47-thread-1] INFO  storage.RaftStorage (RaftStorage.java:format(84)) - Storage directory /workdir/hadoop-ozone/integration-test/target/test-dir/MiniOzoneClusterImpl-a60b818f-4dd1-4965-bff3-fb44efcd9a0b/datanode-2/data/ratis/74e74d77-70bc-4029-bd19-c10dbe81cbfe has been successfully formatted.
2019-10-02 10:19:02,279 [pool-87-thread-1] INFO  storage.RaftStorageDirectory (RaftStorageDirectory.java:tryLock(328)) - Lock on /workdir/hadoop-ozone/integration-test/target/test-dir/MiniOzoneClusterImpl-a60b818f-4dd1-4965-bff3-fb44efcd9a0b/datanode-6/data/ratis/74e74d77-70bc-4029-bd19-c10dbe81cbfe/in_use.lock acquired by nodename 31904@pr-trunk-gg4kw-413187789
2019-10-02 10:19:02,286 [pool-47-thread-1] INFO  ratis.ContainerStateMachine (ContainerStateMachine.java:loadSnapshot(231)) - group-C10DBE81CBFE: The snapshot info is null. Setting the last applied indexto:(t:0, i:~)
2019-10-02 10:19:02,279 [663b2fe6-68c2-4e66-9671-0aa57c3653e2@group-1E4A25AF1704-LeaderElection1] INFO  impl.RaftServerImpl (ServerState.java:setRaftConf(356)) - 663b2fe6-68c2-4e66-9671-0aa57c3653e2@group-1E4A25AF1704: set configuration 0: [663b2fe6-68c2-4e66-9671-0aa57c3653e2:192.168.151.92:41388], old=null at 0
2019-10-02 10:19:02,286 [pool-47-thread-1] INFO  server.RaftServerConfigKeys (ConfUtils.java:logGet(43)) - raft.server.notification.no-leader.timeout = 120s (custom)
2019-10-02 10:19:02,286 [pool-77-thread-1] INFO  server.RaftServerConfigKeys (ConfUtils.java:logGet(43)) - raft.server.notification.no-leader.timeout = 120s (custom)
2019-10-02 10:19:02,286 [pool-47-thread-1] INFO  server.RaftServerConfigKeys (ConfUtils.java:logGet(43)) - raft.server.log.use.memory = false (default)
2019-10-02 10:19:02,288 [pool-77-thread-1] INFO  server.RaftServerConfigKeys (ConfUtils.java:logGet(43)) - raft.server.log.use.memory = false (default)
2019-10-02 10:19:02,288 [pool-47-thread-1] INFO  server.RaftServerConfigKeys (ConfUtils.java:logGet(43)) - raft.server.log.purge.gap = 1000000 (custom)
2019-10-02 10:19:02,288 [pool-77-thread-1] INFO  server.RaftServerConfigKeys (ConfUtils.java:logGet(43)) - raft.server.log.purge.gap = 1000000 (custom)
2019-10-02 10:19:02,288 [pool-47-thread-1] INFO  server.RaftServerConfigKeys (ConfUtils.java:logGet(43)) - raft.server.log.appender.buffer.byte-limit = 33554432 (custom)
2019-10-02 10:19:02,288 [pool-77-thread-1] INFO  server.RaftServerConfigKeys (ConfUtils.java:logGet(43)) - raft.server.log.appender.buffer.byte-limit = 33554432 (custom)
2019-10-02 10:19:02,289 [pool-47-thread-1] INFO  server.RaftServerConfigKeys (ConfUtils.java:logGet(43)) - raft.server.log.segment.size.max = 1048576 (custom)
2019-10-02 10:19:02,289 [pool-77-thread-1] INFO  server.RaftServerConfigKeys (ConfUtils.java:logGet(43)) - raft.server.log.segment.size.max = 1048576 (custom)
2019-10-02 10:19:02,289 [pool-47-thread-1] INFO  server.RaftServerConfigKeys (ConfUtils.java:logGet(43)) - raft.server.log.segment.cache.num.max = 2 (custom)
2019-10-02 10:19:02,289 [pool-77-thread-1] INFO  server.RaftServerConfigKeys (ConfUtils.java:logGet(43)) - raft.server.log.segment.cache.num.max = 2 (custom)
2019-10-02 10:19:02,289 [pool-47-thread-1] INFO  segmented.SegmentedRaftLogWorker (SegmentedRaftLogWorker.java:<init>(173)) - new b70c9021-8da6-41e6-a976-daf4f7fbddb8@group-C10DBE81CBFE-SegmentedRaftLogWorker for RaftStorage:Storage Directory /workdir/hadoop-ozone/integration-test/target/test-dir/MiniOzoneClusterImpl-a60b818f-4dd1-4965-bff3-fb44efcd9a0b/datanode-2/data/ratis/74e74d77-70bc-4029-bd19-c10dbe81cbfe
2019-10-02 10:19:02,289 [pool-77-thread-1] INFO  segmented.SegmentedRaftLogWorker (SegmentedRaftLogWorker.java:<init>(173)) - new 298c2419-298a-4ac1-a348-589b955770c1@group-C10DBE81CBFE-SegmentedRaftLogWorker for RaftStorage:Storage Directory /workdir/hadoop-ozone/integration-test/target/test-dir/MiniOzoneClusterImpl-a60b818f-4dd1-4965-bff3-fb44efcd9a0b/datanode-5/data/ratis/74e74d77-70bc-4029-bd19-c10dbe81cbfe
2019-10-02 10:19:02,289 [pool-47-thread-1] INFO  server.RaftServerConfigKeys (ConfUtils.java:logGet(43)) - raft.server.log.queue.byte-limit = 2147483647 (custom)
2019-10-02 10:19:02,289 [pool-77-thread-1] INFO  server.RaftServerConfigKeys (ConfUtils.java:logGet(43)) - raft.server.log.queue.byte-limit = 2147483647 (custom)
2019-10-02 10:19:02,289 [pool-47-thread-1] INFO  server.RaftServerConfigKeys (ConfUtils.java:logGet(43)) - raft.server.log.queue.element-limit = 1024 (custom)
2019-10-02 10:19:02,289 [pool-77-thread-1] INFO  server.RaftServerConfigKeys (ConfUtils.java:logGet(43)) - raft.server.log.queue.element-limit = 1024 (custom)
2019-10-02 10:19:02,290 [pool-47-thread-1] INFO  server.RaftServerConfigKeys (ConfUtils.java:logGet(43)) - raft.server.log.segment.size.max = 1048576 (custom)
2019-10-02 10:19:02,290 [pool-77-thread-1] INFO  server.RaftServerConfigKeys (ConfUtils.java:logGet(43)) - raft.server.log.segment.size.max = 1048576 (custom)
2019-10-02 10:19:02,290 [pool-47-thread-1] INFO  server.RaftServerConfigKeys (ConfUtils.java:logGet(43)) - raft.server.log.preallocated.size = 16384 (custom)
2019-10-02 10:19:02,290 [pool-77-thread-1] INFO  server.RaftServerConfigKeys (ConfUtils.java:logGet(43)) - raft.server.log.preallocated.size = 16384 (custom)
2019-10-02 10:19:02,290 [pool-47-thread-1] INFO  server.RaftServerConfigKeys (ConfUtils.java:logGet(43)) - raft.server.log.write.buffer.size = 33554432 (custom)
2019-10-02 10:19:02,290 [pool-77-thread-1] INFO  server.RaftServerConfigKeys (ConfUtils.java:logGet(43)) - raft.server.log.write.buffer.size = 33554432 (custom)
2019-10-02 10:19:02,290 [pool-47-thread-1] INFO  server.RaftServerConfigKeys (ConfUtils.java:logGet(43)) - raft.server.log.force.sync.num = 128 (default)
2019-10-02 10:19:02,290 [pool-77-thread-1] INFO  server.RaftServerConfigKeys (ConfUtils.java:logGet(43)) - raft.server.log.force.sync.num = 128 (default)
2019-10-02 10:19:02,290 [pool-47-thread-1] INFO  server.RaftServerConfigKeys (ConfUtils.java:logGet(43)) - raft.server.log.statemachine.data.sync = true (default)
2019-10-02 10:19:02,290 [pool-77-thread-1] INFO  server.RaftServerConfigKeys (ConfUtils.java:logGet(43)) - raft.server.log.statemachine.data.sync = true (default)
2019-10-02 10:19:02,290 [pool-47-thread-1] INFO  server.RaftServerConfigKeys (ConfUtils.java:logGet(43)) - raft.server.log.statemachine.data.sync.timeout = 10s (default)
2019-10-02 10:19:02,291 [pool-77-thread-1] INFO  server.RaftServerConfigKeys (ConfUtils.java:logGet(43)) - raft.server.log.statemachine.data.sync.timeout = 10s (default)
2019-10-02 10:19:02,291 [pool-47-thread-1] INFO  server.RaftServerConfigKeys (ConfUtils.java:logGet(43)) - raft.server.log.statemachine.data.sync.timeout.retry = -1 (default)
2019-10-02 10:19:02,291 [pool-77-thread-1] INFO  server.RaftServerConfigKeys (ConfUtils.java:logGet(43)) - raft.server.log.statemachine.data.sync.timeout.retry = -1 (default)
2019-10-02 10:19:02,291 [pool-47-thread-1] INFO  server.RaftServerConfigKeys (ConfUtils.java:logGet(43)) - raft.server.log.statemachine.data.caching.enabled = true (custom)
2019-10-02 10:19:02,291 [pool-77-thread-1] INFO  server.RaftServerConfigKeys (ConfUtils.java:logGet(43)) - raft.server.log.statemachine.data.caching.enabled = true (custom)
2019-10-02 10:19:02,291 [pool-47-thread-1] INFO  segmented.SegmentedRaftLogWorker (SegmentedRaftLogWorker.java:lambda$new$0(128)) - b70c9021-8da6-41e6-a976-daf4f7fbddb8@group-C10DBE81CBFE-SegmentedRaftLogWorker: flushIndex: setUnconditionally 0 -> -1
2019-10-02 10:19:02,291 [pool-77-thread-1] INFO  segmented.SegmentedRaftLogWorker (SegmentedRaftLogWorker.java:lambda$new$0(128)) - 298c2419-298a-4ac1-a348-589b955770c1@group-C10DBE81CBFE-SegmentedRaftLogWorker: flushIndex: setUnconditionally 0 -> -1
2019-10-02 10:19:02,291 [pool-47-thread-1] INFO  server.RaftServerConfigKeys (ConfUtils.java:logGet(43)) - raft.server.snapshot.auto.trigger.enabled = true (custom)
2019-10-02 10:19:02,292 [pool-47-thread-1] INFO  server.RaftServerConfigKeys (ConfUtils.java:logGet(43)) - raft.server.snapshot.auto.trigger.threshold = 10000 (custom)
2019-10-02 10:19:02,292 [pool-77-thread-1] INFO  server.RaftServerConfigKeys (ConfUtils.java:logGet(43)) - raft.server.snapshot.auto.trigger.enabled = true (custom)
2019-10-02 10:19:02,292 [pool-47-thread-1] INFO  server.RaftServerConfigKeys (ConfUtils.java:logGet(43)) - raft.server.snapshot.retention.file.num = 5 (custom)
2019-10-02 10:19:02,292 [pool-77-thread-1] INFO  server.RaftServerConfigKeys (ConfUtils.java:logGet(43)) - raft.server.snapshot.auto.trigger.threshold = 10000 (custom)
2019-10-02 10:19:02,292 [pool-47-thread-1] INFO  server.RaftServerConfigKeys (ConfUtils.java:logGet(43)) - raft.server.retrycache.expirytime = 600000ms (custom)
2019-10-02 10:19:02,292 [pool-77-thread-1] INFO  server.RaftServerConfigKeys (ConfUtils.java:logGet(43)) - raft.server.snapshot.retention.file.num = 5 (custom)
2019-10-02 10:19:02,292 [pool-77-thread-1] INFO  server.RaftServerConfigKeys (ConfUtils.java:logGet(43)) - raft.server.retrycache.expirytime = 600000ms (custom)
2019-10-02 10:19:02,294 [pool-47-thread-1] INFO  impl.RaftServerImpl (RaftServerImpl.java:start(181)) - b70c9021-8da6-41e6-a976-daf4f7fbddb8@group-C10DBE81CBFE: start as a follower, conf=-1: [cc1fcddd-974e-4515-9faf-cb0b34c0ae51:192.168.151.92:40331, 298c2419-298a-4ac1-a348-589b955770c1:192.168.151.92:40159, b70c9021-8da6-41e6-a976-daf4f7fbddb8:192.168.151.92:38657], old=null
2019-10-02 10:19:02,295 [pool-47-thread-1] INFO  impl.RaftServerImpl (RaftServerImpl.java:setRole(170)) - b70c9021-8da6-41e6-a976-daf4f7fbddb8@group-C10DBE81CBFE: changes role from      null to FOLLOWER at term 0 for startAsFollower
2019-10-02 10:19:02,295 [pool-47-thread-1] INFO  impl.RoleInfo (RoleInfo.java:updateAndGet(143)) - b70c9021-8da6-41e6-a976-daf4f7fbddb8: start FollowerState
2019-10-02 10:19:02,295 [pool-77-thread-1] INFO  impl.RaftServerImpl (RaftServerImpl.java:start(181)) - 298c2419-298a-4ac1-a348-589b955770c1@group-C10DBE81CBFE: start as a follower, conf=-1: [cc1fcddd-974e-4515-9faf-cb0b34c0ae51:192.168.151.92:40331, 298c2419-298a-4ac1-a348-589b955770c1:192.168.151.92:40159, b70c9021-8da6-41e6-a976-daf4f7fbddb8:192.168.151.92:38657], old=null
2019-10-02 10:19:02,295 [pool-77-thread-1] INFO  impl.RaftServerImpl (RaftServerImpl.java:setRole(170)) - 298c2419-298a-4ac1-a348-589b955770c1@group-C10DBE81CBFE: changes role from      null to FOLLOWER at term 0 for startAsFollower
2019-10-02 10:19:02,295 [pool-47-thread-1] INFO  util.JmxRegister (JmxRegister.java:tryRegister(44)) - Successfully registered JMX Bean with object name Ratis:service=RaftServer,group=group-C10DBE81CBFE,id=b70c9021-8da6-41e6-a976-daf4f7fbddb8
2019-10-02 10:19:02,295 [pool-77-thread-1] INFO  impl.RoleInfo (RoleInfo.java:updateAndGet(143)) - 298c2419-298a-4ac1-a348-589b955770c1: start FollowerState
2019-10-02 10:19:02,295 [pool-77-thread-1] INFO  util.JmxRegister (JmxRegister.java:tryRegister(44)) - Successfully registered JMX Bean with object name Ratis:service=RaftServer,group=group-C10DBE81CBFE,id=298c2419-298a-4ac1-a348-589b955770c1
2019-10-02 10:19:02,301 [pool-87-thread-1] INFO  storage.RaftStorage (RaftStorage.java:format(84)) - Storage directory /workdir/hadoop-ozone/integration-test/target/test-dir/MiniOzoneClusterImpl-a60b818f-4dd1-4965-bff3-fb44efcd9a0b/datanode-6/data/ratis/74e74d77-70bc-4029-bd19-c10dbe81cbfe has been successfully formatted.
2019-10-02 10:19:02,303 [pool-87-thread-1] INFO  ratis.ContainerStateMachine (ContainerStateMachine.java:loadSnapshot(231)) - group-C10DBE81CBFE: The snapshot info is null. Setting the last applied indexto:(t:0, i:~)
2019-10-02 10:19:02,303 [pool-87-thread-1] INFO  server.RaftServerConfigKeys (ConfUtils.java:logGet(43)) - raft.server.notification.no-leader.timeout = 120s (custom)
2019-10-02 10:19:02,304 [pool-87-thread-1] INFO  server.RaftServerConfigKeys (ConfUtils.java:logGet(43)) - raft.server.log.use.memory = false (default)
2019-10-02 10:19:02,306 [pool-87-thread-1] INFO  server.RaftServerConfigKeys (ConfUtils.java:logGet(43)) - raft.server.log.purge.gap = 1000000 (custom)
2019-10-02 10:19:02,308 [pool-87-thread-1] INFO  server.RaftServerConfigKeys (ConfUtils.java:logGet(43)) - raft.server.log.appender.buffer.byte-limit = 33554432 (custom)
2019-10-02 10:19:02,310 [pool-87-thread-1] INFO  server.RaftServerConfigKeys (ConfUtils.java:logGet(43)) - raft.server.log.segment.size.max = 1048576 (custom)
2019-10-02 10:19:02,312 [pool-87-thread-1] INFO  server.RaftServerConfigKeys (ConfUtils.java:logGet(43)) - raft.server.log.segment.cache.num.max = 2 (custom)
2019-10-02 10:19:02,312 [pool-87-thread-1] INFO  segmented.SegmentedRaftLogWorker (SegmentedRaftLogWorker.java:<init>(173)) - new cc1fcddd-974e-4515-9faf-cb0b34c0ae51@group-C10DBE81CBFE-SegmentedRaftLogWorker for RaftStorage:Storage Directory /workdir/hadoop-ozone/integration-test/target/test-dir/MiniOzoneClusterImpl-a60b818f-4dd1-4965-bff3-fb44efcd9a0b/datanode-6/data/ratis/74e74d77-70bc-4029-bd19-c10dbe81cbfe
2019-10-02 10:19:02,312 [pool-87-thread-1] INFO  server.RaftServerConfigKeys (ConfUtils.java:logGet(43)) - raft.server.log.queue.byte-limit = 2147483647 (custom)
2019-10-02 10:19:02,312 [pool-87-thread-1] INFO  server.RaftServerConfigKeys (ConfUtils.java:logGet(43)) - raft.server.log.queue.element-limit = 1024 (custom)
2019-10-02 10:19:02,312 [pool-87-thread-1] INFO  server.RaftServerConfigKeys (ConfUtils.java:logGet(43)) - raft.server.log.segment.size.max = 1048576 (custom)
2019-10-02 10:19:02,313 [pool-87-thread-1] INFO  server.RaftServerConfigKeys (ConfUtils.java:logGet(43)) - raft.server.log.preallocated.size = 16384 (custom)
2019-10-02 10:19:02,313 [pool-87-thread-1] INFO  server.RaftServerConfigKeys (ConfUtils.java:logGet(43)) - raft.server.log.write.buffer.size = 33554432 (custom)
2019-10-02 10:19:02,313 [pool-87-thread-1] INFO  server.RaftServerConfigKeys (ConfUtils.java:logGet(43)) - raft.server.log.force.sync.num = 128 (default)
2019-10-02 10:19:02,313 [pool-87-thread-1] INFO  server.RaftServerConfigKeys (ConfUtils.java:logGet(43)) - raft.server.log.statemachine.data.sync = true (default)
2019-10-02 10:19:02,313 [pool-87-thread-1] INFO  server.RaftServerConfigKeys (ConfUtils.java:logGet(43)) - raft.server.log.statemachine.data.sync.timeout = 10s (default)
2019-10-02 10:19:02,313 [pool-87-thread-1] INFO  server.RaftServerConfigKeys (ConfUtils.java:logGet(43)) - raft.server.log.statemachine.data.sync.timeout.retry = -1 (default)
2019-10-02 10:19:02,313 [pool-87-thread-1] INFO  server.RaftServerConfigKeys (ConfUtils.java:logGet(43)) - raft.server.log.statemachine.data.caching.enabled = true (custom)
2019-10-02 10:19:02,314 [pool-87-thread-1] INFO  segmented.SegmentedRaftLogWorker (SegmentedRaftLogWorker.java:lambda$new$0(128)) - cc1fcddd-974e-4515-9faf-cb0b34c0ae51@group-C10DBE81CBFE-SegmentedRaftLogWorker: flushIndex: setUnconditionally 0 -> -1
2019-10-02 10:19:02,314 [pool-87-thread-1] INFO  server.RaftServerConfigKeys (ConfUtils.java:logGet(43)) - raft.server.snapshot.auto.trigger.enabled = true (custom)
2019-10-02 10:19:02,314 [pool-87-thread-1] INFO  server.RaftServerConfigKeys (ConfUtils.java:logGet(43)) - raft.server.snapshot.auto.trigger.threshold = 10000 (custom)
2019-10-02 10:19:02,314 [pool-87-thread-1] INFO  server.RaftServerConfigKeys (ConfUtils.java:logGet(43)) - raft.server.snapshot.retention.file.num = 5 (custom)
2019-10-02 10:19:02,314 [pool-87-thread-1] INFO  server.RaftServerConfigKeys (ConfUtils.java:logGet(43)) - raft.server.retrycache.expirytime = 600000ms (custom)
2019-10-02 10:19:02,316 [pool-87-thread-1] INFO  impl.RaftServerImpl (RaftServerImpl.java:start(181)) - cc1fcddd-974e-4515-9faf-cb0b34c0ae51@group-C10DBE81CBFE: start as a follower, conf=-1: [cc1fcddd-974e-4515-9faf-cb0b34c0ae51:192.168.151.92:40331, 298c2419-298a-4ac1-a348-589b955770c1:192.168.151.92:40159, b70c9021-8da6-41e6-a976-daf4f7fbddb8:192.168.151.92:38657], old=null
2019-10-02 10:19:02,316 [pool-87-thread-1] INFO  impl.RaftServerImpl (RaftServerImpl.java:setRole(170)) - cc1fcddd-974e-4515-9faf-cb0b34c0ae51@group-C10DBE81CBFE: changes role from      null to FOLLOWER at term 0 for startAsFollower
2019-10-02 10:19:02,316 [pool-87-thread-1] INFO  impl.RoleInfo (RoleInfo.java:updateAndGet(143)) - cc1fcddd-974e-4515-9faf-cb0b34c0ae51: start FollowerState
2019-10-02 10:19:02,317 [pool-87-thread-1] INFO  util.JmxRegister (JmxRegister.java:tryRegister(44)) - Successfully registered JMX Bean with object name Ratis:service=RaftServer,group=group-C10DBE81CBFE,id=cc1fcddd-974e-4515-9faf-cb0b34c0ae51
2019-10-02 10:19:02,327 [RatisPipelineUtilsThread] INFO  pipeline.PipelineStateManager (PipelineStateManager.java:addPipeline(56)) - Created pipeline Pipeline[ Id: 74e74d77-70bc-4029-bd19-c10dbe81cbfe, Nodes: 298c2419-298a-4ac1-a348-589b955770c1{ip: 192.168.151.92, host: pr-trunk-gg4kw-413187789, networkLocation: /default-rack, certSerialId: null}b70c9021-8da6-41e6-a976-daf4f7fbddb8{ip: 192.168.151.92, host: pr-trunk-gg4kw-413187789, networkLocation: /default-rack, certSerialId: null}cc1fcddd-974e-4515-9faf-cb0b34c0ae51{ip: 192.168.151.92, host: pr-trunk-gg4kw-413187789, networkLocation: /default-rack, certSerialId: null}, Type:RATIS, Factor:THREE, State:OPEN]
2019-10-02 10:19:02,527 [663b2fe6-68c2-4e66-9671-0aa57c3653e2@group-1E4A25AF1704-SegmentedRaftLogWorker] INFO  segmented.SegmentedRaftLogWorker (SegmentedRaftLogWorker.java:execute(574)) - 663b2fe6-68c2-4e66-9671-0aa57c3653e2@group-1E4A25AF1704-SegmentedRaftLogWorker: created new log segment /workdir/hadoop-ozone/integration-test/target/test-dir/MiniOzoneClusterImpl-a60b818f-4dd1-4965-bff3-fb44efcd9a0b/datanode-0/data/ratis/72a9a53a-087f-46d8-a3c4-1e4a25af1704/current/log_inprogress_0
2019-10-02 10:19:02,527 [67f1a5fe-c7be-4ecb-b503-d243409340fd@group-6AD9B38DCBEF-SegmentedRaftLogWorker] INFO  segmented.SegmentedRaftLogWorker (SegmentedRaftLogWorker.java:execute(574)) - 67f1a5fe-c7be-4ecb-b503-d243409340fd@group-6AD9B38DCBEF-SegmentedRaftLogWorker: created new log segment /workdir/hadoop-ozone/integration-test/target/test-dir/MiniOzoneClusterImpl-a60b818f-4dd1-4965-bff3-fb44efcd9a0b/datanode-4/data/ratis/7cd08ed1-f111-46c7-a1b6-6ad9b38dcbef/current/log_inprogress_0
2019-10-02 10:19:02,527 [438152b3-e18d-41ab-8849-fe8d3376297f@group-F2905BFF232E-SegmentedRaftLogWorker] INFO  segmented.SegmentedRaftLogWorker (SegmentedRaftLogWorker.java:execute(574)) - 438152b3-e18d-41ab-8849-fe8d3376297f@group-F2905BFF232E-SegmentedRaftLogWorker: created new log segment /workdir/hadoop-ozone/integration-test/target/test-dir/MiniOzoneClusterImpl-a60b818f-4dd1-4965-bff3-fb44efcd9a0b/datanode-1/data/ratis/71000c3f-6084-48d6-bf01-f2905bff232e/current/log_inprogress_0
2019-10-02 10:19:02,527 [298c2419-298a-4ac1-a348-589b955770c1@group-0947DBB6EE86-SegmentedRaftLogWorker] INFO  segmented.SegmentedRaftLogWorker (SegmentedRaftLogWorker.java:execute(574)) - 298c2419-298a-4ac1-a348-589b955770c1@group-0947DBB6EE86-SegmentedRaftLogWorker: created new log segment /workdir/hadoop-ozone/integration-test/target/test-dir/MiniOzoneClusterImpl-a60b818f-4dd1-4965-bff3-fb44efcd9a0b/datanode-5/data/ratis/a79a4b6c-97a5-4dc8-81f4-0947dbb6ee86/current/log_inprogress_0
2019-10-02 10:19:02,527 [b70c9021-8da6-41e6-a976-daf4f7fbddb8@group-DBF4EAE54D3A-SegmentedRaftLogWorker] INFO  segmented.SegmentedRaftLogWorker (SegmentedRaftLogWorker.java:execute(574)) - b70c9021-8da6-41e6-a976-daf4f7fbddb8@group-DBF4EAE54D3A-SegmentedRaftLogWorker: created new log segment /workdir/hadoop-ozone/integration-test/target/test-dir/MiniOzoneClusterImpl-a60b818f-4dd1-4965-bff3-fb44efcd9a0b/datanode-2/data/ratis/0f56bd4b-df1e-490f-8b9c-dbf4eae54d3a/current/log_inprogress_0
2019-10-02 10:19:02,596 [main] INFO  impl.MetricsSystemImpl (MetricsSystemImpl.java:init(158)) - XceiverClientMetrics metrics system started (again)
2019-10-02 10:19:02,969 [Thread-258] INFO  impl.FollowerState (FollowerState.java:run(108)) - cc1fcddd-974e-4515-9faf-cb0b34c0ae51@group-9F5054B6A10C-FollowerState: change to CANDIDATE, lastRpcTime:5087ms, electionTimeout:5087ms
2019-10-02 10:19:02,969 [Thread-258] INFO  impl.RoleInfo (RoleInfo.java:shutdownFollowerState(121)) - cc1fcddd-974e-4515-9faf-cb0b34c0ae51: shutdown FollowerState
2019-10-02 10:19:02,969 [Thread-258] INFO  impl.RaftServerImpl (RaftServerImpl.java:setRole(170)) - cc1fcddd-974e-4515-9faf-cb0b34c0ae51@group-9F5054B6A10C: changes role from  FOLLOWER to CANDIDATE at term 0 for changeToCandidate
2019-10-02 10:19:02,969 [Thread-258] INFO  impl.RoleInfo (RoleInfo.java:updateAndGet(143)) - cc1fcddd-974e-4515-9faf-cb0b34c0ae51: start LeaderElection
2019-10-02 10:19:02,989 [cc1fcddd-974e-4515-9faf-cb0b34c0ae51@group-9F5054B6A10C-LeaderElection6] INFO  impl.LeaderElection (LeaderElection.java:askForVotes(178)) - cc1fcddd-974e-4515-9faf-cb0b34c0ae51@group-9F5054B6A10C-LeaderElection6: begin an election at term 1 for -1: [cc1fcddd-974e-4515-9faf-cb0b34c0ae51:192.168.151.92:40331], old=null
2019-10-02 10:19:02,989 [cc1fcddd-974e-4515-9faf-cb0b34c0ae51@group-9F5054B6A10C-LeaderElection6] INFO  impl.RoleInfo (RoleInfo.java:shutdownLeaderElection(134)) - cc1fcddd-974e-4515-9faf-cb0b34c0ae51: shutdown LeaderElection
2019-10-02 10:19:02,990 [cc1fcddd-974e-4515-9faf-cb0b34c0ae51@group-9F5054B6A10C-LeaderElection6] INFO  impl.RaftServerImpl (RaftServerImpl.java:setRole(170)) - cc1fcddd-974e-4515-9faf-cb0b34c0ae51@group-9F5054B6A10C: changes role from CANDIDATE to LEADER at term 1 for changeToLeader
2019-10-02 10:19:02,990 [cc1fcddd-974e-4515-9faf-cb0b34c0ae51@group-9F5054B6A10C-LeaderElection6] INFO  impl.RaftServerImpl (ServerState.java:setLeader(255)) - cc1fcddd-974e-4515-9faf-cb0b34c0ae51@group-9F5054B6A10C: change Leader from null to cc1fcddd-974e-4515-9faf-cb0b34c0ae51 at term 1 for becomeLeader, leader elected after 5123ms
2019-10-02 10:19:02,992 [cc1fcddd-974e-4515-9faf-cb0b34c0ae51@group-9F5054B6A10C-LeaderElection6] INFO  server.RaftServerConfigKeys (ConfUtils.java:logGet(43)) - raft.server.staging.catchup.gap = 1000 (default)
2019-10-02 10:19:02,992 [cc1fcddd-974e-4515-9faf-cb0b34c0ae51@group-9F5054B6A10C-LeaderElection6] INFO  server.RaftServerConfigKeys (ConfUtils.java:logGet(43)) - raft.server.rpc.sleep.time = 25ms (default)
2019-10-02 10:19:02,992 [cc1fcddd-974e-4515-9faf-cb0b34c0ae51@group-9F5054B6A10C-LeaderElection6] INFO  server.RaftServerConfigKeys (ConfUtils.java:logGet(43)) - raft.server.write.element-limit = 4096 (default)
2019-10-02 10:19:02,993 [cc1fcddd-974e-4515-9faf-cb0b34c0ae51@group-9F5054B6A10C-LeaderElection6] INFO  server.RaftServerConfigKeys (ConfUtils.java:logGet(43)) - raft.server.watch.timeout = 10s (default)
2019-10-02 10:19:02,993 [cc1fcddd-974e-4515-9faf-cb0b34c0ae51@group-9F5054B6A10C-LeaderElection6] INFO  server.RaftServerConfigKeys (ConfUtils.java:logGet(43)) - raft.server.watch.timeout.denomination = 1s (default)
2019-10-02 10:19:02,993 [cc1fcddd-974e-4515-9faf-cb0b34c0ae51@group-9F5054B6A10C-LeaderElection6] INFO  server.RaftServerConfigKeys (ConfUtils.java:logGet(43)) - raft.server.watch.element-limit = 65536 (default)
2019-10-02 10:19:02,996 [cc1fcddd-974e-4515-9faf-cb0b34c0ae51@group-9F5054B6A10C-LeaderElection6] INFO  impl.RoleInfo (RoleInfo.java:updateAndGet(143)) - cc1fcddd-974e-4515-9faf-cb0b34c0ae51: start LeaderState
2019-10-02 10:19:02,997 [cc1fcddd-974e-4515-9faf-cb0b34c0ae51@group-9F5054B6A10C-LeaderElection6] INFO  segmented.SegmentedRaftLogWorker (SegmentedRaftLogWorker.java:startLogSegment(385)) - cc1fcddd-974e-4515-9faf-cb0b34c0ae51@group-9F5054B6A10C-SegmentedRaftLogWorker: Starting segment from index:0
2019-10-02 10:19:02,997 [cc1fcddd-974e-4515-9faf-cb0b34c0ae51@group-9F5054B6A10C-LeaderElection6] INFO  impl.RaftServerImpl (ServerState.java:setRaftConf(356)) - cc1fcddd-974e-4515-9faf-cb0b34c0ae51@group-9F5054B6A10C: set configuration 0: [cc1fcddd-974e-4515-9faf-cb0b34c0ae51:192.168.151.92:40331], old=null at 0
2019-10-02 10:19:03,047 [cc1fcddd-974e-4515-9faf-cb0b34c0ae51@group-9F5054B6A10C-SegmentedRaftLogWorker] INFO  segmented.SegmentedRaftLogWorker (SegmentedRaftLogWorker.java:execute(574)) - cc1fcddd-974e-4515-9faf-cb0b34c0ae51@group-9F5054B6A10C-SegmentedRaftLogWorker: created new log segment /workdir/hadoop-ozone/integration-test/target/test-dir/MiniOzoneClusterImpl-a60b818f-4dd1-4965-bff3-fb44efcd9a0b/datanode-6/data/ratis/5607a3d9-3edf-4233-9c79-9f5054b6a10c/current/log_inprogress_0
2019-10-02 10:19:05,455 [Thread-263] INFO  impl.FollowerState (FollowerState.java:run(108)) - e651fbfb-20c0-4662-a7f7-0a3dd600170c@group-FBF4E43B706F-FollowerState: change to CANDIDATE, lastRpcTime:5133ms, electionTimeout:5133ms
2019-10-02 10:19:05,456 [Thread-263] INFO  impl.RoleInfo (RoleInfo.java:shutdownFollowerState(121)) - e651fbfb-20c0-4662-a7f7-0a3dd600170c: shutdown FollowerState
2019-10-02 10:19:05,456 [Thread-263] INFO  impl.RaftServerImpl (RaftServerImpl.java:setRole(170)) - e651fbfb-20c0-4662-a7f7-0a3dd600170c@group-FBF4E43B706F: changes role from  FOLLOWER to CANDIDATE at term 0 for changeToCandidate
2019-10-02 10:19:05,456 [Thread-263] INFO  impl.RoleInfo (RoleInfo.java:updateAndGet(143)) - e651fbfb-20c0-4662-a7f7-0a3dd600170c: start LeaderElection
2019-10-02 10:19:05,511 [e651fbfb-20c0-4662-a7f7-0a3dd600170c@group-FBF4E43B706F-LeaderElection7] INFO  impl.LeaderElection (LeaderElection.java:askForVotes(178)) - e651fbfb-20c0-4662-a7f7-0a3dd600170c@group-FBF4E43B706F-LeaderElection7: begin an election at term 1 for -1: [e651fbfb-20c0-4662-a7f7-0a3dd600170c:192.168.151.92:40542], old=null
2019-10-02 10:19:05,511 [e651fbfb-20c0-4662-a7f7-0a3dd600170c@group-FBF4E43B706F-LeaderElection7] INFO  impl.RoleInfo (RoleInfo.java:shutdownLeaderElection(134)) - e651fbfb-20c0-4662-a7f7-0a3dd600170c: shutdown LeaderElection
2019-10-02 10:19:05,511 [e651fbfb-20c0-4662-a7f7-0a3dd600170c@group-FBF4E43B706F-LeaderElection7] INFO  impl.RaftServerImpl (RaftServerImpl.java:setRole(170)) - e651fbfb-20c0-4662-a7f7-0a3dd600170c@group-FBF4E43B706F: changes role from CANDIDATE to LEADER at term 1 for changeToLeader
2019-10-02 10:19:05,511 [e651fbfb-20c0-4662-a7f7-0a3dd600170c@group-FBF4E43B706F-LeaderElection7] INFO  impl.RaftServerImpl (ServerState.java:setLeader(255)) - e651fbfb-20c0-4662-a7f7-0a3dd600170c@group-FBF4E43B706F: change Leader from null to e651fbfb-20c0-4662-a7f7-0a3dd600170c at term 1 for becomeLeader, leader elected after 5199ms
2019-10-02 10:19:05,514 [e651fbfb-20c0-4662-a7f7-0a3dd600170c@group-FBF4E43B706F-LeaderElection7] INFO  server.RaftServerConfigKeys (ConfUtils.java:logGet(43)) - raft.server.staging.catchup.gap = 1000 (default)
2019-10-02 10:19:05,515 [e651fbfb-20c0-4662-a7f7-0a3dd600170c@group-FBF4E43B706F-LeaderElection7] INFO  server.RaftServerConfigKeys (ConfUtils.java:logGet(43)) - raft.server.rpc.sleep.time = 25ms (default)
2019-10-02 10:19:05,515 [e651fbfb-20c0-4662-a7f7-0a3dd600170c@group-FBF4E43B706F-LeaderElection7] INFO  server.RaftServerConfigKeys (ConfUtils.java:logGet(43)) - raft.server.write.element-limit = 4096 (default)
2019-10-02 10:19:05,515 [e651fbfb-20c0-4662-a7f7-0a3dd600170c@group-FBF4E43B706F-LeaderElection7] INFO  server.RaftServerConfigKeys (ConfUtils.java:logGet(43)) - raft.server.watch.timeout = 10s (default)
2019-10-02 10:19:05,515 [e651fbfb-20c0-4662-a7f7-0a3dd600170c@group-FBF4E43B706F-LeaderElection7] INFO  server.RaftServerConfigKeys (ConfUtils.java:logGet(43)) - raft.server.watch.timeout.denomination = 1s (default)
2019-10-02 10:19:05,515 [e651fbfb-20c0-4662-a7f7-0a3dd600170c@group-FBF4E43B706F-LeaderElection7] INFO  server.RaftServerConfigKeys (ConfUtils.java:logGet(43)) - raft.server.watch.element-limit = 65536 (default)
2019-10-02 10:19:05,679 [e651fbfb-20c0-4662-a7f7-0a3dd600170c@group-FBF4E43B706F-LeaderElection7] INFO  impl.RoleInfo (RoleInfo.java:updateAndGet(143)) - e651fbfb-20c0-4662-a7f7-0a3dd600170c: start LeaderState
2019-10-02 10:19:05,680 [e651fbfb-20c0-4662-a7f7-0a3dd600170c@group-FBF4E43B706F-LeaderElection7] INFO  segmented.SegmentedRaftLogWorker (SegmentedRaftLogWorker.java:startLogSegment(385)) - e651fbfb-20c0-4662-a7f7-0a3dd600170c@group-FBF4E43B706F-SegmentedRaftLogWorker: Starting segment from index:0
2019-10-02 10:19:05,681 [e651fbfb-20c0-4662-a7f7-0a3dd600170c@group-FBF4E43B706F-LeaderElection7] INFO  impl.RaftServerImpl (ServerState.java:setRaftConf(356)) - e651fbfb-20c0-4662-a7f7-0a3dd600170c@group-FBF4E43B706F: set configuration 0: [e651fbfb-20c0-4662-a7f7-0a3dd600170c:192.168.151.92:40542], old=null at 0
2019-10-02 10:19:05,723 [e651fbfb-20c0-4662-a7f7-0a3dd600170c@group-FBF4E43B706F-SegmentedRaftLogWorker] INFO  segmented.SegmentedRaftLogWorker (SegmentedRaftLogWorker.java:execute(574)) - e651fbfb-20c0-4662-a7f7-0a3dd600170c@group-FBF4E43B706F-SegmentedRaftLogWorker: created new log segment /workdir/hadoop-ozone/integration-test/target/test-dir/MiniOzoneClusterImpl-a60b818f-4dd1-4965-bff3-fb44efcd9a0b/datanode-3/data/ratis/65502fa4-7def-47e4-8887-fbf4e43b706f/current/log_inprogress_0
2019-10-02 10:19:07,189 [Thread-278] INFO  impl.FollowerState (FollowerState.java:run(108)) - 663b2fe6-68c2-4e66-9671-0aa57c3653e2@group-47E0ABD6D52E-FollowerState: change to CANDIDATE, lastRpcTime:5018ms, electionTimeout:5016ms
2019-10-02 10:19:07,190 [Thread-278] INFO  impl.RoleInfo (RoleInfo.java:shutdownFollowerState(121)) - 663b2fe6-68c2-4e66-9671-0aa57c3653e2: shutdown FollowerState
2019-10-02 10:19:07,190 [Thread-278] INFO  impl.RaftServerImpl (RaftServerImpl.java:setRole(170)) - 663b2fe6-68c2-4e66-9671-0aa57c3653e2@group-47E0ABD6D52E: changes role from  FOLLOWER to CANDIDATE at term 0 for changeToCandidate
2019-10-02 10:19:07,190 [Thread-278] INFO  impl.RoleInfo (RoleInfo.java:updateAndGet(143)) - 663b2fe6-68c2-4e66-9671-0aa57c3653e2: start LeaderElection
2019-10-02 10:19:07,201 [Thread-277] INFO  impl.FollowerState (FollowerState.java:run(108)) - 67f1a5fe-c7be-4ecb-b503-d243409340fd@group-47E0ABD6D52E-FollowerState: change to CANDIDATE, lastRpcTime:5032ms, electionTimeout:5032ms
2019-10-02 10:19:07,201 [Thread-277] INFO  impl.RoleInfo (RoleInfo.java:shutdownFollowerState(121)) - 67f1a5fe-c7be-4ecb-b503-d243409340fd: shutdown FollowerState
2019-10-02 10:19:07,201 [Thread-277] INFO  impl.RaftServerImpl (RaftServerImpl.java:setRole(170)) - 67f1a5fe-c7be-4ecb-b503-d243409340fd@group-47E0ABD6D52E: changes role from  FOLLOWER to CANDIDATE at term 0 for changeToCandidate
2019-10-02 10:19:07,202 [Thread-277] INFO  impl.RoleInfo (RoleInfo.java:updateAndGet(143)) - 67f1a5fe-c7be-4ecb-b503-d243409340fd: start LeaderElection
2019-10-02 10:19:07,255 [663b2fe6-68c2-4e66-9671-0aa57c3653e2@group-47E0ABD6D52E-LeaderElection8] INFO  impl.LeaderElection (LeaderElection.java:askForVotes(178)) - 663b2fe6-68c2-4e66-9671-0aa57c3653e2@group-47E0ABD6D52E-LeaderElection8: begin an election at term 1 for -1: [663b2fe6-68c2-4e66-9671-0aa57c3653e2:192.168.151.92:41388, 67f1a5fe-c7be-4ecb-b503-d243409340fd:192.168.151.92:36198, 438152b3-e18d-41ab-8849-fe8d3376297f:192.168.151.92:40801], old=null
2019-10-02 10:19:07,261 [67f1a5fe-c7be-4ecb-b503-d243409340fd@group-47E0ABD6D52E-LeaderElection9] INFO  impl.LeaderElection (LeaderElection.java:askForVotes(178)) - 67f1a5fe-c7be-4ecb-b503-d243409340fd@group-47E0ABD6D52E-LeaderElection9: begin an election at term 1 for -1: [663b2fe6-68c2-4e66-9671-0aa57c3653e2:192.168.151.92:41388, 67f1a5fe-c7be-4ecb-b503-d243409340fd:192.168.151.92:36198, 438152b3-e18d-41ab-8849-fe8d3376297f:192.168.151.92:40801], old=null
2019-10-02 10:19:07,299 [grpc-default-executor-2] INFO  impl.RaftServerImpl (RaftServerImpl.java:setRole(170)) - 438152b3-e18d-41ab-8849-fe8d3376297f@group-47E0ABD6D52E: changes role from  FOLLOWER to FOLLOWER at term 1 for recognizeCandidate:663b2fe6-68c2-4e66-9671-0aa57c3653e2
2019-10-02 10:19:07,299 [grpc-default-executor-2] INFO  impl.RoleInfo (RoleInfo.java:shutdownFollowerState(121)) - 438152b3-e18d-41ab-8849-fe8d3376297f: shutdown FollowerState
2019-10-02 10:19:07,299 [grpc-default-executor-2] INFO  impl.RoleInfo (RoleInfo.java:updateAndGet(143)) - 438152b3-e18d-41ab-8849-fe8d3376297f: start FollowerState
2019-10-02 10:19:07,299 [Thread-276] INFO  impl.FollowerState (FollowerState.java:run(117)) - 438152b3-e18d-41ab-8849-fe8d3376297f@group-47E0ABD6D52E-FollowerState was interrupted: java.lang.InterruptedException: sleep interrupted
2019-10-02 10:19:07,351 [Thread-287] INFO  impl.FollowerState (FollowerState.java:run(108)) - 298c2419-298a-4ac1-a348-589b955770c1@group-C10DBE81CBFE-FollowerState: change to CANDIDATE, lastRpcTime:5055ms, electionTimeout:5055ms
2019-10-02 10:19:07,351 [Thread-287] INFO  impl.RoleInfo (RoleInfo.java:shutdownFollowerState(121)) - 298c2419-298a-4ac1-a348-589b955770c1: shutdown FollowerState
2019-10-02 10:19:07,352 [Thread-287] INFO  impl.RaftServerImpl (RaftServerImpl.java:setRole(170)) - 298c2419-298a-4ac1-a348-589b955770c1@group-C10DBE81CBFE: changes role from  FOLLOWER to CANDIDATE at term 0 for changeToCandidate
2019-10-02 10:19:07,352 [Thread-287] INFO  impl.RoleInfo (RoleInfo.java:updateAndGet(143)) - 298c2419-298a-4ac1-a348-589b955770c1: start LeaderElection
2019-10-02 10:19:07,358 [663b2fe6-68c2-4e66-9671-0aa57c3653e2@group-47E0ABD6D52E-LeaderElection8] INFO  impl.LeaderElection (LeaderElection.java:logAndReturn(56)) - 663b2fe6-68c2-4e66-9671-0aa57c3653e2@group-47E0ABD6D52E-LeaderElection8: Election PASSED; received 2 response(s) [663b2fe6-68c2-4e66-9671-0aa57c3653e2<-67f1a5fe-c7be-4ecb-b503-d243409340fd#0:FAIL-t1, 663b2fe6-68c2-4e66-9671-0aa57c3653e2<-438152b3-e18d-41ab-8849-fe8d3376297f#0:OK-t1] and 0 exception(s); 663b2fe6-68c2-4e66-9671-0aa57c3653e2@group-47E0ABD6D52E:t1, leader=null, voted=663b2fe6-68c2-4e66-9671-0aa57c3653e2, raftlog=663b2fe6-68c2-4e66-9671-0aa57c3653e2@group-47E0ABD6D52E-SegmentedRaftLog:OPENED:c-1,f-1,i0, conf=-1: [663b2fe6-68c2-4e66-9671-0aa57c3653e2:192.168.151.92:41388, 67f1a5fe-c7be-4ecb-b503-d243409340fd:192.168.151.92:36198, 438152b3-e18d-41ab-8849-fe8d3376297f:192.168.151.92:40801], old=null
2019-10-02 10:19:07,358 [67f1a5fe-c7be-4ecb-b503-d243409340fd@group-47E0ABD6D52E-LeaderElection9] INFO  impl.LeaderElection (LeaderElection.java:logAndReturn(56)) - 67f1a5fe-c7be-4ecb-b503-d243409340fd@group-47E0ABD6D52E-LeaderElection9: Election REJECTED; received 2 response(s) [67f1a5fe-c7be-4ecb-b503-d243409340fd<-663b2fe6-68c2-4e66-9671-0aa57c3653e2#0:FAIL-t1, 67f1a5fe-c7be-4ecb-b503-d243409340fd<-438152b3-e18d-41ab-8849-fe8d3376297f#0:FAIL-t1] and 0 exception(s); 67f1a5fe-c7be-4ecb-b503-d243409340fd@group-47E0ABD6D52E:t1, leader=null, voted=67f1a5fe-c7be-4ecb-b503-d243409340fd, raftlog=67f1a5fe-c7be-4ecb-b503-d243409340fd@group-47E0ABD6D52E-SegmentedRaftLog:OPENED:c-1,f-1,i0, conf=-1: [663b2fe6-68c2-4e66-9671-0aa57c3653e2:192.168.151.92:41388, 67f1a5fe-c7be-4ecb-b503-d243409340fd:192.168.151.92:36198, 438152b3-e18d-41ab-8849-fe8d3376297f:192.168.151.92:40801], old=null
2019-10-02 10:19:07,358 [663b2fe6-68c2-4e66-9671-0aa57c3653e2@group-47E0ABD6D52E-LeaderElection8] INFO  impl.RoleInfo (RoleInfo.java:shutdownLeaderElection(134)) - 663b2fe6-68c2-4e66-9671-0aa57c3653e2: shutdown LeaderElection
2019-10-02 10:19:07,361 [67f1a5fe-c7be-4ecb-b503-d243409340fd@group-47E0ABD6D52E-LeaderElection9] INFO  impl.RaftServerImpl (RaftServerImpl.java:setRole(170)) - 67f1a5fe-c7be-4ecb-b503-d243409340fd@group-47E0ABD6D52E: changes role from CANDIDATE to FOLLOWER at term 1 for DISCOVERED_A_NEW_TERM
2019-10-02 10:19:07,365 [663b2fe6-68c2-4e66-9671-0aa57c3653e2@group-47E0ABD6D52E-LeaderElection8] INFO  impl.RaftServerImpl (RaftServerImpl.java:setRole(170)) - 663b2fe6-68c2-4e66-9671-0aa57c3653e2@group-47E0ABD6D52E: changes role from CANDIDATE to LEADER at term 1 for changeToLeader
2019-10-02 10:19:07,366 [67f1a5fe-c7be-4ecb-b503-d243409340fd@group-47E0ABD6D52E-LeaderElection9] INFO  impl.RoleInfo (RoleInfo.java:shutdownLeaderElection(134)) - 67f1a5fe-c7be-4ecb-b503-d243409340fd: shutdown LeaderElection
2019-10-02 10:19:07,366 [663b2fe6-68c2-4e66-9671-0aa57c3653e2@group-47E0ABD6D52E-LeaderElection8] INFO  impl.RaftServerImpl (ServerState.java:setLeader(255)) - 663b2fe6-68c2-4e66-9671-0aa57c3653e2@group-47E0ABD6D52E: change Leader from null to 663b2fe6-68c2-4e66-9671-0aa57c3653e2 at term 1 for becomeLeader, leader elected after 5216ms
2019-10-02 10:19:07,366 [67f1a5fe-c7be-4ecb-b503-d243409340fd@group-47E0ABD6D52E-LeaderElection9] INFO  impl.RoleInfo (RoleInfo.java:updateAndGet(143)) - 67f1a5fe-c7be-4ecb-b503-d243409340fd: start FollowerState
2019-10-02 10:19:07,366 [663b2fe6-68c2-4e66-9671-0aa57c3653e2@group-47E0ABD6D52E-LeaderElection8] INFO  server.RaftServerConfigKeys (ConfUtils.java:logGet(43)) - raft.server.staging.catchup.gap = 1000 (default)
2019-10-02 10:19:07,367 [663b2fe6-68c2-4e66-9671-0aa57c3653e2@group-47E0ABD6D52E-LeaderElection8] INFO  server.RaftServerConfigKeys (ConfUtils.java:logGet(43)) - raft.server.rpc.sleep.time = 25ms (default)
2019-10-02 10:19:07,368 [663b2fe6-68c2-4e66-9671-0aa57c3653e2@group-47E0ABD6D52E-LeaderElection8] INFO  server.RaftServerConfigKeys (ConfUtils.java:logGet(43)) - raft.server.write.element-limit = 4096 (default)
2019-10-02 10:19:07,368 [663b2fe6-68c2-4e66-9671-0aa57c3653e2@group-47E0ABD6D52E-LeaderElection8] INFO  server.RaftServerConfigKeys (ConfUtils.java:logGet(43)) - raft.server.watch.timeout = 10s (default)
2019-10-02 10:19:07,368 [663b2fe6-68c2-4e66-9671-0aa57c3653e2@group-47E0ABD6D52E-LeaderElection8] INFO  server.RaftServerConfigKeys (ConfUtils.java:logGet(43)) - raft.server.watch.timeout.denomination = 1s (default)
2019-10-02 10:19:07,368 [663b2fe6-68c2-4e66-9671-0aa57c3653e2@group-47E0ABD6D52E-LeaderElection8] INFO  server.RaftServerConfigKeys (ConfUtils.java:logGet(43)) - raft.server.watch.element-limit = 65536 (default)
2019-10-02 10:19:07,370 [298c2419-298a-4ac1-a348-589b955770c1@group-C10DBE81CBFE-LeaderElection10] INFO  impl.LeaderElection (LeaderElection.java:askForVotes(178)) - 298c2419-298a-4ac1-a348-589b955770c1@group-C10DBE81CBFE-LeaderElection10: begin an election at term 1 for -1: [cc1fcddd-974e-4515-9faf-cb0b34c0ae51:192.168.151.92:40331, 298c2419-298a-4ac1-a348-589b955770c1:192.168.151.92:40159, b70c9021-8da6-41e6-a976-daf4f7fbddb8:192.168.151.92:38657], old=null
2019-10-02 10:19:07,378 [663b2fe6-68c2-4e66-9671-0aa57c3653e2@group-47E0ABD6D52E-LeaderElection8] INFO  server.RaftServerConfigKeys (ConfUtils.java:logGet(43)) - raft.server.log.appender.snapshot.chunk.size.max = 16MB (=16777216) (default)
2019-10-02 10:19:07,379 [663b2fe6-68c2-4e66-9671-0aa57c3653e2@group-47E0ABD6D52E-LeaderElection8] INFO  server.RaftServerConfigKeys (ConfUtils.java:logGet(43)) - raft.server.log.appender.buffer.byte-limit = 33554432 (custom)
2019-10-02 10:19:07,379 [663b2fe6-68c2-4e66-9671-0aa57c3653e2@group-47E0ABD6D52E-LeaderElection8] INFO  server.RaftServerConfigKeys (ConfUtils.java:logGet(43)) - raft.server.log.appender.buffer.element-limit = 1 (custom)
2019-10-02 10:19:07,386 [grpc-default-executor-0] INFO  impl.RaftServerImpl (RaftServerImpl.java:setRole(170)) - b70c9021-8da6-41e6-a976-daf4f7fbddb8@group-C10DBE81CBFE: changes role from  FOLLOWER to FOLLOWER at term 1 for recognizeCandidate:298c2419-298a-4ac1-a348-589b955770c1
2019-10-02 10:19:07,386 [grpc-default-executor-0] INFO  impl.RoleInfo (RoleInfo.java:shutdownFollowerState(121)) - b70c9021-8da6-41e6-a976-daf4f7fbddb8: shutdown FollowerState
2019-10-02 10:19:07,387 [grpc-default-executor-2] INFO  impl.RaftServerImpl (RaftServerImpl.java:setRole(170)) - cc1fcddd-974e-4515-9faf-cb0b34c0ae51@group-C10DBE81CBFE: changes role from  FOLLOWER to FOLLOWER at term 1 for recognizeCandidate:298c2419-298a-4ac1-a348-589b955770c1
2019-10-02 10:19:07,388 [grpc-default-executor-2] INFO  impl.RoleInfo (RoleInfo.java:shutdownFollowerState(121)) - cc1fcddd-974e-4515-9faf-cb0b34c0ae51: shutdown FollowerState
2019-10-02 10:19:07,388 [Thread-286] INFO  impl.FollowerState (FollowerState.java:run(117)) - b70c9021-8da6-41e6-a976-daf4f7fbddb8@group-C10DBE81CBFE-FollowerState was interrupted: java.lang.InterruptedException: sleep interrupted
2019-10-02 10:19:07,388 [grpc-default-executor-2] INFO  impl.RoleInfo (RoleInfo.java:updateAndGet(143)) - cc1fcddd-974e-4515-9faf-cb0b34c0ae51: start FollowerState
2019-10-02 10:19:07,388 [grpc-default-executor-0] INFO  impl.RoleInfo (RoleInfo.java:updateAndGet(143)) - b70c9021-8da6-41e6-a976-daf4f7fbddb8: start FollowerState
2019-10-02 10:19:07,388 [Thread-291] INFO  impl.FollowerState (FollowerState.java:run(117)) - cc1fcddd-974e-4515-9faf-cb0b34c0ae51@group-C10DBE81CBFE-FollowerState was interrupted: java.lang.InterruptedException: sleep interrupted
2019-10-02 10:19:07,391 [663b2fe6-68c2-4e66-9671-0aa57c3653e2@group-47E0ABD6D52E-LeaderElection8] INFO  grpc.GrpcConfigKeys$Server (ConfUtils.java:logGet(43)) - raft.grpc.server.leader.outstanding.appends.max = 128 (default)
2019-10-02 10:19:07,391 [663b2fe6-68c2-4e66-9671-0aa57c3653e2@group-47E0ABD6D52E-LeaderElection8] INFO  server.RaftServerConfigKeys (ConfUtils.java:logGet(43)) - raft.server.rpc.request.timeout = 3000ms (default)
2019-10-02 10:19:07,391 [663b2fe6-68c2-4e66-9671-0aa57c3653e2@group-47E0ABD6D52E-LeaderElection8] INFO  server.RaftServerConfigKeys (ConfUtils.java:logGet(43)) - raft.server.log.appender.install.snapshot.enabled = false (custom)
2019-10-02 10:19:07,392 [663b2fe6-68c2-4e66-9671-0aa57c3653e2@group-47E0ABD6D52E-LeaderElection8] INFO  server.RaftServerConfigKeys (ConfUtils.java:logGet(43)) - raft.server.log.appender.snapshot.chunk.size.max = 16MB (=16777216) (default)
2019-10-02 10:19:07,393 [663b2fe6-68c2-4e66-9671-0aa57c3653e2@group-47E0ABD6D52E-LeaderElection8] INFO  server.RaftServerConfigKeys (ConfUtils.java:logGet(43)) - raft.server.log.appender.buffer.byte-limit = 33554432 (custom)
2019-10-02 10:19:07,393 [663b2fe6-68c2-4e66-9671-0aa57c3653e2@group-47E0ABD6D52E-LeaderElection8] INFO  server.RaftServerConfigKeys (ConfUtils.java:logGet(43)) - raft.server.log.appender.buffer.element-limit = 1 (custom)
2019-10-02 10:19:07,393 [663b2fe6-68c2-4e66-9671-0aa57c3653e2@group-47E0ABD6D52E-LeaderElection8] INFO  grpc.GrpcConfigKeys$Server (ConfUtils.java:logGet(43)) - raft.grpc.server.leader.outstanding.appends.max = 128 (default)
2019-10-02 10:19:07,393 [663b2fe6-68c2-4e66-9671-0aa57c3653e2@group-47E0ABD6D52E-LeaderElection8] INFO  server.RaftServerConfigKeys (ConfUtils.java:logGet(43)) - raft.server.rpc.request.timeout = 3000ms (default)
2019-10-02 10:19:07,393 [663b2fe6-68c2-4e66-9671-0aa57c3653e2@group-47E0ABD6D52E-LeaderElection8] INFO  server.RaftServerConfigKeys (ConfUtils.java:logGet(43)) - raft.server.log.appender.install.snapshot.enabled = false (custom)
2019-10-02 10:19:07,394 [663b2fe6-68c2-4e66-9671-0aa57c3653e2@group-47E0ABD6D52E-LeaderElection8] INFO  impl.RoleInfo (RoleInfo.java:updateAndGet(143)) - 663b2fe6-68c2-4e66-9671-0aa57c3653e2: start LeaderState
2019-10-02 10:19:07,394 [663b2fe6-68c2-4e66-9671-0aa57c3653e2@group-47E0ABD6D52E-LeaderElection8] INFO  segmented.SegmentedRaftLogWorker (SegmentedRaftLogWorker.java:startLogSegment(385)) - 663b2fe6-68c2-4e66-9671-0aa57c3653e2@group-47E0ABD6D52E-SegmentedRaftLogWorker: Starting segment from index:0
2019-10-02 10:19:07,395 [663b2fe6-68c2-4e66-9671-0aa57c3653e2@group-47E0ABD6D52E-LeaderElection8] INFO  impl.RaftServerImpl (ServerState.java:setRaftConf(356)) - 663b2fe6-68c2-4e66-9671-0aa57c3653e2@group-47E0ABD6D52E: set configuration 0: [663b2fe6-68c2-4e66-9671-0aa57c3653e2:192.168.151.92:41388, 67f1a5fe-c7be-4ecb-b503-d243409340fd:192.168.151.92:36198, 438152b3-e18d-41ab-8849-fe8d3376297f:192.168.151.92:40801], old=null at 0
2019-10-02 10:19:07,428 [298c2419-298a-4ac1-a348-589b955770c1@group-C10DBE81CBFE-LeaderElection10] INFO  impl.LeaderElection (LeaderElection.java:logAndReturn(56)) - 298c2419-298a-4ac1-a348-589b955770c1@group-C10DBE81CBFE-LeaderElection10: Election PASSED; received 1 response(s) [298c2419-298a-4ac1-a348-589b955770c1<-cc1fcddd-974e-4515-9faf-cb0b34c0ae51#0:OK-t1] and 0 exception(s); 298c2419-298a-4ac1-a348-589b955770c1@group-C10DBE81CBFE:t1, leader=null, voted=298c2419-298a-4ac1-a348-589b955770c1, raftlog=298c2419-298a-4ac1-a348-589b955770c1@group-C10DBE81CBFE-SegmentedRaftLog:OPENED:c-1,f-1,i0, conf=-1: [cc1fcddd-974e-4515-9faf-cb0b34c0ae51:192.168.151.92:40331, 298c2419-298a-4ac1-a348-589b955770c1:192.168.151.92:40159, b70c9021-8da6-41e6-a976-daf4f7fbddb8:192.168.151.92:38657], old=null
2019-10-02 10:19:07,428 [298c2419-298a-4ac1-a348-589b955770c1@group-C10DBE81CBFE-LeaderElection10] INFO  impl.RoleInfo (RoleInfo.java:shutdownLeaderElection(134)) - 298c2419-298a-4ac1-a348-589b955770c1: shutdown LeaderElection
2019-10-02 10:19:07,438 [663b2fe6-68c2-4e66-9671-0aa57c3653e2@group-47E0ABD6D52E-SegmentedRaftLogWorker] INFO  segmented.SegmentedRaftLogWorker (SegmentedRaftLogWorker.java:execute(574)) - 663b2fe6-68c2-4e66-9671-0aa57c3653e2@group-47E0ABD6D52E-SegmentedRaftLogWorker: created new log segment /workdir/hadoop-ozone/integration-test/target/test-dir/MiniOzoneClusterImpl-a60b818f-4dd1-4965-bff3-fb44efcd9a0b/datanode-0/data/ratis/03f117a7-0f72-406d-a36b-47e0abd6d52e/current/log_inprogress_0
2019-10-02 10:19:07,440 [298c2419-298a-4ac1-a348-589b955770c1@group-C10DBE81CBFE-LeaderElection10] INFO  impl.RaftServerImpl (RaftServerImpl.java:setRole(170)) - 298c2419-298a-4ac1-a348-589b955770c1@group-C10DBE81CBFE: changes role from CANDIDATE to LEADER at term 1 for changeToLeader
2019-10-02 10:19:07,441 [298c2419-298a-4ac1-a348-589b955770c1@group-C10DBE81CBFE-LeaderElection10] INFO  impl.RaftServerImpl (ServerState.java:setLeader(255)) - 298c2419-298a-4ac1-a348-589b955770c1@group-C10DBE81CBFE: change Leader from null to 298c2419-298a-4ac1-a348-589b955770c1 at term 1 for becomeLeader, leader elected after 5154ms
2019-10-02 10:19:07,441 [298c2419-298a-4ac1-a348-589b955770c1@group-C10DBE81CBFE-LeaderElection10] INFO  server.RaftServerConfigKeys (ConfUtils.java:logGet(43)) - raft.server.staging.catchup.gap = 1000 (default)
2019-10-02 10:19:07,441 [298c2419-298a-4ac1-a348-589b955770c1@group-C10DBE81CBFE-LeaderElection10] INFO  server.RaftServerConfigKeys (ConfUtils.java:logGet(43)) - raft.server.rpc.sleep.time = 25ms (default)
2019-10-02 10:19:07,442 [298c2419-298a-4ac1-a348-589b955770c1@group-C10DBE81CBFE-LeaderElection10] INFO  server.RaftServerConfigKeys (ConfUtils.java:logGet(43)) - raft.server.write.element-limit = 4096 (default)
2019-10-02 10:19:07,442 [298c2419-298a-4ac1-a348-589b955770c1@group-C10DBE81CBFE-LeaderElection10] INFO  server.RaftServerConfigKeys (ConfUtils.java:logGet(43)) - raft.server.watch.timeout = 10s (default)
2019-10-02 10:19:07,442 [298c2419-298a-4ac1-a348-589b955770c1@group-C10DBE81CBFE-LeaderElection10] INFO  server.RaftServerConfigKeys (ConfUtils.java:logGet(43)) - raft.server.watch.timeout.denomination = 1s (default)
2019-10-02 10:19:07,442 [298c2419-298a-4ac1-a348-589b955770c1@group-C10DBE81CBFE-LeaderElection10] INFO  server.RaftServerConfigKeys (ConfUtils.java:logGet(43)) - raft.server.watch.element-limit = 65536 (default)
2019-10-02 10:19:07,446 [298c2419-298a-4ac1-a348-589b955770c1@group-C10DBE81CBFE-LeaderElection10] INFO  server.RaftServerConfigKeys (ConfUtils.java:logGet(43)) - raft.server.log.appender.snapshot.chunk.size.max = 16MB (=16777216) (default)
2019-10-02 10:19:07,447 [298c2419-298a-4ac1-a348-589b955770c1@group-C10DBE81CBFE-LeaderElection10] INFO  server.RaftServerConfigKeys (ConfUtils.java:logGet(43)) - raft.server.log.appender.buffer.byte-limit = 33554432 (custom)
2019-10-02 10:19:07,447 [298c2419-298a-4ac1-a348-589b955770c1@group-C10DBE81CBFE-LeaderElection10] INFO  server.RaftServerConfigKeys (ConfUtils.java:logGet(43)) - raft.server.log.appender.buffer.element-limit = 1 (custom)
2019-10-02 10:19:07,447 [298c2419-298a-4ac1-a348-589b955770c1@group-C10DBE81CBFE-LeaderElection10] INFO  grpc.GrpcConfigKeys$Server (ConfUtils.java:logGet(43)) - raft.grpc.server.leader.outstanding.appends.max = 128 (default)
2019-10-02 10:19:07,450 [298c2419-298a-4ac1-a348-589b955770c1@group-C10DBE81CBFE-LeaderElection10] INFO  server.RaftServerConfigKeys (ConfUtils.java:logGet(43)) - raft.server.rpc.request.timeout = 3000ms (default)
2019-10-02 10:19:07,450 [298c2419-298a-4ac1-a348-589b955770c1@group-C10DBE81CBFE-LeaderElection10] INFO  server.RaftServerConfigKeys (ConfUtils.java:logGet(43)) - raft.server.log.appender.install.snapshot.enabled = false (custom)
2019-10-02 10:19:07,450 [298c2419-298a-4ac1-a348-589b955770c1@group-C10DBE81CBFE-LeaderElection10] INFO  server.RaftServerConfigKeys (ConfUtils.java:logGet(43)) - raft.server.log.appender.snapshot.chunk.size.max = 16MB (=16777216) (default)
2019-10-02 10:19:07,451 [298c2419-298a-4ac1-a348-589b955770c1@group-C10DBE81CBFE-LeaderElection10] INFO  server.RaftServerConfigKeys (ConfUtils.java:logGet(43)) - raft.server.log.appender.buffer.byte-limit = 33554432 (custom)
2019-10-02 10:19:07,451 [298c2419-298a-4ac1-a348-589b955770c1@group-C10DBE81CBFE-LeaderElection10] INFO  server.RaftServerConfigKeys (ConfUtils.java:logGet(43)) - raft.server.log.appender.buffer.element-limit = 1 (custom)
2019-10-02 10:19:07,451 [298c2419-298a-4ac1-a348-589b955770c1@group-C10DBE81CBFE-LeaderElection10] INFO  grpc.GrpcConfigKeys$Server (ConfUtils.java:logGet(43)) - raft.grpc.server.leader.outstanding.appends.max = 128 (default)
2019-10-02 10:19:07,451 [298c2419-298a-4ac1-a348-589b955770c1@group-C10DBE81CBFE-LeaderElection10] INFO  server.RaftServerConfigKeys (ConfUtils.java:logGet(43)) - raft.server.rpc.request.timeout = 3000ms (default)
2019-10-02 10:19:07,452 [298c2419-298a-4ac1-a348-589b955770c1@group-C10DBE81CBFE-LeaderElection10] INFO  server.RaftServerConfigKeys (ConfUtils.java:logGet(43)) - raft.server.log.appender.install.snapshot.enabled = false (custom)
2019-10-02 10:19:07,452 [298c2419-298a-4ac1-a348-589b955770c1@group-C10DBE81CBFE-LeaderElection10] INFO  impl.RoleInfo (RoleInfo.java:updateAndGet(143)) - 298c2419-298a-4ac1-a348-589b955770c1: start LeaderState
2019-10-02 10:19:07,453 [298c2419-298a-4ac1-a348-589b955770c1@group-C10DBE81CBFE-LeaderElection10] INFO  segmented.SegmentedRaftLogWorker (SegmentedRaftLogWorker.java:startLogSegment(385)) - 298c2419-298a-4ac1-a348-589b955770c1@group-C10DBE81CBFE-SegmentedRaftLogWorker: Starting segment from index:0
2019-10-02 10:19:07,458 [298c2419-298a-4ac1-a348-589b955770c1@group-C10DBE81CBFE-LeaderElection10] INFO  impl.RaftServerImpl (ServerState.java:setRaftConf(356)) - 298c2419-298a-4ac1-a348-589b955770c1@group-C10DBE81CBFE: set configuration 0: [cc1fcddd-974e-4515-9faf-cb0b34c0ae51:192.168.151.92:40331, 298c2419-298a-4ac1-a348-589b955770c1:192.168.151.92:40159, b70c9021-8da6-41e6-a976-daf4f7fbddb8:192.168.151.92:38657], old=null at 0
2019-10-02 10:19:07,500 [grpc-default-executor-2] INFO  impl.RaftServerImpl (ServerState.java:setLeader(255)) - 438152b3-e18d-41ab-8849-fe8d3376297f@group-47E0ABD6D52E: change Leader from null to 663b2fe6-68c2-4e66-9671-0aa57c3653e2 at term 1 for appendEntries, leader elected after 5350ms
2019-10-02 10:19:07,503 [grpc-default-executor-3] INFO  impl.RaftServerImpl (ServerState.java:setLeader(255)) - b70c9021-8da6-41e6-a976-daf4f7fbddb8@group-C10DBE81CBFE: change Leader from null to 298c2419-298a-4ac1-a348-589b955770c1 at term 1 for appendEntries, leader elected after 5215ms
2019-10-02 10:19:07,503 [298c2419-298a-4ac1-a348-589b955770c1@group-C10DBE81CBFE-SegmentedRaftLogWorker] INFO  segmented.SegmentedRaftLogWorker (SegmentedRaftLogWorker.java:execute(574)) - 298c2419-298a-4ac1-a348-589b955770c1@group-C10DBE81CBFE-SegmentedRaftLogWorker: created new log segment /workdir/hadoop-ozone/integration-test/target/test-dir/MiniOzoneClusterImpl-a60b818f-4dd1-4965-bff3-fb44efcd9a0b/datanode-5/data/ratis/74e74d77-70bc-4029-bd19-c10dbe81cbfe/current/log_inprogress_0
2019-10-02 10:19:07,503 [grpc-default-executor-1] INFO  impl.RaftServerImpl (ServerState.java:setLeader(255)) - cc1fcddd-974e-4515-9faf-cb0b34c0ae51@group-C10DBE81CBFE: change Leader from null to 298c2419-298a-4ac1-a348-589b955770c1 at term 1 for appendEntries, leader elected after 5200ms
2019-10-02 10:19:07,500 [grpc-default-executor-0] INFO  impl.RaftServerImpl (ServerState.java:setLeader(255)) - 67f1a5fe-c7be-4ecb-b503-d243409340fd@group-47E0ABD6D52E: change Leader from null to 663b2fe6-68c2-4e66-9671-0aa57c3653e2 at term 1 for appendEntries, leader elected after 5349ms
2019-10-02 10:19:07,534 [grpc-default-executor-0] INFO  impl.RaftServerImpl (ServerState.java:setRaftConf(356)) - b70c9021-8da6-41e6-a976-daf4f7fbddb8@group-C10DBE81CBFE: set configuration 0: [cc1fcddd-974e-4515-9faf-cb0b34c0ae51:192.168.151.92:40331, 298c2419-298a-4ac1-a348-589b955770c1:192.168.151.92:40159, b70c9021-8da6-41e6-a976-daf4f7fbddb8:192.168.151.92:38657], old=null at 0
2019-10-02 10:19:07,534 [grpc-default-executor-2] INFO  impl.RaftServerImpl (ServerState.java:setRaftConf(356)) - 438152b3-e18d-41ab-8849-fe8d3376297f@group-47E0ABD6D52E: set configuration 0: [663b2fe6-68c2-4e66-9671-0aa57c3653e2:192.168.151.92:41388, 67f1a5fe-c7be-4ecb-b503-d243409340fd:192.168.151.92:36198, 438152b3-e18d-41ab-8849-fe8d3376297f:192.168.151.92:40801], old=null at 0
2019-10-02 10:19:07,534 [grpc-default-executor-0] INFO  segmented.SegmentedRaftLogWorker (SegmentedRaftLogWorker.java:startLogSegment(385)) - b70c9021-8da6-41e6-a976-daf4f7fbddb8@group-C10DBE81CBFE-SegmentedRaftLogWorker: Starting segment from index:0
2019-10-02 10:19:07,534 [grpc-default-executor-3] INFO  impl.RaftServerImpl (ServerState.java:setRaftConf(356)) - 67f1a5fe-c7be-4ecb-b503-d243409340fd@group-47E0ABD6D52E: set configuration 0: [663b2fe6-68c2-4e66-9671-0aa57c3653e2:192.168.151.92:41388, 67f1a5fe-c7be-4ecb-b503-d243409340fd:192.168.151.92:36198, 438152b3-e18d-41ab-8849-fe8d3376297f:192.168.151.92:40801], old=null at 0
2019-10-02 10:19:07,534 [grpc-default-executor-1] INFO  impl.RaftServerImpl (ServerState.java:setRaftConf(356)) - cc1fcddd-974e-4515-9faf-cb0b34c0ae51@group-C10DBE81CBFE: set configuration 0: [cc1fcddd-974e-4515-9faf-cb0b34c0ae51:192.168.151.92:40331, 298c2419-298a-4ac1-a348-589b955770c1:192.168.151.92:40159, b70c9021-8da6-41e6-a976-daf4f7fbddb8:192.168.151.92:38657], old=null at 0
2019-10-02 10:19:07,535 [grpc-default-executor-3] INFO  segmented.SegmentedRaftLogWorker (SegmentedRaftLogWorker.java:startLogSegment(385)) - 67f1a5fe-c7be-4ecb-b503-d243409340fd@group-47E0ABD6D52E-SegmentedRaftLogWorker: Starting segment from index:0
2019-10-02 10:19:07,534 [grpc-default-executor-2] INFO  segmented.SegmentedRaftLogWorker (SegmentedRaftLogWorker.java:startLogSegment(385)) - 438152b3-e18d-41ab-8849-fe8d3376297f@group-47E0ABD6D52E-SegmentedRaftLogWorker: Starting segment from index:0
2019-10-02 10:19:07,535 [grpc-default-executor-1] INFO  segmented.SegmentedRaftLogWorker (SegmentedRaftLogWorker.java:startLogSegment(385)) - cc1fcddd-974e-4515-9faf-cb0b34c0ae51@group-C10DBE81CBFE-SegmentedRaftLogWorker: Starting segment from index:0
2019-10-02 10:19:07,614 [cc1fcddd-974e-4515-9faf-cb0b34c0ae51@group-C10DBE81CBFE-SegmentedRaftLogWorker] INFO  segmented.SegmentedRaftLogWorker (SegmentedRaftLogWorker.java:execute(574)) - cc1fcddd-974e-4515-9faf-cb0b34c0ae51@group-C10DBE81CBFE-SegmentedRaftLogWorker: created new log segment /workdir/hadoop-ozone/integration-test/target/test-dir/MiniOzoneClusterImpl-a60b818f-4dd1-4965-bff3-fb44efcd9a0b/datanode-6/data/ratis/74e74d77-70bc-4029-bd19-c10dbe81cbfe/current/log_inprogress_0
2019-10-02 10:19:07,614 [67f1a5fe-c7be-4ecb-b503-d243409340fd@group-47E0ABD6D52E-SegmentedRaftLogWorker] INFO  segmented.SegmentedRaftLogWorker (SegmentedRaftLogWorker.java:execute(574)) - 67f1a5fe-c7be-4ecb-b503-d243409340fd@group-47E0ABD6D52E-SegmentedRaftLogWorker: created new log segment /workdir/hadoop-ozone/integration-test/target/test-dir/MiniOzoneClusterImpl-a60b818f-4dd1-4965-bff3-fb44efcd9a0b/datanode-4/data/ratis/03f117a7-0f72-406d-a36b-47e0abd6d52e/current/log_inprogress_0
2019-10-02 10:19:07,614 [b70c9021-8da6-41e6-a976-daf4f7fbddb8@group-C10DBE81CBFE-SegmentedRaftLogWorker] INFO  segmented.SegmentedRaftLogWorker (SegmentedRaftLogWorker.java:execute(574)) - b70c9021-8da6-41e6-a976-daf4f7fbddb8@group-C10DBE81CBFE-SegmentedRaftLogWorker: created new log segment /workdir/hadoop-ozone/integration-test/target/test-dir/MiniOzoneClusterImpl-a60b818f-4dd1-4965-bff3-fb44efcd9a0b/datanode-2/data/ratis/74e74d77-70bc-4029-bd19-c10dbe81cbfe/current/log_inprogress_0
2019-10-02 10:19:07,614 [438152b3-e18d-41ab-8849-fe8d3376297f@group-47E0ABD6D52E-SegmentedRaftLogWorker] INFO  segmented.SegmentedRaftLogWorker (SegmentedRaftLogWorker.java:execute(574)) - 438152b3-e18d-41ab-8849-fe8d3376297f@group-47E0ABD6D52E-SegmentedRaftLogWorker: created new log segment /workdir/hadoop-ozone/integration-test/target/test-dir/MiniOzoneClusterImpl-a60b818f-4dd1-4965-bff3-fb44efcd9a0b/datanode-1/data/ratis/03f117a7-0f72-406d-a36b-47e0abd6d52e/current/log_inprogress_0
2019-10-02 10:19:10,039 [pool-26-thread-1] ERROR impl.ChunkManagerImpl (ChunkUtils.java:writeData(89)) - data array does not match the length specified. DataLen: 100 Byte Array: 246
2019-10-02 10:19:10,039 [pool-26-thread-1] INFO  keyvalue.KeyValueHandler (ContainerUtils.java:logAndReturnError(146)) - Operation: WriteChunk : Trace ID: dee791870c70ba38:dee791870c70ba38:0:0 : Message: data array does not match the length specified. DataLen: 100 Byte Array: 246 : Result: INVALID_WRITE_SIZE
2019-10-02 10:19:10,054 [EventQueue-IncrementalContainerReportForIncrementalContainerReportHandler] WARN  container.IncrementalContainerReportHandler (AbstractContainerReportHandler.java:updateContainerState(143)) - Container #1 is in OPEN state, but the datanode 663b2fe6-68c2-4e66-9671-0aa57c3653e2{ip: 192.168.151.92, host: pr-trunk-gg4kw-413187789, networkLocation: /default-rack, certSerialId: null} reports an UNHEALTHY replica.
10:19:10.061 [pool-26-thread-1] ERROR DNAudit - user=null | ip=null | op=WRITE_CHUNK {blockData=conID: 1 locID: 102892276450328576 bcsId: 0} | ret=FAILURE
java.lang.Exception: data array does not match the length specified. DataLen: 100 Byte Array: 246
	at org.apache.hadoop.ozone.container.common.impl.HddsDispatcher.dispatchRequest(HddsDispatcher.java:330) ~[hadoop-hdds-container-service-0.5.0-SNAPSHOT.jar:?]
	at org.apache.hadoop.ozone.container.common.impl.HddsDispatcher.dispatch(HddsDispatcher.java:150) ~[hadoop-hdds-container-service-0.5.0-SNAPSHOT.jar:?]
	at org.apache.hadoop.ozone.container.common.transport.server.ratis.ContainerStateMachine.dispatchCommand(ContainerStateMachine.java:411) ~[hadoop-hdds-container-service-0.5.0-SNAPSHOT.jar:?]
	at org.apache.hadoop.ozone.container.common.transport.server.ratis.ContainerStateMachine.runCommand(ContainerStateMachine.java:419) ~[hadoop-hdds-container-service-0.5.0-SNAPSHOT.jar:?]
	at org.apache.hadoop.ozone.container.common.transport.server.ratis.ContainerStateMachine.lambda$handleWriteChunk$1(ContainerStateMachine.java:454) ~[hadoop-hdds-container-service-0.5.0-SNAPSHOT.jar:?]
	at java.util.concurrent.CompletableFuture$AsyncSupply.run(CompletableFuture.java:1590) [?:1.8.0_212]
	at java.util.concurrent.ThreadPoolExecutor.runWorker(ThreadPoolExecutor.java:1149) [?:1.8.0_212]
	at java.util.concurrent.ThreadPoolExecutor$Worker.run(ThreadPoolExecutor.java:624) [?:1.8.0_212]
	at java.lang.Thread.run(Thread.java:748) [?:1.8.0_212]
2019-10-02 10:19:10,076 [pool-26-thread-1] ERROR ratis.ContainerStateMachine (ContainerStateMachine.java:lambda$handleWriteChunk$2(474)) - group-47E0ABD6D52E: writeChunk writeStateMachineData failed: blockIdcontainerID: 1
localID: 102892276450328576
blockCommitSequenceId: 0
 logIndex 1 chunkName 102892276450328576_chunk_1 Error message: data array does not match the length specified. DataLen: 100 Byte Array: 246 Container Result: INVALID_WRITE_SIZE
2019-10-02 10:19:10,088 [663b2fe6-68c2-4e66-9671-0aa57c3653e2@group-47E0ABD6D52E-SegmentedRaftLogWorker] ERROR ratis.XceiverServerRatis (XceiverServerRatis.java:triggerPipelineClose(581)) - pipeline Action CLOSE  on pipeline PipelineID=03f117a7-0f72-406d-a36b-47e0abd6d52e.Reason : data array does not match the length specified. DataLen: 100 Byte Array: 246
2019-10-02 10:19:10,088 [663b2fe6-68c2-4e66-9671-0aa57c3653e2@group-47E0ABD6D52E-SegmentedRaftLogWorker] ERROR ratis.XceiverServerRatis (XceiverServerRatis.java:triggerPipelineClose(581)) - pipeline Action CLOSE  on pipeline PipelineID=03f117a7-0f72-406d-a36b-47e0abd6d52e.Reason : Log already failed at index 1 for task WriteLog:1: (t:1, i:1), STATEMACHINELOGENTRY, client-EA704207F6FE, cid=13
2019-10-02 10:19:10,092 [EventQueue-PipelineActionsForPipelineActionHandler] ERROR pipeline.PipelineActionHandler (PipelineActionHandler.java:onMessage(60)) - Received pipeline action CLOSE for Pipeline[ Id: 03f117a7-0f72-406d-a36b-47e0abd6d52e, Nodes: 67f1a5fe-c7be-4ecb-b503-d243409340fd{ip: 192.168.151.92, host: pr-trunk-gg4kw-413187789, networkLocation: /default-rack, certSerialId: null}663b2fe6-68c2-4e66-9671-0aa57c3653e2{ip: 192.168.151.92, host: pr-trunk-gg4kw-413187789, networkLocation: /default-rack, certSerialId: null}438152b3-e18d-41ab-8849-fe8d3376297f{ip: 192.168.151.92, host: pr-trunk-gg4kw-413187789, networkLocation: /default-rack, certSerialId: null}, Type:RATIS, Factor:THREE, State:OPEN] from datanode 663b2fe6-68c2-4e66-9671-0aa57c3653e2{ip: 192.168.151.92, host: pr-trunk-gg4kw-413187789, networkLocation: /default-rack, certSerialId: null}. Reason : data array does not match the length specified. DataLen: 100 Byte Array: 246
2019-10-02 10:19:10,094 [EventQueue-PipelineActionsForPipelineActionHandler] INFO  pipeline.SCMPipelineManager (SCMPipelineManager.java:finalizeAndDestroyPipeline(315)) - destroying pipeline:Pipeline[ Id: 03f117a7-0f72-406d-a36b-47e0abd6d52e, Nodes: 67f1a5fe-c7be-4ecb-b503-d243409340fd{ip: 192.168.151.92, host: pr-trunk-gg4kw-413187789, networkLocation: /default-rack, certSerialId: null}663b2fe6-68c2-4e66-9671-0aa57c3653e2{ip: 192.168.151.92, host: pr-trunk-gg4kw-413187789, networkLocation: /default-rack, certSerialId: null}438152b3-e18d-41ab-8849-fe8d3376297f{ip: 192.168.151.92, host: pr-trunk-gg4kw-413187789, networkLocation: /default-rack, certSerialId: null}, Type:RATIS, Factor:THREE, State:OPEN]
2019-10-02 10:19:10,094 [EventQueue-CloseContainerForCloseContainerEventHandler] INFO  container.CloseContainerEventHandler (CloseContainerEventHandler.java:onMessage(61)) - Close container Event triggered for container : #1
2019-10-02 10:19:10,097 [EventQueue-PipelineActionsForPipelineActionHandler] INFO  pipeline.PipelineStateManager (PipelineStateManager.java:finalizePipeline(123)) - Pipeline Pipeline[ Id: 03f117a7-0f72-406d-a36b-47e0abd6d52e, Nodes: 67f1a5fe-c7be-4ecb-b503-d243409340fd{ip: 192.168.151.92, host: pr-trunk-gg4kw-413187789, networkLocation: /default-rack, certSerialId: null}663b2fe6-68c2-4e66-9671-0aa57c3653e2{ip: 192.168.151.92, host: pr-trunk-gg4kw-413187789, networkLocation: /default-rack, certSerialId: null}438152b3-e18d-41ab-8849-fe8d3376297f{ip: 192.168.151.92, host: pr-trunk-gg4kw-413187789, networkLocation: /default-rack, certSerialId: null}, Type:RATIS, Factor:THREE, State:CLOSED] moved to CLOSED state
2019-10-02 10:19:10,103 [EventQueue-CloseContainerForCloseContainerEventHandler] INFO  container.CloseContainerEventHandler (CloseContainerEventHandler.java:onMessage(61)) - Close container Event triggered for container : #1
2019-10-02 10:19:10,897 [java.util.concurrent.ThreadPoolExecutor$Worker@21fda573[State = -1, empty queue]] ERROR client.GrpcClientProtocolClient (GrpcClientProtocolClient.java:close(148)) - Unexpected exception while waiting for channel termination
java.lang.InterruptedException
	at java.util.concurrent.locks.AbstractQueuedSynchronizer.tryAcquireSharedNanos(AbstractQueuedSynchronizer.java:1326)
	at java.util.concurrent.CountDownLatch.await(CountDownLatch.java:277)
	at org.apache.ratis.thirdparty.io.grpc.internal.ManagedChannelImpl.awaitTermination(ManagedChannelImpl.java:763)
	at org.apache.ratis.thirdparty.io.grpc.internal.ForwardingManagedChannel.awaitTermination(ForwardingManagedChannel.java:57)
	at org.apache.ratis.thirdparty.io.grpc.internal.ManagedChannelOrphanWrapper.awaitTermination(ManagedChannelOrphanWrapper.java:70)
	at org.apache.ratis.grpc.client.GrpcClientProtocolClient.close(GrpcClientProtocolClient.java:146)
	at org.apache.ratis.util.PeerProxyMap$PeerAndProxy.lambda$close$1(PeerProxyMap.java:74)
	at org.apache.ratis.util.LifeCycle.lambda$checkStateAndClose$2(LifeCycle.java:231)
	at org.apache.ratis.util.LifeCycle.checkStateAndClose(LifeCycle.java:251)
	at org.apache.ratis.util.LifeCycle.checkStateAndClose(LifeCycle.java:229)
	at org.apache.ratis.util.PeerProxyMap$PeerAndProxy.close(PeerProxyMap.java:70)
	at org.apache.ratis.util.PeerProxyMap.resetProxy(PeerProxyMap.java:127)
	at org.apache.ratis.util.PeerProxyMap.handleException(PeerProxyMap.java:136)
	at org.apache.ratis.client.impl.RaftClientRpcWithProxy.handleException(RaftClientRpcWithProxy.java:47)
	at org.apache.ratis.client.impl.RaftClientImpl.handleIOException(RaftClientImpl.java:372)
	at org.apache.ratis.client.impl.OrderedAsync.lambda$sendRequest$10(OrderedAsync.java:236)
	at java.util.concurrent.CompletableFuture.uniExceptionally(CompletableFuture.java:870)
	at java.util.concurrent.CompletableFuture$UniExceptionally.tryFire(CompletableFuture.java:852)
	at java.util.concurrent.CompletableFuture.postComplete(CompletableFuture.java:474)
	at java.util.concurrent.CompletableFuture.completeExceptionally(CompletableFuture.java:1977)
	at org.apache.ratis.grpc.client.GrpcClientProtocolClient$AsyncStreamObservers.lambda$timeoutCheck$3(GrpcClientProtocolClient.java:324)
	at java.util.Optional.ifPresent(Optional.java:159)
	at org.apache.ratis.grpc.client.GrpcClientProtocolClient$AsyncStreamObservers.handleReplyFuture(GrpcClientProtocolClient.java:329)
	at org.apache.ratis.grpc.client.GrpcClientProtocolClient$AsyncStreamObservers.timeoutCheck(GrpcClientProtocolClient.java:324)
	at org.apache.ratis.grpc.client.GrpcClientProtocolClient$AsyncStreamObservers.lambda$onNext$1(GrpcClientProtocolClient.java:318)
	at org.apache.ratis.util.TimeoutScheduler.lambda$onTimeout$0(TimeoutScheduler.java:113)
	at org.apache.ratis.util.TimeoutScheduler.lambda$onTimeout$1(TimeoutScheduler.java:133)
	at org.apache.ratis.util.LogUtils.runAndLog(LogUtils.java:50)
	at org.apache.ratis.util.LogUtils$1.run(LogUtils.java:91)
	at java.util.concurrent.Executors$RunnableAdapter.call(Executors.java:511)
	at java.util.concurrent.FutureTask.run(FutureTask.java:266)
	at java.util.concurrent.ScheduledThreadPoolExecutor$ScheduledFutureTask.access$201(ScheduledThreadPoolExecutor.java:180)
	at java.util.concurrent.ScheduledThreadPoolExecutor$ScheduledFutureTask.run(ScheduledThreadPoolExecutor.java:293)
	at java.util.concurrent.ThreadPoolExecutor.runWorker(ThreadPoolExecutor.java:1149)
	at java.util.concurrent.ThreadPoolExecutor$Worker.run(ThreadPoolExecutor.java:624)
	at java.lang.Thread.run(Thread.java:748)
2019-10-02 10:19:10,902 [java.util.concurrent.ThreadPoolExecutor$Worker@21fda573[State = -1, empty queue]] WARN  util.TimeoutScheduler (LogUtils.java:runAndLog(55)) - Failed to task #0: java.lang.NullPointerException
2019-10-02 10:19:14,952 [java.util.concurrent.ThreadPoolExecutor$Worker@3dda4e01[State = -1, empty queue]] ERROR client.GrpcClientProtocolClient (GrpcClientProtocolClient.java:close(148)) - Unexpected exception while waiting for channel termination
java.lang.InterruptedException
	at java.util.concurrent.locks.AbstractQueuedSynchronizer.tryAcquireSharedNanos(AbstractQueuedSynchronizer.java:1326)
	at java.util.concurrent.CountDownLatch.await(CountDownLatch.java:277)
	at org.apache.ratis.thirdparty.io.grpc.internal.ManagedChannelImpl.awaitTermination(ManagedChannelImpl.java:763)
	at org.apache.ratis.thirdparty.io.grpc.internal.ForwardingManagedChannel.awaitTermination(ForwardingManagedChannel.java:57)
	at org.apache.ratis.thirdparty.io.grpc.internal.ManagedChannelOrphanWrapper.awaitTermination(ManagedChannelOrphanWrapper.java:70)
	at org.apache.ratis.grpc.client.GrpcClientProtocolClient.close(GrpcClientProtocolClient.java:146)
	at org.apache.ratis.util.PeerProxyMap$PeerAndProxy.lambda$close$1(PeerProxyMap.java:74)
	at org.apache.ratis.util.LifeCycle.lambda$checkStateAndClose$2(LifeCycle.java:231)
	at org.apache.ratis.util.LifeCycle.checkStateAndClose(LifeCycle.java:251)
	at org.apache.ratis.util.LifeCycle.checkStateAndClose(LifeCycle.java:229)
	at org.apache.ratis.util.PeerProxyMap$PeerAndProxy.close(PeerProxyMap.java:70)
	at org.apache.ratis.util.PeerProxyMap.resetProxy(PeerProxyMap.java:127)
	at org.apache.ratis.util.PeerProxyMap.handleException(PeerProxyMap.java:136)
	at org.apache.ratis.client.impl.RaftClientRpcWithProxy.handleException(RaftClientRpcWithProxy.java:47)
	at org.apache.ratis.client.impl.RaftClientImpl.handleIOException(RaftClientImpl.java:372)
	at org.apache.ratis.client.impl.OrderedAsync.lambda$sendRequest$10(OrderedAsync.java:236)
	at java.util.concurrent.CompletableFuture.uniExceptionally(CompletableFuture.java:870)
	at java.util.concurrent.CompletableFuture$UniExceptionally.tryFire(CompletableFuture.java:852)
	at java.util.concurrent.CompletableFuture.postComplete(CompletableFuture.java:474)
	at java.util.concurrent.CompletableFuture.completeExceptionally(CompletableFuture.java:1977)
	at org.apache.ratis.grpc.client.GrpcClientProtocolClient$AsyncStreamObservers.lambda$timeoutCheck$3(GrpcClientProtocolClient.java:324)
	at java.util.Optional.ifPresent(Optional.java:159)
	at org.apache.ratis.grpc.client.GrpcClientProtocolClient$AsyncStreamObservers.handleReplyFuture(GrpcClientProtocolClient.java:329)
	at org.apache.ratis.grpc.client.GrpcClientProtocolClient$AsyncStreamObservers.timeoutCheck(GrpcClientProtocolClient.java:324)
	at org.apache.ratis.grpc.client.GrpcClientProtocolClient$AsyncStreamObservers.lambda$onNext$1(GrpcClientProtocolClient.java:318)
	at org.apache.ratis.util.TimeoutScheduler.lambda$onTimeout$0(TimeoutScheduler.java:113)
	at org.apache.ratis.util.TimeoutScheduler.lambda$onTimeout$1(TimeoutScheduler.java:133)
	at org.apache.ratis.util.LogUtils.runAndLog(LogUtils.java:50)
	at org.apache.ratis.util.LogUtils$1.run(LogUtils.java:91)
	at java.util.concurrent.Executors$RunnableAdapter.call(Executors.java:511)
	at java.util.concurrent.FutureTask.run(FutureTask.java:266)
	at java.util.concurrent.ScheduledThreadPoolExecutor$ScheduledFutureTask.access$201(ScheduledThreadPoolExecutor.java:180)
	at java.util.concurrent.ScheduledThreadPoolExecutor$ScheduledFutureTask.run(ScheduledThreadPoolExecutor.java:293)
	at java.util.concurrent.ThreadPoolExecutor.runWorker(ThreadPoolExecutor.java:1149)
	at java.util.concurrent.ThreadPoolExecutor$Worker.run(ThreadPoolExecutor.java:624)
	at java.lang.Thread.run(Thread.java:748)
2019-10-02 10:19:14,955 [java.util.concurrent.ThreadPoolExecutor$Worker@3dda4e01[State = -1, empty queue]] WARN  util.TimeoutScheduler (LogUtils.java:runAndLog(55)) - Failed to task #0: java.lang.NullPointerException
2019-10-02 10:19:19,008 [java.util.concurrent.ThreadPoolExecutor$Worker@3908435f[State = -1, empty queue]] ERROR client.GrpcClientProtocolClient (GrpcClientProtocolClient.java:close(148)) - Unexpected exception while waiting for channel termination
java.lang.InterruptedException
	at java.util.concurrent.locks.AbstractQueuedSynchronizer.tryAcquireSharedNanos(AbstractQueuedSynchronizer.java:1326)
	at java.util.concurrent.CountDownLatch.await(CountDownLatch.java:277)
	at org.apache.ratis.thirdparty.io.grpc.internal.ManagedChannelImpl.awaitTermination(ManagedChannelImpl.java:763)
	at org.apache.ratis.thirdparty.io.grpc.internal.ForwardingManagedChannel.awaitTermination(ForwardingManagedChannel.java:57)
	at org.apache.ratis.thirdparty.io.grpc.internal.ManagedChannelOrphanWrapper.awaitTermination(ManagedChannelOrphanWrapper.java:70)
	at org.apache.ratis.grpc.client.GrpcClientProtocolClient.close(GrpcClientProtocolClient.java:146)
	at org.apache.ratis.util.PeerProxyMap$PeerAndProxy.lambda$close$1(PeerProxyMap.java:74)
	at org.apache.ratis.util.LifeCycle.lambda$checkStateAndClose$2(LifeCycle.java:231)
	at org.apache.ratis.util.LifeCycle.checkStateAndClose(LifeCycle.java:251)
	at org.apache.ratis.util.LifeCycle.checkStateAndClose(LifeCycle.java:229)
	at org.apache.ratis.util.PeerProxyMap$PeerAndProxy.close(PeerProxyMap.java:70)
	at org.apache.ratis.util.PeerProxyMap.resetProxy(PeerProxyMap.java:127)
	at org.apache.ratis.util.PeerProxyMap.handleException(PeerProxyMap.java:136)
	at org.apache.ratis.client.impl.RaftClientRpcWithProxy.handleException(RaftClientRpcWithProxy.java:47)
	at org.apache.ratis.client.impl.RaftClientImpl.handleIOException(RaftClientImpl.java:372)
	at org.apache.ratis.client.impl.OrderedAsync.lambda$sendRequest$10(OrderedAsync.java:236)
	at java.util.concurrent.CompletableFuture.uniExceptionally(CompletableFuture.java:870)
	at java.util.concurrent.CompletableFuture$UniExceptionally.tryFire(CompletableFuture.java:852)
	at java.util.concurrent.CompletableFuture.postComplete(CompletableFuture.java:474)
	at java.util.concurrent.CompletableFuture.completeExceptionally(CompletableFuture.java:1977)
	at org.apache.ratis.grpc.client.GrpcClientProtocolClient$AsyncStreamObservers.lambda$timeoutCheck$3(GrpcClientProtocolClient.java:324)
	at java.util.Optional.ifPresent(Optional.java:159)
	at org.apache.ratis.grpc.client.GrpcClientProtocolClient$AsyncStreamObservers.handleReplyFuture(GrpcClientProtocolClient.java:329)
	at org.apache.ratis.grpc.client.GrpcClientProtocolClient$AsyncStreamObservers.timeoutCheck(GrpcClientProtocolClient.java:324)
	at org.apache.ratis.grpc.client.GrpcClientProtocolClient$AsyncStreamObservers.lambda$onNext$1(GrpcClientProtocolClient.java:318)
	at org.apache.ratis.util.TimeoutScheduler.lambda$onTimeout$0(TimeoutScheduler.java:113)
	at org.apache.ratis.util.TimeoutScheduler.lambda$onTimeout$1(TimeoutScheduler.java:133)
	at org.apache.ratis.util.LogUtils.runAndLog(LogUtils.java:50)
	at org.apache.ratis.util.LogUtils$1.run(LogUtils.java:91)
	at java.util.concurrent.Executors$RunnableAdapter.call(Executors.java:511)
	at java.util.concurrent.FutureTask.run(FutureTask.java:266)
	at java.util.concurrent.ScheduledThreadPoolExecutor$ScheduledFutureTask.access$201(ScheduledThreadPoolExecutor.java:180)
	at java.util.concurrent.ScheduledThreadPoolExecutor$ScheduledFutureTask.run(ScheduledThreadPoolExecutor.java:293)
	at java.util.concurrent.ThreadPoolExecutor.runWorker(ThreadPoolExecutor.java:1149)
	at java.util.concurrent.ThreadPoolExecutor$Worker.run(ThreadPoolExecutor.java:624)
	at java.lang.Thread.run(Thread.java:748)
2019-10-02 10:19:19,011 [java.util.concurrent.ThreadPoolExecutor$Worker@3908435f[State = -1, empty queue]] WARN  util.TimeoutScheduler (LogUtils.java:runAndLog(55)) - Failed to task #0: java.lang.NullPointerException
2019-10-02 10:19:23,056 [java.util.concurrent.ThreadPoolExecutor$Worker@371ab4cc[State = -1, empty queue]] ERROR client.GrpcClientProtocolClient (GrpcClientProtocolClient.java:close(148)) - Unexpected exception while waiting for channel termination
java.lang.InterruptedException
	at java.util.concurrent.locks.AbstractQueuedSynchronizer.tryAcquireSharedNanos(AbstractQueuedSynchronizer.java:1326)
	at java.util.concurrent.CountDownLatch.await(CountDownLatch.java:277)
	at org.apache.ratis.thirdparty.io.grpc.internal.ManagedChannelImpl.awaitTermination(ManagedChannelImpl.java:763)
	at org.apache.ratis.thirdparty.io.grpc.internal.ForwardingManagedChannel.awaitTermination(ForwardingManagedChannel.java:57)
	at org.apache.ratis.thirdparty.io.grpc.internal.ManagedChannelOrphanWrapper.awaitTermination(ManagedChannelOrphanWrapper.java:70)
	at org.apache.ratis.grpc.client.GrpcClientProtocolClient.close(GrpcClientProtocolClient.java:146)
	at org.apache.ratis.util.PeerProxyMap$PeerAndProxy.lambda$close$1(PeerProxyMap.java:74)
	at org.apache.ratis.util.LifeCycle.lambda$checkStateAndClose$2(LifeCycle.java:231)
	at org.apache.ratis.util.LifeCycle.checkStateAndClose(LifeCycle.java:251)
	at org.apache.ratis.util.LifeCycle.checkStateAndClose(LifeCycle.java:229)
	at org.apache.ratis.util.PeerProxyMap$PeerAndProxy.close(PeerProxyMap.java:70)
	at org.apache.ratis.util.PeerProxyMap.resetProxy(PeerProxyMap.java:127)
	at org.apache.ratis.util.PeerProxyMap.handleException(PeerProxyMap.java:136)
	at org.apache.ratis.client.impl.RaftClientRpcWithProxy.handleException(RaftClientRpcWithProxy.java:47)
	at org.apache.ratis.client.impl.RaftClientImpl.handleIOException(RaftClientImpl.java:372)
	at org.apache.ratis.client.impl.OrderedAsync.lambda$sendRequest$10(OrderedAsync.java:236)
	at java.util.concurrent.CompletableFuture.uniExceptionally(CompletableFuture.java:870)
	at java.util.concurrent.CompletableFuture$UniExceptionally.tryFire(CompletableFuture.java:852)
	at java.util.concurrent.CompletableFuture.postComplete(CompletableFuture.java:474)
	at java.util.concurrent.CompletableFuture.completeExceptionally(CompletableFuture.java:1977)
	at org.apache.ratis.grpc.client.GrpcClientProtocolClient$AsyncStreamObservers.lambda$timeoutCheck$3(GrpcClientProtocolClient.java:324)
	at java.util.Optional.ifPresent(Optional.java:159)
	at org.apache.ratis.grpc.client.GrpcClientProtocolClient$AsyncStreamObservers.handleReplyFuture(GrpcClientProtocolClient.java:329)
	at org.apache.ratis.grpc.client.GrpcClientProtocolClient$AsyncStreamObservers.timeoutCheck(GrpcClientProtocolClient.java:324)
	at org.apache.ratis.grpc.client.GrpcClientProtocolClient$AsyncStreamObservers.lambda$onNext$1(GrpcClientProtocolClient.java:318)
	at org.apache.ratis.util.TimeoutScheduler.lambda$onTimeout$0(TimeoutScheduler.java:113)
	at org.apache.ratis.util.TimeoutScheduler.lambda$onTimeout$1(TimeoutScheduler.java:133)
	at org.apache.ratis.util.LogUtils.runAndLog(LogUtils.java:50)
	at org.apache.ratis.util.LogUtils$1.run(LogUtils.java:91)
	at java.util.concurrent.Executors$RunnableAdapter.call(Executors.java:511)
	at java.util.concurrent.FutureTask.run(FutureTask.java:266)
	at java.util.concurrent.ScheduledThreadPoolExecutor$ScheduledFutureTask.access$201(ScheduledThreadPoolExecutor.java:180)
	at java.util.concurrent.ScheduledThreadPoolExecutor$ScheduledFutureTask.run(ScheduledThreadPoolExecutor.java:293)
	at java.util.concurrent.ThreadPoolExecutor.runWorker(ThreadPoolExecutor.java:1149)
	at java.util.concurrent.ThreadPoolExecutor$Worker.run(ThreadPoolExecutor.java:624)
	at java.lang.Thread.run(Thread.java:748)
2019-10-02 10:19:23,060 [java.util.concurrent.ThreadPoolExecutor$Worker@371ab4cc[State = -1, empty queue]] WARN  util.TimeoutScheduler (LogUtils.java:runAndLog(55)) - Failed to task #0: java.lang.NullPointerException
2019-10-02 10:19:27,113 [java.util.concurrent.ThreadPoolExecutor$Worker@2b1462da[State = -1, empty queue]] ERROR client.GrpcClientProtocolClient (GrpcClientProtocolClient.java:close(148)) - Unexpected exception while waiting for channel termination
java.lang.InterruptedException
	at java.util.concurrent.locks.AbstractQueuedSynchronizer.tryAcquireSharedNanos(AbstractQueuedSynchronizer.java:1326)
	at java.util.concurrent.CountDownLatch.await(CountDownLatch.java:277)
	at org.apache.ratis.thirdparty.io.grpc.internal.ManagedChannelImpl.awaitTermination(ManagedChannelImpl.java:763)
	at org.apache.ratis.thirdparty.io.grpc.internal.ForwardingManagedChannel.awaitTermination(ForwardingManagedChannel.java:57)
	at org.apache.ratis.thirdparty.io.grpc.internal.ManagedChannelOrphanWrapper.awaitTermination(ManagedChannelOrphanWrapper.java:70)
	at org.apache.ratis.grpc.client.GrpcClientProtocolClient.close(GrpcClientProtocolClient.java:146)
	at org.apache.ratis.util.PeerProxyMap$PeerAndProxy.lambda$close$1(PeerProxyMap.java:74)
	at org.apache.ratis.util.LifeCycle.lambda$checkStateAndClose$2(LifeCycle.java:231)
	at org.apache.ratis.util.LifeCycle.checkStateAndClose(LifeCycle.java:251)
	at org.apache.ratis.util.LifeCycle.checkStateAndClose(LifeCycle.java:229)
	at org.apache.ratis.util.PeerProxyMap$PeerAndProxy.close(PeerProxyMap.java:70)
	at org.apache.ratis.util.PeerProxyMap.resetProxy(PeerProxyMap.java:127)
	at org.apache.ratis.util.PeerProxyMap.handleException(PeerProxyMap.java:136)
	at org.apache.ratis.client.impl.RaftClientRpcWithProxy.handleException(RaftClientRpcWithProxy.java:47)
	at org.apache.ratis.client.impl.RaftClientImpl.handleIOException(RaftClientImpl.java:372)
	at org.apache.ratis.client.impl.OrderedAsync.lambda$sendRequest$10(OrderedAsync.java:236)
	at java.util.concurrent.CompletableFuture.uniExceptionally(CompletableFuture.java:870)
	at java.util.concurrent.CompletableFuture$UniExceptionally.tryFire(CompletableFuture.java:852)
	at java.util.concurrent.CompletableFuture.postComplete(CompletableFuture.java:474)
	at java.util.concurrent.CompletableFuture.completeExceptionally(CompletableFuture.java:1977)
	at org.apache.ratis.grpc.client.GrpcClientProtocolClient$AsyncStreamObservers.lambda$timeoutCheck$3(GrpcClientProtocolClient.java:324)
	at java.util.Optional.ifPresent(Optional.java:159)
	at org.apache.ratis.grpc.client.GrpcClientProtocolClient$AsyncStreamObservers.handleReplyFuture(GrpcClientProtocolClient.java:329)
	at org.apache.ratis.grpc.client.GrpcClientProtocolClient$AsyncStreamObservers.timeoutCheck(GrpcClientProtocolClient.java:324)
	at org.apache.ratis.grpc.client.GrpcClientProtocolClient$AsyncStreamObservers.lambda$onNext$1(GrpcClientProtocolClient.java:318)
	at org.apache.ratis.util.TimeoutScheduler.lambda$onTimeout$0(TimeoutScheduler.java:113)
	at org.apache.ratis.util.TimeoutScheduler.lambda$onTimeout$1(TimeoutScheduler.java:133)
	at org.apache.ratis.util.LogUtils.runAndLog(LogUtils.java:50)
	at org.apache.ratis.util.LogUtils$1.run(LogUtils.java:91)
	at java.util.concurrent.Executors$RunnableAdapter.call(Executors.java:511)
	at java.util.concurrent.FutureTask.run(FutureTask.java:266)
	at java.util.concurrent.ScheduledThreadPoolExecutor$ScheduledFutureTask.access$201(ScheduledThreadPoolExecutor.java:180)
	at java.util.concurrent.ScheduledThreadPoolExecutor$ScheduledFutureTask.run(ScheduledThreadPoolExecutor.java:293)
	at java.util.concurrent.ThreadPoolExecutor.runWorker(ThreadPoolExecutor.java:1149)
	at java.util.concurrent.ThreadPoolExecutor$Worker.run(ThreadPoolExecutor.java:624)
	at java.lang.Thread.run(Thread.java:748)
2019-10-02 10:19:27,114 [java.util.concurrent.ThreadPoolExecutor$Worker@2b1462da[State = -1, empty queue]] WARN  util.TimeoutScheduler (LogUtils.java:runAndLog(55)) - Failed to task #0: java.lang.NullPointerException
2019-10-02 10:19:31,179 [java.util.concurrent.ThreadPoolExecutor$Worker@22b3d6e0[State = -1, empty queue]] ERROR client.GrpcClientProtocolClient (GrpcClientProtocolClient.java:close(148)) - Unexpected exception while waiting for channel termination
java.lang.InterruptedException
	at java.util.concurrent.locks.AbstractQueuedSynchronizer.tryAcquireSharedNanos(AbstractQueuedSynchronizer.java:1326)
	at java.util.concurrent.CountDownLatch.await(CountDownLatch.java:277)
	at org.apache.ratis.thirdparty.io.grpc.internal.ManagedChannelImpl.awaitTermination(ManagedChannelImpl.java:763)
	at org.apache.ratis.thirdparty.io.grpc.internal.ForwardingManagedChannel.awaitTermination(ForwardingManagedChannel.java:57)
	at org.apache.ratis.thirdparty.io.grpc.internal.ManagedChannelOrphanWrapper.awaitTermination(ManagedChannelOrphanWrapper.java:70)
	at org.apache.ratis.grpc.client.GrpcClientProtocolClient.close(GrpcClientProtocolClient.java:146)
	at org.apache.ratis.util.PeerProxyMap$PeerAndProxy.lambda$close$1(PeerProxyMap.java:74)
	at org.apache.ratis.util.LifeCycle.lambda$checkStateAndClose$2(LifeCycle.java:231)
	at org.apache.ratis.util.LifeCycle.checkStateAndClose(LifeCycle.java:251)
	at org.apache.ratis.util.LifeCycle.checkStateAndClose(LifeCycle.java:229)
	at org.apache.ratis.util.PeerProxyMap$PeerAndProxy.close(PeerProxyMap.java:70)
	at org.apache.ratis.util.PeerProxyMap.resetProxy(PeerProxyMap.java:127)
	at org.apache.ratis.util.PeerProxyMap.handleException(PeerProxyMap.java:136)
	at org.apache.ratis.client.impl.RaftClientRpcWithProxy.handleException(RaftClientRpcWithProxy.java:47)
	at org.apache.ratis.client.impl.RaftClientImpl.handleIOException(RaftClientImpl.java:372)
	at org.apache.ratis.client.impl.OrderedAsync.lambda$sendRequest$10(OrderedAsync.java:236)
	at java.util.concurrent.CompletableFuture.uniExceptionally(CompletableFuture.java:870)
	at java.util.concurrent.CompletableFuture$UniExceptionally.tryFire(CompletableFuture.java:852)
	at java.util.concurrent.CompletableFuture.postComplete(CompletableFuture.java:474)
	at java.util.concurrent.CompletableFuture.completeExceptionally(CompletableFuture.java:1977)
	at org.apache.ratis.grpc.client.GrpcClientProtocolClient$AsyncStreamObservers.lambda$timeoutCheck$3(GrpcClientProtocolClient.java:324)
	at java.util.Optional.ifPresent(Optional.java:159)
	at org.apache.ratis.grpc.client.GrpcClientProtocolClient$AsyncStreamObservers.handleReplyFuture(GrpcClientProtocolClient.java:329)
	at org.apache.ratis.grpc.client.GrpcClientProtocolClient$AsyncStreamObservers.timeoutCheck(GrpcClientProtocolClient.java:324)
	at org.apache.ratis.grpc.client.GrpcClientProtocolClient$AsyncStreamObservers.lambda$onNext$1(GrpcClientProtocolClient.java:318)
	at org.apache.ratis.util.TimeoutScheduler.lambda$onTimeout$0(TimeoutScheduler.java:113)
	at org.apache.ratis.util.TimeoutScheduler.lambda$onTimeout$1(TimeoutScheduler.java:133)
	at org.apache.ratis.util.LogUtils.runAndLog(LogUtils.java:50)
	at org.apache.ratis.util.LogUtils$1.run(LogUtils.java:91)
	at java.util.concurrent.Executors$RunnableAdapter.call(Executors.java:511)
	at java.util.concurrent.FutureTask.run(FutureTask.java:266)
	at java.util.concurrent.ScheduledThreadPoolExecutor$ScheduledFutureTask.access$201(ScheduledThreadPoolExecutor.java:180)
	at java.util.concurrent.ScheduledThreadPoolExecutor$ScheduledFutureTask.run(ScheduledThreadPoolExecutor.java:293)
	at java.util.concurrent.ThreadPoolExecutor.runWorker(ThreadPoolExecutor.java:1149)
	at java.util.concurrent.ThreadPoolExecutor$Worker.run(ThreadPoolExecutor.java:624)
	at java.lang.Thread.run(Thread.java:748)
2019-10-02 10:19:31,182 [java.util.concurrent.ThreadPoolExecutor$Worker@22b3d6e0[State = -1, empty queue]] WARN  util.TimeoutScheduler (LogUtils.java:runAndLog(55)) - Failed to task #0: java.lang.NullPointerException
2019-10-02 10:19:35,227 [java.util.concurrent.ThreadPoolExecutor$Worker@5d0c6c4c[State = -1, empty queue]] ERROR client.GrpcClientProtocolClient (GrpcClientProtocolClient.java:close(148)) - Unexpected exception while waiting for channel termination
java.lang.InterruptedException
	at java.util.concurrent.locks.AbstractQueuedSynchronizer.tryAcquireSharedNanos(AbstractQueuedSynchronizer.java:1326)
	at java.util.concurrent.CountDownLatch.await(CountDownLatch.java:277)
	at org.apache.ratis.thirdparty.io.grpc.internal.ManagedChannelImpl.awaitTermination(ManagedChannelImpl.java:763)
	at org.apache.ratis.thirdparty.io.grpc.internal.ForwardingManagedChannel.awaitTermination(ForwardingManagedChannel.java:57)
	at org.apache.ratis.thirdparty.io.grpc.internal.ManagedChannelOrphanWrapper.awaitTermination(ManagedChannelOrphanWrapper.java:70)
	at org.apache.ratis.grpc.client.GrpcClientProtocolClient.close(GrpcClientProtocolClient.java:146)
	at org.apache.ratis.util.PeerProxyMap$PeerAndProxy.lambda$close$1(PeerProxyMap.java:74)
	at org.apache.ratis.util.LifeCycle.lambda$checkStateAndClose$2(LifeCycle.java:231)
	at org.apache.ratis.util.LifeCycle.checkStateAndClose(LifeCycle.java:251)
	at org.apache.ratis.util.LifeCycle.checkStateAndClose(LifeCycle.java:229)
	at org.apache.ratis.util.PeerProxyMap$PeerAndProxy.close(PeerProxyMap.java:70)
	at org.apache.ratis.util.PeerProxyMap.resetProxy(PeerProxyMap.java:127)
	at org.apache.ratis.util.PeerProxyMap.handleException(PeerProxyMap.java:136)
	at org.apache.ratis.client.impl.RaftClientRpcWithProxy.handleException(RaftClientRpcWithProxy.java:47)
	at org.apache.ratis.client.impl.RaftClientImpl.handleIOException(RaftClientImpl.java:372)
	at org.apache.ratis.client.impl.OrderedAsync.lambda$sendRequest$10(OrderedAsync.java:236)
	at java.util.concurrent.CompletableFuture.uniExceptionally(CompletableFuture.java:870)
	at java.util.concurrent.CompletableFuture$UniExceptionally.tryFire(CompletableFuture.java:852)
	at java.util.concurrent.CompletableFuture.postComplete(CompletableFuture.java:474)
	at java.util.concurrent.CompletableFuture.completeExceptionally(CompletableFuture.java:1977)
	at org.apache.ratis.grpc.client.GrpcClientProtocolClient$AsyncStreamObservers.lambda$timeoutCheck$3(GrpcClientProtocolClient.java:324)
	at java.util.Optional.ifPresent(Optional.java:159)
	at org.apache.ratis.grpc.client.GrpcClientProtocolClient$AsyncStreamObservers.handleReplyFuture(GrpcClientProtocolClient.java:329)
	at org.apache.ratis.grpc.client.GrpcClientProtocolClient$AsyncStreamObservers.timeoutCheck(GrpcClientProtocolClient.java:324)
	at org.apache.ratis.grpc.client.GrpcClientProtocolClient$AsyncStreamObservers.lambda$onNext$1(GrpcClientProtocolClient.java:318)
	at org.apache.ratis.util.TimeoutScheduler.lambda$onTimeout$0(TimeoutScheduler.java:113)
	at org.apache.ratis.util.TimeoutScheduler.lambda$onTimeout$1(TimeoutScheduler.java:133)
	at org.apache.ratis.util.LogUtils.runAndLog(LogUtils.java:50)
	at org.apache.ratis.util.LogUtils$1.run(LogUtils.java:91)
	at java.util.concurrent.Executors$RunnableAdapter.call(Executors.java:511)
	at java.util.concurrent.FutureTask.run(FutureTask.java:266)
	at java.util.concurrent.ScheduledThreadPoolExecutor$ScheduledFutureTask.access$201(ScheduledThreadPoolExecutor.java:180)
	at java.util.concurrent.ScheduledThreadPoolExecutor$ScheduledFutureTask.run(ScheduledThreadPoolExecutor.java:293)
	at java.util.concurrent.ThreadPoolExecutor.runWorker(ThreadPoolExecutor.java:1149)
	at java.util.concurrent.ThreadPoolExecutor$Worker.run(ThreadPoolExecutor.java:624)
	at java.lang.Thread.run(Thread.java:748)
2019-10-02 10:19:35,228 [java.util.concurrent.ThreadPoolExecutor$Worker@5d0c6c4c[State = -1, empty queue]] WARN  util.TimeoutScheduler (LogUtils.java:runAndLog(55)) - Failed to task #0: java.lang.NullPointerException
2019-10-02 10:19:39,309 [java.util.concurrent.ThreadPoolExecutor$Worker@b7721f8[State = -1, empty queue]] ERROR client.GrpcClientProtocolClient (GrpcClientProtocolClient.java:close(148)) - Unexpected exception while waiting for channel termination
java.lang.InterruptedException
	at java.util.concurrent.locks.AbstractQueuedSynchronizer.tryAcquireSharedNanos(AbstractQueuedSynchronizer.java:1326)
	at java.util.concurrent.CountDownLatch.await(CountDownLatch.java:277)
	at org.apache.ratis.thirdparty.io.grpc.internal.ManagedChannelImpl.awaitTermination(ManagedChannelImpl.java:763)
	at org.apache.ratis.thirdparty.io.grpc.internal.ForwardingManagedChannel.awaitTermination(ForwardingManagedChannel.java:57)
	at org.apache.ratis.thirdparty.io.grpc.internal.ManagedChannelOrphanWrapper.awaitTermination(ManagedChannelOrphanWrapper.java:70)
	at org.apache.ratis.grpc.client.GrpcClientProtocolClient.close(GrpcClientProtocolClient.java:146)
	at org.apache.ratis.util.PeerProxyMap$PeerAndProxy.lambda$close$1(PeerProxyMap.java:74)
	at org.apache.ratis.util.LifeCycle.lambda$checkStateAndClose$2(LifeCycle.java:231)
	at org.apache.ratis.util.LifeCycle.checkStateAndClose(LifeCycle.java:251)
	at org.apache.ratis.util.LifeCycle.checkStateAndClose(LifeCycle.java:229)
	at org.apache.ratis.util.PeerProxyMap$PeerAndProxy.close(PeerProxyMap.java:70)
	at org.apache.ratis.util.PeerProxyMap.resetProxy(PeerProxyMap.java:127)
	at org.apache.ratis.util.PeerProxyMap.handleException(PeerProxyMap.java:136)
	at org.apache.ratis.client.impl.RaftClientRpcWithProxy.handleException(RaftClientRpcWithProxy.java:47)
	at org.apache.ratis.client.impl.RaftClientImpl.handleIOException(RaftClientImpl.java:372)
	at org.apache.ratis.client.impl.OrderedAsync.lambda$sendRequest$10(OrderedAsync.java:236)
	at java.util.concurrent.CompletableFuture.uniExceptionally(CompletableFuture.java:870)
	at java.util.concurrent.CompletableFuture$UniExceptionally.tryFire(CompletableFuture.java:852)
	at java.util.concurrent.CompletableFuture.postComplete(CompletableFuture.java:474)
	at java.util.concurrent.CompletableFuture.completeExceptionally(CompletableFuture.java:1977)
	at org.apache.ratis.grpc.client.GrpcClientProtocolClient$AsyncStreamObservers.lambda$timeoutCheck$3(GrpcClientProtocolClient.java:324)
	at java.util.Optional.ifPresent(Optional.java:159)
	at org.apache.ratis.grpc.client.GrpcClientProtocolClient$AsyncStreamObservers.handleReplyFuture(GrpcClientProtocolClient.java:329)
	at org.apache.ratis.grpc.client.GrpcClientProtocolClient$AsyncStreamObservers.timeoutCheck(GrpcClientProtocolClient.java:324)
	at org.apache.ratis.grpc.client.GrpcClientProtocolClient$AsyncStreamObservers.lambda$onNext$1(GrpcClientProtocolClient.java:318)
	at org.apache.ratis.util.TimeoutScheduler.lambda$onTimeout$0(TimeoutScheduler.java:113)
	at org.apache.ratis.util.TimeoutScheduler.lambda$onTimeout$1(TimeoutScheduler.java:133)
	at org.apache.ratis.util.LogUtils.runAndLog(LogUtils.java:50)
	at org.apache.ratis.util.LogUtils$1.run(LogUtils.java:91)
	at java.util.concurrent.Executors$RunnableAdapter.call(Executors.java:511)
	at java.util.concurrent.FutureTask.run(FutureTask.java:266)
	at java.util.concurrent.ScheduledThreadPoolExecutor$ScheduledFutureTask.access$201(ScheduledThreadPoolExecutor.java:180)
	at java.util.concurrent.ScheduledThreadPoolExecutor$ScheduledFutureTask.run(ScheduledThreadPoolExecutor.java:293)
	at java.util.concurrent.ThreadPoolExecutor.runWorker(ThreadPoolExecutor.java:1149)
	at java.util.concurrent.ThreadPoolExecutor$Worker.run(ThreadPoolExecutor.java:624)
	at java.lang.Thread.run(Thread.java:748)
2019-10-02 10:19:39,314 [java.util.concurrent.ThreadPoolExecutor$Worker@b7721f8[State = -1, empty queue]] WARN  util.TimeoutScheduler (LogUtils.java:runAndLog(55)) - Failed to task #0: java.lang.NullPointerException
2019-10-02 10:19:43,365 [java.util.concurrent.ThreadPoolExecutor$Worker@7e424b0b[State = -1, empty queue]] ERROR client.GrpcClientProtocolClient (GrpcClientProtocolClient.java:close(148)) - Unexpected exception while waiting for channel termination
java.lang.InterruptedException
	at java.util.concurrent.locks.AbstractQueuedSynchronizer.tryAcquireSharedNanos(AbstractQueuedSynchronizer.java:1326)
	at java.util.concurrent.CountDownLatch.await(CountDownLatch.java:277)
	at org.apache.ratis.thirdparty.io.grpc.internal.ManagedChannelImpl.awaitTermination(ManagedChannelImpl.java:763)
	at org.apache.ratis.thirdparty.io.grpc.internal.ForwardingManagedChannel.awaitTermination(ForwardingManagedChannel.java:57)
	at org.apache.ratis.thirdparty.io.grpc.internal.ManagedChannelOrphanWrapper.awaitTermination(ManagedChannelOrphanWrapper.java:70)
	at org.apache.ratis.grpc.client.GrpcClientProtocolClient.close(GrpcClientProtocolClient.java:146)
	at org.apache.ratis.util.PeerProxyMap$PeerAndProxy.lambda$close$1(PeerProxyMap.java:74)
	at org.apache.ratis.util.LifeCycle.lambda$checkStateAndClose$2(LifeCycle.java:231)
	at org.apache.ratis.util.LifeCycle.checkStateAndClose(LifeCycle.java:251)
	at org.apache.ratis.util.LifeCycle.checkStateAndClose(LifeCycle.java:229)
	at org.apache.ratis.util.PeerProxyMap$PeerAndProxy.close(PeerProxyMap.java:70)
	at org.apache.ratis.util.PeerProxyMap.resetProxy(PeerProxyMap.java:127)
	at org.apache.ratis.util.PeerProxyMap.handleException(PeerProxyMap.java:136)
	at org.apache.ratis.client.impl.RaftClientRpcWithProxy.handleException(RaftClientRpcWithProxy.java:47)
	at org.apache.ratis.client.impl.RaftClientImpl.handleIOException(RaftClientImpl.java:372)
	at org.apache.ratis.client.impl.OrderedAsync.lambda$sendRequest$10(OrderedAsync.java:236)
	at java.util.concurrent.CompletableFuture.uniExceptionally(CompletableFuture.java:870)
	at java.util.concurrent.CompletableFuture$UniExceptionally.tryFire(CompletableFuture.java:852)
	at java.util.concurrent.CompletableFuture.postComplete(CompletableFuture.java:474)
	at java.util.concurrent.CompletableFuture.completeExceptionally(CompletableFuture.java:1977)
	at org.apache.ratis.grpc.client.GrpcClientProtocolClient$AsyncStreamObservers.lambda$timeoutCheck$3(GrpcClientProtocolClient.java:324)
	at java.util.Optional.ifPresent(Optional.java:159)
	at org.apache.ratis.grpc.client.GrpcClientProtocolClient$AsyncStreamObservers.handleReplyFuture(GrpcClientProtocolClient.java:329)
	at org.apache.ratis.grpc.client.GrpcClientProtocolClient$AsyncStreamObservers.timeoutCheck(GrpcClientProtocolClient.java:324)
	at org.apache.ratis.grpc.client.GrpcClientProtocolClient$AsyncStreamObservers.lambda$onNext$1(GrpcClientProtocolClient.java:318)
	at org.apache.ratis.util.TimeoutScheduler.lambda$onTimeout$0(TimeoutScheduler.java:113)
	at org.apache.ratis.util.TimeoutScheduler.lambda$onTimeout$1(TimeoutScheduler.java:133)
	at org.apache.ratis.util.LogUtils.runAndLog(LogUtils.java:50)
	at org.apache.ratis.util.LogUtils$1.run(LogUtils.java:91)
	at java.util.concurrent.Executors$RunnableAdapter.call(Executors.java:511)
	at java.util.concurrent.FutureTask.run(FutureTask.java:266)
	at java.util.concurrent.ScheduledThreadPoolExecutor$ScheduledFutureTask.access$201(ScheduledThreadPoolExecutor.java:180)
	at java.util.concurrent.ScheduledThreadPoolExecutor$ScheduledFutureTask.run(ScheduledThreadPoolExecutor.java:293)
	at java.util.concurrent.ThreadPoolExecutor.runWorker(ThreadPoolExecutor.java:1149)
	at java.util.concurrent.ThreadPoolExecutor$Worker.run(ThreadPoolExecutor.java:624)
	at java.lang.Thread.run(Thread.java:748)
2019-10-02 10:19:43,367 [java.util.concurrent.ThreadPoolExecutor$Worker@7e424b0b[State = -1, empty queue]] WARN  util.TimeoutScheduler (LogUtils.java:runAndLog(55)) - Failed to task #0: java.lang.NullPointerException
2019-10-02 10:19:47,418 [java.util.concurrent.ThreadPoolExecutor$Worker@62178fbc[State = -1, empty queue]] ERROR client.GrpcClientProtocolClient (GrpcClientProtocolClient.java:close(148)) - Unexpected exception while waiting for channel termination
java.lang.InterruptedException
	at java.util.concurrent.locks.AbstractQueuedSynchronizer.tryAcquireSharedNanos(AbstractQueuedSynchronizer.java:1326)
	at java.util.concurrent.CountDownLatch.await(CountDownLatch.java:277)
	at org.apache.ratis.thirdparty.io.grpc.internal.ManagedChannelImpl.awaitTermination(ManagedChannelImpl.java:763)
	at org.apache.ratis.thirdparty.io.grpc.internal.ForwardingManagedChannel.awaitTermination(ForwardingManagedChannel.java:57)
	at org.apache.ratis.thirdparty.io.grpc.internal.ManagedChannelOrphanWrapper.awaitTermination(ManagedChannelOrphanWrapper.java:70)
	at org.apache.ratis.grpc.client.GrpcClientProtocolClient.close(GrpcClientProtocolClient.java:146)
	at org.apache.ratis.util.PeerProxyMap$PeerAndProxy.lambda$close$1(PeerProxyMap.java:74)
	at org.apache.ratis.util.LifeCycle.lambda$checkStateAndClose$2(LifeCycle.java:231)
	at org.apache.ratis.util.LifeCycle.checkStateAndClose(LifeCycle.java:251)
	at org.apache.ratis.util.LifeCycle.checkStateAndClose(LifeCycle.java:229)
	at org.apache.ratis.util.PeerProxyMap$PeerAndProxy.close(PeerProxyMap.java:70)
	at org.apache.ratis.util.PeerProxyMap.resetProxy(PeerProxyMap.java:127)
	at org.apache.ratis.util.PeerProxyMap.handleException(PeerProxyMap.java:136)
	at org.apache.ratis.client.impl.RaftClientRpcWithProxy.handleException(RaftClientRpcWithProxy.java:47)
	at org.apache.ratis.client.impl.RaftClientImpl.handleIOException(RaftClientImpl.java:372)
	at org.apache.ratis.client.impl.OrderedAsync.lambda$sendRequest$10(OrderedAsync.java:236)
	at java.util.concurrent.CompletableFuture.uniExceptionally(CompletableFuture.java:870)
	at java.util.concurrent.CompletableFuture$UniExceptionally.tryFire(CompletableFuture.java:852)
	at java.util.concurrent.CompletableFuture.postComplete(CompletableFuture.java:474)
	at java.util.concurrent.CompletableFuture.completeExceptionally(CompletableFuture.java:1977)
	at org.apache.ratis.grpc.client.GrpcClientProtocolClient$AsyncStreamObservers.lambda$timeoutCheck$3(GrpcClientProtocolClient.java:324)
	at java.util.Optional.ifPresent(Optional.java:159)
	at org.apache.ratis.grpc.client.GrpcClientProtocolClient$AsyncStreamObservers.handleReplyFuture(GrpcClientProtocolClient.java:329)
	at org.apache.ratis.grpc.client.GrpcClientProtocolClient$AsyncStreamObservers.timeoutCheck(GrpcClientProtocolClient.java:324)
	at org.apache.ratis.grpc.client.GrpcClientProtocolClient$AsyncStreamObservers.lambda$onNext$1(GrpcClientProtocolClient.java:318)
	at org.apache.ratis.util.TimeoutScheduler.lambda$onTimeout$0(TimeoutScheduler.java:113)
	at org.apache.ratis.util.TimeoutScheduler.lambda$onTimeout$1(TimeoutScheduler.java:133)
	at org.apache.ratis.util.LogUtils.runAndLog(LogUtils.java:50)
	at org.apache.ratis.util.LogUtils$1.run(LogUtils.java:91)
	at java.util.concurrent.Executors$RunnableAdapter.call(Executors.java:511)
	at java.util.concurrent.FutureTask.run(FutureTask.java:266)
	at java.util.concurrent.ScheduledThreadPoolExecutor$ScheduledFutureTask.access$201(ScheduledThreadPoolExecutor.java:180)
	at java.util.concurrent.ScheduledThreadPoolExecutor$ScheduledFutureTask.run(ScheduledThreadPoolExecutor.java:293)
	at java.util.concurrent.ThreadPoolExecutor.runWorker(ThreadPoolExecutor.java:1149)
	at java.util.concurrent.ThreadPoolExecutor$Worker.run(ThreadPoolExecutor.java:624)
	at java.lang.Thread.run(Thread.java:748)
2019-10-02 10:19:47,421 [java.util.concurrent.ThreadPoolExecutor$Worker@62178fbc[State = -1, empty queue]] WARN  util.TimeoutScheduler (LogUtils.java:runAndLog(55)) - Failed to task #0: java.lang.NullPointerException
2019-10-02 10:19:51,784 [java.util.concurrent.ThreadPoolExecutor$Worker@10bb7466[State = -1, empty queue]] ERROR client.GrpcClientProtocolClient (GrpcClientProtocolClient.java:close(148)) - Unexpected exception while waiting for channel termination
java.lang.InterruptedException
	at java.util.concurrent.locks.AbstractQueuedSynchronizer.tryAcquireSharedNanos(AbstractQueuedSynchronizer.java:1326)
	at java.util.concurrent.CountDownLatch.await(CountDownLatch.java:277)
	at org.apache.ratis.thirdparty.io.grpc.internal.ManagedChannelImpl.awaitTermination(ManagedChannelImpl.java:763)
	at org.apache.ratis.thirdparty.io.grpc.internal.ForwardingManagedChannel.awaitTermination(ForwardingManagedChannel.java:57)
	at org.apache.ratis.thirdparty.io.grpc.internal.ManagedChannelOrphanWrapper.awaitTermination(ManagedChannelOrphanWrapper.java:70)
	at org.apache.ratis.grpc.client.GrpcClientProtocolClient.close(GrpcClientProtocolClient.java:146)
	at org.apache.ratis.util.PeerProxyMap$PeerAndProxy.lambda$close$1(PeerProxyMap.java:74)
	at org.apache.ratis.util.LifeCycle.lambda$checkStateAndClose$2(LifeCycle.java:231)
	at org.apache.ratis.util.LifeCycle.checkStateAndClose(LifeCycle.java:251)
	at org.apache.ratis.util.LifeCycle.checkStateAndClose(LifeCycle.java:229)
	at org.apache.ratis.util.PeerProxyMap$PeerAndProxy.close(PeerProxyMap.java:70)
	at org.apache.ratis.util.PeerProxyMap.resetProxy(PeerProxyMap.java:127)
	at org.apache.ratis.util.PeerProxyMap.handleException(PeerProxyMap.java:136)
	at org.apache.ratis.client.impl.RaftClientRpcWithProxy.handleException(RaftClientRpcWithProxy.java:47)
	at org.apache.ratis.client.impl.RaftClientImpl.handleIOException(RaftClientImpl.java:372)
	at org.apache.ratis.client.impl.OrderedAsync.lambda$sendRequest$10(OrderedAsync.java:236)
	at java.util.concurrent.CompletableFuture.uniExceptionally(CompletableFuture.java:870)
	at java.util.concurrent.CompletableFuture$UniExceptionally.tryFire(CompletableFuture.java:852)
	at java.util.concurrent.CompletableFuture.postComplete(CompletableFuture.java:474)
	at java.util.concurrent.CompletableFuture.completeExceptionally(CompletableFuture.java:1977)
	at org.apache.ratis.grpc.client.GrpcClientProtocolClient$AsyncStreamObservers.lambda$timeoutCheck$3(GrpcClientProtocolClient.java:324)
	at java.util.Optional.ifPresent(Optional.java:159)
	at org.apache.ratis.grpc.client.GrpcClientProtocolClient$AsyncStreamObservers.handleReplyFuture(GrpcClientProtocolClient.java:329)
	at org.apache.ratis.grpc.client.GrpcClientProtocolClient$AsyncStreamObservers.timeoutCheck(GrpcClientProtocolClient.java:324)
	at org.apache.ratis.grpc.client.GrpcClientProtocolClient$AsyncStreamObservers.lambda$onNext$1(GrpcClientProtocolClient.java:318)
	at org.apache.ratis.util.TimeoutScheduler.lambda$onTimeout$0(TimeoutScheduler.java:113)
	at org.apache.ratis.util.TimeoutScheduler.lambda$onTimeout$1(TimeoutScheduler.java:133)
	at org.apache.ratis.util.LogUtils.runAndLog(LogUtils.java:50)
	at org.apache.ratis.util.LogUtils$1.run(LogUtils.java:91)
	at java.util.concurrent.Executors$RunnableAdapter.call(Executors.java:511)
	at java.util.concurrent.FutureTask.run(FutureTask.java:266)
	at java.util.concurrent.ScheduledThreadPoolExecutor$ScheduledFutureTask.access$201(ScheduledThreadPoolExecutor.java:180)
	at java.util.concurrent.ScheduledThreadPoolExecutor$ScheduledFutureTask.run(ScheduledThreadPoolExecutor.java:293)
	at java.util.concurrent.ThreadPoolExecutor.runWorker(ThreadPoolExecutor.java:1149)
	at java.util.concurrent.ThreadPoolExecutor$Worker.run(ThreadPoolExecutor.java:624)
	at java.lang.Thread.run(Thread.java:748)
2019-10-02 10:19:51,787 [java.util.concurrent.ThreadPoolExecutor$Worker@10bb7466[State = -1, empty queue]] WARN  util.TimeoutScheduler (LogUtils.java:runAndLog(55)) - Failed to task #0: java.lang.NullPointerException
2019-10-02 10:19:55,830 [java.util.concurrent.ThreadPoolExecutor$Worker@41053fb8[State = -1, empty queue]] ERROR client.GrpcClientProtocolClient (GrpcClientProtocolClient.java:close(148)) - Unexpected exception while waiting for channel termination
java.lang.InterruptedException
	at java.util.concurrent.locks.AbstractQueuedSynchronizer.tryAcquireSharedNanos(AbstractQueuedSynchronizer.java:1326)
	at java.util.concurrent.CountDownLatch.await(CountDownLatch.java:277)
	at org.apache.ratis.thirdparty.io.grpc.internal.ManagedChannelImpl.awaitTermination(ManagedChannelImpl.java:763)
	at org.apache.ratis.thirdparty.io.grpc.internal.ForwardingManagedChannel.awaitTermination(ForwardingManagedChannel.java:57)
	at org.apache.ratis.thirdparty.io.grpc.internal.ManagedChannelOrphanWrapper.awaitTermination(ManagedChannelOrphanWrapper.java:70)
	at org.apache.ratis.grpc.client.GrpcClientProtocolClient.close(GrpcClientProtocolClient.java:146)
	at org.apache.ratis.util.PeerProxyMap$PeerAndProxy.lambda$close$1(PeerProxyMap.java:74)
	at org.apache.ratis.util.LifeCycle.lambda$checkStateAndClose$2(LifeCycle.java:231)
	at org.apache.ratis.util.LifeCycle.checkStateAndClose(LifeCycle.java:251)
	at org.apache.ratis.util.LifeCycle.checkStateAndClose(LifeCycle.java:229)
	at org.apache.ratis.util.PeerProxyMap$PeerAndProxy.close(PeerProxyMap.java:70)
	at org.apache.ratis.util.PeerProxyMap.resetProxy(PeerProxyMap.java:127)
	at org.apache.ratis.util.PeerProxyMap.handleException(PeerProxyMap.java:136)
	at org.apache.ratis.client.impl.RaftClientRpcWithProxy.handleException(RaftClientRpcWithProxy.java:47)
	at org.apache.ratis.client.impl.RaftClientImpl.handleIOException(RaftClientImpl.java:372)
	at org.apache.ratis.client.impl.OrderedAsync.lambda$sendRequest$10(OrderedAsync.java:236)
	at java.util.concurrent.CompletableFuture.uniExceptionally(CompletableFuture.java:870)
	at java.util.concurrent.CompletableFuture$UniExceptionally.tryFire(CompletableFuture.java:852)
	at java.util.concurrent.CompletableFuture.postComplete(CompletableFuture.java:474)
	at java.util.concurrent.CompletableFuture.completeExceptionally(CompletableFuture.java:1977)
	at org.apache.ratis.grpc.client.GrpcClientProtocolClient$AsyncStreamObservers.lambda$timeoutCheck$3(GrpcClientProtocolClient.java:324)
	at java.util.Optional.ifPresent(Optional.java:159)
	at org.apache.ratis.grpc.client.GrpcClientProtocolClient$AsyncStreamObservers.handleReplyFuture(GrpcClientProtocolClient.java:329)
	at org.apache.ratis.grpc.client.GrpcClientProtocolClient$AsyncStreamObservers.timeoutCheck(GrpcClientProtocolClient.java:324)
	at org.apache.ratis.grpc.client.GrpcClientProtocolClient$AsyncStreamObservers.lambda$onNext$1(GrpcClientProtocolClient.java:318)
	at org.apache.ratis.util.TimeoutScheduler.lambda$onTimeout$0(TimeoutScheduler.java:113)
	at org.apache.ratis.util.TimeoutScheduler.lambda$onTimeout$1(TimeoutScheduler.java:133)
	at org.apache.ratis.util.LogUtils.runAndLog(LogUtils.java:50)
	at org.apache.ratis.util.LogUtils$1.run(LogUtils.java:91)
	at java.util.concurrent.Executors$RunnableAdapter.call(Executors.java:511)
	at java.util.concurrent.FutureTask.run(FutureTask.java:266)
	at java.util.concurrent.ScheduledThreadPoolExecutor$ScheduledFutureTask.access$201(ScheduledThreadPoolExecutor.java:180)
	at java.util.concurrent.ScheduledThreadPoolExecutor$ScheduledFutureTask.run(ScheduledThreadPoolExecutor.java:293)
	at java.util.concurrent.ThreadPoolExecutor.runWorker(ThreadPoolExecutor.java:1149)
	at java.util.concurrent.ThreadPoolExecutor$Worker.run(ThreadPoolExecutor.java:624)
	at java.lang.Thread.run(Thread.java:748)
2019-10-02 10:19:55,832 [java.util.concurrent.ThreadPoolExecutor$Worker@41053fb8[State = -1, empty queue]] WARN  util.TimeoutScheduler (LogUtils.java:runAndLog(55)) - Failed to task #0: java.lang.NullPointerException
2019-10-02 10:19:59,877 [java.util.concurrent.ThreadPoolExecutor$Worker@2ed62b55[State = -1, empty queue]] ERROR client.GrpcClientProtocolClient (GrpcClientProtocolClient.java:close(148)) - Unexpected exception while waiting for channel termination
java.lang.InterruptedException
	at java.util.concurrent.locks.AbstractQueuedSynchronizer.tryAcquireSharedNanos(AbstractQueuedSynchronizer.java:1326)
	at java.util.concurrent.CountDownLatch.await(CountDownLatch.java:277)
	at org.apache.ratis.thirdparty.io.grpc.internal.ManagedChannelImpl.awaitTermination(ManagedChannelImpl.java:763)
	at org.apache.ratis.thirdparty.io.grpc.internal.ForwardingManagedChannel.awaitTermination(ForwardingManagedChannel.java:57)
	at org.apache.ratis.thirdparty.io.grpc.internal.ManagedChannelOrphanWrapper.awaitTermination(ManagedChannelOrphanWrapper.java:70)
	at org.apache.ratis.grpc.client.GrpcClientProtocolClient.close(GrpcClientProtocolClient.java:146)
	at org.apache.ratis.util.PeerProxyMap$PeerAndProxy.lambda$close$1(PeerProxyMap.java:74)
	at org.apache.ratis.util.LifeCycle.lambda$checkStateAndClose$2(LifeCycle.java:231)
	at org.apache.ratis.util.LifeCycle.checkStateAndClose(LifeCycle.java:251)
	at org.apache.ratis.util.LifeCycle.checkStateAndClose(LifeCycle.java:229)
	at org.apache.ratis.util.PeerProxyMap$PeerAndProxy.close(PeerProxyMap.java:70)
	at org.apache.ratis.util.PeerProxyMap.resetProxy(PeerProxyMap.java:127)
	at org.apache.ratis.util.PeerProxyMap.handleException(PeerProxyMap.java:136)
	at org.apache.ratis.client.impl.RaftClientRpcWithProxy.handleException(RaftClientRpcWithProxy.java:47)
	at org.apache.ratis.client.impl.RaftClientImpl.handleIOException(RaftClientImpl.java:372)
	at org.apache.ratis.client.impl.OrderedAsync.lambda$sendRequest$10(OrderedAsync.java:236)
	at java.util.concurrent.CompletableFuture.uniExceptionally(CompletableFuture.java:870)
	at java.util.concurrent.CompletableFuture$UniExceptionally.tryFire(CompletableFuture.java:852)
	at java.util.concurrent.CompletableFuture.postComplete(CompletableFuture.java:474)
	at java.util.concurrent.CompletableFuture.completeExceptionally(CompletableFuture.java:1977)
	at org.apache.ratis.grpc.client.GrpcClientProtocolClient$AsyncStreamObservers.lambda$timeoutCheck$3(GrpcClientProtocolClient.java:324)
	at java.util.Optional.ifPresent(Optional.java:159)
	at org.apache.ratis.grpc.client.GrpcClientProtocolClient$AsyncStreamObservers.handleReplyFuture(GrpcClientProtocolClient.java:329)
	at org.apache.ratis.grpc.client.GrpcClientProtocolClient$AsyncStreamObservers.timeoutCheck(GrpcClientProtocolClient.java:324)
	at org.apache.ratis.grpc.client.GrpcClientProtocolClient$AsyncStreamObservers.lambda$onNext$1(GrpcClientProtocolClient.java:318)
	at org.apache.ratis.util.TimeoutScheduler.lambda$onTimeout$0(TimeoutScheduler.java:113)
	at org.apache.ratis.util.TimeoutScheduler.lambda$onTimeout$1(TimeoutScheduler.java:133)
	at org.apache.ratis.util.LogUtils.runAndLog(LogUtils.java:50)
	at org.apache.ratis.util.LogUtils$1.run(LogUtils.java:91)
	at java.util.concurrent.Executors$RunnableAdapter.call(Executors.java:511)
	at java.util.concurrent.FutureTask.run(FutureTask.java:266)
	at java.util.concurrent.ScheduledThreadPoolExecutor$ScheduledFutureTask.access$201(ScheduledThreadPoolExecutor.java:180)
	at java.util.concurrent.ScheduledThreadPoolExecutor$ScheduledFutureTask.run(ScheduledThreadPoolExecutor.java:293)
	at java.util.concurrent.ThreadPoolExecutor.runWorker(ThreadPoolExecutor.java:1149)
	at java.util.concurrent.ThreadPoolExecutor$Worker.run(ThreadPoolExecutor.java:624)
	at java.lang.Thread.run(Thread.java:748)
2019-10-02 10:19:59,879 [java.util.concurrent.ThreadPoolExecutor$Worker@2ed62b55[State = -1, empty queue]] WARN  util.TimeoutScheduler (LogUtils.java:runAndLog(55)) - Failed to task #0: java.lang.NullPointerException
2019-10-02 10:20:03,927 [java.util.concurrent.ThreadPoolExecutor$Worker@539bb6ad[State = -1, empty queue]] ERROR client.GrpcClientProtocolClient (GrpcClientProtocolClient.java:close(148)) - Unexpected exception while waiting for channel termination
java.lang.InterruptedException
	at java.util.concurrent.locks.AbstractQueuedSynchronizer.tryAcquireSharedNanos(AbstractQueuedSynchronizer.java:1326)
	at java.util.concurrent.CountDownLatch.await(CountDownLatch.java:277)
	at org.apache.ratis.thirdparty.io.grpc.internal.ManagedChannelImpl.awaitTermination(ManagedChannelImpl.java:763)
	at org.apache.ratis.thirdparty.io.grpc.internal.ForwardingManagedChannel.awaitTermination(ForwardingManagedChannel.java:57)
	at org.apache.ratis.thirdparty.io.grpc.internal.ManagedChannelOrphanWrapper.awaitTermination(ManagedChannelOrphanWrapper.java:70)
	at org.apache.ratis.grpc.client.GrpcClientProtocolClient.close(GrpcClientProtocolClient.java:146)
	at org.apache.ratis.util.PeerProxyMap$PeerAndProxy.lambda$close$1(PeerProxyMap.java:74)
	at org.apache.ratis.util.LifeCycle.lambda$checkStateAndClose$2(LifeCycle.java:231)
	at org.apache.ratis.util.LifeCycle.checkStateAndClose(LifeCycle.java:251)
	at org.apache.ratis.util.LifeCycle.checkStateAndClose(LifeCycle.java:229)
	at org.apache.ratis.util.PeerProxyMap$PeerAndProxy.close(PeerProxyMap.java:70)
	at org.apache.ratis.util.PeerProxyMap.resetProxy(PeerProxyMap.java:127)
	at org.apache.ratis.util.PeerProxyMap.handleException(PeerProxyMap.java:136)
	at org.apache.ratis.client.impl.RaftClientRpcWithProxy.handleException(RaftClientRpcWithProxy.java:47)
	at org.apache.ratis.client.impl.RaftClientImpl.handleIOException(RaftClientImpl.java:372)
	at org.apache.ratis.client.impl.OrderedAsync.lambda$sendRequest$10(OrderedAsync.java:236)
	at java.util.concurrent.CompletableFuture.uniExceptionally(CompletableFuture.java:870)
	at java.util.concurrent.CompletableFuture$UniExceptionally.tryFire(CompletableFuture.java:852)
	at java.util.concurrent.CompletableFuture.postComplete(CompletableFuture.java:474)
	at java.util.concurrent.CompletableFuture.completeExceptionally(CompletableFuture.java:1977)
	at org.apache.ratis.grpc.client.GrpcClientProtocolClient$AsyncStreamObservers.lambda$timeoutCheck$3(GrpcClientProtocolClient.java:324)
	at java.util.Optional.ifPresent(Optional.java:159)
	at org.apache.ratis.grpc.client.GrpcClientProtocolClient$AsyncStreamObservers.handleReplyFuture(GrpcClientProtocolClient.java:329)
	at org.apache.ratis.grpc.client.GrpcClientProtocolClient$AsyncStreamObservers.timeoutCheck(GrpcClientProtocolClient.java:324)
	at org.apache.ratis.grpc.client.GrpcClientProtocolClient$AsyncStreamObservers.lambda$onNext$1(GrpcClientProtocolClient.java:318)
	at org.apache.ratis.util.TimeoutScheduler.lambda$onTimeout$0(TimeoutScheduler.java:113)
	at org.apache.ratis.util.TimeoutScheduler.lambda$onTimeout$1(TimeoutScheduler.java:133)
	at org.apache.ratis.util.LogUtils.runAndLog(LogUtils.java:50)
	at org.apache.ratis.util.LogUtils$1.run(LogUtils.java:91)
	at java.util.concurrent.Executors$RunnableAdapter.call(Executors.java:511)
	at java.util.concurrent.FutureTask.run(FutureTask.java:266)
	at java.util.concurrent.ScheduledThreadPoolExecutor$ScheduledFutureTask.access$201(ScheduledThreadPoolExecutor.java:180)
	at java.util.concurrent.ScheduledThreadPoolExecutor$ScheduledFutureTask.run(ScheduledThreadPoolExecutor.java:293)
	at java.util.concurrent.ThreadPoolExecutor.runWorker(ThreadPoolExecutor.java:1149)
	at java.util.concurrent.ThreadPoolExecutor$Worker.run(ThreadPoolExecutor.java:624)
	at java.lang.Thread.run(Thread.java:748)
2019-10-02 10:20:03,929 [java.util.concurrent.ThreadPoolExecutor$Worker@539bb6ad[State = -1, empty queue]] WARN  util.TimeoutScheduler (LogUtils.java:runAndLog(55)) - Failed to task #0: java.lang.NullPointerException
2019-10-02 10:20:07,966 [java.util.concurrent.ThreadPoolExecutor$Worker@191ef3b5[State = -1, empty queue]] ERROR client.GrpcClientProtocolClient (GrpcClientProtocolClient.java:close(148)) - Unexpected exception while waiting for channel termination
java.lang.InterruptedException
	at java.util.concurrent.locks.AbstractQueuedSynchronizer.tryAcquireSharedNanos(AbstractQueuedSynchronizer.java:1326)
	at java.util.concurrent.CountDownLatch.await(CountDownLatch.java:277)
	at org.apache.ratis.thirdparty.io.grpc.internal.ManagedChannelImpl.awaitTermination(ManagedChannelImpl.java:763)
	at org.apache.ratis.thirdparty.io.grpc.internal.ForwardingManagedChannel.awaitTermination(ForwardingManagedChannel.java:57)
	at org.apache.ratis.thirdparty.io.grpc.internal.ManagedChannelOrphanWrapper.awaitTermination(ManagedChannelOrphanWrapper.java:70)
	at org.apache.ratis.grpc.client.GrpcClientProtocolClient.close(GrpcClientProtocolClient.java:146)
	at org.apache.ratis.util.PeerProxyMap$PeerAndProxy.lambda$close$1(PeerProxyMap.java:74)
	at org.apache.ratis.util.LifeCycle.lambda$checkStateAndClose$2(LifeCycle.java:231)
	at org.apache.ratis.util.LifeCycle.checkStateAndClose(LifeCycle.java:251)
	at org.apache.ratis.util.LifeCycle.checkStateAndClose(LifeCycle.java:229)
	at org.apache.ratis.util.PeerProxyMap$PeerAndProxy.close(PeerProxyMap.java:70)
	at org.apache.ratis.util.PeerProxyMap.resetProxy(PeerProxyMap.java:127)
	at org.apache.ratis.util.PeerProxyMap.handleException(PeerProxyMap.java:136)
	at org.apache.ratis.client.impl.RaftClientRpcWithProxy.handleException(RaftClientRpcWithProxy.java:47)
	at org.apache.ratis.client.impl.RaftClientImpl.handleIOException(RaftClientImpl.java:372)
	at org.apache.ratis.client.impl.OrderedAsync.lambda$sendRequest$10(OrderedAsync.java:236)
	at java.util.concurrent.CompletableFuture.uniExceptionally(CompletableFuture.java:870)
	at java.util.concurrent.CompletableFuture$UniExceptionally.tryFire(CompletableFuture.java:852)
	at java.util.concurrent.CompletableFuture.postComplete(CompletableFuture.java:474)
	at java.util.concurrent.CompletableFuture.completeExceptionally(CompletableFuture.java:1977)
	at org.apache.ratis.grpc.client.GrpcClientProtocolClient$AsyncStreamObservers.lambda$timeoutCheck$3(GrpcClientProtocolClient.java:324)
	at java.util.Optional.ifPresent(Optional.java:159)
	at org.apache.ratis.grpc.client.GrpcClientProtocolClient$AsyncStreamObservers.handleReplyFuture(GrpcClientProtocolClient.java:329)
	at org.apache.ratis.grpc.client.GrpcClientProtocolClient$AsyncStreamObservers.timeoutCheck(GrpcClientProtocolClient.java:324)
	at org.apache.ratis.grpc.client.GrpcClientProtocolClient$AsyncStreamObservers.lambda$onNext$1(GrpcClientProtocolClient.java:318)
	at org.apache.ratis.util.TimeoutScheduler.lambda$onTimeout$0(TimeoutScheduler.java:113)
	at org.apache.ratis.util.TimeoutScheduler.lambda$onTimeout$1(TimeoutScheduler.java:133)
	at org.apache.ratis.util.LogUtils.runAndLog(LogUtils.java:50)
	at org.apache.ratis.util.LogUtils$1.run(LogUtils.java:91)
	at java.util.concurrent.Executors$RunnableAdapter.call(Executors.java:511)
	at java.util.concurrent.FutureTask.run(FutureTask.java:266)
	at java.util.concurrent.ScheduledThreadPoolExecutor$ScheduledFutureTask.access$201(ScheduledThreadPoolExecutor.java:180)
	at java.util.concurrent.ScheduledThreadPoolExecutor$ScheduledFutureTask.run(ScheduledThreadPoolExecutor.java:293)
	at java.util.concurrent.ThreadPoolExecutor.runWorker(ThreadPoolExecutor.java:1149)
	at java.util.concurrent.ThreadPoolExecutor$Worker.run(ThreadPoolExecutor.java:624)
	at java.lang.Thread.run(Thread.java:748)
2019-10-02 10:20:07,969 [java.util.concurrent.ThreadPoolExecutor$Worker@191ef3b5[State = -1, empty queue]] WARN  util.TimeoutScheduler (LogUtils.java:runAndLog(55)) - Failed to task #0: java.lang.NullPointerException
2019-10-02 10:20:12,035 [java.util.concurrent.ThreadPoolExecutor$Worker@7e281baa[State = -1, empty queue]] ERROR client.GrpcClientProtocolClient (GrpcClientProtocolClient.java:close(148)) - Unexpected exception while waiting for channel termination
java.lang.InterruptedException
	at java.util.concurrent.locks.AbstractQueuedSynchronizer.tryAcquireSharedNanos(AbstractQueuedSynchronizer.java:1326)
	at java.util.concurrent.CountDownLatch.await(CountDownLatch.java:277)
	at org.apache.ratis.thirdparty.io.grpc.internal.ManagedChannelImpl.awaitTermination(ManagedChannelImpl.java:763)
	at org.apache.ratis.thirdparty.io.grpc.internal.ForwardingManagedChannel.awaitTermination(ForwardingManagedChannel.java:57)
	at org.apache.ratis.thirdparty.io.grpc.internal.ManagedChannelOrphanWrapper.awaitTermination(ManagedChannelOrphanWrapper.java:70)
	at org.apache.ratis.grpc.client.GrpcClientProtocolClient.close(GrpcClientProtocolClient.java:146)
	at org.apache.ratis.util.PeerProxyMap$PeerAndProxy.lambda$close$1(PeerProxyMap.java:74)
	at org.apache.ratis.util.LifeCycle.lambda$checkStateAndClose$2(LifeCycle.java:231)
	at org.apache.ratis.util.LifeCycle.checkStateAndClose(LifeCycle.java:251)
	at org.apache.ratis.util.LifeCycle.checkStateAndClose(LifeCycle.java:229)
	at org.apache.ratis.util.PeerProxyMap$PeerAndProxy.close(PeerProxyMap.java:70)
	at org.apache.ratis.util.PeerProxyMap.resetProxy(PeerProxyMap.java:127)
	at org.apache.ratis.util.PeerProxyMap.handleException(PeerProxyMap.java:136)
	at org.apache.ratis.client.impl.RaftClientRpcWithProxy.handleException(RaftClientRpcWithProxy.java:47)
	at org.apache.ratis.client.impl.RaftClientImpl.handleIOException(RaftClientImpl.java:372)
	at org.apache.ratis.client.impl.OrderedAsync.lambda$sendRequest$10(OrderedAsync.java:236)
	at java.util.concurrent.CompletableFuture.uniExceptionally(CompletableFuture.java:870)
	at java.util.concurrent.CompletableFuture$UniExceptionally.tryFire(CompletableFuture.java:852)
	at java.util.concurrent.CompletableFuture.postComplete(CompletableFuture.java:474)
	at java.util.concurrent.CompletableFuture.completeExceptionally(CompletableFuture.java:1977)
	at org.apache.ratis.grpc.client.GrpcClientProtocolClient$AsyncStreamObservers.lambda$timeoutCheck$3(GrpcClientProtocolClient.java:324)
	at java.util.Optional.ifPresent(Optional.java:159)
	at org.apache.ratis.grpc.client.GrpcClientProtocolClient$AsyncStreamObservers.handleReplyFuture(GrpcClientProtocolClient.java:329)
	at org.apache.ratis.grpc.client.GrpcClientProtocolClient$AsyncStreamObservers.timeoutCheck(GrpcClientProtocolClient.java:324)
	at org.apache.ratis.grpc.client.GrpcClientProtocolClient$AsyncStreamObservers.lambda$onNext$1(GrpcClientProtocolClient.java:318)
	at org.apache.ratis.util.TimeoutScheduler.lambda$onTimeout$0(TimeoutScheduler.java:113)
	at org.apache.ratis.util.TimeoutScheduler.lambda$onTimeout$1(TimeoutScheduler.java:133)
	at org.apache.ratis.util.LogUtils.runAndLog(LogUtils.java:50)
	at org.apache.ratis.util.LogUtils$1.run(LogUtils.java:91)
	at java.util.concurrent.Executors$RunnableAdapter.call(Executors.java:511)
	at java.util.concurrent.FutureTask.run(FutureTask.java:266)
	at java.util.concurrent.ScheduledThreadPoolExecutor$ScheduledFutureTask.access$201(ScheduledThreadPoolExecutor.java:180)
	at java.util.concurrent.ScheduledThreadPoolExecutor$ScheduledFutureTask.run(ScheduledThreadPoolExecutor.java:293)
	at java.util.concurrent.ThreadPoolExecutor.runWorker(ThreadPoolExecutor.java:1149)
	at java.util.concurrent.ThreadPoolExecutor$Worker.run(ThreadPoolExecutor.java:624)
	at java.lang.Thread.run(Thread.java:748)
2019-10-02 10:20:12,038 [java.util.concurrent.ThreadPoolExecutor$Worker@7e281baa[State = -1, empty queue]] WARN  util.TimeoutScheduler (LogUtils.java:runAndLog(55)) - Failed to task #0: java.lang.NullPointerException
2019-10-02 10:20:16,099 [java.util.concurrent.ThreadPoolExecutor$Worker@2467375b[State = -1, empty queue]] ERROR client.GrpcClientProtocolClient (GrpcClientProtocolClient.java:close(148)) - Unexpected exception while waiting for channel termination
java.lang.InterruptedException
	at java.util.concurrent.locks.AbstractQueuedSynchronizer.tryAcquireSharedNanos(AbstractQueuedSynchronizer.java:1326)
	at java.util.concurrent.CountDownLatch.await(CountDownLatch.java:277)
	at org.apache.ratis.thirdparty.io.grpc.internal.ManagedChannelImpl.awaitTermination(ManagedChannelImpl.java:763)
	at org.apache.ratis.thirdparty.io.grpc.internal.ForwardingManagedChannel.awaitTermination(ForwardingManagedChannel.java:57)
	at org.apache.ratis.thirdparty.io.grpc.internal.ManagedChannelOrphanWrapper.awaitTermination(ManagedChannelOrphanWrapper.java:70)
	at org.apache.ratis.grpc.client.GrpcClientProtocolClient.close(GrpcClientProtocolClient.java:146)
	at org.apache.ratis.util.PeerProxyMap$PeerAndProxy.lambda$close$1(PeerProxyMap.java:74)
	at org.apache.ratis.util.LifeCycle.lambda$checkStateAndClose$2(LifeCycle.java:231)
	at org.apache.ratis.util.LifeCycle.checkStateAndClose(LifeCycle.java:251)
	at org.apache.ratis.util.LifeCycle.checkStateAndClose(LifeCycle.java:229)
	at org.apache.ratis.util.PeerProxyMap$PeerAndProxy.close(PeerProxyMap.java:70)
	at org.apache.ratis.util.PeerProxyMap.resetProxy(PeerProxyMap.java:127)
	at org.apache.ratis.util.PeerProxyMap.handleException(PeerProxyMap.java:136)
	at org.apache.ratis.client.impl.RaftClientRpcWithProxy.handleException(RaftClientRpcWithProxy.java:47)
	at org.apache.ratis.client.impl.RaftClientImpl.handleIOException(RaftClientImpl.java:372)
	at org.apache.ratis.client.impl.OrderedAsync.lambda$sendRequest$10(OrderedAsync.java:236)
	at java.util.concurrent.CompletableFuture.uniExceptionally(CompletableFuture.java:870)
	at java.util.concurrent.CompletableFuture$UniExceptionally.tryFire(CompletableFuture.java:852)
	at java.util.concurrent.CompletableFuture.postComplete(CompletableFuture.java:474)
	at java.util.concurrent.CompletableFuture.completeExceptionally(CompletableFuture.java:1977)
	at org.apache.ratis.grpc.client.GrpcClientProtocolClient$AsyncStreamObservers.lambda$timeoutCheck$3(GrpcClientProtocolClient.java:324)
	at java.util.Optional.ifPresent(Optional.java:159)
	at org.apache.ratis.grpc.client.GrpcClientProtocolClient$AsyncStreamObservers.handleReplyFuture(GrpcClientProtocolClient.java:329)
	at org.apache.ratis.grpc.client.GrpcClientProtocolClient$AsyncStreamObservers.timeoutCheck(GrpcClientProtocolClient.java:324)
	at org.apache.ratis.grpc.client.GrpcClientProtocolClient$AsyncStreamObservers.lambda$onNext$1(GrpcClientProtocolClient.java:318)
	at org.apache.ratis.util.TimeoutScheduler.lambda$onTimeout$0(TimeoutScheduler.java:113)
	at org.apache.ratis.util.TimeoutScheduler.lambda$onTimeout$1(TimeoutScheduler.java:133)
	at org.apache.ratis.util.LogUtils.runAndLog(LogUtils.java:50)
	at org.apache.ratis.util.LogUtils$1.run(LogUtils.java:91)
	at java.util.concurrent.Executors$RunnableAdapter.call(Executors.java:511)
	at java.util.concurrent.FutureTask.run(FutureTask.java:266)
	at java.util.concurrent.ScheduledThreadPoolExecutor$ScheduledFutureTask.access$201(ScheduledThreadPoolExecutor.java:180)
	at java.util.concurrent.ScheduledThreadPoolExecutor$ScheduledFutureTask.run(ScheduledThreadPoolExecutor.java:293)
	at java.util.concurrent.ThreadPoolExecutor.runWorker(ThreadPoolExecutor.java:1149)
	at java.util.concurrent.ThreadPoolExecutor$Worker.run(ThreadPoolExecutor.java:624)
	at java.lang.Thread.run(Thread.java:748)
2019-10-02 10:20:16,101 [java.util.concurrent.ThreadPoolExecutor$Worker@2467375b[State = -1, empty queue]] WARN  util.TimeoutScheduler (LogUtils.java:runAndLog(55)) - Failed to task #0: java.lang.NullPointerException
2019-10-02 10:20:16,127 [grpc-default-executor-2] INFO  impl.RaftServerProxy (RaftServerProxy.java:remove(95)) - 67f1a5fe-c7be-4ecb-b503-d243409340fd: remove  FOLLOWER 67f1a5fe-c7be-4ecb-b503-d243409340fd@group-47E0ABD6D52E:t1, leader=663b2fe6-68c2-4e66-9671-0aa57c3653e2, voted=67f1a5fe-c7be-4ecb-b503-d243409340fd, raftlog=67f1a5fe-c7be-4ecb-b503-d243409340fd@group-47E0ABD6D52E-SegmentedRaftLog:OPENED:c0,f2,i2, conf=0: [663b2fe6-68c2-4e66-9671-0aa57c3653e2:192.168.151.92:41388, 67f1a5fe-c7be-4ecb-b503-d243409340fd:192.168.151.92:36198, 438152b3-e18d-41ab-8849-fe8d3376297f:192.168.151.92:40801], old=null RUNNING
2019-10-02 10:20:16,130 [grpc-default-executor-2] INFO  impl.RaftServerImpl (RaftServerImpl.java:lambda$shutdown$3(247)) - 67f1a5fe-c7be-4ecb-b503-d243409340fd@group-47E0ABD6D52E: shutdown
2019-10-02 10:20:16,130 [grpc-default-executor-2] INFO  util.JmxRegister (JmxRegister.java:unregister(73)) - Successfully un-registered JMX Bean with object name Ratis:service=RaftServer,group=group-47E0ABD6D52E,id=67f1a5fe-c7be-4ecb-b503-d243409340fd
2019-10-02 10:20:16,130 [grpc-default-executor-2] INFO  impl.RoleInfo (RoleInfo.java:shutdownFollowerState(121)) - 67f1a5fe-c7be-4ecb-b503-d243409340fd: shutdown FollowerState
2019-10-02 10:20:16,130 [grpc-default-executor-2] INFO  impl.StateMachineUpdater (StateMachineUpdater.java:stopAndJoin(136)) - 67f1a5fe-c7be-4ecb-b503-d243409340fd@group-47E0ABD6D52E-StateMachineUpdater: set stopIndex = 0
2019-10-02 10:20:16,131 [Thread-316] INFO  impl.FollowerState (FollowerState.java:run(117)) - 67f1a5fe-c7be-4ecb-b503-d243409340fd@group-47E0ABD6D52E-FollowerState was interrupted: java.lang.InterruptedException: sleep interrupted
2019-10-02 10:20:16,136 [grpc-default-executor-2] INFO  impl.RaftServerImpl (ServerState.java:close(387)) - 67f1a5fe-c7be-4ecb-b503-d243409340fd@group-47E0ABD6D52E: closes. applyIndex: 0
2019-10-02 10:20:16,138 [67f1a5fe-c7be-4ecb-b503-d243409340fd@group-47E0ABD6D52E-SegmentedRaftLogWorker] INFO  segmented.SegmentedRaftLogWorker (SegmentedRaftLogWorker.java:run(316)) - 67f1a5fe-c7be-4ecb-b503-d243409340fd@group-47E0ABD6D52E-SegmentedRaftLogWorker was interrupted, exiting. There are 0 tasks remaining in the queue.
2019-10-02 10:20:16,140 [grpc-default-executor-2] INFO  segmented.SegmentedRaftLogWorker (SegmentedRaftLogWorker.java:close(224)) - 67f1a5fe-c7be-4ecb-b503-d243409340fd@group-47E0ABD6D52E-SegmentedRaftLogWorker close()
2019-10-02 10:20:16,256 [grpc-default-executor-2] INFO  interfaces.Container (KeyValueContainer.java:flushAndSyncDB(386)) - Container 1 is synced with bcsId 0.
2019-10-02 10:20:16,256 [grpc-default-executor-2] INFO  interfaces.Container (KeyValueContainer.java:flushAndSyncDB(386)) - Container 1 is synced with bcsId 0.
2019-10-02 10:20:16,277 [EventQueue-IncrementalContainerReportForIncrementalContainerReportHandler] INFO  container.IncrementalContainerReportHandler (AbstractContainerReportHandler.java:updateContainerState(169)) - Moving container #1 to QUASI_CLOSED state, datanode 67f1a5fe-c7be-4ecb-b503-d243409340fd{ip: 192.168.151.92, host: pr-trunk-gg4kw-413187789, networkLocation: /default-rack, certSerialId: null} reported QUASI_CLOSED replica.
2019-10-02 10:20:16,288 [grpc-default-executor-2] INFO  impl.RaftServerProxy (RaftServerProxy.java:remove(95)) - 663b2fe6-68c2-4e66-9671-0aa57c3653e2: remove    LEADER 663b2fe6-68c2-4e66-9671-0aa57c3653e2@group-47E0ABD6D52E:t1, leader=663b2fe6-68c2-4e66-9671-0aa57c3653e2, voted=663b2fe6-68c2-4e66-9671-0aa57c3653e2, raftlog=663b2fe6-68c2-4e66-9671-0aa57c3653e2@group-47E0ABD6D52E-SegmentedRaftLog:OPENED:c0,f0,i2, conf=0: [663b2fe6-68c2-4e66-9671-0aa57c3653e2:192.168.151.92:41388, 67f1a5fe-c7be-4ecb-b503-d243409340fd:192.168.151.92:36198, 438152b3-e18d-41ab-8849-fe8d3376297f:192.168.151.92:40801], old=null RUNNING
2019-10-02 10:20:16,289 [grpc-default-executor-2] INFO  impl.RaftServerImpl (RaftServerImpl.java:lambda$shutdown$3(247)) - 663b2fe6-68c2-4e66-9671-0aa57c3653e2@group-47E0ABD6D52E: shutdown
2019-10-02 10:20:16,289 [grpc-default-executor-2] INFO  util.JmxRegister (JmxRegister.java:unregister(73)) - Successfully un-registered JMX Bean with object name Ratis:service=RaftServer,group=group-47E0ABD6D52E,id=663b2fe6-68c2-4e66-9671-0aa57c3653e2
2019-10-02 10:20:16,289 [grpc-default-executor-2] INFO  impl.RoleInfo (RoleInfo.java:shutdownLeaderState(104)) - 663b2fe6-68c2-4e66-9671-0aa57c3653e2: shutdown LeaderState
2019-10-02 10:20:16,292 [org.apache.ratis.server.impl.LogAppender$AppenderDaemon$$Lambda$688/257982498@44a79980] WARN  server.GrpcLogAppender (GrpcLogAppender.java:mayWait(143)) - 663b2fe6-68c2-4e66-9671-0aa57c3653e2@group-47E0ABD6D52E->67f1a5fe-c7be-4ecb-b503-d243409340fd-GrpcLogAppender: Wait interrupted by java.lang.InterruptedException
2019-10-02 10:20:16,294 [grpc-default-executor-2] INFO  impl.PendingRequests (PendingRequests.java:sendNotLeaderResponses(202)) - 663b2fe6-68c2-4e66-9671-0aa57c3653e2@group-47E0ABD6D52E-PendingRequests: sendNotLeaderResponses
2019-10-02 10:20:16,294 [org.apache.ratis.server.impl.LogAppender$AppenderDaemon$$Lambda$688/257982498@156b45cf] WARN  server.GrpcLogAppender (GrpcLogAppender.java:mayWait(143)) - 663b2fe6-68c2-4e66-9671-0aa57c3653e2@group-47E0ABD6D52E->438152b3-e18d-41ab-8849-fe8d3376297f-GrpcLogAppender: Wait interrupted by java.lang.InterruptedException
2019-10-02 10:20:16,301 [grpc-default-executor-4] INFO  server.GrpcServerProtocolService (GrpcServerProtocolService.java:onCompleted(113)) - 67f1a5fe-c7be-4ecb-b503-d243409340fd: Completed APPEND_ENTRIES, lastRequest: 663b2fe6-68c2-4e66-9671-0aa57c3653e2->67f1a5fe-c7be-4ecb-b503-d243409340fd#29-t1, previous=(t:1, i:2), leaderCommit=0, initializing? false, entries: <empty>
2019-10-02 10:20:16,301 [grpc-default-executor-5] INFO  server.GrpcServerProtocolService (GrpcServerProtocolService.java:onCompleted(113)) - 438152b3-e18d-41ab-8849-fe8d3376297f: Completed APPEND_ENTRIES, lastRequest: 663b2fe6-68c2-4e66-9671-0aa57c3653e2->438152b3-e18d-41ab-8849-fe8d3376297f#29-t1, previous=(t:1, i:2), leaderCommit=0, initializing? false, entries: <empty>
2019-10-02 10:20:16,307 [grpc-default-executor-6] INFO  server.GrpcLogAppender (GrpcLogAppender.java:onCompleted(293)) - 663b2fe6-68c2-4e66-9671-0aa57c3653e2@group-47E0ABD6D52E->438152b3-e18d-41ab-8849-fe8d3376297f-AppendLogResponseHandler: follower responses appendEntries COMPLETED
2019-10-02 10:20:16,307 [grpc-default-executor-7] INFO  server.GrpcLogAppender (GrpcLogAppender.java:onCompleted(293)) - 663b2fe6-68c2-4e66-9671-0aa57c3653e2@group-47E0ABD6D52E->67f1a5fe-c7be-4ecb-b503-d243409340fd-AppendLogResponseHandler: follower responses appendEntries COMPLETED
2019-10-02 10:20:16,316 [grpc-default-executor-2] INFO  impl.StateMachineUpdater (StateMachineUpdater.java:stopAndJoin(136)) - 663b2fe6-68c2-4e66-9671-0aa57c3653e2@group-47E0ABD6D52E-StateMachineUpdater: set stopIndex = 0
2019-10-02 10:20:16,334 [grpc-default-executor-6] INFO  impl.FollowerInfo (FollowerInfo.java:lambda$new$0(51)) - 663b2fe6-68c2-4e66-9671-0aa57c3653e2@group-47E0ABD6D52E->438152b3-e18d-41ab-8849-fe8d3376297f: nextIndex: updateUnconditionally 3 -> 2
2019-10-02 10:20:16,334 [grpc-default-executor-2] INFO  impl.RaftServerImpl (ServerState.java:close(387)) - 663b2fe6-68c2-4e66-9671-0aa57c3653e2@group-47E0ABD6D52E: closes. applyIndex: 0
2019-10-02 10:20:16,334 [grpc-default-executor-7] INFO  impl.FollowerInfo (FollowerInfo.java:lambda$new$0(51)) - 663b2fe6-68c2-4e66-9671-0aa57c3653e2@group-47E0ABD6D52E->67f1a5fe-c7be-4ecb-b503-d243409340fd: nextIndex: updateUnconditionally 3 -> 2
2019-10-02 10:20:16,349 [663b2fe6-68c2-4e66-9671-0aa57c3653e2@group-47E0ABD6D52E-SegmentedRaftLogWorker] INFO  segmented.SegmentedRaftLogWorker (SegmentedRaftLogWorker.java:run(316)) - 663b2fe6-68c2-4e66-9671-0aa57c3653e2@group-47E0ABD6D52E-SegmentedRaftLogWorker was interrupted, exiting. There are 0 tasks remaining in the queue.
2019-10-02 10:20:16,356 [grpc-default-executor-2] INFO  segmented.SegmentedRaftLogWorker (SegmentedRaftLogWorker.java:close(224)) - 663b2fe6-68c2-4e66-9671-0aa57c3653e2@group-47E0ABD6D52E-SegmentedRaftLogWorker close()
2019-10-02 10:20:16,391 [grpc-default-executor-2] INFO  impl.RaftServerProxy (RaftServerProxy.java:remove(95)) - 438152b3-e18d-41ab-8849-fe8d3376297f: remove  FOLLOWER 438152b3-e18d-41ab-8849-fe8d3376297f@group-47E0ABD6D52E:t1, leader=663b2fe6-68c2-4e66-9671-0aa57c3653e2, voted=663b2fe6-68c2-4e66-9671-0aa57c3653e2, raftlog=438152b3-e18d-41ab-8849-fe8d3376297f@group-47E0ABD6D52E-SegmentedRaftLog:OPENED:c0,f2,i2, conf=0: [663b2fe6-68c2-4e66-9671-0aa57c3653e2:192.168.151.92:41388, 67f1a5fe-c7be-4ecb-b503-d243409340fd:192.168.151.92:36198, 438152b3-e18d-41ab-8849-fe8d3376297f:192.168.151.92:40801], old=null RUNNING
2019-10-02 10:20:16,391 [grpc-default-executor-2] INFO  impl.RaftServerImpl (RaftServerImpl.java:lambda$shutdown$3(247)) - 438152b3-e18d-41ab-8849-fe8d3376297f@group-47E0ABD6D52E: shutdown
2019-10-02 10:20:16,391 [grpc-default-executor-2] INFO  util.JmxRegister (JmxRegister.java:unregister(73)) - Successfully un-registered JMX Bean with object name Ratis:service=RaftServer,group=group-47E0ABD6D52E,id=438152b3-e18d-41ab-8849-fe8d3376297f
2019-10-02 10:20:16,391 [grpc-default-executor-2] INFO  impl.RoleInfo (RoleInfo.java:shutdownFollowerState(121)) - 438152b3-e18d-41ab-8849-fe8d3376297f: shutdown FollowerState
2019-10-02 10:20:16,391 [grpc-default-executor-2] INFO  impl.StateMachineUpdater (StateMachineUpdater.java:stopAndJoin(136)) - 438152b3-e18d-41ab-8849-fe8d3376297f@group-47E0ABD6D52E-StateMachineUpdater: set stopIndex = 0
2019-10-02 10:20:16,391 [Thread-314] INFO  impl.FollowerState (FollowerState.java:run(117)) - 438152b3-e18d-41ab-8849-fe8d3376297f@group-47E0ABD6D52E-FollowerState was interrupted: java.lang.InterruptedException: sleep interrupted
2019-10-02 10:20:16,395 [grpc-default-executor-2] INFO  impl.RaftServerImpl (ServerState.java:close(387)) - 438152b3-e18d-41ab-8849-fe8d3376297f@group-47E0ABD6D52E: closes. applyIndex: 0
2019-10-02 10:20:16,395 [438152b3-e18d-41ab-8849-fe8d3376297f@group-47E0ABD6D52E-SegmentedRaftLogWorker] INFO  segmented.SegmentedRaftLogWorker (SegmentedRaftLogWorker.java:run(316)) - 438152b3-e18d-41ab-8849-fe8d3376297f@group-47E0ABD6D52E-SegmentedRaftLogWorker was interrupted, exiting. There are 0 tasks remaining in the queue.
2019-10-02 10:20:16,397 [grpc-default-executor-2] INFO  segmented.SegmentedRaftLogWorker (SegmentedRaftLogWorker.java:close(224)) - 438152b3-e18d-41ab-8849-fe8d3376297f@group-47E0ABD6D52E-SegmentedRaftLogWorker close()
2019-10-02 10:20:16,473 [grpc-default-executor-2] INFO  interfaces.Container (KeyValueContainer.java:flushAndSyncDB(386)) - Container 1 is synced with bcsId 0.
2019-10-02 10:20:16,474 [grpc-default-executor-2] INFO  interfaces.Container (KeyValueContainer.java:flushAndSyncDB(386)) - Container 1 is synced with bcsId 0.
2019-10-02 10:20:16,496 [RatisPipelineUtilsThread] INFO  pipeline.PipelineStateManager (PipelineStateManager.java:removePipeline(108)) - Pipeline Pipeline[ Id: 03f117a7-0f72-406d-a36b-47e0abd6d52e, Nodes: 67f1a5fe-c7be-4ecb-b503-d243409340fd{ip: 192.168.151.92, host: pr-trunk-gg4kw-413187789, networkLocation: /default-rack, certSerialId: null}663b2fe6-68c2-4e66-9671-0aa57c3653e2{ip: 192.168.151.92, host: pr-trunk-gg4kw-413187789, networkLocation: /default-rack, certSerialId: null}438152b3-e18d-41ab-8849-fe8d3376297f{ip: 192.168.151.92, host: pr-trunk-gg4kw-413187789, networkLocation: /default-rack, certSerialId: null}, Type:RATIS, Factor:THREE, State:CLOSED] removed from db
2019-10-02 10:20:16,513 [grpc-default-executor-7] INFO  impl.RaftServerProxy (RaftServerProxy.java:addNew(89)) - 438152b3-e18d-41ab-8849-fe8d3376297f: addNew group-DF0A8D14A0B0:[663b2fe6-68c2-4e66-9671-0aa57c3653e2:192.168.151.92:41388, 67f1a5fe-c7be-4ecb-b503-d243409340fd:192.168.151.92:36198, 438152b3-e18d-41ab-8849-fe8d3376297f:192.168.151.92:40801] returns group-DF0A8D14A0B0:java.util.concurrent.CompletableFuture@70e805d0[Not completed]
2019-10-02 10:20:16,513 [grpc-default-executor-4] INFO  impl.RaftServerProxy (RaftServerProxy.java:addNew(89)) - 67f1a5fe-c7be-4ecb-b503-d243409340fd: addNew group-DF0A8D14A0B0:[663b2fe6-68c2-4e66-9671-0aa57c3653e2:192.168.151.92:41388, 67f1a5fe-c7be-4ecb-b503-d243409340fd:192.168.151.92:36198, 438152b3-e18d-41ab-8849-fe8d3376297f:192.168.151.92:40801] returns group-DF0A8D14A0B0:java.util.concurrent.CompletableFuture@607ef8d9[Not completed]
2019-10-02 10:20:16,517 [pool-37-thread-1] INFO  impl.RaftServerImpl (RaftServerImpl.java:<init>(95)) - 438152b3-e18d-41ab-8849-fe8d3376297f: new RaftServerImpl for group-DF0A8D14A0B0:[663b2fe6-68c2-4e66-9671-0aa57c3653e2:192.168.151.92:41388, 67f1a5fe-c7be-4ecb-b503-d243409340fd:192.168.151.92:36198, 438152b3-e18d-41ab-8849-fe8d3376297f:192.168.151.92:40801] with ContainerStateMachine:uninitialized
2019-10-02 10:20:16,517 [pool-37-thread-1] INFO  server.RaftServerConfigKeys (ConfUtils.java:logGet(43)) - raft.server.rpc.timeout.min = 5s (custom)
2019-10-02 10:20:16,517 [pool-37-thread-1] INFO  server.RaftServerConfigKeys (ConfUtils.java:logGet(43)) - raft.server.rpc.timeout.max = 5200ms (custom)
2019-10-02 10:20:16,519 [pool-37-thread-1] INFO  server.RaftServerConfigKeys (ConfUtils.java:logGet(43)) - raft.server.rpcslowness.timeout = 120s (custom)
2019-10-02 10:20:16,519 [pool-37-thread-1] INFO  server.RaftServerConfigKeys (ConfUtils.java:logGet(43)) - raft.server.sleep.deviation.threshold = 300 (default)
2019-10-02 10:20:16,519 [pool-37-thread-1] INFO  server.RaftServerConfigKeys (ConfUtils.java:logGet(43)) - raft.server.log.appender.install.snapshot.enabled = false (custom)
2019-10-02 10:20:16,519 [grpc-default-executor-4] INFO  impl.RaftServerProxy (RaftServerProxy.java:addNew(89)) - 663b2fe6-68c2-4e66-9671-0aa57c3653e2: addNew group-DF0A8D14A0B0:[663b2fe6-68c2-4e66-9671-0aa57c3653e2:192.168.151.92:41388, 67f1a5fe-c7be-4ecb-b503-d243409340fd:192.168.151.92:36198, 438152b3-e18d-41ab-8849-fe8d3376297f:192.168.151.92:40801] returns group-DF0A8D14A0B0:java.util.concurrent.CompletableFuture@4d0b3ba5[Not completed]
2019-10-02 10:20:16,520 [pool-37-thread-1] INFO  impl.RaftServerImpl (ServerState.java:<init>(103)) - 438152b3-e18d-41ab-8849-fe8d3376297f@group-DF0A8D14A0B0: ConfigurationManager, init=-1: [663b2fe6-68c2-4e66-9671-0aa57c3653e2:192.168.151.92:41388, 67f1a5fe-c7be-4ecb-b503-d243409340fd:192.168.151.92:36198, 438152b3-e18d-41ab-8849-fe8d3376297f:192.168.151.92:40801], old=null, confs=<EMPTY_MAP>
2019-10-02 10:20:16,520 [pool-67-thread-1] INFO  impl.RaftServerImpl (RaftServerImpl.java:<init>(95)) - 67f1a5fe-c7be-4ecb-b503-d243409340fd: new RaftServerImpl for group-DF0A8D14A0B0:[663b2fe6-68c2-4e66-9671-0aa57c3653e2:192.168.151.92:41388, 67f1a5fe-c7be-4ecb-b503-d243409340fd:192.168.151.92:36198, 438152b3-e18d-41ab-8849-fe8d3376297f:192.168.151.92:40801] with ContainerStateMachine:uninitialized
2019-10-02 10:20:16,520 [pool-67-thread-1] INFO  server.RaftServerConfigKeys (ConfUtils.java:logGet(43)) - raft.server.rpc.timeout.min = 5s (custom)
2019-10-02 10:20:16,520 [pool-37-thread-1] INFO  server.RaftServerConfigKeys (ConfUtils.java:logGet(43)) - raft.server.storage.dir = [/workdir/hadoop-ozone/integration-test/target/test-dir/MiniOzoneClusterImpl-a60b818f-4dd1-4965-bff3-fb44efcd9a0b/datanode-1/data/ratis] (custom)
2019-10-02 10:20:16,520 [pool-67-thread-1] INFO  server.RaftServerConfigKeys (ConfUtils.java:logGet(43)) - raft.server.rpc.timeout.max = 5200ms (custom)
2019-10-02 10:20:16,520 [pool-67-thread-1] INFO  server.RaftServerConfigKeys (ConfUtils.java:logGet(43)) - raft.server.rpcslowness.timeout = 120s (custom)
2019-10-02 10:20:16,520 [pool-37-thread-1] INFO  server.RaftServerConfigKeys (ConfUtils.java:logGet(43)) - raft.server.log.corruption.policy = EXCEPTION (default)
2019-10-02 10:20:16,521 [pool-67-thread-1] INFO  server.RaftServerConfigKeys (ConfUtils.java:logGet(43)) - raft.server.sleep.deviation.threshold = 300 (default)
2019-10-02 10:20:16,521 [pool-37-thread-1] INFO  storage.RaftStorageDirectory (RaftStorageDirectory.java:analyzeStorage(246)) - The storage directory /workdir/hadoop-ozone/integration-test/target/test-dir/MiniOzoneClusterImpl-a60b818f-4dd1-4965-bff3-fb44efcd9a0b/datanode-1/data/ratis/6503586d-4659-4ed3-ad6e-df0a8d14a0b0 does not exist. Creating ...
2019-10-02 10:20:16,521 [pool-67-thread-1] INFO  server.RaftServerConfigKeys (ConfUtils.java:logGet(43)) - raft.server.log.appender.install.snapshot.enabled = false (custom)
2019-10-02 10:20:16,521 [pool-67-thread-1] INFO  impl.RaftServerImpl (ServerState.java:<init>(103)) - 67f1a5fe-c7be-4ecb-b503-d243409340fd@group-DF0A8D14A0B0: ConfigurationManager, init=-1: [663b2fe6-68c2-4e66-9671-0aa57c3653e2:192.168.151.92:41388, 67f1a5fe-c7be-4ecb-b503-d243409340fd:192.168.151.92:36198, 438152b3-e18d-41ab-8849-fe8d3376297f:192.168.151.92:40801], old=null, confs=<EMPTY_MAP>
2019-10-02 10:20:16,521 [pool-67-thread-1] INFO  server.RaftServerConfigKeys (ConfUtils.java:logGet(43)) - raft.server.storage.dir = [/workdir/hadoop-ozone/integration-test/target/test-dir/MiniOzoneClusterImpl-a60b818f-4dd1-4965-bff3-fb44efcd9a0b/datanode-4/data/ratis] (custom)
2019-10-02 10:20:16,521 [pool-27-thread-1] INFO  impl.RaftServerImpl (RaftServerImpl.java:<init>(95)) - 663b2fe6-68c2-4e66-9671-0aa57c3653e2: new RaftServerImpl for group-DF0A8D14A0B0:[663b2fe6-68c2-4e66-9671-0aa57c3653e2:192.168.151.92:41388, 67f1a5fe-c7be-4ecb-b503-d243409340fd:192.168.151.92:36198, 438152b3-e18d-41ab-8849-fe8d3376297f:192.168.151.92:40801] with ContainerStateMachine:uninitialized
2019-10-02 10:20:16,521 [pool-67-thread-1] INFO  server.RaftServerConfigKeys (ConfUtils.java:logGet(43)) - raft.server.log.corruption.policy = EXCEPTION (default)
2019-10-02 10:20:16,522 [pool-27-thread-1] INFO  server.RaftServerConfigKeys (ConfUtils.java:logGet(43)) - raft.server.rpc.timeout.min = 5s (custom)
2019-10-02 10:20:16,522 [pool-67-thread-1] INFO  storage.RaftStorageDirectory (RaftStorageDirectory.java:analyzeStorage(246)) - The storage directory /workdir/hadoop-ozone/integration-test/target/test-dir/MiniOzoneClusterImpl-a60b818f-4dd1-4965-bff3-fb44efcd9a0b/datanode-4/data/ratis/6503586d-4659-4ed3-ad6e-df0a8d14a0b0 does not exist. Creating ...
2019-10-02 10:20:16,522 [pool-27-thread-1] INFO  server.RaftServerConfigKeys (ConfUtils.java:logGet(43)) - raft.server.rpc.timeout.max = 5200ms (custom)
2019-10-02 10:20:16,522 [pool-27-thread-1] INFO  server.RaftServerConfigKeys (ConfUtils.java:logGet(43)) - raft.server.rpcslowness.timeout = 120s (custom)
2019-10-02 10:20:16,522 [pool-27-thread-1] INFO  server.RaftServerConfigKeys (ConfUtils.java:logGet(43)) - raft.server.sleep.deviation.threshold = 300 (default)
2019-10-02 10:20:16,522 [pool-27-thread-1] INFO  server.RaftServerConfigKeys (ConfUtils.java:logGet(43)) - raft.server.log.appender.install.snapshot.enabled = false (custom)
2019-10-02 10:20:16,522 [pool-27-thread-1] INFO  impl.RaftServerImpl (ServerState.java:<init>(103)) - 663b2fe6-68c2-4e66-9671-0aa57c3653e2@group-DF0A8D14A0B0: ConfigurationManager, init=-1: [663b2fe6-68c2-4e66-9671-0aa57c3653e2:192.168.151.92:41388, 67f1a5fe-c7be-4ecb-b503-d243409340fd:192.168.151.92:36198, 438152b3-e18d-41ab-8849-fe8d3376297f:192.168.151.92:40801], old=null, confs=<EMPTY_MAP>
2019-10-02 10:20:16,523 [pool-27-thread-1] INFO  server.RaftServerConfigKeys (ConfUtils.java:logGet(43)) - raft.server.storage.dir = [/workdir/hadoop-ozone/integration-test/target/test-dir/MiniOzoneClusterImpl-a60b818f-4dd1-4965-bff3-fb44efcd9a0b/datanode-0/data/ratis] (custom)
2019-10-02 10:20:16,523 [pool-27-thread-1] INFO  server.RaftServerConfigKeys (ConfUtils.java:logGet(43)) - raft.server.log.corruption.policy = EXCEPTION (default)
2019-10-02 10:20:16,523 [pool-27-thread-1] INFO  storage.RaftStorageDirectory (RaftStorageDirectory.java:analyzeStorage(246)) - The storage directory /workdir/hadoop-ozone/integration-test/target/test-dir/MiniOzoneClusterImpl-a60b818f-4dd1-4965-bff3-fb44efcd9a0b/datanode-0/data/ratis/6503586d-4659-4ed3-ad6e-df0a8d14a0b0 does not exist. Creating ...
2019-10-02 10:20:16,534 [pool-67-thread-1] INFO  storage.RaftStorageDirectory (RaftStorageDirectory.java:tryLock(328)) - Lock on /workdir/hadoop-ozone/integration-test/target/test-dir/MiniOzoneClusterImpl-a60b818f-4dd1-4965-bff3-fb44efcd9a0b/datanode-4/data/ratis/6503586d-4659-4ed3-ad6e-df0a8d14a0b0/in_use.lock acquired by nodename 31904@pr-trunk-gg4kw-413187789
2019-10-02 10:20:16,534 [pool-27-thread-1] INFO  storage.RaftStorageDirectory (RaftStorageDirectory.java:tryLock(328)) - Lock on /workdir/hadoop-ozone/integration-test/target/test-dir/MiniOzoneClusterImpl-a60b818f-4dd1-4965-bff3-fb44efcd9a0b/datanode-0/data/ratis/6503586d-4659-4ed3-ad6e-df0a8d14a0b0/in_use.lock acquired by nodename 31904@pr-trunk-gg4kw-413187789
2019-10-02 10:20:16,534 [pool-37-thread-1] INFO  storage.RaftStorageDirectory (RaftStorageDirectory.java:tryLock(328)) - Lock on /workdir/hadoop-ozone/integration-test/target/test-dir/MiniOzoneClusterImpl-a60b818f-4dd1-4965-bff3-fb44efcd9a0b/datanode-1/data/ratis/6503586d-4659-4ed3-ad6e-df0a8d14a0b0/in_use.lock acquired by nodename 31904@pr-trunk-gg4kw-413187789
2019-10-02 10:20:16,548 [pool-37-thread-1] INFO  storage.RaftStorage (RaftStorage.java:format(84)) - Storage directory /workdir/hadoop-ozone/integration-test/target/test-dir/MiniOzoneClusterImpl-a60b818f-4dd1-4965-bff3-fb44efcd9a0b/datanode-1/data/ratis/6503586d-4659-4ed3-ad6e-df0a8d14a0b0 has been successfully formatted.
2019-10-02 10:20:16,549 [pool-27-thread-1] INFO  storage.RaftStorage (RaftStorage.java:format(84)) - Storage directory /workdir/hadoop-ozone/integration-test/target/test-dir/MiniOzoneClusterImpl-a60b818f-4dd1-4965-bff3-fb44efcd9a0b/datanode-0/data/ratis/6503586d-4659-4ed3-ad6e-df0a8d14a0b0 has been successfully formatted.
2019-10-02 10:20:16,549 [pool-67-thread-1] INFO  storage.RaftStorage (RaftStorage.java:format(84)) - Storage directory /workdir/hadoop-ozone/integration-test/target/test-dir/MiniOzoneClusterImpl-a60b818f-4dd1-4965-bff3-fb44efcd9a0b/datanode-4/data/ratis/6503586d-4659-4ed3-ad6e-df0a8d14a0b0 has been successfully formatted.
2019-10-02 10:20:16,549 [pool-37-thread-1] INFO  ratis.ContainerStateMachine (ContainerStateMachine.java:loadSnapshot(231)) - group-DF0A8D14A0B0: The snapshot info is null. Setting the last applied indexto:(t:0, i:~)
2019-10-02 10:20:16,549 [pool-27-thread-1] INFO  ratis.ContainerStateMachine (ContainerStateMachine.java:loadSnapshot(231)) - group-DF0A8D14A0B0: The snapshot info is null. Setting the last applied indexto:(t:0, i:~)
2019-10-02 10:20:16,549 [pool-37-thread-1] INFO  server.RaftServerConfigKeys (ConfUtils.java:logGet(43)) - raft.server.notification.no-leader.timeout = 120s (custom)
2019-10-02 10:20:16,549 [pool-67-thread-1] INFO  ratis.ContainerStateMachine (ContainerStateMachine.java:loadSnapshot(231)) - group-DF0A8D14A0B0: The snapshot info is null. Setting the last applied indexto:(t:0, i:~)
2019-10-02 10:20:16,549 [pool-37-thread-1] INFO  server.RaftServerConfigKeys (ConfUtils.java:logGet(43)) - raft.server.log.use.memory = false (default)
2019-10-02 10:20:16,549 [pool-27-thread-1] INFO  server.RaftServerConfigKeys (ConfUtils.java:logGet(43)) - raft.server.notification.no-leader.timeout = 120s (custom)
2019-10-02 10:20:16,550 [pool-37-thread-1] INFO  server.RaftServerConfigKeys (ConfUtils.java:logGet(43)) - raft.server.log.purge.gap = 1000000 (custom)
2019-10-02 10:20:16,549 [pool-67-thread-1] INFO  server.RaftServerConfigKeys (ConfUtils.java:logGet(43)) - raft.server.notification.no-leader.timeout = 120s (custom)
2019-10-02 10:20:16,550 [pool-37-thread-1] INFO  server.RaftServerConfigKeys (ConfUtils.java:logGet(43)) - raft.server.log.appender.buffer.byte-limit = 33554432 (custom)
2019-10-02 10:20:16,550 [pool-27-thread-1] INFO  server.RaftServerConfigKeys (ConfUtils.java:logGet(43)) - raft.server.log.use.memory = false (default)
2019-10-02 10:20:16,550 [pool-37-thread-1] INFO  server.RaftServerConfigKeys (ConfUtils.java:logGet(43)) - raft.server.log.segment.size.max = 1048576 (custom)
2019-10-02 10:20:16,550 [pool-67-thread-1] INFO  server.RaftServerConfigKeys (ConfUtils.java:logGet(43)) - raft.server.log.use.memory = false (default)
2019-10-02 10:20:16,550 [pool-37-thread-1] INFO  server.RaftServerConfigKeys (ConfUtils.java:logGet(43)) - raft.server.log.segment.cache.num.max = 2 (custom)
2019-10-02 10:20:16,550 [pool-27-thread-1] INFO  server.RaftServerConfigKeys (ConfUtils.java:logGet(43)) - raft.server.log.purge.gap = 1000000 (custom)
2019-10-02 10:20:16,550 [pool-37-thread-1] INFO  segmented.SegmentedRaftLogWorker (SegmentedRaftLogWorker.java:<init>(173)) - new 438152b3-e18d-41ab-8849-fe8d3376297f@group-DF0A8D14A0B0-SegmentedRaftLogWorker for RaftStorage:Storage Directory /workdir/hadoop-ozone/integration-test/target/test-dir/MiniOzoneClusterImpl-a60b818f-4dd1-4965-bff3-fb44efcd9a0b/datanode-1/data/ratis/6503586d-4659-4ed3-ad6e-df0a8d14a0b0
2019-10-02 10:20:16,550 [pool-67-thread-1] INFO  server.RaftServerConfigKeys (ConfUtils.java:logGet(43)) - raft.server.log.purge.gap = 1000000 (custom)
2019-10-02 10:20:16,551 [pool-37-thread-1] INFO  server.RaftServerConfigKeys (ConfUtils.java:logGet(43)) - raft.server.log.queue.byte-limit = 2147483647 (custom)
2019-10-02 10:20:16,551 [pool-27-thread-1] INFO  server.RaftServerConfigKeys (ConfUtils.java:logGet(43)) - raft.server.log.appender.buffer.byte-limit = 33554432 (custom)
2019-10-02 10:20:16,551 [pool-37-thread-1] INFO  server.RaftServerConfigKeys (ConfUtils.java:logGet(43)) - raft.server.log.queue.element-limit = 1024 (custom)
2019-10-02 10:20:16,551 [pool-67-thread-1] INFO  server.RaftServerConfigKeys (ConfUtils.java:logGet(43)) - raft.server.log.appender.buffer.byte-limit = 33554432 (custom)
2019-10-02 10:20:16,551 [pool-37-thread-1] INFO  server.RaftServerConfigKeys (ConfUtils.java:logGet(43)) - raft.server.log.segment.size.max = 1048576 (custom)
2019-10-02 10:20:16,551 [pool-27-thread-1] INFO  server.RaftServerConfigKeys (ConfUtils.java:logGet(43)) - raft.server.log.segment.size.max = 1048576 (custom)
2019-10-02 10:20:16,551 [pool-37-thread-1] INFO  server.RaftServerConfigKeys (ConfUtils.java:logGet(43)) - raft.server.log.preallocated.size = 16384 (custom)
2019-10-02 10:20:16,551 [pool-67-thread-1] INFO  server.RaftServerConfigKeys (ConfUtils.java:logGet(43)) - raft.server.log.segment.size.max = 1048576 (custom)
2019-10-02 10:20:16,551 [pool-37-thread-1] INFO  server.RaftServerConfigKeys (ConfUtils.java:logGet(43)) - raft.server.log.write.buffer.size = 33554432 (custom)
2019-10-02 10:20:16,551 [pool-27-thread-1] INFO  server.RaftServerConfigKeys (ConfUtils.java:logGet(43)) - raft.server.log.segment.cache.num.max = 2 (custom)
2019-10-02 10:20:16,552 [pool-37-thread-1] INFO  server.RaftServerConfigKeys (ConfUtils.java:logGet(43)) - raft.server.log.force.sync.num = 128 (default)
2019-10-02 10:20:16,552 [pool-67-thread-1] INFO  server.RaftServerConfigKeys (ConfUtils.java:logGet(43)) - raft.server.log.segment.cache.num.max = 2 (custom)
2019-10-02 10:20:16,552 [pool-37-thread-1] INFO  server.RaftServerConfigKeys (ConfUtils.java:logGet(43)) - raft.server.log.statemachine.data.sync = true (default)
2019-10-02 10:20:16,552 [pool-27-thread-1] INFO  segmented.SegmentedRaftLogWorker (SegmentedRaftLogWorker.java:<init>(173)) - new 663b2fe6-68c2-4e66-9671-0aa57c3653e2@group-DF0A8D14A0B0-SegmentedRaftLogWorker for RaftStorage:Storage Directory /workdir/hadoop-ozone/integration-test/target/test-dir/MiniOzoneClusterImpl-a60b818f-4dd1-4965-bff3-fb44efcd9a0b/datanode-0/data/ratis/6503586d-4659-4ed3-ad6e-df0a8d14a0b0
2019-10-02 10:20:16,552 [pool-37-thread-1] INFO  server.RaftServerConfigKeys (ConfUtils.java:logGet(43)) - raft.server.log.statemachine.data.sync.timeout = 10s (default)
2019-10-02 10:20:16,552 [pool-67-thread-1] INFO  segmented.SegmentedRaftLogWorker (SegmentedRaftLogWorker.java:<init>(173)) - new 67f1a5fe-c7be-4ecb-b503-d243409340fd@group-DF0A8D14A0B0-SegmentedRaftLogWorker for RaftStorage:Storage Directory /workdir/hadoop-ozone/integration-test/target/test-dir/MiniOzoneClusterImpl-a60b818f-4dd1-4965-bff3-fb44efcd9a0b/datanode-4/data/ratis/6503586d-4659-4ed3-ad6e-df0a8d14a0b0
2019-10-02 10:20:16,552 [pool-37-thread-1] INFO  server.RaftServerConfigKeys (ConfUtils.java:logGet(43)) - raft.server.log.statemachine.data.sync.timeout.retry = -1 (default)
2019-10-02 10:20:16,552 [pool-27-thread-1] INFO  server.RaftServerConfigKeys (ConfUtils.java:logGet(43)) - raft.server.log.queue.byte-limit = 2147483647 (custom)
2019-10-02 10:20:16,553 [pool-37-thread-1] INFO  server.RaftServerConfigKeys (ConfUtils.java:logGet(43)) - raft.server.log.statemachine.data.caching.enabled = true (custom)
2019-10-02 10:20:16,553 [pool-67-thread-1] INFO  server.RaftServerConfigKeys (ConfUtils.java:logGet(43)) - raft.server.log.queue.byte-limit = 2147483647 (custom)
2019-10-02 10:20:16,553 [pool-27-thread-1] INFO  server.RaftServerConfigKeys (ConfUtils.java:logGet(43)) - raft.server.log.queue.element-limit = 1024 (custom)
2019-10-02 10:20:16,553 [pool-67-thread-1] INFO  server.RaftServerConfigKeys (ConfUtils.java:logGet(43)) - raft.server.log.queue.element-limit = 1024 (custom)
2019-10-02 10:20:16,553 [pool-37-thread-1] INFO  segmented.SegmentedRaftLogWorker (SegmentedRaftLogWorker.java:lambda$new$0(128)) - 438152b3-e18d-41ab-8849-fe8d3376297f@group-DF0A8D14A0B0-SegmentedRaftLogWorker: flushIndex: setUnconditionally 0 -> -1
2019-10-02 10:20:16,553 [pool-67-thread-1] INFO  server.RaftServerConfigKeys (ConfUtils.java:logGet(43)) - raft.server.log.segment.size.max = 1048576 (custom)
2019-10-02 10:20:16,553 [pool-27-thread-1] INFO  server.RaftServerConfigKeys (ConfUtils.java:logGet(43)) - raft.server.log.segment.size.max = 1048576 (custom)
2019-10-02 10:20:16,553 [pool-67-thread-1] INFO  server.RaftServerConfigKeys (ConfUtils.java:logGet(43)) - raft.server.log.preallocated.size = 16384 (custom)
2019-10-02 10:20:16,553 [pool-37-thread-1] INFO  server.RaftServerConfigKeys (ConfUtils.java:logGet(43)) - raft.server.snapshot.auto.trigger.enabled = true (custom)
2019-10-02 10:20:16,554 [pool-67-thread-1] INFO  server.RaftServerConfigKeys (ConfUtils.java:logGet(43)) - raft.server.log.write.buffer.size = 33554432 (custom)
2019-10-02 10:20:16,554 [pool-27-thread-1] INFO  server.RaftServerConfigKeys (ConfUtils.java:logGet(43)) - raft.server.log.preallocated.size = 16384 (custom)
2019-10-02 10:20:16,554 [pool-67-thread-1] INFO  server.RaftServerConfigKeys (ConfUtils.java:logGet(43)) - raft.server.log.force.sync.num = 128 (default)
2019-10-02 10:20:16,554 [pool-37-thread-1] INFO  server.RaftServerConfigKeys (ConfUtils.java:logGet(43)) - raft.server.snapshot.auto.trigger.threshold = 10000 (custom)
2019-10-02 10:20:16,554 [pool-67-thread-1] INFO  server.RaftServerConfigKeys (ConfUtils.java:logGet(43)) - raft.server.log.statemachine.data.sync = true (default)
2019-10-02 10:20:16,554 [pool-27-thread-1] INFO  server.RaftServerConfigKeys (ConfUtils.java:logGet(43)) - raft.server.log.write.buffer.size = 33554432 (custom)
2019-10-02 10:20:16,554 [pool-67-thread-1] INFO  server.RaftServerConfigKeys (ConfUtils.java:logGet(43)) - raft.server.log.statemachine.data.sync.timeout = 10s (default)
2019-10-02 10:20:16,554 [pool-37-thread-1] INFO  server.RaftServerConfigKeys (ConfUtils.java:logGet(43)) - raft.server.snapshot.retention.file.num = 5 (custom)
2019-10-02 10:20:16,555 [pool-67-thread-1] INFO  server.RaftServerConfigKeys (ConfUtils.java:logGet(43)) - raft.server.log.statemachine.data.sync.timeout.retry = -1 (default)
2019-10-02 10:20:16,555 [pool-27-thread-1] INFO  server.RaftServerConfigKeys (ConfUtils.java:logGet(43)) - raft.server.log.force.sync.num = 128 (default)
2019-10-02 10:20:16,555 [pool-37-thread-1] INFO  server.RaftServerConfigKeys (ConfUtils.java:logGet(43)) - raft.server.retrycache.expirytime = 600000ms (custom)
2019-10-02 10:20:16,555 [pool-67-thread-1] INFO  server.RaftServerConfigKeys (ConfUtils.java:logGet(43)) - raft.server.log.statemachine.data.caching.enabled = true (custom)
2019-10-02 10:20:16,555 [pool-27-thread-1] INFO  server.RaftServerConfigKeys (ConfUtils.java:logGet(43)) - raft.server.log.statemachine.data.sync = true (default)
2019-10-02 10:20:16,555 [pool-67-thread-1] INFO  segmented.SegmentedRaftLogWorker (SegmentedRaftLogWorker.java:lambda$new$0(128)) - 67f1a5fe-c7be-4ecb-b503-d243409340fd@group-DF0A8D14A0B0-SegmentedRaftLogWorker: flushIndex: setUnconditionally 0 -> -1
2019-10-02 10:20:16,555 [pool-27-thread-1] INFO  server.RaftServerConfigKeys (ConfUtils.java:logGet(43)) - raft.server.log.statemachine.data.sync.timeout = 10s (default)
2019-10-02 10:20:16,556 [pool-67-thread-1] INFO  server.RaftServerConfigKeys (ConfUtils.java:logGet(43)) - raft.server.snapshot.auto.trigger.enabled = true (custom)
2019-10-02 10:20:16,556 [pool-27-thread-1] INFO  server.RaftServerConfigKeys (ConfUtils.java:logGet(43)) - raft.server.log.statemachine.data.sync.timeout.retry = -1 (default)
2019-10-02 10:20:16,556 [pool-67-thread-1] INFO  server.RaftServerConfigKeys (ConfUtils.java:logGet(43)) - raft.server.snapshot.auto.trigger.threshold = 10000 (custom)
2019-10-02 10:20:16,556 [pool-27-thread-1] INFO  server.RaftServerConfigKeys (ConfUtils.java:logGet(43)) - raft.server.log.statemachine.data.caching.enabled = true (custom)
2019-10-02 10:20:16,556 [pool-67-thread-1] INFO  server.RaftServerConfigKeys (ConfUtils.java:logGet(43)) - raft.server.snapshot.retention.file.num = 5 (custom)
2019-10-02 10:20:16,556 [pool-27-thread-1] INFO  segmented.SegmentedRaftLogWorker (SegmentedRaftLogWorker.java:lambda$new$0(128)) - 663b2fe6-68c2-4e66-9671-0aa57c3653e2@group-DF0A8D14A0B0-SegmentedRaftLogWorker: flushIndex: setUnconditionally 0 -> -1
2019-10-02 10:20:16,556 [pool-67-thread-1] INFO  server.RaftServerConfigKeys (ConfUtils.java:logGet(43)) - raft.server.retrycache.expirytime = 600000ms (custom)
2019-10-02 10:20:16,557 [pool-27-thread-1] INFO  server.RaftServerConfigKeys (ConfUtils.java:logGet(43)) - raft.server.snapshot.auto.trigger.enabled = true (custom)
2019-10-02 10:20:16,557 [pool-27-thread-1] INFO  server.RaftServerConfigKeys (ConfUtils.java:logGet(43)) - raft.server.snapshot.auto.trigger.threshold = 10000 (custom)
2019-10-02 10:20:16,557 [pool-27-thread-1] INFO  server.RaftServerConfigKeys (ConfUtils.java:logGet(43)) - raft.server.snapshot.retention.file.num = 5 (custom)
2019-10-02 10:20:16,557 [pool-27-thread-1] INFO  server.RaftServerConfigKeys (ConfUtils.java:logGet(43)) - raft.server.retrycache.expirytime = 600000ms (custom)
2019-10-02 10:20:16,557 [pool-37-thread-1] INFO  impl.RaftServerImpl (RaftServerImpl.java:start(181)) - 438152b3-e18d-41ab-8849-fe8d3376297f@group-DF0A8D14A0B0: start as a follower, conf=-1: [663b2fe6-68c2-4e66-9671-0aa57c3653e2:192.168.151.92:41388, 67f1a5fe-c7be-4ecb-b503-d243409340fd:192.168.151.92:36198, 438152b3-e18d-41ab-8849-fe8d3376297f:192.168.151.92:40801], old=null
2019-10-02 10:20:16,557 [pool-37-thread-1] INFO  impl.RaftServerImpl (RaftServerImpl.java:setRole(170)) - 438152b3-e18d-41ab-8849-fe8d3376297f@group-DF0A8D14A0B0: changes role from      null to FOLLOWER at term 0 for startAsFollower
2019-10-02 10:20:16,558 [pool-37-thread-1] INFO  impl.RoleInfo (RoleInfo.java:updateAndGet(143)) - 438152b3-e18d-41ab-8849-fe8d3376297f: start FollowerState
2019-10-02 10:20:16,558 [pool-37-thread-1] INFO  util.JmxRegister (JmxRegister.java:tryRegister(44)) - Successfully registered JMX Bean with object name Ratis:service=RaftServer,group=group-DF0A8D14A0B0,id=438152b3-e18d-41ab-8849-fe8d3376297f
2019-10-02 10:20:16,560 [pool-67-thread-1] INFO  impl.RaftServerImpl (RaftServerImpl.java:start(181)) - 67f1a5fe-c7be-4ecb-b503-d243409340fd@group-DF0A8D14A0B0: start as a follower, conf=-1: [663b2fe6-68c2-4e66-9671-0aa57c3653e2:192.168.151.92:41388, 67f1a5fe-c7be-4ecb-b503-d243409340fd:192.168.151.92:36198, 438152b3-e18d-41ab-8849-fe8d3376297f:192.168.151.92:40801], old=null
2019-10-02 10:20:16,561 [pool-67-thread-1] INFO  impl.RaftServerImpl (RaftServerImpl.java:setRole(170)) - 67f1a5fe-c7be-4ecb-b503-d243409340fd@group-DF0A8D14A0B0: changes role from      null to FOLLOWER at term 0 for startAsFollower
2019-10-02 10:20:16,561 [pool-67-thread-1] INFO  impl.RoleInfo (RoleInfo.java:updateAndGet(143)) - 67f1a5fe-c7be-4ecb-b503-d243409340fd: start FollowerState
2019-10-02 10:20:16,561 [pool-67-thread-1] INFO  util.JmxRegister (JmxRegister.java:tryRegister(44)) - Successfully registered JMX Bean with object name Ratis:service=RaftServer,group=group-DF0A8D14A0B0,id=67f1a5fe-c7be-4ecb-b503-d243409340fd
2019-10-02 10:20:16,561 [pool-27-thread-1] INFO  impl.RaftServerImpl (RaftServerImpl.java:start(181)) - 663b2fe6-68c2-4e66-9671-0aa57c3653e2@group-DF0A8D14A0B0: start as a follower, conf=-1: [663b2fe6-68c2-4e66-9671-0aa57c3653e2:192.168.151.92:41388, 67f1a5fe-c7be-4ecb-b503-d243409340fd:192.168.151.92:36198, 438152b3-e18d-41ab-8849-fe8d3376297f:192.168.151.92:40801], old=null
2019-10-02 10:20:16,561 [pool-27-thread-1] INFO  impl.RaftServerImpl (RaftServerImpl.java:setRole(170)) - 663b2fe6-68c2-4e66-9671-0aa57c3653e2@group-DF0A8D14A0B0: changes role from      null to FOLLOWER at term 0 for startAsFollower
2019-10-02 10:20:16,562 [pool-27-thread-1] INFO  impl.RoleInfo (RoleInfo.java:updateAndGet(143)) - 663b2fe6-68c2-4e66-9671-0aa57c3653e2: start FollowerState
2019-10-02 10:20:16,562 [pool-27-thread-1] INFO  util.JmxRegister (JmxRegister.java:tryRegister(44)) - Successfully registered JMX Bean with object name Ratis:service=RaftServer,group=group-DF0A8D14A0B0,id=663b2fe6-68c2-4e66-9671-0aa57c3653e2
2019-10-02 10:20:16,575 [RatisPipelineUtilsThread] INFO  pipeline.PipelineStateManager (PipelineStateManager.java:addPipeline(56)) - Created pipeline Pipeline[ Id: 6503586d-4659-4ed3-ad6e-df0a8d14a0b0, Nodes: 67f1a5fe-c7be-4ecb-b503-d243409340fd{ip: 192.168.151.92, host: pr-trunk-gg4kw-413187789, networkLocation: /default-rack, certSerialId: null}663b2fe6-68c2-4e66-9671-0aa57c3653e2{ip: 192.168.151.92, host: pr-trunk-gg4kw-413187789, networkLocation: /default-rack, certSerialId: null}438152b3-e18d-41ab-8849-fe8d3376297f{ip: 192.168.151.92, host: pr-trunk-gg4kw-413187789, networkLocation: /default-rack, certSerialId: null}, Type:RATIS, Factor:THREE, State:OPEN]
2019-10-02 10:20:17,163 [main] WARN  io.KeyOutputStream (KeyOutputStream.java:handleException(274)) - Encountered exception java.io.IOException: Unexpected Storage Container Exception: java.util.concurrent.CompletionException: java.util.concurrent.CompletionException: org.apache.ratis.protocol.GroupMismatchException: 67f1a5fe-c7be-4ecb-b503-d243409340fd: group-47E0ABD6D52E not found. on the pipeline Pipeline[ Id: 03f117a7-0f72-406d-a36b-47e0abd6d52e, Nodes: 67f1a5fe-c7be-4ecb-b503-d243409340fd{ip: 192.168.151.92, host: pr-trunk-gg4kw-413187789, networkLocation: /default-rack, certSerialId: null}663b2fe6-68c2-4e66-9671-0aa57c3653e2{ip: 192.168.151.92, host: pr-trunk-gg4kw-413187789, networkLocation: /default-rack, certSerialId: null}438152b3-e18d-41ab-8849-fe8d3376297f{ip: 192.168.151.92, host: pr-trunk-gg4kw-413187789, networkLocation: /default-rack, certSerialId: null}, Type:RATIS, Factor:THREE, State:OPEN]. The last committed block length is 0, uncommitted data length is 400 retry count 0
2019-10-02 10:20:17,344 [pool-76-thread-1] ERROR impl.ChunkManagerImpl (ChunkUtils.java:writeData(89)) - data array does not match the length specified. DataLen: 100 Byte Array: 244
2019-10-02 10:20:17,351 [pool-76-thread-1] INFO  keyvalue.KeyValueHandler (ContainerUtils.java:logAndReturnError(146)) - Operation: WriteChunk : Trace ID: a906e6cac24d020:a906e6cac24d020:0:0 : Message: data array does not match the length specified. DataLen: 100 Byte Array: 244 : Result: INVALID_WRITE_SIZE
2019-10-02 10:20:17,377 [EventQueue-IncrementalContainerReportForIncrementalContainerReportHandler] WARN  container.IncrementalContainerReportHandler (AbstractContainerReportHandler.java:updateContainerState(143)) - Container #2 is in OPEN state, but the datanode 298c2419-298a-4ac1-a348-589b955770c1{ip: 192.168.151.92, host: pr-trunk-gg4kw-413187789, networkLocation: /default-rack, certSerialId: null} reports an UNHEALTHY replica.
2019-10-02 10:20:17,379 [EventQueue-CloseContainerForCloseContainerEventHandler] INFO  container.CloseContainerEventHandler (CloseContainerEventHandler.java:onMessage(61)) - Close container Event triggered for container : #2
10:20:17.374 [pool-76-thread-1] ERROR DNAudit - user=null | ip=null | op=WRITE_CHUNK {blockData=conID: 2 locID: 102892281344098306 bcsId: 0} | ret=FAILURE
java.lang.Exception: data array does not match the length specified. DataLen: 100 Byte Array: 244
	at org.apache.hadoop.ozone.container.common.impl.HddsDispatcher.dispatchRequest(HddsDispatcher.java:330) ~[hadoop-hdds-container-service-0.5.0-SNAPSHOT.jar:?]
	at org.apache.hadoop.ozone.container.common.impl.HddsDispatcher.dispatch(HddsDispatcher.java:150) ~[hadoop-hdds-container-service-0.5.0-SNAPSHOT.jar:?]
	at org.apache.hadoop.ozone.container.common.transport.server.ratis.ContainerStateMachine.dispatchCommand(ContainerStateMachine.java:411) ~[hadoop-hdds-container-service-0.5.0-SNAPSHOT.jar:?]
	at org.apache.hadoop.ozone.container.common.transport.server.ratis.ContainerStateMachine.runCommand(ContainerStateMachine.java:419) ~[hadoop-hdds-container-service-0.5.0-SNAPSHOT.jar:?]
	at org.apache.hadoop.ozone.container.common.transport.server.ratis.ContainerStateMachine.lambda$handleWriteChunk$1(ContainerStateMachine.java:454) ~[hadoop-hdds-container-service-0.5.0-SNAPSHOT.jar:?]
	at java.util.concurrent.CompletableFuture$AsyncSupply.run(CompletableFuture.java:1590) [?:1.8.0_212]
	at java.util.concurrent.ThreadPoolExecutor.runWorker(ThreadPoolExecutor.java:1149) [?:1.8.0_212]
	at java.util.concurrent.ThreadPoolExecutor$Worker.run(ThreadPoolExecutor.java:624) [?:1.8.0_212]
	at java.lang.Thread.run(Thread.java:748) [?:1.8.0_212]
2019-10-02 10:20:17,381 [pool-76-thread-1] ERROR ratis.ContainerStateMachine (ContainerStateMachine.java:lambda$handleWriteChunk$2(474)) - group-C10DBE81CBFE: writeChunk writeStateMachineData failed: blockIdcontainerID: 2
localID: 102892281344098306
blockCommitSequenceId: 0
 logIndex 1 chunkName 102892281344098306_chunk_1 Error message: data array does not match the length specified. DataLen: 100 Byte Array: 244 Container Result: INVALID_WRITE_SIZE
2019-10-02 10:20:17,383 [298c2419-298a-4ac1-a348-589b955770c1@group-C10DBE81CBFE-SegmentedRaftLogWorker] ERROR ratis.XceiverServerRatis (XceiverServerRatis.java:triggerPipelineClose(581)) - pipeline Action CLOSE  on pipeline PipelineID=74e74d77-70bc-4029-bd19-c10dbe81cbfe.Reason : data array does not match the length specified. DataLen: 100 Byte Array: 244
2019-10-02 10:20:17,383 [298c2419-298a-4ac1-a348-589b955770c1@group-C10DBE81CBFE-SegmentedRaftLogWorker] ERROR ratis.XceiverServerRatis (XceiverServerRatis.java:triggerPipelineClose(581)) - pipeline Action CLOSE  on pipeline PipelineID=74e74d77-70bc-4029-bd19-c10dbe81cbfe.Reason : Log already failed at index 1 for task WriteLog:1: (t:1, i:1), STATEMACHINELOGENTRY, client-0DA207049BE6, cid=25
2019-10-02 10:20:17,384 [EventQueue-PipelineActionsForPipelineActionHandler] ERROR pipeline.PipelineActionHandler (PipelineActionHandler.java:onMessage(60)) - Received pipeline action CLOSE for Pipeline[ Id: 74e74d77-70bc-4029-bd19-c10dbe81cbfe, Nodes: 298c2419-298a-4ac1-a348-589b955770c1{ip: 192.168.151.92, host: pr-trunk-gg4kw-413187789, networkLocation: /default-rack, certSerialId: null}b70c9021-8da6-41e6-a976-daf4f7fbddb8{ip: 192.168.151.92, host: pr-trunk-gg4kw-413187789, networkLocation: /default-rack, certSerialId: null}cc1fcddd-974e-4515-9faf-cb0b34c0ae51{ip: 192.168.151.92, host: pr-trunk-gg4kw-413187789, networkLocation: /default-rack, certSerialId: null}, Type:RATIS, Factor:THREE, State:OPEN] from datanode 298c2419-298a-4ac1-a348-589b955770c1{ip: 192.168.151.92, host: pr-trunk-gg4kw-413187789, networkLocation: /default-rack, certSerialId: null}. Reason : data array does not match the length specified. DataLen: 100 Byte Array: 244
2019-10-02 10:20:17,384 [EventQueue-PipelineActionsForPipelineActionHandler] INFO  pipeline.SCMPipelineManager (SCMPipelineManager.java:finalizeAndDestroyPipeline(315)) - destroying pipeline:Pipeline[ Id: 74e74d77-70bc-4029-bd19-c10dbe81cbfe, Nodes: 298c2419-298a-4ac1-a348-589b955770c1{ip: 192.168.151.92, host: pr-trunk-gg4kw-413187789, networkLocation: /default-rack, certSerialId: null}b70c9021-8da6-41e6-a976-daf4f7fbddb8{ip: 192.168.151.92, host: pr-trunk-gg4kw-413187789, networkLocation: /default-rack, certSerialId: null}cc1fcddd-974e-4515-9faf-cb0b34c0ae51{ip: 192.168.151.92, host: pr-trunk-gg4kw-413187789, networkLocation: /default-rack, certSerialId: null}, Type:RATIS, Factor:THREE, State:OPEN]
2019-10-02 10:20:17,385 [EventQueue-PipelineActionsForPipelineActionHandler] INFO  pipeline.PipelineStateManager (PipelineStateManager.java:finalizePipeline(123)) - Pipeline Pipeline[ Id: 74e74d77-70bc-4029-bd19-c10dbe81cbfe, Nodes: 298c2419-298a-4ac1-a348-589b955770c1{ip: 192.168.151.92, host: pr-trunk-gg4kw-413187789, networkLocation: /default-rack, certSerialId: null}b70c9021-8da6-41e6-a976-daf4f7fbddb8{ip: 192.168.151.92, host: pr-trunk-gg4kw-413187789, networkLocation: /default-rack, certSerialId: null}cc1fcddd-974e-4515-9faf-cb0b34c0ae51{ip: 192.168.151.92, host: pr-trunk-gg4kw-413187789, networkLocation: /default-rack, certSerialId: null}, Type:RATIS, Factor:THREE, State:CLOSED] moved to CLOSED state
2019-10-02 10:20:17,386 [EventQueue-PipelineActionsForPipelineActionHandler] ERROR pipeline.PipelineActionHandler (PipelineActionHandler.java:onMessage(60)) - Received pipeline action CLOSE for Pipeline[ Id: 74e74d77-70bc-4029-bd19-c10dbe81cbfe, Nodes: 298c2419-298a-4ac1-a348-589b955770c1{ip: 192.168.151.92, host: pr-trunk-gg4kw-413187789, networkLocation: /default-rack, certSerialId: null}b70c9021-8da6-41e6-a976-daf4f7fbddb8{ip: 192.168.151.92, host: pr-trunk-gg4kw-413187789, networkLocation: /default-rack, certSerialId: null}cc1fcddd-974e-4515-9faf-cb0b34c0ae51{ip: 192.168.151.92, host: pr-trunk-gg4kw-413187789, networkLocation: /default-rack, certSerialId: null}, Type:RATIS, Factor:THREE, State:CLOSED] from datanode 298c2419-298a-4ac1-a348-589b955770c1{ip: 192.168.151.92, host: pr-trunk-gg4kw-413187789, networkLocation: /default-rack, certSerialId: null}. Reason : Log already failed at index 1 for task WriteLog:1: (t:1, i:1), STATEMACHINELOGENTRY, client-0DA207049BE6, cid=25
2019-10-02 10:20:17,386 [EventQueue-PipelineActionsForPipelineActionHandler] INFO  pipeline.SCMPipelineManager (SCMPipelineManager.java:finalizeAndDestroyPipeline(315)) - destroying pipeline:Pipeline[ Id: 74e74d77-70bc-4029-bd19-c10dbe81cbfe, Nodes: 298c2419-298a-4ac1-a348-589b955770c1{ip: 192.168.151.92, host: pr-trunk-gg4kw-413187789, networkLocation: /default-rack, certSerialId: null}b70c9021-8da6-41e6-a976-daf4f7fbddb8{ip: 192.168.151.92, host: pr-trunk-gg4kw-413187789, networkLocation: /default-rack, certSerialId: null}cc1fcddd-974e-4515-9faf-cb0b34c0ae51{ip: 192.168.151.92, host: pr-trunk-gg4kw-413187789, networkLocation: /default-rack, certSerialId: null}, Type:RATIS, Factor:THREE, State:CLOSED]
2019-10-02 10:20:20,213 [java.util.concurrent.ThreadPoolExecutor$Worker@51ab1ee3[State = -1, empty queue]] ERROR client.GrpcClientProtocolClient (GrpcClientProtocolClient.java:close(148)) - Unexpected exception while waiting for channel termination
java.lang.InterruptedException
	at java.util.concurrent.locks.AbstractQueuedSynchronizer.tryAcquireSharedNanos(AbstractQueuedSynchronizer.java:1326)
	at java.util.concurrent.CountDownLatch.await(CountDownLatch.java:277)
	at org.apache.ratis.thirdparty.io.grpc.internal.ManagedChannelImpl.awaitTermination(ManagedChannelImpl.java:763)
	at org.apache.ratis.thirdparty.io.grpc.internal.ForwardingManagedChannel.awaitTermination(ForwardingManagedChannel.java:57)
	at org.apache.ratis.thirdparty.io.grpc.internal.ManagedChannelOrphanWrapper.awaitTermination(ManagedChannelOrphanWrapper.java:70)
	at org.apache.ratis.grpc.client.GrpcClientProtocolClient.close(GrpcClientProtocolClient.java:146)
	at org.apache.ratis.util.PeerProxyMap$PeerAndProxy.lambda$close$1(PeerProxyMap.java:74)
	at org.apache.ratis.util.LifeCycle.lambda$checkStateAndClose$2(LifeCycle.java:231)
	at org.apache.ratis.util.LifeCycle.checkStateAndClose(LifeCycle.java:251)
	at org.apache.ratis.util.LifeCycle.checkStateAndClose(LifeCycle.java:229)
	at org.apache.ratis.util.PeerProxyMap$PeerAndProxy.close(PeerProxyMap.java:70)
	at org.apache.ratis.util.PeerProxyMap.resetProxy(PeerProxyMap.java:127)
	at org.apache.ratis.util.PeerProxyMap.handleException(PeerProxyMap.java:136)
	at org.apache.ratis.client.impl.RaftClientRpcWithProxy.handleException(RaftClientRpcWithProxy.java:47)
	at org.apache.ratis.client.impl.RaftClientImpl.handleIOException(RaftClientImpl.java:372)
	at org.apache.ratis.client.impl.OrderedAsync.lambda$sendRequest$10(OrderedAsync.java:236)
	at java.util.concurrent.CompletableFuture.uniExceptionally(CompletableFuture.java:870)
	at java.util.concurrent.CompletableFuture$UniExceptionally.tryFire(CompletableFuture.java:852)
	at java.util.concurrent.CompletableFuture.postComplete(CompletableFuture.java:474)
	at java.util.concurrent.CompletableFuture.completeExceptionally(CompletableFuture.java:1977)
	at org.apache.ratis.grpc.client.GrpcClientProtocolClient$AsyncStreamObservers.lambda$timeoutCheck$3(GrpcClientProtocolClient.java:324)
	at java.util.Optional.ifPresent(Optional.java:159)
	at org.apache.ratis.grpc.client.GrpcClientProtocolClient$AsyncStreamObservers.handleReplyFuture(GrpcClientProtocolClient.java:329)
	at org.apache.ratis.grpc.client.GrpcClientProtocolClient$AsyncStreamObservers.timeoutCheck(GrpcClientProtocolClient.java:324)
	at org.apache.ratis.grpc.client.GrpcClientProtocolClient$AsyncStreamObservers.lambda$onNext$1(GrpcClientProtocolClient.java:318)
	at org.apache.ratis.util.TimeoutScheduler.lambda$onTimeout$0(TimeoutScheduler.java:113)
	at org.apache.ratis.util.TimeoutScheduler.lambda$onTimeout$1(TimeoutScheduler.java:133)
	at org.apache.ratis.util.LogUtils.runAndLog(LogUtils.java:50)
	at org.apache.ratis.util.LogUtils$1.run(LogUtils.java:91)
	at java.util.concurrent.Executors$RunnableAdapter.call(Executors.java:511)
	at java.util.concurrent.FutureTask.run(FutureTask.java:266)
	at java.util.concurrent.ScheduledThreadPoolExecutor$ScheduledFutureTask.access$201(ScheduledThreadPoolExecutor.java:180)
	at java.util.concurrent.ScheduledThreadPoolExecutor$ScheduledFutureTask.run(ScheduledThreadPoolExecutor.java:293)
	at java.util.concurrent.ThreadPoolExecutor.runWorker(ThreadPoolExecutor.java:1149)
	at java.util.concurrent.ThreadPoolExecutor$Worker.run(ThreadPoolExecutor.java:624)
	at java.lang.Thread.run(Thread.java:748)
2019-10-02 10:20:20,218 [java.util.concurrent.ThreadPoolExecutor$Worker@51ab1ee3[State = -1, empty queue]] WARN  util.TimeoutScheduler (LogUtils.java:runAndLog(55)) - Failed to task #0: java.lang.NullPointerException
2019-10-02 10:20:21,660 [Thread-519] INFO  impl.FollowerState (FollowerState.java:run(108)) - 67f1a5fe-c7be-4ecb-b503-d243409340fd@group-DF0A8D14A0B0-FollowerState: change to CANDIDATE, lastRpcTime:5099ms, electionTimeout:5099ms
2019-10-02 10:20:21,665 [Thread-519] INFO  impl.RoleInfo (RoleInfo.java:shutdownFollowerState(121)) - 67f1a5fe-c7be-4ecb-b503-d243409340fd: shutdown FollowerState
2019-10-02 10:20:21,665 [Thread-519] INFO  impl.RaftServerImpl (RaftServerImpl.java:setRole(170)) - 67f1a5fe-c7be-4ecb-b503-d243409340fd@group-DF0A8D14A0B0: changes role from  FOLLOWER to CANDIDATE at term 0 for changeToCandidate
2019-10-02 10:20:21,665 [Thread-519] INFO  impl.RoleInfo (RoleInfo.java:updateAndGet(143)) - 67f1a5fe-c7be-4ecb-b503-d243409340fd: start LeaderElection
2019-10-02 10:20:21,728 [Thread-520] INFO  impl.FollowerState (FollowerState.java:run(108)) - 663b2fe6-68c2-4e66-9671-0aa57c3653e2@group-DF0A8D14A0B0-FollowerState: change to CANDIDATE, lastRpcTime:5166ms, electionTimeout:5166ms
2019-10-02 10:20:21,729 [Thread-520] INFO  impl.RoleInfo (RoleInfo.java:shutdownFollowerState(121)) - 663b2fe6-68c2-4e66-9671-0aa57c3653e2: shutdown FollowerState
2019-10-02 10:20:21,729 [Thread-520] INFO  impl.RaftServerImpl (RaftServerImpl.java:setRole(170)) - 663b2fe6-68c2-4e66-9671-0aa57c3653e2@group-DF0A8D14A0B0: changes role from  FOLLOWER to CANDIDATE at term 0 for changeToCandidate
2019-10-02 10:20:21,729 [Thread-520] INFO  impl.RoleInfo (RoleInfo.java:updateAndGet(143)) - 663b2fe6-68c2-4e66-9671-0aa57c3653e2: start LeaderElection
2019-10-02 10:20:21,758 [Thread-518] INFO  impl.FollowerState (FollowerState.java:run(108)) - 438152b3-e18d-41ab-8849-fe8d3376297f@group-DF0A8D14A0B0-FollowerState: change to CANDIDATE, lastRpcTime:5200ms, electionTimeout:5200ms
2019-10-02 10:20:21,758 [Thread-518] INFO  impl.RoleInfo (RoleInfo.java:shutdownFollowerState(121)) - 438152b3-e18d-41ab-8849-fe8d3376297f: shutdown FollowerState
2019-10-02 10:20:21,759 [Thread-518] INFO  impl.RaftServerImpl (RaftServerImpl.java:setRole(170)) - 438152b3-e18d-41ab-8849-fe8d3376297f@group-DF0A8D14A0B0: changes role from  FOLLOWER to CANDIDATE at term 0 for changeToCandidate
2019-10-02 10:20:21,759 [Thread-518] INFO  impl.RoleInfo (RoleInfo.java:updateAndGet(143)) - 438152b3-e18d-41ab-8849-fe8d3376297f: start LeaderElection
2019-10-02 10:20:22,551 [663b2fe6-68c2-4e66-9671-0aa57c3653e2@group-DF0A8D14A0B0-LeaderElection12] INFO  impl.LeaderElection (LeaderElection.java:askForVotes(178)) - 663b2fe6-68c2-4e66-9671-0aa57c3653e2@group-DF0A8D14A0B0-LeaderElection12: begin an election at term 1 for -1: [663b2fe6-68c2-4e66-9671-0aa57c3653e2:192.168.151.92:41388, 67f1a5fe-c7be-4ecb-b503-d243409340fd:192.168.151.92:36198, 438152b3-e18d-41ab-8849-fe8d3376297f:192.168.151.92:40801], old=null
2019-10-02 10:20:22,551 [438152b3-e18d-41ab-8849-fe8d3376297f@group-DF0A8D14A0B0-LeaderElection13] INFO  impl.LeaderElection (LeaderElection.java:askForVotes(178)) - 438152b3-e18d-41ab-8849-fe8d3376297f@group-DF0A8D14A0B0-LeaderElection13: begin an election at term 1 for -1: [663b2fe6-68c2-4e66-9671-0aa57c3653e2:192.168.151.92:41388, 67f1a5fe-c7be-4ecb-b503-d243409340fd:192.168.151.92:36198, 438152b3-e18d-41ab-8849-fe8d3376297f:192.168.151.92:40801], old=null
2019-10-02 10:20:22,551 [67f1a5fe-c7be-4ecb-b503-d243409340fd@group-DF0A8D14A0B0-LeaderElection11] INFO  impl.LeaderElection (LeaderElection.java:askForVotes(178)) - 67f1a5fe-c7be-4ecb-b503-d243409340fd@group-DF0A8D14A0B0-LeaderElection11: begin an election at term 1 for -1: [663b2fe6-68c2-4e66-9671-0aa57c3653e2:192.168.151.92:41388, 67f1a5fe-c7be-4ecb-b503-d243409340fd:192.168.151.92:36198, 438152b3-e18d-41ab-8849-fe8d3376297f:192.168.151.92:40801], old=null
2019-10-02 10:20:22,575 [67f1a5fe-c7be-4ecb-b503-d243409340fd@group-DF0A8D14A0B0-LeaderElection11] INFO  impl.LeaderElection (LeaderElection.java:logAndReturn(56)) - 67f1a5fe-c7be-4ecb-b503-d243409340fd@group-DF0A8D14A0B0-LeaderElection11: Election REJECTED; received 2 response(s) [67f1a5fe-c7be-4ecb-b503-d243409340fd<-663b2fe6-68c2-4e66-9671-0aa57c3653e2#0:FAIL-t1, 67f1a5fe-c7be-4ecb-b503-d243409340fd<-438152b3-e18d-41ab-8849-fe8d3376297f#0:FAIL-t1] and 0 exception(s); 67f1a5fe-c7be-4ecb-b503-d243409340fd@group-DF0A8D14A0B0:t1, leader=null, voted=67f1a5fe-c7be-4ecb-b503-d243409340fd, raftlog=67f1a5fe-c7be-4ecb-b503-d243409340fd@group-DF0A8D14A0B0-SegmentedRaftLog:OPENED:c-1,f-1,i0, conf=-1: [663b2fe6-68c2-4e66-9671-0aa57c3653e2:192.168.151.92:41388, 67f1a5fe-c7be-4ecb-b503-d243409340fd:192.168.151.92:36198, 438152b3-e18d-41ab-8849-fe8d3376297f:192.168.151.92:40801], old=null
2019-10-02 10:20:22,577 [67f1a5fe-c7be-4ecb-b503-d243409340fd@group-DF0A8D14A0B0-LeaderElection11] INFO  impl.RaftServerImpl (RaftServerImpl.java:setRole(170)) - 67f1a5fe-c7be-4ecb-b503-d243409340fd@group-DF0A8D14A0B0: changes role from CANDIDATE to FOLLOWER at term 1 for DISCOVERED_A_NEW_TERM
2019-10-02 10:20:22,580 [67f1a5fe-c7be-4ecb-b503-d243409340fd@group-DF0A8D14A0B0-LeaderElection11] INFO  impl.RoleInfo (RoleInfo.java:shutdownLeaderElection(134)) - 67f1a5fe-c7be-4ecb-b503-d243409340fd: shutdown LeaderElection
2019-10-02 10:20:22,582 [67f1a5fe-c7be-4ecb-b503-d243409340fd@group-DF0A8D14A0B0-LeaderElection11] INFO  impl.RoleInfo (RoleInfo.java:updateAndGet(143)) - 67f1a5fe-c7be-4ecb-b503-d243409340fd: start FollowerState
2019-10-02 10:20:22,583 [438152b3-e18d-41ab-8849-fe8d3376297f@group-DF0A8D14A0B0-LeaderElection13] INFO  impl.LeaderElection (LeaderElection.java:logAndReturn(56)) - 438152b3-e18d-41ab-8849-fe8d3376297f@group-DF0A8D14A0B0-LeaderElection13: Election REJECTED; received 2 response(s) [438152b3-e18d-41ab-8849-fe8d3376297f<-663b2fe6-68c2-4e66-9671-0aa57c3653e2#0:FAIL-t1, 438152b3-e18d-41ab-8849-fe8d3376297f<-67f1a5fe-c7be-4ecb-b503-d243409340fd#0:FAIL-t1] and 0 exception(s); 438152b3-e18d-41ab-8849-fe8d3376297f@group-DF0A8D14A0B0:t1, leader=null, voted=438152b3-e18d-41ab-8849-fe8d3376297f, raftlog=438152b3-e18d-41ab-8849-fe8d3376297f@group-DF0A8D14A0B0-SegmentedRaftLog:OPENED:c-1,f-1,i0, conf=-1: [663b2fe6-68c2-4e66-9671-0aa57c3653e2:192.168.151.92:41388, 67f1a5fe-c7be-4ecb-b503-d243409340fd:192.168.151.92:36198, 438152b3-e18d-41ab-8849-fe8d3376297f:192.168.151.92:40801], old=null
2019-10-02 10:20:22,586 [438152b3-e18d-41ab-8849-fe8d3376297f@group-DF0A8D14A0B0-LeaderElection13] INFO  impl.RaftServerImpl (RaftServerImpl.java:setRole(170)) - 438152b3-e18d-41ab-8849-fe8d3376297f@group-DF0A8D14A0B0: changes role from CANDIDATE to FOLLOWER at term 1 for DISCOVERED_A_NEW_TERM
2019-10-02 10:20:22,586 [438152b3-e18d-41ab-8849-fe8d3376297f@group-DF0A8D14A0B0-LeaderElection13] INFO  impl.RoleInfo (RoleInfo.java:shutdownLeaderElection(134)) - 438152b3-e18d-41ab-8849-fe8d3376297f: shutdown LeaderElection
2019-10-02 10:20:22,588 [438152b3-e18d-41ab-8849-fe8d3376297f@group-DF0A8D14A0B0-LeaderElection13] INFO  impl.RoleInfo (RoleInfo.java:updateAndGet(143)) - 438152b3-e18d-41ab-8849-fe8d3376297f: start FollowerState
2019-10-02 10:20:22,589 [663b2fe6-68c2-4e66-9671-0aa57c3653e2@group-DF0A8D14A0B0-LeaderElection12] INFO  impl.LeaderElection (LeaderElection.java:logAndReturn(56)) - 663b2fe6-68c2-4e66-9671-0aa57c3653e2@group-DF0A8D14A0B0-LeaderElection12: Election REJECTED; received 2 response(s) [663b2fe6-68c2-4e66-9671-0aa57c3653e2<-438152b3-e18d-41ab-8849-fe8d3376297f#0:FAIL-t1, 663b2fe6-68c2-4e66-9671-0aa57c3653e2<-67f1a5fe-c7be-4ecb-b503-d243409340fd#0:FAIL-t1] and 0 exception(s); 663b2fe6-68c2-4e66-9671-0aa57c3653e2@group-DF0A8D14A0B0:t1, leader=null, voted=663b2fe6-68c2-4e66-9671-0aa57c3653e2, raftlog=663b2fe6-68c2-4e66-9671-0aa57c3653e2@group-DF0A8D14A0B0-SegmentedRaftLog:OPENED:c-1,f-1,i0, conf=-1: [663b2fe6-68c2-4e66-9671-0aa57c3653e2:192.168.151.92:41388, 67f1a5fe-c7be-4ecb-b503-d243409340fd:192.168.151.92:36198, 438152b3-e18d-41ab-8849-fe8d3376297f:192.168.151.92:40801], old=null
2019-10-02 10:20:22,591 [663b2fe6-68c2-4e66-9671-0aa57c3653e2@group-DF0A8D14A0B0-LeaderElection12] INFO  impl.RaftServerImpl (RaftServerImpl.java:setRole(170)) - 663b2fe6-68c2-4e66-9671-0aa57c3653e2@group-DF0A8D14A0B0: changes role from CANDIDATE to FOLLOWER at term 1 for DISCOVERED_A_NEW_TERM
2019-10-02 10:20:22,592 [663b2fe6-68c2-4e66-9671-0aa57c3653e2@group-DF0A8D14A0B0-LeaderElection12] INFO  impl.RoleInfo (RoleInfo.java:shutdownLeaderElection(134)) - 663b2fe6-68c2-4e66-9671-0aa57c3653e2: shutdown LeaderElection
2019-10-02 10:20:22,592 [663b2fe6-68c2-4e66-9671-0aa57c3653e2@group-DF0A8D14A0B0-LeaderElection12] INFO  impl.RoleInfo (RoleInfo.java:updateAndGet(143)) - 663b2fe6-68c2-4e66-9671-0aa57c3653e2: start FollowerState
2019-10-02 10:20:24,267 [java.util.concurrent.ThreadPoolExecutor$Worker@12bb5065[State = -1, empty queue]] ERROR client.GrpcClientProtocolClient (GrpcClientProtocolClient.java:close(148)) - Unexpected exception while waiting for channel termination
java.lang.InterruptedException
	at java.util.concurrent.locks.AbstractQueuedSynchronizer.tryAcquireSharedNanos(AbstractQueuedSynchronizer.java:1326)
	at java.util.concurrent.CountDownLatch.await(CountDownLatch.java:277)
	at org.apache.ratis.thirdparty.io.grpc.internal.ManagedChannelImpl.awaitTermination(ManagedChannelImpl.java:763)
	at org.apache.ratis.thirdparty.io.grpc.internal.ForwardingManagedChannel.awaitTermination(ForwardingManagedChannel.java:57)
	at org.apache.ratis.thirdparty.io.grpc.internal.ManagedChannelOrphanWrapper.awaitTermination(ManagedChannelOrphanWrapper.java:70)
	at org.apache.ratis.grpc.client.GrpcClientProtocolClient.close(GrpcClientProtocolClient.java:146)
	at org.apache.ratis.util.PeerProxyMap$PeerAndProxy.lambda$close$1(PeerProxyMap.java:74)
	at org.apache.ratis.util.LifeCycle.lambda$checkStateAndClose$2(LifeCycle.java:231)
	at org.apache.ratis.util.LifeCycle.checkStateAndClose(LifeCycle.java:251)
	at org.apache.ratis.util.LifeCycle.checkStateAndClose(LifeCycle.java:229)
	at org.apache.ratis.util.PeerProxyMap$PeerAndProxy.close(PeerProxyMap.java:70)
	at org.apache.ratis.util.PeerProxyMap.resetProxy(PeerProxyMap.java:127)
	at org.apache.ratis.util.PeerProxyMap.handleException(PeerProxyMap.java:136)
	at org.apache.ratis.client.impl.RaftClientRpcWithProxy.handleException(RaftClientRpcWithProxy.java:47)
	at org.apache.ratis.client.impl.RaftClientImpl.handleIOException(RaftClientImpl.java:372)
	at org.apache.ratis.client.impl.OrderedAsync.lambda$sendRequest$10(OrderedAsync.java:236)
	at java.util.concurrent.CompletableFuture.uniExceptionally(CompletableFuture.java:870)
	at java.util.concurrent.CompletableFuture$UniExceptionally.tryFire(CompletableFuture.java:852)
	at java.util.concurrent.CompletableFuture.postComplete(CompletableFuture.java:474)
	at java.util.concurrent.CompletableFuture.completeExceptionally(CompletableFuture.java:1977)
	at org.apache.ratis.grpc.client.GrpcClientProtocolClient$AsyncStreamObservers.lambda$timeoutCheck$3(GrpcClientProtocolClient.java:324)
	at java.util.Optional.ifPresent(Optional.java:159)
	at org.apache.ratis.grpc.client.GrpcClientProtocolClient$AsyncStreamObservers.handleReplyFuture(GrpcClientProtocolClient.java:329)
	at org.apache.ratis.grpc.client.GrpcClientProtocolClient$AsyncStreamObservers.timeoutCheck(GrpcClientProtocolClient.java:324)
	at org.apache.ratis.grpc.client.GrpcClientProtocolClient$AsyncStreamObservers.lambda$onNext$1(GrpcClientProtocolClient.java:318)
	at org.apache.ratis.util.TimeoutScheduler.lambda$onTimeout$0(TimeoutScheduler.java:113)
	at org.apache.ratis.util.TimeoutScheduler.lambda$onTimeout$1(TimeoutScheduler.java:133)
	at org.apache.ratis.util.LogUtils.runAndLog(LogUtils.java:50)
	at org.apache.ratis.util.LogUtils$1.run(LogUtils.java:91)
	at java.util.concurrent.Executors$RunnableAdapter.call(Executors.java:511)
	at java.util.concurrent.FutureTask.run(FutureTask.java:266)
	at java.util.concurrent.ScheduledThreadPoolExecutor$ScheduledFutureTask.access$201(ScheduledThreadPoolExecutor.java:180)
	at java.util.concurrent.ScheduledThreadPoolExecutor$ScheduledFutureTask.run(ScheduledThreadPoolExecutor.java:293)
	at java.util.concurrent.ThreadPoolExecutor.runWorker(ThreadPoolExecutor.java:1149)
	at java.util.concurrent.ThreadPoolExecutor$Worker.run(ThreadPoolExecutor.java:624)
	at java.lang.Thread.run(Thread.java:748)
2019-10-02 10:20:24,270 [java.util.concurrent.ThreadPoolExecutor$Worker@12bb5065[State = -1, empty queue]] WARN  util.TimeoutScheduler (LogUtils.java:runAndLog(55)) - Failed to task #0: java.lang.NullPointerException
2019-10-02 10:20:27,589 [Thread-549] INFO  impl.FollowerState (FollowerState.java:run(108)) - 67f1a5fe-c7be-4ecb-b503-d243409340fd@group-DF0A8D14A0B0-FollowerState: change to CANDIDATE, lastRpcTime:5007ms, electionTimeout:5004ms
2019-10-02 10:20:27,589 [Thread-549] INFO  impl.RoleInfo (RoleInfo.java:shutdownFollowerState(121)) - 67f1a5fe-c7be-4ecb-b503-d243409340fd: shutdown FollowerState
2019-10-02 10:20:27,589 [Thread-549] INFO  impl.RaftServerImpl (RaftServerImpl.java:setRole(170)) - 67f1a5fe-c7be-4ecb-b503-d243409340fd@group-DF0A8D14A0B0: changes role from  FOLLOWER to CANDIDATE at term 1 for changeToCandidate
2019-10-02 10:20:27,590 [Thread-549] INFO  impl.RoleInfo (RoleInfo.java:updateAndGet(143)) - 67f1a5fe-c7be-4ecb-b503-d243409340fd: start LeaderElection
2019-10-02 10:20:27,608 [67f1a5fe-c7be-4ecb-b503-d243409340fd@group-DF0A8D14A0B0-LeaderElection14] INFO  impl.LeaderElection (LeaderElection.java:askForVotes(178)) - 67f1a5fe-c7be-4ecb-b503-d243409340fd@group-DF0A8D14A0B0-LeaderElection14: begin an election at term 2 for -1: [663b2fe6-68c2-4e66-9671-0aa57c3653e2:192.168.151.92:41388, 67f1a5fe-c7be-4ecb-b503-d243409340fd:192.168.151.92:36198, 438152b3-e18d-41ab-8849-fe8d3376297f:192.168.151.92:40801], old=null
2019-10-02 10:20:27,617 [grpc-default-executor-7] INFO  impl.RaftServerImpl (RaftServerImpl.java:setRole(170)) - 438152b3-e18d-41ab-8849-fe8d3376297f@group-DF0A8D14A0B0: changes role from  FOLLOWER to FOLLOWER at term 2 for recognizeCandidate:67f1a5fe-c7be-4ecb-b503-d243409340fd
2019-10-02 10:20:27,617 [grpc-default-executor-4] INFO  impl.RaftServerImpl (RaftServerImpl.java:setRole(170)) - 663b2fe6-68c2-4e66-9671-0aa57c3653e2@group-DF0A8D14A0B0: changes role from  FOLLOWER to FOLLOWER at term 2 for recognizeCandidate:67f1a5fe-c7be-4ecb-b503-d243409340fd
2019-10-02 10:20:27,617 [grpc-default-executor-7] INFO  impl.RoleInfo (RoleInfo.java:shutdownFollowerState(121)) - 438152b3-e18d-41ab-8849-fe8d3376297f: shutdown FollowerState
2019-10-02 10:20:27,617 [grpc-default-executor-4] INFO  impl.RoleInfo (RoleInfo.java:shutdownFollowerState(121)) - 663b2fe6-68c2-4e66-9671-0aa57c3653e2: shutdown FollowerState
2019-10-02 10:20:27,618 [Thread-550] INFO  impl.FollowerState (FollowerState.java:run(117)) - 438152b3-e18d-41ab-8849-fe8d3376297f@group-DF0A8D14A0B0-FollowerState was interrupted: java.lang.InterruptedException: sleep interrupted
2019-10-02 10:20:27,618 [grpc-default-executor-7] INFO  impl.RoleInfo (RoleInfo.java:updateAndGet(143)) - 438152b3-e18d-41ab-8849-fe8d3376297f: start FollowerState
2019-10-02 10:20:27,618 [Thread-551] INFO  impl.FollowerState (FollowerState.java:run(117)) - 663b2fe6-68c2-4e66-9671-0aa57c3653e2@group-DF0A8D14A0B0-FollowerState was interrupted: java.lang.InterruptedException: sleep interrupted
2019-10-02 10:20:27,618 [grpc-default-executor-4] INFO  impl.RoleInfo (RoleInfo.java:updateAndGet(143)) - 663b2fe6-68c2-4e66-9671-0aa57c3653e2: start FollowerState
2019-10-02 10:20:27,643 [67f1a5fe-c7be-4ecb-b503-d243409340fd@group-DF0A8D14A0B0-LeaderElection14] INFO  impl.LeaderElection (LeaderElection.java:logAndReturn(56)) - 67f1a5fe-c7be-4ecb-b503-d243409340fd@group-DF0A8D14A0B0-LeaderElection14: Election PASSED; received 1 response(s) [67f1a5fe-c7be-4ecb-b503-d243409340fd<-663b2fe6-68c2-4e66-9671-0aa57c3653e2#0:OK-t2] and 0 exception(s); 67f1a5fe-c7be-4ecb-b503-d243409340fd@group-DF0A8D14A0B0:t2, leader=null, voted=67f1a5fe-c7be-4ecb-b503-d243409340fd, raftlog=67f1a5fe-c7be-4ecb-b503-d243409340fd@group-DF0A8D14A0B0-SegmentedRaftLog:OPENED:c-1,f-1,i0, conf=-1: [663b2fe6-68c2-4e66-9671-0aa57c3653e2:192.168.151.92:41388, 67f1a5fe-c7be-4ecb-b503-d243409340fd:192.168.151.92:36198, 438152b3-e18d-41ab-8849-fe8d3376297f:192.168.151.92:40801], old=null
2019-10-02 10:20:27,644 [67f1a5fe-c7be-4ecb-b503-d243409340fd@group-DF0A8D14A0B0-LeaderElection14] INFO  impl.RoleInfo (RoleInfo.java:shutdownLeaderElection(134)) - 67f1a5fe-c7be-4ecb-b503-d243409340fd: shutdown LeaderElection
2019-10-02 10:20:27,647 [67f1a5fe-c7be-4ecb-b503-d243409340fd@group-DF0A8D14A0B0-LeaderElection14] INFO  impl.RaftServerImpl (RaftServerImpl.java:setRole(170)) - 67f1a5fe-c7be-4ecb-b503-d243409340fd@group-DF0A8D14A0B0: changes role from CANDIDATE to LEADER at term 2 for changeToLeader
2019-10-02 10:20:27,647 [67f1a5fe-c7be-4ecb-b503-d243409340fd@group-DF0A8D14A0B0-LeaderElection14] INFO  impl.RaftServerImpl (ServerState.java:setLeader(255)) - 67f1a5fe-c7be-4ecb-b503-d243409340fd@group-DF0A8D14A0B0: change Leader from null to 67f1a5fe-c7be-4ecb-b503-d243409340fd at term 2 for becomeLeader, leader elected after 11097ms
2019-10-02 10:20:27,647 [67f1a5fe-c7be-4ecb-b503-d243409340fd@group-DF0A8D14A0B0-LeaderElection14] INFO  server.RaftServerConfigKeys (ConfUtils.java:logGet(43)) - raft.server.staging.catchup.gap = 1000 (default)
2019-10-02 10:20:27,648 [67f1a5fe-c7be-4ecb-b503-d243409340fd@group-DF0A8D14A0B0-LeaderElection14] INFO  server.RaftServerConfigKeys (ConfUtils.java:logGet(43)) - raft.server.rpc.sleep.time = 25ms (default)
2019-10-02 10:20:27,648 [67f1a5fe-c7be-4ecb-b503-d243409340fd@group-DF0A8D14A0B0-LeaderElection14] INFO  server.RaftServerConfigKeys (ConfUtils.java:logGet(43)) - raft.server.write.element-limit = 4096 (default)
2019-10-02 10:20:27,648 [67f1a5fe-c7be-4ecb-b503-d243409340fd@group-DF0A8D14A0B0-LeaderElection14] INFO  server.RaftServerConfigKeys (ConfUtils.java:logGet(43)) - raft.server.watch.timeout = 10s (default)
2019-10-02 10:20:27,648 [67f1a5fe-c7be-4ecb-b503-d243409340fd@group-DF0A8D14A0B0-LeaderElection14] INFO  server.RaftServerConfigKeys (ConfUtils.java:logGet(43)) - raft.server.watch.timeout.denomination = 1s (default)
2019-10-02 10:20:27,648 [67f1a5fe-c7be-4ecb-b503-d243409340fd@group-DF0A8D14A0B0-LeaderElection14] INFO  server.RaftServerConfigKeys (ConfUtils.java:logGet(43)) - raft.server.watch.element-limit = 65536 (default)
2019-10-02 10:20:27,652 [67f1a5fe-c7be-4ecb-b503-d243409340fd@group-DF0A8D14A0B0-LeaderElection14] INFO  server.RaftServerConfigKeys (ConfUtils.java:logGet(43)) - raft.server.log.appender.snapshot.chunk.size.max = 16MB (=16777216) (default)
2019-10-02 10:20:27,652 [67f1a5fe-c7be-4ecb-b503-d243409340fd@group-DF0A8D14A0B0-LeaderElection14] INFO  server.RaftServerConfigKeys (ConfUtils.java:logGet(43)) - raft.server.log.appender.buffer.byte-limit = 33554432 (custom)
2019-10-02 10:20:27,652 [67f1a5fe-c7be-4ecb-b503-d243409340fd@group-DF0A8D14A0B0-LeaderElection14] INFO  server.RaftServerConfigKeys (ConfUtils.java:logGet(43)) - raft.server.log.appender.buffer.element-limit = 1 (custom)
2019-10-02 10:20:27,653 [67f1a5fe-c7be-4ecb-b503-d243409340fd@group-DF0A8D14A0B0-LeaderElection14] INFO  grpc.GrpcConfigKeys$Server (ConfUtils.java:logGet(43)) - raft.grpc.server.leader.outstanding.appends.max = 128 (default)
2019-10-02 10:20:27,653 [67f1a5fe-c7be-4ecb-b503-d243409340fd@group-DF0A8D14A0B0-LeaderElection14] INFO  server.RaftServerConfigKeys (ConfUtils.java:logGet(43)) - raft.server.rpc.request.timeout = 3000ms (default)
2019-10-02 10:20:27,653 [67f1a5fe-c7be-4ecb-b503-d243409340fd@group-DF0A8D14A0B0-LeaderElection14] INFO  server.RaftServerConfigKeys (ConfUtils.java:logGet(43)) - raft.server.log.appender.install.snapshot.enabled = false (custom)
2019-10-02 10:20:27,653 [67f1a5fe-c7be-4ecb-b503-d243409340fd@group-DF0A8D14A0B0-LeaderElection14] INFO  server.RaftServerConfigKeys (ConfUtils.java:logGet(43)) - raft.server.log.appender.snapshot.chunk.size.max = 16MB (=16777216) (default)
2019-10-02 10:20:27,654 [67f1a5fe-c7be-4ecb-b503-d243409340fd@group-DF0A8D14A0B0-LeaderElection14] INFO  server.RaftServerConfigKeys (ConfUtils.java:logGet(43)) - raft.server.log.appender.buffer.byte-limit = 33554432 (custom)
2019-10-02 10:20:27,654 [67f1a5fe-c7be-4ecb-b503-d243409340fd@group-DF0A8D14A0B0-LeaderElection14] INFO  server.RaftServerConfigKeys (ConfUtils.java:logGet(43)) - raft.server.log.appender.buffer.element-limit = 1 (custom)
2019-10-02 10:20:27,654 [67f1a5fe-c7be-4ecb-b503-d243409340fd@group-DF0A8D14A0B0-LeaderElection14] INFO  grpc.GrpcConfigKeys$Server (ConfUtils.java:logGet(43)) - raft.grpc.server.leader.outstanding.appends.max = 128 (default)
2019-10-02 10:20:27,654 [67f1a5fe-c7be-4ecb-b503-d243409340fd@group-DF0A8D14A0B0-LeaderElection14] INFO  server.RaftServerConfigKeys (ConfUtils.java:logGet(43)) - raft.server.rpc.request.timeout = 3000ms (default)
2019-10-02 10:20:27,654 [67f1a5fe-c7be-4ecb-b503-d243409340fd@group-DF0A8D14A0B0-LeaderElection14] INFO  server.RaftServerConfigKeys (ConfUtils.java:logGet(43)) - raft.server.log.appender.install.snapshot.enabled = false (custom)
2019-10-02 10:20:27,655 [67f1a5fe-c7be-4ecb-b503-d243409340fd@group-DF0A8D14A0B0-LeaderElection14] INFO  impl.RoleInfo (RoleInfo.java:updateAndGet(143)) - 67f1a5fe-c7be-4ecb-b503-d243409340fd: start LeaderState
2019-10-02 10:20:27,655 [67f1a5fe-c7be-4ecb-b503-d243409340fd@group-DF0A8D14A0B0-LeaderElection14] INFO  segmented.SegmentedRaftLogWorker (SegmentedRaftLogWorker.java:startLogSegment(385)) - 67f1a5fe-c7be-4ecb-b503-d243409340fd@group-DF0A8D14A0B0-SegmentedRaftLogWorker: Starting segment from index:0
2019-10-02 10:20:27,656 [67f1a5fe-c7be-4ecb-b503-d243409340fd@group-DF0A8D14A0B0-LeaderElection14] INFO  impl.RaftServerImpl (ServerState.java:setRaftConf(356)) - 67f1a5fe-c7be-4ecb-b503-d243409340fd@group-DF0A8D14A0B0: set configuration 0: [663b2fe6-68c2-4e66-9671-0aa57c3653e2:192.168.151.92:41388, 67f1a5fe-c7be-4ecb-b503-d243409340fd:192.168.151.92:36198, 438152b3-e18d-41ab-8849-fe8d3376297f:192.168.151.92:40801], old=null at 0
2019-10-02 10:20:27,701 [grpc-default-executor-7] INFO  impl.RaftServerImpl (ServerState.java:setLeader(255)) - 663b2fe6-68c2-4e66-9671-0aa57c3653e2@group-DF0A8D14A0B0: change Leader from null to 67f1a5fe-c7be-4ecb-b503-d243409340fd at term 2 for appendEntries, leader elected after 11151ms
2019-10-02 10:20:27,708 [67f1a5fe-c7be-4ecb-b503-d243409340fd@group-DF0A8D14A0B0-SegmentedRaftLogWorker] INFO  segmented.SegmentedRaftLogWorker (SegmentedRaftLogWorker.java:execute(574)) - 67f1a5fe-c7be-4ecb-b503-d243409340fd@group-DF0A8D14A0B0-SegmentedRaftLogWorker: created new log segment /workdir/hadoop-ozone/integration-test/target/test-dir/MiniOzoneClusterImpl-a60b818f-4dd1-4965-bff3-fb44efcd9a0b/datanode-4/data/ratis/6503586d-4659-4ed3-ad6e-df0a8d14a0b0/current/log_inprogress_0
2019-10-02 10:20:27,701 [grpc-default-executor-4] INFO  impl.RaftServerImpl (ServerState.java:setLeader(255)) - 438152b3-e18d-41ab-8849-fe8d3376297f@group-DF0A8D14A0B0: change Leader from null to 67f1a5fe-c7be-4ecb-b503-d243409340fd at term 2 for appendEntries, leader elected after 11151ms
2019-10-02 10:20:27,714 [grpc-default-executor-7] INFO  impl.RaftServerImpl (ServerState.java:setRaftConf(356)) - 663b2fe6-68c2-4e66-9671-0aa57c3653e2@group-DF0A8D14A0B0: set configuration 0: [663b2fe6-68c2-4e66-9671-0aa57c3653e2:192.168.151.92:41388, 67f1a5fe-c7be-4ecb-b503-d243409340fd:192.168.151.92:36198, 438152b3-e18d-41ab-8849-fe8d3376297f:192.168.151.92:40801], old=null at 0
2019-10-02 10:20:27,714 [grpc-default-executor-4] INFO  impl.RaftServerImpl (ServerState.java:setRaftConf(356)) - 438152b3-e18d-41ab-8849-fe8d3376297f@group-DF0A8D14A0B0: set configuration 0: [663b2fe6-68c2-4e66-9671-0aa57c3653e2:192.168.151.92:41388, 67f1a5fe-c7be-4ecb-b503-d243409340fd:192.168.151.92:36198, 438152b3-e18d-41ab-8849-fe8d3376297f:192.168.151.92:40801], old=null at 0
2019-10-02 10:20:27,715 [grpc-default-executor-7] INFO  segmented.SegmentedRaftLogWorker (SegmentedRaftLogWorker.java:startLogSegment(385)) - 663b2fe6-68c2-4e66-9671-0aa57c3653e2@group-DF0A8D14A0B0-SegmentedRaftLogWorker: Starting segment from index:0
2019-10-02 10:20:27,715 [grpc-default-executor-4] INFO  segmented.SegmentedRaftLogWorker (SegmentedRaftLogWorker.java:startLogSegment(385)) - 438152b3-e18d-41ab-8849-fe8d3376297f@group-DF0A8D14A0B0-SegmentedRaftLogWorker: Starting segment from index:0
2019-10-02 10:20:27,761 [663b2fe6-68c2-4e66-9671-0aa57c3653e2@group-DF0A8D14A0B0-SegmentedRaftLogWorker] INFO  segmented.SegmentedRaftLogWorker (SegmentedRaftLogWorker.java:execute(574)) - 663b2fe6-68c2-4e66-9671-0aa57c3653e2@group-DF0A8D14A0B0-SegmentedRaftLogWorker: created new log segment /workdir/hadoop-ozone/integration-test/target/test-dir/MiniOzoneClusterImpl-a60b818f-4dd1-4965-bff3-fb44efcd9a0b/datanode-0/data/ratis/6503586d-4659-4ed3-ad6e-df0a8d14a0b0/current/log_inprogress_0
2019-10-02 10:20:27,761 [438152b3-e18d-41ab-8849-fe8d3376297f@group-DF0A8D14A0B0-SegmentedRaftLogWorker] INFO  segmented.SegmentedRaftLogWorker (SegmentedRaftLogWorker.java:execute(574)) - 438152b3-e18d-41ab-8849-fe8d3376297f@group-DF0A8D14A0B0-SegmentedRaftLogWorker: created new log segment /workdir/hadoop-ozone/integration-test/target/test-dir/MiniOzoneClusterImpl-a60b818f-4dd1-4965-bff3-fb44efcd9a0b/datanode-1/data/ratis/6503586d-4659-4ed3-ad6e-df0a8d14a0b0/current/log_inprogress_0
2019-10-02 10:20:28,308 [java.util.concurrent.ThreadPoolExecutor$Worker@e9c856d[State = -1, empty queue]] ERROR client.GrpcClientProtocolClient (GrpcClientProtocolClient.java:close(148)) - Unexpected exception while waiting for channel termination
java.lang.InterruptedException
	at java.util.concurrent.locks.AbstractQueuedSynchronizer.tryAcquireSharedNanos(AbstractQueuedSynchronizer.java:1326)
	at java.util.concurrent.CountDownLatch.await(CountDownLatch.java:277)
	at org.apache.ratis.thirdparty.io.grpc.internal.ManagedChannelImpl.awaitTermination(ManagedChannelImpl.java:763)
	at org.apache.ratis.thirdparty.io.grpc.internal.ForwardingManagedChannel.awaitTermination(ForwardingManagedChannel.java:57)
	at org.apache.ratis.thirdparty.io.grpc.internal.ManagedChannelOrphanWrapper.awaitTermination(ManagedChannelOrphanWrapper.java:70)
	at org.apache.ratis.grpc.client.GrpcClientProtocolClient.close(GrpcClientProtocolClient.java:146)
	at org.apache.ratis.util.PeerProxyMap$PeerAndProxy.lambda$close$1(PeerProxyMap.java:74)
	at org.apache.ratis.util.LifeCycle.lambda$checkStateAndClose$2(LifeCycle.java:231)
	at org.apache.ratis.util.LifeCycle.checkStateAndClose(LifeCycle.java:251)
	at org.apache.ratis.util.LifeCycle.checkStateAndClose(LifeCycle.java:229)
	at org.apache.ratis.util.PeerProxyMap$PeerAndProxy.close(PeerProxyMap.java:70)
	at org.apache.ratis.util.PeerProxyMap.resetProxy(PeerProxyMap.java:127)
	at org.apache.ratis.util.PeerProxyMap.handleException(PeerProxyMap.java:136)
	at org.apache.ratis.client.impl.RaftClientRpcWithProxy.handleException(RaftClientRpcWithProxy.java:47)
	at org.apache.ratis.client.impl.RaftClientImpl.handleIOException(RaftClientImpl.java:372)
	at org.apache.ratis.client.impl.OrderedAsync.lambda$sendRequest$10(OrderedAsync.java:236)
	at java.util.concurrent.CompletableFuture.uniExceptionally(CompletableFuture.java:870)
	at java.util.concurrent.CompletableFuture$UniExceptionally.tryFire(CompletableFuture.java:852)
	at java.util.concurrent.CompletableFuture.postComplete(CompletableFuture.java:474)
	at java.util.concurrent.CompletableFuture.completeExceptionally(CompletableFuture.java:1977)
	at org.apache.ratis.grpc.client.GrpcClientProtocolClient$AsyncStreamObservers.lambda$timeoutCheck$3(GrpcClientProtocolClient.java:324)
	at java.util.Optional.ifPresent(Optional.java:159)
	at org.apache.ratis.grpc.client.GrpcClientProtocolClient$AsyncStreamObservers.handleReplyFuture(GrpcClientProtocolClient.java:329)
	at org.apache.ratis.grpc.client.GrpcClientProtocolClient$AsyncStreamObservers.timeoutCheck(GrpcClientProtocolClient.java:324)
	at org.apache.ratis.grpc.client.GrpcClientProtocolClient$AsyncStreamObservers.lambda$onNext$1(GrpcClientProtocolClient.java:318)
	at org.apache.ratis.util.TimeoutScheduler.lambda$onTimeout$0(TimeoutScheduler.java:113)
	at org.apache.ratis.util.TimeoutScheduler.lambda$onTimeout$1(TimeoutScheduler.java:133)
	at org.apache.ratis.util.LogUtils.runAndLog(LogUtils.java:50)
	at org.apache.ratis.util.LogUtils$1.run(LogUtils.java:91)
	at java.util.concurrent.Executors$RunnableAdapter.call(Executors.java:511)
	at java.util.concurrent.FutureTask.run(FutureTask.java:266)
	at java.util.concurrent.ScheduledThreadPoolExecutor$ScheduledFutureTask.access$201(ScheduledThreadPoolExecutor.java:180)
	at java.util.concurrent.ScheduledThreadPoolExecutor$ScheduledFutureTask.run(ScheduledThreadPoolExecutor.java:293)
	at java.util.concurrent.ThreadPoolExecutor.runWorker(ThreadPoolExecutor.java:1149)
	at java.util.concurrent.ThreadPoolExecutor$Worker.run(ThreadPoolExecutor.java:624)
	at java.lang.Thread.run(Thread.java:748)
2019-10-02 10:20:28,318 [java.util.concurrent.ThreadPoolExecutor$Worker@e9c856d[State = -1, empty queue]] WARN  util.TimeoutScheduler (LogUtils.java:runAndLog(55)) - Failed to task #0: java.lang.NullPointerException
2019-10-02 10:20:32,359 [java.util.concurrent.ThreadPoolExecutor$Worker@430ce296[State = -1, empty queue]] ERROR client.GrpcClientProtocolClient (GrpcClientProtocolClient.java:close(148)) - Unexpected exception while waiting for channel termination
java.lang.InterruptedException
	at java.util.concurrent.locks.AbstractQueuedSynchronizer.tryAcquireSharedNanos(AbstractQueuedSynchronizer.java:1326)
	at java.util.concurrent.CountDownLatch.await(CountDownLatch.java:277)
	at org.apache.ratis.thirdparty.io.grpc.internal.ManagedChannelImpl.awaitTermination(ManagedChannelImpl.java:763)
	at org.apache.ratis.thirdparty.io.grpc.internal.ForwardingManagedChannel.awaitTermination(ForwardingManagedChannel.java:57)
	at org.apache.ratis.thirdparty.io.grpc.internal.ManagedChannelOrphanWrapper.awaitTermination(ManagedChannelOrphanWrapper.java:70)
	at org.apache.ratis.grpc.client.GrpcClientProtocolClient.close(GrpcClientProtocolClient.java:146)
	at org.apache.ratis.util.PeerProxyMap$PeerAndProxy.lambda$close$1(PeerProxyMap.java:74)
	at org.apache.ratis.util.LifeCycle.lambda$checkStateAndClose$2(LifeCycle.java:231)
	at org.apache.ratis.util.LifeCycle.checkStateAndClose(LifeCycle.java:251)
	at org.apache.ratis.util.LifeCycle.checkStateAndClose(LifeCycle.java:229)
	at org.apache.ratis.util.PeerProxyMap$PeerAndProxy.close(PeerProxyMap.java:70)
	at org.apache.ratis.util.PeerProxyMap.resetProxy(PeerProxyMap.java:127)
	at org.apache.ratis.util.PeerProxyMap.handleException(PeerProxyMap.java:136)
	at org.apache.ratis.client.impl.RaftClientRpcWithProxy.handleException(RaftClientRpcWithProxy.java:47)
	at org.apache.ratis.client.impl.RaftClientImpl.handleIOException(RaftClientImpl.java:372)
	at org.apache.ratis.client.impl.OrderedAsync.lambda$sendRequest$10(OrderedAsync.java:236)
	at java.util.concurrent.CompletableFuture.uniExceptionally(CompletableFuture.java:870)
	at java.util.concurrent.CompletableFuture$UniExceptionally.tryFire(CompletableFuture.java:852)
	at java.util.concurrent.CompletableFuture.postComplete(CompletableFuture.java:474)
	at java.util.concurrent.CompletableFuture.completeExceptionally(CompletableFuture.java:1977)
	at org.apache.ratis.grpc.client.GrpcClientProtocolClient$AsyncStreamObservers.lambda$timeoutCheck$3(GrpcClientProtocolClient.java:324)
	at java.util.Optional.ifPresent(Optional.java:159)
	at org.apache.ratis.grpc.client.GrpcClientProtocolClient$AsyncStreamObservers.handleReplyFuture(GrpcClientProtocolClient.java:329)
	at org.apache.ratis.grpc.client.GrpcClientProtocolClient$AsyncStreamObservers.timeoutCheck(GrpcClientProtocolClient.java:324)
	at org.apache.ratis.grpc.client.GrpcClientProtocolClient$AsyncStreamObservers.lambda$onNext$1(GrpcClientProtocolClient.java:318)
	at org.apache.ratis.util.TimeoutScheduler.lambda$onTimeout$0(TimeoutScheduler.java:113)
	at org.apache.ratis.util.TimeoutScheduler.lambda$onTimeout$1(TimeoutScheduler.java:133)
	at org.apache.ratis.util.LogUtils.runAndLog(LogUtils.java:50)
	at org.apache.ratis.util.LogUtils$1.run(LogUtils.java:91)
	at java.util.concurrent.Executors$RunnableAdapter.call(Executors.java:511)
	at java.util.concurrent.FutureTask.run(FutureTask.java:266)
	at java.util.concurrent.ScheduledThreadPoolExecutor$ScheduledFutureTask.access$201(ScheduledThreadPoolExecutor.java:180)
	at java.util.concurrent.ScheduledThreadPoolExecutor$ScheduledFutureTask.run(ScheduledThreadPoolExecutor.java:293)
	at java.util.concurrent.ThreadPoolExecutor.runWorker(ThreadPoolExecutor.java:1149)
	at java.util.concurrent.ThreadPoolExecutor$Worker.run(ThreadPoolExecutor.java:624)
	at java.lang.Thread.run(Thread.java:748)
2019-10-02 10:20:32,360 [java.util.concurrent.ThreadPoolExecutor$Worker@430ce296[State = -1, empty queue]] WARN  util.TimeoutScheduler (LogUtils.java:runAndLog(55)) - Failed to task #0: java.lang.NullPointerException
2019-10-02 10:20:36,592 [java.util.concurrent.ThreadPoolExecutor$Worker@7cb8997a[State = -1, empty queue]] ERROR client.GrpcClientProtocolClient (GrpcClientProtocolClient.java:close(148)) - Unexpected exception while waiting for channel termination
java.lang.InterruptedException
	at java.util.concurrent.locks.AbstractQueuedSynchronizer.tryAcquireSharedNanos(AbstractQueuedSynchronizer.java:1326)
	at java.util.concurrent.CountDownLatch.await(CountDownLatch.java:277)
	at org.apache.ratis.thirdparty.io.grpc.internal.ManagedChannelImpl.awaitTermination(ManagedChannelImpl.java:763)
	at org.apache.ratis.thirdparty.io.grpc.internal.ForwardingManagedChannel.awaitTermination(ForwardingManagedChannel.java:57)
	at org.apache.ratis.thirdparty.io.grpc.internal.ManagedChannelOrphanWrapper.awaitTermination(ManagedChannelOrphanWrapper.java:70)
	at org.apache.ratis.grpc.client.GrpcClientProtocolClient.close(GrpcClientProtocolClient.java:146)
	at org.apache.ratis.util.PeerProxyMap$PeerAndProxy.lambda$close$1(PeerProxyMap.java:74)
	at org.apache.ratis.util.LifeCycle.lambda$checkStateAndClose$2(LifeCycle.java:231)
	at org.apache.ratis.util.LifeCycle.checkStateAndClose(LifeCycle.java:251)
	at org.apache.ratis.util.LifeCycle.checkStateAndClose(LifeCycle.java:229)
	at org.apache.ratis.util.PeerProxyMap$PeerAndProxy.close(PeerProxyMap.java:70)
	at org.apache.ratis.util.PeerProxyMap.resetProxy(PeerProxyMap.java:127)
	at org.apache.ratis.util.PeerProxyMap.handleException(PeerProxyMap.java:136)
	at org.apache.ratis.client.impl.RaftClientRpcWithProxy.handleException(RaftClientRpcWithProxy.java:47)
	at org.apache.ratis.client.impl.RaftClientImpl.handleIOException(RaftClientImpl.java:372)
	at org.apache.ratis.client.impl.OrderedAsync.lambda$sendRequest$10(OrderedAsync.java:236)
	at java.util.concurrent.CompletableFuture.uniExceptionally(CompletableFuture.java:870)
	at java.util.concurrent.CompletableFuture$UniExceptionally.tryFire(CompletableFuture.java:852)
	at java.util.concurrent.CompletableFuture.postComplete(CompletableFuture.java:474)
	at java.util.concurrent.CompletableFuture.completeExceptionally(CompletableFuture.java:1977)
	at org.apache.ratis.grpc.client.GrpcClientProtocolClient$AsyncStreamObservers.lambda$timeoutCheck$3(GrpcClientProtocolClient.java:324)
	at java.util.Optional.ifPresent(Optional.java:159)
	at org.apache.ratis.grpc.client.GrpcClientProtocolClient$AsyncStreamObservers.handleReplyFuture(GrpcClientProtocolClient.java:329)
	at org.apache.ratis.grpc.client.GrpcClientProtocolClient$AsyncStreamObservers.timeoutCheck(GrpcClientProtocolClient.java:324)
	at org.apache.ratis.grpc.client.GrpcClientProtocolClient$AsyncStreamObservers.lambda$onNext$1(GrpcClientProtocolClient.java:318)
	at org.apache.ratis.util.TimeoutScheduler.lambda$onTimeout$0(TimeoutScheduler.java:113)
	at org.apache.ratis.util.TimeoutScheduler.lambda$onTimeout$1(TimeoutScheduler.java:133)
	at org.apache.ratis.util.LogUtils.runAndLog(LogUtils.java:50)
	at org.apache.ratis.util.LogUtils$1.run(LogUtils.java:91)
	at java.util.concurrent.Executors$RunnableAdapter.call(Executors.java:511)
	at java.util.concurrent.FutureTask.run(FutureTask.java:266)
	at java.util.concurrent.ScheduledThreadPoolExecutor$ScheduledFutureTask.access$201(ScheduledThreadPoolExecutor.java:180)
	at java.util.concurrent.ScheduledThreadPoolExecutor$ScheduledFutureTask.run(ScheduledThreadPoolExecutor.java:293)
	at java.util.concurrent.ThreadPoolExecutor.runWorker(ThreadPoolExecutor.java:1149)
	at java.util.concurrent.ThreadPoolExecutor$Worker.run(ThreadPoolExecutor.java:624)
	at java.lang.Thread.run(Thread.java:748)
2019-10-02 10:20:36,596 [java.util.concurrent.ThreadPoolExecutor$Worker@7cb8997a[State = -1, empty queue]] WARN  util.TimeoutScheduler (LogUtils.java:runAndLog(55)) - Failed to task #0: java.lang.NullPointerException
2019-10-02 10:20:40,637 [java.util.concurrent.ThreadPoolExecutor$Worker@3461e623[State = -1, empty queue]] ERROR client.GrpcClientProtocolClient (GrpcClientProtocolClient.java:close(148)) - Unexpected exception while waiting for channel termination
java.lang.InterruptedException
	at java.util.concurrent.locks.AbstractQueuedSynchronizer.tryAcquireSharedNanos(AbstractQueuedSynchronizer.java:1326)
	at java.util.concurrent.CountDownLatch.await(CountDownLatch.java:277)
	at org.apache.ratis.thirdparty.io.grpc.internal.ManagedChannelImpl.awaitTermination(ManagedChannelImpl.java:763)
	at org.apache.ratis.thirdparty.io.grpc.internal.ForwardingManagedChannel.awaitTermination(ForwardingManagedChannel.java:57)
	at org.apache.ratis.thirdparty.io.grpc.internal.ManagedChannelOrphanWrapper.awaitTermination(ManagedChannelOrphanWrapper.java:70)
	at org.apache.ratis.grpc.client.GrpcClientProtocolClient.close(GrpcClientProtocolClient.java:146)
	at org.apache.ratis.util.PeerProxyMap$PeerAndProxy.lambda$close$1(PeerProxyMap.java:74)
	at org.apache.ratis.util.LifeCycle.lambda$checkStateAndClose$2(LifeCycle.java:231)
	at org.apache.ratis.util.LifeCycle.checkStateAndClose(LifeCycle.java:251)
	at org.apache.ratis.util.LifeCycle.checkStateAndClose(LifeCycle.java:229)
	at org.apache.ratis.util.PeerProxyMap$PeerAndProxy.close(PeerProxyMap.java:70)
	at org.apache.ratis.util.PeerProxyMap.resetProxy(PeerProxyMap.java:127)
	at org.apache.ratis.util.PeerProxyMap.handleException(PeerProxyMap.java:136)
	at org.apache.ratis.client.impl.RaftClientRpcWithProxy.handleException(RaftClientRpcWithProxy.java:47)
	at org.apache.ratis.client.impl.RaftClientImpl.handleIOException(RaftClientImpl.java:372)
	at org.apache.ratis.client.impl.OrderedAsync.lambda$sendRequest$10(OrderedAsync.java:236)
	at java.util.concurrent.CompletableFuture.uniExceptionally(CompletableFuture.java:870)
	at java.util.concurrent.CompletableFuture$UniExceptionally.tryFire(CompletableFuture.java:852)
	at java.util.concurrent.CompletableFuture.postComplete(CompletableFuture.java:474)
	at java.util.concurrent.CompletableFuture.completeExceptionally(CompletableFuture.java:1977)
	at org.apache.ratis.grpc.client.GrpcClientProtocolClient$AsyncStreamObservers.lambda$timeoutCheck$3(GrpcClientProtocolClient.java:324)
	at java.util.Optional.ifPresent(Optional.java:159)
	at org.apache.ratis.grpc.client.GrpcClientProtocolClient$AsyncStreamObservers.handleReplyFuture(GrpcClientProtocolClient.java:329)
	at org.apache.ratis.grpc.client.GrpcClientProtocolClient$AsyncStreamObservers.timeoutCheck(GrpcClientProtocolClient.java:324)
	at org.apache.ratis.grpc.client.GrpcClientProtocolClient$AsyncStreamObservers.lambda$onNext$1(GrpcClientProtocolClient.java:318)
	at org.apache.ratis.util.TimeoutScheduler.lambda$onTimeout$0(TimeoutScheduler.java:113)
	at org.apache.ratis.util.TimeoutScheduler.lambda$onTimeout$1(TimeoutScheduler.java:133)
	at org.apache.ratis.util.LogUtils.runAndLog(LogUtils.java:50)
	at org.apache.ratis.util.LogUtils$1.run(LogUtils.java:91)
	at java.util.concurrent.Executors$RunnableAdapter.call(Executors.java:511)
	at java.util.concurrent.FutureTask.run(FutureTask.java:266)
	at java.util.concurrent.ScheduledThreadPoolExecutor$ScheduledFutureTask.access$201(ScheduledThreadPoolExecutor.java:180)
	at java.util.concurrent.ScheduledThreadPoolExecutor$ScheduledFutureTask.run(ScheduledThreadPoolExecutor.java:293)
	at java.util.concurrent.ThreadPoolExecutor.runWorker(ThreadPoolExecutor.java:1149)
	at java.util.concurrent.ThreadPoolExecutor$Worker.run(ThreadPoolExecutor.java:624)
	at java.lang.Thread.run(Thread.java:748)
2019-10-02 10:20:40,640 [java.util.concurrent.ThreadPoolExecutor$Worker@3461e623[State = -1, empty queue]] WARN  util.TimeoutScheduler (LogUtils.java:runAndLog(55)) - Failed to task #0: java.lang.NullPointerException
2019-10-02 10:20:44,688 [java.util.concurrent.ThreadPoolExecutor$Worker@4f5d00[State = -1, empty queue]] ERROR client.GrpcClientProtocolClient (GrpcClientProtocolClient.java:close(148)) - Unexpected exception while waiting for channel termination
java.lang.InterruptedException
	at java.util.concurrent.locks.AbstractQueuedSynchronizer.tryAcquireSharedNanos(AbstractQueuedSynchronizer.java:1326)
	at java.util.concurrent.CountDownLatch.await(CountDownLatch.java:277)
	at org.apache.ratis.thirdparty.io.grpc.internal.ManagedChannelImpl.awaitTermination(ManagedChannelImpl.java:763)
	at org.apache.ratis.thirdparty.io.grpc.internal.ForwardingManagedChannel.awaitTermination(ForwardingManagedChannel.java:57)
	at org.apache.ratis.thirdparty.io.grpc.internal.ManagedChannelOrphanWrapper.awaitTermination(ManagedChannelOrphanWrapper.java:70)
	at org.apache.ratis.grpc.client.GrpcClientProtocolClient.close(GrpcClientProtocolClient.java:146)
	at org.apache.ratis.util.PeerProxyMap$PeerAndProxy.lambda$close$1(PeerProxyMap.java:74)
	at org.apache.ratis.util.LifeCycle.lambda$checkStateAndClose$2(LifeCycle.java:231)
	at org.apache.ratis.util.LifeCycle.checkStateAndClose(LifeCycle.java:251)
	at org.apache.ratis.util.LifeCycle.checkStateAndClose(LifeCycle.java:229)
	at org.apache.ratis.util.PeerProxyMap$PeerAndProxy.close(PeerProxyMap.java:70)
	at org.apache.ratis.util.PeerProxyMap.resetProxy(PeerProxyMap.java:127)
	at org.apache.ratis.util.PeerProxyMap.handleException(PeerProxyMap.java:136)
	at org.apache.ratis.client.impl.RaftClientRpcWithProxy.handleException(RaftClientRpcWithProxy.java:47)
	at org.apache.ratis.client.impl.RaftClientImpl.handleIOException(RaftClientImpl.java:372)
	at org.apache.ratis.client.impl.OrderedAsync.lambda$sendRequest$10(OrderedAsync.java:236)
	at java.util.concurrent.CompletableFuture.uniExceptionally(CompletableFuture.java:870)
	at java.util.concurrent.CompletableFuture$UniExceptionally.tryFire(CompletableFuture.java:852)
	at java.util.concurrent.CompletableFuture.postComplete(CompletableFuture.java:474)
	at java.util.concurrent.CompletableFuture.completeExceptionally(CompletableFuture.java:1977)
	at org.apache.ratis.grpc.client.GrpcClientProtocolClient$AsyncStreamObservers.lambda$timeoutCheck$3(GrpcClientProtocolClient.java:324)
	at java.util.Optional.ifPresent(Optional.java:159)
	at org.apache.ratis.grpc.client.GrpcClientProtocolClient$AsyncStreamObservers.handleReplyFuture(GrpcClientProtocolClient.java:329)
	at org.apache.ratis.grpc.client.GrpcClientProtocolClient$AsyncStreamObservers.timeoutCheck(GrpcClientProtocolClient.java:324)
	at org.apache.ratis.grpc.client.GrpcClientProtocolClient$AsyncStreamObservers.lambda$onNext$1(GrpcClientProtocolClient.java:318)
	at org.apache.ratis.util.TimeoutScheduler.lambda$onTimeout$0(TimeoutScheduler.java:113)
	at org.apache.ratis.util.TimeoutScheduler.lambda$onTimeout$1(TimeoutScheduler.java:133)
	at org.apache.ratis.util.LogUtils.runAndLog(LogUtils.java:50)
	at org.apache.ratis.util.LogUtils$1.run(LogUtils.java:91)
	at java.util.concurrent.Executors$RunnableAdapter.call(Executors.java:511)
	at java.util.concurrent.FutureTask.run(FutureTask.java:266)
	at java.util.concurrent.ScheduledThreadPoolExecutor$ScheduledFutureTask.access$201(ScheduledThreadPoolExecutor.java:180)
	at java.util.concurrent.ScheduledThreadPoolExecutor$ScheduledFutureTask.run(ScheduledThreadPoolExecutor.java:293)
	at java.util.concurrent.ThreadPoolExecutor.runWorker(ThreadPoolExecutor.java:1149)
	at java.util.concurrent.ThreadPoolExecutor$Worker.run(ThreadPoolExecutor.java:624)
	at java.lang.Thread.run(Thread.java:748)
2019-10-02 10:20:44,689 [java.util.concurrent.ThreadPoolExecutor$Worker@4f5d00[State = -1, empty queue]] WARN  util.TimeoutScheduler (LogUtils.java:runAndLog(55)) - Failed to task #0: java.lang.NullPointerException
2019-10-02 10:20:48,752 [java.util.concurrent.ThreadPoolExecutor$Worker@5ea71291[State = -1, empty queue]] ERROR client.GrpcClientProtocolClient (GrpcClientProtocolClient.java:close(148)) - Unexpected exception while waiting for channel termination
java.lang.InterruptedException
	at java.util.concurrent.locks.AbstractQueuedSynchronizer.tryAcquireSharedNanos(AbstractQueuedSynchronizer.java:1326)
	at java.util.concurrent.CountDownLatch.await(CountDownLatch.java:277)
	at org.apache.ratis.thirdparty.io.grpc.internal.ManagedChannelImpl.awaitTermination(ManagedChannelImpl.java:763)
	at org.apache.ratis.thirdparty.io.grpc.internal.ForwardingManagedChannel.awaitTermination(ForwardingManagedChannel.java:57)
	at org.apache.ratis.thirdparty.io.grpc.internal.ManagedChannelOrphanWrapper.awaitTermination(ManagedChannelOrphanWrapper.java:70)
	at org.apache.ratis.grpc.client.GrpcClientProtocolClient.close(GrpcClientProtocolClient.java:146)
	at org.apache.ratis.util.PeerProxyMap$PeerAndProxy.lambda$close$1(PeerProxyMap.java:74)
	at org.apache.ratis.util.LifeCycle.lambda$checkStateAndClose$2(LifeCycle.java:231)
	at org.apache.ratis.util.LifeCycle.checkStateAndClose(LifeCycle.java:251)
	at org.apache.ratis.util.LifeCycle.checkStateAndClose(LifeCycle.java:229)
	at org.apache.ratis.util.PeerProxyMap$PeerAndProxy.close(PeerProxyMap.java:70)
	at org.apache.ratis.util.PeerProxyMap.resetProxy(PeerProxyMap.java:127)
	at org.apache.ratis.util.PeerProxyMap.handleException(PeerProxyMap.java:136)
	at org.apache.ratis.client.impl.RaftClientRpcWithProxy.handleException(RaftClientRpcWithProxy.java:47)
	at org.apache.ratis.client.impl.RaftClientImpl.handleIOException(RaftClientImpl.java:372)
	at org.apache.ratis.client.impl.OrderedAsync.lambda$sendRequest$10(OrderedAsync.java:236)
	at java.util.concurrent.CompletableFuture.uniExceptionally(CompletableFuture.java:870)
	at java.util.concurrent.CompletableFuture$UniExceptionally.tryFire(CompletableFuture.java:852)
	at java.util.concurrent.CompletableFuture.postComplete(CompletableFuture.java:474)
	at java.util.concurrent.CompletableFuture.completeExceptionally(CompletableFuture.java:1977)
	at org.apache.ratis.grpc.client.GrpcClientProtocolClient$AsyncStreamObservers.lambda$timeoutCheck$3(GrpcClientProtocolClient.java:324)
	at java.util.Optional.ifPresent(Optional.java:159)
	at org.apache.ratis.grpc.client.GrpcClientProtocolClient$AsyncStreamObservers.handleReplyFuture(GrpcClientProtocolClient.java:329)
	at org.apache.ratis.grpc.client.GrpcClientProtocolClient$AsyncStreamObservers.timeoutCheck(GrpcClientProtocolClient.java:324)
	at org.apache.ratis.grpc.client.GrpcClientProtocolClient$AsyncStreamObservers.lambda$onNext$1(GrpcClientProtocolClient.java:318)
	at org.apache.ratis.util.TimeoutScheduler.lambda$onTimeout$0(TimeoutScheduler.java:113)
	at org.apache.ratis.util.TimeoutScheduler.lambda$onTimeout$1(TimeoutScheduler.java:133)
	at org.apache.ratis.util.LogUtils.runAndLog(LogUtils.java:50)
	at org.apache.ratis.util.LogUtils$1.run(LogUtils.java:91)
	at java.util.concurrent.Executors$RunnableAdapter.call(Executors.java:511)
	at java.util.concurrent.FutureTask.run(FutureTask.java:266)
	at java.util.concurrent.ScheduledThreadPoolExecutor$ScheduledFutureTask.access$201(ScheduledThreadPoolExecutor.java:180)
	at java.util.concurrent.ScheduledThreadPoolExecutor$ScheduledFutureTask.run(ScheduledThreadPoolExecutor.java:293)
	at java.util.concurrent.ThreadPoolExecutor.runWorker(ThreadPoolExecutor.java:1149)
	at java.util.concurrent.ThreadPoolExecutor$Worker.run(ThreadPoolExecutor.java:624)
	at java.lang.Thread.run(Thread.java:748)
2019-10-02 10:20:48,756 [java.util.concurrent.ThreadPoolExecutor$Worker@5ea71291[State = -1, empty queue]] WARN  util.TimeoutScheduler (LogUtils.java:runAndLog(55)) - Failed to task #0: java.lang.NullPointerException
2019-10-02 10:20:52,787 [java.util.concurrent.ThreadPoolExecutor$Worker@3a311c0d[State = -1, empty queue]] ERROR client.GrpcClientProtocolClient (GrpcClientProtocolClient.java:close(148)) - Unexpected exception while waiting for channel termination
java.lang.InterruptedException
	at java.util.concurrent.locks.AbstractQueuedSynchronizer.tryAcquireSharedNanos(AbstractQueuedSynchronizer.java:1326)
	at java.util.concurrent.CountDownLatch.await(CountDownLatch.java:277)
	at org.apache.ratis.thirdparty.io.grpc.internal.ManagedChannelImpl.awaitTermination(ManagedChannelImpl.java:763)
	at org.apache.ratis.thirdparty.io.grpc.internal.ForwardingManagedChannel.awaitTermination(ForwardingManagedChannel.java:57)
	at org.apache.ratis.thirdparty.io.grpc.internal.ManagedChannelOrphanWrapper.awaitTermination(ManagedChannelOrphanWrapper.java:70)
	at org.apache.ratis.grpc.client.GrpcClientProtocolClient.close(GrpcClientProtocolClient.java:146)
	at org.apache.ratis.util.PeerProxyMap$PeerAndProxy.lambda$close$1(PeerProxyMap.java:74)
	at org.apache.ratis.util.LifeCycle.lambda$checkStateAndClose$2(LifeCycle.java:231)
	at org.apache.ratis.util.LifeCycle.checkStateAndClose(LifeCycle.java:251)
	at org.apache.ratis.util.LifeCycle.checkStateAndClose(LifeCycle.java:229)
	at org.apache.ratis.util.PeerProxyMap$PeerAndProxy.close(PeerProxyMap.java:70)
	at org.apache.ratis.util.PeerProxyMap.resetProxy(PeerProxyMap.java:127)
	at org.apache.ratis.util.PeerProxyMap.handleException(PeerProxyMap.java:136)
	at org.apache.ratis.client.impl.RaftClientRpcWithProxy.handleException(RaftClientRpcWithProxy.java:47)
	at org.apache.ratis.client.impl.RaftClientImpl.handleIOException(RaftClientImpl.java:372)
	at org.apache.ratis.client.impl.OrderedAsync.lambda$sendRequest$10(OrderedAsync.java:236)
	at java.util.concurrent.CompletableFuture.uniExceptionally(CompletableFuture.java:870)
	at java.util.concurrent.CompletableFuture$UniExceptionally.tryFire(CompletableFuture.java:852)
	at java.util.concurrent.CompletableFuture.postComplete(CompletableFuture.java:474)
	at java.util.concurrent.CompletableFuture.completeExceptionally(CompletableFuture.java:1977)
	at org.apache.ratis.grpc.client.GrpcClientProtocolClient$AsyncStreamObservers.lambda$timeoutCheck$3(GrpcClientProtocolClient.java:324)
	at java.util.Optional.ifPresent(Optional.java:159)
	at org.apache.ratis.grpc.client.GrpcClientProtocolClient$AsyncStreamObservers.handleReplyFuture(GrpcClientProtocolClient.java:329)
	at org.apache.ratis.grpc.client.GrpcClientProtocolClient$AsyncStreamObservers.timeoutCheck(GrpcClientProtocolClient.java:324)
	at org.apache.ratis.grpc.client.GrpcClientProtocolClient$AsyncStreamObservers.lambda$onNext$1(GrpcClientProtocolClient.java:318)
	at org.apache.ratis.util.TimeoutScheduler.lambda$onTimeout$0(TimeoutScheduler.java:113)
	at org.apache.ratis.util.TimeoutScheduler.lambda$onTimeout$1(TimeoutScheduler.java:133)
	at org.apache.ratis.util.LogUtils.runAndLog(LogUtils.java:50)
	at org.apache.ratis.util.LogUtils$1.run(LogUtils.java:91)
	at java.util.concurrent.Executors$RunnableAdapter.call(Executors.java:511)
	at java.util.concurrent.FutureTask.run(FutureTask.java:266)
	at java.util.concurrent.ScheduledThreadPoolExecutor$ScheduledFutureTask.access$201(ScheduledThreadPoolExecutor.java:180)
	at java.util.concurrent.ScheduledThreadPoolExecutor$ScheduledFutureTask.run(ScheduledThreadPoolExecutor.java:293)
	at java.util.concurrent.ThreadPoolExecutor.runWorker(ThreadPoolExecutor.java:1149)
	at java.util.concurrent.ThreadPoolExecutor$Worker.run(ThreadPoolExecutor.java:624)
	at java.lang.Thread.run(Thread.java:748)
2019-10-02 10:20:52,788 [java.util.concurrent.ThreadPoolExecutor$Worker@3a311c0d[State = -1, empty queue]] WARN  util.TimeoutScheduler (LogUtils.java:runAndLog(55)) - Failed to task #0: java.lang.NullPointerException
2019-10-02 10:20:56,826 [java.util.concurrent.ThreadPoolExecutor$Worker@fa2a96b[State = -1, empty queue]] ERROR client.GrpcClientProtocolClient (GrpcClientProtocolClient.java:close(148)) - Unexpected exception while waiting for channel termination
java.lang.InterruptedException
	at java.util.concurrent.locks.AbstractQueuedSynchronizer.tryAcquireSharedNanos(AbstractQueuedSynchronizer.java:1326)
	at java.util.concurrent.CountDownLatch.await(CountDownLatch.java:277)
	at org.apache.ratis.thirdparty.io.grpc.internal.ManagedChannelImpl.awaitTermination(ManagedChannelImpl.java:763)
	at org.apache.ratis.thirdparty.io.grpc.internal.ForwardingManagedChannel.awaitTermination(ForwardingManagedChannel.java:57)
	at org.apache.ratis.thirdparty.io.grpc.internal.ManagedChannelOrphanWrapper.awaitTermination(ManagedChannelOrphanWrapper.java:70)
	at org.apache.ratis.grpc.client.GrpcClientProtocolClient.close(GrpcClientProtocolClient.java:146)
	at org.apache.ratis.util.PeerProxyMap$PeerAndProxy.lambda$close$1(PeerProxyMap.java:74)
	at org.apache.ratis.util.LifeCycle.lambda$checkStateAndClose$2(LifeCycle.java:231)
	at org.apache.ratis.util.LifeCycle.checkStateAndClose(LifeCycle.java:251)
	at org.apache.ratis.util.LifeCycle.checkStateAndClose(LifeCycle.java:229)
	at org.apache.ratis.util.PeerProxyMap$PeerAndProxy.close(PeerProxyMap.java:70)
	at org.apache.ratis.util.PeerProxyMap.resetProxy(PeerProxyMap.java:127)
	at org.apache.ratis.util.PeerProxyMap.handleException(PeerProxyMap.java:136)
	at org.apache.ratis.client.impl.RaftClientRpcWithProxy.handleException(RaftClientRpcWithProxy.java:47)
	at org.apache.ratis.client.impl.RaftClientImpl.handleIOException(RaftClientImpl.java:372)
	at org.apache.ratis.client.impl.OrderedAsync.lambda$sendRequest$10(OrderedAsync.java:236)
	at java.util.concurrent.CompletableFuture.uniExceptionally(CompletableFuture.java:870)
	at java.util.concurrent.CompletableFuture$UniExceptionally.tryFire(CompletableFuture.java:852)
	at java.util.concurrent.CompletableFuture.postComplete(CompletableFuture.java:474)
	at java.util.concurrent.CompletableFuture.completeExceptionally(CompletableFuture.java:1977)
	at org.apache.ratis.grpc.client.GrpcClientProtocolClient$AsyncStreamObservers.lambda$timeoutCheck$3(GrpcClientProtocolClient.java:324)
	at java.util.Optional.ifPresent(Optional.java:159)
	at org.apache.ratis.grpc.client.GrpcClientProtocolClient$AsyncStreamObservers.handleReplyFuture(GrpcClientProtocolClient.java:329)
	at org.apache.ratis.grpc.client.GrpcClientProtocolClient$AsyncStreamObservers.timeoutCheck(GrpcClientProtocolClient.java:324)
	at org.apache.ratis.grpc.client.GrpcClientProtocolClient$AsyncStreamObservers.lambda$onNext$1(GrpcClientProtocolClient.java:318)
	at org.apache.ratis.util.TimeoutScheduler.lambda$onTimeout$0(TimeoutScheduler.java:113)
	at org.apache.ratis.util.TimeoutScheduler.lambda$onTimeout$1(TimeoutScheduler.java:133)
	at org.apache.ratis.util.LogUtils.runAndLog(LogUtils.java:50)
	at org.apache.ratis.util.LogUtils$1.run(LogUtils.java:91)
	at java.util.concurrent.Executors$RunnableAdapter.call(Executors.java:511)
	at java.util.concurrent.FutureTask.run(FutureTask.java:266)
	at java.util.concurrent.ScheduledThreadPoolExecutor$ScheduledFutureTask.access$201(ScheduledThreadPoolExecutor.java:180)
	at java.util.concurrent.ScheduledThreadPoolExecutor$ScheduledFutureTask.run(ScheduledThreadPoolExecutor.java:293)
	at java.util.concurrent.ThreadPoolExecutor.runWorker(ThreadPoolExecutor.java:1149)
	at java.util.concurrent.ThreadPoolExecutor$Worker.run(ThreadPoolExecutor.java:624)
	at java.lang.Thread.run(Thread.java:748)
2019-10-02 10:20:56,827 [java.util.concurrent.ThreadPoolExecutor$Worker@fa2a96b[State = -1, empty queue]] WARN  util.TimeoutScheduler (LogUtils.java:runAndLog(55)) - Failed to task #0: java.lang.NullPointerException
2019-10-02 10:21:00,864 [java.util.concurrent.ThreadPoolExecutor$Worker@3f8f2b79[State = -1, empty queue]] ERROR client.GrpcClientProtocolClient (GrpcClientProtocolClient.java:close(148)) - Unexpected exception while waiting for channel termination
java.lang.InterruptedException
	at java.util.concurrent.locks.AbstractQueuedSynchronizer.tryAcquireSharedNanos(AbstractQueuedSynchronizer.java:1326)
	at java.util.concurrent.CountDownLatch.await(CountDownLatch.java:277)
	at org.apache.ratis.thirdparty.io.grpc.internal.ManagedChannelImpl.awaitTermination(ManagedChannelImpl.java:763)
	at org.apache.ratis.thirdparty.io.grpc.internal.ForwardingManagedChannel.awaitTermination(ForwardingManagedChannel.java:57)
	at org.apache.ratis.thirdparty.io.grpc.internal.ManagedChannelOrphanWrapper.awaitTermination(ManagedChannelOrphanWrapper.java:70)
	at org.apache.ratis.grpc.client.GrpcClientProtocolClient.close(GrpcClientProtocolClient.java:146)
	at org.apache.ratis.util.PeerProxyMap$PeerAndProxy.lambda$close$1(PeerProxyMap.java:74)
	at org.apache.ratis.util.LifeCycle.lambda$checkStateAndClose$2(LifeCycle.java:231)
	at org.apache.ratis.util.LifeCycle.checkStateAndClose(LifeCycle.java:251)
	at org.apache.ratis.util.LifeCycle.checkStateAndClose(LifeCycle.java:229)
	at org.apache.ratis.util.PeerProxyMap$PeerAndProxy.close(PeerProxyMap.java:70)
	at org.apache.ratis.util.PeerProxyMap.resetProxy(PeerProxyMap.java:127)
	at org.apache.ratis.util.PeerProxyMap.handleException(PeerProxyMap.java:136)
	at org.apache.ratis.client.impl.RaftClientRpcWithProxy.handleException(RaftClientRpcWithProxy.java:47)
	at org.apache.ratis.client.impl.RaftClientImpl.handleIOException(RaftClientImpl.java:372)
	at org.apache.ratis.client.impl.OrderedAsync.lambda$sendRequest$10(OrderedAsync.java:236)
	at java.util.concurrent.CompletableFuture.uniExceptionally(CompletableFuture.java:870)
	at java.util.concurrent.CompletableFuture$UniExceptionally.tryFire(CompletableFuture.java:852)
	at java.util.concurrent.CompletableFuture.postComplete(CompletableFuture.java:474)
	at java.util.concurrent.CompletableFuture.completeExceptionally(CompletableFuture.java:1977)
	at org.apache.ratis.grpc.client.GrpcClientProtocolClient$AsyncStreamObservers.lambda$timeoutCheck$3(GrpcClientProtocolClient.java:324)
	at java.util.Optional.ifPresent(Optional.java:159)
	at org.apache.ratis.grpc.client.GrpcClientProtocolClient$AsyncStreamObservers.handleReplyFuture(GrpcClientProtocolClient.java:329)
	at org.apache.ratis.grpc.client.GrpcClientProtocolClient$AsyncStreamObservers.timeoutCheck(GrpcClientProtocolClient.java:324)
	at org.apache.ratis.grpc.client.GrpcClientProtocolClient$AsyncStreamObservers.lambda$onNext$1(GrpcClientProtocolClient.java:318)
	at org.apache.ratis.util.TimeoutScheduler.lambda$onTimeout$0(TimeoutScheduler.java:113)
	at org.apache.ratis.util.TimeoutScheduler.lambda$onTimeout$1(TimeoutScheduler.java:133)
	at org.apache.ratis.util.LogUtils.runAndLog(LogUtils.java:50)
	at org.apache.ratis.util.LogUtils$1.run(LogUtils.java:91)
	at java.util.concurrent.Executors$RunnableAdapter.call(Executors.java:511)
	at java.util.concurrent.FutureTask.run(FutureTask.java:266)
	at java.util.concurrent.ScheduledThreadPoolExecutor$ScheduledFutureTask.access$201(ScheduledThreadPoolExecutor.java:180)
	at java.util.concurrent.ScheduledThreadPoolExecutor$ScheduledFutureTask.run(ScheduledThreadPoolExecutor.java:293)
	at java.util.concurrent.ThreadPoolExecutor.runWorker(ThreadPoolExecutor.java:1149)
	at java.util.concurrent.ThreadPoolExecutor$Worker.run(ThreadPoolExecutor.java:624)
	at java.lang.Thread.run(Thread.java:748)
2019-10-02 10:21:00,866 [java.util.concurrent.ThreadPoolExecutor$Worker@3f8f2b79[State = -1, empty queue]] WARN  util.TimeoutScheduler (LogUtils.java:runAndLog(55)) - Failed to task #0: java.lang.NullPointerException
2019-10-02 10:21:02,348 [grpc-default-executor-2] INFO  impl.RaftServerProxy (RaftServerProxy.java:addNew(89)) - b70c9021-8da6-41e6-a976-daf4f7fbddb8: addNew group-ACEF7C529229:[cc1fcddd-974e-4515-9faf-cb0b34c0ae51:192.168.151.92:40331, 298c2419-298a-4ac1-a348-589b955770c1:192.168.151.92:40159, b70c9021-8da6-41e6-a976-daf4f7fbddb8:192.168.151.92:38657] returns group-ACEF7C529229:java.util.concurrent.CompletableFuture@4cbd9288[Not completed]
2019-10-02 10:21:02,348 [grpc-default-executor-4] INFO  impl.RaftServerProxy (RaftServerProxy.java:addNew(89)) - 298c2419-298a-4ac1-a348-589b955770c1: addNew group-ACEF7C529229:[cc1fcddd-974e-4515-9faf-cb0b34c0ae51:192.168.151.92:40331, 298c2419-298a-4ac1-a348-589b955770c1:192.168.151.92:40159, b70c9021-8da6-41e6-a976-daf4f7fbddb8:192.168.151.92:38657] returns group-ACEF7C529229:java.util.concurrent.CompletableFuture@4dad2ce0[Not completed]
2019-10-02 10:21:02,348 [grpc-default-executor-7] INFO  impl.RaftServerProxy (RaftServerProxy.java:addNew(89)) - cc1fcddd-974e-4515-9faf-cb0b34c0ae51: addNew group-ACEF7C529229:[cc1fcddd-974e-4515-9faf-cb0b34c0ae51:192.168.151.92:40331, 298c2419-298a-4ac1-a348-589b955770c1:192.168.151.92:40159, b70c9021-8da6-41e6-a976-daf4f7fbddb8:192.168.151.92:38657] returns group-ACEF7C529229:java.util.concurrent.CompletableFuture@534d68ea[Not completed]
2019-10-02 10:21:02,350 [pool-77-thread-1] INFO  impl.RaftServerImpl (RaftServerImpl.java:<init>(95)) - 298c2419-298a-4ac1-a348-589b955770c1: new RaftServerImpl for group-ACEF7C529229:[cc1fcddd-974e-4515-9faf-cb0b34c0ae51:192.168.151.92:40331, 298c2419-298a-4ac1-a348-589b955770c1:192.168.151.92:40159, b70c9021-8da6-41e6-a976-daf4f7fbddb8:192.168.151.92:38657] with ContainerStateMachine:uninitialized
2019-10-02 10:21:02,350 [pool-77-thread-1] INFO  server.RaftServerConfigKeys (ConfUtils.java:logGet(43)) - raft.server.rpc.timeout.min = 5s (custom)
2019-10-02 10:21:02,351 [pool-77-thread-1] INFO  server.RaftServerConfigKeys (ConfUtils.java:logGet(43)) - raft.server.rpc.timeout.max = 5200ms (custom)
2019-10-02 10:21:02,351 [pool-77-thread-1] INFO  server.RaftServerConfigKeys (ConfUtils.java:logGet(43)) - raft.server.rpcslowness.timeout = 120s (custom)
2019-10-02 10:21:02,351 [pool-77-thread-1] INFO  server.RaftServerConfigKeys (ConfUtils.java:logGet(43)) - raft.server.sleep.deviation.threshold = 300 (default)
2019-10-02 10:21:02,351 [pool-77-thread-1] INFO  server.RaftServerConfigKeys (ConfUtils.java:logGet(43)) - raft.server.log.appender.install.snapshot.enabled = false (custom)
2019-10-02 10:21:02,351 [pool-77-thread-1] INFO  impl.RaftServerImpl (ServerState.java:<init>(103)) - 298c2419-298a-4ac1-a348-589b955770c1@group-ACEF7C529229: ConfigurationManager, init=-1: [cc1fcddd-974e-4515-9faf-cb0b34c0ae51:192.168.151.92:40331, 298c2419-298a-4ac1-a348-589b955770c1:192.168.151.92:40159, b70c9021-8da6-41e6-a976-daf4f7fbddb8:192.168.151.92:38657], old=null, confs=<EMPTY_MAP>
2019-10-02 10:21:02,351 [pool-77-thread-1] INFO  server.RaftServerConfigKeys (ConfUtils.java:logGet(43)) - raft.server.storage.dir = [/workdir/hadoop-ozone/integration-test/target/test-dir/MiniOzoneClusterImpl-a60b818f-4dd1-4965-bff3-fb44efcd9a0b/datanode-5/data/ratis] (custom)
2019-10-02 10:21:02,351 [pool-87-thread-1] INFO  impl.RaftServerImpl (RaftServerImpl.java:<init>(95)) - cc1fcddd-974e-4515-9faf-cb0b34c0ae51: new RaftServerImpl for group-ACEF7C529229:[cc1fcddd-974e-4515-9faf-cb0b34c0ae51:192.168.151.92:40331, 298c2419-298a-4ac1-a348-589b955770c1:192.168.151.92:40159, b70c9021-8da6-41e6-a976-daf4f7fbddb8:192.168.151.92:38657] with ContainerStateMachine:uninitialized
2019-10-02 10:21:02,352 [pool-77-thread-1] INFO  server.RaftServerConfigKeys (ConfUtils.java:logGet(43)) - raft.server.log.corruption.policy = EXCEPTION (default)
2019-10-02 10:21:02,352 [pool-87-thread-1] INFO  server.RaftServerConfigKeys (ConfUtils.java:logGet(43)) - raft.server.rpc.timeout.min = 5s (custom)
2019-10-02 10:21:02,352 [pool-77-thread-1] INFO  storage.RaftStorageDirectory (RaftStorageDirectory.java:analyzeStorage(246)) - The storage directory /workdir/hadoop-ozone/integration-test/target/test-dir/MiniOzoneClusterImpl-a60b818f-4dd1-4965-bff3-fb44efcd9a0b/datanode-5/data/ratis/7c101626-31d1-4984-b9b4-acef7c529229 does not exist. Creating ...
2019-10-02 10:21:02,352 [pool-87-thread-1] INFO  server.RaftServerConfigKeys (ConfUtils.java:logGet(43)) - raft.server.rpc.timeout.max = 5200ms (custom)
2019-10-02 10:21:02,352 [pool-87-thread-1] INFO  server.RaftServerConfigKeys (ConfUtils.java:logGet(43)) - raft.server.rpcslowness.timeout = 120s (custom)
2019-10-02 10:21:02,352 [pool-87-thread-1] INFO  server.RaftServerConfigKeys (ConfUtils.java:logGet(43)) - raft.server.sleep.deviation.threshold = 300 (default)
2019-10-02 10:21:02,352 [pool-87-thread-1] INFO  server.RaftServerConfigKeys (ConfUtils.java:logGet(43)) - raft.server.log.appender.install.snapshot.enabled = false (custom)
2019-10-02 10:21:02,352 [pool-47-thread-1] INFO  impl.RaftServerImpl (RaftServerImpl.java:<init>(95)) - b70c9021-8da6-41e6-a976-daf4f7fbddb8: new RaftServerImpl for group-ACEF7C529229:[cc1fcddd-974e-4515-9faf-cb0b34c0ae51:192.168.151.92:40331, 298c2419-298a-4ac1-a348-589b955770c1:192.168.151.92:40159, b70c9021-8da6-41e6-a976-daf4f7fbddb8:192.168.151.92:38657] with ContainerStateMachine:uninitialized
2019-10-02 10:21:02,353 [pool-87-thread-1] INFO  impl.RaftServerImpl (ServerState.java:<init>(103)) - cc1fcddd-974e-4515-9faf-cb0b34c0ae51@group-ACEF7C529229: ConfigurationManager, init=-1: [cc1fcddd-974e-4515-9faf-cb0b34c0ae51:192.168.151.92:40331, 298c2419-298a-4ac1-a348-589b955770c1:192.168.151.92:40159, b70c9021-8da6-41e6-a976-daf4f7fbddb8:192.168.151.92:38657], old=null, confs=<EMPTY_MAP>
2019-10-02 10:21:02,353 [pool-47-thread-1] INFO  server.RaftServerConfigKeys (ConfUtils.java:logGet(43)) - raft.server.rpc.timeout.min = 5s (custom)
2019-10-02 10:21:02,353 [pool-87-thread-1] INFO  server.RaftServerConfigKeys (ConfUtils.java:logGet(43)) - raft.server.storage.dir = [/workdir/hadoop-ozone/integration-test/target/test-dir/MiniOzoneClusterImpl-a60b818f-4dd1-4965-bff3-fb44efcd9a0b/datanode-6/data/ratis] (custom)
2019-10-02 10:21:02,353 [pool-47-thread-1] INFO  server.RaftServerConfigKeys (ConfUtils.java:logGet(43)) - raft.server.rpc.timeout.max = 5200ms (custom)
2019-10-02 10:21:02,353 [pool-47-thread-1] INFO  server.RaftServerConfigKeys (ConfUtils.java:logGet(43)) - raft.server.rpcslowness.timeout = 120s (custom)
2019-10-02 10:21:02,353 [pool-87-thread-1] INFO  server.RaftServerConfigKeys (ConfUtils.java:logGet(43)) - raft.server.log.corruption.policy = EXCEPTION (default)
2019-10-02 10:21:02,353 [pool-47-thread-1] INFO  server.RaftServerConfigKeys (ConfUtils.java:logGet(43)) - raft.server.sleep.deviation.threshold = 300 (default)
2019-10-02 10:21:02,354 [pool-87-thread-1] INFO  storage.RaftStorageDirectory (RaftStorageDirectory.java:analyzeStorage(246)) - The storage directory /workdir/hadoop-ozone/integration-test/target/test-dir/MiniOzoneClusterImpl-a60b818f-4dd1-4965-bff3-fb44efcd9a0b/datanode-6/data/ratis/7c101626-31d1-4984-b9b4-acef7c529229 does not exist. Creating ...
2019-10-02 10:21:02,354 [pool-47-thread-1] INFO  server.RaftServerConfigKeys (ConfUtils.java:logGet(43)) - raft.server.log.appender.install.snapshot.enabled = false (custom)
2019-10-02 10:21:02,354 [pool-47-thread-1] INFO  impl.RaftServerImpl (ServerState.java:<init>(103)) - b70c9021-8da6-41e6-a976-daf4f7fbddb8@group-ACEF7C529229: ConfigurationManager, init=-1: [cc1fcddd-974e-4515-9faf-cb0b34c0ae51:192.168.151.92:40331, 298c2419-298a-4ac1-a348-589b955770c1:192.168.151.92:40159, b70c9021-8da6-41e6-a976-daf4f7fbddb8:192.168.151.92:38657], old=null, confs=<EMPTY_MAP>
2019-10-02 10:21:02,354 [pool-47-thread-1] INFO  server.RaftServerConfigKeys (ConfUtils.java:logGet(43)) - raft.server.storage.dir = [/workdir/hadoop-ozone/integration-test/target/test-dir/MiniOzoneClusterImpl-a60b818f-4dd1-4965-bff3-fb44efcd9a0b/datanode-2/data/ratis] (custom)
2019-10-02 10:21:02,355 [pool-47-thread-1] INFO  server.RaftServerConfigKeys (ConfUtils.java:logGet(43)) - raft.server.log.corruption.policy = EXCEPTION (default)
2019-10-02 10:21:02,355 [pool-47-thread-1] INFO  storage.RaftStorageDirectory (RaftStorageDirectory.java:analyzeStorage(246)) - The storage directory /workdir/hadoop-ozone/integration-test/target/test-dir/MiniOzoneClusterImpl-a60b818f-4dd1-4965-bff3-fb44efcd9a0b/datanode-2/data/ratis/7c101626-31d1-4984-b9b4-acef7c529229 does not exist. Creating ...
2019-10-02 10:21:02,388 [pool-47-thread-1] INFO  storage.RaftStorageDirectory (RaftStorageDirectory.java:tryLock(328)) - Lock on /workdir/hadoop-ozone/integration-test/target/test-dir/MiniOzoneClusterImpl-a60b818f-4dd1-4965-bff3-fb44efcd9a0b/datanode-2/data/ratis/7c101626-31d1-4984-b9b4-acef7c529229/in_use.lock acquired by nodename 31904@pr-trunk-gg4kw-413187789
2019-10-02 10:21:02,388 [pool-87-thread-1] INFO  storage.RaftStorageDirectory (RaftStorageDirectory.java:tryLock(328)) - Lock on /workdir/hadoop-ozone/integration-test/target/test-dir/MiniOzoneClusterImpl-a60b818f-4dd1-4965-bff3-fb44efcd9a0b/datanode-6/data/ratis/7c101626-31d1-4984-b9b4-acef7c529229/in_use.lock acquired by nodename 31904@pr-trunk-gg4kw-413187789
2019-10-02 10:21:02,388 [pool-77-thread-1] INFO  storage.RaftStorageDirectory (RaftStorageDirectory.java:tryLock(328)) - Lock on /workdir/hadoop-ozone/integration-test/target/test-dir/MiniOzoneClusterImpl-a60b818f-4dd1-4965-bff3-fb44efcd9a0b/datanode-5/data/ratis/7c101626-31d1-4984-b9b4-acef7c529229/in_use.lock acquired by nodename 31904@pr-trunk-gg4kw-413187789
2019-10-02 10:21:02,415 [pool-77-thread-1] INFO  storage.RaftStorage (RaftStorage.java:format(84)) - Storage directory /workdir/hadoop-ozone/integration-test/target/test-dir/MiniOzoneClusterImpl-a60b818f-4dd1-4965-bff3-fb44efcd9a0b/datanode-5/data/ratis/7c101626-31d1-4984-b9b4-acef7c529229 has been successfully formatted.
2019-10-02 10:21:02,415 [pool-87-thread-1] INFO  storage.RaftStorage (RaftStorage.java:format(84)) - Storage directory /workdir/hadoop-ozone/integration-test/target/test-dir/MiniOzoneClusterImpl-a60b818f-4dd1-4965-bff3-fb44efcd9a0b/datanode-6/data/ratis/7c101626-31d1-4984-b9b4-acef7c529229 has been successfully formatted.
2019-10-02 10:21:02,415 [pool-47-thread-1] INFO  storage.RaftStorage (RaftStorage.java:format(84)) - Storage directory /workdir/hadoop-ozone/integration-test/target/test-dir/MiniOzoneClusterImpl-a60b818f-4dd1-4965-bff3-fb44efcd9a0b/datanode-2/data/ratis/7c101626-31d1-4984-b9b4-acef7c529229 has been successfully formatted.
2019-10-02 10:21:02,416 [pool-77-thread-1] INFO  ratis.ContainerStateMachine (ContainerStateMachine.java:loadSnapshot(231)) - group-ACEF7C529229: The snapshot info is null. Setting the last applied indexto:(t:0, i:~)
2019-10-02 10:21:02,416 [pool-47-thread-1] INFO  ratis.ContainerStateMachine (ContainerStateMachine.java:loadSnapshot(231)) - group-ACEF7C529229: The snapshot info is null. Setting the last applied indexto:(t:0, i:~)
2019-10-02 10:21:02,416 [pool-87-thread-1] INFO  ratis.ContainerStateMachine (ContainerStateMachine.java:loadSnapshot(231)) - group-ACEF7C529229: The snapshot info is null. Setting the last applied indexto:(t:0, i:~)
2019-10-02 10:21:02,416 [pool-47-thread-1] INFO  server.RaftServerConfigKeys (ConfUtils.java:logGet(43)) - raft.server.notification.no-leader.timeout = 120s (custom)
2019-10-02 10:21:02,416 [pool-77-thread-1] INFO  server.RaftServerConfigKeys (ConfUtils.java:logGet(43)) - raft.server.notification.no-leader.timeout = 120s (custom)
2019-10-02 10:21:02,416 [pool-47-thread-1] INFO  server.RaftServerConfigKeys (ConfUtils.java:logGet(43)) - raft.server.log.use.memory = false (default)
2019-10-02 10:21:02,416 [pool-87-thread-1] INFO  server.RaftServerConfigKeys (ConfUtils.java:logGet(43)) - raft.server.notification.no-leader.timeout = 120s (custom)
2019-10-02 10:21:02,417 [pool-47-thread-1] INFO  server.RaftServerConfigKeys (ConfUtils.java:logGet(43)) - raft.server.log.purge.gap = 1000000 (custom)
2019-10-02 10:21:02,416 [pool-77-thread-1] INFO  server.RaftServerConfigKeys (ConfUtils.java:logGet(43)) - raft.server.log.use.memory = false (default)
2019-10-02 10:21:02,417 [pool-47-thread-1] INFO  server.RaftServerConfigKeys (ConfUtils.java:logGet(43)) - raft.server.log.appender.buffer.byte-limit = 33554432 (custom)
2019-10-02 10:21:02,417 [pool-87-thread-1] INFO  server.RaftServerConfigKeys (ConfUtils.java:logGet(43)) - raft.server.log.use.memory = false (default)
2019-10-02 10:21:02,417 [pool-47-thread-1] INFO  server.RaftServerConfigKeys (ConfUtils.java:logGet(43)) - raft.server.log.segment.size.max = 1048576 (custom)
2019-10-02 10:21:02,417 [pool-77-thread-1] INFO  server.RaftServerConfigKeys (ConfUtils.java:logGet(43)) - raft.server.log.purge.gap = 1000000 (custom)
2019-10-02 10:21:02,418 [pool-47-thread-1] INFO  server.RaftServerConfigKeys (ConfUtils.java:logGet(43)) - raft.server.log.segment.cache.num.max = 2 (custom)
2019-10-02 10:21:02,417 [pool-87-thread-1] INFO  server.RaftServerConfigKeys (ConfUtils.java:logGet(43)) - raft.server.log.purge.gap = 1000000 (custom)
2019-10-02 10:21:02,418 [pool-47-thread-1] INFO  segmented.SegmentedRaftLogWorker (SegmentedRaftLogWorker.java:<init>(173)) - new b70c9021-8da6-41e6-a976-daf4f7fbddb8@group-ACEF7C529229-SegmentedRaftLogWorker for RaftStorage:Storage Directory /workdir/hadoop-ozone/integration-test/target/test-dir/MiniOzoneClusterImpl-a60b818f-4dd1-4965-bff3-fb44efcd9a0b/datanode-2/data/ratis/7c101626-31d1-4984-b9b4-acef7c529229
2019-10-02 10:21:02,418 [pool-47-thread-1] INFO  server.RaftServerConfigKeys (ConfUtils.java:logGet(43)) - raft.server.log.queue.byte-limit = 2147483647 (custom)
2019-10-02 10:21:02,418 [pool-77-thread-1] INFO  server.RaftServerConfigKeys (ConfUtils.java:logGet(43)) - raft.server.log.appender.buffer.byte-limit = 33554432 (custom)
2019-10-02 10:21:02,418 [pool-47-thread-1] INFO  server.RaftServerConfigKeys (ConfUtils.java:logGet(43)) - raft.server.log.queue.element-limit = 1024 (custom)
2019-10-02 10:21:02,418 [pool-87-thread-1] INFO  server.RaftServerConfigKeys (ConfUtils.java:logGet(43)) - raft.server.log.appender.buffer.byte-limit = 33554432 (custom)
2019-10-02 10:21:02,419 [pool-47-thread-1] INFO  server.RaftServerConfigKeys (ConfUtils.java:logGet(43)) - raft.server.log.segment.size.max = 1048576 (custom)
2019-10-02 10:21:02,418 [pool-77-thread-1] INFO  server.RaftServerConfigKeys (ConfUtils.java:logGet(43)) - raft.server.log.segment.size.max = 1048576 (custom)
2019-10-02 10:21:02,419 [pool-47-thread-1] INFO  server.RaftServerConfigKeys (ConfUtils.java:logGet(43)) - raft.server.log.preallocated.size = 16384 (custom)
2019-10-02 10:21:02,419 [pool-87-thread-1] INFO  server.RaftServerConfigKeys (ConfUtils.java:logGet(43)) - raft.server.log.segment.size.max = 1048576 (custom)
2019-10-02 10:21:02,419 [pool-47-thread-1] INFO  server.RaftServerConfigKeys (ConfUtils.java:logGet(43)) - raft.server.log.write.buffer.size = 33554432 (custom)
2019-10-02 10:21:02,420 [pool-47-thread-1] INFO  server.RaftServerConfigKeys (ConfUtils.java:logGet(43)) - raft.server.log.force.sync.num = 128 (default)
2019-10-02 10:21:02,419 [pool-77-thread-1] INFO  server.RaftServerConfigKeys (ConfUtils.java:logGet(43)) - raft.server.log.segment.cache.num.max = 2 (custom)
2019-10-02 10:21:02,420 [pool-47-thread-1] INFO  server.RaftServerConfigKeys (ConfUtils.java:logGet(43)) - raft.server.log.statemachine.data.sync = true (default)
2019-10-02 10:21:02,420 [pool-87-thread-1] INFO  server.RaftServerConfigKeys (ConfUtils.java:logGet(43)) - raft.server.log.segment.cache.num.max = 2 (custom)
2019-10-02 10:21:02,420 [pool-47-thread-1] INFO  server.RaftServerConfigKeys (ConfUtils.java:logGet(43)) - raft.server.log.statemachine.data.sync.timeout = 10s (default)
2019-10-02 10:21:02,420 [pool-47-thread-1] INFO  server.RaftServerConfigKeys (ConfUtils.java:logGet(43)) - raft.server.log.statemachine.data.sync.timeout.retry = -1 (default)
2019-10-02 10:21:02,420 [pool-77-thread-1] INFO  segmented.SegmentedRaftLogWorker (SegmentedRaftLogWorker.java:<init>(173)) - new 298c2419-298a-4ac1-a348-589b955770c1@group-ACEF7C529229-SegmentedRaftLogWorker for RaftStorage:Storage Directory /workdir/hadoop-ozone/integration-test/target/test-dir/MiniOzoneClusterImpl-a60b818f-4dd1-4965-bff3-fb44efcd9a0b/datanode-5/data/ratis/7c101626-31d1-4984-b9b4-acef7c529229
2019-10-02 10:21:02,421 [pool-47-thread-1] INFO  server.RaftServerConfigKeys (ConfUtils.java:logGet(43)) - raft.server.log.statemachine.data.caching.enabled = true (custom)
2019-10-02 10:21:02,420 [pool-87-thread-1] INFO  segmented.SegmentedRaftLogWorker (SegmentedRaftLogWorker.java:<init>(173)) - new cc1fcddd-974e-4515-9faf-cb0b34c0ae51@group-ACEF7C529229-SegmentedRaftLogWorker for RaftStorage:Storage Directory /workdir/hadoop-ozone/integration-test/target/test-dir/MiniOzoneClusterImpl-a60b818f-4dd1-4965-bff3-fb44efcd9a0b/datanode-6/data/ratis/7c101626-31d1-4984-b9b4-acef7c529229
2019-10-02 10:21:02,421 [pool-47-thread-1] INFO  segmented.SegmentedRaftLogWorker (SegmentedRaftLogWorker.java:lambda$new$0(128)) - b70c9021-8da6-41e6-a976-daf4f7fbddb8@group-ACEF7C529229-SegmentedRaftLogWorker: flushIndex: setUnconditionally 0 -> -1
2019-10-02 10:21:02,421 [pool-77-thread-1] INFO  server.RaftServerConfigKeys (ConfUtils.java:logGet(43)) - raft.server.log.queue.byte-limit = 2147483647 (custom)
2019-10-02 10:21:02,422 [pool-47-thread-1] INFO  server.RaftServerConfigKeys (ConfUtils.java:logGet(43)) - raft.server.snapshot.auto.trigger.enabled = true (custom)
2019-10-02 10:21:02,421 [pool-87-thread-1] INFO  server.RaftServerConfigKeys (ConfUtils.java:logGet(43)) - raft.server.log.queue.byte-limit = 2147483647 (custom)
2019-10-02 10:21:02,422 [pool-47-thread-1] INFO  server.RaftServerConfigKeys (ConfUtils.java:logGet(43)) - raft.server.snapshot.auto.trigger.threshold = 10000 (custom)
2019-10-02 10:21:02,422 [pool-77-thread-1] INFO  server.RaftServerConfigKeys (ConfUtils.java:logGet(43)) - raft.server.log.queue.element-limit = 1024 (custom)
2019-10-02 10:21:02,422 [pool-47-thread-1] INFO  server.RaftServerConfigKeys (ConfUtils.java:logGet(43)) - raft.server.snapshot.retention.file.num = 5 (custom)
2019-10-02 10:21:02,422 [pool-87-thread-1] INFO  server.RaftServerConfigKeys (ConfUtils.java:logGet(43)) - raft.server.log.queue.element-limit = 1024 (custom)
2019-10-02 10:21:02,422 [pool-47-thread-1] INFO  server.RaftServerConfigKeys (ConfUtils.java:logGet(43)) - raft.server.retrycache.expirytime = 600000ms (custom)
2019-10-02 10:21:02,422 [pool-77-thread-1] INFO  server.RaftServerConfigKeys (ConfUtils.java:logGet(43)) - raft.server.log.segment.size.max = 1048576 (custom)
2019-10-02 10:21:02,423 [pool-87-thread-1] INFO  server.RaftServerConfigKeys (ConfUtils.java:logGet(43)) - raft.server.log.segment.size.max = 1048576 (custom)
2019-10-02 10:21:02,423 [pool-77-thread-1] INFO  server.RaftServerConfigKeys (ConfUtils.java:logGet(43)) - raft.server.log.preallocated.size = 16384 (custom)
2019-10-02 10:21:02,423 [pool-87-thread-1] INFO  server.RaftServerConfigKeys (ConfUtils.java:logGet(43)) - raft.server.log.preallocated.size = 16384 (custom)
2019-10-02 10:21:02,423 [pool-77-thread-1] INFO  server.RaftServerConfigKeys (ConfUtils.java:logGet(43)) - raft.server.log.write.buffer.size = 33554432 (custom)
2019-10-02 10:21:02,423 [pool-87-thread-1] INFO  server.RaftServerConfigKeys (ConfUtils.java:logGet(43)) - raft.server.log.write.buffer.size = 33554432 (custom)
2019-10-02 10:21:02,423 [pool-77-thread-1] INFO  server.RaftServerConfigKeys (ConfUtils.java:logGet(43)) - raft.server.log.force.sync.num = 128 (default)
2019-10-02 10:21:02,424 [pool-87-thread-1] INFO  server.RaftServerConfigKeys (ConfUtils.java:logGet(43)) - raft.server.log.force.sync.num = 128 (default)
2019-10-02 10:21:02,424 [pool-77-thread-1] INFO  server.RaftServerConfigKeys (ConfUtils.java:logGet(43)) - raft.server.log.statemachine.data.sync = true (default)
2019-10-02 10:21:02,424 [pool-87-thread-1] INFO  server.RaftServerConfigKeys (ConfUtils.java:logGet(43)) - raft.server.log.statemachine.data.sync = true (default)
2019-10-02 10:21:02,424 [pool-77-thread-1] INFO  server.RaftServerConfigKeys (ConfUtils.java:logGet(43)) - raft.server.log.statemachine.data.sync.timeout = 10s (default)
2019-10-02 10:21:02,424 [pool-87-thread-1] INFO  server.RaftServerConfigKeys (ConfUtils.java:logGet(43)) - raft.server.log.statemachine.data.sync.timeout = 10s (default)
2019-10-02 10:21:02,424 [pool-77-thread-1] INFO  server.RaftServerConfigKeys (ConfUtils.java:logGet(43)) - raft.server.log.statemachine.data.sync.timeout.retry = -1 (default)
2019-10-02 10:21:02,424 [pool-87-thread-1] INFO  server.RaftServerConfigKeys (ConfUtils.java:logGet(43)) - raft.server.log.statemachine.data.sync.timeout.retry = -1 (default)
2019-10-02 10:21:02,425 [pool-77-thread-1] INFO  server.RaftServerConfigKeys (ConfUtils.java:logGet(43)) - raft.server.log.statemachine.data.caching.enabled = true (custom)
2019-10-02 10:21:02,425 [pool-87-thread-1] INFO  server.RaftServerConfigKeys (ConfUtils.java:logGet(43)) - raft.server.log.statemachine.data.caching.enabled = true (custom)
2019-10-02 10:21:02,425 [pool-77-thread-1] INFO  segmented.SegmentedRaftLogWorker (SegmentedRaftLogWorker.java:lambda$new$0(128)) - 298c2419-298a-4ac1-a348-589b955770c1@group-ACEF7C529229-SegmentedRaftLogWorker: flushIndex: setUnconditionally 0 -> -1
2019-10-02 10:21:02,425 [pool-87-thread-1] INFO  segmented.SegmentedRaftLogWorker (SegmentedRaftLogWorker.java:lambda$new$0(128)) - cc1fcddd-974e-4515-9faf-cb0b34c0ae51@group-ACEF7C529229-SegmentedRaftLogWorker: flushIndex: setUnconditionally 0 -> -1
2019-10-02 10:21:02,425 [pool-47-thread-1] INFO  impl.RaftServerImpl (RaftServerImpl.java:start(181)) - b70c9021-8da6-41e6-a976-daf4f7fbddb8@group-ACEF7C529229: start as a follower, conf=-1: [cc1fcddd-974e-4515-9faf-cb0b34c0ae51:192.168.151.92:40331, 298c2419-298a-4ac1-a348-589b955770c1:192.168.151.92:40159, b70c9021-8da6-41e6-a976-daf4f7fbddb8:192.168.151.92:38657], old=null
2019-10-02 10:21:02,425 [pool-77-thread-1] INFO  server.RaftServerConfigKeys (ConfUtils.java:logGet(43)) - raft.server.snapshot.auto.trigger.enabled = true (custom)
2019-10-02 10:21:02,426 [pool-47-thread-1] INFO  impl.RaftServerImpl (RaftServerImpl.java:setRole(170)) - b70c9021-8da6-41e6-a976-daf4f7fbddb8@group-ACEF7C529229: changes role from      null to FOLLOWER at term 0 for startAsFollower
2019-10-02 10:21:02,426 [pool-87-thread-1] INFO  server.RaftServerConfigKeys (ConfUtils.java:logGet(43)) - raft.server.snapshot.auto.trigger.enabled = true (custom)
2019-10-02 10:21:02,426 [pool-47-thread-1] INFO  impl.RoleInfo (RoleInfo.java:updateAndGet(143)) - b70c9021-8da6-41e6-a976-daf4f7fbddb8: start FollowerState
2019-10-02 10:21:02,426 [pool-77-thread-1] INFO  server.RaftServerConfigKeys (ConfUtils.java:logGet(43)) - raft.server.snapshot.auto.trigger.threshold = 10000 (custom)
2019-10-02 10:21:02,426 [pool-87-thread-1] INFO  server.RaftServerConfigKeys (ConfUtils.java:logGet(43)) - raft.server.snapshot.auto.trigger.threshold = 10000 (custom)
2019-10-02 10:21:02,426 [pool-77-thread-1] INFO  server.RaftServerConfigKeys (ConfUtils.java:logGet(43)) - raft.server.snapshot.retention.file.num = 5 (custom)
2019-10-02 10:21:02,426 [pool-47-thread-1] INFO  util.JmxRegister (JmxRegister.java:tryRegister(44)) - Successfully registered JMX Bean with object name Ratis:service=RaftServer,group=group-ACEF7C529229,id=b70c9021-8da6-41e6-a976-daf4f7fbddb8
2019-10-02 10:21:02,426 [pool-87-thread-1] INFO  server.RaftServerConfigKeys (ConfUtils.java:logGet(43)) - raft.server.snapshot.retention.file.num = 5 (custom)
2019-10-02 10:21:02,427 [pool-77-thread-1] INFO  server.RaftServerConfigKeys (ConfUtils.java:logGet(43)) - raft.server.retrycache.expirytime = 600000ms (custom)
2019-10-02 10:21:02,427 [pool-87-thread-1] INFO  server.RaftServerConfigKeys (ConfUtils.java:logGet(43)) - raft.server.retrycache.expirytime = 600000ms (custom)
2019-10-02 10:21:02,431 [pool-77-thread-1] INFO  impl.RaftServerImpl (RaftServerImpl.java:start(181)) - 298c2419-298a-4ac1-a348-589b955770c1@group-ACEF7C529229: start as a follower, conf=-1: [cc1fcddd-974e-4515-9faf-cb0b34c0ae51:192.168.151.92:40331, 298c2419-298a-4ac1-a348-589b955770c1:192.168.151.92:40159, b70c9021-8da6-41e6-a976-daf4f7fbddb8:192.168.151.92:38657], old=null
2019-10-02 10:21:02,431 [pool-77-thread-1] INFO  impl.RaftServerImpl (RaftServerImpl.java:setRole(170)) - 298c2419-298a-4ac1-a348-589b955770c1@group-ACEF7C529229: changes role from      null to FOLLOWER at term 0 for startAsFollower
2019-10-02 10:21:02,431 [pool-77-thread-1] INFO  impl.RoleInfo (RoleInfo.java:updateAndGet(143)) - 298c2419-298a-4ac1-a348-589b955770c1: start FollowerState
2019-10-02 10:21:02,431 [pool-77-thread-1] INFO  util.JmxRegister (JmxRegister.java:tryRegister(44)) - Successfully registered JMX Bean with object name Ratis:service=RaftServer,group=group-ACEF7C529229,id=298c2419-298a-4ac1-a348-589b955770c1
2019-10-02 10:21:02,435 [pool-87-thread-1] INFO  impl.RaftServerImpl (RaftServerImpl.java:start(181)) - cc1fcddd-974e-4515-9faf-cb0b34c0ae51@group-ACEF7C529229: start as a follower, conf=-1: [cc1fcddd-974e-4515-9faf-cb0b34c0ae51:192.168.151.92:40331, 298c2419-298a-4ac1-a348-589b955770c1:192.168.151.92:40159, b70c9021-8da6-41e6-a976-daf4f7fbddb8:192.168.151.92:38657], old=null
2019-10-02 10:21:02,435 [pool-87-thread-1] INFO  impl.RaftServerImpl (RaftServerImpl.java:setRole(170)) - cc1fcddd-974e-4515-9faf-cb0b34c0ae51@group-ACEF7C529229: changes role from      null to FOLLOWER at term 0 for startAsFollower
2019-10-02 10:21:02,435 [pool-87-thread-1] INFO  impl.RoleInfo (RoleInfo.java:updateAndGet(143)) - cc1fcddd-974e-4515-9faf-cb0b34c0ae51: start FollowerState
2019-10-02 10:21:02,435 [pool-87-thread-1] INFO  util.JmxRegister (JmxRegister.java:tryRegister(44)) - Successfully registered JMX Bean with object name Ratis:service=RaftServer,group=group-ACEF7C529229,id=cc1fcddd-974e-4515-9faf-cb0b34c0ae51
2019-10-02 10:21:02,446 [RatisPipelineUtilsThread] INFO  pipeline.PipelineStateManager (PipelineStateManager.java:addPipeline(56)) - Created pipeline Pipeline[ Id: 7c101626-31d1-4984-b9b4-acef7c529229, Nodes: 298c2419-298a-4ac1-a348-589b955770c1{ip: 192.168.151.92, host: pr-trunk-gg4kw-413187789, networkLocation: /default-rack, certSerialId: null}b70c9021-8da6-41e6-a976-daf4f7fbddb8{ip: 192.168.151.92, host: pr-trunk-gg4kw-413187789, networkLocation: /default-rack, certSerialId: null}cc1fcddd-974e-4515-9faf-cb0b34c0ae51{ip: 192.168.151.92, host: pr-trunk-gg4kw-413187789, networkLocation: /default-rack, certSerialId: null}, Type:RATIS, Factor:THREE, State:OPEN]
2019-10-02 10:21:04,909 [java.util.concurrent.ThreadPoolExecutor$Worker@16451646[State = -1, empty queue]] ERROR client.GrpcClientProtocolClient (GrpcClientProtocolClient.java:close(148)) - Unexpected exception while waiting for channel termination
java.lang.InterruptedException
	at java.util.concurrent.locks.AbstractQueuedSynchronizer.tryAcquireSharedNanos(AbstractQueuedSynchronizer.java:1326)
	at java.util.concurrent.CountDownLatch.await(CountDownLatch.java:277)
	at org.apache.ratis.thirdparty.io.grpc.internal.ManagedChannelImpl.awaitTermination(ManagedChannelImpl.java:763)
	at org.apache.ratis.thirdparty.io.grpc.internal.ForwardingManagedChannel.awaitTermination(ForwardingManagedChannel.java:57)
	at org.apache.ratis.thirdparty.io.grpc.internal.ManagedChannelOrphanWrapper.awaitTermination(ManagedChannelOrphanWrapper.java:70)
	at org.apache.ratis.grpc.client.GrpcClientProtocolClient.close(GrpcClientProtocolClient.java:146)
	at org.apache.ratis.util.PeerProxyMap$PeerAndProxy.lambda$close$1(PeerProxyMap.java:74)
	at org.apache.ratis.util.LifeCycle.lambda$checkStateAndClose$2(LifeCycle.java:231)
	at org.apache.ratis.util.LifeCycle.checkStateAndClose(LifeCycle.java:251)
	at org.apache.ratis.util.LifeCycle.checkStateAndClose(LifeCycle.java:229)
	at org.apache.ratis.util.PeerProxyMap$PeerAndProxy.close(PeerProxyMap.java:70)
	at org.apache.ratis.util.PeerProxyMap.resetProxy(PeerProxyMap.java:127)
	at org.apache.ratis.util.PeerProxyMap.handleException(PeerProxyMap.java:136)
	at org.apache.ratis.client.impl.RaftClientRpcWithProxy.handleException(RaftClientRpcWithProxy.java:47)
	at org.apache.ratis.client.impl.RaftClientImpl.handleIOException(RaftClientImpl.java:372)
	at org.apache.ratis.client.impl.OrderedAsync.lambda$sendRequest$10(OrderedAsync.java:236)
	at java.util.concurrent.CompletableFuture.uniExceptionally(CompletableFuture.java:870)
	at java.util.concurrent.CompletableFuture$UniExceptionally.tryFire(CompletableFuture.java:852)
	at java.util.concurrent.CompletableFuture.postComplete(CompletableFuture.java:474)
	at java.util.concurrent.CompletableFuture.completeExceptionally(CompletableFuture.java:1977)
	at org.apache.ratis.grpc.client.GrpcClientProtocolClient$AsyncStreamObservers.lambda$timeoutCheck$3(GrpcClientProtocolClient.java:324)
	at java.util.Optional.ifPresent(Optional.java:159)
	at org.apache.ratis.grpc.client.GrpcClientProtocolClient$AsyncStreamObservers.handleReplyFuture(GrpcClientProtocolClient.java:329)
	at org.apache.ratis.grpc.client.GrpcClientProtocolClient$AsyncStreamObservers.timeoutCheck(GrpcClientProtocolClient.java:324)
	at org.apache.ratis.grpc.client.GrpcClientProtocolClient$AsyncStreamObservers.lambda$onNext$1(GrpcClientProtocolClient.java:318)
	at org.apache.ratis.util.TimeoutScheduler.lambda$onTimeout$0(TimeoutScheduler.java:113)
	at org.apache.ratis.util.TimeoutScheduler.lambda$onTimeout$1(TimeoutScheduler.java:133)
	at org.apache.ratis.util.LogUtils.runAndLog(LogUtils.java:50)
	at org.apache.ratis.util.LogUtils$1.run(LogUtils.java:91)
	at java.util.concurrent.Executors$RunnableAdapter.call(Executors.java:511)
	at java.util.concurrent.FutureTask.run(FutureTask.java:266)
	at java.util.concurrent.ScheduledThreadPoolExecutor$ScheduledFutureTask.access$201(ScheduledThreadPoolExecutor.java:180)
	at java.util.concurrent.ScheduledThreadPoolExecutor$ScheduledFutureTask.run(ScheduledThreadPoolExecutor.java:293)
	at java.util.concurrent.ThreadPoolExecutor.runWorker(ThreadPoolExecutor.java:1149)
	at java.util.concurrent.ThreadPoolExecutor$Worker.run(ThreadPoolExecutor.java:624)
	at java.lang.Thread.run(Thread.java:748)
2019-10-02 10:21:04,910 [java.util.concurrent.ThreadPoolExecutor$Worker@16451646[State = -1, empty queue]] WARN  util.TimeoutScheduler (LogUtils.java:runAndLog(55)) - Failed to task #0: java.lang.NullPointerException
2019-10-02 10:21:07,525 [Thread-666] INFO  impl.FollowerState (FollowerState.java:run(108)) - 298c2419-298a-4ac1-a348-589b955770c1@group-ACEF7C529229-FollowerState: change to CANDIDATE, lastRpcTime:5094ms, electionTimeout:5094ms
2019-10-02 10:21:07,529 [Thread-666] INFO  impl.RoleInfo (RoleInfo.java:shutdownFollowerState(121)) - 298c2419-298a-4ac1-a348-589b955770c1: shutdown FollowerState
2019-10-02 10:21:07,529 [Thread-666] INFO  impl.RaftServerImpl (RaftServerImpl.java:setRole(170)) - 298c2419-298a-4ac1-a348-589b955770c1@group-ACEF7C529229: changes role from  FOLLOWER to CANDIDATE at term 0 for changeToCandidate
2019-10-02 10:21:07,529 [Thread-666] INFO  impl.RoleInfo (RoleInfo.java:updateAndGet(143)) - 298c2419-298a-4ac1-a348-589b955770c1: start LeaderElection
2019-10-02 10:21:07,535 [Thread-667] INFO  impl.FollowerState (FollowerState.java:run(108)) - cc1fcddd-974e-4515-9faf-cb0b34c0ae51@group-ACEF7C529229-FollowerState: change to CANDIDATE, lastRpcTime:5097ms, electionTimeout:5097ms
2019-10-02 10:21:07,535 [Thread-667] INFO  impl.RoleInfo (RoleInfo.java:shutdownFollowerState(121)) - cc1fcddd-974e-4515-9faf-cb0b34c0ae51: shutdown FollowerState
2019-10-02 10:21:07,535 [Thread-667] INFO  impl.RaftServerImpl (RaftServerImpl.java:setRole(170)) - cc1fcddd-974e-4515-9faf-cb0b34c0ae51@group-ACEF7C529229: changes role from  FOLLOWER to CANDIDATE at term 0 for changeToCandidate
2019-10-02 10:21:07,535 [Thread-667] INFO  impl.RoleInfo (RoleInfo.java:updateAndGet(143)) - cc1fcddd-974e-4515-9faf-cb0b34c0ae51: start LeaderElection
2019-10-02 10:21:07,597 [Thread-660] INFO  impl.FollowerState (FollowerState.java:run(108)) - b70c9021-8da6-41e6-a976-daf4f7fbddb8@group-ACEF7C529229-FollowerState: change to CANDIDATE, lastRpcTime:5170ms, electionTimeout:5170ms
2019-10-02 10:21:07,597 [Thread-660] INFO  impl.RoleInfo (RoleInfo.java:shutdownFollowerState(121)) - b70c9021-8da6-41e6-a976-daf4f7fbddb8: shutdown FollowerState
2019-10-02 10:21:07,597 [Thread-660] INFO  impl.RaftServerImpl (RaftServerImpl.java:setRole(170)) - b70c9021-8da6-41e6-a976-daf4f7fbddb8@group-ACEF7C529229: changes role from  FOLLOWER to CANDIDATE at term 0 for changeToCandidate
2019-10-02 10:21:07,597 [Thread-660] INFO  impl.RoleInfo (RoleInfo.java:updateAndGet(143)) - b70c9021-8da6-41e6-a976-daf4f7fbddb8: start LeaderElection
2019-10-02 10:21:07,641 [298c2419-298a-4ac1-a348-589b955770c1@group-ACEF7C529229-LeaderElection15] INFO  impl.LeaderElection (LeaderElection.java:askForVotes(178)) - 298c2419-298a-4ac1-a348-589b955770c1@group-ACEF7C529229-LeaderElection15: begin an election at term 1 for -1: [cc1fcddd-974e-4515-9faf-cb0b34c0ae51:192.168.151.92:40331, 298c2419-298a-4ac1-a348-589b955770c1:192.168.151.92:40159, b70c9021-8da6-41e6-a976-daf4f7fbddb8:192.168.151.92:38657], old=null
2019-10-02 10:21:07,641 [cc1fcddd-974e-4515-9faf-cb0b34c0ae51@group-ACEF7C529229-LeaderElection16] INFO  impl.LeaderElection (LeaderElection.java:askForVotes(178)) - cc1fcddd-974e-4515-9faf-cb0b34c0ae51@group-ACEF7C529229-LeaderElection16: begin an election at term 1 for -1: [cc1fcddd-974e-4515-9faf-cb0b34c0ae51:192.168.151.92:40331, 298c2419-298a-4ac1-a348-589b955770c1:192.168.151.92:40159, b70c9021-8da6-41e6-a976-daf4f7fbddb8:192.168.151.92:38657], old=null
2019-10-02 10:21:07,642 [b70c9021-8da6-41e6-a976-daf4f7fbddb8@group-ACEF7C529229-LeaderElection17] INFO  impl.LeaderElection (LeaderElection.java:askForVotes(178)) - b70c9021-8da6-41e6-a976-daf4f7fbddb8@group-ACEF7C529229-LeaderElection17: begin an election at term 1 for -1: [cc1fcddd-974e-4515-9faf-cb0b34c0ae51:192.168.151.92:40331, 298c2419-298a-4ac1-a348-589b955770c1:192.168.151.92:40159, b70c9021-8da6-41e6-a976-daf4f7fbddb8:192.168.151.92:38657], old=null
2019-10-02 10:21:07,654 [298c2419-298a-4ac1-a348-589b955770c1@group-ACEF7C529229-LeaderElection15] INFO  impl.LeaderElection (LeaderElection.java:logAndReturn(56)) - 298c2419-298a-4ac1-a348-589b955770c1@group-ACEF7C529229-LeaderElection15: Election REJECTED; received 2 response(s) [298c2419-298a-4ac1-a348-589b955770c1<-cc1fcddd-974e-4515-9faf-cb0b34c0ae51#0:FAIL-t1, 298c2419-298a-4ac1-a348-589b955770c1<-b70c9021-8da6-41e6-a976-daf4f7fbddb8#0:FAIL-t1] and 0 exception(s); 298c2419-298a-4ac1-a348-589b955770c1@group-ACEF7C529229:t1, leader=null, voted=298c2419-298a-4ac1-a348-589b955770c1, raftlog=298c2419-298a-4ac1-a348-589b955770c1@group-ACEF7C529229-SegmentedRaftLog:OPENED:c-1,f-1,i0, conf=-1: [cc1fcddd-974e-4515-9faf-cb0b34c0ae51:192.168.151.92:40331, 298c2419-298a-4ac1-a348-589b955770c1:192.168.151.92:40159, b70c9021-8da6-41e6-a976-daf4f7fbddb8:192.168.151.92:38657], old=null
2019-10-02 10:21:07,656 [298c2419-298a-4ac1-a348-589b955770c1@group-ACEF7C529229-LeaderElection15] INFO  impl.RaftServerImpl (RaftServerImpl.java:setRole(170)) - 298c2419-298a-4ac1-a348-589b955770c1@group-ACEF7C529229: changes role from CANDIDATE to FOLLOWER at term 1 for DISCOVERED_A_NEW_TERM
2019-10-02 10:21:07,656 [298c2419-298a-4ac1-a348-589b955770c1@group-ACEF7C529229-LeaderElection15] INFO  impl.RoleInfo (RoleInfo.java:shutdownLeaderElection(134)) - 298c2419-298a-4ac1-a348-589b955770c1: shutdown LeaderElection
2019-10-02 10:21:07,656 [298c2419-298a-4ac1-a348-589b955770c1@group-ACEF7C529229-LeaderElection15] INFO  impl.RoleInfo (RoleInfo.java:updateAndGet(143)) - 298c2419-298a-4ac1-a348-589b955770c1: start FollowerState
2019-10-02 10:21:07,664 [b70c9021-8da6-41e6-a976-daf4f7fbddb8@group-ACEF7C529229-LeaderElection17] INFO  impl.LeaderElection (LeaderElection.java:logAndReturn(56)) - b70c9021-8da6-41e6-a976-daf4f7fbddb8@group-ACEF7C529229-LeaderElection17: Election REJECTED; received 2 response(s) [b70c9021-8da6-41e6-a976-daf4f7fbddb8<-cc1fcddd-974e-4515-9faf-cb0b34c0ae51#0:FAIL-t1, b70c9021-8da6-41e6-a976-daf4f7fbddb8<-298c2419-298a-4ac1-a348-589b955770c1#0:FAIL-t1] and 0 exception(s); b70c9021-8da6-41e6-a976-daf4f7fbddb8@group-ACEF7C529229:t1, leader=null, voted=b70c9021-8da6-41e6-a976-daf4f7fbddb8, raftlog=b70c9021-8da6-41e6-a976-daf4f7fbddb8@group-ACEF7C529229-SegmentedRaftLog:OPENED:c-1,f-1,i0, conf=-1: [cc1fcddd-974e-4515-9faf-cb0b34c0ae51:192.168.151.92:40331, 298c2419-298a-4ac1-a348-589b955770c1:192.168.151.92:40159, b70c9021-8da6-41e6-a976-daf4f7fbddb8:192.168.151.92:38657], old=null
2019-10-02 10:21:07,665 [b70c9021-8da6-41e6-a976-daf4f7fbddb8@group-ACEF7C529229-LeaderElection17] INFO  impl.RaftServerImpl (RaftServerImpl.java:setRole(170)) - b70c9021-8da6-41e6-a976-daf4f7fbddb8@group-ACEF7C529229: changes role from CANDIDATE to FOLLOWER at term 1 for DISCOVERED_A_NEW_TERM
2019-10-02 10:21:07,667 [b70c9021-8da6-41e6-a976-daf4f7fbddb8@group-ACEF7C529229-LeaderElection17] INFO  impl.RoleInfo (RoleInfo.java:shutdownLeaderElection(134)) - b70c9021-8da6-41e6-a976-daf4f7fbddb8: shutdown LeaderElection
2019-10-02 10:21:07,667 [cc1fcddd-974e-4515-9faf-cb0b34c0ae51@group-ACEF7C529229-LeaderElection16] INFO  impl.LeaderElection (LeaderElection.java:logAndReturn(56)) - cc1fcddd-974e-4515-9faf-cb0b34c0ae51@group-ACEF7C529229-LeaderElection16: Election REJECTED; received 2 response(s) [cc1fcddd-974e-4515-9faf-cb0b34c0ae51<-298c2419-298a-4ac1-a348-589b955770c1#0:FAIL-t1, cc1fcddd-974e-4515-9faf-cb0b34c0ae51<-b70c9021-8da6-41e6-a976-daf4f7fbddb8#0:FAIL-t1] and 0 exception(s); cc1fcddd-974e-4515-9faf-cb0b34c0ae51@group-ACEF7C529229:t1, leader=null, voted=cc1fcddd-974e-4515-9faf-cb0b34c0ae51, raftlog=cc1fcddd-974e-4515-9faf-cb0b34c0ae51@group-ACEF7C529229-SegmentedRaftLog:OPENED:c-1,f-1,i0, conf=-1: [cc1fcddd-974e-4515-9faf-cb0b34c0ae51:192.168.151.92:40331, 298c2419-298a-4ac1-a348-589b955770c1:192.168.151.92:40159, b70c9021-8da6-41e6-a976-daf4f7fbddb8:192.168.151.92:38657], old=null
2019-10-02 10:21:07,668 [b70c9021-8da6-41e6-a976-daf4f7fbddb8@group-ACEF7C529229-LeaderElection17] INFO  impl.RoleInfo (RoleInfo.java:updateAndGet(143)) - b70c9021-8da6-41e6-a976-daf4f7fbddb8: start FollowerState
2019-10-02 10:21:07,668 [cc1fcddd-974e-4515-9faf-cb0b34c0ae51@group-ACEF7C529229-LeaderElection16] INFO  impl.RaftServerImpl (RaftServerImpl.java:setRole(170)) - cc1fcddd-974e-4515-9faf-cb0b34c0ae51@group-ACEF7C529229: changes role from CANDIDATE to FOLLOWER at term 1 for DISCOVERED_A_NEW_TERM
2019-10-02 10:21:07,670 [cc1fcddd-974e-4515-9faf-cb0b34c0ae51@group-ACEF7C529229-LeaderElection16] INFO  impl.RoleInfo (RoleInfo.java:shutdownLeaderElection(134)) - cc1fcddd-974e-4515-9faf-cb0b34c0ae51: shutdown LeaderElection
2019-10-02 10:21:07,670 [cc1fcddd-974e-4515-9faf-cb0b34c0ae51@group-ACEF7C529229-LeaderElection16] INFO  impl.RoleInfo (RoleInfo.java:updateAndGet(143)) - cc1fcddd-974e-4515-9faf-cb0b34c0ae51: start FollowerState
2019-10-02 10:21:08,940 [java.util.concurrent.ThreadPoolExecutor$Worker@eee307f[State = -1, empty queue]] ERROR client.GrpcClientProtocolClient (GrpcClientProtocolClient.java:close(148)) - Unexpected exception while waiting for channel termination
java.lang.InterruptedException
	at java.util.concurrent.locks.AbstractQueuedSynchronizer.tryAcquireSharedNanos(AbstractQueuedSynchronizer.java:1326)
	at java.util.concurrent.CountDownLatch.await(CountDownLatch.java:277)
	at org.apache.ratis.thirdparty.io.grpc.internal.ManagedChannelImpl.awaitTermination(ManagedChannelImpl.java:763)
	at org.apache.ratis.thirdparty.io.grpc.internal.ForwardingManagedChannel.awaitTermination(ForwardingManagedChannel.java:57)
	at org.apache.ratis.thirdparty.io.grpc.internal.ManagedChannelOrphanWrapper.awaitTermination(ManagedChannelOrphanWrapper.java:70)
	at org.apache.ratis.grpc.client.GrpcClientProtocolClient.close(GrpcClientProtocolClient.java:146)
	at org.apache.ratis.util.PeerProxyMap$PeerAndProxy.lambda$close$1(PeerProxyMap.java:74)
	at org.apache.ratis.util.LifeCycle.lambda$checkStateAndClose$2(LifeCycle.java:231)
	at org.apache.ratis.util.LifeCycle.checkStateAndClose(LifeCycle.java:251)
	at org.apache.ratis.util.LifeCycle.checkStateAndClose(LifeCycle.java:229)
	at org.apache.ratis.util.PeerProxyMap$PeerAndProxy.close(PeerProxyMap.java:70)
	at org.apache.ratis.util.PeerProxyMap.resetProxy(PeerProxyMap.java:127)
	at org.apache.ratis.util.PeerProxyMap.handleException(PeerProxyMap.java:136)
	at org.apache.ratis.client.impl.RaftClientRpcWithProxy.handleException(RaftClientRpcWithProxy.java:47)
	at org.apache.ratis.client.impl.RaftClientImpl.handleIOException(RaftClientImpl.java:372)
	at org.apache.ratis.client.impl.OrderedAsync.lambda$sendRequest$10(OrderedAsync.java:236)
	at java.util.concurrent.CompletableFuture.uniExceptionally(CompletableFuture.java:870)
	at java.util.concurrent.CompletableFuture$UniExceptionally.tryFire(CompletableFuture.java:852)
	at java.util.concurrent.CompletableFuture.postComplete(CompletableFuture.java:474)
	at java.util.concurrent.CompletableFuture.completeExceptionally(CompletableFuture.java:1977)
	at org.apache.ratis.grpc.client.GrpcClientProtocolClient$AsyncStreamObservers.lambda$timeoutCheck$3(GrpcClientProtocolClient.java:324)
	at java.util.Optional.ifPresent(Optional.java:159)
	at org.apache.ratis.grpc.client.GrpcClientProtocolClient$AsyncStreamObservers.handleReplyFuture(GrpcClientProtocolClient.java:329)
	at org.apache.ratis.grpc.client.GrpcClientProtocolClient$AsyncStreamObservers.timeoutCheck(GrpcClientProtocolClient.java:324)
	at org.apache.ratis.grpc.client.GrpcClientProtocolClient$AsyncStreamObservers.lambda$onNext$1(GrpcClientProtocolClient.java:318)
	at org.apache.ratis.util.TimeoutScheduler.lambda$onTimeout$0(TimeoutScheduler.java:113)
	at org.apache.ratis.util.TimeoutScheduler.lambda$onTimeout$1(TimeoutScheduler.java:133)
	at org.apache.ratis.util.LogUtils.runAndLog(LogUtils.java:50)
	at org.apache.ratis.util.LogUtils$1.run(LogUtils.java:91)
	at java.util.concurrent.Executors$RunnableAdapter.call(Executors.java:511)
	at java.util.concurrent.FutureTask.run(FutureTask.java:266)
	at java.util.concurrent.ScheduledThreadPoolExecutor$ScheduledFutureTask.access$201(ScheduledThreadPoolExecutor.java:180)
	at java.util.concurrent.ScheduledThreadPoolExecutor$ScheduledFutureTask.run(ScheduledThreadPoolExecutor.java:293)
	at java.util.concurrent.ThreadPoolExecutor.runWorker(ThreadPoolExecutor.java:1149)
	at java.util.concurrent.ThreadPoolExecutor$Worker.run(ThreadPoolExecutor.java:624)
	at java.lang.Thread.run(Thread.java:748)
2019-10-02 10:21:08,949 [java.util.concurrent.ThreadPoolExecutor$Worker@eee307f[State = -1, empty queue]] WARN  util.TimeoutScheduler (LogUtils.java:runAndLog(55)) - Failed to task #0: java.lang.NullPointerException
2019-10-02 10:21:12,722 [Thread-691] INFO  impl.FollowerState (FollowerState.java:run(108)) - b70c9021-8da6-41e6-a976-daf4f7fbddb8@group-ACEF7C529229-FollowerState: change to CANDIDATE, lastRpcTime:5055ms, electionTimeout:5052ms
2019-10-02 10:21:12,722 [Thread-691] INFO  impl.RoleInfo (RoleInfo.java:shutdownFollowerState(121)) - b70c9021-8da6-41e6-a976-daf4f7fbddb8: shutdown FollowerState
2019-10-02 10:21:12,723 [Thread-691] INFO  impl.RaftServerImpl (RaftServerImpl.java:setRole(170)) - b70c9021-8da6-41e6-a976-daf4f7fbddb8@group-ACEF7C529229: changes role from  FOLLOWER to CANDIDATE at term 1 for changeToCandidate
2019-10-02 10:21:12,723 [Thread-691] INFO  impl.RoleInfo (RoleInfo.java:updateAndGet(143)) - b70c9021-8da6-41e6-a976-daf4f7fbddb8: start LeaderElection
2019-10-02 10:21:12,840 [Thread-690] INFO  impl.FollowerState (FollowerState.java:run(108)) - 298c2419-298a-4ac1-a348-589b955770c1@group-ACEF7C529229-FollowerState: change to CANDIDATE, lastRpcTime:5183ms, electionTimeout:5180ms
2019-10-02 10:21:12,840 [Thread-690] INFO  impl.RoleInfo (RoleInfo.java:shutdownFollowerState(121)) - 298c2419-298a-4ac1-a348-589b955770c1: shutdown FollowerState
2019-10-02 10:21:12,840 [Thread-690] INFO  impl.RaftServerImpl (RaftServerImpl.java:setRole(170)) - 298c2419-298a-4ac1-a348-589b955770c1@group-ACEF7C529229: changes role from  FOLLOWER to CANDIDATE at term 1 for changeToCandidate
2019-10-02 10:21:12,840 [Thread-690] INFO  impl.RoleInfo (RoleInfo.java:updateAndGet(143)) - 298c2419-298a-4ac1-a348-589b955770c1: start LeaderElection
2019-10-02 10:21:12,843 [Thread-692] INFO  impl.FollowerState (FollowerState.java:run(108)) - cc1fcddd-974e-4515-9faf-cb0b34c0ae51@group-ACEF7C529229-FollowerState: change to CANDIDATE, lastRpcTime:5173ms, electionTimeout:5171ms
2019-10-02 10:21:12,844 [Thread-692] INFO  impl.RoleInfo (RoleInfo.java:shutdownFollowerState(121)) - cc1fcddd-974e-4515-9faf-cb0b34c0ae51: shutdown FollowerState
2019-10-02 10:21:12,844 [Thread-692] INFO  impl.RaftServerImpl (RaftServerImpl.java:setRole(170)) - cc1fcddd-974e-4515-9faf-cb0b34c0ae51@group-ACEF7C529229: changes role from  FOLLOWER to CANDIDATE at term 1 for changeToCandidate
2019-10-02 10:21:12,844 [Thread-692] INFO  impl.RoleInfo (RoleInfo.java:updateAndGet(143)) - cc1fcddd-974e-4515-9faf-cb0b34c0ae51: start LeaderElection
2019-10-02 10:21:12,865 [b70c9021-8da6-41e6-a976-daf4f7fbddb8@group-ACEF7C529229-LeaderElection18] INFO  impl.LeaderElection (LeaderElection.java:askForVotes(178)) - b70c9021-8da6-41e6-a976-daf4f7fbddb8@group-ACEF7C529229-LeaderElection18: begin an election at term 2 for -1: [cc1fcddd-974e-4515-9faf-cb0b34c0ae51:192.168.151.92:40331, 298c2419-298a-4ac1-a348-589b955770c1:192.168.151.92:40159, b70c9021-8da6-41e6-a976-daf4f7fbddb8:192.168.151.92:38657], old=null
2019-10-02 10:21:12,976 [java.util.concurrent.ThreadPoolExecutor$Worker@6c861886[State = -1, empty queue]] ERROR client.GrpcClientProtocolClient (GrpcClientProtocolClient.java:close(148)) - Unexpected exception while waiting for channel termination
java.lang.InterruptedException
	at java.util.concurrent.locks.AbstractQueuedSynchronizer.tryAcquireSharedNanos(AbstractQueuedSynchronizer.java:1326)
	at java.util.concurrent.CountDownLatch.await(CountDownLatch.java:277)
	at org.apache.ratis.thirdparty.io.grpc.internal.ManagedChannelImpl.awaitTermination(ManagedChannelImpl.java:763)
	at org.apache.ratis.thirdparty.io.grpc.internal.ForwardingManagedChannel.awaitTermination(ForwardingManagedChannel.java:57)
	at org.apache.ratis.thirdparty.io.grpc.internal.ManagedChannelOrphanWrapper.awaitTermination(ManagedChannelOrphanWrapper.java:70)
	at org.apache.ratis.grpc.client.GrpcClientProtocolClient.close(GrpcClientProtocolClient.java:146)
	at org.apache.ratis.util.PeerProxyMap$PeerAndProxy.lambda$close$1(PeerProxyMap.java:74)
	at org.apache.ratis.util.LifeCycle.lambda$checkStateAndClose$2(LifeCycle.java:231)
	at org.apache.ratis.util.LifeCycle.checkStateAndClose(LifeCycle.java:251)
	at org.apache.ratis.util.LifeCycle.checkStateAndClose(LifeCycle.java:229)
	at org.apache.ratis.util.PeerProxyMap$PeerAndProxy.close(PeerProxyMap.java:70)
	at org.apache.ratis.util.PeerProxyMap.resetProxy(PeerProxyMap.java:127)
	at org.apache.ratis.util.PeerProxyMap.handleException(PeerProxyMap.java:136)
	at org.apache.ratis.client.impl.RaftClientRpcWithProxy.handleException(RaftClientRpcWithProxy.java:47)
	at org.apache.ratis.client.impl.RaftClientImpl.handleIOException(RaftClientImpl.java:372)
	at org.apache.ratis.client.impl.OrderedAsync.lambda$sendRequest$10(OrderedAsync.java:236)
	at java.util.concurrent.CompletableFuture.uniExceptionally(CompletableFuture.java:870)
	at java.util.concurrent.CompletableFuture$UniExceptionally.tryFire(CompletableFuture.java:852)
	at java.util.concurrent.CompletableFuture.postComplete(CompletableFuture.java:474)
	at java.util.concurrent.CompletableFuture.completeExceptionally(CompletableFuture.java:1977)
	at org.apache.ratis.grpc.client.GrpcClientProtocolClient$AsyncStreamObservers.lambda$timeoutCheck$3(GrpcClientProtocolClient.java:324)
	at java.util.Optional.ifPresent(Optional.java:159)
	at org.apache.ratis.grpc.client.GrpcClientProtocolClient$AsyncStreamObservers.handleReplyFuture(GrpcClientProtocolClient.java:329)
	at org.apache.ratis.grpc.client.GrpcClientProtocolClient$AsyncStreamObservers.timeoutCheck(GrpcClientProtocolClient.java:324)
	at org.apache.ratis.grpc.client.GrpcClientProtocolClient$AsyncStreamObservers.lambda$onNext$1(GrpcClientProtocolClient.java:318)
	at org.apache.ratis.util.TimeoutScheduler.lambda$onTimeout$0(TimeoutScheduler.java:113)
	at org.apache.ratis.util.TimeoutScheduler.lambda$onTimeout$1(TimeoutScheduler.java:133)
	at org.apache.ratis.util.LogUtils.runAndLog(LogUtils.java:50)
	at org.apache.ratis.util.LogUtils$1.run(LogUtils.java:91)
	at java.util.concurrent.Executors$RunnableAdapter.call(Executors.java:511)
	at java.util.concurrent.FutureTask.run(FutureTask.java:266)
	at java.util.concurrent.ScheduledThreadPoolExecutor$ScheduledFutureTask.access$201(ScheduledThreadPoolExecutor.java:180)
	at java.util.concurrent.ScheduledThreadPoolExecutor$ScheduledFutureTask.run(ScheduledThreadPoolExecutor.java:293)
	at java.util.concurrent.ThreadPoolExecutor.runWorker(ThreadPoolExecutor.java:1149)
	at java.util.concurrent.ThreadPoolExecutor$Worker.run(ThreadPoolExecutor.java:624)
	at java.lang.Thread.run(Thread.java:748)
2019-10-02 10:21:12,979 [java.util.concurrent.ThreadPoolExecutor$Worker@6c861886[State = -1, empty queue]] WARN  util.TimeoutScheduler (LogUtils.java:runAndLog(55)) - Failed to task #0: java.lang.NullPointerException
2019-10-02 10:21:12,981 [298c2419-298a-4ac1-a348-589b955770c1@group-ACEF7C529229-LeaderElection19] INFO  impl.LeaderElection (LeaderElection.java:askForVotes(178)) - 298c2419-298a-4ac1-a348-589b955770c1@group-ACEF7C529229-LeaderElection19: begin an election at term 2 for -1: [cc1fcddd-974e-4515-9faf-cb0b34c0ae51:192.168.151.92:40331, 298c2419-298a-4ac1-a348-589b955770c1:192.168.151.92:40159, b70c9021-8da6-41e6-a976-daf4f7fbddb8:192.168.151.92:38657], old=null
2019-10-02 10:21:12,981 [cc1fcddd-974e-4515-9faf-cb0b34c0ae51@group-ACEF7C529229-LeaderElection20] INFO  impl.LeaderElection (LeaderElection.java:askForVotes(178)) - cc1fcddd-974e-4515-9faf-cb0b34c0ae51@group-ACEF7C529229-LeaderElection20: begin an election at term 2 for -1: [cc1fcddd-974e-4515-9faf-cb0b34c0ae51:192.168.151.92:40331, 298c2419-298a-4ac1-a348-589b955770c1:192.168.151.92:40159, b70c9021-8da6-41e6-a976-daf4f7fbddb8:192.168.151.92:38657], old=null
2019-10-02 10:21:12,982 [b70c9021-8da6-41e6-a976-daf4f7fbddb8@group-ACEF7C529229-LeaderElection18] INFO  impl.LeaderElection (LeaderElection.java:logAndReturn(56)) - b70c9021-8da6-41e6-a976-daf4f7fbddb8@group-ACEF7C529229-LeaderElection18: Election REJECTED; received 2 response(s) [b70c9021-8da6-41e6-a976-daf4f7fbddb8<-cc1fcddd-974e-4515-9faf-cb0b34c0ae51#0:FAIL-t2, b70c9021-8da6-41e6-a976-daf4f7fbddb8<-298c2419-298a-4ac1-a348-589b955770c1#0:FAIL-t2] and 0 exception(s); b70c9021-8da6-41e6-a976-daf4f7fbddb8@group-ACEF7C529229:t2, leader=null, voted=b70c9021-8da6-41e6-a976-daf4f7fbddb8, raftlog=b70c9021-8da6-41e6-a976-daf4f7fbddb8@group-ACEF7C529229-SegmentedRaftLog:OPENED:c-1,f-1,i0, conf=-1: [cc1fcddd-974e-4515-9faf-cb0b34c0ae51:192.168.151.92:40331, 298c2419-298a-4ac1-a348-589b955770c1:192.168.151.92:40159, b70c9021-8da6-41e6-a976-daf4f7fbddb8:192.168.151.92:38657], old=null
2019-10-02 10:21:12,982 [b70c9021-8da6-41e6-a976-daf4f7fbddb8@group-ACEF7C529229-LeaderElection18] INFO  impl.RaftServerImpl (RaftServerImpl.java:setRole(170)) - b70c9021-8da6-41e6-a976-daf4f7fbddb8@group-ACEF7C529229: changes role from CANDIDATE to FOLLOWER at term 2 for DISCOVERED_A_NEW_TERM
2019-10-02 10:21:12,982 [b70c9021-8da6-41e6-a976-daf4f7fbddb8@group-ACEF7C529229-LeaderElection18] INFO  impl.RoleInfo (RoleInfo.java:shutdownLeaderElection(134)) - b70c9021-8da6-41e6-a976-daf4f7fbddb8: shutdown LeaderElection
2019-10-02 10:21:12,982 [b70c9021-8da6-41e6-a976-daf4f7fbddb8@group-ACEF7C529229-LeaderElection18] INFO  impl.RoleInfo (RoleInfo.java:updateAndGet(143)) - b70c9021-8da6-41e6-a976-daf4f7fbddb8: start FollowerState
2019-10-02 10:21:12,990 [cc1fcddd-974e-4515-9faf-cb0b34c0ae51@group-ACEF7C529229-LeaderElection20] INFO  impl.LeaderElection (LeaderElection.java:logAndReturn(56)) - cc1fcddd-974e-4515-9faf-cb0b34c0ae51@group-ACEF7C529229-LeaderElection20: Election REJECTED; received 2 response(s) [cc1fcddd-974e-4515-9faf-cb0b34c0ae51<-298c2419-298a-4ac1-a348-589b955770c1#0:FAIL-t2, cc1fcddd-974e-4515-9faf-cb0b34c0ae51<-b70c9021-8da6-41e6-a976-daf4f7fbddb8#0:FAIL-t2] and 0 exception(s); cc1fcddd-974e-4515-9faf-cb0b34c0ae51@group-ACEF7C529229:t2, leader=null, voted=cc1fcddd-974e-4515-9faf-cb0b34c0ae51, raftlog=cc1fcddd-974e-4515-9faf-cb0b34c0ae51@group-ACEF7C529229-SegmentedRaftLog:OPENED:c-1,f-1,i0, conf=-1: [cc1fcddd-974e-4515-9faf-cb0b34c0ae51:192.168.151.92:40331, 298c2419-298a-4ac1-a348-589b955770c1:192.168.151.92:40159, b70c9021-8da6-41e6-a976-daf4f7fbddb8:192.168.151.92:38657], old=null
2019-10-02 10:21:12,996 [cc1fcddd-974e-4515-9faf-cb0b34c0ae51@group-ACEF7C529229-LeaderElection20] INFO  impl.RaftServerImpl (RaftServerImpl.java:setRole(170)) - cc1fcddd-974e-4515-9faf-cb0b34c0ae51@group-ACEF7C529229: changes role from CANDIDATE to FOLLOWER at term 2 for DISCOVERED_A_NEW_TERM
2019-10-02 10:21:12,996 [cc1fcddd-974e-4515-9faf-cb0b34c0ae51@group-ACEF7C529229-LeaderElection20] INFO  impl.RoleInfo (RoleInfo.java:shutdownLeaderElection(134)) - cc1fcddd-974e-4515-9faf-cb0b34c0ae51: shutdown LeaderElection
2019-10-02 10:21:12,996 [cc1fcddd-974e-4515-9faf-cb0b34c0ae51@group-ACEF7C529229-LeaderElection20] INFO  impl.RoleInfo (RoleInfo.java:updateAndGet(143)) - cc1fcddd-974e-4515-9faf-cb0b34c0ae51: start FollowerState
2019-10-02 10:21:12,997 [298c2419-298a-4ac1-a348-589b955770c1@group-ACEF7C529229-LeaderElection19] INFO  impl.LeaderElection (LeaderElection.java:logAndReturn(56)) - 298c2419-298a-4ac1-a348-589b955770c1@group-ACEF7C529229-LeaderElection19: Election REJECTED; received 2 response(s) [298c2419-298a-4ac1-a348-589b955770c1<-cc1fcddd-974e-4515-9faf-cb0b34c0ae51#0:FAIL-t2, 298c2419-298a-4ac1-a348-589b955770c1<-b70c9021-8da6-41e6-a976-daf4f7fbddb8#0:FAIL-t2] and 0 exception(s); 298c2419-298a-4ac1-a348-589b955770c1@group-ACEF7C529229:t2, leader=null, voted=298c2419-298a-4ac1-a348-589b955770c1, raftlog=298c2419-298a-4ac1-a348-589b955770c1@group-ACEF7C529229-SegmentedRaftLog:OPENED:c-1,f-1,i0, conf=-1: [cc1fcddd-974e-4515-9faf-cb0b34c0ae51:192.168.151.92:40331, 298c2419-298a-4ac1-a348-589b955770c1:192.168.151.92:40159, b70c9021-8da6-41e6-a976-daf4f7fbddb8:192.168.151.92:38657], old=null
2019-10-02 10:21:12,999 [298c2419-298a-4ac1-a348-589b955770c1@group-ACEF7C529229-LeaderElection19] INFO  impl.RaftServerImpl (RaftServerImpl.java:setRole(170)) - 298c2419-298a-4ac1-a348-589b955770c1@group-ACEF7C529229: changes role from CANDIDATE to FOLLOWER at term 2 for DISCOVERED_A_NEW_TERM
2019-10-02 10:21:12,999 [298c2419-298a-4ac1-a348-589b955770c1@group-ACEF7C529229-LeaderElection19] INFO  impl.RoleInfo (RoleInfo.java:shutdownLeaderElection(134)) - 298c2419-298a-4ac1-a348-589b955770c1: shutdown LeaderElection
2019-10-02 10:21:12,999 [298c2419-298a-4ac1-a348-589b955770c1@group-ACEF7C529229-LeaderElection19] INFO  impl.RoleInfo (RoleInfo.java:updateAndGet(143)) - 298c2419-298a-4ac1-a348-589b955770c1: start FollowerState
2019-10-02 10:21:17,012 [java.util.concurrent.ThreadPoolExecutor$Worker@9b123f7[State = -1, empty queue]] ERROR client.GrpcClientProtocolClient (GrpcClientProtocolClient.java:close(148)) - Unexpected exception while waiting for channel termination
java.lang.InterruptedException
	at java.util.concurrent.locks.AbstractQueuedSynchronizer.tryAcquireSharedNanos(AbstractQueuedSynchronizer.java:1326)
	at java.util.concurrent.CountDownLatch.await(CountDownLatch.java:277)
	at org.apache.ratis.thirdparty.io.grpc.internal.ManagedChannelImpl.awaitTermination(ManagedChannelImpl.java:763)
	at org.apache.ratis.thirdparty.io.grpc.internal.ForwardingManagedChannel.awaitTermination(ForwardingManagedChannel.java:57)
	at org.apache.ratis.thirdparty.io.grpc.internal.ManagedChannelOrphanWrapper.awaitTermination(ManagedChannelOrphanWrapper.java:70)
	at org.apache.ratis.grpc.client.GrpcClientProtocolClient.close(GrpcClientProtocolClient.java:146)
	at org.apache.ratis.util.PeerProxyMap$PeerAndProxy.lambda$close$1(PeerProxyMap.java:74)
	at org.apache.ratis.util.LifeCycle.lambda$checkStateAndClose$2(LifeCycle.java:231)
	at org.apache.ratis.util.LifeCycle.checkStateAndClose(LifeCycle.java:251)
	at org.apache.ratis.util.LifeCycle.checkStateAndClose(LifeCycle.java:229)
	at org.apache.ratis.util.PeerProxyMap$PeerAndProxy.close(PeerProxyMap.java:70)
	at org.apache.ratis.util.PeerProxyMap.resetProxy(PeerProxyMap.java:127)
	at org.apache.ratis.util.PeerProxyMap.handleException(PeerProxyMap.java:136)
	at org.apache.ratis.client.impl.RaftClientRpcWithProxy.handleException(RaftClientRpcWithProxy.java:47)
	at org.apache.ratis.client.impl.RaftClientImpl.handleIOException(RaftClientImpl.java:372)
	at org.apache.ratis.client.impl.OrderedAsync.lambda$sendRequest$10(OrderedAsync.java:236)
	at java.util.concurrent.CompletableFuture.uniExceptionally(CompletableFuture.java:870)
	at java.util.concurrent.CompletableFuture$UniExceptionally.tryFire(CompletableFuture.java:852)
	at java.util.concurrent.CompletableFuture.postComplete(CompletableFuture.java:474)
	at java.util.concurrent.CompletableFuture.completeExceptionally(CompletableFuture.java:1977)
	at org.apache.ratis.grpc.client.GrpcClientProtocolClient$AsyncStreamObservers.lambda$timeoutCheck$3(GrpcClientProtocolClient.java:324)
	at java.util.Optional.ifPresent(Optional.java:159)
	at org.apache.ratis.grpc.client.GrpcClientProtocolClient$AsyncStreamObservers.handleReplyFuture(GrpcClientProtocolClient.java:329)
	at org.apache.ratis.grpc.client.GrpcClientProtocolClient$AsyncStreamObservers.timeoutCheck(GrpcClientProtocolClient.java:324)
	at org.apache.ratis.grpc.client.GrpcClientProtocolClient$AsyncStreamObservers.lambda$onNext$1(GrpcClientProtocolClient.java:318)
	at org.apache.ratis.util.TimeoutScheduler.lambda$onTimeout$0(TimeoutScheduler.java:113)
	at org.apache.ratis.util.TimeoutScheduler.lambda$onTimeout$1(TimeoutScheduler.java:133)
	at org.apache.ratis.util.LogUtils.runAndLog(LogUtils.java:50)
	at org.apache.ratis.util.LogUtils$1.run(LogUtils.java:91)
	at java.util.concurrent.Executors$RunnableAdapter.call(Executors.java:511)
	at java.util.concurrent.FutureTask.run(FutureTask.java:266)
	at java.util.concurrent.ScheduledThreadPoolExecutor$ScheduledFutureTask.access$201(ScheduledThreadPoolExecutor.java:180)
	at java.util.concurrent.ScheduledThreadPoolExecutor$ScheduledFutureTask.run(ScheduledThreadPoolExecutor.java:293)
	at java.util.concurrent.ThreadPoolExecutor.runWorker(ThreadPoolExecutor.java:1149)
	at java.util.concurrent.ThreadPoolExecutor$Worker.run(ThreadPoolExecutor.java:624)
	at java.lang.Thread.run(Thread.java:748)
2019-10-02 10:21:17,015 [java.util.concurrent.ThreadPoolExecutor$Worker@9b123f7[State = -1, empty queue]] WARN  util.TimeoutScheduler (LogUtils.java:runAndLog(55)) - Failed to task #0: java.lang.NullPointerException
2019-10-02 10:21:18,011 [Thread-715] INFO  impl.FollowerState (FollowerState.java:run(108)) - b70c9021-8da6-41e6-a976-daf4f7fbddb8@group-ACEF7C529229-FollowerState: change to CANDIDATE, lastRpcTime:5028ms, electionTimeout:5026ms
2019-10-02 10:21:18,011 [Thread-715] INFO  impl.RoleInfo (RoleInfo.java:shutdownFollowerState(121)) - b70c9021-8da6-41e6-a976-daf4f7fbddb8: shutdown FollowerState
2019-10-02 10:21:18,011 [Thread-715] INFO  impl.RaftServerImpl (RaftServerImpl.java:setRole(170)) - b70c9021-8da6-41e6-a976-daf4f7fbddb8@group-ACEF7C529229: changes role from  FOLLOWER to CANDIDATE at term 2 for changeToCandidate
2019-10-02 10:21:18,012 [Thread-715] INFO  impl.RoleInfo (RoleInfo.java:updateAndGet(143)) - b70c9021-8da6-41e6-a976-daf4f7fbddb8: start LeaderElection
2019-10-02 10:21:18,040 [Thread-717] INFO  impl.FollowerState (FollowerState.java:run(108)) - 298c2419-298a-4ac1-a348-589b955770c1@group-ACEF7C529229-FollowerState: change to CANDIDATE, lastRpcTime:5040ms, electionTimeout:5040ms
2019-10-02 10:21:18,040 [Thread-717] INFO  impl.RoleInfo (RoleInfo.java:shutdownFollowerState(121)) - 298c2419-298a-4ac1-a348-589b955770c1: shutdown FollowerState
2019-10-02 10:21:18,040 [Thread-717] INFO  impl.RaftServerImpl (RaftServerImpl.java:setRole(170)) - 298c2419-298a-4ac1-a348-589b955770c1@group-ACEF7C529229: changes role from  FOLLOWER to CANDIDATE at term 2 for changeToCandidate
2019-10-02 10:21:18,041 [Thread-717] INFO  impl.RoleInfo (RoleInfo.java:updateAndGet(143)) - 298c2419-298a-4ac1-a348-589b955770c1: start LeaderElection
2019-10-02 10:21:18,133 [Thread-716] INFO  impl.FollowerState (FollowerState.java:run(108)) - cc1fcddd-974e-4515-9faf-cb0b34c0ae51@group-ACEF7C529229-FollowerState: change to CANDIDATE, lastRpcTime:5136ms, electionTimeout:5136ms
2019-10-02 10:21:18,133 [Thread-716] INFO  impl.RoleInfo (RoleInfo.java:shutdownFollowerState(121)) - cc1fcddd-974e-4515-9faf-cb0b34c0ae51: shutdown FollowerState
2019-10-02 10:21:18,133 [Thread-716] INFO  impl.RaftServerImpl (RaftServerImpl.java:setRole(170)) - cc1fcddd-974e-4515-9faf-cb0b34c0ae51@group-ACEF7C529229: changes role from  FOLLOWER to CANDIDATE at term 2 for changeToCandidate
2019-10-02 10:21:18,134 [Thread-716] INFO  impl.RoleInfo (RoleInfo.java:updateAndGet(143)) - cc1fcddd-974e-4515-9faf-cb0b34c0ae51: start LeaderElection
2019-10-02 10:21:18,155 [b70c9021-8da6-41e6-a976-daf4f7fbddb8@group-ACEF7C529229-LeaderElection21] INFO  impl.LeaderElection (LeaderElection.java:askForVotes(178)) - b70c9021-8da6-41e6-a976-daf4f7fbddb8@group-ACEF7C529229-LeaderElection21: begin an election at term 3 for -1: [cc1fcddd-974e-4515-9faf-cb0b34c0ae51:192.168.151.92:40331, 298c2419-298a-4ac1-a348-589b955770c1:192.168.151.92:40159, b70c9021-8da6-41e6-a976-daf4f7fbddb8:192.168.151.92:38657], old=null
2019-10-02 10:21:18,169 [cc1fcddd-974e-4515-9faf-cb0b34c0ae51@group-ACEF7C529229-LeaderElection23] INFO  impl.LeaderElection (LeaderElection.java:askForVotes(178)) - cc1fcddd-974e-4515-9faf-cb0b34c0ae51@group-ACEF7C529229-LeaderElection23: begin an election at term 3 for -1: [cc1fcddd-974e-4515-9faf-cb0b34c0ae51:192.168.151.92:40331, 298c2419-298a-4ac1-a348-589b955770c1:192.168.151.92:40159, b70c9021-8da6-41e6-a976-daf4f7fbddb8:192.168.151.92:38657], old=null
2019-10-02 10:21:18,169 [298c2419-298a-4ac1-a348-589b955770c1@group-ACEF7C529229-LeaderElection22] INFO  impl.LeaderElection (LeaderElection.java:askForVotes(178)) - 298c2419-298a-4ac1-a348-589b955770c1@group-ACEF7C529229-LeaderElection22: begin an election at term 3 for -1: [cc1fcddd-974e-4515-9faf-cb0b34c0ae51:192.168.151.92:40331, 298c2419-298a-4ac1-a348-589b955770c1:192.168.151.92:40159, b70c9021-8da6-41e6-a976-daf4f7fbddb8:192.168.151.92:38657], old=null
2019-10-02 10:21:18,170 [b70c9021-8da6-41e6-a976-daf4f7fbddb8@group-ACEF7C529229-LeaderElection21] INFO  impl.LeaderElection (LeaderElection.java:logAndReturn(56)) - b70c9021-8da6-41e6-a976-daf4f7fbddb8@group-ACEF7C529229-LeaderElection21: Election REJECTED; received 2 response(s) [b70c9021-8da6-41e6-a976-daf4f7fbddb8<-cc1fcddd-974e-4515-9faf-cb0b34c0ae51#0:FAIL-t3, b70c9021-8da6-41e6-a976-daf4f7fbddb8<-298c2419-298a-4ac1-a348-589b955770c1#0:FAIL-t3] and 0 exception(s); b70c9021-8da6-41e6-a976-daf4f7fbddb8@group-ACEF7C529229:t3, leader=null, voted=b70c9021-8da6-41e6-a976-daf4f7fbddb8, raftlog=b70c9021-8da6-41e6-a976-daf4f7fbddb8@group-ACEF7C529229-SegmentedRaftLog:OPENED:c-1,f-1,i0, conf=-1: [cc1fcddd-974e-4515-9faf-cb0b34c0ae51:192.168.151.92:40331, 298c2419-298a-4ac1-a348-589b955770c1:192.168.151.92:40159, b70c9021-8da6-41e6-a976-daf4f7fbddb8:192.168.151.92:38657], old=null
2019-10-02 10:21:18,170 [b70c9021-8da6-41e6-a976-daf4f7fbddb8@group-ACEF7C529229-LeaderElection21] INFO  impl.RaftServerImpl (RaftServerImpl.java:setRole(170)) - b70c9021-8da6-41e6-a976-daf4f7fbddb8@group-ACEF7C529229: changes role from CANDIDATE to FOLLOWER at term 3 for DISCOVERED_A_NEW_TERM
2019-10-02 10:21:18,171 [b70c9021-8da6-41e6-a976-daf4f7fbddb8@group-ACEF7C529229-LeaderElection21] INFO  impl.RoleInfo (RoleInfo.java:shutdownLeaderElection(134)) - b70c9021-8da6-41e6-a976-daf4f7fbddb8: shutdown LeaderElection
2019-10-02 10:21:18,171 [b70c9021-8da6-41e6-a976-daf4f7fbddb8@group-ACEF7C529229-LeaderElection21] INFO  impl.RoleInfo (RoleInfo.java:updateAndGet(143)) - b70c9021-8da6-41e6-a976-daf4f7fbddb8: start FollowerState
2019-10-02 10:21:18,180 [cc1fcddd-974e-4515-9faf-cb0b34c0ae51@group-ACEF7C529229-LeaderElection23] INFO  impl.LeaderElection (LeaderElection.java:logAndReturn(56)) - cc1fcddd-974e-4515-9faf-cb0b34c0ae51@group-ACEF7C529229-LeaderElection23: Election REJECTED; received 2 response(s) [cc1fcddd-974e-4515-9faf-cb0b34c0ae51<-b70c9021-8da6-41e6-a976-daf4f7fbddb8#0:FAIL-t3, cc1fcddd-974e-4515-9faf-cb0b34c0ae51<-298c2419-298a-4ac1-a348-589b955770c1#0:FAIL-t3] and 0 exception(s); cc1fcddd-974e-4515-9faf-cb0b34c0ae51@group-ACEF7C529229:t3, leader=null, voted=cc1fcddd-974e-4515-9faf-cb0b34c0ae51, raftlog=cc1fcddd-974e-4515-9faf-cb0b34c0ae51@group-ACEF7C529229-SegmentedRaftLog:OPENED:c-1,f-1,i0, conf=-1: [cc1fcddd-974e-4515-9faf-cb0b34c0ae51:192.168.151.92:40331, 298c2419-298a-4ac1-a348-589b955770c1:192.168.151.92:40159, b70c9021-8da6-41e6-a976-daf4f7fbddb8:192.168.151.92:38657], old=null
2019-10-02 10:21:18,182 [cc1fcddd-974e-4515-9faf-cb0b34c0ae51@group-ACEF7C529229-LeaderElection23] INFO  impl.RaftServerImpl (RaftServerImpl.java:setRole(170)) - cc1fcddd-974e-4515-9faf-cb0b34c0ae51@group-ACEF7C529229: changes role from CANDIDATE to FOLLOWER at term 3 for DISCOVERED_A_NEW_TERM
2019-10-02 10:21:18,182 [cc1fcddd-974e-4515-9faf-cb0b34c0ae51@group-ACEF7C529229-LeaderElection23] INFO  impl.RoleInfo (RoleInfo.java:shutdownLeaderElection(134)) - cc1fcddd-974e-4515-9faf-cb0b34c0ae51: shutdown LeaderElection
2019-10-02 10:21:18,182 [cc1fcddd-974e-4515-9faf-cb0b34c0ae51@group-ACEF7C529229-LeaderElection23] INFO  impl.RoleInfo (RoleInfo.java:updateAndGet(143)) - cc1fcddd-974e-4515-9faf-cb0b34c0ae51: start FollowerState
2019-10-02 10:21:18,182 [298c2419-298a-4ac1-a348-589b955770c1@group-ACEF7C529229-LeaderElection22] INFO  impl.LeaderElection (LeaderElection.java:logAndReturn(56)) - 298c2419-298a-4ac1-a348-589b955770c1@group-ACEF7C529229-LeaderElection22: Election REJECTED; received 2 response(s) [298c2419-298a-4ac1-a348-589b955770c1<-cc1fcddd-974e-4515-9faf-cb0b34c0ae51#0:FAIL-t3, 298c2419-298a-4ac1-a348-589b955770c1<-b70c9021-8da6-41e6-a976-daf4f7fbddb8#0:FAIL-t3] and 0 exception(s); 298c2419-298a-4ac1-a348-589b955770c1@group-ACEF7C529229:t3, leader=null, voted=298c2419-298a-4ac1-a348-589b955770c1, raftlog=298c2419-298a-4ac1-a348-589b955770c1@group-ACEF7C529229-SegmentedRaftLog:OPENED:c-1,f-1,i0, conf=-1: [cc1fcddd-974e-4515-9faf-cb0b34c0ae51:192.168.151.92:40331, 298c2419-298a-4ac1-a348-589b955770c1:192.168.151.92:40159, b70c9021-8da6-41e6-a976-daf4f7fbddb8:192.168.151.92:38657], old=null
2019-10-02 10:21:18,184 [298c2419-298a-4ac1-a348-589b955770c1@group-ACEF7C529229-LeaderElection22] INFO  impl.RaftServerImpl (RaftServerImpl.java:setRole(170)) - 298c2419-298a-4ac1-a348-589b955770c1@group-ACEF7C529229: changes role from CANDIDATE to FOLLOWER at term 3 for DISCOVERED_A_NEW_TERM
2019-10-02 10:21:18,184 [298c2419-298a-4ac1-a348-589b955770c1@group-ACEF7C529229-LeaderElection22] INFO  impl.RoleInfo (RoleInfo.java:shutdownLeaderElection(134)) - 298c2419-298a-4ac1-a348-589b955770c1: shutdown LeaderElection
2019-10-02 10:21:18,184 [298c2419-298a-4ac1-a348-589b955770c1@group-ACEF7C529229-LeaderElection22] INFO  impl.RoleInfo (RoleInfo.java:updateAndGet(143)) - 298c2419-298a-4ac1-a348-589b955770c1: start FollowerState
2019-10-02 10:21:21,048 [java.util.concurrent.ThreadPoolExecutor$Worker@fa538c4[State = -1, empty queue]] ERROR client.GrpcClientProtocolClient (GrpcClientProtocolClient.java:close(148)) - Unexpected exception while waiting for channel termination
java.lang.InterruptedException
	at java.util.concurrent.locks.AbstractQueuedSynchronizer.tryAcquireSharedNanos(AbstractQueuedSynchronizer.java:1326)
	at java.util.concurrent.CountDownLatch.await(CountDownLatch.java:277)
	at org.apache.ratis.thirdparty.io.grpc.internal.ManagedChannelImpl.awaitTermination(ManagedChannelImpl.java:763)
	at org.apache.ratis.thirdparty.io.grpc.internal.ForwardingManagedChannel.awaitTermination(ForwardingManagedChannel.java:57)
	at org.apache.ratis.thirdparty.io.grpc.internal.ManagedChannelOrphanWrapper.awaitTermination(ManagedChannelOrphanWrapper.java:70)
	at org.apache.ratis.grpc.client.GrpcClientProtocolClient.close(GrpcClientProtocolClient.java:146)
	at org.apache.ratis.util.PeerProxyMap$PeerAndProxy.lambda$close$1(PeerProxyMap.java:74)
	at org.apache.ratis.util.LifeCycle.lambda$checkStateAndClose$2(LifeCycle.java:231)
	at org.apache.ratis.util.LifeCycle.checkStateAndClose(LifeCycle.java:251)
	at org.apache.ratis.util.LifeCycle.checkStateAndClose(LifeCycle.java:229)
	at org.apache.ratis.util.PeerProxyMap$PeerAndProxy.close(PeerProxyMap.java:70)
	at org.apache.ratis.util.PeerProxyMap.resetProxy(PeerProxyMap.java:127)
	at org.apache.ratis.util.PeerProxyMap.handleException(PeerProxyMap.java:136)
	at org.apache.ratis.client.impl.RaftClientRpcWithProxy.handleException(RaftClientRpcWithProxy.java:47)
	at org.apache.ratis.client.impl.RaftClientImpl.handleIOException(RaftClientImpl.java:372)
	at org.apache.ratis.client.impl.OrderedAsync.lambda$sendRequest$10(OrderedAsync.java:236)
	at java.util.concurrent.CompletableFuture.uniExceptionally(CompletableFuture.java:870)
	at java.util.concurrent.CompletableFuture$UniExceptionally.tryFire(CompletableFuture.java:852)
	at java.util.concurrent.CompletableFuture.postComplete(CompletableFuture.java:474)
	at java.util.concurrent.CompletableFuture.completeExceptionally(CompletableFuture.java:1977)
	at org.apache.ratis.grpc.client.GrpcClientProtocolClient$AsyncStreamObservers.lambda$timeoutCheck$3(GrpcClientProtocolClient.java:324)
	at java.util.Optional.ifPresent(Optional.java:159)
	at org.apache.ratis.grpc.client.GrpcClientProtocolClient$AsyncStreamObservers.handleReplyFuture(GrpcClientProtocolClient.java:329)
	at org.apache.ratis.grpc.client.GrpcClientProtocolClient$AsyncStreamObservers.timeoutCheck(GrpcClientProtocolClient.java:324)
	at org.apache.ratis.grpc.client.GrpcClientProtocolClient$AsyncStreamObservers.lambda$onNext$1(GrpcClientProtocolClient.java:318)
	at org.apache.ratis.util.TimeoutScheduler.lambda$onTimeout$0(TimeoutScheduler.java:113)
	at org.apache.ratis.util.TimeoutScheduler.lambda$onTimeout$1(TimeoutScheduler.java:133)
	at org.apache.ratis.util.LogUtils.runAndLog(LogUtils.java:50)
	at org.apache.ratis.util.LogUtils$1.run(LogUtils.java:91)
	at java.util.concurrent.Executors$RunnableAdapter.call(Executors.java:511)
	at java.util.concurrent.FutureTask.run(FutureTask.java:266)
	at java.util.concurrent.ScheduledThreadPoolExecutor$ScheduledFutureTask.access$201(ScheduledThreadPoolExecutor.java:180)
	at java.util.concurrent.ScheduledThreadPoolExecutor$ScheduledFutureTask.run(ScheduledThreadPoolExecutor.java:293)
	at java.util.concurrent.ThreadPoolExecutor.runWorker(ThreadPoolExecutor.java:1149)
	at java.util.concurrent.ThreadPoolExecutor$Worker.run(ThreadPoolExecutor.java:624)
	at java.lang.Thread.run(Thread.java:748)
2019-10-02 10:21:21,050 [java.util.concurrent.ThreadPoolExecutor$Worker@fa538c4[State = -1, empty queue]] WARN  util.TimeoutScheduler (LogUtils.java:runAndLog(55)) - Failed to task #0: java.lang.NullPointerException
2019-10-02 10:21:23,208 [Thread-741] INFO  impl.FollowerState (FollowerState.java:run(108)) - b70c9021-8da6-41e6-a976-daf4f7fbddb8@group-ACEF7C529229-FollowerState: change to CANDIDATE, lastRpcTime:5036ms, electionTimeout:5034ms
2019-10-02 10:21:23,208 [Thread-741] INFO  impl.RoleInfo (RoleInfo.java:shutdownFollowerState(121)) - b70c9021-8da6-41e6-a976-daf4f7fbddb8: shutdown FollowerState
2019-10-02 10:21:23,208 [Thread-741] INFO  impl.RaftServerImpl (RaftServerImpl.java:setRole(170)) - b70c9021-8da6-41e6-a976-daf4f7fbddb8@group-ACEF7C529229: changes role from  FOLLOWER to CANDIDATE at term 3 for changeToCandidate
2019-10-02 10:21:23,209 [Thread-741] INFO  impl.RoleInfo (RoleInfo.java:updateAndGet(143)) - b70c9021-8da6-41e6-a976-daf4f7fbddb8: start LeaderElection
2019-10-02 10:21:23,267 [Thread-743] INFO  impl.FollowerState (FollowerState.java:run(108)) - 298c2419-298a-4ac1-a348-589b955770c1@group-ACEF7C529229-FollowerState: change to CANDIDATE, lastRpcTime:5083ms, electionTimeout:5083ms
2019-10-02 10:21:23,267 [Thread-743] INFO  impl.RoleInfo (RoleInfo.java:shutdownFollowerState(121)) - 298c2419-298a-4ac1-a348-589b955770c1: shutdown FollowerState
2019-10-02 10:21:23,268 [Thread-743] INFO  impl.RaftServerImpl (RaftServerImpl.java:setRole(170)) - 298c2419-298a-4ac1-a348-589b955770c1@group-ACEF7C529229: changes role from  FOLLOWER to CANDIDATE at term 3 for changeToCandidate
2019-10-02 10:21:23,268 [Thread-743] INFO  impl.RoleInfo (RoleInfo.java:updateAndGet(143)) - 298c2419-298a-4ac1-a348-589b955770c1: start LeaderElection
2019-10-02 10:21:23,311 [Thread-742] INFO  impl.FollowerState (FollowerState.java:run(108)) - cc1fcddd-974e-4515-9faf-cb0b34c0ae51@group-ACEF7C529229-FollowerState: change to CANDIDATE, lastRpcTime:5128ms, electionTimeout:5127ms
2019-10-02 10:21:23,311 [Thread-742] INFO  impl.RoleInfo (RoleInfo.java:shutdownFollowerState(121)) - cc1fcddd-974e-4515-9faf-cb0b34c0ae51: shutdown FollowerState
2019-10-02 10:21:23,312 [Thread-742] INFO  impl.RaftServerImpl (RaftServerImpl.java:setRole(170)) - cc1fcddd-974e-4515-9faf-cb0b34c0ae51@group-ACEF7C529229: changes role from  FOLLOWER to CANDIDATE at term 3 for changeToCandidate
2019-10-02 10:21:23,312 [Thread-742] INFO  impl.RoleInfo (RoleInfo.java:updateAndGet(143)) - cc1fcddd-974e-4515-9faf-cb0b34c0ae51: start LeaderElection
2019-10-02 10:21:23,396 [grpc-default-executor-4] INFO  impl.RaftServerProxy (RaftServerProxy.java:remove(95)) - 298c2419-298a-4ac1-a348-589b955770c1: remove    LEADER 298c2419-298a-4ac1-a348-589b955770c1@group-C10DBE81CBFE:t1, leader=298c2419-298a-4ac1-a348-589b955770c1, voted=298c2419-298a-4ac1-a348-589b955770c1, raftlog=298c2419-298a-4ac1-a348-589b955770c1@group-C10DBE81CBFE-SegmentedRaftLog:OPENED:c0,f0,i2, conf=0: [cc1fcddd-974e-4515-9faf-cb0b34c0ae51:192.168.151.92:40331, 298c2419-298a-4ac1-a348-589b955770c1:192.168.151.92:40159, b70c9021-8da6-41e6-a976-daf4f7fbddb8:192.168.151.92:38657], old=null RUNNING
2019-10-02 10:21:23,396 [grpc-default-executor-4] INFO  impl.RaftServerImpl (RaftServerImpl.java:lambda$shutdown$3(247)) - 298c2419-298a-4ac1-a348-589b955770c1@group-C10DBE81CBFE: shutdown
2019-10-02 10:21:23,397 [grpc-default-executor-4] INFO  util.JmxRegister (JmxRegister.java:unregister(73)) - Successfully un-registered JMX Bean with object name Ratis:service=RaftServer,group=group-C10DBE81CBFE,id=298c2419-298a-4ac1-a348-589b955770c1
2019-10-02 10:21:23,397 [grpc-default-executor-4] INFO  impl.RoleInfo (RoleInfo.java:shutdownLeaderState(104)) - 298c2419-298a-4ac1-a348-589b955770c1: shutdown LeaderState
2019-10-02 10:21:23,401 [grpc-default-executor-4] INFO  impl.PendingRequests (PendingRequests.java:sendNotLeaderResponses(202)) - 298c2419-298a-4ac1-a348-589b955770c1@group-C10DBE81CBFE-PendingRequests: sendNotLeaderResponses
2019-10-02 10:21:23,402 [org.apache.ratis.server.impl.LogAppender$AppenderDaemon$$Lambda$688/257982498@27c575c6] WARN  server.GrpcLogAppender (GrpcLogAppender.java:mayWait(143)) - 298c2419-298a-4ac1-a348-589b955770c1@group-C10DBE81CBFE->cc1fcddd-974e-4515-9faf-cb0b34c0ae51-GrpcLogAppender: Wait interrupted by java.lang.InterruptedException
2019-10-02 10:21:23,402 [org.apache.ratis.server.impl.LogAppender$AppenderDaemon$$Lambda$688/257982498@330a6678] WARN  server.GrpcLogAppender (GrpcLogAppender.java:mayWait(143)) - 298c2419-298a-4ac1-a348-589b955770c1@group-C10DBE81CBFE->b70c9021-8da6-41e6-a976-daf4f7fbddb8-GrpcLogAppender: Wait interrupted by java.lang.InterruptedException
2019-10-02 10:21:23,405 [grpc-default-executor-2] INFO  server.GrpcServerProtocolService (GrpcServerProtocolService.java:onCompleted(113)) - b70c9021-8da6-41e6-a976-daf4f7fbddb8: Completed APPEND_ENTRIES, lastRequest: 298c2419-298a-4ac1-a348-589b955770c1->b70c9021-8da6-41e6-a976-daf4f7fbddb8#56-t1, previous=(t:1, i:2), leaderCommit=0, initializing? false, entries: <empty>
2019-10-02 10:21:23,405 [grpc-default-executor-7] INFO  server.GrpcServerProtocolService (GrpcServerProtocolService.java:onCompleted(113)) - cc1fcddd-974e-4515-9faf-cb0b34c0ae51: Completed APPEND_ENTRIES, lastRequest: 298c2419-298a-4ac1-a348-589b955770c1->cc1fcddd-974e-4515-9faf-cb0b34c0ae51#56-t1, previous=(t:1, i:2), leaderCommit=0, initializing? false, entries: <empty>
2019-10-02 10:21:23,409 [grpc-default-executor-7] INFO  server.GrpcLogAppender (GrpcLogAppender.java:onCompleted(293)) - 298c2419-298a-4ac1-a348-589b955770c1@group-C10DBE81CBFE->b70c9021-8da6-41e6-a976-daf4f7fbddb8-AppendLogResponseHandler: follower responses appendEntries COMPLETED
2019-10-02 10:21:23,409 [grpc-default-executor-2] INFO  server.GrpcLogAppender (GrpcLogAppender.java:onCompleted(293)) - 298c2419-298a-4ac1-a348-589b955770c1@group-C10DBE81CBFE->cc1fcddd-974e-4515-9faf-cb0b34c0ae51-AppendLogResponseHandler: follower responses appendEntries COMPLETED
2019-10-02 10:21:23,425 [grpc-default-executor-4] INFO  impl.StateMachineUpdater (StateMachineUpdater.java:stopAndJoin(136)) - 298c2419-298a-4ac1-a348-589b955770c1@group-C10DBE81CBFE-StateMachineUpdater: set stopIndex = 0
2019-10-02 10:21:23,428 [grpc-default-executor-7] INFO  impl.FollowerInfo (FollowerInfo.java:lambda$new$0(51)) - 298c2419-298a-4ac1-a348-589b955770c1@group-C10DBE81CBFE->b70c9021-8da6-41e6-a976-daf4f7fbddb8: nextIndex: updateUnconditionally 3 -> 2
2019-10-02 10:21:23,434 [grpc-default-executor-4] INFO  impl.RaftServerImpl (ServerState.java:close(387)) - 298c2419-298a-4ac1-a348-589b955770c1@group-C10DBE81CBFE: closes. applyIndex: 0
2019-10-02 10:21:23,434 [grpc-default-executor-2] INFO  impl.FollowerInfo (FollowerInfo.java:lambda$new$0(51)) - 298c2419-298a-4ac1-a348-589b955770c1@group-C10DBE81CBFE->cc1fcddd-974e-4515-9faf-cb0b34c0ae51: nextIndex: updateUnconditionally 3 -> 2
2019-10-02 10:21:23,435 [298c2419-298a-4ac1-a348-589b955770c1@group-C10DBE81CBFE-SegmentedRaftLogWorker] INFO  segmented.SegmentedRaftLogWorker (SegmentedRaftLogWorker.java:run(316)) - 298c2419-298a-4ac1-a348-589b955770c1@group-C10DBE81CBFE-SegmentedRaftLogWorker was interrupted, exiting. There are 0 tasks remaining in the queue.
2019-10-02 10:21:23,726 [grpc-default-executor-4] INFO  segmented.SegmentedRaftLogWorker (SegmentedRaftLogWorker.java:close(224)) - 298c2419-298a-4ac1-a348-589b955770c1@group-C10DBE81CBFE-SegmentedRaftLogWorker close()
2019-10-02 10:21:23,744 [grpc-default-executor-4] INFO  impl.RaftServerProxy (RaftServerProxy.java:remove(95)) - b70c9021-8da6-41e6-a976-daf4f7fbddb8: remove  FOLLOWER b70c9021-8da6-41e6-a976-daf4f7fbddb8@group-C10DBE81CBFE:t1, leader=298c2419-298a-4ac1-a348-589b955770c1, voted=298c2419-298a-4ac1-a348-589b955770c1, raftlog=b70c9021-8da6-41e6-a976-daf4f7fbddb8@group-C10DBE81CBFE-SegmentedRaftLog:OPENED:c0,f2,i2, conf=0: [cc1fcddd-974e-4515-9faf-cb0b34c0ae51:192.168.151.92:40331, 298c2419-298a-4ac1-a348-589b955770c1:192.168.151.92:40159, b70c9021-8da6-41e6-a976-daf4f7fbddb8:192.168.151.92:38657], old=null RUNNING
2019-10-02 10:21:23,744 [grpc-default-executor-4] INFO  impl.RaftServerImpl (RaftServerImpl.java:lambda$shutdown$3(247)) - b70c9021-8da6-41e6-a976-daf4f7fbddb8@group-C10DBE81CBFE: shutdown
2019-10-02 10:21:23,744 [grpc-default-executor-4] INFO  util.JmxRegister (JmxRegister.java:unregister(73)) - Successfully un-registered JMX Bean with object name Ratis:service=RaftServer,group=group-C10DBE81CBFE,id=b70c9021-8da6-41e6-a976-daf4f7fbddb8
2019-10-02 10:21:23,744 [grpc-default-executor-4] INFO  impl.RoleInfo (RoleInfo.java:shutdownFollowerState(121)) - b70c9021-8da6-41e6-a976-daf4f7fbddb8: shutdown FollowerState
2019-10-02 10:21:23,745 [grpc-default-executor-4] INFO  impl.StateMachineUpdater (StateMachineUpdater.java:stopAndJoin(136)) - b70c9021-8da6-41e6-a976-daf4f7fbddb8@group-C10DBE81CBFE-StateMachineUpdater: set stopIndex = 0
2019-10-02 10:21:23,745 [Thread-320] INFO  impl.FollowerState (FollowerState.java:run(117)) - b70c9021-8da6-41e6-a976-daf4f7fbddb8@group-C10DBE81CBFE-FollowerState was interrupted: java.lang.InterruptedException: sleep interrupted
2019-10-02 10:21:23,747 [grpc-default-executor-4] INFO  impl.RaftServerImpl (ServerState.java:close(387)) - b70c9021-8da6-41e6-a976-daf4f7fbddb8@group-C10DBE81CBFE: closes. applyIndex: 0
2019-10-02 10:21:23,747 [b70c9021-8da6-41e6-a976-daf4f7fbddb8@group-C10DBE81CBFE-SegmentedRaftLogWorker] INFO  segmented.SegmentedRaftLogWorker (SegmentedRaftLogWorker.java:run(316)) - b70c9021-8da6-41e6-a976-daf4f7fbddb8@group-C10DBE81CBFE-SegmentedRaftLogWorker was interrupted, exiting. There are 0 tasks remaining in the queue.
2019-10-02 10:21:23,749 [grpc-default-executor-4] INFO  segmented.SegmentedRaftLogWorker (SegmentedRaftLogWorker.java:close(224)) - b70c9021-8da6-41e6-a976-daf4f7fbddb8@group-C10DBE81CBFE-SegmentedRaftLogWorker close()
2019-10-02 10:21:23,820 [b70c9021-8da6-41e6-a976-daf4f7fbddb8@group-ACEF7C529229-LeaderElection24] INFO  impl.LeaderElection (LeaderElection.java:askForVotes(178)) - b70c9021-8da6-41e6-a976-daf4f7fbddb8@group-ACEF7C529229-LeaderElection24: begin an election at term 4 for -1: [cc1fcddd-974e-4515-9faf-cb0b34c0ae51:192.168.151.92:40331, 298c2419-298a-4ac1-a348-589b955770c1:192.168.151.92:40159, b70c9021-8da6-41e6-a976-daf4f7fbddb8:192.168.151.92:38657], old=null
2019-10-02 10:21:23,820 [cc1fcddd-974e-4515-9faf-cb0b34c0ae51@group-ACEF7C529229-LeaderElection26] INFO  impl.LeaderElection (LeaderElection.java:askForVotes(178)) - cc1fcddd-974e-4515-9faf-cb0b34c0ae51@group-ACEF7C529229-LeaderElection26: begin an election at term 4 for -1: [cc1fcddd-974e-4515-9faf-cb0b34c0ae51:192.168.151.92:40331, 298c2419-298a-4ac1-a348-589b955770c1:192.168.151.92:40159, b70c9021-8da6-41e6-a976-daf4f7fbddb8:192.168.151.92:38657], old=null
2019-10-02 10:21:23,820 [298c2419-298a-4ac1-a348-589b955770c1@group-ACEF7C529229-LeaderElection25] INFO  impl.LeaderElection (LeaderElection.java:askForVotes(178)) - 298c2419-298a-4ac1-a348-589b955770c1@group-ACEF7C529229-LeaderElection25: begin an election at term 4 for -1: [cc1fcddd-974e-4515-9faf-cb0b34c0ae51:192.168.151.92:40331, 298c2419-298a-4ac1-a348-589b955770c1:192.168.151.92:40159, b70c9021-8da6-41e6-a976-daf4f7fbddb8:192.168.151.92:38657], old=null
2019-10-02 10:21:23,837 [b70c9021-8da6-41e6-a976-daf4f7fbddb8@group-ACEF7C529229-LeaderElection24] INFO  impl.LeaderElection (LeaderElection.java:logAndReturn(56)) - b70c9021-8da6-41e6-a976-daf4f7fbddb8@group-ACEF7C529229-LeaderElection24: Election REJECTED; received 2 response(s) [b70c9021-8da6-41e6-a976-daf4f7fbddb8<-cc1fcddd-974e-4515-9faf-cb0b34c0ae51#0:FAIL-t4, b70c9021-8da6-41e6-a976-daf4f7fbddb8<-298c2419-298a-4ac1-a348-589b955770c1#0:FAIL-t4] and 0 exception(s); b70c9021-8da6-41e6-a976-daf4f7fbddb8@group-ACEF7C529229:t4, leader=null, voted=b70c9021-8da6-41e6-a976-daf4f7fbddb8, raftlog=b70c9021-8da6-41e6-a976-daf4f7fbddb8@group-ACEF7C529229-SegmentedRaftLog:OPENED:c-1,f-1,i0, conf=-1: [cc1fcddd-974e-4515-9faf-cb0b34c0ae51:192.168.151.92:40331, 298c2419-298a-4ac1-a348-589b955770c1:192.168.151.92:40159, b70c9021-8da6-41e6-a976-daf4f7fbddb8:192.168.151.92:38657], old=null
2019-10-02 10:21:23,837 [cc1fcddd-974e-4515-9faf-cb0b34c0ae51@group-ACEF7C529229-LeaderElection26] INFO  impl.LeaderElection (LeaderElection.java:logAndReturn(56)) - cc1fcddd-974e-4515-9faf-cb0b34c0ae51@group-ACEF7C529229-LeaderElection26: Election REJECTED; received 2 response(s) [cc1fcddd-974e-4515-9faf-cb0b34c0ae51<-298c2419-298a-4ac1-a348-589b955770c1#0:FAIL-t4, cc1fcddd-974e-4515-9faf-cb0b34c0ae51<-b70c9021-8da6-41e6-a976-daf4f7fbddb8#0:FAIL-t4] and 0 exception(s); cc1fcddd-974e-4515-9faf-cb0b34c0ae51@group-ACEF7C529229:t4, leader=null, voted=cc1fcddd-974e-4515-9faf-cb0b34c0ae51, raftlog=cc1fcddd-974e-4515-9faf-cb0b34c0ae51@group-ACEF7C529229-SegmentedRaftLog:OPENED:c-1,f-1,i0, conf=-1: [cc1fcddd-974e-4515-9faf-cb0b34c0ae51:192.168.151.92:40331, 298c2419-298a-4ac1-a348-589b955770c1:192.168.151.92:40159, b70c9021-8da6-41e6-a976-daf4f7fbddb8:192.168.151.92:38657], old=null
2019-10-02 10:21:23,837 [b70c9021-8da6-41e6-a976-daf4f7fbddb8@group-ACEF7C529229-LeaderElection24] INFO  impl.RaftServerImpl (RaftServerImpl.java:setRole(170)) - b70c9021-8da6-41e6-a976-daf4f7fbddb8@group-ACEF7C529229: changes role from CANDIDATE to FOLLOWER at term 4 for DISCOVERED_A_NEW_TERM
2019-10-02 10:21:23,840 [b70c9021-8da6-41e6-a976-daf4f7fbddb8@group-ACEF7C529229-LeaderElection24] INFO  impl.RoleInfo (RoleInfo.java:shutdownLeaderElection(134)) - b70c9021-8da6-41e6-a976-daf4f7fbddb8: shutdown LeaderElection
2019-10-02 10:21:23,840 [cc1fcddd-974e-4515-9faf-cb0b34c0ae51@group-ACEF7C529229-LeaderElection26] INFO  impl.RaftServerImpl (RaftServerImpl.java:setRole(170)) - cc1fcddd-974e-4515-9faf-cb0b34c0ae51@group-ACEF7C529229: changes role from CANDIDATE to FOLLOWER at term 4 for DISCOVERED_A_NEW_TERM
2019-10-02 10:21:23,844 [cc1fcddd-974e-4515-9faf-cb0b34c0ae51@group-ACEF7C529229-LeaderElection26] INFO  impl.RoleInfo (RoleInfo.java:shutdownLeaderElection(134)) - cc1fcddd-974e-4515-9faf-cb0b34c0ae51: shutdown LeaderElection
2019-10-02 10:21:23,844 [b70c9021-8da6-41e6-a976-daf4f7fbddb8@group-ACEF7C529229-LeaderElection24] INFO  impl.RoleInfo (RoleInfo.java:updateAndGet(143)) - b70c9021-8da6-41e6-a976-daf4f7fbddb8: start FollowerState
2019-10-02 10:21:23,844 [cc1fcddd-974e-4515-9faf-cb0b34c0ae51@group-ACEF7C529229-LeaderElection26] INFO  impl.RoleInfo (RoleInfo.java:updateAndGet(143)) - cc1fcddd-974e-4515-9faf-cb0b34c0ae51: start FollowerState
2019-10-02 10:21:23,847 [298c2419-298a-4ac1-a348-589b955770c1@group-ACEF7C529229-LeaderElection25] INFO  impl.LeaderElection (LeaderElection.java:logAndReturn(56)) - 298c2419-298a-4ac1-a348-589b955770c1@group-ACEF7C529229-LeaderElection25: Election REJECTED; received 2 response(s) [298c2419-298a-4ac1-a348-589b955770c1<-cc1fcddd-974e-4515-9faf-cb0b34c0ae51#0:FAIL-t4, 298c2419-298a-4ac1-a348-589b955770c1<-b70c9021-8da6-41e6-a976-daf4f7fbddb8#0:FAIL-t4] and 0 exception(s); 298c2419-298a-4ac1-a348-589b955770c1@group-ACEF7C529229:t4, leader=null, voted=298c2419-298a-4ac1-a348-589b955770c1, raftlog=298c2419-298a-4ac1-a348-589b955770c1@group-ACEF7C529229-SegmentedRaftLog:OPENED:c-1,f-1,i0, conf=-1: [cc1fcddd-974e-4515-9faf-cb0b34c0ae51:192.168.151.92:40331, 298c2419-298a-4ac1-a348-589b955770c1:192.168.151.92:40159, b70c9021-8da6-41e6-a976-daf4f7fbddb8:192.168.151.92:38657], old=null
2019-10-02 10:21:23,847 [298c2419-298a-4ac1-a348-589b955770c1@group-ACEF7C529229-LeaderElection25] INFO  impl.RaftServerImpl (RaftServerImpl.java:setRole(170)) - 298c2419-298a-4ac1-a348-589b955770c1@group-ACEF7C529229: changes role from CANDIDATE to FOLLOWER at term 4 for DISCOVERED_A_NEW_TERM
2019-10-02 10:21:23,847 [298c2419-298a-4ac1-a348-589b955770c1@group-ACEF7C529229-LeaderElection25] INFO  impl.RoleInfo (RoleInfo.java:shutdownLeaderElection(134)) - 298c2419-298a-4ac1-a348-589b955770c1: shutdown LeaderElection
2019-10-02 10:21:23,847 [298c2419-298a-4ac1-a348-589b955770c1@group-ACEF7C529229-LeaderElection25] INFO  impl.RoleInfo (RoleInfo.java:updateAndGet(143)) - 298c2419-298a-4ac1-a348-589b955770c1: start FollowerState
2019-10-02 10:21:23,903 [grpc-default-executor-4] INFO  interfaces.Container (KeyValueContainer.java:flushAndSyncDB(386)) - Container 2 is synced with bcsId 0.
2019-10-02 10:21:23,908 [grpc-default-executor-4] INFO  interfaces.Container (KeyValueContainer.java:flushAndSyncDB(386)) - Container 2 is synced with bcsId 0.
2019-10-02 10:21:23,925 [EventQueue-IncrementalContainerReportForIncrementalContainerReportHandler] INFO  container.IncrementalContainerReportHandler (AbstractContainerReportHandler.java:updateContainerState(169)) - Moving container #2 to QUASI_CLOSED state, datanode b70c9021-8da6-41e6-a976-daf4f7fbddb8{ip: 192.168.151.92, host: pr-trunk-gg4kw-413187789, networkLocation: /default-rack, certSerialId: null} reported QUASI_CLOSED replica.
2019-10-02 10:21:23,931 [grpc-default-executor-4] INFO  impl.RaftServerProxy (RaftServerProxy.java:remove(95)) - cc1fcddd-974e-4515-9faf-cb0b34c0ae51: remove  FOLLOWER cc1fcddd-974e-4515-9faf-cb0b34c0ae51@group-C10DBE81CBFE:t1, leader=298c2419-298a-4ac1-a348-589b955770c1, voted=298c2419-298a-4ac1-a348-589b955770c1, raftlog=cc1fcddd-974e-4515-9faf-cb0b34c0ae51@group-C10DBE81CBFE-SegmentedRaftLog:OPENED:c0,f2,i2, conf=0: [cc1fcddd-974e-4515-9faf-cb0b34c0ae51:192.168.151.92:40331, 298c2419-298a-4ac1-a348-589b955770c1:192.168.151.92:40159, b70c9021-8da6-41e6-a976-daf4f7fbddb8:192.168.151.92:38657], old=null RUNNING
2019-10-02 10:21:23,931 [grpc-default-executor-4] INFO  impl.RaftServerImpl (RaftServerImpl.java:lambda$shutdown$3(247)) - cc1fcddd-974e-4515-9faf-cb0b34c0ae51@group-C10DBE81CBFE: shutdown
2019-10-02 10:21:23,932 [grpc-default-executor-4] INFO  util.JmxRegister (JmxRegister.java:unregister(73)) - Successfully un-registered JMX Bean with object name Ratis:service=RaftServer,group=group-C10DBE81CBFE,id=cc1fcddd-974e-4515-9faf-cb0b34c0ae51
2019-10-02 10:21:23,932 [grpc-default-executor-4] INFO  impl.RoleInfo (RoleInfo.java:shutdownFollowerState(121)) - cc1fcddd-974e-4515-9faf-cb0b34c0ae51: shutdown FollowerState
2019-10-02 10:21:23,932 [grpc-default-executor-4] INFO  impl.StateMachineUpdater (StateMachineUpdater.java:stopAndJoin(136)) - cc1fcddd-974e-4515-9faf-cb0b34c0ae51@group-C10DBE81CBFE-StateMachineUpdater: set stopIndex = 0
2019-10-02 10:21:23,932 [Thread-322] INFO  impl.FollowerState (FollowerState.java:run(117)) - cc1fcddd-974e-4515-9faf-cb0b34c0ae51@group-C10DBE81CBFE-FollowerState was interrupted: java.lang.InterruptedException: sleep interrupted
2019-10-02 10:21:23,935 [grpc-default-executor-4] INFO  impl.RaftServerImpl (ServerState.java:close(387)) - cc1fcddd-974e-4515-9faf-cb0b34c0ae51@group-C10DBE81CBFE: closes. applyIndex: 0
2019-10-02 10:21:23,935 [cc1fcddd-974e-4515-9faf-cb0b34c0ae51@group-C10DBE81CBFE-SegmentedRaftLogWorker] INFO  segmented.SegmentedRaftLogWorker (SegmentedRaftLogWorker.java:run(316)) - cc1fcddd-974e-4515-9faf-cb0b34c0ae51@group-C10DBE81CBFE-SegmentedRaftLogWorker was interrupted, exiting. There are 0 tasks remaining in the queue.
2019-10-02 10:21:23,937 [grpc-default-executor-4] INFO  segmented.SegmentedRaftLogWorker (SegmentedRaftLogWorker.java:close(224)) - cc1fcddd-974e-4515-9faf-cb0b34c0ae51@group-C10DBE81CBFE-SegmentedRaftLogWorker close()
2019-10-02 10:21:24,054 [grpc-default-executor-4] INFO  interfaces.Container (KeyValueContainer.java:flushAndSyncDB(386)) - Container 2 is synced with bcsId 0.
2019-10-02 10:21:24,054 [grpc-default-executor-4] INFO  interfaces.Container (KeyValueContainer.java:flushAndSyncDB(386)) - Container 2 is synced with bcsId 0.
2019-10-02 10:21:24,073 [RatisPipelineUtilsThread] INFO  pipeline.PipelineStateManager (PipelineStateManager.java:removePipeline(108)) - Pipeline Pipeline[ Id: 74e74d77-70bc-4029-bd19-c10dbe81cbfe, Nodes: 298c2419-298a-4ac1-a348-589b955770c1{ip: 192.168.151.92, host: pr-trunk-gg4kw-413187789, networkLocation: /default-rack, certSerialId: null}b70c9021-8da6-41e6-a976-daf4f7fbddb8{ip: 192.168.151.92, host: pr-trunk-gg4kw-413187789, networkLocation: /default-rack, certSerialId: null}cc1fcddd-974e-4515-9faf-cb0b34c0ae51{ip: 192.168.151.92, host: pr-trunk-gg4kw-413187789, networkLocation: /default-rack, certSerialId: null}, Type:RATIS, Factor:THREE, State:CLOSED] removed from db
2019-10-02 10:21:24,080 [grpc-default-executor-4] INFO  impl.RaftServerProxy (RaftServerProxy.java:remove(95)) - 298c2419-298a-4ac1-a348-589b955770c1: remove group-C10DBE81CBFE:null
2019-10-02 10:21:24,092 [RatisPipelineUtilsThread] WARN  pipeline.RatisPipelineUtils (RatisPipelineUtils.java:destroyPipeline(67)) - Pipeline destroy failed for pipeline=PipelineID=74e74d77-70bc-4029-bd19-c10dbe81cbfe dn=298c2419-298a-4ac1-a348-589b955770c1{ip: 192.168.151.92, host: pr-trunk-gg4kw-413187789, networkLocation: /default-rack, certSerialId: null}
2019-10-02 10:21:24,101 [grpc-default-executor-4] INFO  impl.RaftServerProxy (RaftServerProxy.java:remove(95)) - b70c9021-8da6-41e6-a976-daf4f7fbddb8: remove group-C10DBE81CBFE:null
2019-10-02 10:21:24,110 [RatisPipelineUtilsThread] WARN  pipeline.RatisPipelineUtils (RatisPipelineUtils.java:destroyPipeline(67)) - Pipeline destroy failed for pipeline=PipelineID=74e74d77-70bc-4029-bd19-c10dbe81cbfe dn=b70c9021-8da6-41e6-a976-daf4f7fbddb8{ip: 192.168.151.92, host: pr-trunk-gg4kw-413187789, networkLocation: /default-rack, certSerialId: null}
2019-10-02 10:21:24,116 [grpc-default-executor-4] INFO  impl.RaftServerProxy (RaftServerProxy.java:remove(95)) - cc1fcddd-974e-4515-9faf-cb0b34c0ae51: remove group-C10DBE81CBFE:null
2019-10-02 10:21:24,123 [RatisPipelineUtilsThread] WARN  pipeline.RatisPipelineUtils (RatisPipelineUtils.java:destroyPipeline(67)) - Pipeline destroy failed for pipeline=PipelineID=74e74d77-70bc-4029-bd19-c10dbe81cbfe dn=cc1fcddd-974e-4515-9faf-cb0b34c0ae51{ip: 192.168.151.92, host: pr-trunk-gg4kw-413187789, networkLocation: /default-rack, certSerialId: null}
2019-10-02 10:21:24,124 [RatisPipelineUtilsThread] ERROR pipeline.SCMPipelineManager (Scheduler.java:lambda$schedule$1(70)) - Destroy pipeline failed for pipeline:Pipeline[ Id: 74e74d77-70bc-4029-bd19-c10dbe81cbfe, Nodes: 298c2419-298a-4ac1-a348-589b955770c1{ip: 192.168.151.92, host: pr-trunk-gg4kw-413187789, networkLocation: /default-rack, certSerialId: null}b70c9021-8da6-41e6-a976-daf4f7fbddb8{ip: 192.168.151.92, host: pr-trunk-gg4kw-413187789, networkLocation: /default-rack, certSerialId: null}cc1fcddd-974e-4515-9faf-cb0b34c0ae51{ip: 192.168.151.92, host: pr-trunk-gg4kw-413187789, networkLocation: /default-rack, certSerialId: null}, Type:RATIS, Factor:THREE, State:CLOSED]
org.apache.hadoop.hdds.scm.pipeline.PipelineNotFoundException: PipelineID=74e74d77-70bc-4029-bd19-c10dbe81cbfe not found
	at org.apache.hadoop.hdds.scm.pipeline.PipelineStateMap.getPipeline(PipelineStateMap.java:132)
	at org.apache.hadoop.hdds.scm.pipeline.PipelineStateMap.removePipeline(PipelineStateMap.java:322)
	at org.apache.hadoop.hdds.scm.pipeline.PipelineStateManager.removePipeline(PipelineStateManager.java:107)
	at org.apache.hadoop.hdds.scm.pipeline.SCMPipelineManager.removePipeline(SCMPipelineManager.java:427)
	at org.apache.hadoop.hdds.scm.pipeline.SCMPipelineManager.destroyPipeline(SCMPipelineManager.java:413)
	at org.apache.hadoop.hdds.scm.pipeline.SCMPipelineManager.lambda$finalizeAndDestroyPipeline$0(SCMPipelineManager.java:322)
	at org.apache.hadoop.hdds.utils.Scheduler.lambda$schedule$1(Scheduler.java:68)
	at java.util.concurrent.Executors$RunnableAdapter.call(Executors.java:511)
	at java.util.concurrent.FutureTask.run(FutureTask.java:266)
	at java.util.concurrent.ScheduledThreadPoolExecutor$ScheduledFutureTask.access$201(ScheduledThreadPoolExecutor.java:180)
	at java.util.concurrent.ScheduledThreadPoolExecutor$ScheduledFutureTask.run(ScheduledThreadPoolExecutor.java:293)
	at java.util.concurrent.ThreadPoolExecutor.runWorker(ThreadPoolExecutor.java:1149)
	at java.util.concurrent.ThreadPoolExecutor$Worker.run(ThreadPoolExecutor.java:624)
	at java.lang.Thread.run(Thread.java:748)
2019-10-02 10:21:24,461 [main] WARN  io.KeyOutputStream (KeyOutputStream.java:handleException(274)) - Encountered exception java.io.IOException: Unexpected Storage Container Exception: java.util.concurrent.CompletionException: java.util.concurrent.CompletionException: org.apache.ratis.protocol.GroupMismatchException: cc1fcddd-974e-4515-9faf-cb0b34c0ae51: group-C10DBE81CBFE not found. on the pipeline Pipeline[ Id: 74e74d77-70bc-4029-bd19-c10dbe81cbfe, Nodes: 298c2419-298a-4ac1-a348-589b955770c1{ip: 192.168.151.92, host: pr-trunk-gg4kw-413187789, networkLocation: /default-rack, certSerialId: null}b70c9021-8da6-41e6-a976-daf4f7fbddb8{ip: 192.168.151.92, host: pr-trunk-gg4kw-413187789, networkLocation: /default-rack, certSerialId: null}cc1fcddd-974e-4515-9faf-cb0b34c0ae51{ip: 192.168.151.92, host: pr-trunk-gg4kw-413187789, networkLocation: /default-rack, certSerialId: null}, Type:RATIS, Factor:THREE, State:OPEN]. The last committed block length is 0, uncommitted data length is 400 retry count 1
2019-10-02 10:21:24,670 [pool-66-thread-2] ERROR impl.ChunkManagerImpl (ChunkUtils.java:writeData(89)) - data array does not match the length specified. DataLen: 100 Byte Array: 246
2019-10-02 10:21:24,673 [pool-66-thread-2] INFO  keyvalue.KeyValueHandler (ContainerUtils.java:logAndReturnError(146)) - Operation: WriteChunk : Trace ID: bca63ca9cd28c4ed:bca63ca9cd28c4ed:0:0 : Message: data array does not match the length specified. DataLen: 100 Byte Array: 246 : Result: INVALID_WRITE_SIZE
10:21:24.683 [pool-66-thread-2] ERROR DNAudit - user=null | ip=null | op=WRITE_CHUNK {blockData=conID: 3 locID: 102892285755064323 bcsId: 0} | ret=FAILURE
java.lang.Exception: data array does not match the length specified. DataLen: 100 Byte Array: 246
	at org.apache.hadoop.ozone.container.common.impl.HddsDispatcher.dispatchRequest(HddsDispatcher.java:330) ~[hadoop-hdds-container-service-0.5.0-SNAPSHOT.jar:?]
	at org.apache.hadoop.ozone.container.common.impl.HddsDispatcher.dispatch(HddsDispatcher.java:150) ~[hadoop-hdds-container-service-0.5.0-SNAPSHOT.jar:?]
	at org.apache.hadoop.ozone.container.common.transport.server.ratis.ContainerStateMachine.dispatchCommand(ContainerStateMachine.java:411) ~[hadoop-hdds-container-service-0.5.0-SNAPSHOT.jar:?]
	at org.apache.hadoop.ozone.container.common.transport.server.ratis.ContainerStateMachine.runCommand(ContainerStateMachine.java:419) ~[hadoop-hdds-container-service-0.5.0-SNAPSHOT.jar:?]
	at org.apache.hadoop.ozone.container.common.transport.server.ratis.ContainerStateMachine.lambda$handleWriteChunk$1(ContainerStateMachine.java:454) ~[hadoop-hdds-container-service-0.5.0-SNAPSHOT.jar:?]
	at java.util.concurrent.CompletableFuture$AsyncSupply.run(CompletableFuture.java:1590) [?:1.8.0_212]
	at java.util.concurrent.ThreadPoolExecutor.runWorker(ThreadPoolExecutor.java:1149) [?:1.8.0_212]
	at java.util.concurrent.ThreadPoolExecutor$Worker.run(ThreadPoolExecutor.java:624) [?:1.8.0_212]
	at java.lang.Thread.run(Thread.java:748) [?:1.8.0_212]
2019-10-02 10:21:24,684 [EventQueue-IncrementalContainerReportForIncrementalContainerReportHandler] WARN  container.IncrementalContainerReportHandler (AbstractContainerReportHandler.java:updateContainerState(143)) - Container #3 is in OPEN state, but the datanode 67f1a5fe-c7be-4ecb-b503-d243409340fd{ip: 192.168.151.92, host: pr-trunk-gg4kw-413187789, networkLocation: /default-rack, certSerialId: null} reports an UNHEALTHY replica.
2019-10-02 10:21:24,686 [EventQueue-CloseContainerForCloseContainerEventHandler] INFO  container.CloseContainerEventHandler (CloseContainerEventHandler.java:onMessage(61)) - Close container Event triggered for container : #3
2019-10-02 10:21:24,686 [pool-66-thread-2] ERROR ratis.ContainerStateMachine (ContainerStateMachine.java:lambda$handleWriteChunk$2(474)) - group-DF0A8D14A0B0: writeChunk writeStateMachineData failed: blockIdcontainerID: 3
localID: 102892285755064323
blockCommitSequenceId: 0
 logIndex 1 chunkName 102892285755064323_chunk_1 Error message: data array does not match the length specified. DataLen: 100 Byte Array: 246 Container Result: INVALID_WRITE_SIZE
2019-10-02 10:21:24,688 [67f1a5fe-c7be-4ecb-b503-d243409340fd@group-DF0A8D14A0B0-SegmentedRaftLogWorker] ERROR ratis.XceiverServerRatis (XceiverServerRatis.java:triggerPipelineClose(581)) - pipeline Action CLOSE  on pipeline PipelineID=6503586d-4659-4ed3-ad6e-df0a8d14a0b0.Reason : data array does not match the length specified. DataLen: 100 Byte Array: 246
2019-10-02 10:21:24,688 [67f1a5fe-c7be-4ecb-b503-d243409340fd@group-DF0A8D14A0B0-SegmentedRaftLogWorker] ERROR ratis.XceiverServerRatis (XceiverServerRatis.java:triggerPipelineClose(581)) - pipeline Action CLOSE  on pipeline PipelineID=6503586d-4659-4ed3-ad6e-df0a8d14a0b0.Reason : Log already failed at index 1 for task WriteLog:1: (t:2, i:1), STATEMACHINELOGENTRY, client-965639E26A1B, cid=40
2019-10-02 10:21:24,689 [EventQueue-PipelineActionsForPipelineActionHandler] ERROR pipeline.PipelineActionHandler (PipelineActionHandler.java:onMessage(60)) - Received pipeline action CLOSE for Pipeline[ Id: 6503586d-4659-4ed3-ad6e-df0a8d14a0b0, Nodes: 67f1a5fe-c7be-4ecb-b503-d243409340fd{ip: 192.168.151.92, host: pr-trunk-gg4kw-413187789, networkLocation: /default-rack, certSerialId: null}663b2fe6-68c2-4e66-9671-0aa57c3653e2{ip: 192.168.151.92, host: pr-trunk-gg4kw-413187789, networkLocation: /default-rack, certSerialId: null}438152b3-e18d-41ab-8849-fe8d3376297f{ip: 192.168.151.92, host: pr-trunk-gg4kw-413187789, networkLocation: /default-rack, certSerialId: null}, Type:RATIS, Factor:THREE, State:OPEN] from datanode 67f1a5fe-c7be-4ecb-b503-d243409340fd{ip: 192.168.151.92, host: pr-trunk-gg4kw-413187789, networkLocation: /default-rack, certSerialId: null}. Reason : data array does not match the length specified. DataLen: 100 Byte Array: 246
2019-10-02 10:21:24,689 [EventQueue-PipelineActionsForPipelineActionHandler] INFO  pipeline.SCMPipelineManager (SCMPipelineManager.java:finalizeAndDestroyPipeline(315)) - destroying pipeline:Pipeline[ Id: 6503586d-4659-4ed3-ad6e-df0a8d14a0b0, Nodes: 67f1a5fe-c7be-4ecb-b503-d243409340fd{ip: 192.168.151.92, host: pr-trunk-gg4kw-413187789, networkLocation: /default-rack, certSerialId: null}663b2fe6-68c2-4e66-9671-0aa57c3653e2{ip: 192.168.151.92, host: pr-trunk-gg4kw-413187789, networkLocation: /default-rack, certSerialId: null}438152b3-e18d-41ab-8849-fe8d3376297f{ip: 192.168.151.92, host: pr-trunk-gg4kw-413187789, networkLocation: /default-rack, certSerialId: null}, Type:RATIS, Factor:THREE, State:OPEN]
2019-10-02 10:21:24,689 [EventQueue-PipelineActionsForPipelineActionHandler] INFO  pipeline.PipelineStateManager (PipelineStateManager.java:finalizePipeline(123)) - Pipeline Pipeline[ Id: 6503586d-4659-4ed3-ad6e-df0a8d14a0b0, Nodes: 67f1a5fe-c7be-4ecb-b503-d243409340fd{ip: 192.168.151.92, host: pr-trunk-gg4kw-413187789, networkLocation: /default-rack, certSerialId: null}663b2fe6-68c2-4e66-9671-0aa57c3653e2{ip: 192.168.151.92, host: pr-trunk-gg4kw-413187789, networkLocation: /default-rack, certSerialId: null}438152b3-e18d-41ab-8849-fe8d3376297f{ip: 192.168.151.92, host: pr-trunk-gg4kw-413187789, networkLocation: /default-rack, certSerialId: null}, Type:RATIS, Factor:THREE, State:CLOSED] moved to CLOSED state
2019-10-02 10:21:24,690 [EventQueue-PipelineActionsForPipelineActionHandler] ERROR pipeline.PipelineActionHandler (PipelineActionHandler.java:onMessage(60)) - Received pipeline action CLOSE for Pipeline[ Id: 6503586d-4659-4ed3-ad6e-df0a8d14a0b0, Nodes: 67f1a5fe-c7be-4ecb-b503-d243409340fd{ip: 192.168.151.92, host: pr-trunk-gg4kw-413187789, networkLocation: /default-rack, certSerialId: null}663b2fe6-68c2-4e66-9671-0aa57c3653e2{ip: 192.168.151.92, host: pr-trunk-gg4kw-413187789, networkLocation: /default-rack, certSerialId: null}438152b3-e18d-41ab-8849-fe8d3376297f{ip: 192.168.151.92, host: pr-trunk-gg4kw-413187789, networkLocation: /default-rack, certSerialId: null}, Type:RATIS, Factor:THREE, State:CLOSED] from datanode 67f1a5fe-c7be-4ecb-b503-d243409340fd{ip: 192.168.151.92, host: pr-trunk-gg4kw-413187789, networkLocation: /default-rack, certSerialId: null}. Reason : Log already failed at index 1 for task WriteLog:1: (t:2, i:1), STATEMACHINELOGENTRY, client-965639E26A1B, cid=40
2019-10-02 10:21:24,690 [EventQueue-PipelineActionsForPipelineActionHandler] INFO  pipeline.SCMPipelineManager (SCMPipelineManager.java:finalizeAndDestroyPipeline(315)) - destroying pipeline:Pipeline[ Id: 6503586d-4659-4ed3-ad6e-df0a8d14a0b0, Nodes: 67f1a5fe-c7be-4ecb-b503-d243409340fd{ip: 192.168.151.92, host: pr-trunk-gg4kw-413187789, networkLocation: /default-rack, certSerialId: null}663b2fe6-68c2-4e66-9671-0aa57c3653e2{ip: 192.168.151.92, host: pr-trunk-gg4kw-413187789, networkLocation: /default-rack, certSerialId: null}438152b3-e18d-41ab-8849-fe8d3376297f{ip: 192.168.151.92, host: pr-trunk-gg4kw-413187789, networkLocation: /default-rack, certSerialId: null}, Type:RATIS, Factor:THREE, State:CLOSED]
2019-10-02 10:21:27,517 [java.util.concurrent.ThreadPoolExecutor$Worker@30839e44[State = -1, empty queue]] ERROR client.GrpcClientProtocolClient (GrpcClientProtocolClient.java:close(148)) - Unexpected exception while waiting for channel termination
java.lang.InterruptedException
	at java.util.concurrent.locks.AbstractQueuedSynchronizer.tryAcquireSharedNanos(AbstractQueuedSynchronizer.java:1326)
	at java.util.concurrent.CountDownLatch.await(CountDownLatch.java:277)
	at org.apache.ratis.thirdparty.io.grpc.internal.ManagedChannelImpl.awaitTermination(ManagedChannelImpl.java:763)
	at org.apache.ratis.thirdparty.io.grpc.internal.ForwardingManagedChannel.awaitTermination(ForwardingManagedChannel.java:57)
	at org.apache.ratis.thirdparty.io.grpc.internal.ManagedChannelOrphanWrapper.awaitTermination(ManagedChannelOrphanWrapper.java:70)
	at org.apache.ratis.grpc.client.GrpcClientProtocolClient.close(GrpcClientProtocolClient.java:146)
	at org.apache.ratis.util.PeerProxyMap$PeerAndProxy.lambda$close$1(PeerProxyMap.java:74)
	at org.apache.ratis.util.LifeCycle.lambda$checkStateAndClose$2(LifeCycle.java:231)
	at org.apache.ratis.util.LifeCycle.checkStateAndClose(LifeCycle.java:251)
	at org.apache.ratis.util.LifeCycle.checkStateAndClose(LifeCycle.java:229)
	at org.apache.ratis.util.PeerProxyMap$PeerAndProxy.close(PeerProxyMap.java:70)
	at org.apache.ratis.util.PeerProxyMap.resetProxy(PeerProxyMap.java:127)
	at org.apache.ratis.util.PeerProxyMap.handleException(PeerProxyMap.java:136)
	at org.apache.ratis.client.impl.RaftClientRpcWithProxy.handleException(RaftClientRpcWithProxy.java:47)
	at org.apache.ratis.client.impl.RaftClientImpl.handleIOException(RaftClientImpl.java:372)
	at org.apache.ratis.client.impl.OrderedAsync.lambda$sendRequest$10(OrderedAsync.java:236)
	at java.util.concurrent.CompletableFuture.uniExceptionally(CompletableFuture.java:870)
	at java.util.concurrent.CompletableFuture$UniExceptionally.tryFire(CompletableFuture.java:852)
	at java.util.concurrent.CompletableFuture.postComplete(CompletableFuture.java:474)
	at java.util.concurrent.CompletableFuture.completeExceptionally(CompletableFuture.java:1977)
	at org.apache.ratis.grpc.client.GrpcClientProtocolClient$AsyncStreamObservers.lambda$timeoutCheck$3(GrpcClientProtocolClient.java:324)
	at java.util.Optional.ifPresent(Optional.java:159)
	at org.apache.ratis.grpc.client.GrpcClientProtocolClient$AsyncStreamObservers.handleReplyFuture(GrpcClientProtocolClient.java:329)
	at org.apache.ratis.grpc.client.GrpcClientProtocolClient$AsyncStreamObservers.timeoutCheck(GrpcClientProtocolClient.java:324)
	at org.apache.ratis.grpc.client.GrpcClientProtocolClient$AsyncStreamObservers.lambda$onNext$1(GrpcClientProtocolClient.java:318)
	at org.apache.ratis.util.TimeoutScheduler.lambda$onTimeout$0(TimeoutScheduler.java:113)
	at org.apache.ratis.util.TimeoutScheduler.lambda$onTimeout$1(TimeoutScheduler.java:133)
	at org.apache.ratis.util.LogUtils.runAndLog(LogUtils.java:50)
	at org.apache.ratis.util.LogUtils$1.run(LogUtils.java:91)
	at java.util.concurrent.Executors$RunnableAdapter.call(Executors.java:511)
	at java.util.concurrent.FutureTask.run(FutureTask.java:266)
	at java.util.concurrent.ScheduledThreadPoolExecutor$ScheduledFutureTask.access$201(ScheduledThreadPoolExecutor.java:180)
	at java.util.concurrent.ScheduledThreadPoolExecutor$ScheduledFutureTask.run(ScheduledThreadPoolExecutor.java:293)
	at java.util.concurrent.ThreadPoolExecutor.runWorker(ThreadPoolExecutor.java:1149)
	at java.util.concurrent.ThreadPoolExecutor$Worker.run(ThreadPoolExecutor.java:624)
	at java.lang.Thread.run(Thread.java:748)
2019-10-02 10:21:27,529 [java.util.concurrent.ThreadPoolExecutor$Worker@30839e44[State = -1, empty queue]] WARN  util.TimeoutScheduler (LogUtils.java:runAndLog(55)) - Failed to task #0: java.lang.NullPointerException
2019-10-02 10:21:28,876 [Thread-767] INFO  impl.FollowerState (FollowerState.java:run(108)) - cc1fcddd-974e-4515-9faf-cb0b34c0ae51@group-ACEF7C529229-FollowerState: change to CANDIDATE, lastRpcTime:5031ms, electionTimeout:5031ms
2019-10-02 10:21:28,879 [Thread-767] INFO  impl.RoleInfo (RoleInfo.java:shutdownFollowerState(121)) - cc1fcddd-974e-4515-9faf-cb0b34c0ae51: shutdown FollowerState
2019-10-02 10:21:28,879 [Thread-767] INFO  impl.RaftServerImpl (RaftServerImpl.java:setRole(170)) - cc1fcddd-974e-4515-9faf-cb0b34c0ae51@group-ACEF7C529229: changes role from  FOLLOWER to CANDIDATE at term 4 for changeToCandidate
2019-10-02 10:21:28,879 [Thread-767] INFO  impl.RoleInfo (RoleInfo.java:updateAndGet(143)) - cc1fcddd-974e-4515-9faf-cb0b34c0ae51: start LeaderElection
2019-10-02 10:21:28,888 [Thread-768] INFO  impl.FollowerState (FollowerState.java:run(108)) - 298c2419-298a-4ac1-a348-589b955770c1@group-ACEF7C529229-FollowerState: change to CANDIDATE, lastRpcTime:5040ms, electionTimeout:5040ms
2019-10-02 10:21:28,888 [Thread-768] INFO  impl.RoleInfo (RoleInfo.java:shutdownFollowerState(121)) - 298c2419-298a-4ac1-a348-589b955770c1: shutdown FollowerState
2019-10-02 10:21:28,888 [Thread-768] INFO  impl.RaftServerImpl (RaftServerImpl.java:setRole(170)) - 298c2419-298a-4ac1-a348-589b955770c1@group-ACEF7C529229: changes role from  FOLLOWER to CANDIDATE at term 4 for changeToCandidate
2019-10-02 10:21:28,888 [Thread-768] INFO  impl.RoleInfo (RoleInfo.java:updateAndGet(143)) - 298c2419-298a-4ac1-a348-589b955770c1: start LeaderElection
2019-10-02 10:21:28,932 [Thread-766] INFO  impl.FollowerState (FollowerState.java:run(108)) - b70c9021-8da6-41e6-a976-daf4f7fbddb8@group-ACEF7C529229-FollowerState: change to CANDIDATE, lastRpcTime:5087ms, electionTimeout:5087ms
2019-10-02 10:21:28,932 [Thread-766] INFO  impl.RoleInfo (RoleInfo.java:shutdownFollowerState(121)) - b70c9021-8da6-41e6-a976-daf4f7fbddb8: shutdown FollowerState
2019-10-02 10:21:28,932 [Thread-766] INFO  impl.RaftServerImpl (RaftServerImpl.java:setRole(170)) - b70c9021-8da6-41e6-a976-daf4f7fbddb8@group-ACEF7C529229: changes role from  FOLLOWER to CANDIDATE at term 4 for changeToCandidate
2019-10-02 10:21:28,932 [Thread-766] INFO  impl.RoleInfo (RoleInfo.java:updateAndGet(143)) - b70c9021-8da6-41e6-a976-daf4f7fbddb8: start LeaderElection
2019-10-02 10:21:29,439 [b70c9021-8da6-41e6-a976-daf4f7fbddb8@group-ACEF7C529229-LeaderElection29] INFO  impl.LeaderElection (LeaderElection.java:askForVotes(178)) - b70c9021-8da6-41e6-a976-daf4f7fbddb8@group-ACEF7C529229-LeaderElection29: begin an election at term 5 for -1: [cc1fcddd-974e-4515-9faf-cb0b34c0ae51:192.168.151.92:40331, 298c2419-298a-4ac1-a348-589b955770c1:192.168.151.92:40159, b70c9021-8da6-41e6-a976-daf4f7fbddb8:192.168.151.92:38657], old=null
2019-10-02 10:21:29,439 [cc1fcddd-974e-4515-9faf-cb0b34c0ae51@group-ACEF7C529229-LeaderElection27] INFO  impl.LeaderElection (LeaderElection.java:askForVotes(178)) - cc1fcddd-974e-4515-9faf-cb0b34c0ae51@group-ACEF7C529229-LeaderElection27: begin an election at term 5 for -1: [cc1fcddd-974e-4515-9faf-cb0b34c0ae51:192.168.151.92:40331, 298c2419-298a-4ac1-a348-589b955770c1:192.168.151.92:40159, b70c9021-8da6-41e6-a976-daf4f7fbddb8:192.168.151.92:38657], old=null
2019-10-02 10:21:29,439 [298c2419-298a-4ac1-a348-589b955770c1@group-ACEF7C529229-LeaderElection28] INFO  impl.LeaderElection (LeaderElection.java:askForVotes(178)) - 298c2419-298a-4ac1-a348-589b955770c1@group-ACEF7C529229-LeaderElection28: begin an election at term 5 for -1: [cc1fcddd-974e-4515-9faf-cb0b34c0ae51:192.168.151.92:40331, 298c2419-298a-4ac1-a348-589b955770c1:192.168.151.92:40159, b70c9021-8da6-41e6-a976-daf4f7fbddb8:192.168.151.92:38657], old=null
2019-10-02 10:21:29,451 [298c2419-298a-4ac1-a348-589b955770c1@group-ACEF7C529229-LeaderElection28] INFO  impl.LeaderElection (LeaderElection.java:logAndReturn(56)) - 298c2419-298a-4ac1-a348-589b955770c1@group-ACEF7C529229-LeaderElection28: Election REJECTED; received 2 response(s) [298c2419-298a-4ac1-a348-589b955770c1<-cc1fcddd-974e-4515-9faf-cb0b34c0ae51#0:FAIL-t5, 298c2419-298a-4ac1-a348-589b955770c1<-b70c9021-8da6-41e6-a976-daf4f7fbddb8#0:FAIL-t5] and 0 exception(s); 298c2419-298a-4ac1-a348-589b955770c1@group-ACEF7C529229:t5, leader=null, voted=298c2419-298a-4ac1-a348-589b955770c1, raftlog=298c2419-298a-4ac1-a348-589b955770c1@group-ACEF7C529229-SegmentedRaftLog:OPENED:c-1,f-1,i0, conf=-1: [cc1fcddd-974e-4515-9faf-cb0b34c0ae51:192.168.151.92:40331, 298c2419-298a-4ac1-a348-589b955770c1:192.168.151.92:40159, b70c9021-8da6-41e6-a976-daf4f7fbddb8:192.168.151.92:38657], old=null
2019-10-02 10:21:29,451 [cc1fcddd-974e-4515-9faf-cb0b34c0ae51@group-ACEF7C529229-LeaderElection27] INFO  impl.LeaderElection (LeaderElection.java:logAndReturn(56)) - cc1fcddd-974e-4515-9faf-cb0b34c0ae51@group-ACEF7C529229-LeaderElection27: Election REJECTED; received 2 response(s) [cc1fcddd-974e-4515-9faf-cb0b34c0ae51<-298c2419-298a-4ac1-a348-589b955770c1#0:FAIL-t5, cc1fcddd-974e-4515-9faf-cb0b34c0ae51<-b70c9021-8da6-41e6-a976-daf4f7fbddb8#0:FAIL-t5] and 0 exception(s); cc1fcddd-974e-4515-9faf-cb0b34c0ae51@group-ACEF7C529229:t5, leader=null, voted=cc1fcddd-974e-4515-9faf-cb0b34c0ae51, raftlog=cc1fcddd-974e-4515-9faf-cb0b34c0ae51@group-ACEF7C529229-SegmentedRaftLog:OPENED:c-1,f-1,i0, conf=-1: [cc1fcddd-974e-4515-9faf-cb0b34c0ae51:192.168.151.92:40331, 298c2419-298a-4ac1-a348-589b955770c1:192.168.151.92:40159, b70c9021-8da6-41e6-a976-daf4f7fbddb8:192.168.151.92:38657], old=null
2019-10-02 10:21:29,451 [298c2419-298a-4ac1-a348-589b955770c1@group-ACEF7C529229-LeaderElection28] INFO  impl.RaftServerImpl (RaftServerImpl.java:setRole(170)) - 298c2419-298a-4ac1-a348-589b955770c1@group-ACEF7C529229: changes role from CANDIDATE to FOLLOWER at term 5 for DISCOVERED_A_NEW_TERM
2019-10-02 10:21:29,452 [b70c9021-8da6-41e6-a976-daf4f7fbddb8@group-ACEF7C529229-LeaderElection29] INFO  impl.LeaderElection (LeaderElection.java:logAndReturn(56)) - b70c9021-8da6-41e6-a976-daf4f7fbddb8@group-ACEF7C529229-LeaderElection29: Election REJECTED; received 2 response(s) [b70c9021-8da6-41e6-a976-daf4f7fbddb8<-cc1fcddd-974e-4515-9faf-cb0b34c0ae51#0:FAIL-t5, b70c9021-8da6-41e6-a976-daf4f7fbddb8<-298c2419-298a-4ac1-a348-589b955770c1#0:FAIL-t5] and 0 exception(s); b70c9021-8da6-41e6-a976-daf4f7fbddb8@group-ACEF7C529229:t5, leader=null, voted=b70c9021-8da6-41e6-a976-daf4f7fbddb8, raftlog=b70c9021-8da6-41e6-a976-daf4f7fbddb8@group-ACEF7C529229-SegmentedRaftLog:OPENED:c-1,f-1,i0, conf=-1: [cc1fcddd-974e-4515-9faf-cb0b34c0ae51:192.168.151.92:40331, 298c2419-298a-4ac1-a348-589b955770c1:192.168.151.92:40159, b70c9021-8da6-41e6-a976-daf4f7fbddb8:192.168.151.92:38657], old=null
2019-10-02 10:21:29,454 [cc1fcddd-974e-4515-9faf-cb0b34c0ae51@group-ACEF7C529229-LeaderElection27] INFO  impl.RaftServerImpl (RaftServerImpl.java:setRole(170)) - cc1fcddd-974e-4515-9faf-cb0b34c0ae51@group-ACEF7C529229: changes role from CANDIDATE to FOLLOWER at term 5 for DISCOVERED_A_NEW_TERM
2019-10-02 10:21:29,454 [b70c9021-8da6-41e6-a976-daf4f7fbddb8@group-ACEF7C529229-LeaderElection29] INFO  impl.RaftServerImpl (RaftServerImpl.java:setRole(170)) - b70c9021-8da6-41e6-a976-daf4f7fbddb8@group-ACEF7C529229: changes role from CANDIDATE to FOLLOWER at term 5 for DISCOVERED_A_NEW_TERM
2019-10-02 10:21:29,455 [b70c9021-8da6-41e6-a976-daf4f7fbddb8@group-ACEF7C529229-LeaderElection29] INFO  impl.RoleInfo (RoleInfo.java:shutdownLeaderElection(134)) - b70c9021-8da6-41e6-a976-daf4f7fbddb8: shutdown LeaderElection
2019-10-02 10:21:29,454 [298c2419-298a-4ac1-a348-589b955770c1@group-ACEF7C529229-LeaderElection28] INFO  impl.RoleInfo (RoleInfo.java:shutdownLeaderElection(134)) - 298c2419-298a-4ac1-a348-589b955770c1: shutdown LeaderElection
2019-10-02 10:21:29,455 [b70c9021-8da6-41e6-a976-daf4f7fbddb8@group-ACEF7C529229-LeaderElection29] INFO  impl.RoleInfo (RoleInfo.java:updateAndGet(143)) - b70c9021-8da6-41e6-a976-daf4f7fbddb8: start FollowerState
2019-10-02 10:21:29,454 [cc1fcddd-974e-4515-9faf-cb0b34c0ae51@group-ACEF7C529229-LeaderElection27] INFO  impl.RoleInfo (RoleInfo.java:shutdownLeaderElection(134)) - cc1fcddd-974e-4515-9faf-cb0b34c0ae51: shutdown LeaderElection
2019-10-02 10:21:29,455 [298c2419-298a-4ac1-a348-589b955770c1@group-ACEF7C529229-LeaderElection28] INFO  impl.RoleInfo (RoleInfo.java:updateAndGet(143)) - 298c2419-298a-4ac1-a348-589b955770c1: start FollowerState
2019-10-02 10:21:29,456 [cc1fcddd-974e-4515-9faf-cb0b34c0ae51@group-ACEF7C529229-LeaderElection27] INFO  impl.RoleInfo (RoleInfo.java:updateAndGet(143)) - cc1fcddd-974e-4515-9faf-cb0b34c0ae51: start FollowerState
2019-10-02 10:21:31,582 [java.util.concurrent.ThreadPoolExecutor$Worker@a2ba5b7[State = -1, empty queue]] ERROR client.GrpcClientProtocolClient (GrpcClientProtocolClient.java:close(148)) - Unexpected exception while waiting for channel termination
java.lang.InterruptedException
	at java.util.concurrent.locks.AbstractQueuedSynchronizer.tryAcquireSharedNanos(AbstractQueuedSynchronizer.java:1326)
	at java.util.concurrent.CountDownLatch.await(CountDownLatch.java:277)
	at org.apache.ratis.thirdparty.io.grpc.internal.ManagedChannelImpl.awaitTermination(ManagedChannelImpl.java:763)
	at org.apache.ratis.thirdparty.io.grpc.internal.ForwardingManagedChannel.awaitTermination(ForwardingManagedChannel.java:57)
	at org.apache.ratis.thirdparty.io.grpc.internal.ManagedChannelOrphanWrapper.awaitTermination(ManagedChannelOrphanWrapper.java:70)
	at org.apache.ratis.grpc.client.GrpcClientProtocolClient.close(GrpcClientProtocolClient.java:146)
	at org.apache.ratis.util.PeerProxyMap$PeerAndProxy.lambda$close$1(PeerProxyMap.java:74)
	at org.apache.ratis.util.LifeCycle.lambda$checkStateAndClose$2(LifeCycle.java:231)
	at org.apache.ratis.util.LifeCycle.checkStateAndClose(LifeCycle.java:251)
	at org.apache.ratis.util.LifeCycle.checkStateAndClose(LifeCycle.java:229)
	at org.apache.ratis.util.PeerProxyMap$PeerAndProxy.close(PeerProxyMap.java:70)
	at org.apache.ratis.util.PeerProxyMap.resetProxy(PeerProxyMap.java:127)
	at org.apache.ratis.util.PeerProxyMap.handleException(PeerProxyMap.java:136)
	at org.apache.ratis.client.impl.RaftClientRpcWithProxy.handleException(RaftClientRpcWithProxy.java:47)
	at org.apache.ratis.client.impl.RaftClientImpl.handleIOException(RaftClientImpl.java:372)
	at org.apache.ratis.client.impl.OrderedAsync.lambda$sendRequest$10(OrderedAsync.java:236)
	at java.util.concurrent.CompletableFuture.uniExceptionally(CompletableFuture.java:870)
	at java.util.concurrent.CompletableFuture$UniExceptionally.tryFire(CompletableFuture.java:852)
	at java.util.concurrent.CompletableFuture.postComplete(CompletableFuture.java:474)
	at java.util.concurrent.CompletableFuture.completeExceptionally(CompletableFuture.java:1977)
	at org.apache.ratis.grpc.client.GrpcClientProtocolClient$AsyncStreamObservers.lambda$timeoutCheck$3(GrpcClientProtocolClient.java:324)
	at java.util.Optional.ifPresent(Optional.java:159)
	at org.apache.ratis.grpc.client.GrpcClientProtocolClient$AsyncStreamObservers.handleReplyFuture(GrpcClientProtocolClient.java:329)
	at org.apache.ratis.grpc.client.GrpcClientProtocolClient$AsyncStreamObservers.timeoutCheck(GrpcClientProtocolClient.java:324)
	at org.apache.ratis.grpc.client.GrpcClientProtocolClient$AsyncStreamObservers.lambda$onNext$1(GrpcClientProtocolClient.java:318)
	at org.apache.ratis.util.TimeoutScheduler.lambda$onTimeout$0(TimeoutScheduler.java:113)
	at org.apache.ratis.util.TimeoutScheduler.lambda$onTimeout$1(TimeoutScheduler.java:133)
	at org.apache.ratis.util.LogUtils.runAndLog(LogUtils.java:50)
	at org.apache.ratis.util.LogUtils$1.run(LogUtils.java:91)
	at java.util.concurrent.Executors$RunnableAdapter.call(Executors.java:511)
	at java.util.concurrent.FutureTask.run(FutureTask.java:266)
	at java.util.concurrent.ScheduledThreadPoolExecutor$ScheduledFutureTask.access$201(ScheduledThreadPoolExecutor.java:180)
	at java.util.concurrent.ScheduledThreadPoolExecutor$ScheduledFutureTask.run(ScheduledThreadPoolExecutor.java:293)
	at java.util.concurrent.ThreadPoolExecutor.runWorker(ThreadPoolExecutor.java:1149)
	at java.util.concurrent.ThreadPoolExecutor$Worker.run(ThreadPoolExecutor.java:624)
	at java.lang.Thread.run(Thread.java:748)
2019-10-02 10:21:31,585 [java.util.concurrent.ThreadPoolExecutor$Worker@a2ba5b7[State = -1, empty queue]] WARN  util.TimeoutScheduler (LogUtils.java:runAndLog(55)) - Failed to task #0: java.lang.NullPointerException
2019-10-02 10:21:34,517 [Thread-797] INFO  impl.FollowerState (FollowerState.java:run(108)) - b70c9021-8da6-41e6-a976-daf4f7fbddb8@group-ACEF7C529229-FollowerState: change to CANDIDATE, lastRpcTime:5061ms, electionTimeout:5061ms
2019-10-02 10:21:34,519 [Thread-797] INFO  impl.RoleInfo (RoleInfo.java:shutdownFollowerState(121)) - b70c9021-8da6-41e6-a976-daf4f7fbddb8: shutdown FollowerState
2019-10-02 10:21:34,519 [Thread-797] INFO  impl.RaftServerImpl (RaftServerImpl.java:setRole(170)) - b70c9021-8da6-41e6-a976-daf4f7fbddb8@group-ACEF7C529229: changes role from  FOLLOWER to CANDIDATE at term 5 for changeToCandidate
2019-10-02 10:21:34,520 [Thread-797] INFO  impl.RoleInfo (RoleInfo.java:updateAndGet(143)) - b70c9021-8da6-41e6-a976-daf4f7fbddb8: start LeaderElection
2019-10-02 10:21:34,606 [Thread-798] INFO  impl.FollowerState (FollowerState.java:run(108)) - 298c2419-298a-4ac1-a348-589b955770c1@group-ACEF7C529229-FollowerState: change to CANDIDATE, lastRpcTime:5150ms, electionTimeout:5150ms
2019-10-02 10:21:34,607 [Thread-798] INFO  impl.RoleInfo (RoleInfo.java:shutdownFollowerState(121)) - 298c2419-298a-4ac1-a348-589b955770c1: shutdown FollowerState
2019-10-02 10:21:34,607 [Thread-798] INFO  impl.RaftServerImpl (RaftServerImpl.java:setRole(170)) - 298c2419-298a-4ac1-a348-589b955770c1@group-ACEF7C529229: changes role from  FOLLOWER to CANDIDATE at term 5 for changeToCandidate
2019-10-02 10:21:34,607 [Thread-798] INFO  impl.RoleInfo (RoleInfo.java:updateAndGet(143)) - 298c2419-298a-4ac1-a348-589b955770c1: start LeaderElection
2019-10-02 10:21:34,612 [Thread-799] INFO  impl.FollowerState (FollowerState.java:run(108)) - cc1fcddd-974e-4515-9faf-cb0b34c0ae51@group-ACEF7C529229-FollowerState: change to CANDIDATE, lastRpcTime:5156ms, electionTimeout:5156ms
2019-10-02 10:21:34,612 [Thread-799] INFO  impl.RoleInfo (RoleInfo.java:shutdownFollowerState(121)) - cc1fcddd-974e-4515-9faf-cb0b34c0ae51: shutdown FollowerState
2019-10-02 10:21:34,612 [Thread-799] INFO  impl.RaftServerImpl (RaftServerImpl.java:setRole(170)) - cc1fcddd-974e-4515-9faf-cb0b34c0ae51@group-ACEF7C529229: changes role from  FOLLOWER to CANDIDATE at term 5 for changeToCandidate
2019-10-02 10:21:34,613 [Thread-799] INFO  impl.RoleInfo (RoleInfo.java:updateAndGet(143)) - cc1fcddd-974e-4515-9faf-cb0b34c0ae51: start LeaderElection
2019-10-02 10:21:35,622 [java.util.concurrent.ThreadPoolExecutor$Worker@dc3c2df[State = -1, empty queue]] ERROR client.GrpcClientProtocolClient (GrpcClientProtocolClient.java:close(148)) - Unexpected exception while waiting for channel termination
java.lang.InterruptedException
	at java.util.concurrent.locks.AbstractQueuedSynchronizer.tryAcquireSharedNanos(AbstractQueuedSynchronizer.java:1326)
	at java.util.concurrent.CountDownLatch.await(CountDownLatch.java:277)
	at org.apache.ratis.thirdparty.io.grpc.internal.ManagedChannelImpl.awaitTermination(ManagedChannelImpl.java:763)
	at org.apache.ratis.thirdparty.io.grpc.internal.ForwardingManagedChannel.awaitTermination(ForwardingManagedChannel.java:57)
	at org.apache.ratis.thirdparty.io.grpc.internal.ManagedChannelOrphanWrapper.awaitTermination(ManagedChannelOrphanWrapper.java:70)
	at org.apache.ratis.grpc.client.GrpcClientProtocolClient.close(GrpcClientProtocolClient.java:146)
	at org.apache.ratis.util.PeerProxyMap$PeerAndProxy.lambda$close$1(PeerProxyMap.java:74)
	at org.apache.ratis.util.LifeCycle.lambda$checkStateAndClose$2(LifeCycle.java:231)
	at org.apache.ratis.util.LifeCycle.checkStateAndClose(LifeCycle.java:251)
	at org.apache.ratis.util.LifeCycle.checkStateAndClose(LifeCycle.java:229)
	at org.apache.ratis.util.PeerProxyMap$PeerAndProxy.close(PeerProxyMap.java:70)
	at org.apache.ratis.util.PeerProxyMap.resetProxy(PeerProxyMap.java:127)
	at org.apache.ratis.util.PeerProxyMap.handleException(PeerProxyMap.java:136)
	at org.apache.ratis.client.impl.RaftClientRpcWithProxy.handleException(RaftClientRpcWithProxy.java:47)
	at org.apache.ratis.client.impl.RaftClientImpl.handleIOException(RaftClientImpl.java:372)
	at org.apache.ratis.client.impl.OrderedAsync.lambda$sendRequest$10(OrderedAsync.java:236)
	at java.util.concurrent.CompletableFuture.uniExceptionally(CompletableFuture.java:870)
	at java.util.concurrent.CompletableFuture$UniExceptionally.tryFire(CompletableFuture.java:852)
	at java.util.concurrent.CompletableFuture.postComplete(CompletableFuture.java:474)
	at java.util.concurrent.CompletableFuture.completeExceptionally(CompletableFuture.java:1977)
	at org.apache.ratis.grpc.client.GrpcClientProtocolClient$AsyncStreamObservers.lambda$timeoutCheck$3(GrpcClientProtocolClient.java:324)
	at java.util.Optional.ifPresent(Optional.java:159)
	at org.apache.ratis.grpc.client.GrpcClientProtocolClient$AsyncStreamObservers.handleReplyFuture(GrpcClientProtocolClient.java:329)
	at org.apache.ratis.grpc.client.GrpcClientProtocolClient$AsyncStreamObservers.timeoutCheck(GrpcClientProtocolClient.java:324)
	at org.apache.ratis.grpc.client.GrpcClientProtocolClient$AsyncStreamObservers.lambda$onNext$1(GrpcClientProtocolClient.java:318)
	at org.apache.ratis.util.TimeoutScheduler.lambda$onTimeout$0(TimeoutScheduler.java:113)
	at org.apache.ratis.util.TimeoutScheduler.lambda$onTimeout$1(TimeoutScheduler.java:133)
	at org.apache.ratis.util.LogUtils.runAndLog(LogUtils.java:50)
	at org.apache.ratis.util.LogUtils$1.run(LogUtils.java:91)
	at java.util.concurrent.Executors$RunnableAdapter.call(Executors.java:511)
	at java.util.concurrent.FutureTask.run(FutureTask.java:266)
	at java.util.concurrent.ScheduledThreadPoolExecutor$ScheduledFutureTask.access$201(ScheduledThreadPoolExecutor.java:180)
	at java.util.concurrent.ScheduledThreadPoolExecutor$ScheduledFutureTask.run(ScheduledThreadPoolExecutor.java:293)
	at java.util.concurrent.ThreadPoolExecutor.runWorker(ThreadPoolExecutor.java:1149)
	at java.util.concurrent.ThreadPoolExecutor$Worker.run(ThreadPoolExecutor.java:624)
	at java.lang.Thread.run(Thread.java:748)
2019-10-02 10:21:35,625 [java.util.concurrent.ThreadPoolExecutor$Worker@dc3c2df[State = -1, empty queue]] WARN  util.TimeoutScheduler (LogUtils.java:runAndLog(55)) - Failed to task #0: java.lang.NullPointerException
2019-10-02 10:21:37,846 [298c2419-298a-4ac1-a348-589b955770c1@group-ACEF7C529229-LeaderElection31] INFO  impl.LeaderElection (LeaderElection.java:askForVotes(178)) - 298c2419-298a-4ac1-a348-589b955770c1@group-ACEF7C529229-LeaderElection31: begin an election at term 6 for -1: [cc1fcddd-974e-4515-9faf-cb0b34c0ae51:192.168.151.92:40331, 298c2419-298a-4ac1-a348-589b955770c1:192.168.151.92:40159, b70c9021-8da6-41e6-a976-daf4f7fbddb8:192.168.151.92:38657], old=null
2019-10-02 10:21:37,846 [b70c9021-8da6-41e6-a976-daf4f7fbddb8@group-ACEF7C529229-LeaderElection30] INFO  impl.LeaderElection (LeaderElection.java:askForVotes(178)) - b70c9021-8da6-41e6-a976-daf4f7fbddb8@group-ACEF7C529229-LeaderElection30: begin an election at term 6 for -1: [cc1fcddd-974e-4515-9faf-cb0b34c0ae51:192.168.151.92:40331, 298c2419-298a-4ac1-a348-589b955770c1:192.168.151.92:40159, b70c9021-8da6-41e6-a976-daf4f7fbddb8:192.168.151.92:38657], old=null
2019-10-02 10:21:37,846 [cc1fcddd-974e-4515-9faf-cb0b34c0ae51@group-ACEF7C529229-LeaderElection32] INFO  impl.LeaderElection (LeaderElection.java:askForVotes(178)) - cc1fcddd-974e-4515-9faf-cb0b34c0ae51@group-ACEF7C529229-LeaderElection32: begin an election at term 6 for -1: [cc1fcddd-974e-4515-9faf-cb0b34c0ae51:192.168.151.92:40331, 298c2419-298a-4ac1-a348-589b955770c1:192.168.151.92:40159, b70c9021-8da6-41e6-a976-daf4f7fbddb8:192.168.151.92:38657], old=null
2019-10-02 10:21:37,859 [b70c9021-8da6-41e6-a976-daf4f7fbddb8@group-ACEF7C529229-LeaderElection30] INFO  impl.LeaderElection (LeaderElection.java:logAndReturn(56)) - b70c9021-8da6-41e6-a976-daf4f7fbddb8@group-ACEF7C529229-LeaderElection30: Election REJECTED; received 2 response(s) [b70c9021-8da6-41e6-a976-daf4f7fbddb8<-cc1fcddd-974e-4515-9faf-cb0b34c0ae51#0:FAIL-t6, b70c9021-8da6-41e6-a976-daf4f7fbddb8<-298c2419-298a-4ac1-a348-589b955770c1#0:FAIL-t6] and 0 exception(s); b70c9021-8da6-41e6-a976-daf4f7fbddb8@group-ACEF7C529229:t6, leader=null, voted=b70c9021-8da6-41e6-a976-daf4f7fbddb8, raftlog=b70c9021-8da6-41e6-a976-daf4f7fbddb8@group-ACEF7C529229-SegmentedRaftLog:OPENED:c-1,f-1,i0, conf=-1: [cc1fcddd-974e-4515-9faf-cb0b34c0ae51:192.168.151.92:40331, 298c2419-298a-4ac1-a348-589b955770c1:192.168.151.92:40159, b70c9021-8da6-41e6-a976-daf4f7fbddb8:192.168.151.92:38657], old=null
2019-10-02 10:21:37,859 [b70c9021-8da6-41e6-a976-daf4f7fbddb8@group-ACEF7C529229-LeaderElection30] INFO  impl.RaftServerImpl (RaftServerImpl.java:setRole(170)) - b70c9021-8da6-41e6-a976-daf4f7fbddb8@group-ACEF7C529229: changes role from CANDIDATE to FOLLOWER at term 6 for DISCOVERED_A_NEW_TERM
2019-10-02 10:21:37,859 [b70c9021-8da6-41e6-a976-daf4f7fbddb8@group-ACEF7C529229-LeaderElection30] INFO  impl.RoleInfo (RoleInfo.java:shutdownLeaderElection(134)) - b70c9021-8da6-41e6-a976-daf4f7fbddb8: shutdown LeaderElection
2019-10-02 10:21:37,860 [b70c9021-8da6-41e6-a976-daf4f7fbddb8@group-ACEF7C529229-LeaderElection30] INFO  impl.RoleInfo (RoleInfo.java:updateAndGet(143)) - b70c9021-8da6-41e6-a976-daf4f7fbddb8: start FollowerState
2019-10-02 10:21:37,862 [298c2419-298a-4ac1-a348-589b955770c1@group-ACEF7C529229-LeaderElection31] INFO  impl.LeaderElection (LeaderElection.java:logAndReturn(56)) - 298c2419-298a-4ac1-a348-589b955770c1@group-ACEF7C529229-LeaderElection31: Election REJECTED; received 2 response(s) [298c2419-298a-4ac1-a348-589b955770c1<-cc1fcddd-974e-4515-9faf-cb0b34c0ae51#0:FAIL-t6, 298c2419-298a-4ac1-a348-589b955770c1<-b70c9021-8da6-41e6-a976-daf4f7fbddb8#0:FAIL-t6] and 0 exception(s); 298c2419-298a-4ac1-a348-589b955770c1@group-ACEF7C529229:t6, leader=null, voted=298c2419-298a-4ac1-a348-589b955770c1, raftlog=298c2419-298a-4ac1-a348-589b955770c1@group-ACEF7C529229-SegmentedRaftLog:OPENED:c-1,f-1,i0, conf=-1: [cc1fcddd-974e-4515-9faf-cb0b34c0ae51:192.168.151.92:40331, 298c2419-298a-4ac1-a348-589b955770c1:192.168.151.92:40159, b70c9021-8da6-41e6-a976-daf4f7fbddb8:192.168.151.92:38657], old=null
2019-10-02 10:21:37,866 [298c2419-298a-4ac1-a348-589b955770c1@group-ACEF7C529229-LeaderElection31] INFO  impl.RaftServerImpl (RaftServerImpl.java:setRole(170)) - 298c2419-298a-4ac1-a348-589b955770c1@group-ACEF7C529229: changes role from CANDIDATE to FOLLOWER at term 6 for DISCOVERED_A_NEW_TERM
2019-10-02 10:21:37,866 [298c2419-298a-4ac1-a348-589b955770c1@group-ACEF7C529229-LeaderElection31] INFO  impl.RoleInfo (RoleInfo.java:shutdownLeaderElection(134)) - 298c2419-298a-4ac1-a348-589b955770c1: shutdown LeaderElection
2019-10-02 10:21:37,866 [298c2419-298a-4ac1-a348-589b955770c1@group-ACEF7C529229-LeaderElection31] INFO  impl.RoleInfo (RoleInfo.java:updateAndGet(143)) - 298c2419-298a-4ac1-a348-589b955770c1: start FollowerState
2019-10-02 10:21:37,866 [cc1fcddd-974e-4515-9faf-cb0b34c0ae51@group-ACEF7C529229-LeaderElection32] INFO  impl.LeaderElection (LeaderElection.java:logAndReturn(56)) - cc1fcddd-974e-4515-9faf-cb0b34c0ae51@group-ACEF7C529229-LeaderElection32: Election REJECTED; received 2 response(s) [cc1fcddd-974e-4515-9faf-cb0b34c0ae51<-b70c9021-8da6-41e6-a976-daf4f7fbddb8#0:FAIL-t6, cc1fcddd-974e-4515-9faf-cb0b34c0ae51<-298c2419-298a-4ac1-a348-589b955770c1#0:FAIL-t6] and 0 exception(s); cc1fcddd-974e-4515-9faf-cb0b34c0ae51@group-ACEF7C529229:t6, leader=null, voted=cc1fcddd-974e-4515-9faf-cb0b34c0ae51, raftlog=cc1fcddd-974e-4515-9faf-cb0b34c0ae51@group-ACEF7C529229-SegmentedRaftLog:OPENED:c-1,f-1,i0, conf=-1: [cc1fcddd-974e-4515-9faf-cb0b34c0ae51:192.168.151.92:40331, 298c2419-298a-4ac1-a348-589b955770c1:192.168.151.92:40159, b70c9021-8da6-41e6-a976-daf4f7fbddb8:192.168.151.92:38657], old=null
2019-10-02 10:21:37,868 [cc1fcddd-974e-4515-9faf-cb0b34c0ae51@group-ACEF7C529229-LeaderElection32] INFO  impl.RaftServerImpl (RaftServerImpl.java:setRole(170)) - cc1fcddd-974e-4515-9faf-cb0b34c0ae51@group-ACEF7C529229: changes role from CANDIDATE to FOLLOWER at term 6 for DISCOVERED_A_NEW_TERM
2019-10-02 10:21:37,868 [cc1fcddd-974e-4515-9faf-cb0b34c0ae51@group-ACEF7C529229-LeaderElection32] INFO  impl.RoleInfo (RoleInfo.java:shutdownLeaderElection(134)) - cc1fcddd-974e-4515-9faf-cb0b34c0ae51: shutdown LeaderElection
2019-10-02 10:21:37,868 [cc1fcddd-974e-4515-9faf-cb0b34c0ae51@group-ACEF7C529229-LeaderElection32] INFO  impl.RoleInfo (RoleInfo.java:updateAndGet(143)) - cc1fcddd-974e-4515-9faf-cb0b34c0ae51: start FollowerState
2019-10-02 10:21:39,693 [java.util.concurrent.ThreadPoolExecutor$Worker@6055a4fd[State = -1, empty queue]] ERROR client.GrpcClientProtocolClient (GrpcClientProtocolClient.java:close(148)) - Unexpected exception while waiting for channel termination
java.lang.InterruptedException
	at java.util.concurrent.locks.AbstractQueuedSynchronizer.tryAcquireSharedNanos(AbstractQueuedSynchronizer.java:1326)
	at java.util.concurrent.CountDownLatch.await(CountDownLatch.java:277)
	at org.apache.ratis.thirdparty.io.grpc.internal.ManagedChannelImpl.awaitTermination(ManagedChannelImpl.java:763)
	at org.apache.ratis.thirdparty.io.grpc.internal.ForwardingManagedChannel.awaitTermination(ForwardingManagedChannel.java:57)
	at org.apache.ratis.thirdparty.io.grpc.internal.ManagedChannelOrphanWrapper.awaitTermination(ManagedChannelOrphanWrapper.java:70)
	at org.apache.ratis.grpc.client.GrpcClientProtocolClient.close(GrpcClientProtocolClient.java:146)
	at org.apache.ratis.util.PeerProxyMap$PeerAndProxy.lambda$close$1(PeerProxyMap.java:74)
	at org.apache.ratis.util.LifeCycle.lambda$checkStateAndClose$2(LifeCycle.java:231)
	at org.apache.ratis.util.LifeCycle.checkStateAndClose(LifeCycle.java:251)
	at org.apache.ratis.util.LifeCycle.checkStateAndClose(LifeCycle.java:229)
	at org.apache.ratis.util.PeerProxyMap$PeerAndProxy.close(PeerProxyMap.java:70)
	at org.apache.ratis.util.PeerProxyMap.resetProxy(PeerProxyMap.java:127)
	at org.apache.ratis.util.PeerProxyMap.handleException(PeerProxyMap.java:136)
	at org.apache.ratis.client.impl.RaftClientRpcWithProxy.handleException(RaftClientRpcWithProxy.java:47)
	at org.apache.ratis.client.impl.RaftClientImpl.handleIOException(RaftClientImpl.java:372)
	at org.apache.ratis.client.impl.OrderedAsync.lambda$sendRequest$10(OrderedAsync.java:236)
	at java.util.concurrent.CompletableFuture.uniExceptionally(CompletableFuture.java:870)
	at java.util.concurrent.CompletableFuture$UniExceptionally.tryFire(CompletableFuture.java:852)
	at java.util.concurrent.CompletableFuture.postComplete(CompletableFuture.java:474)
	at java.util.concurrent.CompletableFuture.completeExceptionally(CompletableFuture.java:1977)
	at org.apache.ratis.grpc.client.GrpcClientProtocolClient$AsyncStreamObservers.lambda$timeoutCheck$3(GrpcClientProtocolClient.java:324)
	at java.util.Optional.ifPresent(Optional.java:159)
	at org.apache.ratis.grpc.client.GrpcClientProtocolClient$AsyncStreamObservers.handleReplyFuture(GrpcClientProtocolClient.java:329)
	at org.apache.ratis.grpc.client.GrpcClientProtocolClient$AsyncStreamObservers.timeoutCheck(GrpcClientProtocolClient.java:324)
	at org.apache.ratis.grpc.client.GrpcClientProtocolClient$AsyncStreamObservers.lambda$onNext$1(GrpcClientProtocolClient.java:318)
	at org.apache.ratis.util.TimeoutScheduler.lambda$onTimeout$0(TimeoutScheduler.java:113)
	at org.apache.ratis.util.TimeoutScheduler.lambda$onTimeout$1(TimeoutScheduler.java:133)
	at org.apache.ratis.util.LogUtils.runAndLog(LogUtils.java:50)
	at org.apache.ratis.util.LogUtils$1.run(LogUtils.java:91)
	at java.util.concurrent.Executors$RunnableAdapter.call(Executors.java:511)
	at java.util.concurrent.FutureTask.run(FutureTask.java:266)
	at java.util.concurrent.ScheduledThreadPoolExecutor$ScheduledFutureTask.access$201(ScheduledThreadPoolExecutor.java:180)
	at java.util.concurrent.ScheduledThreadPoolExecutor$ScheduledFutureTask.run(ScheduledThreadPoolExecutor.java:293)
	at java.util.concurrent.ThreadPoolExecutor.runWorker(ThreadPoolExecutor.java:1149)
	at java.util.concurrent.ThreadPoolExecutor$Worker.run(ThreadPoolExecutor.java:624)
	at java.lang.Thread.run(Thread.java:748)
2019-10-02 10:21:39,697 [java.util.concurrent.ThreadPoolExecutor$Worker@6055a4fd[State = -1, empty queue]] WARN  util.TimeoutScheduler (LogUtils.java:runAndLog(55)) - Failed to task #0: java.lang.NullPointerException
2019-10-02 10:21:42,895 [Thread-825] INFO  impl.FollowerState (FollowerState.java:run(108)) - cc1fcddd-974e-4515-9faf-cb0b34c0ae51@group-ACEF7C529229-FollowerState: change to CANDIDATE, lastRpcTime:5026ms, electionTimeout:5026ms
2019-10-02 10:21:42,895 [Thread-825] INFO  impl.RoleInfo (RoleInfo.java:shutdownFollowerState(121)) - cc1fcddd-974e-4515-9faf-cb0b34c0ae51: shutdown FollowerState
2019-10-02 10:21:42,896 [Thread-825] INFO  impl.RaftServerImpl (RaftServerImpl.java:setRole(170)) - cc1fcddd-974e-4515-9faf-cb0b34c0ae51@group-ACEF7C529229: changes role from  FOLLOWER to CANDIDATE at term 6 for changeToCandidate
2019-10-02 10:21:42,896 [Thread-825] INFO  impl.RoleInfo (RoleInfo.java:updateAndGet(143)) - cc1fcddd-974e-4515-9faf-cb0b34c0ae51: start LeaderElection
2019-10-02 10:21:43,000 [Thread-824] INFO  impl.FollowerState (FollowerState.java:run(108)) - 298c2419-298a-4ac1-a348-589b955770c1@group-ACEF7C529229-FollowerState: change to CANDIDATE, lastRpcTime:5133ms, electionTimeout:5131ms
2019-10-02 10:21:43,000 [Thread-824] INFO  impl.RoleInfo (RoleInfo.java:shutdownFollowerState(121)) - 298c2419-298a-4ac1-a348-589b955770c1: shutdown FollowerState
2019-10-02 10:21:43,000 [Thread-824] INFO  impl.RaftServerImpl (RaftServerImpl.java:setRole(170)) - 298c2419-298a-4ac1-a348-589b955770c1@group-ACEF7C529229: changes role from  FOLLOWER to CANDIDATE at term 6 for changeToCandidate
2019-10-02 10:21:43,000 [Thread-824] INFO  impl.RoleInfo (RoleInfo.java:updateAndGet(143)) - 298c2419-298a-4ac1-a348-589b955770c1: start LeaderElection
2019-10-02 10:21:43,043 [Thread-823] INFO  impl.FollowerState (FollowerState.java:run(108)) - b70c9021-8da6-41e6-a976-daf4f7fbddb8@group-ACEF7C529229-FollowerState: change to CANDIDATE, lastRpcTime:5183ms, electionTimeout:5183ms
2019-10-02 10:21:43,043 [Thread-823] INFO  impl.RoleInfo (RoleInfo.java:shutdownFollowerState(121)) - b70c9021-8da6-41e6-a976-daf4f7fbddb8: shutdown FollowerState
2019-10-02 10:21:43,044 [Thread-823] INFO  impl.RaftServerImpl (RaftServerImpl.java:setRole(170)) - b70c9021-8da6-41e6-a976-daf4f7fbddb8@group-ACEF7C529229: changes role from  FOLLOWER to CANDIDATE at term 6 for changeToCandidate
2019-10-02 10:21:43,044 [Thread-823] INFO  impl.RoleInfo (RoleInfo.java:updateAndGet(143)) - b70c9021-8da6-41e6-a976-daf4f7fbddb8: start LeaderElection
2019-10-02 10:21:43,744 [java.util.concurrent.ThreadPoolExecutor$Worker@eee2efb[State = -1, empty queue]] ERROR client.GrpcClientProtocolClient (GrpcClientProtocolClient.java:close(148)) - Unexpected exception while waiting for channel termination
java.lang.InterruptedException
	at java.util.concurrent.locks.AbstractQueuedSynchronizer.tryAcquireSharedNanos(AbstractQueuedSynchronizer.java:1326)
	at java.util.concurrent.CountDownLatch.await(CountDownLatch.java:277)
	at org.apache.ratis.thirdparty.io.grpc.internal.ManagedChannelImpl.awaitTermination(ManagedChannelImpl.java:763)
	at org.apache.ratis.thirdparty.io.grpc.internal.ForwardingManagedChannel.awaitTermination(ForwardingManagedChannel.java:57)
	at org.apache.ratis.thirdparty.io.grpc.internal.ManagedChannelOrphanWrapper.awaitTermination(ManagedChannelOrphanWrapper.java:70)
	at org.apache.ratis.grpc.client.GrpcClientProtocolClient.close(GrpcClientProtocolClient.java:146)
	at org.apache.ratis.util.PeerProxyMap$PeerAndProxy.lambda$close$1(PeerProxyMap.java:74)
	at org.apache.ratis.util.LifeCycle.lambda$checkStateAndClose$2(LifeCycle.java:231)
	at org.apache.ratis.util.LifeCycle.checkStateAndClose(LifeCycle.java:251)
	at org.apache.ratis.util.LifeCycle.checkStateAndClose(LifeCycle.java:229)
	at org.apache.ratis.util.PeerProxyMap$PeerAndProxy.close(PeerProxyMap.java:70)
	at org.apache.ratis.util.PeerProxyMap.resetProxy(PeerProxyMap.java:127)
	at org.apache.ratis.util.PeerProxyMap.handleException(PeerProxyMap.java:136)
	at org.apache.ratis.client.impl.RaftClientRpcWithProxy.handleException(RaftClientRpcWithProxy.java:47)
	at org.apache.ratis.client.impl.RaftClientImpl.handleIOException(RaftClientImpl.java:372)
	at org.apache.ratis.client.impl.OrderedAsync.lambda$sendRequest$10(OrderedAsync.java:236)
	at java.util.concurrent.CompletableFuture.uniExceptionally(CompletableFuture.java:870)
	at java.util.concurrent.CompletableFuture$UniExceptionally.tryFire(CompletableFuture.java:852)
	at java.util.concurrent.CompletableFuture.postComplete(CompletableFuture.java:474)
	at java.util.concurrent.CompletableFuture.completeExceptionally(CompletableFuture.java:1977)
	at org.apache.ratis.grpc.client.GrpcClientProtocolClient$AsyncStreamObservers.lambda$timeoutCheck$3(GrpcClientProtocolClient.java:324)
	at java.util.Optional.ifPresent(Optional.java:159)
	at org.apache.ratis.grpc.client.GrpcClientProtocolClient$AsyncStreamObservers.handleReplyFuture(GrpcClientProtocolClient.java:329)
	at org.apache.ratis.grpc.client.GrpcClientProtocolClient$AsyncStreamObservers.timeoutCheck(GrpcClientProtocolClient.java:324)
	at org.apache.ratis.grpc.client.GrpcClientProtocolClient$AsyncStreamObservers.lambda$onNext$1(GrpcClientProtocolClient.java:318)
	at org.apache.ratis.util.TimeoutScheduler.lambda$onTimeout$0(TimeoutScheduler.java:113)
	at org.apache.ratis.util.TimeoutScheduler.lambda$onTimeout$1(TimeoutScheduler.java:133)
	at org.apache.ratis.util.LogUtils.runAndLog(LogUtils.java:50)
	at org.apache.ratis.util.LogUtils$1.run(LogUtils.java:91)
	at java.util.concurrent.Executors$RunnableAdapter.call(Executors.java:511)
	at java.util.concurrent.FutureTask.run(FutureTask.java:266)
	at java.util.concurrent.ScheduledThreadPoolExecutor$ScheduledFutureTask.access$201(ScheduledThreadPoolExecutor.java:180)
	at java.util.concurrent.ScheduledThreadPoolExecutor$ScheduledFutureTask.run(ScheduledThreadPoolExecutor.java:293)
	at java.util.concurrent.ThreadPoolExecutor.runWorker(ThreadPoolExecutor.java:1149)
	at java.util.concurrent.ThreadPoolExecutor$Worker.run(ThreadPoolExecutor.java:624)
	at java.lang.Thread.run(Thread.java:748)
2019-10-02 10:21:43,745 [java.util.concurrent.ThreadPoolExecutor$Worker@eee2efb[State = -1, empty queue]] WARN  util.TimeoutScheduler (LogUtils.java:runAndLog(55)) - Failed to task #0: java.lang.NullPointerException
2019-10-02 10:21:45,095 [b70c9021-8da6-41e6-a976-daf4f7fbddb8@group-ACEF7C529229-LeaderElection35] INFO  impl.LeaderElection (LeaderElection.java:askForVotes(178)) - b70c9021-8da6-41e6-a976-daf4f7fbddb8@group-ACEF7C529229-LeaderElection35: begin an election at term 7 for -1: [cc1fcddd-974e-4515-9faf-cb0b34c0ae51:192.168.151.92:40331, 298c2419-298a-4ac1-a348-589b955770c1:192.168.151.92:40159, b70c9021-8da6-41e6-a976-daf4f7fbddb8:192.168.151.92:38657], old=null
2019-10-02 10:21:45,095 [cc1fcddd-974e-4515-9faf-cb0b34c0ae51@group-ACEF7C529229-LeaderElection33] INFO  impl.LeaderElection (LeaderElection.java:askForVotes(178)) - cc1fcddd-974e-4515-9faf-cb0b34c0ae51@group-ACEF7C529229-LeaderElection33: begin an election at term 7 for -1: [cc1fcddd-974e-4515-9faf-cb0b34c0ae51:192.168.151.92:40331, 298c2419-298a-4ac1-a348-589b955770c1:192.168.151.92:40159, b70c9021-8da6-41e6-a976-daf4f7fbddb8:192.168.151.92:38657], old=null
2019-10-02 10:21:45,095 [298c2419-298a-4ac1-a348-589b955770c1@group-ACEF7C529229-LeaderElection34] INFO  impl.LeaderElection (LeaderElection.java:askForVotes(178)) - 298c2419-298a-4ac1-a348-589b955770c1@group-ACEF7C529229-LeaderElection34: begin an election at term 7 for -1: [cc1fcddd-974e-4515-9faf-cb0b34c0ae51:192.168.151.92:40331, 298c2419-298a-4ac1-a348-589b955770c1:192.168.151.92:40159, b70c9021-8da6-41e6-a976-daf4f7fbddb8:192.168.151.92:38657], old=null
2019-10-02 10:21:45,101 [b70c9021-8da6-41e6-a976-daf4f7fbddb8@group-ACEF7C529229-LeaderElection35] INFO  impl.LeaderElection (LeaderElection.java:logAndReturn(56)) - b70c9021-8da6-41e6-a976-daf4f7fbddb8@group-ACEF7C529229-LeaderElection35: Election REJECTED; received 2 response(s) [b70c9021-8da6-41e6-a976-daf4f7fbddb8<-cc1fcddd-974e-4515-9faf-cb0b34c0ae51#0:FAIL-t7, b70c9021-8da6-41e6-a976-daf4f7fbddb8<-298c2419-298a-4ac1-a348-589b955770c1#0:FAIL-t7] and 0 exception(s); b70c9021-8da6-41e6-a976-daf4f7fbddb8@group-ACEF7C529229:t7, leader=null, voted=b70c9021-8da6-41e6-a976-daf4f7fbddb8, raftlog=b70c9021-8da6-41e6-a976-daf4f7fbddb8@group-ACEF7C529229-SegmentedRaftLog:OPENED:c-1,f-1,i0, conf=-1: [cc1fcddd-974e-4515-9faf-cb0b34c0ae51:192.168.151.92:40331, 298c2419-298a-4ac1-a348-589b955770c1:192.168.151.92:40159, b70c9021-8da6-41e6-a976-daf4f7fbddb8:192.168.151.92:38657], old=null
2019-10-02 10:21:45,101 [b70c9021-8da6-41e6-a976-daf4f7fbddb8@group-ACEF7C529229-LeaderElection35] INFO  impl.RaftServerImpl (RaftServerImpl.java:setRole(170)) - b70c9021-8da6-41e6-a976-daf4f7fbddb8@group-ACEF7C529229: changes role from CANDIDATE to FOLLOWER at term 7 for DISCOVERED_A_NEW_TERM
2019-10-02 10:21:45,101 [b70c9021-8da6-41e6-a976-daf4f7fbddb8@group-ACEF7C529229-LeaderElection35] INFO  impl.RoleInfo (RoleInfo.java:shutdownLeaderElection(134)) - b70c9021-8da6-41e6-a976-daf4f7fbddb8: shutdown LeaderElection
2019-10-02 10:21:45,101 [b70c9021-8da6-41e6-a976-daf4f7fbddb8@group-ACEF7C529229-LeaderElection35] INFO  impl.RoleInfo (RoleInfo.java:updateAndGet(143)) - b70c9021-8da6-41e6-a976-daf4f7fbddb8: start FollowerState
2019-10-02 10:21:45,102 [cc1fcddd-974e-4515-9faf-cb0b34c0ae51@group-ACEF7C529229-LeaderElection33] INFO  impl.LeaderElection (LeaderElection.java:logAndReturn(56)) - cc1fcddd-974e-4515-9faf-cb0b34c0ae51@group-ACEF7C529229-LeaderElection33: Election REJECTED; received 2 response(s) [cc1fcddd-974e-4515-9faf-cb0b34c0ae51<-298c2419-298a-4ac1-a348-589b955770c1#0:FAIL-t7, cc1fcddd-974e-4515-9faf-cb0b34c0ae51<-b70c9021-8da6-41e6-a976-daf4f7fbddb8#0:FAIL-t7] and 0 exception(s); cc1fcddd-974e-4515-9faf-cb0b34c0ae51@group-ACEF7C529229:t7, leader=null, voted=cc1fcddd-974e-4515-9faf-cb0b34c0ae51, raftlog=cc1fcddd-974e-4515-9faf-cb0b34c0ae51@group-ACEF7C529229-SegmentedRaftLog:OPENED:c-1,f-1,i0, conf=-1: [cc1fcddd-974e-4515-9faf-cb0b34c0ae51:192.168.151.92:40331, 298c2419-298a-4ac1-a348-589b955770c1:192.168.151.92:40159, b70c9021-8da6-41e6-a976-daf4f7fbddb8:192.168.151.92:38657], old=null
2019-10-02 10:21:45,105 [cc1fcddd-974e-4515-9faf-cb0b34c0ae51@group-ACEF7C529229-LeaderElection33] INFO  impl.RaftServerImpl (RaftServerImpl.java:setRole(170)) - cc1fcddd-974e-4515-9faf-cb0b34c0ae51@group-ACEF7C529229: changes role from CANDIDATE to FOLLOWER at term 7 for DISCOVERED_A_NEW_TERM
2019-10-02 10:21:45,105 [cc1fcddd-974e-4515-9faf-cb0b34c0ae51@group-ACEF7C529229-LeaderElection33] INFO  impl.RoleInfo (RoleInfo.java:shutdownLeaderElection(134)) - cc1fcddd-974e-4515-9faf-cb0b34c0ae51: shutdown LeaderElection
2019-10-02 10:21:45,106 [cc1fcddd-974e-4515-9faf-cb0b34c0ae51@group-ACEF7C529229-LeaderElection33] INFO  impl.RoleInfo (RoleInfo.java:updateAndGet(143)) - cc1fcddd-974e-4515-9faf-cb0b34c0ae51: start FollowerState
2019-10-02 10:21:45,107 [298c2419-298a-4ac1-a348-589b955770c1@group-ACEF7C529229-LeaderElection34] INFO  impl.LeaderElection (LeaderElection.java:logAndReturn(56)) - 298c2419-298a-4ac1-a348-589b955770c1@group-ACEF7C529229-LeaderElection34: Election REJECTED; received 2 response(s) [298c2419-298a-4ac1-a348-589b955770c1<-cc1fcddd-974e-4515-9faf-cb0b34c0ae51#0:FAIL-t7, 298c2419-298a-4ac1-a348-589b955770c1<-b70c9021-8da6-41e6-a976-daf4f7fbddb8#0:FAIL-t7] and 0 exception(s); 298c2419-298a-4ac1-a348-589b955770c1@group-ACEF7C529229:t7, leader=null, voted=298c2419-298a-4ac1-a348-589b955770c1, raftlog=298c2419-298a-4ac1-a348-589b955770c1@group-ACEF7C529229-SegmentedRaftLog:OPENED:c-1,f-1,i0, conf=-1: [cc1fcddd-974e-4515-9faf-cb0b34c0ae51:192.168.151.92:40331, 298c2419-298a-4ac1-a348-589b955770c1:192.168.151.92:40159, b70c9021-8da6-41e6-a976-daf4f7fbddb8:192.168.151.92:38657], old=null
2019-10-02 10:21:45,109 [298c2419-298a-4ac1-a348-589b955770c1@group-ACEF7C529229-LeaderElection34] INFO  impl.RaftServerImpl (RaftServerImpl.java:setRole(170)) - 298c2419-298a-4ac1-a348-589b955770c1@group-ACEF7C529229: changes role from CANDIDATE to FOLLOWER at term 7 for DISCOVERED_A_NEW_TERM
2019-10-02 10:21:45,109 [298c2419-298a-4ac1-a348-589b955770c1@group-ACEF7C529229-LeaderElection34] INFO  impl.RoleInfo (RoleInfo.java:shutdownLeaderElection(134)) - 298c2419-298a-4ac1-a348-589b955770c1: shutdown LeaderElection
2019-10-02 10:21:45,109 [298c2419-298a-4ac1-a348-589b955770c1@group-ACEF7C529229-LeaderElection34] INFO  impl.RoleInfo (RoleInfo.java:updateAndGet(143)) - 298c2419-298a-4ac1-a348-589b955770c1: start FollowerState
2019-10-02 10:21:47,782 [java.util.concurrent.ThreadPoolExecutor$Worker@3125173c[State = -1, empty queue]] ERROR client.GrpcClientProtocolClient (GrpcClientProtocolClient.java:close(148)) - Unexpected exception while waiting for channel termination
java.lang.InterruptedException
	at java.util.concurrent.locks.AbstractQueuedSynchronizer.tryAcquireSharedNanos(AbstractQueuedSynchronizer.java:1326)
	at java.util.concurrent.CountDownLatch.await(CountDownLatch.java:277)
	at org.apache.ratis.thirdparty.io.grpc.internal.ManagedChannelImpl.awaitTermination(ManagedChannelImpl.java:763)
	at org.apache.ratis.thirdparty.io.grpc.internal.ForwardingManagedChannel.awaitTermination(ForwardingManagedChannel.java:57)
	at org.apache.ratis.thirdparty.io.grpc.internal.ManagedChannelOrphanWrapper.awaitTermination(ManagedChannelOrphanWrapper.java:70)
	at org.apache.ratis.grpc.client.GrpcClientProtocolClient.close(GrpcClientProtocolClient.java:146)
	at org.apache.ratis.util.PeerProxyMap$PeerAndProxy.lambda$close$1(PeerProxyMap.java:74)
	at org.apache.ratis.util.LifeCycle.lambda$checkStateAndClose$2(LifeCycle.java:231)
	at org.apache.ratis.util.LifeCycle.checkStateAndClose(LifeCycle.java:251)
	at org.apache.ratis.util.LifeCycle.checkStateAndClose(LifeCycle.java:229)
	at org.apache.ratis.util.PeerProxyMap$PeerAndProxy.close(PeerProxyMap.java:70)
	at org.apache.ratis.util.PeerProxyMap.resetProxy(PeerProxyMap.java:127)
	at org.apache.ratis.util.PeerProxyMap.handleException(PeerProxyMap.java:136)
	at org.apache.ratis.client.impl.RaftClientRpcWithProxy.handleException(RaftClientRpcWithProxy.java:47)
	at org.apache.ratis.client.impl.RaftClientImpl.handleIOException(RaftClientImpl.java:372)
	at org.apache.ratis.client.impl.OrderedAsync.lambda$sendRequest$10(OrderedAsync.java:236)
	at java.util.concurrent.CompletableFuture.uniExceptionally(CompletableFuture.java:870)
	at java.util.concurrent.CompletableFuture$UniExceptionally.tryFire(CompletableFuture.java:852)
	at java.util.concurrent.CompletableFuture.postComplete(CompletableFuture.java:474)
	at java.util.concurrent.CompletableFuture.completeExceptionally(CompletableFuture.java:1977)
	at org.apache.ratis.grpc.client.GrpcClientProtocolClient$AsyncStreamObservers.lambda$timeoutCheck$3(GrpcClientProtocolClient.java:324)
	at java.util.Optional.ifPresent(Optional.java:159)
	at org.apache.ratis.grpc.client.GrpcClientProtocolClient$AsyncStreamObservers.handleReplyFuture(GrpcClientProtocolClient.java:329)
	at org.apache.ratis.grpc.client.GrpcClientProtocolClient$AsyncStreamObservers.timeoutCheck(GrpcClientProtocolClient.java:324)
	at org.apache.ratis.grpc.client.GrpcClientProtocolClient$AsyncStreamObservers.lambda$onNext$1(GrpcClientProtocolClient.java:318)
	at org.apache.ratis.util.TimeoutScheduler.lambda$onTimeout$0(TimeoutScheduler.java:113)
	at org.apache.ratis.util.TimeoutScheduler.lambda$onTimeout$1(TimeoutScheduler.java:133)
	at org.apache.ratis.util.LogUtils.runAndLog(LogUtils.java:50)
	at org.apache.ratis.util.LogUtils$1.run(LogUtils.java:91)
	at java.util.concurrent.Executors$RunnableAdapter.call(Executors.java:511)
	at java.util.concurrent.FutureTask.run(FutureTask.java:266)
	at java.util.concurrent.ScheduledThreadPoolExecutor$ScheduledFutureTask.access$201(ScheduledThreadPoolExecutor.java:180)
	at java.util.concurrent.ScheduledThreadPoolExecutor$ScheduledFutureTask.run(ScheduledThreadPoolExecutor.java:293)
	at java.util.concurrent.ThreadPoolExecutor.runWorker(ThreadPoolExecutor.java:1149)
	at java.util.concurrent.ThreadPoolExecutor$Worker.run(ThreadPoolExecutor.java:624)
	at java.lang.Thread.run(Thread.java:748)
2019-10-02 10:21:47,786 [java.util.concurrent.ThreadPoolExecutor$Worker@3125173c[State = -1, empty queue]] WARN  util.TimeoutScheduler (LogUtils.java:runAndLog(55)) - Failed to task #0: java.lang.NullPointerException
2019-10-02 10:21:50,257 [Thread-848] INFO  impl.FollowerState (FollowerState.java:run(108)) - cc1fcddd-974e-4515-9faf-cb0b34c0ae51@group-ACEF7C529229-FollowerState: change to CANDIDATE, lastRpcTime:5151ms, electionTimeout:5151ms
2019-10-02 10:21:50,257 [Thread-848] INFO  impl.RoleInfo (RoleInfo.java:shutdownFollowerState(121)) - cc1fcddd-974e-4515-9faf-cb0b34c0ae51: shutdown FollowerState
2019-10-02 10:21:50,258 [Thread-848] INFO  impl.RaftServerImpl (RaftServerImpl.java:setRole(170)) - cc1fcddd-974e-4515-9faf-cb0b34c0ae51@group-ACEF7C529229: changes role from  FOLLOWER to CANDIDATE at term 7 for changeToCandidate
2019-10-02 10:21:50,258 [Thread-848] INFO  impl.RoleInfo (RoleInfo.java:updateAndGet(143)) - cc1fcddd-974e-4515-9faf-cb0b34c0ae51: start LeaderElection
2019-10-02 10:21:50,275 [Thread-847] INFO  impl.FollowerState (FollowerState.java:run(108)) - b70c9021-8da6-41e6-a976-daf4f7fbddb8@group-ACEF7C529229-FollowerState: change to CANDIDATE, lastRpcTime:5173ms, electionTimeout:5169ms
2019-10-02 10:21:50,275 [Thread-847] INFO  impl.RoleInfo (RoleInfo.java:shutdownFollowerState(121)) - b70c9021-8da6-41e6-a976-daf4f7fbddb8: shutdown FollowerState
2019-10-02 10:21:50,275 [Thread-847] INFO  impl.RaftServerImpl (RaftServerImpl.java:setRole(170)) - b70c9021-8da6-41e6-a976-daf4f7fbddb8@group-ACEF7C529229: changes role from  FOLLOWER to CANDIDATE at term 7 for changeToCandidate
2019-10-02 10:21:50,275 [Thread-847] INFO  impl.RoleInfo (RoleInfo.java:updateAndGet(143)) - b70c9021-8da6-41e6-a976-daf4f7fbddb8: start LeaderElection
2019-10-02 10:21:50,275 [cc1fcddd-974e-4515-9faf-cb0b34c0ae51@group-ACEF7C529229-LeaderElection36] INFO  impl.LeaderElection (LeaderElection.java:askForVotes(178)) - cc1fcddd-974e-4515-9faf-cb0b34c0ae51@group-ACEF7C529229-LeaderElection36: begin an election at term 8 for -1: [cc1fcddd-974e-4515-9faf-cb0b34c0ae51:192.168.151.92:40331, 298c2419-298a-4ac1-a348-589b955770c1:192.168.151.92:40159, b70c9021-8da6-41e6-a976-daf4f7fbddb8:192.168.151.92:38657], old=null
2019-10-02 10:21:50,281 [grpc-default-executor-2] INFO  impl.RaftServerImpl (RaftServerImpl.java:setRole(170)) - 298c2419-298a-4ac1-a348-589b955770c1@group-ACEF7C529229: changes role from  FOLLOWER to FOLLOWER at term 8 for recognizeCandidate:cc1fcddd-974e-4515-9faf-cb0b34c0ae51
2019-10-02 10:21:50,281 [grpc-default-executor-2] INFO  impl.RoleInfo (RoleInfo.java:shutdownFollowerState(121)) - 298c2419-298a-4ac1-a348-589b955770c1: shutdown FollowerState
2019-10-02 10:21:50,281 [grpc-default-executor-2] INFO  impl.RoleInfo (RoleInfo.java:updateAndGet(143)) - 298c2419-298a-4ac1-a348-589b955770c1: start FollowerState
2019-10-02 10:21:50,281 [Thread-849] INFO  impl.FollowerState (FollowerState.java:run(117)) - 298c2419-298a-4ac1-a348-589b955770c1@group-ACEF7C529229-FollowerState was interrupted: java.lang.InterruptedException: sleep interrupted
2019-10-02 10:21:50,284 [b70c9021-8da6-41e6-a976-daf4f7fbddb8@group-ACEF7C529229-LeaderElection37] INFO  impl.LeaderElection (LeaderElection.java:askForVotes(178)) - b70c9021-8da6-41e6-a976-daf4f7fbddb8@group-ACEF7C529229-LeaderElection37: begin an election at term 8 for -1: [cc1fcddd-974e-4515-9faf-cb0b34c0ae51:192.168.151.92:40331, 298c2419-298a-4ac1-a348-589b955770c1:192.168.151.92:40159, b70c9021-8da6-41e6-a976-daf4f7fbddb8:192.168.151.92:38657], old=null
2019-10-02 10:21:50,288 [cc1fcddd-974e-4515-9faf-cb0b34c0ae51@group-ACEF7C529229-LeaderElection36] INFO  impl.LeaderElection (LeaderElection.java:logAndReturn(56)) - cc1fcddd-974e-4515-9faf-cb0b34c0ae51@group-ACEF7C529229-LeaderElection36: Election PASSED; received 2 response(s) [cc1fcddd-974e-4515-9faf-cb0b34c0ae51<-b70c9021-8da6-41e6-a976-daf4f7fbddb8#0:FAIL-t8, cc1fcddd-974e-4515-9faf-cb0b34c0ae51<-298c2419-298a-4ac1-a348-589b955770c1#0:OK-t8] and 0 exception(s); cc1fcddd-974e-4515-9faf-cb0b34c0ae51@group-ACEF7C529229:t8, leader=null, voted=cc1fcddd-974e-4515-9faf-cb0b34c0ae51, raftlog=cc1fcddd-974e-4515-9faf-cb0b34c0ae51@group-ACEF7C529229-SegmentedRaftLog:OPENED:c-1,f-1,i0, conf=-1: [cc1fcddd-974e-4515-9faf-cb0b34c0ae51:192.168.151.92:40331, 298c2419-298a-4ac1-a348-589b955770c1:192.168.151.92:40159, b70c9021-8da6-41e6-a976-daf4f7fbddb8:192.168.151.92:38657], old=null
2019-10-02 10:21:50,288 [b70c9021-8da6-41e6-a976-daf4f7fbddb8@group-ACEF7C529229-LeaderElection37] INFO  impl.LeaderElection (LeaderElection.java:logAndReturn(56)) - b70c9021-8da6-41e6-a976-daf4f7fbddb8@group-ACEF7C529229-LeaderElection37: Election REJECTED; received 2 response(s) [b70c9021-8da6-41e6-a976-daf4f7fbddb8<-cc1fcddd-974e-4515-9faf-cb0b34c0ae51#0:FAIL-t8, b70c9021-8da6-41e6-a976-daf4f7fbddb8<-298c2419-298a-4ac1-a348-589b955770c1#0:FAIL-t8] and 0 exception(s); b70c9021-8da6-41e6-a976-daf4f7fbddb8@group-ACEF7C529229:t8, leader=null, voted=b70c9021-8da6-41e6-a976-daf4f7fbddb8, raftlog=b70c9021-8da6-41e6-a976-daf4f7fbddb8@group-ACEF7C529229-SegmentedRaftLog:OPENED:c-1,f-1,i0, conf=-1: [cc1fcddd-974e-4515-9faf-cb0b34c0ae51:192.168.151.92:40331, 298c2419-298a-4ac1-a348-589b955770c1:192.168.151.92:40159, b70c9021-8da6-41e6-a976-daf4f7fbddb8:192.168.151.92:38657], old=null
2019-10-02 10:21:50,289 [cc1fcddd-974e-4515-9faf-cb0b34c0ae51@group-ACEF7C529229-LeaderElection36] INFO  impl.RoleInfo (RoleInfo.java:shutdownLeaderElection(134)) - cc1fcddd-974e-4515-9faf-cb0b34c0ae51: shutdown LeaderElection
2019-10-02 10:21:50,291 [b70c9021-8da6-41e6-a976-daf4f7fbddb8@group-ACEF7C529229-LeaderElection37] INFO  impl.RaftServerImpl (RaftServerImpl.java:setRole(170)) - b70c9021-8da6-41e6-a976-daf4f7fbddb8@group-ACEF7C529229: changes role from CANDIDATE to FOLLOWER at term 8 for DISCOVERED_A_NEW_TERM
2019-10-02 10:21:50,293 [cc1fcddd-974e-4515-9faf-cb0b34c0ae51@group-ACEF7C529229-LeaderElection36] INFO  impl.RaftServerImpl (RaftServerImpl.java:setRole(170)) - cc1fcddd-974e-4515-9faf-cb0b34c0ae51@group-ACEF7C529229: changes role from CANDIDATE to LEADER at term 8 for changeToLeader
2019-10-02 10:21:50,293 [b70c9021-8da6-41e6-a976-daf4f7fbddb8@group-ACEF7C529229-LeaderElection37] INFO  impl.RoleInfo (RoleInfo.java:shutdownLeaderElection(134)) - b70c9021-8da6-41e6-a976-daf4f7fbddb8: shutdown LeaderElection
2019-10-02 10:21:50,293 [cc1fcddd-974e-4515-9faf-cb0b34c0ae51@group-ACEF7C529229-LeaderElection36] INFO  impl.RaftServerImpl (ServerState.java:setLeader(255)) - cc1fcddd-974e-4515-9faf-cb0b34c0ae51@group-ACEF7C529229: change Leader from null to cc1fcddd-974e-4515-9faf-cb0b34c0ae51 at term 8 for becomeLeader, leader elected after 47876ms
2019-10-02 10:21:50,293 [b70c9021-8da6-41e6-a976-daf4f7fbddb8@group-ACEF7C529229-LeaderElection37] INFO  impl.RoleInfo (RoleInfo.java:updateAndGet(143)) - b70c9021-8da6-41e6-a976-daf4f7fbddb8: start FollowerState
2019-10-02 10:21:50,293 [cc1fcddd-974e-4515-9faf-cb0b34c0ae51@group-ACEF7C529229-LeaderElection36] INFO  server.RaftServerConfigKeys (ConfUtils.java:logGet(43)) - raft.server.staging.catchup.gap = 1000 (default)
2019-10-02 10:21:50,294 [cc1fcddd-974e-4515-9faf-cb0b34c0ae51@group-ACEF7C529229-LeaderElection36] INFO  server.RaftServerConfigKeys (ConfUtils.java:logGet(43)) - raft.server.rpc.sleep.time = 25ms (default)
2019-10-02 10:21:50,294 [cc1fcddd-974e-4515-9faf-cb0b34c0ae51@group-ACEF7C529229-LeaderElection36] INFO  server.RaftServerConfigKeys (ConfUtils.java:logGet(43)) - raft.server.write.element-limit = 4096 (default)
2019-10-02 10:21:50,294 [cc1fcddd-974e-4515-9faf-cb0b34c0ae51@group-ACEF7C529229-LeaderElection36] INFO  server.RaftServerConfigKeys (ConfUtils.java:logGet(43)) - raft.server.watch.timeout = 10s (default)
2019-10-02 10:21:50,294 [cc1fcddd-974e-4515-9faf-cb0b34c0ae51@group-ACEF7C529229-LeaderElection36] INFO  server.RaftServerConfigKeys (ConfUtils.java:logGet(43)) - raft.server.watch.timeout.denomination = 1s (default)
2019-10-02 10:21:50,295 [cc1fcddd-974e-4515-9faf-cb0b34c0ae51@group-ACEF7C529229-LeaderElection36] INFO  server.RaftServerConfigKeys (ConfUtils.java:logGet(43)) - raft.server.watch.element-limit = 65536 (default)
2019-10-02 10:21:50,299 [cc1fcddd-974e-4515-9faf-cb0b34c0ae51@group-ACEF7C529229-LeaderElection36] INFO  server.RaftServerConfigKeys (ConfUtils.java:logGet(43)) - raft.server.log.appender.snapshot.chunk.size.max = 16MB (=16777216) (default)
2019-10-02 10:21:50,299 [cc1fcddd-974e-4515-9faf-cb0b34c0ae51@group-ACEF7C529229-LeaderElection36] INFO  server.RaftServerConfigKeys (ConfUtils.java:logGet(43)) - raft.server.log.appender.buffer.byte-limit = 33554432 (custom)
2019-10-02 10:21:50,299 [cc1fcddd-974e-4515-9faf-cb0b34c0ae51@group-ACEF7C529229-LeaderElection36] INFO  server.RaftServerConfigKeys (ConfUtils.java:logGet(43)) - raft.server.log.appender.buffer.element-limit = 1 (custom)
2019-10-02 10:21:50,299 [cc1fcddd-974e-4515-9faf-cb0b34c0ae51@group-ACEF7C529229-LeaderElection36] INFO  grpc.GrpcConfigKeys$Server (ConfUtils.java:logGet(43)) - raft.grpc.server.leader.outstanding.appends.max = 128 (default)
2019-10-02 10:21:50,299 [cc1fcddd-974e-4515-9faf-cb0b34c0ae51@group-ACEF7C529229-LeaderElection36] INFO  server.RaftServerConfigKeys (ConfUtils.java:logGet(43)) - raft.server.rpc.request.timeout = 3000ms (default)
2019-10-02 10:21:50,300 [cc1fcddd-974e-4515-9faf-cb0b34c0ae51@group-ACEF7C529229-LeaderElection36] INFO  server.RaftServerConfigKeys (ConfUtils.java:logGet(43)) - raft.server.log.appender.install.snapshot.enabled = false (custom)
2019-10-02 10:21:50,300 [cc1fcddd-974e-4515-9faf-cb0b34c0ae51@group-ACEF7C529229-LeaderElection36] INFO  server.RaftServerConfigKeys (ConfUtils.java:logGet(43)) - raft.server.log.appender.snapshot.chunk.size.max = 16MB (=16777216) (default)
2019-10-02 10:21:50,300 [cc1fcddd-974e-4515-9faf-cb0b34c0ae51@group-ACEF7C529229-LeaderElection36] INFO  server.RaftServerConfigKeys (ConfUtils.java:logGet(43)) - raft.server.log.appender.buffer.byte-limit = 33554432 (custom)
2019-10-02 10:21:50,300 [cc1fcddd-974e-4515-9faf-cb0b34c0ae51@group-ACEF7C529229-LeaderElection36] INFO  server.RaftServerConfigKeys (ConfUtils.java:logGet(43)) - raft.server.log.appender.buffer.element-limit = 1 (custom)
2019-10-02 10:21:50,300 [cc1fcddd-974e-4515-9faf-cb0b34c0ae51@group-ACEF7C529229-LeaderElection36] INFO  grpc.GrpcConfigKeys$Server (ConfUtils.java:logGet(43)) - raft.grpc.server.leader.outstanding.appends.max = 128 (default)
2019-10-02 10:21:50,301 [cc1fcddd-974e-4515-9faf-cb0b34c0ae51@group-ACEF7C529229-LeaderElection36] INFO  server.RaftServerConfigKeys (ConfUtils.java:logGet(43)) - raft.server.rpc.request.timeout = 3000ms (default)
2019-10-02 10:21:50,301 [cc1fcddd-974e-4515-9faf-cb0b34c0ae51@group-ACEF7C529229-LeaderElection36] INFO  server.RaftServerConfigKeys (ConfUtils.java:logGet(43)) - raft.server.log.appender.install.snapshot.enabled = false (custom)
2019-10-02 10:21:50,301 [cc1fcddd-974e-4515-9faf-cb0b34c0ae51@group-ACEF7C529229-LeaderElection36] INFO  impl.RoleInfo (RoleInfo.java:updateAndGet(143)) - cc1fcddd-974e-4515-9faf-cb0b34c0ae51: start LeaderState
2019-10-02 10:21:50,301 [cc1fcddd-974e-4515-9faf-cb0b34c0ae51@group-ACEF7C529229-LeaderElection36] INFO  segmented.SegmentedRaftLogWorker (SegmentedRaftLogWorker.java:startLogSegment(385)) - cc1fcddd-974e-4515-9faf-cb0b34c0ae51@group-ACEF7C529229-SegmentedRaftLogWorker: Starting segment from index:0
2019-10-02 10:21:50,302 [cc1fcddd-974e-4515-9faf-cb0b34c0ae51@group-ACEF7C529229-LeaderElection36] INFO  impl.RaftServerImpl (ServerState.java:setRaftConf(356)) - cc1fcddd-974e-4515-9faf-cb0b34c0ae51@group-ACEF7C529229: set configuration 0: [cc1fcddd-974e-4515-9faf-cb0b34c0ae51:192.168.151.92:40331, 298c2419-298a-4ac1-a348-589b955770c1:192.168.151.92:40159, b70c9021-8da6-41e6-a976-daf4f7fbddb8:192.168.151.92:38657], old=null at 0
2019-10-02 10:21:50,304 [grpc-default-executor-10] INFO  impl.RaftServerImpl (ServerState.java:setLeader(255)) - b70c9021-8da6-41e6-a976-daf4f7fbddb8@group-ACEF7C529229: change Leader from null to cc1fcddd-974e-4515-9faf-cb0b34c0ae51 at term 8 for appendEntries, leader elected after 47888ms
2019-10-02 10:21:50,306 [grpc-default-executor-10] INFO  impl.RaftServerImpl (ServerState.java:setLeader(255)) - 298c2419-298a-4ac1-a348-589b955770c1@group-ACEF7C529229: change Leader from null to cc1fcddd-974e-4515-9faf-cb0b34c0ae51 at term 8 for appendEntries, leader elected after 47890ms
2019-10-02 10:21:50,308 [grpc-default-executor-10] INFO  impl.RaftServerImpl (ServerState.java:setRaftConf(356)) - b70c9021-8da6-41e6-a976-daf4f7fbddb8@group-ACEF7C529229: set configuration 0: [cc1fcddd-974e-4515-9faf-cb0b34c0ae51:192.168.151.92:40331, 298c2419-298a-4ac1-a348-589b955770c1:192.168.151.92:40159, b70c9021-8da6-41e6-a976-daf4f7fbddb8:192.168.151.92:38657], old=null at 0
2019-10-02 10:21:50,309 [grpc-default-executor-10] INFO  segmented.SegmentedRaftLogWorker (SegmentedRaftLogWorker.java:startLogSegment(385)) - b70c9021-8da6-41e6-a976-daf4f7fbddb8@group-ACEF7C529229-SegmentedRaftLogWorker: Starting segment from index:0
2019-10-02 10:21:50,309 [grpc-default-executor-12] INFO  impl.RaftServerImpl (ServerState.java:setRaftConf(356)) - 298c2419-298a-4ac1-a348-589b955770c1@group-ACEF7C529229: set configuration 0: [cc1fcddd-974e-4515-9faf-cb0b34c0ae51:192.168.151.92:40331, 298c2419-298a-4ac1-a348-589b955770c1:192.168.151.92:40159, b70c9021-8da6-41e6-a976-daf4f7fbddb8:192.168.151.92:38657], old=null at 0
2019-10-02 10:21:50,309 [grpc-default-executor-12] INFO  segmented.SegmentedRaftLogWorker (SegmentedRaftLogWorker.java:startLogSegment(385)) - 298c2419-298a-4ac1-a348-589b955770c1@group-ACEF7C529229-SegmentedRaftLogWorker: Starting segment from index:0
2019-10-02 10:21:50,345 [cc1fcddd-974e-4515-9faf-cb0b34c0ae51@group-ACEF7C529229-SegmentedRaftLogWorker] INFO  segmented.SegmentedRaftLogWorker (SegmentedRaftLogWorker.java:execute(574)) - cc1fcddd-974e-4515-9faf-cb0b34c0ae51@group-ACEF7C529229-SegmentedRaftLogWorker: created new log segment /workdir/hadoop-ozone/integration-test/target/test-dir/MiniOzoneClusterImpl-a60b818f-4dd1-4965-bff3-fb44efcd9a0b/datanode-6/data/ratis/7c101626-31d1-4984-b9b4-acef7c529229/current/log_inprogress_0
2019-10-02 10:21:50,345 [b70c9021-8da6-41e6-a976-daf4f7fbddb8@group-ACEF7C529229-SegmentedRaftLogWorker] INFO  segmented.SegmentedRaftLogWorker (SegmentedRaftLogWorker.java:execute(574)) - b70c9021-8da6-41e6-a976-daf4f7fbddb8@group-ACEF7C529229-SegmentedRaftLogWorker: created new log segment /workdir/hadoop-ozone/integration-test/target/test-dir/MiniOzoneClusterImpl-a60b818f-4dd1-4965-bff3-fb44efcd9a0b/datanode-2/data/ratis/7c101626-31d1-4984-b9b4-acef7c529229/current/log_inprogress_0
2019-10-02 10:21:50,345 [298c2419-298a-4ac1-a348-589b955770c1@group-ACEF7C529229-SegmentedRaftLogWorker] INFO  segmented.SegmentedRaftLogWorker (SegmentedRaftLogWorker.java:execute(574)) - 298c2419-298a-4ac1-a348-589b955770c1@group-ACEF7C529229-SegmentedRaftLogWorker: created new log segment /workdir/hadoop-ozone/integration-test/target/test-dir/MiniOzoneClusterImpl-a60b818f-4dd1-4965-bff3-fb44efcd9a0b/datanode-5/data/ratis/7c101626-31d1-4984-b9b4-acef7c529229/current/log_inprogress_0
2019-10-02 10:21:51,832 [java.util.concurrent.ThreadPoolExecutor$Worker@4d2fb3c6[State = -1, empty queue]] ERROR client.GrpcClientProtocolClient (GrpcClientProtocolClient.java:close(148)) - Unexpected exception while waiting for channel termination
java.lang.InterruptedException
	at java.util.concurrent.locks.AbstractQueuedSynchronizer.tryAcquireSharedNanos(AbstractQueuedSynchronizer.java:1326)
	at java.util.concurrent.CountDownLatch.await(CountDownLatch.java:277)
	at org.apache.ratis.thirdparty.io.grpc.internal.ManagedChannelImpl.awaitTermination(ManagedChannelImpl.java:763)
	at org.apache.ratis.thirdparty.io.grpc.internal.ForwardingManagedChannel.awaitTermination(ForwardingManagedChannel.java:57)
	at org.apache.ratis.thirdparty.io.grpc.internal.ManagedChannelOrphanWrapper.awaitTermination(ManagedChannelOrphanWrapper.java:70)
	at org.apache.ratis.grpc.client.GrpcClientProtocolClient.close(GrpcClientProtocolClient.java:146)
	at org.apache.ratis.util.PeerProxyMap$PeerAndProxy.lambda$close$1(PeerProxyMap.java:74)
	at org.apache.ratis.util.LifeCycle.lambda$checkStateAndClose$2(LifeCycle.java:231)
	at org.apache.ratis.util.LifeCycle.checkStateAndClose(LifeCycle.java:251)
	at org.apache.ratis.util.LifeCycle.checkStateAndClose(LifeCycle.java:229)
	at org.apache.ratis.util.PeerProxyMap$PeerAndProxy.close(PeerProxyMap.java:70)
	at org.apache.ratis.util.PeerProxyMap.resetProxy(PeerProxyMap.java:127)
	at org.apache.ratis.util.PeerProxyMap.handleException(PeerProxyMap.java:136)
	at org.apache.ratis.client.impl.RaftClientRpcWithProxy.handleException(RaftClientRpcWithProxy.java:47)
	at org.apache.ratis.client.impl.RaftClientImpl.handleIOException(RaftClientImpl.java:372)
	at org.apache.ratis.client.impl.OrderedAsync.lambda$sendRequest$10(OrderedAsync.java:236)
	at java.util.concurrent.CompletableFuture.uniExceptionally(CompletableFuture.java:870)
	at java.util.concurrent.CompletableFuture$UniExceptionally.tryFire(CompletableFuture.java:852)
	at java.util.concurrent.CompletableFuture.postComplete(CompletableFuture.java:474)
	at java.util.concurrent.CompletableFuture.completeExceptionally(CompletableFuture.java:1977)
	at org.apache.ratis.grpc.client.GrpcClientProtocolClient$AsyncStreamObservers.lambda$timeoutCheck$3(GrpcClientProtocolClient.java:324)
	at java.util.Optional.ifPresent(Optional.java:159)
	at org.apache.ratis.grpc.client.GrpcClientProtocolClient$AsyncStreamObservers.handleReplyFuture(GrpcClientProtocolClient.java:329)
	at org.apache.ratis.grpc.client.GrpcClientProtocolClient$AsyncStreamObservers.timeoutCheck(GrpcClientProtocolClient.java:324)
	at org.apache.ratis.grpc.client.GrpcClientProtocolClient$AsyncStreamObservers.lambda$onNext$1(GrpcClientProtocolClient.java:318)
	at org.apache.ratis.util.TimeoutScheduler.lambda$onTimeout$0(TimeoutScheduler.java:113)
	at org.apache.ratis.util.TimeoutScheduler.lambda$onTimeout$1(TimeoutScheduler.java:133)
	at org.apache.ratis.util.LogUtils.runAndLog(LogUtils.java:50)
	at org.apache.ratis.util.LogUtils$1.run(LogUtils.java:91)
	at java.util.concurrent.Executors$RunnableAdapter.call(Executors.java:511)
	at java.util.concurrent.FutureTask.run(FutureTask.java:266)
	at java.util.concurrent.ScheduledThreadPoolExecutor$ScheduledFutureTask.access$201(ScheduledThreadPoolExecutor.java:180)
	at java.util.concurrent.ScheduledThreadPoolExecutor$ScheduledFutureTask.run(ScheduledThreadPoolExecutor.java:293)
	at java.util.concurrent.ThreadPoolExecutor.runWorker(ThreadPoolExecutor.java:1149)
	at java.util.concurrent.ThreadPoolExecutor$Worker.run(ThreadPoolExecutor.java:624)
	at java.lang.Thread.run(Thread.java:748)
2019-10-02 10:21:51,833 [java.util.concurrent.ThreadPoolExecutor$Worker@4d2fb3c6[State = -1, empty queue]] WARN  util.TimeoutScheduler (LogUtils.java:runAndLog(55)) - Failed to task #0: java.lang.NullPointerException
2019-10-02 10:21:55,871 [java.util.concurrent.ThreadPoolExecutor$Worker@a20a2c5[State = -1, empty queue]] ERROR client.GrpcClientProtocolClient (GrpcClientProtocolClient.java:close(148)) - Unexpected exception while waiting for channel termination
java.lang.InterruptedException
	at java.util.concurrent.locks.AbstractQueuedSynchronizer.tryAcquireSharedNanos(AbstractQueuedSynchronizer.java:1326)
	at java.util.concurrent.CountDownLatch.await(CountDownLatch.java:277)
	at org.apache.ratis.thirdparty.io.grpc.internal.ManagedChannelImpl.awaitTermination(ManagedChannelImpl.java:763)
	at org.apache.ratis.thirdparty.io.grpc.internal.ForwardingManagedChannel.awaitTermination(ForwardingManagedChannel.java:57)
	at org.apache.ratis.thirdparty.io.grpc.internal.ManagedChannelOrphanWrapper.awaitTermination(ManagedChannelOrphanWrapper.java:70)
	at org.apache.ratis.grpc.client.GrpcClientProtocolClient.close(GrpcClientProtocolClient.java:146)
	at org.apache.ratis.util.PeerProxyMap$PeerAndProxy.lambda$close$1(PeerProxyMap.java:74)
	at org.apache.ratis.util.LifeCycle.lambda$checkStateAndClose$2(LifeCycle.java:231)
	at org.apache.ratis.util.LifeCycle.checkStateAndClose(LifeCycle.java:251)
	at org.apache.ratis.util.LifeCycle.checkStateAndClose(LifeCycle.java:229)
	at org.apache.ratis.util.PeerProxyMap$PeerAndProxy.close(PeerProxyMap.java:70)
	at org.apache.ratis.util.PeerProxyMap.resetProxy(PeerProxyMap.java:127)
	at org.apache.ratis.util.PeerProxyMap.handleException(PeerProxyMap.java:136)
	at org.apache.ratis.client.impl.RaftClientRpcWithProxy.handleException(RaftClientRpcWithProxy.java:47)
	at org.apache.ratis.client.impl.RaftClientImpl.handleIOException(RaftClientImpl.java:372)
	at org.apache.ratis.client.impl.OrderedAsync.lambda$sendRequest$10(OrderedAsync.java:236)
	at java.util.concurrent.CompletableFuture.uniExceptionally(CompletableFuture.java:870)
	at java.util.concurrent.CompletableFuture$UniExceptionally.tryFire(CompletableFuture.java:852)
	at java.util.concurrent.CompletableFuture.postComplete(CompletableFuture.java:474)
	at java.util.concurrent.CompletableFuture.completeExceptionally(CompletableFuture.java:1977)
	at org.apache.ratis.grpc.client.GrpcClientProtocolClient$AsyncStreamObservers.lambda$timeoutCheck$3(GrpcClientProtocolClient.java:324)
	at java.util.Optional.ifPresent(Optional.java:159)
	at org.apache.ratis.grpc.client.GrpcClientProtocolClient$AsyncStreamObservers.handleReplyFuture(GrpcClientProtocolClient.java:329)
	at org.apache.ratis.grpc.client.GrpcClientProtocolClient$AsyncStreamObservers.timeoutCheck(GrpcClientProtocolClient.java:324)
	at org.apache.ratis.grpc.client.GrpcClientProtocolClient$AsyncStreamObservers.lambda$onNext$1(GrpcClientProtocolClient.java:318)
	at org.apache.ratis.util.TimeoutScheduler.lambda$onTimeout$0(TimeoutScheduler.java:113)
	at org.apache.ratis.util.TimeoutScheduler.lambda$onTimeout$1(TimeoutScheduler.java:133)
	at org.apache.ratis.util.LogUtils.runAndLog(LogUtils.java:50)
	at org.apache.ratis.util.LogUtils$1.run(LogUtils.java:91)
	at java.util.concurrent.Executors$RunnableAdapter.call(Executors.java:511)
	at java.util.concurrent.FutureTask.run(FutureTask.java:266)
	at java.util.concurrent.ScheduledThreadPoolExecutor$ScheduledFutureTask.access$201(ScheduledThreadPoolExecutor.java:180)
	at java.util.concurrent.ScheduledThreadPoolExecutor$ScheduledFutureTask.run(ScheduledThreadPoolExecutor.java:293)
	at java.util.concurrent.ThreadPoolExecutor.runWorker(ThreadPoolExecutor.java:1149)
	at java.util.concurrent.ThreadPoolExecutor$Worker.run(ThreadPoolExecutor.java:624)
	at java.lang.Thread.run(Thread.java:748)
2019-10-02 10:21:55,874 [java.util.concurrent.ThreadPoolExecutor$Worker@a20a2c5[State = -1, empty queue]] WARN  util.TimeoutScheduler (LogUtils.java:runAndLog(55)) - Failed to task #0: java.lang.NullPointerException
2019-10-02 10:21:59,907 [java.util.concurrent.ThreadPoolExecutor$Worker@44c98a7e[State = -1, empty queue]] ERROR client.GrpcClientProtocolClient (GrpcClientProtocolClient.java:close(148)) - Unexpected exception while waiting for channel termination
java.lang.InterruptedException
	at java.util.concurrent.locks.AbstractQueuedSynchronizer.tryAcquireSharedNanos(AbstractQueuedSynchronizer.java:1326)
	at java.util.concurrent.CountDownLatch.await(CountDownLatch.java:277)
	at org.apache.ratis.thirdparty.io.grpc.internal.ManagedChannelImpl.awaitTermination(ManagedChannelImpl.java:763)
	at org.apache.ratis.thirdparty.io.grpc.internal.ForwardingManagedChannel.awaitTermination(ForwardingManagedChannel.java:57)
	at org.apache.ratis.thirdparty.io.grpc.internal.ManagedChannelOrphanWrapper.awaitTermination(ManagedChannelOrphanWrapper.java:70)
	at org.apache.ratis.grpc.client.GrpcClientProtocolClient.close(GrpcClientProtocolClient.java:146)
	at org.apache.ratis.util.PeerProxyMap$PeerAndProxy.lambda$close$1(PeerProxyMap.java:74)
	at org.apache.ratis.util.LifeCycle.lambda$checkStateAndClose$2(LifeCycle.java:231)
	at org.apache.ratis.util.LifeCycle.checkStateAndClose(LifeCycle.java:251)
	at org.apache.ratis.util.LifeCycle.checkStateAndClose(LifeCycle.java:229)
	at org.apache.ratis.util.PeerProxyMap$PeerAndProxy.close(PeerProxyMap.java:70)
	at org.apache.ratis.util.PeerProxyMap.resetProxy(PeerProxyMap.java:127)
	at org.apache.ratis.util.PeerProxyMap.handleException(PeerProxyMap.java:136)
	at org.apache.ratis.client.impl.RaftClientRpcWithProxy.handleException(RaftClientRpcWithProxy.java:47)
	at org.apache.ratis.client.impl.RaftClientImpl.handleIOException(RaftClientImpl.java:372)
	at org.apache.ratis.client.impl.OrderedAsync.lambda$sendRequest$10(OrderedAsync.java:236)
	at java.util.concurrent.CompletableFuture.uniExceptionally(CompletableFuture.java:870)
	at java.util.concurrent.CompletableFuture$UniExceptionally.tryFire(CompletableFuture.java:852)
	at java.util.concurrent.CompletableFuture.postComplete(CompletableFuture.java:474)
	at java.util.concurrent.CompletableFuture.completeExceptionally(CompletableFuture.java:1977)
	at org.apache.ratis.grpc.client.GrpcClientProtocolClient$AsyncStreamObservers.lambda$timeoutCheck$3(GrpcClientProtocolClient.java:324)
	at java.util.Optional.ifPresent(Optional.java:159)
	at org.apache.ratis.grpc.client.GrpcClientProtocolClient$AsyncStreamObservers.handleReplyFuture(GrpcClientProtocolClient.java:329)
	at org.apache.ratis.grpc.client.GrpcClientProtocolClient$AsyncStreamObservers.timeoutCheck(GrpcClientProtocolClient.java:324)
	at org.apache.ratis.grpc.client.GrpcClientProtocolClient$AsyncStreamObservers.lambda$onNext$1(GrpcClientProtocolClient.java:318)
	at org.apache.ratis.util.TimeoutScheduler.lambda$onTimeout$0(TimeoutScheduler.java:113)
	at org.apache.ratis.util.TimeoutScheduler.lambda$onTimeout$1(TimeoutScheduler.java:133)
	at org.apache.ratis.util.LogUtils.runAndLog(LogUtils.java:50)
	at org.apache.ratis.util.LogUtils$1.run(LogUtils.java:91)
	at java.util.concurrent.Executors$RunnableAdapter.call(Executors.java:511)
	at java.util.concurrent.FutureTask.run(FutureTask.java:266)
	at java.util.concurrent.ScheduledThreadPoolExecutor$ScheduledFutureTask.access$201(ScheduledThreadPoolExecutor.java:180)
	at java.util.concurrent.ScheduledThreadPoolExecutor$ScheduledFutureTask.run(ScheduledThreadPoolExecutor.java:293)
	at java.util.concurrent.ThreadPoolExecutor.runWorker(ThreadPoolExecutor.java:1149)
	at java.util.concurrent.ThreadPoolExecutor$Worker.run(ThreadPoolExecutor.java:624)
	at java.lang.Thread.run(Thread.java:748)
2019-10-02 10:21:59,909 [java.util.concurrent.ThreadPoolExecutor$Worker@44c98a7e[State = -1, empty queue]] WARN  util.TimeoutScheduler (LogUtils.java:runAndLog(55)) - Failed to task #0: java.lang.NullPointerException
2019-10-02 10:22:03,959 [java.util.concurrent.ThreadPoolExecutor$Worker@208ff1ce[State = -1, empty queue]] ERROR client.GrpcClientProtocolClient (GrpcClientProtocolClient.java:close(148)) - Unexpected exception while waiting for channel termination
java.lang.InterruptedException
	at java.util.concurrent.locks.AbstractQueuedSynchronizer.tryAcquireSharedNanos(AbstractQueuedSynchronizer.java:1326)
	at java.util.concurrent.CountDownLatch.await(CountDownLatch.java:277)
	at org.apache.ratis.thirdparty.io.grpc.internal.ManagedChannelImpl.awaitTermination(ManagedChannelImpl.java:763)
	at org.apache.ratis.thirdparty.io.grpc.internal.ForwardingManagedChannel.awaitTermination(ForwardingManagedChannel.java:57)
	at org.apache.ratis.thirdparty.io.grpc.internal.ManagedChannelOrphanWrapper.awaitTermination(ManagedChannelOrphanWrapper.java:70)
	at org.apache.ratis.grpc.client.GrpcClientProtocolClient.close(GrpcClientProtocolClient.java:146)
	at org.apache.ratis.util.PeerProxyMap$PeerAndProxy.lambda$close$1(PeerProxyMap.java:74)
	at org.apache.ratis.util.LifeCycle.lambda$checkStateAndClose$2(LifeCycle.java:231)
	at org.apache.ratis.util.LifeCycle.checkStateAndClose(LifeCycle.java:251)
	at org.apache.ratis.util.LifeCycle.checkStateAndClose(LifeCycle.java:229)
	at org.apache.ratis.util.PeerProxyMap$PeerAndProxy.close(PeerProxyMap.java:70)
	at org.apache.ratis.util.PeerProxyMap.resetProxy(PeerProxyMap.java:127)
	at org.apache.ratis.util.PeerProxyMap.handleException(PeerProxyMap.java:136)
	at org.apache.ratis.client.impl.RaftClientRpcWithProxy.handleException(RaftClientRpcWithProxy.java:47)
	at org.apache.ratis.client.impl.RaftClientImpl.handleIOException(RaftClientImpl.java:372)
	at org.apache.ratis.client.impl.OrderedAsync.lambda$sendRequest$10(OrderedAsync.java:236)
	at java.util.concurrent.CompletableFuture.uniExceptionally(CompletableFuture.java:870)
	at java.util.concurrent.CompletableFuture$UniExceptionally.tryFire(CompletableFuture.java:852)
	at java.util.concurrent.CompletableFuture.postComplete(CompletableFuture.java:474)
	at java.util.concurrent.CompletableFuture.completeExceptionally(CompletableFuture.java:1977)
	at org.apache.ratis.grpc.client.GrpcClientProtocolClient$AsyncStreamObservers.lambda$timeoutCheck$3(GrpcClientProtocolClient.java:324)
	at java.util.Optional.ifPresent(Optional.java:159)
	at org.apache.ratis.grpc.client.GrpcClientProtocolClient$AsyncStreamObservers.handleReplyFuture(GrpcClientProtocolClient.java:329)
	at org.apache.ratis.grpc.client.GrpcClientProtocolClient$AsyncStreamObservers.timeoutCheck(GrpcClientProtocolClient.java:324)
	at org.apache.ratis.grpc.client.GrpcClientProtocolClient$AsyncStreamObservers.lambda$onNext$1(GrpcClientProtocolClient.java:318)
	at org.apache.ratis.util.TimeoutScheduler.lambda$onTimeout$0(TimeoutScheduler.java:113)
	at org.apache.ratis.util.TimeoutScheduler.lambda$onTimeout$1(TimeoutScheduler.java:133)
	at org.apache.ratis.util.LogUtils.runAndLog(LogUtils.java:50)
	at org.apache.ratis.util.LogUtils$1.run(LogUtils.java:91)
	at java.util.concurrent.Executors$RunnableAdapter.call(Executors.java:511)
	at java.util.concurrent.FutureTask.run(FutureTask.java:266)
	at java.util.concurrent.ScheduledThreadPoolExecutor$ScheduledFutureTask.access$201(ScheduledThreadPoolExecutor.java:180)
	at java.util.concurrent.ScheduledThreadPoolExecutor$ScheduledFutureTask.run(ScheduledThreadPoolExecutor.java:293)
	at java.util.concurrent.ThreadPoolExecutor.runWorker(ThreadPoolExecutor.java:1149)
	at java.util.concurrent.ThreadPoolExecutor$Worker.run(ThreadPoolExecutor.java:624)
	at java.lang.Thread.run(Thread.java:748)
2019-10-02 10:22:03,962 [java.util.concurrent.ThreadPoolExecutor$Worker@208ff1ce[State = -1, empty queue]] WARN  util.TimeoutScheduler (LogUtils.java:runAndLog(55)) - Failed to task #0: java.lang.NullPointerException
2019-10-02 10:22:08,008 [java.util.concurrent.ThreadPoolExecutor$Worker@66941187[State = -1, empty queue]] ERROR client.GrpcClientProtocolClient (GrpcClientProtocolClient.java:close(148)) - Unexpected exception while waiting for channel termination
java.lang.InterruptedException
	at java.util.concurrent.locks.AbstractQueuedSynchronizer.tryAcquireSharedNanos(AbstractQueuedSynchronizer.java:1326)
	at java.util.concurrent.CountDownLatch.await(CountDownLatch.java:277)
	at org.apache.ratis.thirdparty.io.grpc.internal.ManagedChannelImpl.awaitTermination(ManagedChannelImpl.java:763)
	at org.apache.ratis.thirdparty.io.grpc.internal.ForwardingManagedChannel.awaitTermination(ForwardingManagedChannel.java:57)
	at org.apache.ratis.thirdparty.io.grpc.internal.ManagedChannelOrphanWrapper.awaitTermination(ManagedChannelOrphanWrapper.java:70)
	at org.apache.ratis.grpc.client.GrpcClientProtocolClient.close(GrpcClientProtocolClient.java:146)
	at org.apache.ratis.util.PeerProxyMap$PeerAndProxy.lambda$close$1(PeerProxyMap.java:74)
	at org.apache.ratis.util.LifeCycle.lambda$checkStateAndClose$2(LifeCycle.java:231)
	at org.apache.ratis.util.LifeCycle.checkStateAndClose(LifeCycle.java:251)
	at org.apache.ratis.util.LifeCycle.checkStateAndClose(LifeCycle.java:229)
	at org.apache.ratis.util.PeerProxyMap$PeerAndProxy.close(PeerProxyMap.java:70)
	at org.apache.ratis.util.PeerProxyMap.resetProxy(PeerProxyMap.java:127)
	at org.apache.ratis.util.PeerProxyMap.handleException(PeerProxyMap.java:136)
	at org.apache.ratis.client.impl.RaftClientRpcWithProxy.handleException(RaftClientRpcWithProxy.java:47)
	at org.apache.ratis.client.impl.RaftClientImpl.handleIOException(RaftClientImpl.java:372)
	at org.apache.ratis.client.impl.OrderedAsync.lambda$sendRequest$10(OrderedAsync.java:236)
	at java.util.concurrent.CompletableFuture.uniExceptionally(CompletableFuture.java:870)
	at java.util.concurrent.CompletableFuture$UniExceptionally.tryFire(CompletableFuture.java:852)
	at java.util.concurrent.CompletableFuture.postComplete(CompletableFuture.java:474)
	at java.util.concurrent.CompletableFuture.completeExceptionally(CompletableFuture.java:1977)
	at org.apache.ratis.grpc.client.GrpcClientProtocolClient$AsyncStreamObservers.lambda$timeoutCheck$3(GrpcClientProtocolClient.java:324)
	at java.util.Optional.ifPresent(Optional.java:159)
	at org.apache.ratis.grpc.client.GrpcClientProtocolClient$AsyncStreamObservers.handleReplyFuture(GrpcClientProtocolClient.java:329)
	at org.apache.ratis.grpc.client.GrpcClientProtocolClient$AsyncStreamObservers.timeoutCheck(GrpcClientProtocolClient.java:324)
	at org.apache.ratis.grpc.client.GrpcClientProtocolClient$AsyncStreamObservers.lambda$onNext$1(GrpcClientProtocolClient.java:318)
	at org.apache.ratis.util.TimeoutScheduler.lambda$onTimeout$0(TimeoutScheduler.java:113)
	at org.apache.ratis.util.TimeoutScheduler.lambda$onTimeout$1(TimeoutScheduler.java:133)
	at org.apache.ratis.util.LogUtils.runAndLog(LogUtils.java:50)
	at org.apache.ratis.util.LogUtils$1.run(LogUtils.java:91)
	at java.util.concurrent.Executors$RunnableAdapter.call(Executors.java:511)
	at java.util.concurrent.FutureTask.run(FutureTask.java:266)
	at java.util.concurrent.ScheduledThreadPoolExecutor$ScheduledFutureTask.access$201(ScheduledThreadPoolExecutor.java:180)
	at java.util.concurrent.ScheduledThreadPoolExecutor$ScheduledFutureTask.run(ScheduledThreadPoolExecutor.java:293)
	at java.util.concurrent.ThreadPoolExecutor.runWorker(ThreadPoolExecutor.java:1149)
	at java.util.concurrent.ThreadPoolExecutor$Worker.run(ThreadPoolExecutor.java:624)
	at java.lang.Thread.run(Thread.java:748)
2019-10-02 10:22:08,011 [java.util.concurrent.ThreadPoolExecutor$Worker@66941187[State = -1, empty queue]] WARN  util.TimeoutScheduler (LogUtils.java:runAndLog(55)) - Failed to task #0: java.lang.NullPointerException
2019-10-02 10:22:12,039 [java.util.concurrent.ThreadPoolExecutor$Worker@47f67318[State = -1, empty queue]] ERROR client.GrpcClientProtocolClient (GrpcClientProtocolClient.java:close(148)) - Unexpected exception while waiting for channel termination
java.lang.InterruptedException
	at java.util.concurrent.locks.AbstractQueuedSynchronizer.tryAcquireSharedNanos(AbstractQueuedSynchronizer.java:1326)
	at java.util.concurrent.CountDownLatch.await(CountDownLatch.java:277)
	at org.apache.ratis.thirdparty.io.grpc.internal.ManagedChannelImpl.awaitTermination(ManagedChannelImpl.java:763)
	at org.apache.ratis.thirdparty.io.grpc.internal.ForwardingManagedChannel.awaitTermination(ForwardingManagedChannel.java:57)
	at org.apache.ratis.thirdparty.io.grpc.internal.ManagedChannelOrphanWrapper.awaitTermination(ManagedChannelOrphanWrapper.java:70)
	at org.apache.ratis.grpc.client.GrpcClientProtocolClient.close(GrpcClientProtocolClient.java:146)
	at org.apache.ratis.util.PeerProxyMap$PeerAndProxy.lambda$close$1(PeerProxyMap.java:74)
	at org.apache.ratis.util.LifeCycle.lambda$checkStateAndClose$2(LifeCycle.java:231)
	at org.apache.ratis.util.LifeCycle.checkStateAndClose(LifeCycle.java:251)
	at org.apache.ratis.util.LifeCycle.checkStateAndClose(LifeCycle.java:229)
	at org.apache.ratis.util.PeerProxyMap$PeerAndProxy.close(PeerProxyMap.java:70)
	at org.apache.ratis.util.PeerProxyMap.resetProxy(PeerProxyMap.java:127)
	at org.apache.ratis.util.PeerProxyMap.handleException(PeerProxyMap.java:136)
	at org.apache.ratis.client.impl.RaftClientRpcWithProxy.handleException(RaftClientRpcWithProxy.java:47)
	at org.apache.ratis.client.impl.RaftClientImpl.handleIOException(RaftClientImpl.java:372)
	at org.apache.ratis.client.impl.OrderedAsync.lambda$sendRequest$10(OrderedAsync.java:236)
	at java.util.concurrent.CompletableFuture.uniExceptionally(CompletableFuture.java:870)
	at java.util.concurrent.CompletableFuture$UniExceptionally.tryFire(CompletableFuture.java:852)
	at java.util.concurrent.CompletableFuture.postComplete(CompletableFuture.java:474)
	at java.util.concurrent.CompletableFuture.completeExceptionally(CompletableFuture.java:1977)
	at org.apache.ratis.grpc.client.GrpcClientProtocolClient$AsyncStreamObservers.lambda$timeoutCheck$3(GrpcClientProtocolClient.java:324)
	at java.util.Optional.ifPresent(Optional.java:159)
	at org.apache.ratis.grpc.client.GrpcClientProtocolClient$AsyncStreamObservers.handleReplyFuture(GrpcClientProtocolClient.java:329)
	at org.apache.ratis.grpc.client.GrpcClientProtocolClient$AsyncStreamObservers.timeoutCheck(GrpcClientProtocolClient.java:324)
	at org.apache.ratis.grpc.client.GrpcClientProtocolClient$AsyncStreamObservers.lambda$onNext$1(GrpcClientProtocolClient.java:318)
	at org.apache.ratis.util.TimeoutScheduler.lambda$onTimeout$0(TimeoutScheduler.java:113)
	at org.apache.ratis.util.TimeoutScheduler.lambda$onTimeout$1(TimeoutScheduler.java:133)
	at org.apache.ratis.util.LogUtils.runAndLog(LogUtils.java:50)
	at org.apache.ratis.util.LogUtils$1.run(LogUtils.java:91)
	at java.util.concurrent.Executors$RunnableAdapter.call(Executors.java:511)
	at java.util.concurrent.FutureTask.run(FutureTask.java:266)
	at java.util.concurrent.ScheduledThreadPoolExecutor$ScheduledFutureTask.access$201(ScheduledThreadPoolExecutor.java:180)
	at java.util.concurrent.ScheduledThreadPoolExecutor$ScheduledFutureTask.run(ScheduledThreadPoolExecutor.java:293)
	at java.util.concurrent.ThreadPoolExecutor.runWorker(ThreadPoolExecutor.java:1149)
	at java.util.concurrent.ThreadPoolExecutor$Worker.run(ThreadPoolExecutor.java:624)
	at java.lang.Thread.run(Thread.java:748)
2019-10-02 10:22:12,041 [java.util.concurrent.ThreadPoolExecutor$Worker@47f67318[State = -1, empty queue]] WARN  util.TimeoutScheduler (LogUtils.java:runAndLog(55)) - Failed to task #0: java.lang.NullPointerException
2019-10-02 10:22:16,071 [java.util.concurrent.ThreadPoolExecutor$Worker@3f81b2c4[State = -1, empty queue]] ERROR client.GrpcClientProtocolClient (GrpcClientProtocolClient.java:close(148)) - Unexpected exception while waiting for channel termination
java.lang.InterruptedException
	at java.util.concurrent.locks.AbstractQueuedSynchronizer.tryAcquireSharedNanos(AbstractQueuedSynchronizer.java:1326)
	at java.util.concurrent.CountDownLatch.await(CountDownLatch.java:277)
	at org.apache.ratis.thirdparty.io.grpc.internal.ManagedChannelImpl.awaitTermination(ManagedChannelImpl.java:763)
	at org.apache.ratis.thirdparty.io.grpc.internal.ForwardingManagedChannel.awaitTermination(ForwardingManagedChannel.java:57)
	at org.apache.ratis.thirdparty.io.grpc.internal.ManagedChannelOrphanWrapper.awaitTermination(ManagedChannelOrphanWrapper.java:70)
	at org.apache.ratis.grpc.client.GrpcClientProtocolClient.close(GrpcClientProtocolClient.java:146)
	at org.apache.ratis.util.PeerProxyMap$PeerAndProxy.lambda$close$1(PeerProxyMap.java:74)
	at org.apache.ratis.util.LifeCycle.lambda$checkStateAndClose$2(LifeCycle.java:231)
	at org.apache.ratis.util.LifeCycle.checkStateAndClose(LifeCycle.java:251)
	at org.apache.ratis.util.LifeCycle.checkStateAndClose(LifeCycle.java:229)
	at org.apache.ratis.util.PeerProxyMap$PeerAndProxy.close(PeerProxyMap.java:70)
	at org.apache.ratis.util.PeerProxyMap.resetProxy(PeerProxyMap.java:127)
	at org.apache.ratis.util.PeerProxyMap.handleException(PeerProxyMap.java:136)
	at org.apache.ratis.client.impl.RaftClientRpcWithProxy.handleException(RaftClientRpcWithProxy.java:47)
	at org.apache.ratis.client.impl.RaftClientImpl.handleIOException(RaftClientImpl.java:372)
	at org.apache.ratis.client.impl.OrderedAsync.lambda$sendRequest$10(OrderedAsync.java:236)
	at java.util.concurrent.CompletableFuture.uniExceptionally(CompletableFuture.java:870)
	at java.util.concurrent.CompletableFuture$UniExceptionally.tryFire(CompletableFuture.java:852)
	at java.util.concurrent.CompletableFuture.postComplete(CompletableFuture.java:474)
	at java.util.concurrent.CompletableFuture.completeExceptionally(CompletableFuture.java:1977)
	at org.apache.ratis.grpc.client.GrpcClientProtocolClient$AsyncStreamObservers.lambda$timeoutCheck$3(GrpcClientProtocolClient.java:324)
	at java.util.Optional.ifPresent(Optional.java:159)
	at org.apache.ratis.grpc.client.GrpcClientProtocolClient$AsyncStreamObservers.handleReplyFuture(GrpcClientProtocolClient.java:329)
	at org.apache.ratis.grpc.client.GrpcClientProtocolClient$AsyncStreamObservers.timeoutCheck(GrpcClientProtocolClient.java:324)
	at org.apache.ratis.grpc.client.GrpcClientProtocolClient$AsyncStreamObservers.lambda$onNext$1(GrpcClientProtocolClient.java:318)
	at org.apache.ratis.util.TimeoutScheduler.lambda$onTimeout$0(TimeoutScheduler.java:113)
	at org.apache.ratis.util.TimeoutScheduler.lambda$onTimeout$1(TimeoutScheduler.java:133)
	at org.apache.ratis.util.LogUtils.runAndLog(LogUtils.java:50)
	at org.apache.ratis.util.LogUtils$1.run(LogUtils.java:91)
	at java.util.concurrent.Executors$RunnableAdapter.call(Executors.java:511)
	at java.util.concurrent.FutureTask.run(FutureTask.java:266)
	at java.util.concurrent.ScheduledThreadPoolExecutor$ScheduledFutureTask.access$201(ScheduledThreadPoolExecutor.java:180)
	at java.util.concurrent.ScheduledThreadPoolExecutor$ScheduledFutureTask.run(ScheduledThreadPoolExecutor.java:293)
	at java.util.concurrent.ThreadPoolExecutor.runWorker(ThreadPoolExecutor.java:1149)
	at java.util.concurrent.ThreadPoolExecutor$Worker.run(ThreadPoolExecutor.java:624)
	at java.lang.Thread.run(Thread.java:748)
2019-10-02 10:22:16,081 [java.util.concurrent.ThreadPoolExecutor$Worker@3f81b2c4[State = -1, empty queue]] WARN  util.TimeoutScheduler (LogUtils.java:runAndLog(55)) - Failed to task #0: java.lang.NullPointerException
2019-10-02 10:22:20,116 [java.util.concurrent.ThreadPoolExecutor$Worker@2753829c[State = -1, empty queue]] ERROR client.GrpcClientProtocolClient (GrpcClientProtocolClient.java:close(148)) - Unexpected exception while waiting for channel termination
java.lang.InterruptedException
	at java.util.concurrent.locks.AbstractQueuedSynchronizer.tryAcquireSharedNanos(AbstractQueuedSynchronizer.java:1326)
	at java.util.concurrent.CountDownLatch.await(CountDownLatch.java:277)
	at org.apache.ratis.thirdparty.io.grpc.internal.ManagedChannelImpl.awaitTermination(ManagedChannelImpl.java:763)
	at org.apache.ratis.thirdparty.io.grpc.internal.ForwardingManagedChannel.awaitTermination(ForwardingManagedChannel.java:57)
	at org.apache.ratis.thirdparty.io.grpc.internal.ManagedChannelOrphanWrapper.awaitTermination(ManagedChannelOrphanWrapper.java:70)
	at org.apache.ratis.grpc.client.GrpcClientProtocolClient.close(GrpcClientProtocolClient.java:146)
	at org.apache.ratis.util.PeerProxyMap$PeerAndProxy.lambda$close$1(PeerProxyMap.java:74)
	at org.apache.ratis.util.LifeCycle.lambda$checkStateAndClose$2(LifeCycle.java:231)
	at org.apache.ratis.util.LifeCycle.checkStateAndClose(LifeCycle.java:251)
	at org.apache.ratis.util.LifeCycle.checkStateAndClose(LifeCycle.java:229)
	at org.apache.ratis.util.PeerProxyMap$PeerAndProxy.close(PeerProxyMap.java:70)
	at org.apache.ratis.util.PeerProxyMap.resetProxy(PeerProxyMap.java:127)
	at org.apache.ratis.util.PeerProxyMap.handleException(PeerProxyMap.java:136)
	at org.apache.ratis.client.impl.RaftClientRpcWithProxy.handleException(RaftClientRpcWithProxy.java:47)
	at org.apache.ratis.client.impl.RaftClientImpl.handleIOException(RaftClientImpl.java:372)
	at org.apache.ratis.client.impl.OrderedAsync.lambda$sendRequest$10(OrderedAsync.java:236)
	at java.util.concurrent.CompletableFuture.uniExceptionally(CompletableFuture.java:870)
	at java.util.concurrent.CompletableFuture$UniExceptionally.tryFire(CompletableFuture.java:852)
	at java.util.concurrent.CompletableFuture.postComplete(CompletableFuture.java:474)
	at java.util.concurrent.CompletableFuture.completeExceptionally(CompletableFuture.java:1977)
	at org.apache.ratis.grpc.client.GrpcClientProtocolClient$AsyncStreamObservers.lambda$timeoutCheck$3(GrpcClientProtocolClient.java:324)
	at java.util.Optional.ifPresent(Optional.java:159)
	at org.apache.ratis.grpc.client.GrpcClientProtocolClient$AsyncStreamObservers.handleReplyFuture(GrpcClientProtocolClient.java:329)
	at org.apache.ratis.grpc.client.GrpcClientProtocolClient$AsyncStreamObservers.timeoutCheck(GrpcClientProtocolClient.java:324)
	at org.apache.ratis.grpc.client.GrpcClientProtocolClient$AsyncStreamObservers.lambda$onNext$1(GrpcClientProtocolClient.java:318)
	at org.apache.ratis.util.TimeoutScheduler.lambda$onTimeout$0(TimeoutScheduler.java:113)
	at org.apache.ratis.util.TimeoutScheduler.lambda$onTimeout$1(TimeoutScheduler.java:133)
	at org.apache.ratis.util.LogUtils.runAndLog(LogUtils.java:50)
	at org.apache.ratis.util.LogUtils$1.run(LogUtils.java:91)
	at java.util.concurrent.Executors$RunnableAdapter.call(Executors.java:511)
	at java.util.concurrent.FutureTask.run(FutureTask.java:266)
	at java.util.concurrent.ScheduledThreadPoolExecutor$ScheduledFutureTask.access$201(ScheduledThreadPoolExecutor.java:180)
	at java.util.concurrent.ScheduledThreadPoolExecutor$ScheduledFutureTask.run(ScheduledThreadPoolExecutor.java:293)
	at java.util.concurrent.ThreadPoolExecutor.runWorker(ThreadPoolExecutor.java:1149)
	at java.util.concurrent.ThreadPoolExecutor$Worker.run(ThreadPoolExecutor.java:624)
	at java.lang.Thread.run(Thread.java:748)
2019-10-02 10:22:20,118 [java.util.concurrent.ThreadPoolExecutor$Worker@2753829c[State = -1, empty queue]] WARN  util.TimeoutScheduler (LogUtils.java:runAndLog(55)) - Failed to task #0: java.lang.NullPointerException
2019-10-02 10:22:24,158 [java.util.concurrent.ThreadPoolExecutor$Worker@1c48e15e[State = -1, empty queue]] ERROR client.GrpcClientProtocolClient (GrpcClientProtocolClient.java:close(148)) - Unexpected exception while waiting for channel termination
java.lang.InterruptedException
	at java.util.concurrent.locks.AbstractQueuedSynchronizer.tryAcquireSharedNanos(AbstractQueuedSynchronizer.java:1326)
	at java.util.concurrent.CountDownLatch.await(CountDownLatch.java:277)
	at org.apache.ratis.thirdparty.io.grpc.internal.ManagedChannelImpl.awaitTermination(ManagedChannelImpl.java:763)
	at org.apache.ratis.thirdparty.io.grpc.internal.ForwardingManagedChannel.awaitTermination(ForwardingManagedChannel.java:57)
	at org.apache.ratis.thirdparty.io.grpc.internal.ManagedChannelOrphanWrapper.awaitTermination(ManagedChannelOrphanWrapper.java:70)
	at org.apache.ratis.grpc.client.GrpcClientProtocolClient.close(GrpcClientProtocolClient.java:146)
	at org.apache.ratis.util.PeerProxyMap$PeerAndProxy.lambda$close$1(PeerProxyMap.java:74)
	at org.apache.ratis.util.LifeCycle.lambda$checkStateAndClose$2(LifeCycle.java:231)
	at org.apache.ratis.util.LifeCycle.checkStateAndClose(LifeCycle.java:251)
	at org.apache.ratis.util.LifeCycle.checkStateAndClose(LifeCycle.java:229)
	at org.apache.ratis.util.PeerProxyMap$PeerAndProxy.close(PeerProxyMap.java:70)
	at org.apache.ratis.util.PeerProxyMap.resetProxy(PeerProxyMap.java:127)
	at org.apache.ratis.util.PeerProxyMap.handleException(PeerProxyMap.java:136)
	at org.apache.ratis.client.impl.RaftClientRpcWithProxy.handleException(RaftClientRpcWithProxy.java:47)
	at org.apache.ratis.client.impl.RaftClientImpl.handleIOException(RaftClientImpl.java:372)
	at org.apache.ratis.client.impl.OrderedAsync.lambda$sendRequest$10(OrderedAsync.java:236)
	at java.util.concurrent.CompletableFuture.uniExceptionally(CompletableFuture.java:870)
	at java.util.concurrent.CompletableFuture$UniExceptionally.tryFire(CompletableFuture.java:852)
	at java.util.concurrent.CompletableFuture.postComplete(CompletableFuture.java:474)
	at java.util.concurrent.CompletableFuture.completeExceptionally(CompletableFuture.java:1977)
	at org.apache.ratis.grpc.client.GrpcClientProtocolClient$AsyncStreamObservers.lambda$timeoutCheck$3(GrpcClientProtocolClient.java:324)
	at java.util.Optional.ifPresent(Optional.java:159)
	at org.apache.ratis.grpc.client.GrpcClientProtocolClient$AsyncStreamObservers.handleReplyFuture(GrpcClientProtocolClient.java:329)
	at org.apache.ratis.grpc.client.GrpcClientProtocolClient$AsyncStreamObservers.timeoutCheck(GrpcClientProtocolClient.java:324)
	at org.apache.ratis.grpc.client.GrpcClientProtocolClient$AsyncStreamObservers.lambda$onNext$1(GrpcClientProtocolClient.java:318)
	at org.apache.ratis.util.TimeoutScheduler.lambda$onTimeout$0(TimeoutScheduler.java:113)
	at org.apache.ratis.util.TimeoutScheduler.lambda$onTimeout$1(TimeoutScheduler.java:133)
	at org.apache.ratis.util.LogUtils.runAndLog(LogUtils.java:50)
	at org.apache.ratis.util.LogUtils$1.run(LogUtils.java:91)
	at java.util.concurrent.Executors$RunnableAdapter.call(Executors.java:511)
	at java.util.concurrent.FutureTask.run(FutureTask.java:266)
	at java.util.concurrent.ScheduledThreadPoolExecutor$ScheduledFutureTask.access$201(ScheduledThreadPoolExecutor.java:180)
	at java.util.concurrent.ScheduledThreadPoolExecutor$ScheduledFutureTask.run(ScheduledThreadPoolExecutor.java:293)
	at java.util.concurrent.ThreadPoolExecutor.runWorker(ThreadPoolExecutor.java:1149)
	at java.util.concurrent.ThreadPoolExecutor$Worker.run(ThreadPoolExecutor.java:624)
	at java.lang.Thread.run(Thread.java:748)
2019-10-02 10:22:24,159 [java.util.concurrent.ThreadPoolExecutor$Worker@1c48e15e[State = -1, empty queue]] WARN  util.TimeoutScheduler (LogUtils.java:runAndLog(55)) - Failed to task #0: java.lang.NullPointerException
2019-10-02 10:22:28,201 [java.util.concurrent.ThreadPoolExecutor$Worker@4b99b745[State = -1, empty queue]] ERROR client.GrpcClientProtocolClient (GrpcClientProtocolClient.java:close(148)) - Unexpected exception while waiting for channel termination
java.lang.InterruptedException
	at java.util.concurrent.locks.AbstractQueuedSynchronizer.tryAcquireSharedNanos(AbstractQueuedSynchronizer.java:1326)
	at java.util.concurrent.CountDownLatch.await(CountDownLatch.java:277)
	at org.apache.ratis.thirdparty.io.grpc.internal.ManagedChannelImpl.awaitTermination(ManagedChannelImpl.java:763)
	at org.apache.ratis.thirdparty.io.grpc.internal.ForwardingManagedChannel.awaitTermination(ForwardingManagedChannel.java:57)
	at org.apache.ratis.thirdparty.io.grpc.internal.ManagedChannelOrphanWrapper.awaitTermination(ManagedChannelOrphanWrapper.java:70)
	at org.apache.ratis.grpc.client.GrpcClientProtocolClient.close(GrpcClientProtocolClient.java:146)
	at org.apache.ratis.util.PeerProxyMap$PeerAndProxy.lambda$close$1(PeerProxyMap.java:74)
	at org.apache.ratis.util.LifeCycle.lambda$checkStateAndClose$2(LifeCycle.java:231)
	at org.apache.ratis.util.LifeCycle.checkStateAndClose(LifeCycle.java:251)
	at org.apache.ratis.util.LifeCycle.checkStateAndClose(LifeCycle.java:229)
	at org.apache.ratis.util.PeerProxyMap$PeerAndProxy.close(PeerProxyMap.java:70)
	at org.apache.ratis.util.PeerProxyMap.resetProxy(PeerProxyMap.java:127)
	at org.apache.ratis.util.PeerProxyMap.handleException(PeerProxyMap.java:136)
	at org.apache.ratis.client.impl.RaftClientRpcWithProxy.handleException(RaftClientRpcWithProxy.java:47)
	at org.apache.ratis.client.impl.RaftClientImpl.handleIOException(RaftClientImpl.java:372)
	at org.apache.ratis.client.impl.OrderedAsync.lambda$sendRequest$10(OrderedAsync.java:236)
	at java.util.concurrent.CompletableFuture.uniExceptionally(CompletableFuture.java:870)
	at java.util.concurrent.CompletableFuture$UniExceptionally.tryFire(CompletableFuture.java:852)
	at java.util.concurrent.CompletableFuture.postComplete(CompletableFuture.java:474)
	at java.util.concurrent.CompletableFuture.completeExceptionally(CompletableFuture.java:1977)
	at org.apache.ratis.grpc.client.GrpcClientProtocolClient$AsyncStreamObservers.lambda$timeoutCheck$3(GrpcClientProtocolClient.java:324)
	at java.util.Optional.ifPresent(Optional.java:159)
	at org.apache.ratis.grpc.client.GrpcClientProtocolClient$AsyncStreamObservers.handleReplyFuture(GrpcClientProtocolClient.java:329)
	at org.apache.ratis.grpc.client.GrpcClientProtocolClient$AsyncStreamObservers.timeoutCheck(GrpcClientProtocolClient.java:324)
	at org.apache.ratis.grpc.client.GrpcClientProtocolClient$AsyncStreamObservers.lambda$onNext$1(GrpcClientProtocolClient.java:318)
	at org.apache.ratis.util.TimeoutScheduler.lambda$onTimeout$0(TimeoutScheduler.java:113)
	at org.apache.ratis.util.TimeoutScheduler.lambda$onTimeout$1(TimeoutScheduler.java:133)
	at org.apache.ratis.util.LogUtils.runAndLog(LogUtils.java:50)
	at org.apache.ratis.util.LogUtils$1.run(LogUtils.java:91)
	at java.util.concurrent.Executors$RunnableAdapter.call(Executors.java:511)
	at java.util.concurrent.FutureTask.run(FutureTask.java:266)
	at java.util.concurrent.ScheduledThreadPoolExecutor$ScheduledFutureTask.access$201(ScheduledThreadPoolExecutor.java:180)
	at java.util.concurrent.ScheduledThreadPoolExecutor$ScheduledFutureTask.run(ScheduledThreadPoolExecutor.java:293)
	at java.util.concurrent.ThreadPoolExecutor.runWorker(ThreadPoolExecutor.java:1149)
	at java.util.concurrent.ThreadPoolExecutor$Worker.run(ThreadPoolExecutor.java:624)
	at java.lang.Thread.run(Thread.java:748)
2019-10-02 10:22:28,204 [java.util.concurrent.ThreadPoolExecutor$Worker@4b99b745[State = -1, empty queue]] WARN  util.TimeoutScheduler (LogUtils.java:runAndLog(55)) - Failed to task #0: java.lang.NullPointerException
2019-10-02 10:22:30,695 [grpc-default-executor-10] INFO  impl.RaftServerProxy (RaftServerProxy.java:remove(95)) - 67f1a5fe-c7be-4ecb-b503-d243409340fd: remove    LEADER 67f1a5fe-c7be-4ecb-b503-d243409340fd@group-DF0A8D14A0B0:t2, leader=67f1a5fe-c7be-4ecb-b503-d243409340fd, voted=67f1a5fe-c7be-4ecb-b503-d243409340fd, raftlog=67f1a5fe-c7be-4ecb-b503-d243409340fd@group-DF0A8D14A0B0-SegmentedRaftLog:OPENED:c0,f0,i2, conf=0: [663b2fe6-68c2-4e66-9671-0aa57c3653e2:192.168.151.92:41388, 67f1a5fe-c7be-4ecb-b503-d243409340fd:192.168.151.92:36198, 438152b3-e18d-41ab-8849-fe8d3376297f:192.168.151.92:40801], old=null RUNNING
2019-10-02 10:22:30,695 [grpc-default-executor-10] INFO  impl.RaftServerImpl (RaftServerImpl.java:lambda$shutdown$3(247)) - 67f1a5fe-c7be-4ecb-b503-d243409340fd@group-DF0A8D14A0B0: shutdown
2019-10-02 10:22:30,696 [grpc-default-executor-10] INFO  util.JmxRegister (JmxRegister.java:unregister(73)) - Successfully un-registered JMX Bean with object name Ratis:service=RaftServer,group=group-DF0A8D14A0B0,id=67f1a5fe-c7be-4ecb-b503-d243409340fd
2019-10-02 10:22:30,696 [grpc-default-executor-10] INFO  impl.RoleInfo (RoleInfo.java:shutdownLeaderState(104)) - 67f1a5fe-c7be-4ecb-b503-d243409340fd: shutdown LeaderState
2019-10-02 10:22:30,700 [grpc-default-executor-10] INFO  impl.PendingRequests (PendingRequests.java:sendNotLeaderResponses(202)) - 67f1a5fe-c7be-4ecb-b503-d243409340fd@group-DF0A8D14A0B0-PendingRequests: sendNotLeaderResponses
2019-10-02 10:22:30,700 [org.apache.ratis.server.impl.LogAppender$AppenderDaemon$$Lambda$688/257982498@6943848] WARN  server.GrpcLogAppender (GrpcLogAppender.java:mayWait(143)) - 67f1a5fe-c7be-4ecb-b503-d243409340fd@group-DF0A8D14A0B0->663b2fe6-68c2-4e66-9671-0aa57c3653e2-GrpcLogAppender: Wait interrupted by java.lang.InterruptedException
2019-10-02 10:22:30,700 [org.apache.ratis.server.impl.LogAppender$AppenderDaemon$$Lambda$688/257982498@39ecda01] WARN  server.GrpcLogAppender (GrpcLogAppender.java:mayWait(143)) - 67f1a5fe-c7be-4ecb-b503-d243409340fd@group-DF0A8D14A0B0->438152b3-e18d-41ab-8849-fe8d3376297f-GrpcLogAppender: Wait interrupted by java.lang.InterruptedException
2019-10-02 10:22:30,703 [grpc-default-executor-2] INFO  server.GrpcServerProtocolService (GrpcServerProtocolService.java:onCompleted(113)) - 663b2fe6-68c2-4e66-9671-0aa57c3653e2: Completed APPEND_ENTRIES, lastRequest: 67f1a5fe-c7be-4ecb-b503-d243409340fd->663b2fe6-68c2-4e66-9671-0aa57c3653e2#51-t2, previous=(t:2, i:2), leaderCommit=0, initializing? false, entries: <empty>
2019-10-02 10:22:30,703 [grpc-default-executor-12] INFO  server.GrpcServerProtocolService (GrpcServerProtocolService.java:onCompleted(113)) - 438152b3-e18d-41ab-8849-fe8d3376297f: Completed APPEND_ENTRIES, lastRequest: 67f1a5fe-c7be-4ecb-b503-d243409340fd->438152b3-e18d-41ab-8849-fe8d3376297f#51-t2, previous=(t:2, i:2), leaderCommit=0, initializing? false, entries: <empty>
2019-10-02 10:22:30,707 [grpc-default-executor-2] INFO  server.GrpcLogAppender (GrpcLogAppender.java:onCompleted(293)) - 67f1a5fe-c7be-4ecb-b503-d243409340fd@group-DF0A8D14A0B0->663b2fe6-68c2-4e66-9671-0aa57c3653e2-AppendLogResponseHandler: follower responses appendEntries COMPLETED
2019-10-02 10:22:30,708 [grpc-default-executor-10] INFO  impl.StateMachineUpdater (StateMachineUpdater.java:stopAndJoin(136)) - 67f1a5fe-c7be-4ecb-b503-d243409340fd@group-DF0A8D14A0B0-StateMachineUpdater: set stopIndex = 0
2019-10-02 10:22:30,710 [grpc-default-executor-10] INFO  impl.RaftServerImpl (ServerState.java:close(387)) - 67f1a5fe-c7be-4ecb-b503-d243409340fd@group-DF0A8D14A0B0: closes. applyIndex: 0
2019-10-02 10:22:30,711 [grpc-default-executor-7] INFO  server.GrpcLogAppender (GrpcLogAppender.java:onCompleted(293)) - 67f1a5fe-c7be-4ecb-b503-d243409340fd@group-DF0A8D14A0B0->438152b3-e18d-41ab-8849-fe8d3376297f-AppendLogResponseHandler: follower responses appendEntries COMPLETED
2019-10-02 10:22:30,714 [67f1a5fe-c7be-4ecb-b503-d243409340fd@group-DF0A8D14A0B0-SegmentedRaftLogWorker] INFO  segmented.SegmentedRaftLogWorker (SegmentedRaftLogWorker.java:run(316)) - 67f1a5fe-c7be-4ecb-b503-d243409340fd@group-DF0A8D14A0B0-SegmentedRaftLogWorker was interrupted, exiting. There are 0 tasks remaining in the queue.
2019-10-02 10:22:30,715 [grpc-default-executor-2] INFO  impl.FollowerInfo (FollowerInfo.java:lambda$new$0(51)) - 67f1a5fe-c7be-4ecb-b503-d243409340fd@group-DF0A8D14A0B0->663b2fe6-68c2-4e66-9671-0aa57c3653e2: nextIndex: updateUnconditionally 3 -> 2
2019-10-02 10:22:30,718 [grpc-default-executor-10] INFO  segmented.SegmentedRaftLogWorker (SegmentedRaftLogWorker.java:close(224)) - 67f1a5fe-c7be-4ecb-b503-d243409340fd@group-DF0A8D14A0B0-SegmentedRaftLogWorker close()
2019-10-02 10:22:30,722 [grpc-default-executor-7] INFO  impl.FollowerInfo (FollowerInfo.java:lambda$new$0(51)) - 67f1a5fe-c7be-4ecb-b503-d243409340fd@group-DF0A8D14A0B0->438152b3-e18d-41ab-8849-fe8d3376297f: nextIndex: updateUnconditionally 3 -> 2
2019-10-02 10:22:30,750 [grpc-default-executor-2] INFO  impl.RaftServerProxy (RaftServerProxy.java:remove(95)) - 663b2fe6-68c2-4e66-9671-0aa57c3653e2: remove  FOLLOWER 663b2fe6-68c2-4e66-9671-0aa57c3653e2@group-DF0A8D14A0B0:t2, leader=67f1a5fe-c7be-4ecb-b503-d243409340fd, voted=67f1a5fe-c7be-4ecb-b503-d243409340fd, raftlog=663b2fe6-68c2-4e66-9671-0aa57c3653e2@group-DF0A8D14A0B0-SegmentedRaftLog:OPENED:c0,f2,i2, conf=0: [663b2fe6-68c2-4e66-9671-0aa57c3653e2:192.168.151.92:41388, 67f1a5fe-c7be-4ecb-b503-d243409340fd:192.168.151.92:36198, 438152b3-e18d-41ab-8849-fe8d3376297f:192.168.151.92:40801], old=null RUNNING
2019-10-02 10:22:30,750 [grpc-default-executor-2] INFO  impl.RaftServerImpl (RaftServerImpl.java:lambda$shutdown$3(247)) - 663b2fe6-68c2-4e66-9671-0aa57c3653e2@group-DF0A8D14A0B0: shutdown
2019-10-02 10:22:30,750 [grpc-default-executor-2] INFO  util.JmxRegister (JmxRegister.java:unregister(73)) - Successfully un-registered JMX Bean with object name Ratis:service=RaftServer,group=group-DF0A8D14A0B0,id=663b2fe6-68c2-4e66-9671-0aa57c3653e2
2019-10-02 10:22:30,750 [grpc-default-executor-2] INFO  impl.RoleInfo (RoleInfo.java:shutdownFollowerState(121)) - 663b2fe6-68c2-4e66-9671-0aa57c3653e2: shutdown FollowerState
2019-10-02 10:22:30,750 [grpc-default-executor-2] INFO  impl.StateMachineUpdater (StateMachineUpdater.java:stopAndJoin(136)) - 663b2fe6-68c2-4e66-9671-0aa57c3653e2@group-DF0A8D14A0B0-StateMachineUpdater: set stopIndex = 0
2019-10-02 10:22:30,750 [Thread-563] INFO  impl.FollowerState (FollowerState.java:run(117)) - 663b2fe6-68c2-4e66-9671-0aa57c3653e2@group-DF0A8D14A0B0-FollowerState was interrupted: java.lang.InterruptedException: sleep interrupted
2019-10-02 10:22:30,753 [grpc-default-executor-2] INFO  impl.RaftServerImpl (ServerState.java:close(387)) - 663b2fe6-68c2-4e66-9671-0aa57c3653e2@group-DF0A8D14A0B0: closes. applyIndex: 0
2019-10-02 10:22:30,753 [663b2fe6-68c2-4e66-9671-0aa57c3653e2@group-DF0A8D14A0B0-SegmentedRaftLogWorker] INFO  segmented.SegmentedRaftLogWorker (SegmentedRaftLogWorker.java:run(316)) - 663b2fe6-68c2-4e66-9671-0aa57c3653e2@group-DF0A8D14A0B0-SegmentedRaftLogWorker was interrupted, exiting. There are 0 tasks remaining in the queue.
2019-10-02 10:22:30,755 [grpc-default-executor-2] INFO  segmented.SegmentedRaftLogWorker (SegmentedRaftLogWorker.java:close(224)) - 663b2fe6-68c2-4e66-9671-0aa57c3653e2@group-DF0A8D14A0B0-SegmentedRaftLogWorker close()
2019-10-02 10:22:30,883 [grpc-default-executor-2] INFO  interfaces.Container (KeyValueContainer.java:flushAndSyncDB(386)) - Container 3 is synced with bcsId 0.
2019-10-02 10:22:30,883 [grpc-default-executor-2] INFO  interfaces.Container (KeyValueContainer.java:flushAndSyncDB(386)) - Container 3 is synced with bcsId 0.
2019-10-02 10:22:30,925 [EventQueue-IncrementalContainerReportForIncrementalContainerReportHandler] INFO  container.IncrementalContainerReportHandler (AbstractContainerReportHandler.java:updateContainerState(169)) - Moving container #3 to QUASI_CLOSED state, datanode 663b2fe6-68c2-4e66-9671-0aa57c3653e2{ip: 192.168.151.92, host: pr-trunk-gg4kw-413187789, networkLocation: /default-rack, certSerialId: null} reported QUASI_CLOSED replica.
2019-10-02 10:22:30,929 [grpc-default-executor-2] INFO  impl.RaftServerProxy (RaftServerProxy.java:remove(95)) - 438152b3-e18d-41ab-8849-fe8d3376297f: remove  FOLLOWER 438152b3-e18d-41ab-8849-fe8d3376297f@group-DF0A8D14A0B0:t2, leader=67f1a5fe-c7be-4ecb-b503-d243409340fd, voted=67f1a5fe-c7be-4ecb-b503-d243409340fd, raftlog=438152b3-e18d-41ab-8849-fe8d3376297f@group-DF0A8D14A0B0-SegmentedRaftLog:OPENED:c0,f2,i2, conf=0: [663b2fe6-68c2-4e66-9671-0aa57c3653e2:192.168.151.92:41388, 67f1a5fe-c7be-4ecb-b503-d243409340fd:192.168.151.92:36198, 438152b3-e18d-41ab-8849-fe8d3376297f:192.168.151.92:40801], old=null RUNNING
2019-10-02 10:22:30,930 [grpc-default-executor-2] INFO  impl.RaftServerImpl (RaftServerImpl.java:lambda$shutdown$3(247)) - 438152b3-e18d-41ab-8849-fe8d3376297f@group-DF0A8D14A0B0: shutdown
2019-10-02 10:22:30,930 [grpc-default-executor-2] INFO  util.JmxRegister (JmxRegister.java:unregister(73)) - Successfully un-registered JMX Bean with object name Ratis:service=RaftServer,group=group-DF0A8D14A0B0,id=438152b3-e18d-41ab-8849-fe8d3376297f
2019-10-02 10:22:30,930 [grpc-default-executor-2] INFO  impl.RoleInfo (RoleInfo.java:shutdownFollowerState(121)) - 438152b3-e18d-41ab-8849-fe8d3376297f: shutdown FollowerState
2019-10-02 10:22:30,930 [grpc-default-executor-2] INFO  impl.StateMachineUpdater (StateMachineUpdater.java:stopAndJoin(136)) - 438152b3-e18d-41ab-8849-fe8d3376297f@group-DF0A8D14A0B0-StateMachineUpdater: set stopIndex = 0
2019-10-02 10:22:30,930 [Thread-562] INFO  impl.FollowerState (FollowerState.java:run(117)) - 438152b3-e18d-41ab-8849-fe8d3376297f@group-DF0A8D14A0B0-FollowerState was interrupted: java.lang.InterruptedException: sleep interrupted
2019-10-02 10:22:30,934 [grpc-default-executor-2] INFO  impl.RaftServerImpl (ServerState.java:close(387)) - 438152b3-e18d-41ab-8849-fe8d3376297f@group-DF0A8D14A0B0: closes. applyIndex: 0
2019-10-02 10:22:30,934 [438152b3-e18d-41ab-8849-fe8d3376297f@group-DF0A8D14A0B0-SegmentedRaftLogWorker] INFO  segmented.SegmentedRaftLogWorker (SegmentedRaftLogWorker.java:run(316)) - 438152b3-e18d-41ab-8849-fe8d3376297f@group-DF0A8D14A0B0-SegmentedRaftLogWorker was interrupted, exiting. There are 0 tasks remaining in the queue.
2019-10-02 10:22:30,937 [grpc-default-executor-2] INFO  segmented.SegmentedRaftLogWorker (SegmentedRaftLogWorker.java:close(224)) - 438152b3-e18d-41ab-8849-fe8d3376297f@group-DF0A8D14A0B0-SegmentedRaftLogWorker close()
2019-10-02 10:22:31,068 [grpc-default-executor-2] INFO  interfaces.Container (KeyValueContainer.java:flushAndSyncDB(386)) - Container 3 is synced with bcsId 0.
2019-10-02 10:22:31,068 [grpc-default-executor-2] INFO  interfaces.Container (KeyValueContainer.java:flushAndSyncDB(386)) - Container 3 is synced with bcsId 0.
2019-10-02 10:22:31,099 [RatisPipelineUtilsThread] INFO  pipeline.PipelineStateManager (PipelineStateManager.java:removePipeline(108)) - Pipeline Pipeline[ Id: 6503586d-4659-4ed3-ad6e-df0a8d14a0b0, Nodes: 67f1a5fe-c7be-4ecb-b503-d243409340fd{ip: 192.168.151.92, host: pr-trunk-gg4kw-413187789, networkLocation: /default-rack, certSerialId: null}663b2fe6-68c2-4e66-9671-0aa57c3653e2{ip: 192.168.151.92, host: pr-trunk-gg4kw-413187789, networkLocation: /default-rack, certSerialId: null}438152b3-e18d-41ab-8849-fe8d3376297f{ip: 192.168.151.92, host: pr-trunk-gg4kw-413187789, networkLocation: /default-rack, certSerialId: null}, Type:RATIS, Factor:THREE, State:CLOSED] removed from db
2019-10-02 10:22:31,103 [grpc-default-executor-2] INFO  impl.RaftServerProxy (RaftServerProxy.java:remove(95)) - 67f1a5fe-c7be-4ecb-b503-d243409340fd: remove group-DF0A8D14A0B0:null
2019-10-02 10:22:31,112 [RatisPipelineUtilsThread] WARN  pipeline.RatisPipelineUtils (RatisPipelineUtils.java:destroyPipeline(67)) - Pipeline destroy failed for pipeline=PipelineID=6503586d-4659-4ed3-ad6e-df0a8d14a0b0 dn=67f1a5fe-c7be-4ecb-b503-d243409340fd{ip: 192.168.151.92, host: pr-trunk-gg4kw-413187789, networkLocation: /default-rack, certSerialId: null}
2019-10-02 10:22:31,118 [grpc-default-executor-2] INFO  impl.RaftServerProxy (RaftServerProxy.java:remove(95)) - 663b2fe6-68c2-4e66-9671-0aa57c3653e2: remove group-DF0A8D14A0B0:null
2019-10-02 10:22:31,125 [RatisPipelineUtilsThread] WARN  pipeline.RatisPipelineUtils (RatisPipelineUtils.java:destroyPipeline(67)) - Pipeline destroy failed for pipeline=PipelineID=6503586d-4659-4ed3-ad6e-df0a8d14a0b0 dn=663b2fe6-68c2-4e66-9671-0aa57c3653e2{ip: 192.168.151.92, host: pr-trunk-gg4kw-413187789, networkLocation: /default-rack, certSerialId: null}
2019-10-02 10:22:31,129 [grpc-default-executor-2] INFO  impl.RaftServerProxy (RaftServerProxy.java:remove(95)) - 438152b3-e18d-41ab-8849-fe8d3376297f: remove group-DF0A8D14A0B0:null
2019-10-02 10:22:31,137 [RatisPipelineUtilsThread] WARN  pipeline.RatisPipelineUtils (RatisPipelineUtils.java:destroyPipeline(67)) - Pipeline destroy failed for pipeline=PipelineID=6503586d-4659-4ed3-ad6e-df0a8d14a0b0 dn=438152b3-e18d-41ab-8849-fe8d3376297f{ip: 192.168.151.92, host: pr-trunk-gg4kw-413187789, networkLocation: /default-rack, certSerialId: null}
2019-10-02 10:22:31,137 [RatisPipelineUtilsThread] ERROR pipeline.SCMPipelineManager (Scheduler.java:lambda$schedule$1(70)) - Destroy pipeline failed for pipeline:Pipeline[ Id: 6503586d-4659-4ed3-ad6e-df0a8d14a0b0, Nodes: 67f1a5fe-c7be-4ecb-b503-d243409340fd{ip: 192.168.151.92, host: pr-trunk-gg4kw-413187789, networkLocation: /default-rack, certSerialId: null}663b2fe6-68c2-4e66-9671-0aa57c3653e2{ip: 192.168.151.92, host: pr-trunk-gg4kw-413187789, networkLocation: /default-rack, certSerialId: null}438152b3-e18d-41ab-8849-fe8d3376297f{ip: 192.168.151.92, host: pr-trunk-gg4kw-413187789, networkLocation: /default-rack, certSerialId: null}, Type:RATIS, Factor:THREE, State:CLOSED]
org.apache.hadoop.hdds.scm.pipeline.PipelineNotFoundException: PipelineID=6503586d-4659-4ed3-ad6e-df0a8d14a0b0 not found
	at org.apache.hadoop.hdds.scm.pipeline.PipelineStateMap.getPipeline(PipelineStateMap.java:132)
	at org.apache.hadoop.hdds.scm.pipeline.PipelineStateMap.removePipeline(PipelineStateMap.java:322)
	at org.apache.hadoop.hdds.scm.pipeline.PipelineStateManager.removePipeline(PipelineStateManager.java:107)
	at org.apache.hadoop.hdds.scm.pipeline.SCMPipelineManager.removePipeline(SCMPipelineManager.java:427)
	at org.apache.hadoop.hdds.scm.pipeline.SCMPipelineManager.destroyPipeline(SCMPipelineManager.java:413)
	at org.apache.hadoop.hdds.scm.pipeline.SCMPipelineManager.lambda$finalizeAndDestroyPipeline$0(SCMPipelineManager.java:322)
	at org.apache.hadoop.hdds.utils.Scheduler.lambda$schedule$1(Scheduler.java:68)
	at java.util.concurrent.Executors$RunnableAdapter.call(Executors.java:511)
	at java.util.concurrent.FutureTask.run(FutureTask.java:266)
	at java.util.concurrent.ScheduledThreadPoolExecutor$ScheduledFutureTask.access$201(ScheduledThreadPoolExecutor.java:180)
	at java.util.concurrent.ScheduledThreadPoolExecutor$ScheduledFutureTask.run(ScheduledThreadPoolExecutor.java:293)
	at java.util.concurrent.ThreadPoolExecutor.runWorker(ThreadPoolExecutor.java:1149)
	at java.util.concurrent.ThreadPoolExecutor$Worker.run(ThreadPoolExecutor.java:624)
	at java.lang.Thread.run(Thread.java:748)
2019-10-02 10:22:31,144 [grpc-default-executor-2] INFO  impl.RaftServerProxy (RaftServerProxy.java:addNew(89)) - 67f1a5fe-c7be-4ecb-b503-d243409340fd: addNew group-D826C21BBF81:[663b2fe6-68c2-4e66-9671-0aa57c3653e2:192.168.151.92:41388, 67f1a5fe-c7be-4ecb-b503-d243409340fd:192.168.151.92:36198, 438152b3-e18d-41ab-8849-fe8d3376297f:192.168.151.92:40801] returns group-D826C21BBF81:java.util.concurrent.CompletableFuture@57375fe[Not completed]
2019-10-02 10:22:31,144 [grpc-default-executor-7] INFO  impl.RaftServerProxy (RaftServerProxy.java:addNew(89)) - 438152b3-e18d-41ab-8849-fe8d3376297f: addNew group-D826C21BBF81:[663b2fe6-68c2-4e66-9671-0aa57c3653e2:192.168.151.92:41388, 67f1a5fe-c7be-4ecb-b503-d243409340fd:192.168.151.92:36198, 438152b3-e18d-41ab-8849-fe8d3376297f:192.168.151.92:40801] returns group-D826C21BBF81:java.util.concurrent.CompletableFuture@1fa7cfe7[Not completed]
2019-10-02 10:22:31,286 [grpc-default-executor-10] INFO  impl.RaftServerProxy (RaftServerProxy.java:addNew(89)) - 663b2fe6-68c2-4e66-9671-0aa57c3653e2: addNew group-D826C21BBF81:[663b2fe6-68c2-4e66-9671-0aa57c3653e2:192.168.151.92:41388, 67f1a5fe-c7be-4ecb-b503-d243409340fd:192.168.151.92:36198, 438152b3-e18d-41ab-8849-fe8d3376297f:192.168.151.92:40801] returns group-D826C21BBF81:java.util.concurrent.CompletableFuture@4301f797[Not completed]
2019-10-02 10:22:31,299 [pool-37-thread-1] INFO  impl.RaftServerImpl (RaftServerImpl.java:<init>(95)) - 438152b3-e18d-41ab-8849-fe8d3376297f: new RaftServerImpl for group-D826C21BBF81:[663b2fe6-68c2-4e66-9671-0aa57c3653e2:192.168.151.92:41388, 67f1a5fe-c7be-4ecb-b503-d243409340fd:192.168.151.92:36198, 438152b3-e18d-41ab-8849-fe8d3376297f:192.168.151.92:40801] with ContainerStateMachine:uninitialized
2019-10-02 10:22:31,299 [pool-37-thread-1] INFO  server.RaftServerConfigKeys (ConfUtils.java:logGet(43)) - raft.server.rpc.timeout.min = 5s (custom)
2019-10-02 10:22:31,299 [pool-37-thread-1] INFO  server.RaftServerConfigKeys (ConfUtils.java:logGet(43)) - raft.server.rpc.timeout.max = 5200ms (custom)
2019-10-02 10:22:31,299 [pool-37-thread-1] INFO  server.RaftServerConfigKeys (ConfUtils.java:logGet(43)) - raft.server.rpcslowness.timeout = 120s (custom)
2019-10-02 10:22:31,299 [pool-37-thread-1] INFO  server.RaftServerConfigKeys (ConfUtils.java:logGet(43)) - raft.server.sleep.deviation.threshold = 300 (default)
2019-10-02 10:22:31,299 [pool-27-thread-1] INFO  impl.RaftServerImpl (RaftServerImpl.java:<init>(95)) - 663b2fe6-68c2-4e66-9671-0aa57c3653e2: new RaftServerImpl for group-D826C21BBF81:[663b2fe6-68c2-4e66-9671-0aa57c3653e2:192.168.151.92:41388, 67f1a5fe-c7be-4ecb-b503-d243409340fd:192.168.151.92:36198, 438152b3-e18d-41ab-8849-fe8d3376297f:192.168.151.92:40801] with ContainerStateMachine:uninitialized
2019-10-02 10:22:31,300 [pool-37-thread-1] INFO  server.RaftServerConfigKeys (ConfUtils.java:logGet(43)) - raft.server.log.appender.install.snapshot.enabled = false (custom)
2019-10-02 10:22:31,300 [pool-27-thread-1] INFO  server.RaftServerConfigKeys (ConfUtils.java:logGet(43)) - raft.server.rpc.timeout.min = 5s (custom)
2019-10-02 10:22:31,300 [pool-37-thread-1] INFO  impl.RaftServerImpl (ServerState.java:<init>(103)) - 438152b3-e18d-41ab-8849-fe8d3376297f@group-D826C21BBF81: ConfigurationManager, init=-1: [663b2fe6-68c2-4e66-9671-0aa57c3653e2:192.168.151.92:41388, 67f1a5fe-c7be-4ecb-b503-d243409340fd:192.168.151.92:36198, 438152b3-e18d-41ab-8849-fe8d3376297f:192.168.151.92:40801], old=null, confs=<EMPTY_MAP>
2019-10-02 10:22:31,300 [pool-27-thread-1] INFO  server.RaftServerConfigKeys (ConfUtils.java:logGet(43)) - raft.server.rpc.timeout.max = 5200ms (custom)
2019-10-02 10:22:31,300 [pool-67-thread-1] INFO  impl.RaftServerImpl (RaftServerImpl.java:<init>(95)) - 67f1a5fe-c7be-4ecb-b503-d243409340fd: new RaftServerImpl for group-D826C21BBF81:[663b2fe6-68c2-4e66-9671-0aa57c3653e2:192.168.151.92:41388, 67f1a5fe-c7be-4ecb-b503-d243409340fd:192.168.151.92:36198, 438152b3-e18d-41ab-8849-fe8d3376297f:192.168.151.92:40801] with ContainerStateMachine:uninitialized
2019-10-02 10:22:31,300 [pool-37-thread-1] INFO  server.RaftServerConfigKeys (ConfUtils.java:logGet(43)) - raft.server.storage.dir = [/workdir/hadoop-ozone/integration-test/target/test-dir/MiniOzoneClusterImpl-a60b818f-4dd1-4965-bff3-fb44efcd9a0b/datanode-1/data/ratis] (custom)
2019-10-02 10:22:31,300 [pool-27-thread-1] INFO  server.RaftServerConfigKeys (ConfUtils.java:logGet(43)) - raft.server.rpcslowness.timeout = 120s (custom)
2019-10-02 10:22:31,300 [pool-67-thread-1] INFO  server.RaftServerConfigKeys (ConfUtils.java:logGet(43)) - raft.server.rpc.timeout.min = 5s (custom)
2019-10-02 10:22:31,301 [pool-27-thread-1] INFO  server.RaftServerConfigKeys (ConfUtils.java:logGet(43)) - raft.server.sleep.deviation.threshold = 300 (default)
2019-10-02 10:22:31,301 [pool-37-thread-1] INFO  server.RaftServerConfigKeys (ConfUtils.java:logGet(43)) - raft.server.log.corruption.policy = EXCEPTION (default)
2019-10-02 10:22:31,301 [pool-67-thread-1] INFO  server.RaftServerConfigKeys (ConfUtils.java:logGet(43)) - raft.server.rpc.timeout.max = 5200ms (custom)
2019-10-02 10:22:31,301 [pool-27-thread-1] INFO  server.RaftServerConfigKeys (ConfUtils.java:logGet(43)) - raft.server.log.appender.install.snapshot.enabled = false (custom)
2019-10-02 10:22:31,301 [pool-37-thread-1] INFO  storage.RaftStorageDirectory (RaftStorageDirectory.java:analyzeStorage(246)) - The storage directory /workdir/hadoop-ozone/integration-test/target/test-dir/MiniOzoneClusterImpl-a60b818f-4dd1-4965-bff3-fb44efcd9a0b/datanode-1/data/ratis/c8dfcd94-5374-43af-a5e9-d826c21bbf81 does not exist. Creating ...
2019-10-02 10:22:31,301 [pool-67-thread-1] INFO  server.RaftServerConfigKeys (ConfUtils.java:logGet(43)) - raft.server.rpcslowness.timeout = 120s (custom)
2019-10-02 10:22:31,301 [pool-27-thread-1] INFO  impl.RaftServerImpl (ServerState.java:<init>(103)) - 663b2fe6-68c2-4e66-9671-0aa57c3653e2@group-D826C21BBF81: ConfigurationManager, init=-1: [663b2fe6-68c2-4e66-9671-0aa57c3653e2:192.168.151.92:41388, 67f1a5fe-c7be-4ecb-b503-d243409340fd:192.168.151.92:36198, 438152b3-e18d-41ab-8849-fe8d3376297f:192.168.151.92:40801], old=null, confs=<EMPTY_MAP>
2019-10-02 10:22:31,301 [pool-67-thread-1] INFO  server.RaftServerConfigKeys (ConfUtils.java:logGet(43)) - raft.server.sleep.deviation.threshold = 300 (default)
2019-10-02 10:22:31,301 [pool-27-thread-1] INFO  server.RaftServerConfigKeys (ConfUtils.java:logGet(43)) - raft.server.storage.dir = [/workdir/hadoop-ozone/integration-test/target/test-dir/MiniOzoneClusterImpl-a60b818f-4dd1-4965-bff3-fb44efcd9a0b/datanode-0/data/ratis] (custom)
2019-10-02 10:22:31,301 [pool-67-thread-1] INFO  server.RaftServerConfigKeys (ConfUtils.java:logGet(43)) - raft.server.log.appender.install.snapshot.enabled = false (custom)
2019-10-02 10:22:31,302 [pool-67-thread-1] INFO  impl.RaftServerImpl (ServerState.java:<init>(103)) - 67f1a5fe-c7be-4ecb-b503-d243409340fd@group-D826C21BBF81: ConfigurationManager, init=-1: [663b2fe6-68c2-4e66-9671-0aa57c3653e2:192.168.151.92:41388, 67f1a5fe-c7be-4ecb-b503-d243409340fd:192.168.151.92:36198, 438152b3-e18d-41ab-8849-fe8d3376297f:192.168.151.92:40801], old=null, confs=<EMPTY_MAP>
2019-10-02 10:22:31,302 [pool-27-thread-1] INFO  server.RaftServerConfigKeys (ConfUtils.java:logGet(43)) - raft.server.log.corruption.policy = EXCEPTION (default)
2019-10-02 10:22:31,302 [pool-67-thread-1] INFO  server.RaftServerConfigKeys (ConfUtils.java:logGet(43)) - raft.server.storage.dir = [/workdir/hadoop-ozone/integration-test/target/test-dir/MiniOzoneClusterImpl-a60b818f-4dd1-4965-bff3-fb44efcd9a0b/datanode-4/data/ratis] (custom)
2019-10-02 10:22:31,302 [pool-27-thread-1] INFO  storage.RaftStorageDirectory (RaftStorageDirectory.java:analyzeStorage(246)) - The storage directory /workdir/hadoop-ozone/integration-test/target/test-dir/MiniOzoneClusterImpl-a60b818f-4dd1-4965-bff3-fb44efcd9a0b/datanode-0/data/ratis/c8dfcd94-5374-43af-a5e9-d826c21bbf81 does not exist. Creating ...
2019-10-02 10:22:31,302 [pool-67-thread-1] INFO  server.RaftServerConfigKeys (ConfUtils.java:logGet(43)) - raft.server.log.corruption.policy = EXCEPTION (default)
2019-10-02 10:22:31,302 [pool-67-thread-1] INFO  storage.RaftStorageDirectory (RaftStorageDirectory.java:analyzeStorage(246)) - The storage directory /workdir/hadoop-ozone/integration-test/target/test-dir/MiniOzoneClusterImpl-a60b818f-4dd1-4965-bff3-fb44efcd9a0b/datanode-4/data/ratis/c8dfcd94-5374-43af-a5e9-d826c21bbf81 does not exist. Creating ...
2019-10-02 10:22:31,316 [pool-37-thread-1] INFO  storage.RaftStorageDirectory (RaftStorageDirectory.java:tryLock(328)) - Lock on /workdir/hadoop-ozone/integration-test/target/test-dir/MiniOzoneClusterImpl-a60b818f-4dd1-4965-bff3-fb44efcd9a0b/datanode-1/data/ratis/c8dfcd94-5374-43af-a5e9-d826c21bbf81/in_use.lock acquired by nodename 31904@pr-trunk-gg4kw-413187789
2019-10-02 10:22:31,316 [pool-27-thread-1] INFO  storage.RaftStorageDirectory (RaftStorageDirectory.java:tryLock(328)) - Lock on /workdir/hadoop-ozone/integration-test/target/test-dir/MiniOzoneClusterImpl-a60b818f-4dd1-4965-bff3-fb44efcd9a0b/datanode-0/data/ratis/c8dfcd94-5374-43af-a5e9-d826c21bbf81/in_use.lock acquired by nodename 31904@pr-trunk-gg4kw-413187789
2019-10-02 10:22:31,316 [pool-67-thread-1] INFO  storage.RaftStorageDirectory (RaftStorageDirectory.java:tryLock(328)) - Lock on /workdir/hadoop-ozone/integration-test/target/test-dir/MiniOzoneClusterImpl-a60b818f-4dd1-4965-bff3-fb44efcd9a0b/datanode-4/data/ratis/c8dfcd94-5374-43af-a5e9-d826c21bbf81/in_use.lock acquired by nodename 31904@pr-trunk-gg4kw-413187789
2019-10-02 10:22:31,332 [pool-27-thread-1] INFO  storage.RaftStorage (RaftStorage.java:format(84)) - Storage directory /workdir/hadoop-ozone/integration-test/target/test-dir/MiniOzoneClusterImpl-a60b818f-4dd1-4965-bff3-fb44efcd9a0b/datanode-0/data/ratis/c8dfcd94-5374-43af-a5e9-d826c21bbf81 has been successfully formatted.
2019-10-02 10:22:31,332 [pool-67-thread-1] INFO  storage.RaftStorage (RaftStorage.java:format(84)) - Storage directory /workdir/hadoop-ozone/integration-test/target/test-dir/MiniOzoneClusterImpl-a60b818f-4dd1-4965-bff3-fb44efcd9a0b/datanode-4/data/ratis/c8dfcd94-5374-43af-a5e9-d826c21bbf81 has been successfully formatted.
2019-10-02 10:22:31,332 [pool-37-thread-1] INFO  storage.RaftStorage (RaftStorage.java:format(84)) - Storage directory /workdir/hadoop-ozone/integration-test/target/test-dir/MiniOzoneClusterImpl-a60b818f-4dd1-4965-bff3-fb44efcd9a0b/datanode-1/data/ratis/c8dfcd94-5374-43af-a5e9-d826c21bbf81 has been successfully formatted.
2019-10-02 10:22:31,332 [pool-67-thread-1] INFO  ratis.ContainerStateMachine (ContainerStateMachine.java:loadSnapshot(231)) - group-D826C21BBF81: The snapshot info is null. Setting the last applied indexto:(t:0, i:~)
2019-10-02 10:22:31,332 [pool-27-thread-1] INFO  ratis.ContainerStateMachine (ContainerStateMachine.java:loadSnapshot(231)) - group-D826C21BBF81: The snapshot info is null. Setting the last applied indexto:(t:0, i:~)
2019-10-02 10:22:31,332 [pool-67-thread-1] INFO  server.RaftServerConfigKeys (ConfUtils.java:logGet(43)) - raft.server.notification.no-leader.timeout = 120s (custom)
2019-10-02 10:22:31,332 [pool-37-thread-1] INFO  ratis.ContainerStateMachine (ContainerStateMachine.java:loadSnapshot(231)) - group-D826C21BBF81: The snapshot info is null. Setting the last applied indexto:(t:0, i:~)
2019-10-02 10:22:31,333 [pool-67-thread-1] INFO  server.RaftServerConfigKeys (ConfUtils.java:logGet(43)) - raft.server.log.use.memory = false (default)
2019-10-02 10:22:31,332 [pool-27-thread-1] INFO  server.RaftServerConfigKeys (ConfUtils.java:logGet(43)) - raft.server.notification.no-leader.timeout = 120s (custom)
2019-10-02 10:22:31,333 [pool-67-thread-1] INFO  server.RaftServerConfigKeys (ConfUtils.java:logGet(43)) - raft.server.log.purge.gap = 1000000 (custom)
2019-10-02 10:22:31,333 [pool-37-thread-1] INFO  server.RaftServerConfigKeys (ConfUtils.java:logGet(43)) - raft.server.notification.no-leader.timeout = 120s (custom)
2019-10-02 10:22:31,333 [pool-67-thread-1] INFO  server.RaftServerConfigKeys (ConfUtils.java:logGet(43)) - raft.server.log.appender.buffer.byte-limit = 33554432 (custom)
2019-10-02 10:22:31,333 [pool-27-thread-1] INFO  server.RaftServerConfigKeys (ConfUtils.java:logGet(43)) - raft.server.log.use.memory = false (default)
2019-10-02 10:22:31,333 [pool-67-thread-1] INFO  server.RaftServerConfigKeys (ConfUtils.java:logGet(43)) - raft.server.log.segment.size.max = 1048576 (custom)
2019-10-02 10:22:31,333 [pool-37-thread-1] INFO  server.RaftServerConfigKeys (ConfUtils.java:logGet(43)) - raft.server.log.use.memory = false (default)
2019-10-02 10:22:31,334 [pool-67-thread-1] INFO  server.RaftServerConfigKeys (ConfUtils.java:logGet(43)) - raft.server.log.segment.cache.num.max = 2 (custom)
2019-10-02 10:22:31,334 [pool-27-thread-1] INFO  server.RaftServerConfigKeys (ConfUtils.java:logGet(43)) - raft.server.log.purge.gap = 1000000 (custom)
2019-10-02 10:22:31,334 [pool-67-thread-1] INFO  segmented.SegmentedRaftLogWorker (SegmentedRaftLogWorker.java:<init>(173)) - new 67f1a5fe-c7be-4ecb-b503-d243409340fd@group-D826C21BBF81-SegmentedRaftLogWorker for RaftStorage:Storage Directory /workdir/hadoop-ozone/integration-test/target/test-dir/MiniOzoneClusterImpl-a60b818f-4dd1-4965-bff3-fb44efcd9a0b/datanode-4/data/ratis/c8dfcd94-5374-43af-a5e9-d826c21bbf81
2019-10-02 10:22:31,334 [pool-37-thread-1] INFO  server.RaftServerConfigKeys (ConfUtils.java:logGet(43)) - raft.server.log.purge.gap = 1000000 (custom)
2019-10-02 10:22:31,334 [pool-67-thread-1] INFO  server.RaftServerConfigKeys (ConfUtils.java:logGet(43)) - raft.server.log.queue.byte-limit = 2147483647 (custom)
2019-10-02 10:22:31,334 [pool-27-thread-1] INFO  server.RaftServerConfigKeys (ConfUtils.java:logGet(43)) - raft.server.log.appender.buffer.byte-limit = 33554432 (custom)
2019-10-02 10:22:31,335 [pool-67-thread-1] INFO  server.RaftServerConfigKeys (ConfUtils.java:logGet(43)) - raft.server.log.queue.element-limit = 1024 (custom)
2019-10-02 10:22:31,335 [pool-37-thread-1] INFO  server.RaftServerConfigKeys (ConfUtils.java:logGet(43)) - raft.server.log.appender.buffer.byte-limit = 33554432 (custom)
2019-10-02 10:22:31,335 [pool-67-thread-1] INFO  server.RaftServerConfigKeys (ConfUtils.java:logGet(43)) - raft.server.log.segment.size.max = 1048576 (custom)
2019-10-02 10:22:31,335 [pool-27-thread-1] INFO  server.RaftServerConfigKeys (ConfUtils.java:logGet(43)) - raft.server.log.segment.size.max = 1048576 (custom)
2019-10-02 10:22:31,335 [pool-67-thread-1] INFO  server.RaftServerConfigKeys (ConfUtils.java:logGet(43)) - raft.server.log.preallocated.size = 16384 (custom)
2019-10-02 10:22:31,335 [pool-37-thread-1] INFO  server.RaftServerConfigKeys (ConfUtils.java:logGet(43)) - raft.server.log.segment.size.max = 1048576 (custom)
2019-10-02 10:22:31,335 [pool-67-thread-1] INFO  server.RaftServerConfigKeys (ConfUtils.java:logGet(43)) - raft.server.log.write.buffer.size = 33554432 (custom)
2019-10-02 10:22:31,335 [pool-27-thread-1] INFO  server.RaftServerConfigKeys (ConfUtils.java:logGet(43)) - raft.server.log.segment.cache.num.max = 2 (custom)
2019-10-02 10:22:31,336 [pool-67-thread-1] INFO  server.RaftServerConfigKeys (ConfUtils.java:logGet(43)) - raft.server.log.force.sync.num = 128 (default)
2019-10-02 10:22:31,336 [pool-37-thread-1] INFO  server.RaftServerConfigKeys (ConfUtils.java:logGet(43)) - raft.server.log.segment.cache.num.max = 2 (custom)
2019-10-02 10:22:31,336 [pool-67-thread-1] INFO  server.RaftServerConfigKeys (ConfUtils.java:logGet(43)) - raft.server.log.statemachine.data.sync = true (default)
2019-10-02 10:22:31,336 [pool-27-thread-1] INFO  segmented.SegmentedRaftLogWorker (SegmentedRaftLogWorker.java:<init>(173)) - new 663b2fe6-68c2-4e66-9671-0aa57c3653e2@group-D826C21BBF81-SegmentedRaftLogWorker for RaftStorage:Storage Directory /workdir/hadoop-ozone/integration-test/target/test-dir/MiniOzoneClusterImpl-a60b818f-4dd1-4965-bff3-fb44efcd9a0b/datanode-0/data/ratis/c8dfcd94-5374-43af-a5e9-d826c21bbf81
2019-10-02 10:22:31,336 [pool-67-thread-1] INFO  server.RaftServerConfigKeys (ConfUtils.java:logGet(43)) - raft.server.log.statemachine.data.sync.timeout = 10s (default)
2019-10-02 10:22:31,336 [pool-37-thread-1] INFO  segmented.SegmentedRaftLogWorker (SegmentedRaftLogWorker.java:<init>(173)) - new 438152b3-e18d-41ab-8849-fe8d3376297f@group-D826C21BBF81-SegmentedRaftLogWorker for RaftStorage:Storage Directory /workdir/hadoop-ozone/integration-test/target/test-dir/MiniOzoneClusterImpl-a60b818f-4dd1-4965-bff3-fb44efcd9a0b/datanode-1/data/ratis/c8dfcd94-5374-43af-a5e9-d826c21bbf81
2019-10-02 10:22:31,336 [pool-67-thread-1] INFO  server.RaftServerConfigKeys (ConfUtils.java:logGet(43)) - raft.server.log.statemachine.data.sync.timeout.retry = -1 (default)
2019-10-02 10:22:31,336 [pool-27-thread-1] INFO  server.RaftServerConfigKeys (ConfUtils.java:logGet(43)) - raft.server.log.queue.byte-limit = 2147483647 (custom)
2019-10-02 10:22:31,337 [pool-37-thread-1] INFO  server.RaftServerConfigKeys (ConfUtils.java:logGet(43)) - raft.server.log.queue.byte-limit = 2147483647 (custom)
2019-10-02 10:22:31,337 [pool-27-thread-1] INFO  server.RaftServerConfigKeys (ConfUtils.java:logGet(43)) - raft.server.log.queue.element-limit = 1024 (custom)
2019-10-02 10:22:31,337 [pool-67-thread-1] INFO  server.RaftServerConfigKeys (ConfUtils.java:logGet(43)) - raft.server.log.statemachine.data.caching.enabled = true (custom)
2019-10-02 10:22:31,337 [pool-27-thread-1] INFO  server.RaftServerConfigKeys (ConfUtils.java:logGet(43)) - raft.server.log.segment.size.max = 1048576 (custom)
2019-10-02 10:22:31,337 [pool-37-thread-1] INFO  server.RaftServerConfigKeys (ConfUtils.java:logGet(43)) - raft.server.log.queue.element-limit = 1024 (custom)
2019-10-02 10:22:31,337 [pool-27-thread-1] INFO  server.RaftServerConfigKeys (ConfUtils.java:logGet(43)) - raft.server.log.preallocated.size = 16384 (custom)
2019-10-02 10:22:31,337 [pool-67-thread-1] INFO  segmented.SegmentedRaftLogWorker (SegmentedRaftLogWorker.java:lambda$new$0(128)) - 67f1a5fe-c7be-4ecb-b503-d243409340fd@group-D826C21BBF81-SegmentedRaftLogWorker: flushIndex: setUnconditionally 0 -> -1
2019-10-02 10:22:31,337 [pool-37-thread-1] INFO  server.RaftServerConfigKeys (ConfUtils.java:logGet(43)) - raft.server.log.segment.size.max = 1048576 (custom)
2019-10-02 10:22:31,337 [pool-27-thread-1] INFO  server.RaftServerConfigKeys (ConfUtils.java:logGet(43)) - raft.server.log.write.buffer.size = 33554432 (custom)
2019-10-02 10:22:31,338 [pool-67-thread-1] INFO  server.RaftServerConfigKeys (ConfUtils.java:logGet(43)) - raft.server.snapshot.auto.trigger.enabled = true (custom)
2019-10-02 10:22:31,338 [pool-37-thread-1] INFO  server.RaftServerConfigKeys (ConfUtils.java:logGet(43)) - raft.server.log.preallocated.size = 16384 (custom)
2019-10-02 10:22:31,338 [pool-67-thread-1] INFO  server.RaftServerConfigKeys (ConfUtils.java:logGet(43)) - raft.server.snapshot.auto.trigger.threshold = 10000 (custom)
2019-10-02 10:22:31,338 [pool-27-thread-1] INFO  server.RaftServerConfigKeys (ConfUtils.java:logGet(43)) - raft.server.log.force.sync.num = 128 (default)
2019-10-02 10:22:31,338 [pool-67-thread-1] INFO  server.RaftServerConfigKeys (ConfUtils.java:logGet(43)) - raft.server.snapshot.retention.file.num = 5 (custom)
2019-10-02 10:22:31,338 [pool-37-thread-1] INFO  server.RaftServerConfigKeys (ConfUtils.java:logGet(43)) - raft.server.log.write.buffer.size = 33554432 (custom)
2019-10-02 10:22:31,338 [pool-67-thread-1] INFO  server.RaftServerConfigKeys (ConfUtils.java:logGet(43)) - raft.server.retrycache.expirytime = 600000ms (custom)
2019-10-02 10:22:31,338 [pool-27-thread-1] INFO  server.RaftServerConfigKeys (ConfUtils.java:logGet(43)) - raft.server.log.statemachine.data.sync = true (default)
2019-10-02 10:22:31,339 [pool-37-thread-1] INFO  server.RaftServerConfigKeys (ConfUtils.java:logGet(43)) - raft.server.log.force.sync.num = 128 (default)
2019-10-02 10:22:31,339 [pool-27-thread-1] INFO  server.RaftServerConfigKeys (ConfUtils.java:logGet(43)) - raft.server.log.statemachine.data.sync.timeout = 10s (default)
2019-10-02 10:22:31,339 [pool-37-thread-1] INFO  server.RaftServerConfigKeys (ConfUtils.java:logGet(43)) - raft.server.log.statemachine.data.sync = true (default)
2019-10-02 10:22:31,339 [pool-27-thread-1] INFO  server.RaftServerConfigKeys (ConfUtils.java:logGet(43)) - raft.server.log.statemachine.data.sync.timeout.retry = -1 (default)
2019-10-02 10:22:31,339 [pool-37-thread-1] INFO  server.RaftServerConfigKeys (ConfUtils.java:logGet(43)) - raft.server.log.statemachine.data.sync.timeout = 10s (default)
2019-10-02 10:22:31,339 [pool-27-thread-1] INFO  server.RaftServerConfigKeys (ConfUtils.java:logGet(43)) - raft.server.log.statemachine.data.caching.enabled = true (custom)
2019-10-02 10:22:31,339 [pool-37-thread-1] INFO  server.RaftServerConfigKeys (ConfUtils.java:logGet(43)) - raft.server.log.statemachine.data.sync.timeout.retry = -1 (default)
2019-10-02 10:22:31,340 [pool-27-thread-1] INFO  segmented.SegmentedRaftLogWorker (SegmentedRaftLogWorker.java:lambda$new$0(128)) - 663b2fe6-68c2-4e66-9671-0aa57c3653e2@group-D826C21BBF81-SegmentedRaftLogWorker: flushIndex: setUnconditionally 0 -> -1
2019-10-02 10:22:31,340 [pool-37-thread-1] INFO  server.RaftServerConfigKeys (ConfUtils.java:logGet(43)) - raft.server.log.statemachine.data.caching.enabled = true (custom)
2019-10-02 10:22:31,340 [pool-27-thread-1] INFO  server.RaftServerConfigKeys (ConfUtils.java:logGet(43)) - raft.server.snapshot.auto.trigger.enabled = true (custom)
2019-10-02 10:22:31,340 [pool-37-thread-1] INFO  segmented.SegmentedRaftLogWorker (SegmentedRaftLogWorker.java:lambda$new$0(128)) - 438152b3-e18d-41ab-8849-fe8d3376297f@group-D826C21BBF81-SegmentedRaftLogWorker: flushIndex: setUnconditionally 0 -> -1
2019-10-02 10:22:31,340 [pool-27-thread-1] INFO  server.RaftServerConfigKeys (ConfUtils.java:logGet(43)) - raft.server.snapshot.auto.trigger.threshold = 10000 (custom)
2019-10-02 10:22:31,340 [pool-27-thread-1] INFO  server.RaftServerConfigKeys (ConfUtils.java:logGet(43)) - raft.server.snapshot.retention.file.num = 5 (custom)
2019-10-02 10:22:31,340 [pool-37-thread-1] INFO  server.RaftServerConfigKeys (ConfUtils.java:logGet(43)) - raft.server.snapshot.auto.trigger.enabled = true (custom)
2019-10-02 10:22:31,340 [pool-27-thread-1] INFO  server.RaftServerConfigKeys (ConfUtils.java:logGet(43)) - raft.server.retrycache.expirytime = 600000ms (custom)
2019-10-02 10:22:31,341 [pool-37-thread-1] INFO  server.RaftServerConfigKeys (ConfUtils.java:logGet(43)) - raft.server.snapshot.auto.trigger.threshold = 10000 (custom)
2019-10-02 10:22:31,341 [pool-37-thread-1] INFO  server.RaftServerConfigKeys (ConfUtils.java:logGet(43)) - raft.server.snapshot.retention.file.num = 5 (custom)
2019-10-02 10:22:31,341 [pool-37-thread-1] INFO  server.RaftServerConfigKeys (ConfUtils.java:logGet(43)) - raft.server.retrycache.expirytime = 600000ms (custom)
2019-10-02 10:22:31,342 [pool-67-thread-1] INFO  impl.RaftServerImpl (RaftServerImpl.java:start(181)) - 67f1a5fe-c7be-4ecb-b503-d243409340fd@group-D826C21BBF81: start as a follower, conf=-1: [663b2fe6-68c2-4e66-9671-0aa57c3653e2:192.168.151.92:41388, 67f1a5fe-c7be-4ecb-b503-d243409340fd:192.168.151.92:36198, 438152b3-e18d-41ab-8849-fe8d3376297f:192.168.151.92:40801], old=null
2019-10-02 10:22:31,343 [pool-67-thread-1] INFO  impl.RaftServerImpl (RaftServerImpl.java:setRole(170)) - 67f1a5fe-c7be-4ecb-b503-d243409340fd@group-D826C21BBF81: changes role from      null to FOLLOWER at term 0 for startAsFollower
2019-10-02 10:22:31,343 [pool-67-thread-1] INFO  impl.RoleInfo (RoleInfo.java:updateAndGet(143)) - 67f1a5fe-c7be-4ecb-b503-d243409340fd: start FollowerState
2019-10-02 10:22:31,351 [pool-67-thread-1] INFO  util.JmxRegister (JmxRegister.java:tryRegister(44)) - Successfully registered JMX Bean with object name Ratis:service=RaftServer,group=group-D826C21BBF81,id=67f1a5fe-c7be-4ecb-b503-d243409340fd
2019-10-02 10:22:31,351 [pool-27-thread-1] INFO  impl.RaftServerImpl (RaftServerImpl.java:start(181)) - 663b2fe6-68c2-4e66-9671-0aa57c3653e2@group-D826C21BBF81: start as a follower, conf=-1: [663b2fe6-68c2-4e66-9671-0aa57c3653e2:192.168.151.92:41388, 67f1a5fe-c7be-4ecb-b503-d243409340fd:192.168.151.92:36198, 438152b3-e18d-41ab-8849-fe8d3376297f:192.168.151.92:40801], old=null
2019-10-02 10:22:31,351 [pool-27-thread-1] INFO  impl.RaftServerImpl (RaftServerImpl.java:setRole(170)) - 663b2fe6-68c2-4e66-9671-0aa57c3653e2@group-D826C21BBF81: changes role from      null to FOLLOWER at term 0 for startAsFollower
2019-10-02 10:22:31,351 [pool-37-thread-1] INFO  impl.RaftServerImpl (RaftServerImpl.java:start(181)) - 438152b3-e18d-41ab-8849-fe8d3376297f@group-D826C21BBF81: start as a follower, conf=-1: [663b2fe6-68c2-4e66-9671-0aa57c3653e2:192.168.151.92:41388, 67f1a5fe-c7be-4ecb-b503-d243409340fd:192.168.151.92:36198, 438152b3-e18d-41ab-8849-fe8d3376297f:192.168.151.92:40801], old=null
2019-10-02 10:22:31,351 [pool-27-thread-1] INFO  impl.RoleInfo (RoleInfo.java:updateAndGet(143)) - 663b2fe6-68c2-4e66-9671-0aa57c3653e2: start FollowerState
2019-10-02 10:22:31,352 [pool-37-thread-1] INFO  impl.RaftServerImpl (RaftServerImpl.java:setRole(170)) - 438152b3-e18d-41ab-8849-fe8d3376297f@group-D826C21BBF81: changes role from      null to FOLLOWER at term 0 for startAsFollower
2019-10-02 10:22:31,352 [pool-37-thread-1] INFO  impl.RoleInfo (RoleInfo.java:updateAndGet(143)) - 438152b3-e18d-41ab-8849-fe8d3376297f: start FollowerState
2019-10-02 10:22:31,352 [pool-27-thread-1] INFO  util.JmxRegister (JmxRegister.java:tryRegister(44)) - Successfully registered JMX Bean with object name Ratis:service=RaftServer,group=group-D826C21BBF81,id=663b2fe6-68c2-4e66-9671-0aa57c3653e2
2019-10-02 10:22:31,352 [pool-37-thread-1] INFO  util.JmxRegister (JmxRegister.java:tryRegister(44)) - Successfully registered JMX Bean with object name Ratis:service=RaftServer,group=group-D826C21BBF81,id=438152b3-e18d-41ab-8849-fe8d3376297f
2019-10-02 10:22:31,373 [RatisPipelineUtilsThread] INFO  pipeline.PipelineStateManager (PipelineStateManager.java:addPipeline(56)) - Created pipeline Pipeline[ Id: c8dfcd94-5374-43af-a5e9-d826c21bbf81, Nodes: 67f1a5fe-c7be-4ecb-b503-d243409340fd{ip: 192.168.151.92, host: pr-trunk-gg4kw-413187789, networkLocation: /default-rack, certSerialId: null}663b2fe6-68c2-4e66-9671-0aa57c3653e2{ip: 192.168.151.92, host: pr-trunk-gg4kw-413187789, networkLocation: /default-rack, certSerialId: null}438152b3-e18d-41ab-8849-fe8d3376297f{ip: 192.168.151.92, host: pr-trunk-gg4kw-413187789, networkLocation: /default-rack, certSerialId: null}, Type:RATIS, Factor:THREE, State:OPEN]
2019-10-02 10:22:31,760 [main] WARN  io.KeyOutputStream (KeyOutputStream.java:handleException(274)) - Encountered exception java.io.IOException: Unexpected Storage Container Exception: java.util.concurrent.CompletionException: java.util.concurrent.CompletionException: org.apache.ratis.protocol.GroupMismatchException: 663b2fe6-68c2-4e66-9671-0aa57c3653e2: group-DF0A8D14A0B0 not found. on the pipeline Pipeline[ Id: 6503586d-4659-4ed3-ad6e-df0a8d14a0b0, Nodes: 67f1a5fe-c7be-4ecb-b503-d243409340fd{ip: 192.168.151.92, host: pr-trunk-gg4kw-413187789, networkLocation: /default-rack, certSerialId: null}663b2fe6-68c2-4e66-9671-0aa57c3653e2{ip: 192.168.151.92, host: pr-trunk-gg4kw-413187789, networkLocation: /default-rack, certSerialId: null}438152b3-e18d-41ab-8849-fe8d3376297f{ip: 192.168.151.92, host: pr-trunk-gg4kw-413187789, networkLocation: /default-rack, certSerialId: null}, Type:RATIS, Factor:THREE, State:OPEN]. The last committed block length is 0, uncommitted data length is 400 retry count 2
2019-10-02 10:22:31,985 [pool-86-thread-2] ERROR impl.ChunkManagerImpl (ChunkUtils.java:writeData(89)) - data array does not match the length specified. DataLen: 100 Byte Array: 246
2019-10-02 10:22:31,987 [pool-86-thread-2] INFO  keyvalue.KeyValueHandler (ContainerUtils.java:logAndReturnError(146)) - Operation: WriteChunk : Trace ID: f363974444e5ae09:f363974444e5ae09:0:0 : Message: data array does not match the length specified. DataLen: 100 Byte Array: 246 : Result: INVALID_WRITE_SIZE
2019-10-02 10:22:32,006 [EventQueue-IncrementalContainerReportForIncrementalContainerReportHandler] WARN  container.IncrementalContainerReportHandler (AbstractContainerReportHandler.java:updateContainerState(143)) - Container #4 is in OPEN state, but the datanode cc1fcddd-974e-4515-9faf-cb0b34c0ae51{ip: 192.168.151.92, host: pr-trunk-gg4kw-413187789, networkLocation: /default-rack, certSerialId: null} reports an UNHEALTHY replica.
2019-10-02 10:22:32,008 [EventQueue-CloseContainerForCloseContainerEventHandler] INFO  container.CloseContainerEventHandler (CloseContainerEventHandler.java:onMessage(61)) - Close container Event triggered for container : #4
10:22:32.005 [pool-86-thread-2] ERROR DNAudit - user=null | ip=null | op=WRITE_CHUNK {blockData=conID: 4 locID: 102892290164981764 bcsId: 0} | ret=FAILURE
java.lang.Exception: data array does not match the length specified. DataLen: 100 Byte Array: 246
	at org.apache.hadoop.ozone.container.common.impl.HddsDispatcher.dispatchRequest(HddsDispatcher.java:330) ~[hadoop-hdds-container-service-0.5.0-SNAPSHOT.jar:?]
	at org.apache.hadoop.ozone.container.common.impl.HddsDispatcher.dispatch(HddsDispatcher.java:150) ~[hadoop-hdds-container-service-0.5.0-SNAPSHOT.jar:?]
	at org.apache.hadoop.ozone.container.common.transport.server.ratis.ContainerStateMachine.dispatchCommand(ContainerStateMachine.java:411) ~[hadoop-hdds-container-service-0.5.0-SNAPSHOT.jar:?]
	at org.apache.hadoop.ozone.container.common.transport.server.ratis.ContainerStateMachine.runCommand(ContainerStateMachine.java:419) ~[hadoop-hdds-container-service-0.5.0-SNAPSHOT.jar:?]
	at org.apache.hadoop.ozone.container.common.transport.server.ratis.ContainerStateMachine.lambda$handleWriteChunk$1(ContainerStateMachine.java:454) ~[hadoop-hdds-container-service-0.5.0-SNAPSHOT.jar:?]
	at java.util.concurrent.CompletableFuture$AsyncSupply.run(CompletableFuture.java:1590) [?:1.8.0_212]
	at java.util.concurrent.ThreadPoolExecutor.runWorker(ThreadPoolExecutor.java:1149) [?:1.8.0_212]
	at java.util.concurrent.ThreadPoolExecutor$Worker.run(ThreadPoolExecutor.java:624) [?:1.8.0_212]
	at java.lang.Thread.run(Thread.java:748) [?:1.8.0_212]
2019-10-02 10:22:32,009 [pool-86-thread-2] ERROR ratis.ContainerStateMachine (ContainerStateMachine.java:lambda$handleWriteChunk$2(474)) - group-ACEF7C529229: writeChunk writeStateMachineData failed: blockIdcontainerID: 4
localID: 102892290164981764
blockCommitSequenceId: 0
 logIndex 1 chunkName 102892290164981764_chunk_1 Error message: data array does not match the length specified. DataLen: 100 Byte Array: 246 Container Result: INVALID_WRITE_SIZE
2019-10-02 10:22:32,011 [cc1fcddd-974e-4515-9faf-cb0b34c0ae51@group-ACEF7C529229-SegmentedRaftLogWorker] ERROR ratis.XceiverServerRatis (XceiverServerRatis.java:triggerPipelineClose(581)) - pipeline Action CLOSE  on pipeline PipelineID=7c101626-31d1-4984-b9b4-acef7c529229.Reason : data array does not match the length specified. DataLen: 100 Byte Array: 246
2019-10-02 10:22:32,011 [cc1fcddd-974e-4515-9faf-cb0b34c0ae51@group-ACEF7C529229-SegmentedRaftLogWorker] ERROR ratis.XceiverServerRatis (XceiverServerRatis.java:triggerPipelineClose(581)) - pipeline Action CLOSE  on pipeline PipelineID=7c101626-31d1-4984-b9b4-acef7c529229.Reason : Log already failed at index 1 for task WriteLog:1: (t:8, i:1), STATEMACHINELOGENTRY, client-3C995C76410D, cid=55
2019-10-02 10:22:32,011 [EventQueue-PipelineActionsForPipelineActionHandler] ERROR pipeline.PipelineActionHandler (PipelineActionHandler.java:onMessage(60)) - Received pipeline action CLOSE for Pipeline[ Id: 7c101626-31d1-4984-b9b4-acef7c529229, Nodes: 298c2419-298a-4ac1-a348-589b955770c1{ip: 192.168.151.92, host: pr-trunk-gg4kw-413187789, networkLocation: /default-rack, certSerialId: null}b70c9021-8da6-41e6-a976-daf4f7fbddb8{ip: 192.168.151.92, host: pr-trunk-gg4kw-413187789, networkLocation: /default-rack, certSerialId: null}cc1fcddd-974e-4515-9faf-cb0b34c0ae51{ip: 192.168.151.92, host: pr-trunk-gg4kw-413187789, networkLocation: /default-rack, certSerialId: null}, Type:RATIS, Factor:THREE, State:OPEN] from datanode cc1fcddd-974e-4515-9faf-cb0b34c0ae51{ip: 192.168.151.92, host: pr-trunk-gg4kw-413187789, networkLocation: /default-rack, certSerialId: null}. Reason : data array does not match the length specified. DataLen: 100 Byte Array: 246
2019-10-02 10:22:32,012 [EventQueue-PipelineActionsForPipelineActionHandler] INFO  pipeline.SCMPipelineManager (SCMPipelineManager.java:finalizeAndDestroyPipeline(315)) - destroying pipeline:Pipeline[ Id: 7c101626-31d1-4984-b9b4-acef7c529229, Nodes: 298c2419-298a-4ac1-a348-589b955770c1{ip: 192.168.151.92, host: pr-trunk-gg4kw-413187789, networkLocation: /default-rack, certSerialId: null}b70c9021-8da6-41e6-a976-daf4f7fbddb8{ip: 192.168.151.92, host: pr-trunk-gg4kw-413187789, networkLocation: /default-rack, certSerialId: null}cc1fcddd-974e-4515-9faf-cb0b34c0ae51{ip: 192.168.151.92, host: pr-trunk-gg4kw-413187789, networkLocation: /default-rack, certSerialId: null}, Type:RATIS, Factor:THREE, State:OPEN]
2019-10-02 10:22:32,012 [EventQueue-PipelineActionsForPipelineActionHandler] INFO  pipeline.PipelineStateManager (PipelineStateManager.java:finalizePipeline(123)) - Pipeline Pipeline[ Id: 7c101626-31d1-4984-b9b4-acef7c529229, Nodes: 298c2419-298a-4ac1-a348-589b955770c1{ip: 192.168.151.92, host: pr-trunk-gg4kw-413187789, networkLocation: /default-rack, certSerialId: null}b70c9021-8da6-41e6-a976-daf4f7fbddb8{ip: 192.168.151.92, host: pr-trunk-gg4kw-413187789, networkLocation: /default-rack, certSerialId: null}cc1fcddd-974e-4515-9faf-cb0b34c0ae51{ip: 192.168.151.92, host: pr-trunk-gg4kw-413187789, networkLocation: /default-rack, certSerialId: null}, Type:RATIS, Factor:THREE, State:CLOSED] moved to CLOSED state
2019-10-02 10:22:32,012 [EventQueue-PipelineActionsForPipelineActionHandler] ERROR pipeline.PipelineActionHandler (PipelineActionHandler.java:onMessage(60)) - Received pipeline action CLOSE for Pipeline[ Id: 7c101626-31d1-4984-b9b4-acef7c529229, Nodes: 298c2419-298a-4ac1-a348-589b955770c1{ip: 192.168.151.92, host: pr-trunk-gg4kw-413187789, networkLocation: /default-rack, certSerialId: null}b70c9021-8da6-41e6-a976-daf4f7fbddb8{ip: 192.168.151.92, host: pr-trunk-gg4kw-413187789, networkLocation: /default-rack, certSerialId: null}cc1fcddd-974e-4515-9faf-cb0b34c0ae51{ip: 192.168.151.92, host: pr-trunk-gg4kw-413187789, networkLocation: /default-rack, certSerialId: null}, Type:RATIS, Factor:THREE, State:CLOSED] from datanode cc1fcddd-974e-4515-9faf-cb0b34c0ae51{ip: 192.168.151.92, host: pr-trunk-gg4kw-413187789, networkLocation: /default-rack, certSerialId: null}. Reason : Log already failed at index 1 for task WriteLog:1: (t:8, i:1), STATEMACHINELOGENTRY, client-3C995C76410D, cid=55
2019-10-02 10:22:32,013 [EventQueue-PipelineActionsForPipelineActionHandler] INFO  pipeline.SCMPipelineManager (SCMPipelineManager.java:finalizeAndDestroyPipeline(315)) - destroying pipeline:Pipeline[ Id: 7c101626-31d1-4984-b9b4-acef7c529229, Nodes: 298c2419-298a-4ac1-a348-589b955770c1{ip: 192.168.151.92, host: pr-trunk-gg4kw-413187789, networkLocation: /default-rack, certSerialId: null}b70c9021-8da6-41e6-a976-daf4f7fbddb8{ip: 192.168.151.92, host: pr-trunk-gg4kw-413187789, networkLocation: /default-rack, certSerialId: null}cc1fcddd-974e-4515-9faf-cb0b34c0ae51{ip: 192.168.151.92, host: pr-trunk-gg4kw-413187789, networkLocation: /default-rack, certSerialId: null}, Type:RATIS, Factor:THREE, State:CLOSED]
2019-10-02 10:22:34,833 [java.util.concurrent.ThreadPoolExecutor$Worker@53bc8da3[State = -1, empty queue]] ERROR client.GrpcClientProtocolClient (GrpcClientProtocolClient.java:close(148)) - Unexpected exception while waiting for channel termination
java.lang.InterruptedException
	at java.util.concurrent.locks.AbstractQueuedSynchronizer.tryAcquireSharedNanos(AbstractQueuedSynchronizer.java:1326)
	at java.util.concurrent.CountDownLatch.await(CountDownLatch.java:277)
	at org.apache.ratis.thirdparty.io.grpc.internal.ManagedChannelImpl.awaitTermination(ManagedChannelImpl.java:763)
	at org.apache.ratis.thirdparty.io.grpc.internal.ForwardingManagedChannel.awaitTermination(ForwardingManagedChannel.java:57)
	at org.apache.ratis.thirdparty.io.grpc.internal.ManagedChannelOrphanWrapper.awaitTermination(ManagedChannelOrphanWrapper.java:70)
	at org.apache.ratis.grpc.client.GrpcClientProtocolClient.close(GrpcClientProtocolClient.java:146)
	at org.apache.ratis.util.PeerProxyMap$PeerAndProxy.lambda$close$1(PeerProxyMap.java:74)
	at org.apache.ratis.util.LifeCycle.lambda$checkStateAndClose$2(LifeCycle.java:231)
	at org.apache.ratis.util.LifeCycle.checkStateAndClose(LifeCycle.java:251)
	at org.apache.ratis.util.LifeCycle.checkStateAndClose(LifeCycle.java:229)
	at org.apache.ratis.util.PeerProxyMap$PeerAndProxy.close(PeerProxyMap.java:70)
	at org.apache.ratis.util.PeerProxyMap.resetProxy(PeerProxyMap.java:127)
	at org.apache.ratis.util.PeerProxyMap.handleException(PeerProxyMap.java:136)
	at org.apache.ratis.client.impl.RaftClientRpcWithProxy.handleException(RaftClientRpcWithProxy.java:47)
	at org.apache.ratis.client.impl.RaftClientImpl.handleIOException(RaftClientImpl.java:372)
	at org.apache.ratis.client.impl.OrderedAsync.lambda$sendRequest$10(OrderedAsync.java:236)
	at java.util.concurrent.CompletableFuture.uniExceptionally(CompletableFuture.java:870)
	at java.util.concurrent.CompletableFuture$UniExceptionally.tryFire(CompletableFuture.java:852)
	at java.util.concurrent.CompletableFuture.postComplete(CompletableFuture.java:474)
	at java.util.concurrent.CompletableFuture.completeExceptionally(CompletableFuture.java:1977)
	at org.apache.ratis.grpc.client.GrpcClientProtocolClient$AsyncStreamObservers.lambda$timeoutCheck$3(GrpcClientProtocolClient.java:324)
	at java.util.Optional.ifPresent(Optional.java:159)
	at org.apache.ratis.grpc.client.GrpcClientProtocolClient$AsyncStreamObservers.handleReplyFuture(GrpcClientProtocolClient.java:329)
	at org.apache.ratis.grpc.client.GrpcClientProtocolClient$AsyncStreamObservers.timeoutCheck(GrpcClientProtocolClient.java:324)
	at org.apache.ratis.grpc.client.GrpcClientProtocolClient$AsyncStreamObservers.lambda$onNext$1(GrpcClientProtocolClient.java:318)
	at org.apache.ratis.util.TimeoutScheduler.lambda$onTimeout$0(TimeoutScheduler.java:113)
	at org.apache.ratis.util.TimeoutScheduler.lambda$onTimeout$1(TimeoutScheduler.java:133)
	at org.apache.ratis.util.LogUtils.runAndLog(LogUtils.java:50)
	at org.apache.ratis.util.LogUtils$1.run(LogUtils.java:91)
	at java.util.concurrent.Executors$RunnableAdapter.call(Executors.java:511)
	at java.util.concurrent.FutureTask.run(FutureTask.java:266)
	at java.util.concurrent.ScheduledThreadPoolExecutor$ScheduledFutureTask.access$201(ScheduledThreadPoolExecutor.java:180)
	at java.util.concurrent.ScheduledThreadPoolExecutor$ScheduledFutureTask.run(ScheduledThreadPoolExecutor.java:293)
	at java.util.concurrent.ThreadPoolExecutor.runWorker(ThreadPoolExecutor.java:1149)
	at java.util.concurrent.ThreadPoolExecutor$Worker.run(ThreadPoolExecutor.java:624)
	at java.lang.Thread.run(Thread.java:748)
2019-10-02 10:22:34,837 [java.util.concurrent.ThreadPoolExecutor$Worker@53bc8da3[State = -1, empty queue]] WARN  util.TimeoutScheduler (LogUtils.java:runAndLog(55)) - Failed to task #0: java.lang.NullPointerException
2019-10-02 10:22:36,424 [Thread-986] INFO  impl.FollowerState (FollowerState.java:run(108)) - 663b2fe6-68c2-4e66-9671-0aa57c3653e2@group-D826C21BBF81-FollowerState: change to CANDIDATE, lastRpcTime:5072ms, electionTimeout:5072ms
2019-10-02 10:22:36,427 [Thread-987] INFO  impl.FollowerState (FollowerState.java:run(108)) - 438152b3-e18d-41ab-8849-fe8d3376297f@group-D826C21BBF81-FollowerState: change to CANDIDATE, lastRpcTime:5074ms, electionTimeout:5074ms
2019-10-02 10:22:36,427 [Thread-986] INFO  impl.RoleInfo (RoleInfo.java:shutdownFollowerState(121)) - 663b2fe6-68c2-4e66-9671-0aa57c3653e2: shutdown FollowerState
2019-10-02 10:22:36,427 [Thread-987] INFO  impl.RoleInfo (RoleInfo.java:shutdownFollowerState(121)) - 438152b3-e18d-41ab-8849-fe8d3376297f: shutdown FollowerState
2019-10-02 10:22:36,427 [Thread-986] INFO  impl.RaftServerImpl (RaftServerImpl.java:setRole(170)) - 663b2fe6-68c2-4e66-9671-0aa57c3653e2@group-D826C21BBF81: changes role from  FOLLOWER to CANDIDATE at term 0 for changeToCandidate
2019-10-02 10:22:36,427 [Thread-987] INFO  impl.RaftServerImpl (RaftServerImpl.java:setRole(170)) - 438152b3-e18d-41ab-8849-fe8d3376297f@group-D826C21BBF81: changes role from  FOLLOWER to CANDIDATE at term 0 for changeToCandidate
2019-10-02 10:22:36,428 [Thread-986] INFO  impl.RoleInfo (RoleInfo.java:updateAndGet(143)) - 663b2fe6-68c2-4e66-9671-0aa57c3653e2: start LeaderElection
2019-10-02 10:22:36,428 [Thread-987] INFO  impl.RoleInfo (RoleInfo.java:updateAndGet(143)) - 438152b3-e18d-41ab-8849-fe8d3376297f: start LeaderElection
2019-10-02 10:22:36,483 [Thread-985] INFO  impl.FollowerState (FollowerState.java:run(108)) - 67f1a5fe-c7be-4ecb-b503-d243409340fd@group-D826C21BBF81-FollowerState: change to CANDIDATE, lastRpcTime:5140ms, electionTimeout:5140ms
2019-10-02 10:22:36,484 [Thread-985] INFO  impl.RoleInfo (RoleInfo.java:shutdownFollowerState(121)) - 67f1a5fe-c7be-4ecb-b503-d243409340fd: shutdown FollowerState
2019-10-02 10:22:36,484 [Thread-985] INFO  impl.RaftServerImpl (RaftServerImpl.java:setRole(170)) - 67f1a5fe-c7be-4ecb-b503-d243409340fd@group-D826C21BBF81: changes role from  FOLLOWER to CANDIDATE at term 0 for changeToCandidate
2019-10-02 10:22:36,484 [Thread-985] INFO  impl.RoleInfo (RoleInfo.java:updateAndGet(143)) - 67f1a5fe-c7be-4ecb-b503-d243409340fd: start LeaderElection
2019-10-02 10:22:36,539 [663b2fe6-68c2-4e66-9671-0aa57c3653e2@group-D826C21BBF81-LeaderElection38] INFO  impl.LeaderElection (LeaderElection.java:askForVotes(178)) - 663b2fe6-68c2-4e66-9671-0aa57c3653e2@group-D826C21BBF81-LeaderElection38: begin an election at term 1 for -1: [663b2fe6-68c2-4e66-9671-0aa57c3653e2:192.168.151.92:41388, 67f1a5fe-c7be-4ecb-b503-d243409340fd:192.168.151.92:36198, 438152b3-e18d-41ab-8849-fe8d3376297f:192.168.151.92:40801], old=null
2019-10-02 10:22:36,540 [438152b3-e18d-41ab-8849-fe8d3376297f@group-D826C21BBF81-LeaderElection39] INFO  impl.LeaderElection (LeaderElection.java:askForVotes(178)) - 438152b3-e18d-41ab-8849-fe8d3376297f@group-D826C21BBF81-LeaderElection39: begin an election at term 1 for -1: [663b2fe6-68c2-4e66-9671-0aa57c3653e2:192.168.151.92:41388, 67f1a5fe-c7be-4ecb-b503-d243409340fd:192.168.151.92:36198, 438152b3-e18d-41ab-8849-fe8d3376297f:192.168.151.92:40801], old=null
2019-10-02 10:22:36,552 [67f1a5fe-c7be-4ecb-b503-d243409340fd@group-D826C21BBF81-LeaderElection40] INFO  impl.LeaderElection (LeaderElection.java:askForVotes(178)) - 67f1a5fe-c7be-4ecb-b503-d243409340fd@group-D826C21BBF81-LeaderElection40: begin an election at term 1 for -1: [663b2fe6-68c2-4e66-9671-0aa57c3653e2:192.168.151.92:41388, 67f1a5fe-c7be-4ecb-b503-d243409340fd:192.168.151.92:36198, 438152b3-e18d-41ab-8849-fe8d3376297f:192.168.151.92:40801], old=null
2019-10-02 10:22:36,559 [663b2fe6-68c2-4e66-9671-0aa57c3653e2@group-D826C21BBF81-LeaderElection38] INFO  impl.LeaderElection (LeaderElection.java:logAndReturn(56)) - 663b2fe6-68c2-4e66-9671-0aa57c3653e2@group-D826C21BBF81-LeaderElection38: Election REJECTED; received 2 response(s) [663b2fe6-68c2-4e66-9671-0aa57c3653e2<-438152b3-e18d-41ab-8849-fe8d3376297f#0:FAIL-t1, 663b2fe6-68c2-4e66-9671-0aa57c3653e2<-67f1a5fe-c7be-4ecb-b503-d243409340fd#0:FAIL-t1] and 0 exception(s); 663b2fe6-68c2-4e66-9671-0aa57c3653e2@group-D826C21BBF81:t1, leader=null, voted=663b2fe6-68c2-4e66-9671-0aa57c3653e2, raftlog=663b2fe6-68c2-4e66-9671-0aa57c3653e2@group-D826C21BBF81-SegmentedRaftLog:OPENED:c-1,f-1,i0, conf=-1: [663b2fe6-68c2-4e66-9671-0aa57c3653e2:192.168.151.92:41388, 67f1a5fe-c7be-4ecb-b503-d243409340fd:192.168.151.92:36198, 438152b3-e18d-41ab-8849-fe8d3376297f:192.168.151.92:40801], old=null
2019-10-02 10:22:36,560 [663b2fe6-68c2-4e66-9671-0aa57c3653e2@group-D826C21BBF81-LeaderElection38] INFO  impl.RaftServerImpl (RaftServerImpl.java:setRole(170)) - 663b2fe6-68c2-4e66-9671-0aa57c3653e2@group-D826C21BBF81: changes role from CANDIDATE to FOLLOWER at term 1 for DISCOVERED_A_NEW_TERM
2019-10-02 10:22:36,560 [438152b3-e18d-41ab-8849-fe8d3376297f@group-D826C21BBF81-LeaderElection39] INFO  impl.LeaderElection (LeaderElection.java:logAndReturn(56)) - 438152b3-e18d-41ab-8849-fe8d3376297f@group-D826C21BBF81-LeaderElection39: Election REJECTED; received 2 response(s) [438152b3-e18d-41ab-8849-fe8d3376297f<-663b2fe6-68c2-4e66-9671-0aa57c3653e2#0:FAIL-t1, 438152b3-e18d-41ab-8849-fe8d3376297f<-67f1a5fe-c7be-4ecb-b503-d243409340fd#0:FAIL-t1] and 0 exception(s); 438152b3-e18d-41ab-8849-fe8d3376297f@group-D826C21BBF81:t1, leader=null, voted=438152b3-e18d-41ab-8849-fe8d3376297f, raftlog=438152b3-e18d-41ab-8849-fe8d3376297f@group-D826C21BBF81-SegmentedRaftLog:OPENED:c-1,f-1,i0, conf=-1: [663b2fe6-68c2-4e66-9671-0aa57c3653e2:192.168.151.92:41388, 67f1a5fe-c7be-4ecb-b503-d243409340fd:192.168.151.92:36198, 438152b3-e18d-41ab-8849-fe8d3376297f:192.168.151.92:40801], old=null
2019-10-02 10:22:36,560 [663b2fe6-68c2-4e66-9671-0aa57c3653e2@group-D826C21BBF81-LeaderElection38] INFO  impl.RoleInfo (RoleInfo.java:shutdownLeaderElection(134)) - 663b2fe6-68c2-4e66-9671-0aa57c3653e2: shutdown LeaderElection
2019-10-02 10:22:36,562 [438152b3-e18d-41ab-8849-fe8d3376297f@group-D826C21BBF81-LeaderElection39] INFO  impl.RaftServerImpl (RaftServerImpl.java:setRole(170)) - 438152b3-e18d-41ab-8849-fe8d3376297f@group-D826C21BBF81: changes role from CANDIDATE to FOLLOWER at term 1 for DISCOVERED_A_NEW_TERM
2019-10-02 10:22:36,563 [663b2fe6-68c2-4e66-9671-0aa57c3653e2@group-D826C21BBF81-LeaderElection38] INFO  impl.RoleInfo (RoleInfo.java:updateAndGet(143)) - 663b2fe6-68c2-4e66-9671-0aa57c3653e2: start FollowerState
2019-10-02 10:22:36,563 [438152b3-e18d-41ab-8849-fe8d3376297f@group-D826C21BBF81-LeaderElection39] INFO  impl.RoleInfo (RoleInfo.java:shutdownLeaderElection(134)) - 438152b3-e18d-41ab-8849-fe8d3376297f: shutdown LeaderElection
2019-10-02 10:22:36,564 [438152b3-e18d-41ab-8849-fe8d3376297f@group-D826C21BBF81-LeaderElection39] INFO  impl.RoleInfo (RoleInfo.java:updateAndGet(143)) - 438152b3-e18d-41ab-8849-fe8d3376297f: start FollowerState
2019-10-02 10:22:36,567 [67f1a5fe-c7be-4ecb-b503-d243409340fd@group-D826C21BBF81-LeaderElection40] INFO  impl.LeaderElection (LeaderElection.java:logAndReturn(56)) - 67f1a5fe-c7be-4ecb-b503-d243409340fd@group-D826C21BBF81-LeaderElection40: Election REJECTED; received 2 response(s) [67f1a5fe-c7be-4ecb-b503-d243409340fd<-663b2fe6-68c2-4e66-9671-0aa57c3653e2#0:FAIL-t1, 67f1a5fe-c7be-4ecb-b503-d243409340fd<-438152b3-e18d-41ab-8849-fe8d3376297f#0:FAIL-t1] and 0 exception(s); 67f1a5fe-c7be-4ecb-b503-d243409340fd@group-D826C21BBF81:t1, leader=null, voted=67f1a5fe-c7be-4ecb-b503-d243409340fd, raftlog=67f1a5fe-c7be-4ecb-b503-d243409340fd@group-D826C21BBF81-SegmentedRaftLog:OPENED:c-1,f-1,i0, conf=-1: [663b2fe6-68c2-4e66-9671-0aa57c3653e2:192.168.151.92:41388, 67f1a5fe-c7be-4ecb-b503-d243409340fd:192.168.151.92:36198, 438152b3-e18d-41ab-8849-fe8d3376297f:192.168.151.92:40801], old=null
2019-10-02 10:22:36,567 [67f1a5fe-c7be-4ecb-b503-d243409340fd@group-D826C21BBF81-LeaderElection40] INFO  impl.RaftServerImpl (RaftServerImpl.java:setRole(170)) - 67f1a5fe-c7be-4ecb-b503-d243409340fd@group-D826C21BBF81: changes role from CANDIDATE to FOLLOWER at term 1 for DISCOVERED_A_NEW_TERM
2019-10-02 10:22:36,567 [67f1a5fe-c7be-4ecb-b503-d243409340fd@group-D826C21BBF81-LeaderElection40] INFO  impl.RoleInfo (RoleInfo.java:shutdownLeaderElection(134)) - 67f1a5fe-c7be-4ecb-b503-d243409340fd: shutdown LeaderElection
2019-10-02 10:22:36,568 [67f1a5fe-c7be-4ecb-b503-d243409340fd@group-D826C21BBF81-LeaderElection40] INFO  impl.RoleInfo (RoleInfo.java:updateAndGet(143)) - 67f1a5fe-c7be-4ecb-b503-d243409340fd: start FollowerState
2019-10-02 10:22:38,875 [java.util.concurrent.ThreadPoolExecutor$Worker@37dd2dde[State = -1, empty queue]] ERROR client.GrpcClientProtocolClient (GrpcClientProtocolClient.java:close(148)) - Unexpected exception while waiting for channel termination
java.lang.InterruptedException
	at java.util.concurrent.locks.AbstractQueuedSynchronizer.tryAcquireSharedNanos(AbstractQueuedSynchronizer.java:1326)
	at java.util.concurrent.CountDownLatch.await(CountDownLatch.java:277)
	at org.apache.ratis.thirdparty.io.grpc.internal.ManagedChannelImpl.awaitTermination(ManagedChannelImpl.java:763)
	at org.apache.ratis.thirdparty.io.grpc.internal.ForwardingManagedChannel.awaitTermination(ForwardingManagedChannel.java:57)
	at org.apache.ratis.thirdparty.io.grpc.internal.ManagedChannelOrphanWrapper.awaitTermination(ManagedChannelOrphanWrapper.java:70)
	at org.apache.ratis.grpc.client.GrpcClientProtocolClient.close(GrpcClientProtocolClient.java:146)
	at org.apache.ratis.util.PeerProxyMap$PeerAndProxy.lambda$close$1(PeerProxyMap.java:74)
	at org.apache.ratis.util.LifeCycle.lambda$checkStateAndClose$2(LifeCycle.java:231)
	at org.apache.ratis.util.LifeCycle.checkStateAndClose(LifeCycle.java:251)
	at org.apache.ratis.util.LifeCycle.checkStateAndClose(LifeCycle.java:229)
	at org.apache.ratis.util.PeerProxyMap$PeerAndProxy.close(PeerProxyMap.java:70)
	at org.apache.ratis.util.PeerProxyMap.resetProxy(PeerProxyMap.java:127)
	at org.apache.ratis.util.PeerProxyMap.handleException(PeerProxyMap.java:136)
	at org.apache.ratis.client.impl.RaftClientRpcWithProxy.handleException(RaftClientRpcWithProxy.java:47)
	at org.apache.ratis.client.impl.RaftClientImpl.handleIOException(RaftClientImpl.java:372)
	at org.apache.ratis.client.impl.OrderedAsync.lambda$sendRequest$10(OrderedAsync.java:236)
	at java.util.concurrent.CompletableFuture.uniExceptionally(CompletableFuture.java:870)
	at java.util.concurrent.CompletableFuture$UniExceptionally.tryFire(CompletableFuture.java:852)
	at java.util.concurrent.CompletableFuture.postComplete(CompletableFuture.java:474)
	at java.util.concurrent.CompletableFuture.completeExceptionally(CompletableFuture.java:1977)
	at org.apache.ratis.grpc.client.GrpcClientProtocolClient$AsyncStreamObservers.lambda$timeoutCheck$3(GrpcClientProtocolClient.java:324)
	at java.util.Optional.ifPresent(Optional.java:159)
	at org.apache.ratis.grpc.client.GrpcClientProtocolClient$AsyncStreamObservers.handleReplyFuture(GrpcClientProtocolClient.java:329)
	at org.apache.ratis.grpc.client.GrpcClientProtocolClient$AsyncStreamObservers.timeoutCheck(GrpcClientProtocolClient.java:324)
	at org.apache.ratis.grpc.client.GrpcClientProtocolClient$AsyncStreamObservers.lambda$onNext$1(GrpcClientProtocolClient.java:318)
	at org.apache.ratis.util.TimeoutScheduler.lambda$onTimeout$0(TimeoutScheduler.java:113)
	at org.apache.ratis.util.TimeoutScheduler.lambda$onTimeout$1(TimeoutScheduler.java:133)
	at org.apache.ratis.util.LogUtils.runAndLog(LogUtils.java:50)
	at org.apache.ratis.util.LogUtils$1.run(LogUtils.java:91)
	at java.util.concurrent.Executors$RunnableAdapter.call(Executors.java:511)
	at java.util.concurrent.FutureTask.run(FutureTask.java:266)
	at java.util.concurrent.ScheduledThreadPoolExecutor$ScheduledFutureTask.access$201(ScheduledThreadPoolExecutor.java:180)
	at java.util.concurrent.ScheduledThreadPoolExecutor$ScheduledFutureTask.run(ScheduledThreadPoolExecutor.java:293)
	at java.util.concurrent.ThreadPoolExecutor.runWorker(ThreadPoolExecutor.java:1149)
	at java.util.concurrent.ThreadPoolExecutor$Worker.run(ThreadPoolExecutor.java:624)
	at java.lang.Thread.run(Thread.java:748)
2019-10-02 10:22:38,878 [java.util.concurrent.ThreadPoolExecutor$Worker@37dd2dde[State = -1, empty queue]] WARN  util.TimeoutScheduler (LogUtils.java:runAndLog(55)) - Failed to task #0: java.lang.NullPointerException
2019-10-02 10:22:41,585 [Thread-1018] INFO  impl.FollowerState (FollowerState.java:run(108)) - 67f1a5fe-c7be-4ecb-b503-d243409340fd@group-D826C21BBF81-FollowerState: change to CANDIDATE, lastRpcTime:5017ms, electionTimeout:5017ms
2019-10-02 10:22:41,586 [Thread-1018] INFO  impl.RoleInfo (RoleInfo.java:shutdownFollowerState(121)) - 67f1a5fe-c7be-4ecb-b503-d243409340fd: shutdown FollowerState
2019-10-02 10:22:41,586 [Thread-1018] INFO  impl.RaftServerImpl (RaftServerImpl.java:setRole(170)) - 67f1a5fe-c7be-4ecb-b503-d243409340fd@group-D826C21BBF81: changes role from  FOLLOWER to CANDIDATE at term 1 for changeToCandidate
2019-10-02 10:22:41,586 [Thread-1018] INFO  impl.RoleInfo (RoleInfo.java:updateAndGet(143)) - 67f1a5fe-c7be-4ecb-b503-d243409340fd: start LeaderElection
2019-10-02 10:22:41,611 [Thread-1017] INFO  impl.FollowerState (FollowerState.java:run(108)) - 438152b3-e18d-41ab-8849-fe8d3376297f@group-D826C21BBF81-FollowerState: change to CANDIDATE, lastRpcTime:5047ms, electionTimeout:5047ms
2019-10-02 10:22:41,611 [Thread-1017] INFO  impl.RoleInfo (RoleInfo.java:shutdownFollowerState(121)) - 438152b3-e18d-41ab-8849-fe8d3376297f: shutdown FollowerState
2019-10-02 10:22:41,611 [Thread-1017] INFO  impl.RaftServerImpl (RaftServerImpl.java:setRole(170)) - 438152b3-e18d-41ab-8849-fe8d3376297f@group-D826C21BBF81: changes role from  FOLLOWER to CANDIDATE at term 1 for changeToCandidate
2019-10-02 10:22:41,611 [Thread-1017] INFO  impl.RoleInfo (RoleInfo.java:updateAndGet(143)) - 438152b3-e18d-41ab-8849-fe8d3376297f: start LeaderElection
2019-10-02 10:22:41,712 [Thread-1016] INFO  impl.FollowerState (FollowerState.java:run(108)) - 663b2fe6-68c2-4e66-9671-0aa57c3653e2@group-D826C21BBF81-FollowerState: change to CANDIDATE, lastRpcTime:5148ms, electionTimeout:5148ms
2019-10-02 10:22:41,712 [Thread-1016] INFO  impl.RoleInfo (RoleInfo.java:shutdownFollowerState(121)) - 663b2fe6-68c2-4e66-9671-0aa57c3653e2: shutdown FollowerState
2019-10-02 10:22:41,712 [Thread-1016] INFO  impl.RaftServerImpl (RaftServerImpl.java:setRole(170)) - 663b2fe6-68c2-4e66-9671-0aa57c3653e2@group-D826C21BBF81: changes role from  FOLLOWER to CANDIDATE at term 1 for changeToCandidate
2019-10-02 10:22:41,712 [Thread-1016] INFO  impl.RoleInfo (RoleInfo.java:updateAndGet(143)) - 663b2fe6-68c2-4e66-9671-0aa57c3653e2: start LeaderElection
2019-10-02 10:22:42,336 [663b2fe6-68c2-4e66-9671-0aa57c3653e2@group-D826C21BBF81-LeaderElection43] INFO  impl.LeaderElection (LeaderElection.java:askForVotes(178)) - 663b2fe6-68c2-4e66-9671-0aa57c3653e2@group-D826C21BBF81-LeaderElection43: begin an election at term 2 for -1: [663b2fe6-68c2-4e66-9671-0aa57c3653e2:192.168.151.92:41388, 67f1a5fe-c7be-4ecb-b503-d243409340fd:192.168.151.92:36198, 438152b3-e18d-41ab-8849-fe8d3376297f:192.168.151.92:40801], old=null
2019-10-02 10:22:42,336 [67f1a5fe-c7be-4ecb-b503-d243409340fd@group-D826C21BBF81-LeaderElection41] INFO  impl.LeaderElection (LeaderElection.java:askForVotes(178)) - 67f1a5fe-c7be-4ecb-b503-d243409340fd@group-D826C21BBF81-LeaderElection41: begin an election at term 2 for -1: [663b2fe6-68c2-4e66-9671-0aa57c3653e2:192.168.151.92:41388, 67f1a5fe-c7be-4ecb-b503-d243409340fd:192.168.151.92:36198, 438152b3-e18d-41ab-8849-fe8d3376297f:192.168.151.92:40801], old=null
2019-10-02 10:22:42,336 [438152b3-e18d-41ab-8849-fe8d3376297f@group-D826C21BBF81-LeaderElection42] INFO  impl.LeaderElection (LeaderElection.java:askForVotes(178)) - 438152b3-e18d-41ab-8849-fe8d3376297f@group-D826C21BBF81-LeaderElection42: begin an election at term 2 for -1: [663b2fe6-68c2-4e66-9671-0aa57c3653e2:192.168.151.92:41388, 67f1a5fe-c7be-4ecb-b503-d243409340fd:192.168.151.92:36198, 438152b3-e18d-41ab-8849-fe8d3376297f:192.168.151.92:40801], old=null
2019-10-02 10:22:42,343 [438152b3-e18d-41ab-8849-fe8d3376297f@group-D826C21BBF81-LeaderElection42] INFO  impl.LeaderElection (LeaderElection.java:logAndReturn(56)) - 438152b3-e18d-41ab-8849-fe8d3376297f@group-D826C21BBF81-LeaderElection42: Election REJECTED; received 2 response(s) [438152b3-e18d-41ab-8849-fe8d3376297f<-663b2fe6-68c2-4e66-9671-0aa57c3653e2#0:FAIL-t2, 438152b3-e18d-41ab-8849-fe8d3376297f<-67f1a5fe-c7be-4ecb-b503-d243409340fd#0:FAIL-t2] and 0 exception(s); 438152b3-e18d-41ab-8849-fe8d3376297f@group-D826C21BBF81:t2, leader=null, voted=438152b3-e18d-41ab-8849-fe8d3376297f, raftlog=438152b3-e18d-41ab-8849-fe8d3376297f@group-D826C21BBF81-SegmentedRaftLog:OPENED:c-1,f-1,i0, conf=-1: [663b2fe6-68c2-4e66-9671-0aa57c3653e2:192.168.151.92:41388, 67f1a5fe-c7be-4ecb-b503-d243409340fd:192.168.151.92:36198, 438152b3-e18d-41ab-8849-fe8d3376297f:192.168.151.92:40801], old=null
2019-10-02 10:22:42,343 [67f1a5fe-c7be-4ecb-b503-d243409340fd@group-D826C21BBF81-LeaderElection41] INFO  impl.LeaderElection (LeaderElection.java:logAndReturn(56)) - 67f1a5fe-c7be-4ecb-b503-d243409340fd@group-D826C21BBF81-LeaderElection41: Election REJECTED; received 2 response(s) [67f1a5fe-c7be-4ecb-b503-d243409340fd<-663b2fe6-68c2-4e66-9671-0aa57c3653e2#0:FAIL-t2, 67f1a5fe-c7be-4ecb-b503-d243409340fd<-438152b3-e18d-41ab-8849-fe8d3376297f#0:FAIL-t2] and 0 exception(s); 67f1a5fe-c7be-4ecb-b503-d243409340fd@group-D826C21BBF81:t2, leader=null, voted=67f1a5fe-c7be-4ecb-b503-d243409340fd, raftlog=67f1a5fe-c7be-4ecb-b503-d243409340fd@group-D826C21BBF81-SegmentedRaftLog:OPENED:c-1,f-1,i0, conf=-1: [663b2fe6-68c2-4e66-9671-0aa57c3653e2:192.168.151.92:41388, 67f1a5fe-c7be-4ecb-b503-d243409340fd:192.168.151.92:36198, 438152b3-e18d-41ab-8849-fe8d3376297f:192.168.151.92:40801], old=null
2019-10-02 10:22:42,343 [438152b3-e18d-41ab-8849-fe8d3376297f@group-D826C21BBF81-LeaderElection42] INFO  impl.RaftServerImpl (RaftServerImpl.java:setRole(170)) - 438152b3-e18d-41ab-8849-fe8d3376297f@group-D826C21BBF81: changes role from CANDIDATE to FOLLOWER at term 2 for DISCOVERED_A_NEW_TERM
2019-10-02 10:22:42,347 [67f1a5fe-c7be-4ecb-b503-d243409340fd@group-D826C21BBF81-LeaderElection41] INFO  impl.RaftServerImpl (RaftServerImpl.java:setRole(170)) - 67f1a5fe-c7be-4ecb-b503-d243409340fd@group-D826C21BBF81: changes role from CANDIDATE to FOLLOWER at term 2 for DISCOVERED_A_NEW_TERM
2019-10-02 10:22:42,343 [663b2fe6-68c2-4e66-9671-0aa57c3653e2@group-D826C21BBF81-LeaderElection43] INFO  impl.LeaderElection (LeaderElection.java:logAndReturn(56)) - 663b2fe6-68c2-4e66-9671-0aa57c3653e2@group-D826C21BBF81-LeaderElection43: Election REJECTED; received 2 response(s) [663b2fe6-68c2-4e66-9671-0aa57c3653e2<-67f1a5fe-c7be-4ecb-b503-d243409340fd#0:FAIL-t2, 663b2fe6-68c2-4e66-9671-0aa57c3653e2<-438152b3-e18d-41ab-8849-fe8d3376297f#0:FAIL-t2] and 0 exception(s); 663b2fe6-68c2-4e66-9671-0aa57c3653e2@group-D826C21BBF81:t2, leader=null, voted=663b2fe6-68c2-4e66-9671-0aa57c3653e2, raftlog=663b2fe6-68c2-4e66-9671-0aa57c3653e2@group-D826C21BBF81-SegmentedRaftLog:OPENED:c-1,f-1,i0, conf=-1: [663b2fe6-68c2-4e66-9671-0aa57c3653e2:192.168.151.92:41388, 67f1a5fe-c7be-4ecb-b503-d243409340fd:192.168.151.92:36198, 438152b3-e18d-41ab-8849-fe8d3376297f:192.168.151.92:40801], old=null
2019-10-02 10:22:42,349 [67f1a5fe-c7be-4ecb-b503-d243409340fd@group-D826C21BBF81-LeaderElection41] INFO  impl.RoleInfo (RoleInfo.java:shutdownLeaderElection(134)) - 67f1a5fe-c7be-4ecb-b503-d243409340fd: shutdown LeaderElection
2019-10-02 10:22:42,347 [438152b3-e18d-41ab-8849-fe8d3376297f@group-D826C21BBF81-LeaderElection42] INFO  impl.RoleInfo (RoleInfo.java:shutdownLeaderElection(134)) - 438152b3-e18d-41ab-8849-fe8d3376297f: shutdown LeaderElection
2019-10-02 10:22:42,351 [67f1a5fe-c7be-4ecb-b503-d243409340fd@group-D826C21BBF81-LeaderElection41] INFO  impl.RoleInfo (RoleInfo.java:updateAndGet(143)) - 67f1a5fe-c7be-4ecb-b503-d243409340fd: start FollowerState
2019-10-02 10:22:42,349 [663b2fe6-68c2-4e66-9671-0aa57c3653e2@group-D826C21BBF81-LeaderElection43] INFO  impl.RaftServerImpl (RaftServerImpl.java:setRole(170)) - 663b2fe6-68c2-4e66-9671-0aa57c3653e2@group-D826C21BBF81: changes role from CANDIDATE to FOLLOWER at term 2 for DISCOVERED_A_NEW_TERM
2019-10-02 10:22:42,351 [438152b3-e18d-41ab-8849-fe8d3376297f@group-D826C21BBF81-LeaderElection42] INFO  impl.RoleInfo (RoleInfo.java:updateAndGet(143)) - 438152b3-e18d-41ab-8849-fe8d3376297f: start FollowerState
2019-10-02 10:22:42,351 [663b2fe6-68c2-4e66-9671-0aa57c3653e2@group-D826C21BBF81-LeaderElection43] INFO  impl.RoleInfo (RoleInfo.java:shutdownLeaderElection(134)) - 663b2fe6-68c2-4e66-9671-0aa57c3653e2: shutdown LeaderElection
2019-10-02 10:22:42,352 [663b2fe6-68c2-4e66-9671-0aa57c3653e2@group-D826C21BBF81-LeaderElection43] INFO  impl.RoleInfo (RoleInfo.java:updateAndGet(143)) - 663b2fe6-68c2-4e66-9671-0aa57c3653e2: start FollowerState
2019-10-02 10:22:42,917 [java.util.concurrent.ThreadPoolExecutor$Worker@143de0f1[State = -1, empty queue]] ERROR client.GrpcClientProtocolClient (GrpcClientProtocolClient.java:close(148)) - Unexpected exception while waiting for channel termination
java.lang.InterruptedException
	at java.util.concurrent.locks.AbstractQueuedSynchronizer.tryAcquireSharedNanos(AbstractQueuedSynchronizer.java:1326)
	at java.util.concurrent.CountDownLatch.await(CountDownLatch.java:277)
	at org.apache.ratis.thirdparty.io.grpc.internal.ManagedChannelImpl.awaitTermination(ManagedChannelImpl.java:763)
	at org.apache.ratis.thirdparty.io.grpc.internal.ForwardingManagedChannel.awaitTermination(ForwardingManagedChannel.java:57)
	at org.apache.ratis.thirdparty.io.grpc.internal.ManagedChannelOrphanWrapper.awaitTermination(ManagedChannelOrphanWrapper.java:70)
	at org.apache.ratis.grpc.client.GrpcClientProtocolClient.close(GrpcClientProtocolClient.java:146)
	at org.apache.ratis.util.PeerProxyMap$PeerAndProxy.lambda$close$1(PeerProxyMap.java:74)
	at org.apache.ratis.util.LifeCycle.lambda$checkStateAndClose$2(LifeCycle.java:231)
	at org.apache.ratis.util.LifeCycle.checkStateAndClose(LifeCycle.java:251)
	at org.apache.ratis.util.LifeCycle.checkStateAndClose(LifeCycle.java:229)
	at org.apache.ratis.util.PeerProxyMap$PeerAndProxy.close(PeerProxyMap.java:70)
	at org.apache.ratis.util.PeerProxyMap.resetProxy(PeerProxyMap.java:127)
	at org.apache.ratis.util.PeerProxyMap.handleException(PeerProxyMap.java:136)
	at org.apache.ratis.client.impl.RaftClientRpcWithProxy.handleException(RaftClientRpcWithProxy.java:47)
	at org.apache.ratis.client.impl.RaftClientImpl.handleIOException(RaftClientImpl.java:372)
	at org.apache.ratis.client.impl.OrderedAsync.lambda$sendRequest$10(OrderedAsync.java:236)
	at java.util.concurrent.CompletableFuture.uniExceptionally(CompletableFuture.java:870)
	at java.util.concurrent.CompletableFuture$UniExceptionally.tryFire(CompletableFuture.java:852)
	at java.util.concurrent.CompletableFuture.postComplete(CompletableFuture.java:474)
	at java.util.concurrent.CompletableFuture.completeExceptionally(CompletableFuture.java:1977)
	at org.apache.ratis.grpc.client.GrpcClientProtocolClient$AsyncStreamObservers.lambda$timeoutCheck$3(GrpcClientProtocolClient.java:324)
	at java.util.Optional.ifPresent(Optional.java:159)
	at org.apache.ratis.grpc.client.GrpcClientProtocolClient$AsyncStreamObservers.handleReplyFuture(GrpcClientProtocolClient.java:329)
	at org.apache.ratis.grpc.client.GrpcClientProtocolClient$AsyncStreamObservers.timeoutCheck(GrpcClientProtocolClient.java:324)
	at org.apache.ratis.grpc.client.GrpcClientProtocolClient$AsyncStreamObservers.lambda$onNext$1(GrpcClientProtocolClient.java:318)
	at org.apache.ratis.util.TimeoutScheduler.lambda$onTimeout$0(TimeoutScheduler.java:113)
	at org.apache.ratis.util.TimeoutScheduler.lambda$onTimeout$1(TimeoutScheduler.java:133)
	at org.apache.ratis.util.LogUtils.runAndLog(LogUtils.java:50)
	at org.apache.ratis.util.LogUtils$1.run(LogUtils.java:91)
	at java.util.concurrent.Executors$RunnableAdapter.call(Executors.java:511)
	at java.util.concurrent.FutureTask.run(FutureTask.java:266)
	at java.util.concurrent.ScheduledThreadPoolExecutor$ScheduledFutureTask.access$201(ScheduledThreadPoolExecutor.java:180)
	at java.util.concurrent.ScheduledThreadPoolExecutor$ScheduledFutureTask.run(ScheduledThreadPoolExecutor.java:293)
	at java.util.concurrent.ThreadPoolExecutor.runWorker(ThreadPoolExecutor.java:1149)
	at java.util.concurrent.ThreadPoolExecutor$Worker.run(ThreadPoolExecutor.java:624)
	at java.lang.Thread.run(Thread.java:748)
2019-10-02 10:22:42,920 [java.util.concurrent.ThreadPoolExecutor$Worker@143de0f1[State = -1, empty queue]] WARN  util.TimeoutScheduler (LogUtils.java:runAndLog(55)) - Failed to task #0: java.lang.NullPointerException
2019-10-02 10:22:46,966 [java.util.concurrent.ThreadPoolExecutor$Worker@48db37fa[State = -1, empty queue]] ERROR client.GrpcClientProtocolClient (GrpcClientProtocolClient.java:close(148)) - Unexpected exception while waiting for channel termination
java.lang.InterruptedException
	at java.util.concurrent.locks.AbstractQueuedSynchronizer.tryAcquireSharedNanos(AbstractQueuedSynchronizer.java:1326)
	at java.util.concurrent.CountDownLatch.await(CountDownLatch.java:277)
	at org.apache.ratis.thirdparty.io.grpc.internal.ManagedChannelImpl.awaitTermination(ManagedChannelImpl.java:763)
	at org.apache.ratis.thirdparty.io.grpc.internal.ForwardingManagedChannel.awaitTermination(ForwardingManagedChannel.java:57)
	at org.apache.ratis.thirdparty.io.grpc.internal.ManagedChannelOrphanWrapper.awaitTermination(ManagedChannelOrphanWrapper.java:70)
	at org.apache.ratis.grpc.client.GrpcClientProtocolClient.close(GrpcClientProtocolClient.java:146)
	at org.apache.ratis.util.PeerProxyMap$PeerAndProxy.lambda$close$1(PeerProxyMap.java:74)
	at org.apache.ratis.util.LifeCycle.lambda$checkStateAndClose$2(LifeCycle.java:231)
	at org.apache.ratis.util.LifeCycle.checkStateAndClose(LifeCycle.java:251)
	at org.apache.ratis.util.LifeCycle.checkStateAndClose(LifeCycle.java:229)
	at org.apache.ratis.util.PeerProxyMap$PeerAndProxy.close(PeerProxyMap.java:70)
	at org.apache.ratis.util.PeerProxyMap.resetProxy(PeerProxyMap.java:127)
	at org.apache.ratis.util.PeerProxyMap.handleException(PeerProxyMap.java:136)
	at org.apache.ratis.client.impl.RaftClientRpcWithProxy.handleException(RaftClientRpcWithProxy.java:47)
	at org.apache.ratis.client.impl.RaftClientImpl.handleIOException(RaftClientImpl.java:372)
	at org.apache.ratis.client.impl.OrderedAsync.lambda$sendRequest$10(OrderedAsync.java:236)
	at java.util.concurrent.CompletableFuture.uniExceptionally(CompletableFuture.java:870)
	at java.util.concurrent.CompletableFuture$UniExceptionally.tryFire(CompletableFuture.java:852)
	at java.util.concurrent.CompletableFuture.postComplete(CompletableFuture.java:474)
	at java.util.concurrent.CompletableFuture.completeExceptionally(CompletableFuture.java:1977)
	at org.apache.ratis.grpc.client.GrpcClientProtocolClient$AsyncStreamObservers.lambda$timeoutCheck$3(GrpcClientProtocolClient.java:324)
	at java.util.Optional.ifPresent(Optional.java:159)
	at org.apache.ratis.grpc.client.GrpcClientProtocolClient$AsyncStreamObservers.handleReplyFuture(GrpcClientProtocolClient.java:329)
	at org.apache.ratis.grpc.client.GrpcClientProtocolClient$AsyncStreamObservers.timeoutCheck(GrpcClientProtocolClient.java:324)
	at org.apache.ratis.grpc.client.GrpcClientProtocolClient$AsyncStreamObservers.lambda$onNext$1(GrpcClientProtocolClient.java:318)
	at org.apache.ratis.util.TimeoutScheduler.lambda$onTimeout$0(TimeoutScheduler.java:113)
	at org.apache.ratis.util.TimeoutScheduler.lambda$onTimeout$1(TimeoutScheduler.java:133)
	at org.apache.ratis.util.LogUtils.runAndLog(LogUtils.java:50)
	at org.apache.ratis.util.LogUtils$1.run(LogUtils.java:91)
	at java.util.concurrent.Executors$RunnableAdapter.call(Executors.java:511)
	at java.util.concurrent.FutureTask.run(FutureTask.java:266)
	at java.util.concurrent.ScheduledThreadPoolExecutor$ScheduledFutureTask.access$201(ScheduledThreadPoolExecutor.java:180)
	at java.util.concurrent.ScheduledThreadPoolExecutor$ScheduledFutureTask.run(ScheduledThreadPoolExecutor.java:293)
	at java.util.concurrent.ThreadPoolExecutor.runWorker(ThreadPoolExecutor.java:1149)
	at java.util.concurrent.ThreadPoolExecutor$Worker.run(ThreadPoolExecutor.java:624)
	at java.lang.Thread.run(Thread.java:748)
2019-10-02 10:22:46,967 [java.util.concurrent.ThreadPoolExecutor$Worker@48db37fa[State = -1, empty queue]] WARN  util.TimeoutScheduler (LogUtils.java:runAndLog(55)) - Failed to task #0: java.lang.NullPointerException
2019-10-02 10:22:47,357 [Thread-1037] INFO  impl.FollowerState (FollowerState.java:run(108)) - 67f1a5fe-c7be-4ecb-b503-d243409340fd@group-D826C21BBF81-FollowerState: change to CANDIDATE, lastRpcTime:5005ms, electionTimeout:5005ms
2019-10-02 10:22:47,357 [Thread-1037] INFO  impl.RoleInfo (RoleInfo.java:shutdownFollowerState(121)) - 67f1a5fe-c7be-4ecb-b503-d243409340fd: shutdown FollowerState
2019-10-02 10:22:47,357 [Thread-1037] INFO  impl.RaftServerImpl (RaftServerImpl.java:setRole(170)) - 67f1a5fe-c7be-4ecb-b503-d243409340fd@group-D826C21BBF81: changes role from  FOLLOWER to CANDIDATE at term 2 for changeToCandidate
2019-10-02 10:22:47,358 [Thread-1037] INFO  impl.RoleInfo (RoleInfo.java:updateAndGet(143)) - 67f1a5fe-c7be-4ecb-b503-d243409340fd: start LeaderElection
2019-10-02 10:22:47,434 [67f1a5fe-c7be-4ecb-b503-d243409340fd@group-D826C21BBF81-LeaderElection44] INFO  impl.LeaderElection (LeaderElection.java:askForVotes(178)) - 67f1a5fe-c7be-4ecb-b503-d243409340fd@group-D826C21BBF81-LeaderElection44: begin an election at term 3 for -1: [663b2fe6-68c2-4e66-9671-0aa57c3653e2:192.168.151.92:41388, 67f1a5fe-c7be-4ecb-b503-d243409340fd:192.168.151.92:36198, 438152b3-e18d-41ab-8849-fe8d3376297f:192.168.151.92:40801], old=null
2019-10-02 10:22:47,438 [grpc-default-executor-7] INFO  impl.RaftServerImpl (RaftServerImpl.java:setRole(170)) - 663b2fe6-68c2-4e66-9671-0aa57c3653e2@group-D826C21BBF81: changes role from  FOLLOWER to FOLLOWER at term 3 for recognizeCandidate:67f1a5fe-c7be-4ecb-b503-d243409340fd
2019-10-02 10:22:47,438 [grpc-default-executor-10] INFO  impl.RaftServerImpl (RaftServerImpl.java:setRole(170)) - 438152b3-e18d-41ab-8849-fe8d3376297f@group-D826C21BBF81: changes role from  FOLLOWER to FOLLOWER at term 3 for recognizeCandidate:67f1a5fe-c7be-4ecb-b503-d243409340fd
2019-10-02 10:22:47,438 [grpc-default-executor-7] INFO  impl.RoleInfo (RoleInfo.java:shutdownFollowerState(121)) - 663b2fe6-68c2-4e66-9671-0aa57c3653e2: shutdown FollowerState
2019-10-02 10:22:47,438 [grpc-default-executor-10] INFO  impl.RoleInfo (RoleInfo.java:shutdownFollowerState(121)) - 438152b3-e18d-41ab-8849-fe8d3376297f: shutdown FollowerState
2019-10-02 10:22:47,438 [grpc-default-executor-7] INFO  impl.RoleInfo (RoleInfo.java:updateAndGet(143)) - 663b2fe6-68c2-4e66-9671-0aa57c3653e2: start FollowerState
2019-10-02 10:22:47,439 [Thread-1038] INFO  impl.FollowerState (FollowerState.java:run(117)) - 438152b3-e18d-41ab-8849-fe8d3376297f@group-D826C21BBF81-FollowerState was interrupted: java.lang.InterruptedException: sleep interrupted
2019-10-02 10:22:47,438 [grpc-default-executor-10] INFO  impl.RoleInfo (RoleInfo.java:updateAndGet(143)) - 438152b3-e18d-41ab-8849-fe8d3376297f: start FollowerState
2019-10-02 10:22:47,438 [Thread-1039] INFO  impl.FollowerState (FollowerState.java:run(117)) - 663b2fe6-68c2-4e66-9671-0aa57c3653e2@group-D826C21BBF81-FollowerState was interrupted: java.lang.InterruptedException: sleep interrupted
2019-10-02 10:22:47,459 [67f1a5fe-c7be-4ecb-b503-d243409340fd@group-D826C21BBF81-LeaderElection44] INFO  impl.LeaderElection (LeaderElection.java:logAndReturn(56)) - 67f1a5fe-c7be-4ecb-b503-d243409340fd@group-D826C21BBF81-LeaderElection44: Election PASSED; received 1 response(s) [67f1a5fe-c7be-4ecb-b503-d243409340fd<-663b2fe6-68c2-4e66-9671-0aa57c3653e2#0:OK-t3] and 0 exception(s); 67f1a5fe-c7be-4ecb-b503-d243409340fd@group-D826C21BBF81:t3, leader=null, voted=67f1a5fe-c7be-4ecb-b503-d243409340fd, raftlog=67f1a5fe-c7be-4ecb-b503-d243409340fd@group-D826C21BBF81-SegmentedRaftLog:OPENED:c-1,f-1,i0, conf=-1: [663b2fe6-68c2-4e66-9671-0aa57c3653e2:192.168.151.92:41388, 67f1a5fe-c7be-4ecb-b503-d243409340fd:192.168.151.92:36198, 438152b3-e18d-41ab-8849-fe8d3376297f:192.168.151.92:40801], old=null
2019-10-02 10:22:47,460 [67f1a5fe-c7be-4ecb-b503-d243409340fd@group-D826C21BBF81-LeaderElection44] INFO  impl.RoleInfo (RoleInfo.java:shutdownLeaderElection(134)) - 67f1a5fe-c7be-4ecb-b503-d243409340fd: shutdown LeaderElection
2019-10-02 10:22:47,460 [67f1a5fe-c7be-4ecb-b503-d243409340fd@group-D826C21BBF81-LeaderElection44] INFO  impl.RaftServerImpl (RaftServerImpl.java:setRole(170)) - 67f1a5fe-c7be-4ecb-b503-d243409340fd@group-D826C21BBF81: changes role from CANDIDATE to LEADER at term 3 for changeToLeader
2019-10-02 10:22:47,460 [67f1a5fe-c7be-4ecb-b503-d243409340fd@group-D826C21BBF81-LeaderElection44] INFO  impl.RaftServerImpl (ServerState.java:setLeader(255)) - 67f1a5fe-c7be-4ecb-b503-d243409340fd@group-D826C21BBF81: change Leader from null to 67f1a5fe-c7be-4ecb-b503-d243409340fd at term 3 for becomeLeader, leader elected after 16127ms
2019-10-02 10:22:47,461 [67f1a5fe-c7be-4ecb-b503-d243409340fd@group-D826C21BBF81-LeaderElection44] INFO  server.RaftServerConfigKeys (ConfUtils.java:logGet(43)) - raft.server.staging.catchup.gap = 1000 (default)
2019-10-02 10:22:47,461 [67f1a5fe-c7be-4ecb-b503-d243409340fd@group-D826C21BBF81-LeaderElection44] INFO  server.RaftServerConfigKeys (ConfUtils.java:logGet(43)) - raft.server.rpc.sleep.time = 25ms (default)
2019-10-02 10:22:47,461 [67f1a5fe-c7be-4ecb-b503-d243409340fd@group-D826C21BBF81-LeaderElection44] INFO  server.RaftServerConfigKeys (ConfUtils.java:logGet(43)) - raft.server.write.element-limit = 4096 (default)
2019-10-02 10:22:47,461 [67f1a5fe-c7be-4ecb-b503-d243409340fd@group-D826C21BBF81-LeaderElection44] INFO  server.RaftServerConfigKeys (ConfUtils.java:logGet(43)) - raft.server.watch.timeout = 10s (default)
2019-10-02 10:22:47,461 [67f1a5fe-c7be-4ecb-b503-d243409340fd@group-D826C21BBF81-LeaderElection44] INFO  server.RaftServerConfigKeys (ConfUtils.java:logGet(43)) - raft.server.watch.timeout.denomination = 1s (default)
2019-10-02 10:22:47,462 [67f1a5fe-c7be-4ecb-b503-d243409340fd@group-D826C21BBF81-LeaderElection44] INFO  server.RaftServerConfigKeys (ConfUtils.java:logGet(43)) - raft.server.watch.element-limit = 65536 (default)
2019-10-02 10:22:47,466 [67f1a5fe-c7be-4ecb-b503-d243409340fd@group-D826C21BBF81-LeaderElection44] INFO  server.RaftServerConfigKeys (ConfUtils.java:logGet(43)) - raft.server.log.appender.snapshot.chunk.size.max = 16MB (=16777216) (default)
2019-10-02 10:22:47,466 [67f1a5fe-c7be-4ecb-b503-d243409340fd@group-D826C21BBF81-LeaderElection44] INFO  server.RaftServerConfigKeys (ConfUtils.java:logGet(43)) - raft.server.log.appender.buffer.byte-limit = 33554432 (custom)
2019-10-02 10:22:47,467 [67f1a5fe-c7be-4ecb-b503-d243409340fd@group-D826C21BBF81-LeaderElection44] INFO  server.RaftServerConfigKeys (ConfUtils.java:logGet(43)) - raft.server.log.appender.buffer.element-limit = 1 (custom)
2019-10-02 10:22:47,467 [67f1a5fe-c7be-4ecb-b503-d243409340fd@group-D826C21BBF81-LeaderElection44] INFO  grpc.GrpcConfigKeys$Server (ConfUtils.java:logGet(43)) - raft.grpc.server.leader.outstanding.appends.max = 128 (default)
2019-10-02 10:22:47,467 [67f1a5fe-c7be-4ecb-b503-d243409340fd@group-D826C21BBF81-LeaderElection44] INFO  server.RaftServerConfigKeys (ConfUtils.java:logGet(43)) - raft.server.rpc.request.timeout = 3000ms (default)
2019-10-02 10:22:47,467 [67f1a5fe-c7be-4ecb-b503-d243409340fd@group-D826C21BBF81-LeaderElection44] INFO  server.RaftServerConfigKeys (ConfUtils.java:logGet(43)) - raft.server.log.appender.install.snapshot.enabled = false (custom)
2019-10-02 10:22:47,468 [67f1a5fe-c7be-4ecb-b503-d243409340fd@group-D826C21BBF81-LeaderElection44] INFO  server.RaftServerConfigKeys (ConfUtils.java:logGet(43)) - raft.server.log.appender.snapshot.chunk.size.max = 16MB (=16777216) (default)
2019-10-02 10:22:47,468 [67f1a5fe-c7be-4ecb-b503-d243409340fd@group-D826C21BBF81-LeaderElection44] INFO  server.RaftServerConfigKeys (ConfUtils.java:logGet(43)) - raft.server.log.appender.buffer.byte-limit = 33554432 (custom)
2019-10-02 10:22:47,468 [67f1a5fe-c7be-4ecb-b503-d243409340fd@group-D826C21BBF81-LeaderElection44] INFO  server.RaftServerConfigKeys (ConfUtils.java:logGet(43)) - raft.server.log.appender.buffer.element-limit = 1 (custom)
2019-10-02 10:22:47,468 [67f1a5fe-c7be-4ecb-b503-d243409340fd@group-D826C21BBF81-LeaderElection44] INFO  grpc.GrpcConfigKeys$Server (ConfUtils.java:logGet(43)) - raft.grpc.server.leader.outstanding.appends.max = 128 (default)
2019-10-02 10:22:47,469 [67f1a5fe-c7be-4ecb-b503-d243409340fd@group-D826C21BBF81-LeaderElection44] INFO  server.RaftServerConfigKeys (ConfUtils.java:logGet(43)) - raft.server.rpc.request.timeout = 3000ms (default)
2019-10-02 10:22:47,469 [67f1a5fe-c7be-4ecb-b503-d243409340fd@group-D826C21BBF81-LeaderElection44] INFO  server.RaftServerConfigKeys (ConfUtils.java:logGet(43)) - raft.server.log.appender.install.snapshot.enabled = false (custom)
2019-10-02 10:22:47,469 [67f1a5fe-c7be-4ecb-b503-d243409340fd@group-D826C21BBF81-LeaderElection44] INFO  impl.RoleInfo (RoleInfo.java:updateAndGet(143)) - 67f1a5fe-c7be-4ecb-b503-d243409340fd: start LeaderState
2019-10-02 10:22:47,470 [67f1a5fe-c7be-4ecb-b503-d243409340fd@group-D826C21BBF81-LeaderElection44] INFO  segmented.SegmentedRaftLogWorker (SegmentedRaftLogWorker.java:startLogSegment(385)) - 67f1a5fe-c7be-4ecb-b503-d243409340fd@group-D826C21BBF81-SegmentedRaftLogWorker: Starting segment from index:0
2019-10-02 10:22:47,503 [67f1a5fe-c7be-4ecb-b503-d243409340fd@group-D826C21BBF81-LeaderElection44] INFO  impl.RaftServerImpl (ServerState.java:setRaftConf(356)) - 67f1a5fe-c7be-4ecb-b503-d243409340fd@group-D826C21BBF81: set configuration 0: [663b2fe6-68c2-4e66-9671-0aa57c3653e2:192.168.151.92:41388, 67f1a5fe-c7be-4ecb-b503-d243409340fd:192.168.151.92:36198, 438152b3-e18d-41ab-8849-fe8d3376297f:192.168.151.92:40801], old=null at 0
2019-10-02 10:22:47,505 [grpc-default-executor-7] INFO  impl.RaftServerImpl (ServerState.java:setLeader(255)) - 438152b3-e18d-41ab-8849-fe8d3376297f@group-D826C21BBF81: change Leader from null to 67f1a5fe-c7be-4ecb-b503-d243409340fd at term 3 for appendEntries, leader elected after 16172ms
2019-10-02 10:22:47,505 [grpc-default-executor-10] INFO  impl.RaftServerImpl (ServerState.java:setLeader(255)) - 663b2fe6-68c2-4e66-9671-0aa57c3653e2@group-D826C21BBF81: change Leader from null to 67f1a5fe-c7be-4ecb-b503-d243409340fd at term 3 for appendEntries, leader elected after 16172ms
2019-10-02 10:22:47,509 [grpc-default-executor-7] INFO  impl.RaftServerImpl (ServerState.java:setRaftConf(356)) - 438152b3-e18d-41ab-8849-fe8d3376297f@group-D826C21BBF81: set configuration 0: [663b2fe6-68c2-4e66-9671-0aa57c3653e2:192.168.151.92:41388, 67f1a5fe-c7be-4ecb-b503-d243409340fd:192.168.151.92:36198, 438152b3-e18d-41ab-8849-fe8d3376297f:192.168.151.92:40801], old=null at 0
2019-10-02 10:22:47,509 [grpc-default-executor-10] INFO  impl.RaftServerImpl (ServerState.java:setRaftConf(356)) - 663b2fe6-68c2-4e66-9671-0aa57c3653e2@group-D826C21BBF81: set configuration 0: [663b2fe6-68c2-4e66-9671-0aa57c3653e2:192.168.151.92:41388, 67f1a5fe-c7be-4ecb-b503-d243409340fd:192.168.151.92:36198, 438152b3-e18d-41ab-8849-fe8d3376297f:192.168.151.92:40801], old=null at 0
2019-10-02 10:22:47,509 [grpc-default-executor-7] INFO  segmented.SegmentedRaftLogWorker (SegmentedRaftLogWorker.java:startLogSegment(385)) - 438152b3-e18d-41ab-8849-fe8d3376297f@group-D826C21BBF81-SegmentedRaftLogWorker: Starting segment from index:0
2019-10-02 10:22:47,509 [grpc-default-executor-10] INFO  segmented.SegmentedRaftLogWorker (SegmentedRaftLogWorker.java:startLogSegment(385)) - 663b2fe6-68c2-4e66-9671-0aa57c3653e2@group-D826C21BBF81-SegmentedRaftLogWorker: Starting segment from index:0
2019-10-02 10:22:47,516 [67f1a5fe-c7be-4ecb-b503-d243409340fd@group-D826C21BBF81-SegmentedRaftLogWorker] INFO  segmented.SegmentedRaftLogWorker (SegmentedRaftLogWorker.java:execute(574)) - 67f1a5fe-c7be-4ecb-b503-d243409340fd@group-D826C21BBF81-SegmentedRaftLogWorker: created new log segment /workdir/hadoop-ozone/integration-test/target/test-dir/MiniOzoneClusterImpl-a60b818f-4dd1-4965-bff3-fb44efcd9a0b/datanode-4/data/ratis/c8dfcd94-5374-43af-a5e9-d826c21bbf81/current/log_inprogress_0
2019-10-02 10:22:47,547 [438152b3-e18d-41ab-8849-fe8d3376297f@group-D826C21BBF81-SegmentedRaftLogWorker] INFO  segmented.SegmentedRaftLogWorker (SegmentedRaftLogWorker.java:execute(574)) - 438152b3-e18d-41ab-8849-fe8d3376297f@group-D826C21BBF81-SegmentedRaftLogWorker: created new log segment /workdir/hadoop-ozone/integration-test/target/test-dir/MiniOzoneClusterImpl-a60b818f-4dd1-4965-bff3-fb44efcd9a0b/datanode-1/data/ratis/c8dfcd94-5374-43af-a5e9-d826c21bbf81/current/log_inprogress_0
2019-10-02 10:22:47,547 [663b2fe6-68c2-4e66-9671-0aa57c3653e2@group-D826C21BBF81-SegmentedRaftLogWorker] INFO  segmented.SegmentedRaftLogWorker (SegmentedRaftLogWorker.java:execute(574)) - 663b2fe6-68c2-4e66-9671-0aa57c3653e2@group-D826C21BBF81-SegmentedRaftLogWorker: created new log segment /workdir/hadoop-ozone/integration-test/target/test-dir/MiniOzoneClusterImpl-a60b818f-4dd1-4965-bff3-fb44efcd9a0b/datanode-0/data/ratis/c8dfcd94-5374-43af-a5e9-d826c21bbf81/current/log_inprogress_0
2019-10-02 10:22:50,996 [java.util.concurrent.ThreadPoolExecutor$Worker@1cb3a306[State = -1, empty queue]] ERROR client.GrpcClientProtocolClient (GrpcClientProtocolClient.java:close(148)) - Unexpected exception while waiting for channel termination
java.lang.InterruptedException
	at java.util.concurrent.locks.AbstractQueuedSynchronizer.tryAcquireSharedNanos(AbstractQueuedSynchronizer.java:1326)
	at java.util.concurrent.CountDownLatch.await(CountDownLatch.java:277)
	at org.apache.ratis.thirdparty.io.grpc.internal.ManagedChannelImpl.awaitTermination(ManagedChannelImpl.java:763)
	at org.apache.ratis.thirdparty.io.grpc.internal.ForwardingManagedChannel.awaitTermination(ForwardingManagedChannel.java:57)
	at org.apache.ratis.thirdparty.io.grpc.internal.ManagedChannelOrphanWrapper.awaitTermination(ManagedChannelOrphanWrapper.java:70)
	at org.apache.ratis.grpc.client.GrpcClientProtocolClient.close(GrpcClientProtocolClient.java:146)
	at org.apache.ratis.util.PeerProxyMap$PeerAndProxy.lambda$close$1(PeerProxyMap.java:74)
	at org.apache.ratis.util.LifeCycle.lambda$checkStateAndClose$2(LifeCycle.java:231)
	at org.apache.ratis.util.LifeCycle.checkStateAndClose(LifeCycle.java:251)
	at org.apache.ratis.util.LifeCycle.checkStateAndClose(LifeCycle.java:229)
	at org.apache.ratis.util.PeerProxyMap$PeerAndProxy.close(PeerProxyMap.java:70)
	at org.apache.ratis.util.PeerProxyMap.resetProxy(PeerProxyMap.java:127)
	at org.apache.ratis.util.PeerProxyMap.handleException(PeerProxyMap.java:136)
	at org.apache.ratis.client.impl.RaftClientRpcWithProxy.handleException(RaftClientRpcWithProxy.java:47)
	at org.apache.ratis.client.impl.RaftClientImpl.handleIOException(RaftClientImpl.java:372)
	at org.apache.ratis.client.impl.OrderedAsync.lambda$sendRequest$10(OrderedAsync.java:236)
	at java.util.concurrent.CompletableFuture.uniExceptionally(CompletableFuture.java:870)
	at java.util.concurrent.CompletableFuture$UniExceptionally.tryFire(CompletableFuture.java:852)
	at java.util.concurrent.CompletableFuture.postComplete(CompletableFuture.java:474)
	at java.util.concurrent.CompletableFuture.completeExceptionally(CompletableFuture.java:1977)
	at org.apache.ratis.grpc.client.GrpcClientProtocolClient$AsyncStreamObservers.lambda$timeoutCheck$3(GrpcClientProtocolClient.java:324)
	at java.util.Optional.ifPresent(Optional.java:159)
	at org.apache.ratis.grpc.client.GrpcClientProtocolClient$AsyncStreamObservers.handleReplyFuture(GrpcClientProtocolClient.java:329)
	at org.apache.ratis.grpc.client.GrpcClientProtocolClient$AsyncStreamObservers.timeoutCheck(GrpcClientProtocolClient.java:324)
	at org.apache.ratis.grpc.client.GrpcClientProtocolClient$AsyncStreamObservers.lambda$onNext$1(GrpcClientProtocolClient.java:318)
	at org.apache.ratis.util.TimeoutScheduler.lambda$onTimeout$0(TimeoutScheduler.java:113)
	at org.apache.ratis.util.TimeoutScheduler.lambda$onTimeout$1(TimeoutScheduler.java:133)
	at org.apache.ratis.util.LogUtils.runAndLog(LogUtils.java:50)
	at org.apache.ratis.util.LogUtils$1.run(LogUtils.java:91)
	at java.util.concurrent.Executors$RunnableAdapter.call(Executors.java:511)
	at java.util.concurrent.FutureTask.run(FutureTask.java:266)
	at java.util.concurrent.ScheduledThreadPoolExecutor$ScheduledFutureTask.access$201(ScheduledThreadPoolExecutor.java:180)
	at java.util.concurrent.ScheduledThreadPoolExecutor$ScheduledFutureTask.run(ScheduledThreadPoolExecutor.java:293)
	at java.util.concurrent.ThreadPoolExecutor.runWorker(ThreadPoolExecutor.java:1149)
	at java.util.concurrent.ThreadPoolExecutor$Worker.run(ThreadPoolExecutor.java:624)
	at java.lang.Thread.run(Thread.java:748)
2019-10-02 10:22:50,997 [java.util.concurrent.ThreadPoolExecutor$Worker@1cb3a306[State = -1, empty queue]] WARN  util.TimeoutScheduler (LogUtils.java:runAndLog(55)) - Failed to task #0: java.lang.NullPointerException
2019-10-02 10:22:55,032 [java.util.concurrent.ThreadPoolExecutor$Worker@3234a060[State = -1, empty queue]] ERROR client.GrpcClientProtocolClient (GrpcClientProtocolClient.java:close(148)) - Unexpected exception while waiting for channel termination
java.lang.InterruptedException
	at java.util.concurrent.locks.AbstractQueuedSynchronizer.tryAcquireSharedNanos(AbstractQueuedSynchronizer.java:1326)
	at java.util.concurrent.CountDownLatch.await(CountDownLatch.java:277)
	at org.apache.ratis.thirdparty.io.grpc.internal.ManagedChannelImpl.awaitTermination(ManagedChannelImpl.java:763)
	at org.apache.ratis.thirdparty.io.grpc.internal.ForwardingManagedChannel.awaitTermination(ForwardingManagedChannel.java:57)
	at org.apache.ratis.thirdparty.io.grpc.internal.ManagedChannelOrphanWrapper.awaitTermination(ManagedChannelOrphanWrapper.java:70)
	at org.apache.ratis.grpc.client.GrpcClientProtocolClient.close(GrpcClientProtocolClient.java:146)
	at org.apache.ratis.util.PeerProxyMap$PeerAndProxy.lambda$close$1(PeerProxyMap.java:74)
	at org.apache.ratis.util.LifeCycle.lambda$checkStateAndClose$2(LifeCycle.java:231)
	at org.apache.ratis.util.LifeCycle.checkStateAndClose(LifeCycle.java:251)
	at org.apache.ratis.util.LifeCycle.checkStateAndClose(LifeCycle.java:229)
	at org.apache.ratis.util.PeerProxyMap$PeerAndProxy.close(PeerProxyMap.java:70)
	at org.apache.ratis.util.PeerProxyMap.resetProxy(PeerProxyMap.java:127)
	at org.apache.ratis.util.PeerProxyMap.handleException(PeerProxyMap.java:136)
	at org.apache.ratis.client.impl.RaftClientRpcWithProxy.handleException(RaftClientRpcWithProxy.java:47)
	at org.apache.ratis.client.impl.RaftClientImpl.handleIOException(RaftClientImpl.java:372)
	at org.apache.ratis.client.impl.OrderedAsync.lambda$sendRequest$10(OrderedAsync.java:236)
	at java.util.concurrent.CompletableFuture.uniExceptionally(CompletableFuture.java:870)
	at java.util.concurrent.CompletableFuture$UniExceptionally.tryFire(CompletableFuture.java:852)
	at java.util.concurrent.CompletableFuture.postComplete(CompletableFuture.java:474)
	at java.util.concurrent.CompletableFuture.completeExceptionally(CompletableFuture.java:1977)
	at org.apache.ratis.grpc.client.GrpcClientProtocolClient$AsyncStreamObservers.lambda$timeoutCheck$3(GrpcClientProtocolClient.java:324)
	at java.util.Optional.ifPresent(Optional.java:159)
	at org.apache.ratis.grpc.client.GrpcClientProtocolClient$AsyncStreamObservers.handleReplyFuture(GrpcClientProtocolClient.java:329)
	at org.apache.ratis.grpc.client.GrpcClientProtocolClient$AsyncStreamObservers.timeoutCheck(GrpcClientProtocolClient.java:324)
	at org.apache.ratis.grpc.client.GrpcClientProtocolClient$AsyncStreamObservers.lambda$onNext$1(GrpcClientProtocolClient.java:318)
	at org.apache.ratis.util.TimeoutScheduler.lambda$onTimeout$0(TimeoutScheduler.java:113)
	at org.apache.ratis.util.TimeoutScheduler.lambda$onTimeout$1(TimeoutScheduler.java:133)
	at org.apache.ratis.util.LogUtils.runAndLog(LogUtils.java:50)
	at org.apache.ratis.util.LogUtils$1.run(LogUtils.java:91)
	at java.util.concurrent.Executors$RunnableAdapter.call(Executors.java:511)
	at java.util.concurrent.FutureTask.run(FutureTask.java:266)
	at java.util.concurrent.ScheduledThreadPoolExecutor$ScheduledFutureTask.access$201(ScheduledThreadPoolExecutor.java:180)
	at java.util.concurrent.ScheduledThreadPoolExecutor$ScheduledFutureTask.run(ScheduledThreadPoolExecutor.java:293)
	at java.util.concurrent.ThreadPoolExecutor.runWorker(ThreadPoolExecutor.java:1149)
	at java.util.concurrent.ThreadPoolExecutor$Worker.run(ThreadPoolExecutor.java:624)
	at java.lang.Thread.run(Thread.java:748)
2019-10-02 10:22:55,034 [java.util.concurrent.ThreadPoolExecutor$Worker@3234a060[State = -1, empty queue]] WARN  util.TimeoutScheduler (LogUtils.java:runAndLog(55)) - Failed to task #0: java.lang.NullPointerException
2019-10-02 10:22:59,064 [java.util.concurrent.ThreadPoolExecutor$Worker@343bdeff[State = -1, empty queue]] ERROR client.GrpcClientProtocolClient (GrpcClientProtocolClient.java:close(148)) - Unexpected exception while waiting for channel termination
java.lang.InterruptedException
	at java.util.concurrent.locks.AbstractQueuedSynchronizer.tryAcquireSharedNanos(AbstractQueuedSynchronizer.java:1326)
	at java.util.concurrent.CountDownLatch.await(CountDownLatch.java:277)
	at org.apache.ratis.thirdparty.io.grpc.internal.ManagedChannelImpl.awaitTermination(ManagedChannelImpl.java:763)
	at org.apache.ratis.thirdparty.io.grpc.internal.ForwardingManagedChannel.awaitTermination(ForwardingManagedChannel.java:57)
	at org.apache.ratis.thirdparty.io.grpc.internal.ManagedChannelOrphanWrapper.awaitTermination(ManagedChannelOrphanWrapper.java:70)
	at org.apache.ratis.grpc.client.GrpcClientProtocolClient.close(GrpcClientProtocolClient.java:146)
	at org.apache.ratis.util.PeerProxyMap$PeerAndProxy.lambda$close$1(PeerProxyMap.java:74)
	at org.apache.ratis.util.LifeCycle.lambda$checkStateAndClose$2(LifeCycle.java:231)
	at org.apache.ratis.util.LifeCycle.checkStateAndClose(LifeCycle.java:251)
	at org.apache.ratis.util.LifeCycle.checkStateAndClose(LifeCycle.java:229)
	at org.apache.ratis.util.PeerProxyMap$PeerAndProxy.close(PeerProxyMap.java:70)
	at org.apache.ratis.util.PeerProxyMap.resetProxy(PeerProxyMap.java:127)
	at org.apache.ratis.util.PeerProxyMap.handleException(PeerProxyMap.java:136)
	at org.apache.ratis.client.impl.RaftClientRpcWithProxy.handleException(RaftClientRpcWithProxy.java:47)
	at org.apache.ratis.client.impl.RaftClientImpl.handleIOException(RaftClientImpl.java:372)
	at org.apache.ratis.client.impl.OrderedAsync.lambda$sendRequest$10(OrderedAsync.java:236)
	at java.util.concurrent.CompletableFuture.uniExceptionally(CompletableFuture.java:870)
	at java.util.concurrent.CompletableFuture$UniExceptionally.tryFire(CompletableFuture.java:852)
	at java.util.concurrent.CompletableFuture.postComplete(CompletableFuture.java:474)
	at java.util.concurrent.CompletableFuture.completeExceptionally(CompletableFuture.java:1977)
	at org.apache.ratis.grpc.client.GrpcClientProtocolClient$AsyncStreamObservers.lambda$timeoutCheck$3(GrpcClientProtocolClient.java:324)
	at java.util.Optional.ifPresent(Optional.java:159)
	at org.apache.ratis.grpc.client.GrpcClientProtocolClient$AsyncStreamObservers.handleReplyFuture(GrpcClientProtocolClient.java:329)
	at org.apache.ratis.grpc.client.GrpcClientProtocolClient$AsyncStreamObservers.timeoutCheck(GrpcClientProtocolClient.java:324)
	at org.apache.ratis.grpc.client.GrpcClientProtocolClient$AsyncStreamObservers.lambda$onNext$1(GrpcClientProtocolClient.java:318)
	at org.apache.ratis.util.TimeoutScheduler.lambda$onTimeout$0(TimeoutScheduler.java:113)
	at org.apache.ratis.util.TimeoutScheduler.lambda$onTimeout$1(TimeoutScheduler.java:133)
	at org.apache.ratis.util.LogUtils.runAndLog(LogUtils.java:50)
	at org.apache.ratis.util.LogUtils$1.run(LogUtils.java:91)
	at java.util.concurrent.Executors$RunnableAdapter.call(Executors.java:511)
	at java.util.concurrent.FutureTask.run(FutureTask.java:266)
	at java.util.concurrent.ScheduledThreadPoolExecutor$ScheduledFutureTask.access$201(ScheduledThreadPoolExecutor.java:180)
	at java.util.concurrent.ScheduledThreadPoolExecutor$ScheduledFutureTask.run(ScheduledThreadPoolExecutor.java:293)
	at java.util.concurrent.ThreadPoolExecutor.runWorker(ThreadPoolExecutor.java:1149)
	at java.util.concurrent.ThreadPoolExecutor$Worker.run(ThreadPoolExecutor.java:624)
	at java.lang.Thread.run(Thread.java:748)
2019-10-02 10:22:59,070 [java.util.concurrent.ThreadPoolExecutor$Worker@343bdeff[State = -1, empty queue]] WARN  util.TimeoutScheduler (LogUtils.java:runAndLog(55)) - Failed to task #0: java.lang.NullPointerException
2019-10-02 10:23:02,465 [grpc-default-executor-2] INFO  impl.RaftServerProxy (RaftServerProxy.java:addNew(89)) - cc1fcddd-974e-4515-9faf-cb0b34c0ae51: addNew group-9226F635A431:[cc1fcddd-974e-4515-9faf-cb0b34c0ae51:192.168.151.92:40331, 298c2419-298a-4ac1-a348-589b955770c1:192.168.151.92:40159, b70c9021-8da6-41e6-a976-daf4f7fbddb8:192.168.151.92:38657] returns group-9226F635A431:java.util.concurrent.CompletableFuture@7765dc7c[Not completed]
2019-10-02 10:23:02,465 [grpc-default-executor-7] INFO  impl.RaftServerProxy (RaftServerProxy.java:addNew(89)) - 298c2419-298a-4ac1-a348-589b955770c1: addNew group-9226F635A431:[cc1fcddd-974e-4515-9faf-cb0b34c0ae51:192.168.151.92:40331, 298c2419-298a-4ac1-a348-589b955770c1:192.168.151.92:40159, b70c9021-8da6-41e6-a976-daf4f7fbddb8:192.168.151.92:38657] returns group-9226F635A431:java.util.concurrent.CompletableFuture@6812a107[Not completed]
2019-10-02 10:23:02,465 [grpc-default-executor-10] INFO  impl.RaftServerProxy (RaftServerProxy.java:addNew(89)) - b70c9021-8da6-41e6-a976-daf4f7fbddb8: addNew group-9226F635A431:[cc1fcddd-974e-4515-9faf-cb0b34c0ae51:192.168.151.92:40331, 298c2419-298a-4ac1-a348-589b955770c1:192.168.151.92:40159, b70c9021-8da6-41e6-a976-daf4f7fbddb8:192.168.151.92:38657] returns group-9226F635A431:java.util.concurrent.CompletableFuture@545cfe39[Not completed]
2019-10-02 10:23:02,467 [pool-77-thread-1] INFO  impl.RaftServerImpl (RaftServerImpl.java:<init>(95)) - 298c2419-298a-4ac1-a348-589b955770c1: new RaftServerImpl for group-9226F635A431:[cc1fcddd-974e-4515-9faf-cb0b34c0ae51:192.168.151.92:40331, 298c2419-298a-4ac1-a348-589b955770c1:192.168.151.92:40159, b70c9021-8da6-41e6-a976-daf4f7fbddb8:192.168.151.92:38657] with ContainerStateMachine:uninitialized
2019-10-02 10:23:02,467 [pool-77-thread-1] INFO  server.RaftServerConfigKeys (ConfUtils.java:logGet(43)) - raft.server.rpc.timeout.min = 5s (custom)
2019-10-02 10:23:02,467 [pool-77-thread-1] INFO  server.RaftServerConfigKeys (ConfUtils.java:logGet(43)) - raft.server.rpc.timeout.max = 5200ms (custom)
2019-10-02 10:23:02,467 [pool-77-thread-1] INFO  server.RaftServerConfigKeys (ConfUtils.java:logGet(43)) - raft.server.rpcslowness.timeout = 120s (custom)
2019-10-02 10:23:02,467 [pool-77-thread-1] INFO  server.RaftServerConfigKeys (ConfUtils.java:logGet(43)) - raft.server.sleep.deviation.threshold = 300 (default)
2019-10-02 10:23:02,467 [pool-77-thread-1] INFO  server.RaftServerConfigKeys (ConfUtils.java:logGet(43)) - raft.server.log.appender.install.snapshot.enabled = false (custom)
2019-10-02 10:23:02,467 [pool-87-thread-1] INFO  impl.RaftServerImpl (RaftServerImpl.java:<init>(95)) - cc1fcddd-974e-4515-9faf-cb0b34c0ae51: new RaftServerImpl for group-9226F635A431:[cc1fcddd-974e-4515-9faf-cb0b34c0ae51:192.168.151.92:40331, 298c2419-298a-4ac1-a348-589b955770c1:192.168.151.92:40159, b70c9021-8da6-41e6-a976-daf4f7fbddb8:192.168.151.92:38657] with ContainerStateMachine:uninitialized
2019-10-02 10:23:02,468 [pool-77-thread-1] INFO  impl.RaftServerImpl (ServerState.java:<init>(103)) - 298c2419-298a-4ac1-a348-589b955770c1@group-9226F635A431: ConfigurationManager, init=-1: [cc1fcddd-974e-4515-9faf-cb0b34c0ae51:192.168.151.92:40331, 298c2419-298a-4ac1-a348-589b955770c1:192.168.151.92:40159, b70c9021-8da6-41e6-a976-daf4f7fbddb8:192.168.151.92:38657], old=null, confs=<EMPTY_MAP>
2019-10-02 10:23:02,468 [pool-87-thread-1] INFO  server.RaftServerConfigKeys (ConfUtils.java:logGet(43)) - raft.server.rpc.timeout.min = 5s (custom)
2019-10-02 10:23:02,468 [pool-87-thread-1] INFO  server.RaftServerConfigKeys (ConfUtils.java:logGet(43)) - raft.server.rpc.timeout.max = 5200ms (custom)
2019-10-02 10:23:02,468 [pool-77-thread-1] INFO  server.RaftServerConfigKeys (ConfUtils.java:logGet(43)) - raft.server.storage.dir = [/workdir/hadoop-ozone/integration-test/target/test-dir/MiniOzoneClusterImpl-a60b818f-4dd1-4965-bff3-fb44efcd9a0b/datanode-5/data/ratis] (custom)
2019-10-02 10:23:02,468 [pool-47-thread-1] INFO  impl.RaftServerImpl (RaftServerImpl.java:<init>(95)) - b70c9021-8da6-41e6-a976-daf4f7fbddb8: new RaftServerImpl for group-9226F635A431:[cc1fcddd-974e-4515-9faf-cb0b34c0ae51:192.168.151.92:40331, 298c2419-298a-4ac1-a348-589b955770c1:192.168.151.92:40159, b70c9021-8da6-41e6-a976-daf4f7fbddb8:192.168.151.92:38657] with ContainerStateMachine:uninitialized
2019-10-02 10:23:02,468 [pool-87-thread-1] INFO  server.RaftServerConfigKeys (ConfUtils.java:logGet(43)) - raft.server.rpcslowness.timeout = 120s (custom)
2019-10-02 10:23:02,468 [pool-47-thread-1] INFO  server.RaftServerConfigKeys (ConfUtils.java:logGet(43)) - raft.server.rpc.timeout.min = 5s (custom)
2019-10-02 10:23:02,468 [pool-87-thread-1] INFO  server.RaftServerConfigKeys (ConfUtils.java:logGet(43)) - raft.server.sleep.deviation.threshold = 300 (default)
2019-10-02 10:23:02,468 [pool-77-thread-1] INFO  server.RaftServerConfigKeys (ConfUtils.java:logGet(43)) - raft.server.log.corruption.policy = EXCEPTION (default)
2019-10-02 10:23:02,468 [pool-87-thread-1] INFO  server.RaftServerConfigKeys (ConfUtils.java:logGet(43)) - raft.server.log.appender.install.snapshot.enabled = false (custom)
2019-10-02 10:23:02,469 [pool-77-thread-1] INFO  storage.RaftStorageDirectory (RaftStorageDirectory.java:analyzeStorage(246)) - The storage directory /workdir/hadoop-ozone/integration-test/target/test-dir/MiniOzoneClusterImpl-a60b818f-4dd1-4965-bff3-fb44efcd9a0b/datanode-5/data/ratis/4b77ec67-26c8-476b-9813-9226f635a431 does not exist. Creating ...
2019-10-02 10:23:02,468 [pool-47-thread-1] INFO  server.RaftServerConfigKeys (ConfUtils.java:logGet(43)) - raft.server.rpc.timeout.max = 5200ms (custom)
2019-10-02 10:23:02,469 [pool-87-thread-1] INFO  impl.RaftServerImpl (ServerState.java:<init>(103)) - cc1fcddd-974e-4515-9faf-cb0b34c0ae51@group-9226F635A431: ConfigurationManager, init=-1: [cc1fcddd-974e-4515-9faf-cb0b34c0ae51:192.168.151.92:40331, 298c2419-298a-4ac1-a348-589b955770c1:192.168.151.92:40159, b70c9021-8da6-41e6-a976-daf4f7fbddb8:192.168.151.92:38657], old=null, confs=<EMPTY_MAP>
2019-10-02 10:23:02,469 [pool-47-thread-1] INFO  server.RaftServerConfigKeys (ConfUtils.java:logGet(43)) - raft.server.rpcslowness.timeout = 120s (custom)
2019-10-02 10:23:02,469 [pool-87-thread-1] INFO  server.RaftServerConfigKeys (ConfUtils.java:logGet(43)) - raft.server.storage.dir = [/workdir/hadoop-ozone/integration-test/target/test-dir/MiniOzoneClusterImpl-a60b818f-4dd1-4965-bff3-fb44efcd9a0b/datanode-6/data/ratis] (custom)
2019-10-02 10:23:02,469 [pool-47-thread-1] INFO  server.RaftServerConfigKeys (ConfUtils.java:logGet(43)) - raft.server.sleep.deviation.threshold = 300 (default)
2019-10-02 10:23:02,469 [pool-47-thread-1] INFO  server.RaftServerConfigKeys (ConfUtils.java:logGet(43)) - raft.server.log.appender.install.snapshot.enabled = false (custom)
2019-10-02 10:23:02,469 [pool-87-thread-1] INFO  server.RaftServerConfigKeys (ConfUtils.java:logGet(43)) - raft.server.log.corruption.policy = EXCEPTION (default)
2019-10-02 10:23:02,469 [pool-47-thread-1] INFO  impl.RaftServerImpl (ServerState.java:<init>(103)) - b70c9021-8da6-41e6-a976-daf4f7fbddb8@group-9226F635A431: ConfigurationManager, init=-1: [cc1fcddd-974e-4515-9faf-cb0b34c0ae51:192.168.151.92:40331, 298c2419-298a-4ac1-a348-589b955770c1:192.168.151.92:40159, b70c9021-8da6-41e6-a976-daf4f7fbddb8:192.168.151.92:38657], old=null, confs=<EMPTY_MAP>
2019-10-02 10:23:02,469 [pool-87-thread-1] INFO  storage.RaftStorageDirectory (RaftStorageDirectory.java:analyzeStorage(246)) - The storage directory /workdir/hadoop-ozone/integration-test/target/test-dir/MiniOzoneClusterImpl-a60b818f-4dd1-4965-bff3-fb44efcd9a0b/datanode-6/data/ratis/4b77ec67-26c8-476b-9813-9226f635a431 does not exist. Creating ...
2019-10-02 10:23:02,469 [pool-47-thread-1] INFO  server.RaftServerConfigKeys (ConfUtils.java:logGet(43)) - raft.server.storage.dir = [/workdir/hadoop-ozone/integration-test/target/test-dir/MiniOzoneClusterImpl-a60b818f-4dd1-4965-bff3-fb44efcd9a0b/datanode-2/data/ratis] (custom)
2019-10-02 10:23:02,470 [pool-47-thread-1] INFO  server.RaftServerConfigKeys (ConfUtils.java:logGet(43)) - raft.server.log.corruption.policy = EXCEPTION (default)
2019-10-02 10:23:02,470 [pool-47-thread-1] INFO  storage.RaftStorageDirectory (RaftStorageDirectory.java:analyzeStorage(246)) - The storage directory /workdir/hadoop-ozone/integration-test/target/test-dir/MiniOzoneClusterImpl-a60b818f-4dd1-4965-bff3-fb44efcd9a0b/datanode-2/data/ratis/4b77ec67-26c8-476b-9813-9226f635a431 does not exist. Creating ...
2019-10-02 10:23:02,484 [pool-77-thread-1] INFO  storage.RaftStorageDirectory (RaftStorageDirectory.java:tryLock(328)) - Lock on /workdir/hadoop-ozone/integration-test/target/test-dir/MiniOzoneClusterImpl-a60b818f-4dd1-4965-bff3-fb44efcd9a0b/datanode-5/data/ratis/4b77ec67-26c8-476b-9813-9226f635a431/in_use.lock acquired by nodename 31904@pr-trunk-gg4kw-413187789
2019-10-02 10:23:02,484 [pool-87-thread-1] INFO  storage.RaftStorageDirectory (RaftStorageDirectory.java:tryLock(328)) - Lock on /workdir/hadoop-ozone/integration-test/target/test-dir/MiniOzoneClusterImpl-a60b818f-4dd1-4965-bff3-fb44efcd9a0b/datanode-6/data/ratis/4b77ec67-26c8-476b-9813-9226f635a431/in_use.lock acquired by nodename 31904@pr-trunk-gg4kw-413187789
2019-10-02 10:23:02,484 [pool-47-thread-1] INFO  storage.RaftStorageDirectory (RaftStorageDirectory.java:tryLock(328)) - Lock on /workdir/hadoop-ozone/integration-test/target/test-dir/MiniOzoneClusterImpl-a60b818f-4dd1-4965-bff3-fb44efcd9a0b/datanode-2/data/ratis/4b77ec67-26c8-476b-9813-9226f635a431/in_use.lock acquired by nodename 31904@pr-trunk-gg4kw-413187789
2019-10-02 10:23:02,498 [pool-87-thread-1] INFO  storage.RaftStorage (RaftStorage.java:format(84)) - Storage directory /workdir/hadoop-ozone/integration-test/target/test-dir/MiniOzoneClusterImpl-a60b818f-4dd1-4965-bff3-fb44efcd9a0b/datanode-6/data/ratis/4b77ec67-26c8-476b-9813-9226f635a431 has been successfully formatted.
2019-10-02 10:23:02,498 [pool-47-thread-1] INFO  storage.RaftStorage (RaftStorage.java:format(84)) - Storage directory /workdir/hadoop-ozone/integration-test/target/test-dir/MiniOzoneClusterImpl-a60b818f-4dd1-4965-bff3-fb44efcd9a0b/datanode-2/data/ratis/4b77ec67-26c8-476b-9813-9226f635a431 has been successfully formatted.
2019-10-02 10:23:02,498 [pool-77-thread-1] INFO  storage.RaftStorage (RaftStorage.java:format(84)) - Storage directory /workdir/hadoop-ozone/integration-test/target/test-dir/MiniOzoneClusterImpl-a60b818f-4dd1-4965-bff3-fb44efcd9a0b/datanode-5/data/ratis/4b77ec67-26c8-476b-9813-9226f635a431 has been successfully formatted.
2019-10-02 10:23:02,498 [pool-87-thread-1] INFO  ratis.ContainerStateMachine (ContainerStateMachine.java:loadSnapshot(231)) - group-9226F635A431: The snapshot info is null. Setting the last applied indexto:(t:0, i:~)
2019-10-02 10:23:02,498 [pool-77-thread-1] INFO  ratis.ContainerStateMachine (ContainerStateMachine.java:loadSnapshot(231)) - group-9226F635A431: The snapshot info is null. Setting the last applied indexto:(t:0, i:~)
2019-10-02 10:23:02,498 [pool-47-thread-1] INFO  ratis.ContainerStateMachine (ContainerStateMachine.java:loadSnapshot(231)) - group-9226F635A431: The snapshot info is null. Setting the last applied indexto:(t:0, i:~)
2019-10-02 10:23:02,498 [pool-77-thread-1] INFO  server.RaftServerConfigKeys (ConfUtils.java:logGet(43)) - raft.server.notification.no-leader.timeout = 120s (custom)
2019-10-02 10:23:02,498 [pool-87-thread-1] INFO  server.RaftServerConfigKeys (ConfUtils.java:logGet(43)) - raft.server.notification.no-leader.timeout = 120s (custom)
2019-10-02 10:23:02,499 [pool-77-thread-1] INFO  server.RaftServerConfigKeys (ConfUtils.java:logGet(43)) - raft.server.log.use.memory = false (default)
2019-10-02 10:23:02,498 [pool-47-thread-1] INFO  server.RaftServerConfigKeys (ConfUtils.java:logGet(43)) - raft.server.notification.no-leader.timeout = 120s (custom)
2019-10-02 10:23:02,499 [pool-77-thread-1] INFO  server.RaftServerConfigKeys (ConfUtils.java:logGet(43)) - raft.server.log.purge.gap = 1000000 (custom)
2019-10-02 10:23:02,499 [pool-87-thread-1] INFO  server.RaftServerConfigKeys (ConfUtils.java:logGet(43)) - raft.server.log.use.memory = false (default)
2019-10-02 10:23:02,499 [pool-77-thread-1] INFO  server.RaftServerConfigKeys (ConfUtils.java:logGet(43)) - raft.server.log.appender.buffer.byte-limit = 33554432 (custom)
2019-10-02 10:23:02,499 [pool-47-thread-1] INFO  server.RaftServerConfigKeys (ConfUtils.java:logGet(43)) - raft.server.log.use.memory = false (default)
2019-10-02 10:23:02,499 [pool-77-thread-1] INFO  server.RaftServerConfigKeys (ConfUtils.java:logGet(43)) - raft.server.log.segment.size.max = 1048576 (custom)
2019-10-02 10:23:02,499 [pool-87-thread-1] INFO  server.RaftServerConfigKeys (ConfUtils.java:logGet(43)) - raft.server.log.purge.gap = 1000000 (custom)
2019-10-02 10:23:02,499 [pool-77-thread-1] INFO  server.RaftServerConfigKeys (ConfUtils.java:logGet(43)) - raft.server.log.segment.cache.num.max = 2 (custom)
2019-10-02 10:23:02,499 [pool-47-thread-1] INFO  server.RaftServerConfigKeys (ConfUtils.java:logGet(43)) - raft.server.log.purge.gap = 1000000 (custom)
2019-10-02 10:23:02,499 [pool-77-thread-1] INFO  segmented.SegmentedRaftLogWorker (SegmentedRaftLogWorker.java:<init>(173)) - new 298c2419-298a-4ac1-a348-589b955770c1@group-9226F635A431-SegmentedRaftLogWorker for RaftStorage:Storage Directory /workdir/hadoop-ozone/integration-test/target/test-dir/MiniOzoneClusterImpl-a60b818f-4dd1-4965-bff3-fb44efcd9a0b/datanode-5/data/ratis/4b77ec67-26c8-476b-9813-9226f635a431
2019-10-02 10:23:02,499 [pool-87-thread-1] INFO  server.RaftServerConfigKeys (ConfUtils.java:logGet(43)) - raft.server.log.appender.buffer.byte-limit = 33554432 (custom)
2019-10-02 10:23:02,500 [pool-77-thread-1] INFO  server.RaftServerConfigKeys (ConfUtils.java:logGet(43)) - raft.server.log.queue.byte-limit = 2147483647 (custom)
2019-10-02 10:23:02,500 [pool-47-thread-1] INFO  server.RaftServerConfigKeys (ConfUtils.java:logGet(43)) - raft.server.log.appender.buffer.byte-limit = 33554432 (custom)
2019-10-02 10:23:02,500 [pool-77-thread-1] INFO  server.RaftServerConfigKeys (ConfUtils.java:logGet(43)) - raft.server.log.queue.element-limit = 1024 (custom)
2019-10-02 10:23:02,500 [pool-87-thread-1] INFO  server.RaftServerConfigKeys (ConfUtils.java:logGet(43)) - raft.server.log.segment.size.max = 1048576 (custom)
2019-10-02 10:23:02,500 [pool-77-thread-1] INFO  server.RaftServerConfigKeys (ConfUtils.java:logGet(43)) - raft.server.log.segment.size.max = 1048576 (custom)
2019-10-02 10:23:02,500 [pool-47-thread-1] INFO  server.RaftServerConfigKeys (ConfUtils.java:logGet(43)) - raft.server.log.segment.size.max = 1048576 (custom)
2019-10-02 10:23:02,500 [pool-77-thread-1] INFO  server.RaftServerConfigKeys (ConfUtils.java:logGet(43)) - raft.server.log.preallocated.size = 16384 (custom)
2019-10-02 10:23:02,500 [pool-87-thread-1] INFO  server.RaftServerConfigKeys (ConfUtils.java:logGet(43)) - raft.server.log.segment.cache.num.max = 2 (custom)
2019-10-02 10:23:02,500 [pool-77-thread-1] INFO  server.RaftServerConfigKeys (ConfUtils.java:logGet(43)) - raft.server.log.write.buffer.size = 33554432 (custom)
2019-10-02 10:23:02,500 [pool-47-thread-1] INFO  server.RaftServerConfigKeys (ConfUtils.java:logGet(43)) - raft.server.log.segment.cache.num.max = 2 (custom)
2019-10-02 10:23:02,500 [pool-77-thread-1] INFO  server.RaftServerConfigKeys (ConfUtils.java:logGet(43)) - raft.server.log.force.sync.num = 128 (default)
2019-10-02 10:23:02,500 [pool-87-thread-1] INFO  segmented.SegmentedRaftLogWorker (SegmentedRaftLogWorker.java:<init>(173)) - new cc1fcddd-974e-4515-9faf-cb0b34c0ae51@group-9226F635A431-SegmentedRaftLogWorker for RaftStorage:Storage Directory /workdir/hadoop-ozone/integration-test/target/test-dir/MiniOzoneClusterImpl-a60b818f-4dd1-4965-bff3-fb44efcd9a0b/datanode-6/data/ratis/4b77ec67-26c8-476b-9813-9226f635a431
2019-10-02 10:23:02,501 [pool-77-thread-1] INFO  server.RaftServerConfigKeys (ConfUtils.java:logGet(43)) - raft.server.log.statemachine.data.sync = true (default)
2019-10-02 10:23:02,501 [pool-47-thread-1] INFO  segmented.SegmentedRaftLogWorker (SegmentedRaftLogWorker.java:<init>(173)) - new b70c9021-8da6-41e6-a976-daf4f7fbddb8@group-9226F635A431-SegmentedRaftLogWorker for RaftStorage:Storage Directory /workdir/hadoop-ozone/integration-test/target/test-dir/MiniOzoneClusterImpl-a60b818f-4dd1-4965-bff3-fb44efcd9a0b/datanode-2/data/ratis/4b77ec67-26c8-476b-9813-9226f635a431
2019-10-02 10:23:02,501 [pool-77-thread-1] INFO  server.RaftServerConfigKeys (ConfUtils.java:logGet(43)) - raft.server.log.statemachine.data.sync.timeout = 10s (default)
2019-10-02 10:23:02,501 [pool-87-thread-1] INFO  server.RaftServerConfigKeys (ConfUtils.java:logGet(43)) - raft.server.log.queue.byte-limit = 2147483647 (custom)
2019-10-02 10:23:02,501 [pool-77-thread-1] INFO  server.RaftServerConfigKeys (ConfUtils.java:logGet(43)) - raft.server.log.statemachine.data.sync.timeout.retry = -1 (default)
2019-10-02 10:23:02,501 [pool-47-thread-1] INFO  server.RaftServerConfigKeys (ConfUtils.java:logGet(43)) - raft.server.log.queue.byte-limit = 2147483647 (custom)
2019-10-02 10:23:02,501 [pool-87-thread-1] INFO  server.RaftServerConfigKeys (ConfUtils.java:logGet(43)) - raft.server.log.queue.element-limit = 1024 (custom)
2019-10-02 10:23:02,501 [pool-47-thread-1] INFO  server.RaftServerConfigKeys (ConfUtils.java:logGet(43)) - raft.server.log.queue.element-limit = 1024 (custom)
2019-10-02 10:23:02,501 [pool-77-thread-1] INFO  server.RaftServerConfigKeys (ConfUtils.java:logGet(43)) - raft.server.log.statemachine.data.caching.enabled = true (custom)
2019-10-02 10:23:02,502 [pool-47-thread-1] INFO  server.RaftServerConfigKeys (ConfUtils.java:logGet(43)) - raft.server.log.segment.size.max = 1048576 (custom)
2019-10-02 10:23:02,502 [pool-87-thread-1] INFO  server.RaftServerConfigKeys (ConfUtils.java:logGet(43)) - raft.server.log.segment.size.max = 1048576 (custom)
2019-10-02 10:23:02,502 [pool-47-thread-1] INFO  server.RaftServerConfigKeys (ConfUtils.java:logGet(43)) - raft.server.log.preallocated.size = 16384 (custom)
2019-10-02 10:23:02,502 [pool-77-thread-1] INFO  segmented.SegmentedRaftLogWorker (SegmentedRaftLogWorker.java:lambda$new$0(128)) - 298c2419-298a-4ac1-a348-589b955770c1@group-9226F635A431-SegmentedRaftLogWorker: flushIndex: setUnconditionally 0 -> -1
2019-10-02 10:23:02,502 [pool-87-thread-1] INFO  server.RaftServerConfigKeys (ConfUtils.java:logGet(43)) - raft.server.log.preallocated.size = 16384 (custom)
2019-10-02 10:23:02,502 [pool-47-thread-1] INFO  server.RaftServerConfigKeys (ConfUtils.java:logGet(43)) - raft.server.log.write.buffer.size = 33554432 (custom)
2019-10-02 10:23:02,502 [pool-77-thread-1] INFO  server.RaftServerConfigKeys (ConfUtils.java:logGet(43)) - raft.server.snapshot.auto.trigger.enabled = true (custom)
2019-10-02 10:23:02,502 [pool-87-thread-1] INFO  server.RaftServerConfigKeys (ConfUtils.java:logGet(43)) - raft.server.log.write.buffer.size = 33554432 (custom)
2019-10-02 10:23:02,503 [pool-77-thread-1] INFO  server.RaftServerConfigKeys (ConfUtils.java:logGet(43)) - raft.server.snapshot.auto.trigger.threshold = 10000 (custom)
2019-10-02 10:23:02,502 [pool-47-thread-1] INFO  server.RaftServerConfigKeys (ConfUtils.java:logGet(43)) - raft.server.log.force.sync.num = 128 (default)
2019-10-02 10:23:02,503 [pool-77-thread-1] INFO  server.RaftServerConfigKeys (ConfUtils.java:logGet(43)) - raft.server.snapshot.retention.file.num = 5 (custom)
2019-10-02 10:23:02,503 [pool-87-thread-1] INFO  server.RaftServerConfigKeys (ConfUtils.java:logGet(43)) - raft.server.log.force.sync.num = 128 (default)
2019-10-02 10:23:02,503 [pool-77-thread-1] INFO  server.RaftServerConfigKeys (ConfUtils.java:logGet(43)) - raft.server.retrycache.expirytime = 600000ms (custom)
2019-10-02 10:23:02,503 [pool-47-thread-1] INFO  server.RaftServerConfigKeys (ConfUtils.java:logGet(43)) - raft.server.log.statemachine.data.sync = true (default)
2019-10-02 10:23:02,503 [pool-87-thread-1] INFO  server.RaftServerConfigKeys (ConfUtils.java:logGet(43)) - raft.server.log.statemachine.data.sync = true (default)
2019-10-02 10:23:02,503 [pool-47-thread-1] INFO  server.RaftServerConfigKeys (ConfUtils.java:logGet(43)) - raft.server.log.statemachine.data.sync.timeout = 10s (default)
2019-10-02 10:23:02,503 [pool-87-thread-1] INFO  server.RaftServerConfigKeys (ConfUtils.java:logGet(43)) - raft.server.log.statemachine.data.sync.timeout = 10s (default)
2019-10-02 10:23:02,503 [pool-47-thread-1] INFO  server.RaftServerConfigKeys (ConfUtils.java:logGet(43)) - raft.server.log.statemachine.data.sync.timeout.retry = -1 (default)
2019-10-02 10:23:02,504 [pool-87-thread-1] INFO  server.RaftServerConfigKeys (ConfUtils.java:logGet(43)) - raft.server.log.statemachine.data.sync.timeout.retry = -1 (default)
2019-10-02 10:23:02,504 [pool-47-thread-1] INFO  server.RaftServerConfigKeys (ConfUtils.java:logGet(43)) - raft.server.log.statemachine.data.caching.enabled = true (custom)
2019-10-02 10:23:02,504 [pool-87-thread-1] INFO  server.RaftServerConfigKeys (ConfUtils.java:logGet(43)) - raft.server.log.statemachine.data.caching.enabled = true (custom)
2019-10-02 10:23:02,504 [pool-47-thread-1] INFO  segmented.SegmentedRaftLogWorker (SegmentedRaftLogWorker.java:lambda$new$0(128)) - b70c9021-8da6-41e6-a976-daf4f7fbddb8@group-9226F635A431-SegmentedRaftLogWorker: flushIndex: setUnconditionally 0 -> -1
2019-10-02 10:23:02,504 [pool-87-thread-1] INFO  segmented.SegmentedRaftLogWorker (SegmentedRaftLogWorker.java:lambda$new$0(128)) - cc1fcddd-974e-4515-9faf-cb0b34c0ae51@group-9226F635A431-SegmentedRaftLogWorker: flushIndex: setUnconditionally 0 -> -1
2019-10-02 10:23:02,504 [pool-47-thread-1] INFO  server.RaftServerConfigKeys (ConfUtils.java:logGet(43)) - raft.server.snapshot.auto.trigger.enabled = true (custom)
2019-10-02 10:23:02,505 [pool-87-thread-1] INFO  server.RaftServerConfigKeys (ConfUtils.java:logGet(43)) - raft.server.snapshot.auto.trigger.enabled = true (custom)
2019-10-02 10:23:02,505 [pool-47-thread-1] INFO  server.RaftServerConfigKeys (ConfUtils.java:logGet(43)) - raft.server.snapshot.auto.trigger.threshold = 10000 (custom)
2019-10-02 10:23:02,505 [pool-87-thread-1] INFO  server.RaftServerConfigKeys (ConfUtils.java:logGet(43)) - raft.server.snapshot.auto.trigger.threshold = 10000 (custom)
2019-10-02 10:23:02,505 [pool-47-thread-1] INFO  server.RaftServerConfigKeys (ConfUtils.java:logGet(43)) - raft.server.snapshot.retention.file.num = 5 (custom)
2019-10-02 10:23:02,505 [pool-87-thread-1] INFO  server.RaftServerConfigKeys (ConfUtils.java:logGet(43)) - raft.server.snapshot.retention.file.num = 5 (custom)
2019-10-02 10:23:02,505 [pool-47-thread-1] INFO  server.RaftServerConfigKeys (ConfUtils.java:logGet(43)) - raft.server.retrycache.expirytime = 600000ms (custom)
2019-10-02 10:23:02,505 [pool-87-thread-1] INFO  server.RaftServerConfigKeys (ConfUtils.java:logGet(43)) - raft.server.retrycache.expirytime = 600000ms (custom)
2019-10-02 10:23:02,506 [pool-77-thread-1] INFO  impl.RaftServerImpl (RaftServerImpl.java:start(181)) - 298c2419-298a-4ac1-a348-589b955770c1@group-9226F635A431: start as a follower, conf=-1: [cc1fcddd-974e-4515-9faf-cb0b34c0ae51:192.168.151.92:40331, 298c2419-298a-4ac1-a348-589b955770c1:192.168.151.92:40159, b70c9021-8da6-41e6-a976-daf4f7fbddb8:192.168.151.92:38657], old=null
2019-10-02 10:23:02,506 [pool-77-thread-1] INFO  impl.RaftServerImpl (RaftServerImpl.java:setRole(170)) - 298c2419-298a-4ac1-a348-589b955770c1@group-9226F635A431: changes role from      null to FOLLOWER at term 0 for startAsFollower
2019-10-02 10:23:02,507 [pool-77-thread-1] INFO  impl.RoleInfo (RoleInfo.java:updateAndGet(143)) - 298c2419-298a-4ac1-a348-589b955770c1: start FollowerState
2019-10-02 10:23:02,507 [pool-77-thread-1] INFO  util.JmxRegister (JmxRegister.java:tryRegister(44)) - Successfully registered JMX Bean with object name Ratis:service=RaftServer,group=group-9226F635A431,id=298c2419-298a-4ac1-a348-589b955770c1
2019-10-02 10:23:02,508 [pool-47-thread-1] INFO  impl.RaftServerImpl (RaftServerImpl.java:start(181)) - b70c9021-8da6-41e6-a976-daf4f7fbddb8@group-9226F635A431: start as a follower, conf=-1: [cc1fcddd-974e-4515-9faf-cb0b34c0ae51:192.168.151.92:40331, 298c2419-298a-4ac1-a348-589b955770c1:192.168.151.92:40159, b70c9021-8da6-41e6-a976-daf4f7fbddb8:192.168.151.92:38657], old=null
2019-10-02 10:23:02,508 [pool-47-thread-1] INFO  impl.RaftServerImpl (RaftServerImpl.java:setRole(170)) - b70c9021-8da6-41e6-a976-daf4f7fbddb8@group-9226F635A431: changes role from      null to FOLLOWER at term 0 for startAsFollower
2019-10-02 10:23:02,508 [pool-47-thread-1] INFO  impl.RoleInfo (RoleInfo.java:updateAndGet(143)) - b70c9021-8da6-41e6-a976-daf4f7fbddb8: start FollowerState
2019-10-02 10:23:02,508 [pool-47-thread-1] INFO  util.JmxRegister (JmxRegister.java:tryRegister(44)) - Successfully registered JMX Bean with object name Ratis:service=RaftServer,group=group-9226F635A431,id=b70c9021-8da6-41e6-a976-daf4f7fbddb8
2019-10-02 10:23:02,509 [pool-87-thread-1] INFO  impl.RaftServerImpl (RaftServerImpl.java:start(181)) - cc1fcddd-974e-4515-9faf-cb0b34c0ae51@group-9226F635A431: start as a follower, conf=-1: [cc1fcddd-974e-4515-9faf-cb0b34c0ae51:192.168.151.92:40331, 298c2419-298a-4ac1-a348-589b955770c1:192.168.151.92:40159, b70c9021-8da6-41e6-a976-daf4f7fbddb8:192.168.151.92:38657], old=null
2019-10-02 10:23:02,509 [pool-87-thread-1] INFO  impl.RaftServerImpl (RaftServerImpl.java:setRole(170)) - cc1fcddd-974e-4515-9faf-cb0b34c0ae51@group-9226F635A431: changes role from      null to FOLLOWER at term 0 for startAsFollower
2019-10-02 10:23:02,509 [pool-87-thread-1] INFO  impl.RoleInfo (RoleInfo.java:updateAndGet(143)) - cc1fcddd-974e-4515-9faf-cb0b34c0ae51: start FollowerState
2019-10-02 10:23:02,509 [pool-87-thread-1] INFO  util.JmxRegister (JmxRegister.java:tryRegister(44)) - Successfully registered JMX Bean with object name Ratis:service=RaftServer,group=group-9226F635A431,id=cc1fcddd-974e-4515-9faf-cb0b34c0ae51
2019-10-02 10:23:02,519 [RatisPipelineUtilsThread] INFO  pipeline.PipelineStateManager (PipelineStateManager.java:addPipeline(56)) - Created pipeline Pipeline[ Id: 4b77ec67-26c8-476b-9813-9226f635a431, Nodes: 298c2419-298a-4ac1-a348-589b955770c1{ip: 192.168.151.92, host: pr-trunk-gg4kw-413187789, networkLocation: /default-rack, certSerialId: null}b70c9021-8da6-41e6-a976-daf4f7fbddb8{ip: 192.168.151.92, host: pr-trunk-gg4kw-413187789, networkLocation: /default-rack, certSerialId: null}cc1fcddd-974e-4515-9faf-cb0b34c0ae51{ip: 192.168.151.92, host: pr-trunk-gg4kw-413187789, networkLocation: /default-rack, certSerialId: null}, Type:RATIS, Factor:THREE, State:OPEN]
2019-10-02 10:23:03,103 [java.util.concurrent.ThreadPoolExecutor$Worker@39c3e46b[State = -1, empty queue]] ERROR client.GrpcClientProtocolClient (GrpcClientProtocolClient.java:close(148)) - Unexpected exception while waiting for channel termination
java.lang.InterruptedException
	at java.util.concurrent.locks.AbstractQueuedSynchronizer.tryAcquireSharedNanos(AbstractQueuedSynchronizer.java:1326)
	at java.util.concurrent.CountDownLatch.await(CountDownLatch.java:277)
	at org.apache.ratis.thirdparty.io.grpc.internal.ManagedChannelImpl.awaitTermination(ManagedChannelImpl.java:763)
	at org.apache.ratis.thirdparty.io.grpc.internal.ForwardingManagedChannel.awaitTermination(ForwardingManagedChannel.java:57)
	at org.apache.ratis.thirdparty.io.grpc.internal.ManagedChannelOrphanWrapper.awaitTermination(ManagedChannelOrphanWrapper.java:70)
	at org.apache.ratis.grpc.client.GrpcClientProtocolClient.close(GrpcClientProtocolClient.java:146)
	at org.apache.ratis.util.PeerProxyMap$PeerAndProxy.lambda$close$1(PeerProxyMap.java:74)
	at org.apache.ratis.util.LifeCycle.lambda$checkStateAndClose$2(LifeCycle.java:231)
	at org.apache.ratis.util.LifeCycle.checkStateAndClose(LifeCycle.java:251)
	at org.apache.ratis.util.LifeCycle.checkStateAndClose(LifeCycle.java:229)
	at org.apache.ratis.util.PeerProxyMap$PeerAndProxy.close(PeerProxyMap.java:70)
	at org.apache.ratis.util.PeerProxyMap.resetProxy(PeerProxyMap.java:127)
	at org.apache.ratis.util.PeerProxyMap.handleException(PeerProxyMap.java:136)
	at org.apache.ratis.client.impl.RaftClientRpcWithProxy.handleException(RaftClientRpcWithProxy.java:47)
	at org.apache.ratis.client.impl.RaftClientImpl.handleIOException(RaftClientImpl.java:372)
	at org.apache.ratis.client.impl.OrderedAsync.lambda$sendRequest$10(OrderedAsync.java:236)
	at java.util.concurrent.CompletableFuture.uniExceptionally(CompletableFuture.java:870)
	at java.util.concurrent.CompletableFuture$UniExceptionally.tryFire(CompletableFuture.java:852)
	at java.util.concurrent.CompletableFuture.postComplete(CompletableFuture.java:474)
	at java.util.concurrent.CompletableFuture.completeExceptionally(CompletableFuture.java:1977)
	at org.apache.ratis.grpc.client.GrpcClientProtocolClient$AsyncStreamObservers.lambda$timeoutCheck$3(GrpcClientProtocolClient.java:324)
	at java.util.Optional.ifPresent(Optional.java:159)
	at org.apache.ratis.grpc.client.GrpcClientProtocolClient$AsyncStreamObservers.handleReplyFuture(GrpcClientProtocolClient.java:329)
	at org.apache.ratis.grpc.client.GrpcClientProtocolClient$AsyncStreamObservers.timeoutCheck(GrpcClientProtocolClient.java:324)
	at org.apache.ratis.grpc.client.GrpcClientProtocolClient$AsyncStreamObservers.lambda$onNext$1(GrpcClientProtocolClient.java:318)
	at org.apache.ratis.util.TimeoutScheduler.lambda$onTimeout$0(TimeoutScheduler.java:113)
	at org.apache.ratis.util.TimeoutScheduler.lambda$onTimeout$1(TimeoutScheduler.java:133)
	at org.apache.ratis.util.LogUtils.runAndLog(LogUtils.java:50)
	at org.apache.ratis.util.LogUtils$1.run(LogUtils.java:91)
	at java.util.concurrent.Executors$RunnableAdapter.call(Executors.java:511)
	at java.util.concurrent.FutureTask.run(FutureTask.java:266)
	at java.util.concurrent.ScheduledThreadPoolExecutor$ScheduledFutureTask.access$201(ScheduledThreadPoolExecutor.java:180)
	at java.util.concurrent.ScheduledThreadPoolExecutor$ScheduledFutureTask.run(ScheduledThreadPoolExecutor.java:293)
	at java.util.concurrent.ThreadPoolExecutor.runWorker(ThreadPoolExecutor.java:1149)
	at java.util.concurrent.ThreadPoolExecutor$Worker.run(ThreadPoolExecutor.java:624)
	at java.lang.Thread.run(Thread.java:748)
2019-10-02 10:23:03,105 [java.util.concurrent.ThreadPoolExecutor$Worker@39c3e46b[State = -1, empty queue]] WARN  util.TimeoutScheduler (LogUtils.java:runAndLog(55)) - Failed to task #0: java.lang.NullPointerException
2019-10-02 10:23:07,139 [java.util.concurrent.ThreadPoolExecutor$Worker@4d7a5d01[State = -1, empty queue]] ERROR client.GrpcClientProtocolClient (GrpcClientProtocolClient.java:close(148)) - Unexpected exception while waiting for channel termination
java.lang.InterruptedException
	at java.util.concurrent.locks.AbstractQueuedSynchronizer.tryAcquireSharedNanos(AbstractQueuedSynchronizer.java:1326)
	at java.util.concurrent.CountDownLatch.await(CountDownLatch.java:277)
	at org.apache.ratis.thirdparty.io.grpc.internal.ManagedChannelImpl.awaitTermination(ManagedChannelImpl.java:763)
	at org.apache.ratis.thirdparty.io.grpc.internal.ForwardingManagedChannel.awaitTermination(ForwardingManagedChannel.java:57)
	at org.apache.ratis.thirdparty.io.grpc.internal.ManagedChannelOrphanWrapper.awaitTermination(ManagedChannelOrphanWrapper.java:70)
	at org.apache.ratis.grpc.client.GrpcClientProtocolClient.close(GrpcClientProtocolClient.java:146)
	at org.apache.ratis.util.PeerProxyMap$PeerAndProxy.lambda$close$1(PeerProxyMap.java:74)
	at org.apache.ratis.util.LifeCycle.lambda$checkStateAndClose$2(LifeCycle.java:231)
	at org.apache.ratis.util.LifeCycle.checkStateAndClose(LifeCycle.java:251)
	at org.apache.ratis.util.LifeCycle.checkStateAndClose(LifeCycle.java:229)
	at org.apache.ratis.util.PeerProxyMap$PeerAndProxy.close(PeerProxyMap.java:70)
	at org.apache.ratis.util.PeerProxyMap.resetProxy(PeerProxyMap.java:127)
	at org.apache.ratis.util.PeerProxyMap.handleException(PeerProxyMap.java:136)
	at org.apache.ratis.client.impl.RaftClientRpcWithProxy.handleException(RaftClientRpcWithProxy.java:47)
	at org.apache.ratis.client.impl.RaftClientImpl.handleIOException(RaftClientImpl.java:372)
	at org.apache.ratis.client.impl.OrderedAsync.lambda$sendRequest$10(OrderedAsync.java:236)
	at java.util.concurrent.CompletableFuture.uniExceptionally(CompletableFuture.java:870)
	at java.util.concurrent.CompletableFuture$UniExceptionally.tryFire(CompletableFuture.java:852)
	at java.util.concurrent.CompletableFuture.postComplete(CompletableFuture.java:474)
	at java.util.concurrent.CompletableFuture.completeExceptionally(CompletableFuture.java:1977)
	at org.apache.ratis.grpc.client.GrpcClientProtocolClient$AsyncStreamObservers.lambda$timeoutCheck$3(GrpcClientProtocolClient.java:324)
	at java.util.Optional.ifPresent(Optional.java:159)
	at org.apache.ratis.grpc.client.GrpcClientProtocolClient$AsyncStreamObservers.handleReplyFuture(GrpcClientProtocolClient.java:329)
	at org.apache.ratis.grpc.client.GrpcClientProtocolClient$AsyncStreamObservers.timeoutCheck(GrpcClientProtocolClient.java:324)
	at org.apache.ratis.grpc.client.GrpcClientProtocolClient$AsyncStreamObservers.lambda$onNext$1(GrpcClientProtocolClient.java:318)
	at org.apache.ratis.util.TimeoutScheduler.lambda$onTimeout$0(TimeoutScheduler.java:113)
	at org.apache.ratis.util.TimeoutScheduler.lambda$onTimeout$1(TimeoutScheduler.java:133)
	at org.apache.ratis.util.LogUtils.runAndLog(LogUtils.java:50)
	at org.apache.ratis.util.LogUtils$1.run(LogUtils.java:91)
	at java.util.concurrent.Executors$RunnableAdapter.call(Executors.java:511)
	at java.util.concurrent.FutureTask.run(FutureTask.java:266)
	at java.util.concurrent.ScheduledThreadPoolExecutor$ScheduledFutureTask.access$201(ScheduledThreadPoolExecutor.java:180)
	at java.util.concurrent.ScheduledThreadPoolExecutor$ScheduledFutureTask.run(ScheduledThreadPoolExecutor.java:293)
	at java.util.concurrent.ThreadPoolExecutor.runWorker(ThreadPoolExecutor.java:1149)
	at java.util.concurrent.ThreadPoolExecutor$Worker.run(ThreadPoolExecutor.java:624)
	at java.lang.Thread.run(Thread.java:748)
2019-10-02 10:23:07,142 [java.util.concurrent.ThreadPoolExecutor$Worker@4d7a5d01[State = -1, empty queue]] WARN  util.TimeoutScheduler (LogUtils.java:runAndLog(55)) - Failed to task #0: java.lang.NullPointerException
2019-10-02 10:23:07,525 [Thread-1106] INFO  impl.FollowerState (FollowerState.java:run(108)) - b70c9021-8da6-41e6-a976-daf4f7fbddb8@group-9226F635A431-FollowerState: change to CANDIDATE, lastRpcTime:5016ms, electionTimeout:5016ms
2019-10-02 10:23:07,525 [Thread-1106] INFO  impl.RoleInfo (RoleInfo.java:shutdownFollowerState(121)) - b70c9021-8da6-41e6-a976-daf4f7fbddb8: shutdown FollowerState
2019-10-02 10:23:07,526 [Thread-1106] INFO  impl.RaftServerImpl (RaftServerImpl.java:setRole(170)) - b70c9021-8da6-41e6-a976-daf4f7fbddb8@group-9226F635A431: changes role from  FOLLOWER to CANDIDATE at term 0 for changeToCandidate
2019-10-02 10:23:07,526 [Thread-1106] INFO  impl.RoleInfo (RoleInfo.java:updateAndGet(143)) - b70c9021-8da6-41e6-a976-daf4f7fbddb8: start LeaderElection
2019-10-02 10:23:07,549 [b70c9021-8da6-41e6-a976-daf4f7fbddb8@group-9226F635A431-LeaderElection45] INFO  impl.LeaderElection (LeaderElection.java:askForVotes(178)) - b70c9021-8da6-41e6-a976-daf4f7fbddb8@group-9226F635A431-LeaderElection45: begin an election at term 1 for -1: [cc1fcddd-974e-4515-9faf-cb0b34c0ae51:192.168.151.92:40331, 298c2419-298a-4ac1-a348-589b955770c1:192.168.151.92:40159, b70c9021-8da6-41e6-a976-daf4f7fbddb8:192.168.151.92:38657], old=null
2019-10-02 10:23:07,554 [grpc-default-executor-10] INFO  impl.RaftServerImpl (RaftServerImpl.java:setRole(170)) - 298c2419-298a-4ac1-a348-589b955770c1@group-9226F635A431: changes role from  FOLLOWER to FOLLOWER at term 1 for recognizeCandidate:b70c9021-8da6-41e6-a976-daf4f7fbddb8
2019-10-02 10:23:07,554 [grpc-default-executor-7] INFO  impl.RaftServerImpl (RaftServerImpl.java:setRole(170)) - cc1fcddd-974e-4515-9faf-cb0b34c0ae51@group-9226F635A431: changes role from  FOLLOWER to FOLLOWER at term 1 for recognizeCandidate:b70c9021-8da6-41e6-a976-daf4f7fbddb8
2019-10-02 10:23:07,554 [grpc-default-executor-10] INFO  impl.RoleInfo (RoleInfo.java:shutdownFollowerState(121)) - 298c2419-298a-4ac1-a348-589b955770c1: shutdown FollowerState
2019-10-02 10:23:07,554 [grpc-default-executor-7] INFO  impl.RoleInfo (RoleInfo.java:shutdownFollowerState(121)) - cc1fcddd-974e-4515-9faf-cb0b34c0ae51: shutdown FollowerState
2019-10-02 10:23:07,555 [Thread-1105] INFO  impl.FollowerState (FollowerState.java:run(117)) - 298c2419-298a-4ac1-a348-589b955770c1@group-9226F635A431-FollowerState was interrupted: java.lang.InterruptedException: sleep interrupted
2019-10-02 10:23:07,555 [grpc-default-executor-7] INFO  impl.RoleInfo (RoleInfo.java:updateAndGet(143)) - cc1fcddd-974e-4515-9faf-cb0b34c0ae51: start FollowerState
2019-10-02 10:23:07,555 [grpc-default-executor-10] INFO  impl.RoleInfo (RoleInfo.java:updateAndGet(143)) - 298c2419-298a-4ac1-a348-589b955770c1: start FollowerState
2019-10-02 10:23:07,557 [Thread-1107] INFO  impl.FollowerState (FollowerState.java:run(117)) - cc1fcddd-974e-4515-9faf-cb0b34c0ae51@group-9226F635A431-FollowerState was interrupted: java.lang.InterruptedException: sleep interrupted
2019-10-02 10:23:07,574 [b70c9021-8da6-41e6-a976-daf4f7fbddb8@group-9226F635A431-LeaderElection45] INFO  impl.LeaderElection (LeaderElection.java:logAndReturn(56)) - b70c9021-8da6-41e6-a976-daf4f7fbddb8@group-9226F635A431-LeaderElection45: Election PASSED; received 1 response(s) [b70c9021-8da6-41e6-a976-daf4f7fbddb8<-298c2419-298a-4ac1-a348-589b955770c1#0:OK-t1] and 0 exception(s); b70c9021-8da6-41e6-a976-daf4f7fbddb8@group-9226F635A431:t1, leader=null, voted=b70c9021-8da6-41e6-a976-daf4f7fbddb8, raftlog=b70c9021-8da6-41e6-a976-daf4f7fbddb8@group-9226F635A431-SegmentedRaftLog:OPENED:c-1,f-1,i0, conf=-1: [cc1fcddd-974e-4515-9faf-cb0b34c0ae51:192.168.151.92:40331, 298c2419-298a-4ac1-a348-589b955770c1:192.168.151.92:40159, b70c9021-8da6-41e6-a976-daf4f7fbddb8:192.168.151.92:38657], old=null
2019-10-02 10:23:07,575 [b70c9021-8da6-41e6-a976-daf4f7fbddb8@group-9226F635A431-LeaderElection45] INFO  impl.RoleInfo (RoleInfo.java:shutdownLeaderElection(134)) - b70c9021-8da6-41e6-a976-daf4f7fbddb8: shutdown LeaderElection
2019-10-02 10:23:07,575 [b70c9021-8da6-41e6-a976-daf4f7fbddb8@group-9226F635A431-LeaderElection45] INFO  impl.RaftServerImpl (RaftServerImpl.java:setRole(170)) - b70c9021-8da6-41e6-a976-daf4f7fbddb8@group-9226F635A431: changes role from CANDIDATE to LEADER at term 1 for changeToLeader
2019-10-02 10:23:07,575 [b70c9021-8da6-41e6-a976-daf4f7fbddb8@group-9226F635A431-LeaderElection45] INFO  impl.RaftServerImpl (ServerState.java:setLeader(255)) - b70c9021-8da6-41e6-a976-daf4f7fbddb8@group-9226F635A431: change Leader from null to b70c9021-8da6-41e6-a976-daf4f7fbddb8 at term 1 for becomeLeader, leader elected after 5076ms
2019-10-02 10:23:07,575 [b70c9021-8da6-41e6-a976-daf4f7fbddb8@group-9226F635A431-LeaderElection45] INFO  server.RaftServerConfigKeys (ConfUtils.java:logGet(43)) - raft.server.staging.catchup.gap = 1000 (default)
2019-10-02 10:23:07,576 [b70c9021-8da6-41e6-a976-daf4f7fbddb8@group-9226F635A431-LeaderElection45] INFO  server.RaftServerConfigKeys (ConfUtils.java:logGet(43)) - raft.server.rpc.sleep.time = 25ms (default)
2019-10-02 10:23:07,576 [b70c9021-8da6-41e6-a976-daf4f7fbddb8@group-9226F635A431-LeaderElection45] INFO  server.RaftServerConfigKeys (ConfUtils.java:logGet(43)) - raft.server.write.element-limit = 4096 (default)
2019-10-02 10:23:07,576 [b70c9021-8da6-41e6-a976-daf4f7fbddb8@group-9226F635A431-LeaderElection45] INFO  server.RaftServerConfigKeys (ConfUtils.java:logGet(43)) - raft.server.watch.timeout = 10s (default)
2019-10-02 10:23:07,576 [b70c9021-8da6-41e6-a976-daf4f7fbddb8@group-9226F635A431-LeaderElection45] INFO  server.RaftServerConfigKeys (ConfUtils.java:logGet(43)) - raft.server.watch.timeout.denomination = 1s (default)
2019-10-02 10:23:07,576 [b70c9021-8da6-41e6-a976-daf4f7fbddb8@group-9226F635A431-LeaderElection45] INFO  server.RaftServerConfigKeys (ConfUtils.java:logGet(43)) - raft.server.watch.element-limit = 65536 (default)
2019-10-02 10:23:07,581 [b70c9021-8da6-41e6-a976-daf4f7fbddb8@group-9226F635A431-LeaderElection45] INFO  server.RaftServerConfigKeys (ConfUtils.java:logGet(43)) - raft.server.log.appender.snapshot.chunk.size.max = 16MB (=16777216) (default)
2019-10-02 10:23:07,582 [b70c9021-8da6-41e6-a976-daf4f7fbddb8@group-9226F635A431-LeaderElection45] INFO  server.RaftServerConfigKeys (ConfUtils.java:logGet(43)) - raft.server.log.appender.buffer.byte-limit = 33554432 (custom)
2019-10-02 10:23:07,582 [b70c9021-8da6-41e6-a976-daf4f7fbddb8@group-9226F635A431-LeaderElection45] INFO  server.RaftServerConfigKeys (ConfUtils.java:logGet(43)) - raft.server.log.appender.buffer.element-limit = 1 (custom)
2019-10-02 10:23:07,582 [b70c9021-8da6-41e6-a976-daf4f7fbddb8@group-9226F635A431-LeaderElection45] INFO  grpc.GrpcConfigKeys$Server (ConfUtils.java:logGet(43)) - raft.grpc.server.leader.outstanding.appends.max = 128 (default)
2019-10-02 10:23:07,582 [b70c9021-8da6-41e6-a976-daf4f7fbddb8@group-9226F635A431-LeaderElection45] INFO  server.RaftServerConfigKeys (ConfUtils.java:logGet(43)) - raft.server.rpc.request.timeout = 3000ms (default)
2019-10-02 10:23:07,583 [b70c9021-8da6-41e6-a976-daf4f7fbddb8@group-9226F635A431-LeaderElection45] INFO  server.RaftServerConfigKeys (ConfUtils.java:logGet(43)) - raft.server.log.appender.install.snapshot.enabled = false (custom)
2019-10-02 10:23:07,583 [b70c9021-8da6-41e6-a976-daf4f7fbddb8@group-9226F635A431-LeaderElection45] INFO  server.RaftServerConfigKeys (ConfUtils.java:logGet(43)) - raft.server.log.appender.snapshot.chunk.size.max = 16MB (=16777216) (default)
2019-10-02 10:23:07,583 [b70c9021-8da6-41e6-a976-daf4f7fbddb8@group-9226F635A431-LeaderElection45] INFO  server.RaftServerConfigKeys (ConfUtils.java:logGet(43)) - raft.server.log.appender.buffer.byte-limit = 33554432 (custom)
2019-10-02 10:23:07,584 [b70c9021-8da6-41e6-a976-daf4f7fbddb8@group-9226F635A431-LeaderElection45] INFO  server.RaftServerConfigKeys (ConfUtils.java:logGet(43)) - raft.server.log.appender.buffer.element-limit = 1 (custom)
2019-10-02 10:23:07,584 [b70c9021-8da6-41e6-a976-daf4f7fbddb8@group-9226F635A431-LeaderElection45] INFO  grpc.GrpcConfigKeys$Server (ConfUtils.java:logGet(43)) - raft.grpc.server.leader.outstanding.appends.max = 128 (default)
2019-10-02 10:23:07,584 [b70c9021-8da6-41e6-a976-daf4f7fbddb8@group-9226F635A431-LeaderElection45] INFO  server.RaftServerConfigKeys (ConfUtils.java:logGet(43)) - raft.server.rpc.request.timeout = 3000ms (default)
2019-10-02 10:23:07,584 [b70c9021-8da6-41e6-a976-daf4f7fbddb8@group-9226F635A431-LeaderElection45] INFO  server.RaftServerConfigKeys (ConfUtils.java:logGet(43)) - raft.server.log.appender.install.snapshot.enabled = false (custom)
2019-10-02 10:23:07,585 [b70c9021-8da6-41e6-a976-daf4f7fbddb8@group-9226F635A431-LeaderElection45] INFO  impl.RoleInfo (RoleInfo.java:updateAndGet(143)) - b70c9021-8da6-41e6-a976-daf4f7fbddb8: start LeaderState
2019-10-02 10:23:07,585 [b70c9021-8da6-41e6-a976-daf4f7fbddb8@group-9226F635A431-LeaderElection45] INFO  segmented.SegmentedRaftLogWorker (SegmentedRaftLogWorker.java:startLogSegment(385)) - b70c9021-8da6-41e6-a976-daf4f7fbddb8@group-9226F635A431-SegmentedRaftLogWorker: Starting segment from index:0
2019-10-02 10:23:07,586 [b70c9021-8da6-41e6-a976-daf4f7fbddb8@group-9226F635A431-LeaderElection45] INFO  impl.RaftServerImpl (ServerState.java:setRaftConf(356)) - b70c9021-8da6-41e6-a976-daf4f7fbddb8@group-9226F635A431: set configuration 0: [cc1fcddd-974e-4515-9faf-cb0b34c0ae51:192.168.151.92:40331, 298c2419-298a-4ac1-a348-589b955770c1:192.168.151.92:40159, b70c9021-8da6-41e6-a976-daf4f7fbddb8:192.168.151.92:38657], old=null at 0
2019-10-02 10:23:07,587 [grpc-default-executor-10] INFO  impl.RaftServerImpl (ServerState.java:setLeader(255)) - 298c2419-298a-4ac1-a348-589b955770c1@group-9226F635A431: change Leader from null to b70c9021-8da6-41e6-a976-daf4f7fbddb8 at term 1 for appendEntries, leader elected after 5089ms
2019-10-02 10:23:07,614 [grpc-default-executor-7] INFO  impl.RaftServerImpl (ServerState.java:setLeader(255)) - cc1fcddd-974e-4515-9faf-cb0b34c0ae51@group-9226F635A431: change Leader from null to b70c9021-8da6-41e6-a976-daf4f7fbddb8 at term 1 for appendEntries, leader elected after 5089ms
2019-10-02 10:23:07,620 [grpc-default-executor-10] INFO  impl.RaftServerImpl (ServerState.java:setRaftConf(356)) - cc1fcddd-974e-4515-9faf-cb0b34c0ae51@group-9226F635A431: set configuration 0: [cc1fcddd-974e-4515-9faf-cb0b34c0ae51:192.168.151.92:40331, 298c2419-298a-4ac1-a348-589b955770c1:192.168.151.92:40159, b70c9021-8da6-41e6-a976-daf4f7fbddb8:192.168.151.92:38657], old=null at 0
2019-10-02 10:23:07,620 [grpc-default-executor-7] INFO  impl.RaftServerImpl (ServerState.java:setRaftConf(356)) - 298c2419-298a-4ac1-a348-589b955770c1@group-9226F635A431: set configuration 0: [cc1fcddd-974e-4515-9faf-cb0b34c0ae51:192.168.151.92:40331, 298c2419-298a-4ac1-a348-589b955770c1:192.168.151.92:40159, b70c9021-8da6-41e6-a976-daf4f7fbddb8:192.168.151.92:38657], old=null at 0
2019-10-02 10:23:07,620 [grpc-default-executor-10] INFO  segmented.SegmentedRaftLogWorker (SegmentedRaftLogWorker.java:startLogSegment(385)) - cc1fcddd-974e-4515-9faf-cb0b34c0ae51@group-9226F635A431-SegmentedRaftLogWorker: Starting segment from index:0
2019-10-02 10:23:07,620 [grpc-default-executor-7] INFO  segmented.SegmentedRaftLogWorker (SegmentedRaftLogWorker.java:startLogSegment(385)) - 298c2419-298a-4ac1-a348-589b955770c1@group-9226F635A431-SegmentedRaftLogWorker: Starting segment from index:0
2019-10-02 10:23:07,625 [b70c9021-8da6-41e6-a976-daf4f7fbddb8@group-9226F635A431-SegmentedRaftLogWorker] INFO  segmented.SegmentedRaftLogWorker (SegmentedRaftLogWorker.java:execute(574)) - b70c9021-8da6-41e6-a976-daf4f7fbddb8@group-9226F635A431-SegmentedRaftLogWorker: created new log segment /workdir/hadoop-ozone/integration-test/target/test-dir/MiniOzoneClusterImpl-a60b818f-4dd1-4965-bff3-fb44efcd9a0b/datanode-2/data/ratis/4b77ec67-26c8-476b-9813-9226f635a431/current/log_inprogress_0
2019-10-02 10:23:07,741 [cc1fcddd-974e-4515-9faf-cb0b34c0ae51@group-9226F635A431-SegmentedRaftLogWorker] INFO  segmented.SegmentedRaftLogWorker (SegmentedRaftLogWorker.java:execute(574)) - cc1fcddd-974e-4515-9faf-cb0b34c0ae51@group-9226F635A431-SegmentedRaftLogWorker: created new log segment /workdir/hadoop-ozone/integration-test/target/test-dir/MiniOzoneClusterImpl-a60b818f-4dd1-4965-bff3-fb44efcd9a0b/datanode-6/data/ratis/4b77ec67-26c8-476b-9813-9226f635a431/current/log_inprogress_0
2019-10-02 10:23:07,741 [298c2419-298a-4ac1-a348-589b955770c1@group-9226F635A431-SegmentedRaftLogWorker] INFO  segmented.SegmentedRaftLogWorker (SegmentedRaftLogWorker.java:execute(574)) - 298c2419-298a-4ac1-a348-589b955770c1@group-9226F635A431-SegmentedRaftLogWorker: created new log segment /workdir/hadoop-ozone/integration-test/target/test-dir/MiniOzoneClusterImpl-a60b818f-4dd1-4965-bff3-fb44efcd9a0b/datanode-5/data/ratis/4b77ec67-26c8-476b-9813-9226f635a431/current/log_inprogress_0
2019-10-02 10:23:11,171 [java.util.concurrent.ThreadPoolExecutor$Worker@5e40244e[State = -1, empty queue]] ERROR client.GrpcClientProtocolClient (GrpcClientProtocolClient.java:close(148)) - Unexpected exception while waiting for channel termination
java.lang.InterruptedException
	at java.util.concurrent.locks.AbstractQueuedSynchronizer.tryAcquireSharedNanos(AbstractQueuedSynchronizer.java:1326)
	at java.util.concurrent.CountDownLatch.await(CountDownLatch.java:277)
	at org.apache.ratis.thirdparty.io.grpc.internal.ManagedChannelImpl.awaitTermination(ManagedChannelImpl.java:763)
	at org.apache.ratis.thirdparty.io.grpc.internal.ForwardingManagedChannel.awaitTermination(ForwardingManagedChannel.java:57)
	at org.apache.ratis.thirdparty.io.grpc.internal.ManagedChannelOrphanWrapper.awaitTermination(ManagedChannelOrphanWrapper.java:70)
	at org.apache.ratis.grpc.client.GrpcClientProtocolClient.close(GrpcClientProtocolClient.java:146)
	at org.apache.ratis.util.PeerProxyMap$PeerAndProxy.lambda$close$1(PeerProxyMap.java:74)
	at org.apache.ratis.util.LifeCycle.lambda$checkStateAndClose$2(LifeCycle.java:231)
	at org.apache.ratis.util.LifeCycle.checkStateAndClose(LifeCycle.java:251)
	at org.apache.ratis.util.LifeCycle.checkStateAndClose(LifeCycle.java:229)
	at org.apache.ratis.util.PeerProxyMap$PeerAndProxy.close(PeerProxyMap.java:70)
	at org.apache.ratis.util.PeerProxyMap.resetProxy(PeerProxyMap.java:127)
	at org.apache.ratis.util.PeerProxyMap.handleException(PeerProxyMap.java:136)
	at org.apache.ratis.client.impl.RaftClientRpcWithProxy.handleException(RaftClientRpcWithProxy.java:47)
	at org.apache.ratis.client.impl.RaftClientImpl.handleIOException(RaftClientImpl.java:372)
	at org.apache.ratis.client.impl.OrderedAsync.lambda$sendRequest$10(OrderedAsync.java:236)
	at java.util.concurrent.CompletableFuture.uniExceptionally(CompletableFuture.java:870)
	at java.util.concurrent.CompletableFuture$UniExceptionally.tryFire(CompletableFuture.java:852)
	at java.util.concurrent.CompletableFuture.postComplete(CompletableFuture.java:474)
	at java.util.concurrent.CompletableFuture.completeExceptionally(CompletableFuture.java:1977)
	at org.apache.ratis.grpc.client.GrpcClientProtocolClient$AsyncStreamObservers.lambda$timeoutCheck$3(GrpcClientProtocolClient.java:324)
	at java.util.Optional.ifPresent(Optional.java:159)
	at org.apache.ratis.grpc.client.GrpcClientProtocolClient$AsyncStreamObservers.handleReplyFuture(GrpcClientProtocolClient.java:329)
	at org.apache.ratis.grpc.client.GrpcClientProtocolClient$AsyncStreamObservers.timeoutCheck(GrpcClientProtocolClient.java:324)
	at org.apache.ratis.grpc.client.GrpcClientProtocolClient$AsyncStreamObservers.lambda$onNext$1(GrpcClientProtocolClient.java:318)
	at org.apache.ratis.util.TimeoutScheduler.lambda$onTimeout$0(TimeoutScheduler.java:113)
	at org.apache.ratis.util.TimeoutScheduler.lambda$onTimeout$1(TimeoutScheduler.java:133)
	at org.apache.ratis.util.LogUtils.runAndLog(LogUtils.java:50)
	at org.apache.ratis.util.LogUtils$1.run(LogUtils.java:91)
	at java.util.concurrent.Executors$RunnableAdapter.call(Executors.java:511)
	at java.util.concurrent.FutureTask.run(FutureTask.java:266)
	at java.util.concurrent.ScheduledThreadPoolExecutor$ScheduledFutureTask.access$201(ScheduledThreadPoolExecutor.java:180)
	at java.util.concurrent.ScheduledThreadPoolExecutor$ScheduledFutureTask.run(ScheduledThreadPoolExecutor.java:293)
	at java.util.concurrent.ThreadPoolExecutor.runWorker(ThreadPoolExecutor.java:1149)
	at java.util.concurrent.ThreadPoolExecutor$Worker.run(ThreadPoolExecutor.java:624)
	at java.lang.Thread.run(Thread.java:748)
2019-10-02 10:23:11,172 [java.util.concurrent.ThreadPoolExecutor$Worker@5e40244e[State = -1, empty queue]] WARN  util.TimeoutScheduler (LogUtils.java:runAndLog(55)) - Failed to task #0: java.lang.NullPointerException
2019-10-02 10:23:15,208 [java.util.concurrent.ThreadPoolExecutor$Worker@7be7e7ad[State = -1, empty queue]] ERROR client.GrpcClientProtocolClient (GrpcClientProtocolClient.java:close(148)) - Unexpected exception while waiting for channel termination
java.lang.InterruptedException
	at java.util.concurrent.locks.AbstractQueuedSynchronizer.tryAcquireSharedNanos(AbstractQueuedSynchronizer.java:1326)
	at java.util.concurrent.CountDownLatch.await(CountDownLatch.java:277)
	at org.apache.ratis.thirdparty.io.grpc.internal.ManagedChannelImpl.awaitTermination(ManagedChannelImpl.java:763)
	at org.apache.ratis.thirdparty.io.grpc.internal.ForwardingManagedChannel.awaitTermination(ForwardingManagedChannel.java:57)
	at org.apache.ratis.thirdparty.io.grpc.internal.ManagedChannelOrphanWrapper.awaitTermination(ManagedChannelOrphanWrapper.java:70)
	at org.apache.ratis.grpc.client.GrpcClientProtocolClient.close(GrpcClientProtocolClient.java:146)
	at org.apache.ratis.util.PeerProxyMap$PeerAndProxy.lambda$close$1(PeerProxyMap.java:74)
	at org.apache.ratis.util.LifeCycle.lambda$checkStateAndClose$2(LifeCycle.java:231)
	at org.apache.ratis.util.LifeCycle.checkStateAndClose(LifeCycle.java:251)
	at org.apache.ratis.util.LifeCycle.checkStateAndClose(LifeCycle.java:229)
	at org.apache.ratis.util.PeerProxyMap$PeerAndProxy.close(PeerProxyMap.java:70)
	at org.apache.ratis.util.PeerProxyMap.resetProxy(PeerProxyMap.java:127)
	at org.apache.ratis.util.PeerProxyMap.handleException(PeerProxyMap.java:136)
	at org.apache.ratis.client.impl.RaftClientRpcWithProxy.handleException(RaftClientRpcWithProxy.java:47)
	at org.apache.ratis.client.impl.RaftClientImpl.handleIOException(RaftClientImpl.java:372)
	at org.apache.ratis.client.impl.OrderedAsync.lambda$sendRequest$10(OrderedAsync.java:236)
	at java.util.concurrent.CompletableFuture.uniExceptionally(CompletableFuture.java:870)
	at java.util.concurrent.CompletableFuture$UniExceptionally.tryFire(CompletableFuture.java:852)
	at java.util.concurrent.CompletableFuture.postComplete(CompletableFuture.java:474)
	at java.util.concurrent.CompletableFuture.completeExceptionally(CompletableFuture.java:1977)
	at org.apache.ratis.grpc.client.GrpcClientProtocolClient$AsyncStreamObservers.lambda$timeoutCheck$3(GrpcClientProtocolClient.java:324)
	at java.util.Optional.ifPresent(Optional.java:159)
	at org.apache.ratis.grpc.client.GrpcClientProtocolClient$AsyncStreamObservers.handleReplyFuture(GrpcClientProtocolClient.java:329)
	at org.apache.ratis.grpc.client.GrpcClientProtocolClient$AsyncStreamObservers.timeoutCheck(GrpcClientProtocolClient.java:324)
	at org.apache.ratis.grpc.client.GrpcClientProtocolClient$AsyncStreamObservers.lambda$onNext$1(GrpcClientProtocolClient.java:318)
	at org.apache.ratis.util.TimeoutScheduler.lambda$onTimeout$0(TimeoutScheduler.java:113)
	at org.apache.ratis.util.TimeoutScheduler.lambda$onTimeout$1(TimeoutScheduler.java:133)
	at org.apache.ratis.util.LogUtils.runAndLog(LogUtils.java:50)
	at org.apache.ratis.util.LogUtils$1.run(LogUtils.java:91)
	at java.util.concurrent.Executors$RunnableAdapter.call(Executors.java:511)
	at java.util.concurrent.FutureTask.run(FutureTask.java:266)
	at java.util.concurrent.ScheduledThreadPoolExecutor$ScheduledFutureTask.access$201(ScheduledThreadPoolExecutor.java:180)
	at java.util.concurrent.ScheduledThreadPoolExecutor$ScheduledFutureTask.run(ScheduledThreadPoolExecutor.java:293)
	at java.util.concurrent.ThreadPoolExecutor.runWorker(ThreadPoolExecutor.java:1149)
	at java.util.concurrent.ThreadPoolExecutor$Worker.run(ThreadPoolExecutor.java:624)
	at java.lang.Thread.run(Thread.java:748)
2019-10-02 10:23:15,211 [java.util.concurrent.ThreadPoolExecutor$Worker@7be7e7ad[State = -1, empty queue]] WARN  util.TimeoutScheduler (LogUtils.java:runAndLog(55)) - Failed to task #0: java.lang.NullPointerException
2019-10-02 10:23:19,247 [java.util.concurrent.ThreadPoolExecutor$Worker@2d3fe72f[State = -1, empty queue]] ERROR client.GrpcClientProtocolClient (GrpcClientProtocolClient.java:close(148)) - Unexpected exception while waiting for channel termination
java.lang.InterruptedException
	at java.util.concurrent.locks.AbstractQueuedSynchronizer.tryAcquireSharedNanos(AbstractQueuedSynchronizer.java:1326)
	at java.util.concurrent.CountDownLatch.await(CountDownLatch.java:277)
	at org.apache.ratis.thirdparty.io.grpc.internal.ManagedChannelImpl.awaitTermination(ManagedChannelImpl.java:763)
	at org.apache.ratis.thirdparty.io.grpc.internal.ForwardingManagedChannel.awaitTermination(ForwardingManagedChannel.java:57)
	at org.apache.ratis.thirdparty.io.grpc.internal.ManagedChannelOrphanWrapper.awaitTermination(ManagedChannelOrphanWrapper.java:70)
	at org.apache.ratis.grpc.client.GrpcClientProtocolClient.close(GrpcClientProtocolClient.java:146)
	at org.apache.ratis.util.PeerProxyMap$PeerAndProxy.lambda$close$1(PeerProxyMap.java:74)
	at org.apache.ratis.util.LifeCycle.lambda$checkStateAndClose$2(LifeCycle.java:231)
	at org.apache.ratis.util.LifeCycle.checkStateAndClose(LifeCycle.java:251)
	at org.apache.ratis.util.LifeCycle.checkStateAndClose(LifeCycle.java:229)
	at org.apache.ratis.util.PeerProxyMap$PeerAndProxy.close(PeerProxyMap.java:70)
	at org.apache.ratis.util.PeerProxyMap.resetProxy(PeerProxyMap.java:127)
	at org.apache.ratis.util.PeerProxyMap.handleException(PeerProxyMap.java:136)
	at org.apache.ratis.client.impl.RaftClientRpcWithProxy.handleException(RaftClientRpcWithProxy.java:47)
	at org.apache.ratis.client.impl.RaftClientImpl.handleIOException(RaftClientImpl.java:372)
	at org.apache.ratis.client.impl.OrderedAsync.lambda$sendRequest$10(OrderedAsync.java:236)
	at java.util.concurrent.CompletableFuture.uniExceptionally(CompletableFuture.java:870)
	at java.util.concurrent.CompletableFuture$UniExceptionally.tryFire(CompletableFuture.java:852)
	at java.util.concurrent.CompletableFuture.postComplete(CompletableFuture.java:474)
	at java.util.concurrent.CompletableFuture.completeExceptionally(CompletableFuture.java:1977)
	at org.apache.ratis.grpc.client.GrpcClientProtocolClient$AsyncStreamObservers.lambda$timeoutCheck$3(GrpcClientProtocolClient.java:324)
	at java.util.Optional.ifPresent(Optional.java:159)
	at org.apache.ratis.grpc.client.GrpcClientProtocolClient$AsyncStreamObservers.handleReplyFuture(GrpcClientProtocolClient.java:329)
	at org.apache.ratis.grpc.client.GrpcClientProtocolClient$AsyncStreamObservers.timeoutCheck(GrpcClientProtocolClient.java:324)
	at org.apache.ratis.grpc.client.GrpcClientProtocolClient$AsyncStreamObservers.lambda$onNext$1(GrpcClientProtocolClient.java:318)
	at org.apache.ratis.util.TimeoutScheduler.lambda$onTimeout$0(TimeoutScheduler.java:113)
	at org.apache.ratis.util.TimeoutScheduler.lambda$onTimeout$1(TimeoutScheduler.java:133)
	at org.apache.ratis.util.LogUtils.runAndLog(LogUtils.java:50)
	at org.apache.ratis.util.LogUtils$1.run(LogUtils.java:91)
	at java.util.concurrent.Executors$RunnableAdapter.call(Executors.java:511)
	at java.util.concurrent.FutureTask.run(FutureTask.java:266)
	at java.util.concurrent.ScheduledThreadPoolExecutor$ScheduledFutureTask.access$201(ScheduledThreadPoolExecutor.java:180)
	at java.util.concurrent.ScheduledThreadPoolExecutor$ScheduledFutureTask.run(ScheduledThreadPoolExecutor.java:293)
	at java.util.concurrent.ThreadPoolExecutor.runWorker(ThreadPoolExecutor.java:1149)
	at java.util.concurrent.ThreadPoolExecutor$Worker.run(ThreadPoolExecutor.java:624)
	at java.lang.Thread.run(Thread.java:748)
2019-10-02 10:23:19,248 [java.util.concurrent.ThreadPoolExecutor$Worker@2d3fe72f[State = -1, empty queue]] WARN  util.TimeoutScheduler (LogUtils.java:runAndLog(55)) - Failed to task #0: java.lang.NullPointerException
2019-10-02 10:23:23,284 [java.util.concurrent.ThreadPoolExecutor$Worker@5119646f[State = -1, empty queue]] ERROR client.GrpcClientProtocolClient (GrpcClientProtocolClient.java:close(148)) - Unexpected exception while waiting for channel termination
java.lang.InterruptedException
	at java.util.concurrent.locks.AbstractQueuedSynchronizer.tryAcquireSharedNanos(AbstractQueuedSynchronizer.java:1326)
	at java.util.concurrent.CountDownLatch.await(CountDownLatch.java:277)
	at org.apache.ratis.thirdparty.io.grpc.internal.ManagedChannelImpl.awaitTermination(ManagedChannelImpl.java:763)
	at org.apache.ratis.thirdparty.io.grpc.internal.ForwardingManagedChannel.awaitTermination(ForwardingManagedChannel.java:57)
	at org.apache.ratis.thirdparty.io.grpc.internal.ManagedChannelOrphanWrapper.awaitTermination(ManagedChannelOrphanWrapper.java:70)
	at org.apache.ratis.grpc.client.GrpcClientProtocolClient.close(GrpcClientProtocolClient.java:146)
	at org.apache.ratis.util.PeerProxyMap$PeerAndProxy.lambda$close$1(PeerProxyMap.java:74)
	at org.apache.ratis.util.LifeCycle.lambda$checkStateAndClose$2(LifeCycle.java:231)
	at org.apache.ratis.util.LifeCycle.checkStateAndClose(LifeCycle.java:251)
	at org.apache.ratis.util.LifeCycle.checkStateAndClose(LifeCycle.java:229)
	at org.apache.ratis.util.PeerProxyMap$PeerAndProxy.close(PeerProxyMap.java:70)
	at org.apache.ratis.util.PeerProxyMap.resetProxy(PeerProxyMap.java:127)
	at org.apache.ratis.util.PeerProxyMap.handleException(PeerProxyMap.java:136)
	at org.apache.ratis.client.impl.RaftClientRpcWithProxy.handleException(RaftClientRpcWithProxy.java:47)
	at org.apache.ratis.client.impl.RaftClientImpl.handleIOException(RaftClientImpl.java:372)
	at org.apache.ratis.client.impl.OrderedAsync.lambda$sendRequest$10(OrderedAsync.java:236)
	at java.util.concurrent.CompletableFuture.uniExceptionally(CompletableFuture.java:870)
	at java.util.concurrent.CompletableFuture$UniExceptionally.tryFire(CompletableFuture.java:852)
	at java.util.concurrent.CompletableFuture.postComplete(CompletableFuture.java:474)
	at java.util.concurrent.CompletableFuture.completeExceptionally(CompletableFuture.java:1977)
	at org.apache.ratis.grpc.client.GrpcClientProtocolClient$AsyncStreamObservers.lambda$timeoutCheck$3(GrpcClientProtocolClient.java:324)
	at java.util.Optional.ifPresent(Optional.java:159)
	at org.apache.ratis.grpc.client.GrpcClientProtocolClient$AsyncStreamObservers.handleReplyFuture(GrpcClientProtocolClient.java:329)
	at org.apache.ratis.grpc.client.GrpcClientProtocolClient$AsyncStreamObservers.timeoutCheck(GrpcClientProtocolClient.java:324)
	at org.apache.ratis.grpc.client.GrpcClientProtocolClient$AsyncStreamObservers.lambda$onNext$1(GrpcClientProtocolClient.java:318)
	at org.apache.ratis.util.TimeoutScheduler.lambda$onTimeout$0(TimeoutScheduler.java:113)
	at org.apache.ratis.util.TimeoutScheduler.lambda$onTimeout$1(TimeoutScheduler.java:133)
	at org.apache.ratis.util.LogUtils.runAndLog(LogUtils.java:50)
	at org.apache.ratis.util.LogUtils$1.run(LogUtils.java:91)
	at java.util.concurrent.Executors$RunnableAdapter.call(Executors.java:511)
	at java.util.concurrent.FutureTask.run(FutureTask.java:266)
	at java.util.concurrent.ScheduledThreadPoolExecutor$ScheduledFutureTask.access$201(ScheduledThreadPoolExecutor.java:180)
	at java.util.concurrent.ScheduledThreadPoolExecutor$ScheduledFutureTask.run(ScheduledThreadPoolExecutor.java:293)
	at java.util.concurrent.ThreadPoolExecutor.runWorker(ThreadPoolExecutor.java:1149)
	at java.util.concurrent.ThreadPoolExecutor$Worker.run(ThreadPoolExecutor.java:624)
	at java.lang.Thread.run(Thread.java:748)
2019-10-02 10:23:23,288 [java.util.concurrent.ThreadPoolExecutor$Worker@5119646f[State = -1, empty queue]] WARN  util.TimeoutScheduler (LogUtils.java:runAndLog(55)) - Failed to task #0: java.lang.NullPointerException
2019-10-02 10:23:27,325 [java.util.concurrent.ThreadPoolExecutor$Worker@7c80eedf[State = -1, empty queue]] ERROR client.GrpcClientProtocolClient (GrpcClientProtocolClient.java:close(148)) - Unexpected exception while waiting for channel termination
java.lang.InterruptedException
	at java.util.concurrent.locks.AbstractQueuedSynchronizer.tryAcquireSharedNanos(AbstractQueuedSynchronizer.java:1326)
	at java.util.concurrent.CountDownLatch.await(CountDownLatch.java:277)
	at org.apache.ratis.thirdparty.io.grpc.internal.ManagedChannelImpl.awaitTermination(ManagedChannelImpl.java:763)
	at org.apache.ratis.thirdparty.io.grpc.internal.ForwardingManagedChannel.awaitTermination(ForwardingManagedChannel.java:57)
	at org.apache.ratis.thirdparty.io.grpc.internal.ManagedChannelOrphanWrapper.awaitTermination(ManagedChannelOrphanWrapper.java:70)
	at org.apache.ratis.grpc.client.GrpcClientProtocolClient.close(GrpcClientProtocolClient.java:146)
	at org.apache.ratis.util.PeerProxyMap$PeerAndProxy.lambda$close$1(PeerProxyMap.java:74)
	at org.apache.ratis.util.LifeCycle.lambda$checkStateAndClose$2(LifeCycle.java:231)
	at org.apache.ratis.util.LifeCycle.checkStateAndClose(LifeCycle.java:251)
	at org.apache.ratis.util.LifeCycle.checkStateAndClose(LifeCycle.java:229)
	at org.apache.ratis.util.PeerProxyMap$PeerAndProxy.close(PeerProxyMap.java:70)
	at org.apache.ratis.util.PeerProxyMap.resetProxy(PeerProxyMap.java:127)
	at org.apache.ratis.util.PeerProxyMap.handleException(PeerProxyMap.java:136)
	at org.apache.ratis.client.impl.RaftClientRpcWithProxy.handleException(RaftClientRpcWithProxy.java:47)
	at org.apache.ratis.client.impl.RaftClientImpl.handleIOException(RaftClientImpl.java:372)
	at org.apache.ratis.client.impl.OrderedAsync.lambda$sendRequest$10(OrderedAsync.java:236)
	at java.util.concurrent.CompletableFuture.uniExceptionally(CompletableFuture.java:870)
	at java.util.concurrent.CompletableFuture$UniExceptionally.tryFire(CompletableFuture.java:852)
	at java.util.concurrent.CompletableFuture.postComplete(CompletableFuture.java:474)
	at java.util.concurrent.CompletableFuture.completeExceptionally(CompletableFuture.java:1977)
	at org.apache.ratis.grpc.client.GrpcClientProtocolClient$AsyncStreamObservers.lambda$timeoutCheck$3(GrpcClientProtocolClient.java:324)
	at java.util.Optional.ifPresent(Optional.java:159)
	at org.apache.ratis.grpc.client.GrpcClientProtocolClient$AsyncStreamObservers.handleReplyFuture(GrpcClientProtocolClient.java:329)
	at org.apache.ratis.grpc.client.GrpcClientProtocolClient$AsyncStreamObservers.timeoutCheck(GrpcClientProtocolClient.java:324)
	at org.apache.ratis.grpc.client.GrpcClientProtocolClient$AsyncStreamObservers.lambda$onNext$1(GrpcClientProtocolClient.java:318)
	at org.apache.ratis.util.TimeoutScheduler.lambda$onTimeout$0(TimeoutScheduler.java:113)
	at org.apache.ratis.util.TimeoutScheduler.lambda$onTimeout$1(TimeoutScheduler.java:133)
	at org.apache.ratis.util.LogUtils.runAndLog(LogUtils.java:50)
	at org.apache.ratis.util.LogUtils$1.run(LogUtils.java:91)
	at java.util.concurrent.Executors$RunnableAdapter.call(Executors.java:511)
	at java.util.concurrent.FutureTask.run(FutureTask.java:266)
	at java.util.concurrent.ScheduledThreadPoolExecutor$ScheduledFutureTask.access$201(ScheduledThreadPoolExecutor.java:180)
	at java.util.concurrent.ScheduledThreadPoolExecutor$ScheduledFutureTask.run(ScheduledThreadPoolExecutor.java:293)
	at java.util.concurrent.ThreadPoolExecutor.runWorker(ThreadPoolExecutor.java:1149)
	at java.util.concurrent.ThreadPoolExecutor$Worker.run(ThreadPoolExecutor.java:624)
	at java.lang.Thread.run(Thread.java:748)
2019-10-02 10:23:27,329 [java.util.concurrent.ThreadPoolExecutor$Worker@7c80eedf[State = -1, empty queue]] WARN  util.TimeoutScheduler (LogUtils.java:runAndLog(55)) - Failed to task #0: java.lang.NullPointerException
2019-10-02 10:23:31,368 [java.util.concurrent.ThreadPoolExecutor$Worker@4b9f68df[State = -1, empty queue]] ERROR client.GrpcClientProtocolClient (GrpcClientProtocolClient.java:close(148)) - Unexpected exception while waiting for channel termination
java.lang.InterruptedException
	at java.util.concurrent.locks.AbstractQueuedSynchronizer.tryAcquireSharedNanos(AbstractQueuedSynchronizer.java:1326)
	at java.util.concurrent.CountDownLatch.await(CountDownLatch.java:277)
	at org.apache.ratis.thirdparty.io.grpc.internal.ManagedChannelImpl.awaitTermination(ManagedChannelImpl.java:763)
	at org.apache.ratis.thirdparty.io.grpc.internal.ForwardingManagedChannel.awaitTermination(ForwardingManagedChannel.java:57)
	at org.apache.ratis.thirdparty.io.grpc.internal.ManagedChannelOrphanWrapper.awaitTermination(ManagedChannelOrphanWrapper.java:70)
	at org.apache.ratis.grpc.client.GrpcClientProtocolClient.close(GrpcClientProtocolClient.java:146)
	at org.apache.ratis.util.PeerProxyMap$PeerAndProxy.lambda$close$1(PeerProxyMap.java:74)
	at org.apache.ratis.util.LifeCycle.lambda$checkStateAndClose$2(LifeCycle.java:231)
	at org.apache.ratis.util.LifeCycle.checkStateAndClose(LifeCycle.java:251)
	at org.apache.ratis.util.LifeCycle.checkStateAndClose(LifeCycle.java:229)
	at org.apache.ratis.util.PeerProxyMap$PeerAndProxy.close(PeerProxyMap.java:70)
	at org.apache.ratis.util.PeerProxyMap.resetProxy(PeerProxyMap.java:127)
	at org.apache.ratis.util.PeerProxyMap.handleException(PeerProxyMap.java:136)
	at org.apache.ratis.client.impl.RaftClientRpcWithProxy.handleException(RaftClientRpcWithProxy.java:47)
	at org.apache.ratis.client.impl.RaftClientImpl.handleIOException(RaftClientImpl.java:372)
	at org.apache.ratis.client.impl.OrderedAsync.lambda$sendRequest$10(OrderedAsync.java:236)
	at java.util.concurrent.CompletableFuture.uniExceptionally(CompletableFuture.java:870)
	at java.util.concurrent.CompletableFuture$UniExceptionally.tryFire(CompletableFuture.java:852)
	at java.util.concurrent.CompletableFuture.postComplete(CompletableFuture.java:474)
	at java.util.concurrent.CompletableFuture.completeExceptionally(CompletableFuture.java:1977)
	at org.apache.ratis.grpc.client.GrpcClientProtocolClient$AsyncStreamObservers.lambda$timeoutCheck$3(GrpcClientProtocolClient.java:324)
	at java.util.Optional.ifPresent(Optional.java:159)
	at org.apache.ratis.grpc.client.GrpcClientProtocolClient$AsyncStreamObservers.handleReplyFuture(GrpcClientProtocolClient.java:329)
	at org.apache.ratis.grpc.client.GrpcClientProtocolClient$AsyncStreamObservers.timeoutCheck(GrpcClientProtocolClient.java:324)
	at org.apache.ratis.grpc.client.GrpcClientProtocolClient$AsyncStreamObservers.lambda$onNext$1(GrpcClientProtocolClient.java:318)
	at org.apache.ratis.util.TimeoutScheduler.lambda$onTimeout$0(TimeoutScheduler.java:113)
	at org.apache.ratis.util.TimeoutScheduler.lambda$onTimeout$1(TimeoutScheduler.java:133)
	at org.apache.ratis.util.LogUtils.runAndLog(LogUtils.java:50)
	at org.apache.ratis.util.LogUtils$1.run(LogUtils.java:91)
	at java.util.concurrent.Executors$RunnableAdapter.call(Executors.java:511)
	at java.util.concurrent.FutureTask.run(FutureTask.java:266)
	at java.util.concurrent.ScheduledThreadPoolExecutor$ScheduledFutureTask.access$201(ScheduledThreadPoolExecutor.java:180)
	at java.util.concurrent.ScheduledThreadPoolExecutor$ScheduledFutureTask.run(ScheduledThreadPoolExecutor.java:293)
	at java.util.concurrent.ThreadPoolExecutor.runWorker(ThreadPoolExecutor.java:1149)
	at java.util.concurrent.ThreadPoolExecutor$Worker.run(ThreadPoolExecutor.java:624)
	at java.lang.Thread.run(Thread.java:748)
2019-10-02 10:23:31,371 [java.util.concurrent.ThreadPoolExecutor$Worker@4b9f68df[State = -1, empty queue]] WARN  util.TimeoutScheduler (LogUtils.java:runAndLog(55)) - Failed to task #0: java.lang.NullPointerException
2019-10-02 10:23:35,424 [java.util.concurrent.ThreadPoolExecutor$Worker@57730122[State = -1, empty queue]] ERROR client.GrpcClientProtocolClient (GrpcClientProtocolClient.java:close(148)) - Unexpected exception while waiting for channel termination
java.lang.InterruptedException
	at java.util.concurrent.locks.AbstractQueuedSynchronizer.tryAcquireSharedNanos(AbstractQueuedSynchronizer.java:1326)
	at java.util.concurrent.CountDownLatch.await(CountDownLatch.java:277)
	at org.apache.ratis.thirdparty.io.grpc.internal.ManagedChannelImpl.awaitTermination(ManagedChannelImpl.java:763)
	at org.apache.ratis.thirdparty.io.grpc.internal.ForwardingManagedChannel.awaitTermination(ForwardingManagedChannel.java:57)
	at org.apache.ratis.thirdparty.io.grpc.internal.ManagedChannelOrphanWrapper.awaitTermination(ManagedChannelOrphanWrapper.java:70)
	at org.apache.ratis.grpc.client.GrpcClientProtocolClient.close(GrpcClientProtocolClient.java:146)
	at org.apache.ratis.util.PeerProxyMap$PeerAndProxy.lambda$close$1(PeerProxyMap.java:74)
	at org.apache.ratis.util.LifeCycle.lambda$checkStateAndClose$2(LifeCycle.java:231)
	at org.apache.ratis.util.LifeCycle.checkStateAndClose(LifeCycle.java:251)
	at org.apache.ratis.util.LifeCycle.checkStateAndClose(LifeCycle.java:229)
	at org.apache.ratis.util.PeerProxyMap$PeerAndProxy.close(PeerProxyMap.java:70)
	at org.apache.ratis.util.PeerProxyMap.resetProxy(PeerProxyMap.java:127)
	at org.apache.ratis.util.PeerProxyMap.handleException(PeerProxyMap.java:136)
	at org.apache.ratis.client.impl.RaftClientRpcWithProxy.handleException(RaftClientRpcWithProxy.java:47)
	at org.apache.ratis.client.impl.RaftClientImpl.handleIOException(RaftClientImpl.java:372)
	at org.apache.ratis.client.impl.OrderedAsync.lambda$sendRequest$10(OrderedAsync.java:236)
	at java.util.concurrent.CompletableFuture.uniExceptionally(CompletableFuture.java:870)
	at java.util.concurrent.CompletableFuture$UniExceptionally.tryFire(CompletableFuture.java:852)
	at java.util.concurrent.CompletableFuture.postComplete(CompletableFuture.java:474)
	at java.util.concurrent.CompletableFuture.completeExceptionally(CompletableFuture.java:1977)
	at org.apache.ratis.grpc.client.GrpcClientProtocolClient$AsyncStreamObservers.lambda$timeoutCheck$3(GrpcClientProtocolClient.java:324)
	at java.util.Optional.ifPresent(Optional.java:159)
	at org.apache.ratis.grpc.client.GrpcClientProtocolClient$AsyncStreamObservers.handleReplyFuture(GrpcClientProtocolClient.java:329)
	at org.apache.ratis.grpc.client.GrpcClientProtocolClient$AsyncStreamObservers.timeoutCheck(GrpcClientProtocolClient.java:324)
	at org.apache.ratis.grpc.client.GrpcClientProtocolClient$AsyncStreamObservers.lambda$onNext$1(GrpcClientProtocolClient.java:318)
	at org.apache.ratis.util.TimeoutScheduler.lambda$onTimeout$0(TimeoutScheduler.java:113)
	at org.apache.ratis.util.TimeoutScheduler.lambda$onTimeout$1(TimeoutScheduler.java:133)
	at org.apache.ratis.util.LogUtils.runAndLog(LogUtils.java:50)
	at org.apache.ratis.util.LogUtils$1.run(LogUtils.java:91)
	at java.util.concurrent.Executors$RunnableAdapter.call(Executors.java:511)
	at java.util.concurrent.FutureTask.run(FutureTask.java:266)
	at java.util.concurrent.ScheduledThreadPoolExecutor$ScheduledFutureTask.access$201(ScheduledThreadPoolExecutor.java:180)
	at java.util.concurrent.ScheduledThreadPoolExecutor$ScheduledFutureTask.run(ScheduledThreadPoolExecutor.java:293)
	at java.util.concurrent.ThreadPoolExecutor.runWorker(ThreadPoolExecutor.java:1149)
	at java.util.concurrent.ThreadPoolExecutor$Worker.run(ThreadPoolExecutor.java:624)
	at java.lang.Thread.run(Thread.java:748)
2019-10-02 10:23:35,427 [java.util.concurrent.ThreadPoolExecutor$Worker@57730122[State = -1, empty queue]] WARN  util.TimeoutScheduler (LogUtils.java:runAndLog(55)) - Failed to task #0: java.lang.NullPointerException
2019-10-02 10:23:38,019 [grpc-default-executor-10] INFO  impl.RaftServerProxy (RaftServerProxy.java:remove(95)) - 298c2419-298a-4ac1-a348-589b955770c1: remove  FOLLOWER 298c2419-298a-4ac1-a348-589b955770c1@group-ACEF7C529229:t8, leader=cc1fcddd-974e-4515-9faf-cb0b34c0ae51, voted=cc1fcddd-974e-4515-9faf-cb0b34c0ae51, raftlog=298c2419-298a-4ac1-a348-589b955770c1@group-ACEF7C529229-SegmentedRaftLog:OPENED:c0,f2,i2, conf=0: [cc1fcddd-974e-4515-9faf-cb0b34c0ae51:192.168.151.92:40331, 298c2419-298a-4ac1-a348-589b955770c1:192.168.151.92:40159, b70c9021-8da6-41e6-a976-daf4f7fbddb8:192.168.151.92:38657], old=null RUNNING
2019-10-02 10:23:38,020 [grpc-default-executor-10] INFO  impl.RaftServerImpl (RaftServerImpl.java:lambda$shutdown$3(247)) - 298c2419-298a-4ac1-a348-589b955770c1@group-ACEF7C529229: shutdown
2019-10-02 10:23:38,020 [grpc-default-executor-10] INFO  util.JmxRegister (JmxRegister.java:unregister(73)) - Successfully un-registered JMX Bean with object name Ratis:service=RaftServer,group=group-ACEF7C529229,id=298c2419-298a-4ac1-a348-589b955770c1
2019-10-02 10:23:38,021 [grpc-default-executor-10] INFO  impl.RoleInfo (RoleInfo.java:shutdownFollowerState(121)) - 298c2419-298a-4ac1-a348-589b955770c1: shutdown FollowerState
2019-10-02 10:23:38,021 [Thread-861] INFO  impl.FollowerState (FollowerState.java:run(117)) - 298c2419-298a-4ac1-a348-589b955770c1@group-ACEF7C529229-FollowerState was interrupted: java.lang.InterruptedException: sleep interrupted
2019-10-02 10:23:38,029 [grpc-default-executor-10] INFO  impl.StateMachineUpdater (StateMachineUpdater.java:stopAndJoin(136)) - 298c2419-298a-4ac1-a348-589b955770c1@group-ACEF7C529229-StateMachineUpdater: set stopIndex = 0
2019-10-02 10:23:38,029 [grpc-default-executor-10] INFO  impl.RaftServerImpl (ServerState.java:close(387)) - 298c2419-298a-4ac1-a348-589b955770c1@group-ACEF7C529229: closes. applyIndex: 0
2019-10-02 10:23:38,030 [298c2419-298a-4ac1-a348-589b955770c1@group-ACEF7C529229-SegmentedRaftLogWorker] INFO  segmented.SegmentedRaftLogWorker (SegmentedRaftLogWorker.java:run(316)) - 298c2419-298a-4ac1-a348-589b955770c1@group-ACEF7C529229-SegmentedRaftLogWorker was interrupted, exiting. There are 0 tasks remaining in the queue.
2019-10-02 10:23:38,033 [grpc-default-executor-10] INFO  segmented.SegmentedRaftLogWorker (SegmentedRaftLogWorker.java:close(224)) - 298c2419-298a-4ac1-a348-589b955770c1@group-ACEF7C529229-SegmentedRaftLogWorker close()
2019-10-02 10:23:38,117 [grpc-default-executor-10] INFO  interfaces.Container (KeyValueContainer.java:flushAndSyncDB(386)) - Container 4 is synced with bcsId 0.
2019-10-02 10:23:38,118 [grpc-default-executor-10] INFO  interfaces.Container (KeyValueContainer.java:flushAndSyncDB(386)) - Container 4 is synced with bcsId 0.
2019-10-02 10:23:38,125 [EventQueue-IncrementalContainerReportForIncrementalContainerReportHandler] INFO  container.IncrementalContainerReportHandler (AbstractContainerReportHandler.java:updateContainerState(169)) - Moving container #4 to QUASI_CLOSED state, datanode 298c2419-298a-4ac1-a348-589b955770c1{ip: 192.168.151.92, host: pr-trunk-gg4kw-413187789, networkLocation: /default-rack, certSerialId: null} reported QUASI_CLOSED replica.
2019-10-02 10:23:38,133 [grpc-default-executor-10] INFO  impl.RaftServerProxy (RaftServerProxy.java:remove(95)) - b70c9021-8da6-41e6-a976-daf4f7fbddb8: remove  FOLLOWER b70c9021-8da6-41e6-a976-daf4f7fbddb8@group-ACEF7C529229:t8, leader=cc1fcddd-974e-4515-9faf-cb0b34c0ae51, voted=b70c9021-8da6-41e6-a976-daf4f7fbddb8, raftlog=b70c9021-8da6-41e6-a976-daf4f7fbddb8@group-ACEF7C529229-SegmentedRaftLog:OPENED:c0,f2,i2, conf=0: [cc1fcddd-974e-4515-9faf-cb0b34c0ae51:192.168.151.92:40331, 298c2419-298a-4ac1-a348-589b955770c1:192.168.151.92:40159, b70c9021-8da6-41e6-a976-daf4f7fbddb8:192.168.151.92:38657], old=null RUNNING
2019-10-02 10:23:38,133 [grpc-default-executor-10] INFO  impl.RaftServerImpl (RaftServerImpl.java:lambda$shutdown$3(247)) - b70c9021-8da6-41e6-a976-daf4f7fbddb8@group-ACEF7C529229: shutdown
2019-10-02 10:23:38,133 [grpc-default-executor-10] INFO  util.JmxRegister (JmxRegister.java:unregister(73)) - Successfully un-registered JMX Bean with object name Ratis:service=RaftServer,group=group-ACEF7C529229,id=b70c9021-8da6-41e6-a976-daf4f7fbddb8
2019-10-02 10:23:38,133 [grpc-default-executor-10] INFO  impl.RoleInfo (RoleInfo.java:shutdownFollowerState(121)) - b70c9021-8da6-41e6-a976-daf4f7fbddb8: shutdown FollowerState
2019-10-02 10:23:38,134 [grpc-default-executor-10] INFO  impl.StateMachineUpdater (StateMachineUpdater.java:stopAndJoin(136)) - b70c9021-8da6-41e6-a976-daf4f7fbddb8@group-ACEF7C529229-StateMachineUpdater: set stopIndex = 0
2019-10-02 10:23:38,134 [Thread-864] INFO  impl.FollowerState (FollowerState.java:run(117)) - b70c9021-8da6-41e6-a976-daf4f7fbddb8@group-ACEF7C529229-FollowerState was interrupted: java.lang.InterruptedException: sleep interrupted
2019-10-02 10:23:38,143 [grpc-default-executor-10] INFO  impl.RaftServerImpl (ServerState.java:close(387)) - b70c9021-8da6-41e6-a976-daf4f7fbddb8@group-ACEF7C529229: closes. applyIndex: 0
2019-10-02 10:23:38,145 [b70c9021-8da6-41e6-a976-daf4f7fbddb8@group-ACEF7C529229-SegmentedRaftLogWorker] INFO  segmented.SegmentedRaftLogWorker (SegmentedRaftLogWorker.java:run(316)) - b70c9021-8da6-41e6-a976-daf4f7fbddb8@group-ACEF7C529229-SegmentedRaftLogWorker was interrupted, exiting. There are 0 tasks remaining in the queue.
2019-10-02 10:23:38,145 [grpc-default-executor-10] INFO  segmented.SegmentedRaftLogWorker (SegmentedRaftLogWorker.java:close(224)) - b70c9021-8da6-41e6-a976-daf4f7fbddb8@group-ACEF7C529229-SegmentedRaftLogWorker close()
2019-10-02 10:23:38,207 [grpc-default-executor-10] INFO  interfaces.Container (KeyValueContainer.java:flushAndSyncDB(386)) - Container 4 is synced with bcsId 0.
2019-10-02 10:23:38,207 [grpc-default-executor-10] INFO  interfaces.Container (KeyValueContainer.java:flushAndSyncDB(386)) - Container 4 is synced with bcsId 0.
2019-10-02 10:23:38,229 [grpc-default-executor-10] INFO  impl.RaftServerProxy (RaftServerProxy.java:remove(95)) - cc1fcddd-974e-4515-9faf-cb0b34c0ae51: remove    LEADER cc1fcddd-974e-4515-9faf-cb0b34c0ae51@group-ACEF7C529229:t8, leader=cc1fcddd-974e-4515-9faf-cb0b34c0ae51, voted=cc1fcddd-974e-4515-9faf-cb0b34c0ae51, raftlog=cc1fcddd-974e-4515-9faf-cb0b34c0ae51@group-ACEF7C529229-SegmentedRaftLog:OPENED:c0,f0,i2, conf=0: [cc1fcddd-974e-4515-9faf-cb0b34c0ae51:192.168.151.92:40331, 298c2419-298a-4ac1-a348-589b955770c1:192.168.151.92:40159, b70c9021-8da6-41e6-a976-daf4f7fbddb8:192.168.151.92:38657], old=null RUNNING
2019-10-02 10:23:38,230 [grpc-default-executor-10] INFO  impl.RaftServerImpl (RaftServerImpl.java:lambda$shutdown$3(247)) - cc1fcddd-974e-4515-9faf-cb0b34c0ae51@group-ACEF7C529229: shutdown
2019-10-02 10:23:38,230 [grpc-default-executor-10] INFO  util.JmxRegister (JmxRegister.java:unregister(73)) - Successfully un-registered JMX Bean with object name Ratis:service=RaftServer,group=group-ACEF7C529229,id=cc1fcddd-974e-4515-9faf-cb0b34c0ae51
2019-10-02 10:23:38,230 [grpc-default-executor-10] INFO  impl.RoleInfo (RoleInfo.java:shutdownLeaderState(104)) - cc1fcddd-974e-4515-9faf-cb0b34c0ae51: shutdown LeaderState
2019-10-02 10:23:38,235 [org.apache.ratis.server.impl.LogAppender$AppenderDaemon$$Lambda$688/257982498@2098fc0d] WARN  server.GrpcLogAppender (GrpcLogAppender.java:mayWait(143)) - cc1fcddd-974e-4515-9faf-cb0b34c0ae51@group-ACEF7C529229->298c2419-298a-4ac1-a348-589b955770c1-GrpcLogAppender: Wait interrupted by java.lang.InterruptedException
2019-10-02 10:23:38,236 [org.apache.ratis.server.impl.LogAppender$AppenderDaemon$$Lambda$688/257982498@5fa872f1] WARN  server.GrpcLogAppender (GrpcLogAppender.java:mayWait(143)) - cc1fcddd-974e-4515-9faf-cb0b34c0ae51@group-ACEF7C529229->b70c9021-8da6-41e6-a976-daf4f7fbddb8-GrpcLogAppender: Wait interrupted by java.lang.InterruptedException
2019-10-02 10:23:38,236 [grpc-default-executor-10] INFO  impl.PendingRequests (PendingRequests.java:sendNotLeaderResponses(202)) - cc1fcddd-974e-4515-9faf-cb0b34c0ae51@group-ACEF7C529229-PendingRequests: sendNotLeaderResponses
2019-10-02 10:23:38,237 [grpc-default-executor-7] INFO  server.GrpcServerProtocolService (GrpcServerProtocolService.java:onCompleted(113)) - 298c2419-298a-4ac1-a348-589b955770c1: Completed APPEND_ENTRIES, lastRequest: cc1fcddd-974e-4515-9faf-cb0b34c0ae51->298c2419-298a-4ac1-a348-589b955770c1#45-t8, previous=(t:8, i:2), leaderCommit=0, initializing? false, entries: <empty>
2019-10-02 10:23:38,237 [grpc-default-executor-12] INFO  server.GrpcServerProtocolService (GrpcServerProtocolService.java:onCompleted(113)) - b70c9021-8da6-41e6-a976-daf4f7fbddb8: Completed APPEND_ENTRIES, lastRequest: cc1fcddd-974e-4515-9faf-cb0b34c0ae51->b70c9021-8da6-41e6-a976-daf4f7fbddb8#45-t8, previous=(t:8, i:2), leaderCommit=0, initializing? false, entries: <empty>
2019-10-02 10:23:38,238 [grpc-default-executor-12] INFO  server.GrpcLogAppender (GrpcLogAppender.java:onCompleted(293)) - cc1fcddd-974e-4515-9faf-cb0b34c0ae51@group-ACEF7C529229->298c2419-298a-4ac1-a348-589b955770c1-AppendLogResponseHandler: follower responses appendEntries COMPLETED
2019-10-02 10:23:38,246 [grpc-default-executor-12] INFO  impl.FollowerInfo (FollowerInfo.java:lambda$new$0(51)) - cc1fcddd-974e-4515-9faf-cb0b34c0ae51@group-ACEF7C529229->298c2419-298a-4ac1-a348-589b955770c1: nextIndex: updateUnconditionally 3 -> 2
2019-10-02 10:23:38,258 [grpc-default-executor-10] INFO  impl.StateMachineUpdater (StateMachineUpdater.java:stopAndJoin(136)) - cc1fcddd-974e-4515-9faf-cb0b34c0ae51@group-ACEF7C529229-StateMachineUpdater: set stopIndex = 0
2019-10-02 10:23:38,258 [grpc-default-executor-10] INFO  impl.RaftServerImpl (ServerState.java:close(387)) - cc1fcddd-974e-4515-9faf-cb0b34c0ae51@group-ACEF7C529229: closes. applyIndex: 0
2019-10-02 10:23:38,258 [cc1fcddd-974e-4515-9faf-cb0b34c0ae51@group-ACEF7C529229-SegmentedRaftLogWorker] INFO  segmented.SegmentedRaftLogWorker (SegmentedRaftLogWorker.java:run(316)) - cc1fcddd-974e-4515-9faf-cb0b34c0ae51@group-ACEF7C529229-SegmentedRaftLogWorker was interrupted, exiting. There are 0 tasks remaining in the queue.
2019-10-02 10:23:38,259 [grpc-default-executor-12] INFO  server.GrpcLogAppender (GrpcLogAppender.java:onCompleted(293)) - cc1fcddd-974e-4515-9faf-cb0b34c0ae51@group-ACEF7C529229->b70c9021-8da6-41e6-a976-daf4f7fbddb8-AppendLogResponseHandler: follower responses appendEntries COMPLETED
2019-10-02 10:23:38,262 [grpc-default-executor-10] INFO  segmented.SegmentedRaftLogWorker (SegmentedRaftLogWorker.java:close(224)) - cc1fcddd-974e-4515-9faf-cb0b34c0ae51@group-ACEF7C529229-SegmentedRaftLogWorker close()
2019-10-02 10:23:38,266 [grpc-default-executor-12] INFO  impl.FollowerInfo (FollowerInfo.java:lambda$new$0(51)) - cc1fcddd-974e-4515-9faf-cb0b34c0ae51@group-ACEF7C529229->b70c9021-8da6-41e6-a976-daf4f7fbddb8: nextIndex: updateUnconditionally 3 -> 2
2019-10-02 10:23:38,268 [RatisPipelineUtilsThread] INFO  pipeline.PipelineStateManager (PipelineStateManager.java:removePipeline(108)) - Pipeline Pipeline[ Id: 7c101626-31d1-4984-b9b4-acef7c529229, Nodes: 298c2419-298a-4ac1-a348-589b955770c1{ip: 192.168.151.92, host: pr-trunk-gg4kw-413187789, networkLocation: /default-rack, certSerialId: null}b70c9021-8da6-41e6-a976-daf4f7fbddb8{ip: 192.168.151.92, host: pr-trunk-gg4kw-413187789, networkLocation: /default-rack, certSerialId: null}cc1fcddd-974e-4515-9faf-cb0b34c0ae51{ip: 192.168.151.92, host: pr-trunk-gg4kw-413187789, networkLocation: /default-rack, certSerialId: null}, Type:RATIS, Factor:THREE, State:CLOSED] removed from db
2019-10-02 10:23:38,271 [grpc-default-executor-10] INFO  impl.RaftServerProxy (RaftServerProxy.java:remove(95)) - 298c2419-298a-4ac1-a348-589b955770c1: remove group-ACEF7C529229:null
2019-10-02 10:23:38,280 [RatisPipelineUtilsThread] WARN  pipeline.RatisPipelineUtils (RatisPipelineUtils.java:destroyPipeline(67)) - Pipeline destroy failed for pipeline=PipelineID=7c101626-31d1-4984-b9b4-acef7c529229 dn=298c2419-298a-4ac1-a348-589b955770c1{ip: 192.168.151.92, host: pr-trunk-gg4kw-413187789, networkLocation: /default-rack, certSerialId: null}
2019-10-02 10:23:38,284 [grpc-default-executor-10] INFO  impl.RaftServerProxy (RaftServerProxy.java:remove(95)) - b70c9021-8da6-41e6-a976-daf4f7fbddb8: remove group-ACEF7C529229:null
2019-10-02 10:23:38,293 [RatisPipelineUtilsThread] WARN  pipeline.RatisPipelineUtils (RatisPipelineUtils.java:destroyPipeline(67)) - Pipeline destroy failed for pipeline=PipelineID=7c101626-31d1-4984-b9b4-acef7c529229 dn=b70c9021-8da6-41e6-a976-daf4f7fbddb8{ip: 192.168.151.92, host: pr-trunk-gg4kw-413187789, networkLocation: /default-rack, certSerialId: null}
2019-10-02 10:23:38,296 [grpc-default-executor-10] INFO  impl.RaftServerProxy (RaftServerProxy.java:remove(95)) - cc1fcddd-974e-4515-9faf-cb0b34c0ae51: remove group-ACEF7C529229:null
2019-10-02 10:23:38,304 [RatisPipelineUtilsThread] WARN  pipeline.RatisPipelineUtils (RatisPipelineUtils.java:destroyPipeline(67)) - Pipeline destroy failed for pipeline=PipelineID=7c101626-31d1-4984-b9b4-acef7c529229 dn=cc1fcddd-974e-4515-9faf-cb0b34c0ae51{ip: 192.168.151.92, host: pr-trunk-gg4kw-413187789, networkLocation: /default-rack, certSerialId: null}
2019-10-02 10:23:38,304 [RatisPipelineUtilsThread] ERROR pipeline.SCMPipelineManager (Scheduler.java:lambda$schedule$1(70)) - Destroy pipeline failed for pipeline:Pipeline[ Id: 7c101626-31d1-4984-b9b4-acef7c529229, Nodes: 298c2419-298a-4ac1-a348-589b955770c1{ip: 192.168.151.92, host: pr-trunk-gg4kw-413187789, networkLocation: /default-rack, certSerialId: null}b70c9021-8da6-41e6-a976-daf4f7fbddb8{ip: 192.168.151.92, host: pr-trunk-gg4kw-413187789, networkLocation: /default-rack, certSerialId: null}cc1fcddd-974e-4515-9faf-cb0b34c0ae51{ip: 192.168.151.92, host: pr-trunk-gg4kw-413187789, networkLocation: /default-rack, certSerialId: null}, Type:RATIS, Factor:THREE, State:CLOSED]
org.apache.hadoop.hdds.scm.pipeline.PipelineNotFoundException: PipelineID=7c101626-31d1-4984-b9b4-acef7c529229 not found
	at org.apache.hadoop.hdds.scm.pipeline.PipelineStateMap.getPipeline(PipelineStateMap.java:132)
	at org.apache.hadoop.hdds.scm.pipeline.PipelineStateMap.removePipeline(PipelineStateMap.java:322)
	at org.apache.hadoop.hdds.scm.pipeline.PipelineStateManager.removePipeline(PipelineStateManager.java:107)
	at org.apache.hadoop.hdds.scm.pipeline.SCMPipelineManager.removePipeline(SCMPipelineManager.java:427)
	at org.apache.hadoop.hdds.scm.pipeline.SCMPipelineManager.destroyPipeline(SCMPipelineManager.java:413)
	at org.apache.hadoop.hdds.scm.pipeline.SCMPipelineManager.lambda$finalizeAndDestroyPipeline$0(SCMPipelineManager.java:322)
	at org.apache.hadoop.hdds.utils.Scheduler.lambda$schedule$1(Scheduler.java:68)
	at java.util.concurrent.Executors$RunnableAdapter.call(Executors.java:511)
	at java.util.concurrent.FutureTask.run(FutureTask.java:266)
	at java.util.concurrent.ScheduledThreadPoolExecutor$ScheduledFutureTask.access$201(ScheduledThreadPoolExecutor.java:180)
	at java.util.concurrent.ScheduledThreadPoolExecutor$ScheduledFutureTask.run(ScheduledThreadPoolExecutor.java:293)
	at java.util.concurrent.ThreadPoolExecutor.runWorker(ThreadPoolExecutor.java:1149)
	at java.util.concurrent.ThreadPoolExecutor$Worker.run(ThreadPoolExecutor.java:624)
	at java.lang.Thread.run(Thread.java:748)
2019-10-02 10:23:39,282 [main] WARN  io.KeyOutputStream (KeyOutputStream.java:handleException(274)) - Encountered exception java.io.IOException: Unexpected Storage Container Exception: java.util.concurrent.CompletionException: java.util.concurrent.CompletionException: org.apache.ratis.protocol.GroupMismatchException: 298c2419-298a-4ac1-a348-589b955770c1: group-ACEF7C529229 not found. on the pipeline Pipeline[ Id: 7c101626-31d1-4984-b9b4-acef7c529229, Nodes: 298c2419-298a-4ac1-a348-589b955770c1{ip: 192.168.151.92, host: pr-trunk-gg4kw-413187789, networkLocation: /default-rack, certSerialId: null}b70c9021-8da6-41e6-a976-daf4f7fbddb8{ip: 192.168.151.92, host: pr-trunk-gg4kw-413187789, networkLocation: /default-rack, certSerialId: null}cc1fcddd-974e-4515-9faf-cb0b34c0ae51{ip: 192.168.151.92, host: pr-trunk-gg4kw-413187789, networkLocation: /default-rack, certSerialId: null}, Type:RATIS, Factor:THREE, State:OPEN]. The last committed block length is 0, uncommitted data length is 400 retry count 3
2019-10-02 10:23:39,283 [main] ERROR io.KeyOutputStream (KeyOutputStream.java:handleRetry(351)) - Retry request failed. retries get failed due to exceeded maximum allowed retries number: 3
java.io.IOException: Unexpected Storage Container Exception: java.util.concurrent.CompletionException: java.util.concurrent.CompletionException: org.apache.ratis.protocol.GroupMismatchException: 298c2419-298a-4ac1-a348-589b955770c1: group-ACEF7C529229 not found.
	at org.apache.hadoop.hdds.scm.storage.BlockOutputStream.setIoException(BlockOutputStream.java:541)
	at org.apache.hadoop.hdds.scm.storage.BlockOutputStream.lambda$writeChunkToContainer$3(BlockOutputStream.java:616)
	at java.util.concurrent.CompletableFuture.uniExceptionally(CompletableFuture.java:870)
	at java.util.concurrent.CompletableFuture$UniExceptionally.tryFire(CompletableFuture.java:852)
	at java.util.concurrent.CompletableFuture.postComplete(CompletableFuture.java:474)
	at java.util.concurrent.CompletableFuture.completeExceptionally(CompletableFuture.java:1977)
	at org.apache.ratis.client.impl.OrderedAsync$PendingOrderedRequest.fail(OrderedAsync.java:100)
	at org.apache.ratis.util.SlidingWindow$Client.fail(SlidingWindow.java:362)
	at org.apache.ratis.client.impl.OrderedAsync.failAllAsyncRequests(OrderedAsync.java:134)
	at org.apache.ratis.client.impl.OrderedAsync.lambda$sendRequest$10(OrderedAsync.java:244)
	at java.util.concurrent.CompletableFuture.uniExceptionally(CompletableFuture.java:870)
	at java.util.concurrent.CompletableFuture$UniExceptionally.tryFire(CompletableFuture.java:852)
	at java.util.concurrent.CompletableFuture.postComplete(CompletableFuture.java:474)
	at java.util.concurrent.CompletableFuture.completeExceptionally(CompletableFuture.java:1977)
	at org.apache.ratis.grpc.client.GrpcClientProtocolClient$AsyncStreamObservers.completeReplyExceptionally(GrpcClientProtocolClient.java:345)
	at org.apache.ratis.grpc.client.GrpcClientProtocolClient$AsyncStreamObservers.access$000(GrpcClientProtocolClient.java:261)
	at org.apache.ratis.grpc.client.GrpcClientProtocolClient$AsyncStreamObservers$1.onError(GrpcClientProtocolClient.java:290)
	at org.apache.ratis.thirdparty.io.grpc.stub.ClientCalls$StreamObserverToCallListenerAdapter.onClose(ClientCalls.java:434)
	at org.apache.ratis.thirdparty.io.grpc.PartialForwardingClientCallListener.onClose(PartialForwardingClientCallListener.java:39)
	at org.apache.ratis.thirdparty.io.grpc.ForwardingClientCallListener.onClose(ForwardingClientCallListener.java:23)
	at org.apache.ratis.thirdparty.io.grpc.ForwardingClientCallListener$SimpleForwardingClientCallListener.onClose(ForwardingClientCallListener.java:40)
	at org.apache.ratis.thirdparty.io.grpc.internal.CensusStatsModule$StatsClientInterceptor$1$1.onClose(CensusStatsModule.java:678)
	at org.apache.ratis.thirdparty.io.grpc.PartialForwardingClientCallListener.onClose(PartialForwardingClientCallListener.java:39)
	at org.apache.ratis.thirdparty.io.grpc.ForwardingClientCallListener.onClose(ForwardingClientCallListener.java:23)
	at org.apache.ratis.thirdparty.io.grpc.ForwardingClientCallListener$SimpleForwardingClientCallListener.onClose(ForwardingClientCallListener.java:40)
	at org.apache.ratis.thirdparty.io.grpc.internal.CensusTracingModule$TracingClientInterceptor$1$1.onClose(CensusTracingModule.java:397)
	at org.apache.ratis.thirdparty.io.grpc.internal.ClientCallImpl.closeObserver(ClientCallImpl.java:459)
	at org.apache.ratis.thirdparty.io.grpc.internal.ClientCallImpl.access$300(ClientCallImpl.java:63)
	at org.apache.ratis.thirdparty.io.grpc.internal.ClientCallImpl$ClientStreamListenerImpl.close(ClientCallImpl.java:546)
	at org.apache.ratis.thirdparty.io.grpc.internal.ClientCallImpl$ClientStreamListenerImpl.access$600(ClientCallImpl.java:467)
	at org.apache.ratis.thirdparty.io.grpc.internal.ClientCallImpl$ClientStreamListenerImpl$1StreamClosed.runInContext(ClientCallImpl.java:584)
	at org.apache.ratis.thirdparty.io.grpc.internal.ContextRunnable.run(ContextRunnable.java:37)
	at org.apache.ratis.thirdparty.io.grpc.internal.SerializingExecutor.run(SerializingExecutor.java:123)
	at java.util.concurrent.ThreadPoolExecutor.runWorker(ThreadPoolExecutor.java:1149)
	at java.util.concurrent.ThreadPoolExecutor$Worker.run(ThreadPoolExecutor.java:624)
	at java.lang.Thread.run(Thread.java:748)
Caused by: java.util.concurrent.CompletionException: java.util.concurrent.CompletionException: org.apache.ratis.protocol.GroupMismatchException: 298c2419-298a-4ac1-a348-589b955770c1: group-ACEF7C529229 not found.
	at org.apache.hadoop.hdds.scm.storage.BlockOutputStream.lambda$writeChunkToContainer$3(BlockOutputStream.java:615)
	... 34 more
Caused by: java.util.concurrent.CompletionException: org.apache.ratis.protocol.GroupMismatchException: 298c2419-298a-4ac1-a348-589b955770c1: group-ACEF7C529229 not found.
	at java.util.concurrent.CompletableFuture.encodeThrowable(CompletableFuture.java:292)
	at java.util.concurrent.CompletableFuture.completeThrowable(CompletableFuture.java:308)
	at java.util.concurrent.CompletableFuture.uniApply(CompletableFuture.java:593)
	at java.util.concurrent.CompletableFuture$UniApply.tryFire(CompletableFuture.java:577)
	... 32 more
Caused by: org.apache.ratis.protocol.GroupMismatchException: 298c2419-298a-4ac1-a348-589b955770c1: group-ACEF7C529229 not found.
	at org.apache.ratis.server.impl.RaftServerProxy$ImplMap.get(RaftServerProxy.java:122)
	at org.apache.ratis.server.impl.RaftServerProxy.getImplFuture(RaftServerProxy.java:269)
	at org.apache.ratis.server.impl.RaftServerProxy.submitRequest(RaftServerProxy.java:327)
	at org.apache.ratis.server.impl.RaftServerProxy.submitClientRequestAsync(RaftServerProxy.java:333)
	at org.apache.ratis.grpc.client.GrpcClientProtocolService$RequestStreamObserver.processClientRequest(GrpcClientProtocolService.java:220)
	at org.apache.ratis.grpc.client.GrpcClientProtocolService$OrderedRequestStreamObserver.processClientRequest(GrpcClientProtocolService.java:326)
	at org.apache.ratis.util.SlidingWindow$Server.processRequestsFromHead(SlidingWindow.java:429)
	at org.apache.ratis.util.SlidingWindow$Server.receivedRequest(SlidingWindow.java:421)
	at org.apache.ratis.grpc.client.GrpcClientProtocolService$OrderedRequestStreamObserver.processClientRequest(GrpcClientProtocolService.java:345)
	at org.apache.ratis.grpc.client.GrpcClientProtocolService$RequestStreamObserver.onNext(GrpcClientProtocolService.java:240)
	at org.apache.ratis.grpc.client.GrpcClientProtocolService$RequestStreamObserver.onNext(GrpcClientProtocolService.java:168)
	at org.apache.ratis.thirdparty.io.grpc.stub.ServerCalls$StreamingServerCallHandler$StreamingServerCallListener.onMessage(ServerCalls.java:248)
	at org.apache.ratis.thirdparty.io.grpc.internal.ServerCallImpl$ServerStreamListenerImpl.messagesAvailable(ServerCallImpl.java:263)
	at org.apache.ratis.thirdparty.io.grpc.internal.ServerImpl$JumpToApplicationThreadServerStreamListener$1MessagesAvailable.runInContext(ServerImpl.java:686)
	... 5 more
2019-10-02 10:23:39,284 [main] INFO  ozone.MiniOzoneClusterImpl (MiniOzoneClusterImpl.java:shutdown(314)) - Shutting down the Mini Ozone Cluster
2019-10-02 10:23:39,285 [main] INFO  ozone.MiniOzoneClusterImpl (MiniOzoneClusterImpl.java:stop(330)) - Stopping the Mini Ozone Cluster
2019-10-02 10:23:39,285 [main] INFO  ozone.MiniOzoneClusterImpl (MiniOzoneClusterImpl.java:stopOM(400)) - Stopping the OzoneManager
2019-10-02 10:23:39,285 [main] INFO  ipc.Server (Server.java:stop(3082)) - Stopping server on 36576
2019-10-02 10:23:39,296 [IPC Server listener on 36576] INFO  ipc.Server (Server.java:run(1185)) - Stopping IPC Server listener on 36576
2019-10-02 10:23:39,298 [main] INFO  ratis.OzoneManagerDoubleBuffer (OzoneManagerDoubleBuffer.java:stop(248)) - Stopping OMDoubleBuffer flush thread
2019-10-02 10:23:39,299 [IPC Server Responder] INFO  ipc.Server (Server.java:run(1319)) - Stopping IPC Server Responder
2019-10-02 10:23:39,307 [OMDoubleBufferFlushThread] INFO  ratis.OzoneManagerDoubleBuffer (OzoneManagerDoubleBuffer.java:flushTransactions(191)) - OMDoubleBuffer flush thread OMDoubleBufferFlushThread is interrupted and will exit. OMDoubleBufferFlushThread
2019-10-02 10:23:39,317 [main] INFO  utils.BackgroundService (BackgroundService.java:shutdown(148)) - Shutting down service KeyDeletingService
2019-10-02 10:23:39,332 [main] INFO  handler.ContextHandler (ContextHandler.java:doStop(910)) - Stopped o.e.j.w.WebAppContext@353efdbf{/,null,UNAVAILABLE}{/ozoneManager}
2019-10-02 10:23:39,340 [main] INFO  server.AbstractConnector (AbstractConnector.java:doStop(318)) - Stopped ServerConnector@55cff952{HTTP/1.1,[http/1.1]}{0.0.0.0:0}
2019-10-02 10:23:39,341 [main] INFO  handler.ContextHandler (ContextHandler.java:doStop(910)) - Stopped o.e.j.s.ServletContextHandler@3eed0f5{/static,file:///workdir/hadoop-ozone/integration-test/target/test-classes/webapps/static,UNAVAILABLE}
2019-10-02 10:23:39,341 [main] INFO  handler.ContextHandler (ContextHandler.java:doStop(910)) - Stopped o.e.j.s.ServletContextHandler@989da1{/logs,file:///workdir/hadoop-ozone/integration-test/target/log,UNAVAILABLE}
2019-10-02 10:23:39,346 [main] INFO  ozone.MiniOzoneClusterImpl (MiniOzoneClusterImpl.java:stopDatanodes(377)) - Stopping the HddsDatanodes
2019-10-02 10:23:39,710 [Datanode State Machine Thread - 0] INFO  statemachine.DatanodeStateMachine (DatanodeStateMachine.java:lambda$startDaemon$0(350)) - Ozone container server started.
2019-10-02 10:23:40,103 [Datanode State Machine Thread - 0] INFO  statemachine.DatanodeStateMachine (DatanodeStateMachine.java:lambda$startDaemon$0(350)) - Ozone container server started.
2019-10-02 10:23:44,350 [main] INFO  ozoneimpl.OzoneContainer (OzoneContainer.java:stop(231)) - Attempting to stop container services.
2019-10-02 10:23:44,350 [ForkJoinPool.commonPool-worker-1] INFO  ozoneimpl.OzoneContainer (OzoneContainer.java:stop(231)) - Attempting to stop container services.
2019-10-02 10:23:44,352 [ForkJoinPool.commonPool-worker-1] INFO  impl.RaftServerProxy (RaftServerProxy.java:lambda$close$4(314)) - 438152b3-e18d-41ab-8849-fe8d3376297f: close
2019-10-02 10:23:44,352 [main] INFO  impl.RaftServerProxy (RaftServerProxy.java:lambda$close$4(314)) - 67f1a5fe-c7be-4ecb-b503-d243409340fd: close
2019-10-02 10:23:44,353 [main] INFO  impl.RaftServerImpl (RaftServerImpl.java:lambda$shutdown$3(247)) - 67f1a5fe-c7be-4ecb-b503-d243409340fd@group-D826C21BBF81: shutdown
2019-10-02 10:23:44,353 [ForkJoinPool.commonPool-worker-1] INFO  impl.RaftServerImpl (RaftServerImpl.java:lambda$shutdown$3(247)) - 438152b3-e18d-41ab-8849-fe8d3376297f@group-D826C21BBF81: shutdown
2019-10-02 10:23:44,354 [main] INFO  util.JmxRegister (JmxRegister.java:unregister(73)) - Successfully un-registered JMX Bean with object name Ratis:service=RaftServer,group=group-D826C21BBF81,id=67f1a5fe-c7be-4ecb-b503-d243409340fd
2019-10-02 10:23:44,354 [ForkJoinPool.commonPool-worker-1] INFO  util.JmxRegister (JmxRegister.java:unregister(73)) - Successfully un-registered JMX Bean with object name Ratis:service=RaftServer,group=group-D826C21BBF81,id=438152b3-e18d-41ab-8849-fe8d3376297f
2019-10-02 10:23:44,354 [main] INFO  impl.RoleInfo (RoleInfo.java:shutdownLeaderState(104)) - 67f1a5fe-c7be-4ecb-b503-d243409340fd: shutdown LeaderState
2019-10-02 10:23:44,354 [ForkJoinPool.commonPool-worker-1] INFO  impl.RoleInfo (RoleInfo.java:shutdownFollowerState(121)) - 438152b3-e18d-41ab-8849-fe8d3376297f: shutdown FollowerState
2019-10-02 10:23:44,361 [org.apache.ratis.server.impl.LogAppender$AppenderDaemon$$Lambda$688/257982498@6ede9c39] WARN  server.GrpcLogAppender (GrpcLogAppender.java:mayWait(143)) - 67f1a5fe-c7be-4ecb-b503-d243409340fd@group-D826C21BBF81->438152b3-e18d-41ab-8849-fe8d3376297f-GrpcLogAppender: Wait interrupted by java.lang.InterruptedException
2019-10-02 10:23:44,361 [main] INFO  impl.PendingRequests (PendingRequests.java:sendNotLeaderResponses(202)) - 67f1a5fe-c7be-4ecb-b503-d243409340fd@group-D826C21BBF81-PendingRequests: sendNotLeaderResponses
2019-10-02 10:23:44,361 [org.apache.ratis.server.impl.LogAppender$AppenderDaemon$$Lambda$688/257982498@679ed4f0] WARN  server.GrpcLogAppender (GrpcLogAppender.java:mayWait(143)) - 67f1a5fe-c7be-4ecb-b503-d243409340fd@group-D826C21BBF81->663b2fe6-68c2-4e66-9671-0aa57c3653e2-GrpcLogAppender: Wait interrupted by java.lang.InterruptedException
2019-10-02 10:23:44,362 [Thread-1051] INFO  impl.FollowerState (FollowerState.java:run(117)) - 438152b3-e18d-41ab-8849-fe8d3376297f@group-D826C21BBF81-FollowerState was interrupted: java.lang.InterruptedException: sleep interrupted
2019-10-02 10:23:44,362 [ForkJoinPool.commonPool-worker-1] INFO  impl.StateMachineUpdater (StateMachineUpdater.java:stopAndJoin(136)) - 438152b3-e18d-41ab-8849-fe8d3376297f@group-D826C21BBF81-StateMachineUpdater: set stopIndex = 0
2019-10-02 10:23:44,364 [main] INFO  impl.StateMachineUpdater (StateMachineUpdater.java:stopAndJoin(136)) - 67f1a5fe-c7be-4ecb-b503-d243409340fd@group-D826C21BBF81-StateMachineUpdater: set stopIndex = 0
2019-10-02 10:23:44,365 [main] INFO  impl.RaftServerImpl (ServerState.java:close(387)) - 67f1a5fe-c7be-4ecb-b503-d243409340fd@group-D826C21BBF81: closes. applyIndex: 0
2019-10-02 10:23:44,365 [grpc-default-executor-12] INFO  server.GrpcServerProtocolService (GrpcServerProtocolService.java:onCompleted(113)) - 438152b3-e18d-41ab-8849-fe8d3376297f: Completed APPEND_ENTRIES, lastRequest: 67f1a5fe-c7be-4ecb-b503-d243409340fd->438152b3-e18d-41ab-8849-fe8d3376297f#23-t3, previous=(t:3, i:0), leaderCommit=0, initializing? false, entries: <empty>
2019-10-02 10:23:44,365 [67f1a5fe-c7be-4ecb-b503-d243409340fd@group-D826C21BBF81-SegmentedRaftLogWorker] INFO  segmented.SegmentedRaftLogWorker (SegmentedRaftLogWorker.java:run(316)) - 67f1a5fe-c7be-4ecb-b503-d243409340fd@group-D826C21BBF81-SegmentedRaftLogWorker was interrupted, exiting. There are 0 tasks remaining in the queue.
2019-10-02 10:23:44,365 [ForkJoinPool.commonPool-worker-1] INFO  impl.RaftServerImpl (ServerState.java:close(387)) - 438152b3-e18d-41ab-8849-fe8d3376297f@group-D826C21BBF81: closes. applyIndex: 0
2019-10-02 10:23:44,366 [main] INFO  segmented.SegmentedRaftLogWorker (SegmentedRaftLogWorker.java:close(224)) - 67f1a5fe-c7be-4ecb-b503-d243409340fd@group-D826C21BBF81-SegmentedRaftLogWorker close()
2019-10-02 10:23:44,365 [grpc-default-executor-10] INFO  server.GrpcServerProtocolService (GrpcServerProtocolService.java:onCompleted(113)) - 663b2fe6-68c2-4e66-9671-0aa57c3653e2: Completed APPEND_ENTRIES, lastRequest: 67f1a5fe-c7be-4ecb-b503-d243409340fd->663b2fe6-68c2-4e66-9671-0aa57c3653e2#23-t3, previous=(t:3, i:0), leaderCommit=0, initializing? false, entries: <empty>
2019-10-02 10:23:44,369 [main] INFO  impl.RaftServerImpl (RaftServerImpl.java:lambda$shutdown$3(247)) - 67f1a5fe-c7be-4ecb-b503-d243409340fd@group-6AD9B38DCBEF: shutdown
2019-10-02 10:23:44,366 [438152b3-e18d-41ab-8849-fe8d3376297f@group-D826C21BBF81-SegmentedRaftLogWorker] INFO  segmented.SegmentedRaftLogWorker (SegmentedRaftLogWorker.java:run(316)) - 438152b3-e18d-41ab-8849-fe8d3376297f@group-D826C21BBF81-SegmentedRaftLogWorker was interrupted, exiting. There are 0 tasks remaining in the queue.
2019-10-02 10:23:44,369 [main] INFO  util.JmxRegister (JmxRegister.java:unregister(73)) - Successfully un-registered JMX Bean with object name Ratis:service=RaftServer,group=group-6AD9B38DCBEF,id=67f1a5fe-c7be-4ecb-b503-d243409340fd
2019-10-02 10:23:44,369 [grpc-default-executor-12] INFO  server.GrpcLogAppender (GrpcLogAppender.java:onCompleted(293)) - 67f1a5fe-c7be-4ecb-b503-d243409340fd@group-D826C21BBF81->438152b3-e18d-41ab-8849-fe8d3376297f-AppendLogResponseHandler: follower responses appendEntries COMPLETED
2019-10-02 10:23:44,369 [main] INFO  impl.RoleInfo (RoleInfo.java:shutdownLeaderState(104)) - 67f1a5fe-c7be-4ecb-b503-d243409340fd: shutdown LeaderState
2019-10-02 10:23:44,369 [grpc-default-executor-10] INFO  server.GrpcLogAppender (GrpcLogAppender.java:onCompleted(293)) - 67f1a5fe-c7be-4ecb-b503-d243409340fd@group-D826C21BBF81->663b2fe6-68c2-4e66-9671-0aa57c3653e2-AppendLogResponseHandler: follower responses appendEntries COMPLETED
2019-10-02 10:23:44,369 [ForkJoinPool.commonPool-worker-1] INFO  segmented.SegmentedRaftLogWorker (SegmentedRaftLogWorker.java:close(224)) - 438152b3-e18d-41ab-8849-fe8d3376297f@group-D826C21BBF81-SegmentedRaftLogWorker close()
2019-10-02 10:23:44,370 [main] INFO  impl.PendingRequests (PendingRequests.java:sendNotLeaderResponses(202)) - 67f1a5fe-c7be-4ecb-b503-d243409340fd@group-6AD9B38DCBEF-PendingRequests: sendNotLeaderResponses
2019-10-02 10:23:44,372 [ForkJoinPool.commonPool-worker-1] INFO  impl.RaftServerImpl (RaftServerImpl.java:lambda$shutdown$3(247)) - 438152b3-e18d-41ab-8849-fe8d3376297f@group-F2905BFF232E: shutdown
2019-10-02 10:23:44,372 [main] INFO  impl.StateMachineUpdater (StateMachineUpdater.java:stopAndJoin(136)) - 67f1a5fe-c7be-4ecb-b503-d243409340fd@group-6AD9B38DCBEF-StateMachineUpdater: set stopIndex = 0
2019-10-02 10:23:44,373 [main] INFO  impl.RaftServerImpl (ServerState.java:close(387)) - 67f1a5fe-c7be-4ecb-b503-d243409340fd@group-6AD9B38DCBEF: closes. applyIndex: 0
2019-10-02 10:23:44,373 [grpc-default-executor-10] INFO  impl.FollowerInfo (FollowerInfo.java:lambda$new$0(51)) - 67f1a5fe-c7be-4ecb-b503-d243409340fd@group-D826C21BBF81->663b2fe6-68c2-4e66-9671-0aa57c3653e2: nextIndex: updateUnconditionally 1 -> 0
2019-10-02 10:23:44,372 [ForkJoinPool.commonPool-worker-1] INFO  util.JmxRegister (JmxRegister.java:unregister(73)) - Successfully un-registered JMX Bean with object name Ratis:service=RaftServer,group=group-F2905BFF232E,id=438152b3-e18d-41ab-8849-fe8d3376297f
2019-10-02 10:23:44,373 [67f1a5fe-c7be-4ecb-b503-d243409340fd@group-6AD9B38DCBEF-SegmentedRaftLogWorker] INFO  segmented.SegmentedRaftLogWorker (SegmentedRaftLogWorker.java:run(316)) - 67f1a5fe-c7be-4ecb-b503-d243409340fd@group-6AD9B38DCBEF-SegmentedRaftLogWorker was interrupted, exiting. There are 0 tasks remaining in the queue.
2019-10-02 10:23:44,373 [grpc-default-executor-12] INFO  impl.FollowerInfo (FollowerInfo.java:lambda$new$0(51)) - 67f1a5fe-c7be-4ecb-b503-d243409340fd@group-D826C21BBF81->438152b3-e18d-41ab-8849-fe8d3376297f: nextIndex: updateUnconditionally 1 -> 0
2019-10-02 10:23:44,373 [main] INFO  segmented.SegmentedRaftLogWorker (SegmentedRaftLogWorker.java:close(224)) - 67f1a5fe-c7be-4ecb-b503-d243409340fd@group-6AD9B38DCBEF-SegmentedRaftLogWorker close()
2019-10-02 10:23:44,373 [ForkJoinPool.commonPool-worker-1] INFO  impl.RoleInfo (RoleInfo.java:shutdownLeaderState(104)) - 438152b3-e18d-41ab-8849-fe8d3376297f: shutdown LeaderState
2019-10-02 10:23:44,376 [ForkJoinPool.commonPool-worker-1] INFO  impl.PendingRequests (PendingRequests.java:sendNotLeaderResponses(202)) - 438152b3-e18d-41ab-8849-fe8d3376297f@group-F2905BFF232E-PendingRequests: sendNotLeaderResponses
2019-10-02 10:23:44,376 [ForkJoinPool.commonPool-worker-1] INFO  impl.StateMachineUpdater (StateMachineUpdater.java:stopAndJoin(136)) - 438152b3-e18d-41ab-8849-fe8d3376297f@group-F2905BFF232E-StateMachineUpdater: set stopIndex = 0
2019-10-02 10:23:44,376 [main] INFO  server.GrpcService (GrpcService.java:closeImpl(164)) - 67f1a5fe-c7be-4ecb-b503-d243409340fd: shutdown server with port 36198 now
2019-10-02 10:23:44,376 [ForkJoinPool.commonPool-worker-1] INFO  impl.RaftServerImpl (ServerState.java:close(387)) - 438152b3-e18d-41ab-8849-fe8d3376297f@group-F2905BFF232E: closes. applyIndex: 0
2019-10-02 10:23:44,377 [438152b3-e18d-41ab-8849-fe8d3376297f@group-F2905BFF232E-SegmentedRaftLogWorker] INFO  segmented.SegmentedRaftLogWorker (SegmentedRaftLogWorker.java:run(316)) - 438152b3-e18d-41ab-8849-fe8d3376297f@group-F2905BFF232E-SegmentedRaftLogWorker was interrupted, exiting. There are 0 tasks remaining in the queue.
2019-10-02 10:23:44,377 [ForkJoinPool.commonPool-worker-1] INFO  segmented.SegmentedRaftLogWorker (SegmentedRaftLogWorker.java:close(224)) - 438152b3-e18d-41ab-8849-fe8d3376297f@group-F2905BFF232E-SegmentedRaftLogWorker close()
2019-10-02 10:23:44,380 [ForkJoinPool.commonPool-worker-1] INFO  server.GrpcService (GrpcService.java:closeImpl(164)) - 438152b3-e18d-41ab-8849-fe8d3376297f: shutdown server with port 40801 now
2019-10-02 10:23:44,382 [main] INFO  server.GrpcService (GrpcService.java:closeImpl(172)) - 67f1a5fe-c7be-4ecb-b503-d243409340fd: shutdown server with port 36198 successfully
2019-10-02 10:23:44,384 [ForkJoinPool.commonPool-worker-1] INFO  server.GrpcService (GrpcService.java:closeImpl(172)) - 438152b3-e18d-41ab-8849-fe8d3376297f: shutdown server with port 40801 successfully
2019-10-02 10:23:44,386 [refreshUsed-/workdir/hadoop-ozone/integration-test/target/test-dir/MiniOzoneClusterImpl-a60b818f-4dd1-4965-bff3-fb44efcd9a0b/datanode-4/data/containers] WARN  fs.CachingGetSpaceUsed (CachingGetSpaceUsed.java:run(183)) - Thread Interrupted waiting to refresh disk information: sleep interrupted
2019-10-02 10:23:44,387 [refreshUsed-/workdir/hadoop-ozone/integration-test/target/test-dir/MiniOzoneClusterImpl-a60b818f-4dd1-4965-bff3-fb44efcd9a0b/datanode-1/data/containers] WARN  fs.CachingGetSpaceUsed (CachingGetSpaceUsed.java:run(183)) - Thread Interrupted waiting to refresh disk information: sleep interrupted
2019-10-02 10:23:44,411 [ForkJoinPool.commonPool-worker-1] INFO  utils.BackgroundService (BackgroundService.java:shutdown(148)) - Shutting down service BlockDeletingService
2019-10-02 10:23:44,418 [ForkJoinPool.commonPool-worker-1] INFO  statemachine.DatanodeStateMachine (DatanodeStateMachine.java:stopDaemon(395)) - Ozone container server stopped.
2019-10-02 10:23:44,424 [ForkJoinPool.commonPool-worker-1] INFO  handler.ContextHandler (ContextHandler.java:doStop(910)) - Stopped o.e.j.w.WebAppContext@5b5e7036{/,null,UNAVAILABLE}{/hddsDatanode}
2019-10-02 10:23:44,426 [main] INFO  utils.BackgroundService (BackgroundService.java:shutdown(148)) - Shutting down service BlockDeletingService
2019-10-02 10:23:44,426 [ForkJoinPool.commonPool-worker-1] INFO  server.AbstractConnector (AbstractConnector.java:doStop(318)) - Stopped ServerConnector@62dbe64e{HTTP/1.1,[http/1.1]}{0.0.0.0:0}
2019-10-02 10:23:44,429 [ForkJoinPool.commonPool-worker-1] INFO  handler.ContextHandler (ContextHandler.java:doStop(910)) - Stopped o.e.j.s.ServletContextHandler@3bbf841e{/static,jar:file:/home/user/.m2/repository/org/apache/hadoop/hadoop-hdds-container-service/0.5.0-SNAPSHOT/hadoop-hdds-container-service-0.5.0-SNAPSHOT.jar!/webapps/static,UNAVAILABLE}
2019-10-02 10:23:44,430 [ForkJoinPool.commonPool-worker-1] INFO  handler.ContextHandler (ContextHandler.java:doStop(910)) - Stopped o.e.j.s.ServletContextHandler@5679e96b{/logs,file:///workdir/hadoop-ozone/integration-test/target/log,UNAVAILABLE}
2019-10-02 10:23:44,434 [main] INFO  statemachine.DatanodeStateMachine (DatanodeStateMachine.java:stopDaemon(395)) - Ozone container server stopped.
2019-10-02 10:23:44,436 [main] INFO  handler.ContextHandler (ContextHandler.java:doStop(910)) - Stopped o.e.j.w.WebAppContext@ff23ae7{/,null,UNAVAILABLE}{/hddsDatanode}
2019-10-02 10:23:44,437 [main] INFO  server.AbstractConnector (AbstractConnector.java:doStop(318)) - Stopped ServerConnector@423b2b62{HTTP/1.1,[http/1.1]}{0.0.0.0:0}
2019-10-02 10:23:44,437 [main] INFO  handler.ContextHandler (ContextHandler.java:doStop(910)) - Stopped o.e.j.s.ServletContextHandler@25aeb5ac{/static,jar:file:/home/user/.m2/repository/org/apache/hadoop/hadoop-hdds-container-service/0.5.0-SNAPSHOT/hadoop-hdds-container-service-0.5.0-SNAPSHOT.jar!/webapps/static,UNAVAILABLE}
2019-10-02 10:23:44,438 [main] INFO  handler.ContextHandler (ContextHandler.java:doStop(910)) - Stopped o.e.j.s.ServletContextHandler@44cffc25{/logs,file:///workdir/hadoop-ozone/integration-test/target/log,UNAVAILABLE}
2019-10-02 10:23:45,090 [Datanode State Machine Thread - 0] INFO  statemachine.DatanodeStateMachine (DatanodeStateMachine.java:lambda$startDaemon$0(350)) - Ozone container server started.
2019-10-02 10:23:45,224 [Datanode State Machine Thread - 0] INFO  statemachine.DatanodeStateMachine (DatanodeStateMachine.java:lambda$startDaemon$0(350)) - Ozone container server started.
2019-10-02 10:23:48,605 [Thread-1050] INFO  impl.FollowerState (FollowerState.java:run(108)) - 663b2fe6-68c2-4e66-9671-0aa57c3653e2@group-D826C21BBF81-FollowerState: change to CANDIDATE, lastRpcTime:5989ms, electionTimeout:5105ms
2019-10-02 10:23:48,606 [Thread-1050] INFO  impl.RoleInfo (RoleInfo.java:shutdownFollowerState(121)) - 663b2fe6-68c2-4e66-9671-0aa57c3653e2: shutdown FollowerState
2019-10-02 10:23:48,606 [Thread-1050] INFO  impl.RaftServerImpl (RaftServerImpl.java:setRole(170)) - 663b2fe6-68c2-4e66-9671-0aa57c3653e2@group-D826C21BBF81: changes role from  FOLLOWER to CANDIDATE at term 3 for changeToCandidate
2019-10-02 10:23:48,606 [Thread-1050] INFO  impl.RoleInfo (RoleInfo.java:updateAndGet(143)) - 663b2fe6-68c2-4e66-9671-0aa57c3653e2: start LeaderElection
2019-10-02 10:23:48,610 [663b2fe6-68c2-4e66-9671-0aa57c3653e2@group-D826C21BBF81-LeaderElection46] INFO  impl.RaftServerImpl (ServerState.java:setLeader(255)) - 663b2fe6-68c2-4e66-9671-0aa57c3653e2@group-D826C21BBF81: change Leader from 67f1a5fe-c7be-4ecb-b503-d243409340fd to null at term 3 for initElection
2019-10-02 10:23:48,624 [663b2fe6-68c2-4e66-9671-0aa57c3653e2@group-D826C21BBF81-LeaderElection46] INFO  impl.LeaderElection (LeaderElection.java:askForVotes(178)) - 663b2fe6-68c2-4e66-9671-0aa57c3653e2@group-D826C21BBF81-LeaderElection46: begin an election at term 4 for 0: [663b2fe6-68c2-4e66-9671-0aa57c3653e2:192.168.151.92:41388, 67f1a5fe-c7be-4ecb-b503-d243409340fd:192.168.151.92:36198, 438152b3-e18d-41ab-8849-fe8d3376297f:192.168.151.92:40801], old=null
2019-10-02 10:23:48,639 [663b2fe6-68c2-4e66-9671-0aa57c3653e2@group-D826C21BBF81-LeaderElection46] INFO  impl.LeaderElection (LogUtils.java:infoOrTrace(149)) - 663b2fe6-68c2-4e66-9671-0aa57c3653e2@group-D826C21BBF81-LeaderElection46 got exception when requesting votes: {}
java.util.concurrent.ExecutionException: org.apache.ratis.thirdparty.io.grpc.StatusRuntimeException: UNAVAILABLE: io exception
	at java.util.concurrent.FutureTask.report(FutureTask.java:122)
	at java.util.concurrent.FutureTask.get(FutureTask.java:192)
	at org.apache.ratis.server.impl.LeaderElection.waitForResults(LeaderElection.java:259)
	at org.apache.ratis.server.impl.LeaderElection.askForVotes(LeaderElection.java:197)
	at org.apache.ratis.server.impl.LeaderElection.run(LeaderElection.java:133)
	at java.lang.Thread.run(Thread.java:748)
Caused by: org.apache.ratis.thirdparty.io.grpc.StatusRuntimeException: UNAVAILABLE: io exception
	at org.apache.ratis.thirdparty.io.grpc.stub.ClientCalls.toStatusRuntimeException(ClientCalls.java:233)
	at org.apache.ratis.thirdparty.io.grpc.stub.ClientCalls.getUnchecked(ClientCalls.java:214)
	at org.apache.ratis.thirdparty.io.grpc.stub.ClientCalls.blockingUnaryCall(ClientCalls.java:139)
	at org.apache.ratis.proto.grpc.RaftServerProtocolServiceGrpc$RaftServerProtocolServiceBlockingStub.requestVote(RaftServerProtocolServiceGrpc.java:265)
	at org.apache.ratis.grpc.server.GrpcServerProtocolClient.requestVote(GrpcServerProtocolClient.java:99)
	at org.apache.ratis.grpc.server.GrpcService.requestVote(GrpcService.java:204)
	at org.apache.ratis.server.impl.LeaderElection.lambda$submitRequests$1(LeaderElection.java:234)
	at java.util.concurrent.FutureTask.run(FutureTask.java:266)
	at java.util.concurrent.Executors$RunnableAdapter.call(Executors.java:511)
	at java.util.concurrent.FutureTask.run(FutureTask.java:266)
	at java.util.concurrent.ThreadPoolExecutor.runWorker(ThreadPoolExecutor.java:1149)
	at java.util.concurrent.ThreadPoolExecutor$Worker.run(ThreadPoolExecutor.java:624)
	... 1 more
Caused by: org.apache.ratis.thirdparty.io.netty.channel.AbstractChannel$AnnotatedConnectException: Connection refused: /192.168.151.92:36198
	at sun.nio.ch.SocketChannelImpl.checkConnect(Native Method)
	at sun.nio.ch.SocketChannelImpl.finishConnect(SocketChannelImpl.java:717)
	at org.apache.ratis.thirdparty.io.netty.channel.socket.nio.NioSocketChannel.doFinishConnect(NioSocketChannel.java:327)
	at org.apache.ratis.thirdparty.io.netty.channel.nio.AbstractNioChannel$AbstractNioUnsafe.finishConnect(AbstractNioChannel.java:340)
	at org.apache.ratis.thirdparty.io.netty.channel.nio.NioEventLoop.processSelectedKey(NioEventLoop.java:632)
	at org.apache.ratis.thirdparty.io.netty.channel.nio.NioEventLoop.processSelectedKeysOptimized(NioEventLoop.java:579)
	at org.apache.ratis.thirdparty.io.netty.channel.nio.NioEventLoop.processSelectedKeys(NioEventLoop.java:496)
	at org.apache.ratis.thirdparty.io.netty.channel.nio.NioEventLoop.run(NioEventLoop.java:458)
	at org.apache.ratis.thirdparty.io.netty.util.concurrent.SingleThreadEventExecutor$5.run(SingleThreadEventExecutor.java:897)
	at org.apache.ratis.thirdparty.io.netty.util.concurrent.FastThreadLocalRunnable.run(FastThreadLocalRunnable.java:30)
	... 1 more
Caused by: java.net.ConnectException: Connection refused
	... 11 more
2019-10-02 10:23:48,642 [663b2fe6-68c2-4e66-9671-0aa57c3653e2@group-D826C21BBF81-LeaderElection46] INFO  impl.LeaderElection (LogUtils.java:infoOrTrace(149)) - 663b2fe6-68c2-4e66-9671-0aa57c3653e2@group-D826C21BBF81-LeaderElection46 got exception when requesting votes: {}
java.util.concurrent.ExecutionException: org.apache.ratis.thirdparty.io.grpc.StatusRuntimeException: UNAVAILABLE: io exception
	at java.util.concurrent.FutureTask.report(FutureTask.java:122)
	at java.util.concurrent.FutureTask.get(FutureTask.java:192)
	at org.apache.ratis.server.impl.LeaderElection.waitForResults(LeaderElection.java:259)
	at org.apache.ratis.server.impl.LeaderElection.askForVotes(LeaderElection.java:197)
	at org.apache.ratis.server.impl.LeaderElection.run(LeaderElection.java:133)
	at java.lang.Thread.run(Thread.java:748)
Caused by: org.apache.ratis.thirdparty.io.grpc.StatusRuntimeException: UNAVAILABLE: io exception
	at org.apache.ratis.thirdparty.io.grpc.stub.ClientCalls.toStatusRuntimeException(ClientCalls.java:233)
	at org.apache.ratis.thirdparty.io.grpc.stub.ClientCalls.getUnchecked(ClientCalls.java:214)
	at org.apache.ratis.thirdparty.io.grpc.stub.ClientCalls.blockingUnaryCall(ClientCalls.java:139)
	at org.apache.ratis.proto.grpc.RaftServerProtocolServiceGrpc$RaftServerProtocolServiceBlockingStub.requestVote(RaftServerProtocolServiceGrpc.java:265)
	at org.apache.ratis.grpc.server.GrpcServerProtocolClient.requestVote(GrpcServerProtocolClient.java:99)
	at org.apache.ratis.grpc.server.GrpcService.requestVote(GrpcService.java:204)
	at org.apache.ratis.server.impl.LeaderElection.lambda$submitRequests$1(LeaderElection.java:234)
	at java.util.concurrent.FutureTask.run(FutureTask.java:266)
	at java.util.concurrent.Executors$RunnableAdapter.call(Executors.java:511)
	at java.util.concurrent.FutureTask.run(FutureTask.java:266)
	at java.util.concurrent.ThreadPoolExecutor.runWorker(ThreadPoolExecutor.java:1149)
	at java.util.concurrent.ThreadPoolExecutor$Worker.run(ThreadPoolExecutor.java:624)
	... 1 more
Caused by: org.apache.ratis.thirdparty.io.netty.channel.AbstractChannel$AnnotatedConnectException: Connection refused: /192.168.151.92:40801
	at sun.nio.ch.SocketChannelImpl.checkConnect(Native Method)
	at sun.nio.ch.SocketChannelImpl.finishConnect(SocketChannelImpl.java:717)
	at org.apache.ratis.thirdparty.io.netty.channel.socket.nio.NioSocketChannel.doFinishConnect(NioSocketChannel.java:327)
	at org.apache.ratis.thirdparty.io.netty.channel.nio.AbstractNioChannel$AbstractNioUnsafe.finishConnect(AbstractNioChannel.java:340)
	at org.apache.ratis.thirdparty.io.netty.channel.nio.NioEventLoop.processSelectedKey(NioEventLoop.java:632)
	at org.apache.ratis.thirdparty.io.netty.channel.nio.NioEventLoop.processSelectedKeysOptimized(NioEventLoop.java:579)
	at org.apache.ratis.thirdparty.io.netty.channel.nio.NioEventLoop.processSelectedKeys(NioEventLoop.java:496)
	at org.apache.ratis.thirdparty.io.netty.channel.nio.NioEventLoop.run(NioEventLoop.java:458)
	at org.apache.ratis.thirdparty.io.netty.util.concurrent.SingleThreadEventExecutor$5.run(SingleThreadEventExecutor.java:897)
	at org.apache.ratis.thirdparty.io.netty.util.concurrent.FastThreadLocalRunnable.run(FastThreadLocalRunnable.java:30)
	... 1 more
Caused by: java.net.ConnectException: Connection refused
	... 11 more
2019-10-02 10:23:48,644 [663b2fe6-68c2-4e66-9671-0aa57c3653e2@group-D826C21BBF81-LeaderElection46] INFO  impl.LeaderElection (LeaderElection.java:logAndReturn(56)) - 663b2fe6-68c2-4e66-9671-0aa57c3653e2@group-D826C21BBF81-LeaderElection46: Election REJECTED; received 0 response(s) [] and 2 exception(s); 663b2fe6-68c2-4e66-9671-0aa57c3653e2@group-D826C21BBF81:t4, leader=null, voted=663b2fe6-68c2-4e66-9671-0aa57c3653e2, raftlog=663b2fe6-68c2-4e66-9671-0aa57c3653e2@group-D826C21BBF81-SegmentedRaftLog:OPENED:c0,f0,i0, conf=0: [663b2fe6-68c2-4e66-9671-0aa57c3653e2:192.168.151.92:41388, 67f1a5fe-c7be-4ecb-b503-d243409340fd:192.168.151.92:36198, 438152b3-e18d-41ab-8849-fe8d3376297f:192.168.151.92:40801], old=null
2019-10-02 10:23:48,645 [663b2fe6-68c2-4e66-9671-0aa57c3653e2@group-D826C21BBF81-LeaderElection46] INFO  impl.LeaderElection (LogUtils.java:infoOrTrace(149)) -   Exception 0: {}
java.util.concurrent.ExecutionException: org.apache.ratis.thirdparty.io.grpc.StatusRuntimeException: UNAVAILABLE: io exception
	at java.util.concurrent.FutureTask.report(FutureTask.java:122)
	at java.util.concurrent.FutureTask.get(FutureTask.java:192)
	at org.apache.ratis.server.impl.LeaderElection.waitForResults(LeaderElection.java:259)
	at org.apache.ratis.server.impl.LeaderElection.askForVotes(LeaderElection.java:197)
	at org.apache.ratis.server.impl.LeaderElection.run(LeaderElection.java:133)
	at java.lang.Thread.run(Thread.java:748)
Caused by: org.apache.ratis.thirdparty.io.grpc.StatusRuntimeException: UNAVAILABLE: io exception
	at org.apache.ratis.thirdparty.io.grpc.stub.ClientCalls.toStatusRuntimeException(ClientCalls.java:233)
	at org.apache.ratis.thirdparty.io.grpc.stub.ClientCalls.getUnchecked(ClientCalls.java:214)
	at org.apache.ratis.thirdparty.io.grpc.stub.ClientCalls.blockingUnaryCall(ClientCalls.java:139)
	at org.apache.ratis.proto.grpc.RaftServerProtocolServiceGrpc$RaftServerProtocolServiceBlockingStub.requestVote(RaftServerProtocolServiceGrpc.java:265)
	at org.apache.ratis.grpc.server.GrpcServerProtocolClient.requestVote(GrpcServerProtocolClient.java:99)
	at org.apache.ratis.grpc.server.GrpcService.requestVote(GrpcService.java:204)
	at org.apache.ratis.server.impl.LeaderElection.lambda$submitRequests$1(LeaderElection.java:234)
	at java.util.concurrent.FutureTask.run(FutureTask.java:266)
	at java.util.concurrent.Executors$RunnableAdapter.call(Executors.java:511)
	at java.util.concurrent.FutureTask.run(FutureTask.java:266)
	at java.util.concurrent.ThreadPoolExecutor.runWorker(ThreadPoolExecutor.java:1149)
	at java.util.concurrent.ThreadPoolExecutor$Worker.run(ThreadPoolExecutor.java:624)
	... 1 more
Caused by: org.apache.ratis.thirdparty.io.netty.channel.AbstractChannel$AnnotatedConnectException: Connection refused: /192.168.151.92:36198
	at sun.nio.ch.SocketChannelImpl.checkConnect(Native Method)
	at sun.nio.ch.SocketChannelImpl.finishConnect(SocketChannelImpl.java:717)
	at org.apache.ratis.thirdparty.io.netty.channel.socket.nio.NioSocketChannel.doFinishConnect(NioSocketChannel.java:327)
	at org.apache.ratis.thirdparty.io.netty.channel.nio.AbstractNioChannel$AbstractNioUnsafe.finishConnect(AbstractNioChannel.java:340)
	at org.apache.ratis.thirdparty.io.netty.channel.nio.NioEventLoop.processSelectedKey(NioEventLoop.java:632)
	at org.apache.ratis.thirdparty.io.netty.channel.nio.NioEventLoop.processSelectedKeysOptimized(NioEventLoop.java:579)
	at org.apache.ratis.thirdparty.io.netty.channel.nio.NioEventLoop.processSelectedKeys(NioEventLoop.java:496)
	at org.apache.ratis.thirdparty.io.netty.channel.nio.NioEventLoop.run(NioEventLoop.java:458)
	at org.apache.ratis.thirdparty.io.netty.util.concurrent.SingleThreadEventExecutor$5.run(SingleThreadEventExecutor.java:897)
	at org.apache.ratis.thirdparty.io.netty.util.concurrent.FastThreadLocalRunnable.run(FastThreadLocalRunnable.java:30)
	... 1 more
Caused by: java.net.ConnectException: Connection refused
	... 11 more
2019-10-02 10:23:48,645 [663b2fe6-68c2-4e66-9671-0aa57c3653e2@group-D826C21BBF81-LeaderElection46] INFO  impl.LeaderElection (LogUtils.java:infoOrTrace(149)) -   Exception 1: {}
java.util.concurrent.ExecutionException: org.apache.ratis.thirdparty.io.grpc.StatusRuntimeException: UNAVAILABLE: io exception
	at java.util.concurrent.FutureTask.report(FutureTask.java:122)
	at java.util.concurrent.FutureTask.get(FutureTask.java:192)
	at org.apache.ratis.server.impl.LeaderElection.waitForResults(LeaderElection.java:259)
	at org.apache.ratis.server.impl.LeaderElection.askForVotes(LeaderElection.java:197)
	at org.apache.ratis.server.impl.LeaderElection.run(LeaderElection.java:133)
	at java.lang.Thread.run(Thread.java:748)
Caused by: org.apache.ratis.thirdparty.io.grpc.StatusRuntimeException: UNAVAILABLE: io exception
	at org.apache.ratis.thirdparty.io.grpc.stub.ClientCalls.toStatusRuntimeException(ClientCalls.java:233)
	at org.apache.ratis.thirdparty.io.grpc.stub.ClientCalls.getUnchecked(ClientCalls.java:214)
	at org.apache.ratis.thirdparty.io.grpc.stub.ClientCalls.blockingUnaryCall(ClientCalls.java:139)
	at org.apache.ratis.proto.grpc.RaftServerProtocolServiceGrpc$RaftServerProtocolServiceBlockingStub.requestVote(RaftServerProtocolServiceGrpc.java:265)
	at org.apache.ratis.grpc.server.GrpcServerProtocolClient.requestVote(GrpcServerProtocolClient.java:99)
	at org.apache.ratis.grpc.server.GrpcService.requestVote(GrpcService.java:204)
	at org.apache.ratis.server.impl.LeaderElection.lambda$submitRequests$1(LeaderElection.java:234)
	at java.util.concurrent.FutureTask.run(FutureTask.java:266)
	at java.util.concurrent.Executors$RunnableAdapter.call(Executors.java:511)
	at java.util.concurrent.FutureTask.run(FutureTask.java:266)
	at java.util.concurrent.ThreadPoolExecutor.runWorker(ThreadPoolExecutor.java:1149)
	at java.util.concurrent.ThreadPoolExecutor$Worker.run(ThreadPoolExecutor.java:624)
	... 1 more
Caused by: org.apache.ratis.thirdparty.io.netty.channel.AbstractChannel$AnnotatedConnectException: Connection refused: /192.168.151.92:40801
	at sun.nio.ch.SocketChannelImpl.checkConnect(Native Method)
	at sun.nio.ch.SocketChannelImpl.finishConnect(SocketChannelImpl.java:717)
	at org.apache.ratis.thirdparty.io.netty.channel.socket.nio.NioSocketChannel.doFinishConnect(NioSocketChannel.java:327)
	at org.apache.ratis.thirdparty.io.netty.channel.nio.AbstractNioChannel$AbstractNioUnsafe.finishConnect(AbstractNioChannel.java:340)
	at org.apache.ratis.thirdparty.io.netty.channel.nio.NioEventLoop.processSelectedKey(NioEventLoop.java:632)
	at org.apache.ratis.thirdparty.io.netty.channel.nio.NioEventLoop.processSelectedKeysOptimized(NioEventLoop.java:579)
	at org.apache.ratis.thirdparty.io.netty.channel.nio.NioEventLoop.processSelectedKeys(NioEventLoop.java:496)
	at org.apache.ratis.thirdparty.io.netty.channel.nio.NioEventLoop.run(NioEventLoop.java:458)
	at org.apache.ratis.thirdparty.io.netty.util.concurrent.SingleThreadEventExecutor$5.run(SingleThreadEventExecutor.java:897)
	at org.apache.ratis.thirdparty.io.netty.util.concurrent.FastThreadLocalRunnable.run(FastThreadLocalRunnable.java:30)
	... 1 more
Caused by: java.net.ConnectException: Connection refused
	... 11 more
2019-10-02 10:23:48,645 [663b2fe6-68c2-4e66-9671-0aa57c3653e2@group-D826C21BBF81-LeaderElection46] INFO  impl.RaftServerImpl (RaftServerImpl.java:setRole(170)) - 663b2fe6-68c2-4e66-9671-0aa57c3653e2@group-D826C21BBF81: changes role from CANDIDATE to FOLLOWER at term 4 for DISCOVERED_A_NEW_TERM
2019-10-02 10:23:48,646 [663b2fe6-68c2-4e66-9671-0aa57c3653e2@group-D826C21BBF81-LeaderElection46] INFO  impl.RoleInfo (RoleInfo.java:shutdownLeaderElection(134)) - 663b2fe6-68c2-4e66-9671-0aa57c3653e2: shutdown LeaderElection
2019-10-02 10:23:48,646 [663b2fe6-68c2-4e66-9671-0aa57c3653e2@group-D826C21BBF81-LeaderElection46] INFO  impl.RoleInfo (RoleInfo.java:updateAndGet(143)) - 663b2fe6-68c2-4e66-9671-0aa57c3653e2: start FollowerState
2019-10-02 10:23:49,437 [ForkJoinPool.commonPool-worker-1] INFO  ozoneimpl.OzoneContainer (OzoneContainer.java:stop(231)) - Attempting to stop container services.
2019-10-02 10:23:49,441 [main] INFO  ozoneimpl.OzoneContainer (OzoneContainer.java:stop(231)) - Attempting to stop container services.
2019-10-02 10:23:49,441 [ForkJoinPool.commonPool-worker-1] INFO  impl.RaftServerProxy (RaftServerProxy.java:lambda$close$4(314)) - b70c9021-8da6-41e6-a976-daf4f7fbddb8: close
2019-10-02 10:23:49,441 [main] INFO  impl.RaftServerProxy (RaftServerProxy.java:lambda$close$4(314)) - e651fbfb-20c0-4662-a7f7-0a3dd600170c: close
2019-10-02 10:23:49,442 [ForkJoinPool.commonPool-worker-1] INFO  impl.RaftServerImpl (RaftServerImpl.java:lambda$shutdown$3(247)) - b70c9021-8da6-41e6-a976-daf4f7fbddb8@group-9226F635A431: shutdown
2019-10-02 10:23:49,442 [main] INFO  impl.RaftServerImpl (RaftServerImpl.java:lambda$shutdown$3(247)) - e651fbfb-20c0-4662-a7f7-0a3dd600170c@group-FBF4E43B706F: shutdown
2019-10-02 10:23:49,442 [ForkJoinPool.commonPool-worker-1] INFO  util.JmxRegister (JmxRegister.java:unregister(73)) - Successfully un-registered JMX Bean with object name Ratis:service=RaftServer,group=group-9226F635A431,id=b70c9021-8da6-41e6-a976-daf4f7fbddb8
2019-10-02 10:23:49,442 [main] INFO  util.JmxRegister (JmxRegister.java:unregister(73)) - Successfully un-registered JMX Bean with object name Ratis:service=RaftServer,group=group-FBF4E43B706F,id=e651fbfb-20c0-4662-a7f7-0a3dd600170c
2019-10-02 10:23:49,442 [ForkJoinPool.commonPool-worker-1] INFO  impl.RoleInfo (RoleInfo.java:shutdownLeaderState(104)) - b70c9021-8da6-41e6-a976-daf4f7fbddb8: shutdown LeaderState
2019-10-02 10:23:49,443 [main] INFO  impl.RoleInfo (RoleInfo.java:shutdownLeaderState(104)) - e651fbfb-20c0-4662-a7f7-0a3dd600170c: shutdown LeaderState
2019-10-02 10:23:49,447 [org.apache.ratis.server.impl.LogAppender$AppenderDaemon$$Lambda$688/257982498@3ae38663] WARN  server.GrpcLogAppender (GrpcLogAppender.java:mayWait(143)) - b70c9021-8da6-41e6-a976-daf4f7fbddb8@group-9226F635A431->298c2419-298a-4ac1-a348-589b955770c1-GrpcLogAppender: Wait interrupted by java.lang.InterruptedException
2019-10-02 10:23:49,447 [ForkJoinPool.commonPool-worker-1] INFO  impl.PendingRequests (PendingRequests.java:sendNotLeaderResponses(202)) - b70c9021-8da6-41e6-a976-daf4f7fbddb8@group-9226F635A431-PendingRequests: sendNotLeaderResponses
2019-10-02 10:23:49,447 [org.apache.ratis.server.impl.LogAppender$AppenderDaemon$$Lambda$688/257982498@5e9459c9] WARN  server.GrpcLogAppender (GrpcLogAppender.java:mayWait(143)) - b70c9021-8da6-41e6-a976-daf4f7fbddb8@group-9226F635A431->cc1fcddd-974e-4515-9faf-cb0b34c0ae51-GrpcLogAppender: Wait interrupted by java.lang.InterruptedException
2019-10-02 10:23:49,447 [main] INFO  impl.PendingRequests (PendingRequests.java:sendNotLeaderResponses(202)) - e651fbfb-20c0-4662-a7f7-0a3dd600170c@group-FBF4E43B706F-PendingRequests: sendNotLeaderResponses
2019-10-02 10:23:49,448 [ForkJoinPool.commonPool-worker-1] INFO  impl.StateMachineUpdater (StateMachineUpdater.java:stopAndJoin(136)) - b70c9021-8da6-41e6-a976-daf4f7fbddb8@group-9226F635A431-StateMachineUpdater: set stopIndex = 0
2019-10-02 10:23:49,448 [main] INFO  impl.StateMachineUpdater (StateMachineUpdater.java:stopAndJoin(136)) - e651fbfb-20c0-4662-a7f7-0a3dd600170c@group-FBF4E43B706F-StateMachineUpdater: set stopIndex = 0
2019-10-02 10:23:49,448 [ForkJoinPool.commonPool-worker-1] INFO  impl.RaftServerImpl (ServerState.java:close(387)) - b70c9021-8da6-41e6-a976-daf4f7fbddb8@group-9226F635A431: closes. applyIndex: 0
2019-10-02 10:23:49,448 [grpc-default-executor-10] INFO  server.GrpcServerProtocolService (GrpcServerProtocolService.java:onCompleted(113)) - 298c2419-298a-4ac1-a348-589b955770c1: Completed APPEND_ENTRIES, lastRequest: b70c9021-8da6-41e6-a976-daf4f7fbddb8->298c2419-298a-4ac1-a348-589b955770c1#17-t1, previous=(t:1, i:0), leaderCommit=0, initializing? false, entries: <empty>
2019-10-02 10:23:49,448 [grpc-default-executor-12] INFO  server.GrpcServerProtocolService (GrpcServerProtocolService.java:onCompleted(113)) - cc1fcddd-974e-4515-9faf-cb0b34c0ae51: Completed APPEND_ENTRIES, lastRequest: b70c9021-8da6-41e6-a976-daf4f7fbddb8->cc1fcddd-974e-4515-9faf-cb0b34c0ae51#17-t1, previous=(t:1, i:0), leaderCommit=0, initializing? false, entries: <empty>
2019-10-02 10:23:49,449 [b70c9021-8da6-41e6-a976-daf4f7fbddb8@group-9226F635A431-SegmentedRaftLogWorker] INFO  segmented.SegmentedRaftLogWorker (SegmentedRaftLogWorker.java:run(316)) - b70c9021-8da6-41e6-a976-daf4f7fbddb8@group-9226F635A431-SegmentedRaftLogWorker was interrupted, exiting. There are 0 tasks remaining in the queue.
2019-10-02 10:23:49,448 [main] INFO  impl.RaftServerImpl (ServerState.java:close(387)) - e651fbfb-20c0-4662-a7f7-0a3dd600170c@group-FBF4E43B706F: closes. applyIndex: 0
2019-10-02 10:23:49,449 [ForkJoinPool.commonPool-worker-1] INFO  segmented.SegmentedRaftLogWorker (SegmentedRaftLogWorker.java:close(224)) - b70c9021-8da6-41e6-a976-daf4f7fbddb8@group-9226F635A431-SegmentedRaftLogWorker close()
2019-10-02 10:23:49,450 [e651fbfb-20c0-4662-a7f7-0a3dd600170c@group-FBF4E43B706F-SegmentedRaftLogWorker] INFO  segmented.SegmentedRaftLogWorker (SegmentedRaftLogWorker.java:run(316)) - e651fbfb-20c0-4662-a7f7-0a3dd600170c@group-FBF4E43B706F-SegmentedRaftLogWorker was interrupted, exiting. There are 0 tasks remaining in the queue.
2019-10-02 10:23:49,452 [ForkJoinPool.commonPool-worker-1] INFO  impl.RaftServerImpl (RaftServerImpl.java:lambda$shutdown$3(247)) - b70c9021-8da6-41e6-a976-daf4f7fbddb8@group-DBF4EAE54D3A: shutdown
2019-10-02 10:23:49,452 [main] INFO  segmented.SegmentedRaftLogWorker (SegmentedRaftLogWorker.java:close(224)) - e651fbfb-20c0-4662-a7f7-0a3dd600170c@group-FBF4E43B706F-SegmentedRaftLogWorker close()
2019-10-02 10:23:49,452 [grpc-default-executor-10] INFO  server.GrpcLogAppender (GrpcLogAppender.java:onCompleted(293)) - b70c9021-8da6-41e6-a976-daf4f7fbddb8@group-9226F635A431->cc1fcddd-974e-4515-9faf-cb0b34c0ae51-AppendLogResponseHandler: follower responses appendEntries COMPLETED
2019-10-02 10:23:49,452 [ForkJoinPool.commonPool-worker-1] INFO  util.JmxRegister (JmxRegister.java:unregister(73)) - Successfully un-registered JMX Bean with object name Ratis:service=RaftServer,group=group-DBF4EAE54D3A,id=b70c9021-8da6-41e6-a976-daf4f7fbddb8
2019-10-02 10:23:49,454 [main] INFO  server.GrpcService (GrpcService.java:closeImpl(164)) - e651fbfb-20c0-4662-a7f7-0a3dd600170c: shutdown server with port 40542 now
2019-10-02 10:23:49,454 [grpc-default-executor-12] INFO  server.GrpcLogAppender (GrpcLogAppender.java:onCompleted(293)) - b70c9021-8da6-41e6-a976-daf4f7fbddb8@group-9226F635A431->298c2419-298a-4ac1-a348-589b955770c1-AppendLogResponseHandler: follower responses appendEntries COMPLETED
2019-10-02 10:23:49,455 [ForkJoinPool.commonPool-worker-1] INFO  impl.RoleInfo (RoleInfo.java:shutdownLeaderState(104)) - b70c9021-8da6-41e6-a976-daf4f7fbddb8: shutdown LeaderState
2019-10-02 10:23:49,457 [main] INFO  server.GrpcService (GrpcService.java:closeImpl(172)) - e651fbfb-20c0-4662-a7f7-0a3dd600170c: shutdown server with port 40542 successfully
2019-10-02 10:23:49,455 [grpc-default-executor-10] INFO  impl.FollowerInfo (FollowerInfo.java:lambda$new$0(51)) - b70c9021-8da6-41e6-a976-daf4f7fbddb8@group-9226F635A431->cc1fcddd-974e-4515-9faf-cb0b34c0ae51: nextIndex: updateUnconditionally 1 -> 0
2019-10-02 10:23:49,457 [ForkJoinPool.commonPool-worker-1] INFO  impl.PendingRequests (PendingRequests.java:sendNotLeaderResponses(202)) - b70c9021-8da6-41e6-a976-daf4f7fbddb8@group-DBF4EAE54D3A-PendingRequests: sendNotLeaderResponses
2019-10-02 10:23:49,458 [ForkJoinPool.commonPool-worker-1] INFO  impl.StateMachineUpdater (StateMachineUpdater.java:stopAndJoin(136)) - b70c9021-8da6-41e6-a976-daf4f7fbddb8@group-DBF4EAE54D3A-StateMachineUpdater: set stopIndex = 0
2019-10-02 10:23:49,459 [ForkJoinPool.commonPool-worker-1] INFO  impl.RaftServerImpl (ServerState.java:close(387)) - b70c9021-8da6-41e6-a976-daf4f7fbddb8@group-DBF4EAE54D3A: closes. applyIndex: 0
2019-10-02 10:23:49,459 [b70c9021-8da6-41e6-a976-daf4f7fbddb8@group-DBF4EAE54D3A-SegmentedRaftLogWorker] INFO  segmented.SegmentedRaftLogWorker (SegmentedRaftLogWorker.java:run(316)) - b70c9021-8da6-41e6-a976-daf4f7fbddb8@group-DBF4EAE54D3A-SegmentedRaftLogWorker was interrupted, exiting. There are 0 tasks remaining in the queue.
2019-10-02 10:23:49,459 [grpc-default-executor-12] INFO  impl.FollowerInfo (FollowerInfo.java:lambda$new$0(51)) - b70c9021-8da6-41e6-a976-daf4f7fbddb8@group-9226F635A431->298c2419-298a-4ac1-a348-589b955770c1: nextIndex: updateUnconditionally 1 -> 0
2019-10-02 10:23:49,460 [ForkJoinPool.commonPool-worker-1] INFO  segmented.SegmentedRaftLogWorker (SegmentedRaftLogWorker.java:close(224)) - b70c9021-8da6-41e6-a976-daf4f7fbddb8@group-DBF4EAE54D3A-SegmentedRaftLogWorker close()
2019-10-02 10:23:49,462 [ForkJoinPool.commonPool-worker-1] INFO  server.GrpcService (GrpcService.java:closeImpl(164)) - b70c9021-8da6-41e6-a976-daf4f7fbddb8: shutdown server with port 38657 now
2019-10-02 10:23:49,463 [ForkJoinPool.commonPool-worker-1] INFO  server.GrpcService (GrpcService.java:closeImpl(172)) - b70c9021-8da6-41e6-a976-daf4f7fbddb8: shutdown server with port 38657 successfully
2019-10-02 10:23:49,464 [refreshUsed-/workdir/hadoop-ozone/integration-test/target/test-dir/MiniOzoneClusterImpl-a60b818f-4dd1-4965-bff3-fb44efcd9a0b/datanode-3/data/containers] WARN  fs.CachingGetSpaceUsed (CachingGetSpaceUsed.java:run(183)) - Thread Interrupted waiting to refresh disk information: sleep interrupted
2019-10-02 10:23:49,478 [refreshUsed-/workdir/hadoop-ozone/integration-test/target/test-dir/MiniOzoneClusterImpl-a60b818f-4dd1-4965-bff3-fb44efcd9a0b/datanode-2/data/containers] WARN  fs.CachingGetSpaceUsed (CachingGetSpaceUsed.java:run(183)) - Thread Interrupted waiting to refresh disk information: sleep interrupted
2019-10-02 10:23:49,492 [ForkJoinPool.commonPool-worker-1] INFO  utils.BackgroundService (BackgroundService.java:shutdown(148)) - Shutting down service BlockDeletingService
2019-10-02 10:23:49,497 [ForkJoinPool.commonPool-worker-1] INFO  statemachine.DatanodeStateMachine (DatanodeStateMachine.java:stopDaemon(395)) - Ozone container server stopped.
2019-10-02 10:23:49,497 [main] INFO  utils.BackgroundService (BackgroundService.java:shutdown(148)) - Shutting down service BlockDeletingService
2019-10-02 10:23:49,502 [main] INFO  statemachine.DatanodeStateMachine (DatanodeStateMachine.java:stopDaemon(395)) - Ozone container server stopped.
2019-10-02 10:23:49,502 [ForkJoinPool.commonPool-worker-1] INFO  handler.ContextHandler (ContextHandler.java:doStop(910)) - Stopped o.e.j.w.WebAppContext@dc4a691{/,null,UNAVAILABLE}{/hddsDatanode}
2019-10-02 10:23:49,503 [main] INFO  handler.ContextHandler (ContextHandler.java:doStop(910)) - Stopped o.e.j.w.WebAppContext@1859e2a4{/,null,UNAVAILABLE}{/hddsDatanode}
2019-10-02 10:23:49,504 [ForkJoinPool.commonPool-worker-1] INFO  server.AbstractConnector (AbstractConnector.java:doStop(318)) - Stopped ServerConnector@784abd3e{HTTP/1.1,[http/1.1]}{0.0.0.0:0}
2019-10-02 10:23:49,505 [ForkJoinPool.commonPool-worker-1] INFO  handler.ContextHandler (ContextHandler.java:doStop(910)) - Stopped o.e.j.s.ServletContextHandler@b52b755{/static,jar:file:/home/user/.m2/repository/org/apache/hadoop/hadoop-hdds-container-service/0.5.0-SNAPSHOT/hadoop-hdds-container-service-0.5.0-SNAPSHOT.jar!/webapps/static,UNAVAILABLE}
2019-10-02 10:23:49,505 [main] INFO  server.AbstractConnector (AbstractConnector.java:doStop(318)) - Stopped ServerConnector@46349b95{HTTP/1.1,[http/1.1]}{0.0.0.0:0}
2019-10-02 10:23:49,506 [ForkJoinPool.commonPool-worker-1] INFO  handler.ContextHandler (ContextHandler.java:doStop(910)) - Stopped o.e.j.s.ServletContextHandler@151bf776{/logs,file:///workdir/hadoop-ozone/integration-test/target/log,UNAVAILABLE}
2019-10-02 10:23:49,506 [main] INFO  handler.ContextHandler (ContextHandler.java:doStop(910)) - Stopped o.e.j.s.ServletContextHandler@3d4e405e{/static,jar:file:/home/user/.m2/repository/org/apache/hadoop/hadoop-hdds-container-service/0.5.0-SNAPSHOT/hadoop-hdds-container-service-0.5.0-SNAPSHOT.jar!/webapps/static,UNAVAILABLE}
2019-10-02 10:23:49,507 [main] INFO  handler.ContextHandler (ContextHandler.java:doStop(910)) - Stopped o.e.j.s.ServletContextHandler@5634d0f4{/logs,file:///workdir/hadoop-ozone/integration-test/target/log,UNAVAILABLE}
2019-10-02 10:23:49,929 [Datanode State Machine Thread - 0] INFO  statemachine.DatanodeStateMachine (DatanodeStateMachine.java:lambda$startDaemon$0(350)) - Ozone container server started.
2019-10-02 10:23:50,026 [Datanode State Machine Thread - 0] INFO  statemachine.DatanodeStateMachine (DatanodeStateMachine.java:lambda$startDaemon$0(350)) - Ozone container server started.
2019-10-02 10:23:53,270 [Thread-1126] INFO  impl.FollowerState (FollowerState.java:run(108)) - cc1fcddd-974e-4515-9faf-cb0b34c0ae51@group-9226F635A431-FollowerState: change to CANDIDATE, lastRpcTime:5475ms, electionTimeout:5032ms
2019-10-02 10:23:53,270 [Thread-1126] INFO  impl.RoleInfo (RoleInfo.java:shutdownFollowerState(121)) - cc1fcddd-974e-4515-9faf-cb0b34c0ae51: shutdown FollowerState
2019-10-02 10:23:53,271 [Thread-1126] INFO  impl.RaftServerImpl (RaftServerImpl.java:setRole(170)) - cc1fcddd-974e-4515-9faf-cb0b34c0ae51@group-9226F635A431: changes role from  FOLLOWER to CANDIDATE at term 1 for changeToCandidate
2019-10-02 10:23:53,271 [Thread-1126] INFO  impl.RoleInfo (RoleInfo.java:updateAndGet(143)) - cc1fcddd-974e-4515-9faf-cb0b34c0ae51: start LeaderElection
2019-10-02 10:23:53,274 [cc1fcddd-974e-4515-9faf-cb0b34c0ae51@group-9226F635A431-LeaderElection47] INFO  impl.RaftServerImpl (ServerState.java:setLeader(255)) - cc1fcddd-974e-4515-9faf-cb0b34c0ae51@group-9226F635A431: change Leader from b70c9021-8da6-41e6-a976-daf4f7fbddb8 to null at term 1 for initElection
2019-10-02 10:23:53,518 [Thread-1125] INFO  impl.FollowerState (FollowerState.java:run(108)) - 298c2419-298a-4ac1-a348-589b955770c1@group-9226F635A431-FollowerState: change to CANDIDATE, lastRpcTime:5723ms, electionTimeout:5061ms
2019-10-02 10:23:53,518 [Thread-1125] INFO  impl.RoleInfo (RoleInfo.java:shutdownFollowerState(121)) - 298c2419-298a-4ac1-a348-589b955770c1: shutdown FollowerState
2019-10-02 10:23:53,518 [Thread-1125] INFO  impl.RaftServerImpl (RaftServerImpl.java:setRole(170)) - 298c2419-298a-4ac1-a348-589b955770c1@group-9226F635A431: changes role from  FOLLOWER to CANDIDATE at term 1 for changeToCandidate
2019-10-02 10:23:53,519 [Thread-1125] INFO  impl.RoleInfo (RoleInfo.java:updateAndGet(143)) - 298c2419-298a-4ac1-a348-589b955770c1: start LeaderElection
2019-10-02 10:23:53,519 [298c2419-298a-4ac1-a348-589b955770c1@group-9226F635A431-LeaderElection48] INFO  impl.RaftServerImpl (ServerState.java:setLeader(255)) - 298c2419-298a-4ac1-a348-589b955770c1@group-9226F635A431: change Leader from b70c9021-8da6-41e6-a976-daf4f7fbddb8 to null at term 1 for initElection
2019-10-02 10:23:53,748 [Thread-1257] INFO  impl.FollowerState (FollowerState.java:run(108)) - 663b2fe6-68c2-4e66-9671-0aa57c3653e2@group-D826C21BBF81-FollowerState: change to CANDIDATE, lastRpcTime:5102ms, electionTimeout:5102ms
2019-10-02 10:23:53,749 [Thread-1257] INFO  impl.RoleInfo (RoleInfo.java:shutdownFollowerState(121)) - 663b2fe6-68c2-4e66-9671-0aa57c3653e2: shutdown FollowerState
2019-10-02 10:23:53,749 [Thread-1257] INFO  impl.RaftServerImpl (RaftServerImpl.java:setRole(170)) - 663b2fe6-68c2-4e66-9671-0aa57c3653e2@group-D826C21BBF81: changes role from  FOLLOWER to CANDIDATE at term 4 for changeToCandidate
2019-10-02 10:23:53,749 [Thread-1257] INFO  impl.RoleInfo (RoleInfo.java:updateAndGet(143)) - 663b2fe6-68c2-4e66-9671-0aa57c3653e2: start LeaderElection
2019-10-02 10:23:54,509 [ForkJoinPool.commonPool-worker-1] INFO  ozoneimpl.OzoneContainer (OzoneContainer.java:stop(231)) - Attempting to stop container services.
2019-10-02 10:23:54,509 [main] INFO  ozoneimpl.OzoneContainer (OzoneContainer.java:stop(231)) - Attempting to stop container services.
2019-10-02 10:23:54,509 [ForkJoinPool.commonPool-worker-1] INFO  impl.RaftServerProxy (RaftServerProxy.java:lambda$close$4(314)) - 663b2fe6-68c2-4e66-9671-0aa57c3653e2: close
2019-10-02 10:23:54,509 [main] INFO  impl.RaftServerProxy (RaftServerProxy.java:lambda$close$4(314)) - cc1fcddd-974e-4515-9faf-cb0b34c0ae51: close
2019-10-02 10:23:54,509 [ForkJoinPool.commonPool-worker-1] INFO  impl.RaftServerImpl (RaftServerImpl.java:lambda$shutdown$3(247)) - 663b2fe6-68c2-4e66-9671-0aa57c3653e2@group-1E4A25AF1704: shutdown
2019-10-02 10:23:54,510 [main] INFO  impl.RaftServerImpl (RaftServerImpl.java:lambda$shutdown$3(247)) - cc1fcddd-974e-4515-9faf-cb0b34c0ae51@group-9F5054B6A10C: shutdown
2019-10-02 10:23:54,510 [ForkJoinPool.commonPool-worker-1] INFO  util.JmxRegister (JmxRegister.java:unregister(73)) - Successfully un-registered JMX Bean with object name Ratis:service=RaftServer,group=group-1E4A25AF1704,id=663b2fe6-68c2-4e66-9671-0aa57c3653e2
2019-10-02 10:23:54,510 [main] INFO  util.JmxRegister (JmxRegister.java:unregister(73)) - Successfully un-registered JMX Bean with object name Ratis:service=RaftServer,group=group-9F5054B6A10C,id=cc1fcddd-974e-4515-9faf-cb0b34c0ae51
2019-10-02 10:23:54,510 [ForkJoinPool.commonPool-worker-1] INFO  impl.RoleInfo (RoleInfo.java:shutdownLeaderState(104)) - 663b2fe6-68c2-4e66-9671-0aa57c3653e2: shutdown LeaderState
2019-10-02 10:23:54,510 [main] INFO  impl.RoleInfo (RoleInfo.java:shutdownLeaderState(104)) - cc1fcddd-974e-4515-9faf-cb0b34c0ae51: shutdown LeaderState
2019-10-02 10:23:54,511 [ForkJoinPool.commonPool-worker-1] INFO  impl.PendingRequests (PendingRequests.java:sendNotLeaderResponses(202)) - 663b2fe6-68c2-4e66-9671-0aa57c3653e2@group-1E4A25AF1704-PendingRequests: sendNotLeaderResponses
2019-10-02 10:23:54,511 [main] INFO  impl.PendingRequests (PendingRequests.java:sendNotLeaderResponses(202)) - cc1fcddd-974e-4515-9faf-cb0b34c0ae51@group-9F5054B6A10C-PendingRequests: sendNotLeaderResponses
2019-10-02 10:23:54,511 [ForkJoinPool.commonPool-worker-1] INFO  impl.StateMachineUpdater (StateMachineUpdater.java:stopAndJoin(136)) - 663b2fe6-68c2-4e66-9671-0aa57c3653e2@group-1E4A25AF1704-StateMachineUpdater: set stopIndex = 0
2019-10-02 10:23:54,511 [main] INFO  impl.StateMachineUpdater (StateMachineUpdater.java:stopAndJoin(136)) - cc1fcddd-974e-4515-9faf-cb0b34c0ae51@group-9F5054B6A10C-StateMachineUpdater: set stopIndex = 0
2019-10-02 10:23:54,512 [main] INFO  impl.RaftServerImpl (ServerState.java:close(387)) - cc1fcddd-974e-4515-9faf-cb0b34c0ae51@group-9F5054B6A10C: closes. applyIndex: 0
2019-10-02 10:23:54,512 [ForkJoinPool.commonPool-worker-1] INFO  impl.RaftServerImpl (ServerState.java:close(387)) - 663b2fe6-68c2-4e66-9671-0aa57c3653e2@group-1E4A25AF1704: closes. applyIndex: 0
2019-10-02 10:23:54,512 [cc1fcddd-974e-4515-9faf-cb0b34c0ae51@group-9F5054B6A10C-SegmentedRaftLogWorker] INFO  segmented.SegmentedRaftLogWorker (SegmentedRaftLogWorker.java:run(316)) - cc1fcddd-974e-4515-9faf-cb0b34c0ae51@group-9F5054B6A10C-SegmentedRaftLogWorker was interrupted, exiting. There are 0 tasks remaining in the queue.
2019-10-02 10:23:54,513 [663b2fe6-68c2-4e66-9671-0aa57c3653e2@group-1E4A25AF1704-SegmentedRaftLogWorker] INFO  segmented.SegmentedRaftLogWorker (SegmentedRaftLogWorker.java:run(316)) - 663b2fe6-68c2-4e66-9671-0aa57c3653e2@group-1E4A25AF1704-SegmentedRaftLogWorker was interrupted, exiting. There are 0 tasks remaining in the queue.
2019-10-02 10:23:54,513 [main] INFO  segmented.SegmentedRaftLogWorker (SegmentedRaftLogWorker.java:close(224)) - cc1fcddd-974e-4515-9faf-cb0b34c0ae51@group-9F5054B6A10C-SegmentedRaftLogWorker close()
2019-10-02 10:23:54,513 [ForkJoinPool.commonPool-worker-1] INFO  segmented.SegmentedRaftLogWorker (SegmentedRaftLogWorker.java:close(224)) - 663b2fe6-68c2-4e66-9671-0aa57c3653e2@group-1E4A25AF1704-SegmentedRaftLogWorker close()
2019-10-02 10:23:54,519 [main] INFO  impl.RaftServerImpl (RaftServerImpl.java:lambda$shutdown$3(247)) - cc1fcddd-974e-4515-9faf-cb0b34c0ae51@group-9226F635A431: shutdown
2019-10-02 10:23:54,519 [ForkJoinPool.commonPool-worker-1] INFO  impl.RaftServerImpl (RaftServerImpl.java:lambda$shutdown$3(247)) - 663b2fe6-68c2-4e66-9671-0aa57c3653e2@group-D826C21BBF81: shutdown
2019-10-02 10:23:54,520 [main] INFO  util.JmxRegister (JmxRegister.java:unregister(73)) - Successfully un-registered JMX Bean with object name Ratis:service=RaftServer,group=group-9226F635A431,id=cc1fcddd-974e-4515-9faf-cb0b34c0ae51
2019-10-02 10:23:54,520 [ForkJoinPool.commonPool-worker-1] INFO  util.JmxRegister (JmxRegister.java:unregister(73)) - Successfully un-registered JMX Bean with object name Ratis:service=RaftServer,group=group-D826C21BBF81,id=663b2fe6-68c2-4e66-9671-0aa57c3653e2
2019-10-02 10:23:54,520 [main] INFO  impl.RoleInfo (RoleInfo.java:shutdownLeaderElection(134)) - cc1fcddd-974e-4515-9faf-cb0b34c0ae51: shutdown LeaderElection
2019-10-02 10:23:54,520 [ForkJoinPool.commonPool-worker-1] INFO  impl.RoleInfo (RoleInfo.java:shutdownLeaderElection(134)) - 663b2fe6-68c2-4e66-9671-0aa57c3653e2: shutdown LeaderElection
2019-10-02 10:23:54,521 [main] INFO  impl.StateMachineUpdater (StateMachineUpdater.java:stopAndJoin(136)) - cc1fcddd-974e-4515-9faf-cb0b34c0ae51@group-9226F635A431-StateMachineUpdater: set stopIndex = 0
2019-10-02 10:23:54,521 [ForkJoinPool.commonPool-worker-1] INFO  impl.StateMachineUpdater (StateMachineUpdater.java:stopAndJoin(136)) - 663b2fe6-68c2-4e66-9671-0aa57c3653e2@group-D826C21BBF81-StateMachineUpdater: set stopIndex = 0
2019-10-02 10:23:54,521 [main] INFO  impl.RaftServerImpl (ServerState.java:close(387)) - cc1fcddd-974e-4515-9faf-cb0b34c0ae51@group-9226F635A431: closes. applyIndex: 0
2019-10-02 10:23:54,521 [ForkJoinPool.commonPool-worker-1] INFO  impl.RaftServerImpl (ServerState.java:close(387)) - 663b2fe6-68c2-4e66-9671-0aa57c3653e2@group-D826C21BBF81: closes. applyIndex: 0
2019-10-02 10:23:54,522 [cc1fcddd-974e-4515-9faf-cb0b34c0ae51@group-9226F635A431-SegmentedRaftLogWorker] INFO  segmented.SegmentedRaftLogWorker (SegmentedRaftLogWorker.java:run(316)) - cc1fcddd-974e-4515-9faf-cb0b34c0ae51@group-9226F635A431-SegmentedRaftLogWorker was interrupted, exiting. There are 0 tasks remaining in the queue.
2019-10-02 10:23:54,522 [663b2fe6-68c2-4e66-9671-0aa57c3653e2@group-D826C21BBF81-SegmentedRaftLogWorker] INFO  segmented.SegmentedRaftLogWorker (SegmentedRaftLogWorker.java:run(316)) - 663b2fe6-68c2-4e66-9671-0aa57c3653e2@group-D826C21BBF81-SegmentedRaftLogWorker was interrupted, exiting. There are 0 tasks remaining in the queue.
2019-10-02 10:23:54,522 [main] INFO  segmented.SegmentedRaftLogWorker (SegmentedRaftLogWorker.java:close(224)) - cc1fcddd-974e-4515-9faf-cb0b34c0ae51@group-9226F635A431-SegmentedRaftLogWorker close()
2019-10-02 10:23:54,522 [ForkJoinPool.commonPool-worker-1] INFO  segmented.SegmentedRaftLogWorker (SegmentedRaftLogWorker.java:close(224)) - 663b2fe6-68c2-4e66-9671-0aa57c3653e2@group-D826C21BBF81-SegmentedRaftLogWorker close()
2019-10-02 10:23:54,522 [main] INFO  server.GrpcService (GrpcService.java:closeImpl(164)) - cc1fcddd-974e-4515-9faf-cb0b34c0ae51: shutdown server with port 40331 now
2019-10-02 10:23:54,522 [ForkJoinPool.commonPool-worker-1] INFO  server.GrpcService (GrpcService.java:closeImpl(164)) - 663b2fe6-68c2-4e66-9671-0aa57c3653e2: shutdown server with port 41388 now
2019-10-02 10:23:54,523 [ForkJoinPool.commonPool-worker-1] INFO  server.GrpcService (GrpcService.java:closeImpl(172)) - 663b2fe6-68c2-4e66-9671-0aa57c3653e2: shutdown server with port 41388 successfully
2019-10-02 10:23:54,524 [main] INFO  server.GrpcService (GrpcService.java:closeImpl(172)) - cc1fcddd-974e-4515-9faf-cb0b34c0ae51: shutdown server with port 40331 successfully
2019-10-02 10:23:54,526 [refreshUsed-/workdir/hadoop-ozone/integration-test/target/test-dir/MiniOzoneClusterImpl-a60b818f-4dd1-4965-bff3-fb44efcd9a0b/datanode-6/data/containers] WARN  fs.CachingGetSpaceUsed (CachingGetSpaceUsed.java:run(183)) - Thread Interrupted waiting to refresh disk information: sleep interrupted
2019-10-02 10:23:54,526 [refreshUsed-/workdir/hadoop-ozone/integration-test/target/test-dir/MiniOzoneClusterImpl-a60b818f-4dd1-4965-bff3-fb44efcd9a0b/datanode-0/data/containers] WARN  fs.CachingGetSpaceUsed (CachingGetSpaceUsed.java:run(183)) - Thread Interrupted waiting to refresh disk information: sleep interrupted
2019-10-02 10:23:54,547 [main] INFO  utils.BackgroundService (BackgroundService.java:shutdown(148)) - Shutting down service BlockDeletingService
2019-10-02 10:23:54,551 [main] INFO  statemachine.DatanodeStateMachine (DatanodeStateMachine.java:stopDaemon(395)) - Ozone container server stopped.
2019-10-02 10:23:54,552 [main] INFO  handler.ContextHandler (ContextHandler.java:doStop(910)) - Stopped o.e.j.w.WebAppContext@5c5d6175{/,null,UNAVAILABLE}{/hddsDatanode}
2019-10-02 10:23:54,553 [main] INFO  server.AbstractConnector (AbstractConnector.java:doStop(318)) - Stopped ServerConnector@7544ac86{HTTP/1.1,[http/1.1]}{0.0.0.0:0}
2019-10-02 10:23:54,553 [main] INFO  handler.ContextHandler (ContextHandler.java:doStop(910)) - Stopped o.e.j.s.ServletContextHandler@31c628e7{/static,jar:file:/home/user/.m2/repository/org/apache/hadoop/hadoop-hdds-container-service/0.5.0-SNAPSHOT/hadoop-hdds-container-service-0.5.0-SNAPSHOT.jar!/webapps/static,UNAVAILABLE}
2019-10-02 10:23:54,554 [main] INFO  handler.ContextHandler (ContextHandler.java:doStop(910)) - Stopped o.e.j.s.ServletContextHandler@1e1e9ef3{/logs,file:///workdir/hadoop-ozone/integration-test/target/log,UNAVAILABLE}
2019-10-02 10:23:54,556 [ForkJoinPool.commonPool-worker-1] INFO  utils.BackgroundService (BackgroundService.java:shutdown(148)) - Shutting down service BlockDeletingService
2019-10-02 10:23:54,559 [ForkJoinPool.commonPool-worker-1] INFO  statemachine.DatanodeStateMachine (DatanodeStateMachine.java:stopDaemon(395)) - Ozone container server stopped.
2019-10-02 10:23:54,562 [ForkJoinPool.commonPool-worker-1] INFO  handler.ContextHandler (ContextHandler.java:doStop(910)) - Stopped o.e.j.w.WebAppContext@6981f8f3{/,null,UNAVAILABLE}{/hddsDatanode}
2019-10-02 10:23:54,562 [ForkJoinPool.commonPool-worker-1] INFO  server.AbstractConnector (AbstractConnector.java:doStop(318)) - Stopped ServerConnector@623dcf2a{HTTP/1.1,[http/1.1]}{0.0.0.0:0}
2019-10-02 10:23:54,563 [ForkJoinPool.commonPool-worker-1] INFO  handler.ContextHandler (ContextHandler.java:doStop(910)) - Stopped o.e.j.s.ServletContextHandler@227a47{/static,jar:file:/home/user/.m2/repository/org/apache/hadoop/hadoop-hdds-container-service/0.5.0-SNAPSHOT/hadoop-hdds-container-service-0.5.0-SNAPSHOT.jar!/webapps/static,UNAVAILABLE}
2019-10-02 10:23:54,564 [ForkJoinPool.commonPool-worker-1] INFO  handler.ContextHandler (ContextHandler.java:doStop(910)) - Stopped o.e.j.s.ServletContextHandler@3968bc60{/logs,file:///workdir/hadoop-ozone/integration-test/target/log,UNAVAILABLE}
2019-10-02 10:23:55,124 [Datanode State Machine Thread - 0] INFO  statemachine.DatanodeStateMachine (DatanodeStateMachine.java:lambda$startDaemon$0(350)) - Ozone container server started.
2019-10-02 10:23:55,290 [cc1fcddd-974e-4515-9faf-cb0b34c0ae51@group-9226F635A431-LeaderElection47] INFO  impl.LeaderElection (LeaderElection.java:askForVotes(178)) - cc1fcddd-974e-4515-9faf-cb0b34c0ae51@group-9226F635A431-LeaderElection47: begin an election at term 2 for 0: [cc1fcddd-974e-4515-9faf-cb0b34c0ae51:192.168.151.92:40331, 298c2419-298a-4ac1-a348-589b955770c1:192.168.151.92:40159, b70c9021-8da6-41e6-a976-daf4f7fbddb8:192.168.151.92:38657], old=null
2019-10-02 10:23:55,291 [cc1fcddd-974e-4515-9faf-cb0b34c0ae51@group-9226F635A431-LeaderElection47] INFO  impl.LeaderElection (LeaderElection.java:run(137)) - cc1fcddd-974e-4515-9faf-cb0b34c0ae51@group-9226F635A431-LeaderElection47: IllegalArgumentException is safely ignored since this is already CLOSING
java.lang.IllegalArgumentException: cc1fcddd-974e-4515-9faf-cb0b34c0ae51@group-9226F635A431-SegmentedRaftLog is expected to be opened but it is CLOSED
	at org.apache.ratis.util.OpenCloseState.assertOpen(OpenCloseState.java:63)
	at org.apache.ratis.server.raftlog.RaftLog.checkLogState(RaftLog.java:102)
	at org.apache.ratis.server.raftlog.segmented.SegmentedRaftLog.getLastEntryTermIndex(SegmentedRaftLog.java:345)
	at org.apache.ratis.server.impl.LeaderElection.askForVotes(LeaderElection.java:180)
	at org.apache.ratis.server.impl.LeaderElection.run(LeaderElection.java:133)
	at java.lang.Thread.run(Thread.java:748)
Caused by: org.apache.ratis.util.OpenCloseState$CloseTrace: Close cc1fcddd-974e-4515-9faf-cb0b34c0ae51@group-9226F635A431-SegmentedRaftLog
	at org.apache.ratis.util.OpenCloseState.lambda$close$1(OpenCloseState.java:109)
	at java.util.concurrent.atomic.AtomicReference.getAndUpdate(AtomicReference.java:160)
	at org.apache.ratis.util.OpenCloseState.close(OpenCloseState.java:109)
	at org.apache.ratis.server.raftlog.RaftLog.close(RaftLog.java:437)
	at org.apache.ratis.server.raftlog.segmented.SegmentedRaftLog.close(SegmentedRaftLog.java:500)
	at org.apache.ratis.server.impl.ServerState.close(ServerState.java:389)
	at org.apache.ratis.server.impl.RaftServerImpl.lambda$shutdown$3(RaftServerImpl.java:269)
	at org.apache.ratis.util.LifeCycle.lambda$checkStateAndClose$2(LifeCycle.java:231)
	at org.apache.ratis.util.LifeCycle.checkStateAndClose(LifeCycle.java:251)
	at org.apache.ratis.util.LifeCycle.checkStateAndClose(LifeCycle.java:229)
	at org.apache.ratis.server.impl.RaftServerImpl.shutdown(RaftServerImpl.java:246)
	at org.apache.ratis.server.impl.RaftServerProxy$ImplMap.lambda$close$0(RaftServerProxy.java:107)
	at java.util.stream.ForEachOps$ForEachOp$OfRef.accept(ForEachOps.java:184)
	at java.util.stream.ReferencePipeline$3$1.accept(ReferencePipeline.java:193)
	at java.util.concurrent.ConcurrentHashMap$ValueSpliterator.forEachRemaining(ConcurrentHashMap.java:3566)
	at java.util.stream.AbstractPipeline.copyInto(AbstractPipeline.java:482)
	at java.util.stream.ForEachOps$ForEachTask.compute(ForEachOps.java:291)
	at java.util.concurrent.CountedCompleter.exec(CountedCompleter.java:731)
	at java.util.concurrent.ForkJoinTask.doExec(ForkJoinTask.java:289)
	at java.util.concurrent.ForkJoinTask.doInvoke(ForkJoinTask.java:401)
	at java.util.concurrent.ForkJoinTask.invoke(ForkJoinTask.java:734)
	at java.util.stream.ForEachOps$ForEachOp.evaluateParallel(ForEachOps.java:160)
	at java.util.stream.ForEachOps$ForEachOp$OfRef.evaluateParallel(ForEachOps.java:174)
	at java.util.stream.AbstractPipeline.evaluate(AbstractPipeline.java:233)
	at java.util.stream.ReferencePipeline.forEach(ReferencePipeline.java:418)
	at org.apache.ratis.server.impl.RaftServerProxy$ImplMap.close(RaftServerProxy.java:107)
	at org.apache.ratis.server.impl.RaftServerProxy.lambda$close$4(RaftServerProxy.java:315)
	at org.apache.ratis.util.LifeCycle.lambda$checkStateAndClose$2(LifeCycle.java:231)
	at org.apache.ratis.util.LifeCycle.checkStateAndClose(LifeCycle.java:251)
	at org.apache.ratis.util.LifeCycle.checkStateAndClose(LifeCycle.java:229)
	at org.apache.ratis.server.impl.RaftServerProxy.close(RaftServerProxy.java:313)
	at org.apache.hadoop.ozone.container.common.transport.server.ratis.XceiverServerRatis.stop(XceiverServerRatis.java:447)
	at org.apache.hadoop.ozone.container.ozoneimpl.OzoneContainer.stop(OzoneContainer.java:233)
	at org.apache.hadoop.ozone.container.common.statemachine.DatanodeStateMachine.close(DatanodeStateMachine.java:270)
	at org.apache.hadoop.ozone.container.common.statemachine.DatanodeStateMachine.stopDaemon(DatanodeStateMachine.java:394)
	at org.apache.hadoop.ozone.HddsDatanodeService.stop(HddsDatanodeService.java:457)
	at org.apache.hadoop.ozone.MiniOzoneClusterImpl.stopDatanode(MiniOzoneClusterImpl.java:385)
	at java.util.stream.ForEachOps$ForEachOp$OfRef.accept(ForEachOps.java:184)
	at java.util.ArrayList$ArrayListSpliterator.forEachRemaining(ArrayList.java:1382)
	at java.util.stream.AbstractPipeline.copyInto(AbstractPipeline.java:482)
	at java.util.stream.ForEachOps$ForEachTask.compute(ForEachOps.java:291)
	at java.util.concurrent.CountedCompleter.exec(CountedCompleter.java:731)
	at java.util.concurrent.ForkJoinTask.doExec(ForkJoinTask.java:289)
	at java.util.concurrent.ForkJoinPool.helpComplete(ForkJoinPool.java:1870)
	at java.util.concurrent.ForkJoinPool.externalHelpComplete(ForkJoinPool.java:2467)
	at java.util.concurrent.ForkJoinTask.externalAwaitDone(ForkJoinTask.java:324)
	at java.util.concurrent.ForkJoinTask.doInvoke(ForkJoinTask.java:405)
	at java.util.concurrent.ForkJoinTask.invoke(ForkJoinTask.java:734)
	at java.util.stream.ForEachOps$ForEachOp.evaluateParallel(ForEachOps.java:160)
	at java.util.stream.ForEachOps$ForEachOp$OfRef.evaluateParallel(ForEachOps.java:174)
	at java.util.stream.AbstractPipeline.evaluate(AbstractPipeline.java:233)
	at java.util.stream.ReferencePipeline.forEach(ReferencePipeline.java:418)
	at java.util.stream.ReferencePipeline$Head.forEach(ReferencePipeline.java:583)
	at org.apache.hadoop.ozone.MiniOzoneClusterImpl.stopDatanodes(MiniOzoneClusterImpl.java:379)
	at org.apache.hadoop.ozone.MiniOzoneClusterImpl.stop(MiniOzoneClusterImpl.java:332)
	at org.apache.hadoop.ozone.MiniOzoneClusterImpl.shutdown(MiniOzoneClusterImpl.java:319)
	at org.apache.hadoop.ozone.client.rpc.TestOzoneClientRetriesOnException.shutdown(TestOzoneClientRetriesOnException.java:122)
	at sun.reflect.NativeMethodAccessorImpl.invoke0(Native Method)
	at sun.reflect.NativeMethodAccessorImpl.invoke(NativeMethodAccessorImpl.java:62)
	at sun.reflect.DelegatingMethodAccessorImpl.invoke(DelegatingMethodAccessorImpl.java:43)
	at java.lang.reflect.Method.invoke(Method.java:498)
	at org.junit.runners.model.FrameworkMethod$1.runReflectiveCall(FrameworkMethod.java:47)
	at org.junit.internal.runners.model.ReflectiveCallable.run(ReflectiveCallable.java:12)
	at org.junit.runners.model.FrameworkMethod.invokeExplosively(FrameworkMethod.java:44)
	at org.junit.internal.runners.statements.RunAfters.evaluate(RunAfters.java:33)
	at org.junit.runners.ParentRunner.runLeaf(ParentRunner.java:271)
	at org.junit.runners.BlockJUnit4ClassRunner.runChild(BlockJUnit4ClassRunner.java:70)
	at org.junit.runners.BlockJUnit4ClassRunner.runChild(BlockJUnit4ClassRunner.java:50)
	at org.junit.runners.ParentRunner$3.run(ParentRunner.java:238)
	at org.junit.runners.ParentRunner$1.schedule(ParentRunner.java:63)
	at org.junit.runners.ParentRunner.runChildren(ParentRunner.java:236)
	at org.junit.runners.ParentRunner.access$000(ParentRunner.java:53)
	at org.junit.runners.ParentRunner$2.evaluate(ParentRunner.java:229)
	at org.junit.runners.ParentRunner.run(ParentRunner.java:309)
	at org.apache.maven.surefire.junit4.JUnit4Provider.execute(JUnit4Provider.java:365)
	at org.apache.maven.surefire.junit4.JUnit4Provider.executeWithRerun(JUnit4Provider.java:273)
	at org.apache.maven.surefire.junit4.JUnit4Provider.executeTestSet(JUnit4Provider.java:238)
	at org.apache.maven.surefire.junit4.JUnit4Provider.invoke(JUnit4Provider.java:159)
	at org.apache.maven.surefire.booter.ForkedBooter.invokeProviderInSameClassLoader(ForkedBooter.java:384)
	at org.apache.maven.surefire.booter.ForkedBooter.runSuitesInProcess(ForkedBooter.java:345)
	at org.apache.maven.surefire.booter.ForkedBooter.execute(ForkedBooter.java:126)
	at org.apache.maven.surefire.booter.ForkedBooter.main(ForkedBooter.java:418)
2019-10-02 10:23:55,292 [663b2fe6-68c2-4e66-9671-0aa57c3653e2@group-D826C21BBF81-LeaderElection49] INFO  impl.LeaderElection (LeaderElection.java:askForVotes(178)) - 663b2fe6-68c2-4e66-9671-0aa57c3653e2@group-D826C21BBF81-LeaderElection49: begin an election at term 5 for 0: [663b2fe6-68c2-4e66-9671-0aa57c3653e2:192.168.151.92:41388, 67f1a5fe-c7be-4ecb-b503-d243409340fd:192.168.151.92:36198, 438152b3-e18d-41ab-8849-fe8d3376297f:192.168.151.92:40801], old=null
2019-10-02 10:23:55,292 [298c2419-298a-4ac1-a348-589b955770c1@group-9226F635A431-LeaderElection48] INFO  impl.LeaderElection (LeaderElection.java:askForVotes(178)) - 298c2419-298a-4ac1-a348-589b955770c1@group-9226F635A431-LeaderElection48: begin an election at term 2 for 0: [cc1fcddd-974e-4515-9faf-cb0b34c0ae51:192.168.151.92:40331, 298c2419-298a-4ac1-a348-589b955770c1:192.168.151.92:40159, b70c9021-8da6-41e6-a976-daf4f7fbddb8:192.168.151.92:38657], old=null
2019-10-02 10:23:55,293 [663b2fe6-68c2-4e66-9671-0aa57c3653e2@group-D826C21BBF81-LeaderElection49] INFO  impl.LeaderElection (LeaderElection.java:run(137)) - 663b2fe6-68c2-4e66-9671-0aa57c3653e2@group-D826C21BBF81-LeaderElection49: IllegalArgumentException is safely ignored since this is already CLOSING
java.lang.IllegalArgumentException: 663b2fe6-68c2-4e66-9671-0aa57c3653e2@group-D826C21BBF81-SegmentedRaftLog is expected to be opened but it is CLOSED
	at org.apache.ratis.util.OpenCloseState.assertOpen(OpenCloseState.java:63)
	at org.apache.ratis.server.raftlog.RaftLog.checkLogState(RaftLog.java:102)
	at org.apache.ratis.server.raftlog.segmented.SegmentedRaftLog.getLastEntryTermIndex(SegmentedRaftLog.java:345)
	at org.apache.ratis.server.impl.LeaderElection.askForVotes(LeaderElection.java:180)
	at org.apache.ratis.server.impl.LeaderElection.run(LeaderElection.java:133)
	at java.lang.Thread.run(Thread.java:748)
Caused by: org.apache.ratis.util.OpenCloseState$CloseTrace: Close 663b2fe6-68c2-4e66-9671-0aa57c3653e2@group-D826C21BBF81-SegmentedRaftLog
	at org.apache.ratis.util.OpenCloseState.lambda$close$1(OpenCloseState.java:109)
	at java.util.concurrent.atomic.AtomicReference.getAndUpdate(AtomicReference.java:160)
	at org.apache.ratis.util.OpenCloseState.close(OpenCloseState.java:109)
	at org.apache.ratis.server.raftlog.RaftLog.close(RaftLog.java:437)
	at org.apache.ratis.server.raftlog.segmented.SegmentedRaftLog.close(SegmentedRaftLog.java:500)
	at org.apache.ratis.server.impl.ServerState.close(ServerState.java:389)
	at org.apache.ratis.server.impl.RaftServerImpl.lambda$shutdown$3(RaftServerImpl.java:269)
	at org.apache.ratis.util.LifeCycle.lambda$checkStateAndClose$2(LifeCycle.java:231)
	at org.apache.ratis.util.LifeCycle.checkStateAndClose(LifeCycle.java:251)
	at org.apache.ratis.util.LifeCycle.checkStateAndClose(LifeCycle.java:229)
	at org.apache.ratis.server.impl.RaftServerImpl.shutdown(RaftServerImpl.java:246)
	at org.apache.ratis.server.impl.RaftServerProxy$ImplMap.lambda$close$0(RaftServerProxy.java:107)
	at java.util.stream.ForEachOps$ForEachOp$OfRef.accept(ForEachOps.java:184)
	at java.util.stream.ReferencePipeline$3$1.accept(ReferencePipeline.java:193)
	at java.util.concurrent.ConcurrentHashMap$ValueSpliterator.forEachRemaining(ConcurrentHashMap.java:3566)
	at java.util.stream.AbstractPipeline.copyInto(AbstractPipeline.java:482)
	at java.util.stream.ForEachOps$ForEachTask.compute(ForEachOps.java:291)
	at java.util.concurrent.CountedCompleter.exec(CountedCompleter.java:731)
	at java.util.concurrent.ForkJoinTask.doExec(ForkJoinTask.java:289)
	at java.util.concurrent.ForkJoinTask.doInvoke(ForkJoinTask.java:401)
	at java.util.concurrent.ForkJoinTask.invoke(ForkJoinTask.java:734)
	at java.util.stream.ForEachOps$ForEachOp.evaluateParallel(ForEachOps.java:160)
	at java.util.stream.ForEachOps$ForEachOp$OfRef.evaluateParallel(ForEachOps.java:174)
	at java.util.stream.AbstractPipeline.evaluate(AbstractPipeline.java:233)
	at java.util.stream.ReferencePipeline.forEach(ReferencePipeline.java:418)
	at org.apache.ratis.server.impl.RaftServerProxy$ImplMap.close(RaftServerProxy.java:107)
	at org.apache.ratis.server.impl.RaftServerProxy.lambda$close$4(RaftServerProxy.java:315)
	at org.apache.ratis.util.LifeCycle.lambda$checkStateAndClose$2(LifeCycle.java:231)
	at org.apache.ratis.util.LifeCycle.checkStateAndClose(LifeCycle.java:251)
	at org.apache.ratis.util.LifeCycle.checkStateAndClose(LifeCycle.java:229)
	at org.apache.ratis.server.impl.RaftServerProxy.close(RaftServerProxy.java:313)
	at org.apache.hadoop.ozone.container.common.transport.server.ratis.XceiverServerRatis.stop(XceiverServerRatis.java:447)
	at org.apache.hadoop.ozone.container.ozoneimpl.OzoneContainer.stop(OzoneContainer.java:233)
	at org.apache.hadoop.ozone.container.common.statemachine.DatanodeStateMachine.close(DatanodeStateMachine.java:270)
	at org.apache.hadoop.ozone.container.common.statemachine.DatanodeStateMachine.stopDaemon(DatanodeStateMachine.java:394)
	at org.apache.hadoop.ozone.HddsDatanodeService.stop(HddsDatanodeService.java:457)
	at org.apache.hadoop.ozone.MiniOzoneClusterImpl.stopDatanode(MiniOzoneClusterImpl.java:385)
	at java.util.stream.ForEachOps$ForEachOp$OfRef.accept(ForEachOps.java:184)
	at java.util.ArrayList$ArrayListSpliterator.forEachRemaining(ArrayList.java:1382)
	at java.util.stream.AbstractPipeline.copyInto(AbstractPipeline.java:482)
	at java.util.stream.ForEachOps$ForEachTask.compute(ForEachOps.java:291)
	at java.util.concurrent.CountedCompleter.exec(CountedCompleter.java:731)
	at java.util.concurrent.ForkJoinTask.doExec(ForkJoinTask.java:289)
	at java.util.concurrent.ForkJoinPool$WorkQueue.execLocalTasks(ForkJoinPool.java:1040)
	at java.util.concurrent.ForkJoinPool$WorkQueue.runTask(ForkJoinPool.java:1058)
	at java.util.concurrent.ForkJoinPool.runWorker(ForkJoinPool.java:1692)
	at java.util.concurrent.ForkJoinWorkerThread.run(ForkJoinWorkerThread.java:157)
2019-10-02 10:23:55,296 [298c2419-298a-4ac1-a348-589b955770c1@group-9226F635A431-LeaderElection48] INFO  impl.LeaderElection (LogUtils.java:infoOrTrace(149)) - 298c2419-298a-4ac1-a348-589b955770c1@group-9226F635A431-LeaderElection48 got exception when requesting votes: {}
java.util.concurrent.ExecutionException: org.apache.ratis.thirdparty.io.grpc.StatusRuntimeException: UNAVAILABLE: io exception
	at java.util.concurrent.FutureTask.report(FutureTask.java:122)
	at java.util.concurrent.FutureTask.get(FutureTask.java:192)
	at org.apache.ratis.server.impl.LeaderElection.waitForResults(LeaderElection.java:259)
	at org.apache.ratis.server.impl.LeaderElection.askForVotes(LeaderElection.java:197)
	at org.apache.ratis.server.impl.LeaderElection.run(LeaderElection.java:133)
	at java.lang.Thread.run(Thread.java:748)
Caused by: org.apache.ratis.thirdparty.io.grpc.StatusRuntimeException: UNAVAILABLE: io exception
	at org.apache.ratis.thirdparty.io.grpc.stub.ClientCalls.toStatusRuntimeException(ClientCalls.java:233)
	at org.apache.ratis.thirdparty.io.grpc.stub.ClientCalls.getUnchecked(ClientCalls.java:214)
	at org.apache.ratis.thirdparty.io.grpc.stub.ClientCalls.blockingUnaryCall(ClientCalls.java:139)
	at org.apache.ratis.proto.grpc.RaftServerProtocolServiceGrpc$RaftServerProtocolServiceBlockingStub.requestVote(RaftServerProtocolServiceGrpc.java:265)
	at org.apache.ratis.grpc.server.GrpcServerProtocolClient.requestVote(GrpcServerProtocolClient.java:99)
	at org.apache.ratis.grpc.server.GrpcService.requestVote(GrpcService.java:204)
	at org.apache.ratis.server.impl.LeaderElection.lambda$submitRequests$1(LeaderElection.java:234)
	at java.util.concurrent.FutureTask.run(FutureTask.java:266)
	at java.util.concurrent.Executors$RunnableAdapter.call(Executors.java:511)
	at java.util.concurrent.FutureTask.run(FutureTask.java:266)
	at java.util.concurrent.ThreadPoolExecutor.runWorker(ThreadPoolExecutor.java:1149)
	at java.util.concurrent.ThreadPoolExecutor$Worker.run(ThreadPoolExecutor.java:624)
	... 1 more
Caused by: org.apache.ratis.thirdparty.io.netty.channel.AbstractChannel$AnnotatedConnectException: Connection refused: /192.168.151.92:40331
	at sun.nio.ch.SocketChannelImpl.checkConnect(Native Method)
	at sun.nio.ch.SocketChannelImpl.finishConnect(SocketChannelImpl.java:717)
	at org.apache.ratis.thirdparty.io.netty.channel.socket.nio.NioSocketChannel.doFinishConnect(NioSocketChannel.java:327)
	at org.apache.ratis.thirdparty.io.netty.channel.nio.AbstractNioChannel$AbstractNioUnsafe.finishConnect(AbstractNioChannel.java:340)
	at org.apache.ratis.thirdparty.io.netty.channel.nio.NioEventLoop.processSelectedKey(NioEventLoop.java:632)
	at org.apache.ratis.thirdparty.io.netty.channel.nio.NioEventLoop.processSelectedKeysOptimized(NioEventLoop.java:579)
	at org.apache.ratis.thirdparty.io.netty.channel.nio.NioEventLoop.processSelectedKeys(NioEventLoop.java:496)
	at org.apache.ratis.thirdparty.io.netty.channel.nio.NioEventLoop.run(NioEventLoop.java:458)
	at org.apache.ratis.thirdparty.io.netty.util.concurrent.SingleThreadEventExecutor$5.run(SingleThreadEventExecutor.java:897)
	at org.apache.ratis.thirdparty.io.netty.util.concurrent.FastThreadLocalRunnable.run(FastThreadLocalRunnable.java:30)
	... 1 more
Caused by: java.net.ConnectException: Connection refused
	... 11 more
2019-10-02 10:23:55,297 [298c2419-298a-4ac1-a348-589b955770c1@group-9226F635A431-LeaderElection48] INFO  impl.LeaderElection (LogUtils.java:infoOrTrace(149)) - 298c2419-298a-4ac1-a348-589b955770c1@group-9226F635A431-LeaderElection48 got exception when requesting votes: {}
java.util.concurrent.ExecutionException: org.apache.ratis.thirdparty.io.grpc.StatusRuntimeException: UNAVAILABLE: io exception
	at java.util.concurrent.FutureTask.report(FutureTask.java:122)
	at java.util.concurrent.FutureTask.get(FutureTask.java:192)
	at org.apache.ratis.server.impl.LeaderElection.waitForResults(LeaderElection.java:259)
	at org.apache.ratis.server.impl.LeaderElection.askForVotes(LeaderElection.java:197)
	at org.apache.ratis.server.impl.LeaderElection.run(LeaderElection.java:133)
	at java.lang.Thread.run(Thread.java:748)
Caused by: org.apache.ratis.thirdparty.io.grpc.StatusRuntimeException: UNAVAILABLE: io exception
	at org.apache.ratis.thirdparty.io.grpc.stub.ClientCalls.toStatusRuntimeException(ClientCalls.java:233)
	at org.apache.ratis.thirdparty.io.grpc.stub.ClientCalls.getUnchecked(ClientCalls.java:214)
	at org.apache.ratis.thirdparty.io.grpc.stub.ClientCalls.blockingUnaryCall(ClientCalls.java:139)
	at org.apache.ratis.proto.grpc.RaftServerProtocolServiceGrpc$RaftServerProtocolServiceBlockingStub.requestVote(RaftServerProtocolServiceGrpc.java:265)
	at org.apache.ratis.grpc.server.GrpcServerProtocolClient.requestVote(GrpcServerProtocolClient.java:99)
	at org.apache.ratis.grpc.server.GrpcService.requestVote(GrpcService.java:204)
	at org.apache.ratis.server.impl.LeaderElection.lambda$submitRequests$1(LeaderElection.java:234)
	at java.util.concurrent.FutureTask.run(FutureTask.java:266)
	at java.util.concurrent.Executors$RunnableAdapter.call(Executors.java:511)
	at java.util.concurrent.FutureTask.run(FutureTask.java:266)
	at java.util.concurrent.ThreadPoolExecutor.runWorker(ThreadPoolExecutor.java:1149)
	at java.util.concurrent.ThreadPoolExecutor$Worker.run(ThreadPoolExecutor.java:624)
	... 1 more
Caused by: org.apache.ratis.thirdparty.io.netty.channel.AbstractChannel$AnnotatedConnectException: Connection refused: /192.168.151.92:38657
	at sun.nio.ch.SocketChannelImpl.checkConnect(Native Method)
	at sun.nio.ch.SocketChannelImpl.finishConnect(SocketChannelImpl.java:717)
	at org.apache.ratis.thirdparty.io.netty.channel.socket.nio.NioSocketChannel.doFinishConnect(NioSocketChannel.java:327)
	at org.apache.ratis.thirdparty.io.netty.channel.nio.AbstractNioChannel$AbstractNioUnsafe.finishConnect(AbstractNioChannel.java:340)
	at org.apache.ratis.thirdparty.io.netty.channel.nio.NioEventLoop.processSelectedKey(NioEventLoop.java:632)
	at org.apache.ratis.thirdparty.io.netty.channel.nio.NioEventLoop.processSelectedKeysOptimized(NioEventLoop.java:579)
	at org.apache.ratis.thirdparty.io.netty.channel.nio.NioEventLoop.processSelectedKeys(NioEventLoop.java:496)
	at org.apache.ratis.thirdparty.io.netty.channel.nio.NioEventLoop.run(NioEventLoop.java:458)
	at org.apache.ratis.thirdparty.io.netty.util.concurrent.SingleThreadEventExecutor$5.run(SingleThreadEventExecutor.java:897)
	at org.apache.ratis.thirdparty.io.netty.util.concurrent.FastThreadLocalRunnable.run(FastThreadLocalRunnable.java:30)
	... 1 more
Caused by: java.net.ConnectException: Connection refused
	... 11 more
2019-10-02 10:23:55,298 [298c2419-298a-4ac1-a348-589b955770c1@group-9226F635A431-LeaderElection48] INFO  impl.LeaderElection (LeaderElection.java:logAndReturn(56)) - 298c2419-298a-4ac1-a348-589b955770c1@group-9226F635A431-LeaderElection48: Election REJECTED; received 0 response(s) [] and 2 exception(s); 298c2419-298a-4ac1-a348-589b955770c1@group-9226F635A431:t2, leader=null, voted=298c2419-298a-4ac1-a348-589b955770c1, raftlog=298c2419-298a-4ac1-a348-589b955770c1@group-9226F635A431-SegmentedRaftLog:OPENED:c0,f0,i0, conf=0: [cc1fcddd-974e-4515-9faf-cb0b34c0ae51:192.168.151.92:40331, 298c2419-298a-4ac1-a348-589b955770c1:192.168.151.92:40159, b70c9021-8da6-41e6-a976-daf4f7fbddb8:192.168.151.92:38657], old=null
2019-10-02 10:23:55,298 [298c2419-298a-4ac1-a348-589b955770c1@group-9226F635A431-LeaderElection48] INFO  impl.LeaderElection (LogUtils.java:infoOrTrace(149)) -   Exception 0: {}
java.util.concurrent.ExecutionException: org.apache.ratis.thirdparty.io.grpc.StatusRuntimeException: UNAVAILABLE: io exception
	at java.util.concurrent.FutureTask.report(FutureTask.java:122)
	at java.util.concurrent.FutureTask.get(FutureTask.java:192)
	at org.apache.ratis.server.impl.LeaderElection.waitForResults(LeaderElection.java:259)
	at org.apache.ratis.server.impl.LeaderElection.askForVotes(LeaderElection.java:197)
	at org.apache.ratis.server.impl.LeaderElection.run(LeaderElection.java:133)
	at java.lang.Thread.run(Thread.java:748)
Caused by: org.apache.ratis.thirdparty.io.grpc.StatusRuntimeException: UNAVAILABLE: io exception
	at org.apache.ratis.thirdparty.io.grpc.stub.ClientCalls.toStatusRuntimeException(ClientCalls.java:233)
	at org.apache.ratis.thirdparty.io.grpc.stub.ClientCalls.getUnchecked(ClientCalls.java:214)
	at org.apache.ratis.thirdparty.io.grpc.stub.ClientCalls.blockingUnaryCall(ClientCalls.java:139)
	at org.apache.ratis.proto.grpc.RaftServerProtocolServiceGrpc$RaftServerProtocolServiceBlockingStub.requestVote(RaftServerProtocolServiceGrpc.java:265)
	at org.apache.ratis.grpc.server.GrpcServerProtocolClient.requestVote(GrpcServerProtocolClient.java:99)
	at org.apache.ratis.grpc.server.GrpcService.requestVote(GrpcService.java:204)
	at org.apache.ratis.server.impl.LeaderElection.lambda$submitRequests$1(LeaderElection.java:234)
	at java.util.concurrent.FutureTask.run(FutureTask.java:266)
	at java.util.concurrent.Executors$RunnableAdapter.call(Executors.java:511)
	at java.util.concurrent.FutureTask.run(FutureTask.java:266)
	at java.util.concurrent.ThreadPoolExecutor.runWorker(ThreadPoolExecutor.java:1149)
	at java.util.concurrent.ThreadPoolExecutor$Worker.run(ThreadPoolExecutor.java:624)
	... 1 more
Caused by: org.apache.ratis.thirdparty.io.netty.channel.AbstractChannel$AnnotatedConnectException: Connection refused: /192.168.151.92:40331
	at sun.nio.ch.SocketChannelImpl.checkConnect(Native Method)
	at sun.nio.ch.SocketChannelImpl.finishConnect(SocketChannelImpl.java:717)
	at org.apache.ratis.thirdparty.io.netty.channel.socket.nio.NioSocketChannel.doFinishConnect(NioSocketChannel.java:327)
	at org.apache.ratis.thirdparty.io.netty.channel.nio.AbstractNioChannel$AbstractNioUnsafe.finishConnect(AbstractNioChannel.java:340)
	at org.apache.ratis.thirdparty.io.netty.channel.nio.NioEventLoop.processSelectedKey(NioEventLoop.java:632)
	at org.apache.ratis.thirdparty.io.netty.channel.nio.NioEventLoop.processSelectedKeysOptimized(NioEventLoop.java:579)
	at org.apache.ratis.thirdparty.io.netty.channel.nio.NioEventLoop.processSelectedKeys(NioEventLoop.java:496)
	at org.apache.ratis.thirdparty.io.netty.channel.nio.NioEventLoop.run(NioEventLoop.java:458)
	at org.apache.ratis.thirdparty.io.netty.util.concurrent.SingleThreadEventExecutor$5.run(SingleThreadEventExecutor.java:897)
	at org.apache.ratis.thirdparty.io.netty.util.concurrent.FastThreadLocalRunnable.run(FastThreadLocalRunnable.java:30)
	... 1 more
Caused by: java.net.ConnectException: Connection refused
	... 11 more
2019-10-02 10:23:55,298 [298c2419-298a-4ac1-a348-589b955770c1@group-9226F635A431-LeaderElection48] INFO  impl.LeaderElection (LogUtils.java:infoOrTrace(149)) -   Exception 1: {}
java.util.concurrent.ExecutionException: org.apache.ratis.thirdparty.io.grpc.StatusRuntimeException: UNAVAILABLE: io exception
	at java.util.concurrent.FutureTask.report(FutureTask.java:122)
	at java.util.concurrent.FutureTask.get(FutureTask.java:192)
	at org.apache.ratis.server.impl.LeaderElection.waitForResults(LeaderElection.java:259)
	at org.apache.ratis.server.impl.LeaderElection.askForVotes(LeaderElection.java:197)
	at org.apache.ratis.server.impl.LeaderElection.run(LeaderElection.java:133)
	at java.lang.Thread.run(Thread.java:748)
Caused by: org.apache.ratis.thirdparty.io.grpc.StatusRuntimeException: UNAVAILABLE: io exception
	at org.apache.ratis.thirdparty.io.grpc.stub.ClientCalls.toStatusRuntimeException(ClientCalls.java:233)
	at org.apache.ratis.thirdparty.io.grpc.stub.ClientCalls.getUnchecked(ClientCalls.java:214)
	at org.apache.ratis.thirdparty.io.grpc.stub.ClientCalls.blockingUnaryCall(ClientCalls.java:139)
	at org.apache.ratis.proto.grpc.RaftServerProtocolServiceGrpc$RaftServerProtocolServiceBlockingStub.requestVote(RaftServerProtocolServiceGrpc.java:265)
	at org.apache.ratis.grpc.server.GrpcServerProtocolClient.requestVote(GrpcServerProtocolClient.java:99)
	at org.apache.ratis.grpc.server.GrpcService.requestVote(GrpcService.java:204)
	at org.apache.ratis.server.impl.LeaderElection.lambda$submitRequests$1(LeaderElection.java:234)
	at java.util.concurrent.FutureTask.run(FutureTask.java:266)
	at java.util.concurrent.Executors$RunnableAdapter.call(Executors.java:511)
	at java.util.concurrent.FutureTask.run(FutureTask.java:266)
	at java.util.concurrent.ThreadPoolExecutor.runWorker(ThreadPoolExecutor.java:1149)
	at java.util.concurrent.ThreadPoolExecutor$Worker.run(ThreadPoolExecutor.java:624)
	... 1 more
Caused by: org.apache.ratis.thirdparty.io.netty.channel.AbstractChannel$AnnotatedConnectException: Connection refused: /192.168.151.92:38657
	at sun.nio.ch.SocketChannelImpl.checkConnect(Native Method)
	at sun.nio.ch.SocketChannelImpl.finishConnect(SocketChannelImpl.java:717)
	at org.apache.ratis.thirdparty.io.netty.channel.socket.nio.NioSocketChannel.doFinishConnect(NioSocketChannel.java:327)
	at org.apache.ratis.thirdparty.io.netty.channel.nio.AbstractNioChannel$AbstractNioUnsafe.finishConnect(AbstractNioChannel.java:340)
	at org.apache.ratis.thirdparty.io.netty.channel.nio.NioEventLoop.processSelectedKey(NioEventLoop.java:632)
	at org.apache.ratis.thirdparty.io.netty.channel.nio.NioEventLoop.processSelectedKeysOptimized(NioEventLoop.java:579)
	at org.apache.ratis.thirdparty.io.netty.channel.nio.NioEventLoop.processSelectedKeys(NioEventLoop.java:496)
	at org.apache.ratis.thirdparty.io.netty.channel.nio.NioEventLoop.run(NioEventLoop.java:458)
	at org.apache.ratis.thirdparty.io.netty.util.concurrent.SingleThreadEventExecutor$5.run(SingleThreadEventExecutor.java:897)
	at org.apache.ratis.thirdparty.io.netty.util.concurrent.FastThreadLocalRunnable.run(FastThreadLocalRunnable.java:30)
	... 1 more
Caused by: java.net.ConnectException: Connection refused
	... 11 more
2019-10-02 10:23:55,299 [298c2419-298a-4ac1-a348-589b955770c1@group-9226F635A431-LeaderElection48] INFO  impl.RaftServerImpl (RaftServerImpl.java:setRole(170)) - 298c2419-298a-4ac1-a348-589b955770c1@group-9226F635A431: changes role from CANDIDATE to FOLLOWER at term 2 for DISCOVERED_A_NEW_TERM
2019-10-02 10:23:55,299 [298c2419-298a-4ac1-a348-589b955770c1@group-9226F635A431-LeaderElection48] INFO  impl.RoleInfo (RoleInfo.java:shutdownLeaderElection(134)) - 298c2419-298a-4ac1-a348-589b955770c1: shutdown LeaderElection
2019-10-02 10:23:55,299 [298c2419-298a-4ac1-a348-589b955770c1@group-9226F635A431-LeaderElection48] INFO  impl.RoleInfo (RoleInfo.java:updateAndGet(143)) - 298c2419-298a-4ac1-a348-589b955770c1: start FollowerState
2019-10-02 10:23:59,084 [ReplicationMonitor] INFO  container.ReplicationManager (ReplicationManager.java:forceCloseContainer(464)) - Force closing container #1 with BCSID 0, which is in QUASI_CLOSED state.
2019-10-02 10:23:59,087 [ReplicationMonitor] INFO  container.ReplicationManager (ReplicationManager.java:sendCloseCommand(659)) - Sending close container command for container #1 to datanode 67f1a5fe-c7be-4ecb-b503-d243409340fd{ip: 192.168.151.92, host: pr-trunk-gg4kw-413187789, networkLocation: /default-rack, certSerialId: null}.
2019-10-02 10:23:59,088 [ReplicationMonitor] INFO  container.ReplicationManager (ReplicationManager.java:sendCloseCommand(659)) - Sending close container command for container #1 to datanode 438152b3-e18d-41ab-8849-fe8d3376297f{ip: 192.168.151.92, host: pr-trunk-gg4kw-413187789, networkLocation: /default-rack, certSerialId: null}.
2019-10-02 10:23:59,088 [ReplicationMonitor] INFO  container.ReplicationManager (ReplicationManager.java:forceCloseContainer(464)) - Force closing container #2 with BCSID 0, which is in QUASI_CLOSED state.
2019-10-02 10:23:59,089 [ReplicationMonitor] INFO  container.ReplicationManager (ReplicationManager.java:sendCloseCommand(659)) - Sending close container command for container #2 to datanode cc1fcddd-974e-4515-9faf-cb0b34c0ae51{ip: 192.168.151.92, host: pr-trunk-gg4kw-413187789, networkLocation: /default-rack, certSerialId: null}.
2019-10-02 10:23:59,089 [ReplicationMonitor] INFO  container.ReplicationManager (ReplicationManager.java:sendCloseCommand(659)) - Sending close container command for container #2 to datanode b70c9021-8da6-41e6-a976-daf4f7fbddb8{ip: 192.168.151.92, host: pr-trunk-gg4kw-413187789, networkLocation: /default-rack, certSerialId: null}.
2019-10-02 10:23:59,089 [ReplicationMonitor] INFO  container.ReplicationManager (ReplicationManager.java:forceCloseContainer(464)) - Force closing container #3 with BCSID 0, which is in QUASI_CLOSED state.
2019-10-02 10:23:59,090 [ReplicationMonitor] INFO  container.ReplicationManager (ReplicationManager.java:sendCloseCommand(659)) - Sending close container command for container #3 to datanode 663b2fe6-68c2-4e66-9671-0aa57c3653e2{ip: 192.168.151.92, host: pr-trunk-gg4kw-413187789, networkLocation: /default-rack, certSerialId: null}.
2019-10-02 10:23:59,090 [ReplicationMonitor] INFO  container.ReplicationManager (ReplicationManager.java:sendCloseCommand(659)) - Sending close container command for container #3 to datanode 438152b3-e18d-41ab-8849-fe8d3376297f{ip: 192.168.151.92, host: pr-trunk-gg4kw-413187789, networkLocation: /default-rack, certSerialId: null}.
2019-10-02 10:23:59,090 [ReplicationMonitor] INFO  container.ReplicationManager (ReplicationManager.java:forceCloseContainer(464)) - Force closing container #4 with BCSID 0, which is in QUASI_CLOSED state.
2019-10-02 10:23:59,091 [ReplicationMonitor] INFO  container.ReplicationManager (ReplicationManager.java:sendCloseCommand(659)) - Sending close container command for container #4 to datanode b70c9021-8da6-41e6-a976-daf4f7fbddb8{ip: 192.168.151.92, host: pr-trunk-gg4kw-413187789, networkLocation: /default-rack, certSerialId: null}.
2019-10-02 10:23:59,091 [ReplicationMonitor] INFO  container.ReplicationManager (ReplicationManager.java:sendCloseCommand(659)) - Sending close container command for container #4 to datanode 298c2419-298a-4ac1-a348-589b955770c1{ip: 192.168.151.92, host: pr-trunk-gg4kw-413187789, networkLocation: /default-rack, certSerialId: null}.
2019-10-02 10:23:59,091 [ReplicationMonitor] INFO  container.ReplicationManager (ReplicationManager.java:run(225)) - Replication Monitor Thread took 14 milliseconds for processing 4 containers.
2019-10-02 10:23:59,556 [main] INFO  ozoneimpl.OzoneContainer (OzoneContainer.java:stop(231)) - Attempting to stop container services.
2019-10-02 10:23:59,557 [main] INFO  impl.RaftServerProxy (RaftServerProxy.java:lambda$close$4(314)) - 298c2419-298a-4ac1-a348-589b955770c1: close
2019-10-02 10:23:59,558 [main] INFO  impl.RaftServerImpl (RaftServerImpl.java:lambda$shutdown$3(247)) - 298c2419-298a-4ac1-a348-589b955770c1@group-9226F635A431: shutdown
2019-10-02 10:23:59,558 [ForkJoinPool.commonPool-worker-0] INFO  impl.RaftServerImpl (RaftServerImpl.java:lambda$shutdown$3(247)) - 298c2419-298a-4ac1-a348-589b955770c1@group-0947DBB6EE86: shutdown
2019-10-02 10:23:59,558 [main] INFO  util.JmxRegister (JmxRegister.java:unregister(73)) - Successfully un-registered JMX Bean with object name Ratis:service=RaftServer,group=group-9226F635A431,id=298c2419-298a-4ac1-a348-589b955770c1
2019-10-02 10:23:59,558 [ForkJoinPool.commonPool-worker-0] INFO  util.JmxRegister (JmxRegister.java:unregister(73)) - Successfully un-registered JMX Bean with object name Ratis:service=RaftServer,group=group-0947DBB6EE86,id=298c2419-298a-4ac1-a348-589b955770c1
2019-10-02 10:23:59,559 [main] INFO  impl.RoleInfo (RoleInfo.java:shutdownFollowerState(121)) - 298c2419-298a-4ac1-a348-589b955770c1: shutdown FollowerState
2019-10-02 10:23:59,559 [ForkJoinPool.commonPool-worker-0] INFO  impl.RoleInfo (RoleInfo.java:shutdownLeaderState(104)) - 298c2419-298a-4ac1-a348-589b955770c1: shutdown LeaderState
2019-10-02 10:23:59,559 [Thread-1266] INFO  impl.FollowerState (FollowerState.java:run(117)) - 298c2419-298a-4ac1-a348-589b955770c1@group-9226F635A431-FollowerState was interrupted: java.lang.InterruptedException: sleep interrupted
2019-10-02 10:23:59,559 [main] INFO  impl.StateMachineUpdater (StateMachineUpdater.java:stopAndJoin(136)) - 298c2419-298a-4ac1-a348-589b955770c1@group-9226F635A431-StateMachineUpdater: set stopIndex = 0
2019-10-02 10:23:59,563 [main] INFO  impl.RaftServerImpl (ServerState.java:close(387)) - 298c2419-298a-4ac1-a348-589b955770c1@group-9226F635A431: closes. applyIndex: 0
2019-10-02 10:23:59,562 [ForkJoinPool.commonPool-worker-0] INFO  impl.PendingRequests (PendingRequests.java:sendNotLeaderResponses(202)) - 298c2419-298a-4ac1-a348-589b955770c1@group-0947DBB6EE86-PendingRequests: sendNotLeaderResponses
2019-10-02 10:23:59,564 [298c2419-298a-4ac1-a348-589b955770c1@group-9226F635A431-SegmentedRaftLogWorker] INFO  segmented.SegmentedRaftLogWorker (SegmentedRaftLogWorker.java:run(316)) - 298c2419-298a-4ac1-a348-589b955770c1@group-9226F635A431-SegmentedRaftLogWorker was interrupted, exiting. There are 0 tasks remaining in the queue.
2019-10-02 10:23:59,564 [ForkJoinPool.commonPool-worker-0] INFO  impl.StateMachineUpdater (StateMachineUpdater.java:stopAndJoin(136)) - 298c2419-298a-4ac1-a348-589b955770c1@group-0947DBB6EE86-StateMachineUpdater: set stopIndex = 0
2019-10-02 10:23:59,564 [main] INFO  segmented.SegmentedRaftLogWorker (SegmentedRaftLogWorker.java:close(224)) - 298c2419-298a-4ac1-a348-589b955770c1@group-9226F635A431-SegmentedRaftLogWorker close()
2019-10-02 10:23:59,564 [ForkJoinPool.commonPool-worker-0] INFO  impl.RaftServerImpl (ServerState.java:close(387)) - 298c2419-298a-4ac1-a348-589b955770c1@group-0947DBB6EE86: closes. applyIndex: 0
2019-10-02 10:23:59,565 [298c2419-298a-4ac1-a348-589b955770c1@group-0947DBB6EE86-SegmentedRaftLogWorker] INFO  segmented.SegmentedRaftLogWorker (SegmentedRaftLogWorker.java:run(316)) - 298c2419-298a-4ac1-a348-589b955770c1@group-0947DBB6EE86-SegmentedRaftLogWorker was interrupted, exiting. There are 0 tasks remaining in the queue.
2019-10-02 10:23:59,565 [ForkJoinPool.commonPool-worker-0] INFO  segmented.SegmentedRaftLogWorker (SegmentedRaftLogWorker.java:close(224)) - 298c2419-298a-4ac1-a348-589b955770c1@group-0947DBB6EE86-SegmentedRaftLogWorker close()
2019-10-02 10:23:59,565 [main] INFO  server.GrpcService (GrpcService.java:closeImpl(164)) - 298c2419-298a-4ac1-a348-589b955770c1: shutdown server with port 40159 now
2019-10-02 10:23:59,566 [main] INFO  server.GrpcService (GrpcService.java:closeImpl(172)) - 298c2419-298a-4ac1-a348-589b955770c1: shutdown server with port 40159 successfully
2019-10-02 10:23:59,567 [refreshUsed-/workdir/hadoop-ozone/integration-test/target/test-dir/MiniOzoneClusterImpl-a60b818f-4dd1-4965-bff3-fb44efcd9a0b/datanode-5/data/containers] WARN  fs.CachingGetSpaceUsed (CachingGetSpaceUsed.java:run(183)) - Thread Interrupted waiting to refresh disk information: sleep interrupted
2019-10-02 10:23:59,584 [main] INFO  utils.BackgroundService (BackgroundService.java:shutdown(148)) - Shutting down service BlockDeletingService
2019-10-02 10:23:59,587 [main] INFO  statemachine.DatanodeStateMachine (DatanodeStateMachine.java:stopDaemon(395)) - Ozone container server stopped.
2019-10-02 10:23:59,588 [main] INFO  handler.ContextHandler (ContextHandler.java:doStop(910)) - Stopped o.e.j.w.WebAppContext@3d0035d2{/,null,UNAVAILABLE}{/hddsDatanode}
2019-10-02 10:23:59,589 [main] INFO  server.AbstractConnector (AbstractConnector.java:doStop(318)) - Stopped ServerConnector@2bfb6b49{HTTP/1.1,[http/1.1]}{0.0.0.0:0}
2019-10-02 10:23:59,590 [main] INFO  handler.ContextHandler (ContextHandler.java:doStop(910)) - Stopped o.e.j.s.ServletContextHandler@3b545206{/static,jar:file:/home/user/.m2/repository/org/apache/hadoop/hadoop-hdds-container-service/0.5.0-SNAPSHOT/hadoop-hdds-container-service-0.5.0-SNAPSHOT.jar!/webapps/static,UNAVAILABLE}
2019-10-02 10:23:59,590 [main] INFO  handler.ContextHandler (ContextHandler.java:doStop(910)) - Stopped o.e.j.s.ServletContextHandler@68f0f72c{/logs,file:///workdir/hadoop-ozone/integration-test/target/log,UNAVAILABLE}
2019-10-02 10:23:59,591 [main] INFO  ozone.MiniOzoneClusterImpl (MiniOzoneClusterImpl.java:stopSCM(392)) - Stopping the StorageContainerManager
2019-10-02 10:23:59,591 [main] INFO  server.StorageContainerManager (StorageContainerManager.java:stop(808)) - Stopping Replication Manager Service.
2019-10-02 10:23:59,591 [main] INFO  container.ReplicationManager (ReplicationManager.java:stop(203)) - Stopping Replication Monitor Thread.
2019-10-02 10:23:59,591 [main] INFO  server.StorageContainerManager (StorageContainerManager.java:stop(815)) - Stopping Lease Manager of the command watchers
2019-10-02 10:23:59,592 [main] INFO  server.StorageContainerManager (StorageContainerManager.java:stop(822)) - Stopping datanode service RPC server
2019-10-02 10:23:59,592 [main] INFO  server.SCMDatanodeProtocolServer (SCMDatanodeProtocolServer.java:stop(367)) - Stopping the RPC server for DataNodes
2019-10-02 10:23:59,592 [main] INFO  ipc.Server (Server.java:stop(3082)) - Stopping server on 34275
2019-10-02 10:23:59,594 [IPC Server listener on 34275] INFO  ipc.Server (Server.java:run(1185)) - Stopping IPC Server listener on 34275
2019-10-02 10:23:59,594 [IPC Server Responder] INFO  ipc.Server (Server.java:run(1319)) - Stopping IPC Server Responder
2019-10-02 10:23:59,609 [SCM Heartbeat Processing Thread - 0] WARN  node.NodeStateManager (NodeStateManager.java:scheduleNextHealthCheck(646)) - Current Thread is interrupted, shutting down HB processing thread for Node Manager.
2019-10-02 10:23:59,610 [main] INFO  server.StorageContainerManager (StorageContainerManager.java:stop(830)) - Stopping block service RPC server
2019-10-02 10:23:59,610 [main] INFO  server.SCMBlockProtocolServer (SCMBlockProtocolServer.java:stop(155)) - Stopping the RPC server for Block Protocol
2019-10-02 10:23:59,610 [main] INFO  ipc.Server (Server.java:stop(3082)) - Stopping server on 39404
2019-10-02 10:23:59,612 [IPC Server listener on 39404] INFO  ipc.Server (Server.java:run(1185)) - Stopping IPC Server listener on 39404
2019-10-02 10:23:59,612 [main] INFO  server.StorageContainerManager (StorageContainerManager.java:stop(837)) - Stopping the StorageContainerLocationProtocol RPC server
2019-10-02 10:23:59,612 [IPC Server Responder] INFO  ipc.Server (Server.java:run(1319)) - Stopping IPC Server Responder
2019-10-02 10:23:59,613 [main] INFO  server.SCMClientProtocolServer (SCMClientProtocolServer.java:stop(158)) - Stopping the RPC server for Client Protocol
2019-10-02 10:23:59,613 [main] INFO  ipc.Server (Server.java:stop(3082)) - Stopping server on 39414
2019-10-02 10:23:59,615 [IPC Server listener on 39414] INFO  ipc.Server (Server.java:run(1185)) - Stopping IPC Server listener on 39414
2019-10-02 10:23:59,615 [main] INFO  server.StorageContainerManager (StorageContainerManager.java:stop(844)) - Stopping Storage Container Manager HTTP server.
2019-10-02 10:23:59,615 [IPC Server Responder] INFO  ipc.Server (Server.java:run(1319)) - Stopping IPC Server Responder
2019-10-02 10:23:59,616 [main] INFO  handler.ContextHandler (ContextHandler.java:doStop(910)) - Stopped o.e.j.w.WebAppContext@4eeea57d{/,null,UNAVAILABLE}{/scm}
2019-10-02 10:23:59,617 [main] INFO  server.AbstractConnector (AbstractConnector.java:doStop(318)) - Stopped ServerConnector@6bc248ed{HTTP/1.1,[http/1.1]}{0.0.0.0:0}
2019-10-02 10:23:59,617 [main] INFO  handler.ContextHandler (ContextHandler.java:doStop(910)) - Stopped o.e.j.s.ServletContextHandler@3300f4fd{/static,file:///workdir/hadoop-ozone/integration-test/target/test-classes/webapps/static,UNAVAILABLE}
2019-10-02 10:23:59,617 [main] INFO  handler.ContextHandler (ContextHandler.java:doStop(910)) - Stopped o.e.j.s.ServletContextHandler@12bd8a64{/logs,file:///workdir/hadoop-ozone/integration-test/target/log,UNAVAILABLE}
2019-10-02 10:23:59,618 [main] INFO  server.StorageContainerManager (StorageContainerManager.java:stop(855)) - Stopping Block Manager Service.
2019-10-02 10:23:59,618 [main] INFO  utils.BackgroundService (BackgroundService.java:shutdown(148)) - Shutting down service SCMBlockDeletingService
2019-10-02 10:23:59,618 [main] INFO  utils.BackgroundService (BackgroundService.java:shutdown(148)) - Shutting down service SCMBlockDeletingService
2019-10-02 10:23:59,619 [main] INFO  server.StorageContainerManager (StorageContainerManager.java:stop(877)) - Stopping SCM Event Queue.
2019-10-02 10:23:59,624 [main] INFO  impl.MetricsSystemImpl (MetricsSystemImpl.java:stop(210)) - Stopping XceiverClientMetrics metrics system...
2019-10-02 10:23:59,633 [prometheus] INFO  impl.MetricsSinkAdapter (MetricsSinkAdapter.java:publishMetricsFromQueue(141)) - prometheus thread interrupted.
2019-10-02 10:23:59,633 [main] INFO  impl.MetricsSystemImpl (MetricsSystemImpl.java:stop(216)) - XceiverClientMetrics metrics system stopped.
]]></system-out>
    <system-err><![CDATA[ERROR StatusLogger No Log4j 2 configuration file found. Using default configuration (logging only errors to the console), or user programmatically provided configurations. Set system property 'log4j2.debug' to show Log4j 2 internal initialization logging. See https://logging.apache.org/log4j/2.x/manual/configuration.html for instructions on how to configure Log4j 2
Oct 02, 2019 10:21:23 AM org.apache.ratis.thirdparty.io.grpc.netty.NettyServerHandler onStreamError
WARNING: Stream Error
org.apache.ratis.thirdparty.io.netty.handler.codec.http2.Http2Exception$StreamException: Received DATA frame for an unknown stream 3
	at org.apache.ratis.thirdparty.io.netty.handler.codec.http2.Http2Exception.streamError(Http2Exception.java:129)
	at org.apache.ratis.thirdparty.io.netty.handler.codec.http2.DefaultHttp2ConnectionDecoder$FrameReadListener.shouldIgnoreHeadersOrDataFrame(DefaultHttp2ConnectionDecoder.java:531)
	at org.apache.ratis.thirdparty.io.netty.handler.codec.http2.DefaultHttp2ConnectionDecoder$FrameReadListener.onDataRead(DefaultHttp2ConnectionDecoder.java:183)
	at org.apache.ratis.thirdparty.io.netty.handler.codec.http2.Http2InboundFrameLogger$1.onDataRead(Http2InboundFrameLogger.java:48)
	at org.apache.ratis.thirdparty.io.netty.handler.codec.http2.DefaultHttp2FrameReader.readDataFrame(DefaultHttp2FrameReader.java:421)
	at org.apache.ratis.thirdparty.io.netty.handler.codec.http2.DefaultHttp2FrameReader.processPayloadState(DefaultHttp2FrameReader.java:251)
	at org.apache.ratis.thirdparty.io.netty.handler.codec.http2.DefaultHttp2FrameReader.readFrame(DefaultHttp2FrameReader.java:160)
	at org.apache.ratis.thirdparty.io.netty.handler.codec.http2.Http2InboundFrameLogger.readFrame(Http2InboundFrameLogger.java:41)
	at org.apache.ratis.thirdparty.io.netty.handler.codec.http2.DefaultHttp2ConnectionDecoder.decodeFrame(DefaultHttp2ConnectionDecoder.java:118)
	at org.apache.ratis.thirdparty.io.netty.handler.codec.http2.Http2ConnectionHandler$FrameDecoder.decode(Http2ConnectionHandler.java:390)
	at org.apache.ratis.thirdparty.io.netty.handler.codec.http2.Http2ConnectionHandler.decode(Http2ConnectionHandler.java:450)
	at org.apache.ratis.thirdparty.io.netty.handler.codec.ByteToMessageDecoder.decodeRemovalReentryProtection(ByteToMessageDecoder.java:502)
	at org.apache.ratis.thirdparty.io.netty.handler.codec.ByteToMessageDecoder.callDecode(ByteToMessageDecoder.java:441)
	at org.apache.ratis.thirdparty.io.netty.handler.codec.ByteToMessageDecoder.channelRead(ByteToMessageDecoder.java:278)
	at org.apache.ratis.thirdparty.io.netty.channel.AbstractChannelHandlerContext.invokeChannelRead(AbstractChannelHandlerContext.java:362)
	at org.apache.ratis.thirdparty.io.netty.channel.AbstractChannelHandlerContext.invokeChannelRead(AbstractChannelHandlerContext.java:348)
	at org.apache.ratis.thirdparty.io.netty.channel.AbstractChannelHandlerContext.fireChannelRead(AbstractChannelHandlerContext.java:340)
	at org.apache.ratis.thirdparty.io.netty.channel.DefaultChannelPipeline$HeadContext.channelRead(DefaultChannelPipeline.java:1434)
	at org.apache.ratis.thirdparty.io.netty.channel.AbstractChannelHandlerContext.invokeChannelRead(AbstractChannelHandlerContext.java:362)
	at org.apache.ratis.thirdparty.io.netty.channel.AbstractChannelHandlerContext.invokeChannelRead(AbstractChannelHandlerContext.java:348)
	at org.apache.ratis.thirdparty.io.netty.channel.DefaultChannelPipeline.fireChannelRead(DefaultChannelPipeline.java:965)
	at org.apache.ratis.thirdparty.io.netty.channel.nio.AbstractNioByteChannel$NioByteUnsafe.read(AbstractNioByteChannel.java:163)
	at org.apache.ratis.thirdparty.io.netty.channel.nio.NioEventLoop.processSelectedKey(NioEventLoop.java:644)
	at org.apache.ratis.thirdparty.io.netty.channel.nio.NioEventLoop.processSelectedKeysOptimized(NioEventLoop.java:579)
	at org.apache.ratis.thirdparty.io.netty.channel.nio.NioEventLoop.processSelectedKeys(NioEventLoop.java:496)
	at org.apache.ratis.thirdparty.io.netty.channel.nio.NioEventLoop.run(NioEventLoop.java:458)
	at org.apache.ratis.thirdparty.io.netty.util.concurrent.SingleThreadEventExecutor$5.run(SingleThreadEventExecutor.java:897)
	at org.apache.ratis.thirdparty.io.netty.util.concurrent.FastThreadLocalRunnable.run(FastThreadLocalRunnable.java:30)
	at java.lang.Thread.run(Thread.java:748)

Oct 02, 2019 10:22:30 AM org.apache.ratis.thirdparty.io.grpc.netty.NettyServerHandler onStreamError
WARNING: Stream Error
org.apache.ratis.thirdparty.io.netty.handler.codec.http2.Http2Exception$StreamException: Received DATA frame for an unknown stream 3
	at org.apache.ratis.thirdparty.io.netty.handler.codec.http2.Http2Exception.streamError(Http2Exception.java:129)
	at org.apache.ratis.thirdparty.io.netty.handler.codec.http2.DefaultHttp2ConnectionDecoder$FrameReadListener.shouldIgnoreHeadersOrDataFrame(DefaultHttp2ConnectionDecoder.java:531)
	at org.apache.ratis.thirdparty.io.netty.handler.codec.http2.DefaultHttp2ConnectionDecoder$FrameReadListener.onDataRead(DefaultHttp2ConnectionDecoder.java:183)
	at org.apache.ratis.thirdparty.io.netty.handler.codec.http2.Http2InboundFrameLogger$1.onDataRead(Http2InboundFrameLogger.java:48)
	at org.apache.ratis.thirdparty.io.netty.handler.codec.http2.DefaultHttp2FrameReader.readDataFrame(DefaultHttp2FrameReader.java:421)
	at org.apache.ratis.thirdparty.io.netty.handler.codec.http2.DefaultHttp2FrameReader.processPayloadState(DefaultHttp2FrameReader.java:251)
	at org.apache.ratis.thirdparty.io.netty.handler.codec.http2.DefaultHttp2FrameReader.readFrame(DefaultHttp2FrameReader.java:160)
	at org.apache.ratis.thirdparty.io.netty.handler.codec.http2.Http2InboundFrameLogger.readFrame(Http2InboundFrameLogger.java:41)
	at org.apache.ratis.thirdparty.io.netty.handler.codec.http2.DefaultHttp2ConnectionDecoder.decodeFrame(DefaultHttp2ConnectionDecoder.java:118)
	at org.apache.ratis.thirdparty.io.netty.handler.codec.http2.Http2ConnectionHandler$FrameDecoder.decode(Http2ConnectionHandler.java:390)
	at org.apache.ratis.thirdparty.io.netty.handler.codec.http2.Http2ConnectionHandler.decode(Http2ConnectionHandler.java:450)
	at org.apache.ratis.thirdparty.io.netty.handler.codec.ByteToMessageDecoder.decodeRemovalReentryProtection(ByteToMessageDecoder.java:502)
	at org.apache.ratis.thirdparty.io.netty.handler.codec.ByteToMessageDecoder.callDecode(ByteToMessageDecoder.java:441)
	at org.apache.ratis.thirdparty.io.netty.handler.codec.ByteToMessageDecoder.channelRead(ByteToMessageDecoder.java:278)
	at org.apache.ratis.thirdparty.io.netty.channel.AbstractChannelHandlerContext.invokeChannelRead(AbstractChannelHandlerContext.java:362)
	at org.apache.ratis.thirdparty.io.netty.channel.AbstractChannelHandlerContext.invokeChannelRead(AbstractChannelHandlerContext.java:348)
	at org.apache.ratis.thirdparty.io.netty.channel.AbstractChannelHandlerContext.fireChannelRead(AbstractChannelHandlerContext.java:340)
	at org.apache.ratis.thirdparty.io.netty.channel.DefaultChannelPipeline$HeadContext.channelRead(DefaultChannelPipeline.java:1434)
	at org.apache.ratis.thirdparty.io.netty.channel.AbstractChannelHandlerContext.invokeChannelRead(AbstractChannelHandlerContext.java:362)
	at org.apache.ratis.thirdparty.io.netty.channel.AbstractChannelHandlerContext.invokeChannelRead(AbstractChannelHandlerContext.java:348)
	at org.apache.ratis.thirdparty.io.netty.channel.DefaultChannelPipeline.fireChannelRead(DefaultChannelPipeline.java:965)
	at org.apache.ratis.thirdparty.io.netty.channel.nio.AbstractNioByteChannel$NioByteUnsafe.read(AbstractNioByteChannel.java:163)
	at org.apache.ratis.thirdparty.io.netty.channel.nio.NioEventLoop.processSelectedKey(NioEventLoop.java:644)
	at org.apache.ratis.thirdparty.io.netty.channel.nio.NioEventLoop.processSelectedKeysOptimized(NioEventLoop.java:579)
	at org.apache.ratis.thirdparty.io.netty.channel.nio.NioEventLoop.processSelectedKeys(NioEventLoop.java:496)
	at org.apache.ratis.thirdparty.io.netty.channel.nio.NioEventLoop.run(NioEventLoop.java:458)
	at org.apache.ratis.thirdparty.io.netty.util.concurrent.SingleThreadEventExecutor$5.run(SingleThreadEventExecutor.java:897)
	at org.apache.ratis.thirdparty.io.netty.util.concurrent.FastThreadLocalRunnable.run(FastThreadLocalRunnable.java:30)
	at java.lang.Thread.run(Thread.java:748)

]]></system-err>
  </testcase>
  <testcase name="testMaxRetriesByOzoneClient" classname="org.apache.hadoop.ozone.client.rpc.TestOzoneClientRetriesOnException" time="34.096">
    <error message="Failed to command cmdType: CreateContainer&#10;containerID: 1&#10;datanodeUuid: &quot;f69031d4-11b9-431b-99d5-e0135a1d3a49&quot;&#10;createContainer {&#10;}&#10;" type="java.io.IOException"><![CDATA[java.io.IOException: 
Failed to command cmdType: CreateContainer
containerID: 1
datanodeUuid: "f69031d4-11b9-431b-99d5-e0135a1d3a49"
createContainer {
}

	at org.apache.hadoop.hdds.scm.XceiverClientSpi.sendCommand(XceiverClientSpi.java:113)
	at org.apache.hadoop.ozone.client.rpc.TestOzoneClientRetriesOnException.testMaxRetriesByOzoneClient(TestOzoneClientRetriesOnException.java:190)
	at sun.reflect.NativeMethodAccessorImpl.invoke0(Native Method)
	at sun.reflect.NativeMethodAccessorImpl.invoke(NativeMethodAccessorImpl.java:62)
	at sun.reflect.DelegatingMethodAccessorImpl.invoke(DelegatingMethodAccessorImpl.java:43)
	at java.lang.reflect.Method.invoke(Method.java:498)
	at org.junit.runners.model.FrameworkMethod$1.runReflectiveCall(FrameworkMethod.java:47)
	at org.junit.internal.runners.model.ReflectiveCallable.run(ReflectiveCallable.java:12)
	at org.junit.runners.model.FrameworkMethod.invokeExplosively(FrameworkMethod.java:44)
	at org.junit.internal.runners.statements.InvokeMethod.evaluate(InvokeMethod.java:17)
	at org.junit.internal.runners.statements.RunBefores.evaluate(RunBefores.java:26)
	at org.junit.internal.runners.statements.RunAfters.evaluate(RunAfters.java:27)
	at org.junit.runners.ParentRunner.runLeaf(ParentRunner.java:271)
	at org.junit.runners.BlockJUnit4ClassRunner.runChild(BlockJUnit4ClassRunner.java:70)
	at org.junit.runners.BlockJUnit4ClassRunner.runChild(BlockJUnit4ClassRunner.java:50)
	at org.junit.runners.ParentRunner$3.run(ParentRunner.java:238)
	at org.junit.runners.ParentRunner$1.schedule(ParentRunner.java:63)
	at org.junit.runners.ParentRunner.runChildren(ParentRunner.java:236)
	at org.junit.runners.ParentRunner.access$000(ParentRunner.java:53)
	at org.junit.runners.ParentRunner$2.evaluate(ParentRunner.java:229)
	at org.junit.runners.ParentRunner.run(ParentRunner.java:309)
	at org.apache.maven.surefire.junit4.JUnit4Provider.execute(JUnit4Provider.java:365)
	at org.apache.maven.surefire.junit4.JUnit4Provider.executeWithRerun(JUnit4Provider.java:273)
	at org.apache.maven.surefire.junit4.JUnit4Provider.executeTestSet(JUnit4Provider.java:238)
	at org.apache.maven.surefire.junit4.JUnit4Provider.invoke(JUnit4Provider.java:159)
	at org.apache.maven.surefire.booter.ForkedBooter.invokeProviderInSameClassLoader(ForkedBooter.java:384)
	at org.apache.maven.surefire.booter.ForkedBooter.runSuitesInProcess(ForkedBooter.java:345)
	at org.apache.maven.surefire.booter.ForkedBooter.execute(ForkedBooter.java:126)
	at org.apache.maven.surefire.booter.ForkedBooter.main(ForkedBooter.java:418)
Caused by: java.util.concurrent.ExecutionException: org.apache.ratis.protocol.StateMachineException: org.apache.ratis.thirdparty.com.google.protobuf.InvalidProtocolBufferException from Server f69031d4-11b9-431b-99d5-e0135a1d3a49@group-3BDA493117BA: Protocol message contained an invalid tag (zero).
	at java.util.concurrent.CompletableFuture.reportGet(CompletableFuture.java:357)
	at java.util.concurrent.CompletableFuture.get(CompletableFuture.java:1895)
	at org.apache.hadoop.hdds.scm.XceiverClientSpi.sendCommand(XceiverClientSpi.java:110)
	... 28 more
Caused by: org.apache.ratis.protocol.StateMachineException: org.apache.ratis.thirdparty.com.google.protobuf.InvalidProtocolBufferException from Server f69031d4-11b9-431b-99d5-e0135a1d3a49@group-3BDA493117BA: Protocol message contained an invalid tag (zero).
	at org.apache.ratis.thirdparty.com.google.protobuf.InvalidProtocolBufferException.invalidTag(InvalidProtocolBufferException.java:105)
	at org.apache.ratis.thirdparty.com.google.protobuf.CodedInputStream$ArrayDecoder.readTag(CodedInputStream.java:646)
	at org.apache.hadoop.hdds.protocol.datanode.proto.ContainerProtos$ContainerCommandRequestProto.<init>(ContainerProtos.java:2692)
	at org.apache.hadoop.hdds.protocol.datanode.proto.ContainerProtos$ContainerCommandRequestProto.<init>(ContainerProtos.java:2655)
	at org.apache.hadoop.hdds.protocol.datanode.proto.ContainerProtos$ContainerCommandRequestProto$1.parsePartialFrom(ContainerProtos.java:7272)
	at org.apache.hadoop.hdds.protocol.datanode.proto.ContainerProtos$ContainerCommandRequestProto$1.parsePartialFrom(ContainerProtos.java:7267)
	at org.apache.ratis.thirdparty.com.google.protobuf.AbstractParser.parsePartialFrom(AbstractParser.java:105)
	at org.apache.ratis.thirdparty.com.google.protobuf.AbstractParser.parseFrom(AbstractParser.java:125)
	at org.apache.ratis.thirdparty.com.google.protobuf.AbstractParser.parseFrom(AbstractParser.java:130)
	at org.apache.ratis.thirdparty.com.google.protobuf.AbstractParser.parseFrom(AbstractParser.java:49)
	at org.apache.hadoop.hdds.protocol.datanode.proto.ContainerProtos$ContainerCommandRequestProto.parseFrom(ContainerProtos.java:4110)
	at org.apache.hadoop.ozone.container.common.transport.server.ratis.ContainerStateMachine.getContainerCommandRequestProto(ContainerStateMachine.java:383)
	at org.apache.hadoop.ozone.container.common.transport.server.ratis.ContainerStateMachine.applyTransaction(ContainerStateMachine.java:708)
	at org.apache.ratis.server.impl.RaftServerImpl.applyLogToStateMachine(RaftServerImpl.java:1274)
	at org.apache.ratis.server.impl.StateMachineUpdater.applyLog(StateMachineUpdater.java:224)
	at org.apache.ratis.server.impl.StateMachineUpdater.run(StateMachineUpdater.java:165)
	at java.lang.Thread.run(Thread.java:748)
Caused by: org.apache.ratis.thirdparty.com.google.protobuf.InvalidProtocolBufferException: Protocol message contained an invalid tag (zero).
	at sun.reflect.NativeConstructorAccessorImpl.newInstance0(Native Method)
	at sun.reflect.NativeConstructorAccessorImpl.newInstance(NativeConstructorAccessorImpl.java:62)
	at sun.reflect.DelegatingConstructorAccessorImpl.newInstance(DelegatingConstructorAccessorImpl.java:45)
	at java.lang.reflect.Constructor.newInstance(Constructor.java:423)
	at org.apache.ratis.util.ReflectionUtils.instantiateException(ReflectionUtils.java:222)
	at org.apache.ratis.client.impl.ClientProtoUtils.wrapStateMachineException(ClientProtoUtils.java:296)
	at org.apache.ratis.client.impl.ClientProtoUtils.toRaftClientReply(ClientProtoUtils.java:249)
	at org.apache.ratis.grpc.client.GrpcClientProtocolClient$AsyncStreamObservers$1.onNext(GrpcClientProtocolClient.java:269)
	at org.apache.ratis.grpc.client.GrpcClientProtocolClient$AsyncStreamObservers$1.onNext(GrpcClientProtocolClient.java:264)
	at org.apache.ratis.thirdparty.io.grpc.stub.ClientCalls$StreamObserverToCallListenerAdapter.onMessage(ClientCalls.java:421)
	at org.apache.ratis.thirdparty.io.grpc.ForwardingClientCallListener.onMessage(ForwardingClientCallListener.java:33)
	at org.apache.ratis.thirdparty.io.grpc.ForwardingClientCallListener.onMessage(ForwardingClientCallListener.java:33)
	at org.apache.ratis.thirdparty.io.grpc.internal.ClientCallImpl$ClientStreamListenerImpl$1MessagesAvailable.runInContext(ClientCallImpl.java:519)
	at org.apache.ratis.thirdparty.io.grpc.internal.ContextRunnable.run(ContextRunnable.java:37)
	at org.apache.ratis.thirdparty.io.grpc.internal.SerializingExecutor.run(SerializingExecutor.java:123)
	at java.util.concurrent.ThreadPoolExecutor.runWorker(ThreadPoolExecutor.java:1149)
	at java.util.concurrent.ThreadPoolExecutor$Worker.run(ThreadPoolExecutor.java:624)
	... 1 more
]]></error>
    <system-out><![CDATA[2019-10-02 10:23:59,699 [main] WARN  server.ServerUtils (ServerUtils.java:getScmDbDir(145)) - ozone.scm.db.dirs is not configured. We recommend adding this setting. Falling back to ozone.metadata.dirs instead.
2019-10-02 10:23:59,731 [main] WARN  server.ServerUtils (ServerUtils.java:getScmDbDir(145)) - ozone.scm.db.dirs is not configured. We recommend adding this setting. Falling back to ozone.metadata.dirs instead.
2019-10-02 10:23:59,731 [main] WARN  server.ServerUtils (ServerUtils.java:getScmDbDir(145)) - ozone.scm.db.dirs is not configured. We recommend adding this setting. Falling back to ozone.metadata.dirs instead.
2019-10-02 10:23:59,732 [main] INFO  db.DBStoreBuilder (DBStoreBuilder.java:addTable(110)) - using custom profile for table: deletedBlocks
2019-10-02 10:23:59,733 [main] INFO  db.DBStoreBuilder (DBStoreBuilder.java:processTables(161)) - Using default column profile:DBProfile.DISK for Table:deletedBlocks
2019-10-02 10:23:59,733 [main] INFO  db.DBStoreBuilder (DBStoreBuilder.java:addTable(110)) - using custom profile for table: validCerts
2019-10-02 10:23:59,733 [main] INFO  db.DBStoreBuilder (DBStoreBuilder.java:processTables(161)) - Using default column profile:DBProfile.DISK for Table:validCerts
2019-10-02 10:23:59,734 [main] INFO  db.DBStoreBuilder (DBStoreBuilder.java:addTable(110)) - using custom profile for table: revokedCerts
2019-10-02 10:23:59,734 [main] INFO  db.DBStoreBuilder (DBStoreBuilder.java:processTables(161)) - Using default column profile:DBProfile.DISK for Table:revokedCerts
2019-10-02 10:23:59,735 [main] INFO  db.DBStoreBuilder (DBStoreBuilder.java:addTable(110)) - using custom profile for table: default
2019-10-02 10:23:59,735 [main] INFO  db.DBStoreBuilder (DBStoreBuilder.java:processTables(167)) - Using default column profile:DBProfile.DISK for Table:default
2019-10-02 10:23:59,735 [main] INFO  db.DBStoreBuilder (DBStoreBuilder.java:getDbProfile(198)) - Using default options. DBProfile.DISK
2019-10-02 10:23:59,993 [main] INFO  net.NodeSchemaLoader (NodeSchemaLoader.java:loadSchemaFromFile(125)) - Loading file from sun.misc.CompoundEnumeration@1084f78c
2019-10-02 10:23:59,994 [main] INFO  net.NodeSchemaLoader (NodeSchemaLoader.java:loadSchema(171)) - Loading network topology layer schema file
2019-10-02 10:24:00,000 [main] WARN  server.ServerUtils (ServerUtils.java:sanitizeUserArgs(70)) - ozone.scm.stale.node.interval value = 300000 is larger than max = 100000 based on the key value of ozone.scm.heartbeat.thread.interval, reset to the max value 100000.
2019-10-02 10:24:00,000 [main] WARN  server.ServerUtils (ServerUtils.java:sanitizeUserArgs(70)) - ozone.scm.stale.node.interval value = 300000 is larger than max = 100000 based on the key value of ozone.scm.heartbeat.thread.interval, reset to the max value 100000.
2019-10-02 10:24:00,001 [main] INFO  node.SCMNodeManager (SCMNodeManager.java:<init>(114)) - Entering startup safe mode.
2019-10-02 10:24:00,002 [main] INFO  algorithms.ContainerPlacementPolicyFactory (ContainerPlacementPolicyFactory.java:getPolicy(57)) - Create container placement policy of type org.apache.hadoop.hdds.scm.container.placement.algorithms.SCMContainerPlacementRandom
2019-10-02 10:24:00,002 [main] WARN  server.ServerUtils (ServerUtils.java:getScmDbDir(145)) - ozone.scm.db.dirs is not configured. We recommend adding this setting. Falling back to ozone.metadata.dirs instead.
2019-10-02 10:24:00,258 [main] INFO  pipeline.SCMPipelineManager (SCMPipelineManager.java:initializePipelineState(132)) - No pipeline exists in current db
2019-10-02 10:24:00,258 [main] WARN  server.ServerUtils (ServerUtils.java:getScmDbDir(145)) - ozone.scm.db.dirs is not configured. We recommend adding this setting. Falling back to ozone.metadata.dirs instead.
2019-10-02 10:24:00,341 [main] WARN  events.EventQueue (EventQueue.java:fireEvent(183)) - No event handler registered for event TypedEvent{payloadType=SafeModeStatus, name='SafeModeStatus'}
2019-10-02 10:24:00,342 [main] INFO  ipc.CallQueueManager (CallQueueManager.java:<init>(84)) - Using callQueue: class java.util.concurrent.LinkedBlockingQueue, queueCapacity: 2000, scheduler: class org.apache.hadoop.ipc.DefaultRpcScheduler, ipcBackoff: false.
2019-10-02 10:24:00,343 [Socket Reader #1 for port 41218] INFO  ipc.Server (Server.java:run(1074)) - Starting Socket Reader #1 for port 41218
2019-10-02 10:24:00,346 [main] INFO  ipc.CallQueueManager (CallQueueManager.java:<init>(84)) - Using callQueue: class java.util.concurrent.LinkedBlockingQueue, queueCapacity: 2000, scheduler: class org.apache.hadoop.ipc.DefaultRpcScheduler, ipcBackoff: false.
2019-10-02 10:24:00,347 [Socket Reader #1 for port 44450] INFO  ipc.Server (Server.java:run(1074)) - Starting Socket Reader #1 for port 44450
2019-10-02 10:24:00,348 [main] INFO  ipc.CallQueueManager (CallQueueManager.java:<init>(84)) - Using callQueue: class java.util.concurrent.LinkedBlockingQueue, queueCapacity: 2000, scheduler: class org.apache.hadoop.ipc.DefaultRpcScheduler, ipcBackoff: false.
2019-10-02 10:24:00,349 [Socket Reader #1 for port 38971] INFO  ipc.Server (Server.java:run(1074)) - Starting Socket Reader #1 for port 38971
2019-10-02 10:24:00,351 [main] INFO  hdfs.DFSUtil (DFSUtil.java:httpServerTemplateForNNAndJN(1641)) - Starting Web-server for scm at: http://0.0.0.0:0
2019-10-02 10:24:00,354 [main] INFO  server.AuthenticationFilter (AuthenticationFilter.java:constructSecretProvider(240)) - Unable to initialize FileSignerSecretProvider, falling back to use random secrets.
2019-10-02 10:24:00,355 [main] WARN  http.HttpRequestLog (HttpRequestLog.java:getRequestLog(97)) - Jetty request log can only be enabled using Log4j
2019-10-02 10:24:00,357 [main] INFO  http.HttpServer2 (HttpServer2.java:addGlobalFilter(975)) - Added global filter 'safety' (class=org.apache.hadoop.http.HttpServer2$QuotingInputFilter)
2019-10-02 10:24:00,358 [main] INFO  http.HttpServer2 (HttpServer2.java:addFilter(948)) - Added filter static_user_filter (class=org.apache.hadoop.http.lib.StaticUserWebFilter$StaticUserFilter) to context scm
2019-10-02 10:24:00,358 [main] INFO  http.HttpServer2 (HttpServer2.java:addFilter(958)) - Added filter static_user_filter (class=org.apache.hadoop.http.lib.StaticUserWebFilter$StaticUserFilter) to context logs
2019-10-02 10:24:00,358 [main] INFO  http.HttpServer2 (HttpServer2.java:addFilter(958)) - Added filter static_user_filter (class=org.apache.hadoop.http.lib.StaticUserWebFilter$StaticUserFilter) to context static
2019-10-02 10:24:00,361 [main] INFO  server.StorageContainerManager (StorageContainerManager.java:start(770)) - StorageContainerLocationProtocol RPC server is listening at /0.0.0.0:38971
2019-10-02 10:24:00,363 [main] WARN  impl.MetricsConfig (MetricsConfig.java:loadFirst(134)) - Cannot locate configuration: tried hadoop-metrics2-storagecontainermanager.properties,hadoop-metrics2.properties
2019-10-02 10:24:00,365 [main] INFO  impl.MetricsSystemImpl (MetricsSystemImpl.java:startTimer(374)) - Scheduled Metric snapshot period at 10 second(s).
2019-10-02 10:24:00,365 [main] INFO  impl.MetricsSystemImpl (MetricsSystemImpl.java:start(191)) - StorageContainerManager metrics system started
2019-10-02 10:24:00,406 [main] WARN  impl.MetricsSystemImpl (MetricsSystemImpl.java:register(276)) - Sink prometheus already exists!
2019-10-02 10:24:00,412 [main] INFO  server.SCMClientProtocolServer (SCMClientProtocolServer.java:start(150)) - RPC server for Client  is listening at /0.0.0.0:38971
2019-10-02 10:24:00,412 [IPC Server Responder] INFO  ipc.Server (Server.java:run(1314)) - IPC Server Responder: starting
2019-10-02 10:24:00,412 [IPC Server listener on 38971] INFO  ipc.Server (Server.java:run(1153)) - IPC Server listener on 38971: starting
2019-10-02 10:24:00,417 [main] INFO  server.StorageContainerManager (StorageContainerManager.java:start(780)) - ScmBlockLocationProtocol RPC server is listening at /0.0.0.0:44450
2019-10-02 10:24:00,418 [main] INFO  server.SCMBlockProtocolServer (SCMBlockProtocolServer.java:start(146)) - RPC server for Block Protocol is listening at /0.0.0.0:44450
2019-10-02 10:24:00,418 [IPC Server Responder] INFO  ipc.Server (Server.java:run(1314)) - IPC Server Responder: starting
2019-10-02 10:24:00,419 [IPC Server listener on 44450] INFO  ipc.Server (Server.java:run(1153)) - IPC Server listener on 44450: starting
2019-10-02 10:24:00,433 [main] INFO  server.StorageContainerManager (StorageContainerManager.java:start(784)) - ScmDatanodeProtocl RPC server is listening at /0.0.0.0:41218
2019-10-02 10:24:00,433 [main] INFO  server.SCMDatanodeProtocolServer (SCMDatanodeProtocolServer.java:start(191)) - RPC server for DataNodes is listening at /0.0.0.0:41218
2019-10-02 10:24:00,434 [IPC Server Responder] INFO  ipc.Server (Server.java:run(1314)) - IPC Server Responder: starting
2019-10-02 10:24:00,434 [IPC Server listener on 41218] INFO  ipc.Server (Server.java:run(1153)) - IPC Server listener on 41218: starting
2019-10-02 10:24:00,438 [main] INFO  http.HttpServer2 (HttpServer2.java:bindListener(1191)) - Jetty bound to port 46392
2019-10-02 10:24:00,438 [main] INFO  server.Server (Server.java:doStart(351)) - jetty-9.3.25.v20180904, build timestamp: 2018-09-04T21:11:46Z, git hash: 3ce520221d0240229c862b122d2b06c12a625732
2019-10-02 10:24:00,440 [main] INFO  handler.ContextHandler (ContextHandler.java:doStart(781)) - Started o.e.j.s.ServletContextHandler@6a9cd0f8{/logs,file:///workdir/hadoop-ozone/integration-test/target/log,AVAILABLE}
2019-10-02 10:24:00,441 [main] INFO  handler.ContextHandler (ContextHandler.java:doStart(781)) - Started o.e.j.s.ServletContextHandler@7be2f29a{/static,file:///workdir/hadoop-ozone/integration-test/target/test-classes/webapps/static,AVAILABLE}
2019-10-02 10:24:00,447 [main] INFO  handler.ContextHandler (ContextHandler.java:doStart(781)) - Started o.e.j.w.WebAppContext@2b7e8044{/,file:///workdir/hadoop-ozone/integration-test/target/test-classes/webapps/scm/,AVAILABLE}{/scm}
2019-10-02 10:24:00,449 [main] INFO  server.AbstractConnector (AbstractConnector.java:doStart(278)) - Started ServerConnector@550de6b8{HTTP/1.1,[http/1.1]}{0.0.0.0:46392}
2019-10-02 10:24:00,449 [main] INFO  server.Server (Server.java:doStart(419)) - Started @334251ms
2019-10-02 10:24:00,449 [main] WARN  impl.MetricsSystemImpl (MetricsSystemImpl.java:register(276)) - Sink prometheus already exists!
2019-10-02 10:24:00,450 [main] INFO  server.BaseHttpServer (BaseHttpServer.java:updateConnectorAddress(215)) - HTTP server of SCM is listening at http://0.0.0.0:46392
2019-10-02 10:24:00,452 [main] WARN  server.ServerUtils (ServerUtils.java:getDBPath(222)) - ozone.om.db.dirs is not configured. We recommend adding this setting. Falling back to ozone.metadata.dirs instead.
2019-10-02 10:24:00,452 [org.apache.hadoop.util.JvmPauseMonitor$Monitor@3c6c4689] INFO  util.JvmPauseMonitor (JvmPauseMonitor.java:run(188)) - Starting JVM pause monitor
2019-10-02 10:24:00,467 [main] WARN  server.ServerUtils (ServerUtils.java:getDBPath(222)) - ozone.om.db.dirs is not configured. We recommend adding this setting. Falling back to ozone.metadata.dirs instead.
2019-10-02 10:24:00,468 [main] WARN  server.ServerUtils (ServerUtils.java:getDBPath(222)) - ozone.om.db.dirs is not configured. We recommend adding this setting. Falling back to ozone.metadata.dirs instead.
2019-10-02 10:24:00,468 [main] INFO  om.OzoneManager (OzoneManager.java:setOMNodeDetails(652)) - OM Service ID is not set. Setting it to the default ID: omServiceIdDefault
2019-10-02 10:24:00,469 [main] INFO  om.OzoneManager (OzoneManager.java:setOMNodeDetails(658)) - OM Node ID is not set. Setting it to the OmStorage's OmID: a2f60131-c7b7-4abc-af80-e12b2c1e7e44
2019-10-02 10:24:00,469 [main] INFO  om.OzoneManager (OzoneManager.java:loadOMHAConfigs(609)) - Found matching OM address with OMServiceId: null, OMNodeId: null, RPC Address: localhost:0 and Ratis port: 9872
2019-10-02 10:24:00,476 [main] WARN  server.ServerUtils (ServerUtils.java:getDBPath(222)) - ozone.om.db.dirs is not configured. We recommend adding this setting. Falling back to ozone.metadata.dirs instead.
2019-10-02 10:24:00,476 [main] INFO  db.DBStoreBuilder (DBStoreBuilder.java:addTable(110)) - using custom profile for table: userTable
2019-10-02 10:24:00,476 [main] INFO  db.DBStoreBuilder (DBStoreBuilder.java:processTables(161)) - Using default column profile:DBProfile.DISK for Table:userTable
2019-10-02 10:24:00,476 [main] INFO  db.DBStoreBuilder (DBStoreBuilder.java:addTable(110)) - using custom profile for table: volumeTable
2019-10-02 10:24:00,477 [main] INFO  db.DBStoreBuilder (DBStoreBuilder.java:processTables(161)) - Using default column profile:DBProfile.DISK for Table:volumeTable
2019-10-02 10:24:00,477 [main] INFO  db.DBStoreBuilder (DBStoreBuilder.java:addTable(110)) - using custom profile for table: bucketTable
2019-10-02 10:24:00,477 [main] INFO  db.DBStoreBuilder (DBStoreBuilder.java:processTables(161)) - Using default column profile:DBProfile.DISK for Table:bucketTable
2019-10-02 10:24:00,477 [main] INFO  db.DBStoreBuilder (DBStoreBuilder.java:addTable(110)) - using custom profile for table: keyTable
2019-10-02 10:24:00,477 [main] INFO  db.DBStoreBuilder (DBStoreBuilder.java:processTables(161)) - Using default column profile:DBProfile.DISK for Table:keyTable
2019-10-02 10:24:00,477 [main] INFO  db.DBStoreBuilder (DBStoreBuilder.java:addTable(110)) - using custom profile for table: deletedTable
2019-10-02 10:24:00,478 [main] INFO  db.DBStoreBuilder (DBStoreBuilder.java:processTables(161)) - Using default column profile:DBProfile.DISK for Table:deletedTable
2019-10-02 10:24:00,478 [main] INFO  db.DBStoreBuilder (DBStoreBuilder.java:addTable(110)) - using custom profile for table: openKeyTable
2019-10-02 10:24:00,478 [main] INFO  db.DBStoreBuilder (DBStoreBuilder.java:processTables(161)) - Using default column profile:DBProfile.DISK for Table:openKeyTable
2019-10-02 10:24:00,478 [main] INFO  db.DBStoreBuilder (DBStoreBuilder.java:addTable(110)) - using custom profile for table: s3Table
2019-10-02 10:24:00,478 [main] INFO  db.DBStoreBuilder (DBStoreBuilder.java:processTables(161)) - Using default column profile:DBProfile.DISK for Table:s3Table
2019-10-02 10:24:00,479 [main] INFO  db.DBStoreBuilder (DBStoreBuilder.java:addTable(110)) - using custom profile for table: multipartInfoTable
2019-10-02 10:24:00,479 [main] INFO  db.DBStoreBuilder (DBStoreBuilder.java:processTables(161)) - Using default column profile:DBProfile.DISK for Table:multipartInfoTable
2019-10-02 10:24:00,479 [main] INFO  db.DBStoreBuilder (DBStoreBuilder.java:addTable(110)) - using custom profile for table: dTokenTable
2019-10-02 10:24:00,479 [main] INFO  db.DBStoreBuilder (DBStoreBuilder.java:processTables(161)) - Using default column profile:DBProfile.DISK for Table:dTokenTable
2019-10-02 10:24:00,479 [main] INFO  db.DBStoreBuilder (DBStoreBuilder.java:addTable(110)) - using custom profile for table: s3SecretTable
2019-10-02 10:24:00,479 [main] INFO  db.DBStoreBuilder (DBStoreBuilder.java:processTables(161)) - Using default column profile:DBProfile.DISK for Table:s3SecretTable
2019-10-02 10:24:00,479 [main] INFO  db.DBStoreBuilder (DBStoreBuilder.java:addTable(110)) - using custom profile for table: prefixTable
2019-10-02 10:24:00,480 [main] INFO  db.DBStoreBuilder (DBStoreBuilder.java:processTables(161)) - Using default column profile:DBProfile.DISK for Table:prefixTable
2019-10-02 10:24:00,480 [main] INFO  db.DBStoreBuilder (DBStoreBuilder.java:addTable(110)) - using custom profile for table: default
2019-10-02 10:24:00,480 [main] INFO  db.DBStoreBuilder (DBStoreBuilder.java:processTables(167)) - Using default column profile:DBProfile.DISK for Table:default
2019-10-02 10:24:00,480 [main] INFO  db.DBStoreBuilder (DBStoreBuilder.java:getDbProfile(198)) - Using default options. DBProfile.DISK
2019-10-02 10:24:01,146 [main] INFO  ipc.CallQueueManager (CallQueueManager.java:<init>(84)) - Using callQueue: class java.util.concurrent.LinkedBlockingQueue, queueCapacity: 2000, scheduler: class org.apache.hadoop.ipc.DefaultRpcScheduler, ipcBackoff: false.
2019-10-02 10:24:01,147 [Socket Reader #1 for port 38467] INFO  ipc.Server (Server.java:run(1074)) - Starting Socket Reader #1 for port 38467
2019-10-02 10:24:01,163 [main] INFO  om.OzoneManager (OzoneManager.java:start(1243)) - OzoneManager RPC server is listening at localhost/127.0.0.1:38467
2019-10-02 10:24:01,163 [main] INFO  impl.MetricsSystemImpl (MetricsSystemImpl.java:init(158)) - OzoneManager metrics system started (again)
2019-10-02 10:24:01,164 [IPC Server Responder] INFO  ipc.Server (Server.java:run(1314)) - IPC Server Responder: starting
2019-10-02 10:24:01,261 [IPC Server listener on 38467] INFO  ipc.Server (Server.java:run(1153)) - IPC Server listener on 38467: starting
2019-10-02 10:24:01,358 [main] INFO  hdfs.DFSUtil (DFSUtil.java:httpServerTemplateForNNAndJN(1641)) - Starting Web-server for ozoneManager at: http://0.0.0.0:0
2019-10-02 10:24:01,362 [main] INFO  server.AuthenticationFilter (AuthenticationFilter.java:constructSecretProvider(240)) - Unable to initialize FileSignerSecretProvider, falling back to use random secrets.
2019-10-02 10:24:01,363 [main] WARN  http.HttpRequestLog (HttpRequestLog.java:getRequestLog(97)) - Jetty request log can only be enabled using Log4j
2019-10-02 10:24:01,365 [main] INFO  http.HttpServer2 (HttpServer2.java:addGlobalFilter(975)) - Added global filter 'safety' (class=org.apache.hadoop.http.HttpServer2$QuotingInputFilter)
2019-10-02 10:24:01,366 [main] INFO  http.HttpServer2 (HttpServer2.java:addFilter(948)) - Added filter static_user_filter (class=org.apache.hadoop.http.lib.StaticUserWebFilter$StaticUserFilter) to context ozoneManager
2019-10-02 10:24:01,366 [main] INFO  http.HttpServer2 (HttpServer2.java:addFilter(958)) - Added filter static_user_filter (class=org.apache.hadoop.http.lib.StaticUserWebFilter$StaticUserFilter) to context static
2019-10-02 10:24:01,366 [main] INFO  http.HttpServer2 (HttpServer2.java:addFilter(958)) - Added filter static_user_filter (class=org.apache.hadoop.http.lib.StaticUserWebFilter$StaticUserFilter) to context logs
2019-10-02 10:24:01,367 [main] INFO  http.HttpServer2 (HttpServer2.java:bindListener(1191)) - Jetty bound to port 40185
2019-10-02 10:24:01,367 [main] INFO  server.Server (Server.java:doStart(351)) - jetty-9.3.25.v20180904, build timestamp: 2018-09-04T21:11:46Z, git hash: 3ce520221d0240229c862b122d2b06c12a625732
2019-10-02 10:24:01,369 [main] INFO  handler.ContextHandler (ContextHandler.java:doStart(781)) - Started o.e.j.s.ServletContextHandler@d535a3d{/logs,file:///workdir/hadoop-ozone/integration-test/target/log,AVAILABLE}
2019-10-02 10:24:01,370 [main] INFO  handler.ContextHandler (ContextHandler.java:doStart(781)) - Started o.e.j.s.ServletContextHandler@9e54c59{/static,file:///workdir/hadoop-ozone/integration-test/target/test-classes/webapps/static,AVAILABLE}
2019-10-02 10:24:01,374 [main] INFO  handler.ContextHandler (ContextHandler.java:doStart(781)) - Started o.e.j.w.WebAppContext@45b15381{/,file:///workdir/hadoop-ozone/integration-test/target/test-classes/webapps/ozoneManager/,AVAILABLE}{/ozoneManager}
2019-10-02 10:24:01,375 [main] INFO  server.AbstractConnector (AbstractConnector.java:doStart(278)) - Started ServerConnector@2dbfcf7{HTTP/1.1,[http/1.1]}{0.0.0.0:40185}
2019-10-02 10:24:01,376 [main] INFO  server.Server (Server.java:doStart(419)) - Started @335178ms
2019-10-02 10:24:01,376 [main] WARN  impl.MetricsSystemImpl (MetricsSystemImpl.java:register(276)) - Sink prometheus already exists!
2019-10-02 10:24:01,377 [main] INFO  server.BaseHttpServer (BaseHttpServer.java:updateConnectorAddress(215)) - HTTP server of OZONEMANAGER is listening at http://0.0.0.0:40185
2019-10-02 10:24:01,399 [main] INFO  impl.MetricsSystemImpl (MetricsSystemImpl.java:init(158)) - HddsDatanode metrics system started (again)
2019-10-02 10:24:01,402 [main] INFO  ozone.HddsDatanodeService (HddsDatanodeService.java:start(184)) - HddsDatanodeService host:pr-trunk-gg4kw-413187789 ip:192.168.151.92
2019-10-02 10:24:01,409 [main] INFO  volume.HddsVolume (HddsVolume.java:<init>(176)) - Creating Volume: /workdir/hadoop-ozone/integration-test/target/test-dir/MiniOzoneClusterImpl-d5ad254c-7ec7-4fe1-b133-299c928d1cee/datanode-0/data/containers/hdds of  storage type : DISK and capacity : 1482555576320
2019-10-02 10:24:01,409 [main] INFO  volume.VolumeSet (VolumeSet.java:initializeVolumeSet(170)) - Added Volume : /workdir/hadoop-ozone/integration-test/target/test-dir/MiniOzoneClusterImpl-d5ad254c-7ec7-4fe1-b133-299c928d1cee/datanode-0/data/containers/hdds to VolumeSet
2019-10-02 10:24:01,409 [main] INFO  volume.ThrottledAsyncChecker (ThrottledAsyncChecker.java:schedule(139)) - Scheduling a check for org.apache.hadoop.ozone.container.common.volume.HddsVolume@73a8e994
2019-10-02 10:24:01,410 [main] INFO  volume.HddsVolumeChecker (HddsVolumeChecker.java:checkAllVolumes(202)) - Scheduled health check for volume org.apache.hadoop.ozone.container.common.volume.HddsVolume@73a8e994
2019-10-02 10:24:01,428 [main] INFO  impl.RaftServerProxy (ConfUtils.java:logGet(43)) - raft.rpc.type = GRPC (default)
2019-10-02 10:24:01,428 [main] INFO  grpc.GrpcFactory (GrpcFactory.java:checkPooledByteBufAllocatorUseCacheForAllThreads(45)) - PERFORMANCE WARNING: useCacheForAllThreads is true that may cause Netty to create a lot garbage objects and, as a result, trigger GC.
	It is recommended to disable useCacheForAllThreads by setting -Dorg.apache.ratis.thirdparty.io.netty.allocator.useCacheForAllThreads=false in command line.
2019-10-02 10:24:01,429 [main] INFO  grpc.GrpcConfigKeys$Server (ConfUtils.java:logGet(43)) - raft.grpc.server.port = 0 (default)
2019-10-02 10:24:01,429 [main] INFO  server.GrpcService (ConfUtils.java:logGet(43)) - raft.grpc.message.size.max = 33570816 (custom)
2019-10-02 10:24:01,429 [main] INFO  server.RaftServerConfigKeys (ConfUtils.java:logGet(43)) - raft.server.log.appender.buffer.byte-limit = 33554432 (custom)
2019-10-02 10:24:01,430 [main] INFO  server.GrpcService (ConfUtils.java:logGet(43)) - raft.grpc.flow.control.window = 1MB (=1048576) (default)
2019-10-02 10:24:01,430 [main] INFO  server.RaftServerConfigKeys (ConfUtils.java:logGet(43)) - raft.server.rpc.request.timeout = 3000ms (default)
2019-10-02 10:24:01,431 [main] INFO  server.RaftServerConfigKeys (ConfUtils.java:logGet(43)) - raft.server.storage.dir = [/workdir/hadoop-ozone/integration-test/target/test-dir/MiniOzoneClusterImpl-d5ad254c-7ec7-4fe1-b133-299c928d1cee/datanode-0/data/ratis] (custom)
2019-10-02 10:24:01,432 [main] INFO  hdfs.DFSUtil (DFSUtil.java:httpServerTemplateForNNAndJN(1641)) - Starting Web-server for hddsDatanode at: http://0.0.0.0:0
2019-10-02 10:24:01,434 [main] INFO  server.AuthenticationFilter (AuthenticationFilter.java:constructSecretProvider(240)) - Unable to initialize FileSignerSecretProvider, falling back to use random secrets.
2019-10-02 10:24:01,434 [main] WARN  http.HttpRequestLog (HttpRequestLog.java:getRequestLog(97)) - Jetty request log can only be enabled using Log4j
2019-10-02 10:24:01,436 [main] INFO  http.HttpServer2 (HttpServer2.java:addGlobalFilter(975)) - Added global filter 'safety' (class=org.apache.hadoop.http.HttpServer2$QuotingInputFilter)
2019-10-02 10:24:01,437 [main] INFO  http.HttpServer2 (HttpServer2.java:addFilter(948)) - Added filter static_user_filter (class=org.apache.hadoop.http.lib.StaticUserWebFilter$StaticUserFilter) to context hddsDatanode
2019-10-02 10:24:01,437 [main] INFO  http.HttpServer2 (HttpServer2.java:addFilter(958)) - Added filter static_user_filter (class=org.apache.hadoop.http.lib.StaticUserWebFilter$StaticUserFilter) to context static
2019-10-02 10:24:01,437 [main] INFO  http.HttpServer2 (HttpServer2.java:addFilter(958)) - Added filter static_user_filter (class=org.apache.hadoop.http.lib.StaticUserWebFilter$StaticUserFilter) to context logs
2019-10-02 10:24:01,438 [main] INFO  http.HttpServer2 (HttpServer2.java:bindListener(1191)) - Jetty bound to port 39251
2019-10-02 10:24:01,439 [main] INFO  server.Server (Server.java:doStart(351)) - jetty-9.3.25.v20180904, build timestamp: 2018-09-04T21:11:46Z, git hash: 3ce520221d0240229c862b122d2b06c12a625732
2019-10-02 10:24:01,440 [main] INFO  handler.ContextHandler (ContextHandler.java:doStart(781)) - Started o.e.j.s.ServletContextHandler@4d0e54e0{/logs,file:///workdir/hadoop-ozone/integration-test/target/log,AVAILABLE}
2019-10-02 10:24:01,441 [main] INFO  handler.ContextHandler (ContextHandler.java:doStart(781)) - Started o.e.j.s.ServletContextHandler@611640f0{/static,jar:file:/home/user/.m2/repository/org/apache/hadoop/hadoop-hdds-container-service/0.5.0-SNAPSHOT/hadoop-hdds-container-service-0.5.0-SNAPSHOT.jar!/webapps/static,AVAILABLE}
2019-10-02 10:24:01,478 [main] INFO  handler.ContextHandler (ContextHandler.java:doStart(781)) - Started o.e.j.w.WebAppContext@6c479fdf{/,file:///tmp/jetty-0.0.0.0-39251-hddsDatanode-_-any-3241618113801751892.dir/webapp/,AVAILABLE}{/hddsDatanode}
2019-10-02 10:24:01,479 [main] INFO  server.AbstractConnector (AbstractConnector.java:doStart(278)) - Started ServerConnector@79d82f66{HTTP/1.1,[http/1.1]}{0.0.0.0:39251}
2019-10-02 10:24:01,480 [main] INFO  server.Server (Server.java:doStart(419)) - Started @335283ms
2019-10-02 10:24:01,480 [main] WARN  impl.MetricsSystemImpl (MetricsSystemImpl.java:register(276)) - Sink prometheus already exists!
2019-10-02 10:24:01,481 [main] INFO  server.BaseHttpServer (BaseHttpServer.java:updateConnectorAddress(215)) - HTTP server of HDDSDATANODE is listening at http://0.0.0.0:39251
2019-10-02 10:24:01,482 [main] INFO  impl.MetricsSystemImpl (MetricsSystemImpl.java:init(158)) - HddsDatanode metrics system started (again)
2019-10-02 10:24:01,486 [org.apache.hadoop.util.JvmPauseMonitor$Monitor@2783a61e] INFO  util.JvmPauseMonitor (JvmPauseMonitor.java:run(188)) - Starting JVM pause monitor
2019-10-02 10:24:01,486 [main] INFO  ozone.HddsDatanodeService (HddsDatanodeService.java:start(184)) - HddsDatanodeService host:pr-trunk-gg4kw-413187789 ip:192.168.151.92
2019-10-02 10:24:01,488 [Datanode State Machine Thread - 0] INFO  datanode.InitDatanodeState (InitDatanodeState.java:persistContainerDatanodeDetails(140)) - DatanodeDetails is persisted to /workdir/hadoop-ozone/integration-test/target/test-dir/MiniOzoneClusterImpl-d5ad254c-7ec7-4fe1-b133-299c928d1cee/datanode-0/meta/datanode.id
2019-10-02 10:24:01,493 [main] INFO  volume.HddsVolume (HddsVolume.java:<init>(176)) - Creating Volume: /workdir/hadoop-ozone/integration-test/target/test-dir/MiniOzoneClusterImpl-d5ad254c-7ec7-4fe1-b133-299c928d1cee/datanode-1/data/containers/hdds of  storage type : DISK and capacity : 1482555576320
2019-10-02 10:24:01,493 [main] INFO  volume.VolumeSet (VolumeSet.java:initializeVolumeSet(170)) - Added Volume : /workdir/hadoop-ozone/integration-test/target/test-dir/MiniOzoneClusterImpl-d5ad254c-7ec7-4fe1-b133-299c928d1cee/datanode-1/data/containers/hdds to VolumeSet
2019-10-02 10:24:01,494 [main] INFO  volume.ThrottledAsyncChecker (ThrottledAsyncChecker.java:schedule(139)) - Scheduling a check for org.apache.hadoop.ozone.container.common.volume.HddsVolume@55fee662
2019-10-02 10:24:01,494 [main] INFO  volume.HddsVolumeChecker (HddsVolumeChecker.java:checkAllVolumes(202)) - Scheduled health check for volume org.apache.hadoop.ozone.container.common.volume.HddsVolume@55fee662
2019-10-02 10:24:01,508 [main] INFO  impl.RaftServerProxy (ConfUtils.java:logGet(43)) - raft.rpc.type = GRPC (default)
2019-10-02 10:24:01,509 [main] INFO  grpc.GrpcFactory (GrpcFactory.java:checkPooledByteBufAllocatorUseCacheForAllThreads(45)) - PERFORMANCE WARNING: useCacheForAllThreads is true that may cause Netty to create a lot garbage objects and, as a result, trigger GC.
	It is recommended to disable useCacheForAllThreads by setting -Dorg.apache.ratis.thirdparty.io.netty.allocator.useCacheForAllThreads=false in command line.
2019-10-02 10:24:01,509 [main] INFO  grpc.GrpcConfigKeys$Server (ConfUtils.java:logGet(43)) - raft.grpc.server.port = 0 (default)
2019-10-02 10:24:01,509 [main] INFO  server.GrpcService (ConfUtils.java:logGet(43)) - raft.grpc.message.size.max = 33570816 (custom)
2019-10-02 10:24:01,509 [main] INFO  server.RaftServerConfigKeys (ConfUtils.java:logGet(43)) - raft.server.log.appender.buffer.byte-limit = 33554432 (custom)
2019-10-02 10:24:01,509 [main] INFO  server.GrpcService (ConfUtils.java:logGet(43)) - raft.grpc.flow.control.window = 1MB (=1048576) (default)
2019-10-02 10:24:01,510 [main] INFO  server.RaftServerConfigKeys (ConfUtils.java:logGet(43)) - raft.server.rpc.request.timeout = 3000ms (default)
2019-10-02 10:24:01,510 [main] INFO  server.RaftServerConfigKeys (ConfUtils.java:logGet(43)) - raft.server.storage.dir = [/workdir/hadoop-ozone/integration-test/target/test-dir/MiniOzoneClusterImpl-d5ad254c-7ec7-4fe1-b133-299c928d1cee/datanode-1/data/ratis] (custom)
2019-10-02 10:24:01,511 [main] INFO  hdfs.DFSUtil (DFSUtil.java:httpServerTemplateForNNAndJN(1641)) - Starting Web-server for hddsDatanode at: http://0.0.0.0:0
2019-10-02 10:24:01,513 [main] INFO  server.AuthenticationFilter (AuthenticationFilter.java:constructSecretProvider(240)) - Unable to initialize FileSignerSecretProvider, falling back to use random secrets.
2019-10-02 10:24:01,513 [main] WARN  http.HttpRequestLog (HttpRequestLog.java:getRequestLog(97)) - Jetty request log can only be enabled using Log4j
2019-10-02 10:24:01,515 [main] INFO  http.HttpServer2 (HttpServer2.java:addGlobalFilter(975)) - Added global filter 'safety' (class=org.apache.hadoop.http.HttpServer2$QuotingInputFilter)
2019-10-02 10:24:01,516 [main] INFO  http.HttpServer2 (HttpServer2.java:addFilter(948)) - Added filter static_user_filter (class=org.apache.hadoop.http.lib.StaticUserWebFilter$StaticUserFilter) to context hddsDatanode
2019-10-02 10:24:01,516 [main] INFO  http.HttpServer2 (HttpServer2.java:addFilter(958)) - Added filter static_user_filter (class=org.apache.hadoop.http.lib.StaticUserWebFilter$StaticUserFilter) to context logs
2019-10-02 10:24:01,517 [main] INFO  http.HttpServer2 (HttpServer2.java:addFilter(958)) - Added filter static_user_filter (class=org.apache.hadoop.http.lib.StaticUserWebFilter$StaticUserFilter) to context static
2019-10-02 10:24:01,517 [main] INFO  http.HttpServer2 (HttpServer2.java:bindListener(1191)) - Jetty bound to port 35476
2019-10-02 10:24:01,518 [main] INFO  server.Server (Server.java:doStart(351)) - jetty-9.3.25.v20180904, build timestamp: 2018-09-04T21:11:46Z, git hash: 3ce520221d0240229c862b122d2b06c12a625732
2019-10-02 10:24:01,520 [main] INFO  handler.ContextHandler (ContextHandler.java:doStart(781)) - Started o.e.j.s.ServletContextHandler@21b6c9c2{/logs,file:///workdir/hadoop-ozone/integration-test/target/log,AVAILABLE}
2019-10-02 10:24:01,520 [main] INFO  handler.ContextHandler (ContextHandler.java:doStart(781)) - Started o.e.j.s.ServletContextHandler@3b95a6db{/static,jar:file:/home/user/.m2/repository/org/apache/hadoop/hadoop-hdds-container-service/0.5.0-SNAPSHOT/hadoop-hdds-container-service-0.5.0-SNAPSHOT.jar!/webapps/static,AVAILABLE}
2019-10-02 10:24:01,558 [main] INFO  handler.ContextHandler (ContextHandler.java:doStart(781)) - Started o.e.j.w.WebAppContext@2b4b96a4{/,file:///tmp/jetty-0.0.0.0-35476-hddsDatanode-_-any-5182897370712285985.dir/webapp/,AVAILABLE}{/hddsDatanode}
2019-10-02 10:24:01,559 [main] INFO  server.AbstractConnector (AbstractConnector.java:doStart(278)) - Started ServerConnector@2dd8ff1d{HTTP/1.1,[http/1.1]}{0.0.0.0:35476}
2019-10-02 10:24:01,560 [main] INFO  server.Server (Server.java:doStart(419)) - Started @335362ms
2019-10-02 10:24:01,560 [main] WARN  impl.MetricsSystemImpl (MetricsSystemImpl.java:register(276)) - Sink prometheus already exists!
2019-10-02 10:24:01,561 [main] INFO  server.BaseHttpServer (BaseHttpServer.java:updateConnectorAddress(215)) - HTTP server of HDDSDATANODE is listening at http://0.0.0.0:35476
2019-10-02 10:24:01,561 [main] INFO  impl.MetricsSystemImpl (MetricsSystemImpl.java:init(158)) - HddsDatanode metrics system started (again)
2019-10-02 10:24:01,564 [org.apache.hadoop.util.JvmPauseMonitor$Monitor@607ba272] INFO  util.JvmPauseMonitor (JvmPauseMonitor.java:run(188)) - Starting JVM pause monitor
2019-10-02 10:24:01,566 [main] INFO  ozone.HddsDatanodeService (HddsDatanodeService.java:start(184)) - HddsDatanodeService host:pr-trunk-gg4kw-413187789 ip:192.168.151.92
2019-10-02 10:24:01,567 [Datanode State Machine Thread - 0] INFO  datanode.InitDatanodeState (InitDatanodeState.java:persistContainerDatanodeDetails(140)) - DatanodeDetails is persisted to /workdir/hadoop-ozone/integration-test/target/test-dir/MiniOzoneClusterImpl-d5ad254c-7ec7-4fe1-b133-299c928d1cee/datanode-1/meta/datanode.id
2019-10-02 10:24:01,571 [main] INFO  volume.HddsVolume (HddsVolume.java:<init>(176)) - Creating Volume: /workdir/hadoop-ozone/integration-test/target/test-dir/MiniOzoneClusterImpl-d5ad254c-7ec7-4fe1-b133-299c928d1cee/datanode-2/data/containers/hdds of  storage type : DISK and capacity : 1482555576320
2019-10-02 10:24:01,572 [main] INFO  volume.VolumeSet (VolumeSet.java:initializeVolumeSet(170)) - Added Volume : /workdir/hadoop-ozone/integration-test/target/test-dir/MiniOzoneClusterImpl-d5ad254c-7ec7-4fe1-b133-299c928d1cee/datanode-2/data/containers/hdds to VolumeSet
2019-10-02 10:24:01,572 [main] INFO  volume.ThrottledAsyncChecker (ThrottledAsyncChecker.java:schedule(139)) - Scheduling a check for org.apache.hadoop.ozone.container.common.volume.HddsVolume@b67cc70
2019-10-02 10:24:01,573 [main] INFO  volume.HddsVolumeChecker (HddsVolumeChecker.java:checkAllVolumes(202)) - Scheduled health check for volume org.apache.hadoop.ozone.container.common.volume.HddsVolume@b67cc70
2019-10-02 10:24:01,592 [main] INFO  impl.RaftServerProxy (ConfUtils.java:logGet(43)) - raft.rpc.type = GRPC (default)
2019-10-02 10:24:01,592 [main] INFO  grpc.GrpcFactory (GrpcFactory.java:checkPooledByteBufAllocatorUseCacheForAllThreads(45)) - PERFORMANCE WARNING: useCacheForAllThreads is true that may cause Netty to create a lot garbage objects and, as a result, trigger GC.
	It is recommended to disable useCacheForAllThreads by setting -Dorg.apache.ratis.thirdparty.io.netty.allocator.useCacheForAllThreads=false in command line.
2019-10-02 10:24:01,593 [main] INFO  grpc.GrpcConfigKeys$Server (ConfUtils.java:logGet(43)) - raft.grpc.server.port = 0 (default)
2019-10-02 10:24:01,593 [main] INFO  server.GrpcService (ConfUtils.java:logGet(43)) - raft.grpc.message.size.max = 33570816 (custom)
2019-10-02 10:24:01,593 [main] INFO  server.RaftServerConfigKeys (ConfUtils.java:logGet(43)) - raft.server.log.appender.buffer.byte-limit = 33554432 (custom)
2019-10-02 10:24:01,594 [main] INFO  server.GrpcService (ConfUtils.java:logGet(43)) - raft.grpc.flow.control.window = 1MB (=1048576) (default)
2019-10-02 10:24:01,594 [main] INFO  server.RaftServerConfigKeys (ConfUtils.java:logGet(43)) - raft.server.rpc.request.timeout = 3000ms (default)
2019-10-02 10:24:01,594 [main] INFO  server.RaftServerConfigKeys (ConfUtils.java:logGet(43)) - raft.server.storage.dir = [/workdir/hadoop-ozone/integration-test/target/test-dir/MiniOzoneClusterImpl-d5ad254c-7ec7-4fe1-b133-299c928d1cee/datanode-2/data/ratis] (custom)
2019-10-02 10:24:01,596 [main] INFO  hdfs.DFSUtil (DFSUtil.java:httpServerTemplateForNNAndJN(1641)) - Starting Web-server for hddsDatanode at: http://0.0.0.0:0
2019-10-02 10:24:01,598 [main] INFO  server.AuthenticationFilter (AuthenticationFilter.java:constructSecretProvider(240)) - Unable to initialize FileSignerSecretProvider, falling back to use random secrets.
2019-10-02 10:24:01,598 [main] WARN  http.HttpRequestLog (HttpRequestLog.java:getRequestLog(97)) - Jetty request log can only be enabled using Log4j
2019-10-02 10:24:01,600 [main] INFO  http.HttpServer2 (HttpServer2.java:addGlobalFilter(975)) - Added global filter 'safety' (class=org.apache.hadoop.http.HttpServer2$QuotingInputFilter)
2019-10-02 10:24:01,602 [main] INFO  http.HttpServer2 (HttpServer2.java:addFilter(948)) - Added filter static_user_filter (class=org.apache.hadoop.http.lib.StaticUserWebFilter$StaticUserFilter) to context hddsDatanode
2019-10-02 10:24:01,602 [main] INFO  http.HttpServer2 (HttpServer2.java:addFilter(958)) - Added filter static_user_filter (class=org.apache.hadoop.http.lib.StaticUserWebFilter$StaticUserFilter) to context logs
2019-10-02 10:24:01,602 [main] INFO  http.HttpServer2 (HttpServer2.java:addFilter(958)) - Added filter static_user_filter (class=org.apache.hadoop.http.lib.StaticUserWebFilter$StaticUserFilter) to context static
2019-10-02 10:24:01,603 [main] INFO  http.HttpServer2 (HttpServer2.java:bindListener(1191)) - Jetty bound to port 43677
2019-10-02 10:24:01,603 [main] INFO  server.Server (Server.java:doStart(351)) - jetty-9.3.25.v20180904, build timestamp: 2018-09-04T21:11:46Z, git hash: 3ce520221d0240229c862b122d2b06c12a625732
2019-10-02 10:24:01,605 [main] INFO  handler.ContextHandler (ContextHandler.java:doStart(781)) - Started o.e.j.s.ServletContextHandler@7ddd84b5{/logs,file:///workdir/hadoop-ozone/integration-test/target/log,AVAILABLE}
2019-10-02 10:24:01,606 [main] INFO  handler.ContextHandler (ContextHandler.java:doStart(781)) - Started o.e.j.s.ServletContextHandler@d675f9f{/static,jar:file:/home/user/.m2/repository/org/apache/hadoop/hadoop-hdds-container-service/0.5.0-SNAPSHOT/hadoop-hdds-container-service-0.5.0-SNAPSHOT.jar!/webapps/static,AVAILABLE}
2019-10-02 10:24:01,640 [main] INFO  handler.ContextHandler (ContextHandler.java:doStart(781)) - Started o.e.j.w.WebAppContext@3aaa3c39{/,file:///tmp/jetty-0.0.0.0-43677-hddsDatanode-_-any-8387535217974754949.dir/webapp/,AVAILABLE}{/hddsDatanode}
2019-10-02 10:24:01,641 [main] INFO  server.AbstractConnector (AbstractConnector.java:doStart(278)) - Started ServerConnector@65a9ea3c{HTTP/1.1,[http/1.1]}{0.0.0.0:43677}
2019-10-02 10:24:01,642 [main] INFO  server.Server (Server.java:doStart(419)) - Started @335444ms
2019-10-02 10:24:01,642 [main] WARN  impl.MetricsSystemImpl (MetricsSystemImpl.java:register(276)) - Sink prometheus already exists!
2019-10-02 10:24:01,643 [main] INFO  server.BaseHttpServer (BaseHttpServer.java:updateConnectorAddress(215)) - HTTP server of HDDSDATANODE is listening at http://0.0.0.0:43677
2019-10-02 10:24:01,643 [main] INFO  impl.MetricsSystemImpl (MetricsSystemImpl.java:init(158)) - HddsDatanode metrics system started (again)
2019-10-02 10:24:01,647 [org.apache.hadoop.util.JvmPauseMonitor$Monitor@4be2e3f7] INFO  util.JvmPauseMonitor (JvmPauseMonitor.java:run(188)) - Starting JVM pause monitor
2019-10-02 10:24:01,647 [main] INFO  ozone.HddsDatanodeService (HddsDatanodeService.java:start(184)) - HddsDatanodeService host:pr-trunk-gg4kw-413187789 ip:192.168.151.92
2019-10-02 10:24:01,648 [Datanode State Machine Thread - 0] INFO  datanode.InitDatanodeState (InitDatanodeState.java:persistContainerDatanodeDetails(140)) - DatanodeDetails is persisted to /workdir/hadoop-ozone/integration-test/target/test-dir/MiniOzoneClusterImpl-d5ad254c-7ec7-4fe1-b133-299c928d1cee/datanode-2/meta/datanode.id
2019-10-02 10:24:01,653 [main] INFO  volume.HddsVolume (HddsVolume.java:<init>(176)) - Creating Volume: /workdir/hadoop-ozone/integration-test/target/test-dir/MiniOzoneClusterImpl-d5ad254c-7ec7-4fe1-b133-299c928d1cee/datanode-3/data/containers/hdds of  storage type : DISK and capacity : 1482555576320
2019-10-02 10:24:01,653 [main] INFO  volume.VolumeSet (VolumeSet.java:initializeVolumeSet(170)) - Added Volume : /workdir/hadoop-ozone/integration-test/target/test-dir/MiniOzoneClusterImpl-d5ad254c-7ec7-4fe1-b133-299c928d1cee/datanode-3/data/containers/hdds to VolumeSet
2019-10-02 10:24:01,654 [main] INFO  volume.ThrottledAsyncChecker (ThrottledAsyncChecker.java:schedule(139)) - Scheduling a check for org.apache.hadoop.ozone.container.common.volume.HddsVolume@21263314
2019-10-02 10:24:01,654 [main] INFO  volume.HddsVolumeChecker (HddsVolumeChecker.java:checkAllVolumes(202)) - Scheduled health check for volume org.apache.hadoop.ozone.container.common.volume.HddsVolume@21263314
2019-10-02 10:24:01,672 [main] INFO  impl.RaftServerProxy (ConfUtils.java:logGet(43)) - raft.rpc.type = GRPC (default)
2019-10-02 10:24:01,672 [main] INFO  grpc.GrpcFactory (GrpcFactory.java:checkPooledByteBufAllocatorUseCacheForAllThreads(45)) - PERFORMANCE WARNING: useCacheForAllThreads is true that may cause Netty to create a lot garbage objects and, as a result, trigger GC.
	It is recommended to disable useCacheForAllThreads by setting -Dorg.apache.ratis.thirdparty.io.netty.allocator.useCacheForAllThreads=false in command line.
2019-10-02 10:24:01,673 [main] INFO  grpc.GrpcConfigKeys$Server (ConfUtils.java:logGet(43)) - raft.grpc.server.port = 0 (default)
2019-10-02 10:24:01,673 [main] INFO  server.GrpcService (ConfUtils.java:logGet(43)) - raft.grpc.message.size.max = 33570816 (custom)
2019-10-02 10:24:01,673 [main] INFO  server.RaftServerConfigKeys (ConfUtils.java:logGet(43)) - raft.server.log.appender.buffer.byte-limit = 33554432 (custom)
2019-10-02 10:24:01,673 [main] INFO  server.GrpcService (ConfUtils.java:logGet(43)) - raft.grpc.flow.control.window = 1MB (=1048576) (default)
2019-10-02 10:24:01,674 [main] INFO  server.RaftServerConfigKeys (ConfUtils.java:logGet(43)) - raft.server.rpc.request.timeout = 3000ms (default)
2019-10-02 10:24:01,674 [main] INFO  server.RaftServerConfigKeys (ConfUtils.java:logGet(43)) - raft.server.storage.dir = [/workdir/hadoop-ozone/integration-test/target/test-dir/MiniOzoneClusterImpl-d5ad254c-7ec7-4fe1-b133-299c928d1cee/datanode-3/data/ratis] (custom)
2019-10-02 10:24:01,676 [main] INFO  hdfs.DFSUtil (DFSUtil.java:httpServerTemplateForNNAndJN(1641)) - Starting Web-server for hddsDatanode at: http://0.0.0.0:0
2019-10-02 10:24:01,677 [main] INFO  server.AuthenticationFilter (AuthenticationFilter.java:constructSecretProvider(240)) - Unable to initialize FileSignerSecretProvider, falling back to use random secrets.
2019-10-02 10:24:01,678 [main] WARN  http.HttpRequestLog (HttpRequestLog.java:getRequestLog(97)) - Jetty request log can only be enabled using Log4j
2019-10-02 10:24:01,679 [main] INFO  http.HttpServer2 (HttpServer2.java:addGlobalFilter(975)) - Added global filter 'safety' (class=org.apache.hadoop.http.HttpServer2$QuotingInputFilter)
2019-10-02 10:24:01,680 [main] INFO  http.HttpServer2 (HttpServer2.java:addFilter(948)) - Added filter static_user_filter (class=org.apache.hadoop.http.lib.StaticUserWebFilter$StaticUserFilter) to context hddsDatanode
2019-10-02 10:24:01,680 [main] INFO  http.HttpServer2 (HttpServer2.java:addFilter(958)) - Added filter static_user_filter (class=org.apache.hadoop.http.lib.StaticUserWebFilter$StaticUserFilter) to context static
2019-10-02 10:24:01,680 [main] INFO  http.HttpServer2 (HttpServer2.java:addFilter(958)) - Added filter static_user_filter (class=org.apache.hadoop.http.lib.StaticUserWebFilter$StaticUserFilter) to context logs
2019-10-02 10:24:01,681 [main] INFO  http.HttpServer2 (HttpServer2.java:bindListener(1191)) - Jetty bound to port 36767
2019-10-02 10:24:01,682 [main] INFO  server.Server (Server.java:doStart(351)) - jetty-9.3.25.v20180904, build timestamp: 2018-09-04T21:11:46Z, git hash: 3ce520221d0240229c862b122d2b06c12a625732
2019-10-02 10:24:01,684 [main] INFO  handler.ContextHandler (ContextHandler.java:doStart(781)) - Started o.e.j.s.ServletContextHandler@62a68bcb{/logs,file:///workdir/hadoop-ozone/integration-test/target/log,AVAILABLE}
2019-10-02 10:24:01,684 [main] INFO  handler.ContextHandler (ContextHandler.java:doStart(781)) - Started o.e.j.s.ServletContextHandler@14924f41{/static,jar:file:/home/user/.m2/repository/org/apache/hadoop/hadoop-hdds-container-service/0.5.0-SNAPSHOT/hadoop-hdds-container-service-0.5.0-SNAPSHOT.jar!/webapps/static,AVAILABLE}
2019-10-02 10:24:01,723 [main] INFO  handler.ContextHandler (ContextHandler.java:doStart(781)) - Started o.e.j.w.WebAppContext@441fbe89{/,file:///tmp/jetty-0.0.0.0-36767-hddsDatanode-_-any-5329247243457197293.dir/webapp/,AVAILABLE}{/hddsDatanode}
2019-10-02 10:24:01,724 [main] INFO  server.AbstractConnector (AbstractConnector.java:doStart(278)) - Started ServerConnector@6088451e{HTTP/1.1,[http/1.1]}{0.0.0.0:36767}
2019-10-02 10:24:01,725 [main] INFO  server.Server (Server.java:doStart(419)) - Started @335528ms
2019-10-02 10:24:01,726 [main] WARN  impl.MetricsSystemImpl (MetricsSystemImpl.java:register(276)) - Sink prometheus already exists!
2019-10-02 10:24:01,726 [main] INFO  server.BaseHttpServer (BaseHttpServer.java:updateConnectorAddress(215)) - HTTP server of HDDSDATANODE is listening at http://0.0.0.0:36767
2019-10-02 10:24:01,727 [main] INFO  impl.MetricsSystemImpl (MetricsSystemImpl.java:init(158)) - HddsDatanode metrics system started (again)
2019-10-02 10:24:01,731 [org.apache.hadoop.util.JvmPauseMonitor$Monitor@34f4f69f] INFO  util.JvmPauseMonitor (JvmPauseMonitor.java:run(188)) - Starting JVM pause monitor
2019-10-02 10:24:01,731 [main] INFO  ozone.HddsDatanodeService (HddsDatanodeService.java:start(184)) - HddsDatanodeService host:pr-trunk-gg4kw-413187789 ip:192.168.151.92
2019-10-02 10:24:01,732 [Datanode State Machine Thread - 0] INFO  datanode.InitDatanodeState (InitDatanodeState.java:persistContainerDatanodeDetails(140)) - DatanodeDetails is persisted to /workdir/hadoop-ozone/integration-test/target/test-dir/MiniOzoneClusterImpl-d5ad254c-7ec7-4fe1-b133-299c928d1cee/datanode-3/meta/datanode.id
2019-10-02 10:24:01,736 [main] INFO  volume.HddsVolume (HddsVolume.java:<init>(176)) - Creating Volume: /workdir/hadoop-ozone/integration-test/target/test-dir/MiniOzoneClusterImpl-d5ad254c-7ec7-4fe1-b133-299c928d1cee/datanode-4/data/containers/hdds of  storage type : DISK and capacity : 1482555576320
2019-10-02 10:24:01,737 [main] INFO  volume.VolumeSet (VolumeSet.java:initializeVolumeSet(170)) - Added Volume : /workdir/hadoop-ozone/integration-test/target/test-dir/MiniOzoneClusterImpl-d5ad254c-7ec7-4fe1-b133-299c928d1cee/datanode-4/data/containers/hdds to VolumeSet
2019-10-02 10:24:01,737 [main] INFO  volume.ThrottledAsyncChecker (ThrottledAsyncChecker.java:schedule(139)) - Scheduling a check for org.apache.hadoop.ozone.container.common.volume.HddsVolume@1319bc2a
2019-10-02 10:24:01,737 [main] INFO  volume.HddsVolumeChecker (HddsVolumeChecker.java:checkAllVolumes(202)) - Scheduled health check for volume org.apache.hadoop.ozone.container.common.volume.HddsVolume@1319bc2a
2019-10-02 10:24:01,750 [main] INFO  impl.RaftServerProxy (ConfUtils.java:logGet(43)) - raft.rpc.type = GRPC (default)
2019-10-02 10:24:01,751 [main] INFO  grpc.GrpcFactory (GrpcFactory.java:checkPooledByteBufAllocatorUseCacheForAllThreads(45)) - PERFORMANCE WARNING: useCacheForAllThreads is true that may cause Netty to create a lot garbage objects and, as a result, trigger GC.
	It is recommended to disable useCacheForAllThreads by setting -Dorg.apache.ratis.thirdparty.io.netty.allocator.useCacheForAllThreads=false in command line.
2019-10-02 10:24:01,751 [main] INFO  grpc.GrpcConfigKeys$Server (ConfUtils.java:logGet(43)) - raft.grpc.server.port = 0 (default)
2019-10-02 10:24:01,751 [main] INFO  server.GrpcService (ConfUtils.java:logGet(43)) - raft.grpc.message.size.max = 33570816 (custom)
2019-10-02 10:24:01,751 [main] INFO  server.RaftServerConfigKeys (ConfUtils.java:logGet(43)) - raft.server.log.appender.buffer.byte-limit = 33554432 (custom)
2019-10-02 10:24:01,751 [main] INFO  server.GrpcService (ConfUtils.java:logGet(43)) - raft.grpc.flow.control.window = 1MB (=1048576) (default)
2019-10-02 10:24:01,751 [main] INFO  server.RaftServerConfigKeys (ConfUtils.java:logGet(43)) - raft.server.rpc.request.timeout = 3000ms (default)
2019-10-02 10:24:01,752 [main] INFO  server.RaftServerConfigKeys (ConfUtils.java:logGet(43)) - raft.server.storage.dir = [/workdir/hadoop-ozone/integration-test/target/test-dir/MiniOzoneClusterImpl-d5ad254c-7ec7-4fe1-b133-299c928d1cee/datanode-4/data/ratis] (custom)
2019-10-02 10:24:01,753 [main] INFO  hdfs.DFSUtil (DFSUtil.java:httpServerTemplateForNNAndJN(1641)) - Starting Web-server for hddsDatanode at: http://0.0.0.0:0
2019-10-02 10:24:01,757 [main] INFO  server.AuthenticationFilter (AuthenticationFilter.java:constructSecretProvider(240)) - Unable to initialize FileSignerSecretProvider, falling back to use random secrets.
2019-10-02 10:24:01,758 [main] WARN  http.HttpRequestLog (HttpRequestLog.java:getRequestLog(97)) - Jetty request log can only be enabled using Log4j
2019-10-02 10:24:01,760 [main] INFO  http.HttpServer2 (HttpServer2.java:addGlobalFilter(975)) - Added global filter 'safety' (class=org.apache.hadoop.http.HttpServer2$QuotingInputFilter)
2019-10-02 10:24:01,761 [main] INFO  http.HttpServer2 (HttpServer2.java:addFilter(948)) - Added filter static_user_filter (class=org.apache.hadoop.http.lib.StaticUserWebFilter$StaticUserFilter) to context hddsDatanode
2019-10-02 10:24:01,761 [main] INFO  http.HttpServer2 (HttpServer2.java:addFilter(958)) - Added filter static_user_filter (class=org.apache.hadoop.http.lib.StaticUserWebFilter$StaticUserFilter) to context static
2019-10-02 10:24:01,761 [main] INFO  http.HttpServer2 (HttpServer2.java:addFilter(958)) - Added filter static_user_filter (class=org.apache.hadoop.http.lib.StaticUserWebFilter$StaticUserFilter) to context logs
2019-10-02 10:24:01,762 [main] INFO  http.HttpServer2 (HttpServer2.java:bindListener(1191)) - Jetty bound to port 40350
2019-10-02 10:24:01,762 [main] INFO  server.Server (Server.java:doStart(351)) - jetty-9.3.25.v20180904, build timestamp: 2018-09-04T21:11:46Z, git hash: 3ce520221d0240229c862b122d2b06c12a625732
2019-10-02 10:24:01,764 [main] INFO  handler.ContextHandler (ContextHandler.java:doStart(781)) - Started o.e.j.s.ServletContextHandler@78422efb{/logs,file:///workdir/hadoop-ozone/integration-test/target/log,AVAILABLE}
2019-10-02 10:24:01,765 [main] INFO  handler.ContextHandler (ContextHandler.java:doStart(781)) - Started o.e.j.s.ServletContextHandler@68e02f33{/static,jar:file:/home/user/.m2/repository/org/apache/hadoop/hadoop-hdds-container-service/0.5.0-SNAPSHOT/hadoop-hdds-container-service-0.5.0-SNAPSHOT.jar!/webapps/static,AVAILABLE}
2019-10-02 10:24:01,795 [main] INFO  handler.ContextHandler (ContextHandler.java:doStart(781)) - Started o.e.j.w.WebAppContext@1b410308{/,file:///tmp/jetty-0.0.0.0-40350-hddsDatanode-_-any-8437934685795657982.dir/webapp/,AVAILABLE}{/hddsDatanode}
2019-10-02 10:24:01,795 [main] INFO  server.AbstractConnector (AbstractConnector.java:doStart(278)) - Started ServerConnector@4b0bd001{HTTP/1.1,[http/1.1]}{0.0.0.0:40350}
2019-10-02 10:24:01,797 [main] INFO  server.Server (Server.java:doStart(419)) - Started @335599ms
2019-10-02 10:24:01,797 [main] WARN  impl.MetricsSystemImpl (MetricsSystemImpl.java:register(276)) - Sink prometheus already exists!
2019-10-02 10:24:01,798 [main] INFO  server.BaseHttpServer (BaseHttpServer.java:updateConnectorAddress(215)) - HTTP server of HDDSDATANODE is listening at http://0.0.0.0:40350
2019-10-02 10:24:01,798 [main] INFO  impl.MetricsSystemImpl (MetricsSystemImpl.java:init(158)) - HddsDatanode metrics system started (again)
2019-10-02 10:24:01,803 [org.apache.hadoop.util.JvmPauseMonitor$Monitor@27c27ff] INFO  util.JvmPauseMonitor (JvmPauseMonitor.java:run(188)) - Starting JVM pause monitor
2019-10-02 10:24:01,804 [main] INFO  ozone.HddsDatanodeService (HddsDatanodeService.java:start(184)) - HddsDatanodeService host:pr-trunk-gg4kw-413187789 ip:192.168.151.92
2019-10-02 10:24:01,804 [Datanode State Machine Thread - 0] INFO  datanode.InitDatanodeState (InitDatanodeState.java:persistContainerDatanodeDetails(140)) - DatanodeDetails is persisted to /workdir/hadoop-ozone/integration-test/target/test-dir/MiniOzoneClusterImpl-d5ad254c-7ec7-4fe1-b133-299c928d1cee/datanode-4/meta/datanode.id
2019-10-02 10:24:01,809 [main] INFO  volume.HddsVolume (HddsVolume.java:<init>(176)) - Creating Volume: /workdir/hadoop-ozone/integration-test/target/test-dir/MiniOzoneClusterImpl-d5ad254c-7ec7-4fe1-b133-299c928d1cee/datanode-5/data/containers/hdds of  storage type : DISK and capacity : 1482555576320
2019-10-02 10:24:01,809 [main] INFO  volume.VolumeSet (VolumeSet.java:initializeVolumeSet(170)) - Added Volume : /workdir/hadoop-ozone/integration-test/target/test-dir/MiniOzoneClusterImpl-d5ad254c-7ec7-4fe1-b133-299c928d1cee/datanode-5/data/containers/hdds to VolumeSet
2019-10-02 10:24:01,810 [main] INFO  volume.ThrottledAsyncChecker (ThrottledAsyncChecker.java:schedule(139)) - Scheduling a check for org.apache.hadoop.ozone.container.common.volume.HddsVolume@6870c3c2
2019-10-02 10:24:01,810 [main] INFO  volume.HddsVolumeChecker (HddsVolumeChecker.java:checkAllVolumes(202)) - Scheduled health check for volume org.apache.hadoop.ozone.container.common.volume.HddsVolume@6870c3c2
2019-10-02 10:24:01,823 [main] INFO  impl.RaftServerProxy (ConfUtils.java:logGet(43)) - raft.rpc.type = GRPC (default)
2019-10-02 10:24:01,824 [main] INFO  grpc.GrpcFactory (GrpcFactory.java:checkPooledByteBufAllocatorUseCacheForAllThreads(45)) - PERFORMANCE WARNING: useCacheForAllThreads is true that may cause Netty to create a lot garbage objects and, as a result, trigger GC.
	It is recommended to disable useCacheForAllThreads by setting -Dorg.apache.ratis.thirdparty.io.netty.allocator.useCacheForAllThreads=false in command line.
2019-10-02 10:24:01,824 [main] INFO  grpc.GrpcConfigKeys$Server (ConfUtils.java:logGet(43)) - raft.grpc.server.port = 0 (default)
2019-10-02 10:24:01,824 [main] INFO  server.GrpcService (ConfUtils.java:logGet(43)) - raft.grpc.message.size.max = 33570816 (custom)
2019-10-02 10:24:01,824 [main] INFO  server.RaftServerConfigKeys (ConfUtils.java:logGet(43)) - raft.server.log.appender.buffer.byte-limit = 33554432 (custom)
2019-10-02 10:24:01,824 [main] INFO  server.GrpcService (ConfUtils.java:logGet(43)) - raft.grpc.flow.control.window = 1MB (=1048576) (default)
2019-10-02 10:24:01,824 [main] INFO  server.RaftServerConfigKeys (ConfUtils.java:logGet(43)) - raft.server.rpc.request.timeout = 3000ms (default)
2019-10-02 10:24:01,825 [main] INFO  server.RaftServerConfigKeys (ConfUtils.java:logGet(43)) - raft.server.storage.dir = [/workdir/hadoop-ozone/integration-test/target/test-dir/MiniOzoneClusterImpl-d5ad254c-7ec7-4fe1-b133-299c928d1cee/datanode-5/data/ratis] (custom)
2019-10-02 10:24:01,826 [main] INFO  hdfs.DFSUtil (DFSUtil.java:httpServerTemplateForNNAndJN(1641)) - Starting Web-server for hddsDatanode at: http://0.0.0.0:0
2019-10-02 10:24:01,828 [main] INFO  server.AuthenticationFilter (AuthenticationFilter.java:constructSecretProvider(240)) - Unable to initialize FileSignerSecretProvider, falling back to use random secrets.
2019-10-02 10:24:01,828 [main] WARN  http.HttpRequestLog (HttpRequestLog.java:getRequestLog(97)) - Jetty request log can only be enabled using Log4j
2019-10-02 10:24:01,829 [main] INFO  http.HttpServer2 (HttpServer2.java:addGlobalFilter(975)) - Added global filter 'safety' (class=org.apache.hadoop.http.HttpServer2$QuotingInputFilter)
2019-10-02 10:24:01,830 [main] INFO  http.HttpServer2 (HttpServer2.java:addFilter(948)) - Added filter static_user_filter (class=org.apache.hadoop.http.lib.StaticUserWebFilter$StaticUserFilter) to context hddsDatanode
2019-10-02 10:24:01,830 [main] INFO  http.HttpServer2 (HttpServer2.java:addFilter(958)) - Added filter static_user_filter (class=org.apache.hadoop.http.lib.StaticUserWebFilter$StaticUserFilter) to context logs
2019-10-02 10:24:01,830 [main] INFO  http.HttpServer2 (HttpServer2.java:addFilter(958)) - Added filter static_user_filter (class=org.apache.hadoop.http.lib.StaticUserWebFilter$StaticUserFilter) to context static
2019-10-02 10:24:01,831 [main] INFO  http.HttpServer2 (HttpServer2.java:bindListener(1191)) - Jetty bound to port 44515
2019-10-02 10:24:01,831 [main] INFO  server.Server (Server.java:doStart(351)) - jetty-9.3.25.v20180904, build timestamp: 2018-09-04T21:11:46Z, git hash: 3ce520221d0240229c862b122d2b06c12a625732
2019-10-02 10:24:01,832 [main] INFO  handler.ContextHandler (ContextHandler.java:doStart(781)) - Started o.e.j.s.ServletContextHandler@60a7e509{/logs,file:///workdir/hadoop-ozone/integration-test/target/log,AVAILABLE}
2019-10-02 10:24:01,833 [main] INFO  handler.ContextHandler (ContextHandler.java:doStart(781)) - Started o.e.j.s.ServletContextHandler@787508ca{/static,jar:file:/home/user/.m2/repository/org/apache/hadoop/hadoop-hdds-container-service/0.5.0-SNAPSHOT/hadoop-hdds-container-service-0.5.0-SNAPSHOT.jar!/webapps/static,AVAILABLE}
2019-10-02 10:24:01,861 [main] INFO  handler.ContextHandler (ContextHandler.java:doStart(781)) - Started o.e.j.w.WebAppContext@101ca8da{/,file:///tmp/jetty-0.0.0.0-44515-hddsDatanode-_-any-5485742062882505253.dir/webapp/,AVAILABLE}{/hddsDatanode}
2019-10-02 10:24:01,862 [main] INFO  server.AbstractConnector (AbstractConnector.java:doStart(278)) - Started ServerConnector@20a967fe{HTTP/1.1,[http/1.1]}{0.0.0.0:44515}
2019-10-02 10:24:01,863 [main] INFO  server.Server (Server.java:doStart(419)) - Started @335665ms
2019-10-02 10:24:01,863 [main] WARN  impl.MetricsSystemImpl (MetricsSystemImpl.java:register(276)) - Sink prometheus already exists!
2019-10-02 10:24:01,864 [main] INFO  server.BaseHttpServer (BaseHttpServer.java:updateConnectorAddress(215)) - HTTP server of HDDSDATANODE is listening at http://0.0.0.0:44515
2019-10-02 10:24:01,864 [main] INFO  impl.MetricsSystemImpl (MetricsSystemImpl.java:init(158)) - HddsDatanode metrics system started (again)
2019-10-02 10:24:01,869 [org.apache.hadoop.util.JvmPauseMonitor$Monitor@334333bc] INFO  util.JvmPauseMonitor (JvmPauseMonitor.java:run(188)) - Starting JVM pause monitor
2019-10-02 10:24:01,870 [main] INFO  ozone.HddsDatanodeService (HddsDatanodeService.java:start(184)) - HddsDatanodeService host:pr-trunk-gg4kw-413187789 ip:192.168.151.92
2019-10-02 10:24:01,870 [Datanode State Machine Thread - 0] INFO  datanode.InitDatanodeState (InitDatanodeState.java:persistContainerDatanodeDetails(140)) - DatanodeDetails is persisted to /workdir/hadoop-ozone/integration-test/target/test-dir/MiniOzoneClusterImpl-d5ad254c-7ec7-4fe1-b133-299c928d1cee/datanode-5/meta/datanode.id
2019-10-02 10:24:01,876 [main] INFO  volume.HddsVolume (HddsVolume.java:<init>(176)) - Creating Volume: /workdir/hadoop-ozone/integration-test/target/test-dir/MiniOzoneClusterImpl-d5ad254c-7ec7-4fe1-b133-299c928d1cee/datanode-6/data/containers/hdds of  storage type : DISK and capacity : 1482555576320
2019-10-02 10:24:01,877 [main] INFO  volume.VolumeSet (VolumeSet.java:initializeVolumeSet(170)) - Added Volume : /workdir/hadoop-ozone/integration-test/target/test-dir/MiniOzoneClusterImpl-d5ad254c-7ec7-4fe1-b133-299c928d1cee/datanode-6/data/containers/hdds to VolumeSet
2019-10-02 10:24:01,877 [main] INFO  volume.ThrottledAsyncChecker (ThrottledAsyncChecker.java:schedule(139)) - Scheduling a check for org.apache.hadoop.ozone.container.common.volume.HddsVolume@13e5d243
2019-10-02 10:24:01,877 [main] INFO  volume.HddsVolumeChecker (HddsVolumeChecker.java:checkAllVolumes(202)) - Scheduled health check for volume org.apache.hadoop.ozone.container.common.volume.HddsVolume@13e5d243
2019-10-02 10:24:01,892 [main] INFO  impl.RaftServerProxy (ConfUtils.java:logGet(43)) - raft.rpc.type = GRPC (default)
2019-10-02 10:24:01,893 [main] INFO  grpc.GrpcFactory (GrpcFactory.java:checkPooledByteBufAllocatorUseCacheForAllThreads(45)) - PERFORMANCE WARNING: useCacheForAllThreads is true that may cause Netty to create a lot garbage objects and, as a result, trigger GC.
	It is recommended to disable useCacheForAllThreads by setting -Dorg.apache.ratis.thirdparty.io.netty.allocator.useCacheForAllThreads=false in command line.
2019-10-02 10:24:01,893 [main] INFO  grpc.GrpcConfigKeys$Server (ConfUtils.java:logGet(43)) - raft.grpc.server.port = 0 (default)
2019-10-02 10:24:01,893 [main] INFO  server.GrpcService (ConfUtils.java:logGet(43)) - raft.grpc.message.size.max = 33570816 (custom)
2019-10-02 10:24:01,893 [main] INFO  server.RaftServerConfigKeys (ConfUtils.java:logGet(43)) - raft.server.log.appender.buffer.byte-limit = 33554432 (custom)
2019-10-02 10:24:01,893 [main] INFO  server.GrpcService (ConfUtils.java:logGet(43)) - raft.grpc.flow.control.window = 1MB (=1048576) (default)
2019-10-02 10:24:01,893 [main] INFO  server.RaftServerConfigKeys (ConfUtils.java:logGet(43)) - raft.server.rpc.request.timeout = 3000ms (default)
2019-10-02 10:24:01,894 [main] INFO  server.RaftServerConfigKeys (ConfUtils.java:logGet(43)) - raft.server.storage.dir = [/workdir/hadoop-ozone/integration-test/target/test-dir/MiniOzoneClusterImpl-d5ad254c-7ec7-4fe1-b133-299c928d1cee/datanode-6/data/ratis] (custom)
2019-10-02 10:24:01,895 [main] INFO  hdfs.DFSUtil (DFSUtil.java:httpServerTemplateForNNAndJN(1641)) - Starting Web-server for hddsDatanode at: http://0.0.0.0:0
2019-10-02 10:24:01,897 [main] INFO  server.AuthenticationFilter (AuthenticationFilter.java:constructSecretProvider(240)) - Unable to initialize FileSignerSecretProvider, falling back to use random secrets.
2019-10-02 10:24:01,897 [main] WARN  http.HttpRequestLog (HttpRequestLog.java:getRequestLog(97)) - Jetty request log can only be enabled using Log4j
2019-10-02 10:24:01,898 [main] INFO  http.HttpServer2 (HttpServer2.java:addGlobalFilter(975)) - Added global filter 'safety' (class=org.apache.hadoop.http.HttpServer2$QuotingInputFilter)
2019-10-02 10:24:01,899 [main] INFO  http.HttpServer2 (HttpServer2.java:addFilter(948)) - Added filter static_user_filter (class=org.apache.hadoop.http.lib.StaticUserWebFilter$StaticUserFilter) to context hddsDatanode
2019-10-02 10:24:01,899 [main] INFO  http.HttpServer2 (HttpServer2.java:addFilter(958)) - Added filter static_user_filter (class=org.apache.hadoop.http.lib.StaticUserWebFilter$StaticUserFilter) to context static
2019-10-02 10:24:01,899 [main] INFO  http.HttpServer2 (HttpServer2.java:addFilter(958)) - Added filter static_user_filter (class=org.apache.hadoop.http.lib.StaticUserWebFilter$StaticUserFilter) to context logs
2019-10-02 10:24:01,900 [main] INFO  http.HttpServer2 (HttpServer2.java:bindListener(1191)) - Jetty bound to port 35687
2019-10-02 10:24:01,900 [main] INFO  server.Server (Server.java:doStart(351)) - jetty-9.3.25.v20180904, build timestamp: 2018-09-04T21:11:46Z, git hash: 3ce520221d0240229c862b122d2b06c12a625732
2019-10-02 10:24:01,901 [main] INFO  handler.ContextHandler (ContextHandler.java:doStart(781)) - Started o.e.j.s.ServletContextHandler@467233e4{/logs,file:///workdir/hadoop-ozone/integration-test/target/log,AVAILABLE}
2019-10-02 10:24:01,902 [main] INFO  handler.ContextHandler (ContextHandler.java:doStart(781)) - Started o.e.j.s.ServletContextHandler@6025d790{/static,jar:file:/home/user/.m2/repository/org/apache/hadoop/hadoop-hdds-container-service/0.5.0-SNAPSHOT/hadoop-hdds-container-service-0.5.0-SNAPSHOT.jar!/webapps/static,AVAILABLE}
2019-10-02 10:24:01,930 [main] INFO  handler.ContextHandler (ContextHandler.java:doStart(781)) - Started o.e.j.w.WebAppContext@1727e03a{/,file:///tmp/jetty-0.0.0.0-35687-hddsDatanode-_-any-6126855547233960126.dir/webapp/,AVAILABLE}{/hddsDatanode}
2019-10-02 10:24:01,930 [main] INFO  server.AbstractConnector (AbstractConnector.java:doStart(278)) - Started ServerConnector@7f9e8421{HTTP/1.1,[http/1.1]}{0.0.0.0:35687}
2019-10-02 10:24:01,932 [main] INFO  server.Server (Server.java:doStart(419)) - Started @335734ms
2019-10-02 10:24:01,932 [main] WARN  impl.MetricsSystemImpl (MetricsSystemImpl.java:register(276)) - Sink prometheus already exists!
2019-10-02 10:24:01,933 [main] INFO  server.BaseHttpServer (BaseHttpServer.java:updateConnectorAddress(215)) - HTTP server of HDDSDATANODE is listening at http://0.0.0.0:35687
2019-10-02 10:24:01,933 [main] INFO  ozone.MiniOzoneClusterImpl (MiniOzoneClusterImpl.java:lambda$waitForClusterToBeReady$0(147)) - Waiting for cluster to be ready. Got 0 of 7 DN Heartbeats.
2019-10-02 10:24:01,937 [org.apache.hadoop.util.JvmPauseMonitor$Monitor@490ece54] INFO  util.JvmPauseMonitor (JvmPauseMonitor.java:run(188)) - Starting JVM pause monitor
2019-10-02 10:24:01,938 [Datanode State Machine Thread - 0] INFO  datanode.InitDatanodeState (InitDatanodeState.java:persistContainerDatanodeDetails(140)) - DatanodeDetails is persisted to /workdir/hadoop-ozone/integration-test/target/test-dir/MiniOzoneClusterImpl-d5ad254c-7ec7-4fe1-b133-299c928d1cee/datanode-6/meta/datanode.id
2019-10-02 10:24:02,941 [main] INFO  ozone.MiniOzoneClusterImpl (MiniOzoneClusterImpl.java:lambda$waitForClusterToBeReady$0(147)) - Waiting for cluster to be ready. Got 0 of 7 DN Heartbeats.
2019-10-02 10:24:03,511 [Datanode State Machine Thread - 0] INFO  ozoneimpl.OzoneContainer (OzoneContainer.java:start(217)) - Attempting to start container services.
2019-10-02 10:24:03,518 [Datanode State Machine Thread - 0] INFO  ozoneimpl.OzoneContainer (OzoneContainer.java:startContainerScrub(179)) - Background container scanner has been disabled.
2019-10-02 10:24:03,519 [Datanode State Machine Thread - 0] INFO  ratis.XceiverServerRatis (XceiverServerRatis.java:start(417)) - Starting XceiverServerRatis 49559d9f-0396-4323-98b3-57888c55a3b8 at port 0
2019-10-02 10:24:03,524 [Datanode State Machine Thread - 0] INFO  impl.RaftServerProxy (RaftServerProxy.java:lambda$start$3(299)) - 49559d9f-0396-4323-98b3-57888c55a3b8: start RPC server
2019-10-02 10:24:03,528 [Datanode State Machine Thread - 0] INFO  server.GrpcService (GrpcService.java:startImpl(158)) - 49559d9f-0396-4323-98b3-57888c55a3b8: GrpcService started, listening on 0.0.0.0/0.0.0.0:33617
2019-10-02 10:24:03,528 [Datanode State Machine Thread - 0] INFO  ratis.XceiverServerRatis (XceiverServerRatis.java:start(427)) - XceiverServerRatis 49559d9f-0396-4323-98b3-57888c55a3b8 is started using port 33617
2019-10-02 10:24:03,528 [Datanode State Machine Thread - 0] INFO  server.XceiverServerGrpc (XceiverServerGrpc.java:start(149)) - XceiverServerGrpc 49559d9f-0396-4323-98b3-57888c55a3b8 is started using port 41149
2019-10-02 10:24:03,581 [Datanode State Machine Thread - 0] INFO  ozoneimpl.OzoneContainer (OzoneContainer.java:start(217)) - Attempting to start container services.
2019-10-02 10:24:03,581 [Datanode State Machine Thread - 0] INFO  ozoneimpl.OzoneContainer (OzoneContainer.java:startContainerScrub(179)) - Background container scanner has been disabled.
2019-10-02 10:24:03,582 [Datanode State Machine Thread - 0] INFO  ratis.XceiverServerRatis (XceiverServerRatis.java:start(417)) - Starting XceiverServerRatis 746d3458-33f5-413d-bb91-3f2fbe4579db at port 0
2019-10-02 10:24:03,589 [Datanode State Machine Thread - 0] INFO  impl.RaftServerProxy (RaftServerProxy.java:lambda$start$3(299)) - 746d3458-33f5-413d-bb91-3f2fbe4579db: start RPC server
2019-10-02 10:24:03,592 [Datanode State Machine Thread - 0] INFO  server.GrpcService (GrpcService.java:startImpl(158)) - 746d3458-33f5-413d-bb91-3f2fbe4579db: GrpcService started, listening on 0.0.0.0/0.0.0.0:34109
2019-10-02 10:24:03,592 [Datanode State Machine Thread - 0] INFO  ratis.XceiverServerRatis (XceiverServerRatis.java:start(427)) - XceiverServerRatis 746d3458-33f5-413d-bb91-3f2fbe4579db is started using port 34109
2019-10-02 10:24:03,594 [Datanode State Machine Thread - 0] INFO  server.XceiverServerGrpc (XceiverServerGrpc.java:start(149)) - XceiverServerGrpc 746d3458-33f5-413d-bb91-3f2fbe4579db is started using port 43490
2019-10-02 10:24:03,661 [Datanode State Machine Thread - 0] INFO  ozoneimpl.OzoneContainer (OzoneContainer.java:start(217)) - Attempting to start container services.
2019-10-02 10:24:03,661 [Datanode State Machine Thread - 0] INFO  ozoneimpl.OzoneContainer (OzoneContainer.java:startContainerScrub(179)) - Background container scanner has been disabled.
2019-10-02 10:24:03,661 [Datanode State Machine Thread - 0] INFO  ratis.XceiverServerRatis (XceiverServerRatis.java:start(417)) - Starting XceiverServerRatis 5da457aa-41e2-4257-8b46-efd289a9cf0b at port 0
2019-10-02 10:24:03,667 [Datanode State Machine Thread - 0] INFO  impl.RaftServerProxy (RaftServerProxy.java:lambda$start$3(299)) - 5da457aa-41e2-4257-8b46-efd289a9cf0b: start RPC server
2019-10-02 10:24:03,676 [Datanode State Machine Thread - 0] INFO  server.GrpcService (GrpcService.java:startImpl(158)) - 5da457aa-41e2-4257-8b46-efd289a9cf0b: GrpcService started, listening on 0.0.0.0/0.0.0.0:41608
2019-10-02 10:24:03,676 [Datanode State Machine Thread - 0] INFO  ratis.XceiverServerRatis (XceiverServerRatis.java:start(427)) - XceiverServerRatis 5da457aa-41e2-4257-8b46-efd289a9cf0b is started using port 41608
2019-10-02 10:24:03,684 [Datanode State Machine Thread - 0] INFO  server.XceiverServerGrpc (XceiverServerGrpc.java:start(149)) - XceiverServerGrpc 5da457aa-41e2-4257-8b46-efd289a9cf0b is started using port 34563
2019-10-02 10:24:03,746 [Datanode State Machine Thread - 0] INFO  ozoneimpl.OzoneContainer (OzoneContainer.java:start(217)) - Attempting to start container services.
2019-10-02 10:24:03,746 [Datanode State Machine Thread - 0] INFO  ozoneimpl.OzoneContainer (OzoneContainer.java:startContainerScrub(179)) - Background container scanner has been disabled.
2019-10-02 10:24:03,746 [Datanode State Machine Thread - 0] INFO  ratis.XceiverServerRatis (XceiverServerRatis.java:start(417)) - Starting XceiverServerRatis 34fae152-b7fa-42df-acc8-98158dd84481 at port 0
2019-10-02 10:24:03,753 [Datanode State Machine Thread - 0] INFO  impl.RaftServerProxy (RaftServerProxy.java:lambda$start$3(299)) - 34fae152-b7fa-42df-acc8-98158dd84481: start RPC server
2019-10-02 10:24:03,754 [Datanode State Machine Thread - 0] INFO  server.GrpcService (GrpcService.java:startImpl(158)) - 34fae152-b7fa-42df-acc8-98158dd84481: GrpcService started, listening on 0.0.0.0/0.0.0.0:46737
2019-10-02 10:24:03,754 [Datanode State Machine Thread - 0] INFO  ratis.XceiverServerRatis (XceiverServerRatis.java:start(427)) - XceiverServerRatis 34fae152-b7fa-42df-acc8-98158dd84481 is started using port 46737
2019-10-02 10:24:03,758 [Datanode State Machine Thread - 0] INFO  server.XceiverServerGrpc (XceiverServerGrpc.java:start(149)) - XceiverServerGrpc 34fae152-b7fa-42df-acc8-98158dd84481 is started using port 40611
2019-10-02 10:24:03,818 [Datanode State Machine Thread - 0] INFO  ozoneimpl.OzoneContainer (OzoneContainer.java:start(217)) - Attempting to start container services.
2019-10-02 10:24:03,819 [Datanode State Machine Thread - 0] INFO  ozoneimpl.OzoneContainer (OzoneContainer.java:startContainerScrub(179)) - Background container scanner has been disabled.
2019-10-02 10:24:03,819 [Datanode State Machine Thread - 0] INFO  ratis.XceiverServerRatis (XceiverServerRatis.java:start(417)) - Starting XceiverServerRatis 8e221173-2966-45d1-b573-2acb9ca2f9c6 at port 0
2019-10-02 10:24:03,826 [Datanode State Machine Thread - 0] INFO  impl.RaftServerProxy (RaftServerProxy.java:lambda$start$3(299)) - 8e221173-2966-45d1-b573-2acb9ca2f9c6: start RPC server
2019-10-02 10:24:03,830 [Datanode State Machine Thread - 0] INFO  server.GrpcService (GrpcService.java:startImpl(158)) - 8e221173-2966-45d1-b573-2acb9ca2f9c6: GrpcService started, listening on 0.0.0.0/0.0.0.0:40595
2019-10-02 10:24:03,831 [Datanode State Machine Thread - 0] INFO  ratis.XceiverServerRatis (XceiverServerRatis.java:start(427)) - XceiverServerRatis 8e221173-2966-45d1-b573-2acb9ca2f9c6 is started using port 40595
2019-10-02 10:24:03,834 [Datanode State Machine Thread - 0] INFO  server.XceiverServerGrpc (XceiverServerGrpc.java:start(149)) - XceiverServerGrpc 8e221173-2966-45d1-b573-2acb9ca2f9c6 is started using port 35769
2019-10-02 10:24:03,884 [Datanode State Machine Thread - 0] INFO  ozoneimpl.OzoneContainer (OzoneContainer.java:start(217)) - Attempting to start container services.
2019-10-02 10:24:03,885 [Datanode State Machine Thread - 0] INFO  ozoneimpl.OzoneContainer (OzoneContainer.java:startContainerScrub(179)) - Background container scanner has been disabled.
2019-10-02 10:24:03,885 [Datanode State Machine Thread - 0] INFO  ratis.XceiverServerRatis (XceiverServerRatis.java:start(417)) - Starting XceiverServerRatis f69031d4-11b9-431b-99d5-e0135a1d3a49 at port 0
2019-10-02 10:24:03,890 [Datanode State Machine Thread - 0] INFO  impl.RaftServerProxy (RaftServerProxy.java:lambda$start$3(299)) - f69031d4-11b9-431b-99d5-e0135a1d3a49: start RPC server
2019-10-02 10:24:03,893 [Datanode State Machine Thread - 0] INFO  server.GrpcService (GrpcService.java:startImpl(158)) - f69031d4-11b9-431b-99d5-e0135a1d3a49: GrpcService started, listening on 0.0.0.0/0.0.0.0:43727
2019-10-02 10:24:03,893 [Datanode State Machine Thread - 0] INFO  ratis.XceiverServerRatis (XceiverServerRatis.java:start(427)) - XceiverServerRatis f69031d4-11b9-431b-99d5-e0135a1d3a49 is started using port 43727
2019-10-02 10:24:03,893 [Datanode State Machine Thread - 0] INFO  server.XceiverServerGrpc (XceiverServerGrpc.java:start(149)) - XceiverServerGrpc f69031d4-11b9-431b-99d5-e0135a1d3a49 is started using port 34186
2019-10-02 10:24:03,942 [main] INFO  ozone.MiniOzoneClusterImpl (MiniOzoneClusterImpl.java:lambda$waitForClusterToBeReady$0(147)) - Waiting for cluster to be ready. Got 0 of 7 DN Heartbeats.
2019-10-02 10:24:03,953 [Datanode State Machine Thread - 0] INFO  ozoneimpl.OzoneContainer (OzoneContainer.java:start(217)) - Attempting to start container services.
2019-10-02 10:24:03,953 [Datanode State Machine Thread - 0] INFO  ozoneimpl.OzoneContainer (OzoneContainer.java:startContainerScrub(179)) - Background container scanner has been disabled.
2019-10-02 10:24:03,953 [Datanode State Machine Thread - 0] INFO  ratis.XceiverServerRatis (XceiverServerRatis.java:start(417)) - Starting XceiverServerRatis 65e8cff9-3562-41f1-ba40-93b617184610 at port 0
2019-10-02 10:24:03,959 [Datanode State Machine Thread - 0] INFO  impl.RaftServerProxy (RaftServerProxy.java:lambda$start$3(299)) - 65e8cff9-3562-41f1-ba40-93b617184610: start RPC server
2019-10-02 10:24:03,960 [Datanode State Machine Thread - 0] INFO  server.GrpcService (GrpcService.java:startImpl(158)) - 65e8cff9-3562-41f1-ba40-93b617184610: GrpcService started, listening on 0.0.0.0/0.0.0.0:34472
2019-10-02 10:24:03,960 [Datanode State Machine Thread - 0] INFO  ratis.XceiverServerRatis (XceiverServerRatis.java:start(427)) - XceiverServerRatis 65e8cff9-3562-41f1-ba40-93b617184610 is started using port 34472
2019-10-02 10:24:03,961 [Datanode State Machine Thread - 0] INFO  server.XceiverServerGrpc (XceiverServerGrpc.java:start(149)) - XceiverServerGrpc 65e8cff9-3562-41f1-ba40-93b617184610 is started using port 35505
2019-10-02 10:24:04,942 [main] INFO  ozone.MiniOzoneClusterImpl (MiniOzoneClusterImpl.java:lambda$waitForClusterToBeReady$0(147)) - Waiting for cluster to be ready. Got 0 of 7 DN Heartbeats.
2019-10-02 10:24:05,490 [IPC Server handler 0 on 41218] INFO  net.NetworkTopology (NetworkTopologyImpl.java:add(111)) - Added a new node: /default-rack/49559d9f-0396-4323-98b3-57888c55a3b8
2019-10-02 10:24:05,493 [IPC Server handler 0 on 41218] INFO  node.SCMNodeManager (SCMNodeManager.java:register(266)) - Registered Data node : 49559d9f-0396-4323-98b3-57888c55a3b8{ip: 192.168.151.92, host: pr-trunk-gg4kw-413187789, networkLocation: /default-rack, certSerialId: null}
2019-10-02 10:24:05,494 [EventQueue-NodeRegistrationContainerReportForDataNodeSafeModeRule] INFO  safemode.SCMSafeModeManager (DataNodeSafeModeRule.java:process(71)) - SCM in safe mode. 1 DataNodes registered, 1 required.
2019-10-02 10:24:05,496 [EventQueue-NodeRegistrationContainerReportForDataNodeSafeModeRule] INFO  safemode.SCMSafeModeManager (SCMSafeModeManager.java:validateSafeModeExitRules(177)) - ScmSafeModeManager, all rules are successfully validated
2019-10-02 10:24:05,496 [EventQueue-NodeRegistrationContainerReportForDataNodeSafeModeRule] INFO  safemode.SCMSafeModeManager (SCMSafeModeManager.java:exitSafeMode(193)) - SCM exiting safe mode.
2019-10-02 10:24:05,509 [grpc-default-executor-10] INFO  impl.RaftServerProxy (RaftServerProxy.java:addNew(89)) - 49559d9f-0396-4323-98b3-57888c55a3b8: addNew group-86744E38A9B3:[49559d9f-0396-4323-98b3-57888c55a3b8:192.168.151.92:33617] returns group-86744E38A9B3:java.util.concurrent.CompletableFuture@75a79ee4[Not completed]
2019-10-02 10:24:05,512 [pool-121-thread-1] INFO  impl.RaftServerImpl (RaftServerImpl.java:<init>(95)) - 49559d9f-0396-4323-98b3-57888c55a3b8: new RaftServerImpl for group-86744E38A9B3:[49559d9f-0396-4323-98b3-57888c55a3b8:192.168.151.92:33617] with ContainerStateMachine:uninitialized
2019-10-02 10:24:05,512 [pool-121-thread-1] INFO  server.RaftServerConfigKeys (ConfUtils.java:logGet(43)) - raft.server.rpc.timeout.min = 5s (custom)
2019-10-02 10:24:05,512 [pool-121-thread-1] INFO  server.RaftServerConfigKeys (ConfUtils.java:logGet(43)) - raft.server.rpc.timeout.max = 5200ms (custom)
2019-10-02 10:24:05,512 [pool-121-thread-1] INFO  server.RaftServerConfigKeys (ConfUtils.java:logGet(43)) - raft.server.rpcslowness.timeout = 120s (custom)
2019-10-02 10:24:05,512 [pool-121-thread-1] INFO  server.RaftServerConfigKeys (ConfUtils.java:logGet(43)) - raft.server.sleep.deviation.threshold = 300 (default)
2019-10-02 10:24:05,512 [pool-121-thread-1] INFO  server.RaftServerConfigKeys (ConfUtils.java:logGet(43)) - raft.server.log.appender.install.snapshot.enabled = false (custom)
2019-10-02 10:24:05,513 [pool-121-thread-1] INFO  impl.RaftServerImpl (ServerState.java:<init>(103)) - 49559d9f-0396-4323-98b3-57888c55a3b8@group-86744E38A9B3: ConfigurationManager, init=-1: [49559d9f-0396-4323-98b3-57888c55a3b8:192.168.151.92:33617], old=null, confs=<EMPTY_MAP>
2019-10-02 10:24:05,513 [pool-121-thread-1] INFO  server.RaftServerConfigKeys (ConfUtils.java:logGet(43)) - raft.server.storage.dir = [/workdir/hadoop-ozone/integration-test/target/test-dir/MiniOzoneClusterImpl-d5ad254c-7ec7-4fe1-b133-299c928d1cee/datanode-0/data/ratis] (custom)
2019-10-02 10:24:05,513 [pool-121-thread-1] INFO  server.RaftServerConfigKeys (ConfUtils.java:logGet(43)) - raft.server.log.corruption.policy = EXCEPTION (default)
2019-10-02 10:24:05,514 [pool-121-thread-1] INFO  storage.RaftStorageDirectory (RaftStorageDirectory.java:analyzeStorage(246)) - The storage directory /workdir/hadoop-ozone/integration-test/target/test-dir/MiniOzoneClusterImpl-d5ad254c-7ec7-4fe1-b133-299c928d1cee/datanode-0/data/ratis/fd121819-dc50-44ef-a6ca-86744e38a9b3 does not exist. Creating ...
2019-10-02 10:24:05,527 [pool-121-thread-1] INFO  storage.RaftStorageDirectory (RaftStorageDirectory.java:tryLock(328)) - Lock on /workdir/hadoop-ozone/integration-test/target/test-dir/MiniOzoneClusterImpl-d5ad254c-7ec7-4fe1-b133-299c928d1cee/datanode-0/data/ratis/fd121819-dc50-44ef-a6ca-86744e38a9b3/in_use.lock acquired by nodename 31904@pr-trunk-gg4kw-413187789
2019-10-02 10:24:05,541 [pool-121-thread-1] INFO  storage.RaftStorage (RaftStorage.java:format(84)) - Storage directory /workdir/hadoop-ozone/integration-test/target/test-dir/MiniOzoneClusterImpl-d5ad254c-7ec7-4fe1-b133-299c928d1cee/datanode-0/data/ratis/fd121819-dc50-44ef-a6ca-86744e38a9b3 has been successfully formatted.
2019-10-02 10:24:05,541 [pool-121-thread-1] INFO  ratis.ContainerStateMachine (ContainerStateMachine.java:loadSnapshot(231)) - group-86744E38A9B3: The snapshot info is null. Setting the last applied indexto:(t:0, i:~)
2019-10-02 10:24:05,541 [pool-121-thread-1] INFO  server.RaftServerConfigKeys (ConfUtils.java:logGet(43)) - raft.server.notification.no-leader.timeout = 120s (custom)
2019-10-02 10:24:05,541 [pool-121-thread-1] INFO  server.RaftServerConfigKeys (ConfUtils.java:logGet(43)) - raft.server.log.use.memory = false (default)
2019-10-02 10:24:05,542 [pool-121-thread-1] INFO  server.RaftServerConfigKeys (ConfUtils.java:logGet(43)) - raft.server.log.purge.gap = 1000000 (custom)
2019-10-02 10:24:05,542 [pool-121-thread-1] INFO  server.RaftServerConfigKeys (ConfUtils.java:logGet(43)) - raft.server.log.appender.buffer.byte-limit = 33554432 (custom)
2019-10-02 10:24:05,542 [pool-121-thread-1] INFO  server.RaftServerConfigKeys (ConfUtils.java:logGet(43)) - raft.server.log.segment.size.max = 1048576 (custom)
2019-10-02 10:24:05,544 [pool-121-thread-1] INFO  server.RaftServerConfigKeys (ConfUtils.java:logGet(43)) - raft.server.log.segment.cache.num.max = 2 (custom)
2019-10-02 10:24:05,544 [pool-121-thread-1] INFO  segmented.SegmentedRaftLogWorker (SegmentedRaftLogWorker.java:<init>(173)) - new 49559d9f-0396-4323-98b3-57888c55a3b8@group-86744E38A9B3-SegmentedRaftLogWorker for RaftStorage:Storage Directory /workdir/hadoop-ozone/integration-test/target/test-dir/MiniOzoneClusterImpl-d5ad254c-7ec7-4fe1-b133-299c928d1cee/datanode-0/data/ratis/fd121819-dc50-44ef-a6ca-86744e38a9b3
2019-10-02 10:24:05,544 [pool-121-thread-1] INFO  server.RaftServerConfigKeys (ConfUtils.java:logGet(43)) - raft.server.log.queue.byte-limit = 2147483647 (custom)
2019-10-02 10:24:05,544 [pool-121-thread-1] INFO  server.RaftServerConfigKeys (ConfUtils.java:logGet(43)) - raft.server.log.queue.element-limit = 1024 (custom)
2019-10-02 10:24:05,544 [pool-121-thread-1] INFO  server.RaftServerConfigKeys (ConfUtils.java:logGet(43)) - raft.server.log.segment.size.max = 1048576 (custom)
2019-10-02 10:24:05,544 [pool-121-thread-1] INFO  server.RaftServerConfigKeys (ConfUtils.java:logGet(43)) - raft.server.log.preallocated.size = 16384 (custom)
2019-10-02 10:24:05,545 [pool-121-thread-1] INFO  server.RaftServerConfigKeys (ConfUtils.java:logGet(43)) - raft.server.log.write.buffer.size = 33554432 (custom)
2019-10-02 10:24:05,545 [pool-121-thread-1] INFO  server.RaftServerConfigKeys (ConfUtils.java:logGet(43)) - raft.server.log.force.sync.num = 128 (default)
2019-10-02 10:24:05,545 [pool-121-thread-1] INFO  server.RaftServerConfigKeys (ConfUtils.java:logGet(43)) - raft.server.log.statemachine.data.sync = true (default)
2019-10-02 10:24:05,545 [pool-121-thread-1] INFO  server.RaftServerConfigKeys (ConfUtils.java:logGet(43)) - raft.server.log.statemachine.data.sync.timeout = 10s (default)
2019-10-02 10:24:05,545 [pool-121-thread-1] INFO  server.RaftServerConfigKeys (ConfUtils.java:logGet(43)) - raft.server.log.statemachine.data.sync.timeout.retry = -1 (default)
2019-10-02 10:24:05,545 [pool-121-thread-1] INFO  server.RaftServerConfigKeys (ConfUtils.java:logGet(43)) - raft.server.log.statemachine.data.caching.enabled = true (custom)
2019-10-02 10:24:05,546 [pool-121-thread-1] INFO  segmented.SegmentedRaftLogWorker (SegmentedRaftLogWorker.java:lambda$new$0(128)) - 49559d9f-0396-4323-98b3-57888c55a3b8@group-86744E38A9B3-SegmentedRaftLogWorker: flushIndex: setUnconditionally 0 -> -1
2019-10-02 10:24:05,546 [pool-121-thread-1] INFO  server.RaftServerConfigKeys (ConfUtils.java:logGet(43)) - raft.server.snapshot.auto.trigger.enabled = true (custom)
2019-10-02 10:24:05,546 [pool-121-thread-1] INFO  server.RaftServerConfigKeys (ConfUtils.java:logGet(43)) - raft.server.snapshot.auto.trigger.threshold = 10000 (custom)
2019-10-02 10:24:05,546 [pool-121-thread-1] INFO  server.RaftServerConfigKeys (ConfUtils.java:logGet(43)) - raft.server.snapshot.retention.file.num = 5 (custom)
2019-10-02 10:24:05,546 [pool-121-thread-1] INFO  server.RaftServerConfigKeys (ConfUtils.java:logGet(43)) - raft.server.retrycache.expirytime = 600000ms (custom)
2019-10-02 10:24:05,548 [pool-121-thread-1] INFO  impl.RaftServerImpl (RaftServerImpl.java:start(181)) - 49559d9f-0396-4323-98b3-57888c55a3b8@group-86744E38A9B3: start as a follower, conf=-1: [49559d9f-0396-4323-98b3-57888c55a3b8:192.168.151.92:33617], old=null
2019-10-02 10:24:05,549 [pool-121-thread-1] INFO  impl.RaftServerImpl (RaftServerImpl.java:setRole(170)) - 49559d9f-0396-4323-98b3-57888c55a3b8@group-86744E38A9B3: changes role from      null to FOLLOWER at term 0 for startAsFollower
2019-10-02 10:24:05,549 [pool-121-thread-1] INFO  impl.RoleInfo (RoleInfo.java:updateAndGet(143)) - 49559d9f-0396-4323-98b3-57888c55a3b8: start FollowerState
2019-10-02 10:24:05,549 [pool-121-thread-1] INFO  util.JmxRegister (JmxRegister.java:tryRegister(44)) - Successfully registered JMX Bean with object name Ratis:service=RaftServer,group=group-86744E38A9B3,id=49559d9f-0396-4323-98b3-57888c55a3b8
2019-10-02 10:24:05,555 [RatisPipelineUtilsThread] INFO  pipeline.PipelineStateManager (PipelineStateManager.java:addPipeline(56)) - Created pipeline Pipeline[ Id: fd121819-dc50-44ef-a6ca-86744e38a9b3, Nodes: 49559d9f-0396-4323-98b3-57888c55a3b8{ip: 192.168.151.92, host: pr-trunk-gg4kw-413187789, networkLocation: /default-rack, certSerialId: null}, Type:RATIS, Factor:ONE, State:OPEN]
2019-10-02 10:24:05,564 [IPC Server handler 1 on 41218] INFO  net.NetworkTopology (NetworkTopologyImpl.java:add(111)) - Added a new node: /default-rack/746d3458-33f5-413d-bb91-3f2fbe4579db
2019-10-02 10:24:05,565 [IPC Server handler 1 on 41218] INFO  node.SCMNodeManager (SCMNodeManager.java:register(266)) - Registered Data node : 746d3458-33f5-413d-bb91-3f2fbe4579db{ip: 192.168.151.92, host: pr-trunk-gg4kw-413187789, networkLocation: /default-rack, certSerialId: null}
2019-10-02 10:24:05,570 [grpc-default-executor-10] INFO  impl.RaftServerProxy (RaftServerProxy.java:addNew(89)) - 746d3458-33f5-413d-bb91-3f2fbe4579db: addNew group-FE9FE7BC807B:[746d3458-33f5-413d-bb91-3f2fbe4579db:192.168.151.92:34109] returns group-FE9FE7BC807B:java.util.concurrent.CompletableFuture@38dfb3cb[Not completed]
2019-10-02 10:24:05,574 [pool-131-thread-1] INFO  impl.RaftServerImpl (RaftServerImpl.java:<init>(95)) - 746d3458-33f5-413d-bb91-3f2fbe4579db: new RaftServerImpl for group-FE9FE7BC807B:[746d3458-33f5-413d-bb91-3f2fbe4579db:192.168.151.92:34109] with ContainerStateMachine:uninitialized
2019-10-02 10:24:05,574 [pool-131-thread-1] INFO  server.RaftServerConfigKeys (ConfUtils.java:logGet(43)) - raft.server.rpc.timeout.min = 5s (custom)
2019-10-02 10:24:05,574 [pool-131-thread-1] INFO  server.RaftServerConfigKeys (ConfUtils.java:logGet(43)) - raft.server.rpc.timeout.max = 5200ms (custom)
2019-10-02 10:24:05,574 [pool-131-thread-1] INFO  server.RaftServerConfigKeys (ConfUtils.java:logGet(43)) - raft.server.rpcslowness.timeout = 120s (custom)
2019-10-02 10:24:05,574 [pool-131-thread-1] INFO  server.RaftServerConfigKeys (ConfUtils.java:logGet(43)) - raft.server.sleep.deviation.threshold = 300 (default)
2019-10-02 10:24:05,574 [pool-131-thread-1] INFO  server.RaftServerConfigKeys (ConfUtils.java:logGet(43)) - raft.server.log.appender.install.snapshot.enabled = false (custom)
2019-10-02 10:24:05,575 [pool-131-thread-1] INFO  impl.RaftServerImpl (ServerState.java:<init>(103)) - 746d3458-33f5-413d-bb91-3f2fbe4579db@group-FE9FE7BC807B: ConfigurationManager, init=-1: [746d3458-33f5-413d-bb91-3f2fbe4579db:192.168.151.92:34109], old=null, confs=<EMPTY_MAP>
2019-10-02 10:24:05,575 [pool-131-thread-1] INFO  server.RaftServerConfigKeys (ConfUtils.java:logGet(43)) - raft.server.storage.dir = [/workdir/hadoop-ozone/integration-test/target/test-dir/MiniOzoneClusterImpl-d5ad254c-7ec7-4fe1-b133-299c928d1cee/datanode-1/data/ratis] (custom)
2019-10-02 10:24:05,575 [pool-131-thread-1] INFO  server.RaftServerConfigKeys (ConfUtils.java:logGet(43)) - raft.server.log.corruption.policy = EXCEPTION (default)
2019-10-02 10:24:05,575 [pool-131-thread-1] INFO  storage.RaftStorageDirectory (RaftStorageDirectory.java:analyzeStorage(246)) - The storage directory /workdir/hadoop-ozone/integration-test/target/test-dir/MiniOzoneClusterImpl-d5ad254c-7ec7-4fe1-b133-299c928d1cee/datanode-1/data/ratis/28d64d5e-fc28-46aa-b6d9-fe9fe7bc807b does not exist. Creating ...
2019-10-02 10:24:05,588 [pool-131-thread-1] INFO  storage.RaftStorageDirectory (RaftStorageDirectory.java:tryLock(328)) - Lock on /workdir/hadoop-ozone/integration-test/target/test-dir/MiniOzoneClusterImpl-d5ad254c-7ec7-4fe1-b133-299c928d1cee/datanode-1/data/ratis/28d64d5e-fc28-46aa-b6d9-fe9fe7bc807b/in_use.lock acquired by nodename 31904@pr-trunk-gg4kw-413187789
2019-10-02 10:24:05,608 [pool-131-thread-1] INFO  storage.RaftStorage (RaftStorage.java:format(84)) - Storage directory /workdir/hadoop-ozone/integration-test/target/test-dir/MiniOzoneClusterImpl-d5ad254c-7ec7-4fe1-b133-299c928d1cee/datanode-1/data/ratis/28d64d5e-fc28-46aa-b6d9-fe9fe7bc807b has been successfully formatted.
2019-10-02 10:24:05,609 [pool-131-thread-1] INFO  ratis.ContainerStateMachine (ContainerStateMachine.java:loadSnapshot(231)) - group-FE9FE7BC807B: The snapshot info is null. Setting the last applied indexto:(t:0, i:~)
2019-10-02 10:24:05,609 [pool-131-thread-1] INFO  server.RaftServerConfigKeys (ConfUtils.java:logGet(43)) - raft.server.notification.no-leader.timeout = 120s (custom)
2019-10-02 10:24:05,609 [pool-131-thread-1] INFO  server.RaftServerConfigKeys (ConfUtils.java:logGet(43)) - raft.server.log.use.memory = false (default)
2019-10-02 10:24:05,609 [pool-131-thread-1] INFO  server.RaftServerConfigKeys (ConfUtils.java:logGet(43)) - raft.server.log.purge.gap = 1000000 (custom)
2019-10-02 10:24:05,609 [pool-131-thread-1] INFO  server.RaftServerConfigKeys (ConfUtils.java:logGet(43)) - raft.server.log.appender.buffer.byte-limit = 33554432 (custom)
2019-10-02 10:24:05,609 [pool-131-thread-1] INFO  server.RaftServerConfigKeys (ConfUtils.java:logGet(43)) - raft.server.log.segment.size.max = 1048576 (custom)
2019-10-02 10:24:05,611 [pool-131-thread-1] INFO  server.RaftServerConfigKeys (ConfUtils.java:logGet(43)) - raft.server.log.segment.cache.num.max = 2 (custom)
2019-10-02 10:24:05,611 [pool-131-thread-1] INFO  segmented.SegmentedRaftLogWorker (SegmentedRaftLogWorker.java:<init>(173)) - new 746d3458-33f5-413d-bb91-3f2fbe4579db@group-FE9FE7BC807B-SegmentedRaftLogWorker for RaftStorage:Storage Directory /workdir/hadoop-ozone/integration-test/target/test-dir/MiniOzoneClusterImpl-d5ad254c-7ec7-4fe1-b133-299c928d1cee/datanode-1/data/ratis/28d64d5e-fc28-46aa-b6d9-fe9fe7bc807b
2019-10-02 10:24:05,611 [pool-131-thread-1] INFO  server.RaftServerConfigKeys (ConfUtils.java:logGet(43)) - raft.server.log.queue.byte-limit = 2147483647 (custom)
2019-10-02 10:24:05,611 [pool-131-thread-1] INFO  server.RaftServerConfigKeys (ConfUtils.java:logGet(43)) - raft.server.log.queue.element-limit = 1024 (custom)
2019-10-02 10:24:05,611 [pool-131-thread-1] INFO  server.RaftServerConfigKeys (ConfUtils.java:logGet(43)) - raft.server.log.segment.size.max = 1048576 (custom)
2019-10-02 10:24:05,611 [pool-131-thread-1] INFO  server.RaftServerConfigKeys (ConfUtils.java:logGet(43)) - raft.server.log.preallocated.size = 16384 (custom)
2019-10-02 10:24:05,612 [pool-131-thread-1] INFO  server.RaftServerConfigKeys (ConfUtils.java:logGet(43)) - raft.server.log.write.buffer.size = 33554432 (custom)
2019-10-02 10:24:05,612 [pool-131-thread-1] INFO  server.RaftServerConfigKeys (ConfUtils.java:logGet(43)) - raft.server.log.force.sync.num = 128 (default)
2019-10-02 10:24:05,612 [pool-131-thread-1] INFO  server.RaftServerConfigKeys (ConfUtils.java:logGet(43)) - raft.server.log.statemachine.data.sync = true (default)
2019-10-02 10:24:05,612 [pool-131-thread-1] INFO  server.RaftServerConfigKeys (ConfUtils.java:logGet(43)) - raft.server.log.statemachine.data.sync.timeout = 10s (default)
2019-10-02 10:24:05,612 [pool-131-thread-1] INFO  server.RaftServerConfigKeys (ConfUtils.java:logGet(43)) - raft.server.log.statemachine.data.sync.timeout.retry = -1 (default)
2019-10-02 10:24:05,612 [pool-131-thread-1] INFO  server.RaftServerConfigKeys (ConfUtils.java:logGet(43)) - raft.server.log.statemachine.data.caching.enabled = true (custom)
2019-10-02 10:24:05,612 [pool-131-thread-1] INFO  segmented.SegmentedRaftLogWorker (SegmentedRaftLogWorker.java:lambda$new$0(128)) - 746d3458-33f5-413d-bb91-3f2fbe4579db@group-FE9FE7BC807B-SegmentedRaftLogWorker: flushIndex: setUnconditionally 0 -> -1
2019-10-02 10:24:05,613 [pool-131-thread-1] INFO  server.RaftServerConfigKeys (ConfUtils.java:logGet(43)) - raft.server.snapshot.auto.trigger.enabled = true (custom)
2019-10-02 10:24:05,613 [pool-131-thread-1] INFO  server.RaftServerConfigKeys (ConfUtils.java:logGet(43)) - raft.server.snapshot.auto.trigger.threshold = 10000 (custom)
2019-10-02 10:24:05,613 [pool-131-thread-1] INFO  server.RaftServerConfigKeys (ConfUtils.java:logGet(43)) - raft.server.snapshot.retention.file.num = 5 (custom)
2019-10-02 10:24:05,613 [pool-131-thread-1] INFO  server.RaftServerConfigKeys (ConfUtils.java:logGet(43)) - raft.server.retrycache.expirytime = 600000ms (custom)
2019-10-02 10:24:05,615 [pool-131-thread-1] INFO  impl.RaftServerImpl (RaftServerImpl.java:start(181)) - 746d3458-33f5-413d-bb91-3f2fbe4579db@group-FE9FE7BC807B: start as a follower, conf=-1: [746d3458-33f5-413d-bb91-3f2fbe4579db:192.168.151.92:34109], old=null
2019-10-02 10:24:05,615 [pool-131-thread-1] INFO  impl.RaftServerImpl (RaftServerImpl.java:setRole(170)) - 746d3458-33f5-413d-bb91-3f2fbe4579db@group-FE9FE7BC807B: changes role from      null to FOLLOWER at term 0 for startAsFollower
2019-10-02 10:24:05,615 [pool-131-thread-1] INFO  impl.RoleInfo (RoleInfo.java:updateAndGet(143)) - 746d3458-33f5-413d-bb91-3f2fbe4579db: start FollowerState
2019-10-02 10:24:05,615 [pool-131-thread-1] INFO  util.JmxRegister (JmxRegister.java:tryRegister(44)) - Successfully registered JMX Bean with object name Ratis:service=RaftServer,group=group-FE9FE7BC807B,id=746d3458-33f5-413d-bb91-3f2fbe4579db
2019-10-02 10:24:05,621 [RatisPipelineUtilsThread] INFO  pipeline.PipelineStateManager (PipelineStateManager.java:addPipeline(56)) - Created pipeline Pipeline[ Id: 28d64d5e-fc28-46aa-b6d9-fe9fe7bc807b, Nodes: 746d3458-33f5-413d-bb91-3f2fbe4579db{ip: 192.168.151.92, host: pr-trunk-gg4kw-413187789, networkLocation: /default-rack, certSerialId: null}, Type:RATIS, Factor:ONE, State:OPEN]
2019-10-02 10:24:05,647 [IPC Server handler 2 on 41218] INFO  net.NetworkTopology (NetworkTopologyImpl.java:add(111)) - Added a new node: /default-rack/5da457aa-41e2-4257-8b46-efd289a9cf0b
2019-10-02 10:24:05,647 [IPC Server handler 2 on 41218] INFO  node.SCMNodeManager (SCMNodeManager.java:register(266)) - Registered Data node : 5da457aa-41e2-4257-8b46-efd289a9cf0b{ip: 192.168.151.92, host: pr-trunk-gg4kw-413187789, networkLocation: /default-rack, certSerialId: null}
2019-10-02 10:24:05,653 [grpc-default-executor-10] INFO  impl.RaftServerProxy (RaftServerProxy.java:addNew(89)) - 5da457aa-41e2-4257-8b46-efd289a9cf0b: addNew group-64780987BCB2:[5da457aa-41e2-4257-8b46-efd289a9cf0b:192.168.151.92:41608] returns group-64780987BCB2:java.util.concurrent.CompletableFuture@633e870[Not completed]
2019-10-02 10:24:05,657 [pool-141-thread-1] INFO  impl.RaftServerImpl (RaftServerImpl.java:<init>(95)) - 5da457aa-41e2-4257-8b46-efd289a9cf0b: new RaftServerImpl for group-64780987BCB2:[5da457aa-41e2-4257-8b46-efd289a9cf0b:192.168.151.92:41608] with ContainerStateMachine:uninitialized
2019-10-02 10:24:05,657 [pool-141-thread-1] INFO  server.RaftServerConfigKeys (ConfUtils.java:logGet(43)) - raft.server.rpc.timeout.min = 5s (custom)
2019-10-02 10:24:05,657 [pool-141-thread-1] INFO  server.RaftServerConfigKeys (ConfUtils.java:logGet(43)) - raft.server.rpc.timeout.max = 5200ms (custom)
2019-10-02 10:24:05,657 [pool-141-thread-1] INFO  server.RaftServerConfigKeys (ConfUtils.java:logGet(43)) - raft.server.rpcslowness.timeout = 120s (custom)
2019-10-02 10:24:05,657 [pool-141-thread-1] INFO  server.RaftServerConfigKeys (ConfUtils.java:logGet(43)) - raft.server.sleep.deviation.threshold = 300 (default)
2019-10-02 10:24:05,658 [pool-141-thread-1] INFO  server.RaftServerConfigKeys (ConfUtils.java:logGet(43)) - raft.server.log.appender.install.snapshot.enabled = false (custom)
2019-10-02 10:24:05,658 [pool-141-thread-1] INFO  impl.RaftServerImpl (ServerState.java:<init>(103)) - 5da457aa-41e2-4257-8b46-efd289a9cf0b@group-64780987BCB2: ConfigurationManager, init=-1: [5da457aa-41e2-4257-8b46-efd289a9cf0b:192.168.151.92:41608], old=null, confs=<EMPTY_MAP>
2019-10-02 10:24:05,658 [pool-141-thread-1] INFO  server.RaftServerConfigKeys (ConfUtils.java:logGet(43)) - raft.server.storage.dir = [/workdir/hadoop-ozone/integration-test/target/test-dir/MiniOzoneClusterImpl-d5ad254c-7ec7-4fe1-b133-299c928d1cee/datanode-2/data/ratis] (custom)
2019-10-02 10:24:05,658 [pool-141-thread-1] INFO  server.RaftServerConfigKeys (ConfUtils.java:logGet(43)) - raft.server.log.corruption.policy = EXCEPTION (default)
2019-10-02 10:24:05,658 [pool-141-thread-1] INFO  storage.RaftStorageDirectory (RaftStorageDirectory.java:analyzeStorage(246)) - The storage directory /workdir/hadoop-ozone/integration-test/target/test-dir/MiniOzoneClusterImpl-d5ad254c-7ec7-4fe1-b133-299c928d1cee/datanode-2/data/ratis/2a821bbc-9df0-403e-a47b-64780987bcb2 does not exist. Creating ...
2019-10-02 10:24:05,692 [pool-141-thread-1] INFO  storage.RaftStorageDirectory (RaftStorageDirectory.java:tryLock(328)) - Lock on /workdir/hadoop-ozone/integration-test/target/test-dir/MiniOzoneClusterImpl-d5ad254c-7ec7-4fe1-b133-299c928d1cee/datanode-2/data/ratis/2a821bbc-9df0-403e-a47b-64780987bcb2/in_use.lock acquired by nodename 31904@pr-trunk-gg4kw-413187789
2019-10-02 10:24:05,706 [pool-141-thread-1] INFO  storage.RaftStorage (RaftStorage.java:format(84)) - Storage directory /workdir/hadoop-ozone/integration-test/target/test-dir/MiniOzoneClusterImpl-d5ad254c-7ec7-4fe1-b133-299c928d1cee/datanode-2/data/ratis/2a821bbc-9df0-403e-a47b-64780987bcb2 has been successfully formatted.
2019-10-02 10:24:05,706 [pool-141-thread-1] INFO  ratis.ContainerStateMachine (ContainerStateMachine.java:loadSnapshot(231)) - group-64780987BCB2: The snapshot info is null. Setting the last applied indexto:(t:0, i:~)
2019-10-02 10:24:05,706 [pool-141-thread-1] INFO  server.RaftServerConfigKeys (ConfUtils.java:logGet(43)) - raft.server.notification.no-leader.timeout = 120s (custom)
2019-10-02 10:24:05,706 [pool-141-thread-1] INFO  server.RaftServerConfigKeys (ConfUtils.java:logGet(43)) - raft.server.log.use.memory = false (default)
2019-10-02 10:24:05,706 [pool-141-thread-1] INFO  server.RaftServerConfigKeys (ConfUtils.java:logGet(43)) - raft.server.log.purge.gap = 1000000 (custom)
2019-10-02 10:24:05,706 [pool-141-thread-1] INFO  server.RaftServerConfigKeys (ConfUtils.java:logGet(43)) - raft.server.log.appender.buffer.byte-limit = 33554432 (custom)
2019-10-02 10:24:05,707 [pool-141-thread-1] INFO  server.RaftServerConfigKeys (ConfUtils.java:logGet(43)) - raft.server.log.segment.size.max = 1048576 (custom)
2019-10-02 10:24:05,708 [pool-141-thread-1] INFO  server.RaftServerConfigKeys (ConfUtils.java:logGet(43)) - raft.server.log.segment.cache.num.max = 2 (custom)
2019-10-02 10:24:05,709 [pool-141-thread-1] INFO  segmented.SegmentedRaftLogWorker (SegmentedRaftLogWorker.java:<init>(173)) - new 5da457aa-41e2-4257-8b46-efd289a9cf0b@group-64780987BCB2-SegmentedRaftLogWorker for RaftStorage:Storage Directory /workdir/hadoop-ozone/integration-test/target/test-dir/MiniOzoneClusterImpl-d5ad254c-7ec7-4fe1-b133-299c928d1cee/datanode-2/data/ratis/2a821bbc-9df0-403e-a47b-64780987bcb2
2019-10-02 10:24:05,709 [pool-141-thread-1] INFO  server.RaftServerConfigKeys (ConfUtils.java:logGet(43)) - raft.server.log.queue.byte-limit = 2147483647 (custom)
2019-10-02 10:24:05,709 [pool-141-thread-1] INFO  server.RaftServerConfigKeys (ConfUtils.java:logGet(43)) - raft.server.log.queue.element-limit = 1024 (custom)
2019-10-02 10:24:05,709 [pool-141-thread-1] INFO  server.RaftServerConfigKeys (ConfUtils.java:logGet(43)) - raft.server.log.segment.size.max = 1048576 (custom)
2019-10-02 10:24:05,709 [pool-141-thread-1] INFO  server.RaftServerConfigKeys (ConfUtils.java:logGet(43)) - raft.server.log.preallocated.size = 16384 (custom)
2019-10-02 10:24:05,709 [pool-141-thread-1] INFO  server.RaftServerConfigKeys (ConfUtils.java:logGet(43)) - raft.server.log.write.buffer.size = 33554432 (custom)
2019-10-02 10:24:05,709 [pool-141-thread-1] INFO  server.RaftServerConfigKeys (ConfUtils.java:logGet(43)) - raft.server.log.force.sync.num = 128 (default)
2019-10-02 10:24:05,709 [pool-141-thread-1] INFO  server.RaftServerConfigKeys (ConfUtils.java:logGet(43)) - raft.server.log.statemachine.data.sync = true (default)
2019-10-02 10:24:05,709 [pool-141-thread-1] INFO  server.RaftServerConfigKeys (ConfUtils.java:logGet(43)) - raft.server.log.statemachine.data.sync.timeout = 10s (default)
2019-10-02 10:24:05,710 [pool-141-thread-1] INFO  server.RaftServerConfigKeys (ConfUtils.java:logGet(43)) - raft.server.log.statemachine.data.sync.timeout.retry = -1 (default)
2019-10-02 10:24:05,710 [pool-141-thread-1] INFO  server.RaftServerConfigKeys (ConfUtils.java:logGet(43)) - raft.server.log.statemachine.data.caching.enabled = true (custom)
2019-10-02 10:24:05,710 [pool-141-thread-1] INFO  segmented.SegmentedRaftLogWorker (SegmentedRaftLogWorker.java:lambda$new$0(128)) - 5da457aa-41e2-4257-8b46-efd289a9cf0b@group-64780987BCB2-SegmentedRaftLogWorker: flushIndex: setUnconditionally 0 -> -1
2019-10-02 10:24:05,710 [pool-141-thread-1] INFO  server.RaftServerConfigKeys (ConfUtils.java:logGet(43)) - raft.server.snapshot.auto.trigger.enabled = true (custom)
2019-10-02 10:24:05,710 [pool-141-thread-1] INFO  server.RaftServerConfigKeys (ConfUtils.java:logGet(43)) - raft.server.snapshot.auto.trigger.threshold = 10000 (custom)
2019-10-02 10:24:05,711 [pool-141-thread-1] INFO  server.RaftServerConfigKeys (ConfUtils.java:logGet(43)) - raft.server.snapshot.retention.file.num = 5 (custom)
2019-10-02 10:24:05,711 [pool-141-thread-1] INFO  server.RaftServerConfigKeys (ConfUtils.java:logGet(43)) - raft.server.retrycache.expirytime = 600000ms (custom)
2019-10-02 10:24:05,712 [pool-141-thread-1] INFO  impl.RaftServerImpl (RaftServerImpl.java:start(181)) - 5da457aa-41e2-4257-8b46-efd289a9cf0b@group-64780987BCB2: start as a follower, conf=-1: [5da457aa-41e2-4257-8b46-efd289a9cf0b:192.168.151.92:41608], old=null
2019-10-02 10:24:05,713 [pool-141-thread-1] INFO  impl.RaftServerImpl (RaftServerImpl.java:setRole(170)) - 5da457aa-41e2-4257-8b46-efd289a9cf0b@group-64780987BCB2: changes role from      null to FOLLOWER at term 0 for startAsFollower
2019-10-02 10:24:05,713 [pool-141-thread-1] INFO  impl.RoleInfo (RoleInfo.java:updateAndGet(143)) - 5da457aa-41e2-4257-8b46-efd289a9cf0b: start FollowerState
2019-10-02 10:24:05,713 [pool-141-thread-1] INFO  util.JmxRegister (JmxRegister.java:tryRegister(44)) - Successfully registered JMX Bean with object name Ratis:service=RaftServer,group=group-64780987BCB2,id=5da457aa-41e2-4257-8b46-efd289a9cf0b
2019-10-02 10:24:05,719 [RatisPipelineUtilsThread] INFO  pipeline.PipelineStateManager (PipelineStateManager.java:addPipeline(56)) - Created pipeline Pipeline[ Id: 2a821bbc-9df0-403e-a47b-64780987bcb2, Nodes: 5da457aa-41e2-4257-8b46-efd289a9cf0b{ip: 192.168.151.92, host: pr-trunk-gg4kw-413187789, networkLocation: /default-rack, certSerialId: null}, Type:RATIS, Factor:ONE, State:OPEN]
2019-10-02 10:24:05,731 [grpc-default-executor-10] INFO  impl.RaftServerProxy (RaftServerProxy.java:addNew(89)) - 746d3458-33f5-413d-bb91-3f2fbe4579db: addNew group-E2771A7EB0E0:[49559d9f-0396-4323-98b3-57888c55a3b8:192.168.151.92:33617, 5da457aa-41e2-4257-8b46-efd289a9cf0b:192.168.151.92:41608, 746d3458-33f5-413d-bb91-3f2fbe4579db:192.168.151.92:34109] returns group-E2771A7EB0E0:java.util.concurrent.CompletableFuture@66c260[Not completed]
2019-10-02 10:24:05,731 [grpc-default-executor-12] INFO  impl.RaftServerProxy (RaftServerProxy.java:addNew(89)) - 49559d9f-0396-4323-98b3-57888c55a3b8: addNew group-E2771A7EB0E0:[49559d9f-0396-4323-98b3-57888c55a3b8:192.168.151.92:33617, 5da457aa-41e2-4257-8b46-efd289a9cf0b:192.168.151.92:41608, 746d3458-33f5-413d-bb91-3f2fbe4579db:192.168.151.92:34109] returns group-E2771A7EB0E0:java.util.concurrent.CompletableFuture@6af63f9d[Not completed]
2019-10-02 10:24:05,731 [IPC Server handler 3 on 41218] INFO  net.NetworkTopology (NetworkTopologyImpl.java:add(111)) - Added a new node: /default-rack/34fae152-b7fa-42df-acc8-98158dd84481
2019-10-02 10:24:05,731 [grpc-default-executor-2] INFO  impl.RaftServerProxy (RaftServerProxy.java:addNew(89)) - 5da457aa-41e2-4257-8b46-efd289a9cf0b: addNew group-E2771A7EB0E0:[49559d9f-0396-4323-98b3-57888c55a3b8:192.168.151.92:33617, 5da457aa-41e2-4257-8b46-efd289a9cf0b:192.168.151.92:41608, 746d3458-33f5-413d-bb91-3f2fbe4579db:192.168.151.92:34109] returns group-E2771A7EB0E0:java.util.concurrent.CompletableFuture@7b1d6925[Not completed]
2019-10-02 10:24:05,731 [IPC Server handler 3 on 41218] INFO  node.SCMNodeManager (SCMNodeManager.java:register(266)) - Registered Data node : 34fae152-b7fa-42df-acc8-98158dd84481{ip: 192.168.151.92, host: pr-trunk-gg4kw-413187789, networkLocation: /default-rack, certSerialId: null}
2019-10-02 10:24:05,732 [pool-141-thread-1] INFO  impl.RaftServerImpl (RaftServerImpl.java:<init>(95)) - 5da457aa-41e2-4257-8b46-efd289a9cf0b: new RaftServerImpl for group-E2771A7EB0E0:[49559d9f-0396-4323-98b3-57888c55a3b8:192.168.151.92:33617, 5da457aa-41e2-4257-8b46-efd289a9cf0b:192.168.151.92:41608, 746d3458-33f5-413d-bb91-3f2fbe4579db:192.168.151.92:34109] with ContainerStateMachine:uninitialized
2019-10-02 10:24:05,732 [pool-141-thread-1] INFO  server.RaftServerConfigKeys (ConfUtils.java:logGet(43)) - raft.server.rpc.timeout.min = 5s (custom)
2019-10-02 10:24:05,732 [pool-141-thread-1] INFO  server.RaftServerConfigKeys (ConfUtils.java:logGet(43)) - raft.server.rpc.timeout.max = 5200ms (custom)
2019-10-02 10:24:05,732 [pool-141-thread-1] INFO  server.RaftServerConfigKeys (ConfUtils.java:logGet(43)) - raft.server.rpcslowness.timeout = 120s (custom)
2019-10-02 10:24:05,732 [pool-141-thread-1] INFO  server.RaftServerConfigKeys (ConfUtils.java:logGet(43)) - raft.server.sleep.deviation.threshold = 300 (default)
2019-10-02 10:24:05,732 [pool-141-thread-1] INFO  server.RaftServerConfigKeys (ConfUtils.java:logGet(43)) - raft.server.log.appender.install.snapshot.enabled = false (custom)
2019-10-02 10:24:05,732 [pool-141-thread-1] INFO  impl.RaftServerImpl (ServerState.java:<init>(103)) - 5da457aa-41e2-4257-8b46-efd289a9cf0b@group-E2771A7EB0E0: ConfigurationManager, init=-1: [49559d9f-0396-4323-98b3-57888c55a3b8:192.168.151.92:33617, 5da457aa-41e2-4257-8b46-efd289a9cf0b:192.168.151.92:41608, 746d3458-33f5-413d-bb91-3f2fbe4579db:192.168.151.92:34109], old=null, confs=<EMPTY_MAP>
2019-10-02 10:24:05,733 [pool-121-thread-1] INFO  impl.RaftServerImpl (RaftServerImpl.java:<init>(95)) - 49559d9f-0396-4323-98b3-57888c55a3b8: new RaftServerImpl for group-E2771A7EB0E0:[49559d9f-0396-4323-98b3-57888c55a3b8:192.168.151.92:33617, 5da457aa-41e2-4257-8b46-efd289a9cf0b:192.168.151.92:41608, 746d3458-33f5-413d-bb91-3f2fbe4579db:192.168.151.92:34109] with ContainerStateMachine:uninitialized
2019-10-02 10:24:05,733 [pool-141-thread-1] INFO  server.RaftServerConfigKeys (ConfUtils.java:logGet(43)) - raft.server.storage.dir = [/workdir/hadoop-ozone/integration-test/target/test-dir/MiniOzoneClusterImpl-d5ad254c-7ec7-4fe1-b133-299c928d1cee/datanode-2/data/ratis] (custom)
2019-10-02 10:24:05,733 [pool-121-thread-1] INFO  server.RaftServerConfigKeys (ConfUtils.java:logGet(43)) - raft.server.rpc.timeout.min = 5s (custom)
2019-10-02 10:24:05,733 [pool-141-thread-1] INFO  server.RaftServerConfigKeys (ConfUtils.java:logGet(43)) - raft.server.log.corruption.policy = EXCEPTION (default)
2019-10-02 10:24:05,733 [pool-121-thread-1] INFO  server.RaftServerConfigKeys (ConfUtils.java:logGet(43)) - raft.server.rpc.timeout.max = 5200ms (custom)
2019-10-02 10:24:05,733 [pool-141-thread-1] INFO  storage.RaftStorageDirectory (RaftStorageDirectory.java:analyzeStorage(246)) - The storage directory /workdir/hadoop-ozone/integration-test/target/test-dir/MiniOzoneClusterImpl-d5ad254c-7ec7-4fe1-b133-299c928d1cee/datanode-2/data/ratis/934bb685-eab6-43f9-943b-e2771a7eb0e0 does not exist. Creating ...
2019-10-02 10:24:05,733 [pool-121-thread-1] INFO  server.RaftServerConfigKeys (ConfUtils.java:logGet(43)) - raft.server.rpcslowness.timeout = 120s (custom)
2019-10-02 10:24:05,733 [pool-131-thread-1] INFO  impl.RaftServerImpl (RaftServerImpl.java:<init>(95)) - 746d3458-33f5-413d-bb91-3f2fbe4579db: new RaftServerImpl for group-E2771A7EB0E0:[49559d9f-0396-4323-98b3-57888c55a3b8:192.168.151.92:33617, 5da457aa-41e2-4257-8b46-efd289a9cf0b:192.168.151.92:41608, 746d3458-33f5-413d-bb91-3f2fbe4579db:192.168.151.92:34109] with ContainerStateMachine:uninitialized
2019-10-02 10:24:05,733 [pool-121-thread-1] INFO  server.RaftServerConfigKeys (ConfUtils.java:logGet(43)) - raft.server.sleep.deviation.threshold = 300 (default)
2019-10-02 10:24:05,734 [pool-131-thread-1] INFO  server.RaftServerConfigKeys (ConfUtils.java:logGet(43)) - raft.server.rpc.timeout.min = 5s (custom)
2019-10-02 10:24:05,734 [pool-121-thread-1] INFO  server.RaftServerConfigKeys (ConfUtils.java:logGet(43)) - raft.server.log.appender.install.snapshot.enabled = false (custom)
2019-10-02 10:24:05,734 [pool-131-thread-1] INFO  server.RaftServerConfigKeys (ConfUtils.java:logGet(43)) - raft.server.rpc.timeout.max = 5200ms (custom)
2019-10-02 10:24:05,734 [pool-121-thread-1] INFO  impl.RaftServerImpl (ServerState.java:<init>(103)) - 49559d9f-0396-4323-98b3-57888c55a3b8@group-E2771A7EB0E0: ConfigurationManager, init=-1: [49559d9f-0396-4323-98b3-57888c55a3b8:192.168.151.92:33617, 5da457aa-41e2-4257-8b46-efd289a9cf0b:192.168.151.92:41608, 746d3458-33f5-413d-bb91-3f2fbe4579db:192.168.151.92:34109], old=null, confs=<EMPTY_MAP>
2019-10-02 10:24:05,734 [pool-131-thread-1] INFO  server.RaftServerConfigKeys (ConfUtils.java:logGet(43)) - raft.server.rpcslowness.timeout = 120s (custom)
2019-10-02 10:24:05,734 [pool-121-thread-1] INFO  server.RaftServerConfigKeys (ConfUtils.java:logGet(43)) - raft.server.storage.dir = [/workdir/hadoop-ozone/integration-test/target/test-dir/MiniOzoneClusterImpl-d5ad254c-7ec7-4fe1-b133-299c928d1cee/datanode-0/data/ratis] (custom)
2019-10-02 10:24:05,734 [pool-131-thread-1] INFO  server.RaftServerConfigKeys (ConfUtils.java:logGet(43)) - raft.server.sleep.deviation.threshold = 300 (default)
2019-10-02 10:24:05,735 [pool-131-thread-1] INFO  server.RaftServerConfigKeys (ConfUtils.java:logGet(43)) - raft.server.log.appender.install.snapshot.enabled = false (custom)
2019-10-02 10:24:05,735 [pool-121-thread-1] INFO  server.RaftServerConfigKeys (ConfUtils.java:logGet(43)) - raft.server.log.corruption.policy = EXCEPTION (default)
2019-10-02 10:24:05,735 [pool-131-thread-1] INFO  impl.RaftServerImpl (ServerState.java:<init>(103)) - 746d3458-33f5-413d-bb91-3f2fbe4579db@group-E2771A7EB0E0: ConfigurationManager, init=-1: [49559d9f-0396-4323-98b3-57888c55a3b8:192.168.151.92:33617, 5da457aa-41e2-4257-8b46-efd289a9cf0b:192.168.151.92:41608, 746d3458-33f5-413d-bb91-3f2fbe4579db:192.168.151.92:34109], old=null, confs=<EMPTY_MAP>
2019-10-02 10:24:05,735 [pool-121-thread-1] INFO  storage.RaftStorageDirectory (RaftStorageDirectory.java:analyzeStorage(246)) - The storage directory /workdir/hadoop-ozone/integration-test/target/test-dir/MiniOzoneClusterImpl-d5ad254c-7ec7-4fe1-b133-299c928d1cee/datanode-0/data/ratis/934bb685-eab6-43f9-943b-e2771a7eb0e0 does not exist. Creating ...
2019-10-02 10:24:05,735 [pool-131-thread-1] INFO  server.RaftServerConfigKeys (ConfUtils.java:logGet(43)) - raft.server.storage.dir = [/workdir/hadoop-ozone/integration-test/target/test-dir/MiniOzoneClusterImpl-d5ad254c-7ec7-4fe1-b133-299c928d1cee/datanode-1/data/ratis] (custom)
2019-10-02 10:24:05,735 [pool-131-thread-1] INFO  server.RaftServerConfigKeys (ConfUtils.java:logGet(43)) - raft.server.log.corruption.policy = EXCEPTION (default)
2019-10-02 10:24:05,735 [pool-131-thread-1] INFO  storage.RaftStorageDirectory (RaftStorageDirectory.java:analyzeStorage(246)) - The storage directory /workdir/hadoop-ozone/integration-test/target/test-dir/MiniOzoneClusterImpl-d5ad254c-7ec7-4fe1-b133-299c928d1cee/datanode-1/data/ratis/934bb685-eab6-43f9-943b-e2771a7eb0e0 does not exist. Creating ...
2019-10-02 10:24:05,747 [pool-121-thread-1] INFO  storage.RaftStorageDirectory (RaftStorageDirectory.java:tryLock(328)) - Lock on /workdir/hadoop-ozone/integration-test/target/test-dir/MiniOzoneClusterImpl-d5ad254c-7ec7-4fe1-b133-299c928d1cee/datanode-0/data/ratis/934bb685-eab6-43f9-943b-e2771a7eb0e0/in_use.lock acquired by nodename 31904@pr-trunk-gg4kw-413187789
2019-10-02 10:24:05,747 [pool-141-thread-1] INFO  storage.RaftStorageDirectory (RaftStorageDirectory.java:tryLock(328)) - Lock on /workdir/hadoop-ozone/integration-test/target/test-dir/MiniOzoneClusterImpl-d5ad254c-7ec7-4fe1-b133-299c928d1cee/datanode-2/data/ratis/934bb685-eab6-43f9-943b-e2771a7eb0e0/in_use.lock acquired by nodename 31904@pr-trunk-gg4kw-413187789
2019-10-02 10:24:05,747 [pool-131-thread-1] INFO  storage.RaftStorageDirectory (RaftStorageDirectory.java:tryLock(328)) - Lock on /workdir/hadoop-ozone/integration-test/target/test-dir/MiniOzoneClusterImpl-d5ad254c-7ec7-4fe1-b133-299c928d1cee/datanode-1/data/ratis/934bb685-eab6-43f9-943b-e2771a7eb0e0/in_use.lock acquired by nodename 31904@pr-trunk-gg4kw-413187789
2019-10-02 10:24:05,762 [pool-131-thread-1] INFO  storage.RaftStorage (RaftStorage.java:format(84)) - Storage directory /workdir/hadoop-ozone/integration-test/target/test-dir/MiniOzoneClusterImpl-d5ad254c-7ec7-4fe1-b133-299c928d1cee/datanode-1/data/ratis/934bb685-eab6-43f9-943b-e2771a7eb0e0 has been successfully formatted.
2019-10-02 10:24:05,762 [pool-121-thread-1] INFO  storage.RaftStorage (RaftStorage.java:format(84)) - Storage directory /workdir/hadoop-ozone/integration-test/target/test-dir/MiniOzoneClusterImpl-d5ad254c-7ec7-4fe1-b133-299c928d1cee/datanode-0/data/ratis/934bb685-eab6-43f9-943b-e2771a7eb0e0 has been successfully formatted.
2019-10-02 10:24:05,763 [pool-131-thread-1] INFO  ratis.ContainerStateMachine (ContainerStateMachine.java:loadSnapshot(231)) - group-E2771A7EB0E0: The snapshot info is null. Setting the last applied indexto:(t:0, i:~)
2019-10-02 10:24:05,762 [pool-141-thread-1] INFO  storage.RaftStorage (RaftStorage.java:format(84)) - Storage directory /workdir/hadoop-ozone/integration-test/target/test-dir/MiniOzoneClusterImpl-d5ad254c-7ec7-4fe1-b133-299c928d1cee/datanode-2/data/ratis/934bb685-eab6-43f9-943b-e2771a7eb0e0 has been successfully formatted.
2019-10-02 10:24:05,763 [pool-121-thread-1] INFO  ratis.ContainerStateMachine (ContainerStateMachine.java:loadSnapshot(231)) - group-E2771A7EB0E0: The snapshot info is null. Setting the last applied indexto:(t:0, i:~)
2019-10-02 10:24:05,763 [pool-131-thread-1] INFO  server.RaftServerConfigKeys (ConfUtils.java:logGet(43)) - raft.server.notification.no-leader.timeout = 120s (custom)
2019-10-02 10:24:05,763 [pool-121-thread-1] INFO  server.RaftServerConfigKeys (ConfUtils.java:logGet(43)) - raft.server.notification.no-leader.timeout = 120s (custom)
2019-10-02 10:24:05,763 [pool-141-thread-1] INFO  ratis.ContainerStateMachine (ContainerStateMachine.java:loadSnapshot(231)) - group-E2771A7EB0E0: The snapshot info is null. Setting the last applied indexto:(t:0, i:~)
2019-10-02 10:24:05,763 [pool-121-thread-1] INFO  server.RaftServerConfigKeys (ConfUtils.java:logGet(43)) - raft.server.log.use.memory = false (default)
2019-10-02 10:24:05,763 [pool-131-thread-1] INFO  server.RaftServerConfigKeys (ConfUtils.java:logGet(43)) - raft.server.log.use.memory = false (default)
2019-10-02 10:24:05,764 [pool-121-thread-1] INFO  server.RaftServerConfigKeys (ConfUtils.java:logGet(43)) - raft.server.log.purge.gap = 1000000 (custom)
2019-10-02 10:24:05,763 [pool-141-thread-1] INFO  server.RaftServerConfigKeys (ConfUtils.java:logGet(43)) - raft.server.notification.no-leader.timeout = 120s (custom)
2019-10-02 10:24:05,764 [pool-121-thread-1] INFO  server.RaftServerConfigKeys (ConfUtils.java:logGet(43)) - raft.server.log.appender.buffer.byte-limit = 33554432 (custom)
2019-10-02 10:24:05,764 [pool-131-thread-1] INFO  server.RaftServerConfigKeys (ConfUtils.java:logGet(43)) - raft.server.log.purge.gap = 1000000 (custom)
2019-10-02 10:24:05,764 [pool-121-thread-1] INFO  server.RaftServerConfigKeys (ConfUtils.java:logGet(43)) - raft.server.log.segment.size.max = 1048576 (custom)
2019-10-02 10:24:05,764 [pool-141-thread-1] INFO  server.RaftServerConfigKeys (ConfUtils.java:logGet(43)) - raft.server.log.use.memory = false (default)
2019-10-02 10:24:05,764 [pool-121-thread-1] INFO  server.RaftServerConfigKeys (ConfUtils.java:logGet(43)) - raft.server.log.segment.cache.num.max = 2 (custom)
2019-10-02 10:24:05,764 [pool-131-thread-1] INFO  server.RaftServerConfigKeys (ConfUtils.java:logGet(43)) - raft.server.log.appender.buffer.byte-limit = 33554432 (custom)
2019-10-02 10:24:05,764 [pool-121-thread-1] INFO  segmented.SegmentedRaftLogWorker (SegmentedRaftLogWorker.java:<init>(173)) - new 49559d9f-0396-4323-98b3-57888c55a3b8@group-E2771A7EB0E0-SegmentedRaftLogWorker for RaftStorage:Storage Directory /workdir/hadoop-ozone/integration-test/target/test-dir/MiniOzoneClusterImpl-d5ad254c-7ec7-4fe1-b133-299c928d1cee/datanode-0/data/ratis/934bb685-eab6-43f9-943b-e2771a7eb0e0
2019-10-02 10:24:05,764 [pool-141-thread-1] INFO  server.RaftServerConfigKeys (ConfUtils.java:logGet(43)) - raft.server.log.purge.gap = 1000000 (custom)
2019-10-02 10:24:05,765 [pool-121-thread-1] INFO  server.RaftServerConfigKeys (ConfUtils.java:logGet(43)) - raft.server.log.queue.byte-limit = 2147483647 (custom)
2019-10-02 10:24:05,764 [pool-131-thread-1] INFO  server.RaftServerConfigKeys (ConfUtils.java:logGet(43)) - raft.server.log.segment.size.max = 1048576 (custom)
2019-10-02 10:24:05,765 [pool-121-thread-1] INFO  server.RaftServerConfigKeys (ConfUtils.java:logGet(43)) - raft.server.log.queue.element-limit = 1024 (custom)
2019-10-02 10:24:05,765 [pool-141-thread-1] INFO  server.RaftServerConfigKeys (ConfUtils.java:logGet(43)) - raft.server.log.appender.buffer.byte-limit = 33554432 (custom)
2019-10-02 10:24:05,765 [pool-121-thread-1] INFO  server.RaftServerConfigKeys (ConfUtils.java:logGet(43)) - raft.server.log.segment.size.max = 1048576 (custom)
2019-10-02 10:24:05,765 [pool-131-thread-1] INFO  server.RaftServerConfigKeys (ConfUtils.java:logGet(43)) - raft.server.log.segment.cache.num.max = 2 (custom)
2019-10-02 10:24:05,765 [pool-121-thread-1] INFO  server.RaftServerConfigKeys (ConfUtils.java:logGet(43)) - raft.server.log.preallocated.size = 16384 (custom)
2019-10-02 10:24:05,765 [pool-141-thread-1] INFO  server.RaftServerConfigKeys (ConfUtils.java:logGet(43)) - raft.server.log.segment.size.max = 1048576 (custom)
2019-10-02 10:24:05,766 [pool-121-thread-1] INFO  server.RaftServerConfigKeys (ConfUtils.java:logGet(43)) - raft.server.log.write.buffer.size = 33554432 (custom)
2019-10-02 10:24:05,765 [pool-131-thread-1] INFO  segmented.SegmentedRaftLogWorker (SegmentedRaftLogWorker.java:<init>(173)) - new 746d3458-33f5-413d-bb91-3f2fbe4579db@group-E2771A7EB0E0-SegmentedRaftLogWorker for RaftStorage:Storage Directory /workdir/hadoop-ozone/integration-test/target/test-dir/MiniOzoneClusterImpl-d5ad254c-7ec7-4fe1-b133-299c928d1cee/datanode-1/data/ratis/934bb685-eab6-43f9-943b-e2771a7eb0e0
2019-10-02 10:24:05,766 [pool-121-thread-1] INFO  server.RaftServerConfigKeys (ConfUtils.java:logGet(43)) - raft.server.log.force.sync.num = 128 (default)
2019-10-02 10:24:05,766 [pool-141-thread-1] INFO  server.RaftServerConfigKeys (ConfUtils.java:logGet(43)) - raft.server.log.segment.cache.num.max = 2 (custom)
2019-10-02 10:24:05,766 [pool-121-thread-1] INFO  server.RaftServerConfigKeys (ConfUtils.java:logGet(43)) - raft.server.log.statemachine.data.sync = true (default)
2019-10-02 10:24:05,766 [pool-131-thread-1] INFO  server.RaftServerConfigKeys (ConfUtils.java:logGet(43)) - raft.server.log.queue.byte-limit = 2147483647 (custom)
2019-10-02 10:24:05,766 [pool-121-thread-1] INFO  server.RaftServerConfigKeys (ConfUtils.java:logGet(43)) - raft.server.log.statemachine.data.sync.timeout = 10s (default)
2019-10-02 10:24:05,766 [pool-141-thread-1] INFO  segmented.SegmentedRaftLogWorker (SegmentedRaftLogWorker.java:<init>(173)) - new 5da457aa-41e2-4257-8b46-efd289a9cf0b@group-E2771A7EB0E0-SegmentedRaftLogWorker for RaftStorage:Storage Directory /workdir/hadoop-ozone/integration-test/target/test-dir/MiniOzoneClusterImpl-d5ad254c-7ec7-4fe1-b133-299c928d1cee/datanode-2/data/ratis/934bb685-eab6-43f9-943b-e2771a7eb0e0
2019-10-02 10:24:05,766 [pool-121-thread-1] INFO  server.RaftServerConfigKeys (ConfUtils.java:logGet(43)) - raft.server.log.statemachine.data.sync.timeout.retry = -1 (default)
2019-10-02 10:24:05,766 [pool-131-thread-1] INFO  server.RaftServerConfigKeys (ConfUtils.java:logGet(43)) - raft.server.log.queue.element-limit = 1024 (custom)
2019-10-02 10:24:05,766 [pool-141-thread-1] INFO  server.RaftServerConfigKeys (ConfUtils.java:logGet(43)) - raft.server.log.queue.byte-limit = 2147483647 (custom)
2019-10-02 10:24:05,767 [pool-121-thread-1] INFO  server.RaftServerConfigKeys (ConfUtils.java:logGet(43)) - raft.server.log.statemachine.data.caching.enabled = true (custom)
2019-10-02 10:24:05,767 [pool-131-thread-1] INFO  server.RaftServerConfigKeys (ConfUtils.java:logGet(43)) - raft.server.log.segment.size.max = 1048576 (custom)
2019-10-02 10:24:05,767 [pool-141-thread-1] INFO  server.RaftServerConfigKeys (ConfUtils.java:logGet(43)) - raft.server.log.queue.element-limit = 1024 (custom)
2019-10-02 10:24:05,767 [pool-121-thread-1] INFO  segmented.SegmentedRaftLogWorker (SegmentedRaftLogWorker.java:lambda$new$0(128)) - 49559d9f-0396-4323-98b3-57888c55a3b8@group-E2771A7EB0E0-SegmentedRaftLogWorker: flushIndex: setUnconditionally 0 -> -1
2019-10-02 10:24:05,767 [pool-131-thread-1] INFO  server.RaftServerConfigKeys (ConfUtils.java:logGet(43)) - raft.server.log.preallocated.size = 16384 (custom)
2019-10-02 10:24:05,767 [pool-141-thread-1] INFO  server.RaftServerConfigKeys (ConfUtils.java:logGet(43)) - raft.server.log.segment.size.max = 1048576 (custom)
2019-10-02 10:24:05,768 [pool-121-thread-1] INFO  server.RaftServerConfigKeys (ConfUtils.java:logGet(43)) - raft.server.snapshot.auto.trigger.enabled = true (custom)
2019-10-02 10:24:05,767 [pool-131-thread-1] INFO  server.RaftServerConfigKeys (ConfUtils.java:logGet(43)) - raft.server.log.write.buffer.size = 33554432 (custom)
2019-10-02 10:24:05,768 [pool-121-thread-1] INFO  server.RaftServerConfigKeys (ConfUtils.java:logGet(43)) - raft.server.snapshot.auto.trigger.threshold = 10000 (custom)
2019-10-02 10:24:05,768 [pool-141-thread-1] INFO  server.RaftServerConfigKeys (ConfUtils.java:logGet(43)) - raft.server.log.preallocated.size = 16384 (custom)
2019-10-02 10:24:05,768 [pool-121-thread-1] INFO  server.RaftServerConfigKeys (ConfUtils.java:logGet(43)) - raft.server.snapshot.retention.file.num = 5 (custom)
2019-10-02 10:24:05,768 [pool-131-thread-1] INFO  server.RaftServerConfigKeys (ConfUtils.java:logGet(43)) - raft.server.log.force.sync.num = 128 (default)
2019-10-02 10:24:05,768 [pool-121-thread-1] INFO  server.RaftServerConfigKeys (ConfUtils.java:logGet(43)) - raft.server.retrycache.expirytime = 600000ms (custom)
2019-10-02 10:24:05,768 [pool-141-thread-1] INFO  server.RaftServerConfigKeys (ConfUtils.java:logGet(43)) - raft.server.log.write.buffer.size = 33554432 (custom)
2019-10-02 10:24:05,768 [pool-131-thread-1] INFO  server.RaftServerConfigKeys (ConfUtils.java:logGet(43)) - raft.server.log.statemachine.data.sync = true (default)
2019-10-02 10:24:05,768 [pool-141-thread-1] INFO  server.RaftServerConfigKeys (ConfUtils.java:logGet(43)) - raft.server.log.force.sync.num = 128 (default)
2019-10-02 10:24:05,769 [pool-131-thread-1] INFO  server.RaftServerConfigKeys (ConfUtils.java:logGet(43)) - raft.server.log.statemachine.data.sync.timeout = 10s (default)
2019-10-02 10:24:05,769 [pool-141-thread-1] INFO  server.RaftServerConfigKeys (ConfUtils.java:logGet(43)) - raft.server.log.statemachine.data.sync = true (default)
2019-10-02 10:24:05,769 [pool-131-thread-1] INFO  server.RaftServerConfigKeys (ConfUtils.java:logGet(43)) - raft.server.log.statemachine.data.sync.timeout.retry = -1 (default)
2019-10-02 10:24:05,769 [pool-141-thread-1] INFO  server.RaftServerConfigKeys (ConfUtils.java:logGet(43)) - raft.server.log.statemachine.data.sync.timeout = 10s (default)
2019-10-02 10:24:05,769 [pool-141-thread-1] INFO  server.RaftServerConfigKeys (ConfUtils.java:logGet(43)) - raft.server.log.statemachine.data.sync.timeout.retry = -1 (default)
2019-10-02 10:24:05,769 [pool-131-thread-1] INFO  server.RaftServerConfigKeys (ConfUtils.java:logGet(43)) - raft.server.log.statemachine.data.caching.enabled = true (custom)
2019-10-02 10:24:05,769 [pool-141-thread-1] INFO  server.RaftServerConfigKeys (ConfUtils.java:logGet(43)) - raft.server.log.statemachine.data.caching.enabled = true (custom)
2019-10-02 10:24:05,770 [pool-131-thread-1] INFO  segmented.SegmentedRaftLogWorker (SegmentedRaftLogWorker.java:lambda$new$0(128)) - 746d3458-33f5-413d-bb91-3f2fbe4579db@group-E2771A7EB0E0-SegmentedRaftLogWorker: flushIndex: setUnconditionally 0 -> -1
2019-10-02 10:24:05,770 [pool-141-thread-1] INFO  segmented.SegmentedRaftLogWorker (SegmentedRaftLogWorker.java:lambda$new$0(128)) - 5da457aa-41e2-4257-8b46-efd289a9cf0b@group-E2771A7EB0E0-SegmentedRaftLogWorker: flushIndex: setUnconditionally 0 -> -1
2019-10-02 10:24:05,770 [pool-131-thread-1] INFO  server.RaftServerConfigKeys (ConfUtils.java:logGet(43)) - raft.server.snapshot.auto.trigger.enabled = true (custom)
2019-10-02 10:24:05,770 [pool-141-thread-1] INFO  server.RaftServerConfigKeys (ConfUtils.java:logGet(43)) - raft.server.snapshot.auto.trigger.enabled = true (custom)
2019-10-02 10:24:05,770 [pool-131-thread-1] INFO  server.RaftServerConfigKeys (ConfUtils.java:logGet(43)) - raft.server.snapshot.auto.trigger.threshold = 10000 (custom)
2019-10-02 10:24:05,770 [pool-141-thread-1] INFO  server.RaftServerConfigKeys (ConfUtils.java:logGet(43)) - raft.server.snapshot.auto.trigger.threshold = 10000 (custom)
2019-10-02 10:24:05,770 [pool-131-thread-1] INFO  server.RaftServerConfigKeys (ConfUtils.java:logGet(43)) - raft.server.snapshot.retention.file.num = 5 (custom)
2019-10-02 10:24:05,770 [pool-141-thread-1] INFO  server.RaftServerConfigKeys (ConfUtils.java:logGet(43)) - raft.server.snapshot.retention.file.num = 5 (custom)
2019-10-02 10:24:05,770 [pool-131-thread-1] INFO  server.RaftServerConfigKeys (ConfUtils.java:logGet(43)) - raft.server.retrycache.expirytime = 600000ms (custom)
2019-10-02 10:24:05,771 [pool-141-thread-1] INFO  server.RaftServerConfigKeys (ConfUtils.java:logGet(43)) - raft.server.retrycache.expirytime = 600000ms (custom)
2019-10-02 10:24:05,771 [pool-121-thread-1] INFO  impl.RaftServerImpl (RaftServerImpl.java:start(181)) - 49559d9f-0396-4323-98b3-57888c55a3b8@group-E2771A7EB0E0: start as a follower, conf=-1: [49559d9f-0396-4323-98b3-57888c55a3b8:192.168.151.92:33617, 5da457aa-41e2-4257-8b46-efd289a9cf0b:192.168.151.92:41608, 746d3458-33f5-413d-bb91-3f2fbe4579db:192.168.151.92:34109], old=null
2019-10-02 10:24:05,771 [pool-121-thread-1] INFO  impl.RaftServerImpl (RaftServerImpl.java:setRole(170)) - 49559d9f-0396-4323-98b3-57888c55a3b8@group-E2771A7EB0E0: changes role from      null to FOLLOWER at term 0 for startAsFollower
2019-10-02 10:24:05,771 [pool-121-thread-1] INFO  impl.RoleInfo (RoleInfo.java:updateAndGet(143)) - 49559d9f-0396-4323-98b3-57888c55a3b8: start FollowerState
2019-10-02 10:24:05,772 [pool-121-thread-1] INFO  util.JmxRegister (JmxRegister.java:tryRegister(44)) - Successfully registered JMX Bean with object name Ratis:service=RaftServer,group=group-E2771A7EB0E0,id=49559d9f-0396-4323-98b3-57888c55a3b8
2019-10-02 10:24:05,773 [pool-141-thread-1] INFO  impl.RaftServerImpl (RaftServerImpl.java:start(181)) - 5da457aa-41e2-4257-8b46-efd289a9cf0b@group-E2771A7EB0E0: start as a follower, conf=-1: [49559d9f-0396-4323-98b3-57888c55a3b8:192.168.151.92:33617, 5da457aa-41e2-4257-8b46-efd289a9cf0b:192.168.151.92:41608, 746d3458-33f5-413d-bb91-3f2fbe4579db:192.168.151.92:34109], old=null
2019-10-02 10:24:05,773 [pool-141-thread-1] INFO  impl.RaftServerImpl (RaftServerImpl.java:setRole(170)) - 5da457aa-41e2-4257-8b46-efd289a9cf0b@group-E2771A7EB0E0: changes role from      null to FOLLOWER at term 0 for startAsFollower
2019-10-02 10:24:05,773 [pool-141-thread-1] INFO  impl.RoleInfo (RoleInfo.java:updateAndGet(143)) - 5da457aa-41e2-4257-8b46-efd289a9cf0b: start FollowerState
2019-10-02 10:24:05,773 [pool-131-thread-1] INFO  impl.RaftServerImpl (RaftServerImpl.java:start(181)) - 746d3458-33f5-413d-bb91-3f2fbe4579db@group-E2771A7EB0E0: start as a follower, conf=-1: [49559d9f-0396-4323-98b3-57888c55a3b8:192.168.151.92:33617, 5da457aa-41e2-4257-8b46-efd289a9cf0b:192.168.151.92:41608, 746d3458-33f5-413d-bb91-3f2fbe4579db:192.168.151.92:34109], old=null
2019-10-02 10:24:05,773 [pool-131-thread-1] INFO  impl.RaftServerImpl (RaftServerImpl.java:setRole(170)) - 746d3458-33f5-413d-bb91-3f2fbe4579db@group-E2771A7EB0E0: changes role from      null to FOLLOWER at term 0 for startAsFollower
2019-10-02 10:24:05,773 [pool-141-thread-1] INFO  util.JmxRegister (JmxRegister.java:tryRegister(44)) - Successfully registered JMX Bean with object name Ratis:service=RaftServer,group=group-E2771A7EB0E0,id=5da457aa-41e2-4257-8b46-efd289a9cf0b
2019-10-02 10:24:05,773 [pool-131-thread-1] INFO  impl.RoleInfo (RoleInfo.java:updateAndGet(143)) - 746d3458-33f5-413d-bb91-3f2fbe4579db: start FollowerState
2019-10-02 10:24:05,774 [pool-131-thread-1] INFO  util.JmxRegister (JmxRegister.java:tryRegister(44)) - Successfully registered JMX Bean with object name Ratis:service=RaftServer,group=group-E2771A7EB0E0,id=746d3458-33f5-413d-bb91-3f2fbe4579db
2019-10-02 10:24:05,787 [RatisPipelineUtilsThread] INFO  pipeline.PipelineStateManager (PipelineStateManager.java:addPipeline(56)) - Created pipeline Pipeline[ Id: 934bb685-eab6-43f9-943b-e2771a7eb0e0, Nodes: 49559d9f-0396-4323-98b3-57888c55a3b8{ip: 192.168.151.92, host: pr-trunk-gg4kw-413187789, networkLocation: /default-rack, certSerialId: null}746d3458-33f5-413d-bb91-3f2fbe4579db{ip: 192.168.151.92, host: pr-trunk-gg4kw-413187789, networkLocation: /default-rack, certSerialId: null}5da457aa-41e2-4257-8b46-efd289a9cf0b{ip: 192.168.151.92, host: pr-trunk-gg4kw-413187789, networkLocation: /default-rack, certSerialId: null}, Type:RATIS, Factor:THREE, State:OPEN]
2019-10-02 10:24:05,804 [IPC Server handler 4 on 41218] INFO  net.NetworkTopology (NetworkTopologyImpl.java:add(111)) - Added a new node: /default-rack/8e221173-2966-45d1-b573-2acb9ca2f9c6
2019-10-02 10:24:05,805 [IPC Server handler 4 on 41218] INFO  node.SCMNodeManager (SCMNodeManager.java:register(266)) - Registered Data node : 8e221173-2966-45d1-b573-2acb9ca2f9c6{ip: 192.168.151.92, host: pr-trunk-gg4kw-413187789, networkLocation: /default-rack, certSerialId: null}
2019-10-02 10:24:05,811 [grpc-default-executor-2] INFO  impl.RaftServerProxy (RaftServerProxy.java:addNew(89)) - 34fae152-b7fa-42df-acc8-98158dd84481: addNew group-6B29F2C82D0B:[34fae152-b7fa-42df-acc8-98158dd84481:192.168.151.92:46737] returns group-6B29F2C82D0B:java.util.concurrent.CompletableFuture@37f8324f[Not completed]
2019-10-02 10:24:05,817 [pool-151-thread-1] INFO  impl.RaftServerImpl (RaftServerImpl.java:<init>(95)) - 34fae152-b7fa-42df-acc8-98158dd84481: new RaftServerImpl for group-6B29F2C82D0B:[34fae152-b7fa-42df-acc8-98158dd84481:192.168.151.92:46737] with ContainerStateMachine:uninitialized
2019-10-02 10:24:05,817 [pool-151-thread-1] INFO  server.RaftServerConfigKeys (ConfUtils.java:logGet(43)) - raft.server.rpc.timeout.min = 5s (custom)
2019-10-02 10:24:05,817 [pool-151-thread-1] INFO  server.RaftServerConfigKeys (ConfUtils.java:logGet(43)) - raft.server.rpc.timeout.max = 5200ms (custom)
2019-10-02 10:24:05,817 [pool-151-thread-1] INFO  server.RaftServerConfigKeys (ConfUtils.java:logGet(43)) - raft.server.rpcslowness.timeout = 120s (custom)
2019-10-02 10:24:05,817 [pool-151-thread-1] INFO  server.RaftServerConfigKeys (ConfUtils.java:logGet(43)) - raft.server.sleep.deviation.threshold = 300 (default)
2019-10-02 10:24:05,817 [pool-151-thread-1] INFO  server.RaftServerConfigKeys (ConfUtils.java:logGet(43)) - raft.server.log.appender.install.snapshot.enabled = false (custom)
2019-10-02 10:24:05,818 [pool-151-thread-1] INFO  impl.RaftServerImpl (ServerState.java:<init>(103)) - 34fae152-b7fa-42df-acc8-98158dd84481@group-6B29F2C82D0B: ConfigurationManager, init=-1: [34fae152-b7fa-42df-acc8-98158dd84481:192.168.151.92:46737], old=null, confs=<EMPTY_MAP>
2019-10-02 10:24:05,818 [pool-151-thread-1] INFO  server.RaftServerConfigKeys (ConfUtils.java:logGet(43)) - raft.server.storage.dir = [/workdir/hadoop-ozone/integration-test/target/test-dir/MiniOzoneClusterImpl-d5ad254c-7ec7-4fe1-b133-299c928d1cee/datanode-3/data/ratis] (custom)
2019-10-02 10:24:05,818 [pool-151-thread-1] INFO  server.RaftServerConfigKeys (ConfUtils.java:logGet(43)) - raft.server.log.corruption.policy = EXCEPTION (default)
2019-10-02 10:24:05,818 [pool-151-thread-1] INFO  storage.RaftStorageDirectory (RaftStorageDirectory.java:analyzeStorage(246)) - The storage directory /workdir/hadoop-ozone/integration-test/target/test-dir/MiniOzoneClusterImpl-d5ad254c-7ec7-4fe1-b133-299c928d1cee/datanode-3/data/ratis/f08c44ae-3a8e-4c2f-b3f2-6b29f2c82d0b does not exist. Creating ...
2019-10-02 10:24:05,832 [pool-151-thread-1] INFO  storage.RaftStorageDirectory (RaftStorageDirectory.java:tryLock(328)) - Lock on /workdir/hadoop-ozone/integration-test/target/test-dir/MiniOzoneClusterImpl-d5ad254c-7ec7-4fe1-b133-299c928d1cee/datanode-3/data/ratis/f08c44ae-3a8e-4c2f-b3f2-6b29f2c82d0b/in_use.lock acquired by nodename 31904@pr-trunk-gg4kw-413187789
2019-10-02 10:24:05,854 [pool-151-thread-1] INFO  storage.RaftStorage (RaftStorage.java:format(84)) - Storage directory /workdir/hadoop-ozone/integration-test/target/test-dir/MiniOzoneClusterImpl-d5ad254c-7ec7-4fe1-b133-299c928d1cee/datanode-3/data/ratis/f08c44ae-3a8e-4c2f-b3f2-6b29f2c82d0b has been successfully formatted.
2019-10-02 10:24:05,854 [pool-151-thread-1] INFO  ratis.ContainerStateMachine (ContainerStateMachine.java:loadSnapshot(231)) - group-6B29F2C82D0B: The snapshot info is null. Setting the last applied indexto:(t:0, i:~)
2019-10-02 10:24:05,854 [pool-151-thread-1] INFO  server.RaftServerConfigKeys (ConfUtils.java:logGet(43)) - raft.server.notification.no-leader.timeout = 120s (custom)
2019-10-02 10:24:05,854 [pool-151-thread-1] INFO  server.RaftServerConfigKeys (ConfUtils.java:logGet(43)) - raft.server.log.use.memory = false (default)
2019-10-02 10:24:05,855 [pool-151-thread-1] INFO  server.RaftServerConfigKeys (ConfUtils.java:logGet(43)) - raft.server.log.purge.gap = 1000000 (custom)
2019-10-02 10:24:05,855 [pool-151-thread-1] INFO  server.RaftServerConfigKeys (ConfUtils.java:logGet(43)) - raft.server.log.appender.buffer.byte-limit = 33554432 (custom)
2019-10-02 10:24:05,855 [pool-151-thread-1] INFO  server.RaftServerConfigKeys (ConfUtils.java:logGet(43)) - raft.server.log.segment.size.max = 1048576 (custom)
2019-10-02 10:24:05,857 [pool-151-thread-1] INFO  server.RaftServerConfigKeys (ConfUtils.java:logGet(43)) - raft.server.log.segment.cache.num.max = 2 (custom)
2019-10-02 10:24:05,857 [pool-151-thread-1] INFO  segmented.SegmentedRaftLogWorker (SegmentedRaftLogWorker.java:<init>(173)) - new 34fae152-b7fa-42df-acc8-98158dd84481@group-6B29F2C82D0B-SegmentedRaftLogWorker for RaftStorage:Storage Directory /workdir/hadoop-ozone/integration-test/target/test-dir/MiniOzoneClusterImpl-d5ad254c-7ec7-4fe1-b133-299c928d1cee/datanode-3/data/ratis/f08c44ae-3a8e-4c2f-b3f2-6b29f2c82d0b
2019-10-02 10:24:05,857 [pool-151-thread-1] INFO  server.RaftServerConfigKeys (ConfUtils.java:logGet(43)) - raft.server.log.queue.byte-limit = 2147483647 (custom)
2019-10-02 10:24:05,857 [pool-151-thread-1] INFO  server.RaftServerConfigKeys (ConfUtils.java:logGet(43)) - raft.server.log.queue.element-limit = 1024 (custom)
2019-10-02 10:24:05,857 [pool-151-thread-1] INFO  server.RaftServerConfigKeys (ConfUtils.java:logGet(43)) - raft.server.log.segment.size.max = 1048576 (custom)
2019-10-02 10:24:05,857 [pool-151-thread-1] INFO  server.RaftServerConfigKeys (ConfUtils.java:logGet(43)) - raft.server.log.preallocated.size = 16384 (custom)
2019-10-02 10:24:05,858 [pool-151-thread-1] INFO  server.RaftServerConfigKeys (ConfUtils.java:logGet(43)) - raft.server.log.write.buffer.size = 33554432 (custom)
2019-10-02 10:24:05,858 [pool-151-thread-1] INFO  server.RaftServerConfigKeys (ConfUtils.java:logGet(43)) - raft.server.log.force.sync.num = 128 (default)
2019-10-02 10:24:05,858 [pool-151-thread-1] INFO  server.RaftServerConfigKeys (ConfUtils.java:logGet(43)) - raft.server.log.statemachine.data.sync = true (default)
2019-10-02 10:24:05,858 [pool-151-thread-1] INFO  server.RaftServerConfigKeys (ConfUtils.java:logGet(43)) - raft.server.log.statemachine.data.sync.timeout = 10s (default)
2019-10-02 10:24:05,858 [pool-151-thread-1] INFO  server.RaftServerConfigKeys (ConfUtils.java:logGet(43)) - raft.server.log.statemachine.data.sync.timeout.retry = -1 (default)
2019-10-02 10:24:05,858 [pool-151-thread-1] INFO  server.RaftServerConfigKeys (ConfUtils.java:logGet(43)) - raft.server.log.statemachine.data.caching.enabled = true (custom)
2019-10-02 10:24:05,859 [pool-151-thread-1] INFO  segmented.SegmentedRaftLogWorker (SegmentedRaftLogWorker.java:lambda$new$0(128)) - 34fae152-b7fa-42df-acc8-98158dd84481@group-6B29F2C82D0B-SegmentedRaftLogWorker: flushIndex: setUnconditionally 0 -> -1
2019-10-02 10:24:05,859 [pool-151-thread-1] INFO  server.RaftServerConfigKeys (ConfUtils.java:logGet(43)) - raft.server.snapshot.auto.trigger.enabled = true (custom)
2019-10-02 10:24:05,859 [pool-151-thread-1] INFO  server.RaftServerConfigKeys (ConfUtils.java:logGet(43)) - raft.server.snapshot.auto.trigger.threshold = 10000 (custom)
2019-10-02 10:24:05,859 [pool-151-thread-1] INFO  server.RaftServerConfigKeys (ConfUtils.java:logGet(43)) - raft.server.snapshot.retention.file.num = 5 (custom)
2019-10-02 10:24:05,859 [pool-151-thread-1] INFO  server.RaftServerConfigKeys (ConfUtils.java:logGet(43)) - raft.server.retrycache.expirytime = 600000ms (custom)
2019-10-02 10:24:05,861 [pool-151-thread-1] INFO  impl.RaftServerImpl (RaftServerImpl.java:start(181)) - 34fae152-b7fa-42df-acc8-98158dd84481@group-6B29F2C82D0B: start as a follower, conf=-1: [34fae152-b7fa-42df-acc8-98158dd84481:192.168.151.92:46737], old=null
2019-10-02 10:24:05,861 [pool-151-thread-1] INFO  impl.RaftServerImpl (RaftServerImpl.java:setRole(170)) - 34fae152-b7fa-42df-acc8-98158dd84481@group-6B29F2C82D0B: changes role from      null to FOLLOWER at term 0 for startAsFollower
2019-10-02 10:24:05,861 [pool-151-thread-1] INFO  impl.RoleInfo (RoleInfo.java:updateAndGet(143)) - 34fae152-b7fa-42df-acc8-98158dd84481: start FollowerState
2019-10-02 10:24:05,862 [pool-151-thread-1] INFO  util.JmxRegister (JmxRegister.java:tryRegister(44)) - Successfully registered JMX Bean with object name Ratis:service=RaftServer,group=group-6B29F2C82D0B,id=34fae152-b7fa-42df-acc8-98158dd84481
2019-10-02 10:24:05,869 [RatisPipelineUtilsThread] INFO  pipeline.PipelineStateManager (PipelineStateManager.java:addPipeline(56)) - Created pipeline Pipeline[ Id: f08c44ae-3a8e-4c2f-b3f2-6b29f2c82d0b, Nodes: 34fae152-b7fa-42df-acc8-98158dd84481{ip: 192.168.151.92, host: pr-trunk-gg4kw-413187789, networkLocation: /default-rack, certSerialId: null}, Type:RATIS, Factor:ONE, State:OPEN]
2019-10-02 10:24:05,871 [IPC Server handler 5 on 41218] INFO  net.NetworkTopology (NetworkTopologyImpl.java:add(111)) - Added a new node: /default-rack/f69031d4-11b9-431b-99d5-e0135a1d3a49
2019-10-02 10:24:05,871 [IPC Server handler 5 on 41218] INFO  node.SCMNodeManager (SCMNodeManager.java:register(266)) - Registered Data node : f69031d4-11b9-431b-99d5-e0135a1d3a49{ip: 192.168.151.92, host: pr-trunk-gg4kw-413187789, networkLocation: /default-rack, certSerialId: null}
2019-10-02 10:24:05,877 [grpc-default-executor-2] INFO  impl.RaftServerProxy (RaftServerProxy.java:addNew(89)) - 8e221173-2966-45d1-b573-2acb9ca2f9c6: addNew group-5877B180A8D2:[8e221173-2966-45d1-b573-2acb9ca2f9c6:192.168.151.92:40595] returns group-5877B180A8D2:java.util.concurrent.CompletableFuture@3499f91[Not completed]
2019-10-02 10:24:05,883 [pool-161-thread-1] INFO  impl.RaftServerImpl (RaftServerImpl.java:<init>(95)) - 8e221173-2966-45d1-b573-2acb9ca2f9c6: new RaftServerImpl for group-5877B180A8D2:[8e221173-2966-45d1-b573-2acb9ca2f9c6:192.168.151.92:40595] with ContainerStateMachine:uninitialized
2019-10-02 10:24:05,883 [pool-161-thread-1] INFO  server.RaftServerConfigKeys (ConfUtils.java:logGet(43)) - raft.server.rpc.timeout.min = 5s (custom)
2019-10-02 10:24:05,883 [pool-161-thread-1] INFO  server.RaftServerConfigKeys (ConfUtils.java:logGet(43)) - raft.server.rpc.timeout.max = 5200ms (custom)
2019-10-02 10:24:05,883 [pool-161-thread-1] INFO  server.RaftServerConfigKeys (ConfUtils.java:logGet(43)) - raft.server.rpcslowness.timeout = 120s (custom)
2019-10-02 10:24:05,884 [pool-161-thread-1] INFO  server.RaftServerConfigKeys (ConfUtils.java:logGet(43)) - raft.server.sleep.deviation.threshold = 300 (default)
2019-10-02 10:24:05,884 [pool-161-thread-1] INFO  server.RaftServerConfigKeys (ConfUtils.java:logGet(43)) - raft.server.log.appender.install.snapshot.enabled = false (custom)
2019-10-02 10:24:05,884 [pool-161-thread-1] INFO  impl.RaftServerImpl (ServerState.java:<init>(103)) - 8e221173-2966-45d1-b573-2acb9ca2f9c6@group-5877B180A8D2: ConfigurationManager, init=-1: [8e221173-2966-45d1-b573-2acb9ca2f9c6:192.168.151.92:40595], old=null, confs=<EMPTY_MAP>
2019-10-02 10:24:05,884 [pool-161-thread-1] INFO  server.RaftServerConfigKeys (ConfUtils.java:logGet(43)) - raft.server.storage.dir = [/workdir/hadoop-ozone/integration-test/target/test-dir/MiniOzoneClusterImpl-d5ad254c-7ec7-4fe1-b133-299c928d1cee/datanode-4/data/ratis] (custom)
2019-10-02 10:24:05,884 [pool-161-thread-1] INFO  server.RaftServerConfigKeys (ConfUtils.java:logGet(43)) - raft.server.log.corruption.policy = EXCEPTION (default)
2019-10-02 10:24:05,884 [pool-161-thread-1] INFO  storage.RaftStorageDirectory (RaftStorageDirectory.java:analyzeStorage(246)) - The storage directory /workdir/hadoop-ozone/integration-test/target/test-dir/MiniOzoneClusterImpl-d5ad254c-7ec7-4fe1-b133-299c928d1cee/datanode-4/data/ratis/5856f22c-cbea-48ad-afba-5877b180a8d2 does not exist. Creating ...
2019-10-02 10:24:05,898 [pool-161-thread-1] INFO  storage.RaftStorageDirectory (RaftStorageDirectory.java:tryLock(328)) - Lock on /workdir/hadoop-ozone/integration-test/target/test-dir/MiniOzoneClusterImpl-d5ad254c-7ec7-4fe1-b133-299c928d1cee/datanode-4/data/ratis/5856f22c-cbea-48ad-afba-5877b180a8d2/in_use.lock acquired by nodename 31904@pr-trunk-gg4kw-413187789
2019-10-02 10:24:05,912 [pool-161-thread-1] INFO  storage.RaftStorage (RaftStorage.java:format(84)) - Storage directory /workdir/hadoop-ozone/integration-test/target/test-dir/MiniOzoneClusterImpl-d5ad254c-7ec7-4fe1-b133-299c928d1cee/datanode-4/data/ratis/5856f22c-cbea-48ad-afba-5877b180a8d2 has been successfully formatted.
2019-10-02 10:24:05,913 [pool-161-thread-1] INFO  ratis.ContainerStateMachine (ContainerStateMachine.java:loadSnapshot(231)) - group-5877B180A8D2: The snapshot info is null. Setting the last applied indexto:(t:0, i:~)
2019-10-02 10:24:05,913 [pool-161-thread-1] INFO  server.RaftServerConfigKeys (ConfUtils.java:logGet(43)) - raft.server.notification.no-leader.timeout = 120s (custom)
2019-10-02 10:24:05,913 [pool-161-thread-1] INFO  server.RaftServerConfigKeys (ConfUtils.java:logGet(43)) - raft.server.log.use.memory = false (default)
2019-10-02 10:24:05,913 [pool-161-thread-1] INFO  server.RaftServerConfigKeys (ConfUtils.java:logGet(43)) - raft.server.log.purge.gap = 1000000 (custom)
2019-10-02 10:24:05,913 [pool-161-thread-1] INFO  server.RaftServerConfigKeys (ConfUtils.java:logGet(43)) - raft.server.log.appender.buffer.byte-limit = 33554432 (custom)
2019-10-02 10:24:05,914 [pool-161-thread-1] INFO  server.RaftServerConfigKeys (ConfUtils.java:logGet(43)) - raft.server.log.segment.size.max = 1048576 (custom)
2019-10-02 10:24:05,916 [pool-161-thread-1] INFO  server.RaftServerConfigKeys (ConfUtils.java:logGet(43)) - raft.server.log.segment.cache.num.max = 2 (custom)
2019-10-02 10:24:05,917 [pool-161-thread-1] INFO  segmented.SegmentedRaftLogWorker (SegmentedRaftLogWorker.java:<init>(173)) - new 8e221173-2966-45d1-b573-2acb9ca2f9c6@group-5877B180A8D2-SegmentedRaftLogWorker for RaftStorage:Storage Directory /workdir/hadoop-ozone/integration-test/target/test-dir/MiniOzoneClusterImpl-d5ad254c-7ec7-4fe1-b133-299c928d1cee/datanode-4/data/ratis/5856f22c-cbea-48ad-afba-5877b180a8d2
2019-10-02 10:24:05,917 [pool-161-thread-1] INFO  server.RaftServerConfigKeys (ConfUtils.java:logGet(43)) - raft.server.log.queue.byte-limit = 2147483647 (custom)
2019-10-02 10:24:05,917 [pool-161-thread-1] INFO  server.RaftServerConfigKeys (ConfUtils.java:logGet(43)) - raft.server.log.queue.element-limit = 1024 (custom)
2019-10-02 10:24:05,917 [pool-161-thread-1] INFO  server.RaftServerConfigKeys (ConfUtils.java:logGet(43)) - raft.server.log.segment.size.max = 1048576 (custom)
2019-10-02 10:24:05,917 [pool-161-thread-1] INFO  server.RaftServerConfigKeys (ConfUtils.java:logGet(43)) - raft.server.log.preallocated.size = 16384 (custom)
2019-10-02 10:24:05,917 [pool-161-thread-1] INFO  server.RaftServerConfigKeys (ConfUtils.java:logGet(43)) - raft.server.log.write.buffer.size = 33554432 (custom)
2019-10-02 10:24:05,917 [pool-161-thread-1] INFO  server.RaftServerConfigKeys (ConfUtils.java:logGet(43)) - raft.server.log.force.sync.num = 128 (default)
2019-10-02 10:24:05,917 [pool-161-thread-1] INFO  server.RaftServerConfigKeys (ConfUtils.java:logGet(43)) - raft.server.log.statemachine.data.sync = true (default)
2019-10-02 10:24:05,918 [pool-161-thread-1] INFO  server.RaftServerConfigKeys (ConfUtils.java:logGet(43)) - raft.server.log.statemachine.data.sync.timeout = 10s (default)
2019-10-02 10:24:05,918 [pool-161-thread-1] INFO  server.RaftServerConfigKeys (ConfUtils.java:logGet(43)) - raft.server.log.statemachine.data.sync.timeout.retry = -1 (default)
2019-10-02 10:24:05,918 [pool-161-thread-1] INFO  server.RaftServerConfigKeys (ConfUtils.java:logGet(43)) - raft.server.log.statemachine.data.caching.enabled = true (custom)
2019-10-02 10:24:05,919 [pool-161-thread-1] INFO  segmented.SegmentedRaftLogWorker (SegmentedRaftLogWorker.java:lambda$new$0(128)) - 8e221173-2966-45d1-b573-2acb9ca2f9c6@group-5877B180A8D2-SegmentedRaftLogWorker: flushIndex: setUnconditionally 0 -> -1
2019-10-02 10:24:05,919 [pool-161-thread-1] INFO  server.RaftServerConfigKeys (ConfUtils.java:logGet(43)) - raft.server.snapshot.auto.trigger.enabled = true (custom)
2019-10-02 10:24:05,919 [pool-161-thread-1] INFO  server.RaftServerConfigKeys (ConfUtils.java:logGet(43)) - raft.server.snapshot.auto.trigger.threshold = 10000 (custom)
2019-10-02 10:24:05,919 [pool-161-thread-1] INFO  server.RaftServerConfigKeys (ConfUtils.java:logGet(43)) - raft.server.snapshot.retention.file.num = 5 (custom)
2019-10-02 10:24:05,919 [pool-161-thread-1] INFO  server.RaftServerConfigKeys (ConfUtils.java:logGet(43)) - raft.server.retrycache.expirytime = 600000ms (custom)
2019-10-02 10:24:05,922 [pool-161-thread-1] INFO  impl.RaftServerImpl (RaftServerImpl.java:start(181)) - 8e221173-2966-45d1-b573-2acb9ca2f9c6@group-5877B180A8D2: start as a follower, conf=-1: [8e221173-2966-45d1-b573-2acb9ca2f9c6:192.168.151.92:40595], old=null
2019-10-02 10:24:05,922 [pool-161-thread-1] INFO  impl.RaftServerImpl (RaftServerImpl.java:setRole(170)) - 8e221173-2966-45d1-b573-2acb9ca2f9c6@group-5877B180A8D2: changes role from      null to FOLLOWER at term 0 for startAsFollower
2019-10-02 10:24:05,922 [pool-161-thread-1] INFO  impl.RoleInfo (RoleInfo.java:updateAndGet(143)) - 8e221173-2966-45d1-b573-2acb9ca2f9c6: start FollowerState
2019-10-02 10:24:05,923 [pool-161-thread-1] INFO  util.JmxRegister (JmxRegister.java:tryRegister(44)) - Successfully registered JMX Bean with object name Ratis:service=RaftServer,group=group-5877B180A8D2,id=8e221173-2966-45d1-b573-2acb9ca2f9c6
2019-10-02 10:24:05,930 [RatisPipelineUtilsThread] INFO  pipeline.PipelineStateManager (PipelineStateManager.java:addPipeline(56)) - Created pipeline Pipeline[ Id: 5856f22c-cbea-48ad-afba-5877b180a8d2, Nodes: 8e221173-2966-45d1-b573-2acb9ca2f9c6{ip: 192.168.151.92, host: pr-trunk-gg4kw-413187789, networkLocation: /default-rack, certSerialId: null}, Type:RATIS, Factor:ONE, State:OPEN]
2019-10-02 10:24:05,945 [main] INFO  ozone.MiniOzoneClusterImpl (MiniOzoneClusterImpl.java:lambda$waitForClusterToBeReady$0(147)) - Waiting for cluster to be ready. Got 6 of 7 DN Heartbeats.
2019-10-02 10:24:05,946 [IPC Server handler 7 on 41218] INFO  net.NetworkTopology (NetworkTopologyImpl.java:add(111)) - Added a new node: /default-rack/65e8cff9-3562-41f1-ba40-93b617184610
2019-10-02 10:24:05,947 [IPC Server handler 7 on 41218] INFO  node.SCMNodeManager (SCMNodeManager.java:register(266)) - Registered Data node : 65e8cff9-3562-41f1-ba40-93b617184610{ip: 192.168.151.92, host: pr-trunk-gg4kw-413187789, networkLocation: /default-rack, certSerialId: null}
2019-10-02 10:24:05,953 [grpc-default-executor-2] INFO  impl.RaftServerProxy (RaftServerProxy.java:addNew(89)) - f69031d4-11b9-431b-99d5-e0135a1d3a49: addNew group-9EDD1238EBA6:[f69031d4-11b9-431b-99d5-e0135a1d3a49:192.168.151.92:43727] returns group-9EDD1238EBA6:java.util.concurrent.CompletableFuture@2e57b267[Not completed]
2019-10-02 10:24:05,961 [pool-171-thread-1] INFO  impl.RaftServerImpl (RaftServerImpl.java:<init>(95)) - f69031d4-11b9-431b-99d5-e0135a1d3a49: new RaftServerImpl for group-9EDD1238EBA6:[f69031d4-11b9-431b-99d5-e0135a1d3a49:192.168.151.92:43727] with ContainerStateMachine:uninitialized
2019-10-02 10:24:05,961 [pool-171-thread-1] INFO  server.RaftServerConfigKeys (ConfUtils.java:logGet(43)) - raft.server.rpc.timeout.min = 5s (custom)
2019-10-02 10:24:05,962 [pool-171-thread-1] INFO  server.RaftServerConfigKeys (ConfUtils.java:logGet(43)) - raft.server.rpc.timeout.max = 5200ms (custom)
2019-10-02 10:24:05,962 [pool-171-thread-1] INFO  server.RaftServerConfigKeys (ConfUtils.java:logGet(43)) - raft.server.rpcslowness.timeout = 120s (custom)
2019-10-02 10:24:05,962 [pool-171-thread-1] INFO  server.RaftServerConfigKeys (ConfUtils.java:logGet(43)) - raft.server.sleep.deviation.threshold = 300 (default)
2019-10-02 10:24:05,962 [pool-171-thread-1] INFO  server.RaftServerConfigKeys (ConfUtils.java:logGet(43)) - raft.server.log.appender.install.snapshot.enabled = false (custom)
2019-10-02 10:24:05,962 [pool-171-thread-1] INFO  impl.RaftServerImpl (ServerState.java:<init>(103)) - f69031d4-11b9-431b-99d5-e0135a1d3a49@group-9EDD1238EBA6: ConfigurationManager, init=-1: [f69031d4-11b9-431b-99d5-e0135a1d3a49:192.168.151.92:43727], old=null, confs=<EMPTY_MAP>
2019-10-02 10:24:05,962 [pool-171-thread-1] INFO  server.RaftServerConfigKeys (ConfUtils.java:logGet(43)) - raft.server.storage.dir = [/workdir/hadoop-ozone/integration-test/target/test-dir/MiniOzoneClusterImpl-d5ad254c-7ec7-4fe1-b133-299c928d1cee/datanode-5/data/ratis] (custom)
2019-10-02 10:24:05,962 [pool-171-thread-1] INFO  server.RaftServerConfigKeys (ConfUtils.java:logGet(43)) - raft.server.log.corruption.policy = EXCEPTION (default)
2019-10-02 10:24:05,963 [pool-171-thread-1] INFO  storage.RaftStorageDirectory (RaftStorageDirectory.java:analyzeStorage(246)) - The storage directory /workdir/hadoop-ozone/integration-test/target/test-dir/MiniOzoneClusterImpl-d5ad254c-7ec7-4fe1-b133-299c928d1cee/datanode-5/data/ratis/83567978-d271-4064-9705-9edd1238eba6 does not exist. Creating ...
2019-10-02 10:24:05,976 [pool-171-thread-1] INFO  storage.RaftStorageDirectory (RaftStorageDirectory.java:tryLock(328)) - Lock on /workdir/hadoop-ozone/integration-test/target/test-dir/MiniOzoneClusterImpl-d5ad254c-7ec7-4fe1-b133-299c928d1cee/datanode-5/data/ratis/83567978-d271-4064-9705-9edd1238eba6/in_use.lock acquired by nodename 31904@pr-trunk-gg4kw-413187789
2019-10-02 10:24:05,989 [pool-171-thread-1] INFO  storage.RaftStorage (RaftStorage.java:format(84)) - Storage directory /workdir/hadoop-ozone/integration-test/target/test-dir/MiniOzoneClusterImpl-d5ad254c-7ec7-4fe1-b133-299c928d1cee/datanode-5/data/ratis/83567978-d271-4064-9705-9edd1238eba6 has been successfully formatted.
2019-10-02 10:24:05,990 [pool-171-thread-1] INFO  ratis.ContainerStateMachine (ContainerStateMachine.java:loadSnapshot(231)) - group-9EDD1238EBA6: The snapshot info is null. Setting the last applied indexto:(t:0, i:~)
2019-10-02 10:24:05,990 [pool-171-thread-1] INFO  server.RaftServerConfigKeys (ConfUtils.java:logGet(43)) - raft.server.notification.no-leader.timeout = 120s (custom)
2019-10-02 10:24:05,990 [pool-171-thread-1] INFO  server.RaftServerConfigKeys (ConfUtils.java:logGet(43)) - raft.server.log.use.memory = false (default)
2019-10-02 10:24:05,990 [pool-171-thread-1] INFO  server.RaftServerConfigKeys (ConfUtils.java:logGet(43)) - raft.server.log.purge.gap = 1000000 (custom)
2019-10-02 10:24:05,990 [pool-171-thread-1] INFO  server.RaftServerConfigKeys (ConfUtils.java:logGet(43)) - raft.server.log.appender.buffer.byte-limit = 33554432 (custom)
2019-10-02 10:24:05,991 [pool-171-thread-1] INFO  server.RaftServerConfigKeys (ConfUtils.java:logGet(43)) - raft.server.log.segment.size.max = 1048576 (custom)
2019-10-02 10:24:05,993 [pool-171-thread-1] INFO  server.RaftServerConfigKeys (ConfUtils.java:logGet(43)) - raft.server.log.segment.cache.num.max = 2 (custom)
2019-10-02 10:24:05,993 [pool-171-thread-1] INFO  segmented.SegmentedRaftLogWorker (SegmentedRaftLogWorker.java:<init>(173)) - new f69031d4-11b9-431b-99d5-e0135a1d3a49@group-9EDD1238EBA6-SegmentedRaftLogWorker for RaftStorage:Storage Directory /workdir/hadoop-ozone/integration-test/target/test-dir/MiniOzoneClusterImpl-d5ad254c-7ec7-4fe1-b133-299c928d1cee/datanode-5/data/ratis/83567978-d271-4064-9705-9edd1238eba6
2019-10-02 10:24:05,993 [pool-171-thread-1] INFO  server.RaftServerConfigKeys (ConfUtils.java:logGet(43)) - raft.server.log.queue.byte-limit = 2147483647 (custom)
2019-10-02 10:24:05,994 [pool-171-thread-1] INFO  server.RaftServerConfigKeys (ConfUtils.java:logGet(43)) - raft.server.log.queue.element-limit = 1024 (custom)
2019-10-02 10:24:05,994 [pool-171-thread-1] INFO  server.RaftServerConfigKeys (ConfUtils.java:logGet(43)) - raft.server.log.segment.size.max = 1048576 (custom)
2019-10-02 10:24:05,994 [pool-171-thread-1] INFO  server.RaftServerConfigKeys (ConfUtils.java:logGet(43)) - raft.server.log.preallocated.size = 16384 (custom)
2019-10-02 10:24:05,994 [pool-171-thread-1] INFO  server.RaftServerConfigKeys (ConfUtils.java:logGet(43)) - raft.server.log.write.buffer.size = 33554432 (custom)
2019-10-02 10:24:05,994 [pool-171-thread-1] INFO  server.RaftServerConfigKeys (ConfUtils.java:logGet(43)) - raft.server.log.force.sync.num = 128 (default)
2019-10-02 10:24:05,994 [pool-171-thread-1] INFO  server.RaftServerConfigKeys (ConfUtils.java:logGet(43)) - raft.server.log.statemachine.data.sync = true (default)
2019-10-02 10:24:05,994 [pool-171-thread-1] INFO  server.RaftServerConfigKeys (ConfUtils.java:logGet(43)) - raft.server.log.statemachine.data.sync.timeout = 10s (default)
2019-10-02 10:24:05,995 [pool-171-thread-1] INFO  server.RaftServerConfigKeys (ConfUtils.java:logGet(43)) - raft.server.log.statemachine.data.sync.timeout.retry = -1 (default)
2019-10-02 10:24:05,995 [pool-171-thread-1] INFO  server.RaftServerConfigKeys (ConfUtils.java:logGet(43)) - raft.server.log.statemachine.data.caching.enabled = true (custom)
2019-10-02 10:24:05,995 [pool-171-thread-1] INFO  segmented.SegmentedRaftLogWorker (SegmentedRaftLogWorker.java:lambda$new$0(128)) - f69031d4-11b9-431b-99d5-e0135a1d3a49@group-9EDD1238EBA6-SegmentedRaftLogWorker: flushIndex: setUnconditionally 0 -> -1
2019-10-02 10:24:05,996 [pool-171-thread-1] INFO  server.RaftServerConfigKeys (ConfUtils.java:logGet(43)) - raft.server.snapshot.auto.trigger.enabled = true (custom)
2019-10-02 10:24:05,996 [pool-171-thread-1] INFO  server.RaftServerConfigKeys (ConfUtils.java:logGet(43)) - raft.server.snapshot.auto.trigger.threshold = 10000 (custom)
2019-10-02 10:24:05,996 [pool-171-thread-1] INFO  server.RaftServerConfigKeys (ConfUtils.java:logGet(43)) - raft.server.snapshot.retention.file.num = 5 (custom)
2019-10-02 10:24:05,996 [pool-171-thread-1] INFO  server.RaftServerConfigKeys (ConfUtils.java:logGet(43)) - raft.server.retrycache.expirytime = 600000ms (custom)
2019-10-02 10:24:05,999 [pool-171-thread-1] INFO  impl.RaftServerImpl (RaftServerImpl.java:start(181)) - f69031d4-11b9-431b-99d5-e0135a1d3a49@group-9EDD1238EBA6: start as a follower, conf=-1: [f69031d4-11b9-431b-99d5-e0135a1d3a49:192.168.151.92:43727], old=null
2019-10-02 10:24:05,999 [pool-171-thread-1] INFO  impl.RaftServerImpl (RaftServerImpl.java:setRole(170)) - f69031d4-11b9-431b-99d5-e0135a1d3a49@group-9EDD1238EBA6: changes role from      null to FOLLOWER at term 0 for startAsFollower
2019-10-02 10:24:05,999 [pool-171-thread-1] INFO  impl.RoleInfo (RoleInfo.java:updateAndGet(143)) - f69031d4-11b9-431b-99d5-e0135a1d3a49: start FollowerState
2019-10-02 10:24:05,999 [pool-171-thread-1] INFO  util.JmxRegister (JmxRegister.java:tryRegister(44)) - Successfully registered JMX Bean with object name Ratis:service=RaftServer,group=group-9EDD1238EBA6,id=f69031d4-11b9-431b-99d5-e0135a1d3a49
2019-10-02 10:24:06,007 [RatisPipelineUtilsThread] INFO  pipeline.PipelineStateManager (PipelineStateManager.java:addPipeline(56)) - Created pipeline Pipeline[ Id: 83567978-d271-4064-9705-9edd1238eba6, Nodes: f69031d4-11b9-431b-99d5-e0135a1d3a49{ip: 192.168.151.92, host: pr-trunk-gg4kw-413187789, networkLocation: /default-rack, certSerialId: null}, Type:RATIS, Factor:ONE, State:OPEN]
2019-10-02 10:24:06,014 [grpc-default-executor-2] INFO  impl.RaftServerProxy (RaftServerProxy.java:addNew(89)) - 65e8cff9-3562-41f1-ba40-93b617184610: addNew group-55016A39F25F:[65e8cff9-3562-41f1-ba40-93b617184610:192.168.151.92:34472] returns group-55016A39F25F:java.util.concurrent.CompletableFuture@6d1c08f[Not completed]
2019-10-02 10:24:06,020 [pool-181-thread-1] INFO  impl.RaftServerImpl (RaftServerImpl.java:<init>(95)) - 65e8cff9-3562-41f1-ba40-93b617184610: new RaftServerImpl for group-55016A39F25F:[65e8cff9-3562-41f1-ba40-93b617184610:192.168.151.92:34472] with ContainerStateMachine:uninitialized
2019-10-02 10:24:06,020 [pool-181-thread-1] INFO  server.RaftServerConfigKeys (ConfUtils.java:logGet(43)) - raft.server.rpc.timeout.min = 5s (custom)
2019-10-02 10:24:06,020 [pool-181-thread-1] INFO  server.RaftServerConfigKeys (ConfUtils.java:logGet(43)) - raft.server.rpc.timeout.max = 5200ms (custom)
2019-10-02 10:24:06,020 [pool-181-thread-1] INFO  server.RaftServerConfigKeys (ConfUtils.java:logGet(43)) - raft.server.rpcslowness.timeout = 120s (custom)
2019-10-02 10:24:06,020 [pool-181-thread-1] INFO  server.RaftServerConfigKeys (ConfUtils.java:logGet(43)) - raft.server.sleep.deviation.threshold = 300 (default)
2019-10-02 10:24:06,020 [pool-181-thread-1] INFO  server.RaftServerConfigKeys (ConfUtils.java:logGet(43)) - raft.server.log.appender.install.snapshot.enabled = false (custom)
2019-10-02 10:24:06,021 [pool-181-thread-1] INFO  impl.RaftServerImpl (ServerState.java:<init>(103)) - 65e8cff9-3562-41f1-ba40-93b617184610@group-55016A39F25F: ConfigurationManager, init=-1: [65e8cff9-3562-41f1-ba40-93b617184610:192.168.151.92:34472], old=null, confs=<EMPTY_MAP>
2019-10-02 10:24:06,021 [pool-181-thread-1] INFO  server.RaftServerConfigKeys (ConfUtils.java:logGet(43)) - raft.server.storage.dir = [/workdir/hadoop-ozone/integration-test/target/test-dir/MiniOzoneClusterImpl-d5ad254c-7ec7-4fe1-b133-299c928d1cee/datanode-6/data/ratis] (custom)
2019-10-02 10:24:06,021 [pool-181-thread-1] INFO  server.RaftServerConfigKeys (ConfUtils.java:logGet(43)) - raft.server.log.corruption.policy = EXCEPTION (default)
2019-10-02 10:24:06,021 [pool-181-thread-1] INFO  storage.RaftStorageDirectory (RaftStorageDirectory.java:analyzeStorage(246)) - The storage directory /workdir/hadoop-ozone/integration-test/target/test-dir/MiniOzoneClusterImpl-d5ad254c-7ec7-4fe1-b133-299c928d1cee/datanode-6/data/ratis/5a67dab2-4fce-47ab-ba8b-55016a39f25f does not exist. Creating ...
2019-10-02 10:24:06,035 [pool-181-thread-1] INFO  storage.RaftStorageDirectory (RaftStorageDirectory.java:tryLock(328)) - Lock on /workdir/hadoop-ozone/integration-test/target/test-dir/MiniOzoneClusterImpl-d5ad254c-7ec7-4fe1-b133-299c928d1cee/datanode-6/data/ratis/5a67dab2-4fce-47ab-ba8b-55016a39f25f/in_use.lock acquired by nodename 31904@pr-trunk-gg4kw-413187789
2019-10-02 10:24:06,048 [pool-181-thread-1] INFO  storage.RaftStorage (RaftStorage.java:format(84)) - Storage directory /workdir/hadoop-ozone/integration-test/target/test-dir/MiniOzoneClusterImpl-d5ad254c-7ec7-4fe1-b133-299c928d1cee/datanode-6/data/ratis/5a67dab2-4fce-47ab-ba8b-55016a39f25f has been successfully formatted.
2019-10-02 10:24:06,049 [pool-181-thread-1] INFO  ratis.ContainerStateMachine (ContainerStateMachine.java:loadSnapshot(231)) - group-55016A39F25F: The snapshot info is null. Setting the last applied indexto:(t:0, i:~)
2019-10-02 10:24:06,049 [pool-181-thread-1] INFO  server.RaftServerConfigKeys (ConfUtils.java:logGet(43)) - raft.server.notification.no-leader.timeout = 120s (custom)
2019-10-02 10:24:06,049 [pool-181-thread-1] INFO  server.RaftServerConfigKeys (ConfUtils.java:logGet(43)) - raft.server.log.use.memory = false (default)
2019-10-02 10:24:06,049 [pool-181-thread-1] INFO  server.RaftServerConfigKeys (ConfUtils.java:logGet(43)) - raft.server.log.purge.gap = 1000000 (custom)
2019-10-02 10:24:06,049 [pool-181-thread-1] INFO  server.RaftServerConfigKeys (ConfUtils.java:logGet(43)) - raft.server.log.appender.buffer.byte-limit = 33554432 (custom)
2019-10-02 10:24:06,049 [pool-181-thread-1] INFO  server.RaftServerConfigKeys (ConfUtils.java:logGet(43)) - raft.server.log.segment.size.max = 1048576 (custom)
2019-10-02 10:24:06,051 [pool-181-thread-1] INFO  server.RaftServerConfigKeys (ConfUtils.java:logGet(43)) - raft.server.log.segment.cache.num.max = 2 (custom)
2019-10-02 10:24:06,051 [pool-181-thread-1] INFO  segmented.SegmentedRaftLogWorker (SegmentedRaftLogWorker.java:<init>(173)) - new 65e8cff9-3562-41f1-ba40-93b617184610@group-55016A39F25F-SegmentedRaftLogWorker for RaftStorage:Storage Directory /workdir/hadoop-ozone/integration-test/target/test-dir/MiniOzoneClusterImpl-d5ad254c-7ec7-4fe1-b133-299c928d1cee/datanode-6/data/ratis/5a67dab2-4fce-47ab-ba8b-55016a39f25f
2019-10-02 10:24:06,051 [pool-181-thread-1] INFO  server.RaftServerConfigKeys (ConfUtils.java:logGet(43)) - raft.server.log.queue.byte-limit = 2147483647 (custom)
2019-10-02 10:24:06,051 [pool-181-thread-1] INFO  server.RaftServerConfigKeys (ConfUtils.java:logGet(43)) - raft.server.log.queue.element-limit = 1024 (custom)
2019-10-02 10:24:06,051 [pool-181-thread-1] INFO  server.RaftServerConfigKeys (ConfUtils.java:logGet(43)) - raft.server.log.segment.size.max = 1048576 (custom)
2019-10-02 10:24:06,051 [pool-181-thread-1] INFO  server.RaftServerConfigKeys (ConfUtils.java:logGet(43)) - raft.server.log.preallocated.size = 16384 (custom)
2019-10-02 10:24:06,051 [pool-181-thread-1] INFO  server.RaftServerConfigKeys (ConfUtils.java:logGet(43)) - raft.server.log.write.buffer.size = 33554432 (custom)
2019-10-02 10:24:06,052 [pool-181-thread-1] INFO  server.RaftServerConfigKeys (ConfUtils.java:logGet(43)) - raft.server.log.force.sync.num = 128 (default)
2019-10-02 10:24:06,052 [pool-181-thread-1] INFO  server.RaftServerConfigKeys (ConfUtils.java:logGet(43)) - raft.server.log.statemachine.data.sync = true (default)
2019-10-02 10:24:06,052 [pool-181-thread-1] INFO  server.RaftServerConfigKeys (ConfUtils.java:logGet(43)) - raft.server.log.statemachine.data.sync.timeout = 10s (default)
2019-10-02 10:24:06,052 [pool-181-thread-1] INFO  server.RaftServerConfigKeys (ConfUtils.java:logGet(43)) - raft.server.log.statemachine.data.sync.timeout.retry = -1 (default)
2019-10-02 10:24:06,052 [pool-181-thread-1] INFO  server.RaftServerConfigKeys (ConfUtils.java:logGet(43)) - raft.server.log.statemachine.data.caching.enabled = true (custom)
2019-10-02 10:24:06,052 [pool-181-thread-1] INFO  segmented.SegmentedRaftLogWorker (SegmentedRaftLogWorker.java:lambda$new$0(128)) - 65e8cff9-3562-41f1-ba40-93b617184610@group-55016A39F25F-SegmentedRaftLogWorker: flushIndex: setUnconditionally 0 -> -1
2019-10-02 10:24:06,053 [pool-181-thread-1] INFO  server.RaftServerConfigKeys (ConfUtils.java:logGet(43)) - raft.server.snapshot.auto.trigger.enabled = true (custom)
2019-10-02 10:24:06,053 [pool-181-thread-1] INFO  server.RaftServerConfigKeys (ConfUtils.java:logGet(43)) - raft.server.snapshot.auto.trigger.threshold = 10000 (custom)
2019-10-02 10:24:06,053 [pool-181-thread-1] INFO  server.RaftServerConfigKeys (ConfUtils.java:logGet(43)) - raft.server.snapshot.retention.file.num = 5 (custom)
2019-10-02 10:24:06,053 [pool-181-thread-1] INFO  server.RaftServerConfigKeys (ConfUtils.java:logGet(43)) - raft.server.retrycache.expirytime = 600000ms (custom)
2019-10-02 10:24:06,054 [pool-181-thread-1] INFO  impl.RaftServerImpl (RaftServerImpl.java:start(181)) - 65e8cff9-3562-41f1-ba40-93b617184610@group-55016A39F25F: start as a follower, conf=-1: [65e8cff9-3562-41f1-ba40-93b617184610:192.168.151.92:34472], old=null
2019-10-02 10:24:06,055 [pool-181-thread-1] INFO  impl.RaftServerImpl (RaftServerImpl.java:setRole(170)) - 65e8cff9-3562-41f1-ba40-93b617184610@group-55016A39F25F: changes role from      null to FOLLOWER at term 0 for startAsFollower
2019-10-02 10:24:06,055 [pool-181-thread-1] INFO  impl.RoleInfo (RoleInfo.java:updateAndGet(143)) - 65e8cff9-3562-41f1-ba40-93b617184610: start FollowerState
2019-10-02 10:24:06,055 [pool-181-thread-1] INFO  util.JmxRegister (JmxRegister.java:tryRegister(44)) - Successfully registered JMX Bean with object name Ratis:service=RaftServer,group=group-55016A39F25F,id=65e8cff9-3562-41f1-ba40-93b617184610
2019-10-02 10:24:06,062 [RatisPipelineUtilsThread] INFO  pipeline.PipelineStateManager (PipelineStateManager.java:addPipeline(56)) - Created pipeline Pipeline[ Id: 5a67dab2-4fce-47ab-ba8b-55016a39f25f, Nodes: 65e8cff9-3562-41f1-ba40-93b617184610{ip: 192.168.151.92, host: pr-trunk-gg4kw-413187789, networkLocation: /default-rack, certSerialId: null}, Type:RATIS, Factor:ONE, State:OPEN]
2019-10-02 10:24:06,080 [grpc-default-executor-2] INFO  impl.RaftServerProxy (RaftServerProxy.java:addNew(89)) - f69031d4-11b9-431b-99d5-e0135a1d3a49: addNew group-3BDA493117BA:[f69031d4-11b9-431b-99d5-e0135a1d3a49:192.168.151.92:43727, 8e221173-2966-45d1-b573-2acb9ca2f9c6:192.168.151.92:40595, 34fae152-b7fa-42df-acc8-98158dd84481:192.168.151.92:46737] returns group-3BDA493117BA:java.util.concurrent.CompletableFuture@1c8b556e[Not completed]
2019-10-02 10:24:06,080 [grpc-default-executor-12] INFO  impl.RaftServerProxy (RaftServerProxy.java:addNew(89)) - 34fae152-b7fa-42df-acc8-98158dd84481: addNew group-3BDA493117BA:[f69031d4-11b9-431b-99d5-e0135a1d3a49:192.168.151.92:43727, 8e221173-2966-45d1-b573-2acb9ca2f9c6:192.168.151.92:40595, 34fae152-b7fa-42df-acc8-98158dd84481:192.168.151.92:46737] returns group-3BDA493117BA:java.util.concurrent.CompletableFuture@79b89e44[Not completed]
2019-10-02 10:24:06,080 [grpc-default-executor-10] INFO  impl.RaftServerProxy (RaftServerProxy.java:addNew(89)) - 8e221173-2966-45d1-b573-2acb9ca2f9c6: addNew group-3BDA493117BA:[f69031d4-11b9-431b-99d5-e0135a1d3a49:192.168.151.92:43727, 8e221173-2966-45d1-b573-2acb9ca2f9c6:192.168.151.92:40595, 34fae152-b7fa-42df-acc8-98158dd84481:192.168.151.92:46737] returns group-3BDA493117BA:java.util.concurrent.CompletableFuture@33032211[Not completed]
2019-10-02 10:24:06,081 [pool-161-thread-1] INFO  impl.RaftServerImpl (RaftServerImpl.java:<init>(95)) - 8e221173-2966-45d1-b573-2acb9ca2f9c6: new RaftServerImpl for group-3BDA493117BA:[f69031d4-11b9-431b-99d5-e0135a1d3a49:192.168.151.92:43727, 8e221173-2966-45d1-b573-2acb9ca2f9c6:192.168.151.92:40595, 34fae152-b7fa-42df-acc8-98158dd84481:192.168.151.92:46737] with ContainerStateMachine:uninitialized
2019-10-02 10:24:06,081 [pool-161-thread-1] INFO  server.RaftServerConfigKeys (ConfUtils.java:logGet(43)) - raft.server.rpc.timeout.min = 5s (custom)
2019-10-02 10:24:06,081 [pool-161-thread-1] INFO  server.RaftServerConfigKeys (ConfUtils.java:logGet(43)) - raft.server.rpc.timeout.max = 5200ms (custom)
2019-10-02 10:24:06,081 [pool-161-thread-1] INFO  server.RaftServerConfigKeys (ConfUtils.java:logGet(43)) - raft.server.rpcslowness.timeout = 120s (custom)
2019-10-02 10:24:06,081 [pool-161-thread-1] INFO  server.RaftServerConfigKeys (ConfUtils.java:logGet(43)) - raft.server.sleep.deviation.threshold = 300 (default)
2019-10-02 10:24:06,082 [pool-161-thread-1] INFO  server.RaftServerConfigKeys (ConfUtils.java:logGet(43)) - raft.server.log.appender.install.snapshot.enabled = false (custom)
2019-10-02 10:24:06,082 [pool-161-thread-1] INFO  impl.RaftServerImpl (ServerState.java:<init>(103)) - 8e221173-2966-45d1-b573-2acb9ca2f9c6@group-3BDA493117BA: ConfigurationManager, init=-1: [f69031d4-11b9-431b-99d5-e0135a1d3a49:192.168.151.92:43727, 8e221173-2966-45d1-b573-2acb9ca2f9c6:192.168.151.92:40595, 34fae152-b7fa-42df-acc8-98158dd84481:192.168.151.92:46737], old=null, confs=<EMPTY_MAP>
2019-10-02 10:24:06,082 [pool-161-thread-1] INFO  server.RaftServerConfigKeys (ConfUtils.java:logGet(43)) - raft.server.storage.dir = [/workdir/hadoop-ozone/integration-test/target/test-dir/MiniOzoneClusterImpl-d5ad254c-7ec7-4fe1-b133-299c928d1cee/datanode-4/data/ratis] (custom)
2019-10-02 10:24:06,082 [pool-171-thread-1] INFO  impl.RaftServerImpl (RaftServerImpl.java:<init>(95)) - f69031d4-11b9-431b-99d5-e0135a1d3a49: new RaftServerImpl for group-3BDA493117BA:[f69031d4-11b9-431b-99d5-e0135a1d3a49:192.168.151.92:43727, 8e221173-2966-45d1-b573-2acb9ca2f9c6:192.168.151.92:40595, 34fae152-b7fa-42df-acc8-98158dd84481:192.168.151.92:46737] with ContainerStateMachine:uninitialized
2019-10-02 10:24:06,082 [pool-161-thread-1] INFO  server.RaftServerConfigKeys (ConfUtils.java:logGet(43)) - raft.server.log.corruption.policy = EXCEPTION (default)
2019-10-02 10:24:06,082 [pool-171-thread-1] INFO  server.RaftServerConfigKeys (ConfUtils.java:logGet(43)) - raft.server.rpc.timeout.min = 5s (custom)
2019-10-02 10:24:06,082 [pool-151-thread-1] INFO  impl.RaftServerImpl (RaftServerImpl.java:<init>(95)) - 34fae152-b7fa-42df-acc8-98158dd84481: new RaftServerImpl for group-3BDA493117BA:[f69031d4-11b9-431b-99d5-e0135a1d3a49:192.168.151.92:43727, 8e221173-2966-45d1-b573-2acb9ca2f9c6:192.168.151.92:40595, 34fae152-b7fa-42df-acc8-98158dd84481:192.168.151.92:46737] with ContainerStateMachine:uninitialized
2019-10-02 10:24:06,082 [pool-161-thread-1] INFO  storage.RaftStorageDirectory (RaftStorageDirectory.java:analyzeStorage(246)) - The storage directory /workdir/hadoop-ozone/integration-test/target/test-dir/MiniOzoneClusterImpl-d5ad254c-7ec7-4fe1-b133-299c928d1cee/datanode-4/data/ratis/4f5267f2-6f9b-433d-87af-3bda493117ba does not exist. Creating ...
2019-10-02 10:24:06,082 [pool-151-thread-1] INFO  server.RaftServerConfigKeys (ConfUtils.java:logGet(43)) - raft.server.rpc.timeout.min = 5s (custom)
2019-10-02 10:24:06,082 [pool-171-thread-1] INFO  server.RaftServerConfigKeys (ConfUtils.java:logGet(43)) - raft.server.rpc.timeout.max = 5200ms (custom)
2019-10-02 10:24:06,083 [pool-151-thread-1] INFO  server.RaftServerConfigKeys (ConfUtils.java:logGet(43)) - raft.server.rpc.timeout.max = 5200ms (custom)
2019-10-02 10:24:06,083 [pool-171-thread-1] INFO  server.RaftServerConfigKeys (ConfUtils.java:logGet(43)) - raft.server.rpcslowness.timeout = 120s (custom)
2019-10-02 10:24:06,083 [pool-151-thread-1] INFO  server.RaftServerConfigKeys (ConfUtils.java:logGet(43)) - raft.server.rpcslowness.timeout = 120s (custom)
2019-10-02 10:24:06,083 [pool-171-thread-1] INFO  server.RaftServerConfigKeys (ConfUtils.java:logGet(43)) - raft.server.sleep.deviation.threshold = 300 (default)
2019-10-02 10:24:06,083 [pool-151-thread-1] INFO  server.RaftServerConfigKeys (ConfUtils.java:logGet(43)) - raft.server.sleep.deviation.threshold = 300 (default)
2019-10-02 10:24:06,083 [pool-171-thread-1] INFO  server.RaftServerConfigKeys (ConfUtils.java:logGet(43)) - raft.server.log.appender.install.snapshot.enabled = false (custom)
2019-10-02 10:24:06,083 [pool-151-thread-1] INFO  server.RaftServerConfigKeys (ConfUtils.java:logGet(43)) - raft.server.log.appender.install.snapshot.enabled = false (custom)
2019-10-02 10:24:06,083 [pool-171-thread-1] INFO  impl.RaftServerImpl (ServerState.java:<init>(103)) - f69031d4-11b9-431b-99d5-e0135a1d3a49@group-3BDA493117BA: ConfigurationManager, init=-1: [f69031d4-11b9-431b-99d5-e0135a1d3a49:192.168.151.92:43727, 8e221173-2966-45d1-b573-2acb9ca2f9c6:192.168.151.92:40595, 34fae152-b7fa-42df-acc8-98158dd84481:192.168.151.92:46737], old=null, confs=<EMPTY_MAP>
2019-10-02 10:24:06,083 [pool-151-thread-1] INFO  impl.RaftServerImpl (ServerState.java:<init>(103)) - 34fae152-b7fa-42df-acc8-98158dd84481@group-3BDA493117BA: ConfigurationManager, init=-1: [f69031d4-11b9-431b-99d5-e0135a1d3a49:192.168.151.92:43727, 8e221173-2966-45d1-b573-2acb9ca2f9c6:192.168.151.92:40595, 34fae152-b7fa-42df-acc8-98158dd84481:192.168.151.92:46737], old=null, confs=<EMPTY_MAP>
2019-10-02 10:24:06,084 [pool-171-thread-1] INFO  server.RaftServerConfigKeys (ConfUtils.java:logGet(43)) - raft.server.storage.dir = [/workdir/hadoop-ozone/integration-test/target/test-dir/MiniOzoneClusterImpl-d5ad254c-7ec7-4fe1-b133-299c928d1cee/datanode-5/data/ratis] (custom)
2019-10-02 10:24:06,084 [pool-151-thread-1] INFO  server.RaftServerConfigKeys (ConfUtils.java:logGet(43)) - raft.server.storage.dir = [/workdir/hadoop-ozone/integration-test/target/test-dir/MiniOzoneClusterImpl-d5ad254c-7ec7-4fe1-b133-299c928d1cee/datanode-3/data/ratis] (custom)
2019-10-02 10:24:06,084 [pool-171-thread-1] INFO  server.RaftServerConfigKeys (ConfUtils.java:logGet(43)) - raft.server.log.corruption.policy = EXCEPTION (default)
2019-10-02 10:24:06,084 [pool-151-thread-1] INFO  server.RaftServerConfigKeys (ConfUtils.java:logGet(43)) - raft.server.log.corruption.policy = EXCEPTION (default)
2019-10-02 10:24:06,084 [pool-171-thread-1] INFO  storage.RaftStorageDirectory (RaftStorageDirectory.java:analyzeStorage(246)) - The storage directory /workdir/hadoop-ozone/integration-test/target/test-dir/MiniOzoneClusterImpl-d5ad254c-7ec7-4fe1-b133-299c928d1cee/datanode-5/data/ratis/4f5267f2-6f9b-433d-87af-3bda493117ba does not exist. Creating ...
2019-10-02 10:24:06,084 [pool-151-thread-1] INFO  storage.RaftStorageDirectory (RaftStorageDirectory.java:analyzeStorage(246)) - The storage directory /workdir/hadoop-ozone/integration-test/target/test-dir/MiniOzoneClusterImpl-d5ad254c-7ec7-4fe1-b133-299c928d1cee/datanode-3/data/ratis/4f5267f2-6f9b-433d-87af-3bda493117ba does not exist. Creating ...
2019-10-02 10:24:06,096 [pool-171-thread-1] INFO  storage.RaftStorageDirectory (RaftStorageDirectory.java:tryLock(328)) - Lock on /workdir/hadoop-ozone/integration-test/target/test-dir/MiniOzoneClusterImpl-d5ad254c-7ec7-4fe1-b133-299c928d1cee/datanode-5/data/ratis/4f5267f2-6f9b-433d-87af-3bda493117ba/in_use.lock acquired by nodename 31904@pr-trunk-gg4kw-413187789
2019-10-02 10:24:06,096 [pool-161-thread-1] INFO  storage.RaftStorageDirectory (RaftStorageDirectory.java:tryLock(328)) - Lock on /workdir/hadoop-ozone/integration-test/target/test-dir/MiniOzoneClusterImpl-d5ad254c-7ec7-4fe1-b133-299c928d1cee/datanode-4/data/ratis/4f5267f2-6f9b-433d-87af-3bda493117ba/in_use.lock acquired by nodename 31904@pr-trunk-gg4kw-413187789
2019-10-02 10:24:06,096 [pool-151-thread-1] INFO  storage.RaftStorageDirectory (RaftStorageDirectory.java:tryLock(328)) - Lock on /workdir/hadoop-ozone/integration-test/target/test-dir/MiniOzoneClusterImpl-d5ad254c-7ec7-4fe1-b133-299c928d1cee/datanode-3/data/ratis/4f5267f2-6f9b-433d-87af-3bda493117ba/in_use.lock acquired by nodename 31904@pr-trunk-gg4kw-413187789
2019-10-02 10:24:06,115 [pool-151-thread-1] INFO  storage.RaftStorage (RaftStorage.java:format(84)) - Storage directory /workdir/hadoop-ozone/integration-test/target/test-dir/MiniOzoneClusterImpl-d5ad254c-7ec7-4fe1-b133-299c928d1cee/datanode-3/data/ratis/4f5267f2-6f9b-433d-87af-3bda493117ba has been successfully formatted.
2019-10-02 10:24:06,115 [pool-161-thread-1] INFO  storage.RaftStorage (RaftStorage.java:format(84)) - Storage directory /workdir/hadoop-ozone/integration-test/target/test-dir/MiniOzoneClusterImpl-d5ad254c-7ec7-4fe1-b133-299c928d1cee/datanode-4/data/ratis/4f5267f2-6f9b-433d-87af-3bda493117ba has been successfully formatted.
2019-10-02 10:24:06,115 [pool-171-thread-1] INFO  storage.RaftStorage (RaftStorage.java:format(84)) - Storage directory /workdir/hadoop-ozone/integration-test/target/test-dir/MiniOzoneClusterImpl-d5ad254c-7ec7-4fe1-b133-299c928d1cee/datanode-5/data/ratis/4f5267f2-6f9b-433d-87af-3bda493117ba has been successfully formatted.
2019-10-02 10:24:06,115 [pool-151-thread-1] INFO  ratis.ContainerStateMachine (ContainerStateMachine.java:loadSnapshot(231)) - group-3BDA493117BA: The snapshot info is null. Setting the last applied indexto:(t:0, i:~)
2019-10-02 10:24:06,116 [pool-171-thread-1] INFO  ratis.ContainerStateMachine (ContainerStateMachine.java:loadSnapshot(231)) - group-3BDA493117BA: The snapshot info is null. Setting the last applied indexto:(t:0, i:~)
2019-10-02 10:24:06,116 [pool-161-thread-1] INFO  ratis.ContainerStateMachine (ContainerStateMachine.java:loadSnapshot(231)) - group-3BDA493117BA: The snapshot info is null. Setting the last applied indexto:(t:0, i:~)
2019-10-02 10:24:06,116 [pool-171-thread-1] INFO  server.RaftServerConfigKeys (ConfUtils.java:logGet(43)) - raft.server.notification.no-leader.timeout = 120s (custom)
2019-10-02 10:24:06,116 [pool-151-thread-1] INFO  server.RaftServerConfigKeys (ConfUtils.java:logGet(43)) - raft.server.notification.no-leader.timeout = 120s (custom)
2019-10-02 10:24:06,116 [pool-171-thread-1] INFO  server.RaftServerConfigKeys (ConfUtils.java:logGet(43)) - raft.server.log.use.memory = false (default)
2019-10-02 10:24:06,116 [pool-161-thread-1] INFO  server.RaftServerConfigKeys (ConfUtils.java:logGet(43)) - raft.server.notification.no-leader.timeout = 120s (custom)
2019-10-02 10:24:06,116 [pool-171-thread-1] INFO  server.RaftServerConfigKeys (ConfUtils.java:logGet(43)) - raft.server.log.purge.gap = 1000000 (custom)
2019-10-02 10:24:06,116 [pool-151-thread-1] INFO  server.RaftServerConfigKeys (ConfUtils.java:logGet(43)) - raft.server.log.use.memory = false (default)
2019-10-02 10:24:06,116 [pool-171-thread-1] INFO  server.RaftServerConfigKeys (ConfUtils.java:logGet(43)) - raft.server.log.appender.buffer.byte-limit = 33554432 (custom)
2019-10-02 10:24:06,116 [pool-161-thread-1] INFO  server.RaftServerConfigKeys (ConfUtils.java:logGet(43)) - raft.server.log.use.memory = false (default)
2019-10-02 10:24:06,116 [pool-171-thread-1] INFO  server.RaftServerConfigKeys (ConfUtils.java:logGet(43)) - raft.server.log.segment.size.max = 1048576 (custom)
2019-10-02 10:24:06,116 [pool-151-thread-1] INFO  server.RaftServerConfigKeys (ConfUtils.java:logGet(43)) - raft.server.log.purge.gap = 1000000 (custom)
2019-10-02 10:24:06,117 [pool-171-thread-1] INFO  server.RaftServerConfigKeys (ConfUtils.java:logGet(43)) - raft.server.log.segment.cache.num.max = 2 (custom)
2019-10-02 10:24:06,117 [pool-161-thread-1] INFO  server.RaftServerConfigKeys (ConfUtils.java:logGet(43)) - raft.server.log.purge.gap = 1000000 (custom)
2019-10-02 10:24:06,117 [pool-171-thread-1] INFO  segmented.SegmentedRaftLogWorker (SegmentedRaftLogWorker.java:<init>(173)) - new f69031d4-11b9-431b-99d5-e0135a1d3a49@group-3BDA493117BA-SegmentedRaftLogWorker for RaftStorage:Storage Directory /workdir/hadoop-ozone/integration-test/target/test-dir/MiniOzoneClusterImpl-d5ad254c-7ec7-4fe1-b133-299c928d1cee/datanode-5/data/ratis/4f5267f2-6f9b-433d-87af-3bda493117ba
2019-10-02 10:24:06,117 [pool-151-thread-1] INFO  server.RaftServerConfigKeys (ConfUtils.java:logGet(43)) - raft.server.log.appender.buffer.byte-limit = 33554432 (custom)
2019-10-02 10:24:06,117 [pool-171-thread-1] INFO  server.RaftServerConfigKeys (ConfUtils.java:logGet(43)) - raft.server.log.queue.byte-limit = 2147483647 (custom)
2019-10-02 10:24:06,117 [pool-161-thread-1] INFO  server.RaftServerConfigKeys (ConfUtils.java:logGet(43)) - raft.server.log.appender.buffer.byte-limit = 33554432 (custom)
2019-10-02 10:24:06,117 [pool-171-thread-1] INFO  server.RaftServerConfigKeys (ConfUtils.java:logGet(43)) - raft.server.log.queue.element-limit = 1024 (custom)
2019-10-02 10:24:06,117 [pool-151-thread-1] INFO  server.RaftServerConfigKeys (ConfUtils.java:logGet(43)) - raft.server.log.segment.size.max = 1048576 (custom)
2019-10-02 10:24:06,117 [pool-171-thread-1] INFO  server.RaftServerConfigKeys (ConfUtils.java:logGet(43)) - raft.server.log.segment.size.max = 1048576 (custom)
2019-10-02 10:24:06,117 [pool-161-thread-1] INFO  server.RaftServerConfigKeys (ConfUtils.java:logGet(43)) - raft.server.log.segment.size.max = 1048576 (custom)
2019-10-02 10:24:06,118 [pool-171-thread-1] INFO  server.RaftServerConfigKeys (ConfUtils.java:logGet(43)) - raft.server.log.preallocated.size = 16384 (custom)
2019-10-02 10:24:06,117 [pool-151-thread-1] INFO  server.RaftServerConfigKeys (ConfUtils.java:logGet(43)) - raft.server.log.segment.cache.num.max = 2 (custom)
2019-10-02 10:24:06,118 [pool-171-thread-1] INFO  server.RaftServerConfigKeys (ConfUtils.java:logGet(43)) - raft.server.log.write.buffer.size = 33554432 (custom)
2019-10-02 10:24:06,118 [pool-161-thread-1] INFO  server.RaftServerConfigKeys (ConfUtils.java:logGet(43)) - raft.server.log.segment.cache.num.max = 2 (custom)
2019-10-02 10:24:06,118 [pool-171-thread-1] INFO  server.RaftServerConfigKeys (ConfUtils.java:logGet(43)) - raft.server.log.force.sync.num = 128 (default)
2019-10-02 10:24:06,118 [pool-151-thread-1] INFO  segmented.SegmentedRaftLogWorker (SegmentedRaftLogWorker.java:<init>(173)) - new 34fae152-b7fa-42df-acc8-98158dd84481@group-3BDA493117BA-SegmentedRaftLogWorker for RaftStorage:Storage Directory /workdir/hadoop-ozone/integration-test/target/test-dir/MiniOzoneClusterImpl-d5ad254c-7ec7-4fe1-b133-299c928d1cee/datanode-3/data/ratis/4f5267f2-6f9b-433d-87af-3bda493117ba
2019-10-02 10:24:06,118 [pool-171-thread-1] INFO  server.RaftServerConfigKeys (ConfUtils.java:logGet(43)) - raft.server.log.statemachine.data.sync = true (default)
2019-10-02 10:24:06,118 [pool-161-thread-1] INFO  segmented.SegmentedRaftLogWorker (SegmentedRaftLogWorker.java:<init>(173)) - new 8e221173-2966-45d1-b573-2acb9ca2f9c6@group-3BDA493117BA-SegmentedRaftLogWorker for RaftStorage:Storage Directory /workdir/hadoop-ozone/integration-test/target/test-dir/MiniOzoneClusterImpl-d5ad254c-7ec7-4fe1-b133-299c928d1cee/datanode-4/data/ratis/4f5267f2-6f9b-433d-87af-3bda493117ba
2019-10-02 10:24:06,118 [pool-171-thread-1] INFO  server.RaftServerConfigKeys (ConfUtils.java:logGet(43)) - raft.server.log.statemachine.data.sync.timeout = 10s (default)
2019-10-02 10:24:06,118 [pool-151-thread-1] INFO  server.RaftServerConfigKeys (ConfUtils.java:logGet(43)) - raft.server.log.queue.byte-limit = 2147483647 (custom)
2019-10-02 10:24:06,118 [pool-171-thread-1] INFO  server.RaftServerConfigKeys (ConfUtils.java:logGet(43)) - raft.server.log.statemachine.data.sync.timeout.retry = -1 (default)
2019-10-02 10:24:06,118 [pool-161-thread-1] INFO  server.RaftServerConfigKeys (ConfUtils.java:logGet(43)) - raft.server.log.queue.byte-limit = 2147483647 (custom)
2019-10-02 10:24:06,118 [pool-151-thread-1] INFO  server.RaftServerConfigKeys (ConfUtils.java:logGet(43)) - raft.server.log.queue.element-limit = 1024 (custom)
2019-10-02 10:24:06,119 [pool-171-thread-1] INFO  server.RaftServerConfigKeys (ConfUtils.java:logGet(43)) - raft.server.log.statemachine.data.caching.enabled = true (custom)
2019-10-02 10:24:06,119 [pool-161-thread-1] INFO  server.RaftServerConfigKeys (ConfUtils.java:logGet(43)) - raft.server.log.queue.element-limit = 1024 (custom)
2019-10-02 10:24:06,119 [pool-151-thread-1] INFO  server.RaftServerConfigKeys (ConfUtils.java:logGet(43)) - raft.server.log.segment.size.max = 1048576 (custom)
2019-10-02 10:24:06,119 [pool-171-thread-1] INFO  segmented.SegmentedRaftLogWorker (SegmentedRaftLogWorker.java:lambda$new$0(128)) - f69031d4-11b9-431b-99d5-e0135a1d3a49@group-3BDA493117BA-SegmentedRaftLogWorker: flushIndex: setUnconditionally 0 -> -1
2019-10-02 10:24:06,119 [pool-161-thread-1] INFO  server.RaftServerConfigKeys (ConfUtils.java:logGet(43)) - raft.server.log.segment.size.max = 1048576 (custom)
2019-10-02 10:24:06,119 [pool-151-thread-1] INFO  server.RaftServerConfigKeys (ConfUtils.java:logGet(43)) - raft.server.log.preallocated.size = 16384 (custom)
2019-10-02 10:24:06,119 [pool-171-thread-1] INFO  server.RaftServerConfigKeys (ConfUtils.java:logGet(43)) - raft.server.snapshot.auto.trigger.enabled = true (custom)
2019-10-02 10:24:06,119 [pool-161-thread-1] INFO  server.RaftServerConfigKeys (ConfUtils.java:logGet(43)) - raft.server.log.preallocated.size = 16384 (custom)
2019-10-02 10:24:06,120 [pool-171-thread-1] INFO  server.RaftServerConfigKeys (ConfUtils.java:logGet(43)) - raft.server.snapshot.auto.trigger.threshold = 10000 (custom)
2019-10-02 10:24:06,119 [pool-151-thread-1] INFO  server.RaftServerConfigKeys (ConfUtils.java:logGet(43)) - raft.server.log.write.buffer.size = 33554432 (custom)
2019-10-02 10:24:06,120 [pool-171-thread-1] INFO  server.RaftServerConfigKeys (ConfUtils.java:logGet(43)) - raft.server.snapshot.retention.file.num = 5 (custom)
2019-10-02 10:24:06,120 [pool-161-thread-1] INFO  server.RaftServerConfigKeys (ConfUtils.java:logGet(43)) - raft.server.log.write.buffer.size = 33554432 (custom)
2019-10-02 10:24:06,120 [pool-171-thread-1] INFO  server.RaftServerConfigKeys (ConfUtils.java:logGet(43)) - raft.server.retrycache.expirytime = 600000ms (custom)
2019-10-02 10:24:06,120 [pool-151-thread-1] INFO  server.RaftServerConfigKeys (ConfUtils.java:logGet(43)) - raft.server.log.force.sync.num = 128 (default)
2019-10-02 10:24:06,120 [pool-161-thread-1] INFO  server.RaftServerConfigKeys (ConfUtils.java:logGet(43)) - raft.server.log.force.sync.num = 128 (default)
2019-10-02 10:24:06,120 [pool-151-thread-1] INFO  server.RaftServerConfigKeys (ConfUtils.java:logGet(43)) - raft.server.log.statemachine.data.sync = true (default)
2019-10-02 10:24:06,120 [pool-161-thread-1] INFO  server.RaftServerConfigKeys (ConfUtils.java:logGet(43)) - raft.server.log.statemachine.data.sync = true (default)
2019-10-02 10:24:06,120 [pool-151-thread-1] INFO  server.RaftServerConfigKeys (ConfUtils.java:logGet(43)) - raft.server.log.statemachine.data.sync.timeout = 10s (default)
2019-10-02 10:24:06,120 [pool-161-thread-1] INFO  server.RaftServerConfigKeys (ConfUtils.java:logGet(43)) - raft.server.log.statemachine.data.sync.timeout = 10s (default)
2019-10-02 10:24:06,120 [pool-151-thread-1] INFO  server.RaftServerConfigKeys (ConfUtils.java:logGet(43)) - raft.server.log.statemachine.data.sync.timeout.retry = -1 (default)
2019-10-02 10:24:06,120 [pool-161-thread-1] INFO  server.RaftServerConfigKeys (ConfUtils.java:logGet(43)) - raft.server.log.statemachine.data.sync.timeout.retry = -1 (default)
2019-10-02 10:24:06,121 [pool-151-thread-1] INFO  server.RaftServerConfigKeys (ConfUtils.java:logGet(43)) - raft.server.log.statemachine.data.caching.enabled = true (custom)
2019-10-02 10:24:06,121 [pool-161-thread-1] INFO  server.RaftServerConfigKeys (ConfUtils.java:logGet(43)) - raft.server.log.statemachine.data.caching.enabled = true (custom)
2019-10-02 10:24:06,121 [pool-151-thread-1] INFO  segmented.SegmentedRaftLogWorker (SegmentedRaftLogWorker.java:lambda$new$0(128)) - 34fae152-b7fa-42df-acc8-98158dd84481@group-3BDA493117BA-SegmentedRaftLogWorker: flushIndex: setUnconditionally 0 -> -1
2019-10-02 10:24:06,121 [pool-161-thread-1] INFO  segmented.SegmentedRaftLogWorker (SegmentedRaftLogWorker.java:lambda$new$0(128)) - 8e221173-2966-45d1-b573-2acb9ca2f9c6@group-3BDA493117BA-SegmentedRaftLogWorker: flushIndex: setUnconditionally 0 -> -1
2019-10-02 10:24:06,121 [pool-151-thread-1] INFO  server.RaftServerConfigKeys (ConfUtils.java:logGet(43)) - raft.server.snapshot.auto.trigger.enabled = true (custom)
2019-10-02 10:24:06,121 [pool-151-thread-1] INFO  server.RaftServerConfigKeys (ConfUtils.java:logGet(43)) - raft.server.snapshot.auto.trigger.threshold = 10000 (custom)
2019-10-02 10:24:06,121 [pool-161-thread-1] INFO  server.RaftServerConfigKeys (ConfUtils.java:logGet(43)) - raft.server.snapshot.auto.trigger.enabled = true (custom)
2019-10-02 10:24:06,121 [pool-151-thread-1] INFO  server.RaftServerConfigKeys (ConfUtils.java:logGet(43)) - raft.server.snapshot.retention.file.num = 5 (custom)
2019-10-02 10:24:06,121 [pool-161-thread-1] INFO  server.RaftServerConfigKeys (ConfUtils.java:logGet(43)) - raft.server.snapshot.auto.trigger.threshold = 10000 (custom)
2019-10-02 10:24:06,122 [pool-151-thread-1] INFO  server.RaftServerConfigKeys (ConfUtils.java:logGet(43)) - raft.server.retrycache.expirytime = 600000ms (custom)
2019-10-02 10:24:06,122 [pool-161-thread-1] INFO  server.RaftServerConfigKeys (ConfUtils.java:logGet(43)) - raft.server.snapshot.retention.file.num = 5 (custom)
2019-10-02 10:24:06,122 [pool-161-thread-1] INFO  server.RaftServerConfigKeys (ConfUtils.java:logGet(43)) - raft.server.retrycache.expirytime = 600000ms (custom)
2019-10-02 10:24:06,122 [pool-171-thread-1] INFO  impl.RaftServerImpl (RaftServerImpl.java:start(181)) - f69031d4-11b9-431b-99d5-e0135a1d3a49@group-3BDA493117BA: start as a follower, conf=-1: [f69031d4-11b9-431b-99d5-e0135a1d3a49:192.168.151.92:43727, 8e221173-2966-45d1-b573-2acb9ca2f9c6:192.168.151.92:40595, 34fae152-b7fa-42df-acc8-98158dd84481:192.168.151.92:46737], old=null
2019-10-02 10:24:06,122 [pool-171-thread-1] INFO  impl.RaftServerImpl (RaftServerImpl.java:setRole(170)) - f69031d4-11b9-431b-99d5-e0135a1d3a49@group-3BDA493117BA: changes role from      null to FOLLOWER at term 0 for startAsFollower
2019-10-02 10:24:06,122 [pool-171-thread-1] INFO  impl.RoleInfo (RoleInfo.java:updateAndGet(143)) - f69031d4-11b9-431b-99d5-e0135a1d3a49: start FollowerState
2019-10-02 10:24:06,122 [pool-171-thread-1] INFO  util.JmxRegister (JmxRegister.java:tryRegister(44)) - Successfully registered JMX Bean with object name Ratis:service=RaftServer,group=group-3BDA493117BA,id=f69031d4-11b9-431b-99d5-e0135a1d3a49
2019-10-02 10:24:06,124 [pool-151-thread-1] INFO  impl.RaftServerImpl (RaftServerImpl.java:start(181)) - 34fae152-b7fa-42df-acc8-98158dd84481@group-3BDA493117BA: start as a follower, conf=-1: [f69031d4-11b9-431b-99d5-e0135a1d3a49:192.168.151.92:43727, 8e221173-2966-45d1-b573-2acb9ca2f9c6:192.168.151.92:40595, 34fae152-b7fa-42df-acc8-98158dd84481:192.168.151.92:46737], old=null
2019-10-02 10:24:06,124 [pool-151-thread-1] INFO  impl.RaftServerImpl (RaftServerImpl.java:setRole(170)) - 34fae152-b7fa-42df-acc8-98158dd84481@group-3BDA493117BA: changes role from      null to FOLLOWER at term 0 for startAsFollower
2019-10-02 10:24:06,125 [pool-151-thread-1] INFO  impl.RoleInfo (RoleInfo.java:updateAndGet(143)) - 34fae152-b7fa-42df-acc8-98158dd84481: start FollowerState
2019-10-02 10:24:06,125 [pool-151-thread-1] INFO  util.JmxRegister (JmxRegister.java:tryRegister(44)) - Successfully registered JMX Bean with object name Ratis:service=RaftServer,group=group-3BDA493117BA,id=34fae152-b7fa-42df-acc8-98158dd84481
2019-10-02 10:24:06,125 [pool-161-thread-1] INFO  impl.RaftServerImpl (RaftServerImpl.java:start(181)) - 8e221173-2966-45d1-b573-2acb9ca2f9c6@group-3BDA493117BA: start as a follower, conf=-1: [f69031d4-11b9-431b-99d5-e0135a1d3a49:192.168.151.92:43727, 8e221173-2966-45d1-b573-2acb9ca2f9c6:192.168.151.92:40595, 34fae152-b7fa-42df-acc8-98158dd84481:192.168.151.92:46737], old=null
2019-10-02 10:24:06,125 [pool-161-thread-1] INFO  impl.RaftServerImpl (RaftServerImpl.java:setRole(170)) - 8e221173-2966-45d1-b573-2acb9ca2f9c6@group-3BDA493117BA: changes role from      null to FOLLOWER at term 0 for startAsFollower
2019-10-02 10:24:06,125 [pool-161-thread-1] INFO  impl.RoleInfo (RoleInfo.java:updateAndGet(143)) - 8e221173-2966-45d1-b573-2acb9ca2f9c6: start FollowerState
2019-10-02 10:24:06,126 [pool-161-thread-1] INFO  util.JmxRegister (JmxRegister.java:tryRegister(44)) - Successfully registered JMX Bean with object name Ratis:service=RaftServer,group=group-3BDA493117BA,id=8e221173-2966-45d1-b573-2acb9ca2f9c6
2019-10-02 10:24:06,137 [RatisPipelineUtilsThread] INFO  pipeline.PipelineStateManager (PipelineStateManager.java:addPipeline(56)) - Created pipeline Pipeline[ Id: 4f5267f2-6f9b-433d-87af-3bda493117ba, Nodes: f69031d4-11b9-431b-99d5-e0135a1d3a49{ip: 192.168.151.92, host: pr-trunk-gg4kw-413187789, networkLocation: /default-rack, certSerialId: null}34fae152-b7fa-42df-acc8-98158dd84481{ip: 192.168.151.92, host: pr-trunk-gg4kw-413187789, networkLocation: /default-rack, certSerialId: null}8e221173-2966-45d1-b573-2acb9ca2f9c6{ip: 192.168.151.92, host: pr-trunk-gg4kw-413187789, networkLocation: /default-rack, certSerialId: null}, Type:RATIS, Factor:THREE, State:OPEN]
2019-10-02 10:24:06,946 [main] INFO  ozone.MiniOzoneClusterImpl (MiniOzoneClusterImpl.java:lambda$waitForClusterToBeReady$0(147)) - Cluster is ready. Got 7 of 7 DN Heartbeats.
2019-10-02 10:24:06,998 [main] INFO  rpc.RpcClient (RpcClient.java:createVolume(276)) - Creating Volume: testblockoutputstreamwithretries, with jenkins1000 as owner.
2019-10-02 10:24:07,001 [IPC Server handler 3 on 38467] INFO  volume.OMVolumeCreateRequest (OMVolumeCreateRequest.java:validateAndUpdateCache(194)) - created volume:testblockoutputstreamwithretries for user:jenkins1000
2019-10-02 10:24:07,051 [main] INFO  rpc.RpcClient (RpcClient.java:createBucket(415)) - Creating Bucket: testblockoutputstreamwithretries/testblockoutputstreamwithretries, with Versioning false and Storage Type set to DISK and Encryption set to false 
2019-10-02 10:24:08,501 [Thread-1498] INFO  container.ReplicationManager (ReplicationManager.java:start(162)) - Starting Replication Monitor Thread.
2019-10-02 10:24:08,506 [ReplicationMonitor] INFO  container.ReplicationManager (ReplicationManager.java:run(225)) - Replication Monitor Thread took 1 milliseconds for processing 4 containers.
2019-10-02 10:24:10,629 [Thread-1500] INFO  impl.FollowerState (FollowerState.java:run(108)) - 49559d9f-0396-4323-98b3-57888c55a3b8@group-86744E38A9B3-FollowerState: change to CANDIDATE, lastRpcTime:5080ms, electionTimeout:5080ms
2019-10-02 10:24:10,630 [Thread-1500] INFO  impl.RoleInfo (RoleInfo.java:shutdownFollowerState(121)) - 49559d9f-0396-4323-98b3-57888c55a3b8: shutdown FollowerState
2019-10-02 10:24:10,630 [Thread-1500] INFO  impl.RaftServerImpl (RaftServerImpl.java:setRole(170)) - 49559d9f-0396-4323-98b3-57888c55a3b8@group-86744E38A9B3: changes role from  FOLLOWER to CANDIDATE at term 0 for changeToCandidate
2019-10-02 10:24:10,630 [Thread-1500] INFO  impl.RoleInfo (RoleInfo.java:updateAndGet(143)) - 49559d9f-0396-4323-98b3-57888c55a3b8: start LeaderElection
2019-10-02 10:24:10,732 [Thread-1503] INFO  impl.FollowerState (FollowerState.java:run(108)) - 746d3458-33f5-413d-bb91-3f2fbe4579db@group-FE9FE7BC807B-FollowerState: change to CANDIDATE, lastRpcTime:5117ms, electionTimeout:5117ms
2019-10-02 10:24:10,732 [Thread-1503] INFO  impl.RoleInfo (RoleInfo.java:shutdownFollowerState(121)) - 746d3458-33f5-413d-bb91-3f2fbe4579db: shutdown FollowerState
2019-10-02 10:24:10,732 [Thread-1503] INFO  impl.RaftServerImpl (RaftServerImpl.java:setRole(170)) - 746d3458-33f5-413d-bb91-3f2fbe4579db@group-FE9FE7BC807B: changes role from  FOLLOWER to CANDIDATE at term 0 for changeToCandidate
2019-10-02 10:24:10,733 [Thread-1503] INFO  impl.RoleInfo (RoleInfo.java:updateAndGet(143)) - 746d3458-33f5-413d-bb91-3f2fbe4579db: start LeaderElection
2019-10-02 10:24:10,752 [Thread-1506] INFO  impl.FollowerState (FollowerState.java:run(108)) - 5da457aa-41e2-4257-8b46-efd289a9cf0b@group-64780987BCB2-FollowerState: change to CANDIDATE, lastRpcTime:5039ms, electionTimeout:5039ms
2019-10-02 10:24:10,752 [Thread-1506] INFO  impl.RoleInfo (RoleInfo.java:shutdownFollowerState(121)) - 5da457aa-41e2-4257-8b46-efd289a9cf0b: shutdown FollowerState
2019-10-02 10:24:10,752 [Thread-1506] INFO  impl.RaftServerImpl (RaftServerImpl.java:setRole(170)) - 5da457aa-41e2-4257-8b46-efd289a9cf0b@group-64780987BCB2: changes role from  FOLLOWER to CANDIDATE at term 0 for changeToCandidate
2019-10-02 10:24:10,753 [Thread-1506] INFO  impl.RoleInfo (RoleInfo.java:updateAndGet(143)) - 5da457aa-41e2-4257-8b46-efd289a9cf0b: start LeaderElection
2019-10-02 10:24:10,773 [5da457aa-41e2-4257-8b46-efd289a9cf0b@group-64780987BCB2-LeaderElection52] INFO  impl.LeaderElection (LeaderElection.java:askForVotes(178)) - 5da457aa-41e2-4257-8b46-efd289a9cf0b@group-64780987BCB2-LeaderElection52: begin an election at term 1 for -1: [5da457aa-41e2-4257-8b46-efd289a9cf0b:192.168.151.92:41608], old=null
2019-10-02 10:24:10,773 [49559d9f-0396-4323-98b3-57888c55a3b8@group-86744E38A9B3-LeaderElection50] INFO  impl.LeaderElection (LeaderElection.java:askForVotes(178)) - 49559d9f-0396-4323-98b3-57888c55a3b8@group-86744E38A9B3-LeaderElection50: begin an election at term 1 for -1: [49559d9f-0396-4323-98b3-57888c55a3b8:192.168.151.92:33617], old=null
2019-10-02 10:24:10,773 [746d3458-33f5-413d-bb91-3f2fbe4579db@group-FE9FE7BC807B-LeaderElection51] INFO  impl.LeaderElection (LeaderElection.java:askForVotes(178)) - 746d3458-33f5-413d-bb91-3f2fbe4579db@group-FE9FE7BC807B-LeaderElection51: begin an election at term 1 for -1: [746d3458-33f5-413d-bb91-3f2fbe4579db:192.168.151.92:34109], old=null
2019-10-02 10:24:10,773 [49559d9f-0396-4323-98b3-57888c55a3b8@group-86744E38A9B3-LeaderElection50] INFO  impl.RoleInfo (RoleInfo.java:shutdownLeaderElection(134)) - 49559d9f-0396-4323-98b3-57888c55a3b8: shutdown LeaderElection
2019-10-02 10:24:10,773 [5da457aa-41e2-4257-8b46-efd289a9cf0b@group-64780987BCB2-LeaderElection52] INFO  impl.RoleInfo (RoleInfo.java:shutdownLeaderElection(134)) - 5da457aa-41e2-4257-8b46-efd289a9cf0b: shutdown LeaderElection
2019-10-02 10:24:10,773 [49559d9f-0396-4323-98b3-57888c55a3b8@group-86744E38A9B3-LeaderElection50] INFO  impl.RaftServerImpl (RaftServerImpl.java:setRole(170)) - 49559d9f-0396-4323-98b3-57888c55a3b8@group-86744E38A9B3: changes role from CANDIDATE to LEADER at term 1 for changeToLeader
2019-10-02 10:24:10,773 [746d3458-33f5-413d-bb91-3f2fbe4579db@group-FE9FE7BC807B-LeaderElection51] INFO  impl.RoleInfo (RoleInfo.java:shutdownLeaderElection(134)) - 746d3458-33f5-413d-bb91-3f2fbe4579db: shutdown LeaderElection
2019-10-02 10:24:10,773 [49559d9f-0396-4323-98b3-57888c55a3b8@group-86744E38A9B3-LeaderElection50] INFO  impl.RaftServerImpl (ServerState.java:setLeader(255)) - 49559d9f-0396-4323-98b3-57888c55a3b8@group-86744E38A9B3: change Leader from null to 49559d9f-0396-4323-98b3-57888c55a3b8 at term 1 for becomeLeader, leader elected after 5232ms
2019-10-02 10:24:10,773 [5da457aa-41e2-4257-8b46-efd289a9cf0b@group-64780987BCB2-LeaderElection52] INFO  impl.RaftServerImpl (RaftServerImpl.java:setRole(170)) - 5da457aa-41e2-4257-8b46-efd289a9cf0b@group-64780987BCB2: changes role from CANDIDATE to LEADER at term 1 for changeToLeader
2019-10-02 10:24:10,773 [746d3458-33f5-413d-bb91-3f2fbe4579db@group-FE9FE7BC807B-LeaderElection51] INFO  impl.RaftServerImpl (RaftServerImpl.java:setRole(170)) - 746d3458-33f5-413d-bb91-3f2fbe4579db@group-FE9FE7BC807B: changes role from CANDIDATE to LEADER at term 1 for changeToLeader
2019-10-02 10:24:10,774 [5da457aa-41e2-4257-8b46-efd289a9cf0b@group-64780987BCB2-LeaderElection52] INFO  impl.RaftServerImpl (ServerState.java:setLeader(255)) - 5da457aa-41e2-4257-8b46-efd289a9cf0b@group-64780987BCB2: change Leader from null to 5da457aa-41e2-4257-8b46-efd289a9cf0b at term 1 for becomeLeader, leader elected after 5067ms
2019-10-02 10:24:10,776 [49559d9f-0396-4323-98b3-57888c55a3b8@group-86744E38A9B3-LeaderElection50] INFO  server.RaftServerConfigKeys (ConfUtils.java:logGet(43)) - raft.server.staging.catchup.gap = 1000 (default)
2019-10-02 10:24:10,778 [5da457aa-41e2-4257-8b46-efd289a9cf0b@group-64780987BCB2-LeaderElection52] INFO  server.RaftServerConfigKeys (ConfUtils.java:logGet(43)) - raft.server.staging.catchup.gap = 1000 (default)
2019-10-02 10:24:10,779 [5da457aa-41e2-4257-8b46-efd289a9cf0b@group-64780987BCB2-LeaderElection52] INFO  server.RaftServerConfigKeys (ConfUtils.java:logGet(43)) - raft.server.rpc.sleep.time = 25ms (default)
2019-10-02 10:24:10,776 [746d3458-33f5-413d-bb91-3f2fbe4579db@group-FE9FE7BC807B-LeaderElection51] INFO  impl.RaftServerImpl (ServerState.java:setLeader(255)) - 746d3458-33f5-413d-bb91-3f2fbe4579db@group-FE9FE7BC807B: change Leader from null to 746d3458-33f5-413d-bb91-3f2fbe4579db at term 1 for becomeLeader, leader elected after 5167ms
2019-10-02 10:24:10,779 [5da457aa-41e2-4257-8b46-efd289a9cf0b@group-64780987BCB2-LeaderElection52] INFO  server.RaftServerConfigKeys (ConfUtils.java:logGet(43)) - raft.server.write.element-limit = 4096 (default)
2019-10-02 10:24:10,778 [49559d9f-0396-4323-98b3-57888c55a3b8@group-86744E38A9B3-LeaderElection50] INFO  server.RaftServerConfigKeys (ConfUtils.java:logGet(43)) - raft.server.rpc.sleep.time = 25ms (default)
2019-10-02 10:24:10,781 [5da457aa-41e2-4257-8b46-efd289a9cf0b@group-64780987BCB2-LeaderElection52] INFO  server.RaftServerConfigKeys (ConfUtils.java:logGet(43)) - raft.server.watch.timeout = 10s (default)
2019-10-02 10:24:10,781 [746d3458-33f5-413d-bb91-3f2fbe4579db@group-FE9FE7BC807B-LeaderElection51] INFO  server.RaftServerConfigKeys (ConfUtils.java:logGet(43)) - raft.server.staging.catchup.gap = 1000 (default)
2019-10-02 10:24:10,781 [5da457aa-41e2-4257-8b46-efd289a9cf0b@group-64780987BCB2-LeaderElection52] INFO  server.RaftServerConfigKeys (ConfUtils.java:logGet(43)) - raft.server.watch.timeout.denomination = 1s (default)
2019-10-02 10:24:10,781 [49559d9f-0396-4323-98b3-57888c55a3b8@group-86744E38A9B3-LeaderElection50] INFO  server.RaftServerConfigKeys (ConfUtils.java:logGet(43)) - raft.server.write.element-limit = 4096 (default)
2019-10-02 10:24:10,781 [5da457aa-41e2-4257-8b46-efd289a9cf0b@group-64780987BCB2-LeaderElection52] INFO  server.RaftServerConfigKeys (ConfUtils.java:logGet(43)) - raft.server.watch.element-limit = 65536 (default)
2019-10-02 10:24:10,781 [746d3458-33f5-413d-bb91-3f2fbe4579db@group-FE9FE7BC807B-LeaderElection51] INFO  server.RaftServerConfigKeys (ConfUtils.java:logGet(43)) - raft.server.rpc.sleep.time = 25ms (default)
2019-10-02 10:24:10,781 [49559d9f-0396-4323-98b3-57888c55a3b8@group-86744E38A9B3-LeaderElection50] INFO  server.RaftServerConfigKeys (ConfUtils.java:logGet(43)) - raft.server.watch.timeout = 10s (default)
2019-10-02 10:24:10,782 [746d3458-33f5-413d-bb91-3f2fbe4579db@group-FE9FE7BC807B-LeaderElection51] INFO  server.RaftServerConfigKeys (ConfUtils.java:logGet(43)) - raft.server.write.element-limit = 4096 (default)
2019-10-02 10:24:10,782 [49559d9f-0396-4323-98b3-57888c55a3b8@group-86744E38A9B3-LeaderElection50] INFO  server.RaftServerConfigKeys (ConfUtils.java:logGet(43)) - raft.server.watch.timeout.denomination = 1s (default)
2019-10-02 10:24:10,782 [746d3458-33f5-413d-bb91-3f2fbe4579db@group-FE9FE7BC807B-LeaderElection51] INFO  server.RaftServerConfigKeys (ConfUtils.java:logGet(43)) - raft.server.watch.timeout = 10s (default)
2019-10-02 10:24:10,782 [49559d9f-0396-4323-98b3-57888c55a3b8@group-86744E38A9B3-LeaderElection50] INFO  server.RaftServerConfigKeys (ConfUtils.java:logGet(43)) - raft.server.watch.element-limit = 65536 (default)
2019-10-02 10:24:10,782 [746d3458-33f5-413d-bb91-3f2fbe4579db@group-FE9FE7BC807B-LeaderElection51] INFO  server.RaftServerConfigKeys (ConfUtils.java:logGet(43)) - raft.server.watch.timeout.denomination = 1s (default)
2019-10-02 10:24:10,782 [746d3458-33f5-413d-bb91-3f2fbe4579db@group-FE9FE7BC807B-LeaderElection51] INFO  server.RaftServerConfigKeys (ConfUtils.java:logGet(43)) - raft.server.watch.element-limit = 65536 (default)
2019-10-02 10:24:10,785 [5da457aa-41e2-4257-8b46-efd289a9cf0b@group-64780987BCB2-LeaderElection52] INFO  impl.RoleInfo (RoleInfo.java:updateAndGet(143)) - 5da457aa-41e2-4257-8b46-efd289a9cf0b: start LeaderState
2019-10-02 10:24:10,786 [5da457aa-41e2-4257-8b46-efd289a9cf0b@group-64780987BCB2-LeaderElection52] INFO  segmented.SegmentedRaftLogWorker (SegmentedRaftLogWorker.java:startLogSegment(385)) - 5da457aa-41e2-4257-8b46-efd289a9cf0b@group-64780987BCB2-SegmentedRaftLogWorker: Starting segment from index:0
2019-10-02 10:24:10,786 [49559d9f-0396-4323-98b3-57888c55a3b8@group-86744E38A9B3-LeaderElection50] INFO  impl.RoleInfo (RoleInfo.java:updateAndGet(143)) - 49559d9f-0396-4323-98b3-57888c55a3b8: start LeaderState
2019-10-02 10:24:10,786 [746d3458-33f5-413d-bb91-3f2fbe4579db@group-FE9FE7BC807B-LeaderElection51] INFO  impl.RoleInfo (RoleInfo.java:updateAndGet(143)) - 746d3458-33f5-413d-bb91-3f2fbe4579db: start LeaderState
2019-10-02 10:24:10,786 [49559d9f-0396-4323-98b3-57888c55a3b8@group-86744E38A9B3-LeaderElection50] INFO  segmented.SegmentedRaftLogWorker (SegmentedRaftLogWorker.java:startLogSegment(385)) - 49559d9f-0396-4323-98b3-57888c55a3b8@group-86744E38A9B3-SegmentedRaftLogWorker: Starting segment from index:0
2019-10-02 10:24:10,786 [746d3458-33f5-413d-bb91-3f2fbe4579db@group-FE9FE7BC807B-LeaderElection51] INFO  segmented.SegmentedRaftLogWorker (SegmentedRaftLogWorker.java:startLogSegment(385)) - 746d3458-33f5-413d-bb91-3f2fbe4579db@group-FE9FE7BC807B-SegmentedRaftLogWorker: Starting segment from index:0
2019-10-02 10:24:10,786 [5da457aa-41e2-4257-8b46-efd289a9cf0b@group-64780987BCB2-LeaderElection52] INFO  impl.RaftServerImpl (ServerState.java:setRaftConf(356)) - 5da457aa-41e2-4257-8b46-efd289a9cf0b@group-64780987BCB2: set configuration 0: [5da457aa-41e2-4257-8b46-efd289a9cf0b:192.168.151.92:41608], old=null at 0
2019-10-02 10:24:10,787 [49559d9f-0396-4323-98b3-57888c55a3b8@group-86744E38A9B3-LeaderElection50] INFO  impl.RaftServerImpl (ServerState.java:setRaftConf(356)) - 49559d9f-0396-4323-98b3-57888c55a3b8@group-86744E38A9B3: set configuration 0: [49559d9f-0396-4323-98b3-57888c55a3b8:192.168.151.92:33617], old=null at 0
2019-10-02 10:24:10,787 [746d3458-33f5-413d-bb91-3f2fbe4579db@group-FE9FE7BC807B-LeaderElection51] INFO  impl.RaftServerImpl (ServerState.java:setRaftConf(356)) - 746d3458-33f5-413d-bb91-3f2fbe4579db@group-FE9FE7BC807B: set configuration 0: [746d3458-33f5-413d-bb91-3f2fbe4579db:192.168.151.92:34109], old=null at 0
2019-10-02 10:24:10,802 [Thread-1511] INFO  impl.FollowerState (FollowerState.java:run(108)) - 49559d9f-0396-4323-98b3-57888c55a3b8@group-E2771A7EB0E0-FollowerState: change to CANDIDATE, lastRpcTime:5030ms, electionTimeout:5030ms
2019-10-02 10:24:10,802 [Thread-1511] INFO  impl.RoleInfo (RoleInfo.java:shutdownFollowerState(121)) - 49559d9f-0396-4323-98b3-57888c55a3b8: shutdown FollowerState
2019-10-02 10:24:10,802 [Thread-1511] INFO  impl.RaftServerImpl (RaftServerImpl.java:setRole(170)) - 49559d9f-0396-4323-98b3-57888c55a3b8@group-E2771A7EB0E0: changes role from  FOLLOWER to CANDIDATE at term 0 for changeToCandidate
2019-10-02 10:24:10,803 [Thread-1511] INFO  impl.RoleInfo (RoleInfo.java:updateAndGet(143)) - 49559d9f-0396-4323-98b3-57888c55a3b8: start LeaderElection
2019-10-02 10:24:10,839 [5da457aa-41e2-4257-8b46-efd289a9cf0b@group-64780987BCB2-SegmentedRaftLogWorker] INFO  segmented.SegmentedRaftLogWorker (SegmentedRaftLogWorker.java:execute(574)) - 5da457aa-41e2-4257-8b46-efd289a9cf0b@group-64780987BCB2-SegmentedRaftLogWorker: created new log segment /workdir/hadoop-ozone/integration-test/target/test-dir/MiniOzoneClusterImpl-d5ad254c-7ec7-4fe1-b133-299c928d1cee/datanode-2/data/ratis/2a821bbc-9df0-403e-a47b-64780987bcb2/current/log_inprogress_0
2019-10-02 10:24:10,839 [49559d9f-0396-4323-98b3-57888c55a3b8@group-E2771A7EB0E0-LeaderElection53] INFO  impl.LeaderElection (LeaderElection.java:askForVotes(178)) - 49559d9f-0396-4323-98b3-57888c55a3b8@group-E2771A7EB0E0-LeaderElection53: begin an election at term 1 for -1: [49559d9f-0396-4323-98b3-57888c55a3b8:192.168.151.92:33617, 5da457aa-41e2-4257-8b46-efd289a9cf0b:192.168.151.92:41608, 746d3458-33f5-413d-bb91-3f2fbe4579db:192.168.151.92:34109], old=null
2019-10-02 10:24:10,839 [746d3458-33f5-413d-bb91-3f2fbe4579db@group-FE9FE7BC807B-SegmentedRaftLogWorker] INFO  segmented.SegmentedRaftLogWorker (SegmentedRaftLogWorker.java:execute(574)) - 746d3458-33f5-413d-bb91-3f2fbe4579db@group-FE9FE7BC807B-SegmentedRaftLogWorker: created new log segment /workdir/hadoop-ozone/integration-test/target/test-dir/MiniOzoneClusterImpl-d5ad254c-7ec7-4fe1-b133-299c928d1cee/datanode-1/data/ratis/28d64d5e-fc28-46aa-b6d9-fe9fe7bc807b/current/log_inprogress_0
2019-10-02 10:24:10,839 [49559d9f-0396-4323-98b3-57888c55a3b8@group-86744E38A9B3-SegmentedRaftLogWorker] INFO  segmented.SegmentedRaftLogWorker (SegmentedRaftLogWorker.java:execute(574)) - 49559d9f-0396-4323-98b3-57888c55a3b8@group-86744E38A9B3-SegmentedRaftLogWorker: created new log segment /workdir/hadoop-ozone/integration-test/target/test-dir/MiniOzoneClusterImpl-d5ad254c-7ec7-4fe1-b133-299c928d1cee/datanode-0/data/ratis/fd121819-dc50-44ef-a6ca-86744e38a9b3/current/log_inprogress_0
2019-10-02 10:24:10,845 [grpc-default-executor-12] INFO  impl.RaftServerImpl (RaftServerImpl.java:setRole(170)) - 746d3458-33f5-413d-bb91-3f2fbe4579db@group-E2771A7EB0E0: changes role from  FOLLOWER to FOLLOWER at term 1 for recognizeCandidate:49559d9f-0396-4323-98b3-57888c55a3b8
2019-10-02 10:24:10,845 [grpc-default-executor-10] INFO  impl.RaftServerImpl (RaftServerImpl.java:setRole(170)) - 5da457aa-41e2-4257-8b46-efd289a9cf0b@group-E2771A7EB0E0: changes role from  FOLLOWER to FOLLOWER at term 1 for recognizeCandidate:49559d9f-0396-4323-98b3-57888c55a3b8
2019-10-02 10:24:10,845 [grpc-default-executor-12] INFO  impl.RoleInfo (RoleInfo.java:shutdownFollowerState(121)) - 746d3458-33f5-413d-bb91-3f2fbe4579db: shutdown FollowerState
2019-10-02 10:24:10,845 [grpc-default-executor-10] INFO  impl.RoleInfo (RoleInfo.java:shutdownFollowerState(121)) - 5da457aa-41e2-4257-8b46-efd289a9cf0b: shutdown FollowerState
2019-10-02 10:24:10,846 [Thread-1513] INFO  impl.FollowerState (FollowerState.java:run(117)) - 746d3458-33f5-413d-bb91-3f2fbe4579db@group-E2771A7EB0E0-FollowerState was interrupted: java.lang.InterruptedException: sleep interrupted
2019-10-02 10:24:10,846 [grpc-default-executor-12] INFO  impl.RoleInfo (RoleInfo.java:updateAndGet(143)) - 746d3458-33f5-413d-bb91-3f2fbe4579db: start FollowerState
2019-10-02 10:24:10,846 [grpc-default-executor-10] INFO  impl.RoleInfo (RoleInfo.java:updateAndGet(143)) - 5da457aa-41e2-4257-8b46-efd289a9cf0b: start FollowerState
2019-10-02 10:24:10,846 [Thread-1512] INFO  impl.FollowerState (FollowerState.java:run(117)) - 5da457aa-41e2-4257-8b46-efd289a9cf0b@group-E2771A7EB0E0-FollowerState was interrupted: java.lang.InterruptedException: sleep interrupted
2019-10-02 10:24:10,858 [49559d9f-0396-4323-98b3-57888c55a3b8@group-E2771A7EB0E0-LeaderElection53] INFO  impl.LeaderElection (LeaderElection.java:logAndReturn(56)) - 49559d9f-0396-4323-98b3-57888c55a3b8@group-E2771A7EB0E0-LeaderElection53: Election PASSED; received 1 response(s) [49559d9f-0396-4323-98b3-57888c55a3b8<-5da457aa-41e2-4257-8b46-efd289a9cf0b#0:OK-t1] and 0 exception(s); 49559d9f-0396-4323-98b3-57888c55a3b8@group-E2771A7EB0E0:t1, leader=null, voted=49559d9f-0396-4323-98b3-57888c55a3b8, raftlog=49559d9f-0396-4323-98b3-57888c55a3b8@group-E2771A7EB0E0-SegmentedRaftLog:OPENED:c-1,f-1,i0, conf=-1: [49559d9f-0396-4323-98b3-57888c55a3b8:192.168.151.92:33617, 5da457aa-41e2-4257-8b46-efd289a9cf0b:192.168.151.92:41608, 746d3458-33f5-413d-bb91-3f2fbe4579db:192.168.151.92:34109], old=null
2019-10-02 10:24:10,858 [49559d9f-0396-4323-98b3-57888c55a3b8@group-E2771A7EB0E0-LeaderElection53] INFO  impl.RoleInfo (RoleInfo.java:shutdownLeaderElection(134)) - 49559d9f-0396-4323-98b3-57888c55a3b8: shutdown LeaderElection
2019-10-02 10:24:10,858 [49559d9f-0396-4323-98b3-57888c55a3b8@group-E2771A7EB0E0-LeaderElection53] INFO  impl.RaftServerImpl (RaftServerImpl.java:setRole(170)) - 49559d9f-0396-4323-98b3-57888c55a3b8@group-E2771A7EB0E0: changes role from CANDIDATE to LEADER at term 1 for changeToLeader
2019-10-02 10:24:10,858 [49559d9f-0396-4323-98b3-57888c55a3b8@group-E2771A7EB0E0-LeaderElection53] INFO  impl.RaftServerImpl (ServerState.java:setLeader(255)) - 49559d9f-0396-4323-98b3-57888c55a3b8@group-E2771A7EB0E0: change Leader from null to 49559d9f-0396-4323-98b3-57888c55a3b8 at term 1 for becomeLeader, leader elected after 5095ms
2019-10-02 10:24:10,859 [49559d9f-0396-4323-98b3-57888c55a3b8@group-E2771A7EB0E0-LeaderElection53] INFO  server.RaftServerConfigKeys (ConfUtils.java:logGet(43)) - raft.server.staging.catchup.gap = 1000 (default)
2019-10-02 10:24:10,859 [49559d9f-0396-4323-98b3-57888c55a3b8@group-E2771A7EB0E0-LeaderElection53] INFO  server.RaftServerConfigKeys (ConfUtils.java:logGet(43)) - raft.server.rpc.sleep.time = 25ms (default)
2019-10-02 10:24:10,859 [49559d9f-0396-4323-98b3-57888c55a3b8@group-E2771A7EB0E0-LeaderElection53] INFO  server.RaftServerConfigKeys (ConfUtils.java:logGet(43)) - raft.server.write.element-limit = 4096 (default)
2019-10-02 10:24:10,859 [49559d9f-0396-4323-98b3-57888c55a3b8@group-E2771A7EB0E0-LeaderElection53] INFO  server.RaftServerConfigKeys (ConfUtils.java:logGet(43)) - raft.server.watch.timeout = 10s (default)
2019-10-02 10:24:10,859 [49559d9f-0396-4323-98b3-57888c55a3b8@group-E2771A7EB0E0-LeaderElection53] INFO  server.RaftServerConfigKeys (ConfUtils.java:logGet(43)) - raft.server.watch.timeout.denomination = 1s (default)
2019-10-02 10:24:10,859 [49559d9f-0396-4323-98b3-57888c55a3b8@group-E2771A7EB0E0-LeaderElection53] INFO  server.RaftServerConfigKeys (ConfUtils.java:logGet(43)) - raft.server.watch.element-limit = 65536 (default)
2019-10-02 10:24:10,861 [49559d9f-0396-4323-98b3-57888c55a3b8@group-E2771A7EB0E0-LeaderElection53] INFO  server.RaftServerConfigKeys (ConfUtils.java:logGet(43)) - raft.server.log.appender.snapshot.chunk.size.max = 16MB (=16777216) (default)
2019-10-02 10:24:10,861 [49559d9f-0396-4323-98b3-57888c55a3b8@group-E2771A7EB0E0-LeaderElection53] INFO  server.RaftServerConfigKeys (ConfUtils.java:logGet(43)) - raft.server.log.appender.buffer.byte-limit = 33554432 (custom)
2019-10-02 10:24:10,861 [49559d9f-0396-4323-98b3-57888c55a3b8@group-E2771A7EB0E0-LeaderElection53] INFO  server.RaftServerConfigKeys (ConfUtils.java:logGet(43)) - raft.server.log.appender.buffer.element-limit = 1 (custom)
2019-10-02 10:24:10,861 [49559d9f-0396-4323-98b3-57888c55a3b8@group-E2771A7EB0E0-LeaderElection53] INFO  grpc.GrpcConfigKeys$Server (ConfUtils.java:logGet(43)) - raft.grpc.server.leader.outstanding.appends.max = 128 (default)
2019-10-02 10:24:10,861 [49559d9f-0396-4323-98b3-57888c55a3b8@group-E2771A7EB0E0-LeaderElection53] INFO  server.RaftServerConfigKeys (ConfUtils.java:logGet(43)) - raft.server.rpc.request.timeout = 3000ms (default)
2019-10-02 10:24:10,861 [49559d9f-0396-4323-98b3-57888c55a3b8@group-E2771A7EB0E0-LeaderElection53] INFO  server.RaftServerConfigKeys (ConfUtils.java:logGet(43)) - raft.server.log.appender.install.snapshot.enabled = false (custom)
2019-10-02 10:24:10,862 [49559d9f-0396-4323-98b3-57888c55a3b8@group-E2771A7EB0E0-LeaderElection53] INFO  server.RaftServerConfigKeys (ConfUtils.java:logGet(43)) - raft.server.log.appender.snapshot.chunk.size.max = 16MB (=16777216) (default)
2019-10-02 10:24:10,862 [49559d9f-0396-4323-98b3-57888c55a3b8@group-E2771A7EB0E0-LeaderElection53] INFO  server.RaftServerConfigKeys (ConfUtils.java:logGet(43)) - raft.server.log.appender.buffer.byte-limit = 33554432 (custom)
2019-10-02 10:24:10,862 [49559d9f-0396-4323-98b3-57888c55a3b8@group-E2771A7EB0E0-LeaderElection53] INFO  server.RaftServerConfigKeys (ConfUtils.java:logGet(43)) - raft.server.log.appender.buffer.element-limit = 1 (custom)
2019-10-02 10:24:10,862 [49559d9f-0396-4323-98b3-57888c55a3b8@group-E2771A7EB0E0-LeaderElection53] INFO  grpc.GrpcConfigKeys$Server (ConfUtils.java:logGet(43)) - raft.grpc.server.leader.outstanding.appends.max = 128 (default)
2019-10-02 10:24:10,862 [49559d9f-0396-4323-98b3-57888c55a3b8@group-E2771A7EB0E0-LeaderElection53] INFO  server.RaftServerConfigKeys (ConfUtils.java:logGet(43)) - raft.server.rpc.request.timeout = 3000ms (default)
2019-10-02 10:24:10,862 [49559d9f-0396-4323-98b3-57888c55a3b8@group-E2771A7EB0E0-LeaderElection53] INFO  server.RaftServerConfigKeys (ConfUtils.java:logGet(43)) - raft.server.log.appender.install.snapshot.enabled = false (custom)
2019-10-02 10:24:10,863 [49559d9f-0396-4323-98b3-57888c55a3b8@group-E2771A7EB0E0-LeaderElection53] INFO  impl.RoleInfo (RoleInfo.java:updateAndGet(143)) - 49559d9f-0396-4323-98b3-57888c55a3b8: start LeaderState
2019-10-02 10:24:10,863 [49559d9f-0396-4323-98b3-57888c55a3b8@group-E2771A7EB0E0-LeaderElection53] INFO  segmented.SegmentedRaftLogWorker (SegmentedRaftLogWorker.java:startLogSegment(385)) - 49559d9f-0396-4323-98b3-57888c55a3b8@group-E2771A7EB0E0-SegmentedRaftLogWorker: Starting segment from index:0
2019-10-02 10:24:10,863 [49559d9f-0396-4323-98b3-57888c55a3b8@group-E2771A7EB0E0-LeaderElection53] INFO  impl.RaftServerImpl (ServerState.java:setRaftConf(356)) - 49559d9f-0396-4323-98b3-57888c55a3b8@group-E2771A7EB0E0: set configuration 0: [49559d9f-0396-4323-98b3-57888c55a3b8:192.168.151.92:33617, 5da457aa-41e2-4257-8b46-efd289a9cf0b:192.168.151.92:41608, 746d3458-33f5-413d-bb91-3f2fbe4579db:192.168.151.92:34109], old=null at 0
2019-10-02 10:24:10,899 [grpc-default-executor-10] INFO  impl.RaftServerImpl (ServerState.java:setLeader(255)) - 746d3458-33f5-413d-bb91-3f2fbe4579db@group-E2771A7EB0E0: change Leader from null to 49559d9f-0396-4323-98b3-57888c55a3b8 at term 1 for appendEntries, leader elected after 5136ms
2019-10-02 10:24:10,899 [grpc-default-executor-12] INFO  impl.RaftServerImpl (ServerState.java:setLeader(255)) - 5da457aa-41e2-4257-8b46-efd289a9cf0b@group-E2771A7EB0E0: change Leader from null to 49559d9f-0396-4323-98b3-57888c55a3b8 at term 1 for appendEntries, leader elected after 5135ms
2019-10-02 10:24:10,903 [grpc-default-executor-10] INFO  impl.RaftServerImpl (ServerState.java:setRaftConf(356)) - 5da457aa-41e2-4257-8b46-efd289a9cf0b@group-E2771A7EB0E0: set configuration 0: [49559d9f-0396-4323-98b3-57888c55a3b8:192.168.151.92:33617, 5da457aa-41e2-4257-8b46-efd289a9cf0b:192.168.151.92:41608, 746d3458-33f5-413d-bb91-3f2fbe4579db:192.168.151.92:34109], old=null at 0
2019-10-02 10:24:10,903 [grpc-default-executor-12] INFO  impl.RaftServerImpl (ServerState.java:setRaftConf(356)) - 746d3458-33f5-413d-bb91-3f2fbe4579db@group-E2771A7EB0E0: set configuration 0: [49559d9f-0396-4323-98b3-57888c55a3b8:192.168.151.92:33617, 5da457aa-41e2-4257-8b46-efd289a9cf0b:192.168.151.92:41608, 746d3458-33f5-413d-bb91-3f2fbe4579db:192.168.151.92:34109], old=null at 0
2019-10-02 10:24:10,904 [grpc-default-executor-10] INFO  segmented.SegmentedRaftLogWorker (SegmentedRaftLogWorker.java:startLogSegment(385)) - 5da457aa-41e2-4257-8b46-efd289a9cf0b@group-E2771A7EB0E0-SegmentedRaftLogWorker: Starting segment from index:0
2019-10-02 10:24:10,904 [grpc-default-executor-12] INFO  segmented.SegmentedRaftLogWorker (SegmentedRaftLogWorker.java:startLogSegment(385)) - 746d3458-33f5-413d-bb91-3f2fbe4579db@group-E2771A7EB0E0-SegmentedRaftLogWorker: Starting segment from index:0
2019-10-02 10:24:10,914 [49559d9f-0396-4323-98b3-57888c55a3b8@group-E2771A7EB0E0-SegmentedRaftLogWorker] INFO  segmented.SegmentedRaftLogWorker (SegmentedRaftLogWorker.java:execute(574)) - 49559d9f-0396-4323-98b3-57888c55a3b8@group-E2771A7EB0E0-SegmentedRaftLogWorker: created new log segment /workdir/hadoop-ozone/integration-test/target/test-dir/MiniOzoneClusterImpl-d5ad254c-7ec7-4fe1-b133-299c928d1cee/datanode-0/data/ratis/934bb685-eab6-43f9-943b-e2771a7eb0e0/current/log_inprogress_0
2019-10-02 10:24:10,942 [5da457aa-41e2-4257-8b46-efd289a9cf0b@group-E2771A7EB0E0-SegmentedRaftLogWorker] INFO  segmented.SegmentedRaftLogWorker (SegmentedRaftLogWorker.java:execute(574)) - 5da457aa-41e2-4257-8b46-efd289a9cf0b@group-E2771A7EB0E0-SegmentedRaftLogWorker: created new log segment /workdir/hadoop-ozone/integration-test/target/test-dir/MiniOzoneClusterImpl-d5ad254c-7ec7-4fe1-b133-299c928d1cee/datanode-2/data/ratis/934bb685-eab6-43f9-943b-e2771a7eb0e0/current/log_inprogress_0
2019-10-02 10:24:10,942 [746d3458-33f5-413d-bb91-3f2fbe4579db@group-E2771A7EB0E0-SegmentedRaftLogWorker] INFO  segmented.SegmentedRaftLogWorker (SegmentedRaftLogWorker.java:execute(574)) - 746d3458-33f5-413d-bb91-3f2fbe4579db@group-E2771A7EB0E0-SegmentedRaftLogWorker: created new log segment /workdir/hadoop-ozone/integration-test/target/test-dir/MiniOzoneClusterImpl-d5ad254c-7ec7-4fe1-b133-299c928d1cee/datanode-1/data/ratis/934bb685-eab6-43f9-943b-e2771a7eb0e0/current/log_inprogress_0
2019-10-02 10:24:10,984 [Thread-1518] INFO  impl.FollowerState (FollowerState.java:run(108)) - 34fae152-b7fa-42df-acc8-98158dd84481@group-6B29F2C82D0B-FollowerState: change to CANDIDATE, lastRpcTime:5122ms, electionTimeout:5122ms
2019-10-02 10:24:10,984 [Thread-1518] INFO  impl.RoleInfo (RoleInfo.java:shutdownFollowerState(121)) - 34fae152-b7fa-42df-acc8-98158dd84481: shutdown FollowerState
2019-10-02 10:24:10,984 [Thread-1518] INFO  impl.RaftServerImpl (RaftServerImpl.java:setRole(170)) - 34fae152-b7fa-42df-acc8-98158dd84481@group-6B29F2C82D0B: changes role from  FOLLOWER to CANDIDATE at term 0 for changeToCandidate
2019-10-02 10:24:10,984 [Thread-1518] INFO  impl.RoleInfo (RoleInfo.java:updateAndGet(143)) - 34fae152-b7fa-42df-acc8-98158dd84481: start LeaderElection
2019-10-02 10:24:11,002 [34fae152-b7fa-42df-acc8-98158dd84481@group-6B29F2C82D0B-LeaderElection54] INFO  impl.LeaderElection (LeaderElection.java:askForVotes(178)) - 34fae152-b7fa-42df-acc8-98158dd84481@group-6B29F2C82D0B-LeaderElection54: begin an election at term 1 for -1: [34fae152-b7fa-42df-acc8-98158dd84481:192.168.151.92:46737], old=null
2019-10-02 10:24:11,003 [34fae152-b7fa-42df-acc8-98158dd84481@group-6B29F2C82D0B-LeaderElection54] INFO  impl.RoleInfo (RoleInfo.java:shutdownLeaderElection(134)) - 34fae152-b7fa-42df-acc8-98158dd84481: shutdown LeaderElection
2019-10-02 10:24:11,003 [34fae152-b7fa-42df-acc8-98158dd84481@group-6B29F2C82D0B-LeaderElection54] INFO  impl.RaftServerImpl (RaftServerImpl.java:setRole(170)) - 34fae152-b7fa-42df-acc8-98158dd84481@group-6B29F2C82D0B: changes role from CANDIDATE to LEADER at term 1 for changeToLeader
2019-10-02 10:24:11,003 [34fae152-b7fa-42df-acc8-98158dd84481@group-6B29F2C82D0B-LeaderElection54] INFO  impl.RaftServerImpl (ServerState.java:setLeader(255)) - 34fae152-b7fa-42df-acc8-98158dd84481@group-6B29F2C82D0B: change Leader from null to 34fae152-b7fa-42df-acc8-98158dd84481 at term 1 for becomeLeader, leader elected after 5148ms
2019-10-02 10:24:11,010 [34fae152-b7fa-42df-acc8-98158dd84481@group-6B29F2C82D0B-LeaderElection54] INFO  server.RaftServerConfigKeys (ConfUtils.java:logGet(43)) - raft.server.staging.catchup.gap = 1000 (default)
2019-10-02 10:24:11,010 [34fae152-b7fa-42df-acc8-98158dd84481@group-6B29F2C82D0B-LeaderElection54] INFO  server.RaftServerConfigKeys (ConfUtils.java:logGet(43)) - raft.server.rpc.sleep.time = 25ms (default)
2019-10-02 10:24:11,010 [34fae152-b7fa-42df-acc8-98158dd84481@group-6B29F2C82D0B-LeaderElection54] INFO  server.RaftServerConfigKeys (ConfUtils.java:logGet(43)) - raft.server.write.element-limit = 4096 (default)
2019-10-02 10:24:11,011 [34fae152-b7fa-42df-acc8-98158dd84481@group-6B29F2C82D0B-LeaderElection54] INFO  server.RaftServerConfigKeys (ConfUtils.java:logGet(43)) - raft.server.watch.timeout = 10s (default)
2019-10-02 10:24:11,011 [34fae152-b7fa-42df-acc8-98158dd84481@group-6B29F2C82D0B-LeaderElection54] INFO  server.RaftServerConfigKeys (ConfUtils.java:logGet(43)) - raft.server.watch.timeout.denomination = 1s (default)
2019-10-02 10:24:11,011 [34fae152-b7fa-42df-acc8-98158dd84481@group-6B29F2C82D0B-LeaderElection54] INFO  server.RaftServerConfigKeys (ConfUtils.java:logGet(43)) - raft.server.watch.element-limit = 65536 (default)
2019-10-02 10:24:11,013 [34fae152-b7fa-42df-acc8-98158dd84481@group-6B29F2C82D0B-LeaderElection54] INFO  impl.RoleInfo (RoleInfo.java:updateAndGet(143)) - 34fae152-b7fa-42df-acc8-98158dd84481: start LeaderState
2019-10-02 10:24:11,013 [34fae152-b7fa-42df-acc8-98158dd84481@group-6B29F2C82D0B-LeaderElection54] INFO  segmented.SegmentedRaftLogWorker (SegmentedRaftLogWorker.java:startLogSegment(385)) - 34fae152-b7fa-42df-acc8-98158dd84481@group-6B29F2C82D0B-SegmentedRaftLogWorker: Starting segment from index:0
2019-10-02 10:24:11,014 [34fae152-b7fa-42df-acc8-98158dd84481@group-6B29F2C82D0B-LeaderElection54] INFO  impl.RaftServerImpl (ServerState.java:setRaftConf(356)) - 34fae152-b7fa-42df-acc8-98158dd84481@group-6B29F2C82D0B: set configuration 0: [34fae152-b7fa-42df-acc8-98158dd84481:192.168.151.92:46737], old=null at 0
2019-10-02 10:24:11,053 [34fae152-b7fa-42df-acc8-98158dd84481@group-6B29F2C82D0B-SegmentedRaftLogWorker] INFO  segmented.SegmentedRaftLogWorker (SegmentedRaftLogWorker.java:execute(574)) - 34fae152-b7fa-42df-acc8-98158dd84481@group-6B29F2C82D0B-SegmentedRaftLogWorker: created new log segment /workdir/hadoop-ozone/integration-test/target/test-dir/MiniOzoneClusterImpl-d5ad254c-7ec7-4fe1-b133-299c928d1cee/datanode-3/data/ratis/f08c44ae-3a8e-4c2f-b3f2-6b29f2c82d0b/current/log_inprogress_0
2019-10-02 10:24:11,120 [Thread-1521] INFO  impl.FollowerState (FollowerState.java:run(108)) - 8e221173-2966-45d1-b573-2acb9ca2f9c6@group-5877B180A8D2-FollowerState: change to CANDIDATE, lastRpcTime:5197ms, electionTimeout:5197ms
2019-10-02 10:24:11,120 [Thread-1521] INFO  impl.RoleInfo (RoleInfo.java:shutdownFollowerState(121)) - 8e221173-2966-45d1-b573-2acb9ca2f9c6: shutdown FollowerState
2019-10-02 10:24:11,120 [Thread-1521] INFO  impl.RaftServerImpl (RaftServerImpl.java:setRole(170)) - 8e221173-2966-45d1-b573-2acb9ca2f9c6@group-5877B180A8D2: changes role from  FOLLOWER to CANDIDATE at term 0 for changeToCandidate
2019-10-02 10:24:11,120 [Thread-1521] INFO  impl.RoleInfo (RoleInfo.java:updateAndGet(143)) - 8e221173-2966-45d1-b573-2acb9ca2f9c6: start LeaderElection
2019-10-02 10:24:11,129 [Thread-1532] INFO  impl.FollowerState (FollowerState.java:run(108)) - f69031d4-11b9-431b-99d5-e0135a1d3a49@group-3BDA493117BA-FollowerState: change to CANDIDATE, lastRpcTime:5006ms, electionTimeout:5006ms
2019-10-02 10:24:11,129 [Thread-1532] INFO  impl.RoleInfo (RoleInfo.java:shutdownFollowerState(121)) - f69031d4-11b9-431b-99d5-e0135a1d3a49: shutdown FollowerState
2019-10-02 10:24:11,129 [Thread-1532] INFO  impl.RaftServerImpl (RaftServerImpl.java:setRole(170)) - f69031d4-11b9-431b-99d5-e0135a1d3a49@group-3BDA493117BA: changes role from  FOLLOWER to CANDIDATE at term 0 for changeToCandidate
2019-10-02 10:24:11,129 [Thread-1532] INFO  impl.RoleInfo (RoleInfo.java:updateAndGet(143)) - f69031d4-11b9-431b-99d5-e0135a1d3a49: start LeaderElection
2019-10-02 10:24:11,135 [8e221173-2966-45d1-b573-2acb9ca2f9c6@group-5877B180A8D2-LeaderElection55] INFO  impl.LeaderElection (LeaderElection.java:askForVotes(178)) - 8e221173-2966-45d1-b573-2acb9ca2f9c6@group-5877B180A8D2-LeaderElection55: begin an election at term 1 for -1: [8e221173-2966-45d1-b573-2acb9ca2f9c6:192.168.151.92:40595], old=null
2019-10-02 10:24:11,135 [8e221173-2966-45d1-b573-2acb9ca2f9c6@group-5877B180A8D2-LeaderElection55] INFO  impl.RoleInfo (RoleInfo.java:shutdownLeaderElection(134)) - 8e221173-2966-45d1-b573-2acb9ca2f9c6: shutdown LeaderElection
2019-10-02 10:24:11,135 [8e221173-2966-45d1-b573-2acb9ca2f9c6@group-5877B180A8D2-LeaderElection55] INFO  impl.RaftServerImpl (RaftServerImpl.java:setRole(170)) - 8e221173-2966-45d1-b573-2acb9ca2f9c6@group-5877B180A8D2: changes role from CANDIDATE to LEADER at term 1 for changeToLeader
2019-10-02 10:24:11,135 [8e221173-2966-45d1-b573-2acb9ca2f9c6@group-5877B180A8D2-LeaderElection55] INFO  impl.RaftServerImpl (ServerState.java:setLeader(255)) - 8e221173-2966-45d1-b573-2acb9ca2f9c6@group-5877B180A8D2: change Leader from null to 8e221173-2966-45d1-b573-2acb9ca2f9c6 at term 1 for becomeLeader, leader elected after 5222ms
2019-10-02 10:24:11,135 [8e221173-2966-45d1-b573-2acb9ca2f9c6@group-5877B180A8D2-LeaderElection55] INFO  server.RaftServerConfigKeys (ConfUtils.java:logGet(43)) - raft.server.staging.catchup.gap = 1000 (default)
2019-10-02 10:24:11,136 [8e221173-2966-45d1-b573-2acb9ca2f9c6@group-5877B180A8D2-LeaderElection55] INFO  server.RaftServerConfigKeys (ConfUtils.java:logGet(43)) - raft.server.rpc.sleep.time = 25ms (default)
2019-10-02 10:24:11,136 [8e221173-2966-45d1-b573-2acb9ca2f9c6@group-5877B180A8D2-LeaderElection55] INFO  server.RaftServerConfigKeys (ConfUtils.java:logGet(43)) - raft.server.write.element-limit = 4096 (default)
2019-10-02 10:24:11,136 [8e221173-2966-45d1-b573-2acb9ca2f9c6@group-5877B180A8D2-LeaderElection55] INFO  server.RaftServerConfigKeys (ConfUtils.java:logGet(43)) - raft.server.watch.timeout = 10s (default)
2019-10-02 10:24:11,136 [8e221173-2966-45d1-b573-2acb9ca2f9c6@group-5877B180A8D2-LeaderElection55] INFO  server.RaftServerConfigKeys (ConfUtils.java:logGet(43)) - raft.server.watch.timeout.denomination = 1s (default)
2019-10-02 10:24:11,136 [8e221173-2966-45d1-b573-2acb9ca2f9c6@group-5877B180A8D2-LeaderElection55] INFO  server.RaftServerConfigKeys (ConfUtils.java:logGet(43)) - raft.server.watch.element-limit = 65536 (default)
2019-10-02 10:24:11,137 [f69031d4-11b9-431b-99d5-e0135a1d3a49@group-3BDA493117BA-LeaderElection56] INFO  impl.LeaderElection (LeaderElection.java:askForVotes(178)) - f69031d4-11b9-431b-99d5-e0135a1d3a49@group-3BDA493117BA-LeaderElection56: begin an election at term 1 for -1: [f69031d4-11b9-431b-99d5-e0135a1d3a49:192.168.151.92:43727, 8e221173-2966-45d1-b573-2acb9ca2f9c6:192.168.151.92:40595, 34fae152-b7fa-42df-acc8-98158dd84481:192.168.151.92:46737], old=null
2019-10-02 10:24:11,138 [8e221173-2966-45d1-b573-2acb9ca2f9c6@group-5877B180A8D2-LeaderElection55] INFO  impl.RoleInfo (RoleInfo.java:updateAndGet(143)) - 8e221173-2966-45d1-b573-2acb9ca2f9c6: start LeaderState
2019-10-02 10:24:11,139 [8e221173-2966-45d1-b573-2acb9ca2f9c6@group-5877B180A8D2-LeaderElection55] INFO  segmented.SegmentedRaftLogWorker (SegmentedRaftLogWorker.java:startLogSegment(385)) - 8e221173-2966-45d1-b573-2acb9ca2f9c6@group-5877B180A8D2-SegmentedRaftLogWorker: Starting segment from index:0
2019-10-02 10:24:11,139 [8e221173-2966-45d1-b573-2acb9ca2f9c6@group-5877B180A8D2-LeaderElection55] INFO  impl.RaftServerImpl (ServerState.java:setRaftConf(356)) - 8e221173-2966-45d1-b573-2acb9ca2f9c6@group-5877B180A8D2: set configuration 0: [8e221173-2966-45d1-b573-2acb9ca2f9c6:192.168.151.92:40595], old=null at 0
2019-10-02 10:24:11,142 [grpc-default-executor-12] INFO  impl.RaftServerImpl (RaftServerImpl.java:setRole(170)) - 8e221173-2966-45d1-b573-2acb9ca2f9c6@group-3BDA493117BA: changes role from  FOLLOWER to FOLLOWER at term 1 for recognizeCandidate:f69031d4-11b9-431b-99d5-e0135a1d3a49
2019-10-02 10:24:11,142 [grpc-default-executor-12] INFO  impl.RoleInfo (RoleInfo.java:shutdownFollowerState(121)) - 8e221173-2966-45d1-b573-2acb9ca2f9c6: shutdown FollowerState
2019-10-02 10:24:11,142 [grpc-default-executor-10] INFO  impl.RaftServerImpl (RaftServerImpl.java:setRole(170)) - 34fae152-b7fa-42df-acc8-98158dd84481@group-3BDA493117BA: changes role from  FOLLOWER to FOLLOWER at term 1 for recognizeCandidate:f69031d4-11b9-431b-99d5-e0135a1d3a49
2019-10-02 10:24:11,142 [Thread-1534] INFO  impl.FollowerState (FollowerState.java:run(117)) - 8e221173-2966-45d1-b573-2acb9ca2f9c6@group-3BDA493117BA-FollowerState was interrupted: java.lang.InterruptedException: sleep interrupted
2019-10-02 10:24:11,142 [grpc-default-executor-12] INFO  impl.RoleInfo (RoleInfo.java:updateAndGet(143)) - 8e221173-2966-45d1-b573-2acb9ca2f9c6: start FollowerState
2019-10-02 10:24:11,177 [Thread-1524] INFO  impl.FollowerState (FollowerState.java:run(108)) - f69031d4-11b9-431b-99d5-e0135a1d3a49@group-9EDD1238EBA6-FollowerState: change to CANDIDATE, lastRpcTime:5178ms, electionTimeout:5171ms
2019-10-02 10:24:11,142 [grpc-default-executor-10] INFO  impl.RoleInfo (RoleInfo.java:shutdownFollowerState(121)) - 34fae152-b7fa-42df-acc8-98158dd84481: shutdown FollowerState
2019-10-02 10:24:11,178 [Thread-1524] INFO  impl.RoleInfo (RoleInfo.java:shutdownFollowerState(121)) - f69031d4-11b9-431b-99d5-e0135a1d3a49: shutdown FollowerState
2019-10-02 10:24:11,178 [grpc-default-executor-10] INFO  impl.RoleInfo (RoleInfo.java:updateAndGet(143)) - 34fae152-b7fa-42df-acc8-98158dd84481: start FollowerState
2019-10-02 10:24:11,178 [Thread-1524] INFO  impl.RaftServerImpl (RaftServerImpl.java:setRole(170)) - f69031d4-11b9-431b-99d5-e0135a1d3a49@group-9EDD1238EBA6: changes role from  FOLLOWER to CANDIDATE at term 0 for changeToCandidate
2019-10-02 10:24:11,178 [Thread-1524] INFO  impl.RoleInfo (RoleInfo.java:updateAndGet(143)) - f69031d4-11b9-431b-99d5-e0135a1d3a49: start LeaderElection
2019-10-02 10:24:11,190 [8e221173-2966-45d1-b573-2acb9ca2f9c6@group-5877B180A8D2-SegmentedRaftLogWorker] INFO  segmented.SegmentedRaftLogWorker (SegmentedRaftLogWorker.java:execute(574)) - 8e221173-2966-45d1-b573-2acb9ca2f9c6@group-5877B180A8D2-SegmentedRaftLogWorker: created new log segment /workdir/hadoop-ozone/integration-test/target/test-dir/MiniOzoneClusterImpl-d5ad254c-7ec7-4fe1-b133-299c928d1cee/datanode-4/data/ratis/5856f22c-cbea-48ad-afba-5877b180a8d2/current/log_inprogress_0
2019-10-02 10:24:11,190 [f69031d4-11b9-431b-99d5-e0135a1d3a49@group-9EDD1238EBA6-LeaderElection57] INFO  impl.LeaderElection (LeaderElection.java:askForVotes(178)) - f69031d4-11b9-431b-99d5-e0135a1d3a49@group-9EDD1238EBA6-LeaderElection57: begin an election at term 1 for -1: [f69031d4-11b9-431b-99d5-e0135a1d3a49:192.168.151.92:43727], old=null
2019-10-02 10:24:11,193 [Thread-1527] INFO  impl.FollowerState (FollowerState.java:run(108)) - 65e8cff9-3562-41f1-ba40-93b617184610@group-55016A39F25F-FollowerState: change to CANDIDATE, lastRpcTime:5138ms, electionTimeout:5136ms
2019-10-02 10:24:11,194 [f69031d4-11b9-431b-99d5-e0135a1d3a49@group-9EDD1238EBA6-LeaderElection57] INFO  impl.RoleInfo (RoleInfo.java:shutdownLeaderElection(134)) - f69031d4-11b9-431b-99d5-e0135a1d3a49: shutdown LeaderElection
2019-10-02 10:24:11,194 [Thread-1527] INFO  impl.RoleInfo (RoleInfo.java:shutdownFollowerState(121)) - 65e8cff9-3562-41f1-ba40-93b617184610: shutdown FollowerState
2019-10-02 10:24:11,194 [f69031d4-11b9-431b-99d5-e0135a1d3a49@group-9EDD1238EBA6-LeaderElection57] INFO  impl.RaftServerImpl (RaftServerImpl.java:setRole(170)) - f69031d4-11b9-431b-99d5-e0135a1d3a49@group-9EDD1238EBA6: changes role from CANDIDATE to LEADER at term 1 for changeToLeader
2019-10-02 10:24:11,203 [Thread-1527] INFO  impl.RaftServerImpl (RaftServerImpl.java:setRole(170)) - 65e8cff9-3562-41f1-ba40-93b617184610@group-55016A39F25F: changes role from  FOLLOWER to CANDIDATE at term 0 for changeToCandidate
2019-10-02 10:24:11,204 [f69031d4-11b9-431b-99d5-e0135a1d3a49@group-9EDD1238EBA6-LeaderElection57] INFO  impl.RaftServerImpl (ServerState.java:setLeader(255)) - f69031d4-11b9-431b-99d5-e0135a1d3a49@group-9EDD1238EBA6: change Leader from null to f69031d4-11b9-431b-99d5-e0135a1d3a49 at term 1 for becomeLeader, leader elected after 5214ms
2019-10-02 10:24:11,204 [f69031d4-11b9-431b-99d5-e0135a1d3a49@group-3BDA493117BA-LeaderElection56] INFO  impl.LeaderElection (LeaderElection.java:logAndReturn(56)) - f69031d4-11b9-431b-99d5-e0135a1d3a49@group-3BDA493117BA-LeaderElection56: Election PASSED; received 1 response(s) [f69031d4-11b9-431b-99d5-e0135a1d3a49<-8e221173-2966-45d1-b573-2acb9ca2f9c6#0:OK-t1] and 0 exception(s); f69031d4-11b9-431b-99d5-e0135a1d3a49@group-3BDA493117BA:t1, leader=null, voted=f69031d4-11b9-431b-99d5-e0135a1d3a49, raftlog=f69031d4-11b9-431b-99d5-e0135a1d3a49@group-3BDA493117BA-SegmentedRaftLog:OPENED:c-1,f-1,i0, conf=-1: [f69031d4-11b9-431b-99d5-e0135a1d3a49:192.168.151.92:43727, 8e221173-2966-45d1-b573-2acb9ca2f9c6:192.168.151.92:40595, 34fae152-b7fa-42df-acc8-98158dd84481:192.168.151.92:46737], old=null
2019-10-02 10:24:11,204 [f69031d4-11b9-431b-99d5-e0135a1d3a49@group-9EDD1238EBA6-LeaderElection57] INFO  server.RaftServerConfigKeys (ConfUtils.java:logGet(43)) - raft.server.staging.catchup.gap = 1000 (default)
2019-10-02 10:24:11,204 [Thread-1527] INFO  impl.RoleInfo (RoleInfo.java:updateAndGet(143)) - 65e8cff9-3562-41f1-ba40-93b617184610: start LeaderElection
2019-10-02 10:24:11,205 [f69031d4-11b9-431b-99d5-e0135a1d3a49@group-9EDD1238EBA6-LeaderElection57] INFO  server.RaftServerConfigKeys (ConfUtils.java:logGet(43)) - raft.server.rpc.sleep.time = 25ms (default)
2019-10-02 10:24:11,204 [f69031d4-11b9-431b-99d5-e0135a1d3a49@group-3BDA493117BA-LeaderElection56] INFO  impl.RoleInfo (RoleInfo.java:shutdownLeaderElection(134)) - f69031d4-11b9-431b-99d5-e0135a1d3a49: shutdown LeaderElection
2019-10-02 10:24:11,207 [f69031d4-11b9-431b-99d5-e0135a1d3a49@group-3BDA493117BA-LeaderElection56] INFO  impl.RaftServerImpl (RaftServerImpl.java:setRole(170)) - f69031d4-11b9-431b-99d5-e0135a1d3a49@group-3BDA493117BA: changes role from CANDIDATE to LEADER at term 1 for changeToLeader
2019-10-02 10:24:11,211 [f69031d4-11b9-431b-99d5-e0135a1d3a49@group-9EDD1238EBA6-LeaderElection57] INFO  server.RaftServerConfigKeys (ConfUtils.java:logGet(43)) - raft.server.write.element-limit = 4096 (default)
2019-10-02 10:24:11,211 [f69031d4-11b9-431b-99d5-e0135a1d3a49@group-3BDA493117BA-LeaderElection56] INFO  impl.RaftServerImpl (ServerState.java:setLeader(255)) - f69031d4-11b9-431b-99d5-e0135a1d3a49@group-3BDA493117BA: change Leader from null to f69031d4-11b9-431b-99d5-e0135a1d3a49 at term 1 for becomeLeader, leader elected after 5095ms
2019-10-02 10:24:11,211 [f69031d4-11b9-431b-99d5-e0135a1d3a49@group-3BDA493117BA-LeaderElection56] INFO  server.RaftServerConfigKeys (ConfUtils.java:logGet(43)) - raft.server.staging.catchup.gap = 1000 (default)
2019-10-02 10:24:11,211 [f69031d4-11b9-431b-99d5-e0135a1d3a49@group-3BDA493117BA-LeaderElection56] INFO  server.RaftServerConfigKeys (ConfUtils.java:logGet(43)) - raft.server.rpc.sleep.time = 25ms (default)
2019-10-02 10:24:11,212 [f69031d4-11b9-431b-99d5-e0135a1d3a49@group-3BDA493117BA-LeaderElection56] INFO  server.RaftServerConfigKeys (ConfUtils.java:logGet(43)) - raft.server.write.element-limit = 4096 (default)
2019-10-02 10:24:11,211 [f69031d4-11b9-431b-99d5-e0135a1d3a49@group-9EDD1238EBA6-LeaderElection57] INFO  server.RaftServerConfigKeys (ConfUtils.java:logGet(43)) - raft.server.watch.timeout = 10s (default)
2019-10-02 10:24:11,212 [f69031d4-11b9-431b-99d5-e0135a1d3a49@group-9EDD1238EBA6-LeaderElection57] INFO  server.RaftServerConfigKeys (ConfUtils.java:logGet(43)) - raft.server.watch.timeout.denomination = 1s (default)
2019-10-02 10:24:11,212 [f69031d4-11b9-431b-99d5-e0135a1d3a49@group-9EDD1238EBA6-LeaderElection57] INFO  server.RaftServerConfigKeys (ConfUtils.java:logGet(43)) - raft.server.watch.element-limit = 65536 (default)
2019-10-02 10:24:11,212 [f69031d4-11b9-431b-99d5-e0135a1d3a49@group-3BDA493117BA-LeaderElection56] INFO  server.RaftServerConfigKeys (ConfUtils.java:logGet(43)) - raft.server.watch.timeout = 10s (default)
2019-10-02 10:24:11,213 [f69031d4-11b9-431b-99d5-e0135a1d3a49@group-3BDA493117BA-LeaderElection56] INFO  server.RaftServerConfigKeys (ConfUtils.java:logGet(43)) - raft.server.watch.timeout.denomination = 1s (default)
2019-10-02 10:24:11,213 [f69031d4-11b9-431b-99d5-e0135a1d3a49@group-3BDA493117BA-LeaderElection56] INFO  server.RaftServerConfigKeys (ConfUtils.java:logGet(43)) - raft.server.watch.element-limit = 65536 (default)
2019-10-02 10:24:11,218 [f69031d4-11b9-431b-99d5-e0135a1d3a49@group-9EDD1238EBA6-LeaderElection57] INFO  impl.RoleInfo (RoleInfo.java:updateAndGet(143)) - f69031d4-11b9-431b-99d5-e0135a1d3a49: start LeaderState
2019-10-02 10:24:11,218 [f69031d4-11b9-431b-99d5-e0135a1d3a49@group-9EDD1238EBA6-LeaderElection57] INFO  segmented.SegmentedRaftLogWorker (SegmentedRaftLogWorker.java:startLogSegment(385)) - f69031d4-11b9-431b-99d5-e0135a1d3a49@group-9EDD1238EBA6-SegmentedRaftLogWorker: Starting segment from index:0
2019-10-02 10:24:11,218 [f69031d4-11b9-431b-99d5-e0135a1d3a49@group-3BDA493117BA-LeaderElection56] INFO  server.RaftServerConfigKeys (ConfUtils.java:logGet(43)) - raft.server.log.appender.snapshot.chunk.size.max = 16MB (=16777216) (default)
2019-10-02 10:24:11,219 [f69031d4-11b9-431b-99d5-e0135a1d3a49@group-3BDA493117BA-LeaderElection56] INFO  server.RaftServerConfigKeys (ConfUtils.java:logGet(43)) - raft.server.log.appender.buffer.byte-limit = 33554432 (custom)
2019-10-02 10:24:11,219 [f69031d4-11b9-431b-99d5-e0135a1d3a49@group-9EDD1238EBA6-LeaderElection57] INFO  impl.RaftServerImpl (ServerState.java:setRaftConf(356)) - f69031d4-11b9-431b-99d5-e0135a1d3a49@group-9EDD1238EBA6: set configuration 0: [f69031d4-11b9-431b-99d5-e0135a1d3a49:192.168.151.92:43727], old=null at 0
2019-10-02 10:24:11,219 [f69031d4-11b9-431b-99d5-e0135a1d3a49@group-3BDA493117BA-LeaderElection56] INFO  server.RaftServerConfigKeys (ConfUtils.java:logGet(43)) - raft.server.log.appender.buffer.element-limit = 1 (custom)
2019-10-02 10:24:11,219 [f69031d4-11b9-431b-99d5-e0135a1d3a49@group-3BDA493117BA-LeaderElection56] INFO  grpc.GrpcConfigKeys$Server (ConfUtils.java:logGet(43)) - raft.grpc.server.leader.outstanding.appends.max = 128 (default)
2019-10-02 10:24:11,219 [f69031d4-11b9-431b-99d5-e0135a1d3a49@group-3BDA493117BA-LeaderElection56] INFO  server.RaftServerConfigKeys (ConfUtils.java:logGet(43)) - raft.server.rpc.request.timeout = 3000ms (default)
2019-10-02 10:24:11,220 [f69031d4-11b9-431b-99d5-e0135a1d3a49@group-3BDA493117BA-LeaderElection56] INFO  server.RaftServerConfigKeys (ConfUtils.java:logGet(43)) - raft.server.log.appender.install.snapshot.enabled = false (custom)
2019-10-02 10:24:11,220 [f69031d4-11b9-431b-99d5-e0135a1d3a49@group-3BDA493117BA-LeaderElection56] INFO  server.RaftServerConfigKeys (ConfUtils.java:logGet(43)) - raft.server.log.appender.snapshot.chunk.size.max = 16MB (=16777216) (default)
2019-10-02 10:24:11,220 [f69031d4-11b9-431b-99d5-e0135a1d3a49@group-3BDA493117BA-LeaderElection56] INFO  server.RaftServerConfigKeys (ConfUtils.java:logGet(43)) - raft.server.log.appender.buffer.byte-limit = 33554432 (custom)
2019-10-02 10:24:11,220 [f69031d4-11b9-431b-99d5-e0135a1d3a49@group-3BDA493117BA-LeaderElection56] INFO  server.RaftServerConfigKeys (ConfUtils.java:logGet(43)) - raft.server.log.appender.buffer.element-limit = 1 (custom)
2019-10-02 10:24:11,220 [f69031d4-11b9-431b-99d5-e0135a1d3a49@group-3BDA493117BA-LeaderElection56] INFO  grpc.GrpcConfigKeys$Server (ConfUtils.java:logGet(43)) - raft.grpc.server.leader.outstanding.appends.max = 128 (default)
2019-10-02 10:24:11,220 [f69031d4-11b9-431b-99d5-e0135a1d3a49@group-3BDA493117BA-LeaderElection56] INFO  server.RaftServerConfigKeys (ConfUtils.java:logGet(43)) - raft.server.rpc.request.timeout = 3000ms (default)
2019-10-02 10:24:11,221 [f69031d4-11b9-431b-99d5-e0135a1d3a49@group-3BDA493117BA-LeaderElection56] INFO  server.RaftServerConfigKeys (ConfUtils.java:logGet(43)) - raft.server.log.appender.install.snapshot.enabled = false (custom)
2019-10-02 10:24:11,221 [f69031d4-11b9-431b-99d5-e0135a1d3a49@group-3BDA493117BA-LeaderElection56] INFO  impl.RoleInfo (RoleInfo.java:updateAndGet(143)) - f69031d4-11b9-431b-99d5-e0135a1d3a49: start LeaderState
2019-10-02 10:24:11,221 [f69031d4-11b9-431b-99d5-e0135a1d3a49@group-3BDA493117BA-LeaderElection56] INFO  segmented.SegmentedRaftLogWorker (SegmentedRaftLogWorker.java:startLogSegment(385)) - f69031d4-11b9-431b-99d5-e0135a1d3a49@group-3BDA493117BA-SegmentedRaftLogWorker: Starting segment from index:0
2019-10-02 10:24:11,222 [f69031d4-11b9-431b-99d5-e0135a1d3a49@group-3BDA493117BA-LeaderElection56] INFO  impl.RaftServerImpl (ServerState.java:setRaftConf(356)) - f69031d4-11b9-431b-99d5-e0135a1d3a49@group-3BDA493117BA: set configuration 0: [f69031d4-11b9-431b-99d5-e0135a1d3a49:192.168.151.92:43727, 8e221173-2966-45d1-b573-2acb9ca2f9c6:192.168.151.92:40595, 34fae152-b7fa-42df-acc8-98158dd84481:192.168.151.92:46737], old=null at 0
2019-10-02 10:24:11,223 [grpc-default-executor-12] INFO  impl.RaftServerImpl (ServerState.java:setLeader(255)) - 34fae152-b7fa-42df-acc8-98158dd84481@group-3BDA493117BA: change Leader from null to f69031d4-11b9-431b-99d5-e0135a1d3a49 at term 1 for appendEntries, leader elected after 5107ms
2019-10-02 10:24:11,255 [grpc-default-executor-10] INFO  impl.RaftServerImpl (ServerState.java:setLeader(255)) - 8e221173-2966-45d1-b573-2acb9ca2f9c6@group-3BDA493117BA: change Leader from null to f69031d4-11b9-431b-99d5-e0135a1d3a49 at term 1 for appendEntries, leader elected after 5139ms
2019-10-02 10:24:11,256 [65e8cff9-3562-41f1-ba40-93b617184610@group-55016A39F25F-LeaderElection58] INFO  impl.LeaderElection (LeaderElection.java:askForVotes(178)) - 65e8cff9-3562-41f1-ba40-93b617184610@group-55016A39F25F-LeaderElection58: begin an election at term 1 for -1: [65e8cff9-3562-41f1-ba40-93b617184610:192.168.151.92:34472], old=null
2019-10-02 10:24:11,256 [65e8cff9-3562-41f1-ba40-93b617184610@group-55016A39F25F-LeaderElection58] INFO  impl.RoleInfo (RoleInfo.java:shutdownLeaderElection(134)) - 65e8cff9-3562-41f1-ba40-93b617184610: shutdown LeaderElection
2019-10-02 10:24:11,256 [65e8cff9-3562-41f1-ba40-93b617184610@group-55016A39F25F-LeaderElection58] INFO  impl.RaftServerImpl (RaftServerImpl.java:setRole(170)) - 65e8cff9-3562-41f1-ba40-93b617184610@group-55016A39F25F: changes role from CANDIDATE to LEADER at term 1 for changeToLeader
2019-10-02 10:24:11,256 [65e8cff9-3562-41f1-ba40-93b617184610@group-55016A39F25F-LeaderElection58] INFO  impl.RaftServerImpl (ServerState.java:setLeader(255)) - 65e8cff9-3562-41f1-ba40-93b617184610@group-55016A39F25F: change Leader from null to 65e8cff9-3562-41f1-ba40-93b617184610 at term 1 for becomeLeader, leader elected after 5207ms
2019-10-02 10:24:11,256 [65e8cff9-3562-41f1-ba40-93b617184610@group-55016A39F25F-LeaderElection58] INFO  server.RaftServerConfigKeys (ConfUtils.java:logGet(43)) - raft.server.staging.catchup.gap = 1000 (default)
2019-10-02 10:24:11,256 [65e8cff9-3562-41f1-ba40-93b617184610@group-55016A39F25F-LeaderElection58] INFO  server.RaftServerConfigKeys (ConfUtils.java:logGet(43)) - raft.server.rpc.sleep.time = 25ms (default)
2019-10-02 10:24:11,257 [65e8cff9-3562-41f1-ba40-93b617184610@group-55016A39F25F-LeaderElection58] INFO  server.RaftServerConfigKeys (ConfUtils.java:logGet(43)) - raft.server.write.element-limit = 4096 (default)
2019-10-02 10:24:11,257 [65e8cff9-3562-41f1-ba40-93b617184610@group-55016A39F25F-LeaderElection58] INFO  server.RaftServerConfigKeys (ConfUtils.java:logGet(43)) - raft.server.watch.timeout = 10s (default)
2019-10-02 10:24:11,257 [65e8cff9-3562-41f1-ba40-93b617184610@group-55016A39F25F-LeaderElection58] INFO  server.RaftServerConfigKeys (ConfUtils.java:logGet(43)) - raft.server.watch.timeout.denomination = 1s (default)
2019-10-02 10:24:11,257 [65e8cff9-3562-41f1-ba40-93b617184610@group-55016A39F25F-LeaderElection58] INFO  server.RaftServerConfigKeys (ConfUtils.java:logGet(43)) - raft.server.watch.element-limit = 65536 (default)
2019-10-02 10:24:11,258 [grpc-default-executor-12] INFO  impl.RaftServerImpl (ServerState.java:setRaftConf(356)) - 34fae152-b7fa-42df-acc8-98158dd84481@group-3BDA493117BA: set configuration 0: [f69031d4-11b9-431b-99d5-e0135a1d3a49:192.168.151.92:43727, 8e221173-2966-45d1-b573-2acb9ca2f9c6:192.168.151.92:40595, 34fae152-b7fa-42df-acc8-98158dd84481:192.168.151.92:46737], old=null at 0
2019-10-02 10:24:11,258 [grpc-default-executor-10] INFO  impl.RaftServerImpl (ServerState.java:setRaftConf(356)) - 8e221173-2966-45d1-b573-2acb9ca2f9c6@group-3BDA493117BA: set configuration 0: [f69031d4-11b9-431b-99d5-e0135a1d3a49:192.168.151.92:43727, 8e221173-2966-45d1-b573-2acb9ca2f9c6:192.168.151.92:40595, 34fae152-b7fa-42df-acc8-98158dd84481:192.168.151.92:46737], old=null at 0
2019-10-02 10:24:11,258 [grpc-default-executor-12] INFO  segmented.SegmentedRaftLogWorker (SegmentedRaftLogWorker.java:startLogSegment(385)) - 34fae152-b7fa-42df-acc8-98158dd84481@group-3BDA493117BA-SegmentedRaftLogWorker: Starting segment from index:0
2019-10-02 10:24:11,259 [grpc-default-executor-10] INFO  segmented.SegmentedRaftLogWorker (SegmentedRaftLogWorker.java:startLogSegment(385)) - 8e221173-2966-45d1-b573-2acb9ca2f9c6@group-3BDA493117BA-SegmentedRaftLogWorker: Starting segment from index:0
2019-10-02 10:24:11,259 [65e8cff9-3562-41f1-ba40-93b617184610@group-55016A39F25F-LeaderElection58] INFO  impl.RoleInfo (RoleInfo.java:updateAndGet(143)) - 65e8cff9-3562-41f1-ba40-93b617184610: start LeaderState
2019-10-02 10:24:11,259 [65e8cff9-3562-41f1-ba40-93b617184610@group-55016A39F25F-LeaderElection58] INFO  segmented.SegmentedRaftLogWorker (SegmentedRaftLogWorker.java:startLogSegment(385)) - 65e8cff9-3562-41f1-ba40-93b617184610@group-55016A39F25F-SegmentedRaftLogWorker: Starting segment from index:0
2019-10-02 10:24:11,260 [65e8cff9-3562-41f1-ba40-93b617184610@group-55016A39F25F-LeaderElection58] INFO  impl.RaftServerImpl (ServerState.java:setRaftConf(356)) - 65e8cff9-3562-41f1-ba40-93b617184610@group-55016A39F25F: set configuration 0: [65e8cff9-3562-41f1-ba40-93b617184610:192.168.151.92:34472], old=null at 0
2019-10-02 10:24:11,297 [f69031d4-11b9-431b-99d5-e0135a1d3a49@group-9EDD1238EBA6-SegmentedRaftLogWorker] INFO  segmented.SegmentedRaftLogWorker (SegmentedRaftLogWorker.java:execute(574)) - f69031d4-11b9-431b-99d5-e0135a1d3a49@group-9EDD1238EBA6-SegmentedRaftLogWorker: created new log segment /workdir/hadoop-ozone/integration-test/target/test-dir/MiniOzoneClusterImpl-d5ad254c-7ec7-4fe1-b133-299c928d1cee/datanode-5/data/ratis/83567978-d271-4064-9705-9edd1238eba6/current/log_inprogress_0
2019-10-02 10:24:11,297 [f69031d4-11b9-431b-99d5-e0135a1d3a49@group-3BDA493117BA-SegmentedRaftLogWorker] INFO  segmented.SegmentedRaftLogWorker (SegmentedRaftLogWorker.java:execute(574)) - f69031d4-11b9-431b-99d5-e0135a1d3a49@group-3BDA493117BA-SegmentedRaftLogWorker: created new log segment /workdir/hadoop-ozone/integration-test/target/test-dir/MiniOzoneClusterImpl-d5ad254c-7ec7-4fe1-b133-299c928d1cee/datanode-5/data/ratis/4f5267f2-6f9b-433d-87af-3bda493117ba/current/log_inprogress_0
2019-10-02 10:24:11,309 [8e221173-2966-45d1-b573-2acb9ca2f9c6@group-3BDA493117BA-SegmentedRaftLogWorker] INFO  segmented.SegmentedRaftLogWorker (SegmentedRaftLogWorker.java:execute(574)) - 8e221173-2966-45d1-b573-2acb9ca2f9c6@group-3BDA493117BA-SegmentedRaftLogWorker: created new log segment /workdir/hadoop-ozone/integration-test/target/test-dir/MiniOzoneClusterImpl-d5ad254c-7ec7-4fe1-b133-299c928d1cee/datanode-4/data/ratis/4f5267f2-6f9b-433d-87af-3bda493117ba/current/log_inprogress_0
2019-10-02 10:24:11,309 [65e8cff9-3562-41f1-ba40-93b617184610@group-55016A39F25F-SegmentedRaftLogWorker] INFO  segmented.SegmentedRaftLogWorker (SegmentedRaftLogWorker.java:execute(574)) - 65e8cff9-3562-41f1-ba40-93b617184610@group-55016A39F25F-SegmentedRaftLogWorker: created new log segment /workdir/hadoop-ozone/integration-test/target/test-dir/MiniOzoneClusterImpl-d5ad254c-7ec7-4fe1-b133-299c928d1cee/datanode-6/data/ratis/5a67dab2-4fce-47ab-ba8b-55016a39f25f/current/log_inprogress_0
2019-10-02 10:24:11,309 [34fae152-b7fa-42df-acc8-98158dd84481@group-3BDA493117BA-SegmentedRaftLogWorker] INFO  segmented.SegmentedRaftLogWorker (SegmentedRaftLogWorker.java:execute(574)) - 34fae152-b7fa-42df-acc8-98158dd84481@group-3BDA493117BA-SegmentedRaftLogWorker: created new log segment /workdir/hadoop-ozone/integration-test/target/test-dir/MiniOzoneClusterImpl-d5ad254c-7ec7-4fe1-b133-299c928d1cee/datanode-3/data/ratis/4f5267f2-6f9b-433d-87af-3bda493117ba/current/log_inprogress_0
2019-10-02 10:24:13,385 [main] INFO  ozone.MiniOzoneClusterImpl (MiniOzoneClusterImpl.java:shutdown(314)) - Shutting down the Mini Ozone Cluster
2019-10-02 10:24:13,386 [main] INFO  ozone.MiniOzoneClusterImpl (MiniOzoneClusterImpl.java:stop(330)) - Stopping the Mini Ozone Cluster
2019-10-02 10:24:13,386 [main] INFO  ozone.MiniOzoneClusterImpl (MiniOzoneClusterImpl.java:stopOM(400)) - Stopping the OzoneManager
2019-10-02 10:24:13,386 [main] INFO  ipc.Server (Server.java:stop(3082)) - Stopping server on 38467
2019-10-02 10:24:13,403 [main] INFO  ratis.OzoneManagerDoubleBuffer (OzoneManagerDoubleBuffer.java:stop(248)) - Stopping OMDoubleBuffer flush thread
2019-10-02 10:24:13,406 [IPC Server Responder] INFO  ipc.Server (Server.java:run(1319)) - Stopping IPC Server Responder
2019-10-02 10:24:13,405 [IPC Server listener on 38467] INFO  ipc.Server (Server.java:run(1185)) - Stopping IPC Server listener on 38467
2019-10-02 10:24:13,426 [OMDoubleBufferFlushThread] INFO  ratis.OzoneManagerDoubleBuffer (OzoneManagerDoubleBuffer.java:flushTransactions(191)) - OMDoubleBuffer flush thread OMDoubleBufferFlushThread is interrupted and will exit. OMDoubleBufferFlushThread
2019-10-02 10:24:13,428 [main] INFO  utils.BackgroundService (BackgroundService.java:shutdown(148)) - Shutting down service KeyDeletingService
2019-10-02 10:24:13,430 [main] INFO  handler.ContextHandler (ContextHandler.java:doStop(910)) - Stopped o.e.j.w.WebAppContext@45b15381{/,null,UNAVAILABLE}{/ozoneManager}
2019-10-02 10:24:13,431 [main] INFO  server.AbstractConnector (AbstractConnector.java:doStop(318)) - Stopped ServerConnector@2dbfcf7{HTTP/1.1,[http/1.1]}{0.0.0.0:0}
2019-10-02 10:24:13,432 [main] INFO  handler.ContextHandler (ContextHandler.java:doStop(910)) - Stopped o.e.j.s.ServletContextHandler@9e54c59{/static,file:///workdir/hadoop-ozone/integration-test/target/test-classes/webapps/static,UNAVAILABLE}
2019-10-02 10:24:13,432 [main] INFO  handler.ContextHandler (ContextHandler.java:doStop(910)) - Stopped o.e.j.s.ServletContextHandler@d535a3d{/logs,file:///workdir/hadoop-ozone/integration-test/target/log,UNAVAILABLE}
2019-10-02 10:24:13,436 [main] INFO  ozone.MiniOzoneClusterImpl (MiniOzoneClusterImpl.java:stopDatanodes(377)) - Stopping the HddsDatanodes
2019-10-02 10:24:13,563 [Datanode State Machine Thread - 0] INFO  statemachine.DatanodeStateMachine (DatanodeStateMachine.java:lambda$startDaemon$0(350)) - Ozone container server started.
2019-10-02 10:24:13,826 [Datanode State Machine Thread - 0] INFO  statemachine.DatanodeStateMachine (DatanodeStateMachine.java:lambda$startDaemon$0(350)) - Ozone container server started.
2019-10-02 10:24:18,438 [main] INFO  ozoneimpl.OzoneContainer (OzoneContainer.java:stop(231)) - Attempting to stop container services.
2019-10-02 10:24:18,438 [ForkJoinPool.commonPool-worker-0] INFO  ozoneimpl.OzoneContainer (OzoneContainer.java:stop(231)) - Attempting to stop container services.
2019-10-02 10:24:18,439 [main] INFO  impl.RaftServerProxy (RaftServerProxy.java:lambda$close$4(314)) - 8e221173-2966-45d1-b573-2acb9ca2f9c6: close
2019-10-02 10:24:18,439 [ForkJoinPool.commonPool-worker-0] INFO  impl.RaftServerProxy (RaftServerProxy.java:lambda$close$4(314)) - 746d3458-33f5-413d-bb91-3f2fbe4579db: close
2019-10-02 10:24:18,439 [main] INFO  impl.RaftServerImpl (RaftServerImpl.java:lambda$shutdown$3(247)) - 8e221173-2966-45d1-b573-2acb9ca2f9c6@group-5877B180A8D2: shutdown
2019-10-02 10:24:18,440 [ForkJoinPool.commonPool-worker-0] INFO  impl.RaftServerImpl (RaftServerImpl.java:lambda$shutdown$3(247)) - 746d3458-33f5-413d-bb91-3f2fbe4579db@group-E2771A7EB0E0: shutdown
2019-10-02 10:24:18,440 [main] INFO  util.JmxRegister (JmxRegister.java:unregister(73)) - Successfully un-registered JMX Bean with object name Ratis:service=RaftServer,group=group-5877B180A8D2,id=8e221173-2966-45d1-b573-2acb9ca2f9c6
2019-10-02 10:24:18,440 [ForkJoinPool.commonPool-worker-0] INFO  util.JmxRegister (JmxRegister.java:unregister(73)) - Successfully un-registered JMX Bean with object name Ratis:service=RaftServer,group=group-E2771A7EB0E0,id=746d3458-33f5-413d-bb91-3f2fbe4579db
2019-10-02 10:24:18,441 [main] INFO  impl.RoleInfo (RoleInfo.java:shutdownLeaderState(104)) - 8e221173-2966-45d1-b573-2acb9ca2f9c6: shutdown LeaderState
2019-10-02 10:24:18,441 [ForkJoinPool.commonPool-worker-0] INFO  impl.RoleInfo (RoleInfo.java:shutdownFollowerState(121)) - 746d3458-33f5-413d-bb91-3f2fbe4579db: shutdown FollowerState
2019-10-02 10:24:18,442 [main] INFO  impl.PendingRequests (PendingRequests.java:sendNotLeaderResponses(202)) - 8e221173-2966-45d1-b573-2acb9ca2f9c6@group-5877B180A8D2-PendingRequests: sendNotLeaderResponses
2019-10-02 10:24:18,442 [Thread-1560] INFO  impl.FollowerState (FollowerState.java:run(117)) - 746d3458-33f5-413d-bb91-3f2fbe4579db@group-E2771A7EB0E0-FollowerState was interrupted: java.lang.InterruptedException: sleep interrupted
2019-10-02 10:24:18,442 [ForkJoinPool.commonPool-worker-0] INFO  impl.StateMachineUpdater (StateMachineUpdater.java:stopAndJoin(136)) - 746d3458-33f5-413d-bb91-3f2fbe4579db@group-E2771A7EB0E0-StateMachineUpdater: set stopIndex = 0
2019-10-02 10:24:18,446 [main] INFO  impl.StateMachineUpdater (StateMachineUpdater.java:stopAndJoin(136)) - 8e221173-2966-45d1-b573-2acb9ca2f9c6@group-5877B180A8D2-StateMachineUpdater: set stopIndex = 0
2019-10-02 10:24:18,446 [ForkJoinPool.commonPool-worker-0] INFO  impl.RaftServerImpl (ServerState.java:close(387)) - 746d3458-33f5-413d-bb91-3f2fbe4579db@group-E2771A7EB0E0: closes. applyIndex: 0
2019-10-02 10:24:18,446 [main] INFO  impl.RaftServerImpl (ServerState.java:close(387)) - 8e221173-2966-45d1-b573-2acb9ca2f9c6@group-5877B180A8D2: closes. applyIndex: 0
2019-10-02 10:24:18,447 [746d3458-33f5-413d-bb91-3f2fbe4579db@group-E2771A7EB0E0-SegmentedRaftLogWorker] INFO  segmented.SegmentedRaftLogWorker (SegmentedRaftLogWorker.java:run(316)) - 746d3458-33f5-413d-bb91-3f2fbe4579db@group-E2771A7EB0E0-SegmentedRaftLogWorker was interrupted, exiting. There are 0 tasks remaining in the queue.
2019-10-02 10:24:18,447 [8e221173-2966-45d1-b573-2acb9ca2f9c6@group-5877B180A8D2-SegmentedRaftLogWorker] INFO  segmented.SegmentedRaftLogWorker (SegmentedRaftLogWorker.java:run(316)) - 8e221173-2966-45d1-b573-2acb9ca2f9c6@group-5877B180A8D2-SegmentedRaftLogWorker was interrupted, exiting. There are 0 tasks remaining in the queue.
2019-10-02 10:24:18,450 [ForkJoinPool.commonPool-worker-0] INFO  segmented.SegmentedRaftLogWorker (SegmentedRaftLogWorker.java:close(224)) - 746d3458-33f5-413d-bb91-3f2fbe4579db@group-E2771A7EB0E0-SegmentedRaftLogWorker close()
2019-10-02 10:24:18,450 [main] INFO  segmented.SegmentedRaftLogWorker (SegmentedRaftLogWorker.java:close(224)) - 8e221173-2966-45d1-b573-2acb9ca2f9c6@group-5877B180A8D2-SegmentedRaftLogWorker close()
2019-10-02 10:24:18,454 [ForkJoinPool.commonPool-worker-0] INFO  impl.RaftServerImpl (RaftServerImpl.java:lambda$shutdown$3(247)) - 746d3458-33f5-413d-bb91-3f2fbe4579db@group-FE9FE7BC807B: shutdown
2019-10-02 10:24:18,457 [main] INFO  impl.RaftServerImpl (RaftServerImpl.java:lambda$shutdown$3(247)) - 8e221173-2966-45d1-b573-2acb9ca2f9c6@group-3BDA493117BA: shutdown
2019-10-02 10:24:18,457 [ForkJoinPool.commonPool-worker-0] INFO  util.JmxRegister (JmxRegister.java:unregister(73)) - Successfully un-registered JMX Bean with object name Ratis:service=RaftServer,group=group-FE9FE7BC807B,id=746d3458-33f5-413d-bb91-3f2fbe4579db
2019-10-02 10:24:18,457 [main] INFO  util.JmxRegister (JmxRegister.java:unregister(73)) - Successfully un-registered JMX Bean with object name Ratis:service=RaftServer,group=group-3BDA493117BA,id=8e221173-2966-45d1-b573-2acb9ca2f9c6
2019-10-02 10:24:18,458 [ForkJoinPool.commonPool-worker-0] INFO  impl.RoleInfo (RoleInfo.java:shutdownLeaderState(104)) - 746d3458-33f5-413d-bb91-3f2fbe4579db: shutdown LeaderState
2019-10-02 10:24:18,458 [main] INFO  impl.RoleInfo (RoleInfo.java:shutdownFollowerState(121)) - 8e221173-2966-45d1-b573-2acb9ca2f9c6: shutdown FollowerState
2019-10-02 10:24:18,459 [ForkJoinPool.commonPool-worker-0] INFO  impl.PendingRequests (PendingRequests.java:sendNotLeaderResponses(202)) - 746d3458-33f5-413d-bb91-3f2fbe4579db@group-FE9FE7BC807B-PendingRequests: sendNotLeaderResponses
2019-10-02 10:24:18,459 [Thread-1578] INFO  impl.FollowerState (FollowerState.java:run(117)) - 8e221173-2966-45d1-b573-2acb9ca2f9c6@group-3BDA493117BA-FollowerState was interrupted: java.lang.InterruptedException: sleep interrupted
2019-10-02 10:24:18,463 [ForkJoinPool.commonPool-worker-0] INFO  impl.StateMachineUpdater (StateMachineUpdater.java:stopAndJoin(136)) - 746d3458-33f5-413d-bb91-3f2fbe4579db@group-FE9FE7BC807B-StateMachineUpdater: set stopIndex = 0
2019-10-02 10:24:18,463 [main] INFO  impl.StateMachineUpdater (StateMachineUpdater.java:stopAndJoin(136)) - 8e221173-2966-45d1-b573-2acb9ca2f9c6@group-3BDA493117BA-StateMachineUpdater: set stopIndex = 2
2019-10-02 10:24:18,463 [ForkJoinPool.commonPool-worker-0] INFO  impl.RaftServerImpl (ServerState.java:close(387)) - 746d3458-33f5-413d-bb91-3f2fbe4579db@group-FE9FE7BC807B: closes. applyIndex: 0
2019-10-02 10:24:18,464 [main] INFO  impl.RaftServerImpl (ServerState.java:close(387)) - 8e221173-2966-45d1-b573-2acb9ca2f9c6@group-3BDA493117BA: closes. applyIndex: 2
2019-10-02 10:24:18,464 [746d3458-33f5-413d-bb91-3f2fbe4579db@group-FE9FE7BC807B-SegmentedRaftLogWorker] INFO  segmented.SegmentedRaftLogWorker (SegmentedRaftLogWorker.java:run(316)) - 746d3458-33f5-413d-bb91-3f2fbe4579db@group-FE9FE7BC807B-SegmentedRaftLogWorker was interrupted, exiting. There are 0 tasks remaining in the queue.
2019-10-02 10:24:18,464 [8e221173-2966-45d1-b573-2acb9ca2f9c6@group-3BDA493117BA-SegmentedRaftLogWorker] INFO  segmented.SegmentedRaftLogWorker (SegmentedRaftLogWorker.java:run(316)) - 8e221173-2966-45d1-b573-2acb9ca2f9c6@group-3BDA493117BA-SegmentedRaftLogWorker was interrupted, exiting. There are 0 tasks remaining in the queue.
2019-10-02 10:24:18,466 [ForkJoinPool.commonPool-worker-0] INFO  segmented.SegmentedRaftLogWorker (SegmentedRaftLogWorker.java:close(224)) - 746d3458-33f5-413d-bb91-3f2fbe4579db@group-FE9FE7BC807B-SegmentedRaftLogWorker close()
2019-10-02 10:24:18,468 [main] INFO  segmented.SegmentedRaftLogWorker (SegmentedRaftLogWorker.java:close(224)) - 8e221173-2966-45d1-b573-2acb9ca2f9c6@group-3BDA493117BA-SegmentedRaftLogWorker close()
2019-10-02 10:24:18,471 [ForkJoinPool.commonPool-worker-0] INFO  server.GrpcService (GrpcService.java:closeImpl(164)) - 746d3458-33f5-413d-bb91-3f2fbe4579db: shutdown server with port 34109 now
2019-10-02 10:24:18,476 [main] INFO  server.GrpcService (GrpcService.java:closeImpl(164)) - 8e221173-2966-45d1-b573-2acb9ca2f9c6: shutdown server with port 40595 now
2019-10-02 10:24:18,481 [main] INFO  server.GrpcService (GrpcService.java:closeImpl(172)) - 8e221173-2966-45d1-b573-2acb9ca2f9c6: shutdown server with port 40595 successfully
2019-10-02 10:24:18,483 [grpc-default-executor-15] WARN  server.GrpcLogAppender (LogUtils.java:warn(134)) - f69031d4-11b9-431b-99d5-e0135a1d3a49@group-3BDA493117BA->8e221173-2966-45d1-b573-2acb9ca2f9c6-AppendLogResponseHandler: Failed appendEntries: org.apache.ratis.thirdparty.io.grpc.StatusRuntimeException: CANCELLED: HTTP/2 error code: CANCEL
Received Rst Stream
2019-10-02 10:24:18,483 [grpc-default-executor-12] WARN  server.GrpcLogAppender (LogUtils.java:warn(134)) - 49559d9f-0396-4323-98b3-57888c55a3b8@group-E2771A7EB0E0->746d3458-33f5-413d-bb91-3f2fbe4579db-AppendLogResponseHandler: Failed appendEntries: org.apache.ratis.thirdparty.io.grpc.StatusRuntimeException: CANCELLED: HTTP/2 error code: CANCEL
Received Rst Stream
2019-10-02 10:24:18,482 [ForkJoinPool.commonPool-worker-0] INFO  server.GrpcService (GrpcService.java:closeImpl(172)) - 746d3458-33f5-413d-bb91-3f2fbe4579db: shutdown server with port 34109 successfully
2019-10-02 10:24:18,481 [grpc-default-executor-2] WARN  server.GrpcServerProtocolService (LogUtils.java:warn(134)) - 746d3458-33f5-413d-bb91-3f2fbe4579db: installSnapshot onError, lastRequest: 49559d9f-0396-4323-98b3-57888c55a3b8->746d3458-33f5-413d-bb91-3f2fbe4579db#4-t1, previous=(t:1, i:0), leaderCommit=0, initializing? false, entries: <empty>: org.apache.ratis.thirdparty.io.grpc.StatusRuntimeException: CANCELLED: cancelled before receiving half close
2019-10-02 10:24:18,481 [grpc-default-executor-16] WARN  server.GrpcServerProtocolService (LogUtils.java:warn(134)) - 8e221173-2966-45d1-b573-2acb9ca2f9c6: installSnapshot onError, lastRequest: f69031d4-11b9-431b-99d5-e0135a1d3a49->8e221173-2966-45d1-b573-2acb9ca2f9c6#5-t1, previous=(t:1, i:2), leaderCommit=2, initializing? false, entries: <empty>: org.apache.ratis.thirdparty.io.grpc.StatusRuntimeException: CANCELLED: cancelled before receiving half close
2019-10-02 10:24:18,487 [grpc-default-executor-12] INFO  impl.FollowerInfo (FollowerInfo.java:lambda$new$0(51)) - 49559d9f-0396-4323-98b3-57888c55a3b8@group-E2771A7EB0E0->746d3458-33f5-413d-bb91-3f2fbe4579db: nextIndex: updateUnconditionally 1 -> 0
2019-10-02 10:24:18,487 [grpc-default-executor-15] INFO  impl.FollowerInfo (FollowerInfo.java:lambda$new$0(51)) - f69031d4-11b9-431b-99d5-e0135a1d3a49@group-3BDA493117BA->8e221173-2966-45d1-b573-2acb9ca2f9c6: nextIndex: updateUnconditionally 3 -> 2
2019-10-02 10:24:18,504 [refreshUsed-/workdir/hadoop-ozone/integration-test/target/test-dir/MiniOzoneClusterImpl-d5ad254c-7ec7-4fe1-b133-299c928d1cee/datanode-4/data/containers] WARN  fs.CachingGetSpaceUsed (CachingGetSpaceUsed.java:run(183)) - Thread Interrupted waiting to refresh disk information: sleep interrupted
2019-10-02 10:24:18,504 [refreshUsed-/workdir/hadoop-ozone/integration-test/target/test-dir/MiniOzoneClusterImpl-d5ad254c-7ec7-4fe1-b133-299c928d1cee/datanode-1/data/containers] WARN  fs.CachingGetSpaceUsed (CachingGetSpaceUsed.java:run(183)) - Thread Interrupted waiting to refresh disk information: sleep interrupted
2019-10-02 10:24:18,516 [main] INFO  utils.BackgroundService (BackgroundService.java:shutdown(148)) - Shutting down service BlockDeletingService
2019-10-02 10:24:18,521 [main] INFO  statemachine.DatanodeStateMachine (DatanodeStateMachine.java:stopDaemon(395)) - Ozone container server stopped.
2019-10-02 10:24:18,523 [main] INFO  handler.ContextHandler (ContextHandler.java:doStop(910)) - Stopped o.e.j.w.WebAppContext@1b410308{/,null,UNAVAILABLE}{/hddsDatanode}
2019-10-02 10:24:18,523 [main] INFO  server.AbstractConnector (AbstractConnector.java:doStop(318)) - Stopped ServerConnector@4b0bd001{HTTP/1.1,[http/1.1]}{0.0.0.0:0}
2019-10-02 10:24:18,524 [main] INFO  handler.ContextHandler (ContextHandler.java:doStop(910)) - Stopped o.e.j.s.ServletContextHandler@68e02f33{/static,jar:file:/home/user/.m2/repository/org/apache/hadoop/hadoop-hdds-container-service/0.5.0-SNAPSHOT/hadoop-hdds-container-service-0.5.0-SNAPSHOT.jar!/webapps/static,UNAVAILABLE}
2019-10-02 10:24:18,524 [ForkJoinPool.commonPool-worker-0] INFO  utils.BackgroundService (BackgroundService.java:shutdown(148)) - Shutting down service BlockDeletingService
2019-10-02 10:24:18,524 [main] INFO  handler.ContextHandler (ContextHandler.java:doStop(910)) - Stopped o.e.j.s.ServletContextHandler@78422efb{/logs,file:///workdir/hadoop-ozone/integration-test/target/log,UNAVAILABLE}
2019-10-02 10:24:18,528 [ForkJoinPool.commonPool-worker-0] INFO  statemachine.DatanodeStateMachine (DatanodeStateMachine.java:stopDaemon(395)) - Ozone container server stopped.
2019-10-02 10:24:18,533 [ForkJoinPool.commonPool-worker-0] INFO  handler.ContextHandler (ContextHandler.java:doStop(910)) - Stopped o.e.j.w.WebAppContext@2b4b96a4{/,null,UNAVAILABLE}{/hddsDatanode}
2019-10-02 10:24:18,534 [ForkJoinPool.commonPool-worker-0] INFO  server.AbstractConnector (AbstractConnector.java:doStop(318)) - Stopped ServerConnector@2dd8ff1d{HTTP/1.1,[http/1.1]}{0.0.0.0:0}
2019-10-02 10:24:18,536 [ForkJoinPool.commonPool-worker-0] INFO  handler.ContextHandler (ContextHandler.java:doStop(910)) - Stopped o.e.j.s.ServletContextHandler@3b95a6db{/static,jar:file:/home/user/.m2/repository/org/apache/hadoop/hadoop-hdds-container-service/0.5.0-SNAPSHOT/hadoop-hdds-container-service-0.5.0-SNAPSHOT.jar!/webapps/static,UNAVAILABLE}
2019-10-02 10:24:18,537 [ForkJoinPool.commonPool-worker-0] INFO  handler.ContextHandler (ContextHandler.java:doStop(910)) - Stopped o.e.j.s.ServletContextHandler@21b6c9c2{/logs,file:///workdir/hadoop-ozone/integration-test/target/log,UNAVAILABLE}
2019-10-02 10:24:18,650 [Datanode State Machine Thread - 0] INFO  statemachine.DatanodeStateMachine (DatanodeStateMachine.java:lambda$startDaemon$0(350)) - Ozone container server started.
2019-10-02 10:24:18,731 [Datanode State Machine Thread - 0] INFO  statemachine.DatanodeStateMachine (DatanodeStateMachine.java:lambda$startDaemon$0(350)) - Ozone container server started.
2019-10-02 10:24:20,885 [grpc-default-executor-12] WARN  server.GrpcLogAppender (LogUtils.java:warn(134)) - f69031d4-11b9-431b-99d5-e0135a1d3a49@group-3BDA493117BA->8e221173-2966-45d1-b573-2acb9ca2f9c6-AppendLogResponseHandler: Failed appendEntries: org.apache.ratis.thirdparty.io.grpc.StatusRuntimeException: UNAVAILABLE: io exception
2019-10-02 10:24:20,889 [grpc-default-executor-12] INFO  impl.FollowerInfo (FollowerInfo.java:lambda$new$0(51)) - f69031d4-11b9-431b-99d5-e0135a1d3a49@group-3BDA493117BA->8e221173-2966-45d1-b573-2acb9ca2f9c6: nextIndex: updateUnconditionally 2 -> 1
2019-10-02 10:24:20,961 [grpc-default-executor-16] WARN  server.GrpcLogAppender (LogUtils.java:warn(134)) - 49559d9f-0396-4323-98b3-57888c55a3b8@group-E2771A7EB0E0->746d3458-33f5-413d-bb91-3f2fbe4579db-AppendLogResponseHandler: Failed appendEntries: org.apache.ratis.thirdparty.io.grpc.StatusRuntimeException: UNAVAILABLE: io exception
2019-10-02 10:24:20,970 [grpc-default-executor-16] INFO  impl.FollowerInfo (FollowerInfo.java:lambda$new$0(51)) - 49559d9f-0396-4323-98b3-57888c55a3b8@group-E2771A7EB0E0->746d3458-33f5-413d-bb91-3f2fbe4579db: nextIndex: updateUnconditionally 0 -> 0
2019-10-02 10:24:23,387 [grpc-default-executor-15] WARN  server.GrpcLogAppender (LogUtils.java:warn(134)) - f69031d4-11b9-431b-99d5-e0135a1d3a49@group-3BDA493117BA->8e221173-2966-45d1-b573-2acb9ca2f9c6-AppendLogResponseHandler: Failed appendEntries: org.apache.ratis.thirdparty.io.grpc.StatusRuntimeException: UNAVAILABLE: io exception
2019-10-02 10:24:23,394 [grpc-default-executor-15] INFO  impl.FollowerInfo (FollowerInfo.java:lambda$new$0(51)) - f69031d4-11b9-431b-99d5-e0135a1d3a49@group-3BDA493117BA->8e221173-2966-45d1-b573-2acb9ca2f9c6: nextIndex: updateUnconditionally 1 -> 0
2019-10-02 10:24:23,463 [grpc-default-executor-15] WARN  server.GrpcLogAppender (LogUtils.java:warn(134)) - 49559d9f-0396-4323-98b3-57888c55a3b8@group-E2771A7EB0E0->746d3458-33f5-413d-bb91-3f2fbe4579db-AppendLogResponseHandler: Failed appendEntries: org.apache.ratis.thirdparty.io.grpc.StatusRuntimeException: UNAVAILABLE: io exception
2019-10-02 10:24:23,468 [grpc-default-executor-15] INFO  impl.FollowerInfo (FollowerInfo.java:lambda$new$0(51)) - 49559d9f-0396-4323-98b3-57888c55a3b8@group-E2771A7EB0E0->746d3458-33f5-413d-bb91-3f2fbe4579db: nextIndex: updateUnconditionally 0 -> 0
2019-10-02 10:24:23,533 [main] INFO  ozoneimpl.OzoneContainer (OzoneContainer.java:stop(231)) - Attempting to stop container services.
2019-10-02 10:24:23,534 [main] INFO  impl.RaftServerProxy (RaftServerProxy.java:lambda$close$4(314)) - 34fae152-b7fa-42df-acc8-98158dd84481: close
2019-10-02 10:24:23,534 [main] INFO  impl.RaftServerImpl (RaftServerImpl.java:lambda$shutdown$3(247)) - 34fae152-b7fa-42df-acc8-98158dd84481@group-3BDA493117BA: shutdown
2019-10-02 10:24:23,535 [main] INFO  util.JmxRegister (JmxRegister.java:unregister(73)) - Successfully un-registered JMX Bean with object name Ratis:service=RaftServer,group=group-3BDA493117BA,id=34fae152-b7fa-42df-acc8-98158dd84481
2019-10-02 10:24:23,535 [main] INFO  impl.RoleInfo (RoleInfo.java:shutdownFollowerState(121)) - 34fae152-b7fa-42df-acc8-98158dd84481: shutdown FollowerState
2019-10-02 10:24:23,535 [main] INFO  impl.StateMachineUpdater (StateMachineUpdater.java:stopAndJoin(136)) - 34fae152-b7fa-42df-acc8-98158dd84481@group-3BDA493117BA-StateMachineUpdater: set stopIndex = 2
2019-10-02 10:24:23,535 [Thread-1579] INFO  impl.FollowerState (FollowerState.java:run(117)) - 34fae152-b7fa-42df-acc8-98158dd84481@group-3BDA493117BA-FollowerState was interrupted: java.lang.InterruptedException: sleep interrupted
2019-10-02 10:24:23,536 [main] INFO  impl.RaftServerImpl (ServerState.java:close(387)) - 34fae152-b7fa-42df-acc8-98158dd84481@group-3BDA493117BA: closes. applyIndex: 2
2019-10-02 10:24:23,538 [34fae152-b7fa-42df-acc8-98158dd84481@group-3BDA493117BA-SegmentedRaftLogWorker] INFO  segmented.SegmentedRaftLogWorker (SegmentedRaftLogWorker.java:run(316)) - 34fae152-b7fa-42df-acc8-98158dd84481@group-3BDA493117BA-SegmentedRaftLogWorker was interrupted, exiting. There are 0 tasks remaining in the queue.
2019-10-02 10:24:23,541 [ForkJoinPool.commonPool-worker-0] INFO  ozoneimpl.OzoneContainer (OzoneContainer.java:stop(231)) - Attempting to stop container services.
2019-10-02 10:24:23,541 [main] INFO  segmented.SegmentedRaftLogWorker (SegmentedRaftLogWorker.java:close(224)) - 34fae152-b7fa-42df-acc8-98158dd84481@group-3BDA493117BA-SegmentedRaftLogWorker close()
2019-10-02 10:24:23,541 [ForkJoinPool.commonPool-worker-0] INFO  impl.RaftServerProxy (RaftServerProxy.java:lambda$close$4(314)) - 5da457aa-41e2-4257-8b46-efd289a9cf0b: close
2019-10-02 10:24:23,545 [main] INFO  impl.RaftServerImpl (RaftServerImpl.java:lambda$shutdown$3(247)) - 34fae152-b7fa-42df-acc8-98158dd84481@group-6B29F2C82D0B: shutdown
2019-10-02 10:24:23,545 [ForkJoinPool.commonPool-worker-0] INFO  impl.RaftServerImpl (RaftServerImpl.java:lambda$shutdown$3(247)) - 5da457aa-41e2-4257-8b46-efd289a9cf0b@group-E2771A7EB0E0: shutdown
2019-10-02 10:24:23,545 [main] INFO  util.JmxRegister (JmxRegister.java:unregister(73)) - Successfully un-registered JMX Bean with object name Ratis:service=RaftServer,group=group-6B29F2C82D0B,id=34fae152-b7fa-42df-acc8-98158dd84481
2019-10-02 10:24:23,545 [ForkJoinPool.commonPool-worker-0] INFO  util.JmxRegister (JmxRegister.java:unregister(73)) - Successfully un-registered JMX Bean with object name Ratis:service=RaftServer,group=group-E2771A7EB0E0,id=5da457aa-41e2-4257-8b46-efd289a9cf0b
2019-10-02 10:24:23,545 [main] INFO  impl.RoleInfo (RoleInfo.java:shutdownLeaderState(104)) - 34fae152-b7fa-42df-acc8-98158dd84481: shutdown LeaderState
2019-10-02 10:24:23,546 [ForkJoinPool.commonPool-worker-0] INFO  impl.RoleInfo (RoleInfo.java:shutdownFollowerState(121)) - 5da457aa-41e2-4257-8b46-efd289a9cf0b: shutdown FollowerState
2019-10-02 10:24:23,546 [main] INFO  impl.PendingRequests (PendingRequests.java:sendNotLeaderResponses(202)) - 34fae152-b7fa-42df-acc8-98158dd84481@group-6B29F2C82D0B-PendingRequests: sendNotLeaderResponses
2019-10-02 10:24:23,546 [Thread-1561] INFO  impl.FollowerState (FollowerState.java:run(117)) - 5da457aa-41e2-4257-8b46-efd289a9cf0b@group-E2771A7EB0E0-FollowerState was interrupted: java.lang.InterruptedException: sleep interrupted
2019-10-02 10:24:23,546 [ForkJoinPool.commonPool-worker-0] INFO  impl.StateMachineUpdater (StateMachineUpdater.java:stopAndJoin(136)) - 5da457aa-41e2-4257-8b46-efd289a9cf0b@group-E2771A7EB0E0-StateMachineUpdater: set stopIndex = 0
2019-10-02 10:24:23,548 [main] INFO  impl.StateMachineUpdater (StateMachineUpdater.java:stopAndJoin(136)) - 34fae152-b7fa-42df-acc8-98158dd84481@group-6B29F2C82D0B-StateMachineUpdater: set stopIndex = 0
2019-10-02 10:24:23,548 [ForkJoinPool.commonPool-worker-0] INFO  impl.RaftServerImpl (ServerState.java:close(387)) - 5da457aa-41e2-4257-8b46-efd289a9cf0b@group-E2771A7EB0E0: closes. applyIndex: 0
2019-10-02 10:24:23,549 [main] INFO  impl.RaftServerImpl (ServerState.java:close(387)) - 34fae152-b7fa-42df-acc8-98158dd84481@group-6B29F2C82D0B: closes. applyIndex: 0
2019-10-02 10:24:23,549 [5da457aa-41e2-4257-8b46-efd289a9cf0b@group-E2771A7EB0E0-SegmentedRaftLogWorker] INFO  segmented.SegmentedRaftLogWorker (SegmentedRaftLogWorker.java:run(316)) - 5da457aa-41e2-4257-8b46-efd289a9cf0b@group-E2771A7EB0E0-SegmentedRaftLogWorker was interrupted, exiting. There are 0 tasks remaining in the queue.
2019-10-02 10:24:23,551 [34fae152-b7fa-42df-acc8-98158dd84481@group-6B29F2C82D0B-SegmentedRaftLogWorker] INFO  segmented.SegmentedRaftLogWorker (SegmentedRaftLogWorker.java:run(316)) - 34fae152-b7fa-42df-acc8-98158dd84481@group-6B29F2C82D0B-SegmentedRaftLogWorker was interrupted, exiting. There are 0 tasks remaining in the queue.
2019-10-02 10:24:23,551 [ForkJoinPool.commonPool-worker-0] INFO  segmented.SegmentedRaftLogWorker (SegmentedRaftLogWorker.java:close(224)) - 5da457aa-41e2-4257-8b46-efd289a9cf0b@group-E2771A7EB0E0-SegmentedRaftLogWorker close()
2019-10-02 10:24:23,553 [main] INFO  segmented.SegmentedRaftLogWorker (SegmentedRaftLogWorker.java:close(224)) - 34fae152-b7fa-42df-acc8-98158dd84481@group-6B29F2C82D0B-SegmentedRaftLogWorker close()
2019-10-02 10:24:23,556 [ForkJoinPool.commonPool-worker-0] INFO  impl.RaftServerImpl (RaftServerImpl.java:lambda$shutdown$3(247)) - 5da457aa-41e2-4257-8b46-efd289a9cf0b@group-64780987BCB2: shutdown
2019-10-02 10:24:23,559 [main] INFO  server.GrpcService (GrpcService.java:closeImpl(164)) - 34fae152-b7fa-42df-acc8-98158dd84481: shutdown server with port 46737 now
2019-10-02 10:24:23,559 [ForkJoinPool.commonPool-worker-0] INFO  util.JmxRegister (JmxRegister.java:unregister(73)) - Successfully un-registered JMX Bean with object name Ratis:service=RaftServer,group=group-64780987BCB2,id=5da457aa-41e2-4257-8b46-efd289a9cf0b
2019-10-02 10:24:23,559 [ForkJoinPool.commonPool-worker-0] INFO  impl.RoleInfo (RoleInfo.java:shutdownLeaderState(104)) - 5da457aa-41e2-4257-8b46-efd289a9cf0b: shutdown LeaderState
2019-10-02 10:24:23,560 [ForkJoinPool.commonPool-worker-0] INFO  impl.PendingRequests (PendingRequests.java:sendNotLeaderResponses(202)) - 5da457aa-41e2-4257-8b46-efd289a9cf0b@group-64780987BCB2-PendingRequests: sendNotLeaderResponses
2019-10-02 10:24:23,560 [ForkJoinPool.commonPool-worker-0] INFO  impl.StateMachineUpdater (StateMachineUpdater.java:stopAndJoin(136)) - 5da457aa-41e2-4257-8b46-efd289a9cf0b@group-64780987BCB2-StateMachineUpdater: set stopIndex = 0
2019-10-02 10:24:23,560 [main] INFO  server.GrpcService (GrpcService.java:closeImpl(172)) - 34fae152-b7fa-42df-acc8-98158dd84481: shutdown server with port 46737 successfully
2019-10-02 10:24:23,560 [grpc-default-executor-16] WARN  server.GrpcLogAppender (LogUtils.java:warn(134)) - f69031d4-11b9-431b-99d5-e0135a1d3a49@group-3BDA493117BA->34fae152-b7fa-42df-acc8-98158dd84481-AppendLogResponseHandler: Failed appendEntries: org.apache.ratis.thirdparty.io.grpc.StatusRuntimeException: CANCELLED: HTTP/2 error code: CANCEL
Received Rst Stream
2019-10-02 10:24:23,560 [grpc-default-executor-12] WARN  server.GrpcServerProtocolService (LogUtils.java:warn(134)) - 34fae152-b7fa-42df-acc8-98158dd84481: installSnapshot onError, lastRequest: f69031d4-11b9-431b-99d5-e0135a1d3a49->34fae152-b7fa-42df-acc8-98158dd84481#7-t1, previous=(t:1, i:2), leaderCommit=2, initializing? false, entries: <empty>: org.apache.ratis.thirdparty.io.grpc.StatusRuntimeException: CANCELLED: cancelled before receiving half close
2019-10-02 10:24:23,560 [ForkJoinPool.commonPool-worker-0] INFO  impl.RaftServerImpl (ServerState.java:close(387)) - 5da457aa-41e2-4257-8b46-efd289a9cf0b@group-64780987BCB2: closes. applyIndex: 0
2019-10-02 10:24:23,561 [grpc-default-executor-16] INFO  impl.FollowerInfo (FollowerInfo.java:lambda$new$0(51)) - f69031d4-11b9-431b-99d5-e0135a1d3a49@group-3BDA493117BA->34fae152-b7fa-42df-acc8-98158dd84481: nextIndex: updateUnconditionally 3 -> 2
2019-10-02 10:24:23,562 [5da457aa-41e2-4257-8b46-efd289a9cf0b@group-64780987BCB2-SegmentedRaftLogWorker] INFO  segmented.SegmentedRaftLogWorker (SegmentedRaftLogWorker.java:run(316)) - 5da457aa-41e2-4257-8b46-efd289a9cf0b@group-64780987BCB2-SegmentedRaftLogWorker was interrupted, exiting. There are 0 tasks remaining in the queue.
2019-10-02 10:24:23,564 [ForkJoinPool.commonPool-worker-0] INFO  segmented.SegmentedRaftLogWorker (SegmentedRaftLogWorker.java:close(224)) - 5da457aa-41e2-4257-8b46-efd289a9cf0b@group-64780987BCB2-SegmentedRaftLogWorker close()
2019-10-02 10:24:23,567 [ForkJoinPool.commonPool-worker-0] INFO  server.GrpcService (GrpcService.java:closeImpl(164)) - 5da457aa-41e2-4257-8b46-efd289a9cf0b: shutdown server with port 41608 now
2019-10-02 10:24:23,567 [refreshUsed-/workdir/hadoop-ozone/integration-test/target/test-dir/MiniOzoneClusterImpl-d5ad254c-7ec7-4fe1-b133-299c928d1cee/datanode-3/data/containers] WARN  fs.CachingGetSpaceUsed (CachingGetSpaceUsed.java:run(183)) - Thread Interrupted waiting to refresh disk information: sleep interrupted
2019-10-02 10:24:23,568 [ForkJoinPool.commonPool-worker-0] INFO  server.GrpcService (GrpcService.java:closeImpl(172)) - 5da457aa-41e2-4257-8b46-efd289a9cf0b: shutdown server with port 41608 successfully
2019-10-02 10:24:23,568 [grpc-default-executor-16] WARN  server.GrpcServerProtocolService (LogUtils.java:warn(134)) - 5da457aa-41e2-4257-8b46-efd289a9cf0b: installSnapshot onError, lastRequest: 49559d9f-0396-4323-98b3-57888c55a3b8->5da457aa-41e2-4257-8b46-efd289a9cf0b#6-t1, previous=(t:1, i:0), leaderCommit=0, initializing? false, entries: <empty>: org.apache.ratis.thirdparty.io.grpc.StatusRuntimeException: CANCELLED: cancelled before receiving half close
2019-10-02 10:24:23,568 [grpc-default-executor-12] WARN  server.GrpcLogAppender (LogUtils.java:warn(134)) - 49559d9f-0396-4323-98b3-57888c55a3b8@group-E2771A7EB0E0->5da457aa-41e2-4257-8b46-efd289a9cf0b-AppendLogResponseHandler: Failed appendEntries: org.apache.ratis.thirdparty.io.grpc.StatusRuntimeException: CANCELLED: HTTP/2 error code: CANCEL
Received Rst Stream
2019-10-02 10:24:23,569 [grpc-default-executor-12] INFO  impl.FollowerInfo (FollowerInfo.java:lambda$new$0(51)) - 49559d9f-0396-4323-98b3-57888c55a3b8@group-E2771A7EB0E0->5da457aa-41e2-4257-8b46-efd289a9cf0b: nextIndex: updateUnconditionally 1 -> 0
2019-10-02 10:24:23,570 [refreshUsed-/workdir/hadoop-ozone/integration-test/target/test-dir/MiniOzoneClusterImpl-d5ad254c-7ec7-4fe1-b133-299c928d1cee/datanode-2/data/containers] WARN  fs.CachingGetSpaceUsed (CachingGetSpaceUsed.java:run(183)) - Thread Interrupted waiting to refresh disk information: sleep interrupted
2019-10-02 10:24:23,584 [ForkJoinPool.commonPool-worker-0] INFO  utils.BackgroundService (BackgroundService.java:shutdown(148)) - Shutting down service BlockDeletingService
2019-10-02 10:24:23,585 [main] INFO  utils.BackgroundService (BackgroundService.java:shutdown(148)) - Shutting down service BlockDeletingService
2019-10-02 10:24:23,588 [ForkJoinPool.commonPool-worker-0] INFO  statemachine.DatanodeStateMachine (DatanodeStateMachine.java:stopDaemon(395)) - Ozone container server stopped.
2019-10-02 10:24:23,593 [main] INFO  statemachine.DatanodeStateMachine (DatanodeStateMachine.java:stopDaemon(395)) - Ozone container server stopped.
2019-10-02 10:24:23,595 [ForkJoinPool.commonPool-worker-0] INFO  handler.ContextHandler (ContextHandler.java:doStop(910)) - Stopped o.e.j.w.WebAppContext@3aaa3c39{/,null,UNAVAILABLE}{/hddsDatanode}
2019-10-02 10:24:23,595 [main] INFO  handler.ContextHandler (ContextHandler.java:doStop(910)) - Stopped o.e.j.w.WebAppContext@441fbe89{/,null,UNAVAILABLE}{/hddsDatanode}
2019-10-02 10:24:23,595 [ForkJoinPool.commonPool-worker-0] INFO  server.AbstractConnector (AbstractConnector.java:doStop(318)) - Stopped ServerConnector@65a9ea3c{HTTP/1.1,[http/1.1]}{0.0.0.0:0}
2019-10-02 10:24:23,596 [main] INFO  server.AbstractConnector (AbstractConnector.java:doStop(318)) - Stopped ServerConnector@6088451e{HTTP/1.1,[http/1.1]}{0.0.0.0:0}
2019-10-02 10:24:23,597 [ForkJoinPool.commonPool-worker-0] INFO  handler.ContextHandler (ContextHandler.java:doStop(910)) - Stopped o.e.j.s.ServletContextHandler@d675f9f{/static,jar:file:/home/user/.m2/repository/org/apache/hadoop/hadoop-hdds-container-service/0.5.0-SNAPSHOT/hadoop-hdds-container-service-0.5.0-SNAPSHOT.jar!/webapps/static,UNAVAILABLE}
2019-10-02 10:24:23,598 [main] INFO  handler.ContextHandler (ContextHandler.java:doStop(910)) - Stopped o.e.j.s.ServletContextHandler@14924f41{/static,jar:file:/home/user/.m2/repository/org/apache/hadoop/hadoop-hdds-container-service/0.5.0-SNAPSHOT/hadoop-hdds-container-service-0.5.0-SNAPSHOT.jar!/webapps/static,UNAVAILABLE}
2019-10-02 10:24:23,598 [ForkJoinPool.commonPool-worker-0] INFO  handler.ContextHandler (ContextHandler.java:doStop(910)) - Stopped o.e.j.s.ServletContextHandler@7ddd84b5{/logs,file:///workdir/hadoop-ozone/integration-test/target/log,UNAVAILABLE}
2019-10-02 10:24:23,598 [main] INFO  handler.ContextHandler (ContextHandler.java:doStop(910)) - Stopped o.e.j.s.ServletContextHandler@62a68bcb{/logs,file:///workdir/hadoop-ozone/integration-test/target/log,UNAVAILABLE}
2019-10-02 10:24:23,947 [Datanode State Machine Thread - 0] INFO  statemachine.DatanodeStateMachine (DatanodeStateMachine.java:lambda$startDaemon$0(350)) - Ozone container server started.
2019-10-02 10:24:24,487 [Datanode State Machine Thread - 0] INFO  statemachine.DatanodeStateMachine (DatanodeStateMachine.java:lambda$startDaemon$0(350)) - Ozone container server started.
2019-10-02 10:24:25,888 [grpc-default-executor-2] WARN  server.GrpcLogAppender (LogUtils.java:warn(134)) - f69031d4-11b9-431b-99d5-e0135a1d3a49@group-3BDA493117BA->8e221173-2966-45d1-b573-2acb9ca2f9c6-AppendLogResponseHandler: Failed appendEntries: org.apache.ratis.thirdparty.io.grpc.StatusRuntimeException: UNAVAILABLE: io exception
2019-10-02 10:24:25,898 [grpc-default-executor-2] INFO  impl.FollowerInfo (FollowerInfo.java:lambda$new$0(51)) - f69031d4-11b9-431b-99d5-e0135a1d3a49@group-3BDA493117BA->8e221173-2966-45d1-b573-2acb9ca2f9c6: nextIndex: updateUnconditionally 0 -> 0
2019-10-02 10:24:25,903 [grpc-default-executor-12] WARN  server.GrpcLogAppender (LogUtils.java:warn(134)) - f69031d4-11b9-431b-99d5-e0135a1d3a49@group-3BDA493117BA->34fae152-b7fa-42df-acc8-98158dd84481-AppendLogResponseHandler: Failed appendEntries: org.apache.ratis.thirdparty.io.grpc.StatusRuntimeException: UNAVAILABLE: io exception
2019-10-02 10:24:25,906 [grpc-default-executor-12] INFO  impl.FollowerInfo (FollowerInfo.java:lambda$new$0(51)) - f69031d4-11b9-431b-99d5-e0135a1d3a49@group-3BDA493117BA->34fae152-b7fa-42df-acc8-98158dd84481: nextIndex: updateUnconditionally 2 -> 1
2019-10-02 10:24:25,963 [grpc-default-executor-15] WARN  server.GrpcLogAppender (LogUtils.java:warn(134)) - 49559d9f-0396-4323-98b3-57888c55a3b8@group-E2771A7EB0E0->746d3458-33f5-413d-bb91-3f2fbe4579db-AppendLogResponseHandler: Failed appendEntries: org.apache.ratis.thirdparty.io.grpc.StatusRuntimeException: UNAVAILABLE: io exception
2019-10-02 10:24:25,965 [grpc-default-executor-15] INFO  impl.FollowerInfo (FollowerInfo.java:lambda$new$0(51)) - 49559d9f-0396-4323-98b3-57888c55a3b8@group-E2771A7EB0E0->746d3458-33f5-413d-bb91-3f2fbe4579db: nextIndex: updateUnconditionally 0 -> 0
2019-10-02 10:24:25,976 [grpc-default-executor-2] WARN  server.GrpcLogAppender (LogUtils.java:warn(134)) - 49559d9f-0396-4323-98b3-57888c55a3b8@group-E2771A7EB0E0->5da457aa-41e2-4257-8b46-efd289a9cf0b-AppendLogResponseHandler: Failed appendEntries: org.apache.ratis.thirdparty.io.grpc.StatusRuntimeException: UNAVAILABLE: io exception
2019-10-02 10:24:25,980 [grpc-default-executor-2] INFO  impl.FollowerInfo (FollowerInfo.java:lambda$new$0(51)) - 49559d9f-0396-4323-98b3-57888c55a3b8@group-E2771A7EB0E0->5da457aa-41e2-4257-8b46-efd289a9cf0b: nextIndex: updateUnconditionally 0 -> 0
2019-10-02 10:24:28,391 [grpc-default-executor-2] WARN  server.GrpcLogAppender (LogUtils.java:warn(134)) - f69031d4-11b9-431b-99d5-e0135a1d3a49@group-3BDA493117BA->34fae152-b7fa-42df-acc8-98158dd84481-AppendLogResponseHandler: Failed appendEntries: org.apache.ratis.thirdparty.io.grpc.StatusRuntimeException: UNAVAILABLE: io exception
2019-10-02 10:24:28,392 [grpc-default-executor-12] WARN  server.GrpcLogAppender (LogUtils.java:warn(134)) - f69031d4-11b9-431b-99d5-e0135a1d3a49@group-3BDA493117BA->8e221173-2966-45d1-b573-2acb9ca2f9c6-AppendLogResponseHandler: Failed appendEntries: org.apache.ratis.thirdparty.io.grpc.StatusRuntimeException: UNAVAILABLE: io exception
2019-10-02 10:24:28,395 [grpc-default-executor-2] INFO  impl.FollowerInfo (FollowerInfo.java:lambda$new$0(51)) - f69031d4-11b9-431b-99d5-e0135a1d3a49@group-3BDA493117BA->34fae152-b7fa-42df-acc8-98158dd84481: nextIndex: updateUnconditionally 1 -> 0
2019-10-02 10:24:28,396 [grpc-default-executor-12] INFO  impl.FollowerInfo (FollowerInfo.java:lambda$new$0(51)) - f69031d4-11b9-431b-99d5-e0135a1d3a49@group-3BDA493117BA->8e221173-2966-45d1-b573-2acb9ca2f9c6: nextIndex: updateUnconditionally 0 -> 0
2019-10-02 10:24:28,464 [grpc-default-executor-16] WARN  server.GrpcLogAppender (LogUtils.java:warn(134)) - 49559d9f-0396-4323-98b3-57888c55a3b8@group-E2771A7EB0E0->746d3458-33f5-413d-bb91-3f2fbe4579db-AppendLogResponseHandler: Failed appendEntries: org.apache.ratis.thirdparty.io.grpc.StatusRuntimeException: UNAVAILABLE: io exception
2019-10-02 10:24:28,466 [grpc-default-executor-16] INFO  impl.FollowerInfo (FollowerInfo.java:lambda$new$0(51)) - 49559d9f-0396-4323-98b3-57888c55a3b8@group-E2771A7EB0E0->746d3458-33f5-413d-bb91-3f2fbe4579db: nextIndex: updateUnconditionally 0 -> 0
2019-10-02 10:24:28,477 [grpc-default-executor-2] WARN  server.GrpcLogAppender (LogUtils.java:warn(134)) - 49559d9f-0396-4323-98b3-57888c55a3b8@group-E2771A7EB0E0->5da457aa-41e2-4257-8b46-efd289a9cf0b-AppendLogResponseHandler: Failed appendEntries: org.apache.ratis.thirdparty.io.grpc.StatusRuntimeException: UNAVAILABLE: io exception
2019-10-02 10:24:28,479 [grpc-default-executor-2] INFO  impl.FollowerInfo (FollowerInfo.java:lambda$new$0(51)) - 49559d9f-0396-4323-98b3-57888c55a3b8@group-E2771A7EB0E0->5da457aa-41e2-4257-8b46-efd289a9cf0b: nextIndex: updateUnconditionally 0 -> 0
2019-10-02 10:24:28,600 [ForkJoinPool.commonPool-worker-0] INFO  ozoneimpl.OzoneContainer (OzoneContainer.java:stop(231)) - Attempting to stop container services.
2019-10-02 10:24:28,600 [main] INFO  ozoneimpl.OzoneContainer (OzoneContainer.java:stop(231)) - Attempting to stop container services.
2019-10-02 10:24:28,602 [ForkJoinPool.commonPool-worker-0] INFO  impl.RaftServerProxy (RaftServerProxy.java:lambda$close$4(314)) - 49559d9f-0396-4323-98b3-57888c55a3b8: close
2019-10-02 10:24:28,602 [ForkJoinPool.commonPool-worker-0] INFO  impl.RaftServerImpl (RaftServerImpl.java:lambda$shutdown$3(247)) - 49559d9f-0396-4323-98b3-57888c55a3b8@group-86744E38A9B3: shutdown
2019-10-02 10:24:28,603 [ForkJoinPool.commonPool-worker-0] INFO  util.JmxRegister (JmxRegister.java:unregister(73)) - Successfully un-registered JMX Bean with object name Ratis:service=RaftServer,group=group-86744E38A9B3,id=49559d9f-0396-4323-98b3-57888c55a3b8
2019-10-02 10:24:28,603 [ForkJoinPool.commonPool-worker-0] INFO  impl.RoleInfo (RoleInfo.java:shutdownLeaderState(104)) - 49559d9f-0396-4323-98b3-57888c55a3b8: shutdown LeaderState
2019-10-02 10:24:28,603 [ForkJoinPool.commonPool-worker-0] INFO  impl.PendingRequests (PendingRequests.java:sendNotLeaderResponses(202)) - 49559d9f-0396-4323-98b3-57888c55a3b8@group-86744E38A9B3-PendingRequests: sendNotLeaderResponses
2019-10-02 10:24:28,604 [ForkJoinPool.commonPool-worker-0] INFO  impl.StateMachineUpdater (StateMachineUpdater.java:stopAndJoin(136)) - 49559d9f-0396-4323-98b3-57888c55a3b8@group-86744E38A9B3-StateMachineUpdater: set stopIndex = 0
2019-10-02 10:24:28,604 [ForkJoinPool.commonPool-worker-0] INFO  impl.RaftServerImpl (ServerState.java:close(387)) - 49559d9f-0396-4323-98b3-57888c55a3b8@group-86744E38A9B3: closes. applyIndex: 0
2019-10-02 10:24:28,602 [main] INFO  impl.RaftServerProxy (RaftServerProxy.java:lambda$close$4(314)) - 65e8cff9-3562-41f1-ba40-93b617184610: close
2019-10-02 10:24:28,605 [49559d9f-0396-4323-98b3-57888c55a3b8@group-86744E38A9B3-SegmentedRaftLogWorker] INFO  segmented.SegmentedRaftLogWorker (SegmentedRaftLogWorker.java:run(316)) - 49559d9f-0396-4323-98b3-57888c55a3b8@group-86744E38A9B3-SegmentedRaftLogWorker was interrupted, exiting. There are 0 tasks remaining in the queue.
2019-10-02 10:24:28,605 [main] INFO  impl.RaftServerImpl (RaftServerImpl.java:lambda$shutdown$3(247)) - 65e8cff9-3562-41f1-ba40-93b617184610@group-55016A39F25F: shutdown
2019-10-02 10:24:28,605 [main] INFO  util.JmxRegister (JmxRegister.java:unregister(73)) - Successfully un-registered JMX Bean with object name Ratis:service=RaftServer,group=group-55016A39F25F,id=65e8cff9-3562-41f1-ba40-93b617184610
2019-10-02 10:24:28,605 [main] INFO  impl.RoleInfo (RoleInfo.java:shutdownLeaderState(104)) - 65e8cff9-3562-41f1-ba40-93b617184610: shutdown LeaderState
2019-10-02 10:24:28,606 [main] INFO  impl.PendingRequests (PendingRequests.java:sendNotLeaderResponses(202)) - 65e8cff9-3562-41f1-ba40-93b617184610@group-55016A39F25F-PendingRequests: sendNotLeaderResponses
2019-10-02 10:24:28,606 [main] INFO  impl.StateMachineUpdater (StateMachineUpdater.java:stopAndJoin(136)) - 65e8cff9-3562-41f1-ba40-93b617184610@group-55016A39F25F-StateMachineUpdater: set stopIndex = 0
2019-10-02 10:24:28,606 [main] INFO  impl.RaftServerImpl (ServerState.java:close(387)) - 65e8cff9-3562-41f1-ba40-93b617184610@group-55016A39F25F: closes. applyIndex: 0
2019-10-02 10:24:28,607 [65e8cff9-3562-41f1-ba40-93b617184610@group-55016A39F25F-SegmentedRaftLogWorker] INFO  segmented.SegmentedRaftLogWorker (SegmentedRaftLogWorker.java:run(316)) - 65e8cff9-3562-41f1-ba40-93b617184610@group-55016A39F25F-SegmentedRaftLogWorker was interrupted, exiting. There are 0 tasks remaining in the queue.
2019-10-02 10:24:28,609 [main] INFO  segmented.SegmentedRaftLogWorker (SegmentedRaftLogWorker.java:close(224)) - 65e8cff9-3562-41f1-ba40-93b617184610@group-55016A39F25F-SegmentedRaftLogWorker close()
2019-10-02 10:24:28,609 [ForkJoinPool.commonPool-worker-0] INFO  segmented.SegmentedRaftLogWorker (SegmentedRaftLogWorker.java:close(224)) - 49559d9f-0396-4323-98b3-57888c55a3b8@group-86744E38A9B3-SegmentedRaftLogWorker close()
2019-10-02 10:24:28,611 [main] INFO  server.GrpcService (GrpcService.java:closeImpl(164)) - 65e8cff9-3562-41f1-ba40-93b617184610: shutdown server with port 34472 now
2019-10-02 10:24:28,618 [ForkJoinPool.commonPool-worker-0] INFO  impl.RaftServerImpl (RaftServerImpl.java:lambda$shutdown$3(247)) - 49559d9f-0396-4323-98b3-57888c55a3b8@group-E2771A7EB0E0: shutdown
2019-10-02 10:24:28,620 [ForkJoinPool.commonPool-worker-0] INFO  util.JmxRegister (JmxRegister.java:unregister(73)) - Successfully un-registered JMX Bean with object name Ratis:service=RaftServer,group=group-E2771A7EB0E0,id=49559d9f-0396-4323-98b3-57888c55a3b8
2019-10-02 10:24:28,620 [main] INFO  server.GrpcService (GrpcService.java:closeImpl(172)) - 65e8cff9-3562-41f1-ba40-93b617184610: shutdown server with port 34472 successfully
2019-10-02 10:24:28,620 [ForkJoinPool.commonPool-worker-0] INFO  impl.RoleInfo (RoleInfo.java:shutdownLeaderState(104)) - 49559d9f-0396-4323-98b3-57888c55a3b8: shutdown LeaderState
2019-10-02 10:24:28,622 [ForkJoinPool.commonPool-worker-0] INFO  impl.PendingRequests (PendingRequests.java:sendNotLeaderResponses(202)) - 49559d9f-0396-4323-98b3-57888c55a3b8@group-E2771A7EB0E0-PendingRequests: sendNotLeaderResponses
2019-10-02 10:24:28,623 [org.apache.ratis.server.impl.LogAppender$AppenderDaemon$$Lambda$688/257982498@6be9e7a0] WARN  server.GrpcLogAppender (GrpcLogAppender.java:mayWait(143)) - 49559d9f-0396-4323-98b3-57888c55a3b8@group-E2771A7EB0E0->5da457aa-41e2-4257-8b46-efd289a9cf0b-GrpcLogAppender: Wait interrupted by java.lang.InterruptedException
2019-10-02 10:24:28,623 [ForkJoinPool.commonPool-worker-0] INFO  impl.StateMachineUpdater (StateMachineUpdater.java:stopAndJoin(136)) - 49559d9f-0396-4323-98b3-57888c55a3b8@group-E2771A7EB0E0-StateMachineUpdater: set stopIndex = 0
2019-10-02 10:24:28,622 [org.apache.ratis.server.impl.LogAppender$AppenderDaemon$$Lambda$688/257982498@57fd0deb] WARN  server.GrpcLogAppender (GrpcLogAppender.java:mayWait(143)) - 49559d9f-0396-4323-98b3-57888c55a3b8@group-E2771A7EB0E0->746d3458-33f5-413d-bb91-3f2fbe4579db-GrpcLogAppender: Wait interrupted by java.lang.InterruptedException
2019-10-02 10:24:28,623 [ForkJoinPool.commonPool-worker-0] INFO  impl.RaftServerImpl (ServerState.java:close(387)) - 49559d9f-0396-4323-98b3-57888c55a3b8@group-E2771A7EB0E0: closes. applyIndex: 0
2019-10-02 10:24:28,624 [49559d9f-0396-4323-98b3-57888c55a3b8@group-E2771A7EB0E0-SegmentedRaftLogWorker] INFO  segmented.SegmentedRaftLogWorker (SegmentedRaftLogWorker.java:run(316)) - 49559d9f-0396-4323-98b3-57888c55a3b8@group-E2771A7EB0E0-SegmentedRaftLogWorker was interrupted, exiting. There are 0 tasks remaining in the queue.
2019-10-02 10:24:28,624 [ForkJoinPool.commonPool-worker-0] INFO  segmented.SegmentedRaftLogWorker (SegmentedRaftLogWorker.java:close(224)) - 49559d9f-0396-4323-98b3-57888c55a3b8@group-E2771A7EB0E0-SegmentedRaftLogWorker close()
2019-10-02 10:24:28,625 [ForkJoinPool.commonPool-worker-0] INFO  server.GrpcService (GrpcService.java:closeImpl(164)) - 49559d9f-0396-4323-98b3-57888c55a3b8: shutdown server with port 33617 now
2019-10-02 10:24:28,626 [ForkJoinPool.commonPool-worker-0] INFO  server.GrpcService (GrpcService.java:closeImpl(172)) - 49559d9f-0396-4323-98b3-57888c55a3b8: shutdown server with port 33617 successfully
2019-10-02 10:24:28,627 [refreshUsed-/workdir/hadoop-ozone/integration-test/target/test-dir/MiniOzoneClusterImpl-d5ad254c-7ec7-4fe1-b133-299c928d1cee/datanode-6/data/containers] WARN  fs.CachingGetSpaceUsed (CachingGetSpaceUsed.java:run(183)) - Thread Interrupted waiting to refresh disk information: sleep interrupted
2019-10-02 10:24:28,632 [refreshUsed-/workdir/hadoop-ozone/integration-test/target/test-dir/MiniOzoneClusterImpl-d5ad254c-7ec7-4fe1-b133-299c928d1cee/datanode-0/data/containers] WARN  fs.CachingGetSpaceUsed (CachingGetSpaceUsed.java:run(183)) - Thread Interrupted waiting to refresh disk information: sleep interrupted
2019-10-02 10:24:28,651 [main] INFO  utils.BackgroundService (BackgroundService.java:shutdown(148)) - Shutting down service BlockDeletingService
2019-10-02 10:24:28,651 [ForkJoinPool.commonPool-worker-0] INFO  utils.BackgroundService (BackgroundService.java:shutdown(148)) - Shutting down service BlockDeletingService
2019-10-02 10:24:28,656 [ForkJoinPool.commonPool-worker-0] INFO  statemachine.DatanodeStateMachine (DatanodeStateMachine.java:stopDaemon(395)) - Ozone container server stopped.
2019-10-02 10:24:28,656 [main] INFO  statemachine.DatanodeStateMachine (DatanodeStateMachine.java:stopDaemon(395)) - Ozone container server stopped.
2019-10-02 10:24:28,660 [ForkJoinPool.commonPool-worker-0] INFO  handler.ContextHandler (ContextHandler.java:doStop(910)) - Stopped o.e.j.w.WebAppContext@6c479fdf{/,null,UNAVAILABLE}{/hddsDatanode}
2019-10-02 10:24:28,661 [main] INFO  handler.ContextHandler (ContextHandler.java:doStop(910)) - Stopped o.e.j.w.WebAppContext@1727e03a{/,null,UNAVAILABLE}{/hddsDatanode}
2019-10-02 10:24:28,661 [ForkJoinPool.commonPool-worker-0] INFO  server.AbstractConnector (AbstractConnector.java:doStop(318)) - Stopped ServerConnector@79d82f66{HTTP/1.1,[http/1.1]}{0.0.0.0:0}
2019-10-02 10:24:28,662 [ForkJoinPool.commonPool-worker-0] INFO  handler.ContextHandler (ContextHandler.java:doStop(910)) - Stopped o.e.j.s.ServletContextHandler@611640f0{/static,jar:file:/home/user/.m2/repository/org/apache/hadoop/hadoop-hdds-container-service/0.5.0-SNAPSHOT/hadoop-hdds-container-service-0.5.0-SNAPSHOT.jar!/webapps/static,UNAVAILABLE}
2019-10-02 10:24:28,663 [ForkJoinPool.commonPool-worker-0] INFO  handler.ContextHandler (ContextHandler.java:doStop(910)) - Stopped o.e.j.s.ServletContextHandler@4d0e54e0{/logs,file:///workdir/hadoop-ozone/integration-test/target/log,UNAVAILABLE}
2019-10-02 10:24:28,663 [main] INFO  server.AbstractConnector (AbstractConnector.java:doStop(318)) - Stopped ServerConnector@7f9e8421{HTTP/1.1,[http/1.1]}{0.0.0.0:0}
2019-10-02 10:24:28,664 [main] INFO  handler.ContextHandler (ContextHandler.java:doStop(910)) - Stopped o.e.j.s.ServletContextHandler@6025d790{/static,jar:file:/home/user/.m2/repository/org/apache/hadoop/hadoop-hdds-container-service/0.5.0-SNAPSHOT/hadoop-hdds-container-service-0.5.0-SNAPSHOT.jar!/webapps/static,UNAVAILABLE}
2019-10-02 10:24:28,665 [main] INFO  handler.ContextHandler (ContextHandler.java:doStop(910)) - Stopped o.e.j.s.ServletContextHandler@467233e4{/logs,file:///workdir/hadoop-ozone/integration-test/target/log,UNAVAILABLE}
2019-10-02 10:24:28,903 [Datanode State Machine Thread - 0] INFO  statemachine.DatanodeStateMachine (DatanodeStateMachine.java:lambda$startDaemon$0(350)) - Ozone container server started.
2019-10-02 10:24:30,891 [grpc-default-executor-12] WARN  server.GrpcLogAppender (LogUtils.java:warn(134)) - f69031d4-11b9-431b-99d5-e0135a1d3a49@group-3BDA493117BA->8e221173-2966-45d1-b573-2acb9ca2f9c6-AppendLogResponseHandler: Failed appendEntries: org.apache.ratis.thirdparty.io.grpc.StatusRuntimeException: UNAVAILABLE: io exception
2019-10-02 10:24:30,894 [grpc-default-executor-12] INFO  impl.FollowerInfo (FollowerInfo.java:lambda$new$0(51)) - f69031d4-11b9-431b-99d5-e0135a1d3a49@group-3BDA493117BA->8e221173-2966-45d1-b573-2acb9ca2f9c6: nextIndex: updateUnconditionally 0 -> 0
2019-10-02 10:24:30,894 [grpc-default-executor-15] WARN  server.GrpcLogAppender (LogUtils.java:warn(134)) - f69031d4-11b9-431b-99d5-e0135a1d3a49@group-3BDA493117BA->34fae152-b7fa-42df-acc8-98158dd84481-AppendLogResponseHandler: Failed appendEntries: org.apache.ratis.thirdparty.io.grpc.StatusRuntimeException: UNAVAILABLE: io exception
2019-10-02 10:24:30,895 [grpc-default-executor-15] INFO  impl.FollowerInfo (FollowerInfo.java:lambda$new$0(51)) - f69031d4-11b9-431b-99d5-e0135a1d3a49@group-3BDA493117BA->34fae152-b7fa-42df-acc8-98158dd84481: nextIndex: updateUnconditionally 0 -> 0
2019-10-02 10:24:33,394 [grpc-default-executor-15] WARN  server.GrpcLogAppender (LogUtils.java:warn(134)) - f69031d4-11b9-431b-99d5-e0135a1d3a49@group-3BDA493117BA->34fae152-b7fa-42df-acc8-98158dd84481-AppendLogResponseHandler: Failed appendEntries: org.apache.ratis.thirdparty.io.grpc.StatusRuntimeException: UNAVAILABLE: io exception
2019-10-02 10:24:33,394 [grpc-default-executor-16] WARN  server.GrpcLogAppender (LogUtils.java:warn(134)) - f69031d4-11b9-431b-99d5-e0135a1d3a49@group-3BDA493117BA->8e221173-2966-45d1-b573-2acb9ca2f9c6-AppendLogResponseHandler: Failed appendEntries: org.apache.ratis.thirdparty.io.grpc.StatusRuntimeException: UNAVAILABLE: io exception
2019-10-02 10:24:33,396 [grpc-default-executor-15] INFO  impl.FollowerInfo (FollowerInfo.java:lambda$new$0(51)) - f69031d4-11b9-431b-99d5-e0135a1d3a49@group-3BDA493117BA->34fae152-b7fa-42df-acc8-98158dd84481: nextIndex: updateUnconditionally 0 -> 0
2019-10-02 10:24:33,397 [grpc-default-executor-16] INFO  impl.FollowerInfo (FollowerInfo.java:lambda$new$0(51)) - f69031d4-11b9-431b-99d5-e0135a1d3a49@group-3BDA493117BA->8e221173-2966-45d1-b573-2acb9ca2f9c6: nextIndex: updateUnconditionally 0 -> 0
2019-10-02 10:24:33,665 [ForkJoinPool.commonPool-worker-0] INFO  ozoneimpl.OzoneContainer (OzoneContainer.java:stop(231)) - Attempting to stop container services.
2019-10-02 10:24:33,666 [ForkJoinPool.commonPool-worker-0] INFO  impl.RaftServerProxy (RaftServerProxy.java:lambda$close$4(314)) - f69031d4-11b9-431b-99d5-e0135a1d3a49: close
2019-10-02 10:24:33,666 [ForkJoinPool.commonPool-worker-0] INFO  impl.RaftServerImpl (RaftServerImpl.java:lambda$shutdown$3(247)) - f69031d4-11b9-431b-99d5-e0135a1d3a49@group-3BDA493117BA: shutdown
2019-10-02 10:24:33,666 [ForkJoinPool.commonPool-worker-0] INFO  util.JmxRegister (JmxRegister.java:unregister(73)) - Successfully un-registered JMX Bean with object name Ratis:service=RaftServer,group=group-3BDA493117BA,id=f69031d4-11b9-431b-99d5-e0135a1d3a49
2019-10-02 10:24:33,666 [ForkJoinPool.commonPool-worker-0] INFO  impl.RoleInfo (RoleInfo.java:shutdownLeaderState(104)) - f69031d4-11b9-431b-99d5-e0135a1d3a49: shutdown LeaderState
2019-10-02 10:24:33,668 [ForkJoinPool.commonPool-worker-0] INFO  impl.PendingRequests (PendingRequests.java:sendNotLeaderResponses(202)) - f69031d4-11b9-431b-99d5-e0135a1d3a49@group-3BDA493117BA-PendingRequests: sendNotLeaderResponses
2019-10-02 10:24:33,668 [org.apache.ratis.server.impl.LogAppender$AppenderDaemon$$Lambda$688/257982498@58103633] WARN  server.GrpcLogAppender (GrpcLogAppender.java:mayWait(143)) - f69031d4-11b9-431b-99d5-e0135a1d3a49@group-3BDA493117BA->8e221173-2966-45d1-b573-2acb9ca2f9c6-GrpcLogAppender: Wait interrupted by java.lang.InterruptedException
2019-10-02 10:24:33,668 [org.apache.ratis.server.impl.LogAppender$AppenderDaemon$$Lambda$688/257982498@19bf2b5c] WARN  server.GrpcLogAppender (GrpcLogAppender.java:mayWait(143)) - f69031d4-11b9-431b-99d5-e0135a1d3a49@group-3BDA493117BA->34fae152-b7fa-42df-acc8-98158dd84481-GrpcLogAppender: Wait interrupted by java.lang.InterruptedException
2019-10-02 10:24:33,672 [ForkJoinPool.commonPool-worker-0] INFO  impl.StateMachineUpdater (StateMachineUpdater.java:stopAndJoin(136)) - f69031d4-11b9-431b-99d5-e0135a1d3a49@group-3BDA493117BA-StateMachineUpdater: set stopIndex = 2
2019-10-02 10:24:33,673 [ForkJoinPool.commonPool-worker-0] INFO  impl.RaftServerImpl (ServerState.java:close(387)) - f69031d4-11b9-431b-99d5-e0135a1d3a49@group-3BDA493117BA: closes. applyIndex: 2
2019-10-02 10:24:33,673 [f69031d4-11b9-431b-99d5-e0135a1d3a49@group-3BDA493117BA-SegmentedRaftLogWorker] INFO  segmented.SegmentedRaftLogWorker (SegmentedRaftLogWorker.java:run(316)) - f69031d4-11b9-431b-99d5-e0135a1d3a49@group-3BDA493117BA-SegmentedRaftLogWorker was interrupted, exiting. There are 0 tasks remaining in the queue.
2019-10-02 10:24:33,674 [ForkJoinPool.commonPool-worker-0] INFO  segmented.SegmentedRaftLogWorker (SegmentedRaftLogWorker.java:close(224)) - f69031d4-11b9-431b-99d5-e0135a1d3a49@group-3BDA493117BA-SegmentedRaftLogWorker close()
2019-10-02 10:24:33,675 [ForkJoinPool.commonPool-worker-0] INFO  impl.RaftServerImpl (RaftServerImpl.java:lambda$shutdown$3(247)) - f69031d4-11b9-431b-99d5-e0135a1d3a49@group-9EDD1238EBA6: shutdown
2019-10-02 10:24:33,675 [ForkJoinPool.commonPool-worker-0] INFO  util.JmxRegister (JmxRegister.java:unregister(73)) - Successfully un-registered JMX Bean with object name Ratis:service=RaftServer,group=group-9EDD1238EBA6,id=f69031d4-11b9-431b-99d5-e0135a1d3a49
2019-10-02 10:24:33,675 [ForkJoinPool.commonPool-worker-0] INFO  impl.RoleInfo (RoleInfo.java:shutdownLeaderState(104)) - f69031d4-11b9-431b-99d5-e0135a1d3a49: shutdown LeaderState
2019-10-02 10:24:33,676 [ForkJoinPool.commonPool-worker-0] INFO  impl.PendingRequests (PendingRequests.java:sendNotLeaderResponses(202)) - f69031d4-11b9-431b-99d5-e0135a1d3a49@group-9EDD1238EBA6-PendingRequests: sendNotLeaderResponses
2019-10-02 10:24:33,676 [ForkJoinPool.commonPool-worker-0] INFO  impl.StateMachineUpdater (StateMachineUpdater.java:stopAndJoin(136)) - f69031d4-11b9-431b-99d5-e0135a1d3a49@group-9EDD1238EBA6-StateMachineUpdater: set stopIndex = 0
2019-10-02 10:24:33,676 [ForkJoinPool.commonPool-worker-0] INFO  impl.RaftServerImpl (ServerState.java:close(387)) - f69031d4-11b9-431b-99d5-e0135a1d3a49@group-9EDD1238EBA6: closes. applyIndex: 0
2019-10-02 10:24:33,677 [f69031d4-11b9-431b-99d5-e0135a1d3a49@group-9EDD1238EBA6-SegmentedRaftLogWorker] INFO  segmented.SegmentedRaftLogWorker (SegmentedRaftLogWorker.java:run(316)) - f69031d4-11b9-431b-99d5-e0135a1d3a49@group-9EDD1238EBA6-SegmentedRaftLogWorker was interrupted, exiting. There are 0 tasks remaining in the queue.
2019-10-02 10:24:33,677 [ForkJoinPool.commonPool-worker-0] INFO  segmented.SegmentedRaftLogWorker (SegmentedRaftLogWorker.java:close(224)) - f69031d4-11b9-431b-99d5-e0135a1d3a49@group-9EDD1238EBA6-SegmentedRaftLogWorker close()
2019-10-02 10:24:33,678 [ForkJoinPool.commonPool-worker-0] INFO  server.GrpcService (GrpcService.java:closeImpl(164)) - f69031d4-11b9-431b-99d5-e0135a1d3a49: shutdown server with port 43727 now
2019-10-02 10:24:33,679 [ForkJoinPool.commonPool-worker-0] INFO  server.GrpcService (GrpcService.java:closeImpl(172)) - f69031d4-11b9-431b-99d5-e0135a1d3a49: shutdown server with port 43727 successfully
2019-10-02 10:24:33,681 [refreshUsed-/workdir/hadoop-ozone/integration-test/target/test-dir/MiniOzoneClusterImpl-d5ad254c-7ec7-4fe1-b133-299c928d1cee/datanode-5/data/containers] WARN  fs.CachingGetSpaceUsed (CachingGetSpaceUsed.java:run(183)) - Thread Interrupted waiting to refresh disk information: sleep interrupted
2019-10-02 10:24:33,701 [ForkJoinPool.commonPool-worker-0] INFO  utils.BackgroundService (BackgroundService.java:shutdown(148)) - Shutting down service BlockDeletingService
2019-10-02 10:24:33,704 [ForkJoinPool.commonPool-worker-0] INFO  statemachine.DatanodeStateMachine (DatanodeStateMachine.java:stopDaemon(395)) - Ozone container server stopped.
2019-10-02 10:24:33,707 [ForkJoinPool.commonPool-worker-0] INFO  handler.ContextHandler (ContextHandler.java:doStop(910)) - Stopped o.e.j.w.WebAppContext@101ca8da{/,null,UNAVAILABLE}{/hddsDatanode}
2019-10-02 10:24:33,707 [ForkJoinPool.commonPool-worker-0] INFO  server.AbstractConnector (AbstractConnector.java:doStop(318)) - Stopped ServerConnector@20a967fe{HTTP/1.1,[http/1.1]}{0.0.0.0:0}
2019-10-02 10:24:33,710 [ForkJoinPool.commonPool-worker-0] INFO  handler.ContextHandler (ContextHandler.java:doStop(910)) - Stopped o.e.j.s.ServletContextHandler@787508ca{/static,jar:file:/home/user/.m2/repository/org/apache/hadoop/hadoop-hdds-container-service/0.5.0-SNAPSHOT/hadoop-hdds-container-service-0.5.0-SNAPSHOT.jar!/webapps/static,UNAVAILABLE}
2019-10-02 10:24:33,711 [ForkJoinPool.commonPool-worker-0] INFO  handler.ContextHandler (ContextHandler.java:doStop(910)) - Stopped o.e.j.s.ServletContextHandler@60a7e509{/logs,file:///workdir/hadoop-ozone/integration-test/target/log,UNAVAILABLE}
2019-10-02 10:24:33,711 [main] INFO  ozone.MiniOzoneClusterImpl (MiniOzoneClusterImpl.java:stopSCM(392)) - Stopping the StorageContainerManager
2019-10-02 10:24:33,712 [main] INFO  server.StorageContainerManager (StorageContainerManager.java:stop(808)) - Stopping Replication Manager Service.
2019-10-02 10:24:33,712 [main] INFO  container.ReplicationManager (ReplicationManager.java:stop(203)) - Stopping Replication Monitor Thread.
2019-10-02 10:24:33,712 [main] INFO  server.StorageContainerManager (StorageContainerManager.java:stop(815)) - Stopping Lease Manager of the command watchers
2019-10-02 10:24:33,712 [main] INFO  server.StorageContainerManager (StorageContainerManager.java:stop(822)) - Stopping datanode service RPC server
2019-10-02 10:24:33,713 [main] INFO  server.SCMDatanodeProtocolServer (SCMDatanodeProtocolServer.java:stop(367)) - Stopping the RPC server for DataNodes
2019-10-02 10:24:33,713 [main] INFO  ipc.Server (Server.java:stop(3082)) - Stopping server on 41218
2019-10-02 10:24:33,715 [IPC Server Responder] INFO  ipc.Server (Server.java:run(1319)) - Stopping IPC Server Responder
2019-10-02 10:24:33,715 [IPC Server listener on 41218] INFO  ipc.Server (Server.java:run(1185)) - Stopping IPC Server listener on 41218
2019-10-02 10:24:33,731 [SCM Heartbeat Processing Thread - 0] WARN  node.NodeStateManager (NodeStateManager.java:scheduleNextHealthCheck(646)) - Current Thread is interrupted, shutting down HB processing thread for Node Manager.
2019-10-02 10:24:33,732 [main] INFO  server.StorageContainerManager (StorageContainerManager.java:stop(830)) - Stopping block service RPC server
2019-10-02 10:24:33,733 [main] INFO  server.SCMBlockProtocolServer (SCMBlockProtocolServer.java:stop(155)) - Stopping the RPC server for Block Protocol
2019-10-02 10:24:33,733 [main] INFO  ipc.Server (Server.java:stop(3082)) - Stopping server on 44450
2019-10-02 10:24:33,735 [IPC Server listener on 44450] INFO  ipc.Server (Server.java:run(1185)) - Stopping IPC Server listener on 44450
2019-10-02 10:24:33,735 [main] INFO  server.StorageContainerManager (StorageContainerManager.java:stop(837)) - Stopping the StorageContainerLocationProtocol RPC server
2019-10-02 10:24:33,735 [IPC Server Responder] INFO  ipc.Server (Server.java:run(1319)) - Stopping IPC Server Responder
2019-10-02 10:24:33,736 [main] INFO  server.SCMClientProtocolServer (SCMClientProtocolServer.java:stop(158)) - Stopping the RPC server for Client Protocol
2019-10-02 10:24:33,736 [main] INFO  ipc.Server (Server.java:stop(3082)) - Stopping server on 38971
2019-10-02 10:24:33,738 [IPC Server listener on 38971] INFO  ipc.Server (Server.java:run(1185)) - Stopping IPC Server listener on 38971
2019-10-02 10:24:33,738 [main] INFO  server.StorageContainerManager (StorageContainerManager.java:stop(844)) - Stopping Storage Container Manager HTTP server.
2019-10-02 10:24:33,739 [IPC Server Responder] INFO  ipc.Server (Server.java:run(1319)) - Stopping IPC Server Responder
2019-10-02 10:24:33,740 [main] INFO  handler.ContextHandler (ContextHandler.java:doStop(910)) - Stopped o.e.j.w.WebAppContext@2b7e8044{/,null,UNAVAILABLE}{/scm}
2019-10-02 10:24:33,740 [main] INFO  server.AbstractConnector (AbstractConnector.java:doStop(318)) - Stopped ServerConnector@550de6b8{HTTP/1.1,[http/1.1]}{0.0.0.0:0}
2019-10-02 10:24:33,741 [main] INFO  handler.ContextHandler (ContextHandler.java:doStop(910)) - Stopped o.e.j.s.ServletContextHandler@7be2f29a{/static,file:///workdir/hadoop-ozone/integration-test/target/test-classes/webapps/static,UNAVAILABLE}
2019-10-02 10:24:33,741 [main] INFO  handler.ContextHandler (ContextHandler.java:doStop(910)) - Stopped o.e.j.s.ServletContextHandler@6a9cd0f8{/logs,file:///workdir/hadoop-ozone/integration-test/target/log,UNAVAILABLE}
2019-10-02 10:24:33,742 [main] INFO  server.StorageContainerManager (StorageContainerManager.java:stop(855)) - Stopping Block Manager Service.
2019-10-02 10:24:33,743 [main] INFO  utils.BackgroundService (BackgroundService.java:shutdown(148)) - Shutting down service SCMBlockDeletingService
2019-10-02 10:24:33,743 [main] INFO  utils.BackgroundService (BackgroundService.java:shutdown(148)) - Shutting down service SCMBlockDeletingService
2019-10-02 10:24:33,743 [main] INFO  server.StorageContainerManager (StorageContainerManager.java:stop(877)) - Stopping SCM Event Queue.
2019-10-02 10:24:33,747 [main] INFO  impl.MetricsSystemImpl (MetricsSystemImpl.java:stop(210)) - Stopping HddsDatanode metrics system...
2019-10-02 10:24:33,761 [main] INFO  impl.MetricsSystemImpl (MetricsSystemImpl.java:stop(216)) - HddsDatanode metrics system stopped.
]]></system-out>
    <system-err><![CDATA[Oct 02, 2019 10:24:18 AM org.apache.ratis.thirdparty.io.grpc.internal.SerializingExecutor run
SEVERE: Exception while executing runnable org.apache.ratis.thirdparty.io.grpc.internal.ServerImpl$JumpToApplicationThreadServerStreamListener$1Closed@566e8e6e
org.apache.ratis.thirdparty.io.grpc.StatusRuntimeException: CANCELLED: call already cancelled
	at org.apache.ratis.thirdparty.io.grpc.Status.asRuntimeException(Status.java:517)
	at org.apache.ratis.thirdparty.io.grpc.stub.ServerCalls$ServerCallStreamObserverImpl.onCompleted(ServerCalls.java:356)
	at org.apache.ratis.grpc.server.GrpcServerProtocolService$ServerRequestStreamObserver.onError(GrpcServerProtocolService.java:121)
	at org.apache.ratis.thirdparty.io.grpc.stub.ServerCalls$StreamingServerCallHandler$StreamingServerCallListener.onCancel(ServerCalls.java:269)
	at org.apache.ratis.thirdparty.io.grpc.internal.ServerCallImpl$ServerStreamListenerImpl.closed(ServerCallImpl.java:293)
	at org.apache.ratis.thirdparty.io.grpc.internal.ServerImpl$JumpToApplicationThreadServerStreamListener$1Closed.runInContext(ServerImpl.java:741)
	at org.apache.ratis.thirdparty.io.grpc.internal.ContextRunnable.run(ContextRunnable.java:37)
	at org.apache.ratis.thirdparty.io.grpc.internal.SerializingExecutor.run(SerializingExecutor.java:123)
	at java.util.concurrent.ThreadPoolExecutor.runWorker(ThreadPoolExecutor.java:1149)
	at java.util.concurrent.ThreadPoolExecutor$Worker.run(ThreadPoolExecutor.java:624)
	at java.lang.Thread.run(Thread.java:748)

Oct 02, 2019 10:24:18 AM org.apache.ratis.thirdparty.io.grpc.internal.SerializingExecutor run
SEVERE: Exception while executing runnable org.apache.ratis.thirdparty.io.grpc.internal.ServerImpl$JumpToApplicationThreadServerStreamListener$1Closed@3ae056bd
org.apache.ratis.thirdparty.io.grpc.StatusRuntimeException: CANCELLED: call already cancelled
	at org.apache.ratis.thirdparty.io.grpc.Status.asRuntimeException(Status.java:517)
	at org.apache.ratis.thirdparty.io.grpc.stub.ServerCalls$ServerCallStreamObserverImpl.onCompleted(ServerCalls.java:356)
	at org.apache.ratis.grpc.server.GrpcServerProtocolService$ServerRequestStreamObserver.onError(GrpcServerProtocolService.java:121)
	at org.apache.ratis.thirdparty.io.grpc.stub.ServerCalls$StreamingServerCallHandler$StreamingServerCallListener.onCancel(ServerCalls.java:269)
	at org.apache.ratis.thirdparty.io.grpc.internal.ServerCallImpl$ServerStreamListenerImpl.closed(ServerCallImpl.java:293)
	at org.apache.ratis.thirdparty.io.grpc.internal.ServerImpl$JumpToApplicationThreadServerStreamListener$1Closed.runInContext(ServerImpl.java:741)
	at org.apache.ratis.thirdparty.io.grpc.internal.ContextRunnable.run(ContextRunnable.java:37)
	at org.apache.ratis.thirdparty.io.grpc.internal.SerializingExecutor.run(SerializingExecutor.java:123)
	at java.util.concurrent.ThreadPoolExecutor.runWorker(ThreadPoolExecutor.java:1149)
	at java.util.concurrent.ThreadPoolExecutor$Worker.run(ThreadPoolExecutor.java:624)
	at java.lang.Thread.run(Thread.java:748)

Oct 02, 2019 10:24:23 AM org.apache.ratis.thirdparty.io.grpc.internal.SerializingExecutor run
SEVERE: Exception while executing runnable org.apache.ratis.thirdparty.io.grpc.internal.ServerImpl$JumpToApplicationThreadServerStreamListener$1Closed@4d03c1be
org.apache.ratis.thirdparty.io.grpc.StatusRuntimeException: CANCELLED: call already cancelled
	at org.apache.ratis.thirdparty.io.grpc.Status.asRuntimeException(Status.java:517)
	at org.apache.ratis.thirdparty.io.grpc.stub.ServerCalls$ServerCallStreamObserverImpl.onCompleted(ServerCalls.java:356)
	at org.apache.ratis.grpc.server.GrpcServerProtocolService$ServerRequestStreamObserver.onError(GrpcServerProtocolService.java:121)
	at org.apache.ratis.thirdparty.io.grpc.stub.ServerCalls$StreamingServerCallHandler$StreamingServerCallListener.onCancel(ServerCalls.java:269)
	at org.apache.ratis.thirdparty.io.grpc.internal.ServerCallImpl$ServerStreamListenerImpl.closed(ServerCallImpl.java:293)
	at org.apache.ratis.thirdparty.io.grpc.internal.ServerImpl$JumpToApplicationThreadServerStreamListener$1Closed.runInContext(ServerImpl.java:741)
	at org.apache.ratis.thirdparty.io.grpc.internal.ContextRunnable.run(ContextRunnable.java:37)
	at org.apache.ratis.thirdparty.io.grpc.internal.SerializingExecutor.run(SerializingExecutor.java:123)
	at java.util.concurrent.ThreadPoolExecutor.runWorker(ThreadPoolExecutor.java:1149)
	at java.util.concurrent.ThreadPoolExecutor$Worker.run(ThreadPoolExecutor.java:624)
	at java.lang.Thread.run(Thread.java:748)

Oct 02, 2019 10:24:23 AM org.apache.ratis.thirdparty.io.grpc.internal.SerializingExecutor run
SEVERE: Exception while executing runnable org.apache.ratis.thirdparty.io.grpc.internal.ServerImpl$JumpToApplicationThreadServerStreamListener$1Closed@7bdd5c86
org.apache.ratis.thirdparty.io.grpc.StatusRuntimeException: CANCELLED: call already cancelled
	at org.apache.ratis.thirdparty.io.grpc.Status.asRuntimeException(Status.java:517)
	at org.apache.ratis.thirdparty.io.grpc.stub.ServerCalls$ServerCallStreamObserverImpl.onCompleted(ServerCalls.java:356)
	at org.apache.ratis.grpc.server.GrpcServerProtocolService$ServerRequestStreamObserver.onError(GrpcServerProtocolService.java:121)
	at org.apache.ratis.thirdparty.io.grpc.stub.ServerCalls$StreamingServerCallHandler$StreamingServerCallListener.onCancel(ServerCalls.java:269)
	at org.apache.ratis.thirdparty.io.grpc.internal.ServerCallImpl$ServerStreamListenerImpl.closed(ServerCallImpl.java:293)
	at org.apache.ratis.thirdparty.io.grpc.internal.ServerImpl$JumpToApplicationThreadServerStreamListener$1Closed.runInContext(ServerImpl.java:741)
	at org.apache.ratis.thirdparty.io.grpc.internal.ContextRunnable.run(ContextRunnable.java:37)
	at org.apache.ratis.thirdparty.io.grpc.internal.SerializingExecutor.run(SerializingExecutor.java:123)
	at java.util.concurrent.ThreadPoolExecutor.runWorker(ThreadPoolExecutor.java:1149)
	at java.util.concurrent.ThreadPoolExecutor$Worker.run(ThreadPoolExecutor.java:624)
	at java.lang.Thread.run(Thread.java:748)

]]></system-err>
  </testcase>
</testsuite>