<?xml version="1.0" encoding="UTF-8"?>
<testsuite xmlns:xsi="http://www.w3.org/2001/XMLSchema-instance" xsi:noNamespaceSchemaLocation="https://maven.apache.org/surefire/maven-surefire-plugin/xsd/surefire-test-report.xsd" name="org.apache.hadoop.ozone.client.rpc.TestCommitWatcher" time="176.671" tests="2" errors="2" skipped="0" failures="0">
  <properties>
    <property name="awt.toolkit" value="sun.awt.X11.XToolkit"/>
    <property name="file.encoding.pkg" value="sun.io"/>
    <property name="java.specification.version" value="1.8"/>
    <property name="sun.cpu.isalist" value=""/>
    <property name="sun.jnu.encoding" value="UTF-8"/>
    <property name="java.class.path" value="/workdir/hadoop-ozone/integration-test/target/test-classes:/workdir/hadoop-ozone/integration-test/target/classes:/home/user/.m2/repository/org/apache/hadoop/hadoop-ozone-common/0.5.0-SNAPSHOT/hadoop-ozone-common-0.5.0-SNAPSHOT.jar:/home/user/.m2/repository/org/apache/commons/commons-compress/1.4.1/commons-compress-1.4.1.jar:/home/user/.m2/repository/org/tukaani/xz/1.0/xz-1.0.jar:/home/user/.m2/repository/org/apache/hadoop/hadoop-common/3.2.0/hadoop-common-3.2.0.jar:/home/user/.m2/repository/org/apache/hadoop/hadoop-hdfs/3.2.0/hadoop-hdfs-3.2.0.jar:/home/user/.m2/repository/org/apache/hadoop/hadoop-hdfs-client/3.2.0/hadoop-hdfs-client-3.2.0.jar:/home/user/.m2/repository/com/fasterxml/jackson/core/jackson-annotations/2.9.9/jackson-annotations-2.9.9.jar:/home/user/.m2/repository/org/apache/hadoop/hadoop-hdds-common/0.5.0-SNAPSHOT/hadoop-hdds-common-0.5.0-SNAPSHOT.jar:/home/user/.m2/repository/javax/annotation/javax.annotation-api/1.2/javax.annotation-api-1.2.jar:/home/user/.m2/repository/org/apache/ratis/ratis-server/0.5.0-201fc85-SNAPSHOT/ratis-server-0.5.0-201fc85-SNAPSHOT.jar:/home/user/.m2/repository/org/apache/ratis/ratis-thirdparty-misc/0.2.0/ratis-thirdparty-misc-0.2.0.jar:/home/user/.m2/repository/org/apache/ratis/ratis-proto/0.5.0-201fc85-SNAPSHOT/ratis-proto-0.5.0-201fc85-SNAPSHOT.jar:/home/user/.m2/repository/org/apache/ratis/ratis-common/0.5.0-201fc85-SNAPSHOT/ratis-common-0.5.0-201fc85-SNAPSHOT.jar:/home/user/.m2/repository/org/apache/ratis/ratis-client/0.5.0-201fc85-SNAPSHOT/ratis-client-0.5.0-201fc85-SNAPSHOT.jar:/home/user/.m2/repository/org/apache/ratis/ratis-metrics/0.5.0-201fc85-SNAPSHOT/ratis-metrics-0.5.0-201fc85-SNAPSHOT.jar:/home/user/.m2/repository/com/github/joshelser/dropwizard-metrics-hadoop-metrics2-reporter/0.1.2/dropwizard-metrics-hadoop-metrics2-reporter-0.1.2.jar:/home/user/.m2/repository/io/dropwizard/metrics/metrics-jvm/3.2.5/metrics-jvm-3.2.5.jar:/home/user/.m2/repository/io/dropwizard/metrics/metrics-ganglia/3.2.5/metrics-ganglia-3.2.5.jar:/home/user/.m2/repository/info/ganglia/gmetric4j/gmetric4j/1.0.7/gmetric4j-1.0.7.jar:/home/user/.m2/repository/org/apache/ratis/ratis-netty/0.5.0-201fc85-SNAPSHOT/ratis-netty-0.5.0-201fc85-SNAPSHOT.jar:/home/user/.m2/repository/org/apache/ratis/ratis-grpc/0.5.0-201fc85-SNAPSHOT/ratis-grpc-0.5.0-201fc85-SNAPSHOT.jar:/home/user/.m2/repository/org/rocksdb/rocksdbjni/6.0.1/rocksdbjni-6.0.1.jar:/home/user/.m2/repository/org/apache/logging/log4j/log4j-api/2.11.0/log4j-api-2.11.0.jar:/home/user/.m2/repository/org/apache/logging/log4j/log4j-core/2.11.0/log4j-core-2.11.0.jar:/home/user/.m2/repository/com/lmax/disruptor/3.4.2/disruptor-3.4.2.jar:/home/user/.m2/repository/org/apache/commons/commons-pool2/2.6.0/commons-pool2-2.6.0.jar:/home/user/.m2/repository/org/bouncycastle/bcpkix-jdk15on/1.60/bcpkix-jdk15on-1.60.jar:/home/user/.m2/repository/commons-validator/commons-validator/1.6/commons-validator-1.6.jar:/home/user/.m2/repository/commons-digester/commons-digester/1.8.1/commons-digester-1.8.1.jar:/home/user/.m2/repository/io/jaegertracing/jaeger-client/0.34.0/jaeger-client-0.34.0.jar:/home/user/.m2/repository/io/jaegertracing/jaeger-thrift/0.34.0/jaeger-thrift-0.34.0.jar:/home/user/.m2/repository/org/apache/thrift/libthrift/0.12.0/libthrift-0.12.0.jar:/home/user/.m2/repository/com/squareup/okhttp3/okhttp/3.9.0/okhttp-3.9.0.jar:/home/user/.m2/repository/com/squareup/okio/okio/1.13.0/okio-1.13.0.jar:/home/user/.m2/repository/io/jaegertracing/jaeger-core/0.34.0/jaeger-core-0.34.0.jar:/home/user/.m2/repository/io/jaegertracing/jaeger-tracerresolver/0.34.0/jaeger-tracerresolver-0.34.0.jar:/home/user/.m2/repository/io/opentracing/contrib/opentracing-tracerresolver/0.1.5/opentracing-tracerresolver-0.1.5.jar:/home/user/.m2/repository/io/opentracing/opentracing-util/0.31.0/opentracing-util-0.31.0.jar:/home/user/.m2/repository/io/opentracing/opentracing-api/0.31.0/opentracing-api-0.31.0.jar:/home/user/.m2/repository/io/opentracing/opentracing-noop/0.31.0/opentracing-noop-0.31.0.jar:/home/user/.m2/repository/org/apache/hadoop/hadoop-hdds-server-framework/0.5.0-SNAPSHOT/hadoop-hdds-server-framework-0.5.0-SNAPSHOT.jar:/home/user/.m2/repository/org/apache/hadoop/hadoop-hdds-container-service/0.5.0-SNAPSHOT/hadoop-hdds-container-service-0.5.0-SNAPSHOT.jar:/home/user/.m2/repository/org/apache/hadoop/hadoop-hdds-client/0.5.0-SNAPSHOT/hadoop-hdds-client-0.5.0-SNAPSHOT.jar:/home/user/.m2/repository/org/apache/hadoop/hadoop-hdds-tools/0.5.0-SNAPSHOT/hadoop-hdds-tools-0.5.0-SNAPSHOT.jar:/home/user/.m2/repository/org/apache/hadoop/hadoop-hdds-server-scm/0.5.0-SNAPSHOT/hadoop-hdds-server-scm-0.5.0-SNAPSHOT.jar:/home/user/.m2/repository/org/apache/hadoop/hadoop-hdds-docs/0.5.0-SNAPSHOT/hadoop-hdds-docs-0.5.0-SNAPSHOT.jar:/home/user/.m2/repository/io/dropwizard/metrics/metrics-core/3.2.4/metrics-core-3.2.4.jar:/home/user/.m2/repository/org/hamcrest/hamcrest-all/1.3/hamcrest-all-1.3.jar:/home/user/.m2/repository/org/bouncycastle/bcprov-jdk15on/1.60/bcprov-jdk15on-1.60.jar:/home/user/.m2/repository/info/picocli/picocli/3.9.6/picocli-3.9.6.jar:/home/user/.m2/repository/com/google/protobuf/protobuf-java/2.5.0/protobuf-java-2.5.0.jar:/home/user/.m2/repository/com/google/guava/guava/11.0.2/guava-11.0.2.jar:/home/user/.m2/repository/org/apache/hadoop/hadoop-ozone-ozone-manager/0.5.0-SNAPSHOT/hadoop-ozone-ozone-manager-0.5.0-SNAPSHOT.jar:/home/user/.m2/repository/org/apache/hadoop/hadoop-minikdc/3.2.0/hadoop-minikdc-3.2.0.jar:/home/user/.m2/repository/commons-io/commons-io/2.5/commons-io-2.5.jar:/home/user/.m2/repository/org/apache/kerby/kerb-simplekdc/1.0.1/kerb-simplekdc-1.0.1.jar:/home/user/.m2/repository/org/apache/kerby/kerb-client/1.0.1/kerb-client-1.0.1.jar:/home/user/.m2/repository/org/apache/kerby/kerby-config/1.0.1/kerby-config-1.0.1.jar:/home/user/.m2/repository/org/apache/kerby/kerb-core/1.0.1/kerb-core-1.0.1.jar:/home/user/.m2/repository/org/apache/kerby/kerby-pkix/1.0.1/kerby-pkix-1.0.1.jar:/home/user/.m2/repository/org/apache/kerby/kerby-asn1/1.0.1/kerby-asn1-1.0.1.jar:/home/user/.m2/repository/org/apache/kerby/kerby-util/1.0.1/kerby-util-1.0.1.jar:/home/user/.m2/repository/org/apache/kerby/kerb-common/1.0.1/kerb-common-1.0.1.jar:/home/user/.m2/repository/org/apache/kerby/kerb-crypto/1.0.1/kerb-crypto-1.0.1.jar:/home/user/.m2/repository/org/apache/kerby/kerb-util/1.0.1/kerb-util-1.0.1.jar:/home/user/.m2/repository/org/apache/kerby/token-provider/1.0.1/token-provider-1.0.1.jar:/home/user/.m2/repository/org/apache/kerby/kerb-admin/1.0.1/kerb-admin-1.0.1.jar:/home/user/.m2/repository/org/apache/kerby/kerb-server/1.0.1/kerb-server-1.0.1.jar:/home/user/.m2/repository/org/apache/kerby/kerb-identity/1.0.1/kerb-identity-1.0.1.jar:/home/user/.m2/repository/org/apache/kerby/kerby-xdr/1.0.1/kerby-xdr-1.0.1.jar:/home/user/.m2/repository/org/slf4j/slf4j-log4j12/1.7.25/slf4j-log4j12-1.7.25.jar:/home/user/.m2/repository/org/apache/hadoop/hadoop-ozone-s3gateway/0.5.0-SNAPSHOT/hadoop-ozone-s3gateway-0.5.0-SNAPSHOT.jar:/home/user/.m2/repository/org/jboss/weld/servlet/weld-servlet/2.4.7.Final/weld-servlet-2.4.7.Final.jar:/home/user/.m2/repository/org/glassfish/jersey/containers/jersey-container-servlet-core/2.27/jersey-container-servlet-core-2.27.jar:/home/user/.m2/repository/org/glassfish/hk2/external/javax.inject/2.5.0-b42/javax.inject-2.5.0-b42.jar:/home/user/.m2/repository/org/glassfish/jersey/core/jersey-common/2.27/jersey-common-2.27.jar:/home/user/.m2/repository/org/glassfish/hk2/osgi-resource-locator/1.0.1/osgi-resource-locator-1.0.1.jar:/home/user/.m2/repository/javax/ws/rs/javax.ws.rs-api/2.1/javax.ws.rs-api-2.1.jar:/home/user/.m2/repository/org/glassfish/jersey/ext/cdi/jersey-cdi1x/2.27/jersey-cdi1x-2.27.jar:/home/user/.m2/repository/org/glassfish/jersey/inject/jersey-hk2/2.27/jersey-hk2-2.27.jar:/home/user/.m2/repository/org/glassfish/hk2/hk2-locator/2.5.0-b42/hk2-locator-2.5.0-b42.jar:/home/user/.m2/repository/org/javassist/javassist/3.22.0-CR2/javassist-3.22.0-CR2.jar:/home/user/.m2/repository/org/glassfish/hk2/hk2-api/2.5.0/hk2-api-2.5.0.jar:/home/user/.m2/repository/org/glassfish/hk2/external/jakarta.inject/2.5.0/jakarta.inject-2.5.0.jar:/home/user/.m2/repository/org/glassfish/hk2/hk2-utils/2.5.0/hk2-utils-2.5.0.jar:/home/user/.m2/repository/jakarta/annotation/jakarta.annotation-api/1.3.4/jakarta.annotation-api-1.3.4.jar:/home/user/.m2/repository/org/glassfish/hk2/external/aopalliance-repackaged/2.5.0/aopalliance-repackaged-2.5.0.jar:/home/user/.m2/repository/com/fasterxml/jackson/dataformat/jackson-dataformat-xml/2.9.0/jackson-dataformat-xml-2.9.0.jar:/home/user/.m2/repository/com/fasterxml/jackson/core/jackson-core/2.9.9/jackson-core-2.9.9.jar:/home/user/.m2/repository/com/fasterxml/jackson/module/jackson-module-jaxb-annotations/2.9.9/jackson-module-jaxb-annotations-2.9.9.jar:/home/user/.m2/repository/javax/enterprise/cdi-api/1.2/cdi-api-1.2.jar:/home/user/.m2/repository/javax/el/javax.el-api/3.0.0/javax.el-api-3.0.0.jar:/home/user/.m2/repository/javax/interceptor/javax.interceptor-api/1.2/javax.interceptor-api-1.2.jar:/home/user/.m2/repository/javax/inject/javax.inject/1/javax.inject-1.jar:/home/user/.m2/repository/com/sun/xml/bind/jaxb-impl/2.3.0.1/jaxb-impl-2.3.0.1.jar:/home/user/.m2/repository/com/sun/xml/bind/jaxb-core/2.3.0.1/jaxb-core-2.3.0.1.jar:/home/user/.m2/repository/javax/xml/bind/jaxb-api/2.3.0/jaxb-api-2.3.0.jar:/home/user/.m2/repository/javax/activation/activation/1.1.1/activation-1.1.1.jar:/home/user/.m2/repository/org/apache/hadoop/hadoop-ozone-csi/0.5.0-SNAPSHOT/hadoop-ozone-csi-0.5.0-SNAPSHOT.jar:/home/user/.m2/repository/com/google/protobuf/protobuf-java-util/3.5.1/protobuf-java-util-3.5.1.jar:/home/user/.m2/repository/org/apache/hadoop/hadoop-hdds-config/0.5.0-SNAPSHOT/hadoop-hdds-config-0.5.0-SNAPSHOT.jar:/home/user/.m2/repository/io/grpc/grpc-netty/1.17.1/grpc-netty-1.17.1.jar:/home/user/.m2/repository/io/grpc/grpc-core/1.17.1/grpc-core-1.17.1.jar:/home/user/.m2/repository/io/grpc/grpc-context/1.17.1/grpc-context-1.17.1.jar:/home/user/.m2/repository/com/google/errorprone/error_prone_annotations/2.2.0/error_prone_annotations-2.2.0.jar:/home/user/.m2/repository/org/codehaus/mojo/animal-sniffer-annotations/1.17/animal-sniffer-annotations-1.17.jar:/home/user/.m2/repository/io/opencensus/opencensus-api/0.17.0/opencensus-api-0.17.0.jar:/home/user/.m2/repository/io/opencensus/opencensus-contrib-grpc-metrics/0.17.0/opencensus-contrib-grpc-metrics-0.17.0.jar:/home/user/.m2/repository/io/netty/netty-codec-http2/4.1.30.Final/netty-codec-http2-4.1.30.Final.jar:/home/user/.m2/repository/io/netty/netty-codec-http/4.1.30.Final/netty-codec-http-4.1.30.Final.jar:/home/user/.m2/repository/io/netty/netty-codec/4.1.30.Final/netty-codec-4.1.30.Final.jar:/home/user/.m2/repository/io/netty/netty-handler/4.1.30.Final/netty-handler-4.1.30.Final.jar:/home/user/.m2/repository/io/netty/netty-handler-proxy/4.1.30.Final/netty-handler-proxy-4.1.30.Final.jar:/home/user/.m2/repository/io/netty/netty-codec-socks/4.1.30.Final/netty-codec-socks-4.1.30.Final.jar:/home/user/.m2/repository/io/netty/netty-transport-native-epoll/4.1.30.Final/netty-transport-native-epoll-4.1.30.Final.jar:/home/user/.m2/repository/io/netty/netty-common/4.1.30.Final/netty-common-4.1.30.Final.jar:/home/user/.m2/repository/io/netty/netty-buffer/4.1.30.Final/netty-buffer-4.1.30.Final.jar:/home/user/.m2/repository/io/netty/netty-transport/4.1.30.Final/netty-transport-4.1.30.Final.jar:/home/user/.m2/repository/io/netty/netty-resolver/4.1.30.Final/netty-resolver-4.1.30.Final.jar:/home/user/.m2/repository/io/netty/netty-transport-native-unix-common/4.1.30.Final/netty-transport-native-unix-common-4.1.30.Final.jar:/home/user/.m2/repository/io/grpc/grpc-protobuf/1.17.1/grpc-protobuf-1.17.1.jar:/home/user/.m2/repository/com/google/api/grpc/proto-google-common-protos/1.0.0/proto-google-common-protos-1.0.0.jar:/home/user/.m2/repository/io/grpc/grpc-protobuf-lite/1.17.1/grpc-protobuf-lite-1.17.1.jar:/home/user/.m2/repository/io/grpc/grpc-stub/1.17.1/grpc-stub-1.17.1.jar:/home/user/.m2/repository/org/apache/hadoop/hadoop-ozone-recon/0.5.0-SNAPSHOT/hadoop-ozone-recon-0.5.0-SNAPSHOT.jar:/home/user/.m2/repository/org/apache/hadoop/hadoop-ozone-reconcodegen/0.5.0-SNAPSHOT/hadoop-ozone-reconcodegen-0.5.0-SNAPSHOT.jar:/home/user/.m2/repository/com/google/inject/extensions/guice-multibindings/4.0/guice-multibindings-4.0.jar:/home/user/.m2/repository/com/google/inject/guice/4.0/guice-4.0.jar:/home/user/.m2/repository/aopalliance/aopalliance/1.0/aopalliance-1.0.jar:/home/user/.m2/repository/com/google/inject/extensions/guice-servlet/4.0/guice-servlet-4.0.jar:/home/user/.m2/repository/org/glassfish/jersey/containers/jersey-container-servlet/2.27/jersey-container-servlet-2.27.jar:/home/user/.m2/repository/org/glassfish/hk2/guice-bridge/2.5.0/guice-bridge-2.5.0.jar:/home/user/.m2/repository/org/glassfish/jersey/core/jersey-server/2.27/jersey-server-2.27.jar:/home/user/.m2/repository/org/glassfish/jersey/core/jersey-client/2.27/jersey-client-2.27.jar:/home/user/.m2/repository/org/glassfish/jersey/media/jersey-media-jaxb/2.27/jersey-media-jaxb-2.27.jar:/home/user/.m2/repository/javax/validation/validation-api/1.1.0.Final/validation-api-1.1.0.Final.jar:/home/user/.m2/repository/org/glassfish/jersey/media/jersey-media-json-jackson/2.27/jersey-media-json-jackson-2.27.jar:/home/user/.m2/repository/org/glassfish/jersey/ext/jersey-entity-filtering/2.27/jersey-entity-filtering-2.27.jar:/home/user/.m2/repository/com/google/inject/extensions/guice-assistedinject/4.0/guice-assistedinject-4.0.jar:/home/user/.m2/repository/org/jooq/jooq/3.11.10/jooq-3.11.10.jar:/home/user/.m2/repository/org/jooq/jooq-meta/3.11.10/jooq-meta-3.11.10.jar:/home/user/.m2/repository/org/jooq/jooq-codegen/3.11.10/jooq-codegen-3.11.10.jar:/home/user/.m2/repository/com/jolbox/bonecp/0.8.0.RELEASE/bonecp-0.8.0.RELEASE.jar:/home/user/.m2/repository/org/xerial/sqlite-jdbc/3.25.2/sqlite-jdbc-3.25.2.jar:/home/user/.m2/repository/org/springframework/spring-jdbc/5.1.3.RELEASE/spring-jdbc-5.1.3.RELEASE.jar:/home/user/.m2/repository/org/springframework/spring-beans/5.1.3.RELEASE/spring-beans-5.1.3.RELEASE.jar:/home/user/.m2/repository/org/springframework/spring-core/5.1.3.RELEASE/spring-core-5.1.3.RELEASE.jar:/home/user/.m2/repository/org/springframework/spring-jcl/5.1.3.RELEASE/spring-jcl-5.1.3.RELEASE.jar:/home/user/.m2/repository/org/springframework/spring-tx/5.1.3.RELEASE/spring-tx-5.1.3.RELEASE.jar:/home/user/.m2/repository/org/apache/hadoop/hadoop-ozone-client/0.5.0-SNAPSHOT/hadoop-ozone-client-0.5.0-SNAPSHOT.jar:/home/user/.m2/repository/commons-lang/commons-lang/2.6/commons-lang-2.6.jar:/home/user/.m2/repository/org/apache/hadoop/hadoop-ozone-ozone-manager/0.5.0-SNAPSHOT/hadoop-ozone-ozone-manager-0.5.0-SNAPSHOT-tests.jar:/home/user/.m2/repository/junit/junit/4.11/junit-4.11.jar:/home/user/.m2/repository/org/hamcrest/hamcrest-core/1.3/hamcrest-core-1.3.jar:/home/user/.m2/repository/org/openjdk/jmh/jmh-core/1.19/jmh-core-1.19.jar:/home/user/.m2/repository/net/sf/jopt-simple/jopt-simple/4.6/jopt-simple-4.6.jar:/home/user/.m2/repository/org/apache/commons/commons-math3/3.1.1/commons-math3-3.1.1.jar:/home/user/.m2/repository/org/openjdk/jmh/jmh-generator-annprocess/1.19/jmh-generator-annprocess-1.19.jar:/home/user/.m2/repository/org/mockito/mockito-all/1.8.5/mockito-all-1.8.5.jar:/home/user/.m2/repository/org/apache/hadoop/hadoop-kms/3.2.0/hadoop-kms-3.2.0.jar:/home/user/.m2/repository/org/apache/hadoop/hadoop-auth/3.2.0/hadoop-auth-3.2.0.jar:/home/user/.m2/repository/com/nimbusds/nimbus-jose-jwt/4.41.1/nimbus-jose-jwt-4.41.1.jar:/home/user/.m2/repository/com/github/stephenc/jcip/jcip-annotations/1.0-1/jcip-annotations-1.0-1.jar:/home/user/.m2/repository/net/minidev/json-smart/2.3/json-smart-2.3.jar:/home/user/.m2/repository/net/minidev/accessors-smart/1.2/accessors-smart-1.2.jar:/home/user/.m2/repository/org/ow2/asm/asm/5.0.4/asm-5.0.4.jar:/home/user/.m2/repository/org/apache/curator/curator-framework/2.12.0/curator-framework-2.12.0.jar:/home/user/.m2/repository/com/sun/jersey/jersey-core/1.19/jersey-core-1.19.jar:/home/user/.m2/repository/javax/ws/rs/jsr311-api/1.1.1/jsr311-api-1.1.1.jar:/home/user/.m2/repository/com/sun/jersey/jersey-server/1.19/jersey-server-1.19.jar:/home/user/.m2/repository/javax/servlet/javax.servlet-api/3.1.0/javax.servlet-api-3.1.0.jar:/home/user/.m2/repository/org/eclipse/jetty/jetty-server/9.3.25.v20180904/jetty-server-9.3.25.v20180904.jar:/home/user/.m2/repository/org/eclipse/jetty/jetty-http/9.3.25.v20180904/jetty-http-9.3.25.v20180904.jar:/home/user/.m2/repository/org/eclipse/jetty/jetty-io/9.3.25.v20180904/jetty-io-9.3.25.v20180904.jar:/home/user/.m2/repository/org/eclipse/jetty/jetty-webapp/9.3.25.v20180904/jetty-webapp-9.3.25.v20180904.jar:/home/user/.m2/repository/org/eclipse/jetty/jetty-xml/9.3.25.v20180904/jetty-xml-9.3.25.v20180904.jar:/home/user/.m2/repository/log4j/log4j/1.2.17/log4j-1.2.17.jar:/home/user/.m2/repository/org/slf4j/slf4j-api/1.7.25/slf4j-api-1.7.25.jar:/home/user/.m2/repository/org/slf4j/jul-to-slf4j/1.7.25/jul-to-slf4j-1.7.25.jar:/home/user/.m2/repository/org/eclipse/jetty/jetty-util/9.3.25.v20180904/jetty-util-9.3.25.v20180904.jar:/home/user/.m2/repository/com/fasterxml/jackson/core/jackson-databind/2.9.9/jackson-databind-2.9.9.jar:/home/user/.m2/repository/org/apache/hadoop/hadoop-kms/3.2.0/hadoop-kms-3.2.0-tests.jar:/home/user/.m2/repository/org/apache/hadoop/hadoop-hdds-server-scm/0.5.0-SNAPSHOT/hadoop-hdds-server-scm-0.5.0-SNAPSHOT-tests.jar:/home/user/.m2/repository/org/apache/hadoop/hadoop-hdds-container-service/0.5.0-SNAPSHOT/hadoop-hdds-container-service-0.5.0-SNAPSHOT-tests.jar:/home/user/.m2/repository/org/yaml/snakeyaml/1.16/snakeyaml-1.16.jar:/home/user/.m2/repository/org/apache/hadoop/hadoop-common/3.2.0/hadoop-common-3.2.0-tests.jar:/home/user/.m2/repository/org/apache/hadoop/hadoop-annotations/3.2.0/hadoop-annotations-3.2.0.jar:/usr/lib/jvm/java-1.8-openjdk/jre/../lib/tools.jar:/home/user/.m2/repository/commons-cli/commons-cli/1.2/commons-cli-1.2.jar:/home/user/.m2/repository/org/apache/httpcomponents/httpclient/4.5.2/httpclient-4.5.2.jar:/home/user/.m2/repository/org/apache/httpcomponents/httpcore/4.4.4/httpcore-4.4.4.jar:/home/user/.m2/repository/commons-codec/commons-codec/1.11/commons-codec-1.11.jar:/home/user/.m2/repository/commons-net/commons-net/3.6/commons-net-3.6.jar:/home/user/.m2/repository/commons-collections/commons-collections/3.2.2/commons-collections-3.2.2.jar:/home/user/.m2/repository/org/eclipse/jetty/jetty-servlet/9.3.25.v20180904/jetty-servlet-9.3.25.v20180904.jar:/home/user/.m2/repository/org/eclipse/jetty/jetty-security/9.3.25.v20180904/jetty-security-9.3.25.v20180904.jar:/home/user/.m2/repository/javax/servlet/jsp/jsp-api/2.1/jsp-api-2.1.jar:/home/user/.m2/repository/com/sun/jersey/jersey-servlet/1.19/jersey-servlet-1.19.jar:/home/user/.m2/repository/com/sun/jersey/jersey-json/1.19/jersey-json-1.19.jar:/home/user/.m2/repository/org/codehaus/jettison/jettison/1.1/jettison-1.1.jar:/home/user/.m2/repository/org/codehaus/jackson/jackson-core-asl/1.9.13/jackson-core-asl-1.9.13.jar:/home/user/.m2/repository/org/codehaus/jackson/jackson-mapper-asl/1.9.13/jackson-mapper-asl-1.9.13.jar:/home/user/.m2/repository/org/codehaus/jackson/jackson-jaxrs/1.9.13/jackson-jaxrs-1.9.13.jar:/home/user/.m2/repository/org/codehaus/jackson/jackson-xc/1.9.13/jackson-xc-1.9.13.jar:/home/user/.m2/repository/commons-logging/commons-logging/1.1.3/commons-logging-1.1.3.jar:/home/user/.m2/repository/commons-beanutils/commons-beanutils/1.9.4/commons-beanutils-1.9.4.jar:/home/user/.m2/repository/org/apache/commons/commons-configuration2/2.1.1/commons-configuration2-2.1.1.jar:/home/user/.m2/repository/org/apache/commons/commons-lang3/3.7/commons-lang3-3.7.jar:/home/user/.m2/repository/org/apache/commons/commons-text/1.4/commons-text-1.4.jar:/home/user/.m2/repository/org/apache/avro/avro/1.7.7/avro-1.7.7.jar:/home/user/.m2/repository/com/thoughtworks/paranamer/paranamer/2.3/paranamer-2.3.jar:/home/user/.m2/repository/org/xerial/snappy/snappy-java/1.0.5/snappy-java-1.0.5.jar:/home/user/.m2/repository/com/google/re2j/re2j/1.1/re2j-1.1.jar:/home/user/.m2/repository/com/google/code/gson/gson/2.2.4/gson-2.2.4.jar:/home/user/.m2/repository/com/jcraft/jsch/0.1.54/jsch-0.1.54.jar:/home/user/.m2/repository/org/apache/curator/curator-client/2.12.0/curator-client-2.12.0.jar:/home/user/.m2/repository/org/apache/curator/curator-recipes/2.12.0/curator-recipes-2.12.0.jar:/home/user/.m2/repository/com/google/code/findbugs/jsr305/3.0.0/jsr305-3.0.0.jar:/home/user/.m2/repository/org/apache/htrace/htrace-core4/4.1.0-incubating/htrace-core4-4.1.0-incubating.jar:/home/user/.m2/repository/org/apache/zookeeper/zookeeper/3.4.13/zookeeper-3.4.13.jar:/home/user/.m2/repository/jline/jline/0.9.94/jline-0.9.94.jar:/home/user/.m2/repository/org/apache/yetus/audience-annotations/0.5.0/audience-annotations-0.5.0.jar:/home/user/.m2/repository/org/codehaus/woodstox/stax2-api/3.1.4/stax2-api-3.1.4.jar:/home/user/.m2/repository/com/fasterxml/woodstox/woodstox-core/5.0.3/woodstox-core-5.0.3.jar:/home/user/.m2/repository/dnsjava/dnsjava/2.1.7/dnsjava-2.1.7.jar:/home/user/.m2/repository/org/apache/hadoop/hadoop-hdfs/3.2.0/hadoop-hdfs-3.2.0-tests.jar:/home/user/.m2/repository/org/eclipse/jetty/jetty-util-ajax/9.3.25.v20180904/jetty-util-ajax-9.3.25.v20180904.jar:/home/user/.m2/repository/commons-daemon/commons-daemon/1.0.13/commons-daemon-1.0.13.jar:/home/user/.m2/repository/io/netty/netty/3.10.5.Final/netty-3.10.5.Final.jar:/home/user/.m2/repository/io/netty/netty-all/4.0.52.Final/netty-all-4.0.52.Final.jar:/home/user/.m2/repository/org/fusesource/leveldbjni/leveldbjni-all/1.8/leveldbjni-all-1.8.jar:"/>
    <property name="java.vm.vendor" value="IcedTea"/>
    <property name="sun.arch.data.model" value="64"/>
    <property name="test.build.dir" value="/workdir/hadoop-ozone/integration-test/target/test-dir"/>
    <property name="test.cache.data" value=""/>
    <property name="java.vendor.url" value="https://icedtea.classpath.org"/>
    <property name="user.timezone" value=""/>
    <property name="java.vm.specification.version" value="1.8"/>
    <property name="os.name" value="Linux"/>
    <property name="test.build.data" value="/workdir/hadoop-ozone/integration-test/target/test-dir"/>
    <property name="user.country" value="US"/>
    <property name="sun.java.launcher" value="SUN_STANDARD"/>
    <property name="sun.boot.library.path" value="/usr/lib/jvm/java-1.8-openjdk/jre/lib/amd64"/>
    <property name="sun.java.command" value="/workdir/hadoop-ozone/integration-test/target/surefire/surefirebooter2552249892086039288.jar /workdir/hadoop-ozone/integration-test/target/surefire 2019-10-02T06-52-48_325-jvmRun1 surefire7342729292069865958tmp surefire_574675569405559910062tmp"/>
    <property name="test" value="!TestMiniChaosOzoneCluster"/>
    <property name="surefire.test.class.path" value="/workdir/hadoop-ozone/integration-test/target/test-classes:/workdir/hadoop-ozone/integration-test/target/classes:/home/user/.m2/repository/org/apache/hadoop/hadoop-ozone-common/0.5.0-SNAPSHOT/hadoop-ozone-common-0.5.0-SNAPSHOT.jar:/home/user/.m2/repository/org/apache/commons/commons-compress/1.4.1/commons-compress-1.4.1.jar:/home/user/.m2/repository/org/tukaani/xz/1.0/xz-1.0.jar:/home/user/.m2/repository/org/apache/hadoop/hadoop-common/3.2.0/hadoop-common-3.2.0.jar:/home/user/.m2/repository/org/apache/hadoop/hadoop-hdfs/3.2.0/hadoop-hdfs-3.2.0.jar:/home/user/.m2/repository/org/apache/hadoop/hadoop-hdfs-client/3.2.0/hadoop-hdfs-client-3.2.0.jar:/home/user/.m2/repository/com/fasterxml/jackson/core/jackson-annotations/2.9.9/jackson-annotations-2.9.9.jar:/home/user/.m2/repository/org/apache/hadoop/hadoop-hdds-common/0.5.0-SNAPSHOT/hadoop-hdds-common-0.5.0-SNAPSHOT.jar:/home/user/.m2/repository/javax/annotation/javax.annotation-api/1.2/javax.annotation-api-1.2.jar:/home/user/.m2/repository/org/apache/ratis/ratis-server/0.5.0-201fc85-SNAPSHOT/ratis-server-0.5.0-201fc85-SNAPSHOT.jar:/home/user/.m2/repository/org/apache/ratis/ratis-thirdparty-misc/0.2.0/ratis-thirdparty-misc-0.2.0.jar:/home/user/.m2/repository/org/apache/ratis/ratis-proto/0.5.0-201fc85-SNAPSHOT/ratis-proto-0.5.0-201fc85-SNAPSHOT.jar:/home/user/.m2/repository/org/apache/ratis/ratis-common/0.5.0-201fc85-SNAPSHOT/ratis-common-0.5.0-201fc85-SNAPSHOT.jar:/home/user/.m2/repository/org/apache/ratis/ratis-client/0.5.0-201fc85-SNAPSHOT/ratis-client-0.5.0-201fc85-SNAPSHOT.jar:/home/user/.m2/repository/org/apache/ratis/ratis-metrics/0.5.0-201fc85-SNAPSHOT/ratis-metrics-0.5.0-201fc85-SNAPSHOT.jar:/home/user/.m2/repository/com/github/joshelser/dropwizard-metrics-hadoop-metrics2-reporter/0.1.2/dropwizard-metrics-hadoop-metrics2-reporter-0.1.2.jar:/home/user/.m2/repository/io/dropwizard/metrics/metrics-jvm/3.2.5/metrics-jvm-3.2.5.jar:/home/user/.m2/repository/io/dropwizard/metrics/metrics-ganglia/3.2.5/metrics-ganglia-3.2.5.jar:/home/user/.m2/repository/info/ganglia/gmetric4j/gmetric4j/1.0.7/gmetric4j-1.0.7.jar:/home/user/.m2/repository/org/apache/ratis/ratis-netty/0.5.0-201fc85-SNAPSHOT/ratis-netty-0.5.0-201fc85-SNAPSHOT.jar:/home/user/.m2/repository/org/apache/ratis/ratis-grpc/0.5.0-201fc85-SNAPSHOT/ratis-grpc-0.5.0-201fc85-SNAPSHOT.jar:/home/user/.m2/repository/org/rocksdb/rocksdbjni/6.0.1/rocksdbjni-6.0.1.jar:/home/user/.m2/repository/org/apache/logging/log4j/log4j-api/2.11.0/log4j-api-2.11.0.jar:/home/user/.m2/repository/org/apache/logging/log4j/log4j-core/2.11.0/log4j-core-2.11.0.jar:/home/user/.m2/repository/com/lmax/disruptor/3.4.2/disruptor-3.4.2.jar:/home/user/.m2/repository/org/apache/commons/commons-pool2/2.6.0/commons-pool2-2.6.0.jar:/home/user/.m2/repository/org/bouncycastle/bcpkix-jdk15on/1.60/bcpkix-jdk15on-1.60.jar:/home/user/.m2/repository/commons-validator/commons-validator/1.6/commons-validator-1.6.jar:/home/user/.m2/repository/commons-digester/commons-digester/1.8.1/commons-digester-1.8.1.jar:/home/user/.m2/repository/io/jaegertracing/jaeger-client/0.34.0/jaeger-client-0.34.0.jar:/home/user/.m2/repository/io/jaegertracing/jaeger-thrift/0.34.0/jaeger-thrift-0.34.0.jar:/home/user/.m2/repository/org/apache/thrift/libthrift/0.12.0/libthrift-0.12.0.jar:/home/user/.m2/repository/com/squareup/okhttp3/okhttp/3.9.0/okhttp-3.9.0.jar:/home/user/.m2/repository/com/squareup/okio/okio/1.13.0/okio-1.13.0.jar:/home/user/.m2/repository/io/jaegertracing/jaeger-core/0.34.0/jaeger-core-0.34.0.jar:/home/user/.m2/repository/io/jaegertracing/jaeger-tracerresolver/0.34.0/jaeger-tracerresolver-0.34.0.jar:/home/user/.m2/repository/io/opentracing/contrib/opentracing-tracerresolver/0.1.5/opentracing-tracerresolver-0.1.5.jar:/home/user/.m2/repository/io/opentracing/opentracing-util/0.31.0/opentracing-util-0.31.0.jar:/home/user/.m2/repository/io/opentracing/opentracing-api/0.31.0/opentracing-api-0.31.0.jar:/home/user/.m2/repository/io/opentracing/opentracing-noop/0.31.0/opentracing-noop-0.31.0.jar:/home/user/.m2/repository/org/apache/hadoop/hadoop-hdds-server-framework/0.5.0-SNAPSHOT/hadoop-hdds-server-framework-0.5.0-SNAPSHOT.jar:/home/user/.m2/repository/org/apache/hadoop/hadoop-hdds-container-service/0.5.0-SNAPSHOT/hadoop-hdds-container-service-0.5.0-SNAPSHOT.jar:/home/user/.m2/repository/org/apache/hadoop/hadoop-hdds-client/0.5.0-SNAPSHOT/hadoop-hdds-client-0.5.0-SNAPSHOT.jar:/home/user/.m2/repository/org/apache/hadoop/hadoop-hdds-tools/0.5.0-SNAPSHOT/hadoop-hdds-tools-0.5.0-SNAPSHOT.jar:/home/user/.m2/repository/org/apache/hadoop/hadoop-hdds-server-scm/0.5.0-SNAPSHOT/hadoop-hdds-server-scm-0.5.0-SNAPSHOT.jar:/home/user/.m2/repository/org/apache/hadoop/hadoop-hdds-docs/0.5.0-SNAPSHOT/hadoop-hdds-docs-0.5.0-SNAPSHOT.jar:/home/user/.m2/repository/io/dropwizard/metrics/metrics-core/3.2.4/metrics-core-3.2.4.jar:/home/user/.m2/repository/org/hamcrest/hamcrest-all/1.3/hamcrest-all-1.3.jar:/home/user/.m2/repository/org/bouncycastle/bcprov-jdk15on/1.60/bcprov-jdk15on-1.60.jar:/home/user/.m2/repository/info/picocli/picocli/3.9.6/picocli-3.9.6.jar:/home/user/.m2/repository/com/google/protobuf/protobuf-java/2.5.0/protobuf-java-2.5.0.jar:/home/user/.m2/repository/com/google/guava/guava/11.0.2/guava-11.0.2.jar:/home/user/.m2/repository/org/apache/hadoop/hadoop-ozone-ozone-manager/0.5.0-SNAPSHOT/hadoop-ozone-ozone-manager-0.5.0-SNAPSHOT.jar:/home/user/.m2/repository/org/apache/hadoop/hadoop-minikdc/3.2.0/hadoop-minikdc-3.2.0.jar:/home/user/.m2/repository/commons-io/commons-io/2.5/commons-io-2.5.jar:/home/user/.m2/repository/org/apache/kerby/kerb-simplekdc/1.0.1/kerb-simplekdc-1.0.1.jar:/home/user/.m2/repository/org/apache/kerby/kerb-client/1.0.1/kerb-client-1.0.1.jar:/home/user/.m2/repository/org/apache/kerby/kerby-config/1.0.1/kerby-config-1.0.1.jar:/home/user/.m2/repository/org/apache/kerby/kerb-core/1.0.1/kerb-core-1.0.1.jar:/home/user/.m2/repository/org/apache/kerby/kerby-pkix/1.0.1/kerby-pkix-1.0.1.jar:/home/user/.m2/repository/org/apache/kerby/kerby-asn1/1.0.1/kerby-asn1-1.0.1.jar:/home/user/.m2/repository/org/apache/kerby/kerby-util/1.0.1/kerby-util-1.0.1.jar:/home/user/.m2/repository/org/apache/kerby/kerb-common/1.0.1/kerb-common-1.0.1.jar:/home/user/.m2/repository/org/apache/kerby/kerb-crypto/1.0.1/kerb-crypto-1.0.1.jar:/home/user/.m2/repository/org/apache/kerby/kerb-util/1.0.1/kerb-util-1.0.1.jar:/home/user/.m2/repository/org/apache/kerby/token-provider/1.0.1/token-provider-1.0.1.jar:/home/user/.m2/repository/org/apache/kerby/kerb-admin/1.0.1/kerb-admin-1.0.1.jar:/home/user/.m2/repository/org/apache/kerby/kerb-server/1.0.1/kerb-server-1.0.1.jar:/home/user/.m2/repository/org/apache/kerby/kerb-identity/1.0.1/kerb-identity-1.0.1.jar:/home/user/.m2/repository/org/apache/kerby/kerby-xdr/1.0.1/kerby-xdr-1.0.1.jar:/home/user/.m2/repository/org/slf4j/slf4j-log4j12/1.7.25/slf4j-log4j12-1.7.25.jar:/home/user/.m2/repository/org/apache/hadoop/hadoop-ozone-s3gateway/0.5.0-SNAPSHOT/hadoop-ozone-s3gateway-0.5.0-SNAPSHOT.jar:/home/user/.m2/repository/org/jboss/weld/servlet/weld-servlet/2.4.7.Final/weld-servlet-2.4.7.Final.jar:/home/user/.m2/repository/org/glassfish/jersey/containers/jersey-container-servlet-core/2.27/jersey-container-servlet-core-2.27.jar:/home/user/.m2/repository/org/glassfish/hk2/external/javax.inject/2.5.0-b42/javax.inject-2.5.0-b42.jar:/home/user/.m2/repository/org/glassfish/jersey/core/jersey-common/2.27/jersey-common-2.27.jar:/home/user/.m2/repository/org/glassfish/hk2/osgi-resource-locator/1.0.1/osgi-resource-locator-1.0.1.jar:/home/user/.m2/repository/javax/ws/rs/javax.ws.rs-api/2.1/javax.ws.rs-api-2.1.jar:/home/user/.m2/repository/org/glassfish/jersey/ext/cdi/jersey-cdi1x/2.27/jersey-cdi1x-2.27.jar:/home/user/.m2/repository/org/glassfish/jersey/inject/jersey-hk2/2.27/jersey-hk2-2.27.jar:/home/user/.m2/repository/org/glassfish/hk2/hk2-locator/2.5.0-b42/hk2-locator-2.5.0-b42.jar:/home/user/.m2/repository/org/javassist/javassist/3.22.0-CR2/javassist-3.22.0-CR2.jar:/home/user/.m2/repository/org/glassfish/hk2/hk2-api/2.5.0/hk2-api-2.5.0.jar:/home/user/.m2/repository/org/glassfish/hk2/external/jakarta.inject/2.5.0/jakarta.inject-2.5.0.jar:/home/user/.m2/repository/org/glassfish/hk2/hk2-utils/2.5.0/hk2-utils-2.5.0.jar:/home/user/.m2/repository/jakarta/annotation/jakarta.annotation-api/1.3.4/jakarta.annotation-api-1.3.4.jar:/home/user/.m2/repository/org/glassfish/hk2/external/aopalliance-repackaged/2.5.0/aopalliance-repackaged-2.5.0.jar:/home/user/.m2/repository/com/fasterxml/jackson/dataformat/jackson-dataformat-xml/2.9.0/jackson-dataformat-xml-2.9.0.jar:/home/user/.m2/repository/com/fasterxml/jackson/core/jackson-core/2.9.9/jackson-core-2.9.9.jar:/home/user/.m2/repository/com/fasterxml/jackson/module/jackson-module-jaxb-annotations/2.9.9/jackson-module-jaxb-annotations-2.9.9.jar:/home/user/.m2/repository/javax/enterprise/cdi-api/1.2/cdi-api-1.2.jar:/home/user/.m2/repository/javax/el/javax.el-api/3.0.0/javax.el-api-3.0.0.jar:/home/user/.m2/repository/javax/interceptor/javax.interceptor-api/1.2/javax.interceptor-api-1.2.jar:/home/user/.m2/repository/javax/inject/javax.inject/1/javax.inject-1.jar:/home/user/.m2/repository/com/sun/xml/bind/jaxb-impl/2.3.0.1/jaxb-impl-2.3.0.1.jar:/home/user/.m2/repository/com/sun/xml/bind/jaxb-core/2.3.0.1/jaxb-core-2.3.0.1.jar:/home/user/.m2/repository/javax/xml/bind/jaxb-api/2.3.0/jaxb-api-2.3.0.jar:/home/user/.m2/repository/javax/activation/activation/1.1.1/activation-1.1.1.jar:/home/user/.m2/repository/org/apache/hadoop/hadoop-ozone-csi/0.5.0-SNAPSHOT/hadoop-ozone-csi-0.5.0-SNAPSHOT.jar:/home/user/.m2/repository/com/google/protobuf/protobuf-java-util/3.5.1/protobuf-java-util-3.5.1.jar:/home/user/.m2/repository/org/apache/hadoop/hadoop-hdds-config/0.5.0-SNAPSHOT/hadoop-hdds-config-0.5.0-SNAPSHOT.jar:/home/user/.m2/repository/io/grpc/grpc-netty/1.17.1/grpc-netty-1.17.1.jar:/home/user/.m2/repository/io/grpc/grpc-core/1.17.1/grpc-core-1.17.1.jar:/home/user/.m2/repository/io/grpc/grpc-context/1.17.1/grpc-context-1.17.1.jar:/home/user/.m2/repository/com/google/errorprone/error_prone_annotations/2.2.0/error_prone_annotations-2.2.0.jar:/home/user/.m2/repository/org/codehaus/mojo/animal-sniffer-annotations/1.17/animal-sniffer-annotations-1.17.jar:/home/user/.m2/repository/io/opencensus/opencensus-api/0.17.0/opencensus-api-0.17.0.jar:/home/user/.m2/repository/io/opencensus/opencensus-contrib-grpc-metrics/0.17.0/opencensus-contrib-grpc-metrics-0.17.0.jar:/home/user/.m2/repository/io/netty/netty-codec-http2/4.1.30.Final/netty-codec-http2-4.1.30.Final.jar:/home/user/.m2/repository/io/netty/netty-codec-http/4.1.30.Final/netty-codec-http-4.1.30.Final.jar:/home/user/.m2/repository/io/netty/netty-codec/4.1.30.Final/netty-codec-4.1.30.Final.jar:/home/user/.m2/repository/io/netty/netty-handler/4.1.30.Final/netty-handler-4.1.30.Final.jar:/home/user/.m2/repository/io/netty/netty-handler-proxy/4.1.30.Final/netty-handler-proxy-4.1.30.Final.jar:/home/user/.m2/repository/io/netty/netty-codec-socks/4.1.30.Final/netty-codec-socks-4.1.30.Final.jar:/home/user/.m2/repository/io/netty/netty-transport-native-epoll/4.1.30.Final/netty-transport-native-epoll-4.1.30.Final.jar:/home/user/.m2/repository/io/netty/netty-common/4.1.30.Final/netty-common-4.1.30.Final.jar:/home/user/.m2/repository/io/netty/netty-buffer/4.1.30.Final/netty-buffer-4.1.30.Final.jar:/home/user/.m2/repository/io/netty/netty-transport/4.1.30.Final/netty-transport-4.1.30.Final.jar:/home/user/.m2/repository/io/netty/netty-resolver/4.1.30.Final/netty-resolver-4.1.30.Final.jar:/home/user/.m2/repository/io/netty/netty-transport-native-unix-common/4.1.30.Final/netty-transport-native-unix-common-4.1.30.Final.jar:/home/user/.m2/repository/io/grpc/grpc-protobuf/1.17.1/grpc-protobuf-1.17.1.jar:/home/user/.m2/repository/com/google/api/grpc/proto-google-common-protos/1.0.0/proto-google-common-protos-1.0.0.jar:/home/user/.m2/repository/io/grpc/grpc-protobuf-lite/1.17.1/grpc-protobuf-lite-1.17.1.jar:/home/user/.m2/repository/io/grpc/grpc-stub/1.17.1/grpc-stub-1.17.1.jar:/home/user/.m2/repository/org/apache/hadoop/hadoop-ozone-recon/0.5.0-SNAPSHOT/hadoop-ozone-recon-0.5.0-SNAPSHOT.jar:/home/user/.m2/repository/org/apache/hadoop/hadoop-ozone-reconcodegen/0.5.0-SNAPSHOT/hadoop-ozone-reconcodegen-0.5.0-SNAPSHOT.jar:/home/user/.m2/repository/com/google/inject/extensions/guice-multibindings/4.0/guice-multibindings-4.0.jar:/home/user/.m2/repository/com/google/inject/guice/4.0/guice-4.0.jar:/home/user/.m2/repository/aopalliance/aopalliance/1.0/aopalliance-1.0.jar:/home/user/.m2/repository/com/google/inject/extensions/guice-servlet/4.0/guice-servlet-4.0.jar:/home/user/.m2/repository/org/glassfish/jersey/containers/jersey-container-servlet/2.27/jersey-container-servlet-2.27.jar:/home/user/.m2/repository/org/glassfish/hk2/guice-bridge/2.5.0/guice-bridge-2.5.0.jar:/home/user/.m2/repository/org/glassfish/jersey/core/jersey-server/2.27/jersey-server-2.27.jar:/home/user/.m2/repository/org/glassfish/jersey/core/jersey-client/2.27/jersey-client-2.27.jar:/home/user/.m2/repository/org/glassfish/jersey/media/jersey-media-jaxb/2.27/jersey-media-jaxb-2.27.jar:/home/user/.m2/repository/javax/validation/validation-api/1.1.0.Final/validation-api-1.1.0.Final.jar:/home/user/.m2/repository/org/glassfish/jersey/media/jersey-media-json-jackson/2.27/jersey-media-json-jackson-2.27.jar:/home/user/.m2/repository/org/glassfish/jersey/ext/jersey-entity-filtering/2.27/jersey-entity-filtering-2.27.jar:/home/user/.m2/repository/com/google/inject/extensions/guice-assistedinject/4.0/guice-assistedinject-4.0.jar:/home/user/.m2/repository/org/jooq/jooq/3.11.10/jooq-3.11.10.jar:/home/user/.m2/repository/org/jooq/jooq-meta/3.11.10/jooq-meta-3.11.10.jar:/home/user/.m2/repository/org/jooq/jooq-codegen/3.11.10/jooq-codegen-3.11.10.jar:/home/user/.m2/repository/com/jolbox/bonecp/0.8.0.RELEASE/bonecp-0.8.0.RELEASE.jar:/home/user/.m2/repository/org/xerial/sqlite-jdbc/3.25.2/sqlite-jdbc-3.25.2.jar:/home/user/.m2/repository/org/springframework/spring-jdbc/5.1.3.RELEASE/spring-jdbc-5.1.3.RELEASE.jar:/home/user/.m2/repository/org/springframework/spring-beans/5.1.3.RELEASE/spring-beans-5.1.3.RELEASE.jar:/home/user/.m2/repository/org/springframework/spring-core/5.1.3.RELEASE/spring-core-5.1.3.RELEASE.jar:/home/user/.m2/repository/org/springframework/spring-jcl/5.1.3.RELEASE/spring-jcl-5.1.3.RELEASE.jar:/home/user/.m2/repository/org/springframework/spring-tx/5.1.3.RELEASE/spring-tx-5.1.3.RELEASE.jar:/home/user/.m2/repository/org/apache/hadoop/hadoop-ozone-client/0.5.0-SNAPSHOT/hadoop-ozone-client-0.5.0-SNAPSHOT.jar:/home/user/.m2/repository/commons-lang/commons-lang/2.6/commons-lang-2.6.jar:/home/user/.m2/repository/org/apache/hadoop/hadoop-ozone-ozone-manager/0.5.0-SNAPSHOT/hadoop-ozone-ozone-manager-0.5.0-SNAPSHOT-tests.jar:/home/user/.m2/repository/junit/junit/4.11/junit-4.11.jar:/home/user/.m2/repository/org/hamcrest/hamcrest-core/1.3/hamcrest-core-1.3.jar:/home/user/.m2/repository/org/openjdk/jmh/jmh-core/1.19/jmh-core-1.19.jar:/home/user/.m2/repository/net/sf/jopt-simple/jopt-simple/4.6/jopt-simple-4.6.jar:/home/user/.m2/repository/org/apache/commons/commons-math3/3.1.1/commons-math3-3.1.1.jar:/home/user/.m2/repository/org/openjdk/jmh/jmh-generator-annprocess/1.19/jmh-generator-annprocess-1.19.jar:/home/user/.m2/repository/org/mockito/mockito-all/1.8.5/mockito-all-1.8.5.jar:/home/user/.m2/repository/org/apache/hadoop/hadoop-kms/3.2.0/hadoop-kms-3.2.0.jar:/home/user/.m2/repository/org/apache/hadoop/hadoop-auth/3.2.0/hadoop-auth-3.2.0.jar:/home/user/.m2/repository/com/nimbusds/nimbus-jose-jwt/4.41.1/nimbus-jose-jwt-4.41.1.jar:/home/user/.m2/repository/com/github/stephenc/jcip/jcip-annotations/1.0-1/jcip-annotations-1.0-1.jar:/home/user/.m2/repository/net/minidev/json-smart/2.3/json-smart-2.3.jar:/home/user/.m2/repository/net/minidev/accessors-smart/1.2/accessors-smart-1.2.jar:/home/user/.m2/repository/org/ow2/asm/asm/5.0.4/asm-5.0.4.jar:/home/user/.m2/repository/org/apache/curator/curator-framework/2.12.0/curator-framework-2.12.0.jar:/home/user/.m2/repository/com/sun/jersey/jersey-core/1.19/jersey-core-1.19.jar:/home/user/.m2/repository/javax/ws/rs/jsr311-api/1.1.1/jsr311-api-1.1.1.jar:/home/user/.m2/repository/com/sun/jersey/jersey-server/1.19/jersey-server-1.19.jar:/home/user/.m2/repository/javax/servlet/javax.servlet-api/3.1.0/javax.servlet-api-3.1.0.jar:/home/user/.m2/repository/org/eclipse/jetty/jetty-server/9.3.25.v20180904/jetty-server-9.3.25.v20180904.jar:/home/user/.m2/repository/org/eclipse/jetty/jetty-http/9.3.25.v20180904/jetty-http-9.3.25.v20180904.jar:/home/user/.m2/repository/org/eclipse/jetty/jetty-io/9.3.25.v20180904/jetty-io-9.3.25.v20180904.jar:/home/user/.m2/repository/org/eclipse/jetty/jetty-webapp/9.3.25.v20180904/jetty-webapp-9.3.25.v20180904.jar:/home/user/.m2/repository/org/eclipse/jetty/jetty-xml/9.3.25.v20180904/jetty-xml-9.3.25.v20180904.jar:/home/user/.m2/repository/log4j/log4j/1.2.17/log4j-1.2.17.jar:/home/user/.m2/repository/org/slf4j/slf4j-api/1.7.25/slf4j-api-1.7.25.jar:/home/user/.m2/repository/org/slf4j/jul-to-slf4j/1.7.25/jul-to-slf4j-1.7.25.jar:/home/user/.m2/repository/org/eclipse/jetty/jetty-util/9.3.25.v20180904/jetty-util-9.3.25.v20180904.jar:/home/user/.m2/repository/com/fasterxml/jackson/core/jackson-databind/2.9.9/jackson-databind-2.9.9.jar:/home/user/.m2/repository/org/apache/hadoop/hadoop-kms/3.2.0/hadoop-kms-3.2.0-tests.jar:/home/user/.m2/repository/org/apache/hadoop/hadoop-hdds-server-scm/0.5.0-SNAPSHOT/hadoop-hdds-server-scm-0.5.0-SNAPSHOT-tests.jar:/home/user/.m2/repository/org/apache/hadoop/hadoop-hdds-container-service/0.5.0-SNAPSHOT/hadoop-hdds-container-service-0.5.0-SNAPSHOT-tests.jar:/home/user/.m2/repository/org/yaml/snakeyaml/1.16/snakeyaml-1.16.jar:/home/user/.m2/repository/org/apache/hadoop/hadoop-common/3.2.0/hadoop-common-3.2.0-tests.jar:/home/user/.m2/repository/org/apache/hadoop/hadoop-annotations/3.2.0/hadoop-annotations-3.2.0.jar:/usr/lib/jvm/java-1.8-openjdk/jre/../lib/tools.jar:/home/user/.m2/repository/commons-cli/commons-cli/1.2/commons-cli-1.2.jar:/home/user/.m2/repository/org/apache/httpcomponents/httpclient/4.5.2/httpclient-4.5.2.jar:/home/user/.m2/repository/org/apache/httpcomponents/httpcore/4.4.4/httpcore-4.4.4.jar:/home/user/.m2/repository/commons-codec/commons-codec/1.11/commons-codec-1.11.jar:/home/user/.m2/repository/commons-net/commons-net/3.6/commons-net-3.6.jar:/home/user/.m2/repository/commons-collections/commons-collections/3.2.2/commons-collections-3.2.2.jar:/home/user/.m2/repository/org/eclipse/jetty/jetty-servlet/9.3.25.v20180904/jetty-servlet-9.3.25.v20180904.jar:/home/user/.m2/repository/org/eclipse/jetty/jetty-security/9.3.25.v20180904/jetty-security-9.3.25.v20180904.jar:/home/user/.m2/repository/javax/servlet/jsp/jsp-api/2.1/jsp-api-2.1.jar:/home/user/.m2/repository/com/sun/jersey/jersey-servlet/1.19/jersey-servlet-1.19.jar:/home/user/.m2/repository/com/sun/jersey/jersey-json/1.19/jersey-json-1.19.jar:/home/user/.m2/repository/org/codehaus/jettison/jettison/1.1/jettison-1.1.jar:/home/user/.m2/repository/org/codehaus/jackson/jackson-core-asl/1.9.13/jackson-core-asl-1.9.13.jar:/home/user/.m2/repository/org/codehaus/jackson/jackson-mapper-asl/1.9.13/jackson-mapper-asl-1.9.13.jar:/home/user/.m2/repository/org/codehaus/jackson/jackson-jaxrs/1.9.13/jackson-jaxrs-1.9.13.jar:/home/user/.m2/repository/org/codehaus/jackson/jackson-xc/1.9.13/jackson-xc-1.9.13.jar:/home/user/.m2/repository/commons-logging/commons-logging/1.1.3/commons-logging-1.1.3.jar:/home/user/.m2/repository/commons-beanutils/commons-beanutils/1.9.4/commons-beanutils-1.9.4.jar:/home/user/.m2/repository/org/apache/commons/commons-configuration2/2.1.1/commons-configuration2-2.1.1.jar:/home/user/.m2/repository/org/apache/commons/commons-lang3/3.7/commons-lang3-3.7.jar:/home/user/.m2/repository/org/apache/commons/commons-text/1.4/commons-text-1.4.jar:/home/user/.m2/repository/org/apache/avro/avro/1.7.7/avro-1.7.7.jar:/home/user/.m2/repository/com/thoughtworks/paranamer/paranamer/2.3/paranamer-2.3.jar:/home/user/.m2/repository/org/xerial/snappy/snappy-java/1.0.5/snappy-java-1.0.5.jar:/home/user/.m2/repository/com/google/re2j/re2j/1.1/re2j-1.1.jar:/home/user/.m2/repository/com/google/code/gson/gson/2.2.4/gson-2.2.4.jar:/home/user/.m2/repository/com/jcraft/jsch/0.1.54/jsch-0.1.54.jar:/home/user/.m2/repository/org/apache/curator/curator-client/2.12.0/curator-client-2.12.0.jar:/home/user/.m2/repository/org/apache/curator/curator-recipes/2.12.0/curator-recipes-2.12.0.jar:/home/user/.m2/repository/com/google/code/findbugs/jsr305/3.0.0/jsr305-3.0.0.jar:/home/user/.m2/repository/org/apache/htrace/htrace-core4/4.1.0-incubating/htrace-core4-4.1.0-incubating.jar:/home/user/.m2/repository/org/apache/zookeeper/zookeeper/3.4.13/zookeeper-3.4.13.jar:/home/user/.m2/repository/jline/jline/0.9.94/jline-0.9.94.jar:/home/user/.m2/repository/org/apache/yetus/audience-annotations/0.5.0/audience-annotations-0.5.0.jar:/home/user/.m2/repository/org/codehaus/woodstox/stax2-api/3.1.4/stax2-api-3.1.4.jar:/home/user/.m2/repository/com/fasterxml/woodstox/woodstox-core/5.0.3/woodstox-core-5.0.3.jar:/home/user/.m2/repository/dnsjava/dnsjava/2.1.7/dnsjava-2.1.7.jar:/home/user/.m2/repository/org/apache/hadoop/hadoop-hdfs/3.2.0/hadoop-hdfs-3.2.0-tests.jar:/home/user/.m2/repository/org/eclipse/jetty/jetty-util-ajax/9.3.25.v20180904/jetty-util-ajax-9.3.25.v20180904.jar:/home/user/.m2/repository/commons-daemon/commons-daemon/1.0.13/commons-daemon-1.0.13.jar:/home/user/.m2/repository/io/netty/netty/3.10.5.Final/netty-3.10.5.Final.jar:/home/user/.m2/repository/io/netty/netty-all/4.0.52.Final/netty-all-4.0.52.Final.jar:/home/user/.m2/repository/org/fusesource/leveldbjni/leveldbjni-all/1.8/leveldbjni-all-1.8.jar:"/>
    <property name="sun.cpu.endian" value="little"/>
    <property name="user.home" value="/home/user"/>
    <property name="user.language" value="en"/>
    <property name="java.specification.vendor" value="Oracle Corporation"/>
    <property name="java.home" value="/usr/lib/jvm/java-1.8-openjdk/jre"/>
    <property name="java.security.krb5.conf" value="/workdir/hadoop-ozone/integration-test/target/test-classes/krb5.conf"/>
    <property name="basedir" value="/workdir/hadoop-ozone/integration-test"/>
    <property name="file.separator" value="/"/>
    <property name="line.separator" value="&#10;"/>
    <property name="java.vm.specification.vendor" value="Oracle Corporation"/>
    <property name="java.specification.name" value="Java Platform API Specification"/>
    <property name="java.awt.graphicsenv" value="sun.awt.X11GraphicsEnvironment"/>
    <property name="surefire.real.class.path" value="/workdir/hadoop-ozone/integration-test/target/surefire/surefirebooter2552249892086039288.jar"/>
    <property name="hadoop.log.dir" value="/workdir/hadoop-ozone/integration-test/target/log"/>
    <property name="sun.boot.class.path" value="/usr/lib/jvm/java-1.8-openjdk/jre/lib/resources.jar:/usr/lib/jvm/java-1.8-openjdk/jre/lib/rt.jar:/usr/lib/jvm/java-1.8-openjdk/jre/lib/sunrsasign.jar:/usr/lib/jvm/java-1.8-openjdk/jre/lib/jsse.jar:/usr/lib/jvm/java-1.8-openjdk/jre/lib/jce.jar:/usr/lib/jvm/java-1.8-openjdk/jre/lib/charsets.jar:/usr/lib/jvm/java-1.8-openjdk/jre/lib/jfr.jar:/usr/lib/jvm/java-1.8-openjdk/jre/classes"/>
    <property name="sun.management.compiler" value="HotSpot 64-Bit Tiered Compilers"/>
    <property name="java.runtime.version" value="1.8.0_212-b04"/>
    <property name="java.net.preferIPv4Stack" value="true"/>
    <property name="user.name" value="jenkins1000"/>
    <property name="path.separator" value=":"/>
    <property name="java.security.egd" value="file:///dev/urandom"/>
    <property name="os.version" value="3.10.0-957.12.2.el7.x86_64"/>
    <property name="java.endorsed.dirs" value="/usr/lib/jvm/java-1.8-openjdk/jre/lib/endorsed"/>
    <property name="java.runtime.name" value="OpenJDK Runtime Environment"/>
    <property name="file.encoding" value="UTF-8"/>
    <property name="java.vm.name" value="OpenJDK 64-Bit Server VM"/>
    <property name="test.build.webapps" value=""/>
    <property name="localRepository" value="/home/user/.m2/repository"/>
    <property name="java.vendor.url.bug" value="https://icedtea.classpath.org/bugzilla"/>
    <property name="java.io.tmpdir" value="/tmp"/>
    <property name="require.test.libhadoop" value=""/>
    <property name="java.version" value="1.8.0_212"/>
    <property name="user.dir" value="/workdir/hadoop-ozone/integration-test"/>
    <property name="os.arch" value="amd64"/>
    <property name="java.vm.specification.name" value="Java Virtual Machine Specification"/>
    <property name="test.build.classes" value="/workdir/hadoop-ozone/integration-test/target/test-classes"/>
    <property name="java.awt.printerjob" value="sun.print.PSPrinterJob"/>
    <property name="sun.os.patch.level" value="unknown"/>
    <property name="hadoop.tmp.dir" value="/workdir/hadoop-ozone/integration-test/target/tmp"/>
    <property name="java.library.path" value="/usr/lib/jvm/java-1.8-openjdk/jre/lib/amd64/server:/usr/lib/jvm/java-1.8-openjdk/jre/lib/amd64:/usr/lib/jvm/java-1.8-openjdk/jre/../lib/amd64:/workdir/hadoop-ozone/integration-test/target/native/target/usr/local/lib:/workdir/hadoop-ozone/integration-test/../../hadoop-common-project/hadoop-common/target/native/target/usr/local/lib:/usr/java/packages/lib/amd64:/usr/lib64:/lib64:/lib:/usr/lib"/>
    <property name="java.vm.info" value="mixed mode"/>
    <property name="java.vendor" value="IcedTea"/>
    <property name="java.vm.version" value="25.212-b04"/>
    <property name="java.ext.dirs" value="/usr/lib/jvm/java-1.8-openjdk/jre/lib/ext:/usr/java/packages/lib/ext"/>
    <property name="sun.io.unicode.encoding" value="UnicodeLittle"/>
    <property name="java.class.version" value="52.0"/>
  </properties>
  <testcase name="testReleaseBuffers" classname="org.apache.hadoop.ozone.client.rpc.TestCommitWatcher" time="72.197">
    <error message="org.apache.ratis.protocol.AlreadyClosedException: SlidingWindow$Client:client-9D119FF8B234-&gt;RAFT is closed." type="java.util.concurrent.ExecutionException">java.util.concurrent.ExecutionException: org.apache.ratis.protocol.AlreadyClosedException: SlidingWindow$Client:client-9D119FF8B234->RAFT is closed.
	at java.util.concurrent.CompletableFuture.reportGet(CompletableFuture.java:357)
	at java.util.concurrent.CompletableFuture.get(CompletableFuture.java:1895)
	at org.apache.hadoop.ozone.client.rpc.TestCommitWatcher.testReleaseBuffers(TestCommitWatcher.java:180)
	at sun.reflect.NativeMethodAccessorImpl.invoke0(Native Method)
	at sun.reflect.NativeMethodAccessorImpl.invoke(NativeMethodAccessorImpl.java:62)
	at sun.reflect.DelegatingMethodAccessorImpl.invoke(DelegatingMethodAccessorImpl.java:43)
	at java.lang.reflect.Method.invoke(Method.java:498)
	at org.junit.runners.model.FrameworkMethod$1.runReflectiveCall(FrameworkMethod.java:47)
	at org.junit.internal.runners.model.ReflectiveCallable.run(ReflectiveCallable.java:12)
	at org.junit.runners.model.FrameworkMethod.invokeExplosively(FrameworkMethod.java:44)
	at org.junit.internal.runners.statements.InvokeMethod.evaluate(InvokeMethod.java:17)
	at org.junit.runners.ParentRunner.runLeaf(ParentRunner.java:271)
	at org.junit.runners.BlockJUnit4ClassRunner.runChild(BlockJUnit4ClassRunner.java:70)
	at org.junit.runners.BlockJUnit4ClassRunner.runChild(BlockJUnit4ClassRunner.java:50)
	at org.junit.runners.ParentRunner$3.run(ParentRunner.java:238)
	at org.junit.runners.ParentRunner$1.schedule(ParentRunner.java:63)
	at org.junit.runners.ParentRunner.runChildren(ParentRunner.java:236)
	at org.junit.runners.ParentRunner.access$000(ParentRunner.java:53)
	at org.junit.runners.ParentRunner$2.evaluate(ParentRunner.java:229)
	at org.junit.internal.runners.statements.RunBefores.evaluate(RunBefores.java:26)
	at org.junit.internal.runners.statements.RunAfters.evaluate(RunAfters.java:27)
	at org.junit.runners.ParentRunner.run(ParentRunner.java:309)
	at org.apache.maven.surefire.junit4.JUnit4Provider.execute(JUnit4Provider.java:365)
	at org.apache.maven.surefire.junit4.JUnit4Provider.executeWithRerun(JUnit4Provider.java:273)
	at org.apache.maven.surefire.junit4.JUnit4Provider.executeTestSet(JUnit4Provider.java:238)
	at org.apache.maven.surefire.junit4.JUnit4Provider.invoke(JUnit4Provider.java:159)
	at org.apache.maven.surefire.booter.ForkedBooter.invokeProviderInSameClassLoader(ForkedBooter.java:384)
	at org.apache.maven.surefire.booter.ForkedBooter.runSuitesInProcess(ForkedBooter.java:345)
	at org.apache.maven.surefire.booter.ForkedBooter.execute(ForkedBooter.java:126)
	at org.apache.maven.surefire.booter.ForkedBooter.main(ForkedBooter.java:418)
Caused by: org.apache.ratis.protocol.AlreadyClosedException: SlidingWindow$Client:client-9D119FF8B234->RAFT is closed.
	at org.apache.ratis.util.SlidingWindow$Client.alreadyClosed(SlidingWindow.java:376)
	at org.apache.ratis.util.SlidingWindow$Client.fail(SlidingWindow.java:364)
	at org.apache.ratis.client.impl.OrderedAsync.failAllAsyncRequests(OrderedAsync.java:134)
	at org.apache.ratis.client.impl.OrderedAsync.lambda$sendRequest$10(OrderedAsync.java:244)
	at java.util.concurrent.CompletableFuture.uniExceptionally(CompletableFuture.java:870)
	at java.util.concurrent.CompletableFuture$UniExceptionally.tryFire(CompletableFuture.java:852)
	at java.util.concurrent.CompletableFuture.postComplete(CompletableFuture.java:474)
	at java.util.concurrent.CompletableFuture.completeExceptionally(CompletableFuture.java:1977)
	at org.apache.ratis.grpc.client.GrpcClientProtocolClient$AsyncStreamObservers.completeReplyExceptionally(GrpcClientProtocolClient.java:345)
	at org.apache.ratis.grpc.client.GrpcClientProtocolClient$AsyncStreamObservers.access$000(GrpcClientProtocolClient.java:261)
	at org.apache.ratis.grpc.client.GrpcClientProtocolClient$AsyncStreamObservers$1.onError(GrpcClientProtocolClient.java:290)
	at org.apache.ratis.thirdparty.io.grpc.stub.ClientCalls$StreamObserverToCallListenerAdapter.onClose(ClientCalls.java:434)
	at org.apache.ratis.thirdparty.io.grpc.PartialForwardingClientCallListener.onClose(PartialForwardingClientCallListener.java:39)
	at org.apache.ratis.thirdparty.io.grpc.ForwardingClientCallListener.onClose(ForwardingClientCallListener.java:23)
	at org.apache.ratis.thirdparty.io.grpc.ForwardingClientCallListener$SimpleForwardingClientCallListener.onClose(ForwardingClientCallListener.java:40)
	at org.apache.ratis.thirdparty.io.grpc.internal.CensusStatsModule$StatsClientInterceptor$1$1.onClose(CensusStatsModule.java:678)
	at org.apache.ratis.thirdparty.io.grpc.PartialForwardingClientCallListener.onClose(PartialForwardingClientCallListener.java:39)
	at org.apache.ratis.thirdparty.io.grpc.ForwardingClientCallListener.onClose(ForwardingClientCallListener.java:23)
	at org.apache.ratis.thirdparty.io.grpc.ForwardingClientCallListener$SimpleForwardingClientCallListener.onClose(ForwardingClientCallListener.java:40)
	at org.apache.ratis.thirdparty.io.grpc.internal.CensusTracingModule$TracingClientInterceptor$1$1.onClose(CensusTracingModule.java:397)
	at org.apache.ratis.thirdparty.io.grpc.internal.ClientCallImpl.closeObserver(ClientCallImpl.java:459)
	at org.apache.ratis.thirdparty.io.grpc.internal.ClientCallImpl.access$300(ClientCallImpl.java:63)
	at org.apache.ratis.thirdparty.io.grpc.internal.ClientCallImpl$ClientStreamListenerImpl.close(ClientCallImpl.java:546)
	at org.apache.ratis.thirdparty.io.grpc.internal.ClientCallImpl$ClientStreamListenerImpl.access$600(ClientCallImpl.java:467)
	at org.apache.ratis.thirdparty.io.grpc.internal.ClientCallImpl$ClientStreamListenerImpl$1StreamClosed.runInContext(ClientCallImpl.java:584)
	at org.apache.ratis.thirdparty.io.grpc.internal.ContextRunnable.run(ContextRunnable.java:37)
	at org.apache.ratis.thirdparty.io.grpc.internal.SerializingExecutor.run(SerializingExecutor.java:123)
	at java.util.concurrent.ThreadPoolExecutor.runWorker(ThreadPoolExecutor.java:1149)
	at java.util.concurrent.ThreadPoolExecutor$Worker.run(ThreadPoolExecutor.java:624)
	at java.lang.Thread.run(Thread.java:748)
Caused by: org.apache.ratis.protocol.GroupMismatchException: 49f66f9f-31d7-4b02-b438-ea1444250cb1: group-56DA967EC7A5 not found.
	at org.apache.ratis.server.impl.RaftServerProxy$ImplMap.get(RaftServerProxy.java:122)
	at org.apache.ratis.server.impl.RaftServerProxy.getImplFuture(RaftServerProxy.java:269)
	at org.apache.ratis.server.impl.RaftServerProxy.submitRequest(RaftServerProxy.java:327)
	at org.apache.ratis.server.impl.RaftServerProxy.submitClientRequestAsync(RaftServerProxy.java:333)
	at org.apache.ratis.grpc.client.GrpcClientProtocolService$RequestStreamObserver.processClientRequest(GrpcClientProtocolService.java:220)
	at org.apache.ratis.grpc.client.GrpcClientProtocolService$OrderedRequestStreamObserver.processClientRequest(GrpcClientProtocolService.java:326)
	at org.apache.ratis.util.SlidingWindow$Server.processRequestsFromHead(SlidingWindow.java:429)
	at org.apache.ratis.util.SlidingWindow$Server.receivedRequest(SlidingWindow.java:421)
	at org.apache.ratis.grpc.client.GrpcClientProtocolService$OrderedRequestStreamObserver.processClientRequest(GrpcClientProtocolService.java:345)
	at org.apache.ratis.grpc.client.GrpcClientProtocolService$RequestStreamObserver.onNext(GrpcClientProtocolService.java:240)
	at org.apache.ratis.grpc.client.GrpcClientProtocolService$RequestStreamObserver.onNext(GrpcClientProtocolService.java:168)
	at org.apache.ratis.thirdparty.io.grpc.stub.ServerCalls$StreamingServerCallHandler$StreamingServerCallListener.onMessage(ServerCalls.java:248)
	at org.apache.ratis.thirdparty.io.grpc.internal.ServerCallImpl$ServerStreamListenerImpl.messagesAvailable(ServerCallImpl.java:263)
	at org.apache.ratis.thirdparty.io.grpc.internal.ServerImpl$JumpToApplicationThreadServerStreamListener$1MessagesAvailable.runInContext(ServerImpl.java:686)
	... 5 more
</error>
    <system-out><![CDATA[2019-10-02 08:04:02,228 [main] WARN  server.ServerUtils (ServerUtils.java:getScmDbDir(145)) - ozone.scm.db.dirs is not configured. We recommend adding this setting. Falling back to ozone.metadata.dirs instead.
2019-10-02 08:04:02,330 [main] WARN  server.ServerUtils (ServerUtils.java:getScmDbDir(145)) - ozone.scm.db.dirs is not configured. We recommend adding this setting. Falling back to ozone.metadata.dirs instead.
2019-10-02 08:04:02,333 [main] WARN  server.ServerUtils (ServerUtils.java:getScmDbDir(145)) - ozone.scm.db.dirs is not configured. We recommend adding this setting. Falling back to ozone.metadata.dirs instead.
2019-10-02 08:04:02,351 [main] INFO  util.log (Log.java:initialized(192)) - Logging initialized @899ms
2019-10-02 08:04:02,453 [main] INFO  db.DBStoreBuilder (DBStoreBuilder.java:addTable(110)) - using custom profile for table: deletedBlocks
2019-10-02 08:04:02,453 [main] INFO  db.DBStoreBuilder (DBStoreBuilder.java:processTables(161)) - Using default column profile:DBProfile.DISK for Table:deletedBlocks
2019-10-02 08:04:02,454 [main] INFO  db.DBStoreBuilder (DBStoreBuilder.java:addTable(110)) - using custom profile for table: validCerts
2019-10-02 08:04:02,454 [main] INFO  db.DBStoreBuilder (DBStoreBuilder.java:processTables(161)) - Using default column profile:DBProfile.DISK for Table:validCerts
2019-10-02 08:04:02,454 [main] INFO  db.DBStoreBuilder (DBStoreBuilder.java:addTable(110)) - using custom profile for table: revokedCerts
2019-10-02 08:04:02,454 [main] INFO  db.DBStoreBuilder (DBStoreBuilder.java:processTables(161)) - Using default column profile:DBProfile.DISK for Table:revokedCerts
2019-10-02 08:04:02,467 [main] INFO  db.DBStoreBuilder (DBStoreBuilder.java:addTable(110)) - using custom profile for table: default
2019-10-02 08:04:02,467 [main] INFO  db.DBStoreBuilder (DBStoreBuilder.java:processTables(167)) - Using default column profile:DBProfile.DISK for Table:default
2019-10-02 08:04:02,468 [main] INFO  db.DBStoreBuilder (DBStoreBuilder.java:getDbProfile(198)) - Using default options. DBProfile.DISK
2019-10-02 08:04:02,847 [main] INFO  net.NodeSchemaLoader (NodeSchemaLoader.java:loadSchemaFromFile(125)) - Loading file from sun.misc.CompoundEnumeration@30c15d8b
2019-10-02 08:04:02,850 [main] INFO  net.NodeSchemaLoader (NodeSchemaLoader.java:loadSchema(171)) - Loading network topology layer schema file
2019-10-02 08:04:02,927 [main] INFO  node.SCMNodeManager (SCMNodeManager.java:<init>(114)) - Entering startup safe mode.
2019-10-02 08:04:03,005 [main] INFO  algorithms.ContainerPlacementPolicyFactory (ContainerPlacementPolicyFactory.java:getPolicy(57)) - Create container placement policy of type org.apache.hadoop.hdds.scm.container.placement.algorithms.SCMContainerPlacementRandom
2019-10-02 08:04:03,021 [main] WARN  server.ServerUtils (ServerUtils.java:getScmDbDir(145)) - ozone.scm.db.dirs is not configured. We recommend adding this setting. Falling back to ozone.metadata.dirs instead.
2019-10-02 08:04:03,114 [main] INFO  pipeline.SCMPipelineManager (SCMPipelineManager.java:initializePipelineState(132)) - No pipeline exists in current db
2019-10-02 08:04:03,117 [main] WARN  server.ServerUtils (ServerUtils.java:getScmDbDir(145)) - ozone.scm.db.dirs is not configured. We recommend adding this setting. Falling back to ozone.metadata.dirs instead.
2019-10-02 08:04:03,266 [main] WARN  events.EventQueue (EventQueue.java:fireEvent(183)) - No event handler registered for event TypedEvent{payloadType=SafeModeStatus, name='SafeModeStatus'}
2019-10-02 08:04:03,602 [main] INFO  ipc.CallQueueManager (CallQueueManager.java:<init>(84)) - Using callQueue: class java.util.concurrent.LinkedBlockingQueue, queueCapacity: 2000, scheduler: class org.apache.hadoop.ipc.DefaultRpcScheduler, ipcBackoff: false.
2019-10-02 08:04:03,759 [Socket Reader #1 for port 34190] INFO  ipc.Server (Server.java:run(1074)) - Starting Socket Reader #1 for port 34190
2019-10-02 08:04:03,806 [main] INFO  ipc.CallQueueManager (CallQueueManager.java:<init>(84)) - Using callQueue: class java.util.concurrent.LinkedBlockingQueue, queueCapacity: 2000, scheduler: class org.apache.hadoop.ipc.DefaultRpcScheduler, ipcBackoff: false.
2019-10-02 08:04:03,808 [Socket Reader #1 for port 36499] INFO  ipc.Server (Server.java:run(1074)) - Starting Socket Reader #1 for port 36499
2019-10-02 08:04:03,824 [main] INFO  ipc.CallQueueManager (CallQueueManager.java:<init>(84)) - Using callQueue: class java.util.concurrent.LinkedBlockingQueue, queueCapacity: 2000, scheduler: class org.apache.hadoop.ipc.DefaultRpcScheduler, ipcBackoff: false.
2019-10-02 08:04:03,825 [Socket Reader #1 for port 46561] INFO  ipc.Server (Server.java:run(1074)) - Starting Socket Reader #1 for port 46561
2019-10-02 08:04:03,851 [main] INFO  hdfs.DFSUtil (DFSUtil.java:httpServerTemplateForNNAndJN(1641)) - Starting Web-server for scm at: http://0.0.0.0:0
2019-10-02 08:04:03,996 [main] INFO  server.AuthenticationFilter (AuthenticationFilter.java:constructSecretProvider(240)) - Unable to initialize FileSignerSecretProvider, falling back to use random secrets.
2019-10-02 08:04:04,004 [main] WARN  http.HttpRequestLog (HttpRequestLog.java:getRequestLog(97)) - Jetty request log can only be enabled using Log4j
2019-10-02 08:04:04,012 [main] INFO  http.HttpServer2 (HttpServer2.java:addGlobalFilter(975)) - Added global filter 'safety' (class=org.apache.hadoop.http.HttpServer2$QuotingInputFilter)
2019-10-02 08:04:04,015 [main] INFO  http.HttpServer2 (HttpServer2.java:addFilter(948)) - Added filter static_user_filter (class=org.apache.hadoop.http.lib.StaticUserWebFilter$StaticUserFilter) to context scm
2019-10-02 08:04:04,015 [main] INFO  http.HttpServer2 (HttpServer2.java:addFilter(958)) - Added filter static_user_filter (class=org.apache.hadoop.http.lib.StaticUserWebFilter$StaticUserFilter) to context static
2019-10-02 08:04:04,015 [main] INFO  http.HttpServer2 (HttpServer2.java:addFilter(958)) - Added filter static_user_filter (class=org.apache.hadoop.http.lib.StaticUserWebFilter$StaticUserFilter) to context logs
2019-10-02 08:04:04,071 [main] INFO  server.StorageContainerManager (StorageContainerManager.java:start(770)) - StorageContainerLocationProtocol RPC server is listening at /0.0.0.0:46561
2019-10-02 08:04:04,154 [main] WARN  impl.MetricsConfig (MetricsConfig.java:loadFirst(134)) - Cannot locate configuration: tried hadoop-metrics2-storagecontainermanager.properties,hadoop-metrics2.properties
2019-10-02 08:04:04,168 [main] INFO  impl.MetricsSystemImpl (MetricsSystemImpl.java:startTimer(374)) - Scheduled Metric snapshot period at 10 second(s).
2019-10-02 08:04:04,168 [main] INFO  impl.MetricsSystemImpl (MetricsSystemImpl.java:start(191)) - StorageContainerManager metrics system started
2019-10-02 08:04:04,396 [main] INFO  server.SCMClientProtocolServer (SCMClientProtocolServer.java:start(150)) - RPC server for Client  is listening at /0.0.0.0:46561
2019-10-02 08:04:04,397 [IPC Server Responder] INFO  ipc.Server (Server.java:run(1314)) - IPC Server Responder: starting
2019-10-02 08:04:04,397 [IPC Server listener on 46561] INFO  ipc.Server (Server.java:run(1153)) - IPC Server listener on 46561: starting
2019-10-02 08:04:04,399 [main] INFO  server.StorageContainerManager (StorageContainerManager.java:start(780)) - ScmBlockLocationProtocol RPC server is listening at /0.0.0.0:36499
2019-10-02 08:04:04,401 [main] INFO  server.SCMBlockProtocolServer (SCMBlockProtocolServer.java:start(146)) - RPC server for Block Protocol is listening at /0.0.0.0:36499
2019-10-02 08:04:04,401 [IPC Server Responder] INFO  ipc.Server (Server.java:run(1314)) - IPC Server Responder: starting
2019-10-02 08:04:04,401 [IPC Server listener on 36499] INFO  ipc.Server (Server.java:run(1153)) - IPC Server listener on 36499: starting
2019-10-02 08:04:04,404 [main] INFO  server.StorageContainerManager (StorageContainerManager.java:start(784)) - ScmDatanodeProtocl RPC server is listening at /0.0.0.0:34190
2019-10-02 08:04:04,404 [main] INFO  server.SCMDatanodeProtocolServer (SCMDatanodeProtocolServer.java:start(191)) - RPC server for DataNodes is listening at /0.0.0.0:34190
2019-10-02 08:04:04,404 [IPC Server Responder] INFO  ipc.Server (Server.java:run(1314)) - IPC Server Responder: starting
2019-10-02 08:04:04,404 [IPC Server listener on 34190] INFO  ipc.Server (Server.java:run(1153)) - IPC Server listener on 34190: starting
2019-10-02 08:04:04,408 [main] INFO  http.HttpServer2 (HttpServer2.java:bindListener(1191)) - Jetty bound to port 43208
2019-10-02 08:04:04,410 [main] INFO  server.Server (Server.java:doStart(351)) - jetty-9.3.25.v20180904, build timestamp: 2018-09-04T21:11:46Z, git hash: 3ce520221d0240229c862b122d2b06c12a625732
2019-10-02 08:04:04,448 [main] INFO  handler.ContextHandler (ContextHandler.java:doStart(781)) - Started o.e.j.s.ServletContextHandler@34f7234e{/logs,file:///workdir/hadoop-ozone/integration-test/target/log,AVAILABLE}
2019-10-02 08:04:04,448 [main] INFO  handler.ContextHandler (ContextHandler.java:doStart(781)) - Started o.e.j.s.ServletContextHandler@23bff419{/static,file:///workdir/hadoop-ozone/integration-test/target/test-classes/webapps/static,AVAILABLE}
2019-10-02 08:04:04,481 [main] INFO  handler.ContextHandler (ContextHandler.java:doStart(781)) - Started o.e.j.w.WebAppContext@ca27722{/,file:///workdir/hadoop-ozone/integration-test/target/test-classes/webapps/scm/,AVAILABLE}{/scm}
2019-10-02 08:04:04,487 [main] INFO  server.AbstractConnector (AbstractConnector.java:doStart(278)) - Started ServerConnector@532721fd{HTTP/1.1,[http/1.1]}{0.0.0.0:43208}
2019-10-02 08:04:04,487 [main] INFO  server.Server (Server.java:doStart(419)) - Started @3035ms
2019-10-02 08:04:04,489 [main] INFO  impl.MetricsSinkAdapter (MetricsSinkAdapter.java:start(204)) - Sink prometheus started
2019-10-02 08:04:04,489 [main] INFO  impl.MetricsSystemImpl (MetricsSystemImpl.java:registerSink(301)) - Registered sink prometheus
2019-10-02 08:04:04,491 [main] INFO  server.BaseHttpServer (BaseHttpServer.java:updateConnectorAddress(215)) - HTTP server of SCM is listening at http://0.0.0.0:43208
2019-10-02 08:04:04,499 [org.apache.hadoop.util.JvmPauseMonitor$Monitor@3546d80f] INFO  util.JvmPauseMonitor (JvmPauseMonitor.java:run(188)) - Starting JVM pause monitor
2019-10-02 08:04:04,503 [main] WARN  server.ServerUtils (ServerUtils.java:getDBPath(222)) - ozone.om.db.dirs is not configured. We recommend adding this setting. Falling back to ozone.metadata.dirs instead.
2019-10-02 08:04:04,627 [main] WARN  server.ServerUtils (ServerUtils.java:getDBPath(222)) - ozone.om.db.dirs is not configured. We recommend adding this setting. Falling back to ozone.metadata.dirs instead.
2019-10-02 08:04:04,628 [main] WARN  server.ServerUtils (ServerUtils.java:getDBPath(222)) - ozone.om.db.dirs is not configured. We recommend adding this setting. Falling back to ozone.metadata.dirs instead.
2019-10-02 08:04:04,629 [main] INFO  om.OzoneManager (OzoneManager.java:setOMNodeDetails(652)) - OM Service ID is not set. Setting it to the default ID: omServiceIdDefault
2019-10-02 08:04:04,629 [main] INFO  om.OzoneManager (OzoneManager.java:setOMNodeDetails(658)) - OM Node ID is not set. Setting it to the OmStorage's OmID: b71b4671-d255-4bfb-8458-4c7bcc99673c
2019-10-02 08:04:04,631 [main] INFO  om.OzoneManager (OzoneManager.java:loadOMHAConfigs(609)) - Found matching OM address with OMServiceId: null, OMNodeId: null, RPC Address: localhost:0 and Ratis port: 9872
2019-10-02 08:04:05,359 [main] WARN  server.ServerUtils (ServerUtils.java:getDBPath(222)) - ozone.om.db.dirs is not configured. We recommend adding this setting. Falling back to ozone.metadata.dirs instead.
2019-10-02 08:04:05,367 [main] INFO  db.DBStoreBuilder (DBStoreBuilder.java:addTable(110)) - using custom profile for table: userTable
2019-10-02 08:04:05,367 [main] INFO  db.DBStoreBuilder (DBStoreBuilder.java:processTables(161)) - Using default column profile:DBProfile.DISK for Table:userTable
2019-10-02 08:04:05,367 [main] INFO  db.DBStoreBuilder (DBStoreBuilder.java:addTable(110)) - using custom profile for table: volumeTable
2019-10-02 08:04:05,367 [main] INFO  db.DBStoreBuilder (DBStoreBuilder.java:processTables(161)) - Using default column profile:DBProfile.DISK for Table:volumeTable
2019-10-02 08:04:05,368 [main] INFO  db.DBStoreBuilder (DBStoreBuilder.java:addTable(110)) - using custom profile for table: bucketTable
2019-10-02 08:04:05,368 [main] INFO  db.DBStoreBuilder (DBStoreBuilder.java:processTables(161)) - Using default column profile:DBProfile.DISK for Table:bucketTable
2019-10-02 08:04:05,368 [main] INFO  db.DBStoreBuilder (DBStoreBuilder.java:addTable(110)) - using custom profile for table: keyTable
2019-10-02 08:04:05,368 [main] INFO  db.DBStoreBuilder (DBStoreBuilder.java:processTables(161)) - Using default column profile:DBProfile.DISK for Table:keyTable
2019-10-02 08:04:05,368 [main] INFO  db.DBStoreBuilder (DBStoreBuilder.java:addTable(110)) - using custom profile for table: deletedTable
2019-10-02 08:04:05,369 [main] INFO  db.DBStoreBuilder (DBStoreBuilder.java:processTables(161)) - Using default column profile:DBProfile.DISK for Table:deletedTable
2019-10-02 08:04:05,369 [main] INFO  db.DBStoreBuilder (DBStoreBuilder.java:addTable(110)) - using custom profile for table: openKeyTable
2019-10-02 08:04:05,369 [main] INFO  db.DBStoreBuilder (DBStoreBuilder.java:processTables(161)) - Using default column profile:DBProfile.DISK for Table:openKeyTable
2019-10-02 08:04:05,369 [main] INFO  db.DBStoreBuilder (DBStoreBuilder.java:addTable(110)) - using custom profile for table: s3Table
2019-10-02 08:04:05,370 [main] INFO  db.DBStoreBuilder (DBStoreBuilder.java:processTables(161)) - Using default column profile:DBProfile.DISK for Table:s3Table
2019-10-02 08:04:05,370 [main] INFO  db.DBStoreBuilder (DBStoreBuilder.java:addTable(110)) - using custom profile for table: multipartInfoTable
2019-10-02 08:04:05,370 [main] INFO  db.DBStoreBuilder (DBStoreBuilder.java:processTables(161)) - Using default column profile:DBProfile.DISK for Table:multipartInfoTable
2019-10-02 08:04:05,370 [main] INFO  db.DBStoreBuilder (DBStoreBuilder.java:addTable(110)) - using custom profile for table: dTokenTable
2019-10-02 08:04:05,371 [main] INFO  db.DBStoreBuilder (DBStoreBuilder.java:processTables(161)) - Using default column profile:DBProfile.DISK for Table:dTokenTable
2019-10-02 08:04:05,371 [main] INFO  db.DBStoreBuilder (DBStoreBuilder.java:addTable(110)) - using custom profile for table: s3SecretTable
2019-10-02 08:04:05,371 [main] INFO  db.DBStoreBuilder (DBStoreBuilder.java:processTables(161)) - Using default column profile:DBProfile.DISK for Table:s3SecretTable
2019-10-02 08:04:05,371 [main] INFO  db.DBStoreBuilder (DBStoreBuilder.java:addTable(110)) - using custom profile for table: prefixTable
2019-10-02 08:04:05,372 [main] INFO  db.DBStoreBuilder (DBStoreBuilder.java:processTables(161)) - Using default column profile:DBProfile.DISK for Table:prefixTable
2019-10-02 08:04:05,372 [main] INFO  db.DBStoreBuilder (DBStoreBuilder.java:addTable(110)) - using custom profile for table: default
2019-10-02 08:04:05,372 [main] INFO  db.DBStoreBuilder (DBStoreBuilder.java:processTables(167)) - Using default column profile:DBProfile.DISK for Table:default
2019-10-02 08:04:05,372 [main] INFO  db.DBStoreBuilder (DBStoreBuilder.java:getDbProfile(198)) - Using default options. DBProfile.DISK
2019-10-02 08:04:05,971 [main] INFO  ipc.CallQueueManager (CallQueueManager.java:<init>(84)) - Using callQueue: class java.util.concurrent.LinkedBlockingQueue, queueCapacity: 2000, scheduler: class org.apache.hadoop.ipc.DefaultRpcScheduler, ipcBackoff: false.
2019-10-02 08:04:05,972 [Socket Reader #1 for port 39977] INFO  ipc.Server (Server.java:run(1074)) - Starting Socket Reader #1 for port 39977
2019-10-02 08:04:06,011 [main] INFO  om.OzoneManager (OzoneManager.java:start(1243)) - OzoneManager RPC server is listening at localhost/127.0.0.1:39977
2019-10-02 08:04:06,011 [main] INFO  impl.MetricsSystemImpl (MetricsSystemImpl.java:init(158)) - OzoneManager metrics system started (again)
2019-10-02 08:04:06,013 [IPC Server Responder] INFO  ipc.Server (Server.java:run(1314)) - IPC Server Responder: starting
2019-10-02 08:04:06,014 [IPC Server listener on 39977] INFO  ipc.Server (Server.java:run(1153)) - IPC Server listener on 39977: starting
2019-10-02 08:04:06,019 [main] INFO  hdfs.DFSUtil (DFSUtil.java:httpServerTemplateForNNAndJN(1641)) - Starting Web-server for ozoneManager at: http://0.0.0.0:0
2019-10-02 08:04:06,021 [main] INFO  server.AuthenticationFilter (AuthenticationFilter.java:constructSecretProvider(240)) - Unable to initialize FileSignerSecretProvider, falling back to use random secrets.
2019-10-02 08:04:06,021 [main] WARN  http.HttpRequestLog (HttpRequestLog.java:getRequestLog(97)) - Jetty request log can only be enabled using Log4j
2019-10-02 08:04:06,023 [main] INFO  http.HttpServer2 (HttpServer2.java:addGlobalFilter(975)) - Added global filter 'safety' (class=org.apache.hadoop.http.HttpServer2$QuotingInputFilter)
2019-10-02 08:04:06,024 [main] INFO  http.HttpServer2 (HttpServer2.java:addFilter(948)) - Added filter static_user_filter (class=org.apache.hadoop.http.lib.StaticUserWebFilter$StaticUserFilter) to context ozoneManager
2019-10-02 08:04:06,024 [main] INFO  http.HttpServer2 (HttpServer2.java:addFilter(958)) - Added filter static_user_filter (class=org.apache.hadoop.http.lib.StaticUserWebFilter$StaticUserFilter) to context static
2019-10-02 08:04:06,025 [main] INFO  http.HttpServer2 (HttpServer2.java:addFilter(958)) - Added filter static_user_filter (class=org.apache.hadoop.http.lib.StaticUserWebFilter$StaticUserFilter) to context logs
2019-10-02 08:04:06,027 [main] INFO  http.HttpServer2 (HttpServer2.java:bindListener(1191)) - Jetty bound to port 38662
2019-10-02 08:04:06,027 [main] INFO  server.Server (Server.java:doStart(351)) - jetty-9.3.25.v20180904, build timestamp: 2018-09-04T21:11:46Z, git hash: 3ce520221d0240229c862b122d2b06c12a625732
2019-10-02 08:04:06,029 [main] INFO  handler.ContextHandler (ContextHandler.java:doStart(781)) - Started o.e.j.s.ServletContextHandler@66e889df{/logs,file:///workdir/hadoop-ozone/integration-test/target/log,AVAILABLE}
2019-10-02 08:04:06,029 [main] INFO  handler.ContextHandler (ContextHandler.java:doStart(781)) - Started o.e.j.s.ServletContextHandler@3766c667{/static,file:///workdir/hadoop-ozone/integration-test/target/test-classes/webapps/static,AVAILABLE}
2019-10-02 08:04:06,034 [main] INFO  handler.ContextHandler (ContextHandler.java:doStart(781)) - Started o.e.j.w.WebAppContext@68ba310d{/,file:///workdir/hadoop-ozone/integration-test/target/test-classes/webapps/ozoneManager/,AVAILABLE}{/ozoneManager}
2019-10-02 08:04:06,035 [main] INFO  server.AbstractConnector (AbstractConnector.java:doStart(278)) - Started ServerConnector@153f66e7{HTTP/1.1,[http/1.1]}{0.0.0.0:38662}
2019-10-02 08:04:06,036 [main] INFO  server.Server (Server.java:doStart(419)) - Started @4584ms
2019-10-02 08:04:06,036 [main] WARN  impl.MetricsSystemImpl (MetricsSystemImpl.java:register(276)) - Sink prometheus already exists!
2019-10-02 08:04:06,037 [main] INFO  server.BaseHttpServer (BaseHttpServer.java:updateConnectorAddress(215)) - HTTP server of OZONEMANAGER is listening at http://0.0.0.0:38662
2019-10-02 08:04:06,326 [main] INFO  impl.MetricsSystemImpl (MetricsSystemImpl.java:init(158)) - HddsDatanode metrics system started (again)
2019-10-02 08:04:06,383 [main] INFO  ozone.HddsDatanodeService (HddsDatanodeService.java:start(184)) - HddsDatanodeService host:pr-trunk-gg4kw-413187789 ip:192.168.151.92
2019-10-02 08:04:06,418 [main] INFO  volume.HddsVolume (HddsVolume.java:<init>(176)) - Creating Volume: /workdir/hadoop-ozone/integration-test/target/test-dir/MiniOzoneClusterImpl-a80d392e-7f7b-4221-8c82-ca41e3af8537/datanode-0/data/containers/hdds of  storage type : DISK and capacity : 1482555576320
2019-10-02 08:04:06,420 [main] INFO  volume.VolumeSet (VolumeSet.java:initializeVolumeSet(170)) - Added Volume : /workdir/hadoop-ozone/integration-test/target/test-dir/MiniOzoneClusterImpl-a80d392e-7f7b-4221-8c82-ca41e3af8537/datanode-0/data/containers/hdds to VolumeSet
2019-10-02 08:04:06,423 [main] INFO  volume.ThrottledAsyncChecker (ThrottledAsyncChecker.java:schedule(139)) - Scheduling a check for org.apache.hadoop.ozone.container.common.volume.HddsVolume@2c43eb8
2019-10-02 08:04:06,440 [main] INFO  volume.HddsVolumeChecker (HddsVolumeChecker.java:checkAllVolumes(202)) - Scheduled health check for volume org.apache.hadoop.ozone.container.common.volume.HddsVolume@2c43eb8
2019-10-02 08:04:06,553 [main] INFO  impl.RaftServerProxy (ConfUtils.java:logGet(43)) - raft.rpc.type = GRPC (default)
2019-10-02 08:04:06,627 [main] INFO  grpc.GrpcFactory (GrpcFactory.java:checkPooledByteBufAllocatorUseCacheForAllThreads(45)) - PERFORMANCE WARNING: useCacheForAllThreads is true that may cause Netty to create a lot garbage objects and, as a result, trigger GC.
	It is recommended to disable useCacheForAllThreads by setting -Dorg.apache.ratis.thirdparty.io.netty.allocator.useCacheForAllThreads=false in command line.
2019-10-02 08:04:06,632 [main] INFO  grpc.GrpcConfigKeys$Server (ConfUtils.java:logGet(43)) - raft.grpc.server.port = 0 (default)
2019-10-02 08:04:06,633 [main] INFO  server.GrpcService (ConfUtils.java:logGet(43)) - raft.grpc.message.size.max = 33570816 (custom)
2019-10-02 08:04:06,635 [main] INFO  server.RaftServerConfigKeys (ConfUtils.java:logGet(43)) - raft.server.log.appender.buffer.byte-limit = 33554432 (custom)
2019-10-02 08:04:06,636 [main] INFO  server.GrpcService (ConfUtils.java:logGet(43)) - raft.grpc.flow.control.window = 1MB (=1048576) (default)
2019-10-02 08:04:06,637 [main] INFO  server.RaftServerConfigKeys (ConfUtils.java:logGet(43)) - raft.server.rpc.request.timeout = 3000ms (default)
2019-10-02 08:04:06,802 [main] INFO  server.RaftServerConfigKeys (ConfUtils.java:logGet(43)) - raft.server.storage.dir = [/workdir/hadoop-ozone/integration-test/target/test-dir/MiniOzoneClusterImpl-a80d392e-7f7b-4221-8c82-ca41e3af8537/datanode-0/data/ratis] (custom)
2019-10-02 08:04:06,853 [main] INFO  hdfs.DFSUtil (DFSUtil.java:httpServerTemplateForNNAndJN(1641)) - Starting Web-server for hddsDatanode at: http://0.0.0.0:0
2019-10-02 08:04:06,857 [main] INFO  server.AuthenticationFilter (AuthenticationFilter.java:constructSecretProvider(240)) - Unable to initialize FileSignerSecretProvider, falling back to use random secrets.
2019-10-02 08:04:06,858 [main] WARN  http.HttpRequestLog (HttpRequestLog.java:getRequestLog(97)) - Jetty request log can only be enabled using Log4j
2019-10-02 08:04:06,860 [main] INFO  http.HttpServer2 (HttpServer2.java:addGlobalFilter(975)) - Added global filter 'safety' (class=org.apache.hadoop.http.HttpServer2$QuotingInputFilter)
2019-10-02 08:04:06,861 [main] INFO  http.HttpServer2 (HttpServer2.java:addFilter(948)) - Added filter static_user_filter (class=org.apache.hadoop.http.lib.StaticUserWebFilter$StaticUserFilter) to context hddsDatanode
2019-10-02 08:04:06,862 [main] INFO  http.HttpServer2 (HttpServer2.java:addFilter(958)) - Added filter static_user_filter (class=org.apache.hadoop.http.lib.StaticUserWebFilter$StaticUserFilter) to context logs
2019-10-02 08:04:06,862 [main] INFO  http.HttpServer2 (HttpServer2.java:addFilter(958)) - Added filter static_user_filter (class=org.apache.hadoop.http.lib.StaticUserWebFilter$StaticUserFilter) to context static
2019-10-02 08:04:06,864 [main] INFO  http.HttpServer2 (HttpServer2.java:bindListener(1191)) - Jetty bound to port 34101
2019-10-02 08:04:06,864 [main] INFO  server.Server (Server.java:doStart(351)) - jetty-9.3.25.v20180904, build timestamp: 2018-09-04T21:11:46Z, git hash: 3ce520221d0240229c862b122d2b06c12a625732
2019-10-02 08:04:06,867 [main] INFO  handler.ContextHandler (ContextHandler.java:doStart(781)) - Started o.e.j.s.ServletContextHandler@70228253{/logs,file:///workdir/hadoop-ozone/integration-test/target/log,AVAILABLE}
2019-10-02 08:04:06,868 [main] INFO  handler.ContextHandler (ContextHandler.java:doStart(781)) - Started o.e.j.s.ServletContextHandler@21bd20ee{/static,jar:file:/home/user/.m2/repository/org/apache/hadoop/hadoop-hdds-container-service/0.5.0-SNAPSHOT/hadoop-hdds-container-service-0.5.0-SNAPSHOT.jar!/webapps/static,AVAILABLE}
2019-10-02 08:04:06,912 [main] INFO  handler.ContextHandler (ContextHandler.java:doStart(781)) - Started o.e.j.w.WebAppContext@646c0a67{/,file:///tmp/jetty-0.0.0.0-34101-hddsDatanode-_-any-12131228752676442.dir/webapp/,AVAILABLE}{/hddsDatanode}
2019-10-02 08:04:06,913 [main] INFO  server.AbstractConnector (AbstractConnector.java:doStart(278)) - Started ServerConnector@3804a9a8{HTTP/1.1,[http/1.1]}{0.0.0.0:34101}
2019-10-02 08:04:06,914 [main] INFO  server.Server (Server.java:doStart(419)) - Started @5462ms
2019-10-02 08:04:06,914 [main] WARN  impl.MetricsSystemImpl (MetricsSystemImpl.java:register(276)) - Sink prometheus already exists!
2019-10-02 08:04:06,916 [main] INFO  server.BaseHttpServer (BaseHttpServer.java:updateConnectorAddress(215)) - HTTP server of HDDSDATANODE is listening at http://0.0.0.0:34101
2019-10-02 08:04:06,918 [main] INFO  impl.MetricsSystemImpl (MetricsSystemImpl.java:init(158)) - HddsDatanode metrics system started (again)
2019-10-02 08:04:06,923 [main] INFO  ozone.HddsDatanodeService (HddsDatanodeService.java:start(184)) - HddsDatanodeService host:pr-trunk-gg4kw-413187789 ip:192.168.151.92
2019-10-02 08:04:06,925 [org.apache.hadoop.util.JvmPauseMonitor$Monitor@69574a9c] INFO  util.JvmPauseMonitor (JvmPauseMonitor.java:run(188)) - Starting JVM pause monitor
2019-10-02 08:04:06,932 [main] INFO  volume.HddsVolume (HddsVolume.java:<init>(176)) - Creating Volume: /workdir/hadoop-ozone/integration-test/target/test-dir/MiniOzoneClusterImpl-a80d392e-7f7b-4221-8c82-ca41e3af8537/datanode-1/data/containers/hdds of  storage type : DISK and capacity : 1482555576320
2019-10-02 08:04:06,934 [main] INFO  volume.VolumeSet (VolumeSet.java:initializeVolumeSet(170)) - Added Volume : /workdir/hadoop-ozone/integration-test/target/test-dir/MiniOzoneClusterImpl-a80d392e-7f7b-4221-8c82-ca41e3af8537/datanode-1/data/containers/hdds to VolumeSet
2019-10-02 08:04:06,934 [main] INFO  volume.ThrottledAsyncChecker (ThrottledAsyncChecker.java:schedule(139)) - Scheduling a check for org.apache.hadoop.ozone.container.common.volume.HddsVolume@1e7ab390
2019-10-02 08:04:06,936 [main] INFO  volume.HddsVolumeChecker (HddsVolumeChecker.java:checkAllVolumes(202)) - Scheduled health check for volume org.apache.hadoop.ozone.container.common.volume.HddsVolume@1e7ab390
2019-10-02 08:04:06,958 [main] INFO  impl.RaftServerProxy (ConfUtils.java:logGet(43)) - raft.rpc.type = GRPC (default)
2019-10-02 08:04:06,958 [main] INFO  grpc.GrpcFactory (GrpcFactory.java:checkPooledByteBufAllocatorUseCacheForAllThreads(45)) - PERFORMANCE WARNING: useCacheForAllThreads is true that may cause Netty to create a lot garbage objects and, as a result, trigger GC.
	It is recommended to disable useCacheForAllThreads by setting -Dorg.apache.ratis.thirdparty.io.netty.allocator.useCacheForAllThreads=false in command line.
2019-10-02 08:04:06,959 [main] INFO  grpc.GrpcConfigKeys$Server (ConfUtils.java:logGet(43)) - raft.grpc.server.port = 0 (default)
2019-10-02 08:04:06,959 [main] INFO  server.GrpcService (ConfUtils.java:logGet(43)) - raft.grpc.message.size.max = 33570816 (custom)
2019-10-02 08:04:06,959 [main] INFO  server.RaftServerConfigKeys (ConfUtils.java:logGet(43)) - raft.server.log.appender.buffer.byte-limit = 33554432 (custom)
2019-10-02 08:04:06,960 [main] INFO  server.GrpcService (ConfUtils.java:logGet(43)) - raft.grpc.flow.control.window = 1MB (=1048576) (default)
2019-10-02 08:04:06,960 [main] INFO  server.RaftServerConfigKeys (ConfUtils.java:logGet(43)) - raft.server.rpc.request.timeout = 3000ms (default)
2019-10-02 08:04:06,961 [main] INFO  server.RaftServerConfigKeys (ConfUtils.java:logGet(43)) - raft.server.storage.dir = [/workdir/hadoop-ozone/integration-test/target/test-dir/MiniOzoneClusterImpl-a80d392e-7f7b-4221-8c82-ca41e3af8537/datanode-1/data/ratis] (custom)
2019-10-02 08:04:06,963 [main] INFO  hdfs.DFSUtil (DFSUtil.java:httpServerTemplateForNNAndJN(1641)) - Starting Web-server for hddsDatanode at: http://0.0.0.0:0
2019-10-02 08:04:06,965 [main] INFO  server.AuthenticationFilter (AuthenticationFilter.java:constructSecretProvider(240)) - Unable to initialize FileSignerSecretProvider, falling back to use random secrets.
2019-10-02 08:04:06,966 [main] WARN  http.HttpRequestLog (HttpRequestLog.java:getRequestLog(97)) - Jetty request log can only be enabled using Log4j
2019-10-02 08:04:06,968 [main] INFO  http.HttpServer2 (HttpServer2.java:addGlobalFilter(975)) - Added global filter 'safety' (class=org.apache.hadoop.http.HttpServer2$QuotingInputFilter)
2019-10-02 08:04:06,969 [main] INFO  http.HttpServer2 (HttpServer2.java:addFilter(948)) - Added filter static_user_filter (class=org.apache.hadoop.http.lib.StaticUserWebFilter$StaticUserFilter) to context hddsDatanode
2019-10-02 08:04:06,970 [main] INFO  http.HttpServer2 (HttpServer2.java:addFilter(958)) - Added filter static_user_filter (class=org.apache.hadoop.http.lib.StaticUserWebFilter$StaticUserFilter) to context static
2019-10-02 08:04:06,970 [main] INFO  http.HttpServer2 (HttpServer2.java:addFilter(958)) - Added filter static_user_filter (class=org.apache.hadoop.http.lib.StaticUserWebFilter$StaticUserFilter) to context logs
2019-10-02 08:04:06,971 [main] INFO  http.HttpServer2 (HttpServer2.java:bindListener(1191)) - Jetty bound to port 38075
2019-10-02 08:04:06,971 [main] INFO  server.Server (Server.java:doStart(351)) - jetty-9.3.25.v20180904, build timestamp: 2018-09-04T21:11:46Z, git hash: 3ce520221d0240229c862b122d2b06c12a625732
2019-10-02 08:04:06,976 [main] INFO  handler.ContextHandler (ContextHandler.java:doStart(781)) - Started o.e.j.s.ServletContextHandler@79b84841{/logs,file:///workdir/hadoop-ozone/integration-test/target/log,AVAILABLE}
2019-10-02 08:04:06,977 [main] INFO  handler.ContextHandler (ContextHandler.java:doStart(781)) - Started o.e.j.s.ServletContextHandler@3c87e6b7{/static,jar:file:/home/user/.m2/repository/org/apache/hadoop/hadoop-hdds-container-service/0.5.0-SNAPSHOT/hadoop-hdds-container-service-0.5.0-SNAPSHOT.jar!/webapps/static,AVAILABLE}
2019-10-02 08:04:07,014 [main] INFO  handler.ContextHandler (ContextHandler.java:doStart(781)) - Started o.e.j.w.WebAppContext@6cc86152{/,file:///tmp/jetty-0.0.0.0-38075-hddsDatanode-_-any-1647175217993497936.dir/webapp/,AVAILABLE}{/hddsDatanode}
2019-10-02 08:04:07,016 [main] INFO  server.AbstractConnector (AbstractConnector.java:doStart(278)) - Started ServerConnector@611a990b{HTTP/1.1,[http/1.1]}{0.0.0.0:38075}
2019-10-02 08:04:07,017 [main] INFO  server.Server (Server.java:doStart(419)) - Started @5565ms
2019-10-02 08:04:07,017 [main] WARN  impl.MetricsSystemImpl (MetricsSystemImpl.java:register(276)) - Sink prometheus already exists!
2019-10-02 08:04:07,019 [main] INFO  server.BaseHttpServer (BaseHttpServer.java:updateConnectorAddress(215)) - HTTP server of HDDSDATANODE is listening at http://0.0.0.0:38075
2019-10-02 08:04:07,019 [main] INFO  impl.MetricsSystemImpl (MetricsSystemImpl.java:init(158)) - HddsDatanode metrics system started (again)
2019-10-02 08:04:07,022 [org.apache.hadoop.util.JvmPauseMonitor$Monitor@2b8f80d2] INFO  util.JvmPauseMonitor (JvmPauseMonitor.java:run(188)) - Starting JVM pause monitor
2019-10-02 08:04:07,024 [main] INFO  ozone.HddsDatanodeService (HddsDatanodeService.java:start(184)) - HddsDatanodeService host:pr-trunk-gg4kw-413187789 ip:192.168.151.92
2019-10-02 08:04:07,032 [main] INFO  volume.HddsVolume (HddsVolume.java:<init>(176)) - Creating Volume: /workdir/hadoop-ozone/integration-test/target/test-dir/MiniOzoneClusterImpl-a80d392e-7f7b-4221-8c82-ca41e3af8537/datanode-2/data/containers/hdds of  storage type : DISK and capacity : 1482555576320
2019-10-02 08:04:07,032 [main] INFO  volume.VolumeSet (VolumeSet.java:initializeVolumeSet(170)) - Added Volume : /workdir/hadoop-ozone/integration-test/target/test-dir/MiniOzoneClusterImpl-a80d392e-7f7b-4221-8c82-ca41e3af8537/datanode-2/data/containers/hdds to VolumeSet
2019-10-02 08:04:07,033 [main] INFO  volume.ThrottledAsyncChecker (ThrottledAsyncChecker.java:schedule(139)) - Scheduling a check for org.apache.hadoop.ozone.container.common.volume.HddsVolume@44536de4
2019-10-02 08:04:07,033 [main] INFO  volume.HddsVolumeChecker (HddsVolumeChecker.java:checkAllVolumes(202)) - Scheduled health check for volume org.apache.hadoop.ozone.container.common.volume.HddsVolume@44536de4
2019-10-02 08:04:07,051 [Datanode State Machine Thread - 0] INFO  datanode.InitDatanodeState (InitDatanodeState.java:persistContainerDatanodeDetails(140)) - DatanodeDetails is persisted to /workdir/hadoop-ozone/integration-test/target/test-dir/MiniOzoneClusterImpl-a80d392e-7f7b-4221-8c82-ca41e3af8537/datanode-0/meta/datanode.id
2019-10-02 08:04:07,054 [Datanode State Machine Thread - 0] INFO  datanode.InitDatanodeState (InitDatanodeState.java:persistContainerDatanodeDetails(140)) - DatanodeDetails is persisted to /workdir/hadoop-ozone/integration-test/target/test-dir/MiniOzoneClusterImpl-a80d392e-7f7b-4221-8c82-ca41e3af8537/datanode-1/meta/datanode.id
2019-10-02 08:04:07,055 [main] INFO  impl.RaftServerProxy (ConfUtils.java:logGet(43)) - raft.rpc.type = GRPC (default)
2019-10-02 08:04:07,055 [main] INFO  grpc.GrpcFactory (GrpcFactory.java:checkPooledByteBufAllocatorUseCacheForAllThreads(45)) - PERFORMANCE WARNING: useCacheForAllThreads is true that may cause Netty to create a lot garbage objects and, as a result, trigger GC.
	It is recommended to disable useCacheForAllThreads by setting -Dorg.apache.ratis.thirdparty.io.netty.allocator.useCacheForAllThreads=false in command line.
2019-10-02 08:04:07,055 [main] INFO  grpc.GrpcConfigKeys$Server (ConfUtils.java:logGet(43)) - raft.grpc.server.port = 0 (default)
2019-10-02 08:04:07,056 [main] INFO  server.GrpcService (ConfUtils.java:logGet(43)) - raft.grpc.message.size.max = 33570816 (custom)
2019-10-02 08:04:07,056 [main] INFO  server.RaftServerConfigKeys (ConfUtils.java:logGet(43)) - raft.server.log.appender.buffer.byte-limit = 33554432 (custom)
2019-10-02 08:04:07,056 [main] INFO  server.GrpcService (ConfUtils.java:logGet(43)) - raft.grpc.flow.control.window = 1MB (=1048576) (default)
2019-10-02 08:04:07,057 [main] INFO  server.RaftServerConfigKeys (ConfUtils.java:logGet(43)) - raft.server.rpc.request.timeout = 3000ms (default)
2019-10-02 08:04:07,057 [main] INFO  server.RaftServerConfigKeys (ConfUtils.java:logGet(43)) - raft.server.storage.dir = [/workdir/hadoop-ozone/integration-test/target/test-dir/MiniOzoneClusterImpl-a80d392e-7f7b-4221-8c82-ca41e3af8537/datanode-2/data/ratis] (custom)
2019-10-02 08:04:07,059 [main] INFO  hdfs.DFSUtil (DFSUtil.java:httpServerTemplateForNNAndJN(1641)) - Starting Web-server for hddsDatanode at: http://0.0.0.0:0
2019-10-02 08:04:07,061 [main] INFO  server.AuthenticationFilter (AuthenticationFilter.java:constructSecretProvider(240)) - Unable to initialize FileSignerSecretProvider, falling back to use random secrets.
2019-10-02 08:04:07,061 [main] WARN  http.HttpRequestLog (HttpRequestLog.java:getRequestLog(97)) - Jetty request log can only be enabled using Log4j
2019-10-02 08:04:07,063 [main] INFO  http.HttpServer2 (HttpServer2.java:addGlobalFilter(975)) - Added global filter 'safety' (class=org.apache.hadoop.http.HttpServer2$QuotingInputFilter)
2019-10-02 08:04:07,063 [main] INFO  http.HttpServer2 (HttpServer2.java:addFilter(948)) - Added filter static_user_filter (class=org.apache.hadoop.http.lib.StaticUserWebFilter$StaticUserFilter) to context hddsDatanode
2019-10-02 08:04:07,063 [main] INFO  http.HttpServer2 (HttpServer2.java:addFilter(958)) - Added filter static_user_filter (class=org.apache.hadoop.http.lib.StaticUserWebFilter$StaticUserFilter) to context logs
2019-10-02 08:04:07,063 [main] INFO  http.HttpServer2 (HttpServer2.java:addFilter(958)) - Added filter static_user_filter (class=org.apache.hadoop.http.lib.StaticUserWebFilter$StaticUserFilter) to context static
2019-10-02 08:04:07,064 [main] INFO  http.HttpServer2 (HttpServer2.java:bindListener(1191)) - Jetty bound to port 38266
2019-10-02 08:04:07,064 [main] INFO  server.Server (Server.java:doStart(351)) - jetty-9.3.25.v20180904, build timestamp: 2018-09-04T21:11:46Z, git hash: 3ce520221d0240229c862b122d2b06c12a625732
2019-10-02 08:04:07,066 [main] INFO  handler.ContextHandler (ContextHandler.java:doStart(781)) - Started o.e.j.s.ServletContextHandler@733aa9d8{/logs,file:///workdir/hadoop-ozone/integration-test/target/log,AVAILABLE}
2019-10-02 08:04:07,067 [main] INFO  handler.ContextHandler (ContextHandler.java:doStart(781)) - Started o.e.j.s.ServletContextHandler@2b680207{/static,jar:file:/home/user/.m2/repository/org/apache/hadoop/hadoop-hdds-container-service/0.5.0-SNAPSHOT/hadoop-hdds-container-service-0.5.0-SNAPSHOT.jar!/webapps/static,AVAILABLE}
2019-10-02 08:04:07,092 [main] INFO  handler.ContextHandler (ContextHandler.java:doStart(781)) - Started o.e.j.w.WebAppContext@4613311f{/,file:///tmp/jetty-0.0.0.0-38266-hddsDatanode-_-any-2626644425286794139.dir/webapp/,AVAILABLE}{/hddsDatanode}
2019-10-02 08:04:07,093 [main] INFO  server.AbstractConnector (AbstractConnector.java:doStart(278)) - Started ServerConnector@6540cf1d{HTTP/1.1,[http/1.1]}{0.0.0.0:38266}
2019-10-02 08:04:07,093 [main] INFO  server.Server (Server.java:doStart(419)) - Started @5642ms
2019-10-02 08:04:07,095 [main] WARN  impl.MetricsSystemImpl (MetricsSystemImpl.java:register(276)) - Sink prometheus already exists!
2019-10-02 08:04:07,095 [main] INFO  server.BaseHttpServer (BaseHttpServer.java:updateConnectorAddress(215)) - HTTP server of HDDSDATANODE is listening at http://0.0.0.0:38266
2019-10-02 08:04:07,096 [main] INFO  impl.MetricsSystemImpl (MetricsSystemImpl.java:init(158)) - HddsDatanode metrics system started (again)
2019-10-02 08:04:07,099 [main] INFO  ozone.HddsDatanodeService (HddsDatanodeService.java:start(184)) - HddsDatanodeService host:pr-trunk-gg4kw-413187789 ip:192.168.151.92
2019-10-02 08:04:07,099 [org.apache.hadoop.util.JvmPauseMonitor$Monitor@5e93f51f] INFO  util.JvmPauseMonitor (JvmPauseMonitor.java:run(188)) - Starting JVM pause monitor
2019-10-02 08:04:07,102 [Datanode State Machine Thread - 0] INFO  datanode.InitDatanodeState (InitDatanodeState.java:persistContainerDatanodeDetails(140)) - DatanodeDetails is persisted to /workdir/hadoop-ozone/integration-test/target/test-dir/MiniOzoneClusterImpl-a80d392e-7f7b-4221-8c82-ca41e3af8537/datanode-2/meta/datanode.id
2019-10-02 08:04:07,106 [main] INFO  volume.HddsVolume (HddsVolume.java:<init>(176)) - Creating Volume: /workdir/hadoop-ozone/integration-test/target/test-dir/MiniOzoneClusterImpl-a80d392e-7f7b-4221-8c82-ca41e3af8537/datanode-3/data/containers/hdds of  storage type : DISK and capacity : 1482555576320
2019-10-02 08:04:07,107 [main] INFO  volume.VolumeSet (VolumeSet.java:initializeVolumeSet(170)) - Added Volume : /workdir/hadoop-ozone/integration-test/target/test-dir/MiniOzoneClusterImpl-a80d392e-7f7b-4221-8c82-ca41e3af8537/datanode-3/data/containers/hdds to VolumeSet
2019-10-02 08:04:07,107 [main] INFO  volume.ThrottledAsyncChecker (ThrottledAsyncChecker.java:schedule(139)) - Scheduling a check for org.apache.hadoop.ozone.container.common.volume.HddsVolume@27d33393
2019-10-02 08:04:07,107 [main] INFO  volume.HddsVolumeChecker (HddsVolumeChecker.java:checkAllVolumes(202)) - Scheduled health check for volume org.apache.hadoop.ozone.container.common.volume.HddsVolume@27d33393
2019-10-02 08:04:07,119 [main] INFO  impl.RaftServerProxy (ConfUtils.java:logGet(43)) - raft.rpc.type = GRPC (default)
2019-10-02 08:04:07,119 [main] INFO  grpc.GrpcFactory (GrpcFactory.java:checkPooledByteBufAllocatorUseCacheForAllThreads(45)) - PERFORMANCE WARNING: useCacheForAllThreads is true that may cause Netty to create a lot garbage objects and, as a result, trigger GC.
	It is recommended to disable useCacheForAllThreads by setting -Dorg.apache.ratis.thirdparty.io.netty.allocator.useCacheForAllThreads=false in command line.
2019-10-02 08:04:07,120 [main] INFO  grpc.GrpcConfigKeys$Server (ConfUtils.java:logGet(43)) - raft.grpc.server.port = 0 (default)
2019-10-02 08:04:07,120 [main] INFO  server.GrpcService (ConfUtils.java:logGet(43)) - raft.grpc.message.size.max = 33570816 (custom)
2019-10-02 08:04:07,120 [main] INFO  server.RaftServerConfigKeys (ConfUtils.java:logGet(43)) - raft.server.log.appender.buffer.byte-limit = 33554432 (custom)
2019-10-02 08:04:07,120 [main] INFO  server.GrpcService (ConfUtils.java:logGet(43)) - raft.grpc.flow.control.window = 1MB (=1048576) (default)
2019-10-02 08:04:07,120 [main] INFO  server.RaftServerConfigKeys (ConfUtils.java:logGet(43)) - raft.server.rpc.request.timeout = 3000ms (default)
2019-10-02 08:04:07,121 [main] INFO  server.RaftServerConfigKeys (ConfUtils.java:logGet(43)) - raft.server.storage.dir = [/workdir/hadoop-ozone/integration-test/target/test-dir/MiniOzoneClusterImpl-a80d392e-7f7b-4221-8c82-ca41e3af8537/datanode-3/data/ratis] (custom)
2019-10-02 08:04:07,122 [main] INFO  hdfs.DFSUtil (DFSUtil.java:httpServerTemplateForNNAndJN(1641)) - Starting Web-server for hddsDatanode at: http://0.0.0.0:0
2019-10-02 08:04:07,123 [main] INFO  server.AuthenticationFilter (AuthenticationFilter.java:constructSecretProvider(240)) - Unable to initialize FileSignerSecretProvider, falling back to use random secrets.
2019-10-02 08:04:07,124 [main] WARN  http.HttpRequestLog (HttpRequestLog.java:getRequestLog(97)) - Jetty request log can only be enabled using Log4j
2019-10-02 08:04:07,125 [main] INFO  http.HttpServer2 (HttpServer2.java:addGlobalFilter(975)) - Added global filter 'safety' (class=org.apache.hadoop.http.HttpServer2$QuotingInputFilter)
2019-10-02 08:04:07,125 [main] INFO  http.HttpServer2 (HttpServer2.java:addFilter(948)) - Added filter static_user_filter (class=org.apache.hadoop.http.lib.StaticUserWebFilter$StaticUserFilter) to context hddsDatanode
2019-10-02 08:04:07,126 [main] INFO  http.HttpServer2 (HttpServer2.java:addFilter(958)) - Added filter static_user_filter (class=org.apache.hadoop.http.lib.StaticUserWebFilter$StaticUserFilter) to context static
2019-10-02 08:04:07,126 [main] INFO  http.HttpServer2 (HttpServer2.java:addFilter(958)) - Added filter static_user_filter (class=org.apache.hadoop.http.lib.StaticUserWebFilter$StaticUserFilter) to context logs
2019-10-02 08:04:07,126 [main] INFO  http.HttpServer2 (HttpServer2.java:bindListener(1191)) - Jetty bound to port 37663
2019-10-02 08:04:07,127 [main] INFO  server.Server (Server.java:doStart(351)) - jetty-9.3.25.v20180904, build timestamp: 2018-09-04T21:11:46Z, git hash: 3ce520221d0240229c862b122d2b06c12a625732
2019-10-02 08:04:07,132 [main] INFO  handler.ContextHandler (ContextHandler.java:doStart(781)) - Started o.e.j.s.ServletContextHandler@119aa36{/logs,file:///workdir/hadoop-ozone/integration-test/target/log,AVAILABLE}
2019-10-02 08:04:07,133 [main] INFO  handler.ContextHandler (ContextHandler.java:doStart(781)) - Started o.e.j.s.ServletContextHandler@69fe0ed4{/static,jar:file:/home/user/.m2/repository/org/apache/hadoop/hadoop-hdds-container-service/0.5.0-SNAPSHOT/hadoop-hdds-container-service-0.5.0-SNAPSHOT.jar!/webapps/static,AVAILABLE}
2019-10-02 08:04:07,158 [main] INFO  handler.ContextHandler (ContextHandler.java:doStart(781)) - Started o.e.j.w.WebAppContext@748d2277{/,file:///tmp/jetty-0.0.0.0-37663-hddsDatanode-_-any-220713346336254480.dir/webapp/,AVAILABLE}{/hddsDatanode}
2019-10-02 08:04:07,158 [main] INFO  server.AbstractConnector (AbstractConnector.java:doStart(278)) - Started ServerConnector@2f897dab{HTTP/1.1,[http/1.1]}{0.0.0.0:37663}
2019-10-02 08:04:07,159 [main] INFO  server.Server (Server.java:doStart(419)) - Started @5707ms
2019-10-02 08:04:07,159 [main] WARN  impl.MetricsSystemImpl (MetricsSystemImpl.java:register(276)) - Sink prometheus already exists!
2019-10-02 08:04:07,161 [main] INFO  server.BaseHttpServer (BaseHttpServer.java:updateConnectorAddress(215)) - HTTP server of HDDSDATANODE is listening at http://0.0.0.0:37663
2019-10-02 08:04:07,161 [main] INFO  impl.MetricsSystemImpl (MetricsSystemImpl.java:init(158)) - HddsDatanode metrics system started (again)
2019-10-02 08:04:07,164 [main] INFO  ozone.HddsDatanodeService (HddsDatanodeService.java:start(184)) - HddsDatanodeService host:pr-trunk-gg4kw-413187789 ip:192.168.151.92
2019-10-02 08:04:07,165 [org.apache.hadoop.util.JvmPauseMonitor$Monitor@15155417] INFO  util.JvmPauseMonitor (JvmPauseMonitor.java:run(188)) - Starting JVM pause monitor
2019-10-02 08:04:07,167 [Datanode State Machine Thread - 0] INFO  datanode.InitDatanodeState (InitDatanodeState.java:persistContainerDatanodeDetails(140)) - DatanodeDetails is persisted to /workdir/hadoop-ozone/integration-test/target/test-dir/MiniOzoneClusterImpl-a80d392e-7f7b-4221-8c82-ca41e3af8537/datanode-3/meta/datanode.id
2019-10-02 08:04:07,174 [main] INFO  volume.HddsVolume (HddsVolume.java:<init>(176)) - Creating Volume: /workdir/hadoop-ozone/integration-test/target/test-dir/MiniOzoneClusterImpl-a80d392e-7f7b-4221-8c82-ca41e3af8537/datanode-4/data/containers/hdds of  storage type : DISK and capacity : 1482555576320
2019-10-02 08:04:07,174 [main] INFO  volume.VolumeSet (VolumeSet.java:initializeVolumeSet(170)) - Added Volume : /workdir/hadoop-ozone/integration-test/target/test-dir/MiniOzoneClusterImpl-a80d392e-7f7b-4221-8c82-ca41e3af8537/datanode-4/data/containers/hdds to VolumeSet
2019-10-02 08:04:07,174 [main] INFO  volume.ThrottledAsyncChecker (ThrottledAsyncChecker.java:schedule(139)) - Scheduling a check for org.apache.hadoop.ozone.container.common.volume.HddsVolume@22eaa86e
2019-10-02 08:04:07,175 [main] INFO  volume.HddsVolumeChecker (HddsVolumeChecker.java:checkAllVolumes(202)) - Scheduled health check for volume org.apache.hadoop.ozone.container.common.volume.HddsVolume@22eaa86e
2019-10-02 08:04:07,187 [main] INFO  impl.RaftServerProxy (ConfUtils.java:logGet(43)) - raft.rpc.type = GRPC (default)
2019-10-02 08:04:07,187 [main] INFO  grpc.GrpcFactory (GrpcFactory.java:checkPooledByteBufAllocatorUseCacheForAllThreads(45)) - PERFORMANCE WARNING: useCacheForAllThreads is true that may cause Netty to create a lot garbage objects and, as a result, trigger GC.
	It is recommended to disable useCacheForAllThreads by setting -Dorg.apache.ratis.thirdparty.io.netty.allocator.useCacheForAllThreads=false in command line.
2019-10-02 08:04:07,187 [main] INFO  grpc.GrpcConfigKeys$Server (ConfUtils.java:logGet(43)) - raft.grpc.server.port = 0 (default)
2019-10-02 08:04:07,187 [main] INFO  server.GrpcService (ConfUtils.java:logGet(43)) - raft.grpc.message.size.max = 33570816 (custom)
2019-10-02 08:04:07,188 [main] INFO  server.RaftServerConfigKeys (ConfUtils.java:logGet(43)) - raft.server.log.appender.buffer.byte-limit = 33554432 (custom)
2019-10-02 08:04:07,188 [main] INFO  server.GrpcService (ConfUtils.java:logGet(43)) - raft.grpc.flow.control.window = 1MB (=1048576) (default)
2019-10-02 08:04:07,188 [main] INFO  server.RaftServerConfigKeys (ConfUtils.java:logGet(43)) - raft.server.rpc.request.timeout = 3000ms (default)
2019-10-02 08:04:07,188 [main] INFO  server.RaftServerConfigKeys (ConfUtils.java:logGet(43)) - raft.server.storage.dir = [/workdir/hadoop-ozone/integration-test/target/test-dir/MiniOzoneClusterImpl-a80d392e-7f7b-4221-8c82-ca41e3af8537/datanode-4/data/ratis] (custom)
2019-10-02 08:04:07,190 [main] INFO  hdfs.DFSUtil (DFSUtil.java:httpServerTemplateForNNAndJN(1641)) - Starting Web-server for hddsDatanode at: http://0.0.0.0:0
2019-10-02 08:04:07,191 [main] INFO  server.AuthenticationFilter (AuthenticationFilter.java:constructSecretProvider(240)) - Unable to initialize FileSignerSecretProvider, falling back to use random secrets.
2019-10-02 08:04:07,191 [main] WARN  http.HttpRequestLog (HttpRequestLog.java:getRequestLog(97)) - Jetty request log can only be enabled using Log4j
2019-10-02 08:04:07,193 [main] INFO  http.HttpServer2 (HttpServer2.java:addGlobalFilter(975)) - Added global filter 'safety' (class=org.apache.hadoop.http.HttpServer2$QuotingInputFilter)
2019-10-02 08:04:07,193 [main] INFO  http.HttpServer2 (HttpServer2.java:addFilter(948)) - Added filter static_user_filter (class=org.apache.hadoop.http.lib.StaticUserWebFilter$StaticUserFilter) to context hddsDatanode
2019-10-02 08:04:07,193 [main] INFO  http.HttpServer2 (HttpServer2.java:addFilter(958)) - Added filter static_user_filter (class=org.apache.hadoop.http.lib.StaticUserWebFilter$StaticUserFilter) to context logs
2019-10-02 08:04:07,193 [main] INFO  http.HttpServer2 (HttpServer2.java:addFilter(958)) - Added filter static_user_filter (class=org.apache.hadoop.http.lib.StaticUserWebFilter$StaticUserFilter) to context static
2019-10-02 08:04:07,194 [main] INFO  http.HttpServer2 (HttpServer2.java:bindListener(1191)) - Jetty bound to port 45222
2019-10-02 08:04:07,194 [main] INFO  server.Server (Server.java:doStart(351)) - jetty-9.3.25.v20180904, build timestamp: 2018-09-04T21:11:46Z, git hash: 3ce520221d0240229c862b122d2b06c12a625732
2019-10-02 08:04:07,196 [main] INFO  handler.ContextHandler (ContextHandler.java:doStart(781)) - Started o.e.j.s.ServletContextHandler@3bd2af5b{/logs,file:///workdir/hadoop-ozone/integration-test/target/log,AVAILABLE}
2019-10-02 08:04:07,197 [main] INFO  handler.ContextHandler (ContextHandler.java:doStart(781)) - Started o.e.j.s.ServletContextHandler@75d982d3{/static,jar:file:/home/user/.m2/repository/org/apache/hadoop/hadoop-hdds-container-service/0.5.0-SNAPSHOT/hadoop-hdds-container-service-0.5.0-SNAPSHOT.jar!/webapps/static,AVAILABLE}
2019-10-02 08:04:07,221 [main] INFO  handler.ContextHandler (ContextHandler.java:doStart(781)) - Started o.e.j.w.WebAppContext@74ea46e2{/,file:///tmp/jetty-0.0.0.0-45222-hddsDatanode-_-any-7251931984585778648.dir/webapp/,AVAILABLE}{/hddsDatanode}
2019-10-02 08:04:07,221 [main] INFO  server.AbstractConnector (AbstractConnector.java:doStart(278)) - Started ServerConnector@6f911326{HTTP/1.1,[http/1.1]}{0.0.0.0:45222}
2019-10-02 08:04:07,222 [main] INFO  server.Server (Server.java:doStart(419)) - Started @5771ms
2019-10-02 08:04:07,222 [main] WARN  impl.MetricsSystemImpl (MetricsSystemImpl.java:register(276)) - Sink prometheus already exists!
2019-10-02 08:04:07,229 [main] INFO  server.BaseHttpServer (BaseHttpServer.java:updateConnectorAddress(215)) - HTTP server of HDDSDATANODE is listening at http://0.0.0.0:45222
2019-10-02 08:04:07,229 [main] INFO  impl.MetricsSystemImpl (MetricsSystemImpl.java:init(158)) - HddsDatanode metrics system started (again)
2019-10-02 08:04:07,233 [main] INFO  ozone.HddsDatanodeService (HddsDatanodeService.java:start(184)) - HddsDatanodeService host:pr-trunk-gg4kw-413187789 ip:192.168.151.92
2019-10-02 08:04:07,233 [org.apache.hadoop.util.JvmPauseMonitor$Monitor@41fe3d62] INFO  util.JvmPauseMonitor (JvmPauseMonitor.java:run(188)) - Starting JVM pause monitor
2019-10-02 08:04:07,237 [Datanode State Machine Thread - 0] INFO  datanode.InitDatanodeState (InitDatanodeState.java:persistContainerDatanodeDetails(140)) - DatanodeDetails is persisted to /workdir/hadoop-ozone/integration-test/target/test-dir/MiniOzoneClusterImpl-a80d392e-7f7b-4221-8c82-ca41e3af8537/datanode-4/meta/datanode.id
2019-10-02 08:04:07,242 [main] INFO  volume.HddsVolume (HddsVolume.java:<init>(176)) - Creating Volume: /workdir/hadoop-ozone/integration-test/target/test-dir/MiniOzoneClusterImpl-a80d392e-7f7b-4221-8c82-ca41e3af8537/datanode-5/data/containers/hdds of  storage type : DISK and capacity : 1482555576320
2019-10-02 08:04:07,242 [main] INFO  volume.VolumeSet (VolumeSet.java:initializeVolumeSet(170)) - Added Volume : /workdir/hadoop-ozone/integration-test/target/test-dir/MiniOzoneClusterImpl-a80d392e-7f7b-4221-8c82-ca41e3af8537/datanode-5/data/containers/hdds to VolumeSet
2019-10-02 08:04:07,243 [main] INFO  volume.ThrottledAsyncChecker (ThrottledAsyncChecker.java:schedule(139)) - Scheduling a check for org.apache.hadoop.ozone.container.common.volume.HddsVolume@117d32e
2019-10-02 08:04:07,243 [main] INFO  volume.HddsVolumeChecker (HddsVolumeChecker.java:checkAllVolumes(202)) - Scheduled health check for volume org.apache.hadoop.ozone.container.common.volume.HddsVolume@117d32e
2019-10-02 08:04:07,257 [main] INFO  impl.RaftServerProxy (ConfUtils.java:logGet(43)) - raft.rpc.type = GRPC (default)
2019-10-02 08:04:07,257 [main] INFO  grpc.GrpcFactory (GrpcFactory.java:checkPooledByteBufAllocatorUseCacheForAllThreads(45)) - PERFORMANCE WARNING: useCacheForAllThreads is true that may cause Netty to create a lot garbage objects and, as a result, trigger GC.
	It is recommended to disable useCacheForAllThreads by setting -Dorg.apache.ratis.thirdparty.io.netty.allocator.useCacheForAllThreads=false in command line.
2019-10-02 08:04:07,257 [main] INFO  grpc.GrpcConfigKeys$Server (ConfUtils.java:logGet(43)) - raft.grpc.server.port = 0 (default)
2019-10-02 08:04:07,257 [main] INFO  server.GrpcService (ConfUtils.java:logGet(43)) - raft.grpc.message.size.max = 33570816 (custom)
2019-10-02 08:04:07,258 [main] INFO  server.RaftServerConfigKeys (ConfUtils.java:logGet(43)) - raft.server.log.appender.buffer.byte-limit = 33554432 (custom)
2019-10-02 08:04:07,258 [main] INFO  server.GrpcService (ConfUtils.java:logGet(43)) - raft.grpc.flow.control.window = 1MB (=1048576) (default)
2019-10-02 08:04:07,258 [main] INFO  server.RaftServerConfigKeys (ConfUtils.java:logGet(43)) - raft.server.rpc.request.timeout = 3000ms (default)
2019-10-02 08:04:07,258 [main] INFO  server.RaftServerConfigKeys (ConfUtils.java:logGet(43)) - raft.server.storage.dir = [/workdir/hadoop-ozone/integration-test/target/test-dir/MiniOzoneClusterImpl-a80d392e-7f7b-4221-8c82-ca41e3af8537/datanode-5/data/ratis] (custom)
2019-10-02 08:04:07,260 [main] INFO  hdfs.DFSUtil (DFSUtil.java:httpServerTemplateForNNAndJN(1641)) - Starting Web-server for hddsDatanode at: http://0.0.0.0:0
2019-10-02 08:04:07,261 [main] INFO  server.AuthenticationFilter (AuthenticationFilter.java:constructSecretProvider(240)) - Unable to initialize FileSignerSecretProvider, falling back to use random secrets.
2019-10-02 08:04:07,261 [main] WARN  http.HttpRequestLog (HttpRequestLog.java:getRequestLog(97)) - Jetty request log can only be enabled using Log4j
2019-10-02 08:04:07,262 [main] INFO  http.HttpServer2 (HttpServer2.java:addGlobalFilter(975)) - Added global filter 'safety' (class=org.apache.hadoop.http.HttpServer2$QuotingInputFilter)
2019-10-02 08:04:07,263 [main] INFO  http.HttpServer2 (HttpServer2.java:addFilter(948)) - Added filter static_user_filter (class=org.apache.hadoop.http.lib.StaticUserWebFilter$StaticUserFilter) to context hddsDatanode
2019-10-02 08:04:07,263 [main] INFO  http.HttpServer2 (HttpServer2.java:addFilter(958)) - Added filter static_user_filter (class=org.apache.hadoop.http.lib.StaticUserWebFilter$StaticUserFilter) to context logs
2019-10-02 08:04:07,263 [main] INFO  http.HttpServer2 (HttpServer2.java:addFilter(958)) - Added filter static_user_filter (class=org.apache.hadoop.http.lib.StaticUserWebFilter$StaticUserFilter) to context static
2019-10-02 08:04:07,264 [main] INFO  http.HttpServer2 (HttpServer2.java:bindListener(1191)) - Jetty bound to port 45176
2019-10-02 08:04:07,264 [main] INFO  server.Server (Server.java:doStart(351)) - jetty-9.3.25.v20180904, build timestamp: 2018-09-04T21:11:46Z, git hash: 3ce520221d0240229c862b122d2b06c12a625732
2019-10-02 08:04:07,266 [main] INFO  handler.ContextHandler (ContextHandler.java:doStart(781)) - Started o.e.j.s.ServletContextHandler@181d8899{/logs,file:///workdir/hadoop-ozone/integration-test/target/log,AVAILABLE}
2019-10-02 08:04:07,266 [main] INFO  handler.ContextHandler (ContextHandler.java:doStart(781)) - Started o.e.j.s.ServletContextHandler@b887730{/static,jar:file:/home/user/.m2/repository/org/apache/hadoop/hadoop-hdds-container-service/0.5.0-SNAPSHOT/hadoop-hdds-container-service-0.5.0-SNAPSHOT.jar!/webapps/static,AVAILABLE}
2019-10-02 08:04:07,291 [main] INFO  handler.ContextHandler (ContextHandler.java:doStart(781)) - Started o.e.j.w.WebAppContext@7ab34619{/,file:///tmp/jetty-0.0.0.0-45176-hddsDatanode-_-any-3465464152314221822.dir/webapp/,AVAILABLE}{/hddsDatanode}
2019-10-02 08:04:07,292 [main] INFO  server.AbstractConnector (AbstractConnector.java:doStart(278)) - Started ServerConnector@ae2db25{HTTP/1.1,[http/1.1]}{0.0.0.0:45176}
2019-10-02 08:04:07,292 [main] INFO  server.Server (Server.java:doStart(419)) - Started @5841ms
2019-10-02 08:04:07,292 [main] WARN  impl.MetricsSystemImpl (MetricsSystemImpl.java:register(276)) - Sink prometheus already exists!
2019-10-02 08:04:07,293 [main] INFO  server.BaseHttpServer (BaseHttpServer.java:updateConnectorAddress(215)) - HTTP server of HDDSDATANODE is listening at http://0.0.0.0:45176
2019-10-02 08:04:07,293 [main] INFO  impl.MetricsSystemImpl (MetricsSystemImpl.java:init(158)) - HddsDatanode metrics system started (again)
2019-10-02 08:04:07,297 [main] INFO  ozone.HddsDatanodeService (HddsDatanodeService.java:start(184)) - HddsDatanodeService host:pr-trunk-gg4kw-413187789 ip:192.168.151.92
2019-10-02 08:04:07,298 [org.apache.hadoop.util.JvmPauseMonitor$Monitor@7d64122f] INFO  util.JvmPauseMonitor (JvmPauseMonitor.java:run(188)) - Starting JVM pause monitor
2019-10-02 08:04:07,301 [Datanode State Machine Thread - 0] INFO  datanode.InitDatanodeState (InitDatanodeState.java:persistContainerDatanodeDetails(140)) - DatanodeDetails is persisted to /workdir/hadoop-ozone/integration-test/target/test-dir/MiniOzoneClusterImpl-a80d392e-7f7b-4221-8c82-ca41e3af8537/datanode-5/meta/datanode.id
2019-10-02 08:04:07,305 [main] INFO  volume.HddsVolume (HddsVolume.java:<init>(176)) - Creating Volume: /workdir/hadoop-ozone/integration-test/target/test-dir/MiniOzoneClusterImpl-a80d392e-7f7b-4221-8c82-ca41e3af8537/datanode-6/data/containers/hdds of  storage type : DISK and capacity : 1482555576320
2019-10-02 08:04:07,306 [main] INFO  volume.VolumeSet (VolumeSet.java:initializeVolumeSet(170)) - Added Volume : /workdir/hadoop-ozone/integration-test/target/test-dir/MiniOzoneClusterImpl-a80d392e-7f7b-4221-8c82-ca41e3af8537/datanode-6/data/containers/hdds to VolumeSet
2019-10-02 08:04:07,306 [main] INFO  volume.ThrottledAsyncChecker (ThrottledAsyncChecker.java:schedule(139)) - Scheduling a check for org.apache.hadoop.ozone.container.common.volume.HddsVolume@7f5538a1
2019-10-02 08:04:07,306 [main] INFO  volume.HddsVolumeChecker (HddsVolumeChecker.java:checkAllVolumes(202)) - Scheduled health check for volume org.apache.hadoop.ozone.container.common.volume.HddsVolume@7f5538a1
2019-10-02 08:04:07,318 [main] INFO  impl.RaftServerProxy (ConfUtils.java:logGet(43)) - raft.rpc.type = GRPC (default)
2019-10-02 08:04:07,319 [main] INFO  grpc.GrpcFactory (GrpcFactory.java:checkPooledByteBufAllocatorUseCacheForAllThreads(45)) - PERFORMANCE WARNING: useCacheForAllThreads is true that may cause Netty to create a lot garbage objects and, as a result, trigger GC.
	It is recommended to disable useCacheForAllThreads by setting -Dorg.apache.ratis.thirdparty.io.netty.allocator.useCacheForAllThreads=false in command line.
2019-10-02 08:04:07,319 [main] INFO  grpc.GrpcConfigKeys$Server (ConfUtils.java:logGet(43)) - raft.grpc.server.port = 0 (default)
2019-10-02 08:04:07,319 [main] INFO  server.GrpcService (ConfUtils.java:logGet(43)) - raft.grpc.message.size.max = 33570816 (custom)
2019-10-02 08:04:07,319 [main] INFO  server.RaftServerConfigKeys (ConfUtils.java:logGet(43)) - raft.server.log.appender.buffer.byte-limit = 33554432 (custom)
2019-10-02 08:04:07,319 [main] INFO  server.GrpcService (ConfUtils.java:logGet(43)) - raft.grpc.flow.control.window = 1MB (=1048576) (default)
2019-10-02 08:04:07,320 [main] INFO  server.RaftServerConfigKeys (ConfUtils.java:logGet(43)) - raft.server.rpc.request.timeout = 3000ms (default)
2019-10-02 08:04:07,320 [main] INFO  server.RaftServerConfigKeys (ConfUtils.java:logGet(43)) - raft.server.storage.dir = [/workdir/hadoop-ozone/integration-test/target/test-dir/MiniOzoneClusterImpl-a80d392e-7f7b-4221-8c82-ca41e3af8537/datanode-6/data/ratis] (custom)
2019-10-02 08:04:07,321 [main] INFO  hdfs.DFSUtil (DFSUtil.java:httpServerTemplateForNNAndJN(1641)) - Starting Web-server for hddsDatanode at: http://0.0.0.0:0
2019-10-02 08:04:07,323 [main] INFO  server.AuthenticationFilter (AuthenticationFilter.java:constructSecretProvider(240)) - Unable to initialize FileSignerSecretProvider, falling back to use random secrets.
2019-10-02 08:04:07,323 [main] WARN  http.HttpRequestLog (HttpRequestLog.java:getRequestLog(97)) - Jetty request log can only be enabled using Log4j
2019-10-02 08:04:07,324 [main] INFO  http.HttpServer2 (HttpServer2.java:addGlobalFilter(975)) - Added global filter 'safety' (class=org.apache.hadoop.http.HttpServer2$QuotingInputFilter)
2019-10-02 08:04:07,325 [main] INFO  http.HttpServer2 (HttpServer2.java:addFilter(948)) - Added filter static_user_filter (class=org.apache.hadoop.http.lib.StaticUserWebFilter$StaticUserFilter) to context hddsDatanode
2019-10-02 08:04:07,325 [main] INFO  http.HttpServer2 (HttpServer2.java:addFilter(958)) - Added filter static_user_filter (class=org.apache.hadoop.http.lib.StaticUserWebFilter$StaticUserFilter) to context static
2019-10-02 08:04:07,325 [main] INFO  http.HttpServer2 (HttpServer2.java:addFilter(958)) - Added filter static_user_filter (class=org.apache.hadoop.http.lib.StaticUserWebFilter$StaticUserFilter) to context logs
2019-10-02 08:04:07,326 [main] INFO  http.HttpServer2 (HttpServer2.java:bindListener(1191)) - Jetty bound to port 34932
2019-10-02 08:04:07,326 [main] INFO  server.Server (Server.java:doStart(351)) - jetty-9.3.25.v20180904, build timestamp: 2018-09-04T21:11:46Z, git hash: 3ce520221d0240229c862b122d2b06c12a625732
2019-10-02 08:04:07,328 [main] INFO  handler.ContextHandler (ContextHandler.java:doStart(781)) - Started o.e.j.s.ServletContextHandler@58434b19{/logs,file:///workdir/hadoop-ozone/integration-test/target/log,AVAILABLE}
2019-10-02 08:04:07,329 [main] INFO  handler.ContextHandler (ContextHandler.java:doStart(781)) - Started o.e.j.s.ServletContextHandler@7dbe2ebf{/static,jar:file:/home/user/.m2/repository/org/apache/hadoop/hadoop-hdds-container-service/0.5.0-SNAPSHOT/hadoop-hdds-container-service-0.5.0-SNAPSHOT.jar!/webapps/static,AVAILABLE}
2019-10-02 08:04:07,355 [main] INFO  handler.ContextHandler (ContextHandler.java:doStart(781)) - Started o.e.j.w.WebAppContext@3c74aa0d{/,file:///tmp/jetty-0.0.0.0-34932-hddsDatanode-_-any-5633979583749444987.dir/webapp/,AVAILABLE}{/hddsDatanode}
2019-10-02 08:04:07,355 [main] INFO  server.AbstractConnector (AbstractConnector.java:doStart(278)) - Started ServerConnector@6c841199{HTTP/1.1,[http/1.1]}{0.0.0.0:34932}
2019-10-02 08:04:07,356 [main] INFO  server.Server (Server.java:doStart(419)) - Started @5904ms
2019-10-02 08:04:07,356 [main] WARN  impl.MetricsSystemImpl (MetricsSystemImpl.java:register(276)) - Sink prometheus already exists!
2019-10-02 08:04:07,357 [main] INFO  server.BaseHttpServer (BaseHttpServer.java:updateConnectorAddress(215)) - HTTP server of HDDSDATANODE is listening at http://0.0.0.0:34932
2019-10-02 08:04:07,359 [main] INFO  ozone.MiniOzoneClusterImpl (MiniOzoneClusterImpl.java:lambda$waitForClusterToBeReady$0(147)) - Waiting for cluster to be ready. Got 0 of 7 DN Heartbeats.
2019-10-02 08:04:07,360 [org.apache.hadoop.util.JvmPauseMonitor$Monitor@1e2b9486] INFO  util.JvmPauseMonitor (JvmPauseMonitor.java:run(188)) - Starting JVM pause monitor
2019-10-02 08:04:07,362 [Datanode State Machine Thread - 0] INFO  datanode.InitDatanodeState (InitDatanodeState.java:persistContainerDatanodeDetails(140)) - DatanodeDetails is persisted to /workdir/hadoop-ozone/integration-test/target/test-dir/MiniOzoneClusterImpl-a80d392e-7f7b-4221-8c82-ca41e3af8537/datanode-6/meta/datanode.id
2019-10-02 08:04:08,359 [main] INFO  ozone.MiniOzoneClusterImpl (MiniOzoneClusterImpl.java:lambda$waitForClusterToBeReady$0(147)) - Waiting for cluster to be ready. Got 0 of 7 DN Heartbeats.
2019-10-02 08:04:08,993 [Datanode State Machine Thread - 0] INFO  ozoneimpl.OzoneContainer (OzoneContainer.java:start(217)) - Attempting to start container services.
2019-10-02 08:04:08,996 [Datanode State Machine Thread - 0] INFO  ozoneimpl.OzoneContainer (OzoneContainer.java:startContainerScrub(179)) - Background container scanner has been disabled.
2019-10-02 08:04:08,997 [Datanode State Machine Thread - 0] INFO  ratis.XceiverServerRatis (XceiverServerRatis.java:start(417)) - Starting XceiverServerRatis 6c71132d-f7e4-4b14-8e85-142ea7240f76 at port 0
2019-10-02 08:04:09,029 [Datanode State Machine Thread - 0] INFO  impl.RaftServerProxy (RaftServerProxy.java:lambda$start$3(299)) - 6c71132d-f7e4-4b14-8e85-142ea7240f76: start RPC server
2019-10-02 08:04:09,043 [Datanode State Machine Thread - 0] INFO  ozoneimpl.OzoneContainer (OzoneContainer.java:start(217)) - Attempting to start container services.
2019-10-02 08:04:09,052 [Datanode State Machine Thread - 0] INFO  ozoneimpl.OzoneContainer (OzoneContainer.java:startContainerScrub(179)) - Background container scanner has been disabled.
2019-10-02 08:04:09,052 [Datanode State Machine Thread - 0] INFO  ratis.XceiverServerRatis (XceiverServerRatis.java:start(417)) - Starting XceiverServerRatis 49f66f9f-31d7-4b02-b438-ea1444250cb1 at port 0
2019-10-02 08:04:09,063 [Datanode State Machine Thread - 0] INFO  impl.RaftServerProxy (RaftServerProxy.java:lambda$start$3(299)) - 49f66f9f-31d7-4b02-b438-ea1444250cb1: start RPC server
2019-10-02 08:04:09,114 [Datanode State Machine Thread - 0] INFO  ozoneimpl.OzoneContainer (OzoneContainer.java:start(217)) - Attempting to start container services.
2019-10-02 08:04:09,118 [Datanode State Machine Thread - 0] INFO  ozoneimpl.OzoneContainer (OzoneContainer.java:startContainerScrub(179)) - Background container scanner has been disabled.
2019-10-02 08:04:09,119 [Datanode State Machine Thread - 0] INFO  ratis.XceiverServerRatis (XceiverServerRatis.java:start(417)) - Starting XceiverServerRatis a264a072-92f0-4dc2-99fe-a3f051c5730a at port 0
2019-10-02 08:04:09,129 [Datanode State Machine Thread - 0] INFO  impl.RaftServerProxy (RaftServerProxy.java:lambda$start$3(299)) - a264a072-92f0-4dc2-99fe-a3f051c5730a: start RPC server
2019-10-02 08:04:09,180 [Datanode State Machine Thread - 0] INFO  ozoneimpl.OzoneContainer (OzoneContainer.java:start(217)) - Attempting to start container services.
2019-10-02 08:04:09,180 [Datanode State Machine Thread - 0] INFO  ozoneimpl.OzoneContainer (OzoneContainer.java:startContainerScrub(179)) - Background container scanner has been disabled.
2019-10-02 08:04:09,180 [Datanode State Machine Thread - 0] INFO  ratis.XceiverServerRatis (XceiverServerRatis.java:start(417)) - Starting XceiverServerRatis d4e6752e-53f4-46a5-a0f4-35bce0735517 at port 0
2019-10-02 08:04:09,195 [Datanode State Machine Thread - 0] INFO  impl.RaftServerProxy (RaftServerProxy.java:lambda$start$3(299)) - d4e6752e-53f4-46a5-a0f4-35bce0735517: start RPC server
2019-10-02 08:04:09,228 [Datanode State Machine Thread - 0] INFO  server.GrpcService (GrpcService.java:startImpl(158)) - 6c71132d-f7e4-4b14-8e85-142ea7240f76: GrpcService started, listening on 0.0.0.0/0.0.0.0:42779
2019-10-02 08:04:09,228 [Datanode State Machine Thread - 0] INFO  server.GrpcService (GrpcService.java:startImpl(158)) - 49f66f9f-31d7-4b02-b438-ea1444250cb1: GrpcService started, listening on 0.0.0.0/0.0.0.0:39309
2019-10-02 08:04:09,228 [Datanode State Machine Thread - 0] INFO  server.GrpcService (GrpcService.java:startImpl(158)) - d4e6752e-53f4-46a5-a0f4-35bce0735517: GrpcService started, listening on 0.0.0.0/0.0.0.0:45748
2019-10-02 08:04:09,228 [Datanode State Machine Thread - 0] INFO  server.GrpcService (GrpcService.java:startImpl(158)) - a264a072-92f0-4dc2-99fe-a3f051c5730a: GrpcService started, listening on 0.0.0.0/0.0.0.0:38422
2019-10-02 08:04:09,229 [Datanode State Machine Thread - 0] INFO  ratis.XceiverServerRatis (XceiverServerRatis.java:start(427)) - XceiverServerRatis d4e6752e-53f4-46a5-a0f4-35bce0735517 is started using port 45748
2019-10-02 08:04:09,229 [Datanode State Machine Thread - 0] INFO  ratis.XceiverServerRatis (XceiverServerRatis.java:start(427)) - XceiverServerRatis 49f66f9f-31d7-4b02-b438-ea1444250cb1 is started using port 39309
2019-10-02 08:04:09,229 [Datanode State Machine Thread - 0] INFO  ratis.XceiverServerRatis (XceiverServerRatis.java:start(427)) - XceiverServerRatis 6c71132d-f7e4-4b14-8e85-142ea7240f76 is started using port 42779
2019-10-02 08:04:09,230 [Datanode State Machine Thread - 0] INFO  ratis.XceiverServerRatis (XceiverServerRatis.java:start(427)) - XceiverServerRatis a264a072-92f0-4dc2-99fe-a3f051c5730a is started using port 38422
2019-10-02 08:04:09,241 [Datanode State Machine Thread - 0] INFO  server.XceiverServerGrpc (XceiverServerGrpc.java:start(149)) - XceiverServerGrpc d4e6752e-53f4-46a5-a0f4-35bce0735517 is started using port 40168
2019-10-02 08:04:09,242 [Datanode State Machine Thread - 0] INFO  server.XceiverServerGrpc (XceiverServerGrpc.java:start(149)) - XceiverServerGrpc 49f66f9f-31d7-4b02-b438-ea1444250cb1 is started using port 40347
2019-10-02 08:04:09,241 [Datanode State Machine Thread - 0] INFO  server.XceiverServerGrpc (XceiverServerGrpc.java:start(149)) - XceiverServerGrpc a264a072-92f0-4dc2-99fe-a3f051c5730a is started using port 44697
2019-10-02 08:04:09,241 [Datanode State Machine Thread - 0] INFO  server.XceiverServerGrpc (XceiverServerGrpc.java:start(149)) - XceiverServerGrpc 6c71132d-f7e4-4b14-8e85-142ea7240f76 is started using port 41791
2019-10-02 08:04:09,256 [Datanode State Machine Thread - 0] INFO  ozoneimpl.OzoneContainer (OzoneContainer.java:start(217)) - Attempting to start container services.
2019-10-02 08:04:09,256 [Datanode State Machine Thread - 0] INFO  ozoneimpl.OzoneContainer (OzoneContainer.java:startContainerScrub(179)) - Background container scanner has been disabled.
2019-10-02 08:04:09,257 [Datanode State Machine Thread - 0] INFO  ratis.XceiverServerRatis (XceiverServerRatis.java:start(417)) - Starting XceiverServerRatis fff23513-4ce2-4e58-8e40-e0b60fc7a2a1 at port 0
2019-10-02 08:04:09,265 [Datanode State Machine Thread - 0] INFO  impl.RaftServerProxy (RaftServerProxy.java:lambda$start$3(299)) - fff23513-4ce2-4e58-8e40-e0b60fc7a2a1: start RPC server
2019-10-02 08:04:09,268 [Datanode State Machine Thread - 0] INFO  server.GrpcService (GrpcService.java:startImpl(158)) - fff23513-4ce2-4e58-8e40-e0b60fc7a2a1: GrpcService started, listening on 0.0.0.0/0.0.0.0:35230
2019-10-02 08:04:09,268 [Datanode State Machine Thread - 0] INFO  ratis.XceiverServerRatis (XceiverServerRatis.java:start(427)) - XceiverServerRatis fff23513-4ce2-4e58-8e40-e0b60fc7a2a1 is started using port 35230
2019-10-02 08:04:09,271 [Datanode State Machine Thread - 0] INFO  server.XceiverServerGrpc (XceiverServerGrpc.java:start(149)) - XceiverServerGrpc fff23513-4ce2-4e58-8e40-e0b60fc7a2a1 is started using port 44968
2019-10-02 08:04:09,315 [Datanode State Machine Thread - 0] INFO  ozoneimpl.OzoneContainer (OzoneContainer.java:start(217)) - Attempting to start container services.
2019-10-02 08:04:09,315 [Datanode State Machine Thread - 0] INFO  ozoneimpl.OzoneContainer (OzoneContainer.java:startContainerScrub(179)) - Background container scanner has been disabled.
2019-10-02 08:04:09,316 [Datanode State Machine Thread - 0] INFO  ratis.XceiverServerRatis (XceiverServerRatis.java:start(417)) - Starting XceiverServerRatis 40532b6a-e871-45c3-a53d-9bc2cd016ce2 at port 0
2019-10-02 08:04:09,323 [Datanode State Machine Thread - 0] INFO  impl.RaftServerProxy (RaftServerProxy.java:lambda$start$3(299)) - 40532b6a-e871-45c3-a53d-9bc2cd016ce2: start RPC server
2019-10-02 08:04:09,326 [Datanode State Machine Thread - 0] INFO  server.GrpcService (GrpcService.java:startImpl(158)) - 40532b6a-e871-45c3-a53d-9bc2cd016ce2: GrpcService started, listening on 0.0.0.0/0.0.0.0:34972
2019-10-02 08:04:09,327 [Datanode State Machine Thread - 0] INFO  ratis.XceiverServerRatis (XceiverServerRatis.java:start(427)) - XceiverServerRatis 40532b6a-e871-45c3-a53d-9bc2cd016ce2 is started using port 34972
2019-10-02 08:04:09,329 [Datanode State Machine Thread - 0] INFO  server.XceiverServerGrpc (XceiverServerGrpc.java:start(149)) - XceiverServerGrpc 40532b6a-e871-45c3-a53d-9bc2cd016ce2 is started using port 46785
2019-10-02 08:04:09,360 [main] INFO  ozone.MiniOzoneClusterImpl (MiniOzoneClusterImpl.java:lambda$waitForClusterToBeReady$0(147)) - Waiting for cluster to be ready. Got 0 of 7 DN Heartbeats.
2019-10-02 08:04:09,388 [Datanode State Machine Thread - 0] INFO  ozoneimpl.OzoneContainer (OzoneContainer.java:start(217)) - Attempting to start container services.
2019-10-02 08:04:09,389 [Datanode State Machine Thread - 0] INFO  ozoneimpl.OzoneContainer (OzoneContainer.java:startContainerScrub(179)) - Background container scanner has been disabled.
2019-10-02 08:04:09,389 [Datanode State Machine Thread - 0] INFO  ratis.XceiverServerRatis (XceiverServerRatis.java:start(417)) - Starting XceiverServerRatis 658c1d16-eec9-4714-8164-e8088513da31 at port 0
2019-10-02 08:04:09,396 [Datanode State Machine Thread - 0] INFO  impl.RaftServerProxy (RaftServerProxy.java:lambda$start$3(299)) - 658c1d16-eec9-4714-8164-e8088513da31: start RPC server
2019-10-02 08:04:09,400 [Datanode State Machine Thread - 0] INFO  server.GrpcService (GrpcService.java:startImpl(158)) - 658c1d16-eec9-4714-8164-e8088513da31: GrpcService started, listening on 0.0.0.0/0.0.0.0:44377
2019-10-02 08:04:09,400 [Datanode State Machine Thread - 0] INFO  ratis.XceiverServerRatis (XceiverServerRatis.java:start(427)) - XceiverServerRatis 658c1d16-eec9-4714-8164-e8088513da31 is started using port 44377
2019-10-02 08:04:09,403 [Datanode State Machine Thread - 0] INFO  server.XceiverServerGrpc (XceiverServerGrpc.java:start(149)) - XceiverServerGrpc 658c1d16-eec9-4714-8164-e8088513da31 is started using port 39027
2019-10-02 08:04:10,360 [main] INFO  ozone.MiniOzoneClusterImpl (MiniOzoneClusterImpl.java:lambda$waitForClusterToBeReady$0(147)) - Waiting for cluster to be ready. Got 0 of 7 DN Heartbeats.
2019-10-02 08:04:10,985 [IPC Server handler 0 on 34190] INFO  net.NetworkTopology (NetworkTopologyImpl.java:add(111)) - Added a new node: /default-rack/6c71132d-f7e4-4b14-8e85-142ea7240f76
2019-10-02 08:04:10,986 [IPC Server handler 0 on 34190] INFO  node.SCMNodeManager (SCMNodeManager.java:register(266)) - Registered Data node : 6c71132d-f7e4-4b14-8e85-142ea7240f76{ip: 192.168.151.92, host: pr-trunk-gg4kw-413187789, networkLocation: /default-rack, certSerialId: null}
2019-10-02 08:04:10,992 [EventQueue-NodeRegistrationContainerReportForDataNodeSafeModeRule] INFO  safemode.SCMSafeModeManager (DataNodeSafeModeRule.java:process(71)) - SCM in safe mode. 1 DataNodes registered, 1 required.
2019-10-02 08:04:10,993 [EventQueue-NodeRegistrationContainerReportForDataNodeSafeModeRule] INFO  safemode.SCMSafeModeManager (SCMSafeModeManager.java:validateSafeModeExitRules(177)) - ScmSafeModeManager, all rules are successfully validated
2019-10-02 08:04:10,993 [EventQueue-NodeRegistrationContainerReportForDataNodeSafeModeRule] INFO  safemode.SCMSafeModeManager (SCMSafeModeManager.java:exitSafeMode(193)) - SCM exiting safe mode.
2019-10-02 08:04:11,026 [IPC Server handler 4 on 34190] INFO  net.NetworkTopology (NetworkTopologyImpl.java:add(111)) - Added a new node: /default-rack/49f66f9f-31d7-4b02-b438-ea1444250cb1
2019-10-02 08:04:11,026 [IPC Server handler 4 on 34190] INFO  node.SCMNodeManager (SCMNodeManager.java:register(266)) - Registered Data node : 49f66f9f-31d7-4b02-b438-ea1444250cb1{ip: 192.168.151.92, host: pr-trunk-gg4kw-413187789, networkLocation: /default-rack, certSerialId: null}
2019-10-02 08:04:11,102 [IPC Server handler 3 on 34190] INFO  net.NetworkTopology (NetworkTopologyImpl.java:add(111)) - Added a new node: /default-rack/a264a072-92f0-4dc2-99fe-a3f051c5730a
2019-10-02 08:04:11,102 [IPC Server handler 3 on 34190] INFO  node.SCMNodeManager (SCMNodeManager.java:register(266)) - Registered Data node : a264a072-92f0-4dc2-99fe-a3f051c5730a{ip: 192.168.151.92, host: pr-trunk-gg4kw-413187789, networkLocation: /default-rack, certSerialId: null}
2019-10-02 08:04:11,168 [IPC Server handler 2 on 34190] INFO  net.NetworkTopology (NetworkTopologyImpl.java:add(111)) - Added a new node: /default-rack/d4e6752e-53f4-46a5-a0f4-35bce0735517
2019-10-02 08:04:11,169 [IPC Server handler 2 on 34190] INFO  node.SCMNodeManager (SCMNodeManager.java:register(266)) - Registered Data node : d4e6752e-53f4-46a5-a0f4-35bce0735517{ip: 192.168.151.92, host: pr-trunk-gg4kw-413187789, networkLocation: /default-rack, certSerialId: null}
2019-10-02 08:04:11,238 [IPC Server handler 5 on 34190] INFO  net.NetworkTopology (NetworkTopologyImpl.java:add(111)) - Added a new node: /default-rack/fff23513-4ce2-4e58-8e40-e0b60fc7a2a1
2019-10-02 08:04:11,238 [IPC Server handler 5 on 34190] INFO  node.SCMNodeManager (SCMNodeManager.java:register(266)) - Registered Data node : fff23513-4ce2-4e58-8e40-e0b60fc7a2a1{ip: 192.168.151.92, host: pr-trunk-gg4kw-413187789, networkLocation: /default-rack, certSerialId: null}
2019-10-02 08:04:11,302 [IPC Server handler 7 on 34190] INFO  net.NetworkTopology (NetworkTopologyImpl.java:add(111)) - Added a new node: /default-rack/40532b6a-e871-45c3-a53d-9bc2cd016ce2
2019-10-02 08:04:11,302 [IPC Server handler 7 on 34190] INFO  node.SCMNodeManager (SCMNodeManager.java:register(266)) - Registered Data node : 40532b6a-e871-45c3-a53d-9bc2cd016ce2{ip: 192.168.151.92, host: pr-trunk-gg4kw-413187789, networkLocation: /default-rack, certSerialId: null}
2019-10-02 08:04:11,362 [main] INFO  ozone.MiniOzoneClusterImpl (MiniOzoneClusterImpl.java:lambda$waitForClusterToBeReady$0(147)) - Waiting for cluster to be ready. Got 6 of 7 DN Heartbeats.
2019-10-02 08:04:11,365 [IPC Server handler 8 on 34190] INFO  net.NetworkTopology (NetworkTopologyImpl.java:add(111)) - Added a new node: /default-rack/658c1d16-eec9-4714-8164-e8088513da31
2019-10-02 08:04:11,366 [IPC Server handler 8 on 34190] INFO  node.SCMNodeManager (SCMNodeManager.java:register(266)) - Registered Data node : 658c1d16-eec9-4714-8164-e8088513da31{ip: 192.168.151.92, host: pr-trunk-gg4kw-413187789, networkLocation: /default-rack, certSerialId: null}
2019-10-02 08:04:11,597 [grpc-default-executor-0] INFO  impl.RaftServerProxy (RaftServerProxy.java:addNew(89)) - 6c71132d-f7e4-4b14-8e85-142ea7240f76: addNew group-6F4406923C56:[6c71132d-f7e4-4b14-8e85-142ea7240f76:192.168.151.92:42779] returns group-6F4406923C56:java.util.concurrent.CompletableFuture@66c7ca80[Not completed]
2019-10-02 08:04:11,611 [pool-27-thread-1] INFO  impl.RaftServerImpl (RaftServerImpl.java:<init>(95)) - 6c71132d-f7e4-4b14-8e85-142ea7240f76: new RaftServerImpl for group-6F4406923C56:[6c71132d-f7e4-4b14-8e85-142ea7240f76:192.168.151.92:42779] with ContainerStateMachine:uninitialized
2019-10-02 08:04:11,613 [pool-27-thread-1] INFO  server.RaftServerConfigKeys (ConfUtils.java:logGet(43)) - raft.server.rpc.timeout.min = 5s (custom)
2019-10-02 08:04:11,615 [pool-27-thread-1] INFO  server.RaftServerConfigKeys (ConfUtils.java:logGet(43)) - raft.server.rpc.timeout.max = 5200ms (custom)
2019-10-02 08:04:11,615 [pool-27-thread-1] INFO  server.RaftServerConfigKeys (ConfUtils.java:logGet(43)) - raft.server.rpcslowness.timeout = 120s (custom)
2019-10-02 08:04:11,616 [pool-27-thread-1] INFO  server.RaftServerConfigKeys (ConfUtils.java:logGet(43)) - raft.server.sleep.deviation.threshold = 300 (default)
2019-10-02 08:04:11,616 [pool-27-thread-1] INFO  server.RaftServerConfigKeys (ConfUtils.java:logGet(43)) - raft.server.log.appender.install.snapshot.enabled = false (custom)
2019-10-02 08:04:11,624 [pool-27-thread-1] INFO  impl.RaftServerImpl (ServerState.java:<init>(103)) - 6c71132d-f7e4-4b14-8e85-142ea7240f76@group-6F4406923C56: ConfigurationManager, init=-1: [6c71132d-f7e4-4b14-8e85-142ea7240f76:192.168.151.92:42779], old=null, confs=<EMPTY_MAP>
2019-10-02 08:04:11,624 [pool-27-thread-1] INFO  server.RaftServerConfigKeys (ConfUtils.java:logGet(43)) - raft.server.storage.dir = [/workdir/hadoop-ozone/integration-test/target/test-dir/MiniOzoneClusterImpl-a80d392e-7f7b-4221-8c82-ca41e3af8537/datanode-0/data/ratis] (custom)
2019-10-02 08:04:11,630 [pool-27-thread-1] INFO  server.RaftServerConfigKeys (ConfUtils.java:logGet(43)) - raft.server.log.corruption.policy = EXCEPTION (default)
2019-10-02 08:04:11,632 [pool-27-thread-1] INFO  storage.RaftStorageDirectory (RaftStorageDirectory.java:analyzeStorage(246)) - The storage directory /workdir/hadoop-ozone/integration-test/target/test-dir/MiniOzoneClusterImpl-a80d392e-7f7b-4221-8c82-ca41e3af8537/datanode-0/data/ratis/5f5864d1-0698-4347-a57b-6f4406923c56 does not exist. Creating ...
2019-10-02 08:04:11,649 [pool-27-thread-1] INFO  storage.RaftStorageDirectory (RaftStorageDirectory.java:tryLock(328)) - Lock on /workdir/hadoop-ozone/integration-test/target/test-dir/MiniOzoneClusterImpl-a80d392e-7f7b-4221-8c82-ca41e3af8537/datanode-0/data/ratis/5f5864d1-0698-4347-a57b-6f4406923c56/in_use.lock acquired by nodename 28887@pr-trunk-gg4kw-413187789
2019-10-02 08:04:11,664 [pool-27-thread-1] INFO  storage.RaftStorage (RaftStorage.java:format(84)) - Storage directory /workdir/hadoop-ozone/integration-test/target/test-dir/MiniOzoneClusterImpl-a80d392e-7f7b-4221-8c82-ca41e3af8537/datanode-0/data/ratis/5f5864d1-0698-4347-a57b-6f4406923c56 has been successfully formatted.
2019-10-02 08:04:11,667 [pool-27-thread-1] INFO  ratis.ContainerStateMachine (ContainerStateMachine.java:loadSnapshot(231)) - group-6F4406923C56: The snapshot info is null. Setting the last applied indexto:(t:0, i:~)
2019-10-02 08:04:11,668 [pool-27-thread-1] INFO  server.RaftServerConfigKeys (ConfUtils.java:logGet(43)) - raft.server.notification.no-leader.timeout = 120s (custom)
2019-10-02 08:04:11,670 [pool-27-thread-1] INFO  server.RaftServerConfigKeys (ConfUtils.java:logGet(43)) - raft.server.log.use.memory = false (default)
2019-10-02 08:04:11,675 [pool-27-thread-1] INFO  server.RaftServerConfigKeys (ConfUtils.java:logGet(43)) - raft.server.log.purge.gap = 1000000 (custom)
2019-10-02 08:04:11,675 [pool-27-thread-1] INFO  server.RaftServerConfigKeys (ConfUtils.java:logGet(43)) - raft.server.log.appender.buffer.byte-limit = 33554432 (custom)
2019-10-02 08:04:11,677 [pool-27-thread-1] INFO  server.RaftServerConfigKeys (ConfUtils.java:logGet(43)) - raft.server.log.segment.size.max = 1048576 (custom)
2019-10-02 08:04:11,679 [pool-27-thread-1] INFO  impl.MetricsSystemImpl (MetricsSystemImpl.java:init(158)) - ratis metrics system started (again)
2019-10-02 08:04:11,683 [pool-27-thread-1] INFO  metrics.MetricRegistries (MetricRegistriesLoader.java:load(64)) - Loaded MetricRegistries class org.apache.ratis.metrics.impl.MetricRegistriesImpl
2019-10-02 08:04:11,732 [pool-27-thread-1] INFO  server.RaftServerConfigKeys (ConfUtils.java:logGet(43)) - raft.server.log.segment.cache.num.max = 2 (custom)
2019-10-02 08:04:11,739 [pool-27-thread-1] INFO  segmented.SegmentedRaftLogWorker (SegmentedRaftLogWorker.java:<init>(173)) - new 6c71132d-f7e4-4b14-8e85-142ea7240f76@group-6F4406923C56-SegmentedRaftLogWorker for RaftStorage:Storage Directory /workdir/hadoop-ozone/integration-test/target/test-dir/MiniOzoneClusterImpl-a80d392e-7f7b-4221-8c82-ca41e3af8537/datanode-0/data/ratis/5f5864d1-0698-4347-a57b-6f4406923c56
2019-10-02 08:04:11,740 [pool-27-thread-1] INFO  server.RaftServerConfigKeys (ConfUtils.java:logGet(43)) - raft.server.log.queue.byte-limit = 2147483647 (custom)
2019-10-02 08:04:11,741 [pool-27-thread-1] INFO  server.RaftServerConfigKeys (ConfUtils.java:logGet(43)) - raft.server.log.queue.element-limit = 1024 (custom)
2019-10-02 08:04:11,742 [pool-27-thread-1] INFO  server.RaftServerConfigKeys (ConfUtils.java:logGet(43)) - raft.server.log.segment.size.max = 1048576 (custom)
2019-10-02 08:04:11,743 [pool-27-thread-1] INFO  server.RaftServerConfigKeys (ConfUtils.java:logGet(43)) - raft.server.log.preallocated.size = 16384 (custom)
2019-10-02 08:04:11,743 [pool-27-thread-1] INFO  server.RaftServerConfigKeys (ConfUtils.java:logGet(43)) - raft.server.log.write.buffer.size = 33554432 (custom)
2019-10-02 08:04:11,744 [pool-27-thread-1] INFO  server.RaftServerConfigKeys (ConfUtils.java:logGet(43)) - raft.server.log.force.sync.num = 128 (default)
2019-10-02 08:04:11,745 [pool-27-thread-1] INFO  server.RaftServerConfigKeys (ConfUtils.java:logGet(43)) - raft.server.log.statemachine.data.sync = true (default)
2019-10-02 08:04:11,745 [pool-27-thread-1] INFO  server.RaftServerConfigKeys (ConfUtils.java:logGet(43)) - raft.server.log.statemachine.data.sync.timeout = 10s (default)
2019-10-02 08:04:11,746 [pool-27-thread-1] INFO  server.RaftServerConfigKeys (ConfUtils.java:logGet(43)) - raft.server.log.statemachine.data.sync.timeout.retry = -1 (default)
2019-10-02 08:04:11,758 [pool-27-thread-1] INFO  server.RaftServerConfigKeys (ConfUtils.java:logGet(43)) - raft.server.log.statemachine.data.caching.enabled = true (custom)
2019-10-02 08:04:11,763 [pool-27-thread-1] INFO  segmented.SegmentedRaftLogWorker (SegmentedRaftLogWorker.java:lambda$new$0(128)) - 6c71132d-f7e4-4b14-8e85-142ea7240f76@group-6F4406923C56-SegmentedRaftLogWorker: flushIndex: setUnconditionally 0 -> -1
2019-10-02 08:04:11,767 [pool-27-thread-1] INFO  server.RaftServerConfigKeys (ConfUtils.java:logGet(43)) - raft.server.snapshot.auto.trigger.enabled = true (custom)
2019-10-02 08:04:11,768 [pool-27-thread-1] INFO  server.RaftServerConfigKeys (ConfUtils.java:logGet(43)) - raft.server.snapshot.auto.trigger.threshold = 10000 (custom)
2019-10-02 08:04:11,768 [pool-27-thread-1] INFO  server.RaftServerConfigKeys (ConfUtils.java:logGet(43)) - raft.server.snapshot.retention.file.num = 5 (custom)
2019-10-02 08:04:11,769 [pool-27-thread-1] INFO  server.RaftServerConfigKeys (ConfUtils.java:logGet(43)) - raft.server.retrycache.expirytime = 600000ms (custom)
2019-10-02 08:04:11,795 [pool-27-thread-1] INFO  impl.RaftServerImpl (RaftServerImpl.java:start(181)) - 6c71132d-f7e4-4b14-8e85-142ea7240f76@group-6F4406923C56: start as a follower, conf=-1: [6c71132d-f7e4-4b14-8e85-142ea7240f76:192.168.151.92:42779], old=null
2019-10-02 08:04:11,796 [pool-27-thread-1] INFO  impl.RaftServerImpl (RaftServerImpl.java:setRole(170)) - 6c71132d-f7e4-4b14-8e85-142ea7240f76@group-6F4406923C56: changes role from      null to FOLLOWER at term 0 for startAsFollower
2019-10-02 08:04:11,797 [pool-27-thread-1] INFO  impl.RoleInfo (RoleInfo.java:updateAndGet(143)) - 6c71132d-f7e4-4b14-8e85-142ea7240f76: start FollowerState
2019-10-02 08:04:11,799 [pool-27-thread-1] INFO  util.JmxRegister (JmxRegister.java:tryRegister(44)) - Successfully registered JMX Bean with object name Ratis:service=RaftServer,group=group-6F4406923C56,id=6c71132d-f7e4-4b14-8e85-142ea7240f76
2019-10-02 08:04:11,875 [RatisPipelineUtilsThread] INFO  pipeline.PipelineStateManager (PipelineStateManager.java:addPipeline(56)) - Created pipeline Pipeline[ Id: 5f5864d1-0698-4347-a57b-6f4406923c56, Nodes: 6c71132d-f7e4-4b14-8e85-142ea7240f76{ip: 192.168.151.92, host: pr-trunk-gg4kw-413187789, networkLocation: /default-rack, certSerialId: null}, Type:RATIS, Factor:ONE, State:OPEN]
2019-10-02 08:04:11,904 [grpc-default-executor-0] INFO  impl.RaftServerProxy (RaftServerProxy.java:addNew(89)) - 49f66f9f-31d7-4b02-b438-ea1444250cb1: addNew group-35064C6A626B:[49f66f9f-31d7-4b02-b438-ea1444250cb1:192.168.151.92:39309] returns group-35064C6A626B:java.util.concurrent.CompletableFuture@1aedb452[Not completed]
2019-10-02 08:04:11,954 [pool-37-thread-1] INFO  impl.RaftServerImpl (RaftServerImpl.java:<init>(95)) - 49f66f9f-31d7-4b02-b438-ea1444250cb1: new RaftServerImpl for group-35064C6A626B:[49f66f9f-31d7-4b02-b438-ea1444250cb1:192.168.151.92:39309] with ContainerStateMachine:uninitialized
2019-10-02 08:04:11,956 [pool-37-thread-1] INFO  server.RaftServerConfigKeys (ConfUtils.java:logGet(43)) - raft.server.rpc.timeout.min = 5s (custom)
2019-10-02 08:04:11,956 [pool-37-thread-1] INFO  server.RaftServerConfigKeys (ConfUtils.java:logGet(43)) - raft.server.rpc.timeout.max = 5200ms (custom)
2019-10-02 08:04:11,956 [pool-37-thread-1] INFO  server.RaftServerConfigKeys (ConfUtils.java:logGet(43)) - raft.server.rpcslowness.timeout = 120s (custom)
2019-10-02 08:04:11,956 [pool-37-thread-1] INFO  server.RaftServerConfigKeys (ConfUtils.java:logGet(43)) - raft.server.sleep.deviation.threshold = 300 (default)
2019-10-02 08:04:11,956 [pool-37-thread-1] INFO  server.RaftServerConfigKeys (ConfUtils.java:logGet(43)) - raft.server.log.appender.install.snapshot.enabled = false (custom)
2019-10-02 08:04:11,957 [pool-37-thread-1] INFO  impl.RaftServerImpl (ServerState.java:<init>(103)) - 49f66f9f-31d7-4b02-b438-ea1444250cb1@group-35064C6A626B: ConfigurationManager, init=-1: [49f66f9f-31d7-4b02-b438-ea1444250cb1:192.168.151.92:39309], old=null, confs=<EMPTY_MAP>
2019-10-02 08:04:11,957 [pool-37-thread-1] INFO  server.RaftServerConfigKeys (ConfUtils.java:logGet(43)) - raft.server.storage.dir = [/workdir/hadoop-ozone/integration-test/target/test-dir/MiniOzoneClusterImpl-a80d392e-7f7b-4221-8c82-ca41e3af8537/datanode-1/data/ratis] (custom)
2019-10-02 08:04:11,957 [pool-37-thread-1] INFO  server.RaftServerConfigKeys (ConfUtils.java:logGet(43)) - raft.server.log.corruption.policy = EXCEPTION (default)
2019-10-02 08:04:11,958 [pool-37-thread-1] INFO  storage.RaftStorageDirectory (RaftStorageDirectory.java:analyzeStorage(246)) - The storage directory /workdir/hadoop-ozone/integration-test/target/test-dir/MiniOzoneClusterImpl-a80d392e-7f7b-4221-8c82-ca41e3af8537/datanode-1/data/ratis/cbd8d09d-c1c2-4bf0-ab4c-35064c6a626b does not exist. Creating ...
2019-10-02 08:04:11,976 [pool-37-thread-1] INFO  storage.RaftStorageDirectory (RaftStorageDirectory.java:tryLock(328)) - Lock on /workdir/hadoop-ozone/integration-test/target/test-dir/MiniOzoneClusterImpl-a80d392e-7f7b-4221-8c82-ca41e3af8537/datanode-1/data/ratis/cbd8d09d-c1c2-4bf0-ab4c-35064c6a626b/in_use.lock acquired by nodename 28887@pr-trunk-gg4kw-413187789
2019-10-02 08:04:11,990 [pool-37-thread-1] INFO  storage.RaftStorage (RaftStorage.java:format(84)) - Storage directory /workdir/hadoop-ozone/integration-test/target/test-dir/MiniOzoneClusterImpl-a80d392e-7f7b-4221-8c82-ca41e3af8537/datanode-1/data/ratis/cbd8d09d-c1c2-4bf0-ab4c-35064c6a626b has been successfully formatted.
2019-10-02 08:04:11,993 [pool-37-thread-1] INFO  ratis.ContainerStateMachine (ContainerStateMachine.java:loadSnapshot(231)) - group-35064C6A626B: The snapshot info is null. Setting the last applied indexto:(t:0, i:~)
2019-10-02 08:04:11,995 [pool-37-thread-1] INFO  server.RaftServerConfigKeys (ConfUtils.java:logGet(43)) - raft.server.notification.no-leader.timeout = 120s (custom)
2019-10-02 08:04:11,996 [pool-37-thread-1] INFO  server.RaftServerConfigKeys (ConfUtils.java:logGet(43)) - raft.server.log.use.memory = false (default)
2019-10-02 08:04:11,996 [pool-37-thread-1] INFO  server.RaftServerConfigKeys (ConfUtils.java:logGet(43)) - raft.server.log.purge.gap = 1000000 (custom)
2019-10-02 08:04:11,996 [pool-37-thread-1] INFO  server.RaftServerConfigKeys (ConfUtils.java:logGet(43)) - raft.server.log.appender.buffer.byte-limit = 33554432 (custom)
2019-10-02 08:04:11,996 [pool-37-thread-1] INFO  server.RaftServerConfigKeys (ConfUtils.java:logGet(43)) - raft.server.log.segment.size.max = 1048576 (custom)
2019-10-02 08:04:12,003 [pool-37-thread-1] INFO  server.RaftServerConfigKeys (ConfUtils.java:logGet(43)) - raft.server.log.segment.cache.num.max = 2 (custom)
2019-10-02 08:04:12,003 [pool-37-thread-1] INFO  segmented.SegmentedRaftLogWorker (SegmentedRaftLogWorker.java:<init>(173)) - new 49f66f9f-31d7-4b02-b438-ea1444250cb1@group-35064C6A626B-SegmentedRaftLogWorker for RaftStorage:Storage Directory /workdir/hadoop-ozone/integration-test/target/test-dir/MiniOzoneClusterImpl-a80d392e-7f7b-4221-8c82-ca41e3af8537/datanode-1/data/ratis/cbd8d09d-c1c2-4bf0-ab4c-35064c6a626b
2019-10-02 08:04:12,005 [pool-37-thread-1] INFO  server.RaftServerConfigKeys (ConfUtils.java:logGet(43)) - raft.server.log.queue.byte-limit = 2147483647 (custom)
2019-10-02 08:04:12,005 [pool-37-thread-1] INFO  server.RaftServerConfigKeys (ConfUtils.java:logGet(43)) - raft.server.log.queue.element-limit = 1024 (custom)
2019-10-02 08:04:12,005 [pool-37-thread-1] INFO  server.RaftServerConfigKeys (ConfUtils.java:logGet(43)) - raft.server.log.segment.size.max = 1048576 (custom)
2019-10-02 08:04:12,005 [pool-37-thread-1] INFO  server.RaftServerConfigKeys (ConfUtils.java:logGet(43)) - raft.server.log.preallocated.size = 16384 (custom)
2019-10-02 08:04:12,005 [pool-37-thread-1] INFO  server.RaftServerConfigKeys (ConfUtils.java:logGet(43)) - raft.server.log.write.buffer.size = 33554432 (custom)
2019-10-02 08:04:12,006 [pool-37-thread-1] INFO  server.RaftServerConfigKeys (ConfUtils.java:logGet(43)) - raft.server.log.force.sync.num = 128 (default)
2019-10-02 08:04:12,006 [pool-37-thread-1] INFO  server.RaftServerConfigKeys (ConfUtils.java:logGet(43)) - raft.server.log.statemachine.data.sync = true (default)
2019-10-02 08:04:12,006 [pool-37-thread-1] INFO  server.RaftServerConfigKeys (ConfUtils.java:logGet(43)) - raft.server.log.statemachine.data.sync.timeout = 10s (default)
2019-10-02 08:04:12,006 [pool-37-thread-1] INFO  server.RaftServerConfigKeys (ConfUtils.java:logGet(43)) - raft.server.log.statemachine.data.sync.timeout.retry = -1 (default)
2019-10-02 08:04:12,007 [pool-37-thread-1] INFO  server.RaftServerConfigKeys (ConfUtils.java:logGet(43)) - raft.server.log.statemachine.data.caching.enabled = true (custom)
2019-10-02 08:04:12,008 [pool-37-thread-1] INFO  segmented.SegmentedRaftLogWorker (SegmentedRaftLogWorker.java:lambda$new$0(128)) - 49f66f9f-31d7-4b02-b438-ea1444250cb1@group-35064C6A626B-SegmentedRaftLogWorker: flushIndex: setUnconditionally 0 -> -1
2019-10-02 08:04:12,008 [pool-37-thread-1] INFO  server.RaftServerConfigKeys (ConfUtils.java:logGet(43)) - raft.server.snapshot.auto.trigger.enabled = true (custom)
2019-10-02 08:04:12,008 [pool-37-thread-1] INFO  server.RaftServerConfigKeys (ConfUtils.java:logGet(43)) - raft.server.snapshot.auto.trigger.threshold = 10000 (custom)
2019-10-02 08:04:12,008 [pool-37-thread-1] INFO  server.RaftServerConfigKeys (ConfUtils.java:logGet(43)) - raft.server.snapshot.retention.file.num = 5 (custom)
2019-10-02 08:04:12,008 [pool-37-thread-1] INFO  server.RaftServerConfigKeys (ConfUtils.java:logGet(43)) - raft.server.retrycache.expirytime = 600000ms (custom)
2019-10-02 08:04:12,014 [pool-37-thread-1] INFO  impl.RaftServerImpl (RaftServerImpl.java:start(181)) - 49f66f9f-31d7-4b02-b438-ea1444250cb1@group-35064C6A626B: start as a follower, conf=-1: [49f66f9f-31d7-4b02-b438-ea1444250cb1:192.168.151.92:39309], old=null
2019-10-02 08:04:12,014 [pool-37-thread-1] INFO  impl.RaftServerImpl (RaftServerImpl.java:setRole(170)) - 49f66f9f-31d7-4b02-b438-ea1444250cb1@group-35064C6A626B: changes role from      null to FOLLOWER at term 0 for startAsFollower
2019-10-02 08:04:12,014 [pool-37-thread-1] INFO  impl.RoleInfo (RoleInfo.java:updateAndGet(143)) - 49f66f9f-31d7-4b02-b438-ea1444250cb1: start FollowerState
2019-10-02 08:04:12,016 [pool-37-thread-1] INFO  util.JmxRegister (JmxRegister.java:tryRegister(44)) - Successfully registered JMX Bean with object name Ratis:service=RaftServer,group=group-35064C6A626B,id=49f66f9f-31d7-4b02-b438-ea1444250cb1
2019-10-02 08:04:12,034 [RatisPipelineUtilsThread] INFO  pipeline.PipelineStateManager (PipelineStateManager.java:addPipeline(56)) - Created pipeline Pipeline[ Id: cbd8d09d-c1c2-4bf0-ab4c-35064c6a626b, Nodes: 49f66f9f-31d7-4b02-b438-ea1444250cb1{ip: 192.168.151.92, host: pr-trunk-gg4kw-413187789, networkLocation: /default-rack, certSerialId: null}, Type:RATIS, Factor:ONE, State:OPEN]
2019-10-02 08:04:12,055 [grpc-default-executor-0] INFO  impl.RaftServerProxy (RaftServerProxy.java:addNew(89)) - a264a072-92f0-4dc2-99fe-a3f051c5730a: addNew group-F7E2A2DCAFEF:[a264a072-92f0-4dc2-99fe-a3f051c5730a:192.168.151.92:38422] returns group-F7E2A2DCAFEF:java.util.concurrent.CompletableFuture@eb98729[Not completed]
2019-10-02 08:04:12,080 [pool-47-thread-1] INFO  impl.RaftServerImpl (RaftServerImpl.java:<init>(95)) - a264a072-92f0-4dc2-99fe-a3f051c5730a: new RaftServerImpl for group-F7E2A2DCAFEF:[a264a072-92f0-4dc2-99fe-a3f051c5730a:192.168.151.92:38422] with ContainerStateMachine:uninitialized
2019-10-02 08:04:12,080 [pool-47-thread-1] INFO  server.RaftServerConfigKeys (ConfUtils.java:logGet(43)) - raft.server.rpc.timeout.min = 5s (custom)
2019-10-02 08:04:12,080 [pool-47-thread-1] INFO  server.RaftServerConfigKeys (ConfUtils.java:logGet(43)) - raft.server.rpc.timeout.max = 5200ms (custom)
2019-10-02 08:04:12,080 [pool-47-thread-1] INFO  server.RaftServerConfigKeys (ConfUtils.java:logGet(43)) - raft.server.rpcslowness.timeout = 120s (custom)
2019-10-02 08:04:12,080 [pool-47-thread-1] INFO  server.RaftServerConfigKeys (ConfUtils.java:logGet(43)) - raft.server.sleep.deviation.threshold = 300 (default)
2019-10-02 08:04:12,081 [pool-47-thread-1] INFO  server.RaftServerConfigKeys (ConfUtils.java:logGet(43)) - raft.server.log.appender.install.snapshot.enabled = false (custom)
2019-10-02 08:04:12,081 [pool-47-thread-1] INFO  impl.RaftServerImpl (ServerState.java:<init>(103)) - a264a072-92f0-4dc2-99fe-a3f051c5730a@group-F7E2A2DCAFEF: ConfigurationManager, init=-1: [a264a072-92f0-4dc2-99fe-a3f051c5730a:192.168.151.92:38422], old=null, confs=<EMPTY_MAP>
2019-10-02 08:04:12,081 [pool-47-thread-1] INFO  server.RaftServerConfigKeys (ConfUtils.java:logGet(43)) - raft.server.storage.dir = [/workdir/hadoop-ozone/integration-test/target/test-dir/MiniOzoneClusterImpl-a80d392e-7f7b-4221-8c82-ca41e3af8537/datanode-2/data/ratis] (custom)
2019-10-02 08:04:12,081 [pool-47-thread-1] INFO  server.RaftServerConfigKeys (ConfUtils.java:logGet(43)) - raft.server.log.corruption.policy = EXCEPTION (default)
2019-10-02 08:04:12,082 [pool-47-thread-1] INFO  storage.RaftStorageDirectory (RaftStorageDirectory.java:analyzeStorage(246)) - The storage directory /workdir/hadoop-ozone/integration-test/target/test-dir/MiniOzoneClusterImpl-a80d392e-7f7b-4221-8c82-ca41e3af8537/datanode-2/data/ratis/679b3072-34a0-4e99-829f-f7e2a2dcafef does not exist. Creating ...
2019-10-02 08:04:12,094 [pool-47-thread-1] INFO  storage.RaftStorageDirectory (RaftStorageDirectory.java:tryLock(328)) - Lock on /workdir/hadoop-ozone/integration-test/target/test-dir/MiniOzoneClusterImpl-a80d392e-7f7b-4221-8c82-ca41e3af8537/datanode-2/data/ratis/679b3072-34a0-4e99-829f-f7e2a2dcafef/in_use.lock acquired by nodename 28887@pr-trunk-gg4kw-413187789
2019-10-02 08:04:12,107 [pool-47-thread-1] INFO  storage.RaftStorage (RaftStorage.java:format(84)) - Storage directory /workdir/hadoop-ozone/integration-test/target/test-dir/MiniOzoneClusterImpl-a80d392e-7f7b-4221-8c82-ca41e3af8537/datanode-2/data/ratis/679b3072-34a0-4e99-829f-f7e2a2dcafef has been successfully formatted.
2019-10-02 08:04:12,108 [pool-47-thread-1] INFO  ratis.ContainerStateMachine (ContainerStateMachine.java:loadSnapshot(231)) - group-F7E2A2DCAFEF: The snapshot info is null. Setting the last applied indexto:(t:0, i:~)
2019-10-02 08:04:12,108 [pool-47-thread-1] INFO  server.RaftServerConfigKeys (ConfUtils.java:logGet(43)) - raft.server.notification.no-leader.timeout = 120s (custom)
2019-10-02 08:04:12,108 [pool-47-thread-1] INFO  server.RaftServerConfigKeys (ConfUtils.java:logGet(43)) - raft.server.log.use.memory = false (default)
2019-10-02 08:04:12,109 [pool-47-thread-1] INFO  server.RaftServerConfigKeys (ConfUtils.java:logGet(43)) - raft.server.log.purge.gap = 1000000 (custom)
2019-10-02 08:04:12,109 [pool-47-thread-1] INFO  server.RaftServerConfigKeys (ConfUtils.java:logGet(43)) - raft.server.log.appender.buffer.byte-limit = 33554432 (custom)
2019-10-02 08:04:12,109 [pool-47-thread-1] INFO  server.RaftServerConfigKeys (ConfUtils.java:logGet(43)) - raft.server.log.segment.size.max = 1048576 (custom)
2019-10-02 08:04:12,146 [pool-47-thread-1] INFO  server.RaftServerConfigKeys (ConfUtils.java:logGet(43)) - raft.server.log.segment.cache.num.max = 2 (custom)
2019-10-02 08:04:12,146 [pool-47-thread-1] INFO  segmented.SegmentedRaftLogWorker (SegmentedRaftLogWorker.java:<init>(173)) - new a264a072-92f0-4dc2-99fe-a3f051c5730a@group-F7E2A2DCAFEF-SegmentedRaftLogWorker for RaftStorage:Storage Directory /workdir/hadoop-ozone/integration-test/target/test-dir/MiniOzoneClusterImpl-a80d392e-7f7b-4221-8c82-ca41e3af8537/datanode-2/data/ratis/679b3072-34a0-4e99-829f-f7e2a2dcafef
2019-10-02 08:04:12,146 [pool-47-thread-1] INFO  server.RaftServerConfigKeys (ConfUtils.java:logGet(43)) - raft.server.log.queue.byte-limit = 2147483647 (custom)
2019-10-02 08:04:12,147 [pool-47-thread-1] INFO  server.RaftServerConfigKeys (ConfUtils.java:logGet(43)) - raft.server.log.queue.element-limit = 1024 (custom)
2019-10-02 08:04:12,147 [pool-47-thread-1] INFO  server.RaftServerConfigKeys (ConfUtils.java:logGet(43)) - raft.server.log.segment.size.max = 1048576 (custom)
2019-10-02 08:04:12,147 [pool-47-thread-1] INFO  server.RaftServerConfigKeys (ConfUtils.java:logGet(43)) - raft.server.log.preallocated.size = 16384 (custom)
2019-10-02 08:04:12,147 [pool-47-thread-1] INFO  server.RaftServerConfigKeys (ConfUtils.java:logGet(43)) - raft.server.log.write.buffer.size = 33554432 (custom)
2019-10-02 08:04:12,147 [pool-47-thread-1] INFO  server.RaftServerConfigKeys (ConfUtils.java:logGet(43)) - raft.server.log.force.sync.num = 128 (default)
2019-10-02 08:04:12,147 [pool-47-thread-1] INFO  server.RaftServerConfigKeys (ConfUtils.java:logGet(43)) - raft.server.log.statemachine.data.sync = true (default)
2019-10-02 08:04:12,148 [pool-47-thread-1] INFO  server.RaftServerConfigKeys (ConfUtils.java:logGet(43)) - raft.server.log.statemachine.data.sync.timeout = 10s (default)
2019-10-02 08:04:12,148 [pool-47-thread-1] INFO  server.RaftServerConfigKeys (ConfUtils.java:logGet(43)) - raft.server.log.statemachine.data.sync.timeout.retry = -1 (default)
2019-10-02 08:04:12,149 [pool-47-thread-1] INFO  server.RaftServerConfigKeys (ConfUtils.java:logGet(43)) - raft.server.log.statemachine.data.caching.enabled = true (custom)
2019-10-02 08:04:12,149 [pool-47-thread-1] INFO  segmented.SegmentedRaftLogWorker (SegmentedRaftLogWorker.java:lambda$new$0(128)) - a264a072-92f0-4dc2-99fe-a3f051c5730a@group-F7E2A2DCAFEF-SegmentedRaftLogWorker: flushIndex: setUnconditionally 0 -> -1
2019-10-02 08:04:12,150 [pool-47-thread-1] INFO  server.RaftServerConfigKeys (ConfUtils.java:logGet(43)) - raft.server.snapshot.auto.trigger.enabled = true (custom)
2019-10-02 08:04:12,150 [pool-47-thread-1] INFO  server.RaftServerConfigKeys (ConfUtils.java:logGet(43)) - raft.server.snapshot.auto.trigger.threshold = 10000 (custom)
2019-10-02 08:04:12,150 [pool-47-thread-1] INFO  server.RaftServerConfigKeys (ConfUtils.java:logGet(43)) - raft.server.snapshot.retention.file.num = 5 (custom)
2019-10-02 08:04:12,150 [pool-47-thread-1] INFO  server.RaftServerConfigKeys (ConfUtils.java:logGet(43)) - raft.server.retrycache.expirytime = 600000ms (custom)
2019-10-02 08:04:12,156 [pool-47-thread-1] INFO  impl.RaftServerImpl (RaftServerImpl.java:start(181)) - a264a072-92f0-4dc2-99fe-a3f051c5730a@group-F7E2A2DCAFEF: start as a follower, conf=-1: [a264a072-92f0-4dc2-99fe-a3f051c5730a:192.168.151.92:38422], old=null
2019-10-02 08:04:12,156 [pool-47-thread-1] INFO  impl.RaftServerImpl (RaftServerImpl.java:setRole(170)) - a264a072-92f0-4dc2-99fe-a3f051c5730a@group-F7E2A2DCAFEF: changes role from      null to FOLLOWER at term 0 for startAsFollower
2019-10-02 08:04:12,156 [pool-47-thread-1] INFO  impl.RoleInfo (RoleInfo.java:updateAndGet(143)) - a264a072-92f0-4dc2-99fe-a3f051c5730a: start FollowerState
2019-10-02 08:04:12,157 [pool-47-thread-1] INFO  util.JmxRegister (JmxRegister.java:tryRegister(44)) - Successfully registered JMX Bean with object name Ratis:service=RaftServer,group=group-F7E2A2DCAFEF,id=a264a072-92f0-4dc2-99fe-a3f051c5730a
2019-10-02 08:04:12,183 [RatisPipelineUtilsThread] INFO  pipeline.PipelineStateManager (PipelineStateManager.java:addPipeline(56)) - Created pipeline Pipeline[ Id: 679b3072-34a0-4e99-829f-f7e2a2dcafef, Nodes: a264a072-92f0-4dc2-99fe-a3f051c5730a{ip: 192.168.151.92, host: pr-trunk-gg4kw-413187789, networkLocation: /default-rack, certSerialId: null}, Type:RATIS, Factor:ONE, State:OPEN]
2019-10-02 08:04:12,204 [grpc-default-executor-0] INFO  impl.RaftServerProxy (RaftServerProxy.java:addNew(89)) - d4e6752e-53f4-46a5-a0f4-35bce0735517: addNew group-5D4F7DB22D7B:[d4e6752e-53f4-46a5-a0f4-35bce0735517:192.168.151.92:45748] returns group-5D4F7DB22D7B:java.util.concurrent.CompletableFuture@650b00e5[Not completed]
2019-10-02 08:04:12,208 [pool-57-thread-1] INFO  impl.RaftServerImpl (RaftServerImpl.java:<init>(95)) - d4e6752e-53f4-46a5-a0f4-35bce0735517: new RaftServerImpl for group-5D4F7DB22D7B:[d4e6752e-53f4-46a5-a0f4-35bce0735517:192.168.151.92:45748] with ContainerStateMachine:uninitialized
2019-10-02 08:04:12,208 [pool-57-thread-1] INFO  server.RaftServerConfigKeys (ConfUtils.java:logGet(43)) - raft.server.rpc.timeout.min = 5s (custom)
2019-10-02 08:04:12,208 [pool-57-thread-1] INFO  server.RaftServerConfigKeys (ConfUtils.java:logGet(43)) - raft.server.rpc.timeout.max = 5200ms (custom)
2019-10-02 08:04:12,208 [pool-57-thread-1] INFO  server.RaftServerConfigKeys (ConfUtils.java:logGet(43)) - raft.server.rpcslowness.timeout = 120s (custom)
2019-10-02 08:04:12,209 [pool-57-thread-1] INFO  server.RaftServerConfigKeys (ConfUtils.java:logGet(43)) - raft.server.sleep.deviation.threshold = 300 (default)
2019-10-02 08:04:12,209 [pool-57-thread-1] INFO  server.RaftServerConfigKeys (ConfUtils.java:logGet(43)) - raft.server.log.appender.install.snapshot.enabled = false (custom)
2019-10-02 08:04:12,209 [pool-57-thread-1] INFO  impl.RaftServerImpl (ServerState.java:<init>(103)) - d4e6752e-53f4-46a5-a0f4-35bce0735517@group-5D4F7DB22D7B: ConfigurationManager, init=-1: [d4e6752e-53f4-46a5-a0f4-35bce0735517:192.168.151.92:45748], old=null, confs=<EMPTY_MAP>
2019-10-02 08:04:12,209 [pool-57-thread-1] INFO  server.RaftServerConfigKeys (ConfUtils.java:logGet(43)) - raft.server.storage.dir = [/workdir/hadoop-ozone/integration-test/target/test-dir/MiniOzoneClusterImpl-a80d392e-7f7b-4221-8c82-ca41e3af8537/datanode-3/data/ratis] (custom)
2019-10-02 08:04:12,209 [pool-57-thread-1] INFO  server.RaftServerConfigKeys (ConfUtils.java:logGet(43)) - raft.server.log.corruption.policy = EXCEPTION (default)
2019-10-02 08:04:12,210 [pool-57-thread-1] INFO  storage.RaftStorageDirectory (RaftStorageDirectory.java:analyzeStorage(246)) - The storage directory /workdir/hadoop-ozone/integration-test/target/test-dir/MiniOzoneClusterImpl-a80d392e-7f7b-4221-8c82-ca41e3af8537/datanode-3/data/ratis/d54ae866-9303-4c4f-bc12-5d4f7db22d7b does not exist. Creating ...
2019-10-02 08:04:12,222 [pool-57-thread-1] INFO  storage.RaftStorageDirectory (RaftStorageDirectory.java:tryLock(328)) - Lock on /workdir/hadoop-ozone/integration-test/target/test-dir/MiniOzoneClusterImpl-a80d392e-7f7b-4221-8c82-ca41e3af8537/datanode-3/data/ratis/d54ae866-9303-4c4f-bc12-5d4f7db22d7b/in_use.lock acquired by nodename 28887@pr-trunk-gg4kw-413187789
2019-10-02 08:04:12,234 [pool-57-thread-1] INFO  storage.RaftStorage (RaftStorage.java:format(84)) - Storage directory /workdir/hadoop-ozone/integration-test/target/test-dir/MiniOzoneClusterImpl-a80d392e-7f7b-4221-8c82-ca41e3af8537/datanode-3/data/ratis/d54ae866-9303-4c4f-bc12-5d4f7db22d7b has been successfully formatted.
2019-10-02 08:04:12,235 [pool-57-thread-1] INFO  ratis.ContainerStateMachine (ContainerStateMachine.java:loadSnapshot(231)) - group-5D4F7DB22D7B: The snapshot info is null. Setting the last applied indexto:(t:0, i:~)
2019-10-02 08:04:12,235 [pool-57-thread-1] INFO  server.RaftServerConfigKeys (ConfUtils.java:logGet(43)) - raft.server.notification.no-leader.timeout = 120s (custom)
2019-10-02 08:04:12,235 [pool-57-thread-1] INFO  server.RaftServerConfigKeys (ConfUtils.java:logGet(43)) - raft.server.log.use.memory = false (default)
2019-10-02 08:04:12,235 [pool-57-thread-1] INFO  server.RaftServerConfigKeys (ConfUtils.java:logGet(43)) - raft.server.log.purge.gap = 1000000 (custom)
2019-10-02 08:04:12,235 [pool-57-thread-1] INFO  server.RaftServerConfigKeys (ConfUtils.java:logGet(43)) - raft.server.log.appender.buffer.byte-limit = 33554432 (custom)
2019-10-02 08:04:12,235 [pool-57-thread-1] INFO  server.RaftServerConfigKeys (ConfUtils.java:logGet(43)) - raft.server.log.segment.size.max = 1048576 (custom)
2019-10-02 08:04:12,238 [pool-57-thread-1] INFO  server.RaftServerConfigKeys (ConfUtils.java:logGet(43)) - raft.server.log.segment.cache.num.max = 2 (custom)
2019-10-02 08:04:12,238 [pool-57-thread-1] INFO  segmented.SegmentedRaftLogWorker (SegmentedRaftLogWorker.java:<init>(173)) - new d4e6752e-53f4-46a5-a0f4-35bce0735517@group-5D4F7DB22D7B-SegmentedRaftLogWorker for RaftStorage:Storage Directory /workdir/hadoop-ozone/integration-test/target/test-dir/MiniOzoneClusterImpl-a80d392e-7f7b-4221-8c82-ca41e3af8537/datanode-3/data/ratis/d54ae866-9303-4c4f-bc12-5d4f7db22d7b
2019-10-02 08:04:12,239 [pool-57-thread-1] INFO  server.RaftServerConfigKeys (ConfUtils.java:logGet(43)) - raft.server.log.queue.byte-limit = 2147483647 (custom)
2019-10-02 08:04:12,239 [pool-57-thread-1] INFO  server.RaftServerConfigKeys (ConfUtils.java:logGet(43)) - raft.server.log.queue.element-limit = 1024 (custom)
2019-10-02 08:04:12,239 [pool-57-thread-1] INFO  server.RaftServerConfigKeys (ConfUtils.java:logGet(43)) - raft.server.log.segment.size.max = 1048576 (custom)
2019-10-02 08:04:12,239 [pool-57-thread-1] INFO  server.RaftServerConfigKeys (ConfUtils.java:logGet(43)) - raft.server.log.preallocated.size = 16384 (custom)
2019-10-02 08:04:12,239 [pool-57-thread-1] INFO  server.RaftServerConfigKeys (ConfUtils.java:logGet(43)) - raft.server.log.write.buffer.size = 33554432 (custom)
2019-10-02 08:04:12,239 [pool-57-thread-1] INFO  server.RaftServerConfigKeys (ConfUtils.java:logGet(43)) - raft.server.log.force.sync.num = 128 (default)
2019-10-02 08:04:12,239 [pool-57-thread-1] INFO  server.RaftServerConfigKeys (ConfUtils.java:logGet(43)) - raft.server.log.statemachine.data.sync = true (default)
2019-10-02 08:04:12,239 [pool-57-thread-1] INFO  server.RaftServerConfigKeys (ConfUtils.java:logGet(43)) - raft.server.log.statemachine.data.sync.timeout = 10s (default)
2019-10-02 08:04:12,239 [pool-57-thread-1] INFO  server.RaftServerConfigKeys (ConfUtils.java:logGet(43)) - raft.server.log.statemachine.data.sync.timeout.retry = -1 (default)
2019-10-02 08:04:12,240 [pool-57-thread-1] INFO  server.RaftServerConfigKeys (ConfUtils.java:logGet(43)) - raft.server.log.statemachine.data.caching.enabled = true (custom)
2019-10-02 08:04:12,240 [pool-57-thread-1] INFO  segmented.SegmentedRaftLogWorker (SegmentedRaftLogWorker.java:lambda$new$0(128)) - d4e6752e-53f4-46a5-a0f4-35bce0735517@group-5D4F7DB22D7B-SegmentedRaftLogWorker: flushIndex: setUnconditionally 0 -> -1
2019-10-02 08:04:12,241 [pool-57-thread-1] INFO  server.RaftServerConfigKeys (ConfUtils.java:logGet(43)) - raft.server.snapshot.auto.trigger.enabled = true (custom)
2019-10-02 08:04:12,241 [pool-57-thread-1] INFO  server.RaftServerConfigKeys (ConfUtils.java:logGet(43)) - raft.server.snapshot.auto.trigger.threshold = 10000 (custom)
2019-10-02 08:04:12,241 [pool-57-thread-1] INFO  server.RaftServerConfigKeys (ConfUtils.java:logGet(43)) - raft.server.snapshot.retention.file.num = 5 (custom)
2019-10-02 08:04:12,241 [pool-57-thread-1] INFO  server.RaftServerConfigKeys (ConfUtils.java:logGet(43)) - raft.server.retrycache.expirytime = 600000ms (custom)
2019-10-02 08:04:12,243 [pool-57-thread-1] INFO  impl.RaftServerImpl (RaftServerImpl.java:start(181)) - d4e6752e-53f4-46a5-a0f4-35bce0735517@group-5D4F7DB22D7B: start as a follower, conf=-1: [d4e6752e-53f4-46a5-a0f4-35bce0735517:192.168.151.92:45748], old=null
2019-10-02 08:04:12,244 [pool-57-thread-1] INFO  impl.RaftServerImpl (RaftServerImpl.java:setRole(170)) - d4e6752e-53f4-46a5-a0f4-35bce0735517@group-5D4F7DB22D7B: changes role from      null to FOLLOWER at term 0 for startAsFollower
2019-10-02 08:04:12,244 [pool-57-thread-1] INFO  impl.RoleInfo (RoleInfo.java:updateAndGet(143)) - d4e6752e-53f4-46a5-a0f4-35bce0735517: start FollowerState
2019-10-02 08:04:12,244 [pool-57-thread-1] INFO  util.JmxRegister (JmxRegister.java:tryRegister(44)) - Successfully registered JMX Bean with object name Ratis:service=RaftServer,group=group-5D4F7DB22D7B,id=d4e6752e-53f4-46a5-a0f4-35bce0735517
2019-10-02 08:04:12,257 [RatisPipelineUtilsThread] INFO  pipeline.PipelineStateManager (PipelineStateManager.java:addPipeline(56)) - Created pipeline Pipeline[ Id: d54ae866-9303-4c4f-bc12-5d4f7db22d7b, Nodes: d4e6752e-53f4-46a5-a0f4-35bce0735517{ip: 192.168.151.92, host: pr-trunk-gg4kw-413187789, networkLocation: /default-rack, certSerialId: null}, Type:RATIS, Factor:ONE, State:OPEN]
2019-10-02 08:04:12,274 [grpc-default-executor-0] INFO  impl.RaftServerProxy (RaftServerProxy.java:addNew(89)) - 40532b6a-e871-45c3-a53d-9bc2cd016ce2: addNew group-9E0133E783FE:[40532b6a-e871-45c3-a53d-9bc2cd016ce2:192.168.151.92:34972] returns group-9E0133E783FE:java.util.concurrent.CompletableFuture@7073828b[Not completed]
2019-10-02 08:04:12,279 [pool-77-thread-1] INFO  impl.RaftServerImpl (RaftServerImpl.java:<init>(95)) - 40532b6a-e871-45c3-a53d-9bc2cd016ce2: new RaftServerImpl for group-9E0133E783FE:[40532b6a-e871-45c3-a53d-9bc2cd016ce2:192.168.151.92:34972] with ContainerStateMachine:uninitialized
2019-10-02 08:04:12,280 [pool-77-thread-1] INFO  server.RaftServerConfigKeys (ConfUtils.java:logGet(43)) - raft.server.rpc.timeout.min = 5s (custom)
2019-10-02 08:04:12,280 [pool-77-thread-1] INFO  server.RaftServerConfigKeys (ConfUtils.java:logGet(43)) - raft.server.rpc.timeout.max = 5200ms (custom)
2019-10-02 08:04:12,280 [pool-77-thread-1] INFO  server.RaftServerConfigKeys (ConfUtils.java:logGet(43)) - raft.server.rpcslowness.timeout = 120s (custom)
2019-10-02 08:04:12,280 [pool-77-thread-1] INFO  server.RaftServerConfigKeys (ConfUtils.java:logGet(43)) - raft.server.sleep.deviation.threshold = 300 (default)
2019-10-02 08:04:12,281 [pool-77-thread-1] INFO  server.RaftServerConfigKeys (ConfUtils.java:logGet(43)) - raft.server.log.appender.install.snapshot.enabled = false (custom)
2019-10-02 08:04:12,281 [pool-77-thread-1] INFO  impl.RaftServerImpl (ServerState.java:<init>(103)) - 40532b6a-e871-45c3-a53d-9bc2cd016ce2@group-9E0133E783FE: ConfigurationManager, init=-1: [40532b6a-e871-45c3-a53d-9bc2cd016ce2:192.168.151.92:34972], old=null, confs=<EMPTY_MAP>
2019-10-02 08:04:12,281 [pool-77-thread-1] INFO  server.RaftServerConfigKeys (ConfUtils.java:logGet(43)) - raft.server.storage.dir = [/workdir/hadoop-ozone/integration-test/target/test-dir/MiniOzoneClusterImpl-a80d392e-7f7b-4221-8c82-ca41e3af8537/datanode-5/data/ratis] (custom)
2019-10-02 08:04:12,282 [pool-77-thread-1] INFO  server.RaftServerConfigKeys (ConfUtils.java:logGet(43)) - raft.server.log.corruption.policy = EXCEPTION (default)
2019-10-02 08:04:12,282 [pool-77-thread-1] INFO  storage.RaftStorageDirectory (RaftStorageDirectory.java:analyzeStorage(246)) - The storage directory /workdir/hadoop-ozone/integration-test/target/test-dir/MiniOzoneClusterImpl-a80d392e-7f7b-4221-8c82-ca41e3af8537/datanode-5/data/ratis/2d584a5e-1edc-42d3-ae2e-9e0133e783fe does not exist. Creating ...
2019-10-02 08:04:12,303 [pool-77-thread-1] INFO  storage.RaftStorageDirectory (RaftStorageDirectory.java:tryLock(328)) - Lock on /workdir/hadoop-ozone/integration-test/target/test-dir/MiniOzoneClusterImpl-a80d392e-7f7b-4221-8c82-ca41e3af8537/datanode-5/data/ratis/2d584a5e-1edc-42d3-ae2e-9e0133e783fe/in_use.lock acquired by nodename 28887@pr-trunk-gg4kw-413187789
2019-10-02 08:04:12,317 [pool-77-thread-1] INFO  storage.RaftStorage (RaftStorage.java:format(84)) - Storage directory /workdir/hadoop-ozone/integration-test/target/test-dir/MiniOzoneClusterImpl-a80d392e-7f7b-4221-8c82-ca41e3af8537/datanode-5/data/ratis/2d584a5e-1edc-42d3-ae2e-9e0133e783fe has been successfully formatted.
2019-10-02 08:04:12,317 [pool-77-thread-1] INFO  ratis.ContainerStateMachine (ContainerStateMachine.java:loadSnapshot(231)) - group-9E0133E783FE: The snapshot info is null. Setting the last applied indexto:(t:0, i:~)
2019-10-02 08:04:12,317 [pool-77-thread-1] INFO  server.RaftServerConfigKeys (ConfUtils.java:logGet(43)) - raft.server.notification.no-leader.timeout = 120s (custom)
2019-10-02 08:04:12,317 [pool-77-thread-1] INFO  server.RaftServerConfigKeys (ConfUtils.java:logGet(43)) - raft.server.log.use.memory = false (default)
2019-10-02 08:04:12,318 [pool-77-thread-1] INFO  server.RaftServerConfigKeys (ConfUtils.java:logGet(43)) - raft.server.log.purge.gap = 1000000 (custom)
2019-10-02 08:04:12,318 [pool-77-thread-1] INFO  server.RaftServerConfigKeys (ConfUtils.java:logGet(43)) - raft.server.log.appender.buffer.byte-limit = 33554432 (custom)
2019-10-02 08:04:12,318 [pool-77-thread-1] INFO  server.RaftServerConfigKeys (ConfUtils.java:logGet(43)) - raft.server.log.segment.size.max = 1048576 (custom)
2019-10-02 08:04:12,321 [pool-77-thread-1] INFO  server.RaftServerConfigKeys (ConfUtils.java:logGet(43)) - raft.server.log.segment.cache.num.max = 2 (custom)
2019-10-02 08:04:12,322 [pool-77-thread-1] INFO  segmented.SegmentedRaftLogWorker (SegmentedRaftLogWorker.java:<init>(173)) - new 40532b6a-e871-45c3-a53d-9bc2cd016ce2@group-9E0133E783FE-SegmentedRaftLogWorker for RaftStorage:Storage Directory /workdir/hadoop-ozone/integration-test/target/test-dir/MiniOzoneClusterImpl-a80d392e-7f7b-4221-8c82-ca41e3af8537/datanode-5/data/ratis/2d584a5e-1edc-42d3-ae2e-9e0133e783fe
2019-10-02 08:04:12,322 [pool-77-thread-1] INFO  server.RaftServerConfigKeys (ConfUtils.java:logGet(43)) - raft.server.log.queue.byte-limit = 2147483647 (custom)
2019-10-02 08:04:12,322 [pool-77-thread-1] INFO  server.RaftServerConfigKeys (ConfUtils.java:logGet(43)) - raft.server.log.queue.element-limit = 1024 (custom)
2019-10-02 08:04:12,322 [pool-77-thread-1] INFO  server.RaftServerConfigKeys (ConfUtils.java:logGet(43)) - raft.server.log.segment.size.max = 1048576 (custom)
2019-10-02 08:04:12,322 [pool-77-thread-1] INFO  server.RaftServerConfigKeys (ConfUtils.java:logGet(43)) - raft.server.log.preallocated.size = 16384 (custom)
2019-10-02 08:04:12,323 [pool-77-thread-1] INFO  server.RaftServerConfigKeys (ConfUtils.java:logGet(43)) - raft.server.log.write.buffer.size = 33554432 (custom)
2019-10-02 08:04:12,323 [pool-77-thread-1] INFO  server.RaftServerConfigKeys (ConfUtils.java:logGet(43)) - raft.server.log.force.sync.num = 128 (default)
2019-10-02 08:04:12,323 [pool-77-thread-1] INFO  server.RaftServerConfigKeys (ConfUtils.java:logGet(43)) - raft.server.log.statemachine.data.sync = true (default)
2019-10-02 08:04:12,323 [pool-77-thread-1] INFO  server.RaftServerConfigKeys (ConfUtils.java:logGet(43)) - raft.server.log.statemachine.data.sync.timeout = 10s (default)
2019-10-02 08:04:12,323 [pool-77-thread-1] INFO  server.RaftServerConfigKeys (ConfUtils.java:logGet(43)) - raft.server.log.statemachine.data.sync.timeout.retry = -1 (default)
2019-10-02 08:04:12,324 [pool-77-thread-1] INFO  server.RaftServerConfigKeys (ConfUtils.java:logGet(43)) - raft.server.log.statemachine.data.caching.enabled = true (custom)
2019-10-02 08:04:12,324 [pool-77-thread-1] INFO  segmented.SegmentedRaftLogWorker (SegmentedRaftLogWorker.java:lambda$new$0(128)) - 40532b6a-e871-45c3-a53d-9bc2cd016ce2@group-9E0133E783FE-SegmentedRaftLogWorker: flushIndex: setUnconditionally 0 -> -1
2019-10-02 08:04:12,325 [pool-77-thread-1] INFO  server.RaftServerConfigKeys (ConfUtils.java:logGet(43)) - raft.server.snapshot.auto.trigger.enabled = true (custom)
2019-10-02 08:04:12,325 [pool-77-thread-1] INFO  server.RaftServerConfigKeys (ConfUtils.java:logGet(43)) - raft.server.snapshot.auto.trigger.threshold = 10000 (custom)
2019-10-02 08:04:12,325 [pool-77-thread-1] INFO  server.RaftServerConfigKeys (ConfUtils.java:logGet(43)) - raft.server.snapshot.retention.file.num = 5 (custom)
2019-10-02 08:04:12,325 [pool-77-thread-1] INFO  server.RaftServerConfigKeys (ConfUtils.java:logGet(43)) - raft.server.retrycache.expirytime = 600000ms (custom)
2019-10-02 08:04:12,328 [pool-77-thread-1] INFO  impl.RaftServerImpl (RaftServerImpl.java:start(181)) - 40532b6a-e871-45c3-a53d-9bc2cd016ce2@group-9E0133E783FE: start as a follower, conf=-1: [40532b6a-e871-45c3-a53d-9bc2cd016ce2:192.168.151.92:34972], old=null
2019-10-02 08:04:12,328 [pool-77-thread-1] INFO  impl.RaftServerImpl (RaftServerImpl.java:setRole(170)) - 40532b6a-e871-45c3-a53d-9bc2cd016ce2@group-9E0133E783FE: changes role from      null to FOLLOWER at term 0 for startAsFollower
2019-10-02 08:04:12,329 [pool-77-thread-1] INFO  impl.RoleInfo (RoleInfo.java:updateAndGet(143)) - 40532b6a-e871-45c3-a53d-9bc2cd016ce2: start FollowerState
2019-10-02 08:04:12,329 [pool-77-thread-1] INFO  util.JmxRegister (JmxRegister.java:tryRegister(44)) - Successfully registered JMX Bean with object name Ratis:service=RaftServer,group=group-9E0133E783FE,id=40532b6a-e871-45c3-a53d-9bc2cd016ce2
2019-10-02 08:04:12,343 [RatisPipelineUtilsThread] INFO  pipeline.PipelineStateManager (PipelineStateManager.java:addPipeline(56)) - Created pipeline Pipeline[ Id: 2d584a5e-1edc-42d3-ae2e-9e0133e783fe, Nodes: 40532b6a-e871-45c3-a53d-9bc2cd016ce2{ip: 192.168.151.92, host: pr-trunk-gg4kw-413187789, networkLocation: /default-rack, certSerialId: null}, Type:RATIS, Factor:ONE, State:OPEN]
2019-10-02 08:04:12,363 [main] INFO  ozone.MiniOzoneClusterImpl (MiniOzoneClusterImpl.java:lambda$waitForClusterToBeReady$0(147)) - Cluster is ready. Got 7 of 7 DN Heartbeats.
2019-10-02 08:04:12,364 [grpc-default-executor-0] INFO  impl.RaftServerProxy (RaftServerProxy.java:addNew(89)) - 658c1d16-eec9-4714-8164-e8088513da31: addNew group-040205840AEF:[658c1d16-eec9-4714-8164-e8088513da31:192.168.151.92:44377] returns group-040205840AEF:java.util.concurrent.CompletableFuture@65573c87[Not completed]
2019-10-02 08:04:12,369 [pool-87-thread-1] INFO  impl.RaftServerImpl (RaftServerImpl.java:<init>(95)) - 658c1d16-eec9-4714-8164-e8088513da31: new RaftServerImpl for group-040205840AEF:[658c1d16-eec9-4714-8164-e8088513da31:192.168.151.92:44377] with ContainerStateMachine:uninitialized
2019-10-02 08:04:12,370 [pool-87-thread-1] INFO  server.RaftServerConfigKeys (ConfUtils.java:logGet(43)) - raft.server.rpc.timeout.min = 5s (custom)
2019-10-02 08:04:12,370 [pool-87-thread-1] INFO  server.RaftServerConfigKeys (ConfUtils.java:logGet(43)) - raft.server.rpc.timeout.max = 5200ms (custom)
2019-10-02 08:04:12,370 [pool-87-thread-1] INFO  server.RaftServerConfigKeys (ConfUtils.java:logGet(43)) - raft.server.rpcslowness.timeout = 120s (custom)
2019-10-02 08:04:12,370 [pool-87-thread-1] INFO  server.RaftServerConfigKeys (ConfUtils.java:logGet(43)) - raft.server.sleep.deviation.threshold = 300 (default)
2019-10-02 08:04:12,371 [pool-87-thread-1] INFO  server.RaftServerConfigKeys (ConfUtils.java:logGet(43)) - raft.server.log.appender.install.snapshot.enabled = false (custom)
2019-10-02 08:04:12,371 [pool-87-thread-1] INFO  impl.RaftServerImpl (ServerState.java:<init>(103)) - 658c1d16-eec9-4714-8164-e8088513da31@group-040205840AEF: ConfigurationManager, init=-1: [658c1d16-eec9-4714-8164-e8088513da31:192.168.151.92:44377], old=null, confs=<EMPTY_MAP>
2019-10-02 08:04:12,371 [pool-87-thread-1] INFO  server.RaftServerConfigKeys (ConfUtils.java:logGet(43)) - raft.server.storage.dir = [/workdir/hadoop-ozone/integration-test/target/test-dir/MiniOzoneClusterImpl-a80d392e-7f7b-4221-8c82-ca41e3af8537/datanode-6/data/ratis] (custom)
2019-10-02 08:04:12,372 [pool-87-thread-1] INFO  server.RaftServerConfigKeys (ConfUtils.java:logGet(43)) - raft.server.log.corruption.policy = EXCEPTION (default)
2019-10-02 08:04:12,372 [pool-87-thread-1] INFO  storage.RaftStorageDirectory (RaftStorageDirectory.java:analyzeStorage(246)) - The storage directory /workdir/hadoop-ozone/integration-test/target/test-dir/MiniOzoneClusterImpl-a80d392e-7f7b-4221-8c82-ca41e3af8537/datanode-6/data/ratis/31efb924-22ee-45aa-82b4-040205840aef does not exist. Creating ...
2019-10-02 08:04:12,385 [pool-87-thread-1] INFO  storage.RaftStorageDirectory (RaftStorageDirectory.java:tryLock(328)) - Lock on /workdir/hadoop-ozone/integration-test/target/test-dir/MiniOzoneClusterImpl-a80d392e-7f7b-4221-8c82-ca41e3af8537/datanode-6/data/ratis/31efb924-22ee-45aa-82b4-040205840aef/in_use.lock acquired by nodename 28887@pr-trunk-gg4kw-413187789
2019-10-02 08:04:12,398 [pool-87-thread-1] INFO  storage.RaftStorage (RaftStorage.java:format(84)) - Storage directory /workdir/hadoop-ozone/integration-test/target/test-dir/MiniOzoneClusterImpl-a80d392e-7f7b-4221-8c82-ca41e3af8537/datanode-6/data/ratis/31efb924-22ee-45aa-82b4-040205840aef has been successfully formatted.
2019-10-02 08:04:12,399 [pool-87-thread-1] INFO  ratis.ContainerStateMachine (ContainerStateMachine.java:loadSnapshot(231)) - group-040205840AEF: The snapshot info is null. Setting the last applied indexto:(t:0, i:~)
2019-10-02 08:04:12,399 [pool-87-thread-1] INFO  server.RaftServerConfigKeys (ConfUtils.java:logGet(43)) - raft.server.notification.no-leader.timeout = 120s (custom)
2019-10-02 08:04:12,399 [pool-87-thread-1] INFO  server.RaftServerConfigKeys (ConfUtils.java:logGet(43)) - raft.server.log.use.memory = false (default)
2019-10-02 08:04:12,399 [pool-87-thread-1] INFO  server.RaftServerConfigKeys (ConfUtils.java:logGet(43)) - raft.server.log.purge.gap = 1000000 (custom)
2019-10-02 08:04:12,400 [pool-87-thread-1] INFO  server.RaftServerConfigKeys (ConfUtils.java:logGet(43)) - raft.server.log.appender.buffer.byte-limit = 33554432 (custom)
2019-10-02 08:04:12,400 [pool-87-thread-1] INFO  server.RaftServerConfigKeys (ConfUtils.java:logGet(43)) - raft.server.log.segment.size.max = 1048576 (custom)
2019-10-02 08:04:12,404 [pool-87-thread-1] INFO  server.RaftServerConfigKeys (ConfUtils.java:logGet(43)) - raft.server.log.segment.cache.num.max = 2 (custom)
2019-10-02 08:04:12,404 [pool-87-thread-1] INFO  segmented.SegmentedRaftLogWorker (SegmentedRaftLogWorker.java:<init>(173)) - new 658c1d16-eec9-4714-8164-e8088513da31@group-040205840AEF-SegmentedRaftLogWorker for RaftStorage:Storage Directory /workdir/hadoop-ozone/integration-test/target/test-dir/MiniOzoneClusterImpl-a80d392e-7f7b-4221-8c82-ca41e3af8537/datanode-6/data/ratis/31efb924-22ee-45aa-82b4-040205840aef
2019-10-02 08:04:12,404 [pool-87-thread-1] INFO  server.RaftServerConfigKeys (ConfUtils.java:logGet(43)) - raft.server.log.queue.byte-limit = 2147483647 (custom)
2019-10-02 08:04:12,405 [pool-87-thread-1] INFO  server.RaftServerConfigKeys (ConfUtils.java:logGet(43)) - raft.server.log.queue.element-limit = 1024 (custom)
2019-10-02 08:04:12,405 [pool-87-thread-1] INFO  server.RaftServerConfigKeys (ConfUtils.java:logGet(43)) - raft.server.log.segment.size.max = 1048576 (custom)
2019-10-02 08:04:12,405 [pool-87-thread-1] INFO  server.RaftServerConfigKeys (ConfUtils.java:logGet(43)) - raft.server.log.preallocated.size = 16384 (custom)
2019-10-02 08:04:12,405 [pool-87-thread-1] INFO  server.RaftServerConfigKeys (ConfUtils.java:logGet(43)) - raft.server.log.write.buffer.size = 33554432 (custom)
2019-10-02 08:04:12,405 [pool-87-thread-1] INFO  server.RaftServerConfigKeys (ConfUtils.java:logGet(43)) - raft.server.log.force.sync.num = 128 (default)
2019-10-02 08:04:12,406 [pool-87-thread-1] INFO  server.RaftServerConfigKeys (ConfUtils.java:logGet(43)) - raft.server.log.statemachine.data.sync = true (default)
2019-10-02 08:04:12,406 [pool-87-thread-1] INFO  server.RaftServerConfigKeys (ConfUtils.java:logGet(43)) - raft.server.log.statemachine.data.sync.timeout = 10s (default)
2019-10-02 08:04:12,406 [pool-87-thread-1] INFO  server.RaftServerConfigKeys (ConfUtils.java:logGet(43)) - raft.server.log.statemachine.data.sync.timeout.retry = -1 (default)
2019-10-02 08:04:12,407 [pool-87-thread-1] INFO  server.RaftServerConfigKeys (ConfUtils.java:logGet(43)) - raft.server.log.statemachine.data.caching.enabled = true (custom)
2019-10-02 08:04:12,407 [pool-87-thread-1] INFO  segmented.SegmentedRaftLogWorker (SegmentedRaftLogWorker.java:lambda$new$0(128)) - 658c1d16-eec9-4714-8164-e8088513da31@group-040205840AEF-SegmentedRaftLogWorker: flushIndex: setUnconditionally 0 -> -1
2019-10-02 08:04:12,408 [pool-87-thread-1] INFO  server.RaftServerConfigKeys (ConfUtils.java:logGet(43)) - raft.server.snapshot.auto.trigger.enabled = true (custom)
2019-10-02 08:04:12,408 [pool-87-thread-1] INFO  server.RaftServerConfigKeys (ConfUtils.java:logGet(43)) - raft.server.snapshot.auto.trigger.threshold = 10000 (custom)
2019-10-02 08:04:12,408 [pool-87-thread-1] INFO  server.RaftServerConfigKeys (ConfUtils.java:logGet(43)) - raft.server.snapshot.retention.file.num = 5 (custom)
2019-10-02 08:04:12,408 [pool-87-thread-1] INFO  server.RaftServerConfigKeys (ConfUtils.java:logGet(43)) - raft.server.retrycache.expirytime = 600000ms (custom)
2019-10-02 08:04:12,412 [pool-87-thread-1] INFO  impl.RaftServerImpl (RaftServerImpl.java:start(181)) - 658c1d16-eec9-4714-8164-e8088513da31@group-040205840AEF: start as a follower, conf=-1: [658c1d16-eec9-4714-8164-e8088513da31:192.168.151.92:44377], old=null
2019-10-02 08:04:12,412 [pool-87-thread-1] INFO  impl.RaftServerImpl (RaftServerImpl.java:setRole(170)) - 658c1d16-eec9-4714-8164-e8088513da31@group-040205840AEF: changes role from      null to FOLLOWER at term 0 for startAsFollower
2019-10-02 08:04:12,413 [pool-87-thread-1] INFO  impl.RoleInfo (RoleInfo.java:updateAndGet(143)) - 658c1d16-eec9-4714-8164-e8088513da31: start FollowerState
2019-10-02 08:04:12,413 [pool-87-thread-1] INFO  util.JmxRegister (JmxRegister.java:tryRegister(44)) - Successfully registered JMX Bean with object name Ratis:service=RaftServer,group=group-040205840AEF,id=658c1d16-eec9-4714-8164-e8088513da31
2019-10-02 08:04:12,432 [RatisPipelineUtilsThread] INFO  pipeline.PipelineStateManager (PipelineStateManager.java:addPipeline(56)) - Created pipeline Pipeline[ Id: 31efb924-22ee-45aa-82b4-040205840aef, Nodes: 658c1d16-eec9-4714-8164-e8088513da31{ip: 192.168.151.92, host: pr-trunk-gg4kw-413187789, networkLocation: /default-rack, certSerialId: null}, Type:RATIS, Factor:ONE, State:OPEN]
2019-10-02 08:04:12,453 [grpc-default-executor-0] INFO  impl.RaftServerProxy (RaftServerProxy.java:addNew(89)) - fff23513-4ce2-4e58-8e40-e0b60fc7a2a1: addNew group-D9A67AC1466C:[fff23513-4ce2-4e58-8e40-e0b60fc7a2a1:192.168.151.92:35230] returns group-D9A67AC1466C:java.util.concurrent.CompletableFuture@2c328be8[Not completed]
2019-10-02 08:04:12,459 [pool-67-thread-1] INFO  impl.RaftServerImpl (RaftServerImpl.java:<init>(95)) - fff23513-4ce2-4e58-8e40-e0b60fc7a2a1: new RaftServerImpl for group-D9A67AC1466C:[fff23513-4ce2-4e58-8e40-e0b60fc7a2a1:192.168.151.92:35230] with ContainerStateMachine:uninitialized
2019-10-02 08:04:12,459 [pool-67-thread-1] INFO  server.RaftServerConfigKeys (ConfUtils.java:logGet(43)) - raft.server.rpc.timeout.min = 5s (custom)
2019-10-02 08:04:12,459 [pool-67-thread-1] INFO  server.RaftServerConfigKeys (ConfUtils.java:logGet(43)) - raft.server.rpc.timeout.max = 5200ms (custom)
2019-10-02 08:04:12,460 [pool-67-thread-1] INFO  server.RaftServerConfigKeys (ConfUtils.java:logGet(43)) - raft.server.rpcslowness.timeout = 120s (custom)
2019-10-02 08:04:12,460 [pool-67-thread-1] INFO  server.RaftServerConfigKeys (ConfUtils.java:logGet(43)) - raft.server.sleep.deviation.threshold = 300 (default)
2019-10-02 08:04:12,460 [pool-67-thread-1] INFO  server.RaftServerConfigKeys (ConfUtils.java:logGet(43)) - raft.server.log.appender.install.snapshot.enabled = false (custom)
2019-10-02 08:04:12,460 [pool-67-thread-1] INFO  impl.RaftServerImpl (ServerState.java:<init>(103)) - fff23513-4ce2-4e58-8e40-e0b60fc7a2a1@group-D9A67AC1466C: ConfigurationManager, init=-1: [fff23513-4ce2-4e58-8e40-e0b60fc7a2a1:192.168.151.92:35230], old=null, confs=<EMPTY_MAP>
2019-10-02 08:04:12,461 [pool-67-thread-1] INFO  server.RaftServerConfigKeys (ConfUtils.java:logGet(43)) - raft.server.storage.dir = [/workdir/hadoop-ozone/integration-test/target/test-dir/MiniOzoneClusterImpl-a80d392e-7f7b-4221-8c82-ca41e3af8537/datanode-4/data/ratis] (custom)
2019-10-02 08:04:12,461 [pool-67-thread-1] INFO  server.RaftServerConfigKeys (ConfUtils.java:logGet(43)) - raft.server.log.corruption.policy = EXCEPTION (default)
2019-10-02 08:04:12,461 [pool-67-thread-1] INFO  storage.RaftStorageDirectory (RaftStorageDirectory.java:analyzeStorage(246)) - The storage directory /workdir/hadoop-ozone/integration-test/target/test-dir/MiniOzoneClusterImpl-a80d392e-7f7b-4221-8c82-ca41e3af8537/datanode-4/data/ratis/f0874e5e-9ef4-4fbf-8f12-d9a67ac1466c does not exist. Creating ...
2019-10-02 08:04:12,475 [pool-67-thread-1] INFO  storage.RaftStorageDirectory (RaftStorageDirectory.java:tryLock(328)) - Lock on /workdir/hadoop-ozone/integration-test/target/test-dir/MiniOzoneClusterImpl-a80d392e-7f7b-4221-8c82-ca41e3af8537/datanode-4/data/ratis/f0874e5e-9ef4-4fbf-8f12-d9a67ac1466c/in_use.lock acquired by nodename 28887@pr-trunk-gg4kw-413187789
2019-10-02 08:04:12,500 [pool-67-thread-1] INFO  storage.RaftStorage (RaftStorage.java:format(84)) - Storage directory /workdir/hadoop-ozone/integration-test/target/test-dir/MiniOzoneClusterImpl-a80d392e-7f7b-4221-8c82-ca41e3af8537/datanode-4/data/ratis/f0874e5e-9ef4-4fbf-8f12-d9a67ac1466c has been successfully formatted.
2019-10-02 08:04:12,500 [pool-67-thread-1] INFO  ratis.ContainerStateMachine (ContainerStateMachine.java:loadSnapshot(231)) - group-D9A67AC1466C: The snapshot info is null. Setting the last applied indexto:(t:0, i:~)
2019-10-02 08:04:12,500 [pool-67-thread-1] INFO  server.RaftServerConfigKeys (ConfUtils.java:logGet(43)) - raft.server.notification.no-leader.timeout = 120s (custom)
2019-10-02 08:04:12,500 [pool-67-thread-1] INFO  server.RaftServerConfigKeys (ConfUtils.java:logGet(43)) - raft.server.log.use.memory = false (default)
2019-10-02 08:04:12,501 [pool-67-thread-1] INFO  server.RaftServerConfigKeys (ConfUtils.java:logGet(43)) - raft.server.log.purge.gap = 1000000 (custom)
2019-10-02 08:04:12,501 [pool-67-thread-1] INFO  server.RaftServerConfigKeys (ConfUtils.java:logGet(43)) - raft.server.log.appender.buffer.byte-limit = 33554432 (custom)
2019-10-02 08:04:12,501 [pool-67-thread-1] INFO  server.RaftServerConfigKeys (ConfUtils.java:logGet(43)) - raft.server.log.segment.size.max = 1048576 (custom)
2019-10-02 08:04:12,505 [pool-67-thread-1] INFO  server.RaftServerConfigKeys (ConfUtils.java:logGet(43)) - raft.server.log.segment.cache.num.max = 2 (custom)
2019-10-02 08:04:12,505 [pool-67-thread-1] INFO  segmented.SegmentedRaftLogWorker (SegmentedRaftLogWorker.java:<init>(173)) - new fff23513-4ce2-4e58-8e40-e0b60fc7a2a1@group-D9A67AC1466C-SegmentedRaftLogWorker for RaftStorage:Storage Directory /workdir/hadoop-ozone/integration-test/target/test-dir/MiniOzoneClusterImpl-a80d392e-7f7b-4221-8c82-ca41e3af8537/datanode-4/data/ratis/f0874e5e-9ef4-4fbf-8f12-d9a67ac1466c
2019-10-02 08:04:12,506 [pool-67-thread-1] INFO  server.RaftServerConfigKeys (ConfUtils.java:logGet(43)) - raft.server.log.queue.byte-limit = 2147483647 (custom)
2019-10-02 08:04:12,506 [pool-67-thread-1] INFO  server.RaftServerConfigKeys (ConfUtils.java:logGet(43)) - raft.server.log.queue.element-limit = 1024 (custom)
2019-10-02 08:04:12,506 [pool-67-thread-1] INFO  server.RaftServerConfigKeys (ConfUtils.java:logGet(43)) - raft.server.log.segment.size.max = 1048576 (custom)
2019-10-02 08:04:12,506 [pool-67-thread-1] INFO  server.RaftServerConfigKeys (ConfUtils.java:logGet(43)) - raft.server.log.preallocated.size = 16384 (custom)
2019-10-02 08:04:12,506 [pool-67-thread-1] INFO  server.RaftServerConfigKeys (ConfUtils.java:logGet(43)) - raft.server.log.write.buffer.size = 33554432 (custom)
2019-10-02 08:04:12,506 [pool-67-thread-1] INFO  server.RaftServerConfigKeys (ConfUtils.java:logGet(43)) - raft.server.log.force.sync.num = 128 (default)
2019-10-02 08:04:12,507 [pool-67-thread-1] INFO  server.RaftServerConfigKeys (ConfUtils.java:logGet(43)) - raft.server.log.statemachine.data.sync = true (default)
2019-10-02 08:04:12,507 [pool-67-thread-1] INFO  server.RaftServerConfigKeys (ConfUtils.java:logGet(43)) - raft.server.log.statemachine.data.sync.timeout = 10s (default)
2019-10-02 08:04:12,507 [pool-67-thread-1] INFO  server.RaftServerConfigKeys (ConfUtils.java:logGet(43)) - raft.server.log.statemachine.data.sync.timeout.retry = -1 (default)
2019-10-02 08:04:12,508 [pool-67-thread-1] INFO  server.RaftServerConfigKeys (ConfUtils.java:logGet(43)) - raft.server.log.statemachine.data.caching.enabled = true (custom)
2019-10-02 08:04:12,508 [pool-67-thread-1] INFO  segmented.SegmentedRaftLogWorker (SegmentedRaftLogWorker.java:lambda$new$0(128)) - fff23513-4ce2-4e58-8e40-e0b60fc7a2a1@group-D9A67AC1466C-SegmentedRaftLogWorker: flushIndex: setUnconditionally 0 -> -1
2019-10-02 08:04:12,509 [pool-67-thread-1] INFO  server.RaftServerConfigKeys (ConfUtils.java:logGet(43)) - raft.server.snapshot.auto.trigger.enabled = true (custom)
2019-10-02 08:04:12,509 [pool-67-thread-1] INFO  server.RaftServerConfigKeys (ConfUtils.java:logGet(43)) - raft.server.snapshot.auto.trigger.threshold = 10000 (custom)
2019-10-02 08:04:12,509 [pool-67-thread-1] INFO  server.RaftServerConfigKeys (ConfUtils.java:logGet(43)) - raft.server.snapshot.retention.file.num = 5 (custom)
2019-10-02 08:04:12,509 [pool-67-thread-1] INFO  server.RaftServerConfigKeys (ConfUtils.java:logGet(43)) - raft.server.retrycache.expirytime = 600000ms (custom)
2019-10-02 08:04:12,514 [pool-67-thread-1] INFO  impl.RaftServerImpl (RaftServerImpl.java:start(181)) - fff23513-4ce2-4e58-8e40-e0b60fc7a2a1@group-D9A67AC1466C: start as a follower, conf=-1: [fff23513-4ce2-4e58-8e40-e0b60fc7a2a1:192.168.151.92:35230], old=null
2019-10-02 08:04:12,514 [pool-67-thread-1] INFO  impl.RaftServerImpl (RaftServerImpl.java:setRole(170)) - fff23513-4ce2-4e58-8e40-e0b60fc7a2a1@group-D9A67AC1466C: changes role from      null to FOLLOWER at term 0 for startAsFollower
2019-10-02 08:04:12,514 [pool-67-thread-1] INFO  impl.RoleInfo (RoleInfo.java:updateAndGet(143)) - fff23513-4ce2-4e58-8e40-e0b60fc7a2a1: start FollowerState
2019-10-02 08:04:12,515 [pool-67-thread-1] INFO  util.JmxRegister (JmxRegister.java:tryRegister(44)) - Successfully registered JMX Bean with object name Ratis:service=RaftServer,group=group-D9A67AC1466C,id=fff23513-4ce2-4e58-8e40-e0b60fc7a2a1
2019-10-02 08:04:12,537 [RatisPipelineUtilsThread] INFO  pipeline.PipelineStateManager (PipelineStateManager.java:addPipeline(56)) - Created pipeline Pipeline[ Id: f0874e5e-9ef4-4fbf-8f12-d9a67ac1466c, Nodes: fff23513-4ce2-4e58-8e40-e0b60fc7a2a1{ip: 192.168.151.92, host: pr-trunk-gg4kw-413187789, networkLocation: /default-rack, certSerialId: null}, Type:RATIS, Factor:ONE, State:OPEN]
2019-10-02 08:04:12,572 [grpc-default-executor-1] INFO  impl.RaftServerProxy (RaftServerProxy.java:addNew(89)) - 6c71132d-f7e4-4b14-8e85-142ea7240f76: addNew group-56DA967EC7A5:[a264a072-92f0-4dc2-99fe-a3f051c5730a:192.168.151.92:38422, 6c71132d-f7e4-4b14-8e85-142ea7240f76:192.168.151.92:42779, 49f66f9f-31d7-4b02-b438-ea1444250cb1:192.168.151.92:39309] returns group-56DA967EC7A5:java.util.concurrent.CompletableFuture@7e356470[Not completed]
2019-10-02 08:04:12,575 [grpc-default-executor-1] INFO  impl.RaftServerProxy (RaftServerProxy.java:addNew(89)) - 49f66f9f-31d7-4b02-b438-ea1444250cb1: addNew group-56DA967EC7A5:[a264a072-92f0-4dc2-99fe-a3f051c5730a:192.168.151.92:38422, 6c71132d-f7e4-4b14-8e85-142ea7240f76:192.168.151.92:42779, 49f66f9f-31d7-4b02-b438-ea1444250cb1:192.168.151.92:39309] returns group-56DA967EC7A5:java.util.concurrent.CompletableFuture@3b37e5d2[Not completed]
2019-10-02 08:04:12,578 [grpc-default-executor-2] INFO  impl.RaftServerProxy (RaftServerProxy.java:addNew(89)) - a264a072-92f0-4dc2-99fe-a3f051c5730a: addNew group-56DA967EC7A5:[a264a072-92f0-4dc2-99fe-a3f051c5730a:192.168.151.92:38422, 6c71132d-f7e4-4b14-8e85-142ea7240f76:192.168.151.92:42779, 49f66f9f-31d7-4b02-b438-ea1444250cb1:192.168.151.92:39309] returns group-56DA967EC7A5:java.util.concurrent.CompletableFuture@6e035d42[Not completed]
2019-10-02 08:04:12,579 [pool-27-thread-1] INFO  impl.RaftServerImpl (RaftServerImpl.java:<init>(95)) - 6c71132d-f7e4-4b14-8e85-142ea7240f76: new RaftServerImpl for group-56DA967EC7A5:[a264a072-92f0-4dc2-99fe-a3f051c5730a:192.168.151.92:38422, 6c71132d-f7e4-4b14-8e85-142ea7240f76:192.168.151.92:42779, 49f66f9f-31d7-4b02-b438-ea1444250cb1:192.168.151.92:39309] with ContainerStateMachine:uninitialized
2019-10-02 08:04:12,579 [pool-27-thread-1] INFO  server.RaftServerConfigKeys (ConfUtils.java:logGet(43)) - raft.server.rpc.timeout.min = 5s (custom)
2019-10-02 08:04:12,579 [pool-27-thread-1] INFO  server.RaftServerConfigKeys (ConfUtils.java:logGet(43)) - raft.server.rpc.timeout.max = 5200ms (custom)
2019-10-02 08:04:12,579 [pool-27-thread-1] INFO  server.RaftServerConfigKeys (ConfUtils.java:logGet(43)) - raft.server.rpcslowness.timeout = 120s (custom)
2019-10-02 08:04:12,579 [pool-27-thread-1] INFO  server.RaftServerConfigKeys (ConfUtils.java:logGet(43)) - raft.server.sleep.deviation.threshold = 300 (default)
2019-10-02 08:04:12,579 [pool-27-thread-1] INFO  server.RaftServerConfigKeys (ConfUtils.java:logGet(43)) - raft.server.log.appender.install.snapshot.enabled = false (custom)
2019-10-02 08:04:12,580 [pool-47-thread-1] INFO  impl.RaftServerImpl (RaftServerImpl.java:<init>(95)) - a264a072-92f0-4dc2-99fe-a3f051c5730a: new RaftServerImpl for group-56DA967EC7A5:[a264a072-92f0-4dc2-99fe-a3f051c5730a:192.168.151.92:38422, 6c71132d-f7e4-4b14-8e85-142ea7240f76:192.168.151.92:42779, 49f66f9f-31d7-4b02-b438-ea1444250cb1:192.168.151.92:39309] with ContainerStateMachine:uninitialized
2019-10-02 08:04:12,580 [pool-27-thread-1] INFO  impl.RaftServerImpl (ServerState.java:<init>(103)) - 6c71132d-f7e4-4b14-8e85-142ea7240f76@group-56DA967EC7A5: ConfigurationManager, init=-1: [a264a072-92f0-4dc2-99fe-a3f051c5730a:192.168.151.92:38422, 6c71132d-f7e4-4b14-8e85-142ea7240f76:192.168.151.92:42779, 49f66f9f-31d7-4b02-b438-ea1444250cb1:192.168.151.92:39309], old=null, confs=<EMPTY_MAP>
2019-10-02 08:04:12,580 [pool-47-thread-1] INFO  server.RaftServerConfigKeys (ConfUtils.java:logGet(43)) - raft.server.rpc.timeout.min = 5s (custom)
2019-10-02 08:04:12,580 [pool-47-thread-1] INFO  server.RaftServerConfigKeys (ConfUtils.java:logGet(43)) - raft.server.rpc.timeout.max = 5200ms (custom)
2019-10-02 08:04:12,580 [pool-27-thread-1] INFO  server.RaftServerConfigKeys (ConfUtils.java:logGet(43)) - raft.server.storage.dir = [/workdir/hadoop-ozone/integration-test/target/test-dir/MiniOzoneClusterImpl-a80d392e-7f7b-4221-8c82-ca41e3af8537/datanode-0/data/ratis] (custom)
2019-10-02 08:04:12,580 [pool-47-thread-1] INFO  server.RaftServerConfigKeys (ConfUtils.java:logGet(43)) - raft.server.rpcslowness.timeout = 120s (custom)
2019-10-02 08:04:12,580 [pool-47-thread-1] INFO  server.RaftServerConfigKeys (ConfUtils.java:logGet(43)) - raft.server.sleep.deviation.threshold = 300 (default)
2019-10-02 08:04:12,580 [pool-47-thread-1] INFO  server.RaftServerConfigKeys (ConfUtils.java:logGet(43)) - raft.server.log.appender.install.snapshot.enabled = false (custom)
2019-10-02 08:04:12,581 [pool-27-thread-1] INFO  server.RaftServerConfigKeys (ConfUtils.java:logGet(43)) - raft.server.log.corruption.policy = EXCEPTION (default)
2019-10-02 08:04:12,581 [pool-37-thread-1] INFO  impl.RaftServerImpl (RaftServerImpl.java:<init>(95)) - 49f66f9f-31d7-4b02-b438-ea1444250cb1: new RaftServerImpl for group-56DA967EC7A5:[a264a072-92f0-4dc2-99fe-a3f051c5730a:192.168.151.92:38422, 6c71132d-f7e4-4b14-8e85-142ea7240f76:192.168.151.92:42779, 49f66f9f-31d7-4b02-b438-ea1444250cb1:192.168.151.92:39309] with ContainerStateMachine:uninitialized
2019-10-02 08:04:12,581 [pool-47-thread-1] INFO  impl.RaftServerImpl (ServerState.java:<init>(103)) - a264a072-92f0-4dc2-99fe-a3f051c5730a@group-56DA967EC7A5: ConfigurationManager, init=-1: [a264a072-92f0-4dc2-99fe-a3f051c5730a:192.168.151.92:38422, 6c71132d-f7e4-4b14-8e85-142ea7240f76:192.168.151.92:42779, 49f66f9f-31d7-4b02-b438-ea1444250cb1:192.168.151.92:39309], old=null, confs=<EMPTY_MAP>
2019-10-02 08:04:12,581 [pool-37-thread-1] INFO  server.RaftServerConfigKeys (ConfUtils.java:logGet(43)) - raft.server.rpc.timeout.min = 5s (custom)
2019-10-02 08:04:12,581 [pool-27-thread-1] INFO  storage.RaftStorageDirectory (RaftStorageDirectory.java:analyzeStorage(246)) - The storage directory /workdir/hadoop-ozone/integration-test/target/test-dir/MiniOzoneClusterImpl-a80d392e-7f7b-4221-8c82-ca41e3af8537/datanode-0/data/ratis/db39360f-5128-4079-8339-56da967ec7a5 does not exist. Creating ...
2019-10-02 08:04:12,581 [pool-37-thread-1] INFO  server.RaftServerConfigKeys (ConfUtils.java:logGet(43)) - raft.server.rpc.timeout.max = 5200ms (custom)
2019-10-02 08:04:12,581 [pool-47-thread-1] INFO  server.RaftServerConfigKeys (ConfUtils.java:logGet(43)) - raft.server.storage.dir = [/workdir/hadoop-ozone/integration-test/target/test-dir/MiniOzoneClusterImpl-a80d392e-7f7b-4221-8c82-ca41e3af8537/datanode-2/data/ratis] (custom)
2019-10-02 08:04:12,581 [pool-37-thread-1] INFO  server.RaftServerConfigKeys (ConfUtils.java:logGet(43)) - raft.server.rpcslowness.timeout = 120s (custom)
2019-10-02 08:04:12,582 [pool-37-thread-1] INFO  server.RaftServerConfigKeys (ConfUtils.java:logGet(43)) - raft.server.sleep.deviation.threshold = 300 (default)
2019-10-02 08:04:12,582 [pool-47-thread-1] INFO  server.RaftServerConfigKeys (ConfUtils.java:logGet(43)) - raft.server.log.corruption.policy = EXCEPTION (default)
2019-10-02 08:04:12,582 [pool-37-thread-1] INFO  server.RaftServerConfigKeys (ConfUtils.java:logGet(43)) - raft.server.log.appender.install.snapshot.enabled = false (custom)
2019-10-02 08:04:12,582 [pool-47-thread-1] INFO  storage.RaftStorageDirectory (RaftStorageDirectory.java:analyzeStorage(246)) - The storage directory /workdir/hadoop-ozone/integration-test/target/test-dir/MiniOzoneClusterImpl-a80d392e-7f7b-4221-8c82-ca41e3af8537/datanode-2/data/ratis/db39360f-5128-4079-8339-56da967ec7a5 does not exist. Creating ...
2019-10-02 08:04:12,582 [pool-37-thread-1] INFO  impl.RaftServerImpl (ServerState.java:<init>(103)) - 49f66f9f-31d7-4b02-b438-ea1444250cb1@group-56DA967EC7A5: ConfigurationManager, init=-1: [a264a072-92f0-4dc2-99fe-a3f051c5730a:192.168.151.92:38422, 6c71132d-f7e4-4b14-8e85-142ea7240f76:192.168.151.92:42779, 49f66f9f-31d7-4b02-b438-ea1444250cb1:192.168.151.92:39309], old=null, confs=<EMPTY_MAP>
2019-10-02 08:04:12,582 [pool-37-thread-1] INFO  server.RaftServerConfigKeys (ConfUtils.java:logGet(43)) - raft.server.storage.dir = [/workdir/hadoop-ozone/integration-test/target/test-dir/MiniOzoneClusterImpl-a80d392e-7f7b-4221-8c82-ca41e3af8537/datanode-1/data/ratis] (custom)
2019-10-02 08:04:12,582 [pool-37-thread-1] INFO  server.RaftServerConfigKeys (ConfUtils.java:logGet(43)) - raft.server.log.corruption.policy = EXCEPTION (default)
2019-10-02 08:04:12,583 [pool-37-thread-1] INFO  storage.RaftStorageDirectory (RaftStorageDirectory.java:analyzeStorage(246)) - The storage directory /workdir/hadoop-ozone/integration-test/target/test-dir/MiniOzoneClusterImpl-a80d392e-7f7b-4221-8c82-ca41e3af8537/datanode-1/data/ratis/db39360f-5128-4079-8339-56da967ec7a5 does not exist. Creating ...
2019-10-02 08:04:12,594 [pool-37-thread-1] INFO  storage.RaftStorageDirectory (RaftStorageDirectory.java:tryLock(328)) - Lock on /workdir/hadoop-ozone/integration-test/target/test-dir/MiniOzoneClusterImpl-a80d392e-7f7b-4221-8c82-ca41e3af8537/datanode-1/data/ratis/db39360f-5128-4079-8339-56da967ec7a5/in_use.lock acquired by nodename 28887@pr-trunk-gg4kw-413187789
2019-10-02 08:04:12,594 [pool-27-thread-1] INFO  storage.RaftStorageDirectory (RaftStorageDirectory.java:tryLock(328)) - Lock on /workdir/hadoop-ozone/integration-test/target/test-dir/MiniOzoneClusterImpl-a80d392e-7f7b-4221-8c82-ca41e3af8537/datanode-0/data/ratis/db39360f-5128-4079-8339-56da967ec7a5/in_use.lock acquired by nodename 28887@pr-trunk-gg4kw-413187789
2019-10-02 08:04:12,594 [pool-47-thread-1] INFO  storage.RaftStorageDirectory (RaftStorageDirectory.java:tryLock(328)) - Lock on /workdir/hadoop-ozone/integration-test/target/test-dir/MiniOzoneClusterImpl-a80d392e-7f7b-4221-8c82-ca41e3af8537/datanode-2/data/ratis/db39360f-5128-4079-8339-56da967ec7a5/in_use.lock acquired by nodename 28887@pr-trunk-gg4kw-413187789
2019-10-02 08:04:12,620 [pool-37-thread-1] INFO  storage.RaftStorage (RaftStorage.java:format(84)) - Storage directory /workdir/hadoop-ozone/integration-test/target/test-dir/MiniOzoneClusterImpl-a80d392e-7f7b-4221-8c82-ca41e3af8537/datanode-1/data/ratis/db39360f-5128-4079-8339-56da967ec7a5 has been successfully formatted.
2019-10-02 08:04:12,620 [pool-27-thread-1] INFO  storage.RaftStorage (RaftStorage.java:format(84)) - Storage directory /workdir/hadoop-ozone/integration-test/target/test-dir/MiniOzoneClusterImpl-a80d392e-7f7b-4221-8c82-ca41e3af8537/datanode-0/data/ratis/db39360f-5128-4079-8339-56da967ec7a5 has been successfully formatted.
2019-10-02 08:04:12,620 [pool-37-thread-1] INFO  ratis.ContainerStateMachine (ContainerStateMachine.java:loadSnapshot(231)) - group-56DA967EC7A5: The snapshot info is null. Setting the last applied indexto:(t:0, i:~)
2019-10-02 08:04:12,620 [pool-47-thread-1] INFO  storage.RaftStorage (RaftStorage.java:format(84)) - Storage directory /workdir/hadoop-ozone/integration-test/target/test-dir/MiniOzoneClusterImpl-a80d392e-7f7b-4221-8c82-ca41e3af8537/datanode-2/data/ratis/db39360f-5128-4079-8339-56da967ec7a5 has been successfully formatted.
2019-10-02 08:04:12,621 [pool-27-thread-1] INFO  ratis.ContainerStateMachine (ContainerStateMachine.java:loadSnapshot(231)) - group-56DA967EC7A5: The snapshot info is null. Setting the last applied indexto:(t:0, i:~)
2019-10-02 08:04:12,621 [pool-37-thread-1] INFO  server.RaftServerConfigKeys (ConfUtils.java:logGet(43)) - raft.server.notification.no-leader.timeout = 120s (custom)
2019-10-02 08:04:12,621 [pool-27-thread-1] INFO  server.RaftServerConfigKeys (ConfUtils.java:logGet(43)) - raft.server.notification.no-leader.timeout = 120s (custom)
2019-10-02 08:04:12,621 [pool-47-thread-1] INFO  ratis.ContainerStateMachine (ContainerStateMachine.java:loadSnapshot(231)) - group-56DA967EC7A5: The snapshot info is null. Setting the last applied indexto:(t:0, i:~)
2019-10-02 08:04:12,621 [pool-27-thread-1] INFO  server.RaftServerConfigKeys (ConfUtils.java:logGet(43)) - raft.server.log.use.memory = false (default)
2019-10-02 08:04:12,621 [pool-37-thread-1] INFO  server.RaftServerConfigKeys (ConfUtils.java:logGet(43)) - raft.server.log.use.memory = false (default)
2019-10-02 08:04:12,622 [pool-27-thread-1] INFO  server.RaftServerConfigKeys (ConfUtils.java:logGet(43)) - raft.server.log.purge.gap = 1000000 (custom)
2019-10-02 08:04:12,621 [pool-47-thread-1] INFO  server.RaftServerConfigKeys (ConfUtils.java:logGet(43)) - raft.server.notification.no-leader.timeout = 120s (custom)
2019-10-02 08:04:12,622 [pool-27-thread-1] INFO  server.RaftServerConfigKeys (ConfUtils.java:logGet(43)) - raft.server.log.appender.buffer.byte-limit = 33554432 (custom)
2019-10-02 08:04:12,622 [pool-37-thread-1] INFO  server.RaftServerConfigKeys (ConfUtils.java:logGet(43)) - raft.server.log.purge.gap = 1000000 (custom)
2019-10-02 08:04:12,622 [pool-27-thread-1] INFO  server.RaftServerConfigKeys (ConfUtils.java:logGet(43)) - raft.server.log.segment.size.max = 1048576 (custom)
2019-10-02 08:04:12,622 [pool-47-thread-1] INFO  server.RaftServerConfigKeys (ConfUtils.java:logGet(43)) - raft.server.log.use.memory = false (default)
2019-10-02 08:04:12,623 [pool-27-thread-1] INFO  server.RaftServerConfigKeys (ConfUtils.java:logGet(43)) - raft.server.log.segment.cache.num.max = 2 (custom)
2019-10-02 08:04:12,622 [pool-37-thread-1] INFO  server.RaftServerConfigKeys (ConfUtils.java:logGet(43)) - raft.server.log.appender.buffer.byte-limit = 33554432 (custom)
2019-10-02 08:04:12,623 [pool-27-thread-1] INFO  segmented.SegmentedRaftLogWorker (SegmentedRaftLogWorker.java:<init>(173)) - new 6c71132d-f7e4-4b14-8e85-142ea7240f76@group-56DA967EC7A5-SegmentedRaftLogWorker for RaftStorage:Storage Directory /workdir/hadoop-ozone/integration-test/target/test-dir/MiniOzoneClusterImpl-a80d392e-7f7b-4221-8c82-ca41e3af8537/datanode-0/data/ratis/db39360f-5128-4079-8339-56da967ec7a5
2019-10-02 08:04:12,623 [pool-47-thread-1] INFO  server.RaftServerConfigKeys (ConfUtils.java:logGet(43)) - raft.server.log.purge.gap = 1000000 (custom)
2019-10-02 08:04:12,623 [pool-27-thread-1] INFO  server.RaftServerConfigKeys (ConfUtils.java:logGet(43)) - raft.server.log.queue.byte-limit = 2147483647 (custom)
2019-10-02 08:04:12,623 [pool-37-thread-1] INFO  server.RaftServerConfigKeys (ConfUtils.java:logGet(43)) - raft.server.log.segment.size.max = 1048576 (custom)
2019-10-02 08:04:12,624 [pool-27-thread-1] INFO  server.RaftServerConfigKeys (ConfUtils.java:logGet(43)) - raft.server.log.queue.element-limit = 1024 (custom)
2019-10-02 08:04:12,623 [pool-47-thread-1] INFO  server.RaftServerConfigKeys (ConfUtils.java:logGet(43)) - raft.server.log.appender.buffer.byte-limit = 33554432 (custom)
2019-10-02 08:04:12,624 [pool-27-thread-1] INFO  server.RaftServerConfigKeys (ConfUtils.java:logGet(43)) - raft.server.log.segment.size.max = 1048576 (custom)
2019-10-02 08:04:12,624 [pool-37-thread-1] INFO  server.RaftServerConfigKeys (ConfUtils.java:logGet(43)) - raft.server.log.segment.cache.num.max = 2 (custom)
2019-10-02 08:04:12,624 [pool-27-thread-1] INFO  server.RaftServerConfigKeys (ConfUtils.java:logGet(43)) - raft.server.log.preallocated.size = 16384 (custom)
2019-10-02 08:04:12,624 [pool-47-thread-1] INFO  server.RaftServerConfigKeys (ConfUtils.java:logGet(43)) - raft.server.log.segment.size.max = 1048576 (custom)
2019-10-02 08:04:12,625 [pool-27-thread-1] INFO  server.RaftServerConfigKeys (ConfUtils.java:logGet(43)) - raft.server.log.write.buffer.size = 33554432 (custom)
2019-10-02 08:04:12,624 [pool-37-thread-1] INFO  segmented.SegmentedRaftLogWorker (SegmentedRaftLogWorker.java:<init>(173)) - new 49f66f9f-31d7-4b02-b438-ea1444250cb1@group-56DA967EC7A5-SegmentedRaftLogWorker for RaftStorage:Storage Directory /workdir/hadoop-ozone/integration-test/target/test-dir/MiniOzoneClusterImpl-a80d392e-7f7b-4221-8c82-ca41e3af8537/datanode-1/data/ratis/db39360f-5128-4079-8339-56da967ec7a5
2019-10-02 08:04:12,625 [pool-27-thread-1] INFO  server.RaftServerConfigKeys (ConfUtils.java:logGet(43)) - raft.server.log.force.sync.num = 128 (default)
2019-10-02 08:04:12,625 [pool-47-thread-1] INFO  server.RaftServerConfigKeys (ConfUtils.java:logGet(43)) - raft.server.log.segment.cache.num.max = 2 (custom)
2019-10-02 08:04:12,625 [pool-27-thread-1] INFO  server.RaftServerConfigKeys (ConfUtils.java:logGet(43)) - raft.server.log.statemachine.data.sync = true (default)
2019-10-02 08:04:12,625 [pool-37-thread-1] INFO  server.RaftServerConfigKeys (ConfUtils.java:logGet(43)) - raft.server.log.queue.byte-limit = 2147483647 (custom)
2019-10-02 08:04:12,626 [pool-27-thread-1] INFO  server.RaftServerConfigKeys (ConfUtils.java:logGet(43)) - raft.server.log.statemachine.data.sync.timeout = 10s (default)
2019-10-02 08:04:12,625 [pool-47-thread-1] INFO  segmented.SegmentedRaftLogWorker (SegmentedRaftLogWorker.java:<init>(173)) - new a264a072-92f0-4dc2-99fe-a3f051c5730a@group-56DA967EC7A5-SegmentedRaftLogWorker for RaftStorage:Storage Directory /workdir/hadoop-ozone/integration-test/target/test-dir/MiniOzoneClusterImpl-a80d392e-7f7b-4221-8c82-ca41e3af8537/datanode-2/data/ratis/db39360f-5128-4079-8339-56da967ec7a5
2019-10-02 08:04:12,626 [pool-27-thread-1] INFO  server.RaftServerConfigKeys (ConfUtils.java:logGet(43)) - raft.server.log.statemachine.data.sync.timeout.retry = -1 (default)
2019-10-02 08:04:12,626 [pool-37-thread-1] INFO  server.RaftServerConfigKeys (ConfUtils.java:logGet(43)) - raft.server.log.queue.element-limit = 1024 (custom)
2019-10-02 08:04:12,626 [pool-47-thread-1] INFO  server.RaftServerConfigKeys (ConfUtils.java:logGet(43)) - raft.server.log.queue.byte-limit = 2147483647 (custom)
2019-10-02 08:04:12,626 [pool-27-thread-1] INFO  server.RaftServerConfigKeys (ConfUtils.java:logGet(43)) - raft.server.log.statemachine.data.caching.enabled = true (custom)
2019-10-02 08:04:12,626 [pool-37-thread-1] INFO  server.RaftServerConfigKeys (ConfUtils.java:logGet(43)) - raft.server.log.segment.size.max = 1048576 (custom)
2019-10-02 08:04:12,626 [pool-47-thread-1] INFO  server.RaftServerConfigKeys (ConfUtils.java:logGet(43)) - raft.server.log.queue.element-limit = 1024 (custom)
2019-10-02 08:04:12,627 [pool-37-thread-1] INFO  server.RaftServerConfigKeys (ConfUtils.java:logGet(43)) - raft.server.log.preallocated.size = 16384 (custom)
2019-10-02 08:04:12,627 [pool-47-thread-1] INFO  server.RaftServerConfigKeys (ConfUtils.java:logGet(43)) - raft.server.log.segment.size.max = 1048576 (custom)
2019-10-02 08:04:12,627 [pool-27-thread-1] INFO  segmented.SegmentedRaftLogWorker (SegmentedRaftLogWorker.java:lambda$new$0(128)) - 6c71132d-f7e4-4b14-8e85-142ea7240f76@group-56DA967EC7A5-SegmentedRaftLogWorker: flushIndex: setUnconditionally 0 -> -1
2019-10-02 08:04:12,627 [pool-47-thread-1] INFO  server.RaftServerConfigKeys (ConfUtils.java:logGet(43)) - raft.server.log.preallocated.size = 16384 (custom)
2019-10-02 08:04:12,627 [pool-37-thread-1] INFO  server.RaftServerConfigKeys (ConfUtils.java:logGet(43)) - raft.server.log.write.buffer.size = 33554432 (custom)
2019-10-02 08:04:12,628 [pool-27-thread-1] INFO  server.RaftServerConfigKeys (ConfUtils.java:logGet(43)) - raft.server.snapshot.auto.trigger.enabled = true (custom)
2019-10-02 08:04:12,627 [pool-47-thread-1] INFO  server.RaftServerConfigKeys (ConfUtils.java:logGet(43)) - raft.server.log.write.buffer.size = 33554432 (custom)
2019-10-02 08:04:12,628 [pool-27-thread-1] INFO  server.RaftServerConfigKeys (ConfUtils.java:logGet(43)) - raft.server.snapshot.auto.trigger.threshold = 10000 (custom)
2019-10-02 08:04:12,628 [pool-37-thread-1] INFO  server.RaftServerConfigKeys (ConfUtils.java:logGet(43)) - raft.server.log.force.sync.num = 128 (default)
2019-10-02 08:04:12,628 [pool-27-thread-1] INFO  server.RaftServerConfigKeys (ConfUtils.java:logGet(43)) - raft.server.snapshot.retention.file.num = 5 (custom)
2019-10-02 08:04:12,628 [pool-47-thread-1] INFO  server.RaftServerConfigKeys (ConfUtils.java:logGet(43)) - raft.server.log.force.sync.num = 128 (default)
2019-10-02 08:04:12,629 [pool-27-thread-1] INFO  server.RaftServerConfigKeys (ConfUtils.java:logGet(43)) - raft.server.retrycache.expirytime = 600000ms (custom)
2019-10-02 08:04:12,628 [pool-37-thread-1] INFO  server.RaftServerConfigKeys (ConfUtils.java:logGet(43)) - raft.server.log.statemachine.data.sync = true (default)
2019-10-02 08:04:12,629 [pool-47-thread-1] INFO  server.RaftServerConfigKeys (ConfUtils.java:logGet(43)) - raft.server.log.statemachine.data.sync = true (default)
2019-10-02 08:04:12,629 [pool-37-thread-1] INFO  server.RaftServerConfigKeys (ConfUtils.java:logGet(43)) - raft.server.log.statemachine.data.sync.timeout = 10s (default)
2019-10-02 08:04:12,629 [pool-47-thread-1] INFO  server.RaftServerConfigKeys (ConfUtils.java:logGet(43)) - raft.server.log.statemachine.data.sync.timeout = 10s (default)
2019-10-02 08:04:12,629 [pool-37-thread-1] INFO  server.RaftServerConfigKeys (ConfUtils.java:logGet(43)) - raft.server.log.statemachine.data.sync.timeout.retry = -1 (default)
2019-10-02 08:04:12,630 [pool-47-thread-1] INFO  server.RaftServerConfigKeys (ConfUtils.java:logGet(43)) - raft.server.log.statemachine.data.sync.timeout.retry = -1 (default)
2019-10-02 08:04:12,630 [pool-47-thread-1] INFO  server.RaftServerConfigKeys (ConfUtils.java:logGet(43)) - raft.server.log.statemachine.data.caching.enabled = true (custom)
2019-10-02 08:04:12,630 [pool-37-thread-1] INFO  server.RaftServerConfigKeys (ConfUtils.java:logGet(43)) - raft.server.log.statemachine.data.caching.enabled = true (custom)
2019-10-02 08:04:12,630 [pool-47-thread-1] INFO  segmented.SegmentedRaftLogWorker (SegmentedRaftLogWorker.java:lambda$new$0(128)) - a264a072-92f0-4dc2-99fe-a3f051c5730a@group-56DA967EC7A5-SegmentedRaftLogWorker: flushIndex: setUnconditionally 0 -> -1
2019-10-02 08:04:12,631 [pool-37-thread-1] INFO  segmented.SegmentedRaftLogWorker (SegmentedRaftLogWorker.java:lambda$new$0(128)) - 49f66f9f-31d7-4b02-b438-ea1444250cb1@group-56DA967EC7A5-SegmentedRaftLogWorker: flushIndex: setUnconditionally 0 -> -1
2019-10-02 08:04:12,631 [pool-47-thread-1] INFO  server.RaftServerConfigKeys (ConfUtils.java:logGet(43)) - raft.server.snapshot.auto.trigger.enabled = true (custom)
2019-10-02 08:04:12,631 [pool-47-thread-1] INFO  server.RaftServerConfigKeys (ConfUtils.java:logGet(43)) - raft.server.snapshot.auto.trigger.threshold = 10000 (custom)
2019-10-02 08:04:12,631 [pool-37-thread-1] INFO  server.RaftServerConfigKeys (ConfUtils.java:logGet(43)) - raft.server.snapshot.auto.trigger.enabled = true (custom)
2019-10-02 08:04:12,631 [pool-47-thread-1] INFO  server.RaftServerConfigKeys (ConfUtils.java:logGet(43)) - raft.server.snapshot.retention.file.num = 5 (custom)
2019-10-02 08:04:12,631 [pool-37-thread-1] INFO  server.RaftServerConfigKeys (ConfUtils.java:logGet(43)) - raft.server.snapshot.auto.trigger.threshold = 10000 (custom)
2019-10-02 08:04:12,632 [pool-47-thread-1] INFO  server.RaftServerConfigKeys (ConfUtils.java:logGet(43)) - raft.server.retrycache.expirytime = 600000ms (custom)
2019-10-02 08:04:12,632 [pool-37-thread-1] INFO  server.RaftServerConfigKeys (ConfUtils.java:logGet(43)) - raft.server.snapshot.retention.file.num = 5 (custom)
2019-10-02 08:04:12,632 [pool-37-thread-1] INFO  server.RaftServerConfigKeys (ConfUtils.java:logGet(43)) - raft.server.retrycache.expirytime = 600000ms (custom)
2019-10-02 08:04:12,632 [pool-27-thread-1] INFO  impl.RaftServerImpl (RaftServerImpl.java:start(181)) - 6c71132d-f7e4-4b14-8e85-142ea7240f76@group-56DA967EC7A5: start as a follower, conf=-1: [a264a072-92f0-4dc2-99fe-a3f051c5730a:192.168.151.92:38422, 6c71132d-f7e4-4b14-8e85-142ea7240f76:192.168.151.92:42779, 49f66f9f-31d7-4b02-b438-ea1444250cb1:192.168.151.92:39309], old=null
2019-10-02 08:04:12,632 [pool-27-thread-1] INFO  impl.RaftServerImpl (RaftServerImpl.java:setRole(170)) - 6c71132d-f7e4-4b14-8e85-142ea7240f76@group-56DA967EC7A5: changes role from      null to FOLLOWER at term 0 for startAsFollower
2019-10-02 08:04:12,633 [pool-27-thread-1] INFO  impl.RoleInfo (RoleInfo.java:updateAndGet(143)) - 6c71132d-f7e4-4b14-8e85-142ea7240f76: start FollowerState
2019-10-02 08:04:12,633 [pool-27-thread-1] INFO  util.JmxRegister (JmxRegister.java:tryRegister(44)) - Successfully registered JMX Bean with object name Ratis:service=RaftServer,group=group-56DA967EC7A5,id=6c71132d-f7e4-4b14-8e85-142ea7240f76
2019-10-02 08:04:12,636 [pool-47-thread-1] INFO  impl.RaftServerImpl (RaftServerImpl.java:start(181)) - a264a072-92f0-4dc2-99fe-a3f051c5730a@group-56DA967EC7A5: start as a follower, conf=-1: [a264a072-92f0-4dc2-99fe-a3f051c5730a:192.168.151.92:38422, 6c71132d-f7e4-4b14-8e85-142ea7240f76:192.168.151.92:42779, 49f66f9f-31d7-4b02-b438-ea1444250cb1:192.168.151.92:39309], old=null
2019-10-02 08:04:12,636 [pool-47-thread-1] INFO  impl.RaftServerImpl (RaftServerImpl.java:setRole(170)) - a264a072-92f0-4dc2-99fe-a3f051c5730a@group-56DA967EC7A5: changes role from      null to FOLLOWER at term 0 for startAsFollower
2019-10-02 08:04:12,637 [pool-47-thread-1] INFO  impl.RoleInfo (RoleInfo.java:updateAndGet(143)) - a264a072-92f0-4dc2-99fe-a3f051c5730a: start FollowerState
2019-10-02 08:04:12,637 [pool-47-thread-1] INFO  util.JmxRegister (JmxRegister.java:tryRegister(44)) - Successfully registered JMX Bean with object name Ratis:service=RaftServer,group=group-56DA967EC7A5,id=a264a072-92f0-4dc2-99fe-a3f051c5730a
2019-10-02 08:04:12,637 [pool-37-thread-1] INFO  impl.RaftServerImpl (RaftServerImpl.java:start(181)) - 49f66f9f-31d7-4b02-b438-ea1444250cb1@group-56DA967EC7A5: start as a follower, conf=-1: [a264a072-92f0-4dc2-99fe-a3f051c5730a:192.168.151.92:38422, 6c71132d-f7e4-4b14-8e85-142ea7240f76:192.168.151.92:42779, 49f66f9f-31d7-4b02-b438-ea1444250cb1:192.168.151.92:39309], old=null
2019-10-02 08:04:12,637 [pool-37-thread-1] INFO  impl.RaftServerImpl (RaftServerImpl.java:setRole(170)) - 49f66f9f-31d7-4b02-b438-ea1444250cb1@group-56DA967EC7A5: changes role from      null to FOLLOWER at term 0 for startAsFollower
2019-10-02 08:04:12,638 [pool-37-thread-1] INFO  impl.RoleInfo (RoleInfo.java:updateAndGet(143)) - 49f66f9f-31d7-4b02-b438-ea1444250cb1: start FollowerState
2019-10-02 08:04:12,638 [pool-37-thread-1] INFO  util.JmxRegister (JmxRegister.java:tryRegister(44)) - Successfully registered JMX Bean with object name Ratis:service=RaftServer,group=group-56DA967EC7A5,id=49f66f9f-31d7-4b02-b438-ea1444250cb1
2019-10-02 08:04:12,692 [RatisPipelineUtilsThread] INFO  pipeline.PipelineStateManager (PipelineStateManager.java:addPipeline(56)) - Created pipeline Pipeline[ Id: db39360f-5128-4079-8339-56da967ec7a5, Nodes: 49f66f9f-31d7-4b02-b438-ea1444250cb1{ip: 192.168.151.92, host: pr-trunk-gg4kw-413187789, networkLocation: /default-rack, certSerialId: null}6c71132d-f7e4-4b14-8e85-142ea7240f76{ip: 192.168.151.92, host: pr-trunk-gg4kw-413187789, networkLocation: /default-rack, certSerialId: null}a264a072-92f0-4dc2-99fe-a3f051c5730a{ip: 192.168.151.92, host: pr-trunk-gg4kw-413187789, networkLocation: /default-rack, certSerialId: null}, Type:RATIS, Factor:THREE, State:OPEN]
2019-10-02 08:04:12,752 [grpc-default-executor-2] INFO  impl.RaftServerProxy (RaftServerProxy.java:addNew(89)) - d4e6752e-53f4-46a5-a0f4-35bce0735517: addNew group-1314807B6051:[658c1d16-eec9-4714-8164-e8088513da31:192.168.151.92:44377, d4e6752e-53f4-46a5-a0f4-35bce0735517:192.168.151.92:45748, 40532b6a-e871-45c3-a53d-9bc2cd016ce2:192.168.151.92:34972] returns group-1314807B6051:java.util.concurrent.CompletableFuture@6ac6004b[Not completed]
2019-10-02 08:04:12,754 [grpc-default-executor-1] INFO  impl.RaftServerProxy (RaftServerProxy.java:addNew(89)) - 658c1d16-eec9-4714-8164-e8088513da31: addNew group-1314807B6051:[658c1d16-eec9-4714-8164-e8088513da31:192.168.151.92:44377, d4e6752e-53f4-46a5-a0f4-35bce0735517:192.168.151.92:45748, 40532b6a-e871-45c3-a53d-9bc2cd016ce2:192.168.151.92:34972] returns group-1314807B6051:java.util.concurrent.CompletableFuture@a469e16[Not completed]
2019-10-02 08:04:12,757 [grpc-default-executor-0] INFO  impl.RaftServerProxy (RaftServerProxy.java:addNew(89)) - 40532b6a-e871-45c3-a53d-9bc2cd016ce2: addNew group-1314807B6051:[658c1d16-eec9-4714-8164-e8088513da31:192.168.151.92:44377, d4e6752e-53f4-46a5-a0f4-35bce0735517:192.168.151.92:45748, 40532b6a-e871-45c3-a53d-9bc2cd016ce2:192.168.151.92:34972] returns group-1314807B6051:java.util.concurrent.CompletableFuture@6f5691ec[Not completed]
2019-10-02 08:04:12,758 [pool-57-thread-1] INFO  impl.RaftServerImpl (RaftServerImpl.java:<init>(95)) - d4e6752e-53f4-46a5-a0f4-35bce0735517: new RaftServerImpl for group-1314807B6051:[658c1d16-eec9-4714-8164-e8088513da31:192.168.151.92:44377, d4e6752e-53f4-46a5-a0f4-35bce0735517:192.168.151.92:45748, 40532b6a-e871-45c3-a53d-9bc2cd016ce2:192.168.151.92:34972] with ContainerStateMachine:uninitialized
2019-10-02 08:04:12,758 [pool-57-thread-1] INFO  server.RaftServerConfigKeys (ConfUtils.java:logGet(43)) - raft.server.rpc.timeout.min = 5s (custom)
2019-10-02 08:04:12,759 [pool-57-thread-1] INFO  server.RaftServerConfigKeys (ConfUtils.java:logGet(43)) - raft.server.rpc.timeout.max = 5200ms (custom)
2019-10-02 08:04:12,759 [pool-57-thread-1] INFO  server.RaftServerConfigKeys (ConfUtils.java:logGet(43)) - raft.server.rpcslowness.timeout = 120s (custom)
2019-10-02 08:04:12,759 [pool-57-thread-1] INFO  server.RaftServerConfigKeys (ConfUtils.java:logGet(43)) - raft.server.sleep.deviation.threshold = 300 (default)
2019-10-02 08:04:12,759 [pool-57-thread-1] INFO  server.RaftServerConfigKeys (ConfUtils.java:logGet(43)) - raft.server.log.appender.install.snapshot.enabled = false (custom)
2019-10-02 08:04:12,760 [pool-57-thread-1] INFO  impl.RaftServerImpl (ServerState.java:<init>(103)) - d4e6752e-53f4-46a5-a0f4-35bce0735517@group-1314807B6051: ConfigurationManager, init=-1: [658c1d16-eec9-4714-8164-e8088513da31:192.168.151.92:44377, d4e6752e-53f4-46a5-a0f4-35bce0735517:192.168.151.92:45748, 40532b6a-e871-45c3-a53d-9bc2cd016ce2:192.168.151.92:34972], old=null, confs=<EMPTY_MAP>
2019-10-02 08:04:12,760 [pool-77-thread-1] INFO  impl.RaftServerImpl (RaftServerImpl.java:<init>(95)) - 40532b6a-e871-45c3-a53d-9bc2cd016ce2: new RaftServerImpl for group-1314807B6051:[658c1d16-eec9-4714-8164-e8088513da31:192.168.151.92:44377, d4e6752e-53f4-46a5-a0f4-35bce0735517:192.168.151.92:45748, 40532b6a-e871-45c3-a53d-9bc2cd016ce2:192.168.151.92:34972] with ContainerStateMachine:uninitialized
2019-10-02 08:04:12,760 [pool-57-thread-1] INFO  server.RaftServerConfigKeys (ConfUtils.java:logGet(43)) - raft.server.storage.dir = [/workdir/hadoop-ozone/integration-test/target/test-dir/MiniOzoneClusterImpl-a80d392e-7f7b-4221-8c82-ca41e3af8537/datanode-3/data/ratis] (custom)
2019-10-02 08:04:12,760 [pool-77-thread-1] INFO  server.RaftServerConfigKeys (ConfUtils.java:logGet(43)) - raft.server.rpc.timeout.min = 5s (custom)
2019-10-02 08:04:12,760 [pool-77-thread-1] INFO  server.RaftServerConfigKeys (ConfUtils.java:logGet(43)) - raft.server.rpc.timeout.max = 5200ms (custom)
2019-10-02 08:04:12,760 [pool-57-thread-1] INFO  server.RaftServerConfigKeys (ConfUtils.java:logGet(43)) - raft.server.log.corruption.policy = EXCEPTION (default)
2019-10-02 08:04:12,761 [pool-77-thread-1] INFO  server.RaftServerConfigKeys (ConfUtils.java:logGet(43)) - raft.server.rpcslowness.timeout = 120s (custom)
2019-10-02 08:04:12,761 [pool-57-thread-1] INFO  storage.RaftStorageDirectory (RaftStorageDirectory.java:analyzeStorage(246)) - The storage directory /workdir/hadoop-ozone/integration-test/target/test-dir/MiniOzoneClusterImpl-a80d392e-7f7b-4221-8c82-ca41e3af8537/datanode-3/data/ratis/a3b9d254-c3e3-456e-ad63-1314807b6051 does not exist. Creating ...
2019-10-02 08:04:12,761 [pool-77-thread-1] INFO  server.RaftServerConfigKeys (ConfUtils.java:logGet(43)) - raft.server.sleep.deviation.threshold = 300 (default)
2019-10-02 08:04:12,761 [pool-77-thread-1] INFO  server.RaftServerConfigKeys (ConfUtils.java:logGet(43)) - raft.server.log.appender.install.snapshot.enabled = false (custom)
2019-10-02 08:04:12,761 [pool-77-thread-1] INFO  impl.RaftServerImpl (ServerState.java:<init>(103)) - 40532b6a-e871-45c3-a53d-9bc2cd016ce2@group-1314807B6051: ConfigurationManager, init=-1: [658c1d16-eec9-4714-8164-e8088513da31:192.168.151.92:44377, d4e6752e-53f4-46a5-a0f4-35bce0735517:192.168.151.92:45748, 40532b6a-e871-45c3-a53d-9bc2cd016ce2:192.168.151.92:34972], old=null, confs=<EMPTY_MAP>
2019-10-02 08:04:12,762 [pool-77-thread-1] INFO  server.RaftServerConfigKeys (ConfUtils.java:logGet(43)) - raft.server.storage.dir = [/workdir/hadoop-ozone/integration-test/target/test-dir/MiniOzoneClusterImpl-a80d392e-7f7b-4221-8c82-ca41e3af8537/datanode-5/data/ratis] (custom)
2019-10-02 08:04:12,762 [pool-87-thread-1] INFO  impl.RaftServerImpl (RaftServerImpl.java:<init>(95)) - 658c1d16-eec9-4714-8164-e8088513da31: new RaftServerImpl for group-1314807B6051:[658c1d16-eec9-4714-8164-e8088513da31:192.168.151.92:44377, d4e6752e-53f4-46a5-a0f4-35bce0735517:192.168.151.92:45748, 40532b6a-e871-45c3-a53d-9bc2cd016ce2:192.168.151.92:34972] with ContainerStateMachine:uninitialized
2019-10-02 08:04:12,762 [pool-77-thread-1] INFO  server.RaftServerConfigKeys (ConfUtils.java:logGet(43)) - raft.server.log.corruption.policy = EXCEPTION (default)
2019-10-02 08:04:12,762 [pool-87-thread-1] INFO  server.RaftServerConfigKeys (ConfUtils.java:logGet(43)) - raft.server.rpc.timeout.min = 5s (custom)
2019-10-02 08:04:12,762 [pool-77-thread-1] INFO  storage.RaftStorageDirectory (RaftStorageDirectory.java:analyzeStorage(246)) - The storage directory /workdir/hadoop-ozone/integration-test/target/test-dir/MiniOzoneClusterImpl-a80d392e-7f7b-4221-8c82-ca41e3af8537/datanode-5/data/ratis/a3b9d254-c3e3-456e-ad63-1314807b6051 does not exist. Creating ...
2019-10-02 08:04:12,763 [pool-87-thread-1] INFO  server.RaftServerConfigKeys (ConfUtils.java:logGet(43)) - raft.server.rpc.timeout.max = 5200ms (custom)
2019-10-02 08:04:12,763 [pool-87-thread-1] INFO  server.RaftServerConfigKeys (ConfUtils.java:logGet(43)) - raft.server.rpcslowness.timeout = 120s (custom)
2019-10-02 08:04:12,763 [pool-87-thread-1] INFO  server.RaftServerConfigKeys (ConfUtils.java:logGet(43)) - raft.server.sleep.deviation.threshold = 300 (default)
2019-10-02 08:04:12,764 [pool-87-thread-1] INFO  server.RaftServerConfigKeys (ConfUtils.java:logGet(43)) - raft.server.log.appender.install.snapshot.enabled = false (custom)
2019-10-02 08:04:12,764 [pool-87-thread-1] INFO  impl.RaftServerImpl (ServerState.java:<init>(103)) - 658c1d16-eec9-4714-8164-e8088513da31@group-1314807B6051: ConfigurationManager, init=-1: [658c1d16-eec9-4714-8164-e8088513da31:192.168.151.92:44377, d4e6752e-53f4-46a5-a0f4-35bce0735517:192.168.151.92:45748, 40532b6a-e871-45c3-a53d-9bc2cd016ce2:192.168.151.92:34972], old=null, confs=<EMPTY_MAP>
2019-10-02 08:04:12,764 [pool-87-thread-1] INFO  server.RaftServerConfigKeys (ConfUtils.java:logGet(43)) - raft.server.storage.dir = [/workdir/hadoop-ozone/integration-test/target/test-dir/MiniOzoneClusterImpl-a80d392e-7f7b-4221-8c82-ca41e3af8537/datanode-6/data/ratis] (custom)
2019-10-02 08:04:12,765 [pool-87-thread-1] INFO  server.RaftServerConfigKeys (ConfUtils.java:logGet(43)) - raft.server.log.corruption.policy = EXCEPTION (default)
2019-10-02 08:04:12,765 [pool-87-thread-1] INFO  storage.RaftStorageDirectory (RaftStorageDirectory.java:analyzeStorage(246)) - The storage directory /workdir/hadoop-ozone/integration-test/target/test-dir/MiniOzoneClusterImpl-a80d392e-7f7b-4221-8c82-ca41e3af8537/datanode-6/data/ratis/a3b9d254-c3e3-456e-ad63-1314807b6051 does not exist. Creating ...
2019-10-02 08:04:12,774 [pool-87-thread-1] INFO  storage.RaftStorageDirectory (RaftStorageDirectory.java:tryLock(328)) - Lock on /workdir/hadoop-ozone/integration-test/target/test-dir/MiniOzoneClusterImpl-a80d392e-7f7b-4221-8c82-ca41e3af8537/datanode-6/data/ratis/a3b9d254-c3e3-456e-ad63-1314807b6051/in_use.lock acquired by nodename 28887@pr-trunk-gg4kw-413187789
2019-10-02 08:04:12,774 [pool-77-thread-1] INFO  storage.RaftStorageDirectory (RaftStorageDirectory.java:tryLock(328)) - Lock on /workdir/hadoop-ozone/integration-test/target/test-dir/MiniOzoneClusterImpl-a80d392e-7f7b-4221-8c82-ca41e3af8537/datanode-5/data/ratis/a3b9d254-c3e3-456e-ad63-1314807b6051/in_use.lock acquired by nodename 28887@pr-trunk-gg4kw-413187789
2019-10-02 08:04:12,774 [pool-57-thread-1] INFO  storage.RaftStorageDirectory (RaftStorageDirectory.java:tryLock(328)) - Lock on /workdir/hadoop-ozone/integration-test/target/test-dir/MiniOzoneClusterImpl-a80d392e-7f7b-4221-8c82-ca41e3af8537/datanode-3/data/ratis/a3b9d254-c3e3-456e-ad63-1314807b6051/in_use.lock acquired by nodename 28887@pr-trunk-gg4kw-413187789
2019-10-02 08:04:12,800 [pool-57-thread-1] INFO  storage.RaftStorage (RaftStorage.java:format(84)) - Storage directory /workdir/hadoop-ozone/integration-test/target/test-dir/MiniOzoneClusterImpl-a80d392e-7f7b-4221-8c82-ca41e3af8537/datanode-3/data/ratis/a3b9d254-c3e3-456e-ad63-1314807b6051 has been successfully formatted.
2019-10-02 08:04:12,800 [pool-87-thread-1] INFO  storage.RaftStorage (RaftStorage.java:format(84)) - Storage directory /workdir/hadoop-ozone/integration-test/target/test-dir/MiniOzoneClusterImpl-a80d392e-7f7b-4221-8c82-ca41e3af8537/datanode-6/data/ratis/a3b9d254-c3e3-456e-ad63-1314807b6051 has been successfully formatted.
2019-10-02 08:04:12,800 [pool-77-thread-1] INFO  storage.RaftStorage (RaftStorage.java:format(84)) - Storage directory /workdir/hadoop-ozone/integration-test/target/test-dir/MiniOzoneClusterImpl-a80d392e-7f7b-4221-8c82-ca41e3af8537/datanode-5/data/ratis/a3b9d254-c3e3-456e-ad63-1314807b6051 has been successfully formatted.
2019-10-02 08:04:12,801 [pool-87-thread-1] INFO  ratis.ContainerStateMachine (ContainerStateMachine.java:loadSnapshot(231)) - group-1314807B6051: The snapshot info is null. Setting the last applied indexto:(t:0, i:~)
2019-10-02 08:04:12,800 [pool-57-thread-1] INFO  ratis.ContainerStateMachine (ContainerStateMachine.java:loadSnapshot(231)) - group-1314807B6051: The snapshot info is null. Setting the last applied indexto:(t:0, i:~)
2019-10-02 08:04:12,801 [pool-87-thread-1] INFO  server.RaftServerConfigKeys (ConfUtils.java:logGet(43)) - raft.server.notification.no-leader.timeout = 120s (custom)
2019-10-02 08:04:12,801 [pool-77-thread-1] INFO  ratis.ContainerStateMachine (ContainerStateMachine.java:loadSnapshot(231)) - group-1314807B6051: The snapshot info is null. Setting the last applied indexto:(t:0, i:~)
2019-10-02 08:04:12,801 [pool-87-thread-1] INFO  server.RaftServerConfigKeys (ConfUtils.java:logGet(43)) - raft.server.log.use.memory = false (default)
2019-10-02 08:04:12,801 [pool-57-thread-1] INFO  server.RaftServerConfigKeys (ConfUtils.java:logGet(43)) - raft.server.notification.no-leader.timeout = 120s (custom)
2019-10-02 08:04:12,802 [pool-87-thread-1] INFO  server.RaftServerConfigKeys (ConfUtils.java:logGet(43)) - raft.server.log.purge.gap = 1000000 (custom)
2019-10-02 08:04:12,801 [pool-77-thread-1] INFO  server.RaftServerConfigKeys (ConfUtils.java:logGet(43)) - raft.server.notification.no-leader.timeout = 120s (custom)
2019-10-02 08:04:12,802 [pool-87-thread-1] INFO  server.RaftServerConfigKeys (ConfUtils.java:logGet(43)) - raft.server.log.appender.buffer.byte-limit = 33554432 (custom)
2019-10-02 08:04:12,802 [pool-57-thread-1] INFO  server.RaftServerConfigKeys (ConfUtils.java:logGet(43)) - raft.server.log.use.memory = false (default)
2019-10-02 08:04:12,802 [pool-87-thread-1] INFO  server.RaftServerConfigKeys (ConfUtils.java:logGet(43)) - raft.server.log.segment.size.max = 1048576 (custom)
2019-10-02 08:04:12,802 [pool-77-thread-1] INFO  server.RaftServerConfigKeys (ConfUtils.java:logGet(43)) - raft.server.log.use.memory = false (default)
2019-10-02 08:04:12,803 [pool-87-thread-1] INFO  server.RaftServerConfigKeys (ConfUtils.java:logGet(43)) - raft.server.log.segment.cache.num.max = 2 (custom)
2019-10-02 08:04:12,802 [pool-57-thread-1] INFO  server.RaftServerConfigKeys (ConfUtils.java:logGet(43)) - raft.server.log.purge.gap = 1000000 (custom)
2019-10-02 08:04:12,803 [pool-87-thread-1] INFO  segmented.SegmentedRaftLogWorker (SegmentedRaftLogWorker.java:<init>(173)) - new 658c1d16-eec9-4714-8164-e8088513da31@group-1314807B6051-SegmentedRaftLogWorker for RaftStorage:Storage Directory /workdir/hadoop-ozone/integration-test/target/test-dir/MiniOzoneClusterImpl-a80d392e-7f7b-4221-8c82-ca41e3af8537/datanode-6/data/ratis/a3b9d254-c3e3-456e-ad63-1314807b6051
2019-10-02 08:04:12,803 [pool-77-thread-1] INFO  server.RaftServerConfigKeys (ConfUtils.java:logGet(43)) - raft.server.log.purge.gap = 1000000 (custom)
2019-10-02 08:04:12,803 [pool-87-thread-1] INFO  server.RaftServerConfigKeys (ConfUtils.java:logGet(43)) - raft.server.log.queue.byte-limit = 2147483647 (custom)
2019-10-02 08:04:12,803 [pool-57-thread-1] INFO  server.RaftServerConfigKeys (ConfUtils.java:logGet(43)) - raft.server.log.appender.buffer.byte-limit = 33554432 (custom)
2019-10-02 08:04:12,803 [pool-87-thread-1] INFO  server.RaftServerConfigKeys (ConfUtils.java:logGet(43)) - raft.server.log.queue.element-limit = 1024 (custom)
2019-10-02 08:04:12,803 [pool-77-thread-1] INFO  server.RaftServerConfigKeys (ConfUtils.java:logGet(43)) - raft.server.log.appender.buffer.byte-limit = 33554432 (custom)
2019-10-02 08:04:12,804 [pool-87-thread-1] INFO  server.RaftServerConfigKeys (ConfUtils.java:logGet(43)) - raft.server.log.segment.size.max = 1048576 (custom)
2019-10-02 08:04:12,804 [pool-57-thread-1] INFO  server.RaftServerConfigKeys (ConfUtils.java:logGet(43)) - raft.server.log.segment.size.max = 1048576 (custom)
2019-10-02 08:04:12,804 [pool-87-thread-1] INFO  server.RaftServerConfigKeys (ConfUtils.java:logGet(43)) - raft.server.log.preallocated.size = 16384 (custom)
2019-10-02 08:04:12,804 [pool-77-thread-1] INFO  server.RaftServerConfigKeys (ConfUtils.java:logGet(43)) - raft.server.log.segment.size.max = 1048576 (custom)
2019-10-02 08:04:12,805 [pool-87-thread-1] INFO  server.RaftServerConfigKeys (ConfUtils.java:logGet(43)) - raft.server.log.write.buffer.size = 33554432 (custom)
2019-10-02 08:04:12,804 [pool-57-thread-1] INFO  server.RaftServerConfigKeys (ConfUtils.java:logGet(43)) - raft.server.log.segment.cache.num.max = 2 (custom)
2019-10-02 08:04:12,805 [pool-87-thread-1] INFO  server.RaftServerConfigKeys (ConfUtils.java:logGet(43)) - raft.server.log.force.sync.num = 128 (default)
2019-10-02 08:04:12,805 [pool-77-thread-1] INFO  server.RaftServerConfigKeys (ConfUtils.java:logGet(43)) - raft.server.log.segment.cache.num.max = 2 (custom)
2019-10-02 08:04:12,805 [pool-87-thread-1] INFO  server.RaftServerConfigKeys (ConfUtils.java:logGet(43)) - raft.server.log.statemachine.data.sync = true (default)
2019-10-02 08:04:12,805 [pool-57-thread-1] INFO  segmented.SegmentedRaftLogWorker (SegmentedRaftLogWorker.java:<init>(173)) - new d4e6752e-53f4-46a5-a0f4-35bce0735517@group-1314807B6051-SegmentedRaftLogWorker for RaftStorage:Storage Directory /workdir/hadoop-ozone/integration-test/target/test-dir/MiniOzoneClusterImpl-a80d392e-7f7b-4221-8c82-ca41e3af8537/datanode-3/data/ratis/a3b9d254-c3e3-456e-ad63-1314807b6051
2019-10-02 08:04:12,806 [pool-87-thread-1] INFO  server.RaftServerConfigKeys (ConfUtils.java:logGet(43)) - raft.server.log.statemachine.data.sync.timeout = 10s (default)
2019-10-02 08:04:12,805 [pool-77-thread-1] INFO  segmented.SegmentedRaftLogWorker (SegmentedRaftLogWorker.java:<init>(173)) - new 40532b6a-e871-45c3-a53d-9bc2cd016ce2@group-1314807B6051-SegmentedRaftLogWorker for RaftStorage:Storage Directory /workdir/hadoop-ozone/integration-test/target/test-dir/MiniOzoneClusterImpl-a80d392e-7f7b-4221-8c82-ca41e3af8537/datanode-5/data/ratis/a3b9d254-c3e3-456e-ad63-1314807b6051
2019-10-02 08:04:12,806 [pool-87-thread-1] INFO  server.RaftServerConfigKeys (ConfUtils.java:logGet(43)) - raft.server.log.statemachine.data.sync.timeout.retry = -1 (default)
2019-10-02 08:04:12,806 [pool-57-thread-1] INFO  server.RaftServerConfigKeys (ConfUtils.java:logGet(43)) - raft.server.log.queue.byte-limit = 2147483647 (custom)
2019-10-02 08:04:12,806 [pool-87-thread-1] INFO  server.RaftServerConfigKeys (ConfUtils.java:logGet(43)) - raft.server.log.statemachine.data.caching.enabled = true (custom)
2019-10-02 08:04:12,806 [pool-77-thread-1] INFO  server.RaftServerConfigKeys (ConfUtils.java:logGet(43)) - raft.server.log.queue.byte-limit = 2147483647 (custom)
2019-10-02 08:04:12,807 [pool-77-thread-1] INFO  server.RaftServerConfigKeys (ConfUtils.java:logGet(43)) - raft.server.log.queue.element-limit = 1024 (custom)
2019-10-02 08:04:12,807 [pool-57-thread-1] INFO  server.RaftServerConfigKeys (ConfUtils.java:logGet(43)) - raft.server.log.queue.element-limit = 1024 (custom)
2019-10-02 08:04:12,807 [pool-77-thread-1] INFO  server.RaftServerConfigKeys (ConfUtils.java:logGet(43)) - raft.server.log.segment.size.max = 1048576 (custom)
2019-10-02 08:04:12,807 [pool-87-thread-1] INFO  segmented.SegmentedRaftLogWorker (SegmentedRaftLogWorker.java:lambda$new$0(128)) - 658c1d16-eec9-4714-8164-e8088513da31@group-1314807B6051-SegmentedRaftLogWorker: flushIndex: setUnconditionally 0 -> -1
2019-10-02 08:04:12,807 [pool-77-thread-1] INFO  server.RaftServerConfigKeys (ConfUtils.java:logGet(43)) - raft.server.log.preallocated.size = 16384 (custom)
2019-10-02 08:04:12,807 [pool-57-thread-1] INFO  server.RaftServerConfigKeys (ConfUtils.java:logGet(43)) - raft.server.log.segment.size.max = 1048576 (custom)
2019-10-02 08:04:12,808 [pool-77-thread-1] INFO  server.RaftServerConfigKeys (ConfUtils.java:logGet(43)) - raft.server.log.write.buffer.size = 33554432 (custom)
2019-10-02 08:04:12,808 [pool-87-thread-1] INFO  server.RaftServerConfigKeys (ConfUtils.java:logGet(43)) - raft.server.snapshot.auto.trigger.enabled = true (custom)
2019-10-02 08:04:12,808 [pool-77-thread-1] INFO  server.RaftServerConfigKeys (ConfUtils.java:logGet(43)) - raft.server.log.force.sync.num = 128 (default)
2019-10-02 08:04:12,808 [pool-77-thread-1] INFO  server.RaftServerConfigKeys (ConfUtils.java:logGet(43)) - raft.server.log.statemachine.data.sync = true (default)
2019-10-02 08:04:12,808 [pool-57-thread-1] INFO  server.RaftServerConfigKeys (ConfUtils.java:logGet(43)) - raft.server.log.preallocated.size = 16384 (custom)
2019-10-02 08:04:12,809 [pool-77-thread-1] INFO  server.RaftServerConfigKeys (ConfUtils.java:logGet(43)) - raft.server.log.statemachine.data.sync.timeout = 10s (default)
2019-10-02 08:04:12,808 [pool-87-thread-1] INFO  server.RaftServerConfigKeys (ConfUtils.java:logGet(43)) - raft.server.snapshot.auto.trigger.threshold = 10000 (custom)
2019-10-02 08:04:12,809 [pool-77-thread-1] INFO  server.RaftServerConfigKeys (ConfUtils.java:logGet(43)) - raft.server.log.statemachine.data.sync.timeout.retry = -1 (default)
2019-10-02 08:04:12,809 [pool-57-thread-1] INFO  server.RaftServerConfigKeys (ConfUtils.java:logGet(43)) - raft.server.log.write.buffer.size = 33554432 (custom)
2019-10-02 08:04:12,810 [pool-77-thread-1] INFO  server.RaftServerConfigKeys (ConfUtils.java:logGet(43)) - raft.server.log.statemachine.data.caching.enabled = true (custom)
2019-10-02 08:04:12,809 [pool-87-thread-1] INFO  server.RaftServerConfigKeys (ConfUtils.java:logGet(43)) - raft.server.snapshot.retention.file.num = 5 (custom)
2019-10-02 08:04:12,810 [pool-57-thread-1] INFO  server.RaftServerConfigKeys (ConfUtils.java:logGet(43)) - raft.server.log.force.sync.num = 128 (default)
2019-10-02 08:04:12,810 [pool-77-thread-1] INFO  segmented.SegmentedRaftLogWorker (SegmentedRaftLogWorker.java:lambda$new$0(128)) - 40532b6a-e871-45c3-a53d-9bc2cd016ce2@group-1314807B6051-SegmentedRaftLogWorker: flushIndex: setUnconditionally 0 -> -1
2019-10-02 08:04:12,810 [pool-87-thread-1] INFO  server.RaftServerConfigKeys (ConfUtils.java:logGet(43)) - raft.server.retrycache.expirytime = 600000ms (custom)
2019-10-02 08:04:12,810 [pool-57-thread-1] INFO  server.RaftServerConfigKeys (ConfUtils.java:logGet(43)) - raft.server.log.statemachine.data.sync = true (default)
2019-10-02 08:04:12,810 [pool-77-thread-1] INFO  server.RaftServerConfigKeys (ConfUtils.java:logGet(43)) - raft.server.snapshot.auto.trigger.enabled = true (custom)
2019-10-02 08:04:12,811 [pool-57-thread-1] INFO  server.RaftServerConfigKeys (ConfUtils.java:logGet(43)) - raft.server.log.statemachine.data.sync.timeout = 10s (default)
2019-10-02 08:04:12,811 [pool-77-thread-1] INFO  server.RaftServerConfigKeys (ConfUtils.java:logGet(43)) - raft.server.snapshot.auto.trigger.threshold = 10000 (custom)
2019-10-02 08:04:12,811 [pool-57-thread-1] INFO  server.RaftServerConfigKeys (ConfUtils.java:logGet(43)) - raft.server.log.statemachine.data.sync.timeout.retry = -1 (default)
2019-10-02 08:04:12,811 [pool-77-thread-1] INFO  server.RaftServerConfigKeys (ConfUtils.java:logGet(43)) - raft.server.snapshot.retention.file.num = 5 (custom)
2019-10-02 08:04:12,812 [pool-57-thread-1] INFO  server.RaftServerConfigKeys (ConfUtils.java:logGet(43)) - raft.server.log.statemachine.data.caching.enabled = true (custom)
2019-10-02 08:04:12,812 [pool-77-thread-1] INFO  server.RaftServerConfigKeys (ConfUtils.java:logGet(43)) - raft.server.retrycache.expirytime = 600000ms (custom)
2019-10-02 08:04:12,812 [pool-57-thread-1] INFO  segmented.SegmentedRaftLogWorker (SegmentedRaftLogWorker.java:lambda$new$0(128)) - d4e6752e-53f4-46a5-a0f4-35bce0735517@group-1314807B6051-SegmentedRaftLogWorker: flushIndex: setUnconditionally 0 -> -1
2019-10-02 08:04:12,812 [pool-57-thread-1] INFO  server.RaftServerConfigKeys (ConfUtils.java:logGet(43)) - raft.server.snapshot.auto.trigger.enabled = true (custom)
2019-10-02 08:04:12,813 [pool-57-thread-1] INFO  server.RaftServerConfigKeys (ConfUtils.java:logGet(43)) - raft.server.snapshot.auto.trigger.threshold = 10000 (custom)
2019-10-02 08:04:12,813 [pool-57-thread-1] INFO  server.RaftServerConfigKeys (ConfUtils.java:logGet(43)) - raft.server.snapshot.retention.file.num = 5 (custom)
2019-10-02 08:04:12,813 [pool-57-thread-1] INFO  server.RaftServerConfigKeys (ConfUtils.java:logGet(43)) - raft.server.retrycache.expirytime = 600000ms (custom)
2019-10-02 08:04:12,814 [pool-87-thread-1] INFO  impl.RaftServerImpl (RaftServerImpl.java:start(181)) - 658c1d16-eec9-4714-8164-e8088513da31@group-1314807B6051: start as a follower, conf=-1: [658c1d16-eec9-4714-8164-e8088513da31:192.168.151.92:44377, d4e6752e-53f4-46a5-a0f4-35bce0735517:192.168.151.92:45748, 40532b6a-e871-45c3-a53d-9bc2cd016ce2:192.168.151.92:34972], old=null
2019-10-02 08:04:12,814 [pool-87-thread-1] INFO  impl.RaftServerImpl (RaftServerImpl.java:setRole(170)) - 658c1d16-eec9-4714-8164-e8088513da31@group-1314807B6051: changes role from      null to FOLLOWER at term 0 for startAsFollower
2019-10-02 08:04:12,814 [pool-87-thread-1] INFO  impl.RoleInfo (RoleInfo.java:updateAndGet(143)) - 658c1d16-eec9-4714-8164-e8088513da31: start FollowerState
2019-10-02 08:04:12,815 [pool-87-thread-1] INFO  util.JmxRegister (JmxRegister.java:tryRegister(44)) - Successfully registered JMX Bean with object name Ratis:service=RaftServer,group=group-1314807B6051,id=658c1d16-eec9-4714-8164-e8088513da31
2019-10-02 08:04:12,816 [pool-77-thread-1] INFO  impl.RaftServerImpl (RaftServerImpl.java:start(181)) - 40532b6a-e871-45c3-a53d-9bc2cd016ce2@group-1314807B6051: start as a follower, conf=-1: [658c1d16-eec9-4714-8164-e8088513da31:192.168.151.92:44377, d4e6752e-53f4-46a5-a0f4-35bce0735517:192.168.151.92:45748, 40532b6a-e871-45c3-a53d-9bc2cd016ce2:192.168.151.92:34972], old=null
2019-10-02 08:04:12,816 [pool-77-thread-1] INFO  impl.RaftServerImpl (RaftServerImpl.java:setRole(170)) - 40532b6a-e871-45c3-a53d-9bc2cd016ce2@group-1314807B6051: changes role from      null to FOLLOWER at term 0 for startAsFollower
2019-10-02 08:04:12,816 [pool-77-thread-1] INFO  impl.RoleInfo (RoleInfo.java:updateAndGet(143)) - 40532b6a-e871-45c3-a53d-9bc2cd016ce2: start FollowerState
2019-10-02 08:04:12,817 [pool-77-thread-1] INFO  util.JmxRegister (JmxRegister.java:tryRegister(44)) - Successfully registered JMX Bean with object name Ratis:service=RaftServer,group=group-1314807B6051,id=40532b6a-e871-45c3-a53d-9bc2cd016ce2
2019-10-02 08:04:12,817 [pool-57-thread-1] INFO  impl.RaftServerImpl (RaftServerImpl.java:start(181)) - d4e6752e-53f4-46a5-a0f4-35bce0735517@group-1314807B6051: start as a follower, conf=-1: [658c1d16-eec9-4714-8164-e8088513da31:192.168.151.92:44377, d4e6752e-53f4-46a5-a0f4-35bce0735517:192.168.151.92:45748, 40532b6a-e871-45c3-a53d-9bc2cd016ce2:192.168.151.92:34972], old=null
2019-10-02 08:04:12,817 [pool-57-thread-1] INFO  impl.RaftServerImpl (RaftServerImpl.java:setRole(170)) - d4e6752e-53f4-46a5-a0f4-35bce0735517@group-1314807B6051: changes role from      null to FOLLOWER at term 0 for startAsFollower
2019-10-02 08:04:12,817 [pool-57-thread-1] INFO  impl.RoleInfo (RoleInfo.java:updateAndGet(143)) - d4e6752e-53f4-46a5-a0f4-35bce0735517: start FollowerState
2019-10-02 08:04:12,818 [pool-57-thread-1] INFO  util.JmxRegister (JmxRegister.java:tryRegister(44)) - Successfully registered JMX Bean with object name Ratis:service=RaftServer,group=group-1314807B6051,id=d4e6752e-53f4-46a5-a0f4-35bce0735517
2019-10-02 08:04:12,852 [RatisPipelineUtilsThread] INFO  pipeline.PipelineStateManager (PipelineStateManager.java:addPipeline(56)) - Created pipeline Pipeline[ Id: a3b9d254-c3e3-456e-ad63-1314807b6051, Nodes: d4e6752e-53f4-46a5-a0f4-35bce0735517{ip: 192.168.151.92, host: pr-trunk-gg4kw-413187789, networkLocation: /default-rack, certSerialId: null}40532b6a-e871-45c3-a53d-9bc2cd016ce2{ip: 192.168.151.92, host: pr-trunk-gg4kw-413187789, networkLocation: /default-rack, certSerialId: null}658c1d16-eec9-4714-8164-e8088513da31{ip: 192.168.151.92, host: pr-trunk-gg4kw-413187789, networkLocation: /default-rack, certSerialId: null}, Type:RATIS, Factor:THREE, State:OPEN]
2019-10-02 08:04:13,138 [main] INFO  rpc.RpcClient (RpcClient.java:createVolume(276)) - Creating Volume: testblockoutputstream, with jenkins1000 as owner.
2019-10-02 08:04:13,442 [IPC Server handler 18 on 39977] INFO  volume.OMVolumeCreateRequest (OMVolumeCreateRequest.java:validateAndUpdateCache(194)) - created volume:testblockoutputstream for user:jenkins1000
2019-10-02 08:04:13,763 [main] INFO  rpc.RpcClient (RpcClient.java:createBucket(415)) - Creating Bucket: testblockoutputstream/testblockoutputstream, with Versioning false and Storage Type set to DISK and Encryption set to false 
2019-10-02 08:04:13,789 [main] INFO  ozone.MiniOzoneClusterImpl (MiniOzoneClusterImpl.java:getStorageContainerLocationClient(234)) - Creating StorageContainerLocationProtocol RPC client with address /0.0.0.0:46561
2019-10-02 08:04:13,838 [main] INFO  impl.MetricsSystemImpl (MetricsSystemImpl.java:init(158)) - XceiverClientMetrics metrics system started (again)
2019-10-02 08:04:14,001 [Thread-238] INFO  container.ReplicationManager (ReplicationManager.java:start(162)) - Starting Replication Monitor Thread.
2019-10-02 08:04:14,006 [ReplicationMonitor] INFO  container.ReplicationManager (ReplicationManager.java:run(225)) - Replication Monitor Thread took 4 milliseconds for processing 1 containers.
2019-10-02 08:04:16,856 [Thread-240] INFO  impl.FollowerState (FollowerState.java:run(108)) - 6c71132d-f7e4-4b14-8e85-142ea7240f76@group-6F4406923C56-FollowerState: change to CANDIDATE, lastRpcTime:5059ms, electionTimeout:5058ms
2019-10-02 08:04:16,862 [Thread-240] INFO  impl.RoleInfo (RoleInfo.java:shutdownFollowerState(121)) - 6c71132d-f7e4-4b14-8e85-142ea7240f76: shutdown FollowerState
2019-10-02 08:04:16,863 [Thread-240] INFO  impl.RaftServerImpl (RaftServerImpl.java:setRole(170)) - 6c71132d-f7e4-4b14-8e85-142ea7240f76@group-6F4406923C56: changes role from  FOLLOWER to CANDIDATE at term 0 for changeToCandidate
2019-10-02 08:04:16,871 [Thread-240] INFO  impl.RoleInfo (RoleInfo.java:updateAndGet(143)) - 6c71132d-f7e4-4b14-8e85-142ea7240f76: start LeaderElection
2019-10-02 08:04:16,903 [6c71132d-f7e4-4b14-8e85-142ea7240f76@group-6F4406923C56-LeaderElection1] INFO  impl.LeaderElection (LeaderElection.java:askForVotes(178)) - 6c71132d-f7e4-4b14-8e85-142ea7240f76@group-6F4406923C56-LeaderElection1: begin an election at term 1 for -1: [6c71132d-f7e4-4b14-8e85-142ea7240f76:192.168.151.92:42779], old=null
2019-10-02 08:04:16,905 [6c71132d-f7e4-4b14-8e85-142ea7240f76@group-6F4406923C56-LeaderElection1] INFO  impl.RoleInfo (RoleInfo.java:shutdownLeaderElection(134)) - 6c71132d-f7e4-4b14-8e85-142ea7240f76: shutdown LeaderElection
2019-10-02 08:04:16,906 [6c71132d-f7e4-4b14-8e85-142ea7240f76@group-6F4406923C56-LeaderElection1] INFO  impl.RaftServerImpl (RaftServerImpl.java:setRole(170)) - 6c71132d-f7e4-4b14-8e85-142ea7240f76@group-6F4406923C56: changes role from CANDIDATE to LEADER at term 1 for changeToLeader
2019-10-02 08:04:16,906 [6c71132d-f7e4-4b14-8e85-142ea7240f76@group-6F4406923C56-LeaderElection1] INFO  impl.RaftServerImpl (ServerState.java:setLeader(255)) - 6c71132d-f7e4-4b14-8e85-142ea7240f76@group-6F4406923C56: change Leader from null to 6c71132d-f7e4-4b14-8e85-142ea7240f76 at term 1 for becomeLeader, leader elected after 5238ms
2019-10-02 08:04:16,916 [6c71132d-f7e4-4b14-8e85-142ea7240f76@group-6F4406923C56-LeaderElection1] INFO  server.RaftServerConfigKeys (ConfUtils.java:logGet(43)) - raft.server.staging.catchup.gap = 1000 (default)
2019-10-02 08:04:16,916 [6c71132d-f7e4-4b14-8e85-142ea7240f76@group-6F4406923C56-LeaderElection1] INFO  server.RaftServerConfigKeys (ConfUtils.java:logGet(43)) - raft.server.rpc.sleep.time = 25ms (default)
2019-10-02 08:04:16,922 [6c71132d-f7e4-4b14-8e85-142ea7240f76@group-6F4406923C56-LeaderElection1] INFO  server.RaftServerConfigKeys (ConfUtils.java:logGet(43)) - raft.server.write.element-limit = 4096 (default)
2019-10-02 08:04:16,926 [6c71132d-f7e4-4b14-8e85-142ea7240f76@group-6F4406923C56-LeaderElection1] INFO  server.RaftServerConfigKeys (ConfUtils.java:logGet(43)) - raft.server.watch.timeout = 10s (default)
2019-10-02 08:04:16,926 [6c71132d-f7e4-4b14-8e85-142ea7240f76@group-6F4406923C56-LeaderElection1] INFO  server.RaftServerConfigKeys (ConfUtils.java:logGet(43)) - raft.server.watch.timeout.denomination = 1s (default)
2019-10-02 08:04:16,927 [6c71132d-f7e4-4b14-8e85-142ea7240f76@group-6F4406923C56-LeaderElection1] INFO  server.RaftServerConfigKeys (ConfUtils.java:logGet(43)) - raft.server.watch.element-limit = 65536 (default)
2019-10-02 08:04:16,942 [6c71132d-f7e4-4b14-8e85-142ea7240f76@group-6F4406923C56-LeaderElection1] INFO  impl.RoleInfo (RoleInfo.java:updateAndGet(143)) - 6c71132d-f7e4-4b14-8e85-142ea7240f76: start LeaderState
2019-10-02 08:04:16,971 [6c71132d-f7e4-4b14-8e85-142ea7240f76@group-6F4406923C56-LeaderElection1] INFO  segmented.SegmentedRaftLogWorker (SegmentedRaftLogWorker.java:startLogSegment(385)) - 6c71132d-f7e4-4b14-8e85-142ea7240f76@group-6F4406923C56-SegmentedRaftLogWorker: Starting segment from index:0
2019-10-02 08:04:16,984 [6c71132d-f7e4-4b14-8e85-142ea7240f76@group-6F4406923C56-LeaderElection1] INFO  impl.RaftServerImpl (ServerState.java:setRaftConf(356)) - 6c71132d-f7e4-4b14-8e85-142ea7240f76@group-6F4406923C56: set configuration 0: [6c71132d-f7e4-4b14-8e85-142ea7240f76:192.168.151.92:42779], old=null at 0
2019-10-02 08:04:17,062 [Thread-243] INFO  impl.FollowerState (FollowerState.java:run(108)) - 49f66f9f-31d7-4b02-b438-ea1444250cb1@group-35064C6A626B-FollowerState: change to CANDIDATE, lastRpcTime:5047ms, electionTimeout:5046ms
2019-10-02 08:04:17,064 [Thread-243] INFO  impl.RoleInfo (RoleInfo.java:shutdownFollowerState(121)) - 49f66f9f-31d7-4b02-b438-ea1444250cb1: shutdown FollowerState
2019-10-02 08:04:17,065 [Thread-243] INFO  impl.RaftServerImpl (RaftServerImpl.java:setRole(170)) - 49f66f9f-31d7-4b02-b438-ea1444250cb1@group-35064C6A626B: changes role from  FOLLOWER to CANDIDATE at term 0 for changeToCandidate
2019-10-02 08:04:17,065 [Thread-243] INFO  impl.RoleInfo (RoleInfo.java:updateAndGet(143)) - 49f66f9f-31d7-4b02-b438-ea1444250cb1: start LeaderElection
2019-10-02 08:04:17,095 [49f66f9f-31d7-4b02-b438-ea1444250cb1@group-35064C6A626B-LeaderElection2] INFO  impl.LeaderElection (LeaderElection.java:askForVotes(178)) - 49f66f9f-31d7-4b02-b438-ea1444250cb1@group-35064C6A626B-LeaderElection2: begin an election at term 1 for -1: [49f66f9f-31d7-4b02-b438-ea1444250cb1:192.168.151.92:39309], old=null
2019-10-02 08:04:17,102 [49f66f9f-31d7-4b02-b438-ea1444250cb1@group-35064C6A626B-LeaderElection2] INFO  impl.RoleInfo (RoleInfo.java:shutdownLeaderElection(134)) - 49f66f9f-31d7-4b02-b438-ea1444250cb1: shutdown LeaderElection
2019-10-02 08:04:17,102 [49f66f9f-31d7-4b02-b438-ea1444250cb1@group-35064C6A626B-LeaderElection2] INFO  impl.RaftServerImpl (RaftServerImpl.java:setRole(170)) - 49f66f9f-31d7-4b02-b438-ea1444250cb1@group-35064C6A626B: changes role from CANDIDATE to LEADER at term 1 for changeToLeader
2019-10-02 08:04:17,102 [49f66f9f-31d7-4b02-b438-ea1444250cb1@group-35064C6A626B-LeaderElection2] INFO  impl.RaftServerImpl (ServerState.java:setLeader(255)) - 49f66f9f-31d7-4b02-b438-ea1444250cb1@group-35064C6A626B: change Leader from null to 49f66f9f-31d7-4b02-b438-ea1444250cb1 at term 1 for becomeLeader, leader elected after 5106ms
2019-10-02 08:04:17,104 [49f66f9f-31d7-4b02-b438-ea1444250cb1@group-35064C6A626B-LeaderElection2] INFO  server.RaftServerConfigKeys (ConfUtils.java:logGet(43)) - raft.server.staging.catchup.gap = 1000 (default)
2019-10-02 08:04:17,104 [49f66f9f-31d7-4b02-b438-ea1444250cb1@group-35064C6A626B-LeaderElection2] INFO  server.RaftServerConfigKeys (ConfUtils.java:logGet(43)) - raft.server.rpc.sleep.time = 25ms (default)
2019-10-02 08:04:17,105 [49f66f9f-31d7-4b02-b438-ea1444250cb1@group-35064C6A626B-LeaderElection2] INFO  server.RaftServerConfigKeys (ConfUtils.java:logGet(43)) - raft.server.write.element-limit = 4096 (default)
2019-10-02 08:04:17,105 [49f66f9f-31d7-4b02-b438-ea1444250cb1@group-35064C6A626B-LeaderElection2] INFO  server.RaftServerConfigKeys (ConfUtils.java:logGet(43)) - raft.server.watch.timeout = 10s (default)
2019-10-02 08:04:17,105 [49f66f9f-31d7-4b02-b438-ea1444250cb1@group-35064C6A626B-LeaderElection2] INFO  server.RaftServerConfigKeys (ConfUtils.java:logGet(43)) - raft.server.watch.timeout.denomination = 1s (default)
2019-10-02 08:04:17,105 [49f66f9f-31d7-4b02-b438-ea1444250cb1@group-35064C6A626B-LeaderElection2] INFO  server.RaftServerConfigKeys (ConfUtils.java:logGet(43)) - raft.server.watch.element-limit = 65536 (default)
2019-10-02 08:04:17,110 [49f66f9f-31d7-4b02-b438-ea1444250cb1@group-35064C6A626B-LeaderElection2] INFO  impl.RoleInfo (RoleInfo.java:updateAndGet(143)) - 49f66f9f-31d7-4b02-b438-ea1444250cb1: start LeaderState
2019-10-02 08:04:17,110 [49f66f9f-31d7-4b02-b438-ea1444250cb1@group-35064C6A626B-LeaderElection2] INFO  segmented.SegmentedRaftLogWorker (SegmentedRaftLogWorker.java:startLogSegment(385)) - 49f66f9f-31d7-4b02-b438-ea1444250cb1@group-35064C6A626B-SegmentedRaftLogWorker: Starting segment from index:0
2019-10-02 08:04:17,111 [49f66f9f-31d7-4b02-b438-ea1444250cb1@group-35064C6A626B-LeaderElection2] INFO  impl.RaftServerImpl (ServerState.java:setRaftConf(356)) - 49f66f9f-31d7-4b02-b438-ea1444250cb1@group-35064C6A626B: set configuration 0: [49f66f9f-31d7-4b02-b438-ea1444250cb1:192.168.151.92:39309], old=null at 0
2019-10-02 08:04:17,176 [Thread-246] INFO  impl.FollowerState (FollowerState.java:run(108)) - a264a072-92f0-4dc2-99fe-a3f051c5730a@group-F7E2A2DCAFEF-FollowerState: change to CANDIDATE, lastRpcTime:5019ms, electionTimeout:5019ms
2019-10-02 08:04:17,176 [Thread-246] INFO  impl.RoleInfo (RoleInfo.java:shutdownFollowerState(121)) - a264a072-92f0-4dc2-99fe-a3f051c5730a: shutdown FollowerState
2019-10-02 08:04:17,177 [Thread-246] INFO  impl.RaftServerImpl (RaftServerImpl.java:setRole(170)) - a264a072-92f0-4dc2-99fe-a3f051c5730a@group-F7E2A2DCAFEF: changes role from  FOLLOWER to CANDIDATE at term 0 for changeToCandidate
2019-10-02 08:04:17,177 [Thread-246] INFO  impl.RoleInfo (RoleInfo.java:updateAndGet(143)) - a264a072-92f0-4dc2-99fe-a3f051c5730a: start LeaderElection
2019-10-02 08:04:17,197 [a264a072-92f0-4dc2-99fe-a3f051c5730a@group-F7E2A2DCAFEF-LeaderElection3] INFO  impl.LeaderElection (LeaderElection.java:askForVotes(178)) - a264a072-92f0-4dc2-99fe-a3f051c5730a@group-F7E2A2DCAFEF-LeaderElection3: begin an election at term 1 for -1: [a264a072-92f0-4dc2-99fe-a3f051c5730a:192.168.151.92:38422], old=null
2019-10-02 08:04:17,199 [a264a072-92f0-4dc2-99fe-a3f051c5730a@group-F7E2A2DCAFEF-LeaderElection3] INFO  impl.RoleInfo (RoleInfo.java:shutdownLeaderElection(134)) - a264a072-92f0-4dc2-99fe-a3f051c5730a: shutdown LeaderElection
2019-10-02 08:04:17,199 [a264a072-92f0-4dc2-99fe-a3f051c5730a@group-F7E2A2DCAFEF-LeaderElection3] INFO  impl.RaftServerImpl (RaftServerImpl.java:setRole(170)) - a264a072-92f0-4dc2-99fe-a3f051c5730a@group-F7E2A2DCAFEF: changes role from CANDIDATE to LEADER at term 1 for changeToLeader
2019-10-02 08:04:17,199 [a264a072-92f0-4dc2-99fe-a3f051c5730a@group-F7E2A2DCAFEF-LeaderElection3] INFO  impl.RaftServerImpl (ServerState.java:setLeader(255)) - a264a072-92f0-4dc2-99fe-a3f051c5730a@group-F7E2A2DCAFEF: change Leader from null to a264a072-92f0-4dc2-99fe-a3f051c5730a at term 1 for becomeLeader, leader elected after 5091ms
2019-10-02 08:04:17,201 [a264a072-92f0-4dc2-99fe-a3f051c5730a@group-F7E2A2DCAFEF-LeaderElection3] INFO  server.RaftServerConfigKeys (ConfUtils.java:logGet(43)) - raft.server.staging.catchup.gap = 1000 (default)
2019-10-02 08:04:17,202 [a264a072-92f0-4dc2-99fe-a3f051c5730a@group-F7E2A2DCAFEF-LeaderElection3] INFO  server.RaftServerConfigKeys (ConfUtils.java:logGet(43)) - raft.server.rpc.sleep.time = 25ms (default)
2019-10-02 08:04:17,202 [a264a072-92f0-4dc2-99fe-a3f051c5730a@group-F7E2A2DCAFEF-LeaderElection3] INFO  server.RaftServerConfigKeys (ConfUtils.java:logGet(43)) - raft.server.write.element-limit = 4096 (default)
2019-10-02 08:04:17,202 [a264a072-92f0-4dc2-99fe-a3f051c5730a@group-F7E2A2DCAFEF-LeaderElection3] INFO  server.RaftServerConfigKeys (ConfUtils.java:logGet(43)) - raft.server.watch.timeout = 10s (default)
2019-10-02 08:04:17,202 [a264a072-92f0-4dc2-99fe-a3f051c5730a@group-F7E2A2DCAFEF-LeaderElection3] INFO  server.RaftServerConfigKeys (ConfUtils.java:logGet(43)) - raft.server.watch.timeout.denomination = 1s (default)
2019-10-02 08:04:17,202 [a264a072-92f0-4dc2-99fe-a3f051c5730a@group-F7E2A2DCAFEF-LeaderElection3] INFO  server.RaftServerConfigKeys (ConfUtils.java:logGet(43)) - raft.server.watch.element-limit = 65536 (default)
2019-10-02 08:04:17,205 [a264a072-92f0-4dc2-99fe-a3f051c5730a@group-F7E2A2DCAFEF-LeaderElection3] INFO  impl.RoleInfo (RoleInfo.java:updateAndGet(143)) - a264a072-92f0-4dc2-99fe-a3f051c5730a: start LeaderState
2019-10-02 08:04:17,206 [a264a072-92f0-4dc2-99fe-a3f051c5730a@group-F7E2A2DCAFEF-LeaderElection3] INFO  segmented.SegmentedRaftLogWorker (SegmentedRaftLogWorker.java:startLogSegment(385)) - a264a072-92f0-4dc2-99fe-a3f051c5730a@group-F7E2A2DCAFEF-SegmentedRaftLogWorker: Starting segment from index:0
2019-10-02 08:04:17,207 [a264a072-92f0-4dc2-99fe-a3f051c5730a@group-F7E2A2DCAFEF-LeaderElection3] INFO  impl.RaftServerImpl (ServerState.java:setRaftConf(356)) - a264a072-92f0-4dc2-99fe-a3f051c5730a@group-F7E2A2DCAFEF: set configuration 0: [a264a072-92f0-4dc2-99fe-a3f051c5730a:192.168.151.92:38422], old=null at 0
2019-10-02 08:04:17,305 [49f66f9f-31d7-4b02-b438-ea1444250cb1@group-35064C6A626B-SegmentedRaftLogWorker] INFO  segmented.SegmentedRaftLogWorker (SegmentedRaftLogWorker.java:execute(574)) - 49f66f9f-31d7-4b02-b438-ea1444250cb1@group-35064C6A626B-SegmentedRaftLogWorker: created new log segment /workdir/hadoop-ozone/integration-test/target/test-dir/MiniOzoneClusterImpl-a80d392e-7f7b-4221-8c82-ca41e3af8537/datanode-1/data/ratis/cbd8d09d-c1c2-4bf0-ab4c-35064c6a626b/current/log_inprogress_0
2019-10-02 08:04:17,305 [a264a072-92f0-4dc2-99fe-a3f051c5730a@group-F7E2A2DCAFEF-SegmentedRaftLogWorker] INFO  segmented.SegmentedRaftLogWorker (SegmentedRaftLogWorker.java:execute(574)) - a264a072-92f0-4dc2-99fe-a3f051c5730a@group-F7E2A2DCAFEF-SegmentedRaftLogWorker: created new log segment /workdir/hadoop-ozone/integration-test/target/test-dir/MiniOzoneClusterImpl-a80d392e-7f7b-4221-8c82-ca41e3af8537/datanode-2/data/ratis/679b3072-34a0-4e99-829f-f7e2a2dcafef/current/log_inprogress_0
2019-10-02 08:04:17,305 [6c71132d-f7e4-4b14-8e85-142ea7240f76@group-6F4406923C56-SegmentedRaftLogWorker] INFO  segmented.SegmentedRaftLogWorker (SegmentedRaftLogWorker.java:execute(574)) - 6c71132d-f7e4-4b14-8e85-142ea7240f76@group-6F4406923C56-SegmentedRaftLogWorker: created new log segment /workdir/hadoop-ozone/integration-test/target/test-dir/MiniOzoneClusterImpl-a80d392e-7f7b-4221-8c82-ca41e3af8537/datanode-0/data/ratis/5f5864d1-0698-4347-a57b-6f4406923c56/current/log_inprogress_0
2019-10-02 08:04:17,369 [Thread-249] INFO  impl.FollowerState (FollowerState.java:run(108)) - d4e6752e-53f4-46a5-a0f4-35bce0735517@group-5D4F7DB22D7B-FollowerState: change to CANDIDATE, lastRpcTime:5125ms, electionTimeout:5125ms
2019-10-02 08:04:17,370 [Thread-249] INFO  impl.RoleInfo (RoleInfo.java:shutdownFollowerState(121)) - d4e6752e-53f4-46a5-a0f4-35bce0735517: shutdown FollowerState
2019-10-02 08:04:17,370 [Thread-249] INFO  impl.RaftServerImpl (RaftServerImpl.java:setRole(170)) - d4e6752e-53f4-46a5-a0f4-35bce0735517@group-5D4F7DB22D7B: changes role from  FOLLOWER to CANDIDATE at term 0 for changeToCandidate
2019-10-02 08:04:17,370 [Thread-249] INFO  impl.RoleInfo (RoleInfo.java:updateAndGet(143)) - d4e6752e-53f4-46a5-a0f4-35bce0735517: start LeaderElection
2019-10-02 08:04:17,390 [d4e6752e-53f4-46a5-a0f4-35bce0735517@group-5D4F7DB22D7B-LeaderElection4] INFO  impl.LeaderElection (LeaderElection.java:askForVotes(178)) - d4e6752e-53f4-46a5-a0f4-35bce0735517@group-5D4F7DB22D7B-LeaderElection4: begin an election at term 1 for -1: [d4e6752e-53f4-46a5-a0f4-35bce0735517:192.168.151.92:45748], old=null
2019-10-02 08:04:17,390 [d4e6752e-53f4-46a5-a0f4-35bce0735517@group-5D4F7DB22D7B-LeaderElection4] INFO  impl.RoleInfo (RoleInfo.java:shutdownLeaderElection(134)) - d4e6752e-53f4-46a5-a0f4-35bce0735517: shutdown LeaderElection
2019-10-02 08:04:17,390 [d4e6752e-53f4-46a5-a0f4-35bce0735517@group-5D4F7DB22D7B-LeaderElection4] INFO  impl.RaftServerImpl (RaftServerImpl.java:setRole(170)) - d4e6752e-53f4-46a5-a0f4-35bce0735517@group-5D4F7DB22D7B: changes role from CANDIDATE to LEADER at term 1 for changeToLeader
2019-10-02 08:04:17,390 [d4e6752e-53f4-46a5-a0f4-35bce0735517@group-5D4F7DB22D7B-LeaderElection4] INFO  impl.RaftServerImpl (ServerState.java:setLeader(255)) - d4e6752e-53f4-46a5-a0f4-35bce0735517@group-5D4F7DB22D7B: change Leader from null to d4e6752e-53f4-46a5-a0f4-35bce0735517 at term 1 for becomeLeader, leader elected after 5155ms
2019-10-02 08:04:17,392 [d4e6752e-53f4-46a5-a0f4-35bce0735517@group-5D4F7DB22D7B-LeaderElection4] INFO  server.RaftServerConfigKeys (ConfUtils.java:logGet(43)) - raft.server.staging.catchup.gap = 1000 (default)
2019-10-02 08:04:17,393 [d4e6752e-53f4-46a5-a0f4-35bce0735517@group-5D4F7DB22D7B-LeaderElection4] INFO  server.RaftServerConfigKeys (ConfUtils.java:logGet(43)) - raft.server.rpc.sleep.time = 25ms (default)
2019-10-02 08:04:17,393 [d4e6752e-53f4-46a5-a0f4-35bce0735517@group-5D4F7DB22D7B-LeaderElection4] INFO  server.RaftServerConfigKeys (ConfUtils.java:logGet(43)) - raft.server.write.element-limit = 4096 (default)
2019-10-02 08:04:17,393 [d4e6752e-53f4-46a5-a0f4-35bce0735517@group-5D4F7DB22D7B-LeaderElection4] INFO  server.RaftServerConfigKeys (ConfUtils.java:logGet(43)) - raft.server.watch.timeout = 10s (default)
2019-10-02 08:04:17,393 [d4e6752e-53f4-46a5-a0f4-35bce0735517@group-5D4F7DB22D7B-LeaderElection4] INFO  server.RaftServerConfigKeys (ConfUtils.java:logGet(43)) - raft.server.watch.timeout.denomination = 1s (default)
2019-10-02 08:04:17,394 [d4e6752e-53f4-46a5-a0f4-35bce0735517@group-5D4F7DB22D7B-LeaderElection4] INFO  server.RaftServerConfigKeys (ConfUtils.java:logGet(43)) - raft.server.watch.element-limit = 65536 (default)
2019-10-02 08:04:17,398 [d4e6752e-53f4-46a5-a0f4-35bce0735517@group-5D4F7DB22D7B-LeaderElection4] INFO  impl.RoleInfo (RoleInfo.java:updateAndGet(143)) - d4e6752e-53f4-46a5-a0f4-35bce0735517: start LeaderState
2019-10-02 08:04:17,399 [d4e6752e-53f4-46a5-a0f4-35bce0735517@group-5D4F7DB22D7B-LeaderElection4] INFO  segmented.SegmentedRaftLogWorker (SegmentedRaftLogWorker.java:startLogSegment(385)) - d4e6752e-53f4-46a5-a0f4-35bce0735517@group-5D4F7DB22D7B-SegmentedRaftLogWorker: Starting segment from index:0
2019-10-02 08:04:17,399 [d4e6752e-53f4-46a5-a0f4-35bce0735517@group-5D4F7DB22D7B-LeaderElection4] INFO  impl.RaftServerImpl (ServerState.java:setRaftConf(356)) - d4e6752e-53f4-46a5-a0f4-35bce0735517@group-5D4F7DB22D7B: set configuration 0: [d4e6752e-53f4-46a5-a0f4-35bce0735517:192.168.151.92:45748], old=null at 0
2019-10-02 08:04:17,443 [Thread-252] INFO  impl.FollowerState (FollowerState.java:run(108)) - 40532b6a-e871-45c3-a53d-9bc2cd016ce2@group-9E0133E783FE-FollowerState: change to CANDIDATE, lastRpcTime:5114ms, electionTimeout:5080ms
2019-10-02 08:04:17,443 [Thread-252] INFO  impl.RoleInfo (RoleInfo.java:shutdownFollowerState(121)) - 40532b6a-e871-45c3-a53d-9bc2cd016ce2: shutdown FollowerState
2019-10-02 08:04:17,443 [Thread-252] INFO  impl.RaftServerImpl (RaftServerImpl.java:setRole(170)) - 40532b6a-e871-45c3-a53d-9bc2cd016ce2@group-9E0133E783FE: changes role from  FOLLOWER to CANDIDATE at term 0 for changeToCandidate
2019-10-02 08:04:17,444 [Thread-252] INFO  impl.RoleInfo (RoleInfo.java:updateAndGet(143)) - 40532b6a-e871-45c3-a53d-9bc2cd016ce2: start LeaderElection
2019-10-02 08:04:17,459 [d4e6752e-53f4-46a5-a0f4-35bce0735517@group-5D4F7DB22D7B-SegmentedRaftLogWorker] INFO  segmented.SegmentedRaftLogWorker (SegmentedRaftLogWorker.java:execute(574)) - d4e6752e-53f4-46a5-a0f4-35bce0735517@group-5D4F7DB22D7B-SegmentedRaftLogWorker: created new log segment /workdir/hadoop-ozone/integration-test/target/test-dir/MiniOzoneClusterImpl-a80d392e-7f7b-4221-8c82-ca41e3af8537/datanode-3/data/ratis/d54ae866-9303-4c4f-bc12-5d4f7db22d7b/current/log_inprogress_0
2019-10-02 08:04:17,459 [40532b6a-e871-45c3-a53d-9bc2cd016ce2@group-9E0133E783FE-LeaderElection5] INFO  impl.LeaderElection (LeaderElection.java:askForVotes(178)) - 40532b6a-e871-45c3-a53d-9bc2cd016ce2@group-9E0133E783FE-LeaderElection5: begin an election at term 1 for -1: [40532b6a-e871-45c3-a53d-9bc2cd016ce2:192.168.151.92:34972], old=null
2019-10-02 08:04:17,460 [40532b6a-e871-45c3-a53d-9bc2cd016ce2@group-9E0133E783FE-LeaderElection5] INFO  impl.RoleInfo (RoleInfo.java:shutdownLeaderElection(134)) - 40532b6a-e871-45c3-a53d-9bc2cd016ce2: shutdown LeaderElection
2019-10-02 08:04:17,460 [40532b6a-e871-45c3-a53d-9bc2cd016ce2@group-9E0133E783FE-LeaderElection5] INFO  impl.RaftServerImpl (RaftServerImpl.java:setRole(170)) - 40532b6a-e871-45c3-a53d-9bc2cd016ce2@group-9E0133E783FE: changes role from CANDIDATE to LEADER at term 1 for changeToLeader
2019-10-02 08:04:17,460 [40532b6a-e871-45c3-a53d-9bc2cd016ce2@group-9E0133E783FE-LeaderElection5] INFO  impl.RaftServerImpl (ServerState.java:setLeader(255)) - 40532b6a-e871-45c3-a53d-9bc2cd016ce2@group-9E0133E783FE: change Leader from null to 40532b6a-e871-45c3-a53d-9bc2cd016ce2 at term 1 for becomeLeader, leader elected after 5142ms
2019-10-02 08:04:17,462 [40532b6a-e871-45c3-a53d-9bc2cd016ce2@group-9E0133E783FE-LeaderElection5] INFO  server.RaftServerConfigKeys (ConfUtils.java:logGet(43)) - raft.server.staging.catchup.gap = 1000 (default)
2019-10-02 08:04:17,462 [40532b6a-e871-45c3-a53d-9bc2cd016ce2@group-9E0133E783FE-LeaderElection5] INFO  server.RaftServerConfigKeys (ConfUtils.java:logGet(43)) - raft.server.rpc.sleep.time = 25ms (default)
2019-10-02 08:04:17,462 [40532b6a-e871-45c3-a53d-9bc2cd016ce2@group-9E0133E783FE-LeaderElection5] INFO  server.RaftServerConfigKeys (ConfUtils.java:logGet(43)) - raft.server.write.element-limit = 4096 (default)
2019-10-02 08:04:17,463 [40532b6a-e871-45c3-a53d-9bc2cd016ce2@group-9E0133E783FE-LeaderElection5] INFO  server.RaftServerConfigKeys (ConfUtils.java:logGet(43)) - raft.server.watch.timeout = 10s (default)
2019-10-02 08:04:17,463 [40532b6a-e871-45c3-a53d-9bc2cd016ce2@group-9E0133E783FE-LeaderElection5] INFO  server.RaftServerConfigKeys (ConfUtils.java:logGet(43)) - raft.server.watch.timeout.denomination = 1s (default)
2019-10-02 08:04:17,463 [40532b6a-e871-45c3-a53d-9bc2cd016ce2@group-9E0133E783FE-LeaderElection5] INFO  server.RaftServerConfigKeys (ConfUtils.java:logGet(43)) - raft.server.watch.element-limit = 65536 (default)
2019-10-02 08:04:17,467 [40532b6a-e871-45c3-a53d-9bc2cd016ce2@group-9E0133E783FE-LeaderElection5] INFO  impl.RoleInfo (RoleInfo.java:updateAndGet(143)) - 40532b6a-e871-45c3-a53d-9bc2cd016ce2: start LeaderState
2019-10-02 08:04:17,468 [40532b6a-e871-45c3-a53d-9bc2cd016ce2@group-9E0133E783FE-LeaderElection5] INFO  segmented.SegmentedRaftLogWorker (SegmentedRaftLogWorker.java:startLogSegment(385)) - 40532b6a-e871-45c3-a53d-9bc2cd016ce2@group-9E0133E783FE-SegmentedRaftLogWorker: Starting segment from index:0
2019-10-02 08:04:17,469 [40532b6a-e871-45c3-a53d-9bc2cd016ce2@group-9E0133E783FE-LeaderElection5] INFO  impl.RaftServerImpl (ServerState.java:setRaftConf(356)) - 40532b6a-e871-45c3-a53d-9bc2cd016ce2@group-9E0133E783FE: set configuration 0: [40532b6a-e871-45c3-a53d-9bc2cd016ce2:192.168.151.92:34972], old=null at 0
2019-10-02 08:04:17,521 [40532b6a-e871-45c3-a53d-9bc2cd016ce2@group-9E0133E783FE-SegmentedRaftLogWorker] INFO  segmented.SegmentedRaftLogWorker (SegmentedRaftLogWorker.java:execute(574)) - 40532b6a-e871-45c3-a53d-9bc2cd016ce2@group-9E0133E783FE-SegmentedRaftLogWorker: created new log segment /workdir/hadoop-ozone/integration-test/target/test-dir/MiniOzoneClusterImpl-a80d392e-7f7b-4221-8c82-ca41e3af8537/datanode-5/data/ratis/2d584a5e-1edc-42d3-ae2e-9e0133e783fe/current/log_inprogress_0
2019-10-02 08:04:17,562 [Thread-255] INFO  impl.FollowerState (FollowerState.java:run(108)) - 658c1d16-eec9-4714-8164-e8088513da31@group-040205840AEF-FollowerState: change to CANDIDATE, lastRpcTime:5149ms, electionTimeout:5149ms
2019-10-02 08:04:17,563 [Thread-255] INFO  impl.RoleInfo (RoleInfo.java:shutdownFollowerState(121)) - 658c1d16-eec9-4714-8164-e8088513da31: shutdown FollowerState
2019-10-02 08:04:17,563 [Thread-255] INFO  impl.RaftServerImpl (RaftServerImpl.java:setRole(170)) - 658c1d16-eec9-4714-8164-e8088513da31@group-040205840AEF: changes role from  FOLLOWER to CANDIDATE at term 0 for changeToCandidate
2019-10-02 08:04:17,563 [Thread-255] INFO  impl.RoleInfo (RoleInfo.java:updateAndGet(143)) - 658c1d16-eec9-4714-8164-e8088513da31: start LeaderElection
2019-10-02 08:04:17,568 [Thread-258] INFO  impl.FollowerState (FollowerState.java:run(108)) - fff23513-4ce2-4e58-8e40-e0b60fc7a2a1@group-D9A67AC1466C-FollowerState: change to CANDIDATE, lastRpcTime:5053ms, electionTimeout:5052ms
2019-10-02 08:04:17,568 [Thread-258] INFO  impl.RoleInfo (RoleInfo.java:shutdownFollowerState(121)) - fff23513-4ce2-4e58-8e40-e0b60fc7a2a1: shutdown FollowerState
2019-10-02 08:04:17,568 [Thread-258] INFO  impl.RaftServerImpl (RaftServerImpl.java:setRole(170)) - fff23513-4ce2-4e58-8e40-e0b60fc7a2a1@group-D9A67AC1466C: changes role from  FOLLOWER to CANDIDATE at term 0 for changeToCandidate
2019-10-02 08:04:17,569 [Thread-258] INFO  impl.RoleInfo (RoleInfo.java:updateAndGet(143)) - fff23513-4ce2-4e58-8e40-e0b60fc7a2a1: start LeaderElection
2019-10-02 08:04:17,583 [658c1d16-eec9-4714-8164-e8088513da31@group-040205840AEF-LeaderElection6] INFO  impl.LeaderElection (LeaderElection.java:askForVotes(178)) - 658c1d16-eec9-4714-8164-e8088513da31@group-040205840AEF-LeaderElection6: begin an election at term 1 for -1: [658c1d16-eec9-4714-8164-e8088513da31:192.168.151.92:44377], old=null
2019-10-02 08:04:17,583 [fff23513-4ce2-4e58-8e40-e0b60fc7a2a1@group-D9A67AC1466C-LeaderElection7] INFO  impl.LeaderElection (LeaderElection.java:askForVotes(178)) - fff23513-4ce2-4e58-8e40-e0b60fc7a2a1@group-D9A67AC1466C-LeaderElection7: begin an election at term 1 for -1: [fff23513-4ce2-4e58-8e40-e0b60fc7a2a1:192.168.151.92:35230], old=null
2019-10-02 08:04:17,584 [658c1d16-eec9-4714-8164-e8088513da31@group-040205840AEF-LeaderElection6] INFO  impl.RoleInfo (RoleInfo.java:shutdownLeaderElection(134)) - 658c1d16-eec9-4714-8164-e8088513da31: shutdown LeaderElection
2019-10-02 08:04:17,584 [fff23513-4ce2-4e58-8e40-e0b60fc7a2a1@group-D9A67AC1466C-LeaderElection7] INFO  impl.RoleInfo (RoleInfo.java:shutdownLeaderElection(134)) - fff23513-4ce2-4e58-8e40-e0b60fc7a2a1: shutdown LeaderElection
2019-10-02 08:04:17,584 [658c1d16-eec9-4714-8164-e8088513da31@group-040205840AEF-LeaderElection6] INFO  impl.RaftServerImpl (RaftServerImpl.java:setRole(170)) - 658c1d16-eec9-4714-8164-e8088513da31@group-040205840AEF: changes role from CANDIDATE to LEADER at term 1 for changeToLeader
2019-10-02 08:04:17,584 [fff23513-4ce2-4e58-8e40-e0b60fc7a2a1@group-D9A67AC1466C-LeaderElection7] INFO  impl.RaftServerImpl (RaftServerImpl.java:setRole(170)) - fff23513-4ce2-4e58-8e40-e0b60fc7a2a1@group-D9A67AC1466C: changes role from CANDIDATE to LEADER at term 1 for changeToLeader
2019-10-02 08:04:17,584 [658c1d16-eec9-4714-8164-e8088513da31@group-040205840AEF-LeaderElection6] INFO  impl.RaftServerImpl (ServerState.java:setLeader(255)) - 658c1d16-eec9-4714-8164-e8088513da31@group-040205840AEF: change Leader from null to 658c1d16-eec9-4714-8164-e8088513da31 at term 1 for becomeLeader, leader elected after 5185ms
2019-10-02 08:04:17,584 [fff23513-4ce2-4e58-8e40-e0b60fc7a2a1@group-D9A67AC1466C-LeaderElection7] INFO  impl.RaftServerImpl (ServerState.java:setLeader(255)) - fff23513-4ce2-4e58-8e40-e0b60fc7a2a1@group-D9A67AC1466C: change Leader from null to fff23513-4ce2-4e58-8e40-e0b60fc7a2a1 at term 1 for becomeLeader, leader elected after 5084ms
2019-10-02 08:04:17,587 [658c1d16-eec9-4714-8164-e8088513da31@group-040205840AEF-LeaderElection6] INFO  server.RaftServerConfigKeys (ConfUtils.java:logGet(43)) - raft.server.staging.catchup.gap = 1000 (default)
2019-10-02 08:04:17,589 [fff23513-4ce2-4e58-8e40-e0b60fc7a2a1@group-D9A67AC1466C-LeaderElection7] INFO  server.RaftServerConfigKeys (ConfUtils.java:logGet(43)) - raft.server.staging.catchup.gap = 1000 (default)
2019-10-02 08:04:17,589 [658c1d16-eec9-4714-8164-e8088513da31@group-040205840AEF-LeaderElection6] INFO  server.RaftServerConfigKeys (ConfUtils.java:logGet(43)) - raft.server.rpc.sleep.time = 25ms (default)
2019-10-02 08:04:17,589 [fff23513-4ce2-4e58-8e40-e0b60fc7a2a1@group-D9A67AC1466C-LeaderElection7] INFO  server.RaftServerConfigKeys (ConfUtils.java:logGet(43)) - raft.server.rpc.sleep.time = 25ms (default)
2019-10-02 08:04:17,590 [658c1d16-eec9-4714-8164-e8088513da31@group-040205840AEF-LeaderElection6] INFO  server.RaftServerConfigKeys (ConfUtils.java:logGet(43)) - raft.server.write.element-limit = 4096 (default)
2019-10-02 08:04:17,590 [fff23513-4ce2-4e58-8e40-e0b60fc7a2a1@group-D9A67AC1466C-LeaderElection7] INFO  server.RaftServerConfigKeys (ConfUtils.java:logGet(43)) - raft.server.write.element-limit = 4096 (default)
2019-10-02 08:04:17,590 [658c1d16-eec9-4714-8164-e8088513da31@group-040205840AEF-LeaderElection6] INFO  server.RaftServerConfigKeys (ConfUtils.java:logGet(43)) - raft.server.watch.timeout = 10s (default)
2019-10-02 08:04:17,590 [fff23513-4ce2-4e58-8e40-e0b60fc7a2a1@group-D9A67AC1466C-LeaderElection7] INFO  server.RaftServerConfigKeys (ConfUtils.java:logGet(43)) - raft.server.watch.timeout = 10s (default)
2019-10-02 08:04:17,591 [658c1d16-eec9-4714-8164-e8088513da31@group-040205840AEF-LeaderElection6] INFO  server.RaftServerConfigKeys (ConfUtils.java:logGet(43)) - raft.server.watch.timeout.denomination = 1s (default)
2019-10-02 08:04:17,591 [fff23513-4ce2-4e58-8e40-e0b60fc7a2a1@group-D9A67AC1466C-LeaderElection7] INFO  server.RaftServerConfigKeys (ConfUtils.java:logGet(43)) - raft.server.watch.timeout.denomination = 1s (default)
2019-10-02 08:04:17,591 [658c1d16-eec9-4714-8164-e8088513da31@group-040205840AEF-LeaderElection6] INFO  server.RaftServerConfigKeys (ConfUtils.java:logGet(43)) - raft.server.watch.element-limit = 65536 (default)
2019-10-02 08:04:17,591 [fff23513-4ce2-4e58-8e40-e0b60fc7a2a1@group-D9A67AC1466C-LeaderElection7] INFO  server.RaftServerConfigKeys (ConfUtils.java:logGet(43)) - raft.server.watch.element-limit = 65536 (default)
2019-10-02 08:04:17,596 [658c1d16-eec9-4714-8164-e8088513da31@group-040205840AEF-LeaderElection6] INFO  impl.RoleInfo (RoleInfo.java:updateAndGet(143)) - 658c1d16-eec9-4714-8164-e8088513da31: start LeaderState
2019-10-02 08:04:17,597 [fff23513-4ce2-4e58-8e40-e0b60fc7a2a1@group-D9A67AC1466C-LeaderElection7] INFO  impl.RoleInfo (RoleInfo.java:updateAndGet(143)) - fff23513-4ce2-4e58-8e40-e0b60fc7a2a1: start LeaderState
2019-10-02 08:04:17,597 [658c1d16-eec9-4714-8164-e8088513da31@group-040205840AEF-LeaderElection6] INFO  segmented.SegmentedRaftLogWorker (SegmentedRaftLogWorker.java:startLogSegment(385)) - 658c1d16-eec9-4714-8164-e8088513da31@group-040205840AEF-SegmentedRaftLogWorker: Starting segment from index:0
2019-10-02 08:04:17,597 [fff23513-4ce2-4e58-8e40-e0b60fc7a2a1@group-D9A67AC1466C-LeaderElection7] INFO  segmented.SegmentedRaftLogWorker (SegmentedRaftLogWorker.java:startLogSegment(385)) - fff23513-4ce2-4e58-8e40-e0b60fc7a2a1@group-D9A67AC1466C-SegmentedRaftLogWorker: Starting segment from index:0
2019-10-02 08:04:17,598 [658c1d16-eec9-4714-8164-e8088513da31@group-040205840AEF-LeaderElection6] INFO  impl.RaftServerImpl (ServerState.java:setRaftConf(356)) - 658c1d16-eec9-4714-8164-e8088513da31@group-040205840AEF: set configuration 0: [658c1d16-eec9-4714-8164-e8088513da31:192.168.151.92:44377], old=null at 0
2019-10-02 08:04:17,598 [fff23513-4ce2-4e58-8e40-e0b60fc7a2a1@group-D9A67AC1466C-LeaderElection7] INFO  impl.RaftServerImpl (ServerState.java:setRaftConf(356)) - fff23513-4ce2-4e58-8e40-e0b60fc7a2a1@group-D9A67AC1466C: set configuration 0: [fff23513-4ce2-4e58-8e40-e0b60fc7a2a1:192.168.151.92:35230], old=null at 0
2019-10-02 08:04:17,640 [Thread-264] INFO  impl.FollowerState (FollowerState.java:run(108)) - a264a072-92f0-4dc2-99fe-a3f051c5730a@group-56DA967EC7A5-FollowerState: change to CANDIDATE, lastRpcTime:5003ms, electionTimeout:5002ms
2019-10-02 08:04:17,643 [Thread-264] INFO  impl.RoleInfo (RoleInfo.java:shutdownFollowerState(121)) - a264a072-92f0-4dc2-99fe-a3f051c5730a: shutdown FollowerState
2019-10-02 08:04:17,643 [Thread-264] INFO  impl.RaftServerImpl (RaftServerImpl.java:setRole(170)) - a264a072-92f0-4dc2-99fe-a3f051c5730a@group-56DA967EC7A5: changes role from  FOLLOWER to CANDIDATE at term 0 for changeToCandidate
2019-10-02 08:04:17,643 [Thread-264] INFO  impl.RoleInfo (RoleInfo.java:updateAndGet(143)) - a264a072-92f0-4dc2-99fe-a3f051c5730a: start LeaderElection
2019-10-02 08:04:17,652 [658c1d16-eec9-4714-8164-e8088513da31@group-040205840AEF-SegmentedRaftLogWorker] INFO  segmented.SegmentedRaftLogWorker (SegmentedRaftLogWorker.java:execute(574)) - 658c1d16-eec9-4714-8164-e8088513da31@group-040205840AEF-SegmentedRaftLogWorker: created new log segment /workdir/hadoop-ozone/integration-test/target/test-dir/MiniOzoneClusterImpl-a80d392e-7f7b-4221-8c82-ca41e3af8537/datanode-6/data/ratis/31efb924-22ee-45aa-82b4-040205840aef/current/log_inprogress_0
2019-10-02 08:04:17,652 [fff23513-4ce2-4e58-8e40-e0b60fc7a2a1@group-D9A67AC1466C-SegmentedRaftLogWorker] INFO  segmented.SegmentedRaftLogWorker (SegmentedRaftLogWorker.java:execute(574)) - fff23513-4ce2-4e58-8e40-e0b60fc7a2a1@group-D9A67AC1466C-SegmentedRaftLogWorker: created new log segment /workdir/hadoop-ozone/integration-test/target/test-dir/MiniOzoneClusterImpl-a80d392e-7f7b-4221-8c82-ca41e3af8537/datanode-4/data/ratis/f0874e5e-9ef4-4fbf-8f12-d9a67ac1466c/current/log_inprogress_0
2019-10-02 08:04:17,652 [a264a072-92f0-4dc2-99fe-a3f051c5730a@group-56DA967EC7A5-LeaderElection8] INFO  impl.LeaderElection (LeaderElection.java:askForVotes(178)) - a264a072-92f0-4dc2-99fe-a3f051c5730a@group-56DA967EC7A5-LeaderElection8: begin an election at term 1 for -1: [a264a072-92f0-4dc2-99fe-a3f051c5730a:192.168.151.92:38422, 6c71132d-f7e4-4b14-8e85-142ea7240f76:192.168.151.92:42779, 49f66f9f-31d7-4b02-b438-ea1444250cb1:192.168.151.92:39309], old=null
2019-10-02 08:04:17,678 [grpc-default-executor-0] INFO  impl.RaftServerImpl (RaftServerImpl.java:setRole(170)) - 6c71132d-f7e4-4b14-8e85-142ea7240f76@group-56DA967EC7A5: changes role from  FOLLOWER to FOLLOWER at term 1 for recognizeCandidate:a264a072-92f0-4dc2-99fe-a3f051c5730a
2019-10-02 08:04:17,678 [grpc-default-executor-1] INFO  impl.RaftServerImpl (RaftServerImpl.java:setRole(170)) - 49f66f9f-31d7-4b02-b438-ea1444250cb1@group-56DA967EC7A5: changes role from  FOLLOWER to FOLLOWER at term 1 for recognizeCandidate:a264a072-92f0-4dc2-99fe-a3f051c5730a
2019-10-02 08:04:17,679 [grpc-default-executor-0] INFO  impl.RoleInfo (RoleInfo.java:shutdownFollowerState(121)) - 6c71132d-f7e4-4b14-8e85-142ea7240f76: shutdown FollowerState
2019-10-02 08:04:17,679 [grpc-default-executor-1] INFO  impl.RoleInfo (RoleInfo.java:shutdownFollowerState(121)) - 49f66f9f-31d7-4b02-b438-ea1444250cb1: shutdown FollowerState
2019-10-02 08:04:17,679 [grpc-default-executor-0] INFO  impl.RoleInfo (RoleInfo.java:updateAndGet(143)) - 6c71132d-f7e4-4b14-8e85-142ea7240f76: start FollowerState
2019-10-02 08:04:17,679 [grpc-default-executor-1] INFO  impl.RoleInfo (RoleInfo.java:updateAndGet(143)) - 49f66f9f-31d7-4b02-b438-ea1444250cb1: start FollowerState
2019-10-02 08:04:17,679 [Thread-265] INFO  impl.FollowerState (FollowerState.java:run(117)) - 49f66f9f-31d7-4b02-b438-ea1444250cb1@group-56DA967EC7A5-FollowerState was interrupted: java.lang.InterruptedException: sleep interrupted
2019-10-02 08:04:17,679 [Thread-263] INFO  impl.FollowerState (FollowerState.java:run(117)) - 6c71132d-f7e4-4b14-8e85-142ea7240f76@group-56DA967EC7A5-FollowerState was interrupted: java.lang.InterruptedException: sleep interrupted
2019-10-02 08:04:17,721 [a264a072-92f0-4dc2-99fe-a3f051c5730a@group-56DA967EC7A5-LeaderElection8] INFO  impl.LeaderElection (LeaderElection.java:logAndReturn(56)) - a264a072-92f0-4dc2-99fe-a3f051c5730a@group-56DA967EC7A5-LeaderElection8: Election PASSED; received 1 response(s) [a264a072-92f0-4dc2-99fe-a3f051c5730a<-49f66f9f-31d7-4b02-b438-ea1444250cb1#0:OK-t1] and 0 exception(s); a264a072-92f0-4dc2-99fe-a3f051c5730a@group-56DA967EC7A5:t1, leader=null, voted=a264a072-92f0-4dc2-99fe-a3f051c5730a, raftlog=a264a072-92f0-4dc2-99fe-a3f051c5730a@group-56DA967EC7A5-SegmentedRaftLog:OPENED:c-1,f-1,i0, conf=-1: [a264a072-92f0-4dc2-99fe-a3f051c5730a:192.168.151.92:38422, 6c71132d-f7e4-4b14-8e85-142ea7240f76:192.168.151.92:42779, 49f66f9f-31d7-4b02-b438-ea1444250cb1:192.168.151.92:39309], old=null
2019-10-02 08:04:17,721 [a264a072-92f0-4dc2-99fe-a3f051c5730a@group-56DA967EC7A5-LeaderElection8] INFO  impl.RoleInfo (RoleInfo.java:shutdownLeaderElection(134)) - a264a072-92f0-4dc2-99fe-a3f051c5730a: shutdown LeaderElection
2019-10-02 08:04:17,724 [a264a072-92f0-4dc2-99fe-a3f051c5730a@group-56DA967EC7A5-LeaderElection8] INFO  impl.RaftServerImpl (RaftServerImpl.java:setRole(170)) - a264a072-92f0-4dc2-99fe-a3f051c5730a@group-56DA967EC7A5: changes role from CANDIDATE to LEADER at term 1 for changeToLeader
2019-10-02 08:04:17,725 [a264a072-92f0-4dc2-99fe-a3f051c5730a@group-56DA967EC7A5-LeaderElection8] INFO  impl.RaftServerImpl (ServerState.java:setLeader(255)) - a264a072-92f0-4dc2-99fe-a3f051c5730a@group-56DA967EC7A5: change Leader from null to a264a072-92f0-4dc2-99fe-a3f051c5730a at term 1 for becomeLeader, leader elected after 5103ms
2019-10-02 08:04:17,725 [a264a072-92f0-4dc2-99fe-a3f051c5730a@group-56DA967EC7A5-LeaderElection8] INFO  server.RaftServerConfigKeys (ConfUtils.java:logGet(43)) - raft.server.staging.catchup.gap = 1000 (default)
2019-10-02 08:04:17,725 [a264a072-92f0-4dc2-99fe-a3f051c5730a@group-56DA967EC7A5-LeaderElection8] INFO  server.RaftServerConfigKeys (ConfUtils.java:logGet(43)) - raft.server.rpc.sleep.time = 25ms (default)
2019-10-02 08:04:17,725 [a264a072-92f0-4dc2-99fe-a3f051c5730a@group-56DA967EC7A5-LeaderElection8] INFO  server.RaftServerConfigKeys (ConfUtils.java:logGet(43)) - raft.server.write.element-limit = 4096 (default)
2019-10-02 08:04:17,726 [a264a072-92f0-4dc2-99fe-a3f051c5730a@group-56DA967EC7A5-LeaderElection8] INFO  server.RaftServerConfigKeys (ConfUtils.java:logGet(43)) - raft.server.watch.timeout = 10s (default)
2019-10-02 08:04:17,726 [a264a072-92f0-4dc2-99fe-a3f051c5730a@group-56DA967EC7A5-LeaderElection8] INFO  server.RaftServerConfigKeys (ConfUtils.java:logGet(43)) - raft.server.watch.timeout.denomination = 1s (default)
2019-10-02 08:04:17,726 [a264a072-92f0-4dc2-99fe-a3f051c5730a@group-56DA967EC7A5-LeaderElection8] INFO  server.RaftServerConfigKeys (ConfUtils.java:logGet(43)) - raft.server.watch.element-limit = 65536 (default)
2019-10-02 08:04:17,734 [a264a072-92f0-4dc2-99fe-a3f051c5730a@group-56DA967EC7A5-LeaderElection8] INFO  server.RaftServerConfigKeys (ConfUtils.java:logGet(43)) - raft.server.log.appender.snapshot.chunk.size.max = 16MB (=16777216) (default)
2019-10-02 08:04:17,735 [a264a072-92f0-4dc2-99fe-a3f051c5730a@group-56DA967EC7A5-LeaderElection8] INFO  server.RaftServerConfigKeys (ConfUtils.java:logGet(43)) - raft.server.log.appender.buffer.byte-limit = 33554432 (custom)
2019-10-02 08:04:17,736 [a264a072-92f0-4dc2-99fe-a3f051c5730a@group-56DA967EC7A5-LeaderElection8] INFO  server.RaftServerConfigKeys (ConfUtils.java:logGet(43)) - raft.server.log.appender.buffer.element-limit = 1 (custom)
2019-10-02 08:04:17,741 [a264a072-92f0-4dc2-99fe-a3f051c5730a@group-56DA967EC7A5-LeaderElection8] INFO  grpc.GrpcConfigKeys$Server (ConfUtils.java:logGet(43)) - raft.grpc.server.leader.outstanding.appends.max = 128 (default)
2019-10-02 08:04:17,741 [a264a072-92f0-4dc2-99fe-a3f051c5730a@group-56DA967EC7A5-LeaderElection8] INFO  server.RaftServerConfigKeys (ConfUtils.java:logGet(43)) - raft.server.rpc.request.timeout = 3000ms (default)
2019-10-02 08:04:17,741 [a264a072-92f0-4dc2-99fe-a3f051c5730a@group-56DA967EC7A5-LeaderElection8] INFO  server.RaftServerConfigKeys (ConfUtils.java:logGet(43)) - raft.server.log.appender.install.snapshot.enabled = false (custom)
2019-10-02 08:04:17,743 [a264a072-92f0-4dc2-99fe-a3f051c5730a@group-56DA967EC7A5-LeaderElection8] INFO  server.RaftServerConfigKeys (ConfUtils.java:logGet(43)) - raft.server.log.appender.snapshot.chunk.size.max = 16MB (=16777216) (default)
2019-10-02 08:04:17,743 [a264a072-92f0-4dc2-99fe-a3f051c5730a@group-56DA967EC7A5-LeaderElection8] INFO  server.RaftServerConfigKeys (ConfUtils.java:logGet(43)) - raft.server.log.appender.buffer.byte-limit = 33554432 (custom)
2019-10-02 08:04:17,743 [a264a072-92f0-4dc2-99fe-a3f051c5730a@group-56DA967EC7A5-LeaderElection8] INFO  server.RaftServerConfigKeys (ConfUtils.java:logGet(43)) - raft.server.log.appender.buffer.element-limit = 1 (custom)
2019-10-02 08:04:17,743 [a264a072-92f0-4dc2-99fe-a3f051c5730a@group-56DA967EC7A5-LeaderElection8] INFO  grpc.GrpcConfigKeys$Server (ConfUtils.java:logGet(43)) - raft.grpc.server.leader.outstanding.appends.max = 128 (default)
2019-10-02 08:04:17,744 [a264a072-92f0-4dc2-99fe-a3f051c5730a@group-56DA967EC7A5-LeaderElection8] INFO  server.RaftServerConfigKeys (ConfUtils.java:logGet(43)) - raft.server.rpc.request.timeout = 3000ms (default)
2019-10-02 08:04:17,744 [a264a072-92f0-4dc2-99fe-a3f051c5730a@group-56DA967EC7A5-LeaderElection8] INFO  server.RaftServerConfigKeys (ConfUtils.java:logGet(43)) - raft.server.log.appender.install.snapshot.enabled = false (custom)
2019-10-02 08:04:17,746 [a264a072-92f0-4dc2-99fe-a3f051c5730a@group-56DA967EC7A5-LeaderElection8] INFO  impl.RoleInfo (RoleInfo.java:updateAndGet(143)) - a264a072-92f0-4dc2-99fe-a3f051c5730a: start LeaderState
2019-10-02 08:04:17,746 [a264a072-92f0-4dc2-99fe-a3f051c5730a@group-56DA967EC7A5-LeaderElection8] INFO  segmented.SegmentedRaftLogWorker (SegmentedRaftLogWorker.java:startLogSegment(385)) - a264a072-92f0-4dc2-99fe-a3f051c5730a@group-56DA967EC7A5-SegmentedRaftLogWorker: Starting segment from index:0
2019-10-02 08:04:17,747 [a264a072-92f0-4dc2-99fe-a3f051c5730a@group-56DA967EC7A5-LeaderElection8] INFO  impl.RaftServerImpl (ServerState.java:setRaftConf(356)) - a264a072-92f0-4dc2-99fe-a3f051c5730a@group-56DA967EC7A5: set configuration 0: [a264a072-92f0-4dc2-99fe-a3f051c5730a:192.168.151.92:38422, 6c71132d-f7e4-4b14-8e85-142ea7240f76:192.168.151.92:42779, 49f66f9f-31d7-4b02-b438-ea1444250cb1:192.168.151.92:39309], old=null at 0
2019-10-02 08:04:17,798 [a264a072-92f0-4dc2-99fe-a3f051c5730a@group-56DA967EC7A5-SegmentedRaftLogWorker] INFO  segmented.SegmentedRaftLogWorker (SegmentedRaftLogWorker.java:execute(574)) - a264a072-92f0-4dc2-99fe-a3f051c5730a@group-56DA967EC7A5-SegmentedRaftLogWorker: created new log segment /workdir/hadoop-ozone/integration-test/target/test-dir/MiniOzoneClusterImpl-a80d392e-7f7b-4221-8c82-ca41e3af8537/datanode-2/data/ratis/db39360f-5128-4079-8339-56da967ec7a5/current/log_inprogress_0
2019-10-02 08:04:17,824 [grpc-default-executor-0] INFO  impl.RaftServerImpl (ServerState.java:setLeader(255)) - 49f66f9f-31d7-4b02-b438-ea1444250cb1@group-56DA967EC7A5: change Leader from null to a264a072-92f0-4dc2-99fe-a3f051c5730a at term 1 for appendEntries, leader elected after 5203ms
2019-10-02 08:04:17,824 [grpc-default-executor-1] INFO  impl.RaftServerImpl (ServerState.java:setLeader(255)) - 6c71132d-f7e4-4b14-8e85-142ea7240f76@group-56DA967EC7A5: change Leader from null to a264a072-92f0-4dc2-99fe-a3f051c5730a at term 1 for appendEntries, leader elected after 5202ms
2019-10-02 08:04:17,837 [Thread-274] INFO  impl.FollowerState (FollowerState.java:run(108)) - 40532b6a-e871-45c3-a53d-9bc2cd016ce2@group-1314807B6051-FollowerState: change to CANDIDATE, lastRpcTime:5020ms, electionTimeout:5019ms
2019-10-02 08:04:17,837 [Thread-274] INFO  impl.RoleInfo (RoleInfo.java:shutdownFollowerState(121)) - 40532b6a-e871-45c3-a53d-9bc2cd016ce2: shutdown FollowerState
2019-10-02 08:04:17,837 [Thread-274] INFO  impl.RaftServerImpl (RaftServerImpl.java:setRole(170)) - 40532b6a-e871-45c3-a53d-9bc2cd016ce2@group-1314807B6051: changes role from  FOLLOWER to CANDIDATE at term 0 for changeToCandidate
2019-10-02 08:04:17,838 [Thread-274] INFO  impl.RoleInfo (RoleInfo.java:updateAndGet(143)) - 40532b6a-e871-45c3-a53d-9bc2cd016ce2: start LeaderElection
2019-10-02 08:04:17,856 [40532b6a-e871-45c3-a53d-9bc2cd016ce2@group-1314807B6051-LeaderElection9] INFO  impl.LeaderElection (LeaderElection.java:askForVotes(178)) - 40532b6a-e871-45c3-a53d-9bc2cd016ce2@group-1314807B6051-LeaderElection9: begin an election at term 1 for -1: [658c1d16-eec9-4714-8164-e8088513da31:192.168.151.92:44377, d4e6752e-53f4-46a5-a0f4-35bce0735517:192.168.151.92:45748, 40532b6a-e871-45c3-a53d-9bc2cd016ce2:192.168.151.92:34972], old=null
2019-10-02 08:04:17,882 [Thread-275] INFO  impl.FollowerState (FollowerState.java:run(108)) - d4e6752e-53f4-46a5-a0f4-35bce0735517@group-1314807B6051-FollowerState: change to CANDIDATE, lastRpcTime:5064ms, electionTimeout:5055ms
2019-10-02 08:04:17,883 [Thread-275] INFO  impl.RoleInfo (RoleInfo.java:shutdownFollowerState(121)) - d4e6752e-53f4-46a5-a0f4-35bce0735517: shutdown FollowerState
2019-10-02 08:04:17,883 [Thread-275] INFO  impl.RaftServerImpl (RaftServerImpl.java:setRole(170)) - d4e6752e-53f4-46a5-a0f4-35bce0735517@group-1314807B6051: changes role from  FOLLOWER to CANDIDATE at term 0 for changeToCandidate
2019-10-02 08:04:17,883 [Thread-275] INFO  impl.RoleInfo (RoleInfo.java:updateAndGet(143)) - d4e6752e-53f4-46a5-a0f4-35bce0735517: start LeaderElection
2019-10-02 08:04:17,890 [Thread-273] INFO  impl.FollowerState (FollowerState.java:run(108)) - 658c1d16-eec9-4714-8164-e8088513da31@group-1314807B6051-FollowerState: change to CANDIDATE, lastRpcTime:5073ms, electionTimeout:5073ms
2019-10-02 08:04:17,890 [Thread-273] INFO  impl.RoleInfo (RoleInfo.java:shutdownFollowerState(121)) - 658c1d16-eec9-4714-8164-e8088513da31: shutdown FollowerState
2019-10-02 08:04:17,890 [Thread-273] INFO  impl.RaftServerImpl (RaftServerImpl.java:setRole(170)) - 658c1d16-eec9-4714-8164-e8088513da31@group-1314807B6051: changes role from  FOLLOWER to CANDIDATE at term 0 for changeToCandidate
2019-10-02 08:04:17,891 [Thread-273] INFO  impl.RoleInfo (RoleInfo.java:updateAndGet(143)) - 658c1d16-eec9-4714-8164-e8088513da31: start LeaderElection
2019-10-02 08:04:17,909 [658c1d16-eec9-4714-8164-e8088513da31@group-1314807B6051-LeaderElection11] INFO  impl.LeaderElection (LeaderElection.java:askForVotes(178)) - 658c1d16-eec9-4714-8164-e8088513da31@group-1314807B6051-LeaderElection11: begin an election at term 1 for -1: [658c1d16-eec9-4714-8164-e8088513da31:192.168.151.92:44377, d4e6752e-53f4-46a5-a0f4-35bce0735517:192.168.151.92:45748, 40532b6a-e871-45c3-a53d-9bc2cd016ce2:192.168.151.92:34972], old=null
2019-10-02 08:04:17,909 [d4e6752e-53f4-46a5-a0f4-35bce0735517@group-1314807B6051-LeaderElection10] INFO  impl.LeaderElection (LeaderElection.java:askForVotes(178)) - d4e6752e-53f4-46a5-a0f4-35bce0735517@group-1314807B6051-LeaderElection10: begin an election at term 1 for -1: [658c1d16-eec9-4714-8164-e8088513da31:192.168.151.92:44377, d4e6752e-53f4-46a5-a0f4-35bce0735517:192.168.151.92:45748, 40532b6a-e871-45c3-a53d-9bc2cd016ce2:192.168.151.92:34972], old=null
2019-10-02 08:04:17,923 [grpc-default-executor-0] INFO  impl.RaftServerImpl (ServerState.java:setRaftConf(356)) - 6c71132d-f7e4-4b14-8e85-142ea7240f76@group-56DA967EC7A5: set configuration 0: [a264a072-92f0-4dc2-99fe-a3f051c5730a:192.168.151.92:38422, 6c71132d-f7e4-4b14-8e85-142ea7240f76:192.168.151.92:42779, 49f66f9f-31d7-4b02-b438-ea1444250cb1:192.168.151.92:39309], old=null at 0
2019-10-02 08:04:17,923 [grpc-default-executor-1] INFO  impl.RaftServerImpl (ServerState.java:setRaftConf(356)) - 49f66f9f-31d7-4b02-b438-ea1444250cb1@group-56DA967EC7A5: set configuration 0: [a264a072-92f0-4dc2-99fe-a3f051c5730a:192.168.151.92:38422, 6c71132d-f7e4-4b14-8e85-142ea7240f76:192.168.151.92:42779, 49f66f9f-31d7-4b02-b438-ea1444250cb1:192.168.151.92:39309], old=null at 0
2019-10-02 08:04:17,925 [grpc-default-executor-0] INFO  segmented.SegmentedRaftLogWorker (SegmentedRaftLogWorker.java:startLogSegment(385)) - 6c71132d-f7e4-4b14-8e85-142ea7240f76@group-56DA967EC7A5-SegmentedRaftLogWorker: Starting segment from index:0
2019-10-02 08:04:17,928 [grpc-default-executor-1] INFO  segmented.SegmentedRaftLogWorker (SegmentedRaftLogWorker.java:startLogSegment(385)) - 49f66f9f-31d7-4b02-b438-ea1444250cb1@group-56DA967EC7A5-SegmentedRaftLogWorker: Starting segment from index:0
2019-10-02 08:04:17,959 [40532b6a-e871-45c3-a53d-9bc2cd016ce2@group-1314807B6051-LeaderElection9] INFO  impl.LeaderElection (LeaderElection.java:logAndReturn(56)) - 40532b6a-e871-45c3-a53d-9bc2cd016ce2@group-1314807B6051-LeaderElection9: Election REJECTED; received 2 response(s) [40532b6a-e871-45c3-a53d-9bc2cd016ce2<-658c1d16-eec9-4714-8164-e8088513da31#0:FAIL-t1, 40532b6a-e871-45c3-a53d-9bc2cd016ce2<-d4e6752e-53f4-46a5-a0f4-35bce0735517#0:FAIL-t1] and 0 exception(s); 40532b6a-e871-45c3-a53d-9bc2cd016ce2@group-1314807B6051:t1, leader=null, voted=40532b6a-e871-45c3-a53d-9bc2cd016ce2, raftlog=40532b6a-e871-45c3-a53d-9bc2cd016ce2@group-1314807B6051-SegmentedRaftLog:OPENED:c-1,f-1,i0, conf=-1: [658c1d16-eec9-4714-8164-e8088513da31:192.168.151.92:44377, d4e6752e-53f4-46a5-a0f4-35bce0735517:192.168.151.92:45748, 40532b6a-e871-45c3-a53d-9bc2cd016ce2:192.168.151.92:34972], old=null
2019-10-02 08:04:17,960 [40532b6a-e871-45c3-a53d-9bc2cd016ce2@group-1314807B6051-LeaderElection9] INFO  impl.RaftServerImpl (RaftServerImpl.java:setRole(170)) - 40532b6a-e871-45c3-a53d-9bc2cd016ce2@group-1314807B6051: changes role from CANDIDATE to FOLLOWER at term 1 for DISCOVERED_A_NEW_TERM
2019-10-02 08:04:17,961 [40532b6a-e871-45c3-a53d-9bc2cd016ce2@group-1314807B6051-LeaderElection9] INFO  impl.RoleInfo (RoleInfo.java:shutdownLeaderElection(134)) - 40532b6a-e871-45c3-a53d-9bc2cd016ce2: shutdown LeaderElection
2019-10-02 08:04:17,963 [40532b6a-e871-45c3-a53d-9bc2cd016ce2@group-1314807B6051-LeaderElection9] INFO  impl.RoleInfo (RoleInfo.java:updateAndGet(143)) - 40532b6a-e871-45c3-a53d-9bc2cd016ce2: start FollowerState
2019-10-02 08:04:17,971 [6c71132d-f7e4-4b14-8e85-142ea7240f76@group-56DA967EC7A5-SegmentedRaftLogWorker] INFO  segmented.SegmentedRaftLogWorker (SegmentedRaftLogWorker.java:execute(574)) - 6c71132d-f7e4-4b14-8e85-142ea7240f76@group-56DA967EC7A5-SegmentedRaftLogWorker: created new log segment /workdir/hadoop-ozone/integration-test/target/test-dir/MiniOzoneClusterImpl-a80d392e-7f7b-4221-8c82-ca41e3af8537/datanode-0/data/ratis/db39360f-5128-4079-8339-56da967ec7a5/current/log_inprogress_0
2019-10-02 08:04:17,971 [49f66f9f-31d7-4b02-b438-ea1444250cb1@group-56DA967EC7A5-SegmentedRaftLogWorker] INFO  segmented.SegmentedRaftLogWorker (SegmentedRaftLogWorker.java:execute(574)) - 49f66f9f-31d7-4b02-b438-ea1444250cb1@group-56DA967EC7A5-SegmentedRaftLogWorker: created new log segment /workdir/hadoop-ozone/integration-test/target/test-dir/MiniOzoneClusterImpl-a80d392e-7f7b-4221-8c82-ca41e3af8537/datanode-1/data/ratis/db39360f-5128-4079-8339-56da967ec7a5/current/log_inprogress_0
2019-10-02 08:04:17,980 [d4e6752e-53f4-46a5-a0f4-35bce0735517@group-1314807B6051-LeaderElection10] INFO  impl.LeaderElection (LeaderElection.java:logAndReturn(56)) - d4e6752e-53f4-46a5-a0f4-35bce0735517@group-1314807B6051-LeaderElection10: Election REJECTED; received 2 response(s) [d4e6752e-53f4-46a5-a0f4-35bce0735517<-658c1d16-eec9-4714-8164-e8088513da31#0:FAIL-t1, d4e6752e-53f4-46a5-a0f4-35bce0735517<-40532b6a-e871-45c3-a53d-9bc2cd016ce2#0:FAIL-t1] and 0 exception(s); d4e6752e-53f4-46a5-a0f4-35bce0735517@group-1314807B6051:t1, leader=null, voted=d4e6752e-53f4-46a5-a0f4-35bce0735517, raftlog=d4e6752e-53f4-46a5-a0f4-35bce0735517@group-1314807B6051-SegmentedRaftLog:OPENED:c-1,f-1,i0, conf=-1: [658c1d16-eec9-4714-8164-e8088513da31:192.168.151.92:44377, d4e6752e-53f4-46a5-a0f4-35bce0735517:192.168.151.92:45748, 40532b6a-e871-45c3-a53d-9bc2cd016ce2:192.168.151.92:34972], old=null
2019-10-02 08:04:17,980 [d4e6752e-53f4-46a5-a0f4-35bce0735517@group-1314807B6051-LeaderElection10] INFO  impl.RaftServerImpl (RaftServerImpl.java:setRole(170)) - d4e6752e-53f4-46a5-a0f4-35bce0735517@group-1314807B6051: changes role from CANDIDATE to FOLLOWER at term 1 for DISCOVERED_A_NEW_TERM
2019-10-02 08:04:17,982 [d4e6752e-53f4-46a5-a0f4-35bce0735517@group-1314807B6051-LeaderElection10] INFO  impl.RoleInfo (RoleInfo.java:shutdownLeaderElection(134)) - d4e6752e-53f4-46a5-a0f4-35bce0735517: shutdown LeaderElection
2019-10-02 08:04:17,985 [d4e6752e-53f4-46a5-a0f4-35bce0735517@group-1314807B6051-LeaderElection10] INFO  impl.RoleInfo (RoleInfo.java:updateAndGet(143)) - d4e6752e-53f4-46a5-a0f4-35bce0735517: start FollowerState
2019-10-02 08:04:17,992 [658c1d16-eec9-4714-8164-e8088513da31@group-1314807B6051-LeaderElection11] INFO  impl.LeaderElection (LeaderElection.java:logAndReturn(56)) - 658c1d16-eec9-4714-8164-e8088513da31@group-1314807B6051-LeaderElection11: Election REJECTED; received 2 response(s) [658c1d16-eec9-4714-8164-e8088513da31<-d4e6752e-53f4-46a5-a0f4-35bce0735517#0:FAIL-t1, 658c1d16-eec9-4714-8164-e8088513da31<-40532b6a-e871-45c3-a53d-9bc2cd016ce2#0:FAIL-t1] and 0 exception(s); 658c1d16-eec9-4714-8164-e8088513da31@group-1314807B6051:t1, leader=null, voted=658c1d16-eec9-4714-8164-e8088513da31, raftlog=658c1d16-eec9-4714-8164-e8088513da31@group-1314807B6051-SegmentedRaftLog:OPENED:c-1,f-1,i0, conf=-1: [658c1d16-eec9-4714-8164-e8088513da31:192.168.151.92:44377, d4e6752e-53f4-46a5-a0f4-35bce0735517:192.168.151.92:45748, 40532b6a-e871-45c3-a53d-9bc2cd016ce2:192.168.151.92:34972], old=null
2019-10-02 08:04:17,998 [658c1d16-eec9-4714-8164-e8088513da31@group-1314807B6051-LeaderElection11] INFO  impl.RaftServerImpl (RaftServerImpl.java:setRole(170)) - 658c1d16-eec9-4714-8164-e8088513da31@group-1314807B6051: changes role from CANDIDATE to FOLLOWER at term 1 for DISCOVERED_A_NEW_TERM
2019-10-02 08:04:17,998 [658c1d16-eec9-4714-8164-e8088513da31@group-1314807B6051-LeaderElection11] INFO  impl.RoleInfo (RoleInfo.java:shutdownLeaderElection(134)) - 658c1d16-eec9-4714-8164-e8088513da31: shutdown LeaderElection
2019-10-02 08:04:17,998 [658c1d16-eec9-4714-8164-e8088513da31@group-1314807B6051-LeaderElection11] INFO  impl.RoleInfo (RoleInfo.java:updateAndGet(143)) - 658c1d16-eec9-4714-8164-e8088513da31: start FollowerState
2019-10-02 08:04:18,490 [pool-46-thread-1] ERROR impl.ChunkManagerImpl (ChunkUtils.java:writeData(89)) - data array does not match the length specified. DataLen: 1048576 Byte Array: 1048725
2019-10-02 08:04:18,493 [pool-46-thread-1] INFO  keyvalue.KeyValueHandler (ContainerUtils.java:logAndReturnError(146)) - Operation: WriteChunk : Trace ID: 7ce895a8d56e24b0:7ce895a8d56e24b0:0:0 : Message: data array does not match the length specified. DataLen: 1048576 Byte Array: 1048725 : Result: INVALID_WRITE_SIZE
2019-10-02 08:04:18,518 [EventQueue-IncrementalContainerReportForIncrementalContainerReportHandler] WARN  container.IncrementalContainerReportHandler (AbstractContainerReportHandler.java:updateContainerState(143)) - Container #1 is in OPEN state, but the datanode a264a072-92f0-4dc2-99fe-a3f051c5730a{ip: 192.168.151.92, host: pr-trunk-gg4kw-413187789, networkLocation: /default-rack, certSerialId: null} reports an UNHEALTHY replica.
08:04:18.537 [pool-46-thread-1] ERROR DNAudit - user=null | ip=null | op=WRITE_CHUNK {blockData=conID: 1 locID: 1570003453855 bcsId: 0} | ret=FAILURE
java.lang.Exception: data array does not match the length specified. DataLen: 1048576 Byte Array: 1048725
	at org.apache.hadoop.ozone.container.common.impl.HddsDispatcher.dispatchRequest(HddsDispatcher.java:330) ~[hadoop-hdds-container-service-0.5.0-SNAPSHOT.jar:?]
	at org.apache.hadoop.ozone.container.common.impl.HddsDispatcher.dispatch(HddsDispatcher.java:150) ~[hadoop-hdds-container-service-0.5.0-SNAPSHOT.jar:?]
	at org.apache.hadoop.ozone.container.common.transport.server.ratis.ContainerStateMachine.dispatchCommand(ContainerStateMachine.java:411) ~[hadoop-hdds-container-service-0.5.0-SNAPSHOT.jar:?]
	at org.apache.hadoop.ozone.container.common.transport.server.ratis.ContainerStateMachine.runCommand(ContainerStateMachine.java:419) ~[hadoop-hdds-container-service-0.5.0-SNAPSHOT.jar:?]
	at org.apache.hadoop.ozone.container.common.transport.server.ratis.ContainerStateMachine.lambda$handleWriteChunk$1(ContainerStateMachine.java:454) ~[hadoop-hdds-container-service-0.5.0-SNAPSHOT.jar:?]
	at java.util.concurrent.CompletableFuture$AsyncSupply.run(CompletableFuture.java:1590) [?:1.8.0_212]
	at java.util.concurrent.ThreadPoolExecutor.runWorker(ThreadPoolExecutor.java:1149) [?:1.8.0_212]
	at java.util.concurrent.ThreadPoolExecutor$Worker.run(ThreadPoolExecutor.java:624) [?:1.8.0_212]
	at java.lang.Thread.run(Thread.java:748) [?:1.8.0_212]
2019-10-02 08:04:18,553 [pool-46-thread-1] ERROR ratis.ContainerStateMachine (ContainerStateMachine.java:lambda$handleWriteChunk$2(474)) - group-56DA967EC7A5: writeChunk writeStateMachineData failed: blockIdcontainerID: 1
localID: 1570003453855
blockCommitSequenceId: 0
 logIndex 1 chunkName 1570003453855.data.0 Error message: data array does not match the length specified. DataLen: 1048576 Byte Array: 1048725 Container Result: INVALID_WRITE_SIZE
2019-10-02 08:04:18,569 [a264a072-92f0-4dc2-99fe-a3f051c5730a@group-56DA967EC7A5-SegmentedRaftLogWorker] ERROR ratis.XceiverServerRatis (XceiverServerRatis.java:triggerPipelineClose(581)) - pipeline Action CLOSE  on pipeline PipelineID=db39360f-5128-4079-8339-56da967ec7a5.Reason : data array does not match the length specified. DataLen: 1048576 Byte Array: 1048725
2019-10-02 08:04:18,569 [a264a072-92f0-4dc2-99fe-a3f051c5730a@group-56DA967EC7A5-SegmentedRaftLogWorker] ERROR ratis.XceiverServerRatis (XceiverServerRatis.java:triggerPipelineClose(581)) - pipeline Action CLOSE  on pipeline PipelineID=db39360f-5128-4079-8339-56da967ec7a5.Reason : Log already failed at index 1 for task WriteLog:1: (t:1, i:1), STATEMACHINELOGENTRY, client-9D119FF8B234, cid=13
2019-10-02 08:04:18,574 [EventQueue-PipelineActionsForPipelineActionHandler] ERROR pipeline.PipelineActionHandler (PipelineActionHandler.java:onMessage(60)) - Received pipeline action CLOSE for Pipeline[ Id: db39360f-5128-4079-8339-56da967ec7a5, Nodes: 49f66f9f-31d7-4b02-b438-ea1444250cb1{ip: 192.168.151.92, host: pr-trunk-gg4kw-413187789, networkLocation: /default-rack, certSerialId: null}6c71132d-f7e4-4b14-8e85-142ea7240f76{ip: 192.168.151.92, host: pr-trunk-gg4kw-413187789, networkLocation: /default-rack, certSerialId: null}a264a072-92f0-4dc2-99fe-a3f051c5730a{ip: 192.168.151.92, host: pr-trunk-gg4kw-413187789, networkLocation: /default-rack, certSerialId: null}, Type:RATIS, Factor:THREE, State:OPEN] from datanode a264a072-92f0-4dc2-99fe-a3f051c5730a{ip: 192.168.151.92, host: pr-trunk-gg4kw-413187789, networkLocation: /default-rack, certSerialId: null}. Reason : data array does not match the length specified. DataLen: 1048576 Byte Array: 1048725
2019-10-02 08:04:18,577 [EventQueue-PipelineActionsForPipelineActionHandler] INFO  pipeline.SCMPipelineManager (SCMPipelineManager.java:finalizeAndDestroyPipeline(315)) - destroying pipeline:Pipeline[ Id: db39360f-5128-4079-8339-56da967ec7a5, Nodes: 49f66f9f-31d7-4b02-b438-ea1444250cb1{ip: 192.168.151.92, host: pr-trunk-gg4kw-413187789, networkLocation: /default-rack, certSerialId: null}6c71132d-f7e4-4b14-8e85-142ea7240f76{ip: 192.168.151.92, host: pr-trunk-gg4kw-413187789, networkLocation: /default-rack, certSerialId: null}a264a072-92f0-4dc2-99fe-a3f051c5730a{ip: 192.168.151.92, host: pr-trunk-gg4kw-413187789, networkLocation: /default-rack, certSerialId: null}, Type:RATIS, Factor:THREE, State:OPEN]
2019-10-02 08:04:18,577 [EventQueue-CloseContainerForCloseContainerEventHandler] INFO  container.CloseContainerEventHandler (CloseContainerEventHandler.java:onMessage(61)) - Close container Event triggered for container : #1
2019-10-02 08:04:18,579 [EventQueue-PipelineActionsForPipelineActionHandler] INFO  pipeline.PipelineStateManager (PipelineStateManager.java:finalizePipeline(123)) - Pipeline Pipeline[ Id: db39360f-5128-4079-8339-56da967ec7a5, Nodes: 49f66f9f-31d7-4b02-b438-ea1444250cb1{ip: 192.168.151.92, host: pr-trunk-gg4kw-413187789, networkLocation: /default-rack, certSerialId: null}6c71132d-f7e4-4b14-8e85-142ea7240f76{ip: 192.168.151.92, host: pr-trunk-gg4kw-413187789, networkLocation: /default-rack, certSerialId: null}a264a072-92f0-4dc2-99fe-a3f051c5730a{ip: 192.168.151.92, host: pr-trunk-gg4kw-413187789, networkLocation: /default-rack, certSerialId: null}, Type:RATIS, Factor:THREE, State:CLOSED] moved to CLOSED state
2019-10-02 08:04:18,584 [EventQueue-CloseContainerForCloseContainerEventHandler] INFO  container.CloseContainerEventHandler (CloseContainerEventHandler.java:onMessage(61)) - Close container Event triggered for container : #1
2019-10-02 08:04:21,265 [java.util.concurrent.ThreadPoolExecutor$Worker@4fc6bc47[State = -1, empty queue]] ERROR client.GrpcClientProtocolClient (GrpcClientProtocolClient.java:close(148)) - Unexpected exception while waiting for channel termination
java.lang.InterruptedException
	at java.util.concurrent.locks.AbstractQueuedSynchronizer.tryAcquireSharedNanos(AbstractQueuedSynchronizer.java:1326)
	at java.util.concurrent.CountDownLatch.await(CountDownLatch.java:277)
	at org.apache.ratis.thirdparty.io.grpc.internal.ManagedChannelImpl.awaitTermination(ManagedChannelImpl.java:763)
	at org.apache.ratis.thirdparty.io.grpc.internal.ForwardingManagedChannel.awaitTermination(ForwardingManagedChannel.java:57)
	at org.apache.ratis.thirdparty.io.grpc.internal.ManagedChannelOrphanWrapper.awaitTermination(ManagedChannelOrphanWrapper.java:70)
	at org.apache.ratis.grpc.client.GrpcClientProtocolClient.close(GrpcClientProtocolClient.java:146)
	at org.apache.ratis.util.PeerProxyMap$PeerAndProxy.lambda$close$1(PeerProxyMap.java:74)
	at org.apache.ratis.util.LifeCycle.lambda$checkStateAndClose$2(LifeCycle.java:231)
	at org.apache.ratis.util.LifeCycle.checkStateAndClose(LifeCycle.java:251)
	at org.apache.ratis.util.LifeCycle.checkStateAndClose(LifeCycle.java:229)
	at org.apache.ratis.util.PeerProxyMap$PeerAndProxy.close(PeerProxyMap.java:70)
	at org.apache.ratis.util.PeerProxyMap.resetProxy(PeerProxyMap.java:127)
	at org.apache.ratis.util.PeerProxyMap.handleException(PeerProxyMap.java:136)
	at org.apache.ratis.client.impl.RaftClientRpcWithProxy.handleException(RaftClientRpcWithProxy.java:47)
	at org.apache.ratis.client.impl.RaftClientImpl.handleIOException(RaftClientImpl.java:372)
	at org.apache.ratis.client.impl.OrderedAsync.lambda$sendRequest$10(OrderedAsync.java:236)
	at java.util.concurrent.CompletableFuture.uniExceptionally(CompletableFuture.java:870)
	at java.util.concurrent.CompletableFuture$UniExceptionally.tryFire(CompletableFuture.java:852)
	at java.util.concurrent.CompletableFuture.postComplete(CompletableFuture.java:474)
	at java.util.concurrent.CompletableFuture.completeExceptionally(CompletableFuture.java:1977)
	at org.apache.ratis.grpc.client.GrpcClientProtocolClient$AsyncStreamObservers.lambda$timeoutCheck$3(GrpcClientProtocolClient.java:324)
	at java.util.Optional.ifPresent(Optional.java:159)
	at org.apache.ratis.grpc.client.GrpcClientProtocolClient$AsyncStreamObservers.handleReplyFuture(GrpcClientProtocolClient.java:329)
	at org.apache.ratis.grpc.client.GrpcClientProtocolClient$AsyncStreamObservers.timeoutCheck(GrpcClientProtocolClient.java:324)
	at org.apache.ratis.grpc.client.GrpcClientProtocolClient$AsyncStreamObservers.lambda$onNext$1(GrpcClientProtocolClient.java:318)
	at org.apache.ratis.util.TimeoutScheduler.lambda$onTimeout$0(TimeoutScheduler.java:113)
	at org.apache.ratis.util.TimeoutScheduler.lambda$onTimeout$1(TimeoutScheduler.java:133)
	at org.apache.ratis.util.LogUtils.runAndLog(LogUtils.java:50)
	at org.apache.ratis.util.LogUtils$1.run(LogUtils.java:91)
	at java.util.concurrent.Executors$RunnableAdapter.call(Executors.java:511)
	at java.util.concurrent.FutureTask.run(FutureTask.java:266)
	at java.util.concurrent.ScheduledThreadPoolExecutor$ScheduledFutureTask.access$201(ScheduledThreadPoolExecutor.java:180)
	at java.util.concurrent.ScheduledThreadPoolExecutor$ScheduledFutureTask.run(ScheduledThreadPoolExecutor.java:293)
	at java.util.concurrent.ThreadPoolExecutor.runWorker(ThreadPoolExecutor.java:1149)
	at java.util.concurrent.ThreadPoolExecutor$Worker.run(ThreadPoolExecutor.java:624)
	at java.lang.Thread.run(Thread.java:748)
2019-10-02 08:04:21,270 [java.util.concurrent.ThreadPoolExecutor$Worker@4fc6bc47[State = -1, empty queue]] WARN  util.TimeoutScheduler (LogUtils.java:runAndLog(55)) - Failed to task #0: java.lang.NullPointerException
2019-10-02 08:04:23,006 [Thread-327] INFO  impl.FollowerState (FollowerState.java:run(108)) - d4e6752e-53f4-46a5-a0f4-35bce0735517@group-1314807B6051-FollowerState: change to CANDIDATE, lastRpcTime:5021ms, electionTimeout:5014ms
2019-10-02 08:04:23,007 [Thread-327] INFO  impl.RoleInfo (RoleInfo.java:shutdownFollowerState(121)) - d4e6752e-53f4-46a5-a0f4-35bce0735517: shutdown FollowerState
2019-10-02 08:04:23,007 [Thread-327] INFO  impl.RaftServerImpl (RaftServerImpl.java:setRole(170)) - d4e6752e-53f4-46a5-a0f4-35bce0735517@group-1314807B6051: changes role from  FOLLOWER to CANDIDATE at term 1 for changeToCandidate
2019-10-02 08:04:23,008 [Thread-327] INFO  impl.RoleInfo (RoleInfo.java:updateAndGet(143)) - d4e6752e-53f4-46a5-a0f4-35bce0735517: start LeaderElection
2019-10-02 08:04:23,021 [Thread-326] INFO  impl.FollowerState (FollowerState.java:run(108)) - 40532b6a-e871-45c3-a53d-9bc2cd016ce2@group-1314807B6051-FollowerState: change to CANDIDATE, lastRpcTime:5057ms, electionTimeout:5056ms
2019-10-02 08:04:23,021 [Thread-326] INFO  impl.RoleInfo (RoleInfo.java:shutdownFollowerState(121)) - 40532b6a-e871-45c3-a53d-9bc2cd016ce2: shutdown FollowerState
2019-10-02 08:04:23,021 [Thread-326] INFO  impl.RaftServerImpl (RaftServerImpl.java:setRole(170)) - 40532b6a-e871-45c3-a53d-9bc2cd016ce2@group-1314807B6051: changes role from  FOLLOWER to CANDIDATE at term 1 for changeToCandidate
2019-10-02 08:04:23,021 [Thread-326] INFO  impl.RoleInfo (RoleInfo.java:updateAndGet(143)) - 40532b6a-e871-45c3-a53d-9bc2cd016ce2: start LeaderElection
2019-10-02 08:04:23,026 [d4e6752e-53f4-46a5-a0f4-35bce0735517@group-1314807B6051-LeaderElection12] INFO  impl.LeaderElection (LeaderElection.java:askForVotes(178)) - d4e6752e-53f4-46a5-a0f4-35bce0735517@group-1314807B6051-LeaderElection12: begin an election at term 2 for -1: [658c1d16-eec9-4714-8164-e8088513da31:192.168.151.92:44377, d4e6752e-53f4-46a5-a0f4-35bce0735517:192.168.151.92:45748, 40532b6a-e871-45c3-a53d-9bc2cd016ce2:192.168.151.92:34972], old=null
2019-10-02 08:04:23,028 [40532b6a-e871-45c3-a53d-9bc2cd016ce2@group-1314807B6051-LeaderElection13] INFO  impl.LeaderElection (LeaderElection.java:askForVotes(178)) - 40532b6a-e871-45c3-a53d-9bc2cd016ce2@group-1314807B6051-LeaderElection13: begin an election at term 2 for -1: [658c1d16-eec9-4714-8164-e8088513da31:192.168.151.92:44377, d4e6752e-53f4-46a5-a0f4-35bce0735517:192.168.151.92:45748, 40532b6a-e871-45c3-a53d-9bc2cd016ce2:192.168.151.92:34972], old=null
2019-10-02 08:04:23,035 [grpc-default-executor-0] INFO  impl.RaftServerImpl (RaftServerImpl.java:setRole(170)) - 658c1d16-eec9-4714-8164-e8088513da31@group-1314807B6051: changes role from  FOLLOWER to FOLLOWER at term 2 for recognizeCandidate:d4e6752e-53f4-46a5-a0f4-35bce0735517
2019-10-02 08:04:23,037 [grpc-default-executor-0] INFO  impl.RoleInfo (RoleInfo.java:shutdownFollowerState(121)) - 658c1d16-eec9-4714-8164-e8088513da31: shutdown FollowerState
2019-10-02 08:04:23,037 [grpc-default-executor-0] INFO  impl.RoleInfo (RoleInfo.java:updateAndGet(143)) - 658c1d16-eec9-4714-8164-e8088513da31: start FollowerState
2019-10-02 08:04:23,037 [Thread-330] INFO  impl.FollowerState (FollowerState.java:run(117)) - 658c1d16-eec9-4714-8164-e8088513da31@group-1314807B6051-FollowerState was interrupted: java.lang.InterruptedException: sleep interrupted
2019-10-02 08:04:23,055 [40532b6a-e871-45c3-a53d-9bc2cd016ce2@group-1314807B6051-LeaderElection13] INFO  impl.LeaderElection (LeaderElection.java:logAndReturn(56)) - 40532b6a-e871-45c3-a53d-9bc2cd016ce2@group-1314807B6051-LeaderElection13: Election REJECTED; received 2 response(s) [40532b6a-e871-45c3-a53d-9bc2cd016ce2<-658c1d16-eec9-4714-8164-e8088513da31#0:FAIL-t2, 40532b6a-e871-45c3-a53d-9bc2cd016ce2<-d4e6752e-53f4-46a5-a0f4-35bce0735517#0:FAIL-t2] and 0 exception(s); 40532b6a-e871-45c3-a53d-9bc2cd016ce2@group-1314807B6051:t2, leader=null, voted=40532b6a-e871-45c3-a53d-9bc2cd016ce2, raftlog=40532b6a-e871-45c3-a53d-9bc2cd016ce2@group-1314807B6051-SegmentedRaftLog:OPENED:c-1,f-1,i0, conf=-1: [658c1d16-eec9-4714-8164-e8088513da31:192.168.151.92:44377, d4e6752e-53f4-46a5-a0f4-35bce0735517:192.168.151.92:45748, 40532b6a-e871-45c3-a53d-9bc2cd016ce2:192.168.151.92:34972], old=null
2019-10-02 08:04:23,055 [d4e6752e-53f4-46a5-a0f4-35bce0735517@group-1314807B6051-LeaderElection12] INFO  impl.LeaderElection (LeaderElection.java:logAndReturn(56)) - d4e6752e-53f4-46a5-a0f4-35bce0735517@group-1314807B6051-LeaderElection12: Election PASSED; received 2 response(s) [d4e6752e-53f4-46a5-a0f4-35bce0735517<-658c1d16-eec9-4714-8164-e8088513da31#0:OK-t2, d4e6752e-53f4-46a5-a0f4-35bce0735517<-40532b6a-e871-45c3-a53d-9bc2cd016ce2#0:FAIL-t2] and 0 exception(s); d4e6752e-53f4-46a5-a0f4-35bce0735517@group-1314807B6051:t2, leader=null, voted=d4e6752e-53f4-46a5-a0f4-35bce0735517, raftlog=d4e6752e-53f4-46a5-a0f4-35bce0735517@group-1314807B6051-SegmentedRaftLog:OPENED:c-1,f-1,i0, conf=-1: [658c1d16-eec9-4714-8164-e8088513da31:192.168.151.92:44377, d4e6752e-53f4-46a5-a0f4-35bce0735517:192.168.151.92:45748, 40532b6a-e871-45c3-a53d-9bc2cd016ce2:192.168.151.92:34972], old=null
2019-10-02 08:04:23,055 [40532b6a-e871-45c3-a53d-9bc2cd016ce2@group-1314807B6051-LeaderElection13] INFO  impl.RaftServerImpl (RaftServerImpl.java:setRole(170)) - 40532b6a-e871-45c3-a53d-9bc2cd016ce2@group-1314807B6051: changes role from CANDIDATE to FOLLOWER at term 2 for DISCOVERED_A_NEW_TERM
2019-10-02 08:04:23,059 [d4e6752e-53f4-46a5-a0f4-35bce0735517@group-1314807B6051-LeaderElection12] INFO  impl.RoleInfo (RoleInfo.java:shutdownLeaderElection(134)) - d4e6752e-53f4-46a5-a0f4-35bce0735517: shutdown LeaderElection
2019-10-02 08:04:23,062 [40532b6a-e871-45c3-a53d-9bc2cd016ce2@group-1314807B6051-LeaderElection13] INFO  impl.RoleInfo (RoleInfo.java:shutdownLeaderElection(134)) - 40532b6a-e871-45c3-a53d-9bc2cd016ce2: shutdown LeaderElection
2019-10-02 08:04:23,064 [d4e6752e-53f4-46a5-a0f4-35bce0735517@group-1314807B6051-LeaderElection12] INFO  impl.RaftServerImpl (RaftServerImpl.java:setRole(170)) - d4e6752e-53f4-46a5-a0f4-35bce0735517@group-1314807B6051: changes role from CANDIDATE to LEADER at term 2 for changeToLeader
2019-10-02 08:04:23,064 [40532b6a-e871-45c3-a53d-9bc2cd016ce2@group-1314807B6051-LeaderElection13] INFO  impl.RoleInfo (RoleInfo.java:updateAndGet(143)) - 40532b6a-e871-45c3-a53d-9bc2cd016ce2: start FollowerState
2019-10-02 08:04:23,064 [d4e6752e-53f4-46a5-a0f4-35bce0735517@group-1314807B6051-LeaderElection12] INFO  impl.RaftServerImpl (ServerState.java:setLeader(255)) - d4e6752e-53f4-46a5-a0f4-35bce0735517@group-1314807B6051: change Leader from null to d4e6752e-53f4-46a5-a0f4-35bce0735517 at term 2 for becomeLeader, leader elected after 10263ms
2019-10-02 08:04:23,066 [d4e6752e-53f4-46a5-a0f4-35bce0735517@group-1314807B6051-LeaderElection12] INFO  server.RaftServerConfigKeys (ConfUtils.java:logGet(43)) - raft.server.staging.catchup.gap = 1000 (default)
2019-10-02 08:04:23,067 [d4e6752e-53f4-46a5-a0f4-35bce0735517@group-1314807B6051-LeaderElection12] INFO  server.RaftServerConfigKeys (ConfUtils.java:logGet(43)) - raft.server.rpc.sleep.time = 25ms (default)
2019-10-02 08:04:23,067 [d4e6752e-53f4-46a5-a0f4-35bce0735517@group-1314807B6051-LeaderElection12] INFO  server.RaftServerConfigKeys (ConfUtils.java:logGet(43)) - raft.server.write.element-limit = 4096 (default)
2019-10-02 08:04:23,067 [d4e6752e-53f4-46a5-a0f4-35bce0735517@group-1314807B6051-LeaderElection12] INFO  server.RaftServerConfigKeys (ConfUtils.java:logGet(43)) - raft.server.watch.timeout = 10s (default)
2019-10-02 08:04:23,067 [d4e6752e-53f4-46a5-a0f4-35bce0735517@group-1314807B6051-LeaderElection12] INFO  server.RaftServerConfigKeys (ConfUtils.java:logGet(43)) - raft.server.watch.timeout.denomination = 1s (default)
2019-10-02 08:04:23,067 [d4e6752e-53f4-46a5-a0f4-35bce0735517@group-1314807B6051-LeaderElection12] INFO  server.RaftServerConfigKeys (ConfUtils.java:logGet(43)) - raft.server.watch.element-limit = 65536 (default)
2019-10-02 08:04:23,071 [d4e6752e-53f4-46a5-a0f4-35bce0735517@group-1314807B6051-LeaderElection12] INFO  server.RaftServerConfigKeys (ConfUtils.java:logGet(43)) - raft.server.log.appender.snapshot.chunk.size.max = 16MB (=16777216) (default)
2019-10-02 08:04:23,071 [d4e6752e-53f4-46a5-a0f4-35bce0735517@group-1314807B6051-LeaderElection12] INFO  server.RaftServerConfigKeys (ConfUtils.java:logGet(43)) - raft.server.log.appender.buffer.byte-limit = 33554432 (custom)
2019-10-02 08:04:23,071 [d4e6752e-53f4-46a5-a0f4-35bce0735517@group-1314807B6051-LeaderElection12] INFO  server.RaftServerConfigKeys (ConfUtils.java:logGet(43)) - raft.server.log.appender.buffer.element-limit = 1 (custom)
2019-10-02 08:04:23,072 [d4e6752e-53f4-46a5-a0f4-35bce0735517@group-1314807B6051-LeaderElection12] INFO  grpc.GrpcConfigKeys$Server (ConfUtils.java:logGet(43)) - raft.grpc.server.leader.outstanding.appends.max = 128 (default)
2019-10-02 08:04:23,074 [d4e6752e-53f4-46a5-a0f4-35bce0735517@group-1314807B6051-LeaderElection12] INFO  server.RaftServerConfigKeys (ConfUtils.java:logGet(43)) - raft.server.rpc.request.timeout = 3000ms (default)
2019-10-02 08:04:23,074 [d4e6752e-53f4-46a5-a0f4-35bce0735517@group-1314807B6051-LeaderElection12] INFO  server.RaftServerConfigKeys (ConfUtils.java:logGet(43)) - raft.server.log.appender.install.snapshot.enabled = false (custom)
2019-10-02 08:04:23,074 [d4e6752e-53f4-46a5-a0f4-35bce0735517@group-1314807B6051-LeaderElection12] INFO  server.RaftServerConfigKeys (ConfUtils.java:logGet(43)) - raft.server.log.appender.snapshot.chunk.size.max = 16MB (=16777216) (default)
2019-10-02 08:04:23,075 [d4e6752e-53f4-46a5-a0f4-35bce0735517@group-1314807B6051-LeaderElection12] INFO  server.RaftServerConfigKeys (ConfUtils.java:logGet(43)) - raft.server.log.appender.buffer.byte-limit = 33554432 (custom)
2019-10-02 08:04:23,075 [d4e6752e-53f4-46a5-a0f4-35bce0735517@group-1314807B6051-LeaderElection12] INFO  server.RaftServerConfigKeys (ConfUtils.java:logGet(43)) - raft.server.log.appender.buffer.element-limit = 1 (custom)
2019-10-02 08:04:23,075 [d4e6752e-53f4-46a5-a0f4-35bce0735517@group-1314807B6051-LeaderElection12] INFO  grpc.GrpcConfigKeys$Server (ConfUtils.java:logGet(43)) - raft.grpc.server.leader.outstanding.appends.max = 128 (default)
2019-10-02 08:04:23,075 [d4e6752e-53f4-46a5-a0f4-35bce0735517@group-1314807B6051-LeaderElection12] INFO  server.RaftServerConfigKeys (ConfUtils.java:logGet(43)) - raft.server.rpc.request.timeout = 3000ms (default)
2019-10-02 08:04:23,075 [d4e6752e-53f4-46a5-a0f4-35bce0735517@group-1314807B6051-LeaderElection12] INFO  server.RaftServerConfigKeys (ConfUtils.java:logGet(43)) - raft.server.log.appender.install.snapshot.enabled = false (custom)
2019-10-02 08:04:23,076 [d4e6752e-53f4-46a5-a0f4-35bce0735517@group-1314807B6051-LeaderElection12] INFO  impl.RoleInfo (RoleInfo.java:updateAndGet(143)) - d4e6752e-53f4-46a5-a0f4-35bce0735517: start LeaderState
2019-10-02 08:04:23,076 [d4e6752e-53f4-46a5-a0f4-35bce0735517@group-1314807B6051-LeaderElection12] INFO  segmented.SegmentedRaftLogWorker (SegmentedRaftLogWorker.java:startLogSegment(385)) - d4e6752e-53f4-46a5-a0f4-35bce0735517@group-1314807B6051-SegmentedRaftLogWorker: Starting segment from index:0
2019-10-02 08:04:23,078 [d4e6752e-53f4-46a5-a0f4-35bce0735517@group-1314807B6051-LeaderElection12] INFO  impl.RaftServerImpl (ServerState.java:setRaftConf(356)) - d4e6752e-53f4-46a5-a0f4-35bce0735517@group-1314807B6051: set configuration 0: [658c1d16-eec9-4714-8164-e8088513da31:192.168.151.92:44377, d4e6752e-53f4-46a5-a0f4-35bce0735517:192.168.151.92:45748, 40532b6a-e871-45c3-a53d-9bc2cd016ce2:192.168.151.92:34972], old=null at 0
2019-10-02 08:04:23,116 [grpc-default-executor-1] INFO  impl.RaftServerImpl (ServerState.java:setLeader(255)) - 658c1d16-eec9-4714-8164-e8088513da31@group-1314807B6051: change Leader from null to d4e6752e-53f4-46a5-a0f4-35bce0735517 at term 2 for appendEntries, leader elected after 10315ms
2019-10-02 08:04:23,116 [grpc-default-executor-0] INFO  impl.RaftServerImpl (ServerState.java:setLeader(255)) - 40532b6a-e871-45c3-a53d-9bc2cd016ce2@group-1314807B6051: change Leader from null to d4e6752e-53f4-46a5-a0f4-35bce0735517 at term 2 for appendEntries, leader elected after 10315ms
2019-10-02 08:04:23,120 [grpc-default-executor-0] INFO  impl.RaftServerImpl (ServerState.java:setRaftConf(356)) - 658c1d16-eec9-4714-8164-e8088513da31@group-1314807B6051: set configuration 0: [658c1d16-eec9-4714-8164-e8088513da31:192.168.151.92:44377, d4e6752e-53f4-46a5-a0f4-35bce0735517:192.168.151.92:45748, 40532b6a-e871-45c3-a53d-9bc2cd016ce2:192.168.151.92:34972], old=null at 0
2019-10-02 08:04:23,121 [grpc-default-executor-1] INFO  impl.RaftServerImpl (ServerState.java:setRaftConf(356)) - 40532b6a-e871-45c3-a53d-9bc2cd016ce2@group-1314807B6051: set configuration 0: [658c1d16-eec9-4714-8164-e8088513da31:192.168.151.92:44377, d4e6752e-53f4-46a5-a0f4-35bce0735517:192.168.151.92:45748, 40532b6a-e871-45c3-a53d-9bc2cd016ce2:192.168.151.92:34972], old=null at 0
2019-10-02 08:04:23,121 [grpc-default-executor-0] INFO  segmented.SegmentedRaftLogWorker (SegmentedRaftLogWorker.java:startLogSegment(385)) - 658c1d16-eec9-4714-8164-e8088513da31@group-1314807B6051-SegmentedRaftLogWorker: Starting segment from index:0
2019-10-02 08:04:23,121 [grpc-default-executor-1] INFO  segmented.SegmentedRaftLogWorker (SegmentedRaftLogWorker.java:startLogSegment(385)) - 40532b6a-e871-45c3-a53d-9bc2cd016ce2@group-1314807B6051-SegmentedRaftLogWorker: Starting segment from index:0
2019-10-02 08:04:23,166 [d4e6752e-53f4-46a5-a0f4-35bce0735517@group-1314807B6051-SegmentedRaftLogWorker] INFO  segmented.SegmentedRaftLogWorker (SegmentedRaftLogWorker.java:execute(574)) - d4e6752e-53f4-46a5-a0f4-35bce0735517@group-1314807B6051-SegmentedRaftLogWorker: created new log segment /workdir/hadoop-ozone/integration-test/target/test-dir/MiniOzoneClusterImpl-a80d392e-7f7b-4221-8c82-ca41e3af8537/datanode-3/data/ratis/a3b9d254-c3e3-456e-ad63-1314807b6051/current/log_inprogress_0
2019-10-02 08:04:23,192 [40532b6a-e871-45c3-a53d-9bc2cd016ce2@group-1314807B6051-SegmentedRaftLogWorker] INFO  segmented.SegmentedRaftLogWorker (SegmentedRaftLogWorker.java:execute(574)) - 40532b6a-e871-45c3-a53d-9bc2cd016ce2@group-1314807B6051-SegmentedRaftLogWorker: created new log segment /workdir/hadoop-ozone/integration-test/target/test-dir/MiniOzoneClusterImpl-a80d392e-7f7b-4221-8c82-ca41e3af8537/datanode-5/data/ratis/a3b9d254-c3e3-456e-ad63-1314807b6051/current/log_inprogress_0
2019-10-02 08:04:23,192 [658c1d16-eec9-4714-8164-e8088513da31@group-1314807B6051-SegmentedRaftLogWorker] INFO  segmented.SegmentedRaftLogWorker (SegmentedRaftLogWorker.java:execute(574)) - 658c1d16-eec9-4714-8164-e8088513da31@group-1314807B6051-SegmentedRaftLogWorker: created new log segment /workdir/hadoop-ozone/integration-test/target/test-dir/MiniOzoneClusterImpl-a80d392e-7f7b-4221-8c82-ca41e3af8537/datanode-6/data/ratis/a3b9d254-c3e3-456e-ad63-1314807b6051/current/log_inprogress_0
2019-10-02 08:04:25,330 [java.util.concurrent.ThreadPoolExecutor$Worker@253fa155[State = -1, empty queue]] ERROR client.GrpcClientProtocolClient (GrpcClientProtocolClient.java:close(148)) - Unexpected exception while waiting for channel termination
java.lang.InterruptedException
	at java.util.concurrent.locks.AbstractQueuedSynchronizer.tryAcquireSharedNanos(AbstractQueuedSynchronizer.java:1326)
	at java.util.concurrent.CountDownLatch.await(CountDownLatch.java:277)
	at org.apache.ratis.thirdparty.io.grpc.internal.ManagedChannelImpl.awaitTermination(ManagedChannelImpl.java:763)
	at org.apache.ratis.thirdparty.io.grpc.internal.ForwardingManagedChannel.awaitTermination(ForwardingManagedChannel.java:57)
	at org.apache.ratis.thirdparty.io.grpc.internal.ManagedChannelOrphanWrapper.awaitTermination(ManagedChannelOrphanWrapper.java:70)
	at org.apache.ratis.grpc.client.GrpcClientProtocolClient.close(GrpcClientProtocolClient.java:146)
	at org.apache.ratis.util.PeerProxyMap$PeerAndProxy.lambda$close$1(PeerProxyMap.java:74)
	at org.apache.ratis.util.LifeCycle.lambda$checkStateAndClose$2(LifeCycle.java:231)
	at org.apache.ratis.util.LifeCycle.checkStateAndClose(LifeCycle.java:251)
	at org.apache.ratis.util.LifeCycle.checkStateAndClose(LifeCycle.java:229)
	at org.apache.ratis.util.PeerProxyMap$PeerAndProxy.close(PeerProxyMap.java:70)
	at org.apache.ratis.util.PeerProxyMap.resetProxy(PeerProxyMap.java:127)
	at org.apache.ratis.util.PeerProxyMap.handleException(PeerProxyMap.java:136)
	at org.apache.ratis.client.impl.RaftClientRpcWithProxy.handleException(RaftClientRpcWithProxy.java:47)
	at org.apache.ratis.client.impl.RaftClientImpl.handleIOException(RaftClientImpl.java:372)
	at org.apache.ratis.client.impl.OrderedAsync.lambda$sendRequest$10(OrderedAsync.java:236)
	at java.util.concurrent.CompletableFuture.uniExceptionally(CompletableFuture.java:870)
	at java.util.concurrent.CompletableFuture$UniExceptionally.tryFire(CompletableFuture.java:852)
	at java.util.concurrent.CompletableFuture.postComplete(CompletableFuture.java:474)
	at java.util.concurrent.CompletableFuture.completeExceptionally(CompletableFuture.java:1977)
	at org.apache.ratis.grpc.client.GrpcClientProtocolClient$AsyncStreamObservers.lambda$timeoutCheck$3(GrpcClientProtocolClient.java:324)
	at java.util.Optional.ifPresent(Optional.java:159)
	at org.apache.ratis.grpc.client.GrpcClientProtocolClient$AsyncStreamObservers.handleReplyFuture(GrpcClientProtocolClient.java:329)
	at org.apache.ratis.grpc.client.GrpcClientProtocolClient$AsyncStreamObservers.timeoutCheck(GrpcClientProtocolClient.java:324)
	at org.apache.ratis.grpc.client.GrpcClientProtocolClient$AsyncStreamObservers.lambda$onNext$1(GrpcClientProtocolClient.java:318)
	at org.apache.ratis.util.TimeoutScheduler.lambda$onTimeout$0(TimeoutScheduler.java:113)
	at org.apache.ratis.util.TimeoutScheduler.lambda$onTimeout$1(TimeoutScheduler.java:133)
	at org.apache.ratis.util.LogUtils.runAndLog(LogUtils.java:50)
	at org.apache.ratis.util.LogUtils$1.run(LogUtils.java:91)
	at java.util.concurrent.Executors$RunnableAdapter.call(Executors.java:511)
	at java.util.concurrent.FutureTask.run(FutureTask.java:266)
	at java.util.concurrent.ScheduledThreadPoolExecutor$ScheduledFutureTask.access$201(ScheduledThreadPoolExecutor.java:180)
	at java.util.concurrent.ScheduledThreadPoolExecutor$ScheduledFutureTask.run(ScheduledThreadPoolExecutor.java:293)
	at java.util.concurrent.ThreadPoolExecutor.runWorker(ThreadPoolExecutor.java:1149)
	at java.util.concurrent.ThreadPoolExecutor$Worker.run(ThreadPoolExecutor.java:624)
	at java.lang.Thread.run(Thread.java:748)
2019-10-02 08:04:25,335 [java.util.concurrent.ThreadPoolExecutor$Worker@253fa155[State = -1, empty queue]] WARN  util.TimeoutScheduler (LogUtils.java:runAndLog(55)) - Failed to task #0: java.lang.NullPointerException
2019-10-02 08:04:29,381 [java.util.concurrent.ThreadPoolExecutor$Worker@22a04d3a[State = -1, empty queue]] ERROR client.GrpcClientProtocolClient (GrpcClientProtocolClient.java:close(148)) - Unexpected exception while waiting for channel termination
java.lang.InterruptedException
	at java.util.concurrent.locks.AbstractQueuedSynchronizer.tryAcquireSharedNanos(AbstractQueuedSynchronizer.java:1326)
	at java.util.concurrent.CountDownLatch.await(CountDownLatch.java:277)
	at org.apache.ratis.thirdparty.io.grpc.internal.ManagedChannelImpl.awaitTermination(ManagedChannelImpl.java:763)
	at org.apache.ratis.thirdparty.io.grpc.internal.ForwardingManagedChannel.awaitTermination(ForwardingManagedChannel.java:57)
	at org.apache.ratis.thirdparty.io.grpc.internal.ManagedChannelOrphanWrapper.awaitTermination(ManagedChannelOrphanWrapper.java:70)
	at org.apache.ratis.grpc.client.GrpcClientProtocolClient.close(GrpcClientProtocolClient.java:146)
	at org.apache.ratis.util.PeerProxyMap$PeerAndProxy.lambda$close$1(PeerProxyMap.java:74)
	at org.apache.ratis.util.LifeCycle.lambda$checkStateAndClose$2(LifeCycle.java:231)
	at org.apache.ratis.util.LifeCycle.checkStateAndClose(LifeCycle.java:251)
	at org.apache.ratis.util.LifeCycle.checkStateAndClose(LifeCycle.java:229)
	at org.apache.ratis.util.PeerProxyMap$PeerAndProxy.close(PeerProxyMap.java:70)
	at org.apache.ratis.util.PeerProxyMap.resetProxy(PeerProxyMap.java:127)
	at org.apache.ratis.util.PeerProxyMap.handleException(PeerProxyMap.java:136)
	at org.apache.ratis.client.impl.RaftClientRpcWithProxy.handleException(RaftClientRpcWithProxy.java:47)
	at org.apache.ratis.client.impl.RaftClientImpl.handleIOException(RaftClientImpl.java:372)
	at org.apache.ratis.client.impl.OrderedAsync.lambda$sendRequest$10(OrderedAsync.java:236)
	at java.util.concurrent.CompletableFuture.uniExceptionally(CompletableFuture.java:870)
	at java.util.concurrent.CompletableFuture$UniExceptionally.tryFire(CompletableFuture.java:852)
	at java.util.concurrent.CompletableFuture.postComplete(CompletableFuture.java:474)
	at java.util.concurrent.CompletableFuture.completeExceptionally(CompletableFuture.java:1977)
	at org.apache.ratis.grpc.client.GrpcClientProtocolClient$AsyncStreamObservers.lambda$timeoutCheck$3(GrpcClientProtocolClient.java:324)
	at java.util.Optional.ifPresent(Optional.java:159)
	at org.apache.ratis.grpc.client.GrpcClientProtocolClient$AsyncStreamObservers.handleReplyFuture(GrpcClientProtocolClient.java:329)
	at org.apache.ratis.grpc.client.GrpcClientProtocolClient$AsyncStreamObservers.timeoutCheck(GrpcClientProtocolClient.java:324)
	at org.apache.ratis.grpc.client.GrpcClientProtocolClient$AsyncStreamObservers.lambda$onNext$1(GrpcClientProtocolClient.java:318)
	at org.apache.ratis.util.TimeoutScheduler.lambda$onTimeout$0(TimeoutScheduler.java:113)
	at org.apache.ratis.util.TimeoutScheduler.lambda$onTimeout$1(TimeoutScheduler.java:133)
	at org.apache.ratis.util.LogUtils.runAndLog(LogUtils.java:50)
	at org.apache.ratis.util.LogUtils$1.run(LogUtils.java:91)
	at java.util.concurrent.Executors$RunnableAdapter.call(Executors.java:511)
	at java.util.concurrent.FutureTask.run(FutureTask.java:266)
	at java.util.concurrent.ScheduledThreadPoolExecutor$ScheduledFutureTask.access$201(ScheduledThreadPoolExecutor.java:180)
	at java.util.concurrent.ScheduledThreadPoolExecutor$ScheduledFutureTask.run(ScheduledThreadPoolExecutor.java:293)
	at java.util.concurrent.ThreadPoolExecutor.runWorker(ThreadPoolExecutor.java:1149)
	at java.util.concurrent.ThreadPoolExecutor$Worker.run(ThreadPoolExecutor.java:624)
	at java.lang.Thread.run(Thread.java:748)
2019-10-02 08:04:29,383 [java.util.concurrent.ThreadPoolExecutor$Worker@22a04d3a[State = -1, empty queue]] WARN  util.TimeoutScheduler (LogUtils.java:runAndLog(55)) - Failed to task #0: java.lang.NullPointerException
2019-10-02 08:04:33,447 [java.util.concurrent.ThreadPoolExecutor$Worker@22f7cfdc[State = -1, empty queue]] ERROR client.GrpcClientProtocolClient (GrpcClientProtocolClient.java:close(148)) - Unexpected exception while waiting for channel termination
java.lang.InterruptedException
	at java.util.concurrent.locks.AbstractQueuedSynchronizer.tryAcquireSharedNanos(AbstractQueuedSynchronizer.java:1326)
	at java.util.concurrent.CountDownLatch.await(CountDownLatch.java:277)
	at org.apache.ratis.thirdparty.io.grpc.internal.ManagedChannelImpl.awaitTermination(ManagedChannelImpl.java:763)
	at org.apache.ratis.thirdparty.io.grpc.internal.ForwardingManagedChannel.awaitTermination(ForwardingManagedChannel.java:57)
	at org.apache.ratis.thirdparty.io.grpc.internal.ManagedChannelOrphanWrapper.awaitTermination(ManagedChannelOrphanWrapper.java:70)
	at org.apache.ratis.grpc.client.GrpcClientProtocolClient.close(GrpcClientProtocolClient.java:146)
	at org.apache.ratis.util.PeerProxyMap$PeerAndProxy.lambda$close$1(PeerProxyMap.java:74)
	at org.apache.ratis.util.LifeCycle.lambda$checkStateAndClose$2(LifeCycle.java:231)
	at org.apache.ratis.util.LifeCycle.checkStateAndClose(LifeCycle.java:251)
	at org.apache.ratis.util.LifeCycle.checkStateAndClose(LifeCycle.java:229)
	at org.apache.ratis.util.PeerProxyMap$PeerAndProxy.close(PeerProxyMap.java:70)
	at org.apache.ratis.util.PeerProxyMap.resetProxy(PeerProxyMap.java:127)
	at org.apache.ratis.util.PeerProxyMap.handleException(PeerProxyMap.java:136)
	at org.apache.ratis.client.impl.RaftClientRpcWithProxy.handleException(RaftClientRpcWithProxy.java:47)
	at org.apache.ratis.client.impl.RaftClientImpl.handleIOException(RaftClientImpl.java:372)
	at org.apache.ratis.client.impl.OrderedAsync.lambda$sendRequest$10(OrderedAsync.java:236)
	at java.util.concurrent.CompletableFuture.uniExceptionally(CompletableFuture.java:870)
	at java.util.concurrent.CompletableFuture$UniExceptionally.tryFire(CompletableFuture.java:852)
	at java.util.concurrent.CompletableFuture.postComplete(CompletableFuture.java:474)
	at java.util.concurrent.CompletableFuture.completeExceptionally(CompletableFuture.java:1977)
	at org.apache.ratis.grpc.client.GrpcClientProtocolClient$AsyncStreamObservers.lambda$timeoutCheck$3(GrpcClientProtocolClient.java:324)
	at java.util.Optional.ifPresent(Optional.java:159)
	at org.apache.ratis.grpc.client.GrpcClientProtocolClient$AsyncStreamObservers.handleReplyFuture(GrpcClientProtocolClient.java:329)
	at org.apache.ratis.grpc.client.GrpcClientProtocolClient$AsyncStreamObservers.timeoutCheck(GrpcClientProtocolClient.java:324)
	at org.apache.ratis.grpc.client.GrpcClientProtocolClient$AsyncStreamObservers.lambda$onNext$1(GrpcClientProtocolClient.java:318)
	at org.apache.ratis.util.TimeoutScheduler.lambda$onTimeout$0(TimeoutScheduler.java:113)
	at org.apache.ratis.util.TimeoutScheduler.lambda$onTimeout$1(TimeoutScheduler.java:133)
	at org.apache.ratis.util.LogUtils.runAndLog(LogUtils.java:50)
	at org.apache.ratis.util.LogUtils$1.run(LogUtils.java:91)
	at java.util.concurrent.Executors$RunnableAdapter.call(Executors.java:511)
	at java.util.concurrent.FutureTask.run(FutureTask.java:266)
	at java.util.concurrent.ScheduledThreadPoolExecutor$ScheduledFutureTask.access$201(ScheduledThreadPoolExecutor.java:180)
	at java.util.concurrent.ScheduledThreadPoolExecutor$ScheduledFutureTask.run(ScheduledThreadPoolExecutor.java:293)
	at java.util.concurrent.ThreadPoolExecutor.runWorker(ThreadPoolExecutor.java:1149)
	at java.util.concurrent.ThreadPoolExecutor$Worker.run(ThreadPoolExecutor.java:624)
	at java.lang.Thread.run(Thread.java:748)
2019-10-02 08:04:33,450 [java.util.concurrent.ThreadPoolExecutor$Worker@22f7cfdc[State = -1, empty queue]] WARN  util.TimeoutScheduler (LogUtils.java:runAndLog(55)) - Failed to task #0: java.lang.NullPointerException
2019-10-02 08:04:37,505 [java.util.concurrent.ThreadPoolExecutor$Worker@4da28019[State = -1, empty queue]] ERROR client.GrpcClientProtocolClient (GrpcClientProtocolClient.java:close(148)) - Unexpected exception while waiting for channel termination
java.lang.InterruptedException
	at java.util.concurrent.locks.AbstractQueuedSynchronizer.tryAcquireSharedNanos(AbstractQueuedSynchronizer.java:1326)
	at java.util.concurrent.CountDownLatch.await(CountDownLatch.java:277)
	at org.apache.ratis.thirdparty.io.grpc.internal.ManagedChannelImpl.awaitTermination(ManagedChannelImpl.java:763)
	at org.apache.ratis.thirdparty.io.grpc.internal.ForwardingManagedChannel.awaitTermination(ForwardingManagedChannel.java:57)
	at org.apache.ratis.thirdparty.io.grpc.internal.ManagedChannelOrphanWrapper.awaitTermination(ManagedChannelOrphanWrapper.java:70)
	at org.apache.ratis.grpc.client.GrpcClientProtocolClient.close(GrpcClientProtocolClient.java:146)
	at org.apache.ratis.util.PeerProxyMap$PeerAndProxy.lambda$close$1(PeerProxyMap.java:74)
	at org.apache.ratis.util.LifeCycle.lambda$checkStateAndClose$2(LifeCycle.java:231)
	at org.apache.ratis.util.LifeCycle.checkStateAndClose(LifeCycle.java:251)
	at org.apache.ratis.util.LifeCycle.checkStateAndClose(LifeCycle.java:229)
	at org.apache.ratis.util.PeerProxyMap$PeerAndProxy.close(PeerProxyMap.java:70)
	at org.apache.ratis.util.PeerProxyMap.resetProxy(PeerProxyMap.java:127)
	at org.apache.ratis.util.PeerProxyMap.handleException(PeerProxyMap.java:136)
	at org.apache.ratis.client.impl.RaftClientRpcWithProxy.handleException(RaftClientRpcWithProxy.java:47)
	at org.apache.ratis.client.impl.RaftClientImpl.handleIOException(RaftClientImpl.java:372)
	at org.apache.ratis.client.impl.OrderedAsync.lambda$sendRequest$10(OrderedAsync.java:236)
	at java.util.concurrent.CompletableFuture.uniExceptionally(CompletableFuture.java:870)
	at java.util.concurrent.CompletableFuture$UniExceptionally.tryFire(CompletableFuture.java:852)
	at java.util.concurrent.CompletableFuture.postComplete(CompletableFuture.java:474)
	at java.util.concurrent.CompletableFuture.completeExceptionally(CompletableFuture.java:1977)
	at org.apache.ratis.grpc.client.GrpcClientProtocolClient$AsyncStreamObservers.lambda$timeoutCheck$3(GrpcClientProtocolClient.java:324)
	at java.util.Optional.ifPresent(Optional.java:159)
	at org.apache.ratis.grpc.client.GrpcClientProtocolClient$AsyncStreamObservers.handleReplyFuture(GrpcClientProtocolClient.java:329)
	at org.apache.ratis.grpc.client.GrpcClientProtocolClient$AsyncStreamObservers.timeoutCheck(GrpcClientProtocolClient.java:324)
	at org.apache.ratis.grpc.client.GrpcClientProtocolClient$AsyncStreamObservers.lambda$onNext$1(GrpcClientProtocolClient.java:318)
	at org.apache.ratis.util.TimeoutScheduler.lambda$onTimeout$0(TimeoutScheduler.java:113)
	at org.apache.ratis.util.TimeoutScheduler.lambda$onTimeout$1(TimeoutScheduler.java:133)
	at org.apache.ratis.util.LogUtils.runAndLog(LogUtils.java:50)
	at org.apache.ratis.util.LogUtils$1.run(LogUtils.java:91)
	at java.util.concurrent.Executors$RunnableAdapter.call(Executors.java:511)
	at java.util.concurrent.FutureTask.run(FutureTask.java:266)
	at java.util.concurrent.ScheduledThreadPoolExecutor$ScheduledFutureTask.access$201(ScheduledThreadPoolExecutor.java:180)
	at java.util.concurrent.ScheduledThreadPoolExecutor$ScheduledFutureTask.run(ScheduledThreadPoolExecutor.java:293)
	at java.util.concurrent.ThreadPoolExecutor.runWorker(ThreadPoolExecutor.java:1149)
	at java.util.concurrent.ThreadPoolExecutor$Worker.run(ThreadPoolExecutor.java:624)
	at java.lang.Thread.run(Thread.java:748)
2019-10-02 08:04:37,508 [java.util.concurrent.ThreadPoolExecutor$Worker@4da28019[State = -1, empty queue]] WARN  util.TimeoutScheduler (LogUtils.java:runAndLog(55)) - Failed to task #0: java.lang.NullPointerException
2019-10-02 08:04:41,572 [java.util.concurrent.ThreadPoolExecutor$Worker@4ddacc1d[State = -1, empty queue]] ERROR client.GrpcClientProtocolClient (GrpcClientProtocolClient.java:close(148)) - Unexpected exception while waiting for channel termination
java.lang.InterruptedException
	at java.util.concurrent.locks.AbstractQueuedSynchronizer.tryAcquireSharedNanos(AbstractQueuedSynchronizer.java:1326)
	at java.util.concurrent.CountDownLatch.await(CountDownLatch.java:277)
	at org.apache.ratis.thirdparty.io.grpc.internal.ManagedChannelImpl.awaitTermination(ManagedChannelImpl.java:763)
	at org.apache.ratis.thirdparty.io.grpc.internal.ForwardingManagedChannel.awaitTermination(ForwardingManagedChannel.java:57)
	at org.apache.ratis.thirdparty.io.grpc.internal.ManagedChannelOrphanWrapper.awaitTermination(ManagedChannelOrphanWrapper.java:70)
	at org.apache.ratis.grpc.client.GrpcClientProtocolClient.close(GrpcClientProtocolClient.java:146)
	at org.apache.ratis.util.PeerProxyMap$PeerAndProxy.lambda$close$1(PeerProxyMap.java:74)
	at org.apache.ratis.util.LifeCycle.lambda$checkStateAndClose$2(LifeCycle.java:231)
	at org.apache.ratis.util.LifeCycle.checkStateAndClose(LifeCycle.java:251)
	at org.apache.ratis.util.LifeCycle.checkStateAndClose(LifeCycle.java:229)
	at org.apache.ratis.util.PeerProxyMap$PeerAndProxy.close(PeerProxyMap.java:70)
	at org.apache.ratis.util.PeerProxyMap.resetProxy(PeerProxyMap.java:127)
	at org.apache.ratis.util.PeerProxyMap.handleException(PeerProxyMap.java:136)
	at org.apache.ratis.client.impl.RaftClientRpcWithProxy.handleException(RaftClientRpcWithProxy.java:47)
	at org.apache.ratis.client.impl.RaftClientImpl.handleIOException(RaftClientImpl.java:372)
	at org.apache.ratis.client.impl.OrderedAsync.lambda$sendRequest$10(OrderedAsync.java:236)
	at java.util.concurrent.CompletableFuture.uniExceptionally(CompletableFuture.java:870)
	at java.util.concurrent.CompletableFuture$UniExceptionally.tryFire(CompletableFuture.java:852)
	at java.util.concurrent.CompletableFuture.postComplete(CompletableFuture.java:474)
	at java.util.concurrent.CompletableFuture.completeExceptionally(CompletableFuture.java:1977)
	at org.apache.ratis.grpc.client.GrpcClientProtocolClient$AsyncStreamObservers.lambda$timeoutCheck$3(GrpcClientProtocolClient.java:324)
	at java.util.Optional.ifPresent(Optional.java:159)
	at org.apache.ratis.grpc.client.GrpcClientProtocolClient$AsyncStreamObservers.handleReplyFuture(GrpcClientProtocolClient.java:329)
	at org.apache.ratis.grpc.client.GrpcClientProtocolClient$AsyncStreamObservers.timeoutCheck(GrpcClientProtocolClient.java:324)
	at org.apache.ratis.grpc.client.GrpcClientProtocolClient$AsyncStreamObservers.lambda$onNext$1(GrpcClientProtocolClient.java:318)
	at org.apache.ratis.util.TimeoutScheduler.lambda$onTimeout$0(TimeoutScheduler.java:113)
	at org.apache.ratis.util.TimeoutScheduler.lambda$onTimeout$1(TimeoutScheduler.java:133)
	at org.apache.ratis.util.LogUtils.runAndLog(LogUtils.java:50)
	at org.apache.ratis.util.LogUtils$1.run(LogUtils.java:91)
	at java.util.concurrent.Executors$RunnableAdapter.call(Executors.java:511)
	at java.util.concurrent.FutureTask.run(FutureTask.java:266)
	at java.util.concurrent.ScheduledThreadPoolExecutor$ScheduledFutureTask.access$201(ScheduledThreadPoolExecutor.java:180)
	at java.util.concurrent.ScheduledThreadPoolExecutor$ScheduledFutureTask.run(ScheduledThreadPoolExecutor.java:293)
	at java.util.concurrent.ThreadPoolExecutor.runWorker(ThreadPoolExecutor.java:1149)
	at java.util.concurrent.ThreadPoolExecutor$Worker.run(ThreadPoolExecutor.java:624)
	at java.lang.Thread.run(Thread.java:748)
2019-10-02 08:04:41,573 [java.util.concurrent.ThreadPoolExecutor$Worker@4ddacc1d[State = -1, empty queue]] WARN  util.TimeoutScheduler (LogUtils.java:runAndLog(55)) - Failed to task #0: java.lang.NullPointerException
2019-10-02 08:04:45,624 [java.util.concurrent.ThreadPoolExecutor$Worker@7de4e5f3[State = -1, empty queue]] ERROR client.GrpcClientProtocolClient (GrpcClientProtocolClient.java:close(148)) - Unexpected exception while waiting for channel termination
java.lang.InterruptedException
	at java.util.concurrent.locks.AbstractQueuedSynchronizer.tryAcquireSharedNanos(AbstractQueuedSynchronizer.java:1326)
	at java.util.concurrent.CountDownLatch.await(CountDownLatch.java:277)
	at org.apache.ratis.thirdparty.io.grpc.internal.ManagedChannelImpl.awaitTermination(ManagedChannelImpl.java:763)
	at org.apache.ratis.thirdparty.io.grpc.internal.ForwardingManagedChannel.awaitTermination(ForwardingManagedChannel.java:57)
	at org.apache.ratis.thirdparty.io.grpc.internal.ManagedChannelOrphanWrapper.awaitTermination(ManagedChannelOrphanWrapper.java:70)
	at org.apache.ratis.grpc.client.GrpcClientProtocolClient.close(GrpcClientProtocolClient.java:146)
	at org.apache.ratis.util.PeerProxyMap$PeerAndProxy.lambda$close$1(PeerProxyMap.java:74)
	at org.apache.ratis.util.LifeCycle.lambda$checkStateAndClose$2(LifeCycle.java:231)
	at org.apache.ratis.util.LifeCycle.checkStateAndClose(LifeCycle.java:251)
	at org.apache.ratis.util.LifeCycle.checkStateAndClose(LifeCycle.java:229)
	at org.apache.ratis.util.PeerProxyMap$PeerAndProxy.close(PeerProxyMap.java:70)
	at org.apache.ratis.util.PeerProxyMap.resetProxy(PeerProxyMap.java:127)
	at org.apache.ratis.util.PeerProxyMap.handleException(PeerProxyMap.java:136)
	at org.apache.ratis.client.impl.RaftClientRpcWithProxy.handleException(RaftClientRpcWithProxy.java:47)
	at org.apache.ratis.client.impl.RaftClientImpl.handleIOException(RaftClientImpl.java:372)
	at org.apache.ratis.client.impl.OrderedAsync.lambda$sendRequest$10(OrderedAsync.java:236)
	at java.util.concurrent.CompletableFuture.uniExceptionally(CompletableFuture.java:870)
	at java.util.concurrent.CompletableFuture$UniExceptionally.tryFire(CompletableFuture.java:852)
	at java.util.concurrent.CompletableFuture.postComplete(CompletableFuture.java:474)
	at java.util.concurrent.CompletableFuture.completeExceptionally(CompletableFuture.java:1977)
	at org.apache.ratis.grpc.client.GrpcClientProtocolClient$AsyncStreamObservers.lambda$timeoutCheck$3(GrpcClientProtocolClient.java:324)
	at java.util.Optional.ifPresent(Optional.java:159)
	at org.apache.ratis.grpc.client.GrpcClientProtocolClient$AsyncStreamObservers.handleReplyFuture(GrpcClientProtocolClient.java:329)
	at org.apache.ratis.grpc.client.GrpcClientProtocolClient$AsyncStreamObservers.timeoutCheck(GrpcClientProtocolClient.java:324)
	at org.apache.ratis.grpc.client.GrpcClientProtocolClient$AsyncStreamObservers.lambda$onNext$1(GrpcClientProtocolClient.java:318)
	at org.apache.ratis.util.TimeoutScheduler.lambda$onTimeout$0(TimeoutScheduler.java:113)
	at org.apache.ratis.util.TimeoutScheduler.lambda$onTimeout$1(TimeoutScheduler.java:133)
	at org.apache.ratis.util.LogUtils.runAndLog(LogUtils.java:50)
	at org.apache.ratis.util.LogUtils$1.run(LogUtils.java:91)
	at java.util.concurrent.Executors$RunnableAdapter.call(Executors.java:511)
	at java.util.concurrent.FutureTask.run(FutureTask.java:266)
	at java.util.concurrent.ScheduledThreadPoolExecutor$ScheduledFutureTask.access$201(ScheduledThreadPoolExecutor.java:180)
	at java.util.concurrent.ScheduledThreadPoolExecutor$ScheduledFutureTask.run(ScheduledThreadPoolExecutor.java:293)
	at java.util.concurrent.ThreadPoolExecutor.runWorker(ThreadPoolExecutor.java:1149)
	at java.util.concurrent.ThreadPoolExecutor$Worker.run(ThreadPoolExecutor.java:624)
	at java.lang.Thread.run(Thread.java:748)
2019-10-02 08:04:45,625 [java.util.concurrent.ThreadPoolExecutor$Worker@7de4e5f3[State = -1, empty queue]] WARN  util.TimeoutScheduler (LogUtils.java:runAndLog(55)) - Failed to task #0: java.lang.NullPointerException
2019-10-02 08:04:49,704 [java.util.concurrent.ThreadPoolExecutor$Worker@30e9c724[State = -1, empty queue]] ERROR client.GrpcClientProtocolClient (GrpcClientProtocolClient.java:close(148)) - Unexpected exception while waiting for channel termination
java.lang.InterruptedException
	at java.util.concurrent.locks.AbstractQueuedSynchronizer.tryAcquireSharedNanos(AbstractQueuedSynchronizer.java:1326)
	at java.util.concurrent.CountDownLatch.await(CountDownLatch.java:277)
	at org.apache.ratis.thirdparty.io.grpc.internal.ManagedChannelImpl.awaitTermination(ManagedChannelImpl.java:763)
	at org.apache.ratis.thirdparty.io.grpc.internal.ForwardingManagedChannel.awaitTermination(ForwardingManagedChannel.java:57)
	at org.apache.ratis.thirdparty.io.grpc.internal.ManagedChannelOrphanWrapper.awaitTermination(ManagedChannelOrphanWrapper.java:70)
	at org.apache.ratis.grpc.client.GrpcClientProtocolClient.close(GrpcClientProtocolClient.java:146)
	at org.apache.ratis.util.PeerProxyMap$PeerAndProxy.lambda$close$1(PeerProxyMap.java:74)
	at org.apache.ratis.util.LifeCycle.lambda$checkStateAndClose$2(LifeCycle.java:231)
	at org.apache.ratis.util.LifeCycle.checkStateAndClose(LifeCycle.java:251)
	at org.apache.ratis.util.LifeCycle.checkStateAndClose(LifeCycle.java:229)
	at org.apache.ratis.util.PeerProxyMap$PeerAndProxy.close(PeerProxyMap.java:70)
	at org.apache.ratis.util.PeerProxyMap.resetProxy(PeerProxyMap.java:127)
	at org.apache.ratis.util.PeerProxyMap.handleException(PeerProxyMap.java:136)
	at org.apache.ratis.client.impl.RaftClientRpcWithProxy.handleException(RaftClientRpcWithProxy.java:47)
	at org.apache.ratis.client.impl.RaftClientImpl.handleIOException(RaftClientImpl.java:372)
	at org.apache.ratis.client.impl.OrderedAsync.lambda$sendRequest$10(OrderedAsync.java:236)
	at java.util.concurrent.CompletableFuture.uniExceptionally(CompletableFuture.java:870)
	at java.util.concurrent.CompletableFuture$UniExceptionally.tryFire(CompletableFuture.java:852)
	at java.util.concurrent.CompletableFuture.postComplete(CompletableFuture.java:474)
	at java.util.concurrent.CompletableFuture.completeExceptionally(CompletableFuture.java:1977)
	at org.apache.ratis.grpc.client.GrpcClientProtocolClient$AsyncStreamObservers.lambda$timeoutCheck$3(GrpcClientProtocolClient.java:324)
	at java.util.Optional.ifPresent(Optional.java:159)
	at org.apache.ratis.grpc.client.GrpcClientProtocolClient$AsyncStreamObservers.handleReplyFuture(GrpcClientProtocolClient.java:329)
	at org.apache.ratis.grpc.client.GrpcClientProtocolClient$AsyncStreamObservers.timeoutCheck(GrpcClientProtocolClient.java:324)
	at org.apache.ratis.grpc.client.GrpcClientProtocolClient$AsyncStreamObservers.lambda$onNext$1(GrpcClientProtocolClient.java:318)
	at org.apache.ratis.util.TimeoutScheduler.lambda$onTimeout$0(TimeoutScheduler.java:113)
	at org.apache.ratis.util.TimeoutScheduler.lambda$onTimeout$1(TimeoutScheduler.java:133)
	at org.apache.ratis.util.LogUtils.runAndLog(LogUtils.java:50)
	at org.apache.ratis.util.LogUtils$1.run(LogUtils.java:91)
	at java.util.concurrent.Executors$RunnableAdapter.call(Executors.java:511)
	at java.util.concurrent.FutureTask.run(FutureTask.java:266)
	at java.util.concurrent.ScheduledThreadPoolExecutor$ScheduledFutureTask.access$201(ScheduledThreadPoolExecutor.java:180)
	at java.util.concurrent.ScheduledThreadPoolExecutor$ScheduledFutureTask.run(ScheduledThreadPoolExecutor.java:293)
	at java.util.concurrent.ThreadPoolExecutor.runWorker(ThreadPoolExecutor.java:1149)
	at java.util.concurrent.ThreadPoolExecutor$Worker.run(ThreadPoolExecutor.java:624)
	at java.lang.Thread.run(Thread.java:748)
2019-10-02 08:04:49,707 [java.util.concurrent.ThreadPoolExecutor$Worker@30e9c724[State = -1, empty queue]] WARN  util.TimeoutScheduler (LogUtils.java:runAndLog(55)) - Failed to task #0: java.lang.NullPointerException
2019-10-02 08:04:53,765 [java.util.concurrent.ThreadPoolExecutor$Worker@2c8bc8ce[State = -1, empty queue]] ERROR client.GrpcClientProtocolClient (GrpcClientProtocolClient.java:close(148)) - Unexpected exception while waiting for channel termination
java.lang.InterruptedException
	at java.util.concurrent.locks.AbstractQueuedSynchronizer.tryAcquireSharedNanos(AbstractQueuedSynchronizer.java:1326)
	at java.util.concurrent.CountDownLatch.await(CountDownLatch.java:277)
	at org.apache.ratis.thirdparty.io.grpc.internal.ManagedChannelImpl.awaitTermination(ManagedChannelImpl.java:763)
	at org.apache.ratis.thirdparty.io.grpc.internal.ForwardingManagedChannel.awaitTermination(ForwardingManagedChannel.java:57)
	at org.apache.ratis.thirdparty.io.grpc.internal.ManagedChannelOrphanWrapper.awaitTermination(ManagedChannelOrphanWrapper.java:70)
	at org.apache.ratis.grpc.client.GrpcClientProtocolClient.close(GrpcClientProtocolClient.java:146)
	at org.apache.ratis.util.PeerProxyMap$PeerAndProxy.lambda$close$1(PeerProxyMap.java:74)
	at org.apache.ratis.util.LifeCycle.lambda$checkStateAndClose$2(LifeCycle.java:231)
	at org.apache.ratis.util.LifeCycle.checkStateAndClose(LifeCycle.java:251)
	at org.apache.ratis.util.LifeCycle.checkStateAndClose(LifeCycle.java:229)
	at org.apache.ratis.util.PeerProxyMap$PeerAndProxy.close(PeerProxyMap.java:70)
	at org.apache.ratis.util.PeerProxyMap.resetProxy(PeerProxyMap.java:127)
	at org.apache.ratis.util.PeerProxyMap.handleException(PeerProxyMap.java:136)
	at org.apache.ratis.client.impl.RaftClientRpcWithProxy.handleException(RaftClientRpcWithProxy.java:47)
	at org.apache.ratis.client.impl.RaftClientImpl.handleIOException(RaftClientImpl.java:372)
	at org.apache.ratis.client.impl.OrderedAsync.lambda$sendRequest$10(OrderedAsync.java:236)
	at java.util.concurrent.CompletableFuture.uniExceptionally(CompletableFuture.java:870)
	at java.util.concurrent.CompletableFuture$UniExceptionally.tryFire(CompletableFuture.java:852)
	at java.util.concurrent.CompletableFuture.postComplete(CompletableFuture.java:474)
	at java.util.concurrent.CompletableFuture.completeExceptionally(CompletableFuture.java:1977)
	at org.apache.ratis.grpc.client.GrpcClientProtocolClient$AsyncStreamObservers.lambda$timeoutCheck$3(GrpcClientProtocolClient.java:324)
	at java.util.Optional.ifPresent(Optional.java:159)
	at org.apache.ratis.grpc.client.GrpcClientProtocolClient$AsyncStreamObservers.handleReplyFuture(GrpcClientProtocolClient.java:329)
	at org.apache.ratis.grpc.client.GrpcClientProtocolClient$AsyncStreamObservers.timeoutCheck(GrpcClientProtocolClient.java:324)
	at org.apache.ratis.grpc.client.GrpcClientProtocolClient$AsyncStreamObservers.lambda$onNext$1(GrpcClientProtocolClient.java:318)
	at org.apache.ratis.util.TimeoutScheduler.lambda$onTimeout$0(TimeoutScheduler.java:113)
	at org.apache.ratis.util.TimeoutScheduler.lambda$onTimeout$1(TimeoutScheduler.java:133)
	at org.apache.ratis.util.LogUtils.runAndLog(LogUtils.java:50)
	at org.apache.ratis.util.LogUtils$1.run(LogUtils.java:91)
	at java.util.concurrent.Executors$RunnableAdapter.call(Executors.java:511)
	at java.util.concurrent.FutureTask.run(FutureTask.java:266)
	at java.util.concurrent.ScheduledThreadPoolExecutor$ScheduledFutureTask.access$201(ScheduledThreadPoolExecutor.java:180)
	at java.util.concurrent.ScheduledThreadPoolExecutor$ScheduledFutureTask.run(ScheduledThreadPoolExecutor.java:293)
	at java.util.concurrent.ThreadPoolExecutor.runWorker(ThreadPoolExecutor.java:1149)
	at java.util.concurrent.ThreadPoolExecutor$Worker.run(ThreadPoolExecutor.java:624)
	at java.lang.Thread.run(Thread.java:748)
2019-10-02 08:04:53,771 [java.util.concurrent.ThreadPoolExecutor$Worker@2c8bc8ce[State = -1, empty queue]] WARN  util.TimeoutScheduler (LogUtils.java:runAndLog(55)) - Failed to task #0: java.lang.NullPointerException
2019-10-02 08:04:57,829 [java.util.concurrent.ThreadPoolExecutor$Worker@6b51a675[State = -1, empty queue]] ERROR client.GrpcClientProtocolClient (GrpcClientProtocolClient.java:close(148)) - Unexpected exception while waiting for channel termination
java.lang.InterruptedException
	at java.util.concurrent.locks.AbstractQueuedSynchronizer.tryAcquireSharedNanos(AbstractQueuedSynchronizer.java:1326)
	at java.util.concurrent.CountDownLatch.await(CountDownLatch.java:277)
	at org.apache.ratis.thirdparty.io.grpc.internal.ManagedChannelImpl.awaitTermination(ManagedChannelImpl.java:763)
	at org.apache.ratis.thirdparty.io.grpc.internal.ForwardingManagedChannel.awaitTermination(ForwardingManagedChannel.java:57)
	at org.apache.ratis.thirdparty.io.grpc.internal.ManagedChannelOrphanWrapper.awaitTermination(ManagedChannelOrphanWrapper.java:70)
	at org.apache.ratis.grpc.client.GrpcClientProtocolClient.close(GrpcClientProtocolClient.java:146)
	at org.apache.ratis.util.PeerProxyMap$PeerAndProxy.lambda$close$1(PeerProxyMap.java:74)
	at org.apache.ratis.util.LifeCycle.lambda$checkStateAndClose$2(LifeCycle.java:231)
	at org.apache.ratis.util.LifeCycle.checkStateAndClose(LifeCycle.java:251)
	at org.apache.ratis.util.LifeCycle.checkStateAndClose(LifeCycle.java:229)
	at org.apache.ratis.util.PeerProxyMap$PeerAndProxy.close(PeerProxyMap.java:70)
	at org.apache.ratis.util.PeerProxyMap.resetProxy(PeerProxyMap.java:127)
	at org.apache.ratis.util.PeerProxyMap.handleException(PeerProxyMap.java:136)
	at org.apache.ratis.client.impl.RaftClientRpcWithProxy.handleException(RaftClientRpcWithProxy.java:47)
	at org.apache.ratis.client.impl.RaftClientImpl.handleIOException(RaftClientImpl.java:372)
	at org.apache.ratis.client.impl.OrderedAsync.lambda$sendRequest$10(OrderedAsync.java:236)
	at java.util.concurrent.CompletableFuture.uniExceptionally(CompletableFuture.java:870)
	at java.util.concurrent.CompletableFuture$UniExceptionally.tryFire(CompletableFuture.java:852)
	at java.util.concurrent.CompletableFuture.postComplete(CompletableFuture.java:474)
	at java.util.concurrent.CompletableFuture.completeExceptionally(CompletableFuture.java:1977)
	at org.apache.ratis.grpc.client.GrpcClientProtocolClient$AsyncStreamObservers.lambda$timeoutCheck$3(GrpcClientProtocolClient.java:324)
	at java.util.Optional.ifPresent(Optional.java:159)
	at org.apache.ratis.grpc.client.GrpcClientProtocolClient$AsyncStreamObservers.handleReplyFuture(GrpcClientProtocolClient.java:329)
	at org.apache.ratis.grpc.client.GrpcClientProtocolClient$AsyncStreamObservers.timeoutCheck(GrpcClientProtocolClient.java:324)
	at org.apache.ratis.grpc.client.GrpcClientProtocolClient$AsyncStreamObservers.lambda$onNext$1(GrpcClientProtocolClient.java:318)
	at org.apache.ratis.util.TimeoutScheduler.lambda$onTimeout$0(TimeoutScheduler.java:113)
	at org.apache.ratis.util.TimeoutScheduler.lambda$onTimeout$1(TimeoutScheduler.java:133)
	at org.apache.ratis.util.LogUtils.runAndLog(LogUtils.java:50)
	at org.apache.ratis.util.LogUtils$1.run(LogUtils.java:91)
	at java.util.concurrent.Executors$RunnableAdapter.call(Executors.java:511)
	at java.util.concurrent.FutureTask.run(FutureTask.java:266)
	at java.util.concurrent.ScheduledThreadPoolExecutor$ScheduledFutureTask.access$201(ScheduledThreadPoolExecutor.java:180)
	at java.util.concurrent.ScheduledThreadPoolExecutor$ScheduledFutureTask.run(ScheduledThreadPoolExecutor.java:293)
	at java.util.concurrent.ThreadPoolExecutor.runWorker(ThreadPoolExecutor.java:1149)
	at java.util.concurrent.ThreadPoolExecutor$Worker.run(ThreadPoolExecutor.java:624)
	at java.lang.Thread.run(Thread.java:748)
2019-10-02 08:04:57,846 [java.util.concurrent.ThreadPoolExecutor$Worker@6b51a675[State = -1, empty queue]] WARN  util.TimeoutScheduler (LogUtils.java:runAndLog(55)) - Failed to task #0: java.lang.NullPointerException
2019-10-02 08:05:01,897 [java.util.concurrent.ThreadPoolExecutor$Worker@63b8f4ef[State = -1, empty queue]] ERROR client.GrpcClientProtocolClient (GrpcClientProtocolClient.java:close(148)) - Unexpected exception while waiting for channel termination
java.lang.InterruptedException
	at java.util.concurrent.locks.AbstractQueuedSynchronizer.tryAcquireSharedNanos(AbstractQueuedSynchronizer.java:1326)
	at java.util.concurrent.CountDownLatch.await(CountDownLatch.java:277)
	at org.apache.ratis.thirdparty.io.grpc.internal.ManagedChannelImpl.awaitTermination(ManagedChannelImpl.java:763)
	at org.apache.ratis.thirdparty.io.grpc.internal.ForwardingManagedChannel.awaitTermination(ForwardingManagedChannel.java:57)
	at org.apache.ratis.thirdparty.io.grpc.internal.ManagedChannelOrphanWrapper.awaitTermination(ManagedChannelOrphanWrapper.java:70)
	at org.apache.ratis.grpc.client.GrpcClientProtocolClient.close(GrpcClientProtocolClient.java:146)
	at org.apache.ratis.util.PeerProxyMap$PeerAndProxy.lambda$close$1(PeerProxyMap.java:74)
	at org.apache.ratis.util.LifeCycle.lambda$checkStateAndClose$2(LifeCycle.java:231)
	at org.apache.ratis.util.LifeCycle.checkStateAndClose(LifeCycle.java:251)
	at org.apache.ratis.util.LifeCycle.checkStateAndClose(LifeCycle.java:229)
	at org.apache.ratis.util.PeerProxyMap$PeerAndProxy.close(PeerProxyMap.java:70)
	at org.apache.ratis.util.PeerProxyMap.resetProxy(PeerProxyMap.java:127)
	at org.apache.ratis.util.PeerProxyMap.handleException(PeerProxyMap.java:136)
	at org.apache.ratis.client.impl.RaftClientRpcWithProxy.handleException(RaftClientRpcWithProxy.java:47)
	at org.apache.ratis.client.impl.RaftClientImpl.handleIOException(RaftClientImpl.java:372)
	at org.apache.ratis.client.impl.OrderedAsync.lambda$sendRequest$10(OrderedAsync.java:236)
	at java.util.concurrent.CompletableFuture.uniExceptionally(CompletableFuture.java:870)
	at java.util.concurrent.CompletableFuture$UniExceptionally.tryFire(CompletableFuture.java:852)
	at java.util.concurrent.CompletableFuture.postComplete(CompletableFuture.java:474)
	at java.util.concurrent.CompletableFuture.completeExceptionally(CompletableFuture.java:1977)
	at org.apache.ratis.grpc.client.GrpcClientProtocolClient$AsyncStreamObservers.lambda$timeoutCheck$3(GrpcClientProtocolClient.java:324)
	at java.util.Optional.ifPresent(Optional.java:159)
	at org.apache.ratis.grpc.client.GrpcClientProtocolClient$AsyncStreamObservers.handleReplyFuture(GrpcClientProtocolClient.java:329)
	at org.apache.ratis.grpc.client.GrpcClientProtocolClient$AsyncStreamObservers.timeoutCheck(GrpcClientProtocolClient.java:324)
	at org.apache.ratis.grpc.client.GrpcClientProtocolClient$AsyncStreamObservers.lambda$onNext$1(GrpcClientProtocolClient.java:318)
	at org.apache.ratis.util.TimeoutScheduler.lambda$onTimeout$0(TimeoutScheduler.java:113)
	at org.apache.ratis.util.TimeoutScheduler.lambda$onTimeout$1(TimeoutScheduler.java:133)
	at org.apache.ratis.util.LogUtils.runAndLog(LogUtils.java:50)
	at org.apache.ratis.util.LogUtils$1.run(LogUtils.java:91)
	at java.util.concurrent.Executors$RunnableAdapter.call(Executors.java:511)
	at java.util.concurrent.FutureTask.run(FutureTask.java:266)
	at java.util.concurrent.ScheduledThreadPoolExecutor$ScheduledFutureTask.access$201(ScheduledThreadPoolExecutor.java:180)
	at java.util.concurrent.ScheduledThreadPoolExecutor$ScheduledFutureTask.run(ScheduledThreadPoolExecutor.java:293)
	at java.util.concurrent.ThreadPoolExecutor.runWorker(ThreadPoolExecutor.java:1149)
	at java.util.concurrent.ThreadPoolExecutor$Worker.run(ThreadPoolExecutor.java:624)
	at java.lang.Thread.run(Thread.java:748)
2019-10-02 08:05:01,900 [java.util.concurrent.ThreadPoolExecutor$Worker@63b8f4ef[State = -1, empty queue]] WARN  util.TimeoutScheduler (LogUtils.java:runAndLog(55)) - Failed to task #0: java.lang.NullPointerException
2019-10-02 08:05:05,948 [java.util.concurrent.ThreadPoolExecutor$Worker@1451fdaa[State = -1, empty queue]] ERROR client.GrpcClientProtocolClient (GrpcClientProtocolClient.java:close(148)) - Unexpected exception while waiting for channel termination
java.lang.InterruptedException
	at java.util.concurrent.locks.AbstractQueuedSynchronizer.tryAcquireSharedNanos(AbstractQueuedSynchronizer.java:1326)
	at java.util.concurrent.CountDownLatch.await(CountDownLatch.java:277)
	at org.apache.ratis.thirdparty.io.grpc.internal.ManagedChannelImpl.awaitTermination(ManagedChannelImpl.java:763)
	at org.apache.ratis.thirdparty.io.grpc.internal.ForwardingManagedChannel.awaitTermination(ForwardingManagedChannel.java:57)
	at org.apache.ratis.thirdparty.io.grpc.internal.ManagedChannelOrphanWrapper.awaitTermination(ManagedChannelOrphanWrapper.java:70)
	at org.apache.ratis.grpc.client.GrpcClientProtocolClient.close(GrpcClientProtocolClient.java:146)
	at org.apache.ratis.util.PeerProxyMap$PeerAndProxy.lambda$close$1(PeerProxyMap.java:74)
	at org.apache.ratis.util.LifeCycle.lambda$checkStateAndClose$2(LifeCycle.java:231)
	at org.apache.ratis.util.LifeCycle.checkStateAndClose(LifeCycle.java:251)
	at org.apache.ratis.util.LifeCycle.checkStateAndClose(LifeCycle.java:229)
	at org.apache.ratis.util.PeerProxyMap$PeerAndProxy.close(PeerProxyMap.java:70)
	at org.apache.ratis.util.PeerProxyMap.resetProxy(PeerProxyMap.java:127)
	at org.apache.ratis.util.PeerProxyMap.handleException(PeerProxyMap.java:136)
	at org.apache.ratis.client.impl.RaftClientRpcWithProxy.handleException(RaftClientRpcWithProxy.java:47)
	at org.apache.ratis.client.impl.RaftClientImpl.handleIOException(RaftClientImpl.java:372)
	at org.apache.ratis.client.impl.OrderedAsync.lambda$sendRequest$10(OrderedAsync.java:236)
	at java.util.concurrent.CompletableFuture.uniExceptionally(CompletableFuture.java:870)
	at java.util.concurrent.CompletableFuture$UniExceptionally.tryFire(CompletableFuture.java:852)
	at java.util.concurrent.CompletableFuture.postComplete(CompletableFuture.java:474)
	at java.util.concurrent.CompletableFuture.completeExceptionally(CompletableFuture.java:1977)
	at org.apache.ratis.grpc.client.GrpcClientProtocolClient$AsyncStreamObservers.lambda$timeoutCheck$3(GrpcClientProtocolClient.java:324)
	at java.util.Optional.ifPresent(Optional.java:159)
	at org.apache.ratis.grpc.client.GrpcClientProtocolClient$AsyncStreamObservers.handleReplyFuture(GrpcClientProtocolClient.java:329)
	at org.apache.ratis.grpc.client.GrpcClientProtocolClient$AsyncStreamObservers.timeoutCheck(GrpcClientProtocolClient.java:324)
	at org.apache.ratis.grpc.client.GrpcClientProtocolClient$AsyncStreamObservers.lambda$onNext$1(GrpcClientProtocolClient.java:318)
	at org.apache.ratis.util.TimeoutScheduler.lambda$onTimeout$0(TimeoutScheduler.java:113)
	at org.apache.ratis.util.TimeoutScheduler.lambda$onTimeout$1(TimeoutScheduler.java:133)
	at org.apache.ratis.util.LogUtils.runAndLog(LogUtils.java:50)
	at org.apache.ratis.util.LogUtils$1.run(LogUtils.java:91)
	at java.util.concurrent.Executors$RunnableAdapter.call(Executors.java:511)
	at java.util.concurrent.FutureTask.run(FutureTask.java:266)
	at java.util.concurrent.ScheduledThreadPoolExecutor$ScheduledFutureTask.access$201(ScheduledThreadPoolExecutor.java:180)
	at java.util.concurrent.ScheduledThreadPoolExecutor$ScheduledFutureTask.run(ScheduledThreadPoolExecutor.java:293)
	at java.util.concurrent.ThreadPoolExecutor.runWorker(ThreadPoolExecutor.java:1149)
	at java.util.concurrent.ThreadPoolExecutor$Worker.run(ThreadPoolExecutor.java:624)
	at java.lang.Thread.run(Thread.java:748)
2019-10-02 08:05:05,951 [java.util.concurrent.ThreadPoolExecutor$Worker@1451fdaa[State = -1, empty queue]] WARN  util.TimeoutScheduler (LogUtils.java:runAndLog(55)) - Failed to task #0: java.lang.NullPointerException
2019-10-02 08:05:09,996 [java.util.concurrent.ThreadPoolExecutor$Worker@2c589c[State = -1, empty queue]] ERROR client.GrpcClientProtocolClient (GrpcClientProtocolClient.java:close(148)) - Unexpected exception while waiting for channel termination
java.lang.InterruptedException
	at java.util.concurrent.locks.AbstractQueuedSynchronizer.tryAcquireSharedNanos(AbstractQueuedSynchronizer.java:1326)
	at java.util.concurrent.CountDownLatch.await(CountDownLatch.java:277)
	at org.apache.ratis.thirdparty.io.grpc.internal.ManagedChannelImpl.awaitTermination(ManagedChannelImpl.java:763)
	at org.apache.ratis.thirdparty.io.grpc.internal.ForwardingManagedChannel.awaitTermination(ForwardingManagedChannel.java:57)
	at org.apache.ratis.thirdparty.io.grpc.internal.ManagedChannelOrphanWrapper.awaitTermination(ManagedChannelOrphanWrapper.java:70)
	at org.apache.ratis.grpc.client.GrpcClientProtocolClient.close(GrpcClientProtocolClient.java:146)
	at org.apache.ratis.util.PeerProxyMap$PeerAndProxy.lambda$close$1(PeerProxyMap.java:74)
	at org.apache.ratis.util.LifeCycle.lambda$checkStateAndClose$2(LifeCycle.java:231)
	at org.apache.ratis.util.LifeCycle.checkStateAndClose(LifeCycle.java:251)
	at org.apache.ratis.util.LifeCycle.checkStateAndClose(LifeCycle.java:229)
	at org.apache.ratis.util.PeerProxyMap$PeerAndProxy.close(PeerProxyMap.java:70)
	at org.apache.ratis.util.PeerProxyMap.resetProxy(PeerProxyMap.java:127)
	at org.apache.ratis.util.PeerProxyMap.handleException(PeerProxyMap.java:136)
	at org.apache.ratis.client.impl.RaftClientRpcWithProxy.handleException(RaftClientRpcWithProxy.java:47)
	at org.apache.ratis.client.impl.RaftClientImpl.handleIOException(RaftClientImpl.java:372)
	at org.apache.ratis.client.impl.OrderedAsync.lambda$sendRequest$10(OrderedAsync.java:236)
	at java.util.concurrent.CompletableFuture.uniExceptionally(CompletableFuture.java:870)
	at java.util.concurrent.CompletableFuture$UniExceptionally.tryFire(CompletableFuture.java:852)
	at java.util.concurrent.CompletableFuture.postComplete(CompletableFuture.java:474)
	at java.util.concurrent.CompletableFuture.completeExceptionally(CompletableFuture.java:1977)
	at org.apache.ratis.grpc.client.GrpcClientProtocolClient$AsyncStreamObservers.lambda$timeoutCheck$3(GrpcClientProtocolClient.java:324)
	at java.util.Optional.ifPresent(Optional.java:159)
	at org.apache.ratis.grpc.client.GrpcClientProtocolClient$AsyncStreamObservers.handleReplyFuture(GrpcClientProtocolClient.java:329)
	at org.apache.ratis.grpc.client.GrpcClientProtocolClient$AsyncStreamObservers.timeoutCheck(GrpcClientProtocolClient.java:324)
	at org.apache.ratis.grpc.client.GrpcClientProtocolClient$AsyncStreamObservers.lambda$onNext$1(GrpcClientProtocolClient.java:318)
	at org.apache.ratis.util.TimeoutScheduler.lambda$onTimeout$0(TimeoutScheduler.java:113)
	at org.apache.ratis.util.TimeoutScheduler.lambda$onTimeout$1(TimeoutScheduler.java:133)
	at org.apache.ratis.util.LogUtils.runAndLog(LogUtils.java:50)
	at org.apache.ratis.util.LogUtils$1.run(LogUtils.java:91)
	at java.util.concurrent.Executors$RunnableAdapter.call(Executors.java:511)
	at java.util.concurrent.FutureTask.run(FutureTask.java:266)
	at java.util.concurrent.ScheduledThreadPoolExecutor$ScheduledFutureTask.access$201(ScheduledThreadPoolExecutor.java:180)
	at java.util.concurrent.ScheduledThreadPoolExecutor$ScheduledFutureTask.run(ScheduledThreadPoolExecutor.java:293)
	at java.util.concurrent.ThreadPoolExecutor.runWorker(ThreadPoolExecutor.java:1149)
	at java.util.concurrent.ThreadPoolExecutor$Worker.run(ThreadPoolExecutor.java:624)
	at java.lang.Thread.run(Thread.java:748)
2019-10-02 08:05:09,999 [java.util.concurrent.ThreadPoolExecutor$Worker@2c589c[State = -1, empty queue]] WARN  util.TimeoutScheduler (LogUtils.java:runAndLog(55)) - Failed to task #0: java.lang.NullPointerException
2019-10-02 08:05:14,047 [java.util.concurrent.ThreadPoolExecutor$Worker@d54e19e[State = -1, empty queue]] ERROR client.GrpcClientProtocolClient (GrpcClientProtocolClient.java:close(148)) - Unexpected exception while waiting for channel termination
java.lang.InterruptedException
	at java.util.concurrent.locks.AbstractQueuedSynchronizer.tryAcquireSharedNanos(AbstractQueuedSynchronizer.java:1326)
	at java.util.concurrent.CountDownLatch.await(CountDownLatch.java:277)
	at org.apache.ratis.thirdparty.io.grpc.internal.ManagedChannelImpl.awaitTermination(ManagedChannelImpl.java:763)
	at org.apache.ratis.thirdparty.io.grpc.internal.ForwardingManagedChannel.awaitTermination(ForwardingManagedChannel.java:57)
	at org.apache.ratis.thirdparty.io.grpc.internal.ManagedChannelOrphanWrapper.awaitTermination(ManagedChannelOrphanWrapper.java:70)
	at org.apache.ratis.grpc.client.GrpcClientProtocolClient.close(GrpcClientProtocolClient.java:146)
	at org.apache.ratis.util.PeerProxyMap$PeerAndProxy.lambda$close$1(PeerProxyMap.java:74)
	at org.apache.ratis.util.LifeCycle.lambda$checkStateAndClose$2(LifeCycle.java:231)
	at org.apache.ratis.util.LifeCycle.checkStateAndClose(LifeCycle.java:251)
	at org.apache.ratis.util.LifeCycle.checkStateAndClose(LifeCycle.java:229)
	at org.apache.ratis.util.PeerProxyMap$PeerAndProxy.close(PeerProxyMap.java:70)
	at org.apache.ratis.util.PeerProxyMap.resetProxy(PeerProxyMap.java:127)
	at org.apache.ratis.util.PeerProxyMap.handleException(PeerProxyMap.java:136)
	at org.apache.ratis.client.impl.RaftClientRpcWithProxy.handleException(RaftClientRpcWithProxy.java:47)
	at org.apache.ratis.client.impl.RaftClientImpl.handleIOException(RaftClientImpl.java:372)
	at org.apache.ratis.client.impl.OrderedAsync.lambda$sendRequest$10(OrderedAsync.java:236)
	at java.util.concurrent.CompletableFuture.uniExceptionally(CompletableFuture.java:870)
	at java.util.concurrent.CompletableFuture$UniExceptionally.tryFire(CompletableFuture.java:852)
	at java.util.concurrent.CompletableFuture.postComplete(CompletableFuture.java:474)
	at java.util.concurrent.CompletableFuture.completeExceptionally(CompletableFuture.java:1977)
	at org.apache.ratis.grpc.client.GrpcClientProtocolClient$AsyncStreamObservers.lambda$timeoutCheck$3(GrpcClientProtocolClient.java:324)
	at java.util.Optional.ifPresent(Optional.java:159)
	at org.apache.ratis.grpc.client.GrpcClientProtocolClient$AsyncStreamObservers.handleReplyFuture(GrpcClientProtocolClient.java:329)
	at org.apache.ratis.grpc.client.GrpcClientProtocolClient$AsyncStreamObservers.timeoutCheck(GrpcClientProtocolClient.java:324)
	at org.apache.ratis.grpc.client.GrpcClientProtocolClient$AsyncStreamObservers.lambda$onNext$1(GrpcClientProtocolClient.java:318)
	at org.apache.ratis.util.TimeoutScheduler.lambda$onTimeout$0(TimeoutScheduler.java:113)
	at org.apache.ratis.util.TimeoutScheduler.lambda$onTimeout$1(TimeoutScheduler.java:133)
	at org.apache.ratis.util.LogUtils.runAndLog(LogUtils.java:50)
	at org.apache.ratis.util.LogUtils$1.run(LogUtils.java:91)
	at java.util.concurrent.Executors$RunnableAdapter.call(Executors.java:511)
	at java.util.concurrent.FutureTask.run(FutureTask.java:266)
	at java.util.concurrent.ScheduledThreadPoolExecutor$ScheduledFutureTask.access$201(ScheduledThreadPoolExecutor.java:180)
	at java.util.concurrent.ScheduledThreadPoolExecutor$ScheduledFutureTask.run(ScheduledThreadPoolExecutor.java:293)
	at java.util.concurrent.ThreadPoolExecutor.runWorker(ThreadPoolExecutor.java:1149)
	at java.util.concurrent.ThreadPoolExecutor$Worker.run(ThreadPoolExecutor.java:624)
	at java.lang.Thread.run(Thread.java:748)
2019-10-02 08:05:14,050 [java.util.concurrent.ThreadPoolExecutor$Worker@d54e19e[State = -1, empty queue]] WARN  util.TimeoutScheduler (LogUtils.java:runAndLog(55)) - Failed to task #0: java.lang.NullPointerException
2019-10-02 08:05:18,103 [java.util.concurrent.ThreadPoolExecutor$Worker@3229abda[State = -1, empty queue]] ERROR client.GrpcClientProtocolClient (GrpcClientProtocolClient.java:close(148)) - Unexpected exception while waiting for channel termination
java.lang.InterruptedException
	at java.util.concurrent.locks.AbstractQueuedSynchronizer.tryAcquireSharedNanos(AbstractQueuedSynchronizer.java:1326)
	at java.util.concurrent.CountDownLatch.await(CountDownLatch.java:277)
	at org.apache.ratis.thirdparty.io.grpc.internal.ManagedChannelImpl.awaitTermination(ManagedChannelImpl.java:763)
	at org.apache.ratis.thirdparty.io.grpc.internal.ForwardingManagedChannel.awaitTermination(ForwardingManagedChannel.java:57)
	at org.apache.ratis.thirdparty.io.grpc.internal.ManagedChannelOrphanWrapper.awaitTermination(ManagedChannelOrphanWrapper.java:70)
	at org.apache.ratis.grpc.client.GrpcClientProtocolClient.close(GrpcClientProtocolClient.java:146)
	at org.apache.ratis.util.PeerProxyMap$PeerAndProxy.lambda$close$1(PeerProxyMap.java:74)
	at org.apache.ratis.util.LifeCycle.lambda$checkStateAndClose$2(LifeCycle.java:231)
	at org.apache.ratis.util.LifeCycle.checkStateAndClose(LifeCycle.java:251)
	at org.apache.ratis.util.LifeCycle.checkStateAndClose(LifeCycle.java:229)
	at org.apache.ratis.util.PeerProxyMap$PeerAndProxy.close(PeerProxyMap.java:70)
	at org.apache.ratis.util.PeerProxyMap.resetProxy(PeerProxyMap.java:127)
	at org.apache.ratis.util.PeerProxyMap.handleException(PeerProxyMap.java:136)
	at org.apache.ratis.client.impl.RaftClientRpcWithProxy.handleException(RaftClientRpcWithProxy.java:47)
	at org.apache.ratis.client.impl.RaftClientImpl.handleIOException(RaftClientImpl.java:372)
	at org.apache.ratis.client.impl.OrderedAsync.lambda$sendRequest$10(OrderedAsync.java:236)
	at java.util.concurrent.CompletableFuture.uniExceptionally(CompletableFuture.java:870)
	at java.util.concurrent.CompletableFuture$UniExceptionally.tryFire(CompletableFuture.java:852)
	at java.util.concurrent.CompletableFuture.postComplete(CompletableFuture.java:474)
	at java.util.concurrent.CompletableFuture.completeExceptionally(CompletableFuture.java:1977)
	at org.apache.ratis.grpc.client.GrpcClientProtocolClient$AsyncStreamObservers.lambda$timeoutCheck$3(GrpcClientProtocolClient.java:324)
	at java.util.Optional.ifPresent(Optional.java:159)
	at org.apache.ratis.grpc.client.GrpcClientProtocolClient$AsyncStreamObservers.handleReplyFuture(GrpcClientProtocolClient.java:329)
	at org.apache.ratis.grpc.client.GrpcClientProtocolClient$AsyncStreamObservers.timeoutCheck(GrpcClientProtocolClient.java:324)
	at org.apache.ratis.grpc.client.GrpcClientProtocolClient$AsyncStreamObservers.lambda$onNext$1(GrpcClientProtocolClient.java:318)
	at org.apache.ratis.util.TimeoutScheduler.lambda$onTimeout$0(TimeoutScheduler.java:113)
	at org.apache.ratis.util.TimeoutScheduler.lambda$onTimeout$1(TimeoutScheduler.java:133)
	at org.apache.ratis.util.LogUtils.runAndLog(LogUtils.java:50)
	at org.apache.ratis.util.LogUtils$1.run(LogUtils.java:91)
	at java.util.concurrent.Executors$RunnableAdapter.call(Executors.java:511)
	at java.util.concurrent.FutureTask.run(FutureTask.java:266)
	at java.util.concurrent.ScheduledThreadPoolExecutor$ScheduledFutureTask.access$201(ScheduledThreadPoolExecutor.java:180)
	at java.util.concurrent.ScheduledThreadPoolExecutor$ScheduledFutureTask.run(ScheduledThreadPoolExecutor.java:293)
	at java.util.concurrent.ThreadPoolExecutor.runWorker(ThreadPoolExecutor.java:1149)
	at java.util.concurrent.ThreadPoolExecutor$Worker.run(ThreadPoolExecutor.java:624)
	at java.lang.Thread.run(Thread.java:748)
2019-10-02 08:05:18,104 [java.util.concurrent.ThreadPoolExecutor$Worker@3229abda[State = -1, empty queue]] WARN  util.TimeoutScheduler (LogUtils.java:runAndLog(55)) - Failed to task #0: java.lang.NullPointerException
2019-10-02 08:05:22,186 [java.util.concurrent.ThreadPoolExecutor$Worker@4ef4a23f[State = -1, empty queue]] ERROR client.GrpcClientProtocolClient (GrpcClientProtocolClient.java:close(148)) - Unexpected exception while waiting for channel termination
java.lang.InterruptedException
	at java.util.concurrent.locks.AbstractQueuedSynchronizer.tryAcquireSharedNanos(AbstractQueuedSynchronizer.java:1326)
	at java.util.concurrent.CountDownLatch.await(CountDownLatch.java:277)
	at org.apache.ratis.thirdparty.io.grpc.internal.ManagedChannelImpl.awaitTermination(ManagedChannelImpl.java:763)
	at org.apache.ratis.thirdparty.io.grpc.internal.ForwardingManagedChannel.awaitTermination(ForwardingManagedChannel.java:57)
	at org.apache.ratis.thirdparty.io.grpc.internal.ManagedChannelOrphanWrapper.awaitTermination(ManagedChannelOrphanWrapper.java:70)
	at org.apache.ratis.grpc.client.GrpcClientProtocolClient.close(GrpcClientProtocolClient.java:146)
	at org.apache.ratis.util.PeerProxyMap$PeerAndProxy.lambda$close$1(PeerProxyMap.java:74)
	at org.apache.ratis.util.LifeCycle.lambda$checkStateAndClose$2(LifeCycle.java:231)
	at org.apache.ratis.util.LifeCycle.checkStateAndClose(LifeCycle.java:251)
	at org.apache.ratis.util.LifeCycle.checkStateAndClose(LifeCycle.java:229)
	at org.apache.ratis.util.PeerProxyMap$PeerAndProxy.close(PeerProxyMap.java:70)
	at org.apache.ratis.util.PeerProxyMap.resetProxy(PeerProxyMap.java:127)
	at org.apache.ratis.util.PeerProxyMap.handleException(PeerProxyMap.java:136)
	at org.apache.ratis.client.impl.RaftClientRpcWithProxy.handleException(RaftClientRpcWithProxy.java:47)
	at org.apache.ratis.client.impl.RaftClientImpl.handleIOException(RaftClientImpl.java:372)
	at org.apache.ratis.client.impl.OrderedAsync.lambda$sendRequest$10(OrderedAsync.java:236)
	at java.util.concurrent.CompletableFuture.uniExceptionally(CompletableFuture.java:870)
	at java.util.concurrent.CompletableFuture$UniExceptionally.tryFire(CompletableFuture.java:852)
	at java.util.concurrent.CompletableFuture.postComplete(CompletableFuture.java:474)
	at java.util.concurrent.CompletableFuture.completeExceptionally(CompletableFuture.java:1977)
	at org.apache.ratis.grpc.client.GrpcClientProtocolClient$AsyncStreamObservers.lambda$timeoutCheck$3(GrpcClientProtocolClient.java:324)
	at java.util.Optional.ifPresent(Optional.java:159)
	at org.apache.ratis.grpc.client.GrpcClientProtocolClient$AsyncStreamObservers.handleReplyFuture(GrpcClientProtocolClient.java:329)
	at org.apache.ratis.grpc.client.GrpcClientProtocolClient$AsyncStreamObservers.timeoutCheck(GrpcClientProtocolClient.java:324)
	at org.apache.ratis.grpc.client.GrpcClientProtocolClient$AsyncStreamObservers.lambda$onNext$1(GrpcClientProtocolClient.java:318)
	at org.apache.ratis.util.TimeoutScheduler.lambda$onTimeout$0(TimeoutScheduler.java:113)
	at org.apache.ratis.util.TimeoutScheduler.lambda$onTimeout$1(TimeoutScheduler.java:133)
	at org.apache.ratis.util.LogUtils.runAndLog(LogUtils.java:50)
	at org.apache.ratis.util.LogUtils$1.run(LogUtils.java:91)
	at java.util.concurrent.Executors$RunnableAdapter.call(Executors.java:511)
	at java.util.concurrent.FutureTask.run(FutureTask.java:266)
	at java.util.concurrent.ScheduledThreadPoolExecutor$ScheduledFutureTask.access$201(ScheduledThreadPoolExecutor.java:180)
	at java.util.concurrent.ScheduledThreadPoolExecutor$ScheduledFutureTask.run(ScheduledThreadPoolExecutor.java:293)
	at java.util.concurrent.ThreadPoolExecutor.runWorker(ThreadPoolExecutor.java:1149)
	at java.util.concurrent.ThreadPoolExecutor$Worker.run(ThreadPoolExecutor.java:624)
	at java.lang.Thread.run(Thread.java:748)
2019-10-02 08:05:22,189 [java.util.concurrent.ThreadPoolExecutor$Worker@4ef4a23f[State = -1, empty queue]] WARN  util.TimeoutScheduler (LogUtils.java:runAndLog(55)) - Failed to task #0: java.lang.NullPointerException
2019-10-02 08:05:24,601 [grpc-default-executor-1] INFO  impl.RaftServerProxy (RaftServerProxy.java:remove(95)) - 49f66f9f-31d7-4b02-b438-ea1444250cb1: remove  FOLLOWER 49f66f9f-31d7-4b02-b438-ea1444250cb1@group-56DA967EC7A5:t1, leader=a264a072-92f0-4dc2-99fe-a3f051c5730a, voted=a264a072-92f0-4dc2-99fe-a3f051c5730a, raftlog=49f66f9f-31d7-4b02-b438-ea1444250cb1@group-56DA967EC7A5-SegmentedRaftLog:OPENED:c0,f2,i2, conf=0: [a264a072-92f0-4dc2-99fe-a3f051c5730a:192.168.151.92:38422, 6c71132d-f7e4-4b14-8e85-142ea7240f76:192.168.151.92:42779, 49f66f9f-31d7-4b02-b438-ea1444250cb1:192.168.151.92:39309], old=null RUNNING
2019-10-02 08:05:24,605 [grpc-default-executor-1] INFO  impl.RaftServerImpl (RaftServerImpl.java:lambda$shutdown$3(247)) - 49f66f9f-31d7-4b02-b438-ea1444250cb1@group-56DA967EC7A5: shutdown
2019-10-02 08:05:24,606 [grpc-default-executor-1] INFO  util.JmxRegister (JmxRegister.java:unregister(73)) - Successfully un-registered JMX Bean with object name Ratis:service=RaftServer,group=group-56DA967EC7A5,id=49f66f9f-31d7-4b02-b438-ea1444250cb1
2019-10-02 08:05:24,606 [grpc-default-executor-1] INFO  impl.RoleInfo (RoleInfo.java:shutdownFollowerState(121)) - 49f66f9f-31d7-4b02-b438-ea1444250cb1: shutdown FollowerState
2019-10-02 08:05:24,607 [grpc-default-executor-1] INFO  impl.StateMachineUpdater (StateMachineUpdater.java:stopAndJoin(136)) - 49f66f9f-31d7-4b02-b438-ea1444250cb1@group-56DA967EC7A5-StateMachineUpdater: set stopIndex = 0
2019-10-02 08:05:24,607 [Thread-309] INFO  impl.FollowerState (FollowerState.java:run(117)) - 49f66f9f-31d7-4b02-b438-ea1444250cb1@group-56DA967EC7A5-FollowerState was interrupted: java.lang.InterruptedException: sleep interrupted
2019-10-02 08:05:24,611 [grpc-default-executor-1] INFO  impl.RaftServerImpl (ServerState.java:close(387)) - 49f66f9f-31d7-4b02-b438-ea1444250cb1@group-56DA967EC7A5: closes. applyIndex: 0
2019-10-02 08:05:24,613 [49f66f9f-31d7-4b02-b438-ea1444250cb1@group-56DA967EC7A5-SegmentedRaftLogWorker] INFO  segmented.SegmentedRaftLogWorker (SegmentedRaftLogWorker.java:run(316)) - 49f66f9f-31d7-4b02-b438-ea1444250cb1@group-56DA967EC7A5-SegmentedRaftLogWorker was interrupted, exiting. There are 0 tasks remaining in the queue.
2019-10-02 08:05:24,616 [grpc-default-executor-1] INFO  segmented.SegmentedRaftLogWorker (SegmentedRaftLogWorker.java:close(224)) - 49f66f9f-31d7-4b02-b438-ea1444250cb1@group-56DA967EC7A5-SegmentedRaftLogWorker close()
2019-10-02 08:05:24,705 [grpc-default-executor-1] INFO  interfaces.Container (KeyValueContainer.java:flushAndSyncDB(386)) - Container 1 is synced with bcsId 0.
2019-10-02 08:05:24,705 [grpc-default-executor-1] INFO  interfaces.Container (KeyValueContainer.java:flushAndSyncDB(386)) - Container 1 is synced with bcsId 0.
2019-10-02 08:05:24,726 [EventQueue-IncrementalContainerReportForIncrementalContainerReportHandler] INFO  container.IncrementalContainerReportHandler (AbstractContainerReportHandler.java:updateContainerState(169)) - Moving container #1 to QUASI_CLOSED state, datanode 49f66f9f-31d7-4b02-b438-ea1444250cb1{ip: 192.168.151.92, host: pr-trunk-gg4kw-413187789, networkLocation: /default-rack, certSerialId: null} reported QUASI_CLOSED replica.
2019-10-02 08:05:24,736 [grpc-default-executor-1] INFO  impl.RaftServerProxy (RaftServerProxy.java:remove(95)) - 6c71132d-f7e4-4b14-8e85-142ea7240f76: remove  FOLLOWER 6c71132d-f7e4-4b14-8e85-142ea7240f76@group-56DA967EC7A5:t1, leader=a264a072-92f0-4dc2-99fe-a3f051c5730a, voted=a264a072-92f0-4dc2-99fe-a3f051c5730a, raftlog=6c71132d-f7e4-4b14-8e85-142ea7240f76@group-56DA967EC7A5-SegmentedRaftLog:OPENED:c0,f2,i2, conf=0: [a264a072-92f0-4dc2-99fe-a3f051c5730a:192.168.151.92:38422, 6c71132d-f7e4-4b14-8e85-142ea7240f76:192.168.151.92:42779, 49f66f9f-31d7-4b02-b438-ea1444250cb1:192.168.151.92:39309], old=null RUNNING
2019-10-02 08:05:24,736 [grpc-default-executor-1] INFO  impl.RaftServerImpl (RaftServerImpl.java:lambda$shutdown$3(247)) - 6c71132d-f7e4-4b14-8e85-142ea7240f76@group-56DA967EC7A5: shutdown
2019-10-02 08:05:24,736 [grpc-default-executor-1] INFO  util.JmxRegister (JmxRegister.java:unregister(73)) - Successfully un-registered JMX Bean with object name Ratis:service=RaftServer,group=group-56DA967EC7A5,id=6c71132d-f7e4-4b14-8e85-142ea7240f76
2019-10-02 08:05:24,736 [grpc-default-executor-1] INFO  impl.RoleInfo (RoleInfo.java:shutdownFollowerState(121)) - 6c71132d-f7e4-4b14-8e85-142ea7240f76: shutdown FollowerState
2019-10-02 08:05:24,737 [grpc-default-executor-1] INFO  impl.StateMachineUpdater (StateMachineUpdater.java:stopAndJoin(136)) - 6c71132d-f7e4-4b14-8e85-142ea7240f76@group-56DA967EC7A5-StateMachineUpdater: set stopIndex = 0
2019-10-02 08:05:24,737 [Thread-308] INFO  impl.FollowerState (FollowerState.java:run(117)) - 6c71132d-f7e4-4b14-8e85-142ea7240f76@group-56DA967EC7A5-FollowerState was interrupted: java.lang.InterruptedException: sleep interrupted
2019-10-02 08:05:24,741 [grpc-default-executor-1] INFO  impl.RaftServerImpl (ServerState.java:close(387)) - 6c71132d-f7e4-4b14-8e85-142ea7240f76@group-56DA967EC7A5: closes. applyIndex: 0
2019-10-02 08:05:24,742 [6c71132d-f7e4-4b14-8e85-142ea7240f76@group-56DA967EC7A5-SegmentedRaftLogWorker] INFO  segmented.SegmentedRaftLogWorker (SegmentedRaftLogWorker.java:run(316)) - 6c71132d-f7e4-4b14-8e85-142ea7240f76@group-56DA967EC7A5-SegmentedRaftLogWorker was interrupted, exiting. There are 0 tasks remaining in the queue.
2019-10-02 08:05:24,744 [grpc-default-executor-1] INFO  segmented.SegmentedRaftLogWorker (SegmentedRaftLogWorker.java:close(224)) - 6c71132d-f7e4-4b14-8e85-142ea7240f76@group-56DA967EC7A5-SegmentedRaftLogWorker close()
2019-10-02 08:05:24,827 [grpc-default-executor-1] INFO  interfaces.Container (KeyValueContainer.java:flushAndSyncDB(386)) - Container 1 is synced with bcsId 0.
2019-10-02 08:05:24,827 [grpc-default-executor-1] INFO  interfaces.Container (KeyValueContainer.java:flushAndSyncDB(386)) - Container 1 is synced with bcsId 0.
2019-10-02 08:05:24,857 [grpc-default-executor-1] INFO  impl.RaftServerProxy (RaftServerProxy.java:remove(95)) - a264a072-92f0-4dc2-99fe-a3f051c5730a: remove    LEADER a264a072-92f0-4dc2-99fe-a3f051c5730a@group-56DA967EC7A5:t1, leader=a264a072-92f0-4dc2-99fe-a3f051c5730a, voted=a264a072-92f0-4dc2-99fe-a3f051c5730a, raftlog=a264a072-92f0-4dc2-99fe-a3f051c5730a@group-56DA967EC7A5-SegmentedRaftLog:OPENED:c0,f0,i2, conf=0: [a264a072-92f0-4dc2-99fe-a3f051c5730a:192.168.151.92:38422, 6c71132d-f7e4-4b14-8e85-142ea7240f76:192.168.151.92:42779, 49f66f9f-31d7-4b02-b438-ea1444250cb1:192.168.151.92:39309], old=null RUNNING
2019-10-02 08:05:24,857 [grpc-default-executor-1] INFO  impl.RaftServerImpl (RaftServerImpl.java:lambda$shutdown$3(247)) - a264a072-92f0-4dc2-99fe-a3f051c5730a@group-56DA967EC7A5: shutdown
2019-10-02 08:05:24,857 [grpc-default-executor-1] INFO  util.JmxRegister (JmxRegister.java:unregister(73)) - Successfully un-registered JMX Bean with object name Ratis:service=RaftServer,group=group-56DA967EC7A5,id=a264a072-92f0-4dc2-99fe-a3f051c5730a
2019-10-02 08:05:24,857 [grpc-default-executor-1] INFO  impl.RoleInfo (RoleInfo.java:shutdownLeaderState(104)) - a264a072-92f0-4dc2-99fe-a3f051c5730a: shutdown LeaderState
2019-10-02 08:05:24,861 [org.apache.ratis.server.impl.LogAppender$AppenderDaemon$$Lambda$520/464286500@43aa7881] WARN  server.GrpcLogAppender (GrpcLogAppender.java:mayWait(143)) - a264a072-92f0-4dc2-99fe-a3f051c5730a@group-56DA967EC7A5->6c71132d-f7e4-4b14-8e85-142ea7240f76-GrpcLogAppender: Wait interrupted by java.lang.InterruptedException
2019-10-02 08:05:24,863 [grpc-default-executor-1] INFO  impl.PendingRequests (PendingRequests.java:sendNotLeaderResponses(202)) - a264a072-92f0-4dc2-99fe-a3f051c5730a@group-56DA967EC7A5-PendingRequests: sendNotLeaderResponses
2019-10-02 08:05:24,863 [org.apache.ratis.server.impl.LogAppender$AppenderDaemon$$Lambda$520/464286500@26c3be1a] WARN  server.GrpcLogAppender (GrpcLogAppender.java:mayWait(143)) - a264a072-92f0-4dc2-99fe-a3f051c5730a@group-56DA967EC7A5->49f66f9f-31d7-4b02-b438-ea1444250cb1-GrpcLogAppender: Wait interrupted by java.lang.InterruptedException
2019-10-02 08:05:24,867 [grpc-default-executor-4] INFO  server.GrpcServerProtocolService (GrpcServerProtocolService.java:onCompleted(113)) - 6c71132d-f7e4-4b14-8e85-142ea7240f76: Completed APPEND_ENTRIES, lastRequest: a264a072-92f0-4dc2-99fe-a3f051c5730a->6c71132d-f7e4-4b14-8e85-142ea7240f76#29-t1, previous=(t:1, i:2), leaderCommit=0, initializing? false, entries: <empty>
2019-10-02 08:05:24,867 [grpc-default-executor-0] INFO  server.GrpcServerProtocolService (GrpcServerProtocolService.java:onCompleted(113)) - 49f66f9f-31d7-4b02-b438-ea1444250cb1: Completed APPEND_ENTRIES, lastRequest: a264a072-92f0-4dc2-99fe-a3f051c5730a->49f66f9f-31d7-4b02-b438-ea1444250cb1#29-t1, previous=(t:1, i:2), leaderCommit=0, initializing? false, entries: <empty>
2019-10-02 08:05:24,870 [grpc-default-executor-4] INFO  server.GrpcLogAppender (GrpcLogAppender.java:onCompleted(293)) - a264a072-92f0-4dc2-99fe-a3f051c5730a@group-56DA967EC7A5->49f66f9f-31d7-4b02-b438-ea1444250cb1-AppendLogResponseHandler: follower responses appendEntries COMPLETED
2019-10-02 08:05:24,870 [grpc-default-executor-0] INFO  server.GrpcLogAppender (GrpcLogAppender.java:onCompleted(293)) - a264a072-92f0-4dc2-99fe-a3f051c5730a@group-56DA967EC7A5->6c71132d-f7e4-4b14-8e85-142ea7240f76-AppendLogResponseHandler: follower responses appendEntries COMPLETED
2019-10-02 08:05:24,873 [grpc-default-executor-4] INFO  impl.FollowerInfo (FollowerInfo.java:lambda$new$0(51)) - a264a072-92f0-4dc2-99fe-a3f051c5730a@group-56DA967EC7A5->49f66f9f-31d7-4b02-b438-ea1444250cb1: nextIndex: updateUnconditionally 3 -> 2
2019-10-02 08:05:24,874 [grpc-default-executor-0] INFO  impl.FollowerInfo (FollowerInfo.java:lambda$new$0(51)) - a264a072-92f0-4dc2-99fe-a3f051c5730a@group-56DA967EC7A5->6c71132d-f7e4-4b14-8e85-142ea7240f76: nextIndex: updateUnconditionally 3 -> 2
2019-10-02 08:05:24,886 [grpc-default-executor-1] INFO  impl.StateMachineUpdater (StateMachineUpdater.java:stopAndJoin(136)) - a264a072-92f0-4dc2-99fe-a3f051c5730a@group-56DA967EC7A5-StateMachineUpdater: set stopIndex = 0
2019-10-02 08:05:24,896 [grpc-default-executor-1] INFO  impl.RaftServerImpl (ServerState.java:close(387)) - a264a072-92f0-4dc2-99fe-a3f051c5730a@group-56DA967EC7A5: closes. applyIndex: 0
2019-10-02 08:05:24,898 [a264a072-92f0-4dc2-99fe-a3f051c5730a@group-56DA967EC7A5-SegmentedRaftLogWorker] INFO  segmented.SegmentedRaftLogWorker (SegmentedRaftLogWorker.java:run(316)) - a264a072-92f0-4dc2-99fe-a3f051c5730a@group-56DA967EC7A5-SegmentedRaftLogWorker was interrupted, exiting. There are 0 tasks remaining in the queue.
2019-10-02 08:05:24,900 [grpc-default-executor-1] INFO  segmented.SegmentedRaftLogWorker (SegmentedRaftLogWorker.java:close(224)) - a264a072-92f0-4dc2-99fe-a3f051c5730a@group-56DA967EC7A5-SegmentedRaftLogWorker close()
2019-10-02 08:05:24,919 [RatisPipelineUtilsThread] INFO  pipeline.PipelineStateManager (PipelineStateManager.java:removePipeline(108)) - Pipeline Pipeline[ Id: db39360f-5128-4079-8339-56da967ec7a5, Nodes: 49f66f9f-31d7-4b02-b438-ea1444250cb1{ip: 192.168.151.92, host: pr-trunk-gg4kw-413187789, networkLocation: /default-rack, certSerialId: null}6c71132d-f7e4-4b14-8e85-142ea7240f76{ip: 192.168.151.92, host: pr-trunk-gg4kw-413187789, networkLocation: /default-rack, certSerialId: null}a264a072-92f0-4dc2-99fe-a3f051c5730a{ip: 192.168.151.92, host: pr-trunk-gg4kw-413187789, networkLocation: /default-rack, certSerialId: null}, Type:RATIS, Factor:THREE, State:CLOSED] removed from db
2019-10-02 08:05:24,935 [grpc-default-executor-0] INFO  impl.RaftServerProxy (RaftServerProxy.java:addNew(89)) - 6c71132d-f7e4-4b14-8e85-142ea7240f76: addNew group-8BA3BA05129A:[a264a072-92f0-4dc2-99fe-a3f051c5730a:192.168.151.92:38422, 6c71132d-f7e4-4b14-8e85-142ea7240f76:192.168.151.92:42779, 49f66f9f-31d7-4b02-b438-ea1444250cb1:192.168.151.92:39309] returns group-8BA3BA05129A:java.util.concurrent.CompletableFuture@57c4034b[Not completed]
2019-10-02 08:05:24,938 [grpc-default-executor-4] INFO  impl.RaftServerProxy (RaftServerProxy.java:addNew(89)) - 49f66f9f-31d7-4b02-b438-ea1444250cb1: addNew group-8BA3BA05129A:[a264a072-92f0-4dc2-99fe-a3f051c5730a:192.168.151.92:38422, 6c71132d-f7e4-4b14-8e85-142ea7240f76:192.168.151.92:42779, 49f66f9f-31d7-4b02-b438-ea1444250cb1:192.168.151.92:39309] returns group-8BA3BA05129A:java.util.concurrent.CompletableFuture@39cac7cf[Not completed]
2019-10-02 08:05:24,941 [grpc-default-executor-0] INFO  impl.RaftServerProxy (RaftServerProxy.java:addNew(89)) - a264a072-92f0-4dc2-99fe-a3f051c5730a: addNew group-8BA3BA05129A:[a264a072-92f0-4dc2-99fe-a3f051c5730a:192.168.151.92:38422, 6c71132d-f7e4-4b14-8e85-142ea7240f76:192.168.151.92:42779, 49f66f9f-31d7-4b02-b438-ea1444250cb1:192.168.151.92:39309] returns group-8BA3BA05129A:java.util.concurrent.CompletableFuture@7d4aa24b[Not completed]
2019-10-02 08:05:24,942 [pool-27-thread-1] INFO  impl.RaftServerImpl (RaftServerImpl.java:<init>(95)) - 6c71132d-f7e4-4b14-8e85-142ea7240f76: new RaftServerImpl for group-8BA3BA05129A:[a264a072-92f0-4dc2-99fe-a3f051c5730a:192.168.151.92:38422, 6c71132d-f7e4-4b14-8e85-142ea7240f76:192.168.151.92:42779, 49f66f9f-31d7-4b02-b438-ea1444250cb1:192.168.151.92:39309] with ContainerStateMachine:uninitialized
2019-10-02 08:05:24,942 [pool-27-thread-1] INFO  server.RaftServerConfigKeys (ConfUtils.java:logGet(43)) - raft.server.rpc.timeout.min = 5s (custom)
2019-10-02 08:05:24,942 [pool-27-thread-1] INFO  server.RaftServerConfigKeys (ConfUtils.java:logGet(43)) - raft.server.rpc.timeout.max = 5200ms (custom)
2019-10-02 08:05:24,942 [pool-27-thread-1] INFO  server.RaftServerConfigKeys (ConfUtils.java:logGet(43)) - raft.server.rpcslowness.timeout = 120s (custom)
2019-10-02 08:05:24,942 [pool-27-thread-1] INFO  server.RaftServerConfigKeys (ConfUtils.java:logGet(43)) - raft.server.sleep.deviation.threshold = 300 (default)
2019-10-02 08:05:24,942 [pool-27-thread-1] INFO  server.RaftServerConfigKeys (ConfUtils.java:logGet(43)) - raft.server.log.appender.install.snapshot.enabled = false (custom)
2019-10-02 08:05:24,942 [pool-27-thread-1] INFO  impl.RaftServerImpl (ServerState.java:<init>(103)) - 6c71132d-f7e4-4b14-8e85-142ea7240f76@group-8BA3BA05129A: ConfigurationManager, init=-1: [a264a072-92f0-4dc2-99fe-a3f051c5730a:192.168.151.92:38422, 6c71132d-f7e4-4b14-8e85-142ea7240f76:192.168.151.92:42779, 49f66f9f-31d7-4b02-b438-ea1444250cb1:192.168.151.92:39309], old=null, confs=<EMPTY_MAP>
2019-10-02 08:05:24,943 [pool-47-thread-1] INFO  impl.RaftServerImpl (RaftServerImpl.java:<init>(95)) - a264a072-92f0-4dc2-99fe-a3f051c5730a: new RaftServerImpl for group-8BA3BA05129A:[a264a072-92f0-4dc2-99fe-a3f051c5730a:192.168.151.92:38422, 6c71132d-f7e4-4b14-8e85-142ea7240f76:192.168.151.92:42779, 49f66f9f-31d7-4b02-b438-ea1444250cb1:192.168.151.92:39309] with ContainerStateMachine:uninitialized
2019-10-02 08:05:24,943 [pool-27-thread-1] INFO  server.RaftServerConfigKeys (ConfUtils.java:logGet(43)) - raft.server.storage.dir = [/workdir/hadoop-ozone/integration-test/target/test-dir/MiniOzoneClusterImpl-a80d392e-7f7b-4221-8c82-ca41e3af8537/datanode-0/data/ratis] (custom)
2019-10-02 08:05:24,943 [pool-47-thread-1] INFO  server.RaftServerConfigKeys (ConfUtils.java:logGet(43)) - raft.server.rpc.timeout.min = 5s (custom)
2019-10-02 08:05:24,943 [pool-47-thread-1] INFO  server.RaftServerConfigKeys (ConfUtils.java:logGet(43)) - raft.server.rpc.timeout.max = 5200ms (custom)
2019-10-02 08:05:24,943 [pool-27-thread-1] INFO  server.RaftServerConfigKeys (ConfUtils.java:logGet(43)) - raft.server.log.corruption.policy = EXCEPTION (default)
2019-10-02 08:05:24,943 [pool-37-thread-1] INFO  impl.RaftServerImpl (RaftServerImpl.java:<init>(95)) - 49f66f9f-31d7-4b02-b438-ea1444250cb1: new RaftServerImpl for group-8BA3BA05129A:[a264a072-92f0-4dc2-99fe-a3f051c5730a:192.168.151.92:38422, 6c71132d-f7e4-4b14-8e85-142ea7240f76:192.168.151.92:42779, 49f66f9f-31d7-4b02-b438-ea1444250cb1:192.168.151.92:39309] with ContainerStateMachine:uninitialized
2019-10-02 08:05:24,943 [pool-47-thread-1] INFO  server.RaftServerConfigKeys (ConfUtils.java:logGet(43)) - raft.server.rpcslowness.timeout = 120s (custom)
2019-10-02 08:05:24,943 [pool-37-thread-1] INFO  server.RaftServerConfigKeys (ConfUtils.java:logGet(43)) - raft.server.rpc.timeout.min = 5s (custom)
2019-10-02 08:05:24,943 [pool-27-thread-1] INFO  storage.RaftStorageDirectory (RaftStorageDirectory.java:analyzeStorage(246)) - The storage directory /workdir/hadoop-ozone/integration-test/target/test-dir/MiniOzoneClusterImpl-a80d392e-7f7b-4221-8c82-ca41e3af8537/datanode-0/data/ratis/df3ff25b-5e5d-4ebc-840e-8ba3ba05129a does not exist. Creating ...
2019-10-02 08:05:24,944 [pool-37-thread-1] INFO  server.RaftServerConfigKeys (ConfUtils.java:logGet(43)) - raft.server.rpc.timeout.max = 5200ms (custom)
2019-10-02 08:05:24,943 [pool-47-thread-1] INFO  server.RaftServerConfigKeys (ConfUtils.java:logGet(43)) - raft.server.sleep.deviation.threshold = 300 (default)
2019-10-02 08:05:24,944 [pool-37-thread-1] INFO  server.RaftServerConfigKeys (ConfUtils.java:logGet(43)) - raft.server.rpcslowness.timeout = 120s (custom)
2019-10-02 08:05:24,944 [pool-47-thread-1] INFO  server.RaftServerConfigKeys (ConfUtils.java:logGet(43)) - raft.server.log.appender.install.snapshot.enabled = false (custom)
2019-10-02 08:05:24,944 [pool-37-thread-1] INFO  server.RaftServerConfigKeys (ConfUtils.java:logGet(43)) - raft.server.sleep.deviation.threshold = 300 (default)
2019-10-02 08:05:24,944 [pool-47-thread-1] INFO  impl.RaftServerImpl (ServerState.java:<init>(103)) - a264a072-92f0-4dc2-99fe-a3f051c5730a@group-8BA3BA05129A: ConfigurationManager, init=-1: [a264a072-92f0-4dc2-99fe-a3f051c5730a:192.168.151.92:38422, 6c71132d-f7e4-4b14-8e85-142ea7240f76:192.168.151.92:42779, 49f66f9f-31d7-4b02-b438-ea1444250cb1:192.168.151.92:39309], old=null, confs=<EMPTY_MAP>
2019-10-02 08:05:24,944 [pool-37-thread-1] INFO  server.RaftServerConfigKeys (ConfUtils.java:logGet(43)) - raft.server.log.appender.install.snapshot.enabled = false (custom)
2019-10-02 08:05:24,944 [pool-37-thread-1] INFO  impl.RaftServerImpl (ServerState.java:<init>(103)) - 49f66f9f-31d7-4b02-b438-ea1444250cb1@group-8BA3BA05129A: ConfigurationManager, init=-1: [a264a072-92f0-4dc2-99fe-a3f051c5730a:192.168.151.92:38422, 6c71132d-f7e4-4b14-8e85-142ea7240f76:192.168.151.92:42779, 49f66f9f-31d7-4b02-b438-ea1444250cb1:192.168.151.92:39309], old=null, confs=<EMPTY_MAP>
2019-10-02 08:05:24,944 [pool-47-thread-1] INFO  server.RaftServerConfigKeys (ConfUtils.java:logGet(43)) - raft.server.storage.dir = [/workdir/hadoop-ozone/integration-test/target/test-dir/MiniOzoneClusterImpl-a80d392e-7f7b-4221-8c82-ca41e3af8537/datanode-2/data/ratis] (custom)
2019-10-02 08:05:24,944 [pool-37-thread-1] INFO  server.RaftServerConfigKeys (ConfUtils.java:logGet(43)) - raft.server.storage.dir = [/workdir/hadoop-ozone/integration-test/target/test-dir/MiniOzoneClusterImpl-a80d392e-7f7b-4221-8c82-ca41e3af8537/datanode-1/data/ratis] (custom)
2019-10-02 08:05:24,945 [pool-47-thread-1] INFO  server.RaftServerConfigKeys (ConfUtils.java:logGet(43)) - raft.server.log.corruption.policy = EXCEPTION (default)
2019-10-02 08:05:24,945 [pool-37-thread-1] INFO  server.RaftServerConfigKeys (ConfUtils.java:logGet(43)) - raft.server.log.corruption.policy = EXCEPTION (default)
2019-10-02 08:05:24,945 [pool-47-thread-1] INFO  storage.RaftStorageDirectory (RaftStorageDirectory.java:analyzeStorage(246)) - The storage directory /workdir/hadoop-ozone/integration-test/target/test-dir/MiniOzoneClusterImpl-a80d392e-7f7b-4221-8c82-ca41e3af8537/datanode-2/data/ratis/df3ff25b-5e5d-4ebc-840e-8ba3ba05129a does not exist. Creating ...
2019-10-02 08:05:24,945 [pool-37-thread-1] INFO  storage.RaftStorageDirectory (RaftStorageDirectory.java:analyzeStorage(246)) - The storage directory /workdir/hadoop-ozone/integration-test/target/test-dir/MiniOzoneClusterImpl-a80d392e-7f7b-4221-8c82-ca41e3af8537/datanode-1/data/ratis/df3ff25b-5e5d-4ebc-840e-8ba3ba05129a does not exist. Creating ...
2019-10-02 08:05:24,958 [pool-37-thread-1] INFO  storage.RaftStorageDirectory (RaftStorageDirectory.java:tryLock(328)) - Lock on /workdir/hadoop-ozone/integration-test/target/test-dir/MiniOzoneClusterImpl-a80d392e-7f7b-4221-8c82-ca41e3af8537/datanode-1/data/ratis/df3ff25b-5e5d-4ebc-840e-8ba3ba05129a/in_use.lock acquired by nodename 28887@pr-trunk-gg4kw-413187789
2019-10-02 08:05:24,958 [pool-47-thread-1] INFO  storage.RaftStorageDirectory (RaftStorageDirectory.java:tryLock(328)) - Lock on /workdir/hadoop-ozone/integration-test/target/test-dir/MiniOzoneClusterImpl-a80d392e-7f7b-4221-8c82-ca41e3af8537/datanode-2/data/ratis/df3ff25b-5e5d-4ebc-840e-8ba3ba05129a/in_use.lock acquired by nodename 28887@pr-trunk-gg4kw-413187789
2019-10-02 08:05:24,958 [pool-27-thread-1] INFO  storage.RaftStorageDirectory (RaftStorageDirectory.java:tryLock(328)) - Lock on /workdir/hadoop-ozone/integration-test/target/test-dir/MiniOzoneClusterImpl-a80d392e-7f7b-4221-8c82-ca41e3af8537/datanode-0/data/ratis/df3ff25b-5e5d-4ebc-840e-8ba3ba05129a/in_use.lock acquired by nodename 28887@pr-trunk-gg4kw-413187789
2019-10-02 08:05:24,984 [pool-37-thread-1] INFO  storage.RaftStorage (RaftStorage.java:format(84)) - Storage directory /workdir/hadoop-ozone/integration-test/target/test-dir/MiniOzoneClusterImpl-a80d392e-7f7b-4221-8c82-ca41e3af8537/datanode-1/data/ratis/df3ff25b-5e5d-4ebc-840e-8ba3ba05129a has been successfully formatted.
2019-10-02 08:05:24,984 [pool-27-thread-1] INFO  storage.RaftStorage (RaftStorage.java:format(84)) - Storage directory /workdir/hadoop-ozone/integration-test/target/test-dir/MiniOzoneClusterImpl-a80d392e-7f7b-4221-8c82-ca41e3af8537/datanode-0/data/ratis/df3ff25b-5e5d-4ebc-840e-8ba3ba05129a has been successfully formatted.
2019-10-02 08:05:24,984 [pool-47-thread-1] INFO  storage.RaftStorage (RaftStorage.java:format(84)) - Storage directory /workdir/hadoop-ozone/integration-test/target/test-dir/MiniOzoneClusterImpl-a80d392e-7f7b-4221-8c82-ca41e3af8537/datanode-2/data/ratis/df3ff25b-5e5d-4ebc-840e-8ba3ba05129a has been successfully formatted.
2019-10-02 08:05:24,984 [pool-27-thread-1] INFO  ratis.ContainerStateMachine (ContainerStateMachine.java:loadSnapshot(231)) - group-8BA3BA05129A: The snapshot info is null. Setting the last applied indexto:(t:0, i:~)
2019-10-02 08:05:24,984 [pool-47-thread-1] INFO  ratis.ContainerStateMachine (ContainerStateMachine.java:loadSnapshot(231)) - group-8BA3BA05129A: The snapshot info is null. Setting the last applied indexto:(t:0, i:~)
2019-10-02 08:05:24,984 [pool-37-thread-1] INFO  ratis.ContainerStateMachine (ContainerStateMachine.java:loadSnapshot(231)) - group-8BA3BA05129A: The snapshot info is null. Setting the last applied indexto:(t:0, i:~)
2019-10-02 08:05:24,984 [pool-47-thread-1] INFO  server.RaftServerConfigKeys (ConfUtils.java:logGet(43)) - raft.server.notification.no-leader.timeout = 120s (custom)
2019-10-02 08:05:24,984 [pool-27-thread-1] INFO  server.RaftServerConfigKeys (ConfUtils.java:logGet(43)) - raft.server.notification.no-leader.timeout = 120s (custom)
2019-10-02 08:05:24,984 [pool-47-thread-1] INFO  server.RaftServerConfigKeys (ConfUtils.java:logGet(43)) - raft.server.log.use.memory = false (default)
2019-10-02 08:05:24,984 [pool-37-thread-1] INFO  server.RaftServerConfigKeys (ConfUtils.java:logGet(43)) - raft.server.notification.no-leader.timeout = 120s (custom)
2019-10-02 08:05:24,985 [pool-47-thread-1] INFO  server.RaftServerConfigKeys (ConfUtils.java:logGet(43)) - raft.server.log.purge.gap = 1000000 (custom)
2019-10-02 08:05:24,984 [pool-27-thread-1] INFO  server.RaftServerConfigKeys (ConfUtils.java:logGet(43)) - raft.server.log.use.memory = false (default)
2019-10-02 08:05:24,985 [pool-47-thread-1] INFO  server.RaftServerConfigKeys (ConfUtils.java:logGet(43)) - raft.server.log.appender.buffer.byte-limit = 33554432 (custom)
2019-10-02 08:05:24,985 [pool-37-thread-1] INFO  server.RaftServerConfigKeys (ConfUtils.java:logGet(43)) - raft.server.log.use.memory = false (default)
2019-10-02 08:05:24,985 [pool-47-thread-1] INFO  server.RaftServerConfigKeys (ConfUtils.java:logGet(43)) - raft.server.log.segment.size.max = 1048576 (custom)
2019-10-02 08:05:24,985 [pool-27-thread-1] INFO  server.RaftServerConfigKeys (ConfUtils.java:logGet(43)) - raft.server.log.purge.gap = 1000000 (custom)
2019-10-02 08:05:24,985 [pool-47-thread-1] INFO  server.RaftServerConfigKeys (ConfUtils.java:logGet(43)) - raft.server.log.segment.cache.num.max = 2 (custom)
2019-10-02 08:05:24,985 [pool-37-thread-1] INFO  server.RaftServerConfigKeys (ConfUtils.java:logGet(43)) - raft.server.log.purge.gap = 1000000 (custom)
2019-10-02 08:05:24,985 [pool-47-thread-1] INFO  segmented.SegmentedRaftLogWorker (SegmentedRaftLogWorker.java:<init>(173)) - new a264a072-92f0-4dc2-99fe-a3f051c5730a@group-8BA3BA05129A-SegmentedRaftLogWorker for RaftStorage:Storage Directory /workdir/hadoop-ozone/integration-test/target/test-dir/MiniOzoneClusterImpl-a80d392e-7f7b-4221-8c82-ca41e3af8537/datanode-2/data/ratis/df3ff25b-5e5d-4ebc-840e-8ba3ba05129a
2019-10-02 08:05:24,985 [pool-27-thread-1] INFO  server.RaftServerConfigKeys (ConfUtils.java:logGet(43)) - raft.server.log.appender.buffer.byte-limit = 33554432 (custom)
2019-10-02 08:05:24,985 [pool-47-thread-1] INFO  server.RaftServerConfigKeys (ConfUtils.java:logGet(43)) - raft.server.log.queue.byte-limit = 2147483647 (custom)
2019-10-02 08:05:24,985 [pool-37-thread-1] INFO  server.RaftServerConfigKeys (ConfUtils.java:logGet(43)) - raft.server.log.appender.buffer.byte-limit = 33554432 (custom)
2019-10-02 08:05:24,986 [pool-47-thread-1] INFO  server.RaftServerConfigKeys (ConfUtils.java:logGet(43)) - raft.server.log.queue.element-limit = 1024 (custom)
2019-10-02 08:05:24,986 [pool-27-thread-1] INFO  server.RaftServerConfigKeys (ConfUtils.java:logGet(43)) - raft.server.log.segment.size.max = 1048576 (custom)
2019-10-02 08:05:24,986 [pool-47-thread-1] INFO  server.RaftServerConfigKeys (ConfUtils.java:logGet(43)) - raft.server.log.segment.size.max = 1048576 (custom)
2019-10-02 08:05:24,986 [pool-37-thread-1] INFO  server.RaftServerConfigKeys (ConfUtils.java:logGet(43)) - raft.server.log.segment.size.max = 1048576 (custom)
2019-10-02 08:05:24,986 [pool-47-thread-1] INFO  server.RaftServerConfigKeys (ConfUtils.java:logGet(43)) - raft.server.log.preallocated.size = 16384 (custom)
2019-10-02 08:05:24,986 [pool-27-thread-1] INFO  server.RaftServerConfigKeys (ConfUtils.java:logGet(43)) - raft.server.log.segment.cache.num.max = 2 (custom)
2019-10-02 08:05:24,986 [pool-47-thread-1] INFO  server.RaftServerConfigKeys (ConfUtils.java:logGet(43)) - raft.server.log.write.buffer.size = 33554432 (custom)
2019-10-02 08:05:24,986 [pool-37-thread-1] INFO  server.RaftServerConfigKeys (ConfUtils.java:logGet(43)) - raft.server.log.segment.cache.num.max = 2 (custom)
2019-10-02 08:05:24,986 [pool-47-thread-1] INFO  server.RaftServerConfigKeys (ConfUtils.java:logGet(43)) - raft.server.log.force.sync.num = 128 (default)
2019-10-02 08:05:24,986 [pool-27-thread-1] INFO  segmented.SegmentedRaftLogWorker (SegmentedRaftLogWorker.java:<init>(173)) - new 6c71132d-f7e4-4b14-8e85-142ea7240f76@group-8BA3BA05129A-SegmentedRaftLogWorker for RaftStorage:Storage Directory /workdir/hadoop-ozone/integration-test/target/test-dir/MiniOzoneClusterImpl-a80d392e-7f7b-4221-8c82-ca41e3af8537/datanode-0/data/ratis/df3ff25b-5e5d-4ebc-840e-8ba3ba05129a
2019-10-02 08:05:24,987 [pool-47-thread-1] INFO  server.RaftServerConfigKeys (ConfUtils.java:logGet(43)) - raft.server.log.statemachine.data.sync = true (default)
2019-10-02 08:05:24,986 [pool-37-thread-1] INFO  segmented.SegmentedRaftLogWorker (SegmentedRaftLogWorker.java:<init>(173)) - new 49f66f9f-31d7-4b02-b438-ea1444250cb1@group-8BA3BA05129A-SegmentedRaftLogWorker for RaftStorage:Storage Directory /workdir/hadoop-ozone/integration-test/target/test-dir/MiniOzoneClusterImpl-a80d392e-7f7b-4221-8c82-ca41e3af8537/datanode-1/data/ratis/df3ff25b-5e5d-4ebc-840e-8ba3ba05129a
2019-10-02 08:05:24,987 [pool-47-thread-1] INFO  server.RaftServerConfigKeys (ConfUtils.java:logGet(43)) - raft.server.log.statemachine.data.sync.timeout = 10s (default)
2019-10-02 08:05:24,987 [pool-27-thread-1] INFO  server.RaftServerConfigKeys (ConfUtils.java:logGet(43)) - raft.server.log.queue.byte-limit = 2147483647 (custom)
2019-10-02 08:05:24,987 [pool-47-thread-1] INFO  server.RaftServerConfigKeys (ConfUtils.java:logGet(43)) - raft.server.log.statemachine.data.sync.timeout.retry = -1 (default)
2019-10-02 08:05:24,987 [pool-37-thread-1] INFO  server.RaftServerConfigKeys (ConfUtils.java:logGet(43)) - raft.server.log.queue.byte-limit = 2147483647 (custom)
2019-10-02 08:05:24,987 [pool-27-thread-1] INFO  server.RaftServerConfigKeys (ConfUtils.java:logGet(43)) - raft.server.log.queue.element-limit = 1024 (custom)
2019-10-02 08:05:24,987 [pool-37-thread-1] INFO  server.RaftServerConfigKeys (ConfUtils.java:logGet(43)) - raft.server.log.queue.element-limit = 1024 (custom)
2019-10-02 08:05:24,987 [pool-47-thread-1] INFO  server.RaftServerConfigKeys (ConfUtils.java:logGet(43)) - raft.server.log.statemachine.data.caching.enabled = true (custom)
2019-10-02 08:05:24,987 [pool-37-thread-1] INFO  server.RaftServerConfigKeys (ConfUtils.java:logGet(43)) - raft.server.log.segment.size.max = 1048576 (custom)
2019-10-02 08:05:24,987 [pool-27-thread-1] INFO  server.RaftServerConfigKeys (ConfUtils.java:logGet(43)) - raft.server.log.segment.size.max = 1048576 (custom)
2019-10-02 08:05:24,988 [pool-47-thread-1] INFO  segmented.SegmentedRaftLogWorker (SegmentedRaftLogWorker.java:lambda$new$0(128)) - a264a072-92f0-4dc2-99fe-a3f051c5730a@group-8BA3BA05129A-SegmentedRaftLogWorker: flushIndex: setUnconditionally 0 -> -1
2019-10-02 08:05:24,988 [pool-37-thread-1] INFO  server.RaftServerConfigKeys (ConfUtils.java:logGet(43)) - raft.server.log.preallocated.size = 16384 (custom)
2019-10-02 08:05:24,988 [pool-27-thread-1] INFO  server.RaftServerConfigKeys (ConfUtils.java:logGet(43)) - raft.server.log.preallocated.size = 16384 (custom)
2019-10-02 08:05:24,988 [pool-37-thread-1] INFO  server.RaftServerConfigKeys (ConfUtils.java:logGet(43)) - raft.server.log.write.buffer.size = 33554432 (custom)
2019-10-02 08:05:24,988 [pool-27-thread-1] INFO  server.RaftServerConfigKeys (ConfUtils.java:logGet(43)) - raft.server.log.write.buffer.size = 33554432 (custom)
2019-10-02 08:05:24,988 [pool-47-thread-1] INFO  server.RaftServerConfigKeys (ConfUtils.java:logGet(43)) - raft.server.snapshot.auto.trigger.enabled = true (custom)
2019-10-02 08:05:24,988 [pool-27-thread-1] INFO  server.RaftServerConfigKeys (ConfUtils.java:logGet(43)) - raft.server.log.force.sync.num = 128 (default)
2019-10-02 08:05:24,988 [pool-47-thread-1] INFO  server.RaftServerConfigKeys (ConfUtils.java:logGet(43)) - raft.server.snapshot.auto.trigger.threshold = 10000 (custom)
2019-10-02 08:05:24,988 [pool-37-thread-1] INFO  server.RaftServerConfigKeys (ConfUtils.java:logGet(43)) - raft.server.log.force.sync.num = 128 (default)
2019-10-02 08:05:24,988 [pool-47-thread-1] INFO  server.RaftServerConfigKeys (ConfUtils.java:logGet(43)) - raft.server.snapshot.retention.file.num = 5 (custom)
2019-10-02 08:05:24,988 [pool-27-thread-1] INFO  server.RaftServerConfigKeys (ConfUtils.java:logGet(43)) - raft.server.log.statemachine.data.sync = true (default)
2019-10-02 08:05:24,989 [pool-47-thread-1] INFO  server.RaftServerConfigKeys (ConfUtils.java:logGet(43)) - raft.server.retrycache.expirytime = 600000ms (custom)
2019-10-02 08:05:24,988 [pool-37-thread-1] INFO  server.RaftServerConfigKeys (ConfUtils.java:logGet(43)) - raft.server.log.statemachine.data.sync = true (default)
2019-10-02 08:05:24,989 [pool-27-thread-1] INFO  server.RaftServerConfigKeys (ConfUtils.java:logGet(43)) - raft.server.log.statemachine.data.sync.timeout = 10s (default)
2019-10-02 08:05:24,989 [pool-37-thread-1] INFO  server.RaftServerConfigKeys (ConfUtils.java:logGet(43)) - raft.server.log.statemachine.data.sync.timeout = 10s (default)
2019-10-02 08:05:24,989 [pool-27-thread-1] INFO  server.RaftServerConfigKeys (ConfUtils.java:logGet(43)) - raft.server.log.statemachine.data.sync.timeout.retry = -1 (default)
2019-10-02 08:05:24,989 [pool-37-thread-1] INFO  server.RaftServerConfigKeys (ConfUtils.java:logGet(43)) - raft.server.log.statemachine.data.sync.timeout.retry = -1 (default)
2019-10-02 08:05:24,989 [pool-27-thread-1] INFO  server.RaftServerConfigKeys (ConfUtils.java:logGet(43)) - raft.server.log.statemachine.data.caching.enabled = true (custom)
2019-10-02 08:05:24,989 [pool-37-thread-1] INFO  server.RaftServerConfigKeys (ConfUtils.java:logGet(43)) - raft.server.log.statemachine.data.caching.enabled = true (custom)
2019-10-02 08:05:24,989 [pool-27-thread-1] INFO  segmented.SegmentedRaftLogWorker (SegmentedRaftLogWorker.java:lambda$new$0(128)) - 6c71132d-f7e4-4b14-8e85-142ea7240f76@group-8BA3BA05129A-SegmentedRaftLogWorker: flushIndex: setUnconditionally 0 -> -1
2019-10-02 08:05:24,989 [pool-37-thread-1] INFO  segmented.SegmentedRaftLogWorker (SegmentedRaftLogWorker.java:lambda$new$0(128)) - 49f66f9f-31d7-4b02-b438-ea1444250cb1@group-8BA3BA05129A-SegmentedRaftLogWorker: flushIndex: setUnconditionally 0 -> -1
2019-10-02 08:05:24,990 [pool-27-thread-1] INFO  server.RaftServerConfigKeys (ConfUtils.java:logGet(43)) - raft.server.snapshot.auto.trigger.enabled = true (custom)
2019-10-02 08:05:24,990 [pool-37-thread-1] INFO  server.RaftServerConfigKeys (ConfUtils.java:logGet(43)) - raft.server.snapshot.auto.trigger.enabled = true (custom)
2019-10-02 08:05:24,990 [pool-27-thread-1] INFO  server.RaftServerConfigKeys (ConfUtils.java:logGet(43)) - raft.server.snapshot.auto.trigger.threshold = 10000 (custom)
2019-10-02 08:05:24,990 [pool-37-thread-1] INFO  server.RaftServerConfigKeys (ConfUtils.java:logGet(43)) - raft.server.snapshot.auto.trigger.threshold = 10000 (custom)
2019-10-02 08:05:24,990 [pool-27-thread-1] INFO  server.RaftServerConfigKeys (ConfUtils.java:logGet(43)) - raft.server.snapshot.retention.file.num = 5 (custom)
2019-10-02 08:05:24,990 [pool-37-thread-1] INFO  server.RaftServerConfigKeys (ConfUtils.java:logGet(43)) - raft.server.snapshot.retention.file.num = 5 (custom)
2019-10-02 08:05:24,990 [pool-27-thread-1] INFO  server.RaftServerConfigKeys (ConfUtils.java:logGet(43)) - raft.server.retrycache.expirytime = 600000ms (custom)
2019-10-02 08:05:24,990 [pool-37-thread-1] INFO  server.RaftServerConfigKeys (ConfUtils.java:logGet(43)) - raft.server.retrycache.expirytime = 600000ms (custom)
2019-10-02 08:05:24,991 [pool-47-thread-1] INFO  impl.RaftServerImpl (RaftServerImpl.java:start(181)) - a264a072-92f0-4dc2-99fe-a3f051c5730a@group-8BA3BA05129A: start as a follower, conf=-1: [a264a072-92f0-4dc2-99fe-a3f051c5730a:192.168.151.92:38422, 6c71132d-f7e4-4b14-8e85-142ea7240f76:192.168.151.92:42779, 49f66f9f-31d7-4b02-b438-ea1444250cb1:192.168.151.92:39309], old=null
2019-10-02 08:05:24,991 [pool-47-thread-1] INFO  impl.RaftServerImpl (RaftServerImpl.java:setRole(170)) - a264a072-92f0-4dc2-99fe-a3f051c5730a@group-8BA3BA05129A: changes role from      null to FOLLOWER at term 0 for startAsFollower
2019-10-02 08:05:24,991 [pool-47-thread-1] INFO  impl.RoleInfo (RoleInfo.java:updateAndGet(143)) - a264a072-92f0-4dc2-99fe-a3f051c5730a: start FollowerState
2019-10-02 08:05:24,992 [pool-47-thread-1] INFO  util.JmxRegister (JmxRegister.java:tryRegister(44)) - Successfully registered JMX Bean with object name Ratis:service=RaftServer,group=group-8BA3BA05129A,id=a264a072-92f0-4dc2-99fe-a3f051c5730a
2019-10-02 08:05:24,992 [pool-27-thread-1] INFO  impl.RaftServerImpl (RaftServerImpl.java:start(181)) - 6c71132d-f7e4-4b14-8e85-142ea7240f76@group-8BA3BA05129A: start as a follower, conf=-1: [a264a072-92f0-4dc2-99fe-a3f051c5730a:192.168.151.92:38422, 6c71132d-f7e4-4b14-8e85-142ea7240f76:192.168.151.92:42779, 49f66f9f-31d7-4b02-b438-ea1444250cb1:192.168.151.92:39309], old=null
2019-10-02 08:05:24,992 [pool-27-thread-1] INFO  impl.RaftServerImpl (RaftServerImpl.java:setRole(170)) - 6c71132d-f7e4-4b14-8e85-142ea7240f76@group-8BA3BA05129A: changes role from      null to FOLLOWER at term 0 for startAsFollower
2019-10-02 08:05:24,992 [pool-27-thread-1] INFO  impl.RoleInfo (RoleInfo.java:updateAndGet(143)) - 6c71132d-f7e4-4b14-8e85-142ea7240f76: start FollowerState
2019-10-02 08:05:24,993 [pool-37-thread-1] INFO  impl.RaftServerImpl (RaftServerImpl.java:start(181)) - 49f66f9f-31d7-4b02-b438-ea1444250cb1@group-8BA3BA05129A: start as a follower, conf=-1: [a264a072-92f0-4dc2-99fe-a3f051c5730a:192.168.151.92:38422, 6c71132d-f7e4-4b14-8e85-142ea7240f76:192.168.151.92:42779, 49f66f9f-31d7-4b02-b438-ea1444250cb1:192.168.151.92:39309], old=null
2019-10-02 08:05:24,993 [pool-27-thread-1] INFO  util.JmxRegister (JmxRegister.java:tryRegister(44)) - Successfully registered JMX Bean with object name Ratis:service=RaftServer,group=group-8BA3BA05129A,id=6c71132d-f7e4-4b14-8e85-142ea7240f76
2019-10-02 08:05:24,993 [pool-37-thread-1] INFO  impl.RaftServerImpl (RaftServerImpl.java:setRole(170)) - 49f66f9f-31d7-4b02-b438-ea1444250cb1@group-8BA3BA05129A: changes role from      null to FOLLOWER at term 0 for startAsFollower
2019-10-02 08:05:24,993 [pool-37-thread-1] INFO  impl.RoleInfo (RoleInfo.java:updateAndGet(143)) - 49f66f9f-31d7-4b02-b438-ea1444250cb1: start FollowerState
2019-10-02 08:05:24,993 [pool-37-thread-1] INFO  util.JmxRegister (JmxRegister.java:tryRegister(44)) - Successfully registered JMX Bean with object name Ratis:service=RaftServer,group=group-8BA3BA05129A,id=49f66f9f-31d7-4b02-b438-ea1444250cb1
2019-10-02 08:05:25,003 [RatisPipelineUtilsThread] INFO  pipeline.PipelineStateManager (PipelineStateManager.java:addPipeline(56)) - Created pipeline Pipeline[ Id: df3ff25b-5e5d-4ebc-840e-8ba3ba05129a, Nodes: 49f66f9f-31d7-4b02-b438-ea1444250cb1{ip: 192.168.151.92, host: pr-trunk-gg4kw-413187789, networkLocation: /default-rack, certSerialId: null}6c71132d-f7e4-4b14-8e85-142ea7240f76{ip: 192.168.151.92, host: pr-trunk-gg4kw-413187789, networkLocation: /default-rack, certSerialId: null}a264a072-92f0-4dc2-99fe-a3f051c5730a{ip: 192.168.151.92, host: pr-trunk-gg4kw-413187789, networkLocation: /default-rack, certSerialId: null}, Type:RATIS, Factor:THREE, State:OPEN]
]]></system-out>
    <system-err><![CDATA[ERROR StatusLogger No Log4j 2 configuration file found. Using default configuration (logging only errors to the console), or user programmatically provided configurations. Set system property 'log4j2.debug' to show Log4j 2 internal initialization logging. See https://logging.apache.org/log4j/2.x/manual/configuration.html for instructions on how to configure Log4j 2
Oct 02, 2019 8:05:24 AM org.apache.ratis.thirdparty.io.grpc.netty.NettyServerHandler onStreamError
WARNING: Stream Error
org.apache.ratis.thirdparty.io.netty.handler.codec.http2.Http2Exception$StreamException: Received DATA frame for an unknown stream 3
	at org.apache.ratis.thirdparty.io.netty.handler.codec.http2.Http2Exception.streamError(Http2Exception.java:129)
	at org.apache.ratis.thirdparty.io.netty.handler.codec.http2.DefaultHttp2ConnectionDecoder$FrameReadListener.shouldIgnoreHeadersOrDataFrame(DefaultHttp2ConnectionDecoder.java:531)
	at org.apache.ratis.thirdparty.io.netty.handler.codec.http2.DefaultHttp2ConnectionDecoder$FrameReadListener.onDataRead(DefaultHttp2ConnectionDecoder.java:183)
	at org.apache.ratis.thirdparty.io.netty.handler.codec.http2.Http2InboundFrameLogger$1.onDataRead(Http2InboundFrameLogger.java:48)
	at org.apache.ratis.thirdparty.io.netty.handler.codec.http2.DefaultHttp2FrameReader.readDataFrame(DefaultHttp2FrameReader.java:421)
	at org.apache.ratis.thirdparty.io.netty.handler.codec.http2.DefaultHttp2FrameReader.processPayloadState(DefaultHttp2FrameReader.java:251)
	at org.apache.ratis.thirdparty.io.netty.handler.codec.http2.DefaultHttp2FrameReader.readFrame(DefaultHttp2FrameReader.java:160)
	at org.apache.ratis.thirdparty.io.netty.handler.codec.http2.Http2InboundFrameLogger.readFrame(Http2InboundFrameLogger.java:41)
	at org.apache.ratis.thirdparty.io.netty.handler.codec.http2.DefaultHttp2ConnectionDecoder.decodeFrame(DefaultHttp2ConnectionDecoder.java:118)
	at org.apache.ratis.thirdparty.io.netty.handler.codec.http2.Http2ConnectionHandler$FrameDecoder.decode(Http2ConnectionHandler.java:390)
	at org.apache.ratis.thirdparty.io.netty.handler.codec.http2.Http2ConnectionHandler.decode(Http2ConnectionHandler.java:450)
	at org.apache.ratis.thirdparty.io.netty.handler.codec.ByteToMessageDecoder.decodeRemovalReentryProtection(ByteToMessageDecoder.java:502)
	at org.apache.ratis.thirdparty.io.netty.handler.codec.ByteToMessageDecoder.callDecode(ByteToMessageDecoder.java:441)
	at org.apache.ratis.thirdparty.io.netty.handler.codec.ByteToMessageDecoder.channelRead(ByteToMessageDecoder.java:278)
	at org.apache.ratis.thirdparty.io.netty.channel.AbstractChannelHandlerContext.invokeChannelRead(AbstractChannelHandlerContext.java:362)
	at org.apache.ratis.thirdparty.io.netty.channel.AbstractChannelHandlerContext.invokeChannelRead(AbstractChannelHandlerContext.java:348)
	at org.apache.ratis.thirdparty.io.netty.channel.AbstractChannelHandlerContext.fireChannelRead(AbstractChannelHandlerContext.java:340)
	at org.apache.ratis.thirdparty.io.netty.channel.DefaultChannelPipeline$HeadContext.channelRead(DefaultChannelPipeline.java:1434)
	at org.apache.ratis.thirdparty.io.netty.channel.AbstractChannelHandlerContext.invokeChannelRead(AbstractChannelHandlerContext.java:362)
	at org.apache.ratis.thirdparty.io.netty.channel.AbstractChannelHandlerContext.invokeChannelRead(AbstractChannelHandlerContext.java:348)
	at org.apache.ratis.thirdparty.io.netty.channel.DefaultChannelPipeline.fireChannelRead(DefaultChannelPipeline.java:965)
	at org.apache.ratis.thirdparty.io.netty.channel.nio.AbstractNioByteChannel$NioByteUnsafe.read(AbstractNioByteChannel.java:163)
	at org.apache.ratis.thirdparty.io.netty.channel.nio.NioEventLoop.processSelectedKey(NioEventLoop.java:644)
	at org.apache.ratis.thirdparty.io.netty.channel.nio.NioEventLoop.processSelectedKeysOptimized(NioEventLoop.java:579)
	at org.apache.ratis.thirdparty.io.netty.channel.nio.NioEventLoop.processSelectedKeys(NioEventLoop.java:496)
	at org.apache.ratis.thirdparty.io.netty.channel.nio.NioEventLoop.run(NioEventLoop.java:458)
	at org.apache.ratis.thirdparty.io.netty.util.concurrent.SingleThreadEventExecutor$5.run(SingleThreadEventExecutor.java:897)
	at org.apache.ratis.thirdparty.io.netty.util.concurrent.FastThreadLocalRunnable.run(FastThreadLocalRunnable.java:30)
	at java.lang.Thread.run(Thread.java:748)

]]></system-err>
  </testcase>
  <testcase name="testReleaseBuffersOnException" classname="org.apache.hadoop.ozone.client.rpc.TestCommitWatcher" time="71.754">
    <error message="org.apache.ratis.protocol.AlreadyClosedException: SlidingWindow$Client:client-EC2B30AA911E-&gt;RAFT is closed." type="java.util.concurrent.ExecutionException">java.util.concurrent.ExecutionException: org.apache.ratis.protocol.AlreadyClosedException: SlidingWindow$Client:client-EC2B30AA911E->RAFT is closed.
	at java.util.concurrent.CompletableFuture.reportGet(CompletableFuture.java:357)
	at java.util.concurrent.CompletableFuture.get(CompletableFuture.java:1895)
	at org.apache.hadoop.ozone.client.rpc.TestCommitWatcher.testReleaseBuffersOnException(TestCommitWatcher.java:256)
	at sun.reflect.NativeMethodAccessorImpl.invoke0(Native Method)
	at sun.reflect.NativeMethodAccessorImpl.invoke(NativeMethodAccessorImpl.java:62)
	at sun.reflect.DelegatingMethodAccessorImpl.invoke(DelegatingMethodAccessorImpl.java:43)
	at java.lang.reflect.Method.invoke(Method.java:498)
	at org.junit.runners.model.FrameworkMethod$1.runReflectiveCall(FrameworkMethod.java:47)
	at org.junit.internal.runners.model.ReflectiveCallable.run(ReflectiveCallable.java:12)
	at org.junit.runners.model.FrameworkMethod.invokeExplosively(FrameworkMethod.java:44)
	at org.junit.internal.runners.statements.InvokeMethod.evaluate(InvokeMethod.java:17)
	at org.junit.runners.ParentRunner.runLeaf(ParentRunner.java:271)
	at org.junit.runners.BlockJUnit4ClassRunner.runChild(BlockJUnit4ClassRunner.java:70)
	at org.junit.runners.BlockJUnit4ClassRunner.runChild(BlockJUnit4ClassRunner.java:50)
	at org.junit.runners.ParentRunner$3.run(ParentRunner.java:238)
	at org.junit.runners.ParentRunner$1.schedule(ParentRunner.java:63)
	at org.junit.runners.ParentRunner.runChildren(ParentRunner.java:236)
	at org.junit.runners.ParentRunner.access$000(ParentRunner.java:53)
	at org.junit.runners.ParentRunner$2.evaluate(ParentRunner.java:229)
	at org.junit.internal.runners.statements.RunBefores.evaluate(RunBefores.java:26)
	at org.junit.internal.runners.statements.RunAfters.evaluate(RunAfters.java:27)
	at org.junit.runners.ParentRunner.run(ParentRunner.java:309)
	at org.apache.maven.surefire.junit4.JUnit4Provider.execute(JUnit4Provider.java:365)
	at org.apache.maven.surefire.junit4.JUnit4Provider.executeWithRerun(JUnit4Provider.java:273)
	at org.apache.maven.surefire.junit4.JUnit4Provider.executeTestSet(JUnit4Provider.java:238)
	at org.apache.maven.surefire.junit4.JUnit4Provider.invoke(JUnit4Provider.java:159)
	at org.apache.maven.surefire.booter.ForkedBooter.invokeProviderInSameClassLoader(ForkedBooter.java:384)
	at org.apache.maven.surefire.booter.ForkedBooter.runSuitesInProcess(ForkedBooter.java:345)
	at org.apache.maven.surefire.booter.ForkedBooter.execute(ForkedBooter.java:126)
	at org.apache.maven.surefire.booter.ForkedBooter.main(ForkedBooter.java:418)
Caused by: org.apache.ratis.protocol.AlreadyClosedException: SlidingWindow$Client:client-EC2B30AA911E->RAFT is closed.
	at org.apache.ratis.util.SlidingWindow$Client.alreadyClosed(SlidingWindow.java:376)
	at org.apache.ratis.util.SlidingWindow$Client.fail(SlidingWindow.java:364)
	at org.apache.ratis.client.impl.OrderedAsync.failAllAsyncRequests(OrderedAsync.java:134)
	at org.apache.ratis.client.impl.OrderedAsync.lambda$sendRequest$10(OrderedAsync.java:244)
	at java.util.concurrent.CompletableFuture.uniExceptionally(CompletableFuture.java:870)
	at java.util.concurrent.CompletableFuture$UniExceptionally.tryFire(CompletableFuture.java:852)
	at java.util.concurrent.CompletableFuture.postComplete(CompletableFuture.java:474)
	at java.util.concurrent.CompletableFuture.completeExceptionally(CompletableFuture.java:1977)
	at org.apache.ratis.grpc.client.GrpcClientProtocolClient$AsyncStreamObservers.completeReplyExceptionally(GrpcClientProtocolClient.java:345)
	at org.apache.ratis.grpc.client.GrpcClientProtocolClient$AsyncStreamObservers.access$000(GrpcClientProtocolClient.java:261)
	at org.apache.ratis.grpc.client.GrpcClientProtocolClient$AsyncStreamObservers$1.onError(GrpcClientProtocolClient.java:290)
	at org.apache.ratis.thirdparty.io.grpc.stub.ClientCalls$StreamObserverToCallListenerAdapter.onClose(ClientCalls.java:434)
	at org.apache.ratis.thirdparty.io.grpc.PartialForwardingClientCallListener.onClose(PartialForwardingClientCallListener.java:39)
	at org.apache.ratis.thirdparty.io.grpc.ForwardingClientCallListener.onClose(ForwardingClientCallListener.java:23)
	at org.apache.ratis.thirdparty.io.grpc.ForwardingClientCallListener$SimpleForwardingClientCallListener.onClose(ForwardingClientCallListener.java:40)
	at org.apache.ratis.thirdparty.io.grpc.internal.CensusStatsModule$StatsClientInterceptor$1$1.onClose(CensusStatsModule.java:678)
	at org.apache.ratis.thirdparty.io.grpc.PartialForwardingClientCallListener.onClose(PartialForwardingClientCallListener.java:39)
	at org.apache.ratis.thirdparty.io.grpc.ForwardingClientCallListener.onClose(ForwardingClientCallListener.java:23)
	at org.apache.ratis.thirdparty.io.grpc.ForwardingClientCallListener$SimpleForwardingClientCallListener.onClose(ForwardingClientCallListener.java:40)
	at org.apache.ratis.thirdparty.io.grpc.internal.CensusTracingModule$TracingClientInterceptor$1$1.onClose(CensusTracingModule.java:397)
	at org.apache.ratis.thirdparty.io.grpc.internal.ClientCallImpl.closeObserver(ClientCallImpl.java:459)
	at org.apache.ratis.thirdparty.io.grpc.internal.ClientCallImpl.access$300(ClientCallImpl.java:63)
	at org.apache.ratis.thirdparty.io.grpc.internal.ClientCallImpl$ClientStreamListenerImpl.close(ClientCallImpl.java:546)
	at org.apache.ratis.thirdparty.io.grpc.internal.ClientCallImpl$ClientStreamListenerImpl.access$600(ClientCallImpl.java:467)
	at org.apache.ratis.thirdparty.io.grpc.internal.ClientCallImpl$ClientStreamListenerImpl$1StreamClosed.runInContext(ClientCallImpl.java:584)
	at org.apache.ratis.thirdparty.io.grpc.internal.ContextRunnable.run(ContextRunnable.java:37)
	at org.apache.ratis.thirdparty.io.grpc.internal.SerializingExecutor.run(SerializingExecutor.java:123)
	at java.util.concurrent.ThreadPoolExecutor.runWorker(ThreadPoolExecutor.java:1149)
	at java.util.concurrent.ThreadPoolExecutor$Worker.run(ThreadPoolExecutor.java:624)
	at java.lang.Thread.run(Thread.java:748)
Caused by: org.apache.ratis.protocol.GroupMismatchException: 6c71132d-f7e4-4b14-8e85-142ea7240f76: group-8BA3BA05129A not found.
	at org.apache.ratis.server.impl.RaftServerProxy$ImplMap.get(RaftServerProxy.java:122)
	at org.apache.ratis.server.impl.RaftServerProxy.getImplFuture(RaftServerProxy.java:269)
	at org.apache.ratis.server.impl.RaftServerProxy.submitRequest(RaftServerProxy.java:327)
	at org.apache.ratis.server.impl.RaftServerProxy.submitClientRequestAsync(RaftServerProxy.java:333)
	at org.apache.ratis.grpc.client.GrpcClientProtocolService$RequestStreamObserver.processClientRequest(GrpcClientProtocolService.java:220)
	at org.apache.ratis.grpc.client.GrpcClientProtocolService$OrderedRequestStreamObserver.processClientRequest(GrpcClientProtocolService.java:326)
	at org.apache.ratis.util.SlidingWindow$Server.processRequestsFromHead(SlidingWindow.java:429)
	at org.apache.ratis.util.SlidingWindow$Server.receivedRequest(SlidingWindow.java:421)
	at org.apache.ratis.grpc.client.GrpcClientProtocolService$OrderedRequestStreamObserver.processClientRequest(GrpcClientProtocolService.java:345)
	at org.apache.ratis.grpc.client.GrpcClientProtocolService$RequestStreamObserver.onNext(GrpcClientProtocolService.java:240)
	at org.apache.ratis.grpc.client.GrpcClientProtocolService$RequestStreamObserver.onNext(GrpcClientProtocolService.java:168)
	at org.apache.ratis.thirdparty.io.grpc.stub.ServerCalls$StreamingServerCallHandler$StreamingServerCallListener.onMessage(ServerCalls.java:248)
	at org.apache.ratis.thirdparty.io.grpc.internal.ServerCallImpl$ServerStreamListenerImpl.messagesAvailable(ServerCallImpl.java:263)
	at org.apache.ratis.thirdparty.io.grpc.internal.ServerImpl$JumpToApplicationThreadServerStreamListener$1MessagesAvailable.runInContext(ServerImpl.java:686)
	... 5 more
</error>
    <system-out><![CDATA[2019-10-02 08:05:30,055 [Thread-523] INFO  impl.FollowerState (FollowerState.java:run(108)) - a264a072-92f0-4dc2-99fe-a3f051c5730a@group-8BA3BA05129A-FollowerState: change to CANDIDATE, lastRpcTime:5063ms, electionTimeout:5063ms
2019-10-02 08:05:30,055 [Thread-523] INFO  impl.RoleInfo (RoleInfo.java:shutdownFollowerState(121)) - a264a072-92f0-4dc2-99fe-a3f051c5730a: shutdown FollowerState
2019-10-02 08:05:30,055 [Thread-523] INFO  impl.RaftServerImpl (RaftServerImpl.java:setRole(170)) - a264a072-92f0-4dc2-99fe-a3f051c5730a@group-8BA3BA05129A: changes role from  FOLLOWER to CANDIDATE at term 0 for changeToCandidate
2019-10-02 08:05:30,056 [Thread-523] INFO  impl.RoleInfo (RoleInfo.java:updateAndGet(143)) - a264a072-92f0-4dc2-99fe-a3f051c5730a: start LeaderElection
2019-10-02 08:05:30,075 [a264a072-92f0-4dc2-99fe-a3f051c5730a@group-8BA3BA05129A-LeaderElection14] INFO  impl.LeaderElection (LeaderElection.java:askForVotes(178)) - a264a072-92f0-4dc2-99fe-a3f051c5730a@group-8BA3BA05129A-LeaderElection14: begin an election at term 1 for -1: [a264a072-92f0-4dc2-99fe-a3f051c5730a:192.168.151.92:38422, 6c71132d-f7e4-4b14-8e85-142ea7240f76:192.168.151.92:42779, 49f66f9f-31d7-4b02-b438-ea1444250cb1:192.168.151.92:39309], old=null
2019-10-02 08:05:30,088 [Thread-525] INFO  impl.FollowerState (FollowerState.java:run(108)) - 49f66f9f-31d7-4b02-b438-ea1444250cb1@group-8BA3BA05129A-FollowerState: change to CANDIDATE, lastRpcTime:5094ms, electionTimeout:5093ms
2019-10-02 08:05:30,090 [Thread-525] INFO  impl.RoleInfo (RoleInfo.java:shutdownFollowerState(121)) - 49f66f9f-31d7-4b02-b438-ea1444250cb1: shutdown FollowerState
2019-10-02 08:05:30,092 [Thread-525] INFO  impl.RaftServerImpl (RaftServerImpl.java:setRole(170)) - 49f66f9f-31d7-4b02-b438-ea1444250cb1@group-8BA3BA05129A: changes role from  FOLLOWER to CANDIDATE at term 0 for changeToCandidate
2019-10-02 08:05:30,092 [grpc-default-executor-1] INFO  impl.RaftServerImpl (RaftServerImpl.java:setRole(170)) - 6c71132d-f7e4-4b14-8e85-142ea7240f76@group-8BA3BA05129A: changes role from  FOLLOWER to FOLLOWER at term 1 for recognizeCandidate:a264a072-92f0-4dc2-99fe-a3f051c5730a
2019-10-02 08:05:30,092 [grpc-default-executor-1] INFO  impl.RoleInfo (RoleInfo.java:shutdownFollowerState(121)) - 6c71132d-f7e4-4b14-8e85-142ea7240f76: shutdown FollowerState
2019-10-02 08:05:30,092 [Thread-525] INFO  impl.RoleInfo (RoleInfo.java:updateAndGet(143)) - 49f66f9f-31d7-4b02-b438-ea1444250cb1: start LeaderElection
2019-10-02 08:05:30,092 [Thread-524] INFO  impl.FollowerState (FollowerState.java:run(117)) - 6c71132d-f7e4-4b14-8e85-142ea7240f76@group-8BA3BA05129A-FollowerState was interrupted: java.lang.InterruptedException: sleep interrupted
2019-10-02 08:05:30,092 [grpc-default-executor-1] INFO  impl.RoleInfo (RoleInfo.java:updateAndGet(143)) - 6c71132d-f7e4-4b14-8e85-142ea7240f76: start FollowerState
2019-10-02 08:05:30,118 [49f66f9f-31d7-4b02-b438-ea1444250cb1@group-8BA3BA05129A-LeaderElection15] INFO  impl.LeaderElection (LeaderElection.java:askForVotes(178)) - 49f66f9f-31d7-4b02-b438-ea1444250cb1@group-8BA3BA05129A-LeaderElection15: begin an election at term 1 for -1: [a264a072-92f0-4dc2-99fe-a3f051c5730a:192.168.151.92:38422, 6c71132d-f7e4-4b14-8e85-142ea7240f76:192.168.151.92:42779, 49f66f9f-31d7-4b02-b438-ea1444250cb1:192.168.151.92:39309], old=null
2019-10-02 08:05:30,124 [a264a072-92f0-4dc2-99fe-a3f051c5730a@group-8BA3BA05129A-LeaderElection14] INFO  impl.LeaderElection (LeaderElection.java:logAndReturn(56)) - a264a072-92f0-4dc2-99fe-a3f051c5730a@group-8BA3BA05129A-LeaderElection14: Election PASSED; received 1 response(s) [a264a072-92f0-4dc2-99fe-a3f051c5730a<-6c71132d-f7e4-4b14-8e85-142ea7240f76#0:OK-t1] and 0 exception(s); a264a072-92f0-4dc2-99fe-a3f051c5730a@group-8BA3BA05129A:t1, leader=null, voted=a264a072-92f0-4dc2-99fe-a3f051c5730a, raftlog=a264a072-92f0-4dc2-99fe-a3f051c5730a@group-8BA3BA05129A-SegmentedRaftLog:OPENED:c-1,f-1,i0, conf=-1: [a264a072-92f0-4dc2-99fe-a3f051c5730a:192.168.151.92:38422, 6c71132d-f7e4-4b14-8e85-142ea7240f76:192.168.151.92:42779, 49f66f9f-31d7-4b02-b438-ea1444250cb1:192.168.151.92:39309], old=null
2019-10-02 08:05:30,125 [a264a072-92f0-4dc2-99fe-a3f051c5730a@group-8BA3BA05129A-LeaderElection14] INFO  impl.RoleInfo (RoleInfo.java:shutdownLeaderElection(134)) - a264a072-92f0-4dc2-99fe-a3f051c5730a: shutdown LeaderElection
2019-10-02 08:05:30,127 [a264a072-92f0-4dc2-99fe-a3f051c5730a@group-8BA3BA05129A-LeaderElection14] INFO  impl.RaftServerImpl (RaftServerImpl.java:setRole(170)) - a264a072-92f0-4dc2-99fe-a3f051c5730a@group-8BA3BA05129A: changes role from CANDIDATE to LEADER at term 1 for changeToLeader
2019-10-02 08:05:30,127 [a264a072-92f0-4dc2-99fe-a3f051c5730a@group-8BA3BA05129A-LeaderElection14] INFO  impl.RaftServerImpl (ServerState.java:setLeader(255)) - a264a072-92f0-4dc2-99fe-a3f051c5730a@group-8BA3BA05129A: change Leader from null to a264a072-92f0-4dc2-99fe-a3f051c5730a at term 1 for becomeLeader, leader elected after 5142ms
2019-10-02 08:05:30,127 [a264a072-92f0-4dc2-99fe-a3f051c5730a@group-8BA3BA05129A-LeaderElection14] INFO  server.RaftServerConfigKeys (ConfUtils.java:logGet(43)) - raft.server.staging.catchup.gap = 1000 (default)
2019-10-02 08:05:30,127 [a264a072-92f0-4dc2-99fe-a3f051c5730a@group-8BA3BA05129A-LeaderElection14] INFO  server.RaftServerConfigKeys (ConfUtils.java:logGet(43)) - raft.server.rpc.sleep.time = 25ms (default)
2019-10-02 08:05:30,128 [a264a072-92f0-4dc2-99fe-a3f051c5730a@group-8BA3BA05129A-LeaderElection14] INFO  server.RaftServerConfigKeys (ConfUtils.java:logGet(43)) - raft.server.write.element-limit = 4096 (default)
2019-10-02 08:05:30,128 [a264a072-92f0-4dc2-99fe-a3f051c5730a@group-8BA3BA05129A-LeaderElection14] INFO  server.RaftServerConfigKeys (ConfUtils.java:logGet(43)) - raft.server.watch.timeout = 10s (default)
2019-10-02 08:05:30,128 [a264a072-92f0-4dc2-99fe-a3f051c5730a@group-8BA3BA05129A-LeaderElection14] INFO  server.RaftServerConfigKeys (ConfUtils.java:logGet(43)) - raft.server.watch.timeout.denomination = 1s (default)
2019-10-02 08:05:30,128 [a264a072-92f0-4dc2-99fe-a3f051c5730a@group-8BA3BA05129A-LeaderElection14] INFO  server.RaftServerConfigKeys (ConfUtils.java:logGet(43)) - raft.server.watch.element-limit = 65536 (default)
2019-10-02 08:05:30,138 [a264a072-92f0-4dc2-99fe-a3f051c5730a@group-8BA3BA05129A-LeaderElection14] INFO  server.RaftServerConfigKeys (ConfUtils.java:logGet(43)) - raft.server.log.appender.snapshot.chunk.size.max = 16MB (=16777216) (default)
2019-10-02 08:05:30,138 [a264a072-92f0-4dc2-99fe-a3f051c5730a@group-8BA3BA05129A-LeaderElection14] INFO  server.RaftServerConfigKeys (ConfUtils.java:logGet(43)) - raft.server.log.appender.buffer.byte-limit = 33554432 (custom)
2019-10-02 08:05:30,139 [a264a072-92f0-4dc2-99fe-a3f051c5730a@group-8BA3BA05129A-LeaderElection14] INFO  server.RaftServerConfigKeys (ConfUtils.java:logGet(43)) - raft.server.log.appender.buffer.element-limit = 1 (custom)
2019-10-02 08:05:30,139 [a264a072-92f0-4dc2-99fe-a3f051c5730a@group-8BA3BA05129A-LeaderElection14] INFO  grpc.GrpcConfigKeys$Server (ConfUtils.java:logGet(43)) - raft.grpc.server.leader.outstanding.appends.max = 128 (default)
2019-10-02 08:05:30,139 [a264a072-92f0-4dc2-99fe-a3f051c5730a@group-8BA3BA05129A-LeaderElection14] INFO  server.RaftServerConfigKeys (ConfUtils.java:logGet(43)) - raft.server.rpc.request.timeout = 3000ms (default)
2019-10-02 08:05:30,139 [a264a072-92f0-4dc2-99fe-a3f051c5730a@group-8BA3BA05129A-LeaderElection14] INFO  server.RaftServerConfigKeys (ConfUtils.java:logGet(43)) - raft.server.log.appender.install.snapshot.enabled = false (custom)
2019-10-02 08:05:30,140 [a264a072-92f0-4dc2-99fe-a3f051c5730a@group-8BA3BA05129A-LeaderElection14] INFO  server.RaftServerConfigKeys (ConfUtils.java:logGet(43)) - raft.server.log.appender.snapshot.chunk.size.max = 16MB (=16777216) (default)
2019-10-02 08:05:30,140 [a264a072-92f0-4dc2-99fe-a3f051c5730a@group-8BA3BA05129A-LeaderElection14] INFO  server.RaftServerConfigKeys (ConfUtils.java:logGet(43)) - raft.server.log.appender.buffer.byte-limit = 33554432 (custom)
2019-10-02 08:05:30,140 [a264a072-92f0-4dc2-99fe-a3f051c5730a@group-8BA3BA05129A-LeaderElection14] INFO  server.RaftServerConfigKeys (ConfUtils.java:logGet(43)) - raft.server.log.appender.buffer.element-limit = 1 (custom)
2019-10-02 08:05:30,140 [a264a072-92f0-4dc2-99fe-a3f051c5730a@group-8BA3BA05129A-LeaderElection14] INFO  grpc.GrpcConfigKeys$Server (ConfUtils.java:logGet(43)) - raft.grpc.server.leader.outstanding.appends.max = 128 (default)
2019-10-02 08:05:30,141 [a264a072-92f0-4dc2-99fe-a3f051c5730a@group-8BA3BA05129A-LeaderElection14] INFO  server.RaftServerConfigKeys (ConfUtils.java:logGet(43)) - raft.server.rpc.request.timeout = 3000ms (default)
2019-10-02 08:05:30,141 [a264a072-92f0-4dc2-99fe-a3f051c5730a@group-8BA3BA05129A-LeaderElection14] INFO  server.RaftServerConfigKeys (ConfUtils.java:logGet(43)) - raft.server.log.appender.install.snapshot.enabled = false (custom)
2019-10-02 08:05:30,141 [a264a072-92f0-4dc2-99fe-a3f051c5730a@group-8BA3BA05129A-LeaderElection14] INFO  impl.RoleInfo (RoleInfo.java:updateAndGet(143)) - a264a072-92f0-4dc2-99fe-a3f051c5730a: start LeaderState
2019-10-02 08:05:30,142 [a264a072-92f0-4dc2-99fe-a3f051c5730a@group-8BA3BA05129A-LeaderElection14] INFO  segmented.SegmentedRaftLogWorker (SegmentedRaftLogWorker.java:startLogSegment(385)) - a264a072-92f0-4dc2-99fe-a3f051c5730a@group-8BA3BA05129A-SegmentedRaftLogWorker: Starting segment from index:0
2019-10-02 08:05:30,143 [a264a072-92f0-4dc2-99fe-a3f051c5730a@group-8BA3BA05129A-LeaderElection14] INFO  impl.RaftServerImpl (ServerState.java:setRaftConf(356)) - a264a072-92f0-4dc2-99fe-a3f051c5730a@group-8BA3BA05129A: set configuration 0: [a264a072-92f0-4dc2-99fe-a3f051c5730a:192.168.151.92:38422, 6c71132d-f7e4-4b14-8e85-142ea7240f76:192.168.151.92:42779, 49f66f9f-31d7-4b02-b438-ea1444250cb1:192.168.151.92:39309], old=null at 0
2019-10-02 08:05:30,175 [grpc-default-executor-0] INFO  impl.RaftServerImpl (RaftServerImpl.java:requestVote(754)) - a264a072-92f0-4dc2-99fe-a3f051c5730a@group-8BA3BA05129A-   LEADER: Withhold vote from candidate 49f66f9f-31d7-4b02-b438-ea1444250cb1 with term 1. State: leader=a264a072-92f0-4dc2-99fe-a3f051c5730a, term=1, lastRpcElapsed=null
2019-10-02 08:05:30,183 [grpc-default-executor-0] INFO  impl.RaftServerImpl (RaftServerImpl.java:setRole(170)) - 49f66f9f-31d7-4b02-b438-ea1444250cb1@group-8BA3BA05129A: changes role from CANDIDATE to FOLLOWER at term 1 for appendEntries
2019-10-02 08:05:30,183 [grpc-default-executor-1] INFO  impl.RaftServerImpl (ServerState.java:setLeader(255)) - 6c71132d-f7e4-4b14-8e85-142ea7240f76@group-8BA3BA05129A: change Leader from null to a264a072-92f0-4dc2-99fe-a3f051c5730a at term 1 for appendEntries, leader elected after 5198ms
2019-10-02 08:05:30,183 [49f66f9f-31d7-4b02-b438-ea1444250cb1@group-8BA3BA05129A-LeaderElection15] INFO  impl.LeaderElection (LeaderElection.java:logAndReturn(56)) - 49f66f9f-31d7-4b02-b438-ea1444250cb1@group-8BA3BA05129A-LeaderElection15: Election REJECTED; received 2 response(s) [49f66f9f-31d7-4b02-b438-ea1444250cb1<-a264a072-92f0-4dc2-99fe-a3f051c5730a#0:FAIL-t1, 49f66f9f-31d7-4b02-b438-ea1444250cb1<-6c71132d-f7e4-4b14-8e85-142ea7240f76#0:FAIL-t1] and 0 exception(s); 49f66f9f-31d7-4b02-b438-ea1444250cb1@group-8BA3BA05129A:t1, leader=null, voted=49f66f9f-31d7-4b02-b438-ea1444250cb1, raftlog=49f66f9f-31d7-4b02-b438-ea1444250cb1@group-8BA3BA05129A-SegmentedRaftLog:OPENED:c-1,f-1,i0, conf=-1: [a264a072-92f0-4dc2-99fe-a3f051c5730a:192.168.151.92:38422, 6c71132d-f7e4-4b14-8e85-142ea7240f76:192.168.151.92:42779, 49f66f9f-31d7-4b02-b438-ea1444250cb1:192.168.151.92:39309], old=null
2019-10-02 08:05:30,183 [grpc-default-executor-0] INFO  impl.RoleInfo (RoleInfo.java:shutdownLeaderElection(134)) - 49f66f9f-31d7-4b02-b438-ea1444250cb1: shutdown LeaderElection
2019-10-02 08:05:30,190 [grpc-default-executor-0] INFO  impl.RoleInfo (RoleInfo.java:updateAndGet(143)) - 49f66f9f-31d7-4b02-b438-ea1444250cb1: start FollowerState
2019-10-02 08:05:30,190 [grpc-default-executor-0] INFO  impl.RaftServerImpl (ServerState.java:setLeader(255)) - 49f66f9f-31d7-4b02-b438-ea1444250cb1@group-8BA3BA05129A: change Leader from null to a264a072-92f0-4dc2-99fe-a3f051c5730a at term 1 for appendEntries, leader elected after 5205ms
2019-10-02 08:05:30,194 [grpc-default-executor-0] INFO  impl.RaftServerImpl (ServerState.java:setRaftConf(356)) - 6c71132d-f7e4-4b14-8e85-142ea7240f76@group-8BA3BA05129A: set configuration 0: [a264a072-92f0-4dc2-99fe-a3f051c5730a:192.168.151.92:38422, 6c71132d-f7e4-4b14-8e85-142ea7240f76:192.168.151.92:42779, 49f66f9f-31d7-4b02-b438-ea1444250cb1:192.168.151.92:39309], old=null at 0
2019-10-02 08:05:30,195 [grpc-default-executor-0] INFO  segmented.SegmentedRaftLogWorker (SegmentedRaftLogWorker.java:startLogSegment(385)) - 6c71132d-f7e4-4b14-8e85-142ea7240f76@group-8BA3BA05129A-SegmentedRaftLogWorker: Starting segment from index:0
2019-10-02 08:05:30,196 [grpc-default-executor-0] INFO  impl.RaftServerImpl (ServerState.java:setRaftConf(356)) - 49f66f9f-31d7-4b02-b438-ea1444250cb1@group-8BA3BA05129A: set configuration 0: [a264a072-92f0-4dc2-99fe-a3f051c5730a:192.168.151.92:38422, 6c71132d-f7e4-4b14-8e85-142ea7240f76:192.168.151.92:42779, 49f66f9f-31d7-4b02-b438-ea1444250cb1:192.168.151.92:39309], old=null at 0
2019-10-02 08:05:30,197 [grpc-default-executor-0] INFO  segmented.SegmentedRaftLogWorker (SegmentedRaftLogWorker.java:startLogSegment(385)) - 49f66f9f-31d7-4b02-b438-ea1444250cb1@group-8BA3BA05129A-SegmentedRaftLogWorker: Starting segment from index:0
2019-10-02 08:05:30,240 [a264a072-92f0-4dc2-99fe-a3f051c5730a@group-8BA3BA05129A-SegmentedRaftLogWorker] INFO  segmented.SegmentedRaftLogWorker (SegmentedRaftLogWorker.java:execute(574)) - a264a072-92f0-4dc2-99fe-a3f051c5730a@group-8BA3BA05129A-SegmentedRaftLogWorker: created new log segment /workdir/hadoop-ozone/integration-test/target/test-dir/MiniOzoneClusterImpl-a80d392e-7f7b-4221-8c82-ca41e3af8537/datanode-2/data/ratis/df3ff25b-5e5d-4ebc-840e-8ba3ba05129a/current/log_inprogress_0
2019-10-02 08:05:30,259 [6c71132d-f7e4-4b14-8e85-142ea7240f76@group-8BA3BA05129A-SegmentedRaftLogWorker] INFO  segmented.SegmentedRaftLogWorker (SegmentedRaftLogWorker.java:execute(574)) - 6c71132d-f7e4-4b14-8e85-142ea7240f76@group-8BA3BA05129A-SegmentedRaftLogWorker: created new log segment /workdir/hadoop-ozone/integration-test/target/test-dir/MiniOzoneClusterImpl-a80d392e-7f7b-4221-8c82-ca41e3af8537/datanode-0/data/ratis/df3ff25b-5e5d-4ebc-840e-8ba3ba05129a/current/log_inprogress_0
2019-10-02 08:05:30,259 [49f66f9f-31d7-4b02-b438-ea1444250cb1@group-8BA3BA05129A-SegmentedRaftLogWorker] INFO  segmented.SegmentedRaftLogWorker (SegmentedRaftLogWorker.java:execute(574)) - 49f66f9f-31d7-4b02-b438-ea1444250cb1@group-8BA3BA05129A-SegmentedRaftLogWorker: created new log segment /workdir/hadoop-ozone/integration-test/target/test-dir/MiniOzoneClusterImpl-a80d392e-7f7b-4221-8c82-ca41e3af8537/datanode-1/data/ratis/df3ff25b-5e5d-4ebc-840e-8ba3ba05129a/current/log_inprogress_0
2019-10-02 08:05:30,409 [pool-46-thread-4] ERROR impl.ChunkManagerImpl (ChunkUtils.java:writeData(89)) - data array does not match the length specified. DataLen: 1048576 Byte Array: 1048725
2019-10-02 08:05:30,412 [pool-46-thread-4] INFO  keyvalue.KeyValueHandler (ContainerUtils.java:logAndReturnError(146)) - Operation: WriteChunk : Trace ID: fa20b65bb759ba39:fa20b65bb759ba39:0:0 : Message: data array does not match the length specified. DataLen: 1048576 Byte Array: 1048725 : Result: INVALID_WRITE_SIZE
08:05:30.430 [pool-46-thread-4] ERROR DNAudit - user=null | ip=null | op=WRITE_CHUNK {blockData=conID: 2 locID: 1570003526005 bcsId: 0} | ret=FAILURE
java.lang.Exception: data array does not match the length specified. DataLen: 1048576 Byte Array: 1048725
	at org.apache.hadoop.ozone.container.common.impl.HddsDispatcher.dispatchRequest(HddsDispatcher.java:330) ~[hadoop-hdds-container-service-0.5.0-SNAPSHOT.jar:?]
	at org.apache.hadoop.ozone.container.common.impl.HddsDispatcher.dispatch(HddsDispatcher.java:150) ~[hadoop-hdds-container-service-0.5.0-SNAPSHOT.jar:?]
	at org.apache.hadoop.ozone.container.common.transport.server.ratis.ContainerStateMachine.dispatchCommand(ContainerStateMachine.java:411) ~[hadoop-hdds-container-service-0.5.0-SNAPSHOT.jar:?]
	at org.apache.hadoop.ozone.container.common.transport.server.ratis.ContainerStateMachine.runCommand(ContainerStateMachine.java:419) ~[hadoop-hdds-container-service-0.5.0-SNAPSHOT.jar:?]
	at org.apache.hadoop.ozone.container.common.transport.server.ratis.ContainerStateMachine.lambda$handleWriteChunk$1(ContainerStateMachine.java:454) ~[hadoop-hdds-container-service-0.5.0-SNAPSHOT.jar:?]
	at java.util.concurrent.CompletableFuture$AsyncSupply.run(CompletableFuture.java:1590) [?:1.8.0_212]
	at java.util.concurrent.ThreadPoolExecutor.runWorker(ThreadPoolExecutor.java:1149) [?:1.8.0_212]
	at java.util.concurrent.ThreadPoolExecutor$Worker.run(ThreadPoolExecutor.java:624) [?:1.8.0_212]
	at java.lang.Thread.run(Thread.java:748) [?:1.8.0_212]
2019-10-02 08:05:30,431 [pool-46-thread-4] ERROR ratis.ContainerStateMachine (ContainerStateMachine.java:lambda$handleWriteChunk$2(474)) - group-8BA3BA05129A: writeChunk writeStateMachineData failed: blockIdcontainerID: 2
localID: 1570003526005
blockCommitSequenceId: 0
 logIndex 1 chunkName 1570003526005.data.0 Error message: data array does not match the length specified. DataLen: 1048576 Byte Array: 1048725 Container Result: INVALID_WRITE_SIZE
2019-10-02 08:05:30,431 [EventQueue-IncrementalContainerReportForIncrementalContainerReportHandler] WARN  container.IncrementalContainerReportHandler (AbstractContainerReportHandler.java:updateContainerState(143)) - Container #2 is in OPEN state, but the datanode a264a072-92f0-4dc2-99fe-a3f051c5730a{ip: 192.168.151.92, host: pr-trunk-gg4kw-413187789, networkLocation: /default-rack, certSerialId: null} reports an UNHEALTHY replica.
2019-10-02 08:05:30,432 [a264a072-92f0-4dc2-99fe-a3f051c5730a@group-8BA3BA05129A-SegmentedRaftLogWorker] ERROR ratis.XceiverServerRatis (XceiverServerRatis.java:triggerPipelineClose(581)) - pipeline Action CLOSE  on pipeline PipelineID=df3ff25b-5e5d-4ebc-840e-8ba3ba05129a.Reason : data array does not match the length specified. DataLen: 1048576 Byte Array: 1048725
2019-10-02 08:05:30,432 [EventQueue-CloseContainerForCloseContainerEventHandler] INFO  container.CloseContainerEventHandler (CloseContainerEventHandler.java:onMessage(61)) - Close container Event triggered for container : #2
2019-10-02 08:05:30,432 [a264a072-92f0-4dc2-99fe-a3f051c5730a@group-8BA3BA05129A-SegmentedRaftLogWorker] ERROR ratis.XceiverServerRatis (XceiverServerRatis.java:triggerPipelineClose(581)) - pipeline Action CLOSE  on pipeline PipelineID=df3ff25b-5e5d-4ebc-840e-8ba3ba05129a.Reason : Log already failed at index 1 for task WriteLog:1: (t:1, i:1), STATEMACHINELOGENTRY, client-EC2B30AA911E, cid=23
2019-10-02 08:05:30,433 [EventQueue-PipelineActionsForPipelineActionHandler] ERROR pipeline.PipelineActionHandler (PipelineActionHandler.java:onMessage(60)) - Received pipeline action CLOSE for Pipeline[ Id: df3ff25b-5e5d-4ebc-840e-8ba3ba05129a, Nodes: 49f66f9f-31d7-4b02-b438-ea1444250cb1{ip: 192.168.151.92, host: pr-trunk-gg4kw-413187789, networkLocation: /default-rack, certSerialId: null}6c71132d-f7e4-4b14-8e85-142ea7240f76{ip: 192.168.151.92, host: pr-trunk-gg4kw-413187789, networkLocation: /default-rack, certSerialId: null}a264a072-92f0-4dc2-99fe-a3f051c5730a{ip: 192.168.151.92, host: pr-trunk-gg4kw-413187789, networkLocation: /default-rack, certSerialId: null}, Type:RATIS, Factor:THREE, State:OPEN] from datanode a264a072-92f0-4dc2-99fe-a3f051c5730a{ip: 192.168.151.92, host: pr-trunk-gg4kw-413187789, networkLocation: /default-rack, certSerialId: null}. Reason : data array does not match the length specified. DataLen: 1048576 Byte Array: 1048725
2019-10-02 08:05:30,433 [EventQueue-PipelineActionsForPipelineActionHandler] INFO  pipeline.SCMPipelineManager (SCMPipelineManager.java:finalizeAndDestroyPipeline(315)) - destroying pipeline:Pipeline[ Id: df3ff25b-5e5d-4ebc-840e-8ba3ba05129a, Nodes: 49f66f9f-31d7-4b02-b438-ea1444250cb1{ip: 192.168.151.92, host: pr-trunk-gg4kw-413187789, networkLocation: /default-rack, certSerialId: null}6c71132d-f7e4-4b14-8e85-142ea7240f76{ip: 192.168.151.92, host: pr-trunk-gg4kw-413187789, networkLocation: /default-rack, certSerialId: null}a264a072-92f0-4dc2-99fe-a3f051c5730a{ip: 192.168.151.92, host: pr-trunk-gg4kw-413187789, networkLocation: /default-rack, certSerialId: null}, Type:RATIS, Factor:THREE, State:OPEN]
2019-10-02 08:05:30,433 [EventQueue-PipelineActionsForPipelineActionHandler] INFO  pipeline.PipelineStateManager (PipelineStateManager.java:finalizePipeline(123)) - Pipeline Pipeline[ Id: df3ff25b-5e5d-4ebc-840e-8ba3ba05129a, Nodes: 49f66f9f-31d7-4b02-b438-ea1444250cb1{ip: 192.168.151.92, host: pr-trunk-gg4kw-413187789, networkLocation: /default-rack, certSerialId: null}6c71132d-f7e4-4b14-8e85-142ea7240f76{ip: 192.168.151.92, host: pr-trunk-gg4kw-413187789, networkLocation: /default-rack, certSerialId: null}a264a072-92f0-4dc2-99fe-a3f051c5730a{ip: 192.168.151.92, host: pr-trunk-gg4kw-413187789, networkLocation: /default-rack, certSerialId: null}, Type:RATIS, Factor:THREE, State:CLOSED] moved to CLOSED state
2019-10-02 08:05:30,434 [EventQueue-PipelineActionsForPipelineActionHandler] ERROR pipeline.PipelineActionHandler (PipelineActionHandler.java:onMessage(60)) - Received pipeline action CLOSE for Pipeline[ Id: df3ff25b-5e5d-4ebc-840e-8ba3ba05129a, Nodes: 49f66f9f-31d7-4b02-b438-ea1444250cb1{ip: 192.168.151.92, host: pr-trunk-gg4kw-413187789, networkLocation: /default-rack, certSerialId: null}6c71132d-f7e4-4b14-8e85-142ea7240f76{ip: 192.168.151.92, host: pr-trunk-gg4kw-413187789, networkLocation: /default-rack, certSerialId: null}a264a072-92f0-4dc2-99fe-a3f051c5730a{ip: 192.168.151.92, host: pr-trunk-gg4kw-413187789, networkLocation: /default-rack, certSerialId: null}, Type:RATIS, Factor:THREE, State:CLOSED] from datanode a264a072-92f0-4dc2-99fe-a3f051c5730a{ip: 192.168.151.92, host: pr-trunk-gg4kw-413187789, networkLocation: /default-rack, certSerialId: null}. Reason : Log already failed at index 1 for task WriteLog:1: (t:1, i:1), STATEMACHINELOGENTRY, client-EC2B30AA911E, cid=23
2019-10-02 08:05:30,434 [EventQueue-PipelineActionsForPipelineActionHandler] INFO  pipeline.SCMPipelineManager (SCMPipelineManager.java:finalizeAndDestroyPipeline(315)) - destroying pipeline:Pipeline[ Id: df3ff25b-5e5d-4ebc-840e-8ba3ba05129a, Nodes: 49f66f9f-31d7-4b02-b438-ea1444250cb1{ip: 192.168.151.92, host: pr-trunk-gg4kw-413187789, networkLocation: /default-rack, certSerialId: null}6c71132d-f7e4-4b14-8e85-142ea7240f76{ip: 192.168.151.92, host: pr-trunk-gg4kw-413187789, networkLocation: /default-rack, certSerialId: null}a264a072-92f0-4dc2-99fe-a3f051c5730a{ip: 192.168.151.92, host: pr-trunk-gg4kw-413187789, networkLocation: /default-rack, certSerialId: null}, Type:RATIS, Factor:THREE, State:CLOSED]
2019-10-02 08:05:33,276 [java.util.concurrent.ThreadPoolExecutor$Worker@4253e11e[State = -1, empty queue]] ERROR client.GrpcClientProtocolClient (GrpcClientProtocolClient.java:close(148)) - Unexpected exception while waiting for channel termination
java.lang.InterruptedException
	at java.util.concurrent.locks.AbstractQueuedSynchronizer.tryAcquireSharedNanos(AbstractQueuedSynchronizer.java:1326)
	at java.util.concurrent.CountDownLatch.await(CountDownLatch.java:277)
	at org.apache.ratis.thirdparty.io.grpc.internal.ManagedChannelImpl.awaitTermination(ManagedChannelImpl.java:763)
	at org.apache.ratis.thirdparty.io.grpc.internal.ForwardingManagedChannel.awaitTermination(ForwardingManagedChannel.java:57)
	at org.apache.ratis.thirdparty.io.grpc.internal.ManagedChannelOrphanWrapper.awaitTermination(ManagedChannelOrphanWrapper.java:70)
	at org.apache.ratis.grpc.client.GrpcClientProtocolClient.close(GrpcClientProtocolClient.java:146)
	at org.apache.ratis.util.PeerProxyMap$PeerAndProxy.lambda$close$1(PeerProxyMap.java:74)
	at org.apache.ratis.util.LifeCycle.lambda$checkStateAndClose$2(LifeCycle.java:231)
	at org.apache.ratis.util.LifeCycle.checkStateAndClose(LifeCycle.java:251)
	at org.apache.ratis.util.LifeCycle.checkStateAndClose(LifeCycle.java:229)
	at org.apache.ratis.util.PeerProxyMap$PeerAndProxy.close(PeerProxyMap.java:70)
	at org.apache.ratis.util.PeerProxyMap.resetProxy(PeerProxyMap.java:127)
	at org.apache.ratis.util.PeerProxyMap.handleException(PeerProxyMap.java:136)
	at org.apache.ratis.client.impl.RaftClientRpcWithProxy.handleException(RaftClientRpcWithProxy.java:47)
	at org.apache.ratis.client.impl.RaftClientImpl.handleIOException(RaftClientImpl.java:372)
	at org.apache.ratis.client.impl.OrderedAsync.lambda$sendRequest$10(OrderedAsync.java:236)
	at java.util.concurrent.CompletableFuture.uniExceptionally(CompletableFuture.java:870)
	at java.util.concurrent.CompletableFuture$UniExceptionally.tryFire(CompletableFuture.java:852)
	at java.util.concurrent.CompletableFuture.postComplete(CompletableFuture.java:474)
	at java.util.concurrent.CompletableFuture.completeExceptionally(CompletableFuture.java:1977)
	at org.apache.ratis.grpc.client.GrpcClientProtocolClient$AsyncStreamObservers.lambda$timeoutCheck$3(GrpcClientProtocolClient.java:324)
	at java.util.Optional.ifPresent(Optional.java:159)
	at org.apache.ratis.grpc.client.GrpcClientProtocolClient$AsyncStreamObservers.handleReplyFuture(GrpcClientProtocolClient.java:329)
	at org.apache.ratis.grpc.client.GrpcClientProtocolClient$AsyncStreamObservers.timeoutCheck(GrpcClientProtocolClient.java:324)
	at org.apache.ratis.grpc.client.GrpcClientProtocolClient$AsyncStreamObservers.lambda$onNext$1(GrpcClientProtocolClient.java:318)
	at org.apache.ratis.util.TimeoutScheduler.lambda$onTimeout$0(TimeoutScheduler.java:113)
	at org.apache.ratis.util.TimeoutScheduler.lambda$onTimeout$1(TimeoutScheduler.java:133)
	at org.apache.ratis.util.LogUtils.runAndLog(LogUtils.java:50)
	at org.apache.ratis.util.LogUtils$1.run(LogUtils.java:91)
	at java.util.concurrent.Executors$RunnableAdapter.call(Executors.java:511)
	at java.util.concurrent.FutureTask.run(FutureTask.java:266)
	at java.util.concurrent.ScheduledThreadPoolExecutor$ScheduledFutureTask.access$201(ScheduledThreadPoolExecutor.java:180)
	at java.util.concurrent.ScheduledThreadPoolExecutor$ScheduledFutureTask.run(ScheduledThreadPoolExecutor.java:293)
	at java.util.concurrent.ThreadPoolExecutor.runWorker(ThreadPoolExecutor.java:1149)
	at java.util.concurrent.ThreadPoolExecutor$Worker.run(ThreadPoolExecutor.java:624)
	at java.lang.Thread.run(Thread.java:748)
2019-10-02 08:05:33,281 [java.util.concurrent.ThreadPoolExecutor$Worker@4253e11e[State = -1, empty queue]] WARN  util.TimeoutScheduler (LogUtils.java:runAndLog(55)) - Failed to task #0: java.lang.NullPointerException
2019-10-02 08:05:37,371 [java.util.concurrent.ThreadPoolExecutor$Worker@199d2cc0[State = -1, empty queue]] ERROR client.GrpcClientProtocolClient (GrpcClientProtocolClient.java:close(148)) - Unexpected exception while waiting for channel termination
java.lang.InterruptedException
	at java.util.concurrent.locks.AbstractQueuedSynchronizer.tryAcquireSharedNanos(AbstractQueuedSynchronizer.java:1326)
	at java.util.concurrent.CountDownLatch.await(CountDownLatch.java:277)
	at org.apache.ratis.thirdparty.io.grpc.internal.ManagedChannelImpl.awaitTermination(ManagedChannelImpl.java:763)
	at org.apache.ratis.thirdparty.io.grpc.internal.ForwardingManagedChannel.awaitTermination(ForwardingManagedChannel.java:57)
	at org.apache.ratis.thirdparty.io.grpc.internal.ManagedChannelOrphanWrapper.awaitTermination(ManagedChannelOrphanWrapper.java:70)
	at org.apache.ratis.grpc.client.GrpcClientProtocolClient.close(GrpcClientProtocolClient.java:146)
	at org.apache.ratis.util.PeerProxyMap$PeerAndProxy.lambda$close$1(PeerProxyMap.java:74)
	at org.apache.ratis.util.LifeCycle.lambda$checkStateAndClose$2(LifeCycle.java:231)
	at org.apache.ratis.util.LifeCycle.checkStateAndClose(LifeCycle.java:251)
	at org.apache.ratis.util.LifeCycle.checkStateAndClose(LifeCycle.java:229)
	at org.apache.ratis.util.PeerProxyMap$PeerAndProxy.close(PeerProxyMap.java:70)
	at org.apache.ratis.util.PeerProxyMap.resetProxy(PeerProxyMap.java:127)
	at org.apache.ratis.util.PeerProxyMap.handleException(PeerProxyMap.java:136)
	at org.apache.ratis.client.impl.RaftClientRpcWithProxy.handleException(RaftClientRpcWithProxy.java:47)
	at org.apache.ratis.client.impl.RaftClientImpl.handleIOException(RaftClientImpl.java:372)
	at org.apache.ratis.client.impl.OrderedAsync.lambda$sendRequest$10(OrderedAsync.java:236)
	at java.util.concurrent.CompletableFuture.uniExceptionally(CompletableFuture.java:870)
	at java.util.concurrent.CompletableFuture$UniExceptionally.tryFire(CompletableFuture.java:852)
	at java.util.concurrent.CompletableFuture.postComplete(CompletableFuture.java:474)
	at java.util.concurrent.CompletableFuture.completeExceptionally(CompletableFuture.java:1977)
	at org.apache.ratis.grpc.client.GrpcClientProtocolClient$AsyncStreamObservers.lambda$timeoutCheck$3(GrpcClientProtocolClient.java:324)
	at java.util.Optional.ifPresent(Optional.java:159)
	at org.apache.ratis.grpc.client.GrpcClientProtocolClient$AsyncStreamObservers.handleReplyFuture(GrpcClientProtocolClient.java:329)
	at org.apache.ratis.grpc.client.GrpcClientProtocolClient$AsyncStreamObservers.timeoutCheck(GrpcClientProtocolClient.java:324)
	at org.apache.ratis.grpc.client.GrpcClientProtocolClient$AsyncStreamObservers.lambda$onNext$1(GrpcClientProtocolClient.java:318)
	at org.apache.ratis.util.TimeoutScheduler.lambda$onTimeout$0(TimeoutScheduler.java:113)
	at org.apache.ratis.util.TimeoutScheduler.lambda$onTimeout$1(TimeoutScheduler.java:133)
	at org.apache.ratis.util.LogUtils.runAndLog(LogUtils.java:50)
	at org.apache.ratis.util.LogUtils$1.run(LogUtils.java:91)
	at java.util.concurrent.Executors$RunnableAdapter.call(Executors.java:511)
	at java.util.concurrent.FutureTask.run(FutureTask.java:266)
	at java.util.concurrent.ScheduledThreadPoolExecutor$ScheduledFutureTask.access$201(ScheduledThreadPoolExecutor.java:180)
	at java.util.concurrent.ScheduledThreadPoolExecutor$ScheduledFutureTask.run(ScheduledThreadPoolExecutor.java:293)
	at java.util.concurrent.ThreadPoolExecutor.runWorker(ThreadPoolExecutor.java:1149)
	at java.util.concurrent.ThreadPoolExecutor$Worker.run(ThreadPoolExecutor.java:624)
	at java.lang.Thread.run(Thread.java:748)
2019-10-02 08:05:37,384 [java.util.concurrent.ThreadPoolExecutor$Worker@199d2cc0[State = -1, empty queue]] WARN  util.TimeoutScheduler (LogUtils.java:runAndLog(55)) - Failed to task #0: java.lang.NullPointerException
2019-10-02 08:05:41,427 [java.util.concurrent.ThreadPoolExecutor$Worker@12429e9[State = -1, empty queue]] ERROR client.GrpcClientProtocolClient (GrpcClientProtocolClient.java:close(148)) - Unexpected exception while waiting for channel termination
java.lang.InterruptedException
	at java.util.concurrent.locks.AbstractQueuedSynchronizer.tryAcquireSharedNanos(AbstractQueuedSynchronizer.java:1326)
	at java.util.concurrent.CountDownLatch.await(CountDownLatch.java:277)
	at org.apache.ratis.thirdparty.io.grpc.internal.ManagedChannelImpl.awaitTermination(ManagedChannelImpl.java:763)
	at org.apache.ratis.thirdparty.io.grpc.internal.ForwardingManagedChannel.awaitTermination(ForwardingManagedChannel.java:57)
	at org.apache.ratis.thirdparty.io.grpc.internal.ManagedChannelOrphanWrapper.awaitTermination(ManagedChannelOrphanWrapper.java:70)
	at org.apache.ratis.grpc.client.GrpcClientProtocolClient.close(GrpcClientProtocolClient.java:146)
	at org.apache.ratis.util.PeerProxyMap$PeerAndProxy.lambda$close$1(PeerProxyMap.java:74)
	at org.apache.ratis.util.LifeCycle.lambda$checkStateAndClose$2(LifeCycle.java:231)
	at org.apache.ratis.util.LifeCycle.checkStateAndClose(LifeCycle.java:251)
	at org.apache.ratis.util.LifeCycle.checkStateAndClose(LifeCycle.java:229)
	at org.apache.ratis.util.PeerProxyMap$PeerAndProxy.close(PeerProxyMap.java:70)
	at org.apache.ratis.util.PeerProxyMap.resetProxy(PeerProxyMap.java:127)
	at org.apache.ratis.util.PeerProxyMap.handleException(PeerProxyMap.java:136)
	at org.apache.ratis.client.impl.RaftClientRpcWithProxy.handleException(RaftClientRpcWithProxy.java:47)
	at org.apache.ratis.client.impl.RaftClientImpl.handleIOException(RaftClientImpl.java:372)
	at org.apache.ratis.client.impl.OrderedAsync.lambda$sendRequest$10(OrderedAsync.java:236)
	at java.util.concurrent.CompletableFuture.uniExceptionally(CompletableFuture.java:870)
	at java.util.concurrent.CompletableFuture$UniExceptionally.tryFire(CompletableFuture.java:852)
	at java.util.concurrent.CompletableFuture.postComplete(CompletableFuture.java:474)
	at java.util.concurrent.CompletableFuture.completeExceptionally(CompletableFuture.java:1977)
	at org.apache.ratis.grpc.client.GrpcClientProtocolClient$AsyncStreamObservers.lambda$timeoutCheck$3(GrpcClientProtocolClient.java:324)
	at java.util.Optional.ifPresent(Optional.java:159)
	at org.apache.ratis.grpc.client.GrpcClientProtocolClient$AsyncStreamObservers.handleReplyFuture(GrpcClientProtocolClient.java:329)
	at org.apache.ratis.grpc.client.GrpcClientProtocolClient$AsyncStreamObservers.timeoutCheck(GrpcClientProtocolClient.java:324)
	at org.apache.ratis.grpc.client.GrpcClientProtocolClient$AsyncStreamObservers.lambda$onNext$1(GrpcClientProtocolClient.java:318)
	at org.apache.ratis.util.TimeoutScheduler.lambda$onTimeout$0(TimeoutScheduler.java:113)
	at org.apache.ratis.util.TimeoutScheduler.lambda$onTimeout$1(TimeoutScheduler.java:133)
	at org.apache.ratis.util.LogUtils.runAndLog(LogUtils.java:50)
	at org.apache.ratis.util.LogUtils$1.run(LogUtils.java:91)
	at java.util.concurrent.Executors$RunnableAdapter.call(Executors.java:511)
	at java.util.concurrent.FutureTask.run(FutureTask.java:266)
	at java.util.concurrent.ScheduledThreadPoolExecutor$ScheduledFutureTask.access$201(ScheduledThreadPoolExecutor.java:180)
	at java.util.concurrent.ScheduledThreadPoolExecutor$ScheduledFutureTask.run(ScheduledThreadPoolExecutor.java:293)
	at java.util.concurrent.ThreadPoolExecutor.runWorker(ThreadPoolExecutor.java:1149)
	at java.util.concurrent.ThreadPoolExecutor$Worker.run(ThreadPoolExecutor.java:624)
	at java.lang.Thread.run(Thread.java:748)
2019-10-02 08:05:41,432 [java.util.concurrent.ThreadPoolExecutor$Worker@12429e9[State = -1, empty queue]] WARN  util.TimeoutScheduler (LogUtils.java:runAndLog(55)) - Failed to task #0: java.lang.NullPointerException
2019-10-02 08:05:45,477 [java.util.concurrent.ThreadPoolExecutor$Worker@1cb3aae6[State = -1, empty queue]] ERROR client.GrpcClientProtocolClient (GrpcClientProtocolClient.java:close(148)) - Unexpected exception while waiting for channel termination
java.lang.InterruptedException
	at java.util.concurrent.locks.AbstractQueuedSynchronizer.tryAcquireSharedNanos(AbstractQueuedSynchronizer.java:1326)
	at java.util.concurrent.CountDownLatch.await(CountDownLatch.java:277)
	at org.apache.ratis.thirdparty.io.grpc.internal.ManagedChannelImpl.awaitTermination(ManagedChannelImpl.java:763)
	at org.apache.ratis.thirdparty.io.grpc.internal.ForwardingManagedChannel.awaitTermination(ForwardingManagedChannel.java:57)
	at org.apache.ratis.thirdparty.io.grpc.internal.ManagedChannelOrphanWrapper.awaitTermination(ManagedChannelOrphanWrapper.java:70)
	at org.apache.ratis.grpc.client.GrpcClientProtocolClient.close(GrpcClientProtocolClient.java:146)
	at org.apache.ratis.util.PeerProxyMap$PeerAndProxy.lambda$close$1(PeerProxyMap.java:74)
	at org.apache.ratis.util.LifeCycle.lambda$checkStateAndClose$2(LifeCycle.java:231)
	at org.apache.ratis.util.LifeCycle.checkStateAndClose(LifeCycle.java:251)
	at org.apache.ratis.util.LifeCycle.checkStateAndClose(LifeCycle.java:229)
	at org.apache.ratis.util.PeerProxyMap$PeerAndProxy.close(PeerProxyMap.java:70)
	at org.apache.ratis.util.PeerProxyMap.resetProxy(PeerProxyMap.java:127)
	at org.apache.ratis.util.PeerProxyMap.handleException(PeerProxyMap.java:136)
	at org.apache.ratis.client.impl.RaftClientRpcWithProxy.handleException(RaftClientRpcWithProxy.java:47)
	at org.apache.ratis.client.impl.RaftClientImpl.handleIOException(RaftClientImpl.java:372)
	at org.apache.ratis.client.impl.OrderedAsync.lambda$sendRequest$10(OrderedAsync.java:236)
	at java.util.concurrent.CompletableFuture.uniExceptionally(CompletableFuture.java:870)
	at java.util.concurrent.CompletableFuture$UniExceptionally.tryFire(CompletableFuture.java:852)
	at java.util.concurrent.CompletableFuture.postComplete(CompletableFuture.java:474)
	at java.util.concurrent.CompletableFuture.completeExceptionally(CompletableFuture.java:1977)
	at org.apache.ratis.grpc.client.GrpcClientProtocolClient$AsyncStreamObservers.lambda$timeoutCheck$3(GrpcClientProtocolClient.java:324)
	at java.util.Optional.ifPresent(Optional.java:159)
	at org.apache.ratis.grpc.client.GrpcClientProtocolClient$AsyncStreamObservers.handleReplyFuture(GrpcClientProtocolClient.java:329)
	at org.apache.ratis.grpc.client.GrpcClientProtocolClient$AsyncStreamObservers.timeoutCheck(GrpcClientProtocolClient.java:324)
	at org.apache.ratis.grpc.client.GrpcClientProtocolClient$AsyncStreamObservers.lambda$onNext$1(GrpcClientProtocolClient.java:318)
	at org.apache.ratis.util.TimeoutScheduler.lambda$onTimeout$0(TimeoutScheduler.java:113)
	at org.apache.ratis.util.TimeoutScheduler.lambda$onTimeout$1(TimeoutScheduler.java:133)
	at org.apache.ratis.util.LogUtils.runAndLog(LogUtils.java:50)
	at org.apache.ratis.util.LogUtils$1.run(LogUtils.java:91)
	at java.util.concurrent.Executors$RunnableAdapter.call(Executors.java:511)
	at java.util.concurrent.FutureTask.run(FutureTask.java:266)
	at java.util.concurrent.ScheduledThreadPoolExecutor$ScheduledFutureTask.access$201(ScheduledThreadPoolExecutor.java:180)
	at java.util.concurrent.ScheduledThreadPoolExecutor$ScheduledFutureTask.run(ScheduledThreadPoolExecutor.java:293)
	at java.util.concurrent.ThreadPoolExecutor.runWorker(ThreadPoolExecutor.java:1149)
	at java.util.concurrent.ThreadPoolExecutor$Worker.run(ThreadPoolExecutor.java:624)
	at java.lang.Thread.run(Thread.java:748)
2019-10-02 08:05:45,484 [java.util.concurrent.ThreadPoolExecutor$Worker@1cb3aae6[State = -1, empty queue]] WARN  util.TimeoutScheduler (LogUtils.java:runAndLog(55)) - Failed to task #0: java.lang.NullPointerException
2019-10-02 08:05:49,544 [java.util.concurrent.ThreadPoolExecutor$Worker@6d686a81[State = -1, empty queue]] ERROR client.GrpcClientProtocolClient (GrpcClientProtocolClient.java:close(148)) - Unexpected exception while waiting for channel termination
java.lang.InterruptedException
	at java.util.concurrent.locks.AbstractQueuedSynchronizer.tryAcquireSharedNanos(AbstractQueuedSynchronizer.java:1326)
	at java.util.concurrent.CountDownLatch.await(CountDownLatch.java:277)
	at org.apache.ratis.thirdparty.io.grpc.internal.ManagedChannelImpl.awaitTermination(ManagedChannelImpl.java:763)
	at org.apache.ratis.thirdparty.io.grpc.internal.ForwardingManagedChannel.awaitTermination(ForwardingManagedChannel.java:57)
	at org.apache.ratis.thirdparty.io.grpc.internal.ManagedChannelOrphanWrapper.awaitTermination(ManagedChannelOrphanWrapper.java:70)
	at org.apache.ratis.grpc.client.GrpcClientProtocolClient.close(GrpcClientProtocolClient.java:146)
	at org.apache.ratis.util.PeerProxyMap$PeerAndProxy.lambda$close$1(PeerProxyMap.java:74)
	at org.apache.ratis.util.LifeCycle.lambda$checkStateAndClose$2(LifeCycle.java:231)
	at org.apache.ratis.util.LifeCycle.checkStateAndClose(LifeCycle.java:251)
	at org.apache.ratis.util.LifeCycle.checkStateAndClose(LifeCycle.java:229)
	at org.apache.ratis.util.PeerProxyMap$PeerAndProxy.close(PeerProxyMap.java:70)
	at org.apache.ratis.util.PeerProxyMap.resetProxy(PeerProxyMap.java:127)
	at org.apache.ratis.util.PeerProxyMap.handleException(PeerProxyMap.java:136)
	at org.apache.ratis.client.impl.RaftClientRpcWithProxy.handleException(RaftClientRpcWithProxy.java:47)
	at org.apache.ratis.client.impl.RaftClientImpl.handleIOException(RaftClientImpl.java:372)
	at org.apache.ratis.client.impl.OrderedAsync.lambda$sendRequest$10(OrderedAsync.java:236)
	at java.util.concurrent.CompletableFuture.uniExceptionally(CompletableFuture.java:870)
	at java.util.concurrent.CompletableFuture$UniExceptionally.tryFire(CompletableFuture.java:852)
	at java.util.concurrent.CompletableFuture.postComplete(CompletableFuture.java:474)
	at java.util.concurrent.CompletableFuture.completeExceptionally(CompletableFuture.java:1977)
	at org.apache.ratis.grpc.client.GrpcClientProtocolClient$AsyncStreamObservers.lambda$timeoutCheck$3(GrpcClientProtocolClient.java:324)
	at java.util.Optional.ifPresent(Optional.java:159)
	at org.apache.ratis.grpc.client.GrpcClientProtocolClient$AsyncStreamObservers.handleReplyFuture(GrpcClientProtocolClient.java:329)
	at org.apache.ratis.grpc.client.GrpcClientProtocolClient$AsyncStreamObservers.timeoutCheck(GrpcClientProtocolClient.java:324)
	at org.apache.ratis.grpc.client.GrpcClientProtocolClient$AsyncStreamObservers.lambda$onNext$1(GrpcClientProtocolClient.java:318)
	at org.apache.ratis.util.TimeoutScheduler.lambda$onTimeout$0(TimeoutScheduler.java:113)
	at org.apache.ratis.util.TimeoutScheduler.lambda$onTimeout$1(TimeoutScheduler.java:133)
	at org.apache.ratis.util.LogUtils.runAndLog(LogUtils.java:50)
	at org.apache.ratis.util.LogUtils$1.run(LogUtils.java:91)
	at java.util.concurrent.Executors$RunnableAdapter.call(Executors.java:511)
	at java.util.concurrent.FutureTask.run(FutureTask.java:266)
	at java.util.concurrent.ScheduledThreadPoolExecutor$ScheduledFutureTask.access$201(ScheduledThreadPoolExecutor.java:180)
	at java.util.concurrent.ScheduledThreadPoolExecutor$ScheduledFutureTask.run(ScheduledThreadPoolExecutor.java:293)
	at java.util.concurrent.ThreadPoolExecutor.runWorker(ThreadPoolExecutor.java:1149)
	at java.util.concurrent.ThreadPoolExecutor$Worker.run(ThreadPoolExecutor.java:624)
	at java.lang.Thread.run(Thread.java:748)
2019-10-02 08:05:49,545 [java.util.concurrent.ThreadPoolExecutor$Worker@6d686a81[State = -1, empty queue]] WARN  util.TimeoutScheduler (LogUtils.java:runAndLog(55)) - Failed to task #0: java.lang.NullPointerException
2019-10-02 08:05:53,587 [java.util.concurrent.ThreadPoolExecutor$Worker@dfb0ba7[State = -1, empty queue]] ERROR client.GrpcClientProtocolClient (GrpcClientProtocolClient.java:close(148)) - Unexpected exception while waiting for channel termination
java.lang.InterruptedException
	at java.util.concurrent.locks.AbstractQueuedSynchronizer.tryAcquireSharedNanos(AbstractQueuedSynchronizer.java:1326)
	at java.util.concurrent.CountDownLatch.await(CountDownLatch.java:277)
	at org.apache.ratis.thirdparty.io.grpc.internal.ManagedChannelImpl.awaitTermination(ManagedChannelImpl.java:763)
	at org.apache.ratis.thirdparty.io.grpc.internal.ForwardingManagedChannel.awaitTermination(ForwardingManagedChannel.java:57)
	at org.apache.ratis.thirdparty.io.grpc.internal.ManagedChannelOrphanWrapper.awaitTermination(ManagedChannelOrphanWrapper.java:70)
	at org.apache.ratis.grpc.client.GrpcClientProtocolClient.close(GrpcClientProtocolClient.java:146)
	at org.apache.ratis.util.PeerProxyMap$PeerAndProxy.lambda$close$1(PeerProxyMap.java:74)
	at org.apache.ratis.util.LifeCycle.lambda$checkStateAndClose$2(LifeCycle.java:231)
	at org.apache.ratis.util.LifeCycle.checkStateAndClose(LifeCycle.java:251)
	at org.apache.ratis.util.LifeCycle.checkStateAndClose(LifeCycle.java:229)
	at org.apache.ratis.util.PeerProxyMap$PeerAndProxy.close(PeerProxyMap.java:70)
	at org.apache.ratis.util.PeerProxyMap.resetProxy(PeerProxyMap.java:127)
	at org.apache.ratis.util.PeerProxyMap.handleException(PeerProxyMap.java:136)
	at org.apache.ratis.client.impl.RaftClientRpcWithProxy.handleException(RaftClientRpcWithProxy.java:47)
	at org.apache.ratis.client.impl.RaftClientImpl.handleIOException(RaftClientImpl.java:372)
	at org.apache.ratis.client.impl.OrderedAsync.lambda$sendRequest$10(OrderedAsync.java:236)
	at java.util.concurrent.CompletableFuture.uniExceptionally(CompletableFuture.java:870)
	at java.util.concurrent.CompletableFuture$UniExceptionally.tryFire(CompletableFuture.java:852)
	at java.util.concurrent.CompletableFuture.postComplete(CompletableFuture.java:474)
	at java.util.concurrent.CompletableFuture.completeExceptionally(CompletableFuture.java:1977)
	at org.apache.ratis.grpc.client.GrpcClientProtocolClient$AsyncStreamObservers.lambda$timeoutCheck$3(GrpcClientProtocolClient.java:324)
	at java.util.Optional.ifPresent(Optional.java:159)
	at org.apache.ratis.grpc.client.GrpcClientProtocolClient$AsyncStreamObservers.handleReplyFuture(GrpcClientProtocolClient.java:329)
	at org.apache.ratis.grpc.client.GrpcClientProtocolClient$AsyncStreamObservers.timeoutCheck(GrpcClientProtocolClient.java:324)
	at org.apache.ratis.grpc.client.GrpcClientProtocolClient$AsyncStreamObservers.lambda$onNext$1(GrpcClientProtocolClient.java:318)
	at org.apache.ratis.util.TimeoutScheduler.lambda$onTimeout$0(TimeoutScheduler.java:113)
	at org.apache.ratis.util.TimeoutScheduler.lambda$onTimeout$1(TimeoutScheduler.java:133)
	at org.apache.ratis.util.LogUtils.runAndLog(LogUtils.java:50)
	at org.apache.ratis.util.LogUtils$1.run(LogUtils.java:91)
	at java.util.concurrent.Executors$RunnableAdapter.call(Executors.java:511)
	at java.util.concurrent.FutureTask.run(FutureTask.java:266)
	at java.util.concurrent.ScheduledThreadPoolExecutor$ScheduledFutureTask.access$201(ScheduledThreadPoolExecutor.java:180)
	at java.util.concurrent.ScheduledThreadPoolExecutor$ScheduledFutureTask.run(ScheduledThreadPoolExecutor.java:293)
	at java.util.concurrent.ThreadPoolExecutor.runWorker(ThreadPoolExecutor.java:1149)
	at java.util.concurrent.ThreadPoolExecutor$Worker.run(ThreadPoolExecutor.java:624)
	at java.lang.Thread.run(Thread.java:748)
2019-10-02 08:05:53,590 [java.util.concurrent.ThreadPoolExecutor$Worker@dfb0ba7[State = -1, empty queue]] WARN  util.TimeoutScheduler (LogUtils.java:runAndLog(55)) - Failed to task #0: java.lang.NullPointerException
2019-10-02 08:05:57,641 [java.util.concurrent.ThreadPoolExecutor$Worker@55a548fc[State = -1, empty queue]] ERROR client.GrpcClientProtocolClient (GrpcClientProtocolClient.java:close(148)) - Unexpected exception while waiting for channel termination
java.lang.InterruptedException
	at java.util.concurrent.locks.AbstractQueuedSynchronizer.tryAcquireSharedNanos(AbstractQueuedSynchronizer.java:1326)
	at java.util.concurrent.CountDownLatch.await(CountDownLatch.java:277)
	at org.apache.ratis.thirdparty.io.grpc.internal.ManagedChannelImpl.awaitTermination(ManagedChannelImpl.java:763)
	at org.apache.ratis.thirdparty.io.grpc.internal.ForwardingManagedChannel.awaitTermination(ForwardingManagedChannel.java:57)
	at org.apache.ratis.thirdparty.io.grpc.internal.ManagedChannelOrphanWrapper.awaitTermination(ManagedChannelOrphanWrapper.java:70)
	at org.apache.ratis.grpc.client.GrpcClientProtocolClient.close(GrpcClientProtocolClient.java:146)
	at org.apache.ratis.util.PeerProxyMap$PeerAndProxy.lambda$close$1(PeerProxyMap.java:74)
	at org.apache.ratis.util.LifeCycle.lambda$checkStateAndClose$2(LifeCycle.java:231)
	at org.apache.ratis.util.LifeCycle.checkStateAndClose(LifeCycle.java:251)
	at org.apache.ratis.util.LifeCycle.checkStateAndClose(LifeCycle.java:229)
	at org.apache.ratis.util.PeerProxyMap$PeerAndProxy.close(PeerProxyMap.java:70)
	at org.apache.ratis.util.PeerProxyMap.resetProxy(PeerProxyMap.java:127)
	at org.apache.ratis.util.PeerProxyMap.handleException(PeerProxyMap.java:136)
	at org.apache.ratis.client.impl.RaftClientRpcWithProxy.handleException(RaftClientRpcWithProxy.java:47)
	at org.apache.ratis.client.impl.RaftClientImpl.handleIOException(RaftClientImpl.java:372)
	at org.apache.ratis.client.impl.OrderedAsync.lambda$sendRequest$10(OrderedAsync.java:236)
	at java.util.concurrent.CompletableFuture.uniExceptionally(CompletableFuture.java:870)
	at java.util.concurrent.CompletableFuture$UniExceptionally.tryFire(CompletableFuture.java:852)
	at java.util.concurrent.CompletableFuture.postComplete(CompletableFuture.java:474)
	at java.util.concurrent.CompletableFuture.completeExceptionally(CompletableFuture.java:1977)
	at org.apache.ratis.grpc.client.GrpcClientProtocolClient$AsyncStreamObservers.lambda$timeoutCheck$3(GrpcClientProtocolClient.java:324)
	at java.util.Optional.ifPresent(Optional.java:159)
	at org.apache.ratis.grpc.client.GrpcClientProtocolClient$AsyncStreamObservers.handleReplyFuture(GrpcClientProtocolClient.java:329)
	at org.apache.ratis.grpc.client.GrpcClientProtocolClient$AsyncStreamObservers.timeoutCheck(GrpcClientProtocolClient.java:324)
	at org.apache.ratis.grpc.client.GrpcClientProtocolClient$AsyncStreamObservers.lambda$onNext$1(GrpcClientProtocolClient.java:318)
	at org.apache.ratis.util.TimeoutScheduler.lambda$onTimeout$0(TimeoutScheduler.java:113)
	at org.apache.ratis.util.TimeoutScheduler.lambda$onTimeout$1(TimeoutScheduler.java:133)
	at org.apache.ratis.util.LogUtils.runAndLog(LogUtils.java:50)
	at org.apache.ratis.util.LogUtils$1.run(LogUtils.java:91)
	at java.util.concurrent.Executors$RunnableAdapter.call(Executors.java:511)
	at java.util.concurrent.FutureTask.run(FutureTask.java:266)
	at java.util.concurrent.ScheduledThreadPoolExecutor$ScheduledFutureTask.access$201(ScheduledThreadPoolExecutor.java:180)
	at java.util.concurrent.ScheduledThreadPoolExecutor$ScheduledFutureTask.run(ScheduledThreadPoolExecutor.java:293)
	at java.util.concurrent.ThreadPoolExecutor.runWorker(ThreadPoolExecutor.java:1149)
	at java.util.concurrent.ThreadPoolExecutor$Worker.run(ThreadPoolExecutor.java:624)
	at java.lang.Thread.run(Thread.java:748)
2019-10-02 08:05:57,645 [java.util.concurrent.ThreadPoolExecutor$Worker@55a548fc[State = -1, empty queue]] WARN  util.TimeoutScheduler (LogUtils.java:runAndLog(55)) - Failed to task #0: java.lang.NullPointerException
2019-10-02 08:06:01,704 [java.util.concurrent.ThreadPoolExecutor$Worker@10a6e15d[State = -1, empty queue]] ERROR client.GrpcClientProtocolClient (GrpcClientProtocolClient.java:close(148)) - Unexpected exception while waiting for channel termination
java.lang.InterruptedException
	at java.util.concurrent.locks.AbstractQueuedSynchronizer.tryAcquireSharedNanos(AbstractQueuedSynchronizer.java:1326)
	at java.util.concurrent.CountDownLatch.await(CountDownLatch.java:277)
	at org.apache.ratis.thirdparty.io.grpc.internal.ManagedChannelImpl.awaitTermination(ManagedChannelImpl.java:763)
	at org.apache.ratis.thirdparty.io.grpc.internal.ForwardingManagedChannel.awaitTermination(ForwardingManagedChannel.java:57)
	at org.apache.ratis.thirdparty.io.grpc.internal.ManagedChannelOrphanWrapper.awaitTermination(ManagedChannelOrphanWrapper.java:70)
	at org.apache.ratis.grpc.client.GrpcClientProtocolClient.close(GrpcClientProtocolClient.java:146)
	at org.apache.ratis.util.PeerProxyMap$PeerAndProxy.lambda$close$1(PeerProxyMap.java:74)
	at org.apache.ratis.util.LifeCycle.lambda$checkStateAndClose$2(LifeCycle.java:231)
	at org.apache.ratis.util.LifeCycle.checkStateAndClose(LifeCycle.java:251)
	at org.apache.ratis.util.LifeCycle.checkStateAndClose(LifeCycle.java:229)
	at org.apache.ratis.util.PeerProxyMap$PeerAndProxy.close(PeerProxyMap.java:70)
	at org.apache.ratis.util.PeerProxyMap.resetProxy(PeerProxyMap.java:127)
	at org.apache.ratis.util.PeerProxyMap.handleException(PeerProxyMap.java:136)
	at org.apache.ratis.client.impl.RaftClientRpcWithProxy.handleException(RaftClientRpcWithProxy.java:47)
	at org.apache.ratis.client.impl.RaftClientImpl.handleIOException(RaftClientImpl.java:372)
	at org.apache.ratis.client.impl.OrderedAsync.lambda$sendRequest$10(OrderedAsync.java:236)
	at java.util.concurrent.CompletableFuture.uniExceptionally(CompletableFuture.java:870)
	at java.util.concurrent.CompletableFuture$UniExceptionally.tryFire(CompletableFuture.java:852)
	at java.util.concurrent.CompletableFuture.postComplete(CompletableFuture.java:474)
	at java.util.concurrent.CompletableFuture.completeExceptionally(CompletableFuture.java:1977)
	at org.apache.ratis.grpc.client.GrpcClientProtocolClient$AsyncStreamObservers.lambda$timeoutCheck$3(GrpcClientProtocolClient.java:324)
	at java.util.Optional.ifPresent(Optional.java:159)
	at org.apache.ratis.grpc.client.GrpcClientProtocolClient$AsyncStreamObservers.handleReplyFuture(GrpcClientProtocolClient.java:329)
	at org.apache.ratis.grpc.client.GrpcClientProtocolClient$AsyncStreamObservers.timeoutCheck(GrpcClientProtocolClient.java:324)
	at org.apache.ratis.grpc.client.GrpcClientProtocolClient$AsyncStreamObservers.lambda$onNext$1(GrpcClientProtocolClient.java:318)
	at org.apache.ratis.util.TimeoutScheduler.lambda$onTimeout$0(TimeoutScheduler.java:113)
	at org.apache.ratis.util.TimeoutScheduler.lambda$onTimeout$1(TimeoutScheduler.java:133)
	at org.apache.ratis.util.LogUtils.runAndLog(LogUtils.java:50)
	at org.apache.ratis.util.LogUtils$1.run(LogUtils.java:91)
	at java.util.concurrent.Executors$RunnableAdapter.call(Executors.java:511)
	at java.util.concurrent.FutureTask.run(FutureTask.java:266)
	at java.util.concurrent.ScheduledThreadPoolExecutor$ScheduledFutureTask.access$201(ScheduledThreadPoolExecutor.java:180)
	at java.util.concurrent.ScheduledThreadPoolExecutor$ScheduledFutureTask.run(ScheduledThreadPoolExecutor.java:293)
	at java.util.concurrent.ThreadPoolExecutor.runWorker(ThreadPoolExecutor.java:1149)
	at java.util.concurrent.ThreadPoolExecutor$Worker.run(ThreadPoolExecutor.java:624)
	at java.lang.Thread.run(Thread.java:748)
2019-10-02 08:06:01,710 [java.util.concurrent.ThreadPoolExecutor$Worker@10a6e15d[State = -1, empty queue]] WARN  util.TimeoutScheduler (LogUtils.java:runAndLog(55)) - Failed to task #0: java.lang.NullPointerException
2019-10-02 08:06:05,751 [java.util.concurrent.ThreadPoolExecutor$Worker@5f55e071[State = -1, empty queue]] ERROR client.GrpcClientProtocolClient (GrpcClientProtocolClient.java:close(148)) - Unexpected exception while waiting for channel termination
java.lang.InterruptedException
	at java.util.concurrent.locks.AbstractQueuedSynchronizer.tryAcquireSharedNanos(AbstractQueuedSynchronizer.java:1326)
	at java.util.concurrent.CountDownLatch.await(CountDownLatch.java:277)
	at org.apache.ratis.thirdparty.io.grpc.internal.ManagedChannelImpl.awaitTermination(ManagedChannelImpl.java:763)
	at org.apache.ratis.thirdparty.io.grpc.internal.ForwardingManagedChannel.awaitTermination(ForwardingManagedChannel.java:57)
	at org.apache.ratis.thirdparty.io.grpc.internal.ManagedChannelOrphanWrapper.awaitTermination(ManagedChannelOrphanWrapper.java:70)
	at org.apache.ratis.grpc.client.GrpcClientProtocolClient.close(GrpcClientProtocolClient.java:146)
	at org.apache.ratis.util.PeerProxyMap$PeerAndProxy.lambda$close$1(PeerProxyMap.java:74)
	at org.apache.ratis.util.LifeCycle.lambda$checkStateAndClose$2(LifeCycle.java:231)
	at org.apache.ratis.util.LifeCycle.checkStateAndClose(LifeCycle.java:251)
	at org.apache.ratis.util.LifeCycle.checkStateAndClose(LifeCycle.java:229)
	at org.apache.ratis.util.PeerProxyMap$PeerAndProxy.close(PeerProxyMap.java:70)
	at org.apache.ratis.util.PeerProxyMap.resetProxy(PeerProxyMap.java:127)
	at org.apache.ratis.util.PeerProxyMap.handleException(PeerProxyMap.java:136)
	at org.apache.ratis.client.impl.RaftClientRpcWithProxy.handleException(RaftClientRpcWithProxy.java:47)
	at org.apache.ratis.client.impl.RaftClientImpl.handleIOException(RaftClientImpl.java:372)
	at org.apache.ratis.client.impl.OrderedAsync.lambda$sendRequest$10(OrderedAsync.java:236)
	at java.util.concurrent.CompletableFuture.uniExceptionally(CompletableFuture.java:870)
	at java.util.concurrent.CompletableFuture$UniExceptionally.tryFire(CompletableFuture.java:852)
	at java.util.concurrent.CompletableFuture.postComplete(CompletableFuture.java:474)
	at java.util.concurrent.CompletableFuture.completeExceptionally(CompletableFuture.java:1977)
	at org.apache.ratis.grpc.client.GrpcClientProtocolClient$AsyncStreamObservers.lambda$timeoutCheck$3(GrpcClientProtocolClient.java:324)
	at java.util.Optional.ifPresent(Optional.java:159)
	at org.apache.ratis.grpc.client.GrpcClientProtocolClient$AsyncStreamObservers.handleReplyFuture(GrpcClientProtocolClient.java:329)
	at org.apache.ratis.grpc.client.GrpcClientProtocolClient$AsyncStreamObservers.timeoutCheck(GrpcClientProtocolClient.java:324)
	at org.apache.ratis.grpc.client.GrpcClientProtocolClient$AsyncStreamObservers.lambda$onNext$1(GrpcClientProtocolClient.java:318)
	at org.apache.ratis.util.TimeoutScheduler.lambda$onTimeout$0(TimeoutScheduler.java:113)
	at org.apache.ratis.util.TimeoutScheduler.lambda$onTimeout$1(TimeoutScheduler.java:133)
	at org.apache.ratis.util.LogUtils.runAndLog(LogUtils.java:50)
	at org.apache.ratis.util.LogUtils$1.run(LogUtils.java:91)
	at java.util.concurrent.Executors$RunnableAdapter.call(Executors.java:511)
	at java.util.concurrent.FutureTask.run(FutureTask.java:266)
	at java.util.concurrent.ScheduledThreadPoolExecutor$ScheduledFutureTask.access$201(ScheduledThreadPoolExecutor.java:180)
	at java.util.concurrent.ScheduledThreadPoolExecutor$ScheduledFutureTask.run(ScheduledThreadPoolExecutor.java:293)
	at java.util.concurrent.ThreadPoolExecutor.runWorker(ThreadPoolExecutor.java:1149)
	at java.util.concurrent.ThreadPoolExecutor$Worker.run(ThreadPoolExecutor.java:624)
	at java.lang.Thread.run(Thread.java:748)
2019-10-02 08:06:05,753 [java.util.concurrent.ThreadPoolExecutor$Worker@5f55e071[State = -1, empty queue]] WARN  util.TimeoutScheduler (LogUtils.java:runAndLog(55)) - Failed to task #0: java.lang.NullPointerException
2019-10-02 08:06:09,788 [java.util.concurrent.ThreadPoolExecutor$Worker@6164b194[State = -1, empty queue]] ERROR client.GrpcClientProtocolClient (GrpcClientProtocolClient.java:close(148)) - Unexpected exception while waiting for channel termination
java.lang.InterruptedException
	at java.util.concurrent.locks.AbstractQueuedSynchronizer.tryAcquireSharedNanos(AbstractQueuedSynchronizer.java:1326)
	at java.util.concurrent.CountDownLatch.await(CountDownLatch.java:277)
	at org.apache.ratis.thirdparty.io.grpc.internal.ManagedChannelImpl.awaitTermination(ManagedChannelImpl.java:763)
	at org.apache.ratis.thirdparty.io.grpc.internal.ForwardingManagedChannel.awaitTermination(ForwardingManagedChannel.java:57)
	at org.apache.ratis.thirdparty.io.grpc.internal.ManagedChannelOrphanWrapper.awaitTermination(ManagedChannelOrphanWrapper.java:70)
	at org.apache.ratis.grpc.client.GrpcClientProtocolClient.close(GrpcClientProtocolClient.java:146)
	at org.apache.ratis.util.PeerProxyMap$PeerAndProxy.lambda$close$1(PeerProxyMap.java:74)
	at org.apache.ratis.util.LifeCycle.lambda$checkStateAndClose$2(LifeCycle.java:231)
	at org.apache.ratis.util.LifeCycle.checkStateAndClose(LifeCycle.java:251)
	at org.apache.ratis.util.LifeCycle.checkStateAndClose(LifeCycle.java:229)
	at org.apache.ratis.util.PeerProxyMap$PeerAndProxy.close(PeerProxyMap.java:70)
	at org.apache.ratis.util.PeerProxyMap.resetProxy(PeerProxyMap.java:127)
	at org.apache.ratis.util.PeerProxyMap.handleException(PeerProxyMap.java:136)
	at org.apache.ratis.client.impl.RaftClientRpcWithProxy.handleException(RaftClientRpcWithProxy.java:47)
	at org.apache.ratis.client.impl.RaftClientImpl.handleIOException(RaftClientImpl.java:372)
	at org.apache.ratis.client.impl.OrderedAsync.lambda$sendRequest$10(OrderedAsync.java:236)
	at java.util.concurrent.CompletableFuture.uniExceptionally(CompletableFuture.java:870)
	at java.util.concurrent.CompletableFuture$UniExceptionally.tryFire(CompletableFuture.java:852)
	at java.util.concurrent.CompletableFuture.postComplete(CompletableFuture.java:474)
	at java.util.concurrent.CompletableFuture.completeExceptionally(CompletableFuture.java:1977)
	at org.apache.ratis.grpc.client.GrpcClientProtocolClient$AsyncStreamObservers.lambda$timeoutCheck$3(GrpcClientProtocolClient.java:324)
	at java.util.Optional.ifPresent(Optional.java:159)
	at org.apache.ratis.grpc.client.GrpcClientProtocolClient$AsyncStreamObservers.handleReplyFuture(GrpcClientProtocolClient.java:329)
	at org.apache.ratis.grpc.client.GrpcClientProtocolClient$AsyncStreamObservers.timeoutCheck(GrpcClientProtocolClient.java:324)
	at org.apache.ratis.grpc.client.GrpcClientProtocolClient$AsyncStreamObservers.lambda$onNext$1(GrpcClientProtocolClient.java:318)
	at org.apache.ratis.util.TimeoutScheduler.lambda$onTimeout$0(TimeoutScheduler.java:113)
	at org.apache.ratis.util.TimeoutScheduler.lambda$onTimeout$1(TimeoutScheduler.java:133)
	at org.apache.ratis.util.LogUtils.runAndLog(LogUtils.java:50)
	at org.apache.ratis.util.LogUtils$1.run(LogUtils.java:91)
	at java.util.concurrent.Executors$RunnableAdapter.call(Executors.java:511)
	at java.util.concurrent.FutureTask.run(FutureTask.java:266)
	at java.util.concurrent.ScheduledThreadPoolExecutor$ScheduledFutureTask.access$201(ScheduledThreadPoolExecutor.java:180)
	at java.util.concurrent.ScheduledThreadPoolExecutor$ScheduledFutureTask.run(ScheduledThreadPoolExecutor.java:293)
	at java.util.concurrent.ThreadPoolExecutor.runWorker(ThreadPoolExecutor.java:1149)
	at java.util.concurrent.ThreadPoolExecutor$Worker.run(ThreadPoolExecutor.java:624)
	at java.lang.Thread.run(Thread.java:748)
2019-10-02 08:06:09,792 [java.util.concurrent.ThreadPoolExecutor$Worker@6164b194[State = -1, empty queue]] WARN  util.TimeoutScheduler (LogUtils.java:runAndLog(55)) - Failed to task #0: java.lang.NullPointerException
2019-10-02 08:06:12,892 [grpc-default-executor-4] INFO  impl.RaftServerProxy (RaftServerProxy.java:addNew(89)) - a264a072-92f0-4dc2-99fe-a3f051c5730a: addNew group-8DEC4A9D8669:[a264a072-92f0-4dc2-99fe-a3f051c5730a:192.168.151.92:38422, 6c71132d-f7e4-4b14-8e85-142ea7240f76:192.168.151.92:42779, 49f66f9f-31d7-4b02-b438-ea1444250cb1:192.168.151.92:39309] returns group-8DEC4A9D8669:java.util.concurrent.CompletableFuture@45739017[Not completed]
2019-10-02 08:06:12,892 [grpc-default-executor-0] INFO  impl.RaftServerProxy (RaftServerProxy.java:addNew(89)) - 49f66f9f-31d7-4b02-b438-ea1444250cb1: addNew group-8DEC4A9D8669:[a264a072-92f0-4dc2-99fe-a3f051c5730a:192.168.151.92:38422, 6c71132d-f7e4-4b14-8e85-142ea7240f76:192.168.151.92:42779, 49f66f9f-31d7-4b02-b438-ea1444250cb1:192.168.151.92:39309] returns group-8DEC4A9D8669:java.util.concurrent.CompletableFuture@728b35cc[Not completed]
2019-10-02 08:06:12,892 [grpc-default-executor-1] INFO  impl.RaftServerProxy (RaftServerProxy.java:addNew(89)) - 6c71132d-f7e4-4b14-8e85-142ea7240f76: addNew group-8DEC4A9D8669:[a264a072-92f0-4dc2-99fe-a3f051c5730a:192.168.151.92:38422, 6c71132d-f7e4-4b14-8e85-142ea7240f76:192.168.151.92:42779, 49f66f9f-31d7-4b02-b438-ea1444250cb1:192.168.151.92:39309] returns group-8DEC4A9D8669:java.util.concurrent.CompletableFuture@746a0eb2[Not completed]
2019-10-02 08:06:12,894 [pool-27-thread-1] INFO  impl.RaftServerImpl (RaftServerImpl.java:<init>(95)) - 6c71132d-f7e4-4b14-8e85-142ea7240f76: new RaftServerImpl for group-8DEC4A9D8669:[a264a072-92f0-4dc2-99fe-a3f051c5730a:192.168.151.92:38422, 6c71132d-f7e4-4b14-8e85-142ea7240f76:192.168.151.92:42779, 49f66f9f-31d7-4b02-b438-ea1444250cb1:192.168.151.92:39309] with ContainerStateMachine:uninitialized
2019-10-02 08:06:12,894 [pool-27-thread-1] INFO  server.RaftServerConfigKeys (ConfUtils.java:logGet(43)) - raft.server.rpc.timeout.min = 5s (custom)
2019-10-02 08:06:12,894 [pool-27-thread-1] INFO  server.RaftServerConfigKeys (ConfUtils.java:logGet(43)) - raft.server.rpc.timeout.max = 5200ms (custom)
2019-10-02 08:06:12,895 [pool-27-thread-1] INFO  server.RaftServerConfigKeys (ConfUtils.java:logGet(43)) - raft.server.rpcslowness.timeout = 120s (custom)
2019-10-02 08:06:12,895 [pool-27-thread-1] INFO  server.RaftServerConfigKeys (ConfUtils.java:logGet(43)) - raft.server.sleep.deviation.threshold = 300 (default)
2019-10-02 08:06:12,895 [pool-27-thread-1] INFO  server.RaftServerConfigKeys (ConfUtils.java:logGet(43)) - raft.server.log.appender.install.snapshot.enabled = false (custom)
2019-10-02 08:06:12,895 [pool-47-thread-1] INFO  impl.RaftServerImpl (RaftServerImpl.java:<init>(95)) - a264a072-92f0-4dc2-99fe-a3f051c5730a: new RaftServerImpl for group-8DEC4A9D8669:[a264a072-92f0-4dc2-99fe-a3f051c5730a:192.168.151.92:38422, 6c71132d-f7e4-4b14-8e85-142ea7240f76:192.168.151.92:42779, 49f66f9f-31d7-4b02-b438-ea1444250cb1:192.168.151.92:39309] with ContainerStateMachine:uninitialized
2019-10-02 08:06:12,895 [pool-27-thread-1] INFO  impl.RaftServerImpl (ServerState.java:<init>(103)) - 6c71132d-f7e4-4b14-8e85-142ea7240f76@group-8DEC4A9D8669: ConfigurationManager, init=-1: [a264a072-92f0-4dc2-99fe-a3f051c5730a:192.168.151.92:38422, 6c71132d-f7e4-4b14-8e85-142ea7240f76:192.168.151.92:42779, 49f66f9f-31d7-4b02-b438-ea1444250cb1:192.168.151.92:39309], old=null, confs=<EMPTY_MAP>
2019-10-02 08:06:12,895 [pool-47-thread-1] INFO  server.RaftServerConfigKeys (ConfUtils.java:logGet(43)) - raft.server.rpc.timeout.min = 5s (custom)
2019-10-02 08:06:12,895 [pool-27-thread-1] INFO  server.RaftServerConfigKeys (ConfUtils.java:logGet(43)) - raft.server.storage.dir = [/workdir/hadoop-ozone/integration-test/target/test-dir/MiniOzoneClusterImpl-a80d392e-7f7b-4221-8c82-ca41e3af8537/datanode-0/data/ratis] (custom)
2019-10-02 08:06:12,895 [pool-47-thread-1] INFO  server.RaftServerConfigKeys (ConfUtils.java:logGet(43)) - raft.server.rpc.timeout.max = 5200ms (custom)
2019-10-02 08:06:12,896 [pool-37-thread-1] INFO  impl.RaftServerImpl (RaftServerImpl.java:<init>(95)) - 49f66f9f-31d7-4b02-b438-ea1444250cb1: new RaftServerImpl for group-8DEC4A9D8669:[a264a072-92f0-4dc2-99fe-a3f051c5730a:192.168.151.92:38422, 6c71132d-f7e4-4b14-8e85-142ea7240f76:192.168.151.92:42779, 49f66f9f-31d7-4b02-b438-ea1444250cb1:192.168.151.92:39309] with ContainerStateMachine:uninitialized
2019-10-02 08:06:12,896 [pool-27-thread-1] INFO  server.RaftServerConfigKeys (ConfUtils.java:logGet(43)) - raft.server.log.corruption.policy = EXCEPTION (default)
2019-10-02 08:06:12,896 [pool-47-thread-1] INFO  server.RaftServerConfigKeys (ConfUtils.java:logGet(43)) - raft.server.rpcslowness.timeout = 120s (custom)
2019-10-02 08:06:12,896 [pool-37-thread-1] INFO  server.RaftServerConfigKeys (ConfUtils.java:logGet(43)) - raft.server.rpc.timeout.min = 5s (custom)
2019-10-02 08:06:12,896 [pool-47-thread-1] INFO  server.RaftServerConfigKeys (ConfUtils.java:logGet(43)) - raft.server.sleep.deviation.threshold = 300 (default)
2019-10-02 08:06:12,896 [pool-27-thread-1] INFO  storage.RaftStorageDirectory (RaftStorageDirectory.java:analyzeStorage(246)) - The storage directory /workdir/hadoop-ozone/integration-test/target/test-dir/MiniOzoneClusterImpl-a80d392e-7f7b-4221-8c82-ca41e3af8537/datanode-0/data/ratis/d6ac5322-65e7-4f17-b5b1-8dec4a9d8669 does not exist. Creating ...
2019-10-02 08:06:12,896 [pool-47-thread-1] INFO  server.RaftServerConfigKeys (ConfUtils.java:logGet(43)) - raft.server.log.appender.install.snapshot.enabled = false (custom)
2019-10-02 08:06:12,896 [pool-37-thread-1] INFO  server.RaftServerConfigKeys (ConfUtils.java:logGet(43)) - raft.server.rpc.timeout.max = 5200ms (custom)
2019-10-02 08:06:12,896 [pool-47-thread-1] INFO  impl.RaftServerImpl (ServerState.java:<init>(103)) - a264a072-92f0-4dc2-99fe-a3f051c5730a@group-8DEC4A9D8669: ConfigurationManager, init=-1: [a264a072-92f0-4dc2-99fe-a3f051c5730a:192.168.151.92:38422, 6c71132d-f7e4-4b14-8e85-142ea7240f76:192.168.151.92:42779, 49f66f9f-31d7-4b02-b438-ea1444250cb1:192.168.151.92:39309], old=null, confs=<EMPTY_MAP>
2019-10-02 08:06:12,896 [pool-37-thread-1] INFO  server.RaftServerConfigKeys (ConfUtils.java:logGet(43)) - raft.server.rpcslowness.timeout = 120s (custom)
2019-10-02 08:06:12,897 [pool-47-thread-1] INFO  server.RaftServerConfigKeys (ConfUtils.java:logGet(43)) - raft.server.storage.dir = [/workdir/hadoop-ozone/integration-test/target/test-dir/MiniOzoneClusterImpl-a80d392e-7f7b-4221-8c82-ca41e3af8537/datanode-2/data/ratis] (custom)
2019-10-02 08:06:12,897 [pool-37-thread-1] INFO  server.RaftServerConfigKeys (ConfUtils.java:logGet(43)) - raft.server.sleep.deviation.threshold = 300 (default)
2019-10-02 08:06:12,897 [pool-37-thread-1] INFO  server.RaftServerConfigKeys (ConfUtils.java:logGet(43)) - raft.server.log.appender.install.snapshot.enabled = false (custom)
2019-10-02 08:06:12,897 [pool-47-thread-1] INFO  server.RaftServerConfigKeys (ConfUtils.java:logGet(43)) - raft.server.log.corruption.policy = EXCEPTION (default)
2019-10-02 08:06:12,897 [pool-37-thread-1] INFO  impl.RaftServerImpl (ServerState.java:<init>(103)) - 49f66f9f-31d7-4b02-b438-ea1444250cb1@group-8DEC4A9D8669: ConfigurationManager, init=-1: [a264a072-92f0-4dc2-99fe-a3f051c5730a:192.168.151.92:38422, 6c71132d-f7e4-4b14-8e85-142ea7240f76:192.168.151.92:42779, 49f66f9f-31d7-4b02-b438-ea1444250cb1:192.168.151.92:39309], old=null, confs=<EMPTY_MAP>
2019-10-02 08:06:12,897 [pool-47-thread-1] INFO  storage.RaftStorageDirectory (RaftStorageDirectory.java:analyzeStorage(246)) - The storage directory /workdir/hadoop-ozone/integration-test/target/test-dir/MiniOzoneClusterImpl-a80d392e-7f7b-4221-8c82-ca41e3af8537/datanode-2/data/ratis/d6ac5322-65e7-4f17-b5b1-8dec4a9d8669 does not exist. Creating ...
2019-10-02 08:06:12,897 [pool-37-thread-1] INFO  server.RaftServerConfigKeys (ConfUtils.java:logGet(43)) - raft.server.storage.dir = [/workdir/hadoop-ozone/integration-test/target/test-dir/MiniOzoneClusterImpl-a80d392e-7f7b-4221-8c82-ca41e3af8537/datanode-1/data/ratis] (custom)
2019-10-02 08:06:12,898 [pool-37-thread-1] INFO  server.RaftServerConfigKeys (ConfUtils.java:logGet(43)) - raft.server.log.corruption.policy = EXCEPTION (default)
2019-10-02 08:06:12,898 [pool-37-thread-1] INFO  storage.RaftStorageDirectory (RaftStorageDirectory.java:analyzeStorage(246)) - The storage directory /workdir/hadoop-ozone/integration-test/target/test-dir/MiniOzoneClusterImpl-a80d392e-7f7b-4221-8c82-ca41e3af8537/datanode-1/data/ratis/d6ac5322-65e7-4f17-b5b1-8dec4a9d8669 does not exist. Creating ...
2019-10-02 08:06:12,929 [pool-47-thread-1] INFO  storage.RaftStorageDirectory (RaftStorageDirectory.java:tryLock(328)) - Lock on /workdir/hadoop-ozone/integration-test/target/test-dir/MiniOzoneClusterImpl-a80d392e-7f7b-4221-8c82-ca41e3af8537/datanode-2/data/ratis/d6ac5322-65e7-4f17-b5b1-8dec4a9d8669/in_use.lock acquired by nodename 28887@pr-trunk-gg4kw-413187789
2019-10-02 08:06:12,929 [pool-27-thread-1] INFO  storage.RaftStorageDirectory (RaftStorageDirectory.java:tryLock(328)) - Lock on /workdir/hadoop-ozone/integration-test/target/test-dir/MiniOzoneClusterImpl-a80d392e-7f7b-4221-8c82-ca41e3af8537/datanode-0/data/ratis/d6ac5322-65e7-4f17-b5b1-8dec4a9d8669/in_use.lock acquired by nodename 28887@pr-trunk-gg4kw-413187789
2019-10-02 08:06:12,929 [pool-37-thread-1] INFO  storage.RaftStorageDirectory (RaftStorageDirectory.java:tryLock(328)) - Lock on /workdir/hadoop-ozone/integration-test/target/test-dir/MiniOzoneClusterImpl-a80d392e-7f7b-4221-8c82-ca41e3af8537/datanode-1/data/ratis/d6ac5322-65e7-4f17-b5b1-8dec4a9d8669/in_use.lock acquired by nodename 28887@pr-trunk-gg4kw-413187789
2019-10-02 08:06:12,955 [pool-47-thread-1] INFO  storage.RaftStorage (RaftStorage.java:format(84)) - Storage directory /workdir/hadoop-ozone/integration-test/target/test-dir/MiniOzoneClusterImpl-a80d392e-7f7b-4221-8c82-ca41e3af8537/datanode-2/data/ratis/d6ac5322-65e7-4f17-b5b1-8dec4a9d8669 has been successfully formatted.
2019-10-02 08:06:12,955 [pool-37-thread-1] INFO  storage.RaftStorage (RaftStorage.java:format(84)) - Storage directory /workdir/hadoop-ozone/integration-test/target/test-dir/MiniOzoneClusterImpl-a80d392e-7f7b-4221-8c82-ca41e3af8537/datanode-1/data/ratis/d6ac5322-65e7-4f17-b5b1-8dec4a9d8669 has been successfully formatted.
2019-10-02 08:06:12,955 [pool-27-thread-1] INFO  storage.RaftStorage (RaftStorage.java:format(84)) - Storage directory /workdir/hadoop-ozone/integration-test/target/test-dir/MiniOzoneClusterImpl-a80d392e-7f7b-4221-8c82-ca41e3af8537/datanode-0/data/ratis/d6ac5322-65e7-4f17-b5b1-8dec4a9d8669 has been successfully formatted.
2019-10-02 08:06:12,955 [pool-47-thread-1] INFO  ratis.ContainerStateMachine (ContainerStateMachine.java:loadSnapshot(231)) - group-8DEC4A9D8669: The snapshot info is null. Setting the last applied indexto:(t:0, i:~)
2019-10-02 08:06:12,956 [pool-37-thread-1] INFO  ratis.ContainerStateMachine (ContainerStateMachine.java:loadSnapshot(231)) - group-8DEC4A9D8669: The snapshot info is null. Setting the last applied indexto:(t:0, i:~)
2019-10-02 08:06:12,956 [pool-47-thread-1] INFO  server.RaftServerConfigKeys (ConfUtils.java:logGet(43)) - raft.server.notification.no-leader.timeout = 120s (custom)
2019-10-02 08:06:12,956 [pool-27-thread-1] INFO  ratis.ContainerStateMachine (ContainerStateMachine.java:loadSnapshot(231)) - group-8DEC4A9D8669: The snapshot info is null. Setting the last applied indexto:(t:0, i:~)
2019-10-02 08:06:12,956 [pool-47-thread-1] INFO  server.RaftServerConfigKeys (ConfUtils.java:logGet(43)) - raft.server.log.use.memory = false (default)
2019-10-02 08:06:12,956 [pool-37-thread-1] INFO  server.RaftServerConfigKeys (ConfUtils.java:logGet(43)) - raft.server.notification.no-leader.timeout = 120s (custom)
2019-10-02 08:06:12,956 [pool-47-thread-1] INFO  server.RaftServerConfigKeys (ConfUtils.java:logGet(43)) - raft.server.log.purge.gap = 1000000 (custom)
2019-10-02 08:06:12,956 [pool-27-thread-1] INFO  server.RaftServerConfigKeys (ConfUtils.java:logGet(43)) - raft.server.notification.no-leader.timeout = 120s (custom)
2019-10-02 08:06:12,956 [pool-47-thread-1] INFO  server.RaftServerConfigKeys (ConfUtils.java:logGet(43)) - raft.server.log.appender.buffer.byte-limit = 33554432 (custom)
2019-10-02 08:06:12,956 [pool-37-thread-1] INFO  server.RaftServerConfigKeys (ConfUtils.java:logGet(43)) - raft.server.log.use.memory = false (default)
2019-10-02 08:06:12,957 [pool-47-thread-1] INFO  server.RaftServerConfigKeys (ConfUtils.java:logGet(43)) - raft.server.log.segment.size.max = 1048576 (custom)
2019-10-02 08:06:12,956 [pool-27-thread-1] INFO  server.RaftServerConfigKeys (ConfUtils.java:logGet(43)) - raft.server.log.use.memory = false (default)
2019-10-02 08:06:12,957 [pool-47-thread-1] INFO  server.RaftServerConfigKeys (ConfUtils.java:logGet(43)) - raft.server.log.segment.cache.num.max = 2 (custom)
2019-10-02 08:06:12,957 [pool-37-thread-1] INFO  server.RaftServerConfigKeys (ConfUtils.java:logGet(43)) - raft.server.log.purge.gap = 1000000 (custom)
2019-10-02 08:06:12,957 [pool-47-thread-1] INFO  segmented.SegmentedRaftLogWorker (SegmentedRaftLogWorker.java:<init>(173)) - new a264a072-92f0-4dc2-99fe-a3f051c5730a@group-8DEC4A9D8669-SegmentedRaftLogWorker for RaftStorage:Storage Directory /workdir/hadoop-ozone/integration-test/target/test-dir/MiniOzoneClusterImpl-a80d392e-7f7b-4221-8c82-ca41e3af8537/datanode-2/data/ratis/d6ac5322-65e7-4f17-b5b1-8dec4a9d8669
2019-10-02 08:06:12,957 [pool-27-thread-1] INFO  server.RaftServerConfigKeys (ConfUtils.java:logGet(43)) - raft.server.log.purge.gap = 1000000 (custom)
2019-10-02 08:06:12,957 [pool-47-thread-1] INFO  server.RaftServerConfigKeys (ConfUtils.java:logGet(43)) - raft.server.log.queue.byte-limit = 2147483647 (custom)
2019-10-02 08:06:12,957 [pool-37-thread-1] INFO  server.RaftServerConfigKeys (ConfUtils.java:logGet(43)) - raft.server.log.appender.buffer.byte-limit = 33554432 (custom)
2019-10-02 08:06:12,957 [pool-47-thread-1] INFO  server.RaftServerConfigKeys (ConfUtils.java:logGet(43)) - raft.server.log.queue.element-limit = 1024 (custom)
2019-10-02 08:06:12,957 [pool-27-thread-1] INFO  server.RaftServerConfigKeys (ConfUtils.java:logGet(43)) - raft.server.log.appender.buffer.byte-limit = 33554432 (custom)
2019-10-02 08:06:12,958 [pool-47-thread-1] INFO  server.RaftServerConfigKeys (ConfUtils.java:logGet(43)) - raft.server.log.segment.size.max = 1048576 (custom)
2019-10-02 08:06:12,958 [pool-37-thread-1] INFO  server.RaftServerConfigKeys (ConfUtils.java:logGet(43)) - raft.server.log.segment.size.max = 1048576 (custom)
2019-10-02 08:06:12,958 [pool-47-thread-1] INFO  server.RaftServerConfigKeys (ConfUtils.java:logGet(43)) - raft.server.log.preallocated.size = 16384 (custom)
2019-10-02 08:06:12,958 [pool-27-thread-1] INFO  server.RaftServerConfigKeys (ConfUtils.java:logGet(43)) - raft.server.log.segment.size.max = 1048576 (custom)
2019-10-02 08:06:12,958 [pool-47-thread-1] INFO  server.RaftServerConfigKeys (ConfUtils.java:logGet(43)) - raft.server.log.write.buffer.size = 33554432 (custom)
2019-10-02 08:06:12,958 [pool-37-thread-1] INFO  server.RaftServerConfigKeys (ConfUtils.java:logGet(43)) - raft.server.log.segment.cache.num.max = 2 (custom)
2019-10-02 08:06:12,959 [pool-47-thread-1] INFO  server.RaftServerConfigKeys (ConfUtils.java:logGet(43)) - raft.server.log.force.sync.num = 128 (default)
2019-10-02 08:06:12,958 [pool-27-thread-1] INFO  server.RaftServerConfigKeys (ConfUtils.java:logGet(43)) - raft.server.log.segment.cache.num.max = 2 (custom)
2019-10-02 08:06:12,959 [pool-47-thread-1] INFO  server.RaftServerConfigKeys (ConfUtils.java:logGet(43)) - raft.server.log.statemachine.data.sync = true (default)
2019-10-02 08:06:12,959 [pool-37-thread-1] INFO  segmented.SegmentedRaftLogWorker (SegmentedRaftLogWorker.java:<init>(173)) - new 49f66f9f-31d7-4b02-b438-ea1444250cb1@group-8DEC4A9D8669-SegmentedRaftLogWorker for RaftStorage:Storage Directory /workdir/hadoop-ozone/integration-test/target/test-dir/MiniOzoneClusterImpl-a80d392e-7f7b-4221-8c82-ca41e3af8537/datanode-1/data/ratis/d6ac5322-65e7-4f17-b5b1-8dec4a9d8669
2019-10-02 08:06:12,959 [pool-47-thread-1] INFO  server.RaftServerConfigKeys (ConfUtils.java:logGet(43)) - raft.server.log.statemachine.data.sync.timeout = 10s (default)
2019-10-02 08:06:12,959 [pool-47-thread-1] INFO  server.RaftServerConfigKeys (ConfUtils.java:logGet(43)) - raft.server.log.statemachine.data.sync.timeout.retry = -1 (default)
2019-10-02 08:06:12,959 [pool-27-thread-1] INFO  segmented.SegmentedRaftLogWorker (SegmentedRaftLogWorker.java:<init>(173)) - new 6c71132d-f7e4-4b14-8e85-142ea7240f76@group-8DEC4A9D8669-SegmentedRaftLogWorker for RaftStorage:Storage Directory /workdir/hadoop-ozone/integration-test/target/test-dir/MiniOzoneClusterImpl-a80d392e-7f7b-4221-8c82-ca41e3af8537/datanode-0/data/ratis/d6ac5322-65e7-4f17-b5b1-8dec4a9d8669
2019-10-02 08:06:12,959 [pool-47-thread-1] INFO  server.RaftServerConfigKeys (ConfUtils.java:logGet(43)) - raft.server.log.statemachine.data.caching.enabled = true (custom)
2019-10-02 08:06:12,959 [pool-37-thread-1] INFO  server.RaftServerConfigKeys (ConfUtils.java:logGet(43)) - raft.server.log.queue.byte-limit = 2147483647 (custom)
2019-10-02 08:06:12,960 [pool-27-thread-1] INFO  server.RaftServerConfigKeys (ConfUtils.java:logGet(43)) - raft.server.log.queue.byte-limit = 2147483647 (custom)
2019-10-02 08:06:12,960 [pool-47-thread-1] INFO  segmented.SegmentedRaftLogWorker (SegmentedRaftLogWorker.java:lambda$new$0(128)) - a264a072-92f0-4dc2-99fe-a3f051c5730a@group-8DEC4A9D8669-SegmentedRaftLogWorker: flushIndex: setUnconditionally 0 -> -1
2019-10-02 08:06:12,960 [pool-37-thread-1] INFO  server.RaftServerConfigKeys (ConfUtils.java:logGet(43)) - raft.server.log.queue.element-limit = 1024 (custom)
2019-10-02 08:06:12,960 [pool-27-thread-1] INFO  server.RaftServerConfigKeys (ConfUtils.java:logGet(43)) - raft.server.log.queue.element-limit = 1024 (custom)
2019-10-02 08:06:12,960 [pool-37-thread-1] INFO  server.RaftServerConfigKeys (ConfUtils.java:logGet(43)) - raft.server.log.segment.size.max = 1048576 (custom)
2019-10-02 08:06:12,960 [pool-27-thread-1] INFO  server.RaftServerConfigKeys (ConfUtils.java:logGet(43)) - raft.server.log.segment.size.max = 1048576 (custom)
2019-10-02 08:06:12,960 [pool-47-thread-1] INFO  server.RaftServerConfigKeys (ConfUtils.java:logGet(43)) - raft.server.snapshot.auto.trigger.enabled = true (custom)
2019-10-02 08:06:12,960 [pool-27-thread-1] INFO  server.RaftServerConfigKeys (ConfUtils.java:logGet(43)) - raft.server.log.preallocated.size = 16384 (custom)
2019-10-02 08:06:12,960 [pool-37-thread-1] INFO  server.RaftServerConfigKeys (ConfUtils.java:logGet(43)) - raft.server.log.preallocated.size = 16384 (custom)
2019-10-02 08:06:12,961 [pool-27-thread-1] INFO  server.RaftServerConfigKeys (ConfUtils.java:logGet(43)) - raft.server.log.write.buffer.size = 33554432 (custom)
2019-10-02 08:06:12,961 [pool-47-thread-1] INFO  server.RaftServerConfigKeys (ConfUtils.java:logGet(43)) - raft.server.snapshot.auto.trigger.threshold = 10000 (custom)
2019-10-02 08:06:12,961 [pool-27-thread-1] INFO  server.RaftServerConfigKeys (ConfUtils.java:logGet(43)) - raft.server.log.force.sync.num = 128 (default)
2019-10-02 08:06:12,961 [pool-37-thread-1] INFO  server.RaftServerConfigKeys (ConfUtils.java:logGet(43)) - raft.server.log.write.buffer.size = 33554432 (custom)
2019-10-02 08:06:12,961 [pool-27-thread-1] INFO  server.RaftServerConfigKeys (ConfUtils.java:logGet(43)) - raft.server.log.statemachine.data.sync = true (default)
2019-10-02 08:06:12,961 [pool-47-thread-1] INFO  server.RaftServerConfigKeys (ConfUtils.java:logGet(43)) - raft.server.snapshot.retention.file.num = 5 (custom)
2019-10-02 08:06:12,961 [pool-27-thread-1] INFO  server.RaftServerConfigKeys (ConfUtils.java:logGet(43)) - raft.server.log.statemachine.data.sync.timeout = 10s (default)
2019-10-02 08:06:12,961 [pool-37-thread-1] INFO  server.RaftServerConfigKeys (ConfUtils.java:logGet(43)) - raft.server.log.force.sync.num = 128 (default)
2019-10-02 08:06:12,961 [pool-27-thread-1] INFO  server.RaftServerConfigKeys (ConfUtils.java:logGet(43)) - raft.server.log.statemachine.data.sync.timeout.retry = -1 (default)
2019-10-02 08:06:12,961 [pool-47-thread-1] INFO  server.RaftServerConfigKeys (ConfUtils.java:logGet(43)) - raft.server.retrycache.expirytime = 600000ms (custom)
2019-10-02 08:06:12,962 [pool-27-thread-1] INFO  server.RaftServerConfigKeys (ConfUtils.java:logGet(43)) - raft.server.log.statemachine.data.caching.enabled = true (custom)
2019-10-02 08:06:12,962 [pool-37-thread-1] INFO  server.RaftServerConfigKeys (ConfUtils.java:logGet(43)) - raft.server.log.statemachine.data.sync = true (default)
2019-10-02 08:06:12,962 [pool-27-thread-1] INFO  segmented.SegmentedRaftLogWorker (SegmentedRaftLogWorker.java:lambda$new$0(128)) - 6c71132d-f7e4-4b14-8e85-142ea7240f76@group-8DEC4A9D8669-SegmentedRaftLogWorker: flushIndex: setUnconditionally 0 -> -1
2019-10-02 08:06:12,962 [pool-37-thread-1] INFO  server.RaftServerConfigKeys (ConfUtils.java:logGet(43)) - raft.server.log.statemachine.data.sync.timeout = 10s (default)
2019-10-02 08:06:12,962 [pool-27-thread-1] INFO  server.RaftServerConfigKeys (ConfUtils.java:logGet(43)) - raft.server.snapshot.auto.trigger.enabled = true (custom)
2019-10-02 08:06:12,962 [pool-37-thread-1] INFO  server.RaftServerConfigKeys (ConfUtils.java:logGet(43)) - raft.server.log.statemachine.data.sync.timeout.retry = -1 (default)
2019-10-02 08:06:12,962 [pool-27-thread-1] INFO  server.RaftServerConfigKeys (ConfUtils.java:logGet(43)) - raft.server.snapshot.auto.trigger.threshold = 10000 (custom)
2019-10-02 08:06:12,963 [pool-37-thread-1] INFO  server.RaftServerConfigKeys (ConfUtils.java:logGet(43)) - raft.server.log.statemachine.data.caching.enabled = true (custom)
2019-10-02 08:06:12,963 [pool-27-thread-1] INFO  server.RaftServerConfigKeys (ConfUtils.java:logGet(43)) - raft.server.snapshot.retention.file.num = 5 (custom)
2019-10-02 08:06:12,963 [pool-27-thread-1] INFO  server.RaftServerConfigKeys (ConfUtils.java:logGet(43)) - raft.server.retrycache.expirytime = 600000ms (custom)
2019-10-02 08:06:12,963 [pool-37-thread-1] INFO  segmented.SegmentedRaftLogWorker (SegmentedRaftLogWorker.java:lambda$new$0(128)) - 49f66f9f-31d7-4b02-b438-ea1444250cb1@group-8DEC4A9D8669-SegmentedRaftLogWorker: flushIndex: setUnconditionally 0 -> -1
2019-10-02 08:06:12,963 [pool-37-thread-1] INFO  server.RaftServerConfigKeys (ConfUtils.java:logGet(43)) - raft.server.snapshot.auto.trigger.enabled = true (custom)
2019-10-02 08:06:12,963 [pool-37-thread-1] INFO  server.RaftServerConfigKeys (ConfUtils.java:logGet(43)) - raft.server.snapshot.auto.trigger.threshold = 10000 (custom)
2019-10-02 08:06:12,963 [pool-37-thread-1] INFO  server.RaftServerConfigKeys (ConfUtils.java:logGet(43)) - raft.server.snapshot.retention.file.num = 5 (custom)
2019-10-02 08:06:12,964 [pool-37-thread-1] INFO  server.RaftServerConfigKeys (ConfUtils.java:logGet(43)) - raft.server.retrycache.expirytime = 600000ms (custom)
2019-10-02 08:06:12,964 [pool-47-thread-1] INFO  impl.RaftServerImpl (RaftServerImpl.java:start(181)) - a264a072-92f0-4dc2-99fe-a3f051c5730a@group-8DEC4A9D8669: start as a follower, conf=-1: [a264a072-92f0-4dc2-99fe-a3f051c5730a:192.168.151.92:38422, 6c71132d-f7e4-4b14-8e85-142ea7240f76:192.168.151.92:42779, 49f66f9f-31d7-4b02-b438-ea1444250cb1:192.168.151.92:39309], old=null
2019-10-02 08:06:12,965 [pool-47-thread-1] INFO  impl.RaftServerImpl (RaftServerImpl.java:setRole(170)) - a264a072-92f0-4dc2-99fe-a3f051c5730a@group-8DEC4A9D8669: changes role from      null to FOLLOWER at term 0 for startAsFollower
2019-10-02 08:06:12,965 [pool-47-thread-1] INFO  impl.RoleInfo (RoleInfo.java:updateAndGet(143)) - a264a072-92f0-4dc2-99fe-a3f051c5730a: start FollowerState
2019-10-02 08:06:12,965 [pool-27-thread-1] INFO  impl.RaftServerImpl (RaftServerImpl.java:start(181)) - 6c71132d-f7e4-4b14-8e85-142ea7240f76@group-8DEC4A9D8669: start as a follower, conf=-1: [a264a072-92f0-4dc2-99fe-a3f051c5730a:192.168.151.92:38422, 6c71132d-f7e4-4b14-8e85-142ea7240f76:192.168.151.92:42779, 49f66f9f-31d7-4b02-b438-ea1444250cb1:192.168.151.92:39309], old=null
2019-10-02 08:06:12,965 [pool-47-thread-1] INFO  util.JmxRegister (JmxRegister.java:tryRegister(44)) - Successfully registered JMX Bean with object name Ratis:service=RaftServer,group=group-8DEC4A9D8669,id=a264a072-92f0-4dc2-99fe-a3f051c5730a
2019-10-02 08:06:12,965 [pool-27-thread-1] INFO  impl.RaftServerImpl (RaftServerImpl.java:setRole(170)) - 6c71132d-f7e4-4b14-8e85-142ea7240f76@group-8DEC4A9D8669: changes role from      null to FOLLOWER at term 0 for startAsFollower
2019-10-02 08:06:12,965 [pool-27-thread-1] INFO  impl.RoleInfo (RoleInfo.java:updateAndGet(143)) - 6c71132d-f7e4-4b14-8e85-142ea7240f76: start FollowerState
2019-10-02 08:06:12,966 [pool-27-thread-1] INFO  util.JmxRegister (JmxRegister.java:tryRegister(44)) - Successfully registered JMX Bean with object name Ratis:service=RaftServer,group=group-8DEC4A9D8669,id=6c71132d-f7e4-4b14-8e85-142ea7240f76
2019-10-02 08:06:12,966 [pool-37-thread-1] INFO  impl.RaftServerImpl (RaftServerImpl.java:start(181)) - 49f66f9f-31d7-4b02-b438-ea1444250cb1@group-8DEC4A9D8669: start as a follower, conf=-1: [a264a072-92f0-4dc2-99fe-a3f051c5730a:192.168.151.92:38422, 6c71132d-f7e4-4b14-8e85-142ea7240f76:192.168.151.92:42779, 49f66f9f-31d7-4b02-b438-ea1444250cb1:192.168.151.92:39309], old=null
2019-10-02 08:06:12,966 [pool-37-thread-1] INFO  impl.RaftServerImpl (RaftServerImpl.java:setRole(170)) - 49f66f9f-31d7-4b02-b438-ea1444250cb1@group-8DEC4A9D8669: changes role from      null to FOLLOWER at term 0 for startAsFollower
2019-10-02 08:06:12,966 [pool-37-thread-1] INFO  impl.RoleInfo (RoleInfo.java:updateAndGet(143)) - 49f66f9f-31d7-4b02-b438-ea1444250cb1: start FollowerState
2019-10-02 08:06:12,966 [pool-37-thread-1] INFO  util.JmxRegister (JmxRegister.java:tryRegister(44)) - Successfully registered JMX Bean with object name Ratis:service=RaftServer,group=group-8DEC4A9D8669,id=49f66f9f-31d7-4b02-b438-ea1444250cb1
2019-10-02 08:06:12,971 [RatisPipelineUtilsThread] INFO  pipeline.PipelineStateManager (PipelineStateManager.java:addPipeline(56)) - Created pipeline Pipeline[ Id: d6ac5322-65e7-4f17-b5b1-8dec4a9d8669, Nodes: 49f66f9f-31d7-4b02-b438-ea1444250cb1{ip: 192.168.151.92, host: pr-trunk-gg4kw-413187789, networkLocation: /default-rack, certSerialId: null}6c71132d-f7e4-4b14-8e85-142ea7240f76{ip: 192.168.151.92, host: pr-trunk-gg4kw-413187789, networkLocation: /default-rack, certSerialId: null}a264a072-92f0-4dc2-99fe-a3f051c5730a{ip: 192.168.151.92, host: pr-trunk-gg4kw-413187789, networkLocation: /default-rack, certSerialId: null}, Type:RATIS, Factor:THREE, State:OPEN]
2019-10-02 08:06:13,836 [java.util.concurrent.ThreadPoolExecutor$Worker@4aa427c7[State = -1, empty queue]] ERROR client.GrpcClientProtocolClient (GrpcClientProtocolClient.java:close(148)) - Unexpected exception while waiting for channel termination
java.lang.InterruptedException
	at java.util.concurrent.locks.AbstractQueuedSynchronizer.tryAcquireSharedNanos(AbstractQueuedSynchronizer.java:1326)
	at java.util.concurrent.CountDownLatch.await(CountDownLatch.java:277)
	at org.apache.ratis.thirdparty.io.grpc.internal.ManagedChannelImpl.awaitTermination(ManagedChannelImpl.java:763)
	at org.apache.ratis.thirdparty.io.grpc.internal.ForwardingManagedChannel.awaitTermination(ForwardingManagedChannel.java:57)
	at org.apache.ratis.thirdparty.io.grpc.internal.ManagedChannelOrphanWrapper.awaitTermination(ManagedChannelOrphanWrapper.java:70)
	at org.apache.ratis.grpc.client.GrpcClientProtocolClient.close(GrpcClientProtocolClient.java:146)
	at org.apache.ratis.util.PeerProxyMap$PeerAndProxy.lambda$close$1(PeerProxyMap.java:74)
	at org.apache.ratis.util.LifeCycle.lambda$checkStateAndClose$2(LifeCycle.java:231)
	at org.apache.ratis.util.LifeCycle.checkStateAndClose(LifeCycle.java:251)
	at org.apache.ratis.util.LifeCycle.checkStateAndClose(LifeCycle.java:229)
	at org.apache.ratis.util.PeerProxyMap$PeerAndProxy.close(PeerProxyMap.java:70)
	at org.apache.ratis.util.PeerProxyMap.resetProxy(PeerProxyMap.java:127)
	at org.apache.ratis.util.PeerProxyMap.handleException(PeerProxyMap.java:136)
	at org.apache.ratis.client.impl.RaftClientRpcWithProxy.handleException(RaftClientRpcWithProxy.java:47)
	at org.apache.ratis.client.impl.RaftClientImpl.handleIOException(RaftClientImpl.java:372)
	at org.apache.ratis.client.impl.OrderedAsync.lambda$sendRequest$10(OrderedAsync.java:236)
	at java.util.concurrent.CompletableFuture.uniExceptionally(CompletableFuture.java:870)
	at java.util.concurrent.CompletableFuture$UniExceptionally.tryFire(CompletableFuture.java:852)
	at java.util.concurrent.CompletableFuture.postComplete(CompletableFuture.java:474)
	at java.util.concurrent.CompletableFuture.completeExceptionally(CompletableFuture.java:1977)
	at org.apache.ratis.grpc.client.GrpcClientProtocolClient$AsyncStreamObservers.lambda$timeoutCheck$3(GrpcClientProtocolClient.java:324)
	at java.util.Optional.ifPresent(Optional.java:159)
	at org.apache.ratis.grpc.client.GrpcClientProtocolClient$AsyncStreamObservers.handleReplyFuture(GrpcClientProtocolClient.java:329)
	at org.apache.ratis.grpc.client.GrpcClientProtocolClient$AsyncStreamObservers.timeoutCheck(GrpcClientProtocolClient.java:324)
	at org.apache.ratis.grpc.client.GrpcClientProtocolClient$AsyncStreamObservers.lambda$onNext$1(GrpcClientProtocolClient.java:318)
	at org.apache.ratis.util.TimeoutScheduler.lambda$onTimeout$0(TimeoutScheduler.java:113)
	at org.apache.ratis.util.TimeoutScheduler.lambda$onTimeout$1(TimeoutScheduler.java:133)
	at org.apache.ratis.util.LogUtils.runAndLog(LogUtils.java:50)
	at org.apache.ratis.util.LogUtils$1.run(LogUtils.java:91)
	at java.util.concurrent.Executors$RunnableAdapter.call(Executors.java:511)
	at java.util.concurrent.FutureTask.run(FutureTask.java:266)
	at java.util.concurrent.ScheduledThreadPoolExecutor$ScheduledFutureTask.access$201(ScheduledThreadPoolExecutor.java:180)
	at java.util.concurrent.ScheduledThreadPoolExecutor$ScheduledFutureTask.run(ScheduledThreadPoolExecutor.java:293)
	at java.util.concurrent.ThreadPoolExecutor.runWorker(ThreadPoolExecutor.java:1149)
	at java.util.concurrent.ThreadPoolExecutor$Worker.run(ThreadPoolExecutor.java:624)
	at java.lang.Thread.run(Thread.java:748)
2019-10-02 08:06:13,839 [java.util.concurrent.ThreadPoolExecutor$Worker@4aa427c7[State = -1, empty queue]] WARN  util.TimeoutScheduler (LogUtils.java:runAndLog(55)) - Failed to task #0: java.lang.NullPointerException
2019-10-02 08:06:17,886 [java.util.concurrent.ThreadPoolExecutor$Worker@643613bf[State = -1, empty queue]] ERROR client.GrpcClientProtocolClient (GrpcClientProtocolClient.java:close(148)) - Unexpected exception while waiting for channel termination
java.lang.InterruptedException
	at java.util.concurrent.locks.AbstractQueuedSynchronizer.tryAcquireSharedNanos(AbstractQueuedSynchronizer.java:1326)
	at java.util.concurrent.CountDownLatch.await(CountDownLatch.java:277)
	at org.apache.ratis.thirdparty.io.grpc.internal.ManagedChannelImpl.awaitTermination(ManagedChannelImpl.java:763)
	at org.apache.ratis.thirdparty.io.grpc.internal.ForwardingManagedChannel.awaitTermination(ForwardingManagedChannel.java:57)
	at org.apache.ratis.thirdparty.io.grpc.internal.ManagedChannelOrphanWrapper.awaitTermination(ManagedChannelOrphanWrapper.java:70)
	at org.apache.ratis.grpc.client.GrpcClientProtocolClient.close(GrpcClientProtocolClient.java:146)
	at org.apache.ratis.util.PeerProxyMap$PeerAndProxy.lambda$close$1(PeerProxyMap.java:74)
	at org.apache.ratis.util.LifeCycle.lambda$checkStateAndClose$2(LifeCycle.java:231)
	at org.apache.ratis.util.LifeCycle.checkStateAndClose(LifeCycle.java:251)
	at org.apache.ratis.util.LifeCycle.checkStateAndClose(LifeCycle.java:229)
	at org.apache.ratis.util.PeerProxyMap$PeerAndProxy.close(PeerProxyMap.java:70)
	at org.apache.ratis.util.PeerProxyMap.resetProxy(PeerProxyMap.java:127)
	at org.apache.ratis.util.PeerProxyMap.handleException(PeerProxyMap.java:136)
	at org.apache.ratis.client.impl.RaftClientRpcWithProxy.handleException(RaftClientRpcWithProxy.java:47)
	at org.apache.ratis.client.impl.RaftClientImpl.handleIOException(RaftClientImpl.java:372)
	at org.apache.ratis.client.impl.OrderedAsync.lambda$sendRequest$10(OrderedAsync.java:236)
	at java.util.concurrent.CompletableFuture.uniExceptionally(CompletableFuture.java:870)
	at java.util.concurrent.CompletableFuture$UniExceptionally.tryFire(CompletableFuture.java:852)
	at java.util.concurrent.CompletableFuture.postComplete(CompletableFuture.java:474)
	at java.util.concurrent.CompletableFuture.completeExceptionally(CompletableFuture.java:1977)
	at org.apache.ratis.grpc.client.GrpcClientProtocolClient$AsyncStreamObservers.lambda$timeoutCheck$3(GrpcClientProtocolClient.java:324)
	at java.util.Optional.ifPresent(Optional.java:159)
	at org.apache.ratis.grpc.client.GrpcClientProtocolClient$AsyncStreamObservers.handleReplyFuture(GrpcClientProtocolClient.java:329)
	at org.apache.ratis.grpc.client.GrpcClientProtocolClient$AsyncStreamObservers.timeoutCheck(GrpcClientProtocolClient.java:324)
	at org.apache.ratis.grpc.client.GrpcClientProtocolClient$AsyncStreamObservers.lambda$onNext$1(GrpcClientProtocolClient.java:318)
	at org.apache.ratis.util.TimeoutScheduler.lambda$onTimeout$0(TimeoutScheduler.java:113)
	at org.apache.ratis.util.TimeoutScheduler.lambda$onTimeout$1(TimeoutScheduler.java:133)
	at org.apache.ratis.util.LogUtils.runAndLog(LogUtils.java:50)
	at org.apache.ratis.util.LogUtils$1.run(LogUtils.java:91)
	at java.util.concurrent.Executors$RunnableAdapter.call(Executors.java:511)
	at java.util.concurrent.FutureTask.run(FutureTask.java:266)
	at java.util.concurrent.ScheduledThreadPoolExecutor$ScheduledFutureTask.access$201(ScheduledThreadPoolExecutor.java:180)
	at java.util.concurrent.ScheduledThreadPoolExecutor$ScheduledFutureTask.run(ScheduledThreadPoolExecutor.java:293)
	at java.util.concurrent.ThreadPoolExecutor.runWorker(ThreadPoolExecutor.java:1149)
	at java.util.concurrent.ThreadPoolExecutor$Worker.run(ThreadPoolExecutor.java:624)
	at java.lang.Thread.run(Thread.java:748)
2019-10-02 08:06:17,890 [java.util.concurrent.ThreadPoolExecutor$Worker@643613bf[State = -1, empty queue]] WARN  util.TimeoutScheduler (LogUtils.java:runAndLog(55)) - Failed to task #0: java.lang.NullPointerException
2019-10-02 08:06:17,980 [Thread-676] INFO  impl.FollowerState (FollowerState.java:run(108)) - 49f66f9f-31d7-4b02-b438-ea1444250cb1@group-8DEC4A9D8669-FollowerState: change to CANDIDATE, lastRpcTime:5013ms, electionTimeout:5013ms
2019-10-02 08:06:17,980 [Thread-676] INFO  impl.RoleInfo (RoleInfo.java:shutdownFollowerState(121)) - 49f66f9f-31d7-4b02-b438-ea1444250cb1: shutdown FollowerState
2019-10-02 08:06:17,981 [Thread-676] INFO  impl.RaftServerImpl (RaftServerImpl.java:setRole(170)) - 49f66f9f-31d7-4b02-b438-ea1444250cb1@group-8DEC4A9D8669: changes role from  FOLLOWER to CANDIDATE at term 0 for changeToCandidate
2019-10-02 08:06:17,981 [Thread-676] INFO  impl.RoleInfo (RoleInfo.java:updateAndGet(143)) - 49f66f9f-31d7-4b02-b438-ea1444250cb1: start LeaderElection
2019-10-02 08:06:18,003 [49f66f9f-31d7-4b02-b438-ea1444250cb1@group-8DEC4A9D8669-LeaderElection16] INFO  impl.LeaderElection (LeaderElection.java:askForVotes(178)) - 49f66f9f-31d7-4b02-b438-ea1444250cb1@group-8DEC4A9D8669-LeaderElection16: begin an election at term 1 for -1: [a264a072-92f0-4dc2-99fe-a3f051c5730a:192.168.151.92:38422, 6c71132d-f7e4-4b14-8e85-142ea7240f76:192.168.151.92:42779, 49f66f9f-31d7-4b02-b438-ea1444250cb1:192.168.151.92:39309], old=null
2019-10-02 08:06:18,012 [grpc-default-executor-0] INFO  impl.RaftServerImpl (RaftServerImpl.java:setRole(170)) - 6c71132d-f7e4-4b14-8e85-142ea7240f76@group-8DEC4A9D8669: changes role from  FOLLOWER to FOLLOWER at term 1 for recognizeCandidate:49f66f9f-31d7-4b02-b438-ea1444250cb1
2019-10-02 08:06:18,012 [grpc-default-executor-1] INFO  impl.RaftServerImpl (RaftServerImpl.java:setRole(170)) - a264a072-92f0-4dc2-99fe-a3f051c5730a@group-8DEC4A9D8669: changes role from  FOLLOWER to FOLLOWER at term 1 for recognizeCandidate:49f66f9f-31d7-4b02-b438-ea1444250cb1
2019-10-02 08:06:18,013 [grpc-default-executor-0] INFO  impl.RoleInfo (RoleInfo.java:shutdownFollowerState(121)) - 6c71132d-f7e4-4b14-8e85-142ea7240f76: shutdown FollowerState
2019-10-02 08:06:18,013 [grpc-default-executor-1] INFO  impl.RoleInfo (RoleInfo.java:shutdownFollowerState(121)) - a264a072-92f0-4dc2-99fe-a3f051c5730a: shutdown FollowerState
2019-10-02 08:06:18,013 [grpc-default-executor-0] INFO  impl.RoleInfo (RoleInfo.java:updateAndGet(143)) - 6c71132d-f7e4-4b14-8e85-142ea7240f76: start FollowerState
2019-10-02 08:06:18,013 [grpc-default-executor-1] INFO  impl.RoleInfo (RoleInfo.java:updateAndGet(143)) - a264a072-92f0-4dc2-99fe-a3f051c5730a: start FollowerState
2019-10-02 08:06:18,013 [Thread-675] INFO  impl.FollowerState (FollowerState.java:run(117)) - 6c71132d-f7e4-4b14-8e85-142ea7240f76@group-8DEC4A9D8669-FollowerState was interrupted: java.lang.InterruptedException: sleep interrupted
2019-10-02 08:06:18,013 [Thread-674] INFO  impl.FollowerState (FollowerState.java:run(117)) - a264a072-92f0-4dc2-99fe-a3f051c5730a@group-8DEC4A9D8669-FollowerState was interrupted: java.lang.InterruptedException: sleep interrupted
2019-10-02 08:06:18,022 [49f66f9f-31d7-4b02-b438-ea1444250cb1@group-8DEC4A9D8669-LeaderElection16] INFO  impl.LeaderElection (LeaderElection.java:logAndReturn(56)) - 49f66f9f-31d7-4b02-b438-ea1444250cb1@group-8DEC4A9D8669-LeaderElection16: Election PASSED; received 1 response(s) [49f66f9f-31d7-4b02-b438-ea1444250cb1<-a264a072-92f0-4dc2-99fe-a3f051c5730a#0:OK-t1] and 0 exception(s); 49f66f9f-31d7-4b02-b438-ea1444250cb1@group-8DEC4A9D8669:t1, leader=null, voted=49f66f9f-31d7-4b02-b438-ea1444250cb1, raftlog=49f66f9f-31d7-4b02-b438-ea1444250cb1@group-8DEC4A9D8669-SegmentedRaftLog:OPENED:c-1,f-1,i0, conf=-1: [a264a072-92f0-4dc2-99fe-a3f051c5730a:192.168.151.92:38422, 6c71132d-f7e4-4b14-8e85-142ea7240f76:192.168.151.92:42779, 49f66f9f-31d7-4b02-b438-ea1444250cb1:192.168.151.92:39309], old=null
2019-10-02 08:06:18,022 [49f66f9f-31d7-4b02-b438-ea1444250cb1@group-8DEC4A9D8669-LeaderElection16] INFO  impl.RoleInfo (RoleInfo.java:shutdownLeaderElection(134)) - 49f66f9f-31d7-4b02-b438-ea1444250cb1: shutdown LeaderElection
2019-10-02 08:06:18,022 [49f66f9f-31d7-4b02-b438-ea1444250cb1@group-8DEC4A9D8669-LeaderElection16] INFO  impl.RaftServerImpl (RaftServerImpl.java:setRole(170)) - 49f66f9f-31d7-4b02-b438-ea1444250cb1@group-8DEC4A9D8669: changes role from CANDIDATE to LEADER at term 1 for changeToLeader
2019-10-02 08:06:18,023 [49f66f9f-31d7-4b02-b438-ea1444250cb1@group-8DEC4A9D8669-LeaderElection16] INFO  impl.RaftServerImpl (ServerState.java:setLeader(255)) - 49f66f9f-31d7-4b02-b438-ea1444250cb1@group-8DEC4A9D8669: change Leader from null to 49f66f9f-31d7-4b02-b438-ea1444250cb1 at term 1 for becomeLeader, leader elected after 5066ms
2019-10-02 08:06:18,023 [49f66f9f-31d7-4b02-b438-ea1444250cb1@group-8DEC4A9D8669-LeaderElection16] INFO  server.RaftServerConfigKeys (ConfUtils.java:logGet(43)) - raft.server.staging.catchup.gap = 1000 (default)
2019-10-02 08:06:18,023 [49f66f9f-31d7-4b02-b438-ea1444250cb1@group-8DEC4A9D8669-LeaderElection16] INFO  server.RaftServerConfigKeys (ConfUtils.java:logGet(43)) - raft.server.rpc.sleep.time = 25ms (default)
2019-10-02 08:06:18,023 [49f66f9f-31d7-4b02-b438-ea1444250cb1@group-8DEC4A9D8669-LeaderElection16] INFO  server.RaftServerConfigKeys (ConfUtils.java:logGet(43)) - raft.server.write.element-limit = 4096 (default)
2019-10-02 08:06:18,024 [49f66f9f-31d7-4b02-b438-ea1444250cb1@group-8DEC4A9D8669-LeaderElection16] INFO  server.RaftServerConfigKeys (ConfUtils.java:logGet(43)) - raft.server.watch.timeout = 10s (default)
2019-10-02 08:06:18,024 [49f66f9f-31d7-4b02-b438-ea1444250cb1@group-8DEC4A9D8669-LeaderElection16] INFO  server.RaftServerConfigKeys (ConfUtils.java:logGet(43)) - raft.server.watch.timeout.denomination = 1s (default)
2019-10-02 08:06:18,024 [49f66f9f-31d7-4b02-b438-ea1444250cb1@group-8DEC4A9D8669-LeaderElection16] INFO  server.RaftServerConfigKeys (ConfUtils.java:logGet(43)) - raft.server.watch.element-limit = 65536 (default)
2019-10-02 08:06:18,029 [49f66f9f-31d7-4b02-b438-ea1444250cb1@group-8DEC4A9D8669-LeaderElection16] INFO  server.RaftServerConfigKeys (ConfUtils.java:logGet(43)) - raft.server.log.appender.snapshot.chunk.size.max = 16MB (=16777216) (default)
2019-10-02 08:06:18,030 [49f66f9f-31d7-4b02-b438-ea1444250cb1@group-8DEC4A9D8669-LeaderElection16] INFO  server.RaftServerConfigKeys (ConfUtils.java:logGet(43)) - raft.server.log.appender.buffer.byte-limit = 33554432 (custom)
2019-10-02 08:06:18,030 [49f66f9f-31d7-4b02-b438-ea1444250cb1@group-8DEC4A9D8669-LeaderElection16] INFO  server.RaftServerConfigKeys (ConfUtils.java:logGet(43)) - raft.server.log.appender.buffer.element-limit = 1 (custom)
2019-10-02 08:06:18,030 [49f66f9f-31d7-4b02-b438-ea1444250cb1@group-8DEC4A9D8669-LeaderElection16] INFO  grpc.GrpcConfigKeys$Server (ConfUtils.java:logGet(43)) - raft.grpc.server.leader.outstanding.appends.max = 128 (default)
2019-10-02 08:06:18,031 [49f66f9f-31d7-4b02-b438-ea1444250cb1@group-8DEC4A9D8669-LeaderElection16] INFO  server.RaftServerConfigKeys (ConfUtils.java:logGet(43)) - raft.server.rpc.request.timeout = 3000ms (default)
2019-10-02 08:06:18,031 [49f66f9f-31d7-4b02-b438-ea1444250cb1@group-8DEC4A9D8669-LeaderElection16] INFO  server.RaftServerConfigKeys (ConfUtils.java:logGet(43)) - raft.server.log.appender.install.snapshot.enabled = false (custom)
2019-10-02 08:06:18,031 [49f66f9f-31d7-4b02-b438-ea1444250cb1@group-8DEC4A9D8669-LeaderElection16] INFO  server.RaftServerConfigKeys (ConfUtils.java:logGet(43)) - raft.server.log.appender.snapshot.chunk.size.max = 16MB (=16777216) (default)
2019-10-02 08:06:18,032 [49f66f9f-31d7-4b02-b438-ea1444250cb1@group-8DEC4A9D8669-LeaderElection16] INFO  server.RaftServerConfigKeys (ConfUtils.java:logGet(43)) - raft.server.log.appender.buffer.byte-limit = 33554432 (custom)
2019-10-02 08:06:18,032 [49f66f9f-31d7-4b02-b438-ea1444250cb1@group-8DEC4A9D8669-LeaderElection16] INFO  server.RaftServerConfigKeys (ConfUtils.java:logGet(43)) - raft.server.log.appender.buffer.element-limit = 1 (custom)
2019-10-02 08:06:18,032 [49f66f9f-31d7-4b02-b438-ea1444250cb1@group-8DEC4A9D8669-LeaderElection16] INFO  grpc.GrpcConfigKeys$Server (ConfUtils.java:logGet(43)) - raft.grpc.server.leader.outstanding.appends.max = 128 (default)
2019-10-02 08:06:18,032 [49f66f9f-31d7-4b02-b438-ea1444250cb1@group-8DEC4A9D8669-LeaderElection16] INFO  server.RaftServerConfigKeys (ConfUtils.java:logGet(43)) - raft.server.rpc.request.timeout = 3000ms (default)
2019-10-02 08:06:18,033 [49f66f9f-31d7-4b02-b438-ea1444250cb1@group-8DEC4A9D8669-LeaderElection16] INFO  server.RaftServerConfigKeys (ConfUtils.java:logGet(43)) - raft.server.log.appender.install.snapshot.enabled = false (custom)
2019-10-02 08:06:18,033 [49f66f9f-31d7-4b02-b438-ea1444250cb1@group-8DEC4A9D8669-LeaderElection16] INFO  impl.RoleInfo (RoleInfo.java:updateAndGet(143)) - 49f66f9f-31d7-4b02-b438-ea1444250cb1: start LeaderState
2019-10-02 08:06:18,034 [49f66f9f-31d7-4b02-b438-ea1444250cb1@group-8DEC4A9D8669-LeaderElection16] INFO  segmented.SegmentedRaftLogWorker (SegmentedRaftLogWorker.java:startLogSegment(385)) - 49f66f9f-31d7-4b02-b438-ea1444250cb1@group-8DEC4A9D8669-SegmentedRaftLogWorker: Starting segment from index:0
2019-10-02 08:06:18,035 [49f66f9f-31d7-4b02-b438-ea1444250cb1@group-8DEC4A9D8669-LeaderElection16] INFO  impl.RaftServerImpl (ServerState.java:setRaftConf(356)) - 49f66f9f-31d7-4b02-b438-ea1444250cb1@group-8DEC4A9D8669: set configuration 0: [a264a072-92f0-4dc2-99fe-a3f051c5730a:192.168.151.92:38422, 6c71132d-f7e4-4b14-8e85-142ea7240f76:192.168.151.92:42779, 49f66f9f-31d7-4b02-b438-ea1444250cb1:192.168.151.92:39309], old=null at 0
2019-10-02 08:06:18,068 [grpc-default-executor-1] INFO  impl.RaftServerImpl (ServerState.java:setLeader(255)) - 6c71132d-f7e4-4b14-8e85-142ea7240f76@group-8DEC4A9D8669: change Leader from null to 49f66f9f-31d7-4b02-b438-ea1444250cb1 at term 1 for appendEntries, leader elected after 5112ms
2019-10-02 08:06:18,072 [grpc-default-executor-1] INFO  impl.RaftServerImpl (ServerState.java:setLeader(255)) - a264a072-92f0-4dc2-99fe-a3f051c5730a@group-8DEC4A9D8669: change Leader from null to 49f66f9f-31d7-4b02-b438-ea1444250cb1 at term 1 for appendEntries, leader elected after 5116ms
2019-10-02 08:06:18,075 [49f66f9f-31d7-4b02-b438-ea1444250cb1@group-8DEC4A9D8669-SegmentedRaftLogWorker] INFO  segmented.SegmentedRaftLogWorker (SegmentedRaftLogWorker.java:execute(574)) - 49f66f9f-31d7-4b02-b438-ea1444250cb1@group-8DEC4A9D8669-SegmentedRaftLogWorker: created new log segment /workdir/hadoop-ozone/integration-test/target/test-dir/MiniOzoneClusterImpl-a80d392e-7f7b-4221-8c82-ca41e3af8537/datanode-1/data/ratis/d6ac5322-65e7-4f17-b5b1-8dec4a9d8669/current/log_inprogress_0
2019-10-02 08:06:18,076 [grpc-default-executor-8] INFO  impl.RaftServerImpl (ServerState.java:setRaftConf(356)) - 6c71132d-f7e4-4b14-8e85-142ea7240f76@group-8DEC4A9D8669: set configuration 0: [a264a072-92f0-4dc2-99fe-a3f051c5730a:192.168.151.92:38422, 6c71132d-f7e4-4b14-8e85-142ea7240f76:192.168.151.92:42779, 49f66f9f-31d7-4b02-b438-ea1444250cb1:192.168.151.92:39309], old=null at 0
2019-10-02 08:06:18,077 [grpc-default-executor-1] INFO  impl.RaftServerImpl (ServerState.java:setRaftConf(356)) - a264a072-92f0-4dc2-99fe-a3f051c5730a@group-8DEC4A9D8669: set configuration 0: [a264a072-92f0-4dc2-99fe-a3f051c5730a:192.168.151.92:38422, 6c71132d-f7e4-4b14-8e85-142ea7240f76:192.168.151.92:42779, 49f66f9f-31d7-4b02-b438-ea1444250cb1:192.168.151.92:39309], old=null at 0
2019-10-02 08:06:18,077 [grpc-default-executor-8] INFO  segmented.SegmentedRaftLogWorker (SegmentedRaftLogWorker.java:startLogSegment(385)) - 6c71132d-f7e4-4b14-8e85-142ea7240f76@group-8DEC4A9D8669-SegmentedRaftLogWorker: Starting segment from index:0
2019-10-02 08:06:18,077 [grpc-default-executor-1] INFO  segmented.SegmentedRaftLogWorker (SegmentedRaftLogWorker.java:startLogSegment(385)) - a264a072-92f0-4dc2-99fe-a3f051c5730a@group-8DEC4A9D8669-SegmentedRaftLogWorker: Starting segment from index:0
2019-10-02 08:06:18,106 [6c71132d-f7e4-4b14-8e85-142ea7240f76@group-8DEC4A9D8669-SegmentedRaftLogWorker] INFO  segmented.SegmentedRaftLogWorker (SegmentedRaftLogWorker.java:execute(574)) - 6c71132d-f7e4-4b14-8e85-142ea7240f76@group-8DEC4A9D8669-SegmentedRaftLogWorker: created new log segment /workdir/hadoop-ozone/integration-test/target/test-dir/MiniOzoneClusterImpl-a80d392e-7f7b-4221-8c82-ca41e3af8537/datanode-0/data/ratis/d6ac5322-65e7-4f17-b5b1-8dec4a9d8669/current/log_inprogress_0
2019-10-02 08:06:18,113 [a264a072-92f0-4dc2-99fe-a3f051c5730a@group-8DEC4A9D8669-SegmentedRaftLogWorker] INFO  segmented.SegmentedRaftLogWorker (SegmentedRaftLogWorker.java:execute(574)) - a264a072-92f0-4dc2-99fe-a3f051c5730a@group-8DEC4A9D8669-SegmentedRaftLogWorker: created new log segment /workdir/hadoop-ozone/integration-test/target/test-dir/MiniOzoneClusterImpl-a80d392e-7f7b-4221-8c82-ca41e3af8537/datanode-2/data/ratis/d6ac5322-65e7-4f17-b5b1-8dec4a9d8669/current/log_inprogress_0
2019-10-02 08:06:21,931 [java.util.concurrent.ThreadPoolExecutor$Worker@6ecd5f39[State = -1, empty queue]] ERROR client.GrpcClientProtocolClient (GrpcClientProtocolClient.java:close(148)) - Unexpected exception while waiting for channel termination
java.lang.InterruptedException
	at java.util.concurrent.locks.AbstractQueuedSynchronizer.tryAcquireSharedNanos(AbstractQueuedSynchronizer.java:1326)
	at java.util.concurrent.CountDownLatch.await(CountDownLatch.java:277)
	at org.apache.ratis.thirdparty.io.grpc.internal.ManagedChannelImpl.awaitTermination(ManagedChannelImpl.java:763)
	at org.apache.ratis.thirdparty.io.grpc.internal.ForwardingManagedChannel.awaitTermination(ForwardingManagedChannel.java:57)
	at org.apache.ratis.thirdparty.io.grpc.internal.ManagedChannelOrphanWrapper.awaitTermination(ManagedChannelOrphanWrapper.java:70)
	at org.apache.ratis.grpc.client.GrpcClientProtocolClient.close(GrpcClientProtocolClient.java:146)
	at org.apache.ratis.util.PeerProxyMap$PeerAndProxy.lambda$close$1(PeerProxyMap.java:74)
	at org.apache.ratis.util.LifeCycle.lambda$checkStateAndClose$2(LifeCycle.java:231)
	at org.apache.ratis.util.LifeCycle.checkStateAndClose(LifeCycle.java:251)
	at org.apache.ratis.util.LifeCycle.checkStateAndClose(LifeCycle.java:229)
	at org.apache.ratis.util.PeerProxyMap$PeerAndProxy.close(PeerProxyMap.java:70)
	at org.apache.ratis.util.PeerProxyMap.resetProxy(PeerProxyMap.java:127)
	at org.apache.ratis.util.PeerProxyMap.handleException(PeerProxyMap.java:136)
	at org.apache.ratis.client.impl.RaftClientRpcWithProxy.handleException(RaftClientRpcWithProxy.java:47)
	at org.apache.ratis.client.impl.RaftClientImpl.handleIOException(RaftClientImpl.java:372)
	at org.apache.ratis.client.impl.OrderedAsync.lambda$sendRequest$10(OrderedAsync.java:236)
	at java.util.concurrent.CompletableFuture.uniExceptionally(CompletableFuture.java:870)
	at java.util.concurrent.CompletableFuture$UniExceptionally.tryFire(CompletableFuture.java:852)
	at java.util.concurrent.CompletableFuture.postComplete(CompletableFuture.java:474)
	at java.util.concurrent.CompletableFuture.completeExceptionally(CompletableFuture.java:1977)
	at org.apache.ratis.grpc.client.GrpcClientProtocolClient$AsyncStreamObservers.lambda$timeoutCheck$3(GrpcClientProtocolClient.java:324)
	at java.util.Optional.ifPresent(Optional.java:159)
	at org.apache.ratis.grpc.client.GrpcClientProtocolClient$AsyncStreamObservers.handleReplyFuture(GrpcClientProtocolClient.java:329)
	at org.apache.ratis.grpc.client.GrpcClientProtocolClient$AsyncStreamObservers.timeoutCheck(GrpcClientProtocolClient.java:324)
	at org.apache.ratis.grpc.client.GrpcClientProtocolClient$AsyncStreamObservers.lambda$onNext$1(GrpcClientProtocolClient.java:318)
	at org.apache.ratis.util.TimeoutScheduler.lambda$onTimeout$0(TimeoutScheduler.java:113)
	at org.apache.ratis.util.TimeoutScheduler.lambda$onTimeout$1(TimeoutScheduler.java:133)
	at org.apache.ratis.util.LogUtils.runAndLog(LogUtils.java:50)
	at org.apache.ratis.util.LogUtils$1.run(LogUtils.java:91)
	at java.util.concurrent.Executors$RunnableAdapter.call(Executors.java:511)
	at java.util.concurrent.FutureTask.run(FutureTask.java:266)
	at java.util.concurrent.ScheduledThreadPoolExecutor$ScheduledFutureTask.access$201(ScheduledThreadPoolExecutor.java:180)
	at java.util.concurrent.ScheduledThreadPoolExecutor$ScheduledFutureTask.run(ScheduledThreadPoolExecutor.java:293)
	at java.util.concurrent.ThreadPoolExecutor.runWorker(ThreadPoolExecutor.java:1149)
	at java.util.concurrent.ThreadPoolExecutor$Worker.run(ThreadPoolExecutor.java:624)
	at java.lang.Thread.run(Thread.java:748)
2019-10-02 08:06:21,933 [java.util.concurrent.ThreadPoolExecutor$Worker@6ecd5f39[State = -1, empty queue]] WARN  util.TimeoutScheduler (LogUtils.java:runAndLog(55)) - Failed to task #0: java.lang.NullPointerException
2019-10-02 08:06:25,971 [java.util.concurrent.ThreadPoolExecutor$Worker@42428353[State = -1, empty queue]] ERROR client.GrpcClientProtocolClient (GrpcClientProtocolClient.java:close(148)) - Unexpected exception while waiting for channel termination
java.lang.InterruptedException
	at java.util.concurrent.locks.AbstractQueuedSynchronizer.tryAcquireSharedNanos(AbstractQueuedSynchronizer.java:1326)
	at java.util.concurrent.CountDownLatch.await(CountDownLatch.java:277)
	at org.apache.ratis.thirdparty.io.grpc.internal.ManagedChannelImpl.awaitTermination(ManagedChannelImpl.java:763)
	at org.apache.ratis.thirdparty.io.grpc.internal.ForwardingManagedChannel.awaitTermination(ForwardingManagedChannel.java:57)
	at org.apache.ratis.thirdparty.io.grpc.internal.ManagedChannelOrphanWrapper.awaitTermination(ManagedChannelOrphanWrapper.java:70)
	at org.apache.ratis.grpc.client.GrpcClientProtocolClient.close(GrpcClientProtocolClient.java:146)
	at org.apache.ratis.util.PeerProxyMap$PeerAndProxy.lambda$close$1(PeerProxyMap.java:74)
	at org.apache.ratis.util.LifeCycle.lambda$checkStateAndClose$2(LifeCycle.java:231)
	at org.apache.ratis.util.LifeCycle.checkStateAndClose(LifeCycle.java:251)
	at org.apache.ratis.util.LifeCycle.checkStateAndClose(LifeCycle.java:229)
	at org.apache.ratis.util.PeerProxyMap$PeerAndProxy.close(PeerProxyMap.java:70)
	at org.apache.ratis.util.PeerProxyMap.resetProxy(PeerProxyMap.java:127)
	at org.apache.ratis.util.PeerProxyMap.handleException(PeerProxyMap.java:136)
	at org.apache.ratis.client.impl.RaftClientRpcWithProxy.handleException(RaftClientRpcWithProxy.java:47)
	at org.apache.ratis.client.impl.RaftClientImpl.handleIOException(RaftClientImpl.java:372)
	at org.apache.ratis.client.impl.OrderedAsync.lambda$sendRequest$10(OrderedAsync.java:236)
	at java.util.concurrent.CompletableFuture.uniExceptionally(CompletableFuture.java:870)
	at java.util.concurrent.CompletableFuture$UniExceptionally.tryFire(CompletableFuture.java:852)
	at java.util.concurrent.CompletableFuture.postComplete(CompletableFuture.java:474)
	at java.util.concurrent.CompletableFuture.completeExceptionally(CompletableFuture.java:1977)
	at org.apache.ratis.grpc.client.GrpcClientProtocolClient$AsyncStreamObservers.lambda$timeoutCheck$3(GrpcClientProtocolClient.java:324)
	at java.util.Optional.ifPresent(Optional.java:159)
	at org.apache.ratis.grpc.client.GrpcClientProtocolClient$AsyncStreamObservers.handleReplyFuture(GrpcClientProtocolClient.java:329)
	at org.apache.ratis.grpc.client.GrpcClientProtocolClient$AsyncStreamObservers.timeoutCheck(GrpcClientProtocolClient.java:324)
	at org.apache.ratis.grpc.client.GrpcClientProtocolClient$AsyncStreamObservers.lambda$onNext$1(GrpcClientProtocolClient.java:318)
	at org.apache.ratis.util.TimeoutScheduler.lambda$onTimeout$0(TimeoutScheduler.java:113)
	at org.apache.ratis.util.TimeoutScheduler.lambda$onTimeout$1(TimeoutScheduler.java:133)
	at org.apache.ratis.util.LogUtils.runAndLog(LogUtils.java:50)
	at org.apache.ratis.util.LogUtils$1.run(LogUtils.java:91)
	at java.util.concurrent.Executors$RunnableAdapter.call(Executors.java:511)
	at java.util.concurrent.FutureTask.run(FutureTask.java:266)
	at java.util.concurrent.ScheduledThreadPoolExecutor$ScheduledFutureTask.access$201(ScheduledThreadPoolExecutor.java:180)
	at java.util.concurrent.ScheduledThreadPoolExecutor$ScheduledFutureTask.run(ScheduledThreadPoolExecutor.java:293)
	at java.util.concurrent.ThreadPoolExecutor.runWorker(ThreadPoolExecutor.java:1149)
	at java.util.concurrent.ThreadPoolExecutor$Worker.run(ThreadPoolExecutor.java:624)
	at java.lang.Thread.run(Thread.java:748)
2019-10-02 08:06:25,973 [java.util.concurrent.ThreadPoolExecutor$Worker@42428353[State = -1, empty queue]] WARN  util.TimeoutScheduler (LogUtils.java:runAndLog(55)) - Failed to task #0: java.lang.NullPointerException
2019-10-02 08:06:30,006 [java.util.concurrent.ThreadPoolExecutor$Worker@5300ce6d[State = -1, empty queue]] ERROR client.GrpcClientProtocolClient (GrpcClientProtocolClient.java:close(148)) - Unexpected exception while waiting for channel termination
java.lang.InterruptedException
	at java.util.concurrent.locks.AbstractQueuedSynchronizer.tryAcquireSharedNanos(AbstractQueuedSynchronizer.java:1326)
	at java.util.concurrent.CountDownLatch.await(CountDownLatch.java:277)
	at org.apache.ratis.thirdparty.io.grpc.internal.ManagedChannelImpl.awaitTermination(ManagedChannelImpl.java:763)
	at org.apache.ratis.thirdparty.io.grpc.internal.ForwardingManagedChannel.awaitTermination(ForwardingManagedChannel.java:57)
	at org.apache.ratis.thirdparty.io.grpc.internal.ManagedChannelOrphanWrapper.awaitTermination(ManagedChannelOrphanWrapper.java:70)
	at org.apache.ratis.grpc.client.GrpcClientProtocolClient.close(GrpcClientProtocolClient.java:146)
	at org.apache.ratis.util.PeerProxyMap$PeerAndProxy.lambda$close$1(PeerProxyMap.java:74)
	at org.apache.ratis.util.LifeCycle.lambda$checkStateAndClose$2(LifeCycle.java:231)
	at org.apache.ratis.util.LifeCycle.checkStateAndClose(LifeCycle.java:251)
	at org.apache.ratis.util.LifeCycle.checkStateAndClose(LifeCycle.java:229)
	at org.apache.ratis.util.PeerProxyMap$PeerAndProxy.close(PeerProxyMap.java:70)
	at org.apache.ratis.util.PeerProxyMap.resetProxy(PeerProxyMap.java:127)
	at org.apache.ratis.util.PeerProxyMap.handleException(PeerProxyMap.java:136)
	at org.apache.ratis.client.impl.RaftClientRpcWithProxy.handleException(RaftClientRpcWithProxy.java:47)
	at org.apache.ratis.client.impl.RaftClientImpl.handleIOException(RaftClientImpl.java:372)
	at org.apache.ratis.client.impl.OrderedAsync.lambda$sendRequest$10(OrderedAsync.java:236)
	at java.util.concurrent.CompletableFuture.uniExceptionally(CompletableFuture.java:870)
	at java.util.concurrent.CompletableFuture$UniExceptionally.tryFire(CompletableFuture.java:852)
	at java.util.concurrent.CompletableFuture.postComplete(CompletableFuture.java:474)
	at java.util.concurrent.CompletableFuture.completeExceptionally(CompletableFuture.java:1977)
	at org.apache.ratis.grpc.client.GrpcClientProtocolClient$AsyncStreamObservers.lambda$timeoutCheck$3(GrpcClientProtocolClient.java:324)
	at java.util.Optional.ifPresent(Optional.java:159)
	at org.apache.ratis.grpc.client.GrpcClientProtocolClient$AsyncStreamObservers.handleReplyFuture(GrpcClientProtocolClient.java:329)
	at org.apache.ratis.grpc.client.GrpcClientProtocolClient$AsyncStreamObservers.timeoutCheck(GrpcClientProtocolClient.java:324)
	at org.apache.ratis.grpc.client.GrpcClientProtocolClient$AsyncStreamObservers.lambda$onNext$1(GrpcClientProtocolClient.java:318)
	at org.apache.ratis.util.TimeoutScheduler.lambda$onTimeout$0(TimeoutScheduler.java:113)
	at org.apache.ratis.util.TimeoutScheduler.lambda$onTimeout$1(TimeoutScheduler.java:133)
	at org.apache.ratis.util.LogUtils.runAndLog(LogUtils.java:50)
	at org.apache.ratis.util.LogUtils$1.run(LogUtils.java:91)
	at java.util.concurrent.Executors$RunnableAdapter.call(Executors.java:511)
	at java.util.concurrent.FutureTask.run(FutureTask.java:266)
	at java.util.concurrent.ScheduledThreadPoolExecutor$ScheduledFutureTask.access$201(ScheduledThreadPoolExecutor.java:180)
	at java.util.concurrent.ScheduledThreadPoolExecutor$ScheduledFutureTask.run(ScheduledThreadPoolExecutor.java:293)
	at java.util.concurrent.ThreadPoolExecutor.runWorker(ThreadPoolExecutor.java:1149)
	at java.util.concurrent.ThreadPoolExecutor$Worker.run(ThreadPoolExecutor.java:624)
	at java.lang.Thread.run(Thread.java:748)
2019-10-02 08:06:30,010 [java.util.concurrent.ThreadPoolExecutor$Worker@5300ce6d[State = -1, empty queue]] WARN  util.TimeoutScheduler (LogUtils.java:runAndLog(55)) - Failed to task #0: java.lang.NullPointerException
2019-10-02 08:06:34,076 [java.util.concurrent.ThreadPoolExecutor$Worker@b1f19[State = -1, empty queue]] ERROR client.GrpcClientProtocolClient (GrpcClientProtocolClient.java:close(148)) - Unexpected exception while waiting for channel termination
java.lang.InterruptedException
	at java.util.concurrent.locks.AbstractQueuedSynchronizer.tryAcquireSharedNanos(AbstractQueuedSynchronizer.java:1326)
	at java.util.concurrent.CountDownLatch.await(CountDownLatch.java:277)
	at org.apache.ratis.thirdparty.io.grpc.internal.ManagedChannelImpl.awaitTermination(ManagedChannelImpl.java:763)
	at org.apache.ratis.thirdparty.io.grpc.internal.ForwardingManagedChannel.awaitTermination(ForwardingManagedChannel.java:57)
	at org.apache.ratis.thirdparty.io.grpc.internal.ManagedChannelOrphanWrapper.awaitTermination(ManagedChannelOrphanWrapper.java:70)
	at org.apache.ratis.grpc.client.GrpcClientProtocolClient.close(GrpcClientProtocolClient.java:146)
	at org.apache.ratis.util.PeerProxyMap$PeerAndProxy.lambda$close$1(PeerProxyMap.java:74)
	at org.apache.ratis.util.LifeCycle.lambda$checkStateAndClose$2(LifeCycle.java:231)
	at org.apache.ratis.util.LifeCycle.checkStateAndClose(LifeCycle.java:251)
	at org.apache.ratis.util.LifeCycle.checkStateAndClose(LifeCycle.java:229)
	at org.apache.ratis.util.PeerProxyMap$PeerAndProxy.close(PeerProxyMap.java:70)
	at org.apache.ratis.util.PeerProxyMap.resetProxy(PeerProxyMap.java:127)
	at org.apache.ratis.util.PeerProxyMap.handleException(PeerProxyMap.java:136)
	at org.apache.ratis.client.impl.RaftClientRpcWithProxy.handleException(RaftClientRpcWithProxy.java:47)
	at org.apache.ratis.client.impl.RaftClientImpl.handleIOException(RaftClientImpl.java:372)
	at org.apache.ratis.client.impl.OrderedAsync.lambda$sendRequest$10(OrderedAsync.java:236)
	at java.util.concurrent.CompletableFuture.uniExceptionally(CompletableFuture.java:870)
	at java.util.concurrent.CompletableFuture$UniExceptionally.tryFire(CompletableFuture.java:852)
	at java.util.concurrent.CompletableFuture.postComplete(CompletableFuture.java:474)
	at java.util.concurrent.CompletableFuture.completeExceptionally(CompletableFuture.java:1977)
	at org.apache.ratis.grpc.client.GrpcClientProtocolClient$AsyncStreamObservers.lambda$timeoutCheck$3(GrpcClientProtocolClient.java:324)
	at java.util.Optional.ifPresent(Optional.java:159)
	at org.apache.ratis.grpc.client.GrpcClientProtocolClient$AsyncStreamObservers.handleReplyFuture(GrpcClientProtocolClient.java:329)
	at org.apache.ratis.grpc.client.GrpcClientProtocolClient$AsyncStreamObservers.timeoutCheck(GrpcClientProtocolClient.java:324)
	at org.apache.ratis.grpc.client.GrpcClientProtocolClient$AsyncStreamObservers.lambda$onNext$1(GrpcClientProtocolClient.java:318)
	at org.apache.ratis.util.TimeoutScheduler.lambda$onTimeout$0(TimeoutScheduler.java:113)
	at org.apache.ratis.util.TimeoutScheduler.lambda$onTimeout$1(TimeoutScheduler.java:133)
	at org.apache.ratis.util.LogUtils.runAndLog(LogUtils.java:50)
	at org.apache.ratis.util.LogUtils$1.run(LogUtils.java:91)
	at java.util.concurrent.Executors$RunnableAdapter.call(Executors.java:511)
	at java.util.concurrent.FutureTask.run(FutureTask.java:266)
	at java.util.concurrent.ScheduledThreadPoolExecutor$ScheduledFutureTask.access$201(ScheduledThreadPoolExecutor.java:180)
	at java.util.concurrent.ScheduledThreadPoolExecutor$ScheduledFutureTask.run(ScheduledThreadPoolExecutor.java:293)
	at java.util.concurrent.ThreadPoolExecutor.runWorker(ThreadPoolExecutor.java:1149)
	at java.util.concurrent.ThreadPoolExecutor$Worker.run(ThreadPoolExecutor.java:624)
	at java.lang.Thread.run(Thread.java:748)
2019-10-02 08:06:34,078 [java.util.concurrent.ThreadPoolExecutor$Worker@b1f19[State = -1, empty queue]] WARN  util.TimeoutScheduler (LogUtils.java:runAndLog(55)) - Failed to task #0: java.lang.NullPointerException
2019-10-02 08:06:36,448 [grpc-default-executor-1] INFO  impl.RaftServerProxy (RaftServerProxy.java:remove(95)) - 49f66f9f-31d7-4b02-b438-ea1444250cb1: remove  FOLLOWER 49f66f9f-31d7-4b02-b438-ea1444250cb1@group-8BA3BA05129A:t1, leader=a264a072-92f0-4dc2-99fe-a3f051c5730a, voted=49f66f9f-31d7-4b02-b438-ea1444250cb1, raftlog=49f66f9f-31d7-4b02-b438-ea1444250cb1@group-8BA3BA05129A-SegmentedRaftLog:OPENED:c0,f2,i2, conf=0: [a264a072-92f0-4dc2-99fe-a3f051c5730a:192.168.151.92:38422, 6c71132d-f7e4-4b14-8e85-142ea7240f76:192.168.151.92:42779, 49f66f9f-31d7-4b02-b438-ea1444250cb1:192.168.151.92:39309], old=null RUNNING
2019-10-02 08:06:36,449 [grpc-default-executor-1] INFO  impl.RaftServerImpl (RaftServerImpl.java:lambda$shutdown$3(247)) - 49f66f9f-31d7-4b02-b438-ea1444250cb1@group-8BA3BA05129A: shutdown
2019-10-02 08:06:36,450 [grpc-default-executor-1] INFO  util.JmxRegister (JmxRegister.java:unregister(73)) - Successfully un-registered JMX Bean with object name Ratis:service=RaftServer,group=group-8BA3BA05129A,id=49f66f9f-31d7-4b02-b438-ea1444250cb1
2019-10-02 08:06:36,450 [grpc-default-executor-1] INFO  impl.RoleInfo (RoleInfo.java:shutdownFollowerState(121)) - 49f66f9f-31d7-4b02-b438-ea1444250cb1: shutdown FollowerState
2019-10-02 08:06:36,451 [grpc-default-executor-1] INFO  impl.StateMachineUpdater (StateMachineUpdater.java:stopAndJoin(136)) - 49f66f9f-31d7-4b02-b438-ea1444250cb1@group-8BA3BA05129A-StateMachineUpdater: set stopIndex = 0
2019-10-02 08:06:36,451 [Thread-558] INFO  impl.FollowerState (FollowerState.java:run(117)) - 49f66f9f-31d7-4b02-b438-ea1444250cb1@group-8BA3BA05129A-FollowerState was interrupted: java.lang.InterruptedException: sleep interrupted
2019-10-02 08:06:36,455 [grpc-default-executor-1] INFO  impl.RaftServerImpl (ServerState.java:close(387)) - 49f66f9f-31d7-4b02-b438-ea1444250cb1@group-8BA3BA05129A: closes. applyIndex: 0
2019-10-02 08:06:36,456 [49f66f9f-31d7-4b02-b438-ea1444250cb1@group-8BA3BA05129A-SegmentedRaftLogWorker] INFO  segmented.SegmentedRaftLogWorker (SegmentedRaftLogWorker.java:run(316)) - 49f66f9f-31d7-4b02-b438-ea1444250cb1@group-8BA3BA05129A-SegmentedRaftLogWorker was interrupted, exiting. There are 0 tasks remaining in the queue.
2019-10-02 08:06:36,458 [grpc-default-executor-1] INFO  segmented.SegmentedRaftLogWorker (SegmentedRaftLogWorker.java:close(224)) - 49f66f9f-31d7-4b02-b438-ea1444250cb1@group-8BA3BA05129A-SegmentedRaftLogWorker close()
2019-10-02 08:06:36,534 [grpc-default-executor-1] INFO  interfaces.Container (KeyValueContainer.java:flushAndSyncDB(386)) - Container 2 is synced with bcsId 0.
2019-10-02 08:06:36,534 [grpc-default-executor-1] INFO  interfaces.Container (KeyValueContainer.java:flushAndSyncDB(386)) - Container 2 is synced with bcsId 0.
2019-10-02 08:06:36,553 [EventQueue-IncrementalContainerReportForIncrementalContainerReportHandler] INFO  container.IncrementalContainerReportHandler (AbstractContainerReportHandler.java:updateContainerState(169)) - Moving container #2 to QUASI_CLOSED state, datanode 49f66f9f-31d7-4b02-b438-ea1444250cb1{ip: 192.168.151.92, host: pr-trunk-gg4kw-413187789, networkLocation: /default-rack, certSerialId: null} reported QUASI_CLOSED replica.
2019-10-02 08:06:36,560 [grpc-default-executor-1] INFO  impl.RaftServerProxy (RaftServerProxy.java:remove(95)) - 6c71132d-f7e4-4b14-8e85-142ea7240f76: remove  FOLLOWER 6c71132d-f7e4-4b14-8e85-142ea7240f76@group-8BA3BA05129A:t1, leader=a264a072-92f0-4dc2-99fe-a3f051c5730a, voted=a264a072-92f0-4dc2-99fe-a3f051c5730a, raftlog=6c71132d-f7e4-4b14-8e85-142ea7240f76@group-8BA3BA05129A-SegmentedRaftLog:OPENED:c0,f2,i2, conf=0: [a264a072-92f0-4dc2-99fe-a3f051c5730a:192.168.151.92:38422, 6c71132d-f7e4-4b14-8e85-142ea7240f76:192.168.151.92:42779, 49f66f9f-31d7-4b02-b438-ea1444250cb1:192.168.151.92:39309], old=null RUNNING
2019-10-02 08:06:36,561 [grpc-default-executor-1] INFO  impl.RaftServerImpl (RaftServerImpl.java:lambda$shutdown$3(247)) - 6c71132d-f7e4-4b14-8e85-142ea7240f76@group-8BA3BA05129A: shutdown
2019-10-02 08:06:36,561 [grpc-default-executor-1] INFO  util.JmxRegister (JmxRegister.java:unregister(73)) - Successfully un-registered JMX Bean with object name Ratis:service=RaftServer,group=group-8BA3BA05129A,id=6c71132d-f7e4-4b14-8e85-142ea7240f76
2019-10-02 08:06:36,561 [grpc-default-executor-1] INFO  impl.RoleInfo (RoleInfo.java:shutdownFollowerState(121)) - 6c71132d-f7e4-4b14-8e85-142ea7240f76: shutdown FollowerState
2019-10-02 08:06:36,561 [grpc-default-executor-1] INFO  impl.StateMachineUpdater (StateMachineUpdater.java:stopAndJoin(136)) - 6c71132d-f7e4-4b14-8e85-142ea7240f76@group-8BA3BA05129A-StateMachineUpdater: set stopIndex = 0
2019-10-02 08:06:36,561 [Thread-548] INFO  impl.FollowerState (FollowerState.java:run(117)) - 6c71132d-f7e4-4b14-8e85-142ea7240f76@group-8BA3BA05129A-FollowerState was interrupted: java.lang.InterruptedException: sleep interrupted
2019-10-02 08:06:36,564 [grpc-default-executor-1] INFO  impl.RaftServerImpl (ServerState.java:close(387)) - 6c71132d-f7e4-4b14-8e85-142ea7240f76@group-8BA3BA05129A: closes. applyIndex: 0
2019-10-02 08:06:36,566 [6c71132d-f7e4-4b14-8e85-142ea7240f76@group-8BA3BA05129A-SegmentedRaftLogWorker] INFO  segmented.SegmentedRaftLogWorker (SegmentedRaftLogWorker.java:run(316)) - 6c71132d-f7e4-4b14-8e85-142ea7240f76@group-8BA3BA05129A-SegmentedRaftLogWorker was interrupted, exiting. There are 0 tasks remaining in the queue.
2019-10-02 08:06:36,569 [grpc-default-executor-1] INFO  segmented.SegmentedRaftLogWorker (SegmentedRaftLogWorker.java:close(224)) - 6c71132d-f7e4-4b14-8e85-142ea7240f76@group-8BA3BA05129A-SegmentedRaftLogWorker close()
2019-10-02 08:06:36,641 [grpc-default-executor-1] INFO  interfaces.Container (KeyValueContainer.java:flushAndSyncDB(386)) - Container 2 is synced with bcsId 0.
2019-10-02 08:06:36,641 [grpc-default-executor-1] INFO  interfaces.Container (KeyValueContainer.java:flushAndSyncDB(386)) - Container 2 is synced with bcsId 0.
2019-10-02 08:06:36,667 [grpc-default-executor-1] INFO  impl.RaftServerProxy (RaftServerProxy.java:remove(95)) - a264a072-92f0-4dc2-99fe-a3f051c5730a: remove    LEADER a264a072-92f0-4dc2-99fe-a3f051c5730a@group-8BA3BA05129A:t1, leader=a264a072-92f0-4dc2-99fe-a3f051c5730a, voted=a264a072-92f0-4dc2-99fe-a3f051c5730a, raftlog=a264a072-92f0-4dc2-99fe-a3f051c5730a@group-8BA3BA05129A-SegmentedRaftLog:OPENED:c0,f0,i2, conf=0: [a264a072-92f0-4dc2-99fe-a3f051c5730a:192.168.151.92:38422, 6c71132d-f7e4-4b14-8e85-142ea7240f76:192.168.151.92:42779, 49f66f9f-31d7-4b02-b438-ea1444250cb1:192.168.151.92:39309], old=null RUNNING
2019-10-02 08:06:36,668 [grpc-default-executor-1] INFO  impl.RaftServerImpl (RaftServerImpl.java:lambda$shutdown$3(247)) - a264a072-92f0-4dc2-99fe-a3f051c5730a@group-8BA3BA05129A: shutdown
2019-10-02 08:06:36,668 [grpc-default-executor-1] INFO  util.JmxRegister (JmxRegister.java:unregister(73)) - Successfully un-registered JMX Bean with object name Ratis:service=RaftServer,group=group-8BA3BA05129A,id=a264a072-92f0-4dc2-99fe-a3f051c5730a
2019-10-02 08:06:36,668 [grpc-default-executor-1] INFO  impl.RoleInfo (RoleInfo.java:shutdownLeaderState(104)) - a264a072-92f0-4dc2-99fe-a3f051c5730a: shutdown LeaderState
2019-10-02 08:06:36,672 [grpc-default-executor-1] INFO  impl.PendingRequests (PendingRequests.java:sendNotLeaderResponses(202)) - a264a072-92f0-4dc2-99fe-a3f051c5730a@group-8BA3BA05129A-PendingRequests: sendNotLeaderResponses
2019-10-02 08:06:36,672 [org.apache.ratis.server.impl.LogAppender$AppenderDaemon$$Lambda$520/464286500@52ac461a] WARN  server.GrpcLogAppender (GrpcLogAppender.java:mayWait(143)) - a264a072-92f0-4dc2-99fe-a3f051c5730a@group-8BA3BA05129A->49f66f9f-31d7-4b02-b438-ea1444250cb1-GrpcLogAppender: Wait interrupted by java.lang.InterruptedException
2019-10-02 08:06:36,672 [org.apache.ratis.server.impl.LogAppender$AppenderDaemon$$Lambda$520/464286500@34f95d28] WARN  server.GrpcLogAppender (GrpcLogAppender.java:mayWait(143)) - a264a072-92f0-4dc2-99fe-a3f051c5730a@group-8BA3BA05129A->6c71132d-f7e4-4b14-8e85-142ea7240f76-GrpcLogAppender: Wait interrupted by java.lang.InterruptedException
2019-10-02 08:06:36,677 [grpc-default-executor-0] INFO  server.GrpcServerProtocolService (GrpcServerProtocolService.java:onCompleted(113)) - 49f66f9f-31d7-4b02-b438-ea1444250cb1: Completed APPEND_ENTRIES, lastRequest: a264a072-92f0-4dc2-99fe-a3f051c5730a->49f66f9f-31d7-4b02-b438-ea1444250cb1#29-t1, previous=(t:1, i:2), leaderCommit=0, initializing? false, entries: <empty>
2019-10-02 08:06:36,680 [grpc-default-executor-8] INFO  server.GrpcServerProtocolService (GrpcServerProtocolService.java:onCompleted(113)) - 6c71132d-f7e4-4b14-8e85-142ea7240f76: Completed APPEND_ENTRIES, lastRequest: a264a072-92f0-4dc2-99fe-a3f051c5730a->6c71132d-f7e4-4b14-8e85-142ea7240f76#29-t1, previous=(t:1, i:2), leaderCommit=0, initializing? false, entries: <empty>
2019-10-02 08:06:36,698 [grpc-default-executor-1] INFO  impl.StateMachineUpdater (StateMachineUpdater.java:stopAndJoin(136)) - a264a072-92f0-4dc2-99fe-a3f051c5730a@group-8BA3BA05129A-StateMachineUpdater: set stopIndex = 0
2019-10-02 08:06:36,698 [grpc-default-executor-1] INFO  impl.RaftServerImpl (ServerState.java:close(387)) - a264a072-92f0-4dc2-99fe-a3f051c5730a@group-8BA3BA05129A: closes. applyIndex: 0
2019-10-02 08:06:36,701 [a264a072-92f0-4dc2-99fe-a3f051c5730a@group-8BA3BA05129A-SegmentedRaftLogWorker] INFO  segmented.SegmentedRaftLogWorker (SegmentedRaftLogWorker.java:run(316)) - a264a072-92f0-4dc2-99fe-a3f051c5730a@group-8BA3BA05129A-SegmentedRaftLogWorker was interrupted, exiting. There are 0 tasks remaining in the queue.
2019-10-02 08:06:36,709 [grpc-default-executor-1] INFO  segmented.SegmentedRaftLogWorker (SegmentedRaftLogWorker.java:close(224)) - a264a072-92f0-4dc2-99fe-a3f051c5730a@group-8BA3BA05129A-SegmentedRaftLogWorker close()
2019-10-02 08:06:36,713 [grpc-default-executor-10] INFO  server.GrpcLogAppender (GrpcLogAppender.java:onCompleted(293)) - a264a072-92f0-4dc2-99fe-a3f051c5730a@group-8BA3BA05129A->49f66f9f-31d7-4b02-b438-ea1444250cb1-AppendLogResponseHandler: follower responses appendEntries COMPLETED
2019-10-02 08:06:36,716 [grpc-default-executor-10] INFO  impl.FollowerInfo (FollowerInfo.java:lambda$new$0(51)) - a264a072-92f0-4dc2-99fe-a3f051c5730a@group-8BA3BA05129A->49f66f9f-31d7-4b02-b438-ea1444250cb1: nextIndex: updateUnconditionally 3 -> 2
2019-10-02 08:06:36,720 [grpc-default-executor-10] INFO  server.GrpcLogAppender (GrpcLogAppender.java:onCompleted(293)) - a264a072-92f0-4dc2-99fe-a3f051c5730a@group-8BA3BA05129A->6c71132d-f7e4-4b14-8e85-142ea7240f76-AppendLogResponseHandler: follower responses appendEntries COMPLETED
2019-10-02 08:06:36,722 [grpc-default-executor-10] INFO  impl.FollowerInfo (FollowerInfo.java:lambda$new$0(51)) - a264a072-92f0-4dc2-99fe-a3f051c5730a@group-8BA3BA05129A->6c71132d-f7e4-4b14-8e85-142ea7240f76: nextIndex: updateUnconditionally 3 -> 2
2019-10-02 08:06:36,725 [RatisPipelineUtilsThread] INFO  pipeline.PipelineStateManager (PipelineStateManager.java:removePipeline(108)) - Pipeline Pipeline[ Id: df3ff25b-5e5d-4ebc-840e-8ba3ba05129a, Nodes: 49f66f9f-31d7-4b02-b438-ea1444250cb1{ip: 192.168.151.92, host: pr-trunk-gg4kw-413187789, networkLocation: /default-rack, certSerialId: null}6c71132d-f7e4-4b14-8e85-142ea7240f76{ip: 192.168.151.92, host: pr-trunk-gg4kw-413187789, networkLocation: /default-rack, certSerialId: null}a264a072-92f0-4dc2-99fe-a3f051c5730a{ip: 192.168.151.92, host: pr-trunk-gg4kw-413187789, networkLocation: /default-rack, certSerialId: null}, Type:RATIS, Factor:THREE, State:CLOSED] removed from db
2019-10-02 08:06:36,732 [grpc-default-executor-10] INFO  impl.RaftServerProxy (RaftServerProxy.java:remove(95)) - 49f66f9f-31d7-4b02-b438-ea1444250cb1: remove group-8BA3BA05129A:null
2019-10-02 08:06:36,744 [RatisPipelineUtilsThread] WARN  pipeline.RatisPipelineUtils (RatisPipelineUtils.java:destroyPipeline(67)) - Pipeline destroy failed for pipeline=PipelineID=df3ff25b-5e5d-4ebc-840e-8ba3ba05129a dn=49f66f9f-31d7-4b02-b438-ea1444250cb1{ip: 192.168.151.92, host: pr-trunk-gg4kw-413187789, networkLocation: /default-rack, certSerialId: null}
2019-10-02 08:06:36,750 [grpc-default-executor-10] INFO  impl.RaftServerProxy (RaftServerProxy.java:remove(95)) - 6c71132d-f7e4-4b14-8e85-142ea7240f76: remove group-8BA3BA05129A:null
2019-10-02 08:06:36,758 [RatisPipelineUtilsThread] WARN  pipeline.RatisPipelineUtils (RatisPipelineUtils.java:destroyPipeline(67)) - Pipeline destroy failed for pipeline=PipelineID=df3ff25b-5e5d-4ebc-840e-8ba3ba05129a dn=6c71132d-f7e4-4b14-8e85-142ea7240f76{ip: 192.168.151.92, host: pr-trunk-gg4kw-413187789, networkLocation: /default-rack, certSerialId: null}
2019-10-02 08:06:36,763 [grpc-default-executor-10] INFO  impl.RaftServerProxy (RaftServerProxy.java:remove(95)) - a264a072-92f0-4dc2-99fe-a3f051c5730a: remove group-8BA3BA05129A:null
2019-10-02 08:06:36,770 [RatisPipelineUtilsThread] WARN  pipeline.RatisPipelineUtils (RatisPipelineUtils.java:destroyPipeline(67)) - Pipeline destroy failed for pipeline=PipelineID=df3ff25b-5e5d-4ebc-840e-8ba3ba05129a dn=a264a072-92f0-4dc2-99fe-a3f051c5730a{ip: 192.168.151.92, host: pr-trunk-gg4kw-413187789, networkLocation: /default-rack, certSerialId: null}
2019-10-02 08:06:36,770 [RatisPipelineUtilsThread] ERROR pipeline.SCMPipelineManager (Scheduler.java:lambda$schedule$1(70)) - Destroy pipeline failed for pipeline:Pipeline[ Id: df3ff25b-5e5d-4ebc-840e-8ba3ba05129a, Nodes: 49f66f9f-31d7-4b02-b438-ea1444250cb1{ip: 192.168.151.92, host: pr-trunk-gg4kw-413187789, networkLocation: /default-rack, certSerialId: null}6c71132d-f7e4-4b14-8e85-142ea7240f76{ip: 192.168.151.92, host: pr-trunk-gg4kw-413187789, networkLocation: /default-rack, certSerialId: null}a264a072-92f0-4dc2-99fe-a3f051c5730a{ip: 192.168.151.92, host: pr-trunk-gg4kw-413187789, networkLocation: /default-rack, certSerialId: null}, Type:RATIS, Factor:THREE, State:CLOSED]
org.apache.hadoop.hdds.scm.pipeline.PipelineNotFoundException: PipelineID=df3ff25b-5e5d-4ebc-840e-8ba3ba05129a not found
	at org.apache.hadoop.hdds.scm.pipeline.PipelineStateMap.getPipeline(PipelineStateMap.java:132)
	at org.apache.hadoop.hdds.scm.pipeline.PipelineStateMap.removePipeline(PipelineStateMap.java:322)
	at org.apache.hadoop.hdds.scm.pipeline.PipelineStateManager.removePipeline(PipelineStateManager.java:107)
	at org.apache.hadoop.hdds.scm.pipeline.SCMPipelineManager.removePipeline(SCMPipelineManager.java:427)
	at org.apache.hadoop.hdds.scm.pipeline.SCMPipelineManager.destroyPipeline(SCMPipelineManager.java:413)
	at org.apache.hadoop.hdds.scm.pipeline.SCMPipelineManager.lambda$finalizeAndDestroyPipeline$0(SCMPipelineManager.java:322)
	at org.apache.hadoop.hdds.utils.Scheduler.lambda$schedule$1(Scheduler.java:68)
	at java.util.concurrent.Executors$RunnableAdapter.call(Executors.java:511)
	at java.util.concurrent.FutureTask.run(FutureTask.java:266)
	at java.util.concurrent.ScheduledThreadPoolExecutor$ScheduledFutureTask.access$201(ScheduledThreadPoolExecutor.java:180)
	at java.util.concurrent.ScheduledThreadPoolExecutor$ScheduledFutureTask.run(ScheduledThreadPoolExecutor.java:293)
	at java.util.concurrent.ThreadPoolExecutor.runWorker(ThreadPoolExecutor.java:1149)
	at java.util.concurrent.ThreadPoolExecutor$Worker.run(ThreadPoolExecutor.java:624)
	at java.lang.Thread.run(Thread.java:748)
]]></system-out>
    <system-err><![CDATA[Oct 02, 2019 8:06:36 AM org.apache.ratis.thirdparty.io.grpc.netty.NettyServerHandler onStreamError
WARNING: Stream Error
org.apache.ratis.thirdparty.io.netty.handler.codec.http2.Http2Exception$StreamException: Received DATA frame for an unknown stream 3
	at org.apache.ratis.thirdparty.io.netty.handler.codec.http2.Http2Exception.streamError(Http2Exception.java:129)
	at org.apache.ratis.thirdparty.io.netty.handler.codec.http2.DefaultHttp2ConnectionDecoder$FrameReadListener.shouldIgnoreHeadersOrDataFrame(DefaultHttp2ConnectionDecoder.java:531)
	at org.apache.ratis.thirdparty.io.netty.handler.codec.http2.DefaultHttp2ConnectionDecoder$FrameReadListener.onDataRead(DefaultHttp2ConnectionDecoder.java:183)
	at org.apache.ratis.thirdparty.io.netty.handler.codec.http2.Http2InboundFrameLogger$1.onDataRead(Http2InboundFrameLogger.java:48)
	at org.apache.ratis.thirdparty.io.netty.handler.codec.http2.DefaultHttp2FrameReader.readDataFrame(DefaultHttp2FrameReader.java:421)
	at org.apache.ratis.thirdparty.io.netty.handler.codec.http2.DefaultHttp2FrameReader.processPayloadState(DefaultHttp2FrameReader.java:251)
	at org.apache.ratis.thirdparty.io.netty.handler.codec.http2.DefaultHttp2FrameReader.readFrame(DefaultHttp2FrameReader.java:160)
	at org.apache.ratis.thirdparty.io.netty.handler.codec.http2.Http2InboundFrameLogger.readFrame(Http2InboundFrameLogger.java:41)
	at org.apache.ratis.thirdparty.io.netty.handler.codec.http2.DefaultHttp2ConnectionDecoder.decodeFrame(DefaultHttp2ConnectionDecoder.java:118)
	at org.apache.ratis.thirdparty.io.netty.handler.codec.http2.Http2ConnectionHandler$FrameDecoder.decode(Http2ConnectionHandler.java:390)
	at org.apache.ratis.thirdparty.io.netty.handler.codec.http2.Http2ConnectionHandler.decode(Http2ConnectionHandler.java:450)
	at org.apache.ratis.thirdparty.io.netty.handler.codec.ByteToMessageDecoder.decodeRemovalReentryProtection(ByteToMessageDecoder.java:502)
	at org.apache.ratis.thirdparty.io.netty.handler.codec.ByteToMessageDecoder.callDecode(ByteToMessageDecoder.java:441)
	at org.apache.ratis.thirdparty.io.netty.handler.codec.ByteToMessageDecoder.channelRead(ByteToMessageDecoder.java:278)
	at org.apache.ratis.thirdparty.io.netty.channel.AbstractChannelHandlerContext.invokeChannelRead(AbstractChannelHandlerContext.java:362)
	at org.apache.ratis.thirdparty.io.netty.channel.AbstractChannelHandlerContext.invokeChannelRead(AbstractChannelHandlerContext.java:348)
	at org.apache.ratis.thirdparty.io.netty.channel.AbstractChannelHandlerContext.fireChannelRead(AbstractChannelHandlerContext.java:340)
	at org.apache.ratis.thirdparty.io.netty.channel.DefaultChannelPipeline$HeadContext.channelRead(DefaultChannelPipeline.java:1434)
	at org.apache.ratis.thirdparty.io.netty.channel.AbstractChannelHandlerContext.invokeChannelRead(AbstractChannelHandlerContext.java:362)
	at org.apache.ratis.thirdparty.io.netty.channel.AbstractChannelHandlerContext.invokeChannelRead(AbstractChannelHandlerContext.java:348)
	at org.apache.ratis.thirdparty.io.netty.channel.DefaultChannelPipeline.fireChannelRead(DefaultChannelPipeline.java:965)
	at org.apache.ratis.thirdparty.io.netty.channel.nio.AbstractNioByteChannel$NioByteUnsafe.read(AbstractNioByteChannel.java:163)
	at org.apache.ratis.thirdparty.io.netty.channel.nio.NioEventLoop.processSelectedKey(NioEventLoop.java:644)
	at org.apache.ratis.thirdparty.io.netty.channel.nio.NioEventLoop.processSelectedKeysOptimized(NioEventLoop.java:579)
	at org.apache.ratis.thirdparty.io.netty.channel.nio.NioEventLoop.processSelectedKeys(NioEventLoop.java:496)
	at org.apache.ratis.thirdparty.io.netty.channel.nio.NioEventLoop.run(NioEventLoop.java:458)
	at org.apache.ratis.thirdparty.io.netty.util.concurrent.SingleThreadEventExecutor$5.run(SingleThreadEventExecutor.java:897)
	at org.apache.ratis.thirdparty.io.netty.util.concurrent.FastThreadLocalRunnable.run(FastThreadLocalRunnable.java:30)
	at java.lang.Thread.run(Thread.java:748)

]]></system-err>
  </testcase>
</testsuite>