<?xml version="1.0" encoding="UTF-8"?>
<testsuite xmlns:xsi="http://www.w3.org/2001/XMLSchema-instance" xsi:noNamespaceSchemaLocation="https://maven.apache.org/surefire/maven-surefire-plugin/xsd/surefire-test-report.xsd" name="org.apache.hadoop.ozone.client.rpc.TestMultiBlockWritesWithDnFailures" time="179.091" tests="2" errors="1" skipped="0" failures="1">
  <properties>
    <property name="awt.toolkit" value="sun.awt.X11.XToolkit"/>
    <property name="file.encoding.pkg" value="sun.io"/>
    <property name="java.specification.version" value="1.8"/>
    <property name="sun.cpu.isalist" value=""/>
    <property name="sun.jnu.encoding" value="ANSI_X3.4-1968"/>
    <property name="java.class.path" value="/workdir/hadoop-ozone/integration-test/target/test-classes:/workdir/hadoop-ozone/integration-test/target/classes:/home/user/.m2/repository/org/apache/hadoop/hadoop-ozone-common/0.5.0-SNAPSHOT/hadoop-ozone-common-0.5.0-SNAPSHOT.jar:/home/user/.m2/repository/org/apache/commons/commons-compress/1.4.1/commons-compress-1.4.1.jar:/home/user/.m2/repository/org/tukaani/xz/1.0/xz-1.0.jar:/home/user/.m2/repository/org/apache/hadoop/hadoop-common/3.2.0/hadoop-common-3.2.0.jar:/home/user/.m2/repository/org/apache/hadoop/hadoop-hdfs/3.2.0/hadoop-hdfs-3.2.0.jar:/home/user/.m2/repository/org/apache/hadoop/hadoop-hdfs-client/3.2.0/hadoop-hdfs-client-3.2.0.jar:/home/user/.m2/repository/com/fasterxml/jackson/core/jackson-annotations/2.9.9/jackson-annotations-2.9.9.jar:/home/user/.m2/repository/org/apache/hadoop/hadoop-hdds-common/0.5.0-SNAPSHOT/hadoop-hdds-common-0.5.0-SNAPSHOT.jar:/home/user/.m2/repository/javax/annotation/javax.annotation-api/1.2/javax.annotation-api-1.2.jar:/home/user/.m2/repository/org/apache/ratis/ratis-server/0.5.0-201fc85-SNAPSHOT/ratis-server-0.5.0-201fc85-SNAPSHOT.jar:/home/user/.m2/repository/org/apache/ratis/ratis-thirdparty-misc/0.2.0/ratis-thirdparty-misc-0.2.0.jar:/home/user/.m2/repository/org/apache/ratis/ratis-proto/0.5.0-201fc85-SNAPSHOT/ratis-proto-0.5.0-201fc85-SNAPSHOT.jar:/home/user/.m2/repository/org/apache/ratis/ratis-common/0.5.0-201fc85-SNAPSHOT/ratis-common-0.5.0-201fc85-SNAPSHOT.jar:/home/user/.m2/repository/org/apache/ratis/ratis-client/0.5.0-201fc85-SNAPSHOT/ratis-client-0.5.0-201fc85-SNAPSHOT.jar:/home/user/.m2/repository/org/apache/ratis/ratis-metrics/0.5.0-201fc85-SNAPSHOT/ratis-metrics-0.5.0-201fc85-SNAPSHOT.jar:/home/user/.m2/repository/com/github/joshelser/dropwizard-metrics-hadoop-metrics2-reporter/0.1.2/dropwizard-metrics-hadoop-metrics2-reporter-0.1.2.jar:/home/user/.m2/repository/io/dropwizard/metrics/metrics-jvm/3.2.5/metrics-jvm-3.2.5.jar:/home/user/.m2/repository/io/dropwizard/metrics/metrics-ganglia/3.2.5/metrics-ganglia-3.2.5.jar:/home/user/.m2/repository/info/ganglia/gmetric4j/gmetric4j/1.0.7/gmetric4j-1.0.7.jar:/home/user/.m2/repository/org/apache/ratis/ratis-netty/0.5.0-201fc85-SNAPSHOT/ratis-netty-0.5.0-201fc85-SNAPSHOT.jar:/home/user/.m2/repository/org/apache/ratis/ratis-grpc/0.5.0-201fc85-SNAPSHOT/ratis-grpc-0.5.0-201fc85-SNAPSHOT.jar:/home/user/.m2/repository/org/rocksdb/rocksdbjni/6.0.1/rocksdbjni-6.0.1.jar:/home/user/.m2/repository/org/apache/logging/log4j/log4j-api/2.11.0/log4j-api-2.11.0.jar:/home/user/.m2/repository/org/apache/logging/log4j/log4j-core/2.11.0/log4j-core-2.11.0.jar:/home/user/.m2/repository/com/lmax/disruptor/3.4.2/disruptor-3.4.2.jar:/home/user/.m2/repository/org/apache/commons/commons-pool2/2.6.0/commons-pool2-2.6.0.jar:/home/user/.m2/repository/org/bouncycastle/bcpkix-jdk15on/1.60/bcpkix-jdk15on-1.60.jar:/home/user/.m2/repository/commons-validator/commons-validator/1.6/commons-validator-1.6.jar:/home/user/.m2/repository/commons-digester/commons-digester/1.8.1/commons-digester-1.8.1.jar:/home/user/.m2/repository/io/jaegertracing/jaeger-client/0.34.0/jaeger-client-0.34.0.jar:/home/user/.m2/repository/io/jaegertracing/jaeger-thrift/0.34.0/jaeger-thrift-0.34.0.jar:/home/user/.m2/repository/org/apache/thrift/libthrift/0.12.0/libthrift-0.12.0.jar:/home/user/.m2/repository/com/squareup/okhttp3/okhttp/3.9.0/okhttp-3.9.0.jar:/home/user/.m2/repository/com/squareup/okio/okio/1.13.0/okio-1.13.0.jar:/home/user/.m2/repository/io/jaegertracing/jaeger-core/0.34.0/jaeger-core-0.34.0.jar:/home/user/.m2/repository/io/jaegertracing/jaeger-tracerresolver/0.34.0/jaeger-tracerresolver-0.34.0.jar:/home/user/.m2/repository/io/opentracing/contrib/opentracing-tracerresolver/0.1.5/opentracing-tracerresolver-0.1.5.jar:/home/user/.m2/repository/io/opentracing/opentracing-util/0.31.0/opentracing-util-0.31.0.jar:/home/user/.m2/repository/io/opentracing/opentracing-api/0.31.0/opentracing-api-0.31.0.jar:/home/user/.m2/repository/io/opentracing/opentracing-noop/0.31.0/opentracing-noop-0.31.0.jar:/home/user/.m2/repository/org/apache/hadoop/hadoop-hdds-server-framework/0.5.0-SNAPSHOT/hadoop-hdds-server-framework-0.5.0-SNAPSHOT.jar:/home/user/.m2/repository/org/apache/hadoop/hadoop-hdds-container-service/0.5.0-SNAPSHOT/hadoop-hdds-container-service-0.5.0-SNAPSHOT.jar:/home/user/.m2/repository/org/apache/hadoop/hadoop-hdds-client/0.5.0-SNAPSHOT/hadoop-hdds-client-0.5.0-SNAPSHOT.jar:/home/user/.m2/repository/org/apache/hadoop/hadoop-hdds-tools/0.5.0-SNAPSHOT/hadoop-hdds-tools-0.5.0-SNAPSHOT.jar:/home/user/.m2/repository/org/apache/hadoop/hadoop-hdds-server-scm/0.5.0-SNAPSHOT/hadoop-hdds-server-scm-0.5.0-SNAPSHOT.jar:/home/user/.m2/repository/org/apache/hadoop/hadoop-hdds-docs/0.5.0-SNAPSHOT/hadoop-hdds-docs-0.5.0-SNAPSHOT.jar:/home/user/.m2/repository/io/dropwizard/metrics/metrics-core/3.2.4/metrics-core-3.2.4.jar:/home/user/.m2/repository/org/hamcrest/hamcrest-all/1.3/hamcrest-all-1.3.jar:/home/user/.m2/repository/org/bouncycastle/bcprov-jdk15on/1.60/bcprov-jdk15on-1.60.jar:/home/user/.m2/repository/info/picocli/picocli/3.9.6/picocli-3.9.6.jar:/home/user/.m2/repository/com/google/protobuf/protobuf-java/2.5.0/protobuf-java-2.5.0.jar:/home/user/.m2/repository/com/google/guava/guava/11.0.2/guava-11.0.2.jar:/home/user/.m2/repository/org/apache/hadoop/hadoop-ozone-ozone-manager/0.5.0-SNAPSHOT/hadoop-ozone-ozone-manager-0.5.0-SNAPSHOT.jar:/home/user/.m2/repository/org/apache/hadoop/hadoop-minikdc/3.2.0/hadoop-minikdc-3.2.0.jar:/home/user/.m2/repository/commons-io/commons-io/2.5/commons-io-2.5.jar:/home/user/.m2/repository/org/apache/kerby/kerb-simplekdc/1.0.1/kerb-simplekdc-1.0.1.jar:/home/user/.m2/repository/org/apache/kerby/kerb-client/1.0.1/kerb-client-1.0.1.jar:/home/user/.m2/repository/org/apache/kerby/kerby-config/1.0.1/kerby-config-1.0.1.jar:/home/user/.m2/repository/org/apache/kerby/kerb-core/1.0.1/kerb-core-1.0.1.jar:/home/user/.m2/repository/org/apache/kerby/kerby-pkix/1.0.1/kerby-pkix-1.0.1.jar:/home/user/.m2/repository/org/apache/kerby/kerby-asn1/1.0.1/kerby-asn1-1.0.1.jar:/home/user/.m2/repository/org/apache/kerby/kerby-util/1.0.1/kerby-util-1.0.1.jar:/home/user/.m2/repository/org/apache/kerby/kerb-common/1.0.1/kerb-common-1.0.1.jar:/home/user/.m2/repository/org/apache/kerby/kerb-crypto/1.0.1/kerb-crypto-1.0.1.jar:/home/user/.m2/repository/org/apache/kerby/kerb-util/1.0.1/kerb-util-1.0.1.jar:/home/user/.m2/repository/org/apache/kerby/token-provider/1.0.1/token-provider-1.0.1.jar:/home/user/.m2/repository/org/apache/kerby/kerb-admin/1.0.1/kerb-admin-1.0.1.jar:/home/user/.m2/repository/org/apache/kerby/kerb-server/1.0.1/kerb-server-1.0.1.jar:/home/user/.m2/repository/org/apache/kerby/kerb-identity/1.0.1/kerb-identity-1.0.1.jar:/home/user/.m2/repository/org/apache/kerby/kerby-xdr/1.0.1/kerby-xdr-1.0.1.jar:/home/user/.m2/repository/org/slf4j/slf4j-log4j12/1.7.25/slf4j-log4j12-1.7.25.jar:/home/user/.m2/repository/org/apache/hadoop/hadoop-ozone-s3gateway/0.5.0-SNAPSHOT/hadoop-ozone-s3gateway-0.5.0-SNAPSHOT.jar:/home/user/.m2/repository/org/jboss/weld/servlet/weld-servlet/2.4.7.Final/weld-servlet-2.4.7.Final.jar:/home/user/.m2/repository/org/glassfish/jersey/containers/jersey-container-servlet-core/2.27/jersey-container-servlet-core-2.27.jar:/home/user/.m2/repository/org/glassfish/hk2/external/javax.inject/2.5.0-b42/javax.inject-2.5.0-b42.jar:/home/user/.m2/repository/org/glassfish/jersey/core/jersey-common/2.27/jersey-common-2.27.jar:/home/user/.m2/repository/org/glassfish/hk2/osgi-resource-locator/1.0.1/osgi-resource-locator-1.0.1.jar:/home/user/.m2/repository/javax/ws/rs/javax.ws.rs-api/2.1/javax.ws.rs-api-2.1.jar:/home/user/.m2/repository/org/glassfish/jersey/ext/cdi/jersey-cdi1x/2.27/jersey-cdi1x-2.27.jar:/home/user/.m2/repository/org/glassfish/jersey/inject/jersey-hk2/2.27/jersey-hk2-2.27.jar:/home/user/.m2/repository/org/glassfish/hk2/hk2-locator/2.5.0-b42/hk2-locator-2.5.0-b42.jar:/home/user/.m2/repository/org/javassist/javassist/3.22.0-CR2/javassist-3.22.0-CR2.jar:/home/user/.m2/repository/org/glassfish/hk2/hk2-api/2.5.0/hk2-api-2.5.0.jar:/home/user/.m2/repository/org/glassfish/hk2/external/jakarta.inject/2.5.0/jakarta.inject-2.5.0.jar:/home/user/.m2/repository/org/glassfish/hk2/hk2-utils/2.5.0/hk2-utils-2.5.0.jar:/home/user/.m2/repository/jakarta/annotation/jakarta.annotation-api/1.3.4/jakarta.annotation-api-1.3.4.jar:/home/user/.m2/repository/org/glassfish/hk2/external/aopalliance-repackaged/2.5.0/aopalliance-repackaged-2.5.0.jar:/home/user/.m2/repository/com/fasterxml/jackson/dataformat/jackson-dataformat-xml/2.9.0/jackson-dataformat-xml-2.9.0.jar:/home/user/.m2/repository/com/fasterxml/jackson/core/jackson-core/2.9.9/jackson-core-2.9.9.jar:/home/user/.m2/repository/com/fasterxml/jackson/module/jackson-module-jaxb-annotations/2.9.9/jackson-module-jaxb-annotations-2.9.9.jar:/home/user/.m2/repository/javax/enterprise/cdi-api/1.2/cdi-api-1.2.jar:/home/user/.m2/repository/javax/el/javax.el-api/3.0.0/javax.el-api-3.0.0.jar:/home/user/.m2/repository/javax/interceptor/javax.interceptor-api/1.2/javax.interceptor-api-1.2.jar:/home/user/.m2/repository/javax/inject/javax.inject/1/javax.inject-1.jar:/home/user/.m2/repository/com/sun/xml/bind/jaxb-impl/2.3.0.1/jaxb-impl-2.3.0.1.jar:/home/user/.m2/repository/com/sun/xml/bind/jaxb-core/2.3.0.1/jaxb-core-2.3.0.1.jar:/home/user/.m2/repository/javax/xml/bind/jaxb-api/2.3.0/jaxb-api-2.3.0.jar:/home/user/.m2/repository/javax/activation/activation/1.1.1/activation-1.1.1.jar:/home/user/.m2/repository/org/apache/hadoop/hadoop-ozone-csi/0.5.0-SNAPSHOT/hadoop-ozone-csi-0.5.0-SNAPSHOT.jar:/home/user/.m2/repository/com/google/protobuf/protobuf-java-util/3.5.1/protobuf-java-util-3.5.1.jar:/home/user/.m2/repository/org/apache/hadoop/hadoop-hdds-config/0.5.0-SNAPSHOT/hadoop-hdds-config-0.5.0-SNAPSHOT.jar:/home/user/.m2/repository/io/grpc/grpc-netty/1.17.1/grpc-netty-1.17.1.jar:/home/user/.m2/repository/io/grpc/grpc-core/1.17.1/grpc-core-1.17.1.jar:/home/user/.m2/repository/io/grpc/grpc-context/1.17.1/grpc-context-1.17.1.jar:/home/user/.m2/repository/com/google/errorprone/error_prone_annotations/2.2.0/error_prone_annotations-2.2.0.jar:/home/user/.m2/repository/org/codehaus/mojo/animal-sniffer-annotations/1.17/animal-sniffer-annotations-1.17.jar:/home/user/.m2/repository/io/opencensus/opencensus-api/0.17.0/opencensus-api-0.17.0.jar:/home/user/.m2/repository/io/opencensus/opencensus-contrib-grpc-metrics/0.17.0/opencensus-contrib-grpc-metrics-0.17.0.jar:/home/user/.m2/repository/io/netty/netty-codec-http2/4.1.30.Final/netty-codec-http2-4.1.30.Final.jar:/home/user/.m2/repository/io/netty/netty-codec-http/4.1.30.Final/netty-codec-http-4.1.30.Final.jar:/home/user/.m2/repository/io/netty/netty-codec/4.1.30.Final/netty-codec-4.1.30.Final.jar:/home/user/.m2/repository/io/netty/netty-handler/4.1.30.Final/netty-handler-4.1.30.Final.jar:/home/user/.m2/repository/io/netty/netty-handler-proxy/4.1.30.Final/netty-handler-proxy-4.1.30.Final.jar:/home/user/.m2/repository/io/netty/netty-codec-socks/4.1.30.Final/netty-codec-socks-4.1.30.Final.jar:/home/user/.m2/repository/io/netty/netty-transport-native-epoll/4.1.30.Final/netty-transport-native-epoll-4.1.30.Final.jar:/home/user/.m2/repository/io/netty/netty-common/4.1.30.Final/netty-common-4.1.30.Final.jar:/home/user/.m2/repository/io/netty/netty-buffer/4.1.30.Final/netty-buffer-4.1.30.Final.jar:/home/user/.m2/repository/io/netty/netty-transport/4.1.30.Final/netty-transport-4.1.30.Final.jar:/home/user/.m2/repository/io/netty/netty-resolver/4.1.30.Final/netty-resolver-4.1.30.Final.jar:/home/user/.m2/repository/io/netty/netty-transport-native-unix-common/4.1.30.Final/netty-transport-native-unix-common-4.1.30.Final.jar:/home/user/.m2/repository/io/grpc/grpc-protobuf/1.17.1/grpc-protobuf-1.17.1.jar:/home/user/.m2/repository/com/google/api/grpc/proto-google-common-protos/1.0.0/proto-google-common-protos-1.0.0.jar:/home/user/.m2/repository/io/grpc/grpc-protobuf-lite/1.17.1/grpc-protobuf-lite-1.17.1.jar:/home/user/.m2/repository/io/grpc/grpc-stub/1.17.1/grpc-stub-1.17.1.jar:/home/user/.m2/repository/org/apache/hadoop/hadoop-ozone-recon/0.5.0-SNAPSHOT/hadoop-ozone-recon-0.5.0-SNAPSHOT.jar:/home/user/.m2/repository/org/apache/hadoop/hadoop-ozone-reconcodegen/0.5.0-SNAPSHOT/hadoop-ozone-reconcodegen-0.5.0-SNAPSHOT.jar:/home/user/.m2/repository/com/google/inject/extensions/guice-multibindings/4.0/guice-multibindings-4.0.jar:/home/user/.m2/repository/com/google/inject/guice/4.0/guice-4.0.jar:/home/user/.m2/repository/aopalliance/aopalliance/1.0/aopalliance-1.0.jar:/home/user/.m2/repository/com/google/inject/extensions/guice-servlet/4.0/guice-servlet-4.0.jar:/home/user/.m2/repository/org/glassfish/jersey/containers/jersey-container-servlet/2.27/jersey-container-servlet-2.27.jar:/home/user/.m2/repository/org/glassfish/hk2/guice-bridge/2.5.0/guice-bridge-2.5.0.jar:/home/user/.m2/repository/org/glassfish/jersey/core/jersey-server/2.27/jersey-server-2.27.jar:/home/user/.m2/repository/org/glassfish/jersey/core/jersey-client/2.27/jersey-client-2.27.jar:/home/user/.m2/repository/org/glassfish/jersey/media/jersey-media-jaxb/2.27/jersey-media-jaxb-2.27.jar:/home/user/.m2/repository/javax/validation/validation-api/1.1.0.Final/validation-api-1.1.0.Final.jar:/home/user/.m2/repository/org/glassfish/jersey/media/jersey-media-json-jackson/2.27/jersey-media-json-jackson-2.27.jar:/home/user/.m2/repository/org/glassfish/jersey/ext/jersey-entity-filtering/2.27/jersey-entity-filtering-2.27.jar:/home/user/.m2/repository/com/google/inject/extensions/guice-assistedinject/4.0/guice-assistedinject-4.0.jar:/home/user/.m2/repository/org/jooq/jooq/3.11.10/jooq-3.11.10.jar:/home/user/.m2/repository/org/jooq/jooq-meta/3.11.10/jooq-meta-3.11.10.jar:/home/user/.m2/repository/org/jooq/jooq-codegen/3.11.10/jooq-codegen-3.11.10.jar:/home/user/.m2/repository/com/jolbox/bonecp/0.8.0.RELEASE/bonecp-0.8.0.RELEASE.jar:/home/user/.m2/repository/org/xerial/sqlite-jdbc/3.25.2/sqlite-jdbc-3.25.2.jar:/home/user/.m2/repository/org/springframework/spring-jdbc/5.1.3.RELEASE/spring-jdbc-5.1.3.RELEASE.jar:/home/user/.m2/repository/org/springframework/spring-beans/5.1.3.RELEASE/spring-beans-5.1.3.RELEASE.jar:/home/user/.m2/repository/org/springframework/spring-core/5.1.3.RELEASE/spring-core-5.1.3.RELEASE.jar:/home/user/.m2/repository/org/springframework/spring-jcl/5.1.3.RELEASE/spring-jcl-5.1.3.RELEASE.jar:/home/user/.m2/repository/org/springframework/spring-tx/5.1.3.RELEASE/spring-tx-5.1.3.RELEASE.jar:/home/user/.m2/repository/org/apache/hadoop/hadoop-ozone-client/0.5.0-SNAPSHOT/hadoop-ozone-client-0.5.0-SNAPSHOT.jar:/home/user/.m2/repository/commons-lang/commons-lang/2.6/commons-lang-2.6.jar:/home/user/.m2/repository/org/apache/hadoop/hadoop-ozone-ozone-manager/0.5.0-SNAPSHOT/hadoop-ozone-ozone-manager-0.5.0-SNAPSHOT-tests.jar:/home/user/.m2/repository/junit/junit/4.11/junit-4.11.jar:/home/user/.m2/repository/org/hamcrest/hamcrest-core/1.3/hamcrest-core-1.3.jar:/home/user/.m2/repository/org/openjdk/jmh/jmh-core/1.19/jmh-core-1.19.jar:/home/user/.m2/repository/net/sf/jopt-simple/jopt-simple/4.6/jopt-simple-4.6.jar:/home/user/.m2/repository/org/apache/commons/commons-math3/3.1.1/commons-math3-3.1.1.jar:/home/user/.m2/repository/org/openjdk/jmh/jmh-generator-annprocess/1.19/jmh-generator-annprocess-1.19.jar:/home/user/.m2/repository/org/mockito/mockito-all/1.8.5/mockito-all-1.8.5.jar:/home/user/.m2/repository/org/apache/hadoop/hadoop-kms/3.2.0/hadoop-kms-3.2.0.jar:/home/user/.m2/repository/org/apache/hadoop/hadoop-auth/3.2.0/hadoop-auth-3.2.0.jar:/home/user/.m2/repository/com/nimbusds/nimbus-jose-jwt/4.41.1/nimbus-jose-jwt-4.41.1.jar:/home/user/.m2/repository/com/github/stephenc/jcip/jcip-annotations/1.0-1/jcip-annotations-1.0-1.jar:/home/user/.m2/repository/net/minidev/json-smart/2.3/json-smart-2.3.jar:/home/user/.m2/repository/net/minidev/accessors-smart/1.2/accessors-smart-1.2.jar:/home/user/.m2/repository/org/ow2/asm/asm/5.0.4/asm-5.0.4.jar:/home/user/.m2/repository/org/apache/curator/curator-framework/2.12.0/curator-framework-2.12.0.jar:/home/user/.m2/repository/com/sun/jersey/jersey-core/1.19/jersey-core-1.19.jar:/home/user/.m2/repository/javax/ws/rs/jsr311-api/1.1.1/jsr311-api-1.1.1.jar:/home/user/.m2/repository/com/sun/jersey/jersey-server/1.19/jersey-server-1.19.jar:/home/user/.m2/repository/javax/servlet/javax.servlet-api/3.1.0/javax.servlet-api-3.1.0.jar:/home/user/.m2/repository/org/eclipse/jetty/jetty-server/9.3.25.v20180904/jetty-server-9.3.25.v20180904.jar:/home/user/.m2/repository/org/eclipse/jetty/jetty-http/9.3.25.v20180904/jetty-http-9.3.25.v20180904.jar:/home/user/.m2/repository/org/eclipse/jetty/jetty-io/9.3.25.v20180904/jetty-io-9.3.25.v20180904.jar:/home/user/.m2/repository/org/eclipse/jetty/jetty-webapp/9.3.25.v20180904/jetty-webapp-9.3.25.v20180904.jar:/home/user/.m2/repository/org/eclipse/jetty/jetty-xml/9.3.25.v20180904/jetty-xml-9.3.25.v20180904.jar:/home/user/.m2/repository/log4j/log4j/1.2.17/log4j-1.2.17.jar:/home/user/.m2/repository/org/slf4j/slf4j-api/1.7.25/slf4j-api-1.7.25.jar:/home/user/.m2/repository/org/slf4j/jul-to-slf4j/1.7.25/jul-to-slf4j-1.7.25.jar:/home/user/.m2/repository/org/eclipse/jetty/jetty-util/9.3.25.v20180904/jetty-util-9.3.25.v20180904.jar:/home/user/.m2/repository/com/fasterxml/jackson/core/jackson-databind/2.9.9/jackson-databind-2.9.9.jar:/home/user/.m2/repository/org/apache/hadoop/hadoop-kms/3.2.0/hadoop-kms-3.2.0-tests.jar:/home/user/.m2/repository/org/apache/hadoop/hadoop-hdds-server-scm/0.5.0-SNAPSHOT/hadoop-hdds-server-scm-0.5.0-SNAPSHOT-tests.jar:/home/user/.m2/repository/org/apache/hadoop/hadoop-hdds-container-service/0.5.0-SNAPSHOT/hadoop-hdds-container-service-0.5.0-SNAPSHOT-tests.jar:/home/user/.m2/repository/org/yaml/snakeyaml/1.16/snakeyaml-1.16.jar:/home/user/.m2/repository/org/apache/hadoop/hadoop-common/3.2.0/hadoop-common-3.2.0-tests.jar:/home/user/.m2/repository/org/apache/hadoop/hadoop-annotations/3.2.0/hadoop-annotations-3.2.0.jar:/usr/lib/jvm/java-1.8.0-openjdk-1.8.0.222.b10-1.el7_7.x86_64/jre/../lib/tools.jar:/home/user/.m2/repository/commons-cli/commons-cli/1.2/commons-cli-1.2.jar:/home/user/.m2/repository/org/apache/httpcomponents/httpclient/4.5.2/httpclient-4.5.2.jar:/home/user/.m2/repository/org/apache/httpcomponents/httpcore/4.4.4/httpcore-4.4.4.jar:/home/user/.m2/repository/commons-codec/commons-codec/1.11/commons-codec-1.11.jar:/home/user/.m2/repository/commons-net/commons-net/3.6/commons-net-3.6.jar:/home/user/.m2/repository/commons-collections/commons-collections/3.2.2/commons-collections-3.2.2.jar:/home/user/.m2/repository/org/eclipse/jetty/jetty-servlet/9.3.25.v20180904/jetty-servlet-9.3.25.v20180904.jar:/home/user/.m2/repository/org/eclipse/jetty/jetty-security/9.3.25.v20180904/jetty-security-9.3.25.v20180904.jar:/home/user/.m2/repository/javax/servlet/jsp/jsp-api/2.1/jsp-api-2.1.jar:/home/user/.m2/repository/com/sun/jersey/jersey-servlet/1.19/jersey-servlet-1.19.jar:/home/user/.m2/repository/com/sun/jersey/jersey-json/1.19/jersey-json-1.19.jar:/home/user/.m2/repository/org/codehaus/jettison/jettison/1.1/jettison-1.1.jar:/home/user/.m2/repository/org/codehaus/jackson/jackson-core-asl/1.9.13/jackson-core-asl-1.9.13.jar:/home/user/.m2/repository/org/codehaus/jackson/jackson-mapper-asl/1.9.13/jackson-mapper-asl-1.9.13.jar:/home/user/.m2/repository/org/codehaus/jackson/jackson-jaxrs/1.9.13/jackson-jaxrs-1.9.13.jar:/home/user/.m2/repository/org/codehaus/jackson/jackson-xc/1.9.13/jackson-xc-1.9.13.jar:/home/user/.m2/repository/commons-logging/commons-logging/1.1.3/commons-logging-1.1.3.jar:/home/user/.m2/repository/commons-beanutils/commons-beanutils/1.9.4/commons-beanutils-1.9.4.jar:/home/user/.m2/repository/org/apache/commons/commons-configuration2/2.1.1/commons-configuration2-2.1.1.jar:/home/user/.m2/repository/org/apache/commons/commons-lang3/3.7/commons-lang3-3.7.jar:/home/user/.m2/repository/org/apache/commons/commons-text/1.4/commons-text-1.4.jar:/home/user/.m2/repository/org/apache/avro/avro/1.7.7/avro-1.7.7.jar:/home/user/.m2/repository/com/thoughtworks/paranamer/paranamer/2.3/paranamer-2.3.jar:/home/user/.m2/repository/org/xerial/snappy/snappy-java/1.0.5/snappy-java-1.0.5.jar:/home/user/.m2/repository/com/google/re2j/re2j/1.1/re2j-1.1.jar:/home/user/.m2/repository/com/google/code/gson/gson/2.2.4/gson-2.2.4.jar:/home/user/.m2/repository/com/jcraft/jsch/0.1.54/jsch-0.1.54.jar:/home/user/.m2/repository/org/apache/curator/curator-client/2.12.0/curator-client-2.12.0.jar:/home/user/.m2/repository/org/apache/curator/curator-recipes/2.12.0/curator-recipes-2.12.0.jar:/home/user/.m2/repository/com/google/code/findbugs/jsr305/3.0.0/jsr305-3.0.0.jar:/home/user/.m2/repository/org/apache/htrace/htrace-core4/4.1.0-incubating/htrace-core4-4.1.0-incubating.jar:/home/user/.m2/repository/org/apache/zookeeper/zookeeper/3.4.13/zookeeper-3.4.13.jar:/home/user/.m2/repository/jline/jline/0.9.94/jline-0.9.94.jar:/home/user/.m2/repository/org/apache/yetus/audience-annotations/0.5.0/audience-annotations-0.5.0.jar:/home/user/.m2/repository/org/codehaus/woodstox/stax2-api/3.1.4/stax2-api-3.1.4.jar:/home/user/.m2/repository/com/fasterxml/woodstox/woodstox-core/5.0.3/woodstox-core-5.0.3.jar:/home/user/.m2/repository/dnsjava/dnsjava/2.1.7/dnsjava-2.1.7.jar:/home/user/.m2/repository/org/apache/hadoop/hadoop-hdfs/3.2.0/hadoop-hdfs-3.2.0-tests.jar:/home/user/.m2/repository/org/eclipse/jetty/jetty-util-ajax/9.3.25.v20180904/jetty-util-ajax-9.3.25.v20180904.jar:/home/user/.m2/repository/commons-daemon/commons-daemon/1.0.13/commons-daemon-1.0.13.jar:/home/user/.m2/repository/io/netty/netty/3.10.5.Final/netty-3.10.5.Final.jar:/home/user/.m2/repository/io/netty/netty-all/4.0.52.Final/netty-all-4.0.52.Final.jar:/home/user/.m2/repository/org/fusesource/leveldbjni/leveldbjni-all/1.8/leveldbjni-all-1.8.jar:"/>
    <property name="java.vm.vendor" value="Oracle Corporation"/>
    <property name="sun.arch.data.model" value="64"/>
    <property name="test.build.dir" value="/workdir/hadoop-ozone/integration-test/target/test-dir"/>
    <property name="test.cache.data" value=""/>
    <property name="java.vendor.url" value="http://java.oracle.com/"/>
    <property name="user.timezone" value=""/>
    <property name="java.vm.specification.version" value="1.8"/>
    <property name="os.name" value="Linux"/>
    <property name="test.build.data" value="/workdir/hadoop-ozone/integration-test/target/test-dir"/>
    <property name="user.country" value="US"/>
    <property name="sun.java.launcher" value="SUN_STANDARD"/>
    <property name="sun.boot.library.path" value="/usr/lib/jvm/java-1.8.0-openjdk-1.8.0.222.b10-1.el7_7.x86_64/jre/lib/amd64"/>
    <property name="sun.java.command" value="/workdir/hadoop-ozone/integration-test/target/surefire/surefirebooter1458661697396174604.jar /workdir/hadoop-ozone/integration-test/target/surefire 2019-10-16T16-56-25_162-jvmRun1 surefire5850520991448620131tmp surefire_211793304340095047803tmp"/>
    <property name="surefire.test.class.path" value="/workdir/hadoop-ozone/integration-test/target/test-classes:/workdir/hadoop-ozone/integration-test/target/classes:/home/user/.m2/repository/org/apache/hadoop/hadoop-ozone-common/0.5.0-SNAPSHOT/hadoop-ozone-common-0.5.0-SNAPSHOT.jar:/home/user/.m2/repository/org/apache/commons/commons-compress/1.4.1/commons-compress-1.4.1.jar:/home/user/.m2/repository/org/tukaani/xz/1.0/xz-1.0.jar:/home/user/.m2/repository/org/apache/hadoop/hadoop-common/3.2.0/hadoop-common-3.2.0.jar:/home/user/.m2/repository/org/apache/hadoop/hadoop-hdfs/3.2.0/hadoop-hdfs-3.2.0.jar:/home/user/.m2/repository/org/apache/hadoop/hadoop-hdfs-client/3.2.0/hadoop-hdfs-client-3.2.0.jar:/home/user/.m2/repository/com/fasterxml/jackson/core/jackson-annotations/2.9.9/jackson-annotations-2.9.9.jar:/home/user/.m2/repository/org/apache/hadoop/hadoop-hdds-common/0.5.0-SNAPSHOT/hadoop-hdds-common-0.5.0-SNAPSHOT.jar:/home/user/.m2/repository/javax/annotation/javax.annotation-api/1.2/javax.annotation-api-1.2.jar:/home/user/.m2/repository/org/apache/ratis/ratis-server/0.5.0-201fc85-SNAPSHOT/ratis-server-0.5.0-201fc85-SNAPSHOT.jar:/home/user/.m2/repository/org/apache/ratis/ratis-thirdparty-misc/0.2.0/ratis-thirdparty-misc-0.2.0.jar:/home/user/.m2/repository/org/apache/ratis/ratis-proto/0.5.0-201fc85-SNAPSHOT/ratis-proto-0.5.0-201fc85-SNAPSHOT.jar:/home/user/.m2/repository/org/apache/ratis/ratis-common/0.5.0-201fc85-SNAPSHOT/ratis-common-0.5.0-201fc85-SNAPSHOT.jar:/home/user/.m2/repository/org/apache/ratis/ratis-client/0.5.0-201fc85-SNAPSHOT/ratis-client-0.5.0-201fc85-SNAPSHOT.jar:/home/user/.m2/repository/org/apache/ratis/ratis-metrics/0.5.0-201fc85-SNAPSHOT/ratis-metrics-0.5.0-201fc85-SNAPSHOT.jar:/home/user/.m2/repository/com/github/joshelser/dropwizard-metrics-hadoop-metrics2-reporter/0.1.2/dropwizard-metrics-hadoop-metrics2-reporter-0.1.2.jar:/home/user/.m2/repository/io/dropwizard/metrics/metrics-jvm/3.2.5/metrics-jvm-3.2.5.jar:/home/user/.m2/repository/io/dropwizard/metrics/metrics-ganglia/3.2.5/metrics-ganglia-3.2.5.jar:/home/user/.m2/repository/info/ganglia/gmetric4j/gmetric4j/1.0.7/gmetric4j-1.0.7.jar:/home/user/.m2/repository/org/apache/ratis/ratis-netty/0.5.0-201fc85-SNAPSHOT/ratis-netty-0.5.0-201fc85-SNAPSHOT.jar:/home/user/.m2/repository/org/apache/ratis/ratis-grpc/0.5.0-201fc85-SNAPSHOT/ratis-grpc-0.5.0-201fc85-SNAPSHOT.jar:/home/user/.m2/repository/org/rocksdb/rocksdbjni/6.0.1/rocksdbjni-6.0.1.jar:/home/user/.m2/repository/org/apache/logging/log4j/log4j-api/2.11.0/log4j-api-2.11.0.jar:/home/user/.m2/repository/org/apache/logging/log4j/log4j-core/2.11.0/log4j-core-2.11.0.jar:/home/user/.m2/repository/com/lmax/disruptor/3.4.2/disruptor-3.4.2.jar:/home/user/.m2/repository/org/apache/commons/commons-pool2/2.6.0/commons-pool2-2.6.0.jar:/home/user/.m2/repository/org/bouncycastle/bcpkix-jdk15on/1.60/bcpkix-jdk15on-1.60.jar:/home/user/.m2/repository/commons-validator/commons-validator/1.6/commons-validator-1.6.jar:/home/user/.m2/repository/commons-digester/commons-digester/1.8.1/commons-digester-1.8.1.jar:/home/user/.m2/repository/io/jaegertracing/jaeger-client/0.34.0/jaeger-client-0.34.0.jar:/home/user/.m2/repository/io/jaegertracing/jaeger-thrift/0.34.0/jaeger-thrift-0.34.0.jar:/home/user/.m2/repository/org/apache/thrift/libthrift/0.12.0/libthrift-0.12.0.jar:/home/user/.m2/repository/com/squareup/okhttp3/okhttp/3.9.0/okhttp-3.9.0.jar:/home/user/.m2/repository/com/squareup/okio/okio/1.13.0/okio-1.13.0.jar:/home/user/.m2/repository/io/jaegertracing/jaeger-core/0.34.0/jaeger-core-0.34.0.jar:/home/user/.m2/repository/io/jaegertracing/jaeger-tracerresolver/0.34.0/jaeger-tracerresolver-0.34.0.jar:/home/user/.m2/repository/io/opentracing/contrib/opentracing-tracerresolver/0.1.5/opentracing-tracerresolver-0.1.5.jar:/home/user/.m2/repository/io/opentracing/opentracing-util/0.31.0/opentracing-util-0.31.0.jar:/home/user/.m2/repository/io/opentracing/opentracing-api/0.31.0/opentracing-api-0.31.0.jar:/home/user/.m2/repository/io/opentracing/opentracing-noop/0.31.0/opentracing-noop-0.31.0.jar:/home/user/.m2/repository/org/apache/hadoop/hadoop-hdds-server-framework/0.5.0-SNAPSHOT/hadoop-hdds-server-framework-0.5.0-SNAPSHOT.jar:/home/user/.m2/repository/org/apache/hadoop/hadoop-hdds-container-service/0.5.0-SNAPSHOT/hadoop-hdds-container-service-0.5.0-SNAPSHOT.jar:/home/user/.m2/repository/org/apache/hadoop/hadoop-hdds-client/0.5.0-SNAPSHOT/hadoop-hdds-client-0.5.0-SNAPSHOT.jar:/home/user/.m2/repository/org/apache/hadoop/hadoop-hdds-tools/0.5.0-SNAPSHOT/hadoop-hdds-tools-0.5.0-SNAPSHOT.jar:/home/user/.m2/repository/org/apache/hadoop/hadoop-hdds-server-scm/0.5.0-SNAPSHOT/hadoop-hdds-server-scm-0.5.0-SNAPSHOT.jar:/home/user/.m2/repository/org/apache/hadoop/hadoop-hdds-docs/0.5.0-SNAPSHOT/hadoop-hdds-docs-0.5.0-SNAPSHOT.jar:/home/user/.m2/repository/io/dropwizard/metrics/metrics-core/3.2.4/metrics-core-3.2.4.jar:/home/user/.m2/repository/org/hamcrest/hamcrest-all/1.3/hamcrest-all-1.3.jar:/home/user/.m2/repository/org/bouncycastle/bcprov-jdk15on/1.60/bcprov-jdk15on-1.60.jar:/home/user/.m2/repository/info/picocli/picocli/3.9.6/picocli-3.9.6.jar:/home/user/.m2/repository/com/google/protobuf/protobuf-java/2.5.0/protobuf-java-2.5.0.jar:/home/user/.m2/repository/com/google/guava/guava/11.0.2/guava-11.0.2.jar:/home/user/.m2/repository/org/apache/hadoop/hadoop-ozone-ozone-manager/0.5.0-SNAPSHOT/hadoop-ozone-ozone-manager-0.5.0-SNAPSHOT.jar:/home/user/.m2/repository/org/apache/hadoop/hadoop-minikdc/3.2.0/hadoop-minikdc-3.2.0.jar:/home/user/.m2/repository/commons-io/commons-io/2.5/commons-io-2.5.jar:/home/user/.m2/repository/org/apache/kerby/kerb-simplekdc/1.0.1/kerb-simplekdc-1.0.1.jar:/home/user/.m2/repository/org/apache/kerby/kerb-client/1.0.1/kerb-client-1.0.1.jar:/home/user/.m2/repository/org/apache/kerby/kerby-config/1.0.1/kerby-config-1.0.1.jar:/home/user/.m2/repository/org/apache/kerby/kerb-core/1.0.1/kerb-core-1.0.1.jar:/home/user/.m2/repository/org/apache/kerby/kerby-pkix/1.0.1/kerby-pkix-1.0.1.jar:/home/user/.m2/repository/org/apache/kerby/kerby-asn1/1.0.1/kerby-asn1-1.0.1.jar:/home/user/.m2/repository/org/apache/kerby/kerby-util/1.0.1/kerby-util-1.0.1.jar:/home/user/.m2/repository/org/apache/kerby/kerb-common/1.0.1/kerb-common-1.0.1.jar:/home/user/.m2/repository/org/apache/kerby/kerb-crypto/1.0.1/kerb-crypto-1.0.1.jar:/home/user/.m2/repository/org/apache/kerby/kerb-util/1.0.1/kerb-util-1.0.1.jar:/home/user/.m2/repository/org/apache/kerby/token-provider/1.0.1/token-provider-1.0.1.jar:/home/user/.m2/repository/org/apache/kerby/kerb-admin/1.0.1/kerb-admin-1.0.1.jar:/home/user/.m2/repository/org/apache/kerby/kerb-server/1.0.1/kerb-server-1.0.1.jar:/home/user/.m2/repository/org/apache/kerby/kerb-identity/1.0.1/kerb-identity-1.0.1.jar:/home/user/.m2/repository/org/apache/kerby/kerby-xdr/1.0.1/kerby-xdr-1.0.1.jar:/home/user/.m2/repository/org/slf4j/slf4j-log4j12/1.7.25/slf4j-log4j12-1.7.25.jar:/home/user/.m2/repository/org/apache/hadoop/hadoop-ozone-s3gateway/0.5.0-SNAPSHOT/hadoop-ozone-s3gateway-0.5.0-SNAPSHOT.jar:/home/user/.m2/repository/org/jboss/weld/servlet/weld-servlet/2.4.7.Final/weld-servlet-2.4.7.Final.jar:/home/user/.m2/repository/org/glassfish/jersey/containers/jersey-container-servlet-core/2.27/jersey-container-servlet-core-2.27.jar:/home/user/.m2/repository/org/glassfish/hk2/external/javax.inject/2.5.0-b42/javax.inject-2.5.0-b42.jar:/home/user/.m2/repository/org/glassfish/jersey/core/jersey-common/2.27/jersey-common-2.27.jar:/home/user/.m2/repository/org/glassfish/hk2/osgi-resource-locator/1.0.1/osgi-resource-locator-1.0.1.jar:/home/user/.m2/repository/javax/ws/rs/javax.ws.rs-api/2.1/javax.ws.rs-api-2.1.jar:/home/user/.m2/repository/org/glassfish/jersey/ext/cdi/jersey-cdi1x/2.27/jersey-cdi1x-2.27.jar:/home/user/.m2/repository/org/glassfish/jersey/inject/jersey-hk2/2.27/jersey-hk2-2.27.jar:/home/user/.m2/repository/org/glassfish/hk2/hk2-locator/2.5.0-b42/hk2-locator-2.5.0-b42.jar:/home/user/.m2/repository/org/javassist/javassist/3.22.0-CR2/javassist-3.22.0-CR2.jar:/home/user/.m2/repository/org/glassfish/hk2/hk2-api/2.5.0/hk2-api-2.5.0.jar:/home/user/.m2/repository/org/glassfish/hk2/external/jakarta.inject/2.5.0/jakarta.inject-2.5.0.jar:/home/user/.m2/repository/org/glassfish/hk2/hk2-utils/2.5.0/hk2-utils-2.5.0.jar:/home/user/.m2/repository/jakarta/annotation/jakarta.annotation-api/1.3.4/jakarta.annotation-api-1.3.4.jar:/home/user/.m2/repository/org/glassfish/hk2/external/aopalliance-repackaged/2.5.0/aopalliance-repackaged-2.5.0.jar:/home/user/.m2/repository/com/fasterxml/jackson/dataformat/jackson-dataformat-xml/2.9.0/jackson-dataformat-xml-2.9.0.jar:/home/user/.m2/repository/com/fasterxml/jackson/core/jackson-core/2.9.9/jackson-core-2.9.9.jar:/home/user/.m2/repository/com/fasterxml/jackson/module/jackson-module-jaxb-annotations/2.9.9/jackson-module-jaxb-annotations-2.9.9.jar:/home/user/.m2/repository/javax/enterprise/cdi-api/1.2/cdi-api-1.2.jar:/home/user/.m2/repository/javax/el/javax.el-api/3.0.0/javax.el-api-3.0.0.jar:/home/user/.m2/repository/javax/interceptor/javax.interceptor-api/1.2/javax.interceptor-api-1.2.jar:/home/user/.m2/repository/javax/inject/javax.inject/1/javax.inject-1.jar:/home/user/.m2/repository/com/sun/xml/bind/jaxb-impl/2.3.0.1/jaxb-impl-2.3.0.1.jar:/home/user/.m2/repository/com/sun/xml/bind/jaxb-core/2.3.0.1/jaxb-core-2.3.0.1.jar:/home/user/.m2/repository/javax/xml/bind/jaxb-api/2.3.0/jaxb-api-2.3.0.jar:/home/user/.m2/repository/javax/activation/activation/1.1.1/activation-1.1.1.jar:/home/user/.m2/repository/org/apache/hadoop/hadoop-ozone-csi/0.5.0-SNAPSHOT/hadoop-ozone-csi-0.5.0-SNAPSHOT.jar:/home/user/.m2/repository/com/google/protobuf/protobuf-java-util/3.5.1/protobuf-java-util-3.5.1.jar:/home/user/.m2/repository/org/apache/hadoop/hadoop-hdds-config/0.5.0-SNAPSHOT/hadoop-hdds-config-0.5.0-SNAPSHOT.jar:/home/user/.m2/repository/io/grpc/grpc-netty/1.17.1/grpc-netty-1.17.1.jar:/home/user/.m2/repository/io/grpc/grpc-core/1.17.1/grpc-core-1.17.1.jar:/home/user/.m2/repository/io/grpc/grpc-context/1.17.1/grpc-context-1.17.1.jar:/home/user/.m2/repository/com/google/errorprone/error_prone_annotations/2.2.0/error_prone_annotations-2.2.0.jar:/home/user/.m2/repository/org/codehaus/mojo/animal-sniffer-annotations/1.17/animal-sniffer-annotations-1.17.jar:/home/user/.m2/repository/io/opencensus/opencensus-api/0.17.0/opencensus-api-0.17.0.jar:/home/user/.m2/repository/io/opencensus/opencensus-contrib-grpc-metrics/0.17.0/opencensus-contrib-grpc-metrics-0.17.0.jar:/home/user/.m2/repository/io/netty/netty-codec-http2/4.1.30.Final/netty-codec-http2-4.1.30.Final.jar:/home/user/.m2/repository/io/netty/netty-codec-http/4.1.30.Final/netty-codec-http-4.1.30.Final.jar:/home/user/.m2/repository/io/netty/netty-codec/4.1.30.Final/netty-codec-4.1.30.Final.jar:/home/user/.m2/repository/io/netty/netty-handler/4.1.30.Final/netty-handler-4.1.30.Final.jar:/home/user/.m2/repository/io/netty/netty-handler-proxy/4.1.30.Final/netty-handler-proxy-4.1.30.Final.jar:/home/user/.m2/repository/io/netty/netty-codec-socks/4.1.30.Final/netty-codec-socks-4.1.30.Final.jar:/home/user/.m2/repository/io/netty/netty-transport-native-epoll/4.1.30.Final/netty-transport-native-epoll-4.1.30.Final.jar:/home/user/.m2/repository/io/netty/netty-common/4.1.30.Final/netty-common-4.1.30.Final.jar:/home/user/.m2/repository/io/netty/netty-buffer/4.1.30.Final/netty-buffer-4.1.30.Final.jar:/home/user/.m2/repository/io/netty/netty-transport/4.1.30.Final/netty-transport-4.1.30.Final.jar:/home/user/.m2/repository/io/netty/netty-resolver/4.1.30.Final/netty-resolver-4.1.30.Final.jar:/home/user/.m2/repository/io/netty/netty-transport-native-unix-common/4.1.30.Final/netty-transport-native-unix-common-4.1.30.Final.jar:/home/user/.m2/repository/io/grpc/grpc-protobuf/1.17.1/grpc-protobuf-1.17.1.jar:/home/user/.m2/repository/com/google/api/grpc/proto-google-common-protos/1.0.0/proto-google-common-protos-1.0.0.jar:/home/user/.m2/repository/io/grpc/grpc-protobuf-lite/1.17.1/grpc-protobuf-lite-1.17.1.jar:/home/user/.m2/repository/io/grpc/grpc-stub/1.17.1/grpc-stub-1.17.1.jar:/home/user/.m2/repository/org/apache/hadoop/hadoop-ozone-recon/0.5.0-SNAPSHOT/hadoop-ozone-recon-0.5.0-SNAPSHOT.jar:/home/user/.m2/repository/org/apache/hadoop/hadoop-ozone-reconcodegen/0.5.0-SNAPSHOT/hadoop-ozone-reconcodegen-0.5.0-SNAPSHOT.jar:/home/user/.m2/repository/com/google/inject/extensions/guice-multibindings/4.0/guice-multibindings-4.0.jar:/home/user/.m2/repository/com/google/inject/guice/4.0/guice-4.0.jar:/home/user/.m2/repository/aopalliance/aopalliance/1.0/aopalliance-1.0.jar:/home/user/.m2/repository/com/google/inject/extensions/guice-servlet/4.0/guice-servlet-4.0.jar:/home/user/.m2/repository/org/glassfish/jersey/containers/jersey-container-servlet/2.27/jersey-container-servlet-2.27.jar:/home/user/.m2/repository/org/glassfish/hk2/guice-bridge/2.5.0/guice-bridge-2.5.0.jar:/home/user/.m2/repository/org/glassfish/jersey/core/jersey-server/2.27/jersey-server-2.27.jar:/home/user/.m2/repository/org/glassfish/jersey/core/jersey-client/2.27/jersey-client-2.27.jar:/home/user/.m2/repository/org/glassfish/jersey/media/jersey-media-jaxb/2.27/jersey-media-jaxb-2.27.jar:/home/user/.m2/repository/javax/validation/validation-api/1.1.0.Final/validation-api-1.1.0.Final.jar:/home/user/.m2/repository/org/glassfish/jersey/media/jersey-media-json-jackson/2.27/jersey-media-json-jackson-2.27.jar:/home/user/.m2/repository/org/glassfish/jersey/ext/jersey-entity-filtering/2.27/jersey-entity-filtering-2.27.jar:/home/user/.m2/repository/com/google/inject/extensions/guice-assistedinject/4.0/guice-assistedinject-4.0.jar:/home/user/.m2/repository/org/jooq/jooq/3.11.10/jooq-3.11.10.jar:/home/user/.m2/repository/org/jooq/jooq-meta/3.11.10/jooq-meta-3.11.10.jar:/home/user/.m2/repository/org/jooq/jooq-codegen/3.11.10/jooq-codegen-3.11.10.jar:/home/user/.m2/repository/com/jolbox/bonecp/0.8.0.RELEASE/bonecp-0.8.0.RELEASE.jar:/home/user/.m2/repository/org/xerial/sqlite-jdbc/3.25.2/sqlite-jdbc-3.25.2.jar:/home/user/.m2/repository/org/springframework/spring-jdbc/5.1.3.RELEASE/spring-jdbc-5.1.3.RELEASE.jar:/home/user/.m2/repository/org/springframework/spring-beans/5.1.3.RELEASE/spring-beans-5.1.3.RELEASE.jar:/home/user/.m2/repository/org/springframework/spring-core/5.1.3.RELEASE/spring-core-5.1.3.RELEASE.jar:/home/user/.m2/repository/org/springframework/spring-jcl/5.1.3.RELEASE/spring-jcl-5.1.3.RELEASE.jar:/home/user/.m2/repository/org/springframework/spring-tx/5.1.3.RELEASE/spring-tx-5.1.3.RELEASE.jar:/home/user/.m2/repository/org/apache/hadoop/hadoop-ozone-client/0.5.0-SNAPSHOT/hadoop-ozone-client-0.5.0-SNAPSHOT.jar:/home/user/.m2/repository/commons-lang/commons-lang/2.6/commons-lang-2.6.jar:/home/user/.m2/repository/org/apache/hadoop/hadoop-ozone-ozone-manager/0.5.0-SNAPSHOT/hadoop-ozone-ozone-manager-0.5.0-SNAPSHOT-tests.jar:/home/user/.m2/repository/junit/junit/4.11/junit-4.11.jar:/home/user/.m2/repository/org/hamcrest/hamcrest-core/1.3/hamcrest-core-1.3.jar:/home/user/.m2/repository/org/openjdk/jmh/jmh-core/1.19/jmh-core-1.19.jar:/home/user/.m2/repository/net/sf/jopt-simple/jopt-simple/4.6/jopt-simple-4.6.jar:/home/user/.m2/repository/org/apache/commons/commons-math3/3.1.1/commons-math3-3.1.1.jar:/home/user/.m2/repository/org/openjdk/jmh/jmh-generator-annprocess/1.19/jmh-generator-annprocess-1.19.jar:/home/user/.m2/repository/org/mockito/mockito-all/1.8.5/mockito-all-1.8.5.jar:/home/user/.m2/repository/org/apache/hadoop/hadoop-kms/3.2.0/hadoop-kms-3.2.0.jar:/home/user/.m2/repository/org/apache/hadoop/hadoop-auth/3.2.0/hadoop-auth-3.2.0.jar:/home/user/.m2/repository/com/nimbusds/nimbus-jose-jwt/4.41.1/nimbus-jose-jwt-4.41.1.jar:/home/user/.m2/repository/com/github/stephenc/jcip/jcip-annotations/1.0-1/jcip-annotations-1.0-1.jar:/home/user/.m2/repository/net/minidev/json-smart/2.3/json-smart-2.3.jar:/home/user/.m2/repository/net/minidev/accessors-smart/1.2/accessors-smart-1.2.jar:/home/user/.m2/repository/org/ow2/asm/asm/5.0.4/asm-5.0.4.jar:/home/user/.m2/repository/org/apache/curator/curator-framework/2.12.0/curator-framework-2.12.0.jar:/home/user/.m2/repository/com/sun/jersey/jersey-core/1.19/jersey-core-1.19.jar:/home/user/.m2/repository/javax/ws/rs/jsr311-api/1.1.1/jsr311-api-1.1.1.jar:/home/user/.m2/repository/com/sun/jersey/jersey-server/1.19/jersey-server-1.19.jar:/home/user/.m2/repository/javax/servlet/javax.servlet-api/3.1.0/javax.servlet-api-3.1.0.jar:/home/user/.m2/repository/org/eclipse/jetty/jetty-server/9.3.25.v20180904/jetty-server-9.3.25.v20180904.jar:/home/user/.m2/repository/org/eclipse/jetty/jetty-http/9.3.25.v20180904/jetty-http-9.3.25.v20180904.jar:/home/user/.m2/repository/org/eclipse/jetty/jetty-io/9.3.25.v20180904/jetty-io-9.3.25.v20180904.jar:/home/user/.m2/repository/org/eclipse/jetty/jetty-webapp/9.3.25.v20180904/jetty-webapp-9.3.25.v20180904.jar:/home/user/.m2/repository/org/eclipse/jetty/jetty-xml/9.3.25.v20180904/jetty-xml-9.3.25.v20180904.jar:/home/user/.m2/repository/log4j/log4j/1.2.17/log4j-1.2.17.jar:/home/user/.m2/repository/org/slf4j/slf4j-api/1.7.25/slf4j-api-1.7.25.jar:/home/user/.m2/repository/org/slf4j/jul-to-slf4j/1.7.25/jul-to-slf4j-1.7.25.jar:/home/user/.m2/repository/org/eclipse/jetty/jetty-util/9.3.25.v20180904/jetty-util-9.3.25.v20180904.jar:/home/user/.m2/repository/com/fasterxml/jackson/core/jackson-databind/2.9.9/jackson-databind-2.9.9.jar:/home/user/.m2/repository/org/apache/hadoop/hadoop-kms/3.2.0/hadoop-kms-3.2.0-tests.jar:/home/user/.m2/repository/org/apache/hadoop/hadoop-hdds-server-scm/0.5.0-SNAPSHOT/hadoop-hdds-server-scm-0.5.0-SNAPSHOT-tests.jar:/home/user/.m2/repository/org/apache/hadoop/hadoop-hdds-container-service/0.5.0-SNAPSHOT/hadoop-hdds-container-service-0.5.0-SNAPSHOT-tests.jar:/home/user/.m2/repository/org/yaml/snakeyaml/1.16/snakeyaml-1.16.jar:/home/user/.m2/repository/org/apache/hadoop/hadoop-common/3.2.0/hadoop-common-3.2.0-tests.jar:/home/user/.m2/repository/org/apache/hadoop/hadoop-annotations/3.2.0/hadoop-annotations-3.2.0.jar:/usr/lib/jvm/java-1.8.0-openjdk-1.8.0.222.b10-1.el7_7.x86_64/jre/../lib/tools.jar:/home/user/.m2/repository/commons-cli/commons-cli/1.2/commons-cli-1.2.jar:/home/user/.m2/repository/org/apache/httpcomponents/httpclient/4.5.2/httpclient-4.5.2.jar:/home/user/.m2/repository/org/apache/httpcomponents/httpcore/4.4.4/httpcore-4.4.4.jar:/home/user/.m2/repository/commons-codec/commons-codec/1.11/commons-codec-1.11.jar:/home/user/.m2/repository/commons-net/commons-net/3.6/commons-net-3.6.jar:/home/user/.m2/repository/commons-collections/commons-collections/3.2.2/commons-collections-3.2.2.jar:/home/user/.m2/repository/org/eclipse/jetty/jetty-servlet/9.3.25.v20180904/jetty-servlet-9.3.25.v20180904.jar:/home/user/.m2/repository/org/eclipse/jetty/jetty-security/9.3.25.v20180904/jetty-security-9.3.25.v20180904.jar:/home/user/.m2/repository/javax/servlet/jsp/jsp-api/2.1/jsp-api-2.1.jar:/home/user/.m2/repository/com/sun/jersey/jersey-servlet/1.19/jersey-servlet-1.19.jar:/home/user/.m2/repository/com/sun/jersey/jersey-json/1.19/jersey-json-1.19.jar:/home/user/.m2/repository/org/codehaus/jettison/jettison/1.1/jettison-1.1.jar:/home/user/.m2/repository/org/codehaus/jackson/jackson-core-asl/1.9.13/jackson-core-asl-1.9.13.jar:/home/user/.m2/repository/org/codehaus/jackson/jackson-mapper-asl/1.9.13/jackson-mapper-asl-1.9.13.jar:/home/user/.m2/repository/org/codehaus/jackson/jackson-jaxrs/1.9.13/jackson-jaxrs-1.9.13.jar:/home/user/.m2/repository/org/codehaus/jackson/jackson-xc/1.9.13/jackson-xc-1.9.13.jar:/home/user/.m2/repository/commons-logging/commons-logging/1.1.3/commons-logging-1.1.3.jar:/home/user/.m2/repository/commons-beanutils/commons-beanutils/1.9.4/commons-beanutils-1.9.4.jar:/home/user/.m2/repository/org/apache/commons/commons-configuration2/2.1.1/commons-configuration2-2.1.1.jar:/home/user/.m2/repository/org/apache/commons/commons-lang3/3.7/commons-lang3-3.7.jar:/home/user/.m2/repository/org/apache/commons/commons-text/1.4/commons-text-1.4.jar:/home/user/.m2/repository/org/apache/avro/avro/1.7.7/avro-1.7.7.jar:/home/user/.m2/repository/com/thoughtworks/paranamer/paranamer/2.3/paranamer-2.3.jar:/home/user/.m2/repository/org/xerial/snappy/snappy-java/1.0.5/snappy-java-1.0.5.jar:/home/user/.m2/repository/com/google/re2j/re2j/1.1/re2j-1.1.jar:/home/user/.m2/repository/com/google/code/gson/gson/2.2.4/gson-2.2.4.jar:/home/user/.m2/repository/com/jcraft/jsch/0.1.54/jsch-0.1.54.jar:/home/user/.m2/repository/org/apache/curator/curator-client/2.12.0/curator-client-2.12.0.jar:/home/user/.m2/repository/org/apache/curator/curator-recipes/2.12.0/curator-recipes-2.12.0.jar:/home/user/.m2/repository/com/google/code/findbugs/jsr305/3.0.0/jsr305-3.0.0.jar:/home/user/.m2/repository/org/apache/htrace/htrace-core4/4.1.0-incubating/htrace-core4-4.1.0-incubating.jar:/home/user/.m2/repository/org/apache/zookeeper/zookeeper/3.4.13/zookeeper-3.4.13.jar:/home/user/.m2/repository/jline/jline/0.9.94/jline-0.9.94.jar:/home/user/.m2/repository/org/apache/yetus/audience-annotations/0.5.0/audience-annotations-0.5.0.jar:/home/user/.m2/repository/org/codehaus/woodstox/stax2-api/3.1.4/stax2-api-3.1.4.jar:/home/user/.m2/repository/com/fasterxml/woodstox/woodstox-core/5.0.3/woodstox-core-5.0.3.jar:/home/user/.m2/repository/dnsjava/dnsjava/2.1.7/dnsjava-2.1.7.jar:/home/user/.m2/repository/org/apache/hadoop/hadoop-hdfs/3.2.0/hadoop-hdfs-3.2.0-tests.jar:/home/user/.m2/repository/org/eclipse/jetty/jetty-util-ajax/9.3.25.v20180904/jetty-util-ajax-9.3.25.v20180904.jar:/home/user/.m2/repository/commons-daemon/commons-daemon/1.0.13/commons-daemon-1.0.13.jar:/home/user/.m2/repository/io/netty/netty/3.10.5.Final/netty-3.10.5.Final.jar:/home/user/.m2/repository/io/netty/netty-all/4.0.52.Final/netty-all-4.0.52.Final.jar:/home/user/.m2/repository/org/fusesource/leveldbjni/leveldbjni-all/1.8/leveldbjni-all-1.8.jar:"/>
    <property name="sun.cpu.endian" value="little"/>
    <property name="user.home" value="/home/user"/>
    <property name="user.language" value="en"/>
    <property name="java.specification.vendor" value="Oracle Corporation"/>
    <property name="java.home" value="/usr/lib/jvm/java-1.8.0-openjdk-1.8.0.222.b10-1.el7_7.x86_64/jre"/>
    <property name="surefire.excludesFile" value="/tools/ozone-bad-unit-tests"/>
    <property name="java.security.krb5.conf" value="/workdir/hadoop-ozone/integration-test/target/test-classes/krb5.conf"/>
    <property name="basedir" value="/workdir/hadoop-ozone/integration-test"/>
    <property name="file.separator" value="/"/>
    <property name="line.separator" value="&#10;"/>
    <property name="java.vm.specification.vendor" value="Oracle Corporation"/>
    <property name="java.specification.name" value="Java Platform API Specification"/>
    <property name="java.awt.graphicsenv" value="sun.awt.X11GraphicsEnvironment"/>
    <property name="surefire.real.class.path" value="/workdir/hadoop-ozone/integration-test/target/surefire/surefirebooter1458661697396174604.jar"/>
    <property name="hadoop.log.dir" value="/workdir/hadoop-ozone/integration-test/target/log"/>
    <property name="sun.boot.class.path" value="/usr/lib/jvm/java-1.8.0-openjdk-1.8.0.222.b10-1.el7_7.x86_64/jre/lib/resources.jar:/usr/lib/jvm/java-1.8.0-openjdk-1.8.0.222.b10-1.el7_7.x86_64/jre/lib/rt.jar:/usr/lib/jvm/java-1.8.0-openjdk-1.8.0.222.b10-1.el7_7.x86_64/jre/lib/sunrsasign.jar:/usr/lib/jvm/java-1.8.0-openjdk-1.8.0.222.b10-1.el7_7.x86_64/jre/lib/jsse.jar:/usr/lib/jvm/java-1.8.0-openjdk-1.8.0.222.b10-1.el7_7.x86_64/jre/lib/jce.jar:/usr/lib/jvm/java-1.8.0-openjdk-1.8.0.222.b10-1.el7_7.x86_64/jre/lib/charsets.jar:/usr/lib/jvm/java-1.8.0-openjdk-1.8.0.222.b10-1.el7_7.x86_64/jre/lib/jfr.jar:/usr/lib/jvm/java-1.8.0-openjdk-1.8.0.222.b10-1.el7_7.x86_64/jre/classes"/>
    <property name="sun.management.compiler" value="HotSpot 64-Bit Tiered Compilers"/>
    <property name="java.runtime.version" value="1.8.0_222-b10"/>
    <property name="java.net.preferIPv4Stack" value="true"/>
    <property name="user.name" value="jenkins1000"/>
    <property name="path.separator" value=":"/>
    <property name="java.security.egd" value="file:///dev/urandom"/>
    <property name="os.version" value="3.10.0-957.12.2.el7.x86_64"/>
    <property name="java.endorsed.dirs" value="/usr/lib/jvm/java-1.8.0-openjdk-1.8.0.222.b10-1.el7_7.x86_64/jre/lib/endorsed"/>
    <property name="java.runtime.name" value="OpenJDK Runtime Environment"/>
    <property name="file.encoding" value="ANSI_X3.4-1968"/>
    <property name="java.vm.name" value="OpenJDK 64-Bit Server VM"/>
    <property name="test.build.webapps" value=""/>
    <property name="localRepository" value="/home/user/.m2/repository"/>
    <property name="java.vendor.url.bug" value="http://bugreport.sun.com/bugreport/"/>
    <property name="java.io.tmpdir" value="/tmp"/>
    <property name="require.test.libhadoop" value=""/>
    <property name="java.version" value="1.8.0_222"/>
    <property name="user.dir" value="/workdir/hadoop-ozone/integration-test"/>
    <property name="os.arch" value="amd64"/>
    <property name="java.vm.specification.name" value="Java Virtual Machine Specification"/>
    <property name="test.build.classes" value="/workdir/hadoop-ozone/integration-test/target/test-classes"/>
    <property name="java.awt.printerjob" value="sun.print.PSPrinterJob"/>
    <property name="sun.os.patch.level" value="unknown"/>
    <property name="hadoop.tmp.dir" value="/workdir/hadoop-ozone/integration-test/target/tmp"/>
    <property name="java.library.path" value="/usr/lib:/workdir/hadoop-ozone/integration-test/target/native/target/usr/local/lib:/workdir/hadoop-ozone/integration-test/../../hadoop-common-project/hadoop-common/target/native/target/usr/local/lib:/usr/java/packages/lib/amd64:/usr/lib64:/lib64:/lib:/usr/lib"/>
    <property name="java.vm.info" value="mixed mode"/>
    <property name="java.vendor" value="Oracle Corporation"/>
    <property name="java.vm.version" value="25.222-b10"/>
    <property name="java.ext.dirs" value="/usr/lib/jvm/java-1.8.0-openjdk-1.8.0.222.b10-1.el7_7.x86_64/jre/lib/ext:/usr/java/packages/lib/ext"/>
    <property name="sun.io.unicode.encoding" value="UnicodeLittle"/>
    <property name="java.class.version" value="52.0"/>
  </properties>
  <testcase name="testMultiBlockWritesWithIntermittentDnFailures" classname="org.apache.hadoop.ozone.client.rpc.TestMultiBlockWritesWithDnFailures" time="87.839">
    <failure message="expected:&lt;6&gt; but was:&lt;3&gt;" type="java.lang.AssertionError"><![CDATA[java.lang.AssertionError: expected:<6> but was:<3>
	at org.junit.Assert.fail(Assert.java:88)
	at org.junit.Assert.failNotEquals(Assert.java:743)
	at org.junit.Assert.assertEquals(Assert.java:118)
	at org.junit.Assert.assertEquals(Assert.java:555)
	at org.junit.Assert.assertEquals(Assert.java:542)
	at org.apache.hadoop.ozone.client.rpc.TestMultiBlockWritesWithDnFailures.testMultiBlockWritesWithIntermittentDnFailures(TestMultiBlockWritesWithDnFailures.java:176)
	at sun.reflect.NativeMethodAccessorImpl.invoke0(Native Method)
	at sun.reflect.NativeMethodAccessorImpl.invoke(NativeMethodAccessorImpl.java:62)
	at sun.reflect.DelegatingMethodAccessorImpl.invoke(DelegatingMethodAccessorImpl.java:43)
	at java.lang.reflect.Method.invoke(Method.java:498)
	at org.junit.runners.model.FrameworkMethod$1.runReflectiveCall(FrameworkMethod.java:47)
	at org.junit.internal.runners.model.ReflectiveCallable.run(ReflectiveCallable.java:12)
	at org.junit.runners.model.FrameworkMethod.invokeExplosively(FrameworkMethod.java:44)
	at org.junit.internal.runners.statements.InvokeMethod.evaluate(InvokeMethod.java:17)
	at org.junit.internal.runners.statements.RunAfters.evaluate(RunAfters.java:27)
	at org.junit.runners.ParentRunner.runLeaf(ParentRunner.java:271)
	at org.junit.runners.BlockJUnit4ClassRunner.runChild(BlockJUnit4ClassRunner.java:70)
	at org.junit.runners.BlockJUnit4ClassRunner.runChild(BlockJUnit4ClassRunner.java:50)
	at org.junit.runners.ParentRunner$3.run(ParentRunner.java:238)
	at org.junit.runners.ParentRunner$1.schedule(ParentRunner.java:63)
	at org.junit.runners.ParentRunner.runChildren(ParentRunner.java:236)
	at org.junit.runners.ParentRunner.access$000(ParentRunner.java:53)
	at org.junit.runners.ParentRunner$2.evaluate(ParentRunner.java:229)
	at org.junit.runners.ParentRunner.run(ParentRunner.java:309)
	at org.apache.maven.surefire.junit4.JUnit4Provider.execute(JUnit4Provider.java:365)
	at org.apache.maven.surefire.junit4.JUnit4Provider.executeWithRerun(JUnit4Provider.java:273)
	at org.apache.maven.surefire.junit4.JUnit4Provider.executeTestSet(JUnit4Provider.java:238)
	at org.apache.maven.surefire.junit4.JUnit4Provider.invoke(JUnit4Provider.java:159)
	at org.apache.maven.surefire.booter.ForkedBooter.invokeProviderInSameClassLoader(ForkedBooter.java:384)
	at org.apache.maven.surefire.booter.ForkedBooter.runSuitesInProcess(ForkedBooter.java:345)
	at org.apache.maven.surefire.booter.ForkedBooter.execute(ForkedBooter.java:126)
	at org.apache.maven.surefire.booter.ForkedBooter.main(ForkedBooter.java:418)
]]></failure>
    <system-out><![CDATA[2019-10-16 17:18:13,681 [main] WARN  server.ServerUtils (ServerUtils.java:getScmDbDir(145)) - ozone.scm.db.dirs is not configured. We recommend adding this setting. Falling back to ozone.metadata.dirs instead.
2019-10-16 17:18:13,816 [main] WARN  server.ServerUtils (ServerUtils.java:getScmDbDir(145)) - ozone.scm.db.dirs is not configured. We recommend adding this setting. Falling back to ozone.metadata.dirs instead.
2019-10-16 17:18:13,820 [main] WARN  server.ServerUtils (ServerUtils.java:getScmDbDir(145)) - ozone.scm.db.dirs is not configured. We recommend adding this setting. Falling back to ozone.metadata.dirs instead.
2019-10-16 17:18:13,849 [main] INFO  util.log (Log.java:initialized(192)) - Logging initialized @843ms
2019-10-16 17:18:13,938 [main] INFO  db.DBStoreBuilder (DBStoreBuilder.java:addTable(117)) - using custom profile for table: deletedBlocks
2019-10-16 17:18:13,939 [main] INFO  db.DBStoreBuilder (DBStoreBuilder.java:processTables(168)) - Using default column profile:DBProfile.DISK for Table:deletedBlocks
2019-10-16 17:18:13,939 [main] INFO  db.DBStoreBuilder (DBStoreBuilder.java:addTable(117)) - using custom profile for table: validCerts
2019-10-16 17:18:13,939 [main] INFO  db.DBStoreBuilder (DBStoreBuilder.java:processTables(168)) - Using default column profile:DBProfile.DISK for Table:validCerts
2019-10-16 17:18:13,940 [main] INFO  db.DBStoreBuilder (DBStoreBuilder.java:addTable(117)) - using custom profile for table: revokedCerts
2019-10-16 17:18:13,940 [main] INFO  db.DBStoreBuilder (DBStoreBuilder.java:processTables(168)) - Using default column profile:DBProfile.DISK for Table:revokedCerts
2019-10-16 17:18:13,949 [main] INFO  db.DBStoreBuilder (DBStoreBuilder.java:addTable(117)) - using custom profile for table: default
2019-10-16 17:18:13,949 [main] INFO  db.DBStoreBuilder (DBStoreBuilder.java:processTables(174)) - Using default column profile:DBProfile.DISK for Table:default
2019-10-16 17:18:13,951 [main] INFO  db.DBStoreBuilder (DBStoreBuilder.java:getDbProfile(205)) - Using default options. DBProfile.DISK
2019-10-16 17:18:14,152 [main] INFO  net.NodeSchemaLoader (NodeSchemaLoader.java:loadSchemaFromFile(125)) - Loading file from sun.misc.CompoundEnumeration@6b2ea799
2019-10-16 17:18:14,154 [main] INFO  net.NodeSchemaLoader (NodeSchemaLoader.java:loadSchema(171)) - Loading network topology layer schema file
2019-10-16 17:18:14,208 [main] INFO  node.SCMNodeManager (SCMNodeManager.java:<init>(117)) - Entering startup safe mode.
2019-10-16 17:18:14,266 [main] INFO  algorithms.ContainerPlacementPolicyFactory (ContainerPlacementPolicyFactory.java:getPolicy(57)) - Create container placement policy of type org.apache.hadoop.hdds.scm.container.placement.algorithms.SCMContainerPlacementRandom
2019-10-16 17:18:14,278 [main] WARN  server.ServerUtils (ServerUtils.java:getScmDbDir(145)) - ozone.scm.db.dirs is not configured. We recommend adding this setting. Falling back to ozone.metadata.dirs instead.
2019-10-16 17:18:14,337 [main] INFO  pipeline.SCMPipelineManager (SCMPipelineManager.java:initializePipelineState(132)) - No pipeline exists in current db
2019-10-16 17:18:14,339 [main] WARN  server.ServerUtils (ServerUtils.java:getScmDbDir(145)) - ozone.scm.db.dirs is not configured. We recommend adding this setting. Falling back to ozone.metadata.dirs instead.
2019-10-16 17:18:14,438 [main] WARN  events.EventQueue (EventQueue.java:fireEvent(183)) - No event handler registered for event TypedEvent{payloadType=SafeModeStatus, name='SafeModeStatus'}
2019-10-16 17:18:14,777 [main] INFO  ipc.CallQueueManager (CallQueueManager.java:<init>(84)) - Using callQueue: class java.util.concurrent.LinkedBlockingQueue, queueCapacity: 2000, scheduler: class org.apache.hadoop.ipc.DefaultRpcScheduler, ipcBackoff: false.
2019-10-16 17:18:14,807 [Socket Reader #1 for port 44304] INFO  ipc.Server (Server.java:run(1074)) - Starting Socket Reader #1 for port 44304
2019-10-16 17:18:14,942 [main] INFO  ipc.CallQueueManager (CallQueueManager.java:<init>(84)) - Using callQueue: class java.util.concurrent.LinkedBlockingQueue, queueCapacity: 2000, scheduler: class org.apache.hadoop.ipc.DefaultRpcScheduler, ipcBackoff: false.
2019-10-16 17:18:14,943 [Socket Reader #1 for port 39034] INFO  ipc.Server (Server.java:run(1074)) - Starting Socket Reader #1 for port 39034
2019-10-16 17:18:14,955 [main] INFO  ipc.CallQueueManager (CallQueueManager.java:<init>(84)) - Using callQueue: class java.util.concurrent.LinkedBlockingQueue, queueCapacity: 2000, scheduler: class org.apache.hadoop.ipc.DefaultRpcScheduler, ipcBackoff: false.
2019-10-16 17:18:14,956 [Socket Reader #1 for port 44511] INFO  ipc.Server (Server.java:run(1074)) - Starting Socket Reader #1 for port 44511
2019-10-16 17:18:14,982 [main] INFO  hdfs.DFSUtil (DFSUtil.java:httpServerTemplateForNNAndJN(1641)) - Starting Web-server for scm at: http://0.0.0.0:0
2019-10-16 17:18:15,159 [main] INFO  server.AuthenticationFilter (AuthenticationFilter.java:constructSecretProvider(240)) - Unable to initialize FileSignerSecretProvider, falling back to use random secrets.
2019-10-16 17:18:15,168 [main] WARN  http.HttpRequestLog (HttpRequestLog.java:getRequestLog(97)) - Jetty request log can only be enabled using Log4j
2019-10-16 17:18:15,176 [main] INFO  http.HttpServer2 (HttpServer2.java:addGlobalFilter(975)) - Added global filter 'safety' (class=org.apache.hadoop.http.HttpServer2$QuotingInputFilter)
2019-10-16 17:18:15,178 [main] INFO  http.HttpServer2 (HttpServer2.java:addFilter(948)) - Added filter static_user_filter (class=org.apache.hadoop.http.lib.StaticUserWebFilter$StaticUserFilter) to context scm
2019-10-16 17:18:15,179 [main] INFO  http.HttpServer2 (HttpServer2.java:addFilter(958)) - Added filter static_user_filter (class=org.apache.hadoop.http.lib.StaticUserWebFilter$StaticUserFilter) to context static
2019-10-16 17:18:15,179 [main] INFO  http.HttpServer2 (HttpServer2.java:addFilter(958)) - Added filter static_user_filter (class=org.apache.hadoop.http.lib.StaticUserWebFilter$StaticUserFilter) to context logs
2019-10-16 17:18:15,213 [main] INFO  server.StorageContainerManager (StorageContainerManager.java:start(777)) - StorageContainerLocationProtocol RPC server is listening at /0.0.0.0:44511
2019-10-16 17:18:15,272 [main] WARN  impl.MetricsConfig (MetricsConfig.java:loadFirst(134)) - Cannot locate configuration: tried hadoop-metrics2-storagecontainermanager.properties,hadoop-metrics2.properties
2019-10-16 17:18:15,285 [main] INFO  impl.MetricsSystemImpl (MetricsSystemImpl.java:startTimer(374)) - Scheduled Metric snapshot period at 10 second(s).
2019-10-16 17:18:15,285 [main] INFO  impl.MetricsSystemImpl (MetricsSystemImpl.java:start(191)) - StorageContainerManager metrics system started
2019-10-16 17:18:15,513 [main] INFO  server.SCMClientProtocolServer (SCMClientProtocolServer.java:start(159)) - RPC server for Client  is listening at /0.0.0.0:44511
2019-10-16 17:18:15,514 [IPC Server Responder] INFO  ipc.Server (Server.java:run(1314)) - IPC Server Responder: starting
2019-10-16 17:18:15,514 [IPC Server listener on 44511] INFO  ipc.Server (Server.java:run(1153)) - IPC Server listener on 44511: starting
2019-10-16 17:18:15,517 [main] INFO  server.StorageContainerManager (StorageContainerManager.java:start(787)) - ScmBlockLocationProtocol RPC server is listening at /0.0.0.0:39034
2019-10-16 17:18:15,517 [main] INFO  server.SCMBlockProtocolServer (SCMBlockProtocolServer.java:start(146)) - RPC server for Block Protocol is listening at /0.0.0.0:39034
2019-10-16 17:18:15,518 [IPC Server Responder] INFO  ipc.Server (Server.java:run(1314)) - IPC Server Responder: starting
2019-10-16 17:18:15,518 [IPC Server listener on 39034] INFO  ipc.Server (Server.java:run(1153)) - IPC Server listener on 39034: starting
2019-10-16 17:18:15,520 [main] INFO  server.StorageContainerManager (StorageContainerManager.java:start(791)) - ScmDatanodeProtocl RPC server is listening at /0.0.0.0:44304
2019-10-16 17:18:15,520 [main] INFO  server.SCMDatanodeProtocolServer (SCMDatanodeProtocolServer.java:start(169)) - RPC server for DataNodes is listening at /0.0.0.0:44304
2019-10-16 17:18:15,521 [IPC Server listener on 44304] INFO  ipc.Server (Server.java:run(1153)) - IPC Server listener on 44304: starting
2019-10-16 17:18:15,521 [IPC Server Responder] INFO  ipc.Server (Server.java:run(1314)) - IPC Server Responder: starting
2019-10-16 17:18:15,524 [main] INFO  http.HttpServer2 (HttpServer2.java:bindListener(1191)) - Jetty bound to port 35225
2019-10-16 17:18:15,526 [main] INFO  server.Server (Server.java:doStart(351)) - jetty-9.3.25.v20180904, build timestamp: 2018-09-04T21:11:46Z, git hash: 3ce520221d0240229c862b122d2b06c12a625732
2019-10-16 17:18:15,563 [main] INFO  handler.ContextHandler (ContextHandler.java:doStart(781)) - Started o.e.j.s.ServletContextHandler@56e8b606{/logs,file:///workdir/hadoop-ozone/integration-test/target/log,AVAILABLE}
2019-10-16 17:18:15,564 [main] INFO  handler.ContextHandler (ContextHandler.java:doStart(781)) - Started o.e.j.s.ServletContextHandler@784c3487{/static,file:///workdir/hadoop-ozone/integration-test/target/test-classes/webapps/static,AVAILABLE}
2019-10-16 17:18:15,597 [main] INFO  handler.ContextHandler (ContextHandler.java:doStart(781)) - Started o.e.j.w.WebAppContext@687a762c{/,file:///workdir/hadoop-ozone/integration-test/target/test-classes/webapps/scm/,AVAILABLE}{/scm}
2019-10-16 17:18:15,603 [main] INFO  server.AbstractConnector (AbstractConnector.java:doStart(278)) - Started ServerConnector@7889a1ac{HTTP/1.1,[http/1.1]}{0.0.0.0:35225}
2019-10-16 17:18:15,603 [main] INFO  server.Server (Server.java:doStart(419)) - Started @2597ms
2019-10-16 17:18:15,605 [main] INFO  impl.MetricsSinkAdapter (MetricsSinkAdapter.java:start(204)) - Sink prometheus started
2019-10-16 17:18:15,606 [main] INFO  impl.MetricsSystemImpl (MetricsSystemImpl.java:registerSink(301)) - Registered sink prometheus
2019-10-16 17:18:15,607 [main] INFO  server.BaseHttpServer (BaseHttpServer.java:updateConnectorAddress(215)) - HTTP server of SCM is listening at http://0.0.0.0:35225
2019-10-16 17:18:15,614 [org.apache.hadoop.util.JvmPauseMonitor$Monitor@52350abb] INFO  util.JvmPauseMonitor (JvmPauseMonitor.java:run(188)) - Starting JVM pause monitor
2019-10-16 17:18:15,617 [main] WARN  server.ServerUtils (ServerUtils.java:getDBPath(222)) - ozone.om.db.dirs is not configured. We recommend adding this setting. Falling back to ozone.metadata.dirs instead.
2019-10-16 17:18:15,749 [main] INFO  ha.OMHANodeDetails (OMHANodeDetails.java:loadOMHAConfig(190)) - Configuration either no ozone.om.address set. Falling back to the default OM address /127.0.0.1:0
2019-10-16 17:18:15,749 [main] INFO  ha.OMHANodeDetails (OMHANodeDetails.java:getOMNodeDetails(220)) - OM Service ID is not set. Setting it to the default ID: omServiceIdDefault
2019-10-16 17:18:15,753 [main] WARN  server.ServerUtils (ServerUtils.java:getDBPath(222)) - ozone.om.db.dirs is not configured. We recommend adding this setting. Falling back to ozone.metadata.dirs instead.
2019-10-16 17:18:15,754 [main] WARN  server.ServerUtils (ServerUtils.java:getDBPath(222)) - ozone.om.db.dirs is not configured. We recommend adding this setting. Falling back to ozone.metadata.dirs instead.
2019-10-16 17:18:16,385 [main] WARN  server.ServerUtils (ServerUtils.java:getDBPath(222)) - ozone.om.db.dirs is not configured. We recommend adding this setting. Falling back to ozone.metadata.dirs instead.
2019-10-16 17:18:16,392 [main] INFO  db.DBStoreBuilder (DBStoreBuilder.java:addTable(117)) - using custom profile for table: userTable
2019-10-16 17:18:16,392 [main] INFO  db.DBStoreBuilder (DBStoreBuilder.java:processTables(168)) - Using default column profile:DBProfile.DISK for Table:userTable
2019-10-16 17:18:16,392 [main] INFO  db.DBStoreBuilder (DBStoreBuilder.java:addTable(117)) - using custom profile for table: volumeTable
2019-10-16 17:18:16,393 [main] INFO  db.DBStoreBuilder (DBStoreBuilder.java:processTables(168)) - Using default column profile:DBProfile.DISK for Table:volumeTable
2019-10-16 17:18:16,393 [main] INFO  db.DBStoreBuilder (DBStoreBuilder.java:addTable(117)) - using custom profile for table: bucketTable
2019-10-16 17:18:16,393 [main] INFO  db.DBStoreBuilder (DBStoreBuilder.java:processTables(168)) - Using default column profile:DBProfile.DISK for Table:bucketTable
2019-10-16 17:18:16,393 [main] INFO  db.DBStoreBuilder (DBStoreBuilder.java:addTable(117)) - using custom profile for table: keyTable
2019-10-16 17:18:16,393 [main] INFO  db.DBStoreBuilder (DBStoreBuilder.java:processTables(168)) - Using default column profile:DBProfile.DISK for Table:keyTable
2019-10-16 17:18:16,394 [main] INFO  db.DBStoreBuilder (DBStoreBuilder.java:addTable(117)) - using custom profile for table: deletedTable
2019-10-16 17:18:16,394 [main] INFO  db.DBStoreBuilder (DBStoreBuilder.java:processTables(168)) - Using default column profile:DBProfile.DISK for Table:deletedTable
2019-10-16 17:18:16,394 [main] INFO  db.DBStoreBuilder (DBStoreBuilder.java:addTable(117)) - using custom profile for table: openKeyTable
2019-10-16 17:18:16,394 [main] INFO  db.DBStoreBuilder (DBStoreBuilder.java:processTables(168)) - Using default column profile:DBProfile.DISK for Table:openKeyTable
2019-10-16 17:18:16,395 [main] INFO  db.DBStoreBuilder (DBStoreBuilder.java:addTable(117)) - using custom profile for table: s3Table
2019-10-16 17:18:16,395 [main] INFO  db.DBStoreBuilder (DBStoreBuilder.java:processTables(168)) - Using default column profile:DBProfile.DISK for Table:s3Table
2019-10-16 17:18:16,395 [main] INFO  db.DBStoreBuilder (DBStoreBuilder.java:addTable(117)) - using custom profile for table: multipartInfoTable
2019-10-16 17:18:16,395 [main] INFO  db.DBStoreBuilder (DBStoreBuilder.java:processTables(168)) - Using default column profile:DBProfile.DISK for Table:multipartInfoTable
2019-10-16 17:18:16,395 [main] INFO  db.DBStoreBuilder (DBStoreBuilder.java:addTable(117)) - using custom profile for table: dTokenTable
2019-10-16 17:18:16,396 [main] INFO  db.DBStoreBuilder (DBStoreBuilder.java:processTables(168)) - Using default column profile:DBProfile.DISK for Table:dTokenTable
2019-10-16 17:18:16,396 [main] INFO  db.DBStoreBuilder (DBStoreBuilder.java:addTable(117)) - using custom profile for table: s3SecretTable
2019-10-16 17:18:16,396 [main] INFO  db.DBStoreBuilder (DBStoreBuilder.java:processTables(168)) - Using default column profile:DBProfile.DISK for Table:s3SecretTable
2019-10-16 17:18:16,396 [main] INFO  db.DBStoreBuilder (DBStoreBuilder.java:addTable(117)) - using custom profile for table: prefixTable
2019-10-16 17:18:16,396 [main] INFO  db.DBStoreBuilder (DBStoreBuilder.java:processTables(168)) - Using default column profile:DBProfile.DISK for Table:prefixTable
2019-10-16 17:18:16,397 [main] INFO  db.DBStoreBuilder (DBStoreBuilder.java:addTable(117)) - using custom profile for table: default
2019-10-16 17:18:16,397 [main] INFO  db.DBStoreBuilder (DBStoreBuilder.java:processTables(174)) - Using default column profile:DBProfile.DISK for Table:default
2019-10-16 17:18:16,397 [main] INFO  db.DBStoreBuilder (DBStoreBuilder.java:getDbProfile(205)) - Using default options. DBProfile.DISK
2019-10-16 17:18:16,897 [main] INFO  ipc.CallQueueManager (CallQueueManager.java:<init>(84)) - Using callQueue: class java.util.concurrent.LinkedBlockingQueue, queueCapacity: 2000, scheduler: class org.apache.hadoop.ipc.DefaultRpcScheduler, ipcBackoff: false.
2019-10-16 17:18:16,898 [Socket Reader #1 for port 40480] INFO  ipc.Server (Server.java:run(1074)) - Starting Socket Reader #1 for port 40480
2019-10-16 17:18:16,922 [main] INFO  om.OzoneManager (OzoneManager.java:start(1071)) - OzoneManager RPC server is listening at localhost/127.0.0.1:40480
2019-10-16 17:18:16,923 [main] INFO  impl.MetricsSystemImpl (MetricsSystemImpl.java:init(158)) - OzoneManager metrics system started (again)
2019-10-16 17:18:16,930 [IPC Server listener on 40480] INFO  ipc.Server (Server.java:run(1153)) - IPC Server listener on 40480: starting
2019-10-16 17:18:16,930 [IPC Server Responder] INFO  ipc.Server (Server.java:run(1314)) - IPC Server Responder: starting
2019-10-16 17:18:16,935 [main] INFO  hdfs.DFSUtil (DFSUtil.java:httpServerTemplateForNNAndJN(1641)) - Starting Web-server for ozoneManager at: http://0.0.0.0:0
2019-10-16 17:18:16,937 [main] INFO  server.AuthenticationFilter (AuthenticationFilter.java:constructSecretProvider(240)) - Unable to initialize FileSignerSecretProvider, falling back to use random secrets.
2019-10-16 17:18:16,937 [main] WARN  http.HttpRequestLog (HttpRequestLog.java:getRequestLog(97)) - Jetty request log can only be enabled using Log4j
2019-10-16 17:18:16,940 [main] INFO  http.HttpServer2 (HttpServer2.java:addGlobalFilter(975)) - Added global filter 'safety' (class=org.apache.hadoop.http.HttpServer2$QuotingInputFilter)
2019-10-16 17:18:16,941 [main] INFO  http.HttpServer2 (HttpServer2.java:addFilter(948)) - Added filter static_user_filter (class=org.apache.hadoop.http.lib.StaticUserWebFilter$StaticUserFilter) to context ozoneManager
2019-10-16 17:18:16,942 [main] INFO  http.HttpServer2 (HttpServer2.java:addFilter(958)) - Added filter static_user_filter (class=org.apache.hadoop.http.lib.StaticUserWebFilter$StaticUserFilter) to context static
2019-10-16 17:18:16,942 [main] INFO  http.HttpServer2 (HttpServer2.java:addFilter(958)) - Added filter static_user_filter (class=org.apache.hadoop.http.lib.StaticUserWebFilter$StaticUserFilter) to context logs
2019-10-16 17:18:16,945 [main] INFO  http.HttpServer2 (HttpServer2.java:bindListener(1191)) - Jetty bound to port 45259
2019-10-16 17:18:16,945 [main] INFO  server.Server (Server.java:doStart(351)) - jetty-9.3.25.v20180904, build timestamp: 2018-09-04T21:11:46Z, git hash: 3ce520221d0240229c862b122d2b06c12a625732
2019-10-16 17:18:16,947 [main] INFO  handler.ContextHandler (ContextHandler.java:doStart(781)) - Started o.e.j.s.ServletContextHandler@76954a33{/logs,file:///workdir/hadoop-ozone/integration-test/target/log,AVAILABLE}
2019-10-16 17:18:16,948 [main] INFO  handler.ContextHandler (ContextHandler.java:doStart(781)) - Started o.e.j.s.ServletContextHandler@982bb90{/static,file:///workdir/hadoop-ozone/integration-test/target/test-classes/webapps/static,AVAILABLE}
2019-10-16 17:18:16,954 [main] INFO  handler.ContextHandler (ContextHandler.java:doStart(781)) - Started o.e.j.w.WebAppContext@1bc425e7{/,file:///workdir/hadoop-ozone/integration-test/target/test-classes/webapps/ozoneManager/,AVAILABLE}{/ozoneManager}
2019-10-16 17:18:16,955 [main] INFO  server.AbstractConnector (AbstractConnector.java:doStart(278)) - Started ServerConnector@4b2a30d{HTTP/1.1,[http/1.1]}{0.0.0.0:45259}
2019-10-16 17:18:16,955 [main] INFO  server.Server (Server.java:doStart(419)) - Started @3949ms
2019-10-16 17:18:16,956 [main] WARN  impl.MetricsSystemImpl (MetricsSystemImpl.java:register(276)) - Sink prometheus already exists!
2019-10-16 17:18:16,957 [main] INFO  server.BaseHttpServer (BaseHttpServer.java:updateConnectorAddress(215)) - HTTP server of OZONEMANAGER is listening at http://0.0.0.0:45259
2019-10-16 17:18:17,269 [main] INFO  impl.MetricsSystemImpl (MetricsSystemImpl.java:init(158)) - HddsDatanode metrics system started (again)
2019-10-16 17:18:17,315 [main] INFO  ozone.HddsDatanodeService (HddsDatanodeService.java:start(184)) - HddsDatanodeService host:pr-hdds-2197-topology-f2j98-1328871761 ip:192.168.69.90
2019-10-16 17:18:17,347 [main] INFO  volume.HddsVolume (HddsVolume.java:<init>(176)) - Creating Volume: /workdir/hadoop-ozone/integration-test/target/test-dir/MiniOzoneClusterImpl-1b119847-9446-4130-a6ab-c741bf0ba7df/datanode-0/data/containers/hdds of  storage type : DISK and capacity : 1482555576320
2019-10-16 17:18:17,349 [main] INFO  volume.VolumeSet (VolumeSet.java:initializeVolumeSet(170)) - Added Volume : /workdir/hadoop-ozone/integration-test/target/test-dir/MiniOzoneClusterImpl-1b119847-9446-4130-a6ab-c741bf0ba7df/datanode-0/data/containers/hdds to VolumeSet
2019-10-16 17:18:17,352 [main] INFO  volume.ThrottledAsyncChecker (ThrottledAsyncChecker.java:schedule(141)) - Scheduling a check for org.apache.hadoop.ozone.container.common.volume.HddsVolume@16ade133
2019-10-16 17:18:17,367 [main] INFO  volume.HddsVolumeChecker (HddsVolumeChecker.java:checkAllVolumes(204)) - Scheduled health check for volume org.apache.hadoop.ozone.container.common.volume.HddsVolume@16ade133
2019-10-16 17:18:17,503 [main] INFO  impl.RaftServerProxy (ConfUtils.java:logGet(43)) - raft.rpc.type = GRPC (default)
2019-10-16 17:18:17,568 [main] INFO  grpc.GrpcFactory (GrpcFactory.java:checkPooledByteBufAllocatorUseCacheForAllThreads(45)) - PERFORMANCE WARNING: useCacheForAllThreads is true that may cause Netty to create a lot garbage objects and, as a result, trigger GC.
	It is recommended to disable useCacheForAllThreads by setting -Dorg.apache.ratis.thirdparty.io.netty.allocator.useCacheForAllThreads=false in command line.
2019-10-16 17:18:17,574 [main] INFO  grpc.GrpcConfigKeys$Server (ConfUtils.java:logGet(43)) - raft.grpc.server.port = 0 (default)
2019-10-16 17:18:17,575 [main] INFO  server.GrpcService (ConfUtils.java:logGet(43)) - raft.grpc.message.size.max = 33570816 (custom)
2019-10-16 17:18:17,576 [main] INFO  server.RaftServerConfigKeys (ConfUtils.java:logGet(43)) - raft.server.log.appender.buffer.byte-limit = 33554432 (custom)
2019-10-16 17:18:17,577 [main] INFO  server.GrpcService (ConfUtils.java:logGet(43)) - raft.grpc.flow.control.window = 1MB (=1048576) (default)
2019-10-16 17:18:17,577 [main] INFO  server.RaftServerConfigKeys (ConfUtils.java:logGet(43)) - raft.server.rpc.request.timeout = 3000ms (default)
2019-10-16 17:18:17,746 [main] INFO  server.RaftServerConfigKeys (ConfUtils.java:logGet(43)) - raft.server.storage.dir = [/workdir/hadoop-ozone/integration-test/target/test-dir/MiniOzoneClusterImpl-1b119847-9446-4130-a6ab-c741bf0ba7df/datanode-0/data/ratis] (custom)
2019-10-16 17:18:17,811 [main] INFO  hdfs.DFSUtil (DFSUtil.java:httpServerTemplateForNNAndJN(1641)) - Starting Web-server for hddsDatanode at: http://0.0.0.0:0
2019-10-16 17:18:17,813 [main] INFO  server.AuthenticationFilter (AuthenticationFilter.java:constructSecretProvider(240)) - Unable to initialize FileSignerSecretProvider, falling back to use random secrets.
2019-10-16 17:18:17,814 [main] WARN  http.HttpRequestLog (HttpRequestLog.java:getRequestLog(97)) - Jetty request log can only be enabled using Log4j
2019-10-16 17:18:17,816 [main] INFO  http.HttpServer2 (HttpServer2.java:addGlobalFilter(975)) - Added global filter 'safety' (class=org.apache.hadoop.http.HttpServer2$QuotingInputFilter)
2019-10-16 17:18:17,817 [main] INFO  http.HttpServer2 (HttpServer2.java:addFilter(948)) - Added filter static_user_filter (class=org.apache.hadoop.http.lib.StaticUserWebFilter$StaticUserFilter) to context hddsDatanode
2019-10-16 17:18:17,817 [main] INFO  http.HttpServer2 (HttpServer2.java:addFilter(958)) - Added filter static_user_filter (class=org.apache.hadoop.http.lib.StaticUserWebFilter$StaticUserFilter) to context static
2019-10-16 17:18:17,817 [main] INFO  http.HttpServer2 (HttpServer2.java:addFilter(958)) - Added filter static_user_filter (class=org.apache.hadoop.http.lib.StaticUserWebFilter$StaticUserFilter) to context logs
2019-10-16 17:18:17,819 [main] INFO  http.HttpServer2 (HttpServer2.java:bindListener(1191)) - Jetty bound to port 43632
2019-10-16 17:18:17,819 [main] INFO  server.Server (Server.java:doStart(351)) - jetty-9.3.25.v20180904, build timestamp: 2018-09-04T21:11:46Z, git hash: 3ce520221d0240229c862b122d2b06c12a625732
2019-10-16 17:18:17,822 [main] INFO  handler.ContextHandler (ContextHandler.java:doStart(781)) - Started o.e.j.s.ServletContextHandler@1f7076bc{/logs,file:///workdir/hadoop-ozone/integration-test/target/log,AVAILABLE}
2019-10-16 17:18:17,822 [main] INFO  handler.ContextHandler (ContextHandler.java:doStart(781)) - Started o.e.j.s.ServletContextHandler@5b9396d3{/static,jar:file:/home/user/.m2/repository/org/apache/hadoop/hadoop-hdds-container-service/0.5.0-SNAPSHOT/hadoop-hdds-container-service-0.5.0-SNAPSHOT.jar!/webapps/static,AVAILABLE}
2019-10-16 17:18:17,869 [main] INFO  handler.ContextHandler (ContextHandler.java:doStart(781)) - Started o.e.j.w.WebAppContext@146dcfe6{/,file:///tmp/jetty-0.0.0.0-43632-hddsDatanode-_-any-2339903092141496954.dir/webapp/,AVAILABLE}{/hddsDatanode}
2019-10-16 17:18:17,870 [main] INFO  server.AbstractConnector (AbstractConnector.java:doStart(278)) - Started ServerConnector@22587507{HTTP/1.1,[http/1.1]}{0.0.0.0:43632}
2019-10-16 17:18:17,870 [main] INFO  server.Server (Server.java:doStart(419)) - Started @4864ms
2019-10-16 17:18:17,871 [main] WARN  impl.MetricsSystemImpl (MetricsSystemImpl.java:register(276)) - Sink prometheus already exists!
2019-10-16 17:18:17,873 [main] INFO  server.BaseHttpServer (BaseHttpServer.java:updateConnectorAddress(215)) - HTTP server of HDDSDATANODE is listening at http://0.0.0.0:43632
2019-10-16 17:18:17,874 [main] INFO  impl.MetricsSystemImpl (MetricsSystemImpl.java:init(158)) - HddsDatanode metrics system started (again)
2019-10-16 17:18:17,876 [main] INFO  ozone.HddsDatanodeService (HddsDatanodeService.java:start(184)) - HddsDatanodeService host:pr-hdds-2197-topology-f2j98-1328871761 ip:192.168.69.90
2019-10-16 17:18:17,879 [org.apache.hadoop.util.JvmPauseMonitor$Monitor@3d1c7bd6] INFO  util.JvmPauseMonitor (JvmPauseMonitor.java:run(188)) - Starting JVM pause monitor
2019-10-16 17:18:17,886 [main] INFO  volume.HddsVolume (HddsVolume.java:<init>(176)) - Creating Volume: /workdir/hadoop-ozone/integration-test/target/test-dir/MiniOzoneClusterImpl-1b119847-9446-4130-a6ab-c741bf0ba7df/datanode-1/data/containers/hdds of  storage type : DISK and capacity : 1482555576320
2019-10-16 17:18:17,887 [main] INFO  volume.VolumeSet (VolumeSet.java:initializeVolumeSet(170)) - Added Volume : /workdir/hadoop-ozone/integration-test/target/test-dir/MiniOzoneClusterImpl-1b119847-9446-4130-a6ab-c741bf0ba7df/datanode-1/data/containers/hdds to VolumeSet
2019-10-16 17:18:17,888 [main] INFO  volume.ThrottledAsyncChecker (ThrottledAsyncChecker.java:schedule(141)) - Scheduling a check for org.apache.hadoop.ozone.container.common.volume.HddsVolume@22a736d7
2019-10-16 17:18:17,889 [main] INFO  volume.HddsVolumeChecker (HddsVolumeChecker.java:checkAllVolumes(204)) - Scheduled health check for volume org.apache.hadoop.ozone.container.common.volume.HddsVolume@22a736d7
2019-10-16 17:18:17,905 [main] INFO  impl.RaftServerProxy (ConfUtils.java:logGet(43)) - raft.rpc.type = GRPC (default)
2019-10-16 17:18:17,905 [main] INFO  grpc.GrpcFactory (GrpcFactory.java:checkPooledByteBufAllocatorUseCacheForAllThreads(45)) - PERFORMANCE WARNING: useCacheForAllThreads is true that may cause Netty to create a lot garbage objects and, as a result, trigger GC.
	It is recommended to disable useCacheForAllThreads by setting -Dorg.apache.ratis.thirdparty.io.netty.allocator.useCacheForAllThreads=false in command line.
2019-10-16 17:18:17,906 [main] INFO  grpc.GrpcConfigKeys$Server (ConfUtils.java:logGet(43)) - raft.grpc.server.port = 0 (default)
2019-10-16 17:18:17,906 [main] INFO  server.GrpcService (ConfUtils.java:logGet(43)) - raft.grpc.message.size.max = 33570816 (custom)
2019-10-16 17:18:17,906 [main] INFO  server.RaftServerConfigKeys (ConfUtils.java:logGet(43)) - raft.server.log.appender.buffer.byte-limit = 33554432 (custom)
2019-10-16 17:18:17,907 [main] INFO  server.GrpcService (ConfUtils.java:logGet(43)) - raft.grpc.flow.control.window = 1MB (=1048576) (default)
2019-10-16 17:18:17,907 [main] INFO  server.RaftServerConfigKeys (ConfUtils.java:logGet(43)) - raft.server.rpc.request.timeout = 3000ms (default)
2019-10-16 17:18:17,908 [main] INFO  server.RaftServerConfigKeys (ConfUtils.java:logGet(43)) - raft.server.storage.dir = [/workdir/hadoop-ozone/integration-test/target/test-dir/MiniOzoneClusterImpl-1b119847-9446-4130-a6ab-c741bf0ba7df/datanode-1/data/ratis] (custom)
2019-10-16 17:18:17,911 [main] INFO  hdfs.DFSUtil (DFSUtil.java:httpServerTemplateForNNAndJN(1641)) - Starting Web-server for hddsDatanode at: http://0.0.0.0:0
2019-10-16 17:18:17,913 [main] INFO  server.AuthenticationFilter (AuthenticationFilter.java:constructSecretProvider(240)) - Unable to initialize FileSignerSecretProvider, falling back to use random secrets.
2019-10-16 17:18:17,915 [main] WARN  http.HttpRequestLog (HttpRequestLog.java:getRequestLog(97)) - Jetty request log can only be enabled using Log4j
2019-10-16 17:18:17,918 [main] INFO  http.HttpServer2 (HttpServer2.java:addGlobalFilter(975)) - Added global filter 'safety' (class=org.apache.hadoop.http.HttpServer2$QuotingInputFilter)
2019-10-16 17:18:17,919 [main] INFO  http.HttpServer2 (HttpServer2.java:addFilter(948)) - Added filter static_user_filter (class=org.apache.hadoop.http.lib.StaticUserWebFilter$StaticUserFilter) to context hddsDatanode
2019-10-16 17:18:17,919 [main] INFO  http.HttpServer2 (HttpServer2.java:addFilter(958)) - Added filter static_user_filter (class=org.apache.hadoop.http.lib.StaticUserWebFilter$StaticUserFilter) to context static
2019-10-16 17:18:17,920 [main] INFO  http.HttpServer2 (HttpServer2.java:addFilter(958)) - Added filter static_user_filter (class=org.apache.hadoop.http.lib.StaticUserWebFilter$StaticUserFilter) to context logs
2019-10-16 17:18:17,921 [main] INFO  http.HttpServer2 (HttpServer2.java:bindListener(1191)) - Jetty bound to port 37131
2019-10-16 17:18:17,921 [main] INFO  server.Server (Server.java:doStart(351)) - jetty-9.3.25.v20180904, build timestamp: 2018-09-04T21:11:46Z, git hash: 3ce520221d0240229c862b122d2b06c12a625732
2019-10-16 17:18:17,925 [main] INFO  handler.ContextHandler (ContextHandler.java:doStart(781)) - Started o.e.j.s.ServletContextHandler@6920614{/logs,file:///workdir/hadoop-ozone/integration-test/target/log,AVAILABLE}
2019-10-16 17:18:17,926 [main] INFO  handler.ContextHandler (ContextHandler.java:doStart(781)) - Started o.e.j.s.ServletContextHandler@5fa23c{/static,jar:file:/home/user/.m2/repository/org/apache/hadoop/hadoop-hdds-container-service/0.5.0-SNAPSHOT/hadoop-hdds-container-service-0.5.0-SNAPSHOT.jar!/webapps/static,AVAILABLE}
2019-10-16 17:18:17,976 [main] INFO  handler.ContextHandler (ContextHandler.java:doStart(781)) - Started o.e.j.w.WebAppContext@7a0e7ecd{/,file:///tmp/jetty-0.0.0.0-37131-hddsDatanode-_-any-3090241758611452928.dir/webapp/,AVAILABLE}{/hddsDatanode}
2019-10-16 17:18:17,978 [main] INFO  server.AbstractConnector (AbstractConnector.java:doStart(278)) - Started ServerConnector@54e3658c{HTTP/1.1,[http/1.1]}{0.0.0.0:37131}
2019-10-16 17:18:17,978 [main] INFO  server.Server (Server.java:doStart(419)) - Started @4972ms
2019-10-16 17:18:17,979 [main] WARN  impl.MetricsSystemImpl (MetricsSystemImpl.java:register(276)) - Sink prometheus already exists!
2019-10-16 17:18:17,981 [main] INFO  server.BaseHttpServer (BaseHttpServer.java:updateConnectorAddress(215)) - HTTP server of HDDSDATANODE is listening at http://0.0.0.0:37131
2019-10-16 17:18:17,981 [main] INFO  impl.MetricsSystemImpl (MetricsSystemImpl.java:init(158)) - HddsDatanode metrics system started (again)
2019-10-16 17:18:17,985 [main] INFO  ozone.HddsDatanodeService (HddsDatanodeService.java:start(184)) - HddsDatanodeService host:pr-hdds-2197-topology-f2j98-1328871761 ip:192.168.69.90
2019-10-16 17:18:17,985 [org.apache.hadoop.util.JvmPauseMonitor$Monitor@66b30525] INFO  util.JvmPauseMonitor (JvmPauseMonitor.java:run(188)) - Starting JVM pause monitor
2019-10-16 17:18:17,995 [main] INFO  volume.HddsVolume (HddsVolume.java:<init>(176)) - Creating Volume: /workdir/hadoop-ozone/integration-test/target/test-dir/MiniOzoneClusterImpl-1b119847-9446-4130-a6ab-c741bf0ba7df/datanode-2/data/containers/hdds of  storage type : DISK and capacity : 1482555576320
2019-10-16 17:18:17,996 [main] INFO  volume.VolumeSet (VolumeSet.java:initializeVolumeSet(170)) - Added Volume : /workdir/hadoop-ozone/integration-test/target/test-dir/MiniOzoneClusterImpl-1b119847-9446-4130-a6ab-c741bf0ba7df/datanode-2/data/containers/hdds to VolumeSet
2019-10-16 17:18:17,996 [main] INFO  volume.ThrottledAsyncChecker (ThrottledAsyncChecker.java:schedule(141)) - Scheduling a check for org.apache.hadoop.ozone.container.common.volume.HddsVolume@6981f8f3
2019-10-16 17:18:17,997 [main] INFO  volume.HddsVolumeChecker (HddsVolumeChecker.java:checkAllVolumes(204)) - Scheduled health check for volume org.apache.hadoop.ozone.container.common.volume.HddsVolume@6981f8f3
2019-10-16 17:18:18,013 [Datanode State Machine Thread - 0] INFO  datanode.InitDatanodeState (InitDatanodeState.java:persistContainerDatanodeDetails(140)) - DatanodeDetails is persisted to /workdir/hadoop-ozone/integration-test/target/test-dir/MiniOzoneClusterImpl-1b119847-9446-4130-a6ab-c741bf0ba7df/datanode-0/meta/datanode.id
2019-10-16 17:18:18,017 [Datanode State Machine Thread - 0] INFO  datanode.InitDatanodeState (InitDatanodeState.java:persistContainerDatanodeDetails(140)) - DatanodeDetails is persisted to /workdir/hadoop-ozone/integration-test/target/test-dir/MiniOzoneClusterImpl-1b119847-9446-4130-a6ab-c741bf0ba7df/datanode-1/meta/datanode.id
2019-10-16 17:18:18,019 [main] INFO  impl.RaftServerProxy (ConfUtils.java:logGet(43)) - raft.rpc.type = GRPC (default)
2019-10-16 17:18:18,019 [main] INFO  grpc.GrpcFactory (GrpcFactory.java:checkPooledByteBufAllocatorUseCacheForAllThreads(45)) - PERFORMANCE WARNING: useCacheForAllThreads is true that may cause Netty to create a lot garbage objects and, as a result, trigger GC.
	It is recommended to disable useCacheForAllThreads by setting -Dorg.apache.ratis.thirdparty.io.netty.allocator.useCacheForAllThreads=false in command line.
2019-10-16 17:18:18,019 [main] INFO  grpc.GrpcConfigKeys$Server (ConfUtils.java:logGet(43)) - raft.grpc.server.port = 0 (default)
2019-10-16 17:18:18,020 [main] INFO  server.GrpcService (ConfUtils.java:logGet(43)) - raft.grpc.message.size.max = 33570816 (custom)
2019-10-16 17:18:18,020 [main] INFO  server.RaftServerConfigKeys (ConfUtils.java:logGet(43)) - raft.server.log.appender.buffer.byte-limit = 33554432 (custom)
2019-10-16 17:18:18,020 [main] INFO  server.GrpcService (ConfUtils.java:logGet(43)) - raft.grpc.flow.control.window = 1MB (=1048576) (default)
2019-10-16 17:18:18,021 [main] INFO  server.RaftServerConfigKeys (ConfUtils.java:logGet(43)) - raft.server.rpc.request.timeout = 3000ms (default)
2019-10-16 17:18:18,022 [main] INFO  server.RaftServerConfigKeys (ConfUtils.java:logGet(43)) - raft.server.storage.dir = [/workdir/hadoop-ozone/integration-test/target/test-dir/MiniOzoneClusterImpl-1b119847-9446-4130-a6ab-c741bf0ba7df/datanode-2/data/ratis] (custom)
2019-10-16 17:18:18,025 [main] INFO  hdfs.DFSUtil (DFSUtil.java:httpServerTemplateForNNAndJN(1641)) - Starting Web-server for hddsDatanode at: http://0.0.0.0:0
2019-10-16 17:18:18,027 [main] INFO  server.AuthenticationFilter (AuthenticationFilter.java:constructSecretProvider(240)) - Unable to initialize FileSignerSecretProvider, falling back to use random secrets.
2019-10-16 17:18:18,028 [main] WARN  http.HttpRequestLog (HttpRequestLog.java:getRequestLog(97)) - Jetty request log can only be enabled using Log4j
2019-10-16 17:18:18,032 [main] INFO  http.HttpServer2 (HttpServer2.java:addGlobalFilter(975)) - Added global filter 'safety' (class=org.apache.hadoop.http.HttpServer2$QuotingInputFilter)
2019-10-16 17:18:18,033 [main] INFO  http.HttpServer2 (HttpServer2.java:addFilter(948)) - Added filter static_user_filter (class=org.apache.hadoop.http.lib.StaticUserWebFilter$StaticUserFilter) to context hddsDatanode
2019-10-16 17:18:18,033 [main] INFO  http.HttpServer2 (HttpServer2.java:addFilter(958)) - Added filter static_user_filter (class=org.apache.hadoop.http.lib.StaticUserWebFilter$StaticUserFilter) to context logs
2019-10-16 17:18:18,033 [main] INFO  http.HttpServer2 (HttpServer2.java:addFilter(958)) - Added filter static_user_filter (class=org.apache.hadoop.http.lib.StaticUserWebFilter$StaticUserFilter) to context static
2019-10-16 17:18:18,035 [main] INFO  http.HttpServer2 (HttpServer2.java:bindListener(1191)) - Jetty bound to port 39343
2019-10-16 17:18:18,035 [main] INFO  server.Server (Server.java:doStart(351)) - jetty-9.3.25.v20180904, build timestamp: 2018-09-04T21:11:46Z, git hash: 3ce520221d0240229c862b122d2b06c12a625732
2019-10-16 17:18:18,044 [main] INFO  handler.ContextHandler (ContextHandler.java:doStart(781)) - Started o.e.j.s.ServletContextHandler@561b61ed{/logs,file:///workdir/hadoop-ozone/integration-test/target/log,AVAILABLE}
2019-10-16 17:18:18,045 [main] INFO  handler.ContextHandler (ContextHandler.java:doStart(781)) - Started o.e.j.s.ServletContextHandler@26cb5207{/static,jar:file:/home/user/.m2/repository/org/apache/hadoop/hadoop-hdds-container-service/0.5.0-SNAPSHOT/hadoop-hdds-container-service-0.5.0-SNAPSHOT.jar!/webapps/static,AVAILABLE}
2019-10-16 17:18:18,093 [main] INFO  handler.ContextHandler (ContextHandler.java:doStart(781)) - Started o.e.j.w.WebAppContext@7fdab70c{/,file:///tmp/jetty-0.0.0.0-39343-hddsDatanode-_-any-3670561402376283538.dir/webapp/,AVAILABLE}{/hddsDatanode}
2019-10-16 17:18:18,094 [main] INFO  server.AbstractConnector (AbstractConnector.java:doStart(278)) - Started ServerConnector@25ad4f71{HTTP/1.1,[http/1.1]}{0.0.0.0:39343}
2019-10-16 17:18:18,096 [main] INFO  server.Server (Server.java:doStart(419)) - Started @5090ms
2019-10-16 17:18:18,098 [main] WARN  impl.MetricsSystemImpl (MetricsSystemImpl.java:register(276)) - Sink prometheus already exists!
2019-10-16 17:18:18,100 [main] INFO  server.BaseHttpServer (BaseHttpServer.java:updateConnectorAddress(215)) - HTTP server of HDDSDATANODE is listening at http://0.0.0.0:39343
2019-10-16 17:18:18,100 [main] INFO  impl.MetricsSystemImpl (MetricsSystemImpl.java:init(158)) - HddsDatanode metrics system started (again)
2019-10-16 17:18:18,104 [org.apache.hadoop.util.JvmPauseMonitor$Monitor@194ecaa0] INFO  util.JvmPauseMonitor (JvmPauseMonitor.java:run(188)) - Starting JVM pause monitor
2019-10-16 17:18:18,104 [main] INFO  ozone.HddsDatanodeService (HddsDatanodeService.java:start(184)) - HddsDatanodeService host:pr-hdds-2197-topology-f2j98-1328871761 ip:192.168.69.90
2019-10-16 17:18:18,109 [Datanode State Machine Thread - 0] INFO  datanode.InitDatanodeState (InitDatanodeState.java:persistContainerDatanodeDetails(140)) - DatanodeDetails is persisted to /workdir/hadoop-ozone/integration-test/target/test-dir/MiniOzoneClusterImpl-1b119847-9446-4130-a6ab-c741bf0ba7df/datanode-2/meta/datanode.id
2019-10-16 17:18:18,113 [main] INFO  volume.HddsVolume (HddsVolume.java:<init>(176)) - Creating Volume: /workdir/hadoop-ozone/integration-test/target/test-dir/MiniOzoneClusterImpl-1b119847-9446-4130-a6ab-c741bf0ba7df/datanode-3/data/containers/hdds of  storage type : DISK and capacity : 1482555576320
2019-10-16 17:18:18,114 [main] INFO  volume.VolumeSet (VolumeSet.java:initializeVolumeSet(170)) - Added Volume : /workdir/hadoop-ozone/integration-test/target/test-dir/MiniOzoneClusterImpl-1b119847-9446-4130-a6ab-c741bf0ba7df/datanode-3/data/containers/hdds to VolumeSet
2019-10-16 17:18:18,114 [main] INFO  volume.ThrottledAsyncChecker (ThrottledAsyncChecker.java:schedule(141)) - Scheduling a check for org.apache.hadoop.ozone.container.common.volume.HddsVolume@2924f1d8
2019-10-16 17:18:18,115 [main] INFO  volume.HddsVolumeChecker (HddsVolumeChecker.java:checkAllVolumes(204)) - Scheduled health check for volume org.apache.hadoop.ozone.container.common.volume.HddsVolume@2924f1d8
2019-10-16 17:18:18,129 [main] INFO  impl.RaftServerProxy (ConfUtils.java:logGet(43)) - raft.rpc.type = GRPC (default)
2019-10-16 17:18:18,130 [main] INFO  grpc.GrpcFactory (GrpcFactory.java:checkPooledByteBufAllocatorUseCacheForAllThreads(45)) - PERFORMANCE WARNING: useCacheForAllThreads is true that may cause Netty to create a lot garbage objects and, as a result, trigger GC.
	It is recommended to disable useCacheForAllThreads by setting -Dorg.apache.ratis.thirdparty.io.netty.allocator.useCacheForAllThreads=false in command line.
2019-10-16 17:18:18,130 [main] INFO  grpc.GrpcConfigKeys$Server (ConfUtils.java:logGet(43)) - raft.grpc.server.port = 0 (default)
2019-10-16 17:18:18,130 [main] INFO  server.GrpcService (ConfUtils.java:logGet(43)) - raft.grpc.message.size.max = 33570816 (custom)
2019-10-16 17:18:18,130 [main] INFO  server.RaftServerConfigKeys (ConfUtils.java:logGet(43)) - raft.server.log.appender.buffer.byte-limit = 33554432 (custom)
2019-10-16 17:18:18,130 [main] INFO  server.GrpcService (ConfUtils.java:logGet(43)) - raft.grpc.flow.control.window = 1MB (=1048576) (default)
2019-10-16 17:18:18,131 [main] INFO  server.RaftServerConfigKeys (ConfUtils.java:logGet(43)) - raft.server.rpc.request.timeout = 3000ms (default)
2019-10-16 17:18:18,132 [main] INFO  server.RaftServerConfigKeys (ConfUtils.java:logGet(43)) - raft.server.storage.dir = [/workdir/hadoop-ozone/integration-test/target/test-dir/MiniOzoneClusterImpl-1b119847-9446-4130-a6ab-c741bf0ba7df/datanode-3/data/ratis] (custom)
2019-10-16 17:18:18,134 [main] INFO  hdfs.DFSUtil (DFSUtil.java:httpServerTemplateForNNAndJN(1641)) - Starting Web-server for hddsDatanode at: http://0.0.0.0:0
2019-10-16 17:18:18,136 [main] INFO  server.AuthenticationFilter (AuthenticationFilter.java:constructSecretProvider(240)) - Unable to initialize FileSignerSecretProvider, falling back to use random secrets.
2019-10-16 17:18:18,137 [main] WARN  http.HttpRequestLog (HttpRequestLog.java:getRequestLog(97)) - Jetty request log can only be enabled using Log4j
2019-10-16 17:18:18,138 [main] INFO  http.HttpServer2 (HttpServer2.java:addGlobalFilter(975)) - Added global filter 'safety' (class=org.apache.hadoop.http.HttpServer2$QuotingInputFilter)
2019-10-16 17:18:18,139 [main] INFO  http.HttpServer2 (HttpServer2.java:addFilter(948)) - Added filter static_user_filter (class=org.apache.hadoop.http.lib.StaticUserWebFilter$StaticUserFilter) to context hddsDatanode
2019-10-16 17:18:18,139 [main] INFO  http.HttpServer2 (HttpServer2.java:addFilter(958)) - Added filter static_user_filter (class=org.apache.hadoop.http.lib.StaticUserWebFilter$StaticUserFilter) to context static
2019-10-16 17:18:18,139 [main] INFO  http.HttpServer2 (HttpServer2.java:addFilter(958)) - Added filter static_user_filter (class=org.apache.hadoop.http.lib.StaticUserWebFilter$StaticUserFilter) to context logs
2019-10-16 17:18:18,140 [main] INFO  http.HttpServer2 (HttpServer2.java:bindListener(1191)) - Jetty bound to port 36135
2019-10-16 17:18:18,140 [main] INFO  server.Server (Server.java:doStart(351)) - jetty-9.3.25.v20180904, build timestamp: 2018-09-04T21:11:46Z, git hash: 3ce520221d0240229c862b122d2b06c12a625732
2019-10-16 17:18:18,143 [main] INFO  handler.ContextHandler (ContextHandler.java:doStart(781)) - Started o.e.j.s.ServletContextHandler@5af8bb51{/logs,file:///workdir/hadoop-ozone/integration-test/target/log,AVAILABLE}
2019-10-16 17:18:18,143 [main] INFO  handler.ContextHandler (ContextHandler.java:doStart(781)) - Started o.e.j.s.ServletContextHandler@2e66bc32{/static,jar:file:/home/user/.m2/repository/org/apache/hadoop/hadoop-hdds-container-service/0.5.0-SNAPSHOT/hadoop-hdds-container-service-0.5.0-SNAPSHOT.jar!/webapps/static,AVAILABLE}
2019-10-16 17:18:18,180 [main] INFO  handler.ContextHandler (ContextHandler.java:doStart(781)) - Started o.e.j.w.WebAppContext@328d044f{/,file:///tmp/jetty-0.0.0.0-36135-hddsDatanode-_-any-4442855813440450511.dir/webapp/,AVAILABLE}{/hddsDatanode}
2019-10-16 17:18:18,182 [main] INFO  server.AbstractConnector (AbstractConnector.java:doStart(278)) - Started ServerConnector@10f7c76{HTTP/1.1,[http/1.1]}{0.0.0.0:36135}
2019-10-16 17:18:18,183 [main] INFO  server.Server (Server.java:doStart(419)) - Started @5177ms
2019-10-16 17:18:18,183 [main] WARN  impl.MetricsSystemImpl (MetricsSystemImpl.java:register(276)) - Sink prometheus already exists!
2019-10-16 17:18:18,185 [main] INFO  server.BaseHttpServer (BaseHttpServer.java:updateConnectorAddress(215)) - HTTP server of HDDSDATANODE is listening at http://0.0.0.0:36135
2019-10-16 17:18:18,185 [main] INFO  impl.MetricsSystemImpl (MetricsSystemImpl.java:init(158)) - HddsDatanode metrics system started (again)
2019-10-16 17:18:18,188 [main] INFO  ozone.HddsDatanodeService (HddsDatanodeService.java:start(184)) - HddsDatanodeService host:pr-hdds-2197-topology-f2j98-1328871761 ip:192.168.69.90
2019-10-16 17:18:18,189 [org.apache.hadoop.util.JvmPauseMonitor$Monitor@6f97c1e8] INFO  util.JvmPauseMonitor (JvmPauseMonitor.java:run(188)) - Starting JVM pause monitor
2019-10-16 17:18:18,193 [Datanode State Machine Thread - 0] INFO  datanode.InitDatanodeState (InitDatanodeState.java:persistContainerDatanodeDetails(140)) - DatanodeDetails is persisted to /workdir/hadoop-ozone/integration-test/target/test-dir/MiniOzoneClusterImpl-1b119847-9446-4130-a6ab-c741bf0ba7df/datanode-3/meta/datanode.id
2019-10-16 17:18:18,198 [main] INFO  volume.HddsVolume (HddsVolume.java:<init>(176)) - Creating Volume: /workdir/hadoop-ozone/integration-test/target/test-dir/MiniOzoneClusterImpl-1b119847-9446-4130-a6ab-c741bf0ba7df/datanode-4/data/containers/hdds of  storage type : DISK and capacity : 1482555576320
2019-10-16 17:18:18,199 [main] INFO  volume.VolumeSet (VolumeSet.java:initializeVolumeSet(170)) - Added Volume : /workdir/hadoop-ozone/integration-test/target/test-dir/MiniOzoneClusterImpl-1b119847-9446-4130-a6ab-c741bf0ba7df/datanode-4/data/containers/hdds to VolumeSet
2019-10-16 17:18:18,199 [main] INFO  volume.ThrottledAsyncChecker (ThrottledAsyncChecker.java:schedule(141)) - Scheduling a check for org.apache.hadoop.ozone.container.common.volume.HddsVolume@1981d861
2019-10-16 17:18:18,200 [main] INFO  volume.HddsVolumeChecker (HddsVolumeChecker.java:checkAllVolumes(204)) - Scheduled health check for volume org.apache.hadoop.ozone.container.common.volume.HddsVolume@1981d861
2019-10-16 17:18:18,213 [main] INFO  impl.RaftServerProxy (ConfUtils.java:logGet(43)) - raft.rpc.type = GRPC (default)
2019-10-16 17:18:18,214 [main] INFO  grpc.GrpcFactory (GrpcFactory.java:checkPooledByteBufAllocatorUseCacheForAllThreads(45)) - PERFORMANCE WARNING: useCacheForAllThreads is true that may cause Netty to create a lot garbage objects and, as a result, trigger GC.
	It is recommended to disable useCacheForAllThreads by setting -Dorg.apache.ratis.thirdparty.io.netty.allocator.useCacheForAllThreads=false in command line.
2019-10-16 17:18:18,214 [main] INFO  grpc.GrpcConfigKeys$Server (ConfUtils.java:logGet(43)) - raft.grpc.server.port = 0 (default)
2019-10-16 17:18:18,214 [main] INFO  server.GrpcService (ConfUtils.java:logGet(43)) - raft.grpc.message.size.max = 33570816 (custom)
2019-10-16 17:18:18,214 [main] INFO  server.RaftServerConfigKeys (ConfUtils.java:logGet(43)) - raft.server.log.appender.buffer.byte-limit = 33554432 (custom)
2019-10-16 17:18:18,214 [main] INFO  server.GrpcService (ConfUtils.java:logGet(43)) - raft.grpc.flow.control.window = 1MB (=1048576) (default)
2019-10-16 17:18:18,215 [main] INFO  server.RaftServerConfigKeys (ConfUtils.java:logGet(43)) - raft.server.rpc.request.timeout = 3000ms (default)
2019-10-16 17:18:18,215 [main] INFO  server.RaftServerConfigKeys (ConfUtils.java:logGet(43)) - raft.server.storage.dir = [/workdir/hadoop-ozone/integration-test/target/test-dir/MiniOzoneClusterImpl-1b119847-9446-4130-a6ab-c741bf0ba7df/datanode-4/data/ratis] (custom)
2019-10-16 17:18:18,217 [main] INFO  hdfs.DFSUtil (DFSUtil.java:httpServerTemplateForNNAndJN(1641)) - Starting Web-server for hddsDatanode at: http://0.0.0.0:0
2019-10-16 17:18:18,219 [main] INFO  server.AuthenticationFilter (AuthenticationFilter.java:constructSecretProvider(240)) - Unable to initialize FileSignerSecretProvider, falling back to use random secrets.
2019-10-16 17:18:18,222 [main] WARN  http.HttpRequestLog (HttpRequestLog.java:getRequestLog(97)) - Jetty request log can only be enabled using Log4j
2019-10-16 17:18:18,224 [main] INFO  http.HttpServer2 (HttpServer2.java:addGlobalFilter(975)) - Added global filter 'safety' (class=org.apache.hadoop.http.HttpServer2$QuotingInputFilter)
2019-10-16 17:18:18,225 [main] INFO  http.HttpServer2 (HttpServer2.java:addFilter(948)) - Added filter static_user_filter (class=org.apache.hadoop.http.lib.StaticUserWebFilter$StaticUserFilter) to context hddsDatanode
2019-10-16 17:18:18,225 [main] INFO  http.HttpServer2 (HttpServer2.java:addFilter(958)) - Added filter static_user_filter (class=org.apache.hadoop.http.lib.StaticUserWebFilter$StaticUserFilter) to context static
2019-10-16 17:18:18,225 [main] INFO  http.HttpServer2 (HttpServer2.java:addFilter(958)) - Added filter static_user_filter (class=org.apache.hadoop.http.lib.StaticUserWebFilter$StaticUserFilter) to context logs
2019-10-16 17:18:18,226 [main] INFO  http.HttpServer2 (HttpServer2.java:bindListener(1191)) - Jetty bound to port 45590
2019-10-16 17:18:18,226 [main] INFO  server.Server (Server.java:doStart(351)) - jetty-9.3.25.v20180904, build timestamp: 2018-09-04T21:11:46Z, git hash: 3ce520221d0240229c862b122d2b06c12a625732
2019-10-16 17:18:18,230 [main] INFO  handler.ContextHandler (ContextHandler.java:doStart(781)) - Started o.e.j.s.ServletContextHandler@3cd9aa64{/logs,file:///workdir/hadoop-ozone/integration-test/target/log,AVAILABLE}
2019-10-16 17:18:18,230 [main] INFO  handler.ContextHandler (ContextHandler.java:doStart(781)) - Started o.e.j.s.ServletContextHandler@443effcb{/static,jar:file:/home/user/.m2/repository/org/apache/hadoop/hadoop-hdds-container-service/0.5.0-SNAPSHOT/hadoop-hdds-container-service-0.5.0-SNAPSHOT.jar!/webapps/static,AVAILABLE}
2019-10-16 17:18:18,260 [main] INFO  handler.ContextHandler (ContextHandler.java:doStart(781)) - Started o.e.j.w.WebAppContext@709ed6f3{/,file:///tmp/jetty-0.0.0.0-45590-hddsDatanode-_-any-7129386190063855773.dir/webapp/,AVAILABLE}{/hddsDatanode}
2019-10-16 17:18:18,262 [main] INFO  server.AbstractConnector (AbstractConnector.java:doStart(278)) - Started ServerConnector@698fee9a{HTTP/1.1,[http/1.1]}{0.0.0.0:45590}
2019-10-16 17:18:18,262 [main] INFO  server.Server (Server.java:doStart(419)) - Started @5256ms
2019-10-16 17:18:18,262 [main] WARN  impl.MetricsSystemImpl (MetricsSystemImpl.java:register(276)) - Sink prometheus already exists!
2019-10-16 17:18:18,264 [main] INFO  server.BaseHttpServer (BaseHttpServer.java:updateConnectorAddress(215)) - HTTP server of HDDSDATANODE is listening at http://0.0.0.0:45590
2019-10-16 17:18:18,264 [main] INFO  impl.MetricsSystemImpl (MetricsSystemImpl.java:init(158)) - HddsDatanode metrics system started (again)
2019-10-16 17:18:18,267 [main] INFO  ozone.HddsDatanodeService (HddsDatanodeService.java:start(184)) - HddsDatanodeService host:pr-hdds-2197-topology-f2j98-1328871761 ip:192.168.69.90
2019-10-16 17:18:18,267 [org.apache.hadoop.util.JvmPauseMonitor$Monitor@5d9c7b55] INFO  util.JvmPauseMonitor (JvmPauseMonitor.java:run(188)) - Starting JVM pause monitor
2019-10-16 17:18:18,270 [Datanode State Machine Thread - 0] INFO  datanode.InitDatanodeState (InitDatanodeState.java:persistContainerDatanodeDetails(140)) - DatanodeDetails is persisted to /workdir/hadoop-ozone/integration-test/target/test-dir/MiniOzoneClusterImpl-1b119847-9446-4130-a6ab-c741bf0ba7df/datanode-4/meta/datanode.id
2019-10-16 17:18:18,275 [main] INFO  volume.HddsVolume (HddsVolume.java:<init>(176)) - Creating Volume: /workdir/hadoop-ozone/integration-test/target/test-dir/MiniOzoneClusterImpl-1b119847-9446-4130-a6ab-c741bf0ba7df/datanode-5/data/containers/hdds of  storage type : DISK and capacity : 1482555576320
2019-10-16 17:18:18,276 [main] INFO  volume.VolumeSet (VolumeSet.java:initializeVolumeSet(170)) - Added Volume : /workdir/hadoop-ozone/integration-test/target/test-dir/MiniOzoneClusterImpl-1b119847-9446-4130-a6ab-c741bf0ba7df/datanode-5/data/containers/hdds to VolumeSet
2019-10-16 17:18:18,276 [main] INFO  volume.ThrottledAsyncChecker (ThrottledAsyncChecker.java:schedule(141)) - Scheduling a check for org.apache.hadoop.ozone.container.common.volume.HddsVolume@350d3f4d
2019-10-16 17:18:18,276 [main] INFO  volume.HddsVolumeChecker (HddsVolumeChecker.java:checkAllVolumes(204)) - Scheduled health check for volume org.apache.hadoop.ozone.container.common.volume.HddsVolume@350d3f4d
2019-10-16 17:18:18,289 [main] INFO  impl.RaftServerProxy (ConfUtils.java:logGet(43)) - raft.rpc.type = GRPC (default)
2019-10-16 17:18:18,289 [main] INFO  grpc.GrpcFactory (GrpcFactory.java:checkPooledByteBufAllocatorUseCacheForAllThreads(45)) - PERFORMANCE WARNING: useCacheForAllThreads is true that may cause Netty to create a lot garbage objects and, as a result, trigger GC.
	It is recommended to disable useCacheForAllThreads by setting -Dorg.apache.ratis.thirdparty.io.netty.allocator.useCacheForAllThreads=false in command line.
2019-10-16 17:18:18,290 [main] INFO  grpc.GrpcConfigKeys$Server (ConfUtils.java:logGet(43)) - raft.grpc.server.port = 0 (default)
2019-10-16 17:18:18,290 [main] INFO  server.GrpcService (ConfUtils.java:logGet(43)) - raft.grpc.message.size.max = 33570816 (custom)
2019-10-16 17:18:18,290 [main] INFO  server.RaftServerConfigKeys (ConfUtils.java:logGet(43)) - raft.server.log.appender.buffer.byte-limit = 33554432 (custom)
2019-10-16 17:18:18,290 [main] INFO  server.GrpcService (ConfUtils.java:logGet(43)) - raft.grpc.flow.control.window = 1MB (=1048576) (default)
2019-10-16 17:18:18,290 [main] INFO  server.RaftServerConfigKeys (ConfUtils.java:logGet(43)) - raft.server.rpc.request.timeout = 3000ms (default)
2019-10-16 17:18:18,291 [main] INFO  server.RaftServerConfigKeys (ConfUtils.java:logGet(43)) - raft.server.storage.dir = [/workdir/hadoop-ozone/integration-test/target/test-dir/MiniOzoneClusterImpl-1b119847-9446-4130-a6ab-c741bf0ba7df/datanode-5/data/ratis] (custom)
2019-10-16 17:18:18,293 [main] INFO  hdfs.DFSUtil (DFSUtil.java:httpServerTemplateForNNAndJN(1641)) - Starting Web-server for hddsDatanode at: http://0.0.0.0:0
2019-10-16 17:18:18,294 [main] INFO  server.AuthenticationFilter (AuthenticationFilter.java:constructSecretProvider(240)) - Unable to initialize FileSignerSecretProvider, falling back to use random secrets.
2019-10-16 17:18:18,294 [main] WARN  http.HttpRequestLog (HttpRequestLog.java:getRequestLog(97)) - Jetty request log can only be enabled using Log4j
2019-10-16 17:18:18,296 [main] INFO  http.HttpServer2 (HttpServer2.java:addGlobalFilter(975)) - Added global filter 'safety' (class=org.apache.hadoop.http.HttpServer2$QuotingInputFilter)
2019-10-16 17:18:18,296 [main] INFO  http.HttpServer2 (HttpServer2.java:addFilter(948)) - Added filter static_user_filter (class=org.apache.hadoop.http.lib.StaticUserWebFilter$StaticUserFilter) to context hddsDatanode
2019-10-16 17:18:18,297 [main] INFO  http.HttpServer2 (HttpServer2.java:addFilter(958)) - Added filter static_user_filter (class=org.apache.hadoop.http.lib.StaticUserWebFilter$StaticUserFilter) to context static
2019-10-16 17:18:18,297 [main] INFO  http.HttpServer2 (HttpServer2.java:addFilter(958)) - Added filter static_user_filter (class=org.apache.hadoop.http.lib.StaticUserWebFilter$StaticUserFilter) to context logs
2019-10-16 17:18:18,297 [main] INFO  http.HttpServer2 (HttpServer2.java:bindListener(1191)) - Jetty bound to port 46075
2019-10-16 17:18:18,298 [main] INFO  server.Server (Server.java:doStart(351)) - jetty-9.3.25.v20180904, build timestamp: 2018-09-04T21:11:46Z, git hash: 3ce520221d0240229c862b122d2b06c12a625732
2019-10-16 17:18:18,299 [main] INFO  handler.ContextHandler (ContextHandler.java:doStart(781)) - Started o.e.j.s.ServletContextHandler@7b948f3e{/logs,file:///workdir/hadoop-ozone/integration-test/target/log,AVAILABLE}
2019-10-16 17:18:18,300 [main] INFO  handler.ContextHandler (ContextHandler.java:doStart(781)) - Started o.e.j.s.ServletContextHandler@77a074b4{/static,jar:file:/home/user/.m2/repository/org/apache/hadoop/hadoop-hdds-container-service/0.5.0-SNAPSHOT/hadoop-hdds-container-service-0.5.0-SNAPSHOT.jar!/webapps/static,AVAILABLE}
2019-10-16 17:18:18,328 [main] INFO  handler.ContextHandler (ContextHandler.java:doStart(781)) - Started o.e.j.w.WebAppContext@372ca2d6{/,file:///tmp/jetty-0.0.0.0-46075-hddsDatanode-_-any-7009482907077584094.dir/webapp/,AVAILABLE}{/hddsDatanode}
2019-10-16 17:18:18,329 [main] INFO  server.AbstractConnector (AbstractConnector.java:doStart(278)) - Started ServerConnector@3204e238{HTTP/1.1,[http/1.1]}{0.0.0.0:46075}
2019-10-16 17:18:18,330 [main] INFO  server.Server (Server.java:doStart(419)) - Started @5323ms
2019-10-16 17:18:18,331 [main] WARN  impl.MetricsSystemImpl (MetricsSystemImpl.java:register(276)) - Sink prometheus already exists!
2019-10-16 17:18:18,332 [main] INFO  server.BaseHttpServer (BaseHttpServer.java:updateConnectorAddress(215)) - HTTP server of HDDSDATANODE is listening at http://0.0.0.0:46075
2019-10-16 17:18:18,332 [main] INFO  impl.MetricsSystemImpl (MetricsSystemImpl.java:init(158)) - HddsDatanode metrics system started (again)
2019-10-16 17:18:18,336 [main] INFO  ozone.HddsDatanodeService (HddsDatanodeService.java:start(184)) - HddsDatanodeService host:pr-hdds-2197-topology-f2j98-1328871761 ip:192.168.69.90
2019-10-16 17:18:18,336 [org.apache.hadoop.util.JvmPauseMonitor$Monitor@3d07691f] INFO  util.JvmPauseMonitor (JvmPauseMonitor.java:run(188)) - Starting JVM pause monitor
2019-10-16 17:18:18,340 [Datanode State Machine Thread - 0] INFO  datanode.InitDatanodeState (InitDatanodeState.java:persistContainerDatanodeDetails(140)) - DatanodeDetails is persisted to /workdir/hadoop-ozone/integration-test/target/test-dir/MiniOzoneClusterImpl-1b119847-9446-4130-a6ab-c741bf0ba7df/datanode-5/meta/datanode.id
2019-10-16 17:18:18,345 [main] INFO  volume.HddsVolume (HddsVolume.java:<init>(176)) - Creating Volume: /workdir/hadoop-ozone/integration-test/target/test-dir/MiniOzoneClusterImpl-1b119847-9446-4130-a6ab-c741bf0ba7df/datanode-6/data/containers/hdds of  storage type : DISK and capacity : 1482555576320
2019-10-16 17:18:18,345 [main] INFO  volume.VolumeSet (VolumeSet.java:initializeVolumeSet(170)) - Added Volume : /workdir/hadoop-ozone/integration-test/target/test-dir/MiniOzoneClusterImpl-1b119847-9446-4130-a6ab-c741bf0ba7df/datanode-6/data/containers/hdds to VolumeSet
2019-10-16 17:18:18,346 [main] INFO  volume.ThrottledAsyncChecker (ThrottledAsyncChecker.java:schedule(141)) - Scheduling a check for org.apache.hadoop.ozone.container.common.volume.HddsVolume@5a1c3cb4
2019-10-16 17:18:18,346 [main] INFO  volume.HddsVolumeChecker (HddsVolumeChecker.java:checkAllVolumes(204)) - Scheduled health check for volume org.apache.hadoop.ozone.container.common.volume.HddsVolume@5a1c3cb4
2019-10-16 17:18:18,361 [main] INFO  impl.RaftServerProxy (ConfUtils.java:logGet(43)) - raft.rpc.type = GRPC (default)
2019-10-16 17:18:18,361 [main] INFO  grpc.GrpcFactory (GrpcFactory.java:checkPooledByteBufAllocatorUseCacheForAllThreads(45)) - PERFORMANCE WARNING: useCacheForAllThreads is true that may cause Netty to create a lot garbage objects and, as a result, trigger GC.
	It is recommended to disable useCacheForAllThreads by setting -Dorg.apache.ratis.thirdparty.io.netty.allocator.useCacheForAllThreads=false in command line.
2019-10-16 17:18:18,361 [main] INFO  grpc.GrpcConfigKeys$Server (ConfUtils.java:logGet(43)) - raft.grpc.server.port = 0 (default)
2019-10-16 17:18:18,361 [main] INFO  server.GrpcService (ConfUtils.java:logGet(43)) - raft.grpc.message.size.max = 33570816 (custom)
2019-10-16 17:18:18,362 [main] INFO  server.RaftServerConfigKeys (ConfUtils.java:logGet(43)) - raft.server.log.appender.buffer.byte-limit = 33554432 (custom)
2019-10-16 17:18:18,362 [main] INFO  server.GrpcService (ConfUtils.java:logGet(43)) - raft.grpc.flow.control.window = 1MB (=1048576) (default)
2019-10-16 17:18:18,362 [main] INFO  server.RaftServerConfigKeys (ConfUtils.java:logGet(43)) - raft.server.rpc.request.timeout = 3000ms (default)
2019-10-16 17:18:18,363 [main] INFO  server.RaftServerConfigKeys (ConfUtils.java:logGet(43)) - raft.server.storage.dir = [/workdir/hadoop-ozone/integration-test/target/test-dir/MiniOzoneClusterImpl-1b119847-9446-4130-a6ab-c741bf0ba7df/datanode-6/data/ratis] (custom)
2019-10-16 17:18:18,364 [main] INFO  hdfs.DFSUtil (DFSUtil.java:httpServerTemplateForNNAndJN(1641)) - Starting Web-server for hddsDatanode at: http://0.0.0.0:0
2019-10-16 17:18:18,366 [main] INFO  server.AuthenticationFilter (AuthenticationFilter.java:constructSecretProvider(240)) - Unable to initialize FileSignerSecretProvider, falling back to use random secrets.
2019-10-16 17:18:18,366 [main] WARN  http.HttpRequestLog (HttpRequestLog.java:getRequestLog(97)) - Jetty request log can only be enabled using Log4j
2019-10-16 17:18:18,367 [main] INFO  http.HttpServer2 (HttpServer2.java:addGlobalFilter(975)) - Added global filter 'safety' (class=org.apache.hadoop.http.HttpServer2$QuotingInputFilter)
2019-10-16 17:18:18,368 [main] INFO  http.HttpServer2 (HttpServer2.java:addFilter(948)) - Added filter static_user_filter (class=org.apache.hadoop.http.lib.StaticUserWebFilter$StaticUserFilter) to context hddsDatanode
2019-10-16 17:18:18,368 [main] INFO  http.HttpServer2 (HttpServer2.java:addFilter(958)) - Added filter static_user_filter (class=org.apache.hadoop.http.lib.StaticUserWebFilter$StaticUserFilter) to context static
2019-10-16 17:18:18,368 [main] INFO  http.HttpServer2 (HttpServer2.java:addFilter(958)) - Added filter static_user_filter (class=org.apache.hadoop.http.lib.StaticUserWebFilter$StaticUserFilter) to context logs
2019-10-16 17:18:18,369 [main] INFO  http.HttpServer2 (HttpServer2.java:bindListener(1191)) - Jetty bound to port 38756
2019-10-16 17:18:18,369 [main] INFO  server.Server (Server.java:doStart(351)) - jetty-9.3.25.v20180904, build timestamp: 2018-09-04T21:11:46Z, git hash: 3ce520221d0240229c862b122d2b06c12a625732
2019-10-16 17:18:18,371 [main] INFO  handler.ContextHandler (ContextHandler.java:doStart(781)) - Started o.e.j.s.ServletContextHandler@1b956cfa{/logs,file:///workdir/hadoop-ozone/integration-test/target/log,AVAILABLE}
2019-10-16 17:18:18,372 [main] INFO  handler.ContextHandler (ContextHandler.java:doStart(781)) - Started o.e.j.s.ServletContextHandler@3a66e67e{/static,jar:file:/home/user/.m2/repository/org/apache/hadoop/hadoop-hdds-container-service/0.5.0-SNAPSHOT/hadoop-hdds-container-service-0.5.0-SNAPSHOT.jar!/webapps/static,AVAILABLE}
2019-10-16 17:18:18,407 [main] INFO  handler.ContextHandler (ContextHandler.java:doStart(781)) - Started o.e.j.w.WebAppContext@267dc982{/,file:///tmp/jetty-0.0.0.0-38756-hddsDatanode-_-any-2839587034630372436.dir/webapp/,AVAILABLE}{/hddsDatanode}
2019-10-16 17:18:18,407 [main] INFO  server.AbstractConnector (AbstractConnector.java:doStart(278)) - Started ServerConnector@439b15f2{HTTP/1.1,[http/1.1]}{0.0.0.0:38756}
2019-10-16 17:18:18,408 [main] INFO  server.Server (Server.java:doStart(419)) - Started @5402ms
2019-10-16 17:18:18,409 [main] WARN  impl.MetricsSystemImpl (MetricsSystemImpl.java:register(276)) - Sink prometheus already exists!
2019-10-16 17:18:18,412 [main] INFO  server.BaseHttpServer (BaseHttpServer.java:updateConnectorAddress(215)) - HTTP server of HDDSDATANODE is listening at http://0.0.0.0:38756
2019-10-16 17:18:18,413 [main] INFO  impl.MetricsSystemImpl (MetricsSystemImpl.java:init(158)) - HddsDatanode metrics system started (again)
2019-10-16 17:18:18,416 [main] INFO  ozone.HddsDatanodeService (HddsDatanodeService.java:start(184)) - HddsDatanodeService host:pr-hdds-2197-topology-f2j98-1328871761 ip:192.168.69.90
2019-10-16 17:18:18,417 [org.apache.hadoop.util.JvmPauseMonitor$Monitor@2bd4bb73] INFO  util.JvmPauseMonitor (JvmPauseMonitor.java:run(188)) - Starting JVM pause monitor
2019-10-16 17:18:18,420 [Datanode State Machine Thread - 0] INFO  datanode.InitDatanodeState (InitDatanodeState.java:persistContainerDatanodeDetails(140)) - DatanodeDetails is persisted to /workdir/hadoop-ozone/integration-test/target/test-dir/MiniOzoneClusterImpl-1b119847-9446-4130-a6ab-c741bf0ba7df/datanode-6/meta/datanode.id
2019-10-16 17:18:18,424 [main] INFO  volume.HddsVolume (HddsVolume.java:<init>(176)) - Creating Volume: /workdir/hadoop-ozone/integration-test/target/test-dir/MiniOzoneClusterImpl-1b119847-9446-4130-a6ab-c741bf0ba7df/datanode-7/data/containers/hdds of  storage type : DISK and capacity : 1482555576320
2019-10-16 17:18:18,424 [main] INFO  volume.VolumeSet (VolumeSet.java:initializeVolumeSet(170)) - Added Volume : /workdir/hadoop-ozone/integration-test/target/test-dir/MiniOzoneClusterImpl-1b119847-9446-4130-a6ab-c741bf0ba7df/datanode-7/data/containers/hdds to VolumeSet
2019-10-16 17:18:18,425 [main] INFO  volume.ThrottledAsyncChecker (ThrottledAsyncChecker.java:schedule(141)) - Scheduling a check for org.apache.hadoop.ozone.container.common.volume.HddsVolume@17f3eefb
2019-10-16 17:18:18,425 [main] INFO  volume.HddsVolumeChecker (HddsVolumeChecker.java:checkAllVolumes(204)) - Scheduled health check for volume org.apache.hadoop.ozone.container.common.volume.HddsVolume@17f3eefb
2019-10-16 17:18:18,441 [main] INFO  impl.RaftServerProxy (ConfUtils.java:logGet(43)) - raft.rpc.type = GRPC (default)
2019-10-16 17:18:18,441 [main] INFO  grpc.GrpcFactory (GrpcFactory.java:checkPooledByteBufAllocatorUseCacheForAllThreads(45)) - PERFORMANCE WARNING: useCacheForAllThreads is true that may cause Netty to create a lot garbage objects and, as a result, trigger GC.
	It is recommended to disable useCacheForAllThreads by setting -Dorg.apache.ratis.thirdparty.io.netty.allocator.useCacheForAllThreads=false in command line.
2019-10-16 17:18:18,441 [main] INFO  grpc.GrpcConfigKeys$Server (ConfUtils.java:logGet(43)) - raft.grpc.server.port = 0 (default)
2019-10-16 17:18:18,441 [main] INFO  server.GrpcService (ConfUtils.java:logGet(43)) - raft.grpc.message.size.max = 33570816 (custom)
2019-10-16 17:18:18,442 [main] INFO  server.RaftServerConfigKeys (ConfUtils.java:logGet(43)) - raft.server.log.appender.buffer.byte-limit = 33554432 (custom)
2019-10-16 17:18:18,442 [main] INFO  server.GrpcService (ConfUtils.java:logGet(43)) - raft.grpc.flow.control.window = 1MB (=1048576) (default)
2019-10-16 17:18:18,442 [main] INFO  server.RaftServerConfigKeys (ConfUtils.java:logGet(43)) - raft.server.rpc.request.timeout = 3000ms (default)
2019-10-16 17:18:18,442 [main] INFO  server.RaftServerConfigKeys (ConfUtils.java:logGet(43)) - raft.server.storage.dir = [/workdir/hadoop-ozone/integration-test/target/test-dir/MiniOzoneClusterImpl-1b119847-9446-4130-a6ab-c741bf0ba7df/datanode-7/data/ratis] (custom)
2019-10-16 17:18:18,444 [main] INFO  hdfs.DFSUtil (DFSUtil.java:httpServerTemplateForNNAndJN(1641)) - Starting Web-server for hddsDatanode at: http://0.0.0.0:0
2019-10-16 17:18:18,446 [main] INFO  server.AuthenticationFilter (AuthenticationFilter.java:constructSecretProvider(240)) - Unable to initialize FileSignerSecretProvider, falling back to use random secrets.
2019-10-16 17:18:18,446 [main] WARN  http.HttpRequestLog (HttpRequestLog.java:getRequestLog(97)) - Jetty request log can only be enabled using Log4j
2019-10-16 17:18:18,447 [main] INFO  http.HttpServer2 (HttpServer2.java:addGlobalFilter(975)) - Added global filter 'safety' (class=org.apache.hadoop.http.HttpServer2$QuotingInputFilter)
2019-10-16 17:18:18,448 [main] INFO  http.HttpServer2 (HttpServer2.java:addFilter(948)) - Added filter static_user_filter (class=org.apache.hadoop.http.lib.StaticUserWebFilter$StaticUserFilter) to context hddsDatanode
2019-10-16 17:18:18,448 [main] INFO  http.HttpServer2 (HttpServer2.java:addFilter(958)) - Added filter static_user_filter (class=org.apache.hadoop.http.lib.StaticUserWebFilter$StaticUserFilter) to context static
2019-10-16 17:18:18,448 [main] INFO  http.HttpServer2 (HttpServer2.java:addFilter(958)) - Added filter static_user_filter (class=org.apache.hadoop.http.lib.StaticUserWebFilter$StaticUserFilter) to context logs
2019-10-16 17:18:18,449 [main] INFO  http.HttpServer2 (HttpServer2.java:bindListener(1191)) - Jetty bound to port 42852
2019-10-16 17:18:18,449 [main] INFO  server.Server (Server.java:doStart(351)) - jetty-9.3.25.v20180904, build timestamp: 2018-09-04T21:11:46Z, git hash: 3ce520221d0240229c862b122d2b06c12a625732
2019-10-16 17:18:18,451 [main] INFO  handler.ContextHandler (ContextHandler.java:doStart(781)) - Started o.e.j.s.ServletContextHandler@38b8b6c0{/logs,file:///workdir/hadoop-ozone/integration-test/target/log,AVAILABLE}
2019-10-16 17:18:18,451 [main] INFO  handler.ContextHandler (ContextHandler.java:doStart(781)) - Started o.e.j.s.ServletContextHandler@173a6728{/static,jar:file:/home/user/.m2/repository/org/apache/hadoop/hadoop-hdds-container-service/0.5.0-SNAPSHOT/hadoop-hdds-container-service-0.5.0-SNAPSHOT.jar!/webapps/static,AVAILABLE}
2019-10-16 17:18:18,489 [main] INFO  handler.ContextHandler (ContextHandler.java:doStart(781)) - Started o.e.j.w.WebAppContext@4fa9ab6{/,file:///tmp/jetty-0.0.0.0-42852-hddsDatanode-_-any-5791509814946340460.dir/webapp/,AVAILABLE}{/hddsDatanode}
2019-10-16 17:18:18,490 [main] INFO  server.AbstractConnector (AbstractConnector.java:doStart(278)) - Started ServerConnector@2d3ef181{HTTP/1.1,[http/1.1]}{0.0.0.0:42852}
2019-10-16 17:18:18,491 [main] INFO  server.Server (Server.java:doStart(419)) - Started @5485ms
2019-10-16 17:18:18,491 [main] WARN  impl.MetricsSystemImpl (MetricsSystemImpl.java:register(276)) - Sink prometheus already exists!
2019-10-16 17:18:18,492 [main] INFO  server.BaseHttpServer (BaseHttpServer.java:updateConnectorAddress(215)) - HTTP server of HDDSDATANODE is listening at http://0.0.0.0:42852
2019-10-16 17:18:18,492 [main] INFO  impl.MetricsSystemImpl (MetricsSystemImpl.java:init(158)) - HddsDatanode metrics system started (again)
2019-10-16 17:18:18,496 [org.apache.hadoop.util.JvmPauseMonitor$Monitor@90c96f] INFO  util.JvmPauseMonitor (JvmPauseMonitor.java:run(188)) - Starting JVM pause monitor
2019-10-16 17:18:18,496 [main] INFO  ozone.HddsDatanodeService (HddsDatanodeService.java:start(184)) - HddsDatanodeService host:pr-hdds-2197-topology-f2j98-1328871761 ip:192.168.69.90
2019-10-16 17:18:18,500 [Datanode State Machine Thread - 0] INFO  datanode.InitDatanodeState (InitDatanodeState.java:persistContainerDatanodeDetails(140)) - DatanodeDetails is persisted to /workdir/hadoop-ozone/integration-test/target/test-dir/MiniOzoneClusterImpl-1b119847-9446-4130-a6ab-c741bf0ba7df/datanode-7/meta/datanode.id
2019-10-16 17:18:18,506 [main] INFO  volume.HddsVolume (HddsVolume.java:<init>(176)) - Creating Volume: /workdir/hadoop-ozone/integration-test/target/test-dir/MiniOzoneClusterImpl-1b119847-9446-4130-a6ab-c741bf0ba7df/datanode-8/data/containers/hdds of  storage type : DISK and capacity : 1482555576320
2019-10-16 17:18:18,506 [main] INFO  volume.VolumeSet (VolumeSet.java:initializeVolumeSet(170)) - Added Volume : /workdir/hadoop-ozone/integration-test/target/test-dir/MiniOzoneClusterImpl-1b119847-9446-4130-a6ab-c741bf0ba7df/datanode-8/data/containers/hdds to VolumeSet
2019-10-16 17:18:18,506 [main] INFO  volume.ThrottledAsyncChecker (ThrottledAsyncChecker.java:schedule(141)) - Scheduling a check for org.apache.hadoop.ozone.container.common.volume.HddsVolume@5f69e2b
2019-10-16 17:18:18,507 [main] INFO  volume.HddsVolumeChecker (HddsVolumeChecker.java:checkAllVolumes(204)) - Scheduled health check for volume org.apache.hadoop.ozone.container.common.volume.HddsVolume@5f69e2b
2019-10-16 17:18:18,520 [main] INFO  impl.RaftServerProxy (ConfUtils.java:logGet(43)) - raft.rpc.type = GRPC (default)
2019-10-16 17:18:18,520 [main] INFO  grpc.GrpcFactory (GrpcFactory.java:checkPooledByteBufAllocatorUseCacheForAllThreads(45)) - PERFORMANCE WARNING: useCacheForAllThreads is true that may cause Netty to create a lot garbage objects and, as a result, trigger GC.
	It is recommended to disable useCacheForAllThreads by setting -Dorg.apache.ratis.thirdparty.io.netty.allocator.useCacheForAllThreads=false in command line.
2019-10-16 17:18:18,521 [main] INFO  grpc.GrpcConfigKeys$Server (ConfUtils.java:logGet(43)) - raft.grpc.server.port = 0 (default)
2019-10-16 17:18:18,521 [main] INFO  server.GrpcService (ConfUtils.java:logGet(43)) - raft.grpc.message.size.max = 33570816 (custom)
2019-10-16 17:18:18,521 [main] INFO  server.RaftServerConfigKeys (ConfUtils.java:logGet(43)) - raft.server.log.appender.buffer.byte-limit = 33554432 (custom)
2019-10-16 17:18:18,521 [main] INFO  server.GrpcService (ConfUtils.java:logGet(43)) - raft.grpc.flow.control.window = 1MB (=1048576) (default)
2019-10-16 17:18:18,521 [main] INFO  server.RaftServerConfigKeys (ConfUtils.java:logGet(43)) - raft.server.rpc.request.timeout = 3000ms (default)
2019-10-16 17:18:18,522 [main] INFO  server.RaftServerConfigKeys (ConfUtils.java:logGet(43)) - raft.server.storage.dir = [/workdir/hadoop-ozone/integration-test/target/test-dir/MiniOzoneClusterImpl-1b119847-9446-4130-a6ab-c741bf0ba7df/datanode-8/data/ratis] (custom)
2019-10-16 17:18:18,524 [main] INFO  hdfs.DFSUtil (DFSUtil.java:httpServerTemplateForNNAndJN(1641)) - Starting Web-server for hddsDatanode at: http://0.0.0.0:0
2019-10-16 17:18:18,525 [main] INFO  server.AuthenticationFilter (AuthenticationFilter.java:constructSecretProvider(240)) - Unable to initialize FileSignerSecretProvider, falling back to use random secrets.
2019-10-16 17:18:18,525 [main] WARN  http.HttpRequestLog (HttpRequestLog.java:getRequestLog(97)) - Jetty request log can only be enabled using Log4j
2019-10-16 17:18:18,527 [main] INFO  http.HttpServer2 (HttpServer2.java:addGlobalFilter(975)) - Added global filter 'safety' (class=org.apache.hadoop.http.HttpServer2$QuotingInputFilter)
2019-10-16 17:18:18,527 [main] INFO  http.HttpServer2 (HttpServer2.java:addFilter(948)) - Added filter static_user_filter (class=org.apache.hadoop.http.lib.StaticUserWebFilter$StaticUserFilter) to context hddsDatanode
2019-10-16 17:18:18,527 [main] INFO  http.HttpServer2 (HttpServer2.java:addFilter(958)) - Added filter static_user_filter (class=org.apache.hadoop.http.lib.StaticUserWebFilter$StaticUserFilter) to context static
2019-10-16 17:18:18,528 [main] INFO  http.HttpServer2 (HttpServer2.java:addFilter(958)) - Added filter static_user_filter (class=org.apache.hadoop.http.lib.StaticUserWebFilter$StaticUserFilter) to context logs
2019-10-16 17:18:18,528 [main] INFO  http.HttpServer2 (HttpServer2.java:bindListener(1191)) - Jetty bound to port 45663
2019-10-16 17:18:18,529 [main] INFO  server.Server (Server.java:doStart(351)) - jetty-9.3.25.v20180904, build timestamp: 2018-09-04T21:11:46Z, git hash: 3ce520221d0240229c862b122d2b06c12a625732
2019-10-16 17:18:18,531 [main] INFO  handler.ContextHandler (ContextHandler.java:doStart(781)) - Started o.e.j.s.ServletContextHandler@2cc75074{/logs,file:///workdir/hadoop-ozone/integration-test/target/log,AVAILABLE}
2019-10-16 17:18:18,531 [main] INFO  handler.ContextHandler (ContextHandler.java:doStart(781)) - Started o.e.j.s.ServletContextHandler@b9a77c8{/static,jar:file:/home/user/.m2/repository/org/apache/hadoop/hadoop-hdds-container-service/0.5.0-SNAPSHOT/hadoop-hdds-container-service-0.5.0-SNAPSHOT.jar!/webapps/static,AVAILABLE}
2019-10-16 17:18:18,558 [main] INFO  handler.ContextHandler (ContextHandler.java:doStart(781)) - Started o.e.j.w.WebAppContext@31dfc6f5{/,file:///tmp/jetty-0.0.0.0-45663-hddsDatanode-_-any-6533319981556618018.dir/webapp/,AVAILABLE}{/hddsDatanode}
2019-10-16 17:18:18,558 [main] INFO  server.AbstractConnector (AbstractConnector.java:doStart(278)) - Started ServerConnector@37b52340{HTTP/1.1,[http/1.1]}{0.0.0.0:45663}
2019-10-16 17:18:18,559 [main] INFO  server.Server (Server.java:doStart(419)) - Started @5553ms
2019-10-16 17:18:18,559 [main] WARN  impl.MetricsSystemImpl (MetricsSystemImpl.java:register(276)) - Sink prometheus already exists!
2019-10-16 17:18:18,560 [main] INFO  server.BaseHttpServer (BaseHttpServer.java:updateConnectorAddress(215)) - HTTP server of HDDSDATANODE is listening at http://0.0.0.0:45663
2019-10-16 17:18:18,561 [main] INFO  impl.MetricsSystemImpl (MetricsSystemImpl.java:init(158)) - HddsDatanode metrics system started (again)
2019-10-16 17:18:18,566 [org.apache.hadoop.util.JvmPauseMonitor$Monitor@312c4860] INFO  util.JvmPauseMonitor (JvmPauseMonitor.java:run(188)) - Starting JVM pause monitor
2019-10-16 17:18:18,567 [main] INFO  ozone.HddsDatanodeService (HddsDatanodeService.java:start(184)) - HddsDatanodeService host:pr-hdds-2197-topology-f2j98-1328871761 ip:192.168.69.90
2019-10-16 17:18:18,569 [Datanode State Machine Thread - 0] INFO  datanode.InitDatanodeState (InitDatanodeState.java:persistContainerDatanodeDetails(140)) - DatanodeDetails is persisted to /workdir/hadoop-ozone/integration-test/target/test-dir/MiniOzoneClusterImpl-1b119847-9446-4130-a6ab-c741bf0ba7df/datanode-8/meta/datanode.id
2019-10-16 17:18:18,577 [main] INFO  volume.HddsVolume (HddsVolume.java:<init>(176)) - Creating Volume: /workdir/hadoop-ozone/integration-test/target/test-dir/MiniOzoneClusterImpl-1b119847-9446-4130-a6ab-c741bf0ba7df/datanode-9/data/containers/hdds of  storage type : DISK and capacity : 1482555576320
2019-10-16 17:18:18,577 [main] INFO  volume.VolumeSet (VolumeSet.java:initializeVolumeSet(170)) - Added Volume : /workdir/hadoop-ozone/integration-test/target/test-dir/MiniOzoneClusterImpl-1b119847-9446-4130-a6ab-c741bf0ba7df/datanode-9/data/containers/hdds to VolumeSet
2019-10-16 17:18:18,578 [main] INFO  volume.ThrottledAsyncChecker (ThrottledAsyncChecker.java:schedule(141)) - Scheduling a check for org.apache.hadoop.ozone.container.common.volume.HddsVolume@7e446d92
2019-10-16 17:18:18,578 [main] INFO  volume.HddsVolumeChecker (HddsVolumeChecker.java:checkAllVolumes(204)) - Scheduled health check for volume org.apache.hadoop.ozone.container.common.volume.HddsVolume@7e446d92
2019-10-16 17:18:18,600 [main] INFO  impl.RaftServerProxy (ConfUtils.java:logGet(43)) - raft.rpc.type = GRPC (default)
2019-10-16 17:18:18,601 [main] INFO  grpc.GrpcFactory (GrpcFactory.java:checkPooledByteBufAllocatorUseCacheForAllThreads(45)) - PERFORMANCE WARNING: useCacheForAllThreads is true that may cause Netty to create a lot garbage objects and, as a result, trigger GC.
	It is recommended to disable useCacheForAllThreads by setting -Dorg.apache.ratis.thirdparty.io.netty.allocator.useCacheForAllThreads=false in command line.
2019-10-16 17:18:18,601 [main] INFO  grpc.GrpcConfigKeys$Server (ConfUtils.java:logGet(43)) - raft.grpc.server.port = 0 (default)
2019-10-16 17:18:18,601 [main] INFO  server.GrpcService (ConfUtils.java:logGet(43)) - raft.grpc.message.size.max = 33570816 (custom)
2019-10-16 17:18:18,601 [main] INFO  server.RaftServerConfigKeys (ConfUtils.java:logGet(43)) - raft.server.log.appender.buffer.byte-limit = 33554432 (custom)
2019-10-16 17:18:18,602 [main] INFO  server.GrpcService (ConfUtils.java:logGet(43)) - raft.grpc.flow.control.window = 1MB (=1048576) (default)
2019-10-16 17:18:18,602 [main] INFO  server.RaftServerConfigKeys (ConfUtils.java:logGet(43)) - raft.server.rpc.request.timeout = 3000ms (default)
2019-10-16 17:18:18,603 [main] INFO  server.RaftServerConfigKeys (ConfUtils.java:logGet(43)) - raft.server.storage.dir = [/workdir/hadoop-ozone/integration-test/target/test-dir/MiniOzoneClusterImpl-1b119847-9446-4130-a6ab-c741bf0ba7df/datanode-9/data/ratis] (custom)
2019-10-16 17:18:18,605 [main] INFO  hdfs.DFSUtil (DFSUtil.java:httpServerTemplateForNNAndJN(1641)) - Starting Web-server for hddsDatanode at: http://0.0.0.0:0
2019-10-16 17:18:18,606 [main] INFO  server.AuthenticationFilter (AuthenticationFilter.java:constructSecretProvider(240)) - Unable to initialize FileSignerSecretProvider, falling back to use random secrets.
2019-10-16 17:18:18,607 [main] WARN  http.HttpRequestLog (HttpRequestLog.java:getRequestLog(97)) - Jetty request log can only be enabled using Log4j
2019-10-16 17:18:18,608 [main] INFO  http.HttpServer2 (HttpServer2.java:addGlobalFilter(975)) - Added global filter 'safety' (class=org.apache.hadoop.http.HttpServer2$QuotingInputFilter)
2019-10-16 17:18:18,609 [main] INFO  http.HttpServer2 (HttpServer2.java:addFilter(948)) - Added filter static_user_filter (class=org.apache.hadoop.http.lib.StaticUserWebFilter$StaticUserFilter) to context hddsDatanode
2019-10-16 17:18:18,609 [main] INFO  http.HttpServer2 (HttpServer2.java:addFilter(958)) - Added filter static_user_filter (class=org.apache.hadoop.http.lib.StaticUserWebFilter$StaticUserFilter) to context static
2019-10-16 17:18:18,609 [main] INFO  http.HttpServer2 (HttpServer2.java:addFilter(958)) - Added filter static_user_filter (class=org.apache.hadoop.http.lib.StaticUserWebFilter$StaticUserFilter) to context logs
2019-10-16 17:18:18,610 [main] INFO  http.HttpServer2 (HttpServer2.java:bindListener(1191)) - Jetty bound to port 43425
2019-10-16 17:18:18,610 [main] INFO  server.Server (Server.java:doStart(351)) - jetty-9.3.25.v20180904, build timestamp: 2018-09-04T21:11:46Z, git hash: 3ce520221d0240229c862b122d2b06c12a625732
2019-10-16 17:18:18,612 [main] INFO  handler.ContextHandler (ContextHandler.java:doStart(781)) - Started o.e.j.s.ServletContextHandler@2100d047{/logs,file:///workdir/hadoop-ozone/integration-test/target/log,AVAILABLE}
2019-10-16 17:18:18,613 [main] INFO  handler.ContextHandler (ContextHandler.java:doStart(781)) - Started o.e.j.s.ServletContextHandler@1d805aa1{/static,jar:file:/home/user/.m2/repository/org/apache/hadoop/hadoop-hdds-container-service/0.5.0-SNAPSHOT/hadoop-hdds-container-service-0.5.0-SNAPSHOT.jar!/webapps/static,AVAILABLE}
2019-10-16 17:18:18,640 [main] INFO  handler.ContextHandler (ContextHandler.java:doStart(781)) - Started o.e.j.w.WebAppContext@265bd546{/,file:///tmp/jetty-0.0.0.0-43425-hddsDatanode-_-any-7158181233583009608.dir/webapp/,AVAILABLE}{/hddsDatanode}
2019-10-16 17:18:18,641 [main] INFO  server.AbstractConnector (AbstractConnector.java:doStart(278)) - Started ServerConnector@1937eaff{HTTP/1.1,[http/1.1]}{0.0.0.0:43425}
2019-10-16 17:18:18,642 [main] INFO  server.Server (Server.java:doStart(419)) - Started @5636ms
2019-10-16 17:18:18,643 [main] WARN  impl.MetricsSystemImpl (MetricsSystemImpl.java:register(276)) - Sink prometheus already exists!
2019-10-16 17:18:18,644 [main] INFO  server.BaseHttpServer (BaseHttpServer.java:updateConnectorAddress(215)) - HTTP server of HDDSDATANODE is listening at http://0.0.0.0:43425
2019-10-16 17:18:18,646 [main] INFO  ozone.MiniOzoneClusterImpl (MiniOzoneClusterImpl.java:lambda$waitForClusterToBeReady$0(147)) - Waiting for cluster to be ready. Got 0 of 10 DN Heartbeats.
2019-10-16 17:18:18,647 [org.apache.hadoop.util.JvmPauseMonitor$Monitor@35f55402] INFO  util.JvmPauseMonitor (JvmPauseMonitor.java:run(188)) - Starting JVM pause monitor
2019-10-16 17:18:18,651 [Datanode State Machine Thread - 0] INFO  datanode.InitDatanodeState (InitDatanodeState.java:persistContainerDatanodeDetails(140)) - DatanodeDetails is persisted to /workdir/hadoop-ozone/integration-test/target/test-dir/MiniOzoneClusterImpl-1b119847-9446-4130-a6ab-c741bf0ba7df/datanode-9/meta/datanode.id
2019-10-16 17:18:19,646 [main] INFO  ozone.MiniOzoneClusterImpl (MiniOzoneClusterImpl.java:lambda$waitForClusterToBeReady$0(147)) - Waiting for cluster to be ready. Got 0 of 10 DN Heartbeats.
2019-10-16 17:18:19,992 [Datanode State Machine Thread - 0] INFO  ozoneimpl.OzoneContainer (OzoneContainer.java:start(213)) - Attempting to start container services.
2019-10-16 17:18:19,998 [Datanode State Machine Thread - 0] INFO  ozoneimpl.OzoneContainer (OzoneContainer.java:startContainerScrub(177)) - Background container scanner has been disabled.
2019-10-16 17:18:19,998 [Datanode State Machine Thread - 0] INFO  ratis.XceiverServerRatis (XceiverServerRatis.java:start(418)) - Starting XceiverServerRatis ce7940c3-cf81-4e60-9959-5d5957212d6b at port 0
2019-10-16 17:18:20,006 [Datanode State Machine Thread - 0] INFO  ozoneimpl.OzoneContainer (OzoneContainer.java:start(213)) - Attempting to start container services.
2019-10-16 17:18:20,013 [Datanode State Machine Thread - 0] INFO  ozoneimpl.OzoneContainer (OzoneContainer.java:startContainerScrub(177)) - Background container scanner has been disabled.
2019-10-16 17:18:20,013 [Datanode State Machine Thread - 0] INFO  ratis.XceiverServerRatis (XceiverServerRatis.java:start(418)) - Starting XceiverServerRatis e2977a6c-6648-46b0-b933-4c020a2bfddc at port 0
2019-10-16 17:18:20,028 [Datanode State Machine Thread - 0] INFO  impl.RaftServerProxy (RaftServerProxy.java:lambda$start$3(299)) - e2977a6c-6648-46b0-b933-4c020a2bfddc: start RPC server
2019-10-16 17:18:20,028 [Datanode State Machine Thread - 0] INFO  impl.RaftServerProxy (RaftServerProxy.java:lambda$start$3(299)) - ce7940c3-cf81-4e60-9959-5d5957212d6b: start RPC server
2019-10-16 17:18:20,122 [Datanode State Machine Thread - 0] INFO  ozoneimpl.OzoneContainer (OzoneContainer.java:start(213)) - Attempting to start container services.
2019-10-16 17:18:20,123 [Datanode State Machine Thread - 0] INFO  ozoneimpl.OzoneContainer (OzoneContainer.java:startContainerScrub(177)) - Background container scanner has been disabled.
2019-10-16 17:18:20,123 [Datanode State Machine Thread - 0] INFO  ratis.XceiverServerRatis (XceiverServerRatis.java:start(418)) - Starting XceiverServerRatis 402b0372-4819-4934-806f-9fa0520739e8 at port 0
2019-10-16 17:18:20,135 [Datanode State Machine Thread - 0] INFO  impl.RaftServerProxy (RaftServerProxy.java:lambda$start$3(299)) - 402b0372-4819-4934-806f-9fa0520739e8: start RPC server
2019-10-16 17:18:20,163 [Datanode State Machine Thread - 0] INFO  server.GrpcService (GrpcService.java:startImpl(158)) - e2977a6c-6648-46b0-b933-4c020a2bfddc: GrpcService started, listening on 0.0.0.0/0.0.0.0:34436
2019-10-16 17:18:20,163 [Datanode State Machine Thread - 0] INFO  server.GrpcService (GrpcService.java:startImpl(158)) - ce7940c3-cf81-4e60-9959-5d5957212d6b: GrpcService started, listening on 0.0.0.0/0.0.0.0:38676
2019-10-16 17:18:20,163 [Datanode State Machine Thread - 0] INFO  server.GrpcService (GrpcService.java:startImpl(158)) - 402b0372-4819-4934-806f-9fa0520739e8: GrpcService started, listening on 0.0.0.0/0.0.0.0:42033
2019-10-16 17:18:20,164 [Datanode State Machine Thread - 0] INFO  ratis.XceiverServerRatis (XceiverServerRatis.java:start(428)) - XceiverServerRatis ce7940c3-cf81-4e60-9959-5d5957212d6b is started using port 38676
2019-10-16 17:18:20,164 [Datanode State Machine Thread - 0] INFO  ratis.XceiverServerRatis (XceiverServerRatis.java:start(428)) - XceiverServerRatis e2977a6c-6648-46b0-b933-4c020a2bfddc is started using port 34436
2019-10-16 17:18:20,164 [Datanode State Machine Thread - 0] INFO  ratis.XceiverServerRatis (XceiverServerRatis.java:start(428)) - XceiverServerRatis 402b0372-4819-4934-806f-9fa0520739e8 is started using port 42033
2019-10-16 17:18:20,172 [Datanode State Machine Thread - 0] INFO  server.XceiverServerGrpc (XceiverServerGrpc.java:start(149)) - XceiverServerGrpc ce7940c3-cf81-4e60-9959-5d5957212d6b is started using port 38978
2019-10-16 17:18:20,172 [Datanode State Machine Thread - 0] INFO  server.XceiverServerGrpc (XceiverServerGrpc.java:start(149)) - XceiverServerGrpc 402b0372-4819-4934-806f-9fa0520739e8 is started using port 41673
2019-10-16 17:18:20,172 [Datanode State Machine Thread - 0] INFO  server.XceiverServerGrpc (XceiverServerGrpc.java:start(149)) - XceiverServerGrpc e2977a6c-6648-46b0-b933-4c020a2bfddc is started using port 44794
2019-10-16 17:18:20,205 [Datanode State Machine Thread - 0] INFO  ozoneimpl.OzoneContainer (OzoneContainer.java:start(213)) - Attempting to start container services.
2019-10-16 17:18:20,205 [Datanode State Machine Thread - 0] INFO  ozoneimpl.OzoneContainer (OzoneContainer.java:startContainerScrub(177)) - Background container scanner has been disabled.
2019-10-16 17:18:20,205 [Datanode State Machine Thread - 0] INFO  ratis.XceiverServerRatis (XceiverServerRatis.java:start(418)) - Starting XceiverServerRatis 69c8fc0c-292c-4f2f-ab72-f8d3161c7a9e at port 0
2019-10-16 17:18:20,214 [Datanode State Machine Thread - 0] INFO  impl.RaftServerProxy (RaftServerProxy.java:lambda$start$3(299)) - 69c8fc0c-292c-4f2f-ab72-f8d3161c7a9e: start RPC server
2019-10-16 17:18:20,217 [Datanode State Machine Thread - 0] INFO  server.GrpcService (GrpcService.java:startImpl(158)) - 69c8fc0c-292c-4f2f-ab72-f8d3161c7a9e: GrpcService started, listening on 0.0.0.0/0.0.0.0:46799
2019-10-16 17:18:20,218 [Datanode State Machine Thread - 0] INFO  ratis.XceiverServerRatis (XceiverServerRatis.java:start(428)) - XceiverServerRatis 69c8fc0c-292c-4f2f-ab72-f8d3161c7a9e is started using port 46799
2019-10-16 17:18:20,220 [Datanode State Machine Thread - 0] INFO  server.XceiverServerGrpc (XceiverServerGrpc.java:start(149)) - XceiverServerGrpc 69c8fc0c-292c-4f2f-ab72-f8d3161c7a9e is started using port 46586
2019-10-16 17:18:20,285 [Datanode State Machine Thread - 0] INFO  ozoneimpl.OzoneContainer (OzoneContainer.java:start(213)) - Attempting to start container services.
2019-10-16 17:18:20,286 [Datanode State Machine Thread - 0] INFO  ozoneimpl.OzoneContainer (OzoneContainer.java:startContainerScrub(177)) - Background container scanner has been disabled.
2019-10-16 17:18:20,286 [Datanode State Machine Thread - 0] INFO  ratis.XceiverServerRatis (XceiverServerRatis.java:start(418)) - Starting XceiverServerRatis 88f87a5a-1895-478a-a391-44ff176aee59 at port 0
2019-10-16 17:18:20,294 [Datanode State Machine Thread - 0] INFO  impl.RaftServerProxy (RaftServerProxy.java:lambda$start$3(299)) - 88f87a5a-1895-478a-a391-44ff176aee59: start RPC server
2019-10-16 17:18:20,298 [Datanode State Machine Thread - 0] INFO  server.GrpcService (GrpcService.java:startImpl(158)) - 88f87a5a-1895-478a-a391-44ff176aee59: GrpcService started, listening on 0.0.0.0/0.0.0.0:34309
2019-10-16 17:18:20,298 [Datanode State Machine Thread - 0] INFO  ratis.XceiverServerRatis (XceiverServerRatis.java:start(428)) - XceiverServerRatis 88f87a5a-1895-478a-a391-44ff176aee59 is started using port 34309
2019-10-16 17:18:20,301 [Datanode State Machine Thread - 0] INFO  server.XceiverServerGrpc (XceiverServerGrpc.java:start(149)) - XceiverServerGrpc 88f87a5a-1895-478a-a391-44ff176aee59 is started using port 38984
2019-10-16 17:18:20,354 [Datanode State Machine Thread - 0] INFO  ozoneimpl.OzoneContainer (OzoneContainer.java:start(213)) - Attempting to start container services.
2019-10-16 17:18:20,355 [Datanode State Machine Thread - 0] INFO  ozoneimpl.OzoneContainer (OzoneContainer.java:startContainerScrub(177)) - Background container scanner has been disabled.
2019-10-16 17:18:20,355 [Datanode State Machine Thread - 0] INFO  ratis.XceiverServerRatis (XceiverServerRatis.java:start(418)) - Starting XceiverServerRatis 36127643-2c32-4e4d-8f36-0b4a74ca3071 at port 0
2019-10-16 17:18:20,363 [Datanode State Machine Thread - 0] INFO  impl.RaftServerProxy (RaftServerProxy.java:lambda$start$3(299)) - 36127643-2c32-4e4d-8f36-0b4a74ca3071: start RPC server
2019-10-16 17:18:20,368 [Datanode State Machine Thread - 0] INFO  server.GrpcService (GrpcService.java:startImpl(158)) - 36127643-2c32-4e4d-8f36-0b4a74ca3071: GrpcService started, listening on 0.0.0.0/0.0.0.0:34023
2019-10-16 17:18:20,368 [Datanode State Machine Thread - 0] INFO  ratis.XceiverServerRatis (XceiverServerRatis.java:start(428)) - XceiverServerRatis 36127643-2c32-4e4d-8f36-0b4a74ca3071 is started using port 34023
2019-10-16 17:18:20,371 [Datanode State Machine Thread - 0] INFO  server.XceiverServerGrpc (XceiverServerGrpc.java:start(149)) - XceiverServerGrpc 36127643-2c32-4e4d-8f36-0b4a74ca3071 is started using port 41056
2019-10-16 17:18:20,434 [Datanode State Machine Thread - 0] INFO  ozoneimpl.OzoneContainer (OzoneContainer.java:start(213)) - Attempting to start container services.
2019-10-16 17:18:20,435 [Datanode State Machine Thread - 0] INFO  ozoneimpl.OzoneContainer (OzoneContainer.java:startContainerScrub(177)) - Background container scanner has been disabled.
2019-10-16 17:18:20,435 [Datanode State Machine Thread - 0] INFO  ratis.XceiverServerRatis (XceiverServerRatis.java:start(418)) - Starting XceiverServerRatis e40a46b2-8333-4456-9552-d7e48aaff595 at port 0
2019-10-16 17:18:20,444 [Datanode State Machine Thread - 0] INFO  impl.RaftServerProxy (RaftServerProxy.java:lambda$start$3(299)) - e40a46b2-8333-4456-9552-d7e48aaff595: start RPC server
2019-10-16 17:18:20,448 [Datanode State Machine Thread - 0] INFO  server.GrpcService (GrpcService.java:startImpl(158)) - e40a46b2-8333-4456-9552-d7e48aaff595: GrpcService started, listening on 0.0.0.0/0.0.0.0:41501
2019-10-16 17:18:20,448 [Datanode State Machine Thread - 0] INFO  ratis.XceiverServerRatis (XceiverServerRatis.java:start(428)) - XceiverServerRatis e40a46b2-8333-4456-9552-d7e48aaff595 is started using port 41501
2019-10-16 17:18:20,451 [Datanode State Machine Thread - 0] INFO  server.XceiverServerGrpc (XceiverServerGrpc.java:start(149)) - XceiverServerGrpc e40a46b2-8333-4456-9552-d7e48aaff595 is started using port 34966
2019-10-16 17:18:20,516 [Datanode State Machine Thread - 0] INFO  ozoneimpl.OzoneContainer (OzoneContainer.java:start(213)) - Attempting to start container services.
2019-10-16 17:18:20,516 [Datanode State Machine Thread - 0] INFO  ozoneimpl.OzoneContainer (OzoneContainer.java:startContainerScrub(177)) - Background container scanner has been disabled.
2019-10-16 17:18:20,516 [Datanode State Machine Thread - 0] INFO  ratis.XceiverServerRatis (XceiverServerRatis.java:start(418)) - Starting XceiverServerRatis 49a5d9d7-3d07-43ac-8c81-5946fbcf265a at port 0
2019-10-16 17:18:20,525 [Datanode State Machine Thread - 0] INFO  impl.RaftServerProxy (RaftServerProxy.java:lambda$start$3(299)) - 49a5d9d7-3d07-43ac-8c81-5946fbcf265a: start RPC server
2019-10-16 17:18:20,530 [Datanode State Machine Thread - 0] INFO  server.GrpcService (GrpcService.java:startImpl(158)) - 49a5d9d7-3d07-43ac-8c81-5946fbcf265a: GrpcService started, listening on 0.0.0.0/0.0.0.0:43249
2019-10-16 17:18:20,531 [Datanode State Machine Thread - 0] INFO  ratis.XceiverServerRatis (XceiverServerRatis.java:start(428)) - XceiverServerRatis 49a5d9d7-3d07-43ac-8c81-5946fbcf265a is started using port 43249
2019-10-16 17:18:20,534 [Datanode State Machine Thread - 0] INFO  server.XceiverServerGrpc (XceiverServerGrpc.java:start(149)) - XceiverServerGrpc 49a5d9d7-3d07-43ac-8c81-5946fbcf265a is started using port 41531
2019-10-16 17:18:20,584 [Datanode State Machine Thread - 0] INFO  ozoneimpl.OzoneContainer (OzoneContainer.java:start(213)) - Attempting to start container services.
2019-10-16 17:18:20,585 [Datanode State Machine Thread - 0] INFO  ozoneimpl.OzoneContainer (OzoneContainer.java:startContainerScrub(177)) - Background container scanner has been disabled.
2019-10-16 17:18:20,585 [Datanode State Machine Thread - 0] INFO  ratis.XceiverServerRatis (XceiverServerRatis.java:start(418)) - Starting XceiverServerRatis 39efc1e0-b8a0-46ae-8203-75644d0567c7 at port 0
2019-10-16 17:18:20,593 [Datanode State Machine Thread - 0] INFO  impl.RaftServerProxy (RaftServerProxy.java:lambda$start$3(299)) - 39efc1e0-b8a0-46ae-8203-75644d0567c7: start RPC server
2019-10-16 17:18:20,599 [Datanode State Machine Thread - 0] INFO  server.GrpcService (GrpcService.java:startImpl(158)) - 39efc1e0-b8a0-46ae-8203-75644d0567c7: GrpcService started, listening on 0.0.0.0/0.0.0.0:37505
2019-10-16 17:18:20,599 [Datanode State Machine Thread - 0] INFO  ratis.XceiverServerRatis (XceiverServerRatis.java:start(428)) - XceiverServerRatis 39efc1e0-b8a0-46ae-8203-75644d0567c7 is started using port 37505
2019-10-16 17:18:20,602 [Datanode State Machine Thread - 0] INFO  server.XceiverServerGrpc (XceiverServerGrpc.java:start(149)) - XceiverServerGrpc 39efc1e0-b8a0-46ae-8203-75644d0567c7 is started using port 44668
2019-10-16 17:18:20,647 [main] INFO  ozone.MiniOzoneClusterImpl (MiniOzoneClusterImpl.java:lambda$waitForClusterToBeReady$0(147)) - Waiting for cluster to be ready. Got 0 of 10 DN Heartbeats.
2019-10-16 17:18:20,664 [Datanode State Machine Thread - 0] INFO  ozoneimpl.OzoneContainer (OzoneContainer.java:start(213)) - Attempting to start container services.
2019-10-16 17:18:20,665 [Datanode State Machine Thread - 0] INFO  ozoneimpl.OzoneContainer (OzoneContainer.java:startContainerScrub(177)) - Background container scanner has been disabled.
2019-10-16 17:18:20,665 [Datanode State Machine Thread - 0] INFO  ratis.XceiverServerRatis (XceiverServerRatis.java:start(418)) - Starting XceiverServerRatis edabc722-9974-498c-890b-46d66b917a65 at port 0
2019-10-16 17:18:20,673 [Datanode State Machine Thread - 0] INFO  impl.RaftServerProxy (RaftServerProxy.java:lambda$start$3(299)) - edabc722-9974-498c-890b-46d66b917a65: start RPC server
2019-10-16 17:18:20,679 [Datanode State Machine Thread - 0] INFO  server.GrpcService (GrpcService.java:startImpl(158)) - edabc722-9974-498c-890b-46d66b917a65: GrpcService started, listening on 0.0.0.0/0.0.0.0:35421
2019-10-16 17:18:20,679 [Datanode State Machine Thread - 0] INFO  ratis.XceiverServerRatis (XceiverServerRatis.java:start(428)) - XceiverServerRatis edabc722-9974-498c-890b-46d66b917a65 is started using port 35421
2019-10-16 17:18:20,719 [Datanode State Machine Thread - 0] INFO  server.XceiverServerGrpc (XceiverServerGrpc.java:start(149)) - XceiverServerGrpc edabc722-9974-498c-890b-46d66b917a65 is started using port 44235
2019-10-16 17:18:21,649 [main] INFO  ozone.MiniOzoneClusterImpl (MiniOzoneClusterImpl.java:lambda$waitForClusterToBeReady$0(147)) - Waiting for cluster to be ready. Got 0 of 10 DN Heartbeats.
2019-10-16 17:18:21,917 [IPC Server handler 2 on 44304] INFO  net.NetworkTopology (NetworkTopologyImpl.java:add(111)) - Added a new node: /default-rack/ce7940c3-cf81-4e60-9959-5d5957212d6b
2019-10-16 17:18:21,918 [IPC Server handler 2 on 44304] INFO  node.SCMNodeManager (SCMNodeManager.java:register(313)) - Registered Data node : ce7940c3-cf81-4e60-9959-5d5957212d6b{ip: 192.168.69.90, host: pr-hdds-2197-topology-f2j98-1328871761, networkLocation: /default-rack, certSerialId: null}
2019-10-16 17:18:21,921 [EventQueue-NodeRegistrationContainerReportForDataNodeSafeModeRule] INFO  safemode.SCMSafeModeManager (DataNodeSafeModeRule.java:process(71)) - SCM in safe mode. 1 DataNodes registered, 1 required.
2019-10-16 17:18:21,922 [EventQueue-NodeRegistrationContainerReportForDataNodeSafeModeRule] INFO  safemode.SCMSafeModeManager (SCMSafeModeManager.java:validateSafeModeExitRules(177)) - ScmSafeModeManager, all rules are successfully validated
2019-10-16 17:18:21,922 [EventQueue-NodeRegistrationContainerReportForDataNodeSafeModeRule] INFO  safemode.SCMSafeModeManager (SCMSafeModeManager.java:exitSafeMode(193)) - SCM exiting safe mode.
2019-10-16 17:18:21,990 [IPC Server handler 3 on 44304] INFO  net.NetworkTopology (NetworkTopologyImpl.java:add(111)) - Added a new node: /default-rack/e2977a6c-6648-46b0-b933-4c020a2bfddc
2019-10-16 17:18:21,990 [IPC Server handler 3 on 44304] INFO  node.SCMNodeManager (SCMNodeManager.java:register(313)) - Registered Data node : e2977a6c-6648-46b0-b933-4c020a2bfddc{ip: 192.168.69.90, host: pr-hdds-2197-topology-f2j98-1328871761, networkLocation: /default-rack, certSerialId: null}
2019-10-16 17:18:22,110 [IPC Server handler 5 on 44304] INFO  net.NetworkTopology (NetworkTopologyImpl.java:add(111)) - Added a new node: /default-rack/402b0372-4819-4934-806f-9fa0520739e8
2019-10-16 17:18:22,110 [IPC Server handler 5 on 44304] INFO  node.SCMNodeManager (SCMNodeManager.java:register(313)) - Registered Data node : 402b0372-4819-4934-806f-9fa0520739e8{ip: 192.168.69.90, host: pr-hdds-2197-topology-f2j98-1328871761, networkLocation: /default-rack, certSerialId: null}
2019-10-16 17:18:22,201 [IPC Server handler 4 on 44304] INFO  net.NetworkTopology (NetworkTopologyImpl.java:add(111)) - Added a new node: /default-rack/69c8fc0c-292c-4f2f-ab72-f8d3161c7a9e
2019-10-16 17:18:22,203 [IPC Server handler 4 on 44304] INFO  node.SCMNodeManager (SCMNodeManager.java:register(313)) - Registered Data node : 69c8fc0c-292c-4f2f-ab72-f8d3161c7a9e{ip: 192.168.69.90, host: pr-hdds-2197-topology-f2j98-1328871761, networkLocation: /default-rack, certSerialId: null}
2019-10-16 17:18:22,273 [IPC Server handler 6 on 44304] INFO  net.NetworkTopology (NetworkTopologyImpl.java:add(111)) - Added a new node: /default-rack/88f87a5a-1895-478a-a391-44ff176aee59
2019-10-16 17:18:22,274 [IPC Server handler 6 on 44304] INFO  node.SCMNodeManager (SCMNodeManager.java:register(313)) - Registered Data node : 88f87a5a-1895-478a-a391-44ff176aee59{ip: 192.168.69.90, host: pr-hdds-2197-topology-f2j98-1328871761, networkLocation: /default-rack, certSerialId: null}
2019-10-16 17:18:22,376 [IPC Server handler 7 on 44304] INFO  net.NetworkTopology (NetworkTopologyImpl.java:add(111)) - Added a new node: /default-rack/36127643-2c32-4e4d-8f36-0b4a74ca3071
2019-10-16 17:18:22,377 [IPC Server handler 7 on 44304] INFO  node.SCMNodeManager (SCMNodeManager.java:register(313)) - Registered Data node : 36127643-2c32-4e4d-8f36-0b4a74ca3071{ip: 192.168.69.90, host: pr-hdds-2197-topology-f2j98-1328871761, networkLocation: /default-rack, certSerialId: null}
2019-10-16 17:18:22,422 [IPC Server handler 9 on 44304] INFO  net.NetworkTopology (NetworkTopologyImpl.java:add(111)) - Added a new node: /default-rack/e40a46b2-8333-4456-9552-d7e48aaff595
2019-10-16 17:18:22,422 [IPC Server handler 9 on 44304] INFO  node.SCMNodeManager (SCMNodeManager.java:register(313)) - Registered Data node : e40a46b2-8333-4456-9552-d7e48aaff595{ip: 192.168.69.90, host: pr-hdds-2197-topology-f2j98-1328871761, networkLocation: /default-rack, certSerialId: null}
2019-10-16 17:18:22,505 [IPC Server handler 8 on 44304] INFO  net.NetworkTopology (NetworkTopologyImpl.java:add(111)) - Added a new node: /default-rack/49a5d9d7-3d07-43ac-8c81-5946fbcf265a
2019-10-16 17:18:22,506 [IPC Server handler 8 on 44304] INFO  node.SCMNodeManager (SCMNodeManager.java:register(313)) - Registered Data node : 49a5d9d7-3d07-43ac-8c81-5946fbcf265a{ip: 192.168.69.90, host: pr-hdds-2197-topology-f2j98-1328871761, networkLocation: /default-rack, certSerialId: null}
2019-10-16 17:18:22,543 [grpc-default-executor-0] INFO  impl.RaftServerProxy (RaftServerProxy.java:addNew(89)) - ce7940c3-cf81-4e60-9959-5d5957212d6b: addNew group-152500D812F1:[ce7940c3-cf81-4e60-9959-5d5957212d6b:192.168.69.90:38676] returns group-152500D812F1:java.util.concurrent.CompletableFuture@2482450e[Not completed]
2019-10-16 17:18:22,560 [pool-27-thread-1] INFO  impl.RaftServerImpl (RaftServerImpl.java:<init>(95)) - ce7940c3-cf81-4e60-9959-5d5957212d6b: new RaftServerImpl for group-152500D812F1:[ce7940c3-cf81-4e60-9959-5d5957212d6b:192.168.69.90:38676] with ContainerStateMachine:uninitialized
2019-10-16 17:18:22,561 [pool-27-thread-1] INFO  server.RaftServerConfigKeys (ConfUtils.java:logGet(43)) - raft.server.rpc.timeout.min = 1s (custom)
2019-10-16 17:18:22,563 [pool-27-thread-1] INFO  server.RaftServerConfigKeys (ConfUtils.java:logGet(43)) - raft.server.rpc.timeout.max = 1200ms (custom)
2019-10-16 17:18:22,563 [pool-27-thread-1] INFO  server.RaftServerConfigKeys (ConfUtils.java:logGet(43)) - raft.server.rpcslowness.timeout = 120s (custom)
2019-10-16 17:18:22,564 [pool-27-thread-1] INFO  server.RaftServerConfigKeys (ConfUtils.java:logGet(43)) - raft.server.sleep.deviation.threshold = 300 (default)
2019-10-16 17:18:22,564 [pool-27-thread-1] INFO  server.RaftServerConfigKeys (ConfUtils.java:logGet(43)) - raft.server.log.appender.install.snapshot.enabled = false (custom)
2019-10-16 17:18:22,570 [IPC Server handler 0 on 44304] INFO  net.NetworkTopology (NetworkTopologyImpl.java:add(111)) - Added a new node: /default-rack/39efc1e0-b8a0-46ae-8203-75644d0567c7
2019-10-16 17:18:22,570 [IPC Server handler 0 on 44304] INFO  node.SCMNodeManager (SCMNodeManager.java:register(313)) - Registered Data node : 39efc1e0-b8a0-46ae-8203-75644d0567c7{ip: 192.168.69.90, host: pr-hdds-2197-topology-f2j98-1328871761, networkLocation: /default-rack, certSerialId: null}
2019-10-16 17:18:22,573 [pool-27-thread-1] INFO  impl.RaftServerImpl (ServerState.java:<init>(103)) - ce7940c3-cf81-4e60-9959-5d5957212d6b@group-152500D812F1: ConfigurationManager, init=-1: [ce7940c3-cf81-4e60-9959-5d5957212d6b:192.168.69.90:38676], old=null, confs=<EMPTY_MAP>
2019-10-16 17:18:22,573 [pool-27-thread-1] INFO  server.RaftServerConfigKeys (ConfUtils.java:logGet(43)) - raft.server.storage.dir = [/workdir/hadoop-ozone/integration-test/target/test-dir/MiniOzoneClusterImpl-1b119847-9446-4130-a6ab-c741bf0ba7df/datanode-0/data/ratis] (custom)
2019-10-16 17:18:22,579 [pool-27-thread-1] INFO  server.RaftServerConfigKeys (ConfUtils.java:logGet(43)) - raft.server.log.corruption.policy = EXCEPTION (default)
2019-10-16 17:18:22,580 [pool-27-thread-1] INFO  storage.RaftStorageDirectory (RaftStorageDirectory.java:analyzeStorage(246)) - The storage directory /workdir/hadoop-ozone/integration-test/target/test-dir/MiniOzoneClusterImpl-1b119847-9446-4130-a6ab-c741bf0ba7df/datanode-0/data/ratis/ac322eed-2cfe-4fb7-9fce-152500d812f1 does not exist. Creating ...
2019-10-16 17:18:22,606 [pool-27-thread-1] INFO  storage.RaftStorageDirectory (RaftStorageDirectory.java:tryLock(328)) - Lock on /workdir/hadoop-ozone/integration-test/target/test-dir/MiniOzoneClusterImpl-1b119847-9446-4130-a6ab-c741bf0ba7df/datanode-0/data/ratis/ac322eed-2cfe-4fb7-9fce-152500d812f1/in_use.lock acquired by nodename 18778@pr-hdds-2197-topology-f2j98-1328871761
2019-10-16 17:18:22,624 [pool-27-thread-1] INFO  storage.RaftStorage (RaftStorage.java:format(84)) - Storage directory /workdir/hadoop-ozone/integration-test/target/test-dir/MiniOzoneClusterImpl-1b119847-9446-4130-a6ab-c741bf0ba7df/datanode-0/data/ratis/ac322eed-2cfe-4fb7-9fce-152500d812f1 has been successfully formatted.
2019-10-16 17:18:22,627 [pool-27-thread-1] INFO  ratis.ContainerStateMachine (ContainerStateMachine.java:loadSnapshot(231)) - group-152500D812F1: The snapshot info is null. Setting the last applied indexto:(t:0, i:~)
2019-10-16 17:18:22,628 [pool-27-thread-1] INFO  server.RaftServerConfigKeys (ConfUtils.java:logGet(43)) - raft.server.notification.no-leader.timeout = 120s (custom)
2019-10-16 17:18:22,631 [pool-27-thread-1] INFO  server.RaftServerConfigKeys (ConfUtils.java:logGet(43)) - raft.server.log.use.memory = false (default)
2019-10-16 17:18:22,638 [pool-27-thread-1] INFO  server.RaftServerConfigKeys (ConfUtils.java:logGet(43)) - raft.server.log.purge.gap = 1000000 (custom)
2019-10-16 17:18:22,638 [pool-27-thread-1] INFO  server.RaftServerConfigKeys (ConfUtils.java:logGet(43)) - raft.server.log.appender.buffer.byte-limit = 33554432 (custom)
2019-10-16 17:18:22,641 [pool-27-thread-1] INFO  server.RaftServerConfigKeys (ConfUtils.java:logGet(43)) - raft.server.log.segment.size.max = 1048576 (custom)
2019-10-16 17:18:22,644 [pool-27-thread-1] INFO  impl.MetricsSystemImpl (MetricsSystemImpl.java:init(158)) - ratis metrics system started (again)
2019-10-16 17:18:22,664 [main] INFO  ozone.MiniOzoneClusterImpl (MiniOzoneClusterImpl.java:lambda$waitForClusterToBeReady$0(147)) - Waiting for cluster to be ready. Got 9 of 10 DN Heartbeats.
2019-10-16 17:18:22,665 [IPC Server handler 2 on 44304] INFO  net.NetworkTopology (NetworkTopologyImpl.java:add(111)) - Added a new node: /default-rack/edabc722-9974-498c-890b-46d66b917a65
2019-10-16 17:18:22,666 [IPC Server handler 2 on 44304] INFO  node.SCMNodeManager (SCMNodeManager.java:register(313)) - Registered Data node : edabc722-9974-498c-890b-46d66b917a65{ip: 192.168.69.90, host: pr-hdds-2197-topology-f2j98-1328871761, networkLocation: /default-rack, certSerialId: null}
2019-10-16 17:18:22,669 [pool-27-thread-1] INFO  metrics.MetricRegistries (MetricRegistriesLoader.java:load(64)) - Loaded MetricRegistries class org.apache.ratis.metrics.impl.MetricRegistriesImpl
2019-10-16 17:18:22,716 [pool-27-thread-1] INFO  server.RaftServerConfigKeys (ConfUtils.java:logGet(43)) - raft.server.log.segment.cache.num.max = 2 (custom)
2019-10-16 17:18:22,722 [pool-27-thread-1] INFO  segmented.SegmentedRaftLogWorker (SegmentedRaftLogWorker.java:<init>(173)) - new ce7940c3-cf81-4e60-9959-5d5957212d6b@group-152500D812F1-SegmentedRaftLogWorker for RaftStorage:Storage Directory /workdir/hadoop-ozone/integration-test/target/test-dir/MiniOzoneClusterImpl-1b119847-9446-4130-a6ab-c741bf0ba7df/datanode-0/data/ratis/ac322eed-2cfe-4fb7-9fce-152500d812f1
2019-10-16 17:18:22,722 [pool-27-thread-1] INFO  server.RaftServerConfigKeys (ConfUtils.java:logGet(43)) - raft.server.log.queue.byte-limit = 2147483647 (custom)
2019-10-16 17:18:22,723 [pool-27-thread-1] INFO  server.RaftServerConfigKeys (ConfUtils.java:logGet(43)) - raft.server.log.queue.element-limit = 1024 (custom)
2019-10-16 17:18:22,724 [pool-27-thread-1] INFO  server.RaftServerConfigKeys (ConfUtils.java:logGet(43)) - raft.server.log.segment.size.max = 1048576 (custom)
2019-10-16 17:18:22,724 [pool-27-thread-1] INFO  server.RaftServerConfigKeys (ConfUtils.java:logGet(43)) - raft.server.log.preallocated.size = 16384 (custom)
2019-10-16 17:18:22,725 [pool-27-thread-1] INFO  server.RaftServerConfigKeys (ConfUtils.java:logGet(43)) - raft.server.log.write.buffer.size = 33554432 (custom)
2019-10-16 17:18:22,725 [pool-27-thread-1] INFO  server.RaftServerConfigKeys (ConfUtils.java:logGet(43)) - raft.server.log.force.sync.num = 128 (default)
2019-10-16 17:18:22,726 [pool-27-thread-1] INFO  server.RaftServerConfigKeys (ConfUtils.java:logGet(43)) - raft.server.log.statemachine.data.sync = true (default)
2019-10-16 17:18:22,726 [pool-27-thread-1] INFO  server.RaftServerConfigKeys (ConfUtils.java:logGet(43)) - raft.server.log.statemachine.data.sync.timeout = 10s (default)
2019-10-16 17:18:22,727 [pool-27-thread-1] INFO  server.RaftServerConfigKeys (ConfUtils.java:logGet(43)) - raft.server.log.statemachine.data.sync.timeout.retry = -1 (default)
2019-10-16 17:18:22,738 [pool-27-thread-1] INFO  server.RaftServerConfigKeys (ConfUtils.java:logGet(43)) - raft.server.log.statemachine.data.caching.enabled = true (custom)
2019-10-16 17:18:22,743 [pool-27-thread-1] INFO  segmented.SegmentedRaftLogWorker (SegmentedRaftLogWorker.java:lambda$new$0(128)) - ce7940c3-cf81-4e60-9959-5d5957212d6b@group-152500D812F1-SegmentedRaftLogWorker: flushIndex: setUnconditionally 0 -> -1
2019-10-16 17:18:22,747 [pool-27-thread-1] INFO  server.RaftServerConfigKeys (ConfUtils.java:logGet(43)) - raft.server.snapshot.auto.trigger.enabled = true (custom)
2019-10-16 17:18:22,748 [pool-27-thread-1] INFO  server.RaftServerConfigKeys (ConfUtils.java:logGet(43)) - raft.server.snapshot.auto.trigger.threshold = 10000 (custom)
2019-10-16 17:18:22,748 [pool-27-thread-1] INFO  server.RaftServerConfigKeys (ConfUtils.java:logGet(43)) - raft.server.snapshot.retention.file.num = 5 (custom)
2019-10-16 17:18:22,749 [pool-27-thread-1] INFO  server.RaftServerConfigKeys (ConfUtils.java:logGet(43)) - raft.server.retrycache.expirytime = 600000ms (custom)
2019-10-16 17:18:22,773 [pool-27-thread-1] INFO  impl.RaftServerImpl (RaftServerImpl.java:start(181)) - ce7940c3-cf81-4e60-9959-5d5957212d6b@group-152500D812F1: start as a follower, conf=-1: [ce7940c3-cf81-4e60-9959-5d5957212d6b:192.168.69.90:38676], old=null
2019-10-16 17:18:22,774 [pool-27-thread-1] INFO  impl.RaftServerImpl (RaftServerImpl.java:setRole(170)) - ce7940c3-cf81-4e60-9959-5d5957212d6b@group-152500D812F1: changes role from      null to FOLLOWER at term 0 for startAsFollower
2019-10-16 17:18:22,775 [pool-27-thread-1] INFO  impl.RoleInfo (RoleInfo.java:updateAndGet(143)) - ce7940c3-cf81-4e60-9959-5d5957212d6b: start FollowerState
2019-10-16 17:18:22,777 [pool-27-thread-1] INFO  util.JmxRegister (JmxRegister.java:tryRegister(44)) - Successfully registered JMX Bean with object name Ratis:service=RaftServer,group=group-152500D812F1,id=ce7940c3-cf81-4e60-9959-5d5957212d6b
2019-10-16 17:18:22,848 [RatisPipelineUtilsThread] INFO  pipeline.PipelineStateManager (PipelineStateManager.java:addPipeline(56)) - Created pipeline Pipeline[ Id: ac322eed-2cfe-4fb7-9fce-152500d812f1, Nodes: ce7940c3-cf81-4e60-9959-5d5957212d6b{ip: 192.168.69.90, host: pr-hdds-2197-topology-f2j98-1328871761, networkLocation: /default-rack, certSerialId: null}, Type:RATIS, Factor:ONE, State:OPEN]
2019-10-16 17:18:22,876 [grpc-default-executor-0] INFO  impl.RaftServerProxy (RaftServerProxy.java:addNew(89)) - 88f87a5a-1895-478a-a391-44ff176aee59: addNew group-21E0174CBF97:[88f87a5a-1895-478a-a391-44ff176aee59:192.168.69.90:34309] returns group-21E0174CBF97:java.util.concurrent.CompletableFuture@6265149f[Not completed]
2019-10-16 17:18:22,935 [pool-67-thread-1] INFO  impl.RaftServerImpl (RaftServerImpl.java:<init>(95)) - 88f87a5a-1895-478a-a391-44ff176aee59: new RaftServerImpl for group-21E0174CBF97:[88f87a5a-1895-478a-a391-44ff176aee59:192.168.69.90:34309] with ContainerStateMachine:uninitialized
2019-10-16 17:18:22,937 [pool-67-thread-1] INFO  server.RaftServerConfigKeys (ConfUtils.java:logGet(43)) - raft.server.rpc.timeout.min = 1s (custom)
2019-10-16 17:18:22,938 [pool-67-thread-1] INFO  server.RaftServerConfigKeys (ConfUtils.java:logGet(43)) - raft.server.rpc.timeout.max = 1200ms (custom)
2019-10-16 17:18:22,938 [pool-67-thread-1] INFO  server.RaftServerConfigKeys (ConfUtils.java:logGet(43)) - raft.server.rpcslowness.timeout = 120s (custom)
2019-10-16 17:18:22,938 [pool-67-thread-1] INFO  server.RaftServerConfigKeys (ConfUtils.java:logGet(43)) - raft.server.sleep.deviation.threshold = 300 (default)
2019-10-16 17:18:22,938 [pool-67-thread-1] INFO  server.RaftServerConfigKeys (ConfUtils.java:logGet(43)) - raft.server.log.appender.install.snapshot.enabled = false (custom)
2019-10-16 17:18:22,938 [pool-67-thread-1] INFO  impl.RaftServerImpl (ServerState.java:<init>(103)) - 88f87a5a-1895-478a-a391-44ff176aee59@group-21E0174CBF97: ConfigurationManager, init=-1: [88f87a5a-1895-478a-a391-44ff176aee59:192.168.69.90:34309], old=null, confs=<EMPTY_MAP>
2019-10-16 17:18:22,938 [pool-67-thread-1] INFO  server.RaftServerConfigKeys (ConfUtils.java:logGet(43)) - raft.server.storage.dir = [/workdir/hadoop-ozone/integration-test/target/test-dir/MiniOzoneClusterImpl-1b119847-9446-4130-a6ab-c741bf0ba7df/datanode-4/data/ratis] (custom)
2019-10-16 17:18:22,939 [pool-67-thread-1] INFO  server.RaftServerConfigKeys (ConfUtils.java:logGet(43)) - raft.server.log.corruption.policy = EXCEPTION (default)
2019-10-16 17:18:22,939 [pool-67-thread-1] INFO  storage.RaftStorageDirectory (RaftStorageDirectory.java:analyzeStorage(246)) - The storage directory /workdir/hadoop-ozone/integration-test/target/test-dir/MiniOzoneClusterImpl-1b119847-9446-4130-a6ab-c741bf0ba7df/datanode-4/data/ratis/fe709398-7ce7-440a-b632-21e0174cbf97 does not exist. Creating ...
2019-10-16 17:18:22,954 [pool-67-thread-1] INFO  storage.RaftStorageDirectory (RaftStorageDirectory.java:tryLock(328)) - Lock on /workdir/hadoop-ozone/integration-test/target/test-dir/MiniOzoneClusterImpl-1b119847-9446-4130-a6ab-c741bf0ba7df/datanode-4/data/ratis/fe709398-7ce7-440a-b632-21e0174cbf97/in_use.lock acquired by nodename 18778@pr-hdds-2197-topology-f2j98-1328871761
2019-10-16 17:18:22,968 [pool-67-thread-1] INFO  storage.RaftStorage (RaftStorage.java:format(84)) - Storage directory /workdir/hadoop-ozone/integration-test/target/test-dir/MiniOzoneClusterImpl-1b119847-9446-4130-a6ab-c741bf0ba7df/datanode-4/data/ratis/fe709398-7ce7-440a-b632-21e0174cbf97 has been successfully formatted.
2019-10-16 17:18:22,971 [pool-67-thread-1] INFO  ratis.ContainerStateMachine (ContainerStateMachine.java:loadSnapshot(231)) - group-21E0174CBF97: The snapshot info is null. Setting the last applied indexto:(t:0, i:~)
2019-10-16 17:18:22,973 [pool-67-thread-1] INFO  server.RaftServerConfigKeys (ConfUtils.java:logGet(43)) - raft.server.notification.no-leader.timeout = 120s (custom)
2019-10-16 17:18:22,973 [pool-67-thread-1] INFO  server.RaftServerConfigKeys (ConfUtils.java:logGet(43)) - raft.server.log.use.memory = false (default)
2019-10-16 17:18:22,974 [pool-67-thread-1] INFO  server.RaftServerConfigKeys (ConfUtils.java:logGet(43)) - raft.server.log.purge.gap = 1000000 (custom)
2019-10-16 17:18:22,974 [pool-67-thread-1] INFO  server.RaftServerConfigKeys (ConfUtils.java:logGet(43)) - raft.server.log.appender.buffer.byte-limit = 33554432 (custom)
2019-10-16 17:18:22,974 [pool-67-thread-1] INFO  server.RaftServerConfigKeys (ConfUtils.java:logGet(43)) - raft.server.log.segment.size.max = 1048576 (custom)
2019-10-16 17:18:22,980 [pool-67-thread-1] INFO  server.RaftServerConfigKeys (ConfUtils.java:logGet(43)) - raft.server.log.segment.cache.num.max = 2 (custom)
2019-10-16 17:18:22,981 [pool-67-thread-1] INFO  segmented.SegmentedRaftLogWorker (SegmentedRaftLogWorker.java:<init>(173)) - new 88f87a5a-1895-478a-a391-44ff176aee59@group-21E0174CBF97-SegmentedRaftLogWorker for RaftStorage:Storage Directory /workdir/hadoop-ozone/integration-test/target/test-dir/MiniOzoneClusterImpl-1b119847-9446-4130-a6ab-c741bf0ba7df/datanode-4/data/ratis/fe709398-7ce7-440a-b632-21e0174cbf97
2019-10-16 17:18:22,983 [pool-67-thread-1] INFO  server.RaftServerConfigKeys (ConfUtils.java:logGet(43)) - raft.server.log.queue.byte-limit = 2147483647 (custom)
2019-10-16 17:18:22,983 [pool-67-thread-1] INFO  server.RaftServerConfigKeys (ConfUtils.java:logGet(43)) - raft.server.log.queue.element-limit = 1024 (custom)
2019-10-16 17:18:22,984 [pool-67-thread-1] INFO  server.RaftServerConfigKeys (ConfUtils.java:logGet(43)) - raft.server.log.segment.size.max = 1048576 (custom)
2019-10-16 17:18:22,984 [pool-67-thread-1] INFO  server.RaftServerConfigKeys (ConfUtils.java:logGet(43)) - raft.server.log.preallocated.size = 16384 (custom)
2019-10-16 17:18:22,984 [pool-67-thread-1] INFO  server.RaftServerConfigKeys (ConfUtils.java:logGet(43)) - raft.server.log.write.buffer.size = 33554432 (custom)
2019-10-16 17:18:22,984 [pool-67-thread-1] INFO  server.RaftServerConfigKeys (ConfUtils.java:logGet(43)) - raft.server.log.force.sync.num = 128 (default)
2019-10-16 17:18:22,984 [pool-67-thread-1] INFO  server.RaftServerConfigKeys (ConfUtils.java:logGet(43)) - raft.server.log.statemachine.data.sync = true (default)
2019-10-16 17:18:22,984 [pool-67-thread-1] INFO  server.RaftServerConfigKeys (ConfUtils.java:logGet(43)) - raft.server.log.statemachine.data.sync.timeout = 10s (default)
2019-10-16 17:18:22,985 [pool-67-thread-1] INFO  server.RaftServerConfigKeys (ConfUtils.java:logGet(43)) - raft.server.log.statemachine.data.sync.timeout.retry = -1 (default)
2019-10-16 17:18:22,986 [pool-67-thread-1] INFO  server.RaftServerConfigKeys (ConfUtils.java:logGet(43)) - raft.server.log.statemachine.data.caching.enabled = true (custom)
2019-10-16 17:18:22,986 [pool-67-thread-1] INFO  segmented.SegmentedRaftLogWorker (SegmentedRaftLogWorker.java:lambda$new$0(128)) - 88f87a5a-1895-478a-a391-44ff176aee59@group-21E0174CBF97-SegmentedRaftLogWorker: flushIndex: setUnconditionally 0 -> -1
2019-10-16 17:18:22,987 [pool-67-thread-1] INFO  server.RaftServerConfigKeys (ConfUtils.java:logGet(43)) - raft.server.snapshot.auto.trigger.enabled = true (custom)
2019-10-16 17:18:22,987 [pool-67-thread-1] INFO  server.RaftServerConfigKeys (ConfUtils.java:logGet(43)) - raft.server.snapshot.auto.trigger.threshold = 10000 (custom)
2019-10-16 17:18:22,987 [pool-67-thread-1] INFO  server.RaftServerConfigKeys (ConfUtils.java:logGet(43)) - raft.server.snapshot.retention.file.num = 5 (custom)
2019-10-16 17:18:22,987 [pool-67-thread-1] INFO  server.RaftServerConfigKeys (ConfUtils.java:logGet(43)) - raft.server.retrycache.expirytime = 600000ms (custom)
2019-10-16 17:18:22,993 [pool-67-thread-1] INFO  impl.RaftServerImpl (RaftServerImpl.java:start(181)) - 88f87a5a-1895-478a-a391-44ff176aee59@group-21E0174CBF97: start as a follower, conf=-1: [88f87a5a-1895-478a-a391-44ff176aee59:192.168.69.90:34309], old=null
2019-10-16 17:18:22,993 [pool-67-thread-1] INFO  impl.RaftServerImpl (RaftServerImpl.java:setRole(170)) - 88f87a5a-1895-478a-a391-44ff176aee59@group-21E0174CBF97: changes role from      null to FOLLOWER at term 0 for startAsFollower
2019-10-16 17:18:22,993 [pool-67-thread-1] INFO  impl.RoleInfo (RoleInfo.java:updateAndGet(143)) - 88f87a5a-1895-478a-a391-44ff176aee59: start FollowerState
2019-10-16 17:18:22,996 [pool-67-thread-1] INFO  util.JmxRegister (JmxRegister.java:tryRegister(44)) - Successfully registered JMX Bean with object name Ratis:service=RaftServer,group=group-21E0174CBF97,id=88f87a5a-1895-478a-a391-44ff176aee59
2019-10-16 17:18:23,020 [RatisPipelineUtilsThread] INFO  pipeline.PipelineStateManager (PipelineStateManager.java:addPipeline(56)) - Created pipeline Pipeline[ Id: fe709398-7ce7-440a-b632-21e0174cbf97, Nodes: 88f87a5a-1895-478a-a391-44ff176aee59{ip: 192.168.69.90, host: pr-hdds-2197-topology-f2j98-1328871761, networkLocation: /default-rack, certSerialId: null}, Type:RATIS, Factor:ONE, State:OPEN]
2019-10-16 17:18:23,049 [grpc-default-executor-0] INFO  impl.RaftServerProxy (RaftServerProxy.java:addNew(89)) - e40a46b2-8333-4456-9552-d7e48aaff595: addNew group-811F16552104:[e40a46b2-8333-4456-9552-d7e48aaff595:192.168.69.90:41501] returns group-811F16552104:java.util.concurrent.CompletableFuture@228d8cbd[Not completed]
2019-10-16 17:18:23,084 [pool-87-thread-1] INFO  impl.RaftServerImpl (RaftServerImpl.java:<init>(95)) - e40a46b2-8333-4456-9552-d7e48aaff595: new RaftServerImpl for group-811F16552104:[e40a46b2-8333-4456-9552-d7e48aaff595:192.168.69.90:41501] with ContainerStateMachine:uninitialized
2019-10-16 17:18:23,084 [pool-87-thread-1] INFO  server.RaftServerConfigKeys (ConfUtils.java:logGet(43)) - raft.server.rpc.timeout.min = 1s (custom)
2019-10-16 17:18:23,085 [pool-87-thread-1] INFO  server.RaftServerConfigKeys (ConfUtils.java:logGet(43)) - raft.server.rpc.timeout.max = 1200ms (custom)
2019-10-16 17:18:23,085 [pool-87-thread-1] INFO  server.RaftServerConfigKeys (ConfUtils.java:logGet(43)) - raft.server.rpcslowness.timeout = 120s (custom)
2019-10-16 17:18:23,085 [pool-87-thread-1] INFO  server.RaftServerConfigKeys (ConfUtils.java:logGet(43)) - raft.server.sleep.deviation.threshold = 300 (default)
2019-10-16 17:18:23,085 [pool-87-thread-1] INFO  server.RaftServerConfigKeys (ConfUtils.java:logGet(43)) - raft.server.log.appender.install.snapshot.enabled = false (custom)
2019-10-16 17:18:23,085 [pool-87-thread-1] INFO  impl.RaftServerImpl (ServerState.java:<init>(103)) - e40a46b2-8333-4456-9552-d7e48aaff595@group-811F16552104: ConfigurationManager, init=-1: [e40a46b2-8333-4456-9552-d7e48aaff595:192.168.69.90:41501], old=null, confs=<EMPTY_MAP>
2019-10-16 17:18:23,085 [pool-87-thread-1] INFO  server.RaftServerConfigKeys (ConfUtils.java:logGet(43)) - raft.server.storage.dir = [/workdir/hadoop-ozone/integration-test/target/test-dir/MiniOzoneClusterImpl-1b119847-9446-4130-a6ab-c741bf0ba7df/datanode-6/data/ratis] (custom)
2019-10-16 17:18:23,086 [pool-87-thread-1] INFO  server.RaftServerConfigKeys (ConfUtils.java:logGet(43)) - raft.server.log.corruption.policy = EXCEPTION (default)
2019-10-16 17:18:23,086 [pool-87-thread-1] INFO  storage.RaftStorageDirectory (RaftStorageDirectory.java:analyzeStorage(246)) - The storage directory /workdir/hadoop-ozone/integration-test/target/test-dir/MiniOzoneClusterImpl-1b119847-9446-4130-a6ab-c741bf0ba7df/datanode-6/data/ratis/27e58f40-b2f7-4146-b336-811f16552104 does not exist. Creating ...
2019-10-16 17:18:23,099 [pool-87-thread-1] INFO  storage.RaftStorageDirectory (RaftStorageDirectory.java:tryLock(328)) - Lock on /workdir/hadoop-ozone/integration-test/target/test-dir/MiniOzoneClusterImpl-1b119847-9446-4130-a6ab-c741bf0ba7df/datanode-6/data/ratis/27e58f40-b2f7-4146-b336-811f16552104/in_use.lock acquired by nodename 18778@pr-hdds-2197-topology-f2j98-1328871761
2019-10-16 17:18:23,113 [pool-87-thread-1] INFO  storage.RaftStorage (RaftStorage.java:format(84)) - Storage directory /workdir/hadoop-ozone/integration-test/target/test-dir/MiniOzoneClusterImpl-1b119847-9446-4130-a6ab-c741bf0ba7df/datanode-6/data/ratis/27e58f40-b2f7-4146-b336-811f16552104 has been successfully formatted.
2019-10-16 17:18:23,113 [pool-87-thread-1] INFO  ratis.ContainerStateMachine (ContainerStateMachine.java:loadSnapshot(231)) - group-811F16552104: The snapshot info is null. Setting the last applied indexto:(t:0, i:~)
2019-10-16 17:18:23,113 [pool-87-thread-1] INFO  server.RaftServerConfigKeys (ConfUtils.java:logGet(43)) - raft.server.notification.no-leader.timeout = 120s (custom)
2019-10-16 17:18:23,113 [pool-87-thread-1] INFO  server.RaftServerConfigKeys (ConfUtils.java:logGet(43)) - raft.server.log.use.memory = false (default)
2019-10-16 17:18:23,114 [pool-87-thread-1] INFO  server.RaftServerConfigKeys (ConfUtils.java:logGet(43)) - raft.server.log.purge.gap = 1000000 (custom)
2019-10-16 17:18:23,114 [pool-87-thread-1] INFO  server.RaftServerConfigKeys (ConfUtils.java:logGet(43)) - raft.server.log.appender.buffer.byte-limit = 33554432 (custom)
2019-10-16 17:18:23,114 [pool-87-thread-1] INFO  server.RaftServerConfigKeys (ConfUtils.java:logGet(43)) - raft.server.log.segment.size.max = 1048576 (custom)
2019-10-16 17:18:23,151 [pool-87-thread-1] INFO  server.RaftServerConfigKeys (ConfUtils.java:logGet(43)) - raft.server.log.segment.cache.num.max = 2 (custom)
2019-10-16 17:18:23,152 [pool-87-thread-1] INFO  segmented.SegmentedRaftLogWorker (SegmentedRaftLogWorker.java:<init>(173)) - new e40a46b2-8333-4456-9552-d7e48aaff595@group-811F16552104-SegmentedRaftLogWorker for RaftStorage:Storage Directory /workdir/hadoop-ozone/integration-test/target/test-dir/MiniOzoneClusterImpl-1b119847-9446-4130-a6ab-c741bf0ba7df/datanode-6/data/ratis/27e58f40-b2f7-4146-b336-811f16552104
2019-10-16 17:18:23,152 [pool-87-thread-1] INFO  server.RaftServerConfigKeys (ConfUtils.java:logGet(43)) - raft.server.log.queue.byte-limit = 2147483647 (custom)
2019-10-16 17:18:23,152 [pool-87-thread-1] INFO  server.RaftServerConfigKeys (ConfUtils.java:logGet(43)) - raft.server.log.queue.element-limit = 1024 (custom)
2019-10-16 17:18:23,152 [pool-87-thread-1] INFO  server.RaftServerConfigKeys (ConfUtils.java:logGet(43)) - raft.server.log.segment.size.max = 1048576 (custom)
2019-10-16 17:18:23,152 [pool-87-thread-1] INFO  server.RaftServerConfigKeys (ConfUtils.java:logGet(43)) - raft.server.log.preallocated.size = 16384 (custom)
2019-10-16 17:18:23,152 [pool-87-thread-1] INFO  server.RaftServerConfigKeys (ConfUtils.java:logGet(43)) - raft.server.log.write.buffer.size = 33554432 (custom)
2019-10-16 17:18:23,152 [pool-87-thread-1] INFO  server.RaftServerConfigKeys (ConfUtils.java:logGet(43)) - raft.server.log.force.sync.num = 128 (default)
2019-10-16 17:18:23,152 [pool-87-thread-1] INFO  server.RaftServerConfigKeys (ConfUtils.java:logGet(43)) - raft.server.log.statemachine.data.sync = true (default)
2019-10-16 17:18:23,153 [pool-87-thread-1] INFO  server.RaftServerConfigKeys (ConfUtils.java:logGet(43)) - raft.server.log.statemachine.data.sync.timeout = 10s (default)
2019-10-16 17:18:23,153 [pool-87-thread-1] INFO  server.RaftServerConfigKeys (ConfUtils.java:logGet(43)) - raft.server.log.statemachine.data.sync.timeout.retry = -1 (default)
2019-10-16 17:18:23,153 [pool-87-thread-1] INFO  server.RaftServerConfigKeys (ConfUtils.java:logGet(43)) - raft.server.log.statemachine.data.caching.enabled = true (custom)
2019-10-16 17:18:23,154 [pool-87-thread-1] INFO  segmented.SegmentedRaftLogWorker (SegmentedRaftLogWorker.java:lambda$new$0(128)) - e40a46b2-8333-4456-9552-d7e48aaff595@group-811F16552104-SegmentedRaftLogWorker: flushIndex: setUnconditionally 0 -> -1
2019-10-16 17:18:23,154 [pool-87-thread-1] INFO  server.RaftServerConfigKeys (ConfUtils.java:logGet(43)) - raft.server.snapshot.auto.trigger.enabled = true (custom)
2019-10-16 17:18:23,154 [pool-87-thread-1] INFO  server.RaftServerConfigKeys (ConfUtils.java:logGet(43)) - raft.server.snapshot.auto.trigger.threshold = 10000 (custom)
2019-10-16 17:18:23,154 [pool-87-thread-1] INFO  server.RaftServerConfigKeys (ConfUtils.java:logGet(43)) - raft.server.snapshot.retention.file.num = 5 (custom)
2019-10-16 17:18:23,154 [pool-87-thread-1] INFO  server.RaftServerConfigKeys (ConfUtils.java:logGet(43)) - raft.server.retrycache.expirytime = 600000ms (custom)
2019-10-16 17:18:23,157 [pool-87-thread-1] INFO  impl.RaftServerImpl (RaftServerImpl.java:start(181)) - e40a46b2-8333-4456-9552-d7e48aaff595@group-811F16552104: start as a follower, conf=-1: [e40a46b2-8333-4456-9552-d7e48aaff595:192.168.69.90:41501], old=null
2019-10-16 17:18:23,158 [pool-87-thread-1] INFO  impl.RaftServerImpl (RaftServerImpl.java:setRole(170)) - e40a46b2-8333-4456-9552-d7e48aaff595@group-811F16552104: changes role from      null to FOLLOWER at term 0 for startAsFollower
2019-10-16 17:18:23,158 [pool-87-thread-1] INFO  impl.RoleInfo (RoleInfo.java:updateAndGet(143)) - e40a46b2-8333-4456-9552-d7e48aaff595: start FollowerState
2019-10-16 17:18:23,158 [pool-87-thread-1] INFO  util.JmxRegister (JmxRegister.java:tryRegister(44)) - Successfully registered JMX Bean with object name Ratis:service=RaftServer,group=group-811F16552104,id=e40a46b2-8333-4456-9552-d7e48aaff595
2019-10-16 17:18:23,176 [RatisPipelineUtilsThread] INFO  pipeline.PipelineStateManager (PipelineStateManager.java:addPipeline(56)) - Created pipeline Pipeline[ Id: 27e58f40-b2f7-4146-b336-811f16552104, Nodes: e40a46b2-8333-4456-9552-d7e48aaff595{ip: 192.168.69.90, host: pr-hdds-2197-topology-f2j98-1328871761, networkLocation: /default-rack, certSerialId: null}, Type:RATIS, Factor:ONE, State:OPEN]
2019-10-16 17:18:23,202 [grpc-default-executor-0] INFO  impl.RaftServerProxy (RaftServerProxy.java:addNew(89)) - 402b0372-4819-4934-806f-9fa0520739e8: addNew group-E4AF0E84FE0F:[402b0372-4819-4934-806f-9fa0520739e8:192.168.69.90:42033] returns group-E4AF0E84FE0F:java.util.concurrent.CompletableFuture@61201bee[Not completed]
2019-10-16 17:18:23,207 [pool-47-thread-1] INFO  impl.RaftServerImpl (RaftServerImpl.java:<init>(95)) - 402b0372-4819-4934-806f-9fa0520739e8: new RaftServerImpl for group-E4AF0E84FE0F:[402b0372-4819-4934-806f-9fa0520739e8:192.168.69.90:42033] with ContainerStateMachine:uninitialized
2019-10-16 17:18:23,207 [pool-47-thread-1] INFO  server.RaftServerConfigKeys (ConfUtils.java:logGet(43)) - raft.server.rpc.timeout.min = 1s (custom)
2019-10-16 17:18:23,207 [pool-47-thread-1] INFO  server.RaftServerConfigKeys (ConfUtils.java:logGet(43)) - raft.server.rpc.timeout.max = 1200ms (custom)
2019-10-16 17:18:23,207 [pool-47-thread-1] INFO  server.RaftServerConfigKeys (ConfUtils.java:logGet(43)) - raft.server.rpcslowness.timeout = 120s (custom)
2019-10-16 17:18:23,207 [pool-47-thread-1] INFO  server.RaftServerConfigKeys (ConfUtils.java:logGet(43)) - raft.server.sleep.deviation.threshold = 300 (default)
2019-10-16 17:18:23,208 [pool-47-thread-1] INFO  server.RaftServerConfigKeys (ConfUtils.java:logGet(43)) - raft.server.log.appender.install.snapshot.enabled = false (custom)
2019-10-16 17:18:23,208 [pool-47-thread-1] INFO  impl.RaftServerImpl (ServerState.java:<init>(103)) - 402b0372-4819-4934-806f-9fa0520739e8@group-E4AF0E84FE0F: ConfigurationManager, init=-1: [402b0372-4819-4934-806f-9fa0520739e8:192.168.69.90:42033], old=null, confs=<EMPTY_MAP>
2019-10-16 17:18:23,208 [pool-47-thread-1] INFO  server.RaftServerConfigKeys (ConfUtils.java:logGet(43)) - raft.server.storage.dir = [/workdir/hadoop-ozone/integration-test/target/test-dir/MiniOzoneClusterImpl-1b119847-9446-4130-a6ab-c741bf0ba7df/datanode-2/data/ratis] (custom)
2019-10-16 17:18:23,208 [pool-47-thread-1] INFO  server.RaftServerConfigKeys (ConfUtils.java:logGet(43)) - raft.server.log.corruption.policy = EXCEPTION (default)
2019-10-16 17:18:23,208 [pool-47-thread-1] INFO  storage.RaftStorageDirectory (RaftStorageDirectory.java:analyzeStorage(246)) - The storage directory /workdir/hadoop-ozone/integration-test/target/test-dir/MiniOzoneClusterImpl-1b119847-9446-4130-a6ab-c741bf0ba7df/datanode-2/data/ratis/fb74c4ff-7afe-47d6-84cb-e4af0e84fe0f does not exist. Creating ...
2019-10-16 17:18:23,221 [pool-47-thread-1] INFO  storage.RaftStorageDirectory (RaftStorageDirectory.java:tryLock(328)) - Lock on /workdir/hadoop-ozone/integration-test/target/test-dir/MiniOzoneClusterImpl-1b119847-9446-4130-a6ab-c741bf0ba7df/datanode-2/data/ratis/fb74c4ff-7afe-47d6-84cb-e4af0e84fe0f/in_use.lock acquired by nodename 18778@pr-hdds-2197-topology-f2j98-1328871761
2019-10-16 17:18:23,235 [pool-47-thread-1] INFO  storage.RaftStorage (RaftStorage.java:format(84)) - Storage directory /workdir/hadoop-ozone/integration-test/target/test-dir/MiniOzoneClusterImpl-1b119847-9446-4130-a6ab-c741bf0ba7df/datanode-2/data/ratis/fb74c4ff-7afe-47d6-84cb-e4af0e84fe0f has been successfully formatted.
2019-10-16 17:18:23,235 [pool-47-thread-1] INFO  ratis.ContainerStateMachine (ContainerStateMachine.java:loadSnapshot(231)) - group-E4AF0E84FE0F: The snapshot info is null. Setting the last applied indexto:(t:0, i:~)
2019-10-16 17:18:23,235 [pool-47-thread-1] INFO  server.RaftServerConfigKeys (ConfUtils.java:logGet(43)) - raft.server.notification.no-leader.timeout = 120s (custom)
2019-10-16 17:18:23,236 [pool-47-thread-1] INFO  server.RaftServerConfigKeys (ConfUtils.java:logGet(43)) - raft.server.log.use.memory = false (default)
2019-10-16 17:18:23,236 [pool-47-thread-1] INFO  server.RaftServerConfigKeys (ConfUtils.java:logGet(43)) - raft.server.log.purge.gap = 1000000 (custom)
2019-10-16 17:18:23,236 [pool-47-thread-1] INFO  server.RaftServerConfigKeys (ConfUtils.java:logGet(43)) - raft.server.log.appender.buffer.byte-limit = 33554432 (custom)
2019-10-16 17:18:23,236 [pool-47-thread-1] INFO  server.RaftServerConfigKeys (ConfUtils.java:logGet(43)) - raft.server.log.segment.size.max = 1048576 (custom)
2019-10-16 17:18:23,239 [pool-47-thread-1] INFO  server.RaftServerConfigKeys (ConfUtils.java:logGet(43)) - raft.server.log.segment.cache.num.max = 2 (custom)
2019-10-16 17:18:23,239 [pool-47-thread-1] INFO  segmented.SegmentedRaftLogWorker (SegmentedRaftLogWorker.java:<init>(173)) - new 402b0372-4819-4934-806f-9fa0520739e8@group-E4AF0E84FE0F-SegmentedRaftLogWorker for RaftStorage:Storage Directory /workdir/hadoop-ozone/integration-test/target/test-dir/MiniOzoneClusterImpl-1b119847-9446-4130-a6ab-c741bf0ba7df/datanode-2/data/ratis/fb74c4ff-7afe-47d6-84cb-e4af0e84fe0f
2019-10-16 17:18:23,239 [pool-47-thread-1] INFO  server.RaftServerConfigKeys (ConfUtils.java:logGet(43)) - raft.server.log.queue.byte-limit = 2147483647 (custom)
2019-10-16 17:18:23,239 [pool-47-thread-1] INFO  server.RaftServerConfigKeys (ConfUtils.java:logGet(43)) - raft.server.log.queue.element-limit = 1024 (custom)
2019-10-16 17:18:23,240 [pool-47-thread-1] INFO  server.RaftServerConfigKeys (ConfUtils.java:logGet(43)) - raft.server.log.segment.size.max = 1048576 (custom)
2019-10-16 17:18:23,240 [pool-47-thread-1] INFO  server.RaftServerConfigKeys (ConfUtils.java:logGet(43)) - raft.server.log.preallocated.size = 16384 (custom)
2019-10-16 17:18:23,240 [pool-47-thread-1] INFO  server.RaftServerConfigKeys (ConfUtils.java:logGet(43)) - raft.server.log.write.buffer.size = 33554432 (custom)
2019-10-16 17:18:23,240 [pool-47-thread-1] INFO  server.RaftServerConfigKeys (ConfUtils.java:logGet(43)) - raft.server.log.force.sync.num = 128 (default)
2019-10-16 17:18:23,240 [pool-47-thread-1] INFO  server.RaftServerConfigKeys (ConfUtils.java:logGet(43)) - raft.server.log.statemachine.data.sync = true (default)
2019-10-16 17:18:23,240 [pool-47-thread-1] INFO  server.RaftServerConfigKeys (ConfUtils.java:logGet(43)) - raft.server.log.statemachine.data.sync.timeout = 10s (default)
2019-10-16 17:18:23,240 [pool-47-thread-1] INFO  server.RaftServerConfigKeys (ConfUtils.java:logGet(43)) - raft.server.log.statemachine.data.sync.timeout.retry = -1 (default)
2019-10-16 17:18:23,241 [pool-47-thread-1] INFO  server.RaftServerConfigKeys (ConfUtils.java:logGet(43)) - raft.server.log.statemachine.data.caching.enabled = true (custom)
2019-10-16 17:18:23,241 [pool-47-thread-1] INFO  segmented.SegmentedRaftLogWorker (SegmentedRaftLogWorker.java:lambda$new$0(128)) - 402b0372-4819-4934-806f-9fa0520739e8@group-E4AF0E84FE0F-SegmentedRaftLogWorker: flushIndex: setUnconditionally 0 -> -1
2019-10-16 17:18:23,241 [pool-47-thread-1] INFO  server.RaftServerConfigKeys (ConfUtils.java:logGet(43)) - raft.server.snapshot.auto.trigger.enabled = true (custom)
2019-10-16 17:18:23,241 [pool-47-thread-1] INFO  server.RaftServerConfigKeys (ConfUtils.java:logGet(43)) - raft.server.snapshot.auto.trigger.threshold = 10000 (custom)
2019-10-16 17:18:23,242 [pool-47-thread-1] INFO  server.RaftServerConfigKeys (ConfUtils.java:logGet(43)) - raft.server.snapshot.retention.file.num = 5 (custom)
2019-10-16 17:18:23,242 [pool-47-thread-1] INFO  server.RaftServerConfigKeys (ConfUtils.java:logGet(43)) - raft.server.retrycache.expirytime = 600000ms (custom)
2019-10-16 17:18:23,244 [pool-47-thread-1] INFO  impl.RaftServerImpl (RaftServerImpl.java:start(181)) - 402b0372-4819-4934-806f-9fa0520739e8@group-E4AF0E84FE0F: start as a follower, conf=-1: [402b0372-4819-4934-806f-9fa0520739e8:192.168.69.90:42033], old=null
2019-10-16 17:18:23,244 [pool-47-thread-1] INFO  impl.RaftServerImpl (RaftServerImpl.java:setRole(170)) - 402b0372-4819-4934-806f-9fa0520739e8@group-E4AF0E84FE0F: changes role from      null to FOLLOWER at term 0 for startAsFollower
2019-10-16 17:18:23,245 [pool-47-thread-1] INFO  impl.RoleInfo (RoleInfo.java:updateAndGet(143)) - 402b0372-4819-4934-806f-9fa0520739e8: start FollowerState
2019-10-16 17:18:23,245 [pool-47-thread-1] INFO  util.JmxRegister (JmxRegister.java:tryRegister(44)) - Successfully registered JMX Bean with object name Ratis:service=RaftServer,group=group-E4AF0E84FE0F,id=402b0372-4819-4934-806f-9fa0520739e8
2019-10-16 17:18:23,273 [RatisPipelineUtilsThread] INFO  pipeline.PipelineStateManager (PipelineStateManager.java:addPipeline(56)) - Created pipeline Pipeline[ Id: fb74c4ff-7afe-47d6-84cb-e4af0e84fe0f, Nodes: 402b0372-4819-4934-806f-9fa0520739e8{ip: 192.168.69.90, host: pr-hdds-2197-topology-f2j98-1328871761, networkLocation: /default-rack, certSerialId: null}, Type:RATIS, Factor:ONE, State:OPEN]
2019-10-16 17:18:23,294 [grpc-default-executor-0] INFO  impl.RaftServerProxy (RaftServerProxy.java:addNew(89)) - 69c8fc0c-292c-4f2f-ab72-f8d3161c7a9e: addNew group-F8277859770E:[69c8fc0c-292c-4f2f-ab72-f8d3161c7a9e:192.168.69.90:46799] returns group-F8277859770E:java.util.concurrent.CompletableFuture@3ef52c51[Not completed]
2019-10-16 17:18:23,299 [pool-57-thread-1] INFO  impl.RaftServerImpl (RaftServerImpl.java:<init>(95)) - 69c8fc0c-292c-4f2f-ab72-f8d3161c7a9e: new RaftServerImpl for group-F8277859770E:[69c8fc0c-292c-4f2f-ab72-f8d3161c7a9e:192.168.69.90:46799] with ContainerStateMachine:uninitialized
2019-10-16 17:18:23,299 [pool-57-thread-1] INFO  server.RaftServerConfigKeys (ConfUtils.java:logGet(43)) - raft.server.rpc.timeout.min = 1s (custom)
2019-10-16 17:18:23,300 [pool-57-thread-1] INFO  server.RaftServerConfigKeys (ConfUtils.java:logGet(43)) - raft.server.rpc.timeout.max = 1200ms (custom)
2019-10-16 17:18:23,300 [pool-57-thread-1] INFO  server.RaftServerConfigKeys (ConfUtils.java:logGet(43)) - raft.server.rpcslowness.timeout = 120s (custom)
2019-10-16 17:18:23,300 [pool-57-thread-1] INFO  server.RaftServerConfigKeys (ConfUtils.java:logGet(43)) - raft.server.sleep.deviation.threshold = 300 (default)
2019-10-16 17:18:23,300 [pool-57-thread-1] INFO  server.RaftServerConfigKeys (ConfUtils.java:logGet(43)) - raft.server.log.appender.install.snapshot.enabled = false (custom)
2019-10-16 17:18:23,300 [pool-57-thread-1] INFO  impl.RaftServerImpl (ServerState.java:<init>(103)) - 69c8fc0c-292c-4f2f-ab72-f8d3161c7a9e@group-F8277859770E: ConfigurationManager, init=-1: [69c8fc0c-292c-4f2f-ab72-f8d3161c7a9e:192.168.69.90:46799], old=null, confs=<EMPTY_MAP>
2019-10-16 17:18:23,300 [pool-57-thread-1] INFO  server.RaftServerConfigKeys (ConfUtils.java:logGet(43)) - raft.server.storage.dir = [/workdir/hadoop-ozone/integration-test/target/test-dir/MiniOzoneClusterImpl-1b119847-9446-4130-a6ab-c741bf0ba7df/datanode-3/data/ratis] (custom)
2019-10-16 17:18:23,301 [pool-57-thread-1] INFO  server.RaftServerConfigKeys (ConfUtils.java:logGet(43)) - raft.server.log.corruption.policy = EXCEPTION (default)
2019-10-16 17:18:23,301 [pool-57-thread-1] INFO  storage.RaftStorageDirectory (RaftStorageDirectory.java:analyzeStorage(246)) - The storage directory /workdir/hadoop-ozone/integration-test/target/test-dir/MiniOzoneClusterImpl-1b119847-9446-4130-a6ab-c741bf0ba7df/datanode-3/data/ratis/a2f06297-7812-4353-a195-f8277859770e does not exist. Creating ...
2019-10-16 17:18:23,314 [pool-57-thread-1] INFO  storage.RaftStorageDirectory (RaftStorageDirectory.java:tryLock(328)) - Lock on /workdir/hadoop-ozone/integration-test/target/test-dir/MiniOzoneClusterImpl-1b119847-9446-4130-a6ab-c741bf0ba7df/datanode-3/data/ratis/a2f06297-7812-4353-a195-f8277859770e/in_use.lock acquired by nodename 18778@pr-hdds-2197-topology-f2j98-1328871761
2019-10-16 17:18:23,328 [pool-57-thread-1] INFO  storage.RaftStorage (RaftStorage.java:format(84)) - Storage directory /workdir/hadoop-ozone/integration-test/target/test-dir/MiniOzoneClusterImpl-1b119847-9446-4130-a6ab-c741bf0ba7df/datanode-3/data/ratis/a2f06297-7812-4353-a195-f8277859770e has been successfully formatted.
2019-10-16 17:18:23,329 [pool-57-thread-1] INFO  ratis.ContainerStateMachine (ContainerStateMachine.java:loadSnapshot(231)) - group-F8277859770E: The snapshot info is null. Setting the last applied indexto:(t:0, i:~)
2019-10-16 17:18:23,329 [pool-57-thread-1] INFO  server.RaftServerConfigKeys (ConfUtils.java:logGet(43)) - raft.server.notification.no-leader.timeout = 120s (custom)
2019-10-16 17:18:23,329 [pool-57-thread-1] INFO  server.RaftServerConfigKeys (ConfUtils.java:logGet(43)) - raft.server.log.use.memory = false (default)
2019-10-16 17:18:23,329 [pool-57-thread-1] INFO  server.RaftServerConfigKeys (ConfUtils.java:logGet(43)) - raft.server.log.purge.gap = 1000000 (custom)
2019-10-16 17:18:23,330 [pool-57-thread-1] INFO  server.RaftServerConfigKeys (ConfUtils.java:logGet(43)) - raft.server.log.appender.buffer.byte-limit = 33554432 (custom)
2019-10-16 17:18:23,330 [pool-57-thread-1] INFO  server.RaftServerConfigKeys (ConfUtils.java:logGet(43)) - raft.server.log.segment.size.max = 1048576 (custom)
2019-10-16 17:18:23,333 [pool-57-thread-1] INFO  server.RaftServerConfigKeys (ConfUtils.java:logGet(43)) - raft.server.log.segment.cache.num.max = 2 (custom)
2019-10-16 17:18:23,333 [pool-57-thread-1] INFO  segmented.SegmentedRaftLogWorker (SegmentedRaftLogWorker.java:<init>(173)) - new 69c8fc0c-292c-4f2f-ab72-f8d3161c7a9e@group-F8277859770E-SegmentedRaftLogWorker for RaftStorage:Storage Directory /workdir/hadoop-ozone/integration-test/target/test-dir/MiniOzoneClusterImpl-1b119847-9446-4130-a6ab-c741bf0ba7df/datanode-3/data/ratis/a2f06297-7812-4353-a195-f8277859770e
2019-10-16 17:18:23,333 [pool-57-thread-1] INFO  server.RaftServerConfigKeys (ConfUtils.java:logGet(43)) - raft.server.log.queue.byte-limit = 2147483647 (custom)
2019-10-16 17:18:23,333 [pool-57-thread-1] INFO  server.RaftServerConfigKeys (ConfUtils.java:logGet(43)) - raft.server.log.queue.element-limit = 1024 (custom)
2019-10-16 17:18:23,334 [pool-57-thread-1] INFO  server.RaftServerConfigKeys (ConfUtils.java:logGet(43)) - raft.server.log.segment.size.max = 1048576 (custom)
2019-10-16 17:18:23,334 [pool-57-thread-1] INFO  server.RaftServerConfigKeys (ConfUtils.java:logGet(43)) - raft.server.log.preallocated.size = 16384 (custom)
2019-10-16 17:18:23,334 [pool-57-thread-1] INFO  server.RaftServerConfigKeys (ConfUtils.java:logGet(43)) - raft.server.log.write.buffer.size = 33554432 (custom)
2019-10-16 17:18:23,334 [pool-57-thread-1] INFO  server.RaftServerConfigKeys (ConfUtils.java:logGet(43)) - raft.server.log.force.sync.num = 128 (default)
2019-10-16 17:18:23,334 [pool-57-thread-1] INFO  server.RaftServerConfigKeys (ConfUtils.java:logGet(43)) - raft.server.log.statemachine.data.sync = true (default)
2019-10-16 17:18:23,334 [pool-57-thread-1] INFO  server.RaftServerConfigKeys (ConfUtils.java:logGet(43)) - raft.server.log.statemachine.data.sync.timeout = 10s (default)
2019-10-16 17:18:23,334 [pool-57-thread-1] INFO  server.RaftServerConfigKeys (ConfUtils.java:logGet(43)) - raft.server.log.statemachine.data.sync.timeout.retry = -1 (default)
2019-10-16 17:18:23,335 [pool-57-thread-1] INFO  server.RaftServerConfigKeys (ConfUtils.java:logGet(43)) - raft.server.log.statemachine.data.caching.enabled = true (custom)
2019-10-16 17:18:23,335 [pool-57-thread-1] INFO  segmented.SegmentedRaftLogWorker (SegmentedRaftLogWorker.java:lambda$new$0(128)) - 69c8fc0c-292c-4f2f-ab72-f8d3161c7a9e@group-F8277859770E-SegmentedRaftLogWorker: flushIndex: setUnconditionally 0 -> -1
2019-10-16 17:18:23,336 [pool-57-thread-1] INFO  server.RaftServerConfigKeys (ConfUtils.java:logGet(43)) - raft.server.snapshot.auto.trigger.enabled = true (custom)
2019-10-16 17:18:23,336 [pool-57-thread-1] INFO  server.RaftServerConfigKeys (ConfUtils.java:logGet(43)) - raft.server.snapshot.auto.trigger.threshold = 10000 (custom)
2019-10-16 17:18:23,336 [pool-57-thread-1] INFO  server.RaftServerConfigKeys (ConfUtils.java:logGet(43)) - raft.server.snapshot.retention.file.num = 5 (custom)
2019-10-16 17:18:23,336 [pool-57-thread-1] INFO  server.RaftServerConfigKeys (ConfUtils.java:logGet(43)) - raft.server.retrycache.expirytime = 600000ms (custom)
2019-10-16 17:18:23,339 [pool-57-thread-1] INFO  impl.RaftServerImpl (RaftServerImpl.java:start(181)) - 69c8fc0c-292c-4f2f-ab72-f8d3161c7a9e@group-F8277859770E: start as a follower, conf=-1: [69c8fc0c-292c-4f2f-ab72-f8d3161c7a9e:192.168.69.90:46799], old=null
2019-10-16 17:18:23,339 [pool-57-thread-1] INFO  impl.RaftServerImpl (RaftServerImpl.java:setRole(170)) - 69c8fc0c-292c-4f2f-ab72-f8d3161c7a9e@group-F8277859770E: changes role from      null to FOLLOWER at term 0 for startAsFollower
2019-10-16 17:18:23,339 [pool-57-thread-1] INFO  impl.RoleInfo (RoleInfo.java:updateAndGet(143)) - 69c8fc0c-292c-4f2f-ab72-f8d3161c7a9e: start FollowerState
2019-10-16 17:18:23,340 [pool-57-thread-1] INFO  util.JmxRegister (JmxRegister.java:tryRegister(44)) - Successfully registered JMX Bean with object name Ratis:service=RaftServer,group=group-F8277859770E,id=69c8fc0c-292c-4f2f-ab72-f8d3161c7a9e
2019-10-16 17:18:23,358 [RatisPipelineUtilsThread] INFO  pipeline.PipelineStateManager (PipelineStateManager.java:addPipeline(56)) - Created pipeline Pipeline[ Id: a2f06297-7812-4353-a195-f8277859770e, Nodes: 69c8fc0c-292c-4f2f-ab72-f8d3161c7a9e{ip: 192.168.69.90, host: pr-hdds-2197-topology-f2j98-1328871761, networkLocation: /default-rack, certSerialId: null}, Type:RATIS, Factor:ONE, State:OPEN]
2019-10-16 17:18:23,379 [grpc-default-executor-0] INFO  impl.RaftServerProxy (RaftServerProxy.java:addNew(89)) - 39efc1e0-b8a0-46ae-8203-75644d0567c7: addNew group-941A7E3B3D30:[39efc1e0-b8a0-46ae-8203-75644d0567c7:192.168.69.90:37505] returns group-941A7E3B3D30:java.util.concurrent.CompletableFuture@396bb8b2[Not completed]
2019-10-16 17:18:23,385 [pool-107-thread-1] INFO  impl.RaftServerImpl (RaftServerImpl.java:<init>(95)) - 39efc1e0-b8a0-46ae-8203-75644d0567c7: new RaftServerImpl for group-941A7E3B3D30:[39efc1e0-b8a0-46ae-8203-75644d0567c7:192.168.69.90:37505] with ContainerStateMachine:uninitialized
2019-10-16 17:18:23,385 [pool-107-thread-1] INFO  server.RaftServerConfigKeys (ConfUtils.java:logGet(43)) - raft.server.rpc.timeout.min = 1s (custom)
2019-10-16 17:18:23,385 [pool-107-thread-1] INFO  server.RaftServerConfigKeys (ConfUtils.java:logGet(43)) - raft.server.rpc.timeout.max = 1200ms (custom)
2019-10-16 17:18:23,386 [pool-107-thread-1] INFO  server.RaftServerConfigKeys (ConfUtils.java:logGet(43)) - raft.server.rpcslowness.timeout = 120s (custom)
2019-10-16 17:18:23,386 [pool-107-thread-1] INFO  server.RaftServerConfigKeys (ConfUtils.java:logGet(43)) - raft.server.sleep.deviation.threshold = 300 (default)
2019-10-16 17:18:23,386 [pool-107-thread-1] INFO  server.RaftServerConfigKeys (ConfUtils.java:logGet(43)) - raft.server.log.appender.install.snapshot.enabled = false (custom)
2019-10-16 17:18:23,386 [pool-107-thread-1] INFO  impl.RaftServerImpl (ServerState.java:<init>(103)) - 39efc1e0-b8a0-46ae-8203-75644d0567c7@group-941A7E3B3D30: ConfigurationManager, init=-1: [39efc1e0-b8a0-46ae-8203-75644d0567c7:192.168.69.90:37505], old=null, confs=<EMPTY_MAP>
2019-10-16 17:18:23,386 [pool-107-thread-1] INFO  server.RaftServerConfigKeys (ConfUtils.java:logGet(43)) - raft.server.storage.dir = [/workdir/hadoop-ozone/integration-test/target/test-dir/MiniOzoneClusterImpl-1b119847-9446-4130-a6ab-c741bf0ba7df/datanode-8/data/ratis] (custom)
2019-10-16 17:18:23,387 [pool-107-thread-1] INFO  server.RaftServerConfigKeys (ConfUtils.java:logGet(43)) - raft.server.log.corruption.policy = EXCEPTION (default)
2019-10-16 17:18:23,387 [pool-107-thread-1] INFO  storage.RaftStorageDirectory (RaftStorageDirectory.java:analyzeStorage(246)) - The storage directory /workdir/hadoop-ozone/integration-test/target/test-dir/MiniOzoneClusterImpl-1b119847-9446-4130-a6ab-c741bf0ba7df/datanode-8/data/ratis/93fdfc1f-4055-4377-af39-941a7e3b3d30 does not exist. Creating ...
2019-10-16 17:18:23,400 [pool-107-thread-1] INFO  storage.RaftStorageDirectory (RaftStorageDirectory.java:tryLock(328)) - Lock on /workdir/hadoop-ozone/integration-test/target/test-dir/MiniOzoneClusterImpl-1b119847-9446-4130-a6ab-c741bf0ba7df/datanode-8/data/ratis/93fdfc1f-4055-4377-af39-941a7e3b3d30/in_use.lock acquired by nodename 18778@pr-hdds-2197-topology-f2j98-1328871761
2019-10-16 17:18:23,413 [pool-107-thread-1] INFO  storage.RaftStorage (RaftStorage.java:format(84)) - Storage directory /workdir/hadoop-ozone/integration-test/target/test-dir/MiniOzoneClusterImpl-1b119847-9446-4130-a6ab-c741bf0ba7df/datanode-8/data/ratis/93fdfc1f-4055-4377-af39-941a7e3b3d30 has been successfully formatted.
2019-10-16 17:18:23,414 [pool-107-thread-1] INFO  ratis.ContainerStateMachine (ContainerStateMachine.java:loadSnapshot(231)) - group-941A7E3B3D30: The snapshot info is null. Setting the last applied indexto:(t:0, i:~)
2019-10-16 17:18:23,414 [pool-107-thread-1] INFO  server.RaftServerConfigKeys (ConfUtils.java:logGet(43)) - raft.server.notification.no-leader.timeout = 120s (custom)
2019-10-16 17:18:23,414 [pool-107-thread-1] INFO  server.RaftServerConfigKeys (ConfUtils.java:logGet(43)) - raft.server.log.use.memory = false (default)
2019-10-16 17:18:23,414 [pool-107-thread-1] INFO  server.RaftServerConfigKeys (ConfUtils.java:logGet(43)) - raft.server.log.purge.gap = 1000000 (custom)
2019-10-16 17:18:23,414 [pool-107-thread-1] INFO  server.RaftServerConfigKeys (ConfUtils.java:logGet(43)) - raft.server.log.appender.buffer.byte-limit = 33554432 (custom)
2019-10-16 17:18:23,415 [pool-107-thread-1] INFO  server.RaftServerConfigKeys (ConfUtils.java:logGet(43)) - raft.server.log.segment.size.max = 1048576 (custom)
2019-10-16 17:18:23,417 [pool-107-thread-1] INFO  server.RaftServerConfigKeys (ConfUtils.java:logGet(43)) - raft.server.log.segment.cache.num.max = 2 (custom)
2019-10-16 17:18:23,417 [pool-107-thread-1] INFO  segmented.SegmentedRaftLogWorker (SegmentedRaftLogWorker.java:<init>(173)) - new 39efc1e0-b8a0-46ae-8203-75644d0567c7@group-941A7E3B3D30-SegmentedRaftLogWorker for RaftStorage:Storage Directory /workdir/hadoop-ozone/integration-test/target/test-dir/MiniOzoneClusterImpl-1b119847-9446-4130-a6ab-c741bf0ba7df/datanode-8/data/ratis/93fdfc1f-4055-4377-af39-941a7e3b3d30
2019-10-16 17:18:23,417 [pool-107-thread-1] INFO  server.RaftServerConfigKeys (ConfUtils.java:logGet(43)) - raft.server.log.queue.byte-limit = 2147483647 (custom)
2019-10-16 17:18:23,417 [pool-107-thread-1] INFO  server.RaftServerConfigKeys (ConfUtils.java:logGet(43)) - raft.server.log.queue.element-limit = 1024 (custom)
2019-10-16 17:18:23,417 [pool-107-thread-1] INFO  server.RaftServerConfigKeys (ConfUtils.java:logGet(43)) - raft.server.log.segment.size.max = 1048576 (custom)
2019-10-16 17:18:23,418 [pool-107-thread-1] INFO  server.RaftServerConfigKeys (ConfUtils.java:logGet(43)) - raft.server.log.preallocated.size = 16384 (custom)
2019-10-16 17:18:23,418 [pool-107-thread-1] INFO  server.RaftServerConfigKeys (ConfUtils.java:logGet(43)) - raft.server.log.write.buffer.size = 33554432 (custom)
2019-10-16 17:18:23,418 [pool-107-thread-1] INFO  server.RaftServerConfigKeys (ConfUtils.java:logGet(43)) - raft.server.log.force.sync.num = 128 (default)
2019-10-16 17:18:23,418 [pool-107-thread-1] INFO  server.RaftServerConfigKeys (ConfUtils.java:logGet(43)) - raft.server.log.statemachine.data.sync = true (default)
2019-10-16 17:18:23,418 [pool-107-thread-1] INFO  server.RaftServerConfigKeys (ConfUtils.java:logGet(43)) - raft.server.log.statemachine.data.sync.timeout = 10s (default)
2019-10-16 17:18:23,418 [pool-107-thread-1] INFO  server.RaftServerConfigKeys (ConfUtils.java:logGet(43)) - raft.server.log.statemachine.data.sync.timeout.retry = -1 (default)
2019-10-16 17:18:23,419 [pool-107-thread-1] INFO  server.RaftServerConfigKeys (ConfUtils.java:logGet(43)) - raft.server.log.statemachine.data.caching.enabled = true (custom)
2019-10-16 17:18:23,419 [pool-107-thread-1] INFO  segmented.SegmentedRaftLogWorker (SegmentedRaftLogWorker.java:lambda$new$0(128)) - 39efc1e0-b8a0-46ae-8203-75644d0567c7@group-941A7E3B3D30-SegmentedRaftLogWorker: flushIndex: setUnconditionally 0 -> -1
2019-10-16 17:18:23,419 [pool-107-thread-1] INFO  server.RaftServerConfigKeys (ConfUtils.java:logGet(43)) - raft.server.snapshot.auto.trigger.enabled = true (custom)
2019-10-16 17:18:23,419 [pool-107-thread-1] INFO  server.RaftServerConfigKeys (ConfUtils.java:logGet(43)) - raft.server.snapshot.auto.trigger.threshold = 10000 (custom)
2019-10-16 17:18:23,420 [pool-107-thread-1] INFO  server.RaftServerConfigKeys (ConfUtils.java:logGet(43)) - raft.server.snapshot.retention.file.num = 5 (custom)
2019-10-16 17:18:23,420 [pool-107-thread-1] INFO  server.RaftServerConfigKeys (ConfUtils.java:logGet(43)) - raft.server.retrycache.expirytime = 600000ms (custom)
2019-10-16 17:18:23,422 [pool-107-thread-1] INFO  impl.RaftServerImpl (RaftServerImpl.java:start(181)) - 39efc1e0-b8a0-46ae-8203-75644d0567c7@group-941A7E3B3D30: start as a follower, conf=-1: [39efc1e0-b8a0-46ae-8203-75644d0567c7:192.168.69.90:37505], old=null
2019-10-16 17:18:23,422 [pool-107-thread-1] INFO  impl.RaftServerImpl (RaftServerImpl.java:setRole(170)) - 39efc1e0-b8a0-46ae-8203-75644d0567c7@group-941A7E3B3D30: changes role from      null to FOLLOWER at term 0 for startAsFollower
2019-10-16 17:18:23,422 [pool-107-thread-1] INFO  impl.RoleInfo (RoleInfo.java:updateAndGet(143)) - 39efc1e0-b8a0-46ae-8203-75644d0567c7: start FollowerState
2019-10-16 17:18:23,423 [pool-107-thread-1] INFO  util.JmxRegister (JmxRegister.java:tryRegister(44)) - Successfully registered JMX Bean with object name Ratis:service=RaftServer,group=group-941A7E3B3D30,id=39efc1e0-b8a0-46ae-8203-75644d0567c7
2019-10-16 17:18:23,439 [RatisPipelineUtilsThread] INFO  pipeline.PipelineStateManager (PipelineStateManager.java:addPipeline(56)) - Created pipeline Pipeline[ Id: 93fdfc1f-4055-4377-af39-941a7e3b3d30, Nodes: 39efc1e0-b8a0-46ae-8203-75644d0567c7{ip: 192.168.69.90, host: pr-hdds-2197-topology-f2j98-1328871761, networkLocation: /default-rack, certSerialId: null}, Type:RATIS, Factor:ONE, State:OPEN]
2019-10-16 17:18:23,456 [grpc-default-executor-0] INFO  impl.RaftServerProxy (RaftServerProxy.java:addNew(89)) - e2977a6c-6648-46b0-b933-4c020a2bfddc: addNew group-F661C0BB29F4:[e2977a6c-6648-46b0-b933-4c020a2bfddc:192.168.69.90:34436] returns group-F661C0BB29F4:java.util.concurrent.CompletableFuture@1fa8d07b[Not completed]
2019-10-16 17:18:23,461 [pool-37-thread-1] INFO  impl.RaftServerImpl (RaftServerImpl.java:<init>(95)) - e2977a6c-6648-46b0-b933-4c020a2bfddc: new RaftServerImpl for group-F661C0BB29F4:[e2977a6c-6648-46b0-b933-4c020a2bfddc:192.168.69.90:34436] with ContainerStateMachine:uninitialized
2019-10-16 17:18:23,461 [pool-37-thread-1] INFO  server.RaftServerConfigKeys (ConfUtils.java:logGet(43)) - raft.server.rpc.timeout.min = 1s (custom)
2019-10-16 17:18:23,461 [pool-37-thread-1] INFO  server.RaftServerConfigKeys (ConfUtils.java:logGet(43)) - raft.server.rpc.timeout.max = 1200ms (custom)
2019-10-16 17:18:23,461 [pool-37-thread-1] INFO  server.RaftServerConfigKeys (ConfUtils.java:logGet(43)) - raft.server.rpcslowness.timeout = 120s (custom)
2019-10-16 17:18:23,462 [pool-37-thread-1] INFO  server.RaftServerConfigKeys (ConfUtils.java:logGet(43)) - raft.server.sleep.deviation.threshold = 300 (default)
2019-10-16 17:18:23,462 [pool-37-thread-1] INFO  server.RaftServerConfigKeys (ConfUtils.java:logGet(43)) - raft.server.log.appender.install.snapshot.enabled = false (custom)
2019-10-16 17:18:23,462 [pool-37-thread-1] INFO  impl.RaftServerImpl (ServerState.java:<init>(103)) - e2977a6c-6648-46b0-b933-4c020a2bfddc@group-F661C0BB29F4: ConfigurationManager, init=-1: [e2977a6c-6648-46b0-b933-4c020a2bfddc:192.168.69.90:34436], old=null, confs=<EMPTY_MAP>
2019-10-16 17:18:23,462 [pool-37-thread-1] INFO  server.RaftServerConfigKeys (ConfUtils.java:logGet(43)) - raft.server.storage.dir = [/workdir/hadoop-ozone/integration-test/target/test-dir/MiniOzoneClusterImpl-1b119847-9446-4130-a6ab-c741bf0ba7df/datanode-1/data/ratis] (custom)
2019-10-16 17:18:23,462 [pool-37-thread-1] INFO  server.RaftServerConfigKeys (ConfUtils.java:logGet(43)) - raft.server.log.corruption.policy = EXCEPTION (default)
2019-10-16 17:18:23,462 [pool-37-thread-1] INFO  storage.RaftStorageDirectory (RaftStorageDirectory.java:analyzeStorage(246)) - The storage directory /workdir/hadoop-ozone/integration-test/target/test-dir/MiniOzoneClusterImpl-1b119847-9446-4130-a6ab-c741bf0ba7df/datanode-1/data/ratis/2c8c3796-08bc-409c-85ba-f661c0bb29f4 does not exist. Creating ...
2019-10-16 17:18:23,478 [pool-37-thread-1] INFO  storage.RaftStorageDirectory (RaftStorageDirectory.java:tryLock(328)) - Lock on /workdir/hadoop-ozone/integration-test/target/test-dir/MiniOzoneClusterImpl-1b119847-9446-4130-a6ab-c741bf0ba7df/datanode-1/data/ratis/2c8c3796-08bc-409c-85ba-f661c0bb29f4/in_use.lock acquired by nodename 18778@pr-hdds-2197-topology-f2j98-1328871761
2019-10-16 17:18:23,491 [pool-37-thread-1] INFO  storage.RaftStorage (RaftStorage.java:format(84)) - Storage directory /workdir/hadoop-ozone/integration-test/target/test-dir/MiniOzoneClusterImpl-1b119847-9446-4130-a6ab-c741bf0ba7df/datanode-1/data/ratis/2c8c3796-08bc-409c-85ba-f661c0bb29f4 has been successfully formatted.
2019-10-16 17:18:23,492 [pool-37-thread-1] INFO  ratis.ContainerStateMachine (ContainerStateMachine.java:loadSnapshot(231)) - group-F661C0BB29F4: The snapshot info is null. Setting the last applied indexto:(t:0, i:~)
2019-10-16 17:18:23,492 [pool-37-thread-1] INFO  server.RaftServerConfigKeys (ConfUtils.java:logGet(43)) - raft.server.notification.no-leader.timeout = 120s (custom)
2019-10-16 17:18:23,492 [pool-37-thread-1] INFO  server.RaftServerConfigKeys (ConfUtils.java:logGet(43)) - raft.server.log.use.memory = false (default)
2019-10-16 17:18:23,492 [pool-37-thread-1] INFO  server.RaftServerConfigKeys (ConfUtils.java:logGet(43)) - raft.server.log.purge.gap = 1000000 (custom)
2019-10-16 17:18:23,492 [pool-37-thread-1] INFO  server.RaftServerConfigKeys (ConfUtils.java:logGet(43)) - raft.server.log.appender.buffer.byte-limit = 33554432 (custom)
2019-10-16 17:18:23,493 [pool-37-thread-1] INFO  server.RaftServerConfigKeys (ConfUtils.java:logGet(43)) - raft.server.log.segment.size.max = 1048576 (custom)
2019-10-16 17:18:23,496 [pool-37-thread-1] INFO  server.RaftServerConfigKeys (ConfUtils.java:logGet(43)) - raft.server.log.segment.cache.num.max = 2 (custom)
2019-10-16 17:18:23,496 [pool-37-thread-1] INFO  segmented.SegmentedRaftLogWorker (SegmentedRaftLogWorker.java:<init>(173)) - new e2977a6c-6648-46b0-b933-4c020a2bfddc@group-F661C0BB29F4-SegmentedRaftLogWorker for RaftStorage:Storage Directory /workdir/hadoop-ozone/integration-test/target/test-dir/MiniOzoneClusterImpl-1b119847-9446-4130-a6ab-c741bf0ba7df/datanode-1/data/ratis/2c8c3796-08bc-409c-85ba-f661c0bb29f4
2019-10-16 17:18:23,497 [pool-37-thread-1] INFO  server.RaftServerConfigKeys (ConfUtils.java:logGet(43)) - raft.server.log.queue.byte-limit = 2147483647 (custom)
2019-10-16 17:18:23,497 [pool-37-thread-1] INFO  server.RaftServerConfigKeys (ConfUtils.java:logGet(43)) - raft.server.log.queue.element-limit = 1024 (custom)
2019-10-16 17:18:23,497 [pool-37-thread-1] INFO  server.RaftServerConfigKeys (ConfUtils.java:logGet(43)) - raft.server.log.segment.size.max = 1048576 (custom)
2019-10-16 17:18:23,497 [pool-37-thread-1] INFO  server.RaftServerConfigKeys (ConfUtils.java:logGet(43)) - raft.server.log.preallocated.size = 16384 (custom)
2019-10-16 17:18:23,497 [pool-37-thread-1] INFO  server.RaftServerConfigKeys (ConfUtils.java:logGet(43)) - raft.server.log.write.buffer.size = 33554432 (custom)
2019-10-16 17:18:23,497 [pool-37-thread-1] INFO  server.RaftServerConfigKeys (ConfUtils.java:logGet(43)) - raft.server.log.force.sync.num = 128 (default)
2019-10-16 17:18:23,498 [pool-37-thread-1] INFO  server.RaftServerConfigKeys (ConfUtils.java:logGet(43)) - raft.server.log.statemachine.data.sync = true (default)
2019-10-16 17:18:23,498 [pool-37-thread-1] INFO  server.RaftServerConfigKeys (ConfUtils.java:logGet(43)) - raft.server.log.statemachine.data.sync.timeout = 10s (default)
2019-10-16 17:18:23,498 [pool-37-thread-1] INFO  server.RaftServerConfigKeys (ConfUtils.java:logGet(43)) - raft.server.log.statemachine.data.sync.timeout.retry = -1 (default)
2019-10-16 17:18:23,501 [pool-37-thread-1] INFO  server.RaftServerConfigKeys (ConfUtils.java:logGet(43)) - raft.server.log.statemachine.data.caching.enabled = true (custom)
2019-10-16 17:18:23,501 [pool-37-thread-1] INFO  segmented.SegmentedRaftLogWorker (SegmentedRaftLogWorker.java:lambda$new$0(128)) - e2977a6c-6648-46b0-b933-4c020a2bfddc@group-F661C0BB29F4-SegmentedRaftLogWorker: flushIndex: setUnconditionally 0 -> -1
2019-10-16 17:18:23,502 [pool-37-thread-1] INFO  server.RaftServerConfigKeys (ConfUtils.java:logGet(43)) - raft.server.snapshot.auto.trigger.enabled = true (custom)
2019-10-16 17:18:23,502 [pool-37-thread-1] INFO  server.RaftServerConfigKeys (ConfUtils.java:logGet(43)) - raft.server.snapshot.auto.trigger.threshold = 10000 (custom)
2019-10-16 17:18:23,502 [pool-37-thread-1] INFO  server.RaftServerConfigKeys (ConfUtils.java:logGet(43)) - raft.server.snapshot.retention.file.num = 5 (custom)
2019-10-16 17:18:23,502 [pool-37-thread-1] INFO  server.RaftServerConfigKeys (ConfUtils.java:logGet(43)) - raft.server.retrycache.expirytime = 600000ms (custom)
2019-10-16 17:18:23,506 [pool-37-thread-1] INFO  impl.RaftServerImpl (RaftServerImpl.java:start(181)) - e2977a6c-6648-46b0-b933-4c020a2bfddc@group-F661C0BB29F4: start as a follower, conf=-1: [e2977a6c-6648-46b0-b933-4c020a2bfddc:192.168.69.90:34436], old=null
2019-10-16 17:18:23,506 [pool-37-thread-1] INFO  impl.RaftServerImpl (RaftServerImpl.java:setRole(170)) - e2977a6c-6648-46b0-b933-4c020a2bfddc@group-F661C0BB29F4: changes role from      null to FOLLOWER at term 0 for startAsFollower
2019-10-16 17:18:23,506 [pool-37-thread-1] INFO  impl.RoleInfo (RoleInfo.java:updateAndGet(143)) - e2977a6c-6648-46b0-b933-4c020a2bfddc: start FollowerState
2019-10-16 17:18:23,507 [pool-37-thread-1] INFO  util.JmxRegister (JmxRegister.java:tryRegister(44)) - Successfully registered JMX Bean with object name Ratis:service=RaftServer,group=group-F661C0BB29F4,id=e2977a6c-6648-46b0-b933-4c020a2bfddc
2019-10-16 17:18:23,537 [RatisPipelineUtilsThread] INFO  pipeline.PipelineStateManager (PipelineStateManager.java:addPipeline(56)) - Created pipeline Pipeline[ Id: 2c8c3796-08bc-409c-85ba-f661c0bb29f4, Nodes: e2977a6c-6648-46b0-b933-4c020a2bfddc{ip: 192.168.69.90, host: pr-hdds-2197-topology-f2j98-1328871761, networkLocation: /default-rack, certSerialId: null}, Type:RATIS, Factor:ONE, State:OPEN]
2019-10-16 17:18:23,555 [grpc-default-executor-0] INFO  impl.RaftServerProxy (RaftServerProxy.java:addNew(89)) - edabc722-9974-498c-890b-46d66b917a65: addNew group-5D307CB20D1A:[edabc722-9974-498c-890b-46d66b917a65:192.168.69.90:35421] returns group-5D307CB20D1A:java.util.concurrent.CompletableFuture@72333a5a[Not completed]
2019-10-16 17:18:23,559 [pool-117-thread-1] INFO  impl.RaftServerImpl (RaftServerImpl.java:<init>(95)) - edabc722-9974-498c-890b-46d66b917a65: new RaftServerImpl for group-5D307CB20D1A:[edabc722-9974-498c-890b-46d66b917a65:192.168.69.90:35421] with ContainerStateMachine:uninitialized
2019-10-16 17:18:23,559 [pool-117-thread-1] INFO  server.RaftServerConfigKeys (ConfUtils.java:logGet(43)) - raft.server.rpc.timeout.min = 1s (custom)
2019-10-16 17:18:23,559 [pool-117-thread-1] INFO  server.RaftServerConfigKeys (ConfUtils.java:logGet(43)) - raft.server.rpc.timeout.max = 1200ms (custom)
2019-10-16 17:18:23,559 [pool-117-thread-1] INFO  server.RaftServerConfigKeys (ConfUtils.java:logGet(43)) - raft.server.rpcslowness.timeout = 120s (custom)
2019-10-16 17:18:23,559 [pool-117-thread-1] INFO  server.RaftServerConfigKeys (ConfUtils.java:logGet(43)) - raft.server.sleep.deviation.threshold = 300 (default)
2019-10-16 17:18:23,560 [pool-117-thread-1] INFO  server.RaftServerConfigKeys (ConfUtils.java:logGet(43)) - raft.server.log.appender.install.snapshot.enabled = false (custom)
2019-10-16 17:18:23,560 [pool-117-thread-1] INFO  impl.RaftServerImpl (ServerState.java:<init>(103)) - edabc722-9974-498c-890b-46d66b917a65@group-5D307CB20D1A: ConfigurationManager, init=-1: [edabc722-9974-498c-890b-46d66b917a65:192.168.69.90:35421], old=null, confs=<EMPTY_MAP>
2019-10-16 17:18:23,560 [pool-117-thread-1] INFO  server.RaftServerConfigKeys (ConfUtils.java:logGet(43)) - raft.server.storage.dir = [/workdir/hadoop-ozone/integration-test/target/test-dir/MiniOzoneClusterImpl-1b119847-9446-4130-a6ab-c741bf0ba7df/datanode-9/data/ratis] (custom)
2019-10-16 17:18:23,560 [pool-117-thread-1] INFO  server.RaftServerConfigKeys (ConfUtils.java:logGet(43)) - raft.server.log.corruption.policy = EXCEPTION (default)
2019-10-16 17:18:23,560 [pool-117-thread-1] INFO  storage.RaftStorageDirectory (RaftStorageDirectory.java:analyzeStorage(246)) - The storage directory /workdir/hadoop-ozone/integration-test/target/test-dir/MiniOzoneClusterImpl-1b119847-9446-4130-a6ab-c741bf0ba7df/datanode-9/data/ratis/0d9eb06f-363a-4d30-aa20-5d307cb20d1a does not exist. Creating ...
2019-10-16 17:18:23,574 [pool-117-thread-1] INFO  storage.RaftStorageDirectory (RaftStorageDirectory.java:tryLock(328)) - Lock on /workdir/hadoop-ozone/integration-test/target/test-dir/MiniOzoneClusterImpl-1b119847-9446-4130-a6ab-c741bf0ba7df/datanode-9/data/ratis/0d9eb06f-363a-4d30-aa20-5d307cb20d1a/in_use.lock acquired by nodename 18778@pr-hdds-2197-topology-f2j98-1328871761
2019-10-16 17:18:23,588 [pool-117-thread-1] INFO  storage.RaftStorage (RaftStorage.java:format(84)) - Storage directory /workdir/hadoop-ozone/integration-test/target/test-dir/MiniOzoneClusterImpl-1b119847-9446-4130-a6ab-c741bf0ba7df/datanode-9/data/ratis/0d9eb06f-363a-4d30-aa20-5d307cb20d1a has been successfully formatted.
2019-10-16 17:18:23,588 [pool-117-thread-1] INFO  ratis.ContainerStateMachine (ContainerStateMachine.java:loadSnapshot(231)) - group-5D307CB20D1A: The snapshot info is null. Setting the last applied indexto:(t:0, i:~)
2019-10-16 17:18:23,588 [pool-117-thread-1] INFO  server.RaftServerConfigKeys (ConfUtils.java:logGet(43)) - raft.server.notification.no-leader.timeout = 120s (custom)
2019-10-16 17:18:23,589 [pool-117-thread-1] INFO  server.RaftServerConfigKeys (ConfUtils.java:logGet(43)) - raft.server.log.use.memory = false (default)
2019-10-16 17:18:23,589 [pool-117-thread-1] INFO  server.RaftServerConfigKeys (ConfUtils.java:logGet(43)) - raft.server.log.purge.gap = 1000000 (custom)
2019-10-16 17:18:23,589 [pool-117-thread-1] INFO  server.RaftServerConfigKeys (ConfUtils.java:logGet(43)) - raft.server.log.appender.buffer.byte-limit = 33554432 (custom)
2019-10-16 17:18:23,589 [pool-117-thread-1] INFO  server.RaftServerConfigKeys (ConfUtils.java:logGet(43)) - raft.server.log.segment.size.max = 1048576 (custom)
2019-10-16 17:18:23,591 [pool-117-thread-1] INFO  server.RaftServerConfigKeys (ConfUtils.java:logGet(43)) - raft.server.log.segment.cache.num.max = 2 (custom)
2019-10-16 17:18:23,591 [pool-117-thread-1] INFO  segmented.SegmentedRaftLogWorker (SegmentedRaftLogWorker.java:<init>(173)) - new edabc722-9974-498c-890b-46d66b917a65@group-5D307CB20D1A-SegmentedRaftLogWorker for RaftStorage:Storage Directory /workdir/hadoop-ozone/integration-test/target/test-dir/MiniOzoneClusterImpl-1b119847-9446-4130-a6ab-c741bf0ba7df/datanode-9/data/ratis/0d9eb06f-363a-4d30-aa20-5d307cb20d1a
2019-10-16 17:18:23,592 [pool-117-thread-1] INFO  server.RaftServerConfigKeys (ConfUtils.java:logGet(43)) - raft.server.log.queue.byte-limit = 2147483647 (custom)
2019-10-16 17:18:23,592 [pool-117-thread-1] INFO  server.RaftServerConfigKeys (ConfUtils.java:logGet(43)) - raft.server.log.queue.element-limit = 1024 (custom)
2019-10-16 17:18:23,592 [pool-117-thread-1] INFO  server.RaftServerConfigKeys (ConfUtils.java:logGet(43)) - raft.server.log.segment.size.max = 1048576 (custom)
2019-10-16 17:18:23,592 [pool-117-thread-1] INFO  server.RaftServerConfigKeys (ConfUtils.java:logGet(43)) - raft.server.log.preallocated.size = 16384 (custom)
2019-10-16 17:18:23,592 [pool-117-thread-1] INFO  server.RaftServerConfigKeys (ConfUtils.java:logGet(43)) - raft.server.log.write.buffer.size = 33554432 (custom)
2019-10-16 17:18:23,592 [pool-117-thread-1] INFO  server.RaftServerConfigKeys (ConfUtils.java:logGet(43)) - raft.server.log.force.sync.num = 128 (default)
2019-10-16 17:18:23,592 [pool-117-thread-1] INFO  server.RaftServerConfigKeys (ConfUtils.java:logGet(43)) - raft.server.log.statemachine.data.sync = true (default)
2019-10-16 17:18:23,592 [pool-117-thread-1] INFO  server.RaftServerConfigKeys (ConfUtils.java:logGet(43)) - raft.server.log.statemachine.data.sync.timeout = 10s (default)
2019-10-16 17:18:23,592 [pool-117-thread-1] INFO  server.RaftServerConfigKeys (ConfUtils.java:logGet(43)) - raft.server.log.statemachine.data.sync.timeout.retry = -1 (default)
2019-10-16 17:18:23,593 [pool-117-thread-1] INFO  server.RaftServerConfigKeys (ConfUtils.java:logGet(43)) - raft.server.log.statemachine.data.caching.enabled = true (custom)
2019-10-16 17:18:23,593 [pool-117-thread-1] INFO  segmented.SegmentedRaftLogWorker (SegmentedRaftLogWorker.java:lambda$new$0(128)) - edabc722-9974-498c-890b-46d66b917a65@group-5D307CB20D1A-SegmentedRaftLogWorker: flushIndex: setUnconditionally 0 -> -1
2019-10-16 17:18:23,593 [pool-117-thread-1] INFO  server.RaftServerConfigKeys (ConfUtils.java:logGet(43)) - raft.server.snapshot.auto.trigger.enabled = true (custom)
2019-10-16 17:18:23,593 [pool-117-thread-1] INFO  server.RaftServerConfigKeys (ConfUtils.java:logGet(43)) - raft.server.snapshot.auto.trigger.threshold = 10000 (custom)
2019-10-16 17:18:23,593 [pool-117-thread-1] INFO  server.RaftServerConfigKeys (ConfUtils.java:logGet(43)) - raft.server.snapshot.retention.file.num = 5 (custom)
2019-10-16 17:18:23,594 [pool-117-thread-1] INFO  server.RaftServerConfigKeys (ConfUtils.java:logGet(43)) - raft.server.retrycache.expirytime = 600000ms (custom)
2019-10-16 17:18:23,596 [pool-117-thread-1] INFO  impl.RaftServerImpl (RaftServerImpl.java:start(181)) - edabc722-9974-498c-890b-46d66b917a65@group-5D307CB20D1A: start as a follower, conf=-1: [edabc722-9974-498c-890b-46d66b917a65:192.168.69.90:35421], old=null
2019-10-16 17:18:23,596 [pool-117-thread-1] INFO  impl.RaftServerImpl (RaftServerImpl.java:setRole(170)) - edabc722-9974-498c-890b-46d66b917a65@group-5D307CB20D1A: changes role from      null to FOLLOWER at term 0 for startAsFollower
2019-10-16 17:18:23,596 [pool-117-thread-1] INFO  impl.RoleInfo (RoleInfo.java:updateAndGet(143)) - edabc722-9974-498c-890b-46d66b917a65: start FollowerState
2019-10-16 17:18:23,596 [pool-117-thread-1] INFO  util.JmxRegister (JmxRegister.java:tryRegister(44)) - Successfully registered JMX Bean with object name Ratis:service=RaftServer,group=group-5D307CB20D1A,id=edabc722-9974-498c-890b-46d66b917a65
2019-10-16 17:18:23,613 [RatisPipelineUtilsThread] INFO  pipeline.PipelineStateManager (PipelineStateManager.java:addPipeline(56)) - Created pipeline Pipeline[ Id: 0d9eb06f-363a-4d30-aa20-5d307cb20d1a, Nodes: edabc722-9974-498c-890b-46d66b917a65{ip: 192.168.69.90, host: pr-hdds-2197-topology-f2j98-1328871761, networkLocation: /default-rack, certSerialId: null}, Type:RATIS, Factor:ONE, State:OPEN]
2019-10-16 17:18:23,631 [grpc-default-executor-0] INFO  impl.RaftServerProxy (RaftServerProxy.java:addNew(89)) - 36127643-2c32-4e4d-8f36-0b4a74ca3071: addNew group-4278CED9C58A:[36127643-2c32-4e4d-8f36-0b4a74ca3071:192.168.69.90:34023] returns group-4278CED9C58A:java.util.concurrent.CompletableFuture@bc5a50a[Not completed]
2019-10-16 17:18:23,635 [pool-77-thread-1] INFO  impl.RaftServerImpl (RaftServerImpl.java:<init>(95)) - 36127643-2c32-4e4d-8f36-0b4a74ca3071: new RaftServerImpl for group-4278CED9C58A:[36127643-2c32-4e4d-8f36-0b4a74ca3071:192.168.69.90:34023] with ContainerStateMachine:uninitialized
2019-10-16 17:18:23,636 [pool-77-thread-1] INFO  server.RaftServerConfigKeys (ConfUtils.java:logGet(43)) - raft.server.rpc.timeout.min = 1s (custom)
2019-10-16 17:18:23,636 [pool-77-thread-1] INFO  server.RaftServerConfigKeys (ConfUtils.java:logGet(43)) - raft.server.rpc.timeout.max = 1200ms (custom)
2019-10-16 17:18:23,636 [pool-77-thread-1] INFO  server.RaftServerConfigKeys (ConfUtils.java:logGet(43)) - raft.server.rpcslowness.timeout = 120s (custom)
2019-10-16 17:18:23,636 [pool-77-thread-1] INFO  server.RaftServerConfigKeys (ConfUtils.java:logGet(43)) - raft.server.sleep.deviation.threshold = 300 (default)
2019-10-16 17:18:23,636 [pool-77-thread-1] INFO  server.RaftServerConfigKeys (ConfUtils.java:logGet(43)) - raft.server.log.appender.install.snapshot.enabled = false (custom)
2019-10-16 17:18:23,636 [pool-77-thread-1] INFO  impl.RaftServerImpl (ServerState.java:<init>(103)) - 36127643-2c32-4e4d-8f36-0b4a74ca3071@group-4278CED9C58A: ConfigurationManager, init=-1: [36127643-2c32-4e4d-8f36-0b4a74ca3071:192.168.69.90:34023], old=null, confs=<EMPTY_MAP>
2019-10-16 17:18:23,637 [pool-77-thread-1] INFO  server.RaftServerConfigKeys (ConfUtils.java:logGet(43)) - raft.server.storage.dir = [/workdir/hadoop-ozone/integration-test/target/test-dir/MiniOzoneClusterImpl-1b119847-9446-4130-a6ab-c741bf0ba7df/datanode-5/data/ratis] (custom)
2019-10-16 17:18:23,637 [pool-77-thread-1] INFO  server.RaftServerConfigKeys (ConfUtils.java:logGet(43)) - raft.server.log.corruption.policy = EXCEPTION (default)
2019-10-16 17:18:23,637 [pool-77-thread-1] INFO  storage.RaftStorageDirectory (RaftStorageDirectory.java:analyzeStorage(246)) - The storage directory /workdir/hadoop-ozone/integration-test/target/test-dir/MiniOzoneClusterImpl-1b119847-9446-4130-a6ab-c741bf0ba7df/datanode-5/data/ratis/36b3fe41-ff3c-4dc0-b6c7-4278ced9c58a does not exist. Creating ...
2019-10-16 17:18:23,651 [pool-77-thread-1] INFO  storage.RaftStorageDirectory (RaftStorageDirectory.java:tryLock(328)) - Lock on /workdir/hadoop-ozone/integration-test/target/test-dir/MiniOzoneClusterImpl-1b119847-9446-4130-a6ab-c741bf0ba7df/datanode-5/data/ratis/36b3fe41-ff3c-4dc0-b6c7-4278ced9c58a/in_use.lock acquired by nodename 18778@pr-hdds-2197-topology-f2j98-1328871761
2019-10-16 17:18:23,665 [main] INFO  ozone.MiniOzoneClusterImpl (MiniOzoneClusterImpl.java:lambda$waitForClusterToBeReady$0(147)) - Cluster is ready. Got 10 of 10 DN Heartbeats.
2019-10-16 17:18:23,665 [pool-77-thread-1] INFO  storage.RaftStorage (RaftStorage.java:format(84)) - Storage directory /workdir/hadoop-ozone/integration-test/target/test-dir/MiniOzoneClusterImpl-1b119847-9446-4130-a6ab-c741bf0ba7df/datanode-5/data/ratis/36b3fe41-ff3c-4dc0-b6c7-4278ced9c58a has been successfully formatted.
2019-10-16 17:18:23,666 [pool-77-thread-1] INFO  ratis.ContainerStateMachine (ContainerStateMachine.java:loadSnapshot(231)) - group-4278CED9C58A: The snapshot info is null. Setting the last applied indexto:(t:0, i:~)
2019-10-16 17:18:23,666 [pool-77-thread-1] INFO  server.RaftServerConfigKeys (ConfUtils.java:logGet(43)) - raft.server.notification.no-leader.timeout = 120s (custom)
2019-10-16 17:18:23,666 [pool-77-thread-1] INFO  server.RaftServerConfigKeys (ConfUtils.java:logGet(43)) - raft.server.log.use.memory = false (default)
2019-10-16 17:18:23,667 [pool-77-thread-1] INFO  server.RaftServerConfigKeys (ConfUtils.java:logGet(43)) - raft.server.log.purge.gap = 1000000 (custom)
2019-10-16 17:18:23,667 [pool-77-thread-1] INFO  server.RaftServerConfigKeys (ConfUtils.java:logGet(43)) - raft.server.log.appender.buffer.byte-limit = 33554432 (custom)
2019-10-16 17:18:23,667 [pool-77-thread-1] INFO  server.RaftServerConfigKeys (ConfUtils.java:logGet(43)) - raft.server.log.segment.size.max = 1048576 (custom)
2019-10-16 17:18:23,670 [pool-77-thread-1] INFO  server.RaftServerConfigKeys (ConfUtils.java:logGet(43)) - raft.server.log.segment.cache.num.max = 2 (custom)
2019-10-16 17:18:23,670 [pool-77-thread-1] INFO  segmented.SegmentedRaftLogWorker (SegmentedRaftLogWorker.java:<init>(173)) - new 36127643-2c32-4e4d-8f36-0b4a74ca3071@group-4278CED9C58A-SegmentedRaftLogWorker for RaftStorage:Storage Directory /workdir/hadoop-ozone/integration-test/target/test-dir/MiniOzoneClusterImpl-1b119847-9446-4130-a6ab-c741bf0ba7df/datanode-5/data/ratis/36b3fe41-ff3c-4dc0-b6c7-4278ced9c58a
2019-10-16 17:18:23,670 [pool-77-thread-1] INFO  server.RaftServerConfigKeys (ConfUtils.java:logGet(43)) - raft.server.log.queue.byte-limit = 2147483647 (custom)
2019-10-16 17:18:23,671 [pool-77-thread-1] INFO  server.RaftServerConfigKeys (ConfUtils.java:logGet(43)) - raft.server.log.queue.element-limit = 1024 (custom)
2019-10-16 17:18:23,671 [pool-77-thread-1] INFO  server.RaftServerConfigKeys (ConfUtils.java:logGet(43)) - raft.server.log.segment.size.max = 1048576 (custom)
2019-10-16 17:18:23,671 [pool-77-thread-1] INFO  server.RaftServerConfigKeys (ConfUtils.java:logGet(43)) - raft.server.log.preallocated.size = 16384 (custom)
2019-10-16 17:18:23,671 [pool-77-thread-1] INFO  server.RaftServerConfigKeys (ConfUtils.java:logGet(43)) - raft.server.log.write.buffer.size = 33554432 (custom)
2019-10-16 17:18:23,671 [pool-77-thread-1] INFO  server.RaftServerConfigKeys (ConfUtils.java:logGet(43)) - raft.server.log.force.sync.num = 128 (default)
2019-10-16 17:18:23,671 [pool-77-thread-1] INFO  server.RaftServerConfigKeys (ConfUtils.java:logGet(43)) - raft.server.log.statemachine.data.sync = true (default)
2019-10-16 17:18:23,671 [pool-77-thread-1] INFO  server.RaftServerConfigKeys (ConfUtils.java:logGet(43)) - raft.server.log.statemachine.data.sync.timeout = 10s (default)
2019-10-16 17:18:23,672 [pool-77-thread-1] INFO  server.RaftServerConfigKeys (ConfUtils.java:logGet(43)) - raft.server.log.statemachine.data.sync.timeout.retry = -1 (default)
2019-10-16 17:18:23,672 [pool-77-thread-1] INFO  server.RaftServerConfigKeys (ConfUtils.java:logGet(43)) - raft.server.log.statemachine.data.caching.enabled = true (custom)
2019-10-16 17:18:23,673 [pool-77-thread-1] INFO  segmented.SegmentedRaftLogWorker (SegmentedRaftLogWorker.java:lambda$new$0(128)) - 36127643-2c32-4e4d-8f36-0b4a74ca3071@group-4278CED9C58A-SegmentedRaftLogWorker: flushIndex: setUnconditionally 0 -> -1
2019-10-16 17:18:23,673 [pool-77-thread-1] INFO  server.RaftServerConfigKeys (ConfUtils.java:logGet(43)) - raft.server.snapshot.auto.trigger.enabled = true (custom)
2019-10-16 17:18:23,673 [pool-77-thread-1] INFO  server.RaftServerConfigKeys (ConfUtils.java:logGet(43)) - raft.server.snapshot.auto.trigger.threshold = 10000 (custom)
2019-10-16 17:18:23,673 [pool-77-thread-1] INFO  server.RaftServerConfigKeys (ConfUtils.java:logGet(43)) - raft.server.snapshot.retention.file.num = 5 (custom)
2019-10-16 17:18:23,673 [pool-77-thread-1] INFO  server.RaftServerConfigKeys (ConfUtils.java:logGet(43)) - raft.server.retrycache.expirytime = 600000ms (custom)
2019-10-16 17:18:23,676 [pool-77-thread-1] INFO  impl.RaftServerImpl (RaftServerImpl.java:start(181)) - 36127643-2c32-4e4d-8f36-0b4a74ca3071@group-4278CED9C58A: start as a follower, conf=-1: [36127643-2c32-4e4d-8f36-0b4a74ca3071:192.168.69.90:34023], old=null
2019-10-16 17:18:23,676 [pool-77-thread-1] INFO  impl.RaftServerImpl (RaftServerImpl.java:setRole(170)) - 36127643-2c32-4e4d-8f36-0b4a74ca3071@group-4278CED9C58A: changes role from      null to FOLLOWER at term 0 for startAsFollower
2019-10-16 17:18:23,677 [pool-77-thread-1] INFO  impl.RoleInfo (RoleInfo.java:updateAndGet(143)) - 36127643-2c32-4e4d-8f36-0b4a74ca3071: start FollowerState
2019-10-16 17:18:23,677 [pool-77-thread-1] INFO  util.JmxRegister (JmxRegister.java:tryRegister(44)) - Successfully registered JMX Bean with object name Ratis:service=RaftServer,group=group-4278CED9C58A,id=36127643-2c32-4e4d-8f36-0b4a74ca3071
2019-10-16 17:18:23,694 [RatisPipelineUtilsThread] INFO  pipeline.PipelineStateManager (PipelineStateManager.java:addPipeline(56)) - Created pipeline Pipeline[ Id: 36b3fe41-ff3c-4dc0-b6c7-4278ced9c58a, Nodes: 36127643-2c32-4e4d-8f36-0b4a74ca3071{ip: 192.168.69.90, host: pr-hdds-2197-topology-f2j98-1328871761, networkLocation: /default-rack, certSerialId: null}, Type:RATIS, Factor:ONE, State:OPEN]
2019-10-16 17:18:23,722 [grpc-default-executor-0] INFO  impl.RaftServerProxy (RaftServerProxy.java:addNew(89)) - 49a5d9d7-3d07-43ac-8c81-5946fbcf265a: addNew group-94AD2C78D333:[49a5d9d7-3d07-43ac-8c81-5946fbcf265a:192.168.69.90:43249] returns group-94AD2C78D333:java.util.concurrent.CompletableFuture@144c3ec2[Not completed]
2019-10-16 17:18:23,728 [pool-97-thread-1] INFO  impl.RaftServerImpl (RaftServerImpl.java:<init>(95)) - 49a5d9d7-3d07-43ac-8c81-5946fbcf265a: new RaftServerImpl for group-94AD2C78D333:[49a5d9d7-3d07-43ac-8c81-5946fbcf265a:192.168.69.90:43249] with ContainerStateMachine:uninitialized
2019-10-16 17:18:23,729 [pool-97-thread-1] INFO  server.RaftServerConfigKeys (ConfUtils.java:logGet(43)) - raft.server.rpc.timeout.min = 1s (custom)
2019-10-16 17:18:23,729 [pool-97-thread-1] INFO  server.RaftServerConfigKeys (ConfUtils.java:logGet(43)) - raft.server.rpc.timeout.max = 1200ms (custom)
2019-10-16 17:18:23,729 [pool-97-thread-1] INFO  server.RaftServerConfigKeys (ConfUtils.java:logGet(43)) - raft.server.rpcslowness.timeout = 120s (custom)
2019-10-16 17:18:23,729 [pool-97-thread-1] INFO  server.RaftServerConfigKeys (ConfUtils.java:logGet(43)) - raft.server.sleep.deviation.threshold = 300 (default)
2019-10-16 17:18:23,729 [pool-97-thread-1] INFO  server.RaftServerConfigKeys (ConfUtils.java:logGet(43)) - raft.server.log.appender.install.snapshot.enabled = false (custom)
2019-10-16 17:18:23,729 [pool-97-thread-1] INFO  impl.RaftServerImpl (ServerState.java:<init>(103)) - 49a5d9d7-3d07-43ac-8c81-5946fbcf265a@group-94AD2C78D333: ConfigurationManager, init=-1: [49a5d9d7-3d07-43ac-8c81-5946fbcf265a:192.168.69.90:43249], old=null, confs=<EMPTY_MAP>
2019-10-16 17:18:23,730 [pool-97-thread-1] INFO  server.RaftServerConfigKeys (ConfUtils.java:logGet(43)) - raft.server.storage.dir = [/workdir/hadoop-ozone/integration-test/target/test-dir/MiniOzoneClusterImpl-1b119847-9446-4130-a6ab-c741bf0ba7df/datanode-7/data/ratis] (custom)
2019-10-16 17:18:23,730 [pool-97-thread-1] INFO  server.RaftServerConfigKeys (ConfUtils.java:logGet(43)) - raft.server.log.corruption.policy = EXCEPTION (default)
2019-10-16 17:18:23,730 [pool-97-thread-1] INFO  storage.RaftStorageDirectory (RaftStorageDirectory.java:analyzeStorage(246)) - The storage directory /workdir/hadoop-ozone/integration-test/target/test-dir/MiniOzoneClusterImpl-1b119847-9446-4130-a6ab-c741bf0ba7df/datanode-7/data/ratis/a078dbac-110f-441e-9737-94ad2c78d333 does not exist. Creating ...
2019-10-16 17:18:23,815 [pool-97-thread-1] INFO  storage.RaftStorageDirectory (RaftStorageDirectory.java:tryLock(328)) - Lock on /workdir/hadoop-ozone/integration-test/target/test-dir/MiniOzoneClusterImpl-1b119847-9446-4130-a6ab-c741bf0ba7df/datanode-7/data/ratis/a078dbac-110f-441e-9737-94ad2c78d333/in_use.lock acquired by nodename 18778@pr-hdds-2197-topology-f2j98-1328871761
2019-10-16 17:18:23,863 [pool-97-thread-1] INFO  storage.RaftStorage (RaftStorage.java:format(84)) - Storage directory /workdir/hadoop-ozone/integration-test/target/test-dir/MiniOzoneClusterImpl-1b119847-9446-4130-a6ab-c741bf0ba7df/datanode-7/data/ratis/a078dbac-110f-441e-9737-94ad2c78d333 has been successfully formatted.
2019-10-16 17:18:23,870 [pool-97-thread-1] INFO  ratis.ContainerStateMachine (ContainerStateMachine.java:loadSnapshot(231)) - group-94AD2C78D333: The snapshot info is null. Setting the last applied indexto:(t:0, i:~)
2019-10-16 17:18:23,870 [pool-97-thread-1] INFO  server.RaftServerConfigKeys (ConfUtils.java:logGet(43)) - raft.server.notification.no-leader.timeout = 120s (custom)
2019-10-16 17:18:23,870 [pool-97-thread-1] INFO  server.RaftServerConfigKeys (ConfUtils.java:logGet(43)) - raft.server.log.use.memory = false (default)
2019-10-16 17:18:23,870 [pool-97-thread-1] INFO  server.RaftServerConfigKeys (ConfUtils.java:logGet(43)) - raft.server.log.purge.gap = 1000000 (custom)
2019-10-16 17:18:23,871 [pool-97-thread-1] INFO  server.RaftServerConfigKeys (ConfUtils.java:logGet(43)) - raft.server.log.appender.buffer.byte-limit = 33554432 (custom)
2019-10-16 17:18:23,871 [pool-97-thread-1] INFO  server.RaftServerConfigKeys (ConfUtils.java:logGet(43)) - raft.server.log.segment.size.max = 1048576 (custom)
2019-10-16 17:18:23,874 [pool-97-thread-1] INFO  server.RaftServerConfigKeys (ConfUtils.java:logGet(43)) - raft.server.log.segment.cache.num.max = 2 (custom)
2019-10-16 17:18:23,875 [pool-97-thread-1] INFO  segmented.SegmentedRaftLogWorker (SegmentedRaftLogWorker.java:<init>(173)) - new 49a5d9d7-3d07-43ac-8c81-5946fbcf265a@group-94AD2C78D333-SegmentedRaftLogWorker for RaftStorage:Storage Directory /workdir/hadoop-ozone/integration-test/target/test-dir/MiniOzoneClusterImpl-1b119847-9446-4130-a6ab-c741bf0ba7df/datanode-7/data/ratis/a078dbac-110f-441e-9737-94ad2c78d333
2019-10-16 17:18:23,875 [pool-97-thread-1] INFO  server.RaftServerConfigKeys (ConfUtils.java:logGet(43)) - raft.server.log.queue.byte-limit = 2147483647 (custom)
2019-10-16 17:18:23,875 [pool-97-thread-1] INFO  server.RaftServerConfigKeys (ConfUtils.java:logGet(43)) - raft.server.log.queue.element-limit = 1024 (custom)
2019-10-16 17:18:23,875 [pool-97-thread-1] INFO  server.RaftServerConfigKeys (ConfUtils.java:logGet(43)) - raft.server.log.segment.size.max = 1048576 (custom)
2019-10-16 17:18:23,875 [pool-97-thread-1] INFO  server.RaftServerConfigKeys (ConfUtils.java:logGet(43)) - raft.server.log.preallocated.size = 16384 (custom)
2019-10-16 17:18:23,875 [pool-97-thread-1] INFO  server.RaftServerConfigKeys (ConfUtils.java:logGet(43)) - raft.server.log.write.buffer.size = 33554432 (custom)
2019-10-16 17:18:23,876 [pool-97-thread-1] INFO  server.RaftServerConfigKeys (ConfUtils.java:logGet(43)) - raft.server.log.force.sync.num = 128 (default)
2019-10-16 17:18:23,876 [pool-97-thread-1] INFO  server.RaftServerConfigKeys (ConfUtils.java:logGet(43)) - raft.server.log.statemachine.data.sync = true (default)
2019-10-16 17:18:23,876 [pool-97-thread-1] INFO  server.RaftServerConfigKeys (ConfUtils.java:logGet(43)) - raft.server.log.statemachine.data.sync.timeout = 10s (default)
2019-10-16 17:18:23,876 [pool-97-thread-1] INFO  server.RaftServerConfigKeys (ConfUtils.java:logGet(43)) - raft.server.log.statemachine.data.sync.timeout.retry = -1 (default)
2019-10-16 17:18:23,877 [pool-97-thread-1] INFO  server.RaftServerConfigKeys (ConfUtils.java:logGet(43)) - raft.server.log.statemachine.data.caching.enabled = true (custom)
2019-10-16 17:18:23,877 [pool-97-thread-1] INFO  segmented.SegmentedRaftLogWorker (SegmentedRaftLogWorker.java:lambda$new$0(128)) - 49a5d9d7-3d07-43ac-8c81-5946fbcf265a@group-94AD2C78D333-SegmentedRaftLogWorker: flushIndex: setUnconditionally 0 -> -1
2019-10-16 17:18:23,877 [pool-97-thread-1] INFO  server.RaftServerConfigKeys (ConfUtils.java:logGet(43)) - raft.server.snapshot.auto.trigger.enabled = true (custom)
2019-10-16 17:18:23,878 [pool-97-thread-1] INFO  server.RaftServerConfigKeys (ConfUtils.java:logGet(43)) - raft.server.snapshot.auto.trigger.threshold = 10000 (custom)
2019-10-16 17:18:23,878 [pool-97-thread-1] INFO  server.RaftServerConfigKeys (ConfUtils.java:logGet(43)) - raft.server.snapshot.retention.file.num = 5 (custom)
2019-10-16 17:18:23,878 [pool-97-thread-1] INFO  server.RaftServerConfigKeys (ConfUtils.java:logGet(43)) - raft.server.retrycache.expirytime = 600000ms (custom)
2019-10-16 17:18:23,881 [pool-97-thread-1] INFO  impl.RaftServerImpl (RaftServerImpl.java:start(181)) - 49a5d9d7-3d07-43ac-8c81-5946fbcf265a@group-94AD2C78D333: start as a follower, conf=-1: [49a5d9d7-3d07-43ac-8c81-5946fbcf265a:192.168.69.90:43249], old=null
2019-10-16 17:18:23,881 [pool-97-thread-1] INFO  impl.RaftServerImpl (RaftServerImpl.java:setRole(170)) - 49a5d9d7-3d07-43ac-8c81-5946fbcf265a@group-94AD2C78D333: changes role from      null to FOLLOWER at term 0 for startAsFollower
2019-10-16 17:18:23,881 [pool-97-thread-1] INFO  impl.RoleInfo (RoleInfo.java:updateAndGet(143)) - 49a5d9d7-3d07-43ac-8c81-5946fbcf265a: start FollowerState
2019-10-16 17:18:23,882 [pool-97-thread-1] INFO  util.JmxRegister (JmxRegister.java:tryRegister(44)) - Successfully registered JMX Bean with object name Ratis:service=RaftServer,group=group-94AD2C78D333,id=49a5d9d7-3d07-43ac-8c81-5946fbcf265a
2019-10-16 17:18:23,897 [Thread-285] INFO  impl.FollowerState (FollowerState.java:run(108)) - ce7940c3-cf81-4e60-9959-5d5957212d6b@group-152500D812F1-FollowerState: change to CANDIDATE, lastRpcTime:1119ms, electionTimeout:1119ms
2019-10-16 17:18:23,904 [RatisPipelineUtilsThread] INFO  pipeline.PipelineStateManager (PipelineStateManager.java:addPipeline(56)) - Created pipeline Pipeline[ Id: a078dbac-110f-441e-9737-94ad2c78d333, Nodes: 49a5d9d7-3d07-43ac-8c81-5946fbcf265a{ip: 192.168.69.90, host: pr-hdds-2197-topology-f2j98-1328871761, networkLocation: /default-rack, certSerialId: null}, Type:RATIS, Factor:ONE, State:OPEN]
2019-10-16 17:18:23,905 [Thread-285] INFO  impl.RoleInfo (RoleInfo.java:shutdownFollowerState(121)) - ce7940c3-cf81-4e60-9959-5d5957212d6b: shutdown FollowerState
2019-10-16 17:18:23,905 [Thread-285] INFO  impl.RaftServerImpl (RaftServerImpl.java:setRole(170)) - ce7940c3-cf81-4e60-9959-5d5957212d6b@group-152500D812F1: changes role from  FOLLOWER to CANDIDATE at term 0 for changeToCandidate
2019-10-16 17:18:23,924 [Thread-285] INFO  impl.RoleInfo (RoleInfo.java:updateAndGet(143)) - ce7940c3-cf81-4e60-9959-5d5957212d6b: start LeaderElection
2019-10-16 17:18:23,944 [ce7940c3-cf81-4e60-9959-5d5957212d6b@group-152500D812F1-LeaderElection1] INFO  impl.LeaderElection (LeaderElection.java:askForVotes(178)) - ce7940c3-cf81-4e60-9959-5d5957212d6b@group-152500D812F1-LeaderElection1: begin an election at term 1 for -1: [ce7940c3-cf81-4e60-9959-5d5957212d6b:192.168.69.90:38676], old=null
2019-10-16 17:18:23,947 [grpc-default-executor-0] INFO  impl.RaftServerProxy (RaftServerProxy.java:addNew(89)) - 88f87a5a-1895-478a-a391-44ff176aee59: addNew group-87054B518F87:[e40a46b2-8333-4456-9552-d7e48aaff595:192.168.69.90:41501, 88f87a5a-1895-478a-a391-44ff176aee59:192.168.69.90:34309, ce7940c3-cf81-4e60-9959-5d5957212d6b:192.168.69.90:38676] returns group-87054B518F87:java.util.concurrent.CompletableFuture@5df97759[Not completed]
2019-10-16 17:18:23,947 [grpc-default-executor-2] INFO  impl.RaftServerProxy (RaftServerProxy.java:addNew(89)) - ce7940c3-cf81-4e60-9959-5d5957212d6b: addNew group-87054B518F87:[e40a46b2-8333-4456-9552-d7e48aaff595:192.168.69.90:41501, 88f87a5a-1895-478a-a391-44ff176aee59:192.168.69.90:34309, ce7940c3-cf81-4e60-9959-5d5957212d6b:192.168.69.90:38676] returns group-87054B518F87:java.util.concurrent.CompletableFuture@dedaa35[Not completed]
2019-10-16 17:18:23,947 [ce7940c3-cf81-4e60-9959-5d5957212d6b@group-152500D812F1-LeaderElection1] INFO  impl.RoleInfo (RoleInfo.java:shutdownLeaderElection(134)) - ce7940c3-cf81-4e60-9959-5d5957212d6b: shutdown LeaderElection
2019-10-16 17:18:23,947 [grpc-default-executor-1] INFO  impl.RaftServerProxy (RaftServerProxy.java:addNew(89)) - e40a46b2-8333-4456-9552-d7e48aaff595: addNew group-87054B518F87:[e40a46b2-8333-4456-9552-d7e48aaff595:192.168.69.90:41501, 88f87a5a-1895-478a-a391-44ff176aee59:192.168.69.90:34309, ce7940c3-cf81-4e60-9959-5d5957212d6b:192.168.69.90:38676] returns group-87054B518F87:java.util.concurrent.CompletableFuture@17fa0e8f[Not completed]
2019-10-16 17:18:23,948 [ce7940c3-cf81-4e60-9959-5d5957212d6b@group-152500D812F1-LeaderElection1] INFO  impl.RaftServerImpl (RaftServerImpl.java:setRole(170)) - ce7940c3-cf81-4e60-9959-5d5957212d6b@group-152500D812F1: changes role from CANDIDATE to LEADER at term 1 for changeToLeader
2019-10-16 17:18:23,948 [ce7940c3-cf81-4e60-9959-5d5957212d6b@group-152500D812F1-LeaderElection1] INFO  impl.RaftServerImpl (ServerState.java:setLeader(255)) - ce7940c3-cf81-4e60-9959-5d5957212d6b@group-152500D812F1: change Leader from null to ce7940c3-cf81-4e60-9959-5d5957212d6b at term 1 for becomeLeader, leader elected after 1320ms
2019-10-16 17:18:23,949 [pool-67-thread-1] INFO  impl.RaftServerImpl (RaftServerImpl.java:<init>(95)) - 88f87a5a-1895-478a-a391-44ff176aee59: new RaftServerImpl for group-87054B518F87:[e40a46b2-8333-4456-9552-d7e48aaff595:192.168.69.90:41501, 88f87a5a-1895-478a-a391-44ff176aee59:192.168.69.90:34309, ce7940c3-cf81-4e60-9959-5d5957212d6b:192.168.69.90:38676] with ContainerStateMachine:uninitialized
2019-10-16 17:18:23,949 [pool-67-thread-1] INFO  server.RaftServerConfigKeys (ConfUtils.java:logGet(43)) - raft.server.rpc.timeout.min = 1s (custom)
2019-10-16 17:18:23,949 [pool-67-thread-1] INFO  server.RaftServerConfigKeys (ConfUtils.java:logGet(43)) - raft.server.rpc.timeout.max = 1200ms (custom)
2019-10-16 17:18:23,950 [pool-67-thread-1] INFO  server.RaftServerConfigKeys (ConfUtils.java:logGet(43)) - raft.server.rpcslowness.timeout = 120s (custom)
2019-10-16 17:18:23,950 [pool-67-thread-1] INFO  server.RaftServerConfigKeys (ConfUtils.java:logGet(43)) - raft.server.sleep.deviation.threshold = 300 (default)
2019-10-16 17:18:23,950 [pool-67-thread-1] INFO  server.RaftServerConfigKeys (ConfUtils.java:logGet(43)) - raft.server.log.appender.install.snapshot.enabled = false (custom)
2019-10-16 17:18:23,950 [pool-67-thread-1] INFO  impl.RaftServerImpl (ServerState.java:<init>(103)) - 88f87a5a-1895-478a-a391-44ff176aee59@group-87054B518F87: ConfigurationManager, init=-1: [e40a46b2-8333-4456-9552-d7e48aaff595:192.168.69.90:41501, 88f87a5a-1895-478a-a391-44ff176aee59:192.168.69.90:34309, ce7940c3-cf81-4e60-9959-5d5957212d6b:192.168.69.90:38676], old=null, confs=<EMPTY_MAP>
2019-10-16 17:18:23,950 [pool-67-thread-1] INFO  server.RaftServerConfigKeys (ConfUtils.java:logGet(43)) - raft.server.storage.dir = [/workdir/hadoop-ozone/integration-test/target/test-dir/MiniOzoneClusterImpl-1b119847-9446-4130-a6ab-c741bf0ba7df/datanode-4/data/ratis] (custom)
2019-10-16 17:18:23,950 [pool-27-thread-1] INFO  impl.RaftServerImpl (RaftServerImpl.java:<init>(95)) - ce7940c3-cf81-4e60-9959-5d5957212d6b: new RaftServerImpl for group-87054B518F87:[e40a46b2-8333-4456-9552-d7e48aaff595:192.168.69.90:41501, 88f87a5a-1895-478a-a391-44ff176aee59:192.168.69.90:34309, ce7940c3-cf81-4e60-9959-5d5957212d6b:192.168.69.90:38676] with ContainerStateMachine:uninitialized
2019-10-16 17:18:23,950 [pool-27-thread-1] INFO  server.RaftServerConfigKeys (ConfUtils.java:logGet(43)) - raft.server.rpc.timeout.min = 1s (custom)
2019-10-16 17:18:23,950 [pool-67-thread-1] INFO  server.RaftServerConfigKeys (ConfUtils.java:logGet(43)) - raft.server.log.corruption.policy = EXCEPTION (default)
2019-10-16 17:18:23,951 [pool-27-thread-1] INFO  server.RaftServerConfigKeys (ConfUtils.java:logGet(43)) - raft.server.rpc.timeout.max = 1200ms (custom)
2019-10-16 17:18:23,951 [pool-67-thread-1] INFO  storage.RaftStorageDirectory (RaftStorageDirectory.java:analyzeStorage(246)) - The storage directory /workdir/hadoop-ozone/integration-test/target/test-dir/MiniOzoneClusterImpl-1b119847-9446-4130-a6ab-c741bf0ba7df/datanode-4/data/ratis/98b26a71-8402-4b59-aeeb-87054b518f87 does not exist. Creating ...
2019-10-16 17:18:23,951 [pool-27-thread-1] INFO  server.RaftServerConfigKeys (ConfUtils.java:logGet(43)) - raft.server.rpcslowness.timeout = 120s (custom)
2019-10-16 17:18:23,951 [pool-27-thread-1] INFO  server.RaftServerConfigKeys (ConfUtils.java:logGet(43)) - raft.server.sleep.deviation.threshold = 300 (default)
2019-10-16 17:18:23,951 [pool-27-thread-1] INFO  server.RaftServerConfigKeys (ConfUtils.java:logGet(43)) - raft.server.log.appender.install.snapshot.enabled = false (custom)
2019-10-16 17:18:23,951 [pool-27-thread-1] INFO  impl.RaftServerImpl (ServerState.java:<init>(103)) - ce7940c3-cf81-4e60-9959-5d5957212d6b@group-87054B518F87: ConfigurationManager, init=-1: [e40a46b2-8333-4456-9552-d7e48aaff595:192.168.69.90:41501, 88f87a5a-1895-478a-a391-44ff176aee59:192.168.69.90:34309, ce7940c3-cf81-4e60-9959-5d5957212d6b:192.168.69.90:38676], old=null, confs=<EMPTY_MAP>
2019-10-16 17:18:23,951 [pool-87-thread-1] INFO  impl.RaftServerImpl (RaftServerImpl.java:<init>(95)) - e40a46b2-8333-4456-9552-d7e48aaff595: new RaftServerImpl for group-87054B518F87:[e40a46b2-8333-4456-9552-d7e48aaff595:192.168.69.90:41501, 88f87a5a-1895-478a-a391-44ff176aee59:192.168.69.90:34309, ce7940c3-cf81-4e60-9959-5d5957212d6b:192.168.69.90:38676] with ContainerStateMachine:uninitialized
2019-10-16 17:18:23,952 [pool-27-thread-1] INFO  server.RaftServerConfigKeys (ConfUtils.java:logGet(43)) - raft.server.storage.dir = [/workdir/hadoop-ozone/integration-test/target/test-dir/MiniOzoneClusterImpl-1b119847-9446-4130-a6ab-c741bf0ba7df/datanode-0/data/ratis] (custom)
2019-10-16 17:18:23,952 [pool-87-thread-1] INFO  server.RaftServerConfigKeys (ConfUtils.java:logGet(43)) - raft.server.rpc.timeout.min = 1s (custom)
2019-10-16 17:18:23,952 [pool-87-thread-1] INFO  server.RaftServerConfigKeys (ConfUtils.java:logGet(43)) - raft.server.rpc.timeout.max = 1200ms (custom)
2019-10-16 17:18:23,952 [pool-27-thread-1] INFO  server.RaftServerConfigKeys (ConfUtils.java:logGet(43)) - raft.server.log.corruption.policy = EXCEPTION (default)
2019-10-16 17:18:23,952 [pool-87-thread-1] INFO  server.RaftServerConfigKeys (ConfUtils.java:logGet(43)) - raft.server.rpcslowness.timeout = 120s (custom)
2019-10-16 17:18:23,952 [pool-27-thread-1] INFO  storage.RaftStorageDirectory (RaftStorageDirectory.java:analyzeStorage(246)) - The storage directory /workdir/hadoop-ozone/integration-test/target/test-dir/MiniOzoneClusterImpl-1b119847-9446-4130-a6ab-c741bf0ba7df/datanode-0/data/ratis/98b26a71-8402-4b59-aeeb-87054b518f87 does not exist. Creating ...
2019-10-16 17:18:23,952 [ce7940c3-cf81-4e60-9959-5d5957212d6b@group-152500D812F1-LeaderElection1] INFO  server.RaftServerConfigKeys (ConfUtils.java:logGet(43)) - raft.server.staging.catchup.gap = 1000 (default)
2019-10-16 17:18:23,952 [pool-87-thread-1] INFO  server.RaftServerConfigKeys (ConfUtils.java:logGet(43)) - raft.server.sleep.deviation.threshold = 300 (default)
2019-10-16 17:18:23,953 [ce7940c3-cf81-4e60-9959-5d5957212d6b@group-152500D812F1-LeaderElection1] INFO  server.RaftServerConfigKeys (ConfUtils.java:logGet(43)) - raft.server.rpc.sleep.time = 25ms (default)
2019-10-16 17:18:23,953 [pool-87-thread-1] INFO  server.RaftServerConfigKeys (ConfUtils.java:logGet(43)) - raft.server.log.appender.install.snapshot.enabled = false (custom)
2019-10-16 17:18:23,953 [pool-87-thread-1] INFO  impl.RaftServerImpl (ServerState.java:<init>(103)) - e40a46b2-8333-4456-9552-d7e48aaff595@group-87054B518F87: ConfigurationManager, init=-1: [e40a46b2-8333-4456-9552-d7e48aaff595:192.168.69.90:41501, 88f87a5a-1895-478a-a391-44ff176aee59:192.168.69.90:34309, ce7940c3-cf81-4e60-9959-5d5957212d6b:192.168.69.90:38676], old=null, confs=<EMPTY_MAP>
2019-10-16 17:18:23,953 [pool-87-thread-1] INFO  server.RaftServerConfigKeys (ConfUtils.java:logGet(43)) - raft.server.storage.dir = [/workdir/hadoop-ozone/integration-test/target/test-dir/MiniOzoneClusterImpl-1b119847-9446-4130-a6ab-c741bf0ba7df/datanode-6/data/ratis] (custom)
2019-10-16 17:18:23,953 [pool-87-thread-1] INFO  server.RaftServerConfigKeys (ConfUtils.java:logGet(43)) - raft.server.log.corruption.policy = EXCEPTION (default)
2019-10-16 17:18:23,954 [pool-87-thread-1] INFO  storage.RaftStorageDirectory (RaftStorageDirectory.java:analyzeStorage(246)) - The storage directory /workdir/hadoop-ozone/integration-test/target/test-dir/MiniOzoneClusterImpl-1b119847-9446-4130-a6ab-c741bf0ba7df/datanode-6/data/ratis/98b26a71-8402-4b59-aeeb-87054b518f87 does not exist. Creating ...
2019-10-16 17:18:23,956 [ce7940c3-cf81-4e60-9959-5d5957212d6b@group-152500D812F1-LeaderElection1] INFO  server.RaftServerConfigKeys (ConfUtils.java:logGet(43)) - raft.server.write.element-limit = 4096 (default)
2019-10-16 17:18:23,958 [ce7940c3-cf81-4e60-9959-5d5957212d6b@group-152500D812F1-LeaderElection1] INFO  server.RaftServerConfigKeys (ConfUtils.java:logGet(43)) - raft.server.watch.timeout = 10s (default)
2019-10-16 17:18:23,958 [ce7940c3-cf81-4e60-9959-5d5957212d6b@group-152500D812F1-LeaderElection1] INFO  server.RaftServerConfigKeys (ConfUtils.java:logGet(43)) - raft.server.watch.timeout.denomination = 1s (default)
2019-10-16 17:18:23,959 [ce7940c3-cf81-4e60-9959-5d5957212d6b@group-152500D812F1-LeaderElection1] INFO  server.RaftServerConfigKeys (ConfUtils.java:logGet(43)) - raft.server.watch.element-limit = 65536 (default)
2019-10-16 17:18:23,965 [pool-27-thread-1] INFO  storage.RaftStorageDirectory (RaftStorageDirectory.java:tryLock(328)) - Lock on /workdir/hadoop-ozone/integration-test/target/test-dir/MiniOzoneClusterImpl-1b119847-9446-4130-a6ab-c741bf0ba7df/datanode-0/data/ratis/98b26a71-8402-4b59-aeeb-87054b518f87/in_use.lock acquired by nodename 18778@pr-hdds-2197-topology-f2j98-1328871761
2019-10-16 17:18:23,965 [pool-87-thread-1] INFO  storage.RaftStorageDirectory (RaftStorageDirectory.java:tryLock(328)) - Lock on /workdir/hadoop-ozone/integration-test/target/test-dir/MiniOzoneClusterImpl-1b119847-9446-4130-a6ab-c741bf0ba7df/datanode-6/data/ratis/98b26a71-8402-4b59-aeeb-87054b518f87/in_use.lock acquired by nodename 18778@pr-hdds-2197-topology-f2j98-1328871761
2019-10-16 17:18:23,965 [pool-67-thread-1] INFO  storage.RaftStorageDirectory (RaftStorageDirectory.java:tryLock(328)) - Lock on /workdir/hadoop-ozone/integration-test/target/test-dir/MiniOzoneClusterImpl-1b119847-9446-4130-a6ab-c741bf0ba7df/datanode-4/data/ratis/98b26a71-8402-4b59-aeeb-87054b518f87/in_use.lock acquired by nodename 18778@pr-hdds-2197-topology-f2j98-1328871761
2019-10-16 17:18:23,968 [ce7940c3-cf81-4e60-9959-5d5957212d6b@group-152500D812F1-LeaderElection1] INFO  impl.RoleInfo (RoleInfo.java:updateAndGet(143)) - ce7940c3-cf81-4e60-9959-5d5957212d6b: start LeaderState
2019-10-16 17:18:23,980 [pool-67-thread-1] INFO  storage.RaftStorage (RaftStorage.java:format(84)) - Storage directory /workdir/hadoop-ozone/integration-test/target/test-dir/MiniOzoneClusterImpl-1b119847-9446-4130-a6ab-c741bf0ba7df/datanode-4/data/ratis/98b26a71-8402-4b59-aeeb-87054b518f87 has been successfully formatted.
2019-10-16 17:18:23,980 [pool-87-thread-1] INFO  storage.RaftStorage (RaftStorage.java:format(84)) - Storage directory /workdir/hadoop-ozone/integration-test/target/test-dir/MiniOzoneClusterImpl-1b119847-9446-4130-a6ab-c741bf0ba7df/datanode-6/data/ratis/98b26a71-8402-4b59-aeeb-87054b518f87 has been successfully formatted.
2019-10-16 17:18:23,980 [pool-27-thread-1] INFO  storage.RaftStorage (RaftStorage.java:format(84)) - Storage directory /workdir/hadoop-ozone/integration-test/target/test-dir/MiniOzoneClusterImpl-1b119847-9446-4130-a6ab-c741bf0ba7df/datanode-0/data/ratis/98b26a71-8402-4b59-aeeb-87054b518f87 has been successfully formatted.
2019-10-16 17:18:23,981 [pool-87-thread-1] INFO  ratis.ContainerStateMachine (ContainerStateMachine.java:loadSnapshot(231)) - group-87054B518F87: The snapshot info is null. Setting the last applied indexto:(t:0, i:~)
2019-10-16 17:18:23,981 [pool-67-thread-1] INFO  ratis.ContainerStateMachine (ContainerStateMachine.java:loadSnapshot(231)) - group-87054B518F87: The snapshot info is null. Setting the last applied indexto:(t:0, i:~)
2019-10-16 17:18:23,981 [pool-27-thread-1] INFO  ratis.ContainerStateMachine (ContainerStateMachine.java:loadSnapshot(231)) - group-87054B518F87: The snapshot info is null. Setting the last applied indexto:(t:0, i:~)
2019-10-16 17:18:23,981 [pool-87-thread-1] INFO  server.RaftServerConfigKeys (ConfUtils.java:logGet(43)) - raft.server.notification.no-leader.timeout = 120s (custom)
2019-10-16 17:18:23,981 [pool-27-thread-1] INFO  server.RaftServerConfigKeys (ConfUtils.java:logGet(43)) - raft.server.notification.no-leader.timeout = 120s (custom)
2019-10-16 17:18:23,981 [pool-67-thread-1] INFO  server.RaftServerConfigKeys (ConfUtils.java:logGet(43)) - raft.server.notification.no-leader.timeout = 120s (custom)
2019-10-16 17:18:23,981 [pool-27-thread-1] INFO  server.RaftServerConfigKeys (ConfUtils.java:logGet(43)) - raft.server.log.use.memory = false (default)
2019-10-16 17:18:23,981 [pool-87-thread-1] INFO  server.RaftServerConfigKeys (ConfUtils.java:logGet(43)) - raft.server.log.use.memory = false (default)
2019-10-16 17:18:23,984 [pool-27-thread-1] INFO  server.RaftServerConfigKeys (ConfUtils.java:logGet(43)) - raft.server.log.purge.gap = 1000000 (custom)
2019-10-16 17:18:23,981 [pool-67-thread-1] INFO  server.RaftServerConfigKeys (ConfUtils.java:logGet(43)) - raft.server.log.use.memory = false (default)
2019-10-16 17:18:23,984 [pool-27-thread-1] INFO  server.RaftServerConfigKeys (ConfUtils.java:logGet(43)) - raft.server.log.appender.buffer.byte-limit = 33554432 (custom)
2019-10-16 17:18:23,984 [pool-87-thread-1] INFO  server.RaftServerConfigKeys (ConfUtils.java:logGet(43)) - raft.server.log.purge.gap = 1000000 (custom)
2019-10-16 17:18:23,985 [pool-27-thread-1] INFO  server.RaftServerConfigKeys (ConfUtils.java:logGet(43)) - raft.server.log.segment.size.max = 1048576 (custom)
2019-10-16 17:18:23,985 [pool-67-thread-1] INFO  server.RaftServerConfigKeys (ConfUtils.java:logGet(43)) - raft.server.log.purge.gap = 1000000 (custom)
2019-10-16 17:18:23,985 [pool-27-thread-1] INFO  server.RaftServerConfigKeys (ConfUtils.java:logGet(43)) - raft.server.log.segment.cache.num.max = 2 (custom)
2019-10-16 17:18:23,985 [pool-87-thread-1] INFO  server.RaftServerConfigKeys (ConfUtils.java:logGet(43)) - raft.server.log.appender.buffer.byte-limit = 33554432 (custom)
2019-10-16 17:18:23,985 [pool-27-thread-1] INFO  segmented.SegmentedRaftLogWorker (SegmentedRaftLogWorker.java:<init>(173)) - new ce7940c3-cf81-4e60-9959-5d5957212d6b@group-87054B518F87-SegmentedRaftLogWorker for RaftStorage:Storage Directory /workdir/hadoop-ozone/integration-test/target/test-dir/MiniOzoneClusterImpl-1b119847-9446-4130-a6ab-c741bf0ba7df/datanode-0/data/ratis/98b26a71-8402-4b59-aeeb-87054b518f87
2019-10-16 17:18:23,985 [pool-67-thread-1] INFO  server.RaftServerConfigKeys (ConfUtils.java:logGet(43)) - raft.server.log.appender.buffer.byte-limit = 33554432 (custom)
2019-10-16 17:18:23,987 [pool-27-thread-1] INFO  server.RaftServerConfigKeys (ConfUtils.java:logGet(43)) - raft.server.log.queue.byte-limit = 2147483647 (custom)
2019-10-16 17:18:23,986 [pool-87-thread-1] INFO  server.RaftServerConfigKeys (ConfUtils.java:logGet(43)) - raft.server.log.segment.size.max = 1048576 (custom)
2019-10-16 17:18:23,987 [pool-27-thread-1] INFO  server.RaftServerConfigKeys (ConfUtils.java:logGet(43)) - raft.server.log.queue.element-limit = 1024 (custom)
2019-10-16 17:18:23,987 [ce7940c3-cf81-4e60-9959-5d5957212d6b@group-152500D812F1-LeaderElection1] INFO  segmented.SegmentedRaftLogWorker (SegmentedRaftLogWorker.java:startLogSegment(385)) - ce7940c3-cf81-4e60-9959-5d5957212d6b@group-152500D812F1-SegmentedRaftLogWorker: Starting segment from index:0
2019-10-16 17:18:23,987 [pool-67-thread-1] INFO  server.RaftServerConfigKeys (ConfUtils.java:logGet(43)) - raft.server.log.segment.size.max = 1048576 (custom)
2019-10-16 17:18:23,987 [pool-27-thread-1] INFO  server.RaftServerConfigKeys (ConfUtils.java:logGet(43)) - raft.server.log.segment.size.max = 1048576 (custom)
2019-10-16 17:18:23,987 [pool-87-thread-1] INFO  server.RaftServerConfigKeys (ConfUtils.java:logGet(43)) - raft.server.log.segment.cache.num.max = 2 (custom)
2019-10-16 17:18:23,988 [pool-27-thread-1] INFO  server.RaftServerConfigKeys (ConfUtils.java:logGet(43)) - raft.server.log.preallocated.size = 16384 (custom)
2019-10-16 17:18:23,988 [pool-67-thread-1] INFO  server.RaftServerConfigKeys (ConfUtils.java:logGet(43)) - raft.server.log.segment.cache.num.max = 2 (custom)
2019-10-16 17:18:23,988 [pool-27-thread-1] INFO  server.RaftServerConfigKeys (ConfUtils.java:logGet(43)) - raft.server.log.write.buffer.size = 33554432 (custom)
2019-10-16 17:18:23,988 [pool-87-thread-1] INFO  segmented.SegmentedRaftLogWorker (SegmentedRaftLogWorker.java:<init>(173)) - new e40a46b2-8333-4456-9552-d7e48aaff595@group-87054B518F87-SegmentedRaftLogWorker for RaftStorage:Storage Directory /workdir/hadoop-ozone/integration-test/target/test-dir/MiniOzoneClusterImpl-1b119847-9446-4130-a6ab-c741bf0ba7df/datanode-6/data/ratis/98b26a71-8402-4b59-aeeb-87054b518f87
2019-10-16 17:18:23,988 [pool-27-thread-1] INFO  server.RaftServerConfigKeys (ConfUtils.java:logGet(43)) - raft.server.log.force.sync.num = 128 (default)
2019-10-16 17:18:23,988 [pool-67-thread-1] INFO  segmented.SegmentedRaftLogWorker (SegmentedRaftLogWorker.java:<init>(173)) - new 88f87a5a-1895-478a-a391-44ff176aee59@group-87054B518F87-SegmentedRaftLogWorker for RaftStorage:Storage Directory /workdir/hadoop-ozone/integration-test/target/test-dir/MiniOzoneClusterImpl-1b119847-9446-4130-a6ab-c741bf0ba7df/datanode-4/data/ratis/98b26a71-8402-4b59-aeeb-87054b518f87
2019-10-16 17:18:23,989 [pool-27-thread-1] INFO  server.RaftServerConfigKeys (ConfUtils.java:logGet(43)) - raft.server.log.statemachine.data.sync = true (default)
2019-10-16 17:18:23,988 [pool-87-thread-1] INFO  server.RaftServerConfigKeys (ConfUtils.java:logGet(43)) - raft.server.log.queue.byte-limit = 2147483647 (custom)
2019-10-16 17:18:23,989 [pool-27-thread-1] INFO  server.RaftServerConfigKeys (ConfUtils.java:logGet(43)) - raft.server.log.statemachine.data.sync.timeout = 10s (default)
2019-10-16 17:18:23,989 [pool-67-thread-1] INFO  server.RaftServerConfigKeys (ConfUtils.java:logGet(43)) - raft.server.log.queue.byte-limit = 2147483647 (custom)
2019-10-16 17:18:23,989 [pool-27-thread-1] INFO  server.RaftServerConfigKeys (ConfUtils.java:logGet(43)) - raft.server.log.statemachine.data.sync.timeout.retry = -1 (default)
2019-10-16 17:18:23,989 [pool-87-thread-1] INFO  server.RaftServerConfigKeys (ConfUtils.java:logGet(43)) - raft.server.log.queue.element-limit = 1024 (custom)
2019-10-16 17:18:23,989 [pool-67-thread-1] INFO  server.RaftServerConfigKeys (ConfUtils.java:logGet(43)) - raft.server.log.queue.element-limit = 1024 (custom)
2019-10-16 17:18:23,989 [pool-27-thread-1] INFO  server.RaftServerConfigKeys (ConfUtils.java:logGet(43)) - raft.server.log.statemachine.data.caching.enabled = true (custom)
2019-10-16 17:18:23,989 [pool-87-thread-1] INFO  server.RaftServerConfigKeys (ConfUtils.java:logGet(43)) - raft.server.log.segment.size.max = 1048576 (custom)
2019-10-16 17:18:23,990 [pool-67-thread-1] INFO  server.RaftServerConfigKeys (ConfUtils.java:logGet(43)) - raft.server.log.segment.size.max = 1048576 (custom)
2019-10-16 17:18:23,990 [pool-87-thread-1] INFO  server.RaftServerConfigKeys (ConfUtils.java:logGet(43)) - raft.server.log.preallocated.size = 16384 (custom)
2019-10-16 17:18:23,990 [pool-67-thread-1] INFO  server.RaftServerConfigKeys (ConfUtils.java:logGet(43)) - raft.server.log.preallocated.size = 16384 (custom)
2019-10-16 17:18:23,990 [pool-27-thread-1] INFO  segmented.SegmentedRaftLogWorker (SegmentedRaftLogWorker.java:lambda$new$0(128)) - ce7940c3-cf81-4e60-9959-5d5957212d6b@group-87054B518F87-SegmentedRaftLogWorker: flushIndex: setUnconditionally 0 -> -1
2019-10-16 17:18:23,990 [pool-67-thread-1] INFO  server.RaftServerConfigKeys (ConfUtils.java:logGet(43)) - raft.server.log.write.buffer.size = 33554432 (custom)
2019-10-16 17:18:23,990 [pool-87-thread-1] INFO  server.RaftServerConfigKeys (ConfUtils.java:logGet(43)) - raft.server.log.write.buffer.size = 33554432 (custom)
2019-10-16 17:18:23,990 [pool-67-thread-1] INFO  server.RaftServerConfigKeys (ConfUtils.java:logGet(43)) - raft.server.log.force.sync.num = 128 (default)
2019-10-16 17:18:23,990 [pool-87-thread-1] INFO  server.RaftServerConfigKeys (ConfUtils.java:logGet(43)) - raft.server.log.force.sync.num = 128 (default)
2019-10-16 17:18:23,990 [pool-27-thread-1] INFO  server.RaftServerConfigKeys (ConfUtils.java:logGet(43)) - raft.server.snapshot.auto.trigger.enabled = true (custom)
2019-10-16 17:18:23,991 [pool-87-thread-1] INFO  server.RaftServerConfigKeys (ConfUtils.java:logGet(43)) - raft.server.log.statemachine.data.sync = true (default)
2019-10-16 17:18:23,990 [pool-67-thread-1] INFO  server.RaftServerConfigKeys (ConfUtils.java:logGet(43)) - raft.server.log.statemachine.data.sync = true (default)
2019-10-16 17:18:23,991 [pool-87-thread-1] INFO  server.RaftServerConfigKeys (ConfUtils.java:logGet(43)) - raft.server.log.statemachine.data.sync.timeout = 10s (default)
2019-10-16 17:18:23,991 [pool-27-thread-1] INFO  server.RaftServerConfigKeys (ConfUtils.java:logGet(43)) - raft.server.snapshot.auto.trigger.threshold = 10000 (custom)
2019-10-16 17:18:23,991 [pool-87-thread-1] INFO  server.RaftServerConfigKeys (ConfUtils.java:logGet(43)) - raft.server.log.statemachine.data.sync.timeout.retry = -1 (default)
2019-10-16 17:18:23,991 [pool-67-thread-1] INFO  server.RaftServerConfigKeys (ConfUtils.java:logGet(43)) - raft.server.log.statemachine.data.sync.timeout = 10s (default)
2019-10-16 17:18:23,991 [pool-27-thread-1] INFO  server.RaftServerConfigKeys (ConfUtils.java:logGet(43)) - raft.server.snapshot.retention.file.num = 5 (custom)
2019-10-16 17:18:23,991 [pool-87-thread-1] INFO  server.RaftServerConfigKeys (ConfUtils.java:logGet(43)) - raft.server.log.statemachine.data.caching.enabled = true (custom)
2019-10-16 17:18:23,991 [pool-67-thread-1] INFO  server.RaftServerConfigKeys (ConfUtils.java:logGet(43)) - raft.server.log.statemachine.data.sync.timeout.retry = -1 (default)
2019-10-16 17:18:23,992 [pool-27-thread-1] INFO  server.RaftServerConfigKeys (ConfUtils.java:logGet(43)) - raft.server.retrycache.expirytime = 600000ms (custom)
2019-10-16 17:18:23,992 [pool-67-thread-1] INFO  server.RaftServerConfigKeys (ConfUtils.java:logGet(43)) - raft.server.log.statemachine.data.caching.enabled = true (custom)
2019-10-16 17:18:23,992 [pool-87-thread-1] INFO  segmented.SegmentedRaftLogWorker (SegmentedRaftLogWorker.java:lambda$new$0(128)) - e40a46b2-8333-4456-9552-d7e48aaff595@group-87054B518F87-SegmentedRaftLogWorker: flushIndex: setUnconditionally 0 -> -1
2019-10-16 17:18:23,992 [pool-67-thread-1] INFO  segmented.SegmentedRaftLogWorker (SegmentedRaftLogWorker.java:lambda$new$0(128)) - 88f87a5a-1895-478a-a391-44ff176aee59@group-87054B518F87-SegmentedRaftLogWorker: flushIndex: setUnconditionally 0 -> -1
2019-10-16 17:18:23,992 [pool-87-thread-1] INFO  server.RaftServerConfigKeys (ConfUtils.java:logGet(43)) - raft.server.snapshot.auto.trigger.enabled = true (custom)
2019-10-16 17:18:23,992 [pool-67-thread-1] INFO  server.RaftServerConfigKeys (ConfUtils.java:logGet(43)) - raft.server.snapshot.auto.trigger.enabled = true (custom)
2019-10-16 17:18:23,992 [pool-87-thread-1] INFO  server.RaftServerConfigKeys (ConfUtils.java:logGet(43)) - raft.server.snapshot.auto.trigger.threshold = 10000 (custom)
2019-10-16 17:18:23,992 [pool-67-thread-1] INFO  server.RaftServerConfigKeys (ConfUtils.java:logGet(43)) - raft.server.snapshot.auto.trigger.threshold = 10000 (custom)
2019-10-16 17:18:23,993 [pool-87-thread-1] INFO  server.RaftServerConfigKeys (ConfUtils.java:logGet(43)) - raft.server.snapshot.retention.file.num = 5 (custom)
2019-10-16 17:18:23,993 [pool-67-thread-1] INFO  server.RaftServerConfigKeys (ConfUtils.java:logGet(43)) - raft.server.snapshot.retention.file.num = 5 (custom)
2019-10-16 17:18:23,993 [pool-87-thread-1] INFO  server.RaftServerConfigKeys (ConfUtils.java:logGet(43)) - raft.server.retrycache.expirytime = 600000ms (custom)
2019-10-16 17:18:23,993 [pool-67-thread-1] INFO  server.RaftServerConfigKeys (ConfUtils.java:logGet(43)) - raft.server.retrycache.expirytime = 600000ms (custom)
2019-10-16 17:18:23,996 [pool-27-thread-1] INFO  impl.RaftServerImpl (RaftServerImpl.java:start(181)) - ce7940c3-cf81-4e60-9959-5d5957212d6b@group-87054B518F87: start as a follower, conf=-1: [e40a46b2-8333-4456-9552-d7e48aaff595:192.168.69.90:41501, 88f87a5a-1895-478a-a391-44ff176aee59:192.168.69.90:34309, ce7940c3-cf81-4e60-9959-5d5957212d6b:192.168.69.90:38676], old=null
2019-10-16 17:18:23,996 [pool-27-thread-1] INFO  impl.RaftServerImpl (RaftServerImpl.java:setRole(170)) - ce7940c3-cf81-4e60-9959-5d5957212d6b@group-87054B518F87: changes role from      null to FOLLOWER at term 0 for startAsFollower
2019-10-16 17:18:23,996 [pool-27-thread-1] INFO  impl.RoleInfo (RoleInfo.java:updateAndGet(143)) - ce7940c3-cf81-4e60-9959-5d5957212d6b: start FollowerState
2019-10-16 17:18:23,997 [pool-27-thread-1] INFO  util.JmxRegister (JmxRegister.java:tryRegister(44)) - Successfully registered JMX Bean with object name Ratis:service=RaftServer,group=group-87054B518F87,id=ce7940c3-cf81-4e60-9959-5d5957212d6b
2019-10-16 17:18:23,998 [pool-87-thread-1] INFO  impl.RaftServerImpl (RaftServerImpl.java:start(181)) - e40a46b2-8333-4456-9552-d7e48aaff595@group-87054B518F87: start as a follower, conf=-1: [e40a46b2-8333-4456-9552-d7e48aaff595:192.168.69.90:41501, 88f87a5a-1895-478a-a391-44ff176aee59:192.168.69.90:34309, ce7940c3-cf81-4e60-9959-5d5957212d6b:192.168.69.90:38676], old=null
2019-10-16 17:18:23,998 [pool-87-thread-1] INFO  impl.RaftServerImpl (RaftServerImpl.java:setRole(170)) - e40a46b2-8333-4456-9552-d7e48aaff595@group-87054B518F87: changes role from      null to FOLLOWER at term 0 for startAsFollower
2019-10-16 17:18:23,998 [pool-87-thread-1] INFO  impl.RoleInfo (RoleInfo.java:updateAndGet(143)) - e40a46b2-8333-4456-9552-d7e48aaff595: start FollowerState
2019-10-16 17:18:23,999 [pool-67-thread-1] INFO  impl.RaftServerImpl (RaftServerImpl.java:start(181)) - 88f87a5a-1895-478a-a391-44ff176aee59@group-87054B518F87: start as a follower, conf=-1: [e40a46b2-8333-4456-9552-d7e48aaff595:192.168.69.90:41501, 88f87a5a-1895-478a-a391-44ff176aee59:192.168.69.90:34309, ce7940c3-cf81-4e60-9959-5d5957212d6b:192.168.69.90:38676], old=null
2019-10-16 17:18:23,999 [pool-67-thread-1] INFO  impl.RaftServerImpl (RaftServerImpl.java:setRole(170)) - 88f87a5a-1895-478a-a391-44ff176aee59@group-87054B518F87: changes role from      null to FOLLOWER at term 0 for startAsFollower
2019-10-16 17:18:23,999 [pool-87-thread-1] INFO  util.JmxRegister (JmxRegister.java:tryRegister(44)) - Successfully registered JMX Bean with object name Ratis:service=RaftServer,group=group-87054B518F87,id=e40a46b2-8333-4456-9552-d7e48aaff595
2019-10-16 17:18:23,999 [pool-67-thread-1] INFO  impl.RoleInfo (RoleInfo.java:updateAndGet(143)) - 88f87a5a-1895-478a-a391-44ff176aee59: start FollowerState
2019-10-16 17:18:23,999 [pool-67-thread-1] INFO  util.JmxRegister (JmxRegister.java:tryRegister(44)) - Successfully registered JMX Bean with object name Ratis:service=RaftServer,group=group-87054B518F87,id=88f87a5a-1895-478a-a391-44ff176aee59
2019-10-16 17:18:24,003 [ce7940c3-cf81-4e60-9959-5d5957212d6b@group-152500D812F1-LeaderElection1] INFO  impl.RaftServerImpl (ServerState.java:setRaftConf(356)) - ce7940c3-cf81-4e60-9959-5d5957212d6b@group-152500D812F1: set configuration 0: [ce7940c3-cf81-4e60-9959-5d5957212d6b:192.168.69.90:38676], old=null at 0
2019-10-16 17:18:24,034 [RatisPipelineUtilsThread] INFO  pipeline.PipelineStateManager (PipelineStateManager.java:addPipeline(56)) - Created pipeline Pipeline[ Id: 98b26a71-8402-4b59-aeeb-87054b518f87, Nodes: 88f87a5a-1895-478a-a391-44ff176aee59{ip: 192.168.69.90, host: pr-hdds-2197-topology-f2j98-1328871761, networkLocation: /default-rack, certSerialId: null}ce7940c3-cf81-4e60-9959-5d5957212d6b{ip: 192.168.69.90, host: pr-hdds-2197-topology-f2j98-1328871761, networkLocation: /default-rack, certSerialId: null}e40a46b2-8333-4456-9552-d7e48aaff595{ip: 192.168.69.90, host: pr-hdds-2197-topology-f2j98-1328871761, networkLocation: /default-rack, certSerialId: null}, Type:RATIS, Factor:THREE, State:OPEN]
2019-10-16 17:18:24,054 [grpc-default-executor-0] INFO  impl.RaftServerProxy (RaftServerProxy.java:addNew(89)) - 402b0372-4819-4934-806f-9fa0520739e8: addNew group-E4D141D357F7:[39efc1e0-b8a0-46ae-8203-75644d0567c7:192.168.69.90:37505, 402b0372-4819-4934-806f-9fa0520739e8:192.168.69.90:42033, 69c8fc0c-292c-4f2f-ab72-f8d3161c7a9e:192.168.69.90:46799] returns group-E4D141D357F7:java.util.concurrent.CompletableFuture@47771260[Not completed]
2019-10-16 17:18:24,055 [grpc-default-executor-2] INFO  impl.RaftServerProxy (RaftServerProxy.java:addNew(89)) - 39efc1e0-b8a0-46ae-8203-75644d0567c7: addNew group-E4D141D357F7:[39efc1e0-b8a0-46ae-8203-75644d0567c7:192.168.69.90:37505, 402b0372-4819-4934-806f-9fa0520739e8:192.168.69.90:42033, 69c8fc0c-292c-4f2f-ab72-f8d3161c7a9e:192.168.69.90:46799] returns group-E4D141D357F7:java.util.concurrent.CompletableFuture@61d9da5d[Not completed]
2019-10-16 17:18:24,055 [grpc-default-executor-1] INFO  impl.RaftServerProxy (RaftServerProxy.java:addNew(89)) - 69c8fc0c-292c-4f2f-ab72-f8d3161c7a9e: addNew group-E4D141D357F7:[39efc1e0-b8a0-46ae-8203-75644d0567c7:192.168.69.90:37505, 402b0372-4819-4934-806f-9fa0520739e8:192.168.69.90:42033, 69c8fc0c-292c-4f2f-ab72-f8d3161c7a9e:192.168.69.90:46799] returns group-E4D141D357F7:java.util.concurrent.CompletableFuture@56c704b4[Not completed]
2019-10-16 17:18:24,057 [pool-47-thread-1] INFO  impl.RaftServerImpl (RaftServerImpl.java:<init>(95)) - 402b0372-4819-4934-806f-9fa0520739e8: new RaftServerImpl for group-E4D141D357F7:[39efc1e0-b8a0-46ae-8203-75644d0567c7:192.168.69.90:37505, 402b0372-4819-4934-806f-9fa0520739e8:192.168.69.90:42033, 69c8fc0c-292c-4f2f-ab72-f8d3161c7a9e:192.168.69.90:46799] with ContainerStateMachine:uninitialized
2019-10-16 17:18:24,057 [pool-47-thread-1] INFO  server.RaftServerConfigKeys (ConfUtils.java:logGet(43)) - raft.server.rpc.timeout.min = 1s (custom)
2019-10-16 17:18:24,057 [pool-47-thread-1] INFO  server.RaftServerConfigKeys (ConfUtils.java:logGet(43)) - raft.server.rpc.timeout.max = 1200ms (custom)
2019-10-16 17:18:24,058 [pool-47-thread-1] INFO  server.RaftServerConfigKeys (ConfUtils.java:logGet(43)) - raft.server.rpcslowness.timeout = 120s (custom)
2019-10-16 17:18:24,058 [pool-47-thread-1] INFO  server.RaftServerConfigKeys (ConfUtils.java:logGet(43)) - raft.server.sleep.deviation.threshold = 300 (default)
2019-10-16 17:18:24,058 [pool-47-thread-1] INFO  server.RaftServerConfigKeys (ConfUtils.java:logGet(43)) - raft.server.log.appender.install.snapshot.enabled = false (custom)
2019-10-16 17:18:24,058 [pool-47-thread-1] INFO  impl.RaftServerImpl (ServerState.java:<init>(103)) - 402b0372-4819-4934-806f-9fa0520739e8@group-E4D141D357F7: ConfigurationManager, init=-1: [39efc1e0-b8a0-46ae-8203-75644d0567c7:192.168.69.90:37505, 402b0372-4819-4934-806f-9fa0520739e8:192.168.69.90:42033, 69c8fc0c-292c-4f2f-ab72-f8d3161c7a9e:192.168.69.90:46799], old=null, confs=<EMPTY_MAP>
2019-10-16 17:18:24,058 [Thread-288] INFO  impl.FollowerState (FollowerState.java:run(108)) - 88f87a5a-1895-478a-a391-44ff176aee59@group-21E0174CBF97-FollowerState: change to CANDIDATE, lastRpcTime:1064ms, electionTimeout:1062ms
2019-10-16 17:18:24,059 [pool-47-thread-1] INFO  server.RaftServerConfigKeys (ConfUtils.java:logGet(43)) - raft.server.storage.dir = [/workdir/hadoop-ozone/integration-test/target/test-dir/MiniOzoneClusterImpl-1b119847-9446-4130-a6ab-c741bf0ba7df/datanode-2/data/ratis] (custom)
2019-10-16 17:18:24,059 [Thread-288] INFO  impl.RoleInfo (RoleInfo.java:shutdownFollowerState(121)) - 88f87a5a-1895-478a-a391-44ff176aee59: shutdown FollowerState
2019-10-16 17:18:24,059 [Thread-288] INFO  impl.RaftServerImpl (RaftServerImpl.java:setRole(170)) - 88f87a5a-1895-478a-a391-44ff176aee59@group-21E0174CBF97: changes role from  FOLLOWER to CANDIDATE at term 0 for changeToCandidate
2019-10-16 17:18:24,060 [pool-47-thread-1] INFO  server.RaftServerConfigKeys (ConfUtils.java:logGet(43)) - raft.server.log.corruption.policy = EXCEPTION (default)
2019-10-16 17:18:24,060 [Thread-288] INFO  impl.RoleInfo (RoleInfo.java:updateAndGet(143)) - 88f87a5a-1895-478a-a391-44ff176aee59: start LeaderElection
2019-10-16 17:18:24,060 [pool-47-thread-1] INFO  storage.RaftStorageDirectory (RaftStorageDirectory.java:analyzeStorage(246)) - The storage directory /workdir/hadoop-ozone/integration-test/target/test-dir/MiniOzoneClusterImpl-1b119847-9446-4130-a6ab-c741bf0ba7df/datanode-2/data/ratis/0569b7da-d16a-454e-8373-e4d141d357f7 does not exist. Creating ...
2019-10-16 17:18:24,060 [pool-57-thread-1] INFO  impl.RaftServerImpl (RaftServerImpl.java:<init>(95)) - 69c8fc0c-292c-4f2f-ab72-f8d3161c7a9e: new RaftServerImpl for group-E4D141D357F7:[39efc1e0-b8a0-46ae-8203-75644d0567c7:192.168.69.90:37505, 402b0372-4819-4934-806f-9fa0520739e8:192.168.69.90:42033, 69c8fc0c-292c-4f2f-ab72-f8d3161c7a9e:192.168.69.90:46799] with ContainerStateMachine:uninitialized
2019-10-16 17:18:24,064 [pool-57-thread-1] INFO  server.RaftServerConfigKeys (ConfUtils.java:logGet(43)) - raft.server.rpc.timeout.min = 1s (custom)
2019-10-16 17:18:24,064 [pool-107-thread-1] INFO  impl.RaftServerImpl (RaftServerImpl.java:<init>(95)) - 39efc1e0-b8a0-46ae-8203-75644d0567c7: new RaftServerImpl for group-E4D141D357F7:[39efc1e0-b8a0-46ae-8203-75644d0567c7:192.168.69.90:37505, 402b0372-4819-4934-806f-9fa0520739e8:192.168.69.90:42033, 69c8fc0c-292c-4f2f-ab72-f8d3161c7a9e:192.168.69.90:46799] with ContainerStateMachine:uninitialized
2019-10-16 17:18:24,064 [pool-57-thread-1] INFO  server.RaftServerConfigKeys (ConfUtils.java:logGet(43)) - raft.server.rpc.timeout.max = 1200ms (custom)
2019-10-16 17:18:24,064 [pool-107-thread-1] INFO  server.RaftServerConfigKeys (ConfUtils.java:logGet(43)) - raft.server.rpc.timeout.min = 1s (custom)
2019-10-16 17:18:24,064 [pool-57-thread-1] INFO  server.RaftServerConfigKeys (ConfUtils.java:logGet(43)) - raft.server.rpcslowness.timeout = 120s (custom)
2019-10-16 17:18:24,064 [pool-107-thread-1] INFO  server.RaftServerConfigKeys (ConfUtils.java:logGet(43)) - raft.server.rpc.timeout.max = 1200ms (custom)
2019-10-16 17:18:24,065 [pool-57-thread-1] INFO  server.RaftServerConfigKeys (ConfUtils.java:logGet(43)) - raft.server.sleep.deviation.threshold = 300 (default)
2019-10-16 17:18:24,065 [pool-107-thread-1] INFO  server.RaftServerConfigKeys (ConfUtils.java:logGet(43)) - raft.server.rpcslowness.timeout = 120s (custom)
2019-10-16 17:18:24,065 [pool-57-thread-1] INFO  server.RaftServerConfigKeys (ConfUtils.java:logGet(43)) - raft.server.log.appender.install.snapshot.enabled = false (custom)
2019-10-16 17:18:24,065 [pool-107-thread-1] INFO  server.RaftServerConfigKeys (ConfUtils.java:logGet(43)) - raft.server.sleep.deviation.threshold = 300 (default)
2019-10-16 17:18:24,065 [pool-57-thread-1] INFO  impl.RaftServerImpl (ServerState.java:<init>(103)) - 69c8fc0c-292c-4f2f-ab72-f8d3161c7a9e@group-E4D141D357F7: ConfigurationManager, init=-1: [39efc1e0-b8a0-46ae-8203-75644d0567c7:192.168.69.90:37505, 402b0372-4819-4934-806f-9fa0520739e8:192.168.69.90:42033, 69c8fc0c-292c-4f2f-ab72-f8d3161c7a9e:192.168.69.90:46799], old=null, confs=<EMPTY_MAP>
2019-10-16 17:18:24,065 [pool-107-thread-1] INFO  server.RaftServerConfigKeys (ConfUtils.java:logGet(43)) - raft.server.log.appender.install.snapshot.enabled = false (custom)
2019-10-16 17:18:24,065 [pool-107-thread-1] INFO  impl.RaftServerImpl (ServerState.java:<init>(103)) - 39efc1e0-b8a0-46ae-8203-75644d0567c7@group-E4D141D357F7: ConfigurationManager, init=-1: [39efc1e0-b8a0-46ae-8203-75644d0567c7:192.168.69.90:37505, 402b0372-4819-4934-806f-9fa0520739e8:192.168.69.90:42033, 69c8fc0c-292c-4f2f-ab72-f8d3161c7a9e:192.168.69.90:46799], old=null, confs=<EMPTY_MAP>
2019-10-16 17:18:24,065 [pool-57-thread-1] INFO  server.RaftServerConfigKeys (ConfUtils.java:logGet(43)) - raft.server.storage.dir = [/workdir/hadoop-ozone/integration-test/target/test-dir/MiniOzoneClusterImpl-1b119847-9446-4130-a6ab-c741bf0ba7df/datanode-3/data/ratis] (custom)
2019-10-16 17:18:24,065 [pool-107-thread-1] INFO  server.RaftServerConfigKeys (ConfUtils.java:logGet(43)) - raft.server.storage.dir = [/workdir/hadoop-ozone/integration-test/target/test-dir/MiniOzoneClusterImpl-1b119847-9446-4130-a6ab-c741bf0ba7df/datanode-8/data/ratis] (custom)
2019-10-16 17:18:24,066 [pool-107-thread-1] INFO  server.RaftServerConfigKeys (ConfUtils.java:logGet(43)) - raft.server.log.corruption.policy = EXCEPTION (default)
2019-10-16 17:18:24,066 [pool-57-thread-1] INFO  server.RaftServerConfigKeys (ConfUtils.java:logGet(43)) - raft.server.log.corruption.policy = EXCEPTION (default)
2019-10-16 17:18:24,066 [pool-107-thread-1] INFO  storage.RaftStorageDirectory (RaftStorageDirectory.java:analyzeStorage(246)) - The storage directory /workdir/hadoop-ozone/integration-test/target/test-dir/MiniOzoneClusterImpl-1b119847-9446-4130-a6ab-c741bf0ba7df/datanode-8/data/ratis/0569b7da-d16a-454e-8373-e4d141d357f7 does not exist. Creating ...
2019-10-16 17:18:24,066 [pool-57-thread-1] INFO  storage.RaftStorageDirectory (RaftStorageDirectory.java:analyzeStorage(246)) - The storage directory /workdir/hadoop-ozone/integration-test/target/test-dir/MiniOzoneClusterImpl-1b119847-9446-4130-a6ab-c741bf0ba7df/datanode-3/data/ratis/0569b7da-d16a-454e-8373-e4d141d357f7 does not exist. Creating ...
2019-10-16 17:18:24,077 [pool-47-thread-1] INFO  storage.RaftStorageDirectory (RaftStorageDirectory.java:tryLock(328)) - Lock on /workdir/hadoop-ozone/integration-test/target/test-dir/MiniOzoneClusterImpl-1b119847-9446-4130-a6ab-c741bf0ba7df/datanode-2/data/ratis/0569b7da-d16a-454e-8373-e4d141d357f7/in_use.lock acquired by nodename 18778@pr-hdds-2197-topology-f2j98-1328871761
2019-10-16 17:18:24,077 [pool-57-thread-1] INFO  storage.RaftStorageDirectory (RaftStorageDirectory.java:tryLock(328)) - Lock on /workdir/hadoop-ozone/integration-test/target/test-dir/MiniOzoneClusterImpl-1b119847-9446-4130-a6ab-c741bf0ba7df/datanode-3/data/ratis/0569b7da-d16a-454e-8373-e4d141d357f7/in_use.lock acquired by nodename 18778@pr-hdds-2197-topology-f2j98-1328871761
2019-10-16 17:18:24,077 [pool-107-thread-1] INFO  storage.RaftStorageDirectory (RaftStorageDirectory.java:tryLock(328)) - Lock on /workdir/hadoop-ozone/integration-test/target/test-dir/MiniOzoneClusterImpl-1b119847-9446-4130-a6ab-c741bf0ba7df/datanode-8/data/ratis/0569b7da-d16a-454e-8373-e4d141d357f7/in_use.lock acquired by nodename 18778@pr-hdds-2197-topology-f2j98-1328871761
2019-10-16 17:18:24,077 [88f87a5a-1895-478a-a391-44ff176aee59@group-21E0174CBF97-LeaderElection2] INFO  impl.LeaderElection (LeaderElection.java:askForVotes(178)) - 88f87a5a-1895-478a-a391-44ff176aee59@group-21E0174CBF97-LeaderElection2: begin an election at term 1 for -1: [88f87a5a-1895-478a-a391-44ff176aee59:192.168.69.90:34309], old=null
2019-10-16 17:18:24,088 [88f87a5a-1895-478a-a391-44ff176aee59@group-21E0174CBF97-LeaderElection2] INFO  impl.RoleInfo (RoleInfo.java:shutdownLeaderElection(134)) - 88f87a5a-1895-478a-a391-44ff176aee59: shutdown LeaderElection
2019-10-16 17:18:24,089 [88f87a5a-1895-478a-a391-44ff176aee59@group-21E0174CBF97-LeaderElection2] INFO  impl.RaftServerImpl (RaftServerImpl.java:setRole(170)) - 88f87a5a-1895-478a-a391-44ff176aee59@group-21E0174CBF97: changes role from CANDIDATE to LEADER at term 1 for changeToLeader
2019-10-16 17:18:24,089 [88f87a5a-1895-478a-a391-44ff176aee59@group-21E0174CBF97-LeaderElection2] INFO  impl.RaftServerImpl (ServerState.java:setLeader(255)) - 88f87a5a-1895-478a-a391-44ff176aee59@group-21E0174CBF97: change Leader from null to 88f87a5a-1895-478a-a391-44ff176aee59 at term 1 for becomeLeader, leader elected after 1115ms
2019-10-16 17:18:24,089 [88f87a5a-1895-478a-a391-44ff176aee59@group-21E0174CBF97-LeaderElection2] INFO  server.RaftServerConfigKeys (ConfUtils.java:logGet(43)) - raft.server.staging.catchup.gap = 1000 (default)
2019-10-16 17:18:24,089 [88f87a5a-1895-478a-a391-44ff176aee59@group-21E0174CBF97-LeaderElection2] INFO  server.RaftServerConfigKeys (ConfUtils.java:logGet(43)) - raft.server.rpc.sleep.time = 25ms (default)
2019-10-16 17:18:24,089 [88f87a5a-1895-478a-a391-44ff176aee59@group-21E0174CBF97-LeaderElection2] INFO  server.RaftServerConfigKeys (ConfUtils.java:logGet(43)) - raft.server.write.element-limit = 4096 (default)
2019-10-16 17:18:24,089 [88f87a5a-1895-478a-a391-44ff176aee59@group-21E0174CBF97-LeaderElection2] INFO  server.RaftServerConfigKeys (ConfUtils.java:logGet(43)) - raft.server.watch.timeout = 10s (default)
2019-10-16 17:18:24,090 [88f87a5a-1895-478a-a391-44ff176aee59@group-21E0174CBF97-LeaderElection2] INFO  server.RaftServerConfigKeys (ConfUtils.java:logGet(43)) - raft.server.watch.timeout.denomination = 1s (default)
2019-10-16 17:18:24,090 [88f87a5a-1895-478a-a391-44ff176aee59@group-21E0174CBF97-LeaderElection2] INFO  server.RaftServerConfigKeys (ConfUtils.java:logGet(43)) - raft.server.watch.element-limit = 65536 (default)
2019-10-16 17:18:24,092 [88f87a5a-1895-478a-a391-44ff176aee59@group-21E0174CBF97-LeaderElection2] INFO  impl.RoleInfo (RoleInfo.java:updateAndGet(143)) - 88f87a5a-1895-478a-a391-44ff176aee59: start LeaderState
2019-10-16 17:18:24,092 [88f87a5a-1895-478a-a391-44ff176aee59@group-21E0174CBF97-LeaderElection2] INFO  segmented.SegmentedRaftLogWorker (SegmentedRaftLogWorker.java:startLogSegment(385)) - 88f87a5a-1895-478a-a391-44ff176aee59@group-21E0174CBF97-SegmentedRaftLogWorker: Starting segment from index:0
2019-10-16 17:18:24,092 [88f87a5a-1895-478a-a391-44ff176aee59@group-21E0174CBF97-LeaderElection2] INFO  impl.RaftServerImpl (ServerState.java:setRaftConf(356)) - 88f87a5a-1895-478a-a391-44ff176aee59@group-21E0174CBF97: set configuration 0: [88f87a5a-1895-478a-a391-44ff176aee59:192.168.69.90:34309], old=null at 0
2019-10-16 17:18:24,102 [pool-107-thread-1] INFO  storage.RaftStorage (RaftStorage.java:format(84)) - Storage directory /workdir/hadoop-ozone/integration-test/target/test-dir/MiniOzoneClusterImpl-1b119847-9446-4130-a6ab-c741bf0ba7df/datanode-8/data/ratis/0569b7da-d16a-454e-8373-e4d141d357f7 has been successfully formatted.
2019-10-16 17:18:24,102 [pool-57-thread-1] INFO  storage.RaftStorage (RaftStorage.java:format(84)) - Storage directory /workdir/hadoop-ozone/integration-test/target/test-dir/MiniOzoneClusterImpl-1b119847-9446-4130-a6ab-c741bf0ba7df/datanode-3/data/ratis/0569b7da-d16a-454e-8373-e4d141d357f7 has been successfully formatted.
2019-10-16 17:18:24,102 [pool-107-thread-1] INFO  ratis.ContainerStateMachine (ContainerStateMachine.java:loadSnapshot(231)) - group-E4D141D357F7: The snapshot info is null. Setting the last applied indexto:(t:0, i:~)
2019-10-16 17:18:24,102 [pool-47-thread-1] INFO  storage.RaftStorage (RaftStorage.java:format(84)) - Storage directory /workdir/hadoop-ozone/integration-test/target/test-dir/MiniOzoneClusterImpl-1b119847-9446-4130-a6ab-c741bf0ba7df/datanode-2/data/ratis/0569b7da-d16a-454e-8373-e4d141d357f7 has been successfully formatted.
2019-10-16 17:18:24,103 [pool-107-thread-1] INFO  server.RaftServerConfigKeys (ConfUtils.java:logGet(43)) - raft.server.notification.no-leader.timeout = 120s (custom)
2019-10-16 17:18:24,103 [pool-57-thread-1] INFO  ratis.ContainerStateMachine (ContainerStateMachine.java:loadSnapshot(231)) - group-E4D141D357F7: The snapshot info is null. Setting the last applied indexto:(t:0, i:~)
2019-10-16 17:18:24,103 [pool-47-thread-1] INFO  ratis.ContainerStateMachine (ContainerStateMachine.java:loadSnapshot(231)) - group-E4D141D357F7: The snapshot info is null. Setting the last applied indexto:(t:0, i:~)
2019-10-16 17:18:24,103 [pool-107-thread-1] INFO  server.RaftServerConfigKeys (ConfUtils.java:logGet(43)) - raft.server.log.use.memory = false (default)
2019-10-16 17:18:24,103 [pool-47-thread-1] INFO  server.RaftServerConfigKeys (ConfUtils.java:logGet(43)) - raft.server.notification.no-leader.timeout = 120s (custom)
2019-10-16 17:18:24,103 [pool-57-thread-1] INFO  server.RaftServerConfigKeys (ConfUtils.java:logGet(43)) - raft.server.notification.no-leader.timeout = 120s (custom)
2019-10-16 17:18:24,103 [pool-47-thread-1] INFO  server.RaftServerConfigKeys (ConfUtils.java:logGet(43)) - raft.server.log.use.memory = false (default)
2019-10-16 17:18:24,103 [pool-107-thread-1] INFO  server.RaftServerConfigKeys (ConfUtils.java:logGet(43)) - raft.server.log.purge.gap = 1000000 (custom)
2019-10-16 17:18:24,104 [pool-47-thread-1] INFO  server.RaftServerConfigKeys (ConfUtils.java:logGet(43)) - raft.server.log.purge.gap = 1000000 (custom)
2019-10-16 17:18:24,103 [pool-57-thread-1] INFO  server.RaftServerConfigKeys (ConfUtils.java:logGet(43)) - raft.server.log.use.memory = false (default)
2019-10-16 17:18:24,104 [pool-47-thread-1] INFO  server.RaftServerConfigKeys (ConfUtils.java:logGet(43)) - raft.server.log.appender.buffer.byte-limit = 33554432 (custom)
2019-10-16 17:18:24,104 [pool-107-thread-1] INFO  server.RaftServerConfigKeys (ConfUtils.java:logGet(43)) - raft.server.log.appender.buffer.byte-limit = 33554432 (custom)
2019-10-16 17:18:24,104 [pool-47-thread-1] INFO  server.RaftServerConfigKeys (ConfUtils.java:logGet(43)) - raft.server.log.segment.size.max = 1048576 (custom)
2019-10-16 17:18:24,104 [pool-57-thread-1] INFO  server.RaftServerConfigKeys (ConfUtils.java:logGet(43)) - raft.server.log.purge.gap = 1000000 (custom)
2019-10-16 17:18:24,104 [pool-47-thread-1] INFO  server.RaftServerConfigKeys (ConfUtils.java:logGet(43)) - raft.server.log.segment.cache.num.max = 2 (custom)
2019-10-16 17:18:24,104 [pool-107-thread-1] INFO  server.RaftServerConfigKeys (ConfUtils.java:logGet(43)) - raft.server.log.segment.size.max = 1048576 (custom)
2019-10-16 17:18:24,104 [pool-47-thread-1] INFO  segmented.SegmentedRaftLogWorker (SegmentedRaftLogWorker.java:<init>(173)) - new 402b0372-4819-4934-806f-9fa0520739e8@group-E4D141D357F7-SegmentedRaftLogWorker for RaftStorage:Storage Directory /workdir/hadoop-ozone/integration-test/target/test-dir/MiniOzoneClusterImpl-1b119847-9446-4130-a6ab-c741bf0ba7df/datanode-2/data/ratis/0569b7da-d16a-454e-8373-e4d141d357f7
2019-10-16 17:18:24,104 [pool-57-thread-1] INFO  server.RaftServerConfigKeys (ConfUtils.java:logGet(43)) - raft.server.log.appender.buffer.byte-limit = 33554432 (custom)
2019-10-16 17:18:24,105 [pool-47-thread-1] INFO  server.RaftServerConfigKeys (ConfUtils.java:logGet(43)) - raft.server.log.queue.byte-limit = 2147483647 (custom)
2019-10-16 17:18:24,105 [pool-107-thread-1] INFO  server.RaftServerConfigKeys (ConfUtils.java:logGet(43)) - raft.server.log.segment.cache.num.max = 2 (custom)
2019-10-16 17:18:24,105 [pool-47-thread-1] INFO  server.RaftServerConfigKeys (ConfUtils.java:logGet(43)) - raft.server.log.queue.element-limit = 1024 (custom)
2019-10-16 17:18:24,105 [pool-57-thread-1] INFO  server.RaftServerConfigKeys (ConfUtils.java:logGet(43)) - raft.server.log.segment.size.max = 1048576 (custom)
2019-10-16 17:18:24,105 [pool-47-thread-1] INFO  server.RaftServerConfigKeys (ConfUtils.java:logGet(43)) - raft.server.log.segment.size.max = 1048576 (custom)
2019-10-16 17:18:24,105 [pool-107-thread-1] INFO  segmented.SegmentedRaftLogWorker (SegmentedRaftLogWorker.java:<init>(173)) - new 39efc1e0-b8a0-46ae-8203-75644d0567c7@group-E4D141D357F7-SegmentedRaftLogWorker for RaftStorage:Storage Directory /workdir/hadoop-ozone/integration-test/target/test-dir/MiniOzoneClusterImpl-1b119847-9446-4130-a6ab-c741bf0ba7df/datanode-8/data/ratis/0569b7da-d16a-454e-8373-e4d141d357f7
2019-10-16 17:18:24,108 [pool-47-thread-1] INFO  server.RaftServerConfigKeys (ConfUtils.java:logGet(43)) - raft.server.log.preallocated.size = 16384 (custom)
2019-10-16 17:18:24,108 [pool-57-thread-1] INFO  server.RaftServerConfigKeys (ConfUtils.java:logGet(43)) - raft.server.log.segment.cache.num.max = 2 (custom)
2019-10-16 17:18:24,108 [pool-47-thread-1] INFO  server.RaftServerConfigKeys (ConfUtils.java:logGet(43)) - raft.server.log.write.buffer.size = 33554432 (custom)
2019-10-16 17:18:24,108 [pool-107-thread-1] INFO  server.RaftServerConfigKeys (ConfUtils.java:logGet(43)) - raft.server.log.queue.byte-limit = 2147483647 (custom)
2019-10-16 17:18:24,108 [pool-47-thread-1] INFO  server.RaftServerConfigKeys (ConfUtils.java:logGet(43)) - raft.server.log.force.sync.num = 128 (default)
2019-10-16 17:18:24,108 [pool-57-thread-1] INFO  segmented.SegmentedRaftLogWorker (SegmentedRaftLogWorker.java:<init>(173)) - new 69c8fc0c-292c-4f2f-ab72-f8d3161c7a9e@group-E4D141D357F7-SegmentedRaftLogWorker for RaftStorage:Storage Directory /workdir/hadoop-ozone/integration-test/target/test-dir/MiniOzoneClusterImpl-1b119847-9446-4130-a6ab-c741bf0ba7df/datanode-3/data/ratis/0569b7da-d16a-454e-8373-e4d141d357f7
2019-10-16 17:18:24,109 [pool-47-thread-1] INFO  server.RaftServerConfigKeys (ConfUtils.java:logGet(43)) - raft.server.log.statemachine.data.sync = true (default)
2019-10-16 17:18:24,108 [pool-107-thread-1] INFO  server.RaftServerConfigKeys (ConfUtils.java:logGet(43)) - raft.server.log.queue.element-limit = 1024 (custom)
2019-10-16 17:18:24,109 [pool-47-thread-1] INFO  server.RaftServerConfigKeys (ConfUtils.java:logGet(43)) - raft.server.log.statemachine.data.sync.timeout = 10s (default)
2019-10-16 17:18:24,109 [pool-57-thread-1] INFO  server.RaftServerConfigKeys (ConfUtils.java:logGet(43)) - raft.server.log.queue.byte-limit = 2147483647 (custom)
2019-10-16 17:18:24,109 [pool-47-thread-1] INFO  server.RaftServerConfigKeys (ConfUtils.java:logGet(43)) - raft.server.log.statemachine.data.sync.timeout.retry = -1 (default)
2019-10-16 17:18:24,109 [pool-107-thread-1] INFO  server.RaftServerConfigKeys (ConfUtils.java:logGet(43)) - raft.server.log.segment.size.max = 1048576 (custom)
2019-10-16 17:18:24,109 [pool-57-thread-1] INFO  server.RaftServerConfigKeys (ConfUtils.java:logGet(43)) - raft.server.log.queue.element-limit = 1024 (custom)
2019-10-16 17:18:24,110 [pool-47-thread-1] INFO  server.RaftServerConfigKeys (ConfUtils.java:logGet(43)) - raft.server.log.statemachine.data.caching.enabled = true (custom)
2019-10-16 17:18:24,109 [pool-107-thread-1] INFO  server.RaftServerConfigKeys (ConfUtils.java:logGet(43)) - raft.server.log.preallocated.size = 16384 (custom)
2019-10-16 17:18:24,110 [pool-57-thread-1] INFO  server.RaftServerConfigKeys (ConfUtils.java:logGet(43)) - raft.server.log.segment.size.max = 1048576 (custom)
2019-10-16 17:18:24,110 [pool-107-thread-1] INFO  server.RaftServerConfigKeys (ConfUtils.java:logGet(43)) - raft.server.log.write.buffer.size = 33554432 (custom)
2019-10-16 17:18:24,110 [pool-57-thread-1] INFO  server.RaftServerConfigKeys (ConfUtils.java:logGet(43)) - raft.server.log.preallocated.size = 16384 (custom)
2019-10-16 17:18:24,110 [pool-47-thread-1] INFO  segmented.SegmentedRaftLogWorker (SegmentedRaftLogWorker.java:lambda$new$0(128)) - 402b0372-4819-4934-806f-9fa0520739e8@group-E4D141D357F7-SegmentedRaftLogWorker: flushIndex: setUnconditionally 0 -> -1
2019-10-16 17:18:24,110 [pool-57-thread-1] INFO  server.RaftServerConfigKeys (ConfUtils.java:logGet(43)) - raft.server.log.write.buffer.size = 33554432 (custom)
2019-10-16 17:18:24,110 [pool-107-thread-1] INFO  server.RaftServerConfigKeys (ConfUtils.java:logGet(43)) - raft.server.log.force.sync.num = 128 (default)
2019-10-16 17:18:24,110 [pool-47-thread-1] INFO  server.RaftServerConfigKeys (ConfUtils.java:logGet(43)) - raft.server.snapshot.auto.trigger.enabled = true (custom)
2019-10-16 17:18:24,111 [pool-107-thread-1] INFO  server.RaftServerConfigKeys (ConfUtils.java:logGet(43)) - raft.server.log.statemachine.data.sync = true (default)
2019-10-16 17:18:24,110 [pool-57-thread-1] INFO  server.RaftServerConfigKeys (ConfUtils.java:logGet(43)) - raft.server.log.force.sync.num = 128 (default)
2019-10-16 17:18:24,111 [pool-107-thread-1] INFO  server.RaftServerConfigKeys (ConfUtils.java:logGet(43)) - raft.server.log.statemachine.data.sync.timeout = 10s (default)
2019-10-16 17:18:24,111 [pool-47-thread-1] INFO  server.RaftServerConfigKeys (ConfUtils.java:logGet(43)) - raft.server.snapshot.auto.trigger.threshold = 10000 (custom)
2019-10-16 17:18:24,111 [pool-107-thread-1] INFO  server.RaftServerConfigKeys (ConfUtils.java:logGet(43)) - raft.server.log.statemachine.data.sync.timeout.retry = -1 (default)
2019-10-16 17:18:24,111 [pool-57-thread-1] INFO  server.RaftServerConfigKeys (ConfUtils.java:logGet(43)) - raft.server.log.statemachine.data.sync = true (default)
2019-10-16 17:18:24,111 [pool-107-thread-1] INFO  server.RaftServerConfigKeys (ConfUtils.java:logGet(43)) - raft.server.log.statemachine.data.caching.enabled = true (custom)
2019-10-16 17:18:24,111 [pool-47-thread-1] INFO  server.RaftServerConfigKeys (ConfUtils.java:logGet(43)) - raft.server.snapshot.retention.file.num = 5 (custom)
2019-10-16 17:18:24,111 [pool-57-thread-1] INFO  server.RaftServerConfigKeys (ConfUtils.java:logGet(43)) - raft.server.log.statemachine.data.sync.timeout = 10s (default)
2019-10-16 17:18:24,112 [pool-47-thread-1] INFO  server.RaftServerConfigKeys (ConfUtils.java:logGet(43)) - raft.server.retrycache.expirytime = 600000ms (custom)
2019-10-16 17:18:24,111 [pool-107-thread-1] INFO  segmented.SegmentedRaftLogWorker (SegmentedRaftLogWorker.java:lambda$new$0(128)) - 39efc1e0-b8a0-46ae-8203-75644d0567c7@group-E4D141D357F7-SegmentedRaftLogWorker: flushIndex: setUnconditionally 0 -> -1
2019-10-16 17:18:24,112 [pool-57-thread-1] INFO  server.RaftServerConfigKeys (ConfUtils.java:logGet(43)) - raft.server.log.statemachine.data.sync.timeout.retry = -1 (default)
2019-10-16 17:18:24,112 [pool-107-thread-1] INFO  server.RaftServerConfigKeys (ConfUtils.java:logGet(43)) - raft.server.snapshot.auto.trigger.enabled = true (custom)
2019-10-16 17:18:24,112 [pool-107-thread-1] INFO  server.RaftServerConfigKeys (ConfUtils.java:logGet(43)) - raft.server.snapshot.auto.trigger.threshold = 10000 (custom)
2019-10-16 17:18:24,112 [pool-57-thread-1] INFO  server.RaftServerConfigKeys (ConfUtils.java:logGet(43)) - raft.server.log.statemachine.data.caching.enabled = true (custom)
2019-10-16 17:18:24,112 [pool-107-thread-1] INFO  server.RaftServerConfigKeys (ConfUtils.java:logGet(43)) - raft.server.snapshot.retention.file.num = 5 (custom)
2019-10-16 17:18:24,112 [pool-107-thread-1] INFO  server.RaftServerConfigKeys (ConfUtils.java:logGet(43)) - raft.server.retrycache.expirytime = 600000ms (custom)
2019-10-16 17:18:24,113 [pool-57-thread-1] INFO  segmented.SegmentedRaftLogWorker (SegmentedRaftLogWorker.java:lambda$new$0(128)) - 69c8fc0c-292c-4f2f-ab72-f8d3161c7a9e@group-E4D141D357F7-SegmentedRaftLogWorker: flushIndex: setUnconditionally 0 -> -1
2019-10-16 17:18:24,113 [pool-57-thread-1] INFO  server.RaftServerConfigKeys (ConfUtils.java:logGet(43)) - raft.server.snapshot.auto.trigger.enabled = true (custom)
2019-10-16 17:18:24,113 [pool-57-thread-1] INFO  server.RaftServerConfigKeys (ConfUtils.java:logGet(43)) - raft.server.snapshot.auto.trigger.threshold = 10000 (custom)
2019-10-16 17:18:24,113 [pool-57-thread-1] INFO  server.RaftServerConfigKeys (ConfUtils.java:logGet(43)) - raft.server.snapshot.retention.file.num = 5 (custom)
2019-10-16 17:18:24,113 [pool-57-thread-1] INFO  server.RaftServerConfigKeys (ConfUtils.java:logGet(43)) - raft.server.retrycache.expirytime = 600000ms (custom)
2019-10-16 17:18:24,116 [pool-47-thread-1] INFO  impl.RaftServerImpl (RaftServerImpl.java:start(181)) - 402b0372-4819-4934-806f-9fa0520739e8@group-E4D141D357F7: start as a follower, conf=-1: [39efc1e0-b8a0-46ae-8203-75644d0567c7:192.168.69.90:37505, 402b0372-4819-4934-806f-9fa0520739e8:192.168.69.90:42033, 69c8fc0c-292c-4f2f-ab72-f8d3161c7a9e:192.168.69.90:46799], old=null
2019-10-16 17:18:24,116 [pool-107-thread-1] INFO  impl.RaftServerImpl (RaftServerImpl.java:start(181)) - 39efc1e0-b8a0-46ae-8203-75644d0567c7@group-E4D141D357F7: start as a follower, conf=-1: [39efc1e0-b8a0-46ae-8203-75644d0567c7:192.168.69.90:37505, 402b0372-4819-4934-806f-9fa0520739e8:192.168.69.90:42033, 69c8fc0c-292c-4f2f-ab72-f8d3161c7a9e:192.168.69.90:46799], old=null
2019-10-16 17:18:24,116 [pool-47-thread-1] INFO  impl.RaftServerImpl (RaftServerImpl.java:setRole(170)) - 402b0372-4819-4934-806f-9fa0520739e8@group-E4D141D357F7: changes role from      null to FOLLOWER at term 0 for startAsFollower
2019-10-16 17:18:24,116 [pool-107-thread-1] INFO  impl.RaftServerImpl (RaftServerImpl.java:setRole(170)) - 39efc1e0-b8a0-46ae-8203-75644d0567c7@group-E4D141D357F7: changes role from      null to FOLLOWER at term 0 for startAsFollower
2019-10-16 17:18:24,116 [pool-47-thread-1] INFO  impl.RoleInfo (RoleInfo.java:updateAndGet(143)) - 402b0372-4819-4934-806f-9fa0520739e8: start FollowerState
2019-10-16 17:18:24,116 [pool-107-thread-1] INFO  impl.RoleInfo (RoleInfo.java:updateAndGet(143)) - 39efc1e0-b8a0-46ae-8203-75644d0567c7: start FollowerState
2019-10-16 17:18:24,116 [pool-47-thread-1] INFO  util.JmxRegister (JmxRegister.java:tryRegister(44)) - Successfully registered JMX Bean with object name Ratis:service=RaftServer,group=group-E4D141D357F7,id=402b0372-4819-4934-806f-9fa0520739e8
2019-10-16 17:18:24,116 [pool-107-thread-1] INFO  util.JmxRegister (JmxRegister.java:tryRegister(44)) - Successfully registered JMX Bean with object name Ratis:service=RaftServer,group=group-E4D141D357F7,id=39efc1e0-b8a0-46ae-8203-75644d0567c7
2019-10-16 17:18:24,117 [pool-57-thread-1] INFO  impl.RaftServerImpl (RaftServerImpl.java:start(181)) - 69c8fc0c-292c-4f2f-ab72-f8d3161c7a9e@group-E4D141D357F7: start as a follower, conf=-1: [39efc1e0-b8a0-46ae-8203-75644d0567c7:192.168.69.90:37505, 402b0372-4819-4934-806f-9fa0520739e8:192.168.69.90:42033, 69c8fc0c-292c-4f2f-ab72-f8d3161c7a9e:192.168.69.90:46799], old=null
2019-10-16 17:18:24,117 [pool-57-thread-1] INFO  impl.RaftServerImpl (RaftServerImpl.java:setRole(170)) - 69c8fc0c-292c-4f2f-ab72-f8d3161c7a9e@group-E4D141D357F7: changes role from      null to FOLLOWER at term 0 for startAsFollower
2019-10-16 17:18:24,117 [pool-57-thread-1] INFO  impl.RoleInfo (RoleInfo.java:updateAndGet(143)) - 69c8fc0c-292c-4f2f-ab72-f8d3161c7a9e: start FollowerState
2019-10-16 17:18:24,117 [pool-57-thread-1] INFO  util.JmxRegister (JmxRegister.java:tryRegister(44)) - Successfully registered JMX Bean with object name Ratis:service=RaftServer,group=group-E4D141D357F7,id=69c8fc0c-292c-4f2f-ab72-f8d3161c7a9e
2019-10-16 17:18:24,143 [RatisPipelineUtilsThread] INFO  pipeline.PipelineStateManager (PipelineStateManager.java:addPipeline(56)) - Created pipeline Pipeline[ Id: 0569b7da-d16a-454e-8373-e4d141d357f7, Nodes: 402b0372-4819-4934-806f-9fa0520739e8{ip: 192.168.69.90, host: pr-hdds-2197-topology-f2j98-1328871761, networkLocation: /default-rack, certSerialId: null}69c8fc0c-292c-4f2f-ab72-f8d3161c7a9e{ip: 192.168.69.90, host: pr-hdds-2197-topology-f2j98-1328871761, networkLocation: /default-rack, certSerialId: null}39efc1e0-b8a0-46ae-8203-75644d0567c7{ip: 192.168.69.90, host: pr-hdds-2197-topology-f2j98-1328871761, networkLocation: /default-rack, certSerialId: null}, Type:RATIS, Factor:THREE, State:OPEN]
2019-10-16 17:18:24,163 [grpc-default-executor-0] INFO  impl.RaftServerProxy (RaftServerProxy.java:addNew(89)) - e2977a6c-6648-46b0-b933-4c020a2bfddc: addNew group-C8506EB59547:[edabc722-9974-498c-890b-46d66b917a65:192.168.69.90:35421, e2977a6c-6648-46b0-b933-4c020a2bfddc:192.168.69.90:34436, 36127643-2c32-4e4d-8f36-0b4a74ca3071:192.168.69.90:34023] returns group-C8506EB59547:java.util.concurrent.CompletableFuture@505b228[Not completed]
2019-10-16 17:18:24,164 [grpc-default-executor-2] INFO  impl.RaftServerProxy (RaftServerProxy.java:addNew(89)) - 36127643-2c32-4e4d-8f36-0b4a74ca3071: addNew group-C8506EB59547:[edabc722-9974-498c-890b-46d66b917a65:192.168.69.90:35421, e2977a6c-6648-46b0-b933-4c020a2bfddc:192.168.69.90:34436, 36127643-2c32-4e4d-8f36-0b4a74ca3071:192.168.69.90:34023] returns group-C8506EB59547:java.util.concurrent.CompletableFuture@19314c2c[Not completed]
2019-10-16 17:18:24,166 [grpc-default-executor-2] INFO  impl.RaftServerProxy (RaftServerProxy.java:addNew(89)) - edabc722-9974-498c-890b-46d66b917a65: addNew group-C8506EB59547:[edabc722-9974-498c-890b-46d66b917a65:192.168.69.90:35421, e2977a6c-6648-46b0-b933-4c020a2bfddc:192.168.69.90:34436, 36127643-2c32-4e4d-8f36-0b4a74ca3071:192.168.69.90:34023] returns group-C8506EB59547:java.util.concurrent.CompletableFuture@28c0daa3[Not completed]
2019-10-16 17:18:24,166 [pool-37-thread-1] INFO  impl.RaftServerImpl (RaftServerImpl.java:<init>(95)) - e2977a6c-6648-46b0-b933-4c020a2bfddc: new RaftServerImpl for group-C8506EB59547:[edabc722-9974-498c-890b-46d66b917a65:192.168.69.90:35421, e2977a6c-6648-46b0-b933-4c020a2bfddc:192.168.69.90:34436, 36127643-2c32-4e4d-8f36-0b4a74ca3071:192.168.69.90:34023] with ContainerStateMachine:uninitialized
2019-10-16 17:18:24,167 [pool-37-thread-1] INFO  server.RaftServerConfigKeys (ConfUtils.java:logGet(43)) - raft.server.rpc.timeout.min = 1s (custom)
2019-10-16 17:18:24,167 [pool-37-thread-1] INFO  server.RaftServerConfigKeys (ConfUtils.java:logGet(43)) - raft.server.rpc.timeout.max = 1200ms (custom)
2019-10-16 17:18:24,167 [pool-117-thread-1] INFO  impl.RaftServerImpl (RaftServerImpl.java:<init>(95)) - edabc722-9974-498c-890b-46d66b917a65: new RaftServerImpl for group-C8506EB59547:[edabc722-9974-498c-890b-46d66b917a65:192.168.69.90:35421, e2977a6c-6648-46b0-b933-4c020a2bfddc:192.168.69.90:34436, 36127643-2c32-4e4d-8f36-0b4a74ca3071:192.168.69.90:34023] with ContainerStateMachine:uninitialized
2019-10-16 17:18:24,167 [pool-37-thread-1] INFO  server.RaftServerConfigKeys (ConfUtils.java:logGet(43)) - raft.server.rpcslowness.timeout = 120s (custom)
2019-10-16 17:18:24,167 [pool-117-thread-1] INFO  server.RaftServerConfigKeys (ConfUtils.java:logGet(43)) - raft.server.rpc.timeout.min = 1s (custom)
2019-10-16 17:18:24,167 [pool-37-thread-1] INFO  server.RaftServerConfigKeys (ConfUtils.java:logGet(43)) - raft.server.sleep.deviation.threshold = 300 (default)
2019-10-16 17:18:24,167 [pool-117-thread-1] INFO  server.RaftServerConfigKeys (ConfUtils.java:logGet(43)) - raft.server.rpc.timeout.max = 1200ms (custom)
2019-10-16 17:18:24,167 [pool-37-thread-1] INFO  server.RaftServerConfigKeys (ConfUtils.java:logGet(43)) - raft.server.log.appender.install.snapshot.enabled = false (custom)
2019-10-16 17:18:24,167 [pool-77-thread-1] INFO  impl.RaftServerImpl (RaftServerImpl.java:<init>(95)) - 36127643-2c32-4e4d-8f36-0b4a74ca3071: new RaftServerImpl for group-C8506EB59547:[edabc722-9974-498c-890b-46d66b917a65:192.168.69.90:35421, e2977a6c-6648-46b0-b933-4c020a2bfddc:192.168.69.90:34436, 36127643-2c32-4e4d-8f36-0b4a74ca3071:192.168.69.90:34023] with ContainerStateMachine:uninitialized
2019-10-16 17:18:24,167 [pool-37-thread-1] INFO  impl.RaftServerImpl (ServerState.java:<init>(103)) - e2977a6c-6648-46b0-b933-4c020a2bfddc@group-C8506EB59547: ConfigurationManager, init=-1: [edabc722-9974-498c-890b-46d66b917a65:192.168.69.90:35421, e2977a6c-6648-46b0-b933-4c020a2bfddc:192.168.69.90:34436, 36127643-2c32-4e4d-8f36-0b4a74ca3071:192.168.69.90:34023], old=null, confs=<EMPTY_MAP>
2019-10-16 17:18:24,167 [pool-117-thread-1] INFO  server.RaftServerConfigKeys (ConfUtils.java:logGet(43)) - raft.server.rpcslowness.timeout = 120s (custom)
2019-10-16 17:18:24,168 [pool-77-thread-1] INFO  server.RaftServerConfigKeys (ConfUtils.java:logGet(43)) - raft.server.rpc.timeout.min = 1s (custom)
2019-10-16 17:18:24,168 [pool-37-thread-1] INFO  server.RaftServerConfigKeys (ConfUtils.java:logGet(43)) - raft.server.storage.dir = [/workdir/hadoop-ozone/integration-test/target/test-dir/MiniOzoneClusterImpl-1b119847-9446-4130-a6ab-c741bf0ba7df/datanode-1/data/ratis] (custom)
2019-10-16 17:18:24,168 [pool-117-thread-1] INFO  server.RaftServerConfigKeys (ConfUtils.java:logGet(43)) - raft.server.sleep.deviation.threshold = 300 (default)
2019-10-16 17:18:24,168 [pool-77-thread-1] INFO  server.RaftServerConfigKeys (ConfUtils.java:logGet(43)) - raft.server.rpc.timeout.max = 1200ms (custom)
2019-10-16 17:18:24,168 [pool-117-thread-1] INFO  server.RaftServerConfigKeys (ConfUtils.java:logGet(43)) - raft.server.log.appender.install.snapshot.enabled = false (custom)
2019-10-16 17:18:24,168 [pool-37-thread-1] INFO  server.RaftServerConfigKeys (ConfUtils.java:logGet(43)) - raft.server.log.corruption.policy = EXCEPTION (default)
2019-10-16 17:18:24,168 [pool-117-thread-1] INFO  impl.RaftServerImpl (ServerState.java:<init>(103)) - edabc722-9974-498c-890b-46d66b917a65@group-C8506EB59547: ConfigurationManager, init=-1: [edabc722-9974-498c-890b-46d66b917a65:192.168.69.90:35421, e2977a6c-6648-46b0-b933-4c020a2bfddc:192.168.69.90:34436, 36127643-2c32-4e4d-8f36-0b4a74ca3071:192.168.69.90:34023], old=null, confs=<EMPTY_MAP>
2019-10-16 17:18:24,168 [pool-77-thread-1] INFO  server.RaftServerConfigKeys (ConfUtils.java:logGet(43)) - raft.server.rpcslowness.timeout = 120s (custom)
2019-10-16 17:18:24,168 [pool-37-thread-1] INFO  storage.RaftStorageDirectory (RaftStorageDirectory.java:analyzeStorage(246)) - The storage directory /workdir/hadoop-ozone/integration-test/target/test-dir/MiniOzoneClusterImpl-1b119847-9446-4130-a6ab-c741bf0ba7df/datanode-1/data/ratis/6feb2f47-d62f-4fef-8cd9-c8506eb59547 does not exist. Creating ...
2019-10-16 17:18:24,168 [pool-117-thread-1] INFO  server.RaftServerConfigKeys (ConfUtils.java:logGet(43)) - raft.server.storage.dir = [/workdir/hadoop-ozone/integration-test/target/test-dir/MiniOzoneClusterImpl-1b119847-9446-4130-a6ab-c741bf0ba7df/datanode-9/data/ratis] (custom)
2019-10-16 17:18:24,168 [pool-77-thread-1] INFO  server.RaftServerConfigKeys (ConfUtils.java:logGet(43)) - raft.server.sleep.deviation.threshold = 300 (default)
2019-10-16 17:18:24,169 [pool-77-thread-1] INFO  server.RaftServerConfigKeys (ConfUtils.java:logGet(43)) - raft.server.log.appender.install.snapshot.enabled = false (custom)
2019-10-16 17:18:24,169 [pool-117-thread-1] INFO  server.RaftServerConfigKeys (ConfUtils.java:logGet(43)) - raft.server.log.corruption.policy = EXCEPTION (default)
2019-10-16 17:18:24,169 [pool-77-thread-1] INFO  impl.RaftServerImpl (ServerState.java:<init>(103)) - 36127643-2c32-4e4d-8f36-0b4a74ca3071@group-C8506EB59547: ConfigurationManager, init=-1: [edabc722-9974-498c-890b-46d66b917a65:192.168.69.90:35421, e2977a6c-6648-46b0-b933-4c020a2bfddc:192.168.69.90:34436, 36127643-2c32-4e4d-8f36-0b4a74ca3071:192.168.69.90:34023], old=null, confs=<EMPTY_MAP>
2019-10-16 17:18:24,169 [pool-117-thread-1] INFO  storage.RaftStorageDirectory (RaftStorageDirectory.java:analyzeStorage(246)) - The storage directory /workdir/hadoop-ozone/integration-test/target/test-dir/MiniOzoneClusterImpl-1b119847-9446-4130-a6ab-c741bf0ba7df/datanode-9/data/ratis/6feb2f47-d62f-4fef-8cd9-c8506eb59547 does not exist. Creating ...
2019-10-16 17:18:24,169 [pool-77-thread-1] INFO  server.RaftServerConfigKeys (ConfUtils.java:logGet(43)) - raft.server.storage.dir = [/workdir/hadoop-ozone/integration-test/target/test-dir/MiniOzoneClusterImpl-1b119847-9446-4130-a6ab-c741bf0ba7df/datanode-5/data/ratis] (custom)
2019-10-16 17:18:24,169 [pool-77-thread-1] INFO  server.RaftServerConfigKeys (ConfUtils.java:logGet(43)) - raft.server.log.corruption.policy = EXCEPTION (default)
2019-10-16 17:18:24,169 [pool-77-thread-1] INFO  storage.RaftStorageDirectory (RaftStorageDirectory.java:analyzeStorage(246)) - The storage directory /workdir/hadoop-ozone/integration-test/target/test-dir/MiniOzoneClusterImpl-1b119847-9446-4130-a6ab-c741bf0ba7df/datanode-5/data/ratis/6feb2f47-d62f-4fef-8cd9-c8506eb59547 does not exist. Creating ...
2019-10-16 17:18:24,182 [pool-77-thread-1] INFO  storage.RaftStorageDirectory (RaftStorageDirectory.java:tryLock(328)) - Lock on /workdir/hadoop-ozone/integration-test/target/test-dir/MiniOzoneClusterImpl-1b119847-9446-4130-a6ab-c741bf0ba7df/datanode-5/data/ratis/6feb2f47-d62f-4fef-8cd9-c8506eb59547/in_use.lock acquired by nodename 18778@pr-hdds-2197-topology-f2j98-1328871761
2019-10-16 17:18:24,182 [pool-117-thread-1] INFO  storage.RaftStorageDirectory (RaftStorageDirectory.java:tryLock(328)) - Lock on /workdir/hadoop-ozone/integration-test/target/test-dir/MiniOzoneClusterImpl-1b119847-9446-4130-a6ab-c741bf0ba7df/datanode-9/data/ratis/6feb2f47-d62f-4fef-8cd9-c8506eb59547/in_use.lock acquired by nodename 18778@pr-hdds-2197-topology-f2j98-1328871761
2019-10-16 17:18:24,182 [pool-37-thread-1] INFO  storage.RaftStorageDirectory (RaftStorageDirectory.java:tryLock(328)) - Lock on /workdir/hadoop-ozone/integration-test/target/test-dir/MiniOzoneClusterImpl-1b119847-9446-4130-a6ab-c741bf0ba7df/datanode-1/data/ratis/6feb2f47-d62f-4fef-8cd9-c8506eb59547/in_use.lock acquired by nodename 18778@pr-hdds-2197-topology-f2j98-1328871761
2019-10-16 17:18:24,217 [pool-117-thread-1] INFO  storage.RaftStorage (RaftStorage.java:format(84)) - Storage directory /workdir/hadoop-ozone/integration-test/target/test-dir/MiniOzoneClusterImpl-1b119847-9446-4130-a6ab-c741bf0ba7df/datanode-9/data/ratis/6feb2f47-d62f-4fef-8cd9-c8506eb59547 has been successfully formatted.
2019-10-16 17:18:24,217 [pool-77-thread-1] INFO  storage.RaftStorage (RaftStorage.java:format(84)) - Storage directory /workdir/hadoop-ozone/integration-test/target/test-dir/MiniOzoneClusterImpl-1b119847-9446-4130-a6ab-c741bf0ba7df/datanode-5/data/ratis/6feb2f47-d62f-4fef-8cd9-c8506eb59547 has been successfully formatted.
2019-10-16 17:18:24,217 [pool-37-thread-1] INFO  storage.RaftStorage (RaftStorage.java:format(84)) - Storage directory /workdir/hadoop-ozone/integration-test/target/test-dir/MiniOzoneClusterImpl-1b119847-9446-4130-a6ab-c741bf0ba7df/datanode-1/data/ratis/6feb2f47-d62f-4fef-8cd9-c8506eb59547 has been successfully formatted.
2019-10-16 17:18:24,218 [pool-117-thread-1] INFO  ratis.ContainerStateMachine (ContainerStateMachine.java:loadSnapshot(231)) - group-C8506EB59547: The snapshot info is null. Setting the last applied indexto:(t:0, i:~)
2019-10-16 17:18:24,218 [pool-77-thread-1] INFO  ratis.ContainerStateMachine (ContainerStateMachine.java:loadSnapshot(231)) - group-C8506EB59547: The snapshot info is null. Setting the last applied indexto:(t:0, i:~)
2019-10-16 17:18:24,218 [pool-37-thread-1] INFO  ratis.ContainerStateMachine (ContainerStateMachine.java:loadSnapshot(231)) - group-C8506EB59547: The snapshot info is null. Setting the last applied indexto:(t:0, i:~)
2019-10-16 17:18:24,218 [pool-77-thread-1] INFO  server.RaftServerConfigKeys (ConfUtils.java:logGet(43)) - raft.server.notification.no-leader.timeout = 120s (custom)
2019-10-16 17:18:24,218 [pool-117-thread-1] INFO  server.RaftServerConfigKeys (ConfUtils.java:logGet(43)) - raft.server.notification.no-leader.timeout = 120s (custom)
2019-10-16 17:18:24,219 [pool-77-thread-1] INFO  server.RaftServerConfigKeys (ConfUtils.java:logGet(43)) - raft.server.log.use.memory = false (default)
2019-10-16 17:18:24,219 [pool-37-thread-1] INFO  server.RaftServerConfigKeys (ConfUtils.java:logGet(43)) - raft.server.notification.no-leader.timeout = 120s (custom)
2019-10-16 17:18:24,219 [pool-77-thread-1] INFO  server.RaftServerConfigKeys (ConfUtils.java:logGet(43)) - raft.server.log.purge.gap = 1000000 (custom)
2019-10-16 17:18:24,219 [pool-117-thread-1] INFO  server.RaftServerConfigKeys (ConfUtils.java:logGet(43)) - raft.server.log.use.memory = false (default)
2019-10-16 17:18:24,219 [pool-77-thread-1] INFO  server.RaftServerConfigKeys (ConfUtils.java:logGet(43)) - raft.server.log.appender.buffer.byte-limit = 33554432 (custom)
2019-10-16 17:18:24,219 [pool-37-thread-1] INFO  server.RaftServerConfigKeys (ConfUtils.java:logGet(43)) - raft.server.log.use.memory = false (default)
2019-10-16 17:18:24,219 [pool-77-thread-1] INFO  server.RaftServerConfigKeys (ConfUtils.java:logGet(43)) - raft.server.log.segment.size.max = 1048576 (custom)
2019-10-16 17:18:24,219 [pool-117-thread-1] INFO  server.RaftServerConfigKeys (ConfUtils.java:logGet(43)) - raft.server.log.purge.gap = 1000000 (custom)
2019-10-16 17:18:24,220 [pool-77-thread-1] INFO  server.RaftServerConfigKeys (ConfUtils.java:logGet(43)) - raft.server.log.segment.cache.num.max = 2 (custom)
2019-10-16 17:18:24,220 [pool-37-thread-1] INFO  server.RaftServerConfigKeys (ConfUtils.java:logGet(43)) - raft.server.log.purge.gap = 1000000 (custom)
2019-10-16 17:18:24,220 [pool-77-thread-1] INFO  segmented.SegmentedRaftLogWorker (SegmentedRaftLogWorker.java:<init>(173)) - new 36127643-2c32-4e4d-8f36-0b4a74ca3071@group-C8506EB59547-SegmentedRaftLogWorker for RaftStorage:Storage Directory /workdir/hadoop-ozone/integration-test/target/test-dir/MiniOzoneClusterImpl-1b119847-9446-4130-a6ab-c741bf0ba7df/datanode-5/data/ratis/6feb2f47-d62f-4fef-8cd9-c8506eb59547
2019-10-16 17:18:24,220 [pool-117-thread-1] INFO  server.RaftServerConfigKeys (ConfUtils.java:logGet(43)) - raft.server.log.appender.buffer.byte-limit = 33554432 (custom)
2019-10-16 17:18:24,220 [pool-77-thread-1] INFO  server.RaftServerConfigKeys (ConfUtils.java:logGet(43)) - raft.server.log.queue.byte-limit = 2147483647 (custom)
2019-10-16 17:18:24,220 [pool-37-thread-1] INFO  server.RaftServerConfigKeys (ConfUtils.java:logGet(43)) - raft.server.log.appender.buffer.byte-limit = 33554432 (custom)
2019-10-16 17:18:24,220 [pool-77-thread-1] INFO  server.RaftServerConfigKeys (ConfUtils.java:logGet(43)) - raft.server.log.queue.element-limit = 1024 (custom)
2019-10-16 17:18:24,220 [pool-117-thread-1] INFO  server.RaftServerConfigKeys (ConfUtils.java:logGet(43)) - raft.server.log.segment.size.max = 1048576 (custom)
2019-10-16 17:18:24,221 [pool-77-thread-1] INFO  server.RaftServerConfigKeys (ConfUtils.java:logGet(43)) - raft.server.log.segment.size.max = 1048576 (custom)
2019-10-16 17:18:24,220 [pool-37-thread-1] INFO  server.RaftServerConfigKeys (ConfUtils.java:logGet(43)) - raft.server.log.segment.size.max = 1048576 (custom)
2019-10-16 17:18:24,221 [pool-77-thread-1] INFO  server.RaftServerConfigKeys (ConfUtils.java:logGet(43)) - raft.server.log.preallocated.size = 16384 (custom)
2019-10-16 17:18:24,221 [pool-117-thread-1] INFO  server.RaftServerConfigKeys (ConfUtils.java:logGet(43)) - raft.server.log.segment.cache.num.max = 2 (custom)
2019-10-16 17:18:24,221 [pool-77-thread-1] INFO  server.RaftServerConfigKeys (ConfUtils.java:logGet(43)) - raft.server.log.write.buffer.size = 33554432 (custom)
2019-10-16 17:18:24,221 [pool-37-thread-1] INFO  server.RaftServerConfigKeys (ConfUtils.java:logGet(43)) - raft.server.log.segment.cache.num.max = 2 (custom)
2019-10-16 17:18:24,221 [pool-77-thread-1] INFO  server.RaftServerConfigKeys (ConfUtils.java:logGet(43)) - raft.server.log.force.sync.num = 128 (default)
2019-10-16 17:18:24,221 [pool-117-thread-1] INFO  segmented.SegmentedRaftLogWorker (SegmentedRaftLogWorker.java:<init>(173)) - new edabc722-9974-498c-890b-46d66b917a65@group-C8506EB59547-SegmentedRaftLogWorker for RaftStorage:Storage Directory /workdir/hadoop-ozone/integration-test/target/test-dir/MiniOzoneClusterImpl-1b119847-9446-4130-a6ab-c741bf0ba7df/datanode-9/data/ratis/6feb2f47-d62f-4fef-8cd9-c8506eb59547
2019-10-16 17:18:24,221 [pool-77-thread-1] INFO  server.RaftServerConfigKeys (ConfUtils.java:logGet(43)) - raft.server.log.statemachine.data.sync = true (default)
2019-10-16 17:18:24,221 [pool-37-thread-1] INFO  segmented.SegmentedRaftLogWorker (SegmentedRaftLogWorker.java:<init>(173)) - new e2977a6c-6648-46b0-b933-4c020a2bfddc@group-C8506EB59547-SegmentedRaftLogWorker for RaftStorage:Storage Directory /workdir/hadoop-ozone/integration-test/target/test-dir/MiniOzoneClusterImpl-1b119847-9446-4130-a6ab-c741bf0ba7df/datanode-1/data/ratis/6feb2f47-d62f-4fef-8cd9-c8506eb59547
2019-10-16 17:18:24,222 [pool-77-thread-1] INFO  server.RaftServerConfigKeys (ConfUtils.java:logGet(43)) - raft.server.log.statemachine.data.sync.timeout = 10s (default)
2019-10-16 17:18:24,222 [pool-117-thread-1] INFO  server.RaftServerConfigKeys (ConfUtils.java:logGet(43)) - raft.server.log.queue.byte-limit = 2147483647 (custom)
2019-10-16 17:18:24,222 [pool-77-thread-1] INFO  server.RaftServerConfigKeys (ConfUtils.java:logGet(43)) - raft.server.log.statemachine.data.sync.timeout.retry = -1 (default)
2019-10-16 17:18:24,222 [pool-37-thread-1] INFO  server.RaftServerConfigKeys (ConfUtils.java:logGet(43)) - raft.server.log.queue.byte-limit = 2147483647 (custom)
2019-10-16 17:18:24,222 [pool-117-thread-1] INFO  server.RaftServerConfigKeys (ConfUtils.java:logGet(43)) - raft.server.log.queue.element-limit = 1024 (custom)
2019-10-16 17:18:24,222 [pool-77-thread-1] INFO  server.RaftServerConfigKeys (ConfUtils.java:logGet(43)) - raft.server.log.statemachine.data.caching.enabled = true (custom)
2019-10-16 17:18:24,222 [pool-37-thread-1] INFO  server.RaftServerConfigKeys (ConfUtils.java:logGet(43)) - raft.server.log.queue.element-limit = 1024 (custom)
2019-10-16 17:18:24,222 [pool-117-thread-1] INFO  server.RaftServerConfigKeys (ConfUtils.java:logGet(43)) - raft.server.log.segment.size.max = 1048576 (custom)
2019-10-16 17:18:24,223 [pool-37-thread-1] INFO  server.RaftServerConfigKeys (ConfUtils.java:logGet(43)) - raft.server.log.segment.size.max = 1048576 (custom)
2019-10-16 17:18:24,223 [pool-77-thread-1] INFO  segmented.SegmentedRaftLogWorker (SegmentedRaftLogWorker.java:lambda$new$0(128)) - 36127643-2c32-4e4d-8f36-0b4a74ca3071@group-C8506EB59547-SegmentedRaftLogWorker: flushIndex: setUnconditionally 0 -> -1
2019-10-16 17:18:24,223 [pool-117-thread-1] INFO  server.RaftServerConfigKeys (ConfUtils.java:logGet(43)) - raft.server.log.preallocated.size = 16384 (custom)
2019-10-16 17:18:24,223 [pool-37-thread-1] INFO  server.RaftServerConfigKeys (ConfUtils.java:logGet(43)) - raft.server.log.preallocated.size = 16384 (custom)
2019-10-16 17:18:24,223 [pool-77-thread-1] INFO  server.RaftServerConfigKeys (ConfUtils.java:logGet(43)) - raft.server.snapshot.auto.trigger.enabled = true (custom)
2019-10-16 17:18:24,223 [pool-117-thread-1] INFO  server.RaftServerConfigKeys (ConfUtils.java:logGet(43)) - raft.server.log.write.buffer.size = 33554432 (custom)
2019-10-16 17:18:24,223 [pool-77-thread-1] INFO  server.RaftServerConfigKeys (ConfUtils.java:logGet(43)) - raft.server.snapshot.auto.trigger.threshold = 10000 (custom)
2019-10-16 17:18:24,223 [pool-37-thread-1] INFO  server.RaftServerConfigKeys (ConfUtils.java:logGet(43)) - raft.server.log.write.buffer.size = 33554432 (custom)
2019-10-16 17:18:24,224 [pool-77-thread-1] INFO  server.RaftServerConfigKeys (ConfUtils.java:logGet(43)) - raft.server.snapshot.retention.file.num = 5 (custom)
2019-10-16 17:18:24,223 [pool-117-thread-1] INFO  server.RaftServerConfigKeys (ConfUtils.java:logGet(43)) - raft.server.log.force.sync.num = 128 (default)
2019-10-16 17:18:24,224 [pool-37-thread-1] INFO  server.RaftServerConfigKeys (ConfUtils.java:logGet(43)) - raft.server.log.force.sync.num = 128 (default)
2019-10-16 17:18:24,224 [pool-117-thread-1] INFO  server.RaftServerConfigKeys (ConfUtils.java:logGet(43)) - raft.server.log.statemachine.data.sync = true (default)
2019-10-16 17:18:24,224 [pool-77-thread-1] INFO  server.RaftServerConfigKeys (ConfUtils.java:logGet(43)) - raft.server.retrycache.expirytime = 600000ms (custom)
2019-10-16 17:18:24,224 [pool-117-thread-1] INFO  server.RaftServerConfigKeys (ConfUtils.java:logGet(43)) - raft.server.log.statemachine.data.sync.timeout = 10s (default)
2019-10-16 17:18:24,224 [pool-37-thread-1] INFO  server.RaftServerConfigKeys (ConfUtils.java:logGet(43)) - raft.server.log.statemachine.data.sync = true (default)
2019-10-16 17:18:24,224 [pool-117-thread-1] INFO  server.RaftServerConfigKeys (ConfUtils.java:logGet(43)) - raft.server.log.statemachine.data.sync.timeout.retry = -1 (default)
2019-10-16 17:18:24,225 [pool-37-thread-1] INFO  server.RaftServerConfigKeys (ConfUtils.java:logGet(43)) - raft.server.log.statemachine.data.sync.timeout = 10s (default)
2019-10-16 17:18:24,225 [pool-37-thread-1] INFO  server.RaftServerConfigKeys (ConfUtils.java:logGet(43)) - raft.server.log.statemachine.data.sync.timeout.retry = -1 (default)
2019-10-16 17:18:24,225 [pool-117-thread-1] INFO  server.RaftServerConfigKeys (ConfUtils.java:logGet(43)) - raft.server.log.statemachine.data.caching.enabled = true (custom)
2019-10-16 17:18:24,225 [pool-37-thread-1] INFO  server.RaftServerConfigKeys (ConfUtils.java:logGet(43)) - raft.server.log.statemachine.data.caching.enabled = true (custom)
2019-10-16 17:18:24,225 [pool-117-thread-1] INFO  segmented.SegmentedRaftLogWorker (SegmentedRaftLogWorker.java:lambda$new$0(128)) - edabc722-9974-498c-890b-46d66b917a65@group-C8506EB59547-SegmentedRaftLogWorker: flushIndex: setUnconditionally 0 -> -1
2019-10-16 17:18:24,225 [pool-37-thread-1] INFO  segmented.SegmentedRaftLogWorker (SegmentedRaftLogWorker.java:lambda$new$0(128)) - e2977a6c-6648-46b0-b933-4c020a2bfddc@group-C8506EB59547-SegmentedRaftLogWorker: flushIndex: setUnconditionally 0 -> -1
2019-10-16 17:18:24,226 [pool-117-thread-1] INFO  server.RaftServerConfigKeys (ConfUtils.java:logGet(43)) - raft.server.snapshot.auto.trigger.enabled = true (custom)
2019-10-16 17:18:24,226 [pool-117-thread-1] INFO  server.RaftServerConfigKeys (ConfUtils.java:logGet(43)) - raft.server.snapshot.auto.trigger.threshold = 10000 (custom)
2019-10-16 17:18:24,226 [pool-37-thread-1] INFO  server.RaftServerConfigKeys (ConfUtils.java:logGet(43)) - raft.server.snapshot.auto.trigger.enabled = true (custom)
2019-10-16 17:18:24,226 [pool-117-thread-1] INFO  server.RaftServerConfigKeys (ConfUtils.java:logGet(43)) - raft.server.snapshot.retention.file.num = 5 (custom)
2019-10-16 17:18:24,226 [pool-37-thread-1] INFO  server.RaftServerConfigKeys (ConfUtils.java:logGet(43)) - raft.server.snapshot.auto.trigger.threshold = 10000 (custom)
2019-10-16 17:18:24,226 [pool-117-thread-1] INFO  server.RaftServerConfigKeys (ConfUtils.java:logGet(43)) - raft.server.retrycache.expirytime = 600000ms (custom)
2019-10-16 17:18:24,226 [pool-37-thread-1] INFO  server.RaftServerConfigKeys (ConfUtils.java:logGet(43)) - raft.server.snapshot.retention.file.num = 5 (custom)
2019-10-16 17:18:24,226 [pool-37-thread-1] INFO  server.RaftServerConfigKeys (ConfUtils.java:logGet(43)) - raft.server.retrycache.expirytime = 600000ms (custom)
2019-10-16 17:18:24,227 [pool-77-thread-1] INFO  impl.RaftServerImpl (RaftServerImpl.java:start(181)) - 36127643-2c32-4e4d-8f36-0b4a74ca3071@group-C8506EB59547: start as a follower, conf=-1: [edabc722-9974-498c-890b-46d66b917a65:192.168.69.90:35421, e2977a6c-6648-46b0-b933-4c020a2bfddc:192.168.69.90:34436, 36127643-2c32-4e4d-8f36-0b4a74ca3071:192.168.69.90:34023], old=null
2019-10-16 17:18:24,227 [pool-77-thread-1] INFO  impl.RaftServerImpl (RaftServerImpl.java:setRole(170)) - 36127643-2c32-4e4d-8f36-0b4a74ca3071@group-C8506EB59547: changes role from      null to FOLLOWER at term 0 for startAsFollower
2019-10-16 17:18:24,227 [pool-77-thread-1] INFO  impl.RoleInfo (RoleInfo.java:updateAndGet(143)) - 36127643-2c32-4e4d-8f36-0b4a74ca3071: start FollowerState
2019-10-16 17:18:24,228 [pool-77-thread-1] INFO  util.JmxRegister (JmxRegister.java:tryRegister(44)) - Successfully registered JMX Bean with object name Ratis:service=RaftServer,group=group-C8506EB59547,id=36127643-2c32-4e4d-8f36-0b4a74ca3071
2019-10-16 17:18:24,229 [pool-117-thread-1] INFO  impl.RaftServerImpl (RaftServerImpl.java:start(181)) - edabc722-9974-498c-890b-46d66b917a65@group-C8506EB59547: start as a follower, conf=-1: [edabc722-9974-498c-890b-46d66b917a65:192.168.69.90:35421, e2977a6c-6648-46b0-b933-4c020a2bfddc:192.168.69.90:34436, 36127643-2c32-4e4d-8f36-0b4a74ca3071:192.168.69.90:34023], old=null
2019-10-16 17:18:24,229 [pool-117-thread-1] INFO  impl.RaftServerImpl (RaftServerImpl.java:setRole(170)) - edabc722-9974-498c-890b-46d66b917a65@group-C8506EB59547: changes role from      null to FOLLOWER at term 0 for startAsFollower
2019-10-16 17:18:24,229 [pool-117-thread-1] INFO  impl.RoleInfo (RoleInfo.java:updateAndGet(143)) - edabc722-9974-498c-890b-46d66b917a65: start FollowerState
2019-10-16 17:18:24,229 [pool-37-thread-1] INFO  impl.RaftServerImpl (RaftServerImpl.java:start(181)) - e2977a6c-6648-46b0-b933-4c020a2bfddc@group-C8506EB59547: start as a follower, conf=-1: [edabc722-9974-498c-890b-46d66b917a65:192.168.69.90:35421, e2977a6c-6648-46b0-b933-4c020a2bfddc:192.168.69.90:34436, 36127643-2c32-4e4d-8f36-0b4a74ca3071:192.168.69.90:34023], old=null
2019-10-16 17:18:24,229 [pool-37-thread-1] INFO  impl.RaftServerImpl (RaftServerImpl.java:setRole(170)) - e2977a6c-6648-46b0-b933-4c020a2bfddc@group-C8506EB59547: changes role from      null to FOLLOWER at term 0 for startAsFollower
2019-10-16 17:18:24,230 [pool-37-thread-1] INFO  impl.RoleInfo (RoleInfo.java:updateAndGet(143)) - e2977a6c-6648-46b0-b933-4c020a2bfddc: start FollowerState
2019-10-16 17:18:24,230 [pool-117-thread-1] INFO  util.JmxRegister (JmxRegister.java:tryRegister(44)) - Successfully registered JMX Bean with object name Ratis:service=RaftServer,group=group-C8506EB59547,id=edabc722-9974-498c-890b-46d66b917a65
2019-10-16 17:18:24,230 [pool-37-thread-1] INFO  util.JmxRegister (JmxRegister.java:tryRegister(44)) - Successfully registered JMX Bean with object name Ratis:service=RaftServer,group=group-C8506EB59547,id=e2977a6c-6648-46b0-b933-4c020a2bfddc
2019-10-16 17:18:24,232 [ce7940c3-cf81-4e60-9959-5d5957212d6b@group-152500D812F1-SegmentedRaftLogWorker] INFO  segmented.SegmentedRaftLogWorker (SegmentedRaftLogWorker.java:execute(574)) - ce7940c3-cf81-4e60-9959-5d5957212d6b@group-152500D812F1-SegmentedRaftLogWorker: created new log segment /workdir/hadoop-ozone/integration-test/target/test-dir/MiniOzoneClusterImpl-1b119847-9446-4130-a6ab-c741bf0ba7df/datanode-0/data/ratis/ac322eed-2cfe-4fb7-9fce-152500d812f1/current/log_inprogress_0
2019-10-16 17:18:24,232 [88f87a5a-1895-478a-a391-44ff176aee59@group-21E0174CBF97-SegmentedRaftLogWorker] INFO  segmented.SegmentedRaftLogWorker (SegmentedRaftLogWorker.java:execute(574)) - 88f87a5a-1895-478a-a391-44ff176aee59@group-21E0174CBF97-SegmentedRaftLogWorker: created new log segment /workdir/hadoop-ozone/integration-test/target/test-dir/MiniOzoneClusterImpl-1b119847-9446-4130-a6ab-c741bf0ba7df/datanode-4/data/ratis/fe709398-7ce7-440a-b632-21e0174cbf97/current/log_inprogress_0
2019-10-16 17:18:24,244 [RatisPipelineUtilsThread] INFO  pipeline.PipelineStateManager (PipelineStateManager.java:addPipeline(56)) - Created pipeline Pipeline[ Id: 6feb2f47-d62f-4fef-8cd9-c8506eb59547, Nodes: e2977a6c-6648-46b0-b933-4c020a2bfddc{ip: 192.168.69.90, host: pr-hdds-2197-topology-f2j98-1328871761, networkLocation: /default-rack, certSerialId: null}edabc722-9974-498c-890b-46d66b917a65{ip: 192.168.69.90, host: pr-hdds-2197-topology-f2j98-1328871761, networkLocation: /default-rack, certSerialId: null}36127643-2c32-4e4d-8f36-0b4a74ca3071{ip: 192.168.69.90, host: pr-hdds-2197-topology-f2j98-1328871761, networkLocation: /default-rack, certSerialId: null}, Type:RATIS, Factor:THREE, State:OPEN]
2019-10-16 17:18:24,353 [Thread-291] INFO  impl.FollowerState (FollowerState.java:run(108)) - e40a46b2-8333-4456-9552-d7e48aaff595@group-811F16552104-FollowerState: change to CANDIDATE, lastRpcTime:1195ms, electionTimeout:1195ms
2019-10-16 17:18:24,353 [Thread-291] INFO  impl.RoleInfo (RoleInfo.java:shutdownFollowerState(121)) - e40a46b2-8333-4456-9552-d7e48aaff595: shutdown FollowerState
2019-10-16 17:18:24,353 [Thread-291] INFO  impl.RaftServerImpl (RaftServerImpl.java:setRole(170)) - e40a46b2-8333-4456-9552-d7e48aaff595@group-811F16552104: changes role from  FOLLOWER to CANDIDATE at term 0 for changeToCandidate
2019-10-16 17:18:24,354 [Thread-291] INFO  impl.RoleInfo (RoleInfo.java:updateAndGet(143)) - e40a46b2-8333-4456-9552-d7e48aaff595: start LeaderElection
2019-10-16 17:18:24,371 [e40a46b2-8333-4456-9552-d7e48aaff595@group-811F16552104-LeaderElection3] INFO  impl.LeaderElection (LeaderElection.java:askForVotes(178)) - e40a46b2-8333-4456-9552-d7e48aaff595@group-811F16552104-LeaderElection3: begin an election at term 1 for -1: [e40a46b2-8333-4456-9552-d7e48aaff595:192.168.69.90:41501], old=null
2019-10-16 17:18:24,376 [e40a46b2-8333-4456-9552-d7e48aaff595@group-811F16552104-LeaderElection3] INFO  impl.RoleInfo (RoleInfo.java:shutdownLeaderElection(134)) - e40a46b2-8333-4456-9552-d7e48aaff595: shutdown LeaderElection
2019-10-16 17:18:24,377 [e40a46b2-8333-4456-9552-d7e48aaff595@group-811F16552104-LeaderElection3] INFO  impl.RaftServerImpl (RaftServerImpl.java:setRole(170)) - e40a46b2-8333-4456-9552-d7e48aaff595@group-811F16552104: changes role from CANDIDATE to LEADER at term 1 for changeToLeader
2019-10-16 17:18:24,377 [e40a46b2-8333-4456-9552-d7e48aaff595@group-811F16552104-LeaderElection3] INFO  impl.RaftServerImpl (ServerState.java:setLeader(255)) - e40a46b2-8333-4456-9552-d7e48aaff595@group-811F16552104: change Leader from null to e40a46b2-8333-4456-9552-d7e48aaff595 at term 1 for becomeLeader, leader elected after 1263ms
2019-10-16 17:18:24,377 [e40a46b2-8333-4456-9552-d7e48aaff595@group-811F16552104-LeaderElection3] INFO  server.RaftServerConfigKeys (ConfUtils.java:logGet(43)) - raft.server.staging.catchup.gap = 1000 (default)
2019-10-16 17:18:24,379 [e40a46b2-8333-4456-9552-d7e48aaff595@group-811F16552104-LeaderElection3] INFO  server.RaftServerConfigKeys (ConfUtils.java:logGet(43)) - raft.server.rpc.sleep.time = 25ms (default)
2019-10-16 17:18:24,379 [e40a46b2-8333-4456-9552-d7e48aaff595@group-811F16552104-LeaderElection3] INFO  server.RaftServerConfigKeys (ConfUtils.java:logGet(43)) - raft.server.write.element-limit = 4096 (default)
2019-10-16 17:18:24,379 [e40a46b2-8333-4456-9552-d7e48aaff595@group-811F16552104-LeaderElection3] INFO  server.RaftServerConfigKeys (ConfUtils.java:logGet(43)) - raft.server.watch.timeout = 10s (default)
2019-10-16 17:18:24,379 [e40a46b2-8333-4456-9552-d7e48aaff595@group-811F16552104-LeaderElection3] INFO  server.RaftServerConfigKeys (ConfUtils.java:logGet(43)) - raft.server.watch.timeout.denomination = 1s (default)
2019-10-16 17:18:24,379 [e40a46b2-8333-4456-9552-d7e48aaff595@group-811F16552104-LeaderElection3] INFO  server.RaftServerConfigKeys (ConfUtils.java:logGet(43)) - raft.server.watch.element-limit = 65536 (default)
2019-10-16 17:18:24,381 [e40a46b2-8333-4456-9552-d7e48aaff595@group-811F16552104-LeaderElection3] INFO  impl.RoleInfo (RoleInfo.java:updateAndGet(143)) - e40a46b2-8333-4456-9552-d7e48aaff595: start LeaderState
2019-10-16 17:18:24,382 [e40a46b2-8333-4456-9552-d7e48aaff595@group-811F16552104-LeaderElection3] INFO  segmented.SegmentedRaftLogWorker (SegmentedRaftLogWorker.java:startLogSegment(385)) - e40a46b2-8333-4456-9552-d7e48aaff595@group-811F16552104-SegmentedRaftLogWorker: Starting segment from index:0
2019-10-16 17:18:24,382 [e40a46b2-8333-4456-9552-d7e48aaff595@group-811F16552104-LeaderElection3] INFO  impl.RaftServerImpl (ServerState.java:setRaftConf(356)) - e40a46b2-8333-4456-9552-d7e48aaff595@group-811F16552104: set configuration 0: [e40a46b2-8333-4456-9552-d7e48aaff595:192.168.69.90:41501], old=null at 0
2019-10-16 17:18:24,408 [Thread-294] INFO  impl.FollowerState (FollowerState.java:run(108)) - 402b0372-4819-4934-806f-9fa0520739e8@group-E4AF0E84FE0F-FollowerState: change to CANDIDATE, lastRpcTime:1163ms, electionTimeout:1154ms
2019-10-16 17:18:24,408 [Thread-294] INFO  impl.RoleInfo (RoleInfo.java:shutdownFollowerState(121)) - 402b0372-4819-4934-806f-9fa0520739e8: shutdown FollowerState
2019-10-16 17:18:24,409 [Thread-294] INFO  impl.RaftServerImpl (RaftServerImpl.java:setRole(170)) - 402b0372-4819-4934-806f-9fa0520739e8@group-E4AF0E84FE0F: changes role from  FOLLOWER to CANDIDATE at term 0 for changeToCandidate
2019-10-16 17:18:24,409 [Thread-294] INFO  impl.RoleInfo (RoleInfo.java:updateAndGet(143)) - 402b0372-4819-4934-806f-9fa0520739e8: start LeaderElection
2019-10-16 17:18:24,421 [e40a46b2-8333-4456-9552-d7e48aaff595@group-811F16552104-SegmentedRaftLogWorker] INFO  segmented.SegmentedRaftLogWorker (SegmentedRaftLogWorker.java:execute(574)) - e40a46b2-8333-4456-9552-d7e48aaff595@group-811F16552104-SegmentedRaftLogWorker: created new log segment /workdir/hadoop-ozone/integration-test/target/test-dir/MiniOzoneClusterImpl-1b119847-9446-4130-a6ab-c741bf0ba7df/datanode-6/data/ratis/27e58f40-b2f7-4146-b336-811f16552104/current/log_inprogress_0
2019-10-16 17:18:24,421 [402b0372-4819-4934-806f-9fa0520739e8@group-E4AF0E84FE0F-LeaderElection4] INFO  impl.LeaderElection (LeaderElection.java:askForVotes(178)) - 402b0372-4819-4934-806f-9fa0520739e8@group-E4AF0E84FE0F-LeaderElection4: begin an election at term 1 for -1: [402b0372-4819-4934-806f-9fa0520739e8:192.168.69.90:42033], old=null
2019-10-16 17:18:24,422 [402b0372-4819-4934-806f-9fa0520739e8@group-E4AF0E84FE0F-LeaderElection4] INFO  impl.RoleInfo (RoleInfo.java:shutdownLeaderElection(134)) - 402b0372-4819-4934-806f-9fa0520739e8: shutdown LeaderElection
2019-10-16 17:18:24,422 [402b0372-4819-4934-806f-9fa0520739e8@group-E4AF0E84FE0F-LeaderElection4] INFO  impl.RaftServerImpl (RaftServerImpl.java:setRole(170)) - 402b0372-4819-4934-806f-9fa0520739e8@group-E4AF0E84FE0F: changes role from CANDIDATE to LEADER at term 1 for changeToLeader
2019-10-16 17:18:24,422 [402b0372-4819-4934-806f-9fa0520739e8@group-E4AF0E84FE0F-LeaderElection4] INFO  impl.RaftServerImpl (ServerState.java:setLeader(255)) - 402b0372-4819-4934-806f-9fa0520739e8@group-E4AF0E84FE0F: change Leader from null to 402b0372-4819-4934-806f-9fa0520739e8 at term 1 for becomeLeader, leader elected after 1186ms
2019-10-16 17:18:24,422 [402b0372-4819-4934-806f-9fa0520739e8@group-E4AF0E84FE0F-LeaderElection4] INFO  server.RaftServerConfigKeys (ConfUtils.java:logGet(43)) - raft.server.staging.catchup.gap = 1000 (default)
2019-10-16 17:18:24,422 [402b0372-4819-4934-806f-9fa0520739e8@group-E4AF0E84FE0F-LeaderElection4] INFO  server.RaftServerConfigKeys (ConfUtils.java:logGet(43)) - raft.server.rpc.sleep.time = 25ms (default)
2019-10-16 17:18:24,423 [402b0372-4819-4934-806f-9fa0520739e8@group-E4AF0E84FE0F-LeaderElection4] INFO  server.RaftServerConfigKeys (ConfUtils.java:logGet(43)) - raft.server.write.element-limit = 4096 (default)
2019-10-16 17:18:24,423 [402b0372-4819-4934-806f-9fa0520739e8@group-E4AF0E84FE0F-LeaderElection4] INFO  server.RaftServerConfigKeys (ConfUtils.java:logGet(43)) - raft.server.watch.timeout = 10s (default)
2019-10-16 17:18:24,423 [402b0372-4819-4934-806f-9fa0520739e8@group-E4AF0E84FE0F-LeaderElection4] INFO  server.RaftServerConfigKeys (ConfUtils.java:logGet(43)) - raft.server.watch.timeout.denomination = 1s (default)
2019-10-16 17:18:24,423 [402b0372-4819-4934-806f-9fa0520739e8@group-E4AF0E84FE0F-LeaderElection4] INFO  server.RaftServerConfigKeys (ConfUtils.java:logGet(43)) - raft.server.watch.element-limit = 65536 (default)
2019-10-16 17:18:24,426 [402b0372-4819-4934-806f-9fa0520739e8@group-E4AF0E84FE0F-LeaderElection4] INFO  impl.RoleInfo (RoleInfo.java:updateAndGet(143)) - 402b0372-4819-4934-806f-9fa0520739e8: start LeaderState
2019-10-16 17:18:24,427 [402b0372-4819-4934-806f-9fa0520739e8@group-E4AF0E84FE0F-LeaderElection4] INFO  segmented.SegmentedRaftLogWorker (SegmentedRaftLogWorker.java:startLogSegment(385)) - 402b0372-4819-4934-806f-9fa0520739e8@group-E4AF0E84FE0F-SegmentedRaftLogWorker: Starting segment from index:0
2019-10-16 17:18:24,428 [402b0372-4819-4934-806f-9fa0520739e8@group-E4AF0E84FE0F-LeaderElection4] INFO  impl.RaftServerImpl (ServerState.java:setRaftConf(356)) - 402b0372-4819-4934-806f-9fa0520739e8@group-E4AF0E84FE0F: set configuration 0: [402b0372-4819-4934-806f-9fa0520739e8:192.168.69.90:42033], old=null at 0
2019-10-16 17:18:24,466 [402b0372-4819-4934-806f-9fa0520739e8@group-E4AF0E84FE0F-SegmentedRaftLogWorker] INFO  segmented.SegmentedRaftLogWorker (SegmentedRaftLogWorker.java:execute(574)) - 402b0372-4819-4934-806f-9fa0520739e8@group-E4AF0E84FE0F-SegmentedRaftLogWorker: created new log segment /workdir/hadoop-ozone/integration-test/target/test-dir/MiniOzoneClusterImpl-1b119847-9446-4130-a6ab-c741bf0ba7df/datanode-2/data/ratis/fb74c4ff-7afe-47d6-84cb-e4af0e84fe0f/current/log_inprogress_0
2019-10-16 17:18:24,477 [Thread-297] INFO  impl.FollowerState (FollowerState.java:run(108)) - 69c8fc0c-292c-4f2f-ab72-f8d3161c7a9e@group-F8277859770E-FollowerState: change to CANDIDATE, lastRpcTime:1137ms, electionTimeout:1137ms
2019-10-16 17:18:24,477 [Thread-297] INFO  impl.RoleInfo (RoleInfo.java:shutdownFollowerState(121)) - 69c8fc0c-292c-4f2f-ab72-f8d3161c7a9e: shutdown FollowerState
2019-10-16 17:18:24,477 [Thread-297] INFO  impl.RaftServerImpl (RaftServerImpl.java:setRole(170)) - 69c8fc0c-292c-4f2f-ab72-f8d3161c7a9e@group-F8277859770E: changes role from  FOLLOWER to CANDIDATE at term 0 for changeToCandidate
2019-10-16 17:18:24,478 [Thread-297] INFO  impl.RoleInfo (RoleInfo.java:updateAndGet(143)) - 69c8fc0c-292c-4f2f-ab72-f8d3161c7a9e: start LeaderElection
2019-10-16 17:18:24,483 [Thread-300] INFO  impl.FollowerState (FollowerState.java:run(108)) - 39efc1e0-b8a0-46ae-8203-75644d0567c7@group-941A7E3B3D30-FollowerState: change to CANDIDATE, lastRpcTime:1061ms, electionTimeout:1060ms
2019-10-16 17:18:24,484 [Thread-300] INFO  impl.RoleInfo (RoleInfo.java:shutdownFollowerState(121)) - 39efc1e0-b8a0-46ae-8203-75644d0567c7: shutdown FollowerState
2019-10-16 17:18:24,484 [Thread-300] INFO  impl.RaftServerImpl (RaftServerImpl.java:setRole(170)) - 39efc1e0-b8a0-46ae-8203-75644d0567c7@group-941A7E3B3D30: changes role from  FOLLOWER to CANDIDATE at term 0 for changeToCandidate
2019-10-16 17:18:24,484 [Thread-300] INFO  impl.RoleInfo (RoleInfo.java:updateAndGet(143)) - 39efc1e0-b8a0-46ae-8203-75644d0567c7: start LeaderElection
2019-10-16 17:18:24,497 [69c8fc0c-292c-4f2f-ab72-f8d3161c7a9e@group-F8277859770E-LeaderElection5] INFO  impl.LeaderElection (LeaderElection.java:askForVotes(178)) - 69c8fc0c-292c-4f2f-ab72-f8d3161c7a9e@group-F8277859770E-LeaderElection5: begin an election at term 1 for -1: [69c8fc0c-292c-4f2f-ab72-f8d3161c7a9e:192.168.69.90:46799], old=null
2019-10-16 17:18:24,497 [39efc1e0-b8a0-46ae-8203-75644d0567c7@group-941A7E3B3D30-LeaderElection6] INFO  impl.LeaderElection (LeaderElection.java:askForVotes(178)) - 39efc1e0-b8a0-46ae-8203-75644d0567c7@group-941A7E3B3D30-LeaderElection6: begin an election at term 1 for -1: [39efc1e0-b8a0-46ae-8203-75644d0567c7:192.168.69.90:37505], old=null
2019-10-16 17:18:24,497 [69c8fc0c-292c-4f2f-ab72-f8d3161c7a9e@group-F8277859770E-LeaderElection5] INFO  impl.RoleInfo (RoleInfo.java:shutdownLeaderElection(134)) - 69c8fc0c-292c-4f2f-ab72-f8d3161c7a9e: shutdown LeaderElection
2019-10-16 17:18:24,498 [39efc1e0-b8a0-46ae-8203-75644d0567c7@group-941A7E3B3D30-LeaderElection6] INFO  impl.RoleInfo (RoleInfo.java:shutdownLeaderElection(134)) - 39efc1e0-b8a0-46ae-8203-75644d0567c7: shutdown LeaderElection
2019-10-16 17:18:24,498 [69c8fc0c-292c-4f2f-ab72-f8d3161c7a9e@group-F8277859770E-LeaderElection5] INFO  impl.RaftServerImpl (RaftServerImpl.java:setRole(170)) - 69c8fc0c-292c-4f2f-ab72-f8d3161c7a9e@group-F8277859770E: changes role from CANDIDATE to LEADER at term 1 for changeToLeader
2019-10-16 17:18:24,504 [39efc1e0-b8a0-46ae-8203-75644d0567c7@group-941A7E3B3D30-LeaderElection6] INFO  impl.RaftServerImpl (RaftServerImpl.java:setRole(170)) - 39efc1e0-b8a0-46ae-8203-75644d0567c7@group-941A7E3B3D30: changes role from CANDIDATE to LEADER at term 1 for changeToLeader
2019-10-16 17:18:24,504 [69c8fc0c-292c-4f2f-ab72-f8d3161c7a9e@group-F8277859770E-LeaderElection5] INFO  impl.RaftServerImpl (ServerState.java:setLeader(255)) - 69c8fc0c-292c-4f2f-ab72-f8d3161c7a9e@group-F8277859770E: change Leader from null to 69c8fc0c-292c-4f2f-ab72-f8d3161c7a9e at term 1 for becomeLeader, leader elected after 1175ms
2019-10-16 17:18:24,505 [39efc1e0-b8a0-46ae-8203-75644d0567c7@group-941A7E3B3D30-LeaderElection6] INFO  impl.RaftServerImpl (ServerState.java:setLeader(255)) - 39efc1e0-b8a0-46ae-8203-75644d0567c7@group-941A7E3B3D30: change Leader from null to 39efc1e0-b8a0-46ae-8203-75644d0567c7 at term 1 for becomeLeader, leader elected after 1090ms
2019-10-16 17:18:24,506 [69c8fc0c-292c-4f2f-ab72-f8d3161c7a9e@group-F8277859770E-LeaderElection5] INFO  server.RaftServerConfigKeys (ConfUtils.java:logGet(43)) - raft.server.staging.catchup.gap = 1000 (default)
2019-10-16 17:18:24,506 [39efc1e0-b8a0-46ae-8203-75644d0567c7@group-941A7E3B3D30-LeaderElection6] INFO  server.RaftServerConfigKeys (ConfUtils.java:logGet(43)) - raft.server.staging.catchup.gap = 1000 (default)
2019-10-16 17:18:24,506 [69c8fc0c-292c-4f2f-ab72-f8d3161c7a9e@group-F8277859770E-LeaderElection5] INFO  server.RaftServerConfigKeys (ConfUtils.java:logGet(43)) - raft.server.rpc.sleep.time = 25ms (default)
2019-10-16 17:18:24,506 [39efc1e0-b8a0-46ae-8203-75644d0567c7@group-941A7E3B3D30-LeaderElection6] INFO  server.RaftServerConfigKeys (ConfUtils.java:logGet(43)) - raft.server.rpc.sleep.time = 25ms (default)
2019-10-16 17:18:24,506 [69c8fc0c-292c-4f2f-ab72-f8d3161c7a9e@group-F8277859770E-LeaderElection5] INFO  server.RaftServerConfigKeys (ConfUtils.java:logGet(43)) - raft.server.write.element-limit = 4096 (default)
2019-10-16 17:18:24,506 [39efc1e0-b8a0-46ae-8203-75644d0567c7@group-941A7E3B3D30-LeaderElection6] INFO  server.RaftServerConfigKeys (ConfUtils.java:logGet(43)) - raft.server.write.element-limit = 4096 (default)
2019-10-16 17:18:24,506 [69c8fc0c-292c-4f2f-ab72-f8d3161c7a9e@group-F8277859770E-LeaderElection5] INFO  server.RaftServerConfigKeys (ConfUtils.java:logGet(43)) - raft.server.watch.timeout = 10s (default)
2019-10-16 17:18:24,507 [39efc1e0-b8a0-46ae-8203-75644d0567c7@group-941A7E3B3D30-LeaderElection6] INFO  server.RaftServerConfigKeys (ConfUtils.java:logGet(43)) - raft.server.watch.timeout = 10s (default)
2019-10-16 17:18:24,507 [69c8fc0c-292c-4f2f-ab72-f8d3161c7a9e@group-F8277859770E-LeaderElection5] INFO  server.RaftServerConfigKeys (ConfUtils.java:logGet(43)) - raft.server.watch.timeout.denomination = 1s (default)
2019-10-16 17:18:24,507 [39efc1e0-b8a0-46ae-8203-75644d0567c7@group-941A7E3B3D30-LeaderElection6] INFO  server.RaftServerConfigKeys (ConfUtils.java:logGet(43)) - raft.server.watch.timeout.denomination = 1s (default)
2019-10-16 17:18:24,507 [69c8fc0c-292c-4f2f-ab72-f8d3161c7a9e@group-F8277859770E-LeaderElection5] INFO  server.RaftServerConfigKeys (ConfUtils.java:logGet(43)) - raft.server.watch.element-limit = 65536 (default)
2019-10-16 17:18:24,507 [39efc1e0-b8a0-46ae-8203-75644d0567c7@group-941A7E3B3D30-LeaderElection6] INFO  server.RaftServerConfigKeys (ConfUtils.java:logGet(43)) - raft.server.watch.element-limit = 65536 (default)
2019-10-16 17:18:24,511 [69c8fc0c-292c-4f2f-ab72-f8d3161c7a9e@group-F8277859770E-LeaderElection5] INFO  impl.RoleInfo (RoleInfo.java:updateAndGet(143)) - 69c8fc0c-292c-4f2f-ab72-f8d3161c7a9e: start LeaderState
2019-10-16 17:18:24,511 [69c8fc0c-292c-4f2f-ab72-f8d3161c7a9e@group-F8277859770E-LeaderElection5] INFO  segmented.SegmentedRaftLogWorker (SegmentedRaftLogWorker.java:startLogSegment(385)) - 69c8fc0c-292c-4f2f-ab72-f8d3161c7a9e@group-F8277859770E-SegmentedRaftLogWorker: Starting segment from index:0
2019-10-16 17:18:24,512 [69c8fc0c-292c-4f2f-ab72-f8d3161c7a9e@group-F8277859770E-LeaderElection5] INFO  impl.RaftServerImpl (ServerState.java:setRaftConf(356)) - 69c8fc0c-292c-4f2f-ab72-f8d3161c7a9e@group-F8277859770E: set configuration 0: [69c8fc0c-292c-4f2f-ab72-f8d3161c7a9e:192.168.69.90:46799], old=null at 0
2019-10-16 17:18:24,512 [39efc1e0-b8a0-46ae-8203-75644d0567c7@group-941A7E3B3D30-LeaderElection6] INFO  impl.RoleInfo (RoleInfo.java:updateAndGet(143)) - 39efc1e0-b8a0-46ae-8203-75644d0567c7: start LeaderState
2019-10-16 17:18:24,538 [39efc1e0-b8a0-46ae-8203-75644d0567c7@group-941A7E3B3D30-LeaderElection6] INFO  segmented.SegmentedRaftLogWorker (SegmentedRaftLogWorker.java:startLogSegment(385)) - 39efc1e0-b8a0-46ae-8203-75644d0567c7@group-941A7E3B3D30-SegmentedRaftLogWorker: Starting segment from index:0
2019-10-16 17:18:24,538 [39efc1e0-b8a0-46ae-8203-75644d0567c7@group-941A7E3B3D30-LeaderElection6] INFO  impl.RaftServerImpl (ServerState.java:setRaftConf(356)) - 39efc1e0-b8a0-46ae-8203-75644d0567c7@group-941A7E3B3D30: set configuration 0: [39efc1e0-b8a0-46ae-8203-75644d0567c7:192.168.69.90:37505], old=null at 0
2019-10-16 17:18:24,574 [69c8fc0c-292c-4f2f-ab72-f8d3161c7a9e@group-F8277859770E-SegmentedRaftLogWorker] INFO  segmented.SegmentedRaftLogWorker (SegmentedRaftLogWorker.java:execute(574)) - 69c8fc0c-292c-4f2f-ab72-f8d3161c7a9e@group-F8277859770E-SegmentedRaftLogWorker: created new log segment /workdir/hadoop-ozone/integration-test/target/test-dir/MiniOzoneClusterImpl-1b119847-9446-4130-a6ab-c741bf0ba7df/datanode-3/data/ratis/a2f06297-7812-4353-a195-f8277859770e/current/log_inprogress_0
2019-10-16 17:18:24,586 [39efc1e0-b8a0-46ae-8203-75644d0567c7@group-941A7E3B3D30-SegmentedRaftLogWorker] INFO  segmented.SegmentedRaftLogWorker (SegmentedRaftLogWorker.java:execute(574)) - 39efc1e0-b8a0-46ae-8203-75644d0567c7@group-941A7E3B3D30-SegmentedRaftLogWorker: created new log segment /workdir/hadoop-ozone/integration-test/target/test-dir/MiniOzoneClusterImpl-1b119847-9446-4130-a6ab-c741bf0ba7df/datanode-8/data/ratis/93fdfc1f-4055-4377-af39-941a7e3b3d30/current/log_inprogress_0
2019-10-16 17:18:24,601 [Thread-303] INFO  impl.FollowerState (FollowerState.java:run(108)) - e2977a6c-6648-46b0-b933-4c020a2bfddc@group-F661C0BB29F4-FollowerState: change to CANDIDATE, lastRpcTime:1094ms, electionTimeout:1094ms
2019-10-16 17:18:24,601 [Thread-303] INFO  impl.RoleInfo (RoleInfo.java:shutdownFollowerState(121)) - e2977a6c-6648-46b0-b933-4c020a2bfddc: shutdown FollowerState
2019-10-16 17:18:24,601 [Thread-303] INFO  impl.RaftServerImpl (RaftServerImpl.java:setRole(170)) - e2977a6c-6648-46b0-b933-4c020a2bfddc@group-F661C0BB29F4: changes role from  FOLLOWER to CANDIDATE at term 0 for changeToCandidate
2019-10-16 17:18:24,602 [Thread-303] INFO  impl.RoleInfo (RoleInfo.java:updateAndGet(143)) - e2977a6c-6648-46b0-b933-4c020a2bfddc: start LeaderElection
2019-10-16 17:18:24,629 [e2977a6c-6648-46b0-b933-4c020a2bfddc@group-F661C0BB29F4-LeaderElection7] INFO  impl.LeaderElection (LeaderElection.java:askForVotes(178)) - e2977a6c-6648-46b0-b933-4c020a2bfddc@group-F661C0BB29F4-LeaderElection7: begin an election at term 1 for -1: [e2977a6c-6648-46b0-b933-4c020a2bfddc:192.168.69.90:34436], old=null
2019-10-16 17:18:24,633 [e2977a6c-6648-46b0-b933-4c020a2bfddc@group-F661C0BB29F4-LeaderElection7] INFO  impl.RoleInfo (RoleInfo.java:shutdownLeaderElection(134)) - e2977a6c-6648-46b0-b933-4c020a2bfddc: shutdown LeaderElection
2019-10-16 17:18:24,633 [e2977a6c-6648-46b0-b933-4c020a2bfddc@group-F661C0BB29F4-LeaderElection7] INFO  impl.RaftServerImpl (RaftServerImpl.java:setRole(170)) - e2977a6c-6648-46b0-b933-4c020a2bfddc@group-F661C0BB29F4: changes role from CANDIDATE to LEADER at term 1 for changeToLeader
2019-10-16 17:18:24,633 [e2977a6c-6648-46b0-b933-4c020a2bfddc@group-F661C0BB29F4-LeaderElection7] INFO  impl.RaftServerImpl (ServerState.java:setLeader(255)) - e2977a6c-6648-46b0-b933-4c020a2bfddc@group-F661C0BB29F4: change Leader from null to e2977a6c-6648-46b0-b933-4c020a2bfddc at term 1 for becomeLeader, leader elected after 1141ms
2019-10-16 17:18:24,633 [e2977a6c-6648-46b0-b933-4c020a2bfddc@group-F661C0BB29F4-LeaderElection7] INFO  server.RaftServerConfigKeys (ConfUtils.java:logGet(43)) - raft.server.staging.catchup.gap = 1000 (default)
2019-10-16 17:18:24,634 [e2977a6c-6648-46b0-b933-4c020a2bfddc@group-F661C0BB29F4-LeaderElection7] INFO  server.RaftServerConfigKeys (ConfUtils.java:logGet(43)) - raft.server.rpc.sleep.time = 25ms (default)
2019-10-16 17:18:24,634 [e2977a6c-6648-46b0-b933-4c020a2bfddc@group-F661C0BB29F4-LeaderElection7] INFO  server.RaftServerConfigKeys (ConfUtils.java:logGet(43)) - raft.server.write.element-limit = 4096 (default)
2019-10-16 17:18:24,634 [e2977a6c-6648-46b0-b933-4c020a2bfddc@group-F661C0BB29F4-LeaderElection7] INFO  server.RaftServerConfigKeys (ConfUtils.java:logGet(43)) - raft.server.watch.timeout = 10s (default)
2019-10-16 17:18:24,634 [e2977a6c-6648-46b0-b933-4c020a2bfddc@group-F661C0BB29F4-LeaderElection7] INFO  server.RaftServerConfigKeys (ConfUtils.java:logGet(43)) - raft.server.watch.timeout.denomination = 1s (default)
2019-10-16 17:18:24,635 [e2977a6c-6648-46b0-b933-4c020a2bfddc@group-F661C0BB29F4-LeaderElection7] INFO  server.RaftServerConfigKeys (ConfUtils.java:logGet(43)) - raft.server.watch.element-limit = 65536 (default)
2019-10-16 17:18:24,920 [Thread-312] INFO  impl.FollowerState (FollowerState.java:run(108)) - 49a5d9d7-3d07-43ac-8c81-5946fbcf265a@group-94AD2C78D333-FollowerState: change to CANDIDATE, lastRpcTime:1038ms, electionTimeout:1032ms
2019-10-16 17:18:24,941 [Thread-306] INFO  impl.FollowerState (FollowerState.java:run(108)) - edabc722-9974-498c-890b-46d66b917a65@group-5D307CB20D1A-FollowerState: change to CANDIDATE, lastRpcTime:1345ms, electionTimeout:1064ms
2019-10-16 17:18:24,925 [Thread-309] INFO  impl.FollowerState (FollowerState.java:run(108)) - 36127643-2c32-4e4d-8f36-0b4a74ca3071@group-4278CED9C58A-FollowerState: change to CANDIDATE, lastRpcTime:1248ms, electionTimeout:1183ms
2019-10-16 17:18:24,947 [Thread-306] INFO  impl.RoleInfo (RoleInfo.java:shutdownFollowerState(121)) - edabc722-9974-498c-890b-46d66b917a65: shutdown FollowerState
2019-10-16 17:18:24,947 [Thread-312] INFO  impl.RoleInfo (RoleInfo.java:shutdownFollowerState(121)) - 49a5d9d7-3d07-43ac-8c81-5946fbcf265a: shutdown FollowerState
2019-10-16 17:18:24,947 [Thread-309] INFO  impl.RoleInfo (RoleInfo.java:shutdownFollowerState(121)) - 36127643-2c32-4e4d-8f36-0b4a74ca3071: shutdown FollowerState
2019-10-16 17:18:24,950 [Thread-312] INFO  impl.RaftServerImpl (RaftServerImpl.java:setRole(170)) - 49a5d9d7-3d07-43ac-8c81-5946fbcf265a@group-94AD2C78D333: changes role from  FOLLOWER to CANDIDATE at term 0 for changeToCandidate
2019-10-16 17:18:24,950 [Thread-306] INFO  impl.RaftServerImpl (RaftServerImpl.java:setRole(170)) - edabc722-9974-498c-890b-46d66b917a65@group-5D307CB20D1A: changes role from  FOLLOWER to CANDIDATE at term 0 for changeToCandidate
2019-10-16 17:18:24,950 [Thread-309] INFO  impl.RaftServerImpl (RaftServerImpl.java:setRole(170)) - 36127643-2c32-4e4d-8f36-0b4a74ca3071@group-4278CED9C58A: changes role from  FOLLOWER to CANDIDATE at term 0 for changeToCandidate
2019-10-16 17:18:24,954 [Thread-306] INFO  impl.RoleInfo (RoleInfo.java:updateAndGet(143)) - edabc722-9974-498c-890b-46d66b917a65: start LeaderElection
2019-10-16 17:18:24,950 [Thread-312] INFO  impl.RoleInfo (RoleInfo.java:updateAndGet(143)) - 49a5d9d7-3d07-43ac-8c81-5946fbcf265a: start LeaderElection
2019-10-16 17:18:24,957 [Thread-309] INFO  impl.RoleInfo (RoleInfo.java:updateAndGet(143)) - 36127643-2c32-4e4d-8f36-0b4a74ca3071: start LeaderElection
2019-10-16 17:18:24,963 [main] INFO  rpc.RpcClient (RpcClient.java:createVolume(272)) - Creating Volume: datanodefailurehandlingtest, with jenkins1000 as owner.
2019-10-16 17:18:24,972 [e2977a6c-6648-46b0-b933-4c020a2bfddc@group-F661C0BB29F4-LeaderElection7] INFO  impl.RoleInfo (RoleInfo.java:updateAndGet(143)) - e2977a6c-6648-46b0-b933-4c020a2bfddc: start LeaderState
2019-10-16 17:18:24,972 [e2977a6c-6648-46b0-b933-4c020a2bfddc@group-F661C0BB29F4-LeaderElection7] INFO  segmented.SegmentedRaftLogWorker (SegmentedRaftLogWorker.java:startLogSegment(385)) - e2977a6c-6648-46b0-b933-4c020a2bfddc@group-F661C0BB29F4-SegmentedRaftLogWorker: Starting segment from index:0
2019-10-16 17:18:24,973 [e2977a6c-6648-46b0-b933-4c020a2bfddc@group-F661C0BB29F4-LeaderElection7] INFO  impl.RaftServerImpl (ServerState.java:setRaftConf(356)) - e2977a6c-6648-46b0-b933-4c020a2bfddc@group-F661C0BB29F4: set configuration 0: [e2977a6c-6648-46b0-b933-4c020a2bfddc:192.168.69.90:34436], old=null at 0
2019-10-16 17:18:25,007 [Thread-283] INFO  container.ReplicationManager (ReplicationManager.java:start(162)) - Starting Replication Monitor Thread.
2019-10-16 17:18:25,007 [36127643-2c32-4e4d-8f36-0b4a74ca3071@group-4278CED9C58A-LeaderElection10] INFO  impl.LeaderElection (LeaderElection.java:askForVotes(178)) - 36127643-2c32-4e4d-8f36-0b4a74ca3071@group-4278CED9C58A-LeaderElection10: begin an election at term 1 for -1: [36127643-2c32-4e4d-8f36-0b4a74ca3071:192.168.69.90:34023], old=null
2019-10-16 17:18:25,007 [edabc722-9974-498c-890b-46d66b917a65@group-5D307CB20D1A-LeaderElection9] INFO  impl.LeaderElection (LeaderElection.java:askForVotes(178)) - edabc722-9974-498c-890b-46d66b917a65@group-5D307CB20D1A-LeaderElection9: begin an election at term 1 for -1: [edabc722-9974-498c-890b-46d66b917a65:192.168.69.90:35421], old=null
2019-10-16 17:18:25,008 [36127643-2c32-4e4d-8f36-0b4a74ca3071@group-4278CED9C58A-LeaderElection10] INFO  impl.RoleInfo (RoleInfo.java:shutdownLeaderElection(134)) - 36127643-2c32-4e4d-8f36-0b4a74ca3071: shutdown LeaderElection
2019-10-16 17:18:25,007 [49a5d9d7-3d07-43ac-8c81-5946fbcf265a@group-94AD2C78D333-LeaderElection8] INFO  impl.LeaderElection (LeaderElection.java:askForVotes(178)) - 49a5d9d7-3d07-43ac-8c81-5946fbcf265a@group-94AD2C78D333-LeaderElection8: begin an election at term 1 for -1: [49a5d9d7-3d07-43ac-8c81-5946fbcf265a:192.168.69.90:43249], old=null
2019-10-16 17:18:25,015 [36127643-2c32-4e4d-8f36-0b4a74ca3071@group-4278CED9C58A-LeaderElection10] INFO  impl.RaftServerImpl (RaftServerImpl.java:setRole(170)) - 36127643-2c32-4e4d-8f36-0b4a74ca3071@group-4278CED9C58A: changes role from CANDIDATE to LEADER at term 1 for changeToLeader
2019-10-16 17:18:25,008 [edabc722-9974-498c-890b-46d66b917a65@group-5D307CB20D1A-LeaderElection9] INFO  impl.RoleInfo (RoleInfo.java:shutdownLeaderElection(134)) - edabc722-9974-498c-890b-46d66b917a65: shutdown LeaderElection
2019-10-16 17:18:25,016 [36127643-2c32-4e4d-8f36-0b4a74ca3071@group-4278CED9C58A-LeaderElection10] INFO  impl.RaftServerImpl (ServerState.java:setLeader(255)) - 36127643-2c32-4e4d-8f36-0b4a74ca3071@group-4278CED9C58A: change Leader from null to 36127643-2c32-4e4d-8f36-0b4a74ca3071 at term 1 for becomeLeader, leader elected after 1349ms
2019-10-16 17:18:25,016 [49a5d9d7-3d07-43ac-8c81-5946fbcf265a@group-94AD2C78D333-LeaderElection8] INFO  impl.RoleInfo (RoleInfo.java:shutdownLeaderElection(134)) - 49a5d9d7-3d07-43ac-8c81-5946fbcf265a: shutdown LeaderElection
2019-10-16 17:18:25,016 [36127643-2c32-4e4d-8f36-0b4a74ca3071@group-4278CED9C58A-LeaderElection10] INFO  server.RaftServerConfigKeys (ConfUtils.java:logGet(43)) - raft.server.staging.catchup.gap = 1000 (default)
2019-10-16 17:18:25,016 [edabc722-9974-498c-890b-46d66b917a65@group-5D307CB20D1A-LeaderElection9] INFO  impl.RaftServerImpl (RaftServerImpl.java:setRole(170)) - edabc722-9974-498c-890b-46d66b917a65@group-5D307CB20D1A: changes role from CANDIDATE to LEADER at term 1 for changeToLeader
2019-10-16 17:18:25,019 [36127643-2c32-4e4d-8f36-0b4a74ca3071@group-4278CED9C58A-LeaderElection10] INFO  server.RaftServerConfigKeys (ConfUtils.java:logGet(43)) - raft.server.rpc.sleep.time = 25ms (default)
2019-10-16 17:18:25,019 [49a5d9d7-3d07-43ac-8c81-5946fbcf265a@group-94AD2C78D333-LeaderElection8] INFO  impl.RaftServerImpl (RaftServerImpl.java:setRole(170)) - 49a5d9d7-3d07-43ac-8c81-5946fbcf265a@group-94AD2C78D333: changes role from CANDIDATE to LEADER at term 1 for changeToLeader
2019-10-16 17:18:25,019 [edabc722-9974-498c-890b-46d66b917a65@group-5D307CB20D1A-LeaderElection9] INFO  impl.RaftServerImpl (ServerState.java:setLeader(255)) - edabc722-9974-498c-890b-46d66b917a65@group-5D307CB20D1A: change Leader from null to edabc722-9974-498c-890b-46d66b917a65 at term 1 for becomeLeader, leader elected after 1430ms
2019-10-16 17:18:25,019 [49a5d9d7-3d07-43ac-8c81-5946fbcf265a@group-94AD2C78D333-LeaderElection8] INFO  impl.RaftServerImpl (ServerState.java:setLeader(255)) - 49a5d9d7-3d07-43ac-8c81-5946fbcf265a@group-94AD2C78D333: change Leader from null to 49a5d9d7-3d07-43ac-8c81-5946fbcf265a at term 1 for becomeLeader, leader elected after 1149ms
2019-10-16 17:18:25,019 [36127643-2c32-4e4d-8f36-0b4a74ca3071@group-4278CED9C58A-LeaderElection10] INFO  server.RaftServerConfigKeys (ConfUtils.java:logGet(43)) - raft.server.write.element-limit = 4096 (default)
2019-10-16 17:18:25,020 [49a5d9d7-3d07-43ac-8c81-5946fbcf265a@group-94AD2C78D333-LeaderElection8] INFO  server.RaftServerConfigKeys (ConfUtils.java:logGet(43)) - raft.server.staging.catchup.gap = 1000 (default)
2019-10-16 17:18:25,019 [edabc722-9974-498c-890b-46d66b917a65@group-5D307CB20D1A-LeaderElection9] INFO  server.RaftServerConfigKeys (ConfUtils.java:logGet(43)) - raft.server.staging.catchup.gap = 1000 (default)
2019-10-16 17:18:25,019 [ReplicationMonitor] INFO  container.ReplicationManager (ReplicationManager.java:run(225)) - Replication Monitor Thread took 1 milliseconds for processing 0 containers.
2019-10-16 17:18:25,020 [edabc722-9974-498c-890b-46d66b917a65@group-5D307CB20D1A-LeaderElection9] INFO  server.RaftServerConfigKeys (ConfUtils.java:logGet(43)) - raft.server.rpc.sleep.time = 25ms (default)
2019-10-16 17:18:25,020 [49a5d9d7-3d07-43ac-8c81-5946fbcf265a@group-94AD2C78D333-LeaderElection8] INFO  server.RaftServerConfigKeys (ConfUtils.java:logGet(43)) - raft.server.rpc.sleep.time = 25ms (default)
2019-10-16 17:18:25,020 [36127643-2c32-4e4d-8f36-0b4a74ca3071@group-4278CED9C58A-LeaderElection10] INFO  server.RaftServerConfigKeys (ConfUtils.java:logGet(43)) - raft.server.watch.timeout = 10s (default)
2019-10-16 17:18:25,020 [e2977a6c-6648-46b0-b933-4c020a2bfddc@group-F661C0BB29F4-SegmentedRaftLogWorker] INFO  segmented.SegmentedRaftLogWorker (SegmentedRaftLogWorker.java:execute(574)) - e2977a6c-6648-46b0-b933-4c020a2bfddc@group-F661C0BB29F4-SegmentedRaftLogWorker: created new log segment /workdir/hadoop-ozone/integration-test/target/test-dir/MiniOzoneClusterImpl-1b119847-9446-4130-a6ab-c741bf0ba7df/datanode-1/data/ratis/2c8c3796-08bc-409c-85ba-f661c0bb29f4/current/log_inprogress_0
2019-10-16 17:18:25,020 [36127643-2c32-4e4d-8f36-0b4a74ca3071@group-4278CED9C58A-LeaderElection10] INFO  server.RaftServerConfigKeys (ConfUtils.java:logGet(43)) - raft.server.watch.timeout.denomination = 1s (default)
2019-10-16 17:18:25,020 [49a5d9d7-3d07-43ac-8c81-5946fbcf265a@group-94AD2C78D333-LeaderElection8] INFO  server.RaftServerConfigKeys (ConfUtils.java:logGet(43)) - raft.server.write.element-limit = 4096 (default)
2019-10-16 17:18:25,020 [edabc722-9974-498c-890b-46d66b917a65@group-5D307CB20D1A-LeaderElection9] INFO  server.RaftServerConfigKeys (ConfUtils.java:logGet(43)) - raft.server.write.element-limit = 4096 (default)
2019-10-16 17:18:25,021 [49a5d9d7-3d07-43ac-8c81-5946fbcf265a@group-94AD2C78D333-LeaderElection8] INFO  server.RaftServerConfigKeys (ConfUtils.java:logGet(43)) - raft.server.watch.timeout = 10s (default)
2019-10-16 17:18:25,021 [36127643-2c32-4e4d-8f36-0b4a74ca3071@group-4278CED9C58A-LeaderElection10] INFO  server.RaftServerConfigKeys (ConfUtils.java:logGet(43)) - raft.server.watch.element-limit = 65536 (default)
2019-10-16 17:18:25,021 [49a5d9d7-3d07-43ac-8c81-5946fbcf265a@group-94AD2C78D333-LeaderElection8] INFO  server.RaftServerConfigKeys (ConfUtils.java:logGet(43)) - raft.server.watch.timeout.denomination = 1s (default)
2019-10-16 17:18:25,021 [edabc722-9974-498c-890b-46d66b917a65@group-5D307CB20D1A-LeaderElection9] INFO  server.RaftServerConfigKeys (ConfUtils.java:logGet(43)) - raft.server.watch.timeout = 10s (default)
2019-10-16 17:18:25,021 [49a5d9d7-3d07-43ac-8c81-5946fbcf265a@group-94AD2C78D333-LeaderElection8] INFO  server.RaftServerConfigKeys (ConfUtils.java:logGet(43)) - raft.server.watch.element-limit = 65536 (default)
2019-10-16 17:18:25,021 [edabc722-9974-498c-890b-46d66b917a65@group-5D307CB20D1A-LeaderElection9] INFO  server.RaftServerConfigKeys (ConfUtils.java:logGet(43)) - raft.server.watch.timeout.denomination = 1s (default)
2019-10-16 17:18:25,021 [edabc722-9974-498c-890b-46d66b917a65@group-5D307CB20D1A-LeaderElection9] INFO  server.RaftServerConfigKeys (ConfUtils.java:logGet(43)) - raft.server.watch.element-limit = 65536 (default)
2019-10-16 17:18:25,025 [36127643-2c32-4e4d-8f36-0b4a74ca3071@group-4278CED9C58A-LeaderElection10] INFO  impl.RoleInfo (RoleInfo.java:updateAndGet(143)) - 36127643-2c32-4e4d-8f36-0b4a74ca3071: start LeaderState
2019-10-16 17:18:25,025 [edabc722-9974-498c-890b-46d66b917a65@group-5D307CB20D1A-LeaderElection9] INFO  impl.RoleInfo (RoleInfo.java:updateAndGet(143)) - edabc722-9974-498c-890b-46d66b917a65: start LeaderState
2019-10-16 17:18:25,026 [49a5d9d7-3d07-43ac-8c81-5946fbcf265a@group-94AD2C78D333-LeaderElection8] INFO  impl.RoleInfo (RoleInfo.java:updateAndGet(143)) - 49a5d9d7-3d07-43ac-8c81-5946fbcf265a: start LeaderState
2019-10-16 17:18:25,026 [36127643-2c32-4e4d-8f36-0b4a74ca3071@group-4278CED9C58A-LeaderElection10] INFO  segmented.SegmentedRaftLogWorker (SegmentedRaftLogWorker.java:startLogSegment(385)) - 36127643-2c32-4e4d-8f36-0b4a74ca3071@group-4278CED9C58A-SegmentedRaftLogWorker: Starting segment from index:0
2019-10-16 17:18:25,026 [edabc722-9974-498c-890b-46d66b917a65@group-5D307CB20D1A-LeaderElection9] INFO  segmented.SegmentedRaftLogWorker (SegmentedRaftLogWorker.java:startLogSegment(385)) - edabc722-9974-498c-890b-46d66b917a65@group-5D307CB20D1A-SegmentedRaftLogWorker: Starting segment from index:0
2019-10-16 17:18:25,026 [49a5d9d7-3d07-43ac-8c81-5946fbcf265a@group-94AD2C78D333-LeaderElection8] INFO  segmented.SegmentedRaftLogWorker (SegmentedRaftLogWorker.java:startLogSegment(385)) - 49a5d9d7-3d07-43ac-8c81-5946fbcf265a@group-94AD2C78D333-SegmentedRaftLogWorker: Starting segment from index:0
2019-10-16 17:18:25,026 [edabc722-9974-498c-890b-46d66b917a65@group-5D307CB20D1A-LeaderElection9] INFO  impl.RaftServerImpl (ServerState.java:setRaftConf(356)) - edabc722-9974-498c-890b-46d66b917a65@group-5D307CB20D1A: set configuration 0: [edabc722-9974-498c-890b-46d66b917a65:192.168.69.90:35421], old=null at 0
2019-10-16 17:18:25,026 [36127643-2c32-4e4d-8f36-0b4a74ca3071@group-4278CED9C58A-LeaderElection10] INFO  impl.RaftServerImpl (ServerState.java:setRaftConf(356)) - 36127643-2c32-4e4d-8f36-0b4a74ca3071@group-4278CED9C58A: set configuration 0: [36127643-2c32-4e4d-8f36-0b4a74ca3071:192.168.69.90:34023], old=null at 0
2019-10-16 17:18:25,370 [Thread-341] INFO  impl.FollowerState (FollowerState.java:run(108)) - edabc722-9974-498c-890b-46d66b917a65@group-C8506EB59547-FollowerState: change to CANDIDATE, lastRpcTime:1140ms, electionTimeout:1087ms
2019-10-16 17:18:25,370 [Thread-330] INFO  impl.FollowerState (FollowerState.java:run(108)) - 402b0372-4819-4934-806f-9fa0520739e8@group-E4D141D357F7-FollowerState: change to CANDIDATE, lastRpcTime:1254ms, electionTimeout:1148ms
2019-10-16 17:18:25,370 [Thread-341] INFO  impl.RoleInfo (RoleInfo.java:shutdownFollowerState(121)) - edabc722-9974-498c-890b-46d66b917a65: shutdown FollowerState
2019-10-16 17:18:25,370 [Thread-330] INFO  impl.RoleInfo (RoleInfo.java:shutdownFollowerState(121)) - 402b0372-4819-4934-806f-9fa0520739e8: shutdown FollowerState
2019-10-16 17:18:25,370 [Thread-341] INFO  impl.RaftServerImpl (RaftServerImpl.java:setRole(170)) - edabc722-9974-498c-890b-46d66b917a65@group-C8506EB59547: changes role from  FOLLOWER to CANDIDATE at term 0 for changeToCandidate
2019-10-16 17:18:25,370 [Thread-330] INFO  impl.RaftServerImpl (RaftServerImpl.java:setRole(170)) - 402b0372-4819-4934-806f-9fa0520739e8@group-E4D141D357F7: changes role from  FOLLOWER to CANDIDATE at term 0 for changeToCandidate
2019-10-16 17:18:25,370 [Thread-342] INFO  impl.FollowerState (FollowerState.java:run(108)) - e2977a6c-6648-46b0-b933-4c020a2bfddc@group-C8506EB59547-FollowerState: change to CANDIDATE, lastRpcTime:1140ms, electionTimeout:1009ms
2019-10-16 17:18:25,371 [Thread-332] INFO  impl.FollowerState (FollowerState.java:run(108)) - 69c8fc0c-292c-4f2f-ab72-f8d3161c7a9e@group-E4D141D357F7-FollowerState: change to CANDIDATE, lastRpcTime:1253ms, electionTimeout:1063ms
2019-10-16 17:18:25,377 [Thread-342] INFO  impl.RoleInfo (RoleInfo.java:shutdownFollowerState(121)) - e2977a6c-6648-46b0-b933-4c020a2bfddc: shutdown FollowerState
2019-10-16 17:18:25,374 [Thread-321] INFO  impl.FollowerState (FollowerState.java:run(108)) - 88f87a5a-1895-478a-a391-44ff176aee59@group-87054B518F87-FollowerState: change to CANDIDATE, lastRpcTime:1374ms, electionTimeout:1087ms
2019-10-16 17:18:25,374 [Thread-320] INFO  impl.FollowerState (FollowerState.java:run(108)) - e40a46b2-8333-4456-9552-d7e48aaff595@group-87054B518F87-FollowerState: change to CANDIDATE, lastRpcTime:1375ms, electionTimeout:1102ms
2019-10-16 17:18:25,377 [Thread-321] INFO  impl.RoleInfo (RoleInfo.java:shutdownFollowerState(121)) - 88f87a5a-1895-478a-a391-44ff176aee59: shutdown FollowerState
2019-10-16 17:18:25,373 [Thread-331] INFO  impl.FollowerState (FollowerState.java:run(108)) - 39efc1e0-b8a0-46ae-8203-75644d0567c7@group-E4D141D357F7-FollowerState: change to CANDIDATE, lastRpcTime:1257ms, electionTimeout:1006ms
2019-10-16 17:18:25,373 [Thread-319] INFO  impl.FollowerState (FollowerState.java:run(108)) - ce7940c3-cf81-4e60-9959-5d5957212d6b@group-87054B518F87-FollowerState: change to CANDIDATE, lastRpcTime:1376ms, electionTimeout:1162ms
2019-10-16 17:18:25,371 [Thread-341] INFO  impl.RoleInfo (RoleInfo.java:updateAndGet(143)) - edabc722-9974-498c-890b-46d66b917a65: start LeaderElection
2019-10-16 17:18:25,397 [36127643-2c32-4e4d-8f36-0b4a74ca3071@group-4278CED9C58A-SegmentedRaftLogWorker] INFO  segmented.SegmentedRaftLogWorker (SegmentedRaftLogWorker.java:execute(574)) - 36127643-2c32-4e4d-8f36-0b4a74ca3071@group-4278CED9C58A-SegmentedRaftLogWorker: created new log segment /workdir/hadoop-ozone/integration-test/target/test-dir/MiniOzoneClusterImpl-1b119847-9446-4130-a6ab-c741bf0ba7df/datanode-5/data/ratis/36b3fe41-ff3c-4dc0-b6c7-4278ced9c58a/current/log_inprogress_0
2019-10-16 17:18:25,397 [Thread-319] INFO  impl.RoleInfo (RoleInfo.java:shutdownFollowerState(121)) - ce7940c3-cf81-4e60-9959-5d5957212d6b: shutdown FollowerState
2019-10-16 17:18:25,396 [Thread-331] INFO  impl.RoleInfo (RoleInfo.java:shutdownFollowerState(121)) - 39efc1e0-b8a0-46ae-8203-75644d0567c7: shutdown FollowerState
2019-10-16 17:18:25,389 [49a5d9d7-3d07-43ac-8c81-5946fbcf265a@group-94AD2C78D333-SegmentedRaftLogWorker] INFO  segmented.SegmentedRaftLogWorker (SegmentedRaftLogWorker.java:execute(574)) - 49a5d9d7-3d07-43ac-8c81-5946fbcf265a@group-94AD2C78D333-SegmentedRaftLogWorker: created new log segment /workdir/hadoop-ozone/integration-test/target/test-dir/MiniOzoneClusterImpl-1b119847-9446-4130-a6ab-c741bf0ba7df/datanode-7/data/ratis/a078dbac-110f-441e-9737-94ad2c78d333/current/log_inprogress_0
2019-10-16 17:18:25,377 [Thread-321] INFO  impl.RaftServerImpl (RaftServerImpl.java:setRole(170)) - 88f87a5a-1895-478a-a391-44ff176aee59@group-87054B518F87: changes role from  FOLLOWER to CANDIDATE at term 0 for changeToCandidate
2019-10-16 17:18:25,377 [Thread-320] INFO  impl.RoleInfo (RoleInfo.java:shutdownFollowerState(121)) - e40a46b2-8333-4456-9552-d7e48aaff595: shutdown FollowerState
2019-10-16 17:18:25,377 [49a5d9d7-3d07-43ac-8c81-5946fbcf265a@group-94AD2C78D333-LeaderElection8] INFO  impl.RaftServerImpl (ServerState.java:setRaftConf(356)) - 49a5d9d7-3d07-43ac-8c81-5946fbcf265a@group-94AD2C78D333: set configuration 0: [49a5d9d7-3d07-43ac-8c81-5946fbcf265a:192.168.69.90:43249], old=null at 0
2019-10-16 17:18:25,377 [Thread-342] INFO  impl.RaftServerImpl (RaftServerImpl.java:setRole(170)) - e2977a6c-6648-46b0-b933-4c020a2bfddc@group-C8506EB59547: changes role from  FOLLOWER to CANDIDATE at term 0 for changeToCandidate
2019-10-16 17:18:25,377 [Thread-332] INFO  impl.RoleInfo (RoleInfo.java:shutdownFollowerState(121)) - 69c8fc0c-292c-4f2f-ab72-f8d3161c7a9e: shutdown FollowerState
2019-10-16 17:18:25,374 [Thread-330] INFO  impl.RoleInfo (RoleInfo.java:updateAndGet(143)) - 402b0372-4819-4934-806f-9fa0520739e8: start LeaderElection
2019-10-16 17:18:25,398 [Thread-332] INFO  impl.RaftServerImpl (RaftServerImpl.java:setRole(170)) - 69c8fc0c-292c-4f2f-ab72-f8d3161c7a9e@group-E4D141D357F7: changes role from  FOLLOWER to CANDIDATE at term 0 for changeToCandidate
2019-10-16 17:18:25,397 [Thread-320] INFO  impl.RaftServerImpl (RaftServerImpl.java:setRole(170)) - e40a46b2-8333-4456-9552-d7e48aaff595@group-87054B518F87: changes role from  FOLLOWER to CANDIDATE at term 0 for changeToCandidate
2019-10-16 17:18:25,397 [Thread-331] INFO  impl.RaftServerImpl (RaftServerImpl.java:setRole(170)) - 39efc1e0-b8a0-46ae-8203-75644d0567c7@group-E4D141D357F7: changes role from  FOLLOWER to CANDIDATE at term 0 for changeToCandidate
2019-10-16 17:18:25,397 [Thread-319] INFO  impl.RaftServerImpl (RaftServerImpl.java:setRole(170)) - ce7940c3-cf81-4e60-9959-5d5957212d6b@group-87054B518F87: changes role from  FOLLOWER to CANDIDATE at term 0 for changeToCandidate
2019-10-16 17:18:25,397 [edabc722-9974-498c-890b-46d66b917a65@group-5D307CB20D1A-SegmentedRaftLogWorker] INFO  segmented.SegmentedRaftLogWorker (SegmentedRaftLogWorker.java:execute(574)) - edabc722-9974-498c-890b-46d66b917a65@group-5D307CB20D1A-SegmentedRaftLogWorker: created new log segment /workdir/hadoop-ozone/integration-test/target/test-dir/MiniOzoneClusterImpl-1b119847-9446-4130-a6ab-c741bf0ba7df/datanode-9/data/ratis/0d9eb06f-363a-4d30-aa20-5d307cb20d1a/current/log_inprogress_0
2019-10-16 17:18:25,404 [Thread-340] INFO  impl.FollowerState (FollowerState.java:run(108)) - 36127643-2c32-4e4d-8f36-0b4a74ca3071@group-C8506EB59547-FollowerState: change to CANDIDATE, lastRpcTime:1176ms, electionTimeout:1176ms
2019-10-16 17:18:25,404 [Thread-340] INFO  impl.RoleInfo (RoleInfo.java:shutdownFollowerState(121)) - 36127643-2c32-4e4d-8f36-0b4a74ca3071: shutdown FollowerState
2019-10-16 17:18:25,404 [Thread-340] INFO  impl.RaftServerImpl (RaftServerImpl.java:setRole(170)) - 36127643-2c32-4e4d-8f36-0b4a74ca3071@group-C8506EB59547: changes role from  FOLLOWER to CANDIDATE at term 0 for changeToCandidate
2019-10-16 17:18:25,417 [Thread-340] INFO  impl.RoleInfo (RoleInfo.java:updateAndGet(143)) - 36127643-2c32-4e4d-8f36-0b4a74ca3071: start LeaderElection
2019-10-16 17:18:25,417 [Thread-332] INFO  impl.RoleInfo (RoleInfo.java:updateAndGet(143)) - 69c8fc0c-292c-4f2f-ab72-f8d3161c7a9e: start LeaderElection
2019-10-16 17:18:25,417 [Thread-320] INFO  impl.RoleInfo (RoleInfo.java:updateAndGet(143)) - e40a46b2-8333-4456-9552-d7e48aaff595: start LeaderElection
2019-10-16 17:18:25,417 [Thread-331] INFO  impl.RoleInfo (RoleInfo.java:updateAndGet(143)) - 39efc1e0-b8a0-46ae-8203-75644d0567c7: start LeaderElection
2019-10-16 17:18:25,417 [Thread-319] INFO  impl.RoleInfo (RoleInfo.java:updateAndGet(143)) - ce7940c3-cf81-4e60-9959-5d5957212d6b: start LeaderElection
2019-10-16 17:18:25,417 [Thread-342] INFO  impl.RoleInfo (RoleInfo.java:updateAndGet(143)) - e2977a6c-6648-46b0-b933-4c020a2bfddc: start LeaderElection
2019-10-16 17:18:25,417 [Thread-321] INFO  impl.RoleInfo (RoleInfo.java:updateAndGet(143)) - 88f87a5a-1895-478a-a391-44ff176aee59: start LeaderElection
2019-10-16 17:18:25,443 [edabc722-9974-498c-890b-46d66b917a65@group-C8506EB59547-LeaderElection11] INFO  impl.LeaderElection (LeaderElection.java:askForVotes(178)) - edabc722-9974-498c-890b-46d66b917a65@group-C8506EB59547-LeaderElection11: begin an election at term 1 for -1: [edabc722-9974-498c-890b-46d66b917a65:192.168.69.90:35421, e2977a6c-6648-46b0-b933-4c020a2bfddc:192.168.69.90:34436, 36127643-2c32-4e4d-8f36-0b4a74ca3071:192.168.69.90:34023], old=null
2019-10-16 17:18:25,835 [402b0372-4819-4934-806f-9fa0520739e8@group-E4D141D357F7-LeaderElection12] INFO  impl.LeaderElection (LeaderElection.java:askForVotes(178)) - 402b0372-4819-4934-806f-9fa0520739e8@group-E4D141D357F7-LeaderElection12: begin an election at term 1 for -1: [39efc1e0-b8a0-46ae-8203-75644d0567c7:192.168.69.90:37505, 402b0372-4819-4934-806f-9fa0520739e8:192.168.69.90:42033, 69c8fc0c-292c-4f2f-ab72-f8d3161c7a9e:192.168.69.90:46799], old=null
2019-10-16 17:18:25,835 [e40a46b2-8333-4456-9552-d7e48aaff595@group-87054B518F87-LeaderElection16] INFO  impl.LeaderElection (LeaderElection.java:askForVotes(178)) - e40a46b2-8333-4456-9552-d7e48aaff595@group-87054B518F87-LeaderElection16: begin an election at term 1 for -1: [e40a46b2-8333-4456-9552-d7e48aaff595:192.168.69.90:41501, 88f87a5a-1895-478a-a391-44ff176aee59:192.168.69.90:34309, ce7940c3-cf81-4e60-9959-5d5957212d6b:192.168.69.90:38676], old=null
2019-10-16 17:18:25,835 [ce7940c3-cf81-4e60-9959-5d5957212d6b@group-87054B518F87-LeaderElection18] INFO  impl.LeaderElection (LeaderElection.java:askForVotes(178)) - ce7940c3-cf81-4e60-9959-5d5957212d6b@group-87054B518F87-LeaderElection18: begin an election at term 1 for -1: [e40a46b2-8333-4456-9552-d7e48aaff595:192.168.69.90:41501, 88f87a5a-1895-478a-a391-44ff176aee59:192.168.69.90:34309, ce7940c3-cf81-4e60-9959-5d5957212d6b:192.168.69.90:38676], old=null
2019-10-16 17:18:25,835 [39efc1e0-b8a0-46ae-8203-75644d0567c7@group-E4D141D357F7-LeaderElection17] INFO  impl.LeaderElection (LeaderElection.java:askForVotes(178)) - 39efc1e0-b8a0-46ae-8203-75644d0567c7@group-E4D141D357F7-LeaderElection17: begin an election at term 1 for -1: [39efc1e0-b8a0-46ae-8203-75644d0567c7:192.168.69.90:37505, 402b0372-4819-4934-806f-9fa0520739e8:192.168.69.90:42033, 69c8fc0c-292c-4f2f-ab72-f8d3161c7a9e:192.168.69.90:46799], old=null
2019-10-16 17:18:25,835 [69c8fc0c-292c-4f2f-ab72-f8d3161c7a9e@group-E4D141D357F7-LeaderElection15] INFO  impl.LeaderElection (LeaderElection.java:askForVotes(178)) - 69c8fc0c-292c-4f2f-ab72-f8d3161c7a9e@group-E4D141D357F7-LeaderElection15: begin an election at term 1 for -1: [39efc1e0-b8a0-46ae-8203-75644d0567c7:192.168.69.90:37505, 402b0372-4819-4934-806f-9fa0520739e8:192.168.69.90:42033, 69c8fc0c-292c-4f2f-ab72-f8d3161c7a9e:192.168.69.90:46799], old=null
2019-10-16 17:18:25,835 [e2977a6c-6648-46b0-b933-4c020a2bfddc@group-C8506EB59547-LeaderElection14] INFO  impl.LeaderElection (LeaderElection.java:askForVotes(178)) - e2977a6c-6648-46b0-b933-4c020a2bfddc@group-C8506EB59547-LeaderElection14: begin an election at term 1 for -1: [edabc722-9974-498c-890b-46d66b917a65:192.168.69.90:35421, e2977a6c-6648-46b0-b933-4c020a2bfddc:192.168.69.90:34436, 36127643-2c32-4e4d-8f36-0b4a74ca3071:192.168.69.90:34023], old=null
2019-10-16 17:18:25,835 [36127643-2c32-4e4d-8f36-0b4a74ca3071@group-C8506EB59547-LeaderElection19] INFO  impl.LeaderElection (LeaderElection.java:askForVotes(178)) - 36127643-2c32-4e4d-8f36-0b4a74ca3071@group-C8506EB59547-LeaderElection19: begin an election at term 1 for -1: [edabc722-9974-498c-890b-46d66b917a65:192.168.69.90:35421, e2977a6c-6648-46b0-b933-4c020a2bfddc:192.168.69.90:34436, 36127643-2c32-4e4d-8f36-0b4a74ca3071:192.168.69.90:34023], old=null
2019-10-16 17:18:25,835 [88f87a5a-1895-478a-a391-44ff176aee59@group-87054B518F87-LeaderElection13] INFO  impl.LeaderElection (LeaderElection.java:askForVotes(178)) - 88f87a5a-1895-478a-a391-44ff176aee59@group-87054B518F87-LeaderElection13: begin an election at term 1 for -1: [e40a46b2-8333-4456-9552-d7e48aaff595:192.168.69.90:41501, 88f87a5a-1895-478a-a391-44ff176aee59:192.168.69.90:34309, ce7940c3-cf81-4e60-9959-5d5957212d6b:192.168.69.90:38676], old=null
2019-10-16 17:18:25,864 [edabc722-9974-498c-890b-46d66b917a65@group-C8506EB59547-LeaderElection11] INFO  impl.LeaderElection (LeaderElection.java:logAndReturn(56)) - edabc722-9974-498c-890b-46d66b917a65@group-C8506EB59547-LeaderElection11: Election REJECTED; received 2 response(s) [edabc722-9974-498c-890b-46d66b917a65<-e2977a6c-6648-46b0-b933-4c020a2bfddc#0:FAIL-t1, edabc722-9974-498c-890b-46d66b917a65<-36127643-2c32-4e4d-8f36-0b4a74ca3071#0:FAIL-t1] and 0 exception(s); edabc722-9974-498c-890b-46d66b917a65@group-C8506EB59547:t1, leader=null, voted=edabc722-9974-498c-890b-46d66b917a65, raftlog=edabc722-9974-498c-890b-46d66b917a65@group-C8506EB59547-SegmentedRaftLog:OPENED:c-1,f-1,i0, conf=-1: [edabc722-9974-498c-890b-46d66b917a65:192.168.69.90:35421, e2977a6c-6648-46b0-b933-4c020a2bfddc:192.168.69.90:34436, 36127643-2c32-4e4d-8f36-0b4a74ca3071:192.168.69.90:34023], old=null
2019-10-16 17:18:25,866 [edabc722-9974-498c-890b-46d66b917a65@group-C8506EB59547-LeaderElection11] INFO  impl.RaftServerImpl (RaftServerImpl.java:setRole(170)) - edabc722-9974-498c-890b-46d66b917a65@group-C8506EB59547: changes role from CANDIDATE to FOLLOWER at term 1 for DISCOVERED_A_NEW_TERM
2019-10-16 17:18:25,869 [edabc722-9974-498c-890b-46d66b917a65@group-C8506EB59547-LeaderElection11] INFO  impl.RoleInfo (RoleInfo.java:shutdownLeaderElection(134)) - edabc722-9974-498c-890b-46d66b917a65: shutdown LeaderElection
2019-10-16 17:18:25,872 [edabc722-9974-498c-890b-46d66b917a65@group-C8506EB59547-LeaderElection11] INFO  impl.RoleInfo (RoleInfo.java:updateAndGet(143)) - edabc722-9974-498c-890b-46d66b917a65: start FollowerState
2019-10-16 17:18:25,899 [IPC Server handler 1 on 40480] INFO  volume.OMVolumeCreateRequest (OMVolumeCreateRequest.java:validateAndUpdateCache(193)) - created volume:datanodefailurehandlingtest for user:jenkins1000
2019-10-16 17:18:26,017 [e2977a6c-6648-46b0-b933-4c020a2bfddc@group-C8506EB59547-LeaderElection14] INFO  impl.LeaderElection (LeaderElection.java:logAndReturn(56)) - e2977a6c-6648-46b0-b933-4c020a2bfddc@group-C8506EB59547-LeaderElection14: Election REJECTED; received 2 response(s) [e2977a6c-6648-46b0-b933-4c020a2bfddc<-edabc722-9974-498c-890b-46d66b917a65#0:FAIL-t1, e2977a6c-6648-46b0-b933-4c020a2bfddc<-36127643-2c32-4e4d-8f36-0b4a74ca3071#0:FAIL-t1] and 0 exception(s); e2977a6c-6648-46b0-b933-4c020a2bfddc@group-C8506EB59547:t1, leader=null, voted=e2977a6c-6648-46b0-b933-4c020a2bfddc, raftlog=e2977a6c-6648-46b0-b933-4c020a2bfddc@group-C8506EB59547-SegmentedRaftLog:OPENED:c-1,f-1,i0, conf=-1: [edabc722-9974-498c-890b-46d66b917a65:192.168.69.90:35421, e2977a6c-6648-46b0-b933-4c020a2bfddc:192.168.69.90:34436, 36127643-2c32-4e4d-8f36-0b4a74ca3071:192.168.69.90:34023], old=null
2019-10-16 17:18:26,017 [e2977a6c-6648-46b0-b933-4c020a2bfddc@group-C8506EB59547-LeaderElection14] INFO  impl.RaftServerImpl (RaftServerImpl.java:setRole(170)) - e2977a6c-6648-46b0-b933-4c020a2bfddc@group-C8506EB59547: changes role from CANDIDATE to FOLLOWER at term 1 for DISCOVERED_A_NEW_TERM
2019-10-16 17:18:26,017 [e2977a6c-6648-46b0-b933-4c020a2bfddc@group-C8506EB59547-LeaderElection14] INFO  impl.RoleInfo (RoleInfo.java:shutdownLeaderElection(134)) - e2977a6c-6648-46b0-b933-4c020a2bfddc: shutdown LeaderElection
2019-10-16 17:18:26,020 [e2977a6c-6648-46b0-b933-4c020a2bfddc@group-C8506EB59547-LeaderElection14] INFO  impl.RoleInfo (RoleInfo.java:updateAndGet(143)) - e2977a6c-6648-46b0-b933-4c020a2bfddc: start FollowerState
2019-10-16 17:18:26,031 [main] INFO  rpc.RpcClient (RpcClient.java:createBucket(411)) - Creating Bucket: datanodefailurehandlingtest/datanodefailurehandlingtest, with Versioning false and Storage Type set to DISK and Encryption set to false 
2019-10-16 17:18:26,091 [88f87a5a-1895-478a-a391-44ff176aee59@group-87054B518F87-LeaderElection13] INFO  impl.LeaderElection (LeaderElection.java:logAndReturn(56)) - 88f87a5a-1895-478a-a391-44ff176aee59@group-87054B518F87-LeaderElection13: Election REJECTED; received 2 response(s) [88f87a5a-1895-478a-a391-44ff176aee59<-e40a46b2-8333-4456-9552-d7e48aaff595#0:FAIL-t1, 88f87a5a-1895-478a-a391-44ff176aee59<-ce7940c3-cf81-4e60-9959-5d5957212d6b#0:FAIL-t1] and 0 exception(s); 88f87a5a-1895-478a-a391-44ff176aee59@group-87054B518F87:t1, leader=null, voted=88f87a5a-1895-478a-a391-44ff176aee59, raftlog=88f87a5a-1895-478a-a391-44ff176aee59@group-87054B518F87-SegmentedRaftLog:OPENED:c-1,f-1,i0, conf=-1: [e40a46b2-8333-4456-9552-d7e48aaff595:192.168.69.90:41501, 88f87a5a-1895-478a-a391-44ff176aee59:192.168.69.90:34309, ce7940c3-cf81-4e60-9959-5d5957212d6b:192.168.69.90:38676], old=null
2019-10-16 17:18:26,091 [39efc1e0-b8a0-46ae-8203-75644d0567c7@group-E4D141D357F7-LeaderElection17] INFO  impl.LeaderElection (LeaderElection.java:logAndReturn(56)) - 39efc1e0-b8a0-46ae-8203-75644d0567c7@group-E4D141D357F7-LeaderElection17: Election REJECTED; received 2 response(s) [39efc1e0-b8a0-46ae-8203-75644d0567c7<-402b0372-4819-4934-806f-9fa0520739e8#0:FAIL-t1, 39efc1e0-b8a0-46ae-8203-75644d0567c7<-69c8fc0c-292c-4f2f-ab72-f8d3161c7a9e#0:FAIL-t1] and 0 exception(s); 39efc1e0-b8a0-46ae-8203-75644d0567c7@group-E4D141D357F7:t1, leader=null, voted=39efc1e0-b8a0-46ae-8203-75644d0567c7, raftlog=39efc1e0-b8a0-46ae-8203-75644d0567c7@group-E4D141D357F7-SegmentedRaftLog:OPENED:c-1,f-1,i0, conf=-1: [39efc1e0-b8a0-46ae-8203-75644d0567c7:192.168.69.90:37505, 402b0372-4819-4934-806f-9fa0520739e8:192.168.69.90:42033, 69c8fc0c-292c-4f2f-ab72-f8d3161c7a9e:192.168.69.90:46799], old=null
2019-10-16 17:18:26,094 [88f87a5a-1895-478a-a391-44ff176aee59@group-87054B518F87-LeaderElection13] INFO  impl.RaftServerImpl (RaftServerImpl.java:setRole(170)) - 88f87a5a-1895-478a-a391-44ff176aee59@group-87054B518F87: changes role from CANDIDATE to FOLLOWER at term 1 for DISCOVERED_A_NEW_TERM
2019-10-16 17:18:26,100 [88f87a5a-1895-478a-a391-44ff176aee59@group-87054B518F87-LeaderElection13] INFO  impl.RoleInfo (RoleInfo.java:shutdownLeaderElection(134)) - 88f87a5a-1895-478a-a391-44ff176aee59: shutdown LeaderElection
2019-10-16 17:18:26,100 [402b0372-4819-4934-806f-9fa0520739e8@group-E4D141D357F7-LeaderElection12] INFO  impl.LeaderElection (LeaderElection.java:logAndReturn(56)) - 402b0372-4819-4934-806f-9fa0520739e8@group-E4D141D357F7-LeaderElection12: Election REJECTED; received 2 response(s) [402b0372-4819-4934-806f-9fa0520739e8<-39efc1e0-b8a0-46ae-8203-75644d0567c7#0:FAIL-t1, 402b0372-4819-4934-806f-9fa0520739e8<-69c8fc0c-292c-4f2f-ab72-f8d3161c7a9e#0:FAIL-t1] and 0 exception(s); 402b0372-4819-4934-806f-9fa0520739e8@group-E4D141D357F7:t1, leader=null, voted=402b0372-4819-4934-806f-9fa0520739e8, raftlog=402b0372-4819-4934-806f-9fa0520739e8@group-E4D141D357F7-SegmentedRaftLog:OPENED:c-1,f-1,i0, conf=-1: [39efc1e0-b8a0-46ae-8203-75644d0567c7:192.168.69.90:37505, 402b0372-4819-4934-806f-9fa0520739e8:192.168.69.90:42033, 69c8fc0c-292c-4f2f-ab72-f8d3161c7a9e:192.168.69.90:46799], old=null
2019-10-16 17:18:26,132 [39efc1e0-b8a0-46ae-8203-75644d0567c7@group-E4D141D357F7-LeaderElection17] INFO  impl.RaftServerImpl (RaftServerImpl.java:setRole(170)) - 39efc1e0-b8a0-46ae-8203-75644d0567c7@group-E4D141D357F7: changes role from CANDIDATE to FOLLOWER at term 1 for DISCOVERED_A_NEW_TERM
2019-10-16 17:18:26,123 [88f87a5a-1895-478a-a391-44ff176aee59@group-87054B518F87-LeaderElection13] INFO  impl.RoleInfo (RoleInfo.java:updateAndGet(143)) - 88f87a5a-1895-478a-a391-44ff176aee59: start FollowerState
2019-10-16 17:18:26,132 [39efc1e0-b8a0-46ae-8203-75644d0567c7@group-E4D141D357F7-LeaderElection17] INFO  impl.RoleInfo (RoleInfo.java:shutdownLeaderElection(134)) - 39efc1e0-b8a0-46ae-8203-75644d0567c7: shutdown LeaderElection
2019-10-16 17:18:26,132 [402b0372-4819-4934-806f-9fa0520739e8@group-E4D141D357F7-LeaderElection12] INFO  impl.RaftServerImpl (RaftServerImpl.java:setRole(170)) - 402b0372-4819-4934-806f-9fa0520739e8@group-E4D141D357F7: changes role from CANDIDATE to FOLLOWER at term 1 for DISCOVERED_A_NEW_TERM
2019-10-16 17:18:26,135 [39efc1e0-b8a0-46ae-8203-75644d0567c7@group-E4D141D357F7-LeaderElection17] INFO  impl.RoleInfo (RoleInfo.java:updateAndGet(143)) - 39efc1e0-b8a0-46ae-8203-75644d0567c7: start FollowerState
2019-10-16 17:18:26,135 [402b0372-4819-4934-806f-9fa0520739e8@group-E4D141D357F7-LeaderElection12] INFO  impl.RoleInfo (RoleInfo.java:shutdownLeaderElection(134)) - 402b0372-4819-4934-806f-9fa0520739e8: shutdown LeaderElection
2019-10-16 17:18:26,137 [e40a46b2-8333-4456-9552-d7e48aaff595@group-87054B518F87-LeaderElection16] INFO  impl.LeaderElection (LeaderElection.java:logAndReturn(56)) - e40a46b2-8333-4456-9552-d7e48aaff595@group-87054B518F87-LeaderElection16: Election REJECTED; received 2 response(s) [e40a46b2-8333-4456-9552-d7e48aaff595<-88f87a5a-1895-478a-a391-44ff176aee59#0:FAIL-t1, e40a46b2-8333-4456-9552-d7e48aaff595<-ce7940c3-cf81-4e60-9959-5d5957212d6b#0:FAIL-t1] and 0 exception(s); e40a46b2-8333-4456-9552-d7e48aaff595@group-87054B518F87:t1, leader=null, voted=e40a46b2-8333-4456-9552-d7e48aaff595, raftlog=e40a46b2-8333-4456-9552-d7e48aaff595@group-87054B518F87-SegmentedRaftLog:OPENED:c-1,f-1,i0, conf=-1: [e40a46b2-8333-4456-9552-d7e48aaff595:192.168.69.90:41501, 88f87a5a-1895-478a-a391-44ff176aee59:192.168.69.90:34309, ce7940c3-cf81-4e60-9959-5d5957212d6b:192.168.69.90:38676], old=null
2019-10-16 17:18:26,139 [402b0372-4819-4934-806f-9fa0520739e8@group-E4D141D357F7-LeaderElection12] INFO  impl.RoleInfo (RoleInfo.java:updateAndGet(143)) - 402b0372-4819-4934-806f-9fa0520739e8: start FollowerState
2019-10-16 17:18:26,140 [e40a46b2-8333-4456-9552-d7e48aaff595@group-87054B518F87-LeaderElection16] INFO  impl.RaftServerImpl (RaftServerImpl.java:setRole(170)) - e40a46b2-8333-4456-9552-d7e48aaff595@group-87054B518F87: changes role from CANDIDATE to FOLLOWER at term 1 for DISCOVERED_A_NEW_TERM
2019-10-16 17:18:26,140 [36127643-2c32-4e4d-8f36-0b4a74ca3071@group-C8506EB59547-LeaderElection19] INFO  impl.LeaderElection (LeaderElection.java:logAndReturn(56)) - 36127643-2c32-4e4d-8f36-0b4a74ca3071@group-C8506EB59547-LeaderElection19: Election REJECTED; received 2 response(s) [36127643-2c32-4e4d-8f36-0b4a74ca3071<-edabc722-9974-498c-890b-46d66b917a65#0:FAIL-t1, 36127643-2c32-4e4d-8f36-0b4a74ca3071<-e2977a6c-6648-46b0-b933-4c020a2bfddc#0:FAIL-t1] and 0 exception(s); 36127643-2c32-4e4d-8f36-0b4a74ca3071@group-C8506EB59547:t1, leader=null, voted=36127643-2c32-4e4d-8f36-0b4a74ca3071, raftlog=36127643-2c32-4e4d-8f36-0b4a74ca3071@group-C8506EB59547-SegmentedRaftLog:OPENED:c-1,f-1,i0, conf=-1: [edabc722-9974-498c-890b-46d66b917a65:192.168.69.90:35421, e2977a6c-6648-46b0-b933-4c020a2bfddc:192.168.69.90:34436, 36127643-2c32-4e4d-8f36-0b4a74ca3071:192.168.69.90:34023], old=null
2019-10-16 17:18:26,162 [e40a46b2-8333-4456-9552-d7e48aaff595@group-87054B518F87-LeaderElection16] INFO  impl.RoleInfo (RoleInfo.java:shutdownLeaderElection(134)) - e40a46b2-8333-4456-9552-d7e48aaff595: shutdown LeaderElection
2019-10-16 17:18:26,163 [36127643-2c32-4e4d-8f36-0b4a74ca3071@group-C8506EB59547-LeaderElection19] INFO  impl.RaftServerImpl (RaftServerImpl.java:setRole(170)) - 36127643-2c32-4e4d-8f36-0b4a74ca3071@group-C8506EB59547: changes role from CANDIDATE to FOLLOWER at term 1 for DISCOVERED_A_NEW_TERM
2019-10-16 17:18:26,165 [36127643-2c32-4e4d-8f36-0b4a74ca3071@group-C8506EB59547-LeaderElection19] INFO  impl.RoleInfo (RoleInfo.java:shutdownLeaderElection(134)) - 36127643-2c32-4e4d-8f36-0b4a74ca3071: shutdown LeaderElection
2019-10-16 17:18:26,166 [e40a46b2-8333-4456-9552-d7e48aaff595@group-87054B518F87-LeaderElection16] INFO  impl.RoleInfo (RoleInfo.java:updateAndGet(143)) - e40a46b2-8333-4456-9552-d7e48aaff595: start FollowerState
2019-10-16 17:18:26,166 [36127643-2c32-4e4d-8f36-0b4a74ca3071@group-C8506EB59547-LeaderElection19] INFO  impl.RoleInfo (RoleInfo.java:updateAndGet(143)) - 36127643-2c32-4e4d-8f36-0b4a74ca3071: start FollowerState
2019-10-16 17:18:26,166 [ce7940c3-cf81-4e60-9959-5d5957212d6b@group-87054B518F87-LeaderElection18] INFO  impl.LeaderElection (LeaderElection.java:logAndReturn(56)) - ce7940c3-cf81-4e60-9959-5d5957212d6b@group-87054B518F87-LeaderElection18: Election REJECTED; received 2 response(s) [ce7940c3-cf81-4e60-9959-5d5957212d6b<-e40a46b2-8333-4456-9552-d7e48aaff595#0:FAIL-t1, ce7940c3-cf81-4e60-9959-5d5957212d6b<-88f87a5a-1895-478a-a391-44ff176aee59#0:FAIL-t1] and 0 exception(s); ce7940c3-cf81-4e60-9959-5d5957212d6b@group-87054B518F87:t1, leader=null, voted=ce7940c3-cf81-4e60-9959-5d5957212d6b, raftlog=ce7940c3-cf81-4e60-9959-5d5957212d6b@group-87054B518F87-SegmentedRaftLog:OPENED:c-1,f-1,i0, conf=-1: [e40a46b2-8333-4456-9552-d7e48aaff595:192.168.69.90:41501, 88f87a5a-1895-478a-a391-44ff176aee59:192.168.69.90:34309, ce7940c3-cf81-4e60-9959-5d5957212d6b:192.168.69.90:38676], old=null
2019-10-16 17:18:26,168 [ce7940c3-cf81-4e60-9959-5d5957212d6b@group-87054B518F87-LeaderElection18] INFO  impl.RaftServerImpl (RaftServerImpl.java:setRole(170)) - ce7940c3-cf81-4e60-9959-5d5957212d6b@group-87054B518F87: changes role from CANDIDATE to FOLLOWER at term 1 for DISCOVERED_A_NEW_TERM
2019-10-16 17:18:26,170 [ce7940c3-cf81-4e60-9959-5d5957212d6b@group-87054B518F87-LeaderElection18] INFO  impl.RoleInfo (RoleInfo.java:shutdownLeaderElection(134)) - ce7940c3-cf81-4e60-9959-5d5957212d6b: shutdown LeaderElection
2019-10-16 17:18:26,171 [69c8fc0c-292c-4f2f-ab72-f8d3161c7a9e@group-E4D141D357F7-LeaderElection15] INFO  impl.LeaderElection (LeaderElection.java:logAndReturn(56)) - 69c8fc0c-292c-4f2f-ab72-f8d3161c7a9e@group-E4D141D357F7-LeaderElection15: Election REJECTED; received 2 response(s) [69c8fc0c-292c-4f2f-ab72-f8d3161c7a9e<-39efc1e0-b8a0-46ae-8203-75644d0567c7#0:FAIL-t1, 69c8fc0c-292c-4f2f-ab72-f8d3161c7a9e<-402b0372-4819-4934-806f-9fa0520739e8#0:FAIL-t1] and 0 exception(s); 69c8fc0c-292c-4f2f-ab72-f8d3161c7a9e@group-E4D141D357F7:t1, leader=null, voted=69c8fc0c-292c-4f2f-ab72-f8d3161c7a9e, raftlog=69c8fc0c-292c-4f2f-ab72-f8d3161c7a9e@group-E4D141D357F7-SegmentedRaftLog:OPENED:c-1,f-1,i0, conf=-1: [39efc1e0-b8a0-46ae-8203-75644d0567c7:192.168.69.90:37505, 402b0372-4819-4934-806f-9fa0520739e8:192.168.69.90:42033, 69c8fc0c-292c-4f2f-ab72-f8d3161c7a9e:192.168.69.90:46799], old=null
2019-10-16 17:18:26,193 [ce7940c3-cf81-4e60-9959-5d5957212d6b@group-87054B518F87-LeaderElection18] INFO  impl.RoleInfo (RoleInfo.java:updateAndGet(143)) - ce7940c3-cf81-4e60-9959-5d5957212d6b: start FollowerState
2019-10-16 17:18:26,194 [69c8fc0c-292c-4f2f-ab72-f8d3161c7a9e@group-E4D141D357F7-LeaderElection15] INFO  impl.RaftServerImpl (RaftServerImpl.java:setRole(170)) - 69c8fc0c-292c-4f2f-ab72-f8d3161c7a9e@group-E4D141D357F7: changes role from CANDIDATE to FOLLOWER at term 1 for DISCOVERED_A_NEW_TERM
2019-10-16 17:18:26,196 [69c8fc0c-292c-4f2f-ab72-f8d3161c7a9e@group-E4D141D357F7-LeaderElection15] INFO  impl.RoleInfo (RoleInfo.java:shutdownLeaderElection(134)) - 69c8fc0c-292c-4f2f-ab72-f8d3161c7a9e: shutdown LeaderElection
2019-10-16 17:18:26,196 [69c8fc0c-292c-4f2f-ab72-f8d3161c7a9e@group-E4D141D357F7-LeaderElection15] INFO  impl.RoleInfo (RoleInfo.java:updateAndGet(143)) - 69c8fc0c-292c-4f2f-ab72-f8d3161c7a9e: start FollowerState
2019-10-16 17:18:26,472 [main] INFO  impl.MetricsSystemImpl (MetricsSystemImpl.java:init(158)) - XceiverClientMetrics metrics system started (again)
2019-10-16 17:18:26,473 [main] INFO  lib.Interns (Interns.java:removeEldestEntry(50)) - Metrics intern cache overflow at 2011 for MetricsSystem={MetricsSystem=MetricsInfoImpl{name=MetricsSystem, description=MetricsSystem}, MetricsSystem record=MetricsInfoImpl{name=MetricsSystem, description=MetricsSystem record}}
2019-10-16 17:18:27,041 [Thread-392] INFO  impl.FollowerState (FollowerState.java:run(108)) - edabc722-9974-498c-890b-46d66b917a65@group-C8506EB59547-FollowerState: change to CANDIDATE, lastRpcTime:1170ms, electionTimeout:1168ms
2019-10-16 17:18:27,041 [Thread-392] INFO  impl.RoleInfo (RoleInfo.java:shutdownFollowerState(121)) - edabc722-9974-498c-890b-46d66b917a65: shutdown FollowerState
2019-10-16 17:18:27,041 [Thread-392] INFO  impl.RaftServerImpl (RaftServerImpl.java:setRole(170)) - edabc722-9974-498c-890b-46d66b917a65@group-C8506EB59547: changes role from  FOLLOWER to CANDIDATE at term 1 for changeToCandidate
2019-10-16 17:18:27,041 [Thread-392] INFO  impl.RoleInfo (RoleInfo.java:updateAndGet(143)) - edabc722-9974-498c-890b-46d66b917a65: start LeaderElection
2019-10-16 17:18:27,066 [edabc722-9974-498c-890b-46d66b917a65@group-C8506EB59547-LeaderElection20] INFO  impl.LeaderElection (LeaderElection.java:askForVotes(178)) - edabc722-9974-498c-890b-46d66b917a65@group-C8506EB59547-LeaderElection20: begin an election at term 2 for -1: [edabc722-9974-498c-890b-46d66b917a65:192.168.69.90:35421, e2977a6c-6648-46b0-b933-4c020a2bfddc:192.168.69.90:34436, 36127643-2c32-4e4d-8f36-0b4a74ca3071:192.168.69.90:34023], old=null
2019-10-16 17:18:27,079 [grpc-default-executor-4] INFO  impl.RaftServerImpl (RaftServerImpl.java:setRole(170)) - e2977a6c-6648-46b0-b933-4c020a2bfddc@group-C8506EB59547: changes role from  FOLLOWER to FOLLOWER at term 2 for recognizeCandidate:edabc722-9974-498c-890b-46d66b917a65
2019-10-16 17:18:27,079 [grpc-default-executor-6] INFO  impl.RaftServerImpl (RaftServerImpl.java:setRole(170)) - 36127643-2c32-4e4d-8f36-0b4a74ca3071@group-C8506EB59547: changes role from  FOLLOWER to FOLLOWER at term 2 for recognizeCandidate:edabc722-9974-498c-890b-46d66b917a65
2019-10-16 17:18:27,079 [grpc-default-executor-4] INFO  impl.RoleInfo (RoleInfo.java:shutdownFollowerState(121)) - e2977a6c-6648-46b0-b933-4c020a2bfddc: shutdown FollowerState
2019-10-16 17:18:27,079 [grpc-default-executor-6] INFO  impl.RoleInfo (RoleInfo.java:shutdownFollowerState(121)) - 36127643-2c32-4e4d-8f36-0b4a74ca3071: shutdown FollowerState
2019-10-16 17:18:27,079 [grpc-default-executor-4] INFO  impl.RoleInfo (RoleInfo.java:updateAndGet(143)) - e2977a6c-6648-46b0-b933-4c020a2bfddc: start FollowerState
2019-10-16 17:18:27,080 [grpc-default-executor-6] INFO  impl.RoleInfo (RoleInfo.java:updateAndGet(143)) - 36127643-2c32-4e4d-8f36-0b4a74ca3071: start FollowerState
2019-10-16 17:18:27,080 [Thread-398] INFO  impl.FollowerState (FollowerState.java:run(117)) - 36127643-2c32-4e4d-8f36-0b4a74ca3071@group-C8506EB59547-FollowerState was interrupted: java.lang.InterruptedException: sleep interrupted
2019-10-16 17:18:27,080 [Thread-393] INFO  impl.FollowerState (FollowerState.java:run(117)) - e2977a6c-6648-46b0-b933-4c020a2bfddc@group-C8506EB59547-FollowerState was interrupted: java.lang.InterruptedException: sleep interrupted
2019-10-16 17:18:27,101 [edabc722-9974-498c-890b-46d66b917a65@group-C8506EB59547-LeaderElection20] INFO  impl.LeaderElection (LeaderElection.java:logAndReturn(56)) - edabc722-9974-498c-890b-46d66b917a65@group-C8506EB59547-LeaderElection20: Election PASSED; received 1 response(s) [edabc722-9974-498c-890b-46d66b917a65<-36127643-2c32-4e4d-8f36-0b4a74ca3071#0:OK-t2] and 0 exception(s); edabc722-9974-498c-890b-46d66b917a65@group-C8506EB59547:t2, leader=null, voted=edabc722-9974-498c-890b-46d66b917a65, raftlog=edabc722-9974-498c-890b-46d66b917a65@group-C8506EB59547-SegmentedRaftLog:OPENED:c-1,f-1,i0, conf=-1: [edabc722-9974-498c-890b-46d66b917a65:192.168.69.90:35421, e2977a6c-6648-46b0-b933-4c020a2bfddc:192.168.69.90:34436, 36127643-2c32-4e4d-8f36-0b4a74ca3071:192.168.69.90:34023], old=null
2019-10-16 17:18:27,101 [edabc722-9974-498c-890b-46d66b917a65@group-C8506EB59547-LeaderElection20] INFO  impl.RoleInfo (RoleInfo.java:shutdownLeaderElection(134)) - edabc722-9974-498c-890b-46d66b917a65: shutdown LeaderElection
2019-10-16 17:18:27,103 [edabc722-9974-498c-890b-46d66b917a65@group-C8506EB59547-LeaderElection20] INFO  impl.RaftServerImpl (RaftServerImpl.java:setRole(170)) - edabc722-9974-498c-890b-46d66b917a65@group-C8506EB59547: changes role from CANDIDATE to LEADER at term 2 for changeToLeader
2019-10-16 17:18:27,103 [edabc722-9974-498c-890b-46d66b917a65@group-C8506EB59547-LeaderElection20] INFO  impl.RaftServerImpl (ServerState.java:setLeader(255)) - edabc722-9974-498c-890b-46d66b917a65@group-C8506EB59547: change Leader from null to edabc722-9974-498c-890b-46d66b917a65 at term 2 for becomeLeader, leader elected after 2884ms
2019-10-16 17:18:27,103 [edabc722-9974-498c-890b-46d66b917a65@group-C8506EB59547-LeaderElection20] INFO  server.RaftServerConfigKeys (ConfUtils.java:logGet(43)) - raft.server.staging.catchup.gap = 1000 (default)
2019-10-16 17:18:27,103 [edabc722-9974-498c-890b-46d66b917a65@group-C8506EB59547-LeaderElection20] INFO  server.RaftServerConfigKeys (ConfUtils.java:logGet(43)) - raft.server.rpc.sleep.time = 25ms (default)
2019-10-16 17:18:27,104 [edabc722-9974-498c-890b-46d66b917a65@group-C8506EB59547-LeaderElection20] INFO  server.RaftServerConfigKeys (ConfUtils.java:logGet(43)) - raft.server.write.element-limit = 4096 (default)
2019-10-16 17:18:27,104 [edabc722-9974-498c-890b-46d66b917a65@group-C8506EB59547-LeaderElection20] INFO  server.RaftServerConfigKeys (ConfUtils.java:logGet(43)) - raft.server.watch.timeout = 10s (default)
2019-10-16 17:18:27,104 [edabc722-9974-498c-890b-46d66b917a65@group-C8506EB59547-LeaderElection20] INFO  server.RaftServerConfigKeys (ConfUtils.java:logGet(43)) - raft.server.watch.timeout.denomination = 1s (default)
2019-10-16 17:18:27,104 [edabc722-9974-498c-890b-46d66b917a65@group-C8506EB59547-LeaderElection20] INFO  server.RaftServerConfigKeys (ConfUtils.java:logGet(43)) - raft.server.watch.element-limit = 65536 (default)
2019-10-16 17:18:27,113 [edabc722-9974-498c-890b-46d66b917a65@group-C8506EB59547-LeaderElection20] INFO  server.RaftServerConfigKeys (ConfUtils.java:logGet(43)) - raft.server.log.appender.snapshot.chunk.size.max = 16MB (=16777216) (default)
2019-10-16 17:18:27,113 [edabc722-9974-498c-890b-46d66b917a65@group-C8506EB59547-LeaderElection20] INFO  server.RaftServerConfigKeys (ConfUtils.java:logGet(43)) - raft.server.log.appender.buffer.byte-limit = 33554432 (custom)
2019-10-16 17:18:27,114 [edabc722-9974-498c-890b-46d66b917a65@group-C8506EB59547-LeaderElection20] INFO  server.RaftServerConfigKeys (ConfUtils.java:logGet(43)) - raft.server.log.appender.buffer.element-limit = 1 (custom)
2019-10-16 17:18:27,118 [edabc722-9974-498c-890b-46d66b917a65@group-C8506EB59547-LeaderElection20] INFO  grpc.GrpcConfigKeys$Server (ConfUtils.java:logGet(43)) - raft.grpc.server.leader.outstanding.appends.max = 128 (default)
2019-10-16 17:18:27,119 [edabc722-9974-498c-890b-46d66b917a65@group-C8506EB59547-LeaderElection20] INFO  server.RaftServerConfigKeys (ConfUtils.java:logGet(43)) - raft.server.rpc.request.timeout = 3000ms (default)
2019-10-16 17:18:27,119 [edabc722-9974-498c-890b-46d66b917a65@group-C8506EB59547-LeaderElection20] INFO  server.RaftServerConfigKeys (ConfUtils.java:logGet(43)) - raft.server.log.appender.install.snapshot.enabled = false (custom)
2019-10-16 17:18:27,120 [edabc722-9974-498c-890b-46d66b917a65@group-C8506EB59547-LeaderElection20] INFO  server.RaftServerConfigKeys (ConfUtils.java:logGet(43)) - raft.server.log.appender.snapshot.chunk.size.max = 16MB (=16777216) (default)
2019-10-16 17:18:27,121 [edabc722-9974-498c-890b-46d66b917a65@group-C8506EB59547-LeaderElection20] INFO  server.RaftServerConfigKeys (ConfUtils.java:logGet(43)) - raft.server.log.appender.buffer.byte-limit = 33554432 (custom)
2019-10-16 17:18:27,121 [edabc722-9974-498c-890b-46d66b917a65@group-C8506EB59547-LeaderElection20] INFO  server.RaftServerConfigKeys (ConfUtils.java:logGet(43)) - raft.server.log.appender.buffer.element-limit = 1 (custom)
2019-10-16 17:18:27,121 [edabc722-9974-498c-890b-46d66b917a65@group-C8506EB59547-LeaderElection20] INFO  grpc.GrpcConfigKeys$Server (ConfUtils.java:logGet(43)) - raft.grpc.server.leader.outstanding.appends.max = 128 (default)
2019-10-16 17:18:27,121 [edabc722-9974-498c-890b-46d66b917a65@group-C8506EB59547-LeaderElection20] INFO  server.RaftServerConfigKeys (ConfUtils.java:logGet(43)) - raft.server.rpc.request.timeout = 3000ms (default)
2019-10-16 17:18:27,122 [edabc722-9974-498c-890b-46d66b917a65@group-C8506EB59547-LeaderElection20] INFO  server.RaftServerConfigKeys (ConfUtils.java:logGet(43)) - raft.server.log.appender.install.snapshot.enabled = false (custom)
2019-10-16 17:18:27,123 [edabc722-9974-498c-890b-46d66b917a65@group-C8506EB59547-LeaderElection20] INFO  impl.RoleInfo (RoleInfo.java:updateAndGet(143)) - edabc722-9974-498c-890b-46d66b917a65: start LeaderState
2019-10-16 17:18:27,124 [edabc722-9974-498c-890b-46d66b917a65@group-C8506EB59547-LeaderElection20] INFO  segmented.SegmentedRaftLogWorker (SegmentedRaftLogWorker.java:startLogSegment(385)) - edabc722-9974-498c-890b-46d66b917a65@group-C8506EB59547-SegmentedRaftLogWorker: Starting segment from index:0
2019-10-16 17:18:27,125 [edabc722-9974-498c-890b-46d66b917a65@group-C8506EB59547-LeaderElection20] INFO  impl.RaftServerImpl (ServerState.java:setRaftConf(356)) - edabc722-9974-498c-890b-46d66b917a65@group-C8506EB59547: set configuration 0: [edabc722-9974-498c-890b-46d66b917a65:192.168.69.90:35421, e2977a6c-6648-46b0-b933-4c020a2bfddc:192.168.69.90:34436, 36127643-2c32-4e4d-8f36-0b4a74ca3071:192.168.69.90:34023], old=null at 0
2019-10-16 17:18:27,153 [Thread-394] INFO  impl.FollowerState (FollowerState.java:run(108)) - 88f87a5a-1895-478a-a391-44ff176aee59@group-87054B518F87-FollowerState: change to CANDIDATE, lastRpcTime:1029ms, electionTimeout:1010ms
2019-10-16 17:18:27,155 [Thread-394] INFO  impl.RoleInfo (RoleInfo.java:shutdownFollowerState(121)) - 88f87a5a-1895-478a-a391-44ff176aee59: shutdown FollowerState
2019-10-16 17:18:27,155 [Thread-394] INFO  impl.RaftServerImpl (RaftServerImpl.java:setRole(170)) - 88f87a5a-1895-478a-a391-44ff176aee59@group-87054B518F87: changes role from  FOLLOWER to CANDIDATE at term 1 for changeToCandidate
2019-10-16 17:18:27,155 [Thread-394] INFO  impl.RoleInfo (RoleInfo.java:updateAndGet(143)) - 88f87a5a-1895-478a-a391-44ff176aee59: start LeaderElection
2019-10-16 17:18:27,165 [edabc722-9974-498c-890b-46d66b917a65@group-C8506EB59547-SegmentedRaftLogWorker] INFO  segmented.SegmentedRaftLogWorker (SegmentedRaftLogWorker.java:execute(574)) - edabc722-9974-498c-890b-46d66b917a65@group-C8506EB59547-SegmentedRaftLogWorker: created new log segment /workdir/hadoop-ozone/integration-test/target/test-dir/MiniOzoneClusterImpl-1b119847-9446-4130-a6ab-c741bf0ba7df/datanode-9/data/ratis/6feb2f47-d62f-4fef-8cd9-c8506eb59547/current/log_inprogress_0
2019-10-16 17:18:27,175 [grpc-default-executor-4] INFO  impl.RaftServerImpl (ServerState.java:setLeader(255)) - 36127643-2c32-4e4d-8f36-0b4a74ca3071@group-C8506EB59547: change Leader from null to edabc722-9974-498c-890b-46d66b917a65 at term 2 for appendEntries, leader elected after 2956ms
2019-10-16 17:18:27,242 [Thread-397] INFO  impl.FollowerState (FollowerState.java:run(108)) - e40a46b2-8333-4456-9552-d7e48aaff595@group-87054B518F87-FollowerState: change to CANDIDATE, lastRpcTime:1076ms, electionTimeout:1076ms
2019-10-16 17:18:27,242 [Thread-397] INFO  impl.RoleInfo (RoleInfo.java:shutdownFollowerState(121)) - e40a46b2-8333-4456-9552-d7e48aaff595: shutdown FollowerState
2019-10-16 17:18:27,243 [Thread-397] INFO  impl.RaftServerImpl (RaftServerImpl.java:setRole(170)) - e40a46b2-8333-4456-9552-d7e48aaff595@group-87054B518F87: changes role from  FOLLOWER to CANDIDATE at term 1 for changeToCandidate
2019-10-16 17:18:27,255 [Thread-396] INFO  impl.FollowerState (FollowerState.java:run(108)) - 402b0372-4819-4934-806f-9fa0520739e8@group-E4D141D357F7-FollowerState: change to CANDIDATE, lastRpcTime:1115ms, electionTimeout:1092ms
2019-10-16 17:18:27,255 [Thread-396] INFO  impl.RoleInfo (RoleInfo.java:shutdownFollowerState(121)) - 402b0372-4819-4934-806f-9fa0520739e8: shutdown FollowerState
2019-10-16 17:18:27,255 [Thread-396] INFO  impl.RaftServerImpl (RaftServerImpl.java:setRole(170)) - 402b0372-4819-4934-806f-9fa0520739e8@group-E4D141D357F7: changes role from  FOLLOWER to CANDIDATE at term 1 for changeToCandidate
2019-10-16 17:18:27,262 [Thread-396] INFO  impl.RoleInfo (RoleInfo.java:updateAndGet(143)) - 402b0372-4819-4934-806f-9fa0520739e8: start LeaderElection
2019-10-16 17:18:27,262 [Thread-397] INFO  impl.RoleInfo (RoleInfo.java:updateAndGet(143)) - e40a46b2-8333-4456-9552-d7e48aaff595: start LeaderElection
2019-10-16 17:18:27,270 [grpc-default-executor-6] INFO  impl.RaftServerImpl (ServerState.java:setLeader(255)) - e2977a6c-6648-46b0-b933-4c020a2bfddc@group-C8506EB59547: change Leader from null to edabc722-9974-498c-890b-46d66b917a65 at term 2 for appendEntries, leader elected after 3051ms
2019-10-16 17:18:27,272 [Thread-395] INFO  impl.FollowerState (FollowerState.java:run(108)) - 39efc1e0-b8a0-46ae-8203-75644d0567c7@group-E4D141D357F7-FollowerState: change to CANDIDATE, lastRpcTime:1136ms, electionTimeout:1132ms
2019-10-16 17:18:27,272 [Thread-395] INFO  impl.RoleInfo (RoleInfo.java:shutdownFollowerState(121)) - 39efc1e0-b8a0-46ae-8203-75644d0567c7: shutdown FollowerState
2019-10-16 17:18:27,272 [Thread-395] INFO  impl.RaftServerImpl (RaftServerImpl.java:setRole(170)) - 39efc1e0-b8a0-46ae-8203-75644d0567c7@group-E4D141D357F7: changes role from  FOLLOWER to CANDIDATE at term 1 for changeToCandidate
2019-10-16 17:18:27,272 [Thread-395] INFO  impl.RoleInfo (RoleInfo.java:updateAndGet(143)) - 39efc1e0-b8a0-46ae-8203-75644d0567c7: start LeaderElection
2019-10-16 17:18:27,284 [88f87a5a-1895-478a-a391-44ff176aee59@group-87054B518F87-LeaderElection21] INFO  impl.LeaderElection (LeaderElection.java:askForVotes(178)) - 88f87a5a-1895-478a-a391-44ff176aee59@group-87054B518F87-LeaderElection21: begin an election at term 2 for -1: [e40a46b2-8333-4456-9552-d7e48aaff595:192.168.69.90:41501, 88f87a5a-1895-478a-a391-44ff176aee59:192.168.69.90:34309, ce7940c3-cf81-4e60-9959-5d5957212d6b:192.168.69.90:38676], old=null
2019-10-16 17:18:27,284 [39efc1e0-b8a0-46ae-8203-75644d0567c7@group-E4D141D357F7-LeaderElection24] INFO  impl.LeaderElection (LeaderElection.java:askForVotes(178)) - 39efc1e0-b8a0-46ae-8203-75644d0567c7@group-E4D141D357F7-LeaderElection24: begin an election at term 2 for -1: [39efc1e0-b8a0-46ae-8203-75644d0567c7:192.168.69.90:37505, 402b0372-4819-4934-806f-9fa0520739e8:192.168.69.90:42033, 69c8fc0c-292c-4f2f-ab72-f8d3161c7a9e:192.168.69.90:46799], old=null
2019-10-16 17:18:27,284 [402b0372-4819-4934-806f-9fa0520739e8@group-E4D141D357F7-LeaderElection23] INFO  impl.LeaderElection (LeaderElection.java:askForVotes(178)) - 402b0372-4819-4934-806f-9fa0520739e8@group-E4D141D357F7-LeaderElection23: begin an election at term 2 for -1: [39efc1e0-b8a0-46ae-8203-75644d0567c7:192.168.69.90:37505, 402b0372-4819-4934-806f-9fa0520739e8:192.168.69.90:42033, 69c8fc0c-292c-4f2f-ab72-f8d3161c7a9e:192.168.69.90:46799], old=null
2019-10-16 17:18:27,284 [e40a46b2-8333-4456-9552-d7e48aaff595@group-87054B518F87-LeaderElection22] INFO  impl.LeaderElection (LeaderElection.java:askForVotes(178)) - e40a46b2-8333-4456-9552-d7e48aaff595@group-87054B518F87-LeaderElection22: begin an election at term 2 for -1: [e40a46b2-8333-4456-9552-d7e48aaff595:192.168.69.90:41501, 88f87a5a-1895-478a-a391-44ff176aee59:192.168.69.90:34309, ce7940c3-cf81-4e60-9959-5d5957212d6b:192.168.69.90:38676], old=null
2019-10-16 17:18:27,290 [Thread-399] INFO  impl.FollowerState (FollowerState.java:run(108)) - ce7940c3-cf81-4e60-9959-5d5957212d6b@group-87054B518F87-FollowerState: change to CANDIDATE, lastRpcTime:1099ms, electionTimeout:1092ms
2019-10-16 17:18:27,290 [Thread-399] INFO  impl.RoleInfo (RoleInfo.java:shutdownFollowerState(121)) - ce7940c3-cf81-4e60-9959-5d5957212d6b: shutdown FollowerState
2019-10-16 17:18:27,291 [Thread-399] INFO  impl.RaftServerImpl (RaftServerImpl.java:setRole(170)) - ce7940c3-cf81-4e60-9959-5d5957212d6b@group-87054B518F87: changes role from  FOLLOWER to CANDIDATE at term 1 for changeToCandidate
2019-10-16 17:18:27,291 [Thread-399] INFO  impl.RoleInfo (RoleInfo.java:updateAndGet(143)) - ce7940c3-cf81-4e60-9959-5d5957212d6b: start LeaderElection
2019-10-16 17:18:27,296 [grpc-default-executor-8] INFO  impl.RaftServerImpl (RaftServerImpl.java:setRole(170)) - 69c8fc0c-292c-4f2f-ab72-f8d3161c7a9e@group-E4D141D357F7: changes role from  FOLLOWER to FOLLOWER at term 2 for recognizeCandidate:402b0372-4819-4934-806f-9fa0520739e8
2019-10-16 17:18:27,296 [grpc-default-executor-8] INFO  impl.RoleInfo (RoleInfo.java:shutdownFollowerState(121)) - 69c8fc0c-292c-4f2f-ab72-f8d3161c7a9e: shutdown FollowerState
2019-10-16 17:18:27,296 [Thread-400] INFO  impl.FollowerState (FollowerState.java:run(117)) - 69c8fc0c-292c-4f2f-ab72-f8d3161c7a9e@group-E4D141D357F7-FollowerState was interrupted: java.lang.InterruptedException: sleep interrupted
2019-10-16 17:18:27,296 [grpc-default-executor-8] INFO  impl.RoleInfo (RoleInfo.java:updateAndGet(143)) - 69c8fc0c-292c-4f2f-ab72-f8d3161c7a9e: start FollowerState
2019-10-16 17:18:27,297 [grpc-default-executor-6] INFO  impl.RaftServerImpl (ServerState.java:setRaftConf(356)) - e2977a6c-6648-46b0-b933-4c020a2bfddc@group-C8506EB59547: set configuration 0: [edabc722-9974-498c-890b-46d66b917a65:192.168.69.90:35421, e2977a6c-6648-46b0-b933-4c020a2bfddc:192.168.69.90:34436, 36127643-2c32-4e4d-8f36-0b4a74ca3071:192.168.69.90:34023], old=null at 0
2019-10-16 17:18:27,297 [grpc-default-executor-10] INFO  impl.RaftServerImpl (ServerState.java:setRaftConf(356)) - 36127643-2c32-4e4d-8f36-0b4a74ca3071@group-C8506EB59547: set configuration 0: [edabc722-9974-498c-890b-46d66b917a65:192.168.69.90:35421, e2977a6c-6648-46b0-b933-4c020a2bfddc:192.168.69.90:34436, 36127643-2c32-4e4d-8f36-0b4a74ca3071:192.168.69.90:34023], old=null at 0
2019-10-16 17:18:27,297 [grpc-default-executor-6] INFO  segmented.SegmentedRaftLogWorker (SegmentedRaftLogWorker.java:startLogSegment(385)) - e2977a6c-6648-46b0-b933-4c020a2bfddc@group-C8506EB59547-SegmentedRaftLogWorker: Starting segment from index:0
2019-10-16 17:18:27,298 [grpc-default-executor-10] INFO  segmented.SegmentedRaftLogWorker (SegmentedRaftLogWorker.java:startLogSegment(385)) - 36127643-2c32-4e4d-8f36-0b4a74ca3071@group-C8506EB59547-SegmentedRaftLogWorker: Starting segment from index:0
2019-10-16 17:18:27,307 [ce7940c3-cf81-4e60-9959-5d5957212d6b@group-87054B518F87-LeaderElection25] INFO  impl.LeaderElection (LeaderElection.java:askForVotes(178)) - ce7940c3-cf81-4e60-9959-5d5957212d6b@group-87054B518F87-LeaderElection25: begin an election at term 2 for -1: [e40a46b2-8333-4456-9552-d7e48aaff595:192.168.69.90:41501, 88f87a5a-1895-478a-a391-44ff176aee59:192.168.69.90:34309, ce7940c3-cf81-4e60-9959-5d5957212d6b:192.168.69.90:38676], old=null
2019-10-16 17:18:27,309 [402b0372-4819-4934-806f-9fa0520739e8@group-E4D141D357F7-LeaderElection23] INFO  impl.LeaderElection (LeaderElection.java:logAndReturn(56)) - 402b0372-4819-4934-806f-9fa0520739e8@group-E4D141D357F7-LeaderElection23: Election PASSED; received 2 response(s) [402b0372-4819-4934-806f-9fa0520739e8<-39efc1e0-b8a0-46ae-8203-75644d0567c7#0:FAIL-t2, 402b0372-4819-4934-806f-9fa0520739e8<-69c8fc0c-292c-4f2f-ab72-f8d3161c7a9e#0:OK-t2] and 0 exception(s); 402b0372-4819-4934-806f-9fa0520739e8@group-E4D141D357F7:t2, leader=null, voted=402b0372-4819-4934-806f-9fa0520739e8, raftlog=402b0372-4819-4934-806f-9fa0520739e8@group-E4D141D357F7-SegmentedRaftLog:OPENED:c-1,f-1,i0, conf=-1: [39efc1e0-b8a0-46ae-8203-75644d0567c7:192.168.69.90:37505, 402b0372-4819-4934-806f-9fa0520739e8:192.168.69.90:42033, 69c8fc0c-292c-4f2f-ab72-f8d3161c7a9e:192.168.69.90:46799], old=null
2019-10-16 17:18:27,309 [e40a46b2-8333-4456-9552-d7e48aaff595@group-87054B518F87-LeaderElection22] INFO  impl.LeaderElection (LeaderElection.java:logAndReturn(56)) - e40a46b2-8333-4456-9552-d7e48aaff595@group-87054B518F87-LeaderElection22: Election REJECTED; received 2 response(s) [e40a46b2-8333-4456-9552-d7e48aaff595<-88f87a5a-1895-478a-a391-44ff176aee59#0:FAIL-t2, e40a46b2-8333-4456-9552-d7e48aaff595<-ce7940c3-cf81-4e60-9959-5d5957212d6b#0:FAIL-t2] and 0 exception(s); e40a46b2-8333-4456-9552-d7e48aaff595@group-87054B518F87:t2, leader=null, voted=e40a46b2-8333-4456-9552-d7e48aaff595, raftlog=e40a46b2-8333-4456-9552-d7e48aaff595@group-87054B518F87-SegmentedRaftLog:OPENED:c-1,f-1,i0, conf=-1: [e40a46b2-8333-4456-9552-d7e48aaff595:192.168.69.90:41501, 88f87a5a-1895-478a-a391-44ff176aee59:192.168.69.90:34309, ce7940c3-cf81-4e60-9959-5d5957212d6b:192.168.69.90:38676], old=null
2019-10-16 17:18:27,311 [88f87a5a-1895-478a-a391-44ff176aee59@group-87054B518F87-LeaderElection21] INFO  impl.LeaderElection (LeaderElection.java:logAndReturn(56)) - 88f87a5a-1895-478a-a391-44ff176aee59@group-87054B518F87-LeaderElection21: Election REJECTED; received 2 response(s) [88f87a5a-1895-478a-a391-44ff176aee59<-e40a46b2-8333-4456-9552-d7e48aaff595#0:FAIL-t2, 88f87a5a-1895-478a-a391-44ff176aee59<-ce7940c3-cf81-4e60-9959-5d5957212d6b#0:FAIL-t2] and 0 exception(s); 88f87a5a-1895-478a-a391-44ff176aee59@group-87054B518F87:t2, leader=null, voted=88f87a5a-1895-478a-a391-44ff176aee59, raftlog=88f87a5a-1895-478a-a391-44ff176aee59@group-87054B518F87-SegmentedRaftLog:OPENED:c-1,f-1,i0, conf=-1: [e40a46b2-8333-4456-9552-d7e48aaff595:192.168.69.90:41501, 88f87a5a-1895-478a-a391-44ff176aee59:192.168.69.90:34309, ce7940c3-cf81-4e60-9959-5d5957212d6b:192.168.69.90:38676], old=null
2019-10-16 17:18:27,435 [e40a46b2-8333-4456-9552-d7e48aaff595@group-87054B518F87-LeaderElection22] INFO  impl.RaftServerImpl (RaftServerImpl.java:setRole(170)) - e40a46b2-8333-4456-9552-d7e48aaff595@group-87054B518F87: changes role from CANDIDATE to FOLLOWER at term 2 for DISCOVERED_A_NEW_TERM
2019-10-16 17:18:27,435 [402b0372-4819-4934-806f-9fa0520739e8@group-E4D141D357F7-LeaderElection23] INFO  impl.RoleInfo (RoleInfo.java:shutdownLeaderElection(134)) - 402b0372-4819-4934-806f-9fa0520739e8: shutdown LeaderElection
2019-10-16 17:18:27,343 [36127643-2c32-4e4d-8f36-0b4a74ca3071@group-C8506EB59547-SegmentedRaftLogWorker] INFO  segmented.SegmentedRaftLogWorker (SegmentedRaftLogWorker.java:execute(574)) - 36127643-2c32-4e4d-8f36-0b4a74ca3071@group-C8506EB59547-SegmentedRaftLogWorker: created new log segment /workdir/hadoop-ozone/integration-test/target/test-dir/MiniOzoneClusterImpl-1b119847-9446-4130-a6ab-c741bf0ba7df/datanode-5/data/ratis/6feb2f47-d62f-4fef-8cd9-c8506eb59547/current/log_inprogress_0
2019-10-16 17:18:27,343 [e2977a6c-6648-46b0-b933-4c020a2bfddc@group-C8506EB59547-SegmentedRaftLogWorker] INFO  segmented.SegmentedRaftLogWorker (SegmentedRaftLogWorker.java:execute(574)) - e2977a6c-6648-46b0-b933-4c020a2bfddc@group-C8506EB59547-SegmentedRaftLogWorker: created new log segment /workdir/hadoop-ozone/integration-test/target/test-dir/MiniOzoneClusterImpl-1b119847-9446-4130-a6ab-c741bf0ba7df/datanode-1/data/ratis/6feb2f47-d62f-4fef-8cd9-c8506eb59547/current/log_inprogress_0
2019-10-16 17:18:27,311 [39efc1e0-b8a0-46ae-8203-75644d0567c7@group-E4D141D357F7-LeaderElection24] INFO  impl.LeaderElection (LeaderElection.java:logAndReturn(56)) - 39efc1e0-b8a0-46ae-8203-75644d0567c7@group-E4D141D357F7-LeaderElection24: Election REJECTED; received 2 response(s) [39efc1e0-b8a0-46ae-8203-75644d0567c7<-402b0372-4819-4934-806f-9fa0520739e8#0:FAIL-t2, 39efc1e0-b8a0-46ae-8203-75644d0567c7<-69c8fc0c-292c-4f2f-ab72-f8d3161c7a9e#0:FAIL-t2] and 0 exception(s); 39efc1e0-b8a0-46ae-8203-75644d0567c7@group-E4D141D357F7:t2, leader=null, voted=39efc1e0-b8a0-46ae-8203-75644d0567c7, raftlog=39efc1e0-b8a0-46ae-8203-75644d0567c7@group-E4D141D357F7-SegmentedRaftLog:OPENED:c-1,f-1,i0, conf=-1: [39efc1e0-b8a0-46ae-8203-75644d0567c7:192.168.69.90:37505, 402b0372-4819-4934-806f-9fa0520739e8:192.168.69.90:42033, 69c8fc0c-292c-4f2f-ab72-f8d3161c7a9e:192.168.69.90:46799], old=null
2019-10-16 17:18:27,445 [402b0372-4819-4934-806f-9fa0520739e8@group-E4D141D357F7-LeaderElection23] INFO  impl.RaftServerImpl (RaftServerImpl.java:setRole(170)) - 402b0372-4819-4934-806f-9fa0520739e8@group-E4D141D357F7: changes role from CANDIDATE to LEADER at term 2 for changeToLeader
2019-10-16 17:18:27,443 [e40a46b2-8333-4456-9552-d7e48aaff595@group-87054B518F87-LeaderElection22] INFO  impl.RoleInfo (RoleInfo.java:shutdownLeaderElection(134)) - e40a46b2-8333-4456-9552-d7e48aaff595: shutdown LeaderElection
2019-10-16 17:18:27,448 [39efc1e0-b8a0-46ae-8203-75644d0567c7@group-E4D141D357F7-LeaderElection24] INFO  impl.RaftServerImpl (RaftServerImpl.java:setRole(170)) - 39efc1e0-b8a0-46ae-8203-75644d0567c7@group-E4D141D357F7: changes role from CANDIDATE to FOLLOWER at term 2 for DISCOVERED_A_NEW_TERM
2019-10-16 17:18:27,439 [88f87a5a-1895-478a-a391-44ff176aee59@group-87054B518F87-LeaderElection21] INFO  impl.RaftServerImpl (RaftServerImpl.java:setRole(170)) - 88f87a5a-1895-478a-a391-44ff176aee59@group-87054B518F87: changes role from CANDIDATE to FOLLOWER at term 2 for DISCOVERED_A_NEW_TERM
2019-10-16 17:18:27,448 [e40a46b2-8333-4456-9552-d7e48aaff595@group-87054B518F87-LeaderElection22] INFO  impl.RoleInfo (RoleInfo.java:updateAndGet(143)) - e40a46b2-8333-4456-9552-d7e48aaff595: start FollowerState
2019-10-16 17:18:27,448 [39efc1e0-b8a0-46ae-8203-75644d0567c7@group-E4D141D357F7-LeaderElection24] INFO  impl.RoleInfo (RoleInfo.java:shutdownLeaderElection(134)) - 39efc1e0-b8a0-46ae-8203-75644d0567c7: shutdown LeaderElection
2019-10-16 17:18:27,448 [402b0372-4819-4934-806f-9fa0520739e8@group-E4D141D357F7-LeaderElection23] INFO  impl.RaftServerImpl (ServerState.java:setLeader(255)) - 402b0372-4819-4934-806f-9fa0520739e8@group-E4D141D357F7: change Leader from null to 402b0372-4819-4934-806f-9fa0520739e8 at term 2 for becomeLeader, leader elected after 3342ms
2019-10-16 17:18:27,450 [39efc1e0-b8a0-46ae-8203-75644d0567c7@group-E4D141D357F7-LeaderElection24] INFO  impl.RoleInfo (RoleInfo.java:updateAndGet(143)) - 39efc1e0-b8a0-46ae-8203-75644d0567c7: start FollowerState
2019-10-16 17:18:27,448 [88f87a5a-1895-478a-a391-44ff176aee59@group-87054B518F87-LeaderElection21] INFO  impl.RoleInfo (RoleInfo.java:shutdownLeaderElection(134)) - 88f87a5a-1895-478a-a391-44ff176aee59: shutdown LeaderElection
2019-10-16 17:18:27,450 [402b0372-4819-4934-806f-9fa0520739e8@group-E4D141D357F7-LeaderElection23] INFO  server.RaftServerConfigKeys (ConfUtils.java:logGet(43)) - raft.server.staging.catchup.gap = 1000 (default)
2019-10-16 17:18:27,452 [402b0372-4819-4934-806f-9fa0520739e8@group-E4D141D357F7-LeaderElection23] INFO  server.RaftServerConfigKeys (ConfUtils.java:logGet(43)) - raft.server.rpc.sleep.time = 25ms (default)
2019-10-16 17:18:27,452 [402b0372-4819-4934-806f-9fa0520739e8@group-E4D141D357F7-LeaderElection23] INFO  server.RaftServerConfigKeys (ConfUtils.java:logGet(43)) - raft.server.write.element-limit = 4096 (default)
2019-10-16 17:18:27,453 [402b0372-4819-4934-806f-9fa0520739e8@group-E4D141D357F7-LeaderElection23] INFO  server.RaftServerConfigKeys (ConfUtils.java:logGet(43)) - raft.server.watch.timeout = 10s (default)
2019-10-16 17:18:27,453 [402b0372-4819-4934-806f-9fa0520739e8@group-E4D141D357F7-LeaderElection23] INFO  server.RaftServerConfigKeys (ConfUtils.java:logGet(43)) - raft.server.watch.timeout.denomination = 1s (default)
2019-10-16 17:18:27,453 [402b0372-4819-4934-806f-9fa0520739e8@group-E4D141D357F7-LeaderElection23] INFO  server.RaftServerConfigKeys (ConfUtils.java:logGet(43)) - raft.server.watch.element-limit = 65536 (default)
2019-10-16 17:18:27,454 [88f87a5a-1895-478a-a391-44ff176aee59@group-87054B518F87-LeaderElection21] INFO  impl.RoleInfo (RoleInfo.java:updateAndGet(143)) - 88f87a5a-1895-478a-a391-44ff176aee59: start FollowerState
2019-10-16 17:18:27,458 [402b0372-4819-4934-806f-9fa0520739e8@group-E4D141D357F7-LeaderElection23] INFO  server.RaftServerConfigKeys (ConfUtils.java:logGet(43)) - raft.server.log.appender.snapshot.chunk.size.max = 16MB (=16777216) (default)
2019-10-16 17:18:27,458 [402b0372-4819-4934-806f-9fa0520739e8@group-E4D141D357F7-LeaderElection23] INFO  server.RaftServerConfigKeys (ConfUtils.java:logGet(43)) - raft.server.log.appender.buffer.byte-limit = 33554432 (custom)
2019-10-16 17:18:27,458 [402b0372-4819-4934-806f-9fa0520739e8@group-E4D141D357F7-LeaderElection23] INFO  server.RaftServerConfigKeys (ConfUtils.java:logGet(43)) - raft.server.log.appender.buffer.element-limit = 1 (custom)
2019-10-16 17:18:28,171 [402b0372-4819-4934-806f-9fa0520739e8@group-E4D141D357F7-LeaderElection23] INFO  grpc.GrpcConfigKeys$Server (ConfUtils.java:logGet(43)) - raft.grpc.server.leader.outstanding.appends.max = 128 (default)
2019-10-16 17:18:28,179 [402b0372-4819-4934-806f-9fa0520739e8@group-E4D141D357F7-LeaderElection23] INFO  server.RaftServerConfigKeys (ConfUtils.java:logGet(43)) - raft.server.rpc.request.timeout = 3000ms (default)
2019-10-16 17:18:28,179 [402b0372-4819-4934-806f-9fa0520739e8@group-E4D141D357F7-LeaderElection23] INFO  server.RaftServerConfigKeys (ConfUtils.java:logGet(43)) - raft.server.log.appender.install.snapshot.enabled = false (custom)
2019-10-16 17:18:28,180 [402b0372-4819-4934-806f-9fa0520739e8@group-E4D141D357F7-LeaderElection23] INFO  server.RaftServerConfigKeys (ConfUtils.java:logGet(43)) - raft.server.log.appender.snapshot.chunk.size.max = 16MB (=16777216) (default)
2019-10-16 17:18:28,180 [402b0372-4819-4934-806f-9fa0520739e8@group-E4D141D357F7-LeaderElection23] INFO  server.RaftServerConfigKeys (ConfUtils.java:logGet(43)) - raft.server.log.appender.buffer.byte-limit = 33554432 (custom)
2019-10-16 17:18:28,180 [402b0372-4819-4934-806f-9fa0520739e8@group-E4D141D357F7-LeaderElection23] INFO  server.RaftServerConfigKeys (ConfUtils.java:logGet(43)) - raft.server.log.appender.buffer.element-limit = 1 (custom)
2019-10-16 17:18:28,180 [402b0372-4819-4934-806f-9fa0520739e8@group-E4D141D357F7-LeaderElection23] INFO  grpc.GrpcConfigKeys$Server (ConfUtils.java:logGet(43)) - raft.grpc.server.leader.outstanding.appends.max = 128 (default)
2019-10-16 17:18:28,181 [402b0372-4819-4934-806f-9fa0520739e8@group-E4D141D357F7-LeaderElection23] INFO  server.RaftServerConfigKeys (ConfUtils.java:logGet(43)) - raft.server.rpc.request.timeout = 3000ms (default)
2019-10-16 17:18:28,181 [402b0372-4819-4934-806f-9fa0520739e8@group-E4D141D357F7-LeaderElection23] INFO  server.RaftServerConfigKeys (ConfUtils.java:logGet(43)) - raft.server.log.appender.install.snapshot.enabled = false (custom)
2019-10-16 17:18:28,181 [402b0372-4819-4934-806f-9fa0520739e8@group-E4D141D357F7-LeaderElection23] INFO  impl.RoleInfo (RoleInfo.java:updateAndGet(143)) - 402b0372-4819-4934-806f-9fa0520739e8: start LeaderState
2019-10-16 17:18:28,182 [402b0372-4819-4934-806f-9fa0520739e8@group-E4D141D357F7-LeaderElection23] INFO  segmented.SegmentedRaftLogWorker (SegmentedRaftLogWorker.java:startLogSegment(385)) - 402b0372-4819-4934-806f-9fa0520739e8@group-E4D141D357F7-SegmentedRaftLogWorker: Starting segment from index:0
2019-10-16 17:18:28,182 [ce7940c3-cf81-4e60-9959-5d5957212d6b@group-87054B518F87-LeaderElection25] INFO  impl.LeaderElection (LeaderElection.java:logAndReturn(56)) - ce7940c3-cf81-4e60-9959-5d5957212d6b@group-87054B518F87-LeaderElection25: Election REJECTED; received 2 response(s) [ce7940c3-cf81-4e60-9959-5d5957212d6b<-e40a46b2-8333-4456-9552-d7e48aaff595#0:FAIL-t2, ce7940c3-cf81-4e60-9959-5d5957212d6b<-88f87a5a-1895-478a-a391-44ff176aee59#0:FAIL-t2] and 0 exception(s); ce7940c3-cf81-4e60-9959-5d5957212d6b@group-87054B518F87:t2, leader=null, voted=ce7940c3-cf81-4e60-9959-5d5957212d6b, raftlog=ce7940c3-cf81-4e60-9959-5d5957212d6b@group-87054B518F87-SegmentedRaftLog:OPENED:c-1,f-1,i0, conf=-1: [e40a46b2-8333-4456-9552-d7e48aaff595:192.168.69.90:41501, 88f87a5a-1895-478a-a391-44ff176aee59:192.168.69.90:34309, ce7940c3-cf81-4e60-9959-5d5957212d6b:192.168.69.90:38676], old=null
2019-10-16 17:18:28,183 [ce7940c3-cf81-4e60-9959-5d5957212d6b@group-87054B518F87-LeaderElection25] INFO  impl.RaftServerImpl (RaftServerImpl.java:setRole(170)) - ce7940c3-cf81-4e60-9959-5d5957212d6b@group-87054B518F87: changes role from CANDIDATE to FOLLOWER at term 2 for DISCOVERED_A_NEW_TERM
2019-10-16 17:18:28,183 [402b0372-4819-4934-806f-9fa0520739e8@group-E4D141D357F7-LeaderElection23] INFO  impl.RaftServerImpl (ServerState.java:setRaftConf(356)) - 402b0372-4819-4934-806f-9fa0520739e8@group-E4D141D357F7: set configuration 0: [39efc1e0-b8a0-46ae-8203-75644d0567c7:192.168.69.90:37505, 402b0372-4819-4934-806f-9fa0520739e8:192.168.69.90:42033, 69c8fc0c-292c-4f2f-ab72-f8d3161c7a9e:192.168.69.90:46799], old=null at 0
2019-10-16 17:18:28,219 [ce7940c3-cf81-4e60-9959-5d5957212d6b@group-87054B518F87-LeaderElection25] INFO  impl.RoleInfo (RoleInfo.java:shutdownLeaderElection(134)) - ce7940c3-cf81-4e60-9959-5d5957212d6b: shutdown LeaderElection
2019-10-16 17:18:28,224 [ce7940c3-cf81-4e60-9959-5d5957212d6b@group-87054B518F87-LeaderElection25] INFO  impl.RoleInfo (RoleInfo.java:updateAndGet(143)) - ce7940c3-cf81-4e60-9959-5d5957212d6b: start FollowerState
2019-10-16 17:18:28,231 [grpc-default-executor-4] INFO  impl.RaftServerImpl (ServerState.java:setLeader(255)) - 69c8fc0c-292c-4f2f-ab72-f8d3161c7a9e@group-E4D141D357F7: change Leader from null to 402b0372-4819-4934-806f-9fa0520739e8 at term 2 for appendEntries, leader elected after 4128ms
2019-10-16 17:18:28,232 [402b0372-4819-4934-806f-9fa0520739e8@group-E4D141D357F7-SegmentedRaftLogWorker] INFO  segmented.SegmentedRaftLogWorker (SegmentedRaftLogWorker.java:execute(574)) - 402b0372-4819-4934-806f-9fa0520739e8@group-E4D141D357F7-SegmentedRaftLogWorker: created new log segment /workdir/hadoop-ozone/integration-test/target/test-dir/MiniOzoneClusterImpl-1b119847-9446-4130-a6ab-c741bf0ba7df/datanode-2/data/ratis/0569b7da-d16a-454e-8373-e4d141d357f7/current/log_inprogress_0
2019-10-16 17:18:28,239 [grpc-default-executor-10] INFO  impl.RaftServerImpl (ServerState.java:setLeader(255)) - 39efc1e0-b8a0-46ae-8203-75644d0567c7@group-E4D141D357F7: change Leader from null to 402b0372-4819-4934-806f-9fa0520739e8 at term 2 for appendEntries, leader elected after 4136ms
2019-10-16 17:18:28,451 [Thread-433] INFO  impl.FollowerState (FollowerState.java:run(108)) - e40a46b2-8333-4456-9552-d7e48aaff595@group-87054B518F87-FollowerState: change to CANDIDATE, lastRpcTime:1002ms, electionTimeout:1000ms
2019-10-16 17:18:28,451 [Thread-433] INFO  impl.RoleInfo (RoleInfo.java:shutdownFollowerState(121)) - e40a46b2-8333-4456-9552-d7e48aaff595: shutdown FollowerState
2019-10-16 17:18:28,451 [Thread-433] INFO  impl.RaftServerImpl (RaftServerImpl.java:setRole(170)) - e40a46b2-8333-4456-9552-d7e48aaff595@group-87054B518F87: changes role from  FOLLOWER to CANDIDATE at term 2 for changeToCandidate
2019-10-16 17:18:28,544 [Thread-433] INFO  impl.RoleInfo (RoleInfo.java:updateAndGet(143)) - e40a46b2-8333-4456-9552-d7e48aaff595: start LeaderElection
2019-10-16 17:18:28,857 [Thread-435] INFO  impl.FollowerState (FollowerState.java:run(108)) - 88f87a5a-1895-478a-a391-44ff176aee59@group-87054B518F87-FollowerState: change to CANDIDATE, lastRpcTime:1405ms, electionTimeout:1141ms
2019-10-16 17:18:28,857 [Thread-435] INFO  impl.RoleInfo (RoleInfo.java:shutdownFollowerState(121)) - 88f87a5a-1895-478a-a391-44ff176aee59: shutdown FollowerState
2019-10-16 17:18:28,862 [Thread-435] INFO  impl.RaftServerImpl (RaftServerImpl.java:setRole(170)) - 88f87a5a-1895-478a-a391-44ff176aee59@group-87054B518F87: changes role from  FOLLOWER to CANDIDATE at term 2 for changeToCandidate
2019-10-16 17:18:28,863 [Thread-435] INFO  impl.RoleInfo (RoleInfo.java:updateAndGet(143)) - 88f87a5a-1895-478a-a391-44ff176aee59: start LeaderElection
2019-10-16 17:18:28,887 [88f87a5a-1895-478a-a391-44ff176aee59@group-87054B518F87-LeaderElection27] INFO  impl.LeaderElection (LeaderElection.java:askForVotes(178)) - 88f87a5a-1895-478a-a391-44ff176aee59@group-87054B518F87-LeaderElection27: begin an election at term 3 for -1: [e40a46b2-8333-4456-9552-d7e48aaff595:192.168.69.90:41501, 88f87a5a-1895-478a-a391-44ff176aee59:192.168.69.90:34309, ce7940c3-cf81-4e60-9959-5d5957212d6b:192.168.69.90:38676], old=null
2019-10-16 17:18:28,887 [e40a46b2-8333-4456-9552-d7e48aaff595@group-87054B518F87-LeaderElection26] INFO  impl.LeaderElection (LeaderElection.java:askForVotes(178)) - e40a46b2-8333-4456-9552-d7e48aaff595@group-87054B518F87-LeaderElection26: begin an election at term 3 for -1: [e40a46b2-8333-4456-9552-d7e48aaff595:192.168.69.90:41501, 88f87a5a-1895-478a-a391-44ff176aee59:192.168.69.90:34309, ce7940c3-cf81-4e60-9959-5d5957212d6b:192.168.69.90:38676], old=null
2019-10-16 17:18:28,888 [grpc-default-executor-6] INFO  impl.RaftServerImpl (ServerState.java:setRaftConf(356)) - 69c8fc0c-292c-4f2f-ab72-f8d3161c7a9e@group-E4D141D357F7: set configuration 0: [39efc1e0-b8a0-46ae-8203-75644d0567c7:192.168.69.90:37505, 402b0372-4819-4934-806f-9fa0520739e8:192.168.69.90:42033, 69c8fc0c-292c-4f2f-ab72-f8d3161c7a9e:192.168.69.90:46799], old=null at 0
2019-10-16 17:18:28,890 [grpc-default-executor-4] INFO  impl.RaftServerImpl (ServerState.java:setRaftConf(356)) - 39efc1e0-b8a0-46ae-8203-75644d0567c7@group-E4D141D357F7: set configuration 0: [39efc1e0-b8a0-46ae-8203-75644d0567c7:192.168.69.90:37505, 402b0372-4819-4934-806f-9fa0520739e8:192.168.69.90:42033, 69c8fc0c-292c-4f2f-ab72-f8d3161c7a9e:192.168.69.90:46799], old=null at 0
2019-10-16 17:18:28,890 [grpc-default-executor-6] INFO  segmented.SegmentedRaftLogWorker (SegmentedRaftLogWorker.java:startLogSegment(385)) - 69c8fc0c-292c-4f2f-ab72-f8d3161c7a9e@group-E4D141D357F7-SegmentedRaftLogWorker: Starting segment from index:0
2019-10-16 17:18:28,891 [grpc-default-executor-4] INFO  segmented.SegmentedRaftLogWorker (SegmentedRaftLogWorker.java:startLogSegment(385)) - 39efc1e0-b8a0-46ae-8203-75644d0567c7@group-E4D141D357F7-SegmentedRaftLogWorker: Starting segment from index:0
2019-10-16 17:18:28,893 [grpc-default-executor-4] INFO  impl.RaftServerImpl (RaftServerImpl.java:setRole(170)) - ce7940c3-cf81-4e60-9959-5d5957212d6b@group-87054B518F87: changes role from  FOLLOWER to FOLLOWER at term 3 for recognizeCandidate:88f87a5a-1895-478a-a391-44ff176aee59
2019-10-16 17:18:28,894 [grpc-default-executor-4] INFO  impl.RoleInfo (RoleInfo.java:shutdownFollowerState(121)) - ce7940c3-cf81-4e60-9959-5d5957212d6b: shutdown FollowerState
2019-10-16 17:18:28,894 [Thread-444] INFO  impl.FollowerState (FollowerState.java:run(117)) - ce7940c3-cf81-4e60-9959-5d5957212d6b@group-87054B518F87-FollowerState was interrupted: java.lang.InterruptedException: sleep interrupted
2019-10-16 17:18:28,894 [grpc-default-executor-4] INFO  impl.RoleInfo (RoleInfo.java:updateAndGet(143)) - ce7940c3-cf81-4e60-9959-5d5957212d6b: start FollowerState
2019-10-16 17:18:28,940 [69c8fc0c-292c-4f2f-ab72-f8d3161c7a9e@group-E4D141D357F7-SegmentedRaftLogWorker] INFO  segmented.SegmentedRaftLogWorker (SegmentedRaftLogWorker.java:execute(574)) - 69c8fc0c-292c-4f2f-ab72-f8d3161c7a9e@group-E4D141D357F7-SegmentedRaftLogWorker: created new log segment /workdir/hadoop-ozone/integration-test/target/test-dir/MiniOzoneClusterImpl-1b119847-9446-4130-a6ab-c741bf0ba7df/datanode-3/data/ratis/0569b7da-d16a-454e-8373-e4d141d357f7/current/log_inprogress_0
2019-10-16 17:18:28,940 [39efc1e0-b8a0-46ae-8203-75644d0567c7@group-E4D141D357F7-SegmentedRaftLogWorker] INFO  segmented.SegmentedRaftLogWorker (SegmentedRaftLogWorker.java:execute(574)) - 39efc1e0-b8a0-46ae-8203-75644d0567c7@group-E4D141D357F7-SegmentedRaftLogWorker: created new log segment /workdir/hadoop-ozone/integration-test/target/test-dir/MiniOzoneClusterImpl-1b119847-9446-4130-a6ab-c741bf0ba7df/datanode-8/data/ratis/0569b7da-d16a-454e-8373-e4d141d357f7/current/log_inprogress_0
2019-10-16 17:18:28,943 [88f87a5a-1895-478a-a391-44ff176aee59@group-87054B518F87-LeaderElection27] INFO  impl.LeaderElection (LeaderElection.java:logAndReturn(56)) - 88f87a5a-1895-478a-a391-44ff176aee59@group-87054B518F87-LeaderElection27: Election PASSED; received 2 response(s) [88f87a5a-1895-478a-a391-44ff176aee59<-e40a46b2-8333-4456-9552-d7e48aaff595#0:FAIL-t3, 88f87a5a-1895-478a-a391-44ff176aee59<-ce7940c3-cf81-4e60-9959-5d5957212d6b#0:OK-t3] and 0 exception(s); 88f87a5a-1895-478a-a391-44ff176aee59@group-87054B518F87:t3, leader=null, voted=88f87a5a-1895-478a-a391-44ff176aee59, raftlog=88f87a5a-1895-478a-a391-44ff176aee59@group-87054B518F87-SegmentedRaftLog:OPENED:c-1,f-1,i0, conf=-1: [e40a46b2-8333-4456-9552-d7e48aaff595:192.168.69.90:41501, 88f87a5a-1895-478a-a391-44ff176aee59:192.168.69.90:34309, ce7940c3-cf81-4e60-9959-5d5957212d6b:192.168.69.90:38676], old=null
2019-10-16 17:18:28,943 [e40a46b2-8333-4456-9552-d7e48aaff595@group-87054B518F87-LeaderElection26] INFO  impl.LeaderElection (LeaderElection.java:logAndReturn(56)) - e40a46b2-8333-4456-9552-d7e48aaff595@group-87054B518F87-LeaderElection26: Election REJECTED; received 2 response(s) [e40a46b2-8333-4456-9552-d7e48aaff595<-88f87a5a-1895-478a-a391-44ff176aee59#0:FAIL-t3, e40a46b2-8333-4456-9552-d7e48aaff595<-ce7940c3-cf81-4e60-9959-5d5957212d6b#0:FAIL-t3] and 0 exception(s); e40a46b2-8333-4456-9552-d7e48aaff595@group-87054B518F87:t3, leader=null, voted=e40a46b2-8333-4456-9552-d7e48aaff595, raftlog=e40a46b2-8333-4456-9552-d7e48aaff595@group-87054B518F87-SegmentedRaftLog:OPENED:c-1,f-1,i0, conf=-1: [e40a46b2-8333-4456-9552-d7e48aaff595:192.168.69.90:41501, 88f87a5a-1895-478a-a391-44ff176aee59:192.168.69.90:34309, ce7940c3-cf81-4e60-9959-5d5957212d6b:192.168.69.90:38676], old=null
2019-10-16 17:18:28,943 [88f87a5a-1895-478a-a391-44ff176aee59@group-87054B518F87-LeaderElection27] INFO  impl.RoleInfo (RoleInfo.java:shutdownLeaderElection(134)) - 88f87a5a-1895-478a-a391-44ff176aee59: shutdown LeaderElection
2019-10-16 17:18:28,946 [88f87a5a-1895-478a-a391-44ff176aee59@group-87054B518F87-LeaderElection27] INFO  impl.RaftServerImpl (RaftServerImpl.java:setRole(170)) - 88f87a5a-1895-478a-a391-44ff176aee59@group-87054B518F87: changes role from CANDIDATE to LEADER at term 3 for changeToLeader
2019-10-16 17:18:28,947 [88f87a5a-1895-478a-a391-44ff176aee59@group-87054B518F87-LeaderElection27] INFO  impl.RaftServerImpl (ServerState.java:setLeader(255)) - 88f87a5a-1895-478a-a391-44ff176aee59@group-87054B518F87: change Leader from null to 88f87a5a-1895-478a-a391-44ff176aee59 at term 3 for becomeLeader, leader elected after 4965ms
2019-10-16 17:18:28,947 [88f87a5a-1895-478a-a391-44ff176aee59@group-87054B518F87-LeaderElection27] INFO  server.RaftServerConfigKeys (ConfUtils.java:logGet(43)) - raft.server.staging.catchup.gap = 1000 (default)
2019-10-16 17:18:28,947 [e40a46b2-8333-4456-9552-d7e48aaff595@group-87054B518F87-LeaderElection26] INFO  impl.RaftServerImpl (RaftServerImpl.java:setRole(170)) - e40a46b2-8333-4456-9552-d7e48aaff595@group-87054B518F87: changes role from CANDIDATE to FOLLOWER at term 3 for DISCOVERED_A_NEW_TERM
2019-10-16 17:18:28,947 [88f87a5a-1895-478a-a391-44ff176aee59@group-87054B518F87-LeaderElection27] INFO  server.RaftServerConfigKeys (ConfUtils.java:logGet(43)) - raft.server.rpc.sleep.time = 25ms (default)
2019-10-16 17:18:28,957 [e40a46b2-8333-4456-9552-d7e48aaff595@group-87054B518F87-LeaderElection26] INFO  impl.RoleInfo (RoleInfo.java:shutdownLeaderElection(134)) - e40a46b2-8333-4456-9552-d7e48aaff595: shutdown LeaderElection
2019-10-16 17:18:28,960 [88f87a5a-1895-478a-a391-44ff176aee59@group-87054B518F87-LeaderElection27] INFO  server.RaftServerConfigKeys (ConfUtils.java:logGet(43)) - raft.server.write.element-limit = 4096 (default)
2019-10-16 17:18:28,960 [e40a46b2-8333-4456-9552-d7e48aaff595@group-87054B518F87-LeaderElection26] INFO  impl.RoleInfo (RoleInfo.java:updateAndGet(143)) - e40a46b2-8333-4456-9552-d7e48aaff595: start FollowerState
2019-10-16 17:18:28,960 [88f87a5a-1895-478a-a391-44ff176aee59@group-87054B518F87-LeaderElection27] INFO  server.RaftServerConfigKeys (ConfUtils.java:logGet(43)) - raft.server.watch.timeout = 10s (default)
2019-10-16 17:18:28,961 [88f87a5a-1895-478a-a391-44ff176aee59@group-87054B518F87-LeaderElection27] INFO  server.RaftServerConfigKeys (ConfUtils.java:logGet(43)) - raft.server.watch.timeout.denomination = 1s (default)
2019-10-16 17:18:28,961 [88f87a5a-1895-478a-a391-44ff176aee59@group-87054B518F87-LeaderElection27] INFO  server.RaftServerConfigKeys (ConfUtils.java:logGet(43)) - raft.server.watch.element-limit = 65536 (default)
2019-10-16 17:18:28,964 [88f87a5a-1895-478a-a391-44ff176aee59@group-87054B518F87-LeaderElection27] INFO  server.RaftServerConfigKeys (ConfUtils.java:logGet(43)) - raft.server.log.appender.snapshot.chunk.size.max = 16MB (=16777216) (default)
2019-10-16 17:18:28,964 [88f87a5a-1895-478a-a391-44ff176aee59@group-87054B518F87-LeaderElection27] INFO  server.RaftServerConfigKeys (ConfUtils.java:logGet(43)) - raft.server.log.appender.buffer.byte-limit = 33554432 (custom)
2019-10-16 17:18:28,964 [88f87a5a-1895-478a-a391-44ff176aee59@group-87054B518F87-LeaderElection27] INFO  server.RaftServerConfigKeys (ConfUtils.java:logGet(43)) - raft.server.log.appender.buffer.element-limit = 1 (custom)
2019-10-16 17:18:28,965 [88f87a5a-1895-478a-a391-44ff176aee59@group-87054B518F87-LeaderElection27] INFO  grpc.GrpcConfigKeys$Server (ConfUtils.java:logGet(43)) - raft.grpc.server.leader.outstanding.appends.max = 128 (default)
2019-10-16 17:18:28,965 [88f87a5a-1895-478a-a391-44ff176aee59@group-87054B518F87-LeaderElection27] INFO  server.RaftServerConfigKeys (ConfUtils.java:logGet(43)) - raft.server.rpc.request.timeout = 3000ms (default)
2019-10-16 17:18:28,965 [88f87a5a-1895-478a-a391-44ff176aee59@group-87054B518F87-LeaderElection27] INFO  server.RaftServerConfigKeys (ConfUtils.java:logGet(43)) - raft.server.log.appender.install.snapshot.enabled = false (custom)
2019-10-16 17:18:28,965 [88f87a5a-1895-478a-a391-44ff176aee59@group-87054B518F87-LeaderElection27] INFO  server.RaftServerConfigKeys (ConfUtils.java:logGet(43)) - raft.server.log.appender.snapshot.chunk.size.max = 16MB (=16777216) (default)
2019-10-16 17:18:28,965 [88f87a5a-1895-478a-a391-44ff176aee59@group-87054B518F87-LeaderElection27] INFO  server.RaftServerConfigKeys (ConfUtils.java:logGet(43)) - raft.server.log.appender.buffer.byte-limit = 33554432 (custom)
2019-10-16 17:18:28,966 [88f87a5a-1895-478a-a391-44ff176aee59@group-87054B518F87-LeaderElection27] INFO  server.RaftServerConfigKeys (ConfUtils.java:logGet(43)) - raft.server.log.appender.buffer.element-limit = 1 (custom)
2019-10-16 17:18:28,966 [88f87a5a-1895-478a-a391-44ff176aee59@group-87054B518F87-LeaderElection27] INFO  grpc.GrpcConfigKeys$Server (ConfUtils.java:logGet(43)) - raft.grpc.server.leader.outstanding.appends.max = 128 (default)
2019-10-16 17:18:28,966 [88f87a5a-1895-478a-a391-44ff176aee59@group-87054B518F87-LeaderElection27] INFO  server.RaftServerConfigKeys (ConfUtils.java:logGet(43)) - raft.server.rpc.request.timeout = 3000ms (default)
2019-10-16 17:18:28,966 [88f87a5a-1895-478a-a391-44ff176aee59@group-87054B518F87-LeaderElection27] INFO  server.RaftServerConfigKeys (ConfUtils.java:logGet(43)) - raft.server.log.appender.install.snapshot.enabled = false (custom)
2019-10-16 17:18:28,966 [88f87a5a-1895-478a-a391-44ff176aee59@group-87054B518F87-LeaderElection27] INFO  impl.RoleInfo (RoleInfo.java:updateAndGet(143)) - 88f87a5a-1895-478a-a391-44ff176aee59: start LeaderState
2019-10-16 17:18:28,967 [88f87a5a-1895-478a-a391-44ff176aee59@group-87054B518F87-LeaderElection27] INFO  segmented.SegmentedRaftLogWorker (SegmentedRaftLogWorker.java:startLogSegment(385)) - 88f87a5a-1895-478a-a391-44ff176aee59@group-87054B518F87-SegmentedRaftLogWorker: Starting segment from index:0
2019-10-16 17:18:28,968 [88f87a5a-1895-478a-a391-44ff176aee59@group-87054B518F87-LeaderElection27] INFO  impl.RaftServerImpl (ServerState.java:setRaftConf(356)) - 88f87a5a-1895-478a-a391-44ff176aee59@group-87054B518F87: set configuration 0: [e40a46b2-8333-4456-9552-d7e48aaff595:192.168.69.90:41501, 88f87a5a-1895-478a-a391-44ff176aee59:192.168.69.90:34309, ce7940c3-cf81-4e60-9959-5d5957212d6b:192.168.69.90:38676], old=null at 0
2019-10-16 17:18:28,970 [grpc-default-executor-10] INFO  impl.RaftServerImpl (ServerState.java:setLeader(255)) - e40a46b2-8333-4456-9552-d7e48aaff595@group-87054B518F87: change Leader from null to 88f87a5a-1895-478a-a391-44ff176aee59 at term 3 for appendEntries, leader elected after 4989ms
2019-10-16 17:18:28,971 [grpc-default-executor-4] INFO  impl.RaftServerImpl (ServerState.java:setLeader(255)) - ce7940c3-cf81-4e60-9959-5d5957212d6b@group-87054B518F87: change Leader from null to 88f87a5a-1895-478a-a391-44ff176aee59 at term 3 for appendEntries, leader elected after 4989ms
2019-10-16 17:18:28,973 [grpc-default-executor-4] INFO  impl.RaftServerImpl (ServerState.java:setRaftConf(356)) - e40a46b2-8333-4456-9552-d7e48aaff595@group-87054B518F87: set configuration 0: [e40a46b2-8333-4456-9552-d7e48aaff595:192.168.69.90:41501, 88f87a5a-1895-478a-a391-44ff176aee59:192.168.69.90:34309, ce7940c3-cf81-4e60-9959-5d5957212d6b:192.168.69.90:38676], old=null at 0
2019-10-16 17:18:28,974 [grpc-default-executor-4] INFO  segmented.SegmentedRaftLogWorker (SegmentedRaftLogWorker.java:startLogSegment(385)) - e40a46b2-8333-4456-9552-d7e48aaff595@group-87054B518F87-SegmentedRaftLogWorker: Starting segment from index:0
2019-10-16 17:18:28,974 [grpc-default-executor-10] INFO  impl.RaftServerImpl (ServerState.java:setRaftConf(356)) - ce7940c3-cf81-4e60-9959-5d5957212d6b@group-87054B518F87: set configuration 0: [e40a46b2-8333-4456-9552-d7e48aaff595:192.168.69.90:41501, 88f87a5a-1895-478a-a391-44ff176aee59:192.168.69.90:34309, ce7940c3-cf81-4e60-9959-5d5957212d6b:192.168.69.90:38676], old=null at 0
2019-10-16 17:18:28,974 [grpc-default-executor-10] INFO  segmented.SegmentedRaftLogWorker (SegmentedRaftLogWorker.java:startLogSegment(385)) - ce7940c3-cf81-4e60-9959-5d5957212d6b@group-87054B518F87-SegmentedRaftLogWorker: Starting segment from index:0
2019-10-16 17:18:29,019 [e40a46b2-8333-4456-9552-d7e48aaff595@group-87054B518F87-SegmentedRaftLogWorker] INFO  segmented.SegmentedRaftLogWorker (SegmentedRaftLogWorker.java:execute(574)) - e40a46b2-8333-4456-9552-d7e48aaff595@group-87054B518F87-SegmentedRaftLogWorker: created new log segment /workdir/hadoop-ozone/integration-test/target/test-dir/MiniOzoneClusterImpl-1b119847-9446-4130-a6ab-c741bf0ba7df/datanode-6/data/ratis/98b26a71-8402-4b59-aeeb-87054b518f87/current/log_inprogress_0
2019-10-16 17:18:29,019 [ce7940c3-cf81-4e60-9959-5d5957212d6b@group-87054B518F87-SegmentedRaftLogWorker] INFO  segmented.SegmentedRaftLogWorker (SegmentedRaftLogWorker.java:execute(574)) - ce7940c3-cf81-4e60-9959-5d5957212d6b@group-87054B518F87-SegmentedRaftLogWorker: created new log segment /workdir/hadoop-ozone/integration-test/target/test-dir/MiniOzoneClusterImpl-1b119847-9446-4130-a6ab-c741bf0ba7df/datanode-0/data/ratis/98b26a71-8402-4b59-aeeb-87054b518f87/current/log_inprogress_0
2019-10-16 17:18:29,019 [88f87a5a-1895-478a-a391-44ff176aee59@group-87054B518F87-SegmentedRaftLogWorker] INFO  segmented.SegmentedRaftLogWorker (SegmentedRaftLogWorker.java:execute(574)) - 88f87a5a-1895-478a-a391-44ff176aee59@group-87054B518F87-SegmentedRaftLogWorker: created new log segment /workdir/hadoop-ozone/integration-test/target/test-dir/MiniOzoneClusterImpl-1b119847-9446-4130-a6ab-c741bf0ba7df/datanode-4/data/ratis/98b26a71-8402-4b59-aeeb-87054b518f87/current/log_inprogress_0
2019-10-16 17:18:32,985 [java.util.concurrent.ThreadPoolExecutor$Worker@4a31b427[State = -1, empty queue]] WARN  server.GrpcLogAppender (GrpcLogAppender.java:timeoutAppendRequest(200)) - 88f87a5a-1895-478a-a391-44ff176aee59@group-87054B518F87->ce7940c3-cf81-4e60-9959-5d5957212d6b-GrpcLogAppender: appendEntries Timeout, request=88f87a5a-1895-478a-a391-44ff176aee59->ce7940c3-cf81-4e60-9959-5d5957212d6b#3-t3, previous=(t:3, i:0), leaderCommit=0, initializing? false, entries: size=1, first=(t:3, i:1), STATEMACHINELOGENTRY, client-082A0CB34B61, cid=19
2019-10-16 17:18:32,986 [java.util.concurrent.ThreadPoolExecutor$Worker@42d78df2[State = -1, empty queue]] WARN  server.GrpcLogAppender (GrpcLogAppender.java:timeoutAppendRequest(200)) - 88f87a5a-1895-478a-a391-44ff176aee59@group-87054B518F87->e40a46b2-8333-4456-9552-d7e48aaff595-GrpcLogAppender: appendEntries Timeout, request=88f87a5a-1895-478a-a391-44ff176aee59->e40a46b2-8333-4456-9552-d7e48aaff595#3-t3, previous=(t:3, i:0), leaderCommit=0, initializing? false, entries: size=1, first=(t:3, i:1), STATEMACHINELOGENTRY, client-082A0CB34B61, cid=19
2019-10-16 17:18:33,052 [java.util.concurrent.ThreadPoolExecutor$Worker@7f6d0967[State = -1, empty queue]] ERROR client.GrpcClientProtocolClient (GrpcClientProtocolClient.java:close(148)) - Unexpected exception while waiting for channel termination
java.lang.InterruptedException
	at java.util.concurrent.locks.AbstractQueuedSynchronizer.tryAcquireSharedNanos(AbstractQueuedSynchronizer.java:1326)
	at java.util.concurrent.CountDownLatch.await(CountDownLatch.java:277)
	at org.apache.ratis.thirdparty.io.grpc.internal.ManagedChannelImpl.awaitTermination(ManagedChannelImpl.java:763)
	at org.apache.ratis.thirdparty.io.grpc.internal.ForwardingManagedChannel.awaitTermination(ForwardingManagedChannel.java:57)
	at org.apache.ratis.thirdparty.io.grpc.internal.ManagedChannelOrphanWrapper.awaitTermination(ManagedChannelOrphanWrapper.java:70)
	at org.apache.ratis.grpc.client.GrpcClientProtocolClient.close(GrpcClientProtocolClient.java:146)
	at org.apache.ratis.util.PeerProxyMap$PeerAndProxy.lambda$close$1(PeerProxyMap.java:74)
	at org.apache.ratis.util.LifeCycle.lambda$checkStateAndClose$2(LifeCycle.java:231)
	at org.apache.ratis.util.LifeCycle.checkStateAndClose(LifeCycle.java:251)
	at org.apache.ratis.util.LifeCycle.checkStateAndClose(LifeCycle.java:229)
	at org.apache.ratis.util.PeerProxyMap$PeerAndProxy.close(PeerProxyMap.java:70)
	at org.apache.ratis.util.PeerProxyMap.resetProxy(PeerProxyMap.java:127)
	at org.apache.ratis.util.PeerProxyMap.handleException(PeerProxyMap.java:136)
	at org.apache.ratis.client.impl.RaftClientRpcWithProxy.handleException(RaftClientRpcWithProxy.java:47)
	at org.apache.ratis.client.impl.RaftClientImpl.handleIOException(RaftClientImpl.java:372)
	at org.apache.ratis.client.impl.OrderedAsync.lambda$sendRequest$10(OrderedAsync.java:236)
	at java.util.concurrent.CompletableFuture.uniExceptionally(CompletableFuture.java:870)
	at java.util.concurrent.CompletableFuture$UniExceptionally.tryFire(CompletableFuture.java:852)
	at java.util.concurrent.CompletableFuture.postComplete(CompletableFuture.java:474)
	at java.util.concurrent.CompletableFuture.completeExceptionally(CompletableFuture.java:1977)
	at org.apache.ratis.grpc.client.GrpcClientProtocolClient$AsyncStreamObservers.lambda$timeoutCheck$3(GrpcClientProtocolClient.java:324)
	at java.util.Optional.ifPresent(Optional.java:159)
	at org.apache.ratis.grpc.client.GrpcClientProtocolClient$AsyncStreamObservers.handleReplyFuture(GrpcClientProtocolClient.java:329)
	at org.apache.ratis.grpc.client.GrpcClientProtocolClient$AsyncStreamObservers.timeoutCheck(GrpcClientProtocolClient.java:324)
	at org.apache.ratis.grpc.client.GrpcClientProtocolClient$AsyncStreamObservers.lambda$onNext$1(GrpcClientProtocolClient.java:318)
	at org.apache.ratis.util.TimeoutScheduler.lambda$onTimeout$0(TimeoutScheduler.java:113)
	at org.apache.ratis.util.TimeoutScheduler.lambda$onTimeout$1(TimeoutScheduler.java:133)
	at org.apache.ratis.util.LogUtils.runAndLog(LogUtils.java:50)
	at org.apache.ratis.util.LogUtils$1.run(LogUtils.java:91)
	at java.util.concurrent.Executors$RunnableAdapter.call(Executors.java:511)
	at java.util.concurrent.FutureTask.run(FutureTask.java:266)
	at java.util.concurrent.ScheduledThreadPoolExecutor$ScheduledFutureTask.access$201(ScheduledThreadPoolExecutor.java:180)
	at java.util.concurrent.ScheduledThreadPoolExecutor$ScheduledFutureTask.run(ScheduledThreadPoolExecutor.java:293)
	at java.util.concurrent.ThreadPoolExecutor.runWorker(ThreadPoolExecutor.java:1149)
	at java.util.concurrent.ThreadPoolExecutor$Worker.run(ThreadPoolExecutor.java:624)
	at java.lang.Thread.run(Thread.java:748)
2019-10-16 17:18:33,056 [java.util.concurrent.ThreadPoolExecutor$Worker@7f6d0967[State = -1, empty queue]] WARN  util.TimeoutScheduler (LogUtils.java:runAndLog(55)) - Failed to task #0: java.lang.NullPointerException
2019-10-16 17:18:33,486 [java.util.concurrent.ThreadPoolExecutor$Worker@4a31b427[State = -1, empty queue]] WARN  server.GrpcLogAppender (GrpcLogAppender.java:timeoutAppendRequest(200)) - 88f87a5a-1895-478a-a391-44ff176aee59@group-87054B518F87->ce7940c3-cf81-4e60-9959-5d5957212d6b-GrpcLogAppender: appendEntries Timeout, request=88f87a5a-1895-478a-a391-44ff176aee59->ce7940c3-cf81-4e60-9959-5d5957212d6b#4-t3, previous=(t:3, i:1), leaderCommit=0, initializing? false, entries: <empty>
2019-10-16 17:18:33,490 [java.util.concurrent.ThreadPoolExecutor$Worker@42d78df2[State = -1, empty queue]] WARN  server.GrpcLogAppender (GrpcLogAppender.java:timeoutAppendRequest(200)) - 88f87a5a-1895-478a-a391-44ff176aee59@group-87054B518F87->e40a46b2-8333-4456-9552-d7e48aaff595-GrpcLogAppender: appendEntries Timeout, request=88f87a5a-1895-478a-a391-44ff176aee59->e40a46b2-8333-4456-9552-d7e48aaff595#4-t3, previous=(t:3, i:1), leaderCommit=0, initializing? false, entries: <empty>
2019-10-16 17:18:33,987 [java.util.concurrent.ThreadPoolExecutor$Worker@4a31b427[State = -1, empty queue]] WARN  server.GrpcLogAppender (GrpcLogAppender.java:timeoutAppendRequest(200)) - 88f87a5a-1895-478a-a391-44ff176aee59@group-87054B518F87->ce7940c3-cf81-4e60-9959-5d5957212d6b-GrpcLogAppender: appendEntries Timeout, request=88f87a5a-1895-478a-a391-44ff176aee59->ce7940c3-cf81-4e60-9959-5d5957212d6b#5-t3, previous=(t:3, i:1), leaderCommit=0, initializing? false, entries: <empty>
2019-10-16 17:18:33,987 [java.util.concurrent.ThreadPoolExecutor$Worker@42d78df2[State = -1, empty queue]] WARN  server.GrpcLogAppender (GrpcLogAppender.java:timeoutAppendRequest(200)) - 88f87a5a-1895-478a-a391-44ff176aee59@group-87054B518F87->e40a46b2-8333-4456-9552-d7e48aaff595-GrpcLogAppender: appendEntries Timeout, request=88f87a5a-1895-478a-a391-44ff176aee59->e40a46b2-8333-4456-9552-d7e48aaff595#5-t3, previous=(t:3, i:1), leaderCommit=0, initializing? false, entries: <empty>
2019-10-16 17:18:34,488 [java.util.concurrent.ThreadPoolExecutor$Worker@4a31b427[State = -1, empty queue]] WARN  server.GrpcLogAppender (GrpcLogAppender.java:timeoutAppendRequest(200)) - 88f87a5a-1895-478a-a391-44ff176aee59@group-87054B518F87->ce7940c3-cf81-4e60-9959-5d5957212d6b-GrpcLogAppender: appendEntries Timeout, request=88f87a5a-1895-478a-a391-44ff176aee59->ce7940c3-cf81-4e60-9959-5d5957212d6b#6-t3, previous=(t:3, i:1), leaderCommit=0, initializing? false, entries: <empty>
2019-10-16 17:18:34,488 [java.util.concurrent.ThreadPoolExecutor$Worker@42d78df2[State = -1, empty queue]] WARN  server.GrpcLogAppender (GrpcLogAppender.java:timeoutAppendRequest(200)) - 88f87a5a-1895-478a-a391-44ff176aee59@group-87054B518F87->e40a46b2-8333-4456-9552-d7e48aaff595-GrpcLogAppender: appendEntries Timeout, request=88f87a5a-1895-478a-a391-44ff176aee59->e40a46b2-8333-4456-9552-d7e48aaff595#6-t3, previous=(t:3, i:1), leaderCommit=0, initializing? false, entries: <empty>
2019-10-16 17:18:34,988 [java.util.concurrent.ThreadPoolExecutor$Worker@4a31b427[State = -1, empty queue]] WARN  server.GrpcLogAppender (GrpcLogAppender.java:timeoutAppendRequest(200)) - 88f87a5a-1895-478a-a391-44ff176aee59@group-87054B518F87->ce7940c3-cf81-4e60-9959-5d5957212d6b-GrpcLogAppender: appendEntries Timeout, request=88f87a5a-1895-478a-a391-44ff176aee59->ce7940c3-cf81-4e60-9959-5d5957212d6b#7-t3, previous=(t:3, i:1), leaderCommit=0, initializing? false, entries: <empty>
2019-10-16 17:18:34,989 [java.util.concurrent.ThreadPoolExecutor$Worker@42d78df2[State = -1, empty queue]] WARN  server.GrpcLogAppender (GrpcLogAppender.java:timeoutAppendRequest(200)) - 88f87a5a-1895-478a-a391-44ff176aee59@group-87054B518F87->e40a46b2-8333-4456-9552-d7e48aaff595-GrpcLogAppender: appendEntries Timeout, request=88f87a5a-1895-478a-a391-44ff176aee59->e40a46b2-8333-4456-9552-d7e48aaff595#7-t3, previous=(t:3, i:1), leaderCommit=0, initializing? false, entries: <empty>
2019-10-16 17:18:35,489 [java.util.concurrent.ThreadPoolExecutor$Worker@4a31b427[State = -1, empty queue]] WARN  server.GrpcLogAppender (GrpcLogAppender.java:timeoutAppendRequest(200)) - 88f87a5a-1895-478a-a391-44ff176aee59@group-87054B518F87->ce7940c3-cf81-4e60-9959-5d5957212d6b-GrpcLogAppender: appendEntries Timeout, request=88f87a5a-1895-478a-a391-44ff176aee59->ce7940c3-cf81-4e60-9959-5d5957212d6b#8-t3, previous=(t:3, i:1), leaderCommit=0, initializing? false, entries: <empty>
2019-10-16 17:18:35,490 [java.util.concurrent.ThreadPoolExecutor$Worker@42d78df2[State = -1, empty queue]] WARN  server.GrpcLogAppender (GrpcLogAppender.java:timeoutAppendRequest(200)) - 88f87a5a-1895-478a-a391-44ff176aee59@group-87054B518F87->e40a46b2-8333-4456-9552-d7e48aaff595-GrpcLogAppender: appendEntries Timeout, request=88f87a5a-1895-478a-a391-44ff176aee59->e40a46b2-8333-4456-9552-d7e48aaff595#8-t3, previous=(t:3, i:1), leaderCommit=0, initializing? false, entries: <empty>
2019-10-16 17:18:35,991 [java.util.concurrent.ThreadPoolExecutor$Worker@4a31b427[State = -1, empty queue]] WARN  server.GrpcLogAppender (GrpcLogAppender.java:timeoutAppendRequest(200)) - 88f87a5a-1895-478a-a391-44ff176aee59@group-87054B518F87->ce7940c3-cf81-4e60-9959-5d5957212d6b-GrpcLogAppender: appendEntries Timeout, request=88f87a5a-1895-478a-a391-44ff176aee59->ce7940c3-cf81-4e60-9959-5d5957212d6b#9-t3, previous=(t:3, i:1), leaderCommit=0, initializing? false, entries: <empty>
2019-10-16 17:18:35,991 [java.util.concurrent.ThreadPoolExecutor$Worker@42d78df2[State = -1, empty queue]] WARN  server.GrpcLogAppender (GrpcLogAppender.java:timeoutAppendRequest(200)) - 88f87a5a-1895-478a-a391-44ff176aee59@group-87054B518F87->e40a46b2-8333-4456-9552-d7e48aaff595-GrpcLogAppender: appendEntries Timeout, request=88f87a5a-1895-478a-a391-44ff176aee59->e40a46b2-8333-4456-9552-d7e48aaff595#9-t3, previous=(t:3, i:1), leaderCommit=0, initializing? false, entries: <empty>
2019-10-16 17:18:36,493 [java.util.concurrent.ThreadPoolExecutor$Worker@4a31b427[State = -1, empty queue]] WARN  server.GrpcLogAppender (GrpcLogAppender.java:timeoutAppendRequest(200)) - 88f87a5a-1895-478a-a391-44ff176aee59@group-87054B518F87->ce7940c3-cf81-4e60-9959-5d5957212d6b-GrpcLogAppender: appendEntries Timeout, request=88f87a5a-1895-478a-a391-44ff176aee59->ce7940c3-cf81-4e60-9959-5d5957212d6b#10-t3, previous=(t:3, i:1), leaderCommit=0, initializing? false, entries: <empty>
2019-10-16 17:18:36,493 [java.util.concurrent.ThreadPoolExecutor$Worker@42d78df2[State = -1, empty queue]] WARN  server.GrpcLogAppender (GrpcLogAppender.java:timeoutAppendRequest(200)) - 88f87a5a-1895-478a-a391-44ff176aee59@group-87054B518F87->e40a46b2-8333-4456-9552-d7e48aaff595-GrpcLogAppender: appendEntries Timeout, request=88f87a5a-1895-478a-a391-44ff176aee59->e40a46b2-8333-4456-9552-d7e48aaff595#10-t3, previous=(t:3, i:1), leaderCommit=0, initializing? false, entries: <empty>
2019-10-16 17:18:36,993 [java.util.concurrent.ThreadPoolExecutor$Worker@4a31b427[State = -1, empty queue]] WARN  server.GrpcLogAppender (GrpcLogAppender.java:timeoutAppendRequest(200)) - 88f87a5a-1895-478a-a391-44ff176aee59@group-87054B518F87->ce7940c3-cf81-4e60-9959-5d5957212d6b-GrpcLogAppender: appendEntries Timeout, request=88f87a5a-1895-478a-a391-44ff176aee59->ce7940c3-cf81-4e60-9959-5d5957212d6b#11-t3, previous=(t:3, i:1), leaderCommit=0, initializing? false, entries: <empty>
2019-10-16 17:18:36,993 [java.util.concurrent.ThreadPoolExecutor$Worker@42d78df2[State = -1, empty queue]] WARN  server.GrpcLogAppender (GrpcLogAppender.java:timeoutAppendRequest(200)) - 88f87a5a-1895-478a-a391-44ff176aee59@group-87054B518F87->e40a46b2-8333-4456-9552-d7e48aaff595-GrpcLogAppender: appendEntries Timeout, request=88f87a5a-1895-478a-a391-44ff176aee59->e40a46b2-8333-4456-9552-d7e48aaff595#11-t3, previous=(t:3, i:1), leaderCommit=0, initializing? false, entries: <empty>
2019-10-16 17:18:37,111 [java.util.concurrent.ThreadPoolExecutor$Worker@3b1d0f39[State = -1, empty queue]] ERROR client.GrpcClientProtocolClient (GrpcClientProtocolClient.java:close(148)) - Unexpected exception while waiting for channel termination
java.lang.InterruptedException
	at java.util.concurrent.locks.AbstractQueuedSynchronizer.tryAcquireSharedNanos(AbstractQueuedSynchronizer.java:1326)
	at java.util.concurrent.CountDownLatch.await(CountDownLatch.java:277)
	at org.apache.ratis.thirdparty.io.grpc.internal.ManagedChannelImpl.awaitTermination(ManagedChannelImpl.java:763)
	at org.apache.ratis.thirdparty.io.grpc.internal.ForwardingManagedChannel.awaitTermination(ForwardingManagedChannel.java:57)
	at org.apache.ratis.thirdparty.io.grpc.internal.ManagedChannelOrphanWrapper.awaitTermination(ManagedChannelOrphanWrapper.java:70)
	at org.apache.ratis.grpc.client.GrpcClientProtocolClient.close(GrpcClientProtocolClient.java:146)
	at org.apache.ratis.util.PeerProxyMap$PeerAndProxy.lambda$close$1(PeerProxyMap.java:74)
	at org.apache.ratis.util.LifeCycle.lambda$checkStateAndClose$2(LifeCycle.java:231)
	at org.apache.ratis.util.LifeCycle.checkStateAndClose(LifeCycle.java:251)
	at org.apache.ratis.util.LifeCycle.checkStateAndClose(LifeCycle.java:229)
	at org.apache.ratis.util.PeerProxyMap$PeerAndProxy.close(PeerProxyMap.java:70)
	at org.apache.ratis.util.PeerProxyMap.resetProxy(PeerProxyMap.java:127)
	at org.apache.ratis.util.PeerProxyMap.handleException(PeerProxyMap.java:136)
	at org.apache.ratis.client.impl.RaftClientRpcWithProxy.handleException(RaftClientRpcWithProxy.java:47)
	at org.apache.ratis.client.impl.RaftClientImpl.handleIOException(RaftClientImpl.java:372)
	at org.apache.ratis.client.impl.OrderedAsync.lambda$sendRequest$10(OrderedAsync.java:236)
	at java.util.concurrent.CompletableFuture.uniExceptionally(CompletableFuture.java:870)
	at java.util.concurrent.CompletableFuture$UniExceptionally.tryFire(CompletableFuture.java:852)
	at java.util.concurrent.CompletableFuture.postComplete(CompletableFuture.java:474)
	at java.util.concurrent.CompletableFuture.completeExceptionally(CompletableFuture.java:1977)
	at org.apache.ratis.grpc.client.GrpcClientProtocolClient$AsyncStreamObservers.lambda$timeoutCheck$3(GrpcClientProtocolClient.java:324)
	at java.util.Optional.ifPresent(Optional.java:159)
	at org.apache.ratis.grpc.client.GrpcClientProtocolClient$AsyncStreamObservers.handleReplyFuture(GrpcClientProtocolClient.java:329)
	at org.apache.ratis.grpc.client.GrpcClientProtocolClient$AsyncStreamObservers.timeoutCheck(GrpcClientProtocolClient.java:324)
	at org.apache.ratis.grpc.client.GrpcClientProtocolClient$AsyncStreamObservers.lambda$onNext$1(GrpcClientProtocolClient.java:318)
	at org.apache.ratis.util.TimeoutScheduler.lambda$onTimeout$0(TimeoutScheduler.java:113)
	at org.apache.ratis.util.TimeoutScheduler.lambda$onTimeout$1(TimeoutScheduler.java:133)
	at org.apache.ratis.util.LogUtils.runAndLog(LogUtils.java:50)
	at org.apache.ratis.util.LogUtils$1.run(LogUtils.java:91)
	at java.util.concurrent.Executors$RunnableAdapter.call(Executors.java:511)
	at java.util.concurrent.FutureTask.run(FutureTask.java:266)
	at java.util.concurrent.ScheduledThreadPoolExecutor$ScheduledFutureTask.access$201(ScheduledThreadPoolExecutor.java:180)
	at java.util.concurrent.ScheduledThreadPoolExecutor$ScheduledFutureTask.run(ScheduledThreadPoolExecutor.java:293)
	at java.util.concurrent.ThreadPoolExecutor.runWorker(ThreadPoolExecutor.java:1149)
	at java.util.concurrent.ThreadPoolExecutor$Worker.run(ThreadPoolExecutor.java:624)
	at java.lang.Thread.run(Thread.java:748)
2019-10-16 17:18:37,119 [java.util.concurrent.ThreadPoolExecutor$Worker@3b1d0f39[State = -1, empty queue]] WARN  util.TimeoutScheduler (LogUtils.java:runAndLog(55)) - Failed to task #0: java.lang.NullPointerException
2019-10-16 17:18:37,494 [java.util.concurrent.ThreadPoolExecutor$Worker@4a31b427[State = -1, empty queue]] WARN  server.GrpcLogAppender (GrpcLogAppender.java:timeoutAppendRequest(200)) - 88f87a5a-1895-478a-a391-44ff176aee59@group-87054B518F87->ce7940c3-cf81-4e60-9959-5d5957212d6b-GrpcLogAppender: appendEntries Timeout, request=88f87a5a-1895-478a-a391-44ff176aee59->ce7940c3-cf81-4e60-9959-5d5957212d6b#12-t3, previous=(t:3, i:1), leaderCommit=0, initializing? false, entries: <empty>
2019-10-16 17:18:37,494 [java.util.concurrent.ThreadPoolExecutor$Worker@42d78df2[State = -1, empty queue]] WARN  server.GrpcLogAppender (GrpcLogAppender.java:timeoutAppendRequest(200)) - 88f87a5a-1895-478a-a391-44ff176aee59@group-87054B518F87->e40a46b2-8333-4456-9552-d7e48aaff595-GrpcLogAppender: appendEntries Timeout, request=88f87a5a-1895-478a-a391-44ff176aee59->e40a46b2-8333-4456-9552-d7e48aaff595#12-t3, previous=(t:3, i:1), leaderCommit=0, initializing? false, entries: <empty>
2019-10-16 17:18:37,997 [java.util.concurrent.ThreadPoolExecutor$Worker@4a31b427[State = -1, empty queue]] WARN  server.GrpcLogAppender (GrpcLogAppender.java:timeoutAppendRequest(200)) - 88f87a5a-1895-478a-a391-44ff176aee59@group-87054B518F87->ce7940c3-cf81-4e60-9959-5d5957212d6b-GrpcLogAppender: appendEntries Timeout, request=88f87a5a-1895-478a-a391-44ff176aee59->ce7940c3-cf81-4e60-9959-5d5957212d6b#13-t3, previous=(t:3, i:1), leaderCommit=0, initializing? false, entries: <empty>
2019-10-16 17:18:37,997 [java.util.concurrent.ThreadPoolExecutor$Worker@42d78df2[State = -1, empty queue]] WARN  server.GrpcLogAppender (GrpcLogAppender.java:timeoutAppendRequest(200)) - 88f87a5a-1895-478a-a391-44ff176aee59@group-87054B518F87->e40a46b2-8333-4456-9552-d7e48aaff595-GrpcLogAppender: appendEntries Timeout, request=88f87a5a-1895-478a-a391-44ff176aee59->e40a46b2-8333-4456-9552-d7e48aaff595#13-t3, previous=(t:3, i:1), leaderCommit=0, initializing? false, entries: <empty>
2019-10-16 17:18:38,498 [java.util.concurrent.ThreadPoolExecutor$Worker@42d78df2[State = -1, empty queue]] WARN  server.GrpcLogAppender (GrpcLogAppender.java:timeoutAppendRequest(200)) - 88f87a5a-1895-478a-a391-44ff176aee59@group-87054B518F87->e40a46b2-8333-4456-9552-d7e48aaff595-GrpcLogAppender: appendEntries Timeout, request=88f87a5a-1895-478a-a391-44ff176aee59->e40a46b2-8333-4456-9552-d7e48aaff595#14-t3, previous=(t:3, i:1), leaderCommit=0, initializing? false, entries: <empty>
2019-10-16 17:18:38,498 [java.util.concurrent.ThreadPoolExecutor$Worker@4a31b427[State = -1, empty queue]] WARN  server.GrpcLogAppender (GrpcLogAppender.java:timeoutAppendRequest(200)) - 88f87a5a-1895-478a-a391-44ff176aee59@group-87054B518F87->ce7940c3-cf81-4e60-9959-5d5957212d6b-GrpcLogAppender: appendEntries Timeout, request=88f87a5a-1895-478a-a391-44ff176aee59->ce7940c3-cf81-4e60-9959-5d5957212d6b#14-t3, previous=(t:3, i:1), leaderCommit=0, initializing? false, entries: <empty>
2019-10-16 17:18:38,999 [java.util.concurrent.ThreadPoolExecutor$Worker@42d78df2[State = -1, empty queue]] WARN  server.GrpcLogAppender (GrpcLogAppender.java:timeoutAppendRequest(200)) - 88f87a5a-1895-478a-a391-44ff176aee59@group-87054B518F87->e40a46b2-8333-4456-9552-d7e48aaff595-GrpcLogAppender: appendEntries Timeout, request=88f87a5a-1895-478a-a391-44ff176aee59->e40a46b2-8333-4456-9552-d7e48aaff595#15-t3, previous=(t:3, i:1), leaderCommit=0, initializing? false, entries: <empty>
2019-10-16 17:18:38,999 [java.util.concurrent.ThreadPoolExecutor$Worker@4a31b427[State = -1, empty queue]] WARN  server.GrpcLogAppender (GrpcLogAppender.java:timeoutAppendRequest(200)) - 88f87a5a-1895-478a-a391-44ff176aee59@group-87054B518F87->ce7940c3-cf81-4e60-9959-5d5957212d6b-GrpcLogAppender: appendEntries Timeout, request=88f87a5a-1895-478a-a391-44ff176aee59->ce7940c3-cf81-4e60-9959-5d5957212d6b#15-t3, previous=(t:3, i:1), leaderCommit=0, initializing? false, entries: <empty>
2019-10-16 17:18:39,501 [java.util.concurrent.ThreadPoolExecutor$Worker@42d78df2[State = -1, empty queue]] WARN  server.GrpcLogAppender (GrpcLogAppender.java:timeoutAppendRequest(200)) - 88f87a5a-1895-478a-a391-44ff176aee59@group-87054B518F87->e40a46b2-8333-4456-9552-d7e48aaff595-GrpcLogAppender: appendEntries Timeout, request=88f87a5a-1895-478a-a391-44ff176aee59->e40a46b2-8333-4456-9552-d7e48aaff595#16-t3, previous=(t:3, i:1), leaderCommit=0, initializing? false, entries: <empty>
2019-10-16 17:18:39,501 [java.util.concurrent.ThreadPoolExecutor$Worker@4a31b427[State = -1, empty queue]] WARN  server.GrpcLogAppender (GrpcLogAppender.java:timeoutAppendRequest(200)) - 88f87a5a-1895-478a-a391-44ff176aee59@group-87054B518F87->ce7940c3-cf81-4e60-9959-5d5957212d6b-GrpcLogAppender: appendEntries Timeout, request=88f87a5a-1895-478a-a391-44ff176aee59->ce7940c3-cf81-4e60-9959-5d5957212d6b#16-t3, previous=(t:3, i:1), leaderCommit=0, initializing? false, entries: <empty>
2019-10-16 17:18:39,981 [88f87a5a-1895-478a-a391-44ff176aee59@group-87054B518F87-SegmentedRaftLogWorker] WARN  segmented.SegmentedRaftLogWorker (SegmentedRaftLogWorker.java:getFromFuture(86)) - Timeout 0/~
org.apache.ratis.protocol.TimeoutIOException: Timeout 10s: WriteLog:1: (t:3, i:1), STATEMACHINELOGENTRY, client-082A0CB34B61, cid=19-writeStateMachineData
	at org.apache.ratis.util.IOUtils.getFromFuture(IOUtils.java:87)
	at org.apache.ratis.server.raftlog.segmented.SegmentedRaftLogWorker$StateMachineDataPolicy.getFromFuture(SegmentedRaftLogWorker.java:83)
	at org.apache.ratis.server.raftlog.segmented.SegmentedRaftLogWorker$WriteLog.execute(SegmentedRaftLogWorker.java:482)
	at org.apache.ratis.server.raftlog.segmented.SegmentedRaftLogWorker.run(SegmentedRaftLogWorker.java:291)
	at java.lang.Thread.run(Thread.java:748)
Caused by: java.util.concurrent.TimeoutException
	at java.util.concurrent.CompletableFuture.timedGet(CompletableFuture.java:1771)
	at java.util.concurrent.CompletableFuture.get(CompletableFuture.java:1915)
	at org.apache.ratis.util.IOUtils.getFromFuture(IOUtils.java:79)
	... 4 more
2019-10-16 17:18:40,002 [java.util.concurrent.ThreadPoolExecutor$Worker@4a31b427[State = -1, empty queue]] WARN  server.GrpcLogAppender (GrpcLogAppender.java:timeoutAppendRequest(200)) - 88f87a5a-1895-478a-a391-44ff176aee59@group-87054B518F87->ce7940c3-cf81-4e60-9959-5d5957212d6b-GrpcLogAppender: appendEntries Timeout, request=88f87a5a-1895-478a-a391-44ff176aee59->ce7940c3-cf81-4e60-9959-5d5957212d6b#17-t3, previous=(t:3, i:1), leaderCommit=0, initializing? false, entries: <empty>
2019-10-16 17:18:40,002 [java.util.concurrent.ThreadPoolExecutor$Worker@42d78df2[State = -1, empty queue]] WARN  server.GrpcLogAppender (GrpcLogAppender.java:timeoutAppendRequest(200)) - 88f87a5a-1895-478a-a391-44ff176aee59@group-87054B518F87->e40a46b2-8333-4456-9552-d7e48aaff595-GrpcLogAppender: appendEntries Timeout, request=88f87a5a-1895-478a-a391-44ff176aee59->e40a46b2-8333-4456-9552-d7e48aaff595#17-t3, previous=(t:3, i:1), leaderCommit=0, initializing? false, entries: <empty>
2019-10-16 17:18:40,010 [e40a46b2-8333-4456-9552-d7e48aaff595@group-87054B518F87-SegmentedRaftLogWorker] WARN  segmented.SegmentedRaftLogWorker (SegmentedRaftLogWorker.java:getFromFuture(86)) - Timeout 0/~
org.apache.ratis.protocol.TimeoutIOException: Timeout 10s: WriteLog:1: (t:3, i:1), STATEMACHINELOGENTRY, client-082A0CB34B61, cid=19-writeStateMachineData
	at org.apache.ratis.util.IOUtils.getFromFuture(IOUtils.java:87)
	at org.apache.ratis.server.raftlog.segmented.SegmentedRaftLogWorker$StateMachineDataPolicy.getFromFuture(SegmentedRaftLogWorker.java:83)
	at org.apache.ratis.server.raftlog.segmented.SegmentedRaftLogWorker$WriteLog.execute(SegmentedRaftLogWorker.java:482)
	at org.apache.ratis.server.raftlog.segmented.SegmentedRaftLogWorker.run(SegmentedRaftLogWorker.java:291)
	at java.lang.Thread.run(Thread.java:748)
Caused by: java.util.concurrent.TimeoutException
	at java.util.concurrent.CompletableFuture.timedGet(CompletableFuture.java:1771)
	at java.util.concurrent.CompletableFuture.get(CompletableFuture.java:1915)
	at org.apache.ratis.util.IOUtils.getFromFuture(IOUtils.java:79)
	... 4 more
2019-10-16 17:18:40,010 [ce7940c3-cf81-4e60-9959-5d5957212d6b@group-87054B518F87-SegmentedRaftLogWorker] WARN  segmented.SegmentedRaftLogWorker (SegmentedRaftLogWorker.java:getFromFuture(86)) - Timeout 0/~
org.apache.ratis.protocol.TimeoutIOException: Timeout 10s: WriteLog:1: (t:3, i:1), STATEMACHINELOGENTRY, client-082A0CB34B61, cid=19-writeStateMachineData
	at org.apache.ratis.util.IOUtils.getFromFuture(IOUtils.java:87)
	at org.apache.ratis.server.raftlog.segmented.SegmentedRaftLogWorker$StateMachineDataPolicy.getFromFuture(SegmentedRaftLogWorker.java:83)
	at org.apache.ratis.server.raftlog.segmented.SegmentedRaftLogWorker$WriteLog.execute(SegmentedRaftLogWorker.java:482)
	at org.apache.ratis.server.raftlog.segmented.SegmentedRaftLogWorker.run(SegmentedRaftLogWorker.java:291)
	at java.lang.Thread.run(Thread.java:748)
Caused by: java.util.concurrent.TimeoutException
	at java.util.concurrent.CompletableFuture.timedGet(CompletableFuture.java:1771)
	at java.util.concurrent.CompletableFuture.get(CompletableFuture.java:1915)
	at org.apache.ratis.util.IOUtils.getFromFuture(IOUtils.java:79)
	... 4 more
2019-10-16 17:18:40,503 [java.util.concurrent.ThreadPoolExecutor$Worker@42d78df2[State = -1, empty queue]] WARN  server.GrpcLogAppender (GrpcLogAppender.java:timeoutAppendRequest(200)) - 88f87a5a-1895-478a-a391-44ff176aee59@group-87054B518F87->e40a46b2-8333-4456-9552-d7e48aaff595-GrpcLogAppender: appendEntries Timeout, request=88f87a5a-1895-478a-a391-44ff176aee59->e40a46b2-8333-4456-9552-d7e48aaff595#18-t3, previous=(t:3, i:1), leaderCommit=0, initializing? false, entries: <empty>
2019-10-16 17:18:40,503 [java.util.concurrent.ThreadPoolExecutor$Worker@4a31b427[State = -1, empty queue]] WARN  server.GrpcLogAppender (GrpcLogAppender.java:timeoutAppendRequest(200)) - 88f87a5a-1895-478a-a391-44ff176aee59@group-87054B518F87->ce7940c3-cf81-4e60-9959-5d5957212d6b-GrpcLogAppender: appendEntries Timeout, request=88f87a5a-1895-478a-a391-44ff176aee59->ce7940c3-cf81-4e60-9959-5d5957212d6b#18-t3, previous=(t:3, i:1), leaderCommit=0, initializing? false, entries: <empty>
2019-10-16 17:18:41,003 [java.util.concurrent.ThreadPoolExecutor$Worker@42d78df2[State = -1, empty queue]] WARN  server.GrpcLogAppender (GrpcLogAppender.java:timeoutAppendRequest(200)) - 88f87a5a-1895-478a-a391-44ff176aee59@group-87054B518F87->e40a46b2-8333-4456-9552-d7e48aaff595-GrpcLogAppender: appendEntries Timeout, request=88f87a5a-1895-478a-a391-44ff176aee59->e40a46b2-8333-4456-9552-d7e48aaff595#19-t3, previous=(t:3, i:1), leaderCommit=0, initializing? false, entries: <empty>
2019-10-16 17:18:41,003 [java.util.concurrent.ThreadPoolExecutor$Worker@4a31b427[State = -1, empty queue]] WARN  server.GrpcLogAppender (GrpcLogAppender.java:timeoutAppendRequest(200)) - 88f87a5a-1895-478a-a391-44ff176aee59@group-87054B518F87->ce7940c3-cf81-4e60-9959-5d5957212d6b-GrpcLogAppender: appendEntries Timeout, request=88f87a5a-1895-478a-a391-44ff176aee59->ce7940c3-cf81-4e60-9959-5d5957212d6b#19-t3, previous=(t:3, i:1), leaderCommit=0, initializing? false, entries: <empty>
2019-10-16 17:18:41,166 [java.util.concurrent.ThreadPoolExecutor$Worker@43cd5f8[State = -1, empty queue]] ERROR client.GrpcClientProtocolClient (GrpcClientProtocolClient.java:close(148)) - Unexpected exception while waiting for channel termination
java.lang.InterruptedException
	at java.util.concurrent.locks.AbstractQueuedSynchronizer.tryAcquireSharedNanos(AbstractQueuedSynchronizer.java:1326)
	at java.util.concurrent.CountDownLatch.await(CountDownLatch.java:277)
	at org.apache.ratis.thirdparty.io.grpc.internal.ManagedChannelImpl.awaitTermination(ManagedChannelImpl.java:763)
	at org.apache.ratis.thirdparty.io.grpc.internal.ForwardingManagedChannel.awaitTermination(ForwardingManagedChannel.java:57)
	at org.apache.ratis.thirdparty.io.grpc.internal.ManagedChannelOrphanWrapper.awaitTermination(ManagedChannelOrphanWrapper.java:70)
	at org.apache.ratis.grpc.client.GrpcClientProtocolClient.close(GrpcClientProtocolClient.java:146)
	at org.apache.ratis.util.PeerProxyMap$PeerAndProxy.lambda$close$1(PeerProxyMap.java:74)
	at org.apache.ratis.util.LifeCycle.lambda$checkStateAndClose$2(LifeCycle.java:231)
	at org.apache.ratis.util.LifeCycle.checkStateAndClose(LifeCycle.java:251)
	at org.apache.ratis.util.LifeCycle.checkStateAndClose(LifeCycle.java:229)
	at org.apache.ratis.util.PeerProxyMap$PeerAndProxy.close(PeerProxyMap.java:70)
	at org.apache.ratis.util.PeerProxyMap.resetProxy(PeerProxyMap.java:127)
	at org.apache.ratis.util.PeerProxyMap.handleException(PeerProxyMap.java:136)
	at org.apache.ratis.client.impl.RaftClientRpcWithProxy.handleException(RaftClientRpcWithProxy.java:47)
	at org.apache.ratis.client.impl.RaftClientImpl.handleIOException(RaftClientImpl.java:372)
	at org.apache.ratis.client.impl.OrderedAsync.lambda$sendRequest$10(OrderedAsync.java:236)
	at java.util.concurrent.CompletableFuture.uniExceptionally(CompletableFuture.java:870)
	at java.util.concurrent.CompletableFuture$UniExceptionally.tryFire(CompletableFuture.java:852)
	at java.util.concurrent.CompletableFuture.postComplete(CompletableFuture.java:474)
	at java.util.concurrent.CompletableFuture.completeExceptionally(CompletableFuture.java:1977)
	at org.apache.ratis.grpc.client.GrpcClientProtocolClient$AsyncStreamObservers.lambda$timeoutCheck$3(GrpcClientProtocolClient.java:324)
	at java.util.Optional.ifPresent(Optional.java:159)
	at org.apache.ratis.grpc.client.GrpcClientProtocolClient$AsyncStreamObservers.handleReplyFuture(GrpcClientProtocolClient.java:329)
	at org.apache.ratis.grpc.client.GrpcClientProtocolClient$AsyncStreamObservers.timeoutCheck(GrpcClientProtocolClient.java:324)
	at org.apache.ratis.grpc.client.GrpcClientProtocolClient$AsyncStreamObservers.lambda$onNext$1(GrpcClientProtocolClient.java:318)
	at org.apache.ratis.util.TimeoutScheduler.lambda$onTimeout$0(TimeoutScheduler.java:113)
	at org.apache.ratis.util.TimeoutScheduler.lambda$onTimeout$1(TimeoutScheduler.java:133)
	at org.apache.ratis.util.LogUtils.runAndLog(LogUtils.java:50)
	at org.apache.ratis.util.LogUtils$1.run(LogUtils.java:91)
	at java.util.concurrent.Executors$RunnableAdapter.call(Executors.java:511)
	at java.util.concurrent.FutureTask.run(FutureTask.java:266)
	at java.util.concurrent.ScheduledThreadPoolExecutor$ScheduledFutureTask.access$201(ScheduledThreadPoolExecutor.java:180)
	at java.util.concurrent.ScheduledThreadPoolExecutor$ScheduledFutureTask.run(ScheduledThreadPoolExecutor.java:293)
	at java.util.concurrent.ThreadPoolExecutor.runWorker(ThreadPoolExecutor.java:1149)
	at java.util.concurrent.ThreadPoolExecutor$Worker.run(ThreadPoolExecutor.java:624)
	at java.lang.Thread.run(Thread.java:748)
2019-10-16 17:18:41,169 [java.util.concurrent.ThreadPoolExecutor$Worker@43cd5f8[State = -1, empty queue]] WARN  util.TimeoutScheduler (LogUtils.java:runAndLog(55)) - Failed to task #0: java.lang.NullPointerException
2019-10-16 17:18:41,504 [java.util.concurrent.ThreadPoolExecutor$Worker@42d78df2[State = -1, empty queue]] WARN  server.GrpcLogAppender (GrpcLogAppender.java:timeoutAppendRequest(200)) - 88f87a5a-1895-478a-a391-44ff176aee59@group-87054B518F87->e40a46b2-8333-4456-9552-d7e48aaff595-GrpcLogAppender: appendEntries Timeout, request=88f87a5a-1895-478a-a391-44ff176aee59->e40a46b2-8333-4456-9552-d7e48aaff595#20-t3, previous=(t:3, i:1), leaderCommit=0, initializing? false, entries: <empty>
2019-10-16 17:18:41,504 [java.util.concurrent.ThreadPoolExecutor$Worker@4a31b427[State = -1, empty queue]] WARN  server.GrpcLogAppender (GrpcLogAppender.java:timeoutAppendRequest(200)) - 88f87a5a-1895-478a-a391-44ff176aee59@group-87054B518F87->ce7940c3-cf81-4e60-9959-5d5957212d6b-GrpcLogAppender: appendEntries Timeout, request=88f87a5a-1895-478a-a391-44ff176aee59->ce7940c3-cf81-4e60-9959-5d5957212d6b#20-t3, previous=(t:3, i:1), leaderCommit=0, initializing? false, entries: <empty>
2019-10-16 17:18:42,004 [java.util.concurrent.ThreadPoolExecutor$Worker@4a31b427[State = -1, empty queue]] WARN  server.GrpcLogAppender (GrpcLogAppender.java:timeoutAppendRequest(200)) - 88f87a5a-1895-478a-a391-44ff176aee59@group-87054B518F87->ce7940c3-cf81-4e60-9959-5d5957212d6b-GrpcLogAppender: appendEntries Timeout, request=88f87a5a-1895-478a-a391-44ff176aee59->ce7940c3-cf81-4e60-9959-5d5957212d6b#21-t3, previous=(t:3, i:1), leaderCommit=0, initializing? false, entries: <empty>
2019-10-16 17:18:42,004 [java.util.concurrent.ThreadPoolExecutor$Worker@42d78df2[State = -1, empty queue]] WARN  server.GrpcLogAppender (GrpcLogAppender.java:timeoutAppendRequest(200)) - 88f87a5a-1895-478a-a391-44ff176aee59@group-87054B518F87->e40a46b2-8333-4456-9552-d7e48aaff595-GrpcLogAppender: appendEntries Timeout, request=88f87a5a-1895-478a-a391-44ff176aee59->e40a46b2-8333-4456-9552-d7e48aaff595#21-t3, previous=(t:3, i:1), leaderCommit=0, initializing? false, entries: <empty>
2019-10-16 17:18:42,505 [java.util.concurrent.ThreadPoolExecutor$Worker@4a31b427[State = -1, empty queue]] WARN  server.GrpcLogAppender (GrpcLogAppender.java:timeoutAppendRequest(200)) - 88f87a5a-1895-478a-a391-44ff176aee59@group-87054B518F87->ce7940c3-cf81-4e60-9959-5d5957212d6b-GrpcLogAppender: appendEntries Timeout, request=88f87a5a-1895-478a-a391-44ff176aee59->ce7940c3-cf81-4e60-9959-5d5957212d6b#22-t3, previous=(t:3, i:1), leaderCommit=0, initializing? false, entries: <empty>
2019-10-16 17:18:42,505 [java.util.concurrent.ThreadPoolExecutor$Worker@42d78df2[State = -1, empty queue]] WARN  server.GrpcLogAppender (GrpcLogAppender.java:timeoutAppendRequest(200)) - 88f87a5a-1895-478a-a391-44ff176aee59@group-87054B518F87->e40a46b2-8333-4456-9552-d7e48aaff595-GrpcLogAppender: appendEntries Timeout, request=88f87a5a-1895-478a-a391-44ff176aee59->e40a46b2-8333-4456-9552-d7e48aaff595#22-t3, previous=(t:3, i:1), leaderCommit=0, initializing? false, entries: <empty>
2019-10-16 17:18:43,006 [java.util.concurrent.ThreadPoolExecutor$Worker@42d78df2[State = -1, empty queue]] WARN  server.GrpcLogAppender (GrpcLogAppender.java:timeoutAppendRequest(200)) - 88f87a5a-1895-478a-a391-44ff176aee59@group-87054B518F87->e40a46b2-8333-4456-9552-d7e48aaff595-GrpcLogAppender: appendEntries Timeout, request=88f87a5a-1895-478a-a391-44ff176aee59->e40a46b2-8333-4456-9552-d7e48aaff595#23-t3, previous=(t:3, i:1), leaderCommit=0, initializing? false, entries: <empty>
2019-10-16 17:18:43,006 [java.util.concurrent.ThreadPoolExecutor$Worker@4a31b427[State = -1, empty queue]] WARN  server.GrpcLogAppender (GrpcLogAppender.java:timeoutAppendRequest(200)) - 88f87a5a-1895-478a-a391-44ff176aee59@group-87054B518F87->ce7940c3-cf81-4e60-9959-5d5957212d6b-GrpcLogAppender: appendEntries Timeout, request=88f87a5a-1895-478a-a391-44ff176aee59->ce7940c3-cf81-4e60-9959-5d5957212d6b#23-t3, previous=(t:3, i:1), leaderCommit=0, initializing? false, entries: <empty>
2019-10-16 17:18:43,506 [java.util.concurrent.ThreadPoolExecutor$Worker@42d78df2[State = -1, empty queue]] WARN  server.GrpcLogAppender (GrpcLogAppender.java:timeoutAppendRequest(200)) - 88f87a5a-1895-478a-a391-44ff176aee59@group-87054B518F87->e40a46b2-8333-4456-9552-d7e48aaff595-GrpcLogAppender: appendEntries Timeout, request=88f87a5a-1895-478a-a391-44ff176aee59->e40a46b2-8333-4456-9552-d7e48aaff595#24-t3, previous=(t:3, i:1), leaderCommit=0, initializing? false, entries: <empty>
2019-10-16 17:18:43,506 [java.util.concurrent.ThreadPoolExecutor$Worker@4a31b427[State = -1, empty queue]] WARN  server.GrpcLogAppender (GrpcLogAppender.java:timeoutAppendRequest(200)) - 88f87a5a-1895-478a-a391-44ff176aee59@group-87054B518F87->ce7940c3-cf81-4e60-9959-5d5957212d6b-GrpcLogAppender: appendEntries Timeout, request=88f87a5a-1895-478a-a391-44ff176aee59->ce7940c3-cf81-4e60-9959-5d5957212d6b#24-t3, previous=(t:3, i:1), leaderCommit=0, initializing? false, entries: <empty>
2019-10-16 17:18:44,007 [java.util.concurrent.ThreadPoolExecutor$Worker@42d78df2[State = -1, empty queue]] WARN  server.GrpcLogAppender (GrpcLogAppender.java:timeoutAppendRequest(200)) - 88f87a5a-1895-478a-a391-44ff176aee59@group-87054B518F87->e40a46b2-8333-4456-9552-d7e48aaff595-GrpcLogAppender: appendEntries Timeout, request=88f87a5a-1895-478a-a391-44ff176aee59->e40a46b2-8333-4456-9552-d7e48aaff595#25-t3, previous=(t:3, i:1), leaderCommit=0, initializing? false, entries: <empty>
2019-10-16 17:18:44,007 [java.util.concurrent.ThreadPoolExecutor$Worker@4a31b427[State = -1, empty queue]] WARN  server.GrpcLogAppender (GrpcLogAppender.java:timeoutAppendRequest(200)) - 88f87a5a-1895-478a-a391-44ff176aee59@group-87054B518F87->ce7940c3-cf81-4e60-9959-5d5957212d6b-GrpcLogAppender: appendEntries Timeout, request=88f87a5a-1895-478a-a391-44ff176aee59->ce7940c3-cf81-4e60-9959-5d5957212d6b#25-t3, previous=(t:3, i:1), leaderCommit=0, initializing? false, entries: <empty>
2019-10-16 17:18:44,507 [java.util.concurrent.ThreadPoolExecutor$Worker@42d78df2[State = -1, empty queue]] WARN  server.GrpcLogAppender (GrpcLogAppender.java:timeoutAppendRequest(200)) - 88f87a5a-1895-478a-a391-44ff176aee59@group-87054B518F87->e40a46b2-8333-4456-9552-d7e48aaff595-GrpcLogAppender: appendEntries Timeout, request=88f87a5a-1895-478a-a391-44ff176aee59->e40a46b2-8333-4456-9552-d7e48aaff595#26-t3, previous=(t:3, i:1), leaderCommit=0, initializing? false, entries: <empty>
2019-10-16 17:18:44,507 [java.util.concurrent.ThreadPoolExecutor$Worker@4a31b427[State = -1, empty queue]] WARN  server.GrpcLogAppender (GrpcLogAppender.java:timeoutAppendRequest(200)) - 88f87a5a-1895-478a-a391-44ff176aee59@group-87054B518F87->ce7940c3-cf81-4e60-9959-5d5957212d6b-GrpcLogAppender: appendEntries Timeout, request=88f87a5a-1895-478a-a391-44ff176aee59->ce7940c3-cf81-4e60-9959-5d5957212d6b#26-t3, previous=(t:3, i:1), leaderCommit=0, initializing? false, entries: <empty>
2019-10-16 17:18:45,008 [java.util.concurrent.ThreadPoolExecutor$Worker@4a31b427[State = -1, empty queue]] WARN  server.GrpcLogAppender (GrpcLogAppender.java:timeoutAppendRequest(200)) - 88f87a5a-1895-478a-a391-44ff176aee59@group-87054B518F87->ce7940c3-cf81-4e60-9959-5d5957212d6b-GrpcLogAppender: appendEntries Timeout, request=88f87a5a-1895-478a-a391-44ff176aee59->ce7940c3-cf81-4e60-9959-5d5957212d6b#27-t3, previous=(t:3, i:1), leaderCommit=0, initializing? false, entries: <empty>
2019-10-16 17:18:45,008 [java.util.concurrent.ThreadPoolExecutor$Worker@42d78df2[State = -1, empty queue]] WARN  server.GrpcLogAppender (GrpcLogAppender.java:timeoutAppendRequest(200)) - 88f87a5a-1895-478a-a391-44ff176aee59@group-87054B518F87->e40a46b2-8333-4456-9552-d7e48aaff595-GrpcLogAppender: appendEntries Timeout, request=88f87a5a-1895-478a-a391-44ff176aee59->e40a46b2-8333-4456-9552-d7e48aaff595#27-t3, previous=(t:3, i:1), leaderCommit=0, initializing? false, entries: <empty>
2019-10-16 17:18:45,213 [java.util.concurrent.ThreadPoolExecutor$Worker@2027e16e[State = -1, empty queue]] ERROR client.GrpcClientProtocolClient (GrpcClientProtocolClient.java:close(148)) - Unexpected exception while waiting for channel termination
java.lang.InterruptedException
	at java.util.concurrent.locks.AbstractQueuedSynchronizer.tryAcquireSharedNanos(AbstractQueuedSynchronizer.java:1326)
	at java.util.concurrent.CountDownLatch.await(CountDownLatch.java:277)
	at org.apache.ratis.thirdparty.io.grpc.internal.ManagedChannelImpl.awaitTermination(ManagedChannelImpl.java:763)
	at org.apache.ratis.thirdparty.io.grpc.internal.ForwardingManagedChannel.awaitTermination(ForwardingManagedChannel.java:57)
	at org.apache.ratis.thirdparty.io.grpc.internal.ManagedChannelOrphanWrapper.awaitTermination(ManagedChannelOrphanWrapper.java:70)
	at org.apache.ratis.grpc.client.GrpcClientProtocolClient.close(GrpcClientProtocolClient.java:146)
	at org.apache.ratis.util.PeerProxyMap$PeerAndProxy.lambda$close$1(PeerProxyMap.java:74)
	at org.apache.ratis.util.LifeCycle.lambda$checkStateAndClose$2(LifeCycle.java:231)
	at org.apache.ratis.util.LifeCycle.checkStateAndClose(LifeCycle.java:251)
	at org.apache.ratis.util.LifeCycle.checkStateAndClose(LifeCycle.java:229)
	at org.apache.ratis.util.PeerProxyMap$PeerAndProxy.close(PeerProxyMap.java:70)
	at org.apache.ratis.util.PeerProxyMap.resetProxy(PeerProxyMap.java:127)
	at org.apache.ratis.util.PeerProxyMap.handleException(PeerProxyMap.java:136)
	at org.apache.ratis.client.impl.RaftClientRpcWithProxy.handleException(RaftClientRpcWithProxy.java:47)
	at org.apache.ratis.client.impl.RaftClientImpl.handleIOException(RaftClientImpl.java:372)
	at org.apache.ratis.client.impl.OrderedAsync.lambda$sendRequest$10(OrderedAsync.java:236)
	at java.util.concurrent.CompletableFuture.uniExceptionally(CompletableFuture.java:870)
	at java.util.concurrent.CompletableFuture$UniExceptionally.tryFire(CompletableFuture.java:852)
	at java.util.concurrent.CompletableFuture.postComplete(CompletableFuture.java:474)
	at java.util.concurrent.CompletableFuture.completeExceptionally(CompletableFuture.java:1977)
	at org.apache.ratis.grpc.client.GrpcClientProtocolClient$AsyncStreamObservers.lambda$timeoutCheck$3(GrpcClientProtocolClient.java:324)
	at java.util.Optional.ifPresent(Optional.java:159)
	at org.apache.ratis.grpc.client.GrpcClientProtocolClient$AsyncStreamObservers.handleReplyFuture(GrpcClientProtocolClient.java:329)
	at org.apache.ratis.grpc.client.GrpcClientProtocolClient$AsyncStreamObservers.timeoutCheck(GrpcClientProtocolClient.java:324)
	at org.apache.ratis.grpc.client.GrpcClientProtocolClient$AsyncStreamObservers.lambda$onNext$1(GrpcClientProtocolClient.java:318)
	at org.apache.ratis.util.TimeoutScheduler.lambda$onTimeout$0(TimeoutScheduler.java:113)
	at org.apache.ratis.util.TimeoutScheduler.lambda$onTimeout$1(TimeoutScheduler.java:133)
	at org.apache.ratis.util.LogUtils.runAndLog(LogUtils.java:50)
	at org.apache.ratis.util.LogUtils$1.run(LogUtils.java:91)
	at java.util.concurrent.Executors$RunnableAdapter.call(Executors.java:511)
	at java.util.concurrent.FutureTask.run(FutureTask.java:266)
	at java.util.concurrent.ScheduledThreadPoolExecutor$ScheduledFutureTask.access$201(ScheduledThreadPoolExecutor.java:180)
	at java.util.concurrent.ScheduledThreadPoolExecutor$ScheduledFutureTask.run(ScheduledThreadPoolExecutor.java:293)
	at java.util.concurrent.ThreadPoolExecutor.runWorker(ThreadPoolExecutor.java:1149)
	at java.util.concurrent.ThreadPoolExecutor$Worker.run(ThreadPoolExecutor.java:624)
	at java.lang.Thread.run(Thread.java:748)
2019-10-16 17:18:45,216 [java.util.concurrent.ThreadPoolExecutor$Worker@2027e16e[State = -1, empty queue]] WARN  util.TimeoutScheduler (LogUtils.java:runAndLog(55)) - Failed to task #0: java.lang.NullPointerException
2019-10-16 17:18:45,508 [java.util.concurrent.ThreadPoolExecutor$Worker@4a31b427[State = -1, empty queue]] WARN  server.GrpcLogAppender (GrpcLogAppender.java:timeoutAppendRequest(200)) - 88f87a5a-1895-478a-a391-44ff176aee59@group-87054B518F87->ce7940c3-cf81-4e60-9959-5d5957212d6b-GrpcLogAppender: appendEntries Timeout, request=88f87a5a-1895-478a-a391-44ff176aee59->ce7940c3-cf81-4e60-9959-5d5957212d6b#28-t3, previous=(t:3, i:1), leaderCommit=0, initializing? false, entries: <empty>
2019-10-16 17:18:45,508 [java.util.concurrent.ThreadPoolExecutor$Worker@42d78df2[State = -1, empty queue]] WARN  server.GrpcLogAppender (GrpcLogAppender.java:timeoutAppendRequest(200)) - 88f87a5a-1895-478a-a391-44ff176aee59@group-87054B518F87->e40a46b2-8333-4456-9552-d7e48aaff595-GrpcLogAppender: appendEntries Timeout, request=88f87a5a-1895-478a-a391-44ff176aee59->e40a46b2-8333-4456-9552-d7e48aaff595#28-t3, previous=(t:3, i:1), leaderCommit=0, initializing? false, entries: <empty>
2019-10-16 17:18:46,009 [java.util.concurrent.ThreadPoolExecutor$Worker@42d78df2[State = -1, empty queue]] WARN  server.GrpcLogAppender (GrpcLogAppender.java:timeoutAppendRequest(200)) - 88f87a5a-1895-478a-a391-44ff176aee59@group-87054B518F87->e40a46b2-8333-4456-9552-d7e48aaff595-GrpcLogAppender: appendEntries Timeout, request=88f87a5a-1895-478a-a391-44ff176aee59->e40a46b2-8333-4456-9552-d7e48aaff595#29-t3, previous=(t:3, i:1), leaderCommit=0, initializing? false, entries: <empty>
2019-10-16 17:18:46,009 [java.util.concurrent.ThreadPoolExecutor$Worker@4a31b427[State = -1, empty queue]] WARN  server.GrpcLogAppender (GrpcLogAppender.java:timeoutAppendRequest(200)) - 88f87a5a-1895-478a-a391-44ff176aee59@group-87054B518F87->ce7940c3-cf81-4e60-9959-5d5957212d6b-GrpcLogAppender: appendEntries Timeout, request=88f87a5a-1895-478a-a391-44ff176aee59->ce7940c3-cf81-4e60-9959-5d5957212d6b#29-t3, previous=(t:3, i:1), leaderCommit=0, initializing? false, entries: <empty>
2019-10-16 17:18:46,255 [main] WARN  io.KeyOutputStream (KeyOutputStream.java:handleException(274)) - Encountered exception java.io.IOException: Unexpected Storage Container Exception: java.util.concurrent.CompletionException: java.util.concurrent.CompletionException: org.apache.ratis.protocol.RaftRetryFailureException: Failed RaftClientRequest:client-082A0CB34B61->e40a46b2-8333-4456-9552-d7e48aaff595@group-87054B518F87, cid=19, seq=1*, RW, cmdType: WriteChunk
traceID: "f24abe0b157d85be:f24abe0b157d85be:0:0"
containerID: 1
datanodeUuid: "88f87a5a-1895-478a-a391-44ff176aee59"
writeChunk {
  blockID {
    containerID: 1
    localID: 102973197929545728
    blockCommitSequenceId: 0
  }
  chunkData {
    chunkName: "102973197929545728_chunk_1"
    offset: 0
    len: 1048576
    checksumData {
      type: CRC32
      bytesPerChecksum: 1048576
      checksums: "\000\000\000\000\361\003\002\247"
    }
  }
}
, data.size=1048576 for 10 attempts with RetryLimited(maxAttempts=10, sleepTime=1000ms) on the pipeline Pipeline[ Id: 98b26a71-8402-4b59-aeeb-87054b518f87, Nodes: 88f87a5a-1895-478a-a391-44ff176aee59{ip: 192.168.69.90, host: pr-hdds-2197-topology-f2j98-1328871761, networkLocation: /default-rack, certSerialId: null}ce7940c3-cf81-4e60-9959-5d5957212d6b{ip: 192.168.69.90, host: pr-hdds-2197-topology-f2j98-1328871761, networkLocation: /default-rack, certSerialId: null}e40a46b2-8333-4456-9552-d7e48aaff595{ip: 192.168.69.90, host: pr-hdds-2197-topology-f2j98-1328871761, networkLocation: /default-rack, certSerialId: null}, Type:RATIS, Factor:THREE, State:OPEN]. The last committed block length is 0, uncommitted data length is 2097152 retry count 0
2019-10-16 17:18:46,510 [java.util.concurrent.ThreadPoolExecutor$Worker@42d78df2[State = -1, empty queue]] WARN  server.GrpcLogAppender (GrpcLogAppender.java:timeoutAppendRequest(200)) - 88f87a5a-1895-478a-a391-44ff176aee59@group-87054B518F87->e40a46b2-8333-4456-9552-d7e48aaff595-GrpcLogAppender: appendEntries Timeout, request=88f87a5a-1895-478a-a391-44ff176aee59->e40a46b2-8333-4456-9552-d7e48aaff595#30-t3, previous=(t:3, i:1), leaderCommit=0, initializing? false, entries: <empty>
2019-10-16 17:18:46,510 [java.util.concurrent.ThreadPoolExecutor$Worker@4a31b427[State = -1, empty queue]] WARN  server.GrpcLogAppender (GrpcLogAppender.java:timeoutAppendRequest(200)) - 88f87a5a-1895-478a-a391-44ff176aee59@group-87054B518F87->ce7940c3-cf81-4e60-9959-5d5957212d6b-GrpcLogAppender: appendEntries Timeout, request=88f87a5a-1895-478a-a391-44ff176aee59->ce7940c3-cf81-4e60-9959-5d5957212d6b#30-t3, previous=(t:3, i:1), leaderCommit=0, initializing? false, entries: <empty>
2019-10-16 17:18:47,011 [java.util.concurrent.ThreadPoolExecutor$Worker@42d78df2[State = -1, empty queue]] WARN  server.GrpcLogAppender (GrpcLogAppender.java:timeoutAppendRequest(200)) - 88f87a5a-1895-478a-a391-44ff176aee59@group-87054B518F87->e40a46b2-8333-4456-9552-d7e48aaff595-GrpcLogAppender: appendEntries Timeout, request=88f87a5a-1895-478a-a391-44ff176aee59->e40a46b2-8333-4456-9552-d7e48aaff595#31-t3, previous=(t:3, i:1), leaderCommit=0, initializing? false, entries: <empty>
2019-10-16 17:18:47,011 [java.util.concurrent.ThreadPoolExecutor$Worker@4a31b427[State = -1, empty queue]] WARN  server.GrpcLogAppender (GrpcLogAppender.java:timeoutAppendRequest(200)) - 88f87a5a-1895-478a-a391-44ff176aee59@group-87054B518F87->ce7940c3-cf81-4e60-9959-5d5957212d6b-GrpcLogAppender: appendEntries Timeout, request=88f87a5a-1895-478a-a391-44ff176aee59->ce7940c3-cf81-4e60-9959-5d5957212d6b#31-t3, previous=(t:3, i:1), leaderCommit=0, initializing? false, entries: <empty>
2019-10-16 17:18:47,511 [java.util.concurrent.ThreadPoolExecutor$Worker@42d78df2[State = -1, empty queue]] WARN  server.GrpcLogAppender (GrpcLogAppender.java:timeoutAppendRequest(200)) - 88f87a5a-1895-478a-a391-44ff176aee59@group-87054B518F87->e40a46b2-8333-4456-9552-d7e48aaff595-GrpcLogAppender: appendEntries Timeout, request=88f87a5a-1895-478a-a391-44ff176aee59->e40a46b2-8333-4456-9552-d7e48aaff595#32-t3, previous=(t:3, i:1), leaderCommit=0, initializing? false, entries: <empty>
2019-10-16 17:18:47,511 [java.util.concurrent.ThreadPoolExecutor$Worker@4a31b427[State = -1, empty queue]] WARN  server.GrpcLogAppender (GrpcLogAppender.java:timeoutAppendRequest(200)) - 88f87a5a-1895-478a-a391-44ff176aee59@group-87054B518F87->ce7940c3-cf81-4e60-9959-5d5957212d6b-GrpcLogAppender: appendEntries Timeout, request=88f87a5a-1895-478a-a391-44ff176aee59->ce7940c3-cf81-4e60-9959-5d5957212d6b#32-t3, previous=(t:3, i:1), leaderCommit=0, initializing? false, entries: <empty>
2019-10-16 17:18:48,012 [java.util.concurrent.ThreadPoolExecutor$Worker@4a31b427[State = -1, empty queue]] WARN  server.GrpcLogAppender (GrpcLogAppender.java:timeoutAppendRequest(200)) - 88f87a5a-1895-478a-a391-44ff176aee59@group-87054B518F87->ce7940c3-cf81-4e60-9959-5d5957212d6b-GrpcLogAppender: appendEntries Timeout, request=88f87a5a-1895-478a-a391-44ff176aee59->ce7940c3-cf81-4e60-9959-5d5957212d6b#33-t3, previous=(t:3, i:1), leaderCommit=0, initializing? false, entries: <empty>
2019-10-16 17:18:48,012 [java.util.concurrent.ThreadPoolExecutor$Worker@42d78df2[State = -1, empty queue]] WARN  server.GrpcLogAppender (GrpcLogAppender.java:timeoutAppendRequest(200)) - 88f87a5a-1895-478a-a391-44ff176aee59@group-87054B518F87->e40a46b2-8333-4456-9552-d7e48aaff595-GrpcLogAppender: appendEntries Timeout, request=88f87a5a-1895-478a-a391-44ff176aee59->e40a46b2-8333-4456-9552-d7e48aaff595#33-t3, previous=(t:3, i:1), leaderCommit=0, initializing? false, entries: <empty>
2019-10-16 17:18:48,512 [java.util.concurrent.ThreadPoolExecutor$Worker@42d78df2[State = -1, empty queue]] WARN  server.GrpcLogAppender (GrpcLogAppender.java:timeoutAppendRequest(200)) - 88f87a5a-1895-478a-a391-44ff176aee59@group-87054B518F87->e40a46b2-8333-4456-9552-d7e48aaff595-GrpcLogAppender: appendEntries Timeout, request=88f87a5a-1895-478a-a391-44ff176aee59->e40a46b2-8333-4456-9552-d7e48aaff595#34-t3, previous=(t:3, i:1), leaderCommit=0, initializing? false, entries: <empty>
2019-10-16 17:18:48,512 [java.util.concurrent.ThreadPoolExecutor$Worker@4a31b427[State = -1, empty queue]] WARN  server.GrpcLogAppender (GrpcLogAppender.java:timeoutAppendRequest(200)) - 88f87a5a-1895-478a-a391-44ff176aee59@group-87054B518F87->ce7940c3-cf81-4e60-9959-5d5957212d6b-GrpcLogAppender: appendEntries Timeout, request=88f87a5a-1895-478a-a391-44ff176aee59->ce7940c3-cf81-4e60-9959-5d5957212d6b#34-t3, previous=(t:3, i:1), leaderCommit=0, initializing? false, entries: <empty>
2019-10-16 17:18:49,013 [java.util.concurrent.ThreadPoolExecutor$Worker@4a31b427[State = -1, empty queue]] WARN  server.GrpcLogAppender (GrpcLogAppender.java:timeoutAppendRequest(200)) - 88f87a5a-1895-478a-a391-44ff176aee59@group-87054B518F87->ce7940c3-cf81-4e60-9959-5d5957212d6b-GrpcLogAppender: appendEntries Timeout, request=88f87a5a-1895-478a-a391-44ff176aee59->ce7940c3-cf81-4e60-9959-5d5957212d6b#35-t3, previous=(t:3, i:1), leaderCommit=0, initializing? false, entries: <empty>
2019-10-16 17:18:49,013 [java.util.concurrent.ThreadPoolExecutor$Worker@42d78df2[State = -1, empty queue]] WARN  server.GrpcLogAppender (GrpcLogAppender.java:timeoutAppendRequest(200)) - 88f87a5a-1895-478a-a391-44ff176aee59@group-87054B518F87->e40a46b2-8333-4456-9552-d7e48aaff595-GrpcLogAppender: appendEntries Timeout, request=88f87a5a-1895-478a-a391-44ff176aee59->e40a46b2-8333-4456-9552-d7e48aaff595#35-t3, previous=(t:3, i:1), leaderCommit=0, initializing? false, entries: <empty>
2019-10-16 17:18:49,291 [java.util.concurrent.ThreadPoolExecutor$Worker@751ae8a4[State = -1, empty queue]] ERROR client.GrpcClientProtocolClient (GrpcClientProtocolClient.java:close(148)) - Unexpected exception while waiting for channel termination
java.lang.InterruptedException
	at java.util.concurrent.locks.AbstractQueuedSynchronizer.tryAcquireSharedNanos(AbstractQueuedSynchronizer.java:1326)
	at java.util.concurrent.CountDownLatch.await(CountDownLatch.java:277)
	at org.apache.ratis.thirdparty.io.grpc.internal.ManagedChannelImpl.awaitTermination(ManagedChannelImpl.java:763)
	at org.apache.ratis.thirdparty.io.grpc.internal.ForwardingManagedChannel.awaitTermination(ForwardingManagedChannel.java:57)
	at org.apache.ratis.thirdparty.io.grpc.internal.ManagedChannelOrphanWrapper.awaitTermination(ManagedChannelOrphanWrapper.java:70)
	at org.apache.ratis.grpc.client.GrpcClientProtocolClient.close(GrpcClientProtocolClient.java:146)
	at org.apache.ratis.util.PeerProxyMap$PeerAndProxy.lambda$close$1(PeerProxyMap.java:74)
	at org.apache.ratis.util.LifeCycle.lambda$checkStateAndClose$2(LifeCycle.java:231)
	at org.apache.ratis.util.LifeCycle.checkStateAndClose(LifeCycle.java:251)
	at org.apache.ratis.util.LifeCycle.checkStateAndClose(LifeCycle.java:229)
	at org.apache.ratis.util.PeerProxyMap$PeerAndProxy.close(PeerProxyMap.java:70)
	at org.apache.ratis.util.PeerProxyMap.resetProxy(PeerProxyMap.java:127)
	at org.apache.ratis.util.PeerProxyMap.handleException(PeerProxyMap.java:136)
	at org.apache.ratis.client.impl.RaftClientRpcWithProxy.handleException(RaftClientRpcWithProxy.java:47)
	at org.apache.ratis.client.impl.RaftClientImpl.handleIOException(RaftClientImpl.java:372)
	at org.apache.ratis.client.impl.OrderedAsync.lambda$sendRequest$10(OrderedAsync.java:236)
	at java.util.concurrent.CompletableFuture.uniExceptionally(CompletableFuture.java:870)
	at java.util.concurrent.CompletableFuture$UniExceptionally.tryFire(CompletableFuture.java:852)
	at java.util.concurrent.CompletableFuture.postComplete(CompletableFuture.java:474)
	at java.util.concurrent.CompletableFuture.completeExceptionally(CompletableFuture.java:1977)
	at org.apache.ratis.grpc.client.GrpcClientProtocolClient$AsyncStreamObservers.lambda$timeoutCheck$3(GrpcClientProtocolClient.java:324)
	at java.util.Optional.ifPresent(Optional.java:159)
	at org.apache.ratis.grpc.client.GrpcClientProtocolClient$AsyncStreamObservers.handleReplyFuture(GrpcClientProtocolClient.java:329)
	at org.apache.ratis.grpc.client.GrpcClientProtocolClient$AsyncStreamObservers.timeoutCheck(GrpcClientProtocolClient.java:324)
	at org.apache.ratis.grpc.client.GrpcClientProtocolClient$AsyncStreamObservers.lambda$onNext$1(GrpcClientProtocolClient.java:318)
	at org.apache.ratis.util.TimeoutScheduler.lambda$onTimeout$0(TimeoutScheduler.java:113)
	at org.apache.ratis.util.TimeoutScheduler.lambda$onTimeout$1(TimeoutScheduler.java:133)
	at org.apache.ratis.util.LogUtils.runAndLog(LogUtils.java:50)
	at org.apache.ratis.util.LogUtils$1.run(LogUtils.java:91)
	at java.util.concurrent.Executors$RunnableAdapter.call(Executors.java:511)
	at java.util.concurrent.FutureTask.run(FutureTask.java:266)
	at java.util.concurrent.ScheduledThreadPoolExecutor$ScheduledFutureTask.access$201(ScheduledThreadPoolExecutor.java:180)
	at java.util.concurrent.ScheduledThreadPoolExecutor$ScheduledFutureTask.run(ScheduledThreadPoolExecutor.java:293)
	at java.util.concurrent.ThreadPoolExecutor.runWorker(ThreadPoolExecutor.java:1149)
	at java.util.concurrent.ThreadPoolExecutor$Worker.run(ThreadPoolExecutor.java:624)
	at java.lang.Thread.run(Thread.java:748)
2019-10-16 17:18:49,291 [java.util.concurrent.ThreadPoolExecutor$Worker@836da09[State = -1, empty queue]] WARN  server.GrpcLogAppender (GrpcLogAppender.java:timeoutAppendRequest(200)) - 402b0372-4819-4934-806f-9fa0520739e8@group-E4D141D357F7->39efc1e0-b8a0-46ae-8203-75644d0567c7-GrpcLogAppender: appendEntries Timeout, request=402b0372-4819-4934-806f-9fa0520739e8->39efc1e0-b8a0-46ae-8203-75644d0567c7#36-t2, previous=(t:2, i:0), leaderCommit=0, initializing? false, entries: size=1, first=(t:2, i:1), STATEMACHINELOGENTRY, client-B8D77D742E2D, cid=23
2019-10-16 17:18:49,292 [java.util.concurrent.ThreadPoolExecutor$Worker@751ae8a4[State = -1, empty queue]] WARN  util.TimeoutScheduler (LogUtils.java:runAndLog(55)) - Failed to task #0: java.lang.NullPointerException
2019-10-16 17:18:49,293 [java.util.concurrent.ThreadPoolExecutor$Worker@7b277c51[State = -1, empty queue]] WARN  server.GrpcLogAppender (GrpcLogAppender.java:timeoutAppendRequest(200)) - 402b0372-4819-4934-806f-9fa0520739e8@group-E4D141D357F7->69c8fc0c-292c-4f2f-ab72-f8d3161c7a9e-GrpcLogAppender: appendEntries Timeout, request=402b0372-4819-4934-806f-9fa0520739e8->69c8fc0c-292c-4f2f-ab72-f8d3161c7a9e#36-t2, previous=(t:2, i:0), leaderCommit=0, initializing? false, entries: size=1, first=(t:2, i:1), STATEMACHINELOGENTRY, client-B8D77D742E2D, cid=23
2019-10-16 17:18:49,514 [java.util.concurrent.ThreadPoolExecutor$Worker@4a31b427[State = -1, empty queue]] WARN  server.GrpcLogAppender (GrpcLogAppender.java:timeoutAppendRequest(200)) - 88f87a5a-1895-478a-a391-44ff176aee59@group-87054B518F87->ce7940c3-cf81-4e60-9959-5d5957212d6b-GrpcLogAppender: appendEntries Timeout, request=88f87a5a-1895-478a-a391-44ff176aee59->ce7940c3-cf81-4e60-9959-5d5957212d6b#36-t3, previous=(t:3, i:1), leaderCommit=0, initializing? false, entries: <empty>
2019-10-16 17:18:49,514 [java.util.concurrent.ThreadPoolExecutor$Worker@42d78df2[State = -1, empty queue]] WARN  server.GrpcLogAppender (GrpcLogAppender.java:timeoutAppendRequest(200)) - 88f87a5a-1895-478a-a391-44ff176aee59@group-87054B518F87->e40a46b2-8333-4456-9552-d7e48aaff595-GrpcLogAppender: appendEntries Timeout, request=88f87a5a-1895-478a-a391-44ff176aee59->e40a46b2-8333-4456-9552-d7e48aaff595#36-t3, previous=(t:3, i:1), leaderCommit=0, initializing? false, entries: <empty>
2019-10-16 17:18:49,792 [java.util.concurrent.ThreadPoolExecutor$Worker@836da09[State = -1, empty queue]] WARN  server.GrpcLogAppender (GrpcLogAppender.java:timeoutAppendRequest(200)) - 402b0372-4819-4934-806f-9fa0520739e8@group-E4D141D357F7->39efc1e0-b8a0-46ae-8203-75644d0567c7-GrpcLogAppender: appendEntries Timeout, request=402b0372-4819-4934-806f-9fa0520739e8->39efc1e0-b8a0-46ae-8203-75644d0567c7#37-t2, previous=(t:2, i:1), leaderCommit=0, initializing? false, entries: <empty>
2019-10-16 17:18:49,793 [java.util.concurrent.ThreadPoolExecutor$Worker@7b277c51[State = -1, empty queue]] WARN  server.GrpcLogAppender (GrpcLogAppender.java:timeoutAppendRequest(200)) - 402b0372-4819-4934-806f-9fa0520739e8@group-E4D141D357F7->69c8fc0c-292c-4f2f-ab72-f8d3161c7a9e-GrpcLogAppender: appendEntries Timeout, request=402b0372-4819-4934-806f-9fa0520739e8->69c8fc0c-292c-4f2f-ab72-f8d3161c7a9e#37-t2, previous=(t:2, i:1), leaderCommit=0, initializing? false, entries: <empty>
2019-10-16 17:18:49,982 [88f87a5a-1895-478a-a391-44ff176aee59@group-87054B518F87-SegmentedRaftLogWorker] WARN  segmented.SegmentedRaftLogWorker (SegmentedRaftLogWorker.java:getFromFuture(86)) - Timeout 1/~
org.apache.ratis.protocol.TimeoutIOException: Timeout 10s: WriteLog:1: (t:3, i:1), STATEMACHINELOGENTRY, client-082A0CB34B61, cid=19-writeStateMachineData
	at org.apache.ratis.util.IOUtils.getFromFuture(IOUtils.java:87)
	at org.apache.ratis.server.raftlog.segmented.SegmentedRaftLogWorker$StateMachineDataPolicy.getFromFuture(SegmentedRaftLogWorker.java:83)
	at org.apache.ratis.server.raftlog.segmented.SegmentedRaftLogWorker$WriteLog.execute(SegmentedRaftLogWorker.java:482)
	at org.apache.ratis.server.raftlog.segmented.SegmentedRaftLogWorker.run(SegmentedRaftLogWorker.java:291)
	at java.lang.Thread.run(Thread.java:748)
Caused by: java.util.concurrent.TimeoutException
	at java.util.concurrent.CompletableFuture.timedGet(CompletableFuture.java:1771)
	at java.util.concurrent.CompletableFuture.get(CompletableFuture.java:1915)
	at org.apache.ratis.util.IOUtils.getFromFuture(IOUtils.java:79)
	... 4 more
2019-10-16 17:18:50,011 [e40a46b2-8333-4456-9552-d7e48aaff595@group-87054B518F87-SegmentedRaftLogWorker] WARN  segmented.SegmentedRaftLogWorker (SegmentedRaftLogWorker.java:getFromFuture(86)) - Timeout 1/~
org.apache.ratis.protocol.TimeoutIOException: Timeout 10s: WriteLog:1: (t:3, i:1), STATEMACHINELOGENTRY, client-082A0CB34B61, cid=19-writeStateMachineData
	at org.apache.ratis.util.IOUtils.getFromFuture(IOUtils.java:87)
	at org.apache.ratis.server.raftlog.segmented.SegmentedRaftLogWorker$StateMachineDataPolicy.getFromFuture(SegmentedRaftLogWorker.java:83)
	at org.apache.ratis.server.raftlog.segmented.SegmentedRaftLogWorker$WriteLog.execute(SegmentedRaftLogWorker.java:482)
	at org.apache.ratis.server.raftlog.segmented.SegmentedRaftLogWorker.run(SegmentedRaftLogWorker.java:291)
	at java.lang.Thread.run(Thread.java:748)
Caused by: java.util.concurrent.TimeoutException
	at java.util.concurrent.CompletableFuture.timedGet(CompletableFuture.java:1771)
	at java.util.concurrent.CompletableFuture.get(CompletableFuture.java:1915)
	at org.apache.ratis.util.IOUtils.getFromFuture(IOUtils.java:79)
	... 4 more
2019-10-16 17:18:50,012 [ce7940c3-cf81-4e60-9959-5d5957212d6b@group-87054B518F87-SegmentedRaftLogWorker] WARN  segmented.SegmentedRaftLogWorker (SegmentedRaftLogWorker.java:getFromFuture(86)) - Timeout 1/~
org.apache.ratis.protocol.TimeoutIOException: Timeout 10s: WriteLog:1: (t:3, i:1), STATEMACHINELOGENTRY, client-082A0CB34B61, cid=19-writeStateMachineData
	at org.apache.ratis.util.IOUtils.getFromFuture(IOUtils.java:87)
	at org.apache.ratis.server.raftlog.segmented.SegmentedRaftLogWorker$StateMachineDataPolicy.getFromFuture(SegmentedRaftLogWorker.java:83)
	at org.apache.ratis.server.raftlog.segmented.SegmentedRaftLogWorker$WriteLog.execute(SegmentedRaftLogWorker.java:482)
	at org.apache.ratis.server.raftlog.segmented.SegmentedRaftLogWorker.run(SegmentedRaftLogWorker.java:291)
	at java.lang.Thread.run(Thread.java:748)
Caused by: java.util.concurrent.TimeoutException
	at java.util.concurrent.CompletableFuture.timedGet(CompletableFuture.java:1771)
	at java.util.concurrent.CompletableFuture.get(CompletableFuture.java:1915)
	at org.apache.ratis.util.IOUtils.getFromFuture(IOUtils.java:79)
	... 4 more
2019-10-16 17:18:50,014 [java.util.concurrent.ThreadPoolExecutor$Worker@4a31b427[State = -1, empty queue]] WARN  server.GrpcLogAppender (GrpcLogAppender.java:timeoutAppendRequest(200)) - 88f87a5a-1895-478a-a391-44ff176aee59@group-87054B518F87->ce7940c3-cf81-4e60-9959-5d5957212d6b-GrpcLogAppender: appendEntries Timeout, request=88f87a5a-1895-478a-a391-44ff176aee59->ce7940c3-cf81-4e60-9959-5d5957212d6b#37-t3, previous=(t:3, i:1), leaderCommit=0, initializing? false, entries: <empty>
2019-10-16 17:18:50,014 [java.util.concurrent.ThreadPoolExecutor$Worker@42d78df2[State = -1, empty queue]] WARN  server.GrpcLogAppender (GrpcLogAppender.java:timeoutAppendRequest(200)) - 88f87a5a-1895-478a-a391-44ff176aee59@group-87054B518F87->e40a46b2-8333-4456-9552-d7e48aaff595-GrpcLogAppender: appendEntries Timeout, request=88f87a5a-1895-478a-a391-44ff176aee59->e40a46b2-8333-4456-9552-d7e48aaff595#37-t3, previous=(t:3, i:1), leaderCommit=0, initializing? false, entries: <empty>
2019-10-16 17:18:50,292 [java.util.concurrent.ThreadPoolExecutor$Worker@836da09[State = -1, empty queue]] WARN  server.GrpcLogAppender (GrpcLogAppender.java:timeoutAppendRequest(200)) - 402b0372-4819-4934-806f-9fa0520739e8@group-E4D141D357F7->39efc1e0-b8a0-46ae-8203-75644d0567c7-GrpcLogAppender: appendEntries Timeout, request=402b0372-4819-4934-806f-9fa0520739e8->39efc1e0-b8a0-46ae-8203-75644d0567c7#38-t2, previous=(t:2, i:1), leaderCommit=0, initializing? false, entries: <empty>
2019-10-16 17:18:50,293 [java.util.concurrent.ThreadPoolExecutor$Worker@7b277c51[State = -1, empty queue]] WARN  server.GrpcLogAppender (GrpcLogAppender.java:timeoutAppendRequest(200)) - 402b0372-4819-4934-806f-9fa0520739e8@group-E4D141D357F7->69c8fc0c-292c-4f2f-ab72-f8d3161c7a9e-GrpcLogAppender: appendEntries Timeout, request=402b0372-4819-4934-806f-9fa0520739e8->69c8fc0c-292c-4f2f-ab72-f8d3161c7a9e#38-t2, previous=(t:2, i:1), leaderCommit=0, initializing? false, entries: <empty>
2019-10-16 17:18:50,517 [java.util.concurrent.ThreadPoolExecutor$Worker@42d78df2[State = -1, empty queue]] WARN  server.GrpcLogAppender (GrpcLogAppender.java:timeoutAppendRequest(200)) - 88f87a5a-1895-478a-a391-44ff176aee59@group-87054B518F87->e40a46b2-8333-4456-9552-d7e48aaff595-GrpcLogAppender: appendEntries Timeout, request=88f87a5a-1895-478a-a391-44ff176aee59->e40a46b2-8333-4456-9552-d7e48aaff595#38-t3, previous=(t:3, i:1), leaderCommit=0, initializing? false, entries: <empty>
2019-10-16 17:18:50,517 [java.util.concurrent.ThreadPoolExecutor$Worker@4a31b427[State = -1, empty queue]] WARN  server.GrpcLogAppender (GrpcLogAppender.java:timeoutAppendRequest(200)) - 88f87a5a-1895-478a-a391-44ff176aee59@group-87054B518F87->ce7940c3-cf81-4e60-9959-5d5957212d6b-GrpcLogAppender: appendEntries Timeout, request=88f87a5a-1895-478a-a391-44ff176aee59->ce7940c3-cf81-4e60-9959-5d5957212d6b#38-t3, previous=(t:3, i:1), leaderCommit=0, initializing? false, entries: <empty>
2019-10-16 17:18:50,793 [java.util.concurrent.ThreadPoolExecutor$Worker@836da09[State = -1, empty queue]] WARN  server.GrpcLogAppender (GrpcLogAppender.java:timeoutAppendRequest(200)) - 402b0372-4819-4934-806f-9fa0520739e8@group-E4D141D357F7->39efc1e0-b8a0-46ae-8203-75644d0567c7-GrpcLogAppender: appendEntries Timeout, request=402b0372-4819-4934-806f-9fa0520739e8->39efc1e0-b8a0-46ae-8203-75644d0567c7#39-t2, previous=(t:2, i:1), leaderCommit=0, initializing? false, entries: <empty>
2019-10-16 17:18:50,794 [java.util.concurrent.ThreadPoolExecutor$Worker@7b277c51[State = -1, empty queue]] WARN  server.GrpcLogAppender (GrpcLogAppender.java:timeoutAppendRequest(200)) - 402b0372-4819-4934-806f-9fa0520739e8@group-E4D141D357F7->69c8fc0c-292c-4f2f-ab72-f8d3161c7a9e-GrpcLogAppender: appendEntries Timeout, request=402b0372-4819-4934-806f-9fa0520739e8->69c8fc0c-292c-4f2f-ab72-f8d3161c7a9e#39-t2, previous=(t:2, i:1), leaderCommit=0, initializing? false, entries: <empty>
2019-10-16 17:18:51,018 [java.util.concurrent.ThreadPoolExecutor$Worker@4a31b427[State = -1, empty queue]] WARN  server.GrpcLogAppender (GrpcLogAppender.java:timeoutAppendRequest(200)) - 88f87a5a-1895-478a-a391-44ff176aee59@group-87054B518F87->ce7940c3-cf81-4e60-9959-5d5957212d6b-GrpcLogAppender: appendEntries Timeout, request=88f87a5a-1895-478a-a391-44ff176aee59->ce7940c3-cf81-4e60-9959-5d5957212d6b#39-t3, previous=(t:3, i:1), leaderCommit=0, initializing? false, entries: <empty>
2019-10-16 17:18:51,018 [java.util.concurrent.ThreadPoolExecutor$Worker@42d78df2[State = -1, empty queue]] WARN  server.GrpcLogAppender (GrpcLogAppender.java:timeoutAppendRequest(200)) - 88f87a5a-1895-478a-a391-44ff176aee59@group-87054B518F87->e40a46b2-8333-4456-9552-d7e48aaff595-GrpcLogAppender: appendEntries Timeout, request=88f87a5a-1895-478a-a391-44ff176aee59->e40a46b2-8333-4456-9552-d7e48aaff595#39-t3, previous=(t:3, i:1), leaderCommit=0, initializing? false, entries: <empty>
2019-10-16 17:18:51,294 [java.util.concurrent.ThreadPoolExecutor$Worker@836da09[State = -1, empty queue]] WARN  server.GrpcLogAppender (GrpcLogAppender.java:timeoutAppendRequest(200)) - 402b0372-4819-4934-806f-9fa0520739e8@group-E4D141D357F7->39efc1e0-b8a0-46ae-8203-75644d0567c7-GrpcLogAppender: appendEntries Timeout, request=402b0372-4819-4934-806f-9fa0520739e8->39efc1e0-b8a0-46ae-8203-75644d0567c7#40-t2, previous=(t:2, i:1), leaderCommit=0, initializing? false, entries: <empty>
2019-10-16 17:18:51,294 [java.util.concurrent.ThreadPoolExecutor$Worker@7b277c51[State = -1, empty queue]] WARN  server.GrpcLogAppender (GrpcLogAppender.java:timeoutAppendRequest(200)) - 402b0372-4819-4934-806f-9fa0520739e8@group-E4D141D357F7->69c8fc0c-292c-4f2f-ab72-f8d3161c7a9e-GrpcLogAppender: appendEntries Timeout, request=402b0372-4819-4934-806f-9fa0520739e8->69c8fc0c-292c-4f2f-ab72-f8d3161c7a9e#40-t2, previous=(t:2, i:1), leaderCommit=0, initializing? false, entries: <empty>
2019-10-16 17:18:51,519 [java.util.concurrent.ThreadPoolExecutor$Worker@42d78df2[State = -1, empty queue]] WARN  server.GrpcLogAppender (GrpcLogAppender.java:timeoutAppendRequest(200)) - 88f87a5a-1895-478a-a391-44ff176aee59@group-87054B518F87->e40a46b2-8333-4456-9552-d7e48aaff595-GrpcLogAppender: appendEntries Timeout, request=88f87a5a-1895-478a-a391-44ff176aee59->e40a46b2-8333-4456-9552-d7e48aaff595#40-t3, previous=(t:3, i:1), leaderCommit=0, initializing? false, entries: <empty>
2019-10-16 17:18:51,519 [java.util.concurrent.ThreadPoolExecutor$Worker@4a31b427[State = -1, empty queue]] WARN  server.GrpcLogAppender (GrpcLogAppender.java:timeoutAppendRequest(200)) - 88f87a5a-1895-478a-a391-44ff176aee59@group-87054B518F87->ce7940c3-cf81-4e60-9959-5d5957212d6b-GrpcLogAppender: appendEntries Timeout, request=88f87a5a-1895-478a-a391-44ff176aee59->ce7940c3-cf81-4e60-9959-5d5957212d6b#40-t3, previous=(t:3, i:1), leaderCommit=0, initializing? false, entries: <empty>
2019-10-16 17:18:51,794 [java.util.concurrent.ThreadPoolExecutor$Worker@836da09[State = -1, empty queue]] WARN  server.GrpcLogAppender (GrpcLogAppender.java:timeoutAppendRequest(200)) - 402b0372-4819-4934-806f-9fa0520739e8@group-E4D141D357F7->39efc1e0-b8a0-46ae-8203-75644d0567c7-GrpcLogAppender: appendEntries Timeout, request=402b0372-4819-4934-806f-9fa0520739e8->39efc1e0-b8a0-46ae-8203-75644d0567c7#41-t2, previous=(t:2, i:1), leaderCommit=0, initializing? false, entries: <empty>
2019-10-16 17:18:51,795 [java.util.concurrent.ThreadPoolExecutor$Worker@7b277c51[State = -1, empty queue]] WARN  server.GrpcLogAppender (GrpcLogAppender.java:timeoutAppendRequest(200)) - 402b0372-4819-4934-806f-9fa0520739e8@group-E4D141D357F7->69c8fc0c-292c-4f2f-ab72-f8d3161c7a9e-GrpcLogAppender: appendEntries Timeout, request=402b0372-4819-4934-806f-9fa0520739e8->69c8fc0c-292c-4f2f-ab72-f8d3161c7a9e#41-t2, previous=(t:2, i:1), leaderCommit=0, initializing? false, entries: <empty>
2019-10-16 17:18:51,805 [grpc-default-executor-9] WARN  server.GrpcLogAppender (GrpcLogAppender.java:onNextImpl(251)) - 88f87a5a-1895-478a-a391-44ff176aee59@group-87054B518F87->ce7940c3-cf81-4e60-9959-5d5957212d6b-AppendLogResponseHandler: Request not found, ignoring reply: 88f87a5a-1895-478a-a391-44ff176aee59<-ce7940c3-cf81-4e60-9959-5d5957212d6b#3:OK,SUCCESS,nextIndex:2,term:3,followerCommit:0
2019-10-16 17:18:51,810 [grpc-default-executor-9] WARN  server.GrpcLogAppender (GrpcLogAppender.java:onNextImpl(251)) - 88f87a5a-1895-478a-a391-44ff176aee59@group-87054B518F87->ce7940c3-cf81-4e60-9959-5d5957212d6b-AppendLogResponseHandler: Request not found, ignoring reply: 88f87a5a-1895-478a-a391-44ff176aee59<-ce7940c3-cf81-4e60-9959-5d5957212d6b#4:OK,SUCCESS,nextIndex:2,term:3,followerCommit:0
2019-10-16 17:18:51,814 [grpc-default-executor-9] WARN  server.GrpcLogAppender (GrpcLogAppender.java:onNextImpl(251)) - 88f87a5a-1895-478a-a391-44ff176aee59@group-87054B518F87->ce7940c3-cf81-4e60-9959-5d5957212d6b-AppendLogResponseHandler: Request not found, ignoring reply: 88f87a5a-1895-478a-a391-44ff176aee59<-ce7940c3-cf81-4e60-9959-5d5957212d6b#5:OK,SUCCESS,nextIndex:2,term:3,followerCommit:0
2019-10-16 17:18:51,815 [grpc-default-executor-9] WARN  server.GrpcLogAppender (GrpcLogAppender.java:onNextImpl(251)) - 88f87a5a-1895-478a-a391-44ff176aee59@group-87054B518F87->ce7940c3-cf81-4e60-9959-5d5957212d6b-AppendLogResponseHandler: Request not found, ignoring reply: 88f87a5a-1895-478a-a391-44ff176aee59<-ce7940c3-cf81-4e60-9959-5d5957212d6b#6:OK,SUCCESS,nextIndex:2,term:3,followerCommit:0
2019-10-16 17:18:51,815 [grpc-default-executor-9] WARN  server.GrpcLogAppender (GrpcLogAppender.java:onNextImpl(251)) - 88f87a5a-1895-478a-a391-44ff176aee59@group-87054B518F87->ce7940c3-cf81-4e60-9959-5d5957212d6b-AppendLogResponseHandler: Request not found, ignoring reply: 88f87a5a-1895-478a-a391-44ff176aee59<-ce7940c3-cf81-4e60-9959-5d5957212d6b#7:OK,SUCCESS,nextIndex:2,term:3,followerCommit:0
2019-10-16 17:18:51,815 [grpc-default-executor-9] WARN  server.GrpcLogAppender (GrpcLogAppender.java:onNextImpl(251)) - 88f87a5a-1895-478a-a391-44ff176aee59@group-87054B518F87->ce7940c3-cf81-4e60-9959-5d5957212d6b-AppendLogResponseHandler: Request not found, ignoring reply: 88f87a5a-1895-478a-a391-44ff176aee59<-ce7940c3-cf81-4e60-9959-5d5957212d6b#8:OK,SUCCESS,nextIndex:2,term:3,followerCommit:0
2019-10-16 17:18:51,815 [grpc-default-executor-9] WARN  server.GrpcLogAppender (GrpcLogAppender.java:onNextImpl(251)) - 88f87a5a-1895-478a-a391-44ff176aee59@group-87054B518F87->ce7940c3-cf81-4e60-9959-5d5957212d6b-AppendLogResponseHandler: Request not found, ignoring reply: 88f87a5a-1895-478a-a391-44ff176aee59<-ce7940c3-cf81-4e60-9959-5d5957212d6b#9:OK,SUCCESS,nextIndex:2,term:3,followerCommit:0
2019-10-16 17:18:51,816 [grpc-default-executor-9] WARN  server.GrpcLogAppender (GrpcLogAppender.java:onNextImpl(251)) - 88f87a5a-1895-478a-a391-44ff176aee59@group-87054B518F87->ce7940c3-cf81-4e60-9959-5d5957212d6b-AppendLogResponseHandler: Request not found, ignoring reply: 88f87a5a-1895-478a-a391-44ff176aee59<-ce7940c3-cf81-4e60-9959-5d5957212d6b#10:OK,SUCCESS,nextIndex:2,term:3,followerCommit:0
2019-10-16 17:18:51,816 [grpc-default-executor-9] WARN  server.GrpcLogAppender (GrpcLogAppender.java:onNextImpl(251)) - 88f87a5a-1895-478a-a391-44ff176aee59@group-87054B518F87->ce7940c3-cf81-4e60-9959-5d5957212d6b-AppendLogResponseHandler: Request not found, ignoring reply: 88f87a5a-1895-478a-a391-44ff176aee59<-ce7940c3-cf81-4e60-9959-5d5957212d6b#11:OK,SUCCESS,nextIndex:2,term:3,followerCommit:0
2019-10-16 17:18:51,816 [grpc-default-executor-9] WARN  server.GrpcLogAppender (GrpcLogAppender.java:onNextImpl(251)) - 88f87a5a-1895-478a-a391-44ff176aee59@group-87054B518F87->ce7940c3-cf81-4e60-9959-5d5957212d6b-AppendLogResponseHandler: Request not found, ignoring reply: 88f87a5a-1895-478a-a391-44ff176aee59<-ce7940c3-cf81-4e60-9959-5d5957212d6b#12:OK,SUCCESS,nextIndex:2,term:3,followerCommit:0
2019-10-16 17:18:51,816 [grpc-default-executor-9] WARN  server.GrpcLogAppender (GrpcLogAppender.java:onNextImpl(251)) - 88f87a5a-1895-478a-a391-44ff176aee59@group-87054B518F87->ce7940c3-cf81-4e60-9959-5d5957212d6b-AppendLogResponseHandler: Request not found, ignoring reply: 88f87a5a-1895-478a-a391-44ff176aee59<-ce7940c3-cf81-4e60-9959-5d5957212d6b#13:OK,SUCCESS,nextIndex:2,term:3,followerCommit:0
2019-10-16 17:18:51,816 [grpc-default-executor-9] WARN  server.GrpcLogAppender (GrpcLogAppender.java:onNextImpl(251)) - 88f87a5a-1895-478a-a391-44ff176aee59@group-87054B518F87->ce7940c3-cf81-4e60-9959-5d5957212d6b-AppendLogResponseHandler: Request not found, ignoring reply: 88f87a5a-1895-478a-a391-44ff176aee59<-ce7940c3-cf81-4e60-9959-5d5957212d6b#14:OK,SUCCESS,nextIndex:2,term:3,followerCommit:0
2019-10-16 17:18:51,817 [grpc-default-executor-9] WARN  server.GrpcLogAppender (GrpcLogAppender.java:onNextImpl(251)) - 88f87a5a-1895-478a-a391-44ff176aee59@group-87054B518F87->ce7940c3-cf81-4e60-9959-5d5957212d6b-AppendLogResponseHandler: Request not found, ignoring reply: 88f87a5a-1895-478a-a391-44ff176aee59<-ce7940c3-cf81-4e60-9959-5d5957212d6b#15:OK,SUCCESS,nextIndex:2,term:3,followerCommit:0
2019-10-16 17:18:51,817 [grpc-default-executor-9] WARN  server.GrpcLogAppender (GrpcLogAppender.java:onNextImpl(251)) - 88f87a5a-1895-478a-a391-44ff176aee59@group-87054B518F87->ce7940c3-cf81-4e60-9959-5d5957212d6b-AppendLogResponseHandler: Request not found, ignoring reply: 88f87a5a-1895-478a-a391-44ff176aee59<-ce7940c3-cf81-4e60-9959-5d5957212d6b#16:OK,SUCCESS,nextIndex:2,term:3,followerCommit:0
2019-10-16 17:18:51,817 [grpc-default-executor-9] WARN  server.GrpcLogAppender (GrpcLogAppender.java:onNextImpl(251)) - 88f87a5a-1895-478a-a391-44ff176aee59@group-87054B518F87->ce7940c3-cf81-4e60-9959-5d5957212d6b-AppendLogResponseHandler: Request not found, ignoring reply: 88f87a5a-1895-478a-a391-44ff176aee59<-ce7940c3-cf81-4e60-9959-5d5957212d6b#17:OK,SUCCESS,nextIndex:2,term:3,followerCommit:0
2019-10-16 17:18:51,817 [grpc-default-executor-9] WARN  server.GrpcLogAppender (GrpcLogAppender.java:onNextImpl(251)) - 88f87a5a-1895-478a-a391-44ff176aee59@group-87054B518F87->ce7940c3-cf81-4e60-9959-5d5957212d6b-AppendLogResponseHandler: Request not found, ignoring reply: 88f87a5a-1895-478a-a391-44ff176aee59<-ce7940c3-cf81-4e60-9959-5d5957212d6b#18:OK,SUCCESS,nextIndex:2,term:3,followerCommit:0
2019-10-16 17:18:51,818 [grpc-default-executor-9] WARN  server.GrpcLogAppender (GrpcLogAppender.java:onNextImpl(251)) - 88f87a5a-1895-478a-a391-44ff176aee59@group-87054B518F87->ce7940c3-cf81-4e60-9959-5d5957212d6b-AppendLogResponseHandler: Request not found, ignoring reply: 88f87a5a-1895-478a-a391-44ff176aee59<-ce7940c3-cf81-4e60-9959-5d5957212d6b#19:OK,SUCCESS,nextIndex:2,term:3,followerCommit:0
2019-10-16 17:18:51,818 [grpc-default-executor-9] WARN  server.GrpcLogAppender (GrpcLogAppender.java:onNextImpl(251)) - 88f87a5a-1895-478a-a391-44ff176aee59@group-87054B518F87->ce7940c3-cf81-4e60-9959-5d5957212d6b-AppendLogResponseHandler: Request not found, ignoring reply: 88f87a5a-1895-478a-a391-44ff176aee59<-ce7940c3-cf81-4e60-9959-5d5957212d6b#20:OK,SUCCESS,nextIndex:2,term:3,followerCommit:0
2019-10-16 17:18:51,818 [grpc-default-executor-9] WARN  server.GrpcLogAppender (GrpcLogAppender.java:onNextImpl(251)) - 88f87a5a-1895-478a-a391-44ff176aee59@group-87054B518F87->ce7940c3-cf81-4e60-9959-5d5957212d6b-AppendLogResponseHandler: Request not found, ignoring reply: 88f87a5a-1895-478a-a391-44ff176aee59<-ce7940c3-cf81-4e60-9959-5d5957212d6b#21:OK,SUCCESS,nextIndex:2,term:3,followerCommit:0
2019-10-16 17:18:51,818 [grpc-default-executor-9] WARN  server.GrpcLogAppender (GrpcLogAppender.java:onNextImpl(251)) - 88f87a5a-1895-478a-a391-44ff176aee59@group-87054B518F87->ce7940c3-cf81-4e60-9959-5d5957212d6b-AppendLogResponseHandler: Request not found, ignoring reply: 88f87a5a-1895-478a-a391-44ff176aee59<-ce7940c3-cf81-4e60-9959-5d5957212d6b#22:OK,SUCCESS,nextIndex:2,term:3,followerCommit:0
2019-10-16 17:18:51,819 [grpc-default-executor-9] WARN  server.GrpcLogAppender (GrpcLogAppender.java:onNextImpl(251)) - 88f87a5a-1895-478a-a391-44ff176aee59@group-87054B518F87->ce7940c3-cf81-4e60-9959-5d5957212d6b-AppendLogResponseHandler: Request not found, ignoring reply: 88f87a5a-1895-478a-a391-44ff176aee59<-ce7940c3-cf81-4e60-9959-5d5957212d6b#23:OK,SUCCESS,nextIndex:2,term:3,followerCommit:0
2019-10-16 17:18:51,819 [grpc-default-executor-9] WARN  server.GrpcLogAppender (GrpcLogAppender.java:onNextImpl(251)) - 88f87a5a-1895-478a-a391-44ff176aee59@group-87054B518F87->ce7940c3-cf81-4e60-9959-5d5957212d6b-AppendLogResponseHandler: Request not found, ignoring reply: 88f87a5a-1895-478a-a391-44ff176aee59<-ce7940c3-cf81-4e60-9959-5d5957212d6b#24:OK,SUCCESS,nextIndex:2,term:3,followerCommit:0
2019-10-16 17:18:51,819 [grpc-default-executor-9] WARN  server.GrpcLogAppender (GrpcLogAppender.java:onNextImpl(251)) - 88f87a5a-1895-478a-a391-44ff176aee59@group-87054B518F87->ce7940c3-cf81-4e60-9959-5d5957212d6b-AppendLogResponseHandler: Request not found, ignoring reply: 88f87a5a-1895-478a-a391-44ff176aee59<-ce7940c3-cf81-4e60-9959-5d5957212d6b#25:OK,SUCCESS,nextIndex:2,term:3,followerCommit:0
2019-10-16 17:18:51,819 [grpc-default-executor-9] WARN  server.GrpcLogAppender (GrpcLogAppender.java:onNextImpl(251)) - 88f87a5a-1895-478a-a391-44ff176aee59@group-87054B518F87->ce7940c3-cf81-4e60-9959-5d5957212d6b-AppendLogResponseHandler: Request not found, ignoring reply: 88f87a5a-1895-478a-a391-44ff176aee59<-ce7940c3-cf81-4e60-9959-5d5957212d6b#26:OK,SUCCESS,nextIndex:2,term:3,followerCommit:0
2019-10-16 17:18:51,820 [grpc-default-executor-9] WARN  server.GrpcLogAppender (GrpcLogAppender.java:onNextImpl(251)) - 88f87a5a-1895-478a-a391-44ff176aee59@group-87054B518F87->ce7940c3-cf81-4e60-9959-5d5957212d6b-AppendLogResponseHandler: Request not found, ignoring reply: 88f87a5a-1895-478a-a391-44ff176aee59<-ce7940c3-cf81-4e60-9959-5d5957212d6b#27:OK,SUCCESS,nextIndex:2,term:3,followerCommit:0
2019-10-16 17:18:51,820 [grpc-default-executor-9] WARN  server.GrpcLogAppender (GrpcLogAppender.java:onNextImpl(251)) - 88f87a5a-1895-478a-a391-44ff176aee59@group-87054B518F87->ce7940c3-cf81-4e60-9959-5d5957212d6b-AppendLogResponseHandler: Request not found, ignoring reply: 88f87a5a-1895-478a-a391-44ff176aee59<-ce7940c3-cf81-4e60-9959-5d5957212d6b#28:OK,SUCCESS,nextIndex:2,term:3,followerCommit:0
2019-10-16 17:18:51,820 [grpc-default-executor-9] WARN  server.GrpcLogAppender (GrpcLogAppender.java:onNextImpl(251)) - 88f87a5a-1895-478a-a391-44ff176aee59@group-87054B518F87->ce7940c3-cf81-4e60-9959-5d5957212d6b-AppendLogResponseHandler: Request not found, ignoring reply: 88f87a5a-1895-478a-a391-44ff176aee59<-ce7940c3-cf81-4e60-9959-5d5957212d6b#29:OK,SUCCESS,nextIndex:2,term:3,followerCommit:0
2019-10-16 17:18:51,820 [grpc-default-executor-9] WARN  server.GrpcLogAppender (GrpcLogAppender.java:onNextImpl(251)) - 88f87a5a-1895-478a-a391-44ff176aee59@group-87054B518F87->ce7940c3-cf81-4e60-9959-5d5957212d6b-AppendLogResponseHandler: Request not found, ignoring reply: 88f87a5a-1895-478a-a391-44ff176aee59<-ce7940c3-cf81-4e60-9959-5d5957212d6b#30:OK,SUCCESS,nextIndex:2,term:3,followerCommit:0
2019-10-16 17:18:51,821 [grpc-default-executor-9] WARN  server.GrpcLogAppender (GrpcLogAppender.java:onNextImpl(251)) - 88f87a5a-1895-478a-a391-44ff176aee59@group-87054B518F87->ce7940c3-cf81-4e60-9959-5d5957212d6b-AppendLogResponseHandler: Request not found, ignoring reply: 88f87a5a-1895-478a-a391-44ff176aee59<-ce7940c3-cf81-4e60-9959-5d5957212d6b#31:OK,SUCCESS,nextIndex:2,term:3,followerCommit:0
2019-10-16 17:18:51,821 [grpc-default-executor-9] WARN  server.GrpcLogAppender (GrpcLogAppender.java:onNextImpl(251)) - 88f87a5a-1895-478a-a391-44ff176aee59@group-87054B518F87->ce7940c3-cf81-4e60-9959-5d5957212d6b-AppendLogResponseHandler: Request not found, ignoring reply: 88f87a5a-1895-478a-a391-44ff176aee59<-ce7940c3-cf81-4e60-9959-5d5957212d6b#32:OK,SUCCESS,nextIndex:2,term:3,followerCommit:0
2019-10-16 17:18:51,821 [grpc-default-executor-9] WARN  server.GrpcLogAppender (GrpcLogAppender.java:onNextImpl(251)) - 88f87a5a-1895-478a-a391-44ff176aee59@group-87054B518F87->ce7940c3-cf81-4e60-9959-5d5957212d6b-AppendLogResponseHandler: Request not found, ignoring reply: 88f87a5a-1895-478a-a391-44ff176aee59<-ce7940c3-cf81-4e60-9959-5d5957212d6b#33:OK,SUCCESS,nextIndex:2,term:3,followerCommit:0
2019-10-16 17:18:51,821 [grpc-default-executor-9] WARN  server.GrpcLogAppender (GrpcLogAppender.java:onNextImpl(251)) - 88f87a5a-1895-478a-a391-44ff176aee59@group-87054B518F87->ce7940c3-cf81-4e60-9959-5d5957212d6b-AppendLogResponseHandler: Request not found, ignoring reply: 88f87a5a-1895-478a-a391-44ff176aee59<-ce7940c3-cf81-4e60-9959-5d5957212d6b#34:OK,SUCCESS,nextIndex:2,term:3,followerCommit:0
2019-10-16 17:18:51,821 [grpc-default-executor-9] WARN  server.GrpcLogAppender (GrpcLogAppender.java:onNextImpl(251)) - 88f87a5a-1895-478a-a391-44ff176aee59@group-87054B518F87->ce7940c3-cf81-4e60-9959-5d5957212d6b-AppendLogResponseHandler: Request not found, ignoring reply: 88f87a5a-1895-478a-a391-44ff176aee59<-ce7940c3-cf81-4e60-9959-5d5957212d6b#35:OK,SUCCESS,nextIndex:2,term:3,followerCommit:0
2019-10-16 17:18:51,822 [grpc-default-executor-9] WARN  server.GrpcLogAppender (GrpcLogAppender.java:onNextImpl(251)) - 88f87a5a-1895-478a-a391-44ff176aee59@group-87054B518F87->ce7940c3-cf81-4e60-9959-5d5957212d6b-AppendLogResponseHandler: Request not found, ignoring reply: 88f87a5a-1895-478a-a391-44ff176aee59<-ce7940c3-cf81-4e60-9959-5d5957212d6b#36:OK,SUCCESS,nextIndex:2,term:3,followerCommit:0
2019-10-16 17:18:51,822 [grpc-default-executor-9] WARN  server.GrpcLogAppender (GrpcLogAppender.java:onNextImpl(251)) - 88f87a5a-1895-478a-a391-44ff176aee59@group-87054B518F87->ce7940c3-cf81-4e60-9959-5d5957212d6b-AppendLogResponseHandler: Request not found, ignoring reply: 88f87a5a-1895-478a-a391-44ff176aee59<-ce7940c3-cf81-4e60-9959-5d5957212d6b#37:OK,SUCCESS,nextIndex:2,term:3,followerCommit:0
2019-10-16 17:18:51,822 [grpc-default-executor-9] WARN  server.GrpcLogAppender (GrpcLogAppender.java:onNextImpl(251)) - 88f87a5a-1895-478a-a391-44ff176aee59@group-87054B518F87->ce7940c3-cf81-4e60-9959-5d5957212d6b-AppendLogResponseHandler: Request not found, ignoring reply: 88f87a5a-1895-478a-a391-44ff176aee59<-ce7940c3-cf81-4e60-9959-5d5957212d6b#38:OK,SUCCESS,nextIndex:2,term:3,followerCommit:0
2019-10-16 17:18:51,822 [grpc-default-executor-9] WARN  server.GrpcLogAppender (GrpcLogAppender.java:onNextImpl(251)) - 88f87a5a-1895-478a-a391-44ff176aee59@group-87054B518F87->ce7940c3-cf81-4e60-9959-5d5957212d6b-AppendLogResponseHandler: Request not found, ignoring reply: 88f87a5a-1895-478a-a391-44ff176aee59<-ce7940c3-cf81-4e60-9959-5d5957212d6b#39:OK,SUCCESS,nextIndex:2,term:3,followerCommit:0
2019-10-16 17:18:51,823 [grpc-default-executor-9] WARN  server.GrpcLogAppender (GrpcLogAppender.java:onNextImpl(251)) - 88f87a5a-1895-478a-a391-44ff176aee59@group-87054B518F87->ce7940c3-cf81-4e60-9959-5d5957212d6b-AppendLogResponseHandler: Request not found, ignoring reply: 88f87a5a-1895-478a-a391-44ff176aee59<-ce7940c3-cf81-4e60-9959-5d5957212d6b#40:OK,SUCCESS,nextIndex:2,term:3,followerCommit:0
2019-10-16 17:18:52,020 [java.util.concurrent.ThreadPoolExecutor$Worker@42d78df2[State = -1, empty queue]] WARN  server.GrpcLogAppender (GrpcLogAppender.java:timeoutAppendRequest(200)) - 88f87a5a-1895-478a-a391-44ff176aee59@group-87054B518F87->e40a46b2-8333-4456-9552-d7e48aaff595-GrpcLogAppender: appendEntries Timeout, request=88f87a5a-1895-478a-a391-44ff176aee59->e40a46b2-8333-4456-9552-d7e48aaff595#41-t3, previous=(t:3, i:1), leaderCommit=0, initializing? false, entries: <empty>
2019-10-16 17:18:52,133 [grpc-default-executor-9] WARN  server.GrpcLogAppender (GrpcLogAppender.java:onNextImpl(251)) - 88f87a5a-1895-478a-a391-44ff176aee59@group-87054B518F87->e40a46b2-8333-4456-9552-d7e48aaff595-AppendLogResponseHandler: Request not found, ignoring reply: 88f87a5a-1895-478a-a391-44ff176aee59<-e40a46b2-8333-4456-9552-d7e48aaff595#3:OK,SUCCESS,nextIndex:2,term:3,followerCommit:0
2019-10-16 17:18:52,133 [grpc-default-executor-9] WARN  server.GrpcLogAppender (GrpcLogAppender.java:onNextImpl(251)) - 88f87a5a-1895-478a-a391-44ff176aee59@group-87054B518F87->e40a46b2-8333-4456-9552-d7e48aaff595-AppendLogResponseHandler: Request not found, ignoring reply: 88f87a5a-1895-478a-a391-44ff176aee59<-e40a46b2-8333-4456-9552-d7e48aaff595#4:OK,SUCCESS,nextIndex:2,term:3,followerCommit:0
2019-10-16 17:18:52,134 [grpc-default-executor-9] WARN  server.GrpcLogAppender (GrpcLogAppender.java:onNextImpl(251)) - 88f87a5a-1895-478a-a391-44ff176aee59@group-87054B518F87->e40a46b2-8333-4456-9552-d7e48aaff595-AppendLogResponseHandler: Request not found, ignoring reply: 88f87a5a-1895-478a-a391-44ff176aee59<-e40a46b2-8333-4456-9552-d7e48aaff595#5:OK,SUCCESS,nextIndex:2,term:3,followerCommit:0
2019-10-16 17:18:52,134 [grpc-default-executor-9] WARN  server.GrpcLogAppender (GrpcLogAppender.java:onNextImpl(251)) - 88f87a5a-1895-478a-a391-44ff176aee59@group-87054B518F87->e40a46b2-8333-4456-9552-d7e48aaff595-AppendLogResponseHandler: Request not found, ignoring reply: 88f87a5a-1895-478a-a391-44ff176aee59<-e40a46b2-8333-4456-9552-d7e48aaff595#6:OK,SUCCESS,nextIndex:2,term:3,followerCommit:0
2019-10-16 17:18:52,134 [grpc-default-executor-9] WARN  server.GrpcLogAppender (GrpcLogAppender.java:onNextImpl(251)) - 88f87a5a-1895-478a-a391-44ff176aee59@group-87054B518F87->e40a46b2-8333-4456-9552-d7e48aaff595-AppendLogResponseHandler: Request not found, ignoring reply: 88f87a5a-1895-478a-a391-44ff176aee59<-e40a46b2-8333-4456-9552-d7e48aaff595#7:OK,SUCCESS,nextIndex:2,term:3,followerCommit:0
2019-10-16 17:18:52,134 [grpc-default-executor-9] WARN  server.GrpcLogAppender (GrpcLogAppender.java:onNextImpl(251)) - 88f87a5a-1895-478a-a391-44ff176aee59@group-87054B518F87->e40a46b2-8333-4456-9552-d7e48aaff595-AppendLogResponseHandler: Request not found, ignoring reply: 88f87a5a-1895-478a-a391-44ff176aee59<-e40a46b2-8333-4456-9552-d7e48aaff595#8:OK,SUCCESS,nextIndex:2,term:3,followerCommit:0
2019-10-16 17:18:52,135 [grpc-default-executor-9] WARN  server.GrpcLogAppender (GrpcLogAppender.java:onNextImpl(251)) - 88f87a5a-1895-478a-a391-44ff176aee59@group-87054B518F87->e40a46b2-8333-4456-9552-d7e48aaff595-AppendLogResponseHandler: Request not found, ignoring reply: 88f87a5a-1895-478a-a391-44ff176aee59<-e40a46b2-8333-4456-9552-d7e48aaff595#9:OK,SUCCESS,nextIndex:2,term:3,followerCommit:0
2019-10-16 17:18:52,135 [grpc-default-executor-9] WARN  server.GrpcLogAppender (GrpcLogAppender.java:onNextImpl(251)) - 88f87a5a-1895-478a-a391-44ff176aee59@group-87054B518F87->e40a46b2-8333-4456-9552-d7e48aaff595-AppendLogResponseHandler: Request not found, ignoring reply: 88f87a5a-1895-478a-a391-44ff176aee59<-e40a46b2-8333-4456-9552-d7e48aaff595#10:OK,SUCCESS,nextIndex:2,term:3,followerCommit:0
2019-10-16 17:18:52,135 [grpc-default-executor-9] WARN  server.GrpcLogAppender (GrpcLogAppender.java:onNextImpl(251)) - 88f87a5a-1895-478a-a391-44ff176aee59@group-87054B518F87->e40a46b2-8333-4456-9552-d7e48aaff595-AppendLogResponseHandler: Request not found, ignoring reply: 88f87a5a-1895-478a-a391-44ff176aee59<-e40a46b2-8333-4456-9552-d7e48aaff595#11:OK,SUCCESS,nextIndex:2,term:3,followerCommit:0
2019-10-16 17:18:52,135 [grpc-default-executor-9] WARN  server.GrpcLogAppender (GrpcLogAppender.java:onNextImpl(251)) - 88f87a5a-1895-478a-a391-44ff176aee59@group-87054B518F87->e40a46b2-8333-4456-9552-d7e48aaff595-AppendLogResponseHandler: Request not found, ignoring reply: 88f87a5a-1895-478a-a391-44ff176aee59<-e40a46b2-8333-4456-9552-d7e48aaff595#12:OK,SUCCESS,nextIndex:2,term:3,followerCommit:0
2019-10-16 17:18:52,135 [grpc-default-executor-9] WARN  server.GrpcLogAppender (GrpcLogAppender.java:onNextImpl(251)) - 88f87a5a-1895-478a-a391-44ff176aee59@group-87054B518F87->e40a46b2-8333-4456-9552-d7e48aaff595-AppendLogResponseHandler: Request not found, ignoring reply: 88f87a5a-1895-478a-a391-44ff176aee59<-e40a46b2-8333-4456-9552-d7e48aaff595#13:OK,SUCCESS,nextIndex:2,term:3,followerCommit:0
2019-10-16 17:18:52,136 [grpc-default-executor-9] WARN  server.GrpcLogAppender (GrpcLogAppender.java:onNextImpl(251)) - 88f87a5a-1895-478a-a391-44ff176aee59@group-87054B518F87->e40a46b2-8333-4456-9552-d7e48aaff595-AppendLogResponseHandler: Request not found, ignoring reply: 88f87a5a-1895-478a-a391-44ff176aee59<-e40a46b2-8333-4456-9552-d7e48aaff595#14:OK,SUCCESS,nextIndex:2,term:3,followerCommit:0
2019-10-16 17:18:52,136 [grpc-default-executor-9] WARN  server.GrpcLogAppender (GrpcLogAppender.java:onNextImpl(251)) - 88f87a5a-1895-478a-a391-44ff176aee59@group-87054B518F87->e40a46b2-8333-4456-9552-d7e48aaff595-AppendLogResponseHandler: Request not found, ignoring reply: 88f87a5a-1895-478a-a391-44ff176aee59<-e40a46b2-8333-4456-9552-d7e48aaff595#15:OK,SUCCESS,nextIndex:2,term:3,followerCommit:0
2019-10-16 17:18:52,136 [grpc-default-executor-9] WARN  server.GrpcLogAppender (GrpcLogAppender.java:onNextImpl(251)) - 88f87a5a-1895-478a-a391-44ff176aee59@group-87054B518F87->e40a46b2-8333-4456-9552-d7e48aaff595-AppendLogResponseHandler: Request not found, ignoring reply: 88f87a5a-1895-478a-a391-44ff176aee59<-e40a46b2-8333-4456-9552-d7e48aaff595#16:OK,SUCCESS,nextIndex:2,term:3,followerCommit:0
2019-10-16 17:18:52,136 [grpc-default-executor-9] WARN  server.GrpcLogAppender (GrpcLogAppender.java:onNextImpl(251)) - 88f87a5a-1895-478a-a391-44ff176aee59@group-87054B518F87->e40a46b2-8333-4456-9552-d7e48aaff595-AppendLogResponseHandler: Request not found, ignoring reply: 88f87a5a-1895-478a-a391-44ff176aee59<-e40a46b2-8333-4456-9552-d7e48aaff595#17:OK,SUCCESS,nextIndex:2,term:3,followerCommit:0
2019-10-16 17:18:52,137 [grpc-default-executor-9] WARN  server.GrpcLogAppender (GrpcLogAppender.java:onNextImpl(251)) - 88f87a5a-1895-478a-a391-44ff176aee59@group-87054B518F87->e40a46b2-8333-4456-9552-d7e48aaff595-AppendLogResponseHandler: Request not found, ignoring reply: 88f87a5a-1895-478a-a391-44ff176aee59<-e40a46b2-8333-4456-9552-d7e48aaff595#18:OK,SUCCESS,nextIndex:2,term:3,followerCommit:0
2019-10-16 17:18:52,137 [grpc-default-executor-9] WARN  server.GrpcLogAppender (GrpcLogAppender.java:onNextImpl(251)) - 88f87a5a-1895-478a-a391-44ff176aee59@group-87054B518F87->e40a46b2-8333-4456-9552-d7e48aaff595-AppendLogResponseHandler: Request not found, ignoring reply: 88f87a5a-1895-478a-a391-44ff176aee59<-e40a46b2-8333-4456-9552-d7e48aaff595#19:OK,SUCCESS,nextIndex:2,term:3,followerCommit:0
2019-10-16 17:18:52,137 [grpc-default-executor-9] WARN  server.GrpcLogAppender (GrpcLogAppender.java:onNextImpl(251)) - 88f87a5a-1895-478a-a391-44ff176aee59@group-87054B518F87->e40a46b2-8333-4456-9552-d7e48aaff595-AppendLogResponseHandler: Request not found, ignoring reply: 88f87a5a-1895-478a-a391-44ff176aee59<-e40a46b2-8333-4456-9552-d7e48aaff595#20:OK,SUCCESS,nextIndex:2,term:3,followerCommit:0
2019-10-16 17:18:52,137 [grpc-default-executor-9] WARN  server.GrpcLogAppender (GrpcLogAppender.java:onNextImpl(251)) - 88f87a5a-1895-478a-a391-44ff176aee59@group-87054B518F87->e40a46b2-8333-4456-9552-d7e48aaff595-AppendLogResponseHandler: Request not found, ignoring reply: 88f87a5a-1895-478a-a391-44ff176aee59<-e40a46b2-8333-4456-9552-d7e48aaff595#21:OK,SUCCESS,nextIndex:2,term:3,followerCommit:0
2019-10-16 17:18:52,137 [grpc-default-executor-9] WARN  server.GrpcLogAppender (GrpcLogAppender.java:onNextImpl(251)) - 88f87a5a-1895-478a-a391-44ff176aee59@group-87054B518F87->e40a46b2-8333-4456-9552-d7e48aaff595-AppendLogResponseHandler: Request not found, ignoring reply: 88f87a5a-1895-478a-a391-44ff176aee59<-e40a46b2-8333-4456-9552-d7e48aaff595#22:OK,SUCCESS,nextIndex:2,term:3,followerCommit:0
2019-10-16 17:18:52,138 [grpc-default-executor-9] WARN  server.GrpcLogAppender (GrpcLogAppender.java:onNextImpl(251)) - 88f87a5a-1895-478a-a391-44ff176aee59@group-87054B518F87->e40a46b2-8333-4456-9552-d7e48aaff595-AppendLogResponseHandler: Request not found, ignoring reply: 88f87a5a-1895-478a-a391-44ff176aee59<-e40a46b2-8333-4456-9552-d7e48aaff595#23:OK,SUCCESS,nextIndex:2,term:3,followerCommit:0
2019-10-16 17:18:52,138 [grpc-default-executor-9] WARN  server.GrpcLogAppender (GrpcLogAppender.java:onNextImpl(251)) - 88f87a5a-1895-478a-a391-44ff176aee59@group-87054B518F87->e40a46b2-8333-4456-9552-d7e48aaff595-AppendLogResponseHandler: Request not found, ignoring reply: 88f87a5a-1895-478a-a391-44ff176aee59<-e40a46b2-8333-4456-9552-d7e48aaff595#24:OK,SUCCESS,nextIndex:2,term:3,followerCommit:0
2019-10-16 17:18:52,138 [grpc-default-executor-9] WARN  server.GrpcLogAppender (GrpcLogAppender.java:onNextImpl(251)) - 88f87a5a-1895-478a-a391-44ff176aee59@group-87054B518F87->e40a46b2-8333-4456-9552-d7e48aaff595-AppendLogResponseHandler: Request not found, ignoring reply: 88f87a5a-1895-478a-a391-44ff176aee59<-e40a46b2-8333-4456-9552-d7e48aaff595#25:OK,SUCCESS,nextIndex:2,term:3,followerCommit:0
2019-10-16 17:18:52,138 [grpc-default-executor-9] WARN  server.GrpcLogAppender (GrpcLogAppender.java:onNextImpl(251)) - 88f87a5a-1895-478a-a391-44ff176aee59@group-87054B518F87->e40a46b2-8333-4456-9552-d7e48aaff595-AppendLogResponseHandler: Request not found, ignoring reply: 88f87a5a-1895-478a-a391-44ff176aee59<-e40a46b2-8333-4456-9552-d7e48aaff595#26:OK,SUCCESS,nextIndex:2,term:3,followerCommit:0
2019-10-16 17:18:52,139 [grpc-default-executor-9] WARN  server.GrpcLogAppender (GrpcLogAppender.java:onNextImpl(251)) - 88f87a5a-1895-478a-a391-44ff176aee59@group-87054B518F87->e40a46b2-8333-4456-9552-d7e48aaff595-AppendLogResponseHandler: Request not found, ignoring reply: 88f87a5a-1895-478a-a391-44ff176aee59<-e40a46b2-8333-4456-9552-d7e48aaff595#27:OK,SUCCESS,nextIndex:2,term:3,followerCommit:0
2019-10-16 17:18:52,142 [grpc-default-executor-8] WARN  server.GrpcLogAppender (GrpcLogAppender.java:onNextImpl(251)) - 88f87a5a-1895-478a-a391-44ff176aee59@group-87054B518F87->e40a46b2-8333-4456-9552-d7e48aaff595-AppendLogResponseHandler: Request not found, ignoring reply: 88f87a5a-1895-478a-a391-44ff176aee59<-e40a46b2-8333-4456-9552-d7e48aaff595#28:OK,SUCCESS,nextIndex:2,term:3,followerCommit:0
2019-10-16 17:18:52,142 [grpc-default-executor-8] WARN  server.GrpcLogAppender (GrpcLogAppender.java:onNextImpl(251)) - 88f87a5a-1895-478a-a391-44ff176aee59@group-87054B518F87->e40a46b2-8333-4456-9552-d7e48aaff595-AppendLogResponseHandler: Request not found, ignoring reply: 88f87a5a-1895-478a-a391-44ff176aee59<-e40a46b2-8333-4456-9552-d7e48aaff595#29:OK,SUCCESS,nextIndex:2,term:3,followerCommit:0
2019-10-16 17:18:52,143 [grpc-default-executor-9] WARN  server.GrpcLogAppender (GrpcLogAppender.java:onNextImpl(251)) - 88f87a5a-1895-478a-a391-44ff176aee59@group-87054B518F87->e40a46b2-8333-4456-9552-d7e48aaff595-AppendLogResponseHandler: Request not found, ignoring reply: 88f87a5a-1895-478a-a391-44ff176aee59<-e40a46b2-8333-4456-9552-d7e48aaff595#30:OK,SUCCESS,nextIndex:2,term:3,followerCommit:0
2019-10-16 17:18:52,143 [grpc-default-executor-9] WARN  server.GrpcLogAppender (GrpcLogAppender.java:onNextImpl(251)) - 88f87a5a-1895-478a-a391-44ff176aee59@group-87054B518F87->e40a46b2-8333-4456-9552-d7e48aaff595-AppendLogResponseHandler: Request not found, ignoring reply: 88f87a5a-1895-478a-a391-44ff176aee59<-e40a46b2-8333-4456-9552-d7e48aaff595#31:OK,SUCCESS,nextIndex:2,term:3,followerCommit:0
2019-10-16 17:18:52,143 [grpc-default-executor-9] WARN  server.GrpcLogAppender (GrpcLogAppender.java:onNextImpl(251)) - 88f87a5a-1895-478a-a391-44ff176aee59@group-87054B518F87->e40a46b2-8333-4456-9552-d7e48aaff595-AppendLogResponseHandler: Request not found, ignoring reply: 88f87a5a-1895-478a-a391-44ff176aee59<-e40a46b2-8333-4456-9552-d7e48aaff595#32:OK,SUCCESS,nextIndex:2,term:3,followerCommit:0
2019-10-16 17:18:52,143 [grpc-default-executor-9] WARN  server.GrpcLogAppender (GrpcLogAppender.java:onNextImpl(251)) - 88f87a5a-1895-478a-a391-44ff176aee59@group-87054B518F87->e40a46b2-8333-4456-9552-d7e48aaff595-AppendLogResponseHandler: Request not found, ignoring reply: 88f87a5a-1895-478a-a391-44ff176aee59<-e40a46b2-8333-4456-9552-d7e48aaff595#33:OK,SUCCESS,nextIndex:2,term:3,followerCommit:0
2019-10-16 17:18:52,144 [grpc-default-executor-9] WARN  server.GrpcLogAppender (GrpcLogAppender.java:onNextImpl(251)) - 88f87a5a-1895-478a-a391-44ff176aee59@group-87054B518F87->e40a46b2-8333-4456-9552-d7e48aaff595-AppendLogResponseHandler: Request not found, ignoring reply: 88f87a5a-1895-478a-a391-44ff176aee59<-e40a46b2-8333-4456-9552-d7e48aaff595#34:OK,SUCCESS,nextIndex:2,term:3,followerCommit:0
2019-10-16 17:18:52,144 [grpc-default-executor-9] WARN  server.GrpcLogAppender (GrpcLogAppender.java:onNextImpl(251)) - 88f87a5a-1895-478a-a391-44ff176aee59@group-87054B518F87->e40a46b2-8333-4456-9552-d7e48aaff595-AppendLogResponseHandler: Request not found, ignoring reply: 88f87a5a-1895-478a-a391-44ff176aee59<-e40a46b2-8333-4456-9552-d7e48aaff595#35:OK,SUCCESS,nextIndex:2,term:3,followerCommit:0
2019-10-16 17:18:52,144 [grpc-default-executor-9] WARN  server.GrpcLogAppender (GrpcLogAppender.java:onNextImpl(251)) - 88f87a5a-1895-478a-a391-44ff176aee59@group-87054B518F87->e40a46b2-8333-4456-9552-d7e48aaff595-AppendLogResponseHandler: Request not found, ignoring reply: 88f87a5a-1895-478a-a391-44ff176aee59<-e40a46b2-8333-4456-9552-d7e48aaff595#36:OK,SUCCESS,nextIndex:2,term:3,followerCommit:0
2019-10-16 17:18:52,144 [grpc-default-executor-9] WARN  server.GrpcLogAppender (GrpcLogAppender.java:onNextImpl(251)) - 88f87a5a-1895-478a-a391-44ff176aee59@group-87054B518F87->e40a46b2-8333-4456-9552-d7e48aaff595-AppendLogResponseHandler: Request not found, ignoring reply: 88f87a5a-1895-478a-a391-44ff176aee59<-e40a46b2-8333-4456-9552-d7e48aaff595#37:OK,SUCCESS,nextIndex:2,term:3,followerCommit:0
2019-10-16 17:18:52,145 [grpc-default-executor-9] WARN  server.GrpcLogAppender (GrpcLogAppender.java:onNextImpl(251)) - 88f87a5a-1895-478a-a391-44ff176aee59@group-87054B518F87->e40a46b2-8333-4456-9552-d7e48aaff595-AppendLogResponseHandler: Request not found, ignoring reply: 88f87a5a-1895-478a-a391-44ff176aee59<-e40a46b2-8333-4456-9552-d7e48aaff595#38:OK,SUCCESS,nextIndex:2,term:3,followerCommit:0
2019-10-16 17:18:52,145 [grpc-default-executor-9] WARN  server.GrpcLogAppender (GrpcLogAppender.java:onNextImpl(251)) - 88f87a5a-1895-478a-a391-44ff176aee59@group-87054B518F87->e40a46b2-8333-4456-9552-d7e48aaff595-AppendLogResponseHandler: Request not found, ignoring reply: 88f87a5a-1895-478a-a391-44ff176aee59<-e40a46b2-8333-4456-9552-d7e48aaff595#39:OK,SUCCESS,nextIndex:2,term:3,followerCommit:0
2019-10-16 17:18:52,147 [grpc-default-executor-9] WARN  server.GrpcLogAppender (GrpcLogAppender.java:onNextImpl(251)) - 88f87a5a-1895-478a-a391-44ff176aee59@group-87054B518F87->e40a46b2-8333-4456-9552-d7e48aaff595-AppendLogResponseHandler: Request not found, ignoring reply: 88f87a5a-1895-478a-a391-44ff176aee59<-e40a46b2-8333-4456-9552-d7e48aaff595#40:OK,SUCCESS,nextIndex:2,term:3,followerCommit:0
2019-10-16 17:18:52,147 [grpc-default-executor-9] WARN  server.GrpcLogAppender (GrpcLogAppender.java:onNextImpl(251)) - 88f87a5a-1895-478a-a391-44ff176aee59@group-87054B518F87->e40a46b2-8333-4456-9552-d7e48aaff595-AppendLogResponseHandler: Request not found, ignoring reply: 88f87a5a-1895-478a-a391-44ff176aee59<-e40a46b2-8333-4456-9552-d7e48aaff595#41:OK,SUCCESS,nextIndex:2,term:3,followerCommit:0
2019-10-16 17:18:52,296 [java.util.concurrent.ThreadPoolExecutor$Worker@836da09[State = -1, empty queue]] WARN  server.GrpcLogAppender (GrpcLogAppender.java:timeoutAppendRequest(200)) - 402b0372-4819-4934-806f-9fa0520739e8@group-E4D141D357F7->39efc1e0-b8a0-46ae-8203-75644d0567c7-GrpcLogAppender: appendEntries Timeout, request=402b0372-4819-4934-806f-9fa0520739e8->39efc1e0-b8a0-46ae-8203-75644d0567c7#42-t2, previous=(t:2, i:1), leaderCommit=0, initializing? false, entries: <empty>
2019-10-16 17:18:52,296 [java.util.concurrent.ThreadPoolExecutor$Worker@7b277c51[State = -1, empty queue]] WARN  server.GrpcLogAppender (GrpcLogAppender.java:timeoutAppendRequest(200)) - 402b0372-4819-4934-806f-9fa0520739e8@group-E4D141D357F7->69c8fc0c-292c-4f2f-ab72-f8d3161c7a9e-GrpcLogAppender: appendEntries Timeout, request=402b0372-4819-4934-806f-9fa0520739e8->69c8fc0c-292c-4f2f-ab72-f8d3161c7a9e#42-t2, previous=(t:2, i:1), leaderCommit=0, initializing? false, entries: <empty>
2019-10-16 17:18:52,304 [grpc-default-executor-9] WARN  server.GrpcLogAppender (GrpcLogAppender.java:onNextImpl(251)) - 402b0372-4819-4934-806f-9fa0520739e8@group-E4D141D357F7->69c8fc0c-292c-4f2f-ab72-f8d3161c7a9e-AppendLogResponseHandler: Request not found, ignoring reply: 402b0372-4819-4934-806f-9fa0520739e8<-69c8fc0c-292c-4f2f-ab72-f8d3161c7a9e#36:OK,SUCCESS,nextIndex:2,term:2,followerCommit:0
2019-10-16 17:18:52,307 [grpc-default-executor-9] WARN  server.GrpcLogAppender (GrpcLogAppender.java:onNextImpl(251)) - 402b0372-4819-4934-806f-9fa0520739e8@group-E4D141D357F7->69c8fc0c-292c-4f2f-ab72-f8d3161c7a9e-AppendLogResponseHandler: Request not found, ignoring reply: 402b0372-4819-4934-806f-9fa0520739e8<-69c8fc0c-292c-4f2f-ab72-f8d3161c7a9e#37:OK,SUCCESS,nextIndex:2,term:2,followerCommit:0
2019-10-16 17:18:52,307 [grpc-default-executor-9] WARN  server.GrpcLogAppender (GrpcLogAppender.java:onNextImpl(251)) - 402b0372-4819-4934-806f-9fa0520739e8@group-E4D141D357F7->69c8fc0c-292c-4f2f-ab72-f8d3161c7a9e-AppendLogResponseHandler: Request not found, ignoring reply: 402b0372-4819-4934-806f-9fa0520739e8<-69c8fc0c-292c-4f2f-ab72-f8d3161c7a9e#38:OK,SUCCESS,nextIndex:2,term:2,followerCommit:0
2019-10-16 17:18:52,307 [grpc-default-executor-9] WARN  server.GrpcLogAppender (GrpcLogAppender.java:onNextImpl(251)) - 402b0372-4819-4934-806f-9fa0520739e8@group-E4D141D357F7->69c8fc0c-292c-4f2f-ab72-f8d3161c7a9e-AppendLogResponseHandler: Request not found, ignoring reply: 402b0372-4819-4934-806f-9fa0520739e8<-69c8fc0c-292c-4f2f-ab72-f8d3161c7a9e#39:OK,SUCCESS,nextIndex:2,term:2,followerCommit:0
2019-10-16 17:18:52,308 [grpc-default-executor-9] WARN  server.GrpcLogAppender (GrpcLogAppender.java:onNextImpl(251)) - 402b0372-4819-4934-806f-9fa0520739e8@group-E4D141D357F7->69c8fc0c-292c-4f2f-ab72-f8d3161c7a9e-AppendLogResponseHandler: Request not found, ignoring reply: 402b0372-4819-4934-806f-9fa0520739e8<-69c8fc0c-292c-4f2f-ab72-f8d3161c7a9e#40:OK,SUCCESS,nextIndex:2,term:2,followerCommit:0
2019-10-16 17:18:52,308 [grpc-default-executor-9] WARN  server.GrpcLogAppender (GrpcLogAppender.java:onNextImpl(251)) - 402b0372-4819-4934-806f-9fa0520739e8@group-E4D141D357F7->69c8fc0c-292c-4f2f-ab72-f8d3161c7a9e-AppendLogResponseHandler: Request not found, ignoring reply: 402b0372-4819-4934-806f-9fa0520739e8<-69c8fc0c-292c-4f2f-ab72-f8d3161c7a9e#41:OK,SUCCESS,nextIndex:2,term:2,followerCommit:0
2019-10-16 17:18:52,308 [grpc-default-executor-9] WARN  server.GrpcLogAppender (GrpcLogAppender.java:onNextImpl(251)) - 402b0372-4819-4934-806f-9fa0520739e8@group-E4D141D357F7->69c8fc0c-292c-4f2f-ab72-f8d3161c7a9e-AppendLogResponseHandler: Request not found, ignoring reply: 402b0372-4819-4934-806f-9fa0520739e8<-69c8fc0c-292c-4f2f-ab72-f8d3161c7a9e#42:OK,SUCCESS,nextIndex:2,term:2,followerCommit:0
2019-10-16 17:18:52,328 [grpc-default-executor-9] WARN  server.GrpcLogAppender (GrpcLogAppender.java:onNextImpl(251)) - 402b0372-4819-4934-806f-9fa0520739e8@group-E4D141D357F7->39efc1e0-b8a0-46ae-8203-75644d0567c7-AppendLogResponseHandler: Request not found, ignoring reply: 402b0372-4819-4934-806f-9fa0520739e8<-39efc1e0-b8a0-46ae-8203-75644d0567c7#36:OK,SUCCESS,nextIndex:2,term:2,followerCommit:0
2019-10-16 17:18:52,329 [grpc-default-executor-9] WARN  server.GrpcLogAppender (GrpcLogAppender.java:onNextImpl(251)) - 402b0372-4819-4934-806f-9fa0520739e8@group-E4D141D357F7->39efc1e0-b8a0-46ae-8203-75644d0567c7-AppendLogResponseHandler: Request not found, ignoring reply: 402b0372-4819-4934-806f-9fa0520739e8<-39efc1e0-b8a0-46ae-8203-75644d0567c7#37:OK,SUCCESS,nextIndex:2,term:2,followerCommit:0
2019-10-16 17:18:52,334 [grpc-default-executor-9] WARN  server.GrpcLogAppender (GrpcLogAppender.java:onNextImpl(251)) - 402b0372-4819-4934-806f-9fa0520739e8@group-E4D141D357F7->39efc1e0-b8a0-46ae-8203-75644d0567c7-AppendLogResponseHandler: Request not found, ignoring reply: 402b0372-4819-4934-806f-9fa0520739e8<-39efc1e0-b8a0-46ae-8203-75644d0567c7#38:OK,SUCCESS,nextIndex:2,term:2,followerCommit:0
2019-10-16 17:18:52,337 [grpc-default-executor-9] WARN  server.GrpcLogAppender (GrpcLogAppender.java:onNextImpl(251)) - 402b0372-4819-4934-806f-9fa0520739e8@group-E4D141D357F7->39efc1e0-b8a0-46ae-8203-75644d0567c7-AppendLogResponseHandler: Request not found, ignoring reply: 402b0372-4819-4934-806f-9fa0520739e8<-39efc1e0-b8a0-46ae-8203-75644d0567c7#39:OK,SUCCESS,nextIndex:2,term:2,followerCommit:0
2019-10-16 17:18:52,337 [grpc-default-executor-9] WARN  server.GrpcLogAppender (GrpcLogAppender.java:onNextImpl(251)) - 402b0372-4819-4934-806f-9fa0520739e8@group-E4D141D357F7->39efc1e0-b8a0-46ae-8203-75644d0567c7-AppendLogResponseHandler: Request not found, ignoring reply: 402b0372-4819-4934-806f-9fa0520739e8<-39efc1e0-b8a0-46ae-8203-75644d0567c7#40:OK,SUCCESS,nextIndex:2,term:2,followerCommit:0
2019-10-16 17:18:52,338 [grpc-default-executor-9] WARN  server.GrpcLogAppender (GrpcLogAppender.java:onNextImpl(251)) - 402b0372-4819-4934-806f-9fa0520739e8@group-E4D141D357F7->39efc1e0-b8a0-46ae-8203-75644d0567c7-AppendLogResponseHandler: Request not found, ignoring reply: 402b0372-4819-4934-806f-9fa0520739e8<-39efc1e0-b8a0-46ae-8203-75644d0567c7#41:OK,SUCCESS,nextIndex:2,term:2,followerCommit:0
2019-10-16 17:18:52,338 [grpc-default-executor-9] WARN  server.GrpcLogAppender (GrpcLogAppender.java:onNextImpl(251)) - 402b0372-4819-4934-806f-9fa0520739e8@group-E4D141D357F7->39efc1e0-b8a0-46ae-8203-75644d0567c7-AppendLogResponseHandler: Request not found, ignoring reply: 402b0372-4819-4934-806f-9fa0520739e8<-39efc1e0-b8a0-46ae-8203-75644d0567c7#42:OK,SUCCESS,nextIndex:2,term:2,followerCommit:0
2019-10-16 17:18:52,605 [main] INFO  ozone.MiniOzoneClusterImpl (MiniOzoneClusterImpl.java:shutdown(314)) - Shutting down the Mini Ozone Cluster
2019-10-16 17:18:52,606 [main] INFO  ozone.MiniOzoneClusterImpl (MiniOzoneClusterImpl.java:stop(330)) - Stopping the Mini Ozone Cluster
2019-10-16 17:18:52,606 [main] INFO  ozone.MiniOzoneClusterImpl (MiniOzoneClusterImpl.java:stopOM(400)) - Stopping the OzoneManager
2019-10-16 17:18:52,606 [main] INFO  ipc.Server (Server.java:stop(3082)) - Stopping server on 40480
2019-10-16 17:18:52,608 [IPC Server listener on 40480] INFO  ipc.Server (Server.java:run(1185)) - Stopping IPC Server listener on 40480
2019-10-16 17:18:52,608 [main] INFO  ratis.OzoneManagerDoubleBuffer (OzoneManagerDoubleBuffer.java:stop(250)) - Stopping OMDoubleBuffer flush thread
2019-10-16 17:18:52,608 [IPC Server Responder] INFO  ipc.Server (Server.java:run(1319)) - Stopping IPC Server Responder
2019-10-16 17:18:52,609 [OMDoubleBufferFlushThread] INFO  ratis.OzoneManagerDoubleBuffer (OzoneManagerDoubleBuffer.java:flushTransactions(193)) - OMDoubleBuffer flush thread OMDoubleBufferFlushThread is interrupted and will exit. OMDoubleBufferFlushThread
2019-10-16 17:18:52,610 [main] INFO  utils.BackgroundService (BackgroundService.java:shutdown(151)) - Shutting down service KeyDeletingService
2019-10-16 17:18:52,624 [main] INFO  handler.ContextHandler (ContextHandler.java:doStop(910)) - Stopped o.e.j.w.WebAppContext@1bc425e7{/,null,UNAVAILABLE}{/ozoneManager}
2019-10-16 17:18:52,631 [main] INFO  server.AbstractConnector (AbstractConnector.java:doStop(318)) - Stopped ServerConnector@4b2a30d{HTTP/1.1,[http/1.1]}{0.0.0.0:0}
2019-10-16 17:18:52,632 [main] INFO  handler.ContextHandler (ContextHandler.java:doStop(910)) - Stopped o.e.j.s.ServletContextHandler@982bb90{/static,file:///workdir/hadoop-ozone/integration-test/target/test-classes/webapps/static,UNAVAILABLE}
2019-10-16 17:18:52,632 [main] INFO  handler.ContextHandler (ContextHandler.java:doStop(910)) - Stopped o.e.j.s.ServletContextHandler@76954a33{/logs,file:///workdir/hadoop-ozone/integration-test/target/log,UNAVAILABLE}
2019-10-16 17:18:52,637 [main] INFO  ozone.MiniOzoneClusterImpl (MiniOzoneClusterImpl.java:stopDatanodes(377)) - Stopping the HddsDatanodes
2019-10-16 17:18:52,714 [Datanode State Machine Thread - 0] INFO  statemachine.DatanodeStateMachine (DatanodeStateMachine.java:lambda$startDaemon$0(350)) - Ozone container server started.
2019-10-16 17:18:53,306 [Datanode State Machine Thread - 0] INFO  statemachine.DatanodeStateMachine (DatanodeStateMachine.java:lambda$startDaemon$0(350)) - Ozone container server started.
2019-10-16 17:18:57,642 [ForkJoinPool.commonPool-worker-0] INFO  ozoneimpl.OzoneContainer (OzoneContainer.java:stop(227)) - Attempting to stop container services.
2019-10-16 17:18:57,642 [main] INFO  ozoneimpl.OzoneContainer (OzoneContainer.java:stop(227)) - Attempting to stop container services.
2019-10-16 17:18:57,643 [main] INFO  impl.RaftServerProxy (RaftServerProxy.java:lambda$close$4(314)) - 36127643-2c32-4e4d-8f36-0b4a74ca3071: close
2019-10-16 17:18:57,643 [ForkJoinPool.commonPool-worker-0] INFO  impl.RaftServerProxy (RaftServerProxy.java:lambda$close$4(314)) - 402b0372-4819-4934-806f-9fa0520739e8: close
2019-10-16 17:18:57,645 [main] INFO  impl.RaftServerImpl (RaftServerImpl.java:lambda$shutdown$3(247)) - 36127643-2c32-4e4d-8f36-0b4a74ca3071@group-4278CED9C58A: shutdown
2019-10-16 17:18:57,645 [ForkJoinPool.commonPool-worker-0] INFO  impl.RaftServerImpl (RaftServerImpl.java:lambda$shutdown$3(247)) - 402b0372-4819-4934-806f-9fa0520739e8@group-E4D141D357F7: shutdown
2019-10-16 17:18:57,645 [main] INFO  util.JmxRegister (JmxRegister.java:unregister(73)) - Successfully un-registered JMX Bean with object name Ratis:service=RaftServer,group=group-4278CED9C58A,id=36127643-2c32-4e4d-8f36-0b4a74ca3071
2019-10-16 17:18:57,645 [ForkJoinPool.commonPool-worker-0] INFO  util.JmxRegister (JmxRegister.java:unregister(73)) - Successfully un-registered JMX Bean with object name Ratis:service=RaftServer,group=group-E4D141D357F7,id=402b0372-4819-4934-806f-9fa0520739e8
2019-10-16 17:18:57,645 [main] INFO  impl.RoleInfo (RoleInfo.java:shutdownLeaderState(104)) - 36127643-2c32-4e4d-8f36-0b4a74ca3071: shutdown LeaderState
2019-10-16 17:18:57,646 [ForkJoinPool.commonPool-worker-0] INFO  impl.RoleInfo (RoleInfo.java:shutdownLeaderState(104)) - 402b0372-4819-4934-806f-9fa0520739e8: shutdown LeaderState
2019-10-16 17:18:57,650 [main] INFO  impl.PendingRequests (PendingRequests.java:sendNotLeaderResponses(202)) - 36127643-2c32-4e4d-8f36-0b4a74ca3071@group-4278CED9C58A-PendingRequests: sendNotLeaderResponses
2019-10-16 17:18:57,655 [org.apache.ratis.server.impl.LogAppender$AppenderDaemon$$Lambda$538/1404878384@76e5842e] WARN  server.GrpcLogAppender (GrpcLogAppender.java:mayWait(143)) - 402b0372-4819-4934-806f-9fa0520739e8@group-E4D141D357F7->69c8fc0c-292c-4f2f-ab72-f8d3161c7a9e-GrpcLogAppender: Wait interrupted by java.lang.InterruptedException
2019-10-16 17:18:57,655 [org.apache.ratis.server.impl.LogAppender$AppenderDaemon$$Lambda$538/1404878384@7f3dd084] WARN  server.GrpcLogAppender (GrpcLogAppender.java:mayWait(143)) - 402b0372-4819-4934-806f-9fa0520739e8@group-E4D141D357F7->39efc1e0-b8a0-46ae-8203-75644d0567c7-GrpcLogAppender: Wait interrupted by java.lang.InterruptedException
2019-10-16 17:18:57,652 [ForkJoinPool.commonPool-worker-0] INFO  impl.PendingRequests (PendingRequests.java:sendNotLeaderResponses(202)) - 402b0372-4819-4934-806f-9fa0520739e8@group-E4D141D357F7-PendingRequests: sendNotLeaderResponses
2019-10-16 17:18:57,663 [grpc-default-executor-4] INFO  server.GrpcServerProtocolService (GrpcServerProtocolService.java:onCompleted(113)) - 69c8fc0c-292c-4f2f-ab72-f8d3161c7a9e: Completed APPEND_ENTRIES, lastRequest: 402b0372-4819-4934-806f-9fa0520739e8->69c8fc0c-292c-4f2f-ab72-f8d3161c7a9e#73-t2, previous=(t:2, i:16), leaderCommit=16, initializing? false, entries: <empty>
2019-10-16 17:18:57,663 [grpc-default-executor-8] INFO  server.GrpcServerProtocolService (GrpcServerProtocolService.java:onCompleted(113)) - 39efc1e0-b8a0-46ae-8203-75644d0567c7: Completed APPEND_ENTRIES, lastRequest: 402b0372-4819-4934-806f-9fa0520739e8->39efc1e0-b8a0-46ae-8203-75644d0567c7#73-t2, previous=(t:2, i:16), leaderCommit=16, initializing? false, entries: <empty>
2019-10-16 17:18:57,666 [main] INFO  impl.StateMachineUpdater (StateMachineUpdater.java:stopAndJoin(136)) - 36127643-2c32-4e4d-8f36-0b4a74ca3071@group-4278CED9C58A-StateMachineUpdater: set stopIndex = 0
2019-10-16 17:18:57,669 [402b0372-4819-4934-806f-9fa0520739e8@group-E4D141D357F7-StateMachineUpdater] INFO  ratis.ContainerStateMachine (ContainerStateMachine.java:takeSnapshot(294)) - group-E4D141D357F7: Taking a snapshot at:(t:2, i:14) file /workdir/hadoop-ozone/integration-test/target/test-dir/MiniOzoneClusterImpl-1b119847-9446-4130-a6ab-c741bf0ba7df/datanode-2/data/ratis/0569b7da-d16a-454e-8373-e4d141d357f7/sm/snapshot.2_14
2019-10-16 17:18:57,666 [ForkJoinPool.commonPool-worker-0] INFO  impl.StateMachineUpdater (StateMachineUpdater.java:stopAndJoin(136)) - 402b0372-4819-4934-806f-9fa0520739e8@group-E4D141D357F7-StateMachineUpdater: set stopIndex = 16
2019-10-16 17:18:57,669 [grpc-default-executor-8] INFO  server.GrpcLogAppender (GrpcLogAppender.java:onCompleted(293)) - 402b0372-4819-4934-806f-9fa0520739e8@group-E4D141D357F7->69c8fc0c-292c-4f2f-ab72-f8d3161c7a9e-AppendLogResponseHandler: follower responses appendEntries COMPLETED
2019-10-16 17:18:57,669 [main] INFO  impl.RaftServerImpl (ServerState.java:close(387)) - 36127643-2c32-4e4d-8f36-0b4a74ca3071@group-4278CED9C58A: closes. applyIndex: 0
2019-10-16 17:18:57,670 [grpc-default-executor-4] INFO  server.GrpcLogAppender (GrpcLogAppender.java:onCompleted(293)) - 402b0372-4819-4934-806f-9fa0520739e8@group-E4D141D357F7->39efc1e0-b8a0-46ae-8203-75644d0567c7-AppendLogResponseHandler: follower responses appendEntries COMPLETED
2019-10-16 17:18:57,676 [36127643-2c32-4e4d-8f36-0b4a74ca3071@group-4278CED9C58A-SegmentedRaftLogWorker] INFO  segmented.SegmentedRaftLogWorker (SegmentedRaftLogWorker.java:run(316)) - 36127643-2c32-4e4d-8f36-0b4a74ca3071@group-4278CED9C58A-SegmentedRaftLogWorker was interrupted, exiting. There are 0 tasks remaining in the queue.
2019-10-16 17:18:57,677 [grpc-default-executor-4] INFO  impl.FollowerInfo (FollowerInfo.java:lambda$new$0(51)) - 402b0372-4819-4934-806f-9fa0520739e8@group-E4D141D357F7->39efc1e0-b8a0-46ae-8203-75644d0567c7: nextIndex: updateUnconditionally 17 -> 16
2019-10-16 17:18:57,677 [grpc-default-executor-8] INFO  impl.FollowerInfo (FollowerInfo.java:lambda$new$0(51)) - 402b0372-4819-4934-806f-9fa0520739e8@group-E4D141D357F7->69c8fc0c-292c-4f2f-ab72-f8d3161c7a9e: nextIndex: updateUnconditionally 17 -> 16
2019-10-16 17:18:57,682 [main] INFO  segmented.SegmentedRaftLogWorker (SegmentedRaftLogWorker.java:close(224)) - 36127643-2c32-4e4d-8f36-0b4a74ca3071@group-4278CED9C58A-SegmentedRaftLogWorker close()
2019-10-16 17:18:57,686 [main] INFO  impl.RaftServerImpl (RaftServerImpl.java:lambda$shutdown$3(247)) - 36127643-2c32-4e4d-8f36-0b4a74ca3071@group-C8506EB59547: shutdown
2019-10-16 17:18:57,687 [main] INFO  util.JmxRegister (JmxRegister.java:unregister(73)) - Successfully un-registered JMX Bean with object name Ratis:service=RaftServer,group=group-C8506EB59547,id=36127643-2c32-4e4d-8f36-0b4a74ca3071
2019-10-16 17:18:57,687 [main] INFO  impl.RoleInfo (RoleInfo.java:shutdownFollowerState(121)) - 36127643-2c32-4e4d-8f36-0b4a74ca3071: shutdown FollowerState
2019-10-16 17:18:57,687 [main] INFO  impl.StateMachineUpdater (StateMachineUpdater.java:stopAndJoin(136)) - 36127643-2c32-4e4d-8f36-0b4a74ca3071@group-C8506EB59547-StateMachineUpdater: set stopIndex = 4
2019-10-16 17:18:57,687 [Thread-409] INFO  impl.FollowerState (FollowerState.java:run(117)) - 36127643-2c32-4e4d-8f36-0b4a74ca3071@group-C8506EB59547-FollowerState was interrupted: java.lang.InterruptedException: sleep interrupted
2019-10-16 17:18:57,687 [36127643-2c32-4e4d-8f36-0b4a74ca3071@group-C8506EB59547-StateMachineUpdater] INFO  ratis.ContainerStateMachine (ContainerStateMachine.java:takeSnapshot(294)) - group-C8506EB59547: Taking a snapshot at:(t:2, i:3) file /workdir/hadoop-ozone/integration-test/target/test-dir/MiniOzoneClusterImpl-1b119847-9446-4130-a6ab-c741bf0ba7df/datanode-5/data/ratis/6feb2f47-d62f-4fef-8cd9-c8506eb59547/sm/snapshot.2_3
2019-10-16 17:18:57,720 [402b0372-4819-4934-806f-9fa0520739e8@group-E4D141D357F7-StateMachineUpdater] INFO  ratis.ContainerStateMachine (ContainerStateMachine.java:takeSnapshot(305)) - group-E4D141D357F7: Finished taking a snapshot at:(t:2, i:14) file:/workdir/hadoop-ozone/integration-test/target/test-dir/MiniOzoneClusterImpl-1b119847-9446-4130-a6ab-c741bf0ba7df/datanode-2/data/ratis/0569b7da-d16a-454e-8373-e4d141d357f7/sm/snapshot.2_14 time:52
2019-10-16 17:18:57,720 [36127643-2c32-4e4d-8f36-0b4a74ca3071@group-C8506EB59547-StateMachineUpdater] INFO  ratis.ContainerStateMachine (ContainerStateMachine.java:takeSnapshot(305)) - group-C8506EB59547: Finished taking a snapshot at:(t:2, i:3) file:/workdir/hadoop-ozone/integration-test/target/test-dir/MiniOzoneClusterImpl-1b119847-9446-4130-a6ab-c741bf0ba7df/datanode-5/data/ratis/6feb2f47-d62f-4fef-8cd9-c8506eb59547/sm/snapshot.2_3 time:33
2019-10-16 17:18:57,729 [402b0372-4819-4934-806f-9fa0520739e8@group-E4D141D357F7-StateMachineUpdater] INFO  impl.StateMachineUpdater (StateMachineUpdater.java:takeSnapshot(269)) - 402b0372-4819-4934-806f-9fa0520739e8@group-E4D141D357F7-StateMachineUpdater: Took a snapshot at index 14
2019-10-16 17:18:57,729 [36127643-2c32-4e4d-8f36-0b4a74ca3071@group-C8506EB59547-StateMachineUpdater] INFO  impl.StateMachineUpdater (StateMachineUpdater.java:takeSnapshot(269)) - 36127643-2c32-4e4d-8f36-0b4a74ca3071@group-C8506EB59547-StateMachineUpdater: Took a snapshot at index 3
2019-10-16 17:18:57,729 [402b0372-4819-4934-806f-9fa0520739e8@group-E4D141D357F7-StateMachineUpdater] INFO  impl.StateMachineUpdater (StateMachineUpdater.java:lambda$new$0(84)) - 402b0372-4819-4934-806f-9fa0520739e8@group-E4D141D357F7-StateMachineUpdater: snapshotIndex: updateIncreasingly -1 -> 14
2019-10-16 17:18:57,730 [36127643-2c32-4e4d-8f36-0b4a74ca3071@group-C8506EB59547-StateMachineUpdater] INFO  impl.StateMachineUpdater (StateMachineUpdater.java:lambda$new$0(84)) - 36127643-2c32-4e4d-8f36-0b4a74ca3071@group-C8506EB59547-StateMachineUpdater: snapshotIndex: updateIncreasingly -1 -> 3
2019-10-16 17:18:57,734 [402b0372-4819-4934-806f-9fa0520739e8@group-E4D141D357F7-StateMachineUpdater] INFO  ratis.ContainerStateMachine (ContainerStateMachine.java:takeSnapshot(294)) - group-E4D141D357F7: Taking a snapshot at:(t:2, i:14) file /workdir/hadoop-ozone/integration-test/target/test-dir/MiniOzoneClusterImpl-1b119847-9446-4130-a6ab-c741bf0ba7df/datanode-2/data/ratis/0569b7da-d16a-454e-8373-e4d141d357f7/sm/snapshot.2_14
2019-10-16 17:18:57,737 [36127643-2c32-4e4d-8f36-0b4a74ca3071@group-C8506EB59547-StateMachineUpdater] INFO  ratis.ContainerStateMachine (ContainerStateMachine.java:takeSnapshot(294)) - group-C8506EB59547: Taking a snapshot at:(t:2, i:3) file /workdir/hadoop-ozone/integration-test/target/test-dir/MiniOzoneClusterImpl-1b119847-9446-4130-a6ab-c741bf0ba7df/datanode-5/data/ratis/6feb2f47-d62f-4fef-8cd9-c8506eb59547/sm/snapshot.2_3
2019-10-16 17:18:57,747 [402b0372-4819-4934-806f-9fa0520739e8@group-E4D141D357F7-StateMachineUpdater] INFO  ratis.ContainerStateMachine (ContainerStateMachine.java:takeSnapshot(305)) - group-E4D141D357F7: Finished taking a snapshot at:(t:2, i:14) file:/workdir/hadoop-ozone/integration-test/target/test-dir/MiniOzoneClusterImpl-1b119847-9446-4130-a6ab-c741bf0ba7df/datanode-2/data/ratis/0569b7da-d16a-454e-8373-e4d141d357f7/sm/snapshot.2_14 time:14
2019-10-16 17:18:57,747 [36127643-2c32-4e4d-8f36-0b4a74ca3071@group-C8506EB59547-StateMachineUpdater] INFO  ratis.ContainerStateMachine (ContainerStateMachine.java:takeSnapshot(305)) - group-C8506EB59547: Finished taking a snapshot at:(t:2, i:3) file:/workdir/hadoop-ozone/integration-test/target/test-dir/MiniOzoneClusterImpl-1b119847-9446-4130-a6ab-c741bf0ba7df/datanode-5/data/ratis/6feb2f47-d62f-4fef-8cd9-c8506eb59547/sm/snapshot.2_3 time:10
2019-10-16 17:18:57,748 [402b0372-4819-4934-806f-9fa0520739e8@group-E4D141D357F7-StateMachineUpdater] INFO  impl.StateMachineUpdater (StateMachineUpdater.java:takeSnapshot(269)) - 402b0372-4819-4934-806f-9fa0520739e8@group-E4D141D357F7-StateMachineUpdater: Took a snapshot at index 14
2019-10-16 17:18:57,748 [402b0372-4819-4934-806f-9fa0520739e8@group-E4D141D357F7-StateMachineUpdater] INFO  impl.StateMachineUpdater (StateMachineUpdater.java:lambda$new$0(84)) - 402b0372-4819-4934-806f-9fa0520739e8@group-E4D141D357F7-StateMachineUpdater: snapshotIndex: updateIncreasingly 14 -> 14
2019-10-16 17:18:57,748 [36127643-2c32-4e4d-8f36-0b4a74ca3071@group-C8506EB59547-StateMachineUpdater] INFO  impl.StateMachineUpdater (StateMachineUpdater.java:takeSnapshot(269)) - 36127643-2c32-4e4d-8f36-0b4a74ca3071@group-C8506EB59547-StateMachineUpdater: Took a snapshot at index 3
2019-10-16 17:18:57,748 [36127643-2c32-4e4d-8f36-0b4a74ca3071@group-C8506EB59547-StateMachineUpdater] INFO  impl.StateMachineUpdater (StateMachineUpdater.java:lambda$new$0(84)) - 36127643-2c32-4e4d-8f36-0b4a74ca3071@group-C8506EB59547-StateMachineUpdater: snapshotIndex: updateIncreasingly 3 -> 3
2019-10-16 17:18:57,748 [ForkJoinPool.commonPool-worker-0] INFO  impl.RaftServerImpl (ServerState.java:close(387)) - 402b0372-4819-4934-806f-9fa0520739e8@group-E4D141D357F7: closes. applyIndex: 16
2019-10-16 17:18:57,748 [main] INFO  impl.RaftServerImpl (ServerState.java:close(387)) - 36127643-2c32-4e4d-8f36-0b4a74ca3071@group-C8506EB59547: closes. applyIndex: 4
2019-10-16 17:18:57,749 [402b0372-4819-4934-806f-9fa0520739e8@group-E4D141D357F7-SegmentedRaftLogWorker] INFO  segmented.SegmentedRaftLogWorker (SegmentedRaftLogWorker.java:run(316)) - 402b0372-4819-4934-806f-9fa0520739e8@group-E4D141D357F7-SegmentedRaftLogWorker was interrupted, exiting. There are 0 tasks remaining in the queue.
2019-10-16 17:18:57,752 [36127643-2c32-4e4d-8f36-0b4a74ca3071@group-C8506EB59547-SegmentedRaftLogWorker] INFO  segmented.SegmentedRaftLogWorker (SegmentedRaftLogWorker.java:run(316)) - 36127643-2c32-4e4d-8f36-0b4a74ca3071@group-C8506EB59547-SegmentedRaftLogWorker was interrupted, exiting. There are 0 tasks remaining in the queue.
2019-10-16 17:18:57,752 [ForkJoinPool.commonPool-worker-0] INFO  segmented.SegmentedRaftLogWorker (SegmentedRaftLogWorker.java:close(224)) - 402b0372-4819-4934-806f-9fa0520739e8@group-E4D141D357F7-SegmentedRaftLogWorker close()
2019-10-16 17:18:57,754 [main] INFO  segmented.SegmentedRaftLogWorker (SegmentedRaftLogWorker.java:close(224)) - 36127643-2c32-4e4d-8f36-0b4a74ca3071@group-C8506EB59547-SegmentedRaftLogWorker close()
2019-10-16 17:18:57,757 [ForkJoinPool.commonPool-worker-0] INFO  impl.RaftServerImpl (RaftServerImpl.java:lambda$shutdown$3(247)) - 402b0372-4819-4934-806f-9fa0520739e8@group-E4AF0E84FE0F: shutdown
2019-10-16 17:18:57,761 [ForkJoinPool.commonPool-worker-0] INFO  util.JmxRegister (JmxRegister.java:unregister(73)) - Successfully un-registered JMX Bean with object name Ratis:service=RaftServer,group=group-E4AF0E84FE0F,id=402b0372-4819-4934-806f-9fa0520739e8
2019-10-16 17:18:57,761 [ForkJoinPool.commonPool-worker-0] INFO  impl.RoleInfo (RoleInfo.java:shutdownLeaderState(104)) - 402b0372-4819-4934-806f-9fa0520739e8: shutdown LeaderState
2019-10-16 17:18:57,761 [main] INFO  server.GrpcService (GrpcService.java:closeImpl(164)) - 36127643-2c32-4e4d-8f36-0b4a74ca3071: shutdown server with port 34023 now
2019-10-16 17:18:57,761 [ForkJoinPool.commonPool-worker-0] INFO  impl.PendingRequests (PendingRequests.java:sendNotLeaderResponses(202)) - 402b0372-4819-4934-806f-9fa0520739e8@group-E4AF0E84FE0F-PendingRequests: sendNotLeaderResponses
2019-10-16 17:18:57,762 [ForkJoinPool.commonPool-worker-0] INFO  impl.StateMachineUpdater (StateMachineUpdater.java:stopAndJoin(136)) - 402b0372-4819-4934-806f-9fa0520739e8@group-E4AF0E84FE0F-StateMachineUpdater: set stopIndex = 0
2019-10-16 17:18:57,762 [ForkJoinPool.commonPool-worker-0] INFO  impl.RaftServerImpl (ServerState.java:close(387)) - 402b0372-4819-4934-806f-9fa0520739e8@group-E4AF0E84FE0F: closes. applyIndex: 0
2019-10-16 17:18:57,763 [402b0372-4819-4934-806f-9fa0520739e8@group-E4AF0E84FE0F-SegmentedRaftLogWorker] INFO  segmented.SegmentedRaftLogWorker (SegmentedRaftLogWorker.java:run(316)) - 402b0372-4819-4934-806f-9fa0520739e8@group-E4AF0E84FE0F-SegmentedRaftLogWorker was interrupted, exiting. There are 0 tasks remaining in the queue.
2019-10-16 17:18:57,767 [ForkJoinPool.commonPool-worker-0] INFO  segmented.SegmentedRaftLogWorker (SegmentedRaftLogWorker.java:close(224)) - 402b0372-4819-4934-806f-9fa0520739e8@group-E4AF0E84FE0F-SegmentedRaftLogWorker close()
2019-10-16 17:18:57,772 [ForkJoinPool.commonPool-worker-0] INFO  server.GrpcService (GrpcService.java:closeImpl(164)) - 402b0372-4819-4934-806f-9fa0520739e8: shutdown server with port 42033 now
2019-10-16 17:18:57,775 [grpc-default-executor-6] WARN  client.GrpcClientProtocolService (LogUtils.java:warn(134)) - 2-UnorderedRequestStreamObserver2: onError: org.apache.ratis.thirdparty.io.grpc.StatusRuntimeException: CANCELLED: cancelled before receiving half close
2019-10-16 17:18:57,775 [grpc-default-executor-10] WARN  server.GrpcServerProtocolService (LogUtils.java:warn(134)) - 36127643-2c32-4e4d-8f36-0b4a74ca3071: installSnapshot onError, lastRequest: edabc722-9974-498c-890b-46d66b917a65->36127643-2c32-4e4d-8f36-0b4a74ca3071#62-t2, previous=(t:2, i:4), leaderCommit=4, initializing? false, entries: <empty>: org.apache.ratis.thirdparty.io.grpc.StatusRuntimeException: CANCELLED: cancelled before receiving half close
2019-10-16 17:18:57,778 [grpc-default-executor-6] WARN  server.GrpcLogAppender (LogUtils.java:warn(134)) - edabc722-9974-498c-890b-46d66b917a65@group-C8506EB59547->36127643-2c32-4e4d-8f36-0b4a74ca3071-AppendLogResponseHandler: Failed appendEntries: org.apache.ratis.thirdparty.io.grpc.StatusRuntimeException: CANCELLED: HTTP/2 error code: CANCEL
Received Rst Stream
2019-10-16 17:18:57,778 [main] INFO  server.GrpcService (GrpcService.java:closeImpl(172)) - 36127643-2c32-4e4d-8f36-0b4a74ca3071: shutdown server with port 34023 successfully
2019-10-16 17:18:57,780 [grpc-default-executor-6] INFO  impl.FollowerInfo (FollowerInfo.java:lambda$new$0(51)) - edabc722-9974-498c-890b-46d66b917a65@group-C8506EB59547->36127643-2c32-4e4d-8f36-0b4a74ca3071: nextIndex: updateUnconditionally 5 -> 4
2019-10-16 17:18:57,780 [ForkJoinPool.commonPool-worker-0] INFO  server.GrpcService (GrpcService.java:closeImpl(172)) - 402b0372-4819-4934-806f-9fa0520739e8: shutdown server with port 42033 successfully
2019-10-16 17:18:57,786 [refreshUsed-/workdir/hadoop-ozone/integration-test/target/test-dir/MiniOzoneClusterImpl-1b119847-9446-4130-a6ab-c741bf0ba7df/datanode-2/data/containers] WARN  fs.CachingGetSpaceUsed (CachingGetSpaceUsed.java:run(183)) - Thread Interrupted waiting to refresh disk information: sleep interrupted
2019-10-16 17:18:57,786 [refreshUsed-/workdir/hadoop-ozone/integration-test/target/test-dir/MiniOzoneClusterImpl-1b119847-9446-4130-a6ab-c741bf0ba7df/datanode-5/data/containers] WARN  fs.CachingGetSpaceUsed (CachingGetSpaceUsed.java:run(183)) - Thread Interrupted waiting to refresh disk information: sleep interrupted
2019-10-16 17:18:57,807 [main] INFO  utils.BackgroundService (BackgroundService.java:shutdown(151)) - Shutting down service BlockDeletingService
2019-10-16 17:18:57,814 [main] INFO  statemachine.DatanodeStateMachine (DatanodeStateMachine.java:stopDaemon(395)) - Ozone container server stopped.
2019-10-16 17:18:57,814 [ForkJoinPool.commonPool-worker-0] INFO  utils.BackgroundService (BackgroundService.java:shutdown(151)) - Shutting down service BlockDeletingService
2019-10-16 17:18:57,820 [ForkJoinPool.commonPool-worker-0] INFO  statemachine.DatanodeStateMachine (DatanodeStateMachine.java:stopDaemon(395)) - Ozone container server stopped.
2019-10-16 17:18:57,823 [main] INFO  handler.ContextHandler (ContextHandler.java:doStop(910)) - Stopped o.e.j.w.WebAppContext@372ca2d6{/,null,UNAVAILABLE}{/hddsDatanode}
2019-10-16 17:18:57,827 [ForkJoinPool.commonPool-worker-0] INFO  handler.ContextHandler (ContextHandler.java:doStop(910)) - Stopped o.e.j.w.WebAppContext@7fdab70c{/,null,UNAVAILABLE}{/hddsDatanode}
2019-10-16 17:18:57,827 [main] INFO  server.AbstractConnector (AbstractConnector.java:doStop(318)) - Stopped ServerConnector@3204e238{HTTP/1.1,[http/1.1]}{0.0.0.0:0}
2019-10-16 17:18:57,827 [ForkJoinPool.commonPool-worker-0] INFO  server.AbstractConnector (AbstractConnector.java:doStop(318)) - Stopped ServerConnector@25ad4f71{HTTP/1.1,[http/1.1]}{0.0.0.0:0}
2019-10-16 17:18:57,828 [main] INFO  handler.ContextHandler (ContextHandler.java:doStop(910)) - Stopped o.e.j.s.ServletContextHandler@77a074b4{/static,jar:file:/home/user/.m2/repository/org/apache/hadoop/hadoop-hdds-container-service/0.5.0-SNAPSHOT/hadoop-hdds-container-service-0.5.0-SNAPSHOT.jar!/webapps/static,UNAVAILABLE}
2019-10-16 17:18:57,829 [ForkJoinPool.commonPool-worker-0] INFO  handler.ContextHandler (ContextHandler.java:doStop(910)) - Stopped o.e.j.s.ServletContextHandler@26cb5207{/static,jar:file:/home/user/.m2/repository/org/apache/hadoop/hadoop-hdds-container-service/0.5.0-SNAPSHOT/hadoop-hdds-container-service-0.5.0-SNAPSHOT.jar!/webapps/static,UNAVAILABLE}
2019-10-16 17:18:57,830 [main] INFO  handler.ContextHandler (ContextHandler.java:doStop(910)) - Stopped o.e.j.s.ServletContextHandler@7b948f3e{/logs,file:///workdir/hadoop-ozone/integration-test/target/log,UNAVAILABLE}
2019-10-16 17:18:57,831 [ForkJoinPool.commonPool-worker-0] INFO  handler.ContextHandler (ContextHandler.java:doStop(910)) - Stopped o.e.j.s.ServletContextHandler@561b61ed{/logs,file:///workdir/hadoop-ozone/integration-test/target/log,UNAVAILABLE}
2019-10-16 17:18:57,832 [grpc-default-executor-6] WARN  server.GrpcLogAppender (LogUtils.java:warn(134)) - edabc722-9974-498c-890b-46d66b917a65@group-C8506EB59547->36127643-2c32-4e4d-8f36-0b4a74ca3071-AppendLogResponseHandler: Failed appendEntries: org.apache.ratis.thirdparty.io.grpc.StatusRuntimeException: UNAVAILABLE: io exception
2019-10-16 17:18:57,834 [grpc-default-executor-6] INFO  impl.FollowerInfo (FollowerInfo.java:lambda$new$0(51)) - edabc722-9974-498c-890b-46d66b917a65@group-C8506EB59547->36127643-2c32-4e4d-8f36-0b4a74ca3071: nextIndex: updateUnconditionally 4 -> 3
2019-10-16 17:18:58,289 [Datanode State Machine Thread - 0] INFO  statemachine.DatanodeStateMachine (DatanodeStateMachine.java:lambda$startDaemon$0(350)) - Ozone container server started.
2019-10-16 17:18:58,307 [grpc-default-executor-4] WARN  server.GrpcLogAppender (LogUtils.java:warn(134)) - edabc722-9974-498c-890b-46d66b917a65@group-C8506EB59547->36127643-2c32-4e4d-8f36-0b4a74ca3071-AppendLogResponseHandler: Failed appendEntries: org.apache.ratis.thirdparty.io.grpc.StatusRuntimeException: UNAVAILABLE: io exception
2019-10-16 17:18:58,322 [grpc-default-executor-4] INFO  impl.FollowerInfo (FollowerInfo.java:lambda$new$0(51)) - edabc722-9974-498c-890b-46d66b917a65@group-C8506EB59547->36127643-2c32-4e4d-8f36-0b4a74ca3071: nextIndex: updateUnconditionally 3 -> 2
2019-10-16 17:18:58,689 [Thread-434] INFO  impl.FollowerState (FollowerState.java:run(108)) - 39efc1e0-b8a0-46ae-8203-75644d0567c7@group-E4D141D357F7-FollowerState: change to CANDIDATE, lastRpcTime:1032ms, electionTimeout:1004ms
2019-10-16 17:18:58,689 [Thread-434] INFO  impl.RoleInfo (RoleInfo.java:shutdownFollowerState(121)) - 39efc1e0-b8a0-46ae-8203-75644d0567c7: shutdown FollowerState
2019-10-16 17:18:58,689 [Thread-434] INFO  impl.RaftServerImpl (RaftServerImpl.java:setRole(170)) - 39efc1e0-b8a0-46ae-8203-75644d0567c7@group-E4D141D357F7: changes role from  FOLLOWER to CANDIDATE at term 2 for changeToCandidate
2019-10-16 17:18:58,689 [Thread-434] INFO  impl.RoleInfo (RoleInfo.java:updateAndGet(143)) - 39efc1e0-b8a0-46ae-8203-75644d0567c7: start LeaderElection
2019-10-16 17:18:58,692 [39efc1e0-b8a0-46ae-8203-75644d0567c7@group-E4D141D357F7-LeaderElection28] INFO  impl.RaftServerImpl (ServerState.java:setLeader(255)) - 39efc1e0-b8a0-46ae-8203-75644d0567c7@group-E4D141D357F7: change Leader from 402b0372-4819-4934-806f-9fa0520739e8 to null at term 2 for initElection
2019-10-16 17:18:58,708 [39efc1e0-b8a0-46ae-8203-75644d0567c7@group-E4D141D357F7-LeaderElection28] INFO  impl.LeaderElection (LeaderElection.java:askForVotes(178)) - 39efc1e0-b8a0-46ae-8203-75644d0567c7@group-E4D141D357F7-LeaderElection28: begin an election at term 3 for 0: [39efc1e0-b8a0-46ae-8203-75644d0567c7:192.168.69.90:37505, 402b0372-4819-4934-806f-9fa0520739e8:192.168.69.90:42033, 69c8fc0c-292c-4f2f-ab72-f8d3161c7a9e:192.168.69.90:46799], old=null
2019-10-16 17:18:58,712 [grpc-default-executor-10] INFO  impl.RaftServerImpl (ServerState.java:setLeader(255)) - 69c8fc0c-292c-4f2f-ab72-f8d3161c7a9e@group-E4D141D357F7: change Leader from 402b0372-4819-4934-806f-9fa0520739e8 to null at term 3 for updateCurrentTerm
2019-10-16 17:18:58,713 [grpc-default-executor-10] INFO  impl.RaftServerImpl (RaftServerImpl.java:setRole(170)) - 69c8fc0c-292c-4f2f-ab72-f8d3161c7a9e@group-E4D141D357F7: changes role from  FOLLOWER to FOLLOWER at term 3 for recognizeCandidate:39efc1e0-b8a0-46ae-8203-75644d0567c7
2019-10-16 17:18:58,713 [grpc-default-executor-10] INFO  impl.RoleInfo (RoleInfo.java:shutdownFollowerState(121)) - 69c8fc0c-292c-4f2f-ab72-f8d3161c7a9e: shutdown FollowerState
2019-10-16 17:18:58,714 [Thread-430] INFO  impl.FollowerState (FollowerState.java:run(117)) - 69c8fc0c-292c-4f2f-ab72-f8d3161c7a9e@group-E4D141D357F7-FollowerState was interrupted: java.lang.InterruptedException: sleep interrupted
2019-10-16 17:18:58,714 [grpc-default-executor-10] INFO  impl.RoleInfo (RoleInfo.java:updateAndGet(143)) - 69c8fc0c-292c-4f2f-ab72-f8d3161c7a9e: start FollowerState
2019-10-16 17:18:58,717 [39efc1e0-b8a0-46ae-8203-75644d0567c7@group-E4D141D357F7-LeaderElection28] INFO  impl.LeaderElection (LogUtils.java:infoOrTrace(149)) - 39efc1e0-b8a0-46ae-8203-75644d0567c7@group-E4D141D357F7-LeaderElection28 got exception when requesting votes: {}
java.util.concurrent.ExecutionException: org.apache.ratis.thirdparty.io.grpc.StatusRuntimeException: UNAVAILABLE: io exception
	at java.util.concurrent.FutureTask.report(FutureTask.java:122)
	at java.util.concurrent.FutureTask.get(FutureTask.java:192)
	at org.apache.ratis.server.impl.LeaderElection.waitForResults(LeaderElection.java:259)
	at org.apache.ratis.server.impl.LeaderElection.askForVotes(LeaderElection.java:197)
	at org.apache.ratis.server.impl.LeaderElection.run(LeaderElection.java:133)
	at java.lang.Thread.run(Thread.java:748)
Caused by: org.apache.ratis.thirdparty.io.grpc.StatusRuntimeException: UNAVAILABLE: io exception
	at org.apache.ratis.thirdparty.io.grpc.stub.ClientCalls.toStatusRuntimeException(ClientCalls.java:233)
	at org.apache.ratis.thirdparty.io.grpc.stub.ClientCalls.getUnchecked(ClientCalls.java:214)
	at org.apache.ratis.thirdparty.io.grpc.stub.ClientCalls.blockingUnaryCall(ClientCalls.java:139)
	at org.apache.ratis.proto.grpc.RaftServerProtocolServiceGrpc$RaftServerProtocolServiceBlockingStub.requestVote(RaftServerProtocolServiceGrpc.java:265)
	at org.apache.ratis.grpc.server.GrpcServerProtocolClient.requestVote(GrpcServerProtocolClient.java:99)
	at org.apache.ratis.grpc.server.GrpcService.requestVote(GrpcService.java:204)
	at org.apache.ratis.server.impl.LeaderElection.lambda$submitRequests$1(LeaderElection.java:234)
	at java.util.concurrent.FutureTask.run(FutureTask.java:266)
	at java.util.concurrent.Executors$RunnableAdapter.call(Executors.java:511)
	at java.util.concurrent.FutureTask.run(FutureTask.java:266)
	at java.util.concurrent.ThreadPoolExecutor.runWorker(ThreadPoolExecutor.java:1149)
	at java.util.concurrent.ThreadPoolExecutor$Worker.run(ThreadPoolExecutor.java:624)
	... 1 more
Caused by: org.apache.ratis.thirdparty.io.netty.channel.AbstractChannel$AnnotatedConnectException: Connection refused: /192.168.69.90:42033
	at sun.nio.ch.SocketChannelImpl.checkConnect(Native Method)
	at sun.nio.ch.SocketChannelImpl.finishConnect(SocketChannelImpl.java:717)
	at org.apache.ratis.thirdparty.io.netty.channel.socket.nio.NioSocketChannel.doFinishConnect(NioSocketChannel.java:327)
	at org.apache.ratis.thirdparty.io.netty.channel.nio.AbstractNioChannel$AbstractNioUnsafe.finishConnect(AbstractNioChannel.java:340)
	at org.apache.ratis.thirdparty.io.netty.channel.nio.NioEventLoop.processSelectedKey(NioEventLoop.java:632)
	at org.apache.ratis.thirdparty.io.netty.channel.nio.NioEventLoop.processSelectedKeysOptimized(NioEventLoop.java:579)
	at org.apache.ratis.thirdparty.io.netty.channel.nio.NioEventLoop.processSelectedKeys(NioEventLoop.java:496)
	at org.apache.ratis.thirdparty.io.netty.channel.nio.NioEventLoop.run(NioEventLoop.java:458)
	at org.apache.ratis.thirdparty.io.netty.util.concurrent.SingleThreadEventExecutor$5.run(SingleThreadEventExecutor.java:897)
	at org.apache.ratis.thirdparty.io.netty.util.concurrent.FastThreadLocalRunnable.run(FastThreadLocalRunnable.java:30)
	... 1 more
Caused by: java.net.ConnectException: Connection refused
	... 11 more
2019-10-16 17:18:58,732 [39efc1e0-b8a0-46ae-8203-75644d0567c7@group-E4D141D357F7-LeaderElection28] INFO  impl.LeaderElection (LeaderElection.java:logAndReturn(56)) - 39efc1e0-b8a0-46ae-8203-75644d0567c7@group-E4D141D357F7-LeaderElection28: Election PASSED; received 1 response(s) [39efc1e0-b8a0-46ae-8203-75644d0567c7<-69c8fc0c-292c-4f2f-ab72-f8d3161c7a9e#0:OK-t3] and 1 exception(s); 39efc1e0-b8a0-46ae-8203-75644d0567c7@group-E4D141D357F7:t3, leader=null, voted=39efc1e0-b8a0-46ae-8203-75644d0567c7, raftlog=39efc1e0-b8a0-46ae-8203-75644d0567c7@group-E4D141D357F7-SegmentedRaftLog:OPENED:c16,f16,i16, conf=0: [39efc1e0-b8a0-46ae-8203-75644d0567c7:192.168.69.90:37505, 402b0372-4819-4934-806f-9fa0520739e8:192.168.69.90:42033, 69c8fc0c-292c-4f2f-ab72-f8d3161c7a9e:192.168.69.90:46799], old=null
2019-10-16 17:18:58,733 [39efc1e0-b8a0-46ae-8203-75644d0567c7@group-E4D141D357F7-LeaderElection28] INFO  impl.LeaderElection (LogUtils.java:infoOrTrace(149)) -   Exception 0: {}
java.util.concurrent.ExecutionException: org.apache.ratis.thirdparty.io.grpc.StatusRuntimeException: UNAVAILABLE: io exception
	at java.util.concurrent.FutureTask.report(FutureTask.java:122)
	at java.util.concurrent.FutureTask.get(FutureTask.java:192)
	at org.apache.ratis.server.impl.LeaderElection.waitForResults(LeaderElection.java:259)
	at org.apache.ratis.server.impl.LeaderElection.askForVotes(LeaderElection.java:197)
	at org.apache.ratis.server.impl.LeaderElection.run(LeaderElection.java:133)
	at java.lang.Thread.run(Thread.java:748)
Caused by: org.apache.ratis.thirdparty.io.grpc.StatusRuntimeException: UNAVAILABLE: io exception
	at org.apache.ratis.thirdparty.io.grpc.stub.ClientCalls.toStatusRuntimeException(ClientCalls.java:233)
	at org.apache.ratis.thirdparty.io.grpc.stub.ClientCalls.getUnchecked(ClientCalls.java:214)
	at org.apache.ratis.thirdparty.io.grpc.stub.ClientCalls.blockingUnaryCall(ClientCalls.java:139)
	at org.apache.ratis.proto.grpc.RaftServerProtocolServiceGrpc$RaftServerProtocolServiceBlockingStub.requestVote(RaftServerProtocolServiceGrpc.java:265)
	at org.apache.ratis.grpc.server.GrpcServerProtocolClient.requestVote(GrpcServerProtocolClient.java:99)
	at org.apache.ratis.grpc.server.GrpcService.requestVote(GrpcService.java:204)
	at org.apache.ratis.server.impl.LeaderElection.lambda$submitRequests$1(LeaderElection.java:234)
	at java.util.concurrent.FutureTask.run(FutureTask.java:266)
	at java.util.concurrent.Executors$RunnableAdapter.call(Executors.java:511)
	at java.util.concurrent.FutureTask.run(FutureTask.java:266)
	at java.util.concurrent.ThreadPoolExecutor.runWorker(ThreadPoolExecutor.java:1149)
	at java.util.concurrent.ThreadPoolExecutor$Worker.run(ThreadPoolExecutor.java:624)
	... 1 more
Caused by: org.apache.ratis.thirdparty.io.netty.channel.AbstractChannel$AnnotatedConnectException: Connection refused: /192.168.69.90:42033
	at sun.nio.ch.SocketChannelImpl.checkConnect(Native Method)
	at sun.nio.ch.SocketChannelImpl.finishConnect(SocketChannelImpl.java:717)
	at org.apache.ratis.thirdparty.io.netty.channel.socket.nio.NioSocketChannel.doFinishConnect(NioSocketChannel.java:327)
	at org.apache.ratis.thirdparty.io.netty.channel.nio.AbstractNioChannel$AbstractNioUnsafe.finishConnect(AbstractNioChannel.java:340)
	at org.apache.ratis.thirdparty.io.netty.channel.nio.NioEventLoop.processSelectedKey(NioEventLoop.java:632)
	at org.apache.ratis.thirdparty.io.netty.channel.nio.NioEventLoop.processSelectedKeysOptimized(NioEventLoop.java:579)
	at org.apache.ratis.thirdparty.io.netty.channel.nio.NioEventLoop.processSelectedKeys(NioEventLoop.java:496)
	at org.apache.ratis.thirdparty.io.netty.channel.nio.NioEventLoop.run(NioEventLoop.java:458)
	at org.apache.ratis.thirdparty.io.netty.util.concurrent.SingleThreadEventExecutor$5.run(SingleThreadEventExecutor.java:897)
	at org.apache.ratis.thirdparty.io.netty.util.concurrent.FastThreadLocalRunnable.run(FastThreadLocalRunnable.java:30)
	... 1 more
Caused by: java.net.ConnectException: Connection refused
	... 11 more
2019-10-16 17:18:58,736 [39efc1e0-b8a0-46ae-8203-75644d0567c7@group-E4D141D357F7-LeaderElection28] INFO  impl.RoleInfo (RoleInfo.java:shutdownLeaderElection(134)) - 39efc1e0-b8a0-46ae-8203-75644d0567c7: shutdown LeaderElection
2019-10-16 17:18:58,736 [39efc1e0-b8a0-46ae-8203-75644d0567c7@group-E4D141D357F7-LeaderElection28] INFO  impl.RaftServerImpl (RaftServerImpl.java:setRole(170)) - 39efc1e0-b8a0-46ae-8203-75644d0567c7@group-E4D141D357F7: changes role from CANDIDATE to LEADER at term 3 for changeToLeader
2019-10-16 17:18:58,737 [39efc1e0-b8a0-46ae-8203-75644d0567c7@group-E4D141D357F7-LeaderElection28] INFO  impl.RaftServerImpl (ServerState.java:setLeader(255)) - 39efc1e0-b8a0-46ae-8203-75644d0567c7@group-E4D141D357F7: change Leader from null to 39efc1e0-b8a0-46ae-8203-75644d0567c7 at term 3 for becomeLeader, leader elected after 44ms
2019-10-16 17:18:58,737 [39efc1e0-b8a0-46ae-8203-75644d0567c7@group-E4D141D357F7-LeaderElection28] INFO  server.RaftServerConfigKeys (ConfUtils.java:logGet(43)) - raft.server.staging.catchup.gap = 1000 (default)
2019-10-16 17:18:58,737 [39efc1e0-b8a0-46ae-8203-75644d0567c7@group-E4D141D357F7-LeaderElection28] INFO  server.RaftServerConfigKeys (ConfUtils.java:logGet(43)) - raft.server.rpc.sleep.time = 25ms (default)
2019-10-16 17:18:58,737 [39efc1e0-b8a0-46ae-8203-75644d0567c7@group-E4D141D357F7-LeaderElection28] INFO  server.RaftServerConfigKeys (ConfUtils.java:logGet(43)) - raft.server.write.element-limit = 4096 (default)
2019-10-16 17:18:58,737 [39efc1e0-b8a0-46ae-8203-75644d0567c7@group-E4D141D357F7-LeaderElection28] INFO  server.RaftServerConfigKeys (ConfUtils.java:logGet(43)) - raft.server.watch.timeout = 10s (default)
2019-10-16 17:18:58,738 [39efc1e0-b8a0-46ae-8203-75644d0567c7@group-E4D141D357F7-LeaderElection28] INFO  server.RaftServerConfigKeys (ConfUtils.java:logGet(43)) - raft.server.watch.timeout.denomination = 1s (default)
2019-10-16 17:18:58,738 [39efc1e0-b8a0-46ae-8203-75644d0567c7@group-E4D141D357F7-LeaderElection28] INFO  server.RaftServerConfigKeys (ConfUtils.java:logGet(43)) - raft.server.watch.element-limit = 65536 (default)
2019-10-16 17:18:58,741 [39efc1e0-b8a0-46ae-8203-75644d0567c7@group-E4D141D357F7-LeaderElection28] INFO  server.RaftServerConfigKeys (ConfUtils.java:logGet(43)) - raft.server.log.appender.snapshot.chunk.size.max = 16MB (=16777216) (default)
2019-10-16 17:18:58,742 [39efc1e0-b8a0-46ae-8203-75644d0567c7@group-E4D141D357F7-LeaderElection28] INFO  server.RaftServerConfigKeys (ConfUtils.java:logGet(43)) - raft.server.log.appender.buffer.byte-limit = 33554432 (custom)
2019-10-16 17:18:58,742 [39efc1e0-b8a0-46ae-8203-75644d0567c7@group-E4D141D357F7-LeaderElection28] INFO  server.RaftServerConfigKeys (ConfUtils.java:logGet(43)) - raft.server.log.appender.buffer.element-limit = 1 (custom)
2019-10-16 17:18:58,742 [39efc1e0-b8a0-46ae-8203-75644d0567c7@group-E4D141D357F7-LeaderElection28] INFO  grpc.GrpcConfigKeys$Server (ConfUtils.java:logGet(43)) - raft.grpc.server.leader.outstanding.appends.max = 128 (default)
2019-10-16 17:18:58,742 [39efc1e0-b8a0-46ae-8203-75644d0567c7@group-E4D141D357F7-LeaderElection28] INFO  server.RaftServerConfigKeys (ConfUtils.java:logGet(43)) - raft.server.rpc.request.timeout = 3000ms (default)
2019-10-16 17:18:58,743 [39efc1e0-b8a0-46ae-8203-75644d0567c7@group-E4D141D357F7-LeaderElection28] INFO  server.RaftServerConfigKeys (ConfUtils.java:logGet(43)) - raft.server.log.appender.install.snapshot.enabled = false (custom)
2019-10-16 17:18:58,743 [39efc1e0-b8a0-46ae-8203-75644d0567c7@group-E4D141D357F7-LeaderElection28] INFO  server.RaftServerConfigKeys (ConfUtils.java:logGet(43)) - raft.server.log.appender.snapshot.chunk.size.max = 16MB (=16777216) (default)
2019-10-16 17:18:58,743 [39efc1e0-b8a0-46ae-8203-75644d0567c7@group-E4D141D357F7-LeaderElection28] INFO  server.RaftServerConfigKeys (ConfUtils.java:logGet(43)) - raft.server.log.appender.buffer.byte-limit = 33554432 (custom)
2019-10-16 17:18:58,743 [39efc1e0-b8a0-46ae-8203-75644d0567c7@group-E4D141D357F7-LeaderElection28] INFO  server.RaftServerConfigKeys (ConfUtils.java:logGet(43)) - raft.server.log.appender.buffer.element-limit = 1 (custom)
2019-10-16 17:18:58,743 [39efc1e0-b8a0-46ae-8203-75644d0567c7@group-E4D141D357F7-LeaderElection28] INFO  grpc.GrpcConfigKeys$Server (ConfUtils.java:logGet(43)) - raft.grpc.server.leader.outstanding.appends.max = 128 (default)
2019-10-16 17:18:58,744 [39efc1e0-b8a0-46ae-8203-75644d0567c7@group-E4D141D357F7-LeaderElection28] INFO  server.RaftServerConfigKeys (ConfUtils.java:logGet(43)) - raft.server.rpc.request.timeout = 3000ms (default)
2019-10-16 17:18:58,744 [39efc1e0-b8a0-46ae-8203-75644d0567c7@group-E4D141D357F7-LeaderElection28] INFO  server.RaftServerConfigKeys (ConfUtils.java:logGet(43)) - raft.server.log.appender.install.snapshot.enabled = false (custom)
2019-10-16 17:18:58,744 [39efc1e0-b8a0-46ae-8203-75644d0567c7@group-E4D141D357F7-LeaderElection28] INFO  impl.RoleInfo (RoleInfo.java:updateAndGet(143)) - 39efc1e0-b8a0-46ae-8203-75644d0567c7: start LeaderState
2019-10-16 17:18:58,745 [39efc1e0-b8a0-46ae-8203-75644d0567c7@group-E4D141D357F7-LeaderElection28] INFO  segmented.SegmentedRaftLogWorker (SegmentedRaftLogWorker.java:rollLogSegment(390)) - 39efc1e0-b8a0-46ae-8203-75644d0567c7@group-E4D141D357F7-SegmentedRaftLogWorker: Rolling segment log-0_16 to index:16
2019-10-16 17:18:58,747 [39efc1e0-b8a0-46ae-8203-75644d0567c7@group-E4D141D357F7-LeaderElection28] INFO  impl.RaftServerImpl (ServerState.java:setRaftConf(356)) - 39efc1e0-b8a0-46ae-8203-75644d0567c7@group-E4D141D357F7: set configuration 17: [39efc1e0-b8a0-46ae-8203-75644d0567c7:192.168.69.90:37505, 402b0372-4819-4934-806f-9fa0520739e8:192.168.69.90:42033, 69c8fc0c-292c-4f2f-ab72-f8d3161c7a9e:192.168.69.90:46799], old=null at 17
2019-10-16 17:18:58,748 [grpc-default-executor-10] WARN  server.GrpcLogAppender (LogUtils.java:warn(134)) - 39efc1e0-b8a0-46ae-8203-75644d0567c7@group-E4D141D357F7->402b0372-4819-4934-806f-9fa0520739e8-AppendLogResponseHandler: Failed appendEntries: org.apache.ratis.thirdparty.io.grpc.StatusRuntimeException: UNAVAILABLE: io exception
2019-10-16 17:18:58,751 [39efc1e0-b8a0-46ae-8203-75644d0567c7@group-E4D141D357F7-SegmentedRaftLogWorker] INFO  segmented.SegmentedRaftLogWorker (SegmentedRaftLogWorker.java:execute(531)) - 39efc1e0-b8a0-46ae-8203-75644d0567c7@group-E4D141D357F7-SegmentedRaftLogWorker: Rolled log segment from /workdir/hadoop-ozone/integration-test/target/test-dir/MiniOzoneClusterImpl-1b119847-9446-4130-a6ab-c741bf0ba7df/datanode-8/data/ratis/0569b7da-d16a-454e-8373-e4d141d357f7/current/log_inprogress_0 to /workdir/hadoop-ozone/integration-test/target/test-dir/MiniOzoneClusterImpl-1b119847-9446-4130-a6ab-c741bf0ba7df/datanode-8/data/ratis/0569b7da-d16a-454e-8373-e4d141d357f7/current/log_0-16
2019-10-16 17:18:58,753 [grpc-default-executor-10] INFO  impl.FollowerInfo (FollowerInfo.java:lambda$new$0(51)) - 39efc1e0-b8a0-46ae-8203-75644d0567c7@group-E4D141D357F7->402b0372-4819-4934-806f-9fa0520739e8: nextIndex: updateUnconditionally 17 -> 1
2019-10-16 17:18:58,754 [grpc-default-executor-10] INFO  impl.RaftServerImpl (ServerState.java:setLeader(255)) - 69c8fc0c-292c-4f2f-ab72-f8d3161c7a9e@group-E4D141D357F7: change Leader from null to 39efc1e0-b8a0-46ae-8203-75644d0567c7 at term 3 for appendEntries, leader elected after 41ms
2019-10-16 17:18:58,758 [grpc-default-executor-10] INFO  impl.RaftServerImpl (ServerState.java:setRaftConf(356)) - 69c8fc0c-292c-4f2f-ab72-f8d3161c7a9e@group-E4D141D357F7: set configuration 17: [39efc1e0-b8a0-46ae-8203-75644d0567c7:192.168.69.90:37505, 402b0372-4819-4934-806f-9fa0520739e8:192.168.69.90:42033, 69c8fc0c-292c-4f2f-ab72-f8d3161c7a9e:192.168.69.90:46799], old=null at 17
2019-10-16 17:18:58,758 [grpc-default-executor-10] INFO  segmented.SegmentedRaftLogWorker (SegmentedRaftLogWorker.java:rollLogSegment(390)) - 69c8fc0c-292c-4f2f-ab72-f8d3161c7a9e@group-E4D141D357F7-SegmentedRaftLogWorker: Rolling segment log-0_16 to index:16
2019-10-16 17:18:58,759 [69c8fc0c-292c-4f2f-ab72-f8d3161c7a9e@group-E4D141D357F7-SegmentedRaftLogWorker] INFO  segmented.SegmentedRaftLogWorker (SegmentedRaftLogWorker.java:execute(531)) - 69c8fc0c-292c-4f2f-ab72-f8d3161c7a9e@group-E4D141D357F7-SegmentedRaftLogWorker: Rolled log segment from /workdir/hadoop-ozone/integration-test/target/test-dir/MiniOzoneClusterImpl-1b119847-9446-4130-a6ab-c741bf0ba7df/datanode-3/data/ratis/0569b7da-d16a-454e-8373-e4d141d357f7/current/log_inprogress_0 to /workdir/hadoop-ozone/integration-test/target/test-dir/MiniOzoneClusterImpl-1b119847-9446-4130-a6ab-c741bf0ba7df/datanode-3/data/ratis/0569b7da-d16a-454e-8373-e4d141d357f7/current/log_0-16
2019-10-16 17:18:58,802 [Datanode State Machine Thread - 0] INFO  statemachine.DatanodeStateMachine (DatanodeStateMachine.java:lambda$startDaemon$0(350)) - Ozone container server started.
2019-10-16 17:18:58,808 [grpc-default-executor-8] WARN  server.GrpcLogAppender (LogUtils.java:warn(134)) - edabc722-9974-498c-890b-46d66b917a65@group-C8506EB59547->36127643-2c32-4e4d-8f36-0b4a74ca3071-AppendLogResponseHandler: Failed appendEntries: org.apache.ratis.thirdparty.io.grpc.StatusRuntimeException: UNAVAILABLE: io exception
2019-10-16 17:18:58,822 [39efc1e0-b8a0-46ae-8203-75644d0567c7@group-E4D141D357F7-SegmentedRaftLogWorker] INFO  segmented.SegmentedRaftLogWorker (SegmentedRaftLogWorker.java:execute(574)) - 39efc1e0-b8a0-46ae-8203-75644d0567c7@group-E4D141D357F7-SegmentedRaftLogWorker: created new log segment /workdir/hadoop-ozone/integration-test/target/test-dir/MiniOzoneClusterImpl-1b119847-9446-4130-a6ab-c741bf0ba7df/datanode-8/data/ratis/0569b7da-d16a-454e-8373-e4d141d357f7/current/log_inprogress_17
2019-10-16 17:18:58,825 [grpc-default-executor-8] INFO  impl.FollowerInfo (FollowerInfo.java:lambda$new$0(51)) - edabc722-9974-498c-890b-46d66b917a65@group-C8506EB59547->36127643-2c32-4e4d-8f36-0b4a74ca3071: nextIndex: updateUnconditionally 2 -> 1
2019-10-16 17:18:58,836 [69c8fc0c-292c-4f2f-ab72-f8d3161c7a9e@group-E4D141D357F7-SegmentedRaftLogWorker] INFO  segmented.SegmentedRaftLogWorker (SegmentedRaftLogWorker.java:execute(574)) - 69c8fc0c-292c-4f2f-ab72-f8d3161c7a9e@group-E4D141D357F7-SegmentedRaftLogWorker: created new log segment /workdir/hadoop-ozone/integration-test/target/test-dir/MiniOzoneClusterImpl-1b119847-9446-4130-a6ab-c741bf0ba7df/datanode-3/data/ratis/0569b7da-d16a-454e-8373-e4d141d357f7/current/log_inprogress_17
2019-10-16 17:18:58,869 [grpc-default-executor-10] WARN  server.GrpcLogAppender (LogUtils.java:warn(134)) - 39efc1e0-b8a0-46ae-8203-75644d0567c7@group-E4D141D357F7->402b0372-4819-4934-806f-9fa0520739e8-AppendLogResponseHandler: Failed appendEntries: org.apache.ratis.thirdparty.io.grpc.StatusRuntimeException: UNAVAILABLE: io exception
2019-10-16 17:18:58,872 [grpc-default-executor-10] INFO  impl.FollowerInfo (FollowerInfo.java:lambda$new$0(51)) - 39efc1e0-b8a0-46ae-8203-75644d0567c7@group-E4D141D357F7->402b0372-4819-4934-806f-9fa0520739e8: nextIndex: updateUnconditionally 2 -> 1
2019-10-16 17:18:59,309 [grpc-default-executor-8] WARN  server.GrpcLogAppender (LogUtils.java:warn(134)) - edabc722-9974-498c-890b-46d66b917a65@group-C8506EB59547->36127643-2c32-4e4d-8f36-0b4a74ca3071-AppendLogResponseHandler: Failed appendEntries: org.apache.ratis.thirdparty.io.grpc.StatusRuntimeException: UNAVAILABLE: io exception
2019-10-16 17:18:59,312 [grpc-default-executor-8] INFO  impl.FollowerInfo (FollowerInfo.java:lambda$new$0(51)) - edabc722-9974-498c-890b-46d66b917a65@group-C8506EB59547->36127643-2c32-4e4d-8f36-0b4a74ca3071: nextIndex: updateUnconditionally 1 -> 0
2019-10-16 17:18:59,371 [grpc-default-executor-4] WARN  server.GrpcLogAppender (LogUtils.java:warn(134)) - 39efc1e0-b8a0-46ae-8203-75644d0567c7@group-E4D141D357F7->402b0372-4819-4934-806f-9fa0520739e8-AppendLogResponseHandler: Failed appendEntries: org.apache.ratis.thirdparty.io.grpc.StatusRuntimeException: UNAVAILABLE: io exception
2019-10-16 17:18:59,374 [grpc-default-executor-4] INFO  impl.FollowerInfo (FollowerInfo.java:lambda$new$0(51)) - 39efc1e0-b8a0-46ae-8203-75644d0567c7@group-E4D141D357F7->402b0372-4819-4934-806f-9fa0520739e8: nextIndex: updateUnconditionally 1 -> 0
2019-10-16 17:18:59,810 [grpc-default-executor-10] WARN  server.GrpcLogAppender (LogUtils.java:warn(134)) - edabc722-9974-498c-890b-46d66b917a65@group-C8506EB59547->36127643-2c32-4e4d-8f36-0b4a74ca3071-AppendLogResponseHandler: Failed appendEntries: org.apache.ratis.thirdparty.io.grpc.StatusRuntimeException: UNAVAILABLE: io exception
2019-10-16 17:18:59,814 [grpc-default-executor-10] INFO  impl.FollowerInfo (FollowerInfo.java:lambda$new$0(51)) - edabc722-9974-498c-890b-46d66b917a65@group-C8506EB59547->36127643-2c32-4e4d-8f36-0b4a74ca3071: nextIndex: updateUnconditionally 0 -> 0
2019-10-16 17:18:59,873 [grpc-default-executor-4] WARN  server.GrpcLogAppender (LogUtils.java:warn(134)) - 39efc1e0-b8a0-46ae-8203-75644d0567c7@group-E4D141D357F7->402b0372-4819-4934-806f-9fa0520739e8-AppendLogResponseHandler: Failed appendEntries: org.apache.ratis.thirdparty.io.grpc.StatusRuntimeException: UNAVAILABLE: io exception
2019-10-16 17:18:59,876 [grpc-default-executor-4] INFO  impl.FollowerInfo (FollowerInfo.java:lambda$new$0(51)) - 39efc1e0-b8a0-46ae-8203-75644d0567c7@group-E4D141D357F7->402b0372-4819-4934-806f-9fa0520739e8: nextIndex: updateUnconditionally 0 -> 0
2019-10-16 17:19:00,311 [grpc-default-executor-10] WARN  server.GrpcLogAppender (LogUtils.java:warn(134)) - edabc722-9974-498c-890b-46d66b917a65@group-C8506EB59547->36127643-2c32-4e4d-8f36-0b4a74ca3071-AppendLogResponseHandler: Failed appendEntries: org.apache.ratis.thirdparty.io.grpc.StatusRuntimeException: UNAVAILABLE: io exception
2019-10-16 17:19:00,315 [grpc-default-executor-10] INFO  impl.FollowerInfo (FollowerInfo.java:lambda$new$0(51)) - edabc722-9974-498c-890b-46d66b917a65@group-C8506EB59547->36127643-2c32-4e4d-8f36-0b4a74ca3071: nextIndex: updateUnconditionally 0 -> 0
2019-10-16 17:19:00,373 [grpc-default-executor-10] WARN  server.GrpcLogAppender (LogUtils.java:warn(134)) - 39efc1e0-b8a0-46ae-8203-75644d0567c7@group-E4D141D357F7->402b0372-4819-4934-806f-9fa0520739e8-AppendLogResponseHandler: Failed appendEntries: org.apache.ratis.thirdparty.io.grpc.StatusRuntimeException: UNAVAILABLE: io exception
2019-10-16 17:19:00,377 [grpc-default-executor-10] INFO  impl.FollowerInfo (FollowerInfo.java:lambda$new$0(51)) - 39efc1e0-b8a0-46ae-8203-75644d0567c7@group-E4D141D357F7->402b0372-4819-4934-806f-9fa0520739e8: nextIndex: updateUnconditionally 0 -> 0
2019-10-16 17:19:00,812 [grpc-default-executor-4] WARN  server.GrpcLogAppender (LogUtils.java:warn(134)) - edabc722-9974-498c-890b-46d66b917a65@group-C8506EB59547->36127643-2c32-4e4d-8f36-0b4a74ca3071-AppendLogResponseHandler: Failed appendEntries: org.apache.ratis.thirdparty.io.grpc.StatusRuntimeException: UNAVAILABLE: io exception
2019-10-16 17:19:00,815 [grpc-default-executor-4] INFO  impl.FollowerInfo (FollowerInfo.java:lambda$new$0(51)) - edabc722-9974-498c-890b-46d66b917a65@group-C8506EB59547->36127643-2c32-4e4d-8f36-0b4a74ca3071: nextIndex: updateUnconditionally 0 -> 0
2019-10-16 17:19:00,874 [grpc-default-executor-4] WARN  server.GrpcLogAppender (LogUtils.java:warn(134)) - 39efc1e0-b8a0-46ae-8203-75644d0567c7@group-E4D141D357F7->402b0372-4819-4934-806f-9fa0520739e8-AppendLogResponseHandler: Failed appendEntries: org.apache.ratis.thirdparty.io.grpc.StatusRuntimeException: UNAVAILABLE: io exception
2019-10-16 17:19:00,878 [grpc-default-executor-4] INFO  impl.FollowerInfo (FollowerInfo.java:lambda$new$0(51)) - 39efc1e0-b8a0-46ae-8203-75644d0567c7@group-E4D141D357F7->402b0372-4819-4934-806f-9fa0520739e8: nextIndex: updateUnconditionally 0 -> 0
2019-10-16 17:19:01,314 [grpc-default-executor-4] WARN  server.GrpcLogAppender (LogUtils.java:warn(134)) - edabc722-9974-498c-890b-46d66b917a65@group-C8506EB59547->36127643-2c32-4e4d-8f36-0b4a74ca3071-AppendLogResponseHandler: Failed appendEntries: org.apache.ratis.thirdparty.io.grpc.StatusRuntimeException: UNAVAILABLE: io exception
2019-10-16 17:19:01,317 [grpc-default-executor-4] INFO  impl.FollowerInfo (FollowerInfo.java:lambda$new$0(51)) - edabc722-9974-498c-890b-46d66b917a65@group-C8506EB59547->36127643-2c32-4e4d-8f36-0b4a74ca3071: nextIndex: updateUnconditionally 0 -> 0
2019-10-16 17:19:01,375 [grpc-default-executor-4] WARN  server.GrpcLogAppender (LogUtils.java:warn(134)) - 39efc1e0-b8a0-46ae-8203-75644d0567c7@group-E4D141D357F7->402b0372-4819-4934-806f-9fa0520739e8-AppendLogResponseHandler: Failed appendEntries: org.apache.ratis.thirdparty.io.grpc.StatusRuntimeException: UNAVAILABLE: io exception
2019-10-16 17:19:01,378 [grpc-default-executor-4] INFO  impl.FollowerInfo (FollowerInfo.java:lambda$new$0(51)) - 39efc1e0-b8a0-46ae-8203-75644d0567c7@group-E4D141D357F7->402b0372-4819-4934-806f-9fa0520739e8: nextIndex: updateUnconditionally 0 -> 0
2019-10-16 17:19:01,814 [grpc-default-executor-4] WARN  server.GrpcLogAppender (LogUtils.java:warn(134)) - edabc722-9974-498c-890b-46d66b917a65@group-C8506EB59547->36127643-2c32-4e4d-8f36-0b4a74ca3071-AppendLogResponseHandler: Failed appendEntries: org.apache.ratis.thirdparty.io.grpc.StatusRuntimeException: UNAVAILABLE: io exception
2019-10-16 17:19:01,817 [grpc-default-executor-4] INFO  impl.FollowerInfo (FollowerInfo.java:lambda$new$0(51)) - edabc722-9974-498c-890b-46d66b917a65@group-C8506EB59547->36127643-2c32-4e4d-8f36-0b4a74ca3071: nextIndex: updateUnconditionally 0 -> 0
2019-10-16 17:19:01,876 [grpc-default-executor-4] WARN  server.GrpcLogAppender (LogUtils.java:warn(134)) - 39efc1e0-b8a0-46ae-8203-75644d0567c7@group-E4D141D357F7->402b0372-4819-4934-806f-9fa0520739e8-AppendLogResponseHandler: Failed appendEntries: org.apache.ratis.thirdparty.io.grpc.StatusRuntimeException: UNAVAILABLE: io exception
2019-10-16 17:19:01,879 [grpc-default-executor-4] INFO  impl.FollowerInfo (FollowerInfo.java:lambda$new$0(51)) - 39efc1e0-b8a0-46ae-8203-75644d0567c7@group-E4D141D357F7->402b0372-4819-4934-806f-9fa0520739e8: nextIndex: updateUnconditionally 0 -> 0
2019-10-16 17:19:02,317 [grpc-default-executor-4] WARN  server.GrpcLogAppender (LogUtils.java:warn(134)) - edabc722-9974-498c-890b-46d66b917a65@group-C8506EB59547->36127643-2c32-4e4d-8f36-0b4a74ca3071-AppendLogResponseHandler: Failed appendEntries: org.apache.ratis.thirdparty.io.grpc.StatusRuntimeException: UNAVAILABLE: io exception
2019-10-16 17:19:02,323 [grpc-default-executor-4] INFO  impl.FollowerInfo (FollowerInfo.java:lambda$new$0(51)) - edabc722-9974-498c-890b-46d66b917a65@group-C8506EB59547->36127643-2c32-4e4d-8f36-0b4a74ca3071: nextIndex: updateUnconditionally 0 -> 0
2019-10-16 17:19:02,377 [grpc-default-executor-4] WARN  server.GrpcLogAppender (LogUtils.java:warn(134)) - 39efc1e0-b8a0-46ae-8203-75644d0567c7@group-E4D141D357F7->402b0372-4819-4934-806f-9fa0520739e8-AppendLogResponseHandler: Failed appendEntries: org.apache.ratis.thirdparty.io.grpc.StatusRuntimeException: UNAVAILABLE: io exception
2019-10-16 17:19:02,380 [grpc-default-executor-4] INFO  impl.FollowerInfo (FollowerInfo.java:lambda$new$0(51)) - 39efc1e0-b8a0-46ae-8203-75644d0567c7@group-E4D141D357F7->402b0372-4819-4934-806f-9fa0520739e8: nextIndex: updateUnconditionally 0 -> 0
2019-10-16 17:19:02,835 [grpc-default-executor-10] WARN  server.GrpcLogAppender (LogUtils.java:warn(134)) - edabc722-9974-498c-890b-46d66b917a65@group-C8506EB59547->36127643-2c32-4e4d-8f36-0b4a74ca3071-AppendLogResponseHandler: Failed appendEntries: org.apache.ratis.thirdparty.io.grpc.StatusRuntimeException: UNAVAILABLE: io exception
2019-10-16 17:19:02,838 [grpc-default-executor-10] INFO  impl.FollowerInfo (FollowerInfo.java:lambda$new$0(51)) - edabc722-9974-498c-890b-46d66b917a65@group-C8506EB59547->36127643-2c32-4e4d-8f36-0b4a74ca3071: nextIndex: updateUnconditionally 0 -> 0
2019-10-16 17:19:02,838 [ForkJoinPool.commonPool-worker-0] INFO  ozoneimpl.OzoneContainer (OzoneContainer.java:stop(227)) - Attempting to stop container services.
2019-10-16 17:19:02,838 [main] INFO  ozoneimpl.OzoneContainer (OzoneContainer.java:stop(227)) - Attempting to stop container services.
2019-10-16 17:19:02,839 [ForkJoinPool.commonPool-worker-0] INFO  impl.RaftServerProxy (RaftServerProxy.java:lambda$close$4(314)) - 69c8fc0c-292c-4f2f-ab72-f8d3161c7a9e: close
2019-10-16 17:19:02,839 [main] INFO  impl.RaftServerProxy (RaftServerProxy.java:lambda$close$4(314)) - e40a46b2-8333-4456-9552-d7e48aaff595: close
2019-10-16 17:19:02,839 [ForkJoinPool.commonPool-worker-0] INFO  impl.RaftServerImpl (RaftServerImpl.java:lambda$shutdown$3(247)) - 69c8fc0c-292c-4f2f-ab72-f8d3161c7a9e@group-E4D141D357F7: shutdown
2019-10-16 17:19:02,839 [main] INFO  impl.RaftServerImpl (RaftServerImpl.java:lambda$shutdown$3(247)) - e40a46b2-8333-4456-9552-d7e48aaff595@group-87054B518F87: shutdown
2019-10-16 17:19:02,840 [ForkJoinPool.commonPool-worker-0] INFO  util.JmxRegister (JmxRegister.java:unregister(73)) - Successfully un-registered JMX Bean with object name Ratis:service=RaftServer,group=group-E4D141D357F7,id=69c8fc0c-292c-4f2f-ab72-f8d3161c7a9e
2019-10-16 17:19:02,840 [main] INFO  util.JmxRegister (JmxRegister.java:unregister(73)) - Successfully un-registered JMX Bean with object name Ratis:service=RaftServer,group=group-87054B518F87,id=e40a46b2-8333-4456-9552-d7e48aaff595
2019-10-16 17:19:02,840 [ForkJoinPool.commonPool-worker-0] INFO  impl.RoleInfo (RoleInfo.java:shutdownFollowerState(121)) - 69c8fc0c-292c-4f2f-ab72-f8d3161c7a9e: shutdown FollowerState
2019-10-16 17:19:02,840 [main] INFO  impl.RoleInfo (RoleInfo.java:shutdownFollowerState(121)) - e40a46b2-8333-4456-9552-d7e48aaff595: shutdown FollowerState
2019-10-16 17:19:02,840 [Thread-905] INFO  impl.FollowerState (FollowerState.java:run(117)) - 69c8fc0c-292c-4f2f-ab72-f8d3161c7a9e@group-E4D141D357F7-FollowerState was interrupted: java.lang.InterruptedException: sleep interrupted
2019-10-16 17:19:02,840 [ForkJoinPool.commonPool-worker-0] INFO  impl.StateMachineUpdater (StateMachineUpdater.java:stopAndJoin(136)) - 69c8fc0c-292c-4f2f-ab72-f8d3161c7a9e@group-E4D141D357F7-StateMachineUpdater: set stopIndex = 18
2019-10-16 17:19:02,841 [Thread-462] INFO  impl.FollowerState (FollowerState.java:run(117)) - e40a46b2-8333-4456-9552-d7e48aaff595@group-87054B518F87-FollowerState was interrupted: java.lang.InterruptedException: sleep interrupted
2019-10-16 17:19:02,841 [69c8fc0c-292c-4f2f-ab72-f8d3161c7a9e@group-E4D141D357F7-StateMachineUpdater] INFO  ratis.ContainerStateMachine (ContainerStateMachine.java:takeSnapshot(294)) - group-E4D141D357F7: Taking a snapshot at:(t:2, i:12) file /workdir/hadoop-ozone/integration-test/target/test-dir/MiniOzoneClusterImpl-1b119847-9446-4130-a6ab-c741bf0ba7df/datanode-3/data/ratis/0569b7da-d16a-454e-8373-e4d141d357f7/sm/snapshot.2_12
2019-10-16 17:19:02,841 [main] INFO  impl.StateMachineUpdater (StateMachineUpdater.java:stopAndJoin(136)) - e40a46b2-8333-4456-9552-d7e48aaff595@group-87054B518F87-StateMachineUpdater: set stopIndex = 2
2019-10-16 17:19:02,844 [e40a46b2-8333-4456-9552-d7e48aaff595@group-87054B518F87-StateMachineUpdater] INFO  ratis.ContainerStateMachine (ContainerStateMachine.java:takeSnapshot(294)) - group-87054B518F87: Taking a snapshot at:(t:3, i:1) file /workdir/hadoop-ozone/integration-test/target/test-dir/MiniOzoneClusterImpl-1b119847-9446-4130-a6ab-c741bf0ba7df/datanode-6/data/ratis/98b26a71-8402-4b59-aeeb-87054b518f87/sm/snapshot.3_1
2019-10-16 17:19:02,879 [grpc-default-executor-8] WARN  server.GrpcLogAppender (LogUtils.java:warn(134)) - 39efc1e0-b8a0-46ae-8203-75644d0567c7@group-E4D141D357F7->402b0372-4819-4934-806f-9fa0520739e8-AppendLogResponseHandler: Failed appendEntries: org.apache.ratis.thirdparty.io.grpc.StatusRuntimeException: UNAVAILABLE: io exception
2019-10-16 17:19:02,882 [grpc-default-executor-8] INFO  impl.FollowerInfo (FollowerInfo.java:lambda$new$0(51)) - 39efc1e0-b8a0-46ae-8203-75644d0567c7@group-E4D141D357F7->402b0372-4819-4934-806f-9fa0520739e8: nextIndex: updateUnconditionally 0 -> 0
2019-10-16 17:19:03,318 [grpc-default-executor-10] WARN  server.GrpcLogAppender (LogUtils.java:warn(134)) - edabc722-9974-498c-890b-46d66b917a65@group-C8506EB59547->36127643-2c32-4e4d-8f36-0b4a74ca3071-AppendLogResponseHandler: Failed appendEntries: org.apache.ratis.thirdparty.io.grpc.StatusRuntimeException: UNAVAILABLE: io exception
2019-10-16 17:19:03,322 [grpc-default-executor-10] INFO  impl.FollowerInfo (FollowerInfo.java:lambda$new$0(51)) - edabc722-9974-498c-890b-46d66b917a65@group-C8506EB59547->36127643-2c32-4e4d-8f36-0b4a74ca3071: nextIndex: updateUnconditionally 0 -> 0
2019-10-16 17:19:03,379 [grpc-default-executor-10] WARN  server.GrpcLogAppender (LogUtils.java:warn(134)) - 39efc1e0-b8a0-46ae-8203-75644d0567c7@group-E4D141D357F7->402b0372-4819-4934-806f-9fa0520739e8-AppendLogResponseHandler: Failed appendEntries: org.apache.ratis.thirdparty.io.grpc.StatusRuntimeException: UNAVAILABLE: io exception
2019-10-16 17:19:03,388 [grpc-default-executor-10] INFO  impl.FollowerInfo (FollowerInfo.java:lambda$new$0(51)) - 39efc1e0-b8a0-46ae-8203-75644d0567c7@group-E4D141D357F7->402b0372-4819-4934-806f-9fa0520739e8: nextIndex: updateUnconditionally 0 -> 0
2019-10-16 17:19:03,819 [grpc-default-executor-4] WARN  server.GrpcLogAppender (LogUtils.java:warn(134)) - edabc722-9974-498c-890b-46d66b917a65@group-C8506EB59547->36127643-2c32-4e4d-8f36-0b4a74ca3071-AppendLogResponseHandler: Failed appendEntries: org.apache.ratis.thirdparty.io.grpc.StatusRuntimeException: UNAVAILABLE: io exception
2019-10-16 17:19:03,820 [grpc-default-executor-4] INFO  impl.FollowerInfo (FollowerInfo.java:lambda$new$0(51)) - edabc722-9974-498c-890b-46d66b917a65@group-C8506EB59547->36127643-2c32-4e4d-8f36-0b4a74ca3071: nextIndex: updateUnconditionally 0 -> 0
2019-10-16 17:19:03,880 [grpc-default-executor-8] WARN  server.GrpcLogAppender (LogUtils.java:warn(134)) - 39efc1e0-b8a0-46ae-8203-75644d0567c7@group-E4D141D357F7->402b0372-4819-4934-806f-9fa0520739e8-AppendLogResponseHandler: Failed appendEntries: org.apache.ratis.thirdparty.io.grpc.StatusRuntimeException: UNAVAILABLE: io exception
2019-10-16 17:19:03,881 [grpc-default-executor-8] INFO  impl.FollowerInfo (FollowerInfo.java:lambda$new$0(51)) - 39efc1e0-b8a0-46ae-8203-75644d0567c7@group-E4D141D357F7->402b0372-4819-4934-806f-9fa0520739e8: nextIndex: updateUnconditionally 0 -> 0
2019-10-16 17:19:04,321 [grpc-default-executor-10] WARN  server.GrpcLogAppender (LogUtils.java:warn(134)) - edabc722-9974-498c-890b-46d66b917a65@group-C8506EB59547->36127643-2c32-4e4d-8f36-0b4a74ca3071-AppendLogResponseHandler: Failed appendEntries: org.apache.ratis.thirdparty.io.grpc.StatusRuntimeException: UNAVAILABLE: io exception
2019-10-16 17:19:04,321 [grpc-default-executor-10] INFO  impl.FollowerInfo (FollowerInfo.java:lambda$new$0(51)) - edabc722-9974-498c-890b-46d66b917a65@group-C8506EB59547->36127643-2c32-4e4d-8f36-0b4a74ca3071: nextIndex: updateUnconditionally 0 -> 0
2019-10-16 17:19:04,381 [grpc-default-executor-10] WARN  server.GrpcLogAppender (LogUtils.java:warn(134)) - 39efc1e0-b8a0-46ae-8203-75644d0567c7@group-E4D141D357F7->402b0372-4819-4934-806f-9fa0520739e8-AppendLogResponseHandler: Failed appendEntries: org.apache.ratis.thirdparty.io.grpc.StatusRuntimeException: UNAVAILABLE: io exception
2019-10-16 17:19:04,381 [grpc-default-executor-10] INFO  impl.FollowerInfo (FollowerInfo.java:lambda$new$0(51)) - 39efc1e0-b8a0-46ae-8203-75644d0567c7@group-E4D141D357F7->402b0372-4819-4934-806f-9fa0520739e8: nextIndex: updateUnconditionally 0 -> 0
2019-10-16 17:19:04,821 [grpc-default-executor-10] WARN  server.GrpcLogAppender (LogUtils.java:warn(134)) - edabc722-9974-498c-890b-46d66b917a65@group-C8506EB59547->36127643-2c32-4e4d-8f36-0b4a74ca3071-AppendLogResponseHandler: Failed appendEntries: org.apache.ratis.thirdparty.io.grpc.StatusRuntimeException: UNAVAILABLE: io exception
2019-10-16 17:19:04,822 [grpc-default-executor-10] INFO  impl.FollowerInfo (FollowerInfo.java:lambda$new$0(51)) - edabc722-9974-498c-890b-46d66b917a65@group-C8506EB59547->36127643-2c32-4e4d-8f36-0b4a74ca3071: nextIndex: updateUnconditionally 0 -> 0
2019-10-16 17:19:04,882 [grpc-default-executor-4] WARN  server.GrpcLogAppender (LogUtils.java:warn(134)) - 39efc1e0-b8a0-46ae-8203-75644d0567c7@group-E4D141D357F7->402b0372-4819-4934-806f-9fa0520739e8-AppendLogResponseHandler: Failed appendEntries: org.apache.ratis.thirdparty.io.grpc.StatusRuntimeException: UNAVAILABLE: io exception
2019-10-16 17:19:04,883 [grpc-default-executor-4] INFO  impl.FollowerInfo (FollowerInfo.java:lambda$new$0(51)) - 39efc1e0-b8a0-46ae-8203-75644d0567c7@group-E4D141D357F7->402b0372-4819-4934-806f-9fa0520739e8: nextIndex: updateUnconditionally 0 -> 0
2019-10-16 17:19:05,177 [69c8fc0c-292c-4f2f-ab72-f8d3161c7a9e@group-E4D141D357F7-StateMachineUpdater] INFO  ratis.ContainerStateMachine (ContainerStateMachine.java:takeSnapshot(305)) - group-E4D141D357F7: Finished taking a snapshot at:(t:2, i:12) file:/workdir/hadoop-ozone/integration-test/target/test-dir/MiniOzoneClusterImpl-1b119847-9446-4130-a6ab-c741bf0ba7df/datanode-3/data/ratis/0569b7da-d16a-454e-8373-e4d141d357f7/sm/snapshot.2_12 time:2337
2019-10-16 17:19:05,177 [e40a46b2-8333-4456-9552-d7e48aaff595@group-87054B518F87-StateMachineUpdater] INFO  ratis.ContainerStateMachine (ContainerStateMachine.java:takeSnapshot(305)) - group-87054B518F87: Finished taking a snapshot at:(t:3, i:1) file:/workdir/hadoop-ozone/integration-test/target/test-dir/MiniOzoneClusterImpl-1b119847-9446-4130-a6ab-c741bf0ba7df/datanode-6/data/ratis/98b26a71-8402-4b59-aeeb-87054b518f87/sm/snapshot.3_1 time:2334
2019-10-16 17:19:05,178 [69c8fc0c-292c-4f2f-ab72-f8d3161c7a9e@group-E4D141D357F7-StateMachineUpdater] INFO  impl.StateMachineUpdater (StateMachineUpdater.java:takeSnapshot(269)) - 69c8fc0c-292c-4f2f-ab72-f8d3161c7a9e@group-E4D141D357F7-StateMachineUpdater: Took a snapshot at index 12
2019-10-16 17:19:05,178 [e40a46b2-8333-4456-9552-d7e48aaff595@group-87054B518F87-StateMachineUpdater] INFO  impl.StateMachineUpdater (StateMachineUpdater.java:takeSnapshot(269)) - e40a46b2-8333-4456-9552-d7e48aaff595@group-87054B518F87-StateMachineUpdater: Took a snapshot at index 1
2019-10-16 17:19:05,178 [69c8fc0c-292c-4f2f-ab72-f8d3161c7a9e@group-E4D141D357F7-StateMachineUpdater] INFO  impl.StateMachineUpdater (StateMachineUpdater.java:lambda$new$0(84)) - 69c8fc0c-292c-4f2f-ab72-f8d3161c7a9e@group-E4D141D357F7-StateMachineUpdater: snapshotIndex: updateIncreasingly -1 -> 12
2019-10-16 17:19:05,178 [e40a46b2-8333-4456-9552-d7e48aaff595@group-87054B518F87-StateMachineUpdater] INFO  impl.StateMachineUpdater (StateMachineUpdater.java:lambda$new$0(84)) - e40a46b2-8333-4456-9552-d7e48aaff595@group-87054B518F87-StateMachineUpdater: snapshotIndex: updateIncreasingly -1 -> 1
2019-10-16 17:19:05,179 [e40a46b2-8333-4456-9552-d7e48aaff595@group-87054B518F87-StateMachineUpdater] INFO  ratis.ContainerStateMachine (ContainerStateMachine.java:takeSnapshot(294)) - group-87054B518F87: Taking a snapshot at:(t:3, i:1) file /workdir/hadoop-ozone/integration-test/target/test-dir/MiniOzoneClusterImpl-1b119847-9446-4130-a6ab-c741bf0ba7df/datanode-6/data/ratis/98b26a71-8402-4b59-aeeb-87054b518f87/sm/snapshot.3_1
2019-10-16 17:19:05,179 [69c8fc0c-292c-4f2f-ab72-f8d3161c7a9e@group-E4D141D357F7-StateMachineUpdater] INFO  ratis.ContainerStateMachine (ContainerStateMachine.java:takeSnapshot(294)) - group-E4D141D357F7: Taking a snapshot at:(t:2, i:12) file /workdir/hadoop-ozone/integration-test/target/test-dir/MiniOzoneClusterImpl-1b119847-9446-4130-a6ab-c741bf0ba7df/datanode-3/data/ratis/0569b7da-d16a-454e-8373-e4d141d357f7/sm/snapshot.2_12
2019-10-16 17:19:05,323 [grpc-default-executor-4] WARN  server.GrpcLogAppender (LogUtils.java:warn(134)) - edabc722-9974-498c-890b-46d66b917a65@group-C8506EB59547->36127643-2c32-4e4d-8f36-0b4a74ca3071-AppendLogResponseHandler: Failed appendEntries: org.apache.ratis.thirdparty.io.grpc.StatusRuntimeException: UNAVAILABLE: io exception
2019-10-16 17:19:05,324 [grpc-default-executor-4] INFO  impl.FollowerInfo (FollowerInfo.java:lambda$new$0(51)) - edabc722-9974-498c-890b-46d66b917a65@group-C8506EB59547->36127643-2c32-4e4d-8f36-0b4a74ca3071: nextIndex: updateUnconditionally 0 -> 0
2019-10-16 17:19:05,383 [grpc-default-executor-8] WARN  server.GrpcLogAppender (LogUtils.java:warn(134)) - 39efc1e0-b8a0-46ae-8203-75644d0567c7@group-E4D141D357F7->402b0372-4819-4934-806f-9fa0520739e8-AppendLogResponseHandler: Failed appendEntries: org.apache.ratis.thirdparty.io.grpc.StatusRuntimeException: UNAVAILABLE: io exception
2019-10-16 17:19:05,384 [grpc-default-executor-8] INFO  impl.FollowerInfo (FollowerInfo.java:lambda$new$0(51)) - 39efc1e0-b8a0-46ae-8203-75644d0567c7@group-E4D141D357F7->402b0372-4819-4934-806f-9fa0520739e8: nextIndex: updateUnconditionally 0 -> 0
2019-10-16 17:19:05,824 [grpc-default-executor-10] WARN  server.GrpcLogAppender (LogUtils.java:warn(134)) - edabc722-9974-498c-890b-46d66b917a65@group-C8506EB59547->36127643-2c32-4e4d-8f36-0b4a74ca3071-AppendLogResponseHandler: Failed appendEntries: org.apache.ratis.thirdparty.io.grpc.StatusRuntimeException: UNAVAILABLE: io exception
2019-10-16 17:19:05,825 [grpc-default-executor-10] INFO  impl.FollowerInfo (FollowerInfo.java:lambda$new$0(51)) - edabc722-9974-498c-890b-46d66b917a65@group-C8506EB59547->36127643-2c32-4e4d-8f36-0b4a74ca3071: nextIndex: updateUnconditionally 0 -> 0
2019-10-16 17:19:05,884 [grpc-default-executor-10] WARN  server.GrpcLogAppender (LogUtils.java:warn(134)) - 39efc1e0-b8a0-46ae-8203-75644d0567c7@group-E4D141D357F7->402b0372-4819-4934-806f-9fa0520739e8-AppendLogResponseHandler: Failed appendEntries: org.apache.ratis.thirdparty.io.grpc.StatusRuntimeException: UNAVAILABLE: io exception
2019-10-16 17:19:05,885 [grpc-default-executor-10] INFO  impl.FollowerInfo (FollowerInfo.java:lambda$new$0(51)) - 39efc1e0-b8a0-46ae-8203-75644d0567c7@group-E4D141D357F7->402b0372-4819-4934-806f-9fa0520739e8: nextIndex: updateUnconditionally 0 -> 0
2019-10-16 17:19:05,889 [java.util.concurrent.ThreadPoolExecutor$Worker@45cec37d[State = -1, empty queue]] WARN  server.GrpcLogAppender (GrpcLogAppender.java:timeoutAppendRequest(200)) - 39efc1e0-b8a0-46ae-8203-75644d0567c7@group-E4D141D357F7->69c8fc0c-292c-4f2f-ab72-f8d3161c7a9e-GrpcLogAppender: appendEntries Timeout, request=39efc1e0-b8a0-46ae-8203-75644d0567c7->69c8fc0c-292c-4f2f-ab72-f8d3161c7a9e#10-t3, previous=(t:3, i:18), leaderCommit=18, initializing? false, entries: <empty>
2019-10-16 17:19:06,316 [java.util.concurrent.ThreadPoolExecutor$Worker@42d78df2[State = -1, empty queue]] WARN  server.GrpcLogAppender (GrpcLogAppender.java:timeoutAppendRequest(200)) - 88f87a5a-1895-478a-a391-44ff176aee59@group-87054B518F87->e40a46b2-8333-4456-9552-d7e48aaff595-GrpcLogAppender: appendEntries Timeout, request=88f87a5a-1895-478a-a391-44ff176aee59->e40a46b2-8333-4456-9552-d7e48aaff595#70-t3, previous=(t:3, i:2), leaderCommit=2, initializing? false, entries: <empty>
2019-10-16 17:19:06,325 [grpc-default-executor-4] WARN  server.GrpcLogAppender (LogUtils.java:warn(134)) - edabc722-9974-498c-890b-46d66b917a65@group-C8506EB59547->36127643-2c32-4e4d-8f36-0b4a74ca3071-AppendLogResponseHandler: Failed appendEntries: org.apache.ratis.thirdparty.io.grpc.StatusRuntimeException: UNAVAILABLE: io exception
2019-10-16 17:19:06,326 [grpc-default-executor-4] INFO  impl.FollowerInfo (FollowerInfo.java:lambda$new$0(51)) - edabc722-9974-498c-890b-46d66b917a65@group-C8506EB59547->36127643-2c32-4e4d-8f36-0b4a74ca3071: nextIndex: updateUnconditionally 0 -> 0
2019-10-16 17:19:06,385 [grpc-default-executor-10] WARN  server.GrpcLogAppender (LogUtils.java:warn(134)) - 39efc1e0-b8a0-46ae-8203-75644d0567c7@group-E4D141D357F7->402b0372-4819-4934-806f-9fa0520739e8-AppendLogResponseHandler: Failed appendEntries: org.apache.ratis.thirdparty.io.grpc.StatusRuntimeException: UNAVAILABLE: io exception
2019-10-16 17:19:06,386 [grpc-default-executor-10] INFO  impl.FollowerInfo (FollowerInfo.java:lambda$new$0(51)) - 39efc1e0-b8a0-46ae-8203-75644d0567c7@group-E4D141D357F7->402b0372-4819-4934-806f-9fa0520739e8: nextIndex: updateUnconditionally 0 -> 0
2019-10-16 17:19:06,389 [java.util.concurrent.ThreadPoolExecutor$Worker@45cec37d[State = -1, empty queue]] WARN  server.GrpcLogAppender (GrpcLogAppender.java:timeoutAppendRequest(200)) - 39efc1e0-b8a0-46ae-8203-75644d0567c7@group-E4D141D357F7->69c8fc0c-292c-4f2f-ab72-f8d3161c7a9e-GrpcLogAppender: appendEntries Timeout, request=39efc1e0-b8a0-46ae-8203-75644d0567c7->69c8fc0c-292c-4f2f-ab72-f8d3161c7a9e#11-t3, previous=(t:3, i:18), leaderCommit=18, initializing? false, entries: <empty>
2019-10-16 17:19:06,482 [e40a46b2-8333-4456-9552-d7e48aaff595@group-87054B518F87-StateMachineUpdater] INFO  ratis.ContainerStateMachine (ContainerStateMachine.java:takeSnapshot(305)) - group-87054B518F87: Finished taking a snapshot at:(t:3, i:1) file:/workdir/hadoop-ozone/integration-test/target/test-dir/MiniOzoneClusterImpl-1b119847-9446-4130-a6ab-c741bf0ba7df/datanode-6/data/ratis/98b26a71-8402-4b59-aeeb-87054b518f87/sm/snapshot.3_1 time:1304
2019-10-16 17:19:06,482 [69c8fc0c-292c-4f2f-ab72-f8d3161c7a9e@group-E4D141D357F7-StateMachineUpdater] INFO  ratis.ContainerStateMachine (ContainerStateMachine.java:takeSnapshot(305)) - group-E4D141D357F7: Finished taking a snapshot at:(t:2, i:12) file:/workdir/hadoop-ozone/integration-test/target/test-dir/MiniOzoneClusterImpl-1b119847-9446-4130-a6ab-c741bf0ba7df/datanode-3/data/ratis/0569b7da-d16a-454e-8373-e4d141d357f7/sm/snapshot.2_12 time:1304
2019-10-16 17:19:06,483 [e40a46b2-8333-4456-9552-d7e48aaff595@group-87054B518F87-StateMachineUpdater] INFO  impl.StateMachineUpdater (StateMachineUpdater.java:takeSnapshot(269)) - e40a46b2-8333-4456-9552-d7e48aaff595@group-87054B518F87-StateMachineUpdater: Took a snapshot at index 1
2019-10-16 17:19:06,483 [69c8fc0c-292c-4f2f-ab72-f8d3161c7a9e@group-E4D141D357F7-StateMachineUpdater] INFO  impl.StateMachineUpdater (StateMachineUpdater.java:takeSnapshot(269)) - 69c8fc0c-292c-4f2f-ab72-f8d3161c7a9e@group-E4D141D357F7-StateMachineUpdater: Took a snapshot at index 12
2019-10-16 17:19:06,483 [e40a46b2-8333-4456-9552-d7e48aaff595@group-87054B518F87-StateMachineUpdater] INFO  impl.StateMachineUpdater (StateMachineUpdater.java:lambda$new$0(84)) - e40a46b2-8333-4456-9552-d7e48aaff595@group-87054B518F87-StateMachineUpdater: snapshotIndex: updateIncreasingly 1 -> 1
2019-10-16 17:19:06,483 [69c8fc0c-292c-4f2f-ab72-f8d3161c7a9e@group-E4D141D357F7-StateMachineUpdater] INFO  impl.StateMachineUpdater (StateMachineUpdater.java:lambda$new$0(84)) - 69c8fc0c-292c-4f2f-ab72-f8d3161c7a9e@group-E4D141D357F7-StateMachineUpdater: snapshotIndex: updateIncreasingly 12 -> 12
2019-10-16 17:19:06,484 [main] INFO  impl.RaftServerImpl (ServerState.java:close(387)) - e40a46b2-8333-4456-9552-d7e48aaff595@group-87054B518F87: closes. applyIndex: 2
2019-10-16 17:19:06,484 [ForkJoinPool.commonPool-worker-0] INFO  impl.RaftServerImpl (ServerState.java:close(387)) - 69c8fc0c-292c-4f2f-ab72-f8d3161c7a9e@group-E4D141D357F7: closes. applyIndex: 18
2019-10-16 17:19:06,485 [e40a46b2-8333-4456-9552-d7e48aaff595@group-87054B518F87-SegmentedRaftLogWorker] INFO  segmented.SegmentedRaftLogWorker (SegmentedRaftLogWorker.java:run(316)) - e40a46b2-8333-4456-9552-d7e48aaff595@group-87054B518F87-SegmentedRaftLogWorker was interrupted, exiting. There are 0 tasks remaining in the queue.
2019-10-16 17:19:06,485 [69c8fc0c-292c-4f2f-ab72-f8d3161c7a9e@group-E4D141D357F7-SegmentedRaftLogWorker] INFO  segmented.SegmentedRaftLogWorker (SegmentedRaftLogWorker.java:run(316)) - 69c8fc0c-292c-4f2f-ab72-f8d3161c7a9e@group-E4D141D357F7-SegmentedRaftLogWorker was interrupted, exiting. There are 0 tasks remaining in the queue.
2019-10-16 17:19:06,489 [ForkJoinPool.commonPool-worker-0] INFO  segmented.SegmentedRaftLogWorker (SegmentedRaftLogWorker.java:close(224)) - 69c8fc0c-292c-4f2f-ab72-f8d3161c7a9e@group-E4D141D357F7-SegmentedRaftLogWorker close()
2019-10-16 17:19:06,490 [main] INFO  segmented.SegmentedRaftLogWorker (SegmentedRaftLogWorker.java:close(224)) - e40a46b2-8333-4456-9552-d7e48aaff595@group-87054B518F87-SegmentedRaftLogWorker close()
2019-10-16 17:19:06,499 [ForkJoinPool.commonPool-worker-0] INFO  impl.RaftServerImpl (RaftServerImpl.java:lambda$shutdown$3(247)) - 69c8fc0c-292c-4f2f-ab72-f8d3161c7a9e@group-F8277859770E: shutdown
2019-10-16 17:19:06,503 [main] INFO  impl.RaftServerImpl (RaftServerImpl.java:lambda$shutdown$3(247)) - e40a46b2-8333-4456-9552-d7e48aaff595@group-811F16552104: shutdown
2019-10-16 17:19:06,504 [main] INFO  util.JmxRegister (JmxRegister.java:unregister(73)) - Successfully un-registered JMX Bean with object name Ratis:service=RaftServer,group=group-811F16552104,id=e40a46b2-8333-4456-9552-d7e48aaff595
2019-10-16 17:19:06,504 [ForkJoinPool.commonPool-worker-0] INFO  util.JmxRegister (JmxRegister.java:unregister(73)) - Successfully un-registered JMX Bean with object name Ratis:service=RaftServer,group=group-F8277859770E,id=69c8fc0c-292c-4f2f-ab72-f8d3161c7a9e
2019-10-16 17:19:06,504 [main] INFO  impl.RoleInfo (RoleInfo.java:shutdownLeaderState(104)) - e40a46b2-8333-4456-9552-d7e48aaff595: shutdown LeaderState
2019-10-16 17:19:06,504 [ForkJoinPool.commonPool-worker-0] INFO  impl.RoleInfo (RoleInfo.java:shutdownLeaderState(104)) - 69c8fc0c-292c-4f2f-ab72-f8d3161c7a9e: shutdown LeaderState
2019-10-16 17:19:06,505 [main] INFO  impl.PendingRequests (PendingRequests.java:sendNotLeaderResponses(202)) - e40a46b2-8333-4456-9552-d7e48aaff595@group-811F16552104-PendingRequests: sendNotLeaderResponses
2019-10-16 17:19:06,505 [ForkJoinPool.commonPool-worker-0] INFO  impl.PendingRequests (PendingRequests.java:sendNotLeaderResponses(202)) - 69c8fc0c-292c-4f2f-ab72-f8d3161c7a9e@group-F8277859770E-PendingRequests: sendNotLeaderResponses
2019-10-16 17:19:06,505 [main] INFO  impl.StateMachineUpdater (StateMachineUpdater.java:stopAndJoin(136)) - e40a46b2-8333-4456-9552-d7e48aaff595@group-811F16552104-StateMachineUpdater: set stopIndex = 0
2019-10-16 17:19:06,505 [ForkJoinPool.commonPool-worker-0] INFO  impl.StateMachineUpdater (StateMachineUpdater.java:stopAndJoin(136)) - 69c8fc0c-292c-4f2f-ab72-f8d3161c7a9e@group-F8277859770E-StateMachineUpdater: set stopIndex = 0
2019-10-16 17:19:06,506 [ForkJoinPool.commonPool-worker-0] INFO  impl.RaftServerImpl (ServerState.java:close(387)) - 69c8fc0c-292c-4f2f-ab72-f8d3161c7a9e@group-F8277859770E: closes. applyIndex: 0
2019-10-16 17:19:06,506 [main] INFO  impl.RaftServerImpl (ServerState.java:close(387)) - e40a46b2-8333-4456-9552-d7e48aaff595@group-811F16552104: closes. applyIndex: 0
2019-10-16 17:19:06,507 [69c8fc0c-292c-4f2f-ab72-f8d3161c7a9e@group-F8277859770E-SegmentedRaftLogWorker] INFO  segmented.SegmentedRaftLogWorker (SegmentedRaftLogWorker.java:run(316)) - 69c8fc0c-292c-4f2f-ab72-f8d3161c7a9e@group-F8277859770E-SegmentedRaftLogWorker was interrupted, exiting. There are 0 tasks remaining in the queue.
2019-10-16 17:19:06,507 [e40a46b2-8333-4456-9552-d7e48aaff595@group-811F16552104-SegmentedRaftLogWorker] INFO  segmented.SegmentedRaftLogWorker (SegmentedRaftLogWorker.java:run(316)) - e40a46b2-8333-4456-9552-d7e48aaff595@group-811F16552104-SegmentedRaftLogWorker was interrupted, exiting. There are 0 tasks remaining in the queue.
2019-10-16 17:19:06,509 [ForkJoinPool.commonPool-worker-0] INFO  segmented.SegmentedRaftLogWorker (SegmentedRaftLogWorker.java:close(224)) - 69c8fc0c-292c-4f2f-ab72-f8d3161c7a9e@group-F8277859770E-SegmentedRaftLogWorker close()
2019-10-16 17:19:06,509 [main] INFO  segmented.SegmentedRaftLogWorker (SegmentedRaftLogWorker.java:close(224)) - e40a46b2-8333-4456-9552-d7e48aaff595@group-811F16552104-SegmentedRaftLogWorker close()
2019-10-16 17:19:06,513 [ForkJoinPool.commonPool-worker-0] INFO  server.GrpcService (GrpcService.java:closeImpl(164)) - 69c8fc0c-292c-4f2f-ab72-f8d3161c7a9e: shutdown server with port 46799 now
2019-10-16 17:19:06,517 [main] INFO  server.GrpcService (GrpcService.java:closeImpl(164)) - e40a46b2-8333-4456-9552-d7e48aaff595: shutdown server with port 41501 now
2019-10-16 17:19:06,519 [grpc-default-executor-4] WARN  server.GrpcServerProtocolService (LogUtils.java:warn(134)) - 69c8fc0c-292c-4f2f-ab72-f8d3161c7a9e: installSnapshot onError, lastRequest: 39efc1e0-b8a0-46ae-8203-75644d0567c7->69c8fc0c-292c-4f2f-ab72-f8d3161c7a9e#17-t3, previous=(t:3, i:18), leaderCommit=18, initializing? false, entries: <empty>: org.apache.ratis.thirdparty.io.grpc.StatusRuntimeException: CANCELLED: cancelled before receiving half close
2019-10-16 17:19:06,519 [grpc-default-executor-5] WARN  server.GrpcLogAppender (LogUtils.java:warn(134)) - 39efc1e0-b8a0-46ae-8203-75644d0567c7@group-E4D141D357F7->69c8fc0c-292c-4f2f-ab72-f8d3161c7a9e-AppendLogResponseHandler: Failed appendEntries: org.apache.ratis.thirdparty.io.grpc.StatusRuntimeException: CANCELLED: HTTP/2 error code: CANCEL
Received Rst Stream
2019-10-16 17:19:06,519 [grpc-default-executor-9] WARN  server.GrpcLogAppender (LogUtils.java:warn(134)) - 88f87a5a-1895-478a-a391-44ff176aee59@group-87054B518F87->e40a46b2-8333-4456-9552-d7e48aaff595-AppendLogResponseHandler: Failed appendEntries: org.apache.ratis.thirdparty.io.grpc.StatusRuntimeException: CANCELLED: HTTP/2 error code: CANCEL
Received Rst Stream
2019-10-16 17:19:06,519 [ForkJoinPool.commonPool-worker-0] INFO  server.GrpcService (GrpcService.java:closeImpl(172)) - 69c8fc0c-292c-4f2f-ab72-f8d3161c7a9e: shutdown server with port 46799 successfully
2019-10-16 17:19:06,519 [grpc-default-executor-8] WARN  server.GrpcServerProtocolService (LogUtils.java:warn(134)) - e40a46b2-8333-4456-9552-d7e48aaff595: installSnapshot onError, lastRequest: 88f87a5a-1895-478a-a391-44ff176aee59->e40a46b2-8333-4456-9552-d7e48aaff595#76-t3, previous=(t:3, i:2), leaderCommit=2, initializing? false, entries: <empty>: org.apache.ratis.thirdparty.io.grpc.StatusRuntimeException: CANCELLED: cancelled before receiving half close
2019-10-16 17:19:06,524 [grpc-default-executor-9] INFO  impl.FollowerInfo (FollowerInfo.java:lambda$new$0(51)) - 88f87a5a-1895-478a-a391-44ff176aee59@group-87054B518F87->e40a46b2-8333-4456-9552-d7e48aaff595: nextIndex: updateUnconditionally 3 -> 2
2019-10-16 17:19:06,524 [grpc-default-executor-5] INFO  impl.FollowerInfo (FollowerInfo.java:lambda$new$0(51)) - 39efc1e0-b8a0-46ae-8203-75644d0567c7@group-E4D141D357F7->69c8fc0c-292c-4f2f-ab72-f8d3161c7a9e: nextIndex: updateUnconditionally 19 -> 18
2019-10-16 17:19:06,519 [main] INFO  server.GrpcService (GrpcService.java:closeImpl(172)) - e40a46b2-8333-4456-9552-d7e48aaff595: shutdown server with port 41501 successfully
2019-10-16 17:19:06,528 [refreshUsed-/workdir/hadoop-ozone/integration-test/target/test-dir/MiniOzoneClusterImpl-1b119847-9446-4130-a6ab-c741bf0ba7df/datanode-3/data/containers] WARN  fs.CachingGetSpaceUsed (CachingGetSpaceUsed.java:run(183)) - Thread Interrupted waiting to refresh disk information: sleep interrupted
2019-10-16 17:19:06,529 [refreshUsed-/workdir/hadoop-ozone/integration-test/target/test-dir/MiniOzoneClusterImpl-1b119847-9446-4130-a6ab-c741bf0ba7df/datanode-6/data/containers] WARN  fs.CachingGetSpaceUsed (CachingGetSpaceUsed.java:run(183)) - Thread Interrupted waiting to refresh disk information: sleep interrupted
2019-10-16 17:19:06,550 [ForkJoinPool.commonPool-worker-0] INFO  utils.BackgroundService (BackgroundService.java:shutdown(151)) - Shutting down service BlockDeletingService
2019-10-16 17:19:06,555 [ForkJoinPool.commonPool-worker-0] INFO  statemachine.DatanodeStateMachine (DatanodeStateMachine.java:stopDaemon(395)) - Ozone container server stopped.
2019-10-16 17:19:06,561 [ForkJoinPool.commonPool-worker-0] INFO  handler.ContextHandler (ContextHandler.java:doStop(910)) - Stopped o.e.j.w.WebAppContext@328d044f{/,null,UNAVAILABLE}{/hddsDatanode}
2019-10-16 17:19:06,562 [ForkJoinPool.commonPool-worker-0] INFO  server.AbstractConnector (AbstractConnector.java:doStop(318)) - Stopped ServerConnector@10f7c76{HTTP/1.1,[http/1.1]}{0.0.0.0:0}
2019-10-16 17:19:06,564 [ForkJoinPool.commonPool-worker-0] INFO  handler.ContextHandler (ContextHandler.java:doStop(910)) - Stopped o.e.j.s.ServletContextHandler@2e66bc32{/static,jar:file:/home/user/.m2/repository/org/apache/hadoop/hadoop-hdds-container-service/0.5.0-SNAPSHOT/hadoop-hdds-container-service-0.5.0-SNAPSHOT.jar!/webapps/static,UNAVAILABLE}
2019-10-16 17:19:06,565 [ForkJoinPool.commonPool-worker-0] INFO  handler.ContextHandler (ContextHandler.java:doStop(910)) - Stopped o.e.j.s.ServletContextHandler@5af8bb51{/logs,file:///workdir/hadoop-ozone/integration-test/target/log,UNAVAILABLE}
2019-10-16 17:19:06,567 [main] INFO  utils.BackgroundService (BackgroundService.java:shutdown(151)) - Shutting down service BlockDeletingService
2019-10-16 17:19:06,571 [main] INFO  statemachine.DatanodeStateMachine (DatanodeStateMachine.java:stopDaemon(395)) - Ozone container server stopped.
2019-10-16 17:19:06,573 [main] INFO  handler.ContextHandler (ContextHandler.java:doStop(910)) - Stopped o.e.j.w.WebAppContext@267dc982{/,null,UNAVAILABLE}{/hddsDatanode}
2019-10-16 17:19:06,573 [main] INFO  server.AbstractConnector (AbstractConnector.java:doStop(318)) - Stopped ServerConnector@439b15f2{HTTP/1.1,[http/1.1]}{0.0.0.0:0}
2019-10-16 17:19:06,574 [main] INFO  handler.ContextHandler (ContextHandler.java:doStop(910)) - Stopped o.e.j.s.ServletContextHandler@3a66e67e{/static,jar:file:/home/user/.m2/repository/org/apache/hadoop/hadoop-hdds-container-service/0.5.0-SNAPSHOT/hadoop-hdds-container-service-0.5.0-SNAPSHOT.jar!/webapps/static,UNAVAILABLE}
2019-10-16 17:19:06,574 [main] INFO  handler.ContextHandler (ContextHandler.java:doStop(910)) - Stopped o.e.j.s.ServletContextHandler@1b956cfa{/logs,file:///workdir/hadoop-ozone/integration-test/target/log,UNAVAILABLE}
2019-10-16 17:19:06,802 [Datanode State Machine Thread - 0] INFO  statemachine.DatanodeStateMachine (DatanodeStateMachine.java:lambda$startDaemon$0(350)) - Ozone container server started.
2019-10-16 17:19:06,823 [grpc-default-executor-5] WARN  server.GrpcLogAppender (LogUtils.java:warn(134)) - 88f87a5a-1895-478a-a391-44ff176aee59@group-87054B518F87->e40a46b2-8333-4456-9552-d7e48aaff595-AppendLogResponseHandler: Failed appendEntries: org.apache.ratis.thirdparty.io.grpc.StatusRuntimeException: UNAVAILABLE: io exception
2019-10-16 17:19:06,824 [grpc-default-executor-5] INFO  impl.FollowerInfo (FollowerInfo.java:lambda$new$0(51)) - 88f87a5a-1895-478a-a391-44ff176aee59@group-87054B518F87->e40a46b2-8333-4456-9552-d7e48aaff595: nextIndex: updateUnconditionally 2 -> 1
2019-10-16 17:19:06,825 [grpc-default-executor-4] WARN  server.GrpcLogAppender (LogUtils.java:warn(134)) - edabc722-9974-498c-890b-46d66b917a65@group-C8506EB59547->36127643-2c32-4e4d-8f36-0b4a74ca3071-AppendLogResponseHandler: Failed appendEntries: org.apache.ratis.thirdparty.io.grpc.StatusRuntimeException: UNAVAILABLE: io exception
2019-10-16 17:19:06,826 [grpc-default-executor-4] INFO  impl.FollowerInfo (FollowerInfo.java:lambda$new$0(51)) - edabc722-9974-498c-890b-46d66b917a65@group-C8506EB59547->36127643-2c32-4e4d-8f36-0b4a74ca3071: nextIndex: updateUnconditionally 0 -> 0
2019-10-16 17:19:06,886 [grpc-default-executor-5] WARN  server.GrpcLogAppender (LogUtils.java:warn(134)) - 39efc1e0-b8a0-46ae-8203-75644d0567c7@group-E4D141D357F7->402b0372-4819-4934-806f-9fa0520739e8-AppendLogResponseHandler: Failed appendEntries: org.apache.ratis.thirdparty.io.grpc.StatusRuntimeException: UNAVAILABLE: io exception
2019-10-16 17:19:06,886 [grpc-default-executor-5] INFO  impl.FollowerInfo (FollowerInfo.java:lambda$new$0(51)) - 39efc1e0-b8a0-46ae-8203-75644d0567c7@group-E4D141D357F7->402b0372-4819-4934-806f-9fa0520739e8: nextIndex: updateUnconditionally 0 -> 0
2019-10-16 17:19:06,895 [grpc-default-executor-4] WARN  server.GrpcLogAppender (LogUtils.java:warn(134)) - 39efc1e0-b8a0-46ae-8203-75644d0567c7@group-E4D141D357F7->69c8fc0c-292c-4f2f-ab72-f8d3161c7a9e-AppendLogResponseHandler: Failed appendEntries: org.apache.ratis.thirdparty.io.grpc.StatusRuntimeException: UNAVAILABLE: io exception
2019-10-16 17:19:06,895 [grpc-default-executor-4] INFO  impl.FollowerInfo (FollowerInfo.java:lambda$new$0(51)) - 39efc1e0-b8a0-46ae-8203-75644d0567c7@group-E4D141D357F7->69c8fc0c-292c-4f2f-ab72-f8d3161c7a9e: nextIndex: updateUnconditionally 18 -> 17
2019-10-16 17:19:07,307 [Datanode State Machine Thread - 0] INFO  statemachine.DatanodeStateMachine (DatanodeStateMachine.java:lambda$startDaemon$0(350)) - Ozone container server started.
2019-10-16 17:19:07,336 [grpc-default-executor-8] WARN  server.GrpcLogAppender (LogUtils.java:warn(134)) - 88f87a5a-1895-478a-a391-44ff176aee59@group-87054B518F87->e40a46b2-8333-4456-9552-d7e48aaff595-AppendLogResponseHandler: Failed appendEntries: org.apache.ratis.thirdparty.io.grpc.StatusRuntimeException: UNAVAILABLE: io exception
2019-10-16 17:19:07,337 [grpc-default-executor-8] INFO  impl.FollowerInfo (FollowerInfo.java:lambda$new$0(51)) - 88f87a5a-1895-478a-a391-44ff176aee59@group-87054B518F87->e40a46b2-8333-4456-9552-d7e48aaff595: nextIndex: updateUnconditionally 1 -> 0
2019-10-16 17:19:07,339 [grpc-default-executor-5] WARN  server.GrpcLogAppender (LogUtils.java:warn(134)) - edabc722-9974-498c-890b-46d66b917a65@group-C8506EB59547->36127643-2c32-4e4d-8f36-0b4a74ca3071-AppendLogResponseHandler: Failed appendEntries: org.apache.ratis.thirdparty.io.grpc.StatusRuntimeException: UNAVAILABLE: io exception
2019-10-16 17:19:07,339 [grpc-default-executor-5] INFO  impl.FollowerInfo (FollowerInfo.java:lambda$new$0(51)) - edabc722-9974-498c-890b-46d66b917a65@group-C8506EB59547->36127643-2c32-4e4d-8f36-0b4a74ca3071: nextIndex: updateUnconditionally 0 -> 0
2019-10-16 17:19:07,387 [grpc-default-executor-8] WARN  server.GrpcLogAppender (LogUtils.java:warn(134)) - 39efc1e0-b8a0-46ae-8203-75644d0567c7@group-E4D141D357F7->402b0372-4819-4934-806f-9fa0520739e8-AppendLogResponseHandler: Failed appendEntries: org.apache.ratis.thirdparty.io.grpc.StatusRuntimeException: UNAVAILABLE: io exception
2019-10-16 17:19:07,387 [grpc-default-executor-8] INFO  impl.FollowerInfo (FollowerInfo.java:lambda$new$0(51)) - 39efc1e0-b8a0-46ae-8203-75644d0567c7@group-E4D141D357F7->402b0372-4819-4934-806f-9fa0520739e8: nextIndex: updateUnconditionally 0 -> 0
2019-10-16 17:19:07,396 [grpc-default-executor-4] WARN  server.GrpcLogAppender (LogUtils.java:warn(134)) - 39efc1e0-b8a0-46ae-8203-75644d0567c7@group-E4D141D357F7->69c8fc0c-292c-4f2f-ab72-f8d3161c7a9e-AppendLogResponseHandler: Failed appendEntries: org.apache.ratis.thirdparty.io.grpc.StatusRuntimeException: UNAVAILABLE: io exception
2019-10-16 17:19:07,397 [grpc-default-executor-4] INFO  impl.FollowerInfo (FollowerInfo.java:lambda$new$0(51)) - 39efc1e0-b8a0-46ae-8203-75644d0567c7@group-E4D141D357F7->69c8fc0c-292c-4f2f-ab72-f8d3161c7a9e: nextIndex: updateUnconditionally 17 -> 16
2019-10-16 17:19:07,825 [grpc-default-executor-8] WARN  server.GrpcLogAppender (LogUtils.java:warn(134)) - 88f87a5a-1895-478a-a391-44ff176aee59@group-87054B518F87->e40a46b2-8333-4456-9552-d7e48aaff595-AppendLogResponseHandler: Failed appendEntries: org.apache.ratis.thirdparty.io.grpc.StatusRuntimeException: UNAVAILABLE: io exception
2019-10-16 17:19:07,825 [grpc-default-executor-8] INFO  impl.FollowerInfo (FollowerInfo.java:lambda$new$0(51)) - 88f87a5a-1895-478a-a391-44ff176aee59@group-87054B518F87->e40a46b2-8333-4456-9552-d7e48aaff595: nextIndex: updateUnconditionally 0 -> 0
2019-10-16 17:19:07,840 [grpc-default-executor-5] WARN  server.GrpcLogAppender (LogUtils.java:warn(134)) - edabc722-9974-498c-890b-46d66b917a65@group-C8506EB59547->36127643-2c32-4e4d-8f36-0b4a74ca3071-AppendLogResponseHandler: Failed appendEntries: org.apache.ratis.thirdparty.io.grpc.StatusRuntimeException: UNAVAILABLE: io exception
2019-10-16 17:19:07,840 [grpc-default-executor-5] INFO  impl.FollowerInfo (FollowerInfo.java:lambda$new$0(51)) - edabc722-9974-498c-890b-46d66b917a65@group-C8506EB59547->36127643-2c32-4e4d-8f36-0b4a74ca3071: nextIndex: updateUnconditionally 0 -> 0
2019-10-16 17:19:07,888 [grpc-default-executor-4] WARN  server.GrpcLogAppender (LogUtils.java:warn(134)) - 39efc1e0-b8a0-46ae-8203-75644d0567c7@group-E4D141D357F7->402b0372-4819-4934-806f-9fa0520739e8-AppendLogResponseHandler: Failed appendEntries: org.apache.ratis.thirdparty.io.grpc.StatusRuntimeException: UNAVAILABLE: io exception
2019-10-16 17:19:07,888 [grpc-default-executor-4] INFO  impl.FollowerInfo (FollowerInfo.java:lambda$new$0(51)) - 39efc1e0-b8a0-46ae-8203-75644d0567c7@group-E4D141D357F7->402b0372-4819-4934-806f-9fa0520739e8: nextIndex: updateUnconditionally 0 -> 0
2019-10-16 17:19:07,898 [grpc-default-executor-5] WARN  server.GrpcLogAppender (LogUtils.java:warn(134)) - 39efc1e0-b8a0-46ae-8203-75644d0567c7@group-E4D141D357F7->69c8fc0c-292c-4f2f-ab72-f8d3161c7a9e-AppendLogResponseHandler: Failed appendEntries: org.apache.ratis.thirdparty.io.grpc.StatusRuntimeException: UNAVAILABLE: io exception
2019-10-16 17:19:07,898 [grpc-default-executor-5] INFO  impl.FollowerInfo (FollowerInfo.java:lambda$new$0(51)) - 39efc1e0-b8a0-46ae-8203-75644d0567c7@group-E4D141D357F7->69c8fc0c-292c-4f2f-ab72-f8d3161c7a9e: nextIndex: updateUnconditionally 16 -> 15
2019-10-16 17:19:08,326 [grpc-default-executor-8] WARN  server.GrpcLogAppender (LogUtils.java:warn(134)) - 88f87a5a-1895-478a-a391-44ff176aee59@group-87054B518F87->e40a46b2-8333-4456-9552-d7e48aaff595-AppendLogResponseHandler: Failed appendEntries: org.apache.ratis.thirdparty.io.grpc.StatusRuntimeException: UNAVAILABLE: io exception
2019-10-16 17:19:08,326 [grpc-default-executor-8] INFO  impl.FollowerInfo (FollowerInfo.java:lambda$new$0(51)) - 88f87a5a-1895-478a-a391-44ff176aee59@group-87054B518F87->e40a46b2-8333-4456-9552-d7e48aaff595: nextIndex: updateUnconditionally 0 -> 0
2019-10-16 17:19:08,341 [grpc-default-executor-4] WARN  server.GrpcLogAppender (LogUtils.java:warn(134)) - edabc722-9974-498c-890b-46d66b917a65@group-C8506EB59547->36127643-2c32-4e4d-8f36-0b4a74ca3071-AppendLogResponseHandler: Failed appendEntries: org.apache.ratis.thirdparty.io.grpc.StatusRuntimeException: UNAVAILABLE: io exception
2019-10-16 17:19:08,341 [grpc-default-executor-4] INFO  impl.FollowerInfo (FollowerInfo.java:lambda$new$0(51)) - edabc722-9974-498c-890b-46d66b917a65@group-C8506EB59547->36127643-2c32-4e4d-8f36-0b4a74ca3071: nextIndex: updateUnconditionally 0 -> 0
2019-10-16 17:19:08,389 [grpc-default-executor-5] WARN  server.GrpcLogAppender (LogUtils.java:warn(134)) - 39efc1e0-b8a0-46ae-8203-75644d0567c7@group-E4D141D357F7->402b0372-4819-4934-806f-9fa0520739e8-AppendLogResponseHandler: Failed appendEntries: org.apache.ratis.thirdparty.io.grpc.StatusRuntimeException: UNAVAILABLE: io exception
2019-10-16 17:19:08,390 [grpc-default-executor-5] INFO  impl.FollowerInfo (FollowerInfo.java:lambda$new$0(51)) - 39efc1e0-b8a0-46ae-8203-75644d0567c7@group-E4D141D357F7->402b0372-4819-4934-806f-9fa0520739e8: nextIndex: updateUnconditionally 0 -> 0
2019-10-16 17:19:08,399 [grpc-default-executor-8] WARN  server.GrpcLogAppender (LogUtils.java:warn(134)) - 39efc1e0-b8a0-46ae-8203-75644d0567c7@group-E4D141D357F7->69c8fc0c-292c-4f2f-ab72-f8d3161c7a9e-AppendLogResponseHandler: Failed appendEntries: org.apache.ratis.thirdparty.io.grpc.StatusRuntimeException: UNAVAILABLE: io exception
2019-10-16 17:19:08,399 [grpc-default-executor-8] INFO  impl.FollowerInfo (FollowerInfo.java:lambda$new$0(51)) - 39efc1e0-b8a0-46ae-8203-75644d0567c7@group-E4D141D357F7->69c8fc0c-292c-4f2f-ab72-f8d3161c7a9e: nextIndex: updateUnconditionally 15 -> 14
2019-10-16 17:19:08,827 [grpc-default-executor-4] WARN  server.GrpcLogAppender (LogUtils.java:warn(134)) - 88f87a5a-1895-478a-a391-44ff176aee59@group-87054B518F87->e40a46b2-8333-4456-9552-d7e48aaff595-AppendLogResponseHandler: Failed appendEntries: org.apache.ratis.thirdparty.io.grpc.StatusRuntimeException: UNAVAILABLE: io exception
2019-10-16 17:19:08,828 [grpc-default-executor-4] INFO  impl.FollowerInfo (FollowerInfo.java:lambda$new$0(51)) - 88f87a5a-1895-478a-a391-44ff176aee59@group-87054B518F87->e40a46b2-8333-4456-9552-d7e48aaff595: nextIndex: updateUnconditionally 0 -> 0
2019-10-16 17:19:08,841 [grpc-default-executor-5] WARN  server.GrpcLogAppender (LogUtils.java:warn(134)) - edabc722-9974-498c-890b-46d66b917a65@group-C8506EB59547->36127643-2c32-4e4d-8f36-0b4a74ca3071-AppendLogResponseHandler: Failed appendEntries: org.apache.ratis.thirdparty.io.grpc.StatusRuntimeException: UNAVAILABLE: io exception
2019-10-16 17:19:08,842 [grpc-default-executor-5] INFO  impl.FollowerInfo (FollowerInfo.java:lambda$new$0(51)) - edabc722-9974-498c-890b-46d66b917a65@group-C8506EB59547->36127643-2c32-4e4d-8f36-0b4a74ca3071: nextIndex: updateUnconditionally 0 -> 0
2019-10-16 17:19:08,890 [grpc-default-executor-4] WARN  server.GrpcLogAppender (LogUtils.java:warn(134)) - 39efc1e0-b8a0-46ae-8203-75644d0567c7@group-E4D141D357F7->402b0372-4819-4934-806f-9fa0520739e8-AppendLogResponseHandler: Failed appendEntries: org.apache.ratis.thirdparty.io.grpc.StatusRuntimeException: UNAVAILABLE: io exception
2019-10-16 17:19:08,890 [grpc-default-executor-4] INFO  impl.FollowerInfo (FollowerInfo.java:lambda$new$0(51)) - 39efc1e0-b8a0-46ae-8203-75644d0567c7@group-E4D141D357F7->402b0372-4819-4934-806f-9fa0520739e8: nextIndex: updateUnconditionally 0 -> 0
2019-10-16 17:19:08,899 [grpc-default-executor-5] WARN  server.GrpcLogAppender (LogUtils.java:warn(134)) - 39efc1e0-b8a0-46ae-8203-75644d0567c7@group-E4D141D357F7->69c8fc0c-292c-4f2f-ab72-f8d3161c7a9e-AppendLogResponseHandler: Failed appendEntries: org.apache.ratis.thirdparty.io.grpc.StatusRuntimeException: UNAVAILABLE: io exception
2019-10-16 17:19:08,900 [grpc-default-executor-5] INFO  impl.FollowerInfo (FollowerInfo.java:lambda$new$0(51)) - 39efc1e0-b8a0-46ae-8203-75644d0567c7@group-E4D141D357F7->69c8fc0c-292c-4f2f-ab72-f8d3161c7a9e: nextIndex: updateUnconditionally 14 -> 13
2019-10-16 17:19:09,328 [grpc-default-executor-5] WARN  server.GrpcLogAppender (LogUtils.java:warn(134)) - 88f87a5a-1895-478a-a391-44ff176aee59@group-87054B518F87->e40a46b2-8333-4456-9552-d7e48aaff595-AppendLogResponseHandler: Failed appendEntries: org.apache.ratis.thirdparty.io.grpc.StatusRuntimeException: UNAVAILABLE: io exception
2019-10-16 17:19:09,328 [grpc-default-executor-5] INFO  impl.FollowerInfo (FollowerInfo.java:lambda$new$0(51)) - 88f87a5a-1895-478a-a391-44ff176aee59@group-87054B518F87->e40a46b2-8333-4456-9552-d7e48aaff595: nextIndex: updateUnconditionally 0 -> 0
2019-10-16 17:19:09,343 [grpc-default-executor-8] WARN  server.GrpcLogAppender (LogUtils.java:warn(134)) - edabc722-9974-498c-890b-46d66b917a65@group-C8506EB59547->36127643-2c32-4e4d-8f36-0b4a74ca3071-AppendLogResponseHandler: Failed appendEntries: org.apache.ratis.thirdparty.io.grpc.StatusRuntimeException: UNAVAILABLE: io exception
2019-10-16 17:19:09,344 [grpc-default-executor-8] INFO  impl.FollowerInfo (FollowerInfo.java:lambda$new$0(51)) - edabc722-9974-498c-890b-46d66b917a65@group-C8506EB59547->36127643-2c32-4e4d-8f36-0b4a74ca3071: nextIndex: updateUnconditionally 0 -> 0
2019-10-16 17:19:09,391 [grpc-default-executor-4] WARN  server.GrpcLogAppender (LogUtils.java:warn(134)) - 39efc1e0-b8a0-46ae-8203-75644d0567c7@group-E4D141D357F7->402b0372-4819-4934-806f-9fa0520739e8-AppendLogResponseHandler: Failed appendEntries: org.apache.ratis.thirdparty.io.grpc.StatusRuntimeException: UNAVAILABLE: io exception
2019-10-16 17:19:09,391 [grpc-default-executor-4] INFO  impl.FollowerInfo (FollowerInfo.java:lambda$new$0(51)) - 39efc1e0-b8a0-46ae-8203-75644d0567c7@group-E4D141D357F7->402b0372-4819-4934-806f-9fa0520739e8: nextIndex: updateUnconditionally 0 -> 0
2019-10-16 17:19:09,402 [grpc-default-executor-4] WARN  server.GrpcLogAppender (LogUtils.java:warn(134)) - 39efc1e0-b8a0-46ae-8203-75644d0567c7@group-E4D141D357F7->69c8fc0c-292c-4f2f-ab72-f8d3161c7a9e-AppendLogResponseHandler: Failed appendEntries: org.apache.ratis.thirdparty.io.grpc.StatusRuntimeException: UNAVAILABLE: io exception
2019-10-16 17:19:09,403 [grpc-default-executor-4] INFO  impl.FollowerInfo (FollowerInfo.java:lambda$new$0(51)) - 39efc1e0-b8a0-46ae-8203-75644d0567c7@group-E4D141D357F7->69c8fc0c-292c-4f2f-ab72-f8d3161c7a9e: nextIndex: updateUnconditionally 13 -> 12
2019-10-16 17:19:09,830 [grpc-default-executor-4] WARN  server.GrpcLogAppender (LogUtils.java:warn(134)) - 88f87a5a-1895-478a-a391-44ff176aee59@group-87054B518F87->e40a46b2-8333-4456-9552-d7e48aaff595-AppendLogResponseHandler: Failed appendEntries: org.apache.ratis.thirdparty.io.grpc.StatusRuntimeException: UNAVAILABLE: io exception
2019-10-16 17:19:09,830 [grpc-default-executor-4] INFO  impl.FollowerInfo (FollowerInfo.java:lambda$new$0(51)) - 88f87a5a-1895-478a-a391-44ff176aee59@group-87054B518F87->e40a46b2-8333-4456-9552-d7e48aaff595: nextIndex: updateUnconditionally 0 -> 0
2019-10-16 17:19:09,844 [grpc-default-executor-5] WARN  server.GrpcLogAppender (LogUtils.java:warn(134)) - edabc722-9974-498c-890b-46d66b917a65@group-C8506EB59547->36127643-2c32-4e4d-8f36-0b4a74ca3071-AppendLogResponseHandler: Failed appendEntries: org.apache.ratis.thirdparty.io.grpc.StatusRuntimeException: UNAVAILABLE: io exception
2019-10-16 17:19:09,844 [grpc-default-executor-5] INFO  impl.FollowerInfo (FollowerInfo.java:lambda$new$0(51)) - edabc722-9974-498c-890b-46d66b917a65@group-C8506EB59547->36127643-2c32-4e4d-8f36-0b4a74ca3071: nextIndex: updateUnconditionally 0 -> 0
2019-10-16 17:19:09,891 [grpc-default-executor-5] WARN  server.GrpcLogAppender (LogUtils.java:warn(134)) - 39efc1e0-b8a0-46ae-8203-75644d0567c7@group-E4D141D357F7->402b0372-4819-4934-806f-9fa0520739e8-AppendLogResponseHandler: Failed appendEntries: org.apache.ratis.thirdparty.io.grpc.StatusRuntimeException: UNAVAILABLE: io exception
2019-10-16 17:19:09,892 [grpc-default-executor-5] INFO  impl.FollowerInfo (FollowerInfo.java:lambda$new$0(51)) - 39efc1e0-b8a0-46ae-8203-75644d0567c7@group-E4D141D357F7->402b0372-4819-4934-806f-9fa0520739e8: nextIndex: updateUnconditionally 0 -> 0
2019-10-16 17:19:09,903 [grpc-default-executor-8] WARN  server.GrpcLogAppender (LogUtils.java:warn(134)) - 39efc1e0-b8a0-46ae-8203-75644d0567c7@group-E4D141D357F7->69c8fc0c-292c-4f2f-ab72-f8d3161c7a9e-AppendLogResponseHandler: Failed appendEntries: org.apache.ratis.thirdparty.io.grpc.StatusRuntimeException: UNAVAILABLE: io exception
2019-10-16 17:19:09,904 [grpc-default-executor-8] INFO  impl.FollowerInfo (FollowerInfo.java:lambda$new$0(51)) - 39efc1e0-b8a0-46ae-8203-75644d0567c7@group-E4D141D357F7->69c8fc0c-292c-4f2f-ab72-f8d3161c7a9e: nextIndex: updateUnconditionally 12 -> 11
2019-10-16 17:19:10,334 [grpc-default-executor-4] WARN  server.GrpcLogAppender (LogUtils.java:warn(134)) - 88f87a5a-1895-478a-a391-44ff176aee59@group-87054B518F87->e40a46b2-8333-4456-9552-d7e48aaff595-AppendLogResponseHandler: Failed appendEntries: org.apache.ratis.thirdparty.io.grpc.StatusRuntimeException: UNAVAILABLE: io exception
2019-10-16 17:19:10,337 [grpc-default-executor-4] INFO  impl.FollowerInfo (FollowerInfo.java:lambda$new$0(51)) - 88f87a5a-1895-478a-a391-44ff176aee59@group-87054B518F87->e40a46b2-8333-4456-9552-d7e48aaff595: nextIndex: updateUnconditionally 0 -> 0
2019-10-16 17:19:10,345 [grpc-default-executor-5] WARN  server.GrpcLogAppender (LogUtils.java:warn(134)) - edabc722-9974-498c-890b-46d66b917a65@group-C8506EB59547->36127643-2c32-4e4d-8f36-0b4a74ca3071-AppendLogResponseHandler: Failed appendEntries: org.apache.ratis.thirdparty.io.grpc.StatusRuntimeException: UNAVAILABLE: io exception
2019-10-16 17:19:10,345 [grpc-default-executor-5] INFO  impl.FollowerInfo (FollowerInfo.java:lambda$new$0(51)) - edabc722-9974-498c-890b-46d66b917a65@group-C8506EB59547->36127643-2c32-4e4d-8f36-0b4a74ca3071: nextIndex: updateUnconditionally 0 -> 0
2019-10-16 17:19:10,393 [grpc-default-executor-5] WARN  server.GrpcLogAppender (LogUtils.java:warn(134)) - 39efc1e0-b8a0-46ae-8203-75644d0567c7@group-E4D141D357F7->402b0372-4819-4934-806f-9fa0520739e8-AppendLogResponseHandler: Failed appendEntries: org.apache.ratis.thirdparty.io.grpc.StatusRuntimeException: UNAVAILABLE: io exception
2019-10-16 17:19:10,393 [grpc-default-executor-5] INFO  impl.FollowerInfo (FollowerInfo.java:lambda$new$0(51)) - 39efc1e0-b8a0-46ae-8203-75644d0567c7@group-E4D141D357F7->402b0372-4819-4934-806f-9fa0520739e8: nextIndex: updateUnconditionally 0 -> 0
2019-10-16 17:19:10,404 [grpc-default-executor-8] WARN  server.GrpcLogAppender (LogUtils.java:warn(134)) - 39efc1e0-b8a0-46ae-8203-75644d0567c7@group-E4D141D357F7->69c8fc0c-292c-4f2f-ab72-f8d3161c7a9e-AppendLogResponseHandler: Failed appendEntries: org.apache.ratis.thirdparty.io.grpc.StatusRuntimeException: UNAVAILABLE: io exception
2019-10-16 17:19:10,405 [grpc-default-executor-8] INFO  impl.FollowerInfo (FollowerInfo.java:lambda$new$0(51)) - 39efc1e0-b8a0-46ae-8203-75644d0567c7@group-E4D141D357F7->69c8fc0c-292c-4f2f-ab72-f8d3161c7a9e: nextIndex: updateUnconditionally 11 -> 10
2019-10-16 17:19:10,834 [grpc-default-executor-4] WARN  server.GrpcLogAppender (LogUtils.java:warn(134)) - 88f87a5a-1895-478a-a391-44ff176aee59@group-87054B518F87->e40a46b2-8333-4456-9552-d7e48aaff595-AppendLogResponseHandler: Failed appendEntries: org.apache.ratis.thirdparty.io.grpc.StatusRuntimeException: UNAVAILABLE: io exception
2019-10-16 17:19:10,835 [grpc-default-executor-4] INFO  impl.FollowerInfo (FollowerInfo.java:lambda$new$0(51)) - 88f87a5a-1895-478a-a391-44ff176aee59@group-87054B518F87->e40a46b2-8333-4456-9552-d7e48aaff595: nextIndex: updateUnconditionally 0 -> 0
2019-10-16 17:19:10,846 [grpc-default-executor-5] WARN  server.GrpcLogAppender (LogUtils.java:warn(134)) - edabc722-9974-498c-890b-46d66b917a65@group-C8506EB59547->36127643-2c32-4e4d-8f36-0b4a74ca3071-AppendLogResponseHandler: Failed appendEntries: org.apache.ratis.thirdparty.io.grpc.StatusRuntimeException: UNAVAILABLE: io exception
2019-10-16 17:19:10,846 [grpc-default-executor-5] INFO  impl.FollowerInfo (FollowerInfo.java:lambda$new$0(51)) - edabc722-9974-498c-890b-46d66b917a65@group-C8506EB59547->36127643-2c32-4e4d-8f36-0b4a74ca3071: nextIndex: updateUnconditionally 0 -> 0
2019-10-16 17:19:10,894 [grpc-default-executor-8] WARN  server.GrpcLogAppender (LogUtils.java:warn(134)) - 39efc1e0-b8a0-46ae-8203-75644d0567c7@group-E4D141D357F7->402b0372-4819-4934-806f-9fa0520739e8-AppendLogResponseHandler: Failed appendEntries: org.apache.ratis.thirdparty.io.grpc.StatusRuntimeException: UNAVAILABLE: io exception
2019-10-16 17:19:10,894 [grpc-default-executor-8] INFO  impl.FollowerInfo (FollowerInfo.java:lambda$new$0(51)) - 39efc1e0-b8a0-46ae-8203-75644d0567c7@group-E4D141D357F7->402b0372-4819-4934-806f-9fa0520739e8: nextIndex: updateUnconditionally 0 -> 0
2019-10-16 17:19:10,905 [grpc-default-executor-5] WARN  server.GrpcLogAppender (LogUtils.java:warn(134)) - 39efc1e0-b8a0-46ae-8203-75644d0567c7@group-E4D141D357F7->69c8fc0c-292c-4f2f-ab72-f8d3161c7a9e-AppendLogResponseHandler: Failed appendEntries: org.apache.ratis.thirdparty.io.grpc.StatusRuntimeException: UNAVAILABLE: io exception
2019-10-16 17:19:10,906 [grpc-default-executor-5] INFO  impl.FollowerInfo (FollowerInfo.java:lambda$new$0(51)) - 39efc1e0-b8a0-46ae-8203-75644d0567c7@group-E4D141D357F7->69c8fc0c-292c-4f2f-ab72-f8d3161c7a9e: nextIndex: updateUnconditionally 10 -> 9
2019-10-16 17:19:11,337 [grpc-default-executor-5] WARN  server.GrpcLogAppender (LogUtils.java:warn(134)) - 88f87a5a-1895-478a-a391-44ff176aee59@group-87054B518F87->e40a46b2-8333-4456-9552-d7e48aaff595-AppendLogResponseHandler: Failed appendEntries: org.apache.ratis.thirdparty.io.grpc.StatusRuntimeException: UNAVAILABLE: io exception
2019-10-16 17:19:11,338 [grpc-default-executor-5] INFO  impl.FollowerInfo (FollowerInfo.java:lambda$new$0(51)) - 88f87a5a-1895-478a-a391-44ff176aee59@group-87054B518F87->e40a46b2-8333-4456-9552-d7e48aaff595: nextIndex: updateUnconditionally 0 -> 0
2019-10-16 17:19:11,346 [grpc-default-executor-4] WARN  server.GrpcLogAppender (LogUtils.java:warn(134)) - edabc722-9974-498c-890b-46d66b917a65@group-C8506EB59547->36127643-2c32-4e4d-8f36-0b4a74ca3071-AppendLogResponseHandler: Failed appendEntries: org.apache.ratis.thirdparty.io.grpc.StatusRuntimeException: UNAVAILABLE: io exception
2019-10-16 17:19:11,347 [grpc-default-executor-4] INFO  impl.FollowerInfo (FollowerInfo.java:lambda$new$0(51)) - edabc722-9974-498c-890b-46d66b917a65@group-C8506EB59547->36127643-2c32-4e4d-8f36-0b4a74ca3071: nextIndex: updateUnconditionally 0 -> 0
2019-10-16 17:19:11,395 [grpc-default-executor-8] WARN  server.GrpcLogAppender (LogUtils.java:warn(134)) - 39efc1e0-b8a0-46ae-8203-75644d0567c7@group-E4D141D357F7->402b0372-4819-4934-806f-9fa0520739e8-AppendLogResponseHandler: Failed appendEntries: org.apache.ratis.thirdparty.io.grpc.StatusRuntimeException: UNAVAILABLE: io exception
2019-10-16 17:19:11,395 [grpc-default-executor-8] INFO  impl.FollowerInfo (FollowerInfo.java:lambda$new$0(51)) - 39efc1e0-b8a0-46ae-8203-75644d0567c7@group-E4D141D357F7->402b0372-4819-4934-806f-9fa0520739e8: nextIndex: updateUnconditionally 0 -> 0
2019-10-16 17:19:11,406 [grpc-default-executor-4] WARN  server.GrpcLogAppender (LogUtils.java:warn(134)) - 39efc1e0-b8a0-46ae-8203-75644d0567c7@group-E4D141D357F7->69c8fc0c-292c-4f2f-ab72-f8d3161c7a9e-AppendLogResponseHandler: Failed appendEntries: org.apache.ratis.thirdparty.io.grpc.StatusRuntimeException: UNAVAILABLE: io exception
2019-10-16 17:19:11,406 [grpc-default-executor-4] INFO  impl.FollowerInfo (FollowerInfo.java:lambda$new$0(51)) - 39efc1e0-b8a0-46ae-8203-75644d0567c7@group-E4D141D357F7->69c8fc0c-292c-4f2f-ab72-f8d3161c7a9e: nextIndex: updateUnconditionally 9 -> 8
2019-10-16 17:19:11,567 [ForkJoinPool.commonPool-worker-0] INFO  ozoneimpl.OzoneContainer (OzoneContainer.java:stop(227)) - Attempting to stop container services.
2019-10-16 17:19:11,568 [ForkJoinPool.commonPool-worker-0] INFO  impl.RaftServerProxy (RaftServerProxy.java:lambda$close$4(314)) - 88f87a5a-1895-478a-a391-44ff176aee59: close
2019-10-16 17:19:11,568 [ForkJoinPool.commonPool-worker-0] INFO  impl.RaftServerImpl (RaftServerImpl.java:lambda$shutdown$3(247)) - 88f87a5a-1895-478a-a391-44ff176aee59@group-87054B518F87: shutdown
2019-10-16 17:19:11,569 [ForkJoinPool.commonPool-worker-0] INFO  util.JmxRegister (JmxRegister.java:unregister(73)) - Successfully un-registered JMX Bean with object name Ratis:service=RaftServer,group=group-87054B518F87,id=88f87a5a-1895-478a-a391-44ff176aee59
2019-10-16 17:19:11,569 [ForkJoinPool.commonPool-worker-0] INFO  impl.RoleInfo (RoleInfo.java:shutdownLeaderState(104)) - 88f87a5a-1895-478a-a391-44ff176aee59: shutdown LeaderState
2019-10-16 17:19:11,572 [org.apache.ratis.server.impl.LogAppender$AppenderDaemon$$Lambda$538/1404878384@7517b482] WARN  server.GrpcLogAppender (GrpcLogAppender.java:mayWait(143)) - 88f87a5a-1895-478a-a391-44ff176aee59@group-87054B518F87->ce7940c3-cf81-4e60-9959-5d5957212d6b-GrpcLogAppender: Wait interrupted by java.lang.InterruptedException
2019-10-16 17:19:11,572 [org.apache.ratis.server.impl.LogAppender$AppenderDaemon$$Lambda$538/1404878384@6eadbeae] WARN  server.GrpcLogAppender (GrpcLogAppender.java:mayWait(143)) - 88f87a5a-1895-478a-a391-44ff176aee59@group-87054B518F87->e40a46b2-8333-4456-9552-d7e48aaff595-GrpcLogAppender: Wait interrupted by java.lang.InterruptedException
2019-10-16 17:19:11,572 [ForkJoinPool.commonPool-worker-0] INFO  impl.PendingRequests (PendingRequests.java:sendNotLeaderResponses(202)) - 88f87a5a-1895-478a-a391-44ff176aee59@group-87054B518F87-PendingRequests: sendNotLeaderResponses
2019-10-16 17:19:11,577 [ForkJoinPool.commonPool-worker-0] INFO  impl.StateMachineUpdater (StateMachineUpdater.java:stopAndJoin(136)) - 88f87a5a-1895-478a-a391-44ff176aee59@group-87054B518F87-StateMachineUpdater: set stopIndex = 2
2019-10-16 17:19:11,577 [88f87a5a-1895-478a-a391-44ff176aee59@group-87054B518F87-StateMachineUpdater] INFO  ratis.ContainerStateMachine (ContainerStateMachine.java:takeSnapshot(294)) - group-87054B518F87: Taking a snapshot at:(t:3, i:2) file /workdir/hadoop-ozone/integration-test/target/test-dir/MiniOzoneClusterImpl-1b119847-9446-4130-a6ab-c741bf0ba7df/datanode-4/data/ratis/98b26a71-8402-4b59-aeeb-87054b518f87/sm/snapshot.3_2
2019-10-16 17:19:11,578 [grpc-default-executor-4] INFO  server.GrpcServerProtocolService (GrpcServerProtocolService.java:onCompleted(113)) - ce7940c3-cf81-4e60-9959-5d5957212d6b: Completed APPEND_ENTRIES, lastRequest: 88f87a5a-1895-478a-a391-44ff176aee59->ce7940c3-cf81-4e60-9959-5d5957212d6b#85-t3, previous=(t:3, i:2), leaderCommit=2, initializing? false, entries: <empty>
2019-10-16 17:19:11,578 [main] INFO  ozoneimpl.OzoneContainer (OzoneContainer.java:stop(227)) - Attempting to stop container services.
2019-10-16 17:19:11,582 [main] INFO  impl.RaftServerProxy (RaftServerProxy.java:lambda$close$4(314)) - 39efc1e0-b8a0-46ae-8203-75644d0567c7: close
2019-10-16 17:19:11,583 [main] INFO  impl.RaftServerImpl (RaftServerImpl.java:lambda$shutdown$3(247)) - 39efc1e0-b8a0-46ae-8203-75644d0567c7@group-E4D141D357F7: shutdown
2019-10-16 17:19:11,583 [main] INFO  util.JmxRegister (JmxRegister.java:unregister(73)) - Successfully un-registered JMX Bean with object name Ratis:service=RaftServer,group=group-E4D141D357F7,id=39efc1e0-b8a0-46ae-8203-75644d0567c7
2019-10-16 17:19:11,583 [grpc-default-executor-4] INFO  server.GrpcLogAppender (GrpcLogAppender.java:onCompleted(293)) - 88f87a5a-1895-478a-a391-44ff176aee59@group-87054B518F87->ce7940c3-cf81-4e60-9959-5d5957212d6b-AppendLogResponseHandler: follower responses appendEntries COMPLETED
2019-10-16 17:19:11,583 [main] INFO  impl.RoleInfo (RoleInfo.java:shutdownLeaderState(104)) - 39efc1e0-b8a0-46ae-8203-75644d0567c7: shutdown LeaderState
2019-10-16 17:19:11,588 [org.apache.ratis.server.impl.LogAppender$AppenderDaemon$$Lambda$538/1404878384@1fac2296] WARN  server.GrpcLogAppender (GrpcLogAppender.java:mayWait(143)) - 39efc1e0-b8a0-46ae-8203-75644d0567c7@group-E4D141D357F7->402b0372-4819-4934-806f-9fa0520739e8-GrpcLogAppender: Wait interrupted by java.lang.InterruptedException
2019-10-16 17:19:11,588 [org.apache.ratis.server.impl.LogAppender$AppenderDaemon$$Lambda$538/1404878384@612ec588] WARN  server.GrpcLogAppender (GrpcLogAppender.java:mayWait(143)) - 39efc1e0-b8a0-46ae-8203-75644d0567c7@group-E4D141D357F7->69c8fc0c-292c-4f2f-ab72-f8d3161c7a9e-GrpcLogAppender: Wait interrupted by java.lang.InterruptedException
2019-10-16 17:19:11,588 [main] INFO  impl.PendingRequests (PendingRequests.java:sendNotLeaderResponses(202)) - 39efc1e0-b8a0-46ae-8203-75644d0567c7@group-E4D141D357F7-PendingRequests: sendNotLeaderResponses
2019-10-16 17:19:11,588 [grpc-default-executor-4] INFO  impl.FollowerInfo (FollowerInfo.java:lambda$new$0(51)) - 88f87a5a-1895-478a-a391-44ff176aee59@group-87054B518F87->ce7940c3-cf81-4e60-9959-5d5957212d6b: nextIndex: updateUnconditionally 3 -> 2
2019-10-16 17:19:11,588 [main] INFO  impl.StateMachineUpdater (StateMachineUpdater.java:stopAndJoin(136)) - 39efc1e0-b8a0-46ae-8203-75644d0567c7@group-E4D141D357F7-StateMachineUpdater: set stopIndex = 18
2019-10-16 17:19:11,589 [39efc1e0-b8a0-46ae-8203-75644d0567c7@group-E4D141D357F7-StateMachineUpdater] INFO  ratis.ContainerStateMachine (ContainerStateMachine.java:takeSnapshot(294)) - group-E4D141D357F7: Taking a snapshot at:(t:2, i:12) file /workdir/hadoop-ozone/integration-test/target/test-dir/MiniOzoneClusterImpl-1b119847-9446-4130-a6ab-c741bf0ba7df/datanode-8/data/ratis/0569b7da-d16a-454e-8373-e4d141d357f7/sm/snapshot.2_12
2019-10-16 17:19:11,848 [grpc-default-executor-5] WARN  server.GrpcLogAppender (LogUtils.java:warn(134)) - edabc722-9974-498c-890b-46d66b917a65@group-C8506EB59547->36127643-2c32-4e4d-8f36-0b4a74ca3071-AppendLogResponseHandler: Failed appendEntries: org.apache.ratis.thirdparty.io.grpc.StatusRuntimeException: UNAVAILABLE: io exception
2019-10-16 17:19:11,848 [grpc-default-executor-5] INFO  impl.FollowerInfo (FollowerInfo.java:lambda$new$0(51)) - edabc722-9974-498c-890b-46d66b917a65@group-C8506EB59547->36127643-2c32-4e4d-8f36-0b4a74ca3071: nextIndex: updateUnconditionally 0 -> 0
2019-10-16 17:19:12,349 [grpc-default-executor-8] WARN  server.GrpcLogAppender (LogUtils.java:warn(134)) - edabc722-9974-498c-890b-46d66b917a65@group-C8506EB59547->36127643-2c32-4e4d-8f36-0b4a74ca3071-AppendLogResponseHandler: Failed appendEntries: org.apache.ratis.thirdparty.io.grpc.StatusRuntimeException: UNAVAILABLE: io exception
2019-10-16 17:19:12,350 [grpc-default-executor-8] INFO  impl.FollowerInfo (FollowerInfo.java:lambda$new$0(51)) - edabc722-9974-498c-890b-46d66b917a65@group-C8506EB59547->36127643-2c32-4e4d-8f36-0b4a74ca3071: nextIndex: updateUnconditionally 0 -> 0
2019-10-16 17:19:12,850 [grpc-default-executor-8] WARN  server.GrpcLogAppender (LogUtils.java:warn(134)) - edabc722-9974-498c-890b-46d66b917a65@group-C8506EB59547->36127643-2c32-4e4d-8f36-0b4a74ca3071-AppendLogResponseHandler: Failed appendEntries: org.apache.ratis.thirdparty.io.grpc.StatusRuntimeException: UNAVAILABLE: io exception
2019-10-16 17:19:12,850 [grpc-default-executor-8] INFO  impl.FollowerInfo (FollowerInfo.java:lambda$new$0(51)) - edabc722-9974-498c-890b-46d66b917a65@group-C8506EB59547->36127643-2c32-4e4d-8f36-0b4a74ca3071: nextIndex: updateUnconditionally 0 -> 0
2019-10-16 17:19:12,907 [Thread-458] INFO  impl.FollowerState (FollowerState.java:run(108)) - ce7940c3-cf81-4e60-9959-5d5957212d6b@group-87054B518F87-FollowerState: change to CANDIDATE, lastRpcTime:1538ms, electionTimeout:1184ms
2019-10-16 17:19:12,907 [Thread-458] INFO  impl.RoleInfo (RoleInfo.java:shutdownFollowerState(121)) - ce7940c3-cf81-4e60-9959-5d5957212d6b: shutdown FollowerState
2019-10-16 17:19:12,908 [Thread-458] INFO  impl.RaftServerImpl (RaftServerImpl.java:setRole(170)) - ce7940c3-cf81-4e60-9959-5d5957212d6b@group-87054B518F87: changes role from  FOLLOWER to CANDIDATE at term 3 for changeToCandidate
2019-10-16 17:19:12,908 [Thread-458] INFO  impl.RoleInfo (RoleInfo.java:updateAndGet(143)) - ce7940c3-cf81-4e60-9959-5d5957212d6b: start LeaderElection
2019-10-16 17:19:12,911 [ce7940c3-cf81-4e60-9959-5d5957212d6b@group-87054B518F87-LeaderElection29] INFO  impl.RaftServerImpl (ServerState.java:setLeader(255)) - ce7940c3-cf81-4e60-9959-5d5957212d6b@group-87054B518F87: change Leader from 88f87a5a-1895-478a-a391-44ff176aee59 to null at term 3 for initElection
2019-10-16 17:19:13,351 [grpc-default-executor-8] WARN  server.GrpcLogAppender (LogUtils.java:warn(134)) - edabc722-9974-498c-890b-46d66b917a65@group-C8506EB59547->36127643-2c32-4e4d-8f36-0b4a74ca3071-AppendLogResponseHandler: Failed appendEntries: org.apache.ratis.thirdparty.io.grpc.StatusRuntimeException: UNAVAILABLE: io exception
2019-10-16 17:19:13,351 [grpc-default-executor-8] INFO  impl.FollowerInfo (FollowerInfo.java:lambda$new$0(51)) - edabc722-9974-498c-890b-46d66b917a65@group-C8506EB59547->36127643-2c32-4e4d-8f36-0b4a74ca3071: nextIndex: updateUnconditionally 0 -> 0
2019-10-16 17:19:13,854 [grpc-default-executor-4] WARN  server.GrpcLogAppender (LogUtils.java:warn(134)) - edabc722-9974-498c-890b-46d66b917a65@group-C8506EB59547->36127643-2c32-4e4d-8f36-0b4a74ca3071-AppendLogResponseHandler: Failed appendEntries: org.apache.ratis.thirdparty.io.grpc.StatusRuntimeException: UNAVAILABLE: io exception
2019-10-16 17:19:13,856 [grpc-default-executor-4] INFO  impl.FollowerInfo (FollowerInfo.java:lambda$new$0(51)) - edabc722-9974-498c-890b-46d66b917a65@group-C8506EB59547->36127643-2c32-4e4d-8f36-0b4a74ca3071: nextIndex: updateUnconditionally 0 -> 0
2019-10-16 17:19:14,360 [grpc-default-executor-5] WARN  server.GrpcLogAppender (LogUtils.java:warn(134)) - edabc722-9974-498c-890b-46d66b917a65@group-C8506EB59547->36127643-2c32-4e4d-8f36-0b4a74ca3071-AppendLogResponseHandler: Failed appendEntries: org.apache.ratis.thirdparty.io.grpc.StatusRuntimeException: UNAVAILABLE: io exception
2019-10-16 17:19:14,361 [grpc-default-executor-5] INFO  impl.FollowerInfo (FollowerInfo.java:lambda$new$0(51)) - edabc722-9974-498c-890b-46d66b917a65@group-C8506EB59547->36127643-2c32-4e4d-8f36-0b4a74ca3071: nextIndex: updateUnconditionally 0 -> 0
2019-10-16 17:19:14,857 [grpc-default-executor-5] WARN  server.GrpcLogAppender (LogUtils.java:warn(134)) - edabc722-9974-498c-890b-46d66b917a65@group-C8506EB59547->36127643-2c32-4e4d-8f36-0b4a74ca3071-AppendLogResponseHandler: Failed appendEntries: org.apache.ratis.thirdparty.io.grpc.StatusRuntimeException: UNAVAILABLE: io exception
2019-10-16 17:19:14,857 [grpc-default-executor-5] INFO  impl.FollowerInfo (FollowerInfo.java:lambda$new$0(51)) - edabc722-9974-498c-890b-46d66b917a65@group-C8506EB59547->36127643-2c32-4e4d-8f36-0b4a74ca3071: nextIndex: updateUnconditionally 0 -> 0
2019-10-16 17:19:15,358 [grpc-default-executor-5] WARN  server.GrpcLogAppender (LogUtils.java:warn(134)) - edabc722-9974-498c-890b-46d66b917a65@group-C8506EB59547->36127643-2c32-4e4d-8f36-0b4a74ca3071-AppendLogResponseHandler: Failed appendEntries: org.apache.ratis.thirdparty.io.grpc.StatusRuntimeException: UNAVAILABLE: io exception
2019-10-16 17:19:15,358 [grpc-default-executor-5] INFO  impl.FollowerInfo (FollowerInfo.java:lambda$new$0(51)) - edabc722-9974-498c-890b-46d66b917a65@group-C8506EB59547->36127643-2c32-4e4d-8f36-0b4a74ca3071: nextIndex: updateUnconditionally 0 -> 0
2019-10-16 17:19:15,859 [grpc-default-executor-5] WARN  server.GrpcLogAppender (LogUtils.java:warn(134)) - edabc722-9974-498c-890b-46d66b917a65@group-C8506EB59547->36127643-2c32-4e4d-8f36-0b4a74ca3071-AppendLogResponseHandler: Failed appendEntries: org.apache.ratis.thirdparty.io.grpc.StatusRuntimeException: UNAVAILABLE: io exception
2019-10-16 17:19:15,859 [grpc-default-executor-5] INFO  impl.FollowerInfo (FollowerInfo.java:lambda$new$0(51)) - edabc722-9974-498c-890b-46d66b917a65@group-C8506EB59547->36127643-2c32-4e4d-8f36-0b4a74ca3071: nextIndex: updateUnconditionally 0 -> 0
2019-10-16 17:19:16,360 [grpc-default-executor-5] WARN  server.GrpcLogAppender (LogUtils.java:warn(134)) - edabc722-9974-498c-890b-46d66b917a65@group-C8506EB59547->36127643-2c32-4e4d-8f36-0b4a74ca3071-AppendLogResponseHandler: Failed appendEntries: org.apache.ratis.thirdparty.io.grpc.StatusRuntimeException: UNAVAILABLE: io exception
2019-10-16 17:19:16,360 [grpc-default-executor-5] INFO  impl.FollowerInfo (FollowerInfo.java:lambda$new$0(51)) - edabc722-9974-498c-890b-46d66b917a65@group-C8506EB59547->36127643-2c32-4e4d-8f36-0b4a74ca3071: nextIndex: updateUnconditionally 0 -> 0
2019-10-16 17:19:16,628 [39efc1e0-b8a0-46ae-8203-75644d0567c7@group-E4D141D357F7-StateMachineUpdater] INFO  ratis.ContainerStateMachine (ContainerStateMachine.java:takeSnapshot(305)) - group-E4D141D357F7: Finished taking a snapshot at:(t:2, i:12) file:/workdir/hadoop-ozone/integration-test/target/test-dir/MiniOzoneClusterImpl-1b119847-9446-4130-a6ab-c741bf0ba7df/datanode-8/data/ratis/0569b7da-d16a-454e-8373-e4d141d357f7/sm/snapshot.2_12 time:5039
2019-10-16 17:19:16,628 [88f87a5a-1895-478a-a391-44ff176aee59@group-87054B518F87-StateMachineUpdater] INFO  ratis.ContainerStateMachine (ContainerStateMachine.java:takeSnapshot(305)) - group-87054B518F87: Finished taking a snapshot at:(t:3, i:2) file:/workdir/hadoop-ozone/integration-test/target/test-dir/MiniOzoneClusterImpl-1b119847-9446-4130-a6ab-c741bf0ba7df/datanode-4/data/ratis/98b26a71-8402-4b59-aeeb-87054b518f87/sm/snapshot.3_2 time:5051
2019-10-16 17:19:16,628 [ce7940c3-cf81-4e60-9959-5d5957212d6b@group-87054B518F87-LeaderElection29] INFO  impl.LeaderElection (LeaderElection.java:askForVotes(178)) - ce7940c3-cf81-4e60-9959-5d5957212d6b@group-87054B518F87-LeaderElection29: begin an election at term 4 for 0: [e40a46b2-8333-4456-9552-d7e48aaff595:192.168.69.90:41501, 88f87a5a-1895-478a-a391-44ff176aee59:192.168.69.90:34309, ce7940c3-cf81-4e60-9959-5d5957212d6b:192.168.69.90:38676], old=null
2019-10-16 17:19:16,628 [39efc1e0-b8a0-46ae-8203-75644d0567c7@group-E4D141D357F7-StateMachineUpdater] INFO  impl.StateMachineUpdater (StateMachineUpdater.java:takeSnapshot(269)) - 39efc1e0-b8a0-46ae-8203-75644d0567c7@group-E4D141D357F7-StateMachineUpdater: Took a snapshot at index 12
2019-10-16 17:19:16,628 [88f87a5a-1895-478a-a391-44ff176aee59@group-87054B518F87-StateMachineUpdater] INFO  impl.StateMachineUpdater (StateMachineUpdater.java:takeSnapshot(269)) - 88f87a5a-1895-478a-a391-44ff176aee59@group-87054B518F87-StateMachineUpdater: Took a snapshot at index 2
2019-10-16 17:19:16,629 [39efc1e0-b8a0-46ae-8203-75644d0567c7@group-E4D141D357F7-StateMachineUpdater] INFO  impl.StateMachineUpdater (StateMachineUpdater.java:lambda$new$0(84)) - 39efc1e0-b8a0-46ae-8203-75644d0567c7@group-E4D141D357F7-StateMachineUpdater: snapshotIndex: updateIncreasingly -1 -> 12
2019-10-16 17:19:16,629 [88f87a5a-1895-478a-a391-44ff176aee59@group-87054B518F87-StateMachineUpdater] INFO  impl.StateMachineUpdater (StateMachineUpdater.java:lambda$new$0(84)) - 88f87a5a-1895-478a-a391-44ff176aee59@group-87054B518F87-StateMachineUpdater: snapshotIndex: updateIncreasingly -1 -> 2
2019-10-16 17:19:16,629 [39efc1e0-b8a0-46ae-8203-75644d0567c7@group-E4D141D357F7-StateMachineUpdater] INFO  ratis.ContainerStateMachine (ContainerStateMachine.java:takeSnapshot(294)) - group-E4D141D357F7: Taking a snapshot at:(t:2, i:12) file /workdir/hadoop-ozone/integration-test/target/test-dir/MiniOzoneClusterImpl-1b119847-9446-4130-a6ab-c741bf0ba7df/datanode-8/data/ratis/0569b7da-d16a-454e-8373-e4d141d357f7/sm/snapshot.2_12
2019-10-16 17:19:16,630 [ForkJoinPool.commonPool-worker-0] INFO  impl.RaftServerImpl (ServerState.java:close(387)) - 88f87a5a-1895-478a-a391-44ff176aee59@group-87054B518F87: closes. applyIndex: 2
2019-10-16 17:19:16,631 [88f87a5a-1895-478a-a391-44ff176aee59@group-87054B518F87-SegmentedRaftLogWorker] INFO  segmented.SegmentedRaftLogWorker (SegmentedRaftLogWorker.java:run(316)) - 88f87a5a-1895-478a-a391-44ff176aee59@group-87054B518F87-SegmentedRaftLogWorker was interrupted, exiting. There are 0 tasks remaining in the queue.
2019-10-16 17:19:16,633 [ForkJoinPool.commonPool-worker-0] INFO  segmented.SegmentedRaftLogWorker (SegmentedRaftLogWorker.java:close(224)) - 88f87a5a-1895-478a-a391-44ff176aee59@group-87054B518F87-SegmentedRaftLogWorker close()
2019-10-16 17:19:16,638 [ForkJoinPool.commonPool-worker-0] INFO  impl.RaftServerImpl (RaftServerImpl.java:lambda$shutdown$3(247)) - 88f87a5a-1895-478a-a391-44ff176aee59@group-21E0174CBF97: shutdown
2019-10-16 17:19:16,638 [ce7940c3-cf81-4e60-9959-5d5957212d6b@group-87054B518F87-LeaderElection29] INFO  impl.LeaderElection (LogUtils.java:infoOrTrace(149)) - ce7940c3-cf81-4e60-9959-5d5957212d6b@group-87054B518F87-LeaderElection29 got exception when requesting votes: {}
java.util.concurrent.ExecutionException: org.apache.ratis.thirdparty.io.grpc.StatusRuntimeException: UNAVAILABLE: io exception
	at java.util.concurrent.FutureTask.report(FutureTask.java:122)
	at java.util.concurrent.FutureTask.get(FutureTask.java:192)
	at org.apache.ratis.server.impl.LeaderElection.waitForResults(LeaderElection.java:259)
	at org.apache.ratis.server.impl.LeaderElection.askForVotes(LeaderElection.java:197)
	at org.apache.ratis.server.impl.LeaderElection.run(LeaderElection.java:133)
	at java.lang.Thread.run(Thread.java:748)
Caused by: org.apache.ratis.thirdparty.io.grpc.StatusRuntimeException: UNAVAILABLE: io exception
	at org.apache.ratis.thirdparty.io.grpc.stub.ClientCalls.toStatusRuntimeException(ClientCalls.java:233)
	at org.apache.ratis.thirdparty.io.grpc.stub.ClientCalls.getUnchecked(ClientCalls.java:214)
	at org.apache.ratis.thirdparty.io.grpc.stub.ClientCalls.blockingUnaryCall(ClientCalls.java:139)
	at org.apache.ratis.proto.grpc.RaftServerProtocolServiceGrpc$RaftServerProtocolServiceBlockingStub.requestVote(RaftServerProtocolServiceGrpc.java:265)
	at org.apache.ratis.grpc.server.GrpcServerProtocolClient.requestVote(GrpcServerProtocolClient.java:99)
	at org.apache.ratis.grpc.server.GrpcService.requestVote(GrpcService.java:204)
	at org.apache.ratis.server.impl.LeaderElection.lambda$submitRequests$1(LeaderElection.java:234)
	at java.util.concurrent.FutureTask.run(FutureTask.java:266)
	at java.util.concurrent.Executors$RunnableAdapter.call(Executors.java:511)
	at java.util.concurrent.FutureTask.run(FutureTask.java:266)
	at java.util.concurrent.ThreadPoolExecutor.runWorker(ThreadPoolExecutor.java:1149)
	at java.util.concurrent.ThreadPoolExecutor$Worker.run(ThreadPoolExecutor.java:624)
	... 1 more
Caused by: org.apache.ratis.thirdparty.io.netty.channel.AbstractChannel$AnnotatedConnectException: Connection refused: /192.168.69.90:41501
	at sun.nio.ch.SocketChannelImpl.checkConnect(Native Method)
	at sun.nio.ch.SocketChannelImpl.finishConnect(SocketChannelImpl.java:717)
	at org.apache.ratis.thirdparty.io.netty.channel.socket.nio.NioSocketChannel.doFinishConnect(NioSocketChannel.java:327)
	at org.apache.ratis.thirdparty.io.netty.channel.nio.AbstractNioChannel$AbstractNioUnsafe.finishConnect(AbstractNioChannel.java:340)
	at org.apache.ratis.thirdparty.io.netty.channel.nio.NioEventLoop.processSelectedKey(NioEventLoop.java:632)
	at org.apache.ratis.thirdparty.io.netty.channel.nio.NioEventLoop.processSelectedKeysOptimized(NioEventLoop.java:579)
	at org.apache.ratis.thirdparty.io.netty.channel.nio.NioEventLoop.processSelectedKeys(NioEventLoop.java:496)
	at org.apache.ratis.thirdparty.io.netty.channel.nio.NioEventLoop.run(NioEventLoop.java:458)
	at org.apache.ratis.thirdparty.io.netty.util.concurrent.SingleThreadEventExecutor$5.run(SingleThreadEventExecutor.java:897)
	at org.apache.ratis.thirdparty.io.netty.util.concurrent.FastThreadLocalRunnable.run(FastThreadLocalRunnable.java:30)
	... 1 more
Caused by: java.net.ConnectException: Connection refused
	... 11 more
2019-10-16 17:19:16,638 [ForkJoinPool.commonPool-worker-0] INFO  util.JmxRegister (JmxRegister.java:unregister(73)) - Successfully un-registered JMX Bean with object name Ratis:service=RaftServer,group=group-21E0174CBF97,id=88f87a5a-1895-478a-a391-44ff176aee59
2019-10-16 17:19:16,641 [ForkJoinPool.commonPool-worker-0] INFO  impl.RoleInfo (RoleInfo.java:shutdownLeaderState(104)) - 88f87a5a-1895-478a-a391-44ff176aee59: shutdown LeaderState
2019-10-16 17:19:16,642 [ForkJoinPool.commonPool-worker-0] INFO  impl.PendingRequests (PendingRequests.java:sendNotLeaderResponses(202)) - 88f87a5a-1895-478a-a391-44ff176aee59@group-21E0174CBF97-PendingRequests: sendNotLeaderResponses
2019-10-16 17:19:16,642 [ForkJoinPool.commonPool-worker-0] INFO  impl.StateMachineUpdater (StateMachineUpdater.java:stopAndJoin(136)) - 88f87a5a-1895-478a-a391-44ff176aee59@group-21E0174CBF97-StateMachineUpdater: set stopIndex = 0
2019-10-16 17:19:16,642 [ForkJoinPool.commonPool-worker-0] INFO  impl.RaftServerImpl (ServerState.java:close(387)) - 88f87a5a-1895-478a-a391-44ff176aee59@group-21E0174CBF97: closes. applyIndex: 0
2019-10-16 17:19:16,642 [grpc-default-executor-5] WARN  server.GrpcServerProtocolService (LogUtils.java:warn(134)) - 88f87a5a-1895-478a-a391-44ff176aee59: Failed requestVote ce7940c3-cf81-4e60-9959-5d5957212d6b->88f87a5a-1895-478a-a391-44ff176aee59#0: org.apache.ratis.protocol.ServerNotReadyException: 88f87a5a-1895-478a-a391-44ff176aee59@group-87054B518F87 is not in [RUNNING]: current state is CLOSED
2019-10-16 17:19:16,643 [88f87a5a-1895-478a-a391-44ff176aee59@group-21E0174CBF97-SegmentedRaftLogWorker] INFO  segmented.SegmentedRaftLogWorker (SegmentedRaftLogWorker.java:run(316)) - 88f87a5a-1895-478a-a391-44ff176aee59@group-21E0174CBF97-SegmentedRaftLogWorker was interrupted, exiting. There are 0 tasks remaining in the queue.
2019-10-16 17:19:16,645 [ForkJoinPool.commonPool-worker-0] INFO  segmented.SegmentedRaftLogWorker (SegmentedRaftLogWorker.java:close(224)) - 88f87a5a-1895-478a-a391-44ff176aee59@group-21E0174CBF97-SegmentedRaftLogWorker close()
2019-10-16 17:19:16,659 [ForkJoinPool.commonPool-worker-0] INFO  server.GrpcService (GrpcService.java:closeImpl(164)) - 88f87a5a-1895-478a-a391-44ff176aee59: shutdown server with port 34309 now
2019-10-16 17:19:16,661 [ForkJoinPool.commonPool-worker-0] INFO  server.GrpcService (GrpcService.java:closeImpl(172)) - 88f87a5a-1895-478a-a391-44ff176aee59: shutdown server with port 34309 successfully
2019-10-16 17:19:16,661 [ce7940c3-cf81-4e60-9959-5d5957212d6b@group-87054B518F87-LeaderElection29] INFO  impl.LeaderElection (LogUtils.java:infoOrTrace(149)) - ce7940c3-cf81-4e60-9959-5d5957212d6b@group-87054B518F87-LeaderElection29 got exception when requesting votes: {}
java.util.concurrent.ExecutionException: org.apache.ratis.thirdparty.io.grpc.StatusRuntimeException: CANCELLED: HTTP/2 error code: CANCEL
Received Rst Stream
	at java.util.concurrent.FutureTask.report(FutureTask.java:122)
	at java.util.concurrent.FutureTask.get(FutureTask.java:192)
	at org.apache.ratis.server.impl.LeaderElection.waitForResults(LeaderElection.java:259)
	at org.apache.ratis.server.impl.LeaderElection.askForVotes(LeaderElection.java:197)
	at org.apache.ratis.server.impl.LeaderElection.run(LeaderElection.java:133)
	at java.lang.Thread.run(Thread.java:748)
Caused by: org.apache.ratis.thirdparty.io.grpc.StatusRuntimeException: CANCELLED: HTTP/2 error code: CANCEL
Received Rst Stream
	at org.apache.ratis.thirdparty.io.grpc.stub.ClientCalls.toStatusRuntimeException(ClientCalls.java:233)
	at org.apache.ratis.thirdparty.io.grpc.stub.ClientCalls.getUnchecked(ClientCalls.java:214)
	at org.apache.ratis.thirdparty.io.grpc.stub.ClientCalls.blockingUnaryCall(ClientCalls.java:139)
	at org.apache.ratis.proto.grpc.RaftServerProtocolServiceGrpc$RaftServerProtocolServiceBlockingStub.requestVote(RaftServerProtocolServiceGrpc.java:265)
	at org.apache.ratis.grpc.server.GrpcServerProtocolClient.requestVote(GrpcServerProtocolClient.java:99)
	at org.apache.ratis.grpc.server.GrpcService.requestVote(GrpcService.java:204)
	at org.apache.ratis.server.impl.LeaderElection.lambda$submitRequests$1(LeaderElection.java:234)
	at java.util.concurrent.FutureTask.run(FutureTask.java:266)
	at java.util.concurrent.Executors$RunnableAdapter.call(Executors.java:511)
	at java.util.concurrent.FutureTask.run(FutureTask.java:266)
	at java.util.concurrent.ThreadPoolExecutor.runWorker(ThreadPoolExecutor.java:1149)
	at java.util.concurrent.ThreadPoolExecutor$Worker.run(ThreadPoolExecutor.java:624)
	... 1 more
2019-10-16 17:19:16,664 [ce7940c3-cf81-4e60-9959-5d5957212d6b@group-87054B518F87-LeaderElection29] INFO  impl.LeaderElection (LeaderElection.java:logAndReturn(56)) - ce7940c3-cf81-4e60-9959-5d5957212d6b@group-87054B518F87-LeaderElection29: Election REJECTED; received 0 response(s) [] and 2 exception(s); ce7940c3-cf81-4e60-9959-5d5957212d6b@group-87054B518F87:t4, leader=null, voted=ce7940c3-cf81-4e60-9959-5d5957212d6b, raftlog=ce7940c3-cf81-4e60-9959-5d5957212d6b@group-87054B518F87-SegmentedRaftLog:OPENED:c2,f2,i2, conf=0: [e40a46b2-8333-4456-9552-d7e48aaff595:192.168.69.90:41501, 88f87a5a-1895-478a-a391-44ff176aee59:192.168.69.90:34309, ce7940c3-cf81-4e60-9959-5d5957212d6b:192.168.69.90:38676], old=null
2019-10-16 17:19:16,664 [ce7940c3-cf81-4e60-9959-5d5957212d6b@group-87054B518F87-LeaderElection29] INFO  impl.LeaderElection (LogUtils.java:infoOrTrace(149)) -   Exception 0: {}
java.util.concurrent.ExecutionException: org.apache.ratis.thirdparty.io.grpc.StatusRuntimeException: UNAVAILABLE: io exception
	at java.util.concurrent.FutureTask.report(FutureTask.java:122)
	at java.util.concurrent.FutureTask.get(FutureTask.java:192)
	at org.apache.ratis.server.impl.LeaderElection.waitForResults(LeaderElection.java:259)
	at org.apache.ratis.server.impl.LeaderElection.askForVotes(LeaderElection.java:197)
	at org.apache.ratis.server.impl.LeaderElection.run(LeaderElection.java:133)
	at java.lang.Thread.run(Thread.java:748)
Caused by: org.apache.ratis.thirdparty.io.grpc.StatusRuntimeException: UNAVAILABLE: io exception
	at org.apache.ratis.thirdparty.io.grpc.stub.ClientCalls.toStatusRuntimeException(ClientCalls.java:233)
	at org.apache.ratis.thirdparty.io.grpc.stub.ClientCalls.getUnchecked(ClientCalls.java:214)
	at org.apache.ratis.thirdparty.io.grpc.stub.ClientCalls.blockingUnaryCall(ClientCalls.java:139)
	at org.apache.ratis.proto.grpc.RaftServerProtocolServiceGrpc$RaftServerProtocolServiceBlockingStub.requestVote(RaftServerProtocolServiceGrpc.java:265)
	at org.apache.ratis.grpc.server.GrpcServerProtocolClient.requestVote(GrpcServerProtocolClient.java:99)
	at org.apache.ratis.grpc.server.GrpcService.requestVote(GrpcService.java:204)
	at org.apache.ratis.server.impl.LeaderElection.lambda$submitRequests$1(LeaderElection.java:234)
	at java.util.concurrent.FutureTask.run(FutureTask.java:266)
	at java.util.concurrent.Executors$RunnableAdapter.call(Executors.java:511)
	at java.util.concurrent.FutureTask.run(FutureTask.java:266)
	at java.util.concurrent.ThreadPoolExecutor.runWorker(ThreadPoolExecutor.java:1149)
	at java.util.concurrent.ThreadPoolExecutor$Worker.run(ThreadPoolExecutor.java:624)
	... 1 more
Caused by: org.apache.ratis.thirdparty.io.netty.channel.AbstractChannel$AnnotatedConnectException: Connection refused: /192.168.69.90:41501
	at sun.nio.ch.SocketChannelImpl.checkConnect(Native Method)
	at sun.nio.ch.SocketChannelImpl.finishConnect(SocketChannelImpl.java:717)
	at org.apache.ratis.thirdparty.io.netty.channel.socket.nio.NioSocketChannel.doFinishConnect(NioSocketChannel.java:327)
	at org.apache.ratis.thirdparty.io.netty.channel.nio.AbstractNioChannel$AbstractNioUnsafe.finishConnect(AbstractNioChannel.java:340)
	at org.apache.ratis.thirdparty.io.netty.channel.nio.NioEventLoop.processSelectedKey(NioEventLoop.java:632)
	at org.apache.ratis.thirdparty.io.netty.channel.nio.NioEventLoop.processSelectedKeysOptimized(NioEventLoop.java:579)
	at org.apache.ratis.thirdparty.io.netty.channel.nio.NioEventLoop.processSelectedKeys(NioEventLoop.java:496)
	at org.apache.ratis.thirdparty.io.netty.channel.nio.NioEventLoop.run(NioEventLoop.java:458)
	at org.apache.ratis.thirdparty.io.netty.util.concurrent.SingleThreadEventExecutor$5.run(SingleThreadEventExecutor.java:897)
	at org.apache.ratis.thirdparty.io.netty.util.concurrent.FastThreadLocalRunnable.run(FastThreadLocalRunnable.java:30)
	... 1 more
Caused by: java.net.ConnectException: Connection refused
	... 11 more
2019-10-16 17:19:16,664 [ce7940c3-cf81-4e60-9959-5d5957212d6b@group-87054B518F87-LeaderElection29] INFO  impl.LeaderElection (LogUtils.java:infoOrTrace(149)) -   Exception 1: {}
java.util.concurrent.ExecutionException: org.apache.ratis.thirdparty.io.grpc.StatusRuntimeException: CANCELLED: HTTP/2 error code: CANCEL
Received Rst Stream
	at java.util.concurrent.FutureTask.report(FutureTask.java:122)
	at java.util.concurrent.FutureTask.get(FutureTask.java:192)
	at org.apache.ratis.server.impl.LeaderElection.waitForResults(LeaderElection.java:259)
	at org.apache.ratis.server.impl.LeaderElection.askForVotes(LeaderElection.java:197)
	at org.apache.ratis.server.impl.LeaderElection.run(LeaderElection.java:133)
	at java.lang.Thread.run(Thread.java:748)
Caused by: org.apache.ratis.thirdparty.io.grpc.StatusRuntimeException: CANCELLED: HTTP/2 error code: CANCEL
Received Rst Stream
	at org.apache.ratis.thirdparty.io.grpc.stub.ClientCalls.toStatusRuntimeException(ClientCalls.java:233)
	at org.apache.ratis.thirdparty.io.grpc.stub.ClientCalls.getUnchecked(ClientCalls.java:214)
	at org.apache.ratis.thirdparty.io.grpc.stub.ClientCalls.blockingUnaryCall(ClientCalls.java:139)
	at org.apache.ratis.proto.grpc.RaftServerProtocolServiceGrpc$RaftServerProtocolServiceBlockingStub.requestVote(RaftServerProtocolServiceGrpc.java:265)
	at org.apache.ratis.grpc.server.GrpcServerProtocolClient.requestVote(GrpcServerProtocolClient.java:99)
	at org.apache.ratis.grpc.server.GrpcService.requestVote(GrpcService.java:204)
	at org.apache.ratis.server.impl.LeaderElection.lambda$submitRequests$1(LeaderElection.java:234)
	at java.util.concurrent.FutureTask.run(FutureTask.java:266)
	at java.util.concurrent.Executors$RunnableAdapter.call(Executors.java:511)
	at java.util.concurrent.FutureTask.run(FutureTask.java:266)
	at java.util.concurrent.ThreadPoolExecutor.runWorker(ThreadPoolExecutor.java:1149)
	at java.util.concurrent.ThreadPoolExecutor$Worker.run(ThreadPoolExecutor.java:624)
	... 1 more
2019-10-16 17:19:16,665 [ce7940c3-cf81-4e60-9959-5d5957212d6b@group-87054B518F87-LeaderElection29] INFO  impl.RaftServerImpl (RaftServerImpl.java:setRole(170)) - ce7940c3-cf81-4e60-9959-5d5957212d6b@group-87054B518F87: changes role from CANDIDATE to FOLLOWER at term 4 for DISCOVERED_A_NEW_TERM
2019-10-16 17:19:16,665 [ce7940c3-cf81-4e60-9959-5d5957212d6b@group-87054B518F87-LeaderElection29] INFO  impl.RoleInfo (RoleInfo.java:shutdownLeaderElection(134)) - ce7940c3-cf81-4e60-9959-5d5957212d6b: shutdown LeaderElection
2019-10-16 17:19:16,665 [ce7940c3-cf81-4e60-9959-5d5957212d6b@group-87054B518F87-LeaderElection29] INFO  impl.RoleInfo (RoleInfo.java:updateAndGet(143)) - ce7940c3-cf81-4e60-9959-5d5957212d6b: start FollowerState
2019-10-16 17:19:16,667 [refreshUsed-/workdir/hadoop-ozone/integration-test/target/test-dir/MiniOzoneClusterImpl-1b119847-9446-4130-a6ab-c741bf0ba7df/datanode-4/data/containers] WARN  fs.CachingGetSpaceUsed (CachingGetSpaceUsed.java:run(183)) - Thread Interrupted waiting to refresh disk information: sleep interrupted
2019-10-16 17:19:16,691 [ForkJoinPool.commonPool-worker-0] INFO  utils.BackgroundService (BackgroundService.java:shutdown(151)) - Shutting down service BlockDeletingService
2019-10-16 17:19:16,696 [ForkJoinPool.commonPool-worker-0] INFO  statemachine.DatanodeStateMachine (DatanodeStateMachine.java:stopDaemon(395)) - Ozone container server stopped.
2019-10-16 17:19:16,702 [ForkJoinPool.commonPool-worker-0] INFO  handler.ContextHandler (ContextHandler.java:doStop(910)) - Stopped o.e.j.w.WebAppContext@709ed6f3{/,null,UNAVAILABLE}{/hddsDatanode}
2019-10-16 17:19:16,703 [ForkJoinPool.commonPool-worker-0] INFO  server.AbstractConnector (AbstractConnector.java:doStop(318)) - Stopped ServerConnector@698fee9a{HTTP/1.1,[http/1.1]}{0.0.0.0:0}
2019-10-16 17:19:16,705 [ForkJoinPool.commonPool-worker-0] INFO  handler.ContextHandler (ContextHandler.java:doStop(910)) - Stopped o.e.j.s.ServletContextHandler@443effcb{/static,jar:file:/home/user/.m2/repository/org/apache/hadoop/hadoop-hdds-container-service/0.5.0-SNAPSHOT/hadoop-hdds-container-service-0.5.0-SNAPSHOT.jar!/webapps/static,UNAVAILABLE}
2019-10-16 17:19:16,707 [ForkJoinPool.commonPool-worker-0] INFO  handler.ContextHandler (ContextHandler.java:doStop(910)) - Stopped o.e.j.s.ServletContextHandler@3cd9aa64{/logs,file:///workdir/hadoop-ozone/integration-test/target/log,UNAVAILABLE}
2019-10-16 17:19:16,860 [grpc-default-executor-8] WARN  server.GrpcLogAppender (LogUtils.java:warn(134)) - edabc722-9974-498c-890b-46d66b917a65@group-C8506EB59547->36127643-2c32-4e4d-8f36-0b4a74ca3071-AppendLogResponseHandler: Failed appendEntries: org.apache.ratis.thirdparty.io.grpc.StatusRuntimeException: UNAVAILABLE: io exception
2019-10-16 17:19:16,861 [grpc-default-executor-8] INFO  impl.FollowerInfo (FollowerInfo.java:lambda$new$0(51)) - edabc722-9974-498c-890b-46d66b917a65@group-C8506EB59547->36127643-2c32-4e4d-8f36-0b4a74ca3071: nextIndex: updateUnconditionally 0 -> 0
2019-10-16 17:19:17,029 [Datanode State Machine Thread - 0] INFO  statemachine.DatanodeStateMachine (DatanodeStateMachine.java:lambda$startDaemon$0(350)) - Ozone container server started.
2019-10-16 17:19:17,361 [grpc-default-executor-4] WARN  server.GrpcLogAppender (LogUtils.java:warn(134)) - edabc722-9974-498c-890b-46d66b917a65@group-C8506EB59547->36127643-2c32-4e4d-8f36-0b4a74ca3071-AppendLogResponseHandler: Failed appendEntries: org.apache.ratis.thirdparty.io.grpc.StatusRuntimeException: UNAVAILABLE: io exception
2019-10-16 17:19:17,362 [grpc-default-executor-4] INFO  impl.FollowerInfo (FollowerInfo.java:lambda$new$0(51)) - edabc722-9974-498c-890b-46d66b917a65@group-C8506EB59547->36127643-2c32-4e4d-8f36-0b4a74ca3071: nextIndex: updateUnconditionally 0 -> 0
2019-10-16 17:19:17,772 [Thread-995] INFO  impl.FollowerState (FollowerState.java:run(108)) - ce7940c3-cf81-4e60-9959-5d5957212d6b@group-87054B518F87-FollowerState: change to CANDIDATE, lastRpcTime:1106ms, electionTimeout:1106ms
2019-10-16 17:19:17,772 [Thread-995] INFO  impl.RoleInfo (RoleInfo.java:shutdownFollowerState(121)) - ce7940c3-cf81-4e60-9959-5d5957212d6b: shutdown FollowerState
2019-10-16 17:19:17,772 [Thread-995] INFO  impl.RaftServerImpl (RaftServerImpl.java:setRole(170)) - ce7940c3-cf81-4e60-9959-5d5957212d6b@group-87054B518F87: changes role from  FOLLOWER to CANDIDATE at term 4 for changeToCandidate
2019-10-16 17:19:17,772 [Thread-995] INFO  impl.RoleInfo (RoleInfo.java:updateAndGet(143)) - ce7940c3-cf81-4e60-9959-5d5957212d6b: start LeaderElection
2019-10-16 17:19:17,863 [grpc-default-executor-5] WARN  server.GrpcLogAppender (LogUtils.java:warn(134)) - edabc722-9974-498c-890b-46d66b917a65@group-C8506EB59547->36127643-2c32-4e4d-8f36-0b4a74ca3071-AppendLogResponseHandler: Failed appendEntries: org.apache.ratis.thirdparty.io.grpc.StatusRuntimeException: UNAVAILABLE: io exception
2019-10-16 17:19:17,863 [grpc-default-executor-5] INFO  impl.FollowerInfo (FollowerInfo.java:lambda$new$0(51)) - edabc722-9974-498c-890b-46d66b917a65@group-C8506EB59547->36127643-2c32-4e4d-8f36-0b4a74ca3071: nextIndex: updateUnconditionally 0 -> 0
2019-10-16 17:19:18,363 [grpc-default-executor-5] WARN  server.GrpcLogAppender (LogUtils.java:warn(134)) - edabc722-9974-498c-890b-46d66b917a65@group-C8506EB59547->36127643-2c32-4e4d-8f36-0b4a74ca3071-AppendLogResponseHandler: Failed appendEntries: org.apache.ratis.thirdparty.io.grpc.StatusRuntimeException: UNAVAILABLE: io exception
2019-10-16 17:19:18,363 [grpc-default-executor-5] INFO  impl.FollowerInfo (FollowerInfo.java:lambda$new$0(51)) - edabc722-9974-498c-890b-46d66b917a65@group-C8506EB59547->36127643-2c32-4e4d-8f36-0b4a74ca3071: nextIndex: updateUnconditionally 0 -> 0
2019-10-16 17:19:18,864 [grpc-default-executor-5] WARN  server.GrpcLogAppender (LogUtils.java:warn(134)) - edabc722-9974-498c-890b-46d66b917a65@group-C8506EB59547->36127643-2c32-4e4d-8f36-0b4a74ca3071-AppendLogResponseHandler: Failed appendEntries: org.apache.ratis.thirdparty.io.grpc.StatusRuntimeException: UNAVAILABLE: io exception
2019-10-16 17:19:18,864 [grpc-default-executor-5] INFO  impl.FollowerInfo (FollowerInfo.java:lambda$new$0(51)) - edabc722-9974-498c-890b-46d66b917a65@group-C8506EB59547->36127643-2c32-4e4d-8f36-0b4a74ca3071: nextIndex: updateUnconditionally 0 -> 0
2019-10-16 17:19:19,365 [grpc-default-executor-8] WARN  server.GrpcLogAppender (LogUtils.java:warn(134)) - edabc722-9974-498c-890b-46d66b917a65@group-C8506EB59547->36127643-2c32-4e4d-8f36-0b4a74ca3071-AppendLogResponseHandler: Failed appendEntries: org.apache.ratis.thirdparty.io.grpc.StatusRuntimeException: UNAVAILABLE: io exception
2019-10-16 17:19:19,365 [grpc-default-executor-8] INFO  impl.FollowerInfo (FollowerInfo.java:lambda$new$0(51)) - edabc722-9974-498c-890b-46d66b917a65@group-C8506EB59547->36127643-2c32-4e4d-8f36-0b4a74ca3071: nextIndex: updateUnconditionally 0 -> 0
2019-10-16 17:19:19,865 [grpc-default-executor-8] WARN  server.GrpcLogAppender (LogUtils.java:warn(134)) - edabc722-9974-498c-890b-46d66b917a65@group-C8506EB59547->36127643-2c32-4e4d-8f36-0b4a74ca3071-AppendLogResponseHandler: Failed appendEntries: org.apache.ratis.thirdparty.io.grpc.StatusRuntimeException: UNAVAILABLE: io exception
2019-10-16 17:19:19,866 [grpc-default-executor-8] INFO  impl.FollowerInfo (FollowerInfo.java:lambda$new$0(51)) - edabc722-9974-498c-890b-46d66b917a65@group-C8506EB59547->36127643-2c32-4e4d-8f36-0b4a74ca3071: nextIndex: updateUnconditionally 0 -> 0
2019-10-16 17:19:20,366 [grpc-default-executor-8] WARN  server.GrpcLogAppender (LogUtils.java:warn(134)) - edabc722-9974-498c-890b-46d66b917a65@group-C8506EB59547->36127643-2c32-4e4d-8f36-0b4a74ca3071-AppendLogResponseHandler: Failed appendEntries: org.apache.ratis.thirdparty.io.grpc.StatusRuntimeException: UNAVAILABLE: io exception
2019-10-16 17:19:20,367 [grpc-default-executor-8] INFO  impl.FollowerInfo (FollowerInfo.java:lambda$new$0(51)) - edabc722-9974-498c-890b-46d66b917a65@group-C8506EB59547->36127643-2c32-4e4d-8f36-0b4a74ca3071: nextIndex: updateUnconditionally 0 -> 0
2019-10-16 17:19:20,867 [grpc-default-executor-5] WARN  server.GrpcLogAppender (LogUtils.java:warn(134)) - edabc722-9974-498c-890b-46d66b917a65@group-C8506EB59547->36127643-2c32-4e4d-8f36-0b4a74ca3071-AppendLogResponseHandler: Failed appendEntries: org.apache.ratis.thirdparty.io.grpc.StatusRuntimeException: UNAVAILABLE: io exception
2019-10-16 17:19:20,868 [grpc-default-executor-5] INFO  impl.FollowerInfo (FollowerInfo.java:lambda$new$0(51)) - edabc722-9974-498c-890b-46d66b917a65@group-C8506EB59547->36127643-2c32-4e4d-8f36-0b4a74ca3071: nextIndex: updateUnconditionally 0 -> 0
2019-10-16 17:19:21,368 [grpc-default-executor-4] WARN  server.GrpcLogAppender (LogUtils.java:warn(134)) - edabc722-9974-498c-890b-46d66b917a65@group-C8506EB59547->36127643-2c32-4e4d-8f36-0b4a74ca3071-AppendLogResponseHandler: Failed appendEntries: org.apache.ratis.thirdparty.io.grpc.StatusRuntimeException: UNAVAILABLE: io exception
2019-10-16 17:19:21,369 [grpc-default-executor-4] INFO  impl.FollowerInfo (FollowerInfo.java:lambda$new$0(51)) - edabc722-9974-498c-890b-46d66b917a65@group-C8506EB59547->36127643-2c32-4e4d-8f36-0b4a74ca3071: nextIndex: updateUnconditionally 0 -> 0
2019-10-16 17:19:21,430 [39efc1e0-b8a0-46ae-8203-75644d0567c7@group-E4D141D357F7-StateMachineUpdater] INFO  ratis.ContainerStateMachine (ContainerStateMachine.java:takeSnapshot(305)) - group-E4D141D357F7: Finished taking a snapshot at:(t:2, i:12) file:/workdir/hadoop-ozone/integration-test/target/test-dir/MiniOzoneClusterImpl-1b119847-9446-4130-a6ab-c741bf0ba7df/datanode-8/data/ratis/0569b7da-d16a-454e-8373-e4d141d357f7/sm/snapshot.2_12 time:4801
2019-10-16 17:19:21,430 [ce7940c3-cf81-4e60-9959-5d5957212d6b@group-87054B518F87-LeaderElection30] INFO  impl.LeaderElection (LeaderElection.java:askForVotes(178)) - ce7940c3-cf81-4e60-9959-5d5957212d6b@group-87054B518F87-LeaderElection30: begin an election at term 5 for 0: [e40a46b2-8333-4456-9552-d7e48aaff595:192.168.69.90:41501, 88f87a5a-1895-478a-a391-44ff176aee59:192.168.69.90:34309, ce7940c3-cf81-4e60-9959-5d5957212d6b:192.168.69.90:38676], old=null
2019-10-16 17:19:21,431 [39efc1e0-b8a0-46ae-8203-75644d0567c7@group-E4D141D357F7-StateMachineUpdater] INFO  impl.StateMachineUpdater (StateMachineUpdater.java:takeSnapshot(269)) - 39efc1e0-b8a0-46ae-8203-75644d0567c7@group-E4D141D357F7-StateMachineUpdater: Took a snapshot at index 12
2019-10-16 17:19:21,431 [39efc1e0-b8a0-46ae-8203-75644d0567c7@group-E4D141D357F7-StateMachineUpdater] INFO  impl.StateMachineUpdater (StateMachineUpdater.java:lambda$new$0(84)) - 39efc1e0-b8a0-46ae-8203-75644d0567c7@group-E4D141D357F7-StateMachineUpdater: snapshotIndex: updateIncreasingly 12 -> 12
2019-10-16 17:19:21,431 [main] INFO  impl.RaftServerImpl (ServerState.java:close(387)) - 39efc1e0-b8a0-46ae-8203-75644d0567c7@group-E4D141D357F7: closes. applyIndex: 18
2019-10-16 17:19:21,431 [ce7940c3-cf81-4e60-9959-5d5957212d6b@group-87054B518F87-LeaderElection30] INFO  impl.LeaderElection (LogUtils.java:infoOrTrace(149)) - ce7940c3-cf81-4e60-9959-5d5957212d6b@group-87054B518F87-LeaderElection30 got exception when requesting votes: {}
java.util.concurrent.ExecutionException: org.apache.ratis.thirdparty.io.grpc.StatusRuntimeException: UNAVAILABLE: io exception
	at java.util.concurrent.FutureTask.report(FutureTask.java:122)
	at java.util.concurrent.FutureTask.get(FutureTask.java:192)
	at org.apache.ratis.server.impl.LeaderElection.waitForResults(LeaderElection.java:259)
	at org.apache.ratis.server.impl.LeaderElection.askForVotes(LeaderElection.java:197)
	at org.apache.ratis.server.impl.LeaderElection.run(LeaderElection.java:133)
	at java.lang.Thread.run(Thread.java:748)
Caused by: org.apache.ratis.thirdparty.io.grpc.StatusRuntimeException: UNAVAILABLE: io exception
	at org.apache.ratis.thirdparty.io.grpc.stub.ClientCalls.toStatusRuntimeException(ClientCalls.java:233)
	at org.apache.ratis.thirdparty.io.grpc.stub.ClientCalls.getUnchecked(ClientCalls.java:214)
	at org.apache.ratis.thirdparty.io.grpc.stub.ClientCalls.blockingUnaryCall(ClientCalls.java:139)
	at org.apache.ratis.proto.grpc.RaftServerProtocolServiceGrpc$RaftServerProtocolServiceBlockingStub.requestVote(RaftServerProtocolServiceGrpc.java:265)
	at org.apache.ratis.grpc.server.GrpcServerProtocolClient.requestVote(GrpcServerProtocolClient.java:99)
	at org.apache.ratis.grpc.server.GrpcService.requestVote(GrpcService.java:204)
	at org.apache.ratis.server.impl.LeaderElection.lambda$submitRequests$1(LeaderElection.java:234)
	at java.util.concurrent.FutureTask.run(FutureTask.java:266)
	at java.util.concurrent.Executors$RunnableAdapter.call(Executors.java:511)
	at java.util.concurrent.FutureTask.run(FutureTask.java:266)
	at java.util.concurrent.ThreadPoolExecutor.runWorker(ThreadPoolExecutor.java:1149)
	at java.util.concurrent.ThreadPoolExecutor$Worker.run(ThreadPoolExecutor.java:624)
	... 1 more
Caused by: org.apache.ratis.thirdparty.io.netty.channel.AbstractChannel$AnnotatedConnectException: Connection refused: /192.168.69.90:41501
	at sun.nio.ch.SocketChannelImpl.checkConnect(Native Method)
	at sun.nio.ch.SocketChannelImpl.finishConnect(SocketChannelImpl.java:717)
	at org.apache.ratis.thirdparty.io.netty.channel.socket.nio.NioSocketChannel.doFinishConnect(NioSocketChannel.java:327)
	at org.apache.ratis.thirdparty.io.netty.channel.nio.AbstractNioChannel$AbstractNioUnsafe.finishConnect(AbstractNioChannel.java:340)
	at org.apache.ratis.thirdparty.io.netty.channel.nio.NioEventLoop.processSelectedKey(NioEventLoop.java:632)
	at org.apache.ratis.thirdparty.io.netty.channel.nio.NioEventLoop.processSelectedKeysOptimized(NioEventLoop.java:579)
	at org.apache.ratis.thirdparty.io.netty.channel.nio.NioEventLoop.processSelectedKeys(NioEventLoop.java:496)
	at org.apache.ratis.thirdparty.io.netty.channel.nio.NioEventLoop.run(NioEventLoop.java:458)
	at org.apache.ratis.thirdparty.io.netty.util.concurrent.SingleThreadEventExecutor$5.run(SingleThreadEventExecutor.java:897)
	at org.apache.ratis.thirdparty.io.netty.util.concurrent.FastThreadLocalRunnable.run(FastThreadLocalRunnable.java:30)
	... 1 more
Caused by: java.net.ConnectException: Connection refused
	... 11 more
2019-10-16 17:19:21,432 [39efc1e0-b8a0-46ae-8203-75644d0567c7@group-E4D141D357F7-SegmentedRaftLogWorker] INFO  segmented.SegmentedRaftLogWorker (SegmentedRaftLogWorker.java:run(316)) - 39efc1e0-b8a0-46ae-8203-75644d0567c7@group-E4D141D357F7-SegmentedRaftLogWorker was interrupted, exiting. There are 0 tasks remaining in the queue.
2019-10-16 17:19:21,434 [main] INFO  segmented.SegmentedRaftLogWorker (SegmentedRaftLogWorker.java:close(224)) - 39efc1e0-b8a0-46ae-8203-75644d0567c7@group-E4D141D357F7-SegmentedRaftLogWorker close()
2019-10-16 17:19:21,436 [main] INFO  impl.RaftServerImpl (RaftServerImpl.java:lambda$shutdown$3(247)) - 39efc1e0-b8a0-46ae-8203-75644d0567c7@group-941A7E3B3D30: shutdown
2019-10-16 17:19:21,436 [ce7940c3-cf81-4e60-9959-5d5957212d6b@group-87054B518F87-LeaderElection30] INFO  impl.LeaderElection (LogUtils.java:infoOrTrace(149)) - ce7940c3-cf81-4e60-9959-5d5957212d6b@group-87054B518F87-LeaderElection30 got exception when requesting votes: {}
java.util.concurrent.ExecutionException: org.apache.ratis.thirdparty.io.grpc.StatusRuntimeException: UNAVAILABLE: io exception
	at java.util.concurrent.FutureTask.report(FutureTask.java:122)
	at java.util.concurrent.FutureTask.get(FutureTask.java:192)
	at org.apache.ratis.server.impl.LeaderElection.waitForResults(LeaderElection.java:259)
	at org.apache.ratis.server.impl.LeaderElection.askForVotes(LeaderElection.java:197)
	at org.apache.ratis.server.impl.LeaderElection.run(LeaderElection.java:133)
	at java.lang.Thread.run(Thread.java:748)
Caused by: org.apache.ratis.thirdparty.io.grpc.StatusRuntimeException: UNAVAILABLE: io exception
	at org.apache.ratis.thirdparty.io.grpc.stub.ClientCalls.toStatusRuntimeException(ClientCalls.java:233)
	at org.apache.ratis.thirdparty.io.grpc.stub.ClientCalls.getUnchecked(ClientCalls.java:214)
	at org.apache.ratis.thirdparty.io.grpc.stub.ClientCalls.blockingUnaryCall(ClientCalls.java:139)
	at org.apache.ratis.proto.grpc.RaftServerProtocolServiceGrpc$RaftServerProtocolServiceBlockingStub.requestVote(RaftServerProtocolServiceGrpc.java:265)
	at org.apache.ratis.grpc.server.GrpcServerProtocolClient.requestVote(GrpcServerProtocolClient.java:99)
	at org.apache.ratis.grpc.server.GrpcService.requestVote(GrpcService.java:204)
	at org.apache.ratis.server.impl.LeaderElection.lambda$submitRequests$1(LeaderElection.java:234)
	at java.util.concurrent.FutureTask.run(FutureTask.java:266)
	at java.util.concurrent.Executors$RunnableAdapter.call(Executors.java:511)
	at java.util.concurrent.FutureTask.run(FutureTask.java:266)
	at java.util.concurrent.ThreadPoolExecutor.runWorker(ThreadPoolExecutor.java:1149)
	at java.util.concurrent.ThreadPoolExecutor$Worker.run(ThreadPoolExecutor.java:624)
	... 1 more
Caused by: org.apache.ratis.thirdparty.io.netty.channel.AbstractChannel$AnnotatedConnectException: Connection refused: /192.168.69.90:34309
	at sun.nio.ch.SocketChannelImpl.checkConnect(Native Method)
	at sun.nio.ch.SocketChannelImpl.finishConnect(SocketChannelImpl.java:717)
	at org.apache.ratis.thirdparty.io.netty.channel.socket.nio.NioSocketChannel.doFinishConnect(NioSocketChannel.java:327)
	at org.apache.ratis.thirdparty.io.netty.channel.nio.AbstractNioChannel$AbstractNioUnsafe.finishConnect(AbstractNioChannel.java:340)
	at org.apache.ratis.thirdparty.io.netty.channel.nio.NioEventLoop.processSelectedKey(NioEventLoop.java:632)
	at org.apache.ratis.thirdparty.io.netty.channel.nio.NioEventLoop.processSelectedKeysOptimized(NioEventLoop.java:579)
	at org.apache.ratis.thirdparty.io.netty.channel.nio.NioEventLoop.processSelectedKeys(NioEventLoop.java:496)
	at org.apache.ratis.thirdparty.io.netty.channel.nio.NioEventLoop.run(NioEventLoop.java:458)
	at org.apache.ratis.thirdparty.io.netty.util.concurrent.SingleThreadEventExecutor$5.run(SingleThreadEventExecutor.java:897)
	at org.apache.ratis.thirdparty.io.netty.util.concurrent.FastThreadLocalRunnable.run(FastThreadLocalRunnable.java:30)
	... 1 more
Caused by: java.net.ConnectException: Connection refused
	... 11 more
2019-10-16 17:19:21,436 [main] INFO  util.JmxRegister (JmxRegister.java:unregister(73)) - Successfully un-registered JMX Bean with object name Ratis:service=RaftServer,group=group-941A7E3B3D30,id=39efc1e0-b8a0-46ae-8203-75644d0567c7
2019-10-16 17:19:21,437 [ce7940c3-cf81-4e60-9959-5d5957212d6b@group-87054B518F87-LeaderElection30] INFO  impl.LeaderElection (LeaderElection.java:logAndReturn(56)) - ce7940c3-cf81-4e60-9959-5d5957212d6b@group-87054B518F87-LeaderElection30: Election REJECTED; received 0 response(s) [] and 2 exception(s); ce7940c3-cf81-4e60-9959-5d5957212d6b@group-87054B518F87:t5, leader=null, voted=ce7940c3-cf81-4e60-9959-5d5957212d6b, raftlog=ce7940c3-cf81-4e60-9959-5d5957212d6b@group-87054B518F87-SegmentedRaftLog:OPENED:c2,f2,i2, conf=0: [e40a46b2-8333-4456-9552-d7e48aaff595:192.168.69.90:41501, 88f87a5a-1895-478a-a391-44ff176aee59:192.168.69.90:34309, ce7940c3-cf81-4e60-9959-5d5957212d6b:192.168.69.90:38676], old=null
2019-10-16 17:19:21,438 [main] INFO  impl.RoleInfo (RoleInfo.java:shutdownLeaderState(104)) - 39efc1e0-b8a0-46ae-8203-75644d0567c7: shutdown LeaderState
2019-10-16 17:19:21,438 [ce7940c3-cf81-4e60-9959-5d5957212d6b@group-87054B518F87-LeaderElection30] INFO  impl.LeaderElection (LogUtils.java:infoOrTrace(149)) -   Exception 0: {}
java.util.concurrent.ExecutionException: org.apache.ratis.thirdparty.io.grpc.StatusRuntimeException: UNAVAILABLE: io exception
	at java.util.concurrent.FutureTask.report(FutureTask.java:122)
	at java.util.concurrent.FutureTask.get(FutureTask.java:192)
	at org.apache.ratis.server.impl.LeaderElection.waitForResults(LeaderElection.java:259)
	at org.apache.ratis.server.impl.LeaderElection.askForVotes(LeaderElection.java:197)
	at org.apache.ratis.server.impl.LeaderElection.run(LeaderElection.java:133)
	at java.lang.Thread.run(Thread.java:748)
Caused by: org.apache.ratis.thirdparty.io.grpc.StatusRuntimeException: UNAVAILABLE: io exception
	at org.apache.ratis.thirdparty.io.grpc.stub.ClientCalls.toStatusRuntimeException(ClientCalls.java:233)
	at org.apache.ratis.thirdparty.io.grpc.stub.ClientCalls.getUnchecked(ClientCalls.java:214)
	at org.apache.ratis.thirdparty.io.grpc.stub.ClientCalls.blockingUnaryCall(ClientCalls.java:139)
	at org.apache.ratis.proto.grpc.RaftServerProtocolServiceGrpc$RaftServerProtocolServiceBlockingStub.requestVote(RaftServerProtocolServiceGrpc.java:265)
	at org.apache.ratis.grpc.server.GrpcServerProtocolClient.requestVote(GrpcServerProtocolClient.java:99)
	at org.apache.ratis.grpc.server.GrpcService.requestVote(GrpcService.java:204)
	at org.apache.ratis.server.impl.LeaderElection.lambda$submitRequests$1(LeaderElection.java:234)
	at java.util.concurrent.FutureTask.run(FutureTask.java:266)
	at java.util.concurrent.Executors$RunnableAdapter.call(Executors.java:511)
	at java.util.concurrent.FutureTask.run(FutureTask.java:266)
	at java.util.concurrent.ThreadPoolExecutor.runWorker(ThreadPoolExecutor.java:1149)
	at java.util.concurrent.ThreadPoolExecutor$Worker.run(ThreadPoolExecutor.java:624)
	... 1 more
Caused by: org.apache.ratis.thirdparty.io.netty.channel.AbstractChannel$AnnotatedConnectException: Connection refused: /192.168.69.90:41501
	at sun.nio.ch.SocketChannelImpl.checkConnect(Native Method)
	at sun.nio.ch.SocketChannelImpl.finishConnect(SocketChannelImpl.java:717)
	at org.apache.ratis.thirdparty.io.netty.channel.socket.nio.NioSocketChannel.doFinishConnect(NioSocketChannel.java:327)
	at org.apache.ratis.thirdparty.io.netty.channel.nio.AbstractNioChannel$AbstractNioUnsafe.finishConnect(AbstractNioChannel.java:340)
	at org.apache.ratis.thirdparty.io.netty.channel.nio.NioEventLoop.processSelectedKey(NioEventLoop.java:632)
	at org.apache.ratis.thirdparty.io.netty.channel.nio.NioEventLoop.processSelectedKeysOptimized(NioEventLoop.java:579)
	at org.apache.ratis.thirdparty.io.netty.channel.nio.NioEventLoop.processSelectedKeys(NioEventLoop.java:496)
	at org.apache.ratis.thirdparty.io.netty.channel.nio.NioEventLoop.run(NioEventLoop.java:458)
	at org.apache.ratis.thirdparty.io.netty.util.concurrent.SingleThreadEventExecutor$5.run(SingleThreadEventExecutor.java:897)
	at org.apache.ratis.thirdparty.io.netty.util.concurrent.FastThreadLocalRunnable.run(FastThreadLocalRunnable.java:30)
	... 1 more
Caused by: java.net.ConnectException: Connection refused
	... 11 more
2019-10-16 17:19:21,439 [main] INFO  impl.PendingRequests (PendingRequests.java:sendNotLeaderResponses(202)) - 39efc1e0-b8a0-46ae-8203-75644d0567c7@group-941A7E3B3D30-PendingRequests: sendNotLeaderResponses
2019-10-16 17:19:21,439 [ce7940c3-cf81-4e60-9959-5d5957212d6b@group-87054B518F87-LeaderElection30] INFO  impl.LeaderElection (LogUtils.java:infoOrTrace(149)) -   Exception 1: {}
java.util.concurrent.ExecutionException: org.apache.ratis.thirdparty.io.grpc.StatusRuntimeException: UNAVAILABLE: io exception
	at java.util.concurrent.FutureTask.report(FutureTask.java:122)
	at java.util.concurrent.FutureTask.get(FutureTask.java:192)
	at org.apache.ratis.server.impl.LeaderElection.waitForResults(LeaderElection.java:259)
	at org.apache.ratis.server.impl.LeaderElection.askForVotes(LeaderElection.java:197)
	at org.apache.ratis.server.impl.LeaderElection.run(LeaderElection.java:133)
	at java.lang.Thread.run(Thread.java:748)
Caused by: org.apache.ratis.thirdparty.io.grpc.StatusRuntimeException: UNAVAILABLE: io exception
	at org.apache.ratis.thirdparty.io.grpc.stub.ClientCalls.toStatusRuntimeException(ClientCalls.java:233)
	at org.apache.ratis.thirdparty.io.grpc.stub.ClientCalls.getUnchecked(ClientCalls.java:214)
	at org.apache.ratis.thirdparty.io.grpc.stub.ClientCalls.blockingUnaryCall(ClientCalls.java:139)
	at org.apache.ratis.proto.grpc.RaftServerProtocolServiceGrpc$RaftServerProtocolServiceBlockingStub.requestVote(RaftServerProtocolServiceGrpc.java:265)
	at org.apache.ratis.grpc.server.GrpcServerProtocolClient.requestVote(GrpcServerProtocolClient.java:99)
	at org.apache.ratis.grpc.server.GrpcService.requestVote(GrpcService.java:204)
	at org.apache.ratis.server.impl.LeaderElection.lambda$submitRequests$1(LeaderElection.java:234)
	at java.util.concurrent.FutureTask.run(FutureTask.java:266)
	at java.util.concurrent.Executors$RunnableAdapter.call(Executors.java:511)
	at java.util.concurrent.FutureTask.run(FutureTask.java:266)
	at java.util.concurrent.ThreadPoolExecutor.runWorker(ThreadPoolExecutor.java:1149)
	at java.util.concurrent.ThreadPoolExecutor$Worker.run(ThreadPoolExecutor.java:624)
	... 1 more
Caused by: org.apache.ratis.thirdparty.io.netty.channel.AbstractChannel$AnnotatedConnectException: Connection refused: /192.168.69.90:34309
	at sun.nio.ch.SocketChannelImpl.checkConnect(Native Method)
	at sun.nio.ch.SocketChannelImpl.finishConnect(SocketChannelImpl.java:717)
	at org.apache.ratis.thirdparty.io.netty.channel.socket.nio.NioSocketChannel.doFinishConnect(NioSocketChannel.java:327)
	at org.apache.ratis.thirdparty.io.netty.channel.nio.AbstractNioChannel$AbstractNioUnsafe.finishConnect(AbstractNioChannel.java:340)
	at org.apache.ratis.thirdparty.io.netty.channel.nio.NioEventLoop.processSelectedKey(NioEventLoop.java:632)
	at org.apache.ratis.thirdparty.io.netty.channel.nio.NioEventLoop.processSelectedKeysOptimized(NioEventLoop.java:579)
	at org.apache.ratis.thirdparty.io.netty.channel.nio.NioEventLoop.processSelectedKeys(NioEventLoop.java:496)
	at org.apache.ratis.thirdparty.io.netty.channel.nio.NioEventLoop.run(NioEventLoop.java:458)
	at org.apache.ratis.thirdparty.io.netty.util.concurrent.SingleThreadEventExecutor$5.run(SingleThreadEventExecutor.java:897)
	at org.apache.ratis.thirdparty.io.netty.util.concurrent.FastThreadLocalRunnable.run(FastThreadLocalRunnable.java:30)
	... 1 more
Caused by: java.net.ConnectException: Connection refused
	... 11 more
2019-10-16 17:19:21,440 [main] INFO  impl.StateMachineUpdater (StateMachineUpdater.java:stopAndJoin(136)) - 39efc1e0-b8a0-46ae-8203-75644d0567c7@group-941A7E3B3D30-StateMachineUpdater: set stopIndex = 0
2019-10-16 17:19:21,440 [ce7940c3-cf81-4e60-9959-5d5957212d6b@group-87054B518F87-LeaderElection30] INFO  impl.RaftServerImpl (RaftServerImpl.java:setRole(170)) - ce7940c3-cf81-4e60-9959-5d5957212d6b@group-87054B518F87: changes role from CANDIDATE to FOLLOWER at term 5 for DISCOVERED_A_NEW_TERM
2019-10-16 17:19:21,440 [main] INFO  impl.RaftServerImpl (ServerState.java:close(387)) - 39efc1e0-b8a0-46ae-8203-75644d0567c7@group-941A7E3B3D30: closes. applyIndex: 0
2019-10-16 17:19:21,440 [ce7940c3-cf81-4e60-9959-5d5957212d6b@group-87054B518F87-LeaderElection30] INFO  impl.RoleInfo (RoleInfo.java:shutdownLeaderElection(134)) - ce7940c3-cf81-4e60-9959-5d5957212d6b: shutdown LeaderElection
2019-10-16 17:19:21,441 [ce7940c3-cf81-4e60-9959-5d5957212d6b@group-87054B518F87-LeaderElection30] INFO  impl.RoleInfo (RoleInfo.java:updateAndGet(143)) - ce7940c3-cf81-4e60-9959-5d5957212d6b: start FollowerState
2019-10-16 17:19:21,441 [39efc1e0-b8a0-46ae-8203-75644d0567c7@group-941A7E3B3D30-SegmentedRaftLogWorker] INFO  segmented.SegmentedRaftLogWorker (SegmentedRaftLogWorker.java:run(316)) - 39efc1e0-b8a0-46ae-8203-75644d0567c7@group-941A7E3B3D30-SegmentedRaftLogWorker was interrupted, exiting. There are 0 tasks remaining in the queue.
2019-10-16 17:19:21,441 [main] INFO  segmented.SegmentedRaftLogWorker (SegmentedRaftLogWorker.java:close(224)) - 39efc1e0-b8a0-46ae-8203-75644d0567c7@group-941A7E3B3D30-SegmentedRaftLogWorker close()
2019-10-16 17:19:21,443 [main] INFO  server.GrpcService (GrpcService.java:closeImpl(164)) - 39efc1e0-b8a0-46ae-8203-75644d0567c7: shutdown server with port 37505 now
2019-10-16 17:19:21,443 [main] INFO  server.GrpcService (GrpcService.java:closeImpl(172)) - 39efc1e0-b8a0-46ae-8203-75644d0567c7: shutdown server with port 37505 successfully
2019-10-16 17:19:21,446 [refreshUsed-/workdir/hadoop-ozone/integration-test/target/test-dir/MiniOzoneClusterImpl-1b119847-9446-4130-a6ab-c741bf0ba7df/datanode-8/data/containers] WARN  fs.CachingGetSpaceUsed (CachingGetSpaceUsed.java:run(183)) - Thread Interrupted waiting to refresh disk information: sleep interrupted
2019-10-16 17:19:21,461 [main] INFO  utils.BackgroundService (BackgroundService.java:shutdown(151)) - Shutting down service BlockDeletingService
2019-10-16 17:19:21,465 [main] INFO  statemachine.DatanodeStateMachine (DatanodeStateMachine.java:stopDaemon(395)) - Ozone container server stopped.
2019-10-16 17:19:21,466 [main] INFO  handler.ContextHandler (ContextHandler.java:doStop(910)) - Stopped o.e.j.w.WebAppContext@31dfc6f5{/,null,UNAVAILABLE}{/hddsDatanode}
2019-10-16 17:19:21,467 [main] INFO  server.AbstractConnector (AbstractConnector.java:doStop(318)) - Stopped ServerConnector@37b52340{HTTP/1.1,[http/1.1]}{0.0.0.0:0}
2019-10-16 17:19:21,467 [main] INFO  handler.ContextHandler (ContextHandler.java:doStop(910)) - Stopped o.e.j.s.ServletContextHandler@b9a77c8{/static,jar:file:/home/user/.m2/repository/org/apache/hadoop/hadoop-hdds-container-service/0.5.0-SNAPSHOT/hadoop-hdds-container-service-0.5.0-SNAPSHOT.jar!/webapps/static,UNAVAILABLE}
2019-10-16 17:19:21,468 [main] INFO  handler.ContextHandler (ContextHandler.java:doStop(910)) - Stopped o.e.j.s.ServletContextHandler@2cc75074{/logs,file:///workdir/hadoop-ozone/integration-test/target/log,UNAVAILABLE}
2019-10-16 17:19:21,709 [ForkJoinPool.commonPool-worker-0] INFO  ozoneimpl.OzoneContainer (OzoneContainer.java:stop(227)) - Attempting to stop container services.
2019-10-16 17:19:21,709 [ForkJoinPool.commonPool-worker-0] INFO  impl.RaftServerProxy (RaftServerProxy.java:lambda$close$4(314)) - ce7940c3-cf81-4e60-9959-5d5957212d6b: close
2019-10-16 17:19:21,709 [ForkJoinPool.commonPool-worker-0] INFO  impl.RaftServerImpl (RaftServerImpl.java:lambda$shutdown$3(247)) - ce7940c3-cf81-4e60-9959-5d5957212d6b@group-87054B518F87: shutdown
2019-10-16 17:19:21,710 [ForkJoinPool.commonPool-worker-0] INFO  util.JmxRegister (JmxRegister.java:unregister(73)) - Successfully un-registered JMX Bean with object name Ratis:service=RaftServer,group=group-87054B518F87,id=ce7940c3-cf81-4e60-9959-5d5957212d6b
2019-10-16 17:19:21,710 [ForkJoinPool.commonPool-worker-0] INFO  impl.RoleInfo (RoleInfo.java:shutdownFollowerState(121)) - ce7940c3-cf81-4e60-9959-5d5957212d6b: shutdown FollowerState
2019-10-16 17:19:21,710 [ForkJoinPool.commonPool-worker-0] INFO  impl.StateMachineUpdater (StateMachineUpdater.java:stopAndJoin(136)) - ce7940c3-cf81-4e60-9959-5d5957212d6b@group-87054B518F87-StateMachineUpdater: set stopIndex = 2
2019-10-16 17:19:21,710 [ce7940c3-cf81-4e60-9959-5d5957212d6b@group-87054B518F87-StateMachineUpdater] INFO  ratis.ContainerStateMachine (ContainerStateMachine.java:takeSnapshot(294)) - group-87054B518F87: Taking a snapshot at:(t:3, i:1) file /workdir/hadoop-ozone/integration-test/target/test-dir/MiniOzoneClusterImpl-1b119847-9446-4130-a6ab-c741bf0ba7df/datanode-0/data/ratis/98b26a71-8402-4b59-aeeb-87054b518f87/sm/snapshot.3_1
2019-10-16 17:19:21,710 [Thread-1014] INFO  impl.FollowerState (FollowerState.java:run(117)) - ce7940c3-cf81-4e60-9959-5d5957212d6b@group-87054B518F87-FollowerState was interrupted: java.lang.InterruptedException: sleep interrupted
2019-10-16 17:19:21,721 [Datanode State Machine Thread - 0] INFO  statemachine.DatanodeStateMachine (DatanodeStateMachine.java:lambda$startDaemon$0(350)) - Ozone container server started.
2019-10-16 17:19:21,869 [grpc-default-executor-5] WARN  server.GrpcLogAppender (LogUtils.java:warn(134)) - edabc722-9974-498c-890b-46d66b917a65@group-C8506EB59547->36127643-2c32-4e4d-8f36-0b4a74ca3071-AppendLogResponseHandler: Failed appendEntries: org.apache.ratis.thirdparty.io.grpc.StatusRuntimeException: UNAVAILABLE: io exception
2019-10-16 17:19:21,870 [grpc-default-executor-5] INFO  impl.FollowerInfo (FollowerInfo.java:lambda$new$0(51)) - edabc722-9974-498c-890b-46d66b917a65@group-C8506EB59547->36127643-2c32-4e4d-8f36-0b4a74ca3071: nextIndex: updateUnconditionally 0 -> 0
2019-10-16 17:19:22,370 [grpc-default-executor-5] WARN  server.GrpcLogAppender (LogUtils.java:warn(134)) - edabc722-9974-498c-890b-46d66b917a65@group-C8506EB59547->36127643-2c32-4e4d-8f36-0b4a74ca3071-AppendLogResponseHandler: Failed appendEntries: org.apache.ratis.thirdparty.io.grpc.StatusRuntimeException: UNAVAILABLE: io exception
2019-10-16 17:19:22,371 [grpc-default-executor-5] INFO  impl.FollowerInfo (FollowerInfo.java:lambda$new$0(51)) - edabc722-9974-498c-890b-46d66b917a65@group-C8506EB59547->36127643-2c32-4e4d-8f36-0b4a74ca3071: nextIndex: updateUnconditionally 0 -> 0
2019-10-16 17:19:22,871 [grpc-default-executor-5] WARN  server.GrpcLogAppender (LogUtils.java:warn(134)) - edabc722-9974-498c-890b-46d66b917a65@group-C8506EB59547->36127643-2c32-4e4d-8f36-0b4a74ca3071-AppendLogResponseHandler: Failed appendEntries: org.apache.ratis.thirdparty.io.grpc.StatusRuntimeException: UNAVAILABLE: io exception
2019-10-16 17:19:22,871 [grpc-default-executor-5] INFO  impl.FollowerInfo (FollowerInfo.java:lambda$new$0(51)) - edabc722-9974-498c-890b-46d66b917a65@group-C8506EB59547->36127643-2c32-4e4d-8f36-0b4a74ca3071: nextIndex: updateUnconditionally 0 -> 0
2019-10-16 17:19:23,372 [grpc-default-executor-8] WARN  server.GrpcLogAppender (LogUtils.java:warn(134)) - edabc722-9974-498c-890b-46d66b917a65@group-C8506EB59547->36127643-2c32-4e4d-8f36-0b4a74ca3071-AppendLogResponseHandler: Failed appendEntries: org.apache.ratis.thirdparty.io.grpc.StatusRuntimeException: UNAVAILABLE: io exception
2019-10-16 17:19:23,373 [grpc-default-executor-8] INFO  impl.FollowerInfo (FollowerInfo.java:lambda$new$0(51)) - edabc722-9974-498c-890b-46d66b917a65@group-C8506EB59547->36127643-2c32-4e4d-8f36-0b4a74ca3071: nextIndex: updateUnconditionally 0 -> 0
2019-10-16 17:19:23,427 [ce7940c3-cf81-4e60-9959-5d5957212d6b@group-87054B518F87-StateMachineUpdater] INFO  ratis.ContainerStateMachine (ContainerStateMachine.java:takeSnapshot(305)) - group-87054B518F87: Finished taking a snapshot at:(t:3, i:1) file:/workdir/hadoop-ozone/integration-test/target/test-dir/MiniOzoneClusterImpl-1b119847-9446-4130-a6ab-c741bf0ba7df/datanode-0/data/ratis/98b26a71-8402-4b59-aeeb-87054b518f87/sm/snapshot.3_1 time:1716
2019-10-16 17:19:23,427 [ce7940c3-cf81-4e60-9959-5d5957212d6b@group-87054B518F87-StateMachineUpdater] INFO  impl.StateMachineUpdater (StateMachineUpdater.java:takeSnapshot(269)) - ce7940c3-cf81-4e60-9959-5d5957212d6b@group-87054B518F87-StateMachineUpdater: Took a snapshot at index 1
2019-10-16 17:19:23,427 [ce7940c3-cf81-4e60-9959-5d5957212d6b@group-87054B518F87-StateMachineUpdater] INFO  impl.StateMachineUpdater (StateMachineUpdater.java:lambda$new$0(84)) - ce7940c3-cf81-4e60-9959-5d5957212d6b@group-87054B518F87-StateMachineUpdater: snapshotIndex: updateIncreasingly -1 -> 1
2019-10-16 17:19:23,428 [ce7940c3-cf81-4e60-9959-5d5957212d6b@group-87054B518F87-StateMachineUpdater] INFO  ratis.ContainerStateMachine (ContainerStateMachine.java:takeSnapshot(294)) - group-87054B518F87: Taking a snapshot at:(t:3, i:1) file /workdir/hadoop-ozone/integration-test/target/test-dir/MiniOzoneClusterImpl-1b119847-9446-4130-a6ab-c741bf0ba7df/datanode-0/data/ratis/98b26a71-8402-4b59-aeeb-87054b518f87/sm/snapshot.3_1
2019-10-16 17:19:23,875 [grpc-default-executor-8] WARN  server.GrpcLogAppender (LogUtils.java:warn(134)) - edabc722-9974-498c-890b-46d66b917a65@group-C8506EB59547->36127643-2c32-4e4d-8f36-0b4a74ca3071-AppendLogResponseHandler: Failed appendEntries: org.apache.ratis.thirdparty.io.grpc.StatusRuntimeException: UNAVAILABLE: io exception
2019-10-16 17:19:23,876 [grpc-default-executor-8] INFO  impl.FollowerInfo (FollowerInfo.java:lambda$new$0(51)) - edabc722-9974-498c-890b-46d66b917a65@group-C8506EB59547->36127643-2c32-4e4d-8f36-0b4a74ca3071: nextIndex: updateUnconditionally 0 -> 0
2019-10-16 17:19:24,379 [grpc-default-executor-8] WARN  server.GrpcLogAppender (LogUtils.java:warn(134)) - edabc722-9974-498c-890b-46d66b917a65@group-C8506EB59547->36127643-2c32-4e4d-8f36-0b4a74ca3071-AppendLogResponseHandler: Failed appendEntries: org.apache.ratis.thirdparty.io.grpc.StatusRuntimeException: UNAVAILABLE: io exception
2019-10-16 17:19:24,380 [grpc-default-executor-8] INFO  impl.FollowerInfo (FollowerInfo.java:lambda$new$0(51)) - edabc722-9974-498c-890b-46d66b917a65@group-C8506EB59547->36127643-2c32-4e4d-8f36-0b4a74ca3071: nextIndex: updateUnconditionally 0 -> 0
2019-10-16 17:19:24,879 [grpc-default-executor-8] WARN  server.GrpcLogAppender (LogUtils.java:warn(134)) - edabc722-9974-498c-890b-46d66b917a65@group-C8506EB59547->36127643-2c32-4e4d-8f36-0b4a74ca3071-AppendLogResponseHandler: Failed appendEntries: org.apache.ratis.thirdparty.io.grpc.StatusRuntimeException: UNAVAILABLE: io exception
2019-10-16 17:19:24,880 [grpc-default-executor-8] INFO  impl.FollowerInfo (FollowerInfo.java:lambda$new$0(51)) - edabc722-9974-498c-890b-46d66b917a65@group-C8506EB59547->36127643-2c32-4e4d-8f36-0b4a74ca3071: nextIndex: updateUnconditionally 0 -> 0
2019-10-16 17:19:25,384 [grpc-default-executor-4] WARN  server.GrpcLogAppender (LogUtils.java:warn(134)) - edabc722-9974-498c-890b-46d66b917a65@group-C8506EB59547->36127643-2c32-4e4d-8f36-0b4a74ca3071-AppendLogResponseHandler: Failed appendEntries: org.apache.ratis.thirdparty.io.grpc.StatusRuntimeException: UNAVAILABLE: io exception
2019-10-16 17:19:25,385 [grpc-default-executor-4] INFO  impl.FollowerInfo (FollowerInfo.java:lambda$new$0(51)) - edabc722-9974-498c-890b-46d66b917a65@group-C8506EB59547->36127643-2c32-4e4d-8f36-0b4a74ca3071: nextIndex: updateUnconditionally 0 -> 0
2019-10-16 17:19:25,887 [grpc-default-executor-5] WARN  server.GrpcLogAppender (LogUtils.java:warn(134)) - edabc722-9974-498c-890b-46d66b917a65@group-C8506EB59547->36127643-2c32-4e4d-8f36-0b4a74ca3071-AppendLogResponseHandler: Failed appendEntries: org.apache.ratis.thirdparty.io.grpc.StatusRuntimeException: UNAVAILABLE: io exception
2019-10-16 17:19:25,888 [grpc-default-executor-5] INFO  impl.FollowerInfo (FollowerInfo.java:lambda$new$0(51)) - edabc722-9974-498c-890b-46d66b917a65@group-C8506EB59547->36127643-2c32-4e4d-8f36-0b4a74ca3071: nextIndex: updateUnconditionally 0 -> 0
2019-10-16 17:19:26,385 [grpc-default-executor-8] WARN  server.GrpcLogAppender (LogUtils.java:warn(134)) - edabc722-9974-498c-890b-46d66b917a65@group-C8506EB59547->36127643-2c32-4e4d-8f36-0b4a74ca3071-AppendLogResponseHandler: Failed appendEntries: org.apache.ratis.thirdparty.io.grpc.StatusRuntimeException: UNAVAILABLE: io exception
2019-10-16 17:19:26,386 [grpc-default-executor-8] INFO  impl.FollowerInfo (FollowerInfo.java:lambda$new$0(51)) - edabc722-9974-498c-890b-46d66b917a65@group-C8506EB59547->36127643-2c32-4e4d-8f36-0b4a74ca3071: nextIndex: updateUnconditionally 0 -> 0
2019-10-16 17:19:26,469 [main] INFO  ozoneimpl.OzoneContainer (OzoneContainer.java:stop(227)) - Attempting to stop container services.
2019-10-16 17:19:26,470 [main] INFO  impl.RaftServerProxy (RaftServerProxy.java:lambda$close$4(314)) - edabc722-9974-498c-890b-46d66b917a65: close
2019-10-16 17:19:26,471 [main] INFO  impl.RaftServerImpl (RaftServerImpl.java:lambda$shutdown$3(247)) - edabc722-9974-498c-890b-46d66b917a65@group-5D307CB20D1A: shutdown
2019-10-16 17:19:26,471 [main] INFO  util.JmxRegister (JmxRegister.java:unregister(73)) - Successfully un-registered JMX Bean with object name Ratis:service=RaftServer,group=group-5D307CB20D1A,id=edabc722-9974-498c-890b-46d66b917a65
2019-10-16 17:19:26,471 [main] INFO  impl.RoleInfo (RoleInfo.java:shutdownLeaderState(104)) - edabc722-9974-498c-890b-46d66b917a65: shutdown LeaderState
2019-10-16 17:19:26,472 [main] INFO  impl.PendingRequests (PendingRequests.java:sendNotLeaderResponses(202)) - edabc722-9974-498c-890b-46d66b917a65@group-5D307CB20D1A-PendingRequests: sendNotLeaderResponses
2019-10-16 17:19:26,472 [main] INFO  impl.StateMachineUpdater (StateMachineUpdater.java:stopAndJoin(136)) - edabc722-9974-498c-890b-46d66b917a65@group-5D307CB20D1A-StateMachineUpdater: set stopIndex = 0
2019-10-16 17:19:26,473 [main] INFO  impl.RaftServerImpl (ServerState.java:close(387)) - edabc722-9974-498c-890b-46d66b917a65@group-5D307CB20D1A: closes. applyIndex: 0
2019-10-16 17:19:26,474 [edabc722-9974-498c-890b-46d66b917a65@group-5D307CB20D1A-SegmentedRaftLogWorker] INFO  segmented.SegmentedRaftLogWorker (SegmentedRaftLogWorker.java:run(316)) - edabc722-9974-498c-890b-46d66b917a65@group-5D307CB20D1A-SegmentedRaftLogWorker was interrupted, exiting. There are 0 tasks remaining in the queue.
2019-10-16 17:19:26,474 [main] INFO  segmented.SegmentedRaftLogWorker (SegmentedRaftLogWorker.java:close(224)) - edabc722-9974-498c-890b-46d66b917a65@group-5D307CB20D1A-SegmentedRaftLogWorker close()
2019-10-16 17:19:26,476 [main] INFO  impl.RaftServerImpl (RaftServerImpl.java:lambda$shutdown$3(247)) - edabc722-9974-498c-890b-46d66b917a65@group-C8506EB59547: shutdown
2019-10-16 17:19:26,477 [main] INFO  util.JmxRegister (JmxRegister.java:unregister(73)) - Successfully un-registered JMX Bean with object name Ratis:service=RaftServer,group=group-C8506EB59547,id=edabc722-9974-498c-890b-46d66b917a65
2019-10-16 17:19:26,477 [main] INFO  impl.RoleInfo (RoleInfo.java:shutdownLeaderState(104)) - edabc722-9974-498c-890b-46d66b917a65: shutdown LeaderState
2019-10-16 17:19:26,480 [org.apache.ratis.server.impl.LogAppender$AppenderDaemon$$Lambda$538/1404878384@4b3e1c03] WARN  server.GrpcLogAppender (GrpcLogAppender.java:mayWait(143)) - edabc722-9974-498c-890b-46d66b917a65@group-C8506EB59547->e2977a6c-6648-46b0-b933-4c020a2bfddc-GrpcLogAppender: Wait interrupted by java.lang.InterruptedException
2019-10-16 17:19:26,480 [org.apache.ratis.server.impl.LogAppender$AppenderDaemon$$Lambda$538/1404878384@3047897d] WARN  server.GrpcLogAppender (GrpcLogAppender.java:mayWait(143)) - edabc722-9974-498c-890b-46d66b917a65@group-C8506EB59547->36127643-2c32-4e4d-8f36-0b4a74ca3071-GrpcLogAppender: Wait interrupted by java.lang.InterruptedException
2019-10-16 17:19:26,480 [main] INFO  impl.PendingRequests (PendingRequests.java:sendNotLeaderResponses(202)) - edabc722-9974-498c-890b-46d66b917a65@group-C8506EB59547-PendingRequests: sendNotLeaderResponses
2019-10-16 17:19:26,483 [grpc-default-executor-8] INFO  server.GrpcServerProtocolService (GrpcServerProtocolService.java:onCompleted(113)) - e2977a6c-6648-46b0-b933-4c020a2bfddc: Completed APPEND_ENTRIES, lastRequest: edabc722-9974-498c-890b-46d66b917a65->e2977a6c-6648-46b0-b933-4c020a2bfddc#119-t2, previous=(t:2, i:4), leaderCommit=4, initializing? false, entries: <empty>
2019-10-16 17:19:26,483 [edabc722-9974-498c-890b-46d66b917a65@group-C8506EB59547-StateMachineUpdater] INFO  ratis.ContainerStateMachine (ContainerStateMachine.java:takeSnapshot(294)) - group-C8506EB59547: Taking a snapshot at:(t:2, i:4) file /workdir/hadoop-ozone/integration-test/target/test-dir/MiniOzoneClusterImpl-1b119847-9446-4130-a6ab-c741bf0ba7df/datanode-9/data/ratis/6feb2f47-d62f-4fef-8cd9-c8506eb59547/sm/snapshot.2_4
2019-10-16 17:19:26,484 [grpc-default-executor-5] INFO  server.GrpcLogAppender (GrpcLogAppender.java:onCompleted(293)) - edabc722-9974-498c-890b-46d66b917a65@group-C8506EB59547->e2977a6c-6648-46b0-b933-4c020a2bfddc-AppendLogResponseHandler: follower responses appendEntries COMPLETED
2019-10-16 17:19:26,484 [main] INFO  impl.StateMachineUpdater (StateMachineUpdater.java:stopAndJoin(136)) - edabc722-9974-498c-890b-46d66b917a65@group-C8506EB59547-StateMachineUpdater: set stopIndex = 4
2019-10-16 17:19:26,485 [grpc-default-executor-5] INFO  impl.FollowerInfo (FollowerInfo.java:lambda$new$0(51)) - edabc722-9974-498c-890b-46d66b917a65@group-C8506EB59547->e2977a6c-6648-46b0-b933-4c020a2bfddc: nextIndex: updateUnconditionally 5 -> 4
2019-10-16 17:19:27,676 [ce7940c3-cf81-4e60-9959-5d5957212d6b@group-87054B518F87-StateMachineUpdater] INFO  ratis.ContainerStateMachine (ContainerStateMachine.java:takeSnapshot(305)) - group-87054B518F87: Finished taking a snapshot at:(t:3, i:1) file:/workdir/hadoop-ozone/integration-test/target/test-dir/MiniOzoneClusterImpl-1b119847-9446-4130-a6ab-c741bf0ba7df/datanode-0/data/ratis/98b26a71-8402-4b59-aeeb-87054b518f87/sm/snapshot.3_1 time:4249
2019-10-16 17:19:27,677 [ce7940c3-cf81-4e60-9959-5d5957212d6b@group-87054B518F87-StateMachineUpdater] INFO  impl.StateMachineUpdater (StateMachineUpdater.java:takeSnapshot(269)) - ce7940c3-cf81-4e60-9959-5d5957212d6b@group-87054B518F87-StateMachineUpdater: Took a snapshot at index 1
2019-10-16 17:19:27,677 [ce7940c3-cf81-4e60-9959-5d5957212d6b@group-87054B518F87-StateMachineUpdater] INFO  impl.StateMachineUpdater (StateMachineUpdater.java:lambda$new$0(84)) - ce7940c3-cf81-4e60-9959-5d5957212d6b@group-87054B518F87-StateMachineUpdater: snapshotIndex: updateIncreasingly 1 -> 1
2019-10-16 17:19:27,678 [ForkJoinPool.commonPool-worker-0] INFO  impl.RaftServerImpl (ServerState.java:close(387)) - ce7940c3-cf81-4e60-9959-5d5957212d6b@group-87054B518F87: closes. applyIndex: 2
2019-10-16 17:19:27,679 [ce7940c3-cf81-4e60-9959-5d5957212d6b@group-87054B518F87-SegmentedRaftLogWorker] INFO  segmented.SegmentedRaftLogWorker (SegmentedRaftLogWorker.java:run(316)) - ce7940c3-cf81-4e60-9959-5d5957212d6b@group-87054B518F87-SegmentedRaftLogWorker was interrupted, exiting. There are 0 tasks remaining in the queue.
2019-10-16 17:19:28,037 [Thread-408] INFO  impl.FollowerState (FollowerState.java:run(108)) - e2977a6c-6648-46b0-b933-4c020a2bfddc@group-C8506EB59547-FollowerState: change to CANDIDATE, lastRpcTime:2058ms, electionTimeout:1011ms
2019-10-16 17:19:28,037 [Thread-408] INFO  impl.RoleInfo (RoleInfo.java:shutdownFollowerState(121)) - e2977a6c-6648-46b0-b933-4c020a2bfddc: shutdown FollowerState
2019-10-16 17:19:28,037 [Thread-408] INFO  impl.RaftServerImpl (RaftServerImpl.java:setRole(170)) - e2977a6c-6648-46b0-b933-4c020a2bfddc@group-C8506EB59547: changes role from  FOLLOWER to CANDIDATE at term 2 for changeToCandidate
2019-10-16 17:19:28,038 [Thread-408] INFO  impl.RoleInfo (RoleInfo.java:updateAndGet(143)) - e2977a6c-6648-46b0-b933-4c020a2bfddc: start LeaderElection
2019-10-16 17:19:28,040 [e2977a6c-6648-46b0-b933-4c020a2bfddc@group-C8506EB59547-LeaderElection31] INFO  impl.RaftServerImpl (ServerState.java:setLeader(255)) - e2977a6c-6648-46b0-b933-4c020a2bfddc@group-C8506EB59547: change Leader from edabc722-9974-498c-890b-46d66b917a65 to null at term 2 for initElection
2019-10-16 17:19:29,416 [ForkJoinPool.commonPool-worker-0] INFO  segmented.SegmentedRaftLogWorker (SegmentedRaftLogWorker.java:close(224)) - ce7940c3-cf81-4e60-9959-5d5957212d6b@group-87054B518F87-SegmentedRaftLogWorker close()
2019-10-16 17:19:29,420 [ForkJoinPool.commonPool-worker-0] INFO  impl.RaftServerImpl (RaftServerImpl.java:lambda$shutdown$3(247)) - ce7940c3-cf81-4e60-9959-5d5957212d6b@group-152500D812F1: shutdown
2019-10-16 17:19:29,421 [ForkJoinPool.commonPool-worker-0] INFO  util.JmxRegister (JmxRegister.java:unregister(73)) - Successfully un-registered JMX Bean with object name Ratis:service=RaftServer,group=group-152500D812F1,id=ce7940c3-cf81-4e60-9959-5d5957212d6b
2019-10-16 17:19:29,421 [ForkJoinPool.commonPool-worker-0] INFO  impl.RoleInfo (RoleInfo.java:shutdownLeaderState(104)) - ce7940c3-cf81-4e60-9959-5d5957212d6b: shutdown LeaderState
2019-10-16 17:19:29,421 [ForkJoinPool.commonPool-worker-0] INFO  impl.PendingRequests (PendingRequests.java:sendNotLeaderResponses(202)) - ce7940c3-cf81-4e60-9959-5d5957212d6b@group-152500D812F1-PendingRequests: sendNotLeaderResponses
2019-10-16 17:19:29,422 [ForkJoinPool.commonPool-worker-0] INFO  impl.StateMachineUpdater (StateMachineUpdater.java:stopAndJoin(136)) - ce7940c3-cf81-4e60-9959-5d5957212d6b@group-152500D812F1-StateMachineUpdater: set stopIndex = 0
2019-10-16 17:19:29,423 [ForkJoinPool.commonPool-worker-0] INFO  impl.RaftServerImpl (ServerState.java:close(387)) - ce7940c3-cf81-4e60-9959-5d5957212d6b@group-152500D812F1: closes. applyIndex: 0
2019-10-16 17:19:29,423 [ce7940c3-cf81-4e60-9959-5d5957212d6b@group-152500D812F1-SegmentedRaftLogWorker] INFO  segmented.SegmentedRaftLogWorker (SegmentedRaftLogWorker.java:run(316)) - ce7940c3-cf81-4e60-9959-5d5957212d6b@group-152500D812F1-SegmentedRaftLogWorker was interrupted, exiting. There are 0 tasks remaining in the queue.
2019-10-16 17:19:29,424 [ForkJoinPool.commonPool-worker-0] INFO  segmented.SegmentedRaftLogWorker (SegmentedRaftLogWorker.java:close(224)) - ce7940c3-cf81-4e60-9959-5d5957212d6b@group-152500D812F1-SegmentedRaftLogWorker close()
2019-10-16 17:19:29,426 [ForkJoinPool.commonPool-worker-0] INFO  server.GrpcService (GrpcService.java:closeImpl(164)) - ce7940c3-cf81-4e60-9959-5d5957212d6b: shutdown server with port 38676 now
2019-10-16 17:19:29,427 [ForkJoinPool.commonPool-worker-0] INFO  server.GrpcService (GrpcService.java:closeImpl(172)) - ce7940c3-cf81-4e60-9959-5d5957212d6b: shutdown server with port 38676 successfully
2019-10-16 17:19:29,437 [refreshUsed-/workdir/hadoop-ozone/integration-test/target/test-dir/MiniOzoneClusterImpl-1b119847-9446-4130-a6ab-c741bf0ba7df/datanode-0/data/containers] WARN  fs.CachingGetSpaceUsed (CachingGetSpaceUsed.java:run(183)) - Thread Interrupted waiting to refresh disk information: sleep interrupted
2019-10-16 17:19:29,468 [ForkJoinPool.commonPool-worker-0] INFO  utils.BackgroundService (BackgroundService.java:shutdown(151)) - Shutting down service BlockDeletingService
2019-10-16 17:19:29,472 [ForkJoinPool.commonPool-worker-0] INFO  statemachine.DatanodeStateMachine (DatanodeStateMachine.java:stopDaemon(395)) - Ozone container server stopped.
2019-10-16 17:19:29,476 [ForkJoinPool.commonPool-worker-0] INFO  handler.ContextHandler (ContextHandler.java:doStop(910)) - Stopped o.e.j.w.WebAppContext@146dcfe6{/,null,UNAVAILABLE}{/hddsDatanode}
2019-10-16 17:19:29,477 [ForkJoinPool.commonPool-worker-0] INFO  server.AbstractConnector (AbstractConnector.java:doStop(318)) - Stopped ServerConnector@22587507{HTTP/1.1,[http/1.1]}{0.0.0.0:0}
2019-10-16 17:19:29,478 [ForkJoinPool.commonPool-worker-0] INFO  handler.ContextHandler (ContextHandler.java:doStop(910)) - Stopped o.e.j.s.ServletContextHandler@5b9396d3{/static,jar:file:/home/user/.m2/repository/org/apache/hadoop/hadoop-hdds-container-service/0.5.0-SNAPSHOT/hadoop-hdds-container-service-0.5.0-SNAPSHOT.jar!/webapps/static,UNAVAILABLE}
2019-10-16 17:19:29,480 [ForkJoinPool.commonPool-worker-0] INFO  handler.ContextHandler (ContextHandler.java:doStop(910)) - Stopped o.e.j.s.ServletContextHandler@1f7076bc{/logs,file:///workdir/hadoop-ozone/integration-test/target/log,UNAVAILABLE}
2019-10-16 17:19:29,722 [Datanode State Machine Thread - 0] INFO  statemachine.DatanodeStateMachine (DatanodeStateMachine.java:lambda$startDaemon$0(350)) - Ozone container server started.
2019-10-16 17:19:30,335 [edabc722-9974-498c-890b-46d66b917a65@group-C8506EB59547-StateMachineUpdater] INFO  ratis.ContainerStateMachine (ContainerStateMachine.java:takeSnapshot(305)) - group-C8506EB59547: Finished taking a snapshot at:(t:2, i:4) file:/workdir/hadoop-ozone/integration-test/target/test-dir/MiniOzoneClusterImpl-1b119847-9446-4130-a6ab-c741bf0ba7df/datanode-9/data/ratis/6feb2f47-d62f-4fef-8cd9-c8506eb59547/sm/snapshot.2_4 time:3851
2019-10-16 17:19:31,689 [edabc722-9974-498c-890b-46d66b917a65@group-C8506EB59547-StateMachineUpdater] INFO  impl.StateMachineUpdater (StateMachineUpdater.java:takeSnapshot(269)) - edabc722-9974-498c-890b-46d66b917a65@group-C8506EB59547-StateMachineUpdater: Took a snapshot at index 4
2019-10-16 17:19:31,689 [edabc722-9974-498c-890b-46d66b917a65@group-C8506EB59547-StateMachineUpdater] INFO  impl.StateMachineUpdater (StateMachineUpdater.java:lambda$new$0(84)) - edabc722-9974-498c-890b-46d66b917a65@group-C8506EB59547-StateMachineUpdater: snapshotIndex: updateIncreasingly -1 -> 4
2019-10-16 17:19:31,690 [main] INFO  impl.RaftServerImpl (ServerState.java:close(387)) - edabc722-9974-498c-890b-46d66b917a65@group-C8506EB59547: closes. applyIndex: 4
2019-10-16 17:19:31,690 [edabc722-9974-498c-890b-46d66b917a65@group-C8506EB59547-SegmentedRaftLogWorker] INFO  segmented.SegmentedRaftLogWorker (SegmentedRaftLogWorker.java:run(316)) - edabc722-9974-498c-890b-46d66b917a65@group-C8506EB59547-SegmentedRaftLogWorker was interrupted, exiting. There are 0 tasks remaining in the queue.
2019-10-16 17:19:31,691 [main] INFO  segmented.SegmentedRaftLogWorker (SegmentedRaftLogWorker.java:close(224)) - edabc722-9974-498c-890b-46d66b917a65@group-C8506EB59547-SegmentedRaftLogWorker close()
2019-10-16 17:19:31,693 [main] INFO  server.GrpcService (GrpcService.java:closeImpl(164)) - edabc722-9974-498c-890b-46d66b917a65: shutdown server with port 35421 now
2019-10-16 17:19:31,694 [main] INFO  server.GrpcService (GrpcService.java:closeImpl(172)) - edabc722-9974-498c-890b-46d66b917a65: shutdown server with port 35421 successfully
2019-10-16 17:19:31,699 [refreshUsed-/workdir/hadoop-ozone/integration-test/target/test-dir/MiniOzoneClusterImpl-1b119847-9446-4130-a6ab-c741bf0ba7df/datanode-9/data/containers] WARN  fs.CachingGetSpaceUsed (CachingGetSpaceUsed.java:run(183)) - Thread Interrupted waiting to refresh disk information: sleep interrupted
2019-10-16 17:19:31,711 [main] INFO  utils.BackgroundService (BackgroundService.java:shutdown(151)) - Shutting down service BlockDeletingService
2019-10-16 17:19:31,714 [main] INFO  statemachine.DatanodeStateMachine (DatanodeStateMachine.java:stopDaemon(395)) - Ozone container server stopped.
2019-10-16 17:19:31,716 [main] INFO  handler.ContextHandler (ContextHandler.java:doStop(910)) - Stopped o.e.j.w.WebAppContext@265bd546{/,null,UNAVAILABLE}{/hddsDatanode}
2019-10-16 17:19:31,716 [main] INFO  server.AbstractConnector (AbstractConnector.java:doStop(318)) - Stopped ServerConnector@1937eaff{HTTP/1.1,[http/1.1]}{0.0.0.0:0}
2019-10-16 17:19:31,716 [main] INFO  handler.ContextHandler (ContextHandler.java:doStop(910)) - Stopped o.e.j.s.ServletContextHandler@1d805aa1{/static,jar:file:/home/user/.m2/repository/org/apache/hadoop/hadoop-hdds-container-service/0.5.0-SNAPSHOT/hadoop-hdds-container-service-0.5.0-SNAPSHOT.jar!/webapps/static,UNAVAILABLE}
2019-10-16 17:19:31,717 [main] INFO  handler.ContextHandler (ContextHandler.java:doStop(910)) - Stopped o.e.j.s.ServletContextHandler@2100d047{/logs,file:///workdir/hadoop-ozone/integration-test/target/log,UNAVAILABLE}
2019-10-16 17:19:32,635 [Datanode State Machine Thread - 0] INFO  statemachine.DatanodeStateMachine (DatanodeStateMachine.java:lambda$startDaemon$0(350)) - Ozone container server started.
2019-10-16 17:19:32,937 [e2977a6c-6648-46b0-b933-4c020a2bfddc@group-C8506EB59547-LeaderElection31] INFO  impl.LeaderElection (LeaderElection.java:askForVotes(178)) - e2977a6c-6648-46b0-b933-4c020a2bfddc@group-C8506EB59547-LeaderElection31: begin an election at term 3 for 0: [edabc722-9974-498c-890b-46d66b917a65:192.168.69.90:35421, e2977a6c-6648-46b0-b933-4c020a2bfddc:192.168.69.90:34436, 36127643-2c32-4e4d-8f36-0b4a74ca3071:192.168.69.90:34023], old=null
2019-10-16 17:19:32,941 [e2977a6c-6648-46b0-b933-4c020a2bfddc@group-C8506EB59547-LeaderElection31] INFO  impl.LeaderElection (LogUtils.java:infoOrTrace(149)) - e2977a6c-6648-46b0-b933-4c020a2bfddc@group-C8506EB59547-LeaderElection31 got exception when requesting votes: {}
java.util.concurrent.ExecutionException: org.apache.ratis.thirdparty.io.grpc.StatusRuntimeException: UNAVAILABLE: io exception
	at java.util.concurrent.FutureTask.report(FutureTask.java:122)
	at java.util.concurrent.FutureTask.get(FutureTask.java:192)
	at org.apache.ratis.server.impl.LeaderElection.waitForResults(LeaderElection.java:259)
	at org.apache.ratis.server.impl.LeaderElection.askForVotes(LeaderElection.java:197)
	at org.apache.ratis.server.impl.LeaderElection.run(LeaderElection.java:133)
	at java.lang.Thread.run(Thread.java:748)
Caused by: org.apache.ratis.thirdparty.io.grpc.StatusRuntimeException: UNAVAILABLE: io exception
	at org.apache.ratis.thirdparty.io.grpc.stub.ClientCalls.toStatusRuntimeException(ClientCalls.java:233)
	at org.apache.ratis.thirdparty.io.grpc.stub.ClientCalls.getUnchecked(ClientCalls.java:214)
	at org.apache.ratis.thirdparty.io.grpc.stub.ClientCalls.blockingUnaryCall(ClientCalls.java:139)
	at org.apache.ratis.proto.grpc.RaftServerProtocolServiceGrpc$RaftServerProtocolServiceBlockingStub.requestVote(RaftServerProtocolServiceGrpc.java:265)
	at org.apache.ratis.grpc.server.GrpcServerProtocolClient.requestVote(GrpcServerProtocolClient.java:99)
	at org.apache.ratis.grpc.server.GrpcService.requestVote(GrpcService.java:204)
	at org.apache.ratis.server.impl.LeaderElection.lambda$submitRequests$1(LeaderElection.java:234)
	at java.util.concurrent.FutureTask.run(FutureTask.java:266)
	at java.util.concurrent.Executors$RunnableAdapter.call(Executors.java:511)
	at java.util.concurrent.FutureTask.run(FutureTask.java:266)
	at java.util.concurrent.ThreadPoolExecutor.runWorker(ThreadPoolExecutor.java:1149)
	at java.util.concurrent.ThreadPoolExecutor$Worker.run(ThreadPoolExecutor.java:624)
	... 1 more
Caused by: org.apache.ratis.thirdparty.io.netty.channel.AbstractChannel$AnnotatedConnectException: Connection refused: /192.168.69.90:35421
	at sun.nio.ch.SocketChannelImpl.checkConnect(Native Method)
	at sun.nio.ch.SocketChannelImpl.finishConnect(SocketChannelImpl.java:717)
	at org.apache.ratis.thirdparty.io.netty.channel.socket.nio.NioSocketChannel.doFinishConnect(NioSocketChannel.java:327)
	at org.apache.ratis.thirdparty.io.netty.channel.nio.AbstractNioChannel$AbstractNioUnsafe.finishConnect(AbstractNioChannel.java:340)
	at org.apache.ratis.thirdparty.io.netty.channel.nio.NioEventLoop.processSelectedKey(NioEventLoop.java:632)
	at org.apache.ratis.thirdparty.io.netty.channel.nio.NioEventLoop.processSelectedKeysOptimized(NioEventLoop.java:579)
	at org.apache.ratis.thirdparty.io.netty.channel.nio.NioEventLoop.processSelectedKeys(NioEventLoop.java:496)
	at org.apache.ratis.thirdparty.io.netty.channel.nio.NioEventLoop.run(NioEventLoop.java:458)
	at org.apache.ratis.thirdparty.io.netty.util.concurrent.SingleThreadEventExecutor$5.run(SingleThreadEventExecutor.java:897)
	at org.apache.ratis.thirdparty.io.netty.util.concurrent.FastThreadLocalRunnable.run(FastThreadLocalRunnable.java:30)
	... 1 more
Caused by: java.net.ConnectException: Connection refused
	... 11 more
2019-10-16 17:19:32,943 [e2977a6c-6648-46b0-b933-4c020a2bfddc@group-C8506EB59547-LeaderElection31] INFO  impl.LeaderElection (LogUtils.java:infoOrTrace(149)) - e2977a6c-6648-46b0-b933-4c020a2bfddc@group-C8506EB59547-LeaderElection31 got exception when requesting votes: {}
java.util.concurrent.ExecutionException: org.apache.ratis.thirdparty.io.grpc.StatusRuntimeException: UNAVAILABLE: io exception
	at java.util.concurrent.FutureTask.report(FutureTask.java:122)
	at java.util.concurrent.FutureTask.get(FutureTask.java:192)
	at org.apache.ratis.server.impl.LeaderElection.waitForResults(LeaderElection.java:259)
	at org.apache.ratis.server.impl.LeaderElection.askForVotes(LeaderElection.java:197)
	at org.apache.ratis.server.impl.LeaderElection.run(LeaderElection.java:133)
	at java.lang.Thread.run(Thread.java:748)
Caused by: org.apache.ratis.thirdparty.io.grpc.StatusRuntimeException: UNAVAILABLE: io exception
	at org.apache.ratis.thirdparty.io.grpc.stub.ClientCalls.toStatusRuntimeException(ClientCalls.java:233)
	at org.apache.ratis.thirdparty.io.grpc.stub.ClientCalls.getUnchecked(ClientCalls.java:214)
	at org.apache.ratis.thirdparty.io.grpc.stub.ClientCalls.blockingUnaryCall(ClientCalls.java:139)
	at org.apache.ratis.proto.grpc.RaftServerProtocolServiceGrpc$RaftServerProtocolServiceBlockingStub.requestVote(RaftServerProtocolServiceGrpc.java:265)
	at org.apache.ratis.grpc.server.GrpcServerProtocolClient.requestVote(GrpcServerProtocolClient.java:99)
	at org.apache.ratis.grpc.server.GrpcService.requestVote(GrpcService.java:204)
	at org.apache.ratis.server.impl.LeaderElection.lambda$submitRequests$1(LeaderElection.java:234)
	at java.util.concurrent.FutureTask.run(FutureTask.java:266)
	at java.util.concurrent.Executors$RunnableAdapter.call(Executors.java:511)
	at java.util.concurrent.FutureTask.run(FutureTask.java:266)
	at java.util.concurrent.ThreadPoolExecutor.runWorker(ThreadPoolExecutor.java:1149)
	at java.util.concurrent.ThreadPoolExecutor$Worker.run(ThreadPoolExecutor.java:624)
	... 1 more
Caused by: org.apache.ratis.thirdparty.io.netty.channel.AbstractChannel$AnnotatedConnectException: Connection refused: /192.168.69.90:34023
	at sun.nio.ch.SocketChannelImpl.checkConnect(Native Method)
	at sun.nio.ch.SocketChannelImpl.finishConnect(SocketChannelImpl.java:717)
	at org.apache.ratis.thirdparty.io.netty.channel.socket.nio.NioSocketChannel.doFinishConnect(NioSocketChannel.java:327)
	at org.apache.ratis.thirdparty.io.netty.channel.nio.AbstractNioChannel$AbstractNioUnsafe.finishConnect(AbstractNioChannel.java:340)
	at org.apache.ratis.thirdparty.io.netty.channel.nio.NioEventLoop.processSelectedKey(NioEventLoop.java:632)
	at org.apache.ratis.thirdparty.io.netty.channel.nio.NioEventLoop.processSelectedKeysOptimized(NioEventLoop.java:579)
	at org.apache.ratis.thirdparty.io.netty.channel.nio.NioEventLoop.processSelectedKeys(NioEventLoop.java:496)
	at org.apache.ratis.thirdparty.io.netty.channel.nio.NioEventLoop.run(NioEventLoop.java:458)
	at org.apache.ratis.thirdparty.io.netty.util.concurrent.SingleThreadEventExecutor$5.run(SingleThreadEventExecutor.java:897)
	at org.apache.ratis.thirdparty.io.netty.util.concurrent.FastThreadLocalRunnable.run(FastThreadLocalRunnable.java:30)
	... 1 more
Caused by: java.net.ConnectException: Connection refused
	... 11 more
2019-10-16 17:19:32,945 [e2977a6c-6648-46b0-b933-4c020a2bfddc@group-C8506EB59547-LeaderElection31] INFO  impl.LeaderElection (LeaderElection.java:logAndReturn(56)) - e2977a6c-6648-46b0-b933-4c020a2bfddc@group-C8506EB59547-LeaderElection31: Election REJECTED; received 0 response(s) [] and 2 exception(s); e2977a6c-6648-46b0-b933-4c020a2bfddc@group-C8506EB59547:t3, leader=null, voted=e2977a6c-6648-46b0-b933-4c020a2bfddc, raftlog=e2977a6c-6648-46b0-b933-4c020a2bfddc@group-C8506EB59547-SegmentedRaftLog:OPENED:c4,f4,i4, conf=0: [edabc722-9974-498c-890b-46d66b917a65:192.168.69.90:35421, e2977a6c-6648-46b0-b933-4c020a2bfddc:192.168.69.90:34436, 36127643-2c32-4e4d-8f36-0b4a74ca3071:192.168.69.90:34023], old=null
2019-10-16 17:19:32,945 [e2977a6c-6648-46b0-b933-4c020a2bfddc@group-C8506EB59547-LeaderElection31] INFO  impl.LeaderElection (LogUtils.java:infoOrTrace(149)) -   Exception 0: {}
java.util.concurrent.ExecutionException: org.apache.ratis.thirdparty.io.grpc.StatusRuntimeException: UNAVAILABLE: io exception
	at java.util.concurrent.FutureTask.report(FutureTask.java:122)
	at java.util.concurrent.FutureTask.get(FutureTask.java:192)
	at org.apache.ratis.server.impl.LeaderElection.waitForResults(LeaderElection.java:259)
	at org.apache.ratis.server.impl.LeaderElection.askForVotes(LeaderElection.java:197)
	at org.apache.ratis.server.impl.LeaderElection.run(LeaderElection.java:133)
	at java.lang.Thread.run(Thread.java:748)
Caused by: org.apache.ratis.thirdparty.io.grpc.StatusRuntimeException: UNAVAILABLE: io exception
	at org.apache.ratis.thirdparty.io.grpc.stub.ClientCalls.toStatusRuntimeException(ClientCalls.java:233)
	at org.apache.ratis.thirdparty.io.grpc.stub.ClientCalls.getUnchecked(ClientCalls.java:214)
	at org.apache.ratis.thirdparty.io.grpc.stub.ClientCalls.blockingUnaryCall(ClientCalls.java:139)
	at org.apache.ratis.proto.grpc.RaftServerProtocolServiceGrpc$RaftServerProtocolServiceBlockingStub.requestVote(RaftServerProtocolServiceGrpc.java:265)
	at org.apache.ratis.grpc.server.GrpcServerProtocolClient.requestVote(GrpcServerProtocolClient.java:99)
	at org.apache.ratis.grpc.server.GrpcService.requestVote(GrpcService.java:204)
	at org.apache.ratis.server.impl.LeaderElection.lambda$submitRequests$1(LeaderElection.java:234)
	at java.util.concurrent.FutureTask.run(FutureTask.java:266)
	at java.util.concurrent.Executors$RunnableAdapter.call(Executors.java:511)
	at java.util.concurrent.FutureTask.run(FutureTask.java:266)
	at java.util.concurrent.ThreadPoolExecutor.runWorker(ThreadPoolExecutor.java:1149)
	at java.util.concurrent.ThreadPoolExecutor$Worker.run(ThreadPoolExecutor.java:624)
	... 1 more
Caused by: org.apache.ratis.thirdparty.io.netty.channel.AbstractChannel$AnnotatedConnectException: Connection refused: /192.168.69.90:35421
	at sun.nio.ch.SocketChannelImpl.checkConnect(Native Method)
	at sun.nio.ch.SocketChannelImpl.finishConnect(SocketChannelImpl.java:717)
	at org.apache.ratis.thirdparty.io.netty.channel.socket.nio.NioSocketChannel.doFinishConnect(NioSocketChannel.java:327)
	at org.apache.ratis.thirdparty.io.netty.channel.nio.AbstractNioChannel$AbstractNioUnsafe.finishConnect(AbstractNioChannel.java:340)
	at org.apache.ratis.thirdparty.io.netty.channel.nio.NioEventLoop.processSelectedKey(NioEventLoop.java:632)
	at org.apache.ratis.thirdparty.io.netty.channel.nio.NioEventLoop.processSelectedKeysOptimized(NioEventLoop.java:579)
	at org.apache.ratis.thirdparty.io.netty.channel.nio.NioEventLoop.processSelectedKeys(NioEventLoop.java:496)
	at org.apache.ratis.thirdparty.io.netty.channel.nio.NioEventLoop.run(NioEventLoop.java:458)
	at org.apache.ratis.thirdparty.io.netty.util.concurrent.SingleThreadEventExecutor$5.run(SingleThreadEventExecutor.java:897)
	at org.apache.ratis.thirdparty.io.netty.util.concurrent.FastThreadLocalRunnable.run(FastThreadLocalRunnable.java:30)
	... 1 more
Caused by: java.net.ConnectException: Connection refused
	... 11 more
2019-10-16 17:19:32,945 [e2977a6c-6648-46b0-b933-4c020a2bfddc@group-C8506EB59547-LeaderElection31] INFO  impl.LeaderElection (LogUtils.java:infoOrTrace(149)) -   Exception 1: {}
java.util.concurrent.ExecutionException: org.apache.ratis.thirdparty.io.grpc.StatusRuntimeException: UNAVAILABLE: io exception
	at java.util.concurrent.FutureTask.report(FutureTask.java:122)
	at java.util.concurrent.FutureTask.get(FutureTask.java:192)
	at org.apache.ratis.server.impl.LeaderElection.waitForResults(LeaderElection.java:259)
	at org.apache.ratis.server.impl.LeaderElection.askForVotes(LeaderElection.java:197)
	at org.apache.ratis.server.impl.LeaderElection.run(LeaderElection.java:133)
	at java.lang.Thread.run(Thread.java:748)
Caused by: org.apache.ratis.thirdparty.io.grpc.StatusRuntimeException: UNAVAILABLE: io exception
	at org.apache.ratis.thirdparty.io.grpc.stub.ClientCalls.toStatusRuntimeException(ClientCalls.java:233)
	at org.apache.ratis.thirdparty.io.grpc.stub.ClientCalls.getUnchecked(ClientCalls.java:214)
	at org.apache.ratis.thirdparty.io.grpc.stub.ClientCalls.blockingUnaryCall(ClientCalls.java:139)
	at org.apache.ratis.proto.grpc.RaftServerProtocolServiceGrpc$RaftServerProtocolServiceBlockingStub.requestVote(RaftServerProtocolServiceGrpc.java:265)
	at org.apache.ratis.grpc.server.GrpcServerProtocolClient.requestVote(GrpcServerProtocolClient.java:99)
	at org.apache.ratis.grpc.server.GrpcService.requestVote(GrpcService.java:204)
	at org.apache.ratis.server.impl.LeaderElection.lambda$submitRequests$1(LeaderElection.java:234)
	at java.util.concurrent.FutureTask.run(FutureTask.java:266)
	at java.util.concurrent.Executors$RunnableAdapter.call(Executors.java:511)
	at java.util.concurrent.FutureTask.run(FutureTask.java:266)
	at java.util.concurrent.ThreadPoolExecutor.runWorker(ThreadPoolExecutor.java:1149)
	at java.util.concurrent.ThreadPoolExecutor$Worker.run(ThreadPoolExecutor.java:624)
	... 1 more
Caused by: org.apache.ratis.thirdparty.io.netty.channel.AbstractChannel$AnnotatedConnectException: Connection refused: /192.168.69.90:34023
	at sun.nio.ch.SocketChannelImpl.checkConnect(Native Method)
	at sun.nio.ch.SocketChannelImpl.finishConnect(SocketChannelImpl.java:717)
	at org.apache.ratis.thirdparty.io.netty.channel.socket.nio.NioSocketChannel.doFinishConnect(NioSocketChannel.java:327)
	at org.apache.ratis.thirdparty.io.netty.channel.nio.AbstractNioChannel$AbstractNioUnsafe.finishConnect(AbstractNioChannel.java:340)
	at org.apache.ratis.thirdparty.io.netty.channel.nio.NioEventLoop.processSelectedKey(NioEventLoop.java:632)
	at org.apache.ratis.thirdparty.io.netty.channel.nio.NioEventLoop.processSelectedKeysOptimized(NioEventLoop.java:579)
	at org.apache.ratis.thirdparty.io.netty.channel.nio.NioEventLoop.processSelectedKeys(NioEventLoop.java:496)
	at org.apache.ratis.thirdparty.io.netty.channel.nio.NioEventLoop.run(NioEventLoop.java:458)
	at org.apache.ratis.thirdparty.io.netty.util.concurrent.SingleThreadEventExecutor$5.run(SingleThreadEventExecutor.java:897)
	at org.apache.ratis.thirdparty.io.netty.util.concurrent.FastThreadLocalRunnable.run(FastThreadLocalRunnable.java:30)
	... 1 more
Caused by: java.net.ConnectException: Connection refused
	... 11 more
2019-10-16 17:19:32,946 [e2977a6c-6648-46b0-b933-4c020a2bfddc@group-C8506EB59547-LeaderElection31] INFO  impl.RaftServerImpl (RaftServerImpl.java:setRole(170)) - e2977a6c-6648-46b0-b933-4c020a2bfddc@group-C8506EB59547: changes role from CANDIDATE to FOLLOWER at term 3 for DISCOVERED_A_NEW_TERM
2019-10-16 17:19:32,946 [e2977a6c-6648-46b0-b933-4c020a2bfddc@group-C8506EB59547-LeaderElection31] INFO  impl.RoleInfo (RoleInfo.java:shutdownLeaderElection(134)) - e2977a6c-6648-46b0-b933-4c020a2bfddc: shutdown LeaderElection
2019-10-16 17:19:32,946 [e2977a6c-6648-46b0-b933-4c020a2bfddc@group-C8506EB59547-LeaderElection31] INFO  impl.RoleInfo (RoleInfo.java:updateAndGet(143)) - e2977a6c-6648-46b0-b933-4c020a2bfddc: start FollowerState
2019-10-16 17:19:34,045 [Thread-1028] INFO  impl.FollowerState (FollowerState.java:run(108)) - e2977a6c-6648-46b0-b933-4c020a2bfddc@group-C8506EB59547-FollowerState: change to CANDIDATE, lastRpcTime:1098ms, electionTimeout:1098ms
2019-10-16 17:19:34,050 [Thread-1028] INFO  impl.RoleInfo (RoleInfo.java:shutdownFollowerState(121)) - e2977a6c-6648-46b0-b933-4c020a2bfddc: shutdown FollowerState
2019-10-16 17:19:34,051 [Thread-1028] INFO  impl.RaftServerImpl (RaftServerImpl.java:setRole(170)) - e2977a6c-6648-46b0-b933-4c020a2bfddc@group-C8506EB59547: changes role from  FOLLOWER to CANDIDATE at term 3 for changeToCandidate
2019-10-16 17:19:34,051 [Thread-1028] INFO  impl.RoleInfo (RoleInfo.java:updateAndGet(143)) - e2977a6c-6648-46b0-b933-4c020a2bfddc: start LeaderElection
2019-10-16 17:19:34,483 [ForkJoinPool.commonPool-worker-0] INFO  ozoneimpl.OzoneContainer (OzoneContainer.java:stop(227)) - Attempting to stop container services.
2019-10-16 17:19:34,485 [ForkJoinPool.commonPool-worker-0] INFO  impl.RaftServerProxy (RaftServerProxy.java:lambda$close$4(314)) - e2977a6c-6648-46b0-b933-4c020a2bfddc: close
2019-10-16 17:19:34,486 [ForkJoinPool.commonPool-worker-0] INFO  impl.RaftServerImpl (RaftServerImpl.java:lambda$shutdown$3(247)) - e2977a6c-6648-46b0-b933-4c020a2bfddc@group-C8506EB59547: shutdown
2019-10-16 17:19:34,486 [ForkJoinPool.commonPool-worker-0] INFO  util.JmxRegister (JmxRegister.java:unregister(73)) - Successfully un-registered JMX Bean with object name Ratis:service=RaftServer,group=group-C8506EB59547,id=e2977a6c-6648-46b0-b933-4c020a2bfddc
2019-10-16 17:19:34,487 [ForkJoinPool.commonPool-worker-0] INFO  impl.RoleInfo (RoleInfo.java:shutdownLeaderElection(134)) - e2977a6c-6648-46b0-b933-4c020a2bfddc: shutdown LeaderElection
2019-10-16 17:19:34,487 [ForkJoinPool.commonPool-worker-0] INFO  impl.StateMachineUpdater (StateMachineUpdater.java:stopAndJoin(136)) - e2977a6c-6648-46b0-b933-4c020a2bfddc@group-C8506EB59547-StateMachineUpdater: set stopIndex = 4
2019-10-16 17:19:34,488 [e2977a6c-6648-46b0-b933-4c020a2bfddc@group-C8506EB59547-StateMachineUpdater] INFO  ratis.ContainerStateMachine (ContainerStateMachine.java:takeSnapshot(294)) - group-C8506EB59547: Taking a snapshot at:(t:2, i:3) file /workdir/hadoop-ozone/integration-test/target/test-dir/MiniOzoneClusterImpl-1b119847-9446-4130-a6ab-c741bf0ba7df/datanode-1/data/ratis/6feb2f47-d62f-4fef-8cd9-c8506eb59547/sm/snapshot.2_3
2019-10-16 17:19:36,718 [main] INFO  ozoneimpl.OzoneContainer (OzoneContainer.java:stop(227)) - Attempting to stop container services.
2019-10-16 17:19:36,720 [main] INFO  impl.RaftServerProxy (RaftServerProxy.java:lambda$close$4(314)) - 49a5d9d7-3d07-43ac-8c81-5946fbcf265a: close
2019-10-16 17:19:36,720 [main] INFO  impl.RaftServerImpl (RaftServerImpl.java:lambda$shutdown$3(247)) - 49a5d9d7-3d07-43ac-8c81-5946fbcf265a@group-94AD2C78D333: shutdown
2019-10-16 17:19:36,720 [main] INFO  util.JmxRegister (JmxRegister.java:unregister(73)) - Successfully un-registered JMX Bean with object name Ratis:service=RaftServer,group=group-94AD2C78D333,id=49a5d9d7-3d07-43ac-8c81-5946fbcf265a
2019-10-16 17:19:36,721 [main] INFO  impl.RoleInfo (RoleInfo.java:shutdownLeaderState(104)) - 49a5d9d7-3d07-43ac-8c81-5946fbcf265a: shutdown LeaderState
2019-10-16 17:19:36,721 [main] INFO  impl.PendingRequests (PendingRequests.java:sendNotLeaderResponses(202)) - 49a5d9d7-3d07-43ac-8c81-5946fbcf265a@group-94AD2C78D333-PendingRequests: sendNotLeaderResponses
2019-10-16 17:19:36,722 [main] INFO  impl.StateMachineUpdater (StateMachineUpdater.java:stopAndJoin(136)) - 49a5d9d7-3d07-43ac-8c81-5946fbcf265a@group-94AD2C78D333-StateMachineUpdater: set stopIndex = 0
2019-10-16 17:19:36,723 [main] INFO  impl.RaftServerImpl (ServerState.java:close(387)) - 49a5d9d7-3d07-43ac-8c81-5946fbcf265a@group-94AD2C78D333: closes. applyIndex: 0
2019-10-16 17:19:36,724 [49a5d9d7-3d07-43ac-8c81-5946fbcf265a@group-94AD2C78D333-SegmentedRaftLogWorker] INFO  segmented.SegmentedRaftLogWorker (SegmentedRaftLogWorker.java:run(316)) - 49a5d9d7-3d07-43ac-8c81-5946fbcf265a@group-94AD2C78D333-SegmentedRaftLogWorker was interrupted, exiting. There are 0 tasks remaining in the queue.
2019-10-16 17:19:37,030 [main] INFO  segmented.SegmentedRaftLogWorker (SegmentedRaftLogWorker.java:close(224)) - 49a5d9d7-3d07-43ac-8c81-5946fbcf265a@group-94AD2C78D333-SegmentedRaftLogWorker close()
2019-10-16 17:19:37,032 [main] INFO  server.GrpcService (GrpcService.java:closeImpl(164)) - 49a5d9d7-3d07-43ac-8c81-5946fbcf265a: shutdown server with port 43249 now
2019-10-16 17:19:37,035 [main] INFO  server.GrpcService (GrpcService.java:closeImpl(172)) - 49a5d9d7-3d07-43ac-8c81-5946fbcf265a: shutdown server with port 43249 successfully
2019-10-16 17:19:37,040 [refreshUsed-/workdir/hadoop-ozone/integration-test/target/test-dir/MiniOzoneClusterImpl-1b119847-9446-4130-a6ab-c741bf0ba7df/datanode-7/data/containers] WARN  fs.CachingGetSpaceUsed (CachingGetSpaceUsed.java:run(183)) - Thread Interrupted waiting to refresh disk information: sleep interrupted
2019-10-16 17:19:37,058 [main] INFO  utils.BackgroundService (BackgroundService.java:shutdown(151)) - Shutting down service BlockDeletingService
2019-10-16 17:19:37,062 [main] INFO  statemachine.DatanodeStateMachine (DatanodeStateMachine.java:stopDaemon(395)) - Ozone container server stopped.
2019-10-16 17:19:37,063 [main] INFO  handler.ContextHandler (ContextHandler.java:doStop(910)) - Stopped o.e.j.w.WebAppContext@4fa9ab6{/,null,UNAVAILABLE}{/hddsDatanode}
2019-10-16 17:19:37,064 [main] INFO  server.AbstractConnector (AbstractConnector.java:doStop(318)) - Stopped ServerConnector@2d3ef181{HTTP/1.1,[http/1.1]}{0.0.0.0:0}
2019-10-16 17:19:37,065 [main] INFO  handler.ContextHandler (ContextHandler.java:doStop(910)) - Stopped o.e.j.s.ServletContextHandler@173a6728{/static,jar:file:/home/user/.m2/repository/org/apache/hadoop/hadoop-hdds-container-service/0.5.0-SNAPSHOT/hadoop-hdds-container-service-0.5.0-SNAPSHOT.jar!/webapps/static,UNAVAILABLE}
2019-10-16 17:19:37,065 [main] INFO  handler.ContextHandler (ContextHandler.java:doStop(910)) - Stopped o.e.j.s.ServletContextHandler@38b8b6c0{/logs,file:///workdir/hadoop-ozone/integration-test/target/log,UNAVAILABLE}
2019-10-16 17:19:38,068 [e2977a6c-6648-46b0-b933-4c020a2bfddc@group-C8506EB59547-StateMachineUpdater] INFO  ratis.ContainerStateMachine (ContainerStateMachine.java:takeSnapshot(305)) - group-C8506EB59547: Finished taking a snapshot at:(t:2, i:3) file:/workdir/hadoop-ozone/integration-test/target/test-dir/MiniOzoneClusterImpl-1b119847-9446-4130-a6ab-c741bf0ba7df/datanode-1/data/ratis/6feb2f47-d62f-4fef-8cd9-c8506eb59547/sm/snapshot.2_3 time:3580
2019-10-16 17:19:38,068 [e2977a6c-6648-46b0-b933-4c020a2bfddc@group-C8506EB59547-LeaderElection32] INFO  impl.LeaderElection (LeaderElection.java:askForVotes(178)) - e2977a6c-6648-46b0-b933-4c020a2bfddc@group-C8506EB59547-LeaderElection32: begin an election at term 4 for 0: [edabc722-9974-498c-890b-46d66b917a65:192.168.69.90:35421, e2977a6c-6648-46b0-b933-4c020a2bfddc:192.168.69.90:34436, 36127643-2c32-4e4d-8f36-0b4a74ca3071:192.168.69.90:34023], old=null
2019-10-16 17:19:38,068 [e2977a6c-6648-46b0-b933-4c020a2bfddc@group-C8506EB59547-StateMachineUpdater] INFO  impl.StateMachineUpdater (StateMachineUpdater.java:takeSnapshot(269)) - e2977a6c-6648-46b0-b933-4c020a2bfddc@group-C8506EB59547-StateMachineUpdater: Took a snapshot at index 3
2019-10-16 17:19:38,069 [e2977a6c-6648-46b0-b933-4c020a2bfddc@group-C8506EB59547-StateMachineUpdater] INFO  impl.StateMachineUpdater (StateMachineUpdater.java:lambda$new$0(84)) - e2977a6c-6648-46b0-b933-4c020a2bfddc@group-C8506EB59547-StateMachineUpdater: snapshotIndex: updateIncreasingly -1 -> 3
2019-10-16 17:19:38,069 [e2977a6c-6648-46b0-b933-4c020a2bfddc@group-C8506EB59547-LeaderElection32] INFO  impl.LeaderElection (LeaderElection.java:logAndReturn(56)) - e2977a6c-6648-46b0-b933-4c020a2bfddc@group-C8506EB59547-LeaderElection32: Election REJECTED; received 0 response(s) [] and 0 exception(s); e2977a6c-6648-46b0-b933-4c020a2bfddc@group-C8506EB59547:t4, leader=null, voted=e2977a6c-6648-46b0-b933-4c020a2bfddc, raftlog=e2977a6c-6648-46b0-b933-4c020a2bfddc@group-C8506EB59547-SegmentedRaftLog:OPENED:c4,f4,i4, conf=0: [edabc722-9974-498c-890b-46d66b917a65:192.168.69.90:35421, e2977a6c-6648-46b0-b933-4c020a2bfddc:192.168.69.90:34436, 36127643-2c32-4e4d-8f36-0b4a74ca3071:192.168.69.90:34023], old=null
2019-10-16 17:19:38,069 [e2977a6c-6648-46b0-b933-4c020a2bfddc@group-C8506EB59547-StateMachineUpdater] INFO  ratis.ContainerStateMachine (ContainerStateMachine.java:takeSnapshot(294)) - group-C8506EB59547: Taking a snapshot at:(t:2, i:3) file /workdir/hadoop-ozone/integration-test/target/test-dir/MiniOzoneClusterImpl-1b119847-9446-4130-a6ab-c741bf0ba7df/datanode-1/data/ratis/6feb2f47-d62f-4fef-8cd9-c8506eb59547/sm/snapshot.2_3
2019-10-16 17:19:41,043 [e2977a6c-6648-46b0-b933-4c020a2bfddc@group-C8506EB59547-StateMachineUpdater] INFO  ratis.ContainerStateMachine (ContainerStateMachine.java:takeSnapshot(305)) - group-C8506EB59547: Finished taking a snapshot at:(t:2, i:3) file:/workdir/hadoop-ozone/integration-test/target/test-dir/MiniOzoneClusterImpl-1b119847-9446-4130-a6ab-c741bf0ba7df/datanode-1/data/ratis/6feb2f47-d62f-4fef-8cd9-c8506eb59547/sm/snapshot.2_3 time:2973
2019-10-16 17:19:41,046 [e2977a6c-6648-46b0-b933-4c020a2bfddc@group-C8506EB59547-StateMachineUpdater] INFO  impl.StateMachineUpdater (StateMachineUpdater.java:takeSnapshot(269)) - e2977a6c-6648-46b0-b933-4c020a2bfddc@group-C8506EB59547-StateMachineUpdater: Took a snapshot at index 3
2019-10-16 17:19:41,046 [e2977a6c-6648-46b0-b933-4c020a2bfddc@group-C8506EB59547-StateMachineUpdater] INFO  impl.StateMachineUpdater (StateMachineUpdater.java:lambda$new$0(84)) - e2977a6c-6648-46b0-b933-4c020a2bfddc@group-C8506EB59547-StateMachineUpdater: snapshotIndex: updateIncreasingly 3 -> 3
2019-10-16 17:19:41,049 [ForkJoinPool.commonPool-worker-0] INFO  impl.RaftServerImpl (ServerState.java:close(387)) - e2977a6c-6648-46b0-b933-4c020a2bfddc@group-C8506EB59547: closes. applyIndex: 4
2019-10-16 17:19:41,052 [e2977a6c-6648-46b0-b933-4c020a2bfddc@group-C8506EB59547-SegmentedRaftLogWorker] INFO  segmented.SegmentedRaftLogWorker (SegmentedRaftLogWorker.java:run(316)) - e2977a6c-6648-46b0-b933-4c020a2bfddc@group-C8506EB59547-SegmentedRaftLogWorker was interrupted, exiting. There are 0 tasks remaining in the queue.
2019-10-16 17:19:41,053 [ForkJoinPool.commonPool-worker-0] INFO  segmented.SegmentedRaftLogWorker (SegmentedRaftLogWorker.java:close(224)) - e2977a6c-6648-46b0-b933-4c020a2bfddc@group-C8506EB59547-SegmentedRaftLogWorker close()
2019-10-16 17:19:41,054 [ForkJoinPool.commonPool-worker-0] INFO  impl.RaftServerImpl (RaftServerImpl.java:lambda$shutdown$3(247)) - e2977a6c-6648-46b0-b933-4c020a2bfddc@group-F661C0BB29F4: shutdown
2019-10-16 17:19:41,054 [ForkJoinPool.commonPool-worker-0] INFO  util.JmxRegister (JmxRegister.java:unregister(73)) - Successfully un-registered JMX Bean with object name Ratis:service=RaftServer,group=group-F661C0BB29F4,id=e2977a6c-6648-46b0-b933-4c020a2bfddc
2019-10-16 17:19:41,055 [ForkJoinPool.commonPool-worker-0] INFO  impl.RoleInfo (RoleInfo.java:shutdownLeaderState(104)) - e2977a6c-6648-46b0-b933-4c020a2bfddc: shutdown LeaderState
2019-10-16 17:19:41,055 [ForkJoinPool.commonPool-worker-0] INFO  impl.PendingRequests (PendingRequests.java:sendNotLeaderResponses(202)) - e2977a6c-6648-46b0-b933-4c020a2bfddc@group-F661C0BB29F4-PendingRequests: sendNotLeaderResponses
2019-10-16 17:19:41,055 [ForkJoinPool.commonPool-worker-0] INFO  impl.StateMachineUpdater (StateMachineUpdater.java:stopAndJoin(136)) - e2977a6c-6648-46b0-b933-4c020a2bfddc@group-F661C0BB29F4-StateMachineUpdater: set stopIndex = 0
2019-10-16 17:19:41,056 [ForkJoinPool.commonPool-worker-0] INFO  impl.RaftServerImpl (ServerState.java:close(387)) - e2977a6c-6648-46b0-b933-4c020a2bfddc@group-F661C0BB29F4: closes. applyIndex: 0
2019-10-16 17:19:41,056 [e2977a6c-6648-46b0-b933-4c020a2bfddc@group-F661C0BB29F4-SegmentedRaftLogWorker] INFO  segmented.SegmentedRaftLogWorker (SegmentedRaftLogWorker.java:run(316)) - e2977a6c-6648-46b0-b933-4c020a2bfddc@group-F661C0BB29F4-SegmentedRaftLogWorker was interrupted, exiting. There are 0 tasks remaining in the queue.
2019-10-16 17:19:41,057 [ForkJoinPool.commonPool-worker-0] INFO  segmented.SegmentedRaftLogWorker (SegmentedRaftLogWorker.java:close(224)) - e2977a6c-6648-46b0-b933-4c020a2bfddc@group-F661C0BB29F4-SegmentedRaftLogWorker close()
2019-10-16 17:19:41,058 [ForkJoinPool.commonPool-worker-0] INFO  server.GrpcService (GrpcService.java:closeImpl(164)) - e2977a6c-6648-46b0-b933-4c020a2bfddc: shutdown server with port 34436 now
2019-10-16 17:19:41,058 [ForkJoinPool.commonPool-worker-0] INFO  server.GrpcService (GrpcService.java:closeImpl(172)) - e2977a6c-6648-46b0-b933-4c020a2bfddc: shutdown server with port 34436 successfully
2019-10-16 17:19:41,060 [refreshUsed-/workdir/hadoop-ozone/integration-test/target/test-dir/MiniOzoneClusterImpl-1b119847-9446-4130-a6ab-c741bf0ba7df/datanode-1/data/containers] WARN  fs.CachingGetSpaceUsed (CachingGetSpaceUsed.java:run(183)) - Thread Interrupted waiting to refresh disk information: sleep interrupted
2019-10-16 17:19:41,082 [ForkJoinPool.commonPool-worker-0] INFO  utils.BackgroundService (BackgroundService.java:shutdown(151)) - Shutting down service BlockDeletingService
2019-10-16 17:19:41,085 [ForkJoinPool.commonPool-worker-0] INFO  statemachine.DatanodeStateMachine (DatanodeStateMachine.java:stopDaemon(395)) - Ozone container server stopped.
2019-10-16 17:19:41,088 [ForkJoinPool.commonPool-worker-0] INFO  handler.ContextHandler (ContextHandler.java:doStop(910)) - Stopped o.e.j.w.WebAppContext@7a0e7ecd{/,null,UNAVAILABLE}{/hddsDatanode}
2019-10-16 17:19:41,089 [ForkJoinPool.commonPool-worker-0] INFO  server.AbstractConnector (AbstractConnector.java:doStop(318)) - Stopped ServerConnector@54e3658c{HTTP/1.1,[http/1.1]}{0.0.0.0:0}
2019-10-16 17:19:41,090 [ForkJoinPool.commonPool-worker-0] INFO  handler.ContextHandler (ContextHandler.java:doStop(910)) - Stopped o.e.j.s.ServletContextHandler@5fa23c{/static,jar:file:/home/user/.m2/repository/org/apache/hadoop/hadoop-hdds-container-service/0.5.0-SNAPSHOT/hadoop-hdds-container-service-0.5.0-SNAPSHOT.jar!/webapps/static,UNAVAILABLE}
2019-10-16 17:19:41,091 [ForkJoinPool.commonPool-worker-0] INFO  handler.ContextHandler (ContextHandler.java:doStop(910)) - Stopped o.e.j.s.ServletContextHandler@6920614{/logs,file:///workdir/hadoop-ozone/integration-test/target/log,UNAVAILABLE}
2019-10-16 17:19:41,092 [main] INFO  ozone.MiniOzoneClusterImpl (MiniOzoneClusterImpl.java:stopSCM(392)) - Stopping the StorageContainerManager
2019-10-16 17:19:41,092 [main] INFO  server.StorageContainerManager (StorageContainerManager.java:stop(815)) - Stopping Replication Manager Service.
2019-10-16 17:19:41,092 [main] INFO  container.ReplicationManager (ReplicationManager.java:stop(203)) - Stopping Replication Monitor Thread.
2019-10-16 17:19:41,093 [main] INFO  server.StorageContainerManager (StorageContainerManager.java:stop(822)) - Stopping Lease Manager of the command watchers
2019-10-16 17:19:41,093 [main] INFO  server.StorageContainerManager (StorageContainerManager.java:stop(829)) - Stopping datanode service RPC server
2019-10-16 17:19:41,094 [main] INFO  server.SCMDatanodeProtocolServer (SCMDatanodeProtocolServer.java:stop(346)) - Stopping the RPC server for DataNodes
2019-10-16 17:19:41,094 [main] INFO  ipc.Server (Server.java:stop(3082)) - Stopping server on 44304
2019-10-16 17:19:41,095 [IPC Server listener on 44304] INFO  ipc.Server (Server.java:run(1185)) - Stopping IPC Server listener on 44304
2019-10-16 17:19:41,096 [IPC Server Responder] INFO  ipc.Server (Server.java:run(1319)) - Stopping IPC Server Responder
2019-10-16 17:19:41,114 [SCM Heartbeat Processing Thread - 0] WARN  node.NodeStateManager (NodeStateManager.java:scheduleNextHealthCheck(668)) - Current Thread is interrupted, shutting down HB processing thread for Node Manager.
2019-10-16 17:19:41,114 [main] INFO  server.StorageContainerManager (StorageContainerManager.java:stop(837)) - Stopping block service RPC server
2019-10-16 17:19:41,115 [main] INFO  server.SCMBlockProtocolServer (SCMBlockProtocolServer.java:stop(155)) - Stopping the RPC server for Block Protocol
2019-10-16 17:19:41,115 [main] INFO  ipc.Server (Server.java:stop(3082)) - Stopping server on 39034
2019-10-16 17:19:41,117 [IPC Server listener on 39034] INFO  ipc.Server (Server.java:run(1185)) - Stopping IPC Server listener on 39034
2019-10-16 17:19:41,117 [main] INFO  server.StorageContainerManager (StorageContainerManager.java:stop(844)) - Stopping the StorageContainerLocationProtocol RPC server
2019-10-16 17:19:41,117 [IPC Server Responder] INFO  ipc.Server (Server.java:run(1319)) - Stopping IPC Server Responder
2019-10-16 17:19:41,117 [main] INFO  server.SCMClientProtocolServer (SCMClientProtocolServer.java:stop(168)) - Stopping the RPC server for Client Protocol
2019-10-16 17:19:41,117 [main] INFO  ipc.Server (Server.java:stop(3082)) - Stopping server on 44511
2019-10-16 17:19:41,118 [IPC Server listener on 44511] INFO  ipc.Server (Server.java:run(1185)) - Stopping IPC Server listener on 44511
2019-10-16 17:19:41,119 [main] INFO  server.StorageContainerManager (StorageContainerManager.java:stop(851)) - Stopping Storage Container Manager HTTP server.
2019-10-16 17:19:41,119 [IPC Server Responder] INFO  ipc.Server (Server.java:run(1319)) - Stopping IPC Server Responder
2019-10-16 17:19:41,120 [main] INFO  handler.ContextHandler (ContextHandler.java:doStop(910)) - Stopped o.e.j.w.WebAppContext@687a762c{/,null,UNAVAILABLE}{/scm}
2019-10-16 17:19:41,121 [main] INFO  server.AbstractConnector (AbstractConnector.java:doStop(318)) - Stopped ServerConnector@7889a1ac{HTTP/1.1,[http/1.1]}{0.0.0.0:0}
2019-10-16 17:19:41,121 [main] INFO  handler.ContextHandler (ContextHandler.java:doStop(910)) - Stopped o.e.j.s.ServletContextHandler@784c3487{/static,file:///workdir/hadoop-ozone/integration-test/target/test-classes/webapps/static,UNAVAILABLE}
2019-10-16 17:19:41,121 [main] INFO  handler.ContextHandler (ContextHandler.java:doStop(910)) - Stopped o.e.j.s.ServletContextHandler@56e8b606{/logs,file:///workdir/hadoop-ozone/integration-test/target/log,UNAVAILABLE}
2019-10-16 17:19:41,122 [main] INFO  server.StorageContainerManager (StorageContainerManager.java:stop(862)) - Stopping Block Manager Service.
2019-10-16 17:19:41,123 [main] INFO  utils.BackgroundService (BackgroundService.java:shutdown(151)) - Shutting down service SCMBlockDeletingService
2019-10-16 17:19:41,123 [main] INFO  utils.BackgroundService (BackgroundService.java:shutdown(151)) - Shutting down service SCMBlockDeletingService
2019-10-16 17:19:41,124 [main] INFO  server.StorageContainerManager (StorageContainerManager.java:stop(884)) - Stopping SCM Event Queue.
2019-10-16 17:19:41,133 [main] INFO  impl.MetricsSystemImpl (MetricsSystemImpl.java:stop(210)) - Stopping XceiverClientMetrics metrics system...
2019-10-16 17:19:41,143 [prometheus] INFO  impl.MetricsSinkAdapter (MetricsSinkAdapter.java:publishMetricsFromQueue(141)) - prometheus thread interrupted.
2019-10-16 17:19:41,143 [main] INFO  impl.MetricsSystemImpl (MetricsSystemImpl.java:stop(216)) - XceiverClientMetrics metrics system stopped.
]]></system-out>
    <system-err><![CDATA[ERROR StatusLogger No Log4j 2 configuration file found. Using default configuration (logging only errors to the console), or user programmatically provided configurations. Set system property 'log4j2.debug' to show Log4j 2 internal initialization logging. See https://logging.apache.org/log4j/2.x/manual/configuration.html for instructions on how to configure Log4j 2
Oct 16, 2019 5:18:57 PM org.apache.ratis.thirdparty.io.grpc.internal.SerializingExecutor run
SEVERE: Exception while executing runnable org.apache.ratis.thirdparty.io.grpc.internal.ServerImpl$JumpToApplicationThreadServerStreamListener$1Closed@744ff55a
org.apache.ratis.thirdparty.io.grpc.StatusRuntimeException: CANCELLED: call already cancelled
	at org.apache.ratis.thirdparty.io.grpc.Status.asRuntimeException(Status.java:517)
	at org.apache.ratis.thirdparty.io.grpc.stub.ServerCalls$ServerCallStreamObserverImpl.onCompleted(ServerCalls.java:356)
	at org.apache.ratis.grpc.server.GrpcServerProtocolService$ServerRequestStreamObserver.onError(GrpcServerProtocolService.java:121)
	at org.apache.ratis.thirdparty.io.grpc.stub.ServerCalls$StreamingServerCallHandler$StreamingServerCallListener.onCancel(ServerCalls.java:269)
	at org.apache.ratis.thirdparty.io.grpc.internal.ServerCallImpl$ServerStreamListenerImpl.closed(ServerCallImpl.java:293)
	at org.apache.ratis.thirdparty.io.grpc.internal.ServerImpl$JumpToApplicationThreadServerStreamListener$1Closed.runInContext(ServerImpl.java:741)
	at org.apache.ratis.thirdparty.io.grpc.internal.ContextRunnable.run(ContextRunnable.java:37)
	at org.apache.ratis.thirdparty.io.grpc.internal.SerializingExecutor.run(SerializingExecutor.java:123)
	at java.util.concurrent.ThreadPoolExecutor.runWorker(ThreadPoolExecutor.java:1149)
	at java.util.concurrent.ThreadPoolExecutor$Worker.run(ThreadPoolExecutor.java:624)
	at java.lang.Thread.run(Thread.java:748)

Oct 16, 2019 5:19:06 PM org.apache.ratis.thirdparty.io.grpc.internal.SerializingExecutor run
SEVERE: Exception while executing runnable org.apache.ratis.thirdparty.io.grpc.internal.ServerImpl$JumpToApplicationThreadServerStreamListener$1Closed@5318bedd
org.apache.ratis.thirdparty.io.grpc.StatusRuntimeException: CANCELLED: call already cancelled
	at org.apache.ratis.thirdparty.io.grpc.Status.asRuntimeException(Status.java:517)
	at org.apache.ratis.thirdparty.io.grpc.stub.ServerCalls$ServerCallStreamObserverImpl.onCompleted(ServerCalls.java:356)
	at org.apache.ratis.grpc.server.GrpcServerProtocolService$ServerRequestStreamObserver.onError(GrpcServerProtocolService.java:121)
	at org.apache.ratis.thirdparty.io.grpc.stub.ServerCalls$StreamingServerCallHandler$StreamingServerCallListener.onCancel(ServerCalls.java:269)
	at org.apache.ratis.thirdparty.io.grpc.internal.ServerCallImpl$ServerStreamListenerImpl.closed(ServerCallImpl.java:293)
	at org.apache.ratis.thirdparty.io.grpc.internal.ServerImpl$JumpToApplicationThreadServerStreamListener$1Closed.runInContext(ServerImpl.java:741)
	at org.apache.ratis.thirdparty.io.grpc.internal.ContextRunnable.run(ContextRunnable.java:37)
	at org.apache.ratis.thirdparty.io.grpc.internal.SerializingExecutor.run(SerializingExecutor.java:123)
	at java.util.concurrent.ThreadPoolExecutor.runWorker(ThreadPoolExecutor.java:1149)
	at java.util.concurrent.ThreadPoolExecutor$Worker.run(ThreadPoolExecutor.java:624)
	at java.lang.Thread.run(Thread.java:748)

Oct 16, 2019 5:19:06 PM org.apache.ratis.thirdparty.io.grpc.internal.SerializingExecutor run
SEVERE: Exception while executing runnable org.apache.ratis.thirdparty.io.grpc.internal.ServerImpl$JumpToApplicationThreadServerStreamListener$1Closed@72bcf1f9
org.apache.ratis.thirdparty.io.grpc.StatusRuntimeException: CANCELLED: call already cancelled
	at org.apache.ratis.thirdparty.io.grpc.Status.asRuntimeException(Status.java:517)
	at org.apache.ratis.thirdparty.io.grpc.stub.ServerCalls$ServerCallStreamObserverImpl.onCompleted(ServerCalls.java:356)
	at org.apache.ratis.grpc.server.GrpcServerProtocolService$ServerRequestStreamObserver.onError(GrpcServerProtocolService.java:121)
	at org.apache.ratis.thirdparty.io.grpc.stub.ServerCalls$StreamingServerCallHandler$StreamingServerCallListener.onCancel(ServerCalls.java:269)
	at org.apache.ratis.thirdparty.io.grpc.internal.ServerCallImpl$ServerStreamListenerImpl.closed(ServerCallImpl.java:293)
	at org.apache.ratis.thirdparty.io.grpc.internal.ServerImpl$JumpToApplicationThreadServerStreamListener$1Closed.runInContext(ServerImpl.java:741)
	at org.apache.ratis.thirdparty.io.grpc.internal.ContextRunnable.run(ContextRunnable.java:37)
	at org.apache.ratis.thirdparty.io.grpc.internal.SerializingExecutor.run(SerializingExecutor.java:123)
	at java.util.concurrent.ThreadPoolExecutor.runWorker(ThreadPoolExecutor.java:1149)
	at java.util.concurrent.ThreadPoolExecutor$Worker.run(ThreadPoolExecutor.java:624)
	at java.lang.Thread.run(Thread.java:748)

]]></system-err>
  </testcase>
  <testcase name="testMultiBlockWritesWithDnFailures" classname="org.apache.hadoop.ozone.client.rpc.TestMultiBlockWritesWithDnFailures" time="91.191">
    <error message="Allocated 0 blocks. Requested 1 blocks" type="INTERNAL_ERROR org.apache.hadoop.ozone.om.exceptions.OMException">INTERNAL_ERROR org.apache.hadoop.ozone.om.exceptions.OMException: Allocated 0 blocks. Requested 1 blocks
	at org.apache.hadoop.ozone.om.protocolPB.OzoneManagerProtocolClientSideTranslatorPB.handleError(OzoneManagerProtocolClientSideTranslatorPB.java:732)
	at org.apache.hadoop.ozone.om.protocolPB.OzoneManagerProtocolClientSideTranslatorPB.openKey(OzoneManagerProtocolClientSideTranslatorPB.java:723)
	at sun.reflect.NativeMethodAccessorImpl.invoke0(Native Method)
	at sun.reflect.NativeMethodAccessorImpl.invoke(NativeMethodAccessorImpl.java:62)
	at sun.reflect.DelegatingMethodAccessorImpl.invoke(DelegatingMethodAccessorImpl.java:43)
	at java.lang.reflect.Method.invoke(Method.java:498)
	at org.apache.hadoop.hdds.tracing.TraceAllMethod.invoke(TraceAllMethod.java:66)
	at com.sun.proxy.$Proxy36.openKey(Unknown Source)
	at org.apache.hadoop.ozone.client.rpc.RpcClient.createKey(RpcClient.java:614)
	at org.apache.hadoop.ozone.client.OzoneBucket.createKey(OzoneBucket.java:325)
	at org.apache.hadoop.ozone.container.ContainerTestHelper.createKey(ContainerTestHelper.java:696)
	at org.apache.hadoop.ozone.client.rpc.TestMultiBlockWritesWithDnFailures.createKey(TestMultiBlockWritesWithDnFailures.java:212)
	at org.apache.hadoop.ozone.client.rpc.TestMultiBlockWritesWithDnFailures.testMultiBlockWritesWithDnFailures(TestMultiBlockWritesWithDnFailures.java:119)
	at sun.reflect.NativeMethodAccessorImpl.invoke0(Native Method)
	at sun.reflect.NativeMethodAccessorImpl.invoke(NativeMethodAccessorImpl.java:62)
	at sun.reflect.DelegatingMethodAccessorImpl.invoke(DelegatingMethodAccessorImpl.java:43)
	at java.lang.reflect.Method.invoke(Method.java:498)
	at org.junit.runners.model.FrameworkMethod$1.runReflectiveCall(FrameworkMethod.java:47)
	at org.junit.internal.runners.model.ReflectiveCallable.run(ReflectiveCallable.java:12)
	at org.junit.runners.model.FrameworkMethod.invokeExplosively(FrameworkMethod.java:44)
	at org.junit.internal.runners.statements.InvokeMethod.evaluate(InvokeMethod.java:17)
	at org.junit.internal.runners.statements.RunAfters.evaluate(RunAfters.java:27)
	at org.junit.runners.ParentRunner.runLeaf(ParentRunner.java:271)
	at org.junit.runners.BlockJUnit4ClassRunner.runChild(BlockJUnit4ClassRunner.java:70)
	at org.junit.runners.BlockJUnit4ClassRunner.runChild(BlockJUnit4ClassRunner.java:50)
	at org.junit.runners.ParentRunner$3.run(ParentRunner.java:238)
	at org.junit.runners.ParentRunner$1.schedule(ParentRunner.java:63)
	at org.junit.runners.ParentRunner.runChildren(ParentRunner.java:236)
	at org.junit.runners.ParentRunner.access$000(ParentRunner.java:53)
	at org.junit.runners.ParentRunner$2.evaluate(ParentRunner.java:229)
	at org.junit.runners.ParentRunner.run(ParentRunner.java:309)
	at org.apache.maven.surefire.junit4.JUnit4Provider.execute(JUnit4Provider.java:365)
	at org.apache.maven.surefire.junit4.JUnit4Provider.executeWithRerun(JUnit4Provider.java:273)
	at org.apache.maven.surefire.junit4.JUnit4Provider.executeTestSet(JUnit4Provider.java:238)
	at org.apache.maven.surefire.junit4.JUnit4Provider.invoke(JUnit4Provider.java:159)
	at org.apache.maven.surefire.booter.ForkedBooter.invokeProviderInSameClassLoader(ForkedBooter.java:384)
	at org.apache.maven.surefire.booter.ForkedBooter.runSuitesInProcess(ForkedBooter.java:345)
	at org.apache.maven.surefire.booter.ForkedBooter.execute(ForkedBooter.java:126)
	at org.apache.maven.surefire.booter.ForkedBooter.main(ForkedBooter.java:418)
</error>
    <system-out><![CDATA[2019-10-16 17:19:41,237 [main] WARN  server.ServerUtils (ServerUtils.java:getScmDbDir(145)) - ozone.scm.db.dirs is not configured. We recommend adding this setting. Falling back to ozone.metadata.dirs instead.
2019-10-16 17:19:43,123 [main] WARN  server.ServerUtils (ServerUtils.java:getScmDbDir(145)) - ozone.scm.db.dirs is not configured. We recommend adding this setting. Falling back to ozone.metadata.dirs instead.
2019-10-16 17:19:43,124 [main] WARN  server.ServerUtils (ServerUtils.java:getScmDbDir(145)) - ozone.scm.db.dirs is not configured. We recommend adding this setting. Falling back to ozone.metadata.dirs instead.
2019-10-16 17:19:43,125 [main] INFO  db.DBStoreBuilder (DBStoreBuilder.java:addTable(117)) - using custom profile for table: deletedBlocks
2019-10-16 17:19:43,125 [main] INFO  db.DBStoreBuilder (DBStoreBuilder.java:processTables(168)) - Using default column profile:DBProfile.DISK for Table:deletedBlocks
2019-10-16 17:19:43,126 [main] INFO  db.DBStoreBuilder (DBStoreBuilder.java:addTable(117)) - using custom profile for table: validCerts
2019-10-16 17:19:43,126 [main] INFO  db.DBStoreBuilder (DBStoreBuilder.java:processTables(168)) - Using default column profile:DBProfile.DISK for Table:validCerts
2019-10-16 17:19:43,127 [main] INFO  db.DBStoreBuilder (DBStoreBuilder.java:addTable(117)) - using custom profile for table: revokedCerts
2019-10-16 17:19:43,127 [main] INFO  db.DBStoreBuilder (DBStoreBuilder.java:processTables(168)) - Using default column profile:DBProfile.DISK for Table:revokedCerts
2019-10-16 17:19:43,127 [main] INFO  db.DBStoreBuilder (DBStoreBuilder.java:addTable(117)) - using custom profile for table: default
2019-10-16 17:19:43,128 [main] INFO  db.DBStoreBuilder (DBStoreBuilder.java:processTables(174)) - Using default column profile:DBProfile.DISK for Table:default
2019-10-16 17:19:43,128 [main] INFO  db.DBStoreBuilder (DBStoreBuilder.java:getDbProfile(205)) - Using default options. DBProfile.DISK
2019-10-16 17:20:06,841 [main] INFO  net.NodeSchemaLoader (NodeSchemaLoader.java:loadSchemaFromFile(125)) - Loading file from sun.misc.CompoundEnumeration@3e36b7a0
2019-10-16 17:20:06,843 [main] INFO  net.NodeSchemaLoader (NodeSchemaLoader.java:loadSchema(171)) - Loading network topology layer schema file
2019-10-16 17:20:06,855 [main] INFO  node.SCMNodeManager (SCMNodeManager.java:<init>(117)) - Entering startup safe mode.
2019-10-16 17:20:06,859 [main] INFO  algorithms.ContainerPlacementPolicyFactory (ContainerPlacementPolicyFactory.java:getPolicy(57)) - Create container placement policy of type org.apache.hadoop.hdds.scm.container.placement.algorithms.SCMContainerPlacementRandom
2019-10-16 17:20:06,859 [main] WARN  server.ServerUtils (ServerUtils.java:getScmDbDir(145)) - ozone.scm.db.dirs is not configured. We recommend adding this setting. Falling back to ozone.metadata.dirs instead.
2019-10-16 17:20:16,977 [main] INFO  pipeline.SCMPipelineManager (SCMPipelineManager.java:initializePipelineState(132)) - No pipeline exists in current db
2019-10-16 17:20:16,977 [main] WARN  server.ServerUtils (ServerUtils.java:getScmDbDir(145)) - ozone.scm.db.dirs is not configured. We recommend adding this setting. Falling back to ozone.metadata.dirs instead.
2019-10-16 17:20:28,898 [main] WARN  events.EventQueue (EventQueue.java:fireEvent(183)) - No event handler registered for event TypedEvent{payloadType=SafeModeStatus, name='SafeModeStatus'}
2019-10-16 17:20:28,900 [main] INFO  ipc.CallQueueManager (CallQueueManager.java:<init>(84)) - Using callQueue: class java.util.concurrent.LinkedBlockingQueue, queueCapacity: 2000, scheduler: class org.apache.hadoop.ipc.DefaultRpcScheduler, ipcBackoff: false.
2019-10-16 17:20:28,902 [Socket Reader #1 for port 37906] INFO  ipc.Server (Server.java:run(1074)) - Starting Socket Reader #1 for port 37906
2019-10-16 17:20:28,905 [main] INFO  ipc.CallQueueManager (CallQueueManager.java:<init>(84)) - Using callQueue: class java.util.concurrent.LinkedBlockingQueue, queueCapacity: 2000, scheduler: class org.apache.hadoop.ipc.DefaultRpcScheduler, ipcBackoff: false.
2019-10-16 17:20:28,906 [Socket Reader #1 for port 44954] INFO  ipc.Server (Server.java:run(1074)) - Starting Socket Reader #1 for port 44954
2019-10-16 17:20:28,908 [main] INFO  ipc.CallQueueManager (CallQueueManager.java:<init>(84)) - Using callQueue: class java.util.concurrent.LinkedBlockingQueue, queueCapacity: 2000, scheduler: class org.apache.hadoop.ipc.DefaultRpcScheduler, ipcBackoff: false.
2019-10-16 17:20:28,910 [Socket Reader #1 for port 45523] INFO  ipc.Server (Server.java:run(1074)) - Starting Socket Reader #1 for port 45523
2019-10-16 17:20:28,916 [main] INFO  hdfs.DFSUtil (DFSUtil.java:httpServerTemplateForNNAndJN(1641)) - Starting Web-server for scm at: http://0.0.0.0:0
2019-10-16 17:20:28,922 [main] INFO  server.AuthenticationFilter (AuthenticationFilter.java:constructSecretProvider(240)) - Unable to initialize FileSignerSecretProvider, falling back to use random secrets.
2019-10-16 17:20:28,924 [main] WARN  http.HttpRequestLog (HttpRequestLog.java:getRequestLog(97)) - Jetty request log can only be enabled using Log4j
2019-10-16 17:20:28,927 [main] INFO  http.HttpServer2 (HttpServer2.java:addGlobalFilter(975)) - Added global filter 'safety' (class=org.apache.hadoop.http.HttpServer2$QuotingInputFilter)
2019-10-16 17:20:28,929 [main] INFO  http.HttpServer2 (HttpServer2.java:addFilter(948)) - Added filter static_user_filter (class=org.apache.hadoop.http.lib.StaticUserWebFilter$StaticUserFilter) to context scm
2019-10-16 17:20:28,929 [main] INFO  http.HttpServer2 (HttpServer2.java:addFilter(958)) - Added filter static_user_filter (class=org.apache.hadoop.http.lib.StaticUserWebFilter$StaticUserFilter) to context static
2019-10-16 17:20:28,929 [main] INFO  http.HttpServer2 (HttpServer2.java:addFilter(958)) - Added filter static_user_filter (class=org.apache.hadoop.http.lib.StaticUserWebFilter$StaticUserFilter) to context logs
2019-10-16 17:20:28,933 [main] INFO  server.StorageContainerManager (StorageContainerManager.java:start(777)) - StorageContainerLocationProtocol RPC server is listening at /0.0.0.0:45523
2019-10-16 17:20:28,937 [main] WARN  impl.MetricsConfig (MetricsConfig.java:loadFirst(134)) - Cannot locate configuration: tried hadoop-metrics2-storagecontainermanager.properties,hadoop-metrics2.properties
2019-10-16 17:20:28,939 [main] INFO  impl.MetricsSystemImpl (MetricsSystemImpl.java:startTimer(374)) - Scheduled Metric snapshot period at 10 second(s).
2019-10-16 17:20:28,939 [main] INFO  impl.MetricsSystemImpl (MetricsSystemImpl.java:start(191)) - StorageContainerManager metrics system started
2019-10-16 17:20:29,006 [main] WARN  impl.MetricsSystemImpl (MetricsSystemImpl.java:register(276)) - Sink prometheus already exists!
2019-10-16 17:20:29,015 [main] INFO  server.SCMClientProtocolServer (SCMClientProtocolServer.java:start(159)) - RPC server for Client  is listening at /0.0.0.0:45523
2019-10-16 17:20:29,016 [IPC Server Responder] INFO  ipc.Server (Server.java:run(1314)) - IPC Server Responder: starting
2019-10-16 17:20:29,016 [IPC Server listener on 45523] INFO  ipc.Server (Server.java:run(1153)) - IPC Server listener on 45523: starting
2019-10-16 17:20:29,020 [main] INFO  server.StorageContainerManager (StorageContainerManager.java:start(787)) - ScmBlockLocationProtocol RPC server is listening at /0.0.0.0:44954
2019-10-16 17:20:29,021 [main] INFO  server.SCMBlockProtocolServer (SCMBlockProtocolServer.java:start(146)) - RPC server for Block Protocol is listening at /0.0.0.0:44954
2019-10-16 17:20:29,021 [IPC Server Responder] INFO  ipc.Server (Server.java:run(1314)) - IPC Server Responder: starting
2019-10-16 17:20:29,021 [IPC Server listener on 44954] INFO  ipc.Server (Server.java:run(1153)) - IPC Server listener on 44954: starting
2019-10-16 17:20:29,025 [main] INFO  server.StorageContainerManager (StorageContainerManager.java:start(791)) - ScmDatanodeProtocl RPC server is listening at /0.0.0.0:37906
2019-10-16 17:20:29,025 [main] INFO  server.SCMDatanodeProtocolServer (SCMDatanodeProtocolServer.java:start(169)) - RPC server for DataNodes is listening at /0.0.0.0:37906
2019-10-16 17:20:29,026 [IPC Server Responder] INFO  ipc.Server (Server.java:run(1314)) - IPC Server Responder: starting
2019-10-16 17:20:29,026 [IPC Server listener on 37906] INFO  ipc.Server (Server.java:run(1153)) - IPC Server listener on 37906: starting
2019-10-16 17:20:29,030 [main] INFO  http.HttpServer2 (HttpServer2.java:bindListener(1191)) - Jetty bound to port 33789
2019-10-16 17:20:29,031 [main] INFO  server.Server (Server.java:doStart(351)) - jetty-9.3.25.v20180904, build timestamp: 2018-09-04T21:11:46Z, git hash: 3ce520221d0240229c862b122d2b06c12a625732
2019-10-16 17:20:29,033 [main] INFO  handler.ContextHandler (ContextHandler.java:doStart(781)) - Started o.e.j.s.ServletContextHandler@3ba348ca{/logs,file:///workdir/hadoop-ozone/integration-test/target/log,AVAILABLE}
2019-10-16 17:20:29,034 [main] INFO  handler.ContextHandler (ContextHandler.java:doStart(781)) - Started o.e.j.s.ServletContextHandler@45b15381{/static,file:///workdir/hadoop-ozone/integration-test/target/test-classes/webapps/static,AVAILABLE}
2019-10-16 17:20:29,038 [main] INFO  handler.ContextHandler (ContextHandler.java:doStart(781)) - Started o.e.j.w.WebAppContext@67e25252{/,file:///workdir/hadoop-ozone/integration-test/target/test-classes/webapps/scm/,AVAILABLE}{/scm}
2019-10-16 17:20:29,039 [main] INFO  server.AbstractConnector (AbstractConnector.java:doStart(278)) - Started ServerConnector@58f4b31a{HTTP/1.1,[http/1.1]}{0.0.0.0:33789}
2019-10-16 17:20:29,040 [main] INFO  server.Server (Server.java:doStart(419)) - Started @136034ms
2019-10-16 17:20:29,040 [main] WARN  impl.MetricsSystemImpl (MetricsSystemImpl.java:register(276)) - Sink prometheus already exists!
2019-10-16 17:20:29,041 [main] INFO  server.BaseHttpServer (BaseHttpServer.java:updateConnectorAddress(215)) - HTTP server of SCM is listening at http://0.0.0.0:33789
2019-10-16 17:20:29,042 [main] WARN  server.ServerUtils (ServerUtils.java:getDBPath(222)) - ozone.om.db.dirs is not configured. We recommend adding this setting. Falling back to ozone.metadata.dirs instead.
2019-10-16 17:20:29,043 [org.apache.hadoop.util.JvmPauseMonitor$Monitor@72eb6200] INFO  util.JvmPauseMonitor (JvmPauseMonitor.java:run(188)) - Starting JVM pause monitor
2019-10-16 17:20:31,974 [main] INFO  ha.OMHANodeDetails (OMHANodeDetails.java:loadOMHAConfig(190)) - Configuration either no ozone.om.address set. Falling back to the default OM address /127.0.0.1:0
2019-10-16 17:20:31,974 [main] INFO  ha.OMHANodeDetails (OMHANodeDetails.java:getOMNodeDetails(220)) - OM Service ID is not set. Setting it to the default ID: omServiceIdDefault
2019-10-16 17:20:31,975 [main] WARN  server.ServerUtils (ServerUtils.java:getDBPath(222)) - ozone.om.db.dirs is not configured. We recommend adding this setting. Falling back to ozone.metadata.dirs instead.
2019-10-16 17:20:31,975 [main] WARN  server.ServerUtils (ServerUtils.java:getDBPath(222)) - ozone.om.db.dirs is not configured. We recommend adding this setting. Falling back to ozone.metadata.dirs instead.
2019-10-16 17:20:31,989 [main] WARN  server.ServerUtils (ServerUtils.java:getDBPath(222)) - ozone.om.db.dirs is not configured. We recommend adding this setting. Falling back to ozone.metadata.dirs instead.
2019-10-16 17:20:31,990 [main] INFO  db.DBStoreBuilder (DBStoreBuilder.java:addTable(117)) - using custom profile for table: userTable
2019-10-16 17:20:31,990 [main] INFO  db.DBStoreBuilder (DBStoreBuilder.java:processTables(168)) - Using default column profile:DBProfile.DISK for Table:userTable
2019-10-16 17:20:31,990 [main] INFO  db.DBStoreBuilder (DBStoreBuilder.java:addTable(117)) - using custom profile for table: volumeTable
2019-10-16 17:20:31,990 [main] INFO  db.DBStoreBuilder (DBStoreBuilder.java:processTables(168)) - Using default column profile:DBProfile.DISK for Table:volumeTable
2019-10-16 17:20:31,991 [main] INFO  db.DBStoreBuilder (DBStoreBuilder.java:addTable(117)) - using custom profile for table: bucketTable
2019-10-16 17:20:31,991 [main] INFO  db.DBStoreBuilder (DBStoreBuilder.java:processTables(168)) - Using default column profile:DBProfile.DISK for Table:bucketTable
2019-10-16 17:20:31,991 [main] INFO  db.DBStoreBuilder (DBStoreBuilder.java:addTable(117)) - using custom profile for table: keyTable
2019-10-16 17:20:31,992 [main] INFO  db.DBStoreBuilder (DBStoreBuilder.java:processTables(168)) - Using default column profile:DBProfile.DISK for Table:keyTable
2019-10-16 17:20:31,992 [main] INFO  db.DBStoreBuilder (DBStoreBuilder.java:addTable(117)) - using custom profile for table: deletedTable
2019-10-16 17:20:31,992 [main] INFO  db.DBStoreBuilder (DBStoreBuilder.java:processTables(168)) - Using default column profile:DBProfile.DISK for Table:deletedTable
2019-10-16 17:20:31,993 [main] INFO  db.DBStoreBuilder (DBStoreBuilder.java:addTable(117)) - using custom profile for table: openKeyTable
2019-10-16 17:20:31,993 [main] INFO  db.DBStoreBuilder (DBStoreBuilder.java:processTables(168)) - Using default column profile:DBProfile.DISK for Table:openKeyTable
2019-10-16 17:20:31,993 [main] INFO  db.DBStoreBuilder (DBStoreBuilder.java:addTable(117)) - using custom profile for table: s3Table
2019-10-16 17:20:31,993 [main] INFO  db.DBStoreBuilder (DBStoreBuilder.java:processTables(168)) - Using default column profile:DBProfile.DISK for Table:s3Table
2019-10-16 17:20:31,994 [main] INFO  db.DBStoreBuilder (DBStoreBuilder.java:addTable(117)) - using custom profile for table: multipartInfoTable
2019-10-16 17:20:31,994 [main] INFO  db.DBStoreBuilder (DBStoreBuilder.java:processTables(168)) - Using default column profile:DBProfile.DISK for Table:multipartInfoTable
2019-10-16 17:20:31,994 [main] INFO  db.DBStoreBuilder (DBStoreBuilder.java:addTable(117)) - using custom profile for table: dTokenTable
2019-10-16 17:20:31,995 [main] INFO  db.DBStoreBuilder (DBStoreBuilder.java:processTables(168)) - Using default column profile:DBProfile.DISK for Table:dTokenTable
2019-10-16 17:20:31,995 [main] INFO  db.DBStoreBuilder (DBStoreBuilder.java:addTable(117)) - using custom profile for table: s3SecretTable
2019-10-16 17:20:31,995 [main] INFO  db.DBStoreBuilder (DBStoreBuilder.java:processTables(168)) - Using default column profile:DBProfile.DISK for Table:s3SecretTable
2019-10-16 17:20:31,996 [main] INFO  db.DBStoreBuilder (DBStoreBuilder.java:addTable(117)) - using custom profile for table: prefixTable
2019-10-16 17:20:31,996 [main] INFO  db.DBStoreBuilder (DBStoreBuilder.java:processTables(168)) - Using default column profile:DBProfile.DISK for Table:prefixTable
2019-10-16 17:20:31,996 [main] INFO  db.DBStoreBuilder (DBStoreBuilder.java:addTable(117)) - using custom profile for table: default
2019-10-16 17:20:31,996 [main] INFO  db.DBStoreBuilder (DBStoreBuilder.java:processTables(174)) - Using default column profile:DBProfile.DISK for Table:default
2019-10-16 17:20:31,997 [main] INFO  db.DBStoreBuilder (DBStoreBuilder.java:getDbProfile(205)) - Using default options. DBProfile.DISK
2019-10-16 17:20:32,951 [main] INFO  ipc.CallQueueManager (CallQueueManager.java:<init>(84)) - Using callQueue: class java.util.concurrent.LinkedBlockingQueue, queueCapacity: 2000, scheduler: class org.apache.hadoop.ipc.DefaultRpcScheduler, ipcBackoff: false.
2019-10-16 17:20:32,952 [Socket Reader #1 for port 46445] INFO  ipc.Server (Server.java:run(1074)) - Starting Socket Reader #1 for port 46445
2019-10-16 17:20:32,968 [main] INFO  om.OzoneManager (OzoneManager.java:start(1071)) - OzoneManager RPC server is listening at localhost/127.0.0.1:46445
2019-10-16 17:20:32,969 [main] INFO  impl.MetricsSystemImpl (MetricsSystemImpl.java:init(158)) - OzoneManager metrics system started (again)
2019-10-16 17:20:32,971 [IPC Server Responder] INFO  ipc.Server (Server.java:run(1314)) - IPC Server Responder: starting
2019-10-16 17:20:32,972 [IPC Server listener on 46445] INFO  ipc.Server (Server.java:run(1153)) - IPC Server listener on 46445: starting
2019-10-16 17:20:32,976 [main] INFO  hdfs.DFSUtil (DFSUtil.java:httpServerTemplateForNNAndJN(1641)) - Starting Web-server for ozoneManager at: http://0.0.0.0:0
2019-10-16 17:20:32,977 [main] INFO  server.AuthenticationFilter (AuthenticationFilter.java:constructSecretProvider(240)) - Unable to initialize FileSignerSecretProvider, falling back to use random secrets.
2019-10-16 17:20:32,978 [main] WARN  http.HttpRequestLog (HttpRequestLog.java:getRequestLog(97)) - Jetty request log can only be enabled using Log4j
2019-10-16 17:20:32,979 [main] INFO  http.HttpServer2 (HttpServer2.java:addGlobalFilter(975)) - Added global filter 'safety' (class=org.apache.hadoop.http.HttpServer2$QuotingInputFilter)
2019-10-16 17:20:32,980 [main] INFO  http.HttpServer2 (HttpServer2.java:addFilter(948)) - Added filter static_user_filter (class=org.apache.hadoop.http.lib.StaticUserWebFilter$StaticUserFilter) to context ozoneManager
2019-10-16 17:20:32,980 [main] INFO  http.HttpServer2 (HttpServer2.java:addFilter(958)) - Added filter static_user_filter (class=org.apache.hadoop.http.lib.StaticUserWebFilter$StaticUserFilter) to context logs
2019-10-16 17:20:32,980 [main] INFO  http.HttpServer2 (HttpServer2.java:addFilter(958)) - Added filter static_user_filter (class=org.apache.hadoop.http.lib.StaticUserWebFilter$StaticUserFilter) to context static
2019-10-16 17:20:32,981 [main] INFO  http.HttpServer2 (HttpServer2.java:bindListener(1191)) - Jetty bound to port 37564
2019-10-16 17:20:32,981 [main] INFO  server.Server (Server.java:doStart(351)) - jetty-9.3.25.v20180904, build timestamp: 2018-09-04T21:11:46Z, git hash: 3ce520221d0240229c862b122d2b06c12a625732
2019-10-16 17:20:32,983 [main] INFO  handler.ContextHandler (ContextHandler.java:doStart(781)) - Started o.e.j.s.ServletContextHandler@3d20e575{/logs,file:///workdir/hadoop-ozone/integration-test/target/log,AVAILABLE}
2019-10-16 17:20:32,983 [main] INFO  handler.ContextHandler (ContextHandler.java:doStart(781)) - Started o.e.j.s.ServletContextHandler@2b4b96a4{/static,file:///workdir/hadoop-ozone/integration-test/target/test-classes/webapps/static,AVAILABLE}
2019-10-16 17:20:32,987 [main] INFO  handler.ContextHandler (ContextHandler.java:doStart(781)) - Started o.e.j.w.WebAppContext@5e99b9c{/,file:///workdir/hadoop-ozone/integration-test/target/test-classes/webapps/ozoneManager/,AVAILABLE}{/ozoneManager}
2019-10-16 17:20:32,988 [main] INFO  server.AbstractConnector (AbstractConnector.java:doStart(278)) - Started ServerConnector@2fe74516{HTTP/1.1,[http/1.1]}{0.0.0.0:37564}
2019-10-16 17:20:32,989 [main] INFO  server.Server (Server.java:doStart(419)) - Started @139983ms
2019-10-16 17:20:32,989 [main] WARN  impl.MetricsSystemImpl (MetricsSystemImpl.java:register(276)) - Sink prometheus already exists!
2019-10-16 17:20:32,990 [main] INFO  server.BaseHttpServer (BaseHttpServer.java:updateConnectorAddress(215)) - HTTP server of OZONEMANAGER is listening at http://0.0.0.0:37564
2019-10-16 17:20:33,005 [main] INFO  impl.MetricsSystemImpl (MetricsSystemImpl.java:init(158)) - HddsDatanode metrics system started (again)
2019-10-16 17:20:33,006 [main] INFO  ozone.HddsDatanodeService (HddsDatanodeService.java:start(184)) - HddsDatanodeService host:pr-hdds-2197-topology-f2j98-1328871761 ip:192.168.69.90
2019-10-16 17:20:33,014 [main] INFO  volume.HddsVolume (HddsVolume.java:<init>(176)) - Creating Volume: /workdir/hadoop-ozone/integration-test/target/test-dir/MiniOzoneClusterImpl-d62837be-dbbf-4c13-a31e-440e50fcf132/datanode-0/data/containers/hdds of  storage type : DISK and capacity : 1482555576320
2019-10-16 17:20:33,014 [main] INFO  volume.VolumeSet (VolumeSet.java:initializeVolumeSet(170)) - Added Volume : /workdir/hadoop-ozone/integration-test/target/test-dir/MiniOzoneClusterImpl-d62837be-dbbf-4c13-a31e-440e50fcf132/datanode-0/data/containers/hdds to VolumeSet
2019-10-16 17:20:33,014 [main] INFO  volume.ThrottledAsyncChecker (ThrottledAsyncChecker.java:schedule(141)) - Scheduling a check for org.apache.hadoop.ozone.container.common.volume.HddsVolume@68f6e55d
2019-10-16 17:20:33,016 [main] INFO  volume.HddsVolumeChecker (HddsVolumeChecker.java:checkAllVolumes(204)) - Scheduled health check for volume org.apache.hadoop.ozone.container.common.volume.HddsVolume@68f6e55d
2019-10-16 17:20:33,032 [main] INFO  impl.RaftServerProxy (ConfUtils.java:logGet(43)) - raft.rpc.type = GRPC (default)
2019-10-16 17:20:33,032 [main] INFO  grpc.GrpcFactory (GrpcFactory.java:checkPooledByteBufAllocatorUseCacheForAllThreads(45)) - PERFORMANCE WARNING: useCacheForAllThreads is true that may cause Netty to create a lot garbage objects and, as a result, trigger GC.
	It is recommended to disable useCacheForAllThreads by setting -Dorg.apache.ratis.thirdparty.io.netty.allocator.useCacheForAllThreads=false in command line.
2019-10-16 17:20:33,032 [main] INFO  grpc.GrpcConfigKeys$Server (ConfUtils.java:logGet(43)) - raft.grpc.server.port = 0 (default)
2019-10-16 17:20:33,032 [main] INFO  server.GrpcService (ConfUtils.java:logGet(43)) - raft.grpc.message.size.max = 33570816 (custom)
2019-10-16 17:20:33,033 [main] INFO  server.RaftServerConfigKeys (ConfUtils.java:logGet(43)) - raft.server.log.appender.buffer.byte-limit = 33554432 (custom)
2019-10-16 17:20:33,033 [main] INFO  server.GrpcService (ConfUtils.java:logGet(43)) - raft.grpc.flow.control.window = 1MB (=1048576) (default)
2019-10-16 17:20:33,033 [main] INFO  server.RaftServerConfigKeys (ConfUtils.java:logGet(43)) - raft.server.rpc.request.timeout = 3000ms (default)
2019-10-16 17:20:33,034 [main] INFO  server.RaftServerConfigKeys (ConfUtils.java:logGet(43)) - raft.server.storage.dir = [/workdir/hadoop-ozone/integration-test/target/test-dir/MiniOzoneClusterImpl-d62837be-dbbf-4c13-a31e-440e50fcf132/datanode-0/data/ratis] (custom)
2019-10-16 17:20:33,036 [main] INFO  hdfs.DFSUtil (DFSUtil.java:httpServerTemplateForNNAndJN(1641)) - Starting Web-server for hddsDatanode at: http://0.0.0.0:0
2019-10-16 17:20:33,038 [main] INFO  server.AuthenticationFilter (AuthenticationFilter.java:constructSecretProvider(240)) - Unable to initialize FileSignerSecretProvider, falling back to use random secrets.
2019-10-16 17:20:33,038 [main] WARN  http.HttpRequestLog (HttpRequestLog.java:getRequestLog(97)) - Jetty request log can only be enabled using Log4j
2019-10-16 17:20:33,040 [main] INFO  http.HttpServer2 (HttpServer2.java:addGlobalFilter(975)) - Added global filter 'safety' (class=org.apache.hadoop.http.HttpServer2$QuotingInputFilter)
2019-10-16 17:20:33,040 [main] INFO  http.HttpServer2 (HttpServer2.java:addFilter(948)) - Added filter static_user_filter (class=org.apache.hadoop.http.lib.StaticUserWebFilter$StaticUserFilter) to context hddsDatanode
2019-10-16 17:20:33,040 [main] INFO  http.HttpServer2 (HttpServer2.java:addFilter(958)) - Added filter static_user_filter (class=org.apache.hadoop.http.lib.StaticUserWebFilter$StaticUserFilter) to context logs
2019-10-16 17:20:33,040 [main] INFO  http.HttpServer2 (HttpServer2.java:addFilter(958)) - Added filter static_user_filter (class=org.apache.hadoop.http.lib.StaticUserWebFilter$StaticUserFilter) to context static
2019-10-16 17:20:33,041 [main] INFO  http.HttpServer2 (HttpServer2.java:bindListener(1191)) - Jetty bound to port 37476
2019-10-16 17:20:33,041 [main] INFO  server.Server (Server.java:doStart(351)) - jetty-9.3.25.v20180904, build timestamp: 2018-09-04T21:11:46Z, git hash: 3ce520221d0240229c862b122d2b06c12a625732
2019-10-16 17:20:33,043 [main] INFO  handler.ContextHandler (ContextHandler.java:doStart(781)) - Started o.e.j.s.ServletContextHandler@21263314{/logs,file:///workdir/hadoop-ozone/integration-test/target/log,AVAILABLE}
2019-10-16 17:20:33,043 [main] INFO  handler.ContextHandler (ContextHandler.java:doStart(781)) - Started o.e.j.s.ServletContextHandler@4a92c6a9{/static,jar:file:/home/user/.m2/repository/org/apache/hadoop/hadoop-hdds-container-service/0.5.0-SNAPSHOT/hadoop-hdds-container-service-0.5.0-SNAPSHOT.jar!/webapps/static,AVAILABLE}
2019-10-16 17:20:33,074 [main] INFO  handler.ContextHandler (ContextHandler.java:doStart(781)) - Started o.e.j.w.WebAppContext@111d5c97{/,file:///tmp/jetty-0.0.0.0-37476-hddsDatanode-_-any-8998373502216673101.dir/webapp/,AVAILABLE}{/hddsDatanode}
2019-10-16 17:20:33,074 [main] INFO  server.AbstractConnector (AbstractConnector.java:doStart(278)) - Started ServerConnector@29c17c3d{HTTP/1.1,[http/1.1]}{0.0.0.0:37476}
2019-10-16 17:20:33,076 [main] INFO  server.Server (Server.java:doStart(419)) - Started @140070ms
2019-10-16 17:20:33,076 [main] WARN  impl.MetricsSystemImpl (MetricsSystemImpl.java:register(276)) - Sink prometheus already exists!
2019-10-16 17:20:33,079 [main] INFO  server.BaseHttpServer (BaseHttpServer.java:updateConnectorAddress(215)) - HTTP server of HDDSDATANODE is listening at http://0.0.0.0:37476
2019-10-16 17:20:33,079 [main] INFO  impl.MetricsSystemImpl (MetricsSystemImpl.java:init(158)) - HddsDatanode metrics system started (again)
2019-10-16 17:20:33,082 [main] INFO  ozone.HddsDatanodeService (HddsDatanodeService.java:start(184)) - HddsDatanodeService host:pr-hdds-2197-topology-f2j98-1328871761 ip:192.168.69.90
2019-10-16 17:20:33,082 [org.apache.hadoop.util.JvmPauseMonitor$Monitor@1290b002] INFO  util.JvmPauseMonitor (JvmPauseMonitor.java:run(188)) - Starting JVM pause monitor
2019-10-16 17:20:33,087 [Datanode State Machine Thread - 0] INFO  datanode.InitDatanodeState (InitDatanodeState.java:persistContainerDatanodeDetails(140)) - DatanodeDetails is persisted to /workdir/hadoop-ozone/integration-test/target/test-dir/MiniOzoneClusterImpl-d62837be-dbbf-4c13-a31e-440e50fcf132/datanode-0/meta/datanode.id
2019-10-16 17:20:33,090 [main] INFO  volume.HddsVolume (HddsVolume.java:<init>(176)) - Creating Volume: /workdir/hadoop-ozone/integration-test/target/test-dir/MiniOzoneClusterImpl-d62837be-dbbf-4c13-a31e-440e50fcf132/datanode-1/data/containers/hdds of  storage type : DISK and capacity : 1482555576320
2019-10-16 17:20:33,090 [main] INFO  volume.VolumeSet (VolumeSet.java:initializeVolumeSet(170)) - Added Volume : /workdir/hadoop-ozone/integration-test/target/test-dir/MiniOzoneClusterImpl-d62837be-dbbf-4c13-a31e-440e50fcf132/datanode-1/data/containers/hdds to VolumeSet
2019-10-16 17:20:33,090 [main] INFO  volume.ThrottledAsyncChecker (ThrottledAsyncChecker.java:schedule(141)) - Scheduling a check for org.apache.hadoop.ozone.container.common.volume.HddsVolume@f3560d4
2019-10-16 17:20:33,091 [main] INFO  volume.HddsVolumeChecker (HddsVolumeChecker.java:checkAllVolumes(204)) - Scheduled health check for volume org.apache.hadoop.ozone.container.common.volume.HddsVolume@f3560d4
2019-10-16 17:20:33,109 [main] INFO  impl.RaftServerProxy (ConfUtils.java:logGet(43)) - raft.rpc.type = GRPC (default)
2019-10-16 17:20:33,109 [main] INFO  grpc.GrpcFactory (GrpcFactory.java:checkPooledByteBufAllocatorUseCacheForAllThreads(45)) - PERFORMANCE WARNING: useCacheForAllThreads is true that may cause Netty to create a lot garbage objects and, as a result, trigger GC.
	It is recommended to disable useCacheForAllThreads by setting -Dorg.apache.ratis.thirdparty.io.netty.allocator.useCacheForAllThreads=false in command line.
2019-10-16 17:20:33,109 [main] INFO  grpc.GrpcConfigKeys$Server (ConfUtils.java:logGet(43)) - raft.grpc.server.port = 0 (default)
2019-10-16 17:20:33,110 [main] INFO  server.GrpcService (ConfUtils.java:logGet(43)) - raft.grpc.message.size.max = 33570816 (custom)
2019-10-16 17:20:33,110 [main] INFO  server.RaftServerConfigKeys (ConfUtils.java:logGet(43)) - raft.server.log.appender.buffer.byte-limit = 33554432 (custom)
2019-10-16 17:20:33,110 [main] INFO  server.GrpcService (ConfUtils.java:logGet(43)) - raft.grpc.flow.control.window = 1MB (=1048576) (default)
2019-10-16 17:20:33,110 [main] INFO  server.RaftServerConfigKeys (ConfUtils.java:logGet(43)) - raft.server.rpc.request.timeout = 3000ms (default)
2019-10-16 17:20:33,111 [main] INFO  server.RaftServerConfigKeys (ConfUtils.java:logGet(43)) - raft.server.storage.dir = [/workdir/hadoop-ozone/integration-test/target/test-dir/MiniOzoneClusterImpl-d62837be-dbbf-4c13-a31e-440e50fcf132/datanode-1/data/ratis] (custom)
2019-10-16 17:20:33,112 [main] INFO  hdfs.DFSUtil (DFSUtil.java:httpServerTemplateForNNAndJN(1641)) - Starting Web-server for hddsDatanode at: http://0.0.0.0:0
2019-10-16 17:20:33,114 [main] INFO  server.AuthenticationFilter (AuthenticationFilter.java:constructSecretProvider(240)) - Unable to initialize FileSignerSecretProvider, falling back to use random secrets.
2019-10-16 17:20:33,115 [main] WARN  http.HttpRequestLog (HttpRequestLog.java:getRequestLog(97)) - Jetty request log can only be enabled using Log4j
2019-10-16 17:20:33,116 [main] INFO  http.HttpServer2 (HttpServer2.java:addGlobalFilter(975)) - Added global filter 'safety' (class=org.apache.hadoop.http.HttpServer2$QuotingInputFilter)
2019-10-16 17:20:33,117 [main] INFO  http.HttpServer2 (HttpServer2.java:addFilter(948)) - Added filter static_user_filter (class=org.apache.hadoop.http.lib.StaticUserWebFilter$StaticUserFilter) to context hddsDatanode
2019-10-16 17:20:33,117 [main] INFO  http.HttpServer2 (HttpServer2.java:addFilter(958)) - Added filter static_user_filter (class=org.apache.hadoop.http.lib.StaticUserWebFilter$StaticUserFilter) to context logs
2019-10-16 17:20:33,117 [main] INFO  http.HttpServer2 (HttpServer2.java:addFilter(958)) - Added filter static_user_filter (class=org.apache.hadoop.http.lib.StaticUserWebFilter$StaticUserFilter) to context static
2019-10-16 17:20:33,118 [main] INFO  http.HttpServer2 (HttpServer2.java:bindListener(1191)) - Jetty bound to port 43741
2019-10-16 17:20:33,118 [main] INFO  server.Server (Server.java:doStart(351)) - jetty-9.3.25.v20180904, build timestamp: 2018-09-04T21:11:46Z, git hash: 3ce520221d0240229c862b122d2b06c12a625732
2019-10-16 17:20:33,121 [main] INFO  handler.ContextHandler (ContextHandler.java:doStart(781)) - Started o.e.j.s.ServletContextHandler@1319bc2a{/logs,file:///workdir/hadoop-ozone/integration-test/target/log,AVAILABLE}
2019-10-16 17:20:33,121 [main] INFO  handler.ContextHandler (ContextHandler.java:doStart(781)) - Started o.e.j.s.ServletContextHandler@42f85fa4{/static,jar:file:/home/user/.m2/repository/org/apache/hadoop/hadoop-hdds-container-service/0.5.0-SNAPSHOT/hadoop-hdds-container-service-0.5.0-SNAPSHOT.jar!/webapps/static,AVAILABLE}
2019-10-16 17:20:33,158 [main] INFO  handler.ContextHandler (ContextHandler.java:doStart(781)) - Started o.e.j.w.WebAppContext@2404b5a{/,file:///tmp/jetty-0.0.0.0-43741-hddsDatanode-_-any-7578216862499110479.dir/webapp/,AVAILABLE}{/hddsDatanode}
2019-10-16 17:20:33,159 [main] INFO  server.AbstractConnector (AbstractConnector.java:doStart(278)) - Started ServerConnector@3af58f76{HTTP/1.1,[http/1.1]}{0.0.0.0:43741}
2019-10-16 17:20:33,160 [main] INFO  server.Server (Server.java:doStart(419)) - Started @140154ms
2019-10-16 17:20:33,160 [main] WARN  impl.MetricsSystemImpl (MetricsSystemImpl.java:register(276)) - Sink prometheus already exists!
2019-10-16 17:20:33,161 [main] INFO  server.BaseHttpServer (BaseHttpServer.java:updateConnectorAddress(215)) - HTTP server of HDDSDATANODE is listening at http://0.0.0.0:43741
2019-10-16 17:20:33,162 [main] INFO  impl.MetricsSystemImpl (MetricsSystemImpl.java:init(158)) - HddsDatanode metrics system started (again)
2019-10-16 17:20:33,164 [org.apache.hadoop.util.JvmPauseMonitor$Monitor@3b23ab92] INFO  util.JvmPauseMonitor (JvmPauseMonitor.java:run(188)) - Starting JVM pause monitor
2019-10-16 17:20:33,165 [main] INFO  ozone.HddsDatanodeService (HddsDatanodeService.java:start(184)) - HddsDatanodeService host:pr-hdds-2197-topology-f2j98-1328871761 ip:192.168.69.90
2019-10-16 17:20:33,167 [Datanode State Machine Thread - 0] INFO  datanode.InitDatanodeState (InitDatanodeState.java:persistContainerDatanodeDetails(140)) - DatanodeDetails is persisted to /workdir/hadoop-ozone/integration-test/target/test-dir/MiniOzoneClusterImpl-d62837be-dbbf-4c13-a31e-440e50fcf132/datanode-1/meta/datanode.id
2019-10-16 17:20:33,172 [main] INFO  volume.HddsVolume (HddsVolume.java:<init>(176)) - Creating Volume: /workdir/hadoop-ozone/integration-test/target/test-dir/MiniOzoneClusterImpl-d62837be-dbbf-4c13-a31e-440e50fcf132/datanode-2/data/containers/hdds of  storage type : DISK and capacity : 1482555576320
2019-10-16 17:20:33,173 [main] INFO  volume.VolumeSet (VolumeSet.java:initializeVolumeSet(170)) - Added Volume : /workdir/hadoop-ozone/integration-test/target/test-dir/MiniOzoneClusterImpl-d62837be-dbbf-4c13-a31e-440e50fcf132/datanode-2/data/containers/hdds to VolumeSet
2019-10-16 17:20:33,173 [main] INFO  volume.ThrottledAsyncChecker (ThrottledAsyncChecker.java:schedule(141)) - Scheduling a check for org.apache.hadoop.ozone.container.common.volume.HddsVolume@60e3c26e
2019-10-16 17:20:33,173 [main] INFO  volume.HddsVolumeChecker (HddsVolumeChecker.java:checkAllVolumes(204)) - Scheduled health check for volume org.apache.hadoop.ozone.container.common.volume.HddsVolume@60e3c26e
2019-10-16 17:20:33,187 [main] INFO  impl.RaftServerProxy (ConfUtils.java:logGet(43)) - raft.rpc.type = GRPC (default)
2019-10-16 17:20:33,187 [main] INFO  grpc.GrpcFactory (GrpcFactory.java:checkPooledByteBufAllocatorUseCacheForAllThreads(45)) - PERFORMANCE WARNING: useCacheForAllThreads is true that may cause Netty to create a lot garbage objects and, as a result, trigger GC.
	It is recommended to disable useCacheForAllThreads by setting -Dorg.apache.ratis.thirdparty.io.netty.allocator.useCacheForAllThreads=false in command line.
2019-10-16 17:20:33,187 [main] INFO  grpc.GrpcConfigKeys$Server (ConfUtils.java:logGet(43)) - raft.grpc.server.port = 0 (default)
2019-10-16 17:20:33,188 [main] INFO  server.GrpcService (ConfUtils.java:logGet(43)) - raft.grpc.message.size.max = 33570816 (custom)
2019-10-16 17:20:33,188 [main] INFO  server.RaftServerConfigKeys (ConfUtils.java:logGet(43)) - raft.server.log.appender.buffer.byte-limit = 33554432 (custom)
2019-10-16 17:20:33,188 [main] INFO  server.GrpcService (ConfUtils.java:logGet(43)) - raft.grpc.flow.control.window = 1MB (=1048576) (default)
2019-10-16 17:20:33,188 [main] INFO  server.RaftServerConfigKeys (ConfUtils.java:logGet(43)) - raft.server.rpc.request.timeout = 3000ms (default)
2019-10-16 17:20:33,189 [main] INFO  server.RaftServerConfigKeys (ConfUtils.java:logGet(43)) - raft.server.storage.dir = [/workdir/hadoop-ozone/integration-test/target/test-dir/MiniOzoneClusterImpl-d62837be-dbbf-4c13-a31e-440e50fcf132/datanode-2/data/ratis] (custom)
2019-10-16 17:20:33,190 [main] INFO  hdfs.DFSUtil (DFSUtil.java:httpServerTemplateForNNAndJN(1641)) - Starting Web-server for hddsDatanode at: http://0.0.0.0:0
2019-10-16 17:20:33,192 [main] INFO  server.AuthenticationFilter (AuthenticationFilter.java:constructSecretProvider(240)) - Unable to initialize FileSignerSecretProvider, falling back to use random secrets.
2019-10-16 17:20:33,192 [main] WARN  http.HttpRequestLog (HttpRequestLog.java:getRequestLog(97)) - Jetty request log can only be enabled using Log4j
2019-10-16 17:20:33,194 [main] INFO  http.HttpServer2 (HttpServer2.java:addGlobalFilter(975)) - Added global filter 'safety' (class=org.apache.hadoop.http.HttpServer2$QuotingInputFilter)
2019-10-16 17:20:33,194 [main] INFO  http.HttpServer2 (HttpServer2.java:addFilter(948)) - Added filter static_user_filter (class=org.apache.hadoop.http.lib.StaticUserWebFilter$StaticUserFilter) to context hddsDatanode
2019-10-16 17:20:33,195 [main] INFO  http.HttpServer2 (HttpServer2.java:addFilter(958)) - Added filter static_user_filter (class=org.apache.hadoop.http.lib.StaticUserWebFilter$StaticUserFilter) to context static
2019-10-16 17:20:33,195 [main] INFO  http.HttpServer2 (HttpServer2.java:addFilter(958)) - Added filter static_user_filter (class=org.apache.hadoop.http.lib.StaticUserWebFilter$StaticUserFilter) to context logs
2019-10-16 17:20:33,196 [main] INFO  http.HttpServer2 (HttpServer2.java:bindListener(1191)) - Jetty bound to port 43511
2019-10-16 17:20:33,196 [main] INFO  server.Server (Server.java:doStart(351)) - jetty-9.3.25.v20180904, build timestamp: 2018-09-04T21:11:46Z, git hash: 3ce520221d0240229c862b122d2b06c12a625732
2019-10-16 17:20:33,198 [main] INFO  handler.ContextHandler (ContextHandler.java:doStart(781)) - Started o.e.j.s.ServletContextHandler@687e6293{/logs,file:///workdir/hadoop-ozone/integration-test/target/log,AVAILABLE}
2019-10-16 17:20:33,198 [main] INFO  handler.ContextHandler (ContextHandler.java:doStart(781)) - Started o.e.j.s.ServletContextHandler@fb0a08c{/static,jar:file:/home/user/.m2/repository/org/apache/hadoop/hadoop-hdds-container-service/0.5.0-SNAPSHOT/hadoop-hdds-container-service-0.5.0-SNAPSHOT.jar!/webapps/static,AVAILABLE}
2019-10-16 17:20:33,228 [main] INFO  handler.ContextHandler (ContextHandler.java:doStart(781)) - Started o.e.j.w.WebAppContext@3965bdf9{/,file:///tmp/jetty-0.0.0.0-43511-hddsDatanode-_-any-5802927780300926939.dir/webapp/,AVAILABLE}{/hddsDatanode}
2019-10-16 17:20:33,229 [main] INFO  server.AbstractConnector (AbstractConnector.java:doStart(278)) - Started ServerConnector@3c0e00a8{HTTP/1.1,[http/1.1]}{0.0.0.0:43511}
2019-10-16 17:20:33,230 [main] INFO  server.Server (Server.java:doStart(419)) - Started @140224ms
2019-10-16 17:20:33,230 [main] WARN  impl.MetricsSystemImpl (MetricsSystemImpl.java:register(276)) - Sink prometheus already exists!
2019-10-16 17:20:33,231 [main] INFO  server.BaseHttpServer (BaseHttpServer.java:updateConnectorAddress(215)) - HTTP server of HDDSDATANODE is listening at http://0.0.0.0:43511
2019-10-16 17:20:33,231 [main] INFO  impl.MetricsSystemImpl (MetricsSystemImpl.java:init(158)) - HddsDatanode metrics system started (again)
2019-10-16 17:20:33,234 [org.apache.hadoop.util.JvmPauseMonitor$Monitor@238adbfb] INFO  util.JvmPauseMonitor (JvmPauseMonitor.java:run(188)) - Starting JVM pause monitor
2019-10-16 17:20:33,235 [main] INFO  ozone.HddsDatanodeService (HddsDatanodeService.java:start(184)) - HddsDatanodeService host:pr-hdds-2197-topology-f2j98-1328871761 ip:192.168.69.90
2019-10-16 17:20:33,237 [Datanode State Machine Thread - 0] INFO  datanode.InitDatanodeState (InitDatanodeState.java:persistContainerDatanodeDetails(140)) - DatanodeDetails is persisted to /workdir/hadoop-ozone/integration-test/target/test-dir/MiniOzoneClusterImpl-d62837be-dbbf-4c13-a31e-440e50fcf132/datanode-2/meta/datanode.id
2019-10-16 17:20:33,242 [main] INFO  volume.HddsVolume (HddsVolume.java:<init>(176)) - Creating Volume: /workdir/hadoop-ozone/integration-test/target/test-dir/MiniOzoneClusterImpl-d62837be-dbbf-4c13-a31e-440e50fcf132/datanode-3/data/containers/hdds of  storage type : DISK and capacity : 1482555576320
2019-10-16 17:20:33,242 [main] INFO  volume.VolumeSet (VolumeSet.java:initializeVolumeSet(170)) - Added Volume : /workdir/hadoop-ozone/integration-test/target/test-dir/MiniOzoneClusterImpl-d62837be-dbbf-4c13-a31e-440e50fcf132/datanode-3/data/containers/hdds to VolumeSet
2019-10-16 17:20:33,242 [main] INFO  volume.ThrottledAsyncChecker (ThrottledAsyncChecker.java:schedule(141)) - Scheduling a check for org.apache.hadoop.ozone.container.common.volume.HddsVolume@3ddb774f
2019-10-16 17:20:33,243 [main] INFO  volume.HddsVolumeChecker (HddsVolumeChecker.java:checkAllVolumes(204)) - Scheduled health check for volume org.apache.hadoop.ozone.container.common.volume.HddsVolume@3ddb774f
2019-10-16 17:20:33,258 [main] INFO  impl.RaftServerProxy (ConfUtils.java:logGet(43)) - raft.rpc.type = GRPC (default)
2019-10-16 17:20:33,259 [main] INFO  grpc.GrpcFactory (GrpcFactory.java:checkPooledByteBufAllocatorUseCacheForAllThreads(45)) - PERFORMANCE WARNING: useCacheForAllThreads is true that may cause Netty to create a lot garbage objects and, as a result, trigger GC.
	It is recommended to disable useCacheForAllThreads by setting -Dorg.apache.ratis.thirdparty.io.netty.allocator.useCacheForAllThreads=false in command line.
2019-10-16 17:20:33,259 [main] INFO  grpc.GrpcConfigKeys$Server (ConfUtils.java:logGet(43)) - raft.grpc.server.port = 0 (default)
2019-10-16 17:20:33,259 [main] INFO  server.GrpcService (ConfUtils.java:logGet(43)) - raft.grpc.message.size.max = 33570816 (custom)
2019-10-16 17:20:33,259 [main] INFO  server.RaftServerConfigKeys (ConfUtils.java:logGet(43)) - raft.server.log.appender.buffer.byte-limit = 33554432 (custom)
2019-10-16 17:20:33,259 [main] INFO  server.GrpcService (ConfUtils.java:logGet(43)) - raft.grpc.flow.control.window = 1MB (=1048576) (default)
2019-10-16 17:20:33,259 [main] INFO  server.RaftServerConfigKeys (ConfUtils.java:logGet(43)) - raft.server.rpc.request.timeout = 3000ms (default)
2019-10-16 17:20:33,260 [main] INFO  server.RaftServerConfigKeys (ConfUtils.java:logGet(43)) - raft.server.storage.dir = [/workdir/hadoop-ozone/integration-test/target/test-dir/MiniOzoneClusterImpl-d62837be-dbbf-4c13-a31e-440e50fcf132/datanode-3/data/ratis] (custom)
2019-10-16 17:20:33,262 [main] INFO  hdfs.DFSUtil (DFSUtil.java:httpServerTemplateForNNAndJN(1641)) - Starting Web-server for hddsDatanode at: http://0.0.0.0:0
2019-10-16 17:20:33,264 [main] INFO  server.AuthenticationFilter (AuthenticationFilter.java:constructSecretProvider(240)) - Unable to initialize FileSignerSecretProvider, falling back to use random secrets.
2019-10-16 17:20:33,265 [main] WARN  http.HttpRequestLog (HttpRequestLog.java:getRequestLog(97)) - Jetty request log can only be enabled using Log4j
2019-10-16 17:20:33,268 [main] INFO  http.HttpServer2 (HttpServer2.java:addGlobalFilter(975)) - Added global filter 'safety' (class=org.apache.hadoop.http.HttpServer2$QuotingInputFilter)
2019-10-16 17:20:33,268 [main] INFO  http.HttpServer2 (HttpServer2.java:addFilter(948)) - Added filter static_user_filter (class=org.apache.hadoop.http.lib.StaticUserWebFilter$StaticUserFilter) to context hddsDatanode
2019-10-16 17:20:33,269 [main] INFO  http.HttpServer2 (HttpServer2.java:addFilter(958)) - Added filter static_user_filter (class=org.apache.hadoop.http.lib.StaticUserWebFilter$StaticUserFilter) to context static
2019-10-16 17:20:33,269 [main] INFO  http.HttpServer2 (HttpServer2.java:addFilter(958)) - Added filter static_user_filter (class=org.apache.hadoop.http.lib.StaticUserWebFilter$StaticUserFilter) to context logs
2019-10-16 17:20:33,270 [main] INFO  http.HttpServer2 (HttpServer2.java:bindListener(1191)) - Jetty bound to port 34231
2019-10-16 17:20:33,270 [main] INFO  server.Server (Server.java:doStart(351)) - jetty-9.3.25.v20180904, build timestamp: 2018-09-04T21:11:46Z, git hash: 3ce520221d0240229c862b122d2b06c12a625732
2019-10-16 17:20:33,272 [main] INFO  handler.ContextHandler (ContextHandler.java:doStart(781)) - Started o.e.j.s.ServletContextHandler@de7e193{/logs,file:///workdir/hadoop-ozone/integration-test/target/log,AVAILABLE}
2019-10-16 17:20:33,273 [main] INFO  handler.ContextHandler (ContextHandler.java:doStart(781)) - Started o.e.j.s.ServletContextHandler@35ef439e{/static,jar:file:/home/user/.m2/repository/org/apache/hadoop/hadoop-hdds-container-service/0.5.0-SNAPSHOT/hadoop-hdds-container-service-0.5.0-SNAPSHOT.jar!/webapps/static,AVAILABLE}
2019-10-16 17:20:33,317 [main] INFO  handler.ContextHandler (ContextHandler.java:doStart(781)) - Started o.e.j.w.WebAppContext@34d713a2{/,file:///tmp/jetty-0.0.0.0-34231-hddsDatanode-_-any-5990984032952505821.dir/webapp/,AVAILABLE}{/hddsDatanode}
2019-10-16 17:20:33,317 [main] INFO  server.AbstractConnector (AbstractConnector.java:doStart(278)) - Started ServerConnector@36aab105{HTTP/1.1,[http/1.1]}{0.0.0.0:34231}
2019-10-16 17:20:33,319 [main] INFO  server.Server (Server.java:doStart(419)) - Started @140313ms
2019-10-16 17:20:33,319 [main] WARN  impl.MetricsSystemImpl (MetricsSystemImpl.java:register(276)) - Sink prometheus already exists!
2019-10-16 17:20:33,320 [main] INFO  server.BaseHttpServer (BaseHttpServer.java:updateConnectorAddress(215)) - HTTP server of HDDSDATANODE is listening at http://0.0.0.0:34231
2019-10-16 17:20:33,320 [main] INFO  impl.MetricsSystemImpl (MetricsSystemImpl.java:init(158)) - HddsDatanode metrics system started (again)
2019-10-16 17:20:33,324 [org.apache.hadoop.util.JvmPauseMonitor$Monitor@75bdde22] INFO  util.JvmPauseMonitor (JvmPauseMonitor.java:run(188)) - Starting JVM pause monitor
2019-10-16 17:20:33,325 [main] INFO  ozone.HddsDatanodeService (HddsDatanodeService.java:start(184)) - HddsDatanodeService host:pr-hdds-2197-topology-f2j98-1328871761 ip:192.168.69.90
2019-10-16 17:20:33,326 [Datanode State Machine Thread - 0] INFO  datanode.InitDatanodeState (InitDatanodeState.java:persistContainerDatanodeDetails(140)) - DatanodeDetails is persisted to /workdir/hadoop-ozone/integration-test/target/test-dir/MiniOzoneClusterImpl-d62837be-dbbf-4c13-a31e-440e50fcf132/datanode-3/meta/datanode.id
2019-10-16 17:20:33,333 [main] INFO  volume.HddsVolume (HddsVolume.java:<init>(176)) - Creating Volume: /workdir/hadoop-ozone/integration-test/target/test-dir/MiniOzoneClusterImpl-d62837be-dbbf-4c13-a31e-440e50fcf132/datanode-4/data/containers/hdds of  storage type : DISK and capacity : 1482555576320
2019-10-16 17:20:33,333 [main] INFO  volume.VolumeSet (VolumeSet.java:initializeVolumeSet(170)) - Added Volume : /workdir/hadoop-ozone/integration-test/target/test-dir/MiniOzoneClusterImpl-d62837be-dbbf-4c13-a31e-440e50fcf132/datanode-4/data/containers/hdds to VolumeSet
2019-10-16 17:20:33,333 [main] INFO  volume.ThrottledAsyncChecker (ThrottledAsyncChecker.java:schedule(141)) - Scheduling a check for org.apache.hadoop.ozone.container.common.volume.HddsVolume@29be997f
2019-10-16 17:20:33,334 [main] INFO  volume.HddsVolumeChecker (HddsVolumeChecker.java:checkAllVolumes(204)) - Scheduled health check for volume org.apache.hadoop.ozone.container.common.volume.HddsVolume@29be997f
2019-10-16 17:20:33,353 [main] INFO  impl.RaftServerProxy (ConfUtils.java:logGet(43)) - raft.rpc.type = GRPC (default)
2019-10-16 17:20:33,353 [main] INFO  grpc.GrpcFactory (GrpcFactory.java:checkPooledByteBufAllocatorUseCacheForAllThreads(45)) - PERFORMANCE WARNING: useCacheForAllThreads is true that may cause Netty to create a lot garbage objects and, as a result, trigger GC.
	It is recommended to disable useCacheForAllThreads by setting -Dorg.apache.ratis.thirdparty.io.netty.allocator.useCacheForAllThreads=false in command line.
2019-10-16 17:20:33,354 [main] INFO  grpc.GrpcConfigKeys$Server (ConfUtils.java:logGet(43)) - raft.grpc.server.port = 0 (default)
2019-10-16 17:20:33,354 [main] INFO  server.GrpcService (ConfUtils.java:logGet(43)) - raft.grpc.message.size.max = 33570816 (custom)
2019-10-16 17:20:33,354 [main] INFO  server.RaftServerConfigKeys (ConfUtils.java:logGet(43)) - raft.server.log.appender.buffer.byte-limit = 33554432 (custom)
2019-10-16 17:20:33,354 [main] INFO  server.GrpcService (ConfUtils.java:logGet(43)) - raft.grpc.flow.control.window = 1MB (=1048576) (default)
2019-10-16 17:20:33,354 [main] INFO  server.RaftServerConfigKeys (ConfUtils.java:logGet(43)) - raft.server.rpc.request.timeout = 3000ms (default)
2019-10-16 17:20:33,355 [main] INFO  server.RaftServerConfigKeys (ConfUtils.java:logGet(43)) - raft.server.storage.dir = [/workdir/hadoop-ozone/integration-test/target/test-dir/MiniOzoneClusterImpl-d62837be-dbbf-4c13-a31e-440e50fcf132/datanode-4/data/ratis] (custom)
2019-10-16 17:20:33,357 [main] INFO  hdfs.DFSUtil (DFSUtil.java:httpServerTemplateForNNAndJN(1641)) - Starting Web-server for hddsDatanode at: http://0.0.0.0:0
2019-10-16 17:20:33,359 [main] INFO  server.AuthenticationFilter (AuthenticationFilter.java:constructSecretProvider(240)) - Unable to initialize FileSignerSecretProvider, falling back to use random secrets.
2019-10-16 17:20:33,359 [main] WARN  http.HttpRequestLog (HttpRequestLog.java:getRequestLog(97)) - Jetty request log can only be enabled using Log4j
2019-10-16 17:20:33,361 [main] INFO  http.HttpServer2 (HttpServer2.java:addGlobalFilter(975)) - Added global filter 'safety' (class=org.apache.hadoop.http.HttpServer2$QuotingInputFilter)
2019-10-16 17:20:33,362 [main] INFO  http.HttpServer2 (HttpServer2.java:addFilter(948)) - Added filter static_user_filter (class=org.apache.hadoop.http.lib.StaticUserWebFilter$StaticUserFilter) to context hddsDatanode
2019-10-16 17:20:33,362 [main] INFO  http.HttpServer2 (HttpServer2.java:addFilter(958)) - Added filter static_user_filter (class=org.apache.hadoop.http.lib.StaticUserWebFilter$StaticUserFilter) to context logs
2019-10-16 17:20:33,362 [main] INFO  http.HttpServer2 (HttpServer2.java:addFilter(958)) - Added filter static_user_filter (class=org.apache.hadoop.http.lib.StaticUserWebFilter$StaticUserFilter) to context static
2019-10-16 17:20:33,363 [main] INFO  http.HttpServer2 (HttpServer2.java:bindListener(1191)) - Jetty bound to port 39942
2019-10-16 17:20:33,363 [main] INFO  server.Server (Server.java:doStart(351)) - jetty-9.3.25.v20180904, build timestamp: 2018-09-04T21:11:46Z, git hash: 3ce520221d0240229c862b122d2b06c12a625732
2019-10-16 17:20:33,367 [main] INFO  handler.ContextHandler (ContextHandler.java:doStart(781)) - Started o.e.j.s.ServletContextHandler@2703d91{/logs,file:///workdir/hadoop-ozone/integration-test/target/log,AVAILABLE}
2019-10-16 17:20:33,367 [main] INFO  handler.ContextHandler (ContextHandler.java:doStart(781)) - Started o.e.j.s.ServletContextHandler@2007435e{/static,jar:file:/home/user/.m2/repository/org/apache/hadoop/hadoop-hdds-container-service/0.5.0-SNAPSHOT/hadoop-hdds-container-service-0.5.0-SNAPSHOT.jar!/webapps/static,AVAILABLE}
2019-10-16 17:20:33,400 [main] INFO  handler.ContextHandler (ContextHandler.java:doStart(781)) - Started o.e.j.w.WebAppContext@68b366e2{/,file:///tmp/jetty-0.0.0.0-39942-hddsDatanode-_-any-8498371901899050791.dir/webapp/,AVAILABLE}{/hddsDatanode}
2019-10-16 17:20:33,401 [main] INFO  server.AbstractConnector (AbstractConnector.java:doStart(278)) - Started ServerConnector@2d74c81b{HTTP/1.1,[http/1.1]}{0.0.0.0:39942}
2019-10-16 17:20:33,402 [main] INFO  server.Server (Server.java:doStart(419)) - Started @140396ms
2019-10-16 17:20:33,402 [main] WARN  impl.MetricsSystemImpl (MetricsSystemImpl.java:register(276)) - Sink prometheus already exists!
2019-10-16 17:20:33,403 [main] INFO  server.BaseHttpServer (BaseHttpServer.java:updateConnectorAddress(215)) - HTTP server of HDDSDATANODE is listening at http://0.0.0.0:39942
2019-10-16 17:20:33,404 [main] INFO  impl.MetricsSystemImpl (MetricsSystemImpl.java:init(158)) - HddsDatanode metrics system started (again)
2019-10-16 17:20:33,407 [org.apache.hadoop.util.JvmPauseMonitor$Monitor@26ef2fe2] INFO  util.JvmPauseMonitor (JvmPauseMonitor.java:run(188)) - Starting JVM pause monitor
2019-10-16 17:20:33,407 [main] INFO  ozone.HddsDatanodeService (HddsDatanodeService.java:start(184)) - HddsDatanodeService host:pr-hdds-2197-topology-f2j98-1328871761 ip:192.168.69.90
2019-10-16 17:20:33,409 [Datanode State Machine Thread - 0] INFO  datanode.InitDatanodeState (InitDatanodeState.java:persistContainerDatanodeDetails(140)) - DatanodeDetails is persisted to /workdir/hadoop-ozone/integration-test/target/test-dir/MiniOzoneClusterImpl-d62837be-dbbf-4c13-a31e-440e50fcf132/datanode-4/meta/datanode.id
2019-10-16 17:20:33,415 [main] INFO  volume.HddsVolume (HddsVolume.java:<init>(176)) - Creating Volume: /workdir/hadoop-ozone/integration-test/target/test-dir/MiniOzoneClusterImpl-d62837be-dbbf-4c13-a31e-440e50fcf132/datanode-5/data/containers/hdds of  storage type : DISK and capacity : 1482555576320
2019-10-16 17:20:33,416 [main] INFO  volume.VolumeSet (VolumeSet.java:initializeVolumeSet(170)) - Added Volume : /workdir/hadoop-ozone/integration-test/target/test-dir/MiniOzoneClusterImpl-d62837be-dbbf-4c13-a31e-440e50fcf132/datanode-5/data/containers/hdds to VolumeSet
2019-10-16 17:20:33,416 [main] INFO  volume.ThrottledAsyncChecker (ThrottledAsyncChecker.java:schedule(141)) - Scheduling a check for org.apache.hadoop.ozone.container.common.volume.HddsVolume@2e7bf7b7
2019-10-16 17:20:33,416 [main] INFO  volume.HddsVolumeChecker (HddsVolumeChecker.java:checkAllVolumes(204)) - Scheduled health check for volume org.apache.hadoop.ozone.container.common.volume.HddsVolume@2e7bf7b7
2019-10-16 17:20:33,437 [main] INFO  impl.RaftServerProxy (ConfUtils.java:logGet(43)) - raft.rpc.type = GRPC (default)
2019-10-16 17:20:33,438 [main] INFO  grpc.GrpcFactory (GrpcFactory.java:checkPooledByteBufAllocatorUseCacheForAllThreads(45)) - PERFORMANCE WARNING: useCacheForAllThreads is true that may cause Netty to create a lot garbage objects and, as a result, trigger GC.
	It is recommended to disable useCacheForAllThreads by setting -Dorg.apache.ratis.thirdparty.io.netty.allocator.useCacheForAllThreads=false in command line.
2019-10-16 17:20:33,438 [main] INFO  grpc.GrpcConfigKeys$Server (ConfUtils.java:logGet(43)) - raft.grpc.server.port = 0 (default)
2019-10-16 17:20:33,438 [main] INFO  server.GrpcService (ConfUtils.java:logGet(43)) - raft.grpc.message.size.max = 33570816 (custom)
2019-10-16 17:20:33,438 [main] INFO  server.RaftServerConfigKeys (ConfUtils.java:logGet(43)) - raft.server.log.appender.buffer.byte-limit = 33554432 (custom)
2019-10-16 17:20:33,438 [main] INFO  server.GrpcService (ConfUtils.java:logGet(43)) - raft.grpc.flow.control.window = 1MB (=1048576) (default)
2019-10-16 17:20:33,439 [main] INFO  server.RaftServerConfigKeys (ConfUtils.java:logGet(43)) - raft.server.rpc.request.timeout = 3000ms (default)
2019-10-16 17:20:33,439 [main] INFO  server.RaftServerConfigKeys (ConfUtils.java:logGet(43)) - raft.server.storage.dir = [/workdir/hadoop-ozone/integration-test/target/test-dir/MiniOzoneClusterImpl-d62837be-dbbf-4c13-a31e-440e50fcf132/datanode-5/data/ratis] (custom)
2019-10-16 17:20:33,442 [main] INFO  hdfs.DFSUtil (DFSUtil.java:httpServerTemplateForNNAndJN(1641)) - Starting Web-server for hddsDatanode at: http://0.0.0.0:0
2019-10-16 17:20:33,444 [main] INFO  server.AuthenticationFilter (AuthenticationFilter.java:constructSecretProvider(240)) - Unable to initialize FileSignerSecretProvider, falling back to use random secrets.
2019-10-16 17:20:33,444 [main] WARN  http.HttpRequestLog (HttpRequestLog.java:getRequestLog(97)) - Jetty request log can only be enabled using Log4j
2019-10-16 17:20:33,446 [main] INFO  http.HttpServer2 (HttpServer2.java:addGlobalFilter(975)) - Added global filter 'safety' (class=org.apache.hadoop.http.HttpServer2$QuotingInputFilter)
2019-10-16 17:20:33,447 [main] INFO  http.HttpServer2 (HttpServer2.java:addFilter(948)) - Added filter static_user_filter (class=org.apache.hadoop.http.lib.StaticUserWebFilter$StaticUserFilter) to context hddsDatanode
2019-10-16 17:20:33,447 [main] INFO  http.HttpServer2 (HttpServer2.java:addFilter(958)) - Added filter static_user_filter (class=org.apache.hadoop.http.lib.StaticUserWebFilter$StaticUserFilter) to context logs
2019-10-16 17:20:33,447 [main] INFO  http.HttpServer2 (HttpServer2.java:addFilter(958)) - Added filter static_user_filter (class=org.apache.hadoop.http.lib.StaticUserWebFilter$StaticUserFilter) to context static
2019-10-16 17:20:33,448 [main] INFO  http.HttpServer2 (HttpServer2.java:bindListener(1191)) - Jetty bound to port 40645
2019-10-16 17:20:33,448 [main] INFO  server.Server (Server.java:doStart(351)) - jetty-9.3.25.v20180904, build timestamp: 2018-09-04T21:11:46Z, git hash: 3ce520221d0240229c862b122d2b06c12a625732
2019-10-16 17:20:33,450 [main] INFO  handler.ContextHandler (ContextHandler.java:doStart(781)) - Started o.e.j.s.ServletContextHandler@3135bf25{/logs,file:///workdir/hadoop-ozone/integration-test/target/log,AVAILABLE}
2019-10-16 17:20:33,451 [main] INFO  handler.ContextHandler (ContextHandler.java:doStart(781)) - Started o.e.j.s.ServletContextHandler@4116f66a{/static,jar:file:/home/user/.m2/repository/org/apache/hadoop/hadoop-hdds-container-service/0.5.0-SNAPSHOT/hadoop-hdds-container-service-0.5.0-SNAPSHOT.jar!/webapps/static,AVAILABLE}
2019-10-16 17:20:33,481 [main] INFO  handler.ContextHandler (ContextHandler.java:doStart(781)) - Started o.e.j.w.WebAppContext@20580d4e{/,file:///tmp/jetty-0.0.0.0-40645-hddsDatanode-_-any-3184822843794972960.dir/webapp/,AVAILABLE}{/hddsDatanode}
2019-10-16 17:20:33,482 [main] INFO  server.AbstractConnector (AbstractConnector.java:doStart(278)) - Started ServerConnector@21bd128b{HTTP/1.1,[http/1.1]}{0.0.0.0:40645}
2019-10-16 17:20:33,483 [main] INFO  server.Server (Server.java:doStart(419)) - Started @140477ms
2019-10-16 17:20:33,483 [main] WARN  impl.MetricsSystemImpl (MetricsSystemImpl.java:register(276)) - Sink prometheus already exists!
2019-10-16 17:20:33,484 [main] INFO  server.BaseHttpServer (BaseHttpServer.java:updateConnectorAddress(215)) - HTTP server of HDDSDATANODE is listening at http://0.0.0.0:40645
2019-10-16 17:20:33,485 [main] INFO  ozone.MiniOzoneClusterImpl (MiniOzoneClusterImpl.java:lambda$waitForClusterToBeReady$0(147)) - Waiting for cluster to be ready. Got 0 of 6 DN Heartbeats.
2019-10-16 17:20:33,486 [org.apache.hadoop.util.JvmPauseMonitor$Monitor@6f3d478f] INFO  util.JvmPauseMonitor (JvmPauseMonitor.java:run(188)) - Starting JVM pause monitor
2019-10-16 17:20:33,490 [Datanode State Machine Thread - 0] INFO  datanode.InitDatanodeState (InitDatanodeState.java:persistContainerDatanodeDetails(140)) - DatanodeDetails is persisted to /workdir/hadoop-ozone/integration-test/target/test-dir/MiniOzoneClusterImpl-d62837be-dbbf-4c13-a31e-440e50fcf132/datanode-5/meta/datanode.id
2019-10-16 17:20:34,485 [main] INFO  ozone.MiniOzoneClusterImpl (MiniOzoneClusterImpl.java:lambda$waitForClusterToBeReady$0(147)) - Waiting for cluster to be ready. Got 0 of 6 DN Heartbeats.
2019-10-16 17:20:35,105 [Datanode State Machine Thread - 0] INFO  ozoneimpl.OzoneContainer (OzoneContainer.java:start(213)) - Attempting to start container services.
2019-10-16 17:20:35,106 [Datanode State Machine Thread - 0] INFO  ozoneimpl.OzoneContainer (OzoneContainer.java:startContainerScrub(177)) - Background container scanner has been disabled.
2019-10-16 17:20:35,106 [Datanode State Machine Thread - 0] INFO  ratis.XceiverServerRatis (XceiverServerRatis.java:start(418)) - Starting XceiverServerRatis 6c17ba67-9052-48ab-b55c-e326bb81c936 at port 0
2019-10-16 17:20:35,114 [Datanode State Machine Thread - 0] INFO  impl.RaftServerProxy (RaftServerProxy.java:lambda$start$3(299)) - 6c17ba67-9052-48ab-b55c-e326bb81c936: start RPC server
2019-10-16 17:20:35,117 [Datanode State Machine Thread - 0] INFO  server.GrpcService (GrpcService.java:startImpl(158)) - 6c17ba67-9052-48ab-b55c-e326bb81c936: GrpcService started, listening on 0.0.0.0/0.0.0.0:33518
2019-10-16 17:20:35,117 [Datanode State Machine Thread - 0] INFO  ratis.XceiverServerRatis (XceiverServerRatis.java:start(428)) - XceiverServerRatis 6c17ba67-9052-48ab-b55c-e326bb81c936 is started using port 33518
2019-10-16 17:20:35,119 [Datanode State Machine Thread - 0] INFO  server.XceiverServerGrpc (XceiverServerGrpc.java:start(149)) - XceiverServerGrpc 6c17ba67-9052-48ab-b55c-e326bb81c936 is started using port 44466
2019-10-16 17:20:35,182 [Datanode State Machine Thread - 0] INFO  ozoneimpl.OzoneContainer (OzoneContainer.java:start(213)) - Attempting to start container services.
2019-10-16 17:20:35,182 [Datanode State Machine Thread - 0] INFO  ozoneimpl.OzoneContainer (OzoneContainer.java:startContainerScrub(177)) - Background container scanner has been disabled.
2019-10-16 17:20:35,182 [Datanode State Machine Thread - 0] INFO  ratis.XceiverServerRatis (XceiverServerRatis.java:start(418)) - Starting XceiverServerRatis 8dfecba1-8cf2-4467-bf71-9131598e36cc at port 0
2019-10-16 17:20:35,190 [Datanode State Machine Thread - 0] INFO  impl.RaftServerProxy (RaftServerProxy.java:lambda$start$3(299)) - 8dfecba1-8cf2-4467-bf71-9131598e36cc: start RPC server
2019-10-16 17:20:35,191 [Datanode State Machine Thread - 0] INFO  server.GrpcService (GrpcService.java:startImpl(158)) - 8dfecba1-8cf2-4467-bf71-9131598e36cc: GrpcService started, listening on 0.0.0.0/0.0.0.0:35390
2019-10-16 17:20:35,191 [Datanode State Machine Thread - 0] INFO  ratis.XceiverServerRatis (XceiverServerRatis.java:start(428)) - XceiverServerRatis 8dfecba1-8cf2-4467-bf71-9131598e36cc is started using port 35390
2019-10-16 17:20:35,192 [Datanode State Machine Thread - 0] INFO  server.XceiverServerGrpc (XceiverServerGrpc.java:start(149)) - XceiverServerGrpc 8dfecba1-8cf2-4467-bf71-9131598e36cc is started using port 46741
2019-10-16 17:20:35,250 [Datanode State Machine Thread - 0] INFO  ozoneimpl.OzoneContainer (OzoneContainer.java:start(213)) - Attempting to start container services.
2019-10-16 17:20:35,250 [Datanode State Machine Thread - 0] INFO  ozoneimpl.OzoneContainer (OzoneContainer.java:startContainerScrub(177)) - Background container scanner has been disabled.
2019-10-16 17:20:35,250 [Datanode State Machine Thread - 0] INFO  ratis.XceiverServerRatis (XceiverServerRatis.java:start(418)) - Starting XceiverServerRatis 84dcdb16-68b5-4016-a14b-3b6be75c7bdf at port 0
2019-10-16 17:20:35,258 [Datanode State Machine Thread - 0] INFO  impl.RaftServerProxy (RaftServerProxy.java:lambda$start$3(299)) - 84dcdb16-68b5-4016-a14b-3b6be75c7bdf: start RPC server
2019-10-16 17:20:35,260 [Datanode State Machine Thread - 0] INFO  server.GrpcService (GrpcService.java:startImpl(158)) - 84dcdb16-68b5-4016-a14b-3b6be75c7bdf: GrpcService started, listening on 0.0.0.0/0.0.0.0:34148
2019-10-16 17:20:35,260 [Datanode State Machine Thread - 0] INFO  ratis.XceiverServerRatis (XceiverServerRatis.java:start(428)) - XceiverServerRatis 84dcdb16-68b5-4016-a14b-3b6be75c7bdf is started using port 34148
2019-10-16 17:20:35,260 [Datanode State Machine Thread - 0] INFO  server.XceiverServerGrpc (XceiverServerGrpc.java:start(149)) - XceiverServerGrpc 84dcdb16-68b5-4016-a14b-3b6be75c7bdf is started using port 40500
2019-10-16 17:20:35,339 [Datanode State Machine Thread - 0] INFO  ozoneimpl.OzoneContainer (OzoneContainer.java:start(213)) - Attempting to start container services.
2019-10-16 17:20:35,339 [Datanode State Machine Thread - 0] INFO  ozoneimpl.OzoneContainer (OzoneContainer.java:startContainerScrub(177)) - Background container scanner has been disabled.
2019-10-16 17:20:35,339 [Datanode State Machine Thread - 0] INFO  ratis.XceiverServerRatis (XceiverServerRatis.java:start(418)) - Starting XceiverServerRatis c3cdc2f2-ce12-486b-b230-36414a2adc26 at port 0
2019-10-16 17:20:35,347 [Datanode State Machine Thread - 0] INFO  impl.RaftServerProxy (RaftServerProxy.java:lambda$start$3(299)) - c3cdc2f2-ce12-486b-b230-36414a2adc26: start RPC server
2019-10-16 17:20:35,348 [Datanode State Machine Thread - 0] INFO  server.GrpcService (GrpcService.java:startImpl(158)) - c3cdc2f2-ce12-486b-b230-36414a2adc26: GrpcService started, listening on 0.0.0.0/0.0.0.0:44870
2019-10-16 17:20:35,348 [Datanode State Machine Thread - 0] INFO  ratis.XceiverServerRatis (XceiverServerRatis.java:start(428)) - XceiverServerRatis c3cdc2f2-ce12-486b-b230-36414a2adc26 is started using port 44870
2019-10-16 17:20:35,348 [Datanode State Machine Thread - 0] INFO  server.XceiverServerGrpc (XceiverServerGrpc.java:start(149)) - XceiverServerGrpc c3cdc2f2-ce12-486b-b230-36414a2adc26 is started using port 34345
2019-10-16 17:20:35,422 [Datanode State Machine Thread - 0] INFO  ozoneimpl.OzoneContainer (OzoneContainer.java:start(213)) - Attempting to start container services.
2019-10-16 17:20:35,422 [Datanode State Machine Thread - 0] INFO  ozoneimpl.OzoneContainer (OzoneContainer.java:startContainerScrub(177)) - Background container scanner has been disabled.
2019-10-16 17:20:35,422 [Datanode State Machine Thread - 0] INFO  ratis.XceiverServerRatis (XceiverServerRatis.java:start(418)) - Starting XceiverServerRatis 6806cb83-786e-47de-b92b-f11ea0fda5a2 at port 0
2019-10-16 17:20:35,429 [Datanode State Machine Thread - 0] INFO  impl.RaftServerProxy (RaftServerProxy.java:lambda$start$3(299)) - 6806cb83-786e-47de-b92b-f11ea0fda5a2: start RPC server
2019-10-16 17:20:35,429 [Datanode State Machine Thread - 0] INFO  server.GrpcService (GrpcService.java:startImpl(158)) - 6806cb83-786e-47de-b92b-f11ea0fda5a2: GrpcService started, listening on 0.0.0.0/0.0.0.0:44194
2019-10-16 17:20:35,430 [Datanode State Machine Thread - 0] INFO  ratis.XceiverServerRatis (XceiverServerRatis.java:start(428)) - XceiverServerRatis 6806cb83-786e-47de-b92b-f11ea0fda5a2 is started using port 44194
2019-10-16 17:20:35,430 [Datanode State Machine Thread - 0] INFO  server.XceiverServerGrpc (XceiverServerGrpc.java:start(149)) - XceiverServerGrpc 6806cb83-786e-47de-b92b-f11ea0fda5a2 is started using port 45348
2019-10-16 17:20:35,486 [main] INFO  ozone.MiniOzoneClusterImpl (MiniOzoneClusterImpl.java:lambda$waitForClusterToBeReady$0(147)) - Waiting for cluster to be ready. Got 0 of 6 DN Heartbeats.
2019-10-16 17:20:35,501 [Datanode State Machine Thread - 0] INFO  ozoneimpl.OzoneContainer (OzoneContainer.java:start(213)) - Attempting to start container services.
2019-10-16 17:20:35,503 [Datanode State Machine Thread - 0] INFO  ozoneimpl.OzoneContainer (OzoneContainer.java:startContainerScrub(177)) - Background container scanner has been disabled.
2019-10-16 17:20:35,503 [Datanode State Machine Thread - 0] INFO  ratis.XceiverServerRatis (XceiverServerRatis.java:start(418)) - Starting XceiverServerRatis 21b36528-7a33-48f9-a871-a72bce406f0b at port 0
2019-10-16 17:20:35,510 [Datanode State Machine Thread - 0] INFO  impl.RaftServerProxy (RaftServerProxy.java:lambda$start$3(299)) - 21b36528-7a33-48f9-a871-a72bce406f0b: start RPC server
2019-10-16 17:20:35,511 [Datanode State Machine Thread - 0] INFO  server.GrpcService (GrpcService.java:startImpl(158)) - 21b36528-7a33-48f9-a871-a72bce406f0b: GrpcService started, listening on 0.0.0.0/0.0.0.0:45999
2019-10-16 17:20:35,511 [Datanode State Machine Thread - 0] INFO  ratis.XceiverServerRatis (XceiverServerRatis.java:start(428)) - XceiverServerRatis 21b36528-7a33-48f9-a871-a72bce406f0b is started using port 45999
2019-10-16 17:20:35,512 [Datanode State Machine Thread - 0] INFO  server.XceiverServerGrpc (XceiverServerGrpc.java:start(149)) - XceiverServerGrpc 21b36528-7a33-48f9-a871-a72bce406f0b is started using port 46494
2019-10-16 17:20:36,486 [main] INFO  ozone.MiniOzoneClusterImpl (MiniOzoneClusterImpl.java:lambda$waitForClusterToBeReady$0(147)) - Waiting for cluster to be ready. Got 0 of 6 DN Heartbeats.
2019-10-16 17:20:37,087 [IPC Server handler 2 on 37906] INFO  net.NetworkTopology (NetworkTopologyImpl.java:add(111)) - Added a new node: /default-rack/6c17ba67-9052-48ab-b55c-e326bb81c936
2019-10-16 17:20:37,089 [IPC Server handler 2 on 37906] INFO  node.SCMNodeManager (SCMNodeManager.java:register(313)) - Registered Data node : 6c17ba67-9052-48ab-b55c-e326bb81c936{ip: 192.168.69.90, host: pr-hdds-2197-topology-f2j98-1328871761, networkLocation: /default-rack, certSerialId: null}
2019-10-16 17:20:37,090 [EventQueue-NodeRegistrationContainerReportForDataNodeSafeModeRule] INFO  safemode.SCMSafeModeManager (DataNodeSafeModeRule.java:process(71)) - SCM in safe mode. 1 DataNodes registered, 1 required.
2019-10-16 17:20:37,092 [EventQueue-NodeRegistrationContainerReportForDataNodeSafeModeRule] INFO  safemode.SCMSafeModeManager (SCMSafeModeManager.java:validateSafeModeExitRules(177)) - ScmSafeModeManager, all rules are successfully validated
2019-10-16 17:20:37,092 [EventQueue-NodeRegistrationContainerReportForDataNodeSafeModeRule] INFO  safemode.SCMSafeModeManager (SCMSafeModeManager.java:exitSafeMode(193)) - SCM exiting safe mode.
2019-10-16 17:20:37,104 [grpc-default-executor-8] INFO  impl.RaftServerProxy (RaftServerProxy.java:addNew(89)) - 6c17ba67-9052-48ab-b55c-e326bb81c936: addNew group-9F36FB305630:[6c17ba67-9052-48ab-b55c-e326bb81c936:192.168.69.90:33518] returns group-9F36FB305630:java.util.concurrent.CompletableFuture@53b2535e[Not completed]
2019-10-16 17:20:37,106 [pool-150-thread-1] INFO  impl.RaftServerImpl (RaftServerImpl.java:<init>(95)) - 6c17ba67-9052-48ab-b55c-e326bb81c936: new RaftServerImpl for group-9F36FB305630:[6c17ba67-9052-48ab-b55c-e326bb81c936:192.168.69.90:33518] with ContainerStateMachine:uninitialized
2019-10-16 17:20:37,107 [pool-150-thread-1] INFO  server.RaftServerConfigKeys (ConfUtils.java:logGet(43)) - raft.server.rpc.timeout.min = 1s (custom)
2019-10-16 17:20:37,107 [pool-150-thread-1] INFO  server.RaftServerConfigKeys (ConfUtils.java:logGet(43)) - raft.server.rpc.timeout.max = 1200ms (custom)
2019-10-16 17:20:37,107 [pool-150-thread-1] INFO  server.RaftServerConfigKeys (ConfUtils.java:logGet(43)) - raft.server.rpcslowness.timeout = 120s (custom)
2019-10-16 17:20:37,107 [pool-150-thread-1] INFO  server.RaftServerConfigKeys (ConfUtils.java:logGet(43)) - raft.server.sleep.deviation.threshold = 300 (default)
2019-10-16 17:20:37,107 [pool-150-thread-1] INFO  server.RaftServerConfigKeys (ConfUtils.java:logGet(43)) - raft.server.log.appender.install.snapshot.enabled = false (custom)
2019-10-16 17:20:37,107 [pool-150-thread-1] INFO  impl.RaftServerImpl (ServerState.java:<init>(103)) - 6c17ba67-9052-48ab-b55c-e326bb81c936@group-9F36FB305630: ConfigurationManager, init=-1: [6c17ba67-9052-48ab-b55c-e326bb81c936:192.168.69.90:33518], old=null, confs=<EMPTY_MAP>
2019-10-16 17:20:37,108 [pool-150-thread-1] INFO  server.RaftServerConfigKeys (ConfUtils.java:logGet(43)) - raft.server.storage.dir = [/workdir/hadoop-ozone/integration-test/target/test-dir/MiniOzoneClusterImpl-d62837be-dbbf-4c13-a31e-440e50fcf132/datanode-0/data/ratis] (custom)
2019-10-16 17:20:37,108 [pool-150-thread-1] INFO  server.RaftServerConfigKeys (ConfUtils.java:logGet(43)) - raft.server.log.corruption.policy = EXCEPTION (default)
2019-10-16 17:20:37,109 [pool-150-thread-1] INFO  storage.RaftStorageDirectory (RaftStorageDirectory.java:analyzeStorage(246)) - The storage directory /workdir/hadoop-ozone/integration-test/target/test-dir/MiniOzoneClusterImpl-d62837be-dbbf-4c13-a31e-440e50fcf132/datanode-0/data/ratis/c937a214-c195-4a04-8f46-9f36fb305630 does not exist. Creating ...
2019-10-16 17:20:37,166 [IPC Server handler 3 on 37906] INFO  net.NetworkTopology (NetworkTopologyImpl.java:add(111)) - Added a new node: /default-rack/8dfecba1-8cf2-4467-bf71-9131598e36cc
2019-10-16 17:20:37,166 [IPC Server handler 3 on 37906] INFO  node.SCMNodeManager (SCMNodeManager.java:register(313)) - Registered Data node : 8dfecba1-8cf2-4467-bf71-9131598e36cc{ip: 192.168.69.90, host: pr-hdds-2197-topology-f2j98-1328871761, networkLocation: /default-rack, certSerialId: null}
2019-10-16 17:20:37,237 [IPC Server handler 0 on 37906] INFO  net.NetworkTopology (NetworkTopologyImpl.java:add(111)) - Added a new node: /default-rack/84dcdb16-68b5-4016-a14b-3b6be75c7bdf
2019-10-16 17:20:37,237 [IPC Server handler 0 on 37906] INFO  node.SCMNodeManager (SCMNodeManager.java:register(313)) - Registered Data node : 84dcdb16-68b5-4016-a14b-3b6be75c7bdf{ip: 192.168.69.90, host: pr-hdds-2197-topology-f2j98-1328871761, networkLocation: /default-rack, certSerialId: null}
2019-10-16 17:20:37,325 [IPC Server handler 4 on 37906] INFO  net.NetworkTopology (NetworkTopologyImpl.java:add(111)) - Added a new node: /default-rack/c3cdc2f2-ce12-486b-b230-36414a2adc26
2019-10-16 17:20:37,325 [IPC Server handler 4 on 37906] INFO  node.SCMNodeManager (SCMNodeManager.java:register(313)) - Registered Data node : c3cdc2f2-ce12-486b-b230-36414a2adc26{ip: 192.168.69.90, host: pr-hdds-2197-topology-f2j98-1328871761, networkLocation: /default-rack, certSerialId: null}
2019-10-16 17:20:37,408 [IPC Server handler 1 on 37906] INFO  net.NetworkTopology (NetworkTopologyImpl.java:add(111)) - Added a new node: /default-rack/6806cb83-786e-47de-b92b-f11ea0fda5a2
2019-10-16 17:20:37,409 [IPC Server handler 1 on 37906] INFO  node.SCMNodeManager (SCMNodeManager.java:register(313)) - Registered Data node : 6806cb83-786e-47de-b92b-f11ea0fda5a2{ip: 192.168.69.90, host: pr-hdds-2197-topology-f2j98-1328871761, networkLocation: /default-rack, certSerialId: null}
2019-10-16 17:20:37,487 [main] INFO  ozone.MiniOzoneClusterImpl (MiniOzoneClusterImpl.java:lambda$waitForClusterToBeReady$0(147)) - Waiting for cluster to be ready. Got 5 of 6 DN Heartbeats.
2019-10-16 17:20:37,487 [IPC Server handler 5 on 37906] INFO  net.NetworkTopology (NetworkTopologyImpl.java:add(111)) - Added a new node: /default-rack/21b36528-7a33-48f9-a871-a72bce406f0b
2019-10-16 17:20:37,488 [IPC Server handler 5 on 37906] INFO  node.SCMNodeManager (SCMNodeManager.java:register(313)) - Registered Data node : 21b36528-7a33-48f9-a871-a72bce406f0b{ip: 192.168.69.90, host: pr-hdds-2197-topology-f2j98-1328871761, networkLocation: /default-rack, certSerialId: null}
2019-10-16 17:20:38,488 [main] INFO  ozone.MiniOzoneClusterImpl (MiniOzoneClusterImpl.java:lambda$waitForClusterToBeReady$0(147)) - Cluster is ready. Got 6 of 6 DN Heartbeats.
2019-10-16 17:20:38,531 [main] INFO  rpc.RpcClient (RpcClient.java:createVolume(272)) - Creating Volume: datanodefailurehandlingtest, with jenkins1000 as owner.
2019-10-16 17:20:38,536 [IPC Server handler 2 on 46445] INFO  volume.OMVolumeCreateRequest (OMVolumeCreateRequest.java:validateAndUpdateCache(193)) - created volume:datanodefailurehandlingtest for user:jenkins1000
2019-10-16 17:20:38,804 [main] INFO  rpc.RpcClient (RpcClient.java:createBucket(411)) - Creating Bucket: datanodefailurehandlingtest/datanodefailurehandlingtest, with Versioning false and Storage Type set to DISK and Encryption set to false 
2019-10-16 17:20:39,026 [pool-150-thread-1] INFO  storage.RaftStorageDirectory (RaftStorageDirectory.java:tryLock(328)) - Lock on /workdir/hadoop-ozone/integration-test/target/test-dir/MiniOzoneClusterImpl-d62837be-dbbf-4c13-a31e-440e50fcf132/datanode-0/data/ratis/c937a214-c195-4a04-8f46-9f36fb305630/in_use.lock acquired by nodename 18778@pr-hdds-2197-topology-f2j98-1328871761
2019-10-16 17:20:40,094 [Thread-1248] INFO  container.ReplicationManager (ReplicationManager.java:start(162)) - Starting Replication Monitor Thread.
2019-10-16 17:20:40,097 [ReplicationMonitor] INFO  container.ReplicationManager (ReplicationManager.java:run(225)) - Replication Monitor Thread took 1 milliseconds for processing 0 containers.
2019-10-16 17:20:40,100 [RATISCREATEPIPELINE1] ERROR pipeline.RatisPipelineProvider (RatisPipelineProvider.java:lambda$null$5(237)) - Failed invoke Ratis rpc org.apache.hadoop.hdds.scm.pipeline.RatisPipelineProvider$$Lambda$194/1002695064@165522e5 for 6c17ba67-9052-48ab-b55c-e326bb81c936
org.apache.ratis.protocol.TimeoutIOException: deadline exceeded after 2999458255ns
	at org.apache.ratis.grpc.GrpcUtil.tryUnwrapException(GrpcUtil.java:82)
	at org.apache.ratis.grpc.GrpcUtil.unwrapException(GrpcUtil.java:75)
	at org.apache.ratis.grpc.client.GrpcClientProtocolClient.blockingCall(GrpcClientProtocolClient.java:184)
	at org.apache.ratis.grpc.client.GrpcClientProtocolClient.groupAdd(GrpcClientProtocolClient.java:153)
	at org.apache.ratis.grpc.client.GrpcClientRpc.sendRequest(GrpcClientRpc.java:94)
	at org.apache.ratis.client.impl.RaftClientImpl.sendRequest(RaftClientImpl.java:278)
	at org.apache.ratis.client.impl.RaftClientImpl.groupAdd(RaftClientImpl.java:205)
	at org.apache.hadoop.hdds.scm.pipeline.RatisPipelineProvider.lambda$initializePipeline$4(RatisPipelineProvider.java:198)
	at org.apache.hadoop.hdds.scm.pipeline.RatisPipelineProvider.lambda$null$5(RatisPipelineProvider.java:233)
	at java.util.stream.ForEachOps$ForEachOp$OfRef.accept(ForEachOps.java:183)
	at java.util.ArrayList$ArrayListSpliterator.forEachRemaining(ArrayList.java:1382)
	at java.util.stream.AbstractPipeline.copyInto(AbstractPipeline.java:482)
	at java.util.stream.ForEachOps$ForEachTask.compute(ForEachOps.java:290)
	at java.util.concurrent.CountedCompleter.exec(CountedCompleter.java:731)
	at java.util.concurrent.ForkJoinTask.doExec(ForkJoinTask.java:289)
	at java.util.concurrent.ForkJoinTask.doInvoke(ForkJoinTask.java:401)
	at java.util.concurrent.ForkJoinTask.invoke(ForkJoinTask.java:734)
	at java.util.stream.ForEachOps$ForEachOp.evaluateParallel(ForEachOps.java:159)
	at java.util.stream.ForEachOps$ForEachOp$OfRef.evaluateParallel(ForEachOps.java:173)
	at java.util.stream.AbstractPipeline.evaluate(AbstractPipeline.java:233)
	at java.util.stream.ReferencePipeline.forEach(ReferencePipeline.java:485)
	at java.util.stream.ReferencePipeline$Head.forEach(ReferencePipeline.java:650)
	at org.apache.hadoop.hdds.scm.pipeline.RatisPipelineProvider.lambda$callRatisRpc$6(RatisPipelineProvider.java:227)
	at java.util.concurrent.ForkJoinTask$AdaptedRunnableAction.exec(ForkJoinTask.java:1386)
	at java.util.concurrent.ForkJoinTask.doExec(ForkJoinTask.java:289)
	at java.util.concurrent.ForkJoinPool$WorkQueue.runTask(ForkJoinPool.java:1056)
	at java.util.concurrent.ForkJoinPool.runWorker(ForkJoinPool.java:1692)
	at java.util.concurrent.ForkJoinWorkerThread.run(ForkJoinWorkerThread.java:157)
Caused by: org.apache.ratis.thirdparty.io.grpc.StatusRuntimeException: DEADLINE_EXCEEDED: deadline exceeded after 2999458255ns
	at org.apache.ratis.thirdparty.io.grpc.stub.ClientCalls.toStatusRuntimeException(ClientCalls.java:233)
	at org.apache.ratis.thirdparty.io.grpc.stub.ClientCalls.getUnchecked(ClientCalls.java:214)
	at org.apache.ratis.thirdparty.io.grpc.stub.ClientCalls.blockingUnaryCall(ClientCalls.java:139)
	at org.apache.ratis.proto.grpc.AdminProtocolServiceGrpc$AdminProtocolServiceBlockingStub.groupManagement(AdminProtocolServiceGrpc.java:274)
	at org.apache.ratis.grpc.client.GrpcClientProtocolClient.lambda$groupAdd$3(GrpcClientProtocolClient.java:155)
	at org.apache.ratis.grpc.client.GrpcClientProtocolClient.blockingCall(GrpcClientProtocolClient.java:182)
	... 25 more
2019-10-16 17:20:40,123 [grpc-default-executor-12] INFO  impl.RaftServerProxy (RaftServerProxy.java:addNew(89)) - 6c17ba67-9052-48ab-b55c-e326bb81c936: addNew group-EDF3B1B09235:[8dfecba1-8cf2-4467-bf71-9131598e36cc:192.168.69.90:35390, 6c17ba67-9052-48ab-b55c-e326bb81c936:192.168.69.90:33518, 21b36528-7a33-48f9-a871-a72bce406f0b:192.168.69.90:45999] returns group-EDF3B1B09235:java.util.concurrent.CompletableFuture@54ba6532[Not completed]
2019-10-16 17:20:40,123 [grpc-default-executor-8] INFO  impl.RaftServerProxy (RaftServerProxy.java:addNew(89)) - 8dfecba1-8cf2-4467-bf71-9131598e36cc: addNew group-EDF3B1B09235:[8dfecba1-8cf2-4467-bf71-9131598e36cc:192.168.69.90:35390, 6c17ba67-9052-48ab-b55c-e326bb81c936:192.168.69.90:33518, 21b36528-7a33-48f9-a871-a72bce406f0b:192.168.69.90:45999] returns group-EDF3B1B09235:java.util.concurrent.CompletableFuture@47877027[Not completed]
2019-10-16 17:20:40,123 [grpc-default-executor-11] INFO  impl.RaftServerProxy (RaftServerProxy.java:addNew(89)) - 21b36528-7a33-48f9-a871-a72bce406f0b: addNew group-EDF3B1B09235:[8dfecba1-8cf2-4467-bf71-9131598e36cc:192.168.69.90:35390, 6c17ba67-9052-48ab-b55c-e326bb81c936:192.168.69.90:33518, 21b36528-7a33-48f9-a871-a72bce406f0b:192.168.69.90:45999] returns group-EDF3B1B09235:java.util.concurrent.CompletableFuture@39a19c44[Not completed]
2019-10-16 17:20:40,126 [pool-200-thread-1] INFO  impl.RaftServerImpl (RaftServerImpl.java:<init>(95)) - 21b36528-7a33-48f9-a871-a72bce406f0b: new RaftServerImpl for group-EDF3B1B09235:[8dfecba1-8cf2-4467-bf71-9131598e36cc:192.168.69.90:35390, 6c17ba67-9052-48ab-b55c-e326bb81c936:192.168.69.90:33518, 21b36528-7a33-48f9-a871-a72bce406f0b:192.168.69.90:45999] with ContainerStateMachine:uninitialized
2019-10-16 17:20:40,126 [pool-200-thread-1] INFO  server.RaftServerConfigKeys (ConfUtils.java:logGet(43)) - raft.server.rpc.timeout.min = 1s (custom)
2019-10-16 17:20:40,127 [pool-200-thread-1] INFO  server.RaftServerConfigKeys (ConfUtils.java:logGet(43)) - raft.server.rpc.timeout.max = 1200ms (custom)
2019-10-16 17:20:40,127 [pool-160-thread-1] INFO  impl.RaftServerImpl (RaftServerImpl.java:<init>(95)) - 8dfecba1-8cf2-4467-bf71-9131598e36cc: new RaftServerImpl for group-EDF3B1B09235:[8dfecba1-8cf2-4467-bf71-9131598e36cc:192.168.69.90:35390, 6c17ba67-9052-48ab-b55c-e326bb81c936:192.168.69.90:33518, 21b36528-7a33-48f9-a871-a72bce406f0b:192.168.69.90:45999] with ContainerStateMachine:uninitialized
2019-10-16 17:20:40,127 [pool-200-thread-1] INFO  server.RaftServerConfigKeys (ConfUtils.java:logGet(43)) - raft.server.rpcslowness.timeout = 120s (custom)
2019-10-16 17:20:40,127 [pool-160-thread-1] INFO  server.RaftServerConfigKeys (ConfUtils.java:logGet(43)) - raft.server.rpc.timeout.min = 1s (custom)
2019-10-16 17:20:40,127 [pool-200-thread-1] INFO  server.RaftServerConfigKeys (ConfUtils.java:logGet(43)) - raft.server.sleep.deviation.threshold = 300 (default)
2019-10-16 17:20:40,127 [pool-160-thread-1] INFO  server.RaftServerConfigKeys (ConfUtils.java:logGet(43)) - raft.server.rpc.timeout.max = 1200ms (custom)
2019-10-16 17:20:40,127 [pool-200-thread-1] INFO  server.RaftServerConfigKeys (ConfUtils.java:logGet(43)) - raft.server.log.appender.install.snapshot.enabled = false (custom)
2019-10-16 17:20:40,128 [pool-160-thread-1] INFO  server.RaftServerConfigKeys (ConfUtils.java:logGet(43)) - raft.server.rpcslowness.timeout = 120s (custom)
2019-10-16 17:20:40,128 [pool-200-thread-1] INFO  impl.RaftServerImpl (ServerState.java:<init>(103)) - 21b36528-7a33-48f9-a871-a72bce406f0b@group-EDF3B1B09235: ConfigurationManager, init=-1: [8dfecba1-8cf2-4467-bf71-9131598e36cc:192.168.69.90:35390, 6c17ba67-9052-48ab-b55c-e326bb81c936:192.168.69.90:33518, 21b36528-7a33-48f9-a871-a72bce406f0b:192.168.69.90:45999], old=null, confs=<EMPTY_MAP>
2019-10-16 17:20:40,128 [pool-160-thread-1] INFO  server.RaftServerConfigKeys (ConfUtils.java:logGet(43)) - raft.server.sleep.deviation.threshold = 300 (default)
2019-10-16 17:20:40,128 [pool-200-thread-1] INFO  server.RaftServerConfigKeys (ConfUtils.java:logGet(43)) - raft.server.storage.dir = [/workdir/hadoop-ozone/integration-test/target/test-dir/MiniOzoneClusterImpl-d62837be-dbbf-4c13-a31e-440e50fcf132/datanode-5/data/ratis] (custom)
2019-10-16 17:20:40,128 [pool-160-thread-1] INFO  server.RaftServerConfigKeys (ConfUtils.java:logGet(43)) - raft.server.log.appender.install.snapshot.enabled = false (custom)
2019-10-16 17:20:40,128 [pool-160-thread-1] INFO  impl.RaftServerImpl (ServerState.java:<init>(103)) - 8dfecba1-8cf2-4467-bf71-9131598e36cc@group-EDF3B1B09235: ConfigurationManager, init=-1: [8dfecba1-8cf2-4467-bf71-9131598e36cc:192.168.69.90:35390, 6c17ba67-9052-48ab-b55c-e326bb81c936:192.168.69.90:33518, 21b36528-7a33-48f9-a871-a72bce406f0b:192.168.69.90:45999], old=null, confs=<EMPTY_MAP>
2019-10-16 17:20:40,128 [pool-200-thread-1] INFO  server.RaftServerConfigKeys (ConfUtils.java:logGet(43)) - raft.server.log.corruption.policy = EXCEPTION (default)
2019-10-16 17:20:40,128 [pool-160-thread-1] INFO  server.RaftServerConfigKeys (ConfUtils.java:logGet(43)) - raft.server.storage.dir = [/workdir/hadoop-ozone/integration-test/target/test-dir/MiniOzoneClusterImpl-d62837be-dbbf-4c13-a31e-440e50fcf132/datanode-1/data/ratis] (custom)
2019-10-16 17:20:40,129 [pool-200-thread-1] INFO  storage.RaftStorageDirectory (RaftStorageDirectory.java:analyzeStorage(246)) - The storage directory /workdir/hadoop-ozone/integration-test/target/test-dir/MiniOzoneClusterImpl-d62837be-dbbf-4c13-a31e-440e50fcf132/datanode-5/data/ratis/5b72c77e-67d5-4c67-98c4-edf3b1b09235 does not exist. Creating ...
2019-10-16 17:20:40,129 [pool-160-thread-1] INFO  server.RaftServerConfigKeys (ConfUtils.java:logGet(43)) - raft.server.log.corruption.policy = EXCEPTION (default)
2019-10-16 17:20:40,129 [pool-160-thread-1] INFO  storage.RaftStorageDirectory (RaftStorageDirectory.java:analyzeStorage(246)) - The storage directory /workdir/hadoop-ozone/integration-test/target/test-dir/MiniOzoneClusterImpl-d62837be-dbbf-4c13-a31e-440e50fcf132/datanode-1/data/ratis/5b72c77e-67d5-4c67-98c4-edf3b1b09235 does not exist. Creating ...
2019-10-16 17:20:42,406 [pool-150-thread-1] INFO  storage.RaftStorage (RaftStorage.java:format(84)) - Storage directory /workdir/hadoop-ozone/integration-test/target/test-dir/MiniOzoneClusterImpl-d62837be-dbbf-4c13-a31e-440e50fcf132/datanode-0/data/ratis/c937a214-c195-4a04-8f46-9f36fb305630 has been successfully formatted.
2019-10-16 17:20:42,406 [pool-150-thread-1] INFO  ratis.ContainerStateMachine (ContainerStateMachine.java:loadSnapshot(231)) - group-9F36FB305630: The snapshot info is null. Setting the last applied indexto:(t:0, i:~)
2019-10-16 17:20:42,406 [pool-150-thread-1] INFO  server.RaftServerConfigKeys (ConfUtils.java:logGet(43)) - raft.server.notification.no-leader.timeout = 120s (custom)
2019-10-16 17:20:42,407 [pool-150-thread-1] INFO  server.RaftServerConfigKeys (ConfUtils.java:logGet(43)) - raft.server.log.use.memory = false (default)
2019-10-16 17:20:42,407 [pool-150-thread-1] INFO  server.RaftServerConfigKeys (ConfUtils.java:logGet(43)) - raft.server.log.purge.gap = 1000000 (custom)
2019-10-16 17:20:42,407 [pool-150-thread-1] INFO  server.RaftServerConfigKeys (ConfUtils.java:logGet(43)) - raft.server.log.appender.buffer.byte-limit = 33554432 (custom)
2019-10-16 17:20:42,408 [pool-150-thread-1] INFO  server.RaftServerConfigKeys (ConfUtils.java:logGet(43)) - raft.server.log.segment.size.max = 1048576 (custom)
2019-10-16 17:20:42,411 [pool-150-thread-1] INFO  server.RaftServerConfigKeys (ConfUtils.java:logGet(43)) - raft.server.log.segment.cache.num.max = 2 (custom)
2019-10-16 17:20:42,411 [pool-150-thread-1] INFO  segmented.SegmentedRaftLogWorker (SegmentedRaftLogWorker.java:<init>(173)) - new 6c17ba67-9052-48ab-b55c-e326bb81c936@group-9F36FB305630-SegmentedRaftLogWorker for RaftStorage:Storage Directory /workdir/hadoop-ozone/integration-test/target/test-dir/MiniOzoneClusterImpl-d62837be-dbbf-4c13-a31e-440e50fcf132/datanode-0/data/ratis/c937a214-c195-4a04-8f46-9f36fb305630
2019-10-16 17:20:42,411 [pool-150-thread-1] INFO  server.RaftServerConfigKeys (ConfUtils.java:logGet(43)) - raft.server.log.queue.byte-limit = 2147483647 (custom)
2019-10-16 17:20:42,411 [pool-150-thread-1] INFO  server.RaftServerConfigKeys (ConfUtils.java:logGet(43)) - raft.server.log.queue.element-limit = 1024 (custom)
2019-10-16 17:20:42,411 [pool-150-thread-1] INFO  server.RaftServerConfigKeys (ConfUtils.java:logGet(43)) - raft.server.log.segment.size.max = 1048576 (custom)
2019-10-16 17:20:42,412 [pool-150-thread-1] INFO  server.RaftServerConfigKeys (ConfUtils.java:logGet(43)) - raft.server.log.preallocated.size = 16384 (custom)
2019-10-16 17:20:42,412 [pool-150-thread-1] INFO  server.RaftServerConfigKeys (ConfUtils.java:logGet(43)) - raft.server.log.write.buffer.size = 33554432 (custom)
2019-10-16 17:20:42,412 [pool-150-thread-1] INFO  server.RaftServerConfigKeys (ConfUtils.java:logGet(43)) - raft.server.log.force.sync.num = 128 (default)
2019-10-16 17:20:42,412 [pool-150-thread-1] INFO  server.RaftServerConfigKeys (ConfUtils.java:logGet(43)) - raft.server.log.statemachine.data.sync = true (default)
2019-10-16 17:20:42,412 [pool-150-thread-1] INFO  server.RaftServerConfigKeys (ConfUtils.java:logGet(43)) - raft.server.log.statemachine.data.sync.timeout = 10s (default)
2019-10-16 17:20:42,412 [pool-150-thread-1] INFO  server.RaftServerConfigKeys (ConfUtils.java:logGet(43)) - raft.server.log.statemachine.data.sync.timeout.retry = -1 (default)
2019-10-16 17:20:42,413 [pool-150-thread-1] INFO  server.RaftServerConfigKeys (ConfUtils.java:logGet(43)) - raft.server.log.statemachine.data.caching.enabled = true (custom)
2019-10-16 17:20:42,413 [pool-150-thread-1] INFO  segmented.SegmentedRaftLogWorker (SegmentedRaftLogWorker.java:lambda$new$0(128)) - 6c17ba67-9052-48ab-b55c-e326bb81c936@group-9F36FB305630-SegmentedRaftLogWorker: flushIndex: setUnconditionally 0 -> -1
2019-10-16 17:20:42,414 [pool-150-thread-1] INFO  server.RaftServerConfigKeys (ConfUtils.java:logGet(43)) - raft.server.snapshot.auto.trigger.enabled = true (custom)
2019-10-16 17:20:42,414 [pool-150-thread-1] INFO  server.RaftServerConfigKeys (ConfUtils.java:logGet(43)) - raft.server.snapshot.auto.trigger.threshold = 10000 (custom)
2019-10-16 17:20:42,414 [pool-150-thread-1] INFO  server.RaftServerConfigKeys (ConfUtils.java:logGet(43)) - raft.server.snapshot.retention.file.num = 5 (custom)
2019-10-16 17:20:42,414 [pool-150-thread-1] INFO  server.RaftServerConfigKeys (ConfUtils.java:logGet(43)) - raft.server.retrycache.expirytime = 600000ms (custom)
2019-10-16 17:20:42,418 [pool-150-thread-1] INFO  impl.RaftServerImpl (RaftServerImpl.java:<init>(95)) - 6c17ba67-9052-48ab-b55c-e326bb81c936: new RaftServerImpl for group-EDF3B1B09235:[8dfecba1-8cf2-4467-bf71-9131598e36cc:192.168.69.90:35390, 6c17ba67-9052-48ab-b55c-e326bb81c936:192.168.69.90:33518, 21b36528-7a33-48f9-a871-a72bce406f0b:192.168.69.90:45999] with ContainerStateMachine:uninitialized
2019-10-16 17:20:42,419 [pool-150-thread-1] INFO  server.RaftServerConfigKeys (ConfUtils.java:logGet(43)) - raft.server.rpc.timeout.min = 1s (custom)
2019-10-16 17:20:42,419 [pool-150-thread-1] INFO  server.RaftServerConfigKeys (ConfUtils.java:logGet(43)) - raft.server.rpc.timeout.max = 1200ms (custom)
2019-10-16 17:20:42,419 [pool-150-thread-1] INFO  server.RaftServerConfigKeys (ConfUtils.java:logGet(43)) - raft.server.rpcslowness.timeout = 120s (custom)
2019-10-16 17:20:42,419 [pool-150-thread-1] INFO  server.RaftServerConfigKeys (ConfUtils.java:logGet(43)) - raft.server.sleep.deviation.threshold = 300 (default)
2019-10-16 17:20:42,419 [pool-150-thread-1] INFO  server.RaftServerConfigKeys (ConfUtils.java:logGet(43)) - raft.server.log.appender.install.snapshot.enabled = false (custom)
2019-10-16 17:20:42,419 [pool-150-thread-1] INFO  impl.RaftServerImpl (ServerState.java:<init>(103)) - 6c17ba67-9052-48ab-b55c-e326bb81c936@group-EDF3B1B09235: ConfigurationManager, init=-1: [8dfecba1-8cf2-4467-bf71-9131598e36cc:192.168.69.90:35390, 6c17ba67-9052-48ab-b55c-e326bb81c936:192.168.69.90:33518, 21b36528-7a33-48f9-a871-a72bce406f0b:192.168.69.90:45999], old=null, confs=<EMPTY_MAP>
2019-10-16 17:20:42,420 [pool-150-thread-1] INFO  server.RaftServerConfigKeys (ConfUtils.java:logGet(43)) - raft.server.storage.dir = [/workdir/hadoop-ozone/integration-test/target/test-dir/MiniOzoneClusterImpl-d62837be-dbbf-4c13-a31e-440e50fcf132/datanode-0/data/ratis] (custom)
2019-10-16 17:20:42,420 [pool-150-thread-1] INFO  server.RaftServerConfigKeys (ConfUtils.java:logGet(43)) - raft.server.log.corruption.policy = EXCEPTION (default)
2019-10-16 17:20:42,420 [pool-150-thread-1] INFO  storage.RaftStorageDirectory (RaftStorageDirectory.java:analyzeStorage(246)) - The storage directory /workdir/hadoop-ozone/integration-test/target/test-dir/MiniOzoneClusterImpl-d62837be-dbbf-4c13-a31e-440e50fcf132/datanode-0/data/ratis/5b72c77e-67d5-4c67-98c4-edf3b1b09235 does not exist. Creating ...
2019-10-16 17:20:43,115 [RATISCREATEPIPELINE1] ERROR pipeline.RatisPipelineProvider (RatisPipelineProvider.java:lambda$null$5(237)) - Failed invoke Ratis rpc org.apache.hadoop.hdds.scm.pipeline.RatisPipelineProvider$$Lambda$194/1002695064@11f04cd3 for 6c17ba67-9052-48ab-b55c-e326bb81c936
org.apache.ratis.protocol.TimeoutIOException: deadline exceeded after 2999740369ns
	at org.apache.ratis.grpc.GrpcUtil.tryUnwrapException(GrpcUtil.java:82)
	at org.apache.ratis.grpc.GrpcUtil.unwrapException(GrpcUtil.java:75)
	at org.apache.ratis.grpc.client.GrpcClientProtocolClient.blockingCall(GrpcClientProtocolClient.java:184)
	at org.apache.ratis.grpc.client.GrpcClientProtocolClient.groupAdd(GrpcClientProtocolClient.java:153)
	at org.apache.ratis.grpc.client.GrpcClientRpc.sendRequest(GrpcClientRpc.java:94)
	at org.apache.ratis.client.impl.RaftClientImpl.sendRequest(RaftClientImpl.java:278)
	at org.apache.ratis.client.impl.RaftClientImpl.groupAdd(RaftClientImpl.java:205)
	at org.apache.hadoop.hdds.scm.pipeline.RatisPipelineProvider.lambda$initializePipeline$4(RatisPipelineProvider.java:198)
	at org.apache.hadoop.hdds.scm.pipeline.RatisPipelineProvider.lambda$null$5(RatisPipelineProvider.java:233)
	at java.util.stream.ForEachOps$ForEachOp$OfRef.accept(ForEachOps.java:183)
	at java.util.ArrayList$ArrayListSpliterator.forEachRemaining(ArrayList.java:1382)
	at java.util.stream.AbstractPipeline.copyInto(AbstractPipeline.java:482)
	at java.util.stream.ForEachOps$ForEachTask.compute(ForEachOps.java:290)
	at java.util.concurrent.CountedCompleter.exec(CountedCompleter.java:731)
	at java.util.concurrent.ForkJoinTask.doExec(ForkJoinTask.java:289)
	at java.util.concurrent.ForkJoinTask.doInvoke(ForkJoinTask.java:401)
	at java.util.concurrent.ForkJoinTask.invoke(ForkJoinTask.java:734)
	at java.util.stream.ForEachOps$ForEachOp.evaluateParallel(ForEachOps.java:159)
	at java.util.stream.ForEachOps$ForEachOp$OfRef.evaluateParallel(ForEachOps.java:173)
	at java.util.stream.AbstractPipeline.evaluate(AbstractPipeline.java:233)
	at java.util.stream.ReferencePipeline.forEach(ReferencePipeline.java:485)
	at java.util.stream.ReferencePipeline$Head.forEach(ReferencePipeline.java:650)
	at org.apache.hadoop.hdds.scm.pipeline.RatisPipelineProvider.lambda$callRatisRpc$6(RatisPipelineProvider.java:227)
	at java.util.concurrent.ForkJoinTask$AdaptedRunnableAction.exec(ForkJoinTask.java:1386)
	at java.util.concurrent.ForkJoinTask.doExec(ForkJoinTask.java:289)
	at java.util.concurrent.ForkJoinPool$WorkQueue.runTask(ForkJoinPool.java:1056)
	at java.util.concurrent.ForkJoinPool.runWorker(ForkJoinPool.java:1692)
	at java.util.concurrent.ForkJoinWorkerThread.run(ForkJoinWorkerThread.java:157)
Caused by: org.apache.ratis.thirdparty.io.grpc.StatusRuntimeException: DEADLINE_EXCEEDED: deadline exceeded after 2999740369ns
	at org.apache.ratis.thirdparty.io.grpc.stub.ClientCalls.toStatusRuntimeException(ClientCalls.java:233)
	at org.apache.ratis.thirdparty.io.grpc.stub.ClientCalls.getUnchecked(ClientCalls.java:214)
	at org.apache.ratis.thirdparty.io.grpc.stub.ClientCalls.blockingUnaryCall(ClientCalls.java:139)
	at org.apache.ratis.proto.grpc.AdminProtocolServiceGrpc$AdminProtocolServiceBlockingStub.groupManagement(AdminProtocolServiceGrpc.java:274)
	at org.apache.ratis.grpc.client.GrpcClientProtocolClient.lambda$groupAdd$3(GrpcClientProtocolClient.java:155)
	at org.apache.ratis.grpc.client.GrpcClientProtocolClient.blockingCall(GrpcClientProtocolClient.java:182)
	... 25 more
2019-10-16 17:20:43,115 [RATISCREATEPIPELINE3] ERROR pipeline.RatisPipelineProvider (RatisPipelineProvider.java:lambda$null$5(237)) - Failed invoke Ratis rpc org.apache.hadoop.hdds.scm.pipeline.RatisPipelineProvider$$Lambda$194/1002695064@11f04cd3 for 8dfecba1-8cf2-4467-bf71-9131598e36cc
org.apache.ratis.protocol.TimeoutIOException: deadline exceeded after 2999395636ns
	at org.apache.ratis.grpc.GrpcUtil.tryUnwrapException(GrpcUtil.java:82)
	at org.apache.ratis.grpc.GrpcUtil.unwrapException(GrpcUtil.java:75)
	at org.apache.ratis.grpc.client.GrpcClientProtocolClient.blockingCall(GrpcClientProtocolClient.java:184)
	at org.apache.ratis.grpc.client.GrpcClientProtocolClient.groupAdd(GrpcClientProtocolClient.java:153)
	at org.apache.ratis.grpc.client.GrpcClientRpc.sendRequest(GrpcClientRpc.java:94)
	at org.apache.ratis.client.impl.RaftClientImpl.sendRequest(RaftClientImpl.java:278)
	at org.apache.ratis.client.impl.RaftClientImpl.groupAdd(RaftClientImpl.java:205)
	at org.apache.hadoop.hdds.scm.pipeline.RatisPipelineProvider.lambda$initializePipeline$4(RatisPipelineProvider.java:198)
	at org.apache.hadoop.hdds.scm.pipeline.RatisPipelineProvider.lambda$null$5(RatisPipelineProvider.java:233)
	at java.util.stream.ForEachOps$ForEachOp$OfRef.accept(ForEachOps.java:183)
	at java.util.ArrayList$ArrayListSpliterator.forEachRemaining(ArrayList.java:1382)
	at java.util.stream.AbstractPipeline.copyInto(AbstractPipeline.java:482)
	at java.util.stream.ForEachOps$ForEachTask.compute(ForEachOps.java:290)
	at java.util.concurrent.CountedCompleter.exec(CountedCompleter.java:731)
	at java.util.concurrent.ForkJoinTask.doExec(ForkJoinTask.java:289)
	at java.util.concurrent.ForkJoinPool$WorkQueue.runTask(ForkJoinPool.java:1056)
	at java.util.concurrent.ForkJoinPool.runWorker(ForkJoinPool.java:1692)
	at java.util.concurrent.ForkJoinWorkerThread.run(ForkJoinWorkerThread.java:157)
Caused by: org.apache.ratis.thirdparty.io.grpc.StatusRuntimeException: DEADLINE_EXCEEDED: deadline exceeded after 2999395636ns
	at org.apache.ratis.thirdparty.io.grpc.stub.ClientCalls.toStatusRuntimeException(ClientCalls.java:233)
	at org.apache.ratis.thirdparty.io.grpc.stub.ClientCalls.getUnchecked(ClientCalls.java:214)
	at org.apache.ratis.thirdparty.io.grpc.stub.ClientCalls.blockingUnaryCall(ClientCalls.java:139)
	at org.apache.ratis.proto.grpc.AdminProtocolServiceGrpc$AdminProtocolServiceBlockingStub.groupManagement(AdminProtocolServiceGrpc.java:274)
	at org.apache.ratis.grpc.client.GrpcClientProtocolClient.lambda$groupAdd$3(GrpcClientProtocolClient.java:155)
	at org.apache.ratis.grpc.client.GrpcClientProtocolClient.blockingCall(GrpcClientProtocolClient.java:182)
	... 15 more
2019-10-16 17:20:43,115 [RATISCREATEPIPELINE2] ERROR pipeline.RatisPipelineProvider (RatisPipelineProvider.java:lambda$null$5(237)) - Failed invoke Ratis rpc org.apache.hadoop.hdds.scm.pipeline.RatisPipelineProvider$$Lambda$194/1002695064@11f04cd3 for 21b36528-7a33-48f9-a871-a72bce406f0b
org.apache.ratis.protocol.TimeoutIOException: deadline exceeded after 2999671418ns
	at org.apache.ratis.grpc.GrpcUtil.tryUnwrapException(GrpcUtil.java:82)
	at org.apache.ratis.grpc.GrpcUtil.unwrapException(GrpcUtil.java:75)
	at org.apache.ratis.grpc.client.GrpcClientProtocolClient.blockingCall(GrpcClientProtocolClient.java:184)
	at org.apache.ratis.grpc.client.GrpcClientProtocolClient.groupAdd(GrpcClientProtocolClient.java:153)
	at org.apache.ratis.grpc.client.GrpcClientRpc.sendRequest(GrpcClientRpc.java:94)
	at org.apache.ratis.client.impl.RaftClientImpl.sendRequest(RaftClientImpl.java:278)
	at org.apache.ratis.client.impl.RaftClientImpl.groupAdd(RaftClientImpl.java:205)
	at org.apache.hadoop.hdds.scm.pipeline.RatisPipelineProvider.lambda$initializePipeline$4(RatisPipelineProvider.java:198)
	at org.apache.hadoop.hdds.scm.pipeline.RatisPipelineProvider.lambda$null$5(RatisPipelineProvider.java:233)
	at java.util.stream.ForEachOps$ForEachOp$OfRef.accept(ForEachOps.java:183)
	at java.util.ArrayList$ArrayListSpliterator.forEachRemaining(ArrayList.java:1382)
	at java.util.stream.AbstractPipeline.copyInto(AbstractPipeline.java:482)
	at java.util.stream.ForEachOps$ForEachTask.compute(ForEachOps.java:290)
	at java.util.concurrent.CountedCompleter.exec(CountedCompleter.java:731)
	at java.util.concurrent.ForkJoinTask.doExec(ForkJoinTask.java:289)
	at java.util.concurrent.ForkJoinPool$WorkQueue.runTask(ForkJoinPool.java:1056)
	at java.util.concurrent.ForkJoinPool.runWorker(ForkJoinPool.java:1692)
	at java.util.concurrent.ForkJoinWorkerThread.run(ForkJoinWorkerThread.java:157)
Caused by: org.apache.ratis.thirdparty.io.grpc.StatusRuntimeException: DEADLINE_EXCEEDED: deadline exceeded after 2999671418ns
	at org.apache.ratis.thirdparty.io.grpc.stub.ClientCalls.toStatusRuntimeException(ClientCalls.java:233)
	at org.apache.ratis.thirdparty.io.grpc.stub.ClientCalls.getUnchecked(ClientCalls.java:214)
	at org.apache.ratis.thirdparty.io.grpc.stub.ClientCalls.blockingUnaryCall(ClientCalls.java:139)
	at org.apache.ratis.proto.grpc.AdminProtocolServiceGrpc$AdminProtocolServiceBlockingStub.groupManagement(AdminProtocolServiceGrpc.java:274)
	at org.apache.ratis.grpc.client.GrpcClientProtocolClient.lambda$groupAdd$3(GrpcClientProtocolClient.java:155)
	at org.apache.ratis.grpc.client.GrpcClientProtocolClient.blockingCall(GrpcClientProtocolClient.java:182)
	... 15 more
2019-10-16 17:20:43,128 [grpc-default-executor-8] INFO  impl.RaftServerProxy (RaftServerProxy.java:addNew(89)) - 21b36528-7a33-48f9-a871-a72bce406f0b: addNew group-C0D9B715BF0F:[21b36528-7a33-48f9-a871-a72bce406f0b:192.168.69.90:45999] returns group-C0D9B715BF0F:java.util.concurrent.CompletableFuture@1ae1137d[Not completed]
2019-10-16 17:20:43,584 [pool-200-thread-1] INFO  storage.RaftStorageDirectory (RaftStorageDirectory.java:tryLock(328)) - Lock on /workdir/hadoop-ozone/integration-test/target/test-dir/MiniOzoneClusterImpl-d62837be-dbbf-4c13-a31e-440e50fcf132/datanode-5/data/ratis/5b72c77e-67d5-4c67-98c4-edf3b1b09235/in_use.lock acquired by nodename 18778@pr-hdds-2197-topology-f2j98-1328871761
2019-10-16 17:20:43,584 [pool-160-thread-1] INFO  storage.RaftStorageDirectory (RaftStorageDirectory.java:tryLock(328)) - Lock on /workdir/hadoop-ozone/integration-test/target/test-dir/MiniOzoneClusterImpl-d62837be-dbbf-4c13-a31e-440e50fcf132/datanode-1/data/ratis/5b72c77e-67d5-4c67-98c4-edf3b1b09235/in_use.lock acquired by nodename 18778@pr-hdds-2197-topology-f2j98-1328871761
2019-10-16 17:20:45,419 [pool-150-thread-1] INFO  storage.RaftStorageDirectory (RaftStorageDirectory.java:tryLock(328)) - Lock on /workdir/hadoop-ozone/integration-test/target/test-dir/MiniOzoneClusterImpl-d62837be-dbbf-4c13-a31e-440e50fcf132/datanode-0/data/ratis/5b72c77e-67d5-4c67-98c4-edf3b1b09235/in_use.lock acquired by nodename 18778@pr-hdds-2197-topology-f2j98-1328871761
2019-10-16 17:20:46,126 [RATISCREATEPIPELINE1] ERROR pipeline.RatisPipelineProvider (RatisPipelineProvider.java:lambda$null$5(237)) - Failed invoke Ratis rpc org.apache.hadoop.hdds.scm.pipeline.RatisPipelineProvider$$Lambda$194/1002695064@21eaf2f for 21b36528-7a33-48f9-a871-a72bce406f0b
org.apache.ratis.protocol.TimeoutIOException: deadline exceeded after 2999765998ns
	at org.apache.ratis.grpc.GrpcUtil.tryUnwrapException(GrpcUtil.java:82)
	at org.apache.ratis.grpc.GrpcUtil.unwrapException(GrpcUtil.java:75)
	at org.apache.ratis.grpc.client.GrpcClientProtocolClient.blockingCall(GrpcClientProtocolClient.java:184)
	at org.apache.ratis.grpc.client.GrpcClientProtocolClient.groupAdd(GrpcClientProtocolClient.java:153)
	at org.apache.ratis.grpc.client.GrpcClientRpc.sendRequest(GrpcClientRpc.java:94)
	at org.apache.ratis.client.impl.RaftClientImpl.sendRequest(RaftClientImpl.java:278)
	at org.apache.ratis.client.impl.RaftClientImpl.groupAdd(RaftClientImpl.java:205)
	at org.apache.hadoop.hdds.scm.pipeline.RatisPipelineProvider.lambda$initializePipeline$4(RatisPipelineProvider.java:198)
	at org.apache.hadoop.hdds.scm.pipeline.RatisPipelineProvider.lambda$null$5(RatisPipelineProvider.java:233)
	at java.util.stream.ForEachOps$ForEachOp$OfRef.accept(ForEachOps.java:183)
	at java.util.ArrayList$ArrayListSpliterator.forEachRemaining(ArrayList.java:1382)
	at java.util.stream.AbstractPipeline.copyInto(AbstractPipeline.java:482)
	at java.util.stream.ForEachOps$ForEachTask.compute(ForEachOps.java:290)
	at java.util.concurrent.CountedCompleter.exec(CountedCompleter.java:731)
	at java.util.concurrent.ForkJoinTask.doExec(ForkJoinTask.java:289)
	at java.util.concurrent.ForkJoinTask.doInvoke(ForkJoinTask.java:401)
	at java.util.concurrent.ForkJoinTask.invoke(ForkJoinTask.java:734)
	at java.util.stream.ForEachOps$ForEachOp.evaluateParallel(ForEachOps.java:159)
	at java.util.stream.ForEachOps$ForEachOp$OfRef.evaluateParallel(ForEachOps.java:173)
	at java.util.stream.AbstractPipeline.evaluate(AbstractPipeline.java:233)
	at java.util.stream.ReferencePipeline.forEach(ReferencePipeline.java:485)
	at java.util.stream.ReferencePipeline$Head.forEach(ReferencePipeline.java:650)
	at org.apache.hadoop.hdds.scm.pipeline.RatisPipelineProvider.lambda$callRatisRpc$6(RatisPipelineProvider.java:227)
	at java.util.concurrent.ForkJoinTask$AdaptedRunnableAction.exec(ForkJoinTask.java:1386)
	at java.util.concurrent.ForkJoinTask.doExec(ForkJoinTask.java:289)
	at java.util.concurrent.ForkJoinPool$WorkQueue.runTask(ForkJoinPool.java:1056)
	at java.util.concurrent.ForkJoinPool.runWorker(ForkJoinPool.java:1692)
	at java.util.concurrent.ForkJoinWorkerThread.run(ForkJoinWorkerThread.java:157)
Caused by: org.apache.ratis.thirdparty.io.grpc.StatusRuntimeException: DEADLINE_EXCEEDED: deadline exceeded after 2999765998ns
	at org.apache.ratis.thirdparty.io.grpc.stub.ClientCalls.toStatusRuntimeException(ClientCalls.java:233)
	at org.apache.ratis.thirdparty.io.grpc.stub.ClientCalls.getUnchecked(ClientCalls.java:214)
	at org.apache.ratis.thirdparty.io.grpc.stub.ClientCalls.blockingUnaryCall(ClientCalls.java:139)
	at org.apache.ratis.proto.grpc.AdminProtocolServiceGrpc$AdminProtocolServiceBlockingStub.groupManagement(AdminProtocolServiceGrpc.java:274)
	at org.apache.ratis.grpc.client.GrpcClientProtocolClient.lambda$groupAdd$3(GrpcClientProtocolClient.java:155)
	at org.apache.ratis.grpc.client.GrpcClientProtocolClient.blockingCall(GrpcClientProtocolClient.java:182)
	... 25 more
2019-10-16 17:20:46,153 [grpc-default-executor-12] INFO  impl.RaftServerProxy (RaftServerProxy.java:addNew(89)) - 6c17ba67-9052-48ab-b55c-e326bb81c936: addNew group-95D7A0F68A30:[8dfecba1-8cf2-4467-bf71-9131598e36cc:192.168.69.90:35390, 6c17ba67-9052-48ab-b55c-e326bb81c936:192.168.69.90:33518, 21b36528-7a33-48f9-a871-a72bce406f0b:192.168.69.90:45999] returns group-95D7A0F68A30:java.util.concurrent.CompletableFuture@15876f09[Not completed]
2019-10-16 17:20:46,153 [grpc-default-executor-11] INFO  impl.RaftServerProxy (RaftServerProxy.java:addNew(89)) - 8dfecba1-8cf2-4467-bf71-9131598e36cc: addNew group-95D7A0F68A30:[8dfecba1-8cf2-4467-bf71-9131598e36cc:192.168.69.90:35390, 6c17ba67-9052-48ab-b55c-e326bb81c936:192.168.69.90:33518, 21b36528-7a33-48f9-a871-a72bce406f0b:192.168.69.90:45999] returns group-95D7A0F68A30:java.util.concurrent.CompletableFuture@3fade3[Not completed]
2019-10-16 17:20:46,153 [grpc-default-executor-8] INFO  impl.RaftServerProxy (RaftServerProxy.java:addNew(89)) - 21b36528-7a33-48f9-a871-a72bce406f0b: addNew group-95D7A0F68A30:[8dfecba1-8cf2-4467-bf71-9131598e36cc:192.168.69.90:35390, 6c17ba67-9052-48ab-b55c-e326bb81c936:192.168.69.90:33518, 21b36528-7a33-48f9-a871-a72bce406f0b:192.168.69.90:45999] returns group-95D7A0F68A30:java.util.concurrent.CompletableFuture@22c530e[Not completed]
2019-10-16 17:20:49,149 [RATISCREATEPIPELINE1] ERROR pipeline.RatisPipelineProvider (RatisPipelineProvider.java:lambda$null$5(237)) - Failed invoke Ratis rpc org.apache.hadoop.hdds.scm.pipeline.RatisPipelineProvider$$Lambda$194/1002695064@7c51f1b8 for 6c17ba67-9052-48ab-b55c-e326bb81c936
org.apache.ratis.protocol.TimeoutIOException: deadline exceeded after 2999746992ns
	at org.apache.ratis.grpc.GrpcUtil.tryUnwrapException(GrpcUtil.java:82)
	at org.apache.ratis.grpc.GrpcUtil.unwrapException(GrpcUtil.java:75)
	at org.apache.ratis.grpc.client.GrpcClientProtocolClient.blockingCall(GrpcClientProtocolClient.java:184)
	at org.apache.ratis.grpc.client.GrpcClientProtocolClient.groupAdd(GrpcClientProtocolClient.java:153)
	at org.apache.ratis.grpc.client.GrpcClientRpc.sendRequest(GrpcClientRpc.java:94)
	at org.apache.ratis.client.impl.RaftClientImpl.sendRequest(RaftClientImpl.java:278)
	at org.apache.ratis.client.impl.RaftClientImpl.groupAdd(RaftClientImpl.java:205)
	at org.apache.hadoop.hdds.scm.pipeline.RatisPipelineProvider.lambda$initializePipeline$4(RatisPipelineProvider.java:198)
	at org.apache.hadoop.hdds.scm.pipeline.RatisPipelineProvider.lambda$null$5(RatisPipelineProvider.java:233)
	at java.util.stream.ForEachOps$ForEachOp$OfRef.accept(ForEachOps.java:183)
	at java.util.ArrayList$ArrayListSpliterator.forEachRemaining(ArrayList.java:1382)
	at java.util.stream.AbstractPipeline.copyInto(AbstractPipeline.java:482)
	at java.util.stream.ForEachOps$ForEachTask.compute(ForEachOps.java:290)
	at java.util.concurrent.CountedCompleter.exec(CountedCompleter.java:731)
	at java.util.concurrent.ForkJoinTask.doExec(ForkJoinTask.java:289)
	at java.util.concurrent.ForkJoinTask.doInvoke(ForkJoinTask.java:401)
	at java.util.concurrent.ForkJoinTask.invoke(ForkJoinTask.java:734)
	at java.util.stream.ForEachOps$ForEachOp.evaluateParallel(ForEachOps.java:159)
	at java.util.stream.ForEachOps$ForEachOp$OfRef.evaluateParallel(ForEachOps.java:173)
	at java.util.stream.AbstractPipeline.evaluate(AbstractPipeline.java:233)
	at java.util.stream.ReferencePipeline.forEach(ReferencePipeline.java:485)
	at java.util.stream.ReferencePipeline$Head.forEach(ReferencePipeline.java:650)
	at org.apache.hadoop.hdds.scm.pipeline.RatisPipelineProvider.lambda$callRatisRpc$6(RatisPipelineProvider.java:227)
	at java.util.concurrent.ForkJoinTask$AdaptedRunnableAction.exec(ForkJoinTask.java:1386)
	at java.util.concurrent.ForkJoinTask.doExec(ForkJoinTask.java:289)
	at java.util.concurrent.ForkJoinPool$WorkQueue.runTask(ForkJoinPool.java:1056)
	at java.util.concurrent.ForkJoinPool.runWorker(ForkJoinPool.java:1692)
	at java.util.concurrent.ForkJoinWorkerThread.run(ForkJoinWorkerThread.java:157)
Caused by: org.apache.ratis.thirdparty.io.grpc.StatusRuntimeException: DEADLINE_EXCEEDED: deadline exceeded after 2999746992ns
	at org.apache.ratis.thirdparty.io.grpc.stub.ClientCalls.toStatusRuntimeException(ClientCalls.java:233)
	at org.apache.ratis.thirdparty.io.grpc.stub.ClientCalls.getUnchecked(ClientCalls.java:214)
	at org.apache.ratis.thirdparty.io.grpc.stub.ClientCalls.blockingUnaryCall(ClientCalls.java:139)
	at org.apache.ratis.proto.grpc.AdminProtocolServiceGrpc$AdminProtocolServiceBlockingStub.groupManagement(AdminProtocolServiceGrpc.java:274)
	at org.apache.ratis.grpc.client.GrpcClientProtocolClient.lambda$groupAdd$3(GrpcClientProtocolClient.java:155)
	at org.apache.ratis.grpc.client.GrpcClientProtocolClient.blockingCall(GrpcClientProtocolClient.java:182)
	... 25 more
2019-10-16 17:20:49,149 [RATISCREATEPIPELINE2] ERROR pipeline.RatisPipelineProvider (RatisPipelineProvider.java:lambda$null$5(237)) - Failed invoke Ratis rpc org.apache.hadoop.hdds.scm.pipeline.RatisPipelineProvider$$Lambda$194/1002695064@7c51f1b8 for 21b36528-7a33-48f9-a871-a72bce406f0b
org.apache.ratis.protocol.TimeoutIOException: deadline exceeded after 2999741822ns
	at org.apache.ratis.grpc.GrpcUtil.tryUnwrapException(GrpcUtil.java:82)
	at org.apache.ratis.grpc.GrpcUtil.unwrapException(GrpcUtil.java:75)
	at org.apache.ratis.grpc.client.GrpcClientProtocolClient.blockingCall(GrpcClientProtocolClient.java:184)
	at org.apache.ratis.grpc.client.GrpcClientProtocolClient.groupAdd(GrpcClientProtocolClient.java:153)
	at org.apache.ratis.grpc.client.GrpcClientRpc.sendRequest(GrpcClientRpc.java:94)
	at org.apache.ratis.client.impl.RaftClientImpl.sendRequest(RaftClientImpl.java:278)
	at org.apache.ratis.client.impl.RaftClientImpl.groupAdd(RaftClientImpl.java:205)
	at org.apache.hadoop.hdds.scm.pipeline.RatisPipelineProvider.lambda$initializePipeline$4(RatisPipelineProvider.java:198)
	at org.apache.hadoop.hdds.scm.pipeline.RatisPipelineProvider.lambda$null$5(RatisPipelineProvider.java:233)
	at java.util.stream.ForEachOps$ForEachOp$OfRef.accept(ForEachOps.java:183)
	at java.util.ArrayList$ArrayListSpliterator.forEachRemaining(ArrayList.java:1382)
	at java.util.stream.AbstractPipeline.copyInto(AbstractPipeline.java:482)
	at java.util.stream.ForEachOps$ForEachTask.compute(ForEachOps.java:290)
	at java.util.concurrent.CountedCompleter.exec(CountedCompleter.java:731)
	at java.util.concurrent.ForkJoinTask.doExec(ForkJoinTask.java:289)
	at java.util.concurrent.ForkJoinPool$WorkQueue.runTask(ForkJoinPool.java:1056)
	at java.util.concurrent.ForkJoinPool.runWorker(ForkJoinPool.java:1692)
	at java.util.concurrent.ForkJoinWorkerThread.run(ForkJoinWorkerThread.java:157)
Caused by: org.apache.ratis.thirdparty.io.grpc.StatusRuntimeException: DEADLINE_EXCEEDED: deadline exceeded after 2999741822ns
	at org.apache.ratis.thirdparty.io.grpc.stub.ClientCalls.toStatusRuntimeException(ClientCalls.java:233)
	at org.apache.ratis.thirdparty.io.grpc.stub.ClientCalls.getUnchecked(ClientCalls.java:214)
	at org.apache.ratis.thirdparty.io.grpc.stub.ClientCalls.blockingUnaryCall(ClientCalls.java:139)
	at org.apache.ratis.proto.grpc.AdminProtocolServiceGrpc$AdminProtocolServiceBlockingStub.groupManagement(AdminProtocolServiceGrpc.java:274)
	at org.apache.ratis.grpc.client.GrpcClientProtocolClient.lambda$groupAdd$3(GrpcClientProtocolClient.java:155)
	at org.apache.ratis.grpc.client.GrpcClientProtocolClient.blockingCall(GrpcClientProtocolClient.java:182)
	... 15 more
2019-10-16 17:20:49,149 [RATISCREATEPIPELINE3] ERROR pipeline.RatisPipelineProvider (RatisPipelineProvider.java:lambda$null$5(237)) - Failed invoke Ratis rpc org.apache.hadoop.hdds.scm.pipeline.RatisPipelineProvider$$Lambda$194/1002695064@7c51f1b8 for 8dfecba1-8cf2-4467-bf71-9131598e36cc
org.apache.ratis.protocol.TimeoutIOException: deadline exceeded after 2999741341ns
	at org.apache.ratis.grpc.GrpcUtil.tryUnwrapException(GrpcUtil.java:82)
	at org.apache.ratis.grpc.GrpcUtil.unwrapException(GrpcUtil.java:75)
	at org.apache.ratis.grpc.client.GrpcClientProtocolClient.blockingCall(GrpcClientProtocolClient.java:184)
	at org.apache.ratis.grpc.client.GrpcClientProtocolClient.groupAdd(GrpcClientProtocolClient.java:153)
	at org.apache.ratis.grpc.client.GrpcClientRpc.sendRequest(GrpcClientRpc.java:94)
	at org.apache.ratis.client.impl.RaftClientImpl.sendRequest(RaftClientImpl.java:278)
	at org.apache.ratis.client.impl.RaftClientImpl.groupAdd(RaftClientImpl.java:205)
	at org.apache.hadoop.hdds.scm.pipeline.RatisPipelineProvider.lambda$initializePipeline$4(RatisPipelineProvider.java:198)
	at org.apache.hadoop.hdds.scm.pipeline.RatisPipelineProvider.lambda$null$5(RatisPipelineProvider.java:233)
	at java.util.stream.ForEachOps$ForEachOp$OfRef.accept(ForEachOps.java:183)
	at java.util.ArrayList$ArrayListSpliterator.forEachRemaining(ArrayList.java:1382)
	at java.util.stream.AbstractPipeline.copyInto(AbstractPipeline.java:482)
	at java.util.stream.ForEachOps$ForEachTask.compute(ForEachOps.java:290)
	at java.util.concurrent.CountedCompleter.exec(CountedCompleter.java:731)
	at java.util.concurrent.ForkJoinTask.doExec(ForkJoinTask.java:289)
	at java.util.concurrent.ForkJoinPool$WorkQueue.runTask(ForkJoinPool.java:1056)
	at java.util.concurrent.ForkJoinPool.runWorker(ForkJoinPool.java:1692)
	at java.util.concurrent.ForkJoinWorkerThread.run(ForkJoinWorkerThread.java:157)
Caused by: org.apache.ratis.thirdparty.io.grpc.StatusRuntimeException: DEADLINE_EXCEEDED: deadline exceeded after 2999741341ns
	at org.apache.ratis.thirdparty.io.grpc.stub.ClientCalls.toStatusRuntimeException(ClientCalls.java:233)
	at org.apache.ratis.thirdparty.io.grpc.stub.ClientCalls.getUnchecked(ClientCalls.java:214)
	at org.apache.ratis.thirdparty.io.grpc.stub.ClientCalls.blockingUnaryCall(ClientCalls.java:139)
	at org.apache.ratis.proto.grpc.AdminProtocolServiceGrpc$AdminProtocolServiceBlockingStub.groupManagement(AdminProtocolServiceGrpc.java:274)
	at org.apache.ratis.grpc.client.GrpcClientProtocolClient.lambda$groupAdd$3(GrpcClientProtocolClient.java:155)
	at org.apache.ratis.grpc.client.GrpcClientProtocolClient.blockingCall(GrpcClientProtocolClient.java:182)
	... 15 more
2019-10-16 17:20:49,170 [grpc-default-executor-11] INFO  impl.RaftServerProxy (RaftServerProxy.java:addNew(89)) - 6c17ba67-9052-48ab-b55c-e326bb81c936: addNew group-8363CBFC2677:[8dfecba1-8cf2-4467-bf71-9131598e36cc:192.168.69.90:35390, 6c17ba67-9052-48ab-b55c-e326bb81c936:192.168.69.90:33518, 21b36528-7a33-48f9-a871-a72bce406f0b:192.168.69.90:45999] returns group-8363CBFC2677:java.util.concurrent.CompletableFuture@78e34be6[Not completed]
2019-10-16 17:20:49,170 [grpc-default-executor-12] INFO  impl.RaftServerProxy (RaftServerProxy.java:addNew(89)) - 8dfecba1-8cf2-4467-bf71-9131598e36cc: addNew group-8363CBFC2677:[8dfecba1-8cf2-4467-bf71-9131598e36cc:192.168.69.90:35390, 6c17ba67-9052-48ab-b55c-e326bb81c936:192.168.69.90:33518, 21b36528-7a33-48f9-a871-a72bce406f0b:192.168.69.90:45999] returns group-8363CBFC2677:java.util.concurrent.CompletableFuture@24581af2[Not completed]
2019-10-16 17:20:49,170 [grpc-default-executor-8] INFO  impl.RaftServerProxy (RaftServerProxy.java:addNew(89)) - 21b36528-7a33-48f9-a871-a72bce406f0b: addNew group-8363CBFC2677:[8dfecba1-8cf2-4467-bf71-9131598e36cc:192.168.69.90:35390, 6c17ba67-9052-48ab-b55c-e326bb81c936:192.168.69.90:33518, 21b36528-7a33-48f9-a871-a72bce406f0b:192.168.69.90:45999] returns group-8363CBFC2677:java.util.concurrent.CompletableFuture@61420821[Not completed]
2019-10-16 17:20:50,297 [pool-160-thread-1] INFO  storage.RaftStorage (RaftStorage.java:format(84)) - Storage directory /workdir/hadoop-ozone/integration-test/target/test-dir/MiniOzoneClusterImpl-d62837be-dbbf-4c13-a31e-440e50fcf132/datanode-1/data/ratis/5b72c77e-67d5-4c67-98c4-edf3b1b09235 has been successfully formatted.
2019-10-16 17:20:50,297 [pool-200-thread-1] INFO  storage.RaftStorage (RaftStorage.java:format(84)) - Storage directory /workdir/hadoop-ozone/integration-test/target/test-dir/MiniOzoneClusterImpl-d62837be-dbbf-4c13-a31e-440e50fcf132/datanode-5/data/ratis/5b72c77e-67d5-4c67-98c4-edf3b1b09235 has been successfully formatted.
2019-10-16 17:20:50,298 [pool-200-thread-1] INFO  ratis.ContainerStateMachine (ContainerStateMachine.java:loadSnapshot(231)) - group-EDF3B1B09235: The snapshot info is null. Setting the last applied indexto:(t:0, i:~)
2019-10-16 17:20:50,298 [pool-160-thread-1] INFO  ratis.ContainerStateMachine (ContainerStateMachine.java:loadSnapshot(231)) - group-EDF3B1B09235: The snapshot info is null. Setting the last applied indexto:(t:0, i:~)
2019-10-16 17:20:50,299 [pool-200-thread-1] INFO  server.RaftServerConfigKeys (ConfUtils.java:logGet(43)) - raft.server.notification.no-leader.timeout = 120s (custom)
2019-10-16 17:20:50,299 [pool-160-thread-1] INFO  server.RaftServerConfigKeys (ConfUtils.java:logGet(43)) - raft.server.notification.no-leader.timeout = 120s (custom)
2019-10-16 17:20:50,299 [pool-200-thread-1] INFO  server.RaftServerConfigKeys (ConfUtils.java:logGet(43)) - raft.server.log.use.memory = false (default)
2019-10-16 17:20:50,299 [pool-160-thread-1] INFO  server.RaftServerConfigKeys (ConfUtils.java:logGet(43)) - raft.server.log.use.memory = false (default)
2019-10-16 17:20:50,299 [pool-200-thread-1] INFO  server.RaftServerConfigKeys (ConfUtils.java:logGet(43)) - raft.server.log.purge.gap = 1000000 (custom)
2019-10-16 17:20:50,299 [pool-160-thread-1] INFO  server.RaftServerConfigKeys (ConfUtils.java:logGet(43)) - raft.server.log.purge.gap = 1000000 (custom)
2019-10-16 17:20:50,300 [pool-200-thread-1] INFO  server.RaftServerConfigKeys (ConfUtils.java:logGet(43)) - raft.server.log.appender.buffer.byte-limit = 33554432 (custom)
2019-10-16 17:20:50,300 [pool-160-thread-1] INFO  server.RaftServerConfigKeys (ConfUtils.java:logGet(43)) - raft.server.log.appender.buffer.byte-limit = 33554432 (custom)
2019-10-16 17:20:50,300 [pool-200-thread-1] INFO  server.RaftServerConfigKeys (ConfUtils.java:logGet(43)) - raft.server.log.segment.size.max = 1048576 (custom)
2019-10-16 17:20:50,300 [pool-160-thread-1] INFO  server.RaftServerConfigKeys (ConfUtils.java:logGet(43)) - raft.server.log.segment.size.max = 1048576 (custom)
2019-10-16 17:20:50,306 [pool-200-thread-1] INFO  server.RaftServerConfigKeys (ConfUtils.java:logGet(43)) - raft.server.log.segment.cache.num.max = 2 (custom)
2019-10-16 17:20:50,306 [pool-200-thread-1] INFO  segmented.SegmentedRaftLogWorker (SegmentedRaftLogWorker.java:<init>(173)) - new 21b36528-7a33-48f9-a871-a72bce406f0b@group-EDF3B1B09235-SegmentedRaftLogWorker for RaftStorage:Storage Directory /workdir/hadoop-ozone/integration-test/target/test-dir/MiniOzoneClusterImpl-d62837be-dbbf-4c13-a31e-440e50fcf132/datanode-5/data/ratis/5b72c77e-67d5-4c67-98c4-edf3b1b09235
2019-10-16 17:20:50,306 [pool-160-thread-1] INFO  server.RaftServerConfigKeys (ConfUtils.java:logGet(43)) - raft.server.log.segment.cache.num.max = 2 (custom)
2019-10-16 17:20:50,306 [pool-200-thread-1] INFO  server.RaftServerConfigKeys (ConfUtils.java:logGet(43)) - raft.server.log.queue.byte-limit = 2147483647 (custom)
2019-10-16 17:20:50,306 [pool-160-thread-1] INFO  segmented.SegmentedRaftLogWorker (SegmentedRaftLogWorker.java:<init>(173)) - new 8dfecba1-8cf2-4467-bf71-9131598e36cc@group-EDF3B1B09235-SegmentedRaftLogWorker for RaftStorage:Storage Directory /workdir/hadoop-ozone/integration-test/target/test-dir/MiniOzoneClusterImpl-d62837be-dbbf-4c13-a31e-440e50fcf132/datanode-1/data/ratis/5b72c77e-67d5-4c67-98c4-edf3b1b09235
2019-10-16 17:20:50,306 [pool-200-thread-1] INFO  server.RaftServerConfigKeys (ConfUtils.java:logGet(43)) - raft.server.log.queue.element-limit = 1024 (custom)
2019-10-16 17:20:50,306 [pool-160-thread-1] INFO  server.RaftServerConfigKeys (ConfUtils.java:logGet(43)) - raft.server.log.queue.byte-limit = 2147483647 (custom)
2019-10-16 17:20:50,307 [pool-200-thread-1] INFO  server.RaftServerConfigKeys (ConfUtils.java:logGet(43)) - raft.server.log.segment.size.max = 1048576 (custom)
2019-10-16 17:20:50,307 [pool-160-thread-1] INFO  server.RaftServerConfigKeys (ConfUtils.java:logGet(43)) - raft.server.log.queue.element-limit = 1024 (custom)
2019-10-16 17:20:50,307 [pool-200-thread-1] INFO  server.RaftServerConfigKeys (ConfUtils.java:logGet(43)) - raft.server.log.preallocated.size = 16384 (custom)
2019-10-16 17:20:50,307 [pool-160-thread-1] INFO  server.RaftServerConfigKeys (ConfUtils.java:logGet(43)) - raft.server.log.segment.size.max = 1048576 (custom)
2019-10-16 17:20:50,307 [pool-200-thread-1] INFO  server.RaftServerConfigKeys (ConfUtils.java:logGet(43)) - raft.server.log.write.buffer.size = 33554432 (custom)
2019-10-16 17:20:50,308 [pool-160-thread-1] INFO  server.RaftServerConfigKeys (ConfUtils.java:logGet(43)) - raft.server.log.preallocated.size = 16384 (custom)
2019-10-16 17:20:50,308 [pool-200-thread-1] INFO  server.RaftServerConfigKeys (ConfUtils.java:logGet(43)) - raft.server.log.force.sync.num = 128 (default)
2019-10-16 17:20:50,308 [pool-160-thread-1] INFO  server.RaftServerConfigKeys (ConfUtils.java:logGet(43)) - raft.server.log.write.buffer.size = 33554432 (custom)
2019-10-16 17:20:50,308 [pool-200-thread-1] INFO  server.RaftServerConfigKeys (ConfUtils.java:logGet(43)) - raft.server.log.statemachine.data.sync = true (default)
2019-10-16 17:20:50,308 [pool-160-thread-1] INFO  server.RaftServerConfigKeys (ConfUtils.java:logGet(43)) - raft.server.log.force.sync.num = 128 (default)
2019-10-16 17:20:50,308 [pool-200-thread-1] INFO  server.RaftServerConfigKeys (ConfUtils.java:logGet(43)) - raft.server.log.statemachine.data.sync.timeout = 10s (default)
2019-10-16 17:20:50,309 [pool-160-thread-1] INFO  server.RaftServerConfigKeys (ConfUtils.java:logGet(43)) - raft.server.log.statemachine.data.sync = true (default)
2019-10-16 17:20:50,309 [pool-200-thread-1] INFO  server.RaftServerConfigKeys (ConfUtils.java:logGet(43)) - raft.server.log.statemachine.data.sync.timeout.retry = -1 (default)
2019-10-16 17:20:50,309 [pool-160-thread-1] INFO  server.RaftServerConfigKeys (ConfUtils.java:logGet(43)) - raft.server.log.statemachine.data.sync.timeout = 10s (default)
2019-10-16 17:20:50,309 [pool-160-thread-1] INFO  server.RaftServerConfigKeys (ConfUtils.java:logGet(43)) - raft.server.log.statemachine.data.sync.timeout.retry = -1 (default)
2019-10-16 17:20:50,310 [pool-200-thread-1] INFO  server.RaftServerConfigKeys (ConfUtils.java:logGet(43)) - raft.server.log.statemachine.data.caching.enabled = true (custom)
2019-10-16 17:20:50,310 [pool-200-thread-1] INFO  segmented.SegmentedRaftLogWorker (SegmentedRaftLogWorker.java:lambda$new$0(128)) - 21b36528-7a33-48f9-a871-a72bce406f0b@group-EDF3B1B09235-SegmentedRaftLogWorker: flushIndex: setUnconditionally 0 -> -1
2019-10-16 17:20:50,310 [pool-160-thread-1] INFO  server.RaftServerConfigKeys (ConfUtils.java:logGet(43)) - raft.server.log.statemachine.data.caching.enabled = true (custom)
2019-10-16 17:20:50,311 [pool-200-thread-1] INFO  server.RaftServerConfigKeys (ConfUtils.java:logGet(43)) - raft.server.snapshot.auto.trigger.enabled = true (custom)
2019-10-16 17:20:50,311 [pool-200-thread-1] INFO  server.RaftServerConfigKeys (ConfUtils.java:logGet(43)) - raft.server.snapshot.auto.trigger.threshold = 10000 (custom)
2019-10-16 17:20:50,311 [pool-160-thread-1] INFO  segmented.SegmentedRaftLogWorker (SegmentedRaftLogWorker.java:lambda$new$0(128)) - 8dfecba1-8cf2-4467-bf71-9131598e36cc@group-EDF3B1B09235-SegmentedRaftLogWorker: flushIndex: setUnconditionally 0 -> -1
2019-10-16 17:20:50,311 [pool-200-thread-1] INFO  server.RaftServerConfigKeys (ConfUtils.java:logGet(43)) - raft.server.snapshot.retention.file.num = 5 (custom)
2019-10-16 17:20:50,311 [pool-200-thread-1] INFO  server.RaftServerConfigKeys (ConfUtils.java:logGet(43)) - raft.server.retrycache.expirytime = 600000ms (custom)
2019-10-16 17:20:50,311 [pool-160-thread-1] INFO  server.RaftServerConfigKeys (ConfUtils.java:logGet(43)) - raft.server.snapshot.auto.trigger.enabled = true (custom)
2019-10-16 17:20:50,312 [pool-160-thread-1] INFO  server.RaftServerConfigKeys (ConfUtils.java:logGet(43)) - raft.server.snapshot.auto.trigger.threshold = 10000 (custom)
2019-10-16 17:20:50,312 [pool-160-thread-1] INFO  server.RaftServerConfigKeys (ConfUtils.java:logGet(43)) - raft.server.snapshot.retention.file.num = 5 (custom)
2019-10-16 17:20:50,312 [pool-160-thread-1] INFO  server.RaftServerConfigKeys (ConfUtils.java:logGet(43)) - raft.server.retrycache.expirytime = 600000ms (custom)
2019-10-16 17:20:50,317 [pool-200-thread-1] INFO  impl.RaftServerImpl (RaftServerImpl.java:<init>(95)) - 21b36528-7a33-48f9-a871-a72bce406f0b: new RaftServerImpl for group-C0D9B715BF0F:[21b36528-7a33-48f9-a871-a72bce406f0b:192.168.69.90:45999] with ContainerStateMachine:uninitialized
2019-10-16 17:20:50,318 [pool-200-thread-1] INFO  server.RaftServerConfigKeys (ConfUtils.java:logGet(43)) - raft.server.rpc.timeout.min = 1s (custom)
2019-10-16 17:20:50,318 [pool-200-thread-1] INFO  server.RaftServerConfigKeys (ConfUtils.java:logGet(43)) - raft.server.rpc.timeout.max = 1200ms (custom)
2019-10-16 17:20:50,318 [pool-200-thread-1] INFO  server.RaftServerConfigKeys (ConfUtils.java:logGet(43)) - raft.server.rpcslowness.timeout = 120s (custom)
2019-10-16 17:20:50,318 [pool-200-thread-1] INFO  server.RaftServerConfigKeys (ConfUtils.java:logGet(43)) - raft.server.sleep.deviation.threshold = 300 (default)
2019-10-16 17:20:50,318 [pool-200-thread-1] INFO  server.RaftServerConfigKeys (ConfUtils.java:logGet(43)) - raft.server.log.appender.install.snapshot.enabled = false (custom)
2019-10-16 17:20:50,318 [pool-160-thread-1] INFO  impl.RaftServerImpl (RaftServerImpl.java:<init>(95)) - 8dfecba1-8cf2-4467-bf71-9131598e36cc: new RaftServerImpl for group-95D7A0F68A30:[8dfecba1-8cf2-4467-bf71-9131598e36cc:192.168.69.90:35390, 6c17ba67-9052-48ab-b55c-e326bb81c936:192.168.69.90:33518, 21b36528-7a33-48f9-a871-a72bce406f0b:192.168.69.90:45999] with ContainerStateMachine:uninitialized
2019-10-16 17:20:50,318 [pool-200-thread-1] INFO  impl.RaftServerImpl (ServerState.java:<init>(103)) - 21b36528-7a33-48f9-a871-a72bce406f0b@group-C0D9B715BF0F: ConfigurationManager, init=-1: [21b36528-7a33-48f9-a871-a72bce406f0b:192.168.69.90:45999], old=null, confs=<EMPTY_MAP>
2019-10-16 17:20:50,318 [pool-160-thread-1] INFO  server.RaftServerConfigKeys (ConfUtils.java:logGet(43)) - raft.server.rpc.timeout.min = 1s (custom)
2019-10-16 17:20:50,319 [pool-200-thread-1] INFO  server.RaftServerConfigKeys (ConfUtils.java:logGet(43)) - raft.server.storage.dir = [/workdir/hadoop-ozone/integration-test/target/test-dir/MiniOzoneClusterImpl-d62837be-dbbf-4c13-a31e-440e50fcf132/datanode-5/data/ratis] (custom)
2019-10-16 17:20:50,319 [pool-160-thread-1] INFO  server.RaftServerConfigKeys (ConfUtils.java:logGet(43)) - raft.server.rpc.timeout.max = 1200ms (custom)
2019-10-16 17:20:50,319 [pool-160-thread-1] INFO  server.RaftServerConfigKeys (ConfUtils.java:logGet(43)) - raft.server.rpcslowness.timeout = 120s (custom)
2019-10-16 17:20:50,319 [pool-200-thread-1] INFO  server.RaftServerConfigKeys (ConfUtils.java:logGet(43)) - raft.server.log.corruption.policy = EXCEPTION (default)
2019-10-16 17:20:50,319 [pool-160-thread-1] INFO  server.RaftServerConfigKeys (ConfUtils.java:logGet(43)) - raft.server.sleep.deviation.threshold = 300 (default)
2019-10-16 17:20:50,319 [pool-200-thread-1] INFO  storage.RaftStorageDirectory (RaftStorageDirectory.java:analyzeStorage(246)) - The storage directory /workdir/hadoop-ozone/integration-test/target/test-dir/MiniOzoneClusterImpl-d62837be-dbbf-4c13-a31e-440e50fcf132/datanode-5/data/ratis/19216a54-74b9-4c98-a5db-c0d9b715bf0f does not exist. Creating ...
2019-10-16 17:20:50,320 [pool-160-thread-1] INFO  server.RaftServerConfigKeys (ConfUtils.java:logGet(43)) - raft.server.log.appender.install.snapshot.enabled = false (custom)
2019-10-16 17:20:50,320 [pool-160-thread-1] INFO  impl.RaftServerImpl (ServerState.java:<init>(103)) - 8dfecba1-8cf2-4467-bf71-9131598e36cc@group-95D7A0F68A30: ConfigurationManager, init=-1: [8dfecba1-8cf2-4467-bf71-9131598e36cc:192.168.69.90:35390, 6c17ba67-9052-48ab-b55c-e326bb81c936:192.168.69.90:33518, 21b36528-7a33-48f9-a871-a72bce406f0b:192.168.69.90:45999], old=null, confs=<EMPTY_MAP>
2019-10-16 17:20:50,320 [pool-160-thread-1] INFO  server.RaftServerConfigKeys (ConfUtils.java:logGet(43)) - raft.server.storage.dir = [/workdir/hadoop-ozone/integration-test/target/test-dir/MiniOzoneClusterImpl-d62837be-dbbf-4c13-a31e-440e50fcf132/datanode-1/data/ratis] (custom)
2019-10-16 17:20:50,320 [pool-160-thread-1] INFO  server.RaftServerConfigKeys (ConfUtils.java:logGet(43)) - raft.server.log.corruption.policy = EXCEPTION (default)
2019-10-16 17:20:50,321 [pool-160-thread-1] INFO  storage.RaftStorageDirectory (RaftStorageDirectory.java:analyzeStorage(246)) - The storage directory /workdir/hadoop-ozone/integration-test/target/test-dir/MiniOzoneClusterImpl-d62837be-dbbf-4c13-a31e-440e50fcf132/datanode-1/data/ratis/e4b7743f-a2d9-4943-8e2e-95d7a0f68a30 does not exist. Creating ...
2019-10-16 17:20:52,168 [RATISCREATEPIPELINE3] ERROR pipeline.RatisPipelineProvider (RatisPipelineProvider.java:lambda$null$5(237)) - Failed invoke Ratis rpc org.apache.hadoop.hdds.scm.pipeline.RatisPipelineProvider$$Lambda$194/1002695064@249cc232 for 21b36528-7a33-48f9-a871-a72bce406f0b
org.apache.ratis.protocol.TimeoutIOException: deadline exceeded after 2999659586ns
	at org.apache.ratis.grpc.GrpcUtil.tryUnwrapException(GrpcUtil.java:82)
	at org.apache.ratis.grpc.GrpcUtil.unwrapException(GrpcUtil.java:75)
	at org.apache.ratis.grpc.client.GrpcClientProtocolClient.blockingCall(GrpcClientProtocolClient.java:184)
	at org.apache.ratis.grpc.client.GrpcClientProtocolClient.groupAdd(GrpcClientProtocolClient.java:153)
	at org.apache.ratis.grpc.client.GrpcClientRpc.sendRequest(GrpcClientRpc.java:94)
	at org.apache.ratis.client.impl.RaftClientImpl.sendRequest(RaftClientImpl.java:278)
	at org.apache.ratis.client.impl.RaftClientImpl.groupAdd(RaftClientImpl.java:205)
	at org.apache.hadoop.hdds.scm.pipeline.RatisPipelineProvider.lambda$initializePipeline$4(RatisPipelineProvider.java:198)
	at org.apache.hadoop.hdds.scm.pipeline.RatisPipelineProvider.lambda$null$5(RatisPipelineProvider.java:233)
	at java.util.stream.ForEachOps$ForEachOp$OfRef.accept(ForEachOps.java:183)
	at java.util.ArrayList$ArrayListSpliterator.forEachRemaining(ArrayList.java:1382)
	at java.util.stream.AbstractPipeline.copyInto(AbstractPipeline.java:482)
	at java.util.stream.ForEachOps$ForEachTask.compute(ForEachOps.java:290)
	at java.util.concurrent.CountedCompleter.exec(CountedCompleter.java:731)
	at java.util.concurrent.ForkJoinTask.doExec(ForkJoinTask.java:289)
	at java.util.concurrent.ForkJoinPool$WorkQueue.runTask(ForkJoinPool.java:1056)
	at java.util.concurrent.ForkJoinPool.runWorker(ForkJoinPool.java:1692)
	at java.util.concurrent.ForkJoinWorkerThread.run(ForkJoinWorkerThread.java:157)
Caused by: org.apache.ratis.thirdparty.io.grpc.StatusRuntimeException: DEADLINE_EXCEEDED: deadline exceeded after 2999659586ns
	at org.apache.ratis.thirdparty.io.grpc.stub.ClientCalls.toStatusRuntimeException(ClientCalls.java:233)
	at org.apache.ratis.thirdparty.io.grpc.stub.ClientCalls.getUnchecked(ClientCalls.java:214)
	at org.apache.ratis.thirdparty.io.grpc.stub.ClientCalls.blockingUnaryCall(ClientCalls.java:139)
	at org.apache.ratis.proto.grpc.AdminProtocolServiceGrpc$AdminProtocolServiceBlockingStub.groupManagement(AdminProtocolServiceGrpc.java:274)
	at org.apache.ratis.grpc.client.GrpcClientProtocolClient.lambda$groupAdd$3(GrpcClientProtocolClient.java:155)
	at org.apache.ratis.grpc.client.GrpcClientProtocolClient.blockingCall(GrpcClientProtocolClient.java:182)
	... 15 more
2019-10-16 17:20:52,168 [RATISCREATEPIPELINE1] ERROR pipeline.RatisPipelineProvider (RatisPipelineProvider.java:lambda$null$5(237)) - Failed invoke Ratis rpc org.apache.hadoop.hdds.scm.pipeline.RatisPipelineProvider$$Lambda$194/1002695064@249cc232 for 6c17ba67-9052-48ab-b55c-e326bb81c936
org.apache.ratis.protocol.TimeoutIOException: deadline exceeded after 2999688445ns
	at org.apache.ratis.grpc.GrpcUtil.tryUnwrapException(GrpcUtil.java:82)
	at org.apache.ratis.grpc.GrpcUtil.unwrapException(GrpcUtil.java:75)
	at org.apache.ratis.grpc.client.GrpcClientProtocolClient.blockingCall(GrpcClientProtocolClient.java:184)
	at org.apache.ratis.grpc.client.GrpcClientProtocolClient.groupAdd(GrpcClientProtocolClient.java:153)
	at org.apache.ratis.grpc.client.GrpcClientRpc.sendRequest(GrpcClientRpc.java:94)
	at org.apache.ratis.client.impl.RaftClientImpl.sendRequest(RaftClientImpl.java:278)
	at org.apache.ratis.client.impl.RaftClientImpl.groupAdd(RaftClientImpl.java:205)
	at org.apache.hadoop.hdds.scm.pipeline.RatisPipelineProvider.lambda$initializePipeline$4(RatisPipelineProvider.java:198)
	at org.apache.hadoop.hdds.scm.pipeline.RatisPipelineProvider.lambda$null$5(RatisPipelineProvider.java:233)
	at java.util.stream.ForEachOps$ForEachOp$OfRef.accept(ForEachOps.java:183)
	at java.util.ArrayList$ArrayListSpliterator.forEachRemaining(ArrayList.java:1382)
	at java.util.stream.AbstractPipeline.copyInto(AbstractPipeline.java:482)
	at java.util.stream.ForEachOps$ForEachTask.compute(ForEachOps.java:290)
	at java.util.concurrent.CountedCompleter.exec(CountedCompleter.java:731)
	at java.util.concurrent.ForkJoinTask.doExec(ForkJoinTask.java:289)
	at java.util.concurrent.ForkJoinTask.doInvoke(ForkJoinTask.java:401)
	at java.util.concurrent.ForkJoinTask.invoke(ForkJoinTask.java:734)
	at java.util.stream.ForEachOps$ForEachOp.evaluateParallel(ForEachOps.java:159)
	at java.util.stream.ForEachOps$ForEachOp$OfRef.evaluateParallel(ForEachOps.java:173)
	at java.util.stream.AbstractPipeline.evaluate(AbstractPipeline.java:233)
	at java.util.stream.ReferencePipeline.forEach(ReferencePipeline.java:485)
	at java.util.stream.ReferencePipeline$Head.forEach(ReferencePipeline.java:650)
	at org.apache.hadoop.hdds.scm.pipeline.RatisPipelineProvider.lambda$callRatisRpc$6(RatisPipelineProvider.java:227)
	at java.util.concurrent.ForkJoinTask$AdaptedRunnableAction.exec(ForkJoinTask.java:1386)
	at java.util.concurrent.ForkJoinTask.doExec(ForkJoinTask.java:289)
	at java.util.concurrent.ForkJoinPool$WorkQueue.runTask(ForkJoinPool.java:1056)
	at java.util.concurrent.ForkJoinPool.runWorker(ForkJoinPool.java:1692)
	at java.util.concurrent.ForkJoinWorkerThread.run(ForkJoinWorkerThread.java:157)
Caused by: org.apache.ratis.thirdparty.io.grpc.StatusRuntimeException: DEADLINE_EXCEEDED: deadline exceeded after 2999688445ns
	at org.apache.ratis.thirdparty.io.grpc.stub.ClientCalls.toStatusRuntimeException(ClientCalls.java:233)
	at org.apache.ratis.thirdparty.io.grpc.stub.ClientCalls.getUnchecked(ClientCalls.java:214)
	at org.apache.ratis.thirdparty.io.grpc.stub.ClientCalls.blockingUnaryCall(ClientCalls.java:139)
	at org.apache.ratis.proto.grpc.AdminProtocolServiceGrpc$AdminProtocolServiceBlockingStub.groupManagement(AdminProtocolServiceGrpc.java:274)
	at org.apache.ratis.grpc.client.GrpcClientProtocolClient.lambda$groupAdd$3(GrpcClientProtocolClient.java:155)
	at org.apache.ratis.grpc.client.GrpcClientProtocolClient.blockingCall(GrpcClientProtocolClient.java:182)
	... 25 more
2019-10-16 17:20:52,168 [RATISCREATEPIPELINE2] ERROR pipeline.RatisPipelineProvider (RatisPipelineProvider.java:lambda$null$5(237)) - Failed invoke Ratis rpc org.apache.hadoop.hdds.scm.pipeline.RatisPipelineProvider$$Lambda$194/1002695064@249cc232 for 8dfecba1-8cf2-4467-bf71-9131598e36cc
org.apache.ratis.protocol.TimeoutIOException: deadline exceeded after 2999687433ns
	at org.apache.ratis.grpc.GrpcUtil.tryUnwrapException(GrpcUtil.java:82)
	at org.apache.ratis.grpc.GrpcUtil.unwrapException(GrpcUtil.java:75)
	at org.apache.ratis.grpc.client.GrpcClientProtocolClient.blockingCall(GrpcClientProtocolClient.java:184)
	at org.apache.ratis.grpc.client.GrpcClientProtocolClient.groupAdd(GrpcClientProtocolClient.java:153)
	at org.apache.ratis.grpc.client.GrpcClientRpc.sendRequest(GrpcClientRpc.java:94)
	at org.apache.ratis.client.impl.RaftClientImpl.sendRequest(RaftClientImpl.java:278)
	at org.apache.ratis.client.impl.RaftClientImpl.groupAdd(RaftClientImpl.java:205)
	at org.apache.hadoop.hdds.scm.pipeline.RatisPipelineProvider.lambda$initializePipeline$4(RatisPipelineProvider.java:198)
	at org.apache.hadoop.hdds.scm.pipeline.RatisPipelineProvider.lambda$null$5(RatisPipelineProvider.java:233)
	at java.util.stream.ForEachOps$ForEachOp$OfRef.accept(ForEachOps.java:183)
	at java.util.ArrayList$ArrayListSpliterator.forEachRemaining(ArrayList.java:1382)
	at java.util.stream.AbstractPipeline.copyInto(AbstractPipeline.java:482)
	at java.util.stream.ForEachOps$ForEachTask.compute(ForEachOps.java:290)
	at java.util.concurrent.CountedCompleter.exec(CountedCompleter.java:731)
	at java.util.concurrent.ForkJoinTask.doExec(ForkJoinTask.java:289)
	at java.util.concurrent.ForkJoinPool$WorkQueue.runTask(ForkJoinPool.java:1056)
	at java.util.concurrent.ForkJoinPool.runWorker(ForkJoinPool.java:1692)
	at java.util.concurrent.ForkJoinWorkerThread.run(ForkJoinWorkerThread.java:157)
Caused by: org.apache.ratis.thirdparty.io.grpc.StatusRuntimeException: DEADLINE_EXCEEDED: deadline exceeded after 2999687433ns
	at org.apache.ratis.thirdparty.io.grpc.stub.ClientCalls.toStatusRuntimeException(ClientCalls.java:233)
	at org.apache.ratis.thirdparty.io.grpc.stub.ClientCalls.getUnchecked(ClientCalls.java:214)
	at org.apache.ratis.thirdparty.io.grpc.stub.ClientCalls.blockingUnaryCall(ClientCalls.java:139)
	at org.apache.ratis.proto.grpc.AdminProtocolServiceGrpc$AdminProtocolServiceBlockingStub.groupManagement(AdminProtocolServiceGrpc.java:274)
	at org.apache.ratis.grpc.client.GrpcClientProtocolClient.lambda$groupAdd$3(GrpcClientProtocolClient.java:155)
	at org.apache.ratis.grpc.client.GrpcClientProtocolClient.blockingCall(GrpcClientProtocolClient.java:182)
	... 15 more
2019-10-16 17:20:52,183 [IPC Server handler 0 on 44954] WARN  block.BlockManagerImpl (BlockManagerImpl.java:allocateBlock(194)) - Pipeline creation failed for type:RATIS factor:THREE. Retrying get pipelines call once.
org.apache.hadoop.io.MultipleIOException: 3 exceptions [java.io.IOException: Failed invoke Ratis rpc org.apache.hadoop.hdds.scm.pipeline.RatisPipelineProvider$$Lambda$194/1002695064@249cc232 for 21b36528-7a33-48f9-a871-a72bce406f0b, java.io.IOException: Failed invoke Ratis rpc org.apache.hadoop.hdds.scm.pipeline.RatisPipelineProvider$$Lambda$194/1002695064@249cc232 for 6c17ba67-9052-48ab-b55c-e326bb81c936, java.io.IOException: Failed invoke Ratis rpc org.apache.hadoop.hdds.scm.pipeline.RatisPipelineProvider$$Lambda$194/1002695064@249cc232 for 8dfecba1-8cf2-4467-bf71-9131598e36cc]
	at org.apache.hadoop.io.MultipleIOException.createIOException(MultipleIOException.java:53)
	at org.apache.hadoop.hdds.scm.pipeline.RatisPipelineProvider.callRatisRpc(RatisPipelineProvider.java:253)
	at org.apache.hadoop.hdds.scm.pipeline.RatisPipelineProvider.initializePipeline(RatisPipelineProvider.java:196)
	at org.apache.hadoop.hdds.scm.pipeline.RatisPipelineProvider.create(RatisPipelineProvider.java:163)
	at org.apache.hadoop.hdds.scm.pipeline.PipelineFactory.create(PipelineFactory.java:58)
	at org.apache.hadoop.hdds.scm.pipeline.SCMPipelineManager.createPipeline(SCMPipelineManager.java:155)
	at org.apache.hadoop.hdds.scm.block.BlockManagerImpl.allocateBlock(BlockManagerImpl.java:192)
	at org.apache.hadoop.hdds.scm.server.SCMBlockProtocolServer.allocateBlock(SCMBlockProtocolServer.java:182)
	at org.apache.hadoop.hdds.scm.protocol.ScmBlockLocationProtocolServerSideTranslatorPB.allocateScmBlock(ScmBlockLocationProtocolServerSideTranslatorPB.java:159)
	at org.apache.hadoop.hdds.scm.protocol.ScmBlockLocationProtocolServerSideTranslatorPB.processMessage(ScmBlockLocationProtocolServerSideTranslatorPB.java:117)
	at org.apache.hadoop.hdds.server.OzoneProtocolMessageDispatcher.processRequest(OzoneProtocolMessageDispatcher.java:72)
	at org.apache.hadoop.hdds.scm.protocol.ScmBlockLocationProtocolServerSideTranslatorPB.send(ScmBlockLocationProtocolServerSideTranslatorPB.java:98)
	at org.apache.hadoop.hdds.protocol.proto.ScmBlockLocationProtocolProtos$ScmBlockLocationProtocolService$2.callBlockingMethod(ScmBlockLocationProtocolProtos.java:13157)
	at org.apache.hadoop.ipc.ProtobufRpcEngine$Server$ProtoBufRpcInvoker.call(ProtobufRpcEngine.java:524)
	at org.apache.hadoop.ipc.RPC$Server.call(RPC.java:1025)
	at org.apache.hadoop.ipc.Server$RpcCall.run(Server.java:876)
	at org.apache.hadoop.ipc.Server$RpcCall.run(Server.java:822)
	at java.security.AccessController.doPrivileged(Native Method)
	at javax.security.auth.Subject.doAs(Subject.java:422)
	at org.apache.hadoop.security.UserGroupInformation.doAs(UserGroupInformation.java:1730)
	at org.apache.hadoop.ipc.Server$Handler.run(Server.java:2682)
2019-10-16 17:20:52,186 [IPC Server handler 0 on 44954] INFO  block.BlockManagerImpl (BlockManagerImpl.java:allocateBlock(200)) - Could not find available pipeline of type:RATIS and factor:THREE even after retrying
2019-10-16 17:20:52,186 [IPC Server handler 0 on 44954] ERROR block.BlockManagerImpl (BlockManagerImpl.java:allocateBlock(224)) - Unable to allocate a block for the size: 4194304, type: RATIS, factor: THREE
2019-10-16 17:20:52,192 [main] INFO  ozone.MiniOzoneClusterImpl (MiniOzoneClusterImpl.java:shutdown(314)) - Shutting down the Mini Ozone Cluster
2019-10-16 17:20:52,192 [main] INFO  ozone.MiniOzoneClusterImpl (MiniOzoneClusterImpl.java:stop(330)) - Stopping the Mini Ozone Cluster
2019-10-16 17:20:52,192 [main] INFO  ozone.MiniOzoneClusterImpl (MiniOzoneClusterImpl.java:stopOM(400)) - Stopping the OzoneManager
2019-10-16 17:20:52,192 [main] INFO  ipc.Server (Server.java:stop(3082)) - Stopping server on 46445
2019-10-16 17:20:52,201 [IPC Server listener on 46445] INFO  ipc.Server (Server.java:run(1185)) - Stopping IPC Server listener on 46445
2019-10-16 17:20:52,203 [main] INFO  ratis.OzoneManagerDoubleBuffer (OzoneManagerDoubleBuffer.java:stop(250)) - Stopping OMDoubleBuffer flush thread
2019-10-16 17:20:52,204 [IPC Server Responder] INFO  ipc.Server (Server.java:run(1319)) - Stopping IPC Server Responder
2019-10-16 17:20:52,211 [OMDoubleBufferFlushThread] INFO  ratis.OzoneManagerDoubleBuffer (OzoneManagerDoubleBuffer.java:flushTransactions(193)) - OMDoubleBuffer flush thread OMDoubleBufferFlushThread is interrupted and will exit. OMDoubleBufferFlushThread
2019-10-16 17:20:52,211 [main] INFO  utils.BackgroundService (BackgroundService.java:shutdown(151)) - Shutting down service KeyDeletingService
2019-10-16 17:20:52,213 [main] INFO  handler.ContextHandler (ContextHandler.java:doStop(910)) - Stopped o.e.j.w.WebAppContext@5e99b9c{/,null,UNAVAILABLE}{/ozoneManager}
2019-10-16 17:20:52,214 [main] INFO  server.AbstractConnector (AbstractConnector.java:doStop(318)) - Stopped ServerConnector@2fe74516{HTTP/1.1,[http/1.1]}{0.0.0.0:0}
2019-10-16 17:20:52,214 [main] INFO  handler.ContextHandler (ContextHandler.java:doStop(910)) - Stopped o.e.j.s.ServletContextHandler@2b4b96a4{/static,file:///workdir/hadoop-ozone/integration-test/target/test-classes/webapps/static,UNAVAILABLE}
2019-10-16 17:20:52,214 [main] INFO  handler.ContextHandler (ContextHandler.java:doStop(910)) - Stopped o.e.j.s.ServletContextHandler@3d20e575{/logs,file:///workdir/hadoop-ozone/integration-test/target/log,UNAVAILABLE}
2019-10-16 17:20:52,216 [main] INFO  ozone.MiniOzoneClusterImpl (MiniOzoneClusterImpl.java:stopDatanodes(377)) - Stopping the HddsDatanodes
2019-10-16 17:20:52,325 [Datanode State Machine Thread - 0] INFO  statemachine.DatanodeStateMachine (DatanodeStateMachine.java:lambda$startDaemon$0(350)) - Ozone container server started.
2019-10-16 17:20:52,527 [pool-150-thread-1] INFO  storage.RaftStorage (RaftStorage.java:format(84)) - Storage directory /workdir/hadoop-ozone/integration-test/target/test-dir/MiniOzoneClusterImpl-d62837be-dbbf-4c13-a31e-440e50fcf132/datanode-0/data/ratis/5b72c77e-67d5-4c67-98c4-edf3b1b09235 has been successfully formatted.
2019-10-16 17:20:52,528 [pool-150-thread-1] INFO  ratis.ContainerStateMachine (ContainerStateMachine.java:loadSnapshot(231)) - group-EDF3B1B09235: The snapshot info is null. Setting the last applied indexto:(t:0, i:~)
2019-10-16 17:20:52,528 [pool-150-thread-1] INFO  server.RaftServerConfigKeys (ConfUtils.java:logGet(43)) - raft.server.notification.no-leader.timeout = 120s (custom)
2019-10-16 17:20:52,528 [pool-150-thread-1] INFO  server.RaftServerConfigKeys (ConfUtils.java:logGet(43)) - raft.server.log.use.memory = false (default)
2019-10-16 17:20:52,529 [pool-150-thread-1] INFO  server.RaftServerConfigKeys (ConfUtils.java:logGet(43)) - raft.server.log.purge.gap = 1000000 (custom)
2019-10-16 17:20:52,529 [pool-150-thread-1] INFO  server.RaftServerConfigKeys (ConfUtils.java:logGet(43)) - raft.server.log.appender.buffer.byte-limit = 33554432 (custom)
2019-10-16 17:20:52,529 [pool-150-thread-1] INFO  server.RaftServerConfigKeys (ConfUtils.java:logGet(43)) - raft.server.log.segment.size.max = 1048576 (custom)
2019-10-16 17:20:52,529 [pool-150-thread-1] INFO  server.RaftServerConfigKeys (ConfUtils.java:logGet(43)) - raft.server.log.segment.cache.num.max = 2 (custom)
2019-10-16 17:20:52,530 [pool-150-thread-1] INFO  segmented.SegmentedRaftLogWorker (SegmentedRaftLogWorker.java:<init>(173)) - new 6c17ba67-9052-48ab-b55c-e326bb81c936@group-EDF3B1B09235-SegmentedRaftLogWorker for RaftStorage:Storage Directory /workdir/hadoop-ozone/integration-test/target/test-dir/MiniOzoneClusterImpl-d62837be-dbbf-4c13-a31e-440e50fcf132/datanode-0/data/ratis/5b72c77e-67d5-4c67-98c4-edf3b1b09235
2019-10-16 17:20:52,530 [pool-150-thread-1] INFO  server.RaftServerConfigKeys (ConfUtils.java:logGet(43)) - raft.server.log.queue.byte-limit = 2147483647 (custom)
2019-10-16 17:20:52,530 [pool-150-thread-1] INFO  server.RaftServerConfigKeys (ConfUtils.java:logGet(43)) - raft.server.log.queue.element-limit = 1024 (custom)
2019-10-16 17:20:52,530 [pool-150-thread-1] INFO  server.RaftServerConfigKeys (ConfUtils.java:logGet(43)) - raft.server.log.segment.size.max = 1048576 (custom)
2019-10-16 17:20:52,530 [pool-150-thread-1] INFO  server.RaftServerConfigKeys (ConfUtils.java:logGet(43)) - raft.server.log.preallocated.size = 16384 (custom)
2019-10-16 17:20:52,530 [pool-150-thread-1] INFO  server.RaftServerConfigKeys (ConfUtils.java:logGet(43)) - raft.server.log.write.buffer.size = 33554432 (custom)
2019-10-16 17:20:52,530 [pool-150-thread-1] INFO  server.RaftServerConfigKeys (ConfUtils.java:logGet(43)) - raft.server.log.force.sync.num = 128 (default)
2019-10-16 17:20:52,531 [pool-150-thread-1] INFO  server.RaftServerConfigKeys (ConfUtils.java:logGet(43)) - raft.server.log.statemachine.data.sync = true (default)
2019-10-16 17:20:52,531 [pool-150-thread-1] INFO  server.RaftServerConfigKeys (ConfUtils.java:logGet(43)) - raft.server.log.statemachine.data.sync.timeout = 10s (default)
2019-10-16 17:20:52,531 [pool-150-thread-1] INFO  server.RaftServerConfigKeys (ConfUtils.java:logGet(43)) - raft.server.log.statemachine.data.sync.timeout.retry = -1 (default)
2019-10-16 17:20:52,531 [pool-150-thread-1] INFO  server.RaftServerConfigKeys (ConfUtils.java:logGet(43)) - raft.server.log.statemachine.data.caching.enabled = true (custom)
2019-10-16 17:20:52,532 [pool-150-thread-1] INFO  segmented.SegmentedRaftLogWorker (SegmentedRaftLogWorker.java:lambda$new$0(128)) - 6c17ba67-9052-48ab-b55c-e326bb81c936@group-EDF3B1B09235-SegmentedRaftLogWorker: flushIndex: setUnconditionally 0 -> -1
2019-10-16 17:20:52,532 [pool-150-thread-1] INFO  server.RaftServerConfigKeys (ConfUtils.java:logGet(43)) - raft.server.snapshot.auto.trigger.enabled = true (custom)
2019-10-16 17:20:52,532 [pool-150-thread-1] INFO  server.RaftServerConfigKeys (ConfUtils.java:logGet(43)) - raft.server.snapshot.auto.trigger.threshold = 10000 (custom)
2019-10-16 17:20:52,532 [pool-150-thread-1] INFO  server.RaftServerConfigKeys (ConfUtils.java:logGet(43)) - raft.server.snapshot.retention.file.num = 5 (custom)
2019-10-16 17:20:52,533 [pool-150-thread-1] INFO  server.RaftServerConfigKeys (ConfUtils.java:logGet(43)) - raft.server.retrycache.expirytime = 600000ms (custom)
2019-10-16 17:20:52,536 [pool-150-thread-1] INFO  impl.RaftServerImpl (RaftServerImpl.java:start(181)) - 6c17ba67-9052-48ab-b55c-e326bb81c936@group-9F36FB305630: start as a follower, conf=-1: [6c17ba67-9052-48ab-b55c-e326bb81c936:192.168.69.90:33518], old=null
2019-10-16 17:20:52,536 [pool-150-thread-1] INFO  impl.RaftServerImpl (RaftServerImpl.java:setRole(170)) - 6c17ba67-9052-48ab-b55c-e326bb81c936@group-9F36FB305630: changes role from      null to FOLLOWER at term 0 for startAsFollower
2019-10-16 17:20:52,536 [pool-150-thread-1] INFO  impl.RoleInfo (RoleInfo.java:updateAndGet(143)) - 6c17ba67-9052-48ab-b55c-e326bb81c936: start FollowerState
2019-10-16 17:20:52,545 [pool-150-thread-1] INFO  util.JmxRegister (JmxRegister.java:tryRegister(44)) - Successfully registered JMX Bean with object name Ratis:service=RaftServer,group=group-9F36FB305630,id=6c17ba67-9052-48ab-b55c-e326bb81c936
2019-10-16 17:20:52,559 [pool-150-thread-1] INFO  impl.RaftServerImpl (RaftServerImpl.java:<init>(95)) - 6c17ba67-9052-48ab-b55c-e326bb81c936: new RaftServerImpl for group-95D7A0F68A30:[8dfecba1-8cf2-4467-bf71-9131598e36cc:192.168.69.90:35390, 6c17ba67-9052-48ab-b55c-e326bb81c936:192.168.69.90:33518, 21b36528-7a33-48f9-a871-a72bce406f0b:192.168.69.90:45999] with ContainerStateMachine:uninitialized
2019-10-16 17:20:52,559 [pool-150-thread-1] INFO  server.RaftServerConfigKeys (ConfUtils.java:logGet(43)) - raft.server.rpc.timeout.min = 1s (custom)
2019-10-16 17:20:52,559 [pool-150-thread-1] INFO  server.RaftServerConfigKeys (ConfUtils.java:logGet(43)) - raft.server.rpc.timeout.max = 1200ms (custom)
2019-10-16 17:20:52,560 [pool-150-thread-1] INFO  server.RaftServerConfigKeys (ConfUtils.java:logGet(43)) - raft.server.rpcslowness.timeout = 120s (custom)
2019-10-16 17:20:52,560 [pool-150-thread-1] INFO  server.RaftServerConfigKeys (ConfUtils.java:logGet(43)) - raft.server.sleep.deviation.threshold = 300 (default)
2019-10-16 17:20:52,560 [pool-150-thread-1] INFO  server.RaftServerConfigKeys (ConfUtils.java:logGet(43)) - raft.server.log.appender.install.snapshot.enabled = false (custom)
2019-10-16 17:20:52,560 [pool-150-thread-1] INFO  impl.RaftServerImpl (ServerState.java:<init>(103)) - 6c17ba67-9052-48ab-b55c-e326bb81c936@group-95D7A0F68A30: ConfigurationManager, init=-1: [8dfecba1-8cf2-4467-bf71-9131598e36cc:192.168.69.90:35390, 6c17ba67-9052-48ab-b55c-e326bb81c936:192.168.69.90:33518, 21b36528-7a33-48f9-a871-a72bce406f0b:192.168.69.90:45999], old=null, confs=<EMPTY_MAP>
2019-10-16 17:20:52,560 [pool-150-thread-1] INFO  server.RaftServerConfigKeys (ConfUtils.java:logGet(43)) - raft.server.storage.dir = [/workdir/hadoop-ozone/integration-test/target/test-dir/MiniOzoneClusterImpl-d62837be-dbbf-4c13-a31e-440e50fcf132/datanode-0/data/ratis] (custom)
2019-10-16 17:20:52,561 [pool-150-thread-1] INFO  server.RaftServerConfigKeys (ConfUtils.java:logGet(43)) - raft.server.log.corruption.policy = EXCEPTION (default)
2019-10-16 17:20:52,561 [pool-150-thread-1] INFO  storage.RaftStorageDirectory (RaftStorageDirectory.java:analyzeStorage(246)) - The storage directory /workdir/hadoop-ozone/integration-test/target/test-dir/MiniOzoneClusterImpl-d62837be-dbbf-4c13-a31e-440e50fcf132/datanode-0/data/ratis/e4b7743f-a2d9-4943-8e2e-95d7a0f68a30 does not exist. Creating ...
2019-10-16 17:20:53,166 [Datanode State Machine Thread - 0] INFO  statemachine.DatanodeStateMachine (DatanodeStateMachine.java:lambda$startDaemon$0(350)) - Ozone container server started.
2019-10-16 17:20:53,392 [pool-160-thread-1] INFO  storage.RaftStorageDirectory (RaftStorageDirectory.java:tryLock(328)) - Lock on /workdir/hadoop-ozone/integration-test/target/test-dir/MiniOzoneClusterImpl-d62837be-dbbf-4c13-a31e-440e50fcf132/datanode-1/data/ratis/e4b7743f-a2d9-4943-8e2e-95d7a0f68a30/in_use.lock acquired by nodename 18778@pr-hdds-2197-topology-f2j98-1328871761
2019-10-16 17:20:53,392 [pool-200-thread-1] INFO  storage.RaftStorageDirectory (RaftStorageDirectory.java:tryLock(328)) - Lock on /workdir/hadoop-ozone/integration-test/target/test-dir/MiniOzoneClusterImpl-d62837be-dbbf-4c13-a31e-440e50fcf132/datanode-5/data/ratis/19216a54-74b9-4c98-a5db-c0d9b715bf0f/in_use.lock acquired by nodename 18778@pr-hdds-2197-topology-f2j98-1328871761
2019-10-16 17:20:53,679 [Thread-1256] INFO  impl.FollowerState (FollowerState.java:run(108)) - 6c17ba67-9052-48ab-b55c-e326bb81c936@group-9F36FB305630-FollowerState: change to CANDIDATE, lastRpcTime:1142ms, electionTimeout:1142ms
2019-10-16 17:20:53,679 [Thread-1256] INFO  impl.RoleInfo (RoleInfo.java:shutdownFollowerState(121)) - 6c17ba67-9052-48ab-b55c-e326bb81c936: shutdown FollowerState
2019-10-16 17:20:53,680 [Thread-1256] INFO  impl.RaftServerImpl (RaftServerImpl.java:setRole(170)) - 6c17ba67-9052-48ab-b55c-e326bb81c936@group-9F36FB305630: changes role from  FOLLOWER to CANDIDATE at term 0 for changeToCandidate
2019-10-16 17:20:53,680 [Thread-1256] INFO  impl.RoleInfo (RoleInfo.java:updateAndGet(143)) - 6c17ba67-9052-48ab-b55c-e326bb81c936: start LeaderElection
2019-10-16 17:20:55,496 [pool-150-thread-1] INFO  storage.RaftStorageDirectory (RaftStorageDirectory.java:tryLock(328)) - Lock on /workdir/hadoop-ozone/integration-test/target/test-dir/MiniOzoneClusterImpl-d62837be-dbbf-4c13-a31e-440e50fcf132/datanode-0/data/ratis/e4b7743f-a2d9-4943-8e2e-95d7a0f68a30/in_use.lock acquired by nodename 18778@pr-hdds-2197-topology-f2j98-1328871761
2019-10-16 17:20:57,218 [main] INFO  ozoneimpl.OzoneContainer (OzoneContainer.java:stop(227)) - Attempting to stop container services.
2019-10-16 17:20:57,218 [ForkJoinPool.commonPool-worker-1] INFO  ozoneimpl.OzoneContainer (OzoneContainer.java:stop(227)) - Attempting to stop container services.
2019-10-16 17:20:57,219 [main] INFO  impl.RaftServerProxy (RaftServerProxy.java:lambda$close$4(314)) - c3cdc2f2-ce12-486b-b230-36414a2adc26: close
2019-10-16 17:20:57,221 [main] INFO  server.GrpcService (GrpcService.java:closeImpl(164)) - c3cdc2f2-ce12-486b-b230-36414a2adc26: shutdown server with port 44870 now
2019-10-16 17:20:57,222 [main] INFO  server.GrpcService (GrpcService.java:closeImpl(172)) - c3cdc2f2-ce12-486b-b230-36414a2adc26: shutdown server with port 44870 successfully
2019-10-16 17:20:57,227 [refreshUsed-/workdir/hadoop-ozone/integration-test/target/test-dir/MiniOzoneClusterImpl-d62837be-dbbf-4c13-a31e-440e50fcf132/datanode-3/data/containers] WARN  fs.CachingGetSpaceUsed (CachingGetSpaceUsed.java:run(183)) - Thread Interrupted waiting to refresh disk information: sleep interrupted
2019-10-16 17:20:57,248 [main] INFO  utils.BackgroundService (BackgroundService.java:shutdown(151)) - Shutting down service BlockDeletingService
2019-10-16 17:20:57,253 [main] INFO  statemachine.DatanodeStateMachine (DatanodeStateMachine.java:stopDaemon(395)) - Ozone container server stopped.
2019-10-16 17:20:57,255 [main] INFO  handler.ContextHandler (ContextHandler.java:doStop(910)) - Stopped o.e.j.w.WebAppContext@34d713a2{/,null,UNAVAILABLE}{/hddsDatanode}
2019-10-16 17:20:57,256 [main] INFO  server.AbstractConnector (AbstractConnector.java:doStop(318)) - Stopped ServerConnector@36aab105{HTTP/1.1,[http/1.1]}{0.0.0.0:0}
2019-10-16 17:20:57,256 [main] INFO  handler.ContextHandler (ContextHandler.java:doStop(910)) - Stopped o.e.j.s.ServletContextHandler@35ef439e{/static,jar:file:/home/user/.m2/repository/org/apache/hadoop/hadoop-hdds-container-service/0.5.0-SNAPSHOT/hadoop-hdds-container-service-0.5.0-SNAPSHOT.jar!/webapps/static,UNAVAILABLE}
2019-10-16 17:20:57,257 [main] INFO  handler.ContextHandler (ContextHandler.java:doStop(910)) - Stopped o.e.j.s.ServletContextHandler@de7e193{/logs,file:///workdir/hadoop-ozone/integration-test/target/log,UNAVAILABLE}
2019-10-16 17:20:57,494 [Datanode State Machine Thread - 0] INFO  statemachine.DatanodeStateMachine (DatanodeStateMachine.java:lambda$startDaemon$0(350)) - Ozone container server started.
2019-10-16 17:20:58,198 [pool-200-thread-1] INFO  storage.RaftStorage (RaftStorage.java:format(84)) - Storage directory /workdir/hadoop-ozone/integration-test/target/test-dir/MiniOzoneClusterImpl-d62837be-dbbf-4c13-a31e-440e50fcf132/datanode-5/data/ratis/19216a54-74b9-4c98-a5db-c0d9b715bf0f has been successfully formatted.
2019-10-16 17:20:58,198 [6c17ba67-9052-48ab-b55c-e326bb81c936@group-9F36FB305630-LeaderElection33] INFO  impl.LeaderElection (LeaderElection.java:askForVotes(178)) - 6c17ba67-9052-48ab-b55c-e326bb81c936@group-9F36FB305630-LeaderElection33: begin an election at term 1 for -1: [6c17ba67-9052-48ab-b55c-e326bb81c936:192.168.69.90:33518], old=null
2019-10-16 17:20:58,198 [pool-160-thread-1] INFO  storage.RaftStorage (RaftStorage.java:format(84)) - Storage directory /workdir/hadoop-ozone/integration-test/target/test-dir/MiniOzoneClusterImpl-d62837be-dbbf-4c13-a31e-440e50fcf132/datanode-1/data/ratis/e4b7743f-a2d9-4943-8e2e-95d7a0f68a30 has been successfully formatted.
2019-10-16 17:20:58,199 [pool-200-thread-1] INFO  ratis.ContainerStateMachine (ContainerStateMachine.java:loadSnapshot(231)) - group-C0D9B715BF0F: The snapshot info is null. Setting the last applied indexto:(t:0, i:~)
2019-10-16 17:20:58,199 [pool-160-thread-1] INFO  ratis.ContainerStateMachine (ContainerStateMachine.java:loadSnapshot(231)) - group-95D7A0F68A30: The snapshot info is null. Setting the last applied indexto:(t:0, i:~)
2019-10-16 17:20:58,199 [6c17ba67-9052-48ab-b55c-e326bb81c936@group-9F36FB305630-LeaderElection33] INFO  impl.RoleInfo (RoleInfo.java:shutdownLeaderElection(134)) - 6c17ba67-9052-48ab-b55c-e326bb81c936: shutdown LeaderElection
2019-10-16 17:20:58,199 [pool-160-thread-1] INFO  server.RaftServerConfigKeys (ConfUtils.java:logGet(43)) - raft.server.notification.no-leader.timeout = 120s (custom)
2019-10-16 17:20:58,199 [pool-200-thread-1] INFO  server.RaftServerConfigKeys (ConfUtils.java:logGet(43)) - raft.server.notification.no-leader.timeout = 120s (custom)
2019-10-16 17:20:58,200 [pool-160-thread-1] INFO  server.RaftServerConfigKeys (ConfUtils.java:logGet(43)) - raft.server.log.use.memory = false (default)
2019-10-16 17:20:58,200 [6c17ba67-9052-48ab-b55c-e326bb81c936@group-9F36FB305630-LeaderElection33] INFO  impl.RaftServerImpl (RaftServerImpl.java:setRole(170)) - 6c17ba67-9052-48ab-b55c-e326bb81c936@group-9F36FB305630: changes role from CANDIDATE to LEADER at term 1 for changeToLeader
2019-10-16 17:20:58,200 [pool-160-thread-1] INFO  server.RaftServerConfigKeys (ConfUtils.java:logGet(43)) - raft.server.log.purge.gap = 1000000 (custom)
2019-10-16 17:20:58,200 [pool-200-thread-1] INFO  server.RaftServerConfigKeys (ConfUtils.java:logGet(43)) - raft.server.log.use.memory = false (default)
2019-10-16 17:20:58,200 [pool-160-thread-1] INFO  server.RaftServerConfigKeys (ConfUtils.java:logGet(43)) - raft.server.log.appender.buffer.byte-limit = 33554432 (custom)
2019-10-16 17:20:58,200 [6c17ba67-9052-48ab-b55c-e326bb81c936@group-9F36FB305630-LeaderElection33] INFO  impl.RaftServerImpl (ServerState.java:setLeader(255)) - 6c17ba67-9052-48ab-b55c-e326bb81c936@group-9F36FB305630: change Leader from null to 6c17ba67-9052-48ab-b55c-e326bb81c936 at term 1 for becomeLeader, leader elected after 15793ms
2019-10-16 17:20:58,201 [pool-160-thread-1] INFO  server.RaftServerConfigKeys (ConfUtils.java:logGet(43)) - raft.server.log.segment.size.max = 1048576 (custom)
2019-10-16 17:20:58,201 [6c17ba67-9052-48ab-b55c-e326bb81c936@group-9F36FB305630-LeaderElection33] INFO  server.RaftServerConfigKeys (ConfUtils.java:logGet(43)) - raft.server.staging.catchup.gap = 1000 (default)
2019-10-16 17:20:58,201 [pool-200-thread-1] INFO  server.RaftServerConfigKeys (ConfUtils.java:logGet(43)) - raft.server.log.purge.gap = 1000000 (custom)
2019-10-16 17:20:58,201 [6c17ba67-9052-48ab-b55c-e326bb81c936@group-9F36FB305630-LeaderElection33] INFO  server.RaftServerConfigKeys (ConfUtils.java:logGet(43)) - raft.server.rpc.sleep.time = 25ms (default)
2019-10-16 17:20:58,201 [pool-160-thread-1] INFO  server.RaftServerConfigKeys (ConfUtils.java:logGet(43)) - raft.server.log.segment.cache.num.max = 2 (custom)
2019-10-16 17:20:58,201 [pool-200-thread-1] INFO  server.RaftServerConfigKeys (ConfUtils.java:logGet(43)) - raft.server.log.appender.buffer.byte-limit = 33554432 (custom)
2019-10-16 17:20:58,202 [6c17ba67-9052-48ab-b55c-e326bb81c936@group-9F36FB305630-LeaderElection33] INFO  server.RaftServerConfigKeys (ConfUtils.java:logGet(43)) - raft.server.write.element-limit = 4096 (default)
2019-10-16 17:20:58,202 [pool-160-thread-1] INFO  segmented.SegmentedRaftLogWorker (SegmentedRaftLogWorker.java:<init>(173)) - new 8dfecba1-8cf2-4467-bf71-9131598e36cc@group-95D7A0F68A30-SegmentedRaftLogWorker for RaftStorage:Storage Directory /workdir/hadoop-ozone/integration-test/target/test-dir/MiniOzoneClusterImpl-d62837be-dbbf-4c13-a31e-440e50fcf132/datanode-1/data/ratis/e4b7743f-a2d9-4943-8e2e-95d7a0f68a30
2019-10-16 17:20:58,202 [6c17ba67-9052-48ab-b55c-e326bb81c936@group-9F36FB305630-LeaderElection33] INFO  server.RaftServerConfigKeys (ConfUtils.java:logGet(43)) - raft.server.watch.timeout = 10s (default)
2019-10-16 17:20:58,202 [pool-200-thread-1] INFO  server.RaftServerConfigKeys (ConfUtils.java:logGet(43)) - raft.server.log.segment.size.max = 1048576 (custom)
2019-10-16 17:20:58,202 [6c17ba67-9052-48ab-b55c-e326bb81c936@group-9F36FB305630-LeaderElection33] INFO  server.RaftServerConfigKeys (ConfUtils.java:logGet(43)) - raft.server.watch.timeout.denomination = 1s (default)
2019-10-16 17:20:58,202 [pool-160-thread-1] INFO  server.RaftServerConfigKeys (ConfUtils.java:logGet(43)) - raft.server.log.queue.byte-limit = 2147483647 (custom)
2019-10-16 17:20:58,203 [6c17ba67-9052-48ab-b55c-e326bb81c936@group-9F36FB305630-LeaderElection33] INFO  server.RaftServerConfigKeys (ConfUtils.java:logGet(43)) - raft.server.watch.element-limit = 65536 (default)
2019-10-16 17:20:58,203 [pool-200-thread-1] INFO  server.RaftServerConfigKeys (ConfUtils.java:logGet(43)) - raft.server.log.segment.cache.num.max = 2 (custom)
2019-10-16 17:20:58,203 [pool-160-thread-1] INFO  server.RaftServerConfigKeys (ConfUtils.java:logGet(43)) - raft.server.log.queue.element-limit = 1024 (custom)
2019-10-16 17:20:58,203 [pool-200-thread-1] INFO  segmented.SegmentedRaftLogWorker (SegmentedRaftLogWorker.java:<init>(173)) - new 21b36528-7a33-48f9-a871-a72bce406f0b@group-C0D9B715BF0F-SegmentedRaftLogWorker for RaftStorage:Storage Directory /workdir/hadoop-ozone/integration-test/target/test-dir/MiniOzoneClusterImpl-d62837be-dbbf-4c13-a31e-440e50fcf132/datanode-5/data/ratis/19216a54-74b9-4c98-a5db-c0d9b715bf0f
2019-10-16 17:20:58,203 [pool-160-thread-1] INFO  server.RaftServerConfigKeys (ConfUtils.java:logGet(43)) - raft.server.log.segment.size.max = 1048576 (custom)
2019-10-16 17:20:58,204 [pool-200-thread-1] INFO  server.RaftServerConfigKeys (ConfUtils.java:logGet(43)) - raft.server.log.queue.byte-limit = 2147483647 (custom)
2019-10-16 17:20:58,204 [pool-160-thread-1] INFO  server.RaftServerConfigKeys (ConfUtils.java:logGet(43)) - raft.server.log.preallocated.size = 16384 (custom)
2019-10-16 17:20:58,204 [pool-200-thread-1] INFO  server.RaftServerConfigKeys (ConfUtils.java:logGet(43)) - raft.server.log.queue.element-limit = 1024 (custom)
2019-10-16 17:20:58,204 [pool-160-thread-1] INFO  server.RaftServerConfigKeys (ConfUtils.java:logGet(43)) - raft.server.log.write.buffer.size = 33554432 (custom)
2019-10-16 17:20:58,204 [pool-200-thread-1] INFO  server.RaftServerConfigKeys (ConfUtils.java:logGet(43)) - raft.server.log.segment.size.max = 1048576 (custom)
2019-10-16 17:20:58,204 [pool-160-thread-1] INFO  server.RaftServerConfigKeys (ConfUtils.java:logGet(43)) - raft.server.log.force.sync.num = 128 (default)
2019-10-16 17:20:58,205 [pool-200-thread-1] INFO  server.RaftServerConfigKeys (ConfUtils.java:logGet(43)) - raft.server.log.preallocated.size = 16384 (custom)
2019-10-16 17:20:58,205 [pool-160-thread-1] INFO  server.RaftServerConfigKeys (ConfUtils.java:logGet(43)) - raft.server.log.statemachine.data.sync = true (default)
2019-10-16 17:20:58,205 [pool-200-thread-1] INFO  server.RaftServerConfigKeys (ConfUtils.java:logGet(43)) - raft.server.log.write.buffer.size = 33554432 (custom)
2019-10-16 17:20:58,205 [pool-160-thread-1] INFO  server.RaftServerConfigKeys (ConfUtils.java:logGet(43)) - raft.server.log.statemachine.data.sync.timeout = 10s (default)
2019-10-16 17:20:58,205 [pool-200-thread-1] INFO  server.RaftServerConfigKeys (ConfUtils.java:logGet(43)) - raft.server.log.force.sync.num = 128 (default)
2019-10-16 17:20:58,205 [pool-160-thread-1] INFO  server.RaftServerConfigKeys (ConfUtils.java:logGet(43)) - raft.server.log.statemachine.data.sync.timeout.retry = -1 (default)
2019-10-16 17:20:58,206 [pool-200-thread-1] INFO  server.RaftServerConfigKeys (ConfUtils.java:logGet(43)) - raft.server.log.statemachine.data.sync = true (default)
2019-10-16 17:20:58,206 [pool-160-thread-1] INFO  server.RaftServerConfigKeys (ConfUtils.java:logGet(43)) - raft.server.log.statemachine.data.caching.enabled = true (custom)
2019-10-16 17:20:58,206 [pool-200-thread-1] INFO  server.RaftServerConfigKeys (ConfUtils.java:logGet(43)) - raft.server.log.statemachine.data.sync.timeout = 10s (default)
2019-10-16 17:20:58,206 [pool-200-thread-1] INFO  server.RaftServerConfigKeys (ConfUtils.java:logGet(43)) - raft.server.log.statemachine.data.sync.timeout.retry = -1 (default)
2019-10-16 17:20:58,206 [pool-160-thread-1] INFO  segmented.SegmentedRaftLogWorker (SegmentedRaftLogWorker.java:lambda$new$0(128)) - 8dfecba1-8cf2-4467-bf71-9131598e36cc@group-95D7A0F68A30-SegmentedRaftLogWorker: flushIndex: setUnconditionally 0 -> -1
2019-10-16 17:20:58,207 [pool-200-thread-1] INFO  server.RaftServerConfigKeys (ConfUtils.java:logGet(43)) - raft.server.log.statemachine.data.caching.enabled = true (custom)
2019-10-16 17:20:58,207 [6c17ba67-9052-48ab-b55c-e326bb81c936@group-9F36FB305630-LeaderElection33] INFO  impl.RoleInfo (RoleInfo.java:updateAndGet(143)) - 6c17ba67-9052-48ab-b55c-e326bb81c936: start LeaderState
2019-10-16 17:20:58,207 [pool-160-thread-1] INFO  server.RaftServerConfigKeys (ConfUtils.java:logGet(43)) - raft.server.snapshot.auto.trigger.enabled = true (custom)
2019-10-16 17:20:58,207 [pool-200-thread-1] INFO  segmented.SegmentedRaftLogWorker (SegmentedRaftLogWorker.java:lambda$new$0(128)) - 21b36528-7a33-48f9-a871-a72bce406f0b@group-C0D9B715BF0F-SegmentedRaftLogWorker: flushIndex: setUnconditionally 0 -> -1
2019-10-16 17:20:58,207 [pool-160-thread-1] INFO  server.RaftServerConfigKeys (ConfUtils.java:logGet(43)) - raft.server.snapshot.auto.trigger.threshold = 10000 (custom)
2019-10-16 17:20:58,207 [pool-160-thread-1] INFO  server.RaftServerConfigKeys (ConfUtils.java:logGet(43)) - raft.server.snapshot.retention.file.num = 5 (custom)
2019-10-16 17:20:58,207 [pool-200-thread-1] INFO  server.RaftServerConfigKeys (ConfUtils.java:logGet(43)) - raft.server.snapshot.auto.trigger.enabled = true (custom)
2019-10-16 17:20:58,208 [pool-160-thread-1] INFO  server.RaftServerConfigKeys (ConfUtils.java:logGet(43)) - raft.server.retrycache.expirytime = 600000ms (custom)
2019-10-16 17:20:58,208 [6c17ba67-9052-48ab-b55c-e326bb81c936@group-9F36FB305630-LeaderElection33] INFO  segmented.SegmentedRaftLogWorker (SegmentedRaftLogWorker.java:startLogSegment(385)) - 6c17ba67-9052-48ab-b55c-e326bb81c936@group-9F36FB305630-SegmentedRaftLogWorker: Starting segment from index:0
2019-10-16 17:20:58,208 [pool-200-thread-1] INFO  server.RaftServerConfigKeys (ConfUtils.java:logGet(43)) - raft.server.snapshot.auto.trigger.threshold = 10000 (custom)
2019-10-16 17:20:58,208 [pool-200-thread-1] INFO  server.RaftServerConfigKeys (ConfUtils.java:logGet(43)) - raft.server.snapshot.retention.file.num = 5 (custom)
2019-10-16 17:20:58,209 [pool-200-thread-1] INFO  server.RaftServerConfigKeys (ConfUtils.java:logGet(43)) - raft.server.retrycache.expirytime = 600000ms (custom)
2019-10-16 17:20:58,211 [6c17ba67-9052-48ab-b55c-e326bb81c936@group-9F36FB305630-LeaderElection33] INFO  impl.RaftServerImpl (ServerState.java:setRaftConf(356)) - 6c17ba67-9052-48ab-b55c-e326bb81c936@group-9F36FB305630: set configuration 0: [6c17ba67-9052-48ab-b55c-e326bb81c936:192.168.69.90:33518], old=null at 0
2019-10-16 17:20:58,249 [pool-160-thread-1] INFO  impl.RaftServerProxy (RaftServerProxy.java:remove(95)) - 8dfecba1-8cf2-4467-bf71-9131598e36cc: remove      null 8dfecba1-8cf2-4467-bf71-9131598e36cc@group-95D7A0F68A30:t0, leader=null, voted=null, raftlog=8dfecba1-8cf2-4467-bf71-9131598e36cc@group-95D7A0F68A30-SegmentedRaftLog:OPENED:c-1,f-1,i0, conf=-1: [8dfecba1-8cf2-4467-bf71-9131598e36cc:192.168.69.90:35390, 6c17ba67-9052-48ab-b55c-e326bb81c936:192.168.69.90:33518, 21b36528-7a33-48f9-a871-a72bce406f0b:192.168.69.90:45999], old=null NEW
2019-10-16 17:20:58,250 [pool-160-thread-1] WARN  impl.RaftServerProxy (RaftServerProxy.java:lambda$groupAddAsync$11(388)) - 8dfecba1-8cf2-4467-bf71-9131598e36cc: Failed groupAdd* GroupManagementRequest:client-390BBBA2520B->8dfecba1-8cf2-4467-bf71-9131598e36cc@group-95D7A0F68A30, cid=40, seq=0, RW, null, Add:group-95D7A0F68A30:[8dfecba1-8cf2-4467-bf71-9131598e36cc:192.168.69.90:35390, 6c17ba67-9052-48ab-b55c-e326bb81c936:192.168.69.90:33518, 21b36528-7a33-48f9-a871-a72bce406f0b:192.168.69.90:45999]
java.util.concurrent.CompletionException: java.util.concurrent.RejectedExecutionException: Task java.util.concurrent.CompletableFuture$UniApply@1e51c4e rejected from java.util.concurrent.ThreadPoolExecutor@3045cc65[Shutting down, pool size = 1, active threads = 1, queued tasks = 2, completed tasks = 1]
	at java.util.concurrent.CompletableFuture.encodeThrowable(CompletableFuture.java:273)
	at java.util.concurrent.CompletableFuture.completeThrowable(CompletableFuture.java:280)
	at java.util.concurrent.CompletableFuture.uniApply(CompletableFuture.java:604)
	at java.util.concurrent.CompletableFuture$UniApply.tryFire(CompletableFuture.java:577)
	at java.util.concurrent.CompletableFuture.postComplete(CompletableFuture.java:474)
	at java.util.concurrent.CompletableFuture$AsyncSupply.run(CompletableFuture.java:1595)
	at java.util.concurrent.ThreadPoolExecutor.runWorker(ThreadPoolExecutor.java:1149)
	at java.util.concurrent.ThreadPoolExecutor$Worker.run(ThreadPoolExecutor.java:624)
	at java.lang.Thread.run(Thread.java:748)
Caused by: java.util.concurrent.RejectedExecutionException: Task java.util.concurrent.CompletableFuture$UniApply@1e51c4e rejected from java.util.concurrent.ThreadPoolExecutor@3045cc65[Shutting down, pool size = 1, active threads = 1, queued tasks = 2, completed tasks = 1]
	at java.util.concurrent.ThreadPoolExecutor$AbortPolicy.rejectedExecution(ThreadPoolExecutor.java:2063)
	at java.util.concurrent.ThreadPoolExecutor.reject(ThreadPoolExecutor.java:830)
	at java.util.concurrent.ThreadPoolExecutor.execute(ThreadPoolExecutor.java:1379)
	at java.util.concurrent.Executors$DelegatedExecutorService.execute(Executors.java:668)
	at java.util.concurrent.CompletableFuture$UniCompletion.claim(CompletableFuture.java:529)
	at java.util.concurrent.CompletableFuture.uniApply(CompletableFuture.java:599)
	... 6 more
2019-10-16 17:20:58,252 [pool-200-thread-1] INFO  impl.RaftServerImpl (RaftServerImpl.java:<init>(95)) - 21b36528-7a33-48f9-a871-a72bce406f0b: new RaftServerImpl for group-95D7A0F68A30:[8dfecba1-8cf2-4467-bf71-9131598e36cc:192.168.69.90:35390, 6c17ba67-9052-48ab-b55c-e326bb81c936:192.168.69.90:33518, 21b36528-7a33-48f9-a871-a72bce406f0b:192.168.69.90:45999] with ContainerStateMachine:uninitialized
2019-10-16 17:20:58,254 [pool-200-thread-1] INFO  server.RaftServerConfigKeys (ConfUtils.java:logGet(43)) - raft.server.rpc.timeout.min = 1s (custom)
2019-10-16 17:20:58,254 [pool-200-thread-1] INFO  server.RaftServerConfigKeys (ConfUtils.java:logGet(43)) - raft.server.rpc.timeout.max = 1200ms (custom)
2019-10-16 17:20:58,254 [pool-200-thread-1] INFO  server.RaftServerConfigKeys (ConfUtils.java:logGet(43)) - raft.server.rpcslowness.timeout = 120s (custom)
2019-10-16 17:20:58,254 [pool-200-thread-1] INFO  server.RaftServerConfigKeys (ConfUtils.java:logGet(43)) - raft.server.sleep.deviation.threshold = 300 (default)
2019-10-16 17:20:58,254 [pool-200-thread-1] INFO  server.RaftServerConfigKeys (ConfUtils.java:logGet(43)) - raft.server.log.appender.install.snapshot.enabled = false (custom)
2019-10-16 17:20:58,254 [pool-160-thread-1] INFO  impl.RaftServerImpl (RaftServerImpl.java:<init>(95)) - 8dfecba1-8cf2-4467-bf71-9131598e36cc: new RaftServerImpl for group-8363CBFC2677:[8dfecba1-8cf2-4467-bf71-9131598e36cc:192.168.69.90:35390, 6c17ba67-9052-48ab-b55c-e326bb81c936:192.168.69.90:33518, 21b36528-7a33-48f9-a871-a72bce406f0b:192.168.69.90:45999] with ContainerStateMachine:uninitialized
2019-10-16 17:20:58,255 [pool-200-thread-1] INFO  impl.RaftServerImpl (ServerState.java:<init>(103)) - 21b36528-7a33-48f9-a871-a72bce406f0b@group-95D7A0F68A30: ConfigurationManager, init=-1: [8dfecba1-8cf2-4467-bf71-9131598e36cc:192.168.69.90:35390, 6c17ba67-9052-48ab-b55c-e326bb81c936:192.168.69.90:33518, 21b36528-7a33-48f9-a871-a72bce406f0b:192.168.69.90:45999], old=null, confs=<EMPTY_MAP>
2019-10-16 17:20:58,255 [pool-160-thread-1] INFO  server.RaftServerConfigKeys (ConfUtils.java:logGet(43)) - raft.server.rpc.timeout.min = 1s (custom)
2019-10-16 17:20:58,260 [pool-200-thread-1] INFO  server.RaftServerConfigKeys (ConfUtils.java:logGet(43)) - raft.server.storage.dir = [/workdir/hadoop-ozone/integration-test/target/test-dir/MiniOzoneClusterImpl-d62837be-dbbf-4c13-a31e-440e50fcf132/datanode-5/data/ratis] (custom)
2019-10-16 17:20:58,260 [pool-160-thread-1] INFO  server.RaftServerConfigKeys (ConfUtils.java:logGet(43)) - raft.server.rpc.timeout.max = 1200ms (custom)
2019-10-16 17:20:58,261 [pool-160-thread-1] INFO  server.RaftServerConfigKeys (ConfUtils.java:logGet(43)) - raft.server.rpcslowness.timeout = 120s (custom)
2019-10-16 17:20:58,261 [pool-200-thread-1] INFO  server.RaftServerConfigKeys (ConfUtils.java:logGet(43)) - raft.server.log.corruption.policy = EXCEPTION (default)
2019-10-16 17:20:58,261 [pool-160-thread-1] INFO  server.RaftServerConfigKeys (ConfUtils.java:logGet(43)) - raft.server.sleep.deviation.threshold = 300 (default)
2019-10-16 17:20:58,261 [pool-200-thread-1] INFO  storage.RaftStorageDirectory (RaftStorageDirectory.java:analyzeStorage(246)) - The storage directory /workdir/hadoop-ozone/integration-test/target/test-dir/MiniOzoneClusterImpl-d62837be-dbbf-4c13-a31e-440e50fcf132/datanode-5/data/ratis/e4b7743f-a2d9-4943-8e2e-95d7a0f68a30 does not exist. Creating ...
2019-10-16 17:20:58,261 [pool-160-thread-1] INFO  server.RaftServerConfigKeys (ConfUtils.java:logGet(43)) - raft.server.log.appender.install.snapshot.enabled = false (custom)
2019-10-16 17:20:58,261 [pool-160-thread-1] INFO  impl.RaftServerImpl (ServerState.java:<init>(103)) - 8dfecba1-8cf2-4467-bf71-9131598e36cc@group-8363CBFC2677: ConfigurationManager, init=-1: [8dfecba1-8cf2-4467-bf71-9131598e36cc:192.168.69.90:35390, 6c17ba67-9052-48ab-b55c-e326bb81c936:192.168.69.90:33518, 21b36528-7a33-48f9-a871-a72bce406f0b:192.168.69.90:45999], old=null, confs=<EMPTY_MAP>
2019-10-16 17:20:58,261 [pool-160-thread-1] INFO  server.RaftServerConfigKeys (ConfUtils.java:logGet(43)) - raft.server.storage.dir = [/workdir/hadoop-ozone/integration-test/target/test-dir/MiniOzoneClusterImpl-d62837be-dbbf-4c13-a31e-440e50fcf132/datanode-1/data/ratis] (custom)
2019-10-16 17:20:58,262 [pool-160-thread-1] INFO  server.RaftServerConfigKeys (ConfUtils.java:logGet(43)) - raft.server.log.corruption.policy = EXCEPTION (default)
2019-10-16 17:20:58,262 [pool-160-thread-1] INFO  storage.RaftStorageDirectory (RaftStorageDirectory.java:analyzeStorage(246)) - The storage directory /workdir/hadoop-ozone/integration-test/target/test-dir/MiniOzoneClusterImpl-d62837be-dbbf-4c13-a31e-440e50fcf132/datanode-1/data/ratis/ad5a19f8-b79e-439d-a73e-8363cbfc2677 does not exist. Creating ...
2019-10-16 17:20:59,482 [pool-150-thread-1] INFO  storage.RaftStorage (RaftStorage.java:format(84)) - Storage directory /workdir/hadoop-ozone/integration-test/target/test-dir/MiniOzoneClusterImpl-d62837be-dbbf-4c13-a31e-440e50fcf132/datanode-0/data/ratis/e4b7743f-a2d9-4943-8e2e-95d7a0f68a30 has been successfully formatted.
2019-10-16 17:20:59,482 [pool-150-thread-1] INFO  ratis.ContainerStateMachine (ContainerStateMachine.java:loadSnapshot(231)) - group-95D7A0F68A30: The snapshot info is null. Setting the last applied indexto:(t:0, i:~)
2019-10-16 17:20:59,483 [pool-150-thread-1] INFO  server.RaftServerConfigKeys (ConfUtils.java:logGet(43)) - raft.server.notification.no-leader.timeout = 120s (custom)
2019-10-16 17:20:59,483 [pool-150-thread-1] INFO  server.RaftServerConfigKeys (ConfUtils.java:logGet(43)) - raft.server.log.use.memory = false (default)
2019-10-16 17:20:59,483 [pool-150-thread-1] INFO  server.RaftServerConfigKeys (ConfUtils.java:logGet(43)) - raft.server.log.purge.gap = 1000000 (custom)
2019-10-16 17:20:59,483 [pool-150-thread-1] INFO  server.RaftServerConfigKeys (ConfUtils.java:logGet(43)) - raft.server.log.appender.buffer.byte-limit = 33554432 (custom)
2019-10-16 17:20:59,483 [pool-150-thread-1] INFO  server.RaftServerConfigKeys (ConfUtils.java:logGet(43)) - raft.server.log.segment.size.max = 1048576 (custom)
2019-10-16 17:20:59,484 [pool-150-thread-1] INFO  server.RaftServerConfigKeys (ConfUtils.java:logGet(43)) - raft.server.log.segment.cache.num.max = 2 (custom)
2019-10-16 17:20:59,484 [pool-150-thread-1] INFO  segmented.SegmentedRaftLogWorker (SegmentedRaftLogWorker.java:<init>(173)) - new 6c17ba67-9052-48ab-b55c-e326bb81c936@group-95D7A0F68A30-SegmentedRaftLogWorker for RaftStorage:Storage Directory /workdir/hadoop-ozone/integration-test/target/test-dir/MiniOzoneClusterImpl-d62837be-dbbf-4c13-a31e-440e50fcf132/datanode-0/data/ratis/e4b7743f-a2d9-4943-8e2e-95d7a0f68a30
2019-10-16 17:20:59,484 [pool-150-thread-1] INFO  server.RaftServerConfigKeys (ConfUtils.java:logGet(43)) - raft.server.log.queue.byte-limit = 2147483647 (custom)
2019-10-16 17:20:59,484 [pool-150-thread-1] INFO  server.RaftServerConfigKeys (ConfUtils.java:logGet(43)) - raft.server.log.queue.element-limit = 1024 (custom)
2019-10-16 17:20:59,484 [pool-150-thread-1] INFO  server.RaftServerConfigKeys (ConfUtils.java:logGet(43)) - raft.server.log.segment.size.max = 1048576 (custom)
2019-10-16 17:20:59,484 [pool-150-thread-1] INFO  server.RaftServerConfigKeys (ConfUtils.java:logGet(43)) - raft.server.log.preallocated.size = 16384 (custom)
2019-10-16 17:20:59,484 [pool-150-thread-1] INFO  server.RaftServerConfigKeys (ConfUtils.java:logGet(43)) - raft.server.log.write.buffer.size = 33554432 (custom)
2019-10-16 17:20:59,485 [pool-150-thread-1] INFO  server.RaftServerConfigKeys (ConfUtils.java:logGet(43)) - raft.server.log.force.sync.num = 128 (default)
2019-10-16 17:20:59,485 [pool-150-thread-1] INFO  server.RaftServerConfigKeys (ConfUtils.java:logGet(43)) - raft.server.log.statemachine.data.sync = true (default)
2019-10-16 17:20:59,485 [pool-150-thread-1] INFO  server.RaftServerConfigKeys (ConfUtils.java:logGet(43)) - raft.server.log.statemachine.data.sync.timeout = 10s (default)
2019-10-16 17:20:59,485 [pool-150-thread-1] INFO  server.RaftServerConfigKeys (ConfUtils.java:logGet(43)) - raft.server.log.statemachine.data.sync.timeout.retry = -1 (default)
2019-10-16 17:20:59,485 [pool-150-thread-1] INFO  server.RaftServerConfigKeys (ConfUtils.java:logGet(43)) - raft.server.log.statemachine.data.caching.enabled = true (custom)
2019-10-16 17:20:59,486 [pool-150-thread-1] INFO  segmented.SegmentedRaftLogWorker (SegmentedRaftLogWorker.java:lambda$new$0(128)) - 6c17ba67-9052-48ab-b55c-e326bb81c936@group-95D7A0F68A30-SegmentedRaftLogWorker: flushIndex: setUnconditionally 0 -> -1
2019-10-16 17:20:59,486 [pool-150-thread-1] INFO  server.RaftServerConfigKeys (ConfUtils.java:logGet(43)) - raft.server.snapshot.auto.trigger.enabled = true (custom)
2019-10-16 17:20:59,486 [pool-150-thread-1] INFO  server.RaftServerConfigKeys (ConfUtils.java:logGet(43)) - raft.server.snapshot.auto.trigger.threshold = 10000 (custom)
2019-10-16 17:20:59,486 [pool-150-thread-1] INFO  server.RaftServerConfigKeys (ConfUtils.java:logGet(43)) - raft.server.snapshot.retention.file.num = 5 (custom)
2019-10-16 17:20:59,487 [pool-150-thread-1] INFO  server.RaftServerConfigKeys (ConfUtils.java:logGet(43)) - raft.server.retrycache.expirytime = 600000ms (custom)
2019-10-16 17:20:59,691 [pool-150-thread-1] INFO  impl.RaftServerImpl (RaftServerImpl.java:<init>(95)) - 6c17ba67-9052-48ab-b55c-e326bb81c936: new RaftServerImpl for group-8363CBFC2677:[8dfecba1-8cf2-4467-bf71-9131598e36cc:192.168.69.90:35390, 6c17ba67-9052-48ab-b55c-e326bb81c936:192.168.69.90:33518, 21b36528-7a33-48f9-a871-a72bce406f0b:192.168.69.90:45999] with ContainerStateMachine:uninitialized
2019-10-16 17:20:59,691 [pool-150-thread-1] INFO  server.RaftServerConfigKeys (ConfUtils.java:logGet(43)) - raft.server.rpc.timeout.min = 1s (custom)
2019-10-16 17:20:59,696 [pool-150-thread-1] INFO  server.RaftServerConfigKeys (ConfUtils.java:logGet(43)) - raft.server.rpc.timeout.max = 1200ms (custom)
2019-10-16 17:20:59,701 [pool-150-thread-1] INFO  server.RaftServerConfigKeys (ConfUtils.java:logGet(43)) - raft.server.rpcslowness.timeout = 120s (custom)
2019-10-16 17:20:59,706 [pool-150-thread-1] INFO  server.RaftServerConfigKeys (ConfUtils.java:logGet(43)) - raft.server.sleep.deviation.threshold = 300 (default)
2019-10-16 17:20:59,713 [pool-150-thread-1] INFO  server.RaftServerConfigKeys (ConfUtils.java:logGet(43)) - raft.server.log.appender.install.snapshot.enabled = false (custom)
2019-10-16 17:20:59,721 [pool-150-thread-1] INFO  impl.RaftServerImpl (ServerState.java:<init>(103)) - 6c17ba67-9052-48ab-b55c-e326bb81c936@group-8363CBFC2677: ConfigurationManager, init=-1: [8dfecba1-8cf2-4467-bf71-9131598e36cc:192.168.69.90:35390, 6c17ba67-9052-48ab-b55c-e326bb81c936:192.168.69.90:33518, 21b36528-7a33-48f9-a871-a72bce406f0b:192.168.69.90:45999], old=null, confs=<EMPTY_MAP>
2019-10-16 17:20:59,728 [pool-150-thread-1] INFO  server.RaftServerConfigKeys (ConfUtils.java:logGet(43)) - raft.server.storage.dir = [/workdir/hadoop-ozone/integration-test/target/test-dir/MiniOzoneClusterImpl-d62837be-dbbf-4c13-a31e-440e50fcf132/datanode-0/data/ratis] (custom)
2019-10-16 17:20:59,729 [pool-150-thread-1] INFO  server.RaftServerConfigKeys (ConfUtils.java:logGet(43)) - raft.server.log.corruption.policy = EXCEPTION (default)
2019-10-16 17:20:59,729 [pool-150-thread-1] INFO  storage.RaftStorageDirectory (RaftStorageDirectory.java:analyzeStorage(246)) - The storage directory /workdir/hadoop-ozone/integration-test/target/test-dir/MiniOzoneClusterImpl-d62837be-dbbf-4c13-a31e-440e50fcf132/datanode-0/data/ratis/ad5a19f8-b79e-439d-a73e-8363cbfc2677 does not exist. Creating ...
2019-10-16 17:20:59,917 [pool-200-thread-1] INFO  storage.RaftStorageDirectory (RaftStorageDirectory.java:tryLock(328)) - Lock on /workdir/hadoop-ozone/integration-test/target/test-dir/MiniOzoneClusterImpl-d62837be-dbbf-4c13-a31e-440e50fcf132/datanode-5/data/ratis/e4b7743f-a2d9-4943-8e2e-95d7a0f68a30/in_use.lock acquired by nodename 18778@pr-hdds-2197-topology-f2j98-1328871761
2019-10-16 17:20:59,917 [6c17ba67-9052-48ab-b55c-e326bb81c936@group-9F36FB305630-SegmentedRaftLogWorker] INFO  segmented.SegmentedRaftLogWorker (SegmentedRaftLogWorker.java:execute(574)) - 6c17ba67-9052-48ab-b55c-e326bb81c936@group-9F36FB305630-SegmentedRaftLogWorker: created new log segment /workdir/hadoop-ozone/integration-test/target/test-dir/MiniOzoneClusterImpl-d62837be-dbbf-4c13-a31e-440e50fcf132/datanode-0/data/ratis/c937a214-c195-4a04-8f46-9f36fb305630/current/log_inprogress_0
2019-10-16 17:20:59,917 [pool-160-thread-1] INFO  storage.RaftStorageDirectory (RaftStorageDirectory.java:tryLock(328)) - Lock on /workdir/hadoop-ozone/integration-test/target/test-dir/MiniOzoneClusterImpl-d62837be-dbbf-4c13-a31e-440e50fcf132/datanode-1/data/ratis/ad5a19f8-b79e-439d-a73e-8363cbfc2677/in_use.lock acquired by nodename 18778@pr-hdds-2197-topology-f2j98-1328871761
2019-10-16 17:21:01,730 [pool-150-thread-1] INFO  storage.RaftStorageDirectory (RaftStorageDirectory.java:tryLock(328)) - Lock on /workdir/hadoop-ozone/integration-test/target/test-dir/MiniOzoneClusterImpl-d62837be-dbbf-4c13-a31e-440e50fcf132/datanode-0/data/ratis/ad5a19f8-b79e-439d-a73e-8363cbfc2677/in_use.lock acquired by nodename 18778@pr-hdds-2197-topology-f2j98-1328871761
2019-10-16 17:21:01,730 [pool-160-thread-1] INFO  storage.RaftStorage (RaftStorage.java:format(84)) - Storage directory /workdir/hadoop-ozone/integration-test/target/test-dir/MiniOzoneClusterImpl-d62837be-dbbf-4c13-a31e-440e50fcf132/datanode-1/data/ratis/ad5a19f8-b79e-439d-a73e-8363cbfc2677 has been successfully formatted.
2019-10-16 17:21:01,730 [pool-200-thread-1] INFO  storage.RaftStorage (RaftStorage.java:format(84)) - Storage directory /workdir/hadoop-ozone/integration-test/target/test-dir/MiniOzoneClusterImpl-d62837be-dbbf-4c13-a31e-440e50fcf132/datanode-5/data/ratis/e4b7743f-a2d9-4943-8e2e-95d7a0f68a30 has been successfully formatted.
2019-10-16 17:21:01,731 [pool-160-thread-1] INFO  ratis.ContainerStateMachine (ContainerStateMachine.java:loadSnapshot(231)) - group-8363CBFC2677: The snapshot info is null. Setting the last applied indexto:(t:0, i:~)
2019-10-16 17:21:01,731 [pool-200-thread-1] INFO  ratis.ContainerStateMachine (ContainerStateMachine.java:loadSnapshot(231)) - group-95D7A0F68A30: The snapshot info is null. Setting the last applied indexto:(t:0, i:~)
2019-10-16 17:21:01,731 [pool-160-thread-1] INFO  server.RaftServerConfigKeys (ConfUtils.java:logGet(43)) - raft.server.notification.no-leader.timeout = 120s (custom)
2019-10-16 17:21:01,731 [pool-200-thread-1] INFO  server.RaftServerConfigKeys (ConfUtils.java:logGet(43)) - raft.server.notification.no-leader.timeout = 120s (custom)
2019-10-16 17:21:01,731 [pool-160-thread-1] INFO  server.RaftServerConfigKeys (ConfUtils.java:logGet(43)) - raft.server.log.use.memory = false (default)
2019-10-16 17:21:01,731 [pool-200-thread-1] INFO  server.RaftServerConfigKeys (ConfUtils.java:logGet(43)) - raft.server.log.use.memory = false (default)
2019-10-16 17:21:01,731 [pool-160-thread-1] INFO  server.RaftServerConfigKeys (ConfUtils.java:logGet(43)) - raft.server.log.purge.gap = 1000000 (custom)
2019-10-16 17:21:01,731 [pool-200-thread-1] INFO  server.RaftServerConfigKeys (ConfUtils.java:logGet(43)) - raft.server.log.purge.gap = 1000000 (custom)
2019-10-16 17:21:01,731 [pool-160-thread-1] INFO  server.RaftServerConfigKeys (ConfUtils.java:logGet(43)) - raft.server.log.appender.buffer.byte-limit = 33554432 (custom)
2019-10-16 17:21:01,731 [pool-200-thread-1] INFO  server.RaftServerConfigKeys (ConfUtils.java:logGet(43)) - raft.server.log.appender.buffer.byte-limit = 33554432 (custom)
2019-10-16 17:21:01,731 [pool-160-thread-1] INFO  server.RaftServerConfigKeys (ConfUtils.java:logGet(43)) - raft.server.log.segment.size.max = 1048576 (custom)
2019-10-16 17:21:01,731 [pool-200-thread-1] INFO  server.RaftServerConfigKeys (ConfUtils.java:logGet(43)) - raft.server.log.segment.size.max = 1048576 (custom)
2019-10-16 17:21:01,732 [pool-160-thread-1] INFO  server.RaftServerConfigKeys (ConfUtils.java:logGet(43)) - raft.server.log.segment.cache.num.max = 2 (custom)
2019-10-16 17:21:01,732 [pool-200-thread-1] INFO  server.RaftServerConfigKeys (ConfUtils.java:logGet(43)) - raft.server.log.segment.cache.num.max = 2 (custom)
2019-10-16 17:21:01,732 [pool-160-thread-1] INFO  segmented.SegmentedRaftLogWorker (SegmentedRaftLogWorker.java:<init>(173)) - new 8dfecba1-8cf2-4467-bf71-9131598e36cc@group-8363CBFC2677-SegmentedRaftLogWorker for RaftStorage:Storage Directory /workdir/hadoop-ozone/integration-test/target/test-dir/MiniOzoneClusterImpl-d62837be-dbbf-4c13-a31e-440e50fcf132/datanode-1/data/ratis/ad5a19f8-b79e-439d-a73e-8363cbfc2677
2019-10-16 17:21:01,732 [pool-200-thread-1] INFO  segmented.SegmentedRaftLogWorker (SegmentedRaftLogWorker.java:<init>(173)) - new 21b36528-7a33-48f9-a871-a72bce406f0b@group-95D7A0F68A30-SegmentedRaftLogWorker for RaftStorage:Storage Directory /workdir/hadoop-ozone/integration-test/target/test-dir/MiniOzoneClusterImpl-d62837be-dbbf-4c13-a31e-440e50fcf132/datanode-5/data/ratis/e4b7743f-a2d9-4943-8e2e-95d7a0f68a30
2019-10-16 17:21:01,732 [pool-160-thread-1] INFO  server.RaftServerConfigKeys (ConfUtils.java:logGet(43)) - raft.server.log.queue.byte-limit = 2147483647 (custom)
2019-10-16 17:21:01,732 [pool-200-thread-1] INFO  server.RaftServerConfigKeys (ConfUtils.java:logGet(43)) - raft.server.log.queue.byte-limit = 2147483647 (custom)
2019-10-16 17:21:01,732 [pool-160-thread-1] INFO  server.RaftServerConfigKeys (ConfUtils.java:logGet(43)) - raft.server.log.queue.element-limit = 1024 (custom)
2019-10-16 17:21:01,732 [pool-200-thread-1] INFO  server.RaftServerConfigKeys (ConfUtils.java:logGet(43)) - raft.server.log.queue.element-limit = 1024 (custom)
2019-10-16 17:21:01,732 [pool-160-thread-1] INFO  server.RaftServerConfigKeys (ConfUtils.java:logGet(43)) - raft.server.log.segment.size.max = 1048576 (custom)
2019-10-16 17:21:01,732 [pool-200-thread-1] INFO  server.RaftServerConfigKeys (ConfUtils.java:logGet(43)) - raft.server.log.segment.size.max = 1048576 (custom)
2019-10-16 17:21:01,732 [pool-160-thread-1] INFO  server.RaftServerConfigKeys (ConfUtils.java:logGet(43)) - raft.server.log.preallocated.size = 16384 (custom)
2019-10-16 17:21:01,732 [pool-200-thread-1] INFO  server.RaftServerConfigKeys (ConfUtils.java:logGet(43)) - raft.server.log.preallocated.size = 16384 (custom)
2019-10-16 17:21:01,732 [pool-160-thread-1] INFO  server.RaftServerConfigKeys (ConfUtils.java:logGet(43)) - raft.server.log.write.buffer.size = 33554432 (custom)
2019-10-16 17:21:01,732 [pool-200-thread-1] INFO  server.RaftServerConfigKeys (ConfUtils.java:logGet(43)) - raft.server.log.write.buffer.size = 33554432 (custom)
2019-10-16 17:21:01,733 [pool-160-thread-1] INFO  server.RaftServerConfigKeys (ConfUtils.java:logGet(43)) - raft.server.log.force.sync.num = 128 (default)
2019-10-16 17:21:01,733 [pool-200-thread-1] INFO  server.RaftServerConfigKeys (ConfUtils.java:logGet(43)) - raft.server.log.force.sync.num = 128 (default)
2019-10-16 17:21:01,733 [pool-160-thread-1] INFO  server.RaftServerConfigKeys (ConfUtils.java:logGet(43)) - raft.server.log.statemachine.data.sync = true (default)
2019-10-16 17:21:01,733 [pool-200-thread-1] INFO  server.RaftServerConfigKeys (ConfUtils.java:logGet(43)) - raft.server.log.statemachine.data.sync = true (default)
2019-10-16 17:21:01,733 [pool-160-thread-1] INFO  server.RaftServerConfigKeys (ConfUtils.java:logGet(43)) - raft.server.log.statemachine.data.sync.timeout = 10s (default)
2019-10-16 17:21:01,733 [pool-200-thread-1] INFO  server.RaftServerConfigKeys (ConfUtils.java:logGet(43)) - raft.server.log.statemachine.data.sync.timeout = 10s (default)
2019-10-16 17:21:01,733 [pool-160-thread-1] INFO  server.RaftServerConfigKeys (ConfUtils.java:logGet(43)) - raft.server.log.statemachine.data.sync.timeout.retry = -1 (default)
2019-10-16 17:21:01,733 [pool-200-thread-1] INFO  server.RaftServerConfigKeys (ConfUtils.java:logGet(43)) - raft.server.log.statemachine.data.sync.timeout.retry = -1 (default)
2019-10-16 17:21:01,733 [pool-160-thread-1] INFO  server.RaftServerConfigKeys (ConfUtils.java:logGet(43)) - raft.server.log.statemachine.data.caching.enabled = true (custom)
2019-10-16 17:21:01,733 [pool-200-thread-1] INFO  server.RaftServerConfigKeys (ConfUtils.java:logGet(43)) - raft.server.log.statemachine.data.caching.enabled = true (custom)
2019-10-16 17:21:01,734 [pool-160-thread-1] INFO  segmented.SegmentedRaftLogWorker (SegmentedRaftLogWorker.java:lambda$new$0(128)) - 8dfecba1-8cf2-4467-bf71-9131598e36cc@group-8363CBFC2677-SegmentedRaftLogWorker: flushIndex: setUnconditionally 0 -> -1
2019-10-16 17:21:01,734 [pool-200-thread-1] INFO  segmented.SegmentedRaftLogWorker (SegmentedRaftLogWorker.java:lambda$new$0(128)) - 21b36528-7a33-48f9-a871-a72bce406f0b@group-95D7A0F68A30-SegmentedRaftLogWorker: flushIndex: setUnconditionally 0 -> -1
2019-10-16 17:21:01,734 [pool-160-thread-1] INFO  server.RaftServerConfigKeys (ConfUtils.java:logGet(43)) - raft.server.snapshot.auto.trigger.enabled = true (custom)
2019-10-16 17:21:01,734 [pool-200-thread-1] INFO  server.RaftServerConfigKeys (ConfUtils.java:logGet(43)) - raft.server.snapshot.auto.trigger.enabled = true (custom)
2019-10-16 17:21:01,734 [pool-160-thread-1] INFO  server.RaftServerConfigKeys (ConfUtils.java:logGet(43)) - raft.server.snapshot.auto.trigger.threshold = 10000 (custom)
2019-10-16 17:21:01,734 [pool-200-thread-1] INFO  server.RaftServerConfigKeys (ConfUtils.java:logGet(43)) - raft.server.snapshot.auto.trigger.threshold = 10000 (custom)
2019-10-16 17:21:01,734 [pool-160-thread-1] INFO  server.RaftServerConfigKeys (ConfUtils.java:logGet(43)) - raft.server.snapshot.retention.file.num = 5 (custom)
2019-10-16 17:21:01,734 [pool-200-thread-1] INFO  server.RaftServerConfigKeys (ConfUtils.java:logGet(43)) - raft.server.snapshot.retention.file.num = 5 (custom)
2019-10-16 17:21:01,734 [pool-160-thread-1] INFO  server.RaftServerConfigKeys (ConfUtils.java:logGet(43)) - raft.server.retrycache.expirytime = 600000ms (custom)
2019-10-16 17:21:01,734 [pool-200-thread-1] INFO  server.RaftServerConfigKeys (ConfUtils.java:logGet(43)) - raft.server.retrycache.expirytime = 600000ms (custom)
2019-10-16 17:21:01,737 [pool-160-thread-1] INFO  impl.RaftServerProxy (RaftServerProxy.java:remove(95)) - 8dfecba1-8cf2-4467-bf71-9131598e36cc: remove      null 8dfecba1-8cf2-4467-bf71-9131598e36cc@group-8363CBFC2677:t0, leader=null, voted=null, raftlog=8dfecba1-8cf2-4467-bf71-9131598e36cc@group-8363CBFC2677-SegmentedRaftLog:OPENED:c-1,f-1,i0, conf=-1: [8dfecba1-8cf2-4467-bf71-9131598e36cc:192.168.69.90:35390, 6c17ba67-9052-48ab-b55c-e326bb81c936:192.168.69.90:33518, 21b36528-7a33-48f9-a871-a72bce406f0b:192.168.69.90:45999], old=null NEW
2019-10-16 17:21:01,737 [pool-160-thread-1] WARN  impl.RaftServerProxy (RaftServerProxy.java:lambda$groupAddAsync$11(388)) - 8dfecba1-8cf2-4467-bf71-9131598e36cc: Failed groupAdd* GroupManagementRequest:client-2DEF36D32356->8dfecba1-8cf2-4467-bf71-9131598e36cc@group-8363CBFC2677, cid=43, seq=0, RW, null, Add:group-8363CBFC2677:[8dfecba1-8cf2-4467-bf71-9131598e36cc:192.168.69.90:35390, 6c17ba67-9052-48ab-b55c-e326bb81c936:192.168.69.90:33518, 21b36528-7a33-48f9-a871-a72bce406f0b:192.168.69.90:45999]
java.util.concurrent.CompletionException: java.util.concurrent.RejectedExecutionException: Task java.util.concurrent.CompletableFuture$UniApply@7ff22db9 rejected from java.util.concurrent.ThreadPoolExecutor@3045cc65[Shutting down, pool size = 1, active threads = 1, queued tasks = 1, completed tasks = 2]
	at java.util.concurrent.CompletableFuture.encodeThrowable(CompletableFuture.java:273)
	at java.util.concurrent.CompletableFuture.completeThrowable(CompletableFuture.java:280)
	at java.util.concurrent.CompletableFuture.uniApply(CompletableFuture.java:604)
	at java.util.concurrent.CompletableFuture$UniApply.tryFire(CompletableFuture.java:577)
	at java.util.concurrent.CompletableFuture.postComplete(CompletableFuture.java:474)
	at java.util.concurrent.CompletableFuture$AsyncSupply.run(CompletableFuture.java:1595)
	at java.util.concurrent.ThreadPoolExecutor.runWorker(ThreadPoolExecutor.java:1149)
	at java.util.concurrent.ThreadPoolExecutor$Worker.run(ThreadPoolExecutor.java:624)
	at java.lang.Thread.run(Thread.java:748)
Caused by: java.util.concurrent.RejectedExecutionException: Task java.util.concurrent.CompletableFuture$UniApply@7ff22db9 rejected from java.util.concurrent.ThreadPoolExecutor@3045cc65[Shutting down, pool size = 1, active threads = 1, queued tasks = 1, completed tasks = 2]
	at java.util.concurrent.ThreadPoolExecutor$AbortPolicy.rejectedExecution(ThreadPoolExecutor.java:2063)
	at java.util.concurrent.ThreadPoolExecutor.reject(ThreadPoolExecutor.java:830)
	at java.util.concurrent.ThreadPoolExecutor.execute(ThreadPoolExecutor.java:1379)
	at java.util.concurrent.Executors$DelegatedExecutorService.execute(Executors.java:668)
	at java.util.concurrent.CompletableFuture$UniCompletion.claim(CompletableFuture.java:529)
	at java.util.concurrent.CompletableFuture.uniApply(CompletableFuture.java:599)
	... 6 more
2019-10-16 17:21:01,737 [pool-160-thread-1] INFO  impl.RaftServerImpl (RaftServerImpl.java:start(181)) - 8dfecba1-8cf2-4467-bf71-9131598e36cc@group-EDF3B1B09235: start as a follower, conf=-1: [8dfecba1-8cf2-4467-bf71-9131598e36cc:192.168.69.90:35390, 6c17ba67-9052-48ab-b55c-e326bb81c936:192.168.69.90:33518, 21b36528-7a33-48f9-a871-a72bce406f0b:192.168.69.90:45999], old=null
2019-10-16 17:21:01,737 [pool-160-thread-1] INFO  impl.RaftServerImpl (RaftServerImpl.java:setRole(170)) - 8dfecba1-8cf2-4467-bf71-9131598e36cc@group-EDF3B1B09235: changes role from      null to FOLLOWER at term 0 for startAsFollower
2019-10-16 17:21:01,737 [pool-160-thread-1] INFO  impl.RoleInfo (RoleInfo.java:updateAndGet(143)) - 8dfecba1-8cf2-4467-bf71-9131598e36cc: start FollowerState
2019-10-16 17:21:01,737 [pool-200-thread-1] INFO  impl.RaftServerImpl (RaftServerImpl.java:<init>(95)) - 21b36528-7a33-48f9-a871-a72bce406f0b: new RaftServerImpl for group-8363CBFC2677:[8dfecba1-8cf2-4467-bf71-9131598e36cc:192.168.69.90:35390, 6c17ba67-9052-48ab-b55c-e326bb81c936:192.168.69.90:33518, 21b36528-7a33-48f9-a871-a72bce406f0b:192.168.69.90:45999] with ContainerStateMachine:uninitialized
2019-10-16 17:21:01,739 [pool-200-thread-1] INFO  server.RaftServerConfigKeys (ConfUtils.java:logGet(43)) - raft.server.rpc.timeout.min = 1s (custom)
2019-10-16 17:21:01,739 [pool-160-thread-1] INFO  util.JmxRegister (JmxRegister.java:tryRegister(44)) - Successfully registered JMX Bean with object name Ratis:service=RaftServer,group=group-EDF3B1B09235,id=8dfecba1-8cf2-4467-bf71-9131598e36cc
2019-10-16 17:21:01,739 [pool-200-thread-1] INFO  server.RaftServerConfigKeys (ConfUtils.java:logGet(43)) - raft.server.rpc.timeout.max = 1200ms (custom)
2019-10-16 17:21:01,740 [pool-200-thread-1] INFO  server.RaftServerConfigKeys (ConfUtils.java:logGet(43)) - raft.server.rpcslowness.timeout = 120s (custom)
2019-10-16 17:21:01,740 [pool-200-thread-1] INFO  server.RaftServerConfigKeys (ConfUtils.java:logGet(43)) - raft.server.sleep.deviation.threshold = 300 (default)
2019-10-16 17:21:01,740 [pool-200-thread-1] INFO  server.RaftServerConfigKeys (ConfUtils.java:logGet(43)) - raft.server.log.appender.install.snapshot.enabled = false (custom)
2019-10-16 17:21:01,740 [pool-200-thread-1] INFO  impl.RaftServerImpl (ServerState.java:<init>(103)) - 21b36528-7a33-48f9-a871-a72bce406f0b@group-8363CBFC2677: ConfigurationManager, init=-1: [8dfecba1-8cf2-4467-bf71-9131598e36cc:192.168.69.90:35390, 6c17ba67-9052-48ab-b55c-e326bb81c936:192.168.69.90:33518, 21b36528-7a33-48f9-a871-a72bce406f0b:192.168.69.90:45999], old=null, confs=<EMPTY_MAP>
2019-10-16 17:21:01,740 [pool-200-thread-1] INFO  server.RaftServerConfigKeys (ConfUtils.java:logGet(43)) - raft.server.storage.dir = [/workdir/hadoop-ozone/integration-test/target/test-dir/MiniOzoneClusterImpl-d62837be-dbbf-4c13-a31e-440e50fcf132/datanode-5/data/ratis] (custom)
2019-10-16 17:21:01,740 [pool-200-thread-1] INFO  server.RaftServerConfigKeys (ConfUtils.java:logGet(43)) - raft.server.log.corruption.policy = EXCEPTION (default)
2019-10-16 17:21:01,740 [pool-200-thread-1] INFO  storage.RaftStorageDirectory (RaftStorageDirectory.java:analyzeStorage(246)) - The storage directory /workdir/hadoop-ozone/integration-test/target/test-dir/MiniOzoneClusterImpl-d62837be-dbbf-4c13-a31e-440e50fcf132/datanode-5/data/ratis/ad5a19f8-b79e-439d-a73e-8363cbfc2677 does not exist. Creating ...
2019-10-16 17:21:01,741 [ForkJoinPool.commonPool-worker-1] INFO  impl.RaftServerProxy (RaftServerProxy.java:lambda$close$4(314)) - 8dfecba1-8cf2-4467-bf71-9131598e36cc: close
2019-10-16 17:21:01,742 [ForkJoinPool.commonPool-worker-1] INFO  impl.RaftServerImpl (RaftServerImpl.java:lambda$shutdown$3(247)) - 8dfecba1-8cf2-4467-bf71-9131598e36cc@group-EDF3B1B09235: shutdown
2019-10-16 17:21:01,742 [ForkJoinPool.commonPool-worker-1] INFO  util.JmxRegister (JmxRegister.java:unregister(73)) - Successfully un-registered JMX Bean with object name Ratis:service=RaftServer,group=group-EDF3B1B09235,id=8dfecba1-8cf2-4467-bf71-9131598e36cc
2019-10-16 17:21:01,742 [ForkJoinPool.commonPool-worker-1] INFO  impl.RoleInfo (RoleInfo.java:shutdownFollowerState(121)) - 8dfecba1-8cf2-4467-bf71-9131598e36cc: shutdown FollowerState
2019-10-16 17:21:01,742 [ForkJoinPool.commonPool-worker-1] INFO  impl.StateMachineUpdater (StateMachineUpdater.java:stopAndJoin(136)) - 8dfecba1-8cf2-4467-bf71-9131598e36cc@group-EDF3B1B09235-StateMachineUpdater: set stopIndex = -1
2019-10-16 17:21:01,742 [Thread-1267] INFO  impl.FollowerState (FollowerState.java:run(117)) - 8dfecba1-8cf2-4467-bf71-9131598e36cc@group-EDF3B1B09235-FollowerState was interrupted: java.lang.InterruptedException: sleep interrupted
2019-10-16 17:21:01,742 [ForkJoinPool.commonPool-worker-1] INFO  impl.RaftServerImpl (ServerState.java:close(387)) - 8dfecba1-8cf2-4467-bf71-9131598e36cc@group-EDF3B1B09235: closes. applyIndex: -1
2019-10-16 17:21:01,744 [8dfecba1-8cf2-4467-bf71-9131598e36cc@group-EDF3B1B09235-SegmentedRaftLogWorker] INFO  segmented.SegmentedRaftLogWorker (SegmentedRaftLogWorker.java:run(316)) - 8dfecba1-8cf2-4467-bf71-9131598e36cc@group-EDF3B1B09235-SegmentedRaftLogWorker was interrupted, exiting. There are 0 tasks remaining in the queue.
2019-10-16 17:21:01,744 [ForkJoinPool.commonPool-worker-1] INFO  segmented.SegmentedRaftLogWorker (SegmentedRaftLogWorker.java:close(224)) - 8dfecba1-8cf2-4467-bf71-9131598e36cc@group-EDF3B1B09235-SegmentedRaftLogWorker close()
2019-10-16 17:21:01,749 [ForkJoinPool.commonPool-worker-1] INFO  server.GrpcService (GrpcService.java:closeImpl(164)) - 8dfecba1-8cf2-4467-bf71-9131598e36cc: shutdown server with port 35390 now
2019-10-16 17:21:01,750 [ForkJoinPool.commonPool-worker-1] INFO  server.GrpcService (GrpcService.java:closeImpl(172)) - 8dfecba1-8cf2-4467-bf71-9131598e36cc: shutdown server with port 35390 successfully
2019-10-16 17:21:01,751 [refreshUsed-/workdir/hadoop-ozone/integration-test/target/test-dir/MiniOzoneClusterImpl-d62837be-dbbf-4c13-a31e-440e50fcf132/datanode-1/data/containers] WARN  fs.CachingGetSpaceUsed (CachingGetSpaceUsed.java:run(183)) - Thread Interrupted waiting to refresh disk information: sleep interrupted
2019-10-16 17:21:01,769 [ForkJoinPool.commonPool-worker-1] INFO  utils.BackgroundService (BackgroundService.java:shutdown(151)) - Shutting down service BlockDeletingService
2019-10-16 17:21:01,773 [ForkJoinPool.commonPool-worker-1] INFO  statemachine.DatanodeStateMachine (DatanodeStateMachine.java:stopDaemon(395)) - Ozone container server stopped.
2019-10-16 17:21:01,776 [ForkJoinPool.commonPool-worker-1] INFO  handler.ContextHandler (ContextHandler.java:doStop(910)) - Stopped o.e.j.w.WebAppContext@2404b5a{/,null,UNAVAILABLE}{/hddsDatanode}
2019-10-16 17:21:01,776 [ForkJoinPool.commonPool-worker-1] INFO  server.AbstractConnector (AbstractConnector.java:doStop(318)) - Stopped ServerConnector@3af58f76{HTTP/1.1,[http/1.1]}{0.0.0.0:0}
2019-10-16 17:21:01,777 [ForkJoinPool.commonPool-worker-1] INFO  handler.ContextHandler (ContextHandler.java:doStop(910)) - Stopped o.e.j.s.ServletContextHandler@42f85fa4{/static,jar:file:/home/user/.m2/repository/org/apache/hadoop/hadoop-hdds-container-service/0.5.0-SNAPSHOT/hadoop-hdds-container-service-0.5.0-SNAPSHOT.jar!/webapps/static,UNAVAILABLE}
2019-10-16 17:21:01,778 [ForkJoinPool.commonPool-worker-1] INFO  handler.ContextHandler (ContextHandler.java:doStop(910)) - Stopped o.e.j.s.ServletContextHandler@1319bc2a{/logs,file:///workdir/hadoop-ozone/integration-test/target/log,UNAVAILABLE}
2019-10-16 17:21:02,245 [Datanode State Machine Thread - 0] INFO  statemachine.DatanodeStateMachine (DatanodeStateMachine.java:lambda$startDaemon$0(350)) - Ozone container server started.
2019-10-16 17:21:02,258 [main] INFO  ozoneimpl.OzoneContainer (OzoneContainer.java:stop(227)) - Attempting to stop container services.
2019-10-16 17:21:02,818 [pool-200-thread-1] INFO  storage.RaftStorageDirectory (RaftStorageDirectory.java:tryLock(328)) - Lock on /workdir/hadoop-ozone/integration-test/target/test-dir/MiniOzoneClusterImpl-d62837be-dbbf-4c13-a31e-440e50fcf132/datanode-5/data/ratis/ad5a19f8-b79e-439d-a73e-8363cbfc2677/in_use.lock acquired by nodename 18778@pr-hdds-2197-topology-f2j98-1328871761
2019-10-16 17:21:02,818 [pool-150-thread-1] INFO  storage.RaftStorage (RaftStorage.java:format(84)) - Storage directory /workdir/hadoop-ozone/integration-test/target/test-dir/MiniOzoneClusterImpl-d62837be-dbbf-4c13-a31e-440e50fcf132/datanode-0/data/ratis/ad5a19f8-b79e-439d-a73e-8363cbfc2677 has been successfully formatted.
2019-10-16 17:21:02,818 [pool-150-thread-1] INFO  ratis.ContainerStateMachine (ContainerStateMachine.java:loadSnapshot(231)) - group-8363CBFC2677: The snapshot info is null. Setting the last applied indexto:(t:0, i:~)
2019-10-16 17:21:02,819 [pool-150-thread-1] INFO  server.RaftServerConfigKeys (ConfUtils.java:logGet(43)) - raft.server.notification.no-leader.timeout = 120s (custom)
2019-10-16 17:21:02,819 [pool-150-thread-1] INFO  server.RaftServerConfigKeys (ConfUtils.java:logGet(43)) - raft.server.log.use.memory = false (default)
2019-10-16 17:21:02,819 [pool-150-thread-1] INFO  server.RaftServerConfigKeys (ConfUtils.java:logGet(43)) - raft.server.log.purge.gap = 1000000 (custom)
2019-10-16 17:21:02,819 [pool-150-thread-1] INFO  server.RaftServerConfigKeys (ConfUtils.java:logGet(43)) - raft.server.log.appender.buffer.byte-limit = 33554432 (custom)
2019-10-16 17:21:02,819 [pool-150-thread-1] INFO  server.RaftServerConfigKeys (ConfUtils.java:logGet(43)) - raft.server.log.segment.size.max = 1048576 (custom)
2019-10-16 17:21:02,819 [pool-150-thread-1] INFO  server.RaftServerConfigKeys (ConfUtils.java:logGet(43)) - raft.server.log.segment.cache.num.max = 2 (custom)
2019-10-16 17:21:02,820 [pool-150-thread-1] INFO  segmented.SegmentedRaftLogWorker (SegmentedRaftLogWorker.java:<init>(173)) - new 6c17ba67-9052-48ab-b55c-e326bb81c936@group-8363CBFC2677-SegmentedRaftLogWorker for RaftStorage:Storage Directory /workdir/hadoop-ozone/integration-test/target/test-dir/MiniOzoneClusterImpl-d62837be-dbbf-4c13-a31e-440e50fcf132/datanode-0/data/ratis/ad5a19f8-b79e-439d-a73e-8363cbfc2677
2019-10-16 17:21:02,820 [pool-150-thread-1] INFO  server.RaftServerConfigKeys (ConfUtils.java:logGet(43)) - raft.server.log.queue.byte-limit = 2147483647 (custom)
2019-10-16 17:21:02,820 [pool-150-thread-1] INFO  server.RaftServerConfigKeys (ConfUtils.java:logGet(43)) - raft.server.log.queue.element-limit = 1024 (custom)
2019-10-16 17:21:02,820 [pool-150-thread-1] INFO  server.RaftServerConfigKeys (ConfUtils.java:logGet(43)) - raft.server.log.segment.size.max = 1048576 (custom)
2019-10-16 17:21:02,820 [pool-150-thread-1] INFO  server.RaftServerConfigKeys (ConfUtils.java:logGet(43)) - raft.server.log.preallocated.size = 16384 (custom)
2019-10-16 17:21:02,820 [pool-150-thread-1] INFO  server.RaftServerConfigKeys (ConfUtils.java:logGet(43)) - raft.server.log.write.buffer.size = 33554432 (custom)
2019-10-16 17:21:02,820 [pool-150-thread-1] INFO  server.RaftServerConfigKeys (ConfUtils.java:logGet(43)) - raft.server.log.force.sync.num = 128 (default)
2019-10-16 17:21:02,821 [pool-150-thread-1] INFO  server.RaftServerConfigKeys (ConfUtils.java:logGet(43)) - raft.server.log.statemachine.data.sync = true (default)
2019-10-16 17:21:02,821 [pool-150-thread-1] INFO  server.RaftServerConfigKeys (ConfUtils.java:logGet(43)) - raft.server.log.statemachine.data.sync.timeout = 10s (default)
2019-10-16 17:21:02,821 [pool-150-thread-1] INFO  server.RaftServerConfigKeys (ConfUtils.java:logGet(43)) - raft.server.log.statemachine.data.sync.timeout.retry = -1 (default)
2019-10-16 17:21:02,821 [pool-150-thread-1] INFO  server.RaftServerConfigKeys (ConfUtils.java:logGet(43)) - raft.server.log.statemachine.data.caching.enabled = true (custom)
2019-10-16 17:21:02,821 [pool-150-thread-1] INFO  segmented.SegmentedRaftLogWorker (SegmentedRaftLogWorker.java:lambda$new$0(128)) - 6c17ba67-9052-48ab-b55c-e326bb81c936@group-8363CBFC2677-SegmentedRaftLogWorker: flushIndex: setUnconditionally 0 -> -1
2019-10-16 17:21:02,822 [pool-150-thread-1] INFO  server.RaftServerConfigKeys (ConfUtils.java:logGet(43)) - raft.server.snapshot.auto.trigger.enabled = true (custom)
2019-10-16 17:21:02,822 [pool-150-thread-1] INFO  server.RaftServerConfigKeys (ConfUtils.java:logGet(43)) - raft.server.snapshot.auto.trigger.threshold = 10000 (custom)
2019-10-16 17:21:02,822 [pool-150-thread-1] INFO  server.RaftServerConfigKeys (ConfUtils.java:logGet(43)) - raft.server.snapshot.retention.file.num = 5 (custom)
2019-10-16 17:21:02,822 [pool-150-thread-1] INFO  server.RaftServerConfigKeys (ConfUtils.java:logGet(43)) - raft.server.retrycache.expirytime = 600000ms (custom)
2019-10-16 17:21:02,825 [pool-150-thread-1] INFO  impl.RaftServerImpl (RaftServerImpl.java:start(181)) - 6c17ba67-9052-48ab-b55c-e326bb81c936@group-EDF3B1B09235: start as a follower, conf=-1: [8dfecba1-8cf2-4467-bf71-9131598e36cc:192.168.69.90:35390, 6c17ba67-9052-48ab-b55c-e326bb81c936:192.168.69.90:33518, 21b36528-7a33-48f9-a871-a72bce406f0b:192.168.69.90:45999], old=null
2019-10-16 17:21:02,825 [pool-150-thread-1] INFO  impl.RaftServerImpl (RaftServerImpl.java:setRole(170)) - 6c17ba67-9052-48ab-b55c-e326bb81c936@group-EDF3B1B09235: changes role from      null to FOLLOWER at term 0 for startAsFollower
2019-10-16 17:21:02,825 [pool-150-thread-1] INFO  impl.RoleInfo (RoleInfo.java:updateAndGet(143)) - 6c17ba67-9052-48ab-b55c-e326bb81c936: start FollowerState
2019-10-16 17:21:02,826 [pool-150-thread-1] INFO  util.JmxRegister (JmxRegister.java:tryRegister(44)) - Successfully registered JMX Bean with object name Ratis:service=RaftServer,group=group-EDF3B1B09235,id=6c17ba67-9052-48ab-b55c-e326bb81c936
2019-10-16 17:21:02,829 [pool-150-thread-1] INFO  impl.RaftServerImpl (RaftServerImpl.java:start(181)) - 6c17ba67-9052-48ab-b55c-e326bb81c936@group-95D7A0F68A30: start as a follower, conf=-1: [8dfecba1-8cf2-4467-bf71-9131598e36cc:192.168.69.90:35390, 6c17ba67-9052-48ab-b55c-e326bb81c936:192.168.69.90:33518, 21b36528-7a33-48f9-a871-a72bce406f0b:192.168.69.90:45999], old=null
2019-10-16 17:21:02,829 [pool-150-thread-1] INFO  impl.RaftServerImpl (RaftServerImpl.java:setRole(170)) - 6c17ba67-9052-48ab-b55c-e326bb81c936@group-95D7A0F68A30: changes role from      null to FOLLOWER at term 0 for startAsFollower
2019-10-16 17:21:02,829 [pool-150-thread-1] INFO  impl.RoleInfo (RoleInfo.java:updateAndGet(143)) - 6c17ba67-9052-48ab-b55c-e326bb81c936: start FollowerState
2019-10-16 17:21:02,829 [pool-150-thread-1] INFO  util.JmxRegister (JmxRegister.java:tryRegister(44)) - Successfully registered JMX Bean with object name Ratis:service=RaftServer,group=group-95D7A0F68A30,id=6c17ba67-9052-48ab-b55c-e326bb81c936
2019-10-16 17:21:02,832 [pool-150-thread-1] INFO  impl.RaftServerImpl (RaftServerImpl.java:start(181)) - 6c17ba67-9052-48ab-b55c-e326bb81c936@group-8363CBFC2677: start as a follower, conf=-1: [8dfecba1-8cf2-4467-bf71-9131598e36cc:192.168.69.90:35390, 6c17ba67-9052-48ab-b55c-e326bb81c936:192.168.69.90:33518, 21b36528-7a33-48f9-a871-a72bce406f0b:192.168.69.90:45999], old=null
2019-10-16 17:21:02,832 [pool-150-thread-1] INFO  impl.RaftServerImpl (RaftServerImpl.java:setRole(170)) - 6c17ba67-9052-48ab-b55c-e326bb81c936@group-8363CBFC2677: changes role from      null to FOLLOWER at term 0 for startAsFollower
2019-10-16 17:21:02,832 [pool-150-thread-1] INFO  impl.RoleInfo (RoleInfo.java:updateAndGet(143)) - 6c17ba67-9052-48ab-b55c-e326bb81c936: start FollowerState
2019-10-16 17:21:02,833 [pool-150-thread-1] INFO  util.JmxRegister (JmxRegister.java:tryRegister(44)) - Successfully registered JMX Bean with object name Ratis:service=RaftServer,group=group-8363CBFC2677,id=6c17ba67-9052-48ab-b55c-e326bb81c936
2019-10-16 17:21:02,901 [pool-200-thread-1] INFO  storage.RaftStorage (RaftStorage.java:format(84)) - Storage directory /workdir/hadoop-ozone/integration-test/target/test-dir/MiniOzoneClusterImpl-d62837be-dbbf-4c13-a31e-440e50fcf132/datanode-5/data/ratis/ad5a19f8-b79e-439d-a73e-8363cbfc2677 has been successfully formatted.
2019-10-16 17:21:02,902 [pool-200-thread-1] INFO  ratis.ContainerStateMachine (ContainerStateMachine.java:loadSnapshot(231)) - group-8363CBFC2677: The snapshot info is null. Setting the last applied indexto:(t:0, i:~)
2019-10-16 17:21:02,902 [pool-200-thread-1] INFO  server.RaftServerConfigKeys (ConfUtils.java:logGet(43)) - raft.server.notification.no-leader.timeout = 120s (custom)
2019-10-16 17:21:02,903 [pool-200-thread-1] INFO  server.RaftServerConfigKeys (ConfUtils.java:logGet(43)) - raft.server.log.use.memory = false (default)
2019-10-16 17:21:02,903 [pool-200-thread-1] INFO  server.RaftServerConfigKeys (ConfUtils.java:logGet(43)) - raft.server.log.purge.gap = 1000000 (custom)
2019-10-16 17:21:02,903 [pool-200-thread-1] INFO  server.RaftServerConfigKeys (ConfUtils.java:logGet(43)) - raft.server.log.appender.buffer.byte-limit = 33554432 (custom)
2019-10-16 17:21:02,903 [pool-200-thread-1] INFO  server.RaftServerConfigKeys (ConfUtils.java:logGet(43)) - raft.server.log.segment.size.max = 1048576 (custom)
2019-10-16 17:21:02,903 [pool-200-thread-1] INFO  server.RaftServerConfigKeys (ConfUtils.java:logGet(43)) - raft.server.log.segment.cache.num.max = 2 (custom)
2019-10-16 17:21:02,904 [pool-200-thread-1] INFO  segmented.SegmentedRaftLogWorker (SegmentedRaftLogWorker.java:<init>(173)) - new 21b36528-7a33-48f9-a871-a72bce406f0b@group-8363CBFC2677-SegmentedRaftLogWorker for RaftStorage:Storage Directory /workdir/hadoop-ozone/integration-test/target/test-dir/MiniOzoneClusterImpl-d62837be-dbbf-4c13-a31e-440e50fcf132/datanode-5/data/ratis/ad5a19f8-b79e-439d-a73e-8363cbfc2677
2019-10-16 17:21:02,904 [pool-200-thread-1] INFO  server.RaftServerConfigKeys (ConfUtils.java:logGet(43)) - raft.server.log.queue.byte-limit = 2147483647 (custom)
2019-10-16 17:21:02,904 [pool-200-thread-1] INFO  server.RaftServerConfigKeys (ConfUtils.java:logGet(43)) - raft.server.log.queue.element-limit = 1024 (custom)
2019-10-16 17:21:02,904 [pool-200-thread-1] INFO  server.RaftServerConfigKeys (ConfUtils.java:logGet(43)) - raft.server.log.segment.size.max = 1048576 (custom)
2019-10-16 17:21:02,904 [pool-200-thread-1] INFO  server.RaftServerConfigKeys (ConfUtils.java:logGet(43)) - raft.server.log.preallocated.size = 16384 (custom)
2019-10-16 17:21:02,904 [pool-200-thread-1] INFO  server.RaftServerConfigKeys (ConfUtils.java:logGet(43)) - raft.server.log.write.buffer.size = 33554432 (custom)
2019-10-16 17:21:02,905 [pool-200-thread-1] INFO  server.RaftServerConfigKeys (ConfUtils.java:logGet(43)) - raft.server.log.force.sync.num = 128 (default)
2019-10-16 17:21:02,905 [pool-200-thread-1] INFO  server.RaftServerConfigKeys (ConfUtils.java:logGet(43)) - raft.server.log.statemachine.data.sync = true (default)
2019-10-16 17:21:02,905 [pool-200-thread-1] INFO  server.RaftServerConfigKeys (ConfUtils.java:logGet(43)) - raft.server.log.statemachine.data.sync.timeout = 10s (default)
2019-10-16 17:21:02,905 [pool-200-thread-1] INFO  server.RaftServerConfigKeys (ConfUtils.java:logGet(43)) - raft.server.log.statemachine.data.sync.timeout.retry = -1 (default)
2019-10-16 17:21:02,905 [pool-200-thread-1] INFO  server.RaftServerConfigKeys (ConfUtils.java:logGet(43)) - raft.server.log.statemachine.data.caching.enabled = true (custom)
2019-10-16 17:21:02,906 [pool-200-thread-1] INFO  segmented.SegmentedRaftLogWorker (SegmentedRaftLogWorker.java:lambda$new$0(128)) - 21b36528-7a33-48f9-a871-a72bce406f0b@group-8363CBFC2677-SegmentedRaftLogWorker: flushIndex: setUnconditionally 0 -> -1
2019-10-16 17:21:02,906 [pool-200-thread-1] INFO  server.RaftServerConfigKeys (ConfUtils.java:logGet(43)) - raft.server.snapshot.auto.trigger.enabled = true (custom)
2019-10-16 17:21:02,907 [pool-200-thread-1] INFO  server.RaftServerConfigKeys (ConfUtils.java:logGet(43)) - raft.server.snapshot.auto.trigger.threshold = 10000 (custom)
2019-10-16 17:21:02,907 [pool-200-thread-1] INFO  server.RaftServerConfigKeys (ConfUtils.java:logGet(43)) - raft.server.snapshot.retention.file.num = 5 (custom)
2019-10-16 17:21:02,907 [pool-200-thread-1] INFO  server.RaftServerConfigKeys (ConfUtils.java:logGet(43)) - raft.server.retrycache.expirytime = 600000ms (custom)
2019-10-16 17:21:02,911 [pool-200-thread-1] INFO  impl.RaftServerProxy (RaftServerProxy.java:remove(95)) - 21b36528-7a33-48f9-a871-a72bce406f0b: remove      null 21b36528-7a33-48f9-a871-a72bce406f0b@group-8363CBFC2677:t0, leader=null, voted=null, raftlog=21b36528-7a33-48f9-a871-a72bce406f0b@group-8363CBFC2677-SegmentedRaftLog:OPENED:c-1,f-1,i0, conf=-1: [8dfecba1-8cf2-4467-bf71-9131598e36cc:192.168.69.90:35390, 6c17ba67-9052-48ab-b55c-e326bb81c936:192.168.69.90:33518, 21b36528-7a33-48f9-a871-a72bce406f0b:192.168.69.90:45999], old=null NEW
2019-10-16 17:21:02,911 [pool-200-thread-1] WARN  impl.RaftServerProxy (RaftServerProxy.java:lambda$groupAddAsync$11(388)) - 21b36528-7a33-48f9-a871-a72bce406f0b: Failed groupAdd* GroupManagementRequest:client-AAE9A63BFAA1->21b36528-7a33-48f9-a871-a72bce406f0b@group-8363CBFC2677, cid=45, seq=0, RW, null, Add:group-8363CBFC2677:[8dfecba1-8cf2-4467-bf71-9131598e36cc:192.168.69.90:35390, 6c17ba67-9052-48ab-b55c-e326bb81c936:192.168.69.90:33518, 21b36528-7a33-48f9-a871-a72bce406f0b:192.168.69.90:45999]
java.util.concurrent.CompletionException: java.util.concurrent.RejectedExecutionException: Task java.util.concurrent.CompletableFuture$UniApply@7922812d rejected from java.util.concurrent.ThreadPoolExecutor@6417ef1b[Shutting down, pool size = 1, active threads = 1, queued tasks = 3, completed tasks = 3]
	at java.util.concurrent.CompletableFuture.encodeThrowable(CompletableFuture.java:273)
	at java.util.concurrent.CompletableFuture.completeThrowable(CompletableFuture.java:280)
	at java.util.concurrent.CompletableFuture.uniApply(CompletableFuture.java:604)
	at java.util.concurrent.CompletableFuture$UniApply.tryFire(CompletableFuture.java:577)
	at java.util.concurrent.CompletableFuture.postComplete(CompletableFuture.java:474)
	at java.util.concurrent.CompletableFuture$AsyncSupply.run(CompletableFuture.java:1595)
	at java.util.concurrent.ThreadPoolExecutor.runWorker(ThreadPoolExecutor.java:1149)
	at java.util.concurrent.ThreadPoolExecutor$Worker.run(ThreadPoolExecutor.java:624)
	at java.lang.Thread.run(Thread.java:748)
Caused by: java.util.concurrent.RejectedExecutionException: Task java.util.concurrent.CompletableFuture$UniApply@7922812d rejected from java.util.concurrent.ThreadPoolExecutor@6417ef1b[Shutting down, pool size = 1, active threads = 1, queued tasks = 3, completed tasks = 3]
	at java.util.concurrent.ThreadPoolExecutor$AbortPolicy.rejectedExecution(ThreadPoolExecutor.java:2063)
	at java.util.concurrent.ThreadPoolExecutor.reject(ThreadPoolExecutor.java:830)
	at java.util.concurrent.ThreadPoolExecutor.execute(ThreadPoolExecutor.java:1379)
	at java.util.concurrent.Executors$DelegatedExecutorService.execute(Executors.java:668)
	at java.util.concurrent.CompletableFuture$UniCompletion.claim(CompletableFuture.java:529)
	at java.util.concurrent.CompletableFuture.uniApply(CompletableFuture.java:599)
	... 6 more
2019-10-16 17:21:02,912 [pool-200-thread-1] INFO  impl.RaftServerImpl (RaftServerImpl.java:start(181)) - 21b36528-7a33-48f9-a871-a72bce406f0b@group-EDF3B1B09235: start as a follower, conf=-1: [8dfecba1-8cf2-4467-bf71-9131598e36cc:192.168.69.90:35390, 6c17ba67-9052-48ab-b55c-e326bb81c936:192.168.69.90:33518, 21b36528-7a33-48f9-a871-a72bce406f0b:192.168.69.90:45999], old=null
2019-10-16 17:21:02,912 [pool-200-thread-1] INFO  impl.RaftServerImpl (RaftServerImpl.java:setRole(170)) - 21b36528-7a33-48f9-a871-a72bce406f0b@group-EDF3B1B09235: changes role from      null to FOLLOWER at term 0 for startAsFollower
2019-10-16 17:21:02,912 [pool-200-thread-1] INFO  impl.RoleInfo (RoleInfo.java:updateAndGet(143)) - 21b36528-7a33-48f9-a871-a72bce406f0b: start FollowerState
2019-10-16 17:21:02,913 [pool-200-thread-1] INFO  util.JmxRegister (JmxRegister.java:tryRegister(44)) - Successfully registered JMX Bean with object name Ratis:service=RaftServer,group=group-EDF3B1B09235,id=21b36528-7a33-48f9-a871-a72bce406f0b
2019-10-16 17:21:02,916 [pool-200-thread-1] INFO  impl.RaftServerImpl (RaftServerImpl.java:start(181)) - 21b36528-7a33-48f9-a871-a72bce406f0b@group-C0D9B715BF0F: start as a follower, conf=-1: [21b36528-7a33-48f9-a871-a72bce406f0b:192.168.69.90:45999], old=null
2019-10-16 17:21:02,916 [pool-200-thread-1] INFO  impl.RaftServerImpl (RaftServerImpl.java:setRole(170)) - 21b36528-7a33-48f9-a871-a72bce406f0b@group-C0D9B715BF0F: changes role from      null to FOLLOWER at term 0 for startAsFollower
2019-10-16 17:21:02,916 [pool-200-thread-1] INFO  impl.RoleInfo (RoleInfo.java:updateAndGet(143)) - 21b36528-7a33-48f9-a871-a72bce406f0b: start FollowerState
2019-10-16 17:21:02,917 [pool-200-thread-1] INFO  util.JmxRegister (JmxRegister.java:tryRegister(44)) - Successfully registered JMX Bean with object name Ratis:service=RaftServer,group=group-C0D9B715BF0F,id=21b36528-7a33-48f9-a871-a72bce406f0b
2019-10-16 17:21:02,920 [pool-200-thread-1] INFO  impl.RaftServerImpl (RaftServerImpl.java:start(181)) - 21b36528-7a33-48f9-a871-a72bce406f0b@group-95D7A0F68A30: start as a follower, conf=-1: [8dfecba1-8cf2-4467-bf71-9131598e36cc:192.168.69.90:35390, 6c17ba67-9052-48ab-b55c-e326bb81c936:192.168.69.90:33518, 21b36528-7a33-48f9-a871-a72bce406f0b:192.168.69.90:45999], old=null
2019-10-16 17:21:02,920 [pool-200-thread-1] INFO  impl.RaftServerImpl (RaftServerImpl.java:setRole(170)) - 21b36528-7a33-48f9-a871-a72bce406f0b@group-95D7A0F68A30: changes role from      null to FOLLOWER at term 0 for startAsFollower
2019-10-16 17:21:02,920 [pool-200-thread-1] INFO  impl.RoleInfo (RoleInfo.java:updateAndGet(143)) - 21b36528-7a33-48f9-a871-a72bce406f0b: start FollowerState
2019-10-16 17:21:02,921 [pool-200-thread-1] INFO  util.JmxRegister (JmxRegister.java:tryRegister(44)) - Successfully registered JMX Bean with object name Ratis:service=RaftServer,group=group-95D7A0F68A30,id=21b36528-7a33-48f9-a871-a72bce406f0b
2019-10-16 17:21:02,924 [main] INFO  impl.RaftServerProxy (RaftServerProxy.java:lambda$close$4(314)) - 21b36528-7a33-48f9-a871-a72bce406f0b: close
2019-10-16 17:21:02,929 [main] INFO  impl.RaftServerImpl (RaftServerImpl.java:lambda$shutdown$3(247)) - 21b36528-7a33-48f9-a871-a72bce406f0b@group-EDF3B1B09235: shutdown
2019-10-16 17:21:02,929 [main] INFO  util.JmxRegister (JmxRegister.java:unregister(73)) - Successfully un-registered JMX Bean with object name Ratis:service=RaftServer,group=group-EDF3B1B09235,id=21b36528-7a33-48f9-a871-a72bce406f0b
2019-10-16 17:21:02,930 [main] INFO  impl.RoleInfo (RoleInfo.java:shutdownFollowerState(121)) - 21b36528-7a33-48f9-a871-a72bce406f0b: shutdown FollowerState
2019-10-16 17:21:02,930 [main] INFO  impl.StateMachineUpdater (StateMachineUpdater.java:stopAndJoin(136)) - 21b36528-7a33-48f9-a871-a72bce406f0b@group-EDF3B1B09235-StateMachineUpdater: set stopIndex = -1
2019-10-16 17:21:02,930 [Thread-1278] INFO  impl.FollowerState (FollowerState.java:run(117)) - 21b36528-7a33-48f9-a871-a72bce406f0b@group-EDF3B1B09235-FollowerState was interrupted: java.lang.InterruptedException: sleep interrupted
2019-10-16 17:21:02,930 [main] INFO  impl.RaftServerImpl (ServerState.java:close(387)) - 21b36528-7a33-48f9-a871-a72bce406f0b@group-EDF3B1B09235: closes. applyIndex: -1
2019-10-16 17:21:02,933 [21b36528-7a33-48f9-a871-a72bce406f0b@group-EDF3B1B09235-SegmentedRaftLogWorker] INFO  segmented.SegmentedRaftLogWorker (SegmentedRaftLogWorker.java:run(316)) - 21b36528-7a33-48f9-a871-a72bce406f0b@group-EDF3B1B09235-SegmentedRaftLogWorker was interrupted, exiting. There are 0 tasks remaining in the queue.
2019-10-16 17:21:02,933 [main] INFO  segmented.SegmentedRaftLogWorker (SegmentedRaftLogWorker.java:close(224)) - 21b36528-7a33-48f9-a871-a72bce406f0b@group-EDF3B1B09235-SegmentedRaftLogWorker close()
2019-10-16 17:21:02,935 [main] INFO  impl.RaftServerImpl (RaftServerImpl.java:lambda$shutdown$3(247)) - 21b36528-7a33-48f9-a871-a72bce406f0b@group-C0D9B715BF0F: shutdown
2019-10-16 17:21:02,936 [main] INFO  util.JmxRegister (JmxRegister.java:unregister(73)) - Successfully un-registered JMX Bean with object name Ratis:service=RaftServer,group=group-C0D9B715BF0F,id=21b36528-7a33-48f9-a871-a72bce406f0b
2019-10-16 17:21:02,936 [main] INFO  impl.RoleInfo (RoleInfo.java:shutdownFollowerState(121)) - 21b36528-7a33-48f9-a871-a72bce406f0b: shutdown FollowerState
2019-10-16 17:21:02,937 [main] INFO  impl.StateMachineUpdater (StateMachineUpdater.java:stopAndJoin(136)) - 21b36528-7a33-48f9-a871-a72bce406f0b@group-C0D9B715BF0F-StateMachineUpdater: set stopIndex = -1
2019-10-16 17:21:02,937 [main] INFO  impl.RaftServerImpl (ServerState.java:close(387)) - 21b36528-7a33-48f9-a871-a72bce406f0b@group-C0D9B715BF0F: closes. applyIndex: -1
2019-10-16 17:21:02,937 [Thread-1280] INFO  impl.FollowerState (FollowerState.java:run(117)) - 21b36528-7a33-48f9-a871-a72bce406f0b@group-C0D9B715BF0F-FollowerState was interrupted: java.lang.InterruptedException: sleep interrupted
2019-10-16 17:21:02,937 [21b36528-7a33-48f9-a871-a72bce406f0b@group-C0D9B715BF0F-SegmentedRaftLogWorker] INFO  segmented.SegmentedRaftLogWorker (SegmentedRaftLogWorker.java:run(316)) - 21b36528-7a33-48f9-a871-a72bce406f0b@group-C0D9B715BF0F-SegmentedRaftLogWorker was interrupted, exiting. There are 0 tasks remaining in the queue.
2019-10-16 17:21:02,939 [main] INFO  segmented.SegmentedRaftLogWorker (SegmentedRaftLogWorker.java:close(224)) - 21b36528-7a33-48f9-a871-a72bce406f0b@group-C0D9B715BF0F-SegmentedRaftLogWorker close()
2019-10-16 17:21:02,941 [main] INFO  impl.RaftServerImpl (RaftServerImpl.java:lambda$shutdown$3(247)) - 21b36528-7a33-48f9-a871-a72bce406f0b@group-95D7A0F68A30: shutdown
2019-10-16 17:21:02,941 [main] INFO  util.JmxRegister (JmxRegister.java:unregister(73)) - Successfully un-registered JMX Bean with object name Ratis:service=RaftServer,group=group-95D7A0F68A30,id=21b36528-7a33-48f9-a871-a72bce406f0b
2019-10-16 17:21:02,942 [main] INFO  impl.RoleInfo (RoleInfo.java:shutdownFollowerState(121)) - 21b36528-7a33-48f9-a871-a72bce406f0b: shutdown FollowerState
2019-10-16 17:21:02,942 [main] INFO  impl.StateMachineUpdater (StateMachineUpdater.java:stopAndJoin(136)) - 21b36528-7a33-48f9-a871-a72bce406f0b@group-95D7A0F68A30-StateMachineUpdater: set stopIndex = -1
2019-10-16 17:21:02,942 [Thread-1282] INFO  impl.FollowerState (FollowerState.java:run(117)) - 21b36528-7a33-48f9-a871-a72bce406f0b@group-95D7A0F68A30-FollowerState was interrupted: java.lang.InterruptedException: sleep interrupted
2019-10-16 17:21:02,942 [main] INFO  impl.RaftServerImpl (ServerState.java:close(387)) - 21b36528-7a33-48f9-a871-a72bce406f0b@group-95D7A0F68A30: closes. applyIndex: -1
2019-10-16 17:21:02,944 [21b36528-7a33-48f9-a871-a72bce406f0b@group-95D7A0F68A30-SegmentedRaftLogWorker] INFO  segmented.SegmentedRaftLogWorker (SegmentedRaftLogWorker.java:run(316)) - 21b36528-7a33-48f9-a871-a72bce406f0b@group-95D7A0F68A30-SegmentedRaftLogWorker was interrupted, exiting. There are 0 tasks remaining in the queue.
2019-10-16 17:21:02,945 [main] INFO  segmented.SegmentedRaftLogWorker (SegmentedRaftLogWorker.java:close(224)) - 21b36528-7a33-48f9-a871-a72bce406f0b@group-95D7A0F68A30-SegmentedRaftLogWorker close()
2019-10-16 17:21:02,946 [main] INFO  server.GrpcService (GrpcService.java:closeImpl(164)) - 21b36528-7a33-48f9-a871-a72bce406f0b: shutdown server with port 45999 now
2019-10-16 17:21:02,947 [main] INFO  server.GrpcService (GrpcService.java:closeImpl(172)) - 21b36528-7a33-48f9-a871-a72bce406f0b: shutdown server with port 45999 successfully
2019-10-16 17:21:02,949 [refreshUsed-/workdir/hadoop-ozone/integration-test/target/test-dir/MiniOzoneClusterImpl-d62837be-dbbf-4c13-a31e-440e50fcf132/datanode-5/data/containers] WARN  fs.CachingGetSpaceUsed (CachingGetSpaceUsed.java:run(183)) - Thread Interrupted waiting to refresh disk information: sleep interrupted
2019-10-16 17:21:02,966 [main] INFO  utils.BackgroundService (BackgroundService.java:shutdown(151)) - Shutting down service BlockDeletingService
2019-10-16 17:21:02,970 [main] INFO  statemachine.DatanodeStateMachine (DatanodeStateMachine.java:stopDaemon(395)) - Ozone container server stopped.
2019-10-16 17:21:02,972 [main] INFO  handler.ContextHandler (ContextHandler.java:doStop(910)) - Stopped o.e.j.w.WebAppContext@20580d4e{/,null,UNAVAILABLE}{/hddsDatanode}
2019-10-16 17:21:02,972 [main] INFO  server.AbstractConnector (AbstractConnector.java:doStop(318)) - Stopped ServerConnector@21bd128b{HTTP/1.1,[http/1.1]}{0.0.0.0:0}
2019-10-16 17:21:02,973 [main] INFO  handler.ContextHandler (ContextHandler.java:doStop(910)) - Stopped o.e.j.s.ServletContextHandler@4116f66a{/static,jar:file:/home/user/.m2/repository/org/apache/hadoop/hadoop-hdds-container-service/0.5.0-SNAPSHOT/hadoop-hdds-container-service-0.5.0-SNAPSHOT.jar!/webapps/static,UNAVAILABLE}
2019-10-16 17:21:02,973 [main] INFO  handler.ContextHandler (ContextHandler.java:doStop(910)) - Stopped o.e.j.s.ServletContextHandler@3135bf25{/logs,file:///workdir/hadoop-ozone/integration-test/target/log,UNAVAILABLE}
2019-10-16 17:21:03,408 [Datanode State Machine Thread - 0] INFO  statemachine.DatanodeStateMachine (DatanodeStateMachine.java:lambda$startDaemon$0(350)) - Ozone container server started.
2019-10-16 17:21:03,845 [Thread-1270] INFO  impl.FollowerState (FollowerState.java:run(108)) - 6c17ba67-9052-48ab-b55c-e326bb81c936@group-EDF3B1B09235-FollowerState: change to CANDIDATE, lastRpcTime:1019ms, electionTimeout:1019ms
2019-10-16 17:21:03,845 [Thread-1270] INFO  impl.RoleInfo (RoleInfo.java:shutdownFollowerState(121)) - 6c17ba67-9052-48ab-b55c-e326bb81c936: shutdown FollowerState
2019-10-16 17:21:03,845 [Thread-1270] INFO  impl.RaftServerImpl (RaftServerImpl.java:setRole(170)) - 6c17ba67-9052-48ab-b55c-e326bb81c936@group-EDF3B1B09235: changes role from  FOLLOWER to CANDIDATE at term 0 for changeToCandidate
2019-10-16 17:21:03,846 [Thread-1270] INFO  impl.RoleInfo (RoleInfo.java:updateAndGet(143)) - 6c17ba67-9052-48ab-b55c-e326bb81c936: start LeaderElection
2019-10-16 17:21:03,872 [6c17ba67-9052-48ab-b55c-e326bb81c936@group-EDF3B1B09235-LeaderElection34] INFO  impl.LeaderElection (LeaderElection.java:askForVotes(178)) - 6c17ba67-9052-48ab-b55c-e326bb81c936@group-EDF3B1B09235-LeaderElection34: begin an election at term 1 for -1: [8dfecba1-8cf2-4467-bf71-9131598e36cc:192.168.69.90:35390, 6c17ba67-9052-48ab-b55c-e326bb81c936:192.168.69.90:33518, 21b36528-7a33-48f9-a871-a72bce406f0b:192.168.69.90:45999], old=null
2019-10-16 17:21:03,873 [Thread-1274] INFO  impl.FollowerState (FollowerState.java:run(108)) - 6c17ba67-9052-48ab-b55c-e326bb81c936@group-8363CBFC2677-FollowerState: change to CANDIDATE, lastRpcTime:1040ms, electionTimeout:1040ms
2019-10-16 17:21:03,873 [Thread-1274] INFO  impl.RoleInfo (RoleInfo.java:shutdownFollowerState(121)) - 6c17ba67-9052-48ab-b55c-e326bb81c936: shutdown FollowerState
2019-10-16 17:21:03,873 [Thread-1274] INFO  impl.RaftServerImpl (RaftServerImpl.java:setRole(170)) - 6c17ba67-9052-48ab-b55c-e326bb81c936@group-8363CBFC2677: changes role from  FOLLOWER to CANDIDATE at term 0 for changeToCandidate
2019-10-16 17:21:03,874 [Thread-1274] INFO  impl.RoleInfo (RoleInfo.java:updateAndGet(143)) - 6c17ba67-9052-48ab-b55c-e326bb81c936: start LeaderElection
2019-10-16 17:21:03,879 [6c17ba67-9052-48ab-b55c-e326bb81c936@group-EDF3B1B09235-LeaderElection34] INFO  impl.LeaderElection (LogUtils.java:infoOrTrace(149)) - 6c17ba67-9052-48ab-b55c-e326bb81c936@group-EDF3B1B09235-LeaderElection34 got exception when requesting votes: {}
java.util.concurrent.ExecutionException: org.apache.ratis.thirdparty.io.grpc.StatusRuntimeException: UNAVAILABLE: io exception
	at java.util.concurrent.FutureTask.report(FutureTask.java:122)
	at java.util.concurrent.FutureTask.get(FutureTask.java:192)
	at org.apache.ratis.server.impl.LeaderElection.waitForResults(LeaderElection.java:259)
	at org.apache.ratis.server.impl.LeaderElection.askForVotes(LeaderElection.java:197)
	at org.apache.ratis.server.impl.LeaderElection.run(LeaderElection.java:133)
	at java.lang.Thread.run(Thread.java:748)
Caused by: org.apache.ratis.thirdparty.io.grpc.StatusRuntimeException: UNAVAILABLE: io exception
	at org.apache.ratis.thirdparty.io.grpc.stub.ClientCalls.toStatusRuntimeException(ClientCalls.java:233)
	at org.apache.ratis.thirdparty.io.grpc.stub.ClientCalls.getUnchecked(ClientCalls.java:214)
	at org.apache.ratis.thirdparty.io.grpc.stub.ClientCalls.blockingUnaryCall(ClientCalls.java:139)
	at org.apache.ratis.proto.grpc.RaftServerProtocolServiceGrpc$RaftServerProtocolServiceBlockingStub.requestVote(RaftServerProtocolServiceGrpc.java:265)
	at org.apache.ratis.grpc.server.GrpcServerProtocolClient.requestVote(GrpcServerProtocolClient.java:99)
	at org.apache.ratis.grpc.server.GrpcService.requestVote(GrpcService.java:204)
	at org.apache.ratis.server.impl.LeaderElection.lambda$submitRequests$1(LeaderElection.java:234)
	at java.util.concurrent.FutureTask.run(FutureTask.java:266)
	at java.util.concurrent.Executors$RunnableAdapter.call(Executors.java:511)
	at java.util.concurrent.FutureTask.run(FutureTask.java:266)
	at java.util.concurrent.ThreadPoolExecutor.runWorker(ThreadPoolExecutor.java:1149)
	at java.util.concurrent.ThreadPoolExecutor$Worker.run(ThreadPoolExecutor.java:624)
	... 1 more
Caused by: org.apache.ratis.thirdparty.io.netty.channel.AbstractChannel$AnnotatedConnectException: Connection refused: /192.168.69.90:35390
	at sun.nio.ch.SocketChannelImpl.checkConnect(Native Method)
	at sun.nio.ch.SocketChannelImpl.finishConnect(SocketChannelImpl.java:717)
	at org.apache.ratis.thirdparty.io.netty.channel.socket.nio.NioSocketChannel.doFinishConnect(NioSocketChannel.java:327)
	at org.apache.ratis.thirdparty.io.netty.channel.nio.AbstractNioChannel$AbstractNioUnsafe.finishConnect(AbstractNioChannel.java:340)
	at org.apache.ratis.thirdparty.io.netty.channel.nio.NioEventLoop.processSelectedKey(NioEventLoop.java:632)
	at org.apache.ratis.thirdparty.io.netty.channel.nio.NioEventLoop.processSelectedKeysOptimized(NioEventLoop.java:579)
	at org.apache.ratis.thirdparty.io.netty.channel.nio.NioEventLoop.processSelectedKeys(NioEventLoop.java:496)
	at org.apache.ratis.thirdparty.io.netty.channel.nio.NioEventLoop.run(NioEventLoop.java:458)
	at org.apache.ratis.thirdparty.io.netty.util.concurrent.SingleThreadEventExecutor$5.run(SingleThreadEventExecutor.java:897)
	at org.apache.ratis.thirdparty.io.netty.util.concurrent.FastThreadLocalRunnable.run(FastThreadLocalRunnable.java:30)
	... 1 more
Caused by: java.net.ConnectException: Connection refused
	... 11 more
2019-10-16 17:21:03,881 [6c17ba67-9052-48ab-b55c-e326bb81c936@group-EDF3B1B09235-LeaderElection34] INFO  impl.LeaderElection (LogUtils.java:infoOrTrace(149)) - 6c17ba67-9052-48ab-b55c-e326bb81c936@group-EDF3B1B09235-LeaderElection34 got exception when requesting votes: {}
java.util.concurrent.ExecutionException: org.apache.ratis.thirdparty.io.grpc.StatusRuntimeException: UNAVAILABLE: io exception
	at java.util.concurrent.FutureTask.report(FutureTask.java:122)
	at java.util.concurrent.FutureTask.get(FutureTask.java:192)
	at org.apache.ratis.server.impl.LeaderElection.waitForResults(LeaderElection.java:259)
	at org.apache.ratis.server.impl.LeaderElection.askForVotes(LeaderElection.java:197)
	at org.apache.ratis.server.impl.LeaderElection.run(LeaderElection.java:133)
	at java.lang.Thread.run(Thread.java:748)
Caused by: org.apache.ratis.thirdparty.io.grpc.StatusRuntimeException: UNAVAILABLE: io exception
	at org.apache.ratis.thirdparty.io.grpc.stub.ClientCalls.toStatusRuntimeException(ClientCalls.java:233)
	at org.apache.ratis.thirdparty.io.grpc.stub.ClientCalls.getUnchecked(ClientCalls.java:214)
	at org.apache.ratis.thirdparty.io.grpc.stub.ClientCalls.blockingUnaryCall(ClientCalls.java:139)
	at org.apache.ratis.proto.grpc.RaftServerProtocolServiceGrpc$RaftServerProtocolServiceBlockingStub.requestVote(RaftServerProtocolServiceGrpc.java:265)
	at org.apache.ratis.grpc.server.GrpcServerProtocolClient.requestVote(GrpcServerProtocolClient.java:99)
	at org.apache.ratis.grpc.server.GrpcService.requestVote(GrpcService.java:204)
	at org.apache.ratis.server.impl.LeaderElection.lambda$submitRequests$1(LeaderElection.java:234)
	at java.util.concurrent.FutureTask.run(FutureTask.java:266)
	at java.util.concurrent.Executors$RunnableAdapter.call(Executors.java:511)
	at java.util.concurrent.FutureTask.run(FutureTask.java:266)
	at java.util.concurrent.ThreadPoolExecutor.runWorker(ThreadPoolExecutor.java:1149)
	at java.util.concurrent.ThreadPoolExecutor$Worker.run(ThreadPoolExecutor.java:624)
	... 1 more
Caused by: org.apache.ratis.thirdparty.io.netty.channel.AbstractChannel$AnnotatedConnectException: Connection refused: /192.168.69.90:45999
	at sun.nio.ch.SocketChannelImpl.checkConnect(Native Method)
	at sun.nio.ch.SocketChannelImpl.finishConnect(SocketChannelImpl.java:717)
	at org.apache.ratis.thirdparty.io.netty.channel.socket.nio.NioSocketChannel.doFinishConnect(NioSocketChannel.java:327)
	at org.apache.ratis.thirdparty.io.netty.channel.nio.AbstractNioChannel$AbstractNioUnsafe.finishConnect(AbstractNioChannel.java:340)
	at org.apache.ratis.thirdparty.io.netty.channel.nio.NioEventLoop.processSelectedKey(NioEventLoop.java:632)
	at org.apache.ratis.thirdparty.io.netty.channel.nio.NioEventLoop.processSelectedKeysOptimized(NioEventLoop.java:579)
	at org.apache.ratis.thirdparty.io.netty.channel.nio.NioEventLoop.processSelectedKeys(NioEventLoop.java:496)
	at org.apache.ratis.thirdparty.io.netty.channel.nio.NioEventLoop.run(NioEventLoop.java:458)
	at org.apache.ratis.thirdparty.io.netty.util.concurrent.SingleThreadEventExecutor$5.run(SingleThreadEventExecutor.java:897)
	at org.apache.ratis.thirdparty.io.netty.util.concurrent.FastThreadLocalRunnable.run(FastThreadLocalRunnable.java:30)
	... 1 more
Caused by: java.net.ConnectException: Connection refused
	... 11 more
2019-10-16 17:21:03,882 [6c17ba67-9052-48ab-b55c-e326bb81c936@group-EDF3B1B09235-LeaderElection34] INFO  impl.LeaderElection (LeaderElection.java:logAndReturn(56)) - 6c17ba67-9052-48ab-b55c-e326bb81c936@group-EDF3B1B09235-LeaderElection34: Election REJECTED; received 0 response(s) [] and 2 exception(s); 6c17ba67-9052-48ab-b55c-e326bb81c936@group-EDF3B1B09235:t1, leader=null, voted=6c17ba67-9052-48ab-b55c-e326bb81c936, raftlog=6c17ba67-9052-48ab-b55c-e326bb81c936@group-EDF3B1B09235-SegmentedRaftLog:OPENED:c-1,f-1,i0, conf=-1: [8dfecba1-8cf2-4467-bf71-9131598e36cc:192.168.69.90:35390, 6c17ba67-9052-48ab-b55c-e326bb81c936:192.168.69.90:33518, 21b36528-7a33-48f9-a871-a72bce406f0b:192.168.69.90:45999], old=null
2019-10-16 17:21:03,882 [6c17ba67-9052-48ab-b55c-e326bb81c936@group-EDF3B1B09235-LeaderElection34] INFO  impl.LeaderElection (LogUtils.java:infoOrTrace(149)) -   Exception 0: {}
java.util.concurrent.ExecutionException: org.apache.ratis.thirdparty.io.grpc.StatusRuntimeException: UNAVAILABLE: io exception
	at java.util.concurrent.FutureTask.report(FutureTask.java:122)
	at java.util.concurrent.FutureTask.get(FutureTask.java:192)
	at org.apache.ratis.server.impl.LeaderElection.waitForResults(LeaderElection.java:259)
	at org.apache.ratis.server.impl.LeaderElection.askForVotes(LeaderElection.java:197)
	at org.apache.ratis.server.impl.LeaderElection.run(LeaderElection.java:133)
	at java.lang.Thread.run(Thread.java:748)
Caused by: org.apache.ratis.thirdparty.io.grpc.StatusRuntimeException: UNAVAILABLE: io exception
	at org.apache.ratis.thirdparty.io.grpc.stub.ClientCalls.toStatusRuntimeException(ClientCalls.java:233)
	at org.apache.ratis.thirdparty.io.grpc.stub.ClientCalls.getUnchecked(ClientCalls.java:214)
	at org.apache.ratis.thirdparty.io.grpc.stub.ClientCalls.blockingUnaryCall(ClientCalls.java:139)
	at org.apache.ratis.proto.grpc.RaftServerProtocolServiceGrpc$RaftServerProtocolServiceBlockingStub.requestVote(RaftServerProtocolServiceGrpc.java:265)
	at org.apache.ratis.grpc.server.GrpcServerProtocolClient.requestVote(GrpcServerProtocolClient.java:99)
	at org.apache.ratis.grpc.server.GrpcService.requestVote(GrpcService.java:204)
	at org.apache.ratis.server.impl.LeaderElection.lambda$submitRequests$1(LeaderElection.java:234)
	at java.util.concurrent.FutureTask.run(FutureTask.java:266)
	at java.util.concurrent.Executors$RunnableAdapter.call(Executors.java:511)
	at java.util.concurrent.FutureTask.run(FutureTask.java:266)
	at java.util.concurrent.ThreadPoolExecutor.runWorker(ThreadPoolExecutor.java:1149)
	at java.util.concurrent.ThreadPoolExecutor$Worker.run(ThreadPoolExecutor.java:624)
	... 1 more
Caused by: org.apache.ratis.thirdparty.io.netty.channel.AbstractChannel$AnnotatedConnectException: Connection refused: /192.168.69.90:35390
	at sun.nio.ch.SocketChannelImpl.checkConnect(Native Method)
	at sun.nio.ch.SocketChannelImpl.finishConnect(SocketChannelImpl.java:717)
	at org.apache.ratis.thirdparty.io.netty.channel.socket.nio.NioSocketChannel.doFinishConnect(NioSocketChannel.java:327)
	at org.apache.ratis.thirdparty.io.netty.channel.nio.AbstractNioChannel$AbstractNioUnsafe.finishConnect(AbstractNioChannel.java:340)
	at org.apache.ratis.thirdparty.io.netty.channel.nio.NioEventLoop.processSelectedKey(NioEventLoop.java:632)
	at org.apache.ratis.thirdparty.io.netty.channel.nio.NioEventLoop.processSelectedKeysOptimized(NioEventLoop.java:579)
	at org.apache.ratis.thirdparty.io.netty.channel.nio.NioEventLoop.processSelectedKeys(NioEventLoop.java:496)
	at org.apache.ratis.thirdparty.io.netty.channel.nio.NioEventLoop.run(NioEventLoop.java:458)
	at org.apache.ratis.thirdparty.io.netty.util.concurrent.SingleThreadEventExecutor$5.run(SingleThreadEventExecutor.java:897)
	at org.apache.ratis.thirdparty.io.netty.util.concurrent.FastThreadLocalRunnable.run(FastThreadLocalRunnable.java:30)
	... 1 more
Caused by: java.net.ConnectException: Connection refused
	... 11 more
2019-10-16 17:21:03,883 [6c17ba67-9052-48ab-b55c-e326bb81c936@group-EDF3B1B09235-LeaderElection34] INFO  impl.LeaderElection (LogUtils.java:infoOrTrace(149)) -   Exception 1: {}
java.util.concurrent.ExecutionException: org.apache.ratis.thirdparty.io.grpc.StatusRuntimeException: UNAVAILABLE: io exception
	at java.util.concurrent.FutureTask.report(FutureTask.java:122)
	at java.util.concurrent.FutureTask.get(FutureTask.java:192)
	at org.apache.ratis.server.impl.LeaderElection.waitForResults(LeaderElection.java:259)
	at org.apache.ratis.server.impl.LeaderElection.askForVotes(LeaderElection.java:197)
	at org.apache.ratis.server.impl.LeaderElection.run(LeaderElection.java:133)
	at java.lang.Thread.run(Thread.java:748)
Caused by: org.apache.ratis.thirdparty.io.grpc.StatusRuntimeException: UNAVAILABLE: io exception
	at org.apache.ratis.thirdparty.io.grpc.stub.ClientCalls.toStatusRuntimeException(ClientCalls.java:233)
	at org.apache.ratis.thirdparty.io.grpc.stub.ClientCalls.getUnchecked(ClientCalls.java:214)
	at org.apache.ratis.thirdparty.io.grpc.stub.ClientCalls.blockingUnaryCall(ClientCalls.java:139)
	at org.apache.ratis.proto.grpc.RaftServerProtocolServiceGrpc$RaftServerProtocolServiceBlockingStub.requestVote(RaftServerProtocolServiceGrpc.java:265)
	at org.apache.ratis.grpc.server.GrpcServerProtocolClient.requestVote(GrpcServerProtocolClient.java:99)
	at org.apache.ratis.grpc.server.GrpcService.requestVote(GrpcService.java:204)
	at org.apache.ratis.server.impl.LeaderElection.lambda$submitRequests$1(LeaderElection.java:234)
	at java.util.concurrent.FutureTask.run(FutureTask.java:266)
	at java.util.concurrent.Executors$RunnableAdapter.call(Executors.java:511)
	at java.util.concurrent.FutureTask.run(FutureTask.java:266)
	at java.util.concurrent.ThreadPoolExecutor.runWorker(ThreadPoolExecutor.java:1149)
	at java.util.concurrent.ThreadPoolExecutor$Worker.run(ThreadPoolExecutor.java:624)
	... 1 more
Caused by: org.apache.ratis.thirdparty.io.netty.channel.AbstractChannel$AnnotatedConnectException: Connection refused: /192.168.69.90:45999
	at sun.nio.ch.SocketChannelImpl.checkConnect(Native Method)
	at sun.nio.ch.SocketChannelImpl.finishConnect(SocketChannelImpl.java:717)
	at org.apache.ratis.thirdparty.io.netty.channel.socket.nio.NioSocketChannel.doFinishConnect(NioSocketChannel.java:327)
	at org.apache.ratis.thirdparty.io.netty.channel.nio.AbstractNioChannel$AbstractNioUnsafe.finishConnect(AbstractNioChannel.java:340)
	at org.apache.ratis.thirdparty.io.netty.channel.nio.NioEventLoop.processSelectedKey(NioEventLoop.java:632)
	at org.apache.ratis.thirdparty.io.netty.channel.nio.NioEventLoop.processSelectedKeysOptimized(NioEventLoop.java:579)
	at org.apache.ratis.thirdparty.io.netty.channel.nio.NioEventLoop.processSelectedKeys(NioEventLoop.java:496)
	at org.apache.ratis.thirdparty.io.netty.channel.nio.NioEventLoop.run(NioEventLoop.java:458)
	at org.apache.ratis.thirdparty.io.netty.util.concurrent.SingleThreadEventExecutor$5.run(SingleThreadEventExecutor.java:897)
	at org.apache.ratis.thirdparty.io.netty.util.concurrent.FastThreadLocalRunnable.run(FastThreadLocalRunnable.java:30)
	... 1 more
Caused by: java.net.ConnectException: Connection refused
	... 11 more
2019-10-16 17:21:03,884 [6c17ba67-9052-48ab-b55c-e326bb81c936@group-EDF3B1B09235-LeaderElection34] INFO  impl.RaftServerImpl (RaftServerImpl.java:setRole(170)) - 6c17ba67-9052-48ab-b55c-e326bb81c936@group-EDF3B1B09235: changes role from CANDIDATE to FOLLOWER at term 1 for DISCOVERED_A_NEW_TERM
2019-10-16 17:21:03,884 [6c17ba67-9052-48ab-b55c-e326bb81c936@group-EDF3B1B09235-LeaderElection34] INFO  impl.RoleInfo (RoleInfo.java:shutdownLeaderElection(134)) - 6c17ba67-9052-48ab-b55c-e326bb81c936: shutdown LeaderElection
2019-10-16 17:21:03,884 [6c17ba67-9052-48ab-b55c-e326bb81c936@group-EDF3B1B09235-LeaderElection34] INFO  impl.RoleInfo (RoleInfo.java:updateAndGet(143)) - 6c17ba67-9052-48ab-b55c-e326bb81c936: start FollowerState
2019-10-16 17:21:03,891 [6c17ba67-9052-48ab-b55c-e326bb81c936@group-8363CBFC2677-LeaderElection35] INFO  impl.LeaderElection (LeaderElection.java:askForVotes(178)) - 6c17ba67-9052-48ab-b55c-e326bb81c936@group-8363CBFC2677-LeaderElection35: begin an election at term 1 for -1: [8dfecba1-8cf2-4467-bf71-9131598e36cc:192.168.69.90:35390, 6c17ba67-9052-48ab-b55c-e326bb81c936:192.168.69.90:33518, 21b36528-7a33-48f9-a871-a72bce406f0b:192.168.69.90:45999], old=null
2019-10-16 17:21:03,893 [6c17ba67-9052-48ab-b55c-e326bb81c936@group-8363CBFC2677-LeaderElection35] INFO  impl.LeaderElection (LogUtils.java:infoOrTrace(149)) - 6c17ba67-9052-48ab-b55c-e326bb81c936@group-8363CBFC2677-LeaderElection35 got exception when requesting votes: {}
java.util.concurrent.ExecutionException: org.apache.ratis.thirdparty.io.grpc.StatusRuntimeException: UNAVAILABLE: io exception
	at java.util.concurrent.FutureTask.report(FutureTask.java:122)
	at java.util.concurrent.FutureTask.get(FutureTask.java:192)
	at org.apache.ratis.server.impl.LeaderElection.waitForResults(LeaderElection.java:259)
	at org.apache.ratis.server.impl.LeaderElection.askForVotes(LeaderElection.java:197)
	at org.apache.ratis.server.impl.LeaderElection.run(LeaderElection.java:133)
	at java.lang.Thread.run(Thread.java:748)
Caused by: org.apache.ratis.thirdparty.io.grpc.StatusRuntimeException: UNAVAILABLE: io exception
	at org.apache.ratis.thirdparty.io.grpc.stub.ClientCalls.toStatusRuntimeException(ClientCalls.java:233)
	at org.apache.ratis.thirdparty.io.grpc.stub.ClientCalls.getUnchecked(ClientCalls.java:214)
	at org.apache.ratis.thirdparty.io.grpc.stub.ClientCalls.blockingUnaryCall(ClientCalls.java:139)
	at org.apache.ratis.proto.grpc.RaftServerProtocolServiceGrpc$RaftServerProtocolServiceBlockingStub.requestVote(RaftServerProtocolServiceGrpc.java:265)
	at org.apache.ratis.grpc.server.GrpcServerProtocolClient.requestVote(GrpcServerProtocolClient.java:99)
	at org.apache.ratis.grpc.server.GrpcService.requestVote(GrpcService.java:204)
	at org.apache.ratis.server.impl.LeaderElection.lambda$submitRequests$1(LeaderElection.java:234)
	at java.util.concurrent.FutureTask.run(FutureTask.java:266)
	at java.util.concurrent.Executors$RunnableAdapter.call(Executors.java:511)
	at java.util.concurrent.FutureTask.run(FutureTask.java:266)
	at java.util.concurrent.ThreadPoolExecutor.runWorker(ThreadPoolExecutor.java:1149)
	at java.util.concurrent.ThreadPoolExecutor$Worker.run(ThreadPoolExecutor.java:624)
	... 1 more
Caused by: org.apache.ratis.thirdparty.io.netty.channel.AbstractChannel$AnnotatedConnectException: Connection refused: /192.168.69.90:35390
	at sun.nio.ch.SocketChannelImpl.checkConnect(Native Method)
	at sun.nio.ch.SocketChannelImpl.finishConnect(SocketChannelImpl.java:717)
	at org.apache.ratis.thirdparty.io.netty.channel.socket.nio.NioSocketChannel.doFinishConnect(NioSocketChannel.java:327)
	at org.apache.ratis.thirdparty.io.netty.channel.nio.AbstractNioChannel$AbstractNioUnsafe.finishConnect(AbstractNioChannel.java:340)
	at org.apache.ratis.thirdparty.io.netty.channel.nio.NioEventLoop.processSelectedKey(NioEventLoop.java:632)
	at org.apache.ratis.thirdparty.io.netty.channel.nio.NioEventLoop.processSelectedKeysOptimized(NioEventLoop.java:579)
	at org.apache.ratis.thirdparty.io.netty.channel.nio.NioEventLoop.processSelectedKeys(NioEventLoop.java:496)
	at org.apache.ratis.thirdparty.io.netty.channel.nio.NioEventLoop.run(NioEventLoop.java:458)
	at org.apache.ratis.thirdparty.io.netty.util.concurrent.SingleThreadEventExecutor$5.run(SingleThreadEventExecutor.java:897)
	at org.apache.ratis.thirdparty.io.netty.util.concurrent.FastThreadLocalRunnable.run(FastThreadLocalRunnable.java:30)
	... 1 more
Caused by: java.net.ConnectException: Connection refused
	... 11 more
2019-10-16 17:21:03,895 [6c17ba67-9052-48ab-b55c-e326bb81c936@group-8363CBFC2677-LeaderElection35] INFO  impl.LeaderElection (LogUtils.java:infoOrTrace(149)) - 6c17ba67-9052-48ab-b55c-e326bb81c936@group-8363CBFC2677-LeaderElection35 got exception when requesting votes: {}
java.util.concurrent.ExecutionException: org.apache.ratis.thirdparty.io.grpc.StatusRuntimeException: UNAVAILABLE: io exception
	at java.util.concurrent.FutureTask.report(FutureTask.java:122)
	at java.util.concurrent.FutureTask.get(FutureTask.java:192)
	at org.apache.ratis.server.impl.LeaderElection.waitForResults(LeaderElection.java:259)
	at org.apache.ratis.server.impl.LeaderElection.askForVotes(LeaderElection.java:197)
	at org.apache.ratis.server.impl.LeaderElection.run(LeaderElection.java:133)
	at java.lang.Thread.run(Thread.java:748)
Caused by: org.apache.ratis.thirdparty.io.grpc.StatusRuntimeException: UNAVAILABLE: io exception
	at org.apache.ratis.thirdparty.io.grpc.stub.ClientCalls.toStatusRuntimeException(ClientCalls.java:233)
	at org.apache.ratis.thirdparty.io.grpc.stub.ClientCalls.getUnchecked(ClientCalls.java:214)
	at org.apache.ratis.thirdparty.io.grpc.stub.ClientCalls.blockingUnaryCall(ClientCalls.java:139)
	at org.apache.ratis.proto.grpc.RaftServerProtocolServiceGrpc$RaftServerProtocolServiceBlockingStub.requestVote(RaftServerProtocolServiceGrpc.java:265)
	at org.apache.ratis.grpc.server.GrpcServerProtocolClient.requestVote(GrpcServerProtocolClient.java:99)
	at org.apache.ratis.grpc.server.GrpcService.requestVote(GrpcService.java:204)
	at org.apache.ratis.server.impl.LeaderElection.lambda$submitRequests$1(LeaderElection.java:234)
	at java.util.concurrent.FutureTask.run(FutureTask.java:266)
	at java.util.concurrent.Executors$RunnableAdapter.call(Executors.java:511)
	at java.util.concurrent.FutureTask.run(FutureTask.java:266)
	at java.util.concurrent.ThreadPoolExecutor.runWorker(ThreadPoolExecutor.java:1149)
	at java.util.concurrent.ThreadPoolExecutor$Worker.run(ThreadPoolExecutor.java:624)
	... 1 more
Caused by: org.apache.ratis.thirdparty.io.netty.channel.AbstractChannel$AnnotatedConnectException: Connection refused: /192.168.69.90:45999
	at sun.nio.ch.SocketChannelImpl.checkConnect(Native Method)
	at sun.nio.ch.SocketChannelImpl.finishConnect(SocketChannelImpl.java:717)
	at org.apache.ratis.thirdparty.io.netty.channel.socket.nio.NioSocketChannel.doFinishConnect(NioSocketChannel.java:327)
	at org.apache.ratis.thirdparty.io.netty.channel.nio.AbstractNioChannel$AbstractNioUnsafe.finishConnect(AbstractNioChannel.java:340)
	at org.apache.ratis.thirdparty.io.netty.channel.nio.NioEventLoop.processSelectedKey(NioEventLoop.java:632)
	at org.apache.ratis.thirdparty.io.netty.channel.nio.NioEventLoop.processSelectedKeysOptimized(NioEventLoop.java:579)
	at org.apache.ratis.thirdparty.io.netty.channel.nio.NioEventLoop.processSelectedKeys(NioEventLoop.java:496)
	at org.apache.ratis.thirdparty.io.netty.channel.nio.NioEventLoop.run(NioEventLoop.java:458)
	at org.apache.ratis.thirdparty.io.netty.util.concurrent.SingleThreadEventExecutor$5.run(SingleThreadEventExecutor.java:897)
	at org.apache.ratis.thirdparty.io.netty.util.concurrent.FastThreadLocalRunnable.run(FastThreadLocalRunnable.java:30)
	... 1 more
Caused by: java.net.ConnectException: Connection refused
	... 11 more
2019-10-16 17:21:03,896 [6c17ba67-9052-48ab-b55c-e326bb81c936@group-8363CBFC2677-LeaderElection35] INFO  impl.LeaderElection (LeaderElection.java:logAndReturn(56)) - 6c17ba67-9052-48ab-b55c-e326bb81c936@group-8363CBFC2677-LeaderElection35: Election REJECTED; received 0 response(s) [] and 2 exception(s); 6c17ba67-9052-48ab-b55c-e326bb81c936@group-8363CBFC2677:t1, leader=null, voted=6c17ba67-9052-48ab-b55c-e326bb81c936, raftlog=6c17ba67-9052-48ab-b55c-e326bb81c936@group-8363CBFC2677-SegmentedRaftLog:OPENED:c-1,f-1,i0, conf=-1: [8dfecba1-8cf2-4467-bf71-9131598e36cc:192.168.69.90:35390, 6c17ba67-9052-48ab-b55c-e326bb81c936:192.168.69.90:33518, 21b36528-7a33-48f9-a871-a72bce406f0b:192.168.69.90:45999], old=null
2019-10-16 17:21:03,896 [6c17ba67-9052-48ab-b55c-e326bb81c936@group-8363CBFC2677-LeaderElection35] INFO  impl.LeaderElection (LogUtils.java:infoOrTrace(149)) -   Exception 0: {}
java.util.concurrent.ExecutionException: org.apache.ratis.thirdparty.io.grpc.StatusRuntimeException: UNAVAILABLE: io exception
	at java.util.concurrent.FutureTask.report(FutureTask.java:122)
	at java.util.concurrent.FutureTask.get(FutureTask.java:192)
	at org.apache.ratis.server.impl.LeaderElection.waitForResults(LeaderElection.java:259)
	at org.apache.ratis.server.impl.LeaderElection.askForVotes(LeaderElection.java:197)
	at org.apache.ratis.server.impl.LeaderElection.run(LeaderElection.java:133)
	at java.lang.Thread.run(Thread.java:748)
Caused by: org.apache.ratis.thirdparty.io.grpc.StatusRuntimeException: UNAVAILABLE: io exception
	at org.apache.ratis.thirdparty.io.grpc.stub.ClientCalls.toStatusRuntimeException(ClientCalls.java:233)
	at org.apache.ratis.thirdparty.io.grpc.stub.ClientCalls.getUnchecked(ClientCalls.java:214)
	at org.apache.ratis.thirdparty.io.grpc.stub.ClientCalls.blockingUnaryCall(ClientCalls.java:139)
	at org.apache.ratis.proto.grpc.RaftServerProtocolServiceGrpc$RaftServerProtocolServiceBlockingStub.requestVote(RaftServerProtocolServiceGrpc.java:265)
	at org.apache.ratis.grpc.server.GrpcServerProtocolClient.requestVote(GrpcServerProtocolClient.java:99)
	at org.apache.ratis.grpc.server.GrpcService.requestVote(GrpcService.java:204)
	at org.apache.ratis.server.impl.LeaderElection.lambda$submitRequests$1(LeaderElection.java:234)
	at java.util.concurrent.FutureTask.run(FutureTask.java:266)
	at java.util.concurrent.Executors$RunnableAdapter.call(Executors.java:511)
	at java.util.concurrent.FutureTask.run(FutureTask.java:266)
	at java.util.concurrent.ThreadPoolExecutor.runWorker(ThreadPoolExecutor.java:1149)
	at java.util.concurrent.ThreadPoolExecutor$Worker.run(ThreadPoolExecutor.java:624)
	... 1 more
Caused by: org.apache.ratis.thirdparty.io.netty.channel.AbstractChannel$AnnotatedConnectException: Connection refused: /192.168.69.90:35390
	at sun.nio.ch.SocketChannelImpl.checkConnect(Native Method)
	at sun.nio.ch.SocketChannelImpl.finishConnect(SocketChannelImpl.java:717)
	at org.apache.ratis.thirdparty.io.netty.channel.socket.nio.NioSocketChannel.doFinishConnect(NioSocketChannel.java:327)
	at org.apache.ratis.thirdparty.io.netty.channel.nio.AbstractNioChannel$AbstractNioUnsafe.finishConnect(AbstractNioChannel.java:340)
	at org.apache.ratis.thirdparty.io.netty.channel.nio.NioEventLoop.processSelectedKey(NioEventLoop.java:632)
	at org.apache.ratis.thirdparty.io.netty.channel.nio.NioEventLoop.processSelectedKeysOptimized(NioEventLoop.java:579)
	at org.apache.ratis.thirdparty.io.netty.channel.nio.NioEventLoop.processSelectedKeys(NioEventLoop.java:496)
	at org.apache.ratis.thirdparty.io.netty.channel.nio.NioEventLoop.run(NioEventLoop.java:458)
	at org.apache.ratis.thirdparty.io.netty.util.concurrent.SingleThreadEventExecutor$5.run(SingleThreadEventExecutor.java:897)
	at org.apache.ratis.thirdparty.io.netty.util.concurrent.FastThreadLocalRunnable.run(FastThreadLocalRunnable.java:30)
	... 1 more
Caused by: java.net.ConnectException: Connection refused
	... 11 more
2019-10-16 17:21:03,896 [6c17ba67-9052-48ab-b55c-e326bb81c936@group-8363CBFC2677-LeaderElection35] INFO  impl.LeaderElection (LogUtils.java:infoOrTrace(149)) -   Exception 1: {}
java.util.concurrent.ExecutionException: org.apache.ratis.thirdparty.io.grpc.StatusRuntimeException: UNAVAILABLE: io exception
	at java.util.concurrent.FutureTask.report(FutureTask.java:122)
	at java.util.concurrent.FutureTask.get(FutureTask.java:192)
	at org.apache.ratis.server.impl.LeaderElection.waitForResults(LeaderElection.java:259)
	at org.apache.ratis.server.impl.LeaderElection.askForVotes(LeaderElection.java:197)
	at org.apache.ratis.server.impl.LeaderElection.run(LeaderElection.java:133)
	at java.lang.Thread.run(Thread.java:748)
Caused by: org.apache.ratis.thirdparty.io.grpc.StatusRuntimeException: UNAVAILABLE: io exception
	at org.apache.ratis.thirdparty.io.grpc.stub.ClientCalls.toStatusRuntimeException(ClientCalls.java:233)
	at org.apache.ratis.thirdparty.io.grpc.stub.ClientCalls.getUnchecked(ClientCalls.java:214)
	at org.apache.ratis.thirdparty.io.grpc.stub.ClientCalls.blockingUnaryCall(ClientCalls.java:139)
	at org.apache.ratis.proto.grpc.RaftServerProtocolServiceGrpc$RaftServerProtocolServiceBlockingStub.requestVote(RaftServerProtocolServiceGrpc.java:265)
	at org.apache.ratis.grpc.server.GrpcServerProtocolClient.requestVote(GrpcServerProtocolClient.java:99)
	at org.apache.ratis.grpc.server.GrpcService.requestVote(GrpcService.java:204)
	at org.apache.ratis.server.impl.LeaderElection.lambda$submitRequests$1(LeaderElection.java:234)
	at java.util.concurrent.FutureTask.run(FutureTask.java:266)
	at java.util.concurrent.Executors$RunnableAdapter.call(Executors.java:511)
	at java.util.concurrent.FutureTask.run(FutureTask.java:266)
	at java.util.concurrent.ThreadPoolExecutor.runWorker(ThreadPoolExecutor.java:1149)
	at java.util.concurrent.ThreadPoolExecutor$Worker.run(ThreadPoolExecutor.java:624)
	... 1 more
Caused by: org.apache.ratis.thirdparty.io.netty.channel.AbstractChannel$AnnotatedConnectException: Connection refused: /192.168.69.90:45999
	at sun.nio.ch.SocketChannelImpl.checkConnect(Native Method)
	at sun.nio.ch.SocketChannelImpl.finishConnect(SocketChannelImpl.java:717)
	at org.apache.ratis.thirdparty.io.netty.channel.socket.nio.NioSocketChannel.doFinishConnect(NioSocketChannel.java:327)
	at org.apache.ratis.thirdparty.io.netty.channel.nio.AbstractNioChannel$AbstractNioUnsafe.finishConnect(AbstractNioChannel.java:340)
	at org.apache.ratis.thirdparty.io.netty.channel.nio.NioEventLoop.processSelectedKey(NioEventLoop.java:632)
	at org.apache.ratis.thirdparty.io.netty.channel.nio.NioEventLoop.processSelectedKeysOptimized(NioEventLoop.java:579)
	at org.apache.ratis.thirdparty.io.netty.channel.nio.NioEventLoop.processSelectedKeys(NioEventLoop.java:496)
	at org.apache.ratis.thirdparty.io.netty.channel.nio.NioEventLoop.run(NioEventLoop.java:458)
	at org.apache.ratis.thirdparty.io.netty.util.concurrent.SingleThreadEventExecutor$5.run(SingleThreadEventExecutor.java:897)
	at org.apache.ratis.thirdparty.io.netty.util.concurrent.FastThreadLocalRunnable.run(FastThreadLocalRunnable.java:30)
	... 1 more
Caused by: java.net.ConnectException: Connection refused
	... 11 more
2019-10-16 17:21:03,897 [6c17ba67-9052-48ab-b55c-e326bb81c936@group-8363CBFC2677-LeaderElection35] INFO  impl.RaftServerImpl (RaftServerImpl.java:setRole(170)) - 6c17ba67-9052-48ab-b55c-e326bb81c936@group-8363CBFC2677: changes role from CANDIDATE to FOLLOWER at term 1 for DISCOVERED_A_NEW_TERM
2019-10-16 17:21:03,897 [6c17ba67-9052-48ab-b55c-e326bb81c936@group-8363CBFC2677-LeaderElection35] INFO  impl.RoleInfo (RoleInfo.java:shutdownLeaderElection(134)) - 6c17ba67-9052-48ab-b55c-e326bb81c936: shutdown LeaderElection
2019-10-16 17:21:03,897 [6c17ba67-9052-48ab-b55c-e326bb81c936@group-8363CBFC2677-LeaderElection35] INFO  impl.RoleInfo (RoleInfo.java:updateAndGet(143)) - 6c17ba67-9052-48ab-b55c-e326bb81c936: start FollowerState
2019-10-16 17:21:03,907 [Thread-1272] INFO  impl.FollowerState (FollowerState.java:run(108)) - 6c17ba67-9052-48ab-b55c-e326bb81c936@group-95D7A0F68A30-FollowerState: change to CANDIDATE, lastRpcTime:1077ms, electionTimeout:1077ms
2019-10-16 17:21:03,908 [Thread-1272] INFO  impl.RoleInfo (RoleInfo.java:shutdownFollowerState(121)) - 6c17ba67-9052-48ab-b55c-e326bb81c936: shutdown FollowerState
2019-10-16 17:21:03,909 [Thread-1272] INFO  impl.RaftServerImpl (RaftServerImpl.java:setRole(170)) - 6c17ba67-9052-48ab-b55c-e326bb81c936@group-95D7A0F68A30: changes role from  FOLLOWER to CANDIDATE at term 0 for changeToCandidate
2019-10-16 17:21:03,909 [Thread-1272] INFO  impl.RoleInfo (RoleInfo.java:updateAndGet(143)) - 6c17ba67-9052-48ab-b55c-e326bb81c936: start LeaderElection
2019-10-16 17:21:03,925 [6c17ba67-9052-48ab-b55c-e326bb81c936@group-95D7A0F68A30-LeaderElection36] INFO  impl.LeaderElection (LeaderElection.java:askForVotes(178)) - 6c17ba67-9052-48ab-b55c-e326bb81c936@group-95D7A0F68A30-LeaderElection36: begin an election at term 1 for -1: [8dfecba1-8cf2-4467-bf71-9131598e36cc:192.168.69.90:35390, 6c17ba67-9052-48ab-b55c-e326bb81c936:192.168.69.90:33518, 21b36528-7a33-48f9-a871-a72bce406f0b:192.168.69.90:45999], old=null
2019-10-16 17:21:03,927 [6c17ba67-9052-48ab-b55c-e326bb81c936@group-95D7A0F68A30-LeaderElection36] INFO  impl.LeaderElection (LogUtils.java:infoOrTrace(149)) - 6c17ba67-9052-48ab-b55c-e326bb81c936@group-95D7A0F68A30-LeaderElection36 got exception when requesting votes: {}
java.util.concurrent.ExecutionException: org.apache.ratis.thirdparty.io.grpc.StatusRuntimeException: UNAVAILABLE: io exception
	at java.util.concurrent.FutureTask.report(FutureTask.java:122)
	at java.util.concurrent.FutureTask.get(FutureTask.java:192)
	at org.apache.ratis.server.impl.LeaderElection.waitForResults(LeaderElection.java:259)
	at org.apache.ratis.server.impl.LeaderElection.askForVotes(LeaderElection.java:197)
	at org.apache.ratis.server.impl.LeaderElection.run(LeaderElection.java:133)
	at java.lang.Thread.run(Thread.java:748)
Caused by: org.apache.ratis.thirdparty.io.grpc.StatusRuntimeException: UNAVAILABLE: io exception
	at org.apache.ratis.thirdparty.io.grpc.stub.ClientCalls.toStatusRuntimeException(ClientCalls.java:233)
	at org.apache.ratis.thirdparty.io.grpc.stub.ClientCalls.getUnchecked(ClientCalls.java:214)
	at org.apache.ratis.thirdparty.io.grpc.stub.ClientCalls.blockingUnaryCall(ClientCalls.java:139)
	at org.apache.ratis.proto.grpc.RaftServerProtocolServiceGrpc$RaftServerProtocolServiceBlockingStub.requestVote(RaftServerProtocolServiceGrpc.java:265)
	at org.apache.ratis.grpc.server.GrpcServerProtocolClient.requestVote(GrpcServerProtocolClient.java:99)
	at org.apache.ratis.grpc.server.GrpcService.requestVote(GrpcService.java:204)
	at org.apache.ratis.server.impl.LeaderElection.lambda$submitRequests$1(LeaderElection.java:234)
	at java.util.concurrent.FutureTask.run(FutureTask.java:266)
	at java.util.concurrent.Executors$RunnableAdapter.call(Executors.java:511)
	at java.util.concurrent.FutureTask.run(FutureTask.java:266)
	at java.util.concurrent.ThreadPoolExecutor.runWorker(ThreadPoolExecutor.java:1149)
	at java.util.concurrent.ThreadPoolExecutor$Worker.run(ThreadPoolExecutor.java:624)
	... 1 more
Caused by: org.apache.ratis.thirdparty.io.netty.channel.AbstractChannel$AnnotatedConnectException: Connection refused: /192.168.69.90:45999
	at sun.nio.ch.SocketChannelImpl.checkConnect(Native Method)
	at sun.nio.ch.SocketChannelImpl.finishConnect(SocketChannelImpl.java:717)
	at org.apache.ratis.thirdparty.io.netty.channel.socket.nio.NioSocketChannel.doFinishConnect(NioSocketChannel.java:327)
	at org.apache.ratis.thirdparty.io.netty.channel.nio.AbstractNioChannel$AbstractNioUnsafe.finishConnect(AbstractNioChannel.java:340)
	at org.apache.ratis.thirdparty.io.netty.channel.nio.NioEventLoop.processSelectedKey(NioEventLoop.java:632)
	at org.apache.ratis.thirdparty.io.netty.channel.nio.NioEventLoop.processSelectedKeysOptimized(NioEventLoop.java:579)
	at org.apache.ratis.thirdparty.io.netty.channel.nio.NioEventLoop.processSelectedKeys(NioEventLoop.java:496)
	at org.apache.ratis.thirdparty.io.netty.channel.nio.NioEventLoop.run(NioEventLoop.java:458)
	at org.apache.ratis.thirdparty.io.netty.util.concurrent.SingleThreadEventExecutor$5.run(SingleThreadEventExecutor.java:897)
	at org.apache.ratis.thirdparty.io.netty.util.concurrent.FastThreadLocalRunnable.run(FastThreadLocalRunnable.java:30)
	... 1 more
Caused by: java.net.ConnectException: Connection refused
	... 11 more
2019-10-16 17:21:03,929 [6c17ba67-9052-48ab-b55c-e326bb81c936@group-95D7A0F68A30-LeaderElection36] INFO  impl.LeaderElection (LogUtils.java:infoOrTrace(149)) - 6c17ba67-9052-48ab-b55c-e326bb81c936@group-95D7A0F68A30-LeaderElection36 got exception when requesting votes: {}
java.util.concurrent.ExecutionException: org.apache.ratis.thirdparty.io.grpc.StatusRuntimeException: UNAVAILABLE: io exception
	at java.util.concurrent.FutureTask.report(FutureTask.java:122)
	at java.util.concurrent.FutureTask.get(FutureTask.java:192)
	at org.apache.ratis.server.impl.LeaderElection.waitForResults(LeaderElection.java:259)
	at org.apache.ratis.server.impl.LeaderElection.askForVotes(LeaderElection.java:197)
	at org.apache.ratis.server.impl.LeaderElection.run(LeaderElection.java:133)
	at java.lang.Thread.run(Thread.java:748)
Caused by: org.apache.ratis.thirdparty.io.grpc.StatusRuntimeException: UNAVAILABLE: io exception
	at org.apache.ratis.thirdparty.io.grpc.stub.ClientCalls.toStatusRuntimeException(ClientCalls.java:233)
	at org.apache.ratis.thirdparty.io.grpc.stub.ClientCalls.getUnchecked(ClientCalls.java:214)
	at org.apache.ratis.thirdparty.io.grpc.stub.ClientCalls.blockingUnaryCall(ClientCalls.java:139)
	at org.apache.ratis.proto.grpc.RaftServerProtocolServiceGrpc$RaftServerProtocolServiceBlockingStub.requestVote(RaftServerProtocolServiceGrpc.java:265)
	at org.apache.ratis.grpc.server.GrpcServerProtocolClient.requestVote(GrpcServerProtocolClient.java:99)
	at org.apache.ratis.grpc.server.GrpcService.requestVote(GrpcService.java:204)
	at org.apache.ratis.server.impl.LeaderElection.lambda$submitRequests$1(LeaderElection.java:234)
	at java.util.concurrent.FutureTask.run(FutureTask.java:266)
	at java.util.concurrent.Executors$RunnableAdapter.call(Executors.java:511)
	at java.util.concurrent.FutureTask.run(FutureTask.java:266)
	at java.util.concurrent.ThreadPoolExecutor.runWorker(ThreadPoolExecutor.java:1149)
	at java.util.concurrent.ThreadPoolExecutor$Worker.run(ThreadPoolExecutor.java:624)
	... 1 more
Caused by: org.apache.ratis.thirdparty.io.netty.channel.AbstractChannel$AnnotatedConnectException: Connection refused: /192.168.69.90:35390
	at sun.nio.ch.SocketChannelImpl.checkConnect(Native Method)
	at sun.nio.ch.SocketChannelImpl.finishConnect(SocketChannelImpl.java:717)
	at org.apache.ratis.thirdparty.io.netty.channel.socket.nio.NioSocketChannel.doFinishConnect(NioSocketChannel.java:327)
	at org.apache.ratis.thirdparty.io.netty.channel.nio.AbstractNioChannel$AbstractNioUnsafe.finishConnect(AbstractNioChannel.java:340)
	at org.apache.ratis.thirdparty.io.netty.channel.nio.NioEventLoop.processSelectedKey(NioEventLoop.java:632)
	at org.apache.ratis.thirdparty.io.netty.channel.nio.NioEventLoop.processSelectedKeysOptimized(NioEventLoop.java:579)
	at org.apache.ratis.thirdparty.io.netty.channel.nio.NioEventLoop.processSelectedKeys(NioEventLoop.java:496)
	at org.apache.ratis.thirdparty.io.netty.channel.nio.NioEventLoop.run(NioEventLoop.java:458)
	at org.apache.ratis.thirdparty.io.netty.util.concurrent.SingleThreadEventExecutor$5.run(SingleThreadEventExecutor.java:897)
	at org.apache.ratis.thirdparty.io.netty.util.concurrent.FastThreadLocalRunnable.run(FastThreadLocalRunnable.java:30)
	... 1 more
Caused by: java.net.ConnectException: Connection refused
	... 11 more
2019-10-16 17:21:03,931 [6c17ba67-9052-48ab-b55c-e326bb81c936@group-95D7A0F68A30-LeaderElection36] INFO  impl.LeaderElection (LeaderElection.java:logAndReturn(56)) - 6c17ba67-9052-48ab-b55c-e326bb81c936@group-95D7A0F68A30-LeaderElection36: Election REJECTED; received 0 response(s) [] and 2 exception(s); 6c17ba67-9052-48ab-b55c-e326bb81c936@group-95D7A0F68A30:t1, leader=null, voted=6c17ba67-9052-48ab-b55c-e326bb81c936, raftlog=6c17ba67-9052-48ab-b55c-e326bb81c936@group-95D7A0F68A30-SegmentedRaftLog:OPENED:c-1,f-1,i0, conf=-1: [8dfecba1-8cf2-4467-bf71-9131598e36cc:192.168.69.90:35390, 6c17ba67-9052-48ab-b55c-e326bb81c936:192.168.69.90:33518, 21b36528-7a33-48f9-a871-a72bce406f0b:192.168.69.90:45999], old=null
2019-10-16 17:21:03,931 [6c17ba67-9052-48ab-b55c-e326bb81c936@group-95D7A0F68A30-LeaderElection36] INFO  impl.LeaderElection (LogUtils.java:infoOrTrace(149)) -   Exception 0: {}
java.util.concurrent.ExecutionException: org.apache.ratis.thirdparty.io.grpc.StatusRuntimeException: UNAVAILABLE: io exception
	at java.util.concurrent.FutureTask.report(FutureTask.java:122)
	at java.util.concurrent.FutureTask.get(FutureTask.java:192)
	at org.apache.ratis.server.impl.LeaderElection.waitForResults(LeaderElection.java:259)
	at org.apache.ratis.server.impl.LeaderElection.askForVotes(LeaderElection.java:197)
	at org.apache.ratis.server.impl.LeaderElection.run(LeaderElection.java:133)
	at java.lang.Thread.run(Thread.java:748)
Caused by: org.apache.ratis.thirdparty.io.grpc.StatusRuntimeException: UNAVAILABLE: io exception
	at org.apache.ratis.thirdparty.io.grpc.stub.ClientCalls.toStatusRuntimeException(ClientCalls.java:233)
	at org.apache.ratis.thirdparty.io.grpc.stub.ClientCalls.getUnchecked(ClientCalls.java:214)
	at org.apache.ratis.thirdparty.io.grpc.stub.ClientCalls.blockingUnaryCall(ClientCalls.java:139)
	at org.apache.ratis.proto.grpc.RaftServerProtocolServiceGrpc$RaftServerProtocolServiceBlockingStub.requestVote(RaftServerProtocolServiceGrpc.java:265)
	at org.apache.ratis.grpc.server.GrpcServerProtocolClient.requestVote(GrpcServerProtocolClient.java:99)
	at org.apache.ratis.grpc.server.GrpcService.requestVote(GrpcService.java:204)
	at org.apache.ratis.server.impl.LeaderElection.lambda$submitRequests$1(LeaderElection.java:234)
	at java.util.concurrent.FutureTask.run(FutureTask.java:266)
	at java.util.concurrent.Executors$RunnableAdapter.call(Executors.java:511)
	at java.util.concurrent.FutureTask.run(FutureTask.java:266)
	at java.util.concurrent.ThreadPoolExecutor.runWorker(ThreadPoolExecutor.java:1149)
	at java.util.concurrent.ThreadPoolExecutor$Worker.run(ThreadPoolExecutor.java:624)
	... 1 more
Caused by: org.apache.ratis.thirdparty.io.netty.channel.AbstractChannel$AnnotatedConnectException: Connection refused: /192.168.69.90:45999
	at sun.nio.ch.SocketChannelImpl.checkConnect(Native Method)
	at sun.nio.ch.SocketChannelImpl.finishConnect(SocketChannelImpl.java:717)
	at org.apache.ratis.thirdparty.io.netty.channel.socket.nio.NioSocketChannel.doFinishConnect(NioSocketChannel.java:327)
	at org.apache.ratis.thirdparty.io.netty.channel.nio.AbstractNioChannel$AbstractNioUnsafe.finishConnect(AbstractNioChannel.java:340)
	at org.apache.ratis.thirdparty.io.netty.channel.nio.NioEventLoop.processSelectedKey(NioEventLoop.java:632)
	at org.apache.ratis.thirdparty.io.netty.channel.nio.NioEventLoop.processSelectedKeysOptimized(NioEventLoop.java:579)
	at org.apache.ratis.thirdparty.io.netty.channel.nio.NioEventLoop.processSelectedKeys(NioEventLoop.java:496)
	at org.apache.ratis.thirdparty.io.netty.channel.nio.NioEventLoop.run(NioEventLoop.java:458)
	at org.apache.ratis.thirdparty.io.netty.util.concurrent.SingleThreadEventExecutor$5.run(SingleThreadEventExecutor.java:897)
	at org.apache.ratis.thirdparty.io.netty.util.concurrent.FastThreadLocalRunnable.run(FastThreadLocalRunnable.java:30)
	... 1 more
Caused by: java.net.ConnectException: Connection refused
	... 11 more
2019-10-16 17:21:03,931 [6c17ba67-9052-48ab-b55c-e326bb81c936@group-95D7A0F68A30-LeaderElection36] INFO  impl.LeaderElection (LogUtils.java:infoOrTrace(149)) -   Exception 1: {}
java.util.concurrent.ExecutionException: org.apache.ratis.thirdparty.io.grpc.StatusRuntimeException: UNAVAILABLE: io exception
	at java.util.concurrent.FutureTask.report(FutureTask.java:122)
	at java.util.concurrent.FutureTask.get(FutureTask.java:192)
	at org.apache.ratis.server.impl.LeaderElection.waitForResults(LeaderElection.java:259)
	at org.apache.ratis.server.impl.LeaderElection.askForVotes(LeaderElection.java:197)
	at org.apache.ratis.server.impl.LeaderElection.run(LeaderElection.java:133)
	at java.lang.Thread.run(Thread.java:748)
Caused by: org.apache.ratis.thirdparty.io.grpc.StatusRuntimeException: UNAVAILABLE: io exception
	at org.apache.ratis.thirdparty.io.grpc.stub.ClientCalls.toStatusRuntimeException(ClientCalls.java:233)
	at org.apache.ratis.thirdparty.io.grpc.stub.ClientCalls.getUnchecked(ClientCalls.java:214)
	at org.apache.ratis.thirdparty.io.grpc.stub.ClientCalls.blockingUnaryCall(ClientCalls.java:139)
	at org.apache.ratis.proto.grpc.RaftServerProtocolServiceGrpc$RaftServerProtocolServiceBlockingStub.requestVote(RaftServerProtocolServiceGrpc.java:265)
	at org.apache.ratis.grpc.server.GrpcServerProtocolClient.requestVote(GrpcServerProtocolClient.java:99)
	at org.apache.ratis.grpc.server.GrpcService.requestVote(GrpcService.java:204)
	at org.apache.ratis.server.impl.LeaderElection.lambda$submitRequests$1(LeaderElection.java:234)
	at java.util.concurrent.FutureTask.run(FutureTask.java:266)
	at java.util.concurrent.Executors$RunnableAdapter.call(Executors.java:511)
	at java.util.concurrent.FutureTask.run(FutureTask.java:266)
	at java.util.concurrent.ThreadPoolExecutor.runWorker(ThreadPoolExecutor.java:1149)
	at java.util.concurrent.ThreadPoolExecutor$Worker.run(ThreadPoolExecutor.java:624)
	... 1 more
Caused by: org.apache.ratis.thirdparty.io.netty.channel.AbstractChannel$AnnotatedConnectException: Connection refused: /192.168.69.90:35390
	at sun.nio.ch.SocketChannelImpl.checkConnect(Native Method)
	at sun.nio.ch.SocketChannelImpl.finishConnect(SocketChannelImpl.java:717)
	at org.apache.ratis.thirdparty.io.netty.channel.socket.nio.NioSocketChannel.doFinishConnect(NioSocketChannel.java:327)
	at org.apache.ratis.thirdparty.io.netty.channel.nio.AbstractNioChannel$AbstractNioUnsafe.finishConnect(AbstractNioChannel.java:340)
	at org.apache.ratis.thirdparty.io.netty.channel.nio.NioEventLoop.processSelectedKey(NioEventLoop.java:632)
	at org.apache.ratis.thirdparty.io.netty.channel.nio.NioEventLoop.processSelectedKeysOptimized(NioEventLoop.java:579)
	at org.apache.ratis.thirdparty.io.netty.channel.nio.NioEventLoop.processSelectedKeys(NioEventLoop.java:496)
	at org.apache.ratis.thirdparty.io.netty.channel.nio.NioEventLoop.run(NioEventLoop.java:458)
	at org.apache.ratis.thirdparty.io.netty.util.concurrent.SingleThreadEventExecutor$5.run(SingleThreadEventExecutor.java:897)
	at org.apache.ratis.thirdparty.io.netty.util.concurrent.FastThreadLocalRunnable.run(FastThreadLocalRunnable.java:30)
	... 1 more
Caused by: java.net.ConnectException: Connection refused
	... 11 more
2019-10-16 17:21:03,932 [6c17ba67-9052-48ab-b55c-e326bb81c936@group-95D7A0F68A30-LeaderElection36] INFO  impl.RaftServerImpl (RaftServerImpl.java:setRole(170)) - 6c17ba67-9052-48ab-b55c-e326bb81c936@group-95D7A0F68A30: changes role from CANDIDATE to FOLLOWER at term 1 for DISCOVERED_A_NEW_TERM
2019-10-16 17:21:03,932 [6c17ba67-9052-48ab-b55c-e326bb81c936@group-95D7A0F68A30-LeaderElection36] INFO  impl.RoleInfo (RoleInfo.java:shutdownLeaderElection(134)) - 6c17ba67-9052-48ab-b55c-e326bb81c936: shutdown LeaderElection
2019-10-16 17:21:03,932 [6c17ba67-9052-48ab-b55c-e326bb81c936@group-95D7A0F68A30-LeaderElection36] INFO  impl.RoleInfo (RoleInfo.java:updateAndGet(143)) - 6c17ba67-9052-48ab-b55c-e326bb81c936: start FollowerState
2019-10-16 17:21:04,931 [Thread-1288] INFO  impl.FollowerState (FollowerState.java:run(108)) - 6c17ba67-9052-48ab-b55c-e326bb81c936@group-EDF3B1B09235-FollowerState: change to CANDIDATE, lastRpcTime:1046ms, electionTimeout:1046ms
2019-10-16 17:21:04,933 [Thread-1288] INFO  impl.RoleInfo (RoleInfo.java:shutdownFollowerState(121)) - 6c17ba67-9052-48ab-b55c-e326bb81c936: shutdown FollowerState
2019-10-16 17:21:04,933 [Thread-1288] INFO  impl.RaftServerImpl (RaftServerImpl.java:setRole(170)) - 6c17ba67-9052-48ab-b55c-e326bb81c936@group-EDF3B1B09235: changes role from  FOLLOWER to CANDIDATE at term 1 for changeToCandidate
2019-10-16 17:21:04,933 [Thread-1288] INFO  impl.RoleInfo (RoleInfo.java:updateAndGet(143)) - 6c17ba67-9052-48ab-b55c-e326bb81c936: start LeaderElection
2019-10-16 17:21:04,948 [6c17ba67-9052-48ab-b55c-e326bb81c936@group-EDF3B1B09235-LeaderElection37] INFO  impl.LeaderElection (LeaderElection.java:askForVotes(178)) - 6c17ba67-9052-48ab-b55c-e326bb81c936@group-EDF3B1B09235-LeaderElection37: begin an election at term 2 for -1: [8dfecba1-8cf2-4467-bf71-9131598e36cc:192.168.69.90:35390, 6c17ba67-9052-48ab-b55c-e326bb81c936:192.168.69.90:33518, 21b36528-7a33-48f9-a871-a72bce406f0b:192.168.69.90:45999], old=null
2019-10-16 17:21:04,950 [6c17ba67-9052-48ab-b55c-e326bb81c936@group-EDF3B1B09235-LeaderElection37] INFO  impl.LeaderElection (LogUtils.java:infoOrTrace(149)) - 6c17ba67-9052-48ab-b55c-e326bb81c936@group-EDF3B1B09235-LeaderElection37 got exception when requesting votes: {}
java.util.concurrent.ExecutionException: org.apache.ratis.thirdparty.io.grpc.StatusRuntimeException: UNAVAILABLE: io exception
	at java.util.concurrent.FutureTask.report(FutureTask.java:122)
	at java.util.concurrent.FutureTask.get(FutureTask.java:192)
	at org.apache.ratis.server.impl.LeaderElection.waitForResults(LeaderElection.java:259)
	at org.apache.ratis.server.impl.LeaderElection.askForVotes(LeaderElection.java:197)
	at org.apache.ratis.server.impl.LeaderElection.run(LeaderElection.java:133)
	at java.lang.Thread.run(Thread.java:748)
Caused by: org.apache.ratis.thirdparty.io.grpc.StatusRuntimeException: UNAVAILABLE: io exception
	at org.apache.ratis.thirdparty.io.grpc.stub.ClientCalls.toStatusRuntimeException(ClientCalls.java:233)
	at org.apache.ratis.thirdparty.io.grpc.stub.ClientCalls.getUnchecked(ClientCalls.java:214)
	at org.apache.ratis.thirdparty.io.grpc.stub.ClientCalls.blockingUnaryCall(ClientCalls.java:139)
	at org.apache.ratis.proto.grpc.RaftServerProtocolServiceGrpc$RaftServerProtocolServiceBlockingStub.requestVote(RaftServerProtocolServiceGrpc.java:265)
	at org.apache.ratis.grpc.server.GrpcServerProtocolClient.requestVote(GrpcServerProtocolClient.java:99)
	at org.apache.ratis.grpc.server.GrpcService.requestVote(GrpcService.java:204)
	at org.apache.ratis.server.impl.LeaderElection.lambda$submitRequests$1(LeaderElection.java:234)
	at java.util.concurrent.FutureTask.run(FutureTask.java:266)
	at java.util.concurrent.Executors$RunnableAdapter.call(Executors.java:511)
	at java.util.concurrent.FutureTask.run(FutureTask.java:266)
	at java.util.concurrent.ThreadPoolExecutor.runWorker(ThreadPoolExecutor.java:1149)
	at java.util.concurrent.ThreadPoolExecutor$Worker.run(ThreadPoolExecutor.java:624)
	... 1 more
Caused by: org.apache.ratis.thirdparty.io.netty.channel.AbstractChannel$AnnotatedConnectException: Connection refused: /192.168.69.90:45999
	at sun.nio.ch.SocketChannelImpl.checkConnect(Native Method)
	at sun.nio.ch.SocketChannelImpl.finishConnect(SocketChannelImpl.java:717)
	at org.apache.ratis.thirdparty.io.netty.channel.socket.nio.NioSocketChannel.doFinishConnect(NioSocketChannel.java:327)
	at org.apache.ratis.thirdparty.io.netty.channel.nio.AbstractNioChannel$AbstractNioUnsafe.finishConnect(AbstractNioChannel.java:340)
	at org.apache.ratis.thirdparty.io.netty.channel.nio.NioEventLoop.processSelectedKey(NioEventLoop.java:632)
	at org.apache.ratis.thirdparty.io.netty.channel.nio.NioEventLoop.processSelectedKeysOptimized(NioEventLoop.java:579)
	at org.apache.ratis.thirdparty.io.netty.channel.nio.NioEventLoop.processSelectedKeys(NioEventLoop.java:496)
	at org.apache.ratis.thirdparty.io.netty.channel.nio.NioEventLoop.run(NioEventLoop.java:458)
	at org.apache.ratis.thirdparty.io.netty.util.concurrent.SingleThreadEventExecutor$5.run(SingleThreadEventExecutor.java:897)
	at org.apache.ratis.thirdparty.io.netty.util.concurrent.FastThreadLocalRunnable.run(FastThreadLocalRunnable.java:30)
	... 1 more
Caused by: java.net.ConnectException: Connection refused
	... 11 more
2019-10-16 17:21:04,952 [6c17ba67-9052-48ab-b55c-e326bb81c936@group-EDF3B1B09235-LeaderElection37] INFO  impl.LeaderElection (LogUtils.java:infoOrTrace(149)) - 6c17ba67-9052-48ab-b55c-e326bb81c936@group-EDF3B1B09235-LeaderElection37 got exception when requesting votes: {}
java.util.concurrent.ExecutionException: org.apache.ratis.thirdparty.io.grpc.StatusRuntimeException: UNAVAILABLE: io exception
	at java.util.concurrent.FutureTask.report(FutureTask.java:122)
	at java.util.concurrent.FutureTask.get(FutureTask.java:192)
	at org.apache.ratis.server.impl.LeaderElection.waitForResults(LeaderElection.java:259)
	at org.apache.ratis.server.impl.LeaderElection.askForVotes(LeaderElection.java:197)
	at org.apache.ratis.server.impl.LeaderElection.run(LeaderElection.java:133)
	at java.lang.Thread.run(Thread.java:748)
Caused by: org.apache.ratis.thirdparty.io.grpc.StatusRuntimeException: UNAVAILABLE: io exception
	at org.apache.ratis.thirdparty.io.grpc.stub.ClientCalls.toStatusRuntimeException(ClientCalls.java:233)
	at org.apache.ratis.thirdparty.io.grpc.stub.ClientCalls.getUnchecked(ClientCalls.java:214)
	at org.apache.ratis.thirdparty.io.grpc.stub.ClientCalls.blockingUnaryCall(ClientCalls.java:139)
	at org.apache.ratis.proto.grpc.RaftServerProtocolServiceGrpc$RaftServerProtocolServiceBlockingStub.requestVote(RaftServerProtocolServiceGrpc.java:265)
	at org.apache.ratis.grpc.server.GrpcServerProtocolClient.requestVote(GrpcServerProtocolClient.java:99)
	at org.apache.ratis.grpc.server.GrpcService.requestVote(GrpcService.java:204)
	at org.apache.ratis.server.impl.LeaderElection.lambda$submitRequests$1(LeaderElection.java:234)
	at java.util.concurrent.FutureTask.run(FutureTask.java:266)
	at java.util.concurrent.Executors$RunnableAdapter.call(Executors.java:511)
	at java.util.concurrent.FutureTask.run(FutureTask.java:266)
	at java.util.concurrent.ThreadPoolExecutor.runWorker(ThreadPoolExecutor.java:1149)
	at java.util.concurrent.ThreadPoolExecutor$Worker.run(ThreadPoolExecutor.java:624)
	... 1 more
Caused by: org.apache.ratis.thirdparty.io.netty.channel.AbstractChannel$AnnotatedConnectException: Connection refused: /192.168.69.90:35390
	at sun.nio.ch.SocketChannelImpl.checkConnect(Native Method)
	at sun.nio.ch.SocketChannelImpl.finishConnect(SocketChannelImpl.java:717)
	at org.apache.ratis.thirdparty.io.netty.channel.socket.nio.NioSocketChannel.doFinishConnect(NioSocketChannel.java:327)
	at org.apache.ratis.thirdparty.io.netty.channel.nio.AbstractNioChannel$AbstractNioUnsafe.finishConnect(AbstractNioChannel.java:340)
	at org.apache.ratis.thirdparty.io.netty.channel.nio.NioEventLoop.processSelectedKey(NioEventLoop.java:632)
	at org.apache.ratis.thirdparty.io.netty.channel.nio.NioEventLoop.processSelectedKeysOptimized(NioEventLoop.java:579)
	at org.apache.ratis.thirdparty.io.netty.channel.nio.NioEventLoop.processSelectedKeys(NioEventLoop.java:496)
	at org.apache.ratis.thirdparty.io.netty.channel.nio.NioEventLoop.run(NioEventLoop.java:458)
	at org.apache.ratis.thirdparty.io.netty.util.concurrent.SingleThreadEventExecutor$5.run(SingleThreadEventExecutor.java:897)
	at org.apache.ratis.thirdparty.io.netty.util.concurrent.FastThreadLocalRunnable.run(FastThreadLocalRunnable.java:30)
	... 1 more
Caused by: java.net.ConnectException: Connection refused
	... 11 more
2019-10-16 17:21:04,954 [6c17ba67-9052-48ab-b55c-e326bb81c936@group-EDF3B1B09235-LeaderElection37] INFO  impl.LeaderElection (LeaderElection.java:logAndReturn(56)) - 6c17ba67-9052-48ab-b55c-e326bb81c936@group-EDF3B1B09235-LeaderElection37: Election REJECTED; received 0 response(s) [] and 2 exception(s); 6c17ba67-9052-48ab-b55c-e326bb81c936@group-EDF3B1B09235:t2, leader=null, voted=6c17ba67-9052-48ab-b55c-e326bb81c936, raftlog=6c17ba67-9052-48ab-b55c-e326bb81c936@group-EDF3B1B09235-SegmentedRaftLog:OPENED:c-1,f-1,i0, conf=-1: [8dfecba1-8cf2-4467-bf71-9131598e36cc:192.168.69.90:35390, 6c17ba67-9052-48ab-b55c-e326bb81c936:192.168.69.90:33518, 21b36528-7a33-48f9-a871-a72bce406f0b:192.168.69.90:45999], old=null
2019-10-16 17:21:04,954 [6c17ba67-9052-48ab-b55c-e326bb81c936@group-EDF3B1B09235-LeaderElection37] INFO  impl.LeaderElection (LogUtils.java:infoOrTrace(149)) -   Exception 0: {}
java.util.concurrent.ExecutionException: org.apache.ratis.thirdparty.io.grpc.StatusRuntimeException: UNAVAILABLE: io exception
	at java.util.concurrent.FutureTask.report(FutureTask.java:122)
	at java.util.concurrent.FutureTask.get(FutureTask.java:192)
	at org.apache.ratis.server.impl.LeaderElection.waitForResults(LeaderElection.java:259)
	at org.apache.ratis.server.impl.LeaderElection.askForVotes(LeaderElection.java:197)
	at org.apache.ratis.server.impl.LeaderElection.run(LeaderElection.java:133)
	at java.lang.Thread.run(Thread.java:748)
Caused by: org.apache.ratis.thirdparty.io.grpc.StatusRuntimeException: UNAVAILABLE: io exception
	at org.apache.ratis.thirdparty.io.grpc.stub.ClientCalls.toStatusRuntimeException(ClientCalls.java:233)
	at org.apache.ratis.thirdparty.io.grpc.stub.ClientCalls.getUnchecked(ClientCalls.java:214)
	at org.apache.ratis.thirdparty.io.grpc.stub.ClientCalls.blockingUnaryCall(ClientCalls.java:139)
	at org.apache.ratis.proto.grpc.RaftServerProtocolServiceGrpc$RaftServerProtocolServiceBlockingStub.requestVote(RaftServerProtocolServiceGrpc.java:265)
	at org.apache.ratis.grpc.server.GrpcServerProtocolClient.requestVote(GrpcServerProtocolClient.java:99)
	at org.apache.ratis.grpc.server.GrpcService.requestVote(GrpcService.java:204)
	at org.apache.ratis.server.impl.LeaderElection.lambda$submitRequests$1(LeaderElection.java:234)
	at java.util.concurrent.FutureTask.run(FutureTask.java:266)
	at java.util.concurrent.Executors$RunnableAdapter.call(Executors.java:511)
	at java.util.concurrent.FutureTask.run(FutureTask.java:266)
	at java.util.concurrent.ThreadPoolExecutor.runWorker(ThreadPoolExecutor.java:1149)
	at java.util.concurrent.ThreadPoolExecutor$Worker.run(ThreadPoolExecutor.java:624)
	... 1 more
Caused by: org.apache.ratis.thirdparty.io.netty.channel.AbstractChannel$AnnotatedConnectException: Connection refused: /192.168.69.90:45999
	at sun.nio.ch.SocketChannelImpl.checkConnect(Native Method)
	at sun.nio.ch.SocketChannelImpl.finishConnect(SocketChannelImpl.java:717)
	at org.apache.ratis.thirdparty.io.netty.channel.socket.nio.NioSocketChannel.doFinishConnect(NioSocketChannel.java:327)
	at org.apache.ratis.thirdparty.io.netty.channel.nio.AbstractNioChannel$AbstractNioUnsafe.finishConnect(AbstractNioChannel.java:340)
	at org.apache.ratis.thirdparty.io.netty.channel.nio.NioEventLoop.processSelectedKey(NioEventLoop.java:632)
	at org.apache.ratis.thirdparty.io.netty.channel.nio.NioEventLoop.processSelectedKeysOptimized(NioEventLoop.java:579)
	at org.apache.ratis.thirdparty.io.netty.channel.nio.NioEventLoop.processSelectedKeys(NioEventLoop.java:496)
	at org.apache.ratis.thirdparty.io.netty.channel.nio.NioEventLoop.run(NioEventLoop.java:458)
	at org.apache.ratis.thirdparty.io.netty.util.concurrent.SingleThreadEventExecutor$5.run(SingleThreadEventExecutor.java:897)
	at org.apache.ratis.thirdparty.io.netty.util.concurrent.FastThreadLocalRunnable.run(FastThreadLocalRunnable.java:30)
	... 1 more
Caused by: java.net.ConnectException: Connection refused
	... 11 more
2019-10-16 17:21:04,954 [6c17ba67-9052-48ab-b55c-e326bb81c936@group-EDF3B1B09235-LeaderElection37] INFO  impl.LeaderElection (LogUtils.java:infoOrTrace(149)) -   Exception 1: {}
java.util.concurrent.ExecutionException: org.apache.ratis.thirdparty.io.grpc.StatusRuntimeException: UNAVAILABLE: io exception
	at java.util.concurrent.FutureTask.report(FutureTask.java:122)
	at java.util.concurrent.FutureTask.get(FutureTask.java:192)
	at org.apache.ratis.server.impl.LeaderElection.waitForResults(LeaderElection.java:259)
	at org.apache.ratis.server.impl.LeaderElection.askForVotes(LeaderElection.java:197)
	at org.apache.ratis.server.impl.LeaderElection.run(LeaderElection.java:133)
	at java.lang.Thread.run(Thread.java:748)
Caused by: org.apache.ratis.thirdparty.io.grpc.StatusRuntimeException: UNAVAILABLE: io exception
	at org.apache.ratis.thirdparty.io.grpc.stub.ClientCalls.toStatusRuntimeException(ClientCalls.java:233)
	at org.apache.ratis.thirdparty.io.grpc.stub.ClientCalls.getUnchecked(ClientCalls.java:214)
	at org.apache.ratis.thirdparty.io.grpc.stub.ClientCalls.blockingUnaryCall(ClientCalls.java:139)
	at org.apache.ratis.proto.grpc.RaftServerProtocolServiceGrpc$RaftServerProtocolServiceBlockingStub.requestVote(RaftServerProtocolServiceGrpc.java:265)
	at org.apache.ratis.grpc.server.GrpcServerProtocolClient.requestVote(GrpcServerProtocolClient.java:99)
	at org.apache.ratis.grpc.server.GrpcService.requestVote(GrpcService.java:204)
	at org.apache.ratis.server.impl.LeaderElection.lambda$submitRequests$1(LeaderElection.java:234)
	at java.util.concurrent.FutureTask.run(FutureTask.java:266)
	at java.util.concurrent.Executors$RunnableAdapter.call(Executors.java:511)
	at java.util.concurrent.FutureTask.run(FutureTask.java:266)
	at java.util.concurrent.ThreadPoolExecutor.runWorker(ThreadPoolExecutor.java:1149)
	at java.util.concurrent.ThreadPoolExecutor$Worker.run(ThreadPoolExecutor.java:624)
	... 1 more
Caused by: org.apache.ratis.thirdparty.io.netty.channel.AbstractChannel$AnnotatedConnectException: Connection refused: /192.168.69.90:35390
	at sun.nio.ch.SocketChannelImpl.checkConnect(Native Method)
	at sun.nio.ch.SocketChannelImpl.finishConnect(SocketChannelImpl.java:717)
	at org.apache.ratis.thirdparty.io.netty.channel.socket.nio.NioSocketChannel.doFinishConnect(NioSocketChannel.java:327)
	at org.apache.ratis.thirdparty.io.netty.channel.nio.AbstractNioChannel$AbstractNioUnsafe.finishConnect(AbstractNioChannel.java:340)
	at org.apache.ratis.thirdparty.io.netty.channel.nio.NioEventLoop.processSelectedKey(NioEventLoop.java:632)
	at org.apache.ratis.thirdparty.io.netty.channel.nio.NioEventLoop.processSelectedKeysOptimized(NioEventLoop.java:579)
	at org.apache.ratis.thirdparty.io.netty.channel.nio.NioEventLoop.processSelectedKeys(NioEventLoop.java:496)
	at org.apache.ratis.thirdparty.io.netty.channel.nio.NioEventLoop.run(NioEventLoop.java:458)
	at org.apache.ratis.thirdparty.io.netty.util.concurrent.SingleThreadEventExecutor$5.run(SingleThreadEventExecutor.java:897)
	at org.apache.ratis.thirdparty.io.netty.util.concurrent.FastThreadLocalRunnable.run(FastThreadLocalRunnable.java:30)
	... 1 more
Caused by: java.net.ConnectException: Connection refused
	... 11 more
2019-10-16 17:21:04,955 [6c17ba67-9052-48ab-b55c-e326bb81c936@group-EDF3B1B09235-LeaderElection37] INFO  impl.RaftServerImpl (RaftServerImpl.java:setRole(170)) - 6c17ba67-9052-48ab-b55c-e326bb81c936@group-EDF3B1B09235: changes role from CANDIDATE to FOLLOWER at term 2 for DISCOVERED_A_NEW_TERM
2019-10-16 17:21:04,955 [6c17ba67-9052-48ab-b55c-e326bb81c936@group-EDF3B1B09235-LeaderElection37] INFO  impl.RoleInfo (RoleInfo.java:shutdownLeaderElection(134)) - 6c17ba67-9052-48ab-b55c-e326bb81c936: shutdown LeaderElection
2019-10-16 17:21:04,955 [6c17ba67-9052-48ab-b55c-e326bb81c936@group-EDF3B1B09235-LeaderElection37] INFO  impl.RoleInfo (RoleInfo.java:updateAndGet(143)) - 6c17ba67-9052-48ab-b55c-e326bb81c936: start FollowerState
2019-10-16 17:21:05,054 [Thread-1291] INFO  impl.FollowerState (FollowerState.java:run(108)) - 6c17ba67-9052-48ab-b55c-e326bb81c936@group-8363CBFC2677-FollowerState: change to CANDIDATE, lastRpcTime:1156ms, electionTimeout:1156ms
2019-10-16 17:21:05,056 [Thread-1291] INFO  impl.RoleInfo (RoleInfo.java:shutdownFollowerState(121)) - 6c17ba67-9052-48ab-b55c-e326bb81c936: shutdown FollowerState
2019-10-16 17:21:05,056 [Thread-1291] INFO  impl.RaftServerImpl (RaftServerImpl.java:setRole(170)) - 6c17ba67-9052-48ab-b55c-e326bb81c936@group-8363CBFC2677: changes role from  FOLLOWER to CANDIDATE at term 1 for changeToCandidate
2019-10-16 17:21:05,056 [Thread-1291] INFO  impl.RoleInfo (RoleInfo.java:updateAndGet(143)) - 6c17ba67-9052-48ab-b55c-e326bb81c936: start LeaderElection
2019-10-16 17:21:05,061 [Thread-1295] INFO  impl.FollowerState (FollowerState.java:run(108)) - 6c17ba67-9052-48ab-b55c-e326bb81c936@group-95D7A0F68A30-FollowerState: change to CANDIDATE, lastRpcTime:1128ms, electionTimeout:1125ms
2019-10-16 17:21:05,061 [Thread-1295] INFO  impl.RoleInfo (RoleInfo.java:shutdownFollowerState(121)) - 6c17ba67-9052-48ab-b55c-e326bb81c936: shutdown FollowerState
2019-10-16 17:21:05,061 [Thread-1295] INFO  impl.RaftServerImpl (RaftServerImpl.java:setRole(170)) - 6c17ba67-9052-48ab-b55c-e326bb81c936@group-95D7A0F68A30: changes role from  FOLLOWER to CANDIDATE at term 1 for changeToCandidate
2019-10-16 17:21:05,061 [Thread-1295] INFO  impl.RoleInfo (RoleInfo.java:updateAndGet(143)) - 6c17ba67-9052-48ab-b55c-e326bb81c936: start LeaderElection
2019-10-16 17:21:05,076 [6c17ba67-9052-48ab-b55c-e326bb81c936@group-8363CBFC2677-LeaderElection38] INFO  impl.LeaderElection (LeaderElection.java:askForVotes(178)) - 6c17ba67-9052-48ab-b55c-e326bb81c936@group-8363CBFC2677-LeaderElection38: begin an election at term 2 for -1: [8dfecba1-8cf2-4467-bf71-9131598e36cc:192.168.69.90:35390, 6c17ba67-9052-48ab-b55c-e326bb81c936:192.168.69.90:33518, 21b36528-7a33-48f9-a871-a72bce406f0b:192.168.69.90:45999], old=null
2019-10-16 17:21:05,076 [6c17ba67-9052-48ab-b55c-e326bb81c936@group-95D7A0F68A30-LeaderElection39] INFO  impl.LeaderElection (LeaderElection.java:askForVotes(178)) - 6c17ba67-9052-48ab-b55c-e326bb81c936@group-95D7A0F68A30-LeaderElection39: begin an election at term 2 for -1: [8dfecba1-8cf2-4467-bf71-9131598e36cc:192.168.69.90:35390, 6c17ba67-9052-48ab-b55c-e326bb81c936:192.168.69.90:33518, 21b36528-7a33-48f9-a871-a72bce406f0b:192.168.69.90:45999], old=null
2019-10-16 17:21:05,077 [6c17ba67-9052-48ab-b55c-e326bb81c936@group-8363CBFC2677-LeaderElection38] INFO  impl.LeaderElection (LogUtils.java:infoOrTrace(149)) - 6c17ba67-9052-48ab-b55c-e326bb81c936@group-8363CBFC2677-LeaderElection38 got exception when requesting votes: {}
java.util.concurrent.ExecutionException: org.apache.ratis.thirdparty.io.grpc.StatusRuntimeException: UNAVAILABLE: io exception
	at java.util.concurrent.FutureTask.report(FutureTask.java:122)
	at java.util.concurrent.FutureTask.get(FutureTask.java:192)
	at org.apache.ratis.server.impl.LeaderElection.waitForResults(LeaderElection.java:259)
	at org.apache.ratis.server.impl.LeaderElection.askForVotes(LeaderElection.java:197)
	at org.apache.ratis.server.impl.LeaderElection.run(LeaderElection.java:133)
	at java.lang.Thread.run(Thread.java:748)
Caused by: org.apache.ratis.thirdparty.io.grpc.StatusRuntimeException: UNAVAILABLE: io exception
	at org.apache.ratis.thirdparty.io.grpc.stub.ClientCalls.toStatusRuntimeException(ClientCalls.java:233)
	at org.apache.ratis.thirdparty.io.grpc.stub.ClientCalls.getUnchecked(ClientCalls.java:214)
	at org.apache.ratis.thirdparty.io.grpc.stub.ClientCalls.blockingUnaryCall(ClientCalls.java:139)
	at org.apache.ratis.proto.grpc.RaftServerProtocolServiceGrpc$RaftServerProtocolServiceBlockingStub.requestVote(RaftServerProtocolServiceGrpc.java:265)
	at org.apache.ratis.grpc.server.GrpcServerProtocolClient.requestVote(GrpcServerProtocolClient.java:99)
	at org.apache.ratis.grpc.server.GrpcService.requestVote(GrpcService.java:204)
	at org.apache.ratis.server.impl.LeaderElection.lambda$submitRequests$1(LeaderElection.java:234)
	at java.util.concurrent.FutureTask.run(FutureTask.java:266)
	at java.util.concurrent.Executors$RunnableAdapter.call(Executors.java:511)
	at java.util.concurrent.FutureTask.run(FutureTask.java:266)
	at java.util.concurrent.ThreadPoolExecutor.runWorker(ThreadPoolExecutor.java:1149)
	at java.util.concurrent.ThreadPoolExecutor$Worker.run(ThreadPoolExecutor.java:624)
	... 1 more
Caused by: org.apache.ratis.thirdparty.io.netty.channel.AbstractChannel$AnnotatedConnectException: Connection refused: /192.168.69.90:35390
	at sun.nio.ch.SocketChannelImpl.checkConnect(Native Method)
	at sun.nio.ch.SocketChannelImpl.finishConnect(SocketChannelImpl.java:717)
	at org.apache.ratis.thirdparty.io.netty.channel.socket.nio.NioSocketChannel.doFinishConnect(NioSocketChannel.java:327)
	at org.apache.ratis.thirdparty.io.netty.channel.nio.AbstractNioChannel$AbstractNioUnsafe.finishConnect(AbstractNioChannel.java:340)
	at org.apache.ratis.thirdparty.io.netty.channel.nio.NioEventLoop.processSelectedKey(NioEventLoop.java:632)
	at org.apache.ratis.thirdparty.io.netty.channel.nio.NioEventLoop.processSelectedKeysOptimized(NioEventLoop.java:579)
	at org.apache.ratis.thirdparty.io.netty.channel.nio.NioEventLoop.processSelectedKeys(NioEventLoop.java:496)
	at org.apache.ratis.thirdparty.io.netty.channel.nio.NioEventLoop.run(NioEventLoop.java:458)
	at org.apache.ratis.thirdparty.io.netty.util.concurrent.SingleThreadEventExecutor$5.run(SingleThreadEventExecutor.java:897)
	at org.apache.ratis.thirdparty.io.netty.util.concurrent.FastThreadLocalRunnable.run(FastThreadLocalRunnable.java:30)
	... 1 more
Caused by: java.net.ConnectException: Connection refused
	... 11 more
2019-10-16 17:21:05,078 [6c17ba67-9052-48ab-b55c-e326bb81c936@group-95D7A0F68A30-LeaderElection39] INFO  impl.LeaderElection (LogUtils.java:infoOrTrace(149)) - 6c17ba67-9052-48ab-b55c-e326bb81c936@group-95D7A0F68A30-LeaderElection39 got exception when requesting votes: {}
java.util.concurrent.ExecutionException: org.apache.ratis.thirdparty.io.grpc.StatusRuntimeException: UNAVAILABLE: io exception
	at java.util.concurrent.FutureTask.report(FutureTask.java:122)
	at java.util.concurrent.FutureTask.get(FutureTask.java:192)
	at org.apache.ratis.server.impl.LeaderElection.waitForResults(LeaderElection.java:259)
	at org.apache.ratis.server.impl.LeaderElection.askForVotes(LeaderElection.java:197)
	at org.apache.ratis.server.impl.LeaderElection.run(LeaderElection.java:133)
	at java.lang.Thread.run(Thread.java:748)
Caused by: org.apache.ratis.thirdparty.io.grpc.StatusRuntimeException: UNAVAILABLE: io exception
	at org.apache.ratis.thirdparty.io.grpc.stub.ClientCalls.toStatusRuntimeException(ClientCalls.java:233)
	at org.apache.ratis.thirdparty.io.grpc.stub.ClientCalls.getUnchecked(ClientCalls.java:214)
	at org.apache.ratis.thirdparty.io.grpc.stub.ClientCalls.blockingUnaryCall(ClientCalls.java:139)
	at org.apache.ratis.proto.grpc.RaftServerProtocolServiceGrpc$RaftServerProtocolServiceBlockingStub.requestVote(RaftServerProtocolServiceGrpc.java:265)
	at org.apache.ratis.grpc.server.GrpcServerProtocolClient.requestVote(GrpcServerProtocolClient.java:99)
	at org.apache.ratis.grpc.server.GrpcService.requestVote(GrpcService.java:204)
	at org.apache.ratis.server.impl.LeaderElection.lambda$submitRequests$1(LeaderElection.java:234)
	at java.util.concurrent.FutureTask.run(FutureTask.java:266)
	at java.util.concurrent.Executors$RunnableAdapter.call(Executors.java:511)
	at java.util.concurrent.FutureTask.run(FutureTask.java:266)
	at java.util.concurrent.ThreadPoolExecutor.runWorker(ThreadPoolExecutor.java:1149)
	at java.util.concurrent.ThreadPoolExecutor$Worker.run(ThreadPoolExecutor.java:624)
	... 1 more
Caused by: org.apache.ratis.thirdparty.io.netty.channel.AbstractChannel$AnnotatedConnectException: Connection refused: /192.168.69.90:35390
	at sun.nio.ch.SocketChannelImpl.checkConnect(Native Method)
	at sun.nio.ch.SocketChannelImpl.finishConnect(SocketChannelImpl.java:717)
	at org.apache.ratis.thirdparty.io.netty.channel.socket.nio.NioSocketChannel.doFinishConnect(NioSocketChannel.java:327)
	at org.apache.ratis.thirdparty.io.netty.channel.nio.AbstractNioChannel$AbstractNioUnsafe.finishConnect(AbstractNioChannel.java:340)
	at org.apache.ratis.thirdparty.io.netty.channel.nio.NioEventLoop.processSelectedKey(NioEventLoop.java:632)
	at org.apache.ratis.thirdparty.io.netty.channel.nio.NioEventLoop.processSelectedKeysOptimized(NioEventLoop.java:579)
	at org.apache.ratis.thirdparty.io.netty.channel.nio.NioEventLoop.processSelectedKeys(NioEventLoop.java:496)
	at org.apache.ratis.thirdparty.io.netty.channel.nio.NioEventLoop.run(NioEventLoop.java:458)
	at org.apache.ratis.thirdparty.io.netty.util.concurrent.SingleThreadEventExecutor$5.run(SingleThreadEventExecutor.java:897)
	at org.apache.ratis.thirdparty.io.netty.util.concurrent.FastThreadLocalRunnable.run(FastThreadLocalRunnable.java:30)
	... 1 more
Caused by: java.net.ConnectException: Connection refused
	... 11 more
2019-10-16 17:21:05,080 [6c17ba67-9052-48ab-b55c-e326bb81c936@group-8363CBFC2677-LeaderElection38] INFO  impl.LeaderElection (LogUtils.java:infoOrTrace(149)) - 6c17ba67-9052-48ab-b55c-e326bb81c936@group-8363CBFC2677-LeaderElection38 got exception when requesting votes: {}
java.util.concurrent.ExecutionException: org.apache.ratis.thirdparty.io.grpc.StatusRuntimeException: UNAVAILABLE: io exception
	at java.util.concurrent.FutureTask.report(FutureTask.java:122)
	at java.util.concurrent.FutureTask.get(FutureTask.java:192)
	at org.apache.ratis.server.impl.LeaderElection.waitForResults(LeaderElection.java:259)
	at org.apache.ratis.server.impl.LeaderElection.askForVotes(LeaderElection.java:197)
	at org.apache.ratis.server.impl.LeaderElection.run(LeaderElection.java:133)
	at java.lang.Thread.run(Thread.java:748)
Caused by: org.apache.ratis.thirdparty.io.grpc.StatusRuntimeException: UNAVAILABLE: io exception
	at org.apache.ratis.thirdparty.io.grpc.stub.ClientCalls.toStatusRuntimeException(ClientCalls.java:233)
	at org.apache.ratis.thirdparty.io.grpc.stub.ClientCalls.getUnchecked(ClientCalls.java:214)
	at org.apache.ratis.thirdparty.io.grpc.stub.ClientCalls.blockingUnaryCall(ClientCalls.java:139)
	at org.apache.ratis.proto.grpc.RaftServerProtocolServiceGrpc$RaftServerProtocolServiceBlockingStub.requestVote(RaftServerProtocolServiceGrpc.java:265)
	at org.apache.ratis.grpc.server.GrpcServerProtocolClient.requestVote(GrpcServerProtocolClient.java:99)
	at org.apache.ratis.grpc.server.GrpcService.requestVote(GrpcService.java:204)
	at org.apache.ratis.server.impl.LeaderElection.lambda$submitRequests$1(LeaderElection.java:234)
	at java.util.concurrent.FutureTask.run(FutureTask.java:266)
	at java.util.concurrent.Executors$RunnableAdapter.call(Executors.java:511)
	at java.util.concurrent.FutureTask.run(FutureTask.java:266)
	at java.util.concurrent.ThreadPoolExecutor.runWorker(ThreadPoolExecutor.java:1149)
	at java.util.concurrent.ThreadPoolExecutor$Worker.run(ThreadPoolExecutor.java:624)
	... 1 more
Caused by: org.apache.ratis.thirdparty.io.netty.channel.AbstractChannel$AnnotatedConnectException: Connection refused: /192.168.69.90:45999
	at sun.nio.ch.SocketChannelImpl.checkConnect(Native Method)
	at sun.nio.ch.SocketChannelImpl.finishConnect(SocketChannelImpl.java:717)
	at org.apache.ratis.thirdparty.io.netty.channel.socket.nio.NioSocketChannel.doFinishConnect(NioSocketChannel.java:327)
	at org.apache.ratis.thirdparty.io.netty.channel.nio.AbstractNioChannel$AbstractNioUnsafe.finishConnect(AbstractNioChannel.java:340)
	at org.apache.ratis.thirdparty.io.netty.channel.nio.NioEventLoop.processSelectedKey(NioEventLoop.java:632)
	at org.apache.ratis.thirdparty.io.netty.channel.nio.NioEventLoop.processSelectedKeysOptimized(NioEventLoop.java:579)
	at org.apache.ratis.thirdparty.io.netty.channel.nio.NioEventLoop.processSelectedKeys(NioEventLoop.java:496)
	at org.apache.ratis.thirdparty.io.netty.channel.nio.NioEventLoop.run(NioEventLoop.java:458)
	at org.apache.ratis.thirdparty.io.netty.util.concurrent.SingleThreadEventExecutor$5.run(SingleThreadEventExecutor.java:897)
	at org.apache.ratis.thirdparty.io.netty.util.concurrent.FastThreadLocalRunnable.run(FastThreadLocalRunnable.java:30)
	... 1 more
Caused by: java.net.ConnectException: Connection refused
	... 11 more
2019-10-16 17:21:05,082 [6c17ba67-9052-48ab-b55c-e326bb81c936@group-95D7A0F68A30-LeaderElection39] INFO  impl.LeaderElection (LogUtils.java:infoOrTrace(149)) - 6c17ba67-9052-48ab-b55c-e326bb81c936@group-95D7A0F68A30-LeaderElection39 got exception when requesting votes: {}
java.util.concurrent.ExecutionException: org.apache.ratis.thirdparty.io.grpc.StatusRuntimeException: UNAVAILABLE: io exception
	at java.util.concurrent.FutureTask.report(FutureTask.java:122)
	at java.util.concurrent.FutureTask.get(FutureTask.java:192)
	at org.apache.ratis.server.impl.LeaderElection.waitForResults(LeaderElection.java:259)
	at org.apache.ratis.server.impl.LeaderElection.askForVotes(LeaderElection.java:197)
	at org.apache.ratis.server.impl.LeaderElection.run(LeaderElection.java:133)
	at java.lang.Thread.run(Thread.java:748)
Caused by: org.apache.ratis.thirdparty.io.grpc.StatusRuntimeException: UNAVAILABLE: io exception
	at org.apache.ratis.thirdparty.io.grpc.stub.ClientCalls.toStatusRuntimeException(ClientCalls.java:233)
	at org.apache.ratis.thirdparty.io.grpc.stub.ClientCalls.getUnchecked(ClientCalls.java:214)
	at org.apache.ratis.thirdparty.io.grpc.stub.ClientCalls.blockingUnaryCall(ClientCalls.java:139)
	at org.apache.ratis.proto.grpc.RaftServerProtocolServiceGrpc$RaftServerProtocolServiceBlockingStub.requestVote(RaftServerProtocolServiceGrpc.java:265)
	at org.apache.ratis.grpc.server.GrpcServerProtocolClient.requestVote(GrpcServerProtocolClient.java:99)
	at org.apache.ratis.grpc.server.GrpcService.requestVote(GrpcService.java:204)
	at org.apache.ratis.server.impl.LeaderElection.lambda$submitRequests$1(LeaderElection.java:234)
	at java.util.concurrent.FutureTask.run(FutureTask.java:266)
	at java.util.concurrent.Executors$RunnableAdapter.call(Executors.java:511)
	at java.util.concurrent.FutureTask.run(FutureTask.java:266)
	at java.util.concurrent.ThreadPoolExecutor.runWorker(ThreadPoolExecutor.java:1149)
	at java.util.concurrent.ThreadPoolExecutor$Worker.run(ThreadPoolExecutor.java:624)
	... 1 more
Caused by: org.apache.ratis.thirdparty.io.netty.channel.AbstractChannel$AnnotatedConnectException: Connection refused: /192.168.69.90:45999
	at sun.nio.ch.SocketChannelImpl.checkConnect(Native Method)
	at sun.nio.ch.SocketChannelImpl.finishConnect(SocketChannelImpl.java:717)
	at org.apache.ratis.thirdparty.io.netty.channel.socket.nio.NioSocketChannel.doFinishConnect(NioSocketChannel.java:327)
	at org.apache.ratis.thirdparty.io.netty.channel.nio.AbstractNioChannel$AbstractNioUnsafe.finishConnect(AbstractNioChannel.java:340)
	at org.apache.ratis.thirdparty.io.netty.channel.nio.NioEventLoop.processSelectedKey(NioEventLoop.java:632)
	at org.apache.ratis.thirdparty.io.netty.channel.nio.NioEventLoop.processSelectedKeysOptimized(NioEventLoop.java:579)
	at org.apache.ratis.thirdparty.io.netty.channel.nio.NioEventLoop.processSelectedKeys(NioEventLoop.java:496)
	at org.apache.ratis.thirdparty.io.netty.channel.nio.NioEventLoop.run(NioEventLoop.java:458)
	at org.apache.ratis.thirdparty.io.netty.util.concurrent.SingleThreadEventExecutor$5.run(SingleThreadEventExecutor.java:897)
	at org.apache.ratis.thirdparty.io.netty.util.concurrent.FastThreadLocalRunnable.run(FastThreadLocalRunnable.java:30)
	... 1 more
Caused by: java.net.ConnectException: Connection refused
	... 11 more
2019-10-16 17:21:05,084 [6c17ba67-9052-48ab-b55c-e326bb81c936@group-8363CBFC2677-LeaderElection38] INFO  impl.LeaderElection (LeaderElection.java:logAndReturn(56)) - 6c17ba67-9052-48ab-b55c-e326bb81c936@group-8363CBFC2677-LeaderElection38: Election REJECTED; received 0 response(s) [] and 2 exception(s); 6c17ba67-9052-48ab-b55c-e326bb81c936@group-8363CBFC2677:t2, leader=null, voted=6c17ba67-9052-48ab-b55c-e326bb81c936, raftlog=6c17ba67-9052-48ab-b55c-e326bb81c936@group-8363CBFC2677-SegmentedRaftLog:OPENED:c-1,f-1,i0, conf=-1: [8dfecba1-8cf2-4467-bf71-9131598e36cc:192.168.69.90:35390, 6c17ba67-9052-48ab-b55c-e326bb81c936:192.168.69.90:33518, 21b36528-7a33-48f9-a871-a72bce406f0b:192.168.69.90:45999], old=null
2019-10-16 17:21:05,085 [6c17ba67-9052-48ab-b55c-e326bb81c936@group-95D7A0F68A30-LeaderElection39] INFO  impl.LeaderElection (LeaderElection.java:logAndReturn(56)) - 6c17ba67-9052-48ab-b55c-e326bb81c936@group-95D7A0F68A30-LeaderElection39: Election REJECTED; received 0 response(s) [] and 2 exception(s); 6c17ba67-9052-48ab-b55c-e326bb81c936@group-95D7A0F68A30:t2, leader=null, voted=6c17ba67-9052-48ab-b55c-e326bb81c936, raftlog=6c17ba67-9052-48ab-b55c-e326bb81c936@group-95D7A0F68A30-SegmentedRaftLog:OPENED:c-1,f-1,i0, conf=-1: [8dfecba1-8cf2-4467-bf71-9131598e36cc:192.168.69.90:35390, 6c17ba67-9052-48ab-b55c-e326bb81c936:192.168.69.90:33518, 21b36528-7a33-48f9-a871-a72bce406f0b:192.168.69.90:45999], old=null
2019-10-16 17:21:05,085 [6c17ba67-9052-48ab-b55c-e326bb81c936@group-8363CBFC2677-LeaderElection38] INFO  impl.LeaderElection (LogUtils.java:infoOrTrace(149)) -   Exception 0: {}
java.util.concurrent.ExecutionException: org.apache.ratis.thirdparty.io.grpc.StatusRuntimeException: UNAVAILABLE: io exception
	at java.util.concurrent.FutureTask.report(FutureTask.java:122)
	at java.util.concurrent.FutureTask.get(FutureTask.java:192)
	at org.apache.ratis.server.impl.LeaderElection.waitForResults(LeaderElection.java:259)
	at org.apache.ratis.server.impl.LeaderElection.askForVotes(LeaderElection.java:197)
	at org.apache.ratis.server.impl.LeaderElection.run(LeaderElection.java:133)
	at java.lang.Thread.run(Thread.java:748)
Caused by: org.apache.ratis.thirdparty.io.grpc.StatusRuntimeException: UNAVAILABLE: io exception
	at org.apache.ratis.thirdparty.io.grpc.stub.ClientCalls.toStatusRuntimeException(ClientCalls.java:233)
	at org.apache.ratis.thirdparty.io.grpc.stub.ClientCalls.getUnchecked(ClientCalls.java:214)
	at org.apache.ratis.thirdparty.io.grpc.stub.ClientCalls.blockingUnaryCall(ClientCalls.java:139)
	at org.apache.ratis.proto.grpc.RaftServerProtocolServiceGrpc$RaftServerProtocolServiceBlockingStub.requestVote(RaftServerProtocolServiceGrpc.java:265)
	at org.apache.ratis.grpc.server.GrpcServerProtocolClient.requestVote(GrpcServerProtocolClient.java:99)
	at org.apache.ratis.grpc.server.GrpcService.requestVote(GrpcService.java:204)
	at org.apache.ratis.server.impl.LeaderElection.lambda$submitRequests$1(LeaderElection.java:234)
	at java.util.concurrent.FutureTask.run(FutureTask.java:266)
	at java.util.concurrent.Executors$RunnableAdapter.call(Executors.java:511)
	at java.util.concurrent.FutureTask.run(FutureTask.java:266)
	at java.util.concurrent.ThreadPoolExecutor.runWorker(ThreadPoolExecutor.java:1149)
	at java.util.concurrent.ThreadPoolExecutor$Worker.run(ThreadPoolExecutor.java:624)
	... 1 more
Caused by: org.apache.ratis.thirdparty.io.netty.channel.AbstractChannel$AnnotatedConnectException: Connection refused: /192.168.69.90:35390
	at sun.nio.ch.SocketChannelImpl.checkConnect(Native Method)
	at sun.nio.ch.SocketChannelImpl.finishConnect(SocketChannelImpl.java:717)
	at org.apache.ratis.thirdparty.io.netty.channel.socket.nio.NioSocketChannel.doFinishConnect(NioSocketChannel.java:327)
	at org.apache.ratis.thirdparty.io.netty.channel.nio.AbstractNioChannel$AbstractNioUnsafe.finishConnect(AbstractNioChannel.java:340)
	at org.apache.ratis.thirdparty.io.netty.channel.nio.NioEventLoop.processSelectedKey(NioEventLoop.java:632)
	at org.apache.ratis.thirdparty.io.netty.channel.nio.NioEventLoop.processSelectedKeysOptimized(NioEventLoop.java:579)
	at org.apache.ratis.thirdparty.io.netty.channel.nio.NioEventLoop.processSelectedKeys(NioEventLoop.java:496)
	at org.apache.ratis.thirdparty.io.netty.channel.nio.NioEventLoop.run(NioEventLoop.java:458)
	at org.apache.ratis.thirdparty.io.netty.util.concurrent.SingleThreadEventExecutor$5.run(SingleThreadEventExecutor.java:897)
	at org.apache.ratis.thirdparty.io.netty.util.concurrent.FastThreadLocalRunnable.run(FastThreadLocalRunnable.java:30)
	... 1 more
Caused by: java.net.ConnectException: Connection refused
	... 11 more
2019-10-16 17:21:05,085 [6c17ba67-9052-48ab-b55c-e326bb81c936@group-95D7A0F68A30-LeaderElection39] INFO  impl.LeaderElection (LogUtils.java:infoOrTrace(149)) -   Exception 0: {}
java.util.concurrent.ExecutionException: org.apache.ratis.thirdparty.io.grpc.StatusRuntimeException: UNAVAILABLE: io exception
	at java.util.concurrent.FutureTask.report(FutureTask.java:122)
	at java.util.concurrent.FutureTask.get(FutureTask.java:192)
	at org.apache.ratis.server.impl.LeaderElection.waitForResults(LeaderElection.java:259)
	at org.apache.ratis.server.impl.LeaderElection.askForVotes(LeaderElection.java:197)
	at org.apache.ratis.server.impl.LeaderElection.run(LeaderElection.java:133)
	at java.lang.Thread.run(Thread.java:748)
Caused by: org.apache.ratis.thirdparty.io.grpc.StatusRuntimeException: UNAVAILABLE: io exception
	at org.apache.ratis.thirdparty.io.grpc.stub.ClientCalls.toStatusRuntimeException(ClientCalls.java:233)
	at org.apache.ratis.thirdparty.io.grpc.stub.ClientCalls.getUnchecked(ClientCalls.java:214)
	at org.apache.ratis.thirdparty.io.grpc.stub.ClientCalls.blockingUnaryCall(ClientCalls.java:139)
	at org.apache.ratis.proto.grpc.RaftServerProtocolServiceGrpc$RaftServerProtocolServiceBlockingStub.requestVote(RaftServerProtocolServiceGrpc.java:265)
	at org.apache.ratis.grpc.server.GrpcServerProtocolClient.requestVote(GrpcServerProtocolClient.java:99)
	at org.apache.ratis.grpc.server.GrpcService.requestVote(GrpcService.java:204)
	at org.apache.ratis.server.impl.LeaderElection.lambda$submitRequests$1(LeaderElection.java:234)
	at java.util.concurrent.FutureTask.run(FutureTask.java:266)
	at java.util.concurrent.Executors$RunnableAdapter.call(Executors.java:511)
	at java.util.concurrent.FutureTask.run(FutureTask.java:266)
	at java.util.concurrent.ThreadPoolExecutor.runWorker(ThreadPoolExecutor.java:1149)
	at java.util.concurrent.ThreadPoolExecutor$Worker.run(ThreadPoolExecutor.java:624)
	... 1 more
Caused by: org.apache.ratis.thirdparty.io.netty.channel.AbstractChannel$AnnotatedConnectException: Connection refused: /192.168.69.90:35390
	at sun.nio.ch.SocketChannelImpl.checkConnect(Native Method)
	at sun.nio.ch.SocketChannelImpl.finishConnect(SocketChannelImpl.java:717)
	at org.apache.ratis.thirdparty.io.netty.channel.socket.nio.NioSocketChannel.doFinishConnect(NioSocketChannel.java:327)
	at org.apache.ratis.thirdparty.io.netty.channel.nio.AbstractNioChannel$AbstractNioUnsafe.finishConnect(AbstractNioChannel.java:340)
	at org.apache.ratis.thirdparty.io.netty.channel.nio.NioEventLoop.processSelectedKey(NioEventLoop.java:632)
	at org.apache.ratis.thirdparty.io.netty.channel.nio.NioEventLoop.processSelectedKeysOptimized(NioEventLoop.java:579)
	at org.apache.ratis.thirdparty.io.netty.channel.nio.NioEventLoop.processSelectedKeys(NioEventLoop.java:496)
	at org.apache.ratis.thirdparty.io.netty.channel.nio.NioEventLoop.run(NioEventLoop.java:458)
	at org.apache.ratis.thirdparty.io.netty.util.concurrent.SingleThreadEventExecutor$5.run(SingleThreadEventExecutor.java:897)
	at org.apache.ratis.thirdparty.io.netty.util.concurrent.FastThreadLocalRunnable.run(FastThreadLocalRunnable.java:30)
	... 1 more
Caused by: java.net.ConnectException: Connection refused
	... 11 more
2019-10-16 17:21:05,087 [6c17ba67-9052-48ab-b55c-e326bb81c936@group-8363CBFC2677-LeaderElection38] INFO  impl.LeaderElection (LogUtils.java:infoOrTrace(149)) -   Exception 1: {}
java.util.concurrent.ExecutionException: org.apache.ratis.thirdparty.io.grpc.StatusRuntimeException: UNAVAILABLE: io exception
	at java.util.concurrent.FutureTask.report(FutureTask.java:122)
	at java.util.concurrent.FutureTask.get(FutureTask.java:192)
	at org.apache.ratis.server.impl.LeaderElection.waitForResults(LeaderElection.java:259)
	at org.apache.ratis.server.impl.LeaderElection.askForVotes(LeaderElection.java:197)
	at org.apache.ratis.server.impl.LeaderElection.run(LeaderElection.java:133)
	at java.lang.Thread.run(Thread.java:748)
Caused by: org.apache.ratis.thirdparty.io.grpc.StatusRuntimeException: UNAVAILABLE: io exception
	at org.apache.ratis.thirdparty.io.grpc.stub.ClientCalls.toStatusRuntimeException(ClientCalls.java:233)
	at org.apache.ratis.thirdparty.io.grpc.stub.ClientCalls.getUnchecked(ClientCalls.java:214)
	at org.apache.ratis.thirdparty.io.grpc.stub.ClientCalls.blockingUnaryCall(ClientCalls.java:139)
	at org.apache.ratis.proto.grpc.RaftServerProtocolServiceGrpc$RaftServerProtocolServiceBlockingStub.requestVote(RaftServerProtocolServiceGrpc.java:265)
	at org.apache.ratis.grpc.server.GrpcServerProtocolClient.requestVote(GrpcServerProtocolClient.java:99)
	at org.apache.ratis.grpc.server.GrpcService.requestVote(GrpcService.java:204)
	at org.apache.ratis.server.impl.LeaderElection.lambda$submitRequests$1(LeaderElection.java:234)
	at java.util.concurrent.FutureTask.run(FutureTask.java:266)
	at java.util.concurrent.Executors$RunnableAdapter.call(Executors.java:511)
	at java.util.concurrent.FutureTask.run(FutureTask.java:266)
	at java.util.concurrent.ThreadPoolExecutor.runWorker(ThreadPoolExecutor.java:1149)
	at java.util.concurrent.ThreadPoolExecutor$Worker.run(ThreadPoolExecutor.java:624)
	... 1 more
Caused by: org.apache.ratis.thirdparty.io.netty.channel.AbstractChannel$AnnotatedConnectException: Connection refused: /192.168.69.90:45999
	at sun.nio.ch.SocketChannelImpl.checkConnect(Native Method)
	at sun.nio.ch.SocketChannelImpl.finishConnect(SocketChannelImpl.java:717)
	at org.apache.ratis.thirdparty.io.netty.channel.socket.nio.NioSocketChannel.doFinishConnect(NioSocketChannel.java:327)
	at org.apache.ratis.thirdparty.io.netty.channel.nio.AbstractNioChannel$AbstractNioUnsafe.finishConnect(AbstractNioChannel.java:340)
	at org.apache.ratis.thirdparty.io.netty.channel.nio.NioEventLoop.processSelectedKey(NioEventLoop.java:632)
	at org.apache.ratis.thirdparty.io.netty.channel.nio.NioEventLoop.processSelectedKeysOptimized(NioEventLoop.java:579)
	at org.apache.ratis.thirdparty.io.netty.channel.nio.NioEventLoop.processSelectedKeys(NioEventLoop.java:496)
	at org.apache.ratis.thirdparty.io.netty.channel.nio.NioEventLoop.run(NioEventLoop.java:458)
	at org.apache.ratis.thirdparty.io.netty.util.concurrent.SingleThreadEventExecutor$5.run(SingleThreadEventExecutor.java:897)
	at org.apache.ratis.thirdparty.io.netty.util.concurrent.FastThreadLocalRunnable.run(FastThreadLocalRunnable.java:30)
	... 1 more
Caused by: java.net.ConnectException: Connection refused
	... 11 more
2019-10-16 17:21:05,088 [6c17ba67-9052-48ab-b55c-e326bb81c936@group-95D7A0F68A30-LeaderElection39] INFO  impl.LeaderElection (LogUtils.java:infoOrTrace(149)) -   Exception 1: {}
java.util.concurrent.ExecutionException: org.apache.ratis.thirdparty.io.grpc.StatusRuntimeException: UNAVAILABLE: io exception
	at java.util.concurrent.FutureTask.report(FutureTask.java:122)
	at java.util.concurrent.FutureTask.get(FutureTask.java:192)
	at org.apache.ratis.server.impl.LeaderElection.waitForResults(LeaderElection.java:259)
	at org.apache.ratis.server.impl.LeaderElection.askForVotes(LeaderElection.java:197)
	at org.apache.ratis.server.impl.LeaderElection.run(LeaderElection.java:133)
	at java.lang.Thread.run(Thread.java:748)
Caused by: org.apache.ratis.thirdparty.io.grpc.StatusRuntimeException: UNAVAILABLE: io exception
	at org.apache.ratis.thirdparty.io.grpc.stub.ClientCalls.toStatusRuntimeException(ClientCalls.java:233)
	at org.apache.ratis.thirdparty.io.grpc.stub.ClientCalls.getUnchecked(ClientCalls.java:214)
	at org.apache.ratis.thirdparty.io.grpc.stub.ClientCalls.blockingUnaryCall(ClientCalls.java:139)
	at org.apache.ratis.proto.grpc.RaftServerProtocolServiceGrpc$RaftServerProtocolServiceBlockingStub.requestVote(RaftServerProtocolServiceGrpc.java:265)
	at org.apache.ratis.grpc.server.GrpcServerProtocolClient.requestVote(GrpcServerProtocolClient.java:99)
	at org.apache.ratis.grpc.server.GrpcService.requestVote(GrpcService.java:204)
	at org.apache.ratis.server.impl.LeaderElection.lambda$submitRequests$1(LeaderElection.java:234)
	at java.util.concurrent.FutureTask.run(FutureTask.java:266)
	at java.util.concurrent.Executors$RunnableAdapter.call(Executors.java:511)
	at java.util.concurrent.FutureTask.run(FutureTask.java:266)
	at java.util.concurrent.ThreadPoolExecutor.runWorker(ThreadPoolExecutor.java:1149)
	at java.util.concurrent.ThreadPoolExecutor$Worker.run(ThreadPoolExecutor.java:624)
	... 1 more
Caused by: org.apache.ratis.thirdparty.io.netty.channel.AbstractChannel$AnnotatedConnectException: Connection refused: /192.168.69.90:45999
	at sun.nio.ch.SocketChannelImpl.checkConnect(Native Method)
	at sun.nio.ch.SocketChannelImpl.finishConnect(SocketChannelImpl.java:717)
	at org.apache.ratis.thirdparty.io.netty.channel.socket.nio.NioSocketChannel.doFinishConnect(NioSocketChannel.java:327)
	at org.apache.ratis.thirdparty.io.netty.channel.nio.AbstractNioChannel$AbstractNioUnsafe.finishConnect(AbstractNioChannel.java:340)
	at org.apache.ratis.thirdparty.io.netty.channel.nio.NioEventLoop.processSelectedKey(NioEventLoop.java:632)
	at org.apache.ratis.thirdparty.io.netty.channel.nio.NioEventLoop.processSelectedKeysOptimized(NioEventLoop.java:579)
	at org.apache.ratis.thirdparty.io.netty.channel.nio.NioEventLoop.processSelectedKeys(NioEventLoop.java:496)
	at org.apache.ratis.thirdparty.io.netty.channel.nio.NioEventLoop.run(NioEventLoop.java:458)
	at org.apache.ratis.thirdparty.io.netty.util.concurrent.SingleThreadEventExecutor$5.run(SingleThreadEventExecutor.java:897)
	at org.apache.ratis.thirdparty.io.netty.util.concurrent.FastThreadLocalRunnable.run(FastThreadLocalRunnable.java:30)
	... 1 more
Caused by: java.net.ConnectException: Connection refused
	... 11 more
2019-10-16 17:21:05,088 [6c17ba67-9052-48ab-b55c-e326bb81c936@group-8363CBFC2677-LeaderElection38] INFO  impl.RaftServerImpl (RaftServerImpl.java:setRole(170)) - 6c17ba67-9052-48ab-b55c-e326bb81c936@group-8363CBFC2677: changes role from CANDIDATE to FOLLOWER at term 2 for DISCOVERED_A_NEW_TERM
2019-10-16 17:21:05,089 [6c17ba67-9052-48ab-b55c-e326bb81c936@group-95D7A0F68A30-LeaderElection39] INFO  impl.RaftServerImpl (RaftServerImpl.java:setRole(170)) - 6c17ba67-9052-48ab-b55c-e326bb81c936@group-95D7A0F68A30: changes role from CANDIDATE to FOLLOWER at term 2 for DISCOVERED_A_NEW_TERM
2019-10-16 17:21:05,089 [6c17ba67-9052-48ab-b55c-e326bb81c936@group-8363CBFC2677-LeaderElection38] INFO  impl.RoleInfo (RoleInfo.java:shutdownLeaderElection(134)) - 6c17ba67-9052-48ab-b55c-e326bb81c936: shutdown LeaderElection
2019-10-16 17:21:05,089 [6c17ba67-9052-48ab-b55c-e326bb81c936@group-95D7A0F68A30-LeaderElection39] INFO  impl.RoleInfo (RoleInfo.java:shutdownLeaderElection(134)) - 6c17ba67-9052-48ab-b55c-e326bb81c936: shutdown LeaderElection
2019-10-16 17:21:05,089 [6c17ba67-9052-48ab-b55c-e326bb81c936@group-8363CBFC2677-LeaderElection38] INFO  impl.RoleInfo (RoleInfo.java:updateAndGet(143)) - 6c17ba67-9052-48ab-b55c-e326bb81c936: start FollowerState
2019-10-16 17:21:05,089 [6c17ba67-9052-48ab-b55c-e326bb81c936@group-95D7A0F68A30-LeaderElection39] INFO  impl.RoleInfo (RoleInfo.java:updateAndGet(143)) - 6c17ba67-9052-48ab-b55c-e326bb81c936: start FollowerState
2019-10-16 17:21:06,114 [Thread-1299] INFO  impl.FollowerState (FollowerState.java:run(108)) - 6c17ba67-9052-48ab-b55c-e326bb81c936@group-EDF3B1B09235-FollowerState: change to CANDIDATE, lastRpcTime:1159ms, electionTimeout:1159ms
2019-10-16 17:21:06,115 [Thread-1299] INFO  impl.RoleInfo (RoleInfo.java:shutdownFollowerState(121)) - 6c17ba67-9052-48ab-b55c-e326bb81c936: shutdown FollowerState
2019-10-16 17:21:06,115 [Thread-1299] INFO  impl.RaftServerImpl (RaftServerImpl.java:setRole(170)) - 6c17ba67-9052-48ab-b55c-e326bb81c936@group-EDF3B1B09235: changes role from  FOLLOWER to CANDIDATE at term 2 for changeToCandidate
2019-10-16 17:21:06,115 [Thread-1299] INFO  impl.RoleInfo (RoleInfo.java:updateAndGet(143)) - 6c17ba67-9052-48ab-b55c-e326bb81c936: start LeaderElection
2019-10-16 17:21:06,130 [6c17ba67-9052-48ab-b55c-e326bb81c936@group-EDF3B1B09235-LeaderElection40] INFO  impl.LeaderElection (LeaderElection.java:askForVotes(178)) - 6c17ba67-9052-48ab-b55c-e326bb81c936@group-EDF3B1B09235-LeaderElection40: begin an election at term 3 for -1: [8dfecba1-8cf2-4467-bf71-9131598e36cc:192.168.69.90:35390, 6c17ba67-9052-48ab-b55c-e326bb81c936:192.168.69.90:33518, 21b36528-7a33-48f9-a871-a72bce406f0b:192.168.69.90:45999], old=null
2019-10-16 17:21:06,131 [6c17ba67-9052-48ab-b55c-e326bb81c936@group-EDF3B1B09235-LeaderElection40] INFO  impl.LeaderElection (LogUtils.java:infoOrTrace(149)) - 6c17ba67-9052-48ab-b55c-e326bb81c936@group-EDF3B1B09235-LeaderElection40 got exception when requesting votes: {}
java.util.concurrent.ExecutionException: org.apache.ratis.thirdparty.io.grpc.StatusRuntimeException: UNAVAILABLE: io exception
	at java.util.concurrent.FutureTask.report(FutureTask.java:122)
	at java.util.concurrent.FutureTask.get(FutureTask.java:192)
	at org.apache.ratis.server.impl.LeaderElection.waitForResults(LeaderElection.java:259)
	at org.apache.ratis.server.impl.LeaderElection.askForVotes(LeaderElection.java:197)
	at org.apache.ratis.server.impl.LeaderElection.run(LeaderElection.java:133)
	at java.lang.Thread.run(Thread.java:748)
Caused by: org.apache.ratis.thirdparty.io.grpc.StatusRuntimeException: UNAVAILABLE: io exception
	at org.apache.ratis.thirdparty.io.grpc.stub.ClientCalls.toStatusRuntimeException(ClientCalls.java:233)
	at org.apache.ratis.thirdparty.io.grpc.stub.ClientCalls.getUnchecked(ClientCalls.java:214)
	at org.apache.ratis.thirdparty.io.grpc.stub.ClientCalls.blockingUnaryCall(ClientCalls.java:139)
	at org.apache.ratis.proto.grpc.RaftServerProtocolServiceGrpc$RaftServerProtocolServiceBlockingStub.requestVote(RaftServerProtocolServiceGrpc.java:265)
	at org.apache.ratis.grpc.server.GrpcServerProtocolClient.requestVote(GrpcServerProtocolClient.java:99)
	at org.apache.ratis.grpc.server.GrpcService.requestVote(GrpcService.java:204)
	at org.apache.ratis.server.impl.LeaderElection.lambda$submitRequests$1(LeaderElection.java:234)
	at java.util.concurrent.FutureTask.run(FutureTask.java:266)
	at java.util.concurrent.Executors$RunnableAdapter.call(Executors.java:511)
	at java.util.concurrent.FutureTask.run(FutureTask.java:266)
	at java.util.concurrent.ThreadPoolExecutor.runWorker(ThreadPoolExecutor.java:1149)
	at java.util.concurrent.ThreadPoolExecutor$Worker.run(ThreadPoolExecutor.java:624)
	... 1 more
Caused by: org.apache.ratis.thirdparty.io.netty.channel.AbstractChannel$AnnotatedConnectException: Connection refused: /192.168.69.90:35390
	at sun.nio.ch.SocketChannelImpl.checkConnect(Native Method)
	at sun.nio.ch.SocketChannelImpl.finishConnect(SocketChannelImpl.java:717)
	at org.apache.ratis.thirdparty.io.netty.channel.socket.nio.NioSocketChannel.doFinishConnect(NioSocketChannel.java:327)
	at org.apache.ratis.thirdparty.io.netty.channel.nio.AbstractNioChannel$AbstractNioUnsafe.finishConnect(AbstractNioChannel.java:340)
	at org.apache.ratis.thirdparty.io.netty.channel.nio.NioEventLoop.processSelectedKey(NioEventLoop.java:632)
	at org.apache.ratis.thirdparty.io.netty.channel.nio.NioEventLoop.processSelectedKeysOptimized(NioEventLoop.java:579)
	at org.apache.ratis.thirdparty.io.netty.channel.nio.NioEventLoop.processSelectedKeys(NioEventLoop.java:496)
	at org.apache.ratis.thirdparty.io.netty.channel.nio.NioEventLoop.run(NioEventLoop.java:458)
	at org.apache.ratis.thirdparty.io.netty.util.concurrent.SingleThreadEventExecutor$5.run(SingleThreadEventExecutor.java:897)
	at org.apache.ratis.thirdparty.io.netty.util.concurrent.FastThreadLocalRunnable.run(FastThreadLocalRunnable.java:30)
	... 1 more
Caused by: java.net.ConnectException: Connection refused
	... 11 more
2019-10-16 17:21:06,138 [6c17ba67-9052-48ab-b55c-e326bb81c936@group-EDF3B1B09235-LeaderElection40] INFO  impl.LeaderElection (LogUtils.java:infoOrTrace(149)) - 6c17ba67-9052-48ab-b55c-e326bb81c936@group-EDF3B1B09235-LeaderElection40 got exception when requesting votes: {}
java.util.concurrent.ExecutionException: org.apache.ratis.thirdparty.io.grpc.StatusRuntimeException: UNAVAILABLE: io exception
	at java.util.concurrent.FutureTask.report(FutureTask.java:122)
	at java.util.concurrent.FutureTask.get(FutureTask.java:192)
	at org.apache.ratis.server.impl.LeaderElection.waitForResults(LeaderElection.java:259)
	at org.apache.ratis.server.impl.LeaderElection.askForVotes(LeaderElection.java:197)
	at org.apache.ratis.server.impl.LeaderElection.run(LeaderElection.java:133)
	at java.lang.Thread.run(Thread.java:748)
Caused by: org.apache.ratis.thirdparty.io.grpc.StatusRuntimeException: UNAVAILABLE: io exception
	at org.apache.ratis.thirdparty.io.grpc.stub.ClientCalls.toStatusRuntimeException(ClientCalls.java:233)
	at org.apache.ratis.thirdparty.io.grpc.stub.ClientCalls.getUnchecked(ClientCalls.java:214)
	at org.apache.ratis.thirdparty.io.grpc.stub.ClientCalls.blockingUnaryCall(ClientCalls.java:139)
	at org.apache.ratis.proto.grpc.RaftServerProtocolServiceGrpc$RaftServerProtocolServiceBlockingStub.requestVote(RaftServerProtocolServiceGrpc.java:265)
	at org.apache.ratis.grpc.server.GrpcServerProtocolClient.requestVote(GrpcServerProtocolClient.java:99)
	at org.apache.ratis.grpc.server.GrpcService.requestVote(GrpcService.java:204)
	at org.apache.ratis.server.impl.LeaderElection.lambda$submitRequests$1(LeaderElection.java:234)
	at java.util.concurrent.FutureTask.run(FutureTask.java:266)
	at java.util.concurrent.Executors$RunnableAdapter.call(Executors.java:511)
	at java.util.concurrent.FutureTask.run(FutureTask.java:266)
	at java.util.concurrent.ThreadPoolExecutor.runWorker(ThreadPoolExecutor.java:1149)
	at java.util.concurrent.ThreadPoolExecutor$Worker.run(ThreadPoolExecutor.java:624)
	... 1 more
Caused by: org.apache.ratis.thirdparty.io.netty.channel.AbstractChannel$AnnotatedConnectException: Connection refused: /192.168.69.90:45999
	at sun.nio.ch.SocketChannelImpl.checkConnect(Native Method)
	at sun.nio.ch.SocketChannelImpl.finishConnect(SocketChannelImpl.java:717)
	at org.apache.ratis.thirdparty.io.netty.channel.socket.nio.NioSocketChannel.doFinishConnect(NioSocketChannel.java:327)
	at org.apache.ratis.thirdparty.io.netty.channel.nio.AbstractNioChannel$AbstractNioUnsafe.finishConnect(AbstractNioChannel.java:340)
	at org.apache.ratis.thirdparty.io.netty.channel.nio.NioEventLoop.processSelectedKey(NioEventLoop.java:632)
	at org.apache.ratis.thirdparty.io.netty.channel.nio.NioEventLoop.processSelectedKeysOptimized(NioEventLoop.java:579)
	at org.apache.ratis.thirdparty.io.netty.channel.nio.NioEventLoop.processSelectedKeys(NioEventLoop.java:496)
	at org.apache.ratis.thirdparty.io.netty.channel.nio.NioEventLoop.run(NioEventLoop.java:458)
	at org.apache.ratis.thirdparty.io.netty.util.concurrent.SingleThreadEventExecutor$5.run(SingleThreadEventExecutor.java:897)
	at org.apache.ratis.thirdparty.io.netty.util.concurrent.FastThreadLocalRunnable.run(FastThreadLocalRunnable.java:30)
	... 1 more
Caused by: java.net.ConnectException: Connection refused
	... 11 more
2019-10-16 17:21:06,140 [6c17ba67-9052-48ab-b55c-e326bb81c936@group-EDF3B1B09235-LeaderElection40] INFO  impl.LeaderElection (LeaderElection.java:logAndReturn(56)) - 6c17ba67-9052-48ab-b55c-e326bb81c936@group-EDF3B1B09235-LeaderElection40: Election REJECTED; received 0 response(s) [] and 2 exception(s); 6c17ba67-9052-48ab-b55c-e326bb81c936@group-EDF3B1B09235:t3, leader=null, voted=6c17ba67-9052-48ab-b55c-e326bb81c936, raftlog=6c17ba67-9052-48ab-b55c-e326bb81c936@group-EDF3B1B09235-SegmentedRaftLog:OPENED:c-1,f-1,i0, conf=-1: [8dfecba1-8cf2-4467-bf71-9131598e36cc:192.168.69.90:35390, 6c17ba67-9052-48ab-b55c-e326bb81c936:192.168.69.90:33518, 21b36528-7a33-48f9-a871-a72bce406f0b:192.168.69.90:45999], old=null
2019-10-16 17:21:06,140 [6c17ba67-9052-48ab-b55c-e326bb81c936@group-EDF3B1B09235-LeaderElection40] INFO  impl.LeaderElection (LogUtils.java:infoOrTrace(149)) -   Exception 0: {}
java.util.concurrent.ExecutionException: org.apache.ratis.thirdparty.io.grpc.StatusRuntimeException: UNAVAILABLE: io exception
	at java.util.concurrent.FutureTask.report(FutureTask.java:122)
	at java.util.concurrent.FutureTask.get(FutureTask.java:192)
	at org.apache.ratis.server.impl.LeaderElection.waitForResults(LeaderElection.java:259)
	at org.apache.ratis.server.impl.LeaderElection.askForVotes(LeaderElection.java:197)
	at org.apache.ratis.server.impl.LeaderElection.run(LeaderElection.java:133)
	at java.lang.Thread.run(Thread.java:748)
Caused by: org.apache.ratis.thirdparty.io.grpc.StatusRuntimeException: UNAVAILABLE: io exception
	at org.apache.ratis.thirdparty.io.grpc.stub.ClientCalls.toStatusRuntimeException(ClientCalls.java:233)
	at org.apache.ratis.thirdparty.io.grpc.stub.ClientCalls.getUnchecked(ClientCalls.java:214)
	at org.apache.ratis.thirdparty.io.grpc.stub.ClientCalls.blockingUnaryCall(ClientCalls.java:139)
	at org.apache.ratis.proto.grpc.RaftServerProtocolServiceGrpc$RaftServerProtocolServiceBlockingStub.requestVote(RaftServerProtocolServiceGrpc.java:265)
	at org.apache.ratis.grpc.server.GrpcServerProtocolClient.requestVote(GrpcServerProtocolClient.java:99)
	at org.apache.ratis.grpc.server.GrpcService.requestVote(GrpcService.java:204)
	at org.apache.ratis.server.impl.LeaderElection.lambda$submitRequests$1(LeaderElection.java:234)
	at java.util.concurrent.FutureTask.run(FutureTask.java:266)
	at java.util.concurrent.Executors$RunnableAdapter.call(Executors.java:511)
	at java.util.concurrent.FutureTask.run(FutureTask.java:266)
	at java.util.concurrent.ThreadPoolExecutor.runWorker(ThreadPoolExecutor.java:1149)
	at java.util.concurrent.ThreadPoolExecutor$Worker.run(ThreadPoolExecutor.java:624)
	... 1 more
Caused by: org.apache.ratis.thirdparty.io.netty.channel.AbstractChannel$AnnotatedConnectException: Connection refused: /192.168.69.90:35390
	at sun.nio.ch.SocketChannelImpl.checkConnect(Native Method)
	at sun.nio.ch.SocketChannelImpl.finishConnect(SocketChannelImpl.java:717)
	at org.apache.ratis.thirdparty.io.netty.channel.socket.nio.NioSocketChannel.doFinishConnect(NioSocketChannel.java:327)
	at org.apache.ratis.thirdparty.io.netty.channel.nio.AbstractNioChannel$AbstractNioUnsafe.finishConnect(AbstractNioChannel.java:340)
	at org.apache.ratis.thirdparty.io.netty.channel.nio.NioEventLoop.processSelectedKey(NioEventLoop.java:632)
	at org.apache.ratis.thirdparty.io.netty.channel.nio.NioEventLoop.processSelectedKeysOptimized(NioEventLoop.java:579)
	at org.apache.ratis.thirdparty.io.netty.channel.nio.NioEventLoop.processSelectedKeys(NioEventLoop.java:496)
	at org.apache.ratis.thirdparty.io.netty.channel.nio.NioEventLoop.run(NioEventLoop.java:458)
	at org.apache.ratis.thirdparty.io.netty.util.concurrent.SingleThreadEventExecutor$5.run(SingleThreadEventExecutor.java:897)
	at org.apache.ratis.thirdparty.io.netty.util.concurrent.FastThreadLocalRunnable.run(FastThreadLocalRunnable.java:30)
	... 1 more
Caused by: java.net.ConnectException: Connection refused
	... 11 more
2019-10-16 17:21:06,140 [6c17ba67-9052-48ab-b55c-e326bb81c936@group-EDF3B1B09235-LeaderElection40] INFO  impl.LeaderElection (LogUtils.java:infoOrTrace(149)) -   Exception 1: {}
java.util.concurrent.ExecutionException: org.apache.ratis.thirdparty.io.grpc.StatusRuntimeException: UNAVAILABLE: io exception
	at java.util.concurrent.FutureTask.report(FutureTask.java:122)
	at java.util.concurrent.FutureTask.get(FutureTask.java:192)
	at org.apache.ratis.server.impl.LeaderElection.waitForResults(LeaderElection.java:259)
	at org.apache.ratis.server.impl.LeaderElection.askForVotes(LeaderElection.java:197)
	at org.apache.ratis.server.impl.LeaderElection.run(LeaderElection.java:133)
	at java.lang.Thread.run(Thread.java:748)
Caused by: org.apache.ratis.thirdparty.io.grpc.StatusRuntimeException: UNAVAILABLE: io exception
	at org.apache.ratis.thirdparty.io.grpc.stub.ClientCalls.toStatusRuntimeException(ClientCalls.java:233)
	at org.apache.ratis.thirdparty.io.grpc.stub.ClientCalls.getUnchecked(ClientCalls.java:214)
	at org.apache.ratis.thirdparty.io.grpc.stub.ClientCalls.blockingUnaryCall(ClientCalls.java:139)
	at org.apache.ratis.proto.grpc.RaftServerProtocolServiceGrpc$RaftServerProtocolServiceBlockingStub.requestVote(RaftServerProtocolServiceGrpc.java:265)
	at org.apache.ratis.grpc.server.GrpcServerProtocolClient.requestVote(GrpcServerProtocolClient.java:99)
	at org.apache.ratis.grpc.server.GrpcService.requestVote(GrpcService.java:204)
	at org.apache.ratis.server.impl.LeaderElection.lambda$submitRequests$1(LeaderElection.java:234)
	at java.util.concurrent.FutureTask.run(FutureTask.java:266)
	at java.util.concurrent.Executors$RunnableAdapter.call(Executors.java:511)
	at java.util.concurrent.FutureTask.run(FutureTask.java:266)
	at java.util.concurrent.ThreadPoolExecutor.runWorker(ThreadPoolExecutor.java:1149)
	at java.util.concurrent.ThreadPoolExecutor$Worker.run(ThreadPoolExecutor.java:624)
	... 1 more
Caused by: org.apache.ratis.thirdparty.io.netty.channel.AbstractChannel$AnnotatedConnectException: Connection refused: /192.168.69.90:45999
	at sun.nio.ch.SocketChannelImpl.checkConnect(Native Method)
	at sun.nio.ch.SocketChannelImpl.finishConnect(SocketChannelImpl.java:717)
	at org.apache.ratis.thirdparty.io.netty.channel.socket.nio.NioSocketChannel.doFinishConnect(NioSocketChannel.java:327)
	at org.apache.ratis.thirdparty.io.netty.channel.nio.AbstractNioChannel$AbstractNioUnsafe.finishConnect(AbstractNioChannel.java:340)
	at org.apache.ratis.thirdparty.io.netty.channel.nio.NioEventLoop.processSelectedKey(NioEventLoop.java:632)
	at org.apache.ratis.thirdparty.io.netty.channel.nio.NioEventLoop.processSelectedKeysOptimized(NioEventLoop.java:579)
	at org.apache.ratis.thirdparty.io.netty.channel.nio.NioEventLoop.processSelectedKeys(NioEventLoop.java:496)
	at org.apache.ratis.thirdparty.io.netty.channel.nio.NioEventLoop.run(NioEventLoop.java:458)
	at org.apache.ratis.thirdparty.io.netty.util.concurrent.SingleThreadEventExecutor$5.run(SingleThreadEventExecutor.java:897)
	at org.apache.ratis.thirdparty.io.netty.util.concurrent.FastThreadLocalRunnable.run(FastThreadLocalRunnable.java:30)
	... 1 more
Caused by: java.net.ConnectException: Connection refused
	... 11 more
2019-10-16 17:21:06,141 [6c17ba67-9052-48ab-b55c-e326bb81c936@group-EDF3B1B09235-LeaderElection40] INFO  impl.RaftServerImpl (RaftServerImpl.java:setRole(170)) - 6c17ba67-9052-48ab-b55c-e326bb81c936@group-EDF3B1B09235: changes role from CANDIDATE to FOLLOWER at term 3 for DISCOVERED_A_NEW_TERM
2019-10-16 17:21:06,141 [6c17ba67-9052-48ab-b55c-e326bb81c936@group-EDF3B1B09235-LeaderElection40] INFO  impl.RoleInfo (RoleInfo.java:shutdownLeaderElection(134)) - 6c17ba67-9052-48ab-b55c-e326bb81c936: shutdown LeaderElection
2019-10-16 17:21:06,141 [6c17ba67-9052-48ab-b55c-e326bb81c936@group-EDF3B1B09235-LeaderElection40] INFO  impl.RoleInfo (RoleInfo.java:updateAndGet(143)) - 6c17ba67-9052-48ab-b55c-e326bb81c936: start FollowerState
2019-10-16 17:21:06,158 [Thread-1306] INFO  impl.FollowerState (FollowerState.java:run(108)) - 6c17ba67-9052-48ab-b55c-e326bb81c936@group-8363CBFC2677-FollowerState: change to CANDIDATE, lastRpcTime:1068ms, electionTimeout:1068ms
2019-10-16 17:21:06,160 [Thread-1306] INFO  impl.RoleInfo (RoleInfo.java:shutdownFollowerState(121)) - 6c17ba67-9052-48ab-b55c-e326bb81c936: shutdown FollowerState
2019-10-16 17:21:06,160 [Thread-1306] INFO  impl.RaftServerImpl (RaftServerImpl.java:setRole(170)) - 6c17ba67-9052-48ab-b55c-e326bb81c936@group-8363CBFC2677: changes role from  FOLLOWER to CANDIDATE at term 2 for changeToCandidate
2019-10-16 17:21:06,160 [Thread-1306] INFO  impl.RoleInfo (RoleInfo.java:updateAndGet(143)) - 6c17ba67-9052-48ab-b55c-e326bb81c936: start LeaderElection
2019-10-16 17:21:06,175 [6c17ba67-9052-48ab-b55c-e326bb81c936@group-8363CBFC2677-LeaderElection41] INFO  impl.LeaderElection (LeaderElection.java:askForVotes(178)) - 6c17ba67-9052-48ab-b55c-e326bb81c936@group-8363CBFC2677-LeaderElection41: begin an election at term 3 for -1: [8dfecba1-8cf2-4467-bf71-9131598e36cc:192.168.69.90:35390, 6c17ba67-9052-48ab-b55c-e326bb81c936:192.168.69.90:33518, 21b36528-7a33-48f9-a871-a72bce406f0b:192.168.69.90:45999], old=null
2019-10-16 17:21:06,176 [6c17ba67-9052-48ab-b55c-e326bb81c936@group-8363CBFC2677-LeaderElection41] INFO  impl.LeaderElection (LogUtils.java:infoOrTrace(149)) - 6c17ba67-9052-48ab-b55c-e326bb81c936@group-8363CBFC2677-LeaderElection41 got exception when requesting votes: {}
java.util.concurrent.ExecutionException: org.apache.ratis.thirdparty.io.grpc.StatusRuntimeException: UNAVAILABLE: io exception
	at java.util.concurrent.FutureTask.report(FutureTask.java:122)
	at java.util.concurrent.FutureTask.get(FutureTask.java:192)
	at org.apache.ratis.server.impl.LeaderElection.waitForResults(LeaderElection.java:259)
	at org.apache.ratis.server.impl.LeaderElection.askForVotes(LeaderElection.java:197)
	at org.apache.ratis.server.impl.LeaderElection.run(LeaderElection.java:133)
	at java.lang.Thread.run(Thread.java:748)
Caused by: org.apache.ratis.thirdparty.io.grpc.StatusRuntimeException: UNAVAILABLE: io exception
	at org.apache.ratis.thirdparty.io.grpc.stub.ClientCalls.toStatusRuntimeException(ClientCalls.java:233)
	at org.apache.ratis.thirdparty.io.grpc.stub.ClientCalls.getUnchecked(ClientCalls.java:214)
	at org.apache.ratis.thirdparty.io.grpc.stub.ClientCalls.blockingUnaryCall(ClientCalls.java:139)
	at org.apache.ratis.proto.grpc.RaftServerProtocolServiceGrpc$RaftServerProtocolServiceBlockingStub.requestVote(RaftServerProtocolServiceGrpc.java:265)
	at org.apache.ratis.grpc.server.GrpcServerProtocolClient.requestVote(GrpcServerProtocolClient.java:99)
	at org.apache.ratis.grpc.server.GrpcService.requestVote(GrpcService.java:204)
	at org.apache.ratis.server.impl.LeaderElection.lambda$submitRequests$1(LeaderElection.java:234)
	at java.util.concurrent.FutureTask.run(FutureTask.java:266)
	at java.util.concurrent.Executors$RunnableAdapter.call(Executors.java:511)
	at java.util.concurrent.FutureTask.run(FutureTask.java:266)
	at java.util.concurrent.ThreadPoolExecutor.runWorker(ThreadPoolExecutor.java:1149)
	at java.util.concurrent.ThreadPoolExecutor$Worker.run(ThreadPoolExecutor.java:624)
	... 1 more
Caused by: org.apache.ratis.thirdparty.io.netty.channel.AbstractChannel$AnnotatedConnectException: Connection refused: /192.168.69.90:35390
	at sun.nio.ch.SocketChannelImpl.checkConnect(Native Method)
	at sun.nio.ch.SocketChannelImpl.finishConnect(SocketChannelImpl.java:717)
	at org.apache.ratis.thirdparty.io.netty.channel.socket.nio.NioSocketChannel.doFinishConnect(NioSocketChannel.java:327)
	at org.apache.ratis.thirdparty.io.netty.channel.nio.AbstractNioChannel$AbstractNioUnsafe.finishConnect(AbstractNioChannel.java:340)
	at org.apache.ratis.thirdparty.io.netty.channel.nio.NioEventLoop.processSelectedKey(NioEventLoop.java:632)
	at org.apache.ratis.thirdparty.io.netty.channel.nio.NioEventLoop.processSelectedKeysOptimized(NioEventLoop.java:579)
	at org.apache.ratis.thirdparty.io.netty.channel.nio.NioEventLoop.processSelectedKeys(NioEventLoop.java:496)
	at org.apache.ratis.thirdparty.io.netty.channel.nio.NioEventLoop.run(NioEventLoop.java:458)
	at org.apache.ratis.thirdparty.io.netty.util.concurrent.SingleThreadEventExecutor$5.run(SingleThreadEventExecutor.java:897)
	at org.apache.ratis.thirdparty.io.netty.util.concurrent.FastThreadLocalRunnable.run(FastThreadLocalRunnable.java:30)
	... 1 more
Caused by: java.net.ConnectException: Connection refused
	... 11 more
2019-10-16 17:21:06,178 [6c17ba67-9052-48ab-b55c-e326bb81c936@group-8363CBFC2677-LeaderElection41] INFO  impl.LeaderElection (LogUtils.java:infoOrTrace(149)) - 6c17ba67-9052-48ab-b55c-e326bb81c936@group-8363CBFC2677-LeaderElection41 got exception when requesting votes: {}
java.util.concurrent.ExecutionException: org.apache.ratis.thirdparty.io.grpc.StatusRuntimeException: UNAVAILABLE: io exception
	at java.util.concurrent.FutureTask.report(FutureTask.java:122)
	at java.util.concurrent.FutureTask.get(FutureTask.java:192)
	at org.apache.ratis.server.impl.LeaderElection.waitForResults(LeaderElection.java:259)
	at org.apache.ratis.server.impl.LeaderElection.askForVotes(LeaderElection.java:197)
	at org.apache.ratis.server.impl.LeaderElection.run(LeaderElection.java:133)
	at java.lang.Thread.run(Thread.java:748)
Caused by: org.apache.ratis.thirdparty.io.grpc.StatusRuntimeException: UNAVAILABLE: io exception
	at org.apache.ratis.thirdparty.io.grpc.stub.ClientCalls.toStatusRuntimeException(ClientCalls.java:233)
	at org.apache.ratis.thirdparty.io.grpc.stub.ClientCalls.getUnchecked(ClientCalls.java:214)
	at org.apache.ratis.thirdparty.io.grpc.stub.ClientCalls.blockingUnaryCall(ClientCalls.java:139)
	at org.apache.ratis.proto.grpc.RaftServerProtocolServiceGrpc$RaftServerProtocolServiceBlockingStub.requestVote(RaftServerProtocolServiceGrpc.java:265)
	at org.apache.ratis.grpc.server.GrpcServerProtocolClient.requestVote(GrpcServerProtocolClient.java:99)
	at org.apache.ratis.grpc.server.GrpcService.requestVote(GrpcService.java:204)
	at org.apache.ratis.server.impl.LeaderElection.lambda$submitRequests$1(LeaderElection.java:234)
	at java.util.concurrent.FutureTask.run(FutureTask.java:266)
	at java.util.concurrent.Executors$RunnableAdapter.call(Executors.java:511)
	at java.util.concurrent.FutureTask.run(FutureTask.java:266)
	at java.util.concurrent.ThreadPoolExecutor.runWorker(ThreadPoolExecutor.java:1149)
	at java.util.concurrent.ThreadPoolExecutor$Worker.run(ThreadPoolExecutor.java:624)
	... 1 more
Caused by: org.apache.ratis.thirdparty.io.netty.channel.AbstractChannel$AnnotatedConnectException: Connection refused: /192.168.69.90:45999
	at sun.nio.ch.SocketChannelImpl.checkConnect(Native Method)
	at sun.nio.ch.SocketChannelImpl.finishConnect(SocketChannelImpl.java:717)
	at org.apache.ratis.thirdparty.io.netty.channel.socket.nio.NioSocketChannel.doFinishConnect(NioSocketChannel.java:327)
	at org.apache.ratis.thirdparty.io.netty.channel.nio.AbstractNioChannel$AbstractNioUnsafe.finishConnect(AbstractNioChannel.java:340)
	at org.apache.ratis.thirdparty.io.netty.channel.nio.NioEventLoop.processSelectedKey(NioEventLoop.java:632)
	at org.apache.ratis.thirdparty.io.netty.channel.nio.NioEventLoop.processSelectedKeysOptimized(NioEventLoop.java:579)
	at org.apache.ratis.thirdparty.io.netty.channel.nio.NioEventLoop.processSelectedKeys(NioEventLoop.java:496)
	at org.apache.ratis.thirdparty.io.netty.channel.nio.NioEventLoop.run(NioEventLoop.java:458)
	at org.apache.ratis.thirdparty.io.netty.util.concurrent.SingleThreadEventExecutor$5.run(SingleThreadEventExecutor.java:897)
	at org.apache.ratis.thirdparty.io.netty.util.concurrent.FastThreadLocalRunnable.run(FastThreadLocalRunnable.java:30)
	... 1 more
Caused by: java.net.ConnectException: Connection refused
	... 11 more
2019-10-16 17:21:06,180 [6c17ba67-9052-48ab-b55c-e326bb81c936@group-8363CBFC2677-LeaderElection41] INFO  impl.LeaderElection (LeaderElection.java:logAndReturn(56)) - 6c17ba67-9052-48ab-b55c-e326bb81c936@group-8363CBFC2677-LeaderElection41: Election REJECTED; received 0 response(s) [] and 2 exception(s); 6c17ba67-9052-48ab-b55c-e326bb81c936@group-8363CBFC2677:t3, leader=null, voted=6c17ba67-9052-48ab-b55c-e326bb81c936, raftlog=6c17ba67-9052-48ab-b55c-e326bb81c936@group-8363CBFC2677-SegmentedRaftLog:OPENED:c-1,f-1,i0, conf=-1: [8dfecba1-8cf2-4467-bf71-9131598e36cc:192.168.69.90:35390, 6c17ba67-9052-48ab-b55c-e326bb81c936:192.168.69.90:33518, 21b36528-7a33-48f9-a871-a72bce406f0b:192.168.69.90:45999], old=null
2019-10-16 17:21:06,180 [6c17ba67-9052-48ab-b55c-e326bb81c936@group-8363CBFC2677-LeaderElection41] INFO  impl.LeaderElection (LogUtils.java:infoOrTrace(149)) -   Exception 0: {}
java.util.concurrent.ExecutionException: org.apache.ratis.thirdparty.io.grpc.StatusRuntimeException: UNAVAILABLE: io exception
	at java.util.concurrent.FutureTask.report(FutureTask.java:122)
	at java.util.concurrent.FutureTask.get(FutureTask.java:192)
	at org.apache.ratis.server.impl.LeaderElection.waitForResults(LeaderElection.java:259)
	at org.apache.ratis.server.impl.LeaderElection.askForVotes(LeaderElection.java:197)
	at org.apache.ratis.server.impl.LeaderElection.run(LeaderElection.java:133)
	at java.lang.Thread.run(Thread.java:748)
Caused by: org.apache.ratis.thirdparty.io.grpc.StatusRuntimeException: UNAVAILABLE: io exception
	at org.apache.ratis.thirdparty.io.grpc.stub.ClientCalls.toStatusRuntimeException(ClientCalls.java:233)
	at org.apache.ratis.thirdparty.io.grpc.stub.ClientCalls.getUnchecked(ClientCalls.java:214)
	at org.apache.ratis.thirdparty.io.grpc.stub.ClientCalls.blockingUnaryCall(ClientCalls.java:139)
	at org.apache.ratis.proto.grpc.RaftServerProtocolServiceGrpc$RaftServerProtocolServiceBlockingStub.requestVote(RaftServerProtocolServiceGrpc.java:265)
	at org.apache.ratis.grpc.server.GrpcServerProtocolClient.requestVote(GrpcServerProtocolClient.java:99)
	at org.apache.ratis.grpc.server.GrpcService.requestVote(GrpcService.java:204)
	at org.apache.ratis.server.impl.LeaderElection.lambda$submitRequests$1(LeaderElection.java:234)
	at java.util.concurrent.FutureTask.run(FutureTask.java:266)
	at java.util.concurrent.Executors$RunnableAdapter.call(Executors.java:511)
	at java.util.concurrent.FutureTask.run(FutureTask.java:266)
	at java.util.concurrent.ThreadPoolExecutor.runWorker(ThreadPoolExecutor.java:1149)
	at java.util.concurrent.ThreadPoolExecutor$Worker.run(ThreadPoolExecutor.java:624)
	... 1 more
Caused by: org.apache.ratis.thirdparty.io.netty.channel.AbstractChannel$AnnotatedConnectException: Connection refused: /192.168.69.90:35390
	at sun.nio.ch.SocketChannelImpl.checkConnect(Native Method)
	at sun.nio.ch.SocketChannelImpl.finishConnect(SocketChannelImpl.java:717)
	at org.apache.ratis.thirdparty.io.netty.channel.socket.nio.NioSocketChannel.doFinishConnect(NioSocketChannel.java:327)
	at org.apache.ratis.thirdparty.io.netty.channel.nio.AbstractNioChannel$AbstractNioUnsafe.finishConnect(AbstractNioChannel.java:340)
	at org.apache.ratis.thirdparty.io.netty.channel.nio.NioEventLoop.processSelectedKey(NioEventLoop.java:632)
	at org.apache.ratis.thirdparty.io.netty.channel.nio.NioEventLoop.processSelectedKeysOptimized(NioEventLoop.java:579)
	at org.apache.ratis.thirdparty.io.netty.channel.nio.NioEventLoop.processSelectedKeys(NioEventLoop.java:496)
	at org.apache.ratis.thirdparty.io.netty.channel.nio.NioEventLoop.run(NioEventLoop.java:458)
	at org.apache.ratis.thirdparty.io.netty.util.concurrent.SingleThreadEventExecutor$5.run(SingleThreadEventExecutor.java:897)
	at org.apache.ratis.thirdparty.io.netty.util.concurrent.FastThreadLocalRunnable.run(FastThreadLocalRunnable.java:30)
	... 1 more
Caused by: java.net.ConnectException: Connection refused
	... 11 more
2019-10-16 17:21:06,180 [6c17ba67-9052-48ab-b55c-e326bb81c936@group-8363CBFC2677-LeaderElection41] INFO  impl.LeaderElection (LogUtils.java:infoOrTrace(149)) -   Exception 1: {}
java.util.concurrent.ExecutionException: org.apache.ratis.thirdparty.io.grpc.StatusRuntimeException: UNAVAILABLE: io exception
	at java.util.concurrent.FutureTask.report(FutureTask.java:122)
	at java.util.concurrent.FutureTask.get(FutureTask.java:192)
	at org.apache.ratis.server.impl.LeaderElection.waitForResults(LeaderElection.java:259)
	at org.apache.ratis.server.impl.LeaderElection.askForVotes(LeaderElection.java:197)
	at org.apache.ratis.server.impl.LeaderElection.run(LeaderElection.java:133)
	at java.lang.Thread.run(Thread.java:748)
Caused by: org.apache.ratis.thirdparty.io.grpc.StatusRuntimeException: UNAVAILABLE: io exception
	at org.apache.ratis.thirdparty.io.grpc.stub.ClientCalls.toStatusRuntimeException(ClientCalls.java:233)
	at org.apache.ratis.thirdparty.io.grpc.stub.ClientCalls.getUnchecked(ClientCalls.java:214)
	at org.apache.ratis.thirdparty.io.grpc.stub.ClientCalls.blockingUnaryCall(ClientCalls.java:139)
	at org.apache.ratis.proto.grpc.RaftServerProtocolServiceGrpc$RaftServerProtocolServiceBlockingStub.requestVote(RaftServerProtocolServiceGrpc.java:265)
	at org.apache.ratis.grpc.server.GrpcServerProtocolClient.requestVote(GrpcServerProtocolClient.java:99)
	at org.apache.ratis.grpc.server.GrpcService.requestVote(GrpcService.java:204)
	at org.apache.ratis.server.impl.LeaderElection.lambda$submitRequests$1(LeaderElection.java:234)
	at java.util.concurrent.FutureTask.run(FutureTask.java:266)
	at java.util.concurrent.Executors$RunnableAdapter.call(Executors.java:511)
	at java.util.concurrent.FutureTask.run(FutureTask.java:266)
	at java.util.concurrent.ThreadPoolExecutor.runWorker(ThreadPoolExecutor.java:1149)
	at java.util.concurrent.ThreadPoolExecutor$Worker.run(ThreadPoolExecutor.java:624)
	... 1 more
Caused by: org.apache.ratis.thirdparty.io.netty.channel.AbstractChannel$AnnotatedConnectException: Connection refused: /192.168.69.90:45999
	at sun.nio.ch.SocketChannelImpl.checkConnect(Native Method)
	at sun.nio.ch.SocketChannelImpl.finishConnect(SocketChannelImpl.java:717)
	at org.apache.ratis.thirdparty.io.netty.channel.socket.nio.NioSocketChannel.doFinishConnect(NioSocketChannel.java:327)
	at org.apache.ratis.thirdparty.io.netty.channel.nio.AbstractNioChannel$AbstractNioUnsafe.finishConnect(AbstractNioChannel.java:340)
	at org.apache.ratis.thirdparty.io.netty.channel.nio.NioEventLoop.processSelectedKey(NioEventLoop.java:632)
	at org.apache.ratis.thirdparty.io.netty.channel.nio.NioEventLoop.processSelectedKeysOptimized(NioEventLoop.java:579)
	at org.apache.ratis.thirdparty.io.netty.channel.nio.NioEventLoop.processSelectedKeys(NioEventLoop.java:496)
	at org.apache.ratis.thirdparty.io.netty.channel.nio.NioEventLoop.run(NioEventLoop.java:458)
	at org.apache.ratis.thirdparty.io.netty.util.concurrent.SingleThreadEventExecutor$5.run(SingleThreadEventExecutor.java:897)
	at org.apache.ratis.thirdparty.io.netty.util.concurrent.FastThreadLocalRunnable.run(FastThreadLocalRunnable.java:30)
	... 1 more
Caused by: java.net.ConnectException: Connection refused
	... 11 more
2019-10-16 17:21:06,181 [6c17ba67-9052-48ab-b55c-e326bb81c936@group-8363CBFC2677-LeaderElection41] INFO  impl.RaftServerImpl (RaftServerImpl.java:setRole(170)) - 6c17ba67-9052-48ab-b55c-e326bb81c936@group-8363CBFC2677: changes role from CANDIDATE to FOLLOWER at term 3 for DISCOVERED_A_NEW_TERM
2019-10-16 17:21:06,181 [6c17ba67-9052-48ab-b55c-e326bb81c936@group-8363CBFC2677-LeaderElection41] INFO  impl.RoleInfo (RoleInfo.java:shutdownLeaderElection(134)) - 6c17ba67-9052-48ab-b55c-e326bb81c936: shutdown LeaderElection
2019-10-16 17:21:06,181 [6c17ba67-9052-48ab-b55c-e326bb81c936@group-8363CBFC2677-LeaderElection41] INFO  impl.RoleInfo (RoleInfo.java:updateAndGet(143)) - 6c17ba67-9052-48ab-b55c-e326bb81c936: start FollowerState
2019-10-16 17:21:06,208 [Thread-1307] INFO  impl.FollowerState (FollowerState.java:run(108)) - 6c17ba67-9052-48ab-b55c-e326bb81c936@group-95D7A0F68A30-FollowerState: change to CANDIDATE, lastRpcTime:1118ms, electionTimeout:1118ms
2019-10-16 17:21:06,210 [Thread-1307] INFO  impl.RoleInfo (RoleInfo.java:shutdownFollowerState(121)) - 6c17ba67-9052-48ab-b55c-e326bb81c936: shutdown FollowerState
2019-10-16 17:21:06,210 [Thread-1307] INFO  impl.RaftServerImpl (RaftServerImpl.java:setRole(170)) - 6c17ba67-9052-48ab-b55c-e326bb81c936@group-95D7A0F68A30: changes role from  FOLLOWER to CANDIDATE at term 2 for changeToCandidate
2019-10-16 17:21:06,210 [Thread-1307] INFO  impl.RoleInfo (RoleInfo.java:updateAndGet(143)) - 6c17ba67-9052-48ab-b55c-e326bb81c936: start LeaderElection
2019-10-16 17:21:06,227 [6c17ba67-9052-48ab-b55c-e326bb81c936@group-95D7A0F68A30-LeaderElection42] INFO  impl.LeaderElection (LeaderElection.java:askForVotes(178)) - 6c17ba67-9052-48ab-b55c-e326bb81c936@group-95D7A0F68A30-LeaderElection42: begin an election at term 3 for -1: [8dfecba1-8cf2-4467-bf71-9131598e36cc:192.168.69.90:35390, 6c17ba67-9052-48ab-b55c-e326bb81c936:192.168.69.90:33518, 21b36528-7a33-48f9-a871-a72bce406f0b:192.168.69.90:45999], old=null
2019-10-16 17:21:06,229 [6c17ba67-9052-48ab-b55c-e326bb81c936@group-95D7A0F68A30-LeaderElection42] INFO  impl.LeaderElection (LogUtils.java:infoOrTrace(149)) - 6c17ba67-9052-48ab-b55c-e326bb81c936@group-95D7A0F68A30-LeaderElection42 got exception when requesting votes: {}
java.util.concurrent.ExecutionException: org.apache.ratis.thirdparty.io.grpc.StatusRuntimeException: UNAVAILABLE: io exception
	at java.util.concurrent.FutureTask.report(FutureTask.java:122)
	at java.util.concurrent.FutureTask.get(FutureTask.java:192)
	at org.apache.ratis.server.impl.LeaderElection.waitForResults(LeaderElection.java:259)
	at org.apache.ratis.server.impl.LeaderElection.askForVotes(LeaderElection.java:197)
	at org.apache.ratis.server.impl.LeaderElection.run(LeaderElection.java:133)
	at java.lang.Thread.run(Thread.java:748)
Caused by: org.apache.ratis.thirdparty.io.grpc.StatusRuntimeException: UNAVAILABLE: io exception
	at org.apache.ratis.thirdparty.io.grpc.stub.ClientCalls.toStatusRuntimeException(ClientCalls.java:233)
	at org.apache.ratis.thirdparty.io.grpc.stub.ClientCalls.getUnchecked(ClientCalls.java:214)
	at org.apache.ratis.thirdparty.io.grpc.stub.ClientCalls.blockingUnaryCall(ClientCalls.java:139)
	at org.apache.ratis.proto.grpc.RaftServerProtocolServiceGrpc$RaftServerProtocolServiceBlockingStub.requestVote(RaftServerProtocolServiceGrpc.java:265)
	at org.apache.ratis.grpc.server.GrpcServerProtocolClient.requestVote(GrpcServerProtocolClient.java:99)
	at org.apache.ratis.grpc.server.GrpcService.requestVote(GrpcService.java:204)
	at org.apache.ratis.server.impl.LeaderElection.lambda$submitRequests$1(LeaderElection.java:234)
	at java.util.concurrent.FutureTask.run(FutureTask.java:266)
	at java.util.concurrent.Executors$RunnableAdapter.call(Executors.java:511)
	at java.util.concurrent.FutureTask.run(FutureTask.java:266)
	at java.util.concurrent.ThreadPoolExecutor.runWorker(ThreadPoolExecutor.java:1149)
	at java.util.concurrent.ThreadPoolExecutor$Worker.run(ThreadPoolExecutor.java:624)
	... 1 more
Caused by: org.apache.ratis.thirdparty.io.netty.channel.AbstractChannel$AnnotatedConnectException: Connection refused: /192.168.69.90:45999
	at sun.nio.ch.SocketChannelImpl.checkConnect(Native Method)
	at sun.nio.ch.SocketChannelImpl.finishConnect(SocketChannelImpl.java:717)
	at org.apache.ratis.thirdparty.io.netty.channel.socket.nio.NioSocketChannel.doFinishConnect(NioSocketChannel.java:327)
	at org.apache.ratis.thirdparty.io.netty.channel.nio.AbstractNioChannel$AbstractNioUnsafe.finishConnect(AbstractNioChannel.java:340)
	at org.apache.ratis.thirdparty.io.netty.channel.nio.NioEventLoop.processSelectedKey(NioEventLoop.java:632)
	at org.apache.ratis.thirdparty.io.netty.channel.nio.NioEventLoop.processSelectedKeysOptimized(NioEventLoop.java:579)
	at org.apache.ratis.thirdparty.io.netty.channel.nio.NioEventLoop.processSelectedKeys(NioEventLoop.java:496)
	at org.apache.ratis.thirdparty.io.netty.channel.nio.NioEventLoop.run(NioEventLoop.java:458)
	at org.apache.ratis.thirdparty.io.netty.util.concurrent.SingleThreadEventExecutor$5.run(SingleThreadEventExecutor.java:897)
	at org.apache.ratis.thirdparty.io.netty.util.concurrent.FastThreadLocalRunnable.run(FastThreadLocalRunnable.java:30)
	... 1 more
Caused by: java.net.ConnectException: Connection refused
	... 11 more
2019-10-16 17:21:06,231 [6c17ba67-9052-48ab-b55c-e326bb81c936@group-95D7A0F68A30-LeaderElection42] INFO  impl.LeaderElection (LogUtils.java:infoOrTrace(149)) - 6c17ba67-9052-48ab-b55c-e326bb81c936@group-95D7A0F68A30-LeaderElection42 got exception when requesting votes: {}
java.util.concurrent.ExecutionException: org.apache.ratis.thirdparty.io.grpc.StatusRuntimeException: UNAVAILABLE: io exception
	at java.util.concurrent.FutureTask.report(FutureTask.java:122)
	at java.util.concurrent.FutureTask.get(FutureTask.java:192)
	at org.apache.ratis.server.impl.LeaderElection.waitForResults(LeaderElection.java:259)
	at org.apache.ratis.server.impl.LeaderElection.askForVotes(LeaderElection.java:197)
	at org.apache.ratis.server.impl.LeaderElection.run(LeaderElection.java:133)
	at java.lang.Thread.run(Thread.java:748)
Caused by: org.apache.ratis.thirdparty.io.grpc.StatusRuntimeException: UNAVAILABLE: io exception
	at org.apache.ratis.thirdparty.io.grpc.stub.ClientCalls.toStatusRuntimeException(ClientCalls.java:233)
	at org.apache.ratis.thirdparty.io.grpc.stub.ClientCalls.getUnchecked(ClientCalls.java:214)
	at org.apache.ratis.thirdparty.io.grpc.stub.ClientCalls.blockingUnaryCall(ClientCalls.java:139)
	at org.apache.ratis.proto.grpc.RaftServerProtocolServiceGrpc$RaftServerProtocolServiceBlockingStub.requestVote(RaftServerProtocolServiceGrpc.java:265)
	at org.apache.ratis.grpc.server.GrpcServerProtocolClient.requestVote(GrpcServerProtocolClient.java:99)
	at org.apache.ratis.grpc.server.GrpcService.requestVote(GrpcService.java:204)
	at org.apache.ratis.server.impl.LeaderElection.lambda$submitRequests$1(LeaderElection.java:234)
	at java.util.concurrent.FutureTask.run(FutureTask.java:266)
	at java.util.concurrent.Executors$RunnableAdapter.call(Executors.java:511)
	at java.util.concurrent.FutureTask.run(FutureTask.java:266)
	at java.util.concurrent.ThreadPoolExecutor.runWorker(ThreadPoolExecutor.java:1149)
	at java.util.concurrent.ThreadPoolExecutor$Worker.run(ThreadPoolExecutor.java:624)
	... 1 more
Caused by: org.apache.ratis.thirdparty.io.netty.channel.AbstractChannel$AnnotatedConnectException: Connection refused: /192.168.69.90:35390
	at sun.nio.ch.SocketChannelImpl.checkConnect(Native Method)
	at sun.nio.ch.SocketChannelImpl.finishConnect(SocketChannelImpl.java:717)
	at org.apache.ratis.thirdparty.io.netty.channel.socket.nio.NioSocketChannel.doFinishConnect(NioSocketChannel.java:327)
	at org.apache.ratis.thirdparty.io.netty.channel.nio.AbstractNioChannel$AbstractNioUnsafe.finishConnect(AbstractNioChannel.java:340)
	at org.apache.ratis.thirdparty.io.netty.channel.nio.NioEventLoop.processSelectedKey(NioEventLoop.java:632)
	at org.apache.ratis.thirdparty.io.netty.channel.nio.NioEventLoop.processSelectedKeysOptimized(NioEventLoop.java:579)
	at org.apache.ratis.thirdparty.io.netty.channel.nio.NioEventLoop.processSelectedKeys(NioEventLoop.java:496)
	at org.apache.ratis.thirdparty.io.netty.channel.nio.NioEventLoop.run(NioEventLoop.java:458)
	at org.apache.ratis.thirdparty.io.netty.util.concurrent.SingleThreadEventExecutor$5.run(SingleThreadEventExecutor.java:897)
	at org.apache.ratis.thirdparty.io.netty.util.concurrent.FastThreadLocalRunnable.run(FastThreadLocalRunnable.java:30)
	... 1 more
Caused by: java.net.ConnectException: Connection refused
	... 11 more
2019-10-16 17:21:06,232 [6c17ba67-9052-48ab-b55c-e326bb81c936@group-95D7A0F68A30-LeaderElection42] INFO  impl.LeaderElection (LeaderElection.java:logAndReturn(56)) - 6c17ba67-9052-48ab-b55c-e326bb81c936@group-95D7A0F68A30-LeaderElection42: Election REJECTED; received 0 response(s) [] and 2 exception(s); 6c17ba67-9052-48ab-b55c-e326bb81c936@group-95D7A0F68A30:t3, leader=null, voted=6c17ba67-9052-48ab-b55c-e326bb81c936, raftlog=6c17ba67-9052-48ab-b55c-e326bb81c936@group-95D7A0F68A30-SegmentedRaftLog:OPENED:c-1,f-1,i0, conf=-1: [8dfecba1-8cf2-4467-bf71-9131598e36cc:192.168.69.90:35390, 6c17ba67-9052-48ab-b55c-e326bb81c936:192.168.69.90:33518, 21b36528-7a33-48f9-a871-a72bce406f0b:192.168.69.90:45999], old=null
2019-10-16 17:21:06,232 [6c17ba67-9052-48ab-b55c-e326bb81c936@group-95D7A0F68A30-LeaderElection42] INFO  impl.LeaderElection (LogUtils.java:infoOrTrace(149)) -   Exception 0: {}
java.util.concurrent.ExecutionException: org.apache.ratis.thirdparty.io.grpc.StatusRuntimeException: UNAVAILABLE: io exception
	at java.util.concurrent.FutureTask.report(FutureTask.java:122)
	at java.util.concurrent.FutureTask.get(FutureTask.java:192)
	at org.apache.ratis.server.impl.LeaderElection.waitForResults(LeaderElection.java:259)
	at org.apache.ratis.server.impl.LeaderElection.askForVotes(LeaderElection.java:197)
	at org.apache.ratis.server.impl.LeaderElection.run(LeaderElection.java:133)
	at java.lang.Thread.run(Thread.java:748)
Caused by: org.apache.ratis.thirdparty.io.grpc.StatusRuntimeException: UNAVAILABLE: io exception
	at org.apache.ratis.thirdparty.io.grpc.stub.ClientCalls.toStatusRuntimeException(ClientCalls.java:233)
	at org.apache.ratis.thirdparty.io.grpc.stub.ClientCalls.getUnchecked(ClientCalls.java:214)
	at org.apache.ratis.thirdparty.io.grpc.stub.ClientCalls.blockingUnaryCall(ClientCalls.java:139)
	at org.apache.ratis.proto.grpc.RaftServerProtocolServiceGrpc$RaftServerProtocolServiceBlockingStub.requestVote(RaftServerProtocolServiceGrpc.java:265)
	at org.apache.ratis.grpc.server.GrpcServerProtocolClient.requestVote(GrpcServerProtocolClient.java:99)
	at org.apache.ratis.grpc.server.GrpcService.requestVote(GrpcService.java:204)
	at org.apache.ratis.server.impl.LeaderElection.lambda$submitRequests$1(LeaderElection.java:234)
	at java.util.concurrent.FutureTask.run(FutureTask.java:266)
	at java.util.concurrent.Executors$RunnableAdapter.call(Executors.java:511)
	at java.util.concurrent.FutureTask.run(FutureTask.java:266)
	at java.util.concurrent.ThreadPoolExecutor.runWorker(ThreadPoolExecutor.java:1149)
	at java.util.concurrent.ThreadPoolExecutor$Worker.run(ThreadPoolExecutor.java:624)
	... 1 more
Caused by: org.apache.ratis.thirdparty.io.netty.channel.AbstractChannel$AnnotatedConnectException: Connection refused: /192.168.69.90:45999
	at sun.nio.ch.SocketChannelImpl.checkConnect(Native Method)
	at sun.nio.ch.SocketChannelImpl.finishConnect(SocketChannelImpl.java:717)
	at org.apache.ratis.thirdparty.io.netty.channel.socket.nio.NioSocketChannel.doFinishConnect(NioSocketChannel.java:327)
	at org.apache.ratis.thirdparty.io.netty.channel.nio.AbstractNioChannel$AbstractNioUnsafe.finishConnect(AbstractNioChannel.java:340)
	at org.apache.ratis.thirdparty.io.netty.channel.nio.NioEventLoop.processSelectedKey(NioEventLoop.java:632)
	at org.apache.ratis.thirdparty.io.netty.channel.nio.NioEventLoop.processSelectedKeysOptimized(NioEventLoop.java:579)
	at org.apache.ratis.thirdparty.io.netty.channel.nio.NioEventLoop.processSelectedKeys(NioEventLoop.java:496)
	at org.apache.ratis.thirdparty.io.netty.channel.nio.NioEventLoop.run(NioEventLoop.java:458)
	at org.apache.ratis.thirdparty.io.netty.util.concurrent.SingleThreadEventExecutor$5.run(SingleThreadEventExecutor.java:897)
	at org.apache.ratis.thirdparty.io.netty.util.concurrent.FastThreadLocalRunnable.run(FastThreadLocalRunnable.java:30)
	... 1 more
Caused by: java.net.ConnectException: Connection refused
	... 11 more
2019-10-16 17:21:06,233 [6c17ba67-9052-48ab-b55c-e326bb81c936@group-95D7A0F68A30-LeaderElection42] INFO  impl.LeaderElection (LogUtils.java:infoOrTrace(149)) -   Exception 1: {}
java.util.concurrent.ExecutionException: org.apache.ratis.thirdparty.io.grpc.StatusRuntimeException: UNAVAILABLE: io exception
	at java.util.concurrent.FutureTask.report(FutureTask.java:122)
	at java.util.concurrent.FutureTask.get(FutureTask.java:192)
	at org.apache.ratis.server.impl.LeaderElection.waitForResults(LeaderElection.java:259)
	at org.apache.ratis.server.impl.LeaderElection.askForVotes(LeaderElection.java:197)
	at org.apache.ratis.server.impl.LeaderElection.run(LeaderElection.java:133)
	at java.lang.Thread.run(Thread.java:748)
Caused by: org.apache.ratis.thirdparty.io.grpc.StatusRuntimeException: UNAVAILABLE: io exception
	at org.apache.ratis.thirdparty.io.grpc.stub.ClientCalls.toStatusRuntimeException(ClientCalls.java:233)
	at org.apache.ratis.thirdparty.io.grpc.stub.ClientCalls.getUnchecked(ClientCalls.java:214)
	at org.apache.ratis.thirdparty.io.grpc.stub.ClientCalls.blockingUnaryCall(ClientCalls.java:139)
	at org.apache.ratis.proto.grpc.RaftServerProtocolServiceGrpc$RaftServerProtocolServiceBlockingStub.requestVote(RaftServerProtocolServiceGrpc.java:265)
	at org.apache.ratis.grpc.server.GrpcServerProtocolClient.requestVote(GrpcServerProtocolClient.java:99)
	at org.apache.ratis.grpc.server.GrpcService.requestVote(GrpcService.java:204)
	at org.apache.ratis.server.impl.LeaderElection.lambda$submitRequests$1(LeaderElection.java:234)
	at java.util.concurrent.FutureTask.run(FutureTask.java:266)
	at java.util.concurrent.Executors$RunnableAdapter.call(Executors.java:511)
	at java.util.concurrent.FutureTask.run(FutureTask.java:266)
	at java.util.concurrent.ThreadPoolExecutor.runWorker(ThreadPoolExecutor.java:1149)
	at java.util.concurrent.ThreadPoolExecutor$Worker.run(ThreadPoolExecutor.java:624)
	... 1 more
Caused by: org.apache.ratis.thirdparty.io.netty.channel.AbstractChannel$AnnotatedConnectException: Connection refused: /192.168.69.90:35390
	at sun.nio.ch.SocketChannelImpl.checkConnect(Native Method)
	at sun.nio.ch.SocketChannelImpl.finishConnect(SocketChannelImpl.java:717)
	at org.apache.ratis.thirdparty.io.netty.channel.socket.nio.NioSocketChannel.doFinishConnect(NioSocketChannel.java:327)
	at org.apache.ratis.thirdparty.io.netty.channel.nio.AbstractNioChannel$AbstractNioUnsafe.finishConnect(AbstractNioChannel.java:340)
	at org.apache.ratis.thirdparty.io.netty.channel.nio.NioEventLoop.processSelectedKey(NioEventLoop.java:632)
	at org.apache.ratis.thirdparty.io.netty.channel.nio.NioEventLoop.processSelectedKeysOptimized(NioEventLoop.java:579)
	at org.apache.ratis.thirdparty.io.netty.channel.nio.NioEventLoop.processSelectedKeys(NioEventLoop.java:496)
	at org.apache.ratis.thirdparty.io.netty.channel.nio.NioEventLoop.run(NioEventLoop.java:458)
	at org.apache.ratis.thirdparty.io.netty.util.concurrent.SingleThreadEventExecutor$5.run(SingleThreadEventExecutor.java:897)
	at org.apache.ratis.thirdparty.io.netty.util.concurrent.FastThreadLocalRunnable.run(FastThreadLocalRunnable.java:30)
	... 1 more
Caused by: java.net.ConnectException: Connection refused
	... 11 more
2019-10-16 17:21:06,233 [6c17ba67-9052-48ab-b55c-e326bb81c936@group-95D7A0F68A30-LeaderElection42] INFO  impl.RaftServerImpl (RaftServerImpl.java:setRole(170)) - 6c17ba67-9052-48ab-b55c-e326bb81c936@group-95D7A0F68A30: changes role from CANDIDATE to FOLLOWER at term 3 for DISCOVERED_A_NEW_TERM
2019-10-16 17:21:06,233 [6c17ba67-9052-48ab-b55c-e326bb81c936@group-95D7A0F68A30-LeaderElection42] INFO  impl.RoleInfo (RoleInfo.java:shutdownLeaderElection(134)) - 6c17ba67-9052-48ab-b55c-e326bb81c936: shutdown LeaderElection
2019-10-16 17:21:06,234 [6c17ba67-9052-48ab-b55c-e326bb81c936@group-95D7A0F68A30-LeaderElection42] INFO  impl.RoleInfo (RoleInfo.java:updateAndGet(143)) - 6c17ba67-9052-48ab-b55c-e326bb81c936: start FollowerState
2019-10-16 17:21:06,780 [ForkJoinPool.commonPool-worker-1] INFO  ozoneimpl.OzoneContainer (OzoneContainer.java:stop(227)) - Attempting to stop container services.
2019-10-16 17:21:06,783 [ForkJoinPool.commonPool-worker-1] INFO  impl.RaftServerProxy (RaftServerProxy.java:lambda$close$4(314)) - 84dcdb16-68b5-4016-a14b-3b6be75c7bdf: close
2019-10-16 17:21:06,784 [ForkJoinPool.commonPool-worker-1] INFO  server.GrpcService (GrpcService.java:closeImpl(164)) - 84dcdb16-68b5-4016-a14b-3b6be75c7bdf: shutdown server with port 34148 now
2019-10-16 17:21:06,785 [ForkJoinPool.commonPool-worker-1] INFO  server.GrpcService (GrpcService.java:closeImpl(172)) - 84dcdb16-68b5-4016-a14b-3b6be75c7bdf: shutdown server with port 34148 successfully
2019-10-16 17:21:06,790 [refreshUsed-/workdir/hadoop-ozone/integration-test/target/test-dir/MiniOzoneClusterImpl-d62837be-dbbf-4c13-a31e-440e50fcf132/datanode-2/data/containers] WARN  fs.CachingGetSpaceUsed (CachingGetSpaceUsed.java:run(183)) - Thread Interrupted waiting to refresh disk information: sleep interrupted
2019-10-16 17:21:06,809 [ForkJoinPool.commonPool-worker-1] INFO  utils.BackgroundService (BackgroundService.java:shutdown(151)) - Shutting down service BlockDeletingService
2019-10-16 17:21:06,812 [ForkJoinPool.commonPool-worker-1] INFO  statemachine.DatanodeStateMachine (DatanodeStateMachine.java:stopDaemon(395)) - Ozone container server stopped.
2019-10-16 17:21:06,817 [ForkJoinPool.commonPool-worker-1] INFO  handler.ContextHandler (ContextHandler.java:doStop(910)) - Stopped o.e.j.w.WebAppContext@3965bdf9{/,null,UNAVAILABLE}{/hddsDatanode}
2019-10-16 17:21:06,818 [ForkJoinPool.commonPool-worker-1] INFO  server.AbstractConnector (AbstractConnector.java:doStop(318)) - Stopped ServerConnector@3c0e00a8{HTTP/1.1,[http/1.1]}{0.0.0.0:0}
2019-10-16 17:21:06,822 [ForkJoinPool.commonPool-worker-1] INFO  handler.ContextHandler (ContextHandler.java:doStop(910)) - Stopped o.e.j.s.ServletContextHandler@fb0a08c{/static,jar:file:/home/user/.m2/repository/org/apache/hadoop/hadoop-hdds-container-service/0.5.0-SNAPSHOT/hadoop-hdds-container-service-0.5.0-SNAPSHOT.jar!/webapps/static,UNAVAILABLE}
2019-10-16 17:21:06,822 [ForkJoinPool.commonPool-worker-1] INFO  handler.ContextHandler (ContextHandler.java:doStop(910)) - Stopped o.e.j.s.ServletContextHandler@687e6293{/logs,file:///workdir/hadoop-ozone/integration-test/target/log,UNAVAILABLE}
2019-10-16 17:21:07,090 [Datanode State Machine Thread - 0] INFO  statemachine.DatanodeStateMachine (DatanodeStateMachine.java:lambda$startDaemon$0(350)) - Ozone container server started.
2019-10-16 17:21:07,266 [Thread-1311] INFO  impl.FollowerState (FollowerState.java:run(108)) - 6c17ba67-9052-48ab-b55c-e326bb81c936@group-EDF3B1B09235-FollowerState: change to CANDIDATE, lastRpcTime:1124ms, electionTimeout:1124ms
2019-10-16 17:21:07,266 [Thread-1311] INFO  impl.RoleInfo (RoleInfo.java:shutdownFollowerState(121)) - 6c17ba67-9052-48ab-b55c-e326bb81c936: shutdown FollowerState
2019-10-16 17:21:07,266 [Thread-1311] INFO  impl.RaftServerImpl (RaftServerImpl.java:setRole(170)) - 6c17ba67-9052-48ab-b55c-e326bb81c936@group-EDF3B1B09235: changes role from  FOLLOWER to CANDIDATE at term 3 for changeToCandidate
2019-10-16 17:21:07,266 [Thread-1311] INFO  impl.RoleInfo (RoleInfo.java:updateAndGet(143)) - 6c17ba67-9052-48ab-b55c-e326bb81c936: start LeaderElection
2019-10-16 17:21:07,278 [Thread-1315] INFO  impl.FollowerState (FollowerState.java:run(108)) - 6c17ba67-9052-48ab-b55c-e326bb81c936@group-8363CBFC2677-FollowerState: change to CANDIDATE, lastRpcTime:1096ms, electionTimeout:1096ms
2019-10-16 17:21:07,278 [Thread-1315] INFO  impl.RoleInfo (RoleInfo.java:shutdownFollowerState(121)) - 6c17ba67-9052-48ab-b55c-e326bb81c936: shutdown FollowerState
2019-10-16 17:21:07,278 [Thread-1315] INFO  impl.RaftServerImpl (RaftServerImpl.java:setRole(170)) - 6c17ba67-9052-48ab-b55c-e326bb81c936@group-8363CBFC2677: changes role from  FOLLOWER to CANDIDATE at term 3 for changeToCandidate
2019-10-16 17:21:07,278 [Thread-1315] INFO  impl.RoleInfo (RoleInfo.java:updateAndGet(143)) - 6c17ba67-9052-48ab-b55c-e326bb81c936: start LeaderElection
2019-10-16 17:21:07,283 [6c17ba67-9052-48ab-b55c-e326bb81c936@group-EDF3B1B09235-LeaderElection43] INFO  impl.LeaderElection (LeaderElection.java:askForVotes(178)) - 6c17ba67-9052-48ab-b55c-e326bb81c936@group-EDF3B1B09235-LeaderElection43: begin an election at term 4 for -1: [8dfecba1-8cf2-4467-bf71-9131598e36cc:192.168.69.90:35390, 6c17ba67-9052-48ab-b55c-e326bb81c936:192.168.69.90:33518, 21b36528-7a33-48f9-a871-a72bce406f0b:192.168.69.90:45999], old=null
2019-10-16 17:21:07,284 [6c17ba67-9052-48ab-b55c-e326bb81c936@group-EDF3B1B09235-LeaderElection43] INFO  impl.LeaderElection (LogUtils.java:infoOrTrace(149)) - 6c17ba67-9052-48ab-b55c-e326bb81c936@group-EDF3B1B09235-LeaderElection43 got exception when requesting votes: {}
java.util.concurrent.ExecutionException: org.apache.ratis.thirdparty.io.grpc.StatusRuntimeException: UNAVAILABLE: io exception
	at java.util.concurrent.FutureTask.report(FutureTask.java:122)
	at java.util.concurrent.FutureTask.get(FutureTask.java:192)
	at org.apache.ratis.server.impl.LeaderElection.waitForResults(LeaderElection.java:259)
	at org.apache.ratis.server.impl.LeaderElection.askForVotes(LeaderElection.java:197)
	at org.apache.ratis.server.impl.LeaderElection.run(LeaderElection.java:133)
	at java.lang.Thread.run(Thread.java:748)
Caused by: org.apache.ratis.thirdparty.io.grpc.StatusRuntimeException: UNAVAILABLE: io exception
	at org.apache.ratis.thirdparty.io.grpc.stub.ClientCalls.toStatusRuntimeException(ClientCalls.java:233)
	at org.apache.ratis.thirdparty.io.grpc.stub.ClientCalls.getUnchecked(ClientCalls.java:214)
	at org.apache.ratis.thirdparty.io.grpc.stub.ClientCalls.blockingUnaryCall(ClientCalls.java:139)
	at org.apache.ratis.proto.grpc.RaftServerProtocolServiceGrpc$RaftServerProtocolServiceBlockingStub.requestVote(RaftServerProtocolServiceGrpc.java:265)
	at org.apache.ratis.grpc.server.GrpcServerProtocolClient.requestVote(GrpcServerProtocolClient.java:99)
	at org.apache.ratis.grpc.server.GrpcService.requestVote(GrpcService.java:204)
	at org.apache.ratis.server.impl.LeaderElection.lambda$submitRequests$1(LeaderElection.java:234)
	at java.util.concurrent.FutureTask.run(FutureTask.java:266)
	at java.util.concurrent.Executors$RunnableAdapter.call(Executors.java:511)
	at java.util.concurrent.FutureTask.run(FutureTask.java:266)
	at java.util.concurrent.ThreadPoolExecutor.runWorker(ThreadPoolExecutor.java:1149)
	at java.util.concurrent.ThreadPoolExecutor$Worker.run(ThreadPoolExecutor.java:624)
	... 1 more
Caused by: org.apache.ratis.thirdparty.io.netty.channel.AbstractChannel$AnnotatedConnectException: Connection refused: /192.168.69.90:35390
	at sun.nio.ch.SocketChannelImpl.checkConnect(Native Method)
	at sun.nio.ch.SocketChannelImpl.finishConnect(SocketChannelImpl.java:717)
	at org.apache.ratis.thirdparty.io.netty.channel.socket.nio.NioSocketChannel.doFinishConnect(NioSocketChannel.java:327)
	at org.apache.ratis.thirdparty.io.netty.channel.nio.AbstractNioChannel$AbstractNioUnsafe.finishConnect(AbstractNioChannel.java:340)
	at org.apache.ratis.thirdparty.io.netty.channel.nio.NioEventLoop.processSelectedKey(NioEventLoop.java:632)
	at org.apache.ratis.thirdparty.io.netty.channel.nio.NioEventLoop.processSelectedKeysOptimized(NioEventLoop.java:579)
	at org.apache.ratis.thirdparty.io.netty.channel.nio.NioEventLoop.processSelectedKeys(NioEventLoop.java:496)
	at org.apache.ratis.thirdparty.io.netty.channel.nio.NioEventLoop.run(NioEventLoop.java:458)
	at org.apache.ratis.thirdparty.io.netty.util.concurrent.SingleThreadEventExecutor$5.run(SingleThreadEventExecutor.java:897)
	at org.apache.ratis.thirdparty.io.netty.util.concurrent.FastThreadLocalRunnable.run(FastThreadLocalRunnable.java:30)
	... 1 more
Caused by: java.net.ConnectException: Connection refused
	... 11 more
2019-10-16 17:21:07,286 [6c17ba67-9052-48ab-b55c-e326bb81c936@group-8363CBFC2677-LeaderElection44] INFO  impl.LeaderElection (LeaderElection.java:askForVotes(178)) - 6c17ba67-9052-48ab-b55c-e326bb81c936@group-8363CBFC2677-LeaderElection44: begin an election at term 4 for -1: [8dfecba1-8cf2-4467-bf71-9131598e36cc:192.168.69.90:35390, 6c17ba67-9052-48ab-b55c-e326bb81c936:192.168.69.90:33518, 21b36528-7a33-48f9-a871-a72bce406f0b:192.168.69.90:45999], old=null
2019-10-16 17:21:07,287 [6c17ba67-9052-48ab-b55c-e326bb81c936@group-EDF3B1B09235-LeaderElection43] INFO  impl.LeaderElection (LogUtils.java:infoOrTrace(149)) - 6c17ba67-9052-48ab-b55c-e326bb81c936@group-EDF3B1B09235-LeaderElection43 got exception when requesting votes: {}
java.util.concurrent.ExecutionException: org.apache.ratis.thirdparty.io.grpc.StatusRuntimeException: UNAVAILABLE: io exception
	at java.util.concurrent.FutureTask.report(FutureTask.java:122)
	at java.util.concurrent.FutureTask.get(FutureTask.java:192)
	at org.apache.ratis.server.impl.LeaderElection.waitForResults(LeaderElection.java:259)
	at org.apache.ratis.server.impl.LeaderElection.askForVotes(LeaderElection.java:197)
	at org.apache.ratis.server.impl.LeaderElection.run(LeaderElection.java:133)
	at java.lang.Thread.run(Thread.java:748)
Caused by: org.apache.ratis.thirdparty.io.grpc.StatusRuntimeException: UNAVAILABLE: io exception
	at org.apache.ratis.thirdparty.io.grpc.stub.ClientCalls.toStatusRuntimeException(ClientCalls.java:233)
	at org.apache.ratis.thirdparty.io.grpc.stub.ClientCalls.getUnchecked(ClientCalls.java:214)
	at org.apache.ratis.thirdparty.io.grpc.stub.ClientCalls.blockingUnaryCall(ClientCalls.java:139)
	at org.apache.ratis.proto.grpc.RaftServerProtocolServiceGrpc$RaftServerProtocolServiceBlockingStub.requestVote(RaftServerProtocolServiceGrpc.java:265)
	at org.apache.ratis.grpc.server.GrpcServerProtocolClient.requestVote(GrpcServerProtocolClient.java:99)
	at org.apache.ratis.grpc.server.GrpcService.requestVote(GrpcService.java:204)
	at org.apache.ratis.server.impl.LeaderElection.lambda$submitRequests$1(LeaderElection.java:234)
	at java.util.concurrent.FutureTask.run(FutureTask.java:266)
	at java.util.concurrent.Executors$RunnableAdapter.call(Executors.java:511)
	at java.util.concurrent.FutureTask.run(FutureTask.java:266)
	at java.util.concurrent.ThreadPoolExecutor.runWorker(ThreadPoolExecutor.java:1149)
	at java.util.concurrent.ThreadPoolExecutor$Worker.run(ThreadPoolExecutor.java:624)
	... 1 more
Caused by: org.apache.ratis.thirdparty.io.netty.channel.AbstractChannel$AnnotatedConnectException: Connection refused: /192.168.69.90:45999
	at sun.nio.ch.SocketChannelImpl.checkConnect(Native Method)
	at sun.nio.ch.SocketChannelImpl.finishConnect(SocketChannelImpl.java:717)
	at org.apache.ratis.thirdparty.io.netty.channel.socket.nio.NioSocketChannel.doFinishConnect(NioSocketChannel.java:327)
	at org.apache.ratis.thirdparty.io.netty.channel.nio.AbstractNioChannel$AbstractNioUnsafe.finishConnect(AbstractNioChannel.java:340)
	at org.apache.ratis.thirdparty.io.netty.channel.nio.NioEventLoop.processSelectedKey(NioEventLoop.java:632)
	at org.apache.ratis.thirdparty.io.netty.channel.nio.NioEventLoop.processSelectedKeysOptimized(NioEventLoop.java:579)
	at org.apache.ratis.thirdparty.io.netty.channel.nio.NioEventLoop.processSelectedKeys(NioEventLoop.java:496)
	at org.apache.ratis.thirdparty.io.netty.channel.nio.NioEventLoop.run(NioEventLoop.java:458)
	at org.apache.ratis.thirdparty.io.netty.util.concurrent.SingleThreadEventExecutor$5.run(SingleThreadEventExecutor.java:897)
	at org.apache.ratis.thirdparty.io.netty.util.concurrent.FastThreadLocalRunnable.run(FastThreadLocalRunnable.java:30)
	... 1 more
Caused by: java.net.ConnectException: Connection refused
	... 11 more
2019-10-16 17:21:07,292 [6c17ba67-9052-48ab-b55c-e326bb81c936@group-8363CBFC2677-LeaderElection44] INFO  impl.LeaderElection (LogUtils.java:infoOrTrace(149)) - 6c17ba67-9052-48ab-b55c-e326bb81c936@group-8363CBFC2677-LeaderElection44 got exception when requesting votes: {}
java.util.concurrent.ExecutionException: org.apache.ratis.thirdparty.io.grpc.StatusRuntimeException: UNAVAILABLE: io exception
	at java.util.concurrent.FutureTask.report(FutureTask.java:122)
	at java.util.concurrent.FutureTask.get(FutureTask.java:192)
	at org.apache.ratis.server.impl.LeaderElection.waitForResults(LeaderElection.java:259)
	at org.apache.ratis.server.impl.LeaderElection.askForVotes(LeaderElection.java:197)
	at org.apache.ratis.server.impl.LeaderElection.run(LeaderElection.java:133)
	at java.lang.Thread.run(Thread.java:748)
Caused by: org.apache.ratis.thirdparty.io.grpc.StatusRuntimeException: UNAVAILABLE: io exception
	at org.apache.ratis.thirdparty.io.grpc.stub.ClientCalls.toStatusRuntimeException(ClientCalls.java:233)
	at org.apache.ratis.thirdparty.io.grpc.stub.ClientCalls.getUnchecked(ClientCalls.java:214)
	at org.apache.ratis.thirdparty.io.grpc.stub.ClientCalls.blockingUnaryCall(ClientCalls.java:139)
	at org.apache.ratis.proto.grpc.RaftServerProtocolServiceGrpc$RaftServerProtocolServiceBlockingStub.requestVote(RaftServerProtocolServiceGrpc.java:265)
	at org.apache.ratis.grpc.server.GrpcServerProtocolClient.requestVote(GrpcServerProtocolClient.java:99)
	at org.apache.ratis.grpc.server.GrpcService.requestVote(GrpcService.java:204)
	at org.apache.ratis.server.impl.LeaderElection.lambda$submitRequests$1(LeaderElection.java:234)
	at java.util.concurrent.FutureTask.run(FutureTask.java:266)
	at java.util.concurrent.Executors$RunnableAdapter.call(Executors.java:511)
	at java.util.concurrent.FutureTask.run(FutureTask.java:266)
	at java.util.concurrent.ThreadPoolExecutor.runWorker(ThreadPoolExecutor.java:1149)
	at java.util.concurrent.ThreadPoolExecutor$Worker.run(ThreadPoolExecutor.java:624)
	... 1 more
Caused by: org.apache.ratis.thirdparty.io.netty.channel.AbstractChannel$AnnotatedConnectException: Connection refused: /192.168.69.90:35390
	at sun.nio.ch.SocketChannelImpl.checkConnect(Native Method)
	at sun.nio.ch.SocketChannelImpl.finishConnect(SocketChannelImpl.java:717)
	at org.apache.ratis.thirdparty.io.netty.channel.socket.nio.NioSocketChannel.doFinishConnect(NioSocketChannel.java:327)
	at org.apache.ratis.thirdparty.io.netty.channel.nio.AbstractNioChannel$AbstractNioUnsafe.finishConnect(AbstractNioChannel.java:340)
	at org.apache.ratis.thirdparty.io.netty.channel.nio.NioEventLoop.processSelectedKey(NioEventLoop.java:632)
	at org.apache.ratis.thirdparty.io.netty.channel.nio.NioEventLoop.processSelectedKeysOptimized(NioEventLoop.java:579)
	at org.apache.ratis.thirdparty.io.netty.channel.nio.NioEventLoop.processSelectedKeys(NioEventLoop.java:496)
	at org.apache.ratis.thirdparty.io.netty.channel.nio.NioEventLoop.run(NioEventLoop.java:458)
	at org.apache.ratis.thirdparty.io.netty.util.concurrent.SingleThreadEventExecutor$5.run(SingleThreadEventExecutor.java:897)
	at org.apache.ratis.thirdparty.io.netty.util.concurrent.FastThreadLocalRunnable.run(FastThreadLocalRunnable.java:30)
	... 1 more
Caused by: java.net.ConnectException: Connection refused
	... 11 more
2019-10-16 17:21:07,292 [6c17ba67-9052-48ab-b55c-e326bb81c936@group-EDF3B1B09235-LeaderElection43] INFO  impl.LeaderElection (LeaderElection.java:logAndReturn(56)) - 6c17ba67-9052-48ab-b55c-e326bb81c936@group-EDF3B1B09235-LeaderElection43: Election REJECTED; received 0 response(s) [] and 2 exception(s); 6c17ba67-9052-48ab-b55c-e326bb81c936@group-EDF3B1B09235:t4, leader=null, voted=6c17ba67-9052-48ab-b55c-e326bb81c936, raftlog=6c17ba67-9052-48ab-b55c-e326bb81c936@group-EDF3B1B09235-SegmentedRaftLog:OPENED:c-1,f-1,i0, conf=-1: [8dfecba1-8cf2-4467-bf71-9131598e36cc:192.168.69.90:35390, 6c17ba67-9052-48ab-b55c-e326bb81c936:192.168.69.90:33518, 21b36528-7a33-48f9-a871-a72bce406f0b:192.168.69.90:45999], old=null
2019-10-16 17:21:07,293 [6c17ba67-9052-48ab-b55c-e326bb81c936@group-8363CBFC2677-LeaderElection44] INFO  impl.LeaderElection (LogUtils.java:infoOrTrace(149)) - 6c17ba67-9052-48ab-b55c-e326bb81c936@group-8363CBFC2677-LeaderElection44 got exception when requesting votes: {}
java.util.concurrent.ExecutionException: org.apache.ratis.thirdparty.io.grpc.StatusRuntimeException: UNAVAILABLE: io exception
	at java.util.concurrent.FutureTask.report(FutureTask.java:122)
	at java.util.concurrent.FutureTask.get(FutureTask.java:192)
	at org.apache.ratis.server.impl.LeaderElection.waitForResults(LeaderElection.java:259)
	at org.apache.ratis.server.impl.LeaderElection.askForVotes(LeaderElection.java:197)
	at org.apache.ratis.server.impl.LeaderElection.run(LeaderElection.java:133)
	at java.lang.Thread.run(Thread.java:748)
Caused by: org.apache.ratis.thirdparty.io.grpc.StatusRuntimeException: UNAVAILABLE: io exception
	at org.apache.ratis.thirdparty.io.grpc.stub.ClientCalls.toStatusRuntimeException(ClientCalls.java:233)
	at org.apache.ratis.thirdparty.io.grpc.stub.ClientCalls.getUnchecked(ClientCalls.java:214)
	at org.apache.ratis.thirdparty.io.grpc.stub.ClientCalls.blockingUnaryCall(ClientCalls.java:139)
	at org.apache.ratis.proto.grpc.RaftServerProtocolServiceGrpc$RaftServerProtocolServiceBlockingStub.requestVote(RaftServerProtocolServiceGrpc.java:265)
	at org.apache.ratis.grpc.server.GrpcServerProtocolClient.requestVote(GrpcServerProtocolClient.java:99)
	at org.apache.ratis.grpc.server.GrpcService.requestVote(GrpcService.java:204)
	at org.apache.ratis.server.impl.LeaderElection.lambda$submitRequests$1(LeaderElection.java:234)
	at java.util.concurrent.FutureTask.run(FutureTask.java:266)
	at java.util.concurrent.Executors$RunnableAdapter.call(Executors.java:511)
	at java.util.concurrent.FutureTask.run(FutureTask.java:266)
	at java.util.concurrent.ThreadPoolExecutor.runWorker(ThreadPoolExecutor.java:1149)
	at java.util.concurrent.ThreadPoolExecutor$Worker.run(ThreadPoolExecutor.java:624)
	... 1 more
Caused by: org.apache.ratis.thirdparty.io.netty.channel.AbstractChannel$AnnotatedConnectException: Connection refused: /192.168.69.90:45999
	at sun.nio.ch.SocketChannelImpl.checkConnect(Native Method)
	at sun.nio.ch.SocketChannelImpl.finishConnect(SocketChannelImpl.java:717)
	at org.apache.ratis.thirdparty.io.netty.channel.socket.nio.NioSocketChannel.doFinishConnect(NioSocketChannel.java:327)
	at org.apache.ratis.thirdparty.io.netty.channel.nio.AbstractNioChannel$AbstractNioUnsafe.finishConnect(AbstractNioChannel.java:340)
	at org.apache.ratis.thirdparty.io.netty.channel.nio.NioEventLoop.processSelectedKey(NioEventLoop.java:632)
	at org.apache.ratis.thirdparty.io.netty.channel.nio.NioEventLoop.processSelectedKeysOptimized(NioEventLoop.java:579)
	at org.apache.ratis.thirdparty.io.netty.channel.nio.NioEventLoop.processSelectedKeys(NioEventLoop.java:496)
	at org.apache.ratis.thirdparty.io.netty.channel.nio.NioEventLoop.run(NioEventLoop.java:458)
	at org.apache.ratis.thirdparty.io.netty.util.concurrent.SingleThreadEventExecutor$5.run(SingleThreadEventExecutor.java:897)
	at org.apache.ratis.thirdparty.io.netty.util.concurrent.FastThreadLocalRunnable.run(FastThreadLocalRunnable.java:30)
	... 1 more
Caused by: java.net.ConnectException: Connection refused
	... 11 more
2019-10-16 17:21:07,293 [6c17ba67-9052-48ab-b55c-e326bb81c936@group-EDF3B1B09235-LeaderElection43] INFO  impl.LeaderElection (LogUtils.java:infoOrTrace(149)) -   Exception 0: {}
java.util.concurrent.ExecutionException: org.apache.ratis.thirdparty.io.grpc.StatusRuntimeException: UNAVAILABLE: io exception
	at java.util.concurrent.FutureTask.report(FutureTask.java:122)
	at java.util.concurrent.FutureTask.get(FutureTask.java:192)
	at org.apache.ratis.server.impl.LeaderElection.waitForResults(LeaderElection.java:259)
	at org.apache.ratis.server.impl.LeaderElection.askForVotes(LeaderElection.java:197)
	at org.apache.ratis.server.impl.LeaderElection.run(LeaderElection.java:133)
	at java.lang.Thread.run(Thread.java:748)
Caused by: org.apache.ratis.thirdparty.io.grpc.StatusRuntimeException: UNAVAILABLE: io exception
	at org.apache.ratis.thirdparty.io.grpc.stub.ClientCalls.toStatusRuntimeException(ClientCalls.java:233)
	at org.apache.ratis.thirdparty.io.grpc.stub.ClientCalls.getUnchecked(ClientCalls.java:214)
	at org.apache.ratis.thirdparty.io.grpc.stub.ClientCalls.blockingUnaryCall(ClientCalls.java:139)
	at org.apache.ratis.proto.grpc.RaftServerProtocolServiceGrpc$RaftServerProtocolServiceBlockingStub.requestVote(RaftServerProtocolServiceGrpc.java:265)
	at org.apache.ratis.grpc.server.GrpcServerProtocolClient.requestVote(GrpcServerProtocolClient.java:99)
	at org.apache.ratis.grpc.server.GrpcService.requestVote(GrpcService.java:204)
	at org.apache.ratis.server.impl.LeaderElection.lambda$submitRequests$1(LeaderElection.java:234)
	at java.util.concurrent.FutureTask.run(FutureTask.java:266)
	at java.util.concurrent.Executors$RunnableAdapter.call(Executors.java:511)
	at java.util.concurrent.FutureTask.run(FutureTask.java:266)
	at java.util.concurrent.ThreadPoolExecutor.runWorker(ThreadPoolExecutor.java:1149)
	at java.util.concurrent.ThreadPoolExecutor$Worker.run(ThreadPoolExecutor.java:624)
	... 1 more
Caused by: org.apache.ratis.thirdparty.io.netty.channel.AbstractChannel$AnnotatedConnectException: Connection refused: /192.168.69.90:35390
	at sun.nio.ch.SocketChannelImpl.checkConnect(Native Method)
	at sun.nio.ch.SocketChannelImpl.finishConnect(SocketChannelImpl.java:717)
	at org.apache.ratis.thirdparty.io.netty.channel.socket.nio.NioSocketChannel.doFinishConnect(NioSocketChannel.java:327)
	at org.apache.ratis.thirdparty.io.netty.channel.nio.AbstractNioChannel$AbstractNioUnsafe.finishConnect(AbstractNioChannel.java:340)
	at org.apache.ratis.thirdparty.io.netty.channel.nio.NioEventLoop.processSelectedKey(NioEventLoop.java:632)
	at org.apache.ratis.thirdparty.io.netty.channel.nio.NioEventLoop.processSelectedKeysOptimized(NioEventLoop.java:579)
	at org.apache.ratis.thirdparty.io.netty.channel.nio.NioEventLoop.processSelectedKeys(NioEventLoop.java:496)
	at org.apache.ratis.thirdparty.io.netty.channel.nio.NioEventLoop.run(NioEventLoop.java:458)
	at org.apache.ratis.thirdparty.io.netty.util.concurrent.SingleThreadEventExecutor$5.run(SingleThreadEventExecutor.java:897)
	at org.apache.ratis.thirdparty.io.netty.util.concurrent.FastThreadLocalRunnable.run(FastThreadLocalRunnable.java:30)
	... 1 more
Caused by: java.net.ConnectException: Connection refused
	... 11 more
2019-10-16 17:21:07,298 [6c17ba67-9052-48ab-b55c-e326bb81c936@group-EDF3B1B09235-LeaderElection43] INFO  impl.LeaderElection (LogUtils.java:infoOrTrace(149)) -   Exception 1: {}
java.util.concurrent.ExecutionException: org.apache.ratis.thirdparty.io.grpc.StatusRuntimeException: UNAVAILABLE: io exception
	at java.util.concurrent.FutureTask.report(FutureTask.java:122)
	at java.util.concurrent.FutureTask.get(FutureTask.java:192)
	at org.apache.ratis.server.impl.LeaderElection.waitForResults(LeaderElection.java:259)
	at org.apache.ratis.server.impl.LeaderElection.askForVotes(LeaderElection.java:197)
	at org.apache.ratis.server.impl.LeaderElection.run(LeaderElection.java:133)
	at java.lang.Thread.run(Thread.java:748)
Caused by: org.apache.ratis.thirdparty.io.grpc.StatusRuntimeException: UNAVAILABLE: io exception
	at org.apache.ratis.thirdparty.io.grpc.stub.ClientCalls.toStatusRuntimeException(ClientCalls.java:233)
	at org.apache.ratis.thirdparty.io.grpc.stub.ClientCalls.getUnchecked(ClientCalls.java:214)
	at org.apache.ratis.thirdparty.io.grpc.stub.ClientCalls.blockingUnaryCall(ClientCalls.java:139)
	at org.apache.ratis.proto.grpc.RaftServerProtocolServiceGrpc$RaftServerProtocolServiceBlockingStub.requestVote(RaftServerProtocolServiceGrpc.java:265)
	at org.apache.ratis.grpc.server.GrpcServerProtocolClient.requestVote(GrpcServerProtocolClient.java:99)
	at org.apache.ratis.grpc.server.GrpcService.requestVote(GrpcService.java:204)
	at org.apache.ratis.server.impl.LeaderElection.lambda$submitRequests$1(LeaderElection.java:234)
	at java.util.concurrent.FutureTask.run(FutureTask.java:266)
	at java.util.concurrent.Executors$RunnableAdapter.call(Executors.java:511)
	at java.util.concurrent.FutureTask.run(FutureTask.java:266)
	at java.util.concurrent.ThreadPoolExecutor.runWorker(ThreadPoolExecutor.java:1149)
	at java.util.concurrent.ThreadPoolExecutor$Worker.run(ThreadPoolExecutor.java:624)
	... 1 more
Caused by: org.apache.ratis.thirdparty.io.netty.channel.AbstractChannel$AnnotatedConnectException: Connection refused: /192.168.69.90:45999
	at sun.nio.ch.SocketChannelImpl.checkConnect(Native Method)
	at sun.nio.ch.SocketChannelImpl.finishConnect(SocketChannelImpl.java:717)
	at org.apache.ratis.thirdparty.io.netty.channel.socket.nio.NioSocketChannel.doFinishConnect(NioSocketChannel.java:327)
	at org.apache.ratis.thirdparty.io.netty.channel.nio.AbstractNioChannel$AbstractNioUnsafe.finishConnect(AbstractNioChannel.java:340)
	at org.apache.ratis.thirdparty.io.netty.channel.nio.NioEventLoop.processSelectedKey(NioEventLoop.java:632)
	at org.apache.ratis.thirdparty.io.netty.channel.nio.NioEventLoop.processSelectedKeysOptimized(NioEventLoop.java:579)
	at org.apache.ratis.thirdparty.io.netty.channel.nio.NioEventLoop.processSelectedKeys(NioEventLoop.java:496)
	at org.apache.ratis.thirdparty.io.netty.channel.nio.NioEventLoop.run(NioEventLoop.java:458)
	at org.apache.ratis.thirdparty.io.netty.util.concurrent.SingleThreadEventExecutor$5.run(SingleThreadEventExecutor.java:897)
	at org.apache.ratis.thirdparty.io.netty.util.concurrent.FastThreadLocalRunnable.run(FastThreadLocalRunnable.java:30)
	... 1 more
Caused by: java.net.ConnectException: Connection refused
	... 11 more
2019-10-16 17:21:07,297 [6c17ba67-9052-48ab-b55c-e326bb81c936@group-8363CBFC2677-LeaderElection44] INFO  impl.LeaderElection (LeaderElection.java:logAndReturn(56)) - 6c17ba67-9052-48ab-b55c-e326bb81c936@group-8363CBFC2677-LeaderElection44: Election REJECTED; received 0 response(s) [] and 2 exception(s); 6c17ba67-9052-48ab-b55c-e326bb81c936@group-8363CBFC2677:t4, leader=null, voted=6c17ba67-9052-48ab-b55c-e326bb81c936, raftlog=6c17ba67-9052-48ab-b55c-e326bb81c936@group-8363CBFC2677-SegmentedRaftLog:OPENED:c-1,f-1,i0, conf=-1: [8dfecba1-8cf2-4467-bf71-9131598e36cc:192.168.69.90:35390, 6c17ba67-9052-48ab-b55c-e326bb81c936:192.168.69.90:33518, 21b36528-7a33-48f9-a871-a72bce406f0b:192.168.69.90:45999], old=null
2019-10-16 17:21:07,299 [6c17ba67-9052-48ab-b55c-e326bb81c936@group-EDF3B1B09235-LeaderElection43] INFO  impl.RaftServerImpl (RaftServerImpl.java:setRole(170)) - 6c17ba67-9052-48ab-b55c-e326bb81c936@group-EDF3B1B09235: changes role from CANDIDATE to FOLLOWER at term 4 for DISCOVERED_A_NEW_TERM
2019-10-16 17:21:07,299 [6c17ba67-9052-48ab-b55c-e326bb81c936@group-8363CBFC2677-LeaderElection44] INFO  impl.LeaderElection (LogUtils.java:infoOrTrace(149)) -   Exception 0: {}
java.util.concurrent.ExecutionException: org.apache.ratis.thirdparty.io.grpc.StatusRuntimeException: UNAVAILABLE: io exception
	at java.util.concurrent.FutureTask.report(FutureTask.java:122)
	at java.util.concurrent.FutureTask.get(FutureTask.java:192)
	at org.apache.ratis.server.impl.LeaderElection.waitForResults(LeaderElection.java:259)
	at org.apache.ratis.server.impl.LeaderElection.askForVotes(LeaderElection.java:197)
	at org.apache.ratis.server.impl.LeaderElection.run(LeaderElection.java:133)
	at java.lang.Thread.run(Thread.java:748)
Caused by: org.apache.ratis.thirdparty.io.grpc.StatusRuntimeException: UNAVAILABLE: io exception
	at org.apache.ratis.thirdparty.io.grpc.stub.ClientCalls.toStatusRuntimeException(ClientCalls.java:233)
	at org.apache.ratis.thirdparty.io.grpc.stub.ClientCalls.getUnchecked(ClientCalls.java:214)
	at org.apache.ratis.thirdparty.io.grpc.stub.ClientCalls.blockingUnaryCall(ClientCalls.java:139)
	at org.apache.ratis.proto.grpc.RaftServerProtocolServiceGrpc$RaftServerProtocolServiceBlockingStub.requestVote(RaftServerProtocolServiceGrpc.java:265)
	at org.apache.ratis.grpc.server.GrpcServerProtocolClient.requestVote(GrpcServerProtocolClient.java:99)
	at org.apache.ratis.grpc.server.GrpcService.requestVote(GrpcService.java:204)
	at org.apache.ratis.server.impl.LeaderElection.lambda$submitRequests$1(LeaderElection.java:234)
	at java.util.concurrent.FutureTask.run(FutureTask.java:266)
	at java.util.concurrent.Executors$RunnableAdapter.call(Executors.java:511)
	at java.util.concurrent.FutureTask.run(FutureTask.java:266)
	at java.util.concurrent.ThreadPoolExecutor.runWorker(ThreadPoolExecutor.java:1149)
	at java.util.concurrent.ThreadPoolExecutor$Worker.run(ThreadPoolExecutor.java:624)
	... 1 more
Caused by: org.apache.ratis.thirdparty.io.netty.channel.AbstractChannel$AnnotatedConnectException: Connection refused: /192.168.69.90:35390
	at sun.nio.ch.SocketChannelImpl.checkConnect(Native Method)
	at sun.nio.ch.SocketChannelImpl.finishConnect(SocketChannelImpl.java:717)
	at org.apache.ratis.thirdparty.io.netty.channel.socket.nio.NioSocketChannel.doFinishConnect(NioSocketChannel.java:327)
	at org.apache.ratis.thirdparty.io.netty.channel.nio.AbstractNioChannel$AbstractNioUnsafe.finishConnect(AbstractNioChannel.java:340)
	at org.apache.ratis.thirdparty.io.netty.channel.nio.NioEventLoop.processSelectedKey(NioEventLoop.java:632)
	at org.apache.ratis.thirdparty.io.netty.channel.nio.NioEventLoop.processSelectedKeysOptimized(NioEventLoop.java:579)
	at org.apache.ratis.thirdparty.io.netty.channel.nio.NioEventLoop.processSelectedKeys(NioEventLoop.java:496)
	at org.apache.ratis.thirdparty.io.netty.channel.nio.NioEventLoop.run(NioEventLoop.java:458)
	at org.apache.ratis.thirdparty.io.netty.util.concurrent.SingleThreadEventExecutor$5.run(SingleThreadEventExecutor.java:897)
	at org.apache.ratis.thirdparty.io.netty.util.concurrent.FastThreadLocalRunnable.run(FastThreadLocalRunnable.java:30)
	... 1 more
Caused by: java.net.ConnectException: Connection refused
	... 11 more
2019-10-16 17:21:07,299 [6c17ba67-9052-48ab-b55c-e326bb81c936@group-EDF3B1B09235-LeaderElection43] INFO  impl.RoleInfo (RoleInfo.java:shutdownLeaderElection(134)) - 6c17ba67-9052-48ab-b55c-e326bb81c936: shutdown LeaderElection
2019-10-16 17:21:07,301 [6c17ba67-9052-48ab-b55c-e326bb81c936@group-8363CBFC2677-LeaderElection44] INFO  impl.LeaderElection (LogUtils.java:infoOrTrace(149)) -   Exception 1: {}
java.util.concurrent.ExecutionException: org.apache.ratis.thirdparty.io.grpc.StatusRuntimeException: UNAVAILABLE: io exception
	at java.util.concurrent.FutureTask.report(FutureTask.java:122)
	at java.util.concurrent.FutureTask.get(FutureTask.java:192)
	at org.apache.ratis.server.impl.LeaderElection.waitForResults(LeaderElection.java:259)
	at org.apache.ratis.server.impl.LeaderElection.askForVotes(LeaderElection.java:197)
	at org.apache.ratis.server.impl.LeaderElection.run(LeaderElection.java:133)
	at java.lang.Thread.run(Thread.java:748)
Caused by: org.apache.ratis.thirdparty.io.grpc.StatusRuntimeException: UNAVAILABLE: io exception
	at org.apache.ratis.thirdparty.io.grpc.stub.ClientCalls.toStatusRuntimeException(ClientCalls.java:233)
	at org.apache.ratis.thirdparty.io.grpc.stub.ClientCalls.getUnchecked(ClientCalls.java:214)
	at org.apache.ratis.thirdparty.io.grpc.stub.ClientCalls.blockingUnaryCall(ClientCalls.java:139)
	at org.apache.ratis.proto.grpc.RaftServerProtocolServiceGrpc$RaftServerProtocolServiceBlockingStub.requestVote(RaftServerProtocolServiceGrpc.java:265)
	at org.apache.ratis.grpc.server.GrpcServerProtocolClient.requestVote(GrpcServerProtocolClient.java:99)
	at org.apache.ratis.grpc.server.GrpcService.requestVote(GrpcService.java:204)
	at org.apache.ratis.server.impl.LeaderElection.lambda$submitRequests$1(LeaderElection.java:234)
	at java.util.concurrent.FutureTask.run(FutureTask.java:266)
	at java.util.concurrent.Executors$RunnableAdapter.call(Executors.java:511)
	at java.util.concurrent.FutureTask.run(FutureTask.java:266)
	at java.util.concurrent.ThreadPoolExecutor.runWorker(ThreadPoolExecutor.java:1149)
	at java.util.concurrent.ThreadPoolExecutor$Worker.run(ThreadPoolExecutor.java:624)
	... 1 more
Caused by: org.apache.ratis.thirdparty.io.netty.channel.AbstractChannel$AnnotatedConnectException: Connection refused: /192.168.69.90:45999
	at sun.nio.ch.SocketChannelImpl.checkConnect(Native Method)
	at sun.nio.ch.SocketChannelImpl.finishConnect(SocketChannelImpl.java:717)
	at org.apache.ratis.thirdparty.io.netty.channel.socket.nio.NioSocketChannel.doFinishConnect(NioSocketChannel.java:327)
	at org.apache.ratis.thirdparty.io.netty.channel.nio.AbstractNioChannel$AbstractNioUnsafe.finishConnect(AbstractNioChannel.java:340)
	at org.apache.ratis.thirdparty.io.netty.channel.nio.NioEventLoop.processSelectedKey(NioEventLoop.java:632)
	at org.apache.ratis.thirdparty.io.netty.channel.nio.NioEventLoop.processSelectedKeysOptimized(NioEventLoop.java:579)
	at org.apache.ratis.thirdparty.io.netty.channel.nio.NioEventLoop.processSelectedKeys(NioEventLoop.java:496)
	at org.apache.ratis.thirdparty.io.netty.channel.nio.NioEventLoop.run(NioEventLoop.java:458)
	at org.apache.ratis.thirdparty.io.netty.util.concurrent.SingleThreadEventExecutor$5.run(SingleThreadEventExecutor.java:897)
	at org.apache.ratis.thirdparty.io.netty.util.concurrent.FastThreadLocalRunnable.run(FastThreadLocalRunnable.java:30)
	... 1 more
Caused by: java.net.ConnectException: Connection refused
	... 11 more
2019-10-16 17:21:07,301 [6c17ba67-9052-48ab-b55c-e326bb81c936@group-EDF3B1B09235-LeaderElection43] INFO  impl.RoleInfo (RoleInfo.java:updateAndGet(143)) - 6c17ba67-9052-48ab-b55c-e326bb81c936: start FollowerState
2019-10-16 17:21:07,301 [6c17ba67-9052-48ab-b55c-e326bb81c936@group-8363CBFC2677-LeaderElection44] INFO  impl.RaftServerImpl (RaftServerImpl.java:setRole(170)) - 6c17ba67-9052-48ab-b55c-e326bb81c936@group-8363CBFC2677: changes role from CANDIDATE to FOLLOWER at term 4 for DISCOVERED_A_NEW_TERM
2019-10-16 17:21:07,302 [6c17ba67-9052-48ab-b55c-e326bb81c936@group-8363CBFC2677-LeaderElection44] INFO  impl.RoleInfo (RoleInfo.java:shutdownLeaderElection(134)) - 6c17ba67-9052-48ab-b55c-e326bb81c936: shutdown LeaderElection
2019-10-16 17:21:07,302 [6c17ba67-9052-48ab-b55c-e326bb81c936@group-8363CBFC2677-LeaderElection44] INFO  impl.RoleInfo (RoleInfo.java:updateAndGet(143)) - 6c17ba67-9052-48ab-b55c-e326bb81c936: start FollowerState
2019-10-16 17:21:07,330 [Thread-1319] INFO  impl.FollowerState (FollowerState.java:run(108)) - 6c17ba67-9052-48ab-b55c-e326bb81c936@group-95D7A0F68A30-FollowerState: change to CANDIDATE, lastRpcTime:1096ms, electionTimeout:1096ms
2019-10-16 17:21:07,330 [Thread-1319] INFO  impl.RoleInfo (RoleInfo.java:shutdownFollowerState(121)) - 6c17ba67-9052-48ab-b55c-e326bb81c936: shutdown FollowerState
2019-10-16 17:21:07,330 [Thread-1319] INFO  impl.RaftServerImpl (RaftServerImpl.java:setRole(170)) - 6c17ba67-9052-48ab-b55c-e326bb81c936@group-95D7A0F68A30: changes role from  FOLLOWER to CANDIDATE at term 3 for changeToCandidate
2019-10-16 17:21:07,331 [Thread-1319] INFO  impl.RoleInfo (RoleInfo.java:updateAndGet(143)) - 6c17ba67-9052-48ab-b55c-e326bb81c936: start LeaderElection
2019-10-16 17:21:07,347 [6c17ba67-9052-48ab-b55c-e326bb81c936@group-95D7A0F68A30-LeaderElection45] INFO  impl.LeaderElection (LeaderElection.java:askForVotes(178)) - 6c17ba67-9052-48ab-b55c-e326bb81c936@group-95D7A0F68A30-LeaderElection45: begin an election at term 4 for -1: [8dfecba1-8cf2-4467-bf71-9131598e36cc:192.168.69.90:35390, 6c17ba67-9052-48ab-b55c-e326bb81c936:192.168.69.90:33518, 21b36528-7a33-48f9-a871-a72bce406f0b:192.168.69.90:45999], old=null
2019-10-16 17:21:07,348 [6c17ba67-9052-48ab-b55c-e326bb81c936@group-95D7A0F68A30-LeaderElection45] INFO  impl.LeaderElection (LogUtils.java:infoOrTrace(149)) - 6c17ba67-9052-48ab-b55c-e326bb81c936@group-95D7A0F68A30-LeaderElection45 got exception when requesting votes: {}
java.util.concurrent.ExecutionException: org.apache.ratis.thirdparty.io.grpc.StatusRuntimeException: UNAVAILABLE: io exception
	at java.util.concurrent.FutureTask.report(FutureTask.java:122)
	at java.util.concurrent.FutureTask.get(FutureTask.java:192)
	at org.apache.ratis.server.impl.LeaderElection.waitForResults(LeaderElection.java:259)
	at org.apache.ratis.server.impl.LeaderElection.askForVotes(LeaderElection.java:197)
	at org.apache.ratis.server.impl.LeaderElection.run(LeaderElection.java:133)
	at java.lang.Thread.run(Thread.java:748)
Caused by: org.apache.ratis.thirdparty.io.grpc.StatusRuntimeException: UNAVAILABLE: io exception
	at org.apache.ratis.thirdparty.io.grpc.stub.ClientCalls.toStatusRuntimeException(ClientCalls.java:233)
	at org.apache.ratis.thirdparty.io.grpc.stub.ClientCalls.getUnchecked(ClientCalls.java:214)
	at org.apache.ratis.thirdparty.io.grpc.stub.ClientCalls.blockingUnaryCall(ClientCalls.java:139)
	at org.apache.ratis.proto.grpc.RaftServerProtocolServiceGrpc$RaftServerProtocolServiceBlockingStub.requestVote(RaftServerProtocolServiceGrpc.java:265)
	at org.apache.ratis.grpc.server.GrpcServerProtocolClient.requestVote(GrpcServerProtocolClient.java:99)
	at org.apache.ratis.grpc.server.GrpcService.requestVote(GrpcService.java:204)
	at org.apache.ratis.server.impl.LeaderElection.lambda$submitRequests$1(LeaderElection.java:234)
	at java.util.concurrent.FutureTask.run(FutureTask.java:266)
	at java.util.concurrent.Executors$RunnableAdapter.call(Executors.java:511)
	at java.util.concurrent.FutureTask.run(FutureTask.java:266)
	at java.util.concurrent.ThreadPoolExecutor.runWorker(ThreadPoolExecutor.java:1149)
	at java.util.concurrent.ThreadPoolExecutor$Worker.run(ThreadPoolExecutor.java:624)
	... 1 more
Caused by: org.apache.ratis.thirdparty.io.netty.channel.AbstractChannel$AnnotatedConnectException: Connection refused: /192.168.69.90:35390
	at sun.nio.ch.SocketChannelImpl.checkConnect(Native Method)
	at sun.nio.ch.SocketChannelImpl.finishConnect(SocketChannelImpl.java:717)
	at org.apache.ratis.thirdparty.io.netty.channel.socket.nio.NioSocketChannel.doFinishConnect(NioSocketChannel.java:327)
	at org.apache.ratis.thirdparty.io.netty.channel.nio.AbstractNioChannel$AbstractNioUnsafe.finishConnect(AbstractNioChannel.java:340)
	at org.apache.ratis.thirdparty.io.netty.channel.nio.NioEventLoop.processSelectedKey(NioEventLoop.java:632)
	at org.apache.ratis.thirdparty.io.netty.channel.nio.NioEventLoop.processSelectedKeysOptimized(NioEventLoop.java:579)
	at org.apache.ratis.thirdparty.io.netty.channel.nio.NioEventLoop.processSelectedKeys(NioEventLoop.java:496)
	at org.apache.ratis.thirdparty.io.netty.channel.nio.NioEventLoop.run(NioEventLoop.java:458)
	at org.apache.ratis.thirdparty.io.netty.util.concurrent.SingleThreadEventExecutor$5.run(SingleThreadEventExecutor.java:897)
	at org.apache.ratis.thirdparty.io.netty.util.concurrent.FastThreadLocalRunnable.run(FastThreadLocalRunnable.java:30)
	... 1 more
Caused by: java.net.ConnectException: Connection refused
	... 11 more
2019-10-16 17:21:07,349 [6c17ba67-9052-48ab-b55c-e326bb81c936@group-95D7A0F68A30-LeaderElection45] INFO  impl.LeaderElection (LogUtils.java:infoOrTrace(149)) - 6c17ba67-9052-48ab-b55c-e326bb81c936@group-95D7A0F68A30-LeaderElection45 got exception when requesting votes: {}
java.util.concurrent.ExecutionException: org.apache.ratis.thirdparty.io.grpc.StatusRuntimeException: UNAVAILABLE: io exception
	at java.util.concurrent.FutureTask.report(FutureTask.java:122)
	at java.util.concurrent.FutureTask.get(FutureTask.java:192)
	at org.apache.ratis.server.impl.LeaderElection.waitForResults(LeaderElection.java:259)
	at org.apache.ratis.server.impl.LeaderElection.askForVotes(LeaderElection.java:197)
	at org.apache.ratis.server.impl.LeaderElection.run(LeaderElection.java:133)
	at java.lang.Thread.run(Thread.java:748)
Caused by: org.apache.ratis.thirdparty.io.grpc.StatusRuntimeException: UNAVAILABLE: io exception
	at org.apache.ratis.thirdparty.io.grpc.stub.ClientCalls.toStatusRuntimeException(ClientCalls.java:233)
	at org.apache.ratis.thirdparty.io.grpc.stub.ClientCalls.getUnchecked(ClientCalls.java:214)
	at org.apache.ratis.thirdparty.io.grpc.stub.ClientCalls.blockingUnaryCall(ClientCalls.java:139)
	at org.apache.ratis.proto.grpc.RaftServerProtocolServiceGrpc$RaftServerProtocolServiceBlockingStub.requestVote(RaftServerProtocolServiceGrpc.java:265)
	at org.apache.ratis.grpc.server.GrpcServerProtocolClient.requestVote(GrpcServerProtocolClient.java:99)
	at org.apache.ratis.grpc.server.GrpcService.requestVote(GrpcService.java:204)
	at org.apache.ratis.server.impl.LeaderElection.lambda$submitRequests$1(LeaderElection.java:234)
	at java.util.concurrent.FutureTask.run(FutureTask.java:266)
	at java.util.concurrent.Executors$RunnableAdapter.call(Executors.java:511)
	at java.util.concurrent.FutureTask.run(FutureTask.java:266)
	at java.util.concurrent.ThreadPoolExecutor.runWorker(ThreadPoolExecutor.java:1149)
	at java.util.concurrent.ThreadPoolExecutor$Worker.run(ThreadPoolExecutor.java:624)
	... 1 more
Caused by: org.apache.ratis.thirdparty.io.netty.channel.AbstractChannel$AnnotatedConnectException: Connection refused: /192.168.69.90:45999
	at sun.nio.ch.SocketChannelImpl.checkConnect(Native Method)
	at sun.nio.ch.SocketChannelImpl.finishConnect(SocketChannelImpl.java:717)
	at org.apache.ratis.thirdparty.io.netty.channel.socket.nio.NioSocketChannel.doFinishConnect(NioSocketChannel.java:327)
	at org.apache.ratis.thirdparty.io.netty.channel.nio.AbstractNioChannel$AbstractNioUnsafe.finishConnect(AbstractNioChannel.java:340)
	at org.apache.ratis.thirdparty.io.netty.channel.nio.NioEventLoop.processSelectedKey(NioEventLoop.java:632)
	at org.apache.ratis.thirdparty.io.netty.channel.nio.NioEventLoop.processSelectedKeysOptimized(NioEventLoop.java:579)
	at org.apache.ratis.thirdparty.io.netty.channel.nio.NioEventLoop.processSelectedKeys(NioEventLoop.java:496)
	at org.apache.ratis.thirdparty.io.netty.channel.nio.NioEventLoop.run(NioEventLoop.java:458)
	at org.apache.ratis.thirdparty.io.netty.util.concurrent.SingleThreadEventExecutor$5.run(SingleThreadEventExecutor.java:897)
	at org.apache.ratis.thirdparty.io.netty.util.concurrent.FastThreadLocalRunnable.run(FastThreadLocalRunnable.java:30)
	... 1 more
Caused by: java.net.ConnectException: Connection refused
	... 11 more
2019-10-16 17:21:07,349 [6c17ba67-9052-48ab-b55c-e326bb81c936@group-95D7A0F68A30-LeaderElection45] INFO  impl.LeaderElection (LeaderElection.java:logAndReturn(56)) - 6c17ba67-9052-48ab-b55c-e326bb81c936@group-95D7A0F68A30-LeaderElection45: Election REJECTED; received 0 response(s) [] and 2 exception(s); 6c17ba67-9052-48ab-b55c-e326bb81c936@group-95D7A0F68A30:t4, leader=null, voted=6c17ba67-9052-48ab-b55c-e326bb81c936, raftlog=6c17ba67-9052-48ab-b55c-e326bb81c936@group-95D7A0F68A30-SegmentedRaftLog:OPENED:c-1,f-1,i0, conf=-1: [8dfecba1-8cf2-4467-bf71-9131598e36cc:192.168.69.90:35390, 6c17ba67-9052-48ab-b55c-e326bb81c936:192.168.69.90:33518, 21b36528-7a33-48f9-a871-a72bce406f0b:192.168.69.90:45999], old=null
2019-10-16 17:21:07,350 [6c17ba67-9052-48ab-b55c-e326bb81c936@group-95D7A0F68A30-LeaderElection45] INFO  impl.LeaderElection (LogUtils.java:infoOrTrace(149)) -   Exception 0: {}
java.util.concurrent.ExecutionException: org.apache.ratis.thirdparty.io.grpc.StatusRuntimeException: UNAVAILABLE: io exception
	at java.util.concurrent.FutureTask.report(FutureTask.java:122)
	at java.util.concurrent.FutureTask.get(FutureTask.java:192)
	at org.apache.ratis.server.impl.LeaderElection.waitForResults(LeaderElection.java:259)
	at org.apache.ratis.server.impl.LeaderElection.askForVotes(LeaderElection.java:197)
	at org.apache.ratis.server.impl.LeaderElection.run(LeaderElection.java:133)
	at java.lang.Thread.run(Thread.java:748)
Caused by: org.apache.ratis.thirdparty.io.grpc.StatusRuntimeException: UNAVAILABLE: io exception
	at org.apache.ratis.thirdparty.io.grpc.stub.ClientCalls.toStatusRuntimeException(ClientCalls.java:233)
	at org.apache.ratis.thirdparty.io.grpc.stub.ClientCalls.getUnchecked(ClientCalls.java:214)
	at org.apache.ratis.thirdparty.io.grpc.stub.ClientCalls.blockingUnaryCall(ClientCalls.java:139)
	at org.apache.ratis.proto.grpc.RaftServerProtocolServiceGrpc$RaftServerProtocolServiceBlockingStub.requestVote(RaftServerProtocolServiceGrpc.java:265)
	at org.apache.ratis.grpc.server.GrpcServerProtocolClient.requestVote(GrpcServerProtocolClient.java:99)
	at org.apache.ratis.grpc.server.GrpcService.requestVote(GrpcService.java:204)
	at org.apache.ratis.server.impl.LeaderElection.lambda$submitRequests$1(LeaderElection.java:234)
	at java.util.concurrent.FutureTask.run(FutureTask.java:266)
	at java.util.concurrent.Executors$RunnableAdapter.call(Executors.java:511)
	at java.util.concurrent.FutureTask.run(FutureTask.java:266)
	at java.util.concurrent.ThreadPoolExecutor.runWorker(ThreadPoolExecutor.java:1149)
	at java.util.concurrent.ThreadPoolExecutor$Worker.run(ThreadPoolExecutor.java:624)
	... 1 more
Caused by: org.apache.ratis.thirdparty.io.netty.channel.AbstractChannel$AnnotatedConnectException: Connection refused: /192.168.69.90:35390
	at sun.nio.ch.SocketChannelImpl.checkConnect(Native Method)
	at sun.nio.ch.SocketChannelImpl.finishConnect(SocketChannelImpl.java:717)
	at org.apache.ratis.thirdparty.io.netty.channel.socket.nio.NioSocketChannel.doFinishConnect(NioSocketChannel.java:327)
	at org.apache.ratis.thirdparty.io.netty.channel.nio.AbstractNioChannel$AbstractNioUnsafe.finishConnect(AbstractNioChannel.java:340)
	at org.apache.ratis.thirdparty.io.netty.channel.nio.NioEventLoop.processSelectedKey(NioEventLoop.java:632)
	at org.apache.ratis.thirdparty.io.netty.channel.nio.NioEventLoop.processSelectedKeysOptimized(NioEventLoop.java:579)
	at org.apache.ratis.thirdparty.io.netty.channel.nio.NioEventLoop.processSelectedKeys(NioEventLoop.java:496)
	at org.apache.ratis.thirdparty.io.netty.channel.nio.NioEventLoop.run(NioEventLoop.java:458)
	at org.apache.ratis.thirdparty.io.netty.util.concurrent.SingleThreadEventExecutor$5.run(SingleThreadEventExecutor.java:897)
	at org.apache.ratis.thirdparty.io.netty.util.concurrent.FastThreadLocalRunnable.run(FastThreadLocalRunnable.java:30)
	... 1 more
Caused by: java.net.ConnectException: Connection refused
	... 11 more
2019-10-16 17:21:07,350 [6c17ba67-9052-48ab-b55c-e326bb81c936@group-95D7A0F68A30-LeaderElection45] INFO  impl.LeaderElection (LogUtils.java:infoOrTrace(149)) -   Exception 1: {}
java.util.concurrent.ExecutionException: org.apache.ratis.thirdparty.io.grpc.StatusRuntimeException: UNAVAILABLE: io exception
	at java.util.concurrent.FutureTask.report(FutureTask.java:122)
	at java.util.concurrent.FutureTask.get(FutureTask.java:192)
	at org.apache.ratis.server.impl.LeaderElection.waitForResults(LeaderElection.java:259)
	at org.apache.ratis.server.impl.LeaderElection.askForVotes(LeaderElection.java:197)
	at org.apache.ratis.server.impl.LeaderElection.run(LeaderElection.java:133)
	at java.lang.Thread.run(Thread.java:748)
Caused by: org.apache.ratis.thirdparty.io.grpc.StatusRuntimeException: UNAVAILABLE: io exception
	at org.apache.ratis.thirdparty.io.grpc.stub.ClientCalls.toStatusRuntimeException(ClientCalls.java:233)
	at org.apache.ratis.thirdparty.io.grpc.stub.ClientCalls.getUnchecked(ClientCalls.java:214)
	at org.apache.ratis.thirdparty.io.grpc.stub.ClientCalls.blockingUnaryCall(ClientCalls.java:139)
	at org.apache.ratis.proto.grpc.RaftServerProtocolServiceGrpc$RaftServerProtocolServiceBlockingStub.requestVote(RaftServerProtocolServiceGrpc.java:265)
	at org.apache.ratis.grpc.server.GrpcServerProtocolClient.requestVote(GrpcServerProtocolClient.java:99)
	at org.apache.ratis.grpc.server.GrpcService.requestVote(GrpcService.java:204)
	at org.apache.ratis.server.impl.LeaderElection.lambda$submitRequests$1(LeaderElection.java:234)
	at java.util.concurrent.FutureTask.run(FutureTask.java:266)
	at java.util.concurrent.Executors$RunnableAdapter.call(Executors.java:511)
	at java.util.concurrent.FutureTask.run(FutureTask.java:266)
	at java.util.concurrent.ThreadPoolExecutor.runWorker(ThreadPoolExecutor.java:1149)
	at java.util.concurrent.ThreadPoolExecutor$Worker.run(ThreadPoolExecutor.java:624)
	... 1 more
Caused by: org.apache.ratis.thirdparty.io.netty.channel.AbstractChannel$AnnotatedConnectException: Connection refused: /192.168.69.90:45999
	at sun.nio.ch.SocketChannelImpl.checkConnect(Native Method)
	at sun.nio.ch.SocketChannelImpl.finishConnect(SocketChannelImpl.java:717)
	at org.apache.ratis.thirdparty.io.netty.channel.socket.nio.NioSocketChannel.doFinishConnect(NioSocketChannel.java:327)
	at org.apache.ratis.thirdparty.io.netty.channel.nio.AbstractNioChannel$AbstractNioUnsafe.finishConnect(AbstractNioChannel.java:340)
	at org.apache.ratis.thirdparty.io.netty.channel.nio.NioEventLoop.processSelectedKey(NioEventLoop.java:632)
	at org.apache.ratis.thirdparty.io.netty.channel.nio.NioEventLoop.processSelectedKeysOptimized(NioEventLoop.java:579)
	at org.apache.ratis.thirdparty.io.netty.channel.nio.NioEventLoop.processSelectedKeys(NioEventLoop.java:496)
	at org.apache.ratis.thirdparty.io.netty.channel.nio.NioEventLoop.run(NioEventLoop.java:458)
	at org.apache.ratis.thirdparty.io.netty.util.concurrent.SingleThreadEventExecutor$5.run(SingleThreadEventExecutor.java:897)
	at org.apache.ratis.thirdparty.io.netty.util.concurrent.FastThreadLocalRunnable.run(FastThreadLocalRunnable.java:30)
	... 1 more
Caused by: java.net.ConnectException: Connection refused
	... 11 more
2019-10-16 17:21:07,350 [6c17ba67-9052-48ab-b55c-e326bb81c936@group-95D7A0F68A30-LeaderElection45] INFO  impl.RaftServerImpl (RaftServerImpl.java:setRole(170)) - 6c17ba67-9052-48ab-b55c-e326bb81c936@group-95D7A0F68A30: changes role from CANDIDATE to FOLLOWER at term 4 for DISCOVERED_A_NEW_TERM
2019-10-16 17:21:07,351 [6c17ba67-9052-48ab-b55c-e326bb81c936@group-95D7A0F68A30-LeaderElection45] INFO  impl.RoleInfo (RoleInfo.java:shutdownLeaderElection(134)) - 6c17ba67-9052-48ab-b55c-e326bb81c936: shutdown LeaderElection
2019-10-16 17:21:07,351 [6c17ba67-9052-48ab-b55c-e326bb81c936@group-95D7A0F68A30-LeaderElection45] INFO  impl.RoleInfo (RoleInfo.java:updateAndGet(143)) - 6c17ba67-9052-48ab-b55c-e326bb81c936: start FollowerState
2019-10-16 17:21:07,975 [main] INFO  ozoneimpl.OzoneContainer (OzoneContainer.java:stop(227)) - Attempting to stop container services.
2019-10-16 17:21:07,977 [main] INFO  impl.RaftServerProxy (RaftServerProxy.java:lambda$close$4(314)) - 6806cb83-786e-47de-b92b-f11ea0fda5a2: close
2019-10-16 17:21:07,978 [main] INFO  server.GrpcService (GrpcService.java:closeImpl(164)) - 6806cb83-786e-47de-b92b-f11ea0fda5a2: shutdown server with port 44194 now
2019-10-16 17:21:07,979 [main] INFO  server.GrpcService (GrpcService.java:closeImpl(172)) - 6806cb83-786e-47de-b92b-f11ea0fda5a2: shutdown server with port 44194 successfully
2019-10-16 17:21:07,986 [refreshUsed-/workdir/hadoop-ozone/integration-test/target/test-dir/MiniOzoneClusterImpl-d62837be-dbbf-4c13-a31e-440e50fcf132/datanode-4/data/containers] WARN  fs.CachingGetSpaceUsed (CachingGetSpaceUsed.java:run(183)) - Thread Interrupted waiting to refresh disk information: sleep interrupted
2019-10-16 17:21:08,005 [main] INFO  utils.BackgroundService (BackgroundService.java:shutdown(151)) - Shutting down service BlockDeletingService
2019-10-16 17:21:08,009 [main] INFO  statemachine.DatanodeStateMachine (DatanodeStateMachine.java:stopDaemon(395)) - Ozone container server stopped.
2019-10-16 17:21:08,337 [main] INFO  handler.ContextHandler (ContextHandler.java:doStop(910)) - Stopped o.e.j.w.WebAppContext@68b366e2{/,null,UNAVAILABLE}{/hddsDatanode}
2019-10-16 17:21:08,339 [main] INFO  server.AbstractConnector (AbstractConnector.java:doStop(318)) - Stopped ServerConnector@2d74c81b{HTTP/1.1,[http/1.1]}{0.0.0.0:0}
2019-10-16 17:21:08,339 [main] INFO  handler.ContextHandler (ContextHandler.java:doStop(910)) - Stopped o.e.j.s.ServletContextHandler@2007435e{/static,jar:file:/home/user/.m2/repository/org/apache/hadoop/hadoop-hdds-container-service/0.5.0-SNAPSHOT/hadoop-hdds-container-service-0.5.0-SNAPSHOT.jar!/webapps/static,UNAVAILABLE}
2019-10-16 17:21:08,340 [main] INFO  handler.ContextHandler (ContextHandler.java:doStop(910)) - Stopped o.e.j.s.ServletContextHandler@2703d91{/logs,file:///workdir/hadoop-ozone/integration-test/target/log,UNAVAILABLE}
2019-10-16 17:21:08,392 [Thread-1326] INFO  impl.FollowerState (FollowerState.java:run(108)) - 6c17ba67-9052-48ab-b55c-e326bb81c936@group-EDF3B1B09235-FollowerState: change to CANDIDATE, lastRpcTime:1090ms, electionTimeout:1090ms
2019-10-16 17:21:08,392 [Thread-1326] INFO  impl.RoleInfo (RoleInfo.java:shutdownFollowerState(121)) - 6c17ba67-9052-48ab-b55c-e326bb81c936: shutdown FollowerState
2019-10-16 17:21:08,392 [Thread-1326] INFO  impl.RaftServerImpl (RaftServerImpl.java:setRole(170)) - 6c17ba67-9052-48ab-b55c-e326bb81c936@group-EDF3B1B09235: changes role from  FOLLOWER to CANDIDATE at term 4 for changeToCandidate
2019-10-16 17:21:08,393 [Thread-1326] INFO  impl.RoleInfo (RoleInfo.java:updateAndGet(143)) - 6c17ba67-9052-48ab-b55c-e326bb81c936: start LeaderElection
2019-10-16 17:21:08,482 [Thread-1327] INFO  impl.FollowerState (FollowerState.java:run(108)) - 6c17ba67-9052-48ab-b55c-e326bb81c936@group-8363CBFC2677-FollowerState: change to CANDIDATE, lastRpcTime:1180ms, electionTimeout:1180ms
2019-10-16 17:21:08,482 [Thread-1327] INFO  impl.RoleInfo (RoleInfo.java:shutdownFollowerState(121)) - 6c17ba67-9052-48ab-b55c-e326bb81c936: shutdown FollowerState
2019-10-16 17:21:08,483 [Thread-1327] INFO  impl.RaftServerImpl (RaftServerImpl.java:setRole(170)) - 6c17ba67-9052-48ab-b55c-e326bb81c936@group-8363CBFC2677: changes role from  FOLLOWER to CANDIDATE at term 4 for changeToCandidate
2019-10-16 17:21:08,483 [Thread-1327] INFO  impl.RoleInfo (RoleInfo.java:updateAndGet(143)) - 6c17ba67-9052-48ab-b55c-e326bb81c936: start LeaderElection
2019-10-16 17:21:08,500 [Thread-1331] INFO  impl.FollowerState (FollowerState.java:run(108)) - 6c17ba67-9052-48ab-b55c-e326bb81c936@group-95D7A0F68A30-FollowerState: change to CANDIDATE, lastRpcTime:1149ms, electionTimeout:1149ms
2019-10-16 17:21:08,500 [Thread-1331] INFO  impl.RoleInfo (RoleInfo.java:shutdownFollowerState(121)) - 6c17ba67-9052-48ab-b55c-e326bb81c936: shutdown FollowerState
2019-10-16 17:21:08,501 [Thread-1331] INFO  impl.RaftServerImpl (RaftServerImpl.java:setRole(170)) - 6c17ba67-9052-48ab-b55c-e326bb81c936@group-95D7A0F68A30: changes role from  FOLLOWER to CANDIDATE at term 4 for changeToCandidate
2019-10-16 17:21:08,501 [Thread-1331] INFO  impl.RoleInfo (RoleInfo.java:updateAndGet(143)) - 6c17ba67-9052-48ab-b55c-e326bb81c936: start LeaderElection
2019-10-16 17:21:09,809 [6c17ba67-9052-48ab-b55c-e326bb81c936@group-EDF3B1B09235-LeaderElection46] INFO  impl.LeaderElection (LeaderElection.java:askForVotes(178)) - 6c17ba67-9052-48ab-b55c-e326bb81c936@group-EDF3B1B09235-LeaderElection46: begin an election at term 5 for -1: [8dfecba1-8cf2-4467-bf71-9131598e36cc:192.168.69.90:35390, 6c17ba67-9052-48ab-b55c-e326bb81c936:192.168.69.90:33518, 21b36528-7a33-48f9-a871-a72bce406f0b:192.168.69.90:45999], old=null
2019-10-16 17:21:09,809 [6c17ba67-9052-48ab-b55c-e326bb81c936@group-8363CBFC2677-LeaderElection47] INFO  impl.LeaderElection (LeaderElection.java:askForVotes(178)) - 6c17ba67-9052-48ab-b55c-e326bb81c936@group-8363CBFC2677-LeaderElection47: begin an election at term 5 for -1: [8dfecba1-8cf2-4467-bf71-9131598e36cc:192.168.69.90:35390, 6c17ba67-9052-48ab-b55c-e326bb81c936:192.168.69.90:33518, 21b36528-7a33-48f9-a871-a72bce406f0b:192.168.69.90:45999], old=null
2019-10-16 17:21:09,809 [6c17ba67-9052-48ab-b55c-e326bb81c936@group-95D7A0F68A30-LeaderElection48] INFO  impl.LeaderElection (LeaderElection.java:askForVotes(178)) - 6c17ba67-9052-48ab-b55c-e326bb81c936@group-95D7A0F68A30-LeaderElection48: begin an election at term 5 for -1: [8dfecba1-8cf2-4467-bf71-9131598e36cc:192.168.69.90:35390, 6c17ba67-9052-48ab-b55c-e326bb81c936:192.168.69.90:33518, 21b36528-7a33-48f9-a871-a72bce406f0b:192.168.69.90:45999], old=null
2019-10-16 17:21:09,811 [6c17ba67-9052-48ab-b55c-e326bb81c936@group-EDF3B1B09235-LeaderElection46] INFO  impl.LeaderElection (LogUtils.java:infoOrTrace(149)) - 6c17ba67-9052-48ab-b55c-e326bb81c936@group-EDF3B1B09235-LeaderElection46 got exception when requesting votes: {}
java.util.concurrent.ExecutionException: org.apache.ratis.thirdparty.io.grpc.StatusRuntimeException: UNAVAILABLE: io exception
	at java.util.concurrent.FutureTask.report(FutureTask.java:122)
	at java.util.concurrent.FutureTask.get(FutureTask.java:192)
	at org.apache.ratis.server.impl.LeaderElection.waitForResults(LeaderElection.java:259)
	at org.apache.ratis.server.impl.LeaderElection.askForVotes(LeaderElection.java:197)
	at org.apache.ratis.server.impl.LeaderElection.run(LeaderElection.java:133)
	at java.lang.Thread.run(Thread.java:748)
Caused by: org.apache.ratis.thirdparty.io.grpc.StatusRuntimeException: UNAVAILABLE: io exception
	at org.apache.ratis.thirdparty.io.grpc.stub.ClientCalls.toStatusRuntimeException(ClientCalls.java:233)
	at org.apache.ratis.thirdparty.io.grpc.stub.ClientCalls.getUnchecked(ClientCalls.java:214)
	at org.apache.ratis.thirdparty.io.grpc.stub.ClientCalls.blockingUnaryCall(ClientCalls.java:139)
	at org.apache.ratis.proto.grpc.RaftServerProtocolServiceGrpc$RaftServerProtocolServiceBlockingStub.requestVote(RaftServerProtocolServiceGrpc.java:265)
	at org.apache.ratis.grpc.server.GrpcServerProtocolClient.requestVote(GrpcServerProtocolClient.java:99)
	at org.apache.ratis.grpc.server.GrpcService.requestVote(GrpcService.java:204)
	at org.apache.ratis.server.impl.LeaderElection.lambda$submitRequests$1(LeaderElection.java:234)
	at java.util.concurrent.FutureTask.run(FutureTask.java:266)
	at java.util.concurrent.Executors$RunnableAdapter.call(Executors.java:511)
	at java.util.concurrent.FutureTask.run(FutureTask.java:266)
	at java.util.concurrent.ThreadPoolExecutor.runWorker(ThreadPoolExecutor.java:1149)
	at java.util.concurrent.ThreadPoolExecutor$Worker.run(ThreadPoolExecutor.java:624)
	... 1 more
Caused by: org.apache.ratis.thirdparty.io.netty.channel.AbstractChannel$AnnotatedConnectException: Connection refused: /192.168.69.90:35390
	at sun.nio.ch.SocketChannelImpl.checkConnect(Native Method)
	at sun.nio.ch.SocketChannelImpl.finishConnect(SocketChannelImpl.java:717)
	at org.apache.ratis.thirdparty.io.netty.channel.socket.nio.NioSocketChannel.doFinishConnect(NioSocketChannel.java:327)
	at org.apache.ratis.thirdparty.io.netty.channel.nio.AbstractNioChannel$AbstractNioUnsafe.finishConnect(AbstractNioChannel.java:340)
	at org.apache.ratis.thirdparty.io.netty.channel.nio.NioEventLoop.processSelectedKey(NioEventLoop.java:632)
	at org.apache.ratis.thirdparty.io.netty.channel.nio.NioEventLoop.processSelectedKeysOptimized(NioEventLoop.java:579)
	at org.apache.ratis.thirdparty.io.netty.channel.nio.NioEventLoop.processSelectedKeys(NioEventLoop.java:496)
	at org.apache.ratis.thirdparty.io.netty.channel.nio.NioEventLoop.run(NioEventLoop.java:458)
	at org.apache.ratis.thirdparty.io.netty.util.concurrent.SingleThreadEventExecutor$5.run(SingleThreadEventExecutor.java:897)
	at org.apache.ratis.thirdparty.io.netty.util.concurrent.FastThreadLocalRunnable.run(FastThreadLocalRunnable.java:30)
	... 1 more
Caused by: java.net.ConnectException: Connection refused
	... 11 more
2019-10-16 17:21:09,811 [6c17ba67-9052-48ab-b55c-e326bb81c936@group-95D7A0F68A30-LeaderElection48] INFO  impl.LeaderElection (LogUtils.java:infoOrTrace(149)) - 6c17ba67-9052-48ab-b55c-e326bb81c936@group-95D7A0F68A30-LeaderElection48 got exception when requesting votes: {}
java.util.concurrent.ExecutionException: org.apache.ratis.thirdparty.io.grpc.StatusRuntimeException: UNAVAILABLE: io exception
	at java.util.concurrent.FutureTask.report(FutureTask.java:122)
	at java.util.concurrent.FutureTask.get(FutureTask.java:192)
	at org.apache.ratis.server.impl.LeaderElection.waitForResults(LeaderElection.java:259)
	at org.apache.ratis.server.impl.LeaderElection.askForVotes(LeaderElection.java:197)
	at org.apache.ratis.server.impl.LeaderElection.run(LeaderElection.java:133)
	at java.lang.Thread.run(Thread.java:748)
Caused by: org.apache.ratis.thirdparty.io.grpc.StatusRuntimeException: UNAVAILABLE: io exception
	at org.apache.ratis.thirdparty.io.grpc.stub.ClientCalls.toStatusRuntimeException(ClientCalls.java:233)
	at org.apache.ratis.thirdparty.io.grpc.stub.ClientCalls.getUnchecked(ClientCalls.java:214)
	at org.apache.ratis.thirdparty.io.grpc.stub.ClientCalls.blockingUnaryCall(ClientCalls.java:139)
	at org.apache.ratis.proto.grpc.RaftServerProtocolServiceGrpc$RaftServerProtocolServiceBlockingStub.requestVote(RaftServerProtocolServiceGrpc.java:265)
	at org.apache.ratis.grpc.server.GrpcServerProtocolClient.requestVote(GrpcServerProtocolClient.java:99)
	at org.apache.ratis.grpc.server.GrpcService.requestVote(GrpcService.java:204)
	at org.apache.ratis.server.impl.LeaderElection.lambda$submitRequests$1(LeaderElection.java:234)
	at java.util.concurrent.FutureTask.run(FutureTask.java:266)
	at java.util.concurrent.Executors$RunnableAdapter.call(Executors.java:511)
	at java.util.concurrent.FutureTask.run(FutureTask.java:266)
	at java.util.concurrent.ThreadPoolExecutor.runWorker(ThreadPoolExecutor.java:1149)
	at java.util.concurrent.ThreadPoolExecutor$Worker.run(ThreadPoolExecutor.java:624)
	... 1 more
Caused by: org.apache.ratis.thirdparty.io.netty.channel.AbstractChannel$AnnotatedConnectException: Connection refused: /192.168.69.90:45999
	at sun.nio.ch.SocketChannelImpl.checkConnect(Native Method)
	at sun.nio.ch.SocketChannelImpl.finishConnect(SocketChannelImpl.java:717)
	at org.apache.ratis.thirdparty.io.netty.channel.socket.nio.NioSocketChannel.doFinishConnect(NioSocketChannel.java:327)
	at org.apache.ratis.thirdparty.io.netty.channel.nio.AbstractNioChannel$AbstractNioUnsafe.finishConnect(AbstractNioChannel.java:340)
	at org.apache.ratis.thirdparty.io.netty.channel.nio.NioEventLoop.processSelectedKey(NioEventLoop.java:632)
	at org.apache.ratis.thirdparty.io.netty.channel.nio.NioEventLoop.processSelectedKeysOptimized(NioEventLoop.java:579)
	at org.apache.ratis.thirdparty.io.netty.channel.nio.NioEventLoop.processSelectedKeys(NioEventLoop.java:496)
	at org.apache.ratis.thirdparty.io.netty.channel.nio.NioEventLoop.run(NioEventLoop.java:458)
	at org.apache.ratis.thirdparty.io.netty.util.concurrent.SingleThreadEventExecutor$5.run(SingleThreadEventExecutor.java:897)
	at org.apache.ratis.thirdparty.io.netty.util.concurrent.FastThreadLocalRunnable.run(FastThreadLocalRunnable.java:30)
	... 1 more
Caused by: java.net.ConnectException: Connection refused
	... 11 more
2019-10-16 17:21:09,811 [6c17ba67-9052-48ab-b55c-e326bb81c936@group-8363CBFC2677-LeaderElection47] INFO  impl.LeaderElection (LogUtils.java:infoOrTrace(149)) - 6c17ba67-9052-48ab-b55c-e326bb81c936@group-8363CBFC2677-LeaderElection47 got exception when requesting votes: {}
java.util.concurrent.ExecutionException: org.apache.ratis.thirdparty.io.grpc.StatusRuntimeException: UNAVAILABLE: io exception
	at java.util.concurrent.FutureTask.report(FutureTask.java:122)
	at java.util.concurrent.FutureTask.get(FutureTask.java:192)
	at org.apache.ratis.server.impl.LeaderElection.waitForResults(LeaderElection.java:259)
	at org.apache.ratis.server.impl.LeaderElection.askForVotes(LeaderElection.java:197)
	at org.apache.ratis.server.impl.LeaderElection.run(LeaderElection.java:133)
	at java.lang.Thread.run(Thread.java:748)
Caused by: org.apache.ratis.thirdparty.io.grpc.StatusRuntimeException: UNAVAILABLE: io exception
	at org.apache.ratis.thirdparty.io.grpc.stub.ClientCalls.toStatusRuntimeException(ClientCalls.java:233)
	at org.apache.ratis.thirdparty.io.grpc.stub.ClientCalls.getUnchecked(ClientCalls.java:214)
	at org.apache.ratis.thirdparty.io.grpc.stub.ClientCalls.blockingUnaryCall(ClientCalls.java:139)
	at org.apache.ratis.proto.grpc.RaftServerProtocolServiceGrpc$RaftServerProtocolServiceBlockingStub.requestVote(RaftServerProtocolServiceGrpc.java:265)
	at org.apache.ratis.grpc.server.GrpcServerProtocolClient.requestVote(GrpcServerProtocolClient.java:99)
	at org.apache.ratis.grpc.server.GrpcService.requestVote(GrpcService.java:204)
	at org.apache.ratis.server.impl.LeaderElection.lambda$submitRequests$1(LeaderElection.java:234)
	at java.util.concurrent.FutureTask.run(FutureTask.java:266)
	at java.util.concurrent.Executors$RunnableAdapter.call(Executors.java:511)
	at java.util.concurrent.FutureTask.run(FutureTask.java:266)
	at java.util.concurrent.ThreadPoolExecutor.runWorker(ThreadPoolExecutor.java:1149)
	at java.util.concurrent.ThreadPoolExecutor$Worker.run(ThreadPoolExecutor.java:624)
	... 1 more
Caused by: org.apache.ratis.thirdparty.io.netty.channel.AbstractChannel$AnnotatedConnectException: Connection refused: /192.168.69.90:35390
	at sun.nio.ch.SocketChannelImpl.checkConnect(Native Method)
	at sun.nio.ch.SocketChannelImpl.finishConnect(SocketChannelImpl.java:717)
	at org.apache.ratis.thirdparty.io.netty.channel.socket.nio.NioSocketChannel.doFinishConnect(NioSocketChannel.java:327)
	at org.apache.ratis.thirdparty.io.netty.channel.nio.AbstractNioChannel$AbstractNioUnsafe.finishConnect(AbstractNioChannel.java:340)
	at org.apache.ratis.thirdparty.io.netty.channel.nio.NioEventLoop.processSelectedKey(NioEventLoop.java:632)
	at org.apache.ratis.thirdparty.io.netty.channel.nio.NioEventLoop.processSelectedKeysOptimized(NioEventLoop.java:579)
	at org.apache.ratis.thirdparty.io.netty.channel.nio.NioEventLoop.processSelectedKeys(NioEventLoop.java:496)
	at org.apache.ratis.thirdparty.io.netty.channel.nio.NioEventLoop.run(NioEventLoop.java:458)
	at org.apache.ratis.thirdparty.io.netty.util.concurrent.SingleThreadEventExecutor$5.run(SingleThreadEventExecutor.java:897)
	at org.apache.ratis.thirdparty.io.netty.util.concurrent.FastThreadLocalRunnable.run(FastThreadLocalRunnable.java:30)
	... 1 more
Caused by: java.net.ConnectException: Connection refused
	... 11 more
2019-10-16 17:21:09,812 [6c17ba67-9052-48ab-b55c-e326bb81c936@group-95D7A0F68A30-LeaderElection48] INFO  impl.LeaderElection (LogUtils.java:infoOrTrace(149)) - 6c17ba67-9052-48ab-b55c-e326bb81c936@group-95D7A0F68A30-LeaderElection48 got exception when requesting votes: {}
java.util.concurrent.ExecutionException: org.apache.ratis.thirdparty.io.grpc.StatusRuntimeException: UNAVAILABLE: io exception
	at java.util.concurrent.FutureTask.report(FutureTask.java:122)
	at java.util.concurrent.FutureTask.get(FutureTask.java:192)
	at org.apache.ratis.server.impl.LeaderElection.waitForResults(LeaderElection.java:259)
	at org.apache.ratis.server.impl.LeaderElection.askForVotes(LeaderElection.java:197)
	at org.apache.ratis.server.impl.LeaderElection.run(LeaderElection.java:133)
	at java.lang.Thread.run(Thread.java:748)
Caused by: org.apache.ratis.thirdparty.io.grpc.StatusRuntimeException: UNAVAILABLE: io exception
	at org.apache.ratis.thirdparty.io.grpc.stub.ClientCalls.toStatusRuntimeException(ClientCalls.java:233)
	at org.apache.ratis.thirdparty.io.grpc.stub.ClientCalls.getUnchecked(ClientCalls.java:214)
	at org.apache.ratis.thirdparty.io.grpc.stub.ClientCalls.blockingUnaryCall(ClientCalls.java:139)
	at org.apache.ratis.proto.grpc.RaftServerProtocolServiceGrpc$RaftServerProtocolServiceBlockingStub.requestVote(RaftServerProtocolServiceGrpc.java:265)
	at org.apache.ratis.grpc.server.GrpcServerProtocolClient.requestVote(GrpcServerProtocolClient.java:99)
	at org.apache.ratis.grpc.server.GrpcService.requestVote(GrpcService.java:204)
	at org.apache.ratis.server.impl.LeaderElection.lambda$submitRequests$1(LeaderElection.java:234)
	at java.util.concurrent.FutureTask.run(FutureTask.java:266)
	at java.util.concurrent.Executors$RunnableAdapter.call(Executors.java:511)
	at java.util.concurrent.FutureTask.run(FutureTask.java:266)
	at java.util.concurrent.ThreadPoolExecutor.runWorker(ThreadPoolExecutor.java:1149)
	at java.util.concurrent.ThreadPoolExecutor$Worker.run(ThreadPoolExecutor.java:624)
	... 1 more
Caused by: org.apache.ratis.thirdparty.io.netty.channel.AbstractChannel$AnnotatedConnectException: Connection refused: /192.168.69.90:35390
	at sun.nio.ch.SocketChannelImpl.checkConnect(Native Method)
	at sun.nio.ch.SocketChannelImpl.finishConnect(SocketChannelImpl.java:717)
	at org.apache.ratis.thirdparty.io.netty.channel.socket.nio.NioSocketChannel.doFinishConnect(NioSocketChannel.java:327)
	at org.apache.ratis.thirdparty.io.netty.channel.nio.AbstractNioChannel$AbstractNioUnsafe.finishConnect(AbstractNioChannel.java:340)
	at org.apache.ratis.thirdparty.io.netty.channel.nio.NioEventLoop.processSelectedKey(NioEventLoop.java:632)
	at org.apache.ratis.thirdparty.io.netty.channel.nio.NioEventLoop.processSelectedKeysOptimized(NioEventLoop.java:579)
	at org.apache.ratis.thirdparty.io.netty.channel.nio.NioEventLoop.processSelectedKeys(NioEventLoop.java:496)
	at org.apache.ratis.thirdparty.io.netty.channel.nio.NioEventLoop.run(NioEventLoop.java:458)
	at org.apache.ratis.thirdparty.io.netty.util.concurrent.SingleThreadEventExecutor$5.run(SingleThreadEventExecutor.java:897)
	at org.apache.ratis.thirdparty.io.netty.util.concurrent.FastThreadLocalRunnable.run(FastThreadLocalRunnable.java:30)
	... 1 more
Caused by: java.net.ConnectException: Connection refused
	... 11 more
2019-10-16 17:21:09,812 [6c17ba67-9052-48ab-b55c-e326bb81c936@group-EDF3B1B09235-LeaderElection46] INFO  impl.LeaderElection (LogUtils.java:infoOrTrace(149)) - 6c17ba67-9052-48ab-b55c-e326bb81c936@group-EDF3B1B09235-LeaderElection46 got exception when requesting votes: {}
java.util.concurrent.ExecutionException: org.apache.ratis.thirdparty.io.grpc.StatusRuntimeException: UNAVAILABLE: io exception
	at java.util.concurrent.FutureTask.report(FutureTask.java:122)
	at java.util.concurrent.FutureTask.get(FutureTask.java:192)
	at org.apache.ratis.server.impl.LeaderElection.waitForResults(LeaderElection.java:259)
	at org.apache.ratis.server.impl.LeaderElection.askForVotes(LeaderElection.java:197)
	at org.apache.ratis.server.impl.LeaderElection.run(LeaderElection.java:133)
	at java.lang.Thread.run(Thread.java:748)
Caused by: org.apache.ratis.thirdparty.io.grpc.StatusRuntimeException: UNAVAILABLE: io exception
	at org.apache.ratis.thirdparty.io.grpc.stub.ClientCalls.toStatusRuntimeException(ClientCalls.java:233)
	at org.apache.ratis.thirdparty.io.grpc.stub.ClientCalls.getUnchecked(ClientCalls.java:214)
	at org.apache.ratis.thirdparty.io.grpc.stub.ClientCalls.blockingUnaryCall(ClientCalls.java:139)
	at org.apache.ratis.proto.grpc.RaftServerProtocolServiceGrpc$RaftServerProtocolServiceBlockingStub.requestVote(RaftServerProtocolServiceGrpc.java:265)
	at org.apache.ratis.grpc.server.GrpcServerProtocolClient.requestVote(GrpcServerProtocolClient.java:99)
	at org.apache.ratis.grpc.server.GrpcService.requestVote(GrpcService.java:204)
	at org.apache.ratis.server.impl.LeaderElection.lambda$submitRequests$1(LeaderElection.java:234)
	at java.util.concurrent.FutureTask.run(FutureTask.java:266)
	at java.util.concurrent.Executors$RunnableAdapter.call(Executors.java:511)
	at java.util.concurrent.FutureTask.run(FutureTask.java:266)
	at java.util.concurrent.ThreadPoolExecutor.runWorker(ThreadPoolExecutor.java:1149)
	at java.util.concurrent.ThreadPoolExecutor$Worker.run(ThreadPoolExecutor.java:624)
	... 1 more
Caused by: org.apache.ratis.thirdparty.io.netty.channel.AbstractChannel$AnnotatedConnectException: Connection refused: /192.168.69.90:45999
	at sun.nio.ch.SocketChannelImpl.checkConnect(Native Method)
	at sun.nio.ch.SocketChannelImpl.finishConnect(SocketChannelImpl.java:717)
	at org.apache.ratis.thirdparty.io.netty.channel.socket.nio.NioSocketChannel.doFinishConnect(NioSocketChannel.java:327)
	at org.apache.ratis.thirdparty.io.netty.channel.nio.AbstractNioChannel$AbstractNioUnsafe.finishConnect(AbstractNioChannel.java:340)
	at org.apache.ratis.thirdparty.io.netty.channel.nio.NioEventLoop.processSelectedKey(NioEventLoop.java:632)
	at org.apache.ratis.thirdparty.io.netty.channel.nio.NioEventLoop.processSelectedKeysOptimized(NioEventLoop.java:579)
	at org.apache.ratis.thirdparty.io.netty.channel.nio.NioEventLoop.processSelectedKeys(NioEventLoop.java:496)
	at org.apache.ratis.thirdparty.io.netty.channel.nio.NioEventLoop.run(NioEventLoop.java:458)
	at org.apache.ratis.thirdparty.io.netty.util.concurrent.SingleThreadEventExecutor$5.run(SingleThreadEventExecutor.java:897)
	at org.apache.ratis.thirdparty.io.netty.util.concurrent.FastThreadLocalRunnable.run(FastThreadLocalRunnable.java:30)
	... 1 more
Caused by: java.net.ConnectException: Connection refused
	... 11 more
2019-10-16 17:21:09,814 [6c17ba67-9052-48ab-b55c-e326bb81c936@group-95D7A0F68A30-LeaderElection48] INFO  impl.LeaderElection (LeaderElection.java:logAndReturn(56)) - 6c17ba67-9052-48ab-b55c-e326bb81c936@group-95D7A0F68A30-LeaderElection48: Election REJECTED; received 0 response(s) [] and 2 exception(s); 6c17ba67-9052-48ab-b55c-e326bb81c936@group-95D7A0F68A30:t5, leader=null, voted=6c17ba67-9052-48ab-b55c-e326bb81c936, raftlog=6c17ba67-9052-48ab-b55c-e326bb81c936@group-95D7A0F68A30-SegmentedRaftLog:OPENED:c-1,f-1,i0, conf=-1: [8dfecba1-8cf2-4467-bf71-9131598e36cc:192.168.69.90:35390, 6c17ba67-9052-48ab-b55c-e326bb81c936:192.168.69.90:33518, 21b36528-7a33-48f9-a871-a72bce406f0b:192.168.69.90:45999], old=null
2019-10-16 17:21:09,813 [6c17ba67-9052-48ab-b55c-e326bb81c936@group-8363CBFC2677-LeaderElection47] INFO  impl.LeaderElection (LogUtils.java:infoOrTrace(149)) - 6c17ba67-9052-48ab-b55c-e326bb81c936@group-8363CBFC2677-LeaderElection47 got exception when requesting votes: {}
java.util.concurrent.ExecutionException: org.apache.ratis.thirdparty.io.grpc.StatusRuntimeException: UNAVAILABLE: io exception
	at java.util.concurrent.FutureTask.report(FutureTask.java:122)
	at java.util.concurrent.FutureTask.get(FutureTask.java:192)
	at org.apache.ratis.server.impl.LeaderElection.waitForResults(LeaderElection.java:259)
	at org.apache.ratis.server.impl.LeaderElection.askForVotes(LeaderElection.java:197)
	at org.apache.ratis.server.impl.LeaderElection.run(LeaderElection.java:133)
	at java.lang.Thread.run(Thread.java:748)
Caused by: org.apache.ratis.thirdparty.io.grpc.StatusRuntimeException: UNAVAILABLE: io exception
	at org.apache.ratis.thirdparty.io.grpc.stub.ClientCalls.toStatusRuntimeException(ClientCalls.java:233)
	at org.apache.ratis.thirdparty.io.grpc.stub.ClientCalls.getUnchecked(ClientCalls.java:214)
	at org.apache.ratis.thirdparty.io.grpc.stub.ClientCalls.blockingUnaryCall(ClientCalls.java:139)
	at org.apache.ratis.proto.grpc.RaftServerProtocolServiceGrpc$RaftServerProtocolServiceBlockingStub.requestVote(RaftServerProtocolServiceGrpc.java:265)
	at org.apache.ratis.grpc.server.GrpcServerProtocolClient.requestVote(GrpcServerProtocolClient.java:99)
	at org.apache.ratis.grpc.server.GrpcService.requestVote(GrpcService.java:204)
	at org.apache.ratis.server.impl.LeaderElection.lambda$submitRequests$1(LeaderElection.java:234)
	at java.util.concurrent.FutureTask.run(FutureTask.java:266)
	at java.util.concurrent.Executors$RunnableAdapter.call(Executors.java:511)
	at java.util.concurrent.FutureTask.run(FutureTask.java:266)
	at java.util.concurrent.ThreadPoolExecutor.runWorker(ThreadPoolExecutor.java:1149)
	at java.util.concurrent.ThreadPoolExecutor$Worker.run(ThreadPoolExecutor.java:624)
	... 1 more
Caused by: org.apache.ratis.thirdparty.io.netty.channel.AbstractChannel$AnnotatedConnectException: Connection refused: /192.168.69.90:45999
	at sun.nio.ch.SocketChannelImpl.checkConnect(Native Method)
	at sun.nio.ch.SocketChannelImpl.finishConnect(SocketChannelImpl.java:717)
	at org.apache.ratis.thirdparty.io.netty.channel.socket.nio.NioSocketChannel.doFinishConnect(NioSocketChannel.java:327)
	at org.apache.ratis.thirdparty.io.netty.channel.nio.AbstractNioChannel$AbstractNioUnsafe.finishConnect(AbstractNioChannel.java:340)
	at org.apache.ratis.thirdparty.io.netty.channel.nio.NioEventLoop.processSelectedKey(NioEventLoop.java:632)
	at org.apache.ratis.thirdparty.io.netty.channel.nio.NioEventLoop.processSelectedKeysOptimized(NioEventLoop.java:579)
	at org.apache.ratis.thirdparty.io.netty.channel.nio.NioEventLoop.processSelectedKeys(NioEventLoop.java:496)
	at org.apache.ratis.thirdparty.io.netty.channel.nio.NioEventLoop.run(NioEventLoop.java:458)
	at org.apache.ratis.thirdparty.io.netty.util.concurrent.SingleThreadEventExecutor$5.run(SingleThreadEventExecutor.java:897)
	at org.apache.ratis.thirdparty.io.netty.util.concurrent.FastThreadLocalRunnable.run(FastThreadLocalRunnable.java:30)
	... 1 more
Caused by: java.net.ConnectException: Connection refused
	... 11 more
2019-10-16 17:21:09,814 [6c17ba67-9052-48ab-b55c-e326bb81c936@group-95D7A0F68A30-LeaderElection48] INFO  impl.LeaderElection (LogUtils.java:infoOrTrace(149)) -   Exception 0: {}
java.util.concurrent.ExecutionException: org.apache.ratis.thirdparty.io.grpc.StatusRuntimeException: UNAVAILABLE: io exception
	at java.util.concurrent.FutureTask.report(FutureTask.java:122)
	at java.util.concurrent.FutureTask.get(FutureTask.java:192)
	at org.apache.ratis.server.impl.LeaderElection.waitForResults(LeaderElection.java:259)
	at org.apache.ratis.server.impl.LeaderElection.askForVotes(LeaderElection.java:197)
	at org.apache.ratis.server.impl.LeaderElection.run(LeaderElection.java:133)
	at java.lang.Thread.run(Thread.java:748)
Caused by: org.apache.ratis.thirdparty.io.grpc.StatusRuntimeException: UNAVAILABLE: io exception
	at org.apache.ratis.thirdparty.io.grpc.stub.ClientCalls.toStatusRuntimeException(ClientCalls.java:233)
	at org.apache.ratis.thirdparty.io.grpc.stub.ClientCalls.getUnchecked(ClientCalls.java:214)
	at org.apache.ratis.thirdparty.io.grpc.stub.ClientCalls.blockingUnaryCall(ClientCalls.java:139)
	at org.apache.ratis.proto.grpc.RaftServerProtocolServiceGrpc$RaftServerProtocolServiceBlockingStub.requestVote(RaftServerProtocolServiceGrpc.java:265)
	at org.apache.ratis.grpc.server.GrpcServerProtocolClient.requestVote(GrpcServerProtocolClient.java:99)
	at org.apache.ratis.grpc.server.GrpcService.requestVote(GrpcService.java:204)
	at org.apache.ratis.server.impl.LeaderElection.lambda$submitRequests$1(LeaderElection.java:234)
	at java.util.concurrent.FutureTask.run(FutureTask.java:266)
	at java.util.concurrent.Executors$RunnableAdapter.call(Executors.java:511)
	at java.util.concurrent.FutureTask.run(FutureTask.java:266)
	at java.util.concurrent.ThreadPoolExecutor.runWorker(ThreadPoolExecutor.java:1149)
	at java.util.concurrent.ThreadPoolExecutor$Worker.run(ThreadPoolExecutor.java:624)
	... 1 more
Caused by: org.apache.ratis.thirdparty.io.netty.channel.AbstractChannel$AnnotatedConnectException: Connection refused: /192.168.69.90:45999
	at sun.nio.ch.SocketChannelImpl.checkConnect(Native Method)
	at sun.nio.ch.SocketChannelImpl.finishConnect(SocketChannelImpl.java:717)
	at org.apache.ratis.thirdparty.io.netty.channel.socket.nio.NioSocketChannel.doFinishConnect(NioSocketChannel.java:327)
	at org.apache.ratis.thirdparty.io.netty.channel.nio.AbstractNioChannel$AbstractNioUnsafe.finishConnect(AbstractNioChannel.java:340)
	at org.apache.ratis.thirdparty.io.netty.channel.nio.NioEventLoop.processSelectedKey(NioEventLoop.java:632)
	at org.apache.ratis.thirdparty.io.netty.channel.nio.NioEventLoop.processSelectedKeysOptimized(NioEventLoop.java:579)
	at org.apache.ratis.thirdparty.io.netty.channel.nio.NioEventLoop.processSelectedKeys(NioEventLoop.java:496)
	at org.apache.ratis.thirdparty.io.netty.channel.nio.NioEventLoop.run(NioEventLoop.java:458)
	at org.apache.ratis.thirdparty.io.netty.util.concurrent.SingleThreadEventExecutor$5.run(SingleThreadEventExecutor.java:897)
	at org.apache.ratis.thirdparty.io.netty.util.concurrent.FastThreadLocalRunnable.run(FastThreadLocalRunnable.java:30)
	... 1 more
Caused by: java.net.ConnectException: Connection refused
	... 11 more
2019-10-16 17:21:09,817 [6c17ba67-9052-48ab-b55c-e326bb81c936@group-95D7A0F68A30-LeaderElection48] INFO  impl.LeaderElection (LogUtils.java:infoOrTrace(149)) -   Exception 1: {}
java.util.concurrent.ExecutionException: org.apache.ratis.thirdparty.io.grpc.StatusRuntimeException: UNAVAILABLE: io exception
	at java.util.concurrent.FutureTask.report(FutureTask.java:122)
	at java.util.concurrent.FutureTask.get(FutureTask.java:192)
	at org.apache.ratis.server.impl.LeaderElection.waitForResults(LeaderElection.java:259)
	at org.apache.ratis.server.impl.LeaderElection.askForVotes(LeaderElection.java:197)
	at org.apache.ratis.server.impl.LeaderElection.run(LeaderElection.java:133)
	at java.lang.Thread.run(Thread.java:748)
Caused by: org.apache.ratis.thirdparty.io.grpc.StatusRuntimeException: UNAVAILABLE: io exception
	at org.apache.ratis.thirdparty.io.grpc.stub.ClientCalls.toStatusRuntimeException(ClientCalls.java:233)
	at org.apache.ratis.thirdparty.io.grpc.stub.ClientCalls.getUnchecked(ClientCalls.java:214)
	at org.apache.ratis.thirdparty.io.grpc.stub.ClientCalls.blockingUnaryCall(ClientCalls.java:139)
	at org.apache.ratis.proto.grpc.RaftServerProtocolServiceGrpc$RaftServerProtocolServiceBlockingStub.requestVote(RaftServerProtocolServiceGrpc.java:265)
	at org.apache.ratis.grpc.server.GrpcServerProtocolClient.requestVote(GrpcServerProtocolClient.java:99)
	at org.apache.ratis.grpc.server.GrpcService.requestVote(GrpcService.java:204)
	at org.apache.ratis.server.impl.LeaderElection.lambda$submitRequests$1(LeaderElection.java:234)
	at java.util.concurrent.FutureTask.run(FutureTask.java:266)
	at java.util.concurrent.Executors$RunnableAdapter.call(Executors.java:511)
	at java.util.concurrent.FutureTask.run(FutureTask.java:266)
	at java.util.concurrent.ThreadPoolExecutor.runWorker(ThreadPoolExecutor.java:1149)
	at java.util.concurrent.ThreadPoolExecutor$Worker.run(ThreadPoolExecutor.java:624)
	... 1 more
Caused by: org.apache.ratis.thirdparty.io.netty.channel.AbstractChannel$AnnotatedConnectException: Connection refused: /192.168.69.90:35390
	at sun.nio.ch.SocketChannelImpl.checkConnect(Native Method)
	at sun.nio.ch.SocketChannelImpl.finishConnect(SocketChannelImpl.java:717)
	at org.apache.ratis.thirdparty.io.netty.channel.socket.nio.NioSocketChannel.doFinishConnect(NioSocketChannel.java:327)
	at org.apache.ratis.thirdparty.io.netty.channel.nio.AbstractNioChannel$AbstractNioUnsafe.finishConnect(AbstractNioChannel.java:340)
	at org.apache.ratis.thirdparty.io.netty.channel.nio.NioEventLoop.processSelectedKey(NioEventLoop.java:632)
	at org.apache.ratis.thirdparty.io.netty.channel.nio.NioEventLoop.processSelectedKeysOptimized(NioEventLoop.java:579)
	at org.apache.ratis.thirdparty.io.netty.channel.nio.NioEventLoop.processSelectedKeys(NioEventLoop.java:496)
	at org.apache.ratis.thirdparty.io.netty.channel.nio.NioEventLoop.run(NioEventLoop.java:458)
	at org.apache.ratis.thirdparty.io.netty.util.concurrent.SingleThreadEventExecutor$5.run(SingleThreadEventExecutor.java:897)
	at org.apache.ratis.thirdparty.io.netty.util.concurrent.FastThreadLocalRunnable.run(FastThreadLocalRunnable.java:30)
	... 1 more
Caused by: java.net.ConnectException: Connection refused
	... 11 more
2019-10-16 17:21:09,814 [6c17ba67-9052-48ab-b55c-e326bb81c936@group-EDF3B1B09235-LeaderElection46] INFO  impl.LeaderElection (LeaderElection.java:logAndReturn(56)) - 6c17ba67-9052-48ab-b55c-e326bb81c936@group-EDF3B1B09235-LeaderElection46: Election REJECTED; received 0 response(s) [] and 2 exception(s); 6c17ba67-9052-48ab-b55c-e326bb81c936@group-EDF3B1B09235:t5, leader=null, voted=6c17ba67-9052-48ab-b55c-e326bb81c936, raftlog=6c17ba67-9052-48ab-b55c-e326bb81c936@group-EDF3B1B09235-SegmentedRaftLog:OPENED:c-1,f-1,i0, conf=-1: [8dfecba1-8cf2-4467-bf71-9131598e36cc:192.168.69.90:35390, 6c17ba67-9052-48ab-b55c-e326bb81c936:192.168.69.90:33518, 21b36528-7a33-48f9-a871-a72bce406f0b:192.168.69.90:45999], old=null
2019-10-16 17:21:09,817 [6c17ba67-9052-48ab-b55c-e326bb81c936@group-95D7A0F68A30-LeaderElection48] INFO  impl.RaftServerImpl (RaftServerImpl.java:setRole(170)) - 6c17ba67-9052-48ab-b55c-e326bb81c936@group-95D7A0F68A30: changes role from CANDIDATE to FOLLOWER at term 5 for DISCOVERED_A_NEW_TERM
2019-10-16 17:21:09,816 [6c17ba67-9052-48ab-b55c-e326bb81c936@group-8363CBFC2677-LeaderElection47] INFO  impl.LeaderElection (LeaderElection.java:logAndReturn(56)) - 6c17ba67-9052-48ab-b55c-e326bb81c936@group-8363CBFC2677-LeaderElection47: Election REJECTED; received 0 response(s) [] and 2 exception(s); 6c17ba67-9052-48ab-b55c-e326bb81c936@group-8363CBFC2677:t5, leader=null, voted=6c17ba67-9052-48ab-b55c-e326bb81c936, raftlog=6c17ba67-9052-48ab-b55c-e326bb81c936@group-8363CBFC2677-SegmentedRaftLog:OPENED:c-1,f-1,i0, conf=-1: [8dfecba1-8cf2-4467-bf71-9131598e36cc:192.168.69.90:35390, 6c17ba67-9052-48ab-b55c-e326bb81c936:192.168.69.90:33518, 21b36528-7a33-48f9-a871-a72bce406f0b:192.168.69.90:45999], old=null
2019-10-16 17:21:09,818 [6c17ba67-9052-48ab-b55c-e326bb81c936@group-95D7A0F68A30-LeaderElection48] INFO  impl.RoleInfo (RoleInfo.java:shutdownLeaderElection(134)) - 6c17ba67-9052-48ab-b55c-e326bb81c936: shutdown LeaderElection
2019-10-16 17:21:09,825 [6c17ba67-9052-48ab-b55c-e326bb81c936@group-8363CBFC2677-LeaderElection47] INFO  impl.LeaderElection (LogUtils.java:infoOrTrace(149)) -   Exception 0: {}
java.util.concurrent.ExecutionException: org.apache.ratis.thirdparty.io.grpc.StatusRuntimeException: UNAVAILABLE: io exception
	at java.util.concurrent.FutureTask.report(FutureTask.java:122)
	at java.util.concurrent.FutureTask.get(FutureTask.java:192)
	at org.apache.ratis.server.impl.LeaderElection.waitForResults(LeaderElection.java:259)
	at org.apache.ratis.server.impl.LeaderElection.askForVotes(LeaderElection.java:197)
	at org.apache.ratis.server.impl.LeaderElection.run(LeaderElection.java:133)
	at java.lang.Thread.run(Thread.java:748)
Caused by: org.apache.ratis.thirdparty.io.grpc.StatusRuntimeException: UNAVAILABLE: io exception
	at org.apache.ratis.thirdparty.io.grpc.stub.ClientCalls.toStatusRuntimeException(ClientCalls.java:233)
	at org.apache.ratis.thirdparty.io.grpc.stub.ClientCalls.getUnchecked(ClientCalls.java:214)
	at org.apache.ratis.thirdparty.io.grpc.stub.ClientCalls.blockingUnaryCall(ClientCalls.java:139)
	at org.apache.ratis.proto.grpc.RaftServerProtocolServiceGrpc$RaftServerProtocolServiceBlockingStub.requestVote(RaftServerProtocolServiceGrpc.java:265)
	at org.apache.ratis.grpc.server.GrpcServerProtocolClient.requestVote(GrpcServerProtocolClient.java:99)
	at org.apache.ratis.grpc.server.GrpcService.requestVote(GrpcService.java:204)
	at org.apache.ratis.server.impl.LeaderElection.lambda$submitRequests$1(LeaderElection.java:234)
	at java.util.concurrent.FutureTask.run(FutureTask.java:266)
	at java.util.concurrent.Executors$RunnableAdapter.call(Executors.java:511)
	at java.util.concurrent.FutureTask.run(FutureTask.java:266)
	at java.util.concurrent.ThreadPoolExecutor.runWorker(ThreadPoolExecutor.java:1149)
	at java.util.concurrent.ThreadPoolExecutor$Worker.run(ThreadPoolExecutor.java:624)
	... 1 more
Caused by: org.apache.ratis.thirdparty.io.netty.channel.AbstractChannel$AnnotatedConnectException: Connection refused: /192.168.69.90:35390
	at sun.nio.ch.SocketChannelImpl.checkConnect(Native Method)
	at sun.nio.ch.SocketChannelImpl.finishConnect(SocketChannelImpl.java:717)
	at org.apache.ratis.thirdparty.io.netty.channel.socket.nio.NioSocketChannel.doFinishConnect(NioSocketChannel.java:327)
	at org.apache.ratis.thirdparty.io.netty.channel.nio.AbstractNioChannel$AbstractNioUnsafe.finishConnect(AbstractNioChannel.java:340)
	at org.apache.ratis.thirdparty.io.netty.channel.nio.NioEventLoop.processSelectedKey(NioEventLoop.java:632)
	at org.apache.ratis.thirdparty.io.netty.channel.nio.NioEventLoop.processSelectedKeysOptimized(NioEventLoop.java:579)
	at org.apache.ratis.thirdparty.io.netty.channel.nio.NioEventLoop.processSelectedKeys(NioEventLoop.java:496)
	at org.apache.ratis.thirdparty.io.netty.channel.nio.NioEventLoop.run(NioEventLoop.java:458)
	at org.apache.ratis.thirdparty.io.netty.util.concurrent.SingleThreadEventExecutor$5.run(SingleThreadEventExecutor.java:897)
	at org.apache.ratis.thirdparty.io.netty.util.concurrent.FastThreadLocalRunnable.run(FastThreadLocalRunnable.java:30)
	... 1 more
Caused by: java.net.ConnectException: Connection refused
	... 11 more
2019-10-16 17:21:09,818 [6c17ba67-9052-48ab-b55c-e326bb81c936@group-EDF3B1B09235-LeaderElection46] INFO  impl.LeaderElection (LogUtils.java:infoOrTrace(149)) -   Exception 0: {}
java.util.concurrent.ExecutionException: org.apache.ratis.thirdparty.io.grpc.StatusRuntimeException: UNAVAILABLE: io exception
	at java.util.concurrent.FutureTask.report(FutureTask.java:122)
	at java.util.concurrent.FutureTask.get(FutureTask.java:192)
	at org.apache.ratis.server.impl.LeaderElection.waitForResults(LeaderElection.java:259)
	at org.apache.ratis.server.impl.LeaderElection.askForVotes(LeaderElection.java:197)
	at org.apache.ratis.server.impl.LeaderElection.run(LeaderElection.java:133)
	at java.lang.Thread.run(Thread.java:748)
Caused by: org.apache.ratis.thirdparty.io.grpc.StatusRuntimeException: UNAVAILABLE: io exception
	at org.apache.ratis.thirdparty.io.grpc.stub.ClientCalls.toStatusRuntimeException(ClientCalls.java:233)
	at org.apache.ratis.thirdparty.io.grpc.stub.ClientCalls.getUnchecked(ClientCalls.java:214)
	at org.apache.ratis.thirdparty.io.grpc.stub.ClientCalls.blockingUnaryCall(ClientCalls.java:139)
	at org.apache.ratis.proto.grpc.RaftServerProtocolServiceGrpc$RaftServerProtocolServiceBlockingStub.requestVote(RaftServerProtocolServiceGrpc.java:265)
	at org.apache.ratis.grpc.server.GrpcServerProtocolClient.requestVote(GrpcServerProtocolClient.java:99)
	at org.apache.ratis.grpc.server.GrpcService.requestVote(GrpcService.java:204)
	at org.apache.ratis.server.impl.LeaderElection.lambda$submitRequests$1(LeaderElection.java:234)
	at java.util.concurrent.FutureTask.run(FutureTask.java:266)
	at java.util.concurrent.Executors$RunnableAdapter.call(Executors.java:511)
	at java.util.concurrent.FutureTask.run(FutureTask.java:266)
	at java.util.concurrent.ThreadPoolExecutor.runWorker(ThreadPoolExecutor.java:1149)
	at java.util.concurrent.ThreadPoolExecutor$Worker.run(ThreadPoolExecutor.java:624)
	... 1 more
Caused by: org.apache.ratis.thirdparty.io.netty.channel.AbstractChannel$AnnotatedConnectException: Connection refused: /192.168.69.90:35390
	at sun.nio.ch.SocketChannelImpl.checkConnect(Native Method)
	at sun.nio.ch.SocketChannelImpl.finishConnect(SocketChannelImpl.java:717)
	at org.apache.ratis.thirdparty.io.netty.channel.socket.nio.NioSocketChannel.doFinishConnect(NioSocketChannel.java:327)
	at org.apache.ratis.thirdparty.io.netty.channel.nio.AbstractNioChannel$AbstractNioUnsafe.finishConnect(AbstractNioChannel.java:340)
	at org.apache.ratis.thirdparty.io.netty.channel.nio.NioEventLoop.processSelectedKey(NioEventLoop.java:632)
	at org.apache.ratis.thirdparty.io.netty.channel.nio.NioEventLoop.processSelectedKeysOptimized(NioEventLoop.java:579)
	at org.apache.ratis.thirdparty.io.netty.channel.nio.NioEventLoop.processSelectedKeys(NioEventLoop.java:496)
	at org.apache.ratis.thirdparty.io.netty.channel.nio.NioEventLoop.run(NioEventLoop.java:458)
	at org.apache.ratis.thirdparty.io.netty.util.concurrent.SingleThreadEventExecutor$5.run(SingleThreadEventExecutor.java:897)
	at org.apache.ratis.thirdparty.io.netty.util.concurrent.FastThreadLocalRunnable.run(FastThreadLocalRunnable.java:30)
	... 1 more
Caused by: java.net.ConnectException: Connection refused
	... 11 more
2019-10-16 17:21:09,828 [6c17ba67-9052-48ab-b55c-e326bb81c936@group-8363CBFC2677-LeaderElection47] INFO  impl.LeaderElection (LogUtils.java:infoOrTrace(149)) -   Exception 1: {}
java.util.concurrent.ExecutionException: org.apache.ratis.thirdparty.io.grpc.StatusRuntimeException: UNAVAILABLE: io exception
	at java.util.concurrent.FutureTask.report(FutureTask.java:122)
	at java.util.concurrent.FutureTask.get(FutureTask.java:192)
	at org.apache.ratis.server.impl.LeaderElection.waitForResults(LeaderElection.java:259)
	at org.apache.ratis.server.impl.LeaderElection.askForVotes(LeaderElection.java:197)
	at org.apache.ratis.server.impl.LeaderElection.run(LeaderElection.java:133)
	at java.lang.Thread.run(Thread.java:748)
Caused by: org.apache.ratis.thirdparty.io.grpc.StatusRuntimeException: UNAVAILABLE: io exception
	at org.apache.ratis.thirdparty.io.grpc.stub.ClientCalls.toStatusRuntimeException(ClientCalls.java:233)
	at org.apache.ratis.thirdparty.io.grpc.stub.ClientCalls.getUnchecked(ClientCalls.java:214)
	at org.apache.ratis.thirdparty.io.grpc.stub.ClientCalls.blockingUnaryCall(ClientCalls.java:139)
	at org.apache.ratis.proto.grpc.RaftServerProtocolServiceGrpc$RaftServerProtocolServiceBlockingStub.requestVote(RaftServerProtocolServiceGrpc.java:265)
	at org.apache.ratis.grpc.server.GrpcServerProtocolClient.requestVote(GrpcServerProtocolClient.java:99)
	at org.apache.ratis.grpc.server.GrpcService.requestVote(GrpcService.java:204)
	at org.apache.ratis.server.impl.LeaderElection.lambda$submitRequests$1(LeaderElection.java:234)
	at java.util.concurrent.FutureTask.run(FutureTask.java:266)
	at java.util.concurrent.Executors$RunnableAdapter.call(Executors.java:511)
	at java.util.concurrent.FutureTask.run(FutureTask.java:266)
	at java.util.concurrent.ThreadPoolExecutor.runWorker(ThreadPoolExecutor.java:1149)
	at java.util.concurrent.ThreadPoolExecutor$Worker.run(ThreadPoolExecutor.java:624)
	... 1 more
Caused by: org.apache.ratis.thirdparty.io.netty.channel.AbstractChannel$AnnotatedConnectException: Connection refused: /192.168.69.90:45999
	at sun.nio.ch.SocketChannelImpl.checkConnect(Native Method)
	at sun.nio.ch.SocketChannelImpl.finishConnect(SocketChannelImpl.java:717)
	at org.apache.ratis.thirdparty.io.netty.channel.socket.nio.NioSocketChannel.doFinishConnect(NioSocketChannel.java:327)
	at org.apache.ratis.thirdparty.io.netty.channel.nio.AbstractNioChannel$AbstractNioUnsafe.finishConnect(AbstractNioChannel.java:340)
	at org.apache.ratis.thirdparty.io.netty.channel.nio.NioEventLoop.processSelectedKey(NioEventLoop.java:632)
	at org.apache.ratis.thirdparty.io.netty.channel.nio.NioEventLoop.processSelectedKeysOptimized(NioEventLoop.java:579)
	at org.apache.ratis.thirdparty.io.netty.channel.nio.NioEventLoop.processSelectedKeys(NioEventLoop.java:496)
	at org.apache.ratis.thirdparty.io.netty.channel.nio.NioEventLoop.run(NioEventLoop.java:458)
	at org.apache.ratis.thirdparty.io.netty.util.concurrent.SingleThreadEventExecutor$5.run(SingleThreadEventExecutor.java:897)
	at org.apache.ratis.thirdparty.io.netty.util.concurrent.FastThreadLocalRunnable.run(FastThreadLocalRunnable.java:30)
	... 1 more
Caused by: java.net.ConnectException: Connection refused
	... 11 more
2019-10-16 17:21:09,827 [6c17ba67-9052-48ab-b55c-e326bb81c936@group-95D7A0F68A30-LeaderElection48] INFO  impl.RoleInfo (RoleInfo.java:updateAndGet(143)) - 6c17ba67-9052-48ab-b55c-e326bb81c936: start FollowerState
2019-10-16 17:21:09,828 [6c17ba67-9052-48ab-b55c-e326bb81c936@group-EDF3B1B09235-LeaderElection46] INFO  impl.LeaderElection (LogUtils.java:infoOrTrace(149)) -   Exception 1: {}
java.util.concurrent.ExecutionException: org.apache.ratis.thirdparty.io.grpc.StatusRuntimeException: UNAVAILABLE: io exception
	at java.util.concurrent.FutureTask.report(FutureTask.java:122)
	at java.util.concurrent.FutureTask.get(FutureTask.java:192)
	at org.apache.ratis.server.impl.LeaderElection.waitForResults(LeaderElection.java:259)
	at org.apache.ratis.server.impl.LeaderElection.askForVotes(LeaderElection.java:197)
	at org.apache.ratis.server.impl.LeaderElection.run(LeaderElection.java:133)
	at java.lang.Thread.run(Thread.java:748)
Caused by: org.apache.ratis.thirdparty.io.grpc.StatusRuntimeException: UNAVAILABLE: io exception
	at org.apache.ratis.thirdparty.io.grpc.stub.ClientCalls.toStatusRuntimeException(ClientCalls.java:233)
	at org.apache.ratis.thirdparty.io.grpc.stub.ClientCalls.getUnchecked(ClientCalls.java:214)
	at org.apache.ratis.thirdparty.io.grpc.stub.ClientCalls.blockingUnaryCall(ClientCalls.java:139)
	at org.apache.ratis.proto.grpc.RaftServerProtocolServiceGrpc$RaftServerProtocolServiceBlockingStub.requestVote(RaftServerProtocolServiceGrpc.java:265)
	at org.apache.ratis.grpc.server.GrpcServerProtocolClient.requestVote(GrpcServerProtocolClient.java:99)
	at org.apache.ratis.grpc.server.GrpcService.requestVote(GrpcService.java:204)
	at org.apache.ratis.server.impl.LeaderElection.lambda$submitRequests$1(LeaderElection.java:234)
	at java.util.concurrent.FutureTask.run(FutureTask.java:266)
	at java.util.concurrent.Executors$RunnableAdapter.call(Executors.java:511)
	at java.util.concurrent.FutureTask.run(FutureTask.java:266)
	at java.util.concurrent.ThreadPoolExecutor.runWorker(ThreadPoolExecutor.java:1149)
	at java.util.concurrent.ThreadPoolExecutor$Worker.run(ThreadPoolExecutor.java:624)
	... 1 more
Caused by: org.apache.ratis.thirdparty.io.netty.channel.AbstractChannel$AnnotatedConnectException: Connection refused: /192.168.69.90:45999
	at sun.nio.ch.SocketChannelImpl.checkConnect(Native Method)
	at sun.nio.ch.SocketChannelImpl.finishConnect(SocketChannelImpl.java:717)
	at org.apache.ratis.thirdparty.io.netty.channel.socket.nio.NioSocketChannel.doFinishConnect(NioSocketChannel.java:327)
	at org.apache.ratis.thirdparty.io.netty.channel.nio.AbstractNioChannel$AbstractNioUnsafe.finishConnect(AbstractNioChannel.java:340)
	at org.apache.ratis.thirdparty.io.netty.channel.nio.NioEventLoop.processSelectedKey(NioEventLoop.java:632)
	at org.apache.ratis.thirdparty.io.netty.channel.nio.NioEventLoop.processSelectedKeysOptimized(NioEventLoop.java:579)
	at org.apache.ratis.thirdparty.io.netty.channel.nio.NioEventLoop.processSelectedKeys(NioEventLoop.java:496)
	at org.apache.ratis.thirdparty.io.netty.channel.nio.NioEventLoop.run(NioEventLoop.java:458)
	at org.apache.ratis.thirdparty.io.netty.util.concurrent.SingleThreadEventExecutor$5.run(SingleThreadEventExecutor.java:897)
	at org.apache.ratis.thirdparty.io.netty.util.concurrent.FastThreadLocalRunnable.run(FastThreadLocalRunnable.java:30)
	... 1 more
Caused by: java.net.ConnectException: Connection refused
	... 11 more
2019-10-16 17:21:09,829 [6c17ba67-9052-48ab-b55c-e326bb81c936@group-8363CBFC2677-LeaderElection47] INFO  impl.RaftServerImpl (RaftServerImpl.java:setRole(170)) - 6c17ba67-9052-48ab-b55c-e326bb81c936@group-8363CBFC2677: changes role from CANDIDATE to FOLLOWER at term 5 for DISCOVERED_A_NEW_TERM
2019-10-16 17:21:09,830 [6c17ba67-9052-48ab-b55c-e326bb81c936@group-EDF3B1B09235-LeaderElection46] INFO  impl.RaftServerImpl (RaftServerImpl.java:setRole(170)) - 6c17ba67-9052-48ab-b55c-e326bb81c936@group-EDF3B1B09235: changes role from CANDIDATE to FOLLOWER at term 5 for DISCOVERED_A_NEW_TERM
2019-10-16 17:21:09,830 [6c17ba67-9052-48ab-b55c-e326bb81c936@group-8363CBFC2677-LeaderElection47] INFO  impl.RoleInfo (RoleInfo.java:shutdownLeaderElection(134)) - 6c17ba67-9052-48ab-b55c-e326bb81c936: shutdown LeaderElection
2019-10-16 17:21:09,830 [6c17ba67-9052-48ab-b55c-e326bb81c936@group-EDF3B1B09235-LeaderElection46] INFO  impl.RoleInfo (RoleInfo.java:shutdownLeaderElection(134)) - 6c17ba67-9052-48ab-b55c-e326bb81c936: shutdown LeaderElection
2019-10-16 17:21:09,830 [6c17ba67-9052-48ab-b55c-e326bb81c936@group-8363CBFC2677-LeaderElection47] INFO  impl.RoleInfo (RoleInfo.java:updateAndGet(143)) - 6c17ba67-9052-48ab-b55c-e326bb81c936: start FollowerState
2019-10-16 17:21:09,830 [6c17ba67-9052-48ab-b55c-e326bb81c936@group-EDF3B1B09235-LeaderElection46] INFO  impl.RoleInfo (RoleInfo.java:updateAndGet(143)) - 6c17ba67-9052-48ab-b55c-e326bb81c936: start FollowerState
2019-10-16 17:21:10,860 [Thread-1341] INFO  impl.FollowerState (FollowerState.java:run(108)) - 6c17ba67-9052-48ab-b55c-e326bb81c936@group-95D7A0F68A30-FollowerState: change to CANDIDATE, lastRpcTime:1033ms, electionTimeout:1030ms
2019-10-16 17:21:10,861 [Thread-1341] INFO  impl.RoleInfo (RoleInfo.java:shutdownFollowerState(121)) - 6c17ba67-9052-48ab-b55c-e326bb81c936: shutdown FollowerState
2019-10-16 17:21:10,861 [Thread-1341] INFO  impl.RaftServerImpl (RaftServerImpl.java:setRole(170)) - 6c17ba67-9052-48ab-b55c-e326bb81c936@group-95D7A0F68A30: changes role from  FOLLOWER to CANDIDATE at term 5 for changeToCandidate
2019-10-16 17:21:10,861 [Thread-1341] INFO  impl.RoleInfo (RoleInfo.java:updateAndGet(143)) - 6c17ba67-9052-48ab-b55c-e326bb81c936: start LeaderElection
2019-10-16 17:21:10,894 [Thread-1343] INFO  impl.FollowerState (FollowerState.java:run(108)) - 6c17ba67-9052-48ab-b55c-e326bb81c936@group-EDF3B1B09235-FollowerState: change to CANDIDATE, lastRpcTime:1063ms, electionTimeout:1063ms
2019-10-16 17:21:10,894 [Thread-1343] INFO  impl.RoleInfo (RoleInfo.java:shutdownFollowerState(121)) - 6c17ba67-9052-48ab-b55c-e326bb81c936: shutdown FollowerState
2019-10-16 17:21:10,895 [Thread-1343] INFO  impl.RaftServerImpl (RaftServerImpl.java:setRole(170)) - 6c17ba67-9052-48ab-b55c-e326bb81c936@group-EDF3B1B09235: changes role from  FOLLOWER to CANDIDATE at term 5 for changeToCandidate
2019-10-16 17:21:10,895 [Thread-1343] INFO  impl.RoleInfo (RoleInfo.java:updateAndGet(143)) - 6c17ba67-9052-48ab-b55c-e326bb81c936: start LeaderElection
2019-10-16 17:21:10,945 [Thread-1342] INFO  impl.FollowerState (FollowerState.java:run(108)) - 6c17ba67-9052-48ab-b55c-e326bb81c936@group-8363CBFC2677-FollowerState: change to CANDIDATE, lastRpcTime:1114ms, electionTimeout:1114ms
2019-10-16 17:21:10,945 [Thread-1342] INFO  impl.RoleInfo (RoleInfo.java:shutdownFollowerState(121)) - 6c17ba67-9052-48ab-b55c-e326bb81c936: shutdown FollowerState
2019-10-16 17:21:10,945 [Thread-1342] INFO  impl.RaftServerImpl (RaftServerImpl.java:setRole(170)) - 6c17ba67-9052-48ab-b55c-e326bb81c936@group-8363CBFC2677: changes role from  FOLLOWER to CANDIDATE at term 5 for changeToCandidate
2019-10-16 17:21:10,945 [Thread-1342] INFO  impl.RoleInfo (RoleInfo.java:updateAndGet(143)) - 6c17ba67-9052-48ab-b55c-e326bb81c936: start LeaderElection
2019-10-16 17:21:11,680 [6c17ba67-9052-48ab-b55c-e326bb81c936@group-95D7A0F68A30-LeaderElection49] INFO  impl.LeaderElection (LeaderElection.java:askForVotes(178)) - 6c17ba67-9052-48ab-b55c-e326bb81c936@group-95D7A0F68A30-LeaderElection49: begin an election at term 6 for -1: [8dfecba1-8cf2-4467-bf71-9131598e36cc:192.168.69.90:35390, 6c17ba67-9052-48ab-b55c-e326bb81c936:192.168.69.90:33518, 21b36528-7a33-48f9-a871-a72bce406f0b:192.168.69.90:45999], old=null
2019-10-16 17:21:11,680 [6c17ba67-9052-48ab-b55c-e326bb81c936@group-8363CBFC2677-LeaderElection51] INFO  impl.LeaderElection (LeaderElection.java:askForVotes(178)) - 6c17ba67-9052-48ab-b55c-e326bb81c936@group-8363CBFC2677-LeaderElection51: begin an election at term 6 for -1: [8dfecba1-8cf2-4467-bf71-9131598e36cc:192.168.69.90:35390, 6c17ba67-9052-48ab-b55c-e326bb81c936:192.168.69.90:33518, 21b36528-7a33-48f9-a871-a72bce406f0b:192.168.69.90:45999], old=null
2019-10-16 17:21:11,680 [6c17ba67-9052-48ab-b55c-e326bb81c936@group-EDF3B1B09235-LeaderElection50] INFO  impl.LeaderElection (LeaderElection.java:askForVotes(178)) - 6c17ba67-9052-48ab-b55c-e326bb81c936@group-EDF3B1B09235-LeaderElection50: begin an election at term 6 for -1: [8dfecba1-8cf2-4467-bf71-9131598e36cc:192.168.69.90:35390, 6c17ba67-9052-48ab-b55c-e326bb81c936:192.168.69.90:33518, 21b36528-7a33-48f9-a871-a72bce406f0b:192.168.69.90:45999], old=null
2019-10-16 17:21:11,682 [6c17ba67-9052-48ab-b55c-e326bb81c936@group-8363CBFC2677-LeaderElection51] INFO  impl.LeaderElection (LogUtils.java:infoOrTrace(149)) - 6c17ba67-9052-48ab-b55c-e326bb81c936@group-8363CBFC2677-LeaderElection51 got exception when requesting votes: {}
java.util.concurrent.ExecutionException: org.apache.ratis.thirdparty.io.grpc.StatusRuntimeException: UNAVAILABLE: io exception
	at java.util.concurrent.FutureTask.report(FutureTask.java:122)
	at java.util.concurrent.FutureTask.get(FutureTask.java:192)
	at org.apache.ratis.server.impl.LeaderElection.waitForResults(LeaderElection.java:259)
	at org.apache.ratis.server.impl.LeaderElection.askForVotes(LeaderElection.java:197)
	at org.apache.ratis.server.impl.LeaderElection.run(LeaderElection.java:133)
	at java.lang.Thread.run(Thread.java:748)
Caused by: org.apache.ratis.thirdparty.io.grpc.StatusRuntimeException: UNAVAILABLE: io exception
	at org.apache.ratis.thirdparty.io.grpc.stub.ClientCalls.toStatusRuntimeException(ClientCalls.java:233)
	at org.apache.ratis.thirdparty.io.grpc.stub.ClientCalls.getUnchecked(ClientCalls.java:214)
	at org.apache.ratis.thirdparty.io.grpc.stub.ClientCalls.blockingUnaryCall(ClientCalls.java:139)
	at org.apache.ratis.proto.grpc.RaftServerProtocolServiceGrpc$RaftServerProtocolServiceBlockingStub.requestVote(RaftServerProtocolServiceGrpc.java:265)
	at org.apache.ratis.grpc.server.GrpcServerProtocolClient.requestVote(GrpcServerProtocolClient.java:99)
	at org.apache.ratis.grpc.server.GrpcService.requestVote(GrpcService.java:204)
	at org.apache.ratis.server.impl.LeaderElection.lambda$submitRequests$1(LeaderElection.java:234)
	at java.util.concurrent.FutureTask.run(FutureTask.java:266)
	at java.util.concurrent.Executors$RunnableAdapter.call(Executors.java:511)
	at java.util.concurrent.FutureTask.run(FutureTask.java:266)
	at java.util.concurrent.ThreadPoolExecutor.runWorker(ThreadPoolExecutor.java:1149)
	at java.util.concurrent.ThreadPoolExecutor$Worker.run(ThreadPoolExecutor.java:624)
	... 1 more
Caused by: org.apache.ratis.thirdparty.io.netty.channel.AbstractChannel$AnnotatedConnectException: Connection refused: /192.168.69.90:35390
	at sun.nio.ch.SocketChannelImpl.checkConnect(Native Method)
	at sun.nio.ch.SocketChannelImpl.finishConnect(SocketChannelImpl.java:717)
	at org.apache.ratis.thirdparty.io.netty.channel.socket.nio.NioSocketChannel.doFinishConnect(NioSocketChannel.java:327)
	at org.apache.ratis.thirdparty.io.netty.channel.nio.AbstractNioChannel$AbstractNioUnsafe.finishConnect(AbstractNioChannel.java:340)
	at org.apache.ratis.thirdparty.io.netty.channel.nio.NioEventLoop.processSelectedKey(NioEventLoop.java:632)
	at org.apache.ratis.thirdparty.io.netty.channel.nio.NioEventLoop.processSelectedKeysOptimized(NioEventLoop.java:579)
	at org.apache.ratis.thirdparty.io.netty.channel.nio.NioEventLoop.processSelectedKeys(NioEventLoop.java:496)
	at org.apache.ratis.thirdparty.io.netty.channel.nio.NioEventLoop.run(NioEventLoop.java:458)
	at org.apache.ratis.thirdparty.io.netty.util.concurrent.SingleThreadEventExecutor$5.run(SingleThreadEventExecutor.java:897)
	at org.apache.ratis.thirdparty.io.netty.util.concurrent.FastThreadLocalRunnable.run(FastThreadLocalRunnable.java:30)
	... 1 more
Caused by: java.net.ConnectException: Connection refused
	... 11 more
2019-10-16 17:21:11,682 [6c17ba67-9052-48ab-b55c-e326bb81c936@group-95D7A0F68A30-LeaderElection49] INFO  impl.LeaderElection (LogUtils.java:infoOrTrace(149)) - 6c17ba67-9052-48ab-b55c-e326bb81c936@group-95D7A0F68A30-LeaderElection49 got exception when requesting votes: {}
java.util.concurrent.ExecutionException: org.apache.ratis.thirdparty.io.grpc.StatusRuntimeException: UNAVAILABLE: io exception
	at java.util.concurrent.FutureTask.report(FutureTask.java:122)
	at java.util.concurrent.FutureTask.get(FutureTask.java:192)
	at org.apache.ratis.server.impl.LeaderElection.waitForResults(LeaderElection.java:259)
	at org.apache.ratis.server.impl.LeaderElection.askForVotes(LeaderElection.java:197)
	at org.apache.ratis.server.impl.LeaderElection.run(LeaderElection.java:133)
	at java.lang.Thread.run(Thread.java:748)
Caused by: org.apache.ratis.thirdparty.io.grpc.StatusRuntimeException: UNAVAILABLE: io exception
	at org.apache.ratis.thirdparty.io.grpc.stub.ClientCalls.toStatusRuntimeException(ClientCalls.java:233)
	at org.apache.ratis.thirdparty.io.grpc.stub.ClientCalls.getUnchecked(ClientCalls.java:214)
	at org.apache.ratis.thirdparty.io.grpc.stub.ClientCalls.blockingUnaryCall(ClientCalls.java:139)
	at org.apache.ratis.proto.grpc.RaftServerProtocolServiceGrpc$RaftServerProtocolServiceBlockingStub.requestVote(RaftServerProtocolServiceGrpc.java:265)
	at org.apache.ratis.grpc.server.GrpcServerProtocolClient.requestVote(GrpcServerProtocolClient.java:99)
	at org.apache.ratis.grpc.server.GrpcService.requestVote(GrpcService.java:204)
	at org.apache.ratis.server.impl.LeaderElection.lambda$submitRequests$1(LeaderElection.java:234)
	at java.util.concurrent.FutureTask.run(FutureTask.java:266)
	at java.util.concurrent.Executors$RunnableAdapter.call(Executors.java:511)
	at java.util.concurrent.FutureTask.run(FutureTask.java:266)
	at java.util.concurrent.ThreadPoolExecutor.runWorker(ThreadPoolExecutor.java:1149)
	at java.util.concurrent.ThreadPoolExecutor$Worker.run(ThreadPoolExecutor.java:624)
	... 1 more
Caused by: org.apache.ratis.thirdparty.io.netty.channel.AbstractChannel$AnnotatedConnectException: Connection refused: /192.168.69.90:35390
	at sun.nio.ch.SocketChannelImpl.checkConnect(Native Method)
	at sun.nio.ch.SocketChannelImpl.finishConnect(SocketChannelImpl.java:717)
	at org.apache.ratis.thirdparty.io.netty.channel.socket.nio.NioSocketChannel.doFinishConnect(NioSocketChannel.java:327)
	at org.apache.ratis.thirdparty.io.netty.channel.nio.AbstractNioChannel$AbstractNioUnsafe.finishConnect(AbstractNioChannel.java:340)
	at org.apache.ratis.thirdparty.io.netty.channel.nio.NioEventLoop.processSelectedKey(NioEventLoop.java:632)
	at org.apache.ratis.thirdparty.io.netty.channel.nio.NioEventLoop.processSelectedKeysOptimized(NioEventLoop.java:579)
	at org.apache.ratis.thirdparty.io.netty.channel.nio.NioEventLoop.processSelectedKeys(NioEventLoop.java:496)
	at org.apache.ratis.thirdparty.io.netty.channel.nio.NioEventLoop.run(NioEventLoop.java:458)
	at org.apache.ratis.thirdparty.io.netty.util.concurrent.SingleThreadEventExecutor$5.run(SingleThreadEventExecutor.java:897)
	at org.apache.ratis.thirdparty.io.netty.util.concurrent.FastThreadLocalRunnable.run(FastThreadLocalRunnable.java:30)
	... 1 more
Caused by: java.net.ConnectException: Connection refused
	... 11 more
2019-10-16 17:21:11,682 [6c17ba67-9052-48ab-b55c-e326bb81c936@group-EDF3B1B09235-LeaderElection50] INFO  impl.LeaderElection (LogUtils.java:infoOrTrace(149)) - 6c17ba67-9052-48ab-b55c-e326bb81c936@group-EDF3B1B09235-LeaderElection50 got exception when requesting votes: {}
java.util.concurrent.ExecutionException: org.apache.ratis.thirdparty.io.grpc.StatusRuntimeException: UNAVAILABLE: io exception
	at java.util.concurrent.FutureTask.report(FutureTask.java:122)
	at java.util.concurrent.FutureTask.get(FutureTask.java:192)
	at org.apache.ratis.server.impl.LeaderElection.waitForResults(LeaderElection.java:259)
	at org.apache.ratis.server.impl.LeaderElection.askForVotes(LeaderElection.java:197)
	at org.apache.ratis.server.impl.LeaderElection.run(LeaderElection.java:133)
	at java.lang.Thread.run(Thread.java:748)
Caused by: org.apache.ratis.thirdparty.io.grpc.StatusRuntimeException: UNAVAILABLE: io exception
	at org.apache.ratis.thirdparty.io.grpc.stub.ClientCalls.toStatusRuntimeException(ClientCalls.java:233)
	at org.apache.ratis.thirdparty.io.grpc.stub.ClientCalls.getUnchecked(ClientCalls.java:214)
	at org.apache.ratis.thirdparty.io.grpc.stub.ClientCalls.blockingUnaryCall(ClientCalls.java:139)
	at org.apache.ratis.proto.grpc.RaftServerProtocolServiceGrpc$RaftServerProtocolServiceBlockingStub.requestVote(RaftServerProtocolServiceGrpc.java:265)
	at org.apache.ratis.grpc.server.GrpcServerProtocolClient.requestVote(GrpcServerProtocolClient.java:99)
	at org.apache.ratis.grpc.server.GrpcService.requestVote(GrpcService.java:204)
	at org.apache.ratis.server.impl.LeaderElection.lambda$submitRequests$1(LeaderElection.java:234)
	at java.util.concurrent.FutureTask.run(FutureTask.java:266)
	at java.util.concurrent.Executors$RunnableAdapter.call(Executors.java:511)
	at java.util.concurrent.FutureTask.run(FutureTask.java:266)
	at java.util.concurrent.ThreadPoolExecutor.runWorker(ThreadPoolExecutor.java:1149)
	at java.util.concurrent.ThreadPoolExecutor$Worker.run(ThreadPoolExecutor.java:624)
	... 1 more
Caused by: org.apache.ratis.thirdparty.io.netty.channel.AbstractChannel$AnnotatedConnectException: Connection refused: /192.168.69.90:35390
	at sun.nio.ch.SocketChannelImpl.checkConnect(Native Method)
	at sun.nio.ch.SocketChannelImpl.finishConnect(SocketChannelImpl.java:717)
	at org.apache.ratis.thirdparty.io.netty.channel.socket.nio.NioSocketChannel.doFinishConnect(NioSocketChannel.java:327)
	at org.apache.ratis.thirdparty.io.netty.channel.nio.AbstractNioChannel$AbstractNioUnsafe.finishConnect(AbstractNioChannel.java:340)
	at org.apache.ratis.thirdparty.io.netty.channel.nio.NioEventLoop.processSelectedKey(NioEventLoop.java:632)
	at org.apache.ratis.thirdparty.io.netty.channel.nio.NioEventLoop.processSelectedKeysOptimized(NioEventLoop.java:579)
	at org.apache.ratis.thirdparty.io.netty.channel.nio.NioEventLoop.processSelectedKeys(NioEventLoop.java:496)
	at org.apache.ratis.thirdparty.io.netty.channel.nio.NioEventLoop.run(NioEventLoop.java:458)
	at org.apache.ratis.thirdparty.io.netty.util.concurrent.SingleThreadEventExecutor$5.run(SingleThreadEventExecutor.java:897)
	at org.apache.ratis.thirdparty.io.netty.util.concurrent.FastThreadLocalRunnable.run(FastThreadLocalRunnable.java:30)
	... 1 more
Caused by: java.net.ConnectException: Connection refused
	... 11 more
2019-10-16 17:21:11,683 [6c17ba67-9052-48ab-b55c-e326bb81c936@group-95D7A0F68A30-LeaderElection49] INFO  impl.LeaderElection (LogUtils.java:infoOrTrace(149)) - 6c17ba67-9052-48ab-b55c-e326bb81c936@group-95D7A0F68A30-LeaderElection49 got exception when requesting votes: {}
java.util.concurrent.ExecutionException: org.apache.ratis.thirdparty.io.grpc.StatusRuntimeException: UNAVAILABLE: io exception
	at java.util.concurrent.FutureTask.report(FutureTask.java:122)
	at java.util.concurrent.FutureTask.get(FutureTask.java:192)
	at org.apache.ratis.server.impl.LeaderElection.waitForResults(LeaderElection.java:259)
	at org.apache.ratis.server.impl.LeaderElection.askForVotes(LeaderElection.java:197)
	at org.apache.ratis.server.impl.LeaderElection.run(LeaderElection.java:133)
	at java.lang.Thread.run(Thread.java:748)
Caused by: org.apache.ratis.thirdparty.io.grpc.StatusRuntimeException: UNAVAILABLE: io exception
	at org.apache.ratis.thirdparty.io.grpc.stub.ClientCalls.toStatusRuntimeException(ClientCalls.java:233)
	at org.apache.ratis.thirdparty.io.grpc.stub.ClientCalls.getUnchecked(ClientCalls.java:214)
	at org.apache.ratis.thirdparty.io.grpc.stub.ClientCalls.blockingUnaryCall(ClientCalls.java:139)
	at org.apache.ratis.proto.grpc.RaftServerProtocolServiceGrpc$RaftServerProtocolServiceBlockingStub.requestVote(RaftServerProtocolServiceGrpc.java:265)
	at org.apache.ratis.grpc.server.GrpcServerProtocolClient.requestVote(GrpcServerProtocolClient.java:99)
	at org.apache.ratis.grpc.server.GrpcService.requestVote(GrpcService.java:204)
	at org.apache.ratis.server.impl.LeaderElection.lambda$submitRequests$1(LeaderElection.java:234)
	at java.util.concurrent.FutureTask.run(FutureTask.java:266)
	at java.util.concurrent.Executors$RunnableAdapter.call(Executors.java:511)
	at java.util.concurrent.FutureTask.run(FutureTask.java:266)
	at java.util.concurrent.ThreadPoolExecutor.runWorker(ThreadPoolExecutor.java:1149)
	at java.util.concurrent.ThreadPoolExecutor$Worker.run(ThreadPoolExecutor.java:624)
	... 1 more
Caused by: org.apache.ratis.thirdparty.io.netty.channel.AbstractChannel$AnnotatedConnectException: Connection refused: /192.168.69.90:45999
	at sun.nio.ch.SocketChannelImpl.checkConnect(Native Method)
	at sun.nio.ch.SocketChannelImpl.finishConnect(SocketChannelImpl.java:717)
	at org.apache.ratis.thirdparty.io.netty.channel.socket.nio.NioSocketChannel.doFinishConnect(NioSocketChannel.java:327)
	at org.apache.ratis.thirdparty.io.netty.channel.nio.AbstractNioChannel$AbstractNioUnsafe.finishConnect(AbstractNioChannel.java:340)
	at org.apache.ratis.thirdparty.io.netty.channel.nio.NioEventLoop.processSelectedKey(NioEventLoop.java:632)
	at org.apache.ratis.thirdparty.io.netty.channel.nio.NioEventLoop.processSelectedKeysOptimized(NioEventLoop.java:579)
	at org.apache.ratis.thirdparty.io.netty.channel.nio.NioEventLoop.processSelectedKeys(NioEventLoop.java:496)
	at org.apache.ratis.thirdparty.io.netty.channel.nio.NioEventLoop.run(NioEventLoop.java:458)
	at org.apache.ratis.thirdparty.io.netty.util.concurrent.SingleThreadEventExecutor$5.run(SingleThreadEventExecutor.java:897)
	at org.apache.ratis.thirdparty.io.netty.util.concurrent.FastThreadLocalRunnable.run(FastThreadLocalRunnable.java:30)
	... 1 more
Caused by: java.net.ConnectException: Connection refused
	... 11 more
2019-10-16 17:21:11,683 [6c17ba67-9052-48ab-b55c-e326bb81c936@group-8363CBFC2677-LeaderElection51] INFO  impl.LeaderElection (LogUtils.java:infoOrTrace(149)) - 6c17ba67-9052-48ab-b55c-e326bb81c936@group-8363CBFC2677-LeaderElection51 got exception when requesting votes: {}
java.util.concurrent.ExecutionException: org.apache.ratis.thirdparty.io.grpc.StatusRuntimeException: UNAVAILABLE: io exception
	at java.util.concurrent.FutureTask.report(FutureTask.java:122)
	at java.util.concurrent.FutureTask.get(FutureTask.java:192)
	at org.apache.ratis.server.impl.LeaderElection.waitForResults(LeaderElection.java:259)
	at org.apache.ratis.server.impl.LeaderElection.askForVotes(LeaderElection.java:197)
	at org.apache.ratis.server.impl.LeaderElection.run(LeaderElection.java:133)
	at java.lang.Thread.run(Thread.java:748)
Caused by: org.apache.ratis.thirdparty.io.grpc.StatusRuntimeException: UNAVAILABLE: io exception
	at org.apache.ratis.thirdparty.io.grpc.stub.ClientCalls.toStatusRuntimeException(ClientCalls.java:233)
	at org.apache.ratis.thirdparty.io.grpc.stub.ClientCalls.getUnchecked(ClientCalls.java:214)
	at org.apache.ratis.thirdparty.io.grpc.stub.ClientCalls.blockingUnaryCall(ClientCalls.java:139)
	at org.apache.ratis.proto.grpc.RaftServerProtocolServiceGrpc$RaftServerProtocolServiceBlockingStub.requestVote(RaftServerProtocolServiceGrpc.java:265)
	at org.apache.ratis.grpc.server.GrpcServerProtocolClient.requestVote(GrpcServerProtocolClient.java:99)
	at org.apache.ratis.grpc.server.GrpcService.requestVote(GrpcService.java:204)
	at org.apache.ratis.server.impl.LeaderElection.lambda$submitRequests$1(LeaderElection.java:234)
	at java.util.concurrent.FutureTask.run(FutureTask.java:266)
	at java.util.concurrent.Executors$RunnableAdapter.call(Executors.java:511)
	at java.util.concurrent.FutureTask.run(FutureTask.java:266)
	at java.util.concurrent.ThreadPoolExecutor.runWorker(ThreadPoolExecutor.java:1149)
	at java.util.concurrent.ThreadPoolExecutor$Worker.run(ThreadPoolExecutor.java:624)
	... 1 more
Caused by: org.apache.ratis.thirdparty.io.netty.channel.AbstractChannel$AnnotatedConnectException: Connection refused: /192.168.69.90:45999
	at sun.nio.ch.SocketChannelImpl.checkConnect(Native Method)
	at sun.nio.ch.SocketChannelImpl.finishConnect(SocketChannelImpl.java:717)
	at org.apache.ratis.thirdparty.io.netty.channel.socket.nio.NioSocketChannel.doFinishConnect(NioSocketChannel.java:327)
	at org.apache.ratis.thirdparty.io.netty.channel.nio.AbstractNioChannel$AbstractNioUnsafe.finishConnect(AbstractNioChannel.java:340)
	at org.apache.ratis.thirdparty.io.netty.channel.nio.NioEventLoop.processSelectedKey(NioEventLoop.java:632)
	at org.apache.ratis.thirdparty.io.netty.channel.nio.NioEventLoop.processSelectedKeysOptimized(NioEventLoop.java:579)
	at org.apache.ratis.thirdparty.io.netty.channel.nio.NioEventLoop.processSelectedKeys(NioEventLoop.java:496)
	at org.apache.ratis.thirdparty.io.netty.channel.nio.NioEventLoop.run(NioEventLoop.java:458)
	at org.apache.ratis.thirdparty.io.netty.util.concurrent.SingleThreadEventExecutor$5.run(SingleThreadEventExecutor.java:897)
	at org.apache.ratis.thirdparty.io.netty.util.concurrent.FastThreadLocalRunnable.run(FastThreadLocalRunnable.java:30)
	... 1 more
Caused by: java.net.ConnectException: Connection refused
	... 11 more
2019-10-16 17:21:11,687 [6c17ba67-9052-48ab-b55c-e326bb81c936@group-95D7A0F68A30-LeaderElection49] INFO  impl.LeaderElection (LeaderElection.java:logAndReturn(56)) - 6c17ba67-9052-48ab-b55c-e326bb81c936@group-95D7A0F68A30-LeaderElection49: Election REJECTED; received 0 response(s) [] and 2 exception(s); 6c17ba67-9052-48ab-b55c-e326bb81c936@group-95D7A0F68A30:t6, leader=null, voted=6c17ba67-9052-48ab-b55c-e326bb81c936, raftlog=6c17ba67-9052-48ab-b55c-e326bb81c936@group-95D7A0F68A30-SegmentedRaftLog:OPENED:c-1,f-1,i0, conf=-1: [8dfecba1-8cf2-4467-bf71-9131598e36cc:192.168.69.90:35390, 6c17ba67-9052-48ab-b55c-e326bb81c936:192.168.69.90:33518, 21b36528-7a33-48f9-a871-a72bce406f0b:192.168.69.90:45999], old=null
2019-10-16 17:21:11,687 [6c17ba67-9052-48ab-b55c-e326bb81c936@group-95D7A0F68A30-LeaderElection49] INFO  impl.LeaderElection (LogUtils.java:infoOrTrace(149)) -   Exception 0: {}
java.util.concurrent.ExecutionException: org.apache.ratis.thirdparty.io.grpc.StatusRuntimeException: UNAVAILABLE: io exception
	at java.util.concurrent.FutureTask.report(FutureTask.java:122)
	at java.util.concurrent.FutureTask.get(FutureTask.java:192)
	at org.apache.ratis.server.impl.LeaderElection.waitForResults(LeaderElection.java:259)
	at org.apache.ratis.server.impl.LeaderElection.askForVotes(LeaderElection.java:197)
	at org.apache.ratis.server.impl.LeaderElection.run(LeaderElection.java:133)
	at java.lang.Thread.run(Thread.java:748)
Caused by: org.apache.ratis.thirdparty.io.grpc.StatusRuntimeException: UNAVAILABLE: io exception
	at org.apache.ratis.thirdparty.io.grpc.stub.ClientCalls.toStatusRuntimeException(ClientCalls.java:233)
	at org.apache.ratis.thirdparty.io.grpc.stub.ClientCalls.getUnchecked(ClientCalls.java:214)
	at org.apache.ratis.thirdparty.io.grpc.stub.ClientCalls.blockingUnaryCall(ClientCalls.java:139)
	at org.apache.ratis.proto.grpc.RaftServerProtocolServiceGrpc$RaftServerProtocolServiceBlockingStub.requestVote(RaftServerProtocolServiceGrpc.java:265)
	at org.apache.ratis.grpc.server.GrpcServerProtocolClient.requestVote(GrpcServerProtocolClient.java:99)
	at org.apache.ratis.grpc.server.GrpcService.requestVote(GrpcService.java:204)
	at org.apache.ratis.server.impl.LeaderElection.lambda$submitRequests$1(LeaderElection.java:234)
	at java.util.concurrent.FutureTask.run(FutureTask.java:266)
	at java.util.concurrent.Executors$RunnableAdapter.call(Executors.java:511)
	at java.util.concurrent.FutureTask.run(FutureTask.java:266)
	at java.util.concurrent.ThreadPoolExecutor.runWorker(ThreadPoolExecutor.java:1149)
	at java.util.concurrent.ThreadPoolExecutor$Worker.run(ThreadPoolExecutor.java:624)
	... 1 more
Caused by: org.apache.ratis.thirdparty.io.netty.channel.AbstractChannel$AnnotatedConnectException: Connection refused: /192.168.69.90:35390
	at sun.nio.ch.SocketChannelImpl.checkConnect(Native Method)
	at sun.nio.ch.SocketChannelImpl.finishConnect(SocketChannelImpl.java:717)
	at org.apache.ratis.thirdparty.io.netty.channel.socket.nio.NioSocketChannel.doFinishConnect(NioSocketChannel.java:327)
	at org.apache.ratis.thirdparty.io.netty.channel.nio.AbstractNioChannel$AbstractNioUnsafe.finishConnect(AbstractNioChannel.java:340)
	at org.apache.ratis.thirdparty.io.netty.channel.nio.NioEventLoop.processSelectedKey(NioEventLoop.java:632)
	at org.apache.ratis.thirdparty.io.netty.channel.nio.NioEventLoop.processSelectedKeysOptimized(NioEventLoop.java:579)
	at org.apache.ratis.thirdparty.io.netty.channel.nio.NioEventLoop.processSelectedKeys(NioEventLoop.java:496)
	at org.apache.ratis.thirdparty.io.netty.channel.nio.NioEventLoop.run(NioEventLoop.java:458)
	at org.apache.ratis.thirdparty.io.netty.util.concurrent.SingleThreadEventExecutor$5.run(SingleThreadEventExecutor.java:897)
	at org.apache.ratis.thirdparty.io.netty.util.concurrent.FastThreadLocalRunnable.run(FastThreadLocalRunnable.java:30)
	... 1 more
Caused by: java.net.ConnectException: Connection refused
	... 11 more
2019-10-16 17:21:11,687 [6c17ba67-9052-48ab-b55c-e326bb81c936@group-EDF3B1B09235-LeaderElection50] INFO  impl.LeaderElection (LogUtils.java:infoOrTrace(149)) - 6c17ba67-9052-48ab-b55c-e326bb81c936@group-EDF3B1B09235-LeaderElection50 got exception when requesting votes: {}
java.util.concurrent.ExecutionException: org.apache.ratis.thirdparty.io.grpc.StatusRuntimeException: UNAVAILABLE: io exception
	at java.util.concurrent.FutureTask.report(FutureTask.java:122)
	at java.util.concurrent.FutureTask.get(FutureTask.java:192)
	at org.apache.ratis.server.impl.LeaderElection.waitForResults(LeaderElection.java:259)
	at org.apache.ratis.server.impl.LeaderElection.askForVotes(LeaderElection.java:197)
	at org.apache.ratis.server.impl.LeaderElection.run(LeaderElection.java:133)
	at java.lang.Thread.run(Thread.java:748)
Caused by: org.apache.ratis.thirdparty.io.grpc.StatusRuntimeException: UNAVAILABLE: io exception
	at org.apache.ratis.thirdparty.io.grpc.stub.ClientCalls.toStatusRuntimeException(ClientCalls.java:233)
	at org.apache.ratis.thirdparty.io.grpc.stub.ClientCalls.getUnchecked(ClientCalls.java:214)
	at org.apache.ratis.thirdparty.io.grpc.stub.ClientCalls.blockingUnaryCall(ClientCalls.java:139)
	at org.apache.ratis.proto.grpc.RaftServerProtocolServiceGrpc$RaftServerProtocolServiceBlockingStub.requestVote(RaftServerProtocolServiceGrpc.java:265)
	at org.apache.ratis.grpc.server.GrpcServerProtocolClient.requestVote(GrpcServerProtocolClient.java:99)
	at org.apache.ratis.grpc.server.GrpcService.requestVote(GrpcService.java:204)
	at org.apache.ratis.server.impl.LeaderElection.lambda$submitRequests$1(LeaderElection.java:234)
	at java.util.concurrent.FutureTask.run(FutureTask.java:266)
	at java.util.concurrent.Executors$RunnableAdapter.call(Executors.java:511)
	at java.util.concurrent.FutureTask.run(FutureTask.java:266)
	at java.util.concurrent.ThreadPoolExecutor.runWorker(ThreadPoolExecutor.java:1149)
	at java.util.concurrent.ThreadPoolExecutor$Worker.run(ThreadPoolExecutor.java:624)
	... 1 more
Caused by: org.apache.ratis.thirdparty.io.netty.channel.AbstractChannel$AnnotatedConnectException: Connection refused: /192.168.69.90:45999
	at sun.nio.ch.SocketChannelImpl.checkConnect(Native Method)
	at sun.nio.ch.SocketChannelImpl.finishConnect(SocketChannelImpl.java:717)
	at org.apache.ratis.thirdparty.io.netty.channel.socket.nio.NioSocketChannel.doFinishConnect(NioSocketChannel.java:327)
	at org.apache.ratis.thirdparty.io.netty.channel.nio.AbstractNioChannel$AbstractNioUnsafe.finishConnect(AbstractNioChannel.java:340)
	at org.apache.ratis.thirdparty.io.netty.channel.nio.NioEventLoop.processSelectedKey(NioEventLoop.java:632)
	at org.apache.ratis.thirdparty.io.netty.channel.nio.NioEventLoop.processSelectedKeysOptimized(NioEventLoop.java:579)
	at org.apache.ratis.thirdparty.io.netty.channel.nio.NioEventLoop.processSelectedKeys(NioEventLoop.java:496)
	at org.apache.ratis.thirdparty.io.netty.channel.nio.NioEventLoop.run(NioEventLoop.java:458)
	at org.apache.ratis.thirdparty.io.netty.util.concurrent.SingleThreadEventExecutor$5.run(SingleThreadEventExecutor.java:897)
	at org.apache.ratis.thirdparty.io.netty.util.concurrent.FastThreadLocalRunnable.run(FastThreadLocalRunnable.java:30)
	... 1 more
Caused by: java.net.ConnectException: Connection refused
	... 11 more
2019-10-16 17:21:11,688 [6c17ba67-9052-48ab-b55c-e326bb81c936@group-95D7A0F68A30-LeaderElection49] INFO  impl.LeaderElection (LogUtils.java:infoOrTrace(149)) -   Exception 1: {}
java.util.concurrent.ExecutionException: org.apache.ratis.thirdparty.io.grpc.StatusRuntimeException: UNAVAILABLE: io exception
	at java.util.concurrent.FutureTask.report(FutureTask.java:122)
	at java.util.concurrent.FutureTask.get(FutureTask.java:192)
	at org.apache.ratis.server.impl.LeaderElection.waitForResults(LeaderElection.java:259)
	at org.apache.ratis.server.impl.LeaderElection.askForVotes(LeaderElection.java:197)
	at org.apache.ratis.server.impl.LeaderElection.run(LeaderElection.java:133)
	at java.lang.Thread.run(Thread.java:748)
Caused by: org.apache.ratis.thirdparty.io.grpc.StatusRuntimeException: UNAVAILABLE: io exception
	at org.apache.ratis.thirdparty.io.grpc.stub.ClientCalls.toStatusRuntimeException(ClientCalls.java:233)
	at org.apache.ratis.thirdparty.io.grpc.stub.ClientCalls.getUnchecked(ClientCalls.java:214)
	at org.apache.ratis.thirdparty.io.grpc.stub.ClientCalls.blockingUnaryCall(ClientCalls.java:139)
	at org.apache.ratis.proto.grpc.RaftServerProtocolServiceGrpc$RaftServerProtocolServiceBlockingStub.requestVote(RaftServerProtocolServiceGrpc.java:265)
	at org.apache.ratis.grpc.server.GrpcServerProtocolClient.requestVote(GrpcServerProtocolClient.java:99)
	at org.apache.ratis.grpc.server.GrpcService.requestVote(GrpcService.java:204)
	at org.apache.ratis.server.impl.LeaderElection.lambda$submitRequests$1(LeaderElection.java:234)
	at java.util.concurrent.FutureTask.run(FutureTask.java:266)
	at java.util.concurrent.Executors$RunnableAdapter.call(Executors.java:511)
	at java.util.concurrent.FutureTask.run(FutureTask.java:266)
	at java.util.concurrent.ThreadPoolExecutor.runWorker(ThreadPoolExecutor.java:1149)
	at java.util.concurrent.ThreadPoolExecutor$Worker.run(ThreadPoolExecutor.java:624)
	... 1 more
Caused by: org.apache.ratis.thirdparty.io.netty.channel.AbstractChannel$AnnotatedConnectException: Connection refused: /192.168.69.90:45999
	at sun.nio.ch.SocketChannelImpl.checkConnect(Native Method)
	at sun.nio.ch.SocketChannelImpl.finishConnect(SocketChannelImpl.java:717)
	at org.apache.ratis.thirdparty.io.netty.channel.socket.nio.NioSocketChannel.doFinishConnect(NioSocketChannel.java:327)
	at org.apache.ratis.thirdparty.io.netty.channel.nio.AbstractNioChannel$AbstractNioUnsafe.finishConnect(AbstractNioChannel.java:340)
	at org.apache.ratis.thirdparty.io.netty.channel.nio.NioEventLoop.processSelectedKey(NioEventLoop.java:632)
	at org.apache.ratis.thirdparty.io.netty.channel.nio.NioEventLoop.processSelectedKeysOptimized(NioEventLoop.java:579)
	at org.apache.ratis.thirdparty.io.netty.channel.nio.NioEventLoop.processSelectedKeys(NioEventLoop.java:496)
	at org.apache.ratis.thirdparty.io.netty.channel.nio.NioEventLoop.run(NioEventLoop.java:458)
	at org.apache.ratis.thirdparty.io.netty.util.concurrent.SingleThreadEventExecutor$5.run(SingleThreadEventExecutor.java:897)
	at org.apache.ratis.thirdparty.io.netty.util.concurrent.FastThreadLocalRunnable.run(FastThreadLocalRunnable.java:30)
	... 1 more
Caused by: java.net.ConnectException: Connection refused
	... 11 more
2019-10-16 17:21:11,687 [6c17ba67-9052-48ab-b55c-e326bb81c936@group-8363CBFC2677-LeaderElection51] INFO  impl.LeaderElection (LeaderElection.java:logAndReturn(56)) - 6c17ba67-9052-48ab-b55c-e326bb81c936@group-8363CBFC2677-LeaderElection51: Election REJECTED; received 0 response(s) [] and 2 exception(s); 6c17ba67-9052-48ab-b55c-e326bb81c936@group-8363CBFC2677:t6, leader=null, voted=6c17ba67-9052-48ab-b55c-e326bb81c936, raftlog=6c17ba67-9052-48ab-b55c-e326bb81c936@group-8363CBFC2677-SegmentedRaftLog:OPENED:c-1,f-1,i0, conf=-1: [8dfecba1-8cf2-4467-bf71-9131598e36cc:192.168.69.90:35390, 6c17ba67-9052-48ab-b55c-e326bb81c936:192.168.69.90:33518, 21b36528-7a33-48f9-a871-a72bce406f0b:192.168.69.90:45999], old=null
2019-10-16 17:21:11,689 [6c17ba67-9052-48ab-b55c-e326bb81c936@group-95D7A0F68A30-LeaderElection49] INFO  impl.RaftServerImpl (RaftServerImpl.java:setRole(170)) - 6c17ba67-9052-48ab-b55c-e326bb81c936@group-95D7A0F68A30: changes role from CANDIDATE to FOLLOWER at term 6 for DISCOVERED_A_NEW_TERM
2019-10-16 17:21:11,689 [6c17ba67-9052-48ab-b55c-e326bb81c936@group-95D7A0F68A30-LeaderElection49] INFO  impl.RoleInfo (RoleInfo.java:shutdownLeaderElection(134)) - 6c17ba67-9052-48ab-b55c-e326bb81c936: shutdown LeaderElection
2019-10-16 17:21:11,689 [6c17ba67-9052-48ab-b55c-e326bb81c936@group-EDF3B1B09235-LeaderElection50] INFO  impl.LeaderElection (LeaderElection.java:logAndReturn(56)) - 6c17ba67-9052-48ab-b55c-e326bb81c936@group-EDF3B1B09235-LeaderElection50: Election REJECTED; received 0 response(s) [] and 2 exception(s); 6c17ba67-9052-48ab-b55c-e326bb81c936@group-EDF3B1B09235:t6, leader=null, voted=6c17ba67-9052-48ab-b55c-e326bb81c936, raftlog=6c17ba67-9052-48ab-b55c-e326bb81c936@group-EDF3B1B09235-SegmentedRaftLog:OPENED:c-1,f-1,i0, conf=-1: [8dfecba1-8cf2-4467-bf71-9131598e36cc:192.168.69.90:35390, 6c17ba67-9052-48ab-b55c-e326bb81c936:192.168.69.90:33518, 21b36528-7a33-48f9-a871-a72bce406f0b:192.168.69.90:45999], old=null
2019-10-16 17:21:11,690 [6c17ba67-9052-48ab-b55c-e326bb81c936@group-95D7A0F68A30-LeaderElection49] INFO  impl.RoleInfo (RoleInfo.java:updateAndGet(143)) - 6c17ba67-9052-48ab-b55c-e326bb81c936: start FollowerState
2019-10-16 17:21:11,689 [6c17ba67-9052-48ab-b55c-e326bb81c936@group-8363CBFC2677-LeaderElection51] INFO  impl.LeaderElection (LogUtils.java:infoOrTrace(149)) -   Exception 0: {}
java.util.concurrent.ExecutionException: org.apache.ratis.thirdparty.io.grpc.StatusRuntimeException: UNAVAILABLE: io exception
	at java.util.concurrent.FutureTask.report(FutureTask.java:122)
	at java.util.concurrent.FutureTask.get(FutureTask.java:192)
	at org.apache.ratis.server.impl.LeaderElection.waitForResults(LeaderElection.java:259)
	at org.apache.ratis.server.impl.LeaderElection.askForVotes(LeaderElection.java:197)
	at org.apache.ratis.server.impl.LeaderElection.run(LeaderElection.java:133)
	at java.lang.Thread.run(Thread.java:748)
Caused by: org.apache.ratis.thirdparty.io.grpc.StatusRuntimeException: UNAVAILABLE: io exception
	at org.apache.ratis.thirdparty.io.grpc.stub.ClientCalls.toStatusRuntimeException(ClientCalls.java:233)
	at org.apache.ratis.thirdparty.io.grpc.stub.ClientCalls.getUnchecked(ClientCalls.java:214)
	at org.apache.ratis.thirdparty.io.grpc.stub.ClientCalls.blockingUnaryCall(ClientCalls.java:139)
	at org.apache.ratis.proto.grpc.RaftServerProtocolServiceGrpc$RaftServerProtocolServiceBlockingStub.requestVote(RaftServerProtocolServiceGrpc.java:265)
	at org.apache.ratis.grpc.server.GrpcServerProtocolClient.requestVote(GrpcServerProtocolClient.java:99)
	at org.apache.ratis.grpc.server.GrpcService.requestVote(GrpcService.java:204)
	at org.apache.ratis.server.impl.LeaderElection.lambda$submitRequests$1(LeaderElection.java:234)
	at java.util.concurrent.FutureTask.run(FutureTask.java:266)
	at java.util.concurrent.Executors$RunnableAdapter.call(Executors.java:511)
	at java.util.concurrent.FutureTask.run(FutureTask.java:266)
	at java.util.concurrent.ThreadPoolExecutor.runWorker(ThreadPoolExecutor.java:1149)
	at java.util.concurrent.ThreadPoolExecutor$Worker.run(ThreadPoolExecutor.java:624)
	... 1 more
Caused by: org.apache.ratis.thirdparty.io.netty.channel.AbstractChannel$AnnotatedConnectException: Connection refused: /192.168.69.90:35390
	at sun.nio.ch.SocketChannelImpl.checkConnect(Native Method)
	at sun.nio.ch.SocketChannelImpl.finishConnect(SocketChannelImpl.java:717)
	at org.apache.ratis.thirdparty.io.netty.channel.socket.nio.NioSocketChannel.doFinishConnect(NioSocketChannel.java:327)
	at org.apache.ratis.thirdparty.io.netty.channel.nio.AbstractNioChannel$AbstractNioUnsafe.finishConnect(AbstractNioChannel.java:340)
	at org.apache.ratis.thirdparty.io.netty.channel.nio.NioEventLoop.processSelectedKey(NioEventLoop.java:632)
	at org.apache.ratis.thirdparty.io.netty.channel.nio.NioEventLoop.processSelectedKeysOptimized(NioEventLoop.java:579)
	at org.apache.ratis.thirdparty.io.netty.channel.nio.NioEventLoop.processSelectedKeys(NioEventLoop.java:496)
	at org.apache.ratis.thirdparty.io.netty.channel.nio.NioEventLoop.run(NioEventLoop.java:458)
	at org.apache.ratis.thirdparty.io.netty.util.concurrent.SingleThreadEventExecutor$5.run(SingleThreadEventExecutor.java:897)
	at org.apache.ratis.thirdparty.io.netty.util.concurrent.FastThreadLocalRunnable.run(FastThreadLocalRunnable.java:30)
	... 1 more
Caused by: java.net.ConnectException: Connection refused
	... 11 more
2019-10-16 17:21:11,691 [6c17ba67-9052-48ab-b55c-e326bb81c936@group-8363CBFC2677-LeaderElection51] INFO  impl.LeaderElection (LogUtils.java:infoOrTrace(149)) -   Exception 1: {}
java.util.concurrent.ExecutionException: org.apache.ratis.thirdparty.io.grpc.StatusRuntimeException: UNAVAILABLE: io exception
	at java.util.concurrent.FutureTask.report(FutureTask.java:122)
	at java.util.concurrent.FutureTask.get(FutureTask.java:192)
	at org.apache.ratis.server.impl.LeaderElection.waitForResults(LeaderElection.java:259)
	at org.apache.ratis.server.impl.LeaderElection.askForVotes(LeaderElection.java:197)
	at org.apache.ratis.server.impl.LeaderElection.run(LeaderElection.java:133)
	at java.lang.Thread.run(Thread.java:748)
Caused by: org.apache.ratis.thirdparty.io.grpc.StatusRuntimeException: UNAVAILABLE: io exception
	at org.apache.ratis.thirdparty.io.grpc.stub.ClientCalls.toStatusRuntimeException(ClientCalls.java:233)
	at org.apache.ratis.thirdparty.io.grpc.stub.ClientCalls.getUnchecked(ClientCalls.java:214)
	at org.apache.ratis.thirdparty.io.grpc.stub.ClientCalls.blockingUnaryCall(ClientCalls.java:139)
	at org.apache.ratis.proto.grpc.RaftServerProtocolServiceGrpc$RaftServerProtocolServiceBlockingStub.requestVote(RaftServerProtocolServiceGrpc.java:265)
	at org.apache.ratis.grpc.server.GrpcServerProtocolClient.requestVote(GrpcServerProtocolClient.java:99)
	at org.apache.ratis.grpc.server.GrpcService.requestVote(GrpcService.java:204)
	at org.apache.ratis.server.impl.LeaderElection.lambda$submitRequests$1(LeaderElection.java:234)
	at java.util.concurrent.FutureTask.run(FutureTask.java:266)
	at java.util.concurrent.Executors$RunnableAdapter.call(Executors.java:511)
	at java.util.concurrent.FutureTask.run(FutureTask.java:266)
	at java.util.concurrent.ThreadPoolExecutor.runWorker(ThreadPoolExecutor.java:1149)
	at java.util.concurrent.ThreadPoolExecutor$Worker.run(ThreadPoolExecutor.java:624)
	... 1 more
Caused by: org.apache.ratis.thirdparty.io.netty.channel.AbstractChannel$AnnotatedConnectException: Connection refused: /192.168.69.90:45999
	at sun.nio.ch.SocketChannelImpl.checkConnect(Native Method)
	at sun.nio.ch.SocketChannelImpl.finishConnect(SocketChannelImpl.java:717)
	at org.apache.ratis.thirdparty.io.netty.channel.socket.nio.NioSocketChannel.doFinishConnect(NioSocketChannel.java:327)
	at org.apache.ratis.thirdparty.io.netty.channel.nio.AbstractNioChannel$AbstractNioUnsafe.finishConnect(AbstractNioChannel.java:340)
	at org.apache.ratis.thirdparty.io.netty.channel.nio.NioEventLoop.processSelectedKey(NioEventLoop.java:632)
	at org.apache.ratis.thirdparty.io.netty.channel.nio.NioEventLoop.processSelectedKeysOptimized(NioEventLoop.java:579)
	at org.apache.ratis.thirdparty.io.netty.channel.nio.NioEventLoop.processSelectedKeys(NioEventLoop.java:496)
	at org.apache.ratis.thirdparty.io.netty.channel.nio.NioEventLoop.run(NioEventLoop.java:458)
	at org.apache.ratis.thirdparty.io.netty.util.concurrent.SingleThreadEventExecutor$5.run(SingleThreadEventExecutor.java:897)
	at org.apache.ratis.thirdparty.io.netty.util.concurrent.FastThreadLocalRunnable.run(FastThreadLocalRunnable.java:30)
	... 1 more
Caused by: java.net.ConnectException: Connection refused
	... 11 more
2019-10-16 17:21:11,690 [6c17ba67-9052-48ab-b55c-e326bb81c936@group-EDF3B1B09235-LeaderElection50] INFO  impl.LeaderElection (LogUtils.java:infoOrTrace(149)) -   Exception 0: {}
java.util.concurrent.ExecutionException: org.apache.ratis.thirdparty.io.grpc.StatusRuntimeException: UNAVAILABLE: io exception
	at java.util.concurrent.FutureTask.report(FutureTask.java:122)
	at java.util.concurrent.FutureTask.get(FutureTask.java:192)
	at org.apache.ratis.server.impl.LeaderElection.waitForResults(LeaderElection.java:259)
	at org.apache.ratis.server.impl.LeaderElection.askForVotes(LeaderElection.java:197)
	at org.apache.ratis.server.impl.LeaderElection.run(LeaderElection.java:133)
	at java.lang.Thread.run(Thread.java:748)
Caused by: org.apache.ratis.thirdparty.io.grpc.StatusRuntimeException: UNAVAILABLE: io exception
	at org.apache.ratis.thirdparty.io.grpc.stub.ClientCalls.toStatusRuntimeException(ClientCalls.java:233)
	at org.apache.ratis.thirdparty.io.grpc.stub.ClientCalls.getUnchecked(ClientCalls.java:214)
	at org.apache.ratis.thirdparty.io.grpc.stub.ClientCalls.blockingUnaryCall(ClientCalls.java:139)
	at org.apache.ratis.proto.grpc.RaftServerProtocolServiceGrpc$RaftServerProtocolServiceBlockingStub.requestVote(RaftServerProtocolServiceGrpc.java:265)
	at org.apache.ratis.grpc.server.GrpcServerProtocolClient.requestVote(GrpcServerProtocolClient.java:99)
	at org.apache.ratis.grpc.server.GrpcService.requestVote(GrpcService.java:204)
	at org.apache.ratis.server.impl.LeaderElection.lambda$submitRequests$1(LeaderElection.java:234)
	at java.util.concurrent.FutureTask.run(FutureTask.java:266)
	at java.util.concurrent.Executors$RunnableAdapter.call(Executors.java:511)
	at java.util.concurrent.FutureTask.run(FutureTask.java:266)
	at java.util.concurrent.ThreadPoolExecutor.runWorker(ThreadPoolExecutor.java:1149)
	at java.util.concurrent.ThreadPoolExecutor$Worker.run(ThreadPoolExecutor.java:624)
	... 1 more
Caused by: org.apache.ratis.thirdparty.io.netty.channel.AbstractChannel$AnnotatedConnectException: Connection refused: /192.168.69.90:35390
	at sun.nio.ch.SocketChannelImpl.checkConnect(Native Method)
	at sun.nio.ch.SocketChannelImpl.finishConnect(SocketChannelImpl.java:717)
	at org.apache.ratis.thirdparty.io.netty.channel.socket.nio.NioSocketChannel.doFinishConnect(NioSocketChannel.java:327)
	at org.apache.ratis.thirdparty.io.netty.channel.nio.AbstractNioChannel$AbstractNioUnsafe.finishConnect(AbstractNioChannel.java:340)
	at org.apache.ratis.thirdparty.io.netty.channel.nio.NioEventLoop.processSelectedKey(NioEventLoop.java:632)
	at org.apache.ratis.thirdparty.io.netty.channel.nio.NioEventLoop.processSelectedKeysOptimized(NioEventLoop.java:579)
	at org.apache.ratis.thirdparty.io.netty.channel.nio.NioEventLoop.processSelectedKeys(NioEventLoop.java:496)
	at org.apache.ratis.thirdparty.io.netty.channel.nio.NioEventLoop.run(NioEventLoop.java:458)
	at org.apache.ratis.thirdparty.io.netty.util.concurrent.SingleThreadEventExecutor$5.run(SingleThreadEventExecutor.java:897)
	at org.apache.ratis.thirdparty.io.netty.util.concurrent.FastThreadLocalRunnable.run(FastThreadLocalRunnable.java:30)
	... 1 more
Caused by: java.net.ConnectException: Connection refused
	... 11 more
2019-10-16 17:21:11,692 [6c17ba67-9052-48ab-b55c-e326bb81c936@group-EDF3B1B09235-LeaderElection50] INFO  impl.LeaderElection (LogUtils.java:infoOrTrace(149)) -   Exception 1: {}
java.util.concurrent.ExecutionException: org.apache.ratis.thirdparty.io.grpc.StatusRuntimeException: UNAVAILABLE: io exception
	at java.util.concurrent.FutureTask.report(FutureTask.java:122)
	at java.util.concurrent.FutureTask.get(FutureTask.java:192)
	at org.apache.ratis.server.impl.LeaderElection.waitForResults(LeaderElection.java:259)
	at org.apache.ratis.server.impl.LeaderElection.askForVotes(LeaderElection.java:197)
	at org.apache.ratis.server.impl.LeaderElection.run(LeaderElection.java:133)
	at java.lang.Thread.run(Thread.java:748)
Caused by: org.apache.ratis.thirdparty.io.grpc.StatusRuntimeException: UNAVAILABLE: io exception
	at org.apache.ratis.thirdparty.io.grpc.stub.ClientCalls.toStatusRuntimeException(ClientCalls.java:233)
	at org.apache.ratis.thirdparty.io.grpc.stub.ClientCalls.getUnchecked(ClientCalls.java:214)
	at org.apache.ratis.thirdparty.io.grpc.stub.ClientCalls.blockingUnaryCall(ClientCalls.java:139)
	at org.apache.ratis.proto.grpc.RaftServerProtocolServiceGrpc$RaftServerProtocolServiceBlockingStub.requestVote(RaftServerProtocolServiceGrpc.java:265)
	at org.apache.ratis.grpc.server.GrpcServerProtocolClient.requestVote(GrpcServerProtocolClient.java:99)
	at org.apache.ratis.grpc.server.GrpcService.requestVote(GrpcService.java:204)
	at org.apache.ratis.server.impl.LeaderElection.lambda$submitRequests$1(LeaderElection.java:234)
	at java.util.concurrent.FutureTask.run(FutureTask.java:266)
	at java.util.concurrent.Executors$RunnableAdapter.call(Executors.java:511)
	at java.util.concurrent.FutureTask.run(FutureTask.java:266)
	at java.util.concurrent.ThreadPoolExecutor.runWorker(ThreadPoolExecutor.java:1149)
	at java.util.concurrent.ThreadPoolExecutor$Worker.run(ThreadPoolExecutor.java:624)
	... 1 more
Caused by: org.apache.ratis.thirdparty.io.netty.channel.AbstractChannel$AnnotatedConnectException: Connection refused: /192.168.69.90:45999
	at sun.nio.ch.SocketChannelImpl.checkConnect(Native Method)
	at sun.nio.ch.SocketChannelImpl.finishConnect(SocketChannelImpl.java:717)
	at org.apache.ratis.thirdparty.io.netty.channel.socket.nio.NioSocketChannel.doFinishConnect(NioSocketChannel.java:327)
	at org.apache.ratis.thirdparty.io.netty.channel.nio.AbstractNioChannel$AbstractNioUnsafe.finishConnect(AbstractNioChannel.java:340)
	at org.apache.ratis.thirdparty.io.netty.channel.nio.NioEventLoop.processSelectedKey(NioEventLoop.java:632)
	at org.apache.ratis.thirdparty.io.netty.channel.nio.NioEventLoop.processSelectedKeysOptimized(NioEventLoop.java:579)
	at org.apache.ratis.thirdparty.io.netty.channel.nio.NioEventLoop.processSelectedKeys(NioEventLoop.java:496)
	at org.apache.ratis.thirdparty.io.netty.channel.nio.NioEventLoop.run(NioEventLoop.java:458)
	at org.apache.ratis.thirdparty.io.netty.util.concurrent.SingleThreadEventExecutor$5.run(SingleThreadEventExecutor.java:897)
	at org.apache.ratis.thirdparty.io.netty.util.concurrent.FastThreadLocalRunnable.run(FastThreadLocalRunnable.java:30)
	... 1 more
Caused by: java.net.ConnectException: Connection refused
	... 11 more
2019-10-16 17:21:11,692 [6c17ba67-9052-48ab-b55c-e326bb81c936@group-8363CBFC2677-LeaderElection51] INFO  impl.RaftServerImpl (RaftServerImpl.java:setRole(170)) - 6c17ba67-9052-48ab-b55c-e326bb81c936@group-8363CBFC2677: changes role from CANDIDATE to FOLLOWER at term 6 for DISCOVERED_A_NEW_TERM
2019-10-16 17:21:11,692 [6c17ba67-9052-48ab-b55c-e326bb81c936@group-EDF3B1B09235-LeaderElection50] INFO  impl.RaftServerImpl (RaftServerImpl.java:setRole(170)) - 6c17ba67-9052-48ab-b55c-e326bb81c936@group-EDF3B1B09235: changes role from CANDIDATE to FOLLOWER at term 6 for DISCOVERED_A_NEW_TERM
2019-10-16 17:21:11,692 [6c17ba67-9052-48ab-b55c-e326bb81c936@group-8363CBFC2677-LeaderElection51] INFO  impl.RoleInfo (RoleInfo.java:shutdownLeaderElection(134)) - 6c17ba67-9052-48ab-b55c-e326bb81c936: shutdown LeaderElection
2019-10-16 17:21:11,692 [6c17ba67-9052-48ab-b55c-e326bb81c936@group-EDF3B1B09235-LeaderElection50] INFO  impl.RoleInfo (RoleInfo.java:shutdownLeaderElection(134)) - 6c17ba67-9052-48ab-b55c-e326bb81c936: shutdown LeaderElection
2019-10-16 17:21:11,692 [6c17ba67-9052-48ab-b55c-e326bb81c936@group-8363CBFC2677-LeaderElection51] INFO  impl.RoleInfo (RoleInfo.java:updateAndGet(143)) - 6c17ba67-9052-48ab-b55c-e326bb81c936: start FollowerState
2019-10-16 17:21:11,692 [6c17ba67-9052-48ab-b55c-e326bb81c936@group-EDF3B1B09235-LeaderElection50] INFO  impl.RoleInfo (RoleInfo.java:updateAndGet(143)) - 6c17ba67-9052-48ab-b55c-e326bb81c936: start FollowerState
2019-10-16 17:21:11,824 [ForkJoinPool.commonPool-worker-1] INFO  ozoneimpl.OzoneContainer (OzoneContainer.java:stop(227)) - Attempting to stop container services.
2019-10-16 17:21:11,825 [ForkJoinPool.commonPool-worker-1] INFO  impl.RaftServerProxy (RaftServerProxy.java:lambda$close$4(314)) - 6c17ba67-9052-48ab-b55c-e326bb81c936: close
2019-10-16 17:21:11,825 [ForkJoinPool.commonPool-worker-1] INFO  impl.RaftServerImpl (RaftServerImpl.java:lambda$shutdown$3(247)) - 6c17ba67-9052-48ab-b55c-e326bb81c936@group-8363CBFC2677: shutdown
2019-10-16 17:21:11,825 [ForkJoinPool.commonPool-worker-1] INFO  util.JmxRegister (JmxRegister.java:unregister(73)) - Successfully un-registered JMX Bean with object name Ratis:service=RaftServer,group=group-8363CBFC2677,id=6c17ba67-9052-48ab-b55c-e326bb81c936
2019-10-16 17:21:11,825 [ForkJoinPool.commonPool-worker-1] INFO  impl.RoleInfo (RoleInfo.java:shutdownFollowerState(121)) - 6c17ba67-9052-48ab-b55c-e326bb81c936: shutdown FollowerState
2019-10-16 17:21:11,825 [ForkJoinPool.commonPool-worker-1] INFO  impl.StateMachineUpdater (StateMachineUpdater.java:stopAndJoin(136)) - 6c17ba67-9052-48ab-b55c-e326bb81c936@group-8363CBFC2677-StateMachineUpdater: set stopIndex = -1
2019-10-16 17:21:11,825 [Thread-1354] INFO  impl.FollowerState (FollowerState.java:run(117)) - 6c17ba67-9052-48ab-b55c-e326bb81c936@group-8363CBFC2677-FollowerState was interrupted: java.lang.InterruptedException: sleep interrupted
2019-10-16 17:21:11,827 [ForkJoinPool.commonPool-worker-1] INFO  impl.RaftServerImpl (ServerState.java:close(387)) - 6c17ba67-9052-48ab-b55c-e326bb81c936@group-8363CBFC2677: closes. applyIndex: -1
2019-10-16 17:21:11,827 [6c17ba67-9052-48ab-b55c-e326bb81c936@group-8363CBFC2677-SegmentedRaftLogWorker] INFO  segmented.SegmentedRaftLogWorker (SegmentedRaftLogWorker.java:run(316)) - 6c17ba67-9052-48ab-b55c-e326bb81c936@group-8363CBFC2677-SegmentedRaftLogWorker was interrupted, exiting. There are 0 tasks remaining in the queue.
2019-10-16 17:21:11,827 [ForkJoinPool.commonPool-worker-1] INFO  segmented.SegmentedRaftLogWorker (SegmentedRaftLogWorker.java:close(224)) - 6c17ba67-9052-48ab-b55c-e326bb81c936@group-8363CBFC2677-SegmentedRaftLogWorker close()
2019-10-16 17:21:11,828 [ForkJoinPool.commonPool-worker-1] INFO  impl.RaftServerImpl (RaftServerImpl.java:lambda$shutdown$3(247)) - 6c17ba67-9052-48ab-b55c-e326bb81c936@group-9F36FB305630: shutdown
2019-10-16 17:21:11,829 [ForkJoinPool.commonPool-worker-1] INFO  util.JmxRegister (JmxRegister.java:unregister(73)) - Successfully un-registered JMX Bean with object name Ratis:service=RaftServer,group=group-9F36FB305630,id=6c17ba67-9052-48ab-b55c-e326bb81c936
2019-10-16 17:21:11,829 [ForkJoinPool.commonPool-worker-1] INFO  impl.RoleInfo (RoleInfo.java:shutdownLeaderState(104)) - 6c17ba67-9052-48ab-b55c-e326bb81c936: shutdown LeaderState
2019-10-16 17:21:11,829 [ForkJoinPool.commonPool-worker-1] INFO  impl.PendingRequests (PendingRequests.java:sendNotLeaderResponses(202)) - 6c17ba67-9052-48ab-b55c-e326bb81c936@group-9F36FB305630-PendingRequests: sendNotLeaderResponses
2019-10-16 17:21:11,830 [ForkJoinPool.commonPool-worker-1] INFO  impl.StateMachineUpdater (StateMachineUpdater.java:stopAndJoin(136)) - 6c17ba67-9052-48ab-b55c-e326bb81c936@group-9F36FB305630-StateMachineUpdater: set stopIndex = 0
2019-10-16 17:21:11,830 [ForkJoinPool.commonPool-worker-1] INFO  impl.RaftServerImpl (ServerState.java:close(387)) - 6c17ba67-9052-48ab-b55c-e326bb81c936@group-9F36FB305630: closes. applyIndex: 0
2019-10-16 17:21:11,831 [6c17ba67-9052-48ab-b55c-e326bb81c936@group-9F36FB305630-SegmentedRaftLogWorker] INFO  segmented.SegmentedRaftLogWorker (SegmentedRaftLogWorker.java:run(316)) - 6c17ba67-9052-48ab-b55c-e326bb81c936@group-9F36FB305630-SegmentedRaftLogWorker was interrupted, exiting. There are 0 tasks remaining in the queue.
2019-10-16 17:21:11,832 [ForkJoinPool.commonPool-worker-1] INFO  segmented.SegmentedRaftLogWorker (SegmentedRaftLogWorker.java:close(224)) - 6c17ba67-9052-48ab-b55c-e326bb81c936@group-9F36FB305630-SegmentedRaftLogWorker close()
2019-10-16 17:21:11,834 [ForkJoinPool.commonPool-worker-1] INFO  impl.RaftServerImpl (RaftServerImpl.java:lambda$shutdown$3(247)) - 6c17ba67-9052-48ab-b55c-e326bb81c936@group-EDF3B1B09235: shutdown
2019-10-16 17:21:11,834 [ForkJoinPool.commonPool-worker-1] INFO  util.JmxRegister (JmxRegister.java:unregister(73)) - Successfully un-registered JMX Bean with object name Ratis:service=RaftServer,group=group-EDF3B1B09235,id=6c17ba67-9052-48ab-b55c-e326bb81c936
2019-10-16 17:21:11,834 [ForkJoinPool.commonPool-worker-1] INFO  impl.RoleInfo (RoleInfo.java:shutdownFollowerState(121)) - 6c17ba67-9052-48ab-b55c-e326bb81c936: shutdown FollowerState
2019-10-16 17:21:11,834 [ForkJoinPool.commonPool-worker-1] INFO  impl.StateMachineUpdater (StateMachineUpdater.java:stopAndJoin(136)) - 6c17ba67-9052-48ab-b55c-e326bb81c936@group-EDF3B1B09235-StateMachineUpdater: set stopIndex = -1
2019-10-16 17:21:11,834 [Thread-1355] INFO  impl.FollowerState (FollowerState.java:run(117)) - 6c17ba67-9052-48ab-b55c-e326bb81c936@group-EDF3B1B09235-FollowerState was interrupted: java.lang.InterruptedException: sleep interrupted
2019-10-16 17:21:11,834 [ForkJoinPool.commonPool-worker-1] INFO  impl.RaftServerImpl (ServerState.java:close(387)) - 6c17ba67-9052-48ab-b55c-e326bb81c936@group-EDF3B1B09235: closes. applyIndex: -1
2019-10-16 17:21:11,836 [6c17ba67-9052-48ab-b55c-e326bb81c936@group-EDF3B1B09235-SegmentedRaftLogWorker] INFO  segmented.SegmentedRaftLogWorker (SegmentedRaftLogWorker.java:run(316)) - 6c17ba67-9052-48ab-b55c-e326bb81c936@group-EDF3B1B09235-SegmentedRaftLogWorker was interrupted, exiting. There are 0 tasks remaining in the queue.
2019-10-16 17:21:11,836 [ForkJoinPool.commonPool-worker-1] INFO  segmented.SegmentedRaftLogWorker (SegmentedRaftLogWorker.java:close(224)) - 6c17ba67-9052-48ab-b55c-e326bb81c936@group-EDF3B1B09235-SegmentedRaftLogWorker close()
2019-10-16 17:21:11,837 [ForkJoinPool.commonPool-worker-1] INFO  impl.RaftServerImpl (RaftServerImpl.java:lambda$shutdown$3(247)) - 6c17ba67-9052-48ab-b55c-e326bb81c936@group-95D7A0F68A30: shutdown
2019-10-16 17:21:11,838 [ForkJoinPool.commonPool-worker-1] INFO  util.JmxRegister (JmxRegister.java:unregister(73)) - Successfully un-registered JMX Bean with object name Ratis:service=RaftServer,group=group-95D7A0F68A30,id=6c17ba67-9052-48ab-b55c-e326bb81c936
2019-10-16 17:21:11,838 [ForkJoinPool.commonPool-worker-1] INFO  impl.RoleInfo (RoleInfo.java:shutdownFollowerState(121)) - 6c17ba67-9052-48ab-b55c-e326bb81c936: shutdown FollowerState
2019-10-16 17:21:11,838 [ForkJoinPool.commonPool-worker-1] INFO  impl.StateMachineUpdater (StateMachineUpdater.java:stopAndJoin(136)) - 6c17ba67-9052-48ab-b55c-e326bb81c936@group-95D7A0F68A30-StateMachineUpdater: set stopIndex = -1
2019-10-16 17:21:11,838 [Thread-1353] INFO  impl.FollowerState (FollowerState.java:run(117)) - 6c17ba67-9052-48ab-b55c-e326bb81c936@group-95D7A0F68A30-FollowerState was interrupted: java.lang.InterruptedException: sleep interrupted
2019-10-16 17:21:11,838 [ForkJoinPool.commonPool-worker-1] INFO  impl.RaftServerImpl (ServerState.java:close(387)) - 6c17ba67-9052-48ab-b55c-e326bb81c936@group-95D7A0F68A30: closes. applyIndex: -1
2019-10-16 17:21:11,839 [6c17ba67-9052-48ab-b55c-e326bb81c936@group-95D7A0F68A30-SegmentedRaftLogWorker] INFO  segmented.SegmentedRaftLogWorker (SegmentedRaftLogWorker.java:run(316)) - 6c17ba67-9052-48ab-b55c-e326bb81c936@group-95D7A0F68A30-SegmentedRaftLogWorker was interrupted, exiting. There are 0 tasks remaining in the queue.
2019-10-16 17:21:11,839 [ForkJoinPool.commonPool-worker-1] INFO  segmented.SegmentedRaftLogWorker (SegmentedRaftLogWorker.java:close(224)) - 6c17ba67-9052-48ab-b55c-e326bb81c936@group-95D7A0F68A30-SegmentedRaftLogWorker close()
2019-10-16 17:21:11,841 [ForkJoinPool.commonPool-worker-1] INFO  server.GrpcService (GrpcService.java:closeImpl(164)) - 6c17ba67-9052-48ab-b55c-e326bb81c936: shutdown server with port 33518 now
2019-10-16 17:21:11,841 [ForkJoinPool.commonPool-worker-1] INFO  server.GrpcService (GrpcService.java:closeImpl(172)) - 6c17ba67-9052-48ab-b55c-e326bb81c936: shutdown server with port 33518 successfully
2019-10-16 17:21:11,843 [refreshUsed-/workdir/hadoop-ozone/integration-test/target/test-dir/MiniOzoneClusterImpl-d62837be-dbbf-4c13-a31e-440e50fcf132/datanode-0/data/containers] WARN  fs.CachingGetSpaceUsed (CachingGetSpaceUsed.java:run(183)) - Thread Interrupted waiting to refresh disk information: sleep interrupted
2019-10-16 17:21:11,860 [ForkJoinPool.commonPool-worker-1] INFO  utils.BackgroundService (BackgroundService.java:shutdown(151)) - Shutting down service BlockDeletingService
2019-10-16 17:21:11,863 [ForkJoinPool.commonPool-worker-1] INFO  statemachine.DatanodeStateMachine (DatanodeStateMachine.java:stopDaemon(395)) - Ozone container server stopped.
2019-10-16 17:21:11,865 [ForkJoinPool.commonPool-worker-1] INFO  handler.ContextHandler (ContextHandler.java:doStop(910)) - Stopped o.e.j.w.WebAppContext@111d5c97{/,null,UNAVAILABLE}{/hddsDatanode}
2019-10-16 17:21:11,865 [ForkJoinPool.commonPool-worker-1] INFO  server.AbstractConnector (AbstractConnector.java:doStop(318)) - Stopped ServerConnector@29c17c3d{HTTP/1.1,[http/1.1]}{0.0.0.0:0}
2019-10-16 17:21:11,866 [ForkJoinPool.commonPool-worker-1] INFO  handler.ContextHandler (ContextHandler.java:doStop(910)) - Stopped o.e.j.s.ServletContextHandler@4a92c6a9{/static,jar:file:/home/user/.m2/repository/org/apache/hadoop/hadoop-hdds-container-service/0.5.0-SNAPSHOT/hadoop-hdds-container-service-0.5.0-SNAPSHOT.jar!/webapps/static,UNAVAILABLE}
2019-10-16 17:21:11,866 [ForkJoinPool.commonPool-worker-1] INFO  handler.ContextHandler (ContextHandler.java:doStop(910)) - Stopped o.e.j.s.ServletContextHandler@21263314{/logs,file:///workdir/hadoop-ozone/integration-test/target/log,UNAVAILABLE}
2019-10-16 17:21:11,867 [main] INFO  ozone.MiniOzoneClusterImpl (MiniOzoneClusterImpl.java:stopSCM(392)) - Stopping the StorageContainerManager
2019-10-16 17:21:11,867 [main] INFO  server.StorageContainerManager (StorageContainerManager.java:stop(815)) - Stopping Replication Manager Service.
2019-10-16 17:21:11,867 [main] INFO  container.ReplicationManager (ReplicationManager.java:stop(203)) - Stopping Replication Monitor Thread.
2019-10-16 17:21:11,868 [main] INFO  server.StorageContainerManager (StorageContainerManager.java:stop(822)) - Stopping Lease Manager of the command watchers
2019-10-16 17:21:11,868 [main] INFO  server.StorageContainerManager (StorageContainerManager.java:stop(829)) - Stopping datanode service RPC server
2019-10-16 17:21:11,868 [main] INFO  server.SCMDatanodeProtocolServer (SCMDatanodeProtocolServer.java:stop(346)) - Stopping the RPC server for DataNodes
2019-10-16 17:21:11,868 [main] INFO  ipc.Server (Server.java:stop(3082)) - Stopping server on 37906
2019-10-16 17:21:11,870 [IPC Server listener on 37906] INFO  ipc.Server (Server.java:run(1185)) - Stopping IPC Server listener on 37906
2019-10-16 17:21:11,870 [IPC Server Responder] INFO  ipc.Server (Server.java:run(1319)) - Stopping IPC Server Responder
2019-10-16 17:21:11,926 [SCM Heartbeat Processing Thread - 0] WARN  node.NodeStateManager (NodeStateManager.java:scheduleNextHealthCheck(668)) - Current Thread is interrupted, shutting down HB processing thread for Node Manager.
2019-10-16 17:21:11,926 [main] INFO  server.StorageContainerManager (StorageContainerManager.java:stop(837)) - Stopping block service RPC server
2019-10-16 17:21:11,926 [main] INFO  server.SCMBlockProtocolServer (SCMBlockProtocolServer.java:stop(155)) - Stopping the RPC server for Block Protocol
2019-10-16 17:21:11,927 [main] INFO  ipc.Server (Server.java:stop(3082)) - Stopping server on 44954
2019-10-16 17:21:11,928 [IPC Server listener on 44954] INFO  ipc.Server (Server.java:run(1185)) - Stopping IPC Server listener on 44954
2019-10-16 17:21:11,928 [main] INFO  server.StorageContainerManager (StorageContainerManager.java:stop(844)) - Stopping the StorageContainerLocationProtocol RPC server
2019-10-16 17:21:11,928 [IPC Server Responder] INFO  ipc.Server (Server.java:run(1319)) - Stopping IPC Server Responder
2019-10-16 17:21:11,929 [main] INFO  server.SCMClientProtocolServer (SCMClientProtocolServer.java:stop(168)) - Stopping the RPC server for Client Protocol
2019-10-16 17:21:11,929 [main] INFO  ipc.Server (Server.java:stop(3082)) - Stopping server on 45523
2019-10-16 17:21:11,931 [IPC Server listener on 45523] INFO  ipc.Server (Server.java:run(1185)) - Stopping IPC Server listener on 45523
2019-10-16 17:21:11,931 [main] INFO  server.StorageContainerManager (StorageContainerManager.java:stop(851)) - Stopping Storage Container Manager HTTP server.
2019-10-16 17:21:11,931 [IPC Server Responder] INFO  ipc.Server (Server.java:run(1319)) - Stopping IPC Server Responder
2019-10-16 17:21:11,932 [main] INFO  handler.ContextHandler (ContextHandler.java:doStop(910)) - Stopped o.e.j.w.WebAppContext@67e25252{/,null,UNAVAILABLE}{/scm}
2019-10-16 17:21:11,933 [main] INFO  server.AbstractConnector (AbstractConnector.java:doStop(318)) - Stopped ServerConnector@58f4b31a{HTTP/1.1,[http/1.1]}{0.0.0.0:0}
2019-10-16 17:21:11,933 [main] INFO  handler.ContextHandler (ContextHandler.java:doStop(910)) - Stopped o.e.j.s.ServletContextHandler@45b15381{/static,file:///workdir/hadoop-ozone/integration-test/target/test-classes/webapps/static,UNAVAILABLE}
2019-10-16 17:21:11,933 [main] INFO  handler.ContextHandler (ContextHandler.java:doStop(910)) - Stopped o.e.j.s.ServletContextHandler@3ba348ca{/logs,file:///workdir/hadoop-ozone/integration-test/target/log,UNAVAILABLE}
2019-10-16 17:21:11,934 [main] INFO  server.StorageContainerManager (StorageContainerManager.java:stop(862)) - Stopping Block Manager Service.
2019-10-16 17:21:11,934 [main] INFO  utils.BackgroundService (BackgroundService.java:shutdown(151)) - Shutting down service SCMBlockDeletingService
2019-10-16 17:21:11,935 [main] INFO  utils.BackgroundService (BackgroundService.java:shutdown(151)) - Shutting down service SCMBlockDeletingService
2019-10-16 17:21:11,935 [main] INFO  server.StorageContainerManager (StorageContainerManager.java:stop(884)) - Stopping SCM Event Queue.
2019-10-16 17:21:12,373 [main] INFO  impl.MetricsSystemImpl (MetricsSystemImpl.java:stop(210)) - Stopping HddsDatanode metrics system...
2019-10-16 17:21:12,391 [main] INFO  impl.MetricsSystemImpl (MetricsSystemImpl.java:stop(216)) - HddsDatanode metrics system stopped.
]]></system-out>
  </testcase>
</testsuite>