<?xml version="1.0" encoding="UTF-8"?>
<testsuite xmlns:xsi="http://www.w3.org/2001/XMLSchema-instance" xsi:noNamespaceSchemaLocation="https://maven.apache.org/surefire/maven-surefire-plugin/xsd/surefire-test-report.xsd" name="org.apache.hadoop.ozone.client.rpc.TestDeleteWithSlowFollower" time="141.027" tests="1" errors="0" skipped="0" failures="1">
  <properties>
    <property name="awt.toolkit" value="sun.awt.X11.XToolkit"/>
    <property name="file.encoding.pkg" value="sun.io"/>
    <property name="java.specification.version" value="1.8"/>
    <property name="sun.cpu.isalist" value=""/>
    <property name="sun.jnu.encoding" value="ANSI_X3.4-1968"/>
    <property name="java.class.path" value="/workdir/hadoop-ozone/integration-test/target/test-classes:/workdir/hadoop-ozone/integration-test/target/classes:/home/user/.m2/repository/org/apache/hadoop/hadoop-ozone-common/0.5.0-SNAPSHOT/hadoop-ozone-common-0.5.0-SNAPSHOT.jar:/home/user/.m2/repository/org/apache/commons/commons-compress/1.4.1/commons-compress-1.4.1.jar:/home/user/.m2/repository/org/tukaani/xz/1.0/xz-1.0.jar:/home/user/.m2/repository/org/apache/hadoop/hadoop-common/3.2.0/hadoop-common-3.2.0.jar:/home/user/.m2/repository/org/apache/hadoop/hadoop-hdfs/3.2.0/hadoop-hdfs-3.2.0.jar:/home/user/.m2/repository/org/apache/hadoop/hadoop-hdfs-client/3.2.0/hadoop-hdfs-client-3.2.0.jar:/home/user/.m2/repository/com/fasterxml/jackson/core/jackson-annotations/2.9.9/jackson-annotations-2.9.9.jar:/home/user/.m2/repository/org/apache/hadoop/hadoop-hdds-common/0.5.0-SNAPSHOT/hadoop-hdds-common-0.5.0-SNAPSHOT.jar:/home/user/.m2/repository/javax/annotation/javax.annotation-api/1.2/javax.annotation-api-1.2.jar:/home/user/.m2/repository/org/apache/ratis/ratis-server/0.5.0-ced7dbf-SNAPSHOT/ratis-server-0.5.0-ced7dbf-SNAPSHOT.jar:/home/user/.m2/repository/org/apache/ratis/ratis-thirdparty-misc/0.2.0/ratis-thirdparty-misc-0.2.0.jar:/home/user/.m2/repository/org/apache/ratis/ratis-proto/0.5.0-ced7dbf-SNAPSHOT/ratis-proto-0.5.0-ced7dbf-SNAPSHOT.jar:/home/user/.m2/repository/org/apache/ratis/ratis-common/0.5.0-ced7dbf-SNAPSHOT/ratis-common-0.5.0-ced7dbf-SNAPSHOT.jar:/home/user/.m2/repository/org/apache/ratis/ratis-client/0.5.0-ced7dbf-SNAPSHOT/ratis-client-0.5.0-ced7dbf-SNAPSHOT.jar:/home/user/.m2/repository/org/apache/ratis/ratis-metrics/0.5.0-ced7dbf-SNAPSHOT/ratis-metrics-0.5.0-ced7dbf-SNAPSHOT.jar:/home/user/.m2/repository/org/apache/ratis/ratis-netty/0.5.0-ced7dbf-SNAPSHOT/ratis-netty-0.5.0-ced7dbf-SNAPSHOT.jar:/home/user/.m2/repository/org/apache/ratis/ratis-grpc/0.5.0-ced7dbf-SNAPSHOT/ratis-grpc-0.5.0-ced7dbf-SNAPSHOT.jar:/home/user/.m2/repository/org/rocksdb/rocksdbjni/6.0.1/rocksdbjni-6.0.1.jar:/home/user/.m2/repository/org/apache/logging/log4j/log4j-api/2.11.0/log4j-api-2.11.0.jar:/home/user/.m2/repository/org/apache/logging/log4j/log4j-core/2.11.0/log4j-core-2.11.0.jar:/home/user/.m2/repository/com/lmax/disruptor/3.4.2/disruptor-3.4.2.jar:/home/user/.m2/repository/org/apache/commons/commons-pool2/2.6.0/commons-pool2-2.6.0.jar:/home/user/.m2/repository/org/bouncycastle/bcpkix-jdk15on/1.60/bcpkix-jdk15on-1.60.jar:/home/user/.m2/repository/commons-validator/commons-validator/1.6/commons-validator-1.6.jar:/home/user/.m2/repository/commons-digester/commons-digester/1.8.1/commons-digester-1.8.1.jar:/home/user/.m2/repository/io/jaegertracing/jaeger-client/0.34.0/jaeger-client-0.34.0.jar:/home/user/.m2/repository/io/jaegertracing/jaeger-thrift/0.34.0/jaeger-thrift-0.34.0.jar:/home/user/.m2/repository/org/apache/thrift/libthrift/0.12.0/libthrift-0.12.0.jar:/home/user/.m2/repository/com/squareup/okhttp3/okhttp/3.9.0/okhttp-3.9.0.jar:/home/user/.m2/repository/com/squareup/okio/okio/1.13.0/okio-1.13.0.jar:/home/user/.m2/repository/io/jaegertracing/jaeger-core/0.34.0/jaeger-core-0.34.0.jar:/home/user/.m2/repository/io/jaegertracing/jaeger-tracerresolver/0.34.0/jaeger-tracerresolver-0.34.0.jar:/home/user/.m2/repository/io/opentracing/contrib/opentracing-tracerresolver/0.1.5/opentracing-tracerresolver-0.1.5.jar:/home/user/.m2/repository/io/opentracing/opentracing-util/0.31.0/opentracing-util-0.31.0.jar:/home/user/.m2/repository/io/opentracing/opentracing-api/0.31.0/opentracing-api-0.31.0.jar:/home/user/.m2/repository/io/opentracing/opentracing-noop/0.31.0/opentracing-noop-0.31.0.jar:/home/user/.m2/repository/org/apache/hadoop/hadoop-hdds-server-framework/0.5.0-SNAPSHOT/hadoop-hdds-server-framework-0.5.0-SNAPSHOT.jar:/home/user/.m2/repository/org/apache/hadoop/hadoop-hdds-container-service/0.5.0-SNAPSHOT/hadoop-hdds-container-service-0.5.0-SNAPSHOT.jar:/home/user/.m2/repository/org/apache/hadoop/hadoop-hdds-client/0.5.0-SNAPSHOT/hadoop-hdds-client-0.5.0-SNAPSHOT.jar:/home/user/.m2/repository/org/apache/hadoop/hadoop-hdds-tools/0.5.0-SNAPSHOT/hadoop-hdds-tools-0.5.0-SNAPSHOT.jar:/home/user/.m2/repository/org/apache/hadoop/hadoop-hdds-server-scm/0.5.0-SNAPSHOT/hadoop-hdds-server-scm-0.5.0-SNAPSHOT.jar:/home/user/.m2/repository/org/apache/hadoop/hadoop-hdds-docs/0.5.0-SNAPSHOT/hadoop-hdds-docs-0.5.0-SNAPSHOT.jar:/home/user/.m2/repository/io/dropwizard/metrics/metrics-core/3.2.4/metrics-core-3.2.4.jar:/home/user/.m2/repository/org/hamcrest/hamcrest-all/1.3/hamcrest-all-1.3.jar:/home/user/.m2/repository/org/bouncycastle/bcprov-jdk15on/1.60/bcprov-jdk15on-1.60.jar:/home/user/.m2/repository/info/picocli/picocli/3.9.6/picocli-3.9.6.jar:/home/user/.m2/repository/com/google/protobuf/protobuf-java/2.5.0/protobuf-java-2.5.0.jar:/home/user/.m2/repository/com/google/guava/guava/11.0.2/guava-11.0.2.jar:/home/user/.m2/repository/org/apache/hadoop/hadoop-ozone-ozone-manager/0.5.0-SNAPSHOT/hadoop-ozone-ozone-manager-0.5.0-SNAPSHOT.jar:/home/user/.m2/repository/org/apache/hadoop/hadoop-minikdc/3.2.0/hadoop-minikdc-3.2.0.jar:/home/user/.m2/repository/commons-io/commons-io/2.5/commons-io-2.5.jar:/home/user/.m2/repository/org/apache/kerby/kerb-simplekdc/1.0.1/kerb-simplekdc-1.0.1.jar:/home/user/.m2/repository/org/apache/kerby/kerb-client/1.0.1/kerb-client-1.0.1.jar:/home/user/.m2/repository/org/apache/kerby/kerby-config/1.0.1/kerby-config-1.0.1.jar:/home/user/.m2/repository/org/apache/kerby/kerb-core/1.0.1/kerb-core-1.0.1.jar:/home/user/.m2/repository/org/apache/kerby/kerby-pkix/1.0.1/kerby-pkix-1.0.1.jar:/home/user/.m2/repository/org/apache/kerby/kerby-asn1/1.0.1/kerby-asn1-1.0.1.jar:/home/user/.m2/repository/org/apache/kerby/kerby-util/1.0.1/kerby-util-1.0.1.jar:/home/user/.m2/repository/org/apache/kerby/kerb-common/1.0.1/kerb-common-1.0.1.jar:/home/user/.m2/repository/org/apache/kerby/kerb-crypto/1.0.1/kerb-crypto-1.0.1.jar:/home/user/.m2/repository/org/apache/kerby/kerb-util/1.0.1/kerb-util-1.0.1.jar:/home/user/.m2/repository/org/apache/kerby/token-provider/1.0.1/token-provider-1.0.1.jar:/home/user/.m2/repository/org/apache/kerby/kerb-admin/1.0.1/kerb-admin-1.0.1.jar:/home/user/.m2/repository/org/apache/kerby/kerb-server/1.0.1/kerb-server-1.0.1.jar:/home/user/.m2/repository/org/apache/kerby/kerb-identity/1.0.1/kerb-identity-1.0.1.jar:/home/user/.m2/repository/org/apache/kerby/kerby-xdr/1.0.1/kerby-xdr-1.0.1.jar:/home/user/.m2/repository/org/slf4j/slf4j-log4j12/1.7.25/slf4j-log4j12-1.7.25.jar:/home/user/.m2/repository/org/apache/hadoop/hadoop-ozone-s3gateway/0.5.0-SNAPSHOT/hadoop-ozone-s3gateway-0.5.0-SNAPSHOT.jar:/home/user/.m2/repository/org/jboss/weld/servlet/weld-servlet/2.4.7.Final/weld-servlet-2.4.7.Final.jar:/home/user/.m2/repository/org/glassfish/jersey/containers/jersey-container-servlet-core/2.27/jersey-container-servlet-core-2.27.jar:/home/user/.m2/repository/org/glassfish/hk2/external/javax.inject/2.5.0-b42/javax.inject-2.5.0-b42.jar:/home/user/.m2/repository/org/glassfish/jersey/core/jersey-common/2.27/jersey-common-2.27.jar:/home/user/.m2/repository/org/glassfish/hk2/osgi-resource-locator/1.0.1/osgi-resource-locator-1.0.1.jar:/home/user/.m2/repository/javax/ws/rs/javax.ws.rs-api/2.1/javax.ws.rs-api-2.1.jar:/home/user/.m2/repository/org/glassfish/jersey/ext/cdi/jersey-cdi1x/2.27/jersey-cdi1x-2.27.jar:/home/user/.m2/repository/org/glassfish/jersey/inject/jersey-hk2/2.27/jersey-hk2-2.27.jar:/home/user/.m2/repository/org/glassfish/hk2/hk2-locator/2.5.0-b42/hk2-locator-2.5.0-b42.jar:/home/user/.m2/repository/org/javassist/javassist/3.22.0-CR2/javassist-3.22.0-CR2.jar:/home/user/.m2/repository/org/glassfish/hk2/hk2-api/2.5.0/hk2-api-2.5.0.jar:/home/user/.m2/repository/org/glassfish/hk2/external/jakarta.inject/2.5.0/jakarta.inject-2.5.0.jar:/home/user/.m2/repository/org/glassfish/hk2/hk2-utils/2.5.0/hk2-utils-2.5.0.jar:/home/user/.m2/repository/jakarta/annotation/jakarta.annotation-api/1.3.4/jakarta.annotation-api-1.3.4.jar:/home/user/.m2/repository/org/glassfish/hk2/external/aopalliance-repackaged/2.5.0/aopalliance-repackaged-2.5.0.jar:/home/user/.m2/repository/com/fasterxml/jackson/dataformat/jackson-dataformat-xml/2.9.0/jackson-dataformat-xml-2.9.0.jar:/home/user/.m2/repository/com/fasterxml/jackson/core/jackson-core/2.9.9/jackson-core-2.9.9.jar:/home/user/.m2/repository/com/fasterxml/jackson/module/jackson-module-jaxb-annotations/2.9.9/jackson-module-jaxb-annotations-2.9.9.jar:/home/user/.m2/repository/javax/enterprise/cdi-api/1.2/cdi-api-1.2.jar:/home/user/.m2/repository/javax/el/javax.el-api/3.0.0/javax.el-api-3.0.0.jar:/home/user/.m2/repository/javax/interceptor/javax.interceptor-api/1.2/javax.interceptor-api-1.2.jar:/home/user/.m2/repository/javax/inject/javax.inject/1/javax.inject-1.jar:/home/user/.m2/repository/com/sun/xml/bind/jaxb-impl/2.3.0.1/jaxb-impl-2.3.0.1.jar:/home/user/.m2/repository/com/sun/xml/bind/jaxb-core/2.3.0.1/jaxb-core-2.3.0.1.jar:/home/user/.m2/repository/javax/xml/bind/jaxb-api/2.3.0/jaxb-api-2.3.0.jar:/home/user/.m2/repository/javax/activation/activation/1.1.1/activation-1.1.1.jar:/home/user/.m2/repository/org/apache/hadoop/hadoop-ozone-csi/0.5.0-SNAPSHOT/hadoop-ozone-csi-0.5.0-SNAPSHOT.jar:/home/user/.m2/repository/com/google/protobuf/protobuf-java-util/3.5.1/protobuf-java-util-3.5.1.jar:/home/user/.m2/repository/org/apache/hadoop/hadoop-hdds-config/0.5.0-SNAPSHOT/hadoop-hdds-config-0.5.0-SNAPSHOT.jar:/home/user/.m2/repository/io/grpc/grpc-netty/1.17.1/grpc-netty-1.17.1.jar:/home/user/.m2/repository/io/grpc/grpc-core/1.17.1/grpc-core-1.17.1.jar:/home/user/.m2/repository/io/grpc/grpc-context/1.17.1/grpc-context-1.17.1.jar:/home/user/.m2/repository/com/google/errorprone/error_prone_annotations/2.2.0/error_prone_annotations-2.2.0.jar:/home/user/.m2/repository/org/codehaus/mojo/animal-sniffer-annotations/1.17/animal-sniffer-annotations-1.17.jar:/home/user/.m2/repository/io/opencensus/opencensus-api/0.17.0/opencensus-api-0.17.0.jar:/home/user/.m2/repository/io/opencensus/opencensus-contrib-grpc-metrics/0.17.0/opencensus-contrib-grpc-metrics-0.17.0.jar:/home/user/.m2/repository/io/netty/netty-codec-http2/4.1.30.Final/netty-codec-http2-4.1.30.Final.jar:/home/user/.m2/repository/io/netty/netty-codec-http/4.1.30.Final/netty-codec-http-4.1.30.Final.jar:/home/user/.m2/repository/io/netty/netty-codec/4.1.30.Final/netty-codec-4.1.30.Final.jar:/home/user/.m2/repository/io/netty/netty-handler/4.1.30.Final/netty-handler-4.1.30.Final.jar:/home/user/.m2/repository/io/netty/netty-handler-proxy/4.1.30.Final/netty-handler-proxy-4.1.30.Final.jar:/home/user/.m2/repository/io/netty/netty-codec-socks/4.1.30.Final/netty-codec-socks-4.1.30.Final.jar:/home/user/.m2/repository/io/netty/netty-transport-native-epoll/4.1.30.Final/netty-transport-native-epoll-4.1.30.Final.jar:/home/user/.m2/repository/io/netty/netty-common/4.1.30.Final/netty-common-4.1.30.Final.jar:/home/user/.m2/repository/io/netty/netty-buffer/4.1.30.Final/netty-buffer-4.1.30.Final.jar:/home/user/.m2/repository/io/netty/netty-transport/4.1.30.Final/netty-transport-4.1.30.Final.jar:/home/user/.m2/repository/io/netty/netty-resolver/4.1.30.Final/netty-resolver-4.1.30.Final.jar:/home/user/.m2/repository/io/netty/netty-transport-native-unix-common/4.1.30.Final/netty-transport-native-unix-common-4.1.30.Final.jar:/home/user/.m2/repository/io/grpc/grpc-protobuf/1.17.1/grpc-protobuf-1.17.1.jar:/home/user/.m2/repository/com/google/api/grpc/proto-google-common-protos/1.0.0/proto-google-common-protos-1.0.0.jar:/home/user/.m2/repository/io/grpc/grpc-protobuf-lite/1.17.1/grpc-protobuf-lite-1.17.1.jar:/home/user/.m2/repository/io/grpc/grpc-stub/1.17.1/grpc-stub-1.17.1.jar:/home/user/.m2/repository/org/apache/hadoop/hadoop-ozone-recon/0.5.0-SNAPSHOT/hadoop-ozone-recon-0.5.0-SNAPSHOT.jar:/home/user/.m2/repository/org/apache/hadoop/hadoop-ozone-reconcodegen/0.5.0-SNAPSHOT/hadoop-ozone-reconcodegen-0.5.0-SNAPSHOT.jar:/home/user/.m2/repository/com/google/inject/extensions/guice-multibindings/4.0/guice-multibindings-4.0.jar:/home/user/.m2/repository/com/google/inject/guice/4.0/guice-4.0.jar:/home/user/.m2/repository/aopalliance/aopalliance/1.0/aopalliance-1.0.jar:/home/user/.m2/repository/com/google/inject/extensions/guice-servlet/4.0/guice-servlet-4.0.jar:/home/user/.m2/repository/org/glassfish/jersey/containers/jersey-container-servlet/2.27/jersey-container-servlet-2.27.jar:/home/user/.m2/repository/org/glassfish/hk2/guice-bridge/2.5.0/guice-bridge-2.5.0.jar:/home/user/.m2/repository/org/glassfish/jersey/core/jersey-server/2.27/jersey-server-2.27.jar:/home/user/.m2/repository/org/glassfish/jersey/core/jersey-client/2.27/jersey-client-2.27.jar:/home/user/.m2/repository/org/glassfish/jersey/media/jersey-media-jaxb/2.27/jersey-media-jaxb-2.27.jar:/home/user/.m2/repository/javax/validation/validation-api/1.1.0.Final/validation-api-1.1.0.Final.jar:/home/user/.m2/repository/org/glassfish/jersey/media/jersey-media-json-jackson/2.27/jersey-media-json-jackson-2.27.jar:/home/user/.m2/repository/org/glassfish/jersey/ext/jersey-entity-filtering/2.27/jersey-entity-filtering-2.27.jar:/home/user/.m2/repository/com/google/inject/extensions/guice-assistedinject/4.0/guice-assistedinject-4.0.jar:/home/user/.m2/repository/org/jooq/jooq/3.11.10/jooq-3.11.10.jar:/home/user/.m2/repository/org/jooq/jooq-meta/3.11.10/jooq-meta-3.11.10.jar:/home/user/.m2/repository/org/jooq/jooq-codegen/3.11.10/jooq-codegen-3.11.10.jar:/home/user/.m2/repository/com/jolbox/bonecp/0.8.0.RELEASE/bonecp-0.8.0.RELEASE.jar:/home/user/.m2/repository/org/xerial/sqlite-jdbc/3.25.2/sqlite-jdbc-3.25.2.jar:/home/user/.m2/repository/org/springframework/spring-jdbc/5.1.3.RELEASE/spring-jdbc-5.1.3.RELEASE.jar:/home/user/.m2/repository/org/springframework/spring-beans/5.1.3.RELEASE/spring-beans-5.1.3.RELEASE.jar:/home/user/.m2/repository/org/springframework/spring-core/5.1.3.RELEASE/spring-core-5.1.3.RELEASE.jar:/home/user/.m2/repository/org/springframework/spring-jcl/5.1.3.RELEASE/spring-jcl-5.1.3.RELEASE.jar:/home/user/.m2/repository/org/springframework/spring-tx/5.1.3.RELEASE/spring-tx-5.1.3.RELEASE.jar:/home/user/.m2/repository/org/apache/hadoop/hadoop-ozone-client/0.5.0-SNAPSHOT/hadoop-ozone-client-0.5.0-SNAPSHOT.jar:/home/user/.m2/repository/commons-lang/commons-lang/2.6/commons-lang-2.6.jar:/home/user/.m2/repository/org/apache/hadoop/hadoop-ozone-ozone-manager/0.5.0-SNAPSHOT/hadoop-ozone-ozone-manager-0.5.0-SNAPSHOT-tests.jar:/home/user/.m2/repository/junit/junit/4.11/junit-4.11.jar:/home/user/.m2/repository/org/hamcrest/hamcrest-core/1.3/hamcrest-core-1.3.jar:/home/user/.m2/repository/org/openjdk/jmh/jmh-core/1.19/jmh-core-1.19.jar:/home/user/.m2/repository/net/sf/jopt-simple/jopt-simple/4.6/jopt-simple-4.6.jar:/home/user/.m2/repository/org/apache/commons/commons-math3/3.1.1/commons-math3-3.1.1.jar:/home/user/.m2/repository/org/openjdk/jmh/jmh-generator-annprocess/1.19/jmh-generator-annprocess-1.19.jar:/home/user/.m2/repository/org/mockito/mockito-all/1.8.5/mockito-all-1.8.5.jar:/home/user/.m2/repository/org/apache/hadoop/hadoop-kms/3.2.0/hadoop-kms-3.2.0.jar:/home/user/.m2/repository/org/apache/hadoop/hadoop-auth/3.2.0/hadoop-auth-3.2.0.jar:/home/user/.m2/repository/com/nimbusds/nimbus-jose-jwt/4.41.1/nimbus-jose-jwt-4.41.1.jar:/home/user/.m2/repository/com/github/stephenc/jcip/jcip-annotations/1.0-1/jcip-annotations-1.0-1.jar:/home/user/.m2/repository/net/minidev/json-smart/2.3/json-smart-2.3.jar:/home/user/.m2/repository/net/minidev/accessors-smart/1.2/accessors-smart-1.2.jar:/home/user/.m2/repository/org/ow2/asm/asm/5.0.4/asm-5.0.4.jar:/home/user/.m2/repository/org/apache/curator/curator-framework/2.12.0/curator-framework-2.12.0.jar:/home/user/.m2/repository/com/sun/jersey/jersey-core/1.19/jersey-core-1.19.jar:/home/user/.m2/repository/javax/ws/rs/jsr311-api/1.1.1/jsr311-api-1.1.1.jar:/home/user/.m2/repository/com/sun/jersey/jersey-server/1.19/jersey-server-1.19.jar:/home/user/.m2/repository/javax/servlet/javax.servlet-api/3.1.0/javax.servlet-api-3.1.0.jar:/home/user/.m2/repository/org/eclipse/jetty/jetty-server/9.3.25.v20180904/jetty-server-9.3.25.v20180904.jar:/home/user/.m2/repository/org/eclipse/jetty/jetty-http/9.3.25.v20180904/jetty-http-9.3.25.v20180904.jar:/home/user/.m2/repository/org/eclipse/jetty/jetty-io/9.3.25.v20180904/jetty-io-9.3.25.v20180904.jar:/home/user/.m2/repository/org/eclipse/jetty/jetty-webapp/9.3.25.v20180904/jetty-webapp-9.3.25.v20180904.jar:/home/user/.m2/repository/org/eclipse/jetty/jetty-xml/9.3.25.v20180904/jetty-xml-9.3.25.v20180904.jar:/home/user/.m2/repository/log4j/log4j/1.2.17/log4j-1.2.17.jar:/home/user/.m2/repository/org/slf4j/slf4j-api/1.7.25/slf4j-api-1.7.25.jar:/home/user/.m2/repository/org/slf4j/jul-to-slf4j/1.7.25/jul-to-slf4j-1.7.25.jar:/home/user/.m2/repository/org/eclipse/jetty/jetty-util/9.3.25.v20180904/jetty-util-9.3.25.v20180904.jar:/home/user/.m2/repository/com/fasterxml/jackson/core/jackson-databind/2.9.9/jackson-databind-2.9.9.jar:/home/user/.m2/repository/org/apache/hadoop/hadoop-kms/3.2.0/hadoop-kms-3.2.0-tests.jar:/home/user/.m2/repository/org/apache/hadoop/hadoop-hdds-server-scm/0.5.0-SNAPSHOT/hadoop-hdds-server-scm-0.5.0-SNAPSHOT-tests.jar:/home/user/.m2/repository/org/apache/hadoop/hadoop-hdds-container-service/0.5.0-SNAPSHOT/hadoop-hdds-container-service-0.5.0-SNAPSHOT-tests.jar:/home/user/.m2/repository/org/yaml/snakeyaml/1.16/snakeyaml-1.16.jar:/home/user/.m2/repository/org/apache/hadoop/hadoop-common/3.2.0/hadoop-common-3.2.0-tests.jar:/home/user/.m2/repository/org/apache/hadoop/hadoop-annotations/3.2.0/hadoop-annotations-3.2.0.jar:/usr/lib/jvm/java-1.8.0-openjdk-1.8.0.222.b10-1.el7_7.x86_64/jre/../lib/tools.jar:/home/user/.m2/repository/commons-cli/commons-cli/1.2/commons-cli-1.2.jar:/home/user/.m2/repository/org/apache/httpcomponents/httpclient/4.5.2/httpclient-4.5.2.jar:/home/user/.m2/repository/org/apache/httpcomponents/httpcore/4.4.4/httpcore-4.4.4.jar:/home/user/.m2/repository/commons-codec/commons-codec/1.11/commons-codec-1.11.jar:/home/user/.m2/repository/commons-net/commons-net/3.6/commons-net-3.6.jar:/home/user/.m2/repository/commons-collections/commons-collections/3.2.2/commons-collections-3.2.2.jar:/home/user/.m2/repository/org/eclipse/jetty/jetty-servlet/9.3.25.v20180904/jetty-servlet-9.3.25.v20180904.jar:/home/user/.m2/repository/org/eclipse/jetty/jetty-security/9.3.25.v20180904/jetty-security-9.3.25.v20180904.jar:/home/user/.m2/repository/javax/servlet/jsp/jsp-api/2.1/jsp-api-2.1.jar:/home/user/.m2/repository/com/sun/jersey/jersey-servlet/1.19/jersey-servlet-1.19.jar:/home/user/.m2/repository/com/sun/jersey/jersey-json/1.19/jersey-json-1.19.jar:/home/user/.m2/repository/org/codehaus/jettison/jettison/1.1/jettison-1.1.jar:/home/user/.m2/repository/org/codehaus/jackson/jackson-core-asl/1.9.13/jackson-core-asl-1.9.13.jar:/home/user/.m2/repository/org/codehaus/jackson/jackson-mapper-asl/1.9.13/jackson-mapper-asl-1.9.13.jar:/home/user/.m2/repository/org/codehaus/jackson/jackson-jaxrs/1.9.13/jackson-jaxrs-1.9.13.jar:/home/user/.m2/repository/org/codehaus/jackson/jackson-xc/1.9.13/jackson-xc-1.9.13.jar:/home/user/.m2/repository/commons-logging/commons-logging/1.1.3/commons-logging-1.1.3.jar:/home/user/.m2/repository/commons-beanutils/commons-beanutils/1.9.4/commons-beanutils-1.9.4.jar:/home/user/.m2/repository/org/apache/commons/commons-configuration2/2.1.1/commons-configuration2-2.1.1.jar:/home/user/.m2/repository/org/apache/commons/commons-lang3/3.7/commons-lang3-3.7.jar:/home/user/.m2/repository/org/apache/commons/commons-text/1.4/commons-text-1.4.jar:/home/user/.m2/repository/org/apache/avro/avro/1.7.7/avro-1.7.7.jar:/home/user/.m2/repository/com/thoughtworks/paranamer/paranamer/2.3/paranamer-2.3.jar:/home/user/.m2/repository/org/xerial/snappy/snappy-java/1.0.5/snappy-java-1.0.5.jar:/home/user/.m2/repository/com/google/re2j/re2j/1.1/re2j-1.1.jar:/home/user/.m2/repository/com/google/code/gson/gson/2.2.4/gson-2.2.4.jar:/home/user/.m2/repository/com/jcraft/jsch/0.1.54/jsch-0.1.54.jar:/home/user/.m2/repository/org/apache/curator/curator-client/2.12.0/curator-client-2.12.0.jar:/home/user/.m2/repository/org/apache/curator/curator-recipes/2.12.0/curator-recipes-2.12.0.jar:/home/user/.m2/repository/com/google/code/findbugs/jsr305/3.0.0/jsr305-3.0.0.jar:/home/user/.m2/repository/org/apache/htrace/htrace-core4/4.1.0-incubating/htrace-core4-4.1.0-incubating.jar:/home/user/.m2/repository/org/apache/zookeeper/zookeeper/3.4.13/zookeeper-3.4.13.jar:/home/user/.m2/repository/jline/jline/0.9.94/jline-0.9.94.jar:/home/user/.m2/repository/org/apache/yetus/audience-annotations/0.5.0/audience-annotations-0.5.0.jar:/home/user/.m2/repository/org/codehaus/woodstox/stax2-api/3.1.4/stax2-api-3.1.4.jar:/home/user/.m2/repository/com/fasterxml/woodstox/woodstox-core/5.0.3/woodstox-core-5.0.3.jar:/home/user/.m2/repository/dnsjava/dnsjava/2.1.7/dnsjava-2.1.7.jar:/home/user/.m2/repository/org/apache/hadoop/hadoop-hdfs/3.2.0/hadoop-hdfs-3.2.0-tests.jar:/home/user/.m2/repository/org/eclipse/jetty/jetty-util-ajax/9.3.25.v20180904/jetty-util-ajax-9.3.25.v20180904.jar:/home/user/.m2/repository/commons-daemon/commons-daemon/1.0.13/commons-daemon-1.0.13.jar:/home/user/.m2/repository/io/netty/netty/3.10.5.Final/netty-3.10.5.Final.jar:/home/user/.m2/repository/io/netty/netty-all/4.0.52.Final/netty-all-4.0.52.Final.jar:/home/user/.m2/repository/org/fusesource/leveldbjni/leveldbjni-all/1.8/leveldbjni-all-1.8.jar:"/>
    <property name="java.vm.vendor" value="Oracle Corporation"/>
    <property name="sun.arch.data.model" value="64"/>
    <property name="test.build.dir" value="/workdir/hadoop-ozone/integration-test/target/test-dir"/>
    <property name="test.cache.data" value=""/>
    <property name="java.vendor.url" value="http://java.oracle.com/"/>
    <property name="user.timezone" value=""/>
    <property name="java.vm.specification.version" value="1.8"/>
    <property name="os.name" value="Linux"/>
    <property name="test.build.data" value="/workdir/hadoop-ozone/integration-test/target/test-dir"/>
    <property name="user.country" value="US"/>
    <property name="sun.java.launcher" value="SUN_STANDARD"/>
    <property name="sun.boot.library.path" value="/usr/lib/jvm/java-1.8.0-openjdk-1.8.0.222.b10-1.el7_7.x86_64/jre/lib/amd64"/>
    <property name="sun.java.command" value="/workdir/hadoop-ozone/integration-test/target/surefire/surefirebooter646161603787589526.jar /workdir/hadoop-ozone/integration-test/target/surefire 2019-10-21T08-15-38_664-jvmRun1 surefire2430955079109490547tmp surefire_267687844293486039216tmp"/>
    <property name="surefire.test.class.path" value="/workdir/hadoop-ozone/integration-test/target/test-classes:/workdir/hadoop-ozone/integration-test/target/classes:/home/user/.m2/repository/org/apache/hadoop/hadoop-ozone-common/0.5.0-SNAPSHOT/hadoop-ozone-common-0.5.0-SNAPSHOT.jar:/home/user/.m2/repository/org/apache/commons/commons-compress/1.4.1/commons-compress-1.4.1.jar:/home/user/.m2/repository/org/tukaani/xz/1.0/xz-1.0.jar:/home/user/.m2/repository/org/apache/hadoop/hadoop-common/3.2.0/hadoop-common-3.2.0.jar:/home/user/.m2/repository/org/apache/hadoop/hadoop-hdfs/3.2.0/hadoop-hdfs-3.2.0.jar:/home/user/.m2/repository/org/apache/hadoop/hadoop-hdfs-client/3.2.0/hadoop-hdfs-client-3.2.0.jar:/home/user/.m2/repository/com/fasterxml/jackson/core/jackson-annotations/2.9.9/jackson-annotations-2.9.9.jar:/home/user/.m2/repository/org/apache/hadoop/hadoop-hdds-common/0.5.0-SNAPSHOT/hadoop-hdds-common-0.5.0-SNAPSHOT.jar:/home/user/.m2/repository/javax/annotation/javax.annotation-api/1.2/javax.annotation-api-1.2.jar:/home/user/.m2/repository/org/apache/ratis/ratis-server/0.5.0-ced7dbf-SNAPSHOT/ratis-server-0.5.0-ced7dbf-SNAPSHOT.jar:/home/user/.m2/repository/org/apache/ratis/ratis-thirdparty-misc/0.2.0/ratis-thirdparty-misc-0.2.0.jar:/home/user/.m2/repository/org/apache/ratis/ratis-proto/0.5.0-ced7dbf-SNAPSHOT/ratis-proto-0.5.0-ced7dbf-SNAPSHOT.jar:/home/user/.m2/repository/org/apache/ratis/ratis-common/0.5.0-ced7dbf-SNAPSHOT/ratis-common-0.5.0-ced7dbf-SNAPSHOT.jar:/home/user/.m2/repository/org/apache/ratis/ratis-client/0.5.0-ced7dbf-SNAPSHOT/ratis-client-0.5.0-ced7dbf-SNAPSHOT.jar:/home/user/.m2/repository/org/apache/ratis/ratis-metrics/0.5.0-ced7dbf-SNAPSHOT/ratis-metrics-0.5.0-ced7dbf-SNAPSHOT.jar:/home/user/.m2/repository/org/apache/ratis/ratis-netty/0.5.0-ced7dbf-SNAPSHOT/ratis-netty-0.5.0-ced7dbf-SNAPSHOT.jar:/home/user/.m2/repository/org/apache/ratis/ratis-grpc/0.5.0-ced7dbf-SNAPSHOT/ratis-grpc-0.5.0-ced7dbf-SNAPSHOT.jar:/home/user/.m2/repository/org/rocksdb/rocksdbjni/6.0.1/rocksdbjni-6.0.1.jar:/home/user/.m2/repository/org/apache/logging/log4j/log4j-api/2.11.0/log4j-api-2.11.0.jar:/home/user/.m2/repository/org/apache/logging/log4j/log4j-core/2.11.0/log4j-core-2.11.0.jar:/home/user/.m2/repository/com/lmax/disruptor/3.4.2/disruptor-3.4.2.jar:/home/user/.m2/repository/org/apache/commons/commons-pool2/2.6.0/commons-pool2-2.6.0.jar:/home/user/.m2/repository/org/bouncycastle/bcpkix-jdk15on/1.60/bcpkix-jdk15on-1.60.jar:/home/user/.m2/repository/commons-validator/commons-validator/1.6/commons-validator-1.6.jar:/home/user/.m2/repository/commons-digester/commons-digester/1.8.1/commons-digester-1.8.1.jar:/home/user/.m2/repository/io/jaegertracing/jaeger-client/0.34.0/jaeger-client-0.34.0.jar:/home/user/.m2/repository/io/jaegertracing/jaeger-thrift/0.34.0/jaeger-thrift-0.34.0.jar:/home/user/.m2/repository/org/apache/thrift/libthrift/0.12.0/libthrift-0.12.0.jar:/home/user/.m2/repository/com/squareup/okhttp3/okhttp/3.9.0/okhttp-3.9.0.jar:/home/user/.m2/repository/com/squareup/okio/okio/1.13.0/okio-1.13.0.jar:/home/user/.m2/repository/io/jaegertracing/jaeger-core/0.34.0/jaeger-core-0.34.0.jar:/home/user/.m2/repository/io/jaegertracing/jaeger-tracerresolver/0.34.0/jaeger-tracerresolver-0.34.0.jar:/home/user/.m2/repository/io/opentracing/contrib/opentracing-tracerresolver/0.1.5/opentracing-tracerresolver-0.1.5.jar:/home/user/.m2/repository/io/opentracing/opentracing-util/0.31.0/opentracing-util-0.31.0.jar:/home/user/.m2/repository/io/opentracing/opentracing-api/0.31.0/opentracing-api-0.31.0.jar:/home/user/.m2/repository/io/opentracing/opentracing-noop/0.31.0/opentracing-noop-0.31.0.jar:/home/user/.m2/repository/org/apache/hadoop/hadoop-hdds-server-framework/0.5.0-SNAPSHOT/hadoop-hdds-server-framework-0.5.0-SNAPSHOT.jar:/home/user/.m2/repository/org/apache/hadoop/hadoop-hdds-container-service/0.5.0-SNAPSHOT/hadoop-hdds-container-service-0.5.0-SNAPSHOT.jar:/home/user/.m2/repository/org/apache/hadoop/hadoop-hdds-client/0.5.0-SNAPSHOT/hadoop-hdds-client-0.5.0-SNAPSHOT.jar:/home/user/.m2/repository/org/apache/hadoop/hadoop-hdds-tools/0.5.0-SNAPSHOT/hadoop-hdds-tools-0.5.0-SNAPSHOT.jar:/home/user/.m2/repository/org/apache/hadoop/hadoop-hdds-server-scm/0.5.0-SNAPSHOT/hadoop-hdds-server-scm-0.5.0-SNAPSHOT.jar:/home/user/.m2/repository/org/apache/hadoop/hadoop-hdds-docs/0.5.0-SNAPSHOT/hadoop-hdds-docs-0.5.0-SNAPSHOT.jar:/home/user/.m2/repository/io/dropwizard/metrics/metrics-core/3.2.4/metrics-core-3.2.4.jar:/home/user/.m2/repository/org/hamcrest/hamcrest-all/1.3/hamcrest-all-1.3.jar:/home/user/.m2/repository/org/bouncycastle/bcprov-jdk15on/1.60/bcprov-jdk15on-1.60.jar:/home/user/.m2/repository/info/picocli/picocli/3.9.6/picocli-3.9.6.jar:/home/user/.m2/repository/com/google/protobuf/protobuf-java/2.5.0/protobuf-java-2.5.0.jar:/home/user/.m2/repository/com/google/guava/guava/11.0.2/guava-11.0.2.jar:/home/user/.m2/repository/org/apache/hadoop/hadoop-ozone-ozone-manager/0.5.0-SNAPSHOT/hadoop-ozone-ozone-manager-0.5.0-SNAPSHOT.jar:/home/user/.m2/repository/org/apache/hadoop/hadoop-minikdc/3.2.0/hadoop-minikdc-3.2.0.jar:/home/user/.m2/repository/commons-io/commons-io/2.5/commons-io-2.5.jar:/home/user/.m2/repository/org/apache/kerby/kerb-simplekdc/1.0.1/kerb-simplekdc-1.0.1.jar:/home/user/.m2/repository/org/apache/kerby/kerb-client/1.0.1/kerb-client-1.0.1.jar:/home/user/.m2/repository/org/apache/kerby/kerby-config/1.0.1/kerby-config-1.0.1.jar:/home/user/.m2/repository/org/apache/kerby/kerb-core/1.0.1/kerb-core-1.0.1.jar:/home/user/.m2/repository/org/apache/kerby/kerby-pkix/1.0.1/kerby-pkix-1.0.1.jar:/home/user/.m2/repository/org/apache/kerby/kerby-asn1/1.0.1/kerby-asn1-1.0.1.jar:/home/user/.m2/repository/org/apache/kerby/kerby-util/1.0.1/kerby-util-1.0.1.jar:/home/user/.m2/repository/org/apache/kerby/kerb-common/1.0.1/kerb-common-1.0.1.jar:/home/user/.m2/repository/org/apache/kerby/kerb-crypto/1.0.1/kerb-crypto-1.0.1.jar:/home/user/.m2/repository/org/apache/kerby/kerb-util/1.0.1/kerb-util-1.0.1.jar:/home/user/.m2/repository/org/apache/kerby/token-provider/1.0.1/token-provider-1.0.1.jar:/home/user/.m2/repository/org/apache/kerby/kerb-admin/1.0.1/kerb-admin-1.0.1.jar:/home/user/.m2/repository/org/apache/kerby/kerb-server/1.0.1/kerb-server-1.0.1.jar:/home/user/.m2/repository/org/apache/kerby/kerb-identity/1.0.1/kerb-identity-1.0.1.jar:/home/user/.m2/repository/org/apache/kerby/kerby-xdr/1.0.1/kerby-xdr-1.0.1.jar:/home/user/.m2/repository/org/slf4j/slf4j-log4j12/1.7.25/slf4j-log4j12-1.7.25.jar:/home/user/.m2/repository/org/apache/hadoop/hadoop-ozone-s3gateway/0.5.0-SNAPSHOT/hadoop-ozone-s3gateway-0.5.0-SNAPSHOT.jar:/home/user/.m2/repository/org/jboss/weld/servlet/weld-servlet/2.4.7.Final/weld-servlet-2.4.7.Final.jar:/home/user/.m2/repository/org/glassfish/jersey/containers/jersey-container-servlet-core/2.27/jersey-container-servlet-core-2.27.jar:/home/user/.m2/repository/org/glassfish/hk2/external/javax.inject/2.5.0-b42/javax.inject-2.5.0-b42.jar:/home/user/.m2/repository/org/glassfish/jersey/core/jersey-common/2.27/jersey-common-2.27.jar:/home/user/.m2/repository/org/glassfish/hk2/osgi-resource-locator/1.0.1/osgi-resource-locator-1.0.1.jar:/home/user/.m2/repository/javax/ws/rs/javax.ws.rs-api/2.1/javax.ws.rs-api-2.1.jar:/home/user/.m2/repository/org/glassfish/jersey/ext/cdi/jersey-cdi1x/2.27/jersey-cdi1x-2.27.jar:/home/user/.m2/repository/org/glassfish/jersey/inject/jersey-hk2/2.27/jersey-hk2-2.27.jar:/home/user/.m2/repository/org/glassfish/hk2/hk2-locator/2.5.0-b42/hk2-locator-2.5.0-b42.jar:/home/user/.m2/repository/org/javassist/javassist/3.22.0-CR2/javassist-3.22.0-CR2.jar:/home/user/.m2/repository/org/glassfish/hk2/hk2-api/2.5.0/hk2-api-2.5.0.jar:/home/user/.m2/repository/org/glassfish/hk2/external/jakarta.inject/2.5.0/jakarta.inject-2.5.0.jar:/home/user/.m2/repository/org/glassfish/hk2/hk2-utils/2.5.0/hk2-utils-2.5.0.jar:/home/user/.m2/repository/jakarta/annotation/jakarta.annotation-api/1.3.4/jakarta.annotation-api-1.3.4.jar:/home/user/.m2/repository/org/glassfish/hk2/external/aopalliance-repackaged/2.5.0/aopalliance-repackaged-2.5.0.jar:/home/user/.m2/repository/com/fasterxml/jackson/dataformat/jackson-dataformat-xml/2.9.0/jackson-dataformat-xml-2.9.0.jar:/home/user/.m2/repository/com/fasterxml/jackson/core/jackson-core/2.9.9/jackson-core-2.9.9.jar:/home/user/.m2/repository/com/fasterxml/jackson/module/jackson-module-jaxb-annotations/2.9.9/jackson-module-jaxb-annotations-2.9.9.jar:/home/user/.m2/repository/javax/enterprise/cdi-api/1.2/cdi-api-1.2.jar:/home/user/.m2/repository/javax/el/javax.el-api/3.0.0/javax.el-api-3.0.0.jar:/home/user/.m2/repository/javax/interceptor/javax.interceptor-api/1.2/javax.interceptor-api-1.2.jar:/home/user/.m2/repository/javax/inject/javax.inject/1/javax.inject-1.jar:/home/user/.m2/repository/com/sun/xml/bind/jaxb-impl/2.3.0.1/jaxb-impl-2.3.0.1.jar:/home/user/.m2/repository/com/sun/xml/bind/jaxb-core/2.3.0.1/jaxb-core-2.3.0.1.jar:/home/user/.m2/repository/javax/xml/bind/jaxb-api/2.3.0/jaxb-api-2.3.0.jar:/home/user/.m2/repository/javax/activation/activation/1.1.1/activation-1.1.1.jar:/home/user/.m2/repository/org/apache/hadoop/hadoop-ozone-csi/0.5.0-SNAPSHOT/hadoop-ozone-csi-0.5.0-SNAPSHOT.jar:/home/user/.m2/repository/com/google/protobuf/protobuf-java-util/3.5.1/protobuf-java-util-3.5.1.jar:/home/user/.m2/repository/org/apache/hadoop/hadoop-hdds-config/0.5.0-SNAPSHOT/hadoop-hdds-config-0.5.0-SNAPSHOT.jar:/home/user/.m2/repository/io/grpc/grpc-netty/1.17.1/grpc-netty-1.17.1.jar:/home/user/.m2/repository/io/grpc/grpc-core/1.17.1/grpc-core-1.17.1.jar:/home/user/.m2/repository/io/grpc/grpc-context/1.17.1/grpc-context-1.17.1.jar:/home/user/.m2/repository/com/google/errorprone/error_prone_annotations/2.2.0/error_prone_annotations-2.2.0.jar:/home/user/.m2/repository/org/codehaus/mojo/animal-sniffer-annotations/1.17/animal-sniffer-annotations-1.17.jar:/home/user/.m2/repository/io/opencensus/opencensus-api/0.17.0/opencensus-api-0.17.0.jar:/home/user/.m2/repository/io/opencensus/opencensus-contrib-grpc-metrics/0.17.0/opencensus-contrib-grpc-metrics-0.17.0.jar:/home/user/.m2/repository/io/netty/netty-codec-http2/4.1.30.Final/netty-codec-http2-4.1.30.Final.jar:/home/user/.m2/repository/io/netty/netty-codec-http/4.1.30.Final/netty-codec-http-4.1.30.Final.jar:/home/user/.m2/repository/io/netty/netty-codec/4.1.30.Final/netty-codec-4.1.30.Final.jar:/home/user/.m2/repository/io/netty/netty-handler/4.1.30.Final/netty-handler-4.1.30.Final.jar:/home/user/.m2/repository/io/netty/netty-handler-proxy/4.1.30.Final/netty-handler-proxy-4.1.30.Final.jar:/home/user/.m2/repository/io/netty/netty-codec-socks/4.1.30.Final/netty-codec-socks-4.1.30.Final.jar:/home/user/.m2/repository/io/netty/netty-transport-native-epoll/4.1.30.Final/netty-transport-native-epoll-4.1.30.Final.jar:/home/user/.m2/repository/io/netty/netty-common/4.1.30.Final/netty-common-4.1.30.Final.jar:/home/user/.m2/repository/io/netty/netty-buffer/4.1.30.Final/netty-buffer-4.1.30.Final.jar:/home/user/.m2/repository/io/netty/netty-transport/4.1.30.Final/netty-transport-4.1.30.Final.jar:/home/user/.m2/repository/io/netty/netty-resolver/4.1.30.Final/netty-resolver-4.1.30.Final.jar:/home/user/.m2/repository/io/netty/netty-transport-native-unix-common/4.1.30.Final/netty-transport-native-unix-common-4.1.30.Final.jar:/home/user/.m2/repository/io/grpc/grpc-protobuf/1.17.1/grpc-protobuf-1.17.1.jar:/home/user/.m2/repository/com/google/api/grpc/proto-google-common-protos/1.0.0/proto-google-common-protos-1.0.0.jar:/home/user/.m2/repository/io/grpc/grpc-protobuf-lite/1.17.1/grpc-protobuf-lite-1.17.1.jar:/home/user/.m2/repository/io/grpc/grpc-stub/1.17.1/grpc-stub-1.17.1.jar:/home/user/.m2/repository/org/apache/hadoop/hadoop-ozone-recon/0.5.0-SNAPSHOT/hadoop-ozone-recon-0.5.0-SNAPSHOT.jar:/home/user/.m2/repository/org/apache/hadoop/hadoop-ozone-reconcodegen/0.5.0-SNAPSHOT/hadoop-ozone-reconcodegen-0.5.0-SNAPSHOT.jar:/home/user/.m2/repository/com/google/inject/extensions/guice-multibindings/4.0/guice-multibindings-4.0.jar:/home/user/.m2/repository/com/google/inject/guice/4.0/guice-4.0.jar:/home/user/.m2/repository/aopalliance/aopalliance/1.0/aopalliance-1.0.jar:/home/user/.m2/repository/com/google/inject/extensions/guice-servlet/4.0/guice-servlet-4.0.jar:/home/user/.m2/repository/org/glassfish/jersey/containers/jersey-container-servlet/2.27/jersey-container-servlet-2.27.jar:/home/user/.m2/repository/org/glassfish/hk2/guice-bridge/2.5.0/guice-bridge-2.5.0.jar:/home/user/.m2/repository/org/glassfish/jersey/core/jersey-server/2.27/jersey-server-2.27.jar:/home/user/.m2/repository/org/glassfish/jersey/core/jersey-client/2.27/jersey-client-2.27.jar:/home/user/.m2/repository/org/glassfish/jersey/media/jersey-media-jaxb/2.27/jersey-media-jaxb-2.27.jar:/home/user/.m2/repository/javax/validation/validation-api/1.1.0.Final/validation-api-1.1.0.Final.jar:/home/user/.m2/repository/org/glassfish/jersey/media/jersey-media-json-jackson/2.27/jersey-media-json-jackson-2.27.jar:/home/user/.m2/repository/org/glassfish/jersey/ext/jersey-entity-filtering/2.27/jersey-entity-filtering-2.27.jar:/home/user/.m2/repository/com/google/inject/extensions/guice-assistedinject/4.0/guice-assistedinject-4.0.jar:/home/user/.m2/repository/org/jooq/jooq/3.11.10/jooq-3.11.10.jar:/home/user/.m2/repository/org/jooq/jooq-meta/3.11.10/jooq-meta-3.11.10.jar:/home/user/.m2/repository/org/jooq/jooq-codegen/3.11.10/jooq-codegen-3.11.10.jar:/home/user/.m2/repository/com/jolbox/bonecp/0.8.0.RELEASE/bonecp-0.8.0.RELEASE.jar:/home/user/.m2/repository/org/xerial/sqlite-jdbc/3.25.2/sqlite-jdbc-3.25.2.jar:/home/user/.m2/repository/org/springframework/spring-jdbc/5.1.3.RELEASE/spring-jdbc-5.1.3.RELEASE.jar:/home/user/.m2/repository/org/springframework/spring-beans/5.1.3.RELEASE/spring-beans-5.1.3.RELEASE.jar:/home/user/.m2/repository/org/springframework/spring-core/5.1.3.RELEASE/spring-core-5.1.3.RELEASE.jar:/home/user/.m2/repository/org/springframework/spring-jcl/5.1.3.RELEASE/spring-jcl-5.1.3.RELEASE.jar:/home/user/.m2/repository/org/springframework/spring-tx/5.1.3.RELEASE/spring-tx-5.1.3.RELEASE.jar:/home/user/.m2/repository/org/apache/hadoop/hadoop-ozone-client/0.5.0-SNAPSHOT/hadoop-ozone-client-0.5.0-SNAPSHOT.jar:/home/user/.m2/repository/commons-lang/commons-lang/2.6/commons-lang-2.6.jar:/home/user/.m2/repository/org/apache/hadoop/hadoop-ozone-ozone-manager/0.5.0-SNAPSHOT/hadoop-ozone-ozone-manager-0.5.0-SNAPSHOT-tests.jar:/home/user/.m2/repository/junit/junit/4.11/junit-4.11.jar:/home/user/.m2/repository/org/hamcrest/hamcrest-core/1.3/hamcrest-core-1.3.jar:/home/user/.m2/repository/org/openjdk/jmh/jmh-core/1.19/jmh-core-1.19.jar:/home/user/.m2/repository/net/sf/jopt-simple/jopt-simple/4.6/jopt-simple-4.6.jar:/home/user/.m2/repository/org/apache/commons/commons-math3/3.1.1/commons-math3-3.1.1.jar:/home/user/.m2/repository/org/openjdk/jmh/jmh-generator-annprocess/1.19/jmh-generator-annprocess-1.19.jar:/home/user/.m2/repository/org/mockito/mockito-all/1.8.5/mockito-all-1.8.5.jar:/home/user/.m2/repository/org/apache/hadoop/hadoop-kms/3.2.0/hadoop-kms-3.2.0.jar:/home/user/.m2/repository/org/apache/hadoop/hadoop-auth/3.2.0/hadoop-auth-3.2.0.jar:/home/user/.m2/repository/com/nimbusds/nimbus-jose-jwt/4.41.1/nimbus-jose-jwt-4.41.1.jar:/home/user/.m2/repository/com/github/stephenc/jcip/jcip-annotations/1.0-1/jcip-annotations-1.0-1.jar:/home/user/.m2/repository/net/minidev/json-smart/2.3/json-smart-2.3.jar:/home/user/.m2/repository/net/minidev/accessors-smart/1.2/accessors-smart-1.2.jar:/home/user/.m2/repository/org/ow2/asm/asm/5.0.4/asm-5.0.4.jar:/home/user/.m2/repository/org/apache/curator/curator-framework/2.12.0/curator-framework-2.12.0.jar:/home/user/.m2/repository/com/sun/jersey/jersey-core/1.19/jersey-core-1.19.jar:/home/user/.m2/repository/javax/ws/rs/jsr311-api/1.1.1/jsr311-api-1.1.1.jar:/home/user/.m2/repository/com/sun/jersey/jersey-server/1.19/jersey-server-1.19.jar:/home/user/.m2/repository/javax/servlet/javax.servlet-api/3.1.0/javax.servlet-api-3.1.0.jar:/home/user/.m2/repository/org/eclipse/jetty/jetty-server/9.3.25.v20180904/jetty-server-9.3.25.v20180904.jar:/home/user/.m2/repository/org/eclipse/jetty/jetty-http/9.3.25.v20180904/jetty-http-9.3.25.v20180904.jar:/home/user/.m2/repository/org/eclipse/jetty/jetty-io/9.3.25.v20180904/jetty-io-9.3.25.v20180904.jar:/home/user/.m2/repository/org/eclipse/jetty/jetty-webapp/9.3.25.v20180904/jetty-webapp-9.3.25.v20180904.jar:/home/user/.m2/repository/org/eclipse/jetty/jetty-xml/9.3.25.v20180904/jetty-xml-9.3.25.v20180904.jar:/home/user/.m2/repository/log4j/log4j/1.2.17/log4j-1.2.17.jar:/home/user/.m2/repository/org/slf4j/slf4j-api/1.7.25/slf4j-api-1.7.25.jar:/home/user/.m2/repository/org/slf4j/jul-to-slf4j/1.7.25/jul-to-slf4j-1.7.25.jar:/home/user/.m2/repository/org/eclipse/jetty/jetty-util/9.3.25.v20180904/jetty-util-9.3.25.v20180904.jar:/home/user/.m2/repository/com/fasterxml/jackson/core/jackson-databind/2.9.9/jackson-databind-2.9.9.jar:/home/user/.m2/repository/org/apache/hadoop/hadoop-kms/3.2.0/hadoop-kms-3.2.0-tests.jar:/home/user/.m2/repository/org/apache/hadoop/hadoop-hdds-server-scm/0.5.0-SNAPSHOT/hadoop-hdds-server-scm-0.5.0-SNAPSHOT-tests.jar:/home/user/.m2/repository/org/apache/hadoop/hadoop-hdds-container-service/0.5.0-SNAPSHOT/hadoop-hdds-container-service-0.5.0-SNAPSHOT-tests.jar:/home/user/.m2/repository/org/yaml/snakeyaml/1.16/snakeyaml-1.16.jar:/home/user/.m2/repository/org/apache/hadoop/hadoop-common/3.2.0/hadoop-common-3.2.0-tests.jar:/home/user/.m2/repository/org/apache/hadoop/hadoop-annotations/3.2.0/hadoop-annotations-3.2.0.jar:/usr/lib/jvm/java-1.8.0-openjdk-1.8.0.222.b10-1.el7_7.x86_64/jre/../lib/tools.jar:/home/user/.m2/repository/commons-cli/commons-cli/1.2/commons-cli-1.2.jar:/home/user/.m2/repository/org/apache/httpcomponents/httpclient/4.5.2/httpclient-4.5.2.jar:/home/user/.m2/repository/org/apache/httpcomponents/httpcore/4.4.4/httpcore-4.4.4.jar:/home/user/.m2/repository/commons-codec/commons-codec/1.11/commons-codec-1.11.jar:/home/user/.m2/repository/commons-net/commons-net/3.6/commons-net-3.6.jar:/home/user/.m2/repository/commons-collections/commons-collections/3.2.2/commons-collections-3.2.2.jar:/home/user/.m2/repository/org/eclipse/jetty/jetty-servlet/9.3.25.v20180904/jetty-servlet-9.3.25.v20180904.jar:/home/user/.m2/repository/org/eclipse/jetty/jetty-security/9.3.25.v20180904/jetty-security-9.3.25.v20180904.jar:/home/user/.m2/repository/javax/servlet/jsp/jsp-api/2.1/jsp-api-2.1.jar:/home/user/.m2/repository/com/sun/jersey/jersey-servlet/1.19/jersey-servlet-1.19.jar:/home/user/.m2/repository/com/sun/jersey/jersey-json/1.19/jersey-json-1.19.jar:/home/user/.m2/repository/org/codehaus/jettison/jettison/1.1/jettison-1.1.jar:/home/user/.m2/repository/org/codehaus/jackson/jackson-core-asl/1.9.13/jackson-core-asl-1.9.13.jar:/home/user/.m2/repository/org/codehaus/jackson/jackson-mapper-asl/1.9.13/jackson-mapper-asl-1.9.13.jar:/home/user/.m2/repository/org/codehaus/jackson/jackson-jaxrs/1.9.13/jackson-jaxrs-1.9.13.jar:/home/user/.m2/repository/org/codehaus/jackson/jackson-xc/1.9.13/jackson-xc-1.9.13.jar:/home/user/.m2/repository/commons-logging/commons-logging/1.1.3/commons-logging-1.1.3.jar:/home/user/.m2/repository/commons-beanutils/commons-beanutils/1.9.4/commons-beanutils-1.9.4.jar:/home/user/.m2/repository/org/apache/commons/commons-configuration2/2.1.1/commons-configuration2-2.1.1.jar:/home/user/.m2/repository/org/apache/commons/commons-lang3/3.7/commons-lang3-3.7.jar:/home/user/.m2/repository/org/apache/commons/commons-text/1.4/commons-text-1.4.jar:/home/user/.m2/repository/org/apache/avro/avro/1.7.7/avro-1.7.7.jar:/home/user/.m2/repository/com/thoughtworks/paranamer/paranamer/2.3/paranamer-2.3.jar:/home/user/.m2/repository/org/xerial/snappy/snappy-java/1.0.5/snappy-java-1.0.5.jar:/home/user/.m2/repository/com/google/re2j/re2j/1.1/re2j-1.1.jar:/home/user/.m2/repository/com/google/code/gson/gson/2.2.4/gson-2.2.4.jar:/home/user/.m2/repository/com/jcraft/jsch/0.1.54/jsch-0.1.54.jar:/home/user/.m2/repository/org/apache/curator/curator-client/2.12.0/curator-client-2.12.0.jar:/home/user/.m2/repository/org/apache/curator/curator-recipes/2.12.0/curator-recipes-2.12.0.jar:/home/user/.m2/repository/com/google/code/findbugs/jsr305/3.0.0/jsr305-3.0.0.jar:/home/user/.m2/repository/org/apache/htrace/htrace-core4/4.1.0-incubating/htrace-core4-4.1.0-incubating.jar:/home/user/.m2/repository/org/apache/zookeeper/zookeeper/3.4.13/zookeeper-3.4.13.jar:/home/user/.m2/repository/jline/jline/0.9.94/jline-0.9.94.jar:/home/user/.m2/repository/org/apache/yetus/audience-annotations/0.5.0/audience-annotations-0.5.0.jar:/home/user/.m2/repository/org/codehaus/woodstox/stax2-api/3.1.4/stax2-api-3.1.4.jar:/home/user/.m2/repository/com/fasterxml/woodstox/woodstox-core/5.0.3/woodstox-core-5.0.3.jar:/home/user/.m2/repository/dnsjava/dnsjava/2.1.7/dnsjava-2.1.7.jar:/home/user/.m2/repository/org/apache/hadoop/hadoop-hdfs/3.2.0/hadoop-hdfs-3.2.0-tests.jar:/home/user/.m2/repository/org/eclipse/jetty/jetty-util-ajax/9.3.25.v20180904/jetty-util-ajax-9.3.25.v20180904.jar:/home/user/.m2/repository/commons-daemon/commons-daemon/1.0.13/commons-daemon-1.0.13.jar:/home/user/.m2/repository/io/netty/netty/3.10.5.Final/netty-3.10.5.Final.jar:/home/user/.m2/repository/io/netty/netty-all/4.0.52.Final/netty-all-4.0.52.Final.jar:/home/user/.m2/repository/org/fusesource/leveldbjni/leveldbjni-all/1.8/leveldbjni-all-1.8.jar:"/>
    <property name="sun.cpu.endian" value="little"/>
    <property name="user.home" value="/home/user"/>
    <property name="user.language" value="en"/>
    <property name="java.specification.vendor" value="Oracle Corporation"/>
    <property name="java.home" value="/usr/lib/jvm/java-1.8.0-openjdk-1.8.0.222.b10-1.el7_7.x86_64/jre"/>
    <property name="surefire.excludesFile" value="/tools/ozone-bad-unit-tests"/>
    <property name="java.security.krb5.conf" value="/workdir/hadoop-ozone/integration-test/target/test-classes/krb5.conf"/>
    <property name="basedir" value="/workdir/hadoop-ozone/integration-test"/>
    <property name="file.separator" value="/"/>
    <property name="line.separator" value="&#10;"/>
    <property name="java.vm.specification.vendor" value="Oracle Corporation"/>
    <property name="java.specification.name" value="Java Platform API Specification"/>
    <property name="java.awt.graphicsenv" value="sun.awt.X11GraphicsEnvironment"/>
    <property name="surefire.real.class.path" value="/workdir/hadoop-ozone/integration-test/target/surefire/surefirebooter646161603787589526.jar"/>
    <property name="hadoop.log.dir" value="/workdir/hadoop-ozone/integration-test/target/log"/>
    <property name="sun.boot.class.path" value="/usr/lib/jvm/java-1.8.0-openjdk-1.8.0.222.b10-1.el7_7.x86_64/jre/lib/resources.jar:/usr/lib/jvm/java-1.8.0-openjdk-1.8.0.222.b10-1.el7_7.x86_64/jre/lib/rt.jar:/usr/lib/jvm/java-1.8.0-openjdk-1.8.0.222.b10-1.el7_7.x86_64/jre/lib/sunrsasign.jar:/usr/lib/jvm/java-1.8.0-openjdk-1.8.0.222.b10-1.el7_7.x86_64/jre/lib/jsse.jar:/usr/lib/jvm/java-1.8.0-openjdk-1.8.0.222.b10-1.el7_7.x86_64/jre/lib/jce.jar:/usr/lib/jvm/java-1.8.0-openjdk-1.8.0.222.b10-1.el7_7.x86_64/jre/lib/charsets.jar:/usr/lib/jvm/java-1.8.0-openjdk-1.8.0.222.b10-1.el7_7.x86_64/jre/lib/jfr.jar:/usr/lib/jvm/java-1.8.0-openjdk-1.8.0.222.b10-1.el7_7.x86_64/jre/classes"/>
    <property name="sun.management.compiler" value="HotSpot 64-Bit Tiered Compilers"/>
    <property name="java.runtime.version" value="1.8.0_222-b10"/>
    <property name="java.net.preferIPv4Stack" value="true"/>
    <property name="user.name" value="jenkins1000"/>
    <property name="path.separator" value=":"/>
    <property name="java.security.egd" value="file:///dev/urandom"/>
    <property name="os.version" value="3.10.0-957.12.2.el7.x86_64"/>
    <property name="java.endorsed.dirs" value="/usr/lib/jvm/java-1.8.0-openjdk-1.8.0.222.b10-1.el7_7.x86_64/jre/lib/endorsed"/>
    <property name="java.runtime.name" value="OpenJDK Runtime Environment"/>
    <property name="file.encoding" value="ANSI_X3.4-1968"/>
    <property name="java.vm.name" value="OpenJDK 64-Bit Server VM"/>
    <property name="test.build.webapps" value=""/>
    <property name="localRepository" value="/home/user/.m2/repository"/>
    <property name="java.vendor.url.bug" value="http://bugreport.sun.com/bugreport/"/>
    <property name="java.io.tmpdir" value="/tmp"/>
    <property name="require.test.libhadoop" value=""/>
    <property name="java.version" value="1.8.0_222"/>
    <property name="user.dir" value="/workdir/hadoop-ozone/integration-test"/>
    <property name="os.arch" value="amd64"/>
    <property name="java.vm.specification.name" value="Java Virtual Machine Specification"/>
    <property name="test.build.classes" value="/workdir/hadoop-ozone/integration-test/target/test-classes"/>
    <property name="java.awt.printerjob" value="sun.print.PSPrinterJob"/>
    <property name="sun.os.patch.level" value="unknown"/>
    <property name="hadoop.tmp.dir" value="/workdir/hadoop-ozone/integration-test/target/tmp"/>
    <property name="java.library.path" value="/usr/lib:/workdir/hadoop-ozone/integration-test/target/native/target/usr/local/lib:/workdir/hadoop-ozone/integration-test/../../hadoop-common-project/hadoop-common/target/native/target/usr/local/lib:/usr/java/packages/lib/amd64:/usr/lib64:/lib64:/lib:/usr/lib"/>
    <property name="java.vm.info" value="mixed mode"/>
    <property name="java.vendor" value="Oracle Corporation"/>
    <property name="java.vm.version" value="25.222-b10"/>
    <property name="java.ext.dirs" value="/usr/lib/jvm/java-1.8.0-openjdk-1.8.0.222.b10-1.el7_7.x86_64/jre/lib/ext:/usr/java/packages/lib/ext"/>
    <property name="sun.io.unicode.encoding" value="UnicodeLittle"/>
    <property name="java.class.version" value="52.0"/>
  </properties>
  <testcase name="testDeleteKeyWithSlowFollower" classname="org.apache.hadoop.ozone.client.rpc.TestDeleteWithSlowFollower" time="111.719">
    <failure type="java.lang.AssertionError">java.lang.AssertionError
	at org.junit.Assert.fail(Assert.java:86)
	at org.junit.Assert.assertTrue(Assert.java:41)
	at org.junit.Assert.assertTrue(Assert.java:52)
	at org.apache.hadoop.ozone.client.rpc.TestDeleteWithSlowFollower.testDeleteKeyWithSlowFollower(TestDeleteWithSlowFollower.java:265)
	at sun.reflect.NativeMethodAccessorImpl.invoke0(Native Method)
	at sun.reflect.NativeMethodAccessorImpl.invoke(NativeMethodAccessorImpl.java:62)
	at sun.reflect.DelegatingMethodAccessorImpl.invoke(DelegatingMethodAccessorImpl.java:43)
	at java.lang.reflect.Method.invoke(Method.java:498)
	at org.junit.runners.model.FrameworkMethod$1.runReflectiveCall(FrameworkMethod.java:47)
	at org.junit.internal.runners.model.ReflectiveCallable.run(ReflectiveCallable.java:12)
	at org.junit.runners.model.FrameworkMethod.invokeExplosively(FrameworkMethod.java:44)
	at org.junit.internal.runners.statements.InvokeMethod.evaluate(InvokeMethod.java:17)
	at org.junit.runners.ParentRunner.runLeaf(ParentRunner.java:271)
	at org.junit.runners.BlockJUnit4ClassRunner.runChild(BlockJUnit4ClassRunner.java:70)
	at org.junit.runners.BlockJUnit4ClassRunner.runChild(BlockJUnit4ClassRunner.java:50)
	at org.junit.runners.ParentRunner$3.run(ParentRunner.java:238)
	at org.junit.runners.ParentRunner$1.schedule(ParentRunner.java:63)
	at org.junit.runners.ParentRunner.runChildren(ParentRunner.java:236)
	at org.junit.runners.ParentRunner.access$000(ParentRunner.java:53)
	at org.junit.runners.ParentRunner$2.evaluate(ParentRunner.java:229)
	at org.junit.internal.runners.statements.RunBefores.evaluate(RunBefores.java:26)
	at org.junit.internal.runners.statements.RunAfters.evaluate(RunAfters.java:27)
	at org.junit.runners.ParentRunner.run(ParentRunner.java:309)
	at org.apache.maven.surefire.junit4.JUnit4Provider.execute(JUnit4Provider.java:365)
	at org.apache.maven.surefire.junit4.JUnit4Provider.executeWithRerun(JUnit4Provider.java:273)
	at org.apache.maven.surefire.junit4.JUnit4Provider.executeTestSet(JUnit4Provider.java:238)
	at org.apache.maven.surefire.junit4.JUnit4Provider.invoke(JUnit4Provider.java:159)
	at org.apache.maven.surefire.booter.ForkedBooter.invokeProviderInSameClassLoader(ForkedBooter.java:384)
	at org.apache.maven.surefire.booter.ForkedBooter.runSuitesInProcess(ForkedBooter.java:345)
	at org.apache.maven.surefire.booter.ForkedBooter.execute(ForkedBooter.java:126)
	at org.apache.maven.surefire.booter.ForkedBooter.main(ForkedBooter.java:418)
</failure>
    <system-out><![CDATA[2019-10-21 08:53:37,452 [main] WARN  server.ServerUtils (ServerUtils.java:getScmDbDir(145)) - ozone.scm.db.dirs is not configured. We recommend adding this setting. Falling back to ozone.metadata.dirs instead.
2019-10-21 08:53:37,548 [main] WARN  server.ServerUtils (ServerUtils.java:getScmDbDir(145)) - ozone.scm.db.dirs is not configured. We recommend adding this setting. Falling back to ozone.metadata.dirs instead.
2019-10-21 08:53:37,551 [main] WARN  server.ServerUtils (ServerUtils.java:getScmDbDir(145)) - ozone.scm.db.dirs is not configured. We recommend adding this setting. Falling back to ozone.metadata.dirs instead.
2019-10-21 08:53:37,576 [main] INFO  util.log (Log.java:initialized(192)) - Logging initialized @902ms
2019-10-21 08:53:37,671 [main] INFO  db.DBStoreBuilder (DBStoreBuilder.java:addTable(117)) - using custom profile for table: deletedBlocks
2019-10-21 08:53:37,672 [main] INFO  db.DBStoreBuilder (DBStoreBuilder.java:processTables(168)) - Using default column profile:DBProfile.DISK for Table:deletedBlocks
2019-10-21 08:53:37,672 [main] INFO  db.DBStoreBuilder (DBStoreBuilder.java:addTable(117)) - using custom profile for table: validCerts
2019-10-21 08:53:37,672 [main] INFO  db.DBStoreBuilder (DBStoreBuilder.java:processTables(168)) - Using default column profile:DBProfile.DISK for Table:validCerts
2019-10-21 08:53:37,673 [main] INFO  db.DBStoreBuilder (DBStoreBuilder.java:addTable(117)) - using custom profile for table: revokedCerts
2019-10-21 08:53:37,673 [main] INFO  db.DBStoreBuilder (DBStoreBuilder.java:processTables(168)) - Using default column profile:DBProfile.DISK for Table:revokedCerts
2019-10-21 08:53:37,684 [main] INFO  db.DBStoreBuilder (DBStoreBuilder.java:addTable(117)) - using custom profile for table: default
2019-10-21 08:53:37,684 [main] INFO  db.DBStoreBuilder (DBStoreBuilder.java:processTables(174)) - Using default column profile:DBProfile.DISK for Table:default
2019-10-21 08:53:37,685 [main] INFO  db.DBStoreBuilder (DBStoreBuilder.java:getDbProfile(205)) - Using default options. DBProfile.DISK
2019-10-21 08:53:37,938 [main] INFO  net.NodeSchemaLoader (NodeSchemaLoader.java:loadSchemaFromFile(125)) - Loading file from sun.misc.CompoundEnumeration@78691363
2019-10-21 08:53:37,940 [main] INFO  net.NodeSchemaLoader (NodeSchemaLoader.java:loadSchema(171)) - Loading network topology layer schema file
2019-10-21 08:53:38,000 [main] WARN  server.ServerUtils (ServerUtils.java:sanitizeUserArgs(70)) - ozone.scm.stale.node.interval value = 1000000 is larger than max = 100000 based on the key value of ozone.scm.heartbeat.thread.interval, reset to the max value 100000.
2019-10-21 08:53:38,002 [main] WARN  server.ServerUtils (ServerUtils.java:sanitizeUserArgs(70)) - ozone.scm.stale.node.interval value = 1000000 is larger than max = 100000 based on the key value of ozone.scm.heartbeat.thread.interval, reset to the max value 100000.
2019-10-21 08:53:38,004 [main] INFO  node.SCMNodeManager (SCMNodeManager.java:<init>(116)) - Entering startup safe mode.
2019-10-21 08:53:38,093 [main] INFO  algorithms.ContainerPlacementPolicyFactory (ContainerPlacementPolicyFactory.java:getPolicy(57)) - Create container placement policy of type org.apache.hadoop.hdds.scm.container.placement.algorithms.SCMContainerPlacementRandom
2019-10-21 08:53:38,108 [main] WARN  server.ServerUtils (ServerUtils.java:getScmDbDir(145)) - ozone.scm.db.dirs is not configured. We recommend adding this setting. Falling back to ozone.metadata.dirs instead.
2019-10-21 08:53:38,167 [main] INFO  pipeline.SCMPipelineManager (SCMPipelineManager.java:initializePipelineState(133)) - No pipeline exists in current db
2019-10-21 08:53:38,169 [main] WARN  server.ServerUtils (ServerUtils.java:getScmDbDir(145)) - ozone.scm.db.dirs is not configured. We recommend adding this setting. Falling back to ozone.metadata.dirs instead.
2019-10-21 08:53:38,314 [main] WARN  events.EventQueue (EventQueue.java:fireEvent(183)) - No event handler registered for event TypedEvent{payloadType=SafeModeStatus, name='SafeModeStatus'}
2019-10-21 08:53:38,693 [main] INFO  ipc.CallQueueManager (CallQueueManager.java:<init>(84)) - Using callQueue: class java.util.concurrent.LinkedBlockingQueue, queueCapacity: 2000, scheduler: class org.apache.hadoop.ipc.DefaultRpcScheduler, ipcBackoff: false.
2019-10-21 08:53:38,835 [Socket Reader #1 for port 39477] INFO  ipc.Server (Server.java:run(1074)) - Starting Socket Reader #1 for port 39477
2019-10-21 08:53:38,878 [main] INFO  ipc.CallQueueManager (CallQueueManager.java:<init>(84)) - Using callQueue: class java.util.concurrent.LinkedBlockingQueue, queueCapacity: 2000, scheduler: class org.apache.hadoop.ipc.DefaultRpcScheduler, ipcBackoff: false.
2019-10-21 08:53:38,880 [Socket Reader #1 for port 44687] INFO  ipc.Server (Server.java:run(1074)) - Starting Socket Reader #1 for port 44687
2019-10-21 08:53:38,890 [main] INFO  ipc.CallQueueManager (CallQueueManager.java:<init>(84)) - Using callQueue: class java.util.concurrent.LinkedBlockingQueue, queueCapacity: 2000, scheduler: class org.apache.hadoop.ipc.DefaultRpcScheduler, ipcBackoff: false.
2019-10-21 08:53:38,891 [Socket Reader #1 for port 43842] INFO  ipc.Server (Server.java:run(1074)) - Starting Socket Reader #1 for port 43842
2019-10-21 08:53:38,921 [main] INFO  hdfs.DFSUtil (DFSUtil.java:httpServerTemplateForNNAndJN(1641)) - Starting Web-server for scm at: http://0.0.0.0:0
2019-10-21 08:53:39,096 [main] INFO  server.AuthenticationFilter (AuthenticationFilter.java:constructSecretProvider(240)) - Unable to initialize FileSignerSecretProvider, falling back to use random secrets.
2019-10-21 08:53:39,104 [main] WARN  http.HttpRequestLog (HttpRequestLog.java:getRequestLog(97)) - Jetty request log can only be enabled using Log4j
2019-10-21 08:53:39,111 [main] INFO  http.HttpServer2 (HttpServer2.java:addGlobalFilter(975)) - Added global filter 'safety' (class=org.apache.hadoop.http.HttpServer2$QuotingInputFilter)
2019-10-21 08:53:39,114 [main] INFO  http.HttpServer2 (HttpServer2.java:addFilter(948)) - Added filter static_user_filter (class=org.apache.hadoop.http.lib.StaticUserWebFilter$StaticUserFilter) to context scm
2019-10-21 08:53:39,115 [main] INFO  http.HttpServer2 (HttpServer2.java:addFilter(958)) - Added filter static_user_filter (class=org.apache.hadoop.http.lib.StaticUserWebFilter$StaticUserFilter) to context logs
2019-10-21 08:53:39,115 [main] INFO  http.HttpServer2 (HttpServer2.java:addFilter(958)) - Added filter static_user_filter (class=org.apache.hadoop.http.lib.StaticUserWebFilter$StaticUserFilter) to context static
2019-10-21 08:53:39,145 [main] INFO  server.StorageContainerManager (StorageContainerManager.java:start(772)) - StorageContainerLocationProtocol RPC server is listening at /0.0.0.0:43842
2019-10-21 08:53:39,215 [main] WARN  impl.MetricsConfig (MetricsConfig.java:loadFirst(134)) - Cannot locate configuration: tried hadoop-metrics2-storagecontainermanager.properties,hadoop-metrics2.properties
2019-10-21 08:53:39,230 [main] INFO  impl.MetricsSystemImpl (MetricsSystemImpl.java:startTimer(374)) - Scheduled Metric snapshot period at 10 second(s).
2019-10-21 08:53:39,230 [main] INFO  impl.MetricsSystemImpl (MetricsSystemImpl.java:start(191)) - StorageContainerManager metrics system started
2019-10-21 08:53:39,446 [main] INFO  server.SCMClientProtocolServer (SCMClientProtocolServer.java:start(159)) - RPC server for Client  is listening at /0.0.0.0:43842
2019-10-21 08:53:39,447 [IPC Server Responder] INFO  ipc.Server (Server.java:run(1314)) - IPC Server Responder: starting
2019-10-21 08:53:39,447 [IPC Server listener on 43842] INFO  ipc.Server (Server.java:run(1153)) - IPC Server listener on 43842: starting
2019-10-21 08:53:39,450 [main] INFO  server.StorageContainerManager (StorageContainerManager.java:start(782)) - ScmBlockLocationProtocol RPC server is listening at /0.0.0.0:44687
2019-10-21 08:53:39,450 [main] INFO  server.SCMBlockProtocolServer (SCMBlockProtocolServer.java:start(146)) - RPC server for Block Protocol is listening at /0.0.0.0:44687
2019-10-21 08:53:39,451 [IPC Server Responder] INFO  ipc.Server (Server.java:run(1314)) - IPC Server Responder: starting
2019-10-21 08:53:39,451 [IPC Server listener on 44687] INFO  ipc.Server (Server.java:run(1153)) - IPC Server listener on 44687: starting
2019-10-21 08:53:39,453 [main] INFO  server.StorageContainerManager (StorageContainerManager.java:start(786)) - ScmDatanodeProtocl RPC server is listening at /0.0.0.0:39477
2019-10-21 08:53:39,453 [main] INFO  server.SCMDatanodeProtocolServer (SCMDatanodeProtocolServer.java:start(169)) - RPC server for DataNodes is listening at /0.0.0.0:39477
2019-10-21 08:53:39,454 [IPC Server Responder] INFO  ipc.Server (Server.java:run(1314)) - IPC Server Responder: starting
2019-10-21 08:53:39,454 [IPC Server listener on 39477] INFO  ipc.Server (Server.java:run(1153)) - IPC Server listener on 39477: starting
2019-10-21 08:53:39,458 [main] INFO  http.HttpServer2 (HttpServer2.java:bindListener(1191)) - Jetty bound to port 45793
2019-10-21 08:53:39,460 [main] INFO  server.Server (Server.java:doStart(351)) - jetty-9.3.25.v20180904, build timestamp: 2018-09-04T21:11:46Z, git hash: 3ce520221d0240229c862b122d2b06c12a625732
2019-10-21 08:53:39,496 [main] INFO  handler.ContextHandler (ContextHandler.java:doStart(781)) - Started o.e.j.s.ServletContextHandler@753432a2{/logs,file:///workdir/hadoop-ozone/integration-test/target/log,AVAILABLE}
2019-10-21 08:53:39,497 [main] INFO  handler.ContextHandler (ContextHandler.java:doStart(781)) - Started o.e.j.s.ServletContextHandler@4983159f{/static,file:///workdir/hadoop-ozone/integration-test/target/test-classes/webapps/static,AVAILABLE}
2019-10-21 08:53:39,529 [main] INFO  handler.ContextHandler (ContextHandler.java:doStart(781)) - Started o.e.j.w.WebAppContext@70ab80e3{/,file:///workdir/hadoop-ozone/integration-test/target/test-classes/webapps/scm/,AVAILABLE}{/scm}
2019-10-21 08:53:39,534 [main] INFO  server.AbstractConnector (AbstractConnector.java:doStart(278)) - Started ServerConnector@410954b{HTTP/1.1,[http/1.1]}{0.0.0.0:45793}
2019-10-21 08:53:39,534 [main] INFO  server.Server (Server.java:doStart(419)) - Started @2861ms
2019-10-21 08:53:39,537 [main] INFO  impl.MetricsSinkAdapter (MetricsSinkAdapter.java:start(204)) - Sink prometheus started
2019-10-21 08:53:39,537 [main] INFO  impl.MetricsSystemImpl (MetricsSystemImpl.java:registerSink(301)) - Registered sink prometheus
2019-10-21 08:53:39,538 [main] INFO  server.BaseHttpServer (BaseHttpServer.java:updateConnectorAddress(215)) - HTTP server of SCM is listening at http://0.0.0.0:45793
2019-10-21 08:53:39,543 [org.apache.hadoop.util.JvmPauseMonitor$Monitor@579d011c] INFO  util.JvmPauseMonitor (JvmPauseMonitor.java:run(188)) - Starting JVM pause monitor
2019-10-21 08:53:39,546 [main] WARN  server.ServerUtils (ServerUtils.java:getDBPath(222)) - ozone.om.db.dirs is not configured. We recommend adding this setting. Falling back to ozone.metadata.dirs instead.
2019-10-21 08:53:39,655 [main] INFO  ha.OMHANodeDetails (OMHANodeDetails.java:loadOMHAConfig(190)) - Configuration either no ozone.om.address set. Falling back to the default OM address /127.0.0.1:0
2019-10-21 08:53:39,656 [main] INFO  ha.OMHANodeDetails (OMHANodeDetails.java:getOMNodeDetails(220)) - OM Service ID is not set. Setting it to the default ID: omServiceIdDefault
2019-10-21 08:53:39,657 [main] WARN  server.ServerUtils (ServerUtils.java:getDBPath(222)) - ozone.om.db.dirs is not configured. We recommend adding this setting. Falling back to ozone.metadata.dirs instead.
2019-10-21 08:53:39,658 [main] WARN  server.ServerUtils (ServerUtils.java:getDBPath(222)) - ozone.om.db.dirs is not configured. We recommend adding this setting. Falling back to ozone.metadata.dirs instead.
2019-10-21 08:53:40,263 [main] WARN  server.ServerUtils (ServerUtils.java:getDBPath(222)) - ozone.om.db.dirs is not configured. We recommend adding this setting. Falling back to ozone.metadata.dirs instead.
2019-10-21 08:53:40,271 [main] INFO  db.DBStoreBuilder (DBStoreBuilder.java:addTable(117)) - using custom profile for table: userTable
2019-10-21 08:53:40,271 [main] INFO  db.DBStoreBuilder (DBStoreBuilder.java:processTables(168)) - Using default column profile:DBProfile.DISK for Table:userTable
2019-10-21 08:53:40,272 [main] INFO  db.DBStoreBuilder (DBStoreBuilder.java:addTable(117)) - using custom profile for table: volumeTable
2019-10-21 08:53:40,272 [main] INFO  db.DBStoreBuilder (DBStoreBuilder.java:processTables(168)) - Using default column profile:DBProfile.DISK for Table:volumeTable
2019-10-21 08:53:40,272 [main] INFO  db.DBStoreBuilder (DBStoreBuilder.java:addTable(117)) - using custom profile for table: bucketTable
2019-10-21 08:53:40,272 [main] INFO  db.DBStoreBuilder (DBStoreBuilder.java:processTables(168)) - Using default column profile:DBProfile.DISK for Table:bucketTable
2019-10-21 08:53:40,273 [main] INFO  db.DBStoreBuilder (DBStoreBuilder.java:addTable(117)) - using custom profile for table: keyTable
2019-10-21 08:53:40,273 [main] INFO  db.DBStoreBuilder (DBStoreBuilder.java:processTables(168)) - Using default column profile:DBProfile.DISK for Table:keyTable
2019-10-21 08:53:40,273 [main] INFO  db.DBStoreBuilder (DBStoreBuilder.java:addTable(117)) - using custom profile for table: deletedTable
2019-10-21 08:53:40,273 [main] INFO  db.DBStoreBuilder (DBStoreBuilder.java:processTables(168)) - Using default column profile:DBProfile.DISK for Table:deletedTable
2019-10-21 08:53:40,273 [main] INFO  db.DBStoreBuilder (DBStoreBuilder.java:addTable(117)) - using custom profile for table: openKeyTable
2019-10-21 08:53:40,274 [main] INFO  db.DBStoreBuilder (DBStoreBuilder.java:processTables(168)) - Using default column profile:DBProfile.DISK for Table:openKeyTable
2019-10-21 08:53:40,274 [main] INFO  db.DBStoreBuilder (DBStoreBuilder.java:addTable(117)) - using custom profile for table: s3Table
2019-10-21 08:53:40,274 [main] INFO  db.DBStoreBuilder (DBStoreBuilder.java:processTables(168)) - Using default column profile:DBProfile.DISK for Table:s3Table
2019-10-21 08:53:40,274 [main] INFO  db.DBStoreBuilder (DBStoreBuilder.java:addTable(117)) - using custom profile for table: multipartInfoTable
2019-10-21 08:53:40,274 [main] INFO  db.DBStoreBuilder (DBStoreBuilder.java:processTables(168)) - Using default column profile:DBProfile.DISK for Table:multipartInfoTable
2019-10-21 08:53:40,275 [main] INFO  db.DBStoreBuilder (DBStoreBuilder.java:addTable(117)) - using custom profile for table: dTokenTable
2019-10-21 08:53:40,275 [main] INFO  db.DBStoreBuilder (DBStoreBuilder.java:processTables(168)) - Using default column profile:DBProfile.DISK for Table:dTokenTable
2019-10-21 08:53:40,275 [main] INFO  db.DBStoreBuilder (DBStoreBuilder.java:addTable(117)) - using custom profile for table: s3SecretTable
2019-10-21 08:53:40,275 [main] INFO  db.DBStoreBuilder (DBStoreBuilder.java:processTables(168)) - Using default column profile:DBProfile.DISK for Table:s3SecretTable
2019-10-21 08:53:40,276 [main] INFO  db.DBStoreBuilder (DBStoreBuilder.java:addTable(117)) - using custom profile for table: prefixTable
2019-10-21 08:53:40,276 [main] INFO  db.DBStoreBuilder (DBStoreBuilder.java:processTables(168)) - Using default column profile:DBProfile.DISK for Table:prefixTable
2019-10-21 08:53:40,276 [main] INFO  db.DBStoreBuilder (DBStoreBuilder.java:addTable(117)) - using custom profile for table: default
2019-10-21 08:53:40,276 [main] INFO  db.DBStoreBuilder (DBStoreBuilder.java:processTables(174)) - Using default column profile:DBProfile.DISK for Table:default
2019-10-21 08:53:40,277 [main] INFO  db.DBStoreBuilder (DBStoreBuilder.java:getDbProfile(205)) - Using default options. DBProfile.DISK
2019-10-21 08:53:40,781 [main] INFO  ipc.CallQueueManager (CallQueueManager.java:<init>(84)) - Using callQueue: class java.util.concurrent.LinkedBlockingQueue, queueCapacity: 2000, scheduler: class org.apache.hadoop.ipc.DefaultRpcScheduler, ipcBackoff: false.
2019-10-21 08:53:40,782 [Socket Reader #1 for port 45842] INFO  ipc.Server (Server.java:run(1074)) - Starting Socket Reader #1 for port 45842
2019-10-21 08:53:40,807 [main] INFO  om.OzoneManager (OzoneManager.java:start(1074)) - OzoneManager RPC server is listening at localhost/127.0.0.1:45842
2019-10-21 08:53:40,807 [main] INFO  impl.MetricsSystemImpl (MetricsSystemImpl.java:init(158)) - OzoneManager metrics system started (again)
2019-10-21 08:53:40,815 [IPC Server Responder] INFO  ipc.Server (Server.java:run(1314)) - IPC Server Responder: starting
2019-10-21 08:53:40,815 [IPC Server listener on 45842] INFO  ipc.Server (Server.java:run(1153)) - IPC Server listener on 45842: starting
2019-10-21 08:53:40,822 [main] INFO  hdfs.DFSUtil (DFSUtil.java:httpServerTemplateForNNAndJN(1641)) - Starting Web-server for ozoneManager at: http://0.0.0.0:0
2019-10-21 08:53:40,824 [main] INFO  server.AuthenticationFilter (AuthenticationFilter.java:constructSecretProvider(240)) - Unable to initialize FileSignerSecretProvider, falling back to use random secrets.
2019-10-21 08:53:40,825 [main] WARN  http.HttpRequestLog (HttpRequestLog.java:getRequestLog(97)) - Jetty request log can only be enabled using Log4j
2019-10-21 08:53:40,828 [main] INFO  http.HttpServer2 (HttpServer2.java:addGlobalFilter(975)) - Added global filter 'safety' (class=org.apache.hadoop.http.HttpServer2$QuotingInputFilter)
2019-10-21 08:53:40,830 [main] INFO  http.HttpServer2 (HttpServer2.java:addFilter(948)) - Added filter static_user_filter (class=org.apache.hadoop.http.lib.StaticUserWebFilter$StaticUserFilter) to context ozoneManager
2019-10-21 08:53:40,830 [main] INFO  http.HttpServer2 (HttpServer2.java:addFilter(958)) - Added filter static_user_filter (class=org.apache.hadoop.http.lib.StaticUserWebFilter$StaticUserFilter) to context logs
2019-10-21 08:53:40,830 [main] INFO  http.HttpServer2 (HttpServer2.java:addFilter(958)) - Added filter static_user_filter (class=org.apache.hadoop.http.lib.StaticUserWebFilter$StaticUserFilter) to context static
2019-10-21 08:53:40,833 [main] INFO  http.HttpServer2 (HttpServer2.java:bindListener(1191)) - Jetty bound to port 46139
2019-10-21 08:53:40,834 [main] INFO  server.Server (Server.java:doStart(351)) - jetty-9.3.25.v20180904, build timestamp: 2018-09-04T21:11:46Z, git hash: 3ce520221d0240229c862b122d2b06c12a625732
2019-10-21 08:53:40,836 [main] INFO  handler.ContextHandler (ContextHandler.java:doStart(781)) - Started o.e.j.s.ServletContextHandler@65cc8228{/logs,file:///workdir/hadoop-ozone/integration-test/target/log,AVAILABLE}
2019-10-21 08:53:40,837 [main] INFO  handler.ContextHandler (ContextHandler.java:doStart(781)) - Started o.e.j.s.ServletContextHandler@21719a0{/static,file:///workdir/hadoop-ozone/integration-test/target/test-classes/webapps/static,AVAILABLE}
2019-10-21 08:53:40,844 [main] INFO  handler.ContextHandler (ContextHandler.java:doStart(781)) - Started o.e.j.w.WebAppContext@c446b14{/,file:///workdir/hadoop-ozone/integration-test/target/test-classes/webapps/ozoneManager/,AVAILABLE}{/ozoneManager}
2019-10-21 08:53:40,845 [main] INFO  server.AbstractConnector (AbstractConnector.java:doStart(278)) - Started ServerConnector@3af356f{HTTP/1.1,[http/1.1]}{0.0.0.0:46139}
2019-10-21 08:53:40,846 [main] INFO  server.Server (Server.java:doStart(419)) - Started @4172ms
2019-10-21 08:53:40,846 [main] WARN  impl.MetricsSystemImpl (MetricsSystemImpl.java:register(276)) - Sink prometheus already exists!
2019-10-21 08:53:40,847 [main] INFO  server.BaseHttpServer (BaseHttpServer.java:updateConnectorAddress(215)) - HTTP server of OZONEMANAGER is listening at http://0.0.0.0:46139
2019-10-21 08:53:41,141 [main] INFO  impl.MetricsSystemImpl (MetricsSystemImpl.java:init(158)) - HddsDatanode metrics system started (again)
2019-10-21 08:53:41,189 [main] INFO  ozone.HddsDatanodeService (HddsDatanodeService.java:start(184)) - HddsDatanodeService host:pr-hdds-1868-bv6q8-2720828103 ip:192.168.69.94
2019-10-21 08:53:41,223 [main] INFO  volume.HddsVolume (HddsVolume.java:<init>(176)) - Creating Volume: /workdir/hadoop-ozone/integration-test/target/test-dir/MiniOzoneClusterImpl-837d3900-8951-459a-88fe-dec9addad157/datanode-0/data/containers/hdds of  storage type : DISK and capacity : 1482555576320
2019-10-21 08:53:41,225 [main] INFO  volume.VolumeSet (VolumeSet.java:initializeVolumeSet(170)) - Added Volume : /workdir/hadoop-ozone/integration-test/target/test-dir/MiniOzoneClusterImpl-837d3900-8951-459a-88fe-dec9addad157/datanode-0/data/containers/hdds to VolumeSet
2019-10-21 08:53:41,228 [main] INFO  volume.ThrottledAsyncChecker (ThrottledAsyncChecker.java:schedule(141)) - Scheduling a check for /workdir/hadoop-ozone/integration-test/target/test-dir/MiniOzoneClusterImpl-837d3900-8951-459a-88fe-dec9addad157/datanode-0/data/containers/hdds
2019-10-21 08:53:41,247 [main] INFO  volume.HddsVolumeChecker (HddsVolumeChecker.java:checkAllVolumes(204)) - Scheduled health check for volume /workdir/hadoop-ozone/integration-test/target/test-dir/MiniOzoneClusterImpl-837d3900-8951-459a-88fe-dec9addad157/datanode-0/data/containers/hdds
2019-10-21 08:53:41,356 [main] INFO  impl.RaftServerProxy (ConfUtils.java:logGet(43)) - raft.rpc.type = GRPC (default)
2019-10-21 08:53:41,420 [main] INFO  grpc.GrpcFactory (GrpcFactory.java:checkPooledByteBufAllocatorUseCacheForAllThreads(45)) - PERFORMANCE WARNING: useCacheForAllThreads is true that may cause Netty to create a lot garbage objects and, as a result, trigger GC.
	It is recommended to disable useCacheForAllThreads by setting -Dorg.apache.ratis.thirdparty.io.netty.allocator.useCacheForAllThreads=false in command line.
2019-10-21 08:53:41,425 [main] INFO  grpc.GrpcConfigKeys$Server (ConfUtils.java:logGet(43)) - raft.grpc.server.port = 0 (default)
2019-10-21 08:53:41,426 [main] INFO  server.GrpcService (ConfUtils.java:logGet(43)) - raft.grpc.message.size.max = 33570816 (custom)
2019-10-21 08:53:41,429 [main] INFO  server.RaftServerConfigKeys (ConfUtils.java:logGet(43)) - raft.server.log.appender.buffer.byte-limit = 33554432 (custom)
2019-10-21 08:53:41,430 [main] INFO  server.GrpcService (ConfUtils.java:logGet(43)) - raft.grpc.flow.control.window = 1MB (=1048576) (default)
2019-10-21 08:53:41,432 [main] INFO  server.RaftServerConfigKeys (ConfUtils.java:logGet(43)) - raft.server.rpc.request.timeout = 3000ms (default)
2019-10-21 08:53:41,614 [main] INFO  server.RaftServerConfigKeys (ConfUtils.java:logGet(43)) - raft.server.storage.dir = [/workdir/hadoop-ozone/integration-test/target/test-dir/MiniOzoneClusterImpl-837d3900-8951-459a-88fe-dec9addad157/datanode-0/data/ratis] (custom)
2019-10-21 08:53:41,671 [main] INFO  hdfs.DFSUtil (DFSUtil.java:httpServerTemplateForNNAndJN(1641)) - Starting Web-server for hddsDatanode at: http://0.0.0.0:0
2019-10-21 08:53:41,674 [main] INFO  server.AuthenticationFilter (AuthenticationFilter.java:constructSecretProvider(240)) - Unable to initialize FileSignerSecretProvider, falling back to use random secrets.
2019-10-21 08:53:41,675 [main] WARN  http.HttpRequestLog (HttpRequestLog.java:getRequestLog(97)) - Jetty request log can only be enabled using Log4j
2019-10-21 08:53:41,678 [main] INFO  http.HttpServer2 (HttpServer2.java:addGlobalFilter(975)) - Added global filter 'safety' (class=org.apache.hadoop.http.HttpServer2$QuotingInputFilter)
2019-10-21 08:53:41,679 [main] INFO  http.HttpServer2 (HttpServer2.java:addFilter(948)) - Added filter static_user_filter (class=org.apache.hadoop.http.lib.StaticUserWebFilter$StaticUserFilter) to context hddsDatanode
2019-10-21 08:53:41,680 [main] INFO  http.HttpServer2 (HttpServer2.java:addFilter(958)) - Added filter static_user_filter (class=org.apache.hadoop.http.lib.StaticUserWebFilter$StaticUserFilter) to context logs
2019-10-21 08:53:41,680 [main] INFO  http.HttpServer2 (HttpServer2.java:addFilter(958)) - Added filter static_user_filter (class=org.apache.hadoop.http.lib.StaticUserWebFilter$StaticUserFilter) to context static
2019-10-21 08:53:41,681 [main] INFO  http.HttpServer2 (HttpServer2.java:bindListener(1191)) - Jetty bound to port 37574
2019-10-21 08:53:41,682 [main] INFO  server.Server (Server.java:doStart(351)) - jetty-9.3.25.v20180904, build timestamp: 2018-09-04T21:11:46Z, git hash: 3ce520221d0240229c862b122d2b06c12a625732
2019-10-21 08:53:41,685 [main] INFO  handler.ContextHandler (ContextHandler.java:doStart(781)) - Started o.e.j.s.ServletContextHandler@21079a12{/logs,file:///workdir/hadoop-ozone/integration-test/target/log,AVAILABLE}
2019-10-21 08:53:41,686 [main] INFO  handler.ContextHandler (ContextHandler.java:doStart(781)) - Started o.e.j.s.ServletContextHandler@67c5ac52{/static,jar:file:/home/user/.m2/repository/org/apache/hadoop/hadoop-hdds-container-service/0.5.0-SNAPSHOT/hadoop-hdds-container-service-0.5.0-SNAPSHOT.jar!/webapps/static,AVAILABLE}
2019-10-21 08:53:41,740 [main] INFO  handler.ContextHandler (ContextHandler.java:doStart(781)) - Started o.e.j.w.WebAppContext@2436ea2f{/,file:///tmp/jetty-0.0.0.0-37574-hddsDatanode-_-any-3832226584363855788.dir/webapp/,AVAILABLE}{/hddsDatanode}
2019-10-21 08:53:41,741 [main] INFO  server.AbstractConnector (AbstractConnector.java:doStart(278)) - Started ServerConnector@f951a7f{HTTP/1.1,[http/1.1]}{0.0.0.0:37574}
2019-10-21 08:53:41,742 [main] INFO  server.Server (Server.java:doStart(419)) - Started @5068ms
2019-10-21 08:53:41,743 [main] WARN  impl.MetricsSystemImpl (MetricsSystemImpl.java:register(276)) - Sink prometheus already exists!
2019-10-21 08:53:41,744 [main] INFO  server.BaseHttpServer (BaseHttpServer.java:updateConnectorAddress(215)) - HTTP server of HDDSDATANODE is listening at http://0.0.0.0:37574
2019-10-21 08:53:41,745 [main] INFO  impl.MetricsSystemImpl (MetricsSystemImpl.java:init(158)) - HddsDatanode metrics system started (again)
2019-10-21 08:53:41,748 [main] INFO  ozone.HddsDatanodeService (HddsDatanodeService.java:start(184)) - HddsDatanodeService host:pr-hdds-1868-bv6q8-2720828103 ip:192.168.69.94
2019-10-21 08:53:41,751 [org.apache.hadoop.util.JvmPauseMonitor$Monitor@12cf58bb] INFO  util.JvmPauseMonitor (JvmPauseMonitor.java:run(188)) - Starting JVM pause monitor
2019-10-21 08:53:41,758 [main] INFO  volume.HddsVolume (HddsVolume.java:<init>(176)) - Creating Volume: /workdir/hadoop-ozone/integration-test/target/test-dir/MiniOzoneClusterImpl-837d3900-8951-459a-88fe-dec9addad157/datanode-1/data/containers/hdds of  storage type : DISK and capacity : 1482555576320
2019-10-21 08:53:41,758 [main] INFO  volume.VolumeSet (VolumeSet.java:initializeVolumeSet(170)) - Added Volume : /workdir/hadoop-ozone/integration-test/target/test-dir/MiniOzoneClusterImpl-837d3900-8951-459a-88fe-dec9addad157/datanode-1/data/containers/hdds to VolumeSet
2019-10-21 08:53:41,758 [main] INFO  volume.ThrottledAsyncChecker (ThrottledAsyncChecker.java:schedule(141)) - Scheduling a check for /workdir/hadoop-ozone/integration-test/target/test-dir/MiniOzoneClusterImpl-837d3900-8951-459a-88fe-dec9addad157/datanode-1/data/containers/hdds
2019-10-21 08:53:41,759 [main] INFO  volume.HddsVolumeChecker (HddsVolumeChecker.java:checkAllVolumes(204)) - Scheduled health check for volume /workdir/hadoop-ozone/integration-test/target/test-dir/MiniOzoneClusterImpl-837d3900-8951-459a-88fe-dec9addad157/datanode-1/data/containers/hdds
2019-10-21 08:53:41,774 [main] INFO  impl.RaftServerProxy (ConfUtils.java:logGet(43)) - raft.rpc.type = GRPC (default)
2019-10-21 08:53:41,774 [main] INFO  grpc.GrpcFactory (GrpcFactory.java:checkPooledByteBufAllocatorUseCacheForAllThreads(45)) - PERFORMANCE WARNING: useCacheForAllThreads is true that may cause Netty to create a lot garbage objects and, as a result, trigger GC.
	It is recommended to disable useCacheForAllThreads by setting -Dorg.apache.ratis.thirdparty.io.netty.allocator.useCacheForAllThreads=false in command line.
2019-10-21 08:53:41,775 [main] INFO  grpc.GrpcConfigKeys$Server (ConfUtils.java:logGet(43)) - raft.grpc.server.port = 0 (default)
2019-10-21 08:53:41,775 [main] INFO  server.GrpcService (ConfUtils.java:logGet(43)) - raft.grpc.message.size.max = 33570816 (custom)
2019-10-21 08:53:41,775 [main] INFO  server.RaftServerConfigKeys (ConfUtils.java:logGet(43)) - raft.server.log.appender.buffer.byte-limit = 33554432 (custom)
2019-10-21 08:53:41,775 [main] INFO  server.GrpcService (ConfUtils.java:logGet(43)) - raft.grpc.flow.control.window = 1MB (=1048576) (default)
2019-10-21 08:53:41,776 [main] INFO  server.RaftServerConfigKeys (ConfUtils.java:logGet(43)) - raft.server.rpc.request.timeout = 3000ms (default)
2019-10-21 08:53:41,779 [main] INFO  server.RaftServerConfigKeys (ConfUtils.java:logGet(43)) - raft.server.storage.dir = [/workdir/hadoop-ozone/integration-test/target/test-dir/MiniOzoneClusterImpl-837d3900-8951-459a-88fe-dec9addad157/datanode-1/data/ratis] (custom)
2019-10-21 08:53:41,781 [main] INFO  hdfs.DFSUtil (DFSUtil.java:httpServerTemplateForNNAndJN(1641)) - Starting Web-server for hddsDatanode at: http://0.0.0.0:0
2019-10-21 08:53:41,782 [main] INFO  server.AuthenticationFilter (AuthenticationFilter.java:constructSecretProvider(240)) - Unable to initialize FileSignerSecretProvider, falling back to use random secrets.
2019-10-21 08:53:41,783 [main] WARN  http.HttpRequestLog (HttpRequestLog.java:getRequestLog(97)) - Jetty request log can only be enabled using Log4j
2019-10-21 08:53:41,785 [main] INFO  http.HttpServer2 (HttpServer2.java:addGlobalFilter(975)) - Added global filter 'safety' (class=org.apache.hadoop.http.HttpServer2$QuotingInputFilter)
2019-10-21 08:53:41,785 [main] INFO  http.HttpServer2 (HttpServer2.java:addFilter(948)) - Added filter static_user_filter (class=org.apache.hadoop.http.lib.StaticUserWebFilter$StaticUserFilter) to context hddsDatanode
2019-10-21 08:53:41,785 [main] INFO  http.HttpServer2 (HttpServer2.java:addFilter(958)) - Added filter static_user_filter (class=org.apache.hadoop.http.lib.StaticUserWebFilter$StaticUserFilter) to context static
2019-10-21 08:53:41,785 [main] INFO  http.HttpServer2 (HttpServer2.java:addFilter(958)) - Added filter static_user_filter (class=org.apache.hadoop.http.lib.StaticUserWebFilter$StaticUserFilter) to context logs
2019-10-21 08:53:41,786 [main] INFO  http.HttpServer2 (HttpServer2.java:bindListener(1191)) - Jetty bound to port 36364
2019-10-21 08:53:41,787 [main] INFO  server.Server (Server.java:doStart(351)) - jetty-9.3.25.v20180904, build timestamp: 2018-09-04T21:11:46Z, git hash: 3ce520221d0240229c862b122d2b06c12a625732
2019-10-21 08:53:41,789 [main] INFO  handler.ContextHandler (ContextHandler.java:doStart(781)) - Started o.e.j.s.ServletContextHandler@78d6447a{/logs,file:///workdir/hadoop-ozone/integration-test/target/log,AVAILABLE}
2019-10-21 08:53:41,790 [main] INFO  handler.ContextHandler (ContextHandler.java:doStart(781)) - Started o.e.j.s.ServletContextHandler@1e469dfd{/static,jar:file:/home/user/.m2/repository/org/apache/hadoop/hadoop-hdds-container-service/0.5.0-SNAPSHOT/hadoop-hdds-container-service-0.5.0-SNAPSHOT.jar!/webapps/static,AVAILABLE}
2019-10-21 08:53:41,822 [main] INFO  handler.ContextHandler (ContextHandler.java:doStart(781)) - Started o.e.j.w.WebAppContext@2af69643{/,file:///tmp/jetty-0.0.0.0-36364-hddsDatanode-_-any-6845778108732297261.dir/webapp/,AVAILABLE}{/hddsDatanode}
2019-10-21 08:53:41,822 [main] INFO  server.AbstractConnector (AbstractConnector.java:doStart(278)) - Started ServerConnector@587a1cfb{HTTP/1.1,[http/1.1]}{0.0.0.0:36364}
2019-10-21 08:53:41,823 [main] INFO  server.Server (Server.java:doStart(419)) - Started @5149ms
2019-10-21 08:53:41,823 [main] WARN  impl.MetricsSystemImpl (MetricsSystemImpl.java:register(276)) - Sink prometheus already exists!
2019-10-21 08:53:41,825 [main] INFO  server.BaseHttpServer (BaseHttpServer.java:updateConnectorAddress(215)) - HTTP server of HDDSDATANODE is listening at http://0.0.0.0:36364
2019-10-21 08:53:41,825 [main] INFO  impl.MetricsSystemImpl (MetricsSystemImpl.java:init(158)) - HddsDatanode metrics system started (again)
2019-10-21 08:53:41,828 [main] INFO  ozone.HddsDatanodeService (HddsDatanodeService.java:start(184)) - HddsDatanodeService host:pr-hdds-1868-bv6q8-2720828103 ip:192.168.69.94
2019-10-21 08:53:41,828 [org.apache.hadoop.util.JvmPauseMonitor$Monitor@5de27ffa] INFO  util.JvmPauseMonitor (JvmPauseMonitor.java:run(188)) - Starting JVM pause monitor
2019-10-21 08:53:41,836 [main] INFO  volume.HddsVolume (HddsVolume.java:<init>(176)) - Creating Volume: /workdir/hadoop-ozone/integration-test/target/test-dir/MiniOzoneClusterImpl-837d3900-8951-459a-88fe-dec9addad157/datanode-2/data/containers/hdds of  storage type : DISK and capacity : 1482555576320
2019-10-21 08:53:41,836 [main] INFO  volume.VolumeSet (VolumeSet.java:initializeVolumeSet(170)) - Added Volume : /workdir/hadoop-ozone/integration-test/target/test-dir/MiniOzoneClusterImpl-837d3900-8951-459a-88fe-dec9addad157/datanode-2/data/containers/hdds to VolumeSet
2019-10-21 08:53:41,836 [main] INFO  volume.ThrottledAsyncChecker (ThrottledAsyncChecker.java:schedule(141)) - Scheduling a check for /workdir/hadoop-ozone/integration-test/target/test-dir/MiniOzoneClusterImpl-837d3900-8951-459a-88fe-dec9addad157/datanode-2/data/containers/hdds
2019-10-21 08:53:41,837 [main] INFO  volume.HddsVolumeChecker (HddsVolumeChecker.java:checkAllVolumes(204)) - Scheduled health check for volume /workdir/hadoop-ozone/integration-test/target/test-dir/MiniOzoneClusterImpl-837d3900-8951-459a-88fe-dec9addad157/datanode-2/data/containers/hdds
2019-10-21 08:53:41,851 [Datanode State Machine Thread - 0] INFO  datanode.InitDatanodeState (InitDatanodeState.java:persistContainerDatanodeDetails(140)) - DatanodeDetails is persisted to /workdir/hadoop-ozone/integration-test/target/test-dir/MiniOzoneClusterImpl-837d3900-8951-459a-88fe-dec9addad157/datanode-0/meta/datanode.id
2019-10-21 08:53:41,853 [main] INFO  impl.RaftServerProxy (ConfUtils.java:logGet(43)) - raft.rpc.type = GRPC (default)
2019-10-21 08:53:41,853 [main] INFO  grpc.GrpcFactory (GrpcFactory.java:checkPooledByteBufAllocatorUseCacheForAllThreads(45)) - PERFORMANCE WARNING: useCacheForAllThreads is true that may cause Netty to create a lot garbage objects and, as a result, trigger GC.
	It is recommended to disable useCacheForAllThreads by setting -Dorg.apache.ratis.thirdparty.io.netty.allocator.useCacheForAllThreads=false in command line.
2019-10-21 08:53:41,854 [main] INFO  grpc.GrpcConfigKeys$Server (ConfUtils.java:logGet(43)) - raft.grpc.server.port = 0 (default)
2019-10-21 08:53:41,854 [main] INFO  server.GrpcService (ConfUtils.java:logGet(43)) - raft.grpc.message.size.max = 33570816 (custom)
2019-10-21 08:53:41,854 [main] INFO  server.RaftServerConfigKeys (ConfUtils.java:logGet(43)) - raft.server.log.appender.buffer.byte-limit = 33554432 (custom)
2019-10-21 08:53:41,854 [Datanode State Machine Thread - 0] INFO  datanode.InitDatanodeState (InitDatanodeState.java:persistContainerDatanodeDetails(140)) - DatanodeDetails is persisted to /workdir/hadoop-ozone/integration-test/target/test-dir/MiniOzoneClusterImpl-837d3900-8951-459a-88fe-dec9addad157/datanode-1/meta/datanode.id
2019-10-21 08:53:41,855 [main] INFO  server.GrpcService (ConfUtils.java:logGet(43)) - raft.grpc.flow.control.window = 1MB (=1048576) (default)
2019-10-21 08:53:41,855 [main] INFO  server.RaftServerConfigKeys (ConfUtils.java:logGet(43)) - raft.server.rpc.request.timeout = 3000ms (default)
2019-10-21 08:53:41,856 [main] INFO  server.RaftServerConfigKeys (ConfUtils.java:logGet(43)) - raft.server.storage.dir = [/workdir/hadoop-ozone/integration-test/target/test-dir/MiniOzoneClusterImpl-837d3900-8951-459a-88fe-dec9addad157/datanode-2/data/ratis] (custom)
2019-10-21 08:53:41,858 [main] INFO  hdfs.DFSUtil (DFSUtil.java:httpServerTemplateForNNAndJN(1641)) - Starting Web-server for hddsDatanode at: http://0.0.0.0:0
2019-10-21 08:53:41,859 [main] INFO  server.AuthenticationFilter (AuthenticationFilter.java:constructSecretProvider(240)) - Unable to initialize FileSignerSecretProvider, falling back to use random secrets.
2019-10-21 08:53:41,860 [main] WARN  http.HttpRequestLog (HttpRequestLog.java:getRequestLog(97)) - Jetty request log can only be enabled using Log4j
2019-10-21 08:53:41,861 [main] INFO  http.HttpServer2 (HttpServer2.java:addGlobalFilter(975)) - Added global filter 'safety' (class=org.apache.hadoop.http.HttpServer2$QuotingInputFilter)
2019-10-21 08:53:41,862 [main] INFO  http.HttpServer2 (HttpServer2.java:addFilter(948)) - Added filter static_user_filter (class=org.apache.hadoop.http.lib.StaticUserWebFilter$StaticUserFilter) to context hddsDatanode
2019-10-21 08:53:41,862 [main] INFO  http.HttpServer2 (HttpServer2.java:addFilter(958)) - Added filter static_user_filter (class=org.apache.hadoop.http.lib.StaticUserWebFilter$StaticUserFilter) to context static
2019-10-21 08:53:41,862 [main] INFO  http.HttpServer2 (HttpServer2.java:addFilter(958)) - Added filter static_user_filter (class=org.apache.hadoop.http.lib.StaticUserWebFilter$StaticUserFilter) to context logs
2019-10-21 08:53:41,863 [main] INFO  http.HttpServer2 (HttpServer2.java:bindListener(1191)) - Jetty bound to port 43193
2019-10-21 08:53:41,863 [main] INFO  server.Server (Server.java:doStart(351)) - jetty-9.3.25.v20180904, build timestamp: 2018-09-04T21:11:46Z, git hash: 3ce520221d0240229c862b122d2b06c12a625732
2019-10-21 08:53:41,865 [main] INFO  handler.ContextHandler (ContextHandler.java:doStart(781)) - Started o.e.j.s.ServletContextHandler@51c959a4{/logs,file:///workdir/hadoop-ozone/integration-test/target/log,AVAILABLE}
2019-10-21 08:53:41,866 [main] INFO  handler.ContextHandler (ContextHandler.java:doStart(781)) - Started o.e.j.s.ServletContextHandler@10a0fe30{/static,jar:file:/home/user/.m2/repository/org/apache/hadoop/hadoop-hdds-container-service/0.5.0-SNAPSHOT/hadoop-hdds-container-service-0.5.0-SNAPSHOT.jar!/webapps/static,AVAILABLE}
2019-10-21 08:53:41,897 [main] INFO  handler.ContextHandler (ContextHandler.java:doStart(781)) - Started o.e.j.w.WebAppContext@63c12e52{/,file:///tmp/jetty-0.0.0.0-43193-hddsDatanode-_-any-4938427210791896505.dir/webapp/,AVAILABLE}{/hddsDatanode}
2019-10-21 08:53:41,897 [main] INFO  server.AbstractConnector (AbstractConnector.java:doStart(278)) - Started ServerConnector@21bd20ee{HTTP/1.1,[http/1.1]}{0.0.0.0:43193}
2019-10-21 08:53:41,898 [main] INFO  server.Server (Server.java:doStart(419)) - Started @5224ms
2019-10-21 08:53:41,899 [main] WARN  impl.MetricsSystemImpl (MetricsSystemImpl.java:register(276)) - Sink prometheus already exists!
2019-10-21 08:53:41,900 [main] INFO  server.BaseHttpServer (BaseHttpServer.java:updateConnectorAddress(215)) - HTTP server of HDDSDATANODE is listening at http://0.0.0.0:43193
2019-10-21 08:53:41,903 [main] INFO  ozone.MiniOzoneClusterImpl (MiniOzoneClusterImpl.java:lambda$waitForClusterToBeReady$2(170)) - Waiting for cluster to be ready. Got 0 of 3 DN Heartbeats.
2019-10-21 08:53:41,903 [org.apache.hadoop.util.JvmPauseMonitor$Monitor@7fcf1a7f] INFO  util.JvmPauseMonitor (JvmPauseMonitor.java:run(188)) - Starting JVM pause monitor
2019-10-21 08:53:41,906 [Datanode State Machine Thread - 0] INFO  datanode.InitDatanodeState (InitDatanodeState.java:persistContainerDatanodeDetails(140)) - DatanodeDetails is persisted to /workdir/hadoop-ozone/integration-test/target/test-dir/MiniOzoneClusterImpl-837d3900-8951-459a-88fe-dec9addad157/datanode-2/meta/datanode.id
2019-10-21 08:53:42,903 [main] INFO  ozone.MiniOzoneClusterImpl (MiniOzoneClusterImpl.java:lambda$waitForClusterToBeReady$2(170)) - Waiting for cluster to be ready. Got 0 of 3 DN Heartbeats.
2019-10-21 08:53:43,846 [Datanode State Machine Thread - 0] INFO  ozoneimpl.OzoneContainer (OzoneContainer.java:start(213)) - Attempting to start container services.
2019-10-21 08:53:43,846 [Datanode State Machine Thread - 0] INFO  ozoneimpl.OzoneContainer (OzoneContainer.java:start(213)) - Attempting to start container services.
2019-10-21 08:53:43,850 [Datanode State Machine Thread - 0] INFO  ozoneimpl.OzoneContainer (OzoneContainer.java:startContainerScrub(177)) - Background container scanner has been disabled.
2019-10-21 08:53:43,850 [Datanode State Machine Thread - 0] INFO  ozoneimpl.OzoneContainer (OzoneContainer.java:startContainerScrub(177)) - Background container scanner has been disabled.
2019-10-21 08:53:43,850 [Datanode State Machine Thread - 0] INFO  ratis.XceiverServerRatis (XceiverServerRatis.java:start(424)) - Starting XceiverServerRatis 5edaa15a-462c-4223-9b9f-86f5b13029f2 at port 0
2019-10-21 08:53:43,850 [Datanode State Machine Thread - 0] INFO  ratis.XceiverServerRatis (XceiverServerRatis.java:start(424)) - Starting XceiverServerRatis fe29a221-84a6-4e60-b8fd-e87bf4d69f29 at port 0
2019-10-21 08:53:43,886 [Datanode State Machine Thread - 0] INFO  impl.RaftServerProxy (RaftServerProxy.java:lambda$start$3(299)) - 5edaa15a-462c-4223-9b9f-86f5b13029f2: start RPC server
2019-10-21 08:53:43,886 [Datanode State Machine Thread - 0] INFO  impl.RaftServerProxy (RaftServerProxy.java:lambda$start$3(299)) - fe29a221-84a6-4e60-b8fd-e87bf4d69f29: start RPC server
2019-10-21 08:53:43,904 [main] INFO  ozone.MiniOzoneClusterImpl (MiniOzoneClusterImpl.java:lambda$waitForClusterToBeReady$2(170)) - Waiting for cluster to be ready. Got 0 of 3 DN Heartbeats.
2019-10-21 08:53:43,920 [Datanode State Machine Thread - 0] INFO  ozoneimpl.OzoneContainer (OzoneContainer.java:start(213)) - Attempting to start container services.
2019-10-21 08:53:43,925 [Datanode State Machine Thread - 0] INFO  ozoneimpl.OzoneContainer (OzoneContainer.java:startContainerScrub(177)) - Background container scanner has been disabled.
2019-10-21 08:53:43,925 [Datanode State Machine Thread - 0] INFO  ratis.XceiverServerRatis (XceiverServerRatis.java:start(424)) - Starting XceiverServerRatis c70aeaaf-c9e5-48cb-bf54-679217b9dc75 at port 0
2019-10-21 08:53:43,944 [Datanode State Machine Thread - 0] INFO  impl.RaftServerProxy (RaftServerProxy.java:lambda$start$3(299)) - c70aeaaf-c9e5-48cb-bf54-679217b9dc75: start RPC server
2019-10-21 08:53:44,047 [Datanode State Machine Thread - 0] INFO  server.GrpcService (GrpcService.java:startImpl(158)) - c70aeaaf-c9e5-48cb-bf54-679217b9dc75: GrpcService started, listening on 0.0.0.0/0.0.0.0:41041
2019-10-21 08:53:44,047 [Datanode State Machine Thread - 0] INFO  server.GrpcService (GrpcService.java:startImpl(158)) - 5edaa15a-462c-4223-9b9f-86f5b13029f2: GrpcService started, listening on 0.0.0.0/0.0.0.0:40883
2019-10-21 08:53:44,047 [Datanode State Machine Thread - 0] INFO  server.GrpcService (GrpcService.java:startImpl(158)) - fe29a221-84a6-4e60-b8fd-e87bf4d69f29: GrpcService started, listening on 0.0.0.0/0.0.0.0:36145
2019-10-21 08:53:44,048 [Datanode State Machine Thread - 0] INFO  ratis.XceiverServerRatis (XceiverServerRatis.java:start(434)) - XceiverServerRatis 5edaa15a-462c-4223-9b9f-86f5b13029f2 is started using port 40883
2019-10-21 08:53:44,048 [Datanode State Machine Thread - 0] INFO  ratis.XceiverServerRatis (XceiverServerRatis.java:start(434)) - XceiverServerRatis c70aeaaf-c9e5-48cb-bf54-679217b9dc75 is started using port 41041
2019-10-21 08:53:44,049 [Datanode State Machine Thread - 0] INFO  ratis.XceiverServerRatis (XceiverServerRatis.java:start(434)) - XceiverServerRatis fe29a221-84a6-4e60-b8fd-e87bf4d69f29 is started using port 36145
2019-10-21 08:53:44,054 [Datanode State Machine Thread - 0] INFO  server.XceiverServerGrpc (XceiverServerGrpc.java:start(149)) - XceiverServerGrpc fe29a221-84a6-4e60-b8fd-e87bf4d69f29 is started using port 36886
2019-10-21 08:53:44,054 [Datanode State Machine Thread - 0] INFO  server.XceiverServerGrpc (XceiverServerGrpc.java:start(149)) - XceiverServerGrpc 5edaa15a-462c-4223-9b9f-86f5b13029f2 is started using port 37346
2019-10-21 08:53:44,054 [Datanode State Machine Thread - 0] INFO  server.XceiverServerGrpc (XceiverServerGrpc.java:start(149)) - XceiverServerGrpc c70aeaaf-c9e5-48cb-bf54-679217b9dc75 is started using port 33988
2019-10-21 08:53:44,905 [main] INFO  ozone.MiniOzoneClusterImpl (MiniOzoneClusterImpl.java:lambda$waitForClusterToBeReady$2(170)) - Waiting for cluster to be ready. Got 0 of 3 DN Heartbeats.
2019-10-21 08:53:45,789 [IPC Server handler 0 on 39477] INFO  net.NetworkTopology (NetworkTopologyImpl.java:add(111)) - Added a new node: /default-rack/fe29a221-84a6-4e60-b8fd-e87bf4d69f29
2019-10-21 08:53:45,790 [IPC Server handler 0 on 39477] INFO  node.SCMNodeManager (SCMNodeManager.java:register(268)) - Registered Data node : fe29a221-84a6-4e60-b8fd-e87bf4d69f29{ip: 192.168.69.94, host: pr-hdds-1868-bv6q8-2720828103, networkLocation: /default-rack, certSerialId: null}
2019-10-21 08:53:45,794 [EventQueue-NodeRegistrationContainerReportForDataNodeSafeModeRule] INFO  safemode.SCMSafeModeManager (DataNodeSafeModeRule.java:process(71)) - SCM in safe mode. 1 DataNodes registered, 1 required.
2019-10-21 08:53:45,794 [EventQueue-NodeRegistrationContainerReportForDataNodeSafeModeRule] INFO  safemode.SCMSafeModeManager (SCMSafeModeManager.java:validateSafeModeExitRules(177)) - ScmSafeModeManager, all rules are successfully validated
2019-10-21 08:53:45,794 [EventQueue-NodeRegistrationContainerReportForDataNodeSafeModeRule] INFO  safemode.SCMSafeModeManager (SCMSafeModeManager.java:exitSafeMode(193)) - SCM exiting safe mode.
2019-10-21 08:53:45,834 [IPC Server handler 1 on 39477] INFO  net.NetworkTopology (NetworkTopologyImpl.java:add(111)) - Added a new node: /default-rack/5edaa15a-462c-4223-9b9f-86f5b13029f2
2019-10-21 08:53:45,834 [IPC Server handler 1 on 39477] INFO  node.SCMNodeManager (SCMNodeManager.java:register(268)) - Registered Data node : 5edaa15a-462c-4223-9b9f-86f5b13029f2{ip: 192.168.69.94, host: pr-hdds-1868-bv6q8-2720828103, networkLocation: /default-rack, certSerialId: null}
2019-10-21 08:53:45,905 [IPC Server handler 3 on 39477] INFO  net.NetworkTopology (NetworkTopologyImpl.java:add(111)) - Added a new node: /default-rack/c70aeaaf-c9e5-48cb-bf54-679217b9dc75
2019-10-21 08:53:45,905 [IPC Server handler 3 on 39477] INFO  node.SCMNodeManager (SCMNodeManager.java:register(268)) - Registered Data node : c70aeaaf-c9e5-48cb-bf54-679217b9dc75{ip: 192.168.69.94, host: pr-hdds-1868-bv6q8-2720828103, networkLocation: /default-rack, certSerialId: null}
2019-10-21 08:53:46,306 [grpc-default-executor-0] INFO  impl.RaftServerProxy (RaftServerProxy.java:addNew(89)) - fe29a221-84a6-4e60-b8fd-e87bf4d69f29: addNew group-6BE110B0BDA7:[fe29a221-84a6-4e60-b8fd-e87bf4d69f29:192.168.69.94:36145] returns group-6BE110B0BDA7:java.util.concurrent.CompletableFuture@10f2d345[Not completed]
2019-10-21 08:53:46,320 [pool-27-thread-1] INFO  impl.RaftServerImpl (RaftServerImpl.java:<init>(98)) - fe29a221-84a6-4e60-b8fd-e87bf4d69f29: new RaftServerImpl for group-6BE110B0BDA7:[fe29a221-84a6-4e60-b8fd-e87bf4d69f29:192.168.69.94:36145] with ContainerStateMachine:uninitialized
2019-10-21 08:53:46,323 [pool-27-thread-1] INFO  server.RaftServerConfigKeys (ConfUtils.java:logGet(43)) - raft.server.rpc.timeout.min = 5s (custom)
2019-10-21 08:53:46,324 [pool-27-thread-1] INFO  server.RaftServerConfigKeys (ConfUtils.java:logGet(43)) - raft.server.rpc.timeout.max = 5200ms (custom)
2019-10-21 08:53:46,324 [pool-27-thread-1] INFO  server.RaftServerConfigKeys (ConfUtils.java:logGet(43)) - raft.server.rpcslowness.timeout = 1000s (custom)
2019-10-21 08:53:46,325 [pool-27-thread-1] INFO  server.RaftServerConfigKeys (ConfUtils.java:logGet(43)) - raft.server.sleep.deviation.threshold = 300 (default)
2019-10-21 08:53:46,326 [pool-27-thread-1] INFO  server.RaftServerConfigKeys (ConfUtils.java:logGet(43)) - raft.server.log.appender.install.snapshot.enabled = false (custom)
2019-10-21 08:53:46,335 [pool-27-thread-1] INFO  impl.RaftServerImpl (ServerState.java:<init>(103)) - fe29a221-84a6-4e60-b8fd-e87bf4d69f29@group-6BE110B0BDA7: ConfigurationManager, init=-1: [fe29a221-84a6-4e60-b8fd-e87bf4d69f29:192.168.69.94:36145], old=null, confs=<EMPTY_MAP>
2019-10-21 08:53:46,336 [pool-27-thread-1] INFO  server.RaftServerConfigKeys (ConfUtils.java:logGet(43)) - raft.server.storage.dir = [/workdir/hadoop-ozone/integration-test/target/test-dir/MiniOzoneClusterImpl-837d3900-8951-459a-88fe-dec9addad157/datanode-0/data/ratis] (custom)
2019-10-21 08:53:46,344 [pool-27-thread-1] INFO  server.RaftServerConfigKeys (ConfUtils.java:logGet(43)) - raft.server.log.corruption.policy = EXCEPTION (default)
2019-10-21 08:53:46,346 [pool-27-thread-1] INFO  storage.RaftStorageDirectory (RaftStorageDirectory.java:analyzeStorage(246)) - The storage directory /workdir/hadoop-ozone/integration-test/target/test-dir/MiniOzoneClusterImpl-837d3900-8951-459a-88fe-dec9addad157/datanode-0/data/ratis/89e3f819-ae8c-4d50-94f8-6be110b0bda7 does not exist. Creating ...
2019-10-21 08:53:46,364 [pool-27-thread-1] INFO  storage.RaftStorageDirectory (RaftStorageDirectory.java:tryLock(328)) - Lock on /workdir/hadoop-ozone/integration-test/target/test-dir/MiniOzoneClusterImpl-837d3900-8951-459a-88fe-dec9addad157/datanode-0/data/ratis/89e3f819-ae8c-4d50-94f8-6be110b0bda7/in_use.lock acquired by nodename 25926@pr-hdds-1868-bv6q8-2720828103
2019-10-21 08:53:46,381 [pool-27-thread-1] INFO  storage.RaftStorage (RaftStorage.java:format(84)) - Storage directory /workdir/hadoop-ozone/integration-test/target/test-dir/MiniOzoneClusterImpl-837d3900-8951-459a-88fe-dec9addad157/datanode-0/data/ratis/89e3f819-ae8c-4d50-94f8-6be110b0bda7 has been successfully formatted.
2019-10-21 08:53:46,383 [pool-27-thread-1] INFO  ratis.ContainerStateMachine (ContainerStateMachine.java:loadSnapshot(233)) - group-6BE110B0BDA7: The snapshot info is null. Setting the last applied indexto:(t:0, i:~)
2019-10-21 08:53:46,384 [pool-27-thread-1] INFO  server.RaftServerConfigKeys (ConfUtils.java:logGet(43)) - raft.server.notification.no-leader.timeout = 1000s (custom)
2019-10-21 08:53:46,387 [pool-27-thread-1] INFO  server.RaftServerConfigKeys (ConfUtils.java:logGet(43)) - raft.server.log.use.memory = false (default)
2019-10-21 08:53:46,399 [pool-27-thread-1] INFO  server.RaftServerConfigKeys (ConfUtils.java:logGet(43)) - raft.server.log.purge.gap = 1000000 (custom)
2019-10-21 08:53:46,400 [pool-27-thread-1] INFO  server.RaftServerConfigKeys (ConfUtils.java:logGet(43)) - raft.server.log.appender.buffer.byte-limit = 33554432 (custom)
2019-10-21 08:53:46,403 [pool-27-thread-1] INFO  server.RaftServerConfigKeys (ConfUtils.java:logGet(43)) - raft.server.log.segment.size.max = 1048576 (custom)
2019-10-21 08:53:46,410 [pool-27-thread-1] INFO  metrics.MetricRegistries (MetricRegistriesLoader.java:load(64)) - Loaded MetricRegistries class org.apache.ratis.metrics.impl.MetricRegistriesImpl
2019-10-21 08:53:46,414 [pool-27-thread-1] WARN  impl.MetricRegistriesImpl (MetricRegistriesImpl.java:lambda$create$1(61)) - First MetricRegistry has been created without registering reporters. You may need to call MetricRegistries.global().addReportRegistration(...) before.
2019-10-21 08:53:46,421 [pool-27-thread-1] INFO  server.RaftServerConfigKeys (ConfUtils.java:logGet(43)) - raft.server.log.segment.cache.num.max = 2 (custom)
2019-10-21 08:53:46,427 [pool-27-thread-1] INFO  segmented.SegmentedRaftLogWorker (SegmentedRaftLogWorker.java:<init>(173)) - new fe29a221-84a6-4e60-b8fd-e87bf4d69f29@group-6BE110B0BDA7-SegmentedRaftLogWorker for RaftStorage:Storage Directory /workdir/hadoop-ozone/integration-test/target/test-dir/MiniOzoneClusterImpl-837d3900-8951-459a-88fe-dec9addad157/datanode-0/data/ratis/89e3f819-ae8c-4d50-94f8-6be110b0bda7
2019-10-21 08:53:46,427 [pool-27-thread-1] INFO  server.RaftServerConfigKeys (ConfUtils.java:logGet(43)) - raft.server.log.queue.byte-limit = 2147483647 (custom)
2019-10-21 08:53:46,428 [pool-27-thread-1] INFO  server.RaftServerConfigKeys (ConfUtils.java:logGet(43)) - raft.server.log.queue.element-limit = 1024 (custom)
2019-10-21 08:53:46,430 [pool-27-thread-1] INFO  server.RaftServerConfigKeys (ConfUtils.java:logGet(43)) - raft.server.log.segment.size.max = 1048576 (custom)
2019-10-21 08:53:46,430 [pool-27-thread-1] INFO  server.RaftServerConfigKeys (ConfUtils.java:logGet(43)) - raft.server.log.preallocated.size = 16384 (custom)
2019-10-21 08:53:46,431 [pool-27-thread-1] INFO  server.RaftServerConfigKeys (ConfUtils.java:logGet(43)) - raft.server.log.write.buffer.size = 33554432 (custom)
2019-10-21 08:53:46,431 [pool-27-thread-1] INFO  server.RaftServerConfigKeys (ConfUtils.java:logGet(43)) - raft.server.log.force.sync.num = 128 (default)
2019-10-21 08:53:46,432 [pool-27-thread-1] INFO  server.RaftServerConfigKeys (ConfUtils.java:logGet(43)) - raft.server.log.statemachine.data.sync = true (default)
2019-10-21 08:53:46,432 [pool-27-thread-1] INFO  server.RaftServerConfigKeys (ConfUtils.java:logGet(43)) - raft.server.log.statemachine.data.sync.timeout = 10s (default)
2019-10-21 08:53:46,433 [pool-27-thread-1] INFO  server.RaftServerConfigKeys (ConfUtils.java:logGet(43)) - raft.server.log.statemachine.data.sync.timeout.retry = -1 (default)
2019-10-21 08:53:46,444 [pool-27-thread-1] INFO  server.RaftServerConfigKeys (ConfUtils.java:logGet(43)) - raft.server.log.statemachine.data.caching.enabled = true (custom)
2019-10-21 08:53:46,451 [pool-27-thread-1] INFO  segmented.SegmentedRaftLogWorker (SegmentedRaftLogWorker.java:lambda$new$0(128)) - fe29a221-84a6-4e60-b8fd-e87bf4d69f29@group-6BE110B0BDA7-SegmentedRaftLogWorker: flushIndex: setUnconditionally 0 -> -1
2019-10-21 08:53:46,455 [pool-27-thread-1] INFO  server.RaftServerConfigKeys (ConfUtils.java:logGet(43)) - raft.server.snapshot.auto.trigger.enabled = true (custom)
2019-10-21 08:53:46,456 [pool-27-thread-1] INFO  server.RaftServerConfigKeys (ConfUtils.java:logGet(43)) - raft.server.snapshot.auto.trigger.threshold = 10000 (custom)
2019-10-21 08:53:46,456 [pool-27-thread-1] INFO  server.RaftServerConfigKeys (ConfUtils.java:logGet(43)) - raft.server.snapshot.retention.file.num = 5 (custom)
2019-10-21 08:53:46,457 [pool-27-thread-1] INFO  server.RaftServerConfigKeys (ConfUtils.java:logGet(43)) - raft.server.retrycache.expirytime = 600000ms (custom)
2019-10-21 08:53:46,479 [pool-27-thread-1] WARN  impl.MetricRegistriesImpl (MetricRegistriesImpl.java:lambda$create$1(61)) - First MetricRegistry has been created without registering reporters. You may need to call MetricRegistries.global().addReportRegistration(...) before.
2019-10-21 08:53:46,481 [pool-27-thread-1] WARN  impl.MetricRegistriesImpl (MetricRegistriesImpl.java:lambda$create$1(61)) - First MetricRegistry has been created without registering reporters. You may need to call MetricRegistries.global().addReportRegistration(...) before.
2019-10-21 08:53:46,482 [pool-27-thread-1] INFO  impl.RaftServerImpl (RaftServerImpl.java:start(184)) - fe29a221-84a6-4e60-b8fd-e87bf4d69f29@group-6BE110B0BDA7: start as a follower, conf=-1: [fe29a221-84a6-4e60-b8fd-e87bf4d69f29:192.168.69.94:36145], old=null
2019-10-21 08:53:46,484 [pool-27-thread-1] INFO  impl.RaftServerImpl (RaftServerImpl.java:setRole(173)) - fe29a221-84a6-4e60-b8fd-e87bf4d69f29@group-6BE110B0BDA7: changes role from      null to FOLLOWER at term 0 for startAsFollower
2019-10-21 08:53:46,485 [pool-27-thread-1] INFO  impl.RoleInfo (RoleInfo.java:updateAndGet(143)) - fe29a221-84a6-4e60-b8fd-e87bf4d69f29: start FollowerState
2019-10-21 08:53:46,489 [pool-27-thread-1] INFO  util.JmxRegister (JmxRegister.java:tryRegister(44)) - Successfully registered JMX Bean with object name Ratis:service=RaftServer,group=group-6BE110B0BDA7,id=fe29a221-84a6-4e60-b8fd-e87bf4d69f29
2019-10-21 08:53:46,491 [pool-27-thread-1] WARN  impl.MetricRegistriesImpl (MetricRegistriesImpl.java:lambda$create$1(61)) - First MetricRegistry has been created without registering reporters. You may need to call MetricRegistries.global().addReportRegistration(...) before.
2019-10-21 08:53:46,563 [RatisPipelineUtilsThread] INFO  pipeline.PipelineStateManager (PipelineStateManager.java:addPipeline(55)) - Created pipeline Pipeline[ Id: 89e3f819-ae8c-4d50-94f8-6be110b0bda7, Nodes: fe29a221-84a6-4e60-b8fd-e87bf4d69f29{ip: 192.168.69.94, host: pr-hdds-1868-bv6q8-2720828103, networkLocation: /default-rack, certSerialId: null}, Type:RATIS, Factor:ONE, State:ALLOCATED]
2019-10-21 08:53:46,583 [grpc-default-executor-0] INFO  impl.RaftServerProxy (RaftServerProxy.java:addNew(89)) - c70aeaaf-c9e5-48cb-bf54-679217b9dc75: addNew group-FE81462D8BDB:[c70aeaaf-c9e5-48cb-bf54-679217b9dc75:192.168.69.94:41041] returns group-FE81462D8BDB:java.util.concurrent.CompletableFuture@5ffb4a16[Not completed]
2019-10-21 08:53:46,611 [pool-47-thread-1] INFO  impl.RaftServerImpl (RaftServerImpl.java:<init>(98)) - c70aeaaf-c9e5-48cb-bf54-679217b9dc75: new RaftServerImpl for group-FE81462D8BDB:[c70aeaaf-c9e5-48cb-bf54-679217b9dc75:192.168.69.94:41041] with ContainerStateMachine:uninitialized
2019-10-21 08:53:46,612 [pool-47-thread-1] INFO  server.RaftServerConfigKeys (ConfUtils.java:logGet(43)) - raft.server.rpc.timeout.min = 5s (custom)
2019-10-21 08:53:46,613 [pool-47-thread-1] INFO  server.RaftServerConfigKeys (ConfUtils.java:logGet(43)) - raft.server.rpc.timeout.max = 5200ms (custom)
2019-10-21 08:53:46,613 [pool-47-thread-1] INFO  server.RaftServerConfigKeys (ConfUtils.java:logGet(43)) - raft.server.rpcslowness.timeout = 1000s (custom)
2019-10-21 08:53:46,613 [pool-47-thread-1] INFO  server.RaftServerConfigKeys (ConfUtils.java:logGet(43)) - raft.server.sleep.deviation.threshold = 300 (default)
2019-10-21 08:53:46,613 [pool-47-thread-1] INFO  server.RaftServerConfigKeys (ConfUtils.java:logGet(43)) - raft.server.log.appender.install.snapshot.enabled = false (custom)
2019-10-21 08:53:46,614 [pool-47-thread-1] INFO  impl.RaftServerImpl (ServerState.java:<init>(103)) - c70aeaaf-c9e5-48cb-bf54-679217b9dc75@group-FE81462D8BDB: ConfigurationManager, init=-1: [c70aeaaf-c9e5-48cb-bf54-679217b9dc75:192.168.69.94:41041], old=null, confs=<EMPTY_MAP>
2019-10-21 08:53:46,614 [pool-47-thread-1] INFO  server.RaftServerConfigKeys (ConfUtils.java:logGet(43)) - raft.server.storage.dir = [/workdir/hadoop-ozone/integration-test/target/test-dir/MiniOzoneClusterImpl-837d3900-8951-459a-88fe-dec9addad157/datanode-2/data/ratis] (custom)
2019-10-21 08:53:46,615 [pool-47-thread-1] INFO  server.RaftServerConfigKeys (ConfUtils.java:logGet(43)) - raft.server.log.corruption.policy = EXCEPTION (default)
2019-10-21 08:53:46,615 [pool-47-thread-1] INFO  storage.RaftStorageDirectory (RaftStorageDirectory.java:analyzeStorage(246)) - The storage directory /workdir/hadoop-ozone/integration-test/target/test-dir/MiniOzoneClusterImpl-837d3900-8951-459a-88fe-dec9addad157/datanode-2/data/ratis/da8b4cff-15b6-4f5c-9b25-fe81462d8bdb does not exist. Creating ...
2019-10-21 08:53:46,629 [pool-47-thread-1] INFO  storage.RaftStorageDirectory (RaftStorageDirectory.java:tryLock(328)) - Lock on /workdir/hadoop-ozone/integration-test/target/test-dir/MiniOzoneClusterImpl-837d3900-8951-459a-88fe-dec9addad157/datanode-2/data/ratis/da8b4cff-15b6-4f5c-9b25-fe81462d8bdb/in_use.lock acquired by nodename 25926@pr-hdds-1868-bv6q8-2720828103
2019-10-21 08:53:46,646 [pool-47-thread-1] INFO  storage.RaftStorage (RaftStorage.java:format(84)) - Storage directory /workdir/hadoop-ozone/integration-test/target/test-dir/MiniOzoneClusterImpl-837d3900-8951-459a-88fe-dec9addad157/datanode-2/data/ratis/da8b4cff-15b6-4f5c-9b25-fe81462d8bdb has been successfully formatted.
2019-10-21 08:53:46,648 [pool-47-thread-1] INFO  ratis.ContainerStateMachine (ContainerStateMachine.java:loadSnapshot(233)) - group-FE81462D8BDB: The snapshot info is null. Setting the last applied indexto:(t:0, i:~)
2019-10-21 08:53:46,649 [pool-47-thread-1] INFO  server.RaftServerConfigKeys (ConfUtils.java:logGet(43)) - raft.server.notification.no-leader.timeout = 1000s (custom)
2019-10-21 08:53:46,649 [pool-47-thread-1] INFO  server.RaftServerConfigKeys (ConfUtils.java:logGet(43)) - raft.server.log.use.memory = false (default)
2019-10-21 08:53:46,650 [pool-47-thread-1] INFO  server.RaftServerConfigKeys (ConfUtils.java:logGet(43)) - raft.server.log.purge.gap = 1000000 (custom)
2019-10-21 08:53:46,650 [pool-47-thread-1] INFO  server.RaftServerConfigKeys (ConfUtils.java:logGet(43)) - raft.server.log.appender.buffer.byte-limit = 33554432 (custom)
2019-10-21 08:53:46,650 [pool-47-thread-1] INFO  server.RaftServerConfigKeys (ConfUtils.java:logGet(43)) - raft.server.log.segment.size.max = 1048576 (custom)
2019-10-21 08:53:46,650 [pool-47-thread-1] WARN  impl.MetricRegistriesImpl (MetricRegistriesImpl.java:lambda$create$1(61)) - First MetricRegistry has been created without registering reporters. You may need to call MetricRegistries.global().addReportRegistration(...) before.
2019-10-21 08:53:46,651 [pool-47-thread-1] INFO  server.RaftServerConfigKeys (ConfUtils.java:logGet(43)) - raft.server.log.segment.cache.num.max = 2 (custom)
2019-10-21 08:53:46,651 [pool-47-thread-1] INFO  segmented.SegmentedRaftLogWorker (SegmentedRaftLogWorker.java:<init>(173)) - new c70aeaaf-c9e5-48cb-bf54-679217b9dc75@group-FE81462D8BDB-SegmentedRaftLogWorker for RaftStorage:Storage Directory /workdir/hadoop-ozone/integration-test/target/test-dir/MiniOzoneClusterImpl-837d3900-8951-459a-88fe-dec9addad157/datanode-2/data/ratis/da8b4cff-15b6-4f5c-9b25-fe81462d8bdb
2019-10-21 08:53:46,652 [pool-47-thread-1] INFO  server.RaftServerConfigKeys (ConfUtils.java:logGet(43)) - raft.server.log.queue.byte-limit = 2147483647 (custom)
2019-10-21 08:53:46,653 [pool-47-thread-1] INFO  server.RaftServerConfigKeys (ConfUtils.java:logGet(43)) - raft.server.log.queue.element-limit = 1024 (custom)
2019-10-21 08:53:46,653 [pool-47-thread-1] INFO  server.RaftServerConfigKeys (ConfUtils.java:logGet(43)) - raft.server.log.segment.size.max = 1048576 (custom)
2019-10-21 08:53:46,653 [pool-47-thread-1] INFO  server.RaftServerConfigKeys (ConfUtils.java:logGet(43)) - raft.server.log.preallocated.size = 16384 (custom)
2019-10-21 08:53:46,653 [pool-47-thread-1] INFO  server.RaftServerConfigKeys (ConfUtils.java:logGet(43)) - raft.server.log.write.buffer.size = 33554432 (custom)
2019-10-21 08:53:46,653 [pool-47-thread-1] INFO  server.RaftServerConfigKeys (ConfUtils.java:logGet(43)) - raft.server.log.force.sync.num = 128 (default)
2019-10-21 08:53:46,654 [pool-47-thread-1] INFO  server.RaftServerConfigKeys (ConfUtils.java:logGet(43)) - raft.server.log.statemachine.data.sync = true (default)
2019-10-21 08:53:46,654 [pool-47-thread-1] INFO  server.RaftServerConfigKeys (ConfUtils.java:logGet(43)) - raft.server.log.statemachine.data.sync.timeout = 10s (default)
2019-10-21 08:53:46,654 [pool-47-thread-1] INFO  server.RaftServerConfigKeys (ConfUtils.java:logGet(43)) - raft.server.log.statemachine.data.sync.timeout.retry = -1 (default)
2019-10-21 08:53:46,654 [pool-47-thread-1] INFO  server.RaftServerConfigKeys (ConfUtils.java:logGet(43)) - raft.server.log.statemachine.data.caching.enabled = true (custom)
2019-10-21 08:53:46,655 [pool-47-thread-1] INFO  segmented.SegmentedRaftLogWorker (SegmentedRaftLogWorker.java:lambda$new$0(128)) - c70aeaaf-c9e5-48cb-bf54-679217b9dc75@group-FE81462D8BDB-SegmentedRaftLogWorker: flushIndex: setUnconditionally 0 -> -1
2019-10-21 08:53:46,655 [pool-47-thread-1] INFO  server.RaftServerConfigKeys (ConfUtils.java:logGet(43)) - raft.server.snapshot.auto.trigger.enabled = true (custom)
2019-10-21 08:53:46,656 [pool-47-thread-1] INFO  server.RaftServerConfigKeys (ConfUtils.java:logGet(43)) - raft.server.snapshot.auto.trigger.threshold = 10000 (custom)
2019-10-21 08:53:46,656 [pool-47-thread-1] INFO  server.RaftServerConfigKeys (ConfUtils.java:logGet(43)) - raft.server.snapshot.retention.file.num = 5 (custom)
2019-10-21 08:53:46,656 [pool-47-thread-1] INFO  server.RaftServerConfigKeys (ConfUtils.java:logGet(43)) - raft.server.retrycache.expirytime = 600000ms (custom)
2019-10-21 08:53:46,657 [pool-47-thread-1] WARN  impl.MetricRegistriesImpl (MetricRegistriesImpl.java:lambda$create$1(61)) - First MetricRegistry has been created without registering reporters. You may need to call MetricRegistries.global().addReportRegistration(...) before.
2019-10-21 08:53:46,657 [pool-47-thread-1] WARN  impl.MetricRegistriesImpl (MetricRegistriesImpl.java:lambda$create$1(61)) - First MetricRegistry has been created without registering reporters. You may need to call MetricRegistries.global().addReportRegistration(...) before.
2019-10-21 08:53:46,657 [pool-47-thread-1] INFO  impl.RaftServerImpl (RaftServerImpl.java:start(184)) - c70aeaaf-c9e5-48cb-bf54-679217b9dc75@group-FE81462D8BDB: start as a follower, conf=-1: [c70aeaaf-c9e5-48cb-bf54-679217b9dc75:192.168.69.94:41041], old=null
2019-10-21 08:53:46,657 [pool-47-thread-1] INFO  impl.RaftServerImpl (RaftServerImpl.java:setRole(173)) - c70aeaaf-c9e5-48cb-bf54-679217b9dc75@group-FE81462D8BDB: changes role from      null to FOLLOWER at term 0 for startAsFollower
2019-10-21 08:53:46,658 [pool-47-thread-1] INFO  impl.RoleInfo (RoleInfo.java:updateAndGet(143)) - c70aeaaf-c9e5-48cb-bf54-679217b9dc75: start FollowerState
2019-10-21 08:53:46,659 [pool-47-thread-1] INFO  util.JmxRegister (JmxRegister.java:tryRegister(44)) - Successfully registered JMX Bean with object name Ratis:service=RaftServer,group=group-FE81462D8BDB,id=c70aeaaf-c9e5-48cb-bf54-679217b9dc75
2019-10-21 08:53:46,660 [pool-47-thread-1] WARN  impl.MetricRegistriesImpl (MetricRegistriesImpl.java:lambda$create$1(61)) - First MetricRegistry has been created without registering reporters. You may need to call MetricRegistries.global().addReportRegistration(...) before.
2019-10-21 08:53:46,674 [RatisPipelineUtilsThread] INFO  pipeline.PipelineStateManager (PipelineStateManager.java:addPipeline(55)) - Created pipeline Pipeline[ Id: da8b4cff-15b6-4f5c-9b25-fe81462d8bdb, Nodes: c70aeaaf-c9e5-48cb-bf54-679217b9dc75{ip: 192.168.69.94, host: pr-hdds-1868-bv6q8-2720828103, networkLocation: /default-rack, certSerialId: null}, Type:RATIS, Factor:ONE, State:ALLOCATED]
2019-10-21 08:53:46,693 [grpc-default-executor-0] INFO  impl.RaftServerProxy (RaftServerProxy.java:addNew(89)) - 5edaa15a-462c-4223-9b9f-86f5b13029f2: addNew group-F8F814EC0573:[5edaa15a-462c-4223-9b9f-86f5b13029f2:192.168.69.94:40883] returns group-F8F814EC0573:java.util.concurrent.CompletableFuture@20722278[Not completed]
2019-10-21 08:53:46,708 [pool-37-thread-1] INFO  impl.RaftServerImpl (RaftServerImpl.java:<init>(98)) - 5edaa15a-462c-4223-9b9f-86f5b13029f2: new RaftServerImpl for group-F8F814EC0573:[5edaa15a-462c-4223-9b9f-86f5b13029f2:192.168.69.94:40883] with ContainerStateMachine:uninitialized
2019-10-21 08:53:46,709 [pool-37-thread-1] INFO  server.RaftServerConfigKeys (ConfUtils.java:logGet(43)) - raft.server.rpc.timeout.min = 5s (custom)
2019-10-21 08:53:46,709 [pool-37-thread-1] INFO  server.RaftServerConfigKeys (ConfUtils.java:logGet(43)) - raft.server.rpc.timeout.max = 5200ms (custom)
2019-10-21 08:53:46,710 [pool-37-thread-1] INFO  server.RaftServerConfigKeys (ConfUtils.java:logGet(43)) - raft.server.rpcslowness.timeout = 1000s (custom)
2019-10-21 08:53:46,710 [pool-37-thread-1] INFO  server.RaftServerConfigKeys (ConfUtils.java:logGet(43)) - raft.server.sleep.deviation.threshold = 300 (default)
2019-10-21 08:53:46,710 [pool-37-thread-1] INFO  server.RaftServerConfigKeys (ConfUtils.java:logGet(43)) - raft.server.log.appender.install.snapshot.enabled = false (custom)
2019-10-21 08:53:46,710 [pool-37-thread-1] INFO  impl.RaftServerImpl (ServerState.java:<init>(103)) - 5edaa15a-462c-4223-9b9f-86f5b13029f2@group-F8F814EC0573: ConfigurationManager, init=-1: [5edaa15a-462c-4223-9b9f-86f5b13029f2:192.168.69.94:40883], old=null, confs=<EMPTY_MAP>
2019-10-21 08:53:46,710 [pool-37-thread-1] INFO  server.RaftServerConfigKeys (ConfUtils.java:logGet(43)) - raft.server.storage.dir = [/workdir/hadoop-ozone/integration-test/target/test-dir/MiniOzoneClusterImpl-837d3900-8951-459a-88fe-dec9addad157/datanode-1/data/ratis] (custom)
2019-10-21 08:53:46,711 [pool-37-thread-1] INFO  server.RaftServerConfigKeys (ConfUtils.java:logGet(43)) - raft.server.log.corruption.policy = EXCEPTION (default)
2019-10-21 08:53:46,711 [pool-37-thread-1] INFO  storage.RaftStorageDirectory (RaftStorageDirectory.java:analyzeStorage(246)) - The storage directory /workdir/hadoop-ozone/integration-test/target/test-dir/MiniOzoneClusterImpl-837d3900-8951-459a-88fe-dec9addad157/datanode-1/data/ratis/b9619941-094f-4760-9009-f8f814ec0573 does not exist. Creating ...
2019-10-21 08:53:46,724 [pool-37-thread-1] INFO  storage.RaftStorageDirectory (RaftStorageDirectory.java:tryLock(328)) - Lock on /workdir/hadoop-ozone/integration-test/target/test-dir/MiniOzoneClusterImpl-837d3900-8951-459a-88fe-dec9addad157/datanode-1/data/ratis/b9619941-094f-4760-9009-f8f814ec0573/in_use.lock acquired by nodename 25926@pr-hdds-1868-bv6q8-2720828103
2019-10-21 08:53:46,738 [pool-37-thread-1] INFO  storage.RaftStorage (RaftStorage.java:format(84)) - Storage directory /workdir/hadoop-ozone/integration-test/target/test-dir/MiniOzoneClusterImpl-837d3900-8951-459a-88fe-dec9addad157/datanode-1/data/ratis/b9619941-094f-4760-9009-f8f814ec0573 has been successfully formatted.
2019-10-21 08:53:46,739 [pool-37-thread-1] INFO  ratis.ContainerStateMachine (ContainerStateMachine.java:loadSnapshot(233)) - group-F8F814EC0573: The snapshot info is null. Setting the last applied indexto:(t:0, i:~)
2019-10-21 08:53:46,739 [pool-37-thread-1] INFO  server.RaftServerConfigKeys (ConfUtils.java:logGet(43)) - raft.server.notification.no-leader.timeout = 1000s (custom)
2019-10-21 08:53:46,739 [pool-37-thread-1] INFO  server.RaftServerConfigKeys (ConfUtils.java:logGet(43)) - raft.server.log.use.memory = false (default)
2019-10-21 08:53:46,739 [pool-37-thread-1] INFO  server.RaftServerConfigKeys (ConfUtils.java:logGet(43)) - raft.server.log.purge.gap = 1000000 (custom)
2019-10-21 08:53:46,739 [pool-37-thread-1] INFO  server.RaftServerConfigKeys (ConfUtils.java:logGet(43)) - raft.server.log.appender.buffer.byte-limit = 33554432 (custom)
2019-10-21 08:53:46,740 [pool-37-thread-1] INFO  server.RaftServerConfigKeys (ConfUtils.java:logGet(43)) - raft.server.log.segment.size.max = 1048576 (custom)
2019-10-21 08:53:46,740 [pool-37-thread-1] WARN  impl.MetricRegistriesImpl (MetricRegistriesImpl.java:lambda$create$1(61)) - First MetricRegistry has been created without registering reporters. You may need to call MetricRegistries.global().addReportRegistration(...) before.
2019-10-21 08:53:46,740 [pool-37-thread-1] INFO  server.RaftServerConfigKeys (ConfUtils.java:logGet(43)) - raft.server.log.segment.cache.num.max = 2 (custom)
2019-10-21 08:53:46,740 [pool-37-thread-1] INFO  segmented.SegmentedRaftLogWorker (SegmentedRaftLogWorker.java:<init>(173)) - new 5edaa15a-462c-4223-9b9f-86f5b13029f2@group-F8F814EC0573-SegmentedRaftLogWorker for RaftStorage:Storage Directory /workdir/hadoop-ozone/integration-test/target/test-dir/MiniOzoneClusterImpl-837d3900-8951-459a-88fe-dec9addad157/datanode-1/data/ratis/b9619941-094f-4760-9009-f8f814ec0573
2019-10-21 08:53:46,740 [pool-37-thread-1] INFO  server.RaftServerConfigKeys (ConfUtils.java:logGet(43)) - raft.server.log.queue.byte-limit = 2147483647 (custom)
2019-10-21 08:53:46,741 [pool-37-thread-1] INFO  server.RaftServerConfigKeys (ConfUtils.java:logGet(43)) - raft.server.log.queue.element-limit = 1024 (custom)
2019-10-21 08:53:46,741 [pool-37-thread-1] INFO  server.RaftServerConfigKeys (ConfUtils.java:logGet(43)) - raft.server.log.segment.size.max = 1048576 (custom)
2019-10-21 08:53:46,741 [pool-37-thread-1] INFO  server.RaftServerConfigKeys (ConfUtils.java:logGet(43)) - raft.server.log.preallocated.size = 16384 (custom)
2019-10-21 08:53:46,741 [pool-37-thread-1] INFO  server.RaftServerConfigKeys (ConfUtils.java:logGet(43)) - raft.server.log.write.buffer.size = 33554432 (custom)
2019-10-21 08:53:46,741 [pool-37-thread-1] INFO  server.RaftServerConfigKeys (ConfUtils.java:logGet(43)) - raft.server.log.force.sync.num = 128 (default)
2019-10-21 08:53:46,742 [pool-37-thread-1] INFO  server.RaftServerConfigKeys (ConfUtils.java:logGet(43)) - raft.server.log.statemachine.data.sync = true (default)
2019-10-21 08:53:46,742 [pool-37-thread-1] INFO  server.RaftServerConfigKeys (ConfUtils.java:logGet(43)) - raft.server.log.statemachine.data.sync.timeout = 10s (default)
2019-10-21 08:53:46,742 [pool-37-thread-1] INFO  server.RaftServerConfigKeys (ConfUtils.java:logGet(43)) - raft.server.log.statemachine.data.sync.timeout.retry = -1 (default)
2019-10-21 08:53:46,742 [pool-37-thread-1] INFO  server.RaftServerConfigKeys (ConfUtils.java:logGet(43)) - raft.server.log.statemachine.data.caching.enabled = true (custom)
2019-10-21 08:53:46,743 [pool-37-thread-1] INFO  segmented.SegmentedRaftLogWorker (SegmentedRaftLogWorker.java:lambda$new$0(128)) - 5edaa15a-462c-4223-9b9f-86f5b13029f2@group-F8F814EC0573-SegmentedRaftLogWorker: flushIndex: setUnconditionally 0 -> -1
2019-10-21 08:53:46,743 [pool-37-thread-1] INFO  server.RaftServerConfigKeys (ConfUtils.java:logGet(43)) - raft.server.snapshot.auto.trigger.enabled = true (custom)
2019-10-21 08:53:46,744 [pool-37-thread-1] INFO  server.RaftServerConfigKeys (ConfUtils.java:logGet(43)) - raft.server.snapshot.auto.trigger.threshold = 10000 (custom)
2019-10-21 08:53:46,744 [pool-37-thread-1] INFO  server.RaftServerConfigKeys (ConfUtils.java:logGet(43)) - raft.server.snapshot.retention.file.num = 5 (custom)
2019-10-21 08:53:46,744 [pool-37-thread-1] INFO  server.RaftServerConfigKeys (ConfUtils.java:logGet(43)) - raft.server.retrycache.expirytime = 600000ms (custom)
2019-10-21 08:53:46,744 [pool-37-thread-1] WARN  impl.MetricRegistriesImpl (MetricRegistriesImpl.java:lambda$create$1(61)) - First MetricRegistry has been created without registering reporters. You may need to call MetricRegistries.global().addReportRegistration(...) before.
2019-10-21 08:53:46,745 [pool-37-thread-1] WARN  impl.MetricRegistriesImpl (MetricRegistriesImpl.java:lambda$create$1(61)) - First MetricRegistry has been created without registering reporters. You may need to call MetricRegistries.global().addReportRegistration(...) before.
2019-10-21 08:53:46,745 [pool-37-thread-1] INFO  impl.RaftServerImpl (RaftServerImpl.java:start(184)) - 5edaa15a-462c-4223-9b9f-86f5b13029f2@group-F8F814EC0573: start as a follower, conf=-1: [5edaa15a-462c-4223-9b9f-86f5b13029f2:192.168.69.94:40883], old=null
2019-10-21 08:53:46,745 [pool-37-thread-1] INFO  impl.RaftServerImpl (RaftServerImpl.java:setRole(173)) - 5edaa15a-462c-4223-9b9f-86f5b13029f2@group-F8F814EC0573: changes role from      null to FOLLOWER at term 0 for startAsFollower
2019-10-21 08:53:46,745 [pool-37-thread-1] INFO  impl.RoleInfo (RoleInfo.java:updateAndGet(143)) - 5edaa15a-462c-4223-9b9f-86f5b13029f2: start FollowerState
2019-10-21 08:53:46,746 [pool-37-thread-1] INFO  util.JmxRegister (JmxRegister.java:tryRegister(44)) - Successfully registered JMX Bean with object name Ratis:service=RaftServer,group=group-F8F814EC0573,id=5edaa15a-462c-4223-9b9f-86f5b13029f2
2019-10-21 08:53:46,746 [pool-37-thread-1] WARN  impl.MetricRegistriesImpl (MetricRegistriesImpl.java:lambda$create$1(61)) - First MetricRegistry has been created without registering reporters. You may need to call MetricRegistries.global().addReportRegistration(...) before.
2019-10-21 08:53:46,757 [RatisPipelineUtilsThread] INFO  pipeline.PipelineStateManager (PipelineStateManager.java:addPipeline(55)) - Created pipeline Pipeline[ Id: b9619941-094f-4760-9009-f8f814ec0573, Nodes: 5edaa15a-462c-4223-9b9f-86f5b13029f2{ip: 192.168.69.94, host: pr-hdds-1868-bv6q8-2720828103, networkLocation: /default-rack, certSerialId: null}, Type:RATIS, Factor:ONE, State:ALLOCATED]
2019-10-21 08:53:46,789 [grpc-default-executor-1] INFO  impl.RaftServerProxy (RaftServerProxy.java:addNew(89)) - c70aeaaf-c9e5-48cb-bf54-679217b9dc75: addNew group-47D63CB45BF6:[c70aeaaf-c9e5-48cb-bf54-679217b9dc75:192.168.69.94:41041, fe29a221-84a6-4e60-b8fd-e87bf4d69f29:192.168.69.94:36145, 5edaa15a-462c-4223-9b9f-86f5b13029f2:192.168.69.94:40883] returns group-47D63CB45BF6:java.util.concurrent.CompletableFuture@566f834b[Not completed]
2019-10-21 08:53:46,789 [grpc-default-executor-2] INFO  impl.RaftServerProxy (RaftServerProxy.java:addNew(89)) - 5edaa15a-462c-4223-9b9f-86f5b13029f2: addNew group-47D63CB45BF6:[c70aeaaf-c9e5-48cb-bf54-679217b9dc75:192.168.69.94:41041, fe29a221-84a6-4e60-b8fd-e87bf4d69f29:192.168.69.94:36145, 5edaa15a-462c-4223-9b9f-86f5b13029f2:192.168.69.94:40883] returns group-47D63CB45BF6:java.util.concurrent.CompletableFuture@3d28ce3[Not completed]
2019-10-21 08:53:46,794 [pool-47-thread-1] INFO  impl.RaftServerImpl (RaftServerImpl.java:<init>(98)) - c70aeaaf-c9e5-48cb-bf54-679217b9dc75: new RaftServerImpl for group-47D63CB45BF6:[c70aeaaf-c9e5-48cb-bf54-679217b9dc75:192.168.69.94:41041, fe29a221-84a6-4e60-b8fd-e87bf4d69f29:192.168.69.94:36145, 5edaa15a-462c-4223-9b9f-86f5b13029f2:192.168.69.94:40883] with ContainerStateMachine:uninitialized
2019-10-21 08:53:46,794 [grpc-default-executor-2] INFO  impl.RaftServerProxy (RaftServerProxy.java:addNew(89)) - fe29a221-84a6-4e60-b8fd-e87bf4d69f29: addNew group-47D63CB45BF6:[c70aeaaf-c9e5-48cb-bf54-679217b9dc75:192.168.69.94:41041, fe29a221-84a6-4e60-b8fd-e87bf4d69f29:192.168.69.94:36145, 5edaa15a-462c-4223-9b9f-86f5b13029f2:192.168.69.94:40883] returns group-47D63CB45BF6:java.util.concurrent.CompletableFuture@7ed0841[Not completed]
2019-10-21 08:53:46,795 [pool-47-thread-1] INFO  server.RaftServerConfigKeys (ConfUtils.java:logGet(43)) - raft.server.rpc.timeout.min = 5s (custom)
2019-10-21 08:53:46,795 [pool-47-thread-1] INFO  server.RaftServerConfigKeys (ConfUtils.java:logGet(43)) - raft.server.rpc.timeout.max = 5200ms (custom)
2019-10-21 08:53:46,795 [pool-47-thread-1] INFO  server.RaftServerConfigKeys (ConfUtils.java:logGet(43)) - raft.server.rpcslowness.timeout = 1000s (custom)
2019-10-21 08:53:46,795 [pool-47-thread-1] INFO  server.RaftServerConfigKeys (ConfUtils.java:logGet(43)) - raft.server.sleep.deviation.threshold = 300 (default)
2019-10-21 08:53:46,796 [pool-47-thread-1] INFO  server.RaftServerConfigKeys (ConfUtils.java:logGet(43)) - raft.server.log.appender.install.snapshot.enabled = false (custom)
2019-10-21 08:53:46,796 [pool-47-thread-1] INFO  impl.RaftServerImpl (ServerState.java:<init>(103)) - c70aeaaf-c9e5-48cb-bf54-679217b9dc75@group-47D63CB45BF6: ConfigurationManager, init=-1: [c70aeaaf-c9e5-48cb-bf54-679217b9dc75:192.168.69.94:41041, fe29a221-84a6-4e60-b8fd-e87bf4d69f29:192.168.69.94:36145, 5edaa15a-462c-4223-9b9f-86f5b13029f2:192.168.69.94:40883], old=null, confs=<EMPTY_MAP>
2019-10-21 08:53:46,796 [pool-37-thread-1] INFO  impl.RaftServerImpl (RaftServerImpl.java:<init>(98)) - 5edaa15a-462c-4223-9b9f-86f5b13029f2: new RaftServerImpl for group-47D63CB45BF6:[c70aeaaf-c9e5-48cb-bf54-679217b9dc75:192.168.69.94:41041, fe29a221-84a6-4e60-b8fd-e87bf4d69f29:192.168.69.94:36145, 5edaa15a-462c-4223-9b9f-86f5b13029f2:192.168.69.94:40883] with ContainerStateMachine:uninitialized
2019-10-21 08:53:46,796 [pool-47-thread-1] INFO  server.RaftServerConfigKeys (ConfUtils.java:logGet(43)) - raft.server.storage.dir = [/workdir/hadoop-ozone/integration-test/target/test-dir/MiniOzoneClusterImpl-837d3900-8951-459a-88fe-dec9addad157/datanode-2/data/ratis] (custom)
2019-10-21 08:53:46,796 [pool-37-thread-1] INFO  server.RaftServerConfigKeys (ConfUtils.java:logGet(43)) - raft.server.rpc.timeout.min = 5s (custom)
2019-10-21 08:53:46,797 [pool-37-thread-1] INFO  server.RaftServerConfigKeys (ConfUtils.java:logGet(43)) - raft.server.rpc.timeout.max = 5200ms (custom)
2019-10-21 08:53:46,797 [pool-37-thread-1] INFO  server.RaftServerConfigKeys (ConfUtils.java:logGet(43)) - raft.server.rpcslowness.timeout = 1000s (custom)
2019-10-21 08:53:46,797 [pool-37-thread-1] INFO  server.RaftServerConfigKeys (ConfUtils.java:logGet(43)) - raft.server.sleep.deviation.threshold = 300 (default)
2019-10-21 08:53:46,797 [pool-47-thread-1] INFO  server.RaftServerConfigKeys (ConfUtils.java:logGet(43)) - raft.server.log.corruption.policy = EXCEPTION (default)
2019-10-21 08:53:46,798 [pool-37-thread-1] INFO  server.RaftServerConfigKeys (ConfUtils.java:logGet(43)) - raft.server.log.appender.install.snapshot.enabled = false (custom)
2019-10-21 08:53:46,798 [pool-27-thread-1] INFO  impl.RaftServerImpl (RaftServerImpl.java:<init>(98)) - fe29a221-84a6-4e60-b8fd-e87bf4d69f29: new RaftServerImpl for group-47D63CB45BF6:[c70aeaaf-c9e5-48cb-bf54-679217b9dc75:192.168.69.94:41041, fe29a221-84a6-4e60-b8fd-e87bf4d69f29:192.168.69.94:36145, 5edaa15a-462c-4223-9b9f-86f5b13029f2:192.168.69.94:40883] with ContainerStateMachine:uninitialized
2019-10-21 08:53:46,798 [pool-47-thread-1] INFO  storage.RaftStorageDirectory (RaftStorageDirectory.java:analyzeStorage(246)) - The storage directory /workdir/hadoop-ozone/integration-test/target/test-dir/MiniOzoneClusterImpl-837d3900-8951-459a-88fe-dec9addad157/datanode-2/data/ratis/d646bb5b-a9ae-489a-b8be-47d63cb45bf6 does not exist. Creating ...
2019-10-21 08:53:46,798 [pool-37-thread-1] INFO  impl.RaftServerImpl (ServerState.java:<init>(103)) - 5edaa15a-462c-4223-9b9f-86f5b13029f2@group-47D63CB45BF6: ConfigurationManager, init=-1: [c70aeaaf-c9e5-48cb-bf54-679217b9dc75:192.168.69.94:41041, fe29a221-84a6-4e60-b8fd-e87bf4d69f29:192.168.69.94:36145, 5edaa15a-462c-4223-9b9f-86f5b13029f2:192.168.69.94:40883], old=null, confs=<EMPTY_MAP>
2019-10-21 08:53:46,798 [pool-27-thread-1] INFO  server.RaftServerConfigKeys (ConfUtils.java:logGet(43)) - raft.server.rpc.timeout.min = 5s (custom)
2019-10-21 08:53:46,799 [pool-37-thread-1] INFO  server.RaftServerConfigKeys (ConfUtils.java:logGet(43)) - raft.server.storage.dir = [/workdir/hadoop-ozone/integration-test/target/test-dir/MiniOzoneClusterImpl-837d3900-8951-459a-88fe-dec9addad157/datanode-1/data/ratis] (custom)
2019-10-21 08:53:46,799 [pool-27-thread-1] INFO  server.RaftServerConfigKeys (ConfUtils.java:logGet(43)) - raft.server.rpc.timeout.max = 5200ms (custom)
2019-10-21 08:53:46,799 [pool-27-thread-1] INFO  server.RaftServerConfigKeys (ConfUtils.java:logGet(43)) - raft.server.rpcslowness.timeout = 1000s (custom)
2019-10-21 08:53:46,799 [pool-37-thread-1] INFO  server.RaftServerConfigKeys (ConfUtils.java:logGet(43)) - raft.server.log.corruption.policy = EXCEPTION (default)
2019-10-21 08:53:46,799 [pool-27-thread-1] INFO  server.RaftServerConfigKeys (ConfUtils.java:logGet(43)) - raft.server.sleep.deviation.threshold = 300 (default)
2019-10-21 08:53:46,800 [pool-37-thread-1] INFO  storage.RaftStorageDirectory (RaftStorageDirectory.java:analyzeStorage(246)) - The storage directory /workdir/hadoop-ozone/integration-test/target/test-dir/MiniOzoneClusterImpl-837d3900-8951-459a-88fe-dec9addad157/datanode-1/data/ratis/d646bb5b-a9ae-489a-b8be-47d63cb45bf6 does not exist. Creating ...
2019-10-21 08:53:46,800 [pool-27-thread-1] INFO  server.RaftServerConfigKeys (ConfUtils.java:logGet(43)) - raft.server.log.appender.install.snapshot.enabled = false (custom)
2019-10-21 08:53:46,800 [pool-27-thread-1] INFO  impl.RaftServerImpl (ServerState.java:<init>(103)) - fe29a221-84a6-4e60-b8fd-e87bf4d69f29@group-47D63CB45BF6: ConfigurationManager, init=-1: [c70aeaaf-c9e5-48cb-bf54-679217b9dc75:192.168.69.94:41041, fe29a221-84a6-4e60-b8fd-e87bf4d69f29:192.168.69.94:36145, 5edaa15a-462c-4223-9b9f-86f5b13029f2:192.168.69.94:40883], old=null, confs=<EMPTY_MAP>
2019-10-21 08:53:46,800 [pool-27-thread-1] INFO  server.RaftServerConfigKeys (ConfUtils.java:logGet(43)) - raft.server.storage.dir = [/workdir/hadoop-ozone/integration-test/target/test-dir/MiniOzoneClusterImpl-837d3900-8951-459a-88fe-dec9addad157/datanode-0/data/ratis] (custom)
2019-10-21 08:53:46,801 [pool-27-thread-1] INFO  server.RaftServerConfigKeys (ConfUtils.java:logGet(43)) - raft.server.log.corruption.policy = EXCEPTION (default)
2019-10-21 08:53:46,801 [pool-27-thread-1] INFO  storage.RaftStorageDirectory (RaftStorageDirectory.java:analyzeStorage(246)) - The storage directory /workdir/hadoop-ozone/integration-test/target/test-dir/MiniOzoneClusterImpl-837d3900-8951-459a-88fe-dec9addad157/datanode-0/data/ratis/d646bb5b-a9ae-489a-b8be-47d63cb45bf6 does not exist. Creating ...
2019-10-21 08:53:46,808 [pool-27-thread-1] INFO  storage.RaftStorageDirectory (RaftStorageDirectory.java:tryLock(328)) - Lock on /workdir/hadoop-ozone/integration-test/target/test-dir/MiniOzoneClusterImpl-837d3900-8951-459a-88fe-dec9addad157/datanode-0/data/ratis/d646bb5b-a9ae-489a-b8be-47d63cb45bf6/in_use.lock acquired by nodename 25926@pr-hdds-1868-bv6q8-2720828103
2019-10-21 08:53:46,808 [pool-37-thread-1] INFO  storage.RaftStorageDirectory (RaftStorageDirectory.java:tryLock(328)) - Lock on /workdir/hadoop-ozone/integration-test/target/test-dir/MiniOzoneClusterImpl-837d3900-8951-459a-88fe-dec9addad157/datanode-1/data/ratis/d646bb5b-a9ae-489a-b8be-47d63cb45bf6/in_use.lock acquired by nodename 25926@pr-hdds-1868-bv6q8-2720828103
2019-10-21 08:53:46,808 [pool-47-thread-1] INFO  storage.RaftStorageDirectory (RaftStorageDirectory.java:tryLock(328)) - Lock on /workdir/hadoop-ozone/integration-test/target/test-dir/MiniOzoneClusterImpl-837d3900-8951-459a-88fe-dec9addad157/datanode-2/data/ratis/d646bb5b-a9ae-489a-b8be-47d63cb45bf6/in_use.lock acquired by nodename 25926@pr-hdds-1868-bv6q8-2720828103
2019-10-21 08:53:46,823 [pool-27-thread-1] INFO  storage.RaftStorage (RaftStorage.java:format(84)) - Storage directory /workdir/hadoop-ozone/integration-test/target/test-dir/MiniOzoneClusterImpl-837d3900-8951-459a-88fe-dec9addad157/datanode-0/data/ratis/d646bb5b-a9ae-489a-b8be-47d63cb45bf6 has been successfully formatted.
2019-10-21 08:53:46,823 [pool-47-thread-1] INFO  storage.RaftStorage (RaftStorage.java:format(84)) - Storage directory /workdir/hadoop-ozone/integration-test/target/test-dir/MiniOzoneClusterImpl-837d3900-8951-459a-88fe-dec9addad157/datanode-2/data/ratis/d646bb5b-a9ae-489a-b8be-47d63cb45bf6 has been successfully formatted.
2019-10-21 08:53:46,823 [pool-37-thread-1] INFO  storage.RaftStorage (RaftStorage.java:format(84)) - Storage directory /workdir/hadoop-ozone/integration-test/target/test-dir/MiniOzoneClusterImpl-837d3900-8951-459a-88fe-dec9addad157/datanode-1/data/ratis/d646bb5b-a9ae-489a-b8be-47d63cb45bf6 has been successfully formatted.
2019-10-21 08:53:46,823 [pool-27-thread-1] INFO  ratis.ContainerStateMachine (ContainerStateMachine.java:loadSnapshot(233)) - group-47D63CB45BF6: The snapshot info is null. Setting the last applied indexto:(t:0, i:~)
2019-10-21 08:53:46,824 [pool-47-thread-1] INFO  ratis.ContainerStateMachine (ContainerStateMachine.java:loadSnapshot(233)) - group-47D63CB45BF6: The snapshot info is null. Setting the last applied indexto:(t:0, i:~)
2019-10-21 08:53:46,824 [pool-27-thread-1] INFO  server.RaftServerConfigKeys (ConfUtils.java:logGet(43)) - raft.server.notification.no-leader.timeout = 1000s (custom)
2019-10-21 08:53:46,824 [pool-37-thread-1] INFO  ratis.ContainerStateMachine (ContainerStateMachine.java:loadSnapshot(233)) - group-47D63CB45BF6: The snapshot info is null. Setting the last applied indexto:(t:0, i:~)
2019-10-21 08:53:46,824 [pool-27-thread-1] INFO  server.RaftServerConfigKeys (ConfUtils.java:logGet(43)) - raft.server.log.use.memory = false (default)
2019-10-21 08:53:46,824 [pool-47-thread-1] INFO  server.RaftServerConfigKeys (ConfUtils.java:logGet(43)) - raft.server.notification.no-leader.timeout = 1000s (custom)
2019-10-21 08:53:46,824 [pool-27-thread-1] INFO  server.RaftServerConfigKeys (ConfUtils.java:logGet(43)) - raft.server.log.purge.gap = 1000000 (custom)
2019-10-21 08:53:46,824 [pool-37-thread-1] INFO  server.RaftServerConfigKeys (ConfUtils.java:logGet(43)) - raft.server.notification.no-leader.timeout = 1000s (custom)
2019-10-21 08:53:46,825 [pool-27-thread-1] INFO  server.RaftServerConfigKeys (ConfUtils.java:logGet(43)) - raft.server.log.appender.buffer.byte-limit = 33554432 (custom)
2019-10-21 08:53:46,825 [pool-47-thread-1] INFO  server.RaftServerConfigKeys (ConfUtils.java:logGet(43)) - raft.server.log.use.memory = false (default)
2019-10-21 08:53:46,825 [pool-27-thread-1] INFO  server.RaftServerConfigKeys (ConfUtils.java:logGet(43)) - raft.server.log.segment.size.max = 1048576 (custom)
2019-10-21 08:53:46,825 [pool-37-thread-1] INFO  server.RaftServerConfigKeys (ConfUtils.java:logGet(43)) - raft.server.log.use.memory = false (default)
2019-10-21 08:53:46,826 [pool-27-thread-1] INFO  server.RaftServerConfigKeys (ConfUtils.java:logGet(43)) - raft.server.log.segment.cache.num.max = 2 (custom)
2019-10-21 08:53:46,825 [pool-47-thread-1] INFO  server.RaftServerConfigKeys (ConfUtils.java:logGet(43)) - raft.server.log.purge.gap = 1000000 (custom)
2019-10-21 08:53:46,826 [pool-27-thread-1] INFO  segmented.SegmentedRaftLogWorker (SegmentedRaftLogWorker.java:<init>(173)) - new fe29a221-84a6-4e60-b8fd-e87bf4d69f29@group-47D63CB45BF6-SegmentedRaftLogWorker for RaftStorage:Storage Directory /workdir/hadoop-ozone/integration-test/target/test-dir/MiniOzoneClusterImpl-837d3900-8951-459a-88fe-dec9addad157/datanode-0/data/ratis/d646bb5b-a9ae-489a-b8be-47d63cb45bf6
2019-10-21 08:53:46,826 [pool-37-thread-1] INFO  server.RaftServerConfigKeys (ConfUtils.java:logGet(43)) - raft.server.log.purge.gap = 1000000 (custom)
2019-10-21 08:53:46,826 [pool-27-thread-1] INFO  server.RaftServerConfigKeys (ConfUtils.java:logGet(43)) - raft.server.log.queue.byte-limit = 2147483647 (custom)
2019-10-21 08:53:46,826 [pool-47-thread-1] INFO  server.RaftServerConfigKeys (ConfUtils.java:logGet(43)) - raft.server.log.appender.buffer.byte-limit = 33554432 (custom)
2019-10-21 08:53:46,826 [pool-27-thread-1] INFO  server.RaftServerConfigKeys (ConfUtils.java:logGet(43)) - raft.server.log.queue.element-limit = 1024 (custom)
2019-10-21 08:53:46,826 [pool-37-thread-1] INFO  server.RaftServerConfigKeys (ConfUtils.java:logGet(43)) - raft.server.log.appender.buffer.byte-limit = 33554432 (custom)
2019-10-21 08:53:46,827 [pool-27-thread-1] INFO  server.RaftServerConfigKeys (ConfUtils.java:logGet(43)) - raft.server.log.segment.size.max = 1048576 (custom)
2019-10-21 08:53:46,827 [pool-47-thread-1] INFO  server.RaftServerConfigKeys (ConfUtils.java:logGet(43)) - raft.server.log.segment.size.max = 1048576 (custom)
2019-10-21 08:53:46,827 [pool-27-thread-1] INFO  server.RaftServerConfigKeys (ConfUtils.java:logGet(43)) - raft.server.log.preallocated.size = 16384 (custom)
2019-10-21 08:53:46,827 [pool-37-thread-1] INFO  server.RaftServerConfigKeys (ConfUtils.java:logGet(43)) - raft.server.log.segment.size.max = 1048576 (custom)
2019-10-21 08:53:46,828 [pool-27-thread-1] INFO  server.RaftServerConfigKeys (ConfUtils.java:logGet(43)) - raft.server.log.write.buffer.size = 33554432 (custom)
2019-10-21 08:53:46,827 [pool-47-thread-1] INFO  server.RaftServerConfigKeys (ConfUtils.java:logGet(43)) - raft.server.log.segment.cache.num.max = 2 (custom)
2019-10-21 08:53:46,828 [pool-27-thread-1] INFO  server.RaftServerConfigKeys (ConfUtils.java:logGet(43)) - raft.server.log.force.sync.num = 128 (default)
2019-10-21 08:53:46,828 [pool-37-thread-1] INFO  server.RaftServerConfigKeys (ConfUtils.java:logGet(43)) - raft.server.log.segment.cache.num.max = 2 (custom)
2019-10-21 08:53:46,828 [pool-27-thread-1] INFO  server.RaftServerConfigKeys (ConfUtils.java:logGet(43)) - raft.server.log.statemachine.data.sync = true (default)
2019-10-21 08:53:46,828 [pool-47-thread-1] INFO  segmented.SegmentedRaftLogWorker (SegmentedRaftLogWorker.java:<init>(173)) - new c70aeaaf-c9e5-48cb-bf54-679217b9dc75@group-47D63CB45BF6-SegmentedRaftLogWorker for RaftStorage:Storage Directory /workdir/hadoop-ozone/integration-test/target/test-dir/MiniOzoneClusterImpl-837d3900-8951-459a-88fe-dec9addad157/datanode-2/data/ratis/d646bb5b-a9ae-489a-b8be-47d63cb45bf6
2019-10-21 08:53:46,828 [pool-27-thread-1] INFO  server.RaftServerConfigKeys (ConfUtils.java:logGet(43)) - raft.server.log.statemachine.data.sync.timeout = 10s (default)
2019-10-21 08:53:46,828 [pool-37-thread-1] INFO  segmented.SegmentedRaftLogWorker (SegmentedRaftLogWorker.java:<init>(173)) - new 5edaa15a-462c-4223-9b9f-86f5b13029f2@group-47D63CB45BF6-SegmentedRaftLogWorker for RaftStorage:Storage Directory /workdir/hadoop-ozone/integration-test/target/test-dir/MiniOzoneClusterImpl-837d3900-8951-459a-88fe-dec9addad157/datanode-1/data/ratis/d646bb5b-a9ae-489a-b8be-47d63cb45bf6
2019-10-21 08:53:46,829 [pool-27-thread-1] INFO  server.RaftServerConfigKeys (ConfUtils.java:logGet(43)) - raft.server.log.statemachine.data.sync.timeout.retry = -1 (default)
2019-10-21 08:53:46,829 [pool-47-thread-1] INFO  server.RaftServerConfigKeys (ConfUtils.java:logGet(43)) - raft.server.log.queue.byte-limit = 2147483647 (custom)
2019-10-21 08:53:46,829 [pool-37-thread-1] INFO  server.RaftServerConfigKeys (ConfUtils.java:logGet(43)) - raft.server.log.queue.byte-limit = 2147483647 (custom)
2019-10-21 08:53:46,829 [pool-47-thread-1] INFO  server.RaftServerConfigKeys (ConfUtils.java:logGet(43)) - raft.server.log.queue.element-limit = 1024 (custom)
2019-10-21 08:53:46,829 [pool-27-thread-1] INFO  server.RaftServerConfigKeys (ConfUtils.java:logGet(43)) - raft.server.log.statemachine.data.caching.enabled = true (custom)
2019-10-21 08:53:46,830 [pool-47-thread-1] INFO  server.RaftServerConfigKeys (ConfUtils.java:logGet(43)) - raft.server.log.segment.size.max = 1048576 (custom)
2019-10-21 08:53:46,829 [pool-37-thread-1] INFO  server.RaftServerConfigKeys (ConfUtils.java:logGet(43)) - raft.server.log.queue.element-limit = 1024 (custom)
2019-10-21 08:53:46,830 [pool-27-thread-1] INFO  segmented.SegmentedRaftLogWorker (SegmentedRaftLogWorker.java:lambda$new$0(128)) - fe29a221-84a6-4e60-b8fd-e87bf4d69f29@group-47D63CB45BF6-SegmentedRaftLogWorker: flushIndex: setUnconditionally 0 -> -1
2019-10-21 08:53:46,830 [pool-47-thread-1] INFO  server.RaftServerConfigKeys (ConfUtils.java:logGet(43)) - raft.server.log.preallocated.size = 16384 (custom)
2019-10-21 08:53:46,830 [pool-37-thread-1] INFO  server.RaftServerConfigKeys (ConfUtils.java:logGet(43)) - raft.server.log.segment.size.max = 1048576 (custom)
2019-10-21 08:53:46,830 [pool-27-thread-1] INFO  server.RaftServerConfigKeys (ConfUtils.java:logGet(43)) - raft.server.snapshot.auto.trigger.enabled = true (custom)
2019-10-21 08:53:46,831 [pool-37-thread-1] INFO  server.RaftServerConfigKeys (ConfUtils.java:logGet(43)) - raft.server.log.preallocated.size = 16384 (custom)
2019-10-21 08:53:46,830 [pool-47-thread-1] INFO  server.RaftServerConfigKeys (ConfUtils.java:logGet(43)) - raft.server.log.write.buffer.size = 33554432 (custom)
2019-10-21 08:53:46,831 [pool-37-thread-1] INFO  server.RaftServerConfigKeys (ConfUtils.java:logGet(43)) - raft.server.log.write.buffer.size = 33554432 (custom)
2019-10-21 08:53:46,831 [pool-27-thread-1] INFO  server.RaftServerConfigKeys (ConfUtils.java:logGet(43)) - raft.server.snapshot.auto.trigger.threshold = 10000 (custom)
2019-10-21 08:53:46,831 [pool-37-thread-1] INFO  server.RaftServerConfigKeys (ConfUtils.java:logGet(43)) - raft.server.log.force.sync.num = 128 (default)
2019-10-21 08:53:46,831 [pool-47-thread-1] INFO  server.RaftServerConfigKeys (ConfUtils.java:logGet(43)) - raft.server.log.force.sync.num = 128 (default)
2019-10-21 08:53:46,831 [pool-37-thread-1] INFO  server.RaftServerConfigKeys (ConfUtils.java:logGet(43)) - raft.server.log.statemachine.data.sync = true (default)
2019-10-21 08:53:46,831 [pool-27-thread-1] INFO  server.RaftServerConfigKeys (ConfUtils.java:logGet(43)) - raft.server.snapshot.retention.file.num = 5 (custom)
2019-10-21 08:53:46,832 [pool-37-thread-1] INFO  server.RaftServerConfigKeys (ConfUtils.java:logGet(43)) - raft.server.log.statemachine.data.sync.timeout = 10s (default)
2019-10-21 08:53:46,832 [pool-27-thread-1] INFO  server.RaftServerConfigKeys (ConfUtils.java:logGet(43)) - raft.server.retrycache.expirytime = 600000ms (custom)
2019-10-21 08:53:46,832 [pool-47-thread-1] INFO  server.RaftServerConfigKeys (ConfUtils.java:logGet(43)) - raft.server.log.statemachine.data.sync = true (default)
2019-10-21 08:53:46,832 [pool-27-thread-1] WARN  impl.MetricRegistriesImpl (MetricRegistriesImpl.java:lambda$create$1(61)) - First MetricRegistry has been created without registering reporters. You may need to call MetricRegistries.global().addReportRegistration(...) before.
2019-10-21 08:53:46,833 [pool-27-thread-1] WARN  impl.MetricRegistriesImpl (MetricRegistriesImpl.java:lambda$create$1(61)) - First MetricRegistry has been created without registering reporters. You may need to call MetricRegistries.global().addReportRegistration(...) before.
2019-10-21 08:53:46,832 [pool-37-thread-1] INFO  server.RaftServerConfigKeys (ConfUtils.java:logGet(43)) - raft.server.log.statemachine.data.sync.timeout.retry = -1 (default)
2019-10-21 08:53:46,833 [pool-27-thread-1] INFO  impl.RaftServerImpl (RaftServerImpl.java:start(184)) - fe29a221-84a6-4e60-b8fd-e87bf4d69f29@group-47D63CB45BF6: start as a follower, conf=-1: [c70aeaaf-c9e5-48cb-bf54-679217b9dc75:192.168.69.94:41041, fe29a221-84a6-4e60-b8fd-e87bf4d69f29:192.168.69.94:36145, 5edaa15a-462c-4223-9b9f-86f5b13029f2:192.168.69.94:40883], old=null
2019-10-21 08:53:46,832 [pool-47-thread-1] INFO  server.RaftServerConfigKeys (ConfUtils.java:logGet(43)) - raft.server.log.statemachine.data.sync.timeout = 10s (default)
2019-10-21 08:53:46,833 [pool-37-thread-1] INFO  server.RaftServerConfigKeys (ConfUtils.java:logGet(43)) - raft.server.log.statemachine.data.caching.enabled = true (custom)
2019-10-21 08:53:46,833 [pool-27-thread-1] INFO  impl.RaftServerImpl (RaftServerImpl.java:setRole(173)) - fe29a221-84a6-4e60-b8fd-e87bf4d69f29@group-47D63CB45BF6: changes role from      null to FOLLOWER at term 0 for startAsFollower
2019-10-21 08:53:46,833 [pool-47-thread-1] INFO  server.RaftServerConfigKeys (ConfUtils.java:logGet(43)) - raft.server.log.statemachine.data.sync.timeout.retry = -1 (default)
2019-10-21 08:53:46,834 [pool-37-thread-1] INFO  segmented.SegmentedRaftLogWorker (SegmentedRaftLogWorker.java:lambda$new$0(128)) - 5edaa15a-462c-4223-9b9f-86f5b13029f2@group-47D63CB45BF6-SegmentedRaftLogWorker: flushIndex: setUnconditionally 0 -> -1
2019-10-21 08:53:46,834 [pool-47-thread-1] INFO  server.RaftServerConfigKeys (ConfUtils.java:logGet(43)) - raft.server.log.statemachine.data.caching.enabled = true (custom)
2019-10-21 08:53:46,834 [pool-27-thread-1] INFO  impl.RoleInfo (RoleInfo.java:updateAndGet(143)) - fe29a221-84a6-4e60-b8fd-e87bf4d69f29: start FollowerState
2019-10-21 08:53:46,834 [pool-37-thread-1] INFO  server.RaftServerConfigKeys (ConfUtils.java:logGet(43)) - raft.server.snapshot.auto.trigger.enabled = true (custom)
2019-10-21 08:53:46,834 [pool-47-thread-1] INFO  segmented.SegmentedRaftLogWorker (SegmentedRaftLogWorker.java:lambda$new$0(128)) - c70aeaaf-c9e5-48cb-bf54-679217b9dc75@group-47D63CB45BF6-SegmentedRaftLogWorker: flushIndex: setUnconditionally 0 -> -1
2019-10-21 08:53:46,835 [pool-37-thread-1] INFO  server.RaftServerConfigKeys (ConfUtils.java:logGet(43)) - raft.server.snapshot.auto.trigger.threshold = 10000 (custom)
2019-10-21 08:53:46,835 [pool-27-thread-1] INFO  util.JmxRegister (JmxRegister.java:tryRegister(44)) - Successfully registered JMX Bean with object name Ratis:service=RaftServer,group=group-47D63CB45BF6,id=fe29a221-84a6-4e60-b8fd-e87bf4d69f29
2019-10-21 08:53:46,835 [pool-37-thread-1] INFO  server.RaftServerConfigKeys (ConfUtils.java:logGet(43)) - raft.server.snapshot.retention.file.num = 5 (custom)
2019-10-21 08:53:46,835 [pool-47-thread-1] INFO  server.RaftServerConfigKeys (ConfUtils.java:logGet(43)) - raft.server.snapshot.auto.trigger.enabled = true (custom)
2019-10-21 08:53:46,835 [pool-27-thread-1] WARN  impl.MetricRegistriesImpl (MetricRegistriesImpl.java:lambda$create$1(61)) - First MetricRegistry has been created without registering reporters. You may need to call MetricRegistries.global().addReportRegistration(...) before.
2019-10-21 08:53:46,835 [pool-37-thread-1] INFO  server.RaftServerConfigKeys (ConfUtils.java:logGet(43)) - raft.server.retrycache.expirytime = 600000ms (custom)
2019-10-21 08:53:46,835 [pool-47-thread-1] INFO  server.RaftServerConfigKeys (ConfUtils.java:logGet(43)) - raft.server.snapshot.auto.trigger.threshold = 10000 (custom)
2019-10-21 08:53:46,836 [pool-37-thread-1] WARN  impl.MetricRegistriesImpl (MetricRegistriesImpl.java:lambda$create$1(61)) - First MetricRegistry has been created without registering reporters. You may need to call MetricRegistries.global().addReportRegistration(...) before.
2019-10-21 08:53:46,836 [pool-47-thread-1] INFO  server.RaftServerConfigKeys (ConfUtils.java:logGet(43)) - raft.server.snapshot.retention.file.num = 5 (custom)
2019-10-21 08:53:46,836 [pool-37-thread-1] WARN  impl.MetricRegistriesImpl (MetricRegistriesImpl.java:lambda$create$1(61)) - First MetricRegistry has been created without registering reporters. You may need to call MetricRegistries.global().addReportRegistration(...) before.
2019-10-21 08:53:46,836 [pool-47-thread-1] INFO  server.RaftServerConfigKeys (ConfUtils.java:logGet(43)) - raft.server.retrycache.expirytime = 600000ms (custom)
2019-10-21 08:53:46,837 [pool-37-thread-1] INFO  impl.RaftServerImpl (RaftServerImpl.java:start(184)) - 5edaa15a-462c-4223-9b9f-86f5b13029f2@group-47D63CB45BF6: start as a follower, conf=-1: [c70aeaaf-c9e5-48cb-bf54-679217b9dc75:192.168.69.94:41041, fe29a221-84a6-4e60-b8fd-e87bf4d69f29:192.168.69.94:36145, 5edaa15a-462c-4223-9b9f-86f5b13029f2:192.168.69.94:40883], old=null
2019-10-21 08:53:46,837 [pool-47-thread-1] WARN  impl.MetricRegistriesImpl (MetricRegistriesImpl.java:lambda$create$1(61)) - First MetricRegistry has been created without registering reporters. You may need to call MetricRegistries.global().addReportRegistration(...) before.
2019-10-21 08:53:46,837 [pool-37-thread-1] INFO  impl.RaftServerImpl (RaftServerImpl.java:setRole(173)) - 5edaa15a-462c-4223-9b9f-86f5b13029f2@group-47D63CB45BF6: changes role from      null to FOLLOWER at term 0 for startAsFollower
2019-10-21 08:53:46,838 [pool-47-thread-1] WARN  impl.MetricRegistriesImpl (MetricRegistriesImpl.java:lambda$create$1(61)) - First MetricRegistry has been created without registering reporters. You may need to call MetricRegistries.global().addReportRegistration(...) before.
2019-10-21 08:53:46,839 [pool-37-thread-1] INFO  impl.RoleInfo (RoleInfo.java:updateAndGet(143)) - 5edaa15a-462c-4223-9b9f-86f5b13029f2: start FollowerState
2019-10-21 08:53:46,839 [pool-47-thread-1] INFO  impl.RaftServerImpl (RaftServerImpl.java:start(184)) - c70aeaaf-c9e5-48cb-bf54-679217b9dc75@group-47D63CB45BF6: start as a follower, conf=-1: [c70aeaaf-c9e5-48cb-bf54-679217b9dc75:192.168.69.94:41041, fe29a221-84a6-4e60-b8fd-e87bf4d69f29:192.168.69.94:36145, 5edaa15a-462c-4223-9b9f-86f5b13029f2:192.168.69.94:40883], old=null
2019-10-21 08:53:46,839 [pool-47-thread-1] INFO  impl.RaftServerImpl (RaftServerImpl.java:setRole(173)) - c70aeaaf-c9e5-48cb-bf54-679217b9dc75@group-47D63CB45BF6: changes role from      null to FOLLOWER at term 0 for startAsFollower
2019-10-21 08:53:46,840 [pool-37-thread-1] INFO  util.JmxRegister (JmxRegister.java:tryRegister(44)) - Successfully registered JMX Bean with object name Ratis:service=RaftServer,group=group-47D63CB45BF6,id=5edaa15a-462c-4223-9b9f-86f5b13029f2
2019-10-21 08:53:46,841 [pool-47-thread-1] INFO  impl.RoleInfo (RoleInfo.java:updateAndGet(143)) - c70aeaaf-c9e5-48cb-bf54-679217b9dc75: start FollowerState
2019-10-21 08:53:46,841 [pool-37-thread-1] WARN  impl.MetricRegistriesImpl (MetricRegistriesImpl.java:lambda$create$1(61)) - First MetricRegistry has been created without registering reporters. You may need to call MetricRegistries.global().addReportRegistration(...) before.
2019-10-21 08:53:46,842 [pool-47-thread-1] INFO  util.JmxRegister (JmxRegister.java:tryRegister(44)) - Successfully registered JMX Bean with object name Ratis:service=RaftServer,group=group-47D63CB45BF6,id=c70aeaaf-c9e5-48cb-bf54-679217b9dc75
2019-10-21 08:53:46,842 [pool-47-thread-1] WARN  impl.MetricRegistriesImpl (MetricRegistriesImpl.java:lambda$create$1(61)) - First MetricRegistry has been created without registering reporters. You may need to call MetricRegistries.global().addReportRegistration(...) before.
2019-10-21 08:53:46,863 [RatisPipelineUtilsThread] INFO  pipeline.PipelineStateManager (PipelineStateManager.java:addPipeline(55)) - Created pipeline Pipeline[ Id: d646bb5b-a9ae-489a-b8be-47d63cb45bf6, Nodes: c70aeaaf-c9e5-48cb-bf54-679217b9dc75{ip: 192.168.69.94, host: pr-hdds-1868-bv6q8-2720828103, networkLocation: /default-rack, certSerialId: null}fe29a221-84a6-4e60-b8fd-e87bf4d69f29{ip: 192.168.69.94, host: pr-hdds-1868-bv6q8-2720828103, networkLocation: /default-rack, certSerialId: null}5edaa15a-462c-4223-9b9f-86f5b13029f2{ip: 192.168.69.94, host: pr-hdds-1868-bv6q8-2720828103, networkLocation: /default-rack, certSerialId: null}, Type:RATIS, Factor:THREE, State:ALLOCATED]
2019-10-21 08:53:46,866 [main] INFO  ozone.MiniOzoneClusterImpl (MiniOzoneClusterImpl.java:lambda$waitForClusterToBeReady$2(162)) - Waiting for 4 number of pipelines out of 4, to report a leader.
2019-10-21 08:53:47,868 [main] INFO  ozone.MiniOzoneClusterImpl (MiniOzoneClusterImpl.java:lambda$waitForClusterToBeReady$2(162)) - Waiting for 4 number of pipelines out of 4, to report a leader.
2019-10-21 08:53:48,808 [Thread-181] INFO  container.ReplicationManager (ReplicationManager.java:start(162)) - Starting Replication Monitor Thread.
2019-10-21 08:53:48,812 [Thread-181] INFO  pipeline.SCMPipelineManager (SCMPipelineManager.java:finalizeAndDestroyPipeline(316)) - destroying pipeline:Pipeline[ Id: b9619941-094f-4760-9009-f8f814ec0573, Nodes: 5edaa15a-462c-4223-9b9f-86f5b13029f2{ip: 192.168.69.94, host: pr-hdds-1868-bv6q8-2720828103, networkLocation: /default-rack, certSerialId: null}, Type:RATIS, Factor:ONE, State:ALLOCATED]
2019-10-21 08:53:48,813 [ReplicationMonitor] INFO  container.ReplicationManager (ReplicationManager.java:run(225)) - Replication Monitor Thread took 1 milliseconds for processing 0 containers.
2019-10-21 08:53:48,814 [Thread-181] INFO  pipeline.PipelineStateManager (PipelineStateManager.java:finalizePipeline(121)) - Pipeline Pipeline[ Id: b9619941-094f-4760-9009-f8f814ec0573, Nodes: 5edaa15a-462c-4223-9b9f-86f5b13029f2{ip: 192.168.69.94, host: pr-hdds-1868-bv6q8-2720828103, networkLocation: /default-rack, certSerialId: null}, Type:RATIS, Factor:ONE, State:CLOSED] moved to CLOSED state
2019-10-21 08:53:48,848 [grpc-default-executor-2] INFO  impl.RaftServerProxy (RaftServerProxy.java:remove(95)) - 5edaa15a-462c-4223-9b9f-86f5b13029f2: remove  FOLLOWER 5edaa15a-462c-4223-9b9f-86f5b13029f2@group-F8F814EC0573:t0, leader=null, voted=null, raftlog=5edaa15a-462c-4223-9b9f-86f5b13029f2@group-F8F814EC0573-SegmentedRaftLog:OPENED:c-1,f-1,i0, conf=-1: [5edaa15a-462c-4223-9b9f-86f5b13029f2:192.168.69.94:40883], old=null RUNNING
2019-10-21 08:53:48,852 [grpc-default-executor-2] INFO  impl.RaftServerImpl (RaftServerImpl.java:lambda$shutdown$3(250)) - 5edaa15a-462c-4223-9b9f-86f5b13029f2@group-F8F814EC0573: shutdown
2019-10-21 08:53:48,854 [grpc-default-executor-2] INFO  util.JmxRegister (JmxRegister.java:unregister(73)) - Successfully un-registered JMX Bean with object name Ratis:service=RaftServer,group=group-F8F814EC0573,id=5edaa15a-462c-4223-9b9f-86f5b13029f2
2019-10-21 08:53:48,854 [grpc-default-executor-2] INFO  impl.RoleInfo (RoleInfo.java:shutdownFollowerState(121)) - 5edaa15a-462c-4223-9b9f-86f5b13029f2: shutdown FollowerState
2019-10-21 08:53:48,855 [grpc-default-executor-2] INFO  impl.StateMachineUpdater (StateMachineUpdater.java:stopAndJoin(136)) - 5edaa15a-462c-4223-9b9f-86f5b13029f2@group-F8F814EC0573-StateMachineUpdater: set stopIndex = -1
2019-10-21 08:53:48,855 [Thread-192] INFO  impl.FollowerState (FollowerState.java:run(120)) - 5edaa15a-462c-4223-9b9f-86f5b13029f2@group-F8F814EC0573-FollowerState was interrupted: java.lang.InterruptedException: sleep interrupted
2019-10-21 08:53:48,858 [grpc-default-executor-2] INFO  impl.RaftServerImpl (ServerState.java:close(387)) - 5edaa15a-462c-4223-9b9f-86f5b13029f2@group-F8F814EC0573: closes. applyIndex: -1
2019-10-21 08:53:48,864 [5edaa15a-462c-4223-9b9f-86f5b13029f2@group-F8F814EC0573-SegmentedRaftLogWorker] INFO  segmented.SegmentedRaftLogWorker (SegmentedRaftLogWorker.java:run(316)) - 5edaa15a-462c-4223-9b9f-86f5b13029f2@group-F8F814EC0573-SegmentedRaftLogWorker was interrupted, exiting. There are 0 tasks remaining in the queue.
2019-10-21 08:53:48,868 [grpc-default-executor-2] INFO  segmented.SegmentedRaftLogWorker (SegmentedRaftLogWorker.java:close(224)) - 5edaa15a-462c-4223-9b9f-86f5b13029f2@group-F8F814EC0573-SegmentedRaftLogWorker close()
2019-10-21 08:53:48,870 [main] INFO  ozone.MiniOzoneClusterImpl (MiniOzoneClusterImpl.java:lambda$waitForClusterToBeReady$2(162)) - Waiting for 3 number of pipelines out of 4, to report a leader.
2019-10-21 08:53:48,886 [Thread-181] INFO  pipeline.PipelineStateManager (PipelineStateManager.java:removePipeline(106)) - Pipeline Pipeline[ Id: b9619941-094f-4760-9009-f8f814ec0573, Nodes: 5edaa15a-462c-4223-9b9f-86f5b13029f2{ip: 192.168.69.94, host: pr-hdds-1868-bv6q8-2720828103, networkLocation: /default-rack, certSerialId: null}, Type:RATIS, Factor:ONE, State:CLOSED] removed from db
2019-10-21 08:53:48,887 [Thread-181] INFO  pipeline.SCMPipelineManager (SCMPipelineManager.java:finalizeAndDestroyPipeline(316)) - destroying pipeline:Pipeline[ Id: d646bb5b-a9ae-489a-b8be-47d63cb45bf6, Nodes: c70aeaaf-c9e5-48cb-bf54-679217b9dc75{ip: 192.168.69.94, host: pr-hdds-1868-bv6q8-2720828103, networkLocation: /default-rack, certSerialId: null}fe29a221-84a6-4e60-b8fd-e87bf4d69f29{ip: 192.168.69.94, host: pr-hdds-1868-bv6q8-2720828103, networkLocation: /default-rack, certSerialId: null}5edaa15a-462c-4223-9b9f-86f5b13029f2{ip: 192.168.69.94, host: pr-hdds-1868-bv6q8-2720828103, networkLocation: /default-rack, certSerialId: null}, Type:RATIS, Factor:THREE, State:ALLOCATED]
2019-10-21 08:53:48,900 [grpc-default-executor-2] INFO  impl.RaftServerProxy (RaftServerProxy.java:addNew(89)) - 5edaa15a-462c-4223-9b9f-86f5b13029f2: addNew group-83A5D7B7126F:[5edaa15a-462c-4223-9b9f-86f5b13029f2:192.168.69.94:40883] returns group-83A5D7B7126F:java.util.concurrent.CompletableFuture@13f180e8[Not completed]
2019-10-21 08:53:48,903 [pool-37-thread-1] INFO  impl.RaftServerImpl (RaftServerImpl.java:<init>(98)) - 5edaa15a-462c-4223-9b9f-86f5b13029f2: new RaftServerImpl for group-83A5D7B7126F:[5edaa15a-462c-4223-9b9f-86f5b13029f2:192.168.69.94:40883] with ContainerStateMachine:uninitialized
2019-10-21 08:53:48,904 [pool-37-thread-1] INFO  server.RaftServerConfigKeys (ConfUtils.java:logGet(43)) - raft.server.rpc.timeout.min = 5s (custom)
2019-10-21 08:53:48,904 [pool-37-thread-1] INFO  server.RaftServerConfigKeys (ConfUtils.java:logGet(43)) - raft.server.rpc.timeout.max = 5200ms (custom)
2019-10-21 08:53:48,904 [pool-37-thread-1] INFO  server.RaftServerConfigKeys (ConfUtils.java:logGet(43)) - raft.server.rpcslowness.timeout = 1000s (custom)
2019-10-21 08:53:48,904 [pool-37-thread-1] INFO  server.RaftServerConfigKeys (ConfUtils.java:logGet(43)) - raft.server.sleep.deviation.threshold = 300 (default)
2019-10-21 08:53:48,904 [pool-37-thread-1] INFO  server.RaftServerConfigKeys (ConfUtils.java:logGet(43)) - raft.server.log.appender.install.snapshot.enabled = false (custom)
2019-10-21 08:53:48,905 [pool-37-thread-1] INFO  impl.RaftServerImpl (ServerState.java:<init>(103)) - 5edaa15a-462c-4223-9b9f-86f5b13029f2@group-83A5D7B7126F: ConfigurationManager, init=-1: [5edaa15a-462c-4223-9b9f-86f5b13029f2:192.168.69.94:40883], old=null, confs=<EMPTY_MAP>
2019-10-21 08:53:48,905 [pool-37-thread-1] INFO  server.RaftServerConfigKeys (ConfUtils.java:logGet(43)) - raft.server.storage.dir = [/workdir/hadoop-ozone/integration-test/target/test-dir/MiniOzoneClusterImpl-837d3900-8951-459a-88fe-dec9addad157/datanode-1/data/ratis] (custom)
2019-10-21 08:53:48,911 [pool-37-thread-1] INFO  server.RaftServerConfigKeys (ConfUtils.java:logGet(43)) - raft.server.log.corruption.policy = EXCEPTION (default)
2019-10-21 08:53:48,911 [pool-37-thread-1] INFO  storage.RaftStorageDirectory (RaftStorageDirectory.java:analyzeStorage(246)) - The storage directory /workdir/hadoop-ozone/integration-test/target/test-dir/MiniOzoneClusterImpl-837d3900-8951-459a-88fe-dec9addad157/datanode-1/data/ratis/768e0c31-b8fa-4254-b6ca-83a5d7b7126f does not exist. Creating ...
2019-10-21 08:53:48,925 [pool-37-thread-1] INFO  storage.RaftStorageDirectory (RaftStorageDirectory.java:tryLock(328)) - Lock on /workdir/hadoop-ozone/integration-test/target/test-dir/MiniOzoneClusterImpl-837d3900-8951-459a-88fe-dec9addad157/datanode-1/data/ratis/768e0c31-b8fa-4254-b6ca-83a5d7b7126f/in_use.lock acquired by nodename 25926@pr-hdds-1868-bv6q8-2720828103
2019-10-21 08:53:48,939 [pool-37-thread-1] INFO  storage.RaftStorage (RaftStorage.java:format(84)) - Storage directory /workdir/hadoop-ozone/integration-test/target/test-dir/MiniOzoneClusterImpl-837d3900-8951-459a-88fe-dec9addad157/datanode-1/data/ratis/768e0c31-b8fa-4254-b6ca-83a5d7b7126f has been successfully formatted.
2019-10-21 08:53:48,940 [pool-37-thread-1] INFO  ratis.ContainerStateMachine (ContainerStateMachine.java:loadSnapshot(233)) - group-83A5D7B7126F: The snapshot info is null. Setting the last applied indexto:(t:0, i:~)
2019-10-21 08:53:48,940 [pool-37-thread-1] INFO  server.RaftServerConfigKeys (ConfUtils.java:logGet(43)) - raft.server.notification.no-leader.timeout = 1000s (custom)
2019-10-21 08:53:48,940 [pool-37-thread-1] INFO  server.RaftServerConfigKeys (ConfUtils.java:logGet(43)) - raft.server.log.use.memory = false (default)
2019-10-21 08:53:48,940 [pool-37-thread-1] INFO  server.RaftServerConfigKeys (ConfUtils.java:logGet(43)) - raft.server.log.purge.gap = 1000000 (custom)
2019-10-21 08:53:48,941 [pool-37-thread-1] INFO  server.RaftServerConfigKeys (ConfUtils.java:logGet(43)) - raft.server.log.appender.buffer.byte-limit = 33554432 (custom)
2019-10-21 08:53:48,941 [pool-37-thread-1] INFO  server.RaftServerConfigKeys (ConfUtils.java:logGet(43)) - raft.server.log.segment.size.max = 1048576 (custom)
2019-10-21 08:53:48,941 [pool-37-thread-1] INFO  server.RaftServerConfigKeys (ConfUtils.java:logGet(43)) - raft.server.log.segment.cache.num.max = 2 (custom)
2019-10-21 08:53:48,941 [pool-37-thread-1] INFO  segmented.SegmentedRaftLogWorker (SegmentedRaftLogWorker.java:<init>(173)) - new 5edaa15a-462c-4223-9b9f-86f5b13029f2@group-83A5D7B7126F-SegmentedRaftLogWorker for RaftStorage:Storage Directory /workdir/hadoop-ozone/integration-test/target/test-dir/MiniOzoneClusterImpl-837d3900-8951-459a-88fe-dec9addad157/datanode-1/data/ratis/768e0c31-b8fa-4254-b6ca-83a5d7b7126f
2019-10-21 08:53:48,941 [pool-37-thread-1] INFO  server.RaftServerConfigKeys (ConfUtils.java:logGet(43)) - raft.server.log.queue.byte-limit = 2147483647 (custom)
2019-10-21 08:53:48,942 [pool-37-thread-1] INFO  server.RaftServerConfigKeys (ConfUtils.java:logGet(43)) - raft.server.log.queue.element-limit = 1024 (custom)
2019-10-21 08:53:48,942 [pool-37-thread-1] INFO  server.RaftServerConfigKeys (ConfUtils.java:logGet(43)) - raft.server.log.segment.size.max = 1048576 (custom)
2019-10-21 08:53:48,942 [pool-37-thread-1] INFO  server.RaftServerConfigKeys (ConfUtils.java:logGet(43)) - raft.server.log.preallocated.size = 16384 (custom)
2019-10-21 08:53:48,942 [pool-37-thread-1] INFO  server.RaftServerConfigKeys (ConfUtils.java:logGet(43)) - raft.server.log.write.buffer.size = 33554432 (custom)
2019-10-21 08:53:48,942 [pool-37-thread-1] INFO  server.RaftServerConfigKeys (ConfUtils.java:logGet(43)) - raft.server.log.force.sync.num = 128 (default)
2019-10-21 08:53:48,943 [pool-37-thread-1] INFO  server.RaftServerConfigKeys (ConfUtils.java:logGet(43)) - raft.server.log.statemachine.data.sync = true (default)
2019-10-21 08:53:48,943 [pool-37-thread-1] INFO  server.RaftServerConfigKeys (ConfUtils.java:logGet(43)) - raft.server.log.statemachine.data.sync.timeout = 10s (default)
2019-10-21 08:53:48,943 [pool-37-thread-1] INFO  server.RaftServerConfigKeys (ConfUtils.java:logGet(43)) - raft.server.log.statemachine.data.sync.timeout.retry = -1 (default)
2019-10-21 08:53:48,943 [pool-37-thread-1] INFO  server.RaftServerConfigKeys (ConfUtils.java:logGet(43)) - raft.server.log.statemachine.data.caching.enabled = true (custom)
2019-10-21 08:53:48,944 [pool-37-thread-1] INFO  segmented.SegmentedRaftLogWorker (SegmentedRaftLogWorker.java:lambda$new$0(128)) - 5edaa15a-462c-4223-9b9f-86f5b13029f2@group-83A5D7B7126F-SegmentedRaftLogWorker: flushIndex: setUnconditionally 0 -> -1
2019-10-21 08:53:48,944 [pool-37-thread-1] INFO  server.RaftServerConfigKeys (ConfUtils.java:logGet(43)) - raft.server.snapshot.auto.trigger.enabled = true (custom)
2019-10-21 08:53:48,944 [pool-37-thread-1] INFO  server.RaftServerConfigKeys (ConfUtils.java:logGet(43)) - raft.server.snapshot.auto.trigger.threshold = 10000 (custom)
2019-10-21 08:53:48,944 [pool-37-thread-1] INFO  server.RaftServerConfigKeys (ConfUtils.java:logGet(43)) - raft.server.snapshot.retention.file.num = 5 (custom)
2019-10-21 08:53:48,945 [pool-37-thread-1] INFO  server.RaftServerConfigKeys (ConfUtils.java:logGet(43)) - raft.server.retrycache.expirytime = 600000ms (custom)
2019-10-21 08:53:48,945 [pool-37-thread-1] WARN  impl.MetricRegistriesImpl (MetricRegistriesImpl.java:lambda$create$1(61)) - First MetricRegistry has been created without registering reporters. You may need to call MetricRegistries.global().addReportRegistration(...) before.
2019-10-21 08:53:48,945 [pool-37-thread-1] WARN  impl.MetricRegistriesImpl (MetricRegistriesImpl.java:lambda$create$1(61)) - First MetricRegistry has been created without registering reporters. You may need to call MetricRegistries.global().addReportRegistration(...) before.
2019-10-21 08:53:48,946 [pool-37-thread-1] INFO  impl.RaftServerImpl (RaftServerImpl.java:start(184)) - 5edaa15a-462c-4223-9b9f-86f5b13029f2@group-83A5D7B7126F: start as a follower, conf=-1: [5edaa15a-462c-4223-9b9f-86f5b13029f2:192.168.69.94:40883], old=null
2019-10-21 08:53:48,946 [pool-37-thread-1] INFO  impl.RaftServerImpl (RaftServerImpl.java:setRole(173)) - 5edaa15a-462c-4223-9b9f-86f5b13029f2@group-83A5D7B7126F: changes role from      null to FOLLOWER at term 0 for startAsFollower
2019-10-21 08:53:48,946 [pool-37-thread-1] INFO  impl.RoleInfo (RoleInfo.java:updateAndGet(143)) - 5edaa15a-462c-4223-9b9f-86f5b13029f2: start FollowerState
2019-10-21 08:53:48,947 [pool-37-thread-1] INFO  util.JmxRegister (JmxRegister.java:tryRegister(44)) - Successfully registered JMX Bean with object name Ratis:service=RaftServer,group=group-83A5D7B7126F,id=5edaa15a-462c-4223-9b9f-86f5b13029f2
2019-10-21 08:53:48,947 [pool-37-thread-1] WARN  impl.MetricRegistriesImpl (MetricRegistriesImpl.java:lambda$create$1(61)) - First MetricRegistry has been created without registering reporters. You may need to call MetricRegistries.global().addReportRegistration(...) before.
2019-10-21 08:53:48,955 [RatisPipelineUtilsThread] INFO  pipeline.PipelineStateManager (PipelineStateManager.java:addPipeline(55)) - Created pipeline Pipeline[ Id: 768e0c31-b8fa-4254-b6ca-83a5d7b7126f, Nodes: 5edaa15a-462c-4223-9b9f-86f5b13029f2{ip: 192.168.69.94, host: pr-hdds-1868-bv6q8-2720828103, networkLocation: /default-rack, certSerialId: null}, Type:RATIS, Factor:ONE, State:ALLOCATED]
2019-10-21 08:53:48,957 [Thread-181] INFO  pipeline.PipelineStateManager (PipelineStateManager.java:finalizePipeline(121)) - Pipeline Pipeline[ Id: d646bb5b-a9ae-489a-b8be-47d63cb45bf6, Nodes: c70aeaaf-c9e5-48cb-bf54-679217b9dc75{ip: 192.168.69.94, host: pr-hdds-1868-bv6q8-2720828103, networkLocation: /default-rack, certSerialId: null}fe29a221-84a6-4e60-b8fd-e87bf4d69f29{ip: 192.168.69.94, host: pr-hdds-1868-bv6q8-2720828103, networkLocation: /default-rack, certSerialId: null}5edaa15a-462c-4223-9b9f-86f5b13029f2{ip: 192.168.69.94, host: pr-hdds-1868-bv6q8-2720828103, networkLocation: /default-rack, certSerialId: null}, Type:RATIS, Factor:THREE, State:CLOSED] moved to CLOSED state
2019-10-21 08:53:48,969 [grpc-default-executor-2] INFO  impl.RaftServerProxy (RaftServerProxy.java:remove(95)) - c70aeaaf-c9e5-48cb-bf54-679217b9dc75: remove  FOLLOWER c70aeaaf-c9e5-48cb-bf54-679217b9dc75@group-47D63CB45BF6:t0, leader=null, voted=null, raftlog=c70aeaaf-c9e5-48cb-bf54-679217b9dc75@group-47D63CB45BF6-SegmentedRaftLog:OPENED:c-1,f-1,i0, conf=-1: [c70aeaaf-c9e5-48cb-bf54-679217b9dc75:192.168.69.94:41041, fe29a221-84a6-4e60-b8fd-e87bf4d69f29:192.168.69.94:36145, 5edaa15a-462c-4223-9b9f-86f5b13029f2:192.168.69.94:40883], old=null RUNNING
2019-10-21 08:53:48,970 [grpc-default-executor-2] INFO  impl.RaftServerImpl (RaftServerImpl.java:lambda$shutdown$3(250)) - c70aeaaf-c9e5-48cb-bf54-679217b9dc75@group-47D63CB45BF6: shutdown
2019-10-21 08:53:48,970 [grpc-default-executor-2] INFO  util.JmxRegister (JmxRegister.java:unregister(73)) - Successfully un-registered JMX Bean with object name Ratis:service=RaftServer,group=group-47D63CB45BF6,id=c70aeaaf-c9e5-48cb-bf54-679217b9dc75
2019-10-21 08:53:48,971 [grpc-default-executor-2] INFO  impl.RoleInfo (RoleInfo.java:shutdownFollowerState(121)) - c70aeaaf-c9e5-48cb-bf54-679217b9dc75: shutdown FollowerState
2019-10-21 08:53:48,971 [grpc-default-executor-2] INFO  impl.StateMachineUpdater (StateMachineUpdater.java:stopAndJoin(136)) - c70aeaaf-c9e5-48cb-bf54-679217b9dc75@group-47D63CB45BF6-StateMachineUpdater: set stopIndex = -1
2019-10-21 08:53:48,971 [Thread-200] INFO  impl.FollowerState (FollowerState.java:run(120)) - c70aeaaf-c9e5-48cb-bf54-679217b9dc75@group-47D63CB45BF6-FollowerState was interrupted: java.lang.InterruptedException: sleep interrupted
2019-10-21 08:53:48,973 [grpc-default-executor-2] INFO  impl.RaftServerImpl (ServerState.java:close(387)) - c70aeaaf-c9e5-48cb-bf54-679217b9dc75@group-47D63CB45BF6: closes. applyIndex: -1
2019-10-21 08:53:48,975 [c70aeaaf-c9e5-48cb-bf54-679217b9dc75@group-47D63CB45BF6-SegmentedRaftLogWorker] INFO  segmented.SegmentedRaftLogWorker (SegmentedRaftLogWorker.java:run(316)) - c70aeaaf-c9e5-48cb-bf54-679217b9dc75@group-47D63CB45BF6-SegmentedRaftLogWorker was interrupted, exiting. There are 0 tasks remaining in the queue.
2019-10-21 08:53:48,975 [grpc-default-executor-2] INFO  segmented.SegmentedRaftLogWorker (SegmentedRaftLogWorker.java:close(224)) - c70aeaaf-c9e5-48cb-bf54-679217b9dc75@group-47D63CB45BF6-SegmentedRaftLogWorker close()
2019-10-21 08:53:48,994 [grpc-default-executor-2] INFO  impl.RaftServerProxy (RaftServerProxy.java:remove(95)) - fe29a221-84a6-4e60-b8fd-e87bf4d69f29: remove  FOLLOWER fe29a221-84a6-4e60-b8fd-e87bf4d69f29@group-47D63CB45BF6:t0, leader=null, voted=null, raftlog=fe29a221-84a6-4e60-b8fd-e87bf4d69f29@group-47D63CB45BF6-SegmentedRaftLog:OPENED:c-1,f-1,i0, conf=-1: [c70aeaaf-c9e5-48cb-bf54-679217b9dc75:192.168.69.94:41041, fe29a221-84a6-4e60-b8fd-e87bf4d69f29:192.168.69.94:36145, 5edaa15a-462c-4223-9b9f-86f5b13029f2:192.168.69.94:40883], old=null RUNNING
2019-10-21 08:53:48,994 [grpc-default-executor-2] INFO  impl.RaftServerImpl (RaftServerImpl.java:lambda$shutdown$3(250)) - fe29a221-84a6-4e60-b8fd-e87bf4d69f29@group-47D63CB45BF6: shutdown
2019-10-21 08:53:48,994 [grpc-default-executor-2] INFO  util.JmxRegister (JmxRegister.java:unregister(73)) - Successfully un-registered JMX Bean with object name Ratis:service=RaftServer,group=group-47D63CB45BF6,id=fe29a221-84a6-4e60-b8fd-e87bf4d69f29
2019-10-21 08:53:48,994 [grpc-default-executor-2] INFO  impl.RoleInfo (RoleInfo.java:shutdownFollowerState(121)) - fe29a221-84a6-4e60-b8fd-e87bf4d69f29: shutdown FollowerState
2019-10-21 08:53:48,994 [grpc-default-executor-2] INFO  impl.StateMachineUpdater (StateMachineUpdater.java:stopAndJoin(136)) - fe29a221-84a6-4e60-b8fd-e87bf4d69f29@group-47D63CB45BF6-StateMachineUpdater: set stopIndex = -1
2019-10-21 08:53:48,995 [Thread-195] INFO  impl.FollowerState (FollowerState.java:run(120)) - fe29a221-84a6-4e60-b8fd-e87bf4d69f29@group-47D63CB45BF6-FollowerState was interrupted: java.lang.InterruptedException: sleep interrupted
2019-10-21 08:53:48,995 [grpc-default-executor-2] INFO  impl.RaftServerImpl (ServerState.java:close(387)) - fe29a221-84a6-4e60-b8fd-e87bf4d69f29@group-47D63CB45BF6: closes. applyIndex: -1
2019-10-21 08:53:48,996 [fe29a221-84a6-4e60-b8fd-e87bf4d69f29@group-47D63CB45BF6-SegmentedRaftLogWorker] INFO  segmented.SegmentedRaftLogWorker (SegmentedRaftLogWorker.java:run(316)) - fe29a221-84a6-4e60-b8fd-e87bf4d69f29@group-47D63CB45BF6-SegmentedRaftLogWorker was interrupted, exiting. There are 0 tasks remaining in the queue.
2019-10-21 08:53:48,997 [grpc-default-executor-2] INFO  segmented.SegmentedRaftLogWorker (SegmentedRaftLogWorker.java:close(224)) - fe29a221-84a6-4e60-b8fd-e87bf4d69f29@group-47D63CB45BF6-SegmentedRaftLogWorker close()
2019-10-21 08:53:49,015 [grpc-default-executor-2] INFO  impl.RaftServerProxy (RaftServerProxy.java:remove(95)) - 5edaa15a-462c-4223-9b9f-86f5b13029f2: remove  FOLLOWER 5edaa15a-462c-4223-9b9f-86f5b13029f2@group-47D63CB45BF6:t0, leader=null, voted=null, raftlog=5edaa15a-462c-4223-9b9f-86f5b13029f2@group-47D63CB45BF6-SegmentedRaftLog:OPENED:c-1,f-1,i0, conf=-1: [c70aeaaf-c9e5-48cb-bf54-679217b9dc75:192.168.69.94:41041, fe29a221-84a6-4e60-b8fd-e87bf4d69f29:192.168.69.94:36145, 5edaa15a-462c-4223-9b9f-86f5b13029f2:192.168.69.94:40883], old=null RUNNING
2019-10-21 08:53:49,016 [grpc-default-executor-2] INFO  impl.RaftServerImpl (RaftServerImpl.java:lambda$shutdown$3(250)) - 5edaa15a-462c-4223-9b9f-86f5b13029f2@group-47D63CB45BF6: shutdown
2019-10-21 08:53:49,016 [grpc-default-executor-2] INFO  util.JmxRegister (JmxRegister.java:unregister(73)) - Successfully un-registered JMX Bean with object name Ratis:service=RaftServer,group=group-47D63CB45BF6,id=5edaa15a-462c-4223-9b9f-86f5b13029f2
2019-10-21 08:53:49,016 [grpc-default-executor-2] INFO  impl.RoleInfo (RoleInfo.java:shutdownFollowerState(121)) - 5edaa15a-462c-4223-9b9f-86f5b13029f2: shutdown FollowerState
2019-10-21 08:53:49,016 [grpc-default-executor-2] INFO  impl.StateMachineUpdater (StateMachineUpdater.java:stopAndJoin(136)) - 5edaa15a-462c-4223-9b9f-86f5b13029f2@group-47D63CB45BF6-StateMachineUpdater: set stopIndex = -1
2019-10-21 08:53:49,016 [Thread-199] INFO  impl.FollowerState (FollowerState.java:run(120)) - 5edaa15a-462c-4223-9b9f-86f5b13029f2@group-47D63CB45BF6-FollowerState was interrupted: java.lang.InterruptedException: sleep interrupted
2019-10-21 08:53:49,017 [grpc-default-executor-2] INFO  impl.RaftServerImpl (ServerState.java:close(387)) - 5edaa15a-462c-4223-9b9f-86f5b13029f2@group-47D63CB45BF6: closes. applyIndex: -1
2019-10-21 08:53:49,018 [5edaa15a-462c-4223-9b9f-86f5b13029f2@group-47D63CB45BF6-SegmentedRaftLogWorker] INFO  segmented.SegmentedRaftLogWorker (SegmentedRaftLogWorker.java:run(316)) - 5edaa15a-462c-4223-9b9f-86f5b13029f2@group-47D63CB45BF6-SegmentedRaftLogWorker was interrupted, exiting. There are 0 tasks remaining in the queue.
2019-10-21 08:53:49,018 [grpc-default-executor-2] INFO  segmented.SegmentedRaftLogWorker (SegmentedRaftLogWorker.java:close(224)) - 5edaa15a-462c-4223-9b9f-86f5b13029f2@group-47D63CB45BF6-SegmentedRaftLogWorker close()
2019-10-21 08:53:49,026 [Thread-181] INFO  pipeline.PipelineStateManager (PipelineStateManager.java:removePipeline(106)) - Pipeline Pipeline[ Id: d646bb5b-a9ae-489a-b8be-47d63cb45bf6, Nodes: c70aeaaf-c9e5-48cb-bf54-679217b9dc75{ip: 192.168.69.94, host: pr-hdds-1868-bv6q8-2720828103, networkLocation: /default-rack, certSerialId: null}fe29a221-84a6-4e60-b8fd-e87bf4d69f29{ip: 192.168.69.94, host: pr-hdds-1868-bv6q8-2720828103, networkLocation: /default-rack, certSerialId: null}5edaa15a-462c-4223-9b9f-86f5b13029f2{ip: 192.168.69.94, host: pr-hdds-1868-bv6q8-2720828103, networkLocation: /default-rack, certSerialId: null}, Type:RATIS, Factor:THREE, State:CLOSED] removed from db
2019-10-21 08:53:49,027 [Thread-181] INFO  pipeline.SCMPipelineManager (SCMPipelineManager.java:finalizeAndDestroyPipeline(316)) - destroying pipeline:Pipeline[ Id: 89e3f819-ae8c-4d50-94f8-6be110b0bda7, Nodes: fe29a221-84a6-4e60-b8fd-e87bf4d69f29{ip: 192.168.69.94, host: pr-hdds-1868-bv6q8-2720828103, networkLocation: /default-rack, certSerialId: null}, Type:RATIS, Factor:ONE, State:ALLOCATED]
2019-10-21 08:53:49,047 [grpc-default-executor-1] INFO  impl.RaftServerProxy (RaftServerProxy.java:addNew(89)) - c70aeaaf-c9e5-48cb-bf54-679217b9dc75: addNew group-A8897C702509:[c70aeaaf-c9e5-48cb-bf54-679217b9dc75:192.168.69.94:41041, fe29a221-84a6-4e60-b8fd-e87bf4d69f29:192.168.69.94:36145, 5edaa15a-462c-4223-9b9f-86f5b13029f2:192.168.69.94:40883] returns group-A8897C702509:java.util.concurrent.CompletableFuture@7058e384[Not completed]
2019-10-21 08:53:49,048 [grpc-default-executor-2] INFO  impl.RaftServerProxy (RaftServerProxy.java:addNew(89)) - 5edaa15a-462c-4223-9b9f-86f5b13029f2: addNew group-A8897C702509:[c70aeaaf-c9e5-48cb-bf54-679217b9dc75:192.168.69.94:41041, fe29a221-84a6-4e60-b8fd-e87bf4d69f29:192.168.69.94:36145, 5edaa15a-462c-4223-9b9f-86f5b13029f2:192.168.69.94:40883] returns group-A8897C702509:java.util.concurrent.CompletableFuture@d304493[Not completed]
2019-10-21 08:53:49,050 [grpc-default-executor-2] INFO  impl.RaftServerProxy (RaftServerProxy.java:addNew(89)) - fe29a221-84a6-4e60-b8fd-e87bf4d69f29: addNew group-A8897C702509:[c70aeaaf-c9e5-48cb-bf54-679217b9dc75:192.168.69.94:41041, fe29a221-84a6-4e60-b8fd-e87bf4d69f29:192.168.69.94:36145, 5edaa15a-462c-4223-9b9f-86f5b13029f2:192.168.69.94:40883] returns group-A8897C702509:java.util.concurrent.CompletableFuture@22789263[Not completed]
2019-10-21 08:53:49,051 [pool-37-thread-1] INFO  impl.RaftServerImpl (RaftServerImpl.java:<init>(98)) - 5edaa15a-462c-4223-9b9f-86f5b13029f2: new RaftServerImpl for group-A8897C702509:[c70aeaaf-c9e5-48cb-bf54-679217b9dc75:192.168.69.94:41041, fe29a221-84a6-4e60-b8fd-e87bf4d69f29:192.168.69.94:36145, 5edaa15a-462c-4223-9b9f-86f5b13029f2:192.168.69.94:40883] with ContainerStateMachine:uninitialized
2019-10-21 08:53:49,051 [pool-37-thread-1] INFO  server.RaftServerConfigKeys (ConfUtils.java:logGet(43)) - raft.server.rpc.timeout.min = 5s (custom)
2019-10-21 08:53:49,051 [pool-37-thread-1] INFO  server.RaftServerConfigKeys (ConfUtils.java:logGet(43)) - raft.server.rpc.timeout.max = 5200ms (custom)
2019-10-21 08:53:49,051 [pool-37-thread-1] INFO  server.RaftServerConfigKeys (ConfUtils.java:logGet(43)) - raft.server.rpcslowness.timeout = 1000s (custom)
2019-10-21 08:53:49,052 [pool-37-thread-1] INFO  server.RaftServerConfigKeys (ConfUtils.java:logGet(43)) - raft.server.sleep.deviation.threshold = 300 (default)
2019-10-21 08:53:49,052 [pool-37-thread-1] INFO  server.RaftServerConfigKeys (ConfUtils.java:logGet(43)) - raft.server.log.appender.install.snapshot.enabled = false (custom)
2019-10-21 08:53:49,052 [pool-37-thread-1] INFO  impl.RaftServerImpl (ServerState.java:<init>(103)) - 5edaa15a-462c-4223-9b9f-86f5b13029f2@group-A8897C702509: ConfigurationManager, init=-1: [c70aeaaf-c9e5-48cb-bf54-679217b9dc75:192.168.69.94:41041, fe29a221-84a6-4e60-b8fd-e87bf4d69f29:192.168.69.94:36145, 5edaa15a-462c-4223-9b9f-86f5b13029f2:192.168.69.94:40883], old=null, confs=<EMPTY_MAP>
2019-10-21 08:53:49,052 [pool-37-thread-1] INFO  server.RaftServerConfigKeys (ConfUtils.java:logGet(43)) - raft.server.storage.dir = [/workdir/hadoop-ozone/integration-test/target/test-dir/MiniOzoneClusterImpl-837d3900-8951-459a-88fe-dec9addad157/datanode-1/data/ratis] (custom)
2019-10-21 08:53:49,052 [pool-47-thread-1] INFO  impl.RaftServerImpl (RaftServerImpl.java:<init>(98)) - c70aeaaf-c9e5-48cb-bf54-679217b9dc75: new RaftServerImpl for group-A8897C702509:[c70aeaaf-c9e5-48cb-bf54-679217b9dc75:192.168.69.94:41041, fe29a221-84a6-4e60-b8fd-e87bf4d69f29:192.168.69.94:36145, 5edaa15a-462c-4223-9b9f-86f5b13029f2:192.168.69.94:40883] with ContainerStateMachine:uninitialized
2019-10-21 08:53:49,052 [pool-37-thread-1] INFO  server.RaftServerConfigKeys (ConfUtils.java:logGet(43)) - raft.server.log.corruption.policy = EXCEPTION (default)
2019-10-21 08:53:49,052 [pool-47-thread-1] INFO  server.RaftServerConfigKeys (ConfUtils.java:logGet(43)) - raft.server.rpc.timeout.min = 5s (custom)
2019-10-21 08:53:49,053 [pool-37-thread-1] INFO  storage.RaftStorageDirectory (RaftStorageDirectory.java:analyzeStorage(246)) - The storage directory /workdir/hadoop-ozone/integration-test/target/test-dir/MiniOzoneClusterImpl-837d3900-8951-459a-88fe-dec9addad157/datanode-1/data/ratis/c3f294cd-78fe-4723-8c0d-a8897c702509 does not exist. Creating ...
2019-10-21 08:53:49,053 [pool-47-thread-1] INFO  server.RaftServerConfigKeys (ConfUtils.java:logGet(43)) - raft.server.rpc.timeout.max = 5200ms (custom)
2019-10-21 08:53:49,053 [pool-47-thread-1] INFO  server.RaftServerConfigKeys (ConfUtils.java:logGet(43)) - raft.server.rpcslowness.timeout = 1000s (custom)
2019-10-21 08:53:49,053 [pool-47-thread-1] INFO  server.RaftServerConfigKeys (ConfUtils.java:logGet(43)) - raft.server.sleep.deviation.threshold = 300 (default)
2019-10-21 08:53:49,053 [pool-47-thread-1] INFO  server.RaftServerConfigKeys (ConfUtils.java:logGet(43)) - raft.server.log.appender.install.snapshot.enabled = false (custom)
2019-10-21 08:53:49,054 [pool-47-thread-1] INFO  impl.RaftServerImpl (ServerState.java:<init>(103)) - c70aeaaf-c9e5-48cb-bf54-679217b9dc75@group-A8897C702509: ConfigurationManager, init=-1: [c70aeaaf-c9e5-48cb-bf54-679217b9dc75:192.168.69.94:41041, fe29a221-84a6-4e60-b8fd-e87bf4d69f29:192.168.69.94:36145, 5edaa15a-462c-4223-9b9f-86f5b13029f2:192.168.69.94:40883], old=null, confs=<EMPTY_MAP>
2019-10-21 08:53:49,054 [pool-27-thread-1] INFO  impl.RaftServerImpl (RaftServerImpl.java:<init>(98)) - fe29a221-84a6-4e60-b8fd-e87bf4d69f29: new RaftServerImpl for group-A8897C702509:[c70aeaaf-c9e5-48cb-bf54-679217b9dc75:192.168.69.94:41041, fe29a221-84a6-4e60-b8fd-e87bf4d69f29:192.168.69.94:36145, 5edaa15a-462c-4223-9b9f-86f5b13029f2:192.168.69.94:40883] with ContainerStateMachine:uninitialized
2019-10-21 08:53:49,054 [pool-47-thread-1] INFO  server.RaftServerConfigKeys (ConfUtils.java:logGet(43)) - raft.server.storage.dir = [/workdir/hadoop-ozone/integration-test/target/test-dir/MiniOzoneClusterImpl-837d3900-8951-459a-88fe-dec9addad157/datanode-2/data/ratis] (custom)
2019-10-21 08:53:49,054 [pool-27-thread-1] INFO  server.RaftServerConfigKeys (ConfUtils.java:logGet(43)) - raft.server.rpc.timeout.min = 5s (custom)
2019-10-21 08:53:49,054 [pool-47-thread-1] INFO  server.RaftServerConfigKeys (ConfUtils.java:logGet(43)) - raft.server.log.corruption.policy = EXCEPTION (default)
2019-10-21 08:53:49,054 [pool-27-thread-1] INFO  server.RaftServerConfigKeys (ConfUtils.java:logGet(43)) - raft.server.rpc.timeout.max = 5200ms (custom)
2019-10-21 08:53:49,054 [pool-47-thread-1] INFO  storage.RaftStorageDirectory (RaftStorageDirectory.java:analyzeStorage(246)) - The storage directory /workdir/hadoop-ozone/integration-test/target/test-dir/MiniOzoneClusterImpl-837d3900-8951-459a-88fe-dec9addad157/datanode-2/data/ratis/c3f294cd-78fe-4723-8c0d-a8897c702509 does not exist. Creating ...
2019-10-21 08:53:49,055 [pool-27-thread-1] INFO  server.RaftServerConfigKeys (ConfUtils.java:logGet(43)) - raft.server.rpcslowness.timeout = 1000s (custom)
2019-10-21 08:53:49,055 [pool-27-thread-1] INFO  server.RaftServerConfigKeys (ConfUtils.java:logGet(43)) - raft.server.sleep.deviation.threshold = 300 (default)
2019-10-21 08:53:49,055 [pool-27-thread-1] INFO  server.RaftServerConfigKeys (ConfUtils.java:logGet(43)) - raft.server.log.appender.install.snapshot.enabled = false (custom)
2019-10-21 08:53:49,055 [pool-27-thread-1] INFO  impl.RaftServerImpl (ServerState.java:<init>(103)) - fe29a221-84a6-4e60-b8fd-e87bf4d69f29@group-A8897C702509: ConfigurationManager, init=-1: [c70aeaaf-c9e5-48cb-bf54-679217b9dc75:192.168.69.94:41041, fe29a221-84a6-4e60-b8fd-e87bf4d69f29:192.168.69.94:36145, 5edaa15a-462c-4223-9b9f-86f5b13029f2:192.168.69.94:40883], old=null, confs=<EMPTY_MAP>
2019-10-21 08:53:49,055 [pool-27-thread-1] INFO  server.RaftServerConfigKeys (ConfUtils.java:logGet(43)) - raft.server.storage.dir = [/workdir/hadoop-ozone/integration-test/target/test-dir/MiniOzoneClusterImpl-837d3900-8951-459a-88fe-dec9addad157/datanode-0/data/ratis] (custom)
2019-10-21 08:53:49,056 [pool-27-thread-1] INFO  server.RaftServerConfigKeys (ConfUtils.java:logGet(43)) - raft.server.log.corruption.policy = EXCEPTION (default)
2019-10-21 08:53:49,056 [pool-27-thread-1] INFO  storage.RaftStorageDirectory (RaftStorageDirectory.java:analyzeStorage(246)) - The storage directory /workdir/hadoop-ozone/integration-test/target/test-dir/MiniOzoneClusterImpl-837d3900-8951-459a-88fe-dec9addad157/datanode-0/data/ratis/c3f294cd-78fe-4723-8c0d-a8897c702509 does not exist. Creating ...
2019-10-21 08:53:49,066 [pool-37-thread-1] INFO  storage.RaftStorageDirectory (RaftStorageDirectory.java:tryLock(328)) - Lock on /workdir/hadoop-ozone/integration-test/target/test-dir/MiniOzoneClusterImpl-837d3900-8951-459a-88fe-dec9addad157/datanode-1/data/ratis/c3f294cd-78fe-4723-8c0d-a8897c702509/in_use.lock acquired by nodename 25926@pr-hdds-1868-bv6q8-2720828103
2019-10-21 08:53:49,066 [pool-27-thread-1] INFO  storage.RaftStorageDirectory (RaftStorageDirectory.java:tryLock(328)) - Lock on /workdir/hadoop-ozone/integration-test/target/test-dir/MiniOzoneClusterImpl-837d3900-8951-459a-88fe-dec9addad157/datanode-0/data/ratis/c3f294cd-78fe-4723-8c0d-a8897c702509/in_use.lock acquired by nodename 25926@pr-hdds-1868-bv6q8-2720828103
2019-10-21 08:53:49,066 [pool-47-thread-1] INFO  storage.RaftStorageDirectory (RaftStorageDirectory.java:tryLock(328)) - Lock on /workdir/hadoop-ozone/integration-test/target/test-dir/MiniOzoneClusterImpl-837d3900-8951-459a-88fe-dec9addad157/datanode-2/data/ratis/c3f294cd-78fe-4723-8c0d-a8897c702509/in_use.lock acquired by nodename 25926@pr-hdds-1868-bv6q8-2720828103
2019-10-21 08:53:49,080 [pool-47-thread-1] INFO  storage.RaftStorage (RaftStorage.java:format(84)) - Storage directory /workdir/hadoop-ozone/integration-test/target/test-dir/MiniOzoneClusterImpl-837d3900-8951-459a-88fe-dec9addad157/datanode-2/data/ratis/c3f294cd-78fe-4723-8c0d-a8897c702509 has been successfully formatted.
2019-10-21 08:53:49,080 [pool-37-thread-1] INFO  storage.RaftStorage (RaftStorage.java:format(84)) - Storage directory /workdir/hadoop-ozone/integration-test/target/test-dir/MiniOzoneClusterImpl-837d3900-8951-459a-88fe-dec9addad157/datanode-1/data/ratis/c3f294cd-78fe-4723-8c0d-a8897c702509 has been successfully formatted.
2019-10-21 08:53:49,080 [pool-47-thread-1] INFO  ratis.ContainerStateMachine (ContainerStateMachine.java:loadSnapshot(233)) - group-A8897C702509: The snapshot info is null. Setting the last applied indexto:(t:0, i:~)
2019-10-21 08:53:49,080 [pool-27-thread-1] INFO  storage.RaftStorage (RaftStorage.java:format(84)) - Storage directory /workdir/hadoop-ozone/integration-test/target/test-dir/MiniOzoneClusterImpl-837d3900-8951-459a-88fe-dec9addad157/datanode-0/data/ratis/c3f294cd-78fe-4723-8c0d-a8897c702509 has been successfully formatted.
2019-10-21 08:53:49,081 [pool-37-thread-1] INFO  ratis.ContainerStateMachine (ContainerStateMachine.java:loadSnapshot(233)) - group-A8897C702509: The snapshot info is null. Setting the last applied indexto:(t:0, i:~)
2019-10-21 08:53:49,081 [pool-47-thread-1] INFO  server.RaftServerConfigKeys (ConfUtils.java:logGet(43)) - raft.server.notification.no-leader.timeout = 1000s (custom)
2019-10-21 08:53:49,081 [pool-27-thread-1] INFO  ratis.ContainerStateMachine (ContainerStateMachine.java:loadSnapshot(233)) - group-A8897C702509: The snapshot info is null. Setting the last applied indexto:(t:0, i:~)
2019-10-21 08:53:49,081 [pool-37-thread-1] INFO  server.RaftServerConfigKeys (ConfUtils.java:logGet(43)) - raft.server.notification.no-leader.timeout = 1000s (custom)
2019-10-21 08:53:49,081 [pool-27-thread-1] INFO  server.RaftServerConfigKeys (ConfUtils.java:logGet(43)) - raft.server.notification.no-leader.timeout = 1000s (custom)
2019-10-21 08:53:49,081 [pool-47-thread-1] INFO  server.RaftServerConfigKeys (ConfUtils.java:logGet(43)) - raft.server.log.use.memory = false (default)
2019-10-21 08:53:49,081 [pool-27-thread-1] INFO  server.RaftServerConfigKeys (ConfUtils.java:logGet(43)) - raft.server.log.use.memory = false (default)
2019-10-21 08:53:49,081 [pool-37-thread-1] INFO  server.RaftServerConfigKeys (ConfUtils.java:logGet(43)) - raft.server.log.use.memory = false (default)
2019-10-21 08:53:49,082 [pool-27-thread-1] INFO  server.RaftServerConfigKeys (ConfUtils.java:logGet(43)) - raft.server.log.purge.gap = 1000000 (custom)
2019-10-21 08:53:49,082 [pool-47-thread-1] INFO  server.RaftServerConfigKeys (ConfUtils.java:logGet(43)) - raft.server.log.purge.gap = 1000000 (custom)
2019-10-21 08:53:49,082 [pool-27-thread-1] INFO  server.RaftServerConfigKeys (ConfUtils.java:logGet(43)) - raft.server.log.appender.buffer.byte-limit = 33554432 (custom)
2019-10-21 08:53:49,082 [pool-37-thread-1] INFO  server.RaftServerConfigKeys (ConfUtils.java:logGet(43)) - raft.server.log.purge.gap = 1000000 (custom)
2019-10-21 08:53:49,082 [pool-27-thread-1] INFO  server.RaftServerConfigKeys (ConfUtils.java:logGet(43)) - raft.server.log.segment.size.max = 1048576 (custom)
2019-10-21 08:53:49,082 [pool-47-thread-1] INFO  server.RaftServerConfigKeys (ConfUtils.java:logGet(43)) - raft.server.log.appender.buffer.byte-limit = 33554432 (custom)
2019-10-21 08:53:49,083 [pool-27-thread-1] INFO  server.RaftServerConfigKeys (ConfUtils.java:logGet(43)) - raft.server.log.segment.cache.num.max = 2 (custom)
2019-10-21 08:53:49,083 [pool-37-thread-1] INFO  server.RaftServerConfigKeys (ConfUtils.java:logGet(43)) - raft.server.log.appender.buffer.byte-limit = 33554432 (custom)
2019-10-21 08:53:49,083 [pool-27-thread-1] INFO  segmented.SegmentedRaftLogWorker (SegmentedRaftLogWorker.java:<init>(173)) - new fe29a221-84a6-4e60-b8fd-e87bf4d69f29@group-A8897C702509-SegmentedRaftLogWorker for RaftStorage:Storage Directory /workdir/hadoop-ozone/integration-test/target/test-dir/MiniOzoneClusterImpl-837d3900-8951-459a-88fe-dec9addad157/datanode-0/data/ratis/c3f294cd-78fe-4723-8c0d-a8897c702509
2019-10-21 08:53:49,083 [pool-47-thread-1] INFO  server.RaftServerConfigKeys (ConfUtils.java:logGet(43)) - raft.server.log.segment.size.max = 1048576 (custom)
2019-10-21 08:53:49,083 [pool-27-thread-1] INFO  server.RaftServerConfigKeys (ConfUtils.java:logGet(43)) - raft.server.log.queue.byte-limit = 2147483647 (custom)
2019-10-21 08:53:49,083 [pool-37-thread-1] INFO  server.RaftServerConfigKeys (ConfUtils.java:logGet(43)) - raft.server.log.segment.size.max = 1048576 (custom)
2019-10-21 08:53:49,084 [pool-27-thread-1] INFO  server.RaftServerConfigKeys (ConfUtils.java:logGet(43)) - raft.server.log.queue.element-limit = 1024 (custom)
2019-10-21 08:53:49,083 [pool-47-thread-1] INFO  server.RaftServerConfigKeys (ConfUtils.java:logGet(43)) - raft.server.log.segment.cache.num.max = 2 (custom)
2019-10-21 08:53:49,084 [pool-27-thread-1] INFO  server.RaftServerConfigKeys (ConfUtils.java:logGet(43)) - raft.server.log.segment.size.max = 1048576 (custom)
2019-10-21 08:53:49,084 [pool-37-thread-1] INFO  server.RaftServerConfigKeys (ConfUtils.java:logGet(43)) - raft.server.log.segment.cache.num.max = 2 (custom)
2019-10-21 08:53:49,084 [pool-27-thread-1] INFO  server.RaftServerConfigKeys (ConfUtils.java:logGet(43)) - raft.server.log.preallocated.size = 16384 (custom)
2019-10-21 08:53:49,084 [pool-47-thread-1] INFO  segmented.SegmentedRaftLogWorker (SegmentedRaftLogWorker.java:<init>(173)) - new c70aeaaf-c9e5-48cb-bf54-679217b9dc75@group-A8897C702509-SegmentedRaftLogWorker for RaftStorage:Storage Directory /workdir/hadoop-ozone/integration-test/target/test-dir/MiniOzoneClusterImpl-837d3900-8951-459a-88fe-dec9addad157/datanode-2/data/ratis/c3f294cd-78fe-4723-8c0d-a8897c702509
2019-10-21 08:53:49,085 [pool-27-thread-1] INFO  server.RaftServerConfigKeys (ConfUtils.java:logGet(43)) - raft.server.log.write.buffer.size = 33554432 (custom)
2019-10-21 08:53:49,084 [pool-37-thread-1] INFO  segmented.SegmentedRaftLogWorker (SegmentedRaftLogWorker.java:<init>(173)) - new 5edaa15a-462c-4223-9b9f-86f5b13029f2@group-A8897C702509-SegmentedRaftLogWorker for RaftStorage:Storage Directory /workdir/hadoop-ozone/integration-test/target/test-dir/MiniOzoneClusterImpl-837d3900-8951-459a-88fe-dec9addad157/datanode-1/data/ratis/c3f294cd-78fe-4723-8c0d-a8897c702509
2019-10-21 08:53:49,085 [pool-27-thread-1] INFO  server.RaftServerConfigKeys (ConfUtils.java:logGet(43)) - raft.server.log.force.sync.num = 128 (default)
2019-10-21 08:53:49,085 [pool-47-thread-1] INFO  server.RaftServerConfigKeys (ConfUtils.java:logGet(43)) - raft.server.log.queue.byte-limit = 2147483647 (custom)
2019-10-21 08:53:49,085 [pool-27-thread-1] INFO  server.RaftServerConfigKeys (ConfUtils.java:logGet(43)) - raft.server.log.statemachine.data.sync = true (default)
2019-10-21 08:53:49,085 [pool-37-thread-1] INFO  server.RaftServerConfigKeys (ConfUtils.java:logGet(43)) - raft.server.log.queue.byte-limit = 2147483647 (custom)
2019-10-21 08:53:49,086 [pool-27-thread-1] INFO  server.RaftServerConfigKeys (ConfUtils.java:logGet(43)) - raft.server.log.statemachine.data.sync.timeout = 10s (default)
2019-10-21 08:53:49,085 [pool-47-thread-1] INFO  server.RaftServerConfigKeys (ConfUtils.java:logGet(43)) - raft.server.log.queue.element-limit = 1024 (custom)
2019-10-21 08:53:49,086 [pool-27-thread-1] INFO  server.RaftServerConfigKeys (ConfUtils.java:logGet(43)) - raft.server.log.statemachine.data.sync.timeout.retry = -1 (default)
2019-10-21 08:53:49,086 [pool-37-thread-1] INFO  server.RaftServerConfigKeys (ConfUtils.java:logGet(43)) - raft.server.log.queue.element-limit = 1024 (custom)
2019-10-21 08:53:49,086 [pool-47-thread-1] INFO  server.RaftServerConfigKeys (ConfUtils.java:logGet(43)) - raft.server.log.segment.size.max = 1048576 (custom)
2019-10-21 08:53:49,086 [pool-27-thread-1] INFO  server.RaftServerConfigKeys (ConfUtils.java:logGet(43)) - raft.server.log.statemachine.data.caching.enabled = true (custom)
2019-10-21 08:53:49,086 [pool-37-thread-1] INFO  server.RaftServerConfigKeys (ConfUtils.java:logGet(43)) - raft.server.log.segment.size.max = 1048576 (custom)
2019-10-21 08:53:49,086 [pool-47-thread-1] INFO  server.RaftServerConfigKeys (ConfUtils.java:logGet(43)) - raft.server.log.preallocated.size = 16384 (custom)
2019-10-21 08:53:49,087 [pool-37-thread-1] INFO  server.RaftServerConfigKeys (ConfUtils.java:logGet(43)) - raft.server.log.preallocated.size = 16384 (custom)
2019-10-21 08:53:49,087 [pool-27-thread-1] INFO  segmented.SegmentedRaftLogWorker (SegmentedRaftLogWorker.java:lambda$new$0(128)) - fe29a221-84a6-4e60-b8fd-e87bf4d69f29@group-A8897C702509-SegmentedRaftLogWorker: flushIndex: setUnconditionally 0 -> -1
2019-10-21 08:53:49,087 [pool-47-thread-1] INFO  server.RaftServerConfigKeys (ConfUtils.java:logGet(43)) - raft.server.log.write.buffer.size = 33554432 (custom)
2019-10-21 08:53:49,087 [pool-37-thread-1] INFO  server.RaftServerConfigKeys (ConfUtils.java:logGet(43)) - raft.server.log.write.buffer.size = 33554432 (custom)
2019-10-21 08:53:49,087 [pool-47-thread-1] INFO  server.RaftServerConfigKeys (ConfUtils.java:logGet(43)) - raft.server.log.force.sync.num = 128 (default)
2019-10-21 08:53:49,087 [pool-27-thread-1] INFO  server.RaftServerConfigKeys (ConfUtils.java:logGet(43)) - raft.server.snapshot.auto.trigger.enabled = true (custom)
2019-10-21 08:53:49,087 [pool-37-thread-1] INFO  server.RaftServerConfigKeys (ConfUtils.java:logGet(43)) - raft.server.log.force.sync.num = 128 (default)
2019-10-21 08:53:49,088 [pool-27-thread-1] INFO  server.RaftServerConfigKeys (ConfUtils.java:logGet(43)) - raft.server.snapshot.auto.trigger.threshold = 10000 (custom)
2019-10-21 08:53:49,088 [pool-47-thread-1] INFO  server.RaftServerConfigKeys (ConfUtils.java:logGet(43)) - raft.server.log.statemachine.data.sync = true (default)
2019-10-21 08:53:49,088 [pool-27-thread-1] INFO  server.RaftServerConfigKeys (ConfUtils.java:logGet(43)) - raft.server.snapshot.retention.file.num = 5 (custom)
2019-10-21 08:53:49,088 [pool-37-thread-1] INFO  server.RaftServerConfigKeys (ConfUtils.java:logGet(43)) - raft.server.log.statemachine.data.sync = true (default)
2019-10-21 08:53:49,088 [pool-47-thread-1] INFO  server.RaftServerConfigKeys (ConfUtils.java:logGet(43)) - raft.server.log.statemachine.data.sync.timeout = 10s (default)
2019-10-21 08:53:49,088 [pool-37-thread-1] INFO  server.RaftServerConfigKeys (ConfUtils.java:logGet(43)) - raft.server.log.statemachine.data.sync.timeout = 10s (default)
2019-10-21 08:53:49,088 [pool-27-thread-1] INFO  server.RaftServerConfigKeys (ConfUtils.java:logGet(43)) - raft.server.retrycache.expirytime = 600000ms (custom)
2019-10-21 08:53:49,089 [pool-37-thread-1] INFO  server.RaftServerConfigKeys (ConfUtils.java:logGet(43)) - raft.server.log.statemachine.data.sync.timeout.retry = -1 (default)
2019-10-21 08:53:49,089 [pool-47-thread-1] INFO  server.RaftServerConfigKeys (ConfUtils.java:logGet(43)) - raft.server.log.statemachine.data.sync.timeout.retry = -1 (default)
2019-10-21 08:53:49,089 [pool-27-thread-1] WARN  impl.MetricRegistriesImpl (MetricRegistriesImpl.java:lambda$create$1(61)) - First MetricRegistry has been created without registering reporters. You may need to call MetricRegistries.global().addReportRegistration(...) before.
2019-10-21 08:53:49,089 [pool-47-thread-1] INFO  server.RaftServerConfigKeys (ConfUtils.java:logGet(43)) - raft.server.log.statemachine.data.caching.enabled = true (custom)
2019-10-21 08:53:49,089 [pool-37-thread-1] INFO  server.RaftServerConfigKeys (ConfUtils.java:logGet(43)) - raft.server.log.statemachine.data.caching.enabled = true (custom)
2019-10-21 08:53:49,089 [pool-27-thread-1] WARN  impl.MetricRegistriesImpl (MetricRegistriesImpl.java:lambda$create$1(61)) - First MetricRegistry has been created without registering reporters. You may need to call MetricRegistries.global().addReportRegistration(...) before.
2019-10-21 08:53:49,090 [pool-47-thread-1] INFO  segmented.SegmentedRaftLogWorker (SegmentedRaftLogWorker.java:lambda$new$0(128)) - c70aeaaf-c9e5-48cb-bf54-679217b9dc75@group-A8897C702509-SegmentedRaftLogWorker: flushIndex: setUnconditionally 0 -> -1
2019-10-21 08:53:49,090 [pool-37-thread-1] INFO  segmented.SegmentedRaftLogWorker (SegmentedRaftLogWorker.java:lambda$new$0(128)) - 5edaa15a-462c-4223-9b9f-86f5b13029f2@group-A8897C702509-SegmentedRaftLogWorker: flushIndex: setUnconditionally 0 -> -1
2019-10-21 08:53:49,090 [pool-47-thread-1] INFO  server.RaftServerConfigKeys (ConfUtils.java:logGet(43)) - raft.server.snapshot.auto.trigger.enabled = true (custom)
2019-10-21 08:53:49,090 [pool-27-thread-1] INFO  impl.RaftServerImpl (RaftServerImpl.java:start(184)) - fe29a221-84a6-4e60-b8fd-e87bf4d69f29@group-A8897C702509: start as a follower, conf=-1: [c70aeaaf-c9e5-48cb-bf54-679217b9dc75:192.168.69.94:41041, fe29a221-84a6-4e60-b8fd-e87bf4d69f29:192.168.69.94:36145, 5edaa15a-462c-4223-9b9f-86f5b13029f2:192.168.69.94:40883], old=null
2019-10-21 08:53:49,090 [pool-37-thread-1] INFO  server.RaftServerConfigKeys (ConfUtils.java:logGet(43)) - raft.server.snapshot.auto.trigger.enabled = true (custom)
2019-10-21 08:53:49,090 [pool-47-thread-1] INFO  server.RaftServerConfigKeys (ConfUtils.java:logGet(43)) - raft.server.snapshot.auto.trigger.threshold = 10000 (custom)
2019-10-21 08:53:49,090 [pool-37-thread-1] INFO  server.RaftServerConfigKeys (ConfUtils.java:logGet(43)) - raft.server.snapshot.auto.trigger.threshold = 10000 (custom)
2019-10-21 08:53:49,090 [pool-27-thread-1] INFO  impl.RaftServerImpl (RaftServerImpl.java:setRole(173)) - fe29a221-84a6-4e60-b8fd-e87bf4d69f29@group-A8897C702509: changes role from      null to FOLLOWER at term 0 for startAsFollower
2019-10-21 08:53:49,091 [pool-37-thread-1] INFO  server.RaftServerConfigKeys (ConfUtils.java:logGet(43)) - raft.server.snapshot.retention.file.num = 5 (custom)
2019-10-21 08:53:49,091 [pool-47-thread-1] INFO  server.RaftServerConfigKeys (ConfUtils.java:logGet(43)) - raft.server.snapshot.retention.file.num = 5 (custom)
2019-10-21 08:53:49,091 [pool-27-thread-1] INFO  impl.RoleInfo (RoleInfo.java:updateAndGet(143)) - fe29a221-84a6-4e60-b8fd-e87bf4d69f29: start FollowerState
2019-10-21 08:53:49,091 [pool-47-thread-1] INFO  server.RaftServerConfigKeys (ConfUtils.java:logGet(43)) - raft.server.retrycache.expirytime = 600000ms (custom)
2019-10-21 08:53:49,091 [pool-37-thread-1] INFO  server.RaftServerConfigKeys (ConfUtils.java:logGet(43)) - raft.server.retrycache.expirytime = 600000ms (custom)
2019-10-21 08:53:49,091 [pool-47-thread-1] WARN  impl.MetricRegistriesImpl (MetricRegistriesImpl.java:lambda$create$1(61)) - First MetricRegistry has been created without registering reporters. You may need to call MetricRegistries.global().addReportRegistration(...) before.
2019-10-21 08:53:49,092 [pool-37-thread-1] WARN  impl.MetricRegistriesImpl (MetricRegistriesImpl.java:lambda$create$1(61)) - First MetricRegistry has been created without registering reporters. You may need to call MetricRegistries.global().addReportRegistration(...) before.
2019-10-21 08:53:49,092 [pool-27-thread-1] INFO  util.JmxRegister (JmxRegister.java:tryRegister(44)) - Successfully registered JMX Bean with object name Ratis:service=RaftServer,group=group-A8897C702509,id=fe29a221-84a6-4e60-b8fd-e87bf4d69f29
2019-10-21 08:53:49,092 [pool-47-thread-1] WARN  impl.MetricRegistriesImpl (MetricRegistriesImpl.java:lambda$create$1(61)) - First MetricRegistry has been created without registering reporters. You may need to call MetricRegistries.global().addReportRegistration(...) before.
2019-10-21 08:53:49,092 [pool-27-thread-1] WARN  impl.MetricRegistriesImpl (MetricRegistriesImpl.java:lambda$create$1(61)) - First MetricRegistry has been created without registering reporters. You may need to call MetricRegistries.global().addReportRegistration(...) before.
2019-10-21 08:53:49,092 [pool-37-thread-1] WARN  impl.MetricRegistriesImpl (MetricRegistriesImpl.java:lambda$create$1(61)) - First MetricRegistry has been created without registering reporters. You may need to call MetricRegistries.global().addReportRegistration(...) before.
2019-10-21 08:53:49,092 [pool-47-thread-1] INFO  impl.RaftServerImpl (RaftServerImpl.java:start(184)) - c70aeaaf-c9e5-48cb-bf54-679217b9dc75@group-A8897C702509: start as a follower, conf=-1: [c70aeaaf-c9e5-48cb-bf54-679217b9dc75:192.168.69.94:41041, fe29a221-84a6-4e60-b8fd-e87bf4d69f29:192.168.69.94:36145, 5edaa15a-462c-4223-9b9f-86f5b13029f2:192.168.69.94:40883], old=null
2019-10-21 08:53:49,092 [pool-47-thread-1] INFO  impl.RaftServerImpl (RaftServerImpl.java:setRole(173)) - c70aeaaf-c9e5-48cb-bf54-679217b9dc75@group-A8897C702509: changes role from      null to FOLLOWER at term 0 for startAsFollower
2019-10-21 08:53:49,092 [pool-37-thread-1] INFO  impl.RaftServerImpl (RaftServerImpl.java:start(184)) - 5edaa15a-462c-4223-9b9f-86f5b13029f2@group-A8897C702509: start as a follower, conf=-1: [c70aeaaf-c9e5-48cb-bf54-679217b9dc75:192.168.69.94:41041, fe29a221-84a6-4e60-b8fd-e87bf4d69f29:192.168.69.94:36145, 5edaa15a-462c-4223-9b9f-86f5b13029f2:192.168.69.94:40883], old=null
2019-10-21 08:53:49,093 [pool-47-thread-1] INFO  impl.RoleInfo (RoleInfo.java:updateAndGet(143)) - c70aeaaf-c9e5-48cb-bf54-679217b9dc75: start FollowerState
2019-10-21 08:53:49,093 [pool-37-thread-1] INFO  impl.RaftServerImpl (RaftServerImpl.java:setRole(173)) - 5edaa15a-462c-4223-9b9f-86f5b13029f2@group-A8897C702509: changes role from      null to FOLLOWER at term 0 for startAsFollower
2019-10-21 08:53:49,093 [pool-37-thread-1] INFO  impl.RoleInfo (RoleInfo.java:updateAndGet(143)) - 5edaa15a-462c-4223-9b9f-86f5b13029f2: start FollowerState
2019-10-21 08:53:49,093 [pool-47-thread-1] INFO  util.JmxRegister (JmxRegister.java:tryRegister(44)) - Successfully registered JMX Bean with object name Ratis:service=RaftServer,group=group-A8897C702509,id=c70aeaaf-c9e5-48cb-bf54-679217b9dc75
2019-10-21 08:53:49,093 [pool-47-thread-1] WARN  impl.MetricRegistriesImpl (MetricRegistriesImpl.java:lambda$create$1(61)) - First MetricRegistry has been created without registering reporters. You may need to call MetricRegistries.global().addReportRegistration(...) before.
2019-10-21 08:53:49,094 [pool-37-thread-1] INFO  util.JmxRegister (JmxRegister.java:tryRegister(44)) - Successfully registered JMX Bean with object name Ratis:service=RaftServer,group=group-A8897C702509,id=5edaa15a-462c-4223-9b9f-86f5b13029f2
2019-10-21 08:53:49,094 [pool-37-thread-1] WARN  impl.MetricRegistriesImpl (MetricRegistriesImpl.java:lambda$create$1(61)) - First MetricRegistry has been created without registering reporters. You may need to call MetricRegistries.global().addReportRegistration(...) before.
2019-10-21 08:53:49,109 [RatisPipelineUtilsThread] INFO  pipeline.PipelineStateManager (PipelineStateManager.java:addPipeline(55)) - Created pipeline Pipeline[ Id: c3f294cd-78fe-4723-8c0d-a8897c702509, Nodes: c70aeaaf-c9e5-48cb-bf54-679217b9dc75{ip: 192.168.69.94, host: pr-hdds-1868-bv6q8-2720828103, networkLocation: /default-rack, certSerialId: null}fe29a221-84a6-4e60-b8fd-e87bf4d69f29{ip: 192.168.69.94, host: pr-hdds-1868-bv6q8-2720828103, networkLocation: /default-rack, certSerialId: null}5edaa15a-462c-4223-9b9f-86f5b13029f2{ip: 192.168.69.94, host: pr-hdds-1868-bv6q8-2720828103, networkLocation: /default-rack, certSerialId: null}, Type:RATIS, Factor:THREE, State:ALLOCATED]
2019-10-21 08:53:49,110 [Thread-181] INFO  pipeline.PipelineStateManager (PipelineStateManager.java:finalizePipeline(121)) - Pipeline Pipeline[ Id: 89e3f819-ae8c-4d50-94f8-6be110b0bda7, Nodes: fe29a221-84a6-4e60-b8fd-e87bf4d69f29{ip: 192.168.69.94, host: pr-hdds-1868-bv6q8-2720828103, networkLocation: /default-rack, certSerialId: null}, Type:RATIS, Factor:ONE, State:CLOSED] moved to CLOSED state
2019-10-21 08:53:49,122 [grpc-default-executor-2] INFO  impl.RaftServerProxy (RaftServerProxy.java:remove(95)) - fe29a221-84a6-4e60-b8fd-e87bf4d69f29: remove  FOLLOWER fe29a221-84a6-4e60-b8fd-e87bf4d69f29@group-6BE110B0BDA7:t0, leader=null, voted=null, raftlog=fe29a221-84a6-4e60-b8fd-e87bf4d69f29@group-6BE110B0BDA7-SegmentedRaftLog:OPENED:c-1,f-1,i0, conf=-1: [fe29a221-84a6-4e60-b8fd-e87bf4d69f29:192.168.69.94:36145], old=null RUNNING
2019-10-21 08:53:49,123 [grpc-default-executor-2] INFO  impl.RaftServerImpl (RaftServerImpl.java:lambda$shutdown$3(250)) - fe29a221-84a6-4e60-b8fd-e87bf4d69f29@group-6BE110B0BDA7: shutdown
2019-10-21 08:53:49,123 [grpc-default-executor-2] INFO  util.JmxRegister (JmxRegister.java:unregister(73)) - Successfully un-registered JMX Bean with object name Ratis:service=RaftServer,group=group-6BE110B0BDA7,id=fe29a221-84a6-4e60-b8fd-e87bf4d69f29
2019-10-21 08:53:49,124 [grpc-default-executor-2] INFO  impl.RoleInfo (RoleInfo.java:shutdownFollowerState(121)) - fe29a221-84a6-4e60-b8fd-e87bf4d69f29: shutdown FollowerState
2019-10-21 08:53:49,124 [grpc-default-executor-2] INFO  impl.StateMachineUpdater (StateMachineUpdater.java:stopAndJoin(136)) - fe29a221-84a6-4e60-b8fd-e87bf4d69f29@group-6BE110B0BDA7-StateMachineUpdater: set stopIndex = -1
2019-10-21 08:53:49,124 [Thread-186] INFO  impl.FollowerState (FollowerState.java:run(120)) - fe29a221-84a6-4e60-b8fd-e87bf4d69f29@group-6BE110B0BDA7-FollowerState was interrupted: java.lang.InterruptedException: sleep interrupted
2019-10-21 08:53:49,125 [grpc-default-executor-2] INFO  impl.RaftServerImpl (ServerState.java:close(387)) - fe29a221-84a6-4e60-b8fd-e87bf4d69f29@group-6BE110B0BDA7: closes. applyIndex: -1
2019-10-21 08:53:49,126 [fe29a221-84a6-4e60-b8fd-e87bf4d69f29@group-6BE110B0BDA7-SegmentedRaftLogWorker] INFO  segmented.SegmentedRaftLogWorker (SegmentedRaftLogWorker.java:run(316)) - fe29a221-84a6-4e60-b8fd-e87bf4d69f29@group-6BE110B0BDA7-SegmentedRaftLogWorker was interrupted, exiting. There are 0 tasks remaining in the queue.
2019-10-21 08:53:49,126 [grpc-default-executor-2] INFO  segmented.SegmentedRaftLogWorker (SegmentedRaftLogWorker.java:close(224)) - fe29a221-84a6-4e60-b8fd-e87bf4d69f29@group-6BE110B0BDA7-SegmentedRaftLogWorker close()
2019-10-21 08:53:49,133 [Thread-181] INFO  pipeline.PipelineStateManager (PipelineStateManager.java:removePipeline(106)) - Pipeline Pipeline[ Id: 89e3f819-ae8c-4d50-94f8-6be110b0bda7, Nodes: fe29a221-84a6-4e60-b8fd-e87bf4d69f29{ip: 192.168.69.94, host: pr-hdds-1868-bv6q8-2720828103, networkLocation: /default-rack, certSerialId: null}, Type:RATIS, Factor:ONE, State:CLOSED] removed from db
2019-10-21 08:53:49,133 [Thread-181] INFO  pipeline.SCMPipelineManager (SCMPipelineManager.java:finalizeAndDestroyPipeline(316)) - destroying pipeline:Pipeline[ Id: da8b4cff-15b6-4f5c-9b25-fe81462d8bdb, Nodes: c70aeaaf-c9e5-48cb-bf54-679217b9dc75{ip: 192.168.69.94, host: pr-hdds-1868-bv6q8-2720828103, networkLocation: /default-rack, certSerialId: null}, Type:RATIS, Factor:ONE, State:ALLOCATED]
2019-10-21 08:53:49,144 [grpc-default-executor-2] INFO  impl.RaftServerProxy (RaftServerProxy.java:addNew(89)) - fe29a221-84a6-4e60-b8fd-e87bf4d69f29: addNew group-14E2BBEE9703:[fe29a221-84a6-4e60-b8fd-e87bf4d69f29:192.168.69.94:36145] returns group-14E2BBEE9703:java.util.concurrent.CompletableFuture@33261c67[Not completed]
2019-10-21 08:53:49,146 [pool-27-thread-1] INFO  impl.RaftServerImpl (RaftServerImpl.java:<init>(98)) - fe29a221-84a6-4e60-b8fd-e87bf4d69f29: new RaftServerImpl for group-14E2BBEE9703:[fe29a221-84a6-4e60-b8fd-e87bf4d69f29:192.168.69.94:36145] with ContainerStateMachine:uninitialized
2019-10-21 08:53:49,147 [pool-27-thread-1] INFO  server.RaftServerConfigKeys (ConfUtils.java:logGet(43)) - raft.server.rpc.timeout.min = 5s (custom)
2019-10-21 08:53:49,147 [pool-27-thread-1] INFO  server.RaftServerConfigKeys (ConfUtils.java:logGet(43)) - raft.server.rpc.timeout.max = 5200ms (custom)
2019-10-21 08:53:49,147 [pool-27-thread-1] INFO  server.RaftServerConfigKeys (ConfUtils.java:logGet(43)) - raft.server.rpcslowness.timeout = 1000s (custom)
2019-10-21 08:53:49,147 [pool-27-thread-1] INFO  server.RaftServerConfigKeys (ConfUtils.java:logGet(43)) - raft.server.sleep.deviation.threshold = 300 (default)
2019-10-21 08:53:49,147 [pool-27-thread-1] INFO  server.RaftServerConfigKeys (ConfUtils.java:logGet(43)) - raft.server.log.appender.install.snapshot.enabled = false (custom)
2019-10-21 08:53:49,147 [pool-27-thread-1] INFO  impl.RaftServerImpl (ServerState.java:<init>(103)) - fe29a221-84a6-4e60-b8fd-e87bf4d69f29@group-14E2BBEE9703: ConfigurationManager, init=-1: [fe29a221-84a6-4e60-b8fd-e87bf4d69f29:192.168.69.94:36145], old=null, confs=<EMPTY_MAP>
2019-10-21 08:53:49,148 [pool-27-thread-1] INFO  server.RaftServerConfigKeys (ConfUtils.java:logGet(43)) - raft.server.storage.dir = [/workdir/hadoop-ozone/integration-test/target/test-dir/MiniOzoneClusterImpl-837d3900-8951-459a-88fe-dec9addad157/datanode-0/data/ratis] (custom)
2019-10-21 08:53:49,148 [pool-27-thread-1] INFO  server.RaftServerConfigKeys (ConfUtils.java:logGet(43)) - raft.server.log.corruption.policy = EXCEPTION (default)
2019-10-21 08:53:49,148 [pool-27-thread-1] INFO  storage.RaftStorageDirectory (RaftStorageDirectory.java:analyzeStorage(246)) - The storage directory /workdir/hadoop-ozone/integration-test/target/test-dir/MiniOzoneClusterImpl-837d3900-8951-459a-88fe-dec9addad157/datanode-0/data/ratis/34300e8b-d86e-4518-93e5-14e2bbee9703 does not exist. Creating ...
2019-10-21 08:53:49,161 [pool-27-thread-1] INFO  storage.RaftStorageDirectory (RaftStorageDirectory.java:tryLock(328)) - Lock on /workdir/hadoop-ozone/integration-test/target/test-dir/MiniOzoneClusterImpl-837d3900-8951-459a-88fe-dec9addad157/datanode-0/data/ratis/34300e8b-d86e-4518-93e5-14e2bbee9703/in_use.lock acquired by nodename 25926@pr-hdds-1868-bv6q8-2720828103
2019-10-21 08:53:49,174 [pool-27-thread-1] INFO  storage.RaftStorage (RaftStorage.java:format(84)) - Storage directory /workdir/hadoop-ozone/integration-test/target/test-dir/MiniOzoneClusterImpl-837d3900-8951-459a-88fe-dec9addad157/datanode-0/data/ratis/34300e8b-d86e-4518-93e5-14e2bbee9703 has been successfully formatted.
2019-10-21 08:53:49,175 [pool-27-thread-1] INFO  ratis.ContainerStateMachine (ContainerStateMachine.java:loadSnapshot(233)) - group-14E2BBEE9703: The snapshot info is null. Setting the last applied indexto:(t:0, i:~)
2019-10-21 08:53:49,175 [pool-27-thread-1] INFO  server.RaftServerConfigKeys (ConfUtils.java:logGet(43)) - raft.server.notification.no-leader.timeout = 1000s (custom)
2019-10-21 08:53:49,175 [pool-27-thread-1] INFO  server.RaftServerConfigKeys (ConfUtils.java:logGet(43)) - raft.server.log.use.memory = false (default)
2019-10-21 08:53:49,175 [pool-27-thread-1] INFO  server.RaftServerConfigKeys (ConfUtils.java:logGet(43)) - raft.server.log.purge.gap = 1000000 (custom)
2019-10-21 08:53:49,176 [pool-27-thread-1] INFO  server.RaftServerConfigKeys (ConfUtils.java:logGet(43)) - raft.server.log.appender.buffer.byte-limit = 33554432 (custom)
2019-10-21 08:53:49,176 [pool-27-thread-1] INFO  server.RaftServerConfigKeys (ConfUtils.java:logGet(43)) - raft.server.log.segment.size.max = 1048576 (custom)
2019-10-21 08:53:49,176 [pool-27-thread-1] INFO  server.RaftServerConfigKeys (ConfUtils.java:logGet(43)) - raft.server.log.segment.cache.num.max = 2 (custom)
2019-10-21 08:53:49,176 [pool-27-thread-1] INFO  segmented.SegmentedRaftLogWorker (SegmentedRaftLogWorker.java:<init>(173)) - new fe29a221-84a6-4e60-b8fd-e87bf4d69f29@group-14E2BBEE9703-SegmentedRaftLogWorker for RaftStorage:Storage Directory /workdir/hadoop-ozone/integration-test/target/test-dir/MiniOzoneClusterImpl-837d3900-8951-459a-88fe-dec9addad157/datanode-0/data/ratis/34300e8b-d86e-4518-93e5-14e2bbee9703
2019-10-21 08:53:49,177 [pool-27-thread-1] INFO  server.RaftServerConfigKeys (ConfUtils.java:logGet(43)) - raft.server.log.queue.byte-limit = 2147483647 (custom)
2019-10-21 08:53:49,177 [pool-27-thread-1] INFO  server.RaftServerConfigKeys (ConfUtils.java:logGet(43)) - raft.server.log.queue.element-limit = 1024 (custom)
2019-10-21 08:53:49,177 [pool-27-thread-1] INFO  server.RaftServerConfigKeys (ConfUtils.java:logGet(43)) - raft.server.log.segment.size.max = 1048576 (custom)
2019-10-21 08:53:49,177 [pool-27-thread-1] INFO  server.RaftServerConfigKeys (ConfUtils.java:logGet(43)) - raft.server.log.preallocated.size = 16384 (custom)
2019-10-21 08:53:49,177 [pool-27-thread-1] INFO  server.RaftServerConfigKeys (ConfUtils.java:logGet(43)) - raft.server.log.write.buffer.size = 33554432 (custom)
2019-10-21 08:53:49,178 [pool-27-thread-1] INFO  server.RaftServerConfigKeys (ConfUtils.java:logGet(43)) - raft.server.log.force.sync.num = 128 (default)
2019-10-21 08:53:49,178 [pool-27-thread-1] INFO  server.RaftServerConfigKeys (ConfUtils.java:logGet(43)) - raft.server.log.statemachine.data.sync = true (default)
2019-10-21 08:53:49,178 [pool-27-thread-1] INFO  server.RaftServerConfigKeys (ConfUtils.java:logGet(43)) - raft.server.log.statemachine.data.sync.timeout = 10s (default)
2019-10-21 08:53:49,178 [pool-27-thread-1] INFO  server.RaftServerConfigKeys (ConfUtils.java:logGet(43)) - raft.server.log.statemachine.data.sync.timeout.retry = -1 (default)
2019-10-21 08:53:49,178 [pool-27-thread-1] INFO  server.RaftServerConfigKeys (ConfUtils.java:logGet(43)) - raft.server.log.statemachine.data.caching.enabled = true (custom)
2019-10-21 08:53:49,179 [pool-27-thread-1] INFO  segmented.SegmentedRaftLogWorker (SegmentedRaftLogWorker.java:lambda$new$0(128)) - fe29a221-84a6-4e60-b8fd-e87bf4d69f29@group-14E2BBEE9703-SegmentedRaftLogWorker: flushIndex: setUnconditionally 0 -> -1
2019-10-21 08:53:49,179 [pool-27-thread-1] INFO  server.RaftServerConfigKeys (ConfUtils.java:logGet(43)) - raft.server.snapshot.auto.trigger.enabled = true (custom)
2019-10-21 08:53:49,180 [pool-27-thread-1] INFO  server.RaftServerConfigKeys (ConfUtils.java:logGet(43)) - raft.server.snapshot.auto.trigger.threshold = 10000 (custom)
2019-10-21 08:53:49,180 [pool-27-thread-1] INFO  server.RaftServerConfigKeys (ConfUtils.java:logGet(43)) - raft.server.snapshot.retention.file.num = 5 (custom)
2019-10-21 08:53:49,180 [pool-27-thread-1] INFO  server.RaftServerConfigKeys (ConfUtils.java:logGet(43)) - raft.server.retrycache.expirytime = 600000ms (custom)
2019-10-21 08:53:49,180 [pool-27-thread-1] WARN  impl.MetricRegistriesImpl (MetricRegistriesImpl.java:lambda$create$1(61)) - First MetricRegistry has been created without registering reporters. You may need to call MetricRegistries.global().addReportRegistration(...) before.
2019-10-21 08:53:49,181 [pool-27-thread-1] WARN  impl.MetricRegistriesImpl (MetricRegistriesImpl.java:lambda$create$1(61)) - First MetricRegistry has been created without registering reporters. You may need to call MetricRegistries.global().addReportRegistration(...) before.
2019-10-21 08:53:49,181 [pool-27-thread-1] INFO  impl.RaftServerImpl (RaftServerImpl.java:start(184)) - fe29a221-84a6-4e60-b8fd-e87bf4d69f29@group-14E2BBEE9703: start as a follower, conf=-1: [fe29a221-84a6-4e60-b8fd-e87bf4d69f29:192.168.69.94:36145], old=null
2019-10-21 08:53:49,181 [pool-27-thread-1] INFO  impl.RaftServerImpl (RaftServerImpl.java:setRole(173)) - fe29a221-84a6-4e60-b8fd-e87bf4d69f29@group-14E2BBEE9703: changes role from      null to FOLLOWER at term 0 for startAsFollower
2019-10-21 08:53:49,181 [pool-27-thread-1] INFO  impl.RoleInfo (RoleInfo.java:updateAndGet(143)) - fe29a221-84a6-4e60-b8fd-e87bf4d69f29: start FollowerState
2019-10-21 08:53:49,182 [pool-27-thread-1] INFO  util.JmxRegister (JmxRegister.java:tryRegister(44)) - Successfully registered JMX Bean with object name Ratis:service=RaftServer,group=group-14E2BBEE9703,id=fe29a221-84a6-4e60-b8fd-e87bf4d69f29
2019-10-21 08:53:49,182 [pool-27-thread-1] WARN  impl.MetricRegistriesImpl (MetricRegistriesImpl.java:lambda$create$1(61)) - First MetricRegistry has been created without registering reporters. You may need to call MetricRegistries.global().addReportRegistration(...) before.
2019-10-21 08:53:49,187 [RatisPipelineUtilsThread] INFO  pipeline.PipelineStateManager (PipelineStateManager.java:addPipeline(55)) - Created pipeline Pipeline[ Id: 34300e8b-d86e-4518-93e5-14e2bbee9703, Nodes: fe29a221-84a6-4e60-b8fd-e87bf4d69f29{ip: 192.168.69.94, host: pr-hdds-1868-bv6q8-2720828103, networkLocation: /default-rack, certSerialId: null}, Type:RATIS, Factor:ONE, State:ALLOCATED]
2019-10-21 08:53:49,189 [Thread-181] INFO  pipeline.PipelineStateManager (PipelineStateManager.java:finalizePipeline(121)) - Pipeline Pipeline[ Id: da8b4cff-15b6-4f5c-9b25-fe81462d8bdb, Nodes: c70aeaaf-c9e5-48cb-bf54-679217b9dc75{ip: 192.168.69.94, host: pr-hdds-1868-bv6q8-2720828103, networkLocation: /default-rack, certSerialId: null}, Type:RATIS, Factor:ONE, State:CLOSED] moved to CLOSED state
2019-10-21 08:53:49,203 [grpc-default-executor-2] INFO  impl.RaftServerProxy (RaftServerProxy.java:remove(95)) - c70aeaaf-c9e5-48cb-bf54-679217b9dc75: remove  FOLLOWER c70aeaaf-c9e5-48cb-bf54-679217b9dc75@group-FE81462D8BDB:t0, leader=null, voted=null, raftlog=c70aeaaf-c9e5-48cb-bf54-679217b9dc75@group-FE81462D8BDB-SegmentedRaftLog:OPENED:c-1,f-1,i0, conf=-1: [c70aeaaf-c9e5-48cb-bf54-679217b9dc75:192.168.69.94:41041], old=null RUNNING
2019-10-21 08:53:49,204 [grpc-default-executor-2] INFO  impl.RaftServerImpl (RaftServerImpl.java:lambda$shutdown$3(250)) - c70aeaaf-c9e5-48cb-bf54-679217b9dc75@group-FE81462D8BDB: shutdown
2019-10-21 08:53:49,204 [grpc-default-executor-2] INFO  util.JmxRegister (JmxRegister.java:unregister(73)) - Successfully un-registered JMX Bean with object name Ratis:service=RaftServer,group=group-FE81462D8BDB,id=c70aeaaf-c9e5-48cb-bf54-679217b9dc75
2019-10-21 08:53:49,204 [grpc-default-executor-2] INFO  impl.RoleInfo (RoleInfo.java:shutdownFollowerState(121)) - c70aeaaf-c9e5-48cb-bf54-679217b9dc75: shutdown FollowerState
2019-10-21 08:53:49,204 [grpc-default-executor-2] INFO  impl.StateMachineUpdater (StateMachineUpdater.java:stopAndJoin(136)) - c70aeaaf-c9e5-48cb-bf54-679217b9dc75@group-FE81462D8BDB-StateMachineUpdater: set stopIndex = -1
2019-10-21 08:53:49,204 [Thread-189] INFO  impl.FollowerState (FollowerState.java:run(120)) - c70aeaaf-c9e5-48cb-bf54-679217b9dc75@group-FE81462D8BDB-FollowerState was interrupted: java.lang.InterruptedException: sleep interrupted
2019-10-21 08:53:49,205 [grpc-default-executor-2] INFO  impl.RaftServerImpl (ServerState.java:close(387)) - c70aeaaf-c9e5-48cb-bf54-679217b9dc75@group-FE81462D8BDB: closes. applyIndex: -1
2019-10-21 08:53:49,206 [c70aeaaf-c9e5-48cb-bf54-679217b9dc75@group-FE81462D8BDB-SegmentedRaftLogWorker] INFO  segmented.SegmentedRaftLogWorker (SegmentedRaftLogWorker.java:run(316)) - c70aeaaf-c9e5-48cb-bf54-679217b9dc75@group-FE81462D8BDB-SegmentedRaftLogWorker was interrupted, exiting. There are 0 tasks remaining in the queue.
2019-10-21 08:53:49,206 [grpc-default-executor-2] INFO  segmented.SegmentedRaftLogWorker (SegmentedRaftLogWorker.java:close(224)) - c70aeaaf-c9e5-48cb-bf54-679217b9dc75@group-FE81462D8BDB-SegmentedRaftLogWorker close()
2019-10-21 08:53:49,213 [Thread-181] INFO  pipeline.PipelineStateManager (PipelineStateManager.java:removePipeline(106)) - Pipeline Pipeline[ Id: da8b4cff-15b6-4f5c-9b25-fe81462d8bdb, Nodes: c70aeaaf-c9e5-48cb-bf54-679217b9dc75{ip: 192.168.69.94, host: pr-hdds-1868-bv6q8-2720828103, networkLocation: /default-rack, certSerialId: null}, Type:RATIS, Factor:ONE, State:CLOSED] removed from db
2019-10-21 08:53:49,222 [grpc-default-executor-2] INFO  impl.RaftServerProxy (RaftServerProxy.java:addNew(89)) - c70aeaaf-c9e5-48cb-bf54-679217b9dc75: addNew group-ADFA90EDBECD:[c70aeaaf-c9e5-48cb-bf54-679217b9dc75:192.168.69.94:41041] returns group-ADFA90EDBECD:java.util.concurrent.CompletableFuture@48c8f369[Not completed]
2019-10-21 08:53:49,223 [pool-47-thread-1] INFO  impl.RaftServerImpl (RaftServerImpl.java:<init>(98)) - c70aeaaf-c9e5-48cb-bf54-679217b9dc75: new RaftServerImpl for group-ADFA90EDBECD:[c70aeaaf-c9e5-48cb-bf54-679217b9dc75:192.168.69.94:41041] with ContainerStateMachine:uninitialized
2019-10-21 08:53:49,223 [pool-47-thread-1] INFO  server.RaftServerConfigKeys (ConfUtils.java:logGet(43)) - raft.server.rpc.timeout.min = 5s (custom)
2019-10-21 08:53:49,223 [pool-47-thread-1] INFO  server.RaftServerConfigKeys (ConfUtils.java:logGet(43)) - raft.server.rpc.timeout.max = 5200ms (custom)
2019-10-21 08:53:49,224 [pool-47-thread-1] INFO  server.RaftServerConfigKeys (ConfUtils.java:logGet(43)) - raft.server.rpcslowness.timeout = 1000s (custom)
2019-10-21 08:53:49,224 [pool-47-thread-1] INFO  server.RaftServerConfigKeys (ConfUtils.java:logGet(43)) - raft.server.sleep.deviation.threshold = 300 (default)
2019-10-21 08:53:49,224 [pool-47-thread-1] INFO  server.RaftServerConfigKeys (ConfUtils.java:logGet(43)) - raft.server.log.appender.install.snapshot.enabled = false (custom)
2019-10-21 08:53:49,224 [pool-47-thread-1] INFO  impl.RaftServerImpl (ServerState.java:<init>(103)) - c70aeaaf-c9e5-48cb-bf54-679217b9dc75@group-ADFA90EDBECD: ConfigurationManager, init=-1: [c70aeaaf-c9e5-48cb-bf54-679217b9dc75:192.168.69.94:41041], old=null, confs=<EMPTY_MAP>
2019-10-21 08:53:49,224 [pool-47-thread-1] INFO  server.RaftServerConfigKeys (ConfUtils.java:logGet(43)) - raft.server.storage.dir = [/workdir/hadoop-ozone/integration-test/target/test-dir/MiniOzoneClusterImpl-837d3900-8951-459a-88fe-dec9addad157/datanode-2/data/ratis] (custom)
2019-10-21 08:53:49,224 [pool-47-thread-1] INFO  server.RaftServerConfigKeys (ConfUtils.java:logGet(43)) - raft.server.log.corruption.policy = EXCEPTION (default)
2019-10-21 08:53:49,225 [pool-47-thread-1] INFO  storage.RaftStorageDirectory (RaftStorageDirectory.java:analyzeStorage(246)) - The storage directory /workdir/hadoop-ozone/integration-test/target/test-dir/MiniOzoneClusterImpl-837d3900-8951-459a-88fe-dec9addad157/datanode-2/data/ratis/559db46a-d624-4e9b-a06b-adfa90edbecd does not exist. Creating ...
2019-10-21 08:53:49,230 [pool-47-thread-1] INFO  storage.RaftStorageDirectory (RaftStorageDirectory.java:tryLock(328)) - Lock on /workdir/hadoop-ozone/integration-test/target/test-dir/MiniOzoneClusterImpl-837d3900-8951-459a-88fe-dec9addad157/datanode-2/data/ratis/559db46a-d624-4e9b-a06b-adfa90edbecd/in_use.lock acquired by nodename 25926@pr-hdds-1868-bv6q8-2720828103
2019-10-21 08:53:49,249 [pool-47-thread-1] INFO  storage.RaftStorage (RaftStorage.java:format(84)) - Storage directory /workdir/hadoop-ozone/integration-test/target/test-dir/MiniOzoneClusterImpl-837d3900-8951-459a-88fe-dec9addad157/datanode-2/data/ratis/559db46a-d624-4e9b-a06b-adfa90edbecd has been successfully formatted.
2019-10-21 08:53:49,259 [pool-47-thread-1] INFO  ratis.ContainerStateMachine (ContainerStateMachine.java:loadSnapshot(233)) - group-ADFA90EDBECD: The snapshot info is null. Setting the last applied indexto:(t:0, i:~)
2019-10-21 08:53:49,259 [pool-47-thread-1] INFO  server.RaftServerConfigKeys (ConfUtils.java:logGet(43)) - raft.server.notification.no-leader.timeout = 1000s (custom)
2019-10-21 08:53:49,259 [pool-47-thread-1] INFO  server.RaftServerConfigKeys (ConfUtils.java:logGet(43)) - raft.server.log.use.memory = false (default)
2019-10-21 08:53:49,259 [pool-47-thread-1] INFO  server.RaftServerConfigKeys (ConfUtils.java:logGet(43)) - raft.server.log.purge.gap = 1000000 (custom)
2019-10-21 08:53:49,259 [pool-47-thread-1] INFO  server.RaftServerConfigKeys (ConfUtils.java:logGet(43)) - raft.server.log.appender.buffer.byte-limit = 33554432 (custom)
2019-10-21 08:53:49,260 [pool-47-thread-1] INFO  server.RaftServerConfigKeys (ConfUtils.java:logGet(43)) - raft.server.log.segment.size.max = 1048576 (custom)
2019-10-21 08:53:49,260 [pool-47-thread-1] INFO  server.RaftServerConfigKeys (ConfUtils.java:logGet(43)) - raft.server.log.segment.cache.num.max = 2 (custom)
2019-10-21 08:53:49,260 [pool-47-thread-1] INFO  segmented.SegmentedRaftLogWorker (SegmentedRaftLogWorker.java:<init>(173)) - new c70aeaaf-c9e5-48cb-bf54-679217b9dc75@group-ADFA90EDBECD-SegmentedRaftLogWorker for RaftStorage:Storage Directory /workdir/hadoop-ozone/integration-test/target/test-dir/MiniOzoneClusterImpl-837d3900-8951-459a-88fe-dec9addad157/datanode-2/data/ratis/559db46a-d624-4e9b-a06b-adfa90edbecd
2019-10-21 08:53:49,260 [pool-47-thread-1] INFO  server.RaftServerConfigKeys (ConfUtils.java:logGet(43)) - raft.server.log.queue.byte-limit = 2147483647 (custom)
2019-10-21 08:53:49,260 [pool-47-thread-1] INFO  server.RaftServerConfigKeys (ConfUtils.java:logGet(43)) - raft.server.log.queue.element-limit = 1024 (custom)
2019-10-21 08:53:49,261 [pool-47-thread-1] INFO  server.RaftServerConfigKeys (ConfUtils.java:logGet(43)) - raft.server.log.segment.size.max = 1048576 (custom)
2019-10-21 08:53:49,261 [pool-47-thread-1] INFO  server.RaftServerConfigKeys (ConfUtils.java:logGet(43)) - raft.server.log.preallocated.size = 16384 (custom)
2019-10-21 08:53:49,261 [pool-47-thread-1] INFO  server.RaftServerConfigKeys (ConfUtils.java:logGet(43)) - raft.server.log.write.buffer.size = 33554432 (custom)
2019-10-21 08:53:49,261 [pool-47-thread-1] INFO  server.RaftServerConfigKeys (ConfUtils.java:logGet(43)) - raft.server.log.force.sync.num = 128 (default)
2019-10-21 08:53:49,261 [pool-47-thread-1] INFO  server.RaftServerConfigKeys (ConfUtils.java:logGet(43)) - raft.server.log.statemachine.data.sync = true (default)
2019-10-21 08:53:49,262 [pool-47-thread-1] INFO  server.RaftServerConfigKeys (ConfUtils.java:logGet(43)) - raft.server.log.statemachine.data.sync.timeout = 10s (default)
2019-10-21 08:53:49,262 [pool-47-thread-1] INFO  server.RaftServerConfigKeys (ConfUtils.java:logGet(43)) - raft.server.log.statemachine.data.sync.timeout.retry = -1 (default)
2019-10-21 08:53:49,263 [pool-47-thread-1] INFO  server.RaftServerConfigKeys (ConfUtils.java:logGet(43)) - raft.server.log.statemachine.data.caching.enabled = true (custom)
2019-10-21 08:53:49,264 [pool-47-thread-1] INFO  segmented.SegmentedRaftLogWorker (SegmentedRaftLogWorker.java:lambda$new$0(128)) - c70aeaaf-c9e5-48cb-bf54-679217b9dc75@group-ADFA90EDBECD-SegmentedRaftLogWorker: flushIndex: setUnconditionally 0 -> -1
2019-10-21 08:53:49,264 [pool-47-thread-1] INFO  server.RaftServerConfigKeys (ConfUtils.java:logGet(43)) - raft.server.snapshot.auto.trigger.enabled = true (custom)
2019-10-21 08:53:49,264 [pool-47-thread-1] INFO  server.RaftServerConfigKeys (ConfUtils.java:logGet(43)) - raft.server.snapshot.auto.trigger.threshold = 10000 (custom)
2019-10-21 08:53:49,265 [pool-47-thread-1] INFO  server.RaftServerConfigKeys (ConfUtils.java:logGet(43)) - raft.server.snapshot.retention.file.num = 5 (custom)
2019-10-21 08:53:49,265 [pool-47-thread-1] INFO  server.RaftServerConfigKeys (ConfUtils.java:logGet(43)) - raft.server.retrycache.expirytime = 600000ms (custom)
2019-10-21 08:53:49,267 [pool-47-thread-1] WARN  impl.MetricRegistriesImpl (MetricRegistriesImpl.java:lambda$create$1(61)) - First MetricRegistry has been created without registering reporters. You may need to call MetricRegistries.global().addReportRegistration(...) before.
2019-10-21 08:53:49,269 [pool-47-thread-1] WARN  impl.MetricRegistriesImpl (MetricRegistriesImpl.java:lambda$create$1(61)) - First MetricRegistry has been created without registering reporters. You may need to call MetricRegistries.global().addReportRegistration(...) before.
2019-10-21 08:53:49,269 [pool-47-thread-1] INFO  impl.RaftServerImpl (RaftServerImpl.java:start(184)) - c70aeaaf-c9e5-48cb-bf54-679217b9dc75@group-ADFA90EDBECD: start as a follower, conf=-1: [c70aeaaf-c9e5-48cb-bf54-679217b9dc75:192.168.69.94:41041], old=null
2019-10-21 08:53:49,269 [pool-47-thread-1] INFO  impl.RaftServerImpl (RaftServerImpl.java:setRole(173)) - c70aeaaf-c9e5-48cb-bf54-679217b9dc75@group-ADFA90EDBECD: changes role from      null to FOLLOWER at term 0 for startAsFollower
2019-10-21 08:53:49,275 [pool-47-thread-1] INFO  impl.RoleInfo (RoleInfo.java:updateAndGet(143)) - c70aeaaf-c9e5-48cb-bf54-679217b9dc75: start FollowerState
2019-10-21 08:53:49,276 [pool-47-thread-1] INFO  util.JmxRegister (JmxRegister.java:tryRegister(44)) - Successfully registered JMX Bean with object name Ratis:service=RaftServer,group=group-ADFA90EDBECD,id=c70aeaaf-c9e5-48cb-bf54-679217b9dc75
2019-10-21 08:53:49,276 [pool-47-thread-1] WARN  impl.MetricRegistriesImpl (MetricRegistriesImpl.java:lambda$create$1(61)) - First MetricRegistry has been created without registering reporters. You may need to call MetricRegistries.global().addReportRegistration(...) before.
2019-10-21 08:53:49,299 [RatisPipelineUtilsThread] INFO  pipeline.PipelineStateManager (PipelineStateManager.java:addPipeline(55)) - Created pipeline Pipeline[ Id: 559db46a-d624-4e9b-a06b-adfa90edbecd, Nodes: c70aeaaf-c9e5-48cb-bf54-679217b9dc75{ip: 192.168.69.94, host: pr-hdds-1868-bv6q8-2720828103, networkLocation: /default-rack, certSerialId: null}, Type:RATIS, Factor:ONE, State:ALLOCATED]
2019-10-21 08:53:49,871 [main] INFO  ozone.MiniOzoneClusterImpl (MiniOzoneClusterImpl.java:lambda$waitForClusterToBeReady$2(162)) - Waiting for 4 number of pipelines out of 4, to report a leader.
2019-10-21 08:53:50,871 [main] INFO  ozone.MiniOzoneClusterImpl (MiniOzoneClusterImpl.java:lambda$waitForClusterToBeReady$2(162)) - Waiting for 4 number of pipelines out of 4, to report a leader.
2019-10-21 08:53:51,872 [main] INFO  ozone.MiniOzoneClusterImpl (MiniOzoneClusterImpl.java:lambda$waitForClusterToBeReady$2(162)) - Waiting for 4 number of pipelines out of 4, to report a leader.
2019-10-21 08:53:52,873 [main] INFO  ozone.MiniOzoneClusterImpl (MiniOzoneClusterImpl.java:lambda$waitForClusterToBeReady$2(162)) - Waiting for 4 number of pipelines out of 4, to report a leader.
2019-10-21 08:53:53,873 [main] INFO  ozone.MiniOzoneClusterImpl (MiniOzoneClusterImpl.java:lambda$waitForClusterToBeReady$2(162)) - Waiting for 4 number of pipelines out of 4, to report a leader.
2019-10-21 08:53:54,099 [Thread-212] INFO  impl.FollowerState (FollowerState.java:run(111)) - 5edaa15a-462c-4223-9b9f-86f5b13029f2@group-83A5D7B7126F-FollowerState: change to CANDIDATE, lastRpcTime:5152ms, electionTimeout:5152ms
2019-10-21 08:53:54,102 [Thread-212] INFO  impl.RoleInfo (RoleInfo.java:shutdownFollowerState(121)) - 5edaa15a-462c-4223-9b9f-86f5b13029f2: shutdown FollowerState
2019-10-21 08:53:54,102 [Thread-212] INFO  impl.RaftServerImpl (RaftServerImpl.java:setRole(173)) - 5edaa15a-462c-4223-9b9f-86f5b13029f2@group-83A5D7B7126F: changes role from  FOLLOWER to CANDIDATE at term 0 for changeToCandidate
2019-10-21 08:53:54,108 [Thread-212] INFO  impl.RoleInfo (RoleInfo.java:updateAndGet(143)) - 5edaa15a-462c-4223-9b9f-86f5b13029f2: start LeaderElection
2019-10-21 08:53:54,126 [5edaa15a-462c-4223-9b9f-86f5b13029f2@group-83A5D7B7126F-LeaderElection1] INFO  impl.LeaderElection (LeaderElection.java:askForVotes(178)) - 5edaa15a-462c-4223-9b9f-86f5b13029f2@group-83A5D7B7126F-LeaderElection1: begin an election at term 1 for -1: [5edaa15a-462c-4223-9b9f-86f5b13029f2:192.168.69.94:40883], old=null
2019-10-21 08:53:54,128 [5edaa15a-462c-4223-9b9f-86f5b13029f2@group-83A5D7B7126F-LeaderElection1] INFO  impl.RoleInfo (RoleInfo.java:shutdownLeaderElection(134)) - 5edaa15a-462c-4223-9b9f-86f5b13029f2: shutdown LeaderElection
2019-10-21 08:53:54,129 [5edaa15a-462c-4223-9b9f-86f5b13029f2@group-83A5D7B7126F-LeaderElection1] INFO  impl.RaftServerImpl (RaftServerImpl.java:setRole(173)) - 5edaa15a-462c-4223-9b9f-86f5b13029f2@group-83A5D7B7126F: changes role from CANDIDATE to LEADER at term 1 for changeToLeader
2019-10-21 08:53:54,129 [5edaa15a-462c-4223-9b9f-86f5b13029f2@group-83A5D7B7126F-LeaderElection1] INFO  ratis.XceiverServerRatis (XceiverServerRatis.java:handleLeaderChangedNotification(701)) - Leader change notification received for group: group-83A5D7B7126F with new leaderId: 5edaa15a-462c-4223-9b9f-86f5b13029f2
2019-10-21 08:53:54,133 [5edaa15a-462c-4223-9b9f-86f5b13029f2@group-83A5D7B7126F-LeaderElection1] INFO  impl.RaftServerImpl (ServerState.java:setLeader(255)) - 5edaa15a-462c-4223-9b9f-86f5b13029f2@group-83A5D7B7126F: change Leader from null to 5edaa15a-462c-4223-9b9f-86f5b13029f2 at term 1 for becomeLeader, leader elected after 5189ms
2019-10-21 08:53:54,136 [EventQueue-PipelineReportForPipelineReportHandler] INFO  pipeline.PipelineReportHandler (PipelineReportHandler.java:processPipelineReport(112)) - Pipeline PipelineID=768e0c31-b8fa-4254-b6ca-83a5d7b7126f reported by 5edaa15a-462c-4223-9b9f-86f5b13029f2{ip: 192.168.69.94, host: pr-hdds-1868-bv6q8-2720828103, networkLocation: /default-rack, certSerialId: null} with leaderId 5edaa15a-462c-4223-9b9f-86f5b13029f2
2019-10-21 08:53:54,140 [5edaa15a-462c-4223-9b9f-86f5b13029f2@group-83A5D7B7126F-LeaderElection1] INFO  server.RaftServerConfigKeys (ConfUtils.java:logGet(43)) - raft.server.staging.catchup.gap = 1000 (default)
2019-10-21 08:53:54,140 [5edaa15a-462c-4223-9b9f-86f5b13029f2@group-83A5D7B7126F-LeaderElection1] INFO  server.RaftServerConfigKeys (ConfUtils.java:logGet(43)) - raft.server.rpc.sleep.time = 25ms (default)
2019-10-21 08:53:54,141 [EventQueue-PipelineReportForPipelineReportHandler] INFO  pipeline.PipelineStateManager (PipelineStateManager.java:openPipeline(134)) - Pipeline Pipeline[ Id: 768e0c31-b8fa-4254-b6ca-83a5d7b7126f, Nodes: 5edaa15a-462c-4223-9b9f-86f5b13029f2{ip: 192.168.69.94, host: pr-hdds-1868-bv6q8-2720828103, networkLocation: /default-rack, certSerialId: null}, Type:RATIS, Factor:ONE, State:OPEN] moved to OPEN state
2019-10-21 08:53:54,142 [EventQueue-PipelineReportForPipelineReportHandler] INFO  pipeline.PipelineReportHandler (PipelineReportHandler.java:processPipelineReport(112)) - Pipeline PipelineID=c3f294cd-78fe-4723-8c0d-a8897c702509 reported by 5edaa15a-462c-4223-9b9f-86f5b13029f2{ip: 192.168.69.94, host: pr-hdds-1868-bv6q8-2720828103, networkLocation: /default-rack, certSerialId: null} with leaderId 
2019-10-21 08:53:54,145 [5edaa15a-462c-4223-9b9f-86f5b13029f2@group-83A5D7B7126F-LeaderElection1] INFO  server.RaftServerConfigKeys (ConfUtils.java:logGet(43)) - raft.server.write.element-limit = 4096 (default)
2019-10-21 08:53:54,149 [5edaa15a-462c-4223-9b9f-86f5b13029f2@group-83A5D7B7126F-LeaderElection1] INFO  server.RaftServerConfigKeys (ConfUtils.java:logGet(43)) - raft.server.watch.timeout = 10s (default)
2019-10-21 08:53:54,149 [5edaa15a-462c-4223-9b9f-86f5b13029f2@group-83A5D7B7126F-LeaderElection1] INFO  server.RaftServerConfigKeys (ConfUtils.java:logGet(43)) - raft.server.watch.timeout.denomination = 1s (default)
2019-10-21 08:53:54,150 [5edaa15a-462c-4223-9b9f-86f5b13029f2@group-83A5D7B7126F-LeaderElection1] INFO  server.RaftServerConfigKeys (ConfUtils.java:logGet(43)) - raft.server.watch.element-limit = 65536 (default)
2019-10-21 08:53:54,159 [5edaa15a-462c-4223-9b9f-86f5b13029f2@group-83A5D7B7126F-LeaderElection1] INFO  impl.RoleInfo (RoleInfo.java:updateAndGet(143)) - 5edaa15a-462c-4223-9b9f-86f5b13029f2: start LeaderState
2019-10-21 08:53:54,179 [5edaa15a-462c-4223-9b9f-86f5b13029f2@group-83A5D7B7126F-LeaderElection1] INFO  segmented.SegmentedRaftLogWorker (SegmentedRaftLogWorker.java:startLogSegment(385)) - 5edaa15a-462c-4223-9b9f-86f5b13029f2@group-83A5D7B7126F-SegmentedRaftLogWorker: Starting segment from index:0
2019-10-21 08:53:54,189 [Thread-231] INFO  impl.FollowerState (FollowerState.java:run(111)) - fe29a221-84a6-4e60-b8fd-e87bf4d69f29@group-14E2BBEE9703-FollowerState: change to CANDIDATE, lastRpcTime:5007ms, electionTimeout:5007ms
2019-10-21 08:53:54,189 [Thread-231] INFO  impl.RoleInfo (RoleInfo.java:shutdownFollowerState(121)) - fe29a221-84a6-4e60-b8fd-e87bf4d69f29: shutdown FollowerState
2019-10-21 08:53:54,189 [Thread-231] INFO  impl.RaftServerImpl (RaftServerImpl.java:setRole(173)) - fe29a221-84a6-4e60-b8fd-e87bf4d69f29@group-14E2BBEE9703: changes role from  FOLLOWER to CANDIDATE at term 0 for changeToCandidate
2019-10-21 08:53:54,189 [5edaa15a-462c-4223-9b9f-86f5b13029f2@group-83A5D7B7126F-LeaderElection1] INFO  impl.RaftServerImpl (ServerState.java:setRaftConf(356)) - 5edaa15a-462c-4223-9b9f-86f5b13029f2@group-83A5D7B7126F: set configuration 0: [5edaa15a-462c-4223-9b9f-86f5b13029f2:192.168.69.94:40883], old=null at 0
2019-10-21 08:53:54,189 [Thread-231] INFO  impl.RoleInfo (RoleInfo.java:updateAndGet(143)) - fe29a221-84a6-4e60-b8fd-e87bf4d69f29: start LeaderElection
2019-10-21 08:53:54,207 [fe29a221-84a6-4e60-b8fd-e87bf4d69f29@group-14E2BBEE9703-LeaderElection2] INFO  impl.LeaderElection (LeaderElection.java:askForVotes(178)) - fe29a221-84a6-4e60-b8fd-e87bf4d69f29@group-14E2BBEE9703-LeaderElection2: begin an election at term 1 for -1: [fe29a221-84a6-4e60-b8fd-e87bf4d69f29:192.168.69.94:36145], old=null
2019-10-21 08:53:54,210 [fe29a221-84a6-4e60-b8fd-e87bf4d69f29@group-14E2BBEE9703-LeaderElection2] INFO  impl.RoleInfo (RoleInfo.java:shutdownLeaderElection(134)) - fe29a221-84a6-4e60-b8fd-e87bf4d69f29: shutdown LeaderElection
2019-10-21 08:53:54,210 [fe29a221-84a6-4e60-b8fd-e87bf4d69f29@group-14E2BBEE9703-LeaderElection2] INFO  impl.RaftServerImpl (RaftServerImpl.java:setRole(173)) - fe29a221-84a6-4e60-b8fd-e87bf4d69f29@group-14E2BBEE9703: changes role from CANDIDATE to LEADER at term 1 for changeToLeader
2019-10-21 08:53:54,211 [fe29a221-84a6-4e60-b8fd-e87bf4d69f29@group-14E2BBEE9703-LeaderElection2] INFO  ratis.XceiverServerRatis (XceiverServerRatis.java:handleLeaderChangedNotification(701)) - Leader change notification received for group: group-14E2BBEE9703 with new leaderId: fe29a221-84a6-4e60-b8fd-e87bf4d69f29
2019-10-21 08:53:54,211 [fe29a221-84a6-4e60-b8fd-e87bf4d69f29@group-14E2BBEE9703-LeaderElection2] INFO  impl.RaftServerImpl (ServerState.java:setLeader(255)) - fe29a221-84a6-4e60-b8fd-e87bf4d69f29@group-14E2BBEE9703: change Leader from null to fe29a221-84a6-4e60-b8fd-e87bf4d69f29 at term 1 for becomeLeader, leader elected after 5035ms
2019-10-21 08:53:54,211 [fe29a221-84a6-4e60-b8fd-e87bf4d69f29@group-14E2BBEE9703-LeaderElection2] INFO  server.RaftServerConfigKeys (ConfUtils.java:logGet(43)) - raft.server.staging.catchup.gap = 1000 (default)
2019-10-21 08:53:54,211 [fe29a221-84a6-4e60-b8fd-e87bf4d69f29@group-14E2BBEE9703-LeaderElection2] INFO  server.RaftServerConfigKeys (ConfUtils.java:logGet(43)) - raft.server.rpc.sleep.time = 25ms (default)
2019-10-21 08:53:54,211 [fe29a221-84a6-4e60-b8fd-e87bf4d69f29@group-14E2BBEE9703-LeaderElection2] INFO  server.RaftServerConfigKeys (ConfUtils.java:logGet(43)) - raft.server.write.element-limit = 4096 (default)
2019-10-21 08:53:54,212 [fe29a221-84a6-4e60-b8fd-e87bf4d69f29@group-14E2BBEE9703-LeaderElection2] INFO  server.RaftServerConfigKeys (ConfUtils.java:logGet(43)) - raft.server.watch.timeout = 10s (default)
2019-10-21 08:53:54,212 [fe29a221-84a6-4e60-b8fd-e87bf4d69f29@group-14E2BBEE9703-LeaderElection2] INFO  server.RaftServerConfigKeys (ConfUtils.java:logGet(43)) - raft.server.watch.timeout.denomination = 1s (default)
2019-10-21 08:53:54,212 [fe29a221-84a6-4e60-b8fd-e87bf4d69f29@group-14E2BBEE9703-LeaderElection2] INFO  server.RaftServerConfigKeys (ConfUtils.java:logGet(43)) - raft.server.watch.element-limit = 65536 (default)
2019-10-21 08:53:54,212 [EventQueue-PipelineReportForPipelineReportHandler] INFO  pipeline.PipelineReportHandler (PipelineReportHandler.java:processPipelineReport(112)) - Pipeline PipelineID=34300e8b-d86e-4518-93e5-14e2bbee9703 reported by fe29a221-84a6-4e60-b8fd-e87bf4d69f29{ip: 192.168.69.94, host: pr-hdds-1868-bv6q8-2720828103, networkLocation: /default-rack, certSerialId: null} with leaderId fe29a221-84a6-4e60-b8fd-e87bf4d69f29
2019-10-21 08:53:54,213 [fe29a221-84a6-4e60-b8fd-e87bf4d69f29@group-14E2BBEE9703-LeaderElection2] INFO  impl.RoleInfo (RoleInfo.java:updateAndGet(143)) - fe29a221-84a6-4e60-b8fd-e87bf4d69f29: start LeaderState
2019-10-21 08:53:54,213 [EventQueue-PipelineReportForPipelineReportHandler] INFO  pipeline.PipelineStateManager (PipelineStateManager.java:openPipeline(134)) - Pipeline Pipeline[ Id: 34300e8b-d86e-4518-93e5-14e2bbee9703, Nodes: fe29a221-84a6-4e60-b8fd-e87bf4d69f29{ip: 192.168.69.94, host: pr-hdds-1868-bv6q8-2720828103, networkLocation: /default-rack, certSerialId: null}, Type:RATIS, Factor:ONE, State:OPEN] moved to OPEN state
2019-10-21 08:53:54,213 [fe29a221-84a6-4e60-b8fd-e87bf4d69f29@group-14E2BBEE9703-LeaderElection2] INFO  segmented.SegmentedRaftLogWorker (SegmentedRaftLogWorker.java:startLogSegment(385)) - fe29a221-84a6-4e60-b8fd-e87bf4d69f29@group-14E2BBEE9703-SegmentedRaftLogWorker: Starting segment from index:0
2019-10-21 08:53:54,213 [EventQueue-PipelineReportForPipelineReportHandler] INFO  pipeline.PipelineReportHandler (PipelineReportHandler.java:processPipelineReport(112)) - Pipeline PipelineID=c3f294cd-78fe-4723-8c0d-a8897c702509 reported by fe29a221-84a6-4e60-b8fd-e87bf4d69f29{ip: 192.168.69.94, host: pr-hdds-1868-bv6q8-2720828103, networkLocation: /default-rack, certSerialId: null} with leaderId 
2019-10-21 08:53:54,214 [fe29a221-84a6-4e60-b8fd-e87bf4d69f29@group-14E2BBEE9703-LeaderElection2] INFO  impl.RaftServerImpl (ServerState.java:setRaftConf(356)) - fe29a221-84a6-4e60-b8fd-e87bf4d69f29@group-14E2BBEE9703: set configuration 0: [fe29a221-84a6-4e60-b8fd-e87bf4d69f29:192.168.69.94:36145], old=null at 0
2019-10-21 08:53:54,216 [Thread-226] INFO  impl.FollowerState (FollowerState.java:run(111)) - 5edaa15a-462c-4223-9b9f-86f5b13029f2@group-A8897C702509-FollowerState: change to CANDIDATE, lastRpcTime:5122ms, electionTimeout:5122ms
2019-10-21 08:53:54,216 [Thread-226] INFO  impl.RoleInfo (RoleInfo.java:shutdownFollowerState(121)) - 5edaa15a-462c-4223-9b9f-86f5b13029f2: shutdown FollowerState
2019-10-21 08:53:54,216 [Thread-226] INFO  impl.RaftServerImpl (RaftServerImpl.java:setRole(173)) - 5edaa15a-462c-4223-9b9f-86f5b13029f2@group-A8897C702509: changes role from  FOLLOWER to CANDIDATE at term 0 for changeToCandidate
2019-10-21 08:53:54,216 [Thread-226] INFO  impl.RoleInfo (RoleInfo.java:updateAndGet(143)) - 5edaa15a-462c-4223-9b9f-86f5b13029f2: start LeaderElection
2019-10-21 08:53:54,232 [5edaa15a-462c-4223-9b9f-86f5b13029f2@group-A8897C702509-LeaderElection3] INFO  impl.LeaderElection (LeaderElection.java:askForVotes(178)) - 5edaa15a-462c-4223-9b9f-86f5b13029f2@group-A8897C702509-LeaderElection3: begin an election at term 1 for -1: [c70aeaaf-c9e5-48cb-bf54-679217b9dc75:192.168.69.94:41041, fe29a221-84a6-4e60-b8fd-e87bf4d69f29:192.168.69.94:36145, 5edaa15a-462c-4223-9b9f-86f5b13029f2:192.168.69.94:40883], old=null
2019-10-21 08:53:54,237 [Thread-221] INFO  impl.FollowerState (FollowerState.java:run(111)) - fe29a221-84a6-4e60-b8fd-e87bf4d69f29@group-A8897C702509-FollowerState: change to CANDIDATE, lastRpcTime:5145ms, electionTimeout:5145ms
2019-10-21 08:53:54,237 [Thread-221] INFO  impl.RoleInfo (RoleInfo.java:shutdownFollowerState(121)) - fe29a221-84a6-4e60-b8fd-e87bf4d69f29: shutdown FollowerState
2019-10-21 08:53:54,237 [Thread-221] INFO  impl.RaftServerImpl (RaftServerImpl.java:setRole(173)) - fe29a221-84a6-4e60-b8fd-e87bf4d69f29@group-A8897C702509: changes role from  FOLLOWER to CANDIDATE at term 0 for changeToCandidate
2019-10-21 08:53:54,237 [Thread-221] INFO  impl.RoleInfo (RoleInfo.java:updateAndGet(143)) - fe29a221-84a6-4e60-b8fd-e87bf4d69f29: start LeaderElection
2019-10-21 08:53:54,254 [fe29a221-84a6-4e60-b8fd-e87bf4d69f29@group-A8897C702509-LeaderElection4] INFO  impl.LeaderElection (LeaderElection.java:askForVotes(178)) - fe29a221-84a6-4e60-b8fd-e87bf4d69f29@group-A8897C702509-LeaderElection4: begin an election at term 1 for -1: [c70aeaaf-c9e5-48cb-bf54-679217b9dc75:192.168.69.94:41041, fe29a221-84a6-4e60-b8fd-e87bf4d69f29:192.168.69.94:36145, 5edaa15a-462c-4223-9b9f-86f5b13029f2:192.168.69.94:40883], old=null
2019-10-21 08:53:54,266 [grpc-default-executor-1] INFO  impl.RaftServerImpl (RaftServerImpl.java:setRole(173)) - c70aeaaf-c9e5-48cb-bf54-679217b9dc75@group-A8897C702509: changes role from  FOLLOWER to FOLLOWER at term 1 for recognizeCandidate:5edaa15a-462c-4223-9b9f-86f5b13029f2
2019-10-21 08:53:54,266 [grpc-default-executor-1] INFO  impl.RoleInfo (RoleInfo.java:shutdownFollowerState(121)) - c70aeaaf-c9e5-48cb-bf54-679217b9dc75: shutdown FollowerState
2019-10-21 08:53:54,267 [grpc-default-executor-1] INFO  impl.RoleInfo (RoleInfo.java:updateAndGet(143)) - c70aeaaf-c9e5-48cb-bf54-679217b9dc75: start FollowerState
2019-10-21 08:53:54,291 [5edaa15a-462c-4223-9b9f-86f5b13029f2@group-A8897C702509-LeaderElection3] INFO  impl.LeaderElection (LeaderElection.java:logAndReturn(56)) - 5edaa15a-462c-4223-9b9f-86f5b13029f2@group-A8897C702509-LeaderElection3: Election PASSED; received 2 response(s) [5edaa15a-462c-4223-9b9f-86f5b13029f2<-fe29a221-84a6-4e60-b8fd-e87bf4d69f29#0:FAIL-t1, 5edaa15a-462c-4223-9b9f-86f5b13029f2<-c70aeaaf-c9e5-48cb-bf54-679217b9dc75#0:OK-t1] and 0 exception(s); 5edaa15a-462c-4223-9b9f-86f5b13029f2@group-A8897C702509:t1, leader=null, voted=5edaa15a-462c-4223-9b9f-86f5b13029f2, raftlog=5edaa15a-462c-4223-9b9f-86f5b13029f2@group-A8897C702509-SegmentedRaftLog:OPENED:c-1,f-1,i0, conf=-1: [c70aeaaf-c9e5-48cb-bf54-679217b9dc75:192.168.69.94:41041, fe29a221-84a6-4e60-b8fd-e87bf4d69f29:192.168.69.94:36145, 5edaa15a-462c-4223-9b9f-86f5b13029f2:192.168.69.94:40883], old=null
2019-10-21 08:53:54,291 [fe29a221-84a6-4e60-b8fd-e87bf4d69f29@group-A8897C702509-LeaderElection4] INFO  impl.LeaderElection (LeaderElection.java:logAndReturn(56)) - fe29a221-84a6-4e60-b8fd-e87bf4d69f29@group-A8897C702509-LeaderElection4: Election REJECTED; received 2 response(s) [fe29a221-84a6-4e60-b8fd-e87bf4d69f29<-c70aeaaf-c9e5-48cb-bf54-679217b9dc75#0:FAIL-t1, fe29a221-84a6-4e60-b8fd-e87bf4d69f29<-5edaa15a-462c-4223-9b9f-86f5b13029f2#0:FAIL-t1] and 0 exception(s); fe29a221-84a6-4e60-b8fd-e87bf4d69f29@group-A8897C702509:t1, leader=null, voted=fe29a221-84a6-4e60-b8fd-e87bf4d69f29, raftlog=fe29a221-84a6-4e60-b8fd-e87bf4d69f29@group-A8897C702509-SegmentedRaftLog:OPENED:c-1,f-1,i0, conf=-1: [c70aeaaf-c9e5-48cb-bf54-679217b9dc75:192.168.69.94:41041, fe29a221-84a6-4e60-b8fd-e87bf4d69f29:192.168.69.94:36145, 5edaa15a-462c-4223-9b9f-86f5b13029f2:192.168.69.94:40883], old=null
2019-10-21 08:53:54,291 [5edaa15a-462c-4223-9b9f-86f5b13029f2@group-A8897C702509-LeaderElection3] INFO  impl.RoleInfo (RoleInfo.java:shutdownLeaderElection(134)) - 5edaa15a-462c-4223-9b9f-86f5b13029f2: shutdown LeaderElection
2019-10-21 08:53:54,291 [fe29a221-84a6-4e60-b8fd-e87bf4d69f29@group-A8897C702509-LeaderElection4] INFO  impl.RaftServerImpl (RaftServerImpl.java:setRole(173)) - fe29a221-84a6-4e60-b8fd-e87bf4d69f29@group-A8897C702509: changes role from CANDIDATE to FOLLOWER at term 1 for DISCOVERED_A_NEW_TERM
2019-10-21 08:53:54,293 [fe29a221-84a6-4e60-b8fd-e87bf4d69f29@group-A8897C702509-LeaderElection4] INFO  impl.RoleInfo (RoleInfo.java:shutdownLeaderElection(134)) - fe29a221-84a6-4e60-b8fd-e87bf4d69f29: shutdown LeaderElection
2019-10-21 08:53:54,293 [5edaa15a-462c-4223-9b9f-86f5b13029f2@group-A8897C702509-LeaderElection3] INFO  impl.RaftServerImpl (RaftServerImpl.java:setRole(173)) - 5edaa15a-462c-4223-9b9f-86f5b13029f2@group-A8897C702509: changes role from CANDIDATE to LEADER at term 1 for changeToLeader
2019-10-21 08:53:54,296 [5edaa15a-462c-4223-9b9f-86f5b13029f2@group-A8897C702509-LeaderElection3] INFO  ratis.XceiverServerRatis (XceiverServerRatis.java:handleLeaderChangedNotification(701)) - Leader change notification received for group: group-A8897C702509 with new leaderId: 5edaa15a-462c-4223-9b9f-86f5b13029f2
2019-10-21 08:53:54,296 [fe29a221-84a6-4e60-b8fd-e87bf4d69f29@group-A8897C702509-LeaderElection4] INFO  impl.RoleInfo (RoleInfo.java:updateAndGet(143)) - fe29a221-84a6-4e60-b8fd-e87bf4d69f29: start FollowerState
2019-10-21 08:53:54,297 [5edaa15a-462c-4223-9b9f-86f5b13029f2@group-A8897C702509-LeaderElection3] INFO  impl.RaftServerImpl (ServerState.java:setLeader(255)) - 5edaa15a-462c-4223-9b9f-86f5b13029f2@group-A8897C702509: change Leader from null to 5edaa15a-462c-4223-9b9f-86f5b13029f2 at term 1 for becomeLeader, leader elected after 5215ms
2019-10-21 08:53:54,297 [5edaa15a-462c-4223-9b9f-86f5b13029f2@group-A8897C702509-LeaderElection3] INFO  server.RaftServerConfigKeys (ConfUtils.java:logGet(43)) - raft.server.staging.catchup.gap = 1000 (default)
2019-10-21 08:53:54,298 [5edaa15a-462c-4223-9b9f-86f5b13029f2@group-A8897C702509-LeaderElection3] INFO  server.RaftServerConfigKeys (ConfUtils.java:logGet(43)) - raft.server.rpc.sleep.time = 25ms (default)
2019-10-21 08:53:54,298 [5edaa15a-462c-4223-9b9f-86f5b13029f2@group-A8897C702509-LeaderElection3] INFO  server.RaftServerConfigKeys (ConfUtils.java:logGet(43)) - raft.server.write.element-limit = 4096 (default)
2019-10-21 08:53:54,298 [5edaa15a-462c-4223-9b9f-86f5b13029f2@group-A8897C702509-LeaderElection3] INFO  server.RaftServerConfigKeys (ConfUtils.java:logGet(43)) - raft.server.watch.timeout = 10s (default)
2019-10-21 08:53:54,298 [5edaa15a-462c-4223-9b9f-86f5b13029f2@group-A8897C702509-LeaderElection3] INFO  server.RaftServerConfigKeys (ConfUtils.java:logGet(43)) - raft.server.watch.timeout.denomination = 1s (default)
2019-10-21 08:53:54,299 [5edaa15a-462c-4223-9b9f-86f5b13029f2@group-A8897C702509-LeaderElection3] INFO  server.RaftServerConfigKeys (ConfUtils.java:logGet(43)) - raft.server.watch.element-limit = 65536 (default)
2019-10-21 08:53:54,299 [EventQueue-PipelineReportForPipelineReportHandler] INFO  pipeline.PipelineReportHandler (PipelineReportHandler.java:processPipelineReport(112)) - Pipeline PipelineID=c3f294cd-78fe-4723-8c0d-a8897c702509 reported by 5edaa15a-462c-4223-9b9f-86f5b13029f2{ip: 192.168.69.94, host: pr-hdds-1868-bv6q8-2720828103, networkLocation: /default-rack, certSerialId: null} with leaderId 5edaa15a-462c-4223-9b9f-86f5b13029f2
2019-10-21 08:53:54,302 [5edaa15a-462c-4223-9b9f-86f5b13029f2@group-A8897C702509-LeaderElection3] INFO  server.RaftServerConfigKeys (ConfUtils.java:logGet(43)) - raft.server.log.appender.snapshot.chunk.size.max = 16MB (=16777216) (default)
2019-10-21 08:53:54,303 [5edaa15a-462c-4223-9b9f-86f5b13029f2@group-A8897C702509-LeaderElection3] INFO  server.RaftServerConfigKeys (ConfUtils.java:logGet(43)) - raft.server.log.appender.buffer.byte-limit = 33554432 (custom)
2019-10-21 08:53:54,303 [5edaa15a-462c-4223-9b9f-86f5b13029f2@group-A8897C702509-LeaderElection3] INFO  server.RaftServerConfigKeys (ConfUtils.java:logGet(43)) - raft.server.log.appender.buffer.element-limit = 1 (custom)
2019-10-21 08:53:54,307 [5edaa15a-462c-4223-9b9f-86f5b13029f2@group-A8897C702509-LeaderElection3] INFO  grpc.GrpcConfigKeys$Server (ConfUtils.java:logGet(43)) - raft.grpc.server.leader.outstanding.appends.max = 128 (default)
2019-10-21 08:53:54,307 [5edaa15a-462c-4223-9b9f-86f5b13029f2@group-A8897C702509-LeaderElection3] INFO  server.RaftServerConfigKeys (ConfUtils.java:logGet(43)) - raft.server.rpc.request.timeout = 3000ms (default)
2019-10-21 08:53:54,307 [5edaa15a-462c-4223-9b9f-86f5b13029f2@group-A8897C702509-LeaderElection3] INFO  server.RaftServerConfigKeys (ConfUtils.java:logGet(43)) - raft.server.log.appender.install.snapshot.enabled = false (custom)
2019-10-21 08:53:54,309 [5edaa15a-462c-4223-9b9f-86f5b13029f2@group-A8897C702509-LeaderElection3] WARN  impl.MetricRegistriesImpl (MetricRegistriesImpl.java:lambda$create$1(61)) - First MetricRegistry has been created without registering reporters. You may need to call MetricRegistries.global().addReportRegistration(...) before.
2019-10-21 08:53:54,310 [5edaa15a-462c-4223-9b9f-86f5b13029f2@group-A8897C702509-LeaderElection3] INFO  server.RaftServerConfigKeys (ConfUtils.java:logGet(43)) - raft.server.log.appender.snapshot.chunk.size.max = 16MB (=16777216) (default)
2019-10-21 08:53:54,310 [5edaa15a-462c-4223-9b9f-86f5b13029f2@group-A8897C702509-LeaderElection3] INFO  server.RaftServerConfigKeys (ConfUtils.java:logGet(43)) - raft.server.log.appender.buffer.byte-limit = 33554432 (custom)
2019-10-21 08:53:54,311 [5edaa15a-462c-4223-9b9f-86f5b13029f2@group-A8897C702509-LeaderElection3] INFO  server.RaftServerConfigKeys (ConfUtils.java:logGet(43)) - raft.server.log.appender.buffer.element-limit = 1 (custom)
2019-10-21 08:53:54,311 [5edaa15a-462c-4223-9b9f-86f5b13029f2@group-A8897C702509-LeaderElection3] INFO  grpc.GrpcConfigKeys$Server (ConfUtils.java:logGet(43)) - raft.grpc.server.leader.outstanding.appends.max = 128 (default)
2019-10-21 08:53:54,311 [5edaa15a-462c-4223-9b9f-86f5b13029f2@group-A8897C702509-LeaderElection3] INFO  server.RaftServerConfigKeys (ConfUtils.java:logGet(43)) - raft.server.rpc.request.timeout = 3000ms (default)
2019-10-21 08:53:54,311 [5edaa15a-462c-4223-9b9f-86f5b13029f2@group-A8897C702509-LeaderElection3] INFO  server.RaftServerConfigKeys (ConfUtils.java:logGet(43)) - raft.server.log.appender.install.snapshot.enabled = false (custom)
2019-10-21 08:53:54,315 [5edaa15a-462c-4223-9b9f-86f5b13029f2@group-A8897C702509-LeaderElection3] INFO  impl.RoleInfo (RoleInfo.java:updateAndGet(143)) - 5edaa15a-462c-4223-9b9f-86f5b13029f2: start LeaderState
2019-10-21 08:53:54,315 [5edaa15a-462c-4223-9b9f-86f5b13029f2@group-A8897C702509-LeaderElection3] INFO  segmented.SegmentedRaftLogWorker (SegmentedRaftLogWorker.java:startLogSegment(385)) - 5edaa15a-462c-4223-9b9f-86f5b13029f2@group-A8897C702509-SegmentedRaftLogWorker: Starting segment from index:0
2019-10-21 08:53:54,316 [5edaa15a-462c-4223-9b9f-86f5b13029f2@group-A8897C702509-LeaderElection3] INFO  impl.RaftServerImpl (ServerState.java:setRaftConf(356)) - 5edaa15a-462c-4223-9b9f-86f5b13029f2@group-A8897C702509: set configuration 0: [c70aeaaf-c9e5-48cb-bf54-679217b9dc75:192.168.69.94:41041, fe29a221-84a6-4e60-b8fd-e87bf4d69f29:192.168.69.94:36145, 5edaa15a-462c-4223-9b9f-86f5b13029f2:192.168.69.94:40883], old=null at 0
2019-10-21 08:53:54,340 [grpc-default-executor-2] INFO  ratis.XceiverServerRatis (XceiverServerRatis.java:handleLeaderChangedNotification(701)) - Leader change notification received for group: group-A8897C702509 with new leaderId: 5edaa15a-462c-4223-9b9f-86f5b13029f2
2019-10-21 08:53:54,340 [grpc-default-executor-1] INFO  ratis.XceiverServerRatis (XceiverServerRatis.java:handleLeaderChangedNotification(701)) - Leader change notification received for group: group-A8897C702509 with new leaderId: 5edaa15a-462c-4223-9b9f-86f5b13029f2
2019-10-21 08:53:54,340 [grpc-default-executor-2] INFO  impl.RaftServerImpl (ServerState.java:setLeader(255)) - fe29a221-84a6-4e60-b8fd-e87bf4d69f29@group-A8897C702509: change Leader from null to 5edaa15a-462c-4223-9b9f-86f5b13029f2 at term 1 for appendEntries, leader elected after 5258ms
2019-10-21 08:53:54,340 [grpc-default-executor-1] INFO  impl.RaftServerImpl (ServerState.java:setLeader(255)) - c70aeaaf-c9e5-48cb-bf54-679217b9dc75@group-A8897C702509: change Leader from null to 5edaa15a-462c-4223-9b9f-86f5b13029f2 at term 1 for appendEntries, leader elected after 5258ms
2019-10-21 08:53:54,341 [EventQueue-PipelineReportForPipelineReportHandler] INFO  pipeline.PipelineReportHandler (PipelineReportHandler.java:processPipelineReport(112)) - Pipeline PipelineID=c3f294cd-78fe-4723-8c0d-a8897c702509 reported by fe29a221-84a6-4e60-b8fd-e87bf4d69f29{ip: 192.168.69.94, host: pr-hdds-1868-bv6q8-2720828103, networkLocation: /default-rack, certSerialId: null} with leaderId 5edaa15a-462c-4223-9b9f-86f5b13029f2
2019-10-21 08:53:54,341 [EventQueue-PipelineReportForPipelineReportHandler] INFO  pipeline.PipelineReportHandler (PipelineReportHandler.java:processPipelineReport(112)) - Pipeline PipelineID=559db46a-d624-4e9b-a06b-adfa90edbecd reported by c70aeaaf-c9e5-48cb-bf54-679217b9dc75{ip: 192.168.69.94, host: pr-hdds-1868-bv6q8-2720828103, networkLocation: /default-rack, certSerialId: null} with leaderId 
2019-10-21 08:53:54,342 [EventQueue-PipelineReportForPipelineReportHandler] INFO  pipeline.PipelineStateManager (PipelineStateManager.java:openPipeline(134)) - Pipeline Pipeline[ Id: 559db46a-d624-4e9b-a06b-adfa90edbecd, Nodes: c70aeaaf-c9e5-48cb-bf54-679217b9dc75{ip: 192.168.69.94, host: pr-hdds-1868-bv6q8-2720828103, networkLocation: /default-rack, certSerialId: null}, Type:RATIS, Factor:ONE, State:OPEN] moved to OPEN state
2019-10-21 08:53:54,342 [EventQueue-PipelineReportForPipelineReportHandler] INFO  pipeline.PipelineReportHandler (PipelineReportHandler.java:processPipelineReport(112)) - Pipeline PipelineID=c3f294cd-78fe-4723-8c0d-a8897c702509 reported by c70aeaaf-c9e5-48cb-bf54-679217b9dc75{ip: 192.168.69.94, host: pr-hdds-1868-bv6q8-2720828103, networkLocation: /default-rack, certSerialId: null} with leaderId 5edaa15a-462c-4223-9b9f-86f5b13029f2
2019-10-21 08:53:54,343 [EventQueue-PipelineReportForPipelineReportHandler] INFO  pipeline.PipelineStateManager (PipelineStateManager.java:openPipeline(134)) - Pipeline Pipeline[ Id: c3f294cd-78fe-4723-8c0d-a8897c702509, Nodes: c70aeaaf-c9e5-48cb-bf54-679217b9dc75{ip: 192.168.69.94, host: pr-hdds-1868-bv6q8-2720828103, networkLocation: /default-rack, certSerialId: null}fe29a221-84a6-4e60-b8fd-e87bf4d69f29{ip: 192.168.69.94, host: pr-hdds-1868-bv6q8-2720828103, networkLocation: /default-rack, certSerialId: null}5edaa15a-462c-4223-9b9f-86f5b13029f2{ip: 192.168.69.94, host: pr-hdds-1868-bv6q8-2720828103, networkLocation: /default-rack, certSerialId: null}, Type:RATIS, Factor:THREE, State:OPEN] moved to OPEN state
2019-10-21 08:53:54,374 [grpc-default-executor-2] INFO  impl.RaftServerImpl (ServerState.java:setRaftConf(356)) - c70aeaaf-c9e5-48cb-bf54-679217b9dc75@group-A8897C702509: set configuration 0: [c70aeaaf-c9e5-48cb-bf54-679217b9dc75:192.168.69.94:41041, fe29a221-84a6-4e60-b8fd-e87bf4d69f29:192.168.69.94:36145, 5edaa15a-462c-4223-9b9f-86f5b13029f2:192.168.69.94:40883], old=null at 0
2019-10-21 08:53:54,374 [grpc-default-executor-1] INFO  impl.RaftServerImpl (ServerState.java:setRaftConf(356)) - fe29a221-84a6-4e60-b8fd-e87bf4d69f29@group-A8897C702509: set configuration 0: [c70aeaaf-c9e5-48cb-bf54-679217b9dc75:192.168.69.94:41041, fe29a221-84a6-4e60-b8fd-e87bf4d69f29:192.168.69.94:36145, 5edaa15a-462c-4223-9b9f-86f5b13029f2:192.168.69.94:40883], old=null at 0
2019-10-21 08:53:54,375 [grpc-default-executor-2] INFO  segmented.SegmentedRaftLogWorker (SegmentedRaftLogWorker.java:startLogSegment(385)) - c70aeaaf-c9e5-48cb-bf54-679217b9dc75@group-A8897C702509-SegmentedRaftLogWorker: Starting segment from index:0
2019-10-21 08:53:54,375 [grpc-default-executor-1] INFO  segmented.SegmentedRaftLogWorker (SegmentedRaftLogWorker.java:startLogSegment(385)) - fe29a221-84a6-4e60-b8fd-e87bf4d69f29@group-A8897C702509-SegmentedRaftLogWorker: Starting segment from index:0
2019-10-21 08:53:54,411 [Thread-235] INFO  impl.FollowerState (FollowerState.java:run(111)) - c70aeaaf-c9e5-48cb-bf54-679217b9dc75@group-ADFA90EDBECD-FollowerState: change to CANDIDATE, lastRpcTime:5135ms, electionTimeout:5135ms
2019-10-21 08:53:54,411 [Thread-235] INFO  impl.RoleInfo (RoleInfo.java:shutdownFollowerState(121)) - c70aeaaf-c9e5-48cb-bf54-679217b9dc75: shutdown FollowerState
2019-10-21 08:53:54,411 [Thread-235] INFO  impl.RaftServerImpl (RaftServerImpl.java:setRole(173)) - c70aeaaf-c9e5-48cb-bf54-679217b9dc75@group-ADFA90EDBECD: changes role from  FOLLOWER to CANDIDATE at term 0 for changeToCandidate
2019-10-21 08:53:54,411 [Thread-235] INFO  impl.RoleInfo (RoleInfo.java:updateAndGet(143)) - c70aeaaf-c9e5-48cb-bf54-679217b9dc75: start LeaderElection
2019-10-21 08:53:54,426 [c70aeaaf-c9e5-48cb-bf54-679217b9dc75@group-ADFA90EDBECD-LeaderElection5] INFO  impl.LeaderElection (LeaderElection.java:askForVotes(178)) - c70aeaaf-c9e5-48cb-bf54-679217b9dc75@group-ADFA90EDBECD-LeaderElection5: begin an election at term 1 for -1: [c70aeaaf-c9e5-48cb-bf54-679217b9dc75:192.168.69.94:41041], old=null
2019-10-21 08:53:54,426 [c70aeaaf-c9e5-48cb-bf54-679217b9dc75@group-ADFA90EDBECD-LeaderElection5] INFO  impl.RoleInfo (RoleInfo.java:shutdownLeaderElection(134)) - c70aeaaf-c9e5-48cb-bf54-679217b9dc75: shutdown LeaderElection
2019-10-21 08:53:54,426 [c70aeaaf-c9e5-48cb-bf54-679217b9dc75@group-ADFA90EDBECD-LeaderElection5] INFO  impl.RaftServerImpl (RaftServerImpl.java:setRole(173)) - c70aeaaf-c9e5-48cb-bf54-679217b9dc75@group-ADFA90EDBECD: changes role from CANDIDATE to LEADER at term 1 for changeToLeader
2019-10-21 08:53:54,426 [c70aeaaf-c9e5-48cb-bf54-679217b9dc75@group-ADFA90EDBECD-LeaderElection5] INFO  ratis.XceiverServerRatis (XceiverServerRatis.java:handleLeaderChangedNotification(701)) - Leader change notification received for group: group-ADFA90EDBECD with new leaderId: c70aeaaf-c9e5-48cb-bf54-679217b9dc75
2019-10-21 08:53:54,426 [c70aeaaf-c9e5-48cb-bf54-679217b9dc75@group-A8897C702509-SegmentedRaftLogWorker] INFO  segmented.SegmentedRaftLogWorker (SegmentedRaftLogWorker.java:execute(576)) - c70aeaaf-c9e5-48cb-bf54-679217b9dc75@group-A8897C702509-SegmentedRaftLogWorker: created new log segment /workdir/hadoop-ozone/integration-test/target/test-dir/MiniOzoneClusterImpl-837d3900-8951-459a-88fe-dec9addad157/datanode-2/data/ratis/c3f294cd-78fe-4723-8c0d-a8897c702509/current/log_inprogress_0
2019-10-21 08:53:54,426 [fe29a221-84a6-4e60-b8fd-e87bf4d69f29@group-A8897C702509-SegmentedRaftLogWorker] INFO  segmented.SegmentedRaftLogWorker (SegmentedRaftLogWorker.java:execute(576)) - fe29a221-84a6-4e60-b8fd-e87bf4d69f29@group-A8897C702509-SegmentedRaftLogWorker: created new log segment /workdir/hadoop-ozone/integration-test/target/test-dir/MiniOzoneClusterImpl-837d3900-8951-459a-88fe-dec9addad157/datanode-0/data/ratis/c3f294cd-78fe-4723-8c0d-a8897c702509/current/log_inprogress_0
2019-10-21 08:53:54,426 [fe29a221-84a6-4e60-b8fd-e87bf4d69f29@group-14E2BBEE9703-SegmentedRaftLogWorker] INFO  segmented.SegmentedRaftLogWorker (SegmentedRaftLogWorker.java:execute(576)) - fe29a221-84a6-4e60-b8fd-e87bf4d69f29@group-14E2BBEE9703-SegmentedRaftLogWorker: created new log segment /workdir/hadoop-ozone/integration-test/target/test-dir/MiniOzoneClusterImpl-837d3900-8951-459a-88fe-dec9addad157/datanode-0/data/ratis/34300e8b-d86e-4518-93e5-14e2bbee9703/current/log_inprogress_0
2019-10-21 08:53:54,426 [5edaa15a-462c-4223-9b9f-86f5b13029f2@group-A8897C702509-SegmentedRaftLogWorker] INFO  segmented.SegmentedRaftLogWorker (SegmentedRaftLogWorker.java:execute(576)) - 5edaa15a-462c-4223-9b9f-86f5b13029f2@group-A8897C702509-SegmentedRaftLogWorker: created new log segment /workdir/hadoop-ozone/integration-test/target/test-dir/MiniOzoneClusterImpl-837d3900-8951-459a-88fe-dec9addad157/datanode-1/data/ratis/c3f294cd-78fe-4723-8c0d-a8897c702509/current/log_inprogress_0
2019-10-21 08:53:54,426 [5edaa15a-462c-4223-9b9f-86f5b13029f2@group-83A5D7B7126F-SegmentedRaftLogWorker] INFO  segmented.SegmentedRaftLogWorker (SegmentedRaftLogWorker.java:execute(576)) - 5edaa15a-462c-4223-9b9f-86f5b13029f2@group-83A5D7B7126F-SegmentedRaftLogWorker: created new log segment /workdir/hadoop-ozone/integration-test/target/test-dir/MiniOzoneClusterImpl-837d3900-8951-459a-88fe-dec9addad157/datanode-1/data/ratis/768e0c31-b8fa-4254-b6ca-83a5d7b7126f/current/log_inprogress_0
2019-10-21 08:53:54,427 [c70aeaaf-c9e5-48cb-bf54-679217b9dc75@group-ADFA90EDBECD-LeaderElection5] INFO  impl.RaftServerImpl (ServerState.java:setLeader(255)) - c70aeaaf-c9e5-48cb-bf54-679217b9dc75@group-ADFA90EDBECD: change Leader from null to c70aeaaf-c9e5-48cb-bf54-679217b9dc75 at term 1 for becomeLeader, leader elected after 5167ms
2019-10-21 08:53:54,427 [c70aeaaf-c9e5-48cb-bf54-679217b9dc75@group-ADFA90EDBECD-LeaderElection5] INFO  server.RaftServerConfigKeys (ConfUtils.java:logGet(43)) - raft.server.staging.catchup.gap = 1000 (default)
2019-10-21 08:53:54,428 [c70aeaaf-c9e5-48cb-bf54-679217b9dc75@group-ADFA90EDBECD-LeaderElection5] INFO  server.RaftServerConfigKeys (ConfUtils.java:logGet(43)) - raft.server.rpc.sleep.time = 25ms (default)
2019-10-21 08:53:54,428 [c70aeaaf-c9e5-48cb-bf54-679217b9dc75@group-ADFA90EDBECD-LeaderElection5] INFO  server.RaftServerConfigKeys (ConfUtils.java:logGet(43)) - raft.server.write.element-limit = 4096 (default)
2019-10-21 08:53:54,428 [c70aeaaf-c9e5-48cb-bf54-679217b9dc75@group-ADFA90EDBECD-LeaderElection5] INFO  server.RaftServerConfigKeys (ConfUtils.java:logGet(43)) - raft.server.watch.timeout = 10s (default)
2019-10-21 08:53:54,428 [c70aeaaf-c9e5-48cb-bf54-679217b9dc75@group-ADFA90EDBECD-LeaderElection5] INFO  server.RaftServerConfigKeys (ConfUtils.java:logGet(43)) - raft.server.watch.timeout.denomination = 1s (default)
2019-10-21 08:53:54,428 [c70aeaaf-c9e5-48cb-bf54-679217b9dc75@group-ADFA90EDBECD-LeaderElection5] INFO  server.RaftServerConfigKeys (ConfUtils.java:logGet(43)) - raft.server.watch.element-limit = 65536 (default)
2019-10-21 08:53:54,429 [c70aeaaf-c9e5-48cb-bf54-679217b9dc75@group-ADFA90EDBECD-LeaderElection5] INFO  impl.RoleInfo (RoleInfo.java:updateAndGet(143)) - c70aeaaf-c9e5-48cb-bf54-679217b9dc75: start LeaderState
2019-10-21 08:53:54,429 [c70aeaaf-c9e5-48cb-bf54-679217b9dc75@group-ADFA90EDBECD-LeaderElection5] INFO  segmented.SegmentedRaftLogWorker (SegmentedRaftLogWorker.java:startLogSegment(385)) - c70aeaaf-c9e5-48cb-bf54-679217b9dc75@group-ADFA90EDBECD-SegmentedRaftLogWorker: Starting segment from index:0
2019-10-21 08:53:54,429 [c70aeaaf-c9e5-48cb-bf54-679217b9dc75@group-ADFA90EDBECD-LeaderElection5] INFO  impl.RaftServerImpl (ServerState.java:setRaftConf(356)) - c70aeaaf-c9e5-48cb-bf54-679217b9dc75@group-ADFA90EDBECD: set configuration 0: [c70aeaaf-c9e5-48cb-bf54-679217b9dc75:192.168.69.94:41041], old=null at 0
2019-10-21 08:53:54,475 [c70aeaaf-c9e5-48cb-bf54-679217b9dc75@group-ADFA90EDBECD-SegmentedRaftLogWorker] INFO  segmented.SegmentedRaftLogWorker (SegmentedRaftLogWorker.java:execute(576)) - c70aeaaf-c9e5-48cb-bf54-679217b9dc75@group-ADFA90EDBECD-SegmentedRaftLogWorker: created new log segment /workdir/hadoop-ozone/integration-test/target/test-dir/MiniOzoneClusterImpl-837d3900-8951-459a-88fe-dec9addad157/datanode-2/data/ratis/559db46a-d624-4e9b-a06b-adfa90edbecd/current/log_inprogress_0
2019-10-21 08:53:54,874 [main] INFO  ozone.MiniOzoneClusterImpl (MiniOzoneClusterImpl.java:lambda$waitForClusterToBeReady$2(170)) - Cluster is ready. Got 3 of 3 DN Heartbeats.
2019-10-21 08:53:55,731 [main] INFO  rpc.RpcClient (RpcClient.java:createVolume(272)) - Creating Volume: testcontainerstatemachinefailures, with jenkins1000 as owner.
2019-10-21 08:53:55,832 [IPC Server handler 1 on 45842] INFO  volume.OMVolumeCreateRequest (OMVolumeCreateRequest.java:validateAndUpdateCache(193)) - created volume:testcontainerstatemachinefailures for user:jenkins1000
2019-10-21 08:53:55,855 [main] INFO  rpc.RpcClient (RpcClient.java:createBucket(411)) - Creating Bucket: testcontainerstatemachinefailures/testcontainerstatemachinefailures, with Versioning false and Storage Type set to DISK and Encryption set to false 
2019-10-21 08:53:56,005 [main] INFO  impl.MetricsSystemImpl (MetricsSystemImpl.java:init(158)) - XceiverClientMetrics metrics system started (again)
2019-10-21 08:53:56,466 [Datanode State Machine Thread - 0] INFO  statemachine.DatanodeStateMachine (DatanodeStateMachine.java:lambda$startDaemon$0(350)) - Ozone container server started.
2019-10-21 08:54:01,446 [main] INFO  ozoneimpl.OzoneContainer (OzoneContainer.java:stop(227)) - Attempting to stop container services.
2019-10-21 08:54:01,448 [main] INFO  impl.RaftServerProxy (RaftServerProxy.java:lambda$close$4(314)) - c70aeaaf-c9e5-48cb-bf54-679217b9dc75: close
2019-10-21 08:54:01,449 [main] INFO  impl.RaftServerImpl (RaftServerImpl.java:lambda$shutdown$3(250)) - c70aeaaf-c9e5-48cb-bf54-679217b9dc75@group-ADFA90EDBECD: shutdown
2019-10-21 08:54:01,450 [main] INFO  util.JmxRegister (JmxRegister.java:unregister(73)) - Successfully un-registered JMX Bean with object name Ratis:service=RaftServer,group=group-ADFA90EDBECD,id=c70aeaaf-c9e5-48cb-bf54-679217b9dc75
2019-10-21 08:54:01,450 [main] INFO  impl.RoleInfo (RoleInfo.java:shutdownLeaderState(104)) - c70aeaaf-c9e5-48cb-bf54-679217b9dc75: shutdown LeaderState
2019-10-21 08:54:01,451 [main] INFO  impl.PendingRequests (PendingRequests.java:sendNotLeaderResponses(206)) - c70aeaaf-c9e5-48cb-bf54-679217b9dc75@group-ADFA90EDBECD-PendingRequests: sendNotLeaderResponses
2019-10-21 08:54:01,452 [main] INFO  impl.StateMachineUpdater (StateMachineUpdater.java:stopAndJoin(136)) - c70aeaaf-c9e5-48cb-bf54-679217b9dc75@group-ADFA90EDBECD-StateMachineUpdater: set stopIndex = 0
2019-10-21 08:54:01,455 [main] INFO  impl.RaftServerImpl (ServerState.java:close(387)) - c70aeaaf-c9e5-48cb-bf54-679217b9dc75@group-ADFA90EDBECD: closes. applyIndex: 0
2019-10-21 08:54:01,455 [c70aeaaf-c9e5-48cb-bf54-679217b9dc75@group-ADFA90EDBECD-SegmentedRaftLogWorker] INFO  segmented.SegmentedRaftLogWorker (SegmentedRaftLogWorker.java:run(316)) - c70aeaaf-c9e5-48cb-bf54-679217b9dc75@group-ADFA90EDBECD-SegmentedRaftLogWorker was interrupted, exiting. There are 0 tasks remaining in the queue.
2019-10-21 08:54:01,456 [main] INFO  segmented.SegmentedRaftLogWorker (SegmentedRaftLogWorker.java:close(224)) - c70aeaaf-c9e5-48cb-bf54-679217b9dc75@group-ADFA90EDBECD-SegmentedRaftLogWorker close()
2019-10-21 08:54:01,458 [main] INFO  impl.RaftServerImpl (RaftServerImpl.java:lambda$shutdown$3(250)) - c70aeaaf-c9e5-48cb-bf54-679217b9dc75@group-A8897C702509: shutdown
2019-10-21 08:54:01,458 [main] INFO  util.JmxRegister (JmxRegister.java:unregister(73)) - Successfully un-registered JMX Bean with object name Ratis:service=RaftServer,group=group-A8897C702509,id=c70aeaaf-c9e5-48cb-bf54-679217b9dc75
2019-10-21 08:54:01,459 [main] INFO  impl.RoleInfo (RoleInfo.java:shutdownFollowerState(121)) - c70aeaaf-c9e5-48cb-bf54-679217b9dc75: shutdown FollowerState
2019-10-21 08:54:01,459 [main] INFO  impl.StateMachineUpdater (StateMachineUpdater.java:stopAndJoin(136)) - c70aeaaf-c9e5-48cb-bf54-679217b9dc75@group-A8897C702509-StateMachineUpdater: set stopIndex = 4
2019-10-21 08:54:01,459 [Thread-256] INFO  impl.FollowerState (FollowerState.java:run(120)) - c70aeaaf-c9e5-48cb-bf54-679217b9dc75@group-A8897C702509-FollowerState was interrupted: java.lang.InterruptedException: sleep interrupted
2019-10-21 08:54:01,464 [c70aeaaf-c9e5-48cb-bf54-679217b9dc75@group-A8897C702509-StateMachineUpdater] INFO  ratis.ContainerStateMachine (ContainerStateMachine.java:takeSnapshot(296)) - group-A8897C702509: Taking a snapshot at:(t:1, i:3) file /workdir/hadoop-ozone/integration-test/target/test-dir/MiniOzoneClusterImpl-837d3900-8951-459a-88fe-dec9addad157/datanode-2/data/ratis/c3f294cd-78fe-4723-8c0d-a8897c702509/sm/snapshot.1_3
2019-10-21 08:54:01,582 [c70aeaaf-c9e5-48cb-bf54-679217b9dc75@group-A8897C702509-StateMachineUpdater] INFO  ratis.ContainerStateMachine (ContainerStateMachine.java:takeSnapshot(307)) - group-A8897C702509: Finished taking a snapshot at:(t:1, i:3) file:/workdir/hadoop-ozone/integration-test/target/test-dir/MiniOzoneClusterImpl-837d3900-8951-459a-88fe-dec9addad157/datanode-2/data/ratis/c3f294cd-78fe-4723-8c0d-a8897c702509/sm/snapshot.1_3 time:123
2019-10-21 08:54:01,584 [c70aeaaf-c9e5-48cb-bf54-679217b9dc75@group-A8897C702509-StateMachineUpdater] INFO  impl.StateMachineUpdater (StateMachineUpdater.java:takeSnapshot(269)) - c70aeaaf-c9e5-48cb-bf54-679217b9dc75@group-A8897C702509-StateMachineUpdater: Took a snapshot at index 3
2019-10-21 08:54:01,585 [c70aeaaf-c9e5-48cb-bf54-679217b9dc75@group-A8897C702509-StateMachineUpdater] INFO  impl.StateMachineUpdater (StateMachineUpdater.java:lambda$new$0(84)) - c70aeaaf-c9e5-48cb-bf54-679217b9dc75@group-A8897C702509-StateMachineUpdater: snapshotIndex: updateIncreasingly -1 -> 3
2019-10-21 08:54:01,589 [c70aeaaf-c9e5-48cb-bf54-679217b9dc75@group-A8897C702509-StateMachineUpdater] INFO  ratis.ContainerStateMachine (ContainerStateMachine.java:takeSnapshot(296)) - group-A8897C702509: Taking a snapshot at:(t:1, i:3) file /workdir/hadoop-ozone/integration-test/target/test-dir/MiniOzoneClusterImpl-837d3900-8951-459a-88fe-dec9addad157/datanode-2/data/ratis/c3f294cd-78fe-4723-8c0d-a8897c702509/sm/snapshot.1_3
2019-10-21 08:54:01,602 [c70aeaaf-c9e5-48cb-bf54-679217b9dc75@group-A8897C702509-StateMachineUpdater] INFO  ratis.ContainerStateMachine (ContainerStateMachine.java:takeSnapshot(307)) - group-A8897C702509: Finished taking a snapshot at:(t:1, i:3) file:/workdir/hadoop-ozone/integration-test/target/test-dir/MiniOzoneClusterImpl-837d3900-8951-459a-88fe-dec9addad157/datanode-2/data/ratis/c3f294cd-78fe-4723-8c0d-a8897c702509/sm/snapshot.1_3 time:12
2019-10-21 08:54:01,602 [c70aeaaf-c9e5-48cb-bf54-679217b9dc75@group-A8897C702509-StateMachineUpdater] INFO  impl.StateMachineUpdater (StateMachineUpdater.java:takeSnapshot(269)) - c70aeaaf-c9e5-48cb-bf54-679217b9dc75@group-A8897C702509-StateMachineUpdater: Took a snapshot at index 3
2019-10-21 08:54:01,602 [c70aeaaf-c9e5-48cb-bf54-679217b9dc75@group-A8897C702509-StateMachineUpdater] INFO  impl.StateMachineUpdater (StateMachineUpdater.java:lambda$new$0(84)) - c70aeaaf-c9e5-48cb-bf54-679217b9dc75@group-A8897C702509-StateMachineUpdater: snapshotIndex: updateIncreasingly 3 -> 3
2019-10-21 08:54:01,602 [main] INFO  impl.RaftServerImpl (ServerState.java:close(387)) - c70aeaaf-c9e5-48cb-bf54-679217b9dc75@group-A8897C702509: closes. applyIndex: 4
2019-10-21 08:54:01,603 [c70aeaaf-c9e5-48cb-bf54-679217b9dc75@group-A8897C702509-SegmentedRaftLogWorker] INFO  segmented.SegmentedRaftLogWorker (SegmentedRaftLogWorker.java:run(316)) - c70aeaaf-c9e5-48cb-bf54-679217b9dc75@group-A8897C702509-SegmentedRaftLogWorker was interrupted, exiting. There are 0 tasks remaining in the queue.
2019-10-21 08:54:01,604 [main] INFO  segmented.SegmentedRaftLogWorker (SegmentedRaftLogWorker.java:close(224)) - c70aeaaf-c9e5-48cb-bf54-679217b9dc75@group-A8897C702509-SegmentedRaftLogWorker close()
2019-10-21 08:54:01,607 [main] INFO  server.GrpcService (GrpcService.java:closeImpl(164)) - c70aeaaf-c9e5-48cb-bf54-679217b9dc75: shutdown server with port 41041 now
2019-10-21 08:54:01,615 [grpc-default-executor-0] WARN  server.GrpcServerProtocolService (LogUtils.java:warn(134)) - c70aeaaf-c9e5-48cb-bf54-679217b9dc75: installSnapshot onError, lastRequest: 5edaa15a-462c-4223-9b9f-86f5b13029f2->c70aeaaf-c9e5-48cb-bf54-679217b9dc75#7-t1, previous=(t:1, i:4), leaderCommit=4, initializing? false, entries: <empty>: org.apache.ratis.thirdparty.io.grpc.StatusRuntimeException: CANCELLED: cancelled before receiving half close
2019-10-21 08:54:01,615 [main] INFO  server.GrpcService (GrpcService.java:closeImpl(172)) - c70aeaaf-c9e5-48cb-bf54-679217b9dc75: shutdown server with port 41041 successfully
2019-10-21 08:54:01,615 [grpc-default-executor-1] WARN  server.GrpcLogAppender (LogUtils.java:warn(134)) - 5edaa15a-462c-4223-9b9f-86f5b13029f2@group-A8897C702509->c70aeaaf-c9e5-48cb-bf54-679217b9dc75-AppendLogResponseHandler: Failed appendEntries: org.apache.ratis.thirdparty.io.grpc.StatusRuntimeException: CANCELLED: HTTP/2 error code: CANCEL
Received Rst Stream
2019-10-21 08:54:01,624 [refreshUsed-/workdir/hadoop-ozone/integration-test/target/test-dir/MiniOzoneClusterImpl-837d3900-8951-459a-88fe-dec9addad157/datanode-2/data/containers] WARN  fs.CachingGetSpaceUsed (CachingGetSpaceUsed.java:run(183)) - Thread Interrupted waiting to refresh disk information: sleep interrupted
2019-10-21 08:54:01,647 [main] INFO  utils.BackgroundService (BackgroundService.java:shutdown(151)) - Shutting down service BlockDeletingService
2019-10-21 08:54:01,651 [main] INFO  statemachine.DatanodeStateMachine (DatanodeStateMachine.java:stopDaemon(395)) - Ozone container server stopped.
2019-10-21 08:54:01,656 [main] INFO  handler.ContextHandler (ContextHandler.java:doStop(910)) - Stopped o.e.j.w.WebAppContext@63c12e52{/,null,UNAVAILABLE}{/hddsDatanode}
2019-10-21 08:54:01,661 [main] INFO  server.AbstractConnector (AbstractConnector.java:doStop(318)) - Stopped ServerConnector@21bd20ee{HTTP/1.1,[http/1.1]}{0.0.0.0:0}
2019-10-21 08:54:01,661 [main] INFO  handler.ContextHandler (ContextHandler.java:doStop(910)) - Stopped o.e.j.s.ServletContextHandler@10a0fe30{/static,jar:file:/home/user/.m2/repository/org/apache/hadoop/hadoop-hdds-container-service/0.5.0-SNAPSHOT/hadoop-hdds-container-service-0.5.0-SNAPSHOT.jar!/webapps/static,UNAVAILABLE}
2019-10-21 08:54:01,662 [main] INFO  handler.ContextHandler (ContextHandler.java:doStop(910)) - Stopped o.e.j.s.ServletContextHandler@51c959a4{/logs,file:///workdir/hadoop-ozone/integration-test/target/log,UNAVAILABLE}
2019-10-21 08:54:04,670 [java.util.concurrent.ThreadPoolExecutor$Worker@294731c0[State = -1, empty queue]] WARN  server.GrpcLogAppender (GrpcLogAppender.java:timeoutAppendRequest(209)) - 5edaa15a-462c-4223-9b9f-86f5b13029f2@group-A8897C702509->c70aeaaf-c9e5-48cb-bf54-679217b9dc75-GrpcLogAppender: appendEntries Timeout, request=5edaa15a-462c-4223-9b9f-86f5b13029f2->c70aeaaf-c9e5-48cb-bf54-679217b9dc75#8-t1, previous=(t:1, i:4), leaderCommit=4, initializing? false, entries: size=1, first=(t:1, i:5), STATEMACHINELOGENTRY, client-A2E42EE46BE4, cid=20
2019-10-21 08:54:04,673 [java.util.concurrent.ThreadPoolExecutor$Worker@294731c0[State = -1, empty queue]] WARN  server.GrpcLogAppender (GrpcLogAppender.java:timeoutAppendRequest(209)) - 5edaa15a-462c-4223-9b9f-86f5b13029f2@group-A8897C702509->c70aeaaf-c9e5-48cb-bf54-679217b9dc75-GrpcLogAppender: appendEntries Timeout, request=5edaa15a-462c-4223-9b9f-86f5b13029f2->c70aeaaf-c9e5-48cb-bf54-679217b9dc75#9-t1, previous=(t:1, i:5), leaderCommit=4, initializing? false, entries: size=1, first=(t:1, i:6), STATEMACHINELOGENTRY, client-A2E42EE46BE4, cid=21
2019-10-21 08:54:04,683 [java.util.concurrent.ThreadPoolExecutor$Worker@294731c0[State = -1, empty queue]] WARN  server.GrpcLogAppender (GrpcLogAppender.java:timeoutAppendRequest(209)) - 5edaa15a-462c-4223-9b9f-86f5b13029f2@group-A8897C702509->c70aeaaf-c9e5-48cb-bf54-679217b9dc75-GrpcLogAppender: appendEntries Timeout, request=5edaa15a-462c-4223-9b9f-86f5b13029f2->c70aeaaf-c9e5-48cb-bf54-679217b9dc75#10-t1, previous=(t:1, i:6), leaderCommit=6, initializing? false, entries: size=1, first=(t:1, i:7), METADATAENTRY(c5)
2019-10-21 08:54:04,683 [java.util.concurrent.ThreadPoolExecutor$Worker@294731c0[State = -1, empty queue]] WARN  server.GrpcLogAppender (GrpcLogAppender.java:timeoutAppendRequest(209)) - 5edaa15a-462c-4223-9b9f-86f5b13029f2@group-A8897C702509->c70aeaaf-c9e5-48cb-bf54-679217b9dc75-GrpcLogAppender: appendEntries Timeout, request=5edaa15a-462c-4223-9b9f-86f5b13029f2->c70aeaaf-c9e5-48cb-bf54-679217b9dc75#11-t1, previous=(t:1, i:7), leaderCommit=6, initializing? false, entries: size=1, first=(t:1, i:8), METADATAENTRY(c6)
2019-10-21 08:54:07,186 [java.util.concurrent.ThreadPoolExecutor$Worker@294731c0[State = -1, empty queue]] WARN  server.GrpcLogAppender (GrpcLogAppender.java:timeoutAppendRequest(209)) - 5edaa15a-462c-4223-9b9f-86f5b13029f2@group-A8897C702509->c70aeaaf-c9e5-48cb-bf54-679217b9dc75-GrpcLogAppender: appendEntries Timeout, request=5edaa15a-462c-4223-9b9f-86f5b13029f2->c70aeaaf-c9e5-48cb-bf54-679217b9dc75#12-t1, previous=(t:1, i:8), leaderCommit=8, initializing? false, entries: <empty>
2019-10-21 08:54:09,687 [java.util.concurrent.ThreadPoolExecutor$Worker@294731c0[State = -1, empty queue]] WARN  server.GrpcLogAppender (GrpcLogAppender.java:timeoutAppendRequest(209)) - 5edaa15a-462c-4223-9b9f-86f5b13029f2@group-A8897C702509->c70aeaaf-c9e5-48cb-bf54-679217b9dc75-GrpcLogAppender: appendEntries Timeout, request=5edaa15a-462c-4223-9b9f-86f5b13029f2->c70aeaaf-c9e5-48cb-bf54-679217b9dc75#13-t1, previous=(t:1, i:8), leaderCommit=8, initializing? false, entries: <empty>
2019-10-21 08:54:10,717 [Thread-307] INFO  client.GrpcClientProtocolService (GrpcClientProtocolService.java:lambda$processClientRequest$0(279)) - Failed RaftClientRequest:client-A2E42EE46BE4->fe29a221-84a6-4e60-b8fd-e87bf4d69f29@group-A8897C702509, cid=22, seq=0, Watch-ALL_COMMITTED(6), Message:<EMPTY>, reply=RaftClientReply:client-A2E42EE46BE4->fe29a221-84a6-4e60-b8fd-e87bf4d69f29@group-A8897C702509, cid=22, FAILED org.apache.ratis.protocol.NotLeaderException: Server fe29a221-84a6-4e60-b8fd-e87bf4d69f29@group-A8897C702509 is not the leader 5edaa15a-462c-4223-9b9f-86f5b13029f2:192.168.69.94:40883, logIndex=0, commits[fe29a221-84a6-4e60-b8fd-e87bf4d69f29:c8, c70aeaaf-c9e5-48cb-bf54-679217b9dc75:c4, 5edaa15a-462c-4223-9b9f-86f5b13029f2:c8]
2019-10-21 08:54:11,887 [Thread-311] INFO  client.GrpcClientProtocolService (GrpcClientProtocolService.java:lambda$processClientRequest$0(279)) - Failed RaftClientRequest:client-A2E42EE46BE4->5edaa15a-462c-4223-9b9f-86f5b13029f2@group-A8897C702509, cid=22, seq=0, Watch-ALL_COMMITTED(6), Message:<EMPTY>, reply=RaftClientReply:client-A2E42EE46BE4->5edaa15a-462c-4223-9b9f-86f5b13029f2@group-A8897C702509, cid=22, FAILED org.apache.ratis.protocol.NotReplicatedException: Request with call Id 22 and log index 6 is not yet replicated to ALL_COMMITTED, logIndex=6, commits[5edaa15a-462c-4223-9b9f-86f5b13029f2:c8, c70aeaaf-c9e5-48cb-bf54-679217b9dc75:c4, fe29a221-84a6-4e60-b8fd-e87bf4d69f29:c8]
2019-10-21 08:54:12,189 [java.util.concurrent.ThreadPoolExecutor$Worker@294731c0[State = -1, empty queue]] WARN  server.GrpcLogAppender (GrpcLogAppender.java:timeoutAppendRequest(209)) - 5edaa15a-462c-4223-9b9f-86f5b13029f2@group-A8897C702509->c70aeaaf-c9e5-48cb-bf54-679217b9dc75-GrpcLogAppender: appendEntries Timeout, request=5edaa15a-462c-4223-9b9f-86f5b13029f2->c70aeaaf-c9e5-48cb-bf54-679217b9dc75#14-t1, previous=(t:1, i:8), leaderCommit=8, initializing? false, entries: <empty>
2019-10-21 08:54:14,690 [java.util.concurrent.ThreadPoolExecutor$Worker@294731c0[State = -1, empty queue]] WARN  server.GrpcLogAppender (GrpcLogAppender.java:timeoutAppendRequest(209)) - 5edaa15a-462c-4223-9b9f-86f5b13029f2@group-A8897C702509->c70aeaaf-c9e5-48cb-bf54-679217b9dc75-GrpcLogAppender: appendEntries Timeout, request=5edaa15a-462c-4223-9b9f-86f5b13029f2->c70aeaaf-c9e5-48cb-bf54-679217b9dc75#15-t1, previous=(t:1, i:8), leaderCommit=8, initializing? false, entries: <empty>
2019-10-21 08:54:17,191 [java.util.concurrent.ThreadPoolExecutor$Worker@294731c0[State = -1, empty queue]] WARN  server.GrpcLogAppender (GrpcLogAppender.java:timeoutAppendRequest(209)) - 5edaa15a-462c-4223-9b9f-86f5b13029f2@group-A8897C702509->c70aeaaf-c9e5-48cb-bf54-679217b9dc75-GrpcLogAppender: appendEntries Timeout, request=5edaa15a-462c-4223-9b9f-86f5b13029f2->c70aeaaf-c9e5-48cb-bf54-679217b9dc75#16-t1, previous=(t:1, i:8), leaderCommit=8, initializing? false, entries: <empty>
2019-10-21 08:54:19,695 [java.util.concurrent.ThreadPoolExecutor$Worker@294731c0[State = -1, empty queue]] WARN  server.GrpcLogAppender (GrpcLogAppender.java:timeoutAppendRequest(209)) - 5edaa15a-462c-4223-9b9f-86f5b13029f2@group-A8897C702509->c70aeaaf-c9e5-48cb-bf54-679217b9dc75-GrpcLogAppender: appendEntries Timeout, request=5edaa15a-462c-4223-9b9f-86f5b13029f2->c70aeaaf-c9e5-48cb-bf54-679217b9dc75#17-t1, previous=(t:1, i:8), leaderCommit=8, initializing? false, entries: <empty>
2019-10-21 08:54:19,747 [Thread-317] INFO  client.GrpcClientProtocolService (GrpcClientProtocolService.java:lambda$processClientRequest$0(279)) - Failed RaftClientRequest:client-A2E42EE46BE4->fe29a221-84a6-4e60-b8fd-e87bf4d69f29@group-A8897C702509, cid=22, seq=0, Watch-ALL_COMMITTED(6), Message:<EMPTY>, reply=RaftClientReply:client-A2E42EE46BE4->fe29a221-84a6-4e60-b8fd-e87bf4d69f29@group-A8897C702509, cid=22, FAILED org.apache.ratis.protocol.NotLeaderException: Server fe29a221-84a6-4e60-b8fd-e87bf4d69f29@group-A8897C702509 is not the leader 5edaa15a-462c-4223-9b9f-86f5b13029f2:192.168.69.94:40883, logIndex=0, commits[fe29a221-84a6-4e60-b8fd-e87bf4d69f29:c8, c70aeaaf-c9e5-48cb-bf54-679217b9dc75:c4, 5edaa15a-462c-4223-9b9f-86f5b13029f2:c8]
2019-10-21 08:54:20,885 [Thread-320] INFO  client.GrpcClientProtocolService (GrpcClientProtocolService.java:lambda$processClientRequest$0(279)) - Failed RaftClientRequest:client-A2E42EE46BE4->5edaa15a-462c-4223-9b9f-86f5b13029f2@group-A8897C702509, cid=22, seq=0, Watch-ALL_COMMITTED(6), Message:<EMPTY>, reply=RaftClientReply:client-A2E42EE46BE4->5edaa15a-462c-4223-9b9f-86f5b13029f2@group-A8897C702509, cid=22, FAILED org.apache.ratis.protocol.NotReplicatedException: Request with call Id 22 and log index 6 is not yet replicated to ALL_COMMITTED, logIndex=6, commits[5edaa15a-462c-4223-9b9f-86f5b13029f2:c8, c70aeaaf-c9e5-48cb-bf54-679217b9dc75:c4, fe29a221-84a6-4e60-b8fd-e87bf4d69f29:c8]
2019-10-21 08:54:22,195 [java.util.concurrent.ThreadPoolExecutor$Worker@294731c0[State = -1, empty queue]] WARN  server.GrpcLogAppender (GrpcLogAppender.java:timeoutAppendRequest(209)) - 5edaa15a-462c-4223-9b9f-86f5b13029f2@group-A8897C702509->c70aeaaf-c9e5-48cb-bf54-679217b9dc75-GrpcLogAppender: appendEntries Timeout, request=5edaa15a-462c-4223-9b9f-86f5b13029f2->c70aeaaf-c9e5-48cb-bf54-679217b9dc75#18-t1, previous=(t:1, i:8), leaderCommit=8, initializing? false, entries: <empty>
2019-10-21 08:54:24,696 [java.util.concurrent.ThreadPoolExecutor$Worker@294731c0[State = -1, empty queue]] WARN  server.GrpcLogAppender (GrpcLogAppender.java:timeoutAppendRequest(209)) - 5edaa15a-462c-4223-9b9f-86f5b13029f2@group-A8897C702509->c70aeaaf-c9e5-48cb-bf54-679217b9dc75-GrpcLogAppender: appendEntries Timeout, request=5edaa15a-462c-4223-9b9f-86f5b13029f2->c70aeaaf-c9e5-48cb-bf54-679217b9dc75#19-t1, previous=(t:1, i:8), leaderCommit=8, initializing? false, entries: <empty>
2019-10-21 08:54:27,199 [java.util.concurrent.ThreadPoolExecutor$Worker@294731c0[State = -1, empty queue]] WARN  server.GrpcLogAppender (GrpcLogAppender.java:timeoutAppendRequest(209)) - 5edaa15a-462c-4223-9b9f-86f5b13029f2@group-A8897C702509->c70aeaaf-c9e5-48cb-bf54-679217b9dc75-GrpcLogAppender: appendEntries Timeout, request=5edaa15a-462c-4223-9b9f-86f5b13029f2->c70aeaaf-c9e5-48cb-bf54-679217b9dc75#20-t1, previous=(t:1, i:8), leaderCommit=8, initializing? false, entries: <empty>
2019-10-21 08:54:28,776 [Thread-326] INFO  client.GrpcClientProtocolService (GrpcClientProtocolService.java:lambda$processClientRequest$0(279)) - Failed RaftClientRequest:client-A2E42EE46BE4->fe29a221-84a6-4e60-b8fd-e87bf4d69f29@group-A8897C702509, cid=22, seq=0, Watch-ALL_COMMITTED(6), Message:<EMPTY>, reply=RaftClientReply:client-A2E42EE46BE4->fe29a221-84a6-4e60-b8fd-e87bf4d69f29@group-A8897C702509, cid=22, FAILED org.apache.ratis.protocol.NotLeaderException: Server fe29a221-84a6-4e60-b8fd-e87bf4d69f29@group-A8897C702509 is not the leader 5edaa15a-462c-4223-9b9f-86f5b13029f2:192.168.69.94:40883, logIndex=0, commits[fe29a221-84a6-4e60-b8fd-e87bf4d69f29:c8, c70aeaaf-c9e5-48cb-bf54-679217b9dc75:c4, 5edaa15a-462c-4223-9b9f-86f5b13029f2:c8]
2019-10-21 08:54:29,702 [java.util.concurrent.ThreadPoolExecutor$Worker@294731c0[State = -1, empty queue]] WARN  server.GrpcLogAppender (GrpcLogAppender.java:timeoutAppendRequest(209)) - 5edaa15a-462c-4223-9b9f-86f5b13029f2@group-A8897C702509->c70aeaaf-c9e5-48cb-bf54-679217b9dc75-GrpcLogAppender: appendEntries Timeout, request=5edaa15a-462c-4223-9b9f-86f5b13029f2->c70aeaaf-c9e5-48cb-bf54-679217b9dc75#21-t1, previous=(t:1, i:8), leaderCommit=8, initializing? false, entries: <empty>
2019-10-21 08:54:29,885 [Thread-330] INFO  client.GrpcClientProtocolService (GrpcClientProtocolService.java:lambda$processClientRequest$0(279)) - Failed RaftClientRequest:client-A2E42EE46BE4->5edaa15a-462c-4223-9b9f-86f5b13029f2@group-A8897C702509, cid=22, seq=0, Watch-ALL_COMMITTED(6), Message:<EMPTY>, reply=RaftClientReply:client-A2E42EE46BE4->5edaa15a-462c-4223-9b9f-86f5b13029f2@group-A8897C702509, cid=22, FAILED org.apache.ratis.protocol.NotReplicatedException: Request with call Id 22 and log index 6 is not yet replicated to ALL_COMMITTED, logIndex=6, commits[5edaa15a-462c-4223-9b9f-86f5b13029f2:c8, c70aeaaf-c9e5-48cb-bf54-679217b9dc75:c4, fe29a221-84a6-4e60-b8fd-e87bf4d69f29:c8]
2019-10-21 08:54:31,700 [main] WARN  scm.XceiverClientRatis (XceiverClientRatis.java:watchForCommit(277)) - 3 way commit failed on pipeline Pipeline[ Id: c3f294cd-78fe-4723-8c0d-a8897c702509, Nodes: c70aeaaf-c9e5-48cb-bf54-679217b9dc75{ip: 192.168.69.94, host: pr-hdds-1868-bv6q8-2720828103, networkLocation: /default-rack, certSerialId: null}fe29a221-84a6-4e60-b8fd-e87bf4d69f29{ip: 192.168.69.94, host: pr-hdds-1868-bv6q8-2720828103, networkLocation: /default-rack, certSerialId: null}5edaa15a-462c-4223-9b9f-86f5b13029f2{ip: 192.168.69.94, host: pr-hdds-1868-bv6q8-2720828103, networkLocation: /default-rack, certSerialId: null}, Type:RATIS, Factor:THREE, State:OPEN]
java.util.concurrent.TimeoutException
	at java.util.concurrent.CompletableFuture.timedGet(CompletableFuture.java:1771)
	at java.util.concurrent.CompletableFuture.get(CompletableFuture.java:1915)
	at org.apache.hadoop.hdds.scm.XceiverClientRatis.watchForCommit(XceiverClientRatis.java:274)
	at org.apache.hadoop.hdds.scm.storage.CommitWatcher.watchForCommit(CommitWatcher.java:198)
	at org.apache.hadoop.hdds.scm.storage.CommitWatcher.watchOnLastIndex(CommitWatcher.java:161)
	at org.apache.hadoop.hdds.scm.storage.BlockOutputStream.watchForCommit(BlockOutputStream.java:346)
	at org.apache.hadoop.hdds.scm.storage.BlockOutputStream.handleFlush(BlockOutputStream.java:482)
	at org.apache.hadoop.hdds.scm.storage.BlockOutputStream.close(BlockOutputStream.java:496)
	at org.apache.hadoop.ozone.client.io.BlockOutputStreamEntry.close(BlockOutputStreamEntry.java:143)
	at org.apache.hadoop.ozone.client.io.KeyOutputStream.handleFlushOrClose(KeyOutputStream.java:435)
	at org.apache.hadoop.ozone.client.io.KeyOutputStream.close(KeyOutputStream.java:473)
	at org.apache.hadoop.ozone.client.io.OzoneOutputStream.close(OzoneOutputStream.java:60)
	at org.apache.hadoop.ozone.client.rpc.TestDeleteWithSlowFollower.testDeleteKeyWithSlowFollower(TestDeleteWithSlowFollower.java:193)
	at sun.reflect.NativeMethodAccessorImpl.invoke0(Native Method)
	at sun.reflect.NativeMethodAccessorImpl.invoke(NativeMethodAccessorImpl.java:62)
	at sun.reflect.DelegatingMethodAccessorImpl.invoke(DelegatingMethodAccessorImpl.java:43)
	at java.lang.reflect.Method.invoke(Method.java:498)
	at org.junit.runners.model.FrameworkMethod$1.runReflectiveCall(FrameworkMethod.java:47)
	at org.junit.internal.runners.model.ReflectiveCallable.run(ReflectiveCallable.java:12)
	at org.junit.runners.model.FrameworkMethod.invokeExplosively(FrameworkMethod.java:44)
	at org.junit.internal.runners.statements.InvokeMethod.evaluate(InvokeMethod.java:17)
	at org.junit.runners.ParentRunner.runLeaf(ParentRunner.java:271)
	at org.junit.runners.BlockJUnit4ClassRunner.runChild(BlockJUnit4ClassRunner.java:70)
	at org.junit.runners.BlockJUnit4ClassRunner.runChild(BlockJUnit4ClassRunner.java:50)
	at org.junit.runners.ParentRunner$3.run(ParentRunner.java:238)
	at org.junit.runners.ParentRunner$1.schedule(ParentRunner.java:63)
	at org.junit.runners.ParentRunner.runChildren(ParentRunner.java:236)
	at org.junit.runners.ParentRunner.access$000(ParentRunner.java:53)
	at org.junit.runners.ParentRunner$2.evaluate(ParentRunner.java:229)
	at org.junit.internal.runners.statements.RunBefores.evaluate(RunBefores.java:26)
	at org.junit.internal.runners.statements.RunAfters.evaluate(RunAfters.java:27)
	at org.junit.runners.ParentRunner.run(ParentRunner.java:309)
	at org.apache.maven.surefire.junit4.JUnit4Provider.execute(JUnit4Provider.java:365)
	at org.apache.maven.surefire.junit4.JUnit4Provider.executeWithRerun(JUnit4Provider.java:273)
	at org.apache.maven.surefire.junit4.JUnit4Provider.executeTestSet(JUnit4Provider.java:238)
	at org.apache.maven.surefire.junit4.JUnit4Provider.invoke(JUnit4Provider.java:159)
	at org.apache.maven.surefire.booter.ForkedBooter.invokeProviderInSameClassLoader(ForkedBooter.java:384)
	at org.apache.maven.surefire.booter.ForkedBooter.runSuitesInProcess(ForkedBooter.java:345)
	at org.apache.maven.surefire.booter.ForkedBooter.execute(ForkedBooter.java:126)
	at org.apache.maven.surefire.booter.ForkedBooter.main(ForkedBooter.java:418)
2019-10-21 08:54:31,720 [main] INFO  scm.XceiverClientRatis (XceiverClientRatis.java:lambda$watchForCommit$5(295)) - Could not commit index 6 on pipeline Pipeline[ Id: c3f294cd-78fe-4723-8c0d-a8897c702509, Nodes: c70aeaaf-c9e5-48cb-bf54-679217b9dc75{ip: 192.168.69.94, host: pr-hdds-1868-bv6q8-2720828103, networkLocation: /default-rack, certSerialId: null}fe29a221-84a6-4e60-b8fd-e87bf4d69f29{ip: 192.168.69.94, host: pr-hdds-1868-bv6q8-2720828103, networkLocation: /default-rack, certSerialId: null}5edaa15a-462c-4223-9b9f-86f5b13029f2{ip: 192.168.69.94, host: pr-hdds-1868-bv6q8-2720828103, networkLocation: /default-rack, certSerialId: null}, Type:RATIS, Factor:THREE, State:OPEN] to all the nodes. Server c70aeaaf-c9e5-48cb-bf54-679217b9dc75 has failed. Committed by majority.
2019-10-21 08:54:31,720 [main] WARN  storage.BlockOutputStream (BlockOutputStream.java:watchForCommit(352)) - Failed to commit BlockId conID: 1 locID: 102999525682642944 bcsId: 6 on Pipeline[ Id: c3f294cd-78fe-4723-8c0d-a8897c702509, Nodes: c70aeaaf-c9e5-48cb-bf54-679217b9dc75{ip: 192.168.69.94, host: pr-hdds-1868-bv6q8-2720828103, networkLocation: /default-rack, certSerialId: null}fe29a221-84a6-4e60-b8fd-e87bf4d69f29{ip: 192.168.69.94, host: pr-hdds-1868-bv6q8-2720828103, networkLocation: /default-rack, certSerialId: null}5edaa15a-462c-4223-9b9f-86f5b13029f2{ip: 192.168.69.94, host: pr-hdds-1868-bv6q8-2720828103, networkLocation: /default-rack, certSerialId: null}, Type:RATIS, Factor:THREE, State:OPEN]. Failed nodes: [c70aeaaf-c9e5-48cb-bf54-679217b9dc75{ip: null, host: null, networkLocation: /default-rack, certSerialId: null}]
2019-10-21 08:54:32,204 [java.util.concurrent.ThreadPoolExecutor$Worker@294731c0[State = -1, empty queue]] WARN  server.GrpcLogAppender (GrpcLogAppender.java:timeoutAppendRequest(209)) - 5edaa15a-462c-4223-9b9f-86f5b13029f2@group-A8897C702509->c70aeaaf-c9e5-48cb-bf54-679217b9dc75-GrpcLogAppender: appendEntries Timeout, request=5edaa15a-462c-4223-9b9f-86f5b13029f2->c70aeaaf-c9e5-48cb-bf54-679217b9dc75#22-t1, previous=(t:1, i:8), leaderCommit=8, initializing? false, entries: <empty>
2019-10-21 08:54:32,827 [EventQueue-IncrementalContainerReportForIncrementalContainerReportHandler] WARN  container.IncrementalContainerReportHandler (AbstractContainerReportHandler.java:updateContainerState(145)) - Container #1 is in OPEN state, but the datanode 5edaa15a-462c-4223-9b9f-86f5b13029f2{ip: 192.168.69.94, host: pr-hdds-1868-bv6q8-2720828103, networkLocation: /default-rack, certSerialId: null} reports an CLOSING replica.
2019-10-21 08:54:32,830 [RatisApplyTransactionExecutor 1] INFO  interfaces.Container (KeyValueContainer.java:flushAndSyncDB(386)) - Container 1 is synced with bcsId 6.
2019-10-21 08:54:32,831 [RatisApplyTransactionExecutor 1] INFO  interfaces.Container (KeyValueContainer.java:flushAndSyncDB(386)) - Container 1 is synced with bcsId 6.
2019-10-21 08:54:32,846 [RatisApplyTransactionExecutor 1] INFO  interfaces.Container (KeyValueContainer.java:close(335)) - Container 1 is closed with bcsId 6.
2019-10-21 08:54:32,847 [EventQueue-IncrementalContainerReportForIncrementalContainerReportHandler] WARN  container.IncrementalContainerReportHandler (AbstractContainerReportHandler.java:updateContainerState(145)) - Container #1 is in OPEN state, but the datanode fe29a221-84a6-4e60-b8fd-e87bf4d69f29{ip: 192.168.69.94, host: pr-hdds-1868-bv6q8-2720828103, networkLocation: /default-rack, certSerialId: null} reports an CLOSING replica.
2019-10-21 08:54:32,847 [EventQueue-IncrementalContainerReportForIncrementalContainerReportHandler] WARN  container.IncrementalContainerReportHandler (AbstractContainerReportHandler.java:updateContainerState(145)) - Container #1 is in OPEN state, but the datanode 5edaa15a-462c-4223-9b9f-86f5b13029f2{ip: 192.168.69.94, host: pr-hdds-1868-bv6q8-2720828103, networkLocation: /default-rack, certSerialId: null} reports an CLOSED replica.
2019-10-21 08:54:32,857 [RatisApplyTransactionExecutor 1] INFO  interfaces.Container (KeyValueContainer.java:flushAndSyncDB(386)) - Container 1 is synced with bcsId 6.
2019-10-21 08:54:32,858 [RatisApplyTransactionExecutor 1] INFO  interfaces.Container (KeyValueContainer.java:flushAndSyncDB(386)) - Container 1 is synced with bcsId 6.
2019-10-21 08:54:32,874 [RatisApplyTransactionExecutor 1] INFO  interfaces.Container (KeyValueContainer.java:close(335)) - Container 1 is closed with bcsId 6.
2019-10-21 08:54:32,875 [EventQueue-IncrementalContainerReportForIncrementalContainerReportHandler] WARN  container.IncrementalContainerReportHandler (AbstractContainerReportHandler.java:updateContainerState(145)) - Container #1 is in OPEN state, but the datanode fe29a221-84a6-4e60-b8fd-e87bf4d69f29{ip: 192.168.69.94, host: pr-hdds-1868-bv6q8-2720828103, networkLocation: /default-rack, certSerialId: null} reports an CLOSED replica.
2019-10-21 08:54:32,948 [EventQueue-ContainerReportForContainerReportHandler] WARN  container.ContainerReportHandler (AbstractContainerReportHandler.java:updateContainerState(145)) - Container #1 is in OPEN state, but the datanode 5edaa15a-462c-4223-9b9f-86f5b13029f2{ip: 192.168.69.94, host: pr-hdds-1868-bv6q8-2720828103, networkLocation: /default-rack, certSerialId: null} reports an CLOSED replica.
2019-10-21 08:54:32,975 [EventQueue-ContainerReportForContainerReportHandler] WARN  container.ContainerReportHandler (AbstractContainerReportHandler.java:updateContainerState(145)) - Container #1 is in OPEN state, but the datanode fe29a221-84a6-4e60-b8fd-e87bf4d69f29{ip: 192.168.69.94, host: pr-hdds-1868-bv6q8-2720828103, networkLocation: /default-rack, certSerialId: null} reports an CLOSED replica.
2019-10-21 08:54:33,095 [BlockDeletingService#2] WARN  background.BlockDeletingService (BlockDeletingService.java:isDeletionAllowed(187)) - Close Container log Index 6 is not replicated across allthe servers in the pipeline c3f294cd-78fe-4723-8c0d-a8897c702509 as the min replicated index is 4. Deletion is not allowed in this container yet.
2019-10-21 08:54:33,097 [BlockDeletingService#2] WARN  background.BlockDeletingService (BlockDeletingService.java:isDeletionAllowed(187)) - Close Container log Index 6 is not replicated across allthe servers in the pipeline c3f294cd-78fe-4723-8c0d-a8897c702509 as the min replicated index is 4. Deletion is not allowed in this container yet.
2019-10-21 08:54:33,274 [EventQueue-ContainerReportForContainerReportHandler] WARN  container.ContainerReportHandler (AbstractContainerReportHandler.java:updateContainerState(145)) - Container #1 is in OPEN state, but the datanode fe29a221-84a6-4e60-b8fd-e87bf4d69f29{ip: 192.168.69.94, host: pr-hdds-1868-bv6q8-2720828103, networkLocation: /default-rack, certSerialId: null} reports an CLOSED replica.
2019-10-21 08:54:33,349 [EventQueue-ContainerReportForContainerReportHandler] WARN  container.ContainerReportHandler (AbstractContainerReportHandler.java:updateContainerState(145)) - Container #1 is in OPEN state, but the datanode 5edaa15a-462c-4223-9b9f-86f5b13029f2{ip: 192.168.69.94, host: pr-hdds-1868-bv6q8-2720828103, networkLocation: /default-rack, certSerialId: null} reports an CLOSED replica.
2019-10-21 08:54:33,650 [EventQueue-ContainerReportForContainerReportHandler] WARN  container.ContainerReportHandler (AbstractContainerReportHandler.java:updateContainerState(145)) - Container #1 is in OPEN state, but the datanode 5edaa15a-462c-4223-9b9f-86f5b13029f2{ip: 192.168.69.94, host: pr-hdds-1868-bv6q8-2720828103, networkLocation: /default-rack, certSerialId: null} reports an CLOSED replica.
2019-10-21 08:54:33,677 [EventQueue-ContainerReportForContainerReportHandler] WARN  container.ContainerReportHandler (AbstractContainerReportHandler.java:updateContainerState(145)) - Container #1 is in OPEN state, but the datanode fe29a221-84a6-4e60-b8fd-e87bf4d69f29{ip: 192.168.69.94, host: pr-hdds-1868-bv6q8-2720828103, networkLocation: /default-rack, certSerialId: null} reports an CLOSED replica.
2019-10-21 08:54:33,866 [IPC Server handler 0 on 44687] INFO  server.SCMBlockProtocolServer (SCMBlockProtocolServer.java:deleteKeyBlocks(212)) - SCM is informed by OM to delete 1 blocks
2019-10-21 08:54:33,867 [IPC Server handler 0 on 44687] INFO  block.BlockManagerImpl (BlockManagerImpl.java:deleteBlocks(285)) - Deleting blocks conID: 1 locID: 102999525682642944 bcsId: 0
2019-10-21 08:54:33,877 [EventQueue-ContainerReportForContainerReportHandler] WARN  container.ContainerReportHandler (AbstractContainerReportHandler.java:updateContainerState(145)) - Container #1 is in OPEN state, but the datanode fe29a221-84a6-4e60-b8fd-e87bf4d69f29{ip: 192.168.69.94, host: pr-hdds-1868-bv6q8-2720828103, networkLocation: /default-rack, certSerialId: null} reports an CLOSED replica.
2019-10-21 08:54:33,950 [EventQueue-ContainerReportForContainerReportHandler] WARN  container.ContainerReportHandler (AbstractContainerReportHandler.java:updateContainerState(145)) - Container #1 is in OPEN state, but the datanode 5edaa15a-462c-4223-9b9f-86f5b13029f2{ip: 192.168.69.94, host: pr-hdds-1868-bv6q8-2720828103, networkLocation: /default-rack, certSerialId: null} reports an CLOSED replica.
2019-10-21 08:54:34,096 [BlockDeletingService#2] WARN  background.BlockDeletingService (BlockDeletingService.java:isDeletionAllowed(187)) - Close Container log Index 6 is not replicated across allthe servers in the pipeline c3f294cd-78fe-4723-8c0d-a8897c702509 as the min replicated index is 4. Deletion is not allowed in this container yet.
2019-10-21 08:54:34,099 [BlockDeletingService#2] WARN  background.BlockDeletingService (BlockDeletingService.java:isDeletionAllowed(187)) - Close Container log Index 6 is not replicated across allthe servers in the pipeline c3f294cd-78fe-4723-8c0d-a8897c702509 as the min replicated index is 4. Deletion is not allowed in this container yet.
2019-10-21 08:54:34,177 [EventQueue-ContainerReportForContainerReportHandler] WARN  container.ContainerReportHandler (AbstractContainerReportHandler.java:updateContainerState(145)) - Container #1 is in OPEN state, but the datanode fe29a221-84a6-4e60-b8fd-e87bf4d69f29{ip: 192.168.69.94, host: pr-hdds-1868-bv6q8-2720828103, networkLocation: /default-rack, certSerialId: null} reports an CLOSED replica.
2019-10-21 08:54:34,353 [EventQueue-ContainerReportForContainerReportHandler] WARN  container.ContainerReportHandler (AbstractContainerReportHandler.java:updateContainerState(145)) - Container #1 is in OPEN state, but the datanode 5edaa15a-462c-4223-9b9f-86f5b13029f2{ip: 192.168.69.94, host: pr-hdds-1868-bv6q8-2720828103, networkLocation: /default-rack, certSerialId: null} reports an CLOSED replica.
2019-10-21 08:54:34,477 [EventQueue-ContainerReportForContainerReportHandler] WARN  container.ContainerReportHandler (AbstractContainerReportHandler.java:updateContainerState(145)) - Container #1 is in OPEN state, but the datanode fe29a221-84a6-4e60-b8fd-e87bf4d69f29{ip: 192.168.69.94, host: pr-hdds-1868-bv6q8-2720828103, networkLocation: /default-rack, certSerialId: null} reports an CLOSED replica.
2019-10-21 08:54:34,654 [EventQueue-ContainerReportForContainerReportHandler] WARN  container.ContainerReportHandler (AbstractContainerReportHandler.java:updateContainerState(145)) - Container #1 is in OPEN state, but the datanode 5edaa15a-462c-4223-9b9f-86f5b13029f2{ip: 192.168.69.94, host: pr-hdds-1868-bv6q8-2720828103, networkLocation: /default-rack, certSerialId: null} reports an CLOSED replica.
2019-10-21 08:54:34,709 [java.util.concurrent.ThreadPoolExecutor$Worker@294731c0[State = -1, empty queue]] WARN  server.GrpcLogAppender (GrpcLogAppender.java:timeoutAppendRequest(209)) - 5edaa15a-462c-4223-9b9f-86f5b13029f2@group-A8897C702509->c70aeaaf-c9e5-48cb-bf54-679217b9dc75-GrpcLogAppender: appendEntries Timeout, request=5edaa15a-462c-4223-9b9f-86f5b13029f2->c70aeaaf-c9e5-48cb-bf54-679217b9dc75#23-t1, previous=(t:1, i:8), leaderCommit=8, initializing? false, entries: <empty>
2019-10-21 08:54:34,856 [EventQueue-ContainerReportForContainerReportHandler] WARN  container.ContainerReportHandler (AbstractContainerReportHandler.java:updateContainerState(145)) - Container #1 is in OPEN state, but the datanode 5edaa15a-462c-4223-9b9f-86f5b13029f2{ip: 192.168.69.94, host: pr-hdds-1868-bv6q8-2720828103, networkLocation: /default-rack, certSerialId: null} reports an CLOSED replica.
2019-10-21 08:54:34,877 [EventQueue-ContainerReportForContainerReportHandler] WARN  container.ContainerReportHandler (AbstractContainerReportHandler.java:updateContainerState(145)) - Container #1 is in OPEN state, but the datanode fe29a221-84a6-4e60-b8fd-e87bf4d69f29{ip: 192.168.69.94, host: pr-hdds-1868-bv6q8-2720828103, networkLocation: /default-rack, certSerialId: null} reports an CLOSED replica.
2019-10-21 08:54:35,098 [BlockDeletingService#2] WARN  background.BlockDeletingService (BlockDeletingService.java:isDeletionAllowed(187)) - Close Container log Index 6 is not replicated across allthe servers in the pipeline c3f294cd-78fe-4723-8c0d-a8897c702509 as the min replicated index is 4. Deletion is not allowed in this container yet.
2019-10-21 08:54:35,100 [BlockDeletingService#2] WARN  background.BlockDeletingService (BlockDeletingService.java:isDeletionAllowed(187)) - Close Container log Index 6 is not replicated across allthe servers in the pipeline c3f294cd-78fe-4723-8c0d-a8897c702509 as the min replicated index is 4. Deletion is not allowed in this container yet.
2019-10-21 08:54:35,177 [EventQueue-ContainerReportForContainerReportHandler] WARN  container.ContainerReportHandler (AbstractContainerReportHandler.java:updateContainerState(145)) - Container #1 is in OPEN state, but the datanode fe29a221-84a6-4e60-b8fd-e87bf4d69f29{ip: 192.168.69.94, host: pr-hdds-1868-bv6q8-2720828103, networkLocation: /default-rack, certSerialId: null} reports an CLOSED replica.
2019-10-21 08:54:35,256 [EventQueue-ContainerReportForContainerReportHandler] WARN  container.ContainerReportHandler (AbstractContainerReportHandler.java:updateContainerState(145)) - Container #1 is in OPEN state, but the datanode 5edaa15a-462c-4223-9b9f-86f5b13029f2{ip: 192.168.69.94, host: pr-hdds-1868-bv6q8-2720828103, networkLocation: /default-rack, certSerialId: null} reports an CLOSED replica.
2019-10-21 08:54:35,377 [EventQueue-ContainerReportForContainerReportHandler] WARN  container.ContainerReportHandler (AbstractContainerReportHandler.java:updateContainerState(145)) - Container #1 is in OPEN state, but the datanode fe29a221-84a6-4e60-b8fd-e87bf4d69f29{ip: 192.168.69.94, host: pr-hdds-1868-bv6q8-2720828103, networkLocation: /default-rack, certSerialId: null} reports an CLOSED replica.
2019-10-21 08:54:35,456 [EventQueue-ContainerReportForContainerReportHandler] WARN  container.ContainerReportHandler (AbstractContainerReportHandler.java:updateContainerState(145)) - Container #1 is in OPEN state, but the datanode 5edaa15a-462c-4223-9b9f-86f5b13029f2{ip: 192.168.69.94, host: pr-hdds-1868-bv6q8-2720828103, networkLocation: /default-rack, certSerialId: null} reports an CLOSED replica.
2019-10-21 08:54:35,656 [EventQueue-ContainerReportForContainerReportHandler] WARN  container.ContainerReportHandler (AbstractContainerReportHandler.java:updateContainerState(145)) - Container #1 is in OPEN state, but the datanode 5edaa15a-462c-4223-9b9f-86f5b13029f2{ip: 192.168.69.94, host: pr-hdds-1868-bv6q8-2720828103, networkLocation: /default-rack, certSerialId: null} reports an CLOSED replica.
2019-10-21 08:54:35,678 [EventQueue-ContainerReportForContainerReportHandler] WARN  container.ContainerReportHandler (AbstractContainerReportHandler.java:updateContainerState(145)) - Container #1 is in OPEN state, but the datanode fe29a221-84a6-4e60-b8fd-e87bf4d69f29{ip: 192.168.69.94, host: pr-hdds-1868-bv6q8-2720828103, networkLocation: /default-rack, certSerialId: null} reports an CLOSED replica.
2019-10-21 08:54:35,792 [java.util.concurrent.ThreadPoolExecutor$Worker@294731c0[State = -1, empty queue]] WARN  server.GrpcLogAppender (GrpcLogAppender.java:timeoutAppendRequest(209)) - 5edaa15a-462c-4223-9b9f-86f5b13029f2@group-A8897C702509->c70aeaaf-c9e5-48cb-bf54-679217b9dc75-GrpcLogAppender: appendEntries Timeout, request=5edaa15a-462c-4223-9b9f-86f5b13029f2->c70aeaaf-c9e5-48cb-bf54-679217b9dc75#24-t1, previous=(t:1, i:8), leaderCommit=8, initializing? false, entries: size=1, first=(t:1, i:9), STATEMACHINELOGENTRY, client-2ADDAA9891BD, cid=24
2019-10-21 08:54:35,807 [java.util.concurrent.ThreadPoolExecutor$Worker@294731c0[State = -1, empty queue]] WARN  server.GrpcLogAppender (GrpcLogAppender.java:timeoutAppendRequest(209)) - 5edaa15a-462c-4223-9b9f-86f5b13029f2@group-A8897C702509->c70aeaaf-c9e5-48cb-bf54-679217b9dc75-GrpcLogAppender: appendEntries Timeout, request=5edaa15a-462c-4223-9b9f-86f5b13029f2->c70aeaaf-c9e5-48cb-bf54-679217b9dc75#25-t1, previous=(t:1, i:9), leaderCommit=9, initializing? false, entries: size=1, first=(t:1, i:10), METADATAENTRY(c9)
2019-10-21 08:54:35,878 [EventQueue-ContainerReportForContainerReportHandler] WARN  container.ContainerReportHandler (AbstractContainerReportHandler.java:updateContainerState(145)) - Container #1 is in OPEN state, but the datanode fe29a221-84a6-4e60-b8fd-e87bf4d69f29{ip: 192.168.69.94, host: pr-hdds-1868-bv6q8-2720828103, networkLocation: /default-rack, certSerialId: null} reports an CLOSED replica.
2019-10-21 08:54:36,056 [EventQueue-ContainerReportForContainerReportHandler] WARN  container.ContainerReportHandler (AbstractContainerReportHandler.java:updateContainerState(145)) - Container #1 is in OPEN state, but the datanode 5edaa15a-462c-4223-9b9f-86f5b13029f2{ip: 192.168.69.94, host: pr-hdds-1868-bv6q8-2720828103, networkLocation: /default-rack, certSerialId: null} reports an CLOSED replica.
2019-10-21 08:54:36,100 [BlockDeletingService#2] WARN  background.BlockDeletingService (BlockDeletingService.java:isDeletionAllowed(187)) - Close Container log Index 6 is not replicated across allthe servers in the pipeline c3f294cd-78fe-4723-8c0d-a8897c702509 as the min replicated index is 4. Deletion is not allowed in this container yet.
2019-10-21 08:54:36,107 [BlockDeletingService#2] WARN  background.BlockDeletingService (BlockDeletingService.java:isDeletionAllowed(187)) - Close Container log Index 6 is not replicated across allthe servers in the pipeline c3f294cd-78fe-4723-8c0d-a8897c702509 as the min replicated index is 4. Deletion is not allowed in this container yet.
2019-10-21 08:54:36,178 [EventQueue-ContainerReportForContainerReportHandler] WARN  container.ContainerReportHandler (AbstractContainerReportHandler.java:updateContainerState(145)) - Container #1 is in OPEN state, but the datanode fe29a221-84a6-4e60-b8fd-e87bf4d69f29{ip: 192.168.69.94, host: pr-hdds-1868-bv6q8-2720828103, networkLocation: /default-rack, certSerialId: null} reports an CLOSED replica.
2019-10-21 08:54:36,258 [EventQueue-ContainerReportForContainerReportHandler] WARN  container.ContainerReportHandler (AbstractContainerReportHandler.java:updateContainerState(145)) - Container #1 is in OPEN state, but the datanode 5edaa15a-462c-4223-9b9f-86f5b13029f2{ip: 192.168.69.94, host: pr-hdds-1868-bv6q8-2720828103, networkLocation: /default-rack, certSerialId: null} reports an CLOSED replica.
2019-10-21 08:54:36,479 [EventQueue-ContainerReportForContainerReportHandler] WARN  container.ContainerReportHandler (AbstractContainerReportHandler.java:updateContainerState(145)) - Container #1 is in OPEN state, but the datanode fe29a221-84a6-4e60-b8fd-e87bf4d69f29{ip: 192.168.69.94, host: pr-hdds-1868-bv6q8-2720828103, networkLocation: /default-rack, certSerialId: null} reports an CLOSED replica.
2019-10-21 08:54:36,559 [EventQueue-ContainerReportForContainerReportHandler] WARN  container.ContainerReportHandler (AbstractContainerReportHandler.java:updateContainerState(145)) - Container #1 is in OPEN state, but the datanode 5edaa15a-462c-4223-9b9f-86f5b13029f2{ip: 192.168.69.94, host: pr-hdds-1868-bv6q8-2720828103, networkLocation: /default-rack, certSerialId: null} reports an CLOSED replica.
2019-10-21 08:54:36,679 [EventQueue-ContainerReportForContainerReportHandler] WARN  container.ContainerReportHandler (AbstractContainerReportHandler.java:updateContainerState(145)) - Container #1 is in OPEN state, but the datanode fe29a221-84a6-4e60-b8fd-e87bf4d69f29{ip: 192.168.69.94, host: pr-hdds-1868-bv6q8-2720828103, networkLocation: /default-rack, certSerialId: null} reports an CLOSED replica.
2019-10-21 08:54:36,759 [EventQueue-ContainerReportForContainerReportHandler] WARN  container.ContainerReportHandler (AbstractContainerReportHandler.java:updateContainerState(145)) - Container #1 is in OPEN state, but the datanode 5edaa15a-462c-4223-9b9f-86f5b13029f2{ip: 192.168.69.94, host: pr-hdds-1868-bv6q8-2720828103, networkLocation: /default-rack, certSerialId: null} reports an CLOSED replica.
2019-10-21 08:54:36,959 [EventQueue-ContainerReportForContainerReportHandler] WARN  container.ContainerReportHandler (AbstractContainerReportHandler.java:updateContainerState(145)) - Container #1 is in OPEN state, but the datanode 5edaa15a-462c-4223-9b9f-86f5b13029f2{ip: 192.168.69.94, host: pr-hdds-1868-bv6q8-2720828103, networkLocation: /default-rack, certSerialId: null} reports an CLOSED replica.
2019-10-21 08:54:37,078 [EventQueue-ContainerReportForContainerReportHandler] WARN  container.ContainerReportHandler (AbstractContainerReportHandler.java:updateContainerState(145)) - Container #1 is in OPEN state, but the datanode fe29a221-84a6-4e60-b8fd-e87bf4d69f29{ip: 192.168.69.94, host: pr-hdds-1868-bv6q8-2720828103, networkLocation: /default-rack, certSerialId: null} reports an CLOSED replica.
2019-10-21 08:54:37,109 [BlockDeletingService#2] WARN  background.BlockDeletingService (BlockDeletingService.java:isDeletionAllowed(187)) - Close Container log Index 6 is not replicated across allthe servers in the pipeline c3f294cd-78fe-4723-8c0d-a8897c702509 as the min replicated index is 4. Deletion is not allowed in this container yet.
2019-10-21 08:54:37,109 [BlockDeletingService#2] WARN  background.BlockDeletingService (BlockDeletingService.java:isDeletionAllowed(187)) - Close Container log Index 6 is not replicated across allthe servers in the pipeline c3f294cd-78fe-4723-8c0d-a8897c702509 as the min replicated index is 4. Deletion is not allowed in this container yet.
2019-10-21 08:54:37,360 [EventQueue-ContainerReportForContainerReportHandler] WARN  container.ContainerReportHandler (AbstractContainerReportHandler.java:updateContainerState(145)) - Container #1 is in OPEN state, but the datanode 5edaa15a-462c-4223-9b9f-86f5b13029f2{ip: 192.168.69.94, host: pr-hdds-1868-bv6q8-2720828103, networkLocation: /default-rack, certSerialId: null} reports an CLOSED replica.
2019-10-21 08:54:37,378 [EventQueue-ContainerReportForContainerReportHandler] WARN  container.ContainerReportHandler (AbstractContainerReportHandler.java:updateContainerState(145)) - Container #1 is in OPEN state, but the datanode fe29a221-84a6-4e60-b8fd-e87bf4d69f29{ip: 192.168.69.94, host: pr-hdds-1868-bv6q8-2720828103, networkLocation: /default-rack, certSerialId: null} reports an CLOSED replica.
2019-10-21 08:54:37,578 [EventQueue-ContainerReportForContainerReportHandler] WARN  container.ContainerReportHandler (AbstractContainerReportHandler.java:updateContainerState(145)) - Container #1 is in OPEN state, but the datanode fe29a221-84a6-4e60-b8fd-e87bf4d69f29{ip: 192.168.69.94, host: pr-hdds-1868-bv6q8-2720828103, networkLocation: /default-rack, certSerialId: null} reports an CLOSED replica.
2019-10-21 08:54:37,661 [EventQueue-ContainerReportForContainerReportHandler] WARN  container.ContainerReportHandler (AbstractContainerReportHandler.java:updateContainerState(145)) - Container #1 is in OPEN state, but the datanode 5edaa15a-462c-4223-9b9f-86f5b13029f2{ip: 192.168.69.94, host: pr-hdds-1868-bv6q8-2720828103, networkLocation: /default-rack, certSerialId: null} reports an CLOSED replica.
2019-10-21 08:54:37,879 [EventQueue-ContainerReportForContainerReportHandler] WARN  container.ContainerReportHandler (AbstractContainerReportHandler.java:updateContainerState(145)) - Container #1 is in OPEN state, but the datanode fe29a221-84a6-4e60-b8fd-e87bf4d69f29{ip: 192.168.69.94, host: pr-hdds-1868-bv6q8-2720828103, networkLocation: /default-rack, certSerialId: null} reports an CLOSED replica.
2019-10-21 08:54:37,961 [EventQueue-ContainerReportForContainerReportHandler] WARN  container.ContainerReportHandler (AbstractContainerReportHandler.java:updateContainerState(145)) - Container #1 is in OPEN state, but the datanode 5edaa15a-462c-4223-9b9f-86f5b13029f2{ip: 192.168.69.94, host: pr-hdds-1868-bv6q8-2720828103, networkLocation: /default-rack, certSerialId: null} reports an CLOSED replica.
2019-10-21 08:54:38,111 [BlockDeletingService#2] WARN  background.BlockDeletingService (BlockDeletingService.java:isDeletionAllowed(187)) - Close Container log Index 6 is not replicated across allthe servers in the pipeline c3f294cd-78fe-4723-8c0d-a8897c702509 as the min replicated index is 4. Deletion is not allowed in this container yet.
2019-10-21 08:54:38,111 [BlockDeletingService#2] WARN  background.BlockDeletingService (BlockDeletingService.java:isDeletionAllowed(187)) - Close Container log Index 6 is not replicated across allthe servers in the pipeline c3f294cd-78fe-4723-8c0d-a8897c702509 as the min replicated index is 4. Deletion is not allowed in this container yet.
2019-10-21 08:54:38,178 [EventQueue-ContainerReportForContainerReportHandler] WARN  container.ContainerReportHandler (AbstractContainerReportHandler.java:updateContainerState(145)) - Container #1 is in OPEN state, but the datanode fe29a221-84a6-4e60-b8fd-e87bf4d69f29{ip: 192.168.69.94, host: pr-hdds-1868-bv6q8-2720828103, networkLocation: /default-rack, certSerialId: null} reports an CLOSED replica.
2019-10-21 08:54:38,262 [EventQueue-ContainerReportForContainerReportHandler] WARN  container.ContainerReportHandler (AbstractContainerReportHandler.java:updateContainerState(145)) - Container #1 is in OPEN state, but the datanode 5edaa15a-462c-4223-9b9f-86f5b13029f2{ip: 192.168.69.94, host: pr-hdds-1868-bv6q8-2720828103, networkLocation: /default-rack, certSerialId: null} reports an CLOSED replica.
2019-10-21 08:54:38,308 [java.util.concurrent.ThreadPoolExecutor$Worker@294731c0[State = -1, empty queue]] WARN  server.GrpcLogAppender (GrpcLogAppender.java:timeoutAppendRequest(209)) - 5edaa15a-462c-4223-9b9f-86f5b13029f2@group-A8897C702509->c70aeaaf-c9e5-48cb-bf54-679217b9dc75-GrpcLogAppender: appendEntries Timeout, request=5edaa15a-462c-4223-9b9f-86f5b13029f2->c70aeaaf-c9e5-48cb-bf54-679217b9dc75#26-t1, previous=(t:1, i:10), leaderCommit=10, initializing? false, entries: <empty>
2019-10-21 08:54:38,478 [EventQueue-ContainerReportForContainerReportHandler] WARN  container.ContainerReportHandler (AbstractContainerReportHandler.java:updateContainerState(145)) - Container #1 is in OPEN state, but the datanode fe29a221-84a6-4e60-b8fd-e87bf4d69f29{ip: 192.168.69.94, host: pr-hdds-1868-bv6q8-2720828103, networkLocation: /default-rack, certSerialId: null} reports an CLOSED replica.
2019-10-21 08:54:38,661 [EventQueue-ContainerReportForContainerReportHandler] WARN  container.ContainerReportHandler (AbstractContainerReportHandler.java:updateContainerState(145)) - Container #1 is in OPEN state, but the datanode 5edaa15a-462c-4223-9b9f-86f5b13029f2{ip: 192.168.69.94, host: pr-hdds-1868-bv6q8-2720828103, networkLocation: /default-rack, certSerialId: null} reports an CLOSED replica.
2019-10-21 08:54:38,779 [EventQueue-ContainerReportForContainerReportHandler] WARN  container.ContainerReportHandler (AbstractContainerReportHandler.java:updateContainerState(145)) - Container #1 is in OPEN state, but the datanode fe29a221-84a6-4e60-b8fd-e87bf4d69f29{ip: 192.168.69.94, host: pr-hdds-1868-bv6q8-2720828103, networkLocation: /default-rack, certSerialId: null} reports an CLOSED replica.
2019-10-21 08:54:38,815 [Thread-362] INFO  client.GrpcClientProtocolService (GrpcClientProtocolService.java:lambda$processClientRequest$0(279)) - Failed RaftClientRequest:client-A2E42EE46BE4->fe29a221-84a6-4e60-b8fd-e87bf4d69f29@group-A8897C702509, cid=22, seq=0, Watch-ALL_COMMITTED(6), Message:<EMPTY>, reply=RaftClientReply:client-A2E42EE46BE4->fe29a221-84a6-4e60-b8fd-e87bf4d69f29@group-A8897C702509, cid=22, FAILED org.apache.ratis.protocol.NotLeaderException: Server fe29a221-84a6-4e60-b8fd-e87bf4d69f29@group-A8897C702509 is not the leader 5edaa15a-462c-4223-9b9f-86f5b13029f2:192.168.69.94:40883, logIndex=0, commits[fe29a221-84a6-4e60-b8fd-e87bf4d69f29:c10, c70aeaaf-c9e5-48cb-bf54-679217b9dc75:c4, 5edaa15a-462c-4223-9b9f-86f5b13029f2:c10]
2019-10-21 08:54:38,884 [Thread-365] INFO  client.GrpcClientProtocolService (GrpcClientProtocolService.java:lambda$processClientRequest$0(279)) - Failed RaftClientRequest:client-A2E42EE46BE4->5edaa15a-462c-4223-9b9f-86f5b13029f2@group-A8897C702509, cid=22, seq=0, Watch-ALL_COMMITTED(6), Message:<EMPTY>, reply=RaftClientReply:client-A2E42EE46BE4->5edaa15a-462c-4223-9b9f-86f5b13029f2@group-A8897C702509, cid=22, FAILED org.apache.ratis.protocol.NotReplicatedException: Request with call Id 22 and log index 6 is not yet replicated to ALL_COMMITTED, logIndex=6, commits[5edaa15a-462c-4223-9b9f-86f5b13029f2:c10, c70aeaaf-c9e5-48cb-bf54-679217b9dc75:c4, fe29a221-84a6-4e60-b8fd-e87bf4d69f29:c10]
2019-10-21 08:54:39,061 [EventQueue-ContainerReportForContainerReportHandler] WARN  container.ContainerReportHandler (AbstractContainerReportHandler.java:updateContainerState(145)) - Container #1 is in OPEN state, but the datanode 5edaa15a-462c-4223-9b9f-86f5b13029f2{ip: 192.168.69.94, host: pr-hdds-1868-bv6q8-2720828103, networkLocation: /default-rack, certSerialId: null} reports an CLOSED replica.
2019-10-21 08:54:39,113 [BlockDeletingService#2] WARN  background.BlockDeletingService (BlockDeletingService.java:isDeletionAllowed(187)) - Close Container log Index 6 is not replicated across allthe servers in the pipeline c3f294cd-78fe-4723-8c0d-a8897c702509 as the min replicated index is 4. Deletion is not allowed in this container yet.
2019-10-21 08:54:39,113 [BlockDeletingService#2] WARN  background.BlockDeletingService (BlockDeletingService.java:isDeletionAllowed(187)) - Close Container log Index 6 is not replicated across allthe servers in the pipeline c3f294cd-78fe-4723-8c0d-a8897c702509 as the min replicated index is 4. Deletion is not allowed in this container yet.
2019-10-21 08:54:39,181 [EventQueue-ContainerReportForContainerReportHandler] WARN  container.ContainerReportHandler (AbstractContainerReportHandler.java:updateContainerState(145)) - Container #1 is in OPEN state, but the datanode fe29a221-84a6-4e60-b8fd-e87bf4d69f29{ip: 192.168.69.94, host: pr-hdds-1868-bv6q8-2720828103, networkLocation: /default-rack, certSerialId: null} reports an CLOSED replica.
2019-10-21 08:54:39,463 [EventQueue-ContainerReportForContainerReportHandler] WARN  container.ContainerReportHandler (AbstractContainerReportHandler.java:updateContainerState(145)) - Container #1 is in OPEN state, but the datanode 5edaa15a-462c-4223-9b9f-86f5b13029f2{ip: 192.168.69.94, host: pr-hdds-1868-bv6q8-2720828103, networkLocation: /default-rack, certSerialId: null} reports an CLOSED replica.
2019-10-21 08:54:39,482 [EventQueue-ContainerReportForContainerReportHandler] WARN  container.ContainerReportHandler (AbstractContainerReportHandler.java:updateContainerState(145)) - Container #1 is in OPEN state, but the datanode fe29a221-84a6-4e60-b8fd-e87bf4d69f29{ip: 192.168.69.94, host: pr-hdds-1868-bv6q8-2720828103, networkLocation: /default-rack, certSerialId: null} reports an CLOSED replica.
2019-10-21 08:54:39,661 [EventQueue-ContainerReportForContainerReportHandler] WARN  container.ContainerReportHandler (AbstractContainerReportHandler.java:updateContainerState(145)) - Container #1 is in OPEN state, but the datanode 5edaa15a-462c-4223-9b9f-86f5b13029f2{ip: 192.168.69.94, host: pr-hdds-1868-bv6q8-2720828103, networkLocation: /default-rack, certSerialId: null} reports an CLOSED replica.
2019-10-21 08:54:39,882 [EventQueue-ContainerReportForContainerReportHandler] WARN  container.ContainerReportHandler (AbstractContainerReportHandler.java:updateContainerState(145)) - Container #1 is in OPEN state, but the datanode fe29a221-84a6-4e60-b8fd-e87bf4d69f29{ip: 192.168.69.94, host: pr-hdds-1868-bv6q8-2720828103, networkLocation: /default-rack, certSerialId: null} reports an CLOSED replica.
2019-10-21 08:54:39,961 [EventQueue-ContainerReportForContainerReportHandler] WARN  container.ContainerReportHandler (AbstractContainerReportHandler.java:updateContainerState(145)) - Container #1 is in OPEN state, but the datanode 5edaa15a-462c-4223-9b9f-86f5b13029f2{ip: 192.168.69.94, host: pr-hdds-1868-bv6q8-2720828103, networkLocation: /default-rack, certSerialId: null} reports an CLOSED replica.
2019-10-21 08:54:40,116 [BlockDeletingService#2] WARN  background.BlockDeletingService (BlockDeletingService.java:isDeletionAllowed(187)) - Close Container log Index 6 is not replicated across allthe servers in the pipeline c3f294cd-78fe-4723-8c0d-a8897c702509 as the min replicated index is 4. Deletion is not allowed in this container yet.
2019-10-21 08:54:40,116 [BlockDeletingService#2] WARN  background.BlockDeletingService (BlockDeletingService.java:isDeletionAllowed(187)) - Close Container log Index 6 is not replicated across allthe servers in the pipeline c3f294cd-78fe-4723-8c0d-a8897c702509 as the min replicated index is 4. Deletion is not allowed in this container yet.
2019-10-21 08:54:40,182 [EventQueue-ContainerReportForContainerReportHandler] WARN  container.ContainerReportHandler (AbstractContainerReportHandler.java:updateContainerState(145)) - Container #1 is in OPEN state, but the datanode fe29a221-84a6-4e60-b8fd-e87bf4d69f29{ip: 192.168.69.94, host: pr-hdds-1868-bv6q8-2720828103, networkLocation: /default-rack, certSerialId: null} reports an CLOSED replica.
2019-10-21 08:54:40,261 [EventQueue-ContainerReportForContainerReportHandler] WARN  container.ContainerReportHandler (AbstractContainerReportHandler.java:updateContainerState(145)) - Container #1 is in OPEN state, but the datanode 5edaa15a-462c-4223-9b9f-86f5b13029f2{ip: 192.168.69.94, host: pr-hdds-1868-bv6q8-2720828103, networkLocation: /default-rack, certSerialId: null} reports an CLOSED replica.
2019-10-21 08:54:40,462 [EventQueue-ContainerReportForContainerReportHandler] WARN  container.ContainerReportHandler (AbstractContainerReportHandler.java:updateContainerState(145)) - Container #1 is in OPEN state, but the datanode 5edaa15a-462c-4223-9b9f-86f5b13029f2{ip: 192.168.69.94, host: pr-hdds-1868-bv6q8-2720828103, networkLocation: /default-rack, certSerialId: null} reports an CLOSED replica.
2019-10-21 08:54:40,482 [EventQueue-ContainerReportForContainerReportHandler] WARN  container.ContainerReportHandler (AbstractContainerReportHandler.java:updateContainerState(145)) - Container #1 is in OPEN state, but the datanode fe29a221-84a6-4e60-b8fd-e87bf4d69f29{ip: 192.168.69.94, host: pr-hdds-1868-bv6q8-2720828103, networkLocation: /default-rack, certSerialId: null} reports an CLOSED replica.
2019-10-21 08:54:40,763 [EventQueue-ContainerReportForContainerReportHandler] WARN  container.ContainerReportHandler (AbstractContainerReportHandler.java:updateContainerState(145)) - Container #1 is in OPEN state, but the datanode 5edaa15a-462c-4223-9b9f-86f5b13029f2{ip: 192.168.69.94, host: pr-hdds-1868-bv6q8-2720828103, networkLocation: /default-rack, certSerialId: null} reports an CLOSED replica.
2019-10-21 08:54:40,810 [java.util.concurrent.ThreadPoolExecutor$Worker@294731c0[State = -1, empty queue]] WARN  server.GrpcLogAppender (GrpcLogAppender.java:timeoutAppendRequest(209)) - 5edaa15a-462c-4223-9b9f-86f5b13029f2@group-A8897C702509->c70aeaaf-c9e5-48cb-bf54-679217b9dc75-GrpcLogAppender: appendEntries Timeout, request=5edaa15a-462c-4223-9b9f-86f5b13029f2->c70aeaaf-c9e5-48cb-bf54-679217b9dc75#27-t1, previous=(t:1, i:10), leaderCommit=10, initializing? false, entries: <empty>
2019-10-21 08:54:40,882 [EventQueue-ContainerReportForContainerReportHandler] WARN  container.ContainerReportHandler (AbstractContainerReportHandler.java:updateContainerState(145)) - Container #1 is in OPEN state, but the datanode fe29a221-84a6-4e60-b8fd-e87bf4d69f29{ip: 192.168.69.94, host: pr-hdds-1868-bv6q8-2720828103, networkLocation: /default-rack, certSerialId: null} reports an CLOSED replica.
2019-10-21 08:54:40,963 [EventQueue-ContainerReportForContainerReportHandler] WARN  container.ContainerReportHandler (AbstractContainerReportHandler.java:updateContainerState(145)) - Container #1 is in OPEN state, but the datanode 5edaa15a-462c-4223-9b9f-86f5b13029f2{ip: 192.168.69.94, host: pr-hdds-1868-bv6q8-2720828103, networkLocation: /default-rack, certSerialId: null} reports an CLOSED replica.
2019-10-21 08:54:41,118 [BlockDeletingService#2] WARN  background.BlockDeletingService (BlockDeletingService.java:isDeletionAllowed(187)) - Close Container log Index 6 is not replicated across allthe servers in the pipeline c3f294cd-78fe-4723-8c0d-a8897c702509 as the min replicated index is 4. Deletion is not allowed in this container yet.
2019-10-21 08:54:41,118 [BlockDeletingService#2] WARN  background.BlockDeletingService (BlockDeletingService.java:isDeletionAllowed(187)) - Close Container log Index 6 is not replicated across allthe servers in the pipeline c3f294cd-78fe-4723-8c0d-a8897c702509 as the min replicated index is 4. Deletion is not allowed in this container yet.
2019-10-21 08:54:41,264 [EventQueue-ContainerReportForContainerReportHandler] WARN  container.ContainerReportHandler (AbstractContainerReportHandler.java:updateContainerState(145)) - Container #1 is in OPEN state, but the datanode 5edaa15a-462c-4223-9b9f-86f5b13029f2{ip: 192.168.69.94, host: pr-hdds-1868-bv6q8-2720828103, networkLocation: /default-rack, certSerialId: null} reports an CLOSED replica.
2019-10-21 08:54:41,282 [EventQueue-ContainerReportForContainerReportHandler] WARN  container.ContainerReportHandler (AbstractContainerReportHandler.java:updateContainerState(145)) - Container #1 is in OPEN state, but the datanode fe29a221-84a6-4e60-b8fd-e87bf4d69f29{ip: 192.168.69.94, host: pr-hdds-1868-bv6q8-2720828103, networkLocation: /default-rack, certSerialId: null} reports an CLOSED replica.
2019-10-21 08:54:41,464 [EventQueue-ContainerReportForContainerReportHandler] WARN  container.ContainerReportHandler (AbstractContainerReportHandler.java:updateContainerState(145)) - Container #1 is in OPEN state, but the datanode 5edaa15a-462c-4223-9b9f-86f5b13029f2{ip: 192.168.69.94, host: pr-hdds-1868-bv6q8-2720828103, networkLocation: /default-rack, certSerialId: null} reports an CLOSED replica.
2019-10-21 08:54:41,682 [EventQueue-ContainerReportForContainerReportHandler] WARN  container.ContainerReportHandler (AbstractContainerReportHandler.java:updateContainerState(145)) - Container #1 is in OPEN state, but the datanode fe29a221-84a6-4e60-b8fd-e87bf4d69f29{ip: 192.168.69.94, host: pr-hdds-1868-bv6q8-2720828103, networkLocation: /default-rack, certSerialId: null} reports an CLOSED replica.
2019-10-21 08:54:41,763 [EventQueue-ContainerReportForContainerReportHandler] WARN  container.ContainerReportHandler (AbstractContainerReportHandler.java:updateContainerState(145)) - Container #1 is in OPEN state, but the datanode 5edaa15a-462c-4223-9b9f-86f5b13029f2{ip: 192.168.69.94, host: pr-hdds-1868-bv6q8-2720828103, networkLocation: /default-rack, certSerialId: null} reports an CLOSED replica.
2019-10-21 08:54:41,982 [EventQueue-ContainerReportForContainerReportHandler] WARN  container.ContainerReportHandler (AbstractContainerReportHandler.java:updateContainerState(145)) - Container #1 is in OPEN state, but the datanode fe29a221-84a6-4e60-b8fd-e87bf4d69f29{ip: 192.168.69.94, host: pr-hdds-1868-bv6q8-2720828103, networkLocation: /default-rack, certSerialId: null} reports an CLOSED replica.
2019-10-21 08:54:42,063 [EventQueue-ContainerReportForContainerReportHandler] WARN  container.ContainerReportHandler (AbstractContainerReportHandler.java:updateContainerState(145)) - Container #1 is in OPEN state, but the datanode 5edaa15a-462c-4223-9b9f-86f5b13029f2{ip: 192.168.69.94, host: pr-hdds-1868-bv6q8-2720828103, networkLocation: /default-rack, certSerialId: null} reports an CLOSED replica.
2019-10-21 08:54:42,120 [BlockDeletingService#2] WARN  background.BlockDeletingService (BlockDeletingService.java:isDeletionAllowed(187)) - Close Container log Index 6 is not replicated across allthe servers in the pipeline c3f294cd-78fe-4723-8c0d-a8897c702509 as the min replicated index is 4. Deletion is not allowed in this container yet.
2019-10-21 08:54:42,120 [BlockDeletingService#2] WARN  background.BlockDeletingService (BlockDeletingService.java:isDeletionAllowed(187)) - Close Container log Index 6 is not replicated across allthe servers in the pipeline c3f294cd-78fe-4723-8c0d-a8897c702509 as the min replicated index is 4. Deletion is not allowed in this container yet.
2019-10-21 08:54:42,282 [EventQueue-ContainerReportForContainerReportHandler] WARN  container.ContainerReportHandler (AbstractContainerReportHandler.java:updateContainerState(145)) - Container #1 is in OPEN state, but the datanode fe29a221-84a6-4e60-b8fd-e87bf4d69f29{ip: 192.168.69.94, host: pr-hdds-1868-bv6q8-2720828103, networkLocation: /default-rack, certSerialId: null} reports an CLOSED replica.
2019-10-21 08:54:42,365 [EventQueue-ContainerReportForContainerReportHandler] WARN  container.ContainerReportHandler (AbstractContainerReportHandler.java:updateContainerState(145)) - Container #1 is in OPEN state, but the datanode 5edaa15a-462c-4223-9b9f-86f5b13029f2{ip: 192.168.69.94, host: pr-hdds-1868-bv6q8-2720828103, networkLocation: /default-rack, certSerialId: null} reports an CLOSED replica.
2019-10-21 08:54:42,482 [EventQueue-ContainerReportForContainerReportHandler] WARN  container.ContainerReportHandler (AbstractContainerReportHandler.java:updateContainerState(145)) - Container #1 is in OPEN state, but the datanode fe29a221-84a6-4e60-b8fd-e87bf4d69f29{ip: 192.168.69.94, host: pr-hdds-1868-bv6q8-2720828103, networkLocation: /default-rack, certSerialId: null} reports an CLOSED replica.
2019-10-21 08:54:42,666 [EventQueue-ContainerReportForContainerReportHandler] WARN  container.ContainerReportHandler (AbstractContainerReportHandler.java:updateContainerState(145)) - Container #1 is in OPEN state, but the datanode 5edaa15a-462c-4223-9b9f-86f5b13029f2{ip: 192.168.69.94, host: pr-hdds-1868-bv6q8-2720828103, networkLocation: /default-rack, certSerialId: null} reports an CLOSED replica.
2019-10-21 08:54:42,883 [EventQueue-ContainerReportForContainerReportHandler] WARN  container.ContainerReportHandler (AbstractContainerReportHandler.java:updateContainerState(145)) - Container #1 is in OPEN state, but the datanode fe29a221-84a6-4e60-b8fd-e87bf4d69f29{ip: 192.168.69.94, host: pr-hdds-1868-bv6q8-2720828103, networkLocation: /default-rack, certSerialId: null} reports an CLOSED replica.
2019-10-21 08:54:43,066 [EventQueue-ContainerReportForContainerReportHandler] WARN  container.ContainerReportHandler (AbstractContainerReportHandler.java:updateContainerState(145)) - Container #1 is in OPEN state, but the datanode 5edaa15a-462c-4223-9b9f-86f5b13029f2{ip: 192.168.69.94, host: pr-hdds-1868-bv6q8-2720828103, networkLocation: /default-rack, certSerialId: null} reports an CLOSED replica.
2019-10-21 08:54:43,083 [EventQueue-ContainerReportForContainerReportHandler] WARN  container.ContainerReportHandler (AbstractContainerReportHandler.java:updateContainerState(145)) - Container #1 is in OPEN state, but the datanode fe29a221-84a6-4e60-b8fd-e87bf4d69f29{ip: 192.168.69.94, host: pr-hdds-1868-bv6q8-2720828103, networkLocation: /default-rack, certSerialId: null} reports an CLOSED replica.
2019-10-21 08:54:43,122 [BlockDeletingService#2] WARN  background.BlockDeletingService (BlockDeletingService.java:isDeletionAllowed(187)) - Close Container log Index 6 is not replicated across allthe servers in the pipeline c3f294cd-78fe-4723-8c0d-a8897c702509 as the min replicated index is 4. Deletion is not allowed in this container yet.
2019-10-21 08:54:43,122 [BlockDeletingService#2] WARN  background.BlockDeletingService (BlockDeletingService.java:isDeletionAllowed(187)) - Close Container log Index 6 is not replicated across allthe servers in the pipeline c3f294cd-78fe-4723-8c0d-a8897c702509 as the min replicated index is 4. Deletion is not allowed in this container yet.
2019-10-21 08:54:43,311 [java.util.concurrent.ThreadPoolExecutor$Worker@294731c0[State = -1, empty queue]] WARN  server.GrpcLogAppender (GrpcLogAppender.java:timeoutAppendRequest(209)) - 5edaa15a-462c-4223-9b9f-86f5b13029f2@group-A8897C702509->c70aeaaf-c9e5-48cb-bf54-679217b9dc75-GrpcLogAppender: appendEntries Timeout, request=5edaa15a-462c-4223-9b9f-86f5b13029f2->c70aeaaf-c9e5-48cb-bf54-679217b9dc75#28-t1, previous=(t:1, i:10), leaderCommit=10, initializing? false, entries: <empty>
2019-10-21 08:54:43,366 [EventQueue-ContainerReportForContainerReportHandler] WARN  container.ContainerReportHandler (AbstractContainerReportHandler.java:updateContainerState(145)) - Container #1 is in OPEN state, but the datanode 5edaa15a-462c-4223-9b9f-86f5b13029f2{ip: 192.168.69.94, host: pr-hdds-1868-bv6q8-2720828103, networkLocation: /default-rack, certSerialId: null} reports an CLOSED replica.
2019-10-21 08:54:43,485 [EventQueue-ContainerReportForContainerReportHandler] WARN  container.ContainerReportHandler (AbstractContainerReportHandler.java:updateContainerState(145)) - Container #1 is in OPEN state, but the datanode fe29a221-84a6-4e60-b8fd-e87bf4d69f29{ip: 192.168.69.94, host: pr-hdds-1868-bv6q8-2720828103, networkLocation: /default-rack, certSerialId: null} reports an CLOSED replica.
2019-10-21 08:54:43,667 [EventQueue-ContainerReportForContainerReportHandler] WARN  container.ContainerReportHandler (AbstractContainerReportHandler.java:updateContainerState(145)) - Container #1 is in OPEN state, but the datanode 5edaa15a-462c-4223-9b9f-86f5b13029f2{ip: 192.168.69.94, host: pr-hdds-1868-bv6q8-2720828103, networkLocation: /default-rack, certSerialId: null} reports an CLOSED replica.
2019-10-21 08:54:43,785 [EventQueue-ContainerReportForContainerReportHandler] WARN  container.ContainerReportHandler (AbstractContainerReportHandler.java:updateContainerState(145)) - Container #1 is in OPEN state, but the datanode fe29a221-84a6-4e60-b8fd-e87bf4d69f29{ip: 192.168.69.94, host: pr-hdds-1868-bv6q8-2720828103, networkLocation: /default-rack, certSerialId: null} reports an CLOSED replica.
2019-10-21 08:54:43,866 [EventQueue-ContainerReportForContainerReportHandler] WARN  container.ContainerReportHandler (AbstractContainerReportHandler.java:updateContainerState(145)) - Container #1 is in OPEN state, but the datanode 5edaa15a-462c-4223-9b9f-86f5b13029f2{ip: 192.168.69.94, host: pr-hdds-1868-bv6q8-2720828103, networkLocation: /default-rack, certSerialId: null} reports an CLOSED replica.
2019-10-21 08:54:44,123 [BlockDeletingService#2] WARN  background.BlockDeletingService (BlockDeletingService.java:isDeletionAllowed(187)) - Close Container log Index 6 is not replicated across allthe servers in the pipeline c3f294cd-78fe-4723-8c0d-a8897c702509 as the min replicated index is 4. Deletion is not allowed in this container yet.
2019-10-21 08:54:44,123 [BlockDeletingService#2] WARN  background.BlockDeletingService (BlockDeletingService.java:isDeletionAllowed(187)) - Close Container log Index 6 is not replicated across allthe servers in the pipeline c3f294cd-78fe-4723-8c0d-a8897c702509 as the min replicated index is 4. Deletion is not allowed in this container yet.
2019-10-21 08:54:44,167 [EventQueue-ContainerReportForContainerReportHandler] WARN  container.ContainerReportHandler (AbstractContainerReportHandler.java:updateContainerState(145)) - Container #1 is in OPEN state, but the datanode 5edaa15a-462c-4223-9b9f-86f5b13029f2{ip: 192.168.69.94, host: pr-hdds-1868-bv6q8-2720828103, networkLocation: /default-rack, certSerialId: null} reports an CLOSED replica.
2019-10-21 08:54:44,185 [EventQueue-ContainerReportForContainerReportHandler] WARN  container.ContainerReportHandler (AbstractContainerReportHandler.java:updateContainerState(145)) - Container #1 is in OPEN state, but the datanode fe29a221-84a6-4e60-b8fd-e87bf4d69f29{ip: 192.168.69.94, host: pr-hdds-1868-bv6q8-2720828103, networkLocation: /default-rack, certSerialId: null} reports an CLOSED replica.
2019-10-21 08:54:44,467 [EventQueue-ContainerReportForContainerReportHandler] WARN  container.ContainerReportHandler (AbstractContainerReportHandler.java:updateContainerState(145)) - Container #1 is in OPEN state, but the datanode 5edaa15a-462c-4223-9b9f-86f5b13029f2{ip: 192.168.69.94, host: pr-hdds-1868-bv6q8-2720828103, networkLocation: /default-rack, certSerialId: null} reports an CLOSED replica.
2019-10-21 08:54:44,485 [EventQueue-ContainerReportForContainerReportHandler] WARN  container.ContainerReportHandler (AbstractContainerReportHandler.java:updateContainerState(145)) - Container #1 is in OPEN state, but the datanode fe29a221-84a6-4e60-b8fd-e87bf4d69f29{ip: 192.168.69.94, host: pr-hdds-1868-bv6q8-2720828103, networkLocation: /default-rack, certSerialId: null} reports an CLOSED replica.
2019-10-21 08:54:44,674 [EventQueue-ContainerReportForContainerReportHandler] WARN  container.ContainerReportHandler (AbstractContainerReportHandler.java:updateContainerState(145)) - Container #1 is in OPEN state, but the datanode 5edaa15a-462c-4223-9b9f-86f5b13029f2{ip: 192.168.69.94, host: pr-hdds-1868-bv6q8-2720828103, networkLocation: /default-rack, certSerialId: null} reports an CLOSED replica.
2019-10-21 08:54:44,886 [EventQueue-ContainerReportForContainerReportHandler] WARN  container.ContainerReportHandler (AbstractContainerReportHandler.java:updateContainerState(145)) - Container #1 is in OPEN state, but the datanode fe29a221-84a6-4e60-b8fd-e87bf4d69f29{ip: 192.168.69.94, host: pr-hdds-1868-bv6q8-2720828103, networkLocation: /default-rack, certSerialId: null} reports an CLOSED replica.
2019-10-21 08:54:44,968 [EventQueue-ContainerReportForContainerReportHandler] WARN  container.ContainerReportHandler (AbstractContainerReportHandler.java:updateContainerState(145)) - Container #1 is in OPEN state, but the datanode 5edaa15a-462c-4223-9b9f-86f5b13029f2{ip: 192.168.69.94, host: pr-hdds-1868-bv6q8-2720828103, networkLocation: /default-rack, certSerialId: null} reports an CLOSED replica.
2019-10-21 08:54:45,127 [BlockDeletingService#2] WARN  background.BlockDeletingService (BlockDeletingService.java:isDeletionAllowed(187)) - Close Container log Index 6 is not replicated across allthe servers in the pipeline c3f294cd-78fe-4723-8c0d-a8897c702509 as the min replicated index is 4. Deletion is not allowed in this container yet.
2019-10-21 08:54:45,127 [BlockDeletingService#2] WARN  background.BlockDeletingService (BlockDeletingService.java:isDeletionAllowed(187)) - Close Container log Index 6 is not replicated across allthe servers in the pipeline c3f294cd-78fe-4723-8c0d-a8897c702509 as the min replicated index is 4. Deletion is not allowed in this container yet.
2019-10-21 08:54:45,168 [EventQueue-ContainerReportForContainerReportHandler] WARN  container.ContainerReportHandler (AbstractContainerReportHandler.java:updateContainerState(145)) - Container #1 is in OPEN state, but the datanode 5edaa15a-462c-4223-9b9f-86f5b13029f2{ip: 192.168.69.94, host: pr-hdds-1868-bv6q8-2720828103, networkLocation: /default-rack, certSerialId: null} reports an CLOSED replica.
2019-10-21 08:54:45,186 [EventQueue-ContainerReportForContainerReportHandler] WARN  container.ContainerReportHandler (AbstractContainerReportHandler.java:updateContainerState(145)) - Container #1 is in OPEN state, but the datanode fe29a221-84a6-4e60-b8fd-e87bf4d69f29{ip: 192.168.69.94, host: pr-hdds-1868-bv6q8-2720828103, networkLocation: /default-rack, certSerialId: null} reports an CLOSED replica.
2019-10-21 08:54:45,487 [EventQueue-ContainerReportForContainerReportHandler] WARN  container.ContainerReportHandler (AbstractContainerReportHandler.java:updateContainerState(145)) - Container #1 is in OPEN state, but the datanode fe29a221-84a6-4e60-b8fd-e87bf4d69f29{ip: 192.168.69.94, host: pr-hdds-1868-bv6q8-2720828103, networkLocation: /default-rack, certSerialId: null} reports an CLOSED replica.
2019-10-21 08:54:45,569 [EventQueue-ContainerReportForContainerReportHandler] WARN  container.ContainerReportHandler (AbstractContainerReportHandler.java:updateContainerState(145)) - Container #1 is in OPEN state, but the datanode 5edaa15a-462c-4223-9b9f-86f5b13029f2{ip: 192.168.69.94, host: pr-hdds-1868-bv6q8-2720828103, networkLocation: /default-rack, certSerialId: null} reports an CLOSED replica.
2019-10-21 08:54:45,769 [EventQueue-ContainerReportForContainerReportHandler] WARN  container.ContainerReportHandler (AbstractContainerReportHandler.java:updateContainerState(145)) - Container #1 is in OPEN state, but the datanode 5edaa15a-462c-4223-9b9f-86f5b13029f2{ip: 192.168.69.94, host: pr-hdds-1868-bv6q8-2720828103, networkLocation: /default-rack, certSerialId: null} reports an CLOSED replica.
2019-10-21 08:54:45,788 [EventQueue-ContainerReportForContainerReportHandler] WARN  container.ContainerReportHandler (AbstractContainerReportHandler.java:updateContainerState(145)) - Container #1 is in OPEN state, but the datanode fe29a221-84a6-4e60-b8fd-e87bf4d69f29{ip: 192.168.69.94, host: pr-hdds-1868-bv6q8-2720828103, networkLocation: /default-rack, certSerialId: null} reports an CLOSED replica.
2019-10-21 08:54:45,812 [java.util.concurrent.ThreadPoolExecutor$Worker@294731c0[State = -1, empty queue]] WARN  server.GrpcLogAppender (GrpcLogAppender.java:timeoutAppendRequest(209)) - 5edaa15a-462c-4223-9b9f-86f5b13029f2@group-A8897C702509->c70aeaaf-c9e5-48cb-bf54-679217b9dc75-GrpcLogAppender: appendEntries Timeout, request=5edaa15a-462c-4223-9b9f-86f5b13029f2->c70aeaaf-c9e5-48cb-bf54-679217b9dc75#29-t1, previous=(t:1, i:10), leaderCommit=10, initializing? false, entries: <empty>
2019-10-21 08:54:46,070 [EventQueue-ContainerReportForContainerReportHandler] WARN  container.ContainerReportHandler (AbstractContainerReportHandler.java:updateContainerState(145)) - Container #1 is in OPEN state, but the datanode 5edaa15a-462c-4223-9b9f-86f5b13029f2{ip: 192.168.69.94, host: pr-hdds-1868-bv6q8-2720828103, networkLocation: /default-rack, certSerialId: null} reports an CLOSED replica.
2019-10-21 08:54:46,089 [EventQueue-ContainerReportForContainerReportHandler] WARN  container.ContainerReportHandler (AbstractContainerReportHandler.java:updateContainerState(145)) - Container #1 is in OPEN state, but the datanode fe29a221-84a6-4e60-b8fd-e87bf4d69f29{ip: 192.168.69.94, host: pr-hdds-1868-bv6q8-2720828103, networkLocation: /default-rack, certSerialId: null} reports an CLOSED replica.
2019-10-21 08:54:46,130 [BlockDeletingService#2] WARN  background.BlockDeletingService (BlockDeletingService.java:isDeletionAllowed(187)) - Close Container log Index 6 is not replicated across allthe servers in the pipeline c3f294cd-78fe-4723-8c0d-a8897c702509 as the min replicated index is 4. Deletion is not allowed in this container yet.
2019-10-21 08:54:46,130 [BlockDeletingService#2] WARN  background.BlockDeletingService (BlockDeletingService.java:isDeletionAllowed(187)) - Close Container log Index 6 is not replicated across allthe servers in the pipeline c3f294cd-78fe-4723-8c0d-a8897c702509 as the min replicated index is 4. Deletion is not allowed in this container yet.
2019-10-21 08:54:46,370 [EventQueue-ContainerReportForContainerReportHandler] WARN  container.ContainerReportHandler (AbstractContainerReportHandler.java:updateContainerState(145)) - Container #1 is in OPEN state, but the datanode 5edaa15a-462c-4223-9b9f-86f5b13029f2{ip: 192.168.69.94, host: pr-hdds-1868-bv6q8-2720828103, networkLocation: /default-rack, certSerialId: null} reports an CLOSED replica.
2019-10-21 08:54:46,389 [EventQueue-ContainerReportForContainerReportHandler] WARN  container.ContainerReportHandler (AbstractContainerReportHandler.java:updateContainerState(145)) - Container #1 is in OPEN state, but the datanode fe29a221-84a6-4e60-b8fd-e87bf4d69f29{ip: 192.168.69.94, host: pr-hdds-1868-bv6q8-2720828103, networkLocation: /default-rack, certSerialId: null} reports an CLOSED replica.
2019-10-21 08:54:46,570 [EventQueue-ContainerReportForContainerReportHandler] WARN  container.ContainerReportHandler (AbstractContainerReportHandler.java:updateContainerState(145)) - Container #1 is in OPEN state, but the datanode 5edaa15a-462c-4223-9b9f-86f5b13029f2{ip: 192.168.69.94, host: pr-hdds-1868-bv6q8-2720828103, networkLocation: /default-rack, certSerialId: null} reports an CLOSED replica.
2019-10-21 08:54:46,690 [EventQueue-ContainerReportForContainerReportHandler] WARN  container.ContainerReportHandler (AbstractContainerReportHandler.java:updateContainerState(145)) - Container #1 is in OPEN state, but the datanode fe29a221-84a6-4e60-b8fd-e87bf4d69f29{ip: 192.168.69.94, host: pr-hdds-1868-bv6q8-2720828103, networkLocation: /default-rack, certSerialId: null} reports an CLOSED replica.
2019-10-21 08:54:46,970 [EventQueue-ContainerReportForContainerReportHandler] WARN  container.ContainerReportHandler (AbstractContainerReportHandler.java:updateContainerState(145)) - Container #1 is in OPEN state, but the datanode 5edaa15a-462c-4223-9b9f-86f5b13029f2{ip: 192.168.69.94, host: pr-hdds-1868-bv6q8-2720828103, networkLocation: /default-rack, certSerialId: null} reports an CLOSED replica.
2019-10-21 08:54:46,993 [EventQueue-ContainerReportForContainerReportHandler] WARN  container.ContainerReportHandler (AbstractContainerReportHandler.java:updateContainerState(145)) - Container #1 is in OPEN state, but the datanode fe29a221-84a6-4e60-b8fd-e87bf4d69f29{ip: 192.168.69.94, host: pr-hdds-1868-bv6q8-2720828103, networkLocation: /default-rack, certSerialId: null} reports an CLOSED replica.
2019-10-21 08:54:47,133 [BlockDeletingService#2] WARN  background.BlockDeletingService (BlockDeletingService.java:isDeletionAllowed(187)) - Close Container log Index 6 is not replicated across allthe servers in the pipeline c3f294cd-78fe-4723-8c0d-a8897c702509 as the min replicated index is 4. Deletion is not allowed in this container yet.
2019-10-21 08:54:47,133 [BlockDeletingService#2] WARN  background.BlockDeletingService (BlockDeletingService.java:isDeletionAllowed(187)) - Close Container log Index 6 is not replicated across allthe servers in the pipeline c3f294cd-78fe-4723-8c0d-a8897c702509 as the min replicated index is 4. Deletion is not allowed in this container yet.
2019-10-21 08:54:47,190 [EventQueue-ContainerReportForContainerReportHandler] WARN  container.ContainerReportHandler (AbstractContainerReportHandler.java:updateContainerState(145)) - Container #1 is in OPEN state, but the datanode fe29a221-84a6-4e60-b8fd-e87bf4d69f29{ip: 192.168.69.94, host: pr-hdds-1868-bv6q8-2720828103, networkLocation: /default-rack, certSerialId: null} reports an CLOSED replica.
2019-10-21 08:54:47,270 [EventQueue-ContainerReportForContainerReportHandler] WARN  container.ContainerReportHandler (AbstractContainerReportHandler.java:updateContainerState(145)) - Container #1 is in OPEN state, but the datanode 5edaa15a-462c-4223-9b9f-86f5b13029f2{ip: 192.168.69.94, host: pr-hdds-1868-bv6q8-2720828103, networkLocation: /default-rack, certSerialId: null} reports an CLOSED replica.
2019-10-21 08:54:47,491 [EventQueue-ContainerReportForContainerReportHandler] WARN  container.ContainerReportHandler (AbstractContainerReportHandler.java:updateContainerState(145)) - Container #1 is in OPEN state, but the datanode fe29a221-84a6-4e60-b8fd-e87bf4d69f29{ip: 192.168.69.94, host: pr-hdds-1868-bv6q8-2720828103, networkLocation: /default-rack, certSerialId: null} reports an CLOSED replica.
2019-10-21 08:54:47,671 [EventQueue-ContainerReportForContainerReportHandler] WARN  container.ContainerReportHandler (AbstractContainerReportHandler.java:updateContainerState(145)) - Container #1 is in OPEN state, but the datanode 5edaa15a-462c-4223-9b9f-86f5b13029f2{ip: 192.168.69.94, host: pr-hdds-1868-bv6q8-2720828103, networkLocation: /default-rack, certSerialId: null} reports an CLOSED replica.
2019-10-21 08:54:47,791 [EventQueue-ContainerReportForContainerReportHandler] WARN  container.ContainerReportHandler (AbstractContainerReportHandler.java:updateContainerState(145)) - Container #1 is in OPEN state, but the datanode fe29a221-84a6-4e60-b8fd-e87bf4d69f29{ip: 192.168.69.94, host: pr-hdds-1868-bv6q8-2720828103, networkLocation: /default-rack, certSerialId: null} reports an CLOSED replica.
2019-10-21 08:54:47,972 [EventQueue-ContainerReportForContainerReportHandler] WARN  container.ContainerReportHandler (AbstractContainerReportHandler.java:updateContainerState(145)) - Container #1 is in OPEN state, but the datanode 5edaa15a-462c-4223-9b9f-86f5b13029f2{ip: 192.168.69.94, host: pr-hdds-1868-bv6q8-2720828103, networkLocation: /default-rack, certSerialId: null} reports an CLOSED replica.
2019-10-21 08:54:48,091 [EventQueue-ContainerReportForContainerReportHandler] WARN  container.ContainerReportHandler (AbstractContainerReportHandler.java:updateContainerState(145)) - Container #1 is in OPEN state, but the datanode fe29a221-84a6-4e60-b8fd-e87bf4d69f29{ip: 192.168.69.94, host: pr-hdds-1868-bv6q8-2720828103, networkLocation: /default-rack, certSerialId: null} reports an CLOSED replica.
2019-10-21 08:54:48,135 [BlockDeletingService#2] WARN  background.BlockDeletingService (BlockDeletingService.java:isDeletionAllowed(187)) - Close Container log Index 6 is not replicated across allthe servers in the pipeline c3f294cd-78fe-4723-8c0d-a8897c702509 as the min replicated index is 4. Deletion is not allowed in this container yet.
2019-10-21 08:54:48,135 [BlockDeletingService#2] WARN  background.BlockDeletingService (BlockDeletingService.java:isDeletionAllowed(187)) - Close Container log Index 6 is not replicated across allthe servers in the pipeline c3f294cd-78fe-4723-8c0d-a8897c702509 as the min replicated index is 4. Deletion is not allowed in this container yet.
2019-10-21 08:54:48,292 [EventQueue-ContainerReportForContainerReportHandler] WARN  container.ContainerReportHandler (AbstractContainerReportHandler.java:updateContainerState(145)) - Container #1 is in OPEN state, but the datanode fe29a221-84a6-4e60-b8fd-e87bf4d69f29{ip: 192.168.69.94, host: pr-hdds-1868-bv6q8-2720828103, networkLocation: /default-rack, certSerialId: null} reports an CLOSED replica.
2019-10-21 08:54:48,314 [java.util.concurrent.ThreadPoolExecutor$Worker@294731c0[State = -1, empty queue]] WARN  server.GrpcLogAppender (GrpcLogAppender.java:timeoutAppendRequest(209)) - 5edaa15a-462c-4223-9b9f-86f5b13029f2@group-A8897C702509->c70aeaaf-c9e5-48cb-bf54-679217b9dc75-GrpcLogAppender: appendEntries Timeout, request=5edaa15a-462c-4223-9b9f-86f5b13029f2->c70aeaaf-c9e5-48cb-bf54-679217b9dc75#30-t1, previous=(t:1, i:10), leaderCommit=10, initializing? false, entries: <empty>
2019-10-21 08:54:48,372 [EventQueue-ContainerReportForContainerReportHandler] WARN  container.ContainerReportHandler (AbstractContainerReportHandler.java:updateContainerState(145)) - Container #1 is in OPEN state, but the datanode 5edaa15a-462c-4223-9b9f-86f5b13029f2{ip: 192.168.69.94, host: pr-hdds-1868-bv6q8-2720828103, networkLocation: /default-rack, certSerialId: null} reports an CLOSED replica.
2019-10-21 08:54:48,491 [EventQueue-ContainerReportForContainerReportHandler] WARN  container.ContainerReportHandler (AbstractContainerReportHandler.java:updateContainerState(145)) - Container #1 is in OPEN state, but the datanode fe29a221-84a6-4e60-b8fd-e87bf4d69f29{ip: 192.168.69.94, host: pr-hdds-1868-bv6q8-2720828103, networkLocation: /default-rack, certSerialId: null} reports an CLOSED replica.
2019-10-21 08:54:48,573 [EventQueue-ContainerReportForContainerReportHandler] WARN  container.ContainerReportHandler (AbstractContainerReportHandler.java:updateContainerState(145)) - Container #1 is in OPEN state, but the datanode 5edaa15a-462c-4223-9b9f-86f5b13029f2{ip: 192.168.69.94, host: pr-hdds-1868-bv6q8-2720828103, networkLocation: /default-rack, certSerialId: null} reports an CLOSED replica.
2019-10-21 08:54:48,873 [EventQueue-ContainerReportForContainerReportHandler] WARN  container.ContainerReportHandler (AbstractContainerReportHandler.java:updateContainerState(145)) - Container #1 is in OPEN state, but the datanode 5edaa15a-462c-4223-9b9f-86f5b13029f2{ip: 192.168.69.94, host: pr-hdds-1868-bv6q8-2720828103, networkLocation: /default-rack, certSerialId: null} reports an CLOSED replica.
2019-10-21 08:54:48,873 [Thread-395] INFO  client.GrpcClientProtocolService (GrpcClientProtocolService.java:lambda$processClientRequest$0(279)) - Failed RaftClientRequest:client-A2E42EE46BE4->fe29a221-84a6-4e60-b8fd-e87bf4d69f29@group-A8897C702509, cid=22, seq=0, Watch-ALL_COMMITTED(6), Message:<EMPTY>, reply=RaftClientReply:client-A2E42EE46BE4->fe29a221-84a6-4e60-b8fd-e87bf4d69f29@group-A8897C702509, cid=22, FAILED org.apache.ratis.protocol.NotLeaderException: Server fe29a221-84a6-4e60-b8fd-e87bf4d69f29@group-A8897C702509 is not the leader 5edaa15a-462c-4223-9b9f-86f5b13029f2:192.168.69.94:40883, logIndex=0, commits[fe29a221-84a6-4e60-b8fd-e87bf4d69f29:c10, c70aeaaf-c9e5-48cb-bf54-679217b9dc75:c4, 5edaa15a-462c-4223-9b9f-86f5b13029f2:c10]
2019-10-21 08:54:48,887 [Thread-397] INFO  client.GrpcClientProtocolService (GrpcClientProtocolService.java:lambda$processClientRequest$0(279)) - Failed RaftClientRequest:client-A2E42EE46BE4->5edaa15a-462c-4223-9b9f-86f5b13029f2@group-A8897C702509, cid=22, seq=0, Watch-ALL_COMMITTED(6), Message:<EMPTY>, reply=RaftClientReply:client-A2E42EE46BE4->5edaa15a-462c-4223-9b9f-86f5b13029f2@group-A8897C702509, cid=22, FAILED org.apache.ratis.protocol.NotReplicatedException: Request with call Id 22 and log index 6 is not yet replicated to ALL_COMMITTED, logIndex=6, commits[5edaa15a-462c-4223-9b9f-86f5b13029f2:c10, c70aeaaf-c9e5-48cb-bf54-679217b9dc75:c4, fe29a221-84a6-4e60-b8fd-e87bf4d69f29:c10]
2019-10-21 08:54:48,891 [EventQueue-ContainerReportForContainerReportHandler] WARN  container.ContainerReportHandler (AbstractContainerReportHandler.java:updateContainerState(145)) - Container #1 is in OPEN state, but the datanode fe29a221-84a6-4e60-b8fd-e87bf4d69f29{ip: 192.168.69.94, host: pr-hdds-1868-bv6q8-2720828103, networkLocation: /default-rack, certSerialId: null} reports an CLOSED replica.
2019-10-21 08:54:49,074 [EventQueue-ContainerReportForContainerReportHandler] WARN  container.ContainerReportHandler (AbstractContainerReportHandler.java:updateContainerState(145)) - Container #1 is in OPEN state, but the datanode 5edaa15a-462c-4223-9b9f-86f5b13029f2{ip: 192.168.69.94, host: pr-hdds-1868-bv6q8-2720828103, networkLocation: /default-rack, certSerialId: null} reports an CLOSED replica.
2019-10-21 08:54:49,138 [BlockDeletingService#2] WARN  background.BlockDeletingService (BlockDeletingService.java:isDeletionAllowed(187)) - Close Container log Index 6 is not replicated across allthe servers in the pipeline c3f294cd-78fe-4723-8c0d-a8897c702509 as the min replicated index is 4. Deletion is not allowed in this container yet.
2019-10-21 08:54:49,138 [BlockDeletingService#2] WARN  background.BlockDeletingService (BlockDeletingService.java:isDeletionAllowed(187)) - Close Container log Index 6 is not replicated across allthe servers in the pipeline c3f294cd-78fe-4723-8c0d-a8897c702509 as the min replicated index is 4. Deletion is not allowed in this container yet.
2019-10-21 08:54:49,191 [EventQueue-ContainerReportForContainerReportHandler] WARN  container.ContainerReportHandler (AbstractContainerReportHandler.java:updateContainerState(145)) - Container #1 is in OPEN state, but the datanode fe29a221-84a6-4e60-b8fd-e87bf4d69f29{ip: 192.168.69.94, host: pr-hdds-1868-bv6q8-2720828103, networkLocation: /default-rack, certSerialId: null} reports an CLOSED replica.
2019-10-21 08:54:49,374 [EventQueue-ContainerReportForContainerReportHandler] WARN  container.ContainerReportHandler (AbstractContainerReportHandler.java:updateContainerState(145)) - Container #1 is in OPEN state, but the datanode 5edaa15a-462c-4223-9b9f-86f5b13029f2{ip: 192.168.69.94, host: pr-hdds-1868-bv6q8-2720828103, networkLocation: /default-rack, certSerialId: null} reports an CLOSED replica.
2019-10-21 08:54:49,493 [EventQueue-ContainerReportForContainerReportHandler] WARN  container.ContainerReportHandler (AbstractContainerReportHandler.java:updateContainerState(145)) - Container #1 is in OPEN state, but the datanode fe29a221-84a6-4e60-b8fd-e87bf4d69f29{ip: 192.168.69.94, host: pr-hdds-1868-bv6q8-2720828103, networkLocation: /default-rack, certSerialId: null} reports an CLOSED replica.
2019-10-21 08:54:49,674 [EventQueue-ContainerReportForContainerReportHandler] WARN  container.ContainerReportHandler (AbstractContainerReportHandler.java:updateContainerState(145)) - Container #1 is in OPEN state, but the datanode 5edaa15a-462c-4223-9b9f-86f5b13029f2{ip: 192.168.69.94, host: pr-hdds-1868-bv6q8-2720828103, networkLocation: /default-rack, certSerialId: null} reports an CLOSED replica.
2019-10-21 08:54:49,892 [EventQueue-ContainerReportForContainerReportHandler] WARN  container.ContainerReportHandler (AbstractContainerReportHandler.java:updateContainerState(145)) - Container #1 is in OPEN state, but the datanode fe29a221-84a6-4e60-b8fd-e87bf4d69f29{ip: 192.168.69.94, host: pr-hdds-1868-bv6q8-2720828103, networkLocation: /default-rack, certSerialId: null} reports an CLOSED replica.
2019-10-21 08:54:50,075 [EventQueue-ContainerReportForContainerReportHandler] WARN  container.ContainerReportHandler (AbstractContainerReportHandler.java:updateContainerState(145)) - Container #1 is in OPEN state, but the datanode 5edaa15a-462c-4223-9b9f-86f5b13029f2{ip: 192.168.69.94, host: pr-hdds-1868-bv6q8-2720828103, networkLocation: /default-rack, certSerialId: null} reports an CLOSED replica.
2019-10-21 08:54:50,145 [BlockDeletingService#2] WARN  background.BlockDeletingService (BlockDeletingService.java:isDeletionAllowed(187)) - Close Container log Index 6 is not replicated across allthe servers in the pipeline c3f294cd-78fe-4723-8c0d-a8897c702509 as the min replicated index is 4. Deletion is not allowed in this container yet.
2019-10-21 08:54:50,145 [BlockDeletingService#2] WARN  background.BlockDeletingService (BlockDeletingService.java:isDeletionAllowed(187)) - Close Container log Index 6 is not replicated across allthe servers in the pipeline c3f294cd-78fe-4723-8c0d-a8897c702509 as the min replicated index is 4. Deletion is not allowed in this container yet.
2019-10-21 08:54:50,193 [EventQueue-ContainerReportForContainerReportHandler] WARN  container.ContainerReportHandler (AbstractContainerReportHandler.java:updateContainerState(145)) - Container #1 is in OPEN state, but the datanode fe29a221-84a6-4e60-b8fd-e87bf4d69f29{ip: 192.168.69.94, host: pr-hdds-1868-bv6q8-2720828103, networkLocation: /default-rack, certSerialId: null} reports an CLOSED replica.
2019-10-21 08:54:50,275 [EventQueue-ContainerReportForContainerReportHandler] WARN  container.ContainerReportHandler (AbstractContainerReportHandler.java:updateContainerState(145)) - Container #1 is in OPEN state, but the datanode 5edaa15a-462c-4223-9b9f-86f5b13029f2{ip: 192.168.69.94, host: pr-hdds-1868-bv6q8-2720828103, networkLocation: /default-rack, certSerialId: null} reports an CLOSED replica.
2019-10-21 08:54:50,394 [EventQueue-ContainerReportForContainerReportHandler] WARN  container.ContainerReportHandler (AbstractContainerReportHandler.java:updateContainerState(145)) - Container #1 is in OPEN state, but the datanode fe29a221-84a6-4e60-b8fd-e87bf4d69f29{ip: 192.168.69.94, host: pr-hdds-1868-bv6q8-2720828103, networkLocation: /default-rack, certSerialId: null} reports an CLOSED replica.
2019-10-21 08:54:50,675 [EventQueue-ContainerReportForContainerReportHandler] WARN  container.ContainerReportHandler (AbstractContainerReportHandler.java:updateContainerState(145)) - Container #1 is in OPEN state, but the datanode 5edaa15a-462c-4223-9b9f-86f5b13029f2{ip: 192.168.69.94, host: pr-hdds-1868-bv6q8-2720828103, networkLocation: /default-rack, certSerialId: null} reports an CLOSED replica.
2019-10-21 08:54:50,694 [EventQueue-ContainerReportForContainerReportHandler] WARN  container.ContainerReportHandler (AbstractContainerReportHandler.java:updateContainerState(145)) - Container #1 is in OPEN state, but the datanode fe29a221-84a6-4e60-b8fd-e87bf4d69f29{ip: 192.168.69.94, host: pr-hdds-1868-bv6q8-2720828103, networkLocation: /default-rack, certSerialId: null} reports an CLOSED replica.
2019-10-21 08:54:50,816 [java.util.concurrent.ThreadPoolExecutor$Worker@294731c0[State = -1, empty queue]] WARN  server.GrpcLogAppender (GrpcLogAppender.java:timeoutAppendRequest(209)) - 5edaa15a-462c-4223-9b9f-86f5b13029f2@group-A8897C702509->c70aeaaf-c9e5-48cb-bf54-679217b9dc75-GrpcLogAppender: appendEntries Timeout, request=5edaa15a-462c-4223-9b9f-86f5b13029f2->c70aeaaf-c9e5-48cb-bf54-679217b9dc75#31-t1, previous=(t:1, i:10), leaderCommit=10, initializing? false, entries: <empty>
2019-10-21 08:54:50,995 [EventQueue-ContainerReportForContainerReportHandler] WARN  container.ContainerReportHandler (AbstractContainerReportHandler.java:updateContainerState(145)) - Container #1 is in OPEN state, but the datanode fe29a221-84a6-4e60-b8fd-e87bf4d69f29{ip: 192.168.69.94, host: pr-hdds-1868-bv6q8-2720828103, networkLocation: /default-rack, certSerialId: null} reports an CLOSED replica.
2019-10-21 08:54:51,075 [EventQueue-ContainerReportForContainerReportHandler] WARN  container.ContainerReportHandler (AbstractContainerReportHandler.java:updateContainerState(145)) - Container #1 is in OPEN state, but the datanode 5edaa15a-462c-4223-9b9f-86f5b13029f2{ip: 192.168.69.94, host: pr-hdds-1868-bv6q8-2720828103, networkLocation: /default-rack, certSerialId: null} reports an CLOSED replica.
2019-10-21 08:54:51,147 [BlockDeletingService#2] WARN  background.BlockDeletingService (BlockDeletingService.java:isDeletionAllowed(187)) - Close Container log Index 6 is not replicated across allthe servers in the pipeline c3f294cd-78fe-4723-8c0d-a8897c702509 as the min replicated index is 4. Deletion is not allowed in this container yet.
2019-10-21 08:54:51,147 [BlockDeletingService#2] WARN  background.BlockDeletingService (BlockDeletingService.java:isDeletionAllowed(187)) - Close Container log Index 6 is not replicated across allthe servers in the pipeline c3f294cd-78fe-4723-8c0d-a8897c702509 as the min replicated index is 4. Deletion is not allowed in this container yet.
2019-10-21 08:54:51,197 [EventQueue-ContainerReportForContainerReportHandler] WARN  container.ContainerReportHandler (AbstractContainerReportHandler.java:updateContainerState(145)) - Container #1 is in OPEN state, but the datanode fe29a221-84a6-4e60-b8fd-e87bf4d69f29{ip: 192.168.69.94, host: pr-hdds-1868-bv6q8-2720828103, networkLocation: /default-rack, certSerialId: null} reports an CLOSED replica.
2019-10-21 08:54:51,276 [EventQueue-ContainerReportForContainerReportHandler] WARN  container.ContainerReportHandler (AbstractContainerReportHandler.java:updateContainerState(145)) - Container #1 is in OPEN state, but the datanode 5edaa15a-462c-4223-9b9f-86f5b13029f2{ip: 192.168.69.94, host: pr-hdds-1868-bv6q8-2720828103, networkLocation: /default-rack, certSerialId: null} reports an CLOSED replica.
2019-10-21 08:54:51,497 [EventQueue-ContainerReportForContainerReportHandler] WARN  container.ContainerReportHandler (AbstractContainerReportHandler.java:updateContainerState(145)) - Container #1 is in OPEN state, but the datanode fe29a221-84a6-4e60-b8fd-e87bf4d69f29{ip: 192.168.69.94, host: pr-hdds-1868-bv6q8-2720828103, networkLocation: /default-rack, certSerialId: null} reports an CLOSED replica.
2019-10-21 08:54:51,577 [EventQueue-ContainerReportForContainerReportHandler] WARN  container.ContainerReportHandler (AbstractContainerReportHandler.java:updateContainerState(145)) - Container #1 is in OPEN state, but the datanode 5edaa15a-462c-4223-9b9f-86f5b13029f2{ip: 192.168.69.94, host: pr-hdds-1868-bv6q8-2720828103, networkLocation: /default-rack, certSerialId: null} reports an CLOSED replica.
2019-10-21 08:54:51,878 [EventQueue-ContainerReportForContainerReportHandler] WARN  container.ContainerReportHandler (AbstractContainerReportHandler.java:updateContainerState(145)) - Container #1 is in OPEN state, but the datanode 5edaa15a-462c-4223-9b9f-86f5b13029f2{ip: 192.168.69.94, host: pr-hdds-1868-bv6q8-2720828103, networkLocation: /default-rack, certSerialId: null} reports an CLOSED replica.
2019-10-21 08:54:51,896 [EventQueue-ContainerReportForContainerReportHandler] WARN  container.ContainerReportHandler (AbstractContainerReportHandler.java:updateContainerState(145)) - Container #1 is in OPEN state, but the datanode fe29a221-84a6-4e60-b8fd-e87bf4d69f29{ip: 192.168.69.94, host: pr-hdds-1868-bv6q8-2720828103, networkLocation: /default-rack, certSerialId: null} reports an CLOSED replica.
2019-10-21 08:54:52,149 [BlockDeletingService#2] WARN  background.BlockDeletingService (BlockDeletingService.java:isDeletionAllowed(187)) - Close Container log Index 6 is not replicated across allthe servers in the pipeline c3f294cd-78fe-4723-8c0d-a8897c702509 as the min replicated index is 4. Deletion is not allowed in this container yet.
2019-10-21 08:54:52,149 [BlockDeletingService#2] WARN  background.BlockDeletingService (BlockDeletingService.java:isDeletionAllowed(187)) - Close Container log Index 6 is not replicated across allthe servers in the pipeline c3f294cd-78fe-4723-8c0d-a8897c702509 as the min replicated index is 4. Deletion is not allowed in this container yet.
2019-10-21 08:54:52,177 [EventQueue-ContainerReportForContainerReportHandler] WARN  container.ContainerReportHandler (AbstractContainerReportHandler.java:updateContainerState(145)) - Container #1 is in OPEN state, but the datanode 5edaa15a-462c-4223-9b9f-86f5b13029f2{ip: 192.168.69.94, host: pr-hdds-1868-bv6q8-2720828103, networkLocation: /default-rack, certSerialId: null} reports an CLOSED replica.
2019-10-21 08:54:52,196 [EventQueue-ContainerReportForContainerReportHandler] WARN  container.ContainerReportHandler (AbstractContainerReportHandler.java:updateContainerState(145)) - Container #1 is in OPEN state, but the datanode fe29a221-84a6-4e60-b8fd-e87bf4d69f29{ip: 192.168.69.94, host: pr-hdds-1868-bv6q8-2720828103, networkLocation: /default-rack, certSerialId: null} reports an CLOSED replica.
2019-10-21 08:54:52,477 [EventQueue-ContainerReportForContainerReportHandler] WARN  container.ContainerReportHandler (AbstractContainerReportHandler.java:updateContainerState(145)) - Container #1 is in OPEN state, but the datanode 5edaa15a-462c-4223-9b9f-86f5b13029f2{ip: 192.168.69.94, host: pr-hdds-1868-bv6q8-2720828103, networkLocation: /default-rack, certSerialId: null} reports an CLOSED replica.
2019-10-21 08:54:52,497 [EventQueue-ContainerReportForContainerReportHandler] WARN  container.ContainerReportHandler (AbstractContainerReportHandler.java:updateContainerState(145)) - Container #1 is in OPEN state, but the datanode fe29a221-84a6-4e60-b8fd-e87bf4d69f29{ip: 192.168.69.94, host: pr-hdds-1868-bv6q8-2720828103, networkLocation: /default-rack, certSerialId: null} reports an CLOSED replica.
2019-10-21 08:54:52,778 [EventQueue-ContainerReportForContainerReportHandler] WARN  container.ContainerReportHandler (AbstractContainerReportHandler.java:updateContainerState(145)) - Container #1 is in OPEN state, but the datanode 5edaa15a-462c-4223-9b9f-86f5b13029f2{ip: 192.168.69.94, host: pr-hdds-1868-bv6q8-2720828103, networkLocation: /default-rack, certSerialId: null} reports an CLOSED replica.
2019-10-21 08:54:52,799 [EventQueue-ContainerReportForContainerReportHandler] WARN  container.ContainerReportHandler (AbstractContainerReportHandler.java:updateContainerState(145)) - Container #1 is in OPEN state, but the datanode fe29a221-84a6-4e60-b8fd-e87bf4d69f29{ip: 192.168.69.94, host: pr-hdds-1868-bv6q8-2720828103, networkLocation: /default-rack, certSerialId: null} reports an CLOSED replica.
2019-10-21 08:54:53,102 [EventQueue-ContainerReportForContainerReportHandler] WARN  container.ContainerReportHandler (AbstractContainerReportHandler.java:updateContainerState(145)) - Container #1 is in OPEN state, but the datanode fe29a221-84a6-4e60-b8fd-e87bf4d69f29{ip: 192.168.69.94, host: pr-hdds-1868-bv6q8-2720828103, networkLocation: /default-rack, certSerialId: null} reports an CLOSED replica.
2019-10-21 08:54:53,151 [BlockDeletingService#2] WARN  background.BlockDeletingService (BlockDeletingService.java:isDeletionAllowed(187)) - Close Container log Index 6 is not replicated across allthe servers in the pipeline c3f294cd-78fe-4723-8c0d-a8897c702509 as the min replicated index is 4. Deletion is not allowed in this container yet.
2019-10-21 08:54:53,151 [BlockDeletingService#2] WARN  background.BlockDeletingService (BlockDeletingService.java:isDeletionAllowed(187)) - Close Container log Index 6 is not replicated across allthe servers in the pipeline c3f294cd-78fe-4723-8c0d-a8897c702509 as the min replicated index is 4. Deletion is not allowed in this container yet.
2019-10-21 08:54:53,177 [EventQueue-ContainerReportForContainerReportHandler] WARN  container.ContainerReportHandler (AbstractContainerReportHandler.java:updateContainerState(145)) - Container #1 is in OPEN state, but the datanode 5edaa15a-462c-4223-9b9f-86f5b13029f2{ip: 192.168.69.94, host: pr-hdds-1868-bv6q8-2720828103, networkLocation: /default-rack, certSerialId: null} reports an CLOSED replica.
2019-10-21 08:54:53,317 [java.util.concurrent.ThreadPoolExecutor$Worker@294731c0[State = -1, empty queue]] WARN  server.GrpcLogAppender (GrpcLogAppender.java:timeoutAppendRequest(209)) - 5edaa15a-462c-4223-9b9f-86f5b13029f2@group-A8897C702509->c70aeaaf-c9e5-48cb-bf54-679217b9dc75-GrpcLogAppender: appendEntries Timeout, request=5edaa15a-462c-4223-9b9f-86f5b13029f2->c70aeaaf-c9e5-48cb-bf54-679217b9dc75#32-t1, previous=(t:1, i:10), leaderCommit=10, initializing? false, entries: <empty>
2019-10-21 08:54:53,377 [EventQueue-ContainerReportForContainerReportHandler] WARN  container.ContainerReportHandler (AbstractContainerReportHandler.java:updateContainerState(145)) - Container #1 is in OPEN state, but the datanode 5edaa15a-462c-4223-9b9f-86f5b13029f2{ip: 192.168.69.94, host: pr-hdds-1868-bv6q8-2720828103, networkLocation: /default-rack, certSerialId: null} reports an CLOSED replica.
2019-10-21 08:54:53,401 [EventQueue-ContainerReportForContainerReportHandler] WARN  container.ContainerReportHandler (AbstractContainerReportHandler.java:updateContainerState(145)) - Container #1 is in OPEN state, but the datanode fe29a221-84a6-4e60-b8fd-e87bf4d69f29{ip: 192.168.69.94, host: pr-hdds-1868-bv6q8-2720828103, networkLocation: /default-rack, certSerialId: null} reports an CLOSED replica.
2019-10-21 08:54:53,701 [EventQueue-ContainerReportForContainerReportHandler] WARN  container.ContainerReportHandler (AbstractContainerReportHandler.java:updateContainerState(145)) - Container #1 is in OPEN state, but the datanode fe29a221-84a6-4e60-b8fd-e87bf4d69f29{ip: 192.168.69.94, host: pr-hdds-1868-bv6q8-2720828103, networkLocation: /default-rack, certSerialId: null} reports an CLOSED replica.
2019-10-21 08:54:53,778 [EventQueue-ContainerReportForContainerReportHandler] WARN  container.ContainerReportHandler (AbstractContainerReportHandler.java:updateContainerState(145)) - Container #1 is in OPEN state, but the datanode 5edaa15a-462c-4223-9b9f-86f5b13029f2{ip: 192.168.69.94, host: pr-hdds-1868-bv6q8-2720828103, networkLocation: /default-rack, certSerialId: null} reports an CLOSED replica.
2019-10-21 08:54:54,001 [EventQueue-ContainerReportForContainerReportHandler] WARN  container.ContainerReportHandler (AbstractContainerReportHandler.java:updateContainerState(145)) - Container #1 is in OPEN state, but the datanode fe29a221-84a6-4e60-b8fd-e87bf4d69f29{ip: 192.168.69.94, host: pr-hdds-1868-bv6q8-2720828103, networkLocation: /default-rack, certSerialId: null} reports an CLOSED replica.
2019-10-21 08:54:54,077 [EventQueue-ContainerReportForContainerReportHandler] WARN  container.ContainerReportHandler (AbstractContainerReportHandler.java:updateContainerState(145)) - Container #1 is in OPEN state, but the datanode 5edaa15a-462c-4223-9b9f-86f5b13029f2{ip: 192.168.69.94, host: pr-hdds-1868-bv6q8-2720828103, networkLocation: /default-rack, certSerialId: null} reports an CLOSED replica.
2019-10-21 08:54:54,154 [BlockDeletingService#2] WARN  background.BlockDeletingService (BlockDeletingService.java:isDeletionAllowed(187)) - Close Container log Index 6 is not replicated across allthe servers in the pipeline c3f294cd-78fe-4723-8c0d-a8897c702509 as the min replicated index is 4. Deletion is not allowed in this container yet.
2019-10-21 08:54:54,154 [BlockDeletingService#2] WARN  background.BlockDeletingService (BlockDeletingService.java:isDeletionAllowed(187)) - Close Container log Index 6 is not replicated across allthe servers in the pipeline c3f294cd-78fe-4723-8c0d-a8897c702509 as the min replicated index is 4. Deletion is not allowed in this container yet.
2019-10-21 08:54:54,201 [EventQueue-ContainerReportForContainerReportHandler] WARN  container.ContainerReportHandler (AbstractContainerReportHandler.java:updateContainerState(145)) - Container #1 is in OPEN state, but the datanode fe29a221-84a6-4e60-b8fd-e87bf4d69f29{ip: 192.168.69.94, host: pr-hdds-1868-bv6q8-2720828103, networkLocation: /default-rack, certSerialId: null} reports an CLOSED replica.
2019-10-21 08:54:54,280 [EventQueue-ContainerReportForContainerReportHandler] WARN  container.ContainerReportHandler (AbstractContainerReportHandler.java:updateContainerState(145)) - Container #1 is in OPEN state, but the datanode 5edaa15a-462c-4223-9b9f-86f5b13029f2{ip: 192.168.69.94, host: pr-hdds-1868-bv6q8-2720828103, networkLocation: /default-rack, certSerialId: null} reports an CLOSED replica.
2019-10-21 08:54:54,477 [EventQueue-ContainerReportForContainerReportHandler] WARN  container.ContainerReportHandler (AbstractContainerReportHandler.java:updateContainerState(145)) - Container #1 is in OPEN state, but the datanode 5edaa15a-462c-4223-9b9f-86f5b13029f2{ip: 192.168.69.94, host: pr-hdds-1868-bv6q8-2720828103, networkLocation: /default-rack, certSerialId: null} reports an CLOSED replica.
2019-10-21 08:54:54,502 [EventQueue-ContainerReportForContainerReportHandler] WARN  container.ContainerReportHandler (AbstractContainerReportHandler.java:updateContainerState(145)) - Container #1 is in OPEN state, but the datanode fe29a221-84a6-4e60-b8fd-e87bf4d69f29{ip: 192.168.69.94, host: pr-hdds-1868-bv6q8-2720828103, networkLocation: /default-rack, certSerialId: null} reports an CLOSED replica.
2019-10-21 08:54:54,703 [EventQueue-ContainerReportForContainerReportHandler] WARN  container.ContainerReportHandler (AbstractContainerReportHandler.java:updateContainerState(145)) - Container #1 is in OPEN state, but the datanode fe29a221-84a6-4e60-b8fd-e87bf4d69f29{ip: 192.168.69.94, host: pr-hdds-1868-bv6q8-2720828103, networkLocation: /default-rack, certSerialId: null} reports an CLOSED replica.
2019-10-21 08:54:54,778 [EventQueue-ContainerReportForContainerReportHandler] WARN  container.ContainerReportHandler (AbstractContainerReportHandler.java:updateContainerState(145)) - Container #1 is in OPEN state, but the datanode 5edaa15a-462c-4223-9b9f-86f5b13029f2{ip: 192.168.69.94, host: pr-hdds-1868-bv6q8-2720828103, networkLocation: /default-rack, certSerialId: null} reports an CLOSED replica.
2019-10-21 08:54:55,079 [EventQueue-ContainerReportForContainerReportHandler] WARN  container.ContainerReportHandler (AbstractContainerReportHandler.java:updateContainerState(145)) - Container #1 is in OPEN state, but the datanode 5edaa15a-462c-4223-9b9f-86f5b13029f2{ip: 192.168.69.94, host: pr-hdds-1868-bv6q8-2720828103, networkLocation: /default-rack, certSerialId: null} reports an CLOSED replica.
2019-10-21 08:54:55,104 [EventQueue-ContainerReportForContainerReportHandler] WARN  container.ContainerReportHandler (AbstractContainerReportHandler.java:updateContainerState(145)) - Container #1 is in OPEN state, but the datanode fe29a221-84a6-4e60-b8fd-e87bf4d69f29{ip: 192.168.69.94, host: pr-hdds-1868-bv6q8-2720828103, networkLocation: /default-rack, certSerialId: null} reports an CLOSED replica.
2019-10-21 08:54:55,156 [BlockDeletingService#2] WARN  background.BlockDeletingService (BlockDeletingService.java:isDeletionAllowed(187)) - Close Container log Index 6 is not replicated across allthe servers in the pipeline c3f294cd-78fe-4723-8c0d-a8897c702509 as the min replicated index is 4. Deletion is not allowed in this container yet.
2019-10-21 08:54:55,156 [BlockDeletingService#2] WARN  background.BlockDeletingService (BlockDeletingService.java:isDeletionAllowed(187)) - Close Container log Index 6 is not replicated across allthe servers in the pipeline c3f294cd-78fe-4723-8c0d-a8897c702509 as the min replicated index is 4. Deletion is not allowed in this container yet.
2019-10-21 08:54:55,306 [EventQueue-ContainerReportForContainerReportHandler] WARN  container.ContainerReportHandler (AbstractContainerReportHandler.java:updateContainerState(145)) - Container #1 is in OPEN state, but the datanode fe29a221-84a6-4e60-b8fd-e87bf4d69f29{ip: 192.168.69.94, host: pr-hdds-1868-bv6q8-2720828103, networkLocation: /default-rack, certSerialId: null} reports an CLOSED replica.
2019-10-21 08:54:55,479 [EventQueue-ContainerReportForContainerReportHandler] WARN  container.ContainerReportHandler (AbstractContainerReportHandler.java:updateContainerState(145)) - Container #1 is in OPEN state, but the datanode 5edaa15a-462c-4223-9b9f-86f5b13029f2{ip: 192.168.69.94, host: pr-hdds-1868-bv6q8-2720828103, networkLocation: /default-rack, certSerialId: null} reports an CLOSED replica.
2019-10-21 08:54:55,707 [EventQueue-ContainerReportForContainerReportHandler] WARN  container.ContainerReportHandler (AbstractContainerReportHandler.java:updateContainerState(145)) - Container #1 is in OPEN state, but the datanode fe29a221-84a6-4e60-b8fd-e87bf4d69f29{ip: 192.168.69.94, host: pr-hdds-1868-bv6q8-2720828103, networkLocation: /default-rack, certSerialId: null} reports an CLOSED replica.
2019-10-21 08:54:55,779 [EventQueue-ContainerReportForContainerReportHandler] WARN  container.ContainerReportHandler (AbstractContainerReportHandler.java:updateContainerState(145)) - Container #1 is in OPEN state, but the datanode 5edaa15a-462c-4223-9b9f-86f5b13029f2{ip: 192.168.69.94, host: pr-hdds-1868-bv6q8-2720828103, networkLocation: /default-rack, certSerialId: null} reports an CLOSED replica.
2019-10-21 08:54:55,819 [java.util.concurrent.ThreadPoolExecutor$Worker@294731c0[State = -1, empty queue]] WARN  server.GrpcLogAppender (GrpcLogAppender.java:timeoutAppendRequest(209)) - 5edaa15a-462c-4223-9b9f-86f5b13029f2@group-A8897C702509->c70aeaaf-c9e5-48cb-bf54-679217b9dc75-GrpcLogAppender: appendEntries Timeout, request=5edaa15a-462c-4223-9b9f-86f5b13029f2->c70aeaaf-c9e5-48cb-bf54-679217b9dc75#33-t1, previous=(t:1, i:10), leaderCommit=10, initializing? false, entries: <empty>
2019-10-21 08:54:55,979 [EventQueue-ContainerReportForContainerReportHandler] WARN  container.ContainerReportHandler (AbstractContainerReportHandler.java:updateContainerState(145)) - Container #1 is in OPEN state, but the datanode 5edaa15a-462c-4223-9b9f-86f5b13029f2{ip: 192.168.69.94, host: pr-hdds-1868-bv6q8-2720828103, networkLocation: /default-rack, certSerialId: null} reports an CLOSED replica.
2019-10-21 08:54:56,008 [EventQueue-ContainerReportForContainerReportHandler] WARN  container.ContainerReportHandler (AbstractContainerReportHandler.java:updateContainerState(145)) - Container #1 is in OPEN state, but the datanode fe29a221-84a6-4e60-b8fd-e87bf4d69f29{ip: 192.168.69.94, host: pr-hdds-1868-bv6q8-2720828103, networkLocation: /default-rack, certSerialId: null} reports an CLOSED replica.
2019-10-21 08:54:56,158 [BlockDeletingService#2] WARN  background.BlockDeletingService (BlockDeletingService.java:isDeletionAllowed(187)) - Close Container log Index 6 is not replicated across allthe servers in the pipeline c3f294cd-78fe-4723-8c0d-a8897c702509 as the min replicated index is 4. Deletion is not allowed in this container yet.
2019-10-21 08:54:56,158 [BlockDeletingService#2] WARN  background.BlockDeletingService (BlockDeletingService.java:isDeletionAllowed(187)) - Close Container log Index 6 is not replicated across allthe servers in the pipeline c3f294cd-78fe-4723-8c0d-a8897c702509 as the min replicated index is 4. Deletion is not allowed in this container yet.
2019-10-21 08:54:56,279 [EventQueue-ContainerReportForContainerReportHandler] WARN  container.ContainerReportHandler (AbstractContainerReportHandler.java:updateContainerState(145)) - Container #1 is in OPEN state, but the datanode 5edaa15a-462c-4223-9b9f-86f5b13029f2{ip: 192.168.69.94, host: pr-hdds-1868-bv6q8-2720828103, networkLocation: /default-rack, certSerialId: null} reports an CLOSED replica.
2019-10-21 08:54:56,407 [EventQueue-ContainerReportForContainerReportHandler] WARN  container.ContainerReportHandler (AbstractContainerReportHandler.java:updateContainerState(145)) - Container #1 is in OPEN state, but the datanode fe29a221-84a6-4e60-b8fd-e87bf4d69f29{ip: 192.168.69.94, host: pr-hdds-1868-bv6q8-2720828103, networkLocation: /default-rack, certSerialId: null} reports an CLOSED replica.
2019-10-21 08:54:56,579 [EventQueue-ContainerReportForContainerReportHandler] WARN  container.ContainerReportHandler (AbstractContainerReportHandler.java:updateContainerState(145)) - Container #1 is in OPEN state, but the datanode 5edaa15a-462c-4223-9b9f-86f5b13029f2{ip: 192.168.69.94, host: pr-hdds-1868-bv6q8-2720828103, networkLocation: /default-rack, certSerialId: null} reports an CLOSED replica.
2019-10-21 08:54:56,707 [EventQueue-ContainerReportForContainerReportHandler] WARN  container.ContainerReportHandler (AbstractContainerReportHandler.java:updateContainerState(145)) - Container #1 is in OPEN state, but the datanode fe29a221-84a6-4e60-b8fd-e87bf4d69f29{ip: 192.168.69.94, host: pr-hdds-1868-bv6q8-2720828103, networkLocation: /default-rack, certSerialId: null} reports an CLOSED replica.
2019-10-21 08:54:56,880 [EventQueue-ContainerReportForContainerReportHandler] WARN  container.ContainerReportHandler (AbstractContainerReportHandler.java:updateContainerState(145)) - Container #1 is in OPEN state, but the datanode 5edaa15a-462c-4223-9b9f-86f5b13029f2{ip: 192.168.69.94, host: pr-hdds-1868-bv6q8-2720828103, networkLocation: /default-rack, certSerialId: null} reports an CLOSED replica.
2019-10-21 08:54:56,908 [EventQueue-ContainerReportForContainerReportHandler] WARN  container.ContainerReportHandler (AbstractContainerReportHandler.java:updateContainerState(145)) - Container #1 is in OPEN state, but the datanode fe29a221-84a6-4e60-b8fd-e87bf4d69f29{ip: 192.168.69.94, host: pr-hdds-1868-bv6q8-2720828103, networkLocation: /default-rack, certSerialId: null} reports an CLOSED replica.
2019-10-21 08:54:57,160 [BlockDeletingService#2] WARN  background.BlockDeletingService (BlockDeletingService.java:isDeletionAllowed(187)) - Close Container log Index 6 is not replicated across allthe servers in the pipeline c3f294cd-78fe-4723-8c0d-a8897c702509 as the min replicated index is 4. Deletion is not allowed in this container yet.
2019-10-21 08:54:57,160 [BlockDeletingService#2] WARN  background.BlockDeletingService (BlockDeletingService.java:isDeletionAllowed(187)) - Close Container log Index 6 is not replicated across allthe servers in the pipeline c3f294cd-78fe-4723-8c0d-a8897c702509 as the min replicated index is 4. Deletion is not allowed in this container yet.
2019-10-21 08:54:57,179 [EventQueue-ContainerReportForContainerReportHandler] WARN  container.ContainerReportHandler (AbstractContainerReportHandler.java:updateContainerState(145)) - Container #1 is in OPEN state, but the datanode 5edaa15a-462c-4223-9b9f-86f5b13029f2{ip: 192.168.69.94, host: pr-hdds-1868-bv6q8-2720828103, networkLocation: /default-rack, certSerialId: null} reports an CLOSED replica.
2019-10-21 08:54:57,209 [EventQueue-ContainerReportForContainerReportHandler] WARN  container.ContainerReportHandler (AbstractContainerReportHandler.java:updateContainerState(145)) - Container #1 is in OPEN state, but the datanode fe29a221-84a6-4e60-b8fd-e87bf4d69f29{ip: 192.168.69.94, host: pr-hdds-1868-bv6q8-2720828103, networkLocation: /default-rack, certSerialId: null} reports an CLOSED replica.
2019-10-21 08:54:57,479 [EventQueue-ContainerReportForContainerReportHandler] WARN  container.ContainerReportHandler (AbstractContainerReportHandler.java:updateContainerState(145)) - Container #1 is in OPEN state, but the datanode 5edaa15a-462c-4223-9b9f-86f5b13029f2{ip: 192.168.69.94, host: pr-hdds-1868-bv6q8-2720828103, networkLocation: /default-rack, certSerialId: null} reports an CLOSED replica.
2019-10-21 08:54:57,611 [EventQueue-ContainerReportForContainerReportHandler] WARN  container.ContainerReportHandler (AbstractContainerReportHandler.java:updateContainerState(145)) - Container #1 is in OPEN state, but the datanode fe29a221-84a6-4e60-b8fd-e87bf4d69f29{ip: 192.168.69.94, host: pr-hdds-1868-bv6q8-2720828103, networkLocation: /default-rack, certSerialId: null} reports an CLOSED replica.
2019-10-21 08:54:57,813 [EventQueue-ContainerReportForContainerReportHandler] WARN  container.ContainerReportHandler (AbstractContainerReportHandler.java:updateContainerState(145)) - Container #1 is in OPEN state, but the datanode fe29a221-84a6-4e60-b8fd-e87bf4d69f29{ip: 192.168.69.94, host: pr-hdds-1868-bv6q8-2720828103, networkLocation: /default-rack, certSerialId: null} reports an CLOSED replica.
2019-10-21 08:54:57,879 [EventQueue-ContainerReportForContainerReportHandler] WARN  container.ContainerReportHandler (AbstractContainerReportHandler.java:updateContainerState(145)) - Container #1 is in OPEN state, but the datanode 5edaa15a-462c-4223-9b9f-86f5b13029f2{ip: 192.168.69.94, host: pr-hdds-1868-bv6q8-2720828103, networkLocation: /default-rack, certSerialId: null} reports an CLOSED replica.
2019-10-21 08:54:58,163 [BlockDeletingService#2] WARN  background.BlockDeletingService (BlockDeletingService.java:isDeletionAllowed(187)) - Close Container log Index 6 is not replicated across allthe servers in the pipeline c3f294cd-78fe-4723-8c0d-a8897c702509 as the min replicated index is 4. Deletion is not allowed in this container yet.
2019-10-21 08:54:58,163 [BlockDeletingService#2] WARN  background.BlockDeletingService (BlockDeletingService.java:isDeletionAllowed(187)) - Close Container log Index 6 is not replicated across allthe servers in the pipeline c3f294cd-78fe-4723-8c0d-a8897c702509 as the min replicated index is 4. Deletion is not allowed in this container yet.
2019-10-21 08:54:58,179 [EventQueue-ContainerReportForContainerReportHandler] WARN  container.ContainerReportHandler (AbstractContainerReportHandler.java:updateContainerState(145)) - Container #1 is in OPEN state, but the datanode 5edaa15a-462c-4223-9b9f-86f5b13029f2{ip: 192.168.69.94, host: pr-hdds-1868-bv6q8-2720828103, networkLocation: /default-rack, certSerialId: null} reports an CLOSED replica.
2019-10-21 08:54:58,214 [EventQueue-ContainerReportForContainerReportHandler] WARN  container.ContainerReportHandler (AbstractContainerReportHandler.java:updateContainerState(145)) - Container #1 is in OPEN state, but the datanode fe29a221-84a6-4e60-b8fd-e87bf4d69f29{ip: 192.168.69.94, host: pr-hdds-1868-bv6q8-2720828103, networkLocation: /default-rack, certSerialId: null} reports an CLOSED replica.
2019-10-21 08:54:58,321 [java.util.concurrent.ThreadPoolExecutor$Worker@294731c0[State = -1, empty queue]] WARN  server.GrpcLogAppender (GrpcLogAppender.java:timeoutAppendRequest(209)) - 5edaa15a-462c-4223-9b9f-86f5b13029f2@group-A8897C702509->c70aeaaf-c9e5-48cb-bf54-679217b9dc75-GrpcLogAppender: appendEntries Timeout, request=5edaa15a-462c-4223-9b9f-86f5b13029f2->c70aeaaf-c9e5-48cb-bf54-679217b9dc75#34-t1, previous=(t:1, i:10), leaderCommit=10, initializing? false, entries: <empty>
2019-10-21 08:54:58,479 [EventQueue-ContainerReportForContainerReportHandler] WARN  container.ContainerReportHandler (AbstractContainerReportHandler.java:updateContainerState(145)) - Container #1 is in OPEN state, but the datanode 5edaa15a-462c-4223-9b9f-86f5b13029f2{ip: 192.168.69.94, host: pr-hdds-1868-bv6q8-2720828103, networkLocation: /default-rack, certSerialId: null} reports an CLOSED replica.
2019-10-21 08:54:58,514 [EventQueue-ContainerReportForContainerReportHandler] WARN  container.ContainerReportHandler (AbstractContainerReportHandler.java:updateContainerState(145)) - Container #1 is in OPEN state, but the datanode fe29a221-84a6-4e60-b8fd-e87bf4d69f29{ip: 192.168.69.94, host: pr-hdds-1868-bv6q8-2720828103, networkLocation: /default-rack, certSerialId: null} reports an CLOSED replica.
2019-10-21 08:54:58,680 [EventQueue-ContainerReportForContainerReportHandler] WARN  container.ContainerReportHandler (AbstractContainerReportHandler.java:updateContainerState(145)) - Container #1 is in OPEN state, but the datanode 5edaa15a-462c-4223-9b9f-86f5b13029f2{ip: 192.168.69.94, host: pr-hdds-1868-bv6q8-2720828103, networkLocation: /default-rack, certSerialId: null} reports an CLOSED replica.
2019-10-21 08:54:58,714 [EventQueue-ContainerReportForContainerReportHandler] WARN  container.ContainerReportHandler (AbstractContainerReportHandler.java:updateContainerState(145)) - Container #1 is in OPEN state, but the datanode fe29a221-84a6-4e60-b8fd-e87bf4d69f29{ip: 192.168.69.94, host: pr-hdds-1868-bv6q8-2720828103, networkLocation: /default-rack, certSerialId: null} reports an CLOSED replica.
2019-10-21 08:54:58,923 [Thread-427] INFO  client.GrpcClientProtocolService (GrpcClientProtocolService.java:lambda$processClientRequest$0(279)) - Failed RaftClientRequest:client-A2E42EE46BE4->fe29a221-84a6-4e60-b8fd-e87bf4d69f29@group-A8897C702509, cid=22, seq=0, Watch-ALL_COMMITTED(6), Message:<EMPTY>, reply=RaftClientReply:client-A2E42EE46BE4->fe29a221-84a6-4e60-b8fd-e87bf4d69f29@group-A8897C702509, cid=22, FAILED org.apache.ratis.protocol.NotLeaderException: Server fe29a221-84a6-4e60-b8fd-e87bf4d69f29@group-A8897C702509 is not the leader 5edaa15a-462c-4223-9b9f-86f5b13029f2:192.168.69.94:40883, logIndex=0, commits[fe29a221-84a6-4e60-b8fd-e87bf4d69f29:c10, c70aeaaf-c9e5-48cb-bf54-679217b9dc75:c4, 5edaa15a-462c-4223-9b9f-86f5b13029f2:c10]
2019-10-21 08:54:59,079 [EventQueue-ContainerReportForContainerReportHandler] WARN  container.ContainerReportHandler (AbstractContainerReportHandler.java:updateContainerState(145)) - Container #1 is in OPEN state, but the datanode 5edaa15a-462c-4223-9b9f-86f5b13029f2{ip: 192.168.69.94, host: pr-hdds-1868-bv6q8-2720828103, networkLocation: /default-rack, certSerialId: null} reports an CLOSED replica.
2019-10-21 08:54:59,118 [EventQueue-ContainerReportForContainerReportHandler] WARN  container.ContainerReportHandler (AbstractContainerReportHandler.java:updateContainerState(145)) - Container #1 is in OPEN state, but the datanode fe29a221-84a6-4e60-b8fd-e87bf4d69f29{ip: 192.168.69.94, host: pr-hdds-1868-bv6q8-2720828103, networkLocation: /default-rack, certSerialId: null} reports an CLOSED replica.
2019-10-21 08:54:59,166 [BlockDeletingService#2] WARN  background.BlockDeletingService (BlockDeletingService.java:isDeletionAllowed(187)) - Close Container log Index 6 is not replicated across allthe servers in the pipeline c3f294cd-78fe-4723-8c0d-a8897c702509 as the min replicated index is 4. Deletion is not allowed in this container yet.
2019-10-21 08:54:59,166 [BlockDeletingService#2] WARN  background.BlockDeletingService (BlockDeletingService.java:isDeletionAllowed(187)) - Close Container log Index 6 is not replicated across allthe servers in the pipeline c3f294cd-78fe-4723-8c0d-a8897c702509 as the min replicated index is 4. Deletion is not allowed in this container yet.
2019-10-21 08:54:59,316 [EventQueue-ContainerReportForContainerReportHandler] WARN  container.ContainerReportHandler (AbstractContainerReportHandler.java:updateContainerState(145)) - Container #1 is in OPEN state, but the datanode fe29a221-84a6-4e60-b8fd-e87bf4d69f29{ip: 192.168.69.94, host: pr-hdds-1868-bv6q8-2720828103, networkLocation: /default-rack, certSerialId: null} reports an CLOSED replica.
2019-10-21 08:54:59,380 [EventQueue-ContainerReportForContainerReportHandler] WARN  container.ContainerReportHandler (AbstractContainerReportHandler.java:updateContainerState(145)) - Container #1 is in OPEN state, but the datanode 5edaa15a-462c-4223-9b9f-86f5b13029f2{ip: 192.168.69.94, host: pr-hdds-1868-bv6q8-2720828103, networkLocation: /default-rack, certSerialId: null} reports an CLOSED replica.
2019-10-21 08:54:59,581 [EventQueue-ContainerReportForContainerReportHandler] WARN  container.ContainerReportHandler (AbstractContainerReportHandler.java:updateContainerState(145)) - Container #1 is in OPEN state, but the datanode 5edaa15a-462c-4223-9b9f-86f5b13029f2{ip: 192.168.69.94, host: pr-hdds-1868-bv6q8-2720828103, networkLocation: /default-rack, certSerialId: null} reports an CLOSED replica.
2019-10-21 08:54:59,618 [EventQueue-ContainerReportForContainerReportHandler] WARN  container.ContainerReportHandler (AbstractContainerReportHandler.java:updateContainerState(145)) - Container #1 is in OPEN state, but the datanode fe29a221-84a6-4e60-b8fd-e87bf4d69f29{ip: 192.168.69.94, host: pr-hdds-1868-bv6q8-2720828103, networkLocation: /default-rack, certSerialId: null} reports an CLOSED replica.
2019-10-21 08:54:59,781 [EventQueue-ContainerReportForContainerReportHandler] WARN  container.ContainerReportHandler (AbstractContainerReportHandler.java:updateContainerState(145)) - Container #1 is in OPEN state, but the datanode 5edaa15a-462c-4223-9b9f-86f5b13029f2{ip: 192.168.69.94, host: pr-hdds-1868-bv6q8-2720828103, networkLocation: /default-rack, certSerialId: null} reports an CLOSED replica.
2019-10-21 08:54:59,885 [Thread-432] INFO  client.GrpcClientProtocolService (GrpcClientProtocolService.java:lambda$processClientRequest$0(279)) - Failed RaftClientRequest:client-A2E42EE46BE4->5edaa15a-462c-4223-9b9f-86f5b13029f2@group-A8897C702509, cid=22, seq=0, Watch-ALL_COMMITTED(6), Message:<EMPTY>, reply=RaftClientReply:client-A2E42EE46BE4->5edaa15a-462c-4223-9b9f-86f5b13029f2@group-A8897C702509, cid=22, FAILED org.apache.ratis.protocol.NotReplicatedException: Request with call Id 22 and log index 6 is not yet replicated to ALL_COMMITTED, logIndex=6, commits[5edaa15a-462c-4223-9b9f-86f5b13029f2:c10, c70aeaaf-c9e5-48cb-bf54-679217b9dc75:c4, fe29a221-84a6-4e60-b8fd-e87bf4d69f29:c10]
2019-10-21 08:55:00,021 [EventQueue-ContainerReportForContainerReportHandler] WARN  container.ContainerReportHandler (AbstractContainerReportHandler.java:updateContainerState(145)) - Container #1 is in OPEN state, but the datanode fe29a221-84a6-4e60-b8fd-e87bf4d69f29{ip: 192.168.69.94, host: pr-hdds-1868-bv6q8-2720828103, networkLocation: /default-rack, certSerialId: null} reports an CLOSED replica.
2019-10-21 08:55:00,081 [EventQueue-ContainerReportForContainerReportHandler] WARN  container.ContainerReportHandler (AbstractContainerReportHandler.java:updateContainerState(145)) - Container #1 is in OPEN state, but the datanode 5edaa15a-462c-4223-9b9f-86f5b13029f2{ip: 192.168.69.94, host: pr-hdds-1868-bv6q8-2720828103, networkLocation: /default-rack, certSerialId: null} reports an CLOSED replica.
2019-10-21 08:55:00,171 [BlockDeletingService#2] WARN  background.BlockDeletingService (BlockDeletingService.java:isDeletionAllowed(187)) - Close Container log Index 6 is not replicated across allthe servers in the pipeline c3f294cd-78fe-4723-8c0d-a8897c702509 as the min replicated index is 4. Deletion is not allowed in this container yet.
2019-10-21 08:55:00,171 [BlockDeletingService#2] WARN  background.BlockDeletingService (BlockDeletingService.java:isDeletionAllowed(187)) - Close Container log Index 6 is not replicated across allthe servers in the pipeline c3f294cd-78fe-4723-8c0d-a8897c702509 as the min replicated index is 4. Deletion is not allowed in this container yet.
2019-10-21 08:55:00,221 [EventQueue-ContainerReportForContainerReportHandler] WARN  container.ContainerReportHandler (AbstractContainerReportHandler.java:updateContainerState(145)) - Container #1 is in OPEN state, but the datanode fe29a221-84a6-4e60-b8fd-e87bf4d69f29{ip: 192.168.69.94, host: pr-hdds-1868-bv6q8-2720828103, networkLocation: /default-rack, certSerialId: null} reports an CLOSED replica.
2019-10-21 08:55:00,483 [EventQueue-ContainerReportForContainerReportHandler] WARN  container.ContainerReportHandler (AbstractContainerReportHandler.java:updateContainerState(145)) - Container #1 is in OPEN state, but the datanode 5edaa15a-462c-4223-9b9f-86f5b13029f2{ip: 192.168.69.94, host: pr-hdds-1868-bv6q8-2720828103, networkLocation: /default-rack, certSerialId: null} reports an CLOSED replica.
2019-10-21 08:55:00,521 [EventQueue-ContainerReportForContainerReportHandler] WARN  container.ContainerReportHandler (AbstractContainerReportHandler.java:updateContainerState(145)) - Container #1 is in OPEN state, but the datanode fe29a221-84a6-4e60-b8fd-e87bf4d69f29{ip: 192.168.69.94, host: pr-hdds-1868-bv6q8-2720828103, networkLocation: /default-rack, certSerialId: null} reports an CLOSED replica.
2019-10-21 08:55:00,683 [EventQueue-ContainerReportForContainerReportHandler] WARN  container.ContainerReportHandler (AbstractContainerReportHandler.java:updateContainerState(145)) - Container #1 is in OPEN state, but the datanode 5edaa15a-462c-4223-9b9f-86f5b13029f2{ip: 192.168.69.94, host: pr-hdds-1868-bv6q8-2720828103, networkLocation: /default-rack, certSerialId: null} reports an CLOSED replica.
2019-10-21 08:55:00,721 [EventQueue-ContainerReportForContainerReportHandler] WARN  container.ContainerReportHandler (AbstractContainerReportHandler.java:updateContainerState(145)) - Container #1 is in OPEN state, but the datanode fe29a221-84a6-4e60-b8fd-e87bf4d69f29{ip: 192.168.69.94, host: pr-hdds-1868-bv6q8-2720828103, networkLocation: /default-rack, certSerialId: null} reports an CLOSED replica.
2019-10-21 08:55:00,822 [java.util.concurrent.ThreadPoolExecutor$Worker@294731c0[State = -1, empty queue]] WARN  server.GrpcLogAppender (GrpcLogAppender.java:timeoutAppendRequest(209)) - 5edaa15a-462c-4223-9b9f-86f5b13029f2@group-A8897C702509->c70aeaaf-c9e5-48cb-bf54-679217b9dc75-GrpcLogAppender: appendEntries Timeout, request=5edaa15a-462c-4223-9b9f-86f5b13029f2->c70aeaaf-c9e5-48cb-bf54-679217b9dc75#35-t1, previous=(t:1, i:10), leaderCommit=10, initializing? false, entries: <empty>
2019-10-21 08:55:00,983 [EventQueue-ContainerReportForContainerReportHandler] WARN  container.ContainerReportHandler (AbstractContainerReportHandler.java:updateContainerState(145)) - Container #1 is in OPEN state, but the datanode 5edaa15a-462c-4223-9b9f-86f5b13029f2{ip: 192.168.69.94, host: pr-hdds-1868-bv6q8-2720828103, networkLocation: /default-rack, certSerialId: null} reports an CLOSED replica.
2019-10-21 08:55:01,021 [EventQueue-ContainerReportForContainerReportHandler] WARN  container.ContainerReportHandler (AbstractContainerReportHandler.java:updateContainerState(145)) - Container #1 is in OPEN state, but the datanode fe29a221-84a6-4e60-b8fd-e87bf4d69f29{ip: 192.168.69.94, host: pr-hdds-1868-bv6q8-2720828103, networkLocation: /default-rack, certSerialId: null} reports an CLOSED replica.
2019-10-21 08:55:01,173 [BlockDeletingService#2] WARN  background.BlockDeletingService (BlockDeletingService.java:isDeletionAllowed(187)) - Close Container log Index 6 is not replicated across allthe servers in the pipeline c3f294cd-78fe-4723-8c0d-a8897c702509 as the min replicated index is 4. Deletion is not allowed in this container yet.
2019-10-21 08:55:01,173 [BlockDeletingService#2] WARN  background.BlockDeletingService (BlockDeletingService.java:isDeletionAllowed(187)) - Close Container log Index 6 is not replicated across allthe servers in the pipeline c3f294cd-78fe-4723-8c0d-a8897c702509 as the min replicated index is 4. Deletion is not allowed in this container yet.
2019-10-21 08:55:01,285 [EventQueue-ContainerReportForContainerReportHandler] WARN  container.ContainerReportHandler (AbstractContainerReportHandler.java:updateContainerState(145)) - Container #1 is in OPEN state, but the datanode 5edaa15a-462c-4223-9b9f-86f5b13029f2{ip: 192.168.69.94, host: pr-hdds-1868-bv6q8-2720828103, networkLocation: /default-rack, certSerialId: null} reports an CLOSED replica.
2019-10-21 08:55:01,423 [EventQueue-ContainerReportForContainerReportHandler] WARN  container.ContainerReportHandler (AbstractContainerReportHandler.java:updateContainerState(145)) - Container #1 is in OPEN state, but the datanode fe29a221-84a6-4e60-b8fd-e87bf4d69f29{ip: 192.168.69.94, host: pr-hdds-1868-bv6q8-2720828103, networkLocation: /default-rack, certSerialId: null} reports an CLOSED replica.
2019-10-21 08:55:01,485 [EventQueue-ContainerReportForContainerReportHandler] WARN  container.ContainerReportHandler (AbstractContainerReportHandler.java:updateContainerState(145)) - Container #1 is in OPEN state, but the datanode 5edaa15a-462c-4223-9b9f-86f5b13029f2{ip: 192.168.69.94, host: pr-hdds-1868-bv6q8-2720828103, networkLocation: /default-rack, certSerialId: null} reports an CLOSED replica.
2019-10-21 08:55:01,623 [EventQueue-ContainerReportForContainerReportHandler] WARN  container.ContainerReportHandler (AbstractContainerReportHandler.java:updateContainerState(145)) - Container #1 is in OPEN state, but the datanode fe29a221-84a6-4e60-b8fd-e87bf4d69f29{ip: 192.168.69.94, host: pr-hdds-1868-bv6q8-2720828103, networkLocation: /default-rack, certSerialId: null} reports an CLOSED replica.
2019-10-21 08:55:01,885 [EventQueue-ContainerReportForContainerReportHandler] WARN  container.ContainerReportHandler (AbstractContainerReportHandler.java:updateContainerState(145)) - Container #1 is in OPEN state, but the datanode 5edaa15a-462c-4223-9b9f-86f5b13029f2{ip: 192.168.69.94, host: pr-hdds-1868-bv6q8-2720828103, networkLocation: /default-rack, certSerialId: null} reports an CLOSED replica.
2019-10-21 08:55:02,025 [EventQueue-ContainerReportForContainerReportHandler] WARN  container.ContainerReportHandler (AbstractContainerReportHandler.java:updateContainerState(145)) - Container #1 is in OPEN state, but the datanode fe29a221-84a6-4e60-b8fd-e87bf4d69f29{ip: 192.168.69.94, host: pr-hdds-1868-bv6q8-2720828103, networkLocation: /default-rack, certSerialId: null} reports an CLOSED replica.
2019-10-21 08:55:02,085 [EventQueue-ContainerReportForContainerReportHandler] WARN  container.ContainerReportHandler (AbstractContainerReportHandler.java:updateContainerState(145)) - Container #1 is in OPEN state, but the datanode 5edaa15a-462c-4223-9b9f-86f5b13029f2{ip: 192.168.69.94, host: pr-hdds-1868-bv6q8-2720828103, networkLocation: /default-rack, certSerialId: null} reports an CLOSED replica.
2019-10-21 08:55:02,176 [BlockDeletingService#2] WARN  background.BlockDeletingService (BlockDeletingService.java:isDeletionAllowed(187)) - Close Container log Index 6 is not replicated across allthe servers in the pipeline c3f294cd-78fe-4723-8c0d-a8897c702509 as the min replicated index is 4. Deletion is not allowed in this container yet.
2019-10-21 08:55:02,176 [BlockDeletingService#2] WARN  background.BlockDeletingService (BlockDeletingService.java:isDeletionAllowed(187)) - Close Container log Index 6 is not replicated across allthe servers in the pipeline c3f294cd-78fe-4723-8c0d-a8897c702509 as the min replicated index is 4. Deletion is not allowed in this container yet.
2019-10-21 08:55:02,226 [EventQueue-ContainerReportForContainerReportHandler] WARN  container.ContainerReportHandler (AbstractContainerReportHandler.java:updateContainerState(145)) - Container #1 is in OPEN state, but the datanode fe29a221-84a6-4e60-b8fd-e87bf4d69f29{ip: 192.168.69.94, host: pr-hdds-1868-bv6q8-2720828103, networkLocation: /default-rack, certSerialId: null} reports an CLOSED replica.
2019-10-21 08:55:02,385 [EventQueue-ContainerReportForContainerReportHandler] WARN  container.ContainerReportHandler (AbstractContainerReportHandler.java:updateContainerState(145)) - Container #1 is in OPEN state, but the datanode 5edaa15a-462c-4223-9b9f-86f5b13029f2{ip: 192.168.69.94, host: pr-hdds-1868-bv6q8-2720828103, networkLocation: /default-rack, certSerialId: null} reports an CLOSED replica.
2019-10-21 08:55:02,525 [EventQueue-ContainerReportForContainerReportHandler] WARN  container.ContainerReportHandler (AbstractContainerReportHandler.java:updateContainerState(145)) - Container #1 is in OPEN state, but the datanode fe29a221-84a6-4e60-b8fd-e87bf4d69f29{ip: 192.168.69.94, host: pr-hdds-1868-bv6q8-2720828103, networkLocation: /default-rack, certSerialId: null} reports an CLOSED replica.
2019-10-21 08:55:02,585 [EventQueue-ContainerReportForContainerReportHandler] WARN  container.ContainerReportHandler (AbstractContainerReportHandler.java:updateContainerState(145)) - Container #1 is in OPEN state, but the datanode 5edaa15a-462c-4223-9b9f-86f5b13029f2{ip: 192.168.69.94, host: pr-hdds-1868-bv6q8-2720828103, networkLocation: /default-rack, certSerialId: null} reports an CLOSED replica.
2019-10-21 08:55:02,828 [EventQueue-ContainerReportForContainerReportHandler] WARN  container.ContainerReportHandler (AbstractContainerReportHandler.java:updateContainerState(145)) - Container #1 is in OPEN state, but the datanode fe29a221-84a6-4e60-b8fd-e87bf4d69f29{ip: 192.168.69.94, host: pr-hdds-1868-bv6q8-2720828103, networkLocation: /default-rack, certSerialId: null} reports an CLOSED replica.
2019-10-21 08:55:02,885 [EventQueue-ContainerReportForContainerReportHandler] WARN  container.ContainerReportHandler (AbstractContainerReportHandler.java:updateContainerState(145)) - Container #1 is in OPEN state, but the datanode 5edaa15a-462c-4223-9b9f-86f5b13029f2{ip: 192.168.69.94, host: pr-hdds-1868-bv6q8-2720828103, networkLocation: /default-rack, certSerialId: null} reports an CLOSED replica.
2019-10-21 08:55:03,027 [EventQueue-ContainerReportForContainerReportHandler] WARN  container.ContainerReportHandler (AbstractContainerReportHandler.java:updateContainerState(145)) - Container #1 is in OPEN state, but the datanode fe29a221-84a6-4e60-b8fd-e87bf4d69f29{ip: 192.168.69.94, host: pr-hdds-1868-bv6q8-2720828103, networkLocation: /default-rack, certSerialId: null} reports an CLOSED replica.
2019-10-21 08:55:03,177 [BlockDeletingService#2] WARN  background.BlockDeletingService (BlockDeletingService.java:isDeletionAllowed(187)) - Close Container log Index 6 is not replicated across allthe servers in the pipeline c3f294cd-78fe-4723-8c0d-a8897c702509 as the min replicated index is 4. Deletion is not allowed in this container yet.
2019-10-21 08:55:03,177 [BlockDeletingService#2] WARN  background.BlockDeletingService (BlockDeletingService.java:isDeletionAllowed(187)) - Close Container log Index 6 is not replicated across allthe servers in the pipeline c3f294cd-78fe-4723-8c0d-a8897c702509 as the min replicated index is 4. Deletion is not allowed in this container yet.
2019-10-21 08:55:03,187 [EventQueue-ContainerReportForContainerReportHandler] WARN  container.ContainerReportHandler (AbstractContainerReportHandler.java:updateContainerState(145)) - Container #1 is in OPEN state, but the datanode 5edaa15a-462c-4223-9b9f-86f5b13029f2{ip: 192.168.69.94, host: pr-hdds-1868-bv6q8-2720828103, networkLocation: /default-rack, certSerialId: null} reports an CLOSED replica.
2019-10-21 08:55:03,323 [java.util.concurrent.ThreadPoolExecutor$Worker@294731c0[State = -1, empty queue]] WARN  server.GrpcLogAppender (GrpcLogAppender.java:timeoutAppendRequest(209)) - 5edaa15a-462c-4223-9b9f-86f5b13029f2@group-A8897C702509->c70aeaaf-c9e5-48cb-bf54-679217b9dc75-GrpcLogAppender: appendEntries Timeout, request=5edaa15a-462c-4223-9b9f-86f5b13029f2->c70aeaaf-c9e5-48cb-bf54-679217b9dc75#36-t1, previous=(t:1, i:10), leaderCommit=10, initializing? false, entries: <empty>
2019-10-21 08:55:03,328 [EventQueue-ContainerReportForContainerReportHandler] WARN  container.ContainerReportHandler (AbstractContainerReportHandler.java:updateContainerState(145)) - Container #1 is in OPEN state, but the datanode fe29a221-84a6-4e60-b8fd-e87bf4d69f29{ip: 192.168.69.94, host: pr-hdds-1868-bv6q8-2720828103, networkLocation: /default-rack, certSerialId: null} reports an CLOSED replica.
2019-10-21 08:55:03,487 [EventQueue-ContainerReportForContainerReportHandler] WARN  container.ContainerReportHandler (AbstractContainerReportHandler.java:updateContainerState(145)) - Container #1 is in OPEN state, but the datanode 5edaa15a-462c-4223-9b9f-86f5b13029f2{ip: 192.168.69.94, host: pr-hdds-1868-bv6q8-2720828103, networkLocation: /default-rack, certSerialId: null} reports an CLOSED replica.
2019-10-21 08:55:03,629 [EventQueue-ContainerReportForContainerReportHandler] WARN  container.ContainerReportHandler (AbstractContainerReportHandler.java:updateContainerState(145)) - Container #1 is in OPEN state, but the datanode fe29a221-84a6-4e60-b8fd-e87bf4d69f29{ip: 192.168.69.94, host: pr-hdds-1868-bv6q8-2720828103, networkLocation: /default-rack, certSerialId: null} reports an CLOSED replica.
2019-10-21 08:55:03,886 [EventQueue-ContainerReportForContainerReportHandler] WARN  container.ContainerReportHandler (AbstractContainerReportHandler.java:updateContainerState(145)) - Container #1 is in OPEN state, but the datanode 5edaa15a-462c-4223-9b9f-86f5b13029f2{ip: 192.168.69.94, host: pr-hdds-1868-bv6q8-2720828103, networkLocation: /default-rack, certSerialId: null} reports an CLOSED replica.
2019-10-21 08:55:03,930 [EventQueue-ContainerReportForContainerReportHandler] WARN  container.ContainerReportHandler (AbstractContainerReportHandler.java:updateContainerState(145)) - Container #1 is in OPEN state, but the datanode fe29a221-84a6-4e60-b8fd-e87bf4d69f29{ip: 192.168.69.94, host: pr-hdds-1868-bv6q8-2720828103, networkLocation: /default-rack, certSerialId: null} reports an CLOSED replica.
2019-10-21 08:55:04,087 [EventQueue-ContainerReportForContainerReportHandler] WARN  container.ContainerReportHandler (AbstractContainerReportHandler.java:updateContainerState(145)) - Container #1 is in OPEN state, but the datanode 5edaa15a-462c-4223-9b9f-86f5b13029f2{ip: 192.168.69.94, host: pr-hdds-1868-bv6q8-2720828103, networkLocation: /default-rack, certSerialId: null} reports an CLOSED replica.
2019-10-21 08:55:04,180 [BlockDeletingService#2] WARN  background.BlockDeletingService (BlockDeletingService.java:isDeletionAllowed(187)) - Close Container log Index 6 is not replicated across allthe servers in the pipeline c3f294cd-78fe-4723-8c0d-a8897c702509 as the min replicated index is 4. Deletion is not allowed in this container yet.
2019-10-21 08:55:04,180 [BlockDeletingService#2] WARN  background.BlockDeletingService (BlockDeletingService.java:isDeletionAllowed(187)) - Close Container log Index 6 is not replicated across allthe servers in the pipeline c3f294cd-78fe-4723-8c0d-a8897c702509 as the min replicated index is 4. Deletion is not allowed in this container yet.
2019-10-21 08:55:04,230 [EventQueue-ContainerReportForContainerReportHandler] WARN  container.ContainerReportHandler (AbstractContainerReportHandler.java:updateContainerState(145)) - Container #1 is in OPEN state, but the datanode fe29a221-84a6-4e60-b8fd-e87bf4d69f29{ip: 192.168.69.94, host: pr-hdds-1868-bv6q8-2720828103, networkLocation: /default-rack, certSerialId: null} reports an CLOSED replica.
2019-10-21 08:55:04,386 [EventQueue-ContainerReportForContainerReportHandler] WARN  container.ContainerReportHandler (AbstractContainerReportHandler.java:updateContainerState(145)) - Container #1 is in OPEN state, but the datanode 5edaa15a-462c-4223-9b9f-86f5b13029f2{ip: 192.168.69.94, host: pr-hdds-1868-bv6q8-2720828103, networkLocation: /default-rack, certSerialId: null} reports an CLOSED replica.
2019-10-21 08:55:04,632 [EventQueue-ContainerReportForContainerReportHandler] WARN  container.ContainerReportHandler (AbstractContainerReportHandler.java:updateContainerState(145)) - Container #1 is in OPEN state, but the datanode fe29a221-84a6-4e60-b8fd-e87bf4d69f29{ip: 192.168.69.94, host: pr-hdds-1868-bv6q8-2720828103, networkLocation: /default-rack, certSerialId: null} reports an CLOSED replica.
2019-10-21 08:55:04,687 [EventQueue-ContainerReportForContainerReportHandler] WARN  container.ContainerReportHandler (AbstractContainerReportHandler.java:updateContainerState(145)) - Container #1 is in OPEN state, but the datanode 5edaa15a-462c-4223-9b9f-86f5b13029f2{ip: 192.168.69.94, host: pr-hdds-1868-bv6q8-2720828103, networkLocation: /default-rack, certSerialId: null} reports an CLOSED replica.
2019-10-21 08:55:04,986 [EventQueue-ContainerReportForContainerReportHandler] WARN  container.ContainerReportHandler (AbstractContainerReportHandler.java:updateContainerState(145)) - Container #1 is in OPEN state, but the datanode 5edaa15a-462c-4223-9b9f-86f5b13029f2{ip: 192.168.69.94, host: pr-hdds-1868-bv6q8-2720828103, networkLocation: /default-rack, certSerialId: null} reports an CLOSED replica.
2019-10-21 08:55:05,032 [EventQueue-ContainerReportForContainerReportHandler] WARN  container.ContainerReportHandler (AbstractContainerReportHandler.java:updateContainerState(145)) - Container #1 is in OPEN state, but the datanode fe29a221-84a6-4e60-b8fd-e87bf4d69f29{ip: 192.168.69.94, host: pr-hdds-1868-bv6q8-2720828103, networkLocation: /default-rack, certSerialId: null} reports an CLOSED replica.
2019-10-21 08:55:05,182 [BlockDeletingService#2] WARN  background.BlockDeletingService (BlockDeletingService.java:isDeletionAllowed(187)) - Close Container log Index 6 is not replicated across allthe servers in the pipeline c3f294cd-78fe-4723-8c0d-a8897c702509 as the min replicated index is 4. Deletion is not allowed in this container yet.
2019-10-21 08:55:05,182 [BlockDeletingService#2] WARN  background.BlockDeletingService (BlockDeletingService.java:isDeletionAllowed(187)) - Close Container log Index 6 is not replicated across allthe servers in the pipeline c3f294cd-78fe-4723-8c0d-a8897c702509 as the min replicated index is 4. Deletion is not allowed in this container yet.
2019-10-21 08:55:05,186 [EventQueue-ContainerReportForContainerReportHandler] WARN  container.ContainerReportHandler (AbstractContainerReportHandler.java:updateContainerState(145)) - Container #1 is in OPEN state, but the datanode 5edaa15a-462c-4223-9b9f-86f5b13029f2{ip: 192.168.69.94, host: pr-hdds-1868-bv6q8-2720828103, networkLocation: /default-rack, certSerialId: null} reports an CLOSED replica.
2019-10-21 08:55:05,232 [EventQueue-ContainerReportForContainerReportHandler] WARN  container.ContainerReportHandler (AbstractContainerReportHandler.java:updateContainerState(145)) - Container #1 is in OPEN state, but the datanode fe29a221-84a6-4e60-b8fd-e87bf4d69f29{ip: 192.168.69.94, host: pr-hdds-1868-bv6q8-2720828103, networkLocation: /default-rack, certSerialId: null} reports an CLOSED replica.
2019-10-21 08:55:05,532 [EventQueue-ContainerReportForContainerReportHandler] WARN  container.ContainerReportHandler (AbstractContainerReportHandler.java:updateContainerState(145)) - Container #1 is in OPEN state, but the datanode fe29a221-84a6-4e60-b8fd-e87bf4d69f29{ip: 192.168.69.94, host: pr-hdds-1868-bv6q8-2720828103, networkLocation: /default-rack, certSerialId: null} reports an CLOSED replica.
2019-10-21 08:55:05,586 [EventQueue-ContainerReportForContainerReportHandler] WARN  container.ContainerReportHandler (AbstractContainerReportHandler.java:updateContainerState(145)) - Container #1 is in OPEN state, but the datanode 5edaa15a-462c-4223-9b9f-86f5b13029f2{ip: 192.168.69.94, host: pr-hdds-1868-bv6q8-2720828103, networkLocation: /default-rack, certSerialId: null} reports an CLOSED replica.
2019-10-21 08:55:05,825 [java.util.concurrent.ThreadPoolExecutor$Worker@294731c0[State = -1, empty queue]] WARN  server.GrpcLogAppender (GrpcLogAppender.java:timeoutAppendRequest(209)) - 5edaa15a-462c-4223-9b9f-86f5b13029f2@group-A8897C702509->c70aeaaf-c9e5-48cb-bf54-679217b9dc75-GrpcLogAppender: appendEntries Timeout, request=5edaa15a-462c-4223-9b9f-86f5b13029f2->c70aeaaf-c9e5-48cb-bf54-679217b9dc75#37-t1, previous=(t:1, i:10), leaderCommit=10, initializing? false, entries: <empty>
2019-10-21 08:55:05,833 [EventQueue-ContainerReportForContainerReportHandler] WARN  container.ContainerReportHandler (AbstractContainerReportHandler.java:updateContainerState(145)) - Container #1 is in OPEN state, but the datanode fe29a221-84a6-4e60-b8fd-e87bf4d69f29{ip: 192.168.69.94, host: pr-hdds-1868-bv6q8-2720828103, networkLocation: /default-rack, certSerialId: null} reports an CLOSED replica.
2019-10-21 08:55:05,986 [EventQueue-ContainerReportForContainerReportHandler] WARN  container.ContainerReportHandler (AbstractContainerReportHandler.java:updateContainerState(145)) - Container #1 is in OPEN state, but the datanode 5edaa15a-462c-4223-9b9f-86f5b13029f2{ip: 192.168.69.94, host: pr-hdds-1868-bv6q8-2720828103, networkLocation: /default-rack, certSerialId: null} reports an CLOSED replica.
2019-10-21 08:55:06,133 [EventQueue-ContainerReportForContainerReportHandler] WARN  container.ContainerReportHandler (AbstractContainerReportHandler.java:updateContainerState(145)) - Container #1 is in OPEN state, but the datanode fe29a221-84a6-4e60-b8fd-e87bf4d69f29{ip: 192.168.69.94, host: pr-hdds-1868-bv6q8-2720828103, networkLocation: /default-rack, certSerialId: null} reports an CLOSED replica.
2019-10-21 08:55:06,183 [BlockDeletingService#2] WARN  background.BlockDeletingService (BlockDeletingService.java:isDeletionAllowed(187)) - Close Container log Index 6 is not replicated across allthe servers in the pipeline c3f294cd-78fe-4723-8c0d-a8897c702509 as the min replicated index is 4. Deletion is not allowed in this container yet.
2019-10-21 08:55:06,183 [BlockDeletingService#2] WARN  background.BlockDeletingService (BlockDeletingService.java:isDeletionAllowed(187)) - Close Container log Index 6 is not replicated across allthe servers in the pipeline c3f294cd-78fe-4723-8c0d-a8897c702509 as the min replicated index is 4. Deletion is not allowed in this container yet.
2019-10-21 08:55:06,286 [EventQueue-ContainerReportForContainerReportHandler] WARN  container.ContainerReportHandler (AbstractContainerReportHandler.java:updateContainerState(145)) - Container #1 is in OPEN state, but the datanode 5edaa15a-462c-4223-9b9f-86f5b13029f2{ip: 192.168.69.94, host: pr-hdds-1868-bv6q8-2720828103, networkLocation: /default-rack, certSerialId: null} reports an CLOSED replica.
2019-10-21 08:55:06,433 [EventQueue-ContainerReportForContainerReportHandler] WARN  container.ContainerReportHandler (AbstractContainerReportHandler.java:updateContainerState(145)) - Container #1 is in OPEN state, but the datanode fe29a221-84a6-4e60-b8fd-e87bf4d69f29{ip: 192.168.69.94, host: pr-hdds-1868-bv6q8-2720828103, networkLocation: /default-rack, certSerialId: null} reports an CLOSED replica.
2019-10-21 08:55:06,686 [EventQueue-ContainerReportForContainerReportHandler] WARN  container.ContainerReportHandler (AbstractContainerReportHandler.java:updateContainerState(145)) - Container #1 is in OPEN state, but the datanode 5edaa15a-462c-4223-9b9f-86f5b13029f2{ip: 192.168.69.94, host: pr-hdds-1868-bv6q8-2720828103, networkLocation: /default-rack, certSerialId: null} reports an CLOSED replica.
2019-10-21 08:55:06,733 [EventQueue-ContainerReportForContainerReportHandler] WARN  container.ContainerReportHandler (AbstractContainerReportHandler.java:updateContainerState(145)) - Container #1 is in OPEN state, but the datanode fe29a221-84a6-4e60-b8fd-e87bf4d69f29{ip: 192.168.69.94, host: pr-hdds-1868-bv6q8-2720828103, networkLocation: /default-rack, certSerialId: null} reports an CLOSED replica.
2019-10-21 08:55:06,887 [EventQueue-ContainerReportForContainerReportHandler] WARN  container.ContainerReportHandler (AbstractContainerReportHandler.java:updateContainerState(145)) - Container #1 is in OPEN state, but the datanode 5edaa15a-462c-4223-9b9f-86f5b13029f2{ip: 192.168.69.94, host: pr-hdds-1868-bv6q8-2720828103, networkLocation: /default-rack, certSerialId: null} reports an CLOSED replica.
2019-10-21 08:55:06,933 [EventQueue-ContainerReportForContainerReportHandler] WARN  container.ContainerReportHandler (AbstractContainerReportHandler.java:updateContainerState(145)) - Container #1 is in OPEN state, but the datanode fe29a221-84a6-4e60-b8fd-e87bf4d69f29{ip: 192.168.69.94, host: pr-hdds-1868-bv6q8-2720828103, networkLocation: /default-rack, certSerialId: null} reports an CLOSED replica.
2019-10-21 08:55:07,185 [BlockDeletingService#2] WARN  background.BlockDeletingService (BlockDeletingService.java:isDeletionAllowed(187)) - Close Container log Index 6 is not replicated across allthe servers in the pipeline c3f294cd-78fe-4723-8c0d-a8897c702509 as the min replicated index is 4. Deletion is not allowed in this container yet.
2019-10-21 08:55:07,185 [BlockDeletingService#2] WARN  background.BlockDeletingService (BlockDeletingService.java:isDeletionAllowed(187)) - Close Container log Index 6 is not replicated across allthe servers in the pipeline c3f294cd-78fe-4723-8c0d-a8897c702509 as the min replicated index is 4. Deletion is not allowed in this container yet.
2019-10-21 08:55:07,287 [EventQueue-ContainerReportForContainerReportHandler] WARN  container.ContainerReportHandler (AbstractContainerReportHandler.java:updateContainerState(145)) - Container #1 is in OPEN state, but the datanode 5edaa15a-462c-4223-9b9f-86f5b13029f2{ip: 192.168.69.94, host: pr-hdds-1868-bv6q8-2720828103, networkLocation: /default-rack, certSerialId: null} reports an CLOSED replica.
2019-10-21 08:55:07,333 [EventQueue-ContainerReportForContainerReportHandler] WARN  container.ContainerReportHandler (AbstractContainerReportHandler.java:updateContainerState(145)) - Container #1 is in OPEN state, but the datanode fe29a221-84a6-4e60-b8fd-e87bf4d69f29{ip: 192.168.69.94, host: pr-hdds-1868-bv6q8-2720828103, networkLocation: /default-rack, certSerialId: null} reports an CLOSED replica.
2019-10-21 08:55:07,533 [EventQueue-ContainerReportForContainerReportHandler] WARN  container.ContainerReportHandler (AbstractContainerReportHandler.java:updateContainerState(145)) - Container #1 is in OPEN state, but the datanode fe29a221-84a6-4e60-b8fd-e87bf4d69f29{ip: 192.168.69.94, host: pr-hdds-1868-bv6q8-2720828103, networkLocation: /default-rack, certSerialId: null} reports an CLOSED replica.
2019-10-21 08:55:07,587 [EventQueue-ContainerReportForContainerReportHandler] WARN  container.ContainerReportHandler (AbstractContainerReportHandler.java:updateContainerState(145)) - Container #1 is in OPEN state, but the datanode 5edaa15a-462c-4223-9b9f-86f5b13029f2{ip: 192.168.69.94, host: pr-hdds-1868-bv6q8-2720828103, networkLocation: /default-rack, certSerialId: null} reports an CLOSED replica.
2019-10-21 08:55:07,787 [EventQueue-ContainerReportForContainerReportHandler] WARN  container.ContainerReportHandler (AbstractContainerReportHandler.java:updateContainerState(145)) - Container #1 is in OPEN state, but the datanode 5edaa15a-462c-4223-9b9f-86f5b13029f2{ip: 192.168.69.94, host: pr-hdds-1868-bv6q8-2720828103, networkLocation: /default-rack, certSerialId: null} reports an CLOSED replica.
2019-10-21 08:55:07,934 [EventQueue-ContainerReportForContainerReportHandler] WARN  container.ContainerReportHandler (AbstractContainerReportHandler.java:updateContainerState(145)) - Container #1 is in OPEN state, but the datanode fe29a221-84a6-4e60-b8fd-e87bf4d69f29{ip: 192.168.69.94, host: pr-hdds-1868-bv6q8-2720828103, networkLocation: /default-rack, certSerialId: null} reports an CLOSED replica.
2019-10-21 08:55:07,988 [EventQueue-ContainerReportForContainerReportHandler] WARN  container.ContainerReportHandler (AbstractContainerReportHandler.java:updateContainerState(145)) - Container #1 is in OPEN state, but the datanode 5edaa15a-462c-4223-9b9f-86f5b13029f2{ip: 192.168.69.94, host: pr-hdds-1868-bv6q8-2720828103, networkLocation: /default-rack, certSerialId: null} reports an CLOSED replica.
2019-10-21 08:55:08,187 [BlockDeletingService#2] WARN  background.BlockDeletingService (BlockDeletingService.java:isDeletionAllowed(187)) - Close Container log Index 6 is not replicated across allthe servers in the pipeline c3f294cd-78fe-4723-8c0d-a8897c702509 as the min replicated index is 4. Deletion is not allowed in this container yet.
2019-10-21 08:55:08,187 [BlockDeletingService#2] WARN  background.BlockDeletingService (BlockDeletingService.java:isDeletionAllowed(187)) - Close Container log Index 6 is not replicated across allthe servers in the pipeline c3f294cd-78fe-4723-8c0d-a8897c702509 as the min replicated index is 4. Deletion is not allowed in this container yet.
2019-10-21 08:55:08,287 [EventQueue-ContainerReportForContainerReportHandler] WARN  container.ContainerReportHandler (AbstractContainerReportHandler.java:updateContainerState(145)) - Container #1 is in OPEN state, but the datanode 5edaa15a-462c-4223-9b9f-86f5b13029f2{ip: 192.168.69.94, host: pr-hdds-1868-bv6q8-2720828103, networkLocation: /default-rack, certSerialId: null} reports an CLOSED replica.
2019-10-21 08:55:08,326 [java.util.concurrent.ThreadPoolExecutor$Worker@294731c0[State = -1, empty queue]] WARN  server.GrpcLogAppender (GrpcLogAppender.java:timeoutAppendRequest(209)) - 5edaa15a-462c-4223-9b9f-86f5b13029f2@group-A8897C702509->c70aeaaf-c9e5-48cb-bf54-679217b9dc75-GrpcLogAppender: appendEntries Timeout, request=5edaa15a-462c-4223-9b9f-86f5b13029f2->c70aeaaf-c9e5-48cb-bf54-679217b9dc75#38-t1, previous=(t:1, i:10), leaderCommit=10, initializing? false, entries: <empty>
2019-10-21 08:55:08,336 [EventQueue-ContainerReportForContainerReportHandler] WARN  container.ContainerReportHandler (AbstractContainerReportHandler.java:updateContainerState(145)) - Container #1 is in OPEN state, but the datanode fe29a221-84a6-4e60-b8fd-e87bf4d69f29{ip: 192.168.69.94, host: pr-hdds-1868-bv6q8-2720828103, networkLocation: /default-rack, certSerialId: null} reports an CLOSED replica.
2019-10-21 08:55:08,488 [EventQueue-ContainerReportForContainerReportHandler] WARN  container.ContainerReportHandler (AbstractContainerReportHandler.java:updateContainerState(145)) - Container #1 is in OPEN state, but the datanode 5edaa15a-462c-4223-9b9f-86f5b13029f2{ip: 192.168.69.94, host: pr-hdds-1868-bv6q8-2720828103, networkLocation: /default-rack, certSerialId: null} reports an CLOSED replica.
2019-10-21 08:55:08,536 [EventQueue-ContainerReportForContainerReportHandler] WARN  container.ContainerReportHandler (AbstractContainerReportHandler.java:updateContainerState(145)) - Container #1 is in OPEN state, but the datanode fe29a221-84a6-4e60-b8fd-e87bf4d69f29{ip: 192.168.69.94, host: pr-hdds-1868-bv6q8-2720828103, networkLocation: /default-rack, certSerialId: null} reports an CLOSED replica.
2019-10-21 08:55:08,787 [EventQueue-ContainerReportForContainerReportHandler] WARN  container.ContainerReportHandler (AbstractContainerReportHandler.java:updateContainerState(145)) - Container #1 is in OPEN state, but the datanode 5edaa15a-462c-4223-9b9f-86f5b13029f2{ip: 192.168.69.94, host: pr-hdds-1868-bv6q8-2720828103, networkLocation: /default-rack, certSerialId: null} reports an CLOSED replica.
2019-10-21 08:55:08,839 [EventQueue-ContainerReportForContainerReportHandler] WARN  container.ContainerReportHandler (AbstractContainerReportHandler.java:updateContainerState(145)) - Container #1 is in OPEN state, but the datanode fe29a221-84a6-4e60-b8fd-e87bf4d69f29{ip: 192.168.69.94, host: pr-hdds-1868-bv6q8-2720828103, networkLocation: /default-rack, certSerialId: null} reports an CLOSED replica.
2019-10-21 08:55:08,975 [Thread-459] INFO  client.GrpcClientProtocolService (GrpcClientProtocolService.java:lambda$processClientRequest$0(279)) - Failed RaftClientRequest:client-A2E42EE46BE4->fe29a221-84a6-4e60-b8fd-e87bf4d69f29@group-A8897C702509, cid=22, seq=0, Watch-ALL_COMMITTED(6), Message:<EMPTY>, reply=RaftClientReply:client-A2E42EE46BE4->fe29a221-84a6-4e60-b8fd-e87bf4d69f29@group-A8897C702509, cid=22, FAILED org.apache.ratis.protocol.NotLeaderException: Server fe29a221-84a6-4e60-b8fd-e87bf4d69f29@group-A8897C702509 is not the leader 5edaa15a-462c-4223-9b9f-86f5b13029f2:192.168.69.94:40883, logIndex=0, commits[fe29a221-84a6-4e60-b8fd-e87bf4d69f29:c10, c70aeaaf-c9e5-48cb-bf54-679217b9dc75:c4, 5edaa15a-462c-4223-9b9f-86f5b13029f2:c10]
2019-10-21 08:55:09,037 [EventQueue-ContainerReportForContainerReportHandler] WARN  container.ContainerReportHandler (AbstractContainerReportHandler.java:updateContainerState(145)) - Container #1 is in OPEN state, but the datanode fe29a221-84a6-4e60-b8fd-e87bf4d69f29{ip: 192.168.69.94, host: pr-hdds-1868-bv6q8-2720828103, networkLocation: /default-rack, certSerialId: null} reports an CLOSED replica.
2019-10-21 08:55:09,187 [EventQueue-ContainerReportForContainerReportHandler] WARN  container.ContainerReportHandler (AbstractContainerReportHandler.java:updateContainerState(145)) - Container #1 is in OPEN state, but the datanode 5edaa15a-462c-4223-9b9f-86f5b13029f2{ip: 192.168.69.94, host: pr-hdds-1868-bv6q8-2720828103, networkLocation: /default-rack, certSerialId: null} reports an CLOSED replica.
2019-10-21 08:55:09,190 [BlockDeletingService#2] WARN  background.BlockDeletingService (BlockDeletingService.java:isDeletionAllowed(187)) - Close Container log Index 6 is not replicated across allthe servers in the pipeline c3f294cd-78fe-4723-8c0d-a8897c702509 as the min replicated index is 4. Deletion is not allowed in this container yet.
2019-10-21 08:55:09,190 [BlockDeletingService#2] WARN  background.BlockDeletingService (BlockDeletingService.java:isDeletionAllowed(187)) - Close Container log Index 6 is not replicated across allthe servers in the pipeline c3f294cd-78fe-4723-8c0d-a8897c702509 as the min replicated index is 4. Deletion is not allowed in this container yet.
2019-10-21 08:55:09,438 [EventQueue-ContainerReportForContainerReportHandler] WARN  container.ContainerReportHandler (AbstractContainerReportHandler.java:updateContainerState(145)) - Container #1 is in OPEN state, but the datanode fe29a221-84a6-4e60-b8fd-e87bf4d69f29{ip: 192.168.69.94, host: pr-hdds-1868-bv6q8-2720828103, networkLocation: /default-rack, certSerialId: null} reports an CLOSED replica.
2019-10-21 08:55:09,587 [EventQueue-ContainerReportForContainerReportHandler] WARN  container.ContainerReportHandler (AbstractContainerReportHandler.java:updateContainerState(145)) - Container #1 is in OPEN state, but the datanode 5edaa15a-462c-4223-9b9f-86f5b13029f2{ip: 192.168.69.94, host: pr-hdds-1868-bv6q8-2720828103, networkLocation: /default-rack, certSerialId: null} reports an CLOSED replica.
2019-10-21 08:55:09,739 [EventQueue-ContainerReportForContainerReportHandler] WARN  container.ContainerReportHandler (AbstractContainerReportHandler.java:updateContainerState(145)) - Container #1 is in OPEN state, but the datanode fe29a221-84a6-4e60-b8fd-e87bf4d69f29{ip: 192.168.69.94, host: pr-hdds-1868-bv6q8-2720828103, networkLocation: /default-rack, certSerialId: null} reports an CLOSED replica.
2019-10-21 08:55:09,787 [EventQueue-ContainerReportForContainerReportHandler] WARN  container.ContainerReportHandler (AbstractContainerReportHandler.java:updateContainerState(145)) - Container #1 is in OPEN state, but the datanode 5edaa15a-462c-4223-9b9f-86f5b13029f2{ip: 192.168.69.94, host: pr-hdds-1868-bv6q8-2720828103, networkLocation: /default-rack, certSerialId: null} reports an CLOSED replica.
2019-10-21 08:55:09,885 [Thread-464] INFO  client.GrpcClientProtocolService (GrpcClientProtocolService.java:lambda$processClientRequest$0(279)) - Failed RaftClientRequest:client-A2E42EE46BE4->5edaa15a-462c-4223-9b9f-86f5b13029f2@group-A8897C702509, cid=22, seq=0, Watch-ALL_COMMITTED(6), Message:<EMPTY>, reply=RaftClientReply:client-A2E42EE46BE4->5edaa15a-462c-4223-9b9f-86f5b13029f2@group-A8897C702509, cid=22, FAILED org.apache.ratis.protocol.NotReplicatedException: Request with call Id 22 and log index 6 is not yet replicated to ALL_COMMITTED, logIndex=6, commits[5edaa15a-462c-4223-9b9f-86f5b13029f2:c10, c70aeaaf-c9e5-48cb-bf54-679217b9dc75:c4, fe29a221-84a6-4e60-b8fd-e87bf4d69f29:c10]
2019-10-21 08:55:10,039 [EventQueue-ContainerReportForContainerReportHandler] WARN  container.ContainerReportHandler (AbstractContainerReportHandler.java:updateContainerState(145)) - Container #1 is in OPEN state, but the datanode fe29a221-84a6-4e60-b8fd-e87bf4d69f29{ip: 192.168.69.94, host: pr-hdds-1868-bv6q8-2720828103, networkLocation: /default-rack, certSerialId: null} reports an CLOSED replica.
2019-10-21 08:55:10,089 [EventQueue-ContainerReportForContainerReportHandler] WARN  container.ContainerReportHandler (AbstractContainerReportHandler.java:updateContainerState(145)) - Container #1 is in OPEN state, but the datanode 5edaa15a-462c-4223-9b9f-86f5b13029f2{ip: 192.168.69.94, host: pr-hdds-1868-bv6q8-2720828103, networkLocation: /default-rack, certSerialId: null} reports an CLOSED replica.
2019-10-21 08:55:10,192 [BlockDeletingService#2] WARN  background.BlockDeletingService (BlockDeletingService.java:isDeletionAllowed(187)) - Close Container log Index 6 is not replicated across allthe servers in the pipeline c3f294cd-78fe-4723-8c0d-a8897c702509 as the min replicated index is 4. Deletion is not allowed in this container yet.
2019-10-21 08:55:10,192 [BlockDeletingService#2] WARN  background.BlockDeletingService (BlockDeletingService.java:isDeletionAllowed(187)) - Close Container log Index 6 is not replicated across allthe servers in the pipeline c3f294cd-78fe-4723-8c0d-a8897c702509 as the min replicated index is 4. Deletion is not allowed in this container yet.
2019-10-21 08:55:10,239 [EventQueue-ContainerReportForContainerReportHandler] WARN  container.ContainerReportHandler (AbstractContainerReportHandler.java:updateContainerState(145)) - Container #1 is in OPEN state, but the datanode fe29a221-84a6-4e60-b8fd-e87bf4d69f29{ip: 192.168.69.94, host: pr-hdds-1868-bv6q8-2720828103, networkLocation: /default-rack, certSerialId: null} reports an CLOSED replica.
2019-10-21 08:55:10,389 [EventQueue-ContainerReportForContainerReportHandler] WARN  container.ContainerReportHandler (AbstractContainerReportHandler.java:updateContainerState(145)) - Container #1 is in OPEN state, but the datanode 5edaa15a-462c-4223-9b9f-86f5b13029f2{ip: 192.168.69.94, host: pr-hdds-1868-bv6q8-2720828103, networkLocation: /default-rack, certSerialId: null} reports an CLOSED replica.
2019-10-21 08:55:10,640 [EventQueue-ContainerReportForContainerReportHandler] WARN  container.ContainerReportHandler (AbstractContainerReportHandler.java:updateContainerState(145)) - Container #1 is in OPEN state, but the datanode fe29a221-84a6-4e60-b8fd-e87bf4d69f29{ip: 192.168.69.94, host: pr-hdds-1868-bv6q8-2720828103, networkLocation: /default-rack, certSerialId: null} reports an CLOSED replica.
2019-10-21 08:55:10,688 [EventQueue-ContainerReportForContainerReportHandler] WARN  container.ContainerReportHandler (AbstractContainerReportHandler.java:updateContainerState(145)) - Container #1 is in OPEN state, but the datanode 5edaa15a-462c-4223-9b9f-86f5b13029f2{ip: 192.168.69.94, host: pr-hdds-1868-bv6q8-2720828103, networkLocation: /default-rack, certSerialId: null} reports an CLOSED replica.
2019-10-21 08:55:10,827 [java.util.concurrent.ThreadPoolExecutor$Worker@294731c0[State = -1, empty queue]] WARN  server.GrpcLogAppender (GrpcLogAppender.java:timeoutAppendRequest(209)) - 5edaa15a-462c-4223-9b9f-86f5b13029f2@group-A8897C702509->c70aeaaf-c9e5-48cb-bf54-679217b9dc75-GrpcLogAppender: appendEntries Timeout, request=5edaa15a-462c-4223-9b9f-86f5b13029f2->c70aeaaf-c9e5-48cb-bf54-679217b9dc75#39-t1, previous=(t:1, i:10), leaderCommit=10, initializing? false, entries: <empty>
2019-10-21 08:55:10,888 [EventQueue-ContainerReportForContainerReportHandler] WARN  container.ContainerReportHandler (AbstractContainerReportHandler.java:updateContainerState(145)) - Container #1 is in OPEN state, but the datanode 5edaa15a-462c-4223-9b9f-86f5b13029f2{ip: 192.168.69.94, host: pr-hdds-1868-bv6q8-2720828103, networkLocation: /default-rack, certSerialId: null} reports an CLOSED replica.
2019-10-21 08:55:10,939 [EventQueue-ContainerReportForContainerReportHandler] WARN  container.ContainerReportHandler (AbstractContainerReportHandler.java:updateContainerState(145)) - Container #1 is in OPEN state, but the datanode fe29a221-84a6-4e60-b8fd-e87bf4d69f29{ip: 192.168.69.94, host: pr-hdds-1868-bv6q8-2720828103, networkLocation: /default-rack, certSerialId: null} reports an CLOSED replica.
2019-10-21 08:55:11,139 [EventQueue-ContainerReportForContainerReportHandler] WARN  container.ContainerReportHandler (AbstractContainerReportHandler.java:updateContainerState(145)) - Container #1 is in OPEN state, but the datanode fe29a221-84a6-4e60-b8fd-e87bf4d69f29{ip: 192.168.69.94, host: pr-hdds-1868-bv6q8-2720828103, networkLocation: /default-rack, certSerialId: null} reports an CLOSED replica.
2019-10-21 08:55:11,188 [EventQueue-ContainerReportForContainerReportHandler] WARN  container.ContainerReportHandler (AbstractContainerReportHandler.java:updateContainerState(145)) - Container #1 is in OPEN state, but the datanode 5edaa15a-462c-4223-9b9f-86f5b13029f2{ip: 192.168.69.94, host: pr-hdds-1868-bv6q8-2720828103, networkLocation: /default-rack, certSerialId: null} reports an CLOSED replica.
2019-10-21 08:55:11,197 [BlockDeletingService#2] WARN  background.BlockDeletingService (BlockDeletingService.java:isDeletionAllowed(187)) - Close Container log Index 6 is not replicated across allthe servers in the pipeline c3f294cd-78fe-4723-8c0d-a8897c702509 as the min replicated index is 4. Deletion is not allowed in this container yet.
2019-10-21 08:55:11,197 [BlockDeletingService#2] WARN  background.BlockDeletingService (BlockDeletingService.java:isDeletionAllowed(187)) - Close Container log Index 6 is not replicated across allthe servers in the pipeline c3f294cd-78fe-4723-8c0d-a8897c702509 as the min replicated index is 4. Deletion is not allowed in this container yet.
2019-10-21 08:55:11,389 [EventQueue-ContainerReportForContainerReportHandler] WARN  container.ContainerReportHandler (AbstractContainerReportHandler.java:updateContainerState(145)) - Container #1 is in OPEN state, but the datanode 5edaa15a-462c-4223-9b9f-86f5b13029f2{ip: 192.168.69.94, host: pr-hdds-1868-bv6q8-2720828103, networkLocation: /default-rack, certSerialId: null} reports an CLOSED replica.
2019-10-21 08:55:11,539 [EventQueue-ContainerReportForContainerReportHandler] WARN  container.ContainerReportHandler (AbstractContainerReportHandler.java:updateContainerState(145)) - Container #1 is in OPEN state, but the datanode fe29a221-84a6-4e60-b8fd-e87bf4d69f29{ip: 192.168.69.94, host: pr-hdds-1868-bv6q8-2720828103, networkLocation: /default-rack, certSerialId: null} reports an CLOSED replica.
2019-10-21 08:55:11,690 [EventQueue-ContainerReportForContainerReportHandler] WARN  container.ContainerReportHandler (AbstractContainerReportHandler.java:updateContainerState(145)) - Container #1 is in OPEN state, but the datanode 5edaa15a-462c-4223-9b9f-86f5b13029f2{ip: 192.168.69.94, host: pr-hdds-1868-bv6q8-2720828103, networkLocation: /default-rack, certSerialId: null} reports an CLOSED replica.
2019-10-21 08:55:11,891 [EventQueue-ContainerReportForContainerReportHandler] WARN  container.ContainerReportHandler (AbstractContainerReportHandler.java:updateContainerState(145)) - Container #1 is in OPEN state, but the datanode 5edaa15a-462c-4223-9b9f-86f5b13029f2{ip: 192.168.69.94, host: pr-hdds-1868-bv6q8-2720828103, networkLocation: /default-rack, certSerialId: null} reports an CLOSED replica.
2019-10-21 08:55:11,940 [EventQueue-ContainerReportForContainerReportHandler] WARN  container.ContainerReportHandler (AbstractContainerReportHandler.java:updateContainerState(145)) - Container #1 is in OPEN state, but the datanode fe29a221-84a6-4e60-b8fd-e87bf4d69f29{ip: 192.168.69.94, host: pr-hdds-1868-bv6q8-2720828103, networkLocation: /default-rack, certSerialId: null} reports an CLOSED replica.
2019-10-21 08:55:12,191 [EventQueue-ContainerReportForContainerReportHandler] WARN  container.ContainerReportHandler (AbstractContainerReportHandler.java:updateContainerState(145)) - Container #1 is in OPEN state, but the datanode 5edaa15a-462c-4223-9b9f-86f5b13029f2{ip: 192.168.69.94, host: pr-hdds-1868-bv6q8-2720828103, networkLocation: /default-rack, certSerialId: null} reports an CLOSED replica.
2019-10-21 08:55:12,198 [BlockDeletingService#2] WARN  background.BlockDeletingService (BlockDeletingService.java:isDeletionAllowed(187)) - Close Container log Index 6 is not replicated across allthe servers in the pipeline c3f294cd-78fe-4723-8c0d-a8897c702509 as the min replicated index is 4. Deletion is not allowed in this container yet.
2019-10-21 08:55:12,198 [BlockDeletingService#2] WARN  background.BlockDeletingService (BlockDeletingService.java:isDeletionAllowed(187)) - Close Container log Index 6 is not replicated across allthe servers in the pipeline c3f294cd-78fe-4723-8c0d-a8897c702509 as the min replicated index is 4. Deletion is not allowed in this container yet.
2019-10-21 08:55:12,341 [EventQueue-ContainerReportForContainerReportHandler] WARN  container.ContainerReportHandler (AbstractContainerReportHandler.java:updateContainerState(145)) - Container #1 is in OPEN state, but the datanode fe29a221-84a6-4e60-b8fd-e87bf4d69f29{ip: 192.168.69.94, host: pr-hdds-1868-bv6q8-2720828103, networkLocation: /default-rack, certSerialId: null} reports an CLOSED replica.
2019-10-21 08:55:12,593 [EventQueue-ContainerReportForContainerReportHandler] WARN  container.ContainerReportHandler (AbstractContainerReportHandler.java:updateContainerState(145)) - Container #1 is in OPEN state, but the datanode 5edaa15a-462c-4223-9b9f-86f5b13029f2{ip: 192.168.69.94, host: pr-hdds-1868-bv6q8-2720828103, networkLocation: /default-rack, certSerialId: null} reports an CLOSED replica.
2019-10-21 08:55:12,640 [EventQueue-ContainerReportForContainerReportHandler] WARN  container.ContainerReportHandler (AbstractContainerReportHandler.java:updateContainerState(145)) - Container #1 is in OPEN state, but the datanode fe29a221-84a6-4e60-b8fd-e87bf4d69f29{ip: 192.168.69.94, host: pr-hdds-1868-bv6q8-2720828103, networkLocation: /default-rack, certSerialId: null} reports an CLOSED replica.
2019-10-21 08:55:12,893 [EventQueue-ContainerReportForContainerReportHandler] WARN  container.ContainerReportHandler (AbstractContainerReportHandler.java:updateContainerState(145)) - Container #1 is in OPEN state, but the datanode 5edaa15a-462c-4223-9b9f-86f5b13029f2{ip: 192.168.69.94, host: pr-hdds-1868-bv6q8-2720828103, networkLocation: /default-rack, certSerialId: null} reports an CLOSED replica.
2019-10-21 08:55:12,940 [EventQueue-ContainerReportForContainerReportHandler] WARN  container.ContainerReportHandler (AbstractContainerReportHandler.java:updateContainerState(145)) - Container #1 is in OPEN state, but the datanode fe29a221-84a6-4e60-b8fd-e87bf4d69f29{ip: 192.168.69.94, host: pr-hdds-1868-bv6q8-2720828103, networkLocation: /default-rack, certSerialId: null} reports an CLOSED replica.
2019-10-21 08:55:13,140 [EventQueue-ContainerReportForContainerReportHandler] WARN  container.ContainerReportHandler (AbstractContainerReportHandler.java:updateContainerState(145)) - Container #1 is in OPEN state, but the datanode fe29a221-84a6-4e60-b8fd-e87bf4d69f29{ip: 192.168.69.94, host: pr-hdds-1868-bv6q8-2720828103, networkLocation: /default-rack, certSerialId: null} reports an CLOSED replica.
2019-10-21 08:55:13,201 [BlockDeletingService#2] WARN  background.BlockDeletingService (BlockDeletingService.java:isDeletionAllowed(187)) - Close Container log Index 6 is not replicated across allthe servers in the pipeline c3f294cd-78fe-4723-8c0d-a8897c702509 as the min replicated index is 4. Deletion is not allowed in this container yet.
2019-10-21 08:55:13,201 [BlockDeletingService#2] WARN  background.BlockDeletingService (BlockDeletingService.java:isDeletionAllowed(187)) - Close Container log Index 6 is not replicated across allthe servers in the pipeline c3f294cd-78fe-4723-8c0d-a8897c702509 as the min replicated index is 4. Deletion is not allowed in this container yet.
2019-10-21 08:55:13,294 [EventQueue-ContainerReportForContainerReportHandler] WARN  container.ContainerReportHandler (AbstractContainerReportHandler.java:updateContainerState(145)) - Container #1 is in OPEN state, but the datanode 5edaa15a-462c-4223-9b9f-86f5b13029f2{ip: 192.168.69.94, host: pr-hdds-1868-bv6q8-2720828103, networkLocation: /default-rack, certSerialId: null} reports an CLOSED replica.
2019-10-21 08:55:13,328 [java.util.concurrent.ThreadPoolExecutor$Worker@294731c0[State = -1, empty queue]] WARN  server.GrpcLogAppender (GrpcLogAppender.java:timeoutAppendRequest(209)) - 5edaa15a-462c-4223-9b9f-86f5b13029f2@group-A8897C702509->c70aeaaf-c9e5-48cb-bf54-679217b9dc75-GrpcLogAppender: appendEntries Timeout, request=5edaa15a-462c-4223-9b9f-86f5b13029f2->c70aeaaf-c9e5-48cb-bf54-679217b9dc75#40-t1, previous=(t:1, i:10), leaderCommit=10, initializing? false, entries: <empty>
2019-10-21 08:55:13,541 [EventQueue-ContainerReportForContainerReportHandler] WARN  container.ContainerReportHandler (AbstractContainerReportHandler.java:updateContainerState(145)) - Container #1 is in OPEN state, but the datanode fe29a221-84a6-4e60-b8fd-e87bf4d69f29{ip: 192.168.69.94, host: pr-hdds-1868-bv6q8-2720828103, networkLocation: /default-rack, certSerialId: null} reports an CLOSED replica.
2019-10-21 08:55:13,693 [EventQueue-ContainerReportForContainerReportHandler] WARN  container.ContainerReportHandler (AbstractContainerReportHandler.java:updateContainerState(145)) - Container #1 is in OPEN state, but the datanode 5edaa15a-462c-4223-9b9f-86f5b13029f2{ip: 192.168.69.94, host: pr-hdds-1868-bv6q8-2720828103, networkLocation: /default-rack, certSerialId: null} reports an CLOSED replica.
2019-10-21 08:55:13,741 [EventQueue-ContainerReportForContainerReportHandler] WARN  container.ContainerReportHandler (AbstractContainerReportHandler.java:updateContainerState(145)) - Container #1 is in OPEN state, but the datanode fe29a221-84a6-4e60-b8fd-e87bf4d69f29{ip: 192.168.69.94, host: pr-hdds-1868-bv6q8-2720828103, networkLocation: /default-rack, certSerialId: null} reports an CLOSED replica.
2019-10-21 08:55:13,893 [EventQueue-ContainerReportForContainerReportHandler] WARN  container.ContainerReportHandler (AbstractContainerReportHandler.java:updateContainerState(145)) - Container #1 is in OPEN state, but the datanode 5edaa15a-462c-4223-9b9f-86f5b13029f2{ip: 192.168.69.94, host: pr-hdds-1868-bv6q8-2720828103, networkLocation: /default-rack, certSerialId: null} reports an CLOSED replica.
2019-10-21 08:55:14,042 [EventQueue-ContainerReportForContainerReportHandler] WARN  container.ContainerReportHandler (AbstractContainerReportHandler.java:updateContainerState(145)) - Container #1 is in OPEN state, but the datanode fe29a221-84a6-4e60-b8fd-e87bf4d69f29{ip: 192.168.69.94, host: pr-hdds-1868-bv6q8-2720828103, networkLocation: /default-rack, certSerialId: null} reports an CLOSED replica.
2019-10-21 08:55:14,203 [BlockDeletingService#2] WARN  background.BlockDeletingService (BlockDeletingService.java:isDeletionAllowed(187)) - Close Container log Index 6 is not replicated across allthe servers in the pipeline c3f294cd-78fe-4723-8c0d-a8897c702509 as the min replicated index is 4. Deletion is not allowed in this container yet.
2019-10-21 08:55:14,203 [BlockDeletingService#2] WARN  background.BlockDeletingService (BlockDeletingService.java:isDeletionAllowed(187)) - Close Container log Index 6 is not replicated across allthe servers in the pipeline c3f294cd-78fe-4723-8c0d-a8897c702509 as the min replicated index is 4. Deletion is not allowed in this container yet.
2019-10-21 08:55:14,294 [EventQueue-ContainerReportForContainerReportHandler] WARN  container.ContainerReportHandler (AbstractContainerReportHandler.java:updateContainerState(145)) - Container #1 is in OPEN state, but the datanode 5edaa15a-462c-4223-9b9f-86f5b13029f2{ip: 192.168.69.94, host: pr-hdds-1868-bv6q8-2720828103, networkLocation: /default-rack, certSerialId: null} reports an CLOSED replica.
2019-10-21 08:55:14,345 [EventQueue-ContainerReportForContainerReportHandler] WARN  container.ContainerReportHandler (AbstractContainerReportHandler.java:updateContainerState(145)) - Container #1 is in OPEN state, but the datanode fe29a221-84a6-4e60-b8fd-e87bf4d69f29{ip: 192.168.69.94, host: pr-hdds-1868-bv6q8-2720828103, networkLocation: /default-rack, certSerialId: null} reports an CLOSED replica.
2019-10-21 08:55:14,494 [EventQueue-ContainerReportForContainerReportHandler] WARN  container.ContainerReportHandler (AbstractContainerReportHandler.java:updateContainerState(145)) - Container #1 is in OPEN state, but the datanode 5edaa15a-462c-4223-9b9f-86f5b13029f2{ip: 192.168.69.94, host: pr-hdds-1868-bv6q8-2720828103, networkLocation: /default-rack, certSerialId: null} reports an CLOSED replica.
2019-10-21 08:55:14,645 [EventQueue-ContainerReportForContainerReportHandler] WARN  container.ContainerReportHandler (AbstractContainerReportHandler.java:updateContainerState(145)) - Container #1 is in OPEN state, but the datanode fe29a221-84a6-4e60-b8fd-e87bf4d69f29{ip: 192.168.69.94, host: pr-hdds-1868-bv6q8-2720828103, networkLocation: /default-rack, certSerialId: null} reports an CLOSED replica.
2019-10-21 08:55:14,895 [EventQueue-ContainerReportForContainerReportHandler] WARN  container.ContainerReportHandler (AbstractContainerReportHandler.java:updateContainerState(145)) - Container #1 is in OPEN state, but the datanode 5edaa15a-462c-4223-9b9f-86f5b13029f2{ip: 192.168.69.94, host: pr-hdds-1868-bv6q8-2720828103, networkLocation: /default-rack, certSerialId: null} reports an CLOSED replica.
2019-10-21 08:55:14,945 [EventQueue-ContainerReportForContainerReportHandler] WARN  container.ContainerReportHandler (AbstractContainerReportHandler.java:updateContainerState(145)) - Container #1 is in OPEN state, but the datanode fe29a221-84a6-4e60-b8fd-e87bf4d69f29{ip: 192.168.69.94, host: pr-hdds-1868-bv6q8-2720828103, networkLocation: /default-rack, certSerialId: null} reports an CLOSED replica.
2019-10-21 08:55:15,097 [EventQueue-ContainerReportForContainerReportHandler] WARN  container.ContainerReportHandler (AbstractContainerReportHandler.java:updateContainerState(145)) - Container #1 is in OPEN state, but the datanode 5edaa15a-462c-4223-9b9f-86f5b13029f2{ip: 192.168.69.94, host: pr-hdds-1868-bv6q8-2720828103, networkLocation: /default-rack, certSerialId: null} reports an CLOSED replica.
2019-10-21 08:55:15,206 [BlockDeletingService#2] WARN  background.BlockDeletingService (BlockDeletingService.java:isDeletionAllowed(187)) - Close Container log Index 6 is not replicated across allthe servers in the pipeline c3f294cd-78fe-4723-8c0d-a8897c702509 as the min replicated index is 4. Deletion is not allowed in this container yet.
2019-10-21 08:55:15,206 [BlockDeletingService#2] WARN  background.BlockDeletingService (BlockDeletingService.java:isDeletionAllowed(187)) - Close Container log Index 6 is not replicated across allthe servers in the pipeline c3f294cd-78fe-4723-8c0d-a8897c702509 as the min replicated index is 4. Deletion is not allowed in this container yet.
2019-10-21 08:55:15,346 [EventQueue-ContainerReportForContainerReportHandler] WARN  container.ContainerReportHandler (AbstractContainerReportHandler.java:updateContainerState(145)) - Container #1 is in OPEN state, but the datanode fe29a221-84a6-4e60-b8fd-e87bf4d69f29{ip: 192.168.69.94, host: pr-hdds-1868-bv6q8-2720828103, networkLocation: /default-rack, certSerialId: null} reports an CLOSED replica.
2019-10-21 08:55:15,397 [EventQueue-ContainerReportForContainerReportHandler] WARN  container.ContainerReportHandler (AbstractContainerReportHandler.java:updateContainerState(145)) - Container #1 is in OPEN state, but the datanode 5edaa15a-462c-4223-9b9f-86f5b13029f2{ip: 192.168.69.94, host: pr-hdds-1868-bv6q8-2720828103, networkLocation: /default-rack, certSerialId: null} reports an CLOSED replica.
2019-10-21 08:55:15,646 [EventQueue-ContainerReportForContainerReportHandler] WARN  container.ContainerReportHandler (AbstractContainerReportHandler.java:updateContainerState(145)) - Container #1 is in OPEN state, but the datanode fe29a221-84a6-4e60-b8fd-e87bf4d69f29{ip: 192.168.69.94, host: pr-hdds-1868-bv6q8-2720828103, networkLocation: /default-rack, certSerialId: null} reports an CLOSED replica.
2019-10-21 08:55:15,798 [EventQueue-ContainerReportForContainerReportHandler] WARN  container.ContainerReportHandler (AbstractContainerReportHandler.java:updateContainerState(145)) - Container #1 is in OPEN state, but the datanode 5edaa15a-462c-4223-9b9f-86f5b13029f2{ip: 192.168.69.94, host: pr-hdds-1868-bv6q8-2720828103, networkLocation: /default-rack, certSerialId: null} reports an CLOSED replica.
2019-10-21 08:55:15,830 [java.util.concurrent.ThreadPoolExecutor$Worker@294731c0[State = -1, empty queue]] WARN  server.GrpcLogAppender (GrpcLogAppender.java:timeoutAppendRequest(209)) - 5edaa15a-462c-4223-9b9f-86f5b13029f2@group-A8897C702509->c70aeaaf-c9e5-48cb-bf54-679217b9dc75-GrpcLogAppender: appendEntries Timeout, request=5edaa15a-462c-4223-9b9f-86f5b13029f2->c70aeaaf-c9e5-48cb-bf54-679217b9dc75#41-t1, previous=(t:1, i:10), leaderCommit=10, initializing? false, entries: <empty>
2019-10-21 08:55:15,845 [EventQueue-ContainerReportForContainerReportHandler] WARN  container.ContainerReportHandler (AbstractContainerReportHandler.java:updateContainerState(145)) - Container #1 is in OPEN state, but the datanode fe29a221-84a6-4e60-b8fd-e87bf4d69f29{ip: 192.168.69.94, host: pr-hdds-1868-bv6q8-2720828103, networkLocation: /default-rack, certSerialId: null} reports an CLOSED replica.
2019-10-21 08:55:16,045 [EventQueue-ContainerReportForContainerReportHandler] WARN  container.ContainerReportHandler (AbstractContainerReportHandler.java:updateContainerState(145)) - Container #1 is in OPEN state, but the datanode fe29a221-84a6-4e60-b8fd-e87bf4d69f29{ip: 192.168.69.94, host: pr-hdds-1868-bv6q8-2720828103, networkLocation: /default-rack, certSerialId: null} reports an CLOSED replica.
2019-10-21 08:55:16,099 [EventQueue-ContainerReportForContainerReportHandler] WARN  container.ContainerReportHandler (AbstractContainerReportHandler.java:updateContainerState(145)) - Container #1 is in OPEN state, but the datanode 5edaa15a-462c-4223-9b9f-86f5b13029f2{ip: 192.168.69.94, host: pr-hdds-1868-bv6q8-2720828103, networkLocation: /default-rack, certSerialId: null} reports an CLOSED replica.
2019-10-21 08:55:16,208 [BlockDeletingService#2] WARN  background.BlockDeletingService (BlockDeletingService.java:isDeletionAllowed(187)) - Close Container log Index 6 is not replicated across allthe servers in the pipeline c3f294cd-78fe-4723-8c0d-a8897c702509 as the min replicated index is 4. Deletion is not allowed in this container yet.
2019-10-21 08:55:16,208 [BlockDeletingService#2] WARN  background.BlockDeletingService (BlockDeletingService.java:isDeletionAllowed(187)) - Close Container log Index 6 is not replicated across allthe servers in the pipeline c3f294cd-78fe-4723-8c0d-a8897c702509 as the min replicated index is 4. Deletion is not allowed in this container yet.
2019-10-21 08:55:16,345 [EventQueue-ContainerReportForContainerReportHandler] WARN  container.ContainerReportHandler (AbstractContainerReportHandler.java:updateContainerState(145)) - Container #1 is in OPEN state, but the datanode fe29a221-84a6-4e60-b8fd-e87bf4d69f29{ip: 192.168.69.94, host: pr-hdds-1868-bv6q8-2720828103, networkLocation: /default-rack, certSerialId: null} reports an CLOSED replica.
2019-10-21 08:55:16,402 [EventQueue-ContainerReportForContainerReportHandler] WARN  container.ContainerReportHandler (AbstractContainerReportHandler.java:updateContainerState(145)) - Container #1 is in OPEN state, but the datanode 5edaa15a-462c-4223-9b9f-86f5b13029f2{ip: 192.168.69.94, host: pr-hdds-1868-bv6q8-2720828103, networkLocation: /default-rack, certSerialId: null} reports an CLOSED replica.
2019-10-21 08:55:16,645 [EventQueue-ContainerReportForContainerReportHandler] WARN  container.ContainerReportHandler (AbstractContainerReportHandler.java:updateContainerState(145)) - Container #1 is in OPEN state, but the datanode fe29a221-84a6-4e60-b8fd-e87bf4d69f29{ip: 192.168.69.94, host: pr-hdds-1868-bv6q8-2720828103, networkLocation: /default-rack, certSerialId: null} reports an CLOSED replica.
2019-10-21 08:55:16,703 [EventQueue-ContainerReportForContainerReportHandler] WARN  container.ContainerReportHandler (AbstractContainerReportHandler.java:updateContainerState(145)) - Container #1 is in OPEN state, but the datanode 5edaa15a-462c-4223-9b9f-86f5b13029f2{ip: 192.168.69.94, host: pr-hdds-1868-bv6q8-2720828103, networkLocation: /default-rack, certSerialId: null} reports an CLOSED replica.
2019-10-21 08:55:16,946 [EventQueue-ContainerReportForContainerReportHandler] WARN  container.ContainerReportHandler (AbstractContainerReportHandler.java:updateContainerState(145)) - Container #1 is in OPEN state, but the datanode fe29a221-84a6-4e60-b8fd-e87bf4d69f29{ip: 192.168.69.94, host: pr-hdds-1868-bv6q8-2720828103, networkLocation: /default-rack, certSerialId: null} reports an CLOSED replica.
2019-10-21 08:55:17,103 [EventQueue-ContainerReportForContainerReportHandler] WARN  container.ContainerReportHandler (AbstractContainerReportHandler.java:updateContainerState(145)) - Container #1 is in OPEN state, but the datanode 5edaa15a-462c-4223-9b9f-86f5b13029f2{ip: 192.168.69.94, host: pr-hdds-1868-bv6q8-2720828103, networkLocation: /default-rack, certSerialId: null} reports an CLOSED replica.
2019-10-21 08:55:17,210 [BlockDeletingService#2] WARN  background.BlockDeletingService (BlockDeletingService.java:isDeletionAllowed(187)) - Close Container log Index 6 is not replicated across allthe servers in the pipeline c3f294cd-78fe-4723-8c0d-a8897c702509 as the min replicated index is 4. Deletion is not allowed in this container yet.
2019-10-21 08:55:17,210 [BlockDeletingService#2] WARN  background.BlockDeletingService (BlockDeletingService.java:isDeletionAllowed(187)) - Close Container log Index 6 is not replicated across allthe servers in the pipeline c3f294cd-78fe-4723-8c0d-a8897c702509 as the min replicated index is 4. Deletion is not allowed in this container yet.
2019-10-21 08:55:17,249 [EventQueue-ContainerReportForContainerReportHandler] WARN  container.ContainerReportHandler (AbstractContainerReportHandler.java:updateContainerState(145)) - Container #1 is in OPEN state, but the datanode fe29a221-84a6-4e60-b8fd-e87bf4d69f29{ip: 192.168.69.94, host: pr-hdds-1868-bv6q8-2720828103, networkLocation: /default-rack, certSerialId: null} reports an CLOSED replica.
2019-10-21 08:55:17,503 [EventQueue-ContainerReportForContainerReportHandler] WARN  container.ContainerReportHandler (AbstractContainerReportHandler.java:updateContainerState(145)) - Container #1 is in OPEN state, but the datanode 5edaa15a-462c-4223-9b9f-86f5b13029f2{ip: 192.168.69.94, host: pr-hdds-1868-bv6q8-2720828103, networkLocation: /default-rack, certSerialId: null} reports an CLOSED replica.
2019-10-21 08:55:17,550 [EventQueue-ContainerReportForContainerReportHandler] WARN  container.ContainerReportHandler (AbstractContainerReportHandler.java:updateContainerState(145)) - Container #1 is in OPEN state, but the datanode fe29a221-84a6-4e60-b8fd-e87bf4d69f29{ip: 192.168.69.94, host: pr-hdds-1868-bv6q8-2720828103, networkLocation: /default-rack, certSerialId: null} reports an CLOSED replica.
2019-10-21 08:55:17,803 [EventQueue-ContainerReportForContainerReportHandler] WARN  container.ContainerReportHandler (AbstractContainerReportHandler.java:updateContainerState(145)) - Container #1 is in OPEN state, but the datanode 5edaa15a-462c-4223-9b9f-86f5b13029f2{ip: 192.168.69.94, host: pr-hdds-1868-bv6q8-2720828103, networkLocation: /default-rack, certSerialId: null} reports an CLOSED replica.
2019-10-21 08:55:17,950 [EventQueue-ContainerReportForContainerReportHandler] WARN  container.ContainerReportHandler (AbstractContainerReportHandler.java:updateContainerState(145)) - Container #1 is in OPEN state, but the datanode fe29a221-84a6-4e60-b8fd-e87bf4d69f29{ip: 192.168.69.94, host: pr-hdds-1868-bv6q8-2720828103, networkLocation: /default-rack, certSerialId: null} reports an CLOSED replica.
2019-10-21 08:55:18,008 [Thread-487] INFO  client.GrpcClientProtocolService (GrpcClientProtocolService.java:lambda$processClientRequest$0(279)) - Failed RaftClientRequest:client-A2E42EE46BE4->fe29a221-84a6-4e60-b8fd-e87bf4d69f29@group-A8897C702509, cid=22, seq=0, Watch-ALL_COMMITTED(6), Message:<EMPTY>, reply=RaftClientReply:client-A2E42EE46BE4->fe29a221-84a6-4e60-b8fd-e87bf4d69f29@group-A8897C702509, cid=22, FAILED org.apache.ratis.protocol.NotLeaderException: Server fe29a221-84a6-4e60-b8fd-e87bf4d69f29@group-A8897C702509 is not the leader 5edaa15a-462c-4223-9b9f-86f5b13029f2:192.168.69.94:40883, logIndex=0, commits[fe29a221-84a6-4e60-b8fd-e87bf4d69f29:c10, c70aeaaf-c9e5-48cb-bf54-679217b9dc75:c4, 5edaa15a-462c-4223-9b9f-86f5b13029f2:c10]
2019-10-21 08:55:18,103 [EventQueue-ContainerReportForContainerReportHandler] WARN  container.ContainerReportHandler (AbstractContainerReportHandler.java:updateContainerState(145)) - Container #1 is in OPEN state, but the datanode 5edaa15a-462c-4223-9b9f-86f5b13029f2{ip: 192.168.69.94, host: pr-hdds-1868-bv6q8-2720828103, networkLocation: /default-rack, certSerialId: null} reports an CLOSED replica.
2019-10-21 08:55:18,212 [BlockDeletingService#2] WARN  background.BlockDeletingService (BlockDeletingService.java:isDeletionAllowed(187)) - Close Container log Index 6 is not replicated across allthe servers in the pipeline c3f294cd-78fe-4723-8c0d-a8897c702509 as the min replicated index is 4. Deletion is not allowed in this container yet.
2019-10-21 08:55:18,212 [BlockDeletingService#2] WARN  background.BlockDeletingService (BlockDeletingService.java:isDeletionAllowed(187)) - Close Container log Index 6 is not replicated across allthe servers in the pipeline c3f294cd-78fe-4723-8c0d-a8897c702509 as the min replicated index is 4. Deletion is not allowed in this container yet.
2019-10-21 08:55:18,303 [EventQueue-ContainerReportForContainerReportHandler] WARN  container.ContainerReportHandler (AbstractContainerReportHandler.java:updateContainerState(145)) - Container #1 is in OPEN state, but the datanode 5edaa15a-462c-4223-9b9f-86f5b13029f2{ip: 192.168.69.94, host: pr-hdds-1868-bv6q8-2720828103, networkLocation: /default-rack, certSerialId: null} reports an CLOSED replica.
2019-10-21 08:55:18,332 [java.util.concurrent.ThreadPoolExecutor$Worker@294731c0[State = -1, empty queue]] WARN  server.GrpcLogAppender (GrpcLogAppender.java:timeoutAppendRequest(209)) - 5edaa15a-462c-4223-9b9f-86f5b13029f2@group-A8897C702509->c70aeaaf-c9e5-48cb-bf54-679217b9dc75-GrpcLogAppender: appendEntries Timeout, request=5edaa15a-462c-4223-9b9f-86f5b13029f2->c70aeaaf-c9e5-48cb-bf54-679217b9dc75#42-t1, previous=(t:1, i:10), leaderCommit=10, initializing? false, entries: <empty>
2019-10-21 08:55:18,350 [EventQueue-ContainerReportForContainerReportHandler] WARN  container.ContainerReportHandler (AbstractContainerReportHandler.java:updateContainerState(145)) - Container #1 is in OPEN state, but the datanode fe29a221-84a6-4e60-b8fd-e87bf4d69f29{ip: 192.168.69.94, host: pr-hdds-1868-bv6q8-2720828103, networkLocation: /default-rack, certSerialId: null} reports an CLOSED replica.
2019-10-21 08:55:18,550 [EventQueue-ContainerReportForContainerReportHandler] WARN  container.ContainerReportHandler (AbstractContainerReportHandler.java:updateContainerState(145)) - Container #1 is in OPEN state, but the datanode fe29a221-84a6-4e60-b8fd-e87bf4d69f29{ip: 192.168.69.94, host: pr-hdds-1868-bv6q8-2720828103, networkLocation: /default-rack, certSerialId: null} reports an CLOSED replica.
2019-10-21 08:55:18,604 [EventQueue-ContainerReportForContainerReportHandler] WARN  container.ContainerReportHandler (AbstractContainerReportHandler.java:updateContainerState(145)) - Container #1 is in OPEN state, but the datanode 5edaa15a-462c-4223-9b9f-86f5b13029f2{ip: 192.168.69.94, host: pr-hdds-1868-bv6q8-2720828103, networkLocation: /default-rack, certSerialId: null} reports an CLOSED replica.
2019-10-21 08:55:18,851 [EventQueue-ContainerReportForContainerReportHandler] WARN  container.ContainerReportHandler (AbstractContainerReportHandler.java:updateContainerState(145)) - Container #1 is in OPEN state, but the datanode fe29a221-84a6-4e60-b8fd-e87bf4d69f29{ip: 192.168.69.94, host: pr-hdds-1868-bv6q8-2720828103, networkLocation: /default-rack, certSerialId: null} reports an CLOSED replica.
2019-10-21 08:55:19,004 [EventQueue-ContainerReportForContainerReportHandler] WARN  container.ContainerReportHandler (AbstractContainerReportHandler.java:updateContainerState(145)) - Container #1 is in OPEN state, but the datanode 5edaa15a-462c-4223-9b9f-86f5b13029f2{ip: 192.168.69.94, host: pr-hdds-1868-bv6q8-2720828103, networkLocation: /default-rack, certSerialId: null} reports an CLOSED replica.
2019-10-21 08:55:19,153 [EventQueue-ContainerReportForContainerReportHandler] WARN  container.ContainerReportHandler (AbstractContainerReportHandler.java:updateContainerState(145)) - Container #1 is in OPEN state, but the datanode fe29a221-84a6-4e60-b8fd-e87bf4d69f29{ip: 192.168.69.94, host: pr-hdds-1868-bv6q8-2720828103, networkLocation: /default-rack, certSerialId: null} reports an CLOSED replica.
2019-10-21 08:55:19,214 [BlockDeletingService#2] WARN  background.BlockDeletingService (BlockDeletingService.java:isDeletionAllowed(187)) - Close Container log Index 6 is not replicated across allthe servers in the pipeline c3f294cd-78fe-4723-8c0d-a8897c702509 as the min replicated index is 4. Deletion is not allowed in this container yet.
2019-10-21 08:55:19,214 [BlockDeletingService#2] WARN  background.BlockDeletingService (BlockDeletingService.java:isDeletionAllowed(187)) - Close Container log Index 6 is not replicated across allthe servers in the pipeline c3f294cd-78fe-4723-8c0d-a8897c702509 as the min replicated index is 4. Deletion is not allowed in this container yet.
2019-10-21 08:55:19,304 [EventQueue-ContainerReportForContainerReportHandler] WARN  container.ContainerReportHandler (AbstractContainerReportHandler.java:updateContainerState(145)) - Container #1 is in OPEN state, but the datanode 5edaa15a-462c-4223-9b9f-86f5b13029f2{ip: 192.168.69.94, host: pr-hdds-1868-bv6q8-2720828103, networkLocation: /default-rack, certSerialId: null} reports an CLOSED replica.
2019-10-21 08:55:19,455 [EventQueue-ContainerReportForContainerReportHandler] WARN  container.ContainerReportHandler (AbstractContainerReportHandler.java:updateContainerState(145)) - Container #1 is in OPEN state, but the datanode fe29a221-84a6-4e60-b8fd-e87bf4d69f29{ip: 192.168.69.94, host: pr-hdds-1868-bv6q8-2720828103, networkLocation: /default-rack, certSerialId: null} reports an CLOSED replica.
2019-10-21 08:55:19,604 [EventQueue-ContainerReportForContainerReportHandler] WARN  container.ContainerReportHandler (AbstractContainerReportHandler.java:updateContainerState(145)) - Container #1 is in OPEN state, but the datanode 5edaa15a-462c-4223-9b9f-86f5b13029f2{ip: 192.168.69.94, host: pr-hdds-1868-bv6q8-2720828103, networkLocation: /default-rack, certSerialId: null} reports an CLOSED replica.
2019-10-21 08:55:19,755 [EventQueue-ContainerReportForContainerReportHandler] WARN  container.ContainerReportHandler (AbstractContainerReportHandler.java:updateContainerState(145)) - Container #1 is in OPEN state, but the datanode fe29a221-84a6-4e60-b8fd-e87bf4d69f29{ip: 192.168.69.94, host: pr-hdds-1868-bv6q8-2720828103, networkLocation: /default-rack, certSerialId: null} reports an CLOSED replica.
2019-10-21 08:55:19,884 [Thread-494] INFO  client.GrpcClientProtocolService (GrpcClientProtocolService.java:lambda$processClientRequest$0(279)) - Failed RaftClientRequest:client-A2E42EE46BE4->5edaa15a-462c-4223-9b9f-86f5b13029f2@group-A8897C702509, cid=22, seq=0, Watch-ALL_COMMITTED(6), Message:<EMPTY>, reply=RaftClientReply:client-A2E42EE46BE4->5edaa15a-462c-4223-9b9f-86f5b13029f2@group-A8897C702509, cid=22, FAILED org.apache.ratis.protocol.NotReplicatedException: Request with call Id 22 and log index 6 is not yet replicated to ALL_COMMITTED, logIndex=6, commits[5edaa15a-462c-4223-9b9f-86f5b13029f2:c10, c70aeaaf-c9e5-48cb-bf54-679217b9dc75:c4, fe29a221-84a6-4e60-b8fd-e87bf4d69f29:c10]
2019-10-21 08:55:19,906 [EventQueue-ContainerReportForContainerReportHandler] WARN  container.ContainerReportHandler (AbstractContainerReportHandler.java:updateContainerState(145)) - Container #1 is in OPEN state, but the datanode 5edaa15a-462c-4223-9b9f-86f5b13029f2{ip: 192.168.69.94, host: pr-hdds-1868-bv6q8-2720828103, networkLocation: /default-rack, certSerialId: null} reports an CLOSED replica.
2019-10-21 08:55:19,955 [EventQueue-ContainerReportForContainerReportHandler] WARN  container.ContainerReportHandler (AbstractContainerReportHandler.java:updateContainerState(145)) - Container #1 is in OPEN state, but the datanode fe29a221-84a6-4e60-b8fd-e87bf4d69f29{ip: 192.168.69.94, host: pr-hdds-1868-bv6q8-2720828103, networkLocation: /default-rack, certSerialId: null} reports an CLOSED replica.
2019-10-21 08:55:20,206 [EventQueue-ContainerReportForContainerReportHandler] WARN  container.ContainerReportHandler (AbstractContainerReportHandler.java:updateContainerState(145)) - Container #1 is in OPEN state, but the datanode 5edaa15a-462c-4223-9b9f-86f5b13029f2{ip: 192.168.69.94, host: pr-hdds-1868-bv6q8-2720828103, networkLocation: /default-rack, certSerialId: null} reports an CLOSED replica.
2019-10-21 08:55:20,216 [BlockDeletingService#2] WARN  background.BlockDeletingService (BlockDeletingService.java:isDeletionAllowed(187)) - Close Container log Index 6 is not replicated across allthe servers in the pipeline c3f294cd-78fe-4723-8c0d-a8897c702509 as the min replicated index is 4. Deletion is not allowed in this container yet.
2019-10-21 08:55:20,217 [BlockDeletingService#2] WARN  background.BlockDeletingService (BlockDeletingService.java:isDeletionAllowed(187)) - Close Container log Index 6 is not replicated across allthe servers in the pipeline c3f294cd-78fe-4723-8c0d-a8897c702509 as the min replicated index is 4. Deletion is not allowed in this container yet.
2019-10-21 08:55:20,358 [EventQueue-ContainerReportForContainerReportHandler] WARN  container.ContainerReportHandler (AbstractContainerReportHandler.java:updateContainerState(145)) - Container #1 is in OPEN state, but the datanode fe29a221-84a6-4e60-b8fd-e87bf4d69f29{ip: 192.168.69.94, host: pr-hdds-1868-bv6q8-2720828103, networkLocation: /default-rack, certSerialId: null} reports an CLOSED replica.
2019-10-21 08:55:20,506 [EventQueue-ContainerReportForContainerReportHandler] WARN  container.ContainerReportHandler (AbstractContainerReportHandler.java:updateContainerState(145)) - Container #1 is in OPEN state, but the datanode 5edaa15a-462c-4223-9b9f-86f5b13029f2{ip: 192.168.69.94, host: pr-hdds-1868-bv6q8-2720828103, networkLocation: /default-rack, certSerialId: null} reports an CLOSED replica.
2019-10-21 08:55:20,759 [EventQueue-ContainerReportForContainerReportHandler] WARN  container.ContainerReportHandler (AbstractContainerReportHandler.java:updateContainerState(145)) - Container #1 is in OPEN state, but the datanode fe29a221-84a6-4e60-b8fd-e87bf4d69f29{ip: 192.168.69.94, host: pr-hdds-1868-bv6q8-2720828103, networkLocation: /default-rack, certSerialId: null} reports an CLOSED replica.
2019-10-21 08:55:20,806 [EventQueue-ContainerReportForContainerReportHandler] WARN  container.ContainerReportHandler (AbstractContainerReportHandler.java:updateContainerState(145)) - Container #1 is in OPEN state, but the datanode 5edaa15a-462c-4223-9b9f-86f5b13029f2{ip: 192.168.69.94, host: pr-hdds-1868-bv6q8-2720828103, networkLocation: /default-rack, certSerialId: null} reports an CLOSED replica.
2019-10-21 08:55:20,833 [java.util.concurrent.ThreadPoolExecutor$Worker@294731c0[State = -1, empty queue]] WARN  server.GrpcLogAppender (GrpcLogAppender.java:timeoutAppendRequest(209)) - 5edaa15a-462c-4223-9b9f-86f5b13029f2@group-A8897C702509->c70aeaaf-c9e5-48cb-bf54-679217b9dc75-GrpcLogAppender: appendEntries Timeout, request=5edaa15a-462c-4223-9b9f-86f5b13029f2->c70aeaaf-c9e5-48cb-bf54-679217b9dc75#43-t1, previous=(t:1, i:10), leaderCommit=10, initializing? false, entries: <empty>
2019-10-21 08:55:21,006 [EventQueue-ContainerReportForContainerReportHandler] WARN  container.ContainerReportHandler (AbstractContainerReportHandler.java:updateContainerState(145)) - Container #1 is in OPEN state, but the datanode 5edaa15a-462c-4223-9b9f-86f5b13029f2{ip: 192.168.69.94, host: pr-hdds-1868-bv6q8-2720828103, networkLocation: /default-rack, certSerialId: null} reports an CLOSED replica.
2019-10-21 08:55:21,059 [EventQueue-ContainerReportForContainerReportHandler] WARN  container.ContainerReportHandler (AbstractContainerReportHandler.java:updateContainerState(145)) - Container #1 is in OPEN state, but the datanode fe29a221-84a6-4e60-b8fd-e87bf4d69f29{ip: 192.168.69.94, host: pr-hdds-1868-bv6q8-2720828103, networkLocation: /default-rack, certSerialId: null} reports an CLOSED replica.
2019-10-21 08:55:21,218 [BlockDeletingService#2] WARN  background.BlockDeletingService (BlockDeletingService.java:isDeletionAllowed(187)) - Close Container log Index 6 is not replicated across allthe servers in the pipeline c3f294cd-78fe-4723-8c0d-a8897c702509 as the min replicated index is 4. Deletion is not allowed in this container yet.
2019-10-21 08:55:21,219 [BlockDeletingService#2] WARN  background.BlockDeletingService (BlockDeletingService.java:isDeletionAllowed(187)) - Close Container log Index 6 is not replicated across allthe servers in the pipeline c3f294cd-78fe-4723-8c0d-a8897c702509 as the min replicated index is 4. Deletion is not allowed in this container yet.
2019-10-21 08:55:21,306 [EventQueue-ContainerReportForContainerReportHandler] WARN  container.ContainerReportHandler (AbstractContainerReportHandler.java:updateContainerState(145)) - Container #1 is in OPEN state, but the datanode 5edaa15a-462c-4223-9b9f-86f5b13029f2{ip: 192.168.69.94, host: pr-hdds-1868-bv6q8-2720828103, networkLocation: /default-rack, certSerialId: null} reports an CLOSED replica.
2019-10-21 08:55:21,359 [EventQueue-ContainerReportForContainerReportHandler] WARN  container.ContainerReportHandler (AbstractContainerReportHandler.java:updateContainerState(145)) - Container #1 is in OPEN state, but the datanode fe29a221-84a6-4e60-b8fd-e87bf4d69f29{ip: 192.168.69.94, host: pr-hdds-1868-bv6q8-2720828103, networkLocation: /default-rack, certSerialId: null} reports an CLOSED replica.
2019-10-21 08:55:21,707 [EventQueue-ContainerReportForContainerReportHandler] WARN  container.ContainerReportHandler (AbstractContainerReportHandler.java:updateContainerState(145)) - Container #1 is in OPEN state, but the datanode 5edaa15a-462c-4223-9b9f-86f5b13029f2{ip: 192.168.69.94, host: pr-hdds-1868-bv6q8-2720828103, networkLocation: /default-rack, certSerialId: null} reports an CLOSED replica.
2019-10-21 08:55:21,759 [EventQueue-ContainerReportForContainerReportHandler] WARN  container.ContainerReportHandler (AbstractContainerReportHandler.java:updateContainerState(145)) - Container #1 is in OPEN state, but the datanode fe29a221-84a6-4e60-b8fd-e87bf4d69f29{ip: 192.168.69.94, host: pr-hdds-1868-bv6q8-2720828103, networkLocation: /default-rack, certSerialId: null} reports an CLOSED replica.
2019-10-21 08:55:21,906 [EventQueue-ContainerReportForContainerReportHandler] WARN  container.ContainerReportHandler (AbstractContainerReportHandler.java:updateContainerState(145)) - Container #1 is in OPEN state, but the datanode 5edaa15a-462c-4223-9b9f-86f5b13029f2{ip: 192.168.69.94, host: pr-hdds-1868-bv6q8-2720828103, networkLocation: /default-rack, certSerialId: null} reports an CLOSED replica.
2019-10-21 08:55:22,059 [EventQueue-ContainerReportForContainerReportHandler] WARN  container.ContainerReportHandler (AbstractContainerReportHandler.java:updateContainerState(145)) - Container #1 is in OPEN state, but the datanode fe29a221-84a6-4e60-b8fd-e87bf4d69f29{ip: 192.168.69.94, host: pr-hdds-1868-bv6q8-2720828103, networkLocation: /default-rack, certSerialId: null} reports an CLOSED replica.
2019-10-21 08:55:22,207 [EventQueue-ContainerReportForContainerReportHandler] WARN  container.ContainerReportHandler (AbstractContainerReportHandler.java:updateContainerState(145)) - Container #1 is in OPEN state, but the datanode 5edaa15a-462c-4223-9b9f-86f5b13029f2{ip: 192.168.69.94, host: pr-hdds-1868-bv6q8-2720828103, networkLocation: /default-rack, certSerialId: null} reports an CLOSED replica.
2019-10-21 08:55:22,222 [BlockDeletingService#2] WARN  background.BlockDeletingService (BlockDeletingService.java:isDeletionAllowed(187)) - Close Container log Index 6 is not replicated across allthe servers in the pipeline c3f294cd-78fe-4723-8c0d-a8897c702509 as the min replicated index is 4. Deletion is not allowed in this container yet.
2019-10-21 08:55:22,222 [BlockDeletingService#2] WARN  background.BlockDeletingService (BlockDeletingService.java:isDeletionAllowed(187)) - Close Container log Index 6 is not replicated across allthe servers in the pipeline c3f294cd-78fe-4723-8c0d-a8897c702509 as the min replicated index is 4. Deletion is not allowed in this container yet.
2019-10-21 08:55:22,407 [EventQueue-ContainerReportForContainerReportHandler] WARN  container.ContainerReportHandler (AbstractContainerReportHandler.java:updateContainerState(145)) - Container #1 is in OPEN state, but the datanode 5edaa15a-462c-4223-9b9f-86f5b13029f2{ip: 192.168.69.94, host: pr-hdds-1868-bv6q8-2720828103, networkLocation: /default-rack, certSerialId: null} reports an CLOSED replica.
2019-10-21 08:55:22,460 [EventQueue-ContainerReportForContainerReportHandler] WARN  container.ContainerReportHandler (AbstractContainerReportHandler.java:updateContainerState(145)) - Container #1 is in OPEN state, but the datanode fe29a221-84a6-4e60-b8fd-e87bf4d69f29{ip: 192.168.69.94, host: pr-hdds-1868-bv6q8-2720828103, networkLocation: /default-rack, certSerialId: null} reports an CLOSED replica.
2019-10-21 08:55:22,607 [EventQueue-ContainerReportForContainerReportHandler] WARN  container.ContainerReportHandler (AbstractContainerReportHandler.java:updateContainerState(145)) - Container #1 is in OPEN state, but the datanode 5edaa15a-462c-4223-9b9f-86f5b13029f2{ip: 192.168.69.94, host: pr-hdds-1868-bv6q8-2720828103, networkLocation: /default-rack, certSerialId: null} reports an CLOSED replica.
2019-10-21 08:55:22,762 [EventQueue-ContainerReportForContainerReportHandler] WARN  container.ContainerReportHandler (AbstractContainerReportHandler.java:updateContainerState(145)) - Container #1 is in OPEN state, but the datanode fe29a221-84a6-4e60-b8fd-e87bf4d69f29{ip: 192.168.69.94, host: pr-hdds-1868-bv6q8-2720828103, networkLocation: /default-rack, certSerialId: null} reports an CLOSED replica.
2019-10-21 08:55:23,007 [EventQueue-ContainerReportForContainerReportHandler] WARN  container.ContainerReportHandler (AbstractContainerReportHandler.java:updateContainerState(145)) - Container #1 is in OPEN state, but the datanode 5edaa15a-462c-4223-9b9f-86f5b13029f2{ip: 192.168.69.94, host: pr-hdds-1868-bv6q8-2720828103, networkLocation: /default-rack, certSerialId: null} reports an CLOSED replica.
2019-10-21 08:55:23,165 [EventQueue-ContainerReportForContainerReportHandler] WARN  container.ContainerReportHandler (AbstractContainerReportHandler.java:updateContainerState(145)) - Container #1 is in OPEN state, but the datanode fe29a221-84a6-4e60-b8fd-e87bf4d69f29{ip: 192.168.69.94, host: pr-hdds-1868-bv6q8-2720828103, networkLocation: /default-rack, certSerialId: null} reports an CLOSED replica.
2019-10-21 08:55:23,224 [BlockDeletingService#2] WARN  background.BlockDeletingService (BlockDeletingService.java:isDeletionAllowed(187)) - Close Container log Index 6 is not replicated across allthe servers in the pipeline c3f294cd-78fe-4723-8c0d-a8897c702509 as the min replicated index is 4. Deletion is not allowed in this container yet.
2019-10-21 08:55:23,224 [BlockDeletingService#2] WARN  background.BlockDeletingService (BlockDeletingService.java:isDeletionAllowed(187)) - Close Container log Index 6 is not replicated across allthe servers in the pipeline c3f294cd-78fe-4723-8c0d-a8897c702509 as the min replicated index is 4. Deletion is not allowed in this container yet.
2019-10-21 08:55:23,307 [EventQueue-ContainerReportForContainerReportHandler] WARN  container.ContainerReportHandler (AbstractContainerReportHandler.java:updateContainerState(145)) - Container #1 is in OPEN state, but the datanode 5edaa15a-462c-4223-9b9f-86f5b13029f2{ip: 192.168.69.94, host: pr-hdds-1868-bv6q8-2720828103, networkLocation: /default-rack, certSerialId: null} reports an CLOSED replica.
2019-10-21 08:55:23,334 [java.util.concurrent.ThreadPoolExecutor$Worker@294731c0[State = -1, empty queue]] WARN  server.GrpcLogAppender (GrpcLogAppender.java:timeoutAppendRequest(209)) - 5edaa15a-462c-4223-9b9f-86f5b13029f2@group-A8897C702509->c70aeaaf-c9e5-48cb-bf54-679217b9dc75-GrpcLogAppender: appendEntries Timeout, request=5edaa15a-462c-4223-9b9f-86f5b13029f2->c70aeaaf-c9e5-48cb-bf54-679217b9dc75#44-t1, previous=(t:1, i:10), leaderCommit=10, initializing? false, entries: <empty>
2019-10-21 08:55:23,365 [EventQueue-ContainerReportForContainerReportHandler] WARN  container.ContainerReportHandler (AbstractContainerReportHandler.java:updateContainerState(145)) - Container #1 is in OPEN state, but the datanode fe29a221-84a6-4e60-b8fd-e87bf4d69f29{ip: 192.168.69.94, host: pr-hdds-1868-bv6q8-2720828103, networkLocation: /default-rack, certSerialId: null} reports an CLOSED replica.
2019-10-21 08:55:23,507 [EventQueue-ContainerReportForContainerReportHandler] WARN  container.ContainerReportHandler (AbstractContainerReportHandler.java:updateContainerState(145)) - Container #1 is in OPEN state, but the datanode 5edaa15a-462c-4223-9b9f-86f5b13029f2{ip: 192.168.69.94, host: pr-hdds-1868-bv6q8-2720828103, networkLocation: /default-rack, certSerialId: null} reports an CLOSED replica.
2019-10-21 08:55:23,667 [EventQueue-ContainerReportForContainerReportHandler] WARN  container.ContainerReportHandler (AbstractContainerReportHandler.java:updateContainerState(145)) - Container #1 is in OPEN state, but the datanode fe29a221-84a6-4e60-b8fd-e87bf4d69f29{ip: 192.168.69.94, host: pr-hdds-1868-bv6q8-2720828103, networkLocation: /default-rack, certSerialId: null} reports an CLOSED replica.
2019-10-21 08:55:23,808 [EventQueue-ContainerReportForContainerReportHandler] WARN  container.ContainerReportHandler (AbstractContainerReportHandler.java:updateContainerState(145)) - Container #1 is in OPEN state, but the datanode 5edaa15a-462c-4223-9b9f-86f5b13029f2{ip: 192.168.69.94, host: pr-hdds-1868-bv6q8-2720828103, networkLocation: /default-rack, certSerialId: null} reports an CLOSED replica.
2019-10-21 08:55:23,967 [EventQueue-ContainerReportForContainerReportHandler] WARN  container.ContainerReportHandler (AbstractContainerReportHandler.java:updateContainerState(145)) - Container #1 is in OPEN state, but the datanode fe29a221-84a6-4e60-b8fd-e87bf4d69f29{ip: 192.168.69.94, host: pr-hdds-1868-bv6q8-2720828103, networkLocation: /default-rack, certSerialId: null} reports an CLOSED replica.
2019-10-21 08:55:24,167 [EventQueue-ContainerReportForContainerReportHandler] WARN  container.ContainerReportHandler (AbstractContainerReportHandler.java:updateContainerState(145)) - Container #1 is in OPEN state, but the datanode fe29a221-84a6-4e60-b8fd-e87bf4d69f29{ip: 192.168.69.94, host: pr-hdds-1868-bv6q8-2720828103, networkLocation: /default-rack, certSerialId: null} reports an CLOSED replica.
2019-10-21 08:55:24,212 [EventQueue-ContainerReportForContainerReportHandler] WARN  container.ContainerReportHandler (AbstractContainerReportHandler.java:updateContainerState(145)) - Container #1 is in OPEN state, but the datanode 5edaa15a-462c-4223-9b9f-86f5b13029f2{ip: 192.168.69.94, host: pr-hdds-1868-bv6q8-2720828103, networkLocation: /default-rack, certSerialId: null} reports an CLOSED replica.
2019-10-21 08:55:24,228 [BlockDeletingService#2] WARN  background.BlockDeletingService (BlockDeletingService.java:isDeletionAllowed(187)) - Close Container log Index 6 is not replicated across allthe servers in the pipeline c3f294cd-78fe-4723-8c0d-a8897c702509 as the min replicated index is 4. Deletion is not allowed in this container yet.
2019-10-21 08:55:24,228 [BlockDeletingService#2] WARN  background.BlockDeletingService (BlockDeletingService.java:isDeletionAllowed(187)) - Close Container log Index 6 is not replicated across allthe servers in the pipeline c3f294cd-78fe-4723-8c0d-a8897c702509 as the min replicated index is 4. Deletion is not allowed in this container yet.
2019-10-21 08:55:24,368 [EventQueue-ContainerReportForContainerReportHandler] WARN  container.ContainerReportHandler (AbstractContainerReportHandler.java:updateContainerState(145)) - Container #1 is in OPEN state, but the datanode fe29a221-84a6-4e60-b8fd-e87bf4d69f29{ip: 192.168.69.94, host: pr-hdds-1868-bv6q8-2720828103, networkLocation: /default-rack, certSerialId: null} reports an CLOSED replica.
2019-10-21 08:55:24,611 [EventQueue-ContainerReportForContainerReportHandler] WARN  container.ContainerReportHandler (AbstractContainerReportHandler.java:updateContainerState(145)) - Container #1 is in OPEN state, but the datanode 5edaa15a-462c-4223-9b9f-86f5b13029f2{ip: 192.168.69.94, host: pr-hdds-1868-bv6q8-2720828103, networkLocation: /default-rack, certSerialId: null} reports an CLOSED replica.
2019-10-21 08:55:24,668 [EventQueue-ContainerReportForContainerReportHandler] WARN  container.ContainerReportHandler (AbstractContainerReportHandler.java:updateContainerState(145)) - Container #1 is in OPEN state, but the datanode fe29a221-84a6-4e60-b8fd-e87bf4d69f29{ip: 192.168.69.94, host: pr-hdds-1868-bv6q8-2720828103, networkLocation: /default-rack, certSerialId: null} reports an CLOSED replica.
2019-10-21 08:55:24,811 [EventQueue-ContainerReportForContainerReportHandler] WARN  container.ContainerReportHandler (AbstractContainerReportHandler.java:updateContainerState(145)) - Container #1 is in OPEN state, but the datanode 5edaa15a-462c-4223-9b9f-86f5b13029f2{ip: 192.168.69.94, host: pr-hdds-1868-bv6q8-2720828103, networkLocation: /default-rack, certSerialId: null} reports an CLOSED replica.
2019-10-21 08:55:24,967 [EventQueue-ContainerReportForContainerReportHandler] WARN  container.ContainerReportHandler (AbstractContainerReportHandler.java:updateContainerState(145)) - Container #1 is in OPEN state, but the datanode fe29a221-84a6-4e60-b8fd-e87bf4d69f29{ip: 192.168.69.94, host: pr-hdds-1868-bv6q8-2720828103, networkLocation: /default-rack, certSerialId: null} reports an CLOSED replica.
2019-10-21 08:55:25,111 [EventQueue-ContainerReportForContainerReportHandler] WARN  container.ContainerReportHandler (AbstractContainerReportHandler.java:updateContainerState(145)) - Container #1 is in OPEN state, but the datanode 5edaa15a-462c-4223-9b9f-86f5b13029f2{ip: 192.168.69.94, host: pr-hdds-1868-bv6q8-2720828103, networkLocation: /default-rack, certSerialId: null} reports an CLOSED replica.
2019-10-21 08:55:25,230 [BlockDeletingService#2] WARN  background.BlockDeletingService (BlockDeletingService.java:isDeletionAllowed(187)) - Close Container log Index 6 is not replicated across allthe servers in the pipeline c3f294cd-78fe-4723-8c0d-a8897c702509 as the min replicated index is 4. Deletion is not allowed in this container yet.
2019-10-21 08:55:25,230 [BlockDeletingService#2] WARN  background.BlockDeletingService (BlockDeletingService.java:isDeletionAllowed(187)) - Close Container log Index 6 is not replicated across allthe servers in the pipeline c3f294cd-78fe-4723-8c0d-a8897c702509 as the min replicated index is 4. Deletion is not allowed in this container yet.
2019-10-21 08:55:25,311 [EventQueue-ContainerReportForContainerReportHandler] WARN  container.ContainerReportHandler (AbstractContainerReportHandler.java:updateContainerState(145)) - Container #1 is in OPEN state, but the datanode 5edaa15a-462c-4223-9b9f-86f5b13029f2{ip: 192.168.69.94, host: pr-hdds-1868-bv6q8-2720828103, networkLocation: /default-rack, certSerialId: null} reports an CLOSED replica.
2019-10-21 08:55:25,367 [EventQueue-ContainerReportForContainerReportHandler] WARN  container.ContainerReportHandler (AbstractContainerReportHandler.java:updateContainerState(145)) - Container #1 is in OPEN state, but the datanode fe29a221-84a6-4e60-b8fd-e87bf4d69f29{ip: 192.168.69.94, host: pr-hdds-1868-bv6q8-2720828103, networkLocation: /default-rack, certSerialId: null} reports an CLOSED replica.
2019-10-21 08:55:25,567 [EventQueue-ContainerReportForContainerReportHandler] WARN  container.ContainerReportHandler (AbstractContainerReportHandler.java:updateContainerState(145)) - Container #1 is in OPEN state, but the datanode fe29a221-84a6-4e60-b8fd-e87bf4d69f29{ip: 192.168.69.94, host: pr-hdds-1868-bv6q8-2720828103, networkLocation: /default-rack, certSerialId: null} reports an CLOSED replica.
2019-10-21 08:55:25,712 [EventQueue-ContainerReportForContainerReportHandler] WARN  container.ContainerReportHandler (AbstractContainerReportHandler.java:updateContainerState(145)) - Container #1 is in OPEN state, but the datanode 5edaa15a-462c-4223-9b9f-86f5b13029f2{ip: 192.168.69.94, host: pr-hdds-1868-bv6q8-2720828103, networkLocation: /default-rack, certSerialId: null} reports an CLOSED replica.
2019-10-21 08:55:25,836 [java.util.concurrent.ThreadPoolExecutor$Worker@294731c0[State = -1, empty queue]] WARN  server.GrpcLogAppender (GrpcLogAppender.java:timeoutAppendRequest(209)) - 5edaa15a-462c-4223-9b9f-86f5b13029f2@group-A8897C702509->c70aeaaf-c9e5-48cb-bf54-679217b9dc75-GrpcLogAppender: appendEntries Timeout, request=5edaa15a-462c-4223-9b9f-86f5b13029f2->c70aeaaf-c9e5-48cb-bf54-679217b9dc75#45-t1, previous=(t:1, i:10), leaderCommit=10, initializing? false, entries: <empty>
2019-10-21 08:55:25,867 [EventQueue-ContainerReportForContainerReportHandler] WARN  container.ContainerReportHandler (AbstractContainerReportHandler.java:updateContainerState(145)) - Container #1 is in OPEN state, but the datanode fe29a221-84a6-4e60-b8fd-e87bf4d69f29{ip: 192.168.69.94, host: pr-hdds-1868-bv6q8-2720828103, networkLocation: /default-rack, certSerialId: null} reports an CLOSED replica.
2019-10-21 08:55:26,113 [EventQueue-ContainerReportForContainerReportHandler] WARN  container.ContainerReportHandler (AbstractContainerReportHandler.java:updateContainerState(145)) - Container #1 is in OPEN state, but the datanode 5edaa15a-462c-4223-9b9f-86f5b13029f2{ip: 192.168.69.94, host: pr-hdds-1868-bv6q8-2720828103, networkLocation: /default-rack, certSerialId: null} reports an CLOSED replica.
2019-10-21 08:55:26,167 [EventQueue-ContainerReportForContainerReportHandler] WARN  container.ContainerReportHandler (AbstractContainerReportHandler.java:updateContainerState(145)) - Container #1 is in OPEN state, but the datanode fe29a221-84a6-4e60-b8fd-e87bf4d69f29{ip: 192.168.69.94, host: pr-hdds-1868-bv6q8-2720828103, networkLocation: /default-rack, certSerialId: null} reports an CLOSED replica.
2019-10-21 08:55:26,232 [BlockDeletingService#2] WARN  background.BlockDeletingService (BlockDeletingService.java:isDeletionAllowed(187)) - Close Container log Index 6 is not replicated across allthe servers in the pipeline c3f294cd-78fe-4723-8c0d-a8897c702509 as the min replicated index is 4. Deletion is not allowed in this container yet.
2019-10-21 08:55:26,232 [BlockDeletingService#2] WARN  background.BlockDeletingService (BlockDeletingService.java:isDeletionAllowed(187)) - Close Container log Index 6 is not replicated across allthe servers in the pipeline c3f294cd-78fe-4723-8c0d-a8897c702509 as the min replicated index is 4. Deletion is not allowed in this container yet.
2019-10-21 08:55:26,315 [EventQueue-ContainerReportForContainerReportHandler] WARN  container.ContainerReportHandler (AbstractContainerReportHandler.java:updateContainerState(145)) - Container #1 is in OPEN state, but the datanode 5edaa15a-462c-4223-9b9f-86f5b13029f2{ip: 192.168.69.94, host: pr-hdds-1868-bv6q8-2720828103, networkLocation: /default-rack, certSerialId: null} reports an CLOSED replica.
2019-10-21 08:55:26,469 [EventQueue-ContainerReportForContainerReportHandler] WARN  container.ContainerReportHandler (AbstractContainerReportHandler.java:updateContainerState(145)) - Container #1 is in OPEN state, but the datanode fe29a221-84a6-4e60-b8fd-e87bf4d69f29{ip: 192.168.69.94, host: pr-hdds-1868-bv6q8-2720828103, networkLocation: /default-rack, certSerialId: null} reports an CLOSED replica.
2019-10-21 08:55:26,516 [EventQueue-ContainerReportForContainerReportHandler] WARN  container.ContainerReportHandler (AbstractContainerReportHandler.java:updateContainerState(145)) - Container #1 is in OPEN state, but the datanode 5edaa15a-462c-4223-9b9f-86f5b13029f2{ip: 192.168.69.94, host: pr-hdds-1868-bv6q8-2720828103, networkLocation: /default-rack, certSerialId: null} reports an CLOSED replica.
2019-10-21 08:55:26,871 [EventQueue-ContainerReportForContainerReportHandler] WARN  container.ContainerReportHandler (AbstractContainerReportHandler.java:updateContainerState(145)) - Container #1 is in OPEN state, but the datanode fe29a221-84a6-4e60-b8fd-e87bf4d69f29{ip: 192.168.69.94, host: pr-hdds-1868-bv6q8-2720828103, networkLocation: /default-rack, certSerialId: null} reports an CLOSED replica.
2019-10-21 08:55:26,917 [EventQueue-ContainerReportForContainerReportHandler] WARN  container.ContainerReportHandler (AbstractContainerReportHandler.java:updateContainerState(145)) - Container #1 is in OPEN state, but the datanode 5edaa15a-462c-4223-9b9f-86f5b13029f2{ip: 192.168.69.94, host: pr-hdds-1868-bv6q8-2720828103, networkLocation: /default-rack, certSerialId: null} reports an CLOSED replica.
2019-10-21 08:55:27,235 [BlockDeletingService#2] WARN  background.BlockDeletingService (BlockDeletingService.java:isDeletionAllowed(187)) - Close Container log Index 6 is not replicated across allthe servers in the pipeline c3f294cd-78fe-4723-8c0d-a8897c702509 as the min replicated index is 4. Deletion is not allowed in this container yet.
2019-10-21 08:55:27,235 [BlockDeletingService#2] WARN  background.BlockDeletingService (BlockDeletingService.java:isDeletionAllowed(187)) - Close Container log Index 6 is not replicated across allthe servers in the pipeline c3f294cd-78fe-4723-8c0d-a8897c702509 as the min replicated index is 4. Deletion is not allowed in this container yet.
2019-10-21 08:55:27,269 [EventQueue-ContainerReportForContainerReportHandler] WARN  container.ContainerReportHandler (AbstractContainerReportHandler.java:updateContainerState(145)) - Container #1 is in OPEN state, but the datanode fe29a221-84a6-4e60-b8fd-e87bf4d69f29{ip: 192.168.69.94, host: pr-hdds-1868-bv6q8-2720828103, networkLocation: /default-rack, certSerialId: null} reports an CLOSED replica.
2019-10-21 08:55:27,317 [EventQueue-ContainerReportForContainerReportHandler] WARN  container.ContainerReportHandler (AbstractContainerReportHandler.java:updateContainerState(145)) - Container #1 is in OPEN state, but the datanode 5edaa15a-462c-4223-9b9f-86f5b13029f2{ip: 192.168.69.94, host: pr-hdds-1868-bv6q8-2720828103, networkLocation: /default-rack, certSerialId: null} reports an CLOSED replica.
2019-10-21 08:55:27,469 [EventQueue-ContainerReportForContainerReportHandler] WARN  container.ContainerReportHandler (AbstractContainerReportHandler.java:updateContainerState(145)) - Container #1 is in OPEN state, but the datanode fe29a221-84a6-4e60-b8fd-e87bf4d69f29{ip: 192.168.69.94, host: pr-hdds-1868-bv6q8-2720828103, networkLocation: /default-rack, certSerialId: null} reports an CLOSED replica.
2019-10-21 08:55:27,517 [EventQueue-ContainerReportForContainerReportHandler] WARN  container.ContainerReportHandler (AbstractContainerReportHandler.java:updateContainerState(145)) - Container #1 is in OPEN state, but the datanode 5edaa15a-462c-4223-9b9f-86f5b13029f2{ip: 192.168.69.94, host: pr-hdds-1868-bv6q8-2720828103, networkLocation: /default-rack, certSerialId: null} reports an CLOSED replica.
2019-10-21 08:55:27,670 [EventQueue-ContainerReportForContainerReportHandler] WARN  container.ContainerReportHandler (AbstractContainerReportHandler.java:updateContainerState(145)) - Container #1 is in OPEN state, but the datanode fe29a221-84a6-4e60-b8fd-e87bf4d69f29{ip: 192.168.69.94, host: pr-hdds-1868-bv6q8-2720828103, networkLocation: /default-rack, certSerialId: null} reports an CLOSED replica.
2019-10-21 08:55:27,717 [EventQueue-ContainerReportForContainerReportHandler] WARN  container.ContainerReportHandler (AbstractContainerReportHandler.java:updateContainerState(145)) - Container #1 is in OPEN state, but the datanode 5edaa15a-462c-4223-9b9f-86f5b13029f2{ip: 192.168.69.94, host: pr-hdds-1868-bv6q8-2720828103, networkLocation: /default-rack, certSerialId: null} reports an CLOSED replica.
2019-10-21 08:55:27,872 [EventQueue-ContainerReportForContainerReportHandler] WARN  container.ContainerReportHandler (AbstractContainerReportHandler.java:updateContainerState(145)) - Container #1 is in OPEN state, but the datanode fe29a221-84a6-4e60-b8fd-e87bf4d69f29{ip: 192.168.69.94, host: pr-hdds-1868-bv6q8-2720828103, networkLocation: /default-rack, certSerialId: null} reports an CLOSED replica.
2019-10-21 08:55:28,017 [EventQueue-ContainerReportForContainerReportHandler] WARN  container.ContainerReportHandler (AbstractContainerReportHandler.java:updateContainerState(145)) - Container #1 is in OPEN state, but the datanode 5edaa15a-462c-4223-9b9f-86f5b13029f2{ip: 192.168.69.94, host: pr-hdds-1868-bv6q8-2720828103, networkLocation: /default-rack, certSerialId: null} reports an CLOSED replica.
2019-10-21 08:55:28,052 [Thread-519] INFO  client.GrpcClientProtocolService (GrpcClientProtocolService.java:lambda$processClientRequest$0(279)) - Failed RaftClientRequest:client-A2E42EE46BE4->fe29a221-84a6-4e60-b8fd-e87bf4d69f29@group-A8897C702509, cid=22, seq=0, Watch-ALL_COMMITTED(6), Message:<EMPTY>, reply=RaftClientReply:client-A2E42EE46BE4->fe29a221-84a6-4e60-b8fd-e87bf4d69f29@group-A8897C702509, cid=22, FAILED org.apache.ratis.protocol.NotLeaderException: Server fe29a221-84a6-4e60-b8fd-e87bf4d69f29@group-A8897C702509 is not the leader 5edaa15a-462c-4223-9b9f-86f5b13029f2:192.168.69.94:40883, logIndex=0, commits[fe29a221-84a6-4e60-b8fd-e87bf4d69f29:c10, c70aeaaf-c9e5-48cb-bf54-679217b9dc75:c4, 5edaa15a-462c-4223-9b9f-86f5b13029f2:c10]
2019-10-21 08:55:28,237 [BlockDeletingService#2] WARN  background.BlockDeletingService (BlockDeletingService.java:isDeletionAllowed(187)) - Close Container log Index 6 is not replicated across allthe servers in the pipeline c3f294cd-78fe-4723-8c0d-a8897c702509 as the min replicated index is 4. Deletion is not allowed in this container yet.
2019-10-21 08:55:28,237 [BlockDeletingService#2] WARN  background.BlockDeletingService (BlockDeletingService.java:isDeletionAllowed(187)) - Close Container log Index 6 is not replicated across allthe servers in the pipeline c3f294cd-78fe-4723-8c0d-a8897c702509 as the min replicated index is 4. Deletion is not allowed in this container yet.
2019-10-21 08:55:28,272 [EventQueue-ContainerReportForContainerReportHandler] WARN  container.ContainerReportHandler (AbstractContainerReportHandler.java:updateContainerState(145)) - Container #1 is in OPEN state, but the datanode fe29a221-84a6-4e60-b8fd-e87bf4d69f29{ip: 192.168.69.94, host: pr-hdds-1868-bv6q8-2720828103, networkLocation: /default-rack, certSerialId: null} reports an CLOSED replica.
2019-10-21 08:55:28,339 [java.util.concurrent.ThreadPoolExecutor$Worker@294731c0[State = -1, empty queue]] WARN  server.GrpcLogAppender (GrpcLogAppender.java:timeoutAppendRequest(209)) - 5edaa15a-462c-4223-9b9f-86f5b13029f2@group-A8897C702509->c70aeaaf-c9e5-48cb-bf54-679217b9dc75-GrpcLogAppender: appendEntries Timeout, request=5edaa15a-462c-4223-9b9f-86f5b13029f2->c70aeaaf-c9e5-48cb-bf54-679217b9dc75#46-t1, previous=(t:1, i:10), leaderCommit=10, initializing? false, entries: <empty>
2019-10-21 08:55:28,417 [EventQueue-ContainerReportForContainerReportHandler] WARN  container.ContainerReportHandler (AbstractContainerReportHandler.java:updateContainerState(145)) - Container #1 is in OPEN state, but the datanode 5edaa15a-462c-4223-9b9f-86f5b13029f2{ip: 192.168.69.94, host: pr-hdds-1868-bv6q8-2720828103, networkLocation: /default-rack, certSerialId: null} reports an CLOSED replica.
2019-10-21 08:55:28,472 [EventQueue-ContainerReportForContainerReportHandler] WARN  container.ContainerReportHandler (AbstractContainerReportHandler.java:updateContainerState(145)) - Container #1 is in OPEN state, but the datanode fe29a221-84a6-4e60-b8fd-e87bf4d69f29{ip: 192.168.69.94, host: pr-hdds-1868-bv6q8-2720828103, networkLocation: /default-rack, certSerialId: null} reports an CLOSED replica.
2019-10-21 08:55:28,617 [EventQueue-ContainerReportForContainerReportHandler] WARN  container.ContainerReportHandler (AbstractContainerReportHandler.java:updateContainerState(145)) - Container #1 is in OPEN state, but the datanode 5edaa15a-462c-4223-9b9f-86f5b13029f2{ip: 192.168.69.94, host: pr-hdds-1868-bv6q8-2720828103, networkLocation: /default-rack, certSerialId: null} reports an CLOSED replica.
2019-10-21 08:55:28,817 [EventQueue-ContainerReportForContainerReportHandler] WARN  container.ContainerReportHandler (AbstractContainerReportHandler.java:updateContainerState(145)) - Container #1 is in OPEN state, but the datanode 5edaa15a-462c-4223-9b9f-86f5b13029f2{ip: 192.168.69.94, host: pr-hdds-1868-bv6q8-2720828103, networkLocation: /default-rack, certSerialId: null} reports an CLOSED replica.
2019-10-21 08:55:28,872 [EventQueue-ContainerReportForContainerReportHandler] WARN  container.ContainerReportHandler (AbstractContainerReportHandler.java:updateContainerState(145)) - Container #1 is in OPEN state, but the datanode fe29a221-84a6-4e60-b8fd-e87bf4d69f29{ip: 192.168.69.94, host: pr-hdds-1868-bv6q8-2720828103, networkLocation: /default-rack, certSerialId: null} reports an CLOSED replica.
2019-10-21 08:55:28,884 [Thread-524] INFO  client.GrpcClientProtocolService (GrpcClientProtocolService.java:lambda$processClientRequest$0(279)) - Failed RaftClientRequest:client-A2E42EE46BE4->5edaa15a-462c-4223-9b9f-86f5b13029f2@group-A8897C702509, cid=22, seq=0, Watch-ALL_COMMITTED(6), Message:<EMPTY>, reply=RaftClientReply:client-A2E42EE46BE4->5edaa15a-462c-4223-9b9f-86f5b13029f2@group-A8897C702509, cid=22, FAILED org.apache.ratis.protocol.NotReplicatedException: Request with call Id 22 and log index 6 is not yet replicated to ALL_COMMITTED, logIndex=6, commits[5edaa15a-462c-4223-9b9f-86f5b13029f2:c10, c70aeaaf-c9e5-48cb-bf54-679217b9dc75:c4, fe29a221-84a6-4e60-b8fd-e87bf4d69f29:c10]
2019-10-21 08:55:29,073 [EventQueue-ContainerReportForContainerReportHandler] WARN  container.ContainerReportHandler (AbstractContainerReportHandler.java:updateContainerState(145)) - Container #1 is in OPEN state, but the datanode fe29a221-84a6-4e60-b8fd-e87bf4d69f29{ip: 192.168.69.94, host: pr-hdds-1868-bv6q8-2720828103, networkLocation: /default-rack, certSerialId: null} reports an CLOSED replica.
2019-10-21 08:55:29,117 [EventQueue-ContainerReportForContainerReportHandler] WARN  container.ContainerReportHandler (AbstractContainerReportHandler.java:updateContainerState(145)) - Container #1 is in OPEN state, but the datanode 5edaa15a-462c-4223-9b9f-86f5b13029f2{ip: 192.168.69.94, host: pr-hdds-1868-bv6q8-2720828103, networkLocation: /default-rack, certSerialId: null} reports an CLOSED replica.
2019-10-21 08:55:29,239 [BlockDeletingService#2] WARN  background.BlockDeletingService (BlockDeletingService.java:isDeletionAllowed(187)) - Close Container log Index 6 is not replicated across allthe servers in the pipeline c3f294cd-78fe-4723-8c0d-a8897c702509 as the min replicated index is 4. Deletion is not allowed in this container yet.
2019-10-21 08:55:29,241 [BlockDeletingService#2] WARN  background.BlockDeletingService (BlockDeletingService.java:isDeletionAllowed(187)) - Close Container log Index 6 is not replicated across allthe servers in the pipeline c3f294cd-78fe-4723-8c0d-a8897c702509 as the min replicated index is 4. Deletion is not allowed in this container yet.
2019-10-21 08:55:29,318 [EventQueue-ContainerReportForContainerReportHandler] WARN  container.ContainerReportHandler (AbstractContainerReportHandler.java:updateContainerState(145)) - Container #1 is in OPEN state, but the datanode 5edaa15a-462c-4223-9b9f-86f5b13029f2{ip: 192.168.69.94, host: pr-hdds-1868-bv6q8-2720828103, networkLocation: /default-rack, certSerialId: null} reports an CLOSED replica.
2019-10-21 08:55:29,373 [EventQueue-ContainerReportForContainerReportHandler] WARN  container.ContainerReportHandler (AbstractContainerReportHandler.java:updateContainerState(145)) - Container #1 is in OPEN state, but the datanode fe29a221-84a6-4e60-b8fd-e87bf4d69f29{ip: 192.168.69.94, host: pr-hdds-1868-bv6q8-2720828103, networkLocation: /default-rack, certSerialId: null} reports an CLOSED replica.
2019-10-21 08:55:29,673 [EventQueue-ContainerReportForContainerReportHandler] WARN  container.ContainerReportHandler (AbstractContainerReportHandler.java:updateContainerState(145)) - Container #1 is in OPEN state, but the datanode fe29a221-84a6-4e60-b8fd-e87bf4d69f29{ip: 192.168.69.94, host: pr-hdds-1868-bv6q8-2720828103, networkLocation: /default-rack, certSerialId: null} reports an CLOSED replica.
2019-10-21 08:55:29,719 [EventQueue-ContainerReportForContainerReportHandler] WARN  container.ContainerReportHandler (AbstractContainerReportHandler.java:updateContainerState(145)) - Container #1 is in OPEN state, but the datanode 5edaa15a-462c-4223-9b9f-86f5b13029f2{ip: 192.168.69.94, host: pr-hdds-1868-bv6q8-2720828103, networkLocation: /default-rack, certSerialId: null} reports an CLOSED replica.
2019-10-21 08:55:29,873 [EventQueue-ContainerReportForContainerReportHandler] WARN  container.ContainerReportHandler (AbstractContainerReportHandler.java:updateContainerState(145)) - Container #1 is in OPEN state, but the datanode fe29a221-84a6-4e60-b8fd-e87bf4d69f29{ip: 192.168.69.94, host: pr-hdds-1868-bv6q8-2720828103, networkLocation: /default-rack, certSerialId: null} reports an CLOSED replica.
2019-10-21 08:55:30,017 [EventQueue-ContainerReportForContainerReportHandler] WARN  container.ContainerReportHandler (AbstractContainerReportHandler.java:updateContainerState(145)) - Container #1 is in OPEN state, but the datanode 5edaa15a-462c-4223-9b9f-86f5b13029f2{ip: 192.168.69.94, host: pr-hdds-1868-bv6q8-2720828103, networkLocation: /default-rack, certSerialId: null} reports an CLOSED replica.
2019-10-21 08:55:30,248 [BlockDeletingService#2] WARN  background.BlockDeletingService (BlockDeletingService.java:isDeletionAllowed(187)) - Close Container log Index 6 is not replicated across allthe servers in the pipeline c3f294cd-78fe-4723-8c0d-a8897c702509 as the min replicated index is 4. Deletion is not allowed in this container yet.
2019-10-21 08:55:30,248 [BlockDeletingService#2] WARN  background.BlockDeletingService (BlockDeletingService.java:isDeletionAllowed(187)) - Close Container log Index 6 is not replicated across allthe servers in the pipeline c3f294cd-78fe-4723-8c0d-a8897c702509 as the min replicated index is 4. Deletion is not allowed in this container yet.
2019-10-21 08:55:30,274 [EventQueue-ContainerReportForContainerReportHandler] WARN  container.ContainerReportHandler (AbstractContainerReportHandler.java:updateContainerState(145)) - Container #1 is in OPEN state, but the datanode fe29a221-84a6-4e60-b8fd-e87bf4d69f29{ip: 192.168.69.94, host: pr-hdds-1868-bv6q8-2720828103, networkLocation: /default-rack, certSerialId: null} reports an CLOSED replica.
2019-10-21 08:55:30,317 [EventQueue-ContainerReportForContainerReportHandler] WARN  container.ContainerReportHandler (AbstractContainerReportHandler.java:updateContainerState(145)) - Container #1 is in OPEN state, but the datanode 5edaa15a-462c-4223-9b9f-86f5b13029f2{ip: 192.168.69.94, host: pr-hdds-1868-bv6q8-2720828103, networkLocation: /default-rack, certSerialId: null} reports an CLOSED replica.
2019-10-21 08:55:30,575 [EventQueue-ContainerReportForContainerReportHandler] WARN  container.ContainerReportHandler (AbstractContainerReportHandler.java:updateContainerState(145)) - Container #1 is in OPEN state, but the datanode fe29a221-84a6-4e60-b8fd-e87bf4d69f29{ip: 192.168.69.94, host: pr-hdds-1868-bv6q8-2720828103, networkLocation: /default-rack, certSerialId: null} reports an CLOSED replica.
2019-10-21 08:55:30,617 [EventQueue-ContainerReportForContainerReportHandler] WARN  container.ContainerReportHandler (AbstractContainerReportHandler.java:updateContainerState(145)) - Container #1 is in OPEN state, but the datanode 5edaa15a-462c-4223-9b9f-86f5b13029f2{ip: 192.168.69.94, host: pr-hdds-1868-bv6q8-2720828103, networkLocation: /default-rack, certSerialId: null} reports an CLOSED replica.
2019-10-21 08:55:30,840 [java.util.concurrent.ThreadPoolExecutor$Worker@294731c0[State = -1, empty queue]] WARN  server.GrpcLogAppender (GrpcLogAppender.java:timeoutAppendRequest(209)) - 5edaa15a-462c-4223-9b9f-86f5b13029f2@group-A8897C702509->c70aeaaf-c9e5-48cb-bf54-679217b9dc75-GrpcLogAppender: appendEntries Timeout, request=5edaa15a-462c-4223-9b9f-86f5b13029f2->c70aeaaf-c9e5-48cb-bf54-679217b9dc75#47-t1, previous=(t:1, i:10), leaderCommit=10, initializing? false, entries: <empty>
2019-10-21 08:55:30,917 [EventQueue-ContainerReportForContainerReportHandler] WARN  container.ContainerReportHandler (AbstractContainerReportHandler.java:updateContainerState(145)) - Container #1 is in OPEN state, but the datanode 5edaa15a-462c-4223-9b9f-86f5b13029f2{ip: 192.168.69.94, host: pr-hdds-1868-bv6q8-2720828103, networkLocation: /default-rack, certSerialId: null} reports an CLOSED replica.
2019-10-21 08:55:30,976 [EventQueue-ContainerReportForContainerReportHandler] WARN  container.ContainerReportHandler (AbstractContainerReportHandler.java:updateContainerState(145)) - Container #1 is in OPEN state, but the datanode fe29a221-84a6-4e60-b8fd-e87bf4d69f29{ip: 192.168.69.94, host: pr-hdds-1868-bv6q8-2720828103, networkLocation: /default-rack, certSerialId: null} reports an CLOSED replica.
2019-10-21 08:55:31,217 [EventQueue-ContainerReportForContainerReportHandler] WARN  container.ContainerReportHandler (AbstractContainerReportHandler.java:updateContainerState(145)) - Container #1 is in OPEN state, but the datanode 5edaa15a-462c-4223-9b9f-86f5b13029f2{ip: 192.168.69.94, host: pr-hdds-1868-bv6q8-2720828103, networkLocation: /default-rack, certSerialId: null} reports an CLOSED replica.
2019-10-21 08:55:31,250 [BlockDeletingService#2] WARN  background.BlockDeletingService (BlockDeletingService.java:isDeletionAllowed(187)) - Close Container log Index 6 is not replicated across allthe servers in the pipeline c3f294cd-78fe-4723-8c0d-a8897c702509 as the min replicated index is 4. Deletion is not allowed in this container yet.
2019-10-21 08:55:31,250 [BlockDeletingService#2] WARN  background.BlockDeletingService (BlockDeletingService.java:isDeletionAllowed(187)) - Close Container log Index 6 is not replicated across allthe servers in the pipeline c3f294cd-78fe-4723-8c0d-a8897c702509 as the min replicated index is 4. Deletion is not allowed in this container yet.
2019-10-21 08:55:31,279 [EventQueue-ContainerReportForContainerReportHandler] WARN  container.ContainerReportHandler (AbstractContainerReportHandler.java:updateContainerState(145)) - Container #1 is in OPEN state, but the datanode fe29a221-84a6-4e60-b8fd-e87bf4d69f29{ip: 192.168.69.94, host: pr-hdds-1868-bv6q8-2720828103, networkLocation: /default-rack, certSerialId: null} reports an CLOSED replica.
2019-10-21 08:55:31,417 [EventQueue-ContainerReportForContainerReportHandler] WARN  container.ContainerReportHandler (AbstractContainerReportHandler.java:updateContainerState(145)) - Container #1 is in OPEN state, but the datanode 5edaa15a-462c-4223-9b9f-86f5b13029f2{ip: 192.168.69.94, host: pr-hdds-1868-bv6q8-2720828103, networkLocation: /default-rack, certSerialId: null} reports an CLOSED replica.
2019-10-21 08:55:31,479 [EventQueue-ContainerReportForContainerReportHandler] WARN  container.ContainerReportHandler (AbstractContainerReportHandler.java:updateContainerState(145)) - Container #1 is in OPEN state, but the datanode fe29a221-84a6-4e60-b8fd-e87bf4d69f29{ip: 192.168.69.94, host: pr-hdds-1868-bv6q8-2720828103, networkLocation: /default-rack, certSerialId: null} reports an CLOSED replica.
2019-10-21 08:55:31,717 [EventQueue-ContainerReportForContainerReportHandler] WARN  container.ContainerReportHandler (AbstractContainerReportHandler.java:updateContainerState(145)) - Container #1 is in OPEN state, but the datanode 5edaa15a-462c-4223-9b9f-86f5b13029f2{ip: 192.168.69.94, host: pr-hdds-1868-bv6q8-2720828103, networkLocation: /default-rack, certSerialId: null} reports an CLOSED replica.
2019-10-21 08:55:31,781 [EventQueue-ContainerReportForContainerReportHandler] WARN  container.ContainerReportHandler (AbstractContainerReportHandler.java:updateContainerState(145)) - Container #1 is in OPEN state, but the datanode fe29a221-84a6-4e60-b8fd-e87bf4d69f29{ip: 192.168.69.94, host: pr-hdds-1868-bv6q8-2720828103, networkLocation: /default-rack, certSerialId: null} reports an CLOSED replica.
2019-10-21 08:55:32,083 [EventQueue-ContainerReportForContainerReportHandler] WARN  container.ContainerReportHandler (AbstractContainerReportHandler.java:updateContainerState(145)) - Container #1 is in OPEN state, but the datanode fe29a221-84a6-4e60-b8fd-e87bf4d69f29{ip: 192.168.69.94, host: pr-hdds-1868-bv6q8-2720828103, networkLocation: /default-rack, certSerialId: null} reports an CLOSED replica.
2019-10-21 08:55:32,117 [EventQueue-ContainerReportForContainerReportHandler] WARN  container.ContainerReportHandler (AbstractContainerReportHandler.java:updateContainerState(145)) - Container #1 is in OPEN state, but the datanode 5edaa15a-462c-4223-9b9f-86f5b13029f2{ip: 192.168.69.94, host: pr-hdds-1868-bv6q8-2720828103, networkLocation: /default-rack, certSerialId: null} reports an CLOSED replica.
2019-10-21 08:55:32,254 [BlockDeletingService#2] WARN  background.BlockDeletingService (BlockDeletingService.java:isDeletionAllowed(187)) - Close Container log Index 6 is not replicated across allthe servers in the pipeline c3f294cd-78fe-4723-8c0d-a8897c702509 as the min replicated index is 4. Deletion is not allowed in this container yet.
2019-10-21 08:55:32,254 [BlockDeletingService#2] WARN  background.BlockDeletingService (BlockDeletingService.java:isDeletionAllowed(187)) - Close Container log Index 6 is not replicated across allthe servers in the pipeline c3f294cd-78fe-4723-8c0d-a8897c702509 as the min replicated index is 4. Deletion is not allowed in this container yet.
2019-10-21 08:55:32,281 [EventQueue-ContainerReportForContainerReportHandler] WARN  container.ContainerReportHandler (AbstractContainerReportHandler.java:updateContainerState(145)) - Container #1 is in OPEN state, but the datanode fe29a221-84a6-4e60-b8fd-e87bf4d69f29{ip: 192.168.69.94, host: pr-hdds-1868-bv6q8-2720828103, networkLocation: /default-rack, certSerialId: null} reports an CLOSED replica.
2019-10-21 08:55:32,317 [EventQueue-ContainerReportForContainerReportHandler] WARN  container.ContainerReportHandler (AbstractContainerReportHandler.java:updateContainerState(145)) - Container #1 is in OPEN state, but the datanode 5edaa15a-462c-4223-9b9f-86f5b13029f2{ip: 192.168.69.94, host: pr-hdds-1868-bv6q8-2720828103, networkLocation: /default-rack, certSerialId: null} reports an CLOSED replica.
2019-10-21 08:55:32,517 [EventQueue-ContainerReportForContainerReportHandler] WARN  container.ContainerReportHandler (AbstractContainerReportHandler.java:updateContainerState(145)) - Container #1 is in OPEN state, but the datanode 5edaa15a-462c-4223-9b9f-86f5b13029f2{ip: 192.168.69.94, host: pr-hdds-1868-bv6q8-2720828103, networkLocation: /default-rack, certSerialId: null} reports an CLOSED replica.
2019-10-21 08:55:32,681 [EventQueue-ContainerReportForContainerReportHandler] WARN  container.ContainerReportHandler (AbstractContainerReportHandler.java:updateContainerState(145)) - Container #1 is in OPEN state, but the datanode fe29a221-84a6-4e60-b8fd-e87bf4d69f29{ip: 192.168.69.94, host: pr-hdds-1868-bv6q8-2720828103, networkLocation: /default-rack, certSerialId: null} reports an CLOSED replica.
2019-10-21 08:55:32,717 [EventQueue-ContainerReportForContainerReportHandler] WARN  container.ContainerReportHandler (AbstractContainerReportHandler.java:updateContainerState(145)) - Container #1 is in OPEN state, but the datanode 5edaa15a-462c-4223-9b9f-86f5b13029f2{ip: 192.168.69.94, host: pr-hdds-1868-bv6q8-2720828103, networkLocation: /default-rack, certSerialId: null} reports an CLOSED replica.
2019-10-21 08:55:32,917 [EventQueue-ContainerReportForContainerReportHandler] WARN  container.ContainerReportHandler (AbstractContainerReportHandler.java:updateContainerState(145)) - Container #1 is in OPEN state, but the datanode 5edaa15a-462c-4223-9b9f-86f5b13029f2{ip: 192.168.69.94, host: pr-hdds-1868-bv6q8-2720828103, networkLocation: /default-rack, certSerialId: null} reports an CLOSED replica.
2019-10-21 08:55:33,081 [EventQueue-ContainerReportForContainerReportHandler] WARN  container.ContainerReportHandler (AbstractContainerReportHandler.java:updateContainerState(145)) - Container #1 is in OPEN state, but the datanode fe29a221-84a6-4e60-b8fd-e87bf4d69f29{ip: 192.168.69.94, host: pr-hdds-1868-bv6q8-2720828103, networkLocation: /default-rack, certSerialId: null} reports an CLOSED replica.
2019-10-21 08:55:33,217 [EventQueue-ContainerReportForContainerReportHandler] WARN  container.ContainerReportHandler (AbstractContainerReportHandler.java:updateContainerState(145)) - Container #1 is in OPEN state, but the datanode 5edaa15a-462c-4223-9b9f-86f5b13029f2{ip: 192.168.69.94, host: pr-hdds-1868-bv6q8-2720828103, networkLocation: /default-rack, certSerialId: null} reports an CLOSED replica.
2019-10-21 08:55:33,255 [BlockDeletingService#2] WARN  background.BlockDeletingService (BlockDeletingService.java:isDeletionAllowed(187)) - Close Container log Index 6 is not replicated across allthe servers in the pipeline c3f294cd-78fe-4723-8c0d-a8897c702509 as the min replicated index is 4. Deletion is not allowed in this container yet.
2019-10-21 08:55:33,255 [BlockDeletingService#2] WARN  background.BlockDeletingService (BlockDeletingService.java:isDeletionAllowed(187)) - Close Container log Index 6 is not replicated across allthe servers in the pipeline c3f294cd-78fe-4723-8c0d-a8897c702509 as the min replicated index is 4. Deletion is not allowed in this container yet.
2019-10-21 08:55:33,343 [java.util.concurrent.ThreadPoolExecutor$Worker@294731c0[State = -1, empty queue]] WARN  server.GrpcLogAppender (GrpcLogAppender.java:timeoutAppendRequest(209)) - 5edaa15a-462c-4223-9b9f-86f5b13029f2@group-A8897C702509->c70aeaaf-c9e5-48cb-bf54-679217b9dc75-GrpcLogAppender: appendEntries Timeout, request=5edaa15a-462c-4223-9b9f-86f5b13029f2->c70aeaaf-c9e5-48cb-bf54-679217b9dc75#48-t1, previous=(t:1, i:10), leaderCommit=10, initializing? false, entries: <empty>
2019-10-21 08:55:33,381 [EventQueue-ContainerReportForContainerReportHandler] WARN  container.ContainerReportHandler (AbstractContainerReportHandler.java:updateContainerState(145)) - Container #1 is in OPEN state, but the datanode fe29a221-84a6-4e60-b8fd-e87bf4d69f29{ip: 192.168.69.94, host: pr-hdds-1868-bv6q8-2720828103, networkLocation: /default-rack, certSerialId: null} reports an CLOSED replica.
2019-10-21 08:55:33,417 [EventQueue-ContainerReportForContainerReportHandler] WARN  container.ContainerReportHandler (AbstractContainerReportHandler.java:updateContainerState(145)) - Container #1 is in OPEN state, but the datanode 5edaa15a-462c-4223-9b9f-86f5b13029f2{ip: 192.168.69.94, host: pr-hdds-1868-bv6q8-2720828103, networkLocation: /default-rack, certSerialId: null} reports an CLOSED replica.
2019-10-21 08:55:33,581 [EventQueue-ContainerReportForContainerReportHandler] WARN  container.ContainerReportHandler (AbstractContainerReportHandler.java:updateContainerState(145)) - Container #1 is in OPEN state, but the datanode fe29a221-84a6-4e60-b8fd-e87bf4d69f29{ip: 192.168.69.94, host: pr-hdds-1868-bv6q8-2720828103, networkLocation: /default-rack, certSerialId: null} reports an CLOSED replica.
2019-10-21 08:55:33,817 [EventQueue-ContainerReportForContainerReportHandler] WARN  container.ContainerReportHandler (AbstractContainerReportHandler.java:updateContainerState(145)) - Container #1 is in OPEN state, but the datanode 5edaa15a-462c-4223-9b9f-86f5b13029f2{ip: 192.168.69.94, host: pr-hdds-1868-bv6q8-2720828103, networkLocation: /default-rack, certSerialId: null} reports an CLOSED replica.
2019-10-21 08:55:33,881 [EventQueue-ContainerReportForContainerReportHandler] WARN  container.ContainerReportHandler (AbstractContainerReportHandler.java:updateContainerState(145)) - Container #1 is in OPEN state, but the datanode fe29a221-84a6-4e60-b8fd-e87bf4d69f29{ip: 192.168.69.94, host: pr-hdds-1868-bv6q8-2720828103, networkLocation: /default-rack, certSerialId: null} reports an CLOSED replica.
2019-10-21 08:55:34,017 [EventQueue-ContainerReportForContainerReportHandler] WARN  container.ContainerReportHandler (AbstractContainerReportHandler.java:updateContainerState(145)) - Container #1 is in OPEN state, but the datanode 5edaa15a-462c-4223-9b9f-86f5b13029f2{ip: 192.168.69.94, host: pr-hdds-1868-bv6q8-2720828103, networkLocation: /default-rack, certSerialId: null} reports an CLOSED replica.
2019-10-21 08:55:34,181 [EventQueue-ContainerReportForContainerReportHandler] WARN  container.ContainerReportHandler (AbstractContainerReportHandler.java:updateContainerState(145)) - Container #1 is in OPEN state, but the datanode fe29a221-84a6-4e60-b8fd-e87bf4d69f29{ip: 192.168.69.94, host: pr-hdds-1868-bv6q8-2720828103, networkLocation: /default-rack, certSerialId: null} reports an CLOSED replica.
2019-10-21 08:55:34,258 [BlockDeletingService#2] WARN  background.BlockDeletingService (BlockDeletingService.java:isDeletionAllowed(187)) - Close Container log Index 6 is not replicated across allthe servers in the pipeline c3f294cd-78fe-4723-8c0d-a8897c702509 as the min replicated index is 4. Deletion is not allowed in this container yet.
2019-10-21 08:55:34,258 [BlockDeletingService#2] WARN  background.BlockDeletingService (BlockDeletingService.java:isDeletionAllowed(187)) - Close Container log Index 6 is not replicated across allthe servers in the pipeline c3f294cd-78fe-4723-8c0d-a8897c702509 as the min replicated index is 4. Deletion is not allowed in this container yet.
2019-10-21 08:55:34,381 [EventQueue-ContainerReportForContainerReportHandler] WARN  container.ContainerReportHandler (AbstractContainerReportHandler.java:updateContainerState(145)) - Container #1 is in OPEN state, but the datanode fe29a221-84a6-4e60-b8fd-e87bf4d69f29{ip: 192.168.69.94, host: pr-hdds-1868-bv6q8-2720828103, networkLocation: /default-rack, certSerialId: null} reports an CLOSED replica.
2019-10-21 08:55:34,417 [EventQueue-ContainerReportForContainerReportHandler] WARN  container.ContainerReportHandler (AbstractContainerReportHandler.java:updateContainerState(145)) - Container #1 is in OPEN state, but the datanode 5edaa15a-462c-4223-9b9f-86f5b13029f2{ip: 192.168.69.94, host: pr-hdds-1868-bv6q8-2720828103, networkLocation: /default-rack, certSerialId: null} reports an CLOSED replica.
2019-10-21 08:55:34,681 [EventQueue-ContainerReportForContainerReportHandler] WARN  container.ContainerReportHandler (AbstractContainerReportHandler.java:updateContainerState(145)) - Container #1 is in OPEN state, but the datanode fe29a221-84a6-4e60-b8fd-e87bf4d69f29{ip: 192.168.69.94, host: pr-hdds-1868-bv6q8-2720828103, networkLocation: /default-rack, certSerialId: null} reports an CLOSED replica.
2019-10-21 08:55:34,717 [EventQueue-ContainerReportForContainerReportHandler] WARN  container.ContainerReportHandler (AbstractContainerReportHandler.java:updateContainerState(145)) - Container #1 is in OPEN state, but the datanode 5edaa15a-462c-4223-9b9f-86f5b13029f2{ip: 192.168.69.94, host: pr-hdds-1868-bv6q8-2720828103, networkLocation: /default-rack, certSerialId: null} reports an CLOSED replica.
2019-10-21 08:55:34,881 [EventQueue-ContainerReportForContainerReportHandler] WARN  container.ContainerReportHandler (AbstractContainerReportHandler.java:updateContainerState(145)) - Container #1 is in OPEN state, but the datanode fe29a221-84a6-4e60-b8fd-e87bf4d69f29{ip: 192.168.69.94, host: pr-hdds-1868-bv6q8-2720828103, networkLocation: /default-rack, certSerialId: null} reports an CLOSED replica.
2019-10-21 08:55:35,117 [EventQueue-ContainerReportForContainerReportHandler] WARN  container.ContainerReportHandler (AbstractContainerReportHandler.java:updateContainerState(145)) - Container #1 is in OPEN state, but the datanode 5edaa15a-462c-4223-9b9f-86f5b13029f2{ip: 192.168.69.94, host: pr-hdds-1868-bv6q8-2720828103, networkLocation: /default-rack, certSerialId: null} reports an CLOSED replica.
2019-10-21 08:55:35,261 [BlockDeletingService#2] WARN  background.BlockDeletingService (BlockDeletingService.java:isDeletionAllowed(187)) - Close Container log Index 6 is not replicated across allthe servers in the pipeline c3f294cd-78fe-4723-8c0d-a8897c702509 as the min replicated index is 4. Deletion is not allowed in this container yet.
2019-10-21 08:55:35,261 [BlockDeletingService#2] WARN  background.BlockDeletingService (BlockDeletingService.java:isDeletionAllowed(187)) - Close Container log Index 6 is not replicated across allthe servers in the pipeline c3f294cd-78fe-4723-8c0d-a8897c702509 as the min replicated index is 4. Deletion is not allowed in this container yet.
2019-10-21 08:55:35,281 [EventQueue-ContainerReportForContainerReportHandler] WARN  container.ContainerReportHandler (AbstractContainerReportHandler.java:updateContainerState(145)) - Container #1 is in OPEN state, but the datanode fe29a221-84a6-4e60-b8fd-e87bf4d69f29{ip: 192.168.69.94, host: pr-hdds-1868-bv6q8-2720828103, networkLocation: /default-rack, certSerialId: null} reports an CLOSED replica.
2019-10-21 08:55:35,517 [EventQueue-ContainerReportForContainerReportHandler] WARN  container.ContainerReportHandler (AbstractContainerReportHandler.java:updateContainerState(145)) - Container #1 is in OPEN state, but the datanode 5edaa15a-462c-4223-9b9f-86f5b13029f2{ip: 192.168.69.94, host: pr-hdds-1868-bv6q8-2720828103, networkLocation: /default-rack, certSerialId: null} reports an CLOSED replica.
2019-10-21 08:55:35,681 [EventQueue-ContainerReportForContainerReportHandler] WARN  container.ContainerReportHandler (AbstractContainerReportHandler.java:updateContainerState(145)) - Container #1 is in OPEN state, but the datanode fe29a221-84a6-4e60-b8fd-e87bf4d69f29{ip: 192.168.69.94, host: pr-hdds-1868-bv6q8-2720828103, networkLocation: /default-rack, certSerialId: null} reports an CLOSED replica.
2019-10-21 08:55:35,817 [EventQueue-ContainerReportForContainerReportHandler] WARN  container.ContainerReportHandler (AbstractContainerReportHandler.java:updateContainerState(145)) - Container #1 is in OPEN state, but the datanode 5edaa15a-462c-4223-9b9f-86f5b13029f2{ip: 192.168.69.94, host: pr-hdds-1868-bv6q8-2720828103, networkLocation: /default-rack, certSerialId: null} reports an CLOSED replica.
2019-10-21 08:55:35,845 [java.util.concurrent.ThreadPoolExecutor$Worker@294731c0[State = -1, empty queue]] WARN  server.GrpcLogAppender (GrpcLogAppender.java:timeoutAppendRequest(209)) - 5edaa15a-462c-4223-9b9f-86f5b13029f2@group-A8897C702509->c70aeaaf-c9e5-48cb-bf54-679217b9dc75-GrpcLogAppender: appendEntries Timeout, request=5edaa15a-462c-4223-9b9f-86f5b13029f2->c70aeaaf-c9e5-48cb-bf54-679217b9dc75#49-t1, previous=(t:1, i:10), leaderCommit=10, initializing? false, entries: <empty>
2019-10-21 08:55:35,980 [EventQueue-ContainerReportForContainerReportHandler] WARN  container.ContainerReportHandler (AbstractContainerReportHandler.java:updateContainerState(145)) - Container #1 is in OPEN state, but the datanode fe29a221-84a6-4e60-b8fd-e87bf4d69f29{ip: 192.168.69.94, host: pr-hdds-1868-bv6q8-2720828103, networkLocation: /default-rack, certSerialId: null} reports an CLOSED replica.
2019-10-21 08:55:36,117 [EventQueue-ContainerReportForContainerReportHandler] WARN  container.ContainerReportHandler (AbstractContainerReportHandler.java:updateContainerState(145)) - Container #1 is in OPEN state, but the datanode 5edaa15a-462c-4223-9b9f-86f5b13029f2{ip: 192.168.69.94, host: pr-hdds-1868-bv6q8-2720828103, networkLocation: /default-rack, certSerialId: null} reports an CLOSED replica.
2019-10-21 08:55:36,262 [BlockDeletingService#2] WARN  background.BlockDeletingService (BlockDeletingService.java:isDeletionAllowed(187)) - Close Container log Index 6 is not replicated across allthe servers in the pipeline c3f294cd-78fe-4723-8c0d-a8897c702509 as the min replicated index is 4. Deletion is not allowed in this container yet.
2019-10-21 08:55:36,263 [BlockDeletingService#2] WARN  background.BlockDeletingService (BlockDeletingService.java:isDeletionAllowed(187)) - Close Container log Index 6 is not replicated across allthe servers in the pipeline c3f294cd-78fe-4723-8c0d-a8897c702509 as the min replicated index is 4. Deletion is not allowed in this container yet.
2019-10-21 08:55:36,281 [EventQueue-ContainerReportForContainerReportHandler] WARN  container.ContainerReportHandler (AbstractContainerReportHandler.java:updateContainerState(145)) - Container #1 is in OPEN state, but the datanode fe29a221-84a6-4e60-b8fd-e87bf4d69f29{ip: 192.168.69.94, host: pr-hdds-1868-bv6q8-2720828103, networkLocation: /default-rack, certSerialId: null} reports an CLOSED replica.
2019-10-21 08:55:36,317 [EventQueue-ContainerReportForContainerReportHandler] WARN  container.ContainerReportHandler (AbstractContainerReportHandler.java:updateContainerState(145)) - Container #1 is in OPEN state, but the datanode 5edaa15a-462c-4223-9b9f-86f5b13029f2{ip: 192.168.69.94, host: pr-hdds-1868-bv6q8-2720828103, networkLocation: /default-rack, certSerialId: null} reports an CLOSED replica.
2019-10-21 08:55:36,465 [EventQueue-StaleNodeForStaleNodeHandler] INFO  node.StaleNodeHandler (StaleNodeHandler.java:onMessage(58)) - Datanode c70aeaaf-c9e5-48cb-bf54-679217b9dc75{ip: 192.168.69.94, host: pr-hdds-1868-bv6q8-2720828103, networkLocation: /default-rack, certSerialId: null} moved to stale state. Finalizing its pipelines [PipelineID=559db46a-d624-4e9b-a06b-adfa90edbecd, PipelineID=c3f294cd-78fe-4723-8c0d-a8897c702509]
2019-10-21 08:55:36,466 [EventQueue-StaleNodeForStaleNodeHandler] INFO  pipeline.SCMPipelineManager (SCMPipelineManager.java:finalizeAndDestroyPipeline(316)) - destroying pipeline:Pipeline[ Id: 559db46a-d624-4e9b-a06b-adfa90edbecd, Nodes: c70aeaaf-c9e5-48cb-bf54-679217b9dc75{ip: 192.168.69.94, host: pr-hdds-1868-bv6q8-2720828103, networkLocation: /default-rack, certSerialId: null}, Type:RATIS, Factor:ONE, State:OPEN]
2019-10-21 08:55:36,466 [EventQueue-StaleNodeForStaleNodeHandler] INFO  pipeline.PipelineStateManager (PipelineStateManager.java:finalizePipeline(121)) - Pipeline Pipeline[ Id: 559db46a-d624-4e9b-a06b-adfa90edbecd, Nodes: c70aeaaf-c9e5-48cb-bf54-679217b9dc75{ip: 192.168.69.94, host: pr-hdds-1868-bv6q8-2720828103, networkLocation: /default-rack, certSerialId: null}, Type:RATIS, Factor:ONE, State:CLOSED] moved to CLOSED state
2019-10-21 08:55:36,470 [EventQueue-StaleNodeForStaleNodeHandler] INFO  pipeline.SCMPipelineManager (SCMPipelineManager.java:finalizeAndDestroyPipeline(316)) - destroying pipeline:Pipeline[ Id: c3f294cd-78fe-4723-8c0d-a8897c702509, Nodes: c70aeaaf-c9e5-48cb-bf54-679217b9dc75{ip: 192.168.69.94, host: pr-hdds-1868-bv6q8-2720828103, networkLocation: /default-rack, certSerialId: null}fe29a221-84a6-4e60-b8fd-e87bf4d69f29{ip: 192.168.69.94, host: pr-hdds-1868-bv6q8-2720828103, networkLocation: /default-rack, certSerialId: null}5edaa15a-462c-4223-9b9f-86f5b13029f2{ip: 192.168.69.94, host: pr-hdds-1868-bv6q8-2720828103, networkLocation: /default-rack, certSerialId: null}, Type:RATIS, Factor:THREE, State:OPEN]
2019-10-21 08:55:36,470 [EventQueue-StaleNodeForStaleNodeHandler] INFO  pipeline.PipelineStateManager (PipelineStateManager.java:finalizePipeline(121)) - Pipeline Pipeline[ Id: c3f294cd-78fe-4723-8c0d-a8897c702509, Nodes: c70aeaaf-c9e5-48cb-bf54-679217b9dc75{ip: 192.168.69.94, host: pr-hdds-1868-bv6q8-2720828103, networkLocation: /default-rack, certSerialId: null}fe29a221-84a6-4e60-b8fd-e87bf4d69f29{ip: 192.168.69.94, host: pr-hdds-1868-bv6q8-2720828103, networkLocation: /default-rack, certSerialId: null}5edaa15a-462c-4223-9b9f-86f5b13029f2{ip: 192.168.69.94, host: pr-hdds-1868-bv6q8-2720828103, networkLocation: /default-rack, certSerialId: null}, Type:RATIS, Factor:THREE, State:CLOSED] moved to CLOSED state
2019-10-21 08:55:36,471 [EventQueue-CloseContainerForCloseContainerEventHandler] INFO  container.CloseContainerEventHandler (CloseContainerEventHandler.java:onMessage(61)) - Close container Event triggered for container : #1
2019-10-21 08:55:36,582 [EventQueue-ContainerReportForContainerReportHandler] INFO  container.ContainerReportHandler (AbstractContainerReportHandler.java:updateContainerState(178)) - Moving container #1 to CLOSED state, datanode fe29a221-84a6-4e60-b8fd-e87bf4d69f29{ip: 192.168.69.94, host: pr-hdds-1868-bv6q8-2720828103, networkLocation: /default-rack, certSerialId: null} reported CLOSED replica.
2019-10-21 08:55:36,636 [SCMBlockDeletingService#0] INFO  block.SCMBlockDeletingService (SCMBlockDeletingService.java:call(184)) - Totally added 3 delete blocks command for 3 datanodes, task elapsed time: 6ms
2019-10-21 08:55:36,884 [EventQueue-PendingDeleteStatusForPendingDeleteHandler] INFO  block.SCMBlockDeletingService (SCMBlockDeletingService.java:handlePendingDeletes(115)) - Block deletion txnID mismatch in datanode fe29a221-84a6-4e60-b8fd-e87bf4d69f29 for containerID 1. Datanode delete txnID: 0, SCM txnID: 1
2019-10-21 08:55:36,885 [Command processor thread] INFO  commandhandler.DeleteBlocksCommandHandler (DeleteBlocksCommandHandler.java:handle(106)) - Start to delete container blocks, TXIDs=[1(0)], numOfContainers=1, numOfBlocks=1
2019-10-21 08:55:37,017 [EventQueue-PendingDeleteStatusForPendingDeleteHandler] INFO  block.SCMBlockDeletingService (SCMBlockDeletingService.java:handlePendingDeletes(115)) - Block deletion txnID mismatch in datanode 5edaa15a-462c-4223-9b9f-86f5b13029f2 for containerID 1. Datanode delete txnID: 0, SCM txnID: 1
2019-10-21 08:55:37,117 [Command processor thread] INFO  commandhandler.DeleteBlocksCommandHandler (DeleteBlocksCommandHandler.java:handle(106)) - Start to delete container blocks, TXIDs=[1(0)], numOfContainers=1, numOfBlocks=1
2019-10-21 08:55:37,264 [BlockDeletingService#2] WARN  background.BlockDeletingService (BlockDeletingService.java:isDeletionAllowed(187)) - Close Container log Index 6 is not replicated across allthe servers in the pipeline c3f294cd-78fe-4723-8c0d-a8897c702509 as the min replicated index is 4. Deletion is not allowed in this container yet.
2019-10-21 08:55:37,264 [BlockDeletingService#2] WARN  background.BlockDeletingService (BlockDeletingService.java:isDeletionAllowed(187)) - Close Container log Index 6 is not replicated across allthe servers in the pipeline c3f294cd-78fe-4723-8c0d-a8897c702509 as the min replicated index is 4. Deletion is not allowed in this container yet.
2019-10-21 08:55:37,390 [main] INFO  impl.MetricsSystemImpl (MetricsSystemImpl.java:init(158)) - HddsDatanode metrics system started (again)
2019-10-21 08:55:37,444 [main] INFO  ozone.HddsDatanodeService (HddsDatanodeService.java:start(184)) - HddsDatanodeService host:pr-hdds-1868-bv6q8-2720828103 ip:192.168.69.94
2019-10-21 08:55:37,449 [main] INFO  volume.VolumeUsage (VolumeUsage.java:loadScmUsed(144)) - Cached ScmUsed found for /workdir/hadoop-ozone/integration-test/target/test-dir/MiniOzoneClusterImpl-837d3900-8951-459a-88fe-dec9addad157/datanode-2/data/containers : 4096 
2019-10-21 08:55:37,449 [main] INFO  volume.HddsVolume (HddsVolume.java:<init>(176)) - Creating Volume: /workdir/hadoop-ozone/integration-test/target/test-dir/MiniOzoneClusterImpl-837d3900-8951-459a-88fe-dec9addad157/datanode-2/data/containers/hdds of  storage type : DISK and capacity : 1482555576320
2019-10-21 08:55:37,450 [main] INFO  volume.VolumeSet (VolumeSet.java:initializeVolumeSet(170)) - Added Volume : /workdir/hadoop-ozone/integration-test/target/test-dir/MiniOzoneClusterImpl-837d3900-8951-459a-88fe-dec9addad157/datanode-2/data/containers/hdds to VolumeSet
2019-10-21 08:55:37,450 [main] INFO  volume.ThrottledAsyncChecker (ThrottledAsyncChecker.java:schedule(141)) - Scheduling a check for /workdir/hadoop-ozone/integration-test/target/test-dir/MiniOzoneClusterImpl-837d3900-8951-459a-88fe-dec9addad157/datanode-2/data/containers/hdds
2019-10-21 08:55:37,451 [main] INFO  volume.HddsVolumeChecker (HddsVolumeChecker.java:checkAllVolumes(204)) - Scheduled health check for volume /workdir/hadoop-ozone/integration-test/target/test-dir/MiniOzoneClusterImpl-837d3900-8951-459a-88fe-dec9addad157/datanode-2/data/containers/hdds
2019-10-21 08:55:37,502 [main] INFO  impl.RaftServerProxy (ConfUtils.java:logGet(43)) - raft.rpc.type = GRPC (default)
2019-10-21 08:55:37,502 [main] INFO  grpc.GrpcFactory (GrpcFactory.java:checkPooledByteBufAllocatorUseCacheForAllThreads(45)) - PERFORMANCE WARNING: useCacheForAllThreads is true that may cause Netty to create a lot garbage objects and, as a result, trigger GC.
	It is recommended to disable useCacheForAllThreads by setting -Dorg.apache.ratis.thirdparty.io.netty.allocator.useCacheForAllThreads=false in command line.
2019-10-21 08:55:37,502 [main] INFO  grpc.GrpcConfigKeys$Server (ConfUtils.java:logGet(43)) - raft.grpc.server.port = 41041 (custom)
2019-10-21 08:55:37,503 [main] INFO  server.GrpcService (ConfUtils.java:logGet(43)) - raft.grpc.message.size.max = 33570816 (custom)
2019-10-21 08:55:37,504 [main] INFO  server.RaftServerConfigKeys (ConfUtils.java:logGet(43)) - raft.server.log.appender.buffer.byte-limit = 33554432 (custom)
2019-10-21 08:55:37,504 [main] INFO  server.GrpcService (ConfUtils.java:logGet(43)) - raft.grpc.flow.control.window = 1MB (=1048576) (default)
2019-10-21 08:55:37,504 [main] INFO  server.RaftServerConfigKeys (ConfUtils.java:logGet(43)) - raft.server.rpc.request.timeout = 3000ms (default)
2019-10-21 08:55:37,505 [main] INFO  server.RaftServerConfigKeys (ConfUtils.java:logGet(43)) - raft.server.storage.dir = [/workdir/hadoop-ozone/integration-test/target/test-dir/MiniOzoneClusterImpl-837d3900-8951-459a-88fe-dec9addad157/datanode-2/data/ratis] (custom)
2019-10-21 08:55:37,505 [main] INFO  impl.RaftServerProxy (RaftServerProxy.java:lambda$null$0(191)) - c70aeaaf-c9e5-48cb-bf54-679217b9dc75: found a subdirectory /workdir/hadoop-ozone/integration-test/target/test-dir/MiniOzoneClusterImpl-837d3900-8951-459a-88fe-dec9addad157/datanode-2/data/ratis/c3f294cd-78fe-4723-8c0d-a8897c702509
2019-10-21 08:55:37,506 [main] INFO  impl.RaftServerProxy (RaftServerProxy.java:addNew(89)) - c70aeaaf-c9e5-48cb-bf54-679217b9dc75: addNew group-A8897C702509:[] returns group-A8897C702509:java.util.concurrent.CompletableFuture@28f4f300[Not completed]
2019-10-21 08:55:37,506 [main] INFO  impl.RaftServerProxy (RaftServerProxy.java:lambda$null$0(191)) - c70aeaaf-c9e5-48cb-bf54-679217b9dc75: found a subdirectory /workdir/hadoop-ozone/integration-test/target/test-dir/MiniOzoneClusterImpl-837d3900-8951-459a-88fe-dec9addad157/datanode-2/data/ratis/559db46a-d624-4e9b-a06b-adfa90edbecd
2019-10-21 08:55:37,507 [main] INFO  impl.RaftServerProxy (RaftServerProxy.java:addNew(89)) - c70aeaaf-c9e5-48cb-bf54-679217b9dc75: addNew group-ADFA90EDBECD:[] returns group-ADFA90EDBECD:java.util.concurrent.CompletableFuture@2b5c4f17[Not completed]
2019-10-21 08:55:37,514 [pool-59-thread-1] INFO  impl.RaftServerImpl (RaftServerImpl.java:<init>(98)) - c70aeaaf-c9e5-48cb-bf54-679217b9dc75: new RaftServerImpl for group-A8897C702509:[] with ContainerStateMachine:uninitialized
2019-10-21 08:55:37,514 [main] INFO  hdfs.DFSUtil (DFSUtil.java:httpServerTemplateForNNAndJN(1641)) - Starting Web-server for hddsDatanode at: http://0.0.0.0:43193
2019-10-21 08:55:37,514 [pool-59-thread-1] INFO  server.RaftServerConfigKeys (ConfUtils.java:logGet(43)) - raft.server.rpc.timeout.min = 5s (custom)
2019-10-21 08:55:37,514 [pool-59-thread-1] INFO  server.RaftServerConfigKeys (ConfUtils.java:logGet(43)) - raft.server.rpc.timeout.max = 5200ms (custom)
2019-10-21 08:55:37,514 [pool-59-thread-1] INFO  server.RaftServerConfigKeys (ConfUtils.java:logGet(43)) - raft.server.rpcslowness.timeout = 1000s (custom)
2019-10-21 08:55:37,515 [pool-59-thread-1] INFO  server.RaftServerConfigKeys (ConfUtils.java:logGet(43)) - raft.server.sleep.deviation.threshold = 300 (default)
2019-10-21 08:55:37,515 [pool-59-thread-1] INFO  server.RaftServerConfigKeys (ConfUtils.java:logGet(43)) - raft.server.log.appender.install.snapshot.enabled = false (custom)
2019-10-21 08:55:37,515 [pool-59-thread-1] INFO  impl.RaftServerImpl (ServerState.java:<init>(103)) - c70aeaaf-c9e5-48cb-bf54-679217b9dc75@group-A8897C702509: ConfigurationManager, init=-1: [], old=null, confs=<EMPTY_MAP>
2019-10-21 08:55:37,515 [pool-59-thread-1] INFO  server.RaftServerConfigKeys (ConfUtils.java:logGet(43)) - raft.server.storage.dir = [/workdir/hadoop-ozone/integration-test/target/test-dir/MiniOzoneClusterImpl-837d3900-8951-459a-88fe-dec9addad157/datanode-2/data/ratis] (custom)
2019-10-21 08:55:37,516 [pool-59-thread-1] INFO  server.RaftServerConfigKeys (ConfUtils.java:logGet(43)) - raft.server.log.corruption.policy = EXCEPTION (default)
2019-10-21 08:55:37,517 [main] INFO  server.AuthenticationFilter (AuthenticationFilter.java:constructSecretProvider(240)) - Unable to initialize FileSignerSecretProvider, falling back to use random secrets.
2019-10-21 08:55:37,518 [main] WARN  http.HttpRequestLog (HttpRequestLog.java:getRequestLog(97)) - Jetty request log can only be enabled using Log4j
2019-10-21 08:55:37,521 [main] INFO  http.HttpServer2 (HttpServer2.java:addGlobalFilter(975)) - Added global filter 'safety' (class=org.apache.hadoop.http.HttpServer2$QuotingInputFilter)
2019-10-21 08:55:37,523 [main] INFO  http.HttpServer2 (HttpServer2.java:addFilter(948)) - Added filter static_user_filter (class=org.apache.hadoop.http.lib.StaticUserWebFilter$StaticUserFilter) to context hddsDatanode
2019-10-21 08:55:37,523 [main] INFO  http.HttpServer2 (HttpServer2.java:addFilter(958)) - Added filter static_user_filter (class=org.apache.hadoop.http.lib.StaticUserWebFilter$StaticUserFilter) to context static
2019-10-21 08:55:37,523 [main] INFO  http.HttpServer2 (HttpServer2.java:addFilter(958)) - Added filter static_user_filter (class=org.apache.hadoop.http.lib.StaticUserWebFilter$StaticUserFilter) to context logs
2019-10-21 08:55:37,525 [main] INFO  http.HttpServer2 (HttpServer2.java:bindListener(1191)) - Jetty bound to port 43193
2019-10-21 08:55:37,525 [main] INFO  server.Server (Server.java:doStart(351)) - jetty-9.3.25.v20180904, build timestamp: 2018-09-04T21:11:46Z, git hash: 3ce520221d0240229c862b122d2b06c12a625732
2019-10-21 08:55:37,528 [main] INFO  handler.ContextHandler (ContextHandler.java:doStart(781)) - Started o.e.j.s.ServletContextHandler@6801b414{/logs,file:///workdir/hadoop-ozone/integration-test/target/log,AVAILABLE}
2019-10-21 08:55:37,529 [pool-59-thread-1] INFO  storage.RaftStorageDirectory (RaftStorageDirectory.java:tryLock(328)) - Lock on /workdir/hadoop-ozone/integration-test/target/test-dir/MiniOzoneClusterImpl-837d3900-8951-459a-88fe-dec9addad157/datanode-2/data/ratis/c3f294cd-78fe-4723-8c0d-a8897c702509/in_use.lock acquired by nodename 25926@pr-hdds-1868-bv6q8-2720828103
2019-10-21 08:55:37,529 [main] INFO  handler.ContextHandler (ContextHandler.java:doStart(781)) - Started o.e.j.s.ServletContextHandler@4f327096{/static,jar:file:/home/user/.m2/repository/org/apache/hadoop/hadoop-hdds-container-service/0.5.0-SNAPSHOT/hadoop-hdds-container-service-0.5.0-SNAPSHOT.jar!/webapps/static,AVAILABLE}
2019-10-21 08:55:37,532 [pool-59-thread-1] INFO  ratis.ContainerStateMachine (ContainerStateMachine.java:loadSnapshot(242)) - group-A8897C702509: Setting the last applied index to (t:1, i:3)
2019-10-21 08:55:37,539 [pool-59-thread-1] INFO  impl.RaftServerImpl (ServerState.java:setRaftConf(356)) - c70aeaaf-c9e5-48cb-bf54-679217b9dc75@group-A8897C702509: set configuration 0: [c70aeaaf-c9e5-48cb-bf54-679217b9dc75:192.168.69.94:41041, fe29a221-84a6-4e60-b8fd-e87bf4d69f29:192.168.69.94:36145, 5edaa15a-462c-4223-9b9f-86f5b13029f2:192.168.69.94:40883], old=null at 0
2019-10-21 08:55:37,539 [pool-59-thread-1] INFO  server.RaftServerConfigKeys (ConfUtils.java:logGet(43)) - raft.server.notification.no-leader.timeout = 1000s (custom)
2019-10-21 08:55:37,539 [pool-59-thread-1] INFO  server.RaftServerConfigKeys (ConfUtils.java:logGet(43)) - raft.server.log.use.memory = false (default)
2019-10-21 08:55:37,539 [pool-59-thread-1] INFO  server.RaftServerConfigKeys (ConfUtils.java:logGet(43)) - raft.server.log.purge.gap = 1000000 (custom)
2019-10-21 08:55:37,539 [pool-59-thread-1] INFO  server.RaftServerConfigKeys (ConfUtils.java:logGet(43)) - raft.server.log.appender.buffer.byte-limit = 33554432 (custom)
2019-10-21 08:55:37,540 [pool-59-thread-1] INFO  server.RaftServerConfigKeys (ConfUtils.java:logGet(43)) - raft.server.log.segment.size.max = 1048576 (custom)
2019-10-21 08:55:37,540 [pool-59-thread-1] INFO  server.RaftServerConfigKeys (ConfUtils.java:logGet(43)) - raft.server.log.segment.cache.num.max = 2 (custom)
2019-10-21 08:55:37,540 [pool-59-thread-1] INFO  segmented.SegmentedRaftLogWorker (SegmentedRaftLogWorker.java:<init>(173)) - new c70aeaaf-c9e5-48cb-bf54-679217b9dc75@group-A8897C702509-SegmentedRaftLogWorker for RaftStorage:Storage Directory /workdir/hadoop-ozone/integration-test/target/test-dir/MiniOzoneClusterImpl-837d3900-8951-459a-88fe-dec9addad157/datanode-2/data/ratis/c3f294cd-78fe-4723-8c0d-a8897c702509
2019-10-21 08:55:37,540 [pool-59-thread-1] INFO  server.RaftServerConfigKeys (ConfUtils.java:logGet(43)) - raft.server.log.queue.byte-limit = 2147483647 (custom)
2019-10-21 08:55:37,540 [pool-59-thread-1] INFO  server.RaftServerConfigKeys (ConfUtils.java:logGet(43)) - raft.server.log.queue.element-limit = 1024 (custom)
2019-10-21 08:55:37,540 [pool-59-thread-1] INFO  server.RaftServerConfigKeys (ConfUtils.java:logGet(43)) - raft.server.log.segment.size.max = 1048576 (custom)
2019-10-21 08:55:37,541 [pool-59-thread-1] INFO  server.RaftServerConfigKeys (ConfUtils.java:logGet(43)) - raft.server.log.preallocated.size = 16384 (custom)
2019-10-21 08:55:37,541 [pool-59-thread-1] INFO  server.RaftServerConfigKeys (ConfUtils.java:logGet(43)) - raft.server.log.write.buffer.size = 33554432 (custom)
2019-10-21 08:55:37,541 [pool-59-thread-1] INFO  server.RaftServerConfigKeys (ConfUtils.java:logGet(43)) - raft.server.log.force.sync.num = 128 (default)
2019-10-21 08:55:37,541 [pool-59-thread-1] INFO  server.RaftServerConfigKeys (ConfUtils.java:logGet(43)) - raft.server.log.statemachine.data.sync = true (default)
2019-10-21 08:55:37,541 [pool-59-thread-1] INFO  server.RaftServerConfigKeys (ConfUtils.java:logGet(43)) - raft.server.log.statemachine.data.sync.timeout = 10s (default)
2019-10-21 08:55:37,541 [pool-59-thread-1] INFO  server.RaftServerConfigKeys (ConfUtils.java:logGet(43)) - raft.server.log.statemachine.data.sync.timeout.retry = -1 (default)
2019-10-21 08:55:37,542 [pool-59-thread-1] INFO  server.RaftServerConfigKeys (ConfUtils.java:logGet(43)) - raft.server.log.statemachine.data.caching.enabled = true (custom)
2019-10-21 08:55:37,549 [pool-59-thread-1] INFO  impl.RaftServerImpl (ServerState.java:setRaftConf(356)) - c70aeaaf-c9e5-48cb-bf54-679217b9dc75@group-A8897C702509: set configuration 0: [c70aeaaf-c9e5-48cb-bf54-679217b9dc75:192.168.69.94:41041, fe29a221-84a6-4e60-b8fd-e87bf4d69f29:192.168.69.94:36145, 5edaa15a-462c-4223-9b9f-86f5b13029f2:192.168.69.94:40883], old=null at 0
2019-10-21 08:55:37,550 [pool-59-thread-1] INFO  segmented.LogSegment (LogSegment.java:loadSegment(140)) - Successfully read 5 entries from segment file /workdir/hadoop-ozone/integration-test/target/test-dir/MiniOzoneClusterImpl-837d3900-8951-459a-88fe-dec9addad157/datanode-2/data/ratis/c3f294cd-78fe-4723-8c0d-a8897c702509/current/log_inprogress_0
2019-10-21 08:55:37,551 [pool-59-thread-1] INFO  segmented.SegmentedRaftLogWorker (SegmentedRaftLogWorker.java:lambda$new$0(128)) - c70aeaaf-c9e5-48cb-bf54-679217b9dc75@group-A8897C702509-SegmentedRaftLogWorker: flushIndex: setUnconditionally 0 -> 4
2019-10-21 08:55:37,575 [main] INFO  handler.ContextHandler (ContextHandler.java:doStart(781)) - Started o.e.j.w.WebAppContext@2ddb3ae8{/,file:///tmp/jetty-0.0.0.0-43193-hddsDatanode-_-any-6300340566385456005.dir/webapp/,AVAILABLE}{/hddsDatanode}
2019-10-21 08:55:37,575 [main] INFO  server.AbstractConnector (AbstractConnector.java:doStart(278)) - Started ServerConnector@79518e00{HTTP/1.1,[http/1.1]}{0.0.0.0:43193}
2019-10-21 08:55:37,582 [main] INFO  server.Server (Server.java:doStart(419)) - Started @120908ms
2019-10-21 08:55:37,582 [pool-59-thread-1] INFO  raftlog.RaftLog (RaftLog.java:lambda$new$0(61)) - c70aeaaf-c9e5-48cb-bf54-679217b9dc75@group-A8897C702509-SegmentedRaftLog: commitIndex: updateToMax old=3, new=3, updated? false
2019-10-21 08:55:37,582 [main] WARN  impl.MetricsSystemImpl (MetricsSystemImpl.java:register(276)) - Sink prometheus already exists!
2019-10-21 08:55:37,583 [pool-59-thread-1] INFO  server.RaftServerConfigKeys (ConfUtils.java:logGet(43)) - raft.server.snapshot.auto.trigger.enabled = true (custom)
2019-10-21 08:55:37,583 [pool-59-thread-1] INFO  server.RaftServerConfigKeys (ConfUtils.java:logGet(43)) - raft.server.snapshot.auto.trigger.threshold = 10000 (custom)
2019-10-21 08:55:37,583 [pool-59-thread-1] INFO  server.RaftServerConfigKeys (ConfUtils.java:logGet(43)) - raft.server.snapshot.retention.file.num = 5 (custom)
2019-10-21 08:55:37,583 [pool-59-thread-1] INFO  server.RaftServerConfigKeys (ConfUtils.java:logGet(43)) - raft.server.retrycache.expirytime = 600000ms (custom)
2019-10-21 08:55:37,585 [main] INFO  server.BaseHttpServer (BaseHttpServer.java:updateConnectorAddress(215)) - HTTP server of HDDSDATANODE is listening at http://0.0.0.0:43193
2019-10-21 08:55:37,585 [pool-59-thread-1] INFO  impl.RaftServerImpl (RaftServerImpl.java:<init>(98)) - c70aeaaf-c9e5-48cb-bf54-679217b9dc75: new RaftServerImpl for group-ADFA90EDBECD:[] with ContainerStateMachine:uninitialized
2019-10-21 08:55:37,585 [pool-59-thread-1] INFO  server.RaftServerConfigKeys (ConfUtils.java:logGet(43)) - raft.server.rpc.timeout.min = 5s (custom)
2019-10-21 08:55:37,585 [pool-59-thread-1] INFO  server.RaftServerConfigKeys (ConfUtils.java:logGet(43)) - raft.server.rpc.timeout.max = 5200ms (custom)
2019-10-21 08:55:37,585 [pool-59-thread-1] INFO  server.RaftServerConfigKeys (ConfUtils.java:logGet(43)) - raft.server.rpcslowness.timeout = 1000s (custom)
2019-10-21 08:55:37,585 [pool-59-thread-1] INFO  server.RaftServerConfigKeys (ConfUtils.java:logGet(43)) - raft.server.sleep.deviation.threshold = 300 (default)
2019-10-21 08:55:37,586 [pool-59-thread-1] INFO  server.RaftServerConfigKeys (ConfUtils.java:logGet(43)) - raft.server.log.appender.install.snapshot.enabled = false (custom)
2019-10-21 08:55:37,586 [pool-59-thread-1] INFO  impl.RaftServerImpl (ServerState.java:<init>(103)) - c70aeaaf-c9e5-48cb-bf54-679217b9dc75@group-ADFA90EDBECD: ConfigurationManager, init=-1: [], old=null, confs=<EMPTY_MAP>
2019-10-21 08:55:37,586 [pool-59-thread-1] INFO  server.RaftServerConfigKeys (ConfUtils.java:logGet(43)) - raft.server.storage.dir = [/workdir/hadoop-ozone/integration-test/target/test-dir/MiniOzoneClusterImpl-837d3900-8951-459a-88fe-dec9addad157/datanode-2/data/ratis] (custom)
2019-10-21 08:55:37,586 [pool-59-thread-1] INFO  server.RaftServerConfigKeys (ConfUtils.java:logGet(43)) - raft.server.log.corruption.policy = EXCEPTION (default)
2019-10-21 08:55:37,587 [org.apache.hadoop.util.JvmPauseMonitor$Monitor@21b9f027] INFO  util.JvmPauseMonitor (JvmPauseMonitor.java:run(188)) - Starting JVM pause monitor
2019-10-21 08:55:37,598 [pool-59-thread-1] INFO  storage.RaftStorageDirectory (RaftStorageDirectory.java:tryLock(328)) - Lock on /workdir/hadoop-ozone/integration-test/target/test-dir/MiniOzoneClusterImpl-837d3900-8951-459a-88fe-dec9addad157/datanode-2/data/ratis/559db46a-d624-4e9b-a06b-adfa90edbecd/in_use.lock acquired by nodename 25926@pr-hdds-1868-bv6q8-2720828103
2019-10-21 08:55:37,599 [pool-59-thread-1] INFO  ratis.ContainerStateMachine (ContainerStateMachine.java:loadSnapshot(233)) - group-ADFA90EDBECD: The snapshot info is null. Setting the last applied indexto:(t:0, i:~)
2019-10-21 08:55:37,599 [pool-59-thread-1] INFO  server.RaftServerConfigKeys (ConfUtils.java:logGet(43)) - raft.server.notification.no-leader.timeout = 1000s (custom)
2019-10-21 08:55:37,599 [pool-59-thread-1] INFO  server.RaftServerConfigKeys (ConfUtils.java:logGet(43)) - raft.server.log.use.memory = false (default)
2019-10-21 08:55:37,599 [pool-59-thread-1] INFO  server.RaftServerConfigKeys (ConfUtils.java:logGet(43)) - raft.server.log.purge.gap = 1000000 (custom)
2019-10-21 08:55:37,599 [pool-59-thread-1] INFO  server.RaftServerConfigKeys (ConfUtils.java:logGet(43)) - raft.server.log.appender.buffer.byte-limit = 33554432 (custom)
2019-10-21 08:55:37,599 [pool-59-thread-1] INFO  server.RaftServerConfigKeys (ConfUtils.java:logGet(43)) - raft.server.log.segment.size.max = 1048576 (custom)
2019-10-21 08:55:37,599 [pool-59-thread-1] INFO  server.RaftServerConfigKeys (ConfUtils.java:logGet(43)) - raft.server.log.segment.cache.num.max = 2 (custom)
2019-10-21 08:55:37,600 [pool-59-thread-1] INFO  segmented.SegmentedRaftLogWorker (SegmentedRaftLogWorker.java:<init>(173)) - new c70aeaaf-c9e5-48cb-bf54-679217b9dc75@group-ADFA90EDBECD-SegmentedRaftLogWorker for RaftStorage:Storage Directory /workdir/hadoop-ozone/integration-test/target/test-dir/MiniOzoneClusterImpl-837d3900-8951-459a-88fe-dec9addad157/datanode-2/data/ratis/559db46a-d624-4e9b-a06b-adfa90edbecd
2019-10-21 08:55:37,600 [pool-59-thread-1] INFO  server.RaftServerConfigKeys (ConfUtils.java:logGet(43)) - raft.server.log.queue.byte-limit = 2147483647 (custom)
2019-10-21 08:55:37,600 [pool-59-thread-1] INFO  server.RaftServerConfigKeys (ConfUtils.java:logGet(43)) - raft.server.log.queue.element-limit = 1024 (custom)
2019-10-21 08:55:37,600 [pool-59-thread-1] INFO  server.RaftServerConfigKeys (ConfUtils.java:logGet(43)) - raft.server.log.segment.size.max = 1048576 (custom)
2019-10-21 08:55:37,600 [pool-59-thread-1] INFO  server.RaftServerConfigKeys (ConfUtils.java:logGet(43)) - raft.server.log.preallocated.size = 16384 (custom)
2019-10-21 08:55:37,600 [pool-59-thread-1] INFO  server.RaftServerConfigKeys (ConfUtils.java:logGet(43)) - raft.server.log.write.buffer.size = 33554432 (custom)
2019-10-21 08:55:37,600 [pool-59-thread-1] INFO  server.RaftServerConfigKeys (ConfUtils.java:logGet(43)) - raft.server.log.force.sync.num = 128 (default)
2019-10-21 08:55:37,600 [pool-59-thread-1] INFO  server.RaftServerConfigKeys (ConfUtils.java:logGet(43)) - raft.server.log.statemachine.data.sync = true (default)
2019-10-21 08:55:37,600 [pool-59-thread-1] INFO  server.RaftServerConfigKeys (ConfUtils.java:logGet(43)) - raft.server.log.statemachine.data.sync.timeout = 10s (default)
2019-10-21 08:55:37,600 [pool-59-thread-1] INFO  server.RaftServerConfigKeys (ConfUtils.java:logGet(43)) - raft.server.log.statemachine.data.sync.timeout.retry = -1 (default)
2019-10-21 08:55:37,601 [pool-59-thread-1] INFO  server.RaftServerConfigKeys (ConfUtils.java:logGet(43)) - raft.server.log.statemachine.data.caching.enabled = true (custom)
2019-10-21 08:55:37,601 [pool-59-thread-1] INFO  impl.RaftServerImpl (ServerState.java:setRaftConf(356)) - c70aeaaf-c9e5-48cb-bf54-679217b9dc75@group-ADFA90EDBECD: set configuration 0: [c70aeaaf-c9e5-48cb-bf54-679217b9dc75:192.168.69.94:41041], old=null at 0
2019-10-21 08:55:37,601 [pool-59-thread-1] INFO  segmented.LogSegment (LogSegment.java:loadSegment(140)) - Successfully read 1 entries from segment file /workdir/hadoop-ozone/integration-test/target/test-dir/MiniOzoneClusterImpl-837d3900-8951-459a-88fe-dec9addad157/datanode-2/data/ratis/559db46a-d624-4e9b-a06b-adfa90edbecd/current/log_inprogress_0
2019-10-21 08:55:37,601 [pool-59-thread-1] INFO  segmented.SegmentedRaftLogWorker (SegmentedRaftLogWorker.java:lambda$new$0(128)) - c70aeaaf-c9e5-48cb-bf54-679217b9dc75@group-ADFA90EDBECD-SegmentedRaftLogWorker: flushIndex: setUnconditionally 0 -> 0
2019-10-21 08:55:37,626 [pool-59-thread-1] INFO  server.RaftServerConfigKeys (ConfUtils.java:logGet(43)) - raft.server.snapshot.auto.trigger.enabled = true (custom)
2019-10-21 08:55:37,626 [pool-59-thread-1] INFO  server.RaftServerConfigKeys (ConfUtils.java:logGet(43)) - raft.server.snapshot.auto.trigger.threshold = 10000 (custom)
2019-10-21 08:55:37,626 [pool-59-thread-1] INFO  server.RaftServerConfigKeys (ConfUtils.java:logGet(43)) - raft.server.snapshot.retention.file.num = 5 (custom)
2019-10-21 08:55:37,626 [pool-59-thread-1] INFO  server.RaftServerConfigKeys (ConfUtils.java:logGet(43)) - raft.server.retrycache.expirytime = 600000ms (custom)
2019-10-21 08:55:37,637 [SCMBlockDeletingService#0] INFO  block.SCMBlockDeletingService (SCMBlockDeletingService.java:call(184)) - Totally added 1 delete blocks command for 1 datanodes, task elapsed time: 1ms
2019-10-21 08:55:37,638 [pool-7-thread-1] INFO  commands.RetriableDatanodeEventWatcher (RetriableDatanodeEventWatcher.java:onTimeout(47)) - RetriableDatanodeCommand type=deleteBlocksCommand with id=1571648136635 timed out. Retrying.
2019-10-21 08:55:38,265 [BlockDeletingService#2] WARN  background.BlockDeletingService (BlockDeletingService.java:isDeletionAllowed(187)) - Close Container log Index 6 is not replicated across allthe servers in the pipeline c3f294cd-78fe-4723-8c0d-a8897c702509 as the min replicated index is 4. Deletion is not allowed in this container yet.
2019-10-21 08:55:38,265 [BlockDeletingService#2] WARN  background.BlockDeletingService (BlockDeletingService.java:isDeletionAllowed(187)) - Close Container log Index 6 is not replicated across allthe servers in the pipeline c3f294cd-78fe-4723-8c0d-a8897c702509 as the min replicated index is 4. Deletion is not allowed in this container yet.
2019-10-21 08:55:38,347 [java.util.concurrent.ThreadPoolExecutor$Worker@294731c0[State = -1, empty queue]] WARN  server.GrpcLogAppender (GrpcLogAppender.java:timeoutAppendRequest(209)) - 5edaa15a-462c-4223-9b9f-86f5b13029f2@group-A8897C702509->c70aeaaf-c9e5-48cb-bf54-679217b9dc75-GrpcLogAppender: appendEntries Timeout, request=5edaa15a-462c-4223-9b9f-86f5b13029f2->c70aeaaf-c9e5-48cb-bf54-679217b9dc75#50-t1, previous=(t:1, i:10), leaderCommit=10, initializing? false, entries: <empty>
2019-10-21 08:55:38,637 [pool-7-thread-1] INFO  commands.RetriableDatanodeEventWatcher (RetriableDatanodeEventWatcher.java:onTimeout(47)) - RetriableDatanodeCommand type=deleteBlocksCommand with id=1571648136638 timed out. Retrying.
2019-10-21 08:55:38,638 [pool-7-thread-1] INFO  commands.RetriableDatanodeEventWatcher (RetriableDatanodeEventWatcher.java:onTimeout(47)) - RetriableDatanodeCommand type=deleteBlocksCommand with id=1571648136635 timed out. Retrying.
2019-10-21 08:55:38,639 [SCMBlockDeletingService#0] INFO  block.SCMBlockDeletingService (SCMBlockDeletingService.java:call(184)) - Totally added 1 delete blocks command for 1 datanodes, task elapsed time: 0ms
2019-10-21 08:55:38,884 [Thread-576] INFO  client.GrpcClientProtocolService (GrpcClientProtocolService.java:lambda$processClientRequest$0(279)) - Failed RaftClientRequest:client-A2E42EE46BE4->5edaa15a-462c-4223-9b9f-86f5b13029f2@group-A8897C702509, cid=22, seq=0, Watch-ALL_COMMITTED(6), Message:<EMPTY>, reply=RaftClientReply:client-A2E42EE46BE4->5edaa15a-462c-4223-9b9f-86f5b13029f2@group-A8897C702509, cid=22, FAILED org.apache.ratis.protocol.NotReplicatedException: Request with call Id 22 and log index 6 is not yet replicated to ALL_COMMITTED, logIndex=6, commits[5edaa15a-462c-4223-9b9f-86f5b13029f2:c10, c70aeaaf-c9e5-48cb-bf54-679217b9dc75:c4, fe29a221-84a6-4e60-b8fd-e87bf4d69f29:c10]
2019-10-21 08:55:39,267 [BlockDeletingService#2] WARN  background.BlockDeletingService (BlockDeletingService.java:isDeletionAllowed(187)) - Close Container log Index 6 is not replicated across allthe servers in the pipeline c3f294cd-78fe-4723-8c0d-a8897c702509 as the min replicated index is 4. Deletion is not allowed in this container yet.
2019-10-21 08:55:39,267 [BlockDeletingService#2] WARN  background.BlockDeletingService (BlockDeletingService.java:isDeletionAllowed(187)) - Close Container log Index 6 is not replicated across allthe servers in the pipeline c3f294cd-78fe-4723-8c0d-a8897c702509 as the min replicated index is 4. Deletion is not allowed in this container yet.
2019-10-21 08:55:39,589 [Datanode State Machine Thread - 0] INFO  ozoneimpl.OzoneContainer (OzoneContainer.java:start(213)) - Attempting to start container services.
2019-10-21 08:55:39,591 [Datanode State Machine Thread - 0] INFO  ozoneimpl.OzoneContainer (OzoneContainer.java:startContainerScrub(177)) - Background container scanner has been disabled.
2019-10-21 08:55:39,591 [Datanode State Machine Thread - 0] INFO  ratis.XceiverServerRatis (XceiverServerRatis.java:start(424)) - Starting XceiverServerRatis c70aeaaf-c9e5-48cb-bf54-679217b9dc75 at port 41041
2019-10-21 08:55:39,603 [Datanode State Machine Thread - 0] INFO  impl.RaftServerImpl (RaftServerImpl.java:start(184)) - c70aeaaf-c9e5-48cb-bf54-679217b9dc75@group-A8897C702509: start as a follower, conf=0: [c70aeaaf-c9e5-48cb-bf54-679217b9dc75:192.168.69.94:41041, fe29a221-84a6-4e60-b8fd-e87bf4d69f29:192.168.69.94:36145, 5edaa15a-462c-4223-9b9f-86f5b13029f2:192.168.69.94:40883], old=null
2019-10-21 08:55:39,604 [ForkJoinPool.commonPool-worker-0] INFO  impl.RaftServerImpl (RaftServerImpl.java:start(184)) - c70aeaaf-c9e5-48cb-bf54-679217b9dc75@group-ADFA90EDBECD: start as a follower, conf=0: [c70aeaaf-c9e5-48cb-bf54-679217b9dc75:192.168.69.94:41041], old=null
2019-10-21 08:55:39,604 [Datanode State Machine Thread - 0] INFO  impl.RaftServerImpl (RaftServerImpl.java:setRole(173)) - c70aeaaf-c9e5-48cb-bf54-679217b9dc75@group-A8897C702509: changes role from      null to FOLLOWER at term 1 for startAsFollower
2019-10-21 08:55:39,605 [ForkJoinPool.commonPool-worker-0] INFO  impl.RaftServerImpl (RaftServerImpl.java:setRole(173)) - c70aeaaf-c9e5-48cb-bf54-679217b9dc75@group-ADFA90EDBECD: changes role from      null to FOLLOWER at term 1 for startAsFollower
2019-10-21 08:55:39,605 [Datanode State Machine Thread - 0] INFO  impl.RoleInfo (RoleInfo.java:updateAndGet(143)) - c70aeaaf-c9e5-48cb-bf54-679217b9dc75: start FollowerState
2019-10-21 08:55:39,605 [ForkJoinPool.commonPool-worker-0] INFO  impl.RoleInfo (RoleInfo.java:updateAndGet(143)) - c70aeaaf-c9e5-48cb-bf54-679217b9dc75: start FollowerState
2019-10-21 08:55:39,606 [Datanode State Machine Thread - 0] INFO  util.JmxRegister (JmxRegister.java:tryRegister(44)) - Successfully registered JMX Bean with object name Ratis:service=RaftServer,group=group-A8897C702509,id=c70aeaaf-c9e5-48cb-bf54-679217b9dc75
2019-10-21 08:55:39,606 [ForkJoinPool.commonPool-worker-0] INFO  util.JmxRegister (JmxRegister.java:tryRegister(44)) - Successfully registered JMX Bean with object name Ratis:service=RaftServer,group=group-ADFA90EDBECD,id=c70aeaaf-c9e5-48cb-bf54-679217b9dc75
2019-10-21 08:55:39,608 [Datanode State Machine Thread - 0] INFO  impl.RaftServerProxy (RaftServerProxy.java:lambda$start$3(299)) - c70aeaaf-c9e5-48cb-bf54-679217b9dc75: start RPC server
2019-10-21 08:55:39,610 [Datanode State Machine Thread - 0] INFO  server.GrpcService (GrpcService.java:startImpl(158)) - c70aeaaf-c9e5-48cb-bf54-679217b9dc75: GrpcService started, listening on 0.0.0.0/0.0.0.0:41041
2019-10-21 08:55:39,638 [pool-7-thread-1] INFO  commands.RetriableDatanodeEventWatcher (RetriableDatanodeEventWatcher.java:onTimeout(47)) - RetriableDatanodeCommand type=deleteBlocksCommand with id=1571648136635 timed out. Retrying.
2019-10-21 08:55:39,638 [pool-7-thread-2] INFO  commands.RetriableDatanodeEventWatcher (RetriableDatanodeEventWatcher.java:onTimeout(47)) - RetriableDatanodeCommand type=deleteBlocksCommand with id=1571648136638 timed out. Retrying.
2019-10-21 08:55:39,639 [pool-7-thread-3] INFO  commands.RetriableDatanodeEventWatcher (RetriableDatanodeEventWatcher.java:onTimeout(47)) - RetriableDatanodeCommand type=deleteBlocksCommand with id=1571648136639 timed out. Retrying.
2019-10-21 08:55:39,640 [SCMBlockDeletingService#0] INFO  block.SCMBlockDeletingService (SCMBlockDeletingService.java:call(184)) - Totally added 1 delete blocks command for 1 datanodes, task elapsed time: 0ms
2019-10-21 08:55:40,269 [BlockDeletingService#2] WARN  background.BlockDeletingService (BlockDeletingService.java:isDeletionAllowed(187)) - Close Container log Index 6 is not replicated across allthe servers in the pipeline c3f294cd-78fe-4723-8c0d-a8897c702509 as the min replicated index is 4. Deletion is not allowed in this container yet.
2019-10-21 08:55:40,270 [BlockDeletingService#2] WARN  background.BlockDeletingService (BlockDeletingService.java:isDeletionAllowed(187)) - Close Container log Index 6 is not replicated across allthe servers in the pipeline c3f294cd-78fe-4723-8c0d-a8897c702509 as the min replicated index is 4. Deletion is not allowed in this container yet.
2019-10-21 08:55:40,639 [pool-7-thread-3] INFO  commands.RetriableDatanodeEventWatcher (RetriableDatanodeEventWatcher.java:onTimeout(47)) - RetriableDatanodeCommand type=deleteBlocksCommand with id=1571648136635 timed out. Retrying.
2019-10-21 08:55:40,639 [pool-7-thread-2] INFO  commands.RetriableDatanodeEventWatcher (RetriableDatanodeEventWatcher.java:onTimeout(47)) - RetriableDatanodeCommand type=deleteBlocksCommand with id=1571648136638 timed out. Retrying.
2019-10-21 08:55:40,639 [pool-7-thread-2] INFO  commands.RetriableDatanodeEventWatcher (RetriableDatanodeEventWatcher.java:onTimeout(47)) - RetriableDatanodeCommand type=deleteBlocksCommand with id=1571648136639 timed out. Retrying.
2019-10-21 08:55:40,640 [pool-7-thread-3] INFO  commands.RetriableDatanodeEventWatcher (RetriableDatanodeEventWatcher.java:onTimeout(47)) - RetriableDatanodeCommand type=deleteBlocksCommand with id=1571648136640 timed out. Retrying.
2019-10-21 08:55:40,641 [SCMBlockDeletingService#0] INFO  block.SCMBlockDeletingService (SCMBlockDeletingService.java:call(184)) - Totally added 1 delete blocks command for 1 datanodes, task elapsed time: 0ms
2019-10-21 08:55:40,847 [java.util.concurrent.ThreadPoolExecutor$Worker@294731c0[State = -1, empty queue]] WARN  server.GrpcLogAppender (GrpcLogAppender.java:timeoutAppendRequest(209)) - 5edaa15a-462c-4223-9b9f-86f5b13029f2@group-A8897C702509->c70aeaaf-c9e5-48cb-bf54-679217b9dc75-GrpcLogAppender: appendEntries Timeout, request=5edaa15a-462c-4223-9b9f-86f5b13029f2->c70aeaaf-c9e5-48cb-bf54-679217b9dc75#51-t1, previous=(t:1, i:10), leaderCommit=10, initializing? false, entries: <empty>
2019-10-21 08:55:41,270 [BlockDeletingService#2] WARN  background.BlockDeletingService (BlockDeletingService.java:isDeletionAllowed(187)) - Close Container log Index 6 is not replicated across allthe servers in the pipeline c3f294cd-78fe-4723-8c0d-a8897c702509 as the min replicated index is 4. Deletion is not allowed in this container yet.
2019-10-21 08:55:41,271 [BlockDeletingService#2] WARN  background.BlockDeletingService (BlockDeletingService.java:isDeletionAllowed(187)) - Close Container log Index 6 is not replicated across allthe servers in the pipeline c3f294cd-78fe-4723-8c0d-a8897c702509 as the min replicated index is 4. Deletion is not allowed in this container yet.
2019-10-21 08:55:41,589 [EventQueue-PendingDeleteStatusForPendingDeleteHandler] INFO  block.SCMBlockDeletingService (SCMBlockDeletingService.java:handlePendingDeletes(115)) - Block deletion txnID mismatch in datanode c70aeaaf-c9e5-48cb-bf54-679217b9dc75 for containerID 1. Datanode delete txnID: 0, SCM txnID: 1
2019-10-21 08:55:41,640 [pool-7-thread-3] INFO  commands.RetriableDatanodeEventWatcher (RetriableDatanodeEventWatcher.java:onTimeout(47)) - RetriableDatanodeCommand type=deleteBlocksCommand with id=1571648136635 timed out. Retrying.
2019-10-21 08:55:41,640 [pool-7-thread-4] INFO  commands.RetriableDatanodeEventWatcher (RetriableDatanodeEventWatcher.java:onTimeout(47)) - RetriableDatanodeCommand type=deleteBlocksCommand with id=1571648136640 timed out. Retrying.
2019-10-21 08:55:41,640 [pool-7-thread-1] INFO  commands.RetriableDatanodeEventWatcher (RetriableDatanodeEventWatcher.java:onTimeout(47)) - RetriableDatanodeCommand type=deleteBlocksCommand with id=1571648136639 timed out. Retrying.
2019-10-21 08:55:41,641 [pool-7-thread-2] INFO  commands.RetriableDatanodeEventWatcher (RetriableDatanodeEventWatcher.java:onTimeout(47)) - RetriableDatanodeCommand type=deleteBlocksCommand with id=1571648136638 timed out. Retrying.
2019-10-21 08:55:41,641 [pool-7-thread-5] INFO  commands.RetriableDatanodeEventWatcher (RetriableDatanodeEventWatcher.java:onTimeout(47)) - RetriableDatanodeCommand type=deleteBlocksCommand with id=1571648136641 timed out. Retrying.
2019-10-21 08:55:41,641 [SCMBlockDeletingService#0] INFO  block.SCMBlockDeletingService (SCMBlockDeletingService.java:call(184)) - Totally added 1 delete blocks command for 1 datanodes, task elapsed time: 0ms
2019-10-21 08:55:42,272 [BlockDeletingService#2] WARN  background.BlockDeletingService (BlockDeletingService.java:isDeletionAllowed(187)) - Close Container log Index 6 is not replicated across allthe servers in the pipeline c3f294cd-78fe-4723-8c0d-a8897c702509 as the min replicated index is 4. Deletion is not allowed in this container yet.
2019-10-21 08:55:42,272 [BlockDeletingService#2] WARN  background.BlockDeletingService (BlockDeletingService.java:isDeletionAllowed(187)) - Close Container log Index 6 is not replicated across allthe servers in the pipeline c3f294cd-78fe-4723-8c0d-a8897c702509 as the min replicated index is 4. Deletion is not allowed in this container yet.
2019-10-21 08:55:42,642 [pool-7-thread-5] INFO  commands.RetriableDatanodeEventWatcher (RetriableDatanodeEventWatcher.java:onTimeout(47)) - RetriableDatanodeCommand type=deleteBlocksCommand with id=1571648136635 timed out. Retrying.
2019-10-21 08:55:42,642 [pool-7-thread-6] INFO  commands.RetriableDatanodeEventWatcher (RetriableDatanodeEventWatcher.java:onTimeout(47)) - RetriableDatanodeCommand type=deleteBlocksCommand with id=1571648136641 timed out. Retrying.
2019-10-21 08:55:42,642 [pool-7-thread-4] INFO  commands.RetriableDatanodeEventWatcher (RetriableDatanodeEventWatcher.java:onTimeout(47)) - RetriableDatanodeCommand type=deleteBlocksCommand with id=1571648136642 timed out. Retrying.
2019-10-21 08:55:42,642 [pool-7-thread-1] INFO  commands.RetriableDatanodeEventWatcher (RetriableDatanodeEventWatcher.java:onTimeout(47)) - RetriableDatanodeCommand type=deleteBlocksCommand with id=1571648136639 timed out. Retrying.
2019-10-21 08:55:42,642 [SCMBlockDeletingService#0] INFO  block.SCMBlockDeletingService (SCMBlockDeletingService.java:call(184)) - Totally added 1 delete blocks command for 1 datanodes, task elapsed time: 1ms
2019-10-21 08:55:42,643 [pool-7-thread-2] INFO  commands.RetriableDatanodeEventWatcher (RetriableDatanodeEventWatcher.java:onTimeout(47)) - RetriableDatanodeCommand type=deleteBlocksCommand with id=1571648136638 timed out. Retrying.
2019-10-21 08:55:42,643 [pool-7-thread-3] INFO  commands.RetriableDatanodeEventWatcher (RetriableDatanodeEventWatcher.java:onTimeout(47)) - RetriableDatanodeCommand type=deleteBlocksCommand with id=1571648136640 timed out. Retrying.
2019-10-21 08:55:43,273 [BlockDeletingService#2] WARN  background.BlockDeletingService (BlockDeletingService.java:isDeletionAllowed(187)) - Close Container log Index 6 is not replicated across allthe servers in the pipeline c3f294cd-78fe-4723-8c0d-a8897c702509 as the min replicated index is 4. Deletion is not allowed in this container yet.
2019-10-21 08:55:43,273 [BlockDeletingService#2] WARN  background.BlockDeletingService (BlockDeletingService.java:isDeletionAllowed(187)) - Close Container log Index 6 is not replicated across allthe servers in the pipeline c3f294cd-78fe-4723-8c0d-a8897c702509 as the min replicated index is 4. Deletion is not allowed in this container yet.
2019-10-21 08:55:43,348 [java.util.concurrent.ThreadPoolExecutor$Worker@294731c0[State = -1, empty queue]] WARN  server.GrpcLogAppender (GrpcLogAppender.java:timeoutAppendRequest(209)) - 5edaa15a-462c-4223-9b9f-86f5b13029f2@group-A8897C702509->c70aeaaf-c9e5-48cb-bf54-679217b9dc75-GrpcLogAppender: appendEntries Timeout, request=5edaa15a-462c-4223-9b9f-86f5b13029f2->c70aeaaf-c9e5-48cb-bf54-679217b9dc75#52-t1, previous=(t:1, i:10), leaderCommit=10, initializing? false, entries: <empty>
2019-10-21 08:55:43,587 [EventQueue-PendingDeleteStatusForPendingDeleteHandler] INFO  block.SCMBlockDeletingService (SCMBlockDeletingService.java:handlePendingDeletes(115)) - Block deletion txnID mismatch in datanode c70aeaaf-c9e5-48cb-bf54-679217b9dc75 for containerID 1. Datanode delete txnID: 0, SCM txnID: 1
2019-10-21 08:55:43,641 [pool-7-thread-3] INFO  commands.RetriableDatanodeEventWatcher (RetriableDatanodeEventWatcher.java:onTimeout(47)) - RetriableDatanodeCommand type=deleteBlocksCommand with id=1571648136635 timed out. Retrying.
2019-10-21 08:55:43,643 [pool-7-thread-1] INFO  commands.RetriableDatanodeEventWatcher (RetriableDatanodeEventWatcher.java:onTimeout(47)) - RetriableDatanodeCommand type=deleteBlocksCommand with id=1571648136642 timed out. Retrying.
2019-10-21 08:55:43,643 [SCMBlockDeletingService#0] INFO  block.SCMBlockDeletingService (SCMBlockDeletingService.java:call(184)) - Totally added 1 delete blocks command for 1 datanodes, task elapsed time: 1ms
2019-10-21 08:55:43,644 [pool-7-thread-5] INFO  commands.RetriableDatanodeEventWatcher (RetriableDatanodeEventWatcher.java:onTimeout(47)) - RetriableDatanodeCommand type=deleteBlocksCommand with id=1571648136641 timed out. Retrying.
2019-10-21 08:55:43,644 [pool-7-thread-6] INFO  commands.RetriableDatanodeEventWatcher (RetriableDatanodeEventWatcher.java:onTimeout(47)) - RetriableDatanodeCommand type=deleteBlocksCommand with id=1571648136640 timed out. Retrying.
2019-10-21 08:55:43,644 [pool-7-thread-3] INFO  commands.RetriableDatanodeEventWatcher (RetriableDatanodeEventWatcher.java:onTimeout(47)) - RetriableDatanodeCommand type=deleteBlocksCommand with id=1571648136638 timed out. Retrying.
2019-10-21 08:55:43,644 [pool-7-thread-2] INFO  commands.RetriableDatanodeEventWatcher (RetriableDatanodeEventWatcher.java:onTimeout(47)) - RetriableDatanodeCommand type=deleteBlocksCommand with id=1571648136639 timed out. Retrying.
2019-10-21 08:55:43,645 [pool-7-thread-4] INFO  commands.RetriableDatanodeEventWatcher (RetriableDatanodeEventWatcher.java:onTimeout(47)) - RetriableDatanodeCommand type=deleteBlocksCommand with id=1571648136643 timed out. Retrying.
2019-10-21 08:55:43,688 [grpc-default-executor-0] INFO  impl.RaftServerProxy (RaftServerProxy.java:addNew(89)) - c70aeaaf-c9e5-48cb-bf54-679217b9dc75: addNew group-4BB2A5D247F1:[c70aeaaf-c9e5-48cb-bf54-679217b9dc75:192.168.69.94:41041] returns group-4BB2A5D247F1:java.util.concurrent.CompletableFuture@2c7b7a66[Not completed]
2019-10-21 08:55:43,690 [pool-59-thread-1] INFO  impl.RaftServerImpl (RaftServerImpl.java:<init>(98)) - c70aeaaf-c9e5-48cb-bf54-679217b9dc75: new RaftServerImpl for group-4BB2A5D247F1:[c70aeaaf-c9e5-48cb-bf54-679217b9dc75:192.168.69.94:41041] with ContainerStateMachine:uninitialized
2019-10-21 08:55:43,691 [pool-59-thread-1] INFO  server.RaftServerConfigKeys (ConfUtils.java:logGet(43)) - raft.server.rpc.timeout.min = 5s (custom)
2019-10-21 08:55:43,691 [pool-59-thread-1] INFO  server.RaftServerConfigKeys (ConfUtils.java:logGet(43)) - raft.server.rpc.timeout.max = 5200ms (custom)
2019-10-21 08:55:43,691 [pool-59-thread-1] INFO  server.RaftServerConfigKeys (ConfUtils.java:logGet(43)) - raft.server.rpcslowness.timeout = 1000s (custom)
2019-10-21 08:55:43,691 [pool-59-thread-1] INFO  server.RaftServerConfigKeys (ConfUtils.java:logGet(43)) - raft.server.sleep.deviation.threshold = 300 (default)
2019-10-21 08:55:43,691 [pool-59-thread-1] INFO  server.RaftServerConfigKeys (ConfUtils.java:logGet(43)) - raft.server.log.appender.install.snapshot.enabled = false (custom)
2019-10-21 08:55:43,691 [pool-59-thread-1] INFO  impl.RaftServerImpl (ServerState.java:<init>(103)) - c70aeaaf-c9e5-48cb-bf54-679217b9dc75@group-4BB2A5D247F1: ConfigurationManager, init=-1: [c70aeaaf-c9e5-48cb-bf54-679217b9dc75:192.168.69.94:41041], old=null, confs=<EMPTY_MAP>
2019-10-21 08:55:43,692 [pool-59-thread-1] INFO  server.RaftServerConfigKeys (ConfUtils.java:logGet(43)) - raft.server.storage.dir = [/workdir/hadoop-ozone/integration-test/target/test-dir/MiniOzoneClusterImpl-837d3900-8951-459a-88fe-dec9addad157/datanode-2/data/ratis] (custom)
2019-10-21 08:55:43,692 [pool-59-thread-1] INFO  server.RaftServerConfigKeys (ConfUtils.java:logGet(43)) - raft.server.log.corruption.policy = EXCEPTION (default)
2019-10-21 08:55:43,692 [pool-59-thread-1] INFO  storage.RaftStorageDirectory (RaftStorageDirectory.java:analyzeStorage(246)) - The storage directory /workdir/hadoop-ozone/integration-test/target/test-dir/MiniOzoneClusterImpl-837d3900-8951-459a-88fe-dec9addad157/datanode-2/data/ratis/54aaf078-4fa6-4b19-a7c2-4bb2a5d247f1 does not exist. Creating ...
2019-10-21 08:55:43,706 [pool-59-thread-1] INFO  storage.RaftStorageDirectory (RaftStorageDirectory.java:tryLock(328)) - Lock on /workdir/hadoop-ozone/integration-test/target/test-dir/MiniOzoneClusterImpl-837d3900-8951-459a-88fe-dec9addad157/datanode-2/data/ratis/54aaf078-4fa6-4b19-a7c2-4bb2a5d247f1/in_use.lock acquired by nodename 25926@pr-hdds-1868-bv6q8-2720828103
2019-10-21 08:55:43,719 [pool-59-thread-1] INFO  storage.RaftStorage (RaftStorage.java:format(84)) - Storage directory /workdir/hadoop-ozone/integration-test/target/test-dir/MiniOzoneClusterImpl-837d3900-8951-459a-88fe-dec9addad157/datanode-2/data/ratis/54aaf078-4fa6-4b19-a7c2-4bb2a5d247f1 has been successfully formatted.
2019-10-21 08:55:43,719 [pool-59-thread-1] INFO  ratis.ContainerStateMachine (ContainerStateMachine.java:loadSnapshot(233)) - group-4BB2A5D247F1: The snapshot info is null. Setting the last applied indexto:(t:0, i:~)
2019-10-21 08:55:43,720 [pool-59-thread-1] INFO  server.RaftServerConfigKeys (ConfUtils.java:logGet(43)) - raft.server.notification.no-leader.timeout = 1000s (custom)
2019-10-21 08:55:43,720 [pool-59-thread-1] INFO  server.RaftServerConfigKeys (ConfUtils.java:logGet(43)) - raft.server.log.use.memory = false (default)
2019-10-21 08:55:43,720 [pool-59-thread-1] INFO  server.RaftServerConfigKeys (ConfUtils.java:logGet(43)) - raft.server.log.purge.gap = 1000000 (custom)
2019-10-21 08:55:43,720 [pool-59-thread-1] INFO  server.RaftServerConfigKeys (ConfUtils.java:logGet(43)) - raft.server.log.appender.buffer.byte-limit = 33554432 (custom)
2019-10-21 08:55:43,720 [pool-59-thread-1] INFO  server.RaftServerConfigKeys (ConfUtils.java:logGet(43)) - raft.server.log.segment.size.max = 1048576 (custom)
2019-10-21 08:55:43,720 [pool-59-thread-1] INFO  server.RaftServerConfigKeys (ConfUtils.java:logGet(43)) - raft.server.log.segment.cache.num.max = 2 (custom)
2019-10-21 08:55:43,720 [pool-59-thread-1] INFO  segmented.SegmentedRaftLogWorker (SegmentedRaftLogWorker.java:<init>(173)) - new c70aeaaf-c9e5-48cb-bf54-679217b9dc75@group-4BB2A5D247F1-SegmentedRaftLogWorker for RaftStorage:Storage Directory /workdir/hadoop-ozone/integration-test/target/test-dir/MiniOzoneClusterImpl-837d3900-8951-459a-88fe-dec9addad157/datanode-2/data/ratis/54aaf078-4fa6-4b19-a7c2-4bb2a5d247f1
2019-10-21 08:55:43,721 [pool-59-thread-1] INFO  server.RaftServerConfigKeys (ConfUtils.java:logGet(43)) - raft.server.log.queue.byte-limit = 2147483647 (custom)
2019-10-21 08:55:43,721 [pool-59-thread-1] INFO  server.RaftServerConfigKeys (ConfUtils.java:logGet(43)) - raft.server.log.queue.element-limit = 1024 (custom)
2019-10-21 08:55:43,721 [pool-59-thread-1] INFO  server.RaftServerConfigKeys (ConfUtils.java:logGet(43)) - raft.server.log.segment.size.max = 1048576 (custom)
2019-10-21 08:55:43,721 [pool-59-thread-1] INFO  server.RaftServerConfigKeys (ConfUtils.java:logGet(43)) - raft.server.log.preallocated.size = 16384 (custom)
2019-10-21 08:55:43,721 [pool-59-thread-1] INFO  server.RaftServerConfigKeys (ConfUtils.java:logGet(43)) - raft.server.log.write.buffer.size = 33554432 (custom)
2019-10-21 08:55:43,721 [pool-59-thread-1] INFO  server.RaftServerConfigKeys (ConfUtils.java:logGet(43)) - raft.server.log.force.sync.num = 128 (default)
2019-10-21 08:55:43,721 [pool-59-thread-1] INFO  server.RaftServerConfigKeys (ConfUtils.java:logGet(43)) - raft.server.log.statemachine.data.sync = true (default)
2019-10-21 08:55:43,721 [pool-59-thread-1] INFO  server.RaftServerConfigKeys (ConfUtils.java:logGet(43)) - raft.server.log.statemachine.data.sync.timeout = 10s (default)
2019-10-21 08:55:43,721 [pool-59-thread-1] INFO  server.RaftServerConfigKeys (ConfUtils.java:logGet(43)) - raft.server.log.statemachine.data.sync.timeout.retry = -1 (default)
2019-10-21 08:55:43,722 [pool-59-thread-1] INFO  server.RaftServerConfigKeys (ConfUtils.java:logGet(43)) - raft.server.log.statemachine.data.caching.enabled = true (custom)
2019-10-21 08:55:43,722 [pool-59-thread-1] INFO  segmented.SegmentedRaftLogWorker (SegmentedRaftLogWorker.java:lambda$new$0(128)) - c70aeaaf-c9e5-48cb-bf54-679217b9dc75@group-4BB2A5D247F1-SegmentedRaftLogWorker: flushIndex: setUnconditionally 0 -> -1
2019-10-21 08:55:43,722 [pool-59-thread-1] INFO  server.RaftServerConfigKeys (ConfUtils.java:logGet(43)) - raft.server.snapshot.auto.trigger.enabled = true (custom)
2019-10-21 08:55:43,722 [pool-59-thread-1] INFO  server.RaftServerConfigKeys (ConfUtils.java:logGet(43)) - raft.server.snapshot.auto.trigger.threshold = 10000 (custom)
2019-10-21 08:55:43,722 [pool-59-thread-1] INFO  server.RaftServerConfigKeys (ConfUtils.java:logGet(43)) - raft.server.snapshot.retention.file.num = 5 (custom)
2019-10-21 08:55:43,723 [pool-59-thread-1] INFO  server.RaftServerConfigKeys (ConfUtils.java:logGet(43)) - raft.server.retrycache.expirytime = 600000ms (custom)
2019-10-21 08:55:43,723 [pool-59-thread-1] WARN  impl.MetricRegistriesImpl (MetricRegistriesImpl.java:lambda$create$1(61)) - First MetricRegistry has been created without registering reporters. You may need to call MetricRegistries.global().addReportRegistration(...) before.
2019-10-21 08:55:43,723 [pool-59-thread-1] WARN  impl.MetricRegistriesImpl (MetricRegistriesImpl.java:lambda$create$1(61)) - First MetricRegistry has been created without registering reporters. You may need to call MetricRegistries.global().addReportRegistration(...) before.
2019-10-21 08:55:43,723 [pool-59-thread-1] INFO  impl.RaftServerImpl (RaftServerImpl.java:start(184)) - c70aeaaf-c9e5-48cb-bf54-679217b9dc75@group-4BB2A5D247F1: start as a follower, conf=-1: [c70aeaaf-c9e5-48cb-bf54-679217b9dc75:192.168.69.94:41041], old=null
2019-10-21 08:55:43,723 [pool-59-thread-1] INFO  impl.RaftServerImpl (RaftServerImpl.java:setRole(173)) - c70aeaaf-c9e5-48cb-bf54-679217b9dc75@group-4BB2A5D247F1: changes role from      null to FOLLOWER at term 0 for startAsFollower
2019-10-21 08:55:43,724 [pool-59-thread-1] INFO  impl.RoleInfo (RoleInfo.java:updateAndGet(143)) - c70aeaaf-c9e5-48cb-bf54-679217b9dc75: start FollowerState
2019-10-21 08:55:43,724 [pool-59-thread-1] INFO  util.JmxRegister (JmxRegister.java:tryRegister(44)) - Successfully registered JMX Bean with object name Ratis:service=RaftServer,group=group-4BB2A5D247F1,id=c70aeaaf-c9e5-48cb-bf54-679217b9dc75
2019-10-21 08:55:43,724 [pool-59-thread-1] WARN  impl.MetricRegistriesImpl (MetricRegistriesImpl.java:lambda$create$1(61)) - First MetricRegistry has been created without registering reporters. You may need to call MetricRegistries.global().addReportRegistration(...) before.
2019-10-21 08:55:43,732 [RatisPipelineUtilsThread] INFO  pipeline.PipelineStateManager (PipelineStateManager.java:addPipeline(55)) - Created pipeline Pipeline[ Id: 54aaf078-4fa6-4b19-a7c2-4bb2a5d247f1, Nodes: c70aeaaf-c9e5-48cb-bf54-679217b9dc75{ip: 192.168.69.94, host: pr-hdds-1868-bv6q8-2720828103, networkLocation: /default-rack, certSerialId: null}, Type:RATIS, Factor:ONE, State:ALLOCATED]
2019-10-21 08:55:43,745 [grpc-default-executor-2] INFO  impl.RaftServerProxy (RaftServerProxy.java:addNew(89)) - fe29a221-84a6-4e60-b8fd-e87bf4d69f29: addNew group-45835C658EA4:[c70aeaaf-c9e5-48cb-bf54-679217b9dc75:192.168.69.94:41041, fe29a221-84a6-4e60-b8fd-e87bf4d69f29:192.168.69.94:36145, 5edaa15a-462c-4223-9b9f-86f5b13029f2:192.168.69.94:40883] returns group-45835C658EA4:java.util.concurrent.CompletableFuture@56f61ca8[Not completed]
2019-10-21 08:55:43,747 [grpc-default-executor-1] INFO  impl.RaftServerProxy (RaftServerProxy.java:addNew(89)) - c70aeaaf-c9e5-48cb-bf54-679217b9dc75: addNew group-45835C658EA4:[c70aeaaf-c9e5-48cb-bf54-679217b9dc75:192.168.69.94:41041, fe29a221-84a6-4e60-b8fd-e87bf4d69f29:192.168.69.94:36145, 5edaa15a-462c-4223-9b9f-86f5b13029f2:192.168.69.94:40883] returns group-45835C658EA4:java.util.concurrent.CompletableFuture@343b398d[Not completed]
2019-10-21 08:55:43,747 [grpc-default-executor-2] INFO  impl.RaftServerProxy (RaftServerProxy.java:addNew(89)) - 5edaa15a-462c-4223-9b9f-86f5b13029f2: addNew group-45835C658EA4:[c70aeaaf-c9e5-48cb-bf54-679217b9dc75:192.168.69.94:41041, fe29a221-84a6-4e60-b8fd-e87bf4d69f29:192.168.69.94:36145, 5edaa15a-462c-4223-9b9f-86f5b13029f2:192.168.69.94:40883] returns group-45835C658EA4:java.util.concurrent.CompletableFuture@1687cd4e[Not completed]
2019-10-21 08:55:43,748 [pool-27-thread-1] INFO  impl.RaftServerImpl (RaftServerImpl.java:<init>(98)) - fe29a221-84a6-4e60-b8fd-e87bf4d69f29: new RaftServerImpl for group-45835C658EA4:[c70aeaaf-c9e5-48cb-bf54-679217b9dc75:192.168.69.94:41041, fe29a221-84a6-4e60-b8fd-e87bf4d69f29:192.168.69.94:36145, 5edaa15a-462c-4223-9b9f-86f5b13029f2:192.168.69.94:40883] with ContainerStateMachine:uninitialized
2019-10-21 08:55:43,749 [pool-27-thread-1] INFO  server.RaftServerConfigKeys (ConfUtils.java:logGet(43)) - raft.server.rpc.timeout.min = 5s (custom)
2019-10-21 08:55:43,749 [pool-27-thread-1] INFO  server.RaftServerConfigKeys (ConfUtils.java:logGet(43)) - raft.server.rpc.timeout.max = 5200ms (custom)
2019-10-21 08:55:43,749 [pool-27-thread-1] INFO  server.RaftServerConfigKeys (ConfUtils.java:logGet(43)) - raft.server.rpcslowness.timeout = 1000s (custom)
2019-10-21 08:55:43,749 [pool-27-thread-1] INFO  server.RaftServerConfigKeys (ConfUtils.java:logGet(43)) - raft.server.sleep.deviation.threshold = 300 (default)
2019-10-21 08:55:43,749 [pool-27-thread-1] INFO  server.RaftServerConfigKeys (ConfUtils.java:logGet(43)) - raft.server.log.appender.install.snapshot.enabled = false (custom)
2019-10-21 08:55:43,749 [pool-27-thread-1] INFO  impl.RaftServerImpl (ServerState.java:<init>(103)) - fe29a221-84a6-4e60-b8fd-e87bf4d69f29@group-45835C658EA4: ConfigurationManager, init=-1: [c70aeaaf-c9e5-48cb-bf54-679217b9dc75:192.168.69.94:41041, fe29a221-84a6-4e60-b8fd-e87bf4d69f29:192.168.69.94:36145, 5edaa15a-462c-4223-9b9f-86f5b13029f2:192.168.69.94:40883], old=null, confs=<EMPTY_MAP>
2019-10-21 08:55:43,749 [pool-27-thread-1] INFO  server.RaftServerConfigKeys (ConfUtils.java:logGet(43)) - raft.server.storage.dir = [/workdir/hadoop-ozone/integration-test/target/test-dir/MiniOzoneClusterImpl-837d3900-8951-459a-88fe-dec9addad157/datanode-0/data/ratis] (custom)
2019-10-21 08:55:43,750 [pool-37-thread-1] INFO  impl.RaftServerImpl (RaftServerImpl.java:<init>(98)) - 5edaa15a-462c-4223-9b9f-86f5b13029f2: new RaftServerImpl for group-45835C658EA4:[c70aeaaf-c9e5-48cb-bf54-679217b9dc75:192.168.69.94:41041, fe29a221-84a6-4e60-b8fd-e87bf4d69f29:192.168.69.94:36145, 5edaa15a-462c-4223-9b9f-86f5b13029f2:192.168.69.94:40883] with ContainerStateMachine:uninitialized
2019-10-21 08:55:43,750 [pool-27-thread-1] INFO  server.RaftServerConfigKeys (ConfUtils.java:logGet(43)) - raft.server.log.corruption.policy = EXCEPTION (default)
2019-10-21 08:55:43,750 [pool-37-thread-1] INFO  server.RaftServerConfigKeys (ConfUtils.java:logGet(43)) - raft.server.rpc.timeout.min = 5s (custom)
2019-10-21 08:55:43,750 [pool-27-thread-1] INFO  storage.RaftStorageDirectory (RaftStorageDirectory.java:analyzeStorage(246)) - The storage directory /workdir/hadoop-ozone/integration-test/target/test-dir/MiniOzoneClusterImpl-837d3900-8951-459a-88fe-dec9addad157/datanode-0/data/ratis/1b3628ca-4593-4675-88a0-45835c658ea4 does not exist. Creating ...
2019-10-21 08:55:43,750 [pool-37-thread-1] INFO  server.RaftServerConfigKeys (ConfUtils.java:logGet(43)) - raft.server.rpc.timeout.max = 5200ms (custom)
2019-10-21 08:55:43,750 [pool-37-thread-1] INFO  server.RaftServerConfigKeys (ConfUtils.java:logGet(43)) - raft.server.rpcslowness.timeout = 1000s (custom)
2019-10-21 08:55:43,750 [pool-59-thread-1] INFO  impl.RaftServerImpl (RaftServerImpl.java:<init>(98)) - c70aeaaf-c9e5-48cb-bf54-679217b9dc75: new RaftServerImpl for group-45835C658EA4:[c70aeaaf-c9e5-48cb-bf54-679217b9dc75:192.168.69.94:41041, fe29a221-84a6-4e60-b8fd-e87bf4d69f29:192.168.69.94:36145, 5edaa15a-462c-4223-9b9f-86f5b13029f2:192.168.69.94:40883] with ContainerStateMachine:uninitialized
2019-10-21 08:55:43,750 [pool-37-thread-1] INFO  server.RaftServerConfigKeys (ConfUtils.java:logGet(43)) - raft.server.sleep.deviation.threshold = 300 (default)
2019-10-21 08:55:43,751 [pool-59-thread-1] INFO  server.RaftServerConfigKeys (ConfUtils.java:logGet(43)) - raft.server.rpc.timeout.min = 5s (custom)
2019-10-21 08:55:43,751 [pool-37-thread-1] INFO  server.RaftServerConfigKeys (ConfUtils.java:logGet(43)) - raft.server.log.appender.install.snapshot.enabled = false (custom)
2019-10-21 08:55:43,751 [pool-59-thread-1] INFO  server.RaftServerConfigKeys (ConfUtils.java:logGet(43)) - raft.server.rpc.timeout.max = 5200ms (custom)
2019-10-21 08:55:43,751 [pool-37-thread-1] INFO  impl.RaftServerImpl (ServerState.java:<init>(103)) - 5edaa15a-462c-4223-9b9f-86f5b13029f2@group-45835C658EA4: ConfigurationManager, init=-1: [c70aeaaf-c9e5-48cb-bf54-679217b9dc75:192.168.69.94:41041, fe29a221-84a6-4e60-b8fd-e87bf4d69f29:192.168.69.94:36145, 5edaa15a-462c-4223-9b9f-86f5b13029f2:192.168.69.94:40883], old=null, confs=<EMPTY_MAP>
2019-10-21 08:55:43,751 [pool-59-thread-1] INFO  server.RaftServerConfigKeys (ConfUtils.java:logGet(43)) - raft.server.rpcslowness.timeout = 1000s (custom)
2019-10-21 08:55:43,751 [pool-37-thread-1] INFO  server.RaftServerConfigKeys (ConfUtils.java:logGet(43)) - raft.server.storage.dir = [/workdir/hadoop-ozone/integration-test/target/test-dir/MiniOzoneClusterImpl-837d3900-8951-459a-88fe-dec9addad157/datanode-1/data/ratis] (custom)
2019-10-21 08:55:43,751 [pool-59-thread-1] INFO  server.RaftServerConfigKeys (ConfUtils.java:logGet(43)) - raft.server.sleep.deviation.threshold = 300 (default)
2019-10-21 08:55:43,751 [pool-59-thread-1] INFO  server.RaftServerConfigKeys (ConfUtils.java:logGet(43)) - raft.server.log.appender.install.snapshot.enabled = false (custom)
2019-10-21 08:55:43,751 [pool-37-thread-1] INFO  server.RaftServerConfigKeys (ConfUtils.java:logGet(43)) - raft.server.log.corruption.policy = EXCEPTION (default)
2019-10-21 08:55:43,751 [pool-59-thread-1] INFO  impl.RaftServerImpl (ServerState.java:<init>(103)) - c70aeaaf-c9e5-48cb-bf54-679217b9dc75@group-45835C658EA4: ConfigurationManager, init=-1: [c70aeaaf-c9e5-48cb-bf54-679217b9dc75:192.168.69.94:41041, fe29a221-84a6-4e60-b8fd-e87bf4d69f29:192.168.69.94:36145, 5edaa15a-462c-4223-9b9f-86f5b13029f2:192.168.69.94:40883], old=null, confs=<EMPTY_MAP>
2019-10-21 08:55:43,752 [pool-59-thread-1] INFO  server.RaftServerConfigKeys (ConfUtils.java:logGet(43)) - raft.server.storage.dir = [/workdir/hadoop-ozone/integration-test/target/test-dir/MiniOzoneClusterImpl-837d3900-8951-459a-88fe-dec9addad157/datanode-2/data/ratis] (custom)
2019-10-21 08:55:43,752 [pool-37-thread-1] INFO  storage.RaftStorageDirectory (RaftStorageDirectory.java:analyzeStorage(246)) - The storage directory /workdir/hadoop-ozone/integration-test/target/test-dir/MiniOzoneClusterImpl-837d3900-8951-459a-88fe-dec9addad157/datanode-1/data/ratis/1b3628ca-4593-4675-88a0-45835c658ea4 does not exist. Creating ...
2019-10-21 08:55:43,752 [pool-59-thread-1] INFO  server.RaftServerConfigKeys (ConfUtils.java:logGet(43)) - raft.server.log.corruption.policy = EXCEPTION (default)
2019-10-21 08:55:43,752 [pool-59-thread-1] INFO  storage.RaftStorageDirectory (RaftStorageDirectory.java:analyzeStorage(246)) - The storage directory /workdir/hadoop-ozone/integration-test/target/test-dir/MiniOzoneClusterImpl-837d3900-8951-459a-88fe-dec9addad157/datanode-2/data/ratis/1b3628ca-4593-4675-88a0-45835c658ea4 does not exist. Creating ...
2019-10-21 08:55:43,763 [pool-37-thread-1] INFO  storage.RaftStorageDirectory (RaftStorageDirectory.java:tryLock(328)) - Lock on /workdir/hadoop-ozone/integration-test/target/test-dir/MiniOzoneClusterImpl-837d3900-8951-459a-88fe-dec9addad157/datanode-1/data/ratis/1b3628ca-4593-4675-88a0-45835c658ea4/in_use.lock acquired by nodename 25926@pr-hdds-1868-bv6q8-2720828103
2019-10-21 08:55:43,763 [pool-27-thread-1] INFO  storage.RaftStorageDirectory (RaftStorageDirectory.java:tryLock(328)) - Lock on /workdir/hadoop-ozone/integration-test/target/test-dir/MiniOzoneClusterImpl-837d3900-8951-459a-88fe-dec9addad157/datanode-0/data/ratis/1b3628ca-4593-4675-88a0-45835c658ea4/in_use.lock acquired by nodename 25926@pr-hdds-1868-bv6q8-2720828103
2019-10-21 08:55:43,763 [pool-59-thread-1] INFO  storage.RaftStorageDirectory (RaftStorageDirectory.java:tryLock(328)) - Lock on /workdir/hadoop-ozone/integration-test/target/test-dir/MiniOzoneClusterImpl-837d3900-8951-459a-88fe-dec9addad157/datanode-2/data/ratis/1b3628ca-4593-4675-88a0-45835c658ea4/in_use.lock acquired by nodename 25926@pr-hdds-1868-bv6q8-2720828103
2019-10-21 08:55:43,777 [pool-37-thread-1] INFO  storage.RaftStorage (RaftStorage.java:format(84)) - Storage directory /workdir/hadoop-ozone/integration-test/target/test-dir/MiniOzoneClusterImpl-837d3900-8951-459a-88fe-dec9addad157/datanode-1/data/ratis/1b3628ca-4593-4675-88a0-45835c658ea4 has been successfully formatted.
2019-10-21 08:55:43,777 [pool-59-thread-1] INFO  storage.RaftStorage (RaftStorage.java:format(84)) - Storage directory /workdir/hadoop-ozone/integration-test/target/test-dir/MiniOzoneClusterImpl-837d3900-8951-459a-88fe-dec9addad157/datanode-2/data/ratis/1b3628ca-4593-4675-88a0-45835c658ea4 has been successfully formatted.
2019-10-21 08:55:43,777 [pool-27-thread-1] INFO  storage.RaftStorage (RaftStorage.java:format(84)) - Storage directory /workdir/hadoop-ozone/integration-test/target/test-dir/MiniOzoneClusterImpl-837d3900-8951-459a-88fe-dec9addad157/datanode-0/data/ratis/1b3628ca-4593-4675-88a0-45835c658ea4 has been successfully formatted.
2019-10-21 08:55:43,778 [pool-37-thread-1] INFO  ratis.ContainerStateMachine (ContainerStateMachine.java:loadSnapshot(233)) - group-45835C658EA4: The snapshot info is null. Setting the last applied indexto:(t:0, i:~)
2019-10-21 08:55:43,778 [pool-59-thread-1] INFO  ratis.ContainerStateMachine (ContainerStateMachine.java:loadSnapshot(233)) - group-45835C658EA4: The snapshot info is null. Setting the last applied indexto:(t:0, i:~)
2019-10-21 08:55:43,778 [pool-27-thread-1] INFO  ratis.ContainerStateMachine (ContainerStateMachine.java:loadSnapshot(233)) - group-45835C658EA4: The snapshot info is null. Setting the last applied indexto:(t:0, i:~)
2019-10-21 08:55:43,778 [pool-37-thread-1] INFO  server.RaftServerConfigKeys (ConfUtils.java:logGet(43)) - raft.server.notification.no-leader.timeout = 1000s (custom)
2019-10-21 08:55:43,778 [pool-27-thread-1] INFO  server.RaftServerConfigKeys (ConfUtils.java:logGet(43)) - raft.server.notification.no-leader.timeout = 1000s (custom)
2019-10-21 08:55:43,778 [pool-59-thread-1] INFO  server.RaftServerConfigKeys (ConfUtils.java:logGet(43)) - raft.server.notification.no-leader.timeout = 1000s (custom)
2019-10-21 08:55:43,779 [pool-27-thread-1] INFO  server.RaftServerConfigKeys (ConfUtils.java:logGet(43)) - raft.server.log.use.memory = false (default)
2019-10-21 08:55:43,778 [pool-37-thread-1] INFO  server.RaftServerConfigKeys (ConfUtils.java:logGet(43)) - raft.server.log.use.memory = false (default)
2019-10-21 08:55:43,779 [pool-27-thread-1] INFO  server.RaftServerConfigKeys (ConfUtils.java:logGet(43)) - raft.server.log.purge.gap = 1000000 (custom)
2019-10-21 08:55:43,779 [pool-59-thread-1] INFO  server.RaftServerConfigKeys (ConfUtils.java:logGet(43)) - raft.server.log.use.memory = false (default)
2019-10-21 08:55:43,779 [pool-27-thread-1] INFO  server.RaftServerConfigKeys (ConfUtils.java:logGet(43)) - raft.server.log.appender.buffer.byte-limit = 33554432 (custom)
2019-10-21 08:55:43,779 [pool-37-thread-1] INFO  server.RaftServerConfigKeys (ConfUtils.java:logGet(43)) - raft.server.log.purge.gap = 1000000 (custom)
2019-10-21 08:55:43,779 [pool-27-thread-1] INFO  server.RaftServerConfigKeys (ConfUtils.java:logGet(43)) - raft.server.log.segment.size.max = 1048576 (custom)
2019-10-21 08:55:43,779 [pool-59-thread-1] INFO  server.RaftServerConfigKeys (ConfUtils.java:logGet(43)) - raft.server.log.purge.gap = 1000000 (custom)
2019-10-21 08:55:43,780 [pool-27-thread-1] INFO  server.RaftServerConfigKeys (ConfUtils.java:logGet(43)) - raft.server.log.segment.cache.num.max = 2 (custom)
2019-10-21 08:55:43,779 [pool-37-thread-1] INFO  server.RaftServerConfigKeys (ConfUtils.java:logGet(43)) - raft.server.log.appender.buffer.byte-limit = 33554432 (custom)
2019-10-21 08:55:43,780 [pool-27-thread-1] INFO  segmented.SegmentedRaftLogWorker (SegmentedRaftLogWorker.java:<init>(173)) - new fe29a221-84a6-4e60-b8fd-e87bf4d69f29@group-45835C658EA4-SegmentedRaftLogWorker for RaftStorage:Storage Directory /workdir/hadoop-ozone/integration-test/target/test-dir/MiniOzoneClusterImpl-837d3900-8951-459a-88fe-dec9addad157/datanode-0/data/ratis/1b3628ca-4593-4675-88a0-45835c658ea4
2019-10-21 08:55:43,780 [pool-59-thread-1] INFO  server.RaftServerConfigKeys (ConfUtils.java:logGet(43)) - raft.server.log.appender.buffer.byte-limit = 33554432 (custom)
2019-10-21 08:55:43,780 [pool-27-thread-1] INFO  server.RaftServerConfigKeys (ConfUtils.java:logGet(43)) - raft.server.log.queue.byte-limit = 2147483647 (custom)
2019-10-21 08:55:43,780 [pool-37-thread-1] INFO  server.RaftServerConfigKeys (ConfUtils.java:logGet(43)) - raft.server.log.segment.size.max = 1048576 (custom)
2019-10-21 08:55:43,780 [pool-27-thread-1] INFO  server.RaftServerConfigKeys (ConfUtils.java:logGet(43)) - raft.server.log.queue.element-limit = 1024 (custom)
2019-10-21 08:55:43,780 [pool-59-thread-1] INFO  server.RaftServerConfigKeys (ConfUtils.java:logGet(43)) - raft.server.log.segment.size.max = 1048576 (custom)
2019-10-21 08:55:43,781 [pool-27-thread-1] INFO  server.RaftServerConfigKeys (ConfUtils.java:logGet(43)) - raft.server.log.segment.size.max = 1048576 (custom)
2019-10-21 08:55:43,780 [pool-37-thread-1] INFO  server.RaftServerConfigKeys (ConfUtils.java:logGet(43)) - raft.server.log.segment.cache.num.max = 2 (custom)
2019-10-21 08:55:43,781 [pool-27-thread-1] INFO  server.RaftServerConfigKeys (ConfUtils.java:logGet(43)) - raft.server.log.preallocated.size = 16384 (custom)
2019-10-21 08:55:43,781 [pool-59-thread-1] INFO  server.RaftServerConfigKeys (ConfUtils.java:logGet(43)) - raft.server.log.segment.cache.num.max = 2 (custom)
2019-10-21 08:55:43,781 [pool-27-thread-1] INFO  server.RaftServerConfigKeys (ConfUtils.java:logGet(43)) - raft.server.log.write.buffer.size = 33554432 (custom)
2019-10-21 08:55:43,781 [pool-37-thread-1] INFO  segmented.SegmentedRaftLogWorker (SegmentedRaftLogWorker.java:<init>(173)) - new 5edaa15a-462c-4223-9b9f-86f5b13029f2@group-45835C658EA4-SegmentedRaftLogWorker for RaftStorage:Storage Directory /workdir/hadoop-ozone/integration-test/target/test-dir/MiniOzoneClusterImpl-837d3900-8951-459a-88fe-dec9addad157/datanode-1/data/ratis/1b3628ca-4593-4675-88a0-45835c658ea4
2019-10-21 08:55:43,781 [pool-27-thread-1] INFO  server.RaftServerConfigKeys (ConfUtils.java:logGet(43)) - raft.server.log.force.sync.num = 128 (default)
2019-10-21 08:55:43,781 [pool-59-thread-1] INFO  segmented.SegmentedRaftLogWorker (SegmentedRaftLogWorker.java:<init>(173)) - new c70aeaaf-c9e5-48cb-bf54-679217b9dc75@group-45835C658EA4-SegmentedRaftLogWorker for RaftStorage:Storage Directory /workdir/hadoop-ozone/integration-test/target/test-dir/MiniOzoneClusterImpl-837d3900-8951-459a-88fe-dec9addad157/datanode-2/data/ratis/1b3628ca-4593-4675-88a0-45835c658ea4
2019-10-21 08:55:43,782 [pool-27-thread-1] INFO  server.RaftServerConfigKeys (ConfUtils.java:logGet(43)) - raft.server.log.statemachine.data.sync = true (default)
2019-10-21 08:55:43,781 [pool-37-thread-1] INFO  server.RaftServerConfigKeys (ConfUtils.java:logGet(43)) - raft.server.log.queue.byte-limit = 2147483647 (custom)
2019-10-21 08:55:43,782 [pool-27-thread-1] INFO  server.RaftServerConfigKeys (ConfUtils.java:logGet(43)) - raft.server.log.statemachine.data.sync.timeout = 10s (default)
2019-10-21 08:55:43,782 [pool-59-thread-1] INFO  server.RaftServerConfigKeys (ConfUtils.java:logGet(43)) - raft.server.log.queue.byte-limit = 2147483647 (custom)
2019-10-21 08:55:43,782 [pool-27-thread-1] INFO  server.RaftServerConfigKeys (ConfUtils.java:logGet(43)) - raft.server.log.statemachine.data.sync.timeout.retry = -1 (default)
2019-10-21 08:55:43,782 [pool-37-thread-1] INFO  server.RaftServerConfigKeys (ConfUtils.java:logGet(43)) - raft.server.log.queue.element-limit = 1024 (custom)
2019-10-21 08:55:43,782 [pool-59-thread-1] INFO  server.RaftServerConfigKeys (ConfUtils.java:logGet(43)) - raft.server.log.queue.element-limit = 1024 (custom)
2019-10-21 08:55:43,783 [pool-37-thread-1] INFO  server.RaftServerConfigKeys (ConfUtils.java:logGet(43)) - raft.server.log.segment.size.max = 1048576 (custom)
2019-10-21 08:55:43,782 [pool-27-thread-1] INFO  server.RaftServerConfigKeys (ConfUtils.java:logGet(43)) - raft.server.log.statemachine.data.caching.enabled = true (custom)
2019-10-21 08:55:43,783 [pool-37-thread-1] INFO  server.RaftServerConfigKeys (ConfUtils.java:logGet(43)) - raft.server.log.preallocated.size = 16384 (custom)
2019-10-21 08:55:43,783 [pool-59-thread-1] INFO  server.RaftServerConfigKeys (ConfUtils.java:logGet(43)) - raft.server.log.segment.size.max = 1048576 (custom)
2019-10-21 08:55:43,783 [pool-27-thread-1] INFO  segmented.SegmentedRaftLogWorker (SegmentedRaftLogWorker.java:lambda$new$0(128)) - fe29a221-84a6-4e60-b8fd-e87bf4d69f29@group-45835C658EA4-SegmentedRaftLogWorker: flushIndex: setUnconditionally 0 -> -1
2019-10-21 08:55:43,783 [pool-37-thread-1] INFO  server.RaftServerConfigKeys (ConfUtils.java:logGet(43)) - raft.server.log.write.buffer.size = 33554432 (custom)
2019-10-21 08:55:43,783 [pool-59-thread-1] INFO  server.RaftServerConfigKeys (ConfUtils.java:logGet(43)) - raft.server.log.preallocated.size = 16384 (custom)
2019-10-21 08:55:43,783 [pool-27-thread-1] INFO  server.RaftServerConfigKeys (ConfUtils.java:logGet(43)) - raft.server.snapshot.auto.trigger.enabled = true (custom)
2019-10-21 08:55:43,783 [pool-37-thread-1] INFO  server.RaftServerConfigKeys (ConfUtils.java:logGet(43)) - raft.server.log.force.sync.num = 128 (default)
2019-10-21 08:55:43,784 [pool-27-thread-1] INFO  server.RaftServerConfigKeys (ConfUtils.java:logGet(43)) - raft.server.snapshot.auto.trigger.threshold = 10000 (custom)
2019-10-21 08:55:43,784 [pool-59-thread-1] INFO  server.RaftServerConfigKeys (ConfUtils.java:logGet(43)) - raft.server.log.write.buffer.size = 33554432 (custom)
2019-10-21 08:55:43,784 [pool-27-thread-1] INFO  server.RaftServerConfigKeys (ConfUtils.java:logGet(43)) - raft.server.snapshot.retention.file.num = 5 (custom)
2019-10-21 08:55:43,784 [pool-37-thread-1] INFO  server.RaftServerConfigKeys (ConfUtils.java:logGet(43)) - raft.server.log.statemachine.data.sync = true (default)
2019-10-21 08:55:43,784 [pool-27-thread-1] INFO  server.RaftServerConfigKeys (ConfUtils.java:logGet(43)) - raft.server.retrycache.expirytime = 600000ms (custom)
2019-10-21 08:55:43,784 [pool-59-thread-1] INFO  server.RaftServerConfigKeys (ConfUtils.java:logGet(43)) - raft.server.log.force.sync.num = 128 (default)
2019-10-21 08:55:43,785 [pool-27-thread-1] WARN  impl.MetricRegistriesImpl (MetricRegistriesImpl.java:lambda$create$1(61)) - First MetricRegistry has been created without registering reporters. You may need to call MetricRegistries.global().addReportRegistration(...) before.
2019-10-21 08:55:43,784 [pool-37-thread-1] INFO  server.RaftServerConfigKeys (ConfUtils.java:logGet(43)) - raft.server.log.statemachine.data.sync.timeout = 10s (default)
2019-10-21 08:55:43,785 [pool-27-thread-1] WARN  impl.MetricRegistriesImpl (MetricRegistriesImpl.java:lambda$create$1(61)) - First MetricRegistry has been created without registering reporters. You may need to call MetricRegistries.global().addReportRegistration(...) before.
2019-10-21 08:55:43,785 [pool-59-thread-1] INFO  server.RaftServerConfigKeys (ConfUtils.java:logGet(43)) - raft.server.log.statemachine.data.sync = true (default)
2019-10-21 08:55:43,785 [pool-27-thread-1] INFO  impl.RaftServerImpl (RaftServerImpl.java:start(184)) - fe29a221-84a6-4e60-b8fd-e87bf4d69f29@group-45835C658EA4: start as a follower, conf=-1: [c70aeaaf-c9e5-48cb-bf54-679217b9dc75:192.168.69.94:41041, fe29a221-84a6-4e60-b8fd-e87bf4d69f29:192.168.69.94:36145, 5edaa15a-462c-4223-9b9f-86f5b13029f2:192.168.69.94:40883], old=null
2019-10-21 08:55:43,785 [pool-37-thread-1] INFO  server.RaftServerConfigKeys (ConfUtils.java:logGet(43)) - raft.server.log.statemachine.data.sync.timeout.retry = -1 (default)
2019-10-21 08:55:43,785 [pool-27-thread-1] INFO  impl.RaftServerImpl (RaftServerImpl.java:setRole(173)) - fe29a221-84a6-4e60-b8fd-e87bf4d69f29@group-45835C658EA4: changes role from      null to FOLLOWER at term 0 for startAsFollower
2019-10-21 08:55:43,785 [pool-59-thread-1] INFO  server.RaftServerConfigKeys (ConfUtils.java:logGet(43)) - raft.server.log.statemachine.data.sync.timeout = 10s (default)
2019-10-21 08:55:43,786 [pool-27-thread-1] INFO  impl.RoleInfo (RoleInfo.java:updateAndGet(143)) - fe29a221-84a6-4e60-b8fd-e87bf4d69f29: start FollowerState
2019-10-21 08:55:43,786 [pool-37-thread-1] INFO  server.RaftServerConfigKeys (ConfUtils.java:logGet(43)) - raft.server.log.statemachine.data.caching.enabled = true (custom)
2019-10-21 08:55:43,786 [pool-59-thread-1] INFO  server.RaftServerConfigKeys (ConfUtils.java:logGet(43)) - raft.server.log.statemachine.data.sync.timeout.retry = -1 (default)
2019-10-21 08:55:43,786 [pool-37-thread-1] INFO  segmented.SegmentedRaftLogWorker (SegmentedRaftLogWorker.java:lambda$new$0(128)) - 5edaa15a-462c-4223-9b9f-86f5b13029f2@group-45835C658EA4-SegmentedRaftLogWorker: flushIndex: setUnconditionally 0 -> -1
2019-10-21 08:55:43,786 [pool-27-thread-1] INFO  util.JmxRegister (JmxRegister.java:tryRegister(44)) - Successfully registered JMX Bean with object name Ratis:service=RaftServer,group=group-45835C658EA4,id=fe29a221-84a6-4e60-b8fd-e87bf4d69f29
2019-10-21 08:55:43,786 [pool-59-thread-1] INFO  server.RaftServerConfigKeys (ConfUtils.java:logGet(43)) - raft.server.log.statemachine.data.caching.enabled = true (custom)
2019-10-21 08:55:43,786 [pool-37-thread-1] INFO  server.RaftServerConfigKeys (ConfUtils.java:logGet(43)) - raft.server.snapshot.auto.trigger.enabled = true (custom)
2019-10-21 08:55:43,786 [pool-27-thread-1] WARN  impl.MetricRegistriesImpl (MetricRegistriesImpl.java:lambda$create$1(61)) - First MetricRegistry has been created without registering reporters. You may need to call MetricRegistries.global().addReportRegistration(...) before.
2019-10-21 08:55:43,787 [pool-59-thread-1] INFO  segmented.SegmentedRaftLogWorker (SegmentedRaftLogWorker.java:lambda$new$0(128)) - c70aeaaf-c9e5-48cb-bf54-679217b9dc75@group-45835C658EA4-SegmentedRaftLogWorker: flushIndex: setUnconditionally 0 -> -1
2019-10-21 08:55:43,787 [pool-37-thread-1] INFO  server.RaftServerConfigKeys (ConfUtils.java:logGet(43)) - raft.server.snapshot.auto.trigger.threshold = 10000 (custom)
2019-10-21 08:55:43,787 [pool-37-thread-1] INFO  server.RaftServerConfigKeys (ConfUtils.java:logGet(43)) - raft.server.snapshot.retention.file.num = 5 (custom)
2019-10-21 08:55:43,787 [pool-59-thread-1] INFO  server.RaftServerConfigKeys (ConfUtils.java:logGet(43)) - raft.server.snapshot.auto.trigger.enabled = true (custom)
2019-10-21 08:55:43,787 [pool-37-thread-1] INFO  server.RaftServerConfigKeys (ConfUtils.java:logGet(43)) - raft.server.retrycache.expirytime = 600000ms (custom)
2019-10-21 08:55:43,787 [pool-59-thread-1] INFO  server.RaftServerConfigKeys (ConfUtils.java:logGet(43)) - raft.server.snapshot.auto.trigger.threshold = 10000 (custom)
2019-10-21 08:55:43,787 [pool-37-thread-1] WARN  impl.MetricRegistriesImpl (MetricRegistriesImpl.java:lambda$create$1(61)) - First MetricRegistry has been created without registering reporters. You may need to call MetricRegistries.global().addReportRegistration(...) before.
2019-10-21 08:55:43,787 [pool-59-thread-1] INFO  server.RaftServerConfigKeys (ConfUtils.java:logGet(43)) - raft.server.snapshot.retention.file.num = 5 (custom)
2019-10-21 08:55:43,788 [EventQueue-PendingDeleteStatusForPendingDeleteHandler] INFO  block.SCMBlockDeletingService (SCMBlockDeletingService.java:handlePendingDeletes(115)) - Block deletion txnID mismatch in datanode c70aeaaf-c9e5-48cb-bf54-679217b9dc75 for containerID 1. Datanode delete txnID: 0, SCM txnID: 1
2019-10-21 08:55:43,788 [pool-37-thread-1] WARN  impl.MetricRegistriesImpl (MetricRegistriesImpl.java:lambda$create$1(61)) - First MetricRegistry has been created without registering reporters. You may need to call MetricRegistries.global().addReportRegistration(...) before.
2019-10-21 08:55:43,788 [pool-59-thread-1] INFO  server.RaftServerConfigKeys (ConfUtils.java:logGet(43)) - raft.server.retrycache.expirytime = 600000ms (custom)
2019-10-21 08:55:43,789 [pool-37-thread-1] INFO  impl.RaftServerImpl (RaftServerImpl.java:start(184)) - 5edaa15a-462c-4223-9b9f-86f5b13029f2@group-45835C658EA4: start as a follower, conf=-1: [c70aeaaf-c9e5-48cb-bf54-679217b9dc75:192.168.69.94:41041, fe29a221-84a6-4e60-b8fd-e87bf4d69f29:192.168.69.94:36145, 5edaa15a-462c-4223-9b9f-86f5b13029f2:192.168.69.94:40883], old=null
2019-10-21 08:55:43,789 [pool-59-thread-1] WARN  impl.MetricRegistriesImpl (MetricRegistriesImpl.java:lambda$create$1(61)) - First MetricRegistry has been created without registering reporters. You may need to call MetricRegistries.global().addReportRegistration(...) before.
2019-10-21 08:55:43,790 [pool-37-thread-1] INFO  impl.RaftServerImpl (RaftServerImpl.java:setRole(173)) - 5edaa15a-462c-4223-9b9f-86f5b13029f2@group-45835C658EA4: changes role from      null to FOLLOWER at term 0 for startAsFollower
2019-10-21 08:55:43,790 [pool-59-thread-1] WARN  impl.MetricRegistriesImpl (MetricRegistriesImpl.java:lambda$create$1(61)) - First MetricRegistry has been created without registering reporters. You may need to call MetricRegistries.global().addReportRegistration(...) before.
2019-10-21 08:55:43,790 [pool-37-thread-1] INFO  impl.RoleInfo (RoleInfo.java:updateAndGet(143)) - 5edaa15a-462c-4223-9b9f-86f5b13029f2: start FollowerState
2019-10-21 08:55:43,790 [pool-59-thread-1] INFO  impl.RaftServerImpl (RaftServerImpl.java:start(184)) - c70aeaaf-c9e5-48cb-bf54-679217b9dc75@group-45835C658EA4: start as a follower, conf=-1: [c70aeaaf-c9e5-48cb-bf54-679217b9dc75:192.168.69.94:41041, fe29a221-84a6-4e60-b8fd-e87bf4d69f29:192.168.69.94:36145, 5edaa15a-462c-4223-9b9f-86f5b13029f2:192.168.69.94:40883], old=null
2019-10-21 08:55:43,790 [pool-59-thread-1] INFO  impl.RaftServerImpl (RaftServerImpl.java:setRole(173)) - c70aeaaf-c9e5-48cb-bf54-679217b9dc75@group-45835C658EA4: changes role from      null to FOLLOWER at term 0 for startAsFollower
2019-10-21 08:55:43,790 [pool-59-thread-1] INFO  impl.RoleInfo (RoleInfo.java:updateAndGet(143)) - c70aeaaf-c9e5-48cb-bf54-679217b9dc75: start FollowerState
2019-10-21 08:55:43,790 [pool-37-thread-1] INFO  util.JmxRegister (JmxRegister.java:tryRegister(44)) - Successfully registered JMX Bean with object name Ratis:service=RaftServer,group=group-45835C658EA4,id=5edaa15a-462c-4223-9b9f-86f5b13029f2
2019-10-21 08:55:43,791 [pool-37-thread-1] WARN  impl.MetricRegistriesImpl (MetricRegistriesImpl.java:lambda$create$1(61)) - First MetricRegistry has been created without registering reporters. You may need to call MetricRegistries.global().addReportRegistration(...) before.
2019-10-21 08:55:43,791 [pool-59-thread-1] INFO  util.JmxRegister (JmxRegister.java:tryRegister(44)) - Successfully registered JMX Bean with object name Ratis:service=RaftServer,group=group-45835C658EA4,id=c70aeaaf-c9e5-48cb-bf54-679217b9dc75
2019-10-21 08:55:43,791 [pool-59-thread-1] WARN  impl.MetricRegistriesImpl (MetricRegistriesImpl.java:lambda$create$1(61)) - First MetricRegistry has been created without registering reporters. You may need to call MetricRegistries.global().addReportRegistration(...) before.
2019-10-21 08:55:43,796 [RatisPipelineUtilsThread] INFO  pipeline.PipelineStateManager (PipelineStateManager.java:addPipeline(55)) - Created pipeline Pipeline[ Id: 1b3628ca-4593-4675-88a0-45835c658ea4, Nodes: c70aeaaf-c9e5-48cb-bf54-679217b9dc75{ip: 192.168.69.94, host: pr-hdds-1868-bv6q8-2720828103, networkLocation: /default-rack, certSerialId: null}fe29a221-84a6-4e60-b8fd-e87bf4d69f29{ip: 192.168.69.94, host: pr-hdds-1868-bv6q8-2720828103, networkLocation: /default-rack, certSerialId: null}5edaa15a-462c-4223-9b9f-86f5b13029f2{ip: 192.168.69.94, host: pr-hdds-1868-bv6q8-2720828103, networkLocation: /default-rack, certSerialId: null}, Type:RATIS, Factor:THREE, State:ALLOCATED]
2019-10-21 08:55:44,089 [EventQueue-PendingDeleteStatusForPendingDeleteHandler] INFO  block.SCMBlockDeletingService (SCMBlockDeletingService.java:handlePendingDeletes(115)) - Block deletion txnID mismatch in datanode c70aeaaf-c9e5-48cb-bf54-679217b9dc75 for containerID 1. Datanode delete txnID: 0, SCM txnID: 1
2019-10-21 08:55:44,275 [BlockDeletingService#2] WARN  background.BlockDeletingService (BlockDeletingService.java:isDeletionAllowed(187)) - Close Container log Index 6 is not replicated across allthe servers in the pipeline c3f294cd-78fe-4723-8c0d-a8897c702509 as the min replicated index is 4. Deletion is not allowed in this container yet.
2019-10-21 08:55:44,276 [BlockDeletingService#2] WARN  background.BlockDeletingService (BlockDeletingService.java:isDeletionAllowed(187)) - Close Container log Index 6 is not replicated across allthe servers in the pipeline c3f294cd-78fe-4723-8c0d-a8897c702509 as the min replicated index is 4. Deletion is not allowed in this container yet.
2019-10-21 08:55:44,391 [EventQueue-PendingDeleteStatusForPendingDeleteHandler] INFO  block.SCMBlockDeletingService (SCMBlockDeletingService.java:handlePendingDeletes(115)) - Block deletion txnID mismatch in datanode c70aeaaf-c9e5-48cb-bf54-679217b9dc75 for containerID 1. Datanode delete txnID: 0, SCM txnID: 1
2019-10-21 08:55:44,593 [EventQueue-PendingDeleteStatusForPendingDeleteHandler] INFO  block.SCMBlockDeletingService (SCMBlockDeletingService.java:handlePendingDeletes(115)) - Block deletion txnID mismatch in datanode c70aeaaf-c9e5-48cb-bf54-679217b9dc75 for containerID 1. Datanode delete txnID: 0, SCM txnID: 1
2019-10-21 08:55:44,600 [Command processor thread] INFO  commandhandler.DeleteBlocksCommandHandler (DeleteBlocksCommandHandler.java:handle(106)) - Start to delete container blocks, TXIDs=[1(0)], numOfContainers=1, numOfBlocks=1
2019-10-21 08:55:44,601 [Command processor thread] INFO  commandhandler.DeleteBlocksCommandHandler (DeleteBlocksCommandHandler.java:handle(106)) - Start to delete container blocks, TXIDs=[1(2)], numOfContainers=1, numOfBlocks=1
2019-10-21 08:55:44,601 [Command processor thread] INFO  commandhandler.DeleteBlocksCommandHandler (DeleteBlocksCommandHandler.java:handle(106)) - Start to delete container blocks, TXIDs=[1(0)], numOfContainers=1, numOfBlocks=1
2019-10-21 08:55:44,601 [Command processor thread] INFO  commandhandler.DeleteBlocksCommandHandler (DeleteBlocksCommandHandler.java:handle(106)) - Start to delete container blocks, TXIDs=[1(2)], numOfContainers=1, numOfBlocks=1
2019-10-21 08:55:44,602 [Command processor thread] INFO  commandhandler.DeleteBlocksCommandHandler (DeleteBlocksCommandHandler.java:handle(106)) - Start to delete container blocks, TXIDs=[1(2)], numOfContainers=1, numOfBlocks=1
2019-10-21 08:55:44,602 [Command processor thread] INFO  commandhandler.DeleteBlocksCommandHandler (DeleteBlocksCommandHandler.java:handle(106)) - Start to delete container blocks, TXIDs=[1(0)], numOfContainers=1, numOfBlocks=1
2019-10-21 08:55:44,602 [Command processor thread] INFO  commandhandler.DeleteBlocksCommandHandler (DeleteBlocksCommandHandler.java:handle(106)) - Start to delete container blocks, TXIDs=[1(0)], numOfContainers=1, numOfBlocks=1
2019-10-21 08:55:44,602 [Command processor thread] INFO  commandhandler.DeleteBlocksCommandHandler (DeleteBlocksCommandHandler.java:handle(106)) - Start to delete container blocks, TXIDs=[1(2)], numOfContainers=1, numOfBlocks=1
2019-10-21 08:55:44,603 [Command processor thread] INFO  commandhandler.DeleteBlocksCommandHandler (DeleteBlocksCommandHandler.java:handle(106)) - Start to delete container blocks, TXIDs=[1(2)], numOfContainers=1, numOfBlocks=1
2019-10-21 08:55:44,603 [Command processor thread] INFO  commandhandler.DeleteBlocksCommandHandler (DeleteBlocksCommandHandler.java:handle(106)) - Start to delete container blocks, TXIDs=[1(2)], numOfContainers=1, numOfBlocks=1
2019-10-21 08:55:44,603 [Command processor thread] INFO  commandhandler.DeleteBlocksCommandHandler (DeleteBlocksCommandHandler.java:handle(106)) - Start to delete container blocks, TXIDs=[1(0)], numOfContainers=1, numOfBlocks=1
2019-10-21 08:55:44,603 [Command processor thread] INFO  commandhandler.DeleteBlocksCommandHandler (DeleteBlocksCommandHandler.java:handle(106)) - Start to delete container blocks, TXIDs=[1(2)], numOfContainers=1, numOfBlocks=1
2019-10-21 08:55:44,604 [Command processor thread] INFO  commandhandler.DeleteBlocksCommandHandler (DeleteBlocksCommandHandler.java:handle(106)) - Start to delete container blocks, TXIDs=[1(2)], numOfContainers=1, numOfBlocks=1
2019-10-21 08:55:44,604 [Command processor thread] INFO  commandhandler.DeleteBlocksCommandHandler (DeleteBlocksCommandHandler.java:handle(106)) - Start to delete container blocks, TXIDs=[1(2)], numOfContainers=1, numOfBlocks=1
2019-10-21 08:55:44,604 [Command processor thread] INFO  commandhandler.DeleteBlocksCommandHandler (DeleteBlocksCommandHandler.java:handle(106)) - Start to delete container blocks, TXIDs=[1(2)], numOfContainers=1, numOfBlocks=1
2019-10-21 08:55:44,604 [Command processor thread] INFO  commandhandler.DeleteBlocksCommandHandler (DeleteBlocksCommandHandler.java:handle(106)) - Start to delete container blocks, TXIDs=[1(0)], numOfContainers=1, numOfBlocks=1
2019-10-21 08:55:44,605 [Command processor thread] INFO  commandhandler.DeleteBlocksCommandHandler (DeleteBlocksCommandHandler.java:handle(106)) - Start to delete container blocks, TXIDs=[1(2)], numOfContainers=1, numOfBlocks=1
2019-10-21 08:55:44,605 [Command processor thread] INFO  commandhandler.DeleteBlocksCommandHandler (DeleteBlocksCommandHandler.java:handle(106)) - Start to delete container blocks, TXIDs=[1(2)], numOfContainers=1, numOfBlocks=1
2019-10-21 08:55:44,605 [Command processor thread] INFO  commandhandler.DeleteBlocksCommandHandler (DeleteBlocksCommandHandler.java:handle(106)) - Start to delete container blocks, TXIDs=[1(2)], numOfContainers=1, numOfBlocks=1
2019-10-21 08:55:44,605 [Command processor thread] INFO  commandhandler.DeleteBlocksCommandHandler (DeleteBlocksCommandHandler.java:handle(106)) - Start to delete container blocks, TXIDs=[1(2)], numOfContainers=1, numOfBlocks=1
2019-10-21 08:55:44,606 [Command processor thread] INFO  commandhandler.DeleteBlocksCommandHandler (DeleteBlocksCommandHandler.java:handle(106)) - Start to delete container blocks, TXIDs=[1(2)], numOfContainers=1, numOfBlocks=1
2019-10-21 08:55:44,606 [Command processor thread] INFO  commandhandler.DeleteBlocksCommandHandler (DeleteBlocksCommandHandler.java:handle(106)) - Start to delete container blocks, TXIDs=[1(0)], numOfContainers=1, numOfBlocks=1
2019-10-21 08:55:44,606 [Thread-580] INFO  impl.FollowerState (FollowerState.java:run(111)) - c70aeaaf-c9e5-48cb-bf54-679217b9dc75@group-ADFA90EDBECD-FollowerState: change to CANDIDATE, lastRpcTime:5000ms, electionTimeout:5000ms
2019-10-21 08:55:44,606 [Command processor thread] INFO  commandhandler.DeleteBlocksCommandHandler (DeleteBlocksCommandHandler.java:handle(106)) - Start to delete container blocks, TXIDs=[1(2)], numOfContainers=1, numOfBlocks=1
2019-10-21 08:55:44,606 [Thread-580] INFO  impl.RoleInfo (RoleInfo.java:shutdownFollowerState(121)) - c70aeaaf-c9e5-48cb-bf54-679217b9dc75: shutdown FollowerState
2019-10-21 08:55:44,606 [Command processor thread] INFO  commandhandler.DeleteBlocksCommandHandler (DeleteBlocksCommandHandler.java:handle(106)) - Start to delete container blocks, TXIDs=[1(2)], numOfContainers=1, numOfBlocks=1
2019-10-21 08:55:44,607 [Thread-580] INFO  impl.RaftServerImpl (RaftServerImpl.java:setRole(173)) - c70aeaaf-c9e5-48cb-bf54-679217b9dc75@group-ADFA90EDBECD: changes role from  FOLLOWER to CANDIDATE at term 1 for changeToCandidate
2019-10-21 08:55:44,607 [Command processor thread] INFO  commandhandler.DeleteBlocksCommandHandler (DeleteBlocksCommandHandler.java:handle(106)) - Start to delete container blocks, TXIDs=[1(2)], numOfContainers=1, numOfBlocks=1
2019-10-21 08:55:44,607 [Thread-580] INFO  impl.RoleInfo (RoleInfo.java:updateAndGet(143)) - c70aeaaf-c9e5-48cb-bf54-679217b9dc75: start LeaderElection
2019-10-21 08:55:44,607 [Command processor thread] INFO  commandhandler.DeleteBlocksCommandHandler (DeleteBlocksCommandHandler.java:handle(106)) - Start to delete container blocks, TXIDs=[1(2)], numOfContainers=1, numOfBlocks=1
2019-10-21 08:55:44,608 [Command processor thread] INFO  commandhandler.DeleteBlocksCommandHandler (DeleteBlocksCommandHandler.java:handle(106)) - Start to delete container blocks, TXIDs=[1(2)], numOfContainers=1, numOfBlocks=1
2019-10-21 08:55:44,609 [Command processor thread] INFO  commandhandler.DeleteBlocksCommandHandler (DeleteBlocksCommandHandler.java:handle(106)) - Start to delete container blocks, TXIDs=[1(2)], numOfContainers=1, numOfBlocks=1
2019-10-21 08:55:44,609 [Command processor thread] INFO  commandhandler.DeleteBlocksCommandHandler (DeleteBlocksCommandHandler.java:handle(106)) - Start to delete container blocks, TXIDs=[1(0)], numOfContainers=1, numOfBlocks=1
2019-10-21 08:55:44,609 [Command processor thread] INFO  commandhandler.DeleteBlocksCommandHandler (DeleteBlocksCommandHandler.java:handle(106)) - Start to delete container blocks, TXIDs=[1(30)], numOfContainers=1, numOfBlocks=1
2019-10-21 08:55:44,610 [Command processor thread] INFO  commandhandler.DeleteBlocksCommandHandler (DeleteBlocksCommandHandler.java:handle(106)) - Start to delete container blocks, TXIDs=[1(2)], numOfContainers=1, numOfBlocks=1
2019-10-21 08:55:44,610 [Command processor thread] INFO  commandhandler.DeleteBlocksCommandHandler (DeleteBlocksCommandHandler.java:handle(106)) - Start to delete container blocks, TXIDs=[1(2)], numOfContainers=1, numOfBlocks=1
2019-10-21 08:55:44,610 [Command processor thread] INFO  commandhandler.DeleteBlocksCommandHandler (DeleteBlocksCommandHandler.java:handle(106)) - Start to delete container blocks, TXIDs=[1(2)], numOfContainers=1, numOfBlocks=1
2019-10-21 08:55:44,610 [Command processor thread] INFO  commandhandler.DeleteBlocksCommandHandler (DeleteBlocksCommandHandler.java:handle(106)) - Start to delete container blocks, TXIDs=[1(2)], numOfContainers=1, numOfBlocks=1
2019-10-21 08:55:44,611 [Command processor thread] INFO  commandhandler.DeleteBlocksCommandHandler (DeleteBlocksCommandHandler.java:handle(106)) - Start to delete container blocks, TXIDs=[1(2)], numOfContainers=1, numOfBlocks=1
2019-10-21 08:55:44,611 [Command processor thread] INFO  commandhandler.DeleteBlocksCommandHandler (DeleteBlocksCommandHandler.java:handle(106)) - Start to delete container blocks, TXIDs=[1(2)], numOfContainers=1, numOfBlocks=1
2019-10-21 08:55:44,619 [c70aeaaf-c9e5-48cb-bf54-679217b9dc75@group-ADFA90EDBECD-LeaderElection6] INFO  impl.LeaderElection (LeaderElection.java:askForVotes(178)) - c70aeaaf-c9e5-48cb-bf54-679217b9dc75@group-ADFA90EDBECD-LeaderElection6: begin an election at term 2 for 0: [c70aeaaf-c9e5-48cb-bf54-679217b9dc75:192.168.69.94:41041], old=null
2019-10-21 08:55:44,619 [c70aeaaf-c9e5-48cb-bf54-679217b9dc75@group-ADFA90EDBECD-LeaderElection6] INFO  impl.RoleInfo (RoleInfo.java:shutdownLeaderElection(134)) - c70aeaaf-c9e5-48cb-bf54-679217b9dc75: shutdown LeaderElection
2019-10-21 08:55:44,620 [c70aeaaf-c9e5-48cb-bf54-679217b9dc75@group-ADFA90EDBECD-LeaderElection6] INFO  impl.RaftServerImpl (RaftServerImpl.java:setRole(173)) - c70aeaaf-c9e5-48cb-bf54-679217b9dc75@group-ADFA90EDBECD: changes role from CANDIDATE to LEADER at term 2 for changeToLeader
2019-10-21 08:55:44,620 [c70aeaaf-c9e5-48cb-bf54-679217b9dc75@group-ADFA90EDBECD-LeaderElection6] INFO  ratis.XceiverServerRatis (XceiverServerRatis.java:handleLeaderChangedNotification(701)) - Leader change notification received for group: group-ADFA90EDBECD with new leaderId: c70aeaaf-c9e5-48cb-bf54-679217b9dc75
2019-10-21 08:55:44,620 [c70aeaaf-c9e5-48cb-bf54-679217b9dc75@group-ADFA90EDBECD-LeaderElection6] INFO  impl.RaftServerImpl (ServerState.java:setLeader(255)) - c70aeaaf-c9e5-48cb-bf54-679217b9dc75@group-ADFA90EDBECD: change Leader from null to c70aeaaf-c9e5-48cb-bf54-679217b9dc75 at term 2 for becomeLeader, leader elected after 7020ms
2019-10-21 08:55:44,621 [c70aeaaf-c9e5-48cb-bf54-679217b9dc75@group-ADFA90EDBECD-LeaderElection6] INFO  server.RaftServerConfigKeys (ConfUtils.java:logGet(43)) - raft.server.staging.catchup.gap = 1000 (default)
2019-10-21 08:55:44,621 [c70aeaaf-c9e5-48cb-bf54-679217b9dc75@group-ADFA90EDBECD-LeaderElection6] INFO  server.RaftServerConfigKeys (ConfUtils.java:logGet(43)) - raft.server.rpc.sleep.time = 25ms (default)
2019-10-21 08:55:44,621 [c70aeaaf-c9e5-48cb-bf54-679217b9dc75@group-ADFA90EDBECD-LeaderElection6] INFO  server.RaftServerConfigKeys (ConfUtils.java:logGet(43)) - raft.server.write.element-limit = 4096 (default)
2019-10-21 08:55:44,622 [c70aeaaf-c9e5-48cb-bf54-679217b9dc75@group-ADFA90EDBECD-LeaderElection6] INFO  server.RaftServerConfigKeys (ConfUtils.java:logGet(43)) - raft.server.watch.timeout = 10s (default)
2019-10-21 08:55:44,622 [EventQueue-PipelineReportForPipelineReportHandler] INFO  pipeline.PipelineReportHandler (PipelineReportHandler.java:processPipelineReport(112)) - Pipeline PipelineID=1b3628ca-4593-4675-88a0-45835c658ea4 reported by c70aeaaf-c9e5-48cb-bf54-679217b9dc75{ip: 192.168.69.94, host: pr-hdds-1868-bv6q8-2720828103, networkLocation: /default-rack, certSerialId: null} with leaderId 
2019-10-21 08:55:44,622 [c70aeaaf-c9e5-48cb-bf54-679217b9dc75@group-ADFA90EDBECD-LeaderElection6] INFO  server.RaftServerConfigKeys (ConfUtils.java:logGet(43)) - raft.server.watch.timeout.denomination = 1s (default)
2019-10-21 08:55:44,622 [EventQueue-PipelineReportForPipelineReportHandler] INFO  pipeline.PipelineReportHandler (PipelineReportHandler.java:processPipelineReport(112)) - Pipeline PipelineID=54aaf078-4fa6-4b19-a7c2-4bb2a5d247f1 reported by c70aeaaf-c9e5-48cb-bf54-679217b9dc75{ip: 192.168.69.94, host: pr-hdds-1868-bv6q8-2720828103, networkLocation: /default-rack, certSerialId: null} with leaderId 
2019-10-21 08:55:44,622 [c70aeaaf-c9e5-48cb-bf54-679217b9dc75@group-ADFA90EDBECD-LeaderElection6] INFO  server.RaftServerConfigKeys (ConfUtils.java:logGet(43)) - raft.server.watch.element-limit = 65536 (default)
2019-10-21 08:55:44,622 [EventQueue-PipelineReportForPipelineReportHandler] INFO  pipeline.PipelineStateManager (PipelineStateManager.java:openPipeline(134)) - Pipeline Pipeline[ Id: 54aaf078-4fa6-4b19-a7c2-4bb2a5d247f1, Nodes: c70aeaaf-c9e5-48cb-bf54-679217b9dc75{ip: 192.168.69.94, host: pr-hdds-1868-bv6q8-2720828103, networkLocation: /default-rack, certSerialId: null}, Type:RATIS, Factor:ONE, State:OPEN] moved to OPEN state
2019-10-21 08:55:44,622 [c70aeaaf-c9e5-48cb-bf54-679217b9dc75@group-ADFA90EDBECD-LeaderElection6] INFO  impl.RoleInfo (RoleInfo.java:updateAndGet(143)) - c70aeaaf-c9e5-48cb-bf54-679217b9dc75: start LeaderState
2019-10-21 08:55:44,623 [c70aeaaf-c9e5-48cb-bf54-679217b9dc75@group-ADFA90EDBECD-LeaderElection6] INFO  segmented.SegmentedRaftLogWorker (SegmentedRaftLogWorker.java:rollLogSegment(390)) - c70aeaaf-c9e5-48cb-bf54-679217b9dc75@group-ADFA90EDBECD-SegmentedRaftLogWorker: Rolling segment log-0_0 to index:0
2019-10-21 08:55:44,626 [c70aeaaf-c9e5-48cb-bf54-679217b9dc75@group-ADFA90EDBECD-LeaderElection6] INFO  impl.RaftServerImpl (ServerState.java:setRaftConf(356)) - c70aeaaf-c9e5-48cb-bf54-679217b9dc75@group-ADFA90EDBECD: set configuration 1: [c70aeaaf-c9e5-48cb-bf54-679217b9dc75:192.168.69.94:41041], old=null at 1
2019-10-21 08:55:44,627 [c70aeaaf-c9e5-48cb-bf54-679217b9dc75@group-ADFA90EDBECD-SegmentedRaftLogWorker] INFO  segmented.SegmentedRaftLogWorker (SegmentedRaftLogWorker.java:execute(533)) - c70aeaaf-c9e5-48cb-bf54-679217b9dc75@group-ADFA90EDBECD-SegmentedRaftLogWorker: Rolled log segment from /workdir/hadoop-ozone/integration-test/target/test-dir/MiniOzoneClusterImpl-837d3900-8951-459a-88fe-dec9addad157/datanode-2/data/ratis/559db46a-d624-4e9b-a06b-adfa90edbecd/current/log_inprogress_0 to /workdir/hadoop-ozone/integration-test/target/test-dir/MiniOzoneClusterImpl-837d3900-8951-459a-88fe-dec9addad157/datanode-2/data/ratis/559db46a-d624-4e9b-a06b-adfa90edbecd/current/log_0-0
2019-10-21 08:55:44,642 [pool-7-thread-4] INFO  commands.RetriableDatanodeEventWatcher (RetriableDatanodeEventWatcher.java:onTimeout(47)) - RetriableDatanodeCommand type=deleteBlocksCommand with id=1571648136635 timed out. Retrying.
2019-10-21 08:55:44,644 [pool-7-thread-4] INFO  commands.RetriableDatanodeEventWatcher (RetriableDatanodeEventWatcher.java:onTimeout(47)) - RetriableDatanodeCommand type=deleteBlocksCommand with id=1571648136644 timed out. Retrying.
2019-10-21 08:55:44,644 [pool-7-thread-4] INFO  commands.RetriableDatanodeEventWatcher (RetriableDatanodeEventWatcher.java:onTimeout(47)) - RetriableDatanodeCommand type=deleteBlocksCommand with id=1571648136638 timed out. Retrying.
2019-10-21 08:55:44,644 [pool-7-thread-6] INFO  commands.RetriableDatanodeEventWatcher (RetriableDatanodeEventWatcher.java:onTimeout(47)) - RetriableDatanodeCommand type=deleteBlocksCommand with id=1571648136643 timed out. Retrying.
2019-10-21 08:55:44,662 [SCMBlockDeletingService#0] INFO  block.SCMBlockDeletingService (SCMBlockDeletingService.java:call(184)) - Totally added 1 delete blocks command for 1 datanodes, task elapsed time: 18ms
2019-10-21 08:55:44,662 [pool-7-thread-3] INFO  commands.RetriableDatanodeEventWatcher (RetriableDatanodeEventWatcher.java:onTimeout(47)) - RetriableDatanodeCommand type=deleteBlocksCommand with id=1571648136642 timed out. Retrying.
2019-10-21 08:55:44,663 [pool-7-thread-2] INFO  commands.RetriableDatanodeEventWatcher (RetriableDatanodeEventWatcher.java:onTimeout(47)) - RetriableDatanodeCommand type=deleteBlocksCommand with id=1571648136639 timed out. Retrying.
2019-10-21 08:55:44,663 [pool-7-thread-5] INFO  commands.RetriableDatanodeEventWatcher (RetriableDatanodeEventWatcher.java:onTimeout(47)) - RetriableDatanodeCommand type=deleteBlocksCommand with id=1571648136640 timed out. Retrying.
2019-10-21 08:55:44,663 [pool-7-thread-1] INFO  commands.RetriableDatanodeEventWatcher (RetriableDatanodeEventWatcher.java:onTimeout(47)) - RetriableDatanodeCommand type=deleteBlocksCommand with id=1571648136641 timed out. Retrying.
2019-10-21 08:55:44,675 [c70aeaaf-c9e5-48cb-bf54-679217b9dc75@group-ADFA90EDBECD-SegmentedRaftLogWorker] INFO  segmented.SegmentedRaftLogWorker (SegmentedRaftLogWorker.java:execute(576)) - c70aeaaf-c9e5-48cb-bf54-679217b9dc75@group-ADFA90EDBECD-SegmentedRaftLogWorker: created new log segment /workdir/hadoop-ozone/integration-test/target/test-dir/MiniOzoneClusterImpl-837d3900-8951-459a-88fe-dec9addad157/datanode-2/data/ratis/559db46a-d624-4e9b-a06b-adfa90edbecd/current/log_inprogress_1
2019-10-21 08:55:44,803 [Thread-579] INFO  impl.FollowerState (FollowerState.java:run(111)) - c70aeaaf-c9e5-48cb-bf54-679217b9dc75@group-A8897C702509-FollowerState: change to CANDIDATE, lastRpcTime:5197ms, electionTimeout:5197ms
2019-10-21 08:55:44,803 [Thread-579] INFO  impl.RoleInfo (RoleInfo.java:shutdownFollowerState(121)) - c70aeaaf-c9e5-48cb-bf54-679217b9dc75: shutdown FollowerState
2019-10-21 08:55:44,803 [Thread-579] INFO  impl.RaftServerImpl (RaftServerImpl.java:setRole(173)) - c70aeaaf-c9e5-48cb-bf54-679217b9dc75@group-A8897C702509: changes role from  FOLLOWER to CANDIDATE at term 1 for changeToCandidate
2019-10-21 08:55:44,803 [Thread-579] INFO  impl.RoleInfo (RoleInfo.java:updateAndGet(143)) - c70aeaaf-c9e5-48cb-bf54-679217b9dc75: start LeaderElection
2019-10-21 08:55:44,818 [c70aeaaf-c9e5-48cb-bf54-679217b9dc75@group-A8897C702509-LeaderElection7] INFO  impl.LeaderElection (LeaderElection.java:askForVotes(178)) - c70aeaaf-c9e5-48cb-bf54-679217b9dc75@group-A8897C702509-LeaderElection7: begin an election at term 2 for 0: [c70aeaaf-c9e5-48cb-bf54-679217b9dc75:192.168.69.94:41041, fe29a221-84a6-4e60-b8fd-e87bf4d69f29:192.168.69.94:36145, 5edaa15a-462c-4223-9b9f-86f5b13029f2:192.168.69.94:40883], old=null
2019-10-21 08:55:44,827 [grpc-default-executor-1] INFO  impl.RaftServerImpl (ServerState.java:setLeader(255)) - fe29a221-84a6-4e60-b8fd-e87bf4d69f29@group-A8897C702509: change Leader from 5edaa15a-462c-4223-9b9f-86f5b13029f2 to null at term 2 for updateCurrentTerm
2019-10-21 08:55:44,828 [grpc-default-executor-2] INFO  impl.RaftServerImpl (ServerState.java:setLeader(255)) - 5edaa15a-462c-4223-9b9f-86f5b13029f2@group-A8897C702509: change Leader from 5edaa15a-462c-4223-9b9f-86f5b13029f2 to null at term 2 for updateCurrentTerm
2019-10-21 08:55:44,828 [grpc-default-executor-1] INFO  impl.RaftServerImpl (RaftServerImpl.java:setRole(173)) - fe29a221-84a6-4e60-b8fd-e87bf4d69f29@group-A8897C702509: changes role from  FOLLOWER to FOLLOWER at term 2 for recognizeCandidate:c70aeaaf-c9e5-48cb-bf54-679217b9dc75
2019-10-21 08:55:44,828 [grpc-default-executor-2] INFO  impl.RaftServerImpl (RaftServerImpl.java:setRole(173)) - 5edaa15a-462c-4223-9b9f-86f5b13029f2@group-A8897C702509: changes role from    LEADER to FOLLOWER at term 2 for recognizeCandidate:c70aeaaf-c9e5-48cb-bf54-679217b9dc75
2019-10-21 08:55:44,828 [grpc-default-executor-1] INFO  impl.RoleInfo (RoleInfo.java:shutdownFollowerState(121)) - fe29a221-84a6-4e60-b8fd-e87bf4d69f29: shutdown FollowerState
2019-10-21 08:55:44,828 [grpc-default-executor-2] INFO  impl.RoleInfo (RoleInfo.java:shutdownLeaderState(104)) - 5edaa15a-462c-4223-9b9f-86f5b13029f2: shutdown LeaderState
2019-10-21 08:55:44,828 [grpc-default-executor-1] INFO  impl.RoleInfo (RoleInfo.java:updateAndGet(143)) - fe29a221-84a6-4e60-b8fd-e87bf4d69f29: start FollowerState
2019-10-21 08:55:44,830 [grpc-default-executor-2] INFO  impl.PendingRequests (PendingRequests.java:sendNotLeaderResponses(206)) - 5edaa15a-462c-4223-9b9f-86f5b13029f2@group-A8897C702509-PendingRequests: sendNotLeaderResponses
2019-10-21 08:55:44,828 [Thread-257] INFO  impl.FollowerState (FollowerState.java:run(120)) - fe29a221-84a6-4e60-b8fd-e87bf4d69f29@group-A8897C702509-FollowerState was interrupted: java.lang.InterruptedException: sleep interrupted
2019-10-21 08:55:44,833 [org.apache.ratis.server.impl.LogAppender$AppenderDaemon$$Lambda$399/609884200@67132c9a] WARN  server.GrpcLogAppender (GrpcLogAppender.java:mayWait(149)) - 5edaa15a-462c-4223-9b9f-86f5b13029f2@group-A8897C702509->c70aeaaf-c9e5-48cb-bf54-679217b9dc75-GrpcLogAppender: Wait interrupted by java.lang.InterruptedException
2019-10-21 08:55:44,833 [org.apache.ratis.server.impl.LogAppender$AppenderDaemon$$Lambda$399/609884200@6ca85d35] WARN  server.GrpcLogAppender (GrpcLogAppender.java:mayWait(149)) - 5edaa15a-462c-4223-9b9f-86f5b13029f2@group-A8897C702509->fe29a221-84a6-4e60-b8fd-e87bf4d69f29-GrpcLogAppender: Wait interrupted by java.lang.InterruptedException
2019-10-21 08:55:44,834 [Thread-620] INFO  client.GrpcClientProtocolService (GrpcClientProtocolService.java:lambda$processClientRequest$0(279)) - Failed RaftClientRequest:client-A2E42EE46BE4->5edaa15a-462c-4223-9b9f-86f5b13029f2@group-A8897C702509, cid=22, seq=0, Watch-ALL_COMMITTED(6), Message:<EMPTY>, reply=RaftClientReply:client-A2E42EE46BE4->5edaa15a-462c-4223-9b9f-86f5b13029f2@group-A8897C702509, cid=22, FAILED org.apache.ratis.protocol.NotLeaderException: Server 5edaa15a-462c-4223-9b9f-86f5b13029f2@group-A8897C702509 is not the leader, logIndex=0, commits[5edaa15a-462c-4223-9b9f-86f5b13029f2:c10, c70aeaaf-c9e5-48cb-bf54-679217b9dc75:c4, fe29a221-84a6-4e60-b8fd-e87bf4d69f29:c10]
2019-10-21 08:55:44,834 [grpc-default-executor-2] INFO  impl.RoleInfo (RoleInfo.java:updateAndGet(143)) - 5edaa15a-462c-4223-9b9f-86f5b13029f2: start FollowerState
2019-10-21 08:55:44,840 [grpc-default-executor-4] INFO  server.GrpcServerProtocolService (GrpcServerProtocolService.java:onCompleted(113)) - fe29a221-84a6-4e60-b8fd-e87bf4d69f29: Completed APPEND_ENTRIES, lastRequest: 5edaa15a-462c-4223-9b9f-86f5b13029f2->fe29a221-84a6-4e60-b8fd-e87bf4d69f29#53-t1, previous=(t:1, i:10), leaderCommit=10, initializing? false, entries: <empty>
2019-10-21 08:55:44,843 [grpc-default-executor-4] INFO  server.GrpcLogAppender (GrpcLogAppender.java:onCompleted(308)) - 5edaa15a-462c-4223-9b9f-86f5b13029f2@group-A8897C702509->fe29a221-84a6-4e60-b8fd-e87bf4d69f29-AppendLogResponseHandler: follower responses appendEntries COMPLETED
2019-10-21 08:55:44,845 [grpc-default-executor-4] INFO  impl.FollowerInfo (FollowerInfo.java:lambda$new$0(51)) - 5edaa15a-462c-4223-9b9f-86f5b13029f2@group-A8897C702509->fe29a221-84a6-4e60-b8fd-e87bf4d69f29: nextIndex: updateUnconditionally 11 -> 10
2019-10-21 08:55:44,849 [c70aeaaf-c9e5-48cb-bf54-679217b9dc75@group-A8897C702509-LeaderElection7] INFO  impl.LeaderElection (LeaderElection.java:logAndReturn(56)) - c70aeaaf-c9e5-48cb-bf54-679217b9dc75@group-A8897C702509-LeaderElection7: Election REJECTED; received 2 response(s) [c70aeaaf-c9e5-48cb-bf54-679217b9dc75<-fe29a221-84a6-4e60-b8fd-e87bf4d69f29#0:FAIL-t2, c70aeaaf-c9e5-48cb-bf54-679217b9dc75<-5edaa15a-462c-4223-9b9f-86f5b13029f2#0:FAIL-t2] and 0 exception(s); c70aeaaf-c9e5-48cb-bf54-679217b9dc75@group-A8897C702509:t2, leader=null, voted=c70aeaaf-c9e5-48cb-bf54-679217b9dc75, raftlog=c70aeaaf-c9e5-48cb-bf54-679217b9dc75@group-A8897C702509-SegmentedRaftLog:OPENED:c3,f4,i4, conf=0: [c70aeaaf-c9e5-48cb-bf54-679217b9dc75:192.168.69.94:41041, fe29a221-84a6-4e60-b8fd-e87bf4d69f29:192.168.69.94:36145, 5edaa15a-462c-4223-9b9f-86f5b13029f2:192.168.69.94:40883], old=null
2019-10-21 08:55:44,849 [c70aeaaf-c9e5-48cb-bf54-679217b9dc75@group-A8897C702509-LeaderElection7] INFO  impl.RaftServerImpl (RaftServerImpl.java:setRole(173)) - c70aeaaf-c9e5-48cb-bf54-679217b9dc75@group-A8897C702509: changes role from CANDIDATE to FOLLOWER at term 2 for DISCOVERED_A_NEW_TERM
2019-10-21 08:55:44,850 [c70aeaaf-c9e5-48cb-bf54-679217b9dc75@group-A8897C702509-LeaderElection7] INFO  impl.RoleInfo (RoleInfo.java:shutdownLeaderElection(134)) - c70aeaaf-c9e5-48cb-bf54-679217b9dc75: shutdown LeaderElection
2019-10-21 08:55:44,850 [c70aeaaf-c9e5-48cb-bf54-679217b9dc75@group-A8897C702509-LeaderElection7] INFO  impl.RoleInfo (RoleInfo.java:updateAndGet(143)) - c70aeaaf-c9e5-48cb-bf54-679217b9dc75: start FollowerState
2019-10-21 08:55:45,277 [BlockDeletingService#2] WARN  background.BlockDeletingService (BlockDeletingService.java:isDeletionAllowed(187)) - Close Container log Index 6 is not replicated across allthe servers in the pipeline c3f294cd-78fe-4723-8c0d-a8897c702509 as the min replicated index is 4. Deletion is not allowed in this container yet.
2019-10-21 08:55:45,277 [BlockDeletingService#2] WARN  background.BlockDeletingService (BlockDeletingService.java:isDeletionAllowed(187)) - Close Container log Index 6 is not replicated across allthe servers in the pipeline c3f294cd-78fe-4723-8c0d-a8897c702509 as the min replicated index is 4. Deletion is not allowed in this container yet.
2019-10-21 08:55:45,643 [pool-7-thread-1] INFO  commands.RetriableDatanodeEventWatcher (RetriableDatanodeEventWatcher.java:onTimeout(47)) - RetriableDatanodeCommand type=deleteBlocksCommand with id=1571648136635 timed out. Retrying.
2019-10-21 08:55:45,645 [pool-7-thread-1] INFO  commands.RetriableDatanodeEventWatcher (RetriableDatanodeEventWatcher.java:onTimeout(47)) - RetriableDatanodeCommand type=deleteBlocksCommand with id=1571648136644 timed out. Retrying.
2019-10-21 08:55:45,663 [pool-7-thread-1] INFO  commands.RetriableDatanodeEventWatcher (RetriableDatanodeEventWatcher.java:onTimeout(47)) - RetriableDatanodeCommand type=deleteBlocksCommand with id=1571648136638 timed out. Retrying.
2019-10-21 08:55:45,663 [SCMBlockDeletingService#0] INFO  block.SCMBlockDeletingService (SCMBlockDeletingService.java:call(184)) - Totally added 1 delete blocks command for 1 datanodes, task elapsed time: 1ms
2019-10-21 08:55:45,663 [pool-7-thread-6] INFO  commands.RetriableDatanodeEventWatcher (RetriableDatanodeEventWatcher.java:onTimeout(47)) - RetriableDatanodeCommand type=deleteBlocksCommand with id=1571648136640 timed out. Retrying.
2019-10-21 08:55:45,664 [pool-7-thread-4] INFO  commands.RetriableDatanodeEventWatcher (RetriableDatanodeEventWatcher.java:onTimeout(47)) - RetriableDatanodeCommand type=deleteBlocksCommand with id=1571648136641 timed out. Retrying.
2019-10-21 08:55:45,664 [pool-7-thread-3] INFO  commands.RetriableDatanodeEventWatcher (RetriableDatanodeEventWatcher.java:onTimeout(47)) - RetriableDatanodeCommand type=deleteBlocksCommand with id=1571648136643 timed out. Retrying.
2019-10-21 08:55:45,664 [pool-7-thread-2] INFO  commands.RetriableDatanodeEventWatcher (RetriableDatanodeEventWatcher.java:onTimeout(47)) - RetriableDatanodeCommand type=deleteBlocksCommand with id=1571648136642 timed out. Retrying.
2019-10-21 08:55:45,665 [pool-7-thread-5] INFO  commands.RetriableDatanodeEventWatcher (RetriableDatanodeEventWatcher.java:onTimeout(47)) - RetriableDatanodeCommand type=deleteBlocksCommand with id=1571648136639 timed out. Retrying.
2019-10-21 08:55:45,665 [pool-7-thread-7] INFO  commands.RetriableDatanodeEventWatcher (RetriableDatanodeEventWatcher.java:onTimeout(47)) - RetriableDatanodeCommand type=deleteBlocksCommand with id=1571648136645 timed out. Retrying.
2019-10-21 08:55:45,699 [Command processor thread] INFO  commandhandler.DeleteBlocksCommandHandler (DeleteBlocksCommandHandler.java:handle(106)) - Start to delete container blocks, TXIDs=[1(0)], numOfContainers=1, numOfBlocks=1
2019-10-21 08:55:45,700 [Command processor thread] INFO  commandhandler.DeleteBlocksCommandHandler (DeleteBlocksCommandHandler.java:handle(106)) - Start to delete container blocks, TXIDs=[1(30)], numOfContainers=1, numOfBlocks=1
2019-10-21 08:55:45,700 [Command processor thread] INFO  commandhandler.DeleteBlocksCommandHandler (DeleteBlocksCommandHandler.java:handle(106)) - Start to delete container blocks, TXIDs=[1(2)], numOfContainers=1, numOfBlocks=1
2019-10-21 08:55:45,700 [Command processor thread] INFO  commandhandler.DeleteBlocksCommandHandler (DeleteBlocksCommandHandler.java:handle(106)) - Start to delete container blocks, TXIDs=[1(38)], numOfContainers=1, numOfBlocks=1
2019-10-21 08:55:45,700 [Command processor thread] INFO  commandhandler.DeleteBlocksCommandHandler (DeleteBlocksCommandHandler.java:handle(106)) - Start to delete container blocks, TXIDs=[1(2)], numOfContainers=1, numOfBlocks=1
2019-10-21 08:55:45,701 [Command processor thread] INFO  commandhandler.DeleteBlocksCommandHandler (DeleteBlocksCommandHandler.java:handle(106)) - Start to delete container blocks, TXIDs=[1(2)], numOfContainers=1, numOfBlocks=1
2019-10-21 08:55:45,701 [Command processor thread] INFO  commandhandler.DeleteBlocksCommandHandler (DeleteBlocksCommandHandler.java:handle(106)) - Start to delete container blocks, TXIDs=[1(2)], numOfContainers=1, numOfBlocks=1
2019-10-21 08:55:45,701 [Command processor thread] INFO  commandhandler.DeleteBlocksCommandHandler (DeleteBlocksCommandHandler.java:handle(106)) - Start to delete container blocks, TXIDs=[1(2)], numOfContainers=1, numOfBlocks=1
2019-10-21 08:55:45,702 [Command processor thread] INFO  commandhandler.DeleteBlocksCommandHandler (DeleteBlocksCommandHandler.java:handle(106)) - Start to delete container blocks, TXIDs=[1(2)], numOfContainers=1, numOfBlocks=1
2019-10-21 08:55:45,849 [java.util.concurrent.ThreadPoolExecutor$Worker@294731c0[State = -1, empty queue]] WARN  server.GrpcLogAppender (GrpcLogAppender.java:timeoutAppendRequest(209)) - 5edaa15a-462c-4223-9b9f-86f5b13029f2@group-A8897C702509->c70aeaaf-c9e5-48cb-bf54-679217b9dc75-GrpcLogAppender: appendEntries Timeout, request=5edaa15a-462c-4223-9b9f-86f5b13029f2->c70aeaaf-c9e5-48cb-bf54-679217b9dc75#53-t1, previous=(t:1, i:10), leaderCommit=10, initializing? false, entries: <empty>
2019-10-21 08:55:45,850 [Thread-627] INFO  client.GrpcClientProtocolService (GrpcClientProtocolService.java:lambda$processClientRequest$0(279)) - Failed RaftClientRequest:client-A2E42EE46BE4->c70aeaaf-c9e5-48cb-bf54-679217b9dc75@group-A8897C702509, cid=22, seq=0, Watch-ALL_COMMITTED(6), Message:<EMPTY>, reply=RaftClientReply:client-A2E42EE46BE4->c70aeaaf-c9e5-48cb-bf54-679217b9dc75@group-A8897C702509, cid=22, FAILED org.apache.ratis.protocol.NotLeaderException: Server c70aeaaf-c9e5-48cb-bf54-679217b9dc75@group-A8897C702509 is not the leader, logIndex=0, commits[c70aeaaf-c9e5-48cb-bf54-679217b9dc75:c3]
2019-10-21 08:55:46,279 [BlockDeletingService#2] WARN  background.BlockDeletingService (BlockDeletingService.java:isDeletionAllowed(187)) - Close Container log Index 6 is not replicated across allthe servers in the pipeline c3f294cd-78fe-4723-8c0d-a8897c702509 as the min replicated index is 4. Deletion is not allowed in this container yet.
2019-10-21 08:55:46,279 [BlockDeletingService#2] WARN  background.BlockDeletingService (BlockDeletingService.java:isDeletionAllowed(187)) - Close Container log Index 6 is not replicated across allthe servers in the pipeline c3f294cd-78fe-4723-8c0d-a8897c702509 as the min replicated index is 4. Deletion is not allowed in this container yet.
2019-10-21 08:55:46,644 [pool-7-thread-7] INFO  commands.RetriableDatanodeEventWatcher (RetriableDatanodeEventWatcher.java:onTimeout(47)) - RetriableDatanodeCommand type=deleteBlocksCommand with id=1571648136635 timed out. Retrying.
2019-10-21 08:55:46,644 [pool-7-thread-7] INFO  commands.RetriableDatanodeEventWatcher (RetriableDatanodeEventWatcher.java:onTimeout(47)) - RetriableDatanodeCommand type=deleteBlocksCommand with id=1571648136644 timed out. Retrying.
2019-10-21 08:55:46,664 [pool-7-thread-7] INFO  commands.RetriableDatanodeEventWatcher (RetriableDatanodeEventWatcher.java:onTimeout(47)) - RetriableDatanodeCommand type=deleteBlocksCommand with id=1571648136638 timed out. Retrying.
2019-10-21 08:55:46,664 [SCMBlockDeletingService#0] INFO  block.SCMBlockDeletingService (SCMBlockDeletingService.java:call(184)) - Totally added 1 delete blocks command for 1 datanodes, task elapsed time: 1ms
2019-10-21 08:55:46,665 [pool-7-thread-5] INFO  commands.RetriableDatanodeEventWatcher (RetriableDatanodeEventWatcher.java:onTimeout(47)) - RetriableDatanodeCommand type=deleteBlocksCommand with id=1571648136643 timed out. Retrying.
2019-10-21 08:55:46,665 [pool-7-thread-4] INFO  commands.RetriableDatanodeEventWatcher (RetriableDatanodeEventWatcher.java:onTimeout(47)) - RetriableDatanodeCommand type=deleteBlocksCommand with id=1571648136646 timed out. Retrying.
2019-10-21 08:55:46,665 [pool-7-thread-2] INFO  commands.RetriableDatanodeEventWatcher (RetriableDatanodeEventWatcher.java:onTimeout(47)) - RetriableDatanodeCommand type=deleteBlocksCommand with id=1571648136640 timed out. Retrying.
2019-10-21 08:55:46,666 [pool-7-thread-3] INFO  commands.RetriableDatanodeEventWatcher (RetriableDatanodeEventWatcher.java:onTimeout(47)) - RetriableDatanodeCommand type=deleteBlocksCommand with id=1571648136641 timed out. Retrying.
2019-10-21 08:55:46,666 [pool-7-thread-6] INFO  commands.RetriableDatanodeEventWatcher (RetriableDatanodeEventWatcher.java:onTimeout(47)) - RetriableDatanodeCommand type=deleteBlocksCommand with id=1571648136645 timed out. Retrying.
2019-10-21 08:55:46,666 [pool-7-thread-7] INFO  commands.RetriableDatanodeEventWatcher (RetriableDatanodeEventWatcher.java:onTimeout(47)) - RetriableDatanodeCommand type=deleteBlocksCommand with id=1571648136642 timed out. Retrying.
2019-10-21 08:55:46,666 [pool-7-thread-5] INFO  commands.RetriableDatanodeEventWatcher (RetriableDatanodeEventWatcher.java:onTimeout(47)) - RetriableDatanodeCommand type=deleteBlocksCommand with id=1571648136639 timed out. Retrying.
2019-10-21 08:55:46,722 [Command processor thread] INFO  commandhandler.DeleteBlocksCommandHandler (DeleteBlocksCommandHandler.java:handle(106)) - Start to delete container blocks, TXIDs=[1(0)], numOfContainers=1, numOfBlocks=1
2019-10-21 08:55:46,723 [Command processor thread] INFO  commandhandler.DeleteBlocksCommandHandler (DeleteBlocksCommandHandler.java:handle(106)) - Start to delete container blocks, TXIDs=[1(30)], numOfContainers=1, numOfBlocks=1
2019-10-21 08:55:46,723 [Command processor thread] INFO  commandhandler.DeleteBlocksCommandHandler (DeleteBlocksCommandHandler.java:handle(106)) - Start to delete container blocks, TXIDs=[1(47)], numOfContainers=1, numOfBlocks=1
2019-10-21 08:55:46,723 [Command processor thread] INFO  commandhandler.DeleteBlocksCommandHandler (DeleteBlocksCommandHandler.java:handle(106)) - Start to delete container blocks, TXIDs=[1(2)], numOfContainers=1, numOfBlocks=1
2019-10-21 08:55:46,724 [Command processor thread] INFO  commandhandler.DeleteBlocksCommandHandler (DeleteBlocksCommandHandler.java:handle(106)) - Start to delete container blocks, TXIDs=[1(2)], numOfContainers=1, numOfBlocks=1
2019-10-21 08:55:46,724 [Command processor thread] INFO  commandhandler.DeleteBlocksCommandHandler (DeleteBlocksCommandHandler.java:handle(106)) - Start to delete container blocks, TXIDs=[1(2)], numOfContainers=1, numOfBlocks=1
2019-10-21 08:55:46,724 [Command processor thread] INFO  commandhandler.DeleteBlocksCommandHandler (DeleteBlocksCommandHandler.java:handle(106)) - Start to delete container blocks, TXIDs=[1(2)], numOfContainers=1, numOfBlocks=1
2019-10-21 08:55:46,724 [Command processor thread] INFO  commandhandler.DeleteBlocksCommandHandler (DeleteBlocksCommandHandler.java:handle(106)) - Start to delete container blocks, TXIDs=[1(2)], numOfContainers=1, numOfBlocks=1
2019-10-21 08:55:46,725 [Command processor thread] INFO  commandhandler.DeleteBlocksCommandHandler (DeleteBlocksCommandHandler.java:handle(106)) - Start to delete container blocks, TXIDs=[1(2)], numOfContainers=1, numOfBlocks=1
2019-10-21 08:55:46,725 [Command processor thread] INFO  commandhandler.DeleteBlocksCommandHandler (DeleteBlocksCommandHandler.java:handle(106)) - Start to delete container blocks, TXIDs=[1(38)], numOfContainers=1, numOfBlocks=1
2019-10-21 08:55:46,873 [Thread-633] INFO  client.GrpcClientProtocolService (GrpcClientProtocolService.java:lambda$processClientRequest$0(279)) - Failed RaftClientRequest:client-A2E42EE46BE4->fe29a221-84a6-4e60-b8fd-e87bf4d69f29@group-A8897C702509, cid=22, seq=0, Watch-ALL_COMMITTED(6), Message:<EMPTY>, reply=RaftClientReply:client-A2E42EE46BE4->fe29a221-84a6-4e60-b8fd-e87bf4d69f29@group-A8897C702509, cid=22, FAILED org.apache.ratis.protocol.NotLeaderException: Server fe29a221-84a6-4e60-b8fd-e87bf4d69f29@group-A8897C702509 is not the leader, logIndex=0, commits[fe29a221-84a6-4e60-b8fd-e87bf4d69f29:c10, c70aeaaf-c9e5-48cb-bf54-679217b9dc75:c4, 5edaa15a-462c-4223-9b9f-86f5b13029f2:c10]
2019-10-21 08:55:47,281 [BlockDeletingService#2] WARN  background.BlockDeletingService (BlockDeletingService.java:isDeletionAllowed(187)) - Close Container log Index 6 is not replicated across allthe servers in the pipeline c3f294cd-78fe-4723-8c0d-a8897c702509 as the min replicated index is 4. Deletion is not allowed in this container yet.
2019-10-21 08:55:47,282 [BlockDeletingService#2] WARN  background.BlockDeletingService (BlockDeletingService.java:isDeletionAllowed(187)) - Close Container log Index 6 is not replicated across allthe servers in the pipeline c3f294cd-78fe-4723-8c0d-a8897c702509 as the min replicated index is 4. Deletion is not allowed in this container yet.
]]></system-out>
    <system-err><![CDATA[ERROR StatusLogger No Log4j 2 configuration file found. Using default configuration (logging only errors to the console), or user programmatically provided configurations. Set system property 'log4j2.debug' to show Log4j 2 internal initialization logging. See https://logging.apache.org/log4j/2.x/manual/configuration.html for instructions on how to configure Log4j 2
Oct 21, 2019 8:54:01 AM org.apache.ratis.thirdparty.io.grpc.internal.SerializingExecutor run
SEVERE: Exception while executing runnable org.apache.ratis.thirdparty.io.grpc.internal.ServerImpl$JumpToApplicationThreadServerStreamListener$1Closed@7b1adc8
org.apache.ratis.thirdparty.io.grpc.StatusRuntimeException: CANCELLED: call already cancelled
	at org.apache.ratis.thirdparty.io.grpc.Status.asRuntimeException(Status.java:517)
	at org.apache.ratis.thirdparty.io.grpc.stub.ServerCalls$ServerCallStreamObserverImpl.onCompleted(ServerCalls.java:356)
	at org.apache.ratis.grpc.server.GrpcServerProtocolService$ServerRequestStreamObserver.onError(GrpcServerProtocolService.java:121)
	at org.apache.ratis.thirdparty.io.grpc.stub.ServerCalls$StreamingServerCallHandler$StreamingServerCallListener.onCancel(ServerCalls.java:269)
	at org.apache.ratis.thirdparty.io.grpc.internal.ServerCallImpl$ServerStreamListenerImpl.closed(ServerCallImpl.java:293)
	at org.apache.ratis.thirdparty.io.grpc.internal.ServerImpl$JumpToApplicationThreadServerStreamListener$1Closed.runInContext(ServerImpl.java:741)
	at org.apache.ratis.thirdparty.io.grpc.internal.ContextRunnable.run(ContextRunnable.java:37)
	at org.apache.ratis.thirdparty.io.grpc.internal.SerializingExecutor.run(SerializingExecutor.java:123)
	at java.util.concurrent.ThreadPoolExecutor.runWorker(ThreadPoolExecutor.java:1149)
	at java.util.concurrent.ThreadPoolExecutor$Worker.run(ThreadPoolExecutor.java:624)
	at java.lang.Thread.run(Thread.java:748)

Oct 21, 2019 8:54:01 AM org.apache.ratis.thirdparty.io.grpc.internal.SerializingExecutor run
SEVERE: Exception while executing runnable org.apache.ratis.thirdparty.io.grpc.internal.ClientCallImpl$ClientStreamListenerImpl$1StreamClosed@48e3cc1b
java.lang.NullPointerException
	at org.apache.ratis.grpc.server.GrpcLogAppender$AppendLogResponseHandler.onError(GrpcLogAppender.java:303)
	at org.apache.ratis.thirdparty.io.grpc.stub.ClientCalls$StreamObserverToCallListenerAdapter.onClose(ClientCalls.java:434)
	at org.apache.ratis.thirdparty.io.grpc.PartialForwardingClientCallListener.onClose(PartialForwardingClientCallListener.java:39)
	at org.apache.ratis.thirdparty.io.grpc.ForwardingClientCallListener.onClose(ForwardingClientCallListener.java:23)
	at org.apache.ratis.thirdparty.io.grpc.ForwardingClientCallListener$SimpleForwardingClientCallListener.onClose(ForwardingClientCallListener.java:40)
	at org.apache.ratis.thirdparty.io.grpc.internal.CensusStatsModule$StatsClientInterceptor$1$1.onClose(CensusStatsModule.java:678)
	at org.apache.ratis.thirdparty.io.grpc.PartialForwardingClientCallListener.onClose(PartialForwardingClientCallListener.java:39)
	at org.apache.ratis.thirdparty.io.grpc.ForwardingClientCallListener.onClose(ForwardingClientCallListener.java:23)
	at org.apache.ratis.thirdparty.io.grpc.ForwardingClientCallListener$SimpleForwardingClientCallListener.onClose(ForwardingClientCallListener.java:40)
	at org.apache.ratis.thirdparty.io.grpc.internal.CensusTracingModule$TracingClientInterceptor$1$1.onClose(CensusTracingModule.java:397)
	at org.apache.ratis.thirdparty.io.grpc.internal.ClientCallImpl.closeObserver(ClientCallImpl.java:459)
	at org.apache.ratis.thirdparty.io.grpc.internal.ClientCallImpl.access$300(ClientCallImpl.java:63)
	at org.apache.ratis.thirdparty.io.grpc.internal.ClientCallImpl$ClientStreamListenerImpl.close(ClientCallImpl.java:546)
	at org.apache.ratis.thirdparty.io.grpc.internal.ClientCallImpl$ClientStreamListenerImpl.access$600(ClientCallImpl.java:467)
	at org.apache.ratis.thirdparty.io.grpc.internal.ClientCallImpl$ClientStreamListenerImpl$1StreamClosed.runInContext(ClientCallImpl.java:584)
	at org.apache.ratis.thirdparty.io.grpc.internal.ContextRunnable.run(ContextRunnable.java:37)
	at org.apache.ratis.thirdparty.io.grpc.internal.SerializingExecutor.run(SerializingExecutor.java:123)
	at java.util.concurrent.ThreadPoolExecutor.runWorker(ThreadPoolExecutor.java:1149)
	at java.util.concurrent.ThreadPoolExecutor$Worker.run(ThreadPoolExecutor.java:624)
	at java.lang.Thread.run(Thread.java:748)

]]></system-err>
  </testcase>
</testsuite>