<?xml version="1.0" encoding="UTF-8"?>
<testsuite xmlns:xsi="http://www.w3.org/2001/XMLSchema-instance" xsi:noNamespaceSchemaLocation="https://maven.apache.org/surefire/maven-surefire-plugin/xsd/surefire-test-report.xsd" name="org.apache.hadoop.ozone.client.rpc.TestDeleteWithSlowFollower" time="134.564" tests="1" errors="0" skipped="0" failures="1">
  <properties>
    <property name="awt.toolkit" value="sun.awt.X11.XToolkit"/>
    <property name="file.encoding.pkg" value="sun.io"/>
    <property name="java.specification.version" value="1.8"/>
    <property name="sun.cpu.isalist" value=""/>
    <property name="sun.jnu.encoding" value="ANSI_X3.4-1968"/>
    <property name="java.class.path" value="/workdir/hadoop-ozone/integration-test/target/test-classes:/workdir/hadoop-ozone/integration-test/target/classes:/home/user/.m2/repository/org/apache/hadoop/hadoop-ozone-common/0.5.0-SNAPSHOT/hadoop-ozone-common-0.5.0-SNAPSHOT.jar:/home/user/.m2/repository/org/apache/commons/commons-compress/1.4.1/commons-compress-1.4.1.jar:/home/user/.m2/repository/org/tukaani/xz/1.0/xz-1.0.jar:/home/user/.m2/repository/org/apache/hadoop/hadoop-common/3.2.0/hadoop-common-3.2.0.jar:/home/user/.m2/repository/org/apache/hadoop/hadoop-hdfs/3.2.0/hadoop-hdfs-3.2.0.jar:/home/user/.m2/repository/org/apache/hadoop/hadoop-hdfs-client/3.2.0/hadoop-hdfs-client-3.2.0.jar:/home/user/.m2/repository/com/fasterxml/jackson/core/jackson-annotations/2.9.9/jackson-annotations-2.9.9.jar:/home/user/.m2/repository/org/apache/hadoop/hadoop-hdds-common/0.5.0-SNAPSHOT/hadoop-hdds-common-0.5.0-SNAPSHOT.jar:/home/user/.m2/repository/javax/annotation/javax.annotation-api/1.2/javax.annotation-api-1.2.jar:/home/user/.m2/repository/org/apache/ratis/ratis-server/0.5.0-3f446aa-SNAPSHOT/ratis-server-0.5.0-3f446aa-SNAPSHOT.jar:/home/user/.m2/repository/org/apache/ratis/ratis-thirdparty-misc/0.2.0/ratis-thirdparty-misc-0.2.0.jar:/home/user/.m2/repository/org/apache/ratis/ratis-proto/0.5.0-3f446aa-SNAPSHOT/ratis-proto-0.5.0-3f446aa-SNAPSHOT.jar:/home/user/.m2/repository/org/apache/ratis/ratis-common/0.5.0-3f446aa-SNAPSHOT/ratis-common-0.5.0-3f446aa-SNAPSHOT.jar:/home/user/.m2/repository/org/apache/ratis/ratis-client/0.5.0-3f446aa-SNAPSHOT/ratis-client-0.5.0-3f446aa-SNAPSHOT.jar:/home/user/.m2/repository/org/apache/ratis/ratis-metrics/0.5.0-3f446aa-SNAPSHOT/ratis-metrics-0.5.0-3f446aa-SNAPSHOT.jar:/home/user/.m2/repository/com/github/joshelser/dropwizard-metrics-hadoop-metrics2-reporter/0.1.2/dropwizard-metrics-hadoop-metrics2-reporter-0.1.2.jar:/home/user/.m2/repository/io/dropwizard/metrics/metrics-jvm/3.2.5/metrics-jvm-3.2.5.jar:/home/user/.m2/repository/io/dropwizard/metrics/metrics-ganglia/3.2.5/metrics-ganglia-3.2.5.jar:/home/user/.m2/repository/info/ganglia/gmetric4j/gmetric4j/1.0.7/gmetric4j-1.0.7.jar:/home/user/.m2/repository/org/apache/ratis/ratis-netty/0.5.0-3f446aa-SNAPSHOT/ratis-netty-0.5.0-3f446aa-SNAPSHOT.jar:/home/user/.m2/repository/org/apache/ratis/ratis-grpc/0.5.0-3f446aa-SNAPSHOT/ratis-grpc-0.5.0-3f446aa-SNAPSHOT.jar:/home/user/.m2/repository/org/rocksdb/rocksdbjni/6.0.1/rocksdbjni-6.0.1.jar:/home/user/.m2/repository/org/apache/logging/log4j/log4j-api/2.11.0/log4j-api-2.11.0.jar:/home/user/.m2/repository/org/apache/logging/log4j/log4j-core/2.11.0/log4j-core-2.11.0.jar:/home/user/.m2/repository/com/lmax/disruptor/3.4.2/disruptor-3.4.2.jar:/home/user/.m2/repository/org/apache/commons/commons-pool2/2.6.0/commons-pool2-2.6.0.jar:/home/user/.m2/repository/org/bouncycastle/bcpkix-jdk15on/1.60/bcpkix-jdk15on-1.60.jar:/home/user/.m2/repository/commons-validator/commons-validator/1.6/commons-validator-1.6.jar:/home/user/.m2/repository/commons-digester/commons-digester/1.8.1/commons-digester-1.8.1.jar:/home/user/.m2/repository/io/jaegertracing/jaeger-client/0.34.0/jaeger-client-0.34.0.jar:/home/user/.m2/repository/io/jaegertracing/jaeger-thrift/0.34.0/jaeger-thrift-0.34.0.jar:/home/user/.m2/repository/org/apache/thrift/libthrift/0.12.0/libthrift-0.12.0.jar:/home/user/.m2/repository/com/squareup/okhttp3/okhttp/3.9.0/okhttp-3.9.0.jar:/home/user/.m2/repository/com/squareup/okio/okio/1.13.0/okio-1.13.0.jar:/home/user/.m2/repository/io/jaegertracing/jaeger-core/0.34.0/jaeger-core-0.34.0.jar:/home/user/.m2/repository/io/jaegertracing/jaeger-tracerresolver/0.34.0/jaeger-tracerresolver-0.34.0.jar:/home/user/.m2/repository/io/opentracing/contrib/opentracing-tracerresolver/0.1.5/opentracing-tracerresolver-0.1.5.jar:/home/user/.m2/repository/io/opentracing/opentracing-util/0.31.0/opentracing-util-0.31.0.jar:/home/user/.m2/repository/io/opentracing/opentracing-api/0.31.0/opentracing-api-0.31.0.jar:/home/user/.m2/repository/io/opentracing/opentracing-noop/0.31.0/opentracing-noop-0.31.0.jar:/home/user/.m2/repository/org/apache/hadoop/hadoop-hdds-server-framework/0.5.0-SNAPSHOT/hadoop-hdds-server-framework-0.5.0-SNAPSHOT.jar:/home/user/.m2/repository/org/apache/hadoop/hadoop-hdds-container-service/0.5.0-SNAPSHOT/hadoop-hdds-container-service-0.5.0-SNAPSHOT.jar:/home/user/.m2/repository/org/apache/hadoop/hadoop-hdds-client/0.5.0-SNAPSHOT/hadoop-hdds-client-0.5.0-SNAPSHOT.jar:/home/user/.m2/repository/org/apache/hadoop/hadoop-hdds-tools/0.5.0-SNAPSHOT/hadoop-hdds-tools-0.5.0-SNAPSHOT.jar:/home/user/.m2/repository/org/apache/hadoop/hadoop-hdds-server-scm/0.5.0-SNAPSHOT/hadoop-hdds-server-scm-0.5.0-SNAPSHOT.jar:/home/user/.m2/repository/org/apache/hadoop/hadoop-hdds-docs/0.5.0-SNAPSHOT/hadoop-hdds-docs-0.5.0-SNAPSHOT.jar:/home/user/.m2/repository/io/dropwizard/metrics/metrics-core/3.2.4/metrics-core-3.2.4.jar:/home/user/.m2/repository/org/hamcrest/hamcrest-all/1.3/hamcrest-all-1.3.jar:/home/user/.m2/repository/org/bouncycastle/bcprov-jdk15on/1.60/bcprov-jdk15on-1.60.jar:/home/user/.m2/repository/info/picocli/picocli/3.9.6/picocli-3.9.6.jar:/home/user/.m2/repository/com/google/protobuf/protobuf-java/2.5.0/protobuf-java-2.5.0.jar:/home/user/.m2/repository/com/google/guava/guava/11.0.2/guava-11.0.2.jar:/home/user/.m2/repository/org/apache/hadoop/hadoop-ozone-ozone-manager/0.5.0-SNAPSHOT/hadoop-ozone-ozone-manager-0.5.0-SNAPSHOT.jar:/home/user/.m2/repository/org/apache/hadoop/hadoop-minikdc/3.2.0/hadoop-minikdc-3.2.0.jar:/home/user/.m2/repository/commons-io/commons-io/2.5/commons-io-2.5.jar:/home/user/.m2/repository/org/apache/kerby/kerb-simplekdc/1.0.1/kerb-simplekdc-1.0.1.jar:/home/user/.m2/repository/org/apache/kerby/kerb-client/1.0.1/kerb-client-1.0.1.jar:/home/user/.m2/repository/org/apache/kerby/kerby-config/1.0.1/kerby-config-1.0.1.jar:/home/user/.m2/repository/org/apache/kerby/kerb-core/1.0.1/kerb-core-1.0.1.jar:/home/user/.m2/repository/org/apache/kerby/kerby-pkix/1.0.1/kerby-pkix-1.0.1.jar:/home/user/.m2/repository/org/apache/kerby/kerby-asn1/1.0.1/kerby-asn1-1.0.1.jar:/home/user/.m2/repository/org/apache/kerby/kerby-util/1.0.1/kerby-util-1.0.1.jar:/home/user/.m2/repository/org/apache/kerby/kerb-common/1.0.1/kerb-common-1.0.1.jar:/home/user/.m2/repository/org/apache/kerby/kerb-crypto/1.0.1/kerb-crypto-1.0.1.jar:/home/user/.m2/repository/org/apache/kerby/kerb-util/1.0.1/kerb-util-1.0.1.jar:/home/user/.m2/repository/org/apache/kerby/token-provider/1.0.1/token-provider-1.0.1.jar:/home/user/.m2/repository/org/apache/kerby/kerb-admin/1.0.1/kerb-admin-1.0.1.jar:/home/user/.m2/repository/org/apache/kerby/kerb-server/1.0.1/kerb-server-1.0.1.jar:/home/user/.m2/repository/org/apache/kerby/kerb-identity/1.0.1/kerb-identity-1.0.1.jar:/home/user/.m2/repository/org/apache/kerby/kerby-xdr/1.0.1/kerby-xdr-1.0.1.jar:/home/user/.m2/repository/org/slf4j/slf4j-log4j12/1.7.25/slf4j-log4j12-1.7.25.jar:/home/user/.m2/repository/org/apache/hadoop/hadoop-ozone-s3gateway/0.5.0-SNAPSHOT/hadoop-ozone-s3gateway-0.5.0-SNAPSHOT.jar:/home/user/.m2/repository/org/jboss/weld/servlet/weld-servlet/2.4.7.Final/weld-servlet-2.4.7.Final.jar:/home/user/.m2/repository/org/glassfish/jersey/containers/jersey-container-servlet-core/2.27/jersey-container-servlet-core-2.27.jar:/home/user/.m2/repository/org/glassfish/hk2/external/javax.inject/2.5.0-b42/javax.inject-2.5.0-b42.jar:/home/user/.m2/repository/org/glassfish/jersey/core/jersey-common/2.27/jersey-common-2.27.jar:/home/user/.m2/repository/org/glassfish/hk2/osgi-resource-locator/1.0.1/osgi-resource-locator-1.0.1.jar:/home/user/.m2/repository/javax/ws/rs/javax.ws.rs-api/2.1/javax.ws.rs-api-2.1.jar:/home/user/.m2/repository/org/glassfish/jersey/ext/cdi/jersey-cdi1x/2.27/jersey-cdi1x-2.27.jar:/home/user/.m2/repository/org/glassfish/jersey/inject/jersey-hk2/2.27/jersey-hk2-2.27.jar:/home/user/.m2/repository/org/glassfish/hk2/hk2-locator/2.5.0-b42/hk2-locator-2.5.0-b42.jar:/home/user/.m2/repository/org/javassist/javassist/3.22.0-CR2/javassist-3.22.0-CR2.jar:/home/user/.m2/repository/org/glassfish/hk2/hk2-api/2.5.0/hk2-api-2.5.0.jar:/home/user/.m2/repository/org/glassfish/hk2/external/jakarta.inject/2.5.0/jakarta.inject-2.5.0.jar:/home/user/.m2/repository/org/glassfish/hk2/hk2-utils/2.5.0/hk2-utils-2.5.0.jar:/home/user/.m2/repository/jakarta/annotation/jakarta.annotation-api/1.3.4/jakarta.annotation-api-1.3.4.jar:/home/user/.m2/repository/org/glassfish/hk2/external/aopalliance-repackaged/2.5.0/aopalliance-repackaged-2.5.0.jar:/home/user/.m2/repository/com/fasterxml/jackson/dataformat/jackson-dataformat-xml/2.9.0/jackson-dataformat-xml-2.9.0.jar:/home/user/.m2/repository/com/fasterxml/jackson/core/jackson-core/2.9.9/jackson-core-2.9.9.jar:/home/user/.m2/repository/com/fasterxml/jackson/module/jackson-module-jaxb-annotations/2.9.9/jackson-module-jaxb-annotations-2.9.9.jar:/home/user/.m2/repository/javax/enterprise/cdi-api/1.2/cdi-api-1.2.jar:/home/user/.m2/repository/javax/el/javax.el-api/3.0.0/javax.el-api-3.0.0.jar:/home/user/.m2/repository/javax/interceptor/javax.interceptor-api/1.2/javax.interceptor-api-1.2.jar:/home/user/.m2/repository/javax/inject/javax.inject/1/javax.inject-1.jar:/home/user/.m2/repository/com/sun/xml/bind/jaxb-impl/2.3.0.1/jaxb-impl-2.3.0.1.jar:/home/user/.m2/repository/com/sun/xml/bind/jaxb-core/2.3.0.1/jaxb-core-2.3.0.1.jar:/home/user/.m2/repository/javax/xml/bind/jaxb-api/2.3.0/jaxb-api-2.3.0.jar:/home/user/.m2/repository/javax/activation/activation/1.1.1/activation-1.1.1.jar:/home/user/.m2/repository/org/apache/hadoop/hadoop-ozone-csi/0.5.0-SNAPSHOT/hadoop-ozone-csi-0.5.0-SNAPSHOT.jar:/home/user/.m2/repository/com/google/protobuf/protobuf-java-util/3.5.1/protobuf-java-util-3.5.1.jar:/home/user/.m2/repository/org/apache/hadoop/hadoop-hdds-config/0.5.0-SNAPSHOT/hadoop-hdds-config-0.5.0-SNAPSHOT.jar:/home/user/.m2/repository/io/grpc/grpc-netty/1.17.1/grpc-netty-1.17.1.jar:/home/user/.m2/repository/io/grpc/grpc-core/1.17.1/grpc-core-1.17.1.jar:/home/user/.m2/repository/io/grpc/grpc-context/1.17.1/grpc-context-1.17.1.jar:/home/user/.m2/repository/com/google/errorprone/error_prone_annotations/2.2.0/error_prone_annotations-2.2.0.jar:/home/user/.m2/repository/org/codehaus/mojo/animal-sniffer-annotations/1.17/animal-sniffer-annotations-1.17.jar:/home/user/.m2/repository/io/opencensus/opencensus-api/0.17.0/opencensus-api-0.17.0.jar:/home/user/.m2/repository/io/opencensus/opencensus-contrib-grpc-metrics/0.17.0/opencensus-contrib-grpc-metrics-0.17.0.jar:/home/user/.m2/repository/io/netty/netty-codec-http2/4.1.30.Final/netty-codec-http2-4.1.30.Final.jar:/home/user/.m2/repository/io/netty/netty-codec-http/4.1.30.Final/netty-codec-http-4.1.30.Final.jar:/home/user/.m2/repository/io/netty/netty-codec/4.1.30.Final/netty-codec-4.1.30.Final.jar:/home/user/.m2/repository/io/netty/netty-handler/4.1.30.Final/netty-handler-4.1.30.Final.jar:/home/user/.m2/repository/io/netty/netty-handler-proxy/4.1.30.Final/netty-handler-proxy-4.1.30.Final.jar:/home/user/.m2/repository/io/netty/netty-codec-socks/4.1.30.Final/netty-codec-socks-4.1.30.Final.jar:/home/user/.m2/repository/io/netty/netty-transport-native-epoll/4.1.30.Final/netty-transport-native-epoll-4.1.30.Final.jar:/home/user/.m2/repository/io/netty/netty-common/4.1.30.Final/netty-common-4.1.30.Final.jar:/home/user/.m2/repository/io/netty/netty-buffer/4.1.30.Final/netty-buffer-4.1.30.Final.jar:/home/user/.m2/repository/io/netty/netty-transport/4.1.30.Final/netty-transport-4.1.30.Final.jar:/home/user/.m2/repository/io/netty/netty-resolver/4.1.30.Final/netty-resolver-4.1.30.Final.jar:/home/user/.m2/repository/io/netty/netty-transport-native-unix-common/4.1.30.Final/netty-transport-native-unix-common-4.1.30.Final.jar:/home/user/.m2/repository/io/grpc/grpc-protobuf/1.17.1/grpc-protobuf-1.17.1.jar:/home/user/.m2/repository/com/google/api/grpc/proto-google-common-protos/1.0.0/proto-google-common-protos-1.0.0.jar:/home/user/.m2/repository/io/grpc/grpc-protobuf-lite/1.17.1/grpc-protobuf-lite-1.17.1.jar:/home/user/.m2/repository/io/grpc/grpc-stub/1.17.1/grpc-stub-1.17.1.jar:/home/user/.m2/repository/org/apache/hadoop/hadoop-ozone-recon/0.5.0-SNAPSHOT/hadoop-ozone-recon-0.5.0-SNAPSHOT.jar:/home/user/.m2/repository/org/apache/hadoop/hadoop-ozone-reconcodegen/0.5.0-SNAPSHOT/hadoop-ozone-reconcodegen-0.5.0-SNAPSHOT.jar:/home/user/.m2/repository/com/google/inject/extensions/guice-multibindings/4.0/guice-multibindings-4.0.jar:/home/user/.m2/repository/com/google/inject/guice/4.0/guice-4.0.jar:/home/user/.m2/repository/aopalliance/aopalliance/1.0/aopalliance-1.0.jar:/home/user/.m2/repository/com/google/inject/extensions/guice-servlet/4.0/guice-servlet-4.0.jar:/home/user/.m2/repository/org/glassfish/jersey/containers/jersey-container-servlet/2.27/jersey-container-servlet-2.27.jar:/home/user/.m2/repository/org/glassfish/hk2/guice-bridge/2.5.0/guice-bridge-2.5.0.jar:/home/user/.m2/repository/org/glassfish/jersey/core/jersey-server/2.27/jersey-server-2.27.jar:/home/user/.m2/repository/org/glassfish/jersey/core/jersey-client/2.27/jersey-client-2.27.jar:/home/user/.m2/repository/org/glassfish/jersey/media/jersey-media-jaxb/2.27/jersey-media-jaxb-2.27.jar:/home/user/.m2/repository/javax/validation/validation-api/1.1.0.Final/validation-api-1.1.0.Final.jar:/home/user/.m2/repository/org/glassfish/jersey/media/jersey-media-json-jackson/2.27/jersey-media-json-jackson-2.27.jar:/home/user/.m2/repository/org/glassfish/jersey/ext/jersey-entity-filtering/2.27/jersey-entity-filtering-2.27.jar:/home/user/.m2/repository/com/google/inject/extensions/guice-assistedinject/4.0/guice-assistedinject-4.0.jar:/home/user/.m2/repository/org/jooq/jooq/3.11.10/jooq-3.11.10.jar:/home/user/.m2/repository/org/jooq/jooq-meta/3.11.10/jooq-meta-3.11.10.jar:/home/user/.m2/repository/org/jooq/jooq-codegen/3.11.10/jooq-codegen-3.11.10.jar:/home/user/.m2/repository/com/jolbox/bonecp/0.8.0.RELEASE/bonecp-0.8.0.RELEASE.jar:/home/user/.m2/repository/org/xerial/sqlite-jdbc/3.25.2/sqlite-jdbc-3.25.2.jar:/home/user/.m2/repository/org/springframework/spring-jdbc/5.1.3.RELEASE/spring-jdbc-5.1.3.RELEASE.jar:/home/user/.m2/repository/org/springframework/spring-beans/5.1.3.RELEASE/spring-beans-5.1.3.RELEASE.jar:/home/user/.m2/repository/org/springframework/spring-core/5.1.3.RELEASE/spring-core-5.1.3.RELEASE.jar:/home/user/.m2/repository/org/springframework/spring-jcl/5.1.3.RELEASE/spring-jcl-5.1.3.RELEASE.jar:/home/user/.m2/repository/org/springframework/spring-tx/5.1.3.RELEASE/spring-tx-5.1.3.RELEASE.jar:/home/user/.m2/repository/org/apache/hadoop/hadoop-ozone-client/0.5.0-SNAPSHOT/hadoop-ozone-client-0.5.0-SNAPSHOT.jar:/home/user/.m2/repository/commons-lang/commons-lang/2.6/commons-lang-2.6.jar:/home/user/.m2/repository/org/apache/hadoop/hadoop-ozone-ozone-manager/0.5.0-SNAPSHOT/hadoop-ozone-ozone-manager-0.5.0-SNAPSHOT-tests.jar:/home/user/.m2/repository/junit/junit/4.11/junit-4.11.jar:/home/user/.m2/repository/org/hamcrest/hamcrest-core/1.3/hamcrest-core-1.3.jar:/home/user/.m2/repository/org/openjdk/jmh/jmh-core/1.19/jmh-core-1.19.jar:/home/user/.m2/repository/net/sf/jopt-simple/jopt-simple/4.6/jopt-simple-4.6.jar:/home/user/.m2/repository/org/apache/commons/commons-math3/3.1.1/commons-math3-3.1.1.jar:/home/user/.m2/repository/org/openjdk/jmh/jmh-generator-annprocess/1.19/jmh-generator-annprocess-1.19.jar:/home/user/.m2/repository/org/mockito/mockito-all/1.8.5/mockito-all-1.8.5.jar:/home/user/.m2/repository/org/apache/hadoop/hadoop-kms/3.2.0/hadoop-kms-3.2.0.jar:/home/user/.m2/repository/org/apache/hadoop/hadoop-auth/3.2.0/hadoop-auth-3.2.0.jar:/home/user/.m2/repository/com/nimbusds/nimbus-jose-jwt/4.41.1/nimbus-jose-jwt-4.41.1.jar:/home/user/.m2/repository/com/github/stephenc/jcip/jcip-annotations/1.0-1/jcip-annotations-1.0-1.jar:/home/user/.m2/repository/net/minidev/json-smart/2.3/json-smart-2.3.jar:/home/user/.m2/repository/net/minidev/accessors-smart/1.2/accessors-smart-1.2.jar:/home/user/.m2/repository/org/ow2/asm/asm/5.0.4/asm-5.0.4.jar:/home/user/.m2/repository/org/apache/curator/curator-framework/2.12.0/curator-framework-2.12.0.jar:/home/user/.m2/repository/com/sun/jersey/jersey-core/1.19/jersey-core-1.19.jar:/home/user/.m2/repository/javax/ws/rs/jsr311-api/1.1.1/jsr311-api-1.1.1.jar:/home/user/.m2/repository/com/sun/jersey/jersey-server/1.19/jersey-server-1.19.jar:/home/user/.m2/repository/javax/servlet/javax.servlet-api/3.1.0/javax.servlet-api-3.1.0.jar:/home/user/.m2/repository/org/eclipse/jetty/jetty-server/9.3.25.v20180904/jetty-server-9.3.25.v20180904.jar:/home/user/.m2/repository/org/eclipse/jetty/jetty-http/9.3.25.v20180904/jetty-http-9.3.25.v20180904.jar:/home/user/.m2/repository/org/eclipse/jetty/jetty-io/9.3.25.v20180904/jetty-io-9.3.25.v20180904.jar:/home/user/.m2/repository/org/eclipse/jetty/jetty-webapp/9.3.25.v20180904/jetty-webapp-9.3.25.v20180904.jar:/home/user/.m2/repository/org/eclipse/jetty/jetty-xml/9.3.25.v20180904/jetty-xml-9.3.25.v20180904.jar:/home/user/.m2/repository/log4j/log4j/1.2.17/log4j-1.2.17.jar:/home/user/.m2/repository/org/slf4j/slf4j-api/1.7.25/slf4j-api-1.7.25.jar:/home/user/.m2/repository/org/slf4j/jul-to-slf4j/1.7.25/jul-to-slf4j-1.7.25.jar:/home/user/.m2/repository/org/eclipse/jetty/jetty-util/9.3.25.v20180904/jetty-util-9.3.25.v20180904.jar:/home/user/.m2/repository/com/fasterxml/jackson/core/jackson-databind/2.9.9/jackson-databind-2.9.9.jar:/home/user/.m2/repository/org/apache/hadoop/hadoop-kms/3.2.0/hadoop-kms-3.2.0-tests.jar:/home/user/.m2/repository/org/apache/hadoop/hadoop-hdds-server-scm/0.5.0-SNAPSHOT/hadoop-hdds-server-scm-0.5.0-SNAPSHOT-tests.jar:/home/user/.m2/repository/org/apache/hadoop/hadoop-hdds-container-service/0.5.0-SNAPSHOT/hadoop-hdds-container-service-0.5.0-SNAPSHOT-tests.jar:/home/user/.m2/repository/org/yaml/snakeyaml/1.16/snakeyaml-1.16.jar:/home/user/.m2/repository/org/apache/hadoop/hadoop-common/3.2.0/hadoop-common-3.2.0-tests.jar:/home/user/.m2/repository/org/apache/hadoop/hadoop-annotations/3.2.0/hadoop-annotations-3.2.0.jar:/usr/lib/jvm/java-1.8.0-openjdk-1.8.0.222.b10-1.el7_7.x86_64/jre/../lib/tools.jar:/home/user/.m2/repository/commons-cli/commons-cli/1.2/commons-cli-1.2.jar:/home/user/.m2/repository/org/apache/httpcomponents/httpclient/4.5.2/httpclient-4.5.2.jar:/home/user/.m2/repository/org/apache/httpcomponents/httpcore/4.4.4/httpcore-4.4.4.jar:/home/user/.m2/repository/commons-codec/commons-codec/1.11/commons-codec-1.11.jar:/home/user/.m2/repository/commons-net/commons-net/3.6/commons-net-3.6.jar:/home/user/.m2/repository/commons-collections/commons-collections/3.2.2/commons-collections-3.2.2.jar:/home/user/.m2/repository/org/eclipse/jetty/jetty-servlet/9.3.25.v20180904/jetty-servlet-9.3.25.v20180904.jar:/home/user/.m2/repository/org/eclipse/jetty/jetty-security/9.3.25.v20180904/jetty-security-9.3.25.v20180904.jar:/home/user/.m2/repository/javax/servlet/jsp/jsp-api/2.1/jsp-api-2.1.jar:/home/user/.m2/repository/com/sun/jersey/jersey-servlet/1.19/jersey-servlet-1.19.jar:/home/user/.m2/repository/com/sun/jersey/jersey-json/1.19/jersey-json-1.19.jar:/home/user/.m2/repository/org/codehaus/jettison/jettison/1.1/jettison-1.1.jar:/home/user/.m2/repository/org/codehaus/jackson/jackson-core-asl/1.9.13/jackson-core-asl-1.9.13.jar:/home/user/.m2/repository/org/codehaus/jackson/jackson-mapper-asl/1.9.13/jackson-mapper-asl-1.9.13.jar:/home/user/.m2/repository/org/codehaus/jackson/jackson-jaxrs/1.9.13/jackson-jaxrs-1.9.13.jar:/home/user/.m2/repository/org/codehaus/jackson/jackson-xc/1.9.13/jackson-xc-1.9.13.jar:/home/user/.m2/repository/commons-logging/commons-logging/1.1.3/commons-logging-1.1.3.jar:/home/user/.m2/repository/commons-beanutils/commons-beanutils/1.9.4/commons-beanutils-1.9.4.jar:/home/user/.m2/repository/org/apache/commons/commons-configuration2/2.1.1/commons-configuration2-2.1.1.jar:/home/user/.m2/repository/org/apache/commons/commons-lang3/3.7/commons-lang3-3.7.jar:/home/user/.m2/repository/org/apache/commons/commons-text/1.4/commons-text-1.4.jar:/home/user/.m2/repository/org/apache/avro/avro/1.7.7/avro-1.7.7.jar:/home/user/.m2/repository/com/thoughtworks/paranamer/paranamer/2.3/paranamer-2.3.jar:/home/user/.m2/repository/org/xerial/snappy/snappy-java/1.0.5/snappy-java-1.0.5.jar:/home/user/.m2/repository/com/google/re2j/re2j/1.1/re2j-1.1.jar:/home/user/.m2/repository/com/google/code/gson/gson/2.2.4/gson-2.2.4.jar:/home/user/.m2/repository/com/jcraft/jsch/0.1.54/jsch-0.1.54.jar:/home/user/.m2/repository/org/apache/curator/curator-client/2.12.0/curator-client-2.12.0.jar:/home/user/.m2/repository/org/apache/curator/curator-recipes/2.12.0/curator-recipes-2.12.0.jar:/home/user/.m2/repository/com/google/code/findbugs/jsr305/3.0.0/jsr305-3.0.0.jar:/home/user/.m2/repository/org/apache/htrace/htrace-core4/4.1.0-incubating/htrace-core4-4.1.0-incubating.jar:/home/user/.m2/repository/org/apache/zookeeper/zookeeper/3.4.13/zookeeper-3.4.13.jar:/home/user/.m2/repository/jline/jline/0.9.94/jline-0.9.94.jar:/home/user/.m2/repository/org/apache/yetus/audience-annotations/0.5.0/audience-annotations-0.5.0.jar:/home/user/.m2/repository/org/codehaus/woodstox/stax2-api/3.1.4/stax2-api-3.1.4.jar:/home/user/.m2/repository/com/fasterxml/woodstox/woodstox-core/5.0.3/woodstox-core-5.0.3.jar:/home/user/.m2/repository/dnsjava/dnsjava/2.1.7/dnsjava-2.1.7.jar:/home/user/.m2/repository/org/apache/hadoop/hadoop-hdfs/3.2.0/hadoop-hdfs-3.2.0-tests.jar:/home/user/.m2/repository/org/eclipse/jetty/jetty-util-ajax/9.3.25.v20180904/jetty-util-ajax-9.3.25.v20180904.jar:/home/user/.m2/repository/commons-daemon/commons-daemon/1.0.13/commons-daemon-1.0.13.jar:/home/user/.m2/repository/io/netty/netty/3.10.5.Final/netty-3.10.5.Final.jar:/home/user/.m2/repository/io/netty/netty-all/4.0.52.Final/netty-all-4.0.52.Final.jar:/home/user/.m2/repository/org/fusesource/leveldbjni/leveldbjni-all/1.8/leveldbjni-all-1.8.jar:"/>
    <property name="java.vm.vendor" value="Oracle Corporation"/>
    <property name="sun.arch.data.model" value="64"/>
    <property name="test.build.dir" value="/workdir/hadoop-ozone/integration-test/target/test-dir"/>
    <property name="test.cache.data" value=""/>
    <property name="java.vendor.url" value="http://java.oracle.com/"/>
    <property name="user.timezone" value=""/>
    <property name="java.vm.specification.version" value="1.8"/>
    <property name="os.name" value="Linux"/>
    <property name="test.build.data" value="/workdir/hadoop-ozone/integration-test/target/test-dir"/>
    <property name="user.country" value="US"/>
    <property name="sun.java.launcher" value="SUN_STANDARD"/>
    <property name="sun.boot.library.path" value="/usr/lib/jvm/java-1.8.0-openjdk-1.8.0.222.b10-1.el7_7.x86_64/jre/lib/amd64"/>
    <property name="sun.java.command" value="/workdir/hadoop-ozone/integration-test/target/surefire/surefirebooter6974431739406523593.jar /workdir/hadoop-ozone/integration-test/target/surefire 2019-10-18T06-32-41_699-jvmRun1 surefire2555695621005133220tmp surefire_267628932426075473058tmp"/>
    <property name="surefire.test.class.path" value="/workdir/hadoop-ozone/integration-test/target/test-classes:/workdir/hadoop-ozone/integration-test/target/classes:/home/user/.m2/repository/org/apache/hadoop/hadoop-ozone-common/0.5.0-SNAPSHOT/hadoop-ozone-common-0.5.0-SNAPSHOT.jar:/home/user/.m2/repository/org/apache/commons/commons-compress/1.4.1/commons-compress-1.4.1.jar:/home/user/.m2/repository/org/tukaani/xz/1.0/xz-1.0.jar:/home/user/.m2/repository/org/apache/hadoop/hadoop-common/3.2.0/hadoop-common-3.2.0.jar:/home/user/.m2/repository/org/apache/hadoop/hadoop-hdfs/3.2.0/hadoop-hdfs-3.2.0.jar:/home/user/.m2/repository/org/apache/hadoop/hadoop-hdfs-client/3.2.0/hadoop-hdfs-client-3.2.0.jar:/home/user/.m2/repository/com/fasterxml/jackson/core/jackson-annotations/2.9.9/jackson-annotations-2.9.9.jar:/home/user/.m2/repository/org/apache/hadoop/hadoop-hdds-common/0.5.0-SNAPSHOT/hadoop-hdds-common-0.5.0-SNAPSHOT.jar:/home/user/.m2/repository/javax/annotation/javax.annotation-api/1.2/javax.annotation-api-1.2.jar:/home/user/.m2/repository/org/apache/ratis/ratis-server/0.5.0-3f446aa-SNAPSHOT/ratis-server-0.5.0-3f446aa-SNAPSHOT.jar:/home/user/.m2/repository/org/apache/ratis/ratis-thirdparty-misc/0.2.0/ratis-thirdparty-misc-0.2.0.jar:/home/user/.m2/repository/org/apache/ratis/ratis-proto/0.5.0-3f446aa-SNAPSHOT/ratis-proto-0.5.0-3f446aa-SNAPSHOT.jar:/home/user/.m2/repository/org/apache/ratis/ratis-common/0.5.0-3f446aa-SNAPSHOT/ratis-common-0.5.0-3f446aa-SNAPSHOT.jar:/home/user/.m2/repository/org/apache/ratis/ratis-client/0.5.0-3f446aa-SNAPSHOT/ratis-client-0.5.0-3f446aa-SNAPSHOT.jar:/home/user/.m2/repository/org/apache/ratis/ratis-metrics/0.5.0-3f446aa-SNAPSHOT/ratis-metrics-0.5.0-3f446aa-SNAPSHOT.jar:/home/user/.m2/repository/com/github/joshelser/dropwizard-metrics-hadoop-metrics2-reporter/0.1.2/dropwizard-metrics-hadoop-metrics2-reporter-0.1.2.jar:/home/user/.m2/repository/io/dropwizard/metrics/metrics-jvm/3.2.5/metrics-jvm-3.2.5.jar:/home/user/.m2/repository/io/dropwizard/metrics/metrics-ganglia/3.2.5/metrics-ganglia-3.2.5.jar:/home/user/.m2/repository/info/ganglia/gmetric4j/gmetric4j/1.0.7/gmetric4j-1.0.7.jar:/home/user/.m2/repository/org/apache/ratis/ratis-netty/0.5.0-3f446aa-SNAPSHOT/ratis-netty-0.5.0-3f446aa-SNAPSHOT.jar:/home/user/.m2/repository/org/apache/ratis/ratis-grpc/0.5.0-3f446aa-SNAPSHOT/ratis-grpc-0.5.0-3f446aa-SNAPSHOT.jar:/home/user/.m2/repository/org/rocksdb/rocksdbjni/6.0.1/rocksdbjni-6.0.1.jar:/home/user/.m2/repository/org/apache/logging/log4j/log4j-api/2.11.0/log4j-api-2.11.0.jar:/home/user/.m2/repository/org/apache/logging/log4j/log4j-core/2.11.0/log4j-core-2.11.0.jar:/home/user/.m2/repository/com/lmax/disruptor/3.4.2/disruptor-3.4.2.jar:/home/user/.m2/repository/org/apache/commons/commons-pool2/2.6.0/commons-pool2-2.6.0.jar:/home/user/.m2/repository/org/bouncycastle/bcpkix-jdk15on/1.60/bcpkix-jdk15on-1.60.jar:/home/user/.m2/repository/commons-validator/commons-validator/1.6/commons-validator-1.6.jar:/home/user/.m2/repository/commons-digester/commons-digester/1.8.1/commons-digester-1.8.1.jar:/home/user/.m2/repository/io/jaegertracing/jaeger-client/0.34.0/jaeger-client-0.34.0.jar:/home/user/.m2/repository/io/jaegertracing/jaeger-thrift/0.34.0/jaeger-thrift-0.34.0.jar:/home/user/.m2/repository/org/apache/thrift/libthrift/0.12.0/libthrift-0.12.0.jar:/home/user/.m2/repository/com/squareup/okhttp3/okhttp/3.9.0/okhttp-3.9.0.jar:/home/user/.m2/repository/com/squareup/okio/okio/1.13.0/okio-1.13.0.jar:/home/user/.m2/repository/io/jaegertracing/jaeger-core/0.34.0/jaeger-core-0.34.0.jar:/home/user/.m2/repository/io/jaegertracing/jaeger-tracerresolver/0.34.0/jaeger-tracerresolver-0.34.0.jar:/home/user/.m2/repository/io/opentracing/contrib/opentracing-tracerresolver/0.1.5/opentracing-tracerresolver-0.1.5.jar:/home/user/.m2/repository/io/opentracing/opentracing-util/0.31.0/opentracing-util-0.31.0.jar:/home/user/.m2/repository/io/opentracing/opentracing-api/0.31.0/opentracing-api-0.31.0.jar:/home/user/.m2/repository/io/opentracing/opentracing-noop/0.31.0/opentracing-noop-0.31.0.jar:/home/user/.m2/repository/org/apache/hadoop/hadoop-hdds-server-framework/0.5.0-SNAPSHOT/hadoop-hdds-server-framework-0.5.0-SNAPSHOT.jar:/home/user/.m2/repository/org/apache/hadoop/hadoop-hdds-container-service/0.5.0-SNAPSHOT/hadoop-hdds-container-service-0.5.0-SNAPSHOT.jar:/home/user/.m2/repository/org/apache/hadoop/hadoop-hdds-client/0.5.0-SNAPSHOT/hadoop-hdds-client-0.5.0-SNAPSHOT.jar:/home/user/.m2/repository/org/apache/hadoop/hadoop-hdds-tools/0.5.0-SNAPSHOT/hadoop-hdds-tools-0.5.0-SNAPSHOT.jar:/home/user/.m2/repository/org/apache/hadoop/hadoop-hdds-server-scm/0.5.0-SNAPSHOT/hadoop-hdds-server-scm-0.5.0-SNAPSHOT.jar:/home/user/.m2/repository/org/apache/hadoop/hadoop-hdds-docs/0.5.0-SNAPSHOT/hadoop-hdds-docs-0.5.0-SNAPSHOT.jar:/home/user/.m2/repository/io/dropwizard/metrics/metrics-core/3.2.4/metrics-core-3.2.4.jar:/home/user/.m2/repository/org/hamcrest/hamcrest-all/1.3/hamcrest-all-1.3.jar:/home/user/.m2/repository/org/bouncycastle/bcprov-jdk15on/1.60/bcprov-jdk15on-1.60.jar:/home/user/.m2/repository/info/picocli/picocli/3.9.6/picocli-3.9.6.jar:/home/user/.m2/repository/com/google/protobuf/protobuf-java/2.5.0/protobuf-java-2.5.0.jar:/home/user/.m2/repository/com/google/guava/guava/11.0.2/guava-11.0.2.jar:/home/user/.m2/repository/org/apache/hadoop/hadoop-ozone-ozone-manager/0.5.0-SNAPSHOT/hadoop-ozone-ozone-manager-0.5.0-SNAPSHOT.jar:/home/user/.m2/repository/org/apache/hadoop/hadoop-minikdc/3.2.0/hadoop-minikdc-3.2.0.jar:/home/user/.m2/repository/commons-io/commons-io/2.5/commons-io-2.5.jar:/home/user/.m2/repository/org/apache/kerby/kerb-simplekdc/1.0.1/kerb-simplekdc-1.0.1.jar:/home/user/.m2/repository/org/apache/kerby/kerb-client/1.0.1/kerb-client-1.0.1.jar:/home/user/.m2/repository/org/apache/kerby/kerby-config/1.0.1/kerby-config-1.0.1.jar:/home/user/.m2/repository/org/apache/kerby/kerb-core/1.0.1/kerb-core-1.0.1.jar:/home/user/.m2/repository/org/apache/kerby/kerby-pkix/1.0.1/kerby-pkix-1.0.1.jar:/home/user/.m2/repository/org/apache/kerby/kerby-asn1/1.0.1/kerby-asn1-1.0.1.jar:/home/user/.m2/repository/org/apache/kerby/kerby-util/1.0.1/kerby-util-1.0.1.jar:/home/user/.m2/repository/org/apache/kerby/kerb-common/1.0.1/kerb-common-1.0.1.jar:/home/user/.m2/repository/org/apache/kerby/kerb-crypto/1.0.1/kerb-crypto-1.0.1.jar:/home/user/.m2/repository/org/apache/kerby/kerb-util/1.0.1/kerb-util-1.0.1.jar:/home/user/.m2/repository/org/apache/kerby/token-provider/1.0.1/token-provider-1.0.1.jar:/home/user/.m2/repository/org/apache/kerby/kerb-admin/1.0.1/kerb-admin-1.0.1.jar:/home/user/.m2/repository/org/apache/kerby/kerb-server/1.0.1/kerb-server-1.0.1.jar:/home/user/.m2/repository/org/apache/kerby/kerb-identity/1.0.1/kerb-identity-1.0.1.jar:/home/user/.m2/repository/org/apache/kerby/kerby-xdr/1.0.1/kerby-xdr-1.0.1.jar:/home/user/.m2/repository/org/slf4j/slf4j-log4j12/1.7.25/slf4j-log4j12-1.7.25.jar:/home/user/.m2/repository/org/apache/hadoop/hadoop-ozone-s3gateway/0.5.0-SNAPSHOT/hadoop-ozone-s3gateway-0.5.0-SNAPSHOT.jar:/home/user/.m2/repository/org/jboss/weld/servlet/weld-servlet/2.4.7.Final/weld-servlet-2.4.7.Final.jar:/home/user/.m2/repository/org/glassfish/jersey/containers/jersey-container-servlet-core/2.27/jersey-container-servlet-core-2.27.jar:/home/user/.m2/repository/org/glassfish/hk2/external/javax.inject/2.5.0-b42/javax.inject-2.5.0-b42.jar:/home/user/.m2/repository/org/glassfish/jersey/core/jersey-common/2.27/jersey-common-2.27.jar:/home/user/.m2/repository/org/glassfish/hk2/osgi-resource-locator/1.0.1/osgi-resource-locator-1.0.1.jar:/home/user/.m2/repository/javax/ws/rs/javax.ws.rs-api/2.1/javax.ws.rs-api-2.1.jar:/home/user/.m2/repository/org/glassfish/jersey/ext/cdi/jersey-cdi1x/2.27/jersey-cdi1x-2.27.jar:/home/user/.m2/repository/org/glassfish/jersey/inject/jersey-hk2/2.27/jersey-hk2-2.27.jar:/home/user/.m2/repository/org/glassfish/hk2/hk2-locator/2.5.0-b42/hk2-locator-2.5.0-b42.jar:/home/user/.m2/repository/org/javassist/javassist/3.22.0-CR2/javassist-3.22.0-CR2.jar:/home/user/.m2/repository/org/glassfish/hk2/hk2-api/2.5.0/hk2-api-2.5.0.jar:/home/user/.m2/repository/org/glassfish/hk2/external/jakarta.inject/2.5.0/jakarta.inject-2.5.0.jar:/home/user/.m2/repository/org/glassfish/hk2/hk2-utils/2.5.0/hk2-utils-2.5.0.jar:/home/user/.m2/repository/jakarta/annotation/jakarta.annotation-api/1.3.4/jakarta.annotation-api-1.3.4.jar:/home/user/.m2/repository/org/glassfish/hk2/external/aopalliance-repackaged/2.5.0/aopalliance-repackaged-2.5.0.jar:/home/user/.m2/repository/com/fasterxml/jackson/dataformat/jackson-dataformat-xml/2.9.0/jackson-dataformat-xml-2.9.0.jar:/home/user/.m2/repository/com/fasterxml/jackson/core/jackson-core/2.9.9/jackson-core-2.9.9.jar:/home/user/.m2/repository/com/fasterxml/jackson/module/jackson-module-jaxb-annotations/2.9.9/jackson-module-jaxb-annotations-2.9.9.jar:/home/user/.m2/repository/javax/enterprise/cdi-api/1.2/cdi-api-1.2.jar:/home/user/.m2/repository/javax/el/javax.el-api/3.0.0/javax.el-api-3.0.0.jar:/home/user/.m2/repository/javax/interceptor/javax.interceptor-api/1.2/javax.interceptor-api-1.2.jar:/home/user/.m2/repository/javax/inject/javax.inject/1/javax.inject-1.jar:/home/user/.m2/repository/com/sun/xml/bind/jaxb-impl/2.3.0.1/jaxb-impl-2.3.0.1.jar:/home/user/.m2/repository/com/sun/xml/bind/jaxb-core/2.3.0.1/jaxb-core-2.3.0.1.jar:/home/user/.m2/repository/javax/xml/bind/jaxb-api/2.3.0/jaxb-api-2.3.0.jar:/home/user/.m2/repository/javax/activation/activation/1.1.1/activation-1.1.1.jar:/home/user/.m2/repository/org/apache/hadoop/hadoop-ozone-csi/0.5.0-SNAPSHOT/hadoop-ozone-csi-0.5.0-SNAPSHOT.jar:/home/user/.m2/repository/com/google/protobuf/protobuf-java-util/3.5.1/protobuf-java-util-3.5.1.jar:/home/user/.m2/repository/org/apache/hadoop/hadoop-hdds-config/0.5.0-SNAPSHOT/hadoop-hdds-config-0.5.0-SNAPSHOT.jar:/home/user/.m2/repository/io/grpc/grpc-netty/1.17.1/grpc-netty-1.17.1.jar:/home/user/.m2/repository/io/grpc/grpc-core/1.17.1/grpc-core-1.17.1.jar:/home/user/.m2/repository/io/grpc/grpc-context/1.17.1/grpc-context-1.17.1.jar:/home/user/.m2/repository/com/google/errorprone/error_prone_annotations/2.2.0/error_prone_annotations-2.2.0.jar:/home/user/.m2/repository/org/codehaus/mojo/animal-sniffer-annotations/1.17/animal-sniffer-annotations-1.17.jar:/home/user/.m2/repository/io/opencensus/opencensus-api/0.17.0/opencensus-api-0.17.0.jar:/home/user/.m2/repository/io/opencensus/opencensus-contrib-grpc-metrics/0.17.0/opencensus-contrib-grpc-metrics-0.17.0.jar:/home/user/.m2/repository/io/netty/netty-codec-http2/4.1.30.Final/netty-codec-http2-4.1.30.Final.jar:/home/user/.m2/repository/io/netty/netty-codec-http/4.1.30.Final/netty-codec-http-4.1.30.Final.jar:/home/user/.m2/repository/io/netty/netty-codec/4.1.30.Final/netty-codec-4.1.30.Final.jar:/home/user/.m2/repository/io/netty/netty-handler/4.1.30.Final/netty-handler-4.1.30.Final.jar:/home/user/.m2/repository/io/netty/netty-handler-proxy/4.1.30.Final/netty-handler-proxy-4.1.30.Final.jar:/home/user/.m2/repository/io/netty/netty-codec-socks/4.1.30.Final/netty-codec-socks-4.1.30.Final.jar:/home/user/.m2/repository/io/netty/netty-transport-native-epoll/4.1.30.Final/netty-transport-native-epoll-4.1.30.Final.jar:/home/user/.m2/repository/io/netty/netty-common/4.1.30.Final/netty-common-4.1.30.Final.jar:/home/user/.m2/repository/io/netty/netty-buffer/4.1.30.Final/netty-buffer-4.1.30.Final.jar:/home/user/.m2/repository/io/netty/netty-transport/4.1.30.Final/netty-transport-4.1.30.Final.jar:/home/user/.m2/repository/io/netty/netty-resolver/4.1.30.Final/netty-resolver-4.1.30.Final.jar:/home/user/.m2/repository/io/netty/netty-transport-native-unix-common/4.1.30.Final/netty-transport-native-unix-common-4.1.30.Final.jar:/home/user/.m2/repository/io/grpc/grpc-protobuf/1.17.1/grpc-protobuf-1.17.1.jar:/home/user/.m2/repository/com/google/api/grpc/proto-google-common-protos/1.0.0/proto-google-common-protos-1.0.0.jar:/home/user/.m2/repository/io/grpc/grpc-protobuf-lite/1.17.1/grpc-protobuf-lite-1.17.1.jar:/home/user/.m2/repository/io/grpc/grpc-stub/1.17.1/grpc-stub-1.17.1.jar:/home/user/.m2/repository/org/apache/hadoop/hadoop-ozone-recon/0.5.0-SNAPSHOT/hadoop-ozone-recon-0.5.0-SNAPSHOT.jar:/home/user/.m2/repository/org/apache/hadoop/hadoop-ozone-reconcodegen/0.5.0-SNAPSHOT/hadoop-ozone-reconcodegen-0.5.0-SNAPSHOT.jar:/home/user/.m2/repository/com/google/inject/extensions/guice-multibindings/4.0/guice-multibindings-4.0.jar:/home/user/.m2/repository/com/google/inject/guice/4.0/guice-4.0.jar:/home/user/.m2/repository/aopalliance/aopalliance/1.0/aopalliance-1.0.jar:/home/user/.m2/repository/com/google/inject/extensions/guice-servlet/4.0/guice-servlet-4.0.jar:/home/user/.m2/repository/org/glassfish/jersey/containers/jersey-container-servlet/2.27/jersey-container-servlet-2.27.jar:/home/user/.m2/repository/org/glassfish/hk2/guice-bridge/2.5.0/guice-bridge-2.5.0.jar:/home/user/.m2/repository/org/glassfish/jersey/core/jersey-server/2.27/jersey-server-2.27.jar:/home/user/.m2/repository/org/glassfish/jersey/core/jersey-client/2.27/jersey-client-2.27.jar:/home/user/.m2/repository/org/glassfish/jersey/media/jersey-media-jaxb/2.27/jersey-media-jaxb-2.27.jar:/home/user/.m2/repository/javax/validation/validation-api/1.1.0.Final/validation-api-1.1.0.Final.jar:/home/user/.m2/repository/org/glassfish/jersey/media/jersey-media-json-jackson/2.27/jersey-media-json-jackson-2.27.jar:/home/user/.m2/repository/org/glassfish/jersey/ext/jersey-entity-filtering/2.27/jersey-entity-filtering-2.27.jar:/home/user/.m2/repository/com/google/inject/extensions/guice-assistedinject/4.0/guice-assistedinject-4.0.jar:/home/user/.m2/repository/org/jooq/jooq/3.11.10/jooq-3.11.10.jar:/home/user/.m2/repository/org/jooq/jooq-meta/3.11.10/jooq-meta-3.11.10.jar:/home/user/.m2/repository/org/jooq/jooq-codegen/3.11.10/jooq-codegen-3.11.10.jar:/home/user/.m2/repository/com/jolbox/bonecp/0.8.0.RELEASE/bonecp-0.8.0.RELEASE.jar:/home/user/.m2/repository/org/xerial/sqlite-jdbc/3.25.2/sqlite-jdbc-3.25.2.jar:/home/user/.m2/repository/org/springframework/spring-jdbc/5.1.3.RELEASE/spring-jdbc-5.1.3.RELEASE.jar:/home/user/.m2/repository/org/springframework/spring-beans/5.1.3.RELEASE/spring-beans-5.1.3.RELEASE.jar:/home/user/.m2/repository/org/springframework/spring-core/5.1.3.RELEASE/spring-core-5.1.3.RELEASE.jar:/home/user/.m2/repository/org/springframework/spring-jcl/5.1.3.RELEASE/spring-jcl-5.1.3.RELEASE.jar:/home/user/.m2/repository/org/springframework/spring-tx/5.1.3.RELEASE/spring-tx-5.1.3.RELEASE.jar:/home/user/.m2/repository/org/apache/hadoop/hadoop-ozone-client/0.5.0-SNAPSHOT/hadoop-ozone-client-0.5.0-SNAPSHOT.jar:/home/user/.m2/repository/commons-lang/commons-lang/2.6/commons-lang-2.6.jar:/home/user/.m2/repository/org/apache/hadoop/hadoop-ozone-ozone-manager/0.5.0-SNAPSHOT/hadoop-ozone-ozone-manager-0.5.0-SNAPSHOT-tests.jar:/home/user/.m2/repository/junit/junit/4.11/junit-4.11.jar:/home/user/.m2/repository/org/hamcrest/hamcrest-core/1.3/hamcrest-core-1.3.jar:/home/user/.m2/repository/org/openjdk/jmh/jmh-core/1.19/jmh-core-1.19.jar:/home/user/.m2/repository/net/sf/jopt-simple/jopt-simple/4.6/jopt-simple-4.6.jar:/home/user/.m2/repository/org/apache/commons/commons-math3/3.1.1/commons-math3-3.1.1.jar:/home/user/.m2/repository/org/openjdk/jmh/jmh-generator-annprocess/1.19/jmh-generator-annprocess-1.19.jar:/home/user/.m2/repository/org/mockito/mockito-all/1.8.5/mockito-all-1.8.5.jar:/home/user/.m2/repository/org/apache/hadoop/hadoop-kms/3.2.0/hadoop-kms-3.2.0.jar:/home/user/.m2/repository/org/apache/hadoop/hadoop-auth/3.2.0/hadoop-auth-3.2.0.jar:/home/user/.m2/repository/com/nimbusds/nimbus-jose-jwt/4.41.1/nimbus-jose-jwt-4.41.1.jar:/home/user/.m2/repository/com/github/stephenc/jcip/jcip-annotations/1.0-1/jcip-annotations-1.0-1.jar:/home/user/.m2/repository/net/minidev/json-smart/2.3/json-smart-2.3.jar:/home/user/.m2/repository/net/minidev/accessors-smart/1.2/accessors-smart-1.2.jar:/home/user/.m2/repository/org/ow2/asm/asm/5.0.4/asm-5.0.4.jar:/home/user/.m2/repository/org/apache/curator/curator-framework/2.12.0/curator-framework-2.12.0.jar:/home/user/.m2/repository/com/sun/jersey/jersey-core/1.19/jersey-core-1.19.jar:/home/user/.m2/repository/javax/ws/rs/jsr311-api/1.1.1/jsr311-api-1.1.1.jar:/home/user/.m2/repository/com/sun/jersey/jersey-server/1.19/jersey-server-1.19.jar:/home/user/.m2/repository/javax/servlet/javax.servlet-api/3.1.0/javax.servlet-api-3.1.0.jar:/home/user/.m2/repository/org/eclipse/jetty/jetty-server/9.3.25.v20180904/jetty-server-9.3.25.v20180904.jar:/home/user/.m2/repository/org/eclipse/jetty/jetty-http/9.3.25.v20180904/jetty-http-9.3.25.v20180904.jar:/home/user/.m2/repository/org/eclipse/jetty/jetty-io/9.3.25.v20180904/jetty-io-9.3.25.v20180904.jar:/home/user/.m2/repository/org/eclipse/jetty/jetty-webapp/9.3.25.v20180904/jetty-webapp-9.3.25.v20180904.jar:/home/user/.m2/repository/org/eclipse/jetty/jetty-xml/9.3.25.v20180904/jetty-xml-9.3.25.v20180904.jar:/home/user/.m2/repository/log4j/log4j/1.2.17/log4j-1.2.17.jar:/home/user/.m2/repository/org/slf4j/slf4j-api/1.7.25/slf4j-api-1.7.25.jar:/home/user/.m2/repository/org/slf4j/jul-to-slf4j/1.7.25/jul-to-slf4j-1.7.25.jar:/home/user/.m2/repository/org/eclipse/jetty/jetty-util/9.3.25.v20180904/jetty-util-9.3.25.v20180904.jar:/home/user/.m2/repository/com/fasterxml/jackson/core/jackson-databind/2.9.9/jackson-databind-2.9.9.jar:/home/user/.m2/repository/org/apache/hadoop/hadoop-kms/3.2.0/hadoop-kms-3.2.0-tests.jar:/home/user/.m2/repository/org/apache/hadoop/hadoop-hdds-server-scm/0.5.0-SNAPSHOT/hadoop-hdds-server-scm-0.5.0-SNAPSHOT-tests.jar:/home/user/.m2/repository/org/apache/hadoop/hadoop-hdds-container-service/0.5.0-SNAPSHOT/hadoop-hdds-container-service-0.5.0-SNAPSHOT-tests.jar:/home/user/.m2/repository/org/yaml/snakeyaml/1.16/snakeyaml-1.16.jar:/home/user/.m2/repository/org/apache/hadoop/hadoop-common/3.2.0/hadoop-common-3.2.0-tests.jar:/home/user/.m2/repository/org/apache/hadoop/hadoop-annotations/3.2.0/hadoop-annotations-3.2.0.jar:/usr/lib/jvm/java-1.8.0-openjdk-1.8.0.222.b10-1.el7_7.x86_64/jre/../lib/tools.jar:/home/user/.m2/repository/commons-cli/commons-cli/1.2/commons-cli-1.2.jar:/home/user/.m2/repository/org/apache/httpcomponents/httpclient/4.5.2/httpclient-4.5.2.jar:/home/user/.m2/repository/org/apache/httpcomponents/httpcore/4.4.4/httpcore-4.4.4.jar:/home/user/.m2/repository/commons-codec/commons-codec/1.11/commons-codec-1.11.jar:/home/user/.m2/repository/commons-net/commons-net/3.6/commons-net-3.6.jar:/home/user/.m2/repository/commons-collections/commons-collections/3.2.2/commons-collections-3.2.2.jar:/home/user/.m2/repository/org/eclipse/jetty/jetty-servlet/9.3.25.v20180904/jetty-servlet-9.3.25.v20180904.jar:/home/user/.m2/repository/org/eclipse/jetty/jetty-security/9.3.25.v20180904/jetty-security-9.3.25.v20180904.jar:/home/user/.m2/repository/javax/servlet/jsp/jsp-api/2.1/jsp-api-2.1.jar:/home/user/.m2/repository/com/sun/jersey/jersey-servlet/1.19/jersey-servlet-1.19.jar:/home/user/.m2/repository/com/sun/jersey/jersey-json/1.19/jersey-json-1.19.jar:/home/user/.m2/repository/org/codehaus/jettison/jettison/1.1/jettison-1.1.jar:/home/user/.m2/repository/org/codehaus/jackson/jackson-core-asl/1.9.13/jackson-core-asl-1.9.13.jar:/home/user/.m2/repository/org/codehaus/jackson/jackson-mapper-asl/1.9.13/jackson-mapper-asl-1.9.13.jar:/home/user/.m2/repository/org/codehaus/jackson/jackson-jaxrs/1.9.13/jackson-jaxrs-1.9.13.jar:/home/user/.m2/repository/org/codehaus/jackson/jackson-xc/1.9.13/jackson-xc-1.9.13.jar:/home/user/.m2/repository/commons-logging/commons-logging/1.1.3/commons-logging-1.1.3.jar:/home/user/.m2/repository/commons-beanutils/commons-beanutils/1.9.4/commons-beanutils-1.9.4.jar:/home/user/.m2/repository/org/apache/commons/commons-configuration2/2.1.1/commons-configuration2-2.1.1.jar:/home/user/.m2/repository/org/apache/commons/commons-lang3/3.7/commons-lang3-3.7.jar:/home/user/.m2/repository/org/apache/commons/commons-text/1.4/commons-text-1.4.jar:/home/user/.m2/repository/org/apache/avro/avro/1.7.7/avro-1.7.7.jar:/home/user/.m2/repository/com/thoughtworks/paranamer/paranamer/2.3/paranamer-2.3.jar:/home/user/.m2/repository/org/xerial/snappy/snappy-java/1.0.5/snappy-java-1.0.5.jar:/home/user/.m2/repository/com/google/re2j/re2j/1.1/re2j-1.1.jar:/home/user/.m2/repository/com/google/code/gson/gson/2.2.4/gson-2.2.4.jar:/home/user/.m2/repository/com/jcraft/jsch/0.1.54/jsch-0.1.54.jar:/home/user/.m2/repository/org/apache/curator/curator-client/2.12.0/curator-client-2.12.0.jar:/home/user/.m2/repository/org/apache/curator/curator-recipes/2.12.0/curator-recipes-2.12.0.jar:/home/user/.m2/repository/com/google/code/findbugs/jsr305/3.0.0/jsr305-3.0.0.jar:/home/user/.m2/repository/org/apache/htrace/htrace-core4/4.1.0-incubating/htrace-core4-4.1.0-incubating.jar:/home/user/.m2/repository/org/apache/zookeeper/zookeeper/3.4.13/zookeeper-3.4.13.jar:/home/user/.m2/repository/jline/jline/0.9.94/jline-0.9.94.jar:/home/user/.m2/repository/org/apache/yetus/audience-annotations/0.5.0/audience-annotations-0.5.0.jar:/home/user/.m2/repository/org/codehaus/woodstox/stax2-api/3.1.4/stax2-api-3.1.4.jar:/home/user/.m2/repository/com/fasterxml/woodstox/woodstox-core/5.0.3/woodstox-core-5.0.3.jar:/home/user/.m2/repository/dnsjava/dnsjava/2.1.7/dnsjava-2.1.7.jar:/home/user/.m2/repository/org/apache/hadoop/hadoop-hdfs/3.2.0/hadoop-hdfs-3.2.0-tests.jar:/home/user/.m2/repository/org/eclipse/jetty/jetty-util-ajax/9.3.25.v20180904/jetty-util-ajax-9.3.25.v20180904.jar:/home/user/.m2/repository/commons-daemon/commons-daemon/1.0.13/commons-daemon-1.0.13.jar:/home/user/.m2/repository/io/netty/netty/3.10.5.Final/netty-3.10.5.Final.jar:/home/user/.m2/repository/io/netty/netty-all/4.0.52.Final/netty-all-4.0.52.Final.jar:/home/user/.m2/repository/org/fusesource/leveldbjni/leveldbjni-all/1.8/leveldbjni-all-1.8.jar:"/>
    <property name="sun.cpu.endian" value="little"/>
    <property name="user.home" value="/home/user"/>
    <property name="user.language" value="en"/>
    <property name="java.specification.vendor" value="Oracle Corporation"/>
    <property name="java.home" value="/usr/lib/jvm/java-1.8.0-openjdk-1.8.0.222.b10-1.el7_7.x86_64/jre"/>
    <property name="surefire.excludesFile" value="/tools/ozone-bad-unit-tests"/>
    <property name="java.security.krb5.conf" value="/workdir/hadoop-ozone/integration-test/target/test-classes/krb5.conf"/>
    <property name="basedir" value="/workdir/hadoop-ozone/integration-test"/>
    <property name="file.separator" value="/"/>
    <property name="line.separator" value="&#10;"/>
    <property name="java.vm.specification.vendor" value="Oracle Corporation"/>
    <property name="java.specification.name" value="Java Platform API Specification"/>
    <property name="java.awt.graphicsenv" value="sun.awt.X11GraphicsEnvironment"/>
    <property name="surefire.real.class.path" value="/workdir/hadoop-ozone/integration-test/target/surefire/surefirebooter6974431739406523593.jar"/>
    <property name="hadoop.log.dir" value="/workdir/hadoop-ozone/integration-test/target/log"/>
    <property name="sun.boot.class.path" value="/usr/lib/jvm/java-1.8.0-openjdk-1.8.0.222.b10-1.el7_7.x86_64/jre/lib/resources.jar:/usr/lib/jvm/java-1.8.0-openjdk-1.8.0.222.b10-1.el7_7.x86_64/jre/lib/rt.jar:/usr/lib/jvm/java-1.8.0-openjdk-1.8.0.222.b10-1.el7_7.x86_64/jre/lib/sunrsasign.jar:/usr/lib/jvm/java-1.8.0-openjdk-1.8.0.222.b10-1.el7_7.x86_64/jre/lib/jsse.jar:/usr/lib/jvm/java-1.8.0-openjdk-1.8.0.222.b10-1.el7_7.x86_64/jre/lib/jce.jar:/usr/lib/jvm/java-1.8.0-openjdk-1.8.0.222.b10-1.el7_7.x86_64/jre/lib/charsets.jar:/usr/lib/jvm/java-1.8.0-openjdk-1.8.0.222.b10-1.el7_7.x86_64/jre/lib/jfr.jar:/usr/lib/jvm/java-1.8.0-openjdk-1.8.0.222.b10-1.el7_7.x86_64/jre/classes"/>
    <property name="sun.management.compiler" value="HotSpot 64-Bit Tiered Compilers"/>
    <property name="java.runtime.version" value="1.8.0_222-b10"/>
    <property name="java.net.preferIPv4Stack" value="true"/>
    <property name="user.name" value="jenkins1000"/>
    <property name="path.separator" value=":"/>
    <property name="java.security.egd" value="file:///dev/urandom"/>
    <property name="os.version" value="3.10.0-957.12.2.el7.x86_64"/>
    <property name="java.endorsed.dirs" value="/usr/lib/jvm/java-1.8.0-openjdk-1.8.0.222.b10-1.el7_7.x86_64/jre/lib/endorsed"/>
    <property name="java.runtime.name" value="OpenJDK Runtime Environment"/>
    <property name="file.encoding" value="ANSI_X3.4-1968"/>
    <property name="java.vm.name" value="OpenJDK 64-Bit Server VM"/>
    <property name="test.build.webapps" value=""/>
    <property name="localRepository" value="/home/user/.m2/repository"/>
    <property name="java.vendor.url.bug" value="http://bugreport.sun.com/bugreport/"/>
    <property name="java.io.tmpdir" value="/tmp"/>
    <property name="require.test.libhadoop" value=""/>
    <property name="java.version" value="1.8.0_222"/>
    <property name="user.dir" value="/workdir/hadoop-ozone/integration-test"/>
    <property name="os.arch" value="amd64"/>
    <property name="java.vm.specification.name" value="Java Virtual Machine Specification"/>
    <property name="test.build.classes" value="/workdir/hadoop-ozone/integration-test/target/test-classes"/>
    <property name="java.awt.printerjob" value="sun.print.PSPrinterJob"/>
    <property name="sun.os.patch.level" value="unknown"/>
    <property name="hadoop.tmp.dir" value="/workdir/hadoop-ozone/integration-test/target/tmp"/>
    <property name="java.library.path" value="/usr/lib:/workdir/hadoop-ozone/integration-test/target/native/target/usr/local/lib:/workdir/hadoop-ozone/integration-test/../../hadoop-common-project/hadoop-common/target/native/target/usr/local/lib:/usr/java/packages/lib/amd64:/usr/lib64:/lib64:/lib:/usr/lib"/>
    <property name="java.vm.info" value="mixed mode"/>
    <property name="java.vendor" value="Oracle Corporation"/>
    <property name="java.vm.version" value="25.222-b10"/>
    <property name="java.ext.dirs" value="/usr/lib/jvm/java-1.8.0-openjdk-1.8.0.222.b10-1.el7_7.x86_64/jre/lib/ext:/usr/java/packages/lib/ext"/>
    <property name="sun.io.unicode.encoding" value="UnicodeLittle"/>
    <property name="java.class.version" value="52.0"/>
  </properties>
  <testcase name="testDeleteKeyWithSlowFollower" classname="org.apache.hadoop.ozone.client.rpc.TestDeleteWithSlowFollower" time="112.234">
    <failure type="java.lang.AssertionError">java.lang.AssertionError
	at org.junit.Assert.fail(Assert.java:86)
	at org.junit.Assert.assertTrue(Assert.java:41)
	at org.junit.Assert.assertTrue(Assert.java:52)
	at org.apache.hadoop.ozone.client.rpc.TestDeleteWithSlowFollower.testDeleteKeyWithSlowFollower(TestDeleteWithSlowFollower.java:265)
	at sun.reflect.NativeMethodAccessorImpl.invoke0(Native Method)
	at sun.reflect.NativeMethodAccessorImpl.invoke(NativeMethodAccessorImpl.java:62)
	at sun.reflect.DelegatingMethodAccessorImpl.invoke(DelegatingMethodAccessorImpl.java:43)
	at java.lang.reflect.Method.invoke(Method.java:498)
	at org.junit.runners.model.FrameworkMethod$1.runReflectiveCall(FrameworkMethod.java:47)
	at org.junit.internal.runners.model.ReflectiveCallable.run(ReflectiveCallable.java:12)
	at org.junit.runners.model.FrameworkMethod.invokeExplosively(FrameworkMethod.java:44)
	at org.junit.internal.runners.statements.InvokeMethod.evaluate(InvokeMethod.java:17)
	at org.junit.runners.ParentRunner.runLeaf(ParentRunner.java:271)
	at org.junit.runners.BlockJUnit4ClassRunner.runChild(BlockJUnit4ClassRunner.java:70)
	at org.junit.runners.BlockJUnit4ClassRunner.runChild(BlockJUnit4ClassRunner.java:50)
	at org.junit.runners.ParentRunner$3.run(ParentRunner.java:238)
	at org.junit.runners.ParentRunner$1.schedule(ParentRunner.java:63)
	at org.junit.runners.ParentRunner.runChildren(ParentRunner.java:236)
	at org.junit.runners.ParentRunner.access$000(ParentRunner.java:53)
	at org.junit.runners.ParentRunner$2.evaluate(ParentRunner.java:229)
	at org.junit.internal.runners.statements.RunBefores.evaluate(RunBefores.java:26)
	at org.junit.internal.runners.statements.RunAfters.evaluate(RunAfters.java:27)
	at org.junit.runners.ParentRunner.run(ParentRunner.java:309)
	at org.apache.maven.surefire.junit4.JUnit4Provider.execute(JUnit4Provider.java:365)
	at org.apache.maven.surefire.junit4.JUnit4Provider.executeWithRerun(JUnit4Provider.java:273)
	at org.apache.maven.surefire.junit4.JUnit4Provider.executeTestSet(JUnit4Provider.java:238)
	at org.apache.maven.surefire.junit4.JUnit4Provider.invoke(JUnit4Provider.java:159)
	at org.apache.maven.surefire.booter.ForkedBooter.invokeProviderInSameClassLoader(ForkedBooter.java:384)
	at org.apache.maven.surefire.booter.ForkedBooter.runSuitesInProcess(ForkedBooter.java:345)
	at org.apache.maven.surefire.booter.ForkedBooter.execute(ForkedBooter.java:126)
	at org.apache.maven.surefire.booter.ForkedBooter.main(ForkedBooter.java:418)
</failure>
    <system-out><![CDATA[2019-10-18 07:09:04,969 [main] WARN  server.ServerUtils (ServerUtils.java:getScmDbDir(145)) - ozone.scm.db.dirs is not configured. We recommend adding this setting. Falling back to ozone.metadata.dirs instead.
2019-10-18 07:09:05,099 [main] WARN  server.ServerUtils (ServerUtils.java:getScmDbDir(145)) - ozone.scm.db.dirs is not configured. We recommend adding this setting. Falling back to ozone.metadata.dirs instead.
2019-10-18 07:09:05,102 [main] WARN  server.ServerUtils (ServerUtils.java:getScmDbDir(145)) - ozone.scm.db.dirs is not configured. We recommend adding this setting. Falling back to ozone.metadata.dirs instead.
2019-10-18 07:09:05,130 [main] INFO  util.log (Log.java:initialized(192)) - Logging initialized @843ms
2019-10-18 07:09:05,245 [main] INFO  db.DBStoreBuilder (DBStoreBuilder.java:addTable(117)) - using custom profile for table: deletedBlocks
2019-10-18 07:09:05,245 [main] INFO  db.DBStoreBuilder (DBStoreBuilder.java:processTables(168)) - Using default column profile:DBProfile.DISK for Table:deletedBlocks
2019-10-18 07:09:05,246 [main] INFO  db.DBStoreBuilder (DBStoreBuilder.java:addTable(117)) - using custom profile for table: validCerts
2019-10-18 07:09:05,246 [main] INFO  db.DBStoreBuilder (DBStoreBuilder.java:processTables(168)) - Using default column profile:DBProfile.DISK for Table:validCerts
2019-10-18 07:09:05,247 [main] INFO  db.DBStoreBuilder (DBStoreBuilder.java:addTable(117)) - using custom profile for table: revokedCerts
2019-10-18 07:09:05,247 [main] INFO  db.DBStoreBuilder (DBStoreBuilder.java:processTables(168)) - Using default column profile:DBProfile.DISK for Table:revokedCerts
2019-10-18 07:09:05,260 [main] INFO  db.DBStoreBuilder (DBStoreBuilder.java:addTable(117)) - using custom profile for table: default
2019-10-18 07:09:05,260 [main] INFO  db.DBStoreBuilder (DBStoreBuilder.java:processTables(174)) - Using default column profile:DBProfile.DISK for Table:default
2019-10-18 07:09:05,261 [main] INFO  db.DBStoreBuilder (DBStoreBuilder.java:getDbProfile(205)) - Using default options. DBProfile.DISK
2019-10-18 07:09:05,634 [main] INFO  net.NodeSchemaLoader (NodeSchemaLoader.java:loadSchemaFromFile(125)) - Loading file from sun.misc.CompoundEnumeration@74235045
2019-10-18 07:09:05,637 [main] INFO  net.NodeSchemaLoader (NodeSchemaLoader.java:loadSchema(171)) - Loading network topology layer schema file
2019-10-18 07:09:05,709 [main] WARN  server.ServerUtils (ServerUtils.java:sanitizeUserArgs(70)) - ozone.scm.stale.node.interval value = 1000000 is larger than max = 100000 based on the key value of ozone.scm.heartbeat.thread.interval, reset to the max value 100000.
2019-10-18 07:09:05,711 [main] WARN  server.ServerUtils (ServerUtils.java:sanitizeUserArgs(70)) - ozone.scm.stale.node.interval value = 1000000 is larger than max = 100000 based on the key value of ozone.scm.heartbeat.thread.interval, reset to the max value 100000.
2019-10-18 07:09:05,714 [main] INFO  node.SCMNodeManager (SCMNodeManager.java:<init>(116)) - Entering startup safe mode.
2019-10-18 07:09:05,774 [main] INFO  algorithms.ContainerPlacementPolicyFactory (ContainerPlacementPolicyFactory.java:getPolicy(57)) - Create container placement policy of type org.apache.hadoop.hdds.scm.container.placement.algorithms.SCMContainerPlacementRandom
2019-10-18 07:09:05,786 [main] WARN  server.ServerUtils (ServerUtils.java:getScmDbDir(145)) - ozone.scm.db.dirs is not configured. We recommend adding this setting. Falling back to ozone.metadata.dirs instead.
2019-10-18 07:09:05,888 [main] INFO  pipeline.SCMPipelineManager (SCMPipelineManager.java:initializePipelineState(132)) - No pipeline exists in current db
2019-10-18 07:09:05,890 [main] WARN  server.ServerUtils (ServerUtils.java:getScmDbDir(145)) - ozone.scm.db.dirs is not configured. We recommend adding this setting. Falling back to ozone.metadata.dirs instead.
2019-10-18 07:09:06,072 [main] WARN  events.EventQueue (EventQueue.java:fireEvent(183)) - No event handler registered for event TypedEvent{payloadType=SafeModeStatus, name='SafeModeStatus'}
2019-10-18 07:09:06,446 [main] INFO  ipc.CallQueueManager (CallQueueManager.java:<init>(84)) - Using callQueue: class java.util.concurrent.LinkedBlockingQueue, queueCapacity: 2000, scheduler: class org.apache.hadoop.ipc.DefaultRpcScheduler, ipcBackoff: false.
2019-10-18 07:09:06,563 [Socket Reader #1 for port 39026] INFO  ipc.Server (Server.java:run(1074)) - Starting Socket Reader #1 for port 39026
2019-10-18 07:09:06,601 [main] INFO  ipc.CallQueueManager (CallQueueManager.java:<init>(84)) - Using callQueue: class java.util.concurrent.LinkedBlockingQueue, queueCapacity: 2000, scheduler: class org.apache.hadoop.ipc.DefaultRpcScheduler, ipcBackoff: false.
2019-10-18 07:09:06,602 [Socket Reader #1 for port 34433] INFO  ipc.Server (Server.java:run(1074)) - Starting Socket Reader #1 for port 34433
2019-10-18 07:09:06,612 [main] INFO  ipc.CallQueueManager (CallQueueManager.java:<init>(84)) - Using callQueue: class java.util.concurrent.LinkedBlockingQueue, queueCapacity: 2000, scheduler: class org.apache.hadoop.ipc.DefaultRpcScheduler, ipcBackoff: false.
2019-10-18 07:09:06,613 [Socket Reader #1 for port 46662] INFO  ipc.Server (Server.java:run(1074)) - Starting Socket Reader #1 for port 46662
2019-10-18 07:09:06,638 [main] INFO  hdfs.DFSUtil (DFSUtil.java:httpServerTemplateForNNAndJN(1641)) - Starting Web-server for scm at: http://0.0.0.0:0
2019-10-18 07:09:06,777 [main] INFO  server.AuthenticationFilter (AuthenticationFilter.java:constructSecretProvider(240)) - Unable to initialize FileSignerSecretProvider, falling back to use random secrets.
2019-10-18 07:09:06,785 [main] WARN  http.HttpRequestLog (HttpRequestLog.java:getRequestLog(97)) - Jetty request log can only be enabled using Log4j
2019-10-18 07:09:06,793 [main] INFO  http.HttpServer2 (HttpServer2.java:addGlobalFilter(975)) - Added global filter 'safety' (class=org.apache.hadoop.http.HttpServer2$QuotingInputFilter)
2019-10-18 07:09:06,795 [main] INFO  http.HttpServer2 (HttpServer2.java:addFilter(948)) - Added filter static_user_filter (class=org.apache.hadoop.http.lib.StaticUserWebFilter$StaticUserFilter) to context scm
2019-10-18 07:09:06,795 [main] INFO  http.HttpServer2 (HttpServer2.java:addFilter(958)) - Added filter static_user_filter (class=org.apache.hadoop.http.lib.StaticUserWebFilter$StaticUserFilter) to context logs
2019-10-18 07:09:06,796 [main] INFO  http.HttpServer2 (HttpServer2.java:addFilter(958)) - Added filter static_user_filter (class=org.apache.hadoop.http.lib.StaticUserWebFilter$StaticUserFilter) to context static
2019-10-18 07:09:06,827 [main] INFO  server.StorageContainerManager (StorageContainerManager.java:start(772)) - StorageContainerLocationProtocol RPC server is listening at /0.0.0.0:46662
2019-10-18 07:09:06,890 [main] WARN  impl.MetricsConfig (MetricsConfig.java:loadFirst(134)) - Cannot locate configuration: tried hadoop-metrics2-storagecontainermanager.properties,hadoop-metrics2.properties
2019-10-18 07:09:06,905 [main] INFO  impl.MetricsSystemImpl (MetricsSystemImpl.java:startTimer(374)) - Scheduled Metric snapshot period at 10 second(s).
2019-10-18 07:09:06,905 [main] INFO  impl.MetricsSystemImpl (MetricsSystemImpl.java:start(191)) - StorageContainerManager metrics system started
2019-10-18 07:09:07,162 [main] INFO  server.SCMClientProtocolServer (SCMClientProtocolServer.java:start(159)) - RPC server for Client  is listening at /0.0.0.0:46662
2019-10-18 07:09:07,163 [IPC Server Responder] INFO  ipc.Server (Server.java:run(1314)) - IPC Server Responder: starting
2019-10-18 07:09:07,163 [IPC Server listener on 46662] INFO  ipc.Server (Server.java:run(1153)) - IPC Server listener on 46662: starting
2019-10-18 07:09:07,166 [main] INFO  server.StorageContainerManager (StorageContainerManager.java:start(782)) - ScmBlockLocationProtocol RPC server is listening at /0.0.0.0:34433
2019-10-18 07:09:07,167 [main] INFO  server.SCMBlockProtocolServer (SCMBlockProtocolServer.java:start(146)) - RPC server for Block Protocol is listening at /0.0.0.0:34433
2019-10-18 07:09:07,168 [IPC Server Responder] INFO  ipc.Server (Server.java:run(1314)) - IPC Server Responder: starting
2019-10-18 07:09:07,168 [IPC Server listener on 34433] INFO  ipc.Server (Server.java:run(1153)) - IPC Server listener on 34433: starting
2019-10-18 07:09:07,170 [main] INFO  server.StorageContainerManager (StorageContainerManager.java:start(786)) - ScmDatanodeProtocl RPC server is listening at /0.0.0.0:39026
2019-10-18 07:09:07,170 [main] INFO  server.SCMDatanodeProtocolServer (SCMDatanodeProtocolServer.java:start(169)) - RPC server for DataNodes is listening at /0.0.0.0:39026
2019-10-18 07:09:07,171 [IPC Server Responder] INFO  ipc.Server (Server.java:run(1314)) - IPC Server Responder: starting
2019-10-18 07:09:07,171 [IPC Server listener on 39026] INFO  ipc.Server (Server.java:run(1153)) - IPC Server listener on 39026: starting
2019-10-18 07:09:07,175 [main] INFO  http.HttpServer2 (HttpServer2.java:bindListener(1191)) - Jetty bound to port 44282
2019-10-18 07:09:07,178 [main] INFO  server.Server (Server.java:doStart(351)) - jetty-9.3.25.v20180904, build timestamp: 2018-09-04T21:11:46Z, git hash: 3ce520221d0240229c862b122d2b06c12a625732
2019-10-18 07:09:07,229 [main] INFO  handler.ContextHandler (ContextHandler.java:doStart(781)) - Started o.e.j.s.ServletContextHandler@42f8285e{/logs,file:///workdir/hadoop-ozone/integration-test/target/log,AVAILABLE}
2019-10-18 07:09:07,230 [main] INFO  handler.ContextHandler (ContextHandler.java:doStart(781)) - Started o.e.j.s.ServletContextHandler@3724af13{/static,file:///workdir/hadoop-ozone/integration-test/target/test-classes/webapps/static,AVAILABLE}
2019-10-18 07:09:07,269 [main] INFO  handler.ContextHandler (ContextHandler.java:doStart(781)) - Started o.e.j.w.WebAppContext@24a1c17f{/,file:///workdir/hadoop-ozone/integration-test/target/test-classes/webapps/scm/,AVAILABLE}{/scm}
2019-10-18 07:09:07,275 [main] INFO  server.AbstractConnector (AbstractConnector.java:doStart(278)) - Started ServerConnector@4d63b624{HTTP/1.1,[http/1.1]}{0.0.0.0:44282}
2019-10-18 07:09:07,275 [main] INFO  server.Server (Server.java:doStart(419)) - Started @2989ms
2019-10-18 07:09:07,278 [main] INFO  impl.MetricsSinkAdapter (MetricsSinkAdapter.java:start(204)) - Sink prometheus started
2019-10-18 07:09:07,278 [main] INFO  impl.MetricsSystemImpl (MetricsSystemImpl.java:registerSink(301)) - Registered sink prometheus
2019-10-18 07:09:07,279 [main] INFO  server.BaseHttpServer (BaseHttpServer.java:updateConnectorAddress(215)) - HTTP server of SCM is listening at http://0.0.0.0:44282
2019-10-18 07:09:07,284 [org.apache.hadoop.util.JvmPauseMonitor$Monitor@4b629f13] INFO  util.JvmPauseMonitor (JvmPauseMonitor.java:run(188)) - Starting JVM pause monitor
2019-10-18 07:09:07,287 [main] WARN  server.ServerUtils (ServerUtils.java:getDBPath(222)) - ozone.om.db.dirs is not configured. We recommend adding this setting. Falling back to ozone.metadata.dirs instead.
2019-10-18 07:09:07,439 [main] INFO  ha.OMHANodeDetails (OMHANodeDetails.java:loadOMHAConfig(190)) - Configuration either no ozone.om.address set. Falling back to the default OM address /127.0.0.1:0
2019-10-18 07:09:07,439 [main] INFO  ha.OMHANodeDetails (OMHANodeDetails.java:getOMNodeDetails(220)) - OM Service ID is not set. Setting it to the default ID: omServiceIdDefault
2019-10-18 07:09:07,441 [main] WARN  server.ServerUtils (ServerUtils.java:getDBPath(222)) - ozone.om.db.dirs is not configured. We recommend adding this setting. Falling back to ozone.metadata.dirs instead.
2019-10-18 07:09:07,442 [main] WARN  server.ServerUtils (ServerUtils.java:getDBPath(222)) - ozone.om.db.dirs is not configured. We recommend adding this setting. Falling back to ozone.metadata.dirs instead.
2019-10-18 07:09:08,097 [main] WARN  server.ServerUtils (ServerUtils.java:getDBPath(222)) - ozone.om.db.dirs is not configured. We recommend adding this setting. Falling back to ozone.metadata.dirs instead.
2019-10-18 07:09:08,109 [main] INFO  db.DBStoreBuilder (DBStoreBuilder.java:addTable(117)) - using custom profile for table: userTable
2019-10-18 07:09:08,109 [main] INFO  db.DBStoreBuilder (DBStoreBuilder.java:processTables(168)) - Using default column profile:DBProfile.DISK for Table:userTable
2019-10-18 07:09:08,110 [main] INFO  db.DBStoreBuilder (DBStoreBuilder.java:addTable(117)) - using custom profile for table: volumeTable
2019-10-18 07:09:08,110 [main] INFO  db.DBStoreBuilder (DBStoreBuilder.java:processTables(168)) - Using default column profile:DBProfile.DISK for Table:volumeTable
2019-10-18 07:09:08,110 [main] INFO  db.DBStoreBuilder (DBStoreBuilder.java:addTable(117)) - using custom profile for table: bucketTable
2019-10-18 07:09:08,111 [main] INFO  db.DBStoreBuilder (DBStoreBuilder.java:processTables(168)) - Using default column profile:DBProfile.DISK for Table:bucketTable
2019-10-18 07:09:08,111 [main] INFO  db.DBStoreBuilder (DBStoreBuilder.java:addTable(117)) - using custom profile for table: keyTable
2019-10-18 07:09:08,111 [main] INFO  db.DBStoreBuilder (DBStoreBuilder.java:processTables(168)) - Using default column profile:DBProfile.DISK for Table:keyTable
2019-10-18 07:09:08,112 [main] INFO  db.DBStoreBuilder (DBStoreBuilder.java:addTable(117)) - using custom profile for table: deletedTable
2019-10-18 07:09:08,112 [main] INFO  db.DBStoreBuilder (DBStoreBuilder.java:processTables(168)) - Using default column profile:DBProfile.DISK for Table:deletedTable
2019-10-18 07:09:08,112 [main] INFO  db.DBStoreBuilder (DBStoreBuilder.java:addTable(117)) - using custom profile for table: openKeyTable
2019-10-18 07:09:08,113 [main] INFO  db.DBStoreBuilder (DBStoreBuilder.java:processTables(168)) - Using default column profile:DBProfile.DISK for Table:openKeyTable
2019-10-18 07:09:08,113 [main] INFO  db.DBStoreBuilder (DBStoreBuilder.java:addTable(117)) - using custom profile for table: s3Table
2019-10-18 07:09:08,113 [main] INFO  db.DBStoreBuilder (DBStoreBuilder.java:processTables(168)) - Using default column profile:DBProfile.DISK for Table:s3Table
2019-10-18 07:09:08,114 [main] INFO  db.DBStoreBuilder (DBStoreBuilder.java:addTable(117)) - using custom profile for table: multipartInfoTable
2019-10-18 07:09:08,114 [main] INFO  db.DBStoreBuilder (DBStoreBuilder.java:processTables(168)) - Using default column profile:DBProfile.DISK for Table:multipartInfoTable
2019-10-18 07:09:08,114 [main] INFO  db.DBStoreBuilder (DBStoreBuilder.java:addTable(117)) - using custom profile for table: dTokenTable
2019-10-18 07:09:08,115 [main] INFO  db.DBStoreBuilder (DBStoreBuilder.java:processTables(168)) - Using default column profile:DBProfile.DISK for Table:dTokenTable
2019-10-18 07:09:08,115 [main] INFO  db.DBStoreBuilder (DBStoreBuilder.java:addTable(117)) - using custom profile for table: s3SecretTable
2019-10-18 07:09:08,115 [main] INFO  db.DBStoreBuilder (DBStoreBuilder.java:processTables(168)) - Using default column profile:DBProfile.DISK for Table:s3SecretTable
2019-10-18 07:09:08,116 [main] INFO  db.DBStoreBuilder (DBStoreBuilder.java:addTable(117)) - using custom profile for table: prefixTable
2019-10-18 07:09:08,116 [main] INFO  db.DBStoreBuilder (DBStoreBuilder.java:processTables(168)) - Using default column profile:DBProfile.DISK for Table:prefixTable
2019-10-18 07:09:08,116 [main] INFO  db.DBStoreBuilder (DBStoreBuilder.java:addTable(117)) - using custom profile for table: default
2019-10-18 07:09:08,117 [main] INFO  db.DBStoreBuilder (DBStoreBuilder.java:processTables(174)) - Using default column profile:DBProfile.DISK for Table:default
2019-10-18 07:09:08,117 [main] INFO  db.DBStoreBuilder (DBStoreBuilder.java:getDbProfile(205)) - Using default options. DBProfile.DISK
2019-10-18 07:09:08,798 [main] INFO  ipc.CallQueueManager (CallQueueManager.java:<init>(84)) - Using callQueue: class java.util.concurrent.LinkedBlockingQueue, queueCapacity: 2000, scheduler: class org.apache.hadoop.ipc.DefaultRpcScheduler, ipcBackoff: false.
2019-10-18 07:09:08,799 [Socket Reader #1 for port 40273] INFO  ipc.Server (Server.java:run(1074)) - Starting Socket Reader #1 for port 40273
2019-10-18 07:09:08,820 [main] INFO  om.OzoneManager (OzoneManager.java:start(1071)) - OzoneManager RPC server is listening at localhost/127.0.0.1:40273
2019-10-18 07:09:08,821 [main] INFO  impl.MetricsSystemImpl (MetricsSystemImpl.java:init(158)) - OzoneManager metrics system started (again)
2019-10-18 07:09:08,829 [IPC Server Responder] INFO  ipc.Server (Server.java:run(1314)) - IPC Server Responder: starting
2019-10-18 07:09:08,829 [IPC Server listener on 40273] INFO  ipc.Server (Server.java:run(1153)) - IPC Server listener on 40273: starting
2019-10-18 07:09:08,836 [main] INFO  hdfs.DFSUtil (DFSUtil.java:httpServerTemplateForNNAndJN(1641)) - Starting Web-server for ozoneManager at: http://0.0.0.0:0
2019-10-18 07:09:08,838 [main] INFO  server.AuthenticationFilter (AuthenticationFilter.java:constructSecretProvider(240)) - Unable to initialize FileSignerSecretProvider, falling back to use random secrets.
2019-10-18 07:09:08,839 [main] WARN  http.HttpRequestLog (HttpRequestLog.java:getRequestLog(97)) - Jetty request log can only be enabled using Log4j
2019-10-18 07:09:08,841 [main] INFO  http.HttpServer2 (HttpServer2.java:addGlobalFilter(975)) - Added global filter 'safety' (class=org.apache.hadoop.http.HttpServer2$QuotingInputFilter)
2019-10-18 07:09:08,841 [main] INFO  http.HttpServer2 (HttpServer2.java:addFilter(948)) - Added filter static_user_filter (class=org.apache.hadoop.http.lib.StaticUserWebFilter$StaticUserFilter) to context ozoneManager
2019-10-18 07:09:08,842 [main] INFO  http.HttpServer2 (HttpServer2.java:addFilter(958)) - Added filter static_user_filter (class=org.apache.hadoop.http.lib.StaticUserWebFilter$StaticUserFilter) to context static
2019-10-18 07:09:08,842 [main] INFO  http.HttpServer2 (HttpServer2.java:addFilter(958)) - Added filter static_user_filter (class=org.apache.hadoop.http.lib.StaticUserWebFilter$StaticUserFilter) to context logs
2019-10-18 07:09:08,844 [main] INFO  http.HttpServer2 (HttpServer2.java:bindListener(1191)) - Jetty bound to port 45535
2019-10-18 07:09:08,844 [main] INFO  server.Server (Server.java:doStart(351)) - jetty-9.3.25.v20180904, build timestamp: 2018-09-04T21:11:46Z, git hash: 3ce520221d0240229c862b122d2b06c12a625732
2019-10-18 07:09:08,846 [main] INFO  handler.ContextHandler (ContextHandler.java:doStart(781)) - Started o.e.j.s.ServletContextHandler@aa10649{/logs,file:///workdir/hadoop-ozone/integration-test/target/log,AVAILABLE}
2019-10-18 07:09:08,847 [main] INFO  handler.ContextHandler (ContextHandler.java:doStart(781)) - Started o.e.j.s.ServletContextHandler@37095ded{/static,file:///workdir/hadoop-ozone/integration-test/target/test-classes/webapps/static,AVAILABLE}
2019-10-18 07:09:08,852 [main] INFO  handler.ContextHandler (ContextHandler.java:doStart(781)) - Started o.e.j.w.WebAppContext@75b3673{/,file:///workdir/hadoop-ozone/integration-test/target/test-classes/webapps/ozoneManager/,AVAILABLE}{/ozoneManager}
2019-10-18 07:09:08,853 [main] INFO  server.AbstractConnector (AbstractConnector.java:doStart(278)) - Started ServerConnector@1bcb79c2{HTTP/1.1,[http/1.1]}{0.0.0.0:45535}
2019-10-18 07:09:08,853 [main] INFO  server.Server (Server.java:doStart(419)) - Started @4566ms
2019-10-18 07:09:08,853 [main] WARN  impl.MetricsSystemImpl (MetricsSystemImpl.java:register(276)) - Sink prometheus already exists!
2019-10-18 07:09:08,855 [main] INFO  server.BaseHttpServer (BaseHttpServer.java:updateConnectorAddress(215)) - HTTP server of OZONEMANAGER is listening at http://0.0.0.0:45535
2019-10-18 07:09:09,144 [main] INFO  impl.MetricsSystemImpl (MetricsSystemImpl.java:init(158)) - HddsDatanode metrics system started (again)
2019-10-18 07:09:09,193 [main] INFO  ozone.HddsDatanodeService (HddsDatanodeService.java:start(184)) - HddsDatanodeService host:pr-hdds-1868-wx8dl-4219780377 ip:192.168.69.67
2019-10-18 07:09:09,224 [main] INFO  volume.HddsVolume (HddsVolume.java:<init>(176)) - Creating Volume: /workdir/hadoop-ozone/integration-test/target/test-dir/MiniOzoneClusterImpl-f89c2c08-6094-404b-a270-7fb2417667b2/datanode-0/data/containers/hdds of  storage type : DISK and capacity : 1482555576320
2019-10-18 07:09:09,226 [main] INFO  volume.VolumeSet (VolumeSet.java:initializeVolumeSet(170)) - Added Volume : /workdir/hadoop-ozone/integration-test/target/test-dir/MiniOzoneClusterImpl-f89c2c08-6094-404b-a270-7fb2417667b2/datanode-0/data/containers/hdds to VolumeSet
2019-10-18 07:09:09,228 [main] INFO  volume.ThrottledAsyncChecker (ThrottledAsyncChecker.java:schedule(141)) - Scheduling a check for /workdir/hadoop-ozone/integration-test/target/test-dir/MiniOzoneClusterImpl-f89c2c08-6094-404b-a270-7fb2417667b2/datanode-0/data/containers/hdds
2019-10-18 07:09:09,244 [main] INFO  volume.HddsVolumeChecker (HddsVolumeChecker.java:checkAllVolumes(204)) - Scheduled health check for volume /workdir/hadoop-ozone/integration-test/target/test-dir/MiniOzoneClusterImpl-f89c2c08-6094-404b-a270-7fb2417667b2/datanode-0/data/containers/hdds
2019-10-18 07:09:09,348 [main] INFO  impl.RaftServerProxy (ConfUtils.java:logGet(43)) - raft.rpc.type = GRPC (default)
2019-10-18 07:09:09,415 [main] INFO  grpc.GrpcFactory (GrpcFactory.java:checkPooledByteBufAllocatorUseCacheForAllThreads(45)) - PERFORMANCE WARNING: useCacheForAllThreads is true that may cause Netty to create a lot garbage objects and, as a result, trigger GC.
	It is recommended to disable useCacheForAllThreads by setting -Dorg.apache.ratis.thirdparty.io.netty.allocator.useCacheForAllThreads=false in command line.
2019-10-18 07:09:09,419 [main] INFO  grpc.GrpcConfigKeys$Server (ConfUtils.java:logGet(43)) - raft.grpc.server.port = 0 (default)
2019-10-18 07:09:09,420 [main] INFO  server.GrpcService (ConfUtils.java:logGet(43)) - raft.grpc.message.size.max = 33570816 (custom)
2019-10-18 07:09:09,422 [main] INFO  server.RaftServerConfigKeys (ConfUtils.java:logGet(43)) - raft.server.log.appender.buffer.byte-limit = 33554432 (custom)
2019-10-18 07:09:09,422 [main] INFO  server.GrpcService (ConfUtils.java:logGet(43)) - raft.grpc.flow.control.window = 1MB (=1048576) (default)
2019-10-18 07:09:09,423 [main] INFO  server.RaftServerConfigKeys (ConfUtils.java:logGet(43)) - raft.server.rpc.request.timeout = 3000ms (default)
2019-10-18 07:09:09,570 [main] INFO  server.RaftServerConfigKeys (ConfUtils.java:logGet(43)) - raft.server.storage.dir = [/workdir/hadoop-ozone/integration-test/target/test-dir/MiniOzoneClusterImpl-f89c2c08-6094-404b-a270-7fb2417667b2/datanode-0/data/ratis] (custom)
2019-10-18 07:09:09,617 [main] INFO  hdfs.DFSUtil (DFSUtil.java:httpServerTemplateForNNAndJN(1641)) - Starting Web-server for hddsDatanode at: http://0.0.0.0:0
2019-10-18 07:09:09,619 [main] INFO  server.AuthenticationFilter (AuthenticationFilter.java:constructSecretProvider(240)) - Unable to initialize FileSignerSecretProvider, falling back to use random secrets.
2019-10-18 07:09:09,620 [main] WARN  http.HttpRequestLog (HttpRequestLog.java:getRequestLog(97)) - Jetty request log can only be enabled using Log4j
2019-10-18 07:09:09,622 [main] INFO  http.HttpServer2 (HttpServer2.java:addGlobalFilter(975)) - Added global filter 'safety' (class=org.apache.hadoop.http.HttpServer2$QuotingInputFilter)
2019-10-18 07:09:09,623 [main] INFO  http.HttpServer2 (HttpServer2.java:addFilter(948)) - Added filter static_user_filter (class=org.apache.hadoop.http.lib.StaticUserWebFilter$StaticUserFilter) to context hddsDatanode
2019-10-18 07:09:09,623 [main] INFO  http.HttpServer2 (HttpServer2.java:addFilter(958)) - Added filter static_user_filter (class=org.apache.hadoop.http.lib.StaticUserWebFilter$StaticUserFilter) to context logs
2019-10-18 07:09:09,623 [main] INFO  http.HttpServer2 (HttpServer2.java:addFilter(958)) - Added filter static_user_filter (class=org.apache.hadoop.http.lib.StaticUserWebFilter$StaticUserFilter) to context static
2019-10-18 07:09:09,625 [main] INFO  http.HttpServer2 (HttpServer2.java:bindListener(1191)) - Jetty bound to port 44143
2019-10-18 07:09:09,625 [main] INFO  server.Server (Server.java:doStart(351)) - jetty-9.3.25.v20180904, build timestamp: 2018-09-04T21:11:46Z, git hash: 3ce520221d0240229c862b122d2b06c12a625732
2019-10-18 07:09:09,628 [main] INFO  handler.ContextHandler (ContextHandler.java:doStart(781)) - Started o.e.j.s.ServletContextHandler@60cf62ad{/logs,file:///workdir/hadoop-ozone/integration-test/target/log,AVAILABLE}
2019-10-18 07:09:09,629 [main] INFO  handler.ContextHandler (ContextHandler.java:doStart(781)) - Started o.e.j.s.ServletContextHandler@1ac4ccad{/static,jar:file:/home/user/.m2/repository/org/apache/hadoop/hadoop-hdds-container-service/0.5.0-SNAPSHOT/hadoop-hdds-container-service-0.5.0-SNAPSHOT.jar!/webapps/static,AVAILABLE}
2019-10-18 07:09:09,672 [main] INFO  handler.ContextHandler (ContextHandler.java:doStart(781)) - Started o.e.j.w.WebAppContext@de8039f{/,file:///tmp/jetty-0.0.0.0-44143-hddsDatanode-_-any-626668677071015953.dir/webapp/,AVAILABLE}{/hddsDatanode}
2019-10-18 07:09:09,672 [main] INFO  server.AbstractConnector (AbstractConnector.java:doStart(278)) - Started ServerConnector@1deceb67{HTTP/1.1,[http/1.1]}{0.0.0.0:44143}
2019-10-18 07:09:09,673 [main] INFO  server.Server (Server.java:doStart(419)) - Started @5387ms
2019-10-18 07:09:09,675 [main] WARN  impl.MetricsSystemImpl (MetricsSystemImpl.java:register(276)) - Sink prometheus already exists!
2019-10-18 07:09:09,676 [main] INFO  server.BaseHttpServer (BaseHttpServer.java:updateConnectorAddress(215)) - HTTP server of HDDSDATANODE is listening at http://0.0.0.0:44143
2019-10-18 07:09:09,677 [main] INFO  impl.MetricsSystemImpl (MetricsSystemImpl.java:init(158)) - HddsDatanode metrics system started (again)
2019-10-18 07:09:09,680 [main] INFO  ozone.HddsDatanodeService (HddsDatanodeService.java:start(184)) - HddsDatanodeService host:pr-hdds-1868-wx8dl-4219780377 ip:192.168.69.67
2019-10-18 07:09:09,683 [org.apache.hadoop.util.JvmPauseMonitor$Monitor@4a9107a8] INFO  util.JvmPauseMonitor (JvmPauseMonitor.java:run(188)) - Starting JVM pause monitor
2019-10-18 07:09:09,691 [main] INFO  volume.HddsVolume (HddsVolume.java:<init>(176)) - Creating Volume: /workdir/hadoop-ozone/integration-test/target/test-dir/MiniOzoneClusterImpl-f89c2c08-6094-404b-a270-7fb2417667b2/datanode-1/data/containers/hdds of  storage type : DISK and capacity : 1482555576320
2019-10-18 07:09:09,692 [main] INFO  volume.VolumeSet (VolumeSet.java:initializeVolumeSet(170)) - Added Volume : /workdir/hadoop-ozone/integration-test/target/test-dir/MiniOzoneClusterImpl-f89c2c08-6094-404b-a270-7fb2417667b2/datanode-1/data/containers/hdds to VolumeSet
2019-10-18 07:09:09,692 [main] INFO  volume.ThrottledAsyncChecker (ThrottledAsyncChecker.java:schedule(141)) - Scheduling a check for /workdir/hadoop-ozone/integration-test/target/test-dir/MiniOzoneClusterImpl-f89c2c08-6094-404b-a270-7fb2417667b2/datanode-1/data/containers/hdds
2019-10-18 07:09:09,692 [main] INFO  volume.HddsVolumeChecker (HddsVolumeChecker.java:checkAllVolumes(204)) - Scheduled health check for volume /workdir/hadoop-ozone/integration-test/target/test-dir/MiniOzoneClusterImpl-f89c2c08-6094-404b-a270-7fb2417667b2/datanode-1/data/containers/hdds
2019-10-18 07:09:09,706 [main] INFO  impl.RaftServerProxy (ConfUtils.java:logGet(43)) - raft.rpc.type = GRPC (default)
2019-10-18 07:09:09,706 [main] INFO  grpc.GrpcFactory (GrpcFactory.java:checkPooledByteBufAllocatorUseCacheForAllThreads(45)) - PERFORMANCE WARNING: useCacheForAllThreads is true that may cause Netty to create a lot garbage objects and, as a result, trigger GC.
	It is recommended to disable useCacheForAllThreads by setting -Dorg.apache.ratis.thirdparty.io.netty.allocator.useCacheForAllThreads=false in command line.
2019-10-18 07:09:09,706 [main] INFO  grpc.GrpcConfigKeys$Server (ConfUtils.java:logGet(43)) - raft.grpc.server.port = 0 (default)
2019-10-18 07:09:09,707 [main] INFO  server.GrpcService (ConfUtils.java:logGet(43)) - raft.grpc.message.size.max = 33570816 (custom)
2019-10-18 07:09:09,707 [main] INFO  server.RaftServerConfigKeys (ConfUtils.java:logGet(43)) - raft.server.log.appender.buffer.byte-limit = 33554432 (custom)
2019-10-18 07:09:09,707 [main] INFO  server.GrpcService (ConfUtils.java:logGet(43)) - raft.grpc.flow.control.window = 1MB (=1048576) (default)
2019-10-18 07:09:09,707 [main] INFO  server.RaftServerConfigKeys (ConfUtils.java:logGet(43)) - raft.server.rpc.request.timeout = 3000ms (default)
2019-10-18 07:09:09,708 [main] INFO  server.RaftServerConfigKeys (ConfUtils.java:logGet(43)) - raft.server.storage.dir = [/workdir/hadoop-ozone/integration-test/target/test-dir/MiniOzoneClusterImpl-f89c2c08-6094-404b-a270-7fb2417667b2/datanode-1/data/ratis] (custom)
2019-10-18 07:09:09,709 [main] INFO  hdfs.DFSUtil (DFSUtil.java:httpServerTemplateForNNAndJN(1641)) - Starting Web-server for hddsDatanode at: http://0.0.0.0:0
2019-10-18 07:09:09,711 [main] INFO  server.AuthenticationFilter (AuthenticationFilter.java:constructSecretProvider(240)) - Unable to initialize FileSignerSecretProvider, falling back to use random secrets.
2019-10-18 07:09:09,712 [main] WARN  http.HttpRequestLog (HttpRequestLog.java:getRequestLog(97)) - Jetty request log can only be enabled using Log4j
2019-10-18 07:09:09,713 [main] INFO  http.HttpServer2 (HttpServer2.java:addGlobalFilter(975)) - Added global filter 'safety' (class=org.apache.hadoop.http.HttpServer2$QuotingInputFilter)
2019-10-18 07:09:09,714 [main] INFO  http.HttpServer2 (HttpServer2.java:addFilter(948)) - Added filter static_user_filter (class=org.apache.hadoop.http.lib.StaticUserWebFilter$StaticUserFilter) to context hddsDatanode
2019-10-18 07:09:09,714 [main] INFO  http.HttpServer2 (HttpServer2.java:addFilter(958)) - Added filter static_user_filter (class=org.apache.hadoop.http.lib.StaticUserWebFilter$StaticUserFilter) to context static
2019-10-18 07:09:09,714 [main] INFO  http.HttpServer2 (HttpServer2.java:addFilter(958)) - Added filter static_user_filter (class=org.apache.hadoop.http.lib.StaticUserWebFilter$StaticUserFilter) to context logs
2019-10-18 07:09:09,715 [main] INFO  http.HttpServer2 (HttpServer2.java:bindListener(1191)) - Jetty bound to port 38822
2019-10-18 07:09:09,715 [main] INFO  server.Server (Server.java:doStart(351)) - jetty-9.3.25.v20180904, build timestamp: 2018-09-04T21:11:46Z, git hash: 3ce520221d0240229c862b122d2b06c12a625732
2019-10-18 07:09:09,718 [main] INFO  handler.ContextHandler (ContextHandler.java:doStart(781)) - Started o.e.j.s.ServletContextHandler@5b3a7ef5{/logs,file:///workdir/hadoop-ozone/integration-test/target/log,AVAILABLE}
2019-10-18 07:09:09,719 [main] INFO  handler.ContextHandler (ContextHandler.java:doStart(781)) - Started o.e.j.s.ServletContextHandler@2d9dff65{/static,jar:file:/home/user/.m2/repository/org/apache/hadoop/hadoop-hdds-container-service/0.5.0-SNAPSHOT/hadoop-hdds-container-service-0.5.0-SNAPSHOT.jar!/webapps/static,AVAILABLE}
2019-10-18 07:09:09,749 [main] INFO  handler.ContextHandler (ContextHandler.java:doStart(781)) - Started o.e.j.w.WebAppContext@1b1f5012{/,file:///tmp/jetty-0.0.0.0-38822-hddsDatanode-_-any-5380770580119749774.dir/webapp/,AVAILABLE}{/hddsDatanode}
2019-10-18 07:09:09,749 [main] INFO  server.AbstractConnector (AbstractConnector.java:doStart(278)) - Started ServerConnector@7add323c{HTTP/1.1,[http/1.1]}{0.0.0.0:38822}
2019-10-18 07:09:09,750 [main] INFO  server.Server (Server.java:doStart(419)) - Started @5464ms
2019-10-18 07:09:09,750 [main] WARN  impl.MetricsSystemImpl (MetricsSystemImpl.java:register(276)) - Sink prometheus already exists!
2019-10-18 07:09:09,752 [main] INFO  server.BaseHttpServer (BaseHttpServer.java:updateConnectorAddress(215)) - HTTP server of HDDSDATANODE is listening at http://0.0.0.0:38822
2019-10-18 07:09:09,752 [main] INFO  impl.MetricsSystemImpl (MetricsSystemImpl.java:init(158)) - HddsDatanode metrics system started (again)
2019-10-18 07:09:09,755 [main] INFO  ozone.HddsDatanodeService (HddsDatanodeService.java:start(184)) - HddsDatanodeService host:pr-hdds-1868-wx8dl-4219780377 ip:192.168.69.67
2019-10-18 07:09:09,755 [org.apache.hadoop.util.JvmPauseMonitor$Monitor@144e8ce9] INFO  util.JvmPauseMonitor (JvmPauseMonitor.java:run(188)) - Starting JVM pause monitor
2019-10-18 07:09:09,765 [main] INFO  volume.HddsVolume (HddsVolume.java:<init>(176)) - Creating Volume: /workdir/hadoop-ozone/integration-test/target/test-dir/MiniOzoneClusterImpl-f89c2c08-6094-404b-a270-7fb2417667b2/datanode-2/data/containers/hdds of  storage type : DISK and capacity : 1482555576320
2019-10-18 07:09:09,765 [main] INFO  volume.VolumeSet (VolumeSet.java:initializeVolumeSet(170)) - Added Volume : /workdir/hadoop-ozone/integration-test/target/test-dir/MiniOzoneClusterImpl-f89c2c08-6094-404b-a270-7fb2417667b2/datanode-2/data/containers/hdds to VolumeSet
2019-10-18 07:09:09,765 [main] INFO  volume.ThrottledAsyncChecker (ThrottledAsyncChecker.java:schedule(141)) - Scheduling a check for /workdir/hadoop-ozone/integration-test/target/test-dir/MiniOzoneClusterImpl-f89c2c08-6094-404b-a270-7fb2417667b2/datanode-2/data/containers/hdds
2019-10-18 07:09:09,766 [main] INFO  volume.HddsVolumeChecker (HddsVolumeChecker.java:checkAllVolumes(204)) - Scheduled health check for volume /workdir/hadoop-ozone/integration-test/target/test-dir/MiniOzoneClusterImpl-f89c2c08-6094-404b-a270-7fb2417667b2/datanode-2/data/containers/hdds
2019-10-18 07:09:09,779 [main] INFO  impl.RaftServerProxy (ConfUtils.java:logGet(43)) - raft.rpc.type = GRPC (default)
2019-10-18 07:09:09,779 [main] INFO  grpc.GrpcFactory (GrpcFactory.java:checkPooledByteBufAllocatorUseCacheForAllThreads(45)) - PERFORMANCE WARNING: useCacheForAllThreads is true that may cause Netty to create a lot garbage objects and, as a result, trigger GC.
	It is recommended to disable useCacheForAllThreads by setting -Dorg.apache.ratis.thirdparty.io.netty.allocator.useCacheForAllThreads=false in command line.
2019-10-18 07:09:09,779 [main] INFO  grpc.GrpcConfigKeys$Server (ConfUtils.java:logGet(43)) - raft.grpc.server.port = 0 (default)
2019-10-18 07:09:09,779 [main] INFO  server.GrpcService (ConfUtils.java:logGet(43)) - raft.grpc.message.size.max = 33570816 (custom)
2019-10-18 07:09:09,779 [main] INFO  server.RaftServerConfigKeys (ConfUtils.java:logGet(43)) - raft.server.log.appender.buffer.byte-limit = 33554432 (custom)
2019-10-18 07:09:09,780 [main] INFO  server.GrpcService (ConfUtils.java:logGet(43)) - raft.grpc.flow.control.window = 1MB (=1048576) (default)
2019-10-18 07:09:09,780 [main] INFO  server.RaftServerConfigKeys (ConfUtils.java:logGet(43)) - raft.server.rpc.request.timeout = 3000ms (default)
2019-10-18 07:09:09,781 [main] INFO  server.RaftServerConfigKeys (ConfUtils.java:logGet(43)) - raft.server.storage.dir = [/workdir/hadoop-ozone/integration-test/target/test-dir/MiniOzoneClusterImpl-f89c2c08-6094-404b-a270-7fb2417667b2/datanode-2/data/ratis] (custom)
2019-10-18 07:09:09,784 [main] INFO  hdfs.DFSUtil (DFSUtil.java:httpServerTemplateForNNAndJN(1641)) - Starting Web-server for hddsDatanode at: http://0.0.0.0:0
2019-10-18 07:09:09,785 [main] INFO  server.AuthenticationFilter (AuthenticationFilter.java:constructSecretProvider(240)) - Unable to initialize FileSignerSecretProvider, falling back to use random secrets.
2019-10-18 07:09:09,786 [main] WARN  http.HttpRequestLog (HttpRequestLog.java:getRequestLog(97)) - Jetty request log can only be enabled using Log4j
2019-10-18 07:09:09,787 [main] INFO  http.HttpServer2 (HttpServer2.java:addGlobalFilter(975)) - Added global filter 'safety' (class=org.apache.hadoop.http.HttpServer2$QuotingInputFilter)
2019-10-18 07:09:09,788 [main] INFO  http.HttpServer2 (HttpServer2.java:addFilter(948)) - Added filter static_user_filter (class=org.apache.hadoop.http.lib.StaticUserWebFilter$StaticUserFilter) to context hddsDatanode
2019-10-18 07:09:09,788 [main] INFO  http.HttpServer2 (HttpServer2.java:addFilter(958)) - Added filter static_user_filter (class=org.apache.hadoop.http.lib.StaticUserWebFilter$StaticUserFilter) to context logs
2019-10-18 07:09:09,788 [main] INFO  http.HttpServer2 (HttpServer2.java:addFilter(958)) - Added filter static_user_filter (class=org.apache.hadoop.http.lib.StaticUserWebFilter$StaticUserFilter) to context static
2019-10-18 07:09:09,789 [main] INFO  http.HttpServer2 (HttpServer2.java:bindListener(1191)) - Jetty bound to port 33017
2019-10-18 07:09:09,789 [main] INFO  server.Server (Server.java:doStart(351)) - jetty-9.3.25.v20180904, build timestamp: 2018-09-04T21:11:46Z, git hash: 3ce520221d0240229c862b122d2b06c12a625732
2019-10-18 07:09:09,791 [main] INFO  handler.ContextHandler (ContextHandler.java:doStart(781)) - Started o.e.j.s.ServletContextHandler@5fa23c{/logs,file:///workdir/hadoop-ozone/integration-test/target/log,AVAILABLE}
2019-10-18 07:09:09,792 [main] INFO  handler.ContextHandler (ContextHandler.java:doStart(781)) - Started o.e.j.s.ServletContextHandler@433348bc{/static,jar:file:/home/user/.m2/repository/org/apache/hadoop/hadoop-hdds-container-service/0.5.0-SNAPSHOT/hadoop-hdds-container-service-0.5.0-SNAPSHOT.jar!/webapps/static,AVAILABLE}
2019-10-18 07:09:09,794 [Datanode State Machine Thread - 0] INFO  datanode.InitDatanodeState (InitDatanodeState.java:persistContainerDatanodeDetails(140)) - DatanodeDetails is persisted to /workdir/hadoop-ozone/integration-test/target/test-dir/MiniOzoneClusterImpl-f89c2c08-6094-404b-a270-7fb2417667b2/datanode-0/meta/datanode.id
2019-10-18 07:09:09,798 [Datanode State Machine Thread - 0] INFO  datanode.InitDatanodeState (InitDatanodeState.java:persistContainerDatanodeDetails(140)) - DatanodeDetails is persisted to /workdir/hadoop-ozone/integration-test/target/test-dir/MiniOzoneClusterImpl-f89c2c08-6094-404b-a270-7fb2417667b2/datanode-1/meta/datanode.id
2019-10-18 07:09:09,824 [main] INFO  handler.ContextHandler (ContextHandler.java:doStart(781)) - Started o.e.j.w.WebAppContext@43e9089{/,file:///tmp/jetty-0.0.0.0-33017-hddsDatanode-_-any-3597999522931018360.dir/webapp/,AVAILABLE}{/hddsDatanode}
2019-10-18 07:09:09,825 [main] INFO  server.AbstractConnector (AbstractConnector.java:doStart(278)) - Started ServerConnector@3c5dbdf8{HTTP/1.1,[http/1.1]}{0.0.0.0:33017}
2019-10-18 07:09:09,826 [main] INFO  server.Server (Server.java:doStart(419)) - Started @5539ms
2019-10-18 07:09:09,826 [main] WARN  impl.MetricsSystemImpl (MetricsSystemImpl.java:register(276)) - Sink prometheus already exists!
2019-10-18 07:09:09,827 [main] INFO  server.BaseHttpServer (BaseHttpServer.java:updateConnectorAddress(215)) - HTTP server of HDDSDATANODE is listening at http://0.0.0.0:33017
2019-10-18 07:09:09,829 [main] INFO  ozone.MiniOzoneClusterImpl (MiniOzoneClusterImpl.java:lambda$waitForClusterToBeReady$2(172)) - Waiting for cluster to be ready. Got 0 of 3 DN Heartbeats.
2019-10-18 07:09:09,830 [org.apache.hadoop.util.JvmPauseMonitor$Monitor@dec1a65] INFO  util.JvmPauseMonitor (JvmPauseMonitor.java:run(188)) - Starting JVM pause monitor
2019-10-18 07:09:09,833 [Datanode State Machine Thread - 0] INFO  datanode.InitDatanodeState (InitDatanodeState.java:persistContainerDatanodeDetails(140)) - DatanodeDetails is persisted to /workdir/hadoop-ozone/integration-test/target/test-dir/MiniOzoneClusterImpl-f89c2c08-6094-404b-a270-7fb2417667b2/datanode-2/meta/datanode.id
2019-10-18 07:09:10,830 [main] INFO  ozone.MiniOzoneClusterImpl (MiniOzoneClusterImpl.java:lambda$waitForClusterToBeReady$2(172)) - Waiting for cluster to be ready. Got 0 of 3 DN Heartbeats.
2019-10-18 07:09:11,765 [Datanode State Machine Thread - 0] INFO  ozoneimpl.OzoneContainer (OzoneContainer.java:start(213)) - Attempting to start container services.
2019-10-18 07:09:11,765 [Datanode State Machine Thread - 0] INFO  ozoneimpl.OzoneContainer (OzoneContainer.java:start(213)) - Attempting to start container services.
2019-10-18 07:09:11,769 [Datanode State Machine Thread - 0] INFO  ozoneimpl.OzoneContainer (OzoneContainer.java:startContainerScrub(177)) - Background container scanner has been disabled.
2019-10-18 07:09:11,769 [Datanode State Machine Thread - 0] INFO  ozoneimpl.OzoneContainer (OzoneContainer.java:startContainerScrub(177)) - Background container scanner has been disabled.
2019-10-18 07:09:11,769 [Datanode State Machine Thread - 0] INFO  ratis.XceiverServerRatis (XceiverServerRatis.java:start(424)) - Starting XceiverServerRatis 365c74cf-9edf-4118-8168-00280e7ea799 at port 0
2019-10-18 07:09:11,769 [Datanode State Machine Thread - 0] INFO  ratis.XceiverServerRatis (XceiverServerRatis.java:start(424)) - Starting XceiverServerRatis 0e41e4d3-9bdd-41a7-a6da-f6547615f156 at port 0
2019-10-18 07:09:11,803 [Datanode State Machine Thread - 0] INFO  impl.RaftServerProxy (RaftServerProxy.java:lambda$start$3(299)) - 0e41e4d3-9bdd-41a7-a6da-f6547615f156: start RPC server
2019-10-18 07:09:11,803 [Datanode State Machine Thread - 0] INFO  impl.RaftServerProxy (RaftServerProxy.java:lambda$start$3(299)) - 365c74cf-9edf-4118-8168-00280e7ea799: start RPC server
2019-10-18 07:09:11,831 [main] INFO  ozone.MiniOzoneClusterImpl (MiniOzoneClusterImpl.java:lambda$waitForClusterToBeReady$2(172)) - Waiting for cluster to be ready. Got 0 of 3 DN Heartbeats.
2019-10-18 07:09:11,845 [Datanode State Machine Thread - 0] INFO  ozoneimpl.OzoneContainer (OzoneContainer.java:start(213)) - Attempting to start container services.
2019-10-18 07:09:11,849 [Datanode State Machine Thread - 0] INFO  ozoneimpl.OzoneContainer (OzoneContainer.java:startContainerScrub(177)) - Background container scanner has been disabled.
2019-10-18 07:09:11,849 [Datanode State Machine Thread - 0] INFO  ratis.XceiverServerRatis (XceiverServerRatis.java:start(424)) - Starting XceiverServerRatis a7c18b56-7bd4-4e97-bac5-a7861ed2f887 at port 0
2019-10-18 07:09:11,857 [Datanode State Machine Thread - 0] INFO  impl.RaftServerProxy (RaftServerProxy.java:lambda$start$3(299)) - a7c18b56-7bd4-4e97-bac5-a7861ed2f887: start RPC server
2019-10-18 07:09:11,942 [Datanode State Machine Thread - 0] INFO  server.GrpcService (GrpcService.java:startImpl(158)) - 0e41e4d3-9bdd-41a7-a6da-f6547615f156: GrpcService started, listening on 0.0.0.0/0.0.0.0:46622
2019-10-18 07:09:11,942 [Datanode State Machine Thread - 0] INFO  server.GrpcService (GrpcService.java:startImpl(158)) - 365c74cf-9edf-4118-8168-00280e7ea799: GrpcService started, listening on 0.0.0.0/0.0.0.0:37281
2019-10-18 07:09:11,942 [Datanode State Machine Thread - 0] INFO  server.GrpcService (GrpcService.java:startImpl(158)) - a7c18b56-7bd4-4e97-bac5-a7861ed2f887: GrpcService started, listening on 0.0.0.0/0.0.0.0:34061
2019-10-18 07:09:11,943 [Datanode State Machine Thread - 0] INFO  ratis.XceiverServerRatis (XceiverServerRatis.java:start(434)) - XceiverServerRatis 365c74cf-9edf-4118-8168-00280e7ea799 is started using port 37281
2019-10-18 07:09:11,943 [Datanode State Machine Thread - 0] INFO  ratis.XceiverServerRatis (XceiverServerRatis.java:start(434)) - XceiverServerRatis 0e41e4d3-9bdd-41a7-a6da-f6547615f156 is started using port 46622
2019-10-18 07:09:11,943 [Datanode State Machine Thread - 0] INFO  ratis.XceiverServerRatis (XceiverServerRatis.java:start(434)) - XceiverServerRatis a7c18b56-7bd4-4e97-bac5-a7861ed2f887 is started using port 34061
2019-10-18 07:09:11,947 [Datanode State Machine Thread - 0] INFO  server.XceiverServerGrpc (XceiverServerGrpc.java:start(149)) - XceiverServerGrpc 0e41e4d3-9bdd-41a7-a6da-f6547615f156 is started using port 43231
2019-10-18 07:09:11,947 [Datanode State Machine Thread - 0] INFO  server.XceiverServerGrpc (XceiverServerGrpc.java:start(149)) - XceiverServerGrpc a7c18b56-7bd4-4e97-bac5-a7861ed2f887 is started using port 35883
2019-10-18 07:09:11,947 [Datanode State Machine Thread - 0] INFO  server.XceiverServerGrpc (XceiverServerGrpc.java:start(149)) - XceiverServerGrpc 365c74cf-9edf-4118-8168-00280e7ea799 is started using port 44667
2019-10-18 07:09:12,831 [main] INFO  ozone.MiniOzoneClusterImpl (MiniOzoneClusterImpl.java:lambda$waitForClusterToBeReady$2(172)) - Waiting for cluster to be ready. Got 0 of 3 DN Heartbeats.
2019-10-18 07:09:13,717 [IPC Server handler 0 on 39026] INFO  net.NetworkTopology (NetworkTopologyImpl.java:add(111)) - Added a new node: /default-rack/365c74cf-9edf-4118-8168-00280e7ea799
2019-10-18 07:09:13,718 [IPC Server handler 0 on 39026] INFO  node.SCMNodeManager (SCMNodeManager.java:register(268)) - Registered Data node : 365c74cf-9edf-4118-8168-00280e7ea799{ip: 192.168.69.67, host: pr-hdds-1868-wx8dl-4219780377, networkLocation: /default-rack, certSerialId: null}
2019-10-18 07:09:13,721 [EventQueue-NodeRegistrationContainerReportForDataNodeSafeModeRule] INFO  safemode.SCMSafeModeManager (DataNodeSafeModeRule.java:process(71)) - SCM in safe mode. 1 DataNodes registered, 1 required.
2019-10-18 07:09:13,721 [EventQueue-NodeRegistrationContainerReportForDataNodeSafeModeRule] INFO  safemode.SCMSafeModeManager (SCMSafeModeManager.java:validateSafeModeExitRules(177)) - ScmSafeModeManager, all rules are successfully validated
2019-10-18 07:09:13,721 [EventQueue-NodeRegistrationContainerReportForDataNodeSafeModeRule] INFO  safemode.SCMSafeModeManager (SCMSafeModeManager.java:exitSafeMode(193)) - SCM exiting safe mode.
2019-10-18 07:09:13,760 [IPC Server handler 1 on 39026] INFO  net.NetworkTopology (NetworkTopologyImpl.java:add(111)) - Added a new node: /default-rack/0e41e4d3-9bdd-41a7-a6da-f6547615f156
2019-10-18 07:09:13,760 [IPC Server handler 1 on 39026] INFO  node.SCMNodeManager (SCMNodeManager.java:register(268)) - Registered Data node : 0e41e4d3-9bdd-41a7-a6da-f6547615f156{ip: 192.168.69.67, host: pr-hdds-1868-wx8dl-4219780377, networkLocation: /default-rack, certSerialId: null}
2019-10-18 07:09:13,836 [IPC Server handler 3 on 39026] INFO  net.NetworkTopology (NetworkTopologyImpl.java:add(111)) - Added a new node: /default-rack/a7c18b56-7bd4-4e97-bac5-a7861ed2f887
2019-10-18 07:09:13,837 [IPC Server handler 3 on 39026] INFO  node.SCMNodeManager (SCMNodeManager.java:register(268)) - Registered Data node : a7c18b56-7bd4-4e97-bac5-a7861ed2f887{ip: 192.168.69.67, host: pr-hdds-1868-wx8dl-4219780377, networkLocation: /default-rack, certSerialId: null}
2019-10-18 07:09:14,183 [grpc-default-executor-0] INFO  impl.RaftServerProxy (RaftServerProxy.java:addNew(89)) - 365c74cf-9edf-4118-8168-00280e7ea799: addNew group-36CD4E827075:[365c74cf-9edf-4118-8168-00280e7ea799:192.168.69.67:37281] returns group-36CD4E827075:java.util.concurrent.CompletableFuture@20e989bd[Not completed]
2019-10-18 07:09:14,200 [pool-27-thread-1] INFO  impl.RaftServerImpl (RaftServerImpl.java:<init>(104)) - 365c74cf-9edf-4118-8168-00280e7ea799: new RaftServerImpl for group-36CD4E827075:[365c74cf-9edf-4118-8168-00280e7ea799:192.168.69.67:37281] with ContainerStateMachine:uninitialized
2019-10-18 07:09:14,203 [pool-27-thread-1] INFO  server.RaftServerConfigKeys (ConfUtils.java:logGet(43)) - raft.server.rpc.timeout.min = 5s (custom)
2019-10-18 07:09:14,204 [pool-27-thread-1] INFO  server.RaftServerConfigKeys (ConfUtils.java:logGet(43)) - raft.server.rpc.timeout.max = 5200ms (custom)
2019-10-18 07:09:14,205 [pool-27-thread-1] INFO  server.RaftServerConfigKeys (ConfUtils.java:logGet(43)) - raft.server.rpcslowness.timeout = 1000s (custom)
2019-10-18 07:09:14,206 [pool-27-thread-1] INFO  server.RaftServerConfigKeys (ConfUtils.java:logGet(43)) - raft.server.sleep.deviation.threshold = 300 (default)
2019-10-18 07:09:14,207 [pool-27-thread-1] INFO  server.RaftServerConfigKeys (ConfUtils.java:logGet(43)) - raft.server.log.appender.install.snapshot.enabled = false (custom)
2019-10-18 07:09:14,215 [pool-27-thread-1] INFO  impl.RaftServerImpl (ServerState.java:<init>(103)) - 365c74cf-9edf-4118-8168-00280e7ea799@group-36CD4E827075: ConfigurationManager, init=-1: [365c74cf-9edf-4118-8168-00280e7ea799:192.168.69.67:37281], old=null, confs=<EMPTY_MAP>
2019-10-18 07:09:14,216 [pool-27-thread-1] INFO  server.RaftServerConfigKeys (ConfUtils.java:logGet(43)) - raft.server.storage.dir = [/workdir/hadoop-ozone/integration-test/target/test-dir/MiniOzoneClusterImpl-f89c2c08-6094-404b-a270-7fb2417667b2/datanode-0/data/ratis] (custom)
2019-10-18 07:09:14,223 [pool-27-thread-1] INFO  server.RaftServerConfigKeys (ConfUtils.java:logGet(43)) - raft.server.log.corruption.policy = EXCEPTION (default)
2019-10-18 07:09:14,225 [pool-27-thread-1] INFO  storage.RaftStorageDirectory (RaftStorageDirectory.java:analyzeStorage(246)) - The storage directory /workdir/hadoop-ozone/integration-test/target/test-dir/MiniOzoneClusterImpl-f89c2c08-6094-404b-a270-7fb2417667b2/datanode-0/data/ratis/19c2287a-5ccc-4c99-82d9-36cd4e827075 does not exist. Creating ...
2019-10-18 07:09:14,243 [pool-27-thread-1] INFO  storage.RaftStorageDirectory (RaftStorageDirectory.java:tryLock(328)) - Lock on /workdir/hadoop-ozone/integration-test/target/test-dir/MiniOzoneClusterImpl-f89c2c08-6094-404b-a270-7fb2417667b2/datanode-0/data/ratis/19c2287a-5ccc-4c99-82d9-36cd4e827075/in_use.lock acquired by nodename 23956@pr-hdds-1868-wx8dl-4219780377
2019-10-18 07:09:14,258 [pool-27-thread-1] INFO  storage.RaftStorage (RaftStorage.java:format(84)) - Storage directory /workdir/hadoop-ozone/integration-test/target/test-dir/MiniOzoneClusterImpl-f89c2c08-6094-404b-a270-7fb2417667b2/datanode-0/data/ratis/19c2287a-5ccc-4c99-82d9-36cd4e827075 has been successfully formatted.
2019-10-18 07:09:14,260 [pool-27-thread-1] INFO  ratis.ContainerStateMachine (ContainerStateMachine.java:loadSnapshot(233)) - group-36CD4E827075: The snapshot info is null. Setting the last applied indexto:(t:0, i:~)
2019-10-18 07:09:14,261 [pool-27-thread-1] INFO  server.RaftServerConfigKeys (ConfUtils.java:logGet(43)) - raft.server.notification.no-leader.timeout = 1000s (custom)
2019-10-18 07:09:14,263 [pool-27-thread-1] INFO  server.RaftServerConfigKeys (ConfUtils.java:logGet(43)) - raft.server.log.use.memory = false (default)
2019-10-18 07:09:14,268 [pool-27-thread-1] INFO  server.RaftServerConfigKeys (ConfUtils.java:logGet(43)) - raft.server.log.purge.gap = 1000000 (custom)
2019-10-18 07:09:14,268 [pool-27-thread-1] INFO  server.RaftServerConfigKeys (ConfUtils.java:logGet(43)) - raft.server.log.appender.buffer.byte-limit = 33554432 (custom)
2019-10-18 07:09:14,270 [pool-27-thread-1] INFO  server.RaftServerConfigKeys (ConfUtils.java:logGet(43)) - raft.server.log.segment.size.max = 1048576 (custom)
2019-10-18 07:09:14,272 [pool-27-thread-1] INFO  impl.MetricsSystemImpl (MetricsSystemImpl.java:init(158)) - ratis metrics system started (again)
2019-10-18 07:09:14,276 [pool-27-thread-1] INFO  metrics.MetricRegistries (MetricRegistriesLoader.java:load(64)) - Loaded MetricRegistries class org.apache.ratis.metrics.impl.MetricRegistriesImpl
2019-10-18 07:09:14,308 [pool-27-thread-1] INFO  server.RaftServerConfigKeys (ConfUtils.java:logGet(43)) - raft.server.log.segment.cache.num.max = 2 (custom)
2019-10-18 07:09:14,312 [pool-27-thread-1] INFO  segmented.SegmentedRaftLogWorker (SegmentedRaftLogWorker.java:<init>(173)) - new 365c74cf-9edf-4118-8168-00280e7ea799@group-36CD4E827075-SegmentedRaftLogWorker for RaftStorage:Storage Directory /workdir/hadoop-ozone/integration-test/target/test-dir/MiniOzoneClusterImpl-f89c2c08-6094-404b-a270-7fb2417667b2/datanode-0/data/ratis/19c2287a-5ccc-4c99-82d9-36cd4e827075
2019-10-18 07:09:14,313 [pool-27-thread-1] INFO  server.RaftServerConfigKeys (ConfUtils.java:logGet(43)) - raft.server.log.queue.byte-limit = 2147483647 (custom)
2019-10-18 07:09:14,313 [pool-27-thread-1] INFO  server.RaftServerConfigKeys (ConfUtils.java:logGet(43)) - raft.server.log.queue.element-limit = 1024 (custom)
2019-10-18 07:09:14,314 [pool-27-thread-1] INFO  server.RaftServerConfigKeys (ConfUtils.java:logGet(43)) - raft.server.log.segment.size.max = 1048576 (custom)
2019-10-18 07:09:14,315 [pool-27-thread-1] INFO  server.RaftServerConfigKeys (ConfUtils.java:logGet(43)) - raft.server.log.preallocated.size = 16384 (custom)
2019-10-18 07:09:14,315 [pool-27-thread-1] INFO  server.RaftServerConfigKeys (ConfUtils.java:logGet(43)) - raft.server.log.write.buffer.size = 33554432 (custom)
2019-10-18 07:09:14,316 [pool-27-thread-1] INFO  server.RaftServerConfigKeys (ConfUtils.java:logGet(43)) - raft.server.log.force.sync.num = 128 (default)
2019-10-18 07:09:14,316 [pool-27-thread-1] INFO  server.RaftServerConfigKeys (ConfUtils.java:logGet(43)) - raft.server.log.statemachine.data.sync = true (default)
2019-10-18 07:09:14,317 [pool-27-thread-1] INFO  server.RaftServerConfigKeys (ConfUtils.java:logGet(43)) - raft.server.log.statemachine.data.sync.timeout = 10s (default)
2019-10-18 07:09:14,317 [pool-27-thread-1] INFO  server.RaftServerConfigKeys (ConfUtils.java:logGet(43)) - raft.server.log.statemachine.data.sync.timeout.retry = -1 (default)
2019-10-18 07:09:14,327 [pool-27-thread-1] INFO  server.RaftServerConfigKeys (ConfUtils.java:logGet(43)) - raft.server.log.statemachine.data.caching.enabled = true (custom)
2019-10-18 07:09:14,331 [pool-27-thread-1] INFO  segmented.SegmentedRaftLogWorker (SegmentedRaftLogWorker.java:lambda$new$0(128)) - 365c74cf-9edf-4118-8168-00280e7ea799@group-36CD4E827075-SegmentedRaftLogWorker: flushIndex: setUnconditionally 0 -> -1
2019-10-18 07:09:14,334 [pool-27-thread-1] INFO  server.RaftServerConfigKeys (ConfUtils.java:logGet(43)) - raft.server.snapshot.auto.trigger.enabled = true (custom)
2019-10-18 07:09:14,335 [pool-27-thread-1] INFO  server.RaftServerConfigKeys (ConfUtils.java:logGet(43)) - raft.server.snapshot.auto.trigger.threshold = 10000 (custom)
2019-10-18 07:09:14,335 [pool-27-thread-1] INFO  server.RaftServerConfigKeys (ConfUtils.java:logGet(43)) - raft.server.snapshot.retention.file.num = 5 (custom)
2019-10-18 07:09:14,336 [pool-27-thread-1] INFO  server.RaftServerConfigKeys (ConfUtils.java:logGet(43)) - raft.server.retrycache.expirytime = 600000ms (custom)
2019-10-18 07:09:14,362 [pool-27-thread-1] INFO  impl.RaftServerImpl (RaftServerImpl.java:start(195)) - 365c74cf-9edf-4118-8168-00280e7ea799@group-36CD4E827075: start as a follower, conf=-1: [365c74cf-9edf-4118-8168-00280e7ea799:192.168.69.67:37281], old=null
2019-10-18 07:09:14,363 [pool-27-thread-1] INFO  impl.RaftServerImpl (RaftServerImpl.java:setRole(184)) - 365c74cf-9edf-4118-8168-00280e7ea799@group-36CD4E827075: changes role from      null to FOLLOWER at term 0 for startAsFollower
2019-10-18 07:09:14,364 [pool-27-thread-1] INFO  impl.RoleInfo (RoleInfo.java:updateAndGet(143)) - 365c74cf-9edf-4118-8168-00280e7ea799: start FollowerState
2019-10-18 07:09:14,365 [pool-27-thread-1] INFO  util.JmxRegister (JmxRegister.java:tryRegister(44)) - Successfully registered JMX Bean with object name Ratis:service=RaftServer,group=group-36CD4E827075,id=365c74cf-9edf-4118-8168-00280e7ea799
2019-10-18 07:09:14,427 [RatisPipelineUtilsThread] INFO  pipeline.PipelineStateManager (PipelineStateManager.java:addPipeline(55)) - Created pipeline Pipeline[ Id: 19c2287a-5ccc-4c99-82d9-36cd4e827075, Nodes: 365c74cf-9edf-4118-8168-00280e7ea799{ip: 192.168.69.67, host: pr-hdds-1868-wx8dl-4219780377, networkLocation: /default-rack, certSerialId: null}, Type:RATIS, Factor:ONE, State:ALLOCATED]
2019-10-18 07:09:14,444 [grpc-default-executor-0] INFO  impl.RaftServerProxy (RaftServerProxy.java:addNew(89)) - a7c18b56-7bd4-4e97-bac5-a7861ed2f887: addNew group-50E290575453:[a7c18b56-7bd4-4e97-bac5-a7861ed2f887:192.168.69.67:34061] returns group-50E290575453:java.util.concurrent.CompletableFuture@ab82567[Not completed]
2019-10-18 07:09:14,461 [pool-47-thread-1] INFO  impl.RaftServerImpl (RaftServerImpl.java:<init>(104)) - a7c18b56-7bd4-4e97-bac5-a7861ed2f887: new RaftServerImpl for group-50E290575453:[a7c18b56-7bd4-4e97-bac5-a7861ed2f887:192.168.69.67:34061] with ContainerStateMachine:uninitialized
2019-10-18 07:09:14,462 [pool-47-thread-1] INFO  server.RaftServerConfigKeys (ConfUtils.java:logGet(43)) - raft.server.rpc.timeout.min = 5s (custom)
2019-10-18 07:09:14,462 [pool-47-thread-1] INFO  server.RaftServerConfigKeys (ConfUtils.java:logGet(43)) - raft.server.rpc.timeout.max = 5200ms (custom)
2019-10-18 07:09:14,462 [pool-47-thread-1] INFO  server.RaftServerConfigKeys (ConfUtils.java:logGet(43)) - raft.server.rpcslowness.timeout = 1000s (custom)
2019-10-18 07:09:14,462 [pool-47-thread-1] INFO  server.RaftServerConfigKeys (ConfUtils.java:logGet(43)) - raft.server.sleep.deviation.threshold = 300 (default)
2019-10-18 07:09:14,462 [pool-47-thread-1] INFO  server.RaftServerConfigKeys (ConfUtils.java:logGet(43)) - raft.server.log.appender.install.snapshot.enabled = false (custom)
2019-10-18 07:09:14,462 [pool-47-thread-1] INFO  impl.RaftServerImpl (ServerState.java:<init>(103)) - a7c18b56-7bd4-4e97-bac5-a7861ed2f887@group-50E290575453: ConfigurationManager, init=-1: [a7c18b56-7bd4-4e97-bac5-a7861ed2f887:192.168.69.67:34061], old=null, confs=<EMPTY_MAP>
2019-10-18 07:09:14,463 [pool-47-thread-1] INFO  server.RaftServerConfigKeys (ConfUtils.java:logGet(43)) - raft.server.storage.dir = [/workdir/hadoop-ozone/integration-test/target/test-dir/MiniOzoneClusterImpl-f89c2c08-6094-404b-a270-7fb2417667b2/datanode-2/data/ratis] (custom)
2019-10-18 07:09:14,463 [pool-47-thread-1] INFO  server.RaftServerConfigKeys (ConfUtils.java:logGet(43)) - raft.server.log.corruption.policy = EXCEPTION (default)
2019-10-18 07:09:14,463 [pool-47-thread-1] INFO  storage.RaftStorageDirectory (RaftStorageDirectory.java:analyzeStorage(246)) - The storage directory /workdir/hadoop-ozone/integration-test/target/test-dir/MiniOzoneClusterImpl-f89c2c08-6094-404b-a270-7fb2417667b2/datanode-2/data/ratis/5bd10b1a-673a-432a-8c72-50e290575453 does not exist. Creating ...
2019-10-18 07:09:14,476 [pool-47-thread-1] INFO  storage.RaftStorageDirectory (RaftStorageDirectory.java:tryLock(328)) - Lock on /workdir/hadoop-ozone/integration-test/target/test-dir/MiniOzoneClusterImpl-f89c2c08-6094-404b-a270-7fb2417667b2/datanode-2/data/ratis/5bd10b1a-673a-432a-8c72-50e290575453/in_use.lock acquired by nodename 23956@pr-hdds-1868-wx8dl-4219780377
2019-10-18 07:09:14,489 [pool-47-thread-1] INFO  storage.RaftStorage (RaftStorage.java:format(84)) - Storage directory /workdir/hadoop-ozone/integration-test/target/test-dir/MiniOzoneClusterImpl-f89c2c08-6094-404b-a270-7fb2417667b2/datanode-2/data/ratis/5bd10b1a-673a-432a-8c72-50e290575453 has been successfully formatted.
2019-10-18 07:09:14,490 [pool-47-thread-1] INFO  ratis.ContainerStateMachine (ContainerStateMachine.java:loadSnapshot(233)) - group-50E290575453: The snapshot info is null. Setting the last applied indexto:(t:0, i:~)
2019-10-18 07:09:14,490 [pool-47-thread-1] INFO  server.RaftServerConfigKeys (ConfUtils.java:logGet(43)) - raft.server.notification.no-leader.timeout = 1000s (custom)
2019-10-18 07:09:14,490 [pool-47-thread-1] INFO  server.RaftServerConfigKeys (ConfUtils.java:logGet(43)) - raft.server.log.use.memory = false (default)
2019-10-18 07:09:14,491 [pool-47-thread-1] INFO  server.RaftServerConfigKeys (ConfUtils.java:logGet(43)) - raft.server.log.purge.gap = 1000000 (custom)
2019-10-18 07:09:14,491 [pool-47-thread-1] INFO  server.RaftServerConfigKeys (ConfUtils.java:logGet(43)) - raft.server.log.appender.buffer.byte-limit = 33554432 (custom)
2019-10-18 07:09:14,491 [pool-47-thread-1] INFO  server.RaftServerConfigKeys (ConfUtils.java:logGet(43)) - raft.server.log.segment.size.max = 1048576 (custom)
2019-10-18 07:09:14,494 [pool-47-thread-1] INFO  server.RaftServerConfigKeys (ConfUtils.java:logGet(43)) - raft.server.log.segment.cache.num.max = 2 (custom)
2019-10-18 07:09:14,495 [pool-47-thread-1] INFO  segmented.SegmentedRaftLogWorker (SegmentedRaftLogWorker.java:<init>(173)) - new a7c18b56-7bd4-4e97-bac5-a7861ed2f887@group-50E290575453-SegmentedRaftLogWorker for RaftStorage:Storage Directory /workdir/hadoop-ozone/integration-test/target/test-dir/MiniOzoneClusterImpl-f89c2c08-6094-404b-a270-7fb2417667b2/datanode-2/data/ratis/5bd10b1a-673a-432a-8c72-50e290575453
2019-10-18 07:09:14,495 [pool-47-thread-1] INFO  server.RaftServerConfigKeys (ConfUtils.java:logGet(43)) - raft.server.log.queue.byte-limit = 2147483647 (custom)
2019-10-18 07:09:14,496 [pool-47-thread-1] INFO  server.RaftServerConfigKeys (ConfUtils.java:logGet(43)) - raft.server.log.queue.element-limit = 1024 (custom)
2019-10-18 07:09:14,496 [pool-47-thread-1] INFO  server.RaftServerConfigKeys (ConfUtils.java:logGet(43)) - raft.server.log.segment.size.max = 1048576 (custom)
2019-10-18 07:09:14,496 [pool-47-thread-1] INFO  server.RaftServerConfigKeys (ConfUtils.java:logGet(43)) - raft.server.log.preallocated.size = 16384 (custom)
2019-10-18 07:09:14,496 [pool-47-thread-1] INFO  server.RaftServerConfigKeys (ConfUtils.java:logGet(43)) - raft.server.log.write.buffer.size = 33554432 (custom)
2019-10-18 07:09:14,496 [pool-47-thread-1] INFO  server.RaftServerConfigKeys (ConfUtils.java:logGet(43)) - raft.server.log.force.sync.num = 128 (default)
2019-10-18 07:09:14,496 [pool-47-thread-1] INFO  server.RaftServerConfigKeys (ConfUtils.java:logGet(43)) - raft.server.log.statemachine.data.sync = true (default)
2019-10-18 07:09:14,496 [pool-47-thread-1] INFO  server.RaftServerConfigKeys (ConfUtils.java:logGet(43)) - raft.server.log.statemachine.data.sync.timeout = 10s (default)
2019-10-18 07:09:14,496 [pool-47-thread-1] INFO  server.RaftServerConfigKeys (ConfUtils.java:logGet(43)) - raft.server.log.statemachine.data.sync.timeout.retry = -1 (default)
2019-10-18 07:09:14,497 [pool-47-thread-1] INFO  server.RaftServerConfigKeys (ConfUtils.java:logGet(43)) - raft.server.log.statemachine.data.caching.enabled = true (custom)
2019-10-18 07:09:14,497 [pool-47-thread-1] INFO  segmented.SegmentedRaftLogWorker (SegmentedRaftLogWorker.java:lambda$new$0(128)) - a7c18b56-7bd4-4e97-bac5-a7861ed2f887@group-50E290575453-SegmentedRaftLogWorker: flushIndex: setUnconditionally 0 -> -1
2019-10-18 07:09:14,498 [pool-47-thread-1] INFO  server.RaftServerConfigKeys (ConfUtils.java:logGet(43)) - raft.server.snapshot.auto.trigger.enabled = true (custom)
2019-10-18 07:09:14,498 [pool-47-thread-1] INFO  server.RaftServerConfigKeys (ConfUtils.java:logGet(43)) - raft.server.snapshot.auto.trigger.threshold = 10000 (custom)
2019-10-18 07:09:14,498 [pool-47-thread-1] INFO  server.RaftServerConfigKeys (ConfUtils.java:logGet(43)) - raft.server.snapshot.retention.file.num = 5 (custom)
2019-10-18 07:09:14,498 [pool-47-thread-1] INFO  server.RaftServerConfigKeys (ConfUtils.java:logGet(43)) - raft.server.retrycache.expirytime = 600000ms (custom)
2019-10-18 07:09:14,504 [pool-47-thread-1] INFO  impl.RaftServerImpl (RaftServerImpl.java:start(195)) - a7c18b56-7bd4-4e97-bac5-a7861ed2f887@group-50E290575453: start as a follower, conf=-1: [a7c18b56-7bd4-4e97-bac5-a7861ed2f887:192.168.69.67:34061], old=null
2019-10-18 07:09:14,504 [pool-47-thread-1] INFO  impl.RaftServerImpl (RaftServerImpl.java:setRole(184)) - a7c18b56-7bd4-4e97-bac5-a7861ed2f887@group-50E290575453: changes role from      null to FOLLOWER at term 0 for startAsFollower
2019-10-18 07:09:14,504 [pool-47-thread-1] INFO  impl.RoleInfo (RoleInfo.java:updateAndGet(143)) - a7c18b56-7bd4-4e97-bac5-a7861ed2f887: start FollowerState
2019-10-18 07:09:14,505 [pool-47-thread-1] INFO  util.JmxRegister (JmxRegister.java:tryRegister(44)) - Successfully registered JMX Bean with object name Ratis:service=RaftServer,group=group-50E290575453,id=a7c18b56-7bd4-4e97-bac5-a7861ed2f887
2019-10-18 07:09:14,513 [Thread-186] INFO  impl.FollowerState (FollowerState.java:run(108)) - 365c74cf-9edf-4118-8168-00280e7ea799@group-36CD4E827075-FollowerState: change to CANDIDATE, lastRpcTime:150ms, electionTimeout:149ms
2019-10-18 07:09:14,518 [Thread-186] INFO  impl.RoleInfo (RoleInfo.java:shutdownFollowerState(121)) - 365c74cf-9edf-4118-8168-00280e7ea799: shutdown FollowerState
2019-10-18 07:09:14,519 [Thread-186] INFO  impl.RaftServerImpl (RaftServerImpl.java:setRole(184)) - 365c74cf-9edf-4118-8168-00280e7ea799@group-36CD4E827075: changes role from  FOLLOWER to CANDIDATE at term 0 for changeToCandidate
2019-10-18 07:09:14,520 [RatisPipelineUtilsThread] INFO  pipeline.PipelineStateManager (PipelineStateManager.java:addPipeline(55)) - Created pipeline Pipeline[ Id: 5bd10b1a-673a-432a-8c72-50e290575453, Nodes: a7c18b56-7bd4-4e97-bac5-a7861ed2f887{ip: 192.168.69.67, host: pr-hdds-1868-wx8dl-4219780377, networkLocation: /default-rack, certSerialId: null}, Type:RATIS, Factor:ONE, State:ALLOCATED]
2019-10-18 07:09:14,524 [Thread-186] INFO  impl.RoleInfo (RoleInfo.java:updateAndGet(143)) - 365c74cf-9edf-4118-8168-00280e7ea799: start LeaderElection
2019-10-18 07:09:14,539 [grpc-default-executor-0] INFO  impl.RaftServerProxy (RaftServerProxy.java:addNew(89)) - 0e41e4d3-9bdd-41a7-a6da-f6547615f156: addNew group-19CBE725A4FA:[0e41e4d3-9bdd-41a7-a6da-f6547615f156:192.168.69.67:46622] returns group-19CBE725A4FA:java.util.concurrent.CompletableFuture@79d7ab3a[Not completed]
2019-10-18 07:09:14,550 [365c74cf-9edf-4118-8168-00280e7ea799@group-36CD4E827075-LeaderElection1] INFO  impl.LeaderElection (LeaderElection.java:askForVotes(178)) - 365c74cf-9edf-4118-8168-00280e7ea799@group-36CD4E827075-LeaderElection1: begin an election at term 1 for -1: [365c74cf-9edf-4118-8168-00280e7ea799:192.168.69.67:37281], old=null
2019-10-18 07:09:14,550 [pool-37-thread-1] INFO  impl.RaftServerImpl (RaftServerImpl.java:<init>(104)) - 0e41e4d3-9bdd-41a7-a6da-f6547615f156: new RaftServerImpl for group-19CBE725A4FA:[0e41e4d3-9bdd-41a7-a6da-f6547615f156:192.168.69.67:46622] with ContainerStateMachine:uninitialized
2019-10-18 07:09:14,551 [pool-37-thread-1] INFO  server.RaftServerConfigKeys (ConfUtils.java:logGet(43)) - raft.server.rpc.timeout.min = 5s (custom)
2019-10-18 07:09:14,551 [pool-37-thread-1] INFO  server.RaftServerConfigKeys (ConfUtils.java:logGet(43)) - raft.server.rpc.timeout.max = 5200ms (custom)
2019-10-18 07:09:14,551 [pool-37-thread-1] INFO  server.RaftServerConfigKeys (ConfUtils.java:logGet(43)) - raft.server.rpcslowness.timeout = 1000s (custom)
2019-10-18 07:09:14,551 [pool-37-thread-1] INFO  server.RaftServerConfigKeys (ConfUtils.java:logGet(43)) - raft.server.sleep.deviation.threshold = 300 (default)
2019-10-18 07:09:14,551 [pool-37-thread-1] INFO  server.RaftServerConfigKeys (ConfUtils.java:logGet(43)) - raft.server.log.appender.install.snapshot.enabled = false (custom)
2019-10-18 07:09:14,551 [pool-37-thread-1] INFO  impl.RaftServerImpl (ServerState.java:<init>(103)) - 0e41e4d3-9bdd-41a7-a6da-f6547615f156@group-19CBE725A4FA: ConfigurationManager, init=-1: [0e41e4d3-9bdd-41a7-a6da-f6547615f156:192.168.69.67:46622], old=null, confs=<EMPTY_MAP>
2019-10-18 07:09:14,552 [pool-37-thread-1] INFO  server.RaftServerConfigKeys (ConfUtils.java:logGet(43)) - raft.server.storage.dir = [/workdir/hadoop-ozone/integration-test/target/test-dir/MiniOzoneClusterImpl-f89c2c08-6094-404b-a270-7fb2417667b2/datanode-1/data/ratis] (custom)
2019-10-18 07:09:14,552 [365c74cf-9edf-4118-8168-00280e7ea799@group-36CD4E827075-LeaderElection1] INFO  impl.RoleInfo (RoleInfo.java:shutdownLeaderElection(134)) - 365c74cf-9edf-4118-8168-00280e7ea799: shutdown LeaderElection
2019-10-18 07:09:14,552 [pool-37-thread-1] INFO  server.RaftServerConfigKeys (ConfUtils.java:logGet(43)) - raft.server.log.corruption.policy = EXCEPTION (default)
2019-10-18 07:09:14,552 [pool-37-thread-1] INFO  storage.RaftStorageDirectory (RaftStorageDirectory.java:analyzeStorage(246)) - The storage directory /workdir/hadoop-ozone/integration-test/target/test-dir/MiniOzoneClusterImpl-f89c2c08-6094-404b-a270-7fb2417667b2/datanode-1/data/ratis/6cd50351-4738-46c9-a38d-19cbe725a4fa does not exist. Creating ...
2019-10-18 07:09:14,552 [365c74cf-9edf-4118-8168-00280e7ea799@group-36CD4E827075-LeaderElection1] INFO  impl.RaftServerImpl (RaftServerImpl.java:setRole(184)) - 365c74cf-9edf-4118-8168-00280e7ea799@group-36CD4E827075: changes role from CANDIDATE to LEADER at term 1 for changeToLeader
2019-10-18 07:09:14,553 [365c74cf-9edf-4118-8168-00280e7ea799@group-36CD4E827075-LeaderElection1] INFO  ratis.XceiverServerRatis (XceiverServerRatis.java:handleLeaderChangedNotification(699)) - Leader change notification received for group: group-36CD4E827075 with new leaderId: 365c74cf-9edf-4118-8168-00280e7ea799
2019-10-18 07:09:14,556 [365c74cf-9edf-4118-8168-00280e7ea799@group-36CD4E827075-LeaderElection1] INFO  impl.RaftServerImpl (ServerState.java:setLeader(256)) - 365c74cf-9edf-4118-8168-00280e7ea799@group-36CD4E827075: change Leader from null to 365c74cf-9edf-4118-8168-00280e7ea799 at term 1 for becomeLeader, leader elected after 292ms
2019-10-18 07:09:14,561 [Thread-189] INFO  impl.FollowerState (FollowerState.java:run(108)) - a7c18b56-7bd4-4e97-bac5-a7861ed2f887@group-50E290575453-FollowerState: change to CANDIDATE, lastRpcTime:56ms, electionTimeout:56ms
2019-10-18 07:09:14,562 [Thread-189] INFO  impl.RoleInfo (RoleInfo.java:shutdownFollowerState(121)) - a7c18b56-7bd4-4e97-bac5-a7861ed2f887: shutdown FollowerState
2019-10-18 07:09:14,563 [Thread-189] INFO  impl.RaftServerImpl (RaftServerImpl.java:setRole(184)) - a7c18b56-7bd4-4e97-bac5-a7861ed2f887@group-50E290575453: changes role from  FOLLOWER to CANDIDATE at term 0 for changeToCandidate
2019-10-18 07:09:14,563 [365c74cf-9edf-4118-8168-00280e7ea799@group-36CD4E827075-LeaderElection1] INFO  server.RaftServerConfigKeys (ConfUtils.java:logGet(43)) - raft.server.staging.catchup.gap = 1000 (default)
2019-10-18 07:09:14,563 [Thread-189] INFO  impl.RoleInfo (RoleInfo.java:updateAndGet(143)) - a7c18b56-7bd4-4e97-bac5-a7861ed2f887: start LeaderElection
2019-10-18 07:09:14,563 [365c74cf-9edf-4118-8168-00280e7ea799@group-36CD4E827075-LeaderElection1] INFO  server.RaftServerConfigKeys (ConfUtils.java:logGet(43)) - raft.server.rpc.sleep.time = 25ms (default)
2019-10-18 07:09:14,565 [pool-37-thread-1] INFO  storage.RaftStorageDirectory (RaftStorageDirectory.java:tryLock(328)) - Lock on /workdir/hadoop-ozone/integration-test/target/test-dir/MiniOzoneClusterImpl-f89c2c08-6094-404b-a270-7fb2417667b2/datanode-1/data/ratis/6cd50351-4738-46c9-a38d-19cbe725a4fa/in_use.lock acquired by nodename 23956@pr-hdds-1868-wx8dl-4219780377
2019-10-18 07:09:14,569 [365c74cf-9edf-4118-8168-00280e7ea799@group-36CD4E827075-LeaderElection1] INFO  server.RaftServerConfigKeys (ConfUtils.java:logGet(43)) - raft.server.write.element-limit = 4096 (default)
2019-10-18 07:09:14,571 [365c74cf-9edf-4118-8168-00280e7ea799@group-36CD4E827075-LeaderElection1] INFO  server.RaftServerConfigKeys (ConfUtils.java:logGet(43)) - raft.server.watch.timeout = 10s (default)
2019-10-18 07:09:14,572 [365c74cf-9edf-4118-8168-00280e7ea799@group-36CD4E827075-LeaderElection1] INFO  server.RaftServerConfigKeys (ConfUtils.java:logGet(43)) - raft.server.watch.timeout.denomination = 1s (default)
2019-10-18 07:09:14,573 [365c74cf-9edf-4118-8168-00280e7ea799@group-36CD4E827075-LeaderElection1] INFO  server.RaftServerConfigKeys (ConfUtils.java:logGet(43)) - raft.server.watch.element-limit = 65536 (default)
2019-10-18 07:09:14,580 [a7c18b56-7bd4-4e97-bac5-a7861ed2f887@group-50E290575453-LeaderElection2] INFO  impl.LeaderElection (LeaderElection.java:askForVotes(178)) - a7c18b56-7bd4-4e97-bac5-a7861ed2f887@group-50E290575453-LeaderElection2: begin an election at term 1 for -1: [a7c18b56-7bd4-4e97-bac5-a7861ed2f887:192.168.69.67:34061], old=null
2019-10-18 07:09:14,583 [pool-37-thread-1] INFO  storage.RaftStorage (RaftStorage.java:format(84)) - Storage directory /workdir/hadoop-ozone/integration-test/target/test-dir/MiniOzoneClusterImpl-f89c2c08-6094-404b-a270-7fb2417667b2/datanode-1/data/ratis/6cd50351-4738-46c9-a38d-19cbe725a4fa has been successfully formatted.
2019-10-18 07:09:14,590 [a7c18b56-7bd4-4e97-bac5-a7861ed2f887@group-50E290575453-LeaderElection2] INFO  impl.RoleInfo (RoleInfo.java:shutdownLeaderElection(134)) - a7c18b56-7bd4-4e97-bac5-a7861ed2f887: shutdown LeaderElection
2019-10-18 07:09:14,590 [pool-37-thread-1] INFO  ratis.ContainerStateMachine (ContainerStateMachine.java:loadSnapshot(233)) - group-19CBE725A4FA: The snapshot info is null. Setting the last applied indexto:(t:0, i:~)
2019-10-18 07:09:14,590 [a7c18b56-7bd4-4e97-bac5-a7861ed2f887@group-50E290575453-LeaderElection2] INFO  impl.RaftServerImpl (RaftServerImpl.java:setRole(184)) - a7c18b56-7bd4-4e97-bac5-a7861ed2f887@group-50E290575453: changes role from CANDIDATE to LEADER at term 1 for changeToLeader
2019-10-18 07:09:14,590 [pool-37-thread-1] INFO  server.RaftServerConfigKeys (ConfUtils.java:logGet(43)) - raft.server.notification.no-leader.timeout = 1000s (custom)
2019-10-18 07:09:14,590 [a7c18b56-7bd4-4e97-bac5-a7861ed2f887@group-50E290575453-LeaderElection2] INFO  ratis.XceiverServerRatis (XceiverServerRatis.java:handleLeaderChangedNotification(699)) - Leader change notification received for group: group-50E290575453 with new leaderId: a7c18b56-7bd4-4e97-bac5-a7861ed2f887
2019-10-18 07:09:14,591 [pool-37-thread-1] INFO  server.RaftServerConfigKeys (ConfUtils.java:logGet(43)) - raft.server.log.use.memory = false (default)
2019-10-18 07:09:14,591 [pool-37-thread-1] INFO  server.RaftServerConfigKeys (ConfUtils.java:logGet(43)) - raft.server.log.purge.gap = 1000000 (custom)
2019-10-18 07:09:14,591 [a7c18b56-7bd4-4e97-bac5-a7861ed2f887@group-50E290575453-LeaderElection2] INFO  impl.RaftServerImpl (ServerState.java:setLeader(256)) - a7c18b56-7bd4-4e97-bac5-a7861ed2f887@group-50E290575453: change Leader from null to a7c18b56-7bd4-4e97-bac5-a7861ed2f887 at term 1 for becomeLeader, leader elected after 100ms
2019-10-18 07:09:14,591 [pool-37-thread-1] INFO  server.RaftServerConfigKeys (ConfUtils.java:logGet(43)) - raft.server.log.appender.buffer.byte-limit = 33554432 (custom)
2019-10-18 07:09:14,591 [a7c18b56-7bd4-4e97-bac5-a7861ed2f887@group-50E290575453-LeaderElection2] INFO  server.RaftServerConfigKeys (ConfUtils.java:logGet(43)) - raft.server.staging.catchup.gap = 1000 (default)
2019-10-18 07:09:14,591 [pool-37-thread-1] INFO  server.RaftServerConfigKeys (ConfUtils.java:logGet(43)) - raft.server.log.segment.size.max = 1048576 (custom)
2019-10-18 07:09:14,591 [a7c18b56-7bd4-4e97-bac5-a7861ed2f887@group-50E290575453-LeaderElection2] INFO  server.RaftServerConfigKeys (ConfUtils.java:logGet(43)) - raft.server.rpc.sleep.time = 25ms (default)
2019-10-18 07:09:14,593 [a7c18b56-7bd4-4e97-bac5-a7861ed2f887@group-50E290575453-LeaderElection2] INFO  server.RaftServerConfigKeys (ConfUtils.java:logGet(43)) - raft.server.write.element-limit = 4096 (default)
2019-10-18 07:09:14,593 [a7c18b56-7bd4-4e97-bac5-a7861ed2f887@group-50E290575453-LeaderElection2] INFO  server.RaftServerConfigKeys (ConfUtils.java:logGet(43)) - raft.server.watch.timeout = 10s (default)
2019-10-18 07:09:14,593 [a7c18b56-7bd4-4e97-bac5-a7861ed2f887@group-50E290575453-LeaderElection2] INFO  server.RaftServerConfigKeys (ConfUtils.java:logGet(43)) - raft.server.watch.timeout.denomination = 1s (default)
2019-10-18 07:09:14,593 [a7c18b56-7bd4-4e97-bac5-a7861ed2f887@group-50E290575453-LeaderElection2] INFO  server.RaftServerConfigKeys (ConfUtils.java:logGet(43)) - raft.server.watch.element-limit = 65536 (default)
2019-10-18 07:09:14,596 [pool-37-thread-1] INFO  server.RaftServerConfigKeys (ConfUtils.java:logGet(43)) - raft.server.log.segment.cache.num.max = 2 (custom)
2019-10-18 07:09:14,597 [pool-37-thread-1] INFO  segmented.SegmentedRaftLogWorker (SegmentedRaftLogWorker.java:<init>(173)) - new 0e41e4d3-9bdd-41a7-a6da-f6547615f156@group-19CBE725A4FA-SegmentedRaftLogWorker for RaftStorage:Storage Directory /workdir/hadoop-ozone/integration-test/target/test-dir/MiniOzoneClusterImpl-f89c2c08-6094-404b-a270-7fb2417667b2/datanode-1/data/ratis/6cd50351-4738-46c9-a38d-19cbe725a4fa
2019-10-18 07:09:14,597 [pool-37-thread-1] INFO  server.RaftServerConfigKeys (ConfUtils.java:logGet(43)) - raft.server.log.queue.byte-limit = 2147483647 (custom)
2019-10-18 07:09:14,597 [pool-37-thread-1] INFO  server.RaftServerConfigKeys (ConfUtils.java:logGet(43)) - raft.server.log.queue.element-limit = 1024 (custom)
2019-10-18 07:09:14,597 [pool-37-thread-1] INFO  server.RaftServerConfigKeys (ConfUtils.java:logGet(43)) - raft.server.log.segment.size.max = 1048576 (custom)
2019-10-18 07:09:14,597 [pool-37-thread-1] INFO  server.RaftServerConfigKeys (ConfUtils.java:logGet(43)) - raft.server.log.preallocated.size = 16384 (custom)
2019-10-18 07:09:14,597 [pool-37-thread-1] INFO  server.RaftServerConfigKeys (ConfUtils.java:logGet(43)) - raft.server.log.write.buffer.size = 33554432 (custom)
2019-10-18 07:09:14,597 [pool-37-thread-1] INFO  server.RaftServerConfigKeys (ConfUtils.java:logGet(43)) - raft.server.log.force.sync.num = 128 (default)
2019-10-18 07:09:14,597 [pool-37-thread-1] INFO  server.RaftServerConfigKeys (ConfUtils.java:logGet(43)) - raft.server.log.statemachine.data.sync = true (default)
2019-10-18 07:09:14,597 [pool-37-thread-1] INFO  server.RaftServerConfigKeys (ConfUtils.java:logGet(43)) - raft.server.log.statemachine.data.sync.timeout = 10s (default)
2019-10-18 07:09:14,598 [pool-37-thread-1] INFO  server.RaftServerConfigKeys (ConfUtils.java:logGet(43)) - raft.server.log.statemachine.data.sync.timeout.retry = -1 (default)
2019-10-18 07:09:14,598 [pool-37-thread-1] INFO  server.RaftServerConfigKeys (ConfUtils.java:logGet(43)) - raft.server.log.statemachine.data.caching.enabled = true (custom)
2019-10-18 07:09:14,598 [pool-37-thread-1] INFO  segmented.SegmentedRaftLogWorker (SegmentedRaftLogWorker.java:lambda$new$0(128)) - 0e41e4d3-9bdd-41a7-a6da-f6547615f156@group-19CBE725A4FA-SegmentedRaftLogWorker: flushIndex: setUnconditionally 0 -> -1
2019-10-18 07:09:14,599 [pool-37-thread-1] INFO  server.RaftServerConfigKeys (ConfUtils.java:logGet(43)) - raft.server.snapshot.auto.trigger.enabled = true (custom)
2019-10-18 07:09:14,599 [pool-37-thread-1] INFO  server.RaftServerConfigKeys (ConfUtils.java:logGet(43)) - raft.server.snapshot.auto.trigger.threshold = 10000 (custom)
2019-10-18 07:09:14,599 [pool-37-thread-1] INFO  server.RaftServerConfigKeys (ConfUtils.java:logGet(43)) - raft.server.snapshot.retention.file.num = 5 (custom)
2019-10-18 07:09:14,599 [pool-37-thread-1] INFO  server.RaftServerConfigKeys (ConfUtils.java:logGet(43)) - raft.server.retrycache.expirytime = 600000ms (custom)
2019-10-18 07:09:14,606 [pool-37-thread-1] INFO  impl.RaftServerImpl (RaftServerImpl.java:start(195)) - 0e41e4d3-9bdd-41a7-a6da-f6547615f156@group-19CBE725A4FA: start as a follower, conf=-1: [0e41e4d3-9bdd-41a7-a6da-f6547615f156:192.168.69.67:46622], old=null
2019-10-18 07:09:14,606 [pool-37-thread-1] INFO  impl.RaftServerImpl (RaftServerImpl.java:setRole(184)) - 0e41e4d3-9bdd-41a7-a6da-f6547615f156@group-19CBE725A4FA: changes role from      null to FOLLOWER at term 0 for startAsFollower
2019-10-18 07:09:14,606 [pool-37-thread-1] INFO  impl.RoleInfo (RoleInfo.java:updateAndGet(143)) - 0e41e4d3-9bdd-41a7-a6da-f6547615f156: start FollowerState
2019-10-18 07:09:14,606 [a7c18b56-7bd4-4e97-bac5-a7861ed2f887@group-50E290575453-LeaderElection2] INFO  impl.RoleInfo (RoleInfo.java:updateAndGet(143)) - a7c18b56-7bd4-4e97-bac5-a7861ed2f887: start LeaderState
2019-10-18 07:09:14,607 [pool-37-thread-1] INFO  util.JmxRegister (JmxRegister.java:tryRegister(44)) - Successfully registered JMX Bean with object name Ratis:service=RaftServer,group=group-19CBE725A4FA,id=0e41e4d3-9bdd-41a7-a6da-f6547615f156
2019-10-18 07:09:14,606 [365c74cf-9edf-4118-8168-00280e7ea799@group-36CD4E827075-LeaderElection1] INFO  impl.RoleInfo (RoleInfo.java:updateAndGet(143)) - 365c74cf-9edf-4118-8168-00280e7ea799: start LeaderState
2019-10-18 07:09:14,619 [RatisPipelineUtilsThread] INFO  pipeline.PipelineStateManager (PipelineStateManager.java:addPipeline(55)) - Created pipeline Pipeline[ Id: 6cd50351-4738-46c9-a38d-19cbe725a4fa, Nodes: 0e41e4d3-9bdd-41a7-a6da-f6547615f156{ip: 192.168.69.67, host: pr-hdds-1868-wx8dl-4219780377, networkLocation: /default-rack, certSerialId: null}, Type:RATIS, Factor:ONE, State:ALLOCATED]
2019-10-18 07:09:14,645 [grpc-default-executor-2] INFO  impl.RaftServerProxy (RaftServerProxy.java:addNew(89)) - 365c74cf-9edf-4118-8168-00280e7ea799: addNew group-4D56D0FF4DD9:[a7c18b56-7bd4-4e97-bac5-a7861ed2f887:192.168.69.67:34061, 0e41e4d3-9bdd-41a7-a6da-f6547615f156:192.168.69.67:46622, 365c74cf-9edf-4118-8168-00280e7ea799:192.168.69.67:37281] returns group-4D56D0FF4DD9:java.util.concurrent.CompletableFuture@335d224a[Not completed]
2019-10-18 07:09:14,645 [365c74cf-9edf-4118-8168-00280e7ea799@group-36CD4E827075-LeaderElection1] INFO  segmented.SegmentedRaftLogWorker (SegmentedRaftLogWorker.java:startLogSegment(385)) - 365c74cf-9edf-4118-8168-00280e7ea799@group-36CD4E827075-SegmentedRaftLogWorker: Starting segment from index:0
2019-10-18 07:09:14,645 [grpc-default-executor-1] INFO  impl.RaftServerProxy (RaftServerProxy.java:addNew(89)) - 0e41e4d3-9bdd-41a7-a6da-f6547615f156: addNew group-4D56D0FF4DD9:[a7c18b56-7bd4-4e97-bac5-a7861ed2f887:192.168.69.67:34061, 0e41e4d3-9bdd-41a7-a6da-f6547615f156:192.168.69.67:46622, 365c74cf-9edf-4118-8168-00280e7ea799:192.168.69.67:37281] returns group-4D56D0FF4DD9:java.util.concurrent.CompletableFuture@11a53b95[Not completed]
2019-10-18 07:09:14,645 [a7c18b56-7bd4-4e97-bac5-a7861ed2f887@group-50E290575453-LeaderElection2] INFO  segmented.SegmentedRaftLogWorker (SegmentedRaftLogWorker.java:startLogSegment(385)) - a7c18b56-7bd4-4e97-bac5-a7861ed2f887@group-50E290575453-SegmentedRaftLogWorker: Starting segment from index:0
2019-10-18 07:09:14,647 [pool-27-thread-1] INFO  impl.RaftServerImpl (RaftServerImpl.java:<init>(104)) - 365c74cf-9edf-4118-8168-00280e7ea799: new RaftServerImpl for group-4D56D0FF4DD9:[a7c18b56-7bd4-4e97-bac5-a7861ed2f887:192.168.69.67:34061, 0e41e4d3-9bdd-41a7-a6da-f6547615f156:192.168.69.67:46622, 365c74cf-9edf-4118-8168-00280e7ea799:192.168.69.67:37281] with ContainerStateMachine:uninitialized
2019-10-18 07:09:14,647 [pool-27-thread-1] INFO  server.RaftServerConfigKeys (ConfUtils.java:logGet(43)) - raft.server.rpc.timeout.min = 5s (custom)
2019-10-18 07:09:14,648 [pool-27-thread-1] INFO  server.RaftServerConfigKeys (ConfUtils.java:logGet(43)) - raft.server.rpc.timeout.max = 5200ms (custom)
2019-10-18 07:09:14,648 [pool-27-thread-1] INFO  server.RaftServerConfigKeys (ConfUtils.java:logGet(43)) - raft.server.rpcslowness.timeout = 1000s (custom)
2019-10-18 07:09:14,648 [pool-27-thread-1] INFO  server.RaftServerConfigKeys (ConfUtils.java:logGet(43)) - raft.server.sleep.deviation.threshold = 300 (default)
2019-10-18 07:09:14,648 [pool-27-thread-1] INFO  server.RaftServerConfigKeys (ConfUtils.java:logGet(43)) - raft.server.log.appender.install.snapshot.enabled = false (custom)
2019-10-18 07:09:14,648 [pool-27-thread-1] INFO  impl.RaftServerImpl (ServerState.java:<init>(103)) - 365c74cf-9edf-4118-8168-00280e7ea799@group-4D56D0FF4DD9: ConfigurationManager, init=-1: [a7c18b56-7bd4-4e97-bac5-a7861ed2f887:192.168.69.67:34061, 0e41e4d3-9bdd-41a7-a6da-f6547615f156:192.168.69.67:46622, 365c74cf-9edf-4118-8168-00280e7ea799:192.168.69.67:37281], old=null, confs=<EMPTY_MAP>
2019-10-18 07:09:14,649 [pool-27-thread-1] INFO  server.RaftServerConfigKeys (ConfUtils.java:logGet(43)) - raft.server.storage.dir = [/workdir/hadoop-ozone/integration-test/target/test-dir/MiniOzoneClusterImpl-f89c2c08-6094-404b-a270-7fb2417667b2/datanode-0/data/ratis] (custom)
2019-10-18 07:09:14,649 [pool-37-thread-1] INFO  impl.RaftServerImpl (RaftServerImpl.java:<init>(104)) - 0e41e4d3-9bdd-41a7-a6da-f6547615f156: new RaftServerImpl for group-4D56D0FF4DD9:[a7c18b56-7bd4-4e97-bac5-a7861ed2f887:192.168.69.67:34061, 0e41e4d3-9bdd-41a7-a6da-f6547615f156:192.168.69.67:46622, 365c74cf-9edf-4118-8168-00280e7ea799:192.168.69.67:37281] with ContainerStateMachine:uninitialized
2019-10-18 07:09:14,649 [pool-37-thread-1] INFO  server.RaftServerConfigKeys (ConfUtils.java:logGet(43)) - raft.server.rpc.timeout.min = 5s (custom)
2019-10-18 07:09:14,649 [grpc-default-executor-1] INFO  impl.RaftServerProxy (RaftServerProxy.java:addNew(89)) - a7c18b56-7bd4-4e97-bac5-a7861ed2f887: addNew group-4D56D0FF4DD9:[a7c18b56-7bd4-4e97-bac5-a7861ed2f887:192.168.69.67:34061, 0e41e4d3-9bdd-41a7-a6da-f6547615f156:192.168.69.67:46622, 365c74cf-9edf-4118-8168-00280e7ea799:192.168.69.67:37281] returns group-4D56D0FF4DD9:java.util.concurrent.CompletableFuture@54a7a7c5[Not completed]
2019-10-18 07:09:14,650 [pool-47-thread-1] INFO  impl.RaftServerImpl (RaftServerImpl.java:<init>(104)) - a7c18b56-7bd4-4e97-bac5-a7861ed2f887: new RaftServerImpl for group-4D56D0FF4DD9:[a7c18b56-7bd4-4e97-bac5-a7861ed2f887:192.168.69.67:34061, 0e41e4d3-9bdd-41a7-a6da-f6547615f156:192.168.69.67:46622, 365c74cf-9edf-4118-8168-00280e7ea799:192.168.69.67:37281] with ContainerStateMachine:uninitialized
2019-10-18 07:09:14,651 [pool-47-thread-1] INFO  server.RaftServerConfigKeys (ConfUtils.java:logGet(43)) - raft.server.rpc.timeout.min = 5s (custom)
2019-10-18 07:09:14,651 [pool-47-thread-1] INFO  server.RaftServerConfigKeys (ConfUtils.java:logGet(43)) - raft.server.rpc.timeout.max = 5200ms (custom)
2019-10-18 07:09:14,651 [pool-47-thread-1] INFO  server.RaftServerConfigKeys (ConfUtils.java:logGet(43)) - raft.server.rpcslowness.timeout = 1000s (custom)
2019-10-18 07:09:14,651 [pool-47-thread-1] INFO  server.RaftServerConfigKeys (ConfUtils.java:logGet(43)) - raft.server.sleep.deviation.threshold = 300 (default)
2019-10-18 07:09:14,649 [pool-27-thread-1] INFO  server.RaftServerConfigKeys (ConfUtils.java:logGet(43)) - raft.server.log.corruption.policy = EXCEPTION (default)
2019-10-18 07:09:14,651 [pool-47-thread-1] INFO  server.RaftServerConfigKeys (ConfUtils.java:logGet(43)) - raft.server.log.appender.install.snapshot.enabled = false (custom)
2019-10-18 07:09:14,649 [pool-37-thread-1] INFO  server.RaftServerConfigKeys (ConfUtils.java:logGet(43)) - raft.server.rpc.timeout.max = 5200ms (custom)
2019-10-18 07:09:14,651 [pool-27-thread-1] INFO  storage.RaftStorageDirectory (RaftStorageDirectory.java:analyzeStorage(246)) - The storage directory /workdir/hadoop-ozone/integration-test/target/test-dir/MiniOzoneClusterImpl-f89c2c08-6094-404b-a270-7fb2417667b2/datanode-0/data/ratis/5b98df48-0bd5-4e4e-b730-4d56d0ff4dd9 does not exist. Creating ...
2019-10-18 07:09:14,651 [pool-47-thread-1] INFO  impl.RaftServerImpl (ServerState.java:<init>(103)) - a7c18b56-7bd4-4e97-bac5-a7861ed2f887@group-4D56D0FF4DD9: ConfigurationManager, init=-1: [a7c18b56-7bd4-4e97-bac5-a7861ed2f887:192.168.69.67:34061, 0e41e4d3-9bdd-41a7-a6da-f6547615f156:192.168.69.67:46622, 365c74cf-9edf-4118-8168-00280e7ea799:192.168.69.67:37281], old=null, confs=<EMPTY_MAP>
2019-10-18 07:09:14,652 [pool-37-thread-1] INFO  server.RaftServerConfigKeys (ConfUtils.java:logGet(43)) - raft.server.rpcslowness.timeout = 1000s (custom)
2019-10-18 07:09:14,652 [pool-47-thread-1] INFO  server.RaftServerConfigKeys (ConfUtils.java:logGet(43)) - raft.server.storage.dir = [/workdir/hadoop-ozone/integration-test/target/test-dir/MiniOzoneClusterImpl-f89c2c08-6094-404b-a270-7fb2417667b2/datanode-2/data/ratis] (custom)
2019-10-18 07:09:14,652 [pool-37-thread-1] INFO  server.RaftServerConfigKeys (ConfUtils.java:logGet(43)) - raft.server.sleep.deviation.threshold = 300 (default)
2019-10-18 07:09:14,652 [pool-47-thread-1] INFO  server.RaftServerConfigKeys (ConfUtils.java:logGet(43)) - raft.server.log.corruption.policy = EXCEPTION (default)
2019-10-18 07:09:14,652 [pool-37-thread-1] INFO  server.RaftServerConfigKeys (ConfUtils.java:logGet(43)) - raft.server.log.appender.install.snapshot.enabled = false (custom)
2019-10-18 07:09:14,652 [pool-47-thread-1] INFO  storage.RaftStorageDirectory (RaftStorageDirectory.java:analyzeStorage(246)) - The storage directory /workdir/hadoop-ozone/integration-test/target/test-dir/MiniOzoneClusterImpl-f89c2c08-6094-404b-a270-7fb2417667b2/datanode-2/data/ratis/5b98df48-0bd5-4e4e-b730-4d56d0ff4dd9 does not exist. Creating ...
2019-10-18 07:09:14,652 [pool-37-thread-1] INFO  impl.RaftServerImpl (ServerState.java:<init>(103)) - 0e41e4d3-9bdd-41a7-a6da-f6547615f156@group-4D56D0FF4DD9: ConfigurationManager, init=-1: [a7c18b56-7bd4-4e97-bac5-a7861ed2f887:192.168.69.67:34061, 0e41e4d3-9bdd-41a7-a6da-f6547615f156:192.168.69.67:46622, 365c74cf-9edf-4118-8168-00280e7ea799:192.168.69.67:37281], old=null, confs=<EMPTY_MAP>
2019-10-18 07:09:14,653 [pool-37-thread-1] INFO  server.RaftServerConfigKeys (ConfUtils.java:logGet(43)) - raft.server.storage.dir = [/workdir/hadoop-ozone/integration-test/target/test-dir/MiniOzoneClusterImpl-f89c2c08-6094-404b-a270-7fb2417667b2/datanode-1/data/ratis] (custom)
2019-10-18 07:09:14,653 [pool-37-thread-1] INFO  server.RaftServerConfigKeys (ConfUtils.java:logGet(43)) - raft.server.log.corruption.policy = EXCEPTION (default)
2019-10-18 07:09:14,653 [pool-37-thread-1] INFO  storage.RaftStorageDirectory (RaftStorageDirectory.java:analyzeStorage(246)) - The storage directory /workdir/hadoop-ozone/integration-test/target/test-dir/MiniOzoneClusterImpl-f89c2c08-6094-404b-a270-7fb2417667b2/datanode-1/data/ratis/5b98df48-0bd5-4e4e-b730-4d56d0ff4dd9 does not exist. Creating ...
2019-10-18 07:09:14,658 [a7c18b56-7bd4-4e97-bac5-a7861ed2f887@group-50E290575453-LeaderElection2] INFO  impl.RaftServerImpl (ServerState.java:setRaftConf(357)) - a7c18b56-7bd4-4e97-bac5-a7861ed2f887@group-50E290575453: set configuration 0: [a7c18b56-7bd4-4e97-bac5-a7861ed2f887:192.168.69.67:34061], old=null at 0
2019-10-18 07:09:14,658 [365c74cf-9edf-4118-8168-00280e7ea799@group-36CD4E827075-LeaderElection1] INFO  impl.RaftServerImpl (ServerState.java:setRaftConf(357)) - 365c74cf-9edf-4118-8168-00280e7ea799@group-36CD4E827075: set configuration 0: [365c74cf-9edf-4118-8168-00280e7ea799:192.168.69.67:37281], old=null at 0
2019-10-18 07:09:14,677 [pool-47-thread-1] INFO  storage.RaftStorageDirectory (RaftStorageDirectory.java:tryLock(328)) - Lock on /workdir/hadoop-ozone/integration-test/target/test-dir/MiniOzoneClusterImpl-f89c2c08-6094-404b-a270-7fb2417667b2/datanode-2/data/ratis/5b98df48-0bd5-4e4e-b730-4d56d0ff4dd9/in_use.lock acquired by nodename 23956@pr-hdds-1868-wx8dl-4219780377
2019-10-18 07:09:14,677 [pool-37-thread-1] INFO  storage.RaftStorageDirectory (RaftStorageDirectory.java:tryLock(328)) - Lock on /workdir/hadoop-ozone/integration-test/target/test-dir/MiniOzoneClusterImpl-f89c2c08-6094-404b-a270-7fb2417667b2/datanode-1/data/ratis/5b98df48-0bd5-4e4e-b730-4d56d0ff4dd9/in_use.lock acquired by nodename 23956@pr-hdds-1868-wx8dl-4219780377
2019-10-18 07:09:14,677 [pool-27-thread-1] INFO  storage.RaftStorageDirectory (RaftStorageDirectory.java:tryLock(328)) - Lock on /workdir/hadoop-ozone/integration-test/target/test-dir/MiniOzoneClusterImpl-f89c2c08-6094-404b-a270-7fb2417667b2/datanode-0/data/ratis/5b98df48-0bd5-4e4e-b730-4d56d0ff4dd9/in_use.lock acquired by nodename 23956@pr-hdds-1868-wx8dl-4219780377
2019-10-18 07:09:14,703 [pool-27-thread-1] INFO  storage.RaftStorage (RaftStorage.java:format(84)) - Storage directory /workdir/hadoop-ozone/integration-test/target/test-dir/MiniOzoneClusterImpl-f89c2c08-6094-404b-a270-7fb2417667b2/datanode-0/data/ratis/5b98df48-0bd5-4e4e-b730-4d56d0ff4dd9 has been successfully formatted.
2019-10-18 07:09:14,703 [pool-47-thread-1] INFO  storage.RaftStorage (RaftStorage.java:format(84)) - Storage directory /workdir/hadoop-ozone/integration-test/target/test-dir/MiniOzoneClusterImpl-f89c2c08-6094-404b-a270-7fb2417667b2/datanode-2/data/ratis/5b98df48-0bd5-4e4e-b730-4d56d0ff4dd9 has been successfully formatted.
2019-10-18 07:09:14,703 [pool-37-thread-1] INFO  storage.RaftStorage (RaftStorage.java:format(84)) - Storage directory /workdir/hadoop-ozone/integration-test/target/test-dir/MiniOzoneClusterImpl-f89c2c08-6094-404b-a270-7fb2417667b2/datanode-1/data/ratis/5b98df48-0bd5-4e4e-b730-4d56d0ff4dd9 has been successfully formatted.
2019-10-18 07:09:14,703 [pool-27-thread-1] INFO  ratis.ContainerStateMachine (ContainerStateMachine.java:loadSnapshot(233)) - group-4D56D0FF4DD9: The snapshot info is null. Setting the last applied indexto:(t:0, i:~)
2019-10-18 07:09:14,704 [pool-47-thread-1] INFO  ratis.ContainerStateMachine (ContainerStateMachine.java:loadSnapshot(233)) - group-4D56D0FF4DD9: The snapshot info is null. Setting the last applied indexto:(t:0, i:~)
2019-10-18 07:09:14,704 [pool-27-thread-1] INFO  server.RaftServerConfigKeys (ConfUtils.java:logGet(43)) - raft.server.notification.no-leader.timeout = 1000s (custom)
2019-10-18 07:09:14,704 [pool-37-thread-1] INFO  ratis.ContainerStateMachine (ContainerStateMachine.java:loadSnapshot(233)) - group-4D56D0FF4DD9: The snapshot info is null. Setting the last applied indexto:(t:0, i:~)
2019-10-18 07:09:14,704 [pool-27-thread-1] INFO  server.RaftServerConfigKeys (ConfUtils.java:logGet(43)) - raft.server.log.use.memory = false (default)
2019-10-18 07:09:14,704 [pool-47-thread-1] INFO  server.RaftServerConfigKeys (ConfUtils.java:logGet(43)) - raft.server.notification.no-leader.timeout = 1000s (custom)
2019-10-18 07:09:14,704 [pool-27-thread-1] INFO  server.RaftServerConfigKeys (ConfUtils.java:logGet(43)) - raft.server.log.purge.gap = 1000000 (custom)
2019-10-18 07:09:14,704 [pool-37-thread-1] INFO  server.RaftServerConfigKeys (ConfUtils.java:logGet(43)) - raft.server.notification.no-leader.timeout = 1000s (custom)
2019-10-18 07:09:14,705 [pool-27-thread-1] INFO  server.RaftServerConfigKeys (ConfUtils.java:logGet(43)) - raft.server.log.appender.buffer.byte-limit = 33554432 (custom)
2019-10-18 07:09:14,704 [pool-47-thread-1] INFO  server.RaftServerConfigKeys (ConfUtils.java:logGet(43)) - raft.server.log.use.memory = false (default)
2019-10-18 07:09:14,705 [pool-27-thread-1] INFO  server.RaftServerConfigKeys (ConfUtils.java:logGet(43)) - raft.server.log.segment.size.max = 1048576 (custom)
2019-10-18 07:09:14,705 [pool-47-thread-1] INFO  server.RaftServerConfigKeys (ConfUtils.java:logGet(43)) - raft.server.log.purge.gap = 1000000 (custom)
2019-10-18 07:09:14,705 [pool-37-thread-1] INFO  server.RaftServerConfigKeys (ConfUtils.java:logGet(43)) - raft.server.log.use.memory = false (default)
2019-10-18 07:09:14,705 [pool-47-thread-1] INFO  server.RaftServerConfigKeys (ConfUtils.java:logGet(43)) - raft.server.log.appender.buffer.byte-limit = 33554432 (custom)
2019-10-18 07:09:14,705 [pool-27-thread-1] INFO  server.RaftServerConfigKeys (ConfUtils.java:logGet(43)) - raft.server.log.segment.cache.num.max = 2 (custom)
2019-10-18 07:09:14,705 [pool-47-thread-1] INFO  server.RaftServerConfigKeys (ConfUtils.java:logGet(43)) - raft.server.log.segment.size.max = 1048576 (custom)
2019-10-18 07:09:14,705 [pool-37-thread-1] INFO  server.RaftServerConfigKeys (ConfUtils.java:logGet(43)) - raft.server.log.purge.gap = 1000000 (custom)
2019-10-18 07:09:14,706 [pool-47-thread-1] INFO  server.RaftServerConfigKeys (ConfUtils.java:logGet(43)) - raft.server.log.segment.cache.num.max = 2 (custom)
2019-10-18 07:09:14,706 [pool-27-thread-1] INFO  segmented.SegmentedRaftLogWorker (SegmentedRaftLogWorker.java:<init>(173)) - new 365c74cf-9edf-4118-8168-00280e7ea799@group-4D56D0FF4DD9-SegmentedRaftLogWorker for RaftStorage:Storage Directory /workdir/hadoop-ozone/integration-test/target/test-dir/MiniOzoneClusterImpl-f89c2c08-6094-404b-a270-7fb2417667b2/datanode-0/data/ratis/5b98df48-0bd5-4e4e-b730-4d56d0ff4dd9
2019-10-18 07:09:14,706 [pool-47-thread-1] INFO  segmented.SegmentedRaftLogWorker (SegmentedRaftLogWorker.java:<init>(173)) - new a7c18b56-7bd4-4e97-bac5-a7861ed2f887@group-4D56D0FF4DD9-SegmentedRaftLogWorker for RaftStorage:Storage Directory /workdir/hadoop-ozone/integration-test/target/test-dir/MiniOzoneClusterImpl-f89c2c08-6094-404b-a270-7fb2417667b2/datanode-2/data/ratis/5b98df48-0bd5-4e4e-b730-4d56d0ff4dd9
2019-10-18 07:09:14,706 [pool-37-thread-1] INFO  server.RaftServerConfigKeys (ConfUtils.java:logGet(43)) - raft.server.log.appender.buffer.byte-limit = 33554432 (custom)
2019-10-18 07:09:14,706 [pool-47-thread-1] INFO  server.RaftServerConfigKeys (ConfUtils.java:logGet(43)) - raft.server.log.queue.byte-limit = 2147483647 (custom)
2019-10-18 07:09:14,706 [pool-27-thread-1] INFO  server.RaftServerConfigKeys (ConfUtils.java:logGet(43)) - raft.server.log.queue.byte-limit = 2147483647 (custom)
2019-10-18 07:09:14,707 [pool-47-thread-1] INFO  server.RaftServerConfigKeys (ConfUtils.java:logGet(43)) - raft.server.log.queue.element-limit = 1024 (custom)
2019-10-18 07:09:14,706 [pool-37-thread-1] INFO  server.RaftServerConfigKeys (ConfUtils.java:logGet(43)) - raft.server.log.segment.size.max = 1048576 (custom)
2019-10-18 07:09:14,707 [pool-47-thread-1] INFO  server.RaftServerConfigKeys (ConfUtils.java:logGet(43)) - raft.server.log.segment.size.max = 1048576 (custom)
2019-10-18 07:09:14,707 [pool-27-thread-1] INFO  server.RaftServerConfigKeys (ConfUtils.java:logGet(43)) - raft.server.log.queue.element-limit = 1024 (custom)
2019-10-18 07:09:14,707 [pool-47-thread-1] INFO  server.RaftServerConfigKeys (ConfUtils.java:logGet(43)) - raft.server.log.preallocated.size = 16384 (custom)
2019-10-18 07:09:14,707 [pool-37-thread-1] INFO  server.RaftServerConfigKeys (ConfUtils.java:logGet(43)) - raft.server.log.segment.cache.num.max = 2 (custom)
2019-10-18 07:09:14,707 [pool-47-thread-1] INFO  server.RaftServerConfigKeys (ConfUtils.java:logGet(43)) - raft.server.log.write.buffer.size = 33554432 (custom)
2019-10-18 07:09:14,707 [pool-27-thread-1] INFO  server.RaftServerConfigKeys (ConfUtils.java:logGet(43)) - raft.server.log.segment.size.max = 1048576 (custom)
2019-10-18 07:09:14,708 [pool-47-thread-1] INFO  server.RaftServerConfigKeys (ConfUtils.java:logGet(43)) - raft.server.log.force.sync.num = 128 (default)
2019-10-18 07:09:14,708 [pool-37-thread-1] INFO  segmented.SegmentedRaftLogWorker (SegmentedRaftLogWorker.java:<init>(173)) - new 0e41e4d3-9bdd-41a7-a6da-f6547615f156@group-4D56D0FF4DD9-SegmentedRaftLogWorker for RaftStorage:Storage Directory /workdir/hadoop-ozone/integration-test/target/test-dir/MiniOzoneClusterImpl-f89c2c08-6094-404b-a270-7fb2417667b2/datanode-1/data/ratis/5b98df48-0bd5-4e4e-b730-4d56d0ff4dd9
2019-10-18 07:09:14,708 [pool-47-thread-1] INFO  server.RaftServerConfigKeys (ConfUtils.java:logGet(43)) - raft.server.log.statemachine.data.sync = true (default)
2019-10-18 07:09:14,708 [pool-27-thread-1] INFO  server.RaftServerConfigKeys (ConfUtils.java:logGet(43)) - raft.server.log.preallocated.size = 16384 (custom)
2019-10-18 07:09:14,708 [pool-47-thread-1] INFO  server.RaftServerConfigKeys (ConfUtils.java:logGet(43)) - raft.server.log.statemachine.data.sync.timeout = 10s (default)
2019-10-18 07:09:14,708 [pool-37-thread-1] INFO  server.RaftServerConfigKeys (ConfUtils.java:logGet(43)) - raft.server.log.queue.byte-limit = 2147483647 (custom)
2019-10-18 07:09:14,709 [pool-47-thread-1] INFO  server.RaftServerConfigKeys (ConfUtils.java:logGet(43)) - raft.server.log.statemachine.data.sync.timeout.retry = -1 (default)
2019-10-18 07:09:14,708 [pool-27-thread-1] INFO  server.RaftServerConfigKeys (ConfUtils.java:logGet(43)) - raft.server.log.write.buffer.size = 33554432 (custom)
2019-10-18 07:09:14,709 [pool-37-thread-1] INFO  server.RaftServerConfigKeys (ConfUtils.java:logGet(43)) - raft.server.log.queue.element-limit = 1024 (custom)
2019-10-18 07:09:14,709 [pool-27-thread-1] INFO  server.RaftServerConfigKeys (ConfUtils.java:logGet(43)) - raft.server.log.force.sync.num = 128 (default)
2019-10-18 07:09:14,709 [pool-37-thread-1] INFO  server.RaftServerConfigKeys (ConfUtils.java:logGet(43)) - raft.server.log.segment.size.max = 1048576 (custom)
2019-10-18 07:09:14,709 [pool-47-thread-1] INFO  server.RaftServerConfigKeys (ConfUtils.java:logGet(43)) - raft.server.log.statemachine.data.caching.enabled = true (custom)
2019-10-18 07:09:14,709 [pool-37-thread-1] INFO  server.RaftServerConfigKeys (ConfUtils.java:logGet(43)) - raft.server.log.preallocated.size = 16384 (custom)
2019-10-18 07:09:14,709 [pool-27-thread-1] INFO  server.RaftServerConfigKeys (ConfUtils.java:logGet(43)) - raft.server.log.statemachine.data.sync = true (default)
2019-10-18 07:09:14,710 [pool-37-thread-1] INFO  server.RaftServerConfigKeys (ConfUtils.java:logGet(43)) - raft.server.log.write.buffer.size = 33554432 (custom)
2019-10-18 07:09:14,710 [pool-27-thread-1] INFO  server.RaftServerConfigKeys (ConfUtils.java:logGet(43)) - raft.server.log.statemachine.data.sync.timeout = 10s (default)
2019-10-18 07:09:14,710 [pool-47-thread-1] INFO  segmented.SegmentedRaftLogWorker (SegmentedRaftLogWorker.java:lambda$new$0(128)) - a7c18b56-7bd4-4e97-bac5-a7861ed2f887@group-4D56D0FF4DD9-SegmentedRaftLogWorker: flushIndex: setUnconditionally 0 -> -1
2019-10-18 07:09:14,710 [pool-37-thread-1] INFO  server.RaftServerConfigKeys (ConfUtils.java:logGet(43)) - raft.server.log.force.sync.num = 128 (default)
2019-10-18 07:09:14,710 [pool-27-thread-1] INFO  server.RaftServerConfigKeys (ConfUtils.java:logGet(43)) - raft.server.log.statemachine.data.sync.timeout.retry = -1 (default)
2019-10-18 07:09:14,710 [pool-37-thread-1] INFO  server.RaftServerConfigKeys (ConfUtils.java:logGet(43)) - raft.server.log.statemachine.data.sync = true (default)
2019-10-18 07:09:14,710 [pool-27-thread-1] INFO  server.RaftServerConfigKeys (ConfUtils.java:logGet(43)) - raft.server.log.statemachine.data.caching.enabled = true (custom)
2019-10-18 07:09:14,710 [pool-47-thread-1] INFO  server.RaftServerConfigKeys (ConfUtils.java:logGet(43)) - raft.server.snapshot.auto.trigger.enabled = true (custom)
2019-10-18 07:09:14,710 [pool-37-thread-1] INFO  server.RaftServerConfigKeys (ConfUtils.java:logGet(43)) - raft.server.log.statemachine.data.sync.timeout = 10s (default)
2019-10-18 07:09:14,711 [pool-47-thread-1] INFO  server.RaftServerConfigKeys (ConfUtils.java:logGet(43)) - raft.server.snapshot.auto.trigger.threshold = 10000 (custom)
2019-10-18 07:09:14,711 [pool-27-thread-1] INFO  segmented.SegmentedRaftLogWorker (SegmentedRaftLogWorker.java:lambda$new$0(128)) - 365c74cf-9edf-4118-8168-00280e7ea799@group-4D56D0FF4DD9-SegmentedRaftLogWorker: flushIndex: setUnconditionally 0 -> -1
2019-10-18 07:09:14,711 [pool-47-thread-1] INFO  server.RaftServerConfigKeys (ConfUtils.java:logGet(43)) - raft.server.snapshot.retention.file.num = 5 (custom)
2019-10-18 07:09:14,711 [pool-37-thread-1] INFO  server.RaftServerConfigKeys (ConfUtils.java:logGet(43)) - raft.server.log.statemachine.data.sync.timeout.retry = -1 (default)
2019-10-18 07:09:14,711 [pool-27-thread-1] INFO  server.RaftServerConfigKeys (ConfUtils.java:logGet(43)) - raft.server.snapshot.auto.trigger.enabled = true (custom)
2019-10-18 07:09:14,711 [pool-37-thread-1] INFO  server.RaftServerConfigKeys (ConfUtils.java:logGet(43)) - raft.server.log.statemachine.data.caching.enabled = true (custom)
2019-10-18 07:09:14,711 [pool-47-thread-1] INFO  server.RaftServerConfigKeys (ConfUtils.java:logGet(43)) - raft.server.retrycache.expirytime = 600000ms (custom)
2019-10-18 07:09:14,711 [pool-27-thread-1] INFO  server.RaftServerConfigKeys (ConfUtils.java:logGet(43)) - raft.server.snapshot.auto.trigger.threshold = 10000 (custom)
2019-10-18 07:09:14,711 [pool-37-thread-1] INFO  segmented.SegmentedRaftLogWorker (SegmentedRaftLogWorker.java:lambda$new$0(128)) - 0e41e4d3-9bdd-41a7-a6da-f6547615f156@group-4D56D0FF4DD9-SegmentedRaftLogWorker: flushIndex: setUnconditionally 0 -> -1
2019-10-18 07:09:14,712 [pool-27-thread-1] INFO  server.RaftServerConfigKeys (ConfUtils.java:logGet(43)) - raft.server.snapshot.retention.file.num = 5 (custom)
2019-10-18 07:09:14,712 [pool-37-thread-1] INFO  server.RaftServerConfigKeys (ConfUtils.java:logGet(43)) - raft.server.snapshot.auto.trigger.enabled = true (custom)
2019-10-18 07:09:14,712 [pool-37-thread-1] INFO  server.RaftServerConfigKeys (ConfUtils.java:logGet(43)) - raft.server.snapshot.auto.trigger.threshold = 10000 (custom)
2019-10-18 07:09:14,712 [pool-27-thread-1] INFO  server.RaftServerConfigKeys (ConfUtils.java:logGet(43)) - raft.server.retrycache.expirytime = 600000ms (custom)
2019-10-18 07:09:14,712 [pool-37-thread-1] INFO  server.RaftServerConfigKeys (ConfUtils.java:logGet(43)) - raft.server.snapshot.retention.file.num = 5 (custom)
2019-10-18 07:09:14,713 [pool-37-thread-1] INFO  server.RaftServerConfigKeys (ConfUtils.java:logGet(43)) - raft.server.retrycache.expirytime = 600000ms (custom)
2019-10-18 07:09:14,717 [pool-37-thread-1] INFO  impl.RaftServerImpl (RaftServerImpl.java:start(195)) - 0e41e4d3-9bdd-41a7-a6da-f6547615f156@group-4D56D0FF4DD9: start as a follower, conf=-1: [a7c18b56-7bd4-4e97-bac5-a7861ed2f887:192.168.69.67:34061, 0e41e4d3-9bdd-41a7-a6da-f6547615f156:192.168.69.67:46622, 365c74cf-9edf-4118-8168-00280e7ea799:192.168.69.67:37281], old=null
2019-10-18 07:09:14,717 [pool-37-thread-1] INFO  impl.RaftServerImpl (RaftServerImpl.java:setRole(184)) - 0e41e4d3-9bdd-41a7-a6da-f6547615f156@group-4D56D0FF4DD9: changes role from      null to FOLLOWER at term 0 for startAsFollower
2019-10-18 07:09:14,717 [pool-37-thread-1] INFO  impl.RoleInfo (RoleInfo.java:updateAndGet(143)) - 0e41e4d3-9bdd-41a7-a6da-f6547615f156: start FollowerState
2019-10-18 07:09:14,717 [pool-37-thread-1] INFO  util.JmxRegister (JmxRegister.java:tryRegister(44)) - Successfully registered JMX Bean with object name Ratis:service=RaftServer,group=group-4D56D0FF4DD9,id=0e41e4d3-9bdd-41a7-a6da-f6547615f156
2019-10-18 07:09:14,717 [pool-47-thread-1] INFO  impl.RaftServerImpl (RaftServerImpl.java:start(195)) - a7c18b56-7bd4-4e97-bac5-a7861ed2f887@group-4D56D0FF4DD9: start as a follower, conf=-1: [a7c18b56-7bd4-4e97-bac5-a7861ed2f887:192.168.69.67:34061, 0e41e4d3-9bdd-41a7-a6da-f6547615f156:192.168.69.67:46622, 365c74cf-9edf-4118-8168-00280e7ea799:192.168.69.67:37281], old=null
2019-10-18 07:09:14,718 [pool-47-thread-1] INFO  impl.RaftServerImpl (RaftServerImpl.java:setRole(184)) - a7c18b56-7bd4-4e97-bac5-a7861ed2f887@group-4D56D0FF4DD9: changes role from      null to FOLLOWER at term 0 for startAsFollower
2019-10-18 07:09:14,718 [pool-27-thread-1] INFO  impl.RaftServerImpl (RaftServerImpl.java:start(195)) - 365c74cf-9edf-4118-8168-00280e7ea799@group-4D56D0FF4DD9: start as a follower, conf=-1: [a7c18b56-7bd4-4e97-bac5-a7861ed2f887:192.168.69.67:34061, 0e41e4d3-9bdd-41a7-a6da-f6547615f156:192.168.69.67:46622, 365c74cf-9edf-4118-8168-00280e7ea799:192.168.69.67:37281], old=null
2019-10-18 07:09:14,718 [pool-47-thread-1] INFO  impl.RoleInfo (RoleInfo.java:updateAndGet(143)) - a7c18b56-7bd4-4e97-bac5-a7861ed2f887: start FollowerState
2019-10-18 07:09:14,718 [pool-27-thread-1] INFO  impl.RaftServerImpl (RaftServerImpl.java:setRole(184)) - 365c74cf-9edf-4118-8168-00280e7ea799@group-4D56D0FF4DD9: changes role from      null to FOLLOWER at term 0 for startAsFollower
2019-10-18 07:09:14,718 [pool-27-thread-1] INFO  impl.RoleInfo (RoleInfo.java:updateAndGet(143)) - 365c74cf-9edf-4118-8168-00280e7ea799: start FollowerState
2019-10-18 07:09:14,718 [pool-47-thread-1] INFO  util.JmxRegister (JmxRegister.java:tryRegister(44)) - Successfully registered JMX Bean with object name Ratis:service=RaftServer,group=group-4D56D0FF4DD9,id=a7c18b56-7bd4-4e97-bac5-a7861ed2f887
2019-10-18 07:09:14,719 [pool-27-thread-1] INFO  util.JmxRegister (JmxRegister.java:tryRegister(44)) - Successfully registered JMX Bean with object name Ratis:service=RaftServer,group=group-4D56D0FF4DD9,id=365c74cf-9edf-4118-8168-00280e7ea799
2019-10-18 07:09:14,725 [Thread-202] INFO  impl.FollowerState (FollowerState.java:run(108)) - a7c18b56-7bd4-4e97-bac5-a7861ed2f887@group-4D56D0FF4DD9-FollowerState: change to CANDIDATE, lastRpcTime:7ms, electionTimeout:7ms
2019-10-18 07:09:14,727 [Thread-202] INFO  impl.RoleInfo (RoleInfo.java:shutdownFollowerState(121)) - a7c18b56-7bd4-4e97-bac5-a7861ed2f887: shutdown FollowerState
2019-10-18 07:09:14,730 [Thread-202] INFO  impl.RaftServerImpl (RaftServerImpl.java:setRole(184)) - a7c18b56-7bd4-4e97-bac5-a7861ed2f887@group-4D56D0FF4DD9: changes role from  FOLLOWER to CANDIDATE at term 0 for changeToCandidate
2019-10-18 07:09:14,730 [Thread-202] INFO  impl.RoleInfo (RoleInfo.java:updateAndGet(143)) - a7c18b56-7bd4-4e97-bac5-a7861ed2f887: start LeaderElection
2019-10-18 07:09:14,741 [RatisPipelineUtilsThread] INFO  pipeline.PipelineStateManager (PipelineStateManager.java:addPipeline(55)) - Created pipeline Pipeline[ Id: 5b98df48-0bd5-4e4e-b730-4d56d0ff4dd9, Nodes: a7c18b56-7bd4-4e97-bac5-a7861ed2f887{ip: 192.168.69.67, host: pr-hdds-1868-wx8dl-4219780377, networkLocation: /default-rack, certSerialId: null}365c74cf-9edf-4118-8168-00280e7ea799{ip: 192.168.69.67, host: pr-hdds-1868-wx8dl-4219780377, networkLocation: /default-rack, certSerialId: null}0e41e4d3-9bdd-41a7-a6da-f6547615f156{ip: 192.168.69.67, host: pr-hdds-1868-wx8dl-4219780377, networkLocation: /default-rack, certSerialId: null}, Type:RATIS, Factor:THREE, State:ALLOCATED]
2019-10-18 07:09:14,743 [EventQueue-PipelineReportForPipelineReportHandler] INFO  pipeline.PipelineReportHandler (PipelineReportHandler.java:processPipelineReport(119)) - Pipeline PipelineID=19c2287a-5ccc-4c99-82d9-36cd4e827075 reported by 365c74cf-9edf-4118-8168-00280e7ea799{ip: 192.168.69.67, host: pr-hdds-1868-wx8dl-4219780377, networkLocation: /default-rack, certSerialId: null} with leaderId 365c74cf-9edf-4118-8168-00280e7ea799
2019-10-18 07:09:14,743 [main] INFO  ozone.MiniOzoneClusterImpl (MiniOzoneClusterImpl.java:lambda$waitForClusterToBeReady$2(164)) - Waiting for 4 number of pipelines out of 4, to report a leader.
2019-10-18 07:09:14,746 [a7c18b56-7bd4-4e97-bac5-a7861ed2f887@group-4D56D0FF4DD9-LeaderElection3] INFO  impl.LeaderElection (LeaderElection.java:askForVotes(178)) - a7c18b56-7bd4-4e97-bac5-a7861ed2f887@group-4D56D0FF4DD9-LeaderElection3: begin an election at term 1 for -1: [a7c18b56-7bd4-4e97-bac5-a7861ed2f887:192.168.69.67:34061, 0e41e4d3-9bdd-41a7-a6da-f6547615f156:192.168.69.67:46622, 365c74cf-9edf-4118-8168-00280e7ea799:192.168.69.67:37281], old=null
2019-10-18 07:09:14,748 [EventQueue-PipelineReportForPipelineReportHandler] INFO  pipeline.PipelineStateManager (PipelineStateManager.java:openPipeline(134)) - Pipeline Pipeline[ Id: 19c2287a-5ccc-4c99-82d9-36cd4e827075, Nodes: 365c74cf-9edf-4118-8168-00280e7ea799{ip: 192.168.69.67, host: pr-hdds-1868-wx8dl-4219780377, networkLocation: /default-rack, certSerialId: null}, Type:RATIS, Factor:ONE, State:OPEN] moved to OPEN state
2019-10-18 07:09:14,748 [EventQueue-PipelineReportForPipelineReportHandler] INFO  pipeline.PipelineReportHandler (PipelineReportHandler.java:processPipelineReport(119)) - Pipeline PipelineID=5bd10b1a-673a-432a-8c72-50e290575453 reported by a7c18b56-7bd4-4e97-bac5-a7861ed2f887{ip: 192.168.69.67, host: pr-hdds-1868-wx8dl-4219780377, networkLocation: /default-rack, certSerialId: null} with leaderId a7c18b56-7bd4-4e97-bac5-a7861ed2f887
2019-10-18 07:09:14,748 [EventQueue-PipelineReportForPipelineReportHandler] INFO  pipeline.PipelineStateManager (PipelineStateManager.java:openPipeline(134)) - Pipeline Pipeline[ Id: 5bd10b1a-673a-432a-8c72-50e290575453, Nodes: a7c18b56-7bd4-4e97-bac5-a7861ed2f887{ip: 192.168.69.67, host: pr-hdds-1868-wx8dl-4219780377, networkLocation: /default-rack, certSerialId: null}, Type:RATIS, Factor:ONE, State:OPEN] moved to OPEN state
2019-10-18 07:09:14,778 [grpc-default-executor-2] INFO  impl.RaftServerImpl (RaftServerImpl.java:setRole(184)) - 365c74cf-9edf-4118-8168-00280e7ea799@group-4D56D0FF4DD9: changes role from  FOLLOWER to FOLLOWER at term 1 for recognizeCandidate:a7c18b56-7bd4-4e97-bac5-a7861ed2f887
2019-10-18 07:09:14,778 [grpc-default-executor-1] INFO  impl.RaftServerImpl (RaftServerImpl.java:setRole(184)) - 0e41e4d3-9bdd-41a7-a6da-f6547615f156@group-4D56D0FF4DD9: changes role from  FOLLOWER to FOLLOWER at term 1 for recognizeCandidate:a7c18b56-7bd4-4e97-bac5-a7861ed2f887
2019-10-18 07:09:14,778 [grpc-default-executor-2] INFO  impl.RoleInfo (RoleInfo.java:shutdownFollowerState(121)) - 365c74cf-9edf-4118-8168-00280e7ea799: shutdown FollowerState
2019-10-18 07:09:14,779 [grpc-default-executor-1] INFO  impl.RoleInfo (RoleInfo.java:shutdownFollowerState(121)) - 0e41e4d3-9bdd-41a7-a6da-f6547615f156: shutdown FollowerState
2019-10-18 07:09:14,779 [grpc-default-executor-2] INFO  impl.RoleInfo (RoleInfo.java:updateAndGet(143)) - 365c74cf-9edf-4118-8168-00280e7ea799: start FollowerState
2019-10-18 07:09:14,779 [Thread-203] INFO  impl.FollowerState (FollowerState.java:run(117)) - 365c74cf-9edf-4118-8168-00280e7ea799@group-4D56D0FF4DD9-FollowerState was interrupted: java.lang.InterruptedException: sleep interrupted
2019-10-18 07:09:14,779 [grpc-default-executor-1] INFO  impl.RoleInfo (RoleInfo.java:updateAndGet(143)) - 0e41e4d3-9bdd-41a7-a6da-f6547615f156: start FollowerState
2019-10-18 07:09:14,779 [Thread-201] INFO  impl.FollowerState (FollowerState.java:run(117)) - 0e41e4d3-9bdd-41a7-a6da-f6547615f156@group-4D56D0FF4DD9-FollowerState was interrupted: java.lang.InterruptedException: sleep interrupted
2019-10-18 07:09:14,791 [Thread-196] INFO  impl.FollowerState (FollowerState.java:run(108)) - 0e41e4d3-9bdd-41a7-a6da-f6547615f156@group-19CBE725A4FA-FollowerState: change to CANDIDATE, lastRpcTime:184ms, electionTimeout:184ms
2019-10-18 07:09:14,791 [Thread-196] INFO  impl.RoleInfo (RoleInfo.java:shutdownFollowerState(121)) - 0e41e4d3-9bdd-41a7-a6da-f6547615f156: shutdown FollowerState
2019-10-18 07:09:14,791 [Thread-196] INFO  impl.RaftServerImpl (RaftServerImpl.java:setRole(184)) - 0e41e4d3-9bdd-41a7-a6da-f6547615f156@group-19CBE725A4FA: changes role from  FOLLOWER to CANDIDATE at term 0 for changeToCandidate
2019-10-18 07:09:14,791 [Thread-196] INFO  impl.RoleInfo (RoleInfo.java:updateAndGet(143)) - 0e41e4d3-9bdd-41a7-a6da-f6547615f156: start LeaderElection
2019-10-18 07:09:14,809 [0e41e4d3-9bdd-41a7-a6da-f6547615f156@group-19CBE725A4FA-LeaderElection4] INFO  impl.LeaderElection (LeaderElection.java:askForVotes(178)) - 0e41e4d3-9bdd-41a7-a6da-f6547615f156@group-19CBE725A4FA-LeaderElection4: begin an election at term 1 for -1: [0e41e4d3-9bdd-41a7-a6da-f6547615f156:192.168.69.67:46622], old=null
2019-10-18 07:09:14,809 [0e41e4d3-9bdd-41a7-a6da-f6547615f156@group-19CBE725A4FA-LeaderElection4] INFO  impl.RoleInfo (RoleInfo.java:shutdownLeaderElection(134)) - 0e41e4d3-9bdd-41a7-a6da-f6547615f156: shutdown LeaderElection
2019-10-18 07:09:14,809 [0e41e4d3-9bdd-41a7-a6da-f6547615f156@group-19CBE725A4FA-LeaderElection4] INFO  impl.RaftServerImpl (RaftServerImpl.java:setRole(184)) - 0e41e4d3-9bdd-41a7-a6da-f6547615f156@group-19CBE725A4FA: changes role from CANDIDATE to LEADER at term 1 for changeToLeader
2019-10-18 07:09:14,809 [0e41e4d3-9bdd-41a7-a6da-f6547615f156@group-19CBE725A4FA-LeaderElection4] INFO  ratis.XceiverServerRatis (XceiverServerRatis.java:handleLeaderChangedNotification(699)) - Leader change notification received for group: group-19CBE725A4FA with new leaderId: 0e41e4d3-9bdd-41a7-a6da-f6547615f156
2019-10-18 07:09:14,809 [0e41e4d3-9bdd-41a7-a6da-f6547615f156@group-19CBE725A4FA-LeaderElection4] INFO  impl.RaftServerImpl (ServerState.java:setLeader(256)) - 0e41e4d3-9bdd-41a7-a6da-f6547615f156@group-19CBE725A4FA: change Leader from null to 0e41e4d3-9bdd-41a7-a6da-f6547615f156 at term 1 for becomeLeader, leader elected after 218ms
2019-10-18 07:09:14,810 [0e41e4d3-9bdd-41a7-a6da-f6547615f156@group-19CBE725A4FA-LeaderElection4] INFO  server.RaftServerConfigKeys (ConfUtils.java:logGet(43)) - raft.server.staging.catchup.gap = 1000 (default)
2019-10-18 07:09:14,810 [0e41e4d3-9bdd-41a7-a6da-f6547615f156@group-19CBE725A4FA-LeaderElection4] INFO  server.RaftServerConfigKeys (ConfUtils.java:logGet(43)) - raft.server.rpc.sleep.time = 25ms (default)
2019-10-18 07:09:14,810 [0e41e4d3-9bdd-41a7-a6da-f6547615f156@group-19CBE725A4FA-LeaderElection4] INFO  server.RaftServerConfigKeys (ConfUtils.java:logGet(43)) - raft.server.write.element-limit = 4096 (default)
2019-10-18 07:09:14,810 [0e41e4d3-9bdd-41a7-a6da-f6547615f156@group-19CBE725A4FA-LeaderElection4] INFO  server.RaftServerConfigKeys (ConfUtils.java:logGet(43)) - raft.server.watch.timeout = 10s (default)
2019-10-18 07:09:14,831 [0e41e4d3-9bdd-41a7-a6da-f6547615f156@group-19CBE725A4FA-LeaderElection4] INFO  server.RaftServerConfigKeys (ConfUtils.java:logGet(43)) - raft.server.watch.timeout.denomination = 1s (default)
2019-10-18 07:09:14,831 [0e41e4d3-9bdd-41a7-a6da-f6547615f156@group-19CBE725A4FA-LeaderElection4] INFO  server.RaftServerConfigKeys (ConfUtils.java:logGet(43)) - raft.server.watch.element-limit = 65536 (default)
2019-10-18 07:09:14,832 [EventQueue-PipelineReportForPipelineReportHandler] INFO  pipeline.PipelineReportHandler (PipelineReportHandler.java:processPipelineReport(119)) - Pipeline PipelineID=5b98df48-0bd5-4e4e-b730-4d56d0ff4dd9 reported by 0e41e4d3-9bdd-41a7-a6da-f6547615f156{ip: 192.168.69.67, host: pr-hdds-1868-wx8dl-4219780377, networkLocation: /default-rack, certSerialId: null} with leaderId 
2019-10-18 07:09:14,832 [EventQueue-PipelineReportForPipelineReportHandler] INFO  pipeline.PipelineReportHandler (PipelineReportHandler.java:processPipelineReport(119)) - Pipeline PipelineID=6cd50351-4738-46c9-a38d-19cbe725a4fa reported by 0e41e4d3-9bdd-41a7-a6da-f6547615f156{ip: 192.168.69.67, host: pr-hdds-1868-wx8dl-4219780377, networkLocation: /default-rack, certSerialId: null} with leaderId 0e41e4d3-9bdd-41a7-a6da-f6547615f156
2019-10-18 07:09:14,832 [EventQueue-PipelineReportForPipelineReportHandler] INFO  pipeline.PipelineStateManager (PipelineStateManager.java:openPipeline(134)) - Pipeline Pipeline[ Id: 6cd50351-4738-46c9-a38d-19cbe725a4fa, Nodes: 0e41e4d3-9bdd-41a7-a6da-f6547615f156{ip: 192.168.69.67, host: pr-hdds-1868-wx8dl-4219780377, networkLocation: /default-rack, certSerialId: null}, Type:RATIS, Factor:ONE, State:OPEN] moved to OPEN state
2019-10-18 07:09:14,838 [0e41e4d3-9bdd-41a7-a6da-f6547615f156@group-19CBE725A4FA-LeaderElection4] INFO  impl.RoleInfo (RoleInfo.java:updateAndGet(143)) - 0e41e4d3-9bdd-41a7-a6da-f6547615f156: start LeaderState
2019-10-18 07:09:14,839 [0e41e4d3-9bdd-41a7-a6da-f6547615f156@group-19CBE725A4FA-LeaderElection4] INFO  segmented.SegmentedRaftLogWorker (SegmentedRaftLogWorker.java:startLogSegment(385)) - 0e41e4d3-9bdd-41a7-a6da-f6547615f156@group-19CBE725A4FA-SegmentedRaftLogWorker: Starting segment from index:0
2019-10-18 07:09:14,839 [0e41e4d3-9bdd-41a7-a6da-f6547615f156@group-19CBE725A4FA-LeaderElection4] INFO  impl.RaftServerImpl (ServerState.java:setRaftConf(357)) - 0e41e4d3-9bdd-41a7-a6da-f6547615f156@group-19CBE725A4FA: set configuration 0: [0e41e4d3-9bdd-41a7-a6da-f6547615f156:192.168.69.67:46622], old=null at 0
2019-10-18 07:09:14,873 [365c74cf-9edf-4118-8168-00280e7ea799@group-36CD4E827075-SegmentedRaftLogWorker] INFO  segmented.SegmentedRaftLogWorker (SegmentedRaftLogWorker.java:execute(576)) - 365c74cf-9edf-4118-8168-00280e7ea799@group-36CD4E827075-SegmentedRaftLogWorker: created new log segment /workdir/hadoop-ozone/integration-test/target/test-dir/MiniOzoneClusterImpl-f89c2c08-6094-404b-a270-7fb2417667b2/datanode-0/data/ratis/19c2287a-5ccc-4c99-82d9-36cd4e827075/current/log_inprogress_0
2019-10-18 07:09:14,874 [a7c18b56-7bd4-4e97-bac5-a7861ed2f887@group-4D56D0FF4DD9-LeaderElection3] INFO  impl.LeaderElection (LeaderElection.java:logAndReturn(56)) - a7c18b56-7bd4-4e97-bac5-a7861ed2f887@group-4D56D0FF4DD9-LeaderElection3: Election PASSED; received 1 response(s) [a7c18b56-7bd4-4e97-bac5-a7861ed2f887<-0e41e4d3-9bdd-41a7-a6da-f6547615f156#0:OK-t1] and 0 exception(s); a7c18b56-7bd4-4e97-bac5-a7861ed2f887@group-4D56D0FF4DD9:t1, leader=null, voted=a7c18b56-7bd4-4e97-bac5-a7861ed2f887, raftlog=a7c18b56-7bd4-4e97-bac5-a7861ed2f887@group-4D56D0FF4DD9-SegmentedRaftLog:OPENED:c-1,f-1,i0, conf=-1: [a7c18b56-7bd4-4e97-bac5-a7861ed2f887:192.168.69.67:34061, 0e41e4d3-9bdd-41a7-a6da-f6547615f156:192.168.69.67:46622, 365c74cf-9edf-4118-8168-00280e7ea799:192.168.69.67:37281], old=null
2019-10-18 07:09:14,873 [a7c18b56-7bd4-4e97-bac5-a7861ed2f887@group-50E290575453-SegmentedRaftLogWorker] INFO  segmented.SegmentedRaftLogWorker (SegmentedRaftLogWorker.java:execute(576)) - a7c18b56-7bd4-4e97-bac5-a7861ed2f887@group-50E290575453-SegmentedRaftLogWorker: created new log segment /workdir/hadoop-ozone/integration-test/target/test-dir/MiniOzoneClusterImpl-f89c2c08-6094-404b-a270-7fb2417667b2/datanode-2/data/ratis/5bd10b1a-673a-432a-8c72-50e290575453/current/log_inprogress_0
2019-10-18 07:09:14,874 [a7c18b56-7bd4-4e97-bac5-a7861ed2f887@group-4D56D0FF4DD9-LeaderElection3] INFO  impl.RoleInfo (RoleInfo.java:shutdownLeaderElection(134)) - a7c18b56-7bd4-4e97-bac5-a7861ed2f887: shutdown LeaderElection
2019-10-18 07:09:14,877 [a7c18b56-7bd4-4e97-bac5-a7861ed2f887@group-4D56D0FF4DD9-LeaderElection3] INFO  impl.RaftServerImpl (RaftServerImpl.java:setRole(184)) - a7c18b56-7bd4-4e97-bac5-a7861ed2f887@group-4D56D0FF4DD9: changes role from CANDIDATE to LEADER at term 1 for changeToLeader
2019-10-18 07:09:14,877 [a7c18b56-7bd4-4e97-bac5-a7861ed2f887@group-4D56D0FF4DD9-LeaderElection3] INFO  ratis.XceiverServerRatis (XceiverServerRatis.java:handleLeaderChangedNotification(699)) - Leader change notification received for group: group-4D56D0FF4DD9 with new leaderId: a7c18b56-7bd4-4e97-bac5-a7861ed2f887
2019-10-18 07:09:14,877 [a7c18b56-7bd4-4e97-bac5-a7861ed2f887@group-4D56D0FF4DD9-LeaderElection3] INFO  impl.RaftServerImpl (ServerState.java:setLeader(256)) - a7c18b56-7bd4-4e97-bac5-a7861ed2f887@group-4D56D0FF4DD9: change Leader from null to a7c18b56-7bd4-4e97-bac5-a7861ed2f887 at term 1 for becomeLeader, leader elected after 173ms
2019-10-18 07:09:14,877 [a7c18b56-7bd4-4e97-bac5-a7861ed2f887@group-4D56D0FF4DD9-LeaderElection3] INFO  server.RaftServerConfigKeys (ConfUtils.java:logGet(43)) - raft.server.staging.catchup.gap = 1000 (default)
2019-10-18 07:09:14,877 [a7c18b56-7bd4-4e97-bac5-a7861ed2f887@group-4D56D0FF4DD9-LeaderElection3] INFO  server.RaftServerConfigKeys (ConfUtils.java:logGet(43)) - raft.server.rpc.sleep.time = 25ms (default)
2019-10-18 07:09:14,878 [a7c18b56-7bd4-4e97-bac5-a7861ed2f887@group-4D56D0FF4DD9-LeaderElection3] INFO  server.RaftServerConfigKeys (ConfUtils.java:logGet(43)) - raft.server.write.element-limit = 4096 (default)
2019-10-18 07:09:14,878 [a7c18b56-7bd4-4e97-bac5-a7861ed2f887@group-4D56D0FF4DD9-LeaderElection3] INFO  server.RaftServerConfigKeys (ConfUtils.java:logGet(43)) - raft.server.watch.timeout = 10s (default)
2019-10-18 07:09:14,878 [a7c18b56-7bd4-4e97-bac5-a7861ed2f887@group-4D56D0FF4DD9-LeaderElection3] INFO  server.RaftServerConfigKeys (ConfUtils.java:logGet(43)) - raft.server.watch.timeout.denomination = 1s (default)
2019-10-18 07:09:14,879 [a7c18b56-7bd4-4e97-bac5-a7861ed2f887@group-4D56D0FF4DD9-LeaderElection3] INFO  server.RaftServerConfigKeys (ConfUtils.java:logGet(43)) - raft.server.watch.element-limit = 65536 (default)
2019-10-18 07:09:14,880 [EventQueue-PipelineReportForPipelineReportHandler] INFO  pipeline.PipelineReportHandler (PipelineReportHandler.java:processPipelineReport(119)) - Pipeline PipelineID=5b98df48-0bd5-4e4e-b730-4d56d0ff4dd9 reported by a7c18b56-7bd4-4e97-bac5-a7861ed2f887{ip: 192.168.69.67, host: pr-hdds-1868-wx8dl-4219780377, networkLocation: /default-rack, certSerialId: null} with leaderId a7c18b56-7bd4-4e97-bac5-a7861ed2f887
2019-10-18 07:09:14,884 [a7c18b56-7bd4-4e97-bac5-a7861ed2f887@group-4D56D0FF4DD9-LeaderElection3] INFO  server.RaftServerConfigKeys (ConfUtils.java:logGet(43)) - raft.server.log.appender.snapshot.chunk.size.max = 16MB (=16777216) (default)
2019-10-18 07:09:14,884 [a7c18b56-7bd4-4e97-bac5-a7861ed2f887@group-4D56D0FF4DD9-LeaderElection3] INFO  server.RaftServerConfigKeys (ConfUtils.java:logGet(43)) - raft.server.log.appender.buffer.byte-limit = 33554432 (custom)
2019-10-18 07:09:14,884 [a7c18b56-7bd4-4e97-bac5-a7861ed2f887@group-4D56D0FF4DD9-LeaderElection3] INFO  server.RaftServerConfigKeys (ConfUtils.java:logGet(43)) - raft.server.log.appender.buffer.element-limit = 1 (custom)
2019-10-18 07:09:14,888 [a7c18b56-7bd4-4e97-bac5-a7861ed2f887@group-4D56D0FF4DD9-LeaderElection3] INFO  grpc.GrpcConfigKeys$Server (ConfUtils.java:logGet(43)) - raft.grpc.server.leader.outstanding.appends.max = 128 (default)
2019-10-18 07:09:14,888 [a7c18b56-7bd4-4e97-bac5-a7861ed2f887@group-4D56D0FF4DD9-LeaderElection3] INFO  server.RaftServerConfigKeys (ConfUtils.java:logGet(43)) - raft.server.rpc.request.timeout = 3000ms (default)
2019-10-18 07:09:14,888 [a7c18b56-7bd4-4e97-bac5-a7861ed2f887@group-4D56D0FF4DD9-LeaderElection3] INFO  server.RaftServerConfigKeys (ConfUtils.java:logGet(43)) - raft.server.log.appender.install.snapshot.enabled = false (custom)
2019-10-18 07:09:14,892 [a7c18b56-7bd4-4e97-bac5-a7861ed2f887@group-4D56D0FF4DD9-LeaderElection3] INFO  server.RaftServerConfigKeys (ConfUtils.java:logGet(43)) - raft.server.log.appender.snapshot.chunk.size.max = 16MB (=16777216) (default)
2019-10-18 07:09:14,893 [a7c18b56-7bd4-4e97-bac5-a7861ed2f887@group-4D56D0FF4DD9-LeaderElection3] INFO  server.RaftServerConfigKeys (ConfUtils.java:logGet(43)) - raft.server.log.appender.buffer.byte-limit = 33554432 (custom)
2019-10-18 07:09:14,893 [a7c18b56-7bd4-4e97-bac5-a7861ed2f887@group-4D56D0FF4DD9-LeaderElection3] INFO  server.RaftServerConfigKeys (ConfUtils.java:logGet(43)) - raft.server.log.appender.buffer.element-limit = 1 (custom)
2019-10-18 07:09:14,893 [a7c18b56-7bd4-4e97-bac5-a7861ed2f887@group-4D56D0FF4DD9-LeaderElection3] INFO  grpc.GrpcConfigKeys$Server (ConfUtils.java:logGet(43)) - raft.grpc.server.leader.outstanding.appends.max = 128 (default)
2019-10-18 07:09:14,893 [a7c18b56-7bd4-4e97-bac5-a7861ed2f887@group-4D56D0FF4DD9-LeaderElection3] INFO  server.RaftServerConfigKeys (ConfUtils.java:logGet(43)) - raft.server.rpc.request.timeout = 3000ms (default)
2019-10-18 07:09:14,893 [a7c18b56-7bd4-4e97-bac5-a7861ed2f887@group-4D56D0FF4DD9-LeaderElection3] INFO  server.RaftServerConfigKeys (ConfUtils.java:logGet(43)) - raft.server.log.appender.install.snapshot.enabled = false (custom)
2019-10-18 07:09:14,898 [a7c18b56-7bd4-4e97-bac5-a7861ed2f887@group-4D56D0FF4DD9-LeaderElection3] INFO  impl.RoleInfo (RoleInfo.java:updateAndGet(143)) - a7c18b56-7bd4-4e97-bac5-a7861ed2f887: start LeaderState
2019-10-18 07:09:14,899 [a7c18b56-7bd4-4e97-bac5-a7861ed2f887@group-4D56D0FF4DD9-LeaderElection3] INFO  segmented.SegmentedRaftLogWorker (SegmentedRaftLogWorker.java:startLogSegment(385)) - a7c18b56-7bd4-4e97-bac5-a7861ed2f887@group-4D56D0FF4DD9-SegmentedRaftLogWorker: Starting segment from index:0
2019-10-18 07:09:14,900 [a7c18b56-7bd4-4e97-bac5-a7861ed2f887@group-4D56D0FF4DD9-LeaderElection3] INFO  impl.RaftServerImpl (ServerState.java:setRaftConf(357)) - a7c18b56-7bd4-4e97-bac5-a7861ed2f887@group-4D56D0FF4DD9: set configuration 0: [a7c18b56-7bd4-4e97-bac5-a7861ed2f887:192.168.69.67:34061, 0e41e4d3-9bdd-41a7-a6da-f6547615f156:192.168.69.67:46622, 365c74cf-9edf-4118-8168-00280e7ea799:192.168.69.67:37281], old=null at 0
2019-10-18 07:09:14,929 [Thread-211] INFO  impl.FollowerState (FollowerState.java:run(108)) - 0e41e4d3-9bdd-41a7-a6da-f6547615f156@group-4D56D0FF4DD9-FollowerState: change to CANDIDATE, lastRpcTime:149ms, electionTimeout:119ms
2019-10-18 07:09:14,929 [0e41e4d3-9bdd-41a7-a6da-f6547615f156@group-19CBE725A4FA-SegmentedRaftLogWorker] INFO  segmented.SegmentedRaftLogWorker (SegmentedRaftLogWorker.java:execute(576)) - 0e41e4d3-9bdd-41a7-a6da-f6547615f156@group-19CBE725A4FA-SegmentedRaftLogWorker: created new log segment /workdir/hadoop-ozone/integration-test/target/test-dir/MiniOzoneClusterImpl-f89c2c08-6094-404b-a270-7fb2417667b2/datanode-1/data/ratis/6cd50351-4738-46c9-a38d-19cbe725a4fa/current/log_inprogress_0
2019-10-18 07:09:14,929 [Thread-211] INFO  impl.RoleInfo (RoleInfo.java:shutdownFollowerState(121)) - 0e41e4d3-9bdd-41a7-a6da-f6547615f156: shutdown FollowerState
2019-10-18 07:09:14,929 [Thread-211] INFO  impl.RaftServerImpl (RaftServerImpl.java:setRole(184)) - 0e41e4d3-9bdd-41a7-a6da-f6547615f156@group-4D56D0FF4DD9: changes role from  FOLLOWER to CANDIDATE at term 1 for changeToCandidate
2019-10-18 07:09:14,930 [Thread-211] INFO  impl.RoleInfo (RoleInfo.java:updateAndGet(143)) - 0e41e4d3-9bdd-41a7-a6da-f6547615f156: start LeaderElection
2019-10-18 07:09:14,943 [a7c18b56-7bd4-4e97-bac5-a7861ed2f887@group-4D56D0FF4DD9-SegmentedRaftLogWorker] INFO  segmented.SegmentedRaftLogWorker (SegmentedRaftLogWorker.java:execute(576)) - a7c18b56-7bd4-4e97-bac5-a7861ed2f887@group-4D56D0FF4DD9-SegmentedRaftLogWorker: created new log segment /workdir/hadoop-ozone/integration-test/target/test-dir/MiniOzoneClusterImpl-f89c2c08-6094-404b-a270-7fb2417667b2/datanode-2/data/ratis/5b98df48-0bd5-4e4e-b730-4d56d0ff4dd9/current/log_inprogress_0
2019-10-18 07:09:14,944 [0e41e4d3-9bdd-41a7-a6da-f6547615f156@group-4D56D0FF4DD9-LeaderElection5] INFO  impl.LeaderElection (LeaderElection.java:askForVotes(178)) - 0e41e4d3-9bdd-41a7-a6da-f6547615f156@group-4D56D0FF4DD9-LeaderElection5: begin an election at term 2 for -1: [a7c18b56-7bd4-4e97-bac5-a7861ed2f887:192.168.69.67:34061, 0e41e4d3-9bdd-41a7-a6da-f6547615f156:192.168.69.67:46622, 365c74cf-9edf-4118-8168-00280e7ea799:192.168.69.67:37281], old=null
2019-10-18 07:09:14,951 [grpc-default-executor-2] INFO  ratis.XceiverServerRatis (XceiverServerRatis.java:handleLeaderChangedNotification(699)) - Leader change notification received for group: group-4D56D0FF4DD9 with new leaderId: a7c18b56-7bd4-4e97-bac5-a7861ed2f887
2019-10-18 07:09:14,952 [grpc-default-executor-2] INFO  impl.RaftServerImpl (ServerState.java:setLeader(256)) - 365c74cf-9edf-4118-8168-00280e7ea799@group-4D56D0FF4DD9: change Leader from null to a7c18b56-7bd4-4e97-bac5-a7861ed2f887 at term 1 for appendEntries, leader elected after 247ms
2019-10-18 07:09:14,955 [EventQueue-PipelineReportForPipelineReportHandler] INFO  pipeline.PipelineReportHandler (PipelineReportHandler.java:processPipelineReport(119)) - Pipeline PipelineID=5b98df48-0bd5-4e4e-b730-4d56d0ff4dd9 reported by 365c74cf-9edf-4118-8168-00280e7ea799{ip: 192.168.69.67, host: pr-hdds-1868-wx8dl-4219780377, networkLocation: /default-rack, certSerialId: null} with leaderId a7c18b56-7bd4-4e97-bac5-a7861ed2f887
2019-10-18 07:09:14,959 [grpc-default-executor-3] INFO  impl.RaftServerImpl (ServerState.java:setLeader(256)) - 365c74cf-9edf-4118-8168-00280e7ea799@group-4D56D0FF4DD9: change Leader from a7c18b56-7bd4-4e97-bac5-a7861ed2f887 to null at term 2 for updateCurrentTerm
2019-10-18 07:09:14,959 [grpc-default-executor-0] INFO  impl.RaftServerImpl (ServerState.java:setLeader(256)) - a7c18b56-7bd4-4e97-bac5-a7861ed2f887@group-4D56D0FF4DD9: change Leader from a7c18b56-7bd4-4e97-bac5-a7861ed2f887 to null at term 2 for updateCurrentTerm
2019-10-18 07:09:14,959 [grpc-default-executor-3] INFO  impl.RaftServerImpl (RaftServerImpl.java:setRole(184)) - 365c74cf-9edf-4118-8168-00280e7ea799@group-4D56D0FF4DD9: changes role from  FOLLOWER to FOLLOWER at term 2 for recognizeCandidate:0e41e4d3-9bdd-41a7-a6da-f6547615f156
2019-10-18 07:09:14,959 [grpc-default-executor-0] INFO  impl.RaftServerImpl (RaftServerImpl.java:setRole(184)) - a7c18b56-7bd4-4e97-bac5-a7861ed2f887@group-4D56D0FF4DD9: changes role from    LEADER to FOLLOWER at term 2 for recognizeCandidate:0e41e4d3-9bdd-41a7-a6da-f6547615f156
2019-10-18 07:09:14,959 [grpc-default-executor-3] INFO  impl.RoleInfo (RoleInfo.java:shutdownFollowerState(121)) - 365c74cf-9edf-4118-8168-00280e7ea799: shutdown FollowerState
2019-10-18 07:09:14,959 [grpc-default-executor-0] INFO  impl.RoleInfo (RoleInfo.java:shutdownLeaderState(104)) - a7c18b56-7bd4-4e97-bac5-a7861ed2f887: shutdown LeaderState
2019-10-18 07:09:14,960 [Thread-210] INFO  impl.FollowerState (FollowerState.java:run(117)) - 365c74cf-9edf-4118-8168-00280e7ea799@group-4D56D0FF4DD9-FollowerState was interrupted: java.lang.InterruptedException: sleep interrupted
2019-10-18 07:09:14,960 [grpc-default-executor-3] INFO  impl.RoleInfo (RoleInfo.java:updateAndGet(143)) - 365c74cf-9edf-4118-8168-00280e7ea799: start FollowerState
2019-10-18 07:09:14,961 [org.apache.ratis.server.impl.LogAppender$AppenderDaemon$$Lambda$417/387747720@69a0cf7f] WARN  server.GrpcLogAppender (GrpcLogAppender.java:mayWait(149)) - a7c18b56-7bd4-4e97-bac5-a7861ed2f887@group-4D56D0FF4DD9->365c74cf-9edf-4118-8168-00280e7ea799-GrpcLogAppender: Wait interrupted by java.lang.InterruptedException
2019-10-18 07:09:14,961 [org.apache.ratis.server.impl.LogAppender$AppenderDaemon$$Lambda$417/387747720@d9e9314] WARN  server.GrpcLogAppender (GrpcLogAppender.java:mayWait(149)) - a7c18b56-7bd4-4e97-bac5-a7861ed2f887@group-4D56D0FF4DD9->0e41e4d3-9bdd-41a7-a6da-f6547615f156-GrpcLogAppender: Wait interrupted by java.lang.InterruptedException
2019-10-18 07:09:14,964 [grpc-default-executor-0] INFO  impl.PendingRequests (PendingRequests.java:sendNotLeaderResponses(202)) - a7c18b56-7bd4-4e97-bac5-a7861ed2f887@group-4D56D0FF4DD9-PendingRequests: sendNotLeaderResponses
2019-10-18 07:09:14,965 [grpc-default-executor-5] INFO  server.GrpcServerProtocolService (GrpcServerProtocolService.java:onCompleted(113)) - 0e41e4d3-9bdd-41a7-a6da-f6547615f156: Completed APPEND_ENTRIES, lastRequest: a7c18b56-7bd4-4e97-bac5-a7861ed2f887->0e41e4d3-9bdd-41a7-a6da-f6547615f156#0-t1, previous=(t:0, i:0), leaderCommit=-1, initializing? false, entries: <empty>
2019-10-18 07:09:14,965 [grpc-default-executor-4] INFO  server.GrpcServerProtocolService (GrpcServerProtocolService.java:onCompleted(113)) - 365c74cf-9edf-4118-8168-00280e7ea799: Completed APPEND_ENTRIES, lastRequest: a7c18b56-7bd4-4e97-bac5-a7861ed2f887->365c74cf-9edf-4118-8168-00280e7ea799#0-t1, previous=(t:0, i:0), leaderCommit=-1, initializing? false, entries: <empty>
2019-10-18 07:09:14,966 [grpc-default-executor-0] INFO  impl.RoleInfo (RoleInfo.java:updateAndGet(143)) - a7c18b56-7bd4-4e97-bac5-a7861ed2f887: start FollowerState
2019-10-18 07:09:14,968 [grpc-default-executor-1] INFO  server.GrpcLogAppender (GrpcLogAppender.java:onCompleted(308)) - a7c18b56-7bd4-4e97-bac5-a7861ed2f887@group-4D56D0FF4DD9->365c74cf-9edf-4118-8168-00280e7ea799-AppendLogResponseHandler: follower responses appendEntries COMPLETED
2019-10-18 07:09:14,970 [grpc-default-executor-1] INFO  impl.FollowerInfo (FollowerInfo.java:lambda$new$0(51)) - a7c18b56-7bd4-4e97-bac5-a7861ed2f887@group-4D56D0FF4DD9->365c74cf-9edf-4118-8168-00280e7ea799: nextIndex: updateUnconditionally 0 -> 0
2019-10-18 07:09:14,987 [grpc-default-executor-2] INFO  server.GrpcLogAppender (GrpcLogAppender.java:onCompleted(308)) - a7c18b56-7bd4-4e97-bac5-a7861ed2f887@group-4D56D0FF4DD9->0e41e4d3-9bdd-41a7-a6da-f6547615f156-AppendLogResponseHandler: follower responses appendEntries COMPLETED
2019-10-18 07:09:14,989 [grpc-default-executor-2] INFO  impl.FollowerInfo (FollowerInfo.java:lambda$new$0(51)) - a7c18b56-7bd4-4e97-bac5-a7861ed2f887@group-4D56D0FF4DD9->0e41e4d3-9bdd-41a7-a6da-f6547615f156: nextIndex: updateUnconditionally 0 -> 0
2019-10-18 07:09:14,993 [0e41e4d3-9bdd-41a7-a6da-f6547615f156@group-4D56D0FF4DD9-LeaderElection5] INFO  impl.LeaderElection (LeaderElection.java:logAndReturn(56)) - 0e41e4d3-9bdd-41a7-a6da-f6547615f156@group-4D56D0FF4DD9-LeaderElection5: Election PASSED; received 2 response(s) [0e41e4d3-9bdd-41a7-a6da-f6547615f156<-a7c18b56-7bd4-4e97-bac5-a7861ed2f887#0:FAIL-t2, 0e41e4d3-9bdd-41a7-a6da-f6547615f156<-365c74cf-9edf-4118-8168-00280e7ea799#0:OK-t2] and 0 exception(s); 0e41e4d3-9bdd-41a7-a6da-f6547615f156@group-4D56D0FF4DD9:t2, leader=null, voted=0e41e4d3-9bdd-41a7-a6da-f6547615f156, raftlog=0e41e4d3-9bdd-41a7-a6da-f6547615f156@group-4D56D0FF4DD9-SegmentedRaftLog:OPENED:c-1,f-1,i0, conf=-1: [a7c18b56-7bd4-4e97-bac5-a7861ed2f887:192.168.69.67:34061, 0e41e4d3-9bdd-41a7-a6da-f6547615f156:192.168.69.67:46622, 365c74cf-9edf-4118-8168-00280e7ea799:192.168.69.67:37281], old=null
2019-10-18 07:09:14,993 [0e41e4d3-9bdd-41a7-a6da-f6547615f156@group-4D56D0FF4DD9-LeaderElection5] INFO  impl.RoleInfo (RoleInfo.java:shutdownLeaderElection(134)) - 0e41e4d3-9bdd-41a7-a6da-f6547615f156: shutdown LeaderElection
2019-10-18 07:09:14,994 [0e41e4d3-9bdd-41a7-a6da-f6547615f156@group-4D56D0FF4DD9-LeaderElection5] INFO  impl.RaftServerImpl (RaftServerImpl.java:setRole(184)) - 0e41e4d3-9bdd-41a7-a6da-f6547615f156@group-4D56D0FF4DD9: changes role from CANDIDATE to LEADER at term 2 for changeToLeader
2019-10-18 07:09:14,994 [0e41e4d3-9bdd-41a7-a6da-f6547615f156@group-4D56D0FF4DD9-LeaderElection5] INFO  ratis.XceiverServerRatis (XceiverServerRatis.java:handleLeaderChangedNotification(699)) - Leader change notification received for group: group-4D56D0FF4DD9 with new leaderId: 0e41e4d3-9bdd-41a7-a6da-f6547615f156
2019-10-18 07:09:14,994 [0e41e4d3-9bdd-41a7-a6da-f6547615f156@group-4D56D0FF4DD9-LeaderElection5] INFO  impl.RaftServerImpl (ServerState.java:setLeader(256)) - 0e41e4d3-9bdd-41a7-a6da-f6547615f156@group-4D56D0FF4DD9: change Leader from null to 0e41e4d3-9bdd-41a7-a6da-f6547615f156 at term 2 for becomeLeader, leader elected after 289ms
2019-10-18 07:09:14,994 [0e41e4d3-9bdd-41a7-a6da-f6547615f156@group-4D56D0FF4DD9-LeaderElection5] INFO  server.RaftServerConfigKeys (ConfUtils.java:logGet(43)) - raft.server.staging.catchup.gap = 1000 (default)
2019-10-18 07:09:14,995 [0e41e4d3-9bdd-41a7-a6da-f6547615f156@group-4D56D0FF4DD9-LeaderElection5] INFO  server.RaftServerConfigKeys (ConfUtils.java:logGet(43)) - raft.server.rpc.sleep.time = 25ms (default)
2019-10-18 07:09:14,995 [0e41e4d3-9bdd-41a7-a6da-f6547615f156@group-4D56D0FF4DD9-LeaderElection5] INFO  server.RaftServerConfigKeys (ConfUtils.java:logGet(43)) - raft.server.write.element-limit = 4096 (default)
2019-10-18 07:09:14,995 [0e41e4d3-9bdd-41a7-a6da-f6547615f156@group-4D56D0FF4DD9-LeaderElection5] INFO  server.RaftServerConfigKeys (ConfUtils.java:logGet(43)) - raft.server.watch.timeout = 10s (default)
2019-10-18 07:09:14,995 [0e41e4d3-9bdd-41a7-a6da-f6547615f156@group-4D56D0FF4DD9-LeaderElection5] INFO  server.RaftServerConfigKeys (ConfUtils.java:logGet(43)) - raft.server.watch.timeout.denomination = 1s (default)
2019-10-18 07:09:14,996 [0e41e4d3-9bdd-41a7-a6da-f6547615f156@group-4D56D0FF4DD9-LeaderElection5] INFO  server.RaftServerConfigKeys (ConfUtils.java:logGet(43)) - raft.server.watch.element-limit = 65536 (default)
2019-10-18 07:09:14,997 [EventQueue-PipelineReportForPipelineReportHandler] INFO  pipeline.PipelineReportHandler (PipelineReportHandler.java:processPipelineReport(119)) - Pipeline PipelineID=5b98df48-0bd5-4e4e-b730-4d56d0ff4dd9 reported by 0e41e4d3-9bdd-41a7-a6da-f6547615f156{ip: 192.168.69.67, host: pr-hdds-1868-wx8dl-4219780377, networkLocation: /default-rack, certSerialId: null} with leaderId 0e41e4d3-9bdd-41a7-a6da-f6547615f156
2019-10-18 07:09:14,998 [0e41e4d3-9bdd-41a7-a6da-f6547615f156@group-4D56D0FF4DD9-LeaderElection5] INFO  server.RaftServerConfigKeys (ConfUtils.java:logGet(43)) - raft.server.log.appender.snapshot.chunk.size.max = 16MB (=16777216) (default)
2019-10-18 07:09:14,998 [0e41e4d3-9bdd-41a7-a6da-f6547615f156@group-4D56D0FF4DD9-LeaderElection5] INFO  server.RaftServerConfigKeys (ConfUtils.java:logGet(43)) - raft.server.log.appender.buffer.byte-limit = 33554432 (custom)
2019-10-18 07:09:14,999 [0e41e4d3-9bdd-41a7-a6da-f6547615f156@group-4D56D0FF4DD9-LeaderElection5] INFO  server.RaftServerConfigKeys (ConfUtils.java:logGet(43)) - raft.server.log.appender.buffer.element-limit = 1 (custom)
2019-10-18 07:09:14,999 [0e41e4d3-9bdd-41a7-a6da-f6547615f156@group-4D56D0FF4DD9-LeaderElection5] INFO  grpc.GrpcConfigKeys$Server (ConfUtils.java:logGet(43)) - raft.grpc.server.leader.outstanding.appends.max = 128 (default)
2019-10-18 07:09:15,000 [0e41e4d3-9bdd-41a7-a6da-f6547615f156@group-4D56D0FF4DD9-LeaderElection5] INFO  server.RaftServerConfigKeys (ConfUtils.java:logGet(43)) - raft.server.rpc.request.timeout = 3000ms (default)
2019-10-18 07:09:15,000 [0e41e4d3-9bdd-41a7-a6da-f6547615f156@group-4D56D0FF4DD9-LeaderElection5] INFO  server.RaftServerConfigKeys (ConfUtils.java:logGet(43)) - raft.server.log.appender.install.snapshot.enabled = false (custom)
2019-10-18 07:09:15,003 [0e41e4d3-9bdd-41a7-a6da-f6547615f156@group-4D56D0FF4DD9-LeaderElection5] INFO  server.RaftServerConfigKeys (ConfUtils.java:logGet(43)) - raft.server.log.appender.snapshot.chunk.size.max = 16MB (=16777216) (default)
2019-10-18 07:09:15,004 [0e41e4d3-9bdd-41a7-a6da-f6547615f156@group-4D56D0FF4DD9-LeaderElection5] INFO  server.RaftServerConfigKeys (ConfUtils.java:logGet(43)) - raft.server.log.appender.buffer.byte-limit = 33554432 (custom)
2019-10-18 07:09:15,004 [0e41e4d3-9bdd-41a7-a6da-f6547615f156@group-4D56D0FF4DD9-LeaderElection5] INFO  server.RaftServerConfigKeys (ConfUtils.java:logGet(43)) - raft.server.log.appender.buffer.element-limit = 1 (custom)
2019-10-18 07:09:15,004 [0e41e4d3-9bdd-41a7-a6da-f6547615f156@group-4D56D0FF4DD9-LeaderElection5] INFO  grpc.GrpcConfigKeys$Server (ConfUtils.java:logGet(43)) - raft.grpc.server.leader.outstanding.appends.max = 128 (default)
2019-10-18 07:09:15,004 [0e41e4d3-9bdd-41a7-a6da-f6547615f156@group-4D56D0FF4DD9-LeaderElection5] INFO  server.RaftServerConfigKeys (ConfUtils.java:logGet(43)) - raft.server.rpc.request.timeout = 3000ms (default)
2019-10-18 07:09:15,004 [0e41e4d3-9bdd-41a7-a6da-f6547615f156@group-4D56D0FF4DD9-LeaderElection5] INFO  server.RaftServerConfigKeys (ConfUtils.java:logGet(43)) - raft.server.log.appender.install.snapshot.enabled = false (custom)
2019-10-18 07:09:15,007 [0e41e4d3-9bdd-41a7-a6da-f6547615f156@group-4D56D0FF4DD9-LeaderElection5] INFO  impl.RoleInfo (RoleInfo.java:updateAndGet(143)) - 0e41e4d3-9bdd-41a7-a6da-f6547615f156: start LeaderState
2019-10-18 07:09:15,008 [0e41e4d3-9bdd-41a7-a6da-f6547615f156@group-4D56D0FF4DD9-LeaderElection5] INFO  segmented.SegmentedRaftLogWorker (SegmentedRaftLogWorker.java:startLogSegment(385)) - 0e41e4d3-9bdd-41a7-a6da-f6547615f156@group-4D56D0FF4DD9-SegmentedRaftLogWorker: Starting segment from index:0
2019-10-18 07:09:15,009 [0e41e4d3-9bdd-41a7-a6da-f6547615f156@group-4D56D0FF4DD9-LeaderElection5] INFO  impl.RaftServerImpl (ServerState.java:setRaftConf(357)) - 0e41e4d3-9bdd-41a7-a6da-f6547615f156@group-4D56D0FF4DD9: set configuration 0: [a7c18b56-7bd4-4e97-bac5-a7861ed2f887:192.168.69.67:34061, 0e41e4d3-9bdd-41a7-a6da-f6547615f156:192.168.69.67:46622, 365c74cf-9edf-4118-8168-00280e7ea799:192.168.69.67:37281], old=null at 0
2019-10-18 07:09:15,036 [grpc-default-executor-2] INFO  ratis.XceiverServerRatis (XceiverServerRatis.java:handleLeaderChangedNotification(699)) - Leader change notification received for group: group-4D56D0FF4DD9 with new leaderId: 0e41e4d3-9bdd-41a7-a6da-f6547615f156
2019-10-18 07:09:15,036 [grpc-default-executor-0] INFO  ratis.XceiverServerRatis (XceiverServerRatis.java:handleLeaderChangedNotification(699)) - Leader change notification received for group: group-4D56D0FF4DD9 with new leaderId: 0e41e4d3-9bdd-41a7-a6da-f6547615f156
2019-10-18 07:09:15,036 [grpc-default-executor-2] INFO  impl.RaftServerImpl (ServerState.java:setLeader(256)) - 365c74cf-9edf-4118-8168-00280e7ea799@group-4D56D0FF4DD9: change Leader from null to 0e41e4d3-9bdd-41a7-a6da-f6547615f156 at term 2 for appendEntries, leader elected after 76ms
2019-10-18 07:09:15,036 [grpc-default-executor-0] INFO  impl.RaftServerImpl (ServerState.java:setLeader(256)) - a7c18b56-7bd4-4e97-bac5-a7861ed2f887@group-4D56D0FF4DD9: change Leader from null to 0e41e4d3-9bdd-41a7-a6da-f6547615f156 at term 2 for appendEntries, leader elected after 76ms
2019-10-18 07:09:15,044 [EventQueue-PipelineReportForPipelineReportHandler] INFO  pipeline.PipelineReportHandler (PipelineReportHandler.java:processPipelineReport(119)) - Pipeline PipelineID=5b98df48-0bd5-4e4e-b730-4d56d0ff4dd9 reported by a7c18b56-7bd4-4e97-bac5-a7861ed2f887{ip: 192.168.69.67, host: pr-hdds-1868-wx8dl-4219780377, networkLocation: /default-rack, certSerialId: null} with leaderId 0e41e4d3-9bdd-41a7-a6da-f6547615f156
2019-10-18 07:09:15,045 [EventQueue-PipelineReportForPipelineReportHandler] INFO  pipeline.PipelineReportHandler (PipelineReportHandler.java:processPipelineReport(119)) - Pipeline PipelineID=5b98df48-0bd5-4e4e-b730-4d56d0ff4dd9 reported by 365c74cf-9edf-4118-8168-00280e7ea799{ip: 192.168.69.67, host: pr-hdds-1868-wx8dl-4219780377, networkLocation: /default-rack, certSerialId: null} with leaderId 0e41e4d3-9bdd-41a7-a6da-f6547615f156
2019-10-18 07:09:15,045 [EventQueue-PipelineReportForPipelineReportHandler] INFO  pipeline.PipelineStateManager (PipelineStateManager.java:openPipeline(134)) - Pipeline Pipeline[ Id: 5b98df48-0bd5-4e4e-b730-4d56d0ff4dd9, Nodes: a7c18b56-7bd4-4e97-bac5-a7861ed2f887{ip: 192.168.69.67, host: pr-hdds-1868-wx8dl-4219780377, networkLocation: /default-rack, certSerialId: null}365c74cf-9edf-4118-8168-00280e7ea799{ip: 192.168.69.67, host: pr-hdds-1868-wx8dl-4219780377, networkLocation: /default-rack, certSerialId: null}0e41e4d3-9bdd-41a7-a6da-f6547615f156{ip: 192.168.69.67, host: pr-hdds-1868-wx8dl-4219780377, networkLocation: /default-rack, certSerialId: null}, Type:RATIS, Factor:THREE, State:OPEN] moved to OPEN state
2019-10-18 07:09:15,052 [grpc-default-executor-0] INFO  impl.RaftServerImpl (ServerState.java:setRaftConf(357)) - 365c74cf-9edf-4118-8168-00280e7ea799@group-4D56D0FF4DD9: set configuration 0: [a7c18b56-7bd4-4e97-bac5-a7861ed2f887:192.168.69.67:34061, 0e41e4d3-9bdd-41a7-a6da-f6547615f156:192.168.69.67:46622, 365c74cf-9edf-4118-8168-00280e7ea799:192.168.69.67:37281], old=null at 0
2019-10-18 07:09:15,052 [grpc-default-executor-2] INFO  impl.RaftServerImpl (ServerState.java:setRaftConf(357)) - a7c18b56-7bd4-4e97-bac5-a7861ed2f887@group-4D56D0FF4DD9: set configuration 0: [a7c18b56-7bd4-4e97-bac5-a7861ed2f887:192.168.69.67:34061, 0e41e4d3-9bdd-41a7-a6da-f6547615f156:192.168.69.67:46622, 365c74cf-9edf-4118-8168-00280e7ea799:192.168.69.67:37281], old=null at 0
2019-10-18 07:09:15,052 [grpc-default-executor-0] INFO  segmented.SegmentedRaftLogWorker (SegmentedRaftLogWorker.java:startLogSegment(385)) - 365c74cf-9edf-4118-8168-00280e7ea799@group-4D56D0FF4DD9-SegmentedRaftLogWorker: Starting segment from index:0
2019-10-18 07:09:15,056 [grpc-default-executor-2] INFO  segmented.SegmentedRaftLogWorker (SegmentedRaftLogWorker.java:truncate(401)) - a7c18b56-7bd4-4e97-bac5-a7861ed2f887@group-4D56D0FF4DD9-SegmentedRaftLogWorker: Truncating segments toTruncate: null
  toDelete: [(0, 0) isOpen? true, length=0, newEndIndex=-1], start index 0
2019-10-18 07:09:15,057 [0e41e4d3-9bdd-41a7-a6da-f6547615f156@group-4D56D0FF4DD9-SegmentedRaftLogWorker] INFO  segmented.SegmentedRaftLogWorker (SegmentedRaftLogWorker.java:execute(576)) - 0e41e4d3-9bdd-41a7-a6da-f6547615f156@group-4D56D0FF4DD9-SegmentedRaftLogWorker: created new log segment /workdir/hadoop-ozone/integration-test/target/test-dir/MiniOzoneClusterImpl-f89c2c08-6094-404b-a270-7fb2417667b2/datanode-1/data/ratis/5b98df48-0bd5-4e4e-b730-4d56d0ff4dd9/current/log_inprogress_0
2019-10-18 07:09:15,057 [grpc-default-executor-2] INFO  segmented.SegmentedRaftLogWorker (SegmentedRaftLogWorker.java:startLogSegment(385)) - a7c18b56-7bd4-4e97-bac5-a7861ed2f887@group-4D56D0FF4DD9-SegmentedRaftLogWorker: Starting segment from index:0
2019-10-18 07:09:15,058 [a7c18b56-7bd4-4e97-bac5-a7861ed2f887@group-4D56D0FF4DD9-SegmentedRaftLogWorker] INFO  segmented.SegmentedRaftLogWorker (SegmentedRaftLogWorker.java:execute(640)) - a7c18b56-7bd4-4e97-bac5-a7861ed2f887@group-4D56D0FF4DD9-SegmentedRaftLogWorker: Deleted log file /workdir/hadoop-ozone/integration-test/target/test-dir/MiniOzoneClusterImpl-f89c2c08-6094-404b-a270-7fb2417667b2/datanode-2/data/ratis/5b98df48-0bd5-4e4e-b730-4d56d0ff4dd9/current/log_inprogress_0
2019-10-18 07:09:15,059 [a7c18b56-7bd4-4e97-bac5-a7861ed2f887@group-4D56D0FF4DD9-SegmentedRaftLogWorker] INFO  segmented.SegmentedRaftLogWorker (SegmentedRaftLogWorker.java:lambda$new$0(128)) - a7c18b56-7bd4-4e97-bac5-a7861ed2f887@group-4D56D0FF4DD9-SegmentedRaftLogWorker: flushIndex: setUnconditionally 0 -> -1
2019-10-18 07:09:15,093 [365c74cf-9edf-4118-8168-00280e7ea799@group-4D56D0FF4DD9-SegmentedRaftLogWorker] INFO  segmented.SegmentedRaftLogWorker (SegmentedRaftLogWorker.java:execute(576)) - 365c74cf-9edf-4118-8168-00280e7ea799@group-4D56D0FF4DD9-SegmentedRaftLogWorker: created new log segment /workdir/hadoop-ozone/integration-test/target/test-dir/MiniOzoneClusterImpl-f89c2c08-6094-404b-a270-7fb2417667b2/datanode-0/data/ratis/5b98df48-0bd5-4e4e-b730-4d56d0ff4dd9/current/log_inprogress_0
2019-10-18 07:09:15,093 [a7c18b56-7bd4-4e97-bac5-a7861ed2f887@group-4D56D0FF4DD9-SegmentedRaftLogWorker] INFO  segmented.SegmentedRaftLogWorker (SegmentedRaftLogWorker.java:execute(576)) - a7c18b56-7bd4-4e97-bac5-a7861ed2f887@group-4D56D0FF4DD9-SegmentedRaftLogWorker: created new log segment /workdir/hadoop-ozone/integration-test/target/test-dir/MiniOzoneClusterImpl-f89c2c08-6094-404b-a270-7fb2417667b2/datanode-2/data/ratis/5b98df48-0bd5-4e4e-b730-4d56d0ff4dd9/current/log_inprogress_0
2019-10-18 07:09:15,744 [main] INFO  ozone.MiniOzoneClusterImpl (MiniOzoneClusterImpl.java:lambda$waitForClusterToBeReady$2(172)) - Cluster is ready. Got 3 of 3 DN Heartbeats.
2019-10-18 07:09:16,524 [main] INFO  rpc.RpcClient (RpcClient.java:createVolume(272)) - Creating Volume: testcontainerstatemachinefailures, with jenkins1000 as owner.
2019-10-18 07:09:16,600 [IPC Server handler 3 on 40273] INFO  volume.OMVolumeCreateRequest (OMVolumeCreateRequest.java:validateAndUpdateCache(193)) - created volume:testcontainerstatemachinefailures for user:jenkins1000
2019-10-18 07:09:16,622 [main] INFO  rpc.RpcClient (RpcClient.java:createBucket(411)) - Creating Bucket: testcontainerstatemachinefailures/testcontainerstatemachinefailures, with Versioning false and Storage Type set to DISK and Encryption set to false 
2019-10-18 07:09:16,726 [Thread-181] INFO  container.ReplicationManager (ReplicationManager.java:start(162)) - Starting Replication Monitor Thread.
2019-10-18 07:09:16,730 [ReplicationMonitor] INFO  container.ReplicationManager (ReplicationManager.java:run(225)) - Replication Monitor Thread took 3 milliseconds for processing 1 containers.
2019-10-18 07:09:16,736 [main] INFO  impl.MetricsSystemImpl (MetricsSystemImpl.java:init(158)) - XceiverClientMetrics metrics system started (again)
2019-10-18 07:09:17,335 [Datanode State Machine Thread - 0] INFO  statemachine.DatanodeStateMachine (DatanodeStateMachine.java:lambda$startDaemon$0(350)) - Ozone container server started.
2019-10-18 07:09:22,242 [main] INFO  ozoneimpl.OzoneContainer (OzoneContainer.java:stop(227)) - Attempting to stop container services.
2019-10-18 07:09:22,243 [main] INFO  impl.RaftServerProxy (RaftServerProxy.java:lambda$close$4(314)) - a7c18b56-7bd4-4e97-bac5-a7861ed2f887: close
2019-10-18 07:09:22,246 [main] INFO  impl.RaftServerImpl (RaftServerImpl.java:lambda$shutdown$3(261)) - a7c18b56-7bd4-4e97-bac5-a7861ed2f887@group-4D56D0FF4DD9: shutdown
2019-10-18 07:09:22,247 [main] INFO  util.JmxRegister (JmxRegister.java:unregister(73)) - Successfully un-registered JMX Bean with object name Ratis:service=RaftServer,group=group-4D56D0FF4DD9,id=a7c18b56-7bd4-4e97-bac5-a7861ed2f887
2019-10-18 07:09:22,247 [main] INFO  impl.RoleInfo (RoleInfo.java:shutdownFollowerState(121)) - a7c18b56-7bd4-4e97-bac5-a7861ed2f887: shutdown FollowerState
2019-10-18 07:09:22,247 [main] INFO  impl.StateMachineUpdater (StateMachineUpdater.java:stopAndJoin(136)) - a7c18b56-7bd4-4e97-bac5-a7861ed2f887@group-4D56D0FF4DD9-StateMachineUpdater: set stopIndex = 4
2019-10-18 07:09:22,247 [Thread-227] INFO  impl.FollowerState (FollowerState.java:run(117)) - a7c18b56-7bd4-4e97-bac5-a7861ed2f887@group-4D56D0FF4DD9-FollowerState was interrupted: java.lang.InterruptedException: sleep interrupted
2019-10-18 07:09:22,252 [a7c18b56-7bd4-4e97-bac5-a7861ed2f887@group-4D56D0FF4DD9-StateMachineUpdater] INFO  ratis.ContainerStateMachine (ContainerStateMachine.java:takeSnapshot(296)) - group-4D56D0FF4DD9: Taking a snapshot at:(t:2, i:3) file /workdir/hadoop-ozone/integration-test/target/test-dir/MiniOzoneClusterImpl-f89c2c08-6094-404b-a270-7fb2417667b2/datanode-2/data/ratis/5b98df48-0bd5-4e4e-b730-4d56d0ff4dd9/sm/snapshot.2_3
2019-10-18 07:09:22,385 [a7c18b56-7bd4-4e97-bac5-a7861ed2f887@group-4D56D0FF4DD9-StateMachineUpdater] INFO  ratis.ContainerStateMachine (ContainerStateMachine.java:takeSnapshot(307)) - group-4D56D0FF4DD9: Finished taking a snapshot at:(t:2, i:3) file:/workdir/hadoop-ozone/integration-test/target/test-dir/MiniOzoneClusterImpl-f89c2c08-6094-404b-a270-7fb2417667b2/datanode-2/data/ratis/5b98df48-0bd5-4e4e-b730-4d56d0ff4dd9/sm/snapshot.2_3 time:137
2019-10-18 07:09:22,387 [a7c18b56-7bd4-4e97-bac5-a7861ed2f887@group-4D56D0FF4DD9-StateMachineUpdater] INFO  impl.StateMachineUpdater (StateMachineUpdater.java:takeSnapshot(269)) - a7c18b56-7bd4-4e97-bac5-a7861ed2f887@group-4D56D0FF4DD9-StateMachineUpdater: Took a snapshot at index 3
2019-10-18 07:09:22,389 [a7c18b56-7bd4-4e97-bac5-a7861ed2f887@group-4D56D0FF4DD9-StateMachineUpdater] INFO  impl.StateMachineUpdater (StateMachineUpdater.java:lambda$new$0(84)) - a7c18b56-7bd4-4e97-bac5-a7861ed2f887@group-4D56D0FF4DD9-StateMachineUpdater: snapshotIndex: updateIncreasingly -1 -> 3
2019-10-18 07:09:22,395 [a7c18b56-7bd4-4e97-bac5-a7861ed2f887@group-4D56D0FF4DD9-StateMachineUpdater] INFO  ratis.ContainerStateMachine (ContainerStateMachine.java:takeSnapshot(296)) - group-4D56D0FF4DD9: Taking a snapshot at:(t:2, i:3) file /workdir/hadoop-ozone/integration-test/target/test-dir/MiniOzoneClusterImpl-f89c2c08-6094-404b-a270-7fb2417667b2/datanode-2/data/ratis/5b98df48-0bd5-4e4e-b730-4d56d0ff4dd9/sm/snapshot.2_3
2019-10-18 07:09:22,407 [a7c18b56-7bd4-4e97-bac5-a7861ed2f887@group-4D56D0FF4DD9-StateMachineUpdater] INFO  ratis.ContainerStateMachine (ContainerStateMachine.java:takeSnapshot(307)) - group-4D56D0FF4DD9: Finished taking a snapshot at:(t:2, i:3) file:/workdir/hadoop-ozone/integration-test/target/test-dir/MiniOzoneClusterImpl-f89c2c08-6094-404b-a270-7fb2417667b2/datanode-2/data/ratis/5b98df48-0bd5-4e4e-b730-4d56d0ff4dd9/sm/snapshot.2_3 time:13
2019-10-18 07:09:22,408 [a7c18b56-7bd4-4e97-bac5-a7861ed2f887@group-4D56D0FF4DD9-StateMachineUpdater] INFO  impl.StateMachineUpdater (StateMachineUpdater.java:takeSnapshot(269)) - a7c18b56-7bd4-4e97-bac5-a7861ed2f887@group-4D56D0FF4DD9-StateMachineUpdater: Took a snapshot at index 3
2019-10-18 07:09:22,408 [a7c18b56-7bd4-4e97-bac5-a7861ed2f887@group-4D56D0FF4DD9-StateMachineUpdater] INFO  impl.StateMachineUpdater (StateMachineUpdater.java:lambda$new$0(84)) - a7c18b56-7bd4-4e97-bac5-a7861ed2f887@group-4D56D0FF4DD9-StateMachineUpdater: snapshotIndex: updateIncreasingly 3 -> 3
2019-10-18 07:09:22,408 [main] INFO  impl.RaftServerImpl (ServerState.java:close(388)) - a7c18b56-7bd4-4e97-bac5-a7861ed2f887@group-4D56D0FF4DD9: closes. applyIndex: 4
2019-10-18 07:09:22,410 [a7c18b56-7bd4-4e97-bac5-a7861ed2f887@group-4D56D0FF4DD9-SegmentedRaftLogWorker] INFO  segmented.SegmentedRaftLogWorker (SegmentedRaftLogWorker.java:run(316)) - a7c18b56-7bd4-4e97-bac5-a7861ed2f887@group-4D56D0FF4DD9-SegmentedRaftLogWorker was interrupted, exiting. There are 0 tasks remaining in the queue.
2019-10-18 07:09:22,412 [main] INFO  segmented.SegmentedRaftLogWorker (SegmentedRaftLogWorker.java:close(224)) - a7c18b56-7bd4-4e97-bac5-a7861ed2f887@group-4D56D0FF4DD9-SegmentedRaftLogWorker close()
2019-10-18 07:09:22,414 [main] INFO  impl.RaftServerImpl (RaftServerImpl.java:lambda$shutdown$3(261)) - a7c18b56-7bd4-4e97-bac5-a7861ed2f887@group-50E290575453: shutdown
2019-10-18 07:09:22,414 [main] INFO  util.JmxRegister (JmxRegister.java:unregister(73)) - Successfully un-registered JMX Bean with object name Ratis:service=RaftServer,group=group-50E290575453,id=a7c18b56-7bd4-4e97-bac5-a7861ed2f887
2019-10-18 07:09:22,414 [main] INFO  impl.RoleInfo (RoleInfo.java:shutdownLeaderState(104)) - a7c18b56-7bd4-4e97-bac5-a7861ed2f887: shutdown LeaderState
2019-10-18 07:09:22,415 [main] INFO  impl.PendingRequests (PendingRequests.java:sendNotLeaderResponses(202)) - a7c18b56-7bd4-4e97-bac5-a7861ed2f887@group-50E290575453-PendingRequests: sendNotLeaderResponses
2019-10-18 07:09:22,416 [main] INFO  impl.StateMachineUpdater (StateMachineUpdater.java:stopAndJoin(136)) - a7c18b56-7bd4-4e97-bac5-a7861ed2f887@group-50E290575453-StateMachineUpdater: set stopIndex = 0
2019-10-18 07:09:22,417 [main] INFO  impl.RaftServerImpl (ServerState.java:close(388)) - a7c18b56-7bd4-4e97-bac5-a7861ed2f887@group-50E290575453: closes. applyIndex: 0
2019-10-18 07:09:22,417 [a7c18b56-7bd4-4e97-bac5-a7861ed2f887@group-50E290575453-SegmentedRaftLogWorker] INFO  segmented.SegmentedRaftLogWorker (SegmentedRaftLogWorker.java:run(316)) - a7c18b56-7bd4-4e97-bac5-a7861ed2f887@group-50E290575453-SegmentedRaftLogWorker was interrupted, exiting. There are 0 tasks remaining in the queue.
2019-10-18 07:09:22,418 [main] INFO  segmented.SegmentedRaftLogWorker (SegmentedRaftLogWorker.java:close(224)) - a7c18b56-7bd4-4e97-bac5-a7861ed2f887@group-50E290575453-SegmentedRaftLogWorker close()
2019-10-18 07:09:22,420 [main] INFO  server.GrpcService (GrpcService.java:closeImpl(164)) - a7c18b56-7bd4-4e97-bac5-a7861ed2f887: shutdown server with port 34061 now
2019-10-18 07:09:22,426 [grpc-default-executor-0] WARN  server.GrpcServerProtocolService (LogUtils.java:warn(134)) - a7c18b56-7bd4-4e97-bac5-a7861ed2f887: installSnapshot onError, lastRequest: 0e41e4d3-9bdd-41a7-a6da-f6547615f156->a7c18b56-7bd4-4e97-bac5-a7861ed2f887#7-t2, previous=(t:2, i:4), leaderCommit=4, initializing? false, entries: <empty>: org.apache.ratis.thirdparty.io.grpc.StatusRuntimeException: CANCELLED: cancelled before receiving half close
2019-10-18 07:09:22,426 [main] INFO  server.GrpcService (GrpcService.java:closeImpl(172)) - a7c18b56-7bd4-4e97-bac5-a7861ed2f887: shutdown server with port 34061 successfully
2019-10-18 07:09:22,428 [grpc-default-executor-2] WARN  server.GrpcLogAppender (LogUtils.java:warn(134)) - 0e41e4d3-9bdd-41a7-a6da-f6547615f156@group-4D56D0FF4DD9->a7c18b56-7bd4-4e97-bac5-a7861ed2f887-AppendLogResponseHandler: Failed appendEntries: org.apache.ratis.thirdparty.io.grpc.StatusRuntimeException: CANCELLED: HTTP/2 error code: CANCEL
Received Rst Stream
2019-10-18 07:09:22,431 [refreshUsed-/workdir/hadoop-ozone/integration-test/target/test-dir/MiniOzoneClusterImpl-f89c2c08-6094-404b-a270-7fb2417667b2/datanode-2/data/containers] WARN  fs.CachingGetSpaceUsed (CachingGetSpaceUsed.java:run(183)) - Thread Interrupted waiting to refresh disk information: sleep interrupted
2019-10-18 07:09:22,448 [main] INFO  utils.BackgroundService (BackgroundService.java:shutdown(151)) - Shutting down service BlockDeletingService
2019-10-18 07:09:22,453 [main] INFO  statemachine.DatanodeStateMachine (DatanodeStateMachine.java:stopDaemon(395)) - Ozone container server stopped.
2019-10-18 07:09:22,457 [main] INFO  handler.ContextHandler (ContextHandler.java:doStop(910)) - Stopped o.e.j.w.WebAppContext@43e9089{/,null,UNAVAILABLE}{/hddsDatanode}
2019-10-18 07:09:22,462 [main] INFO  server.AbstractConnector (AbstractConnector.java:doStop(318)) - Stopped ServerConnector@3c5dbdf8{HTTP/1.1,[http/1.1]}{0.0.0.0:0}
2019-10-18 07:09:22,463 [main] INFO  handler.ContextHandler (ContextHandler.java:doStop(910)) - Stopped o.e.j.s.ServletContextHandler@433348bc{/static,jar:file:/home/user/.m2/repository/org/apache/hadoop/hadoop-hdds-container-service/0.5.0-SNAPSHOT/hadoop-hdds-container-service-0.5.0-SNAPSHOT.jar!/webapps/static,UNAVAILABLE}
2019-10-18 07:09:22,463 [main] INFO  handler.ContextHandler (ContextHandler.java:doStop(910)) - Stopped o.e.j.s.ServletContextHandler@5fa23c{/logs,file:///workdir/hadoop-ozone/integration-test/target/log,UNAVAILABLE}
2019-10-18 07:09:25,469 [java.util.concurrent.ThreadPoolExecutor$Worker@4d9c7f31[State = -1, empty queue]] WARN  server.GrpcLogAppender (GrpcLogAppender.java:timeoutAppendRequest(209)) - 0e41e4d3-9bdd-41a7-a6da-f6547615f156@group-4D56D0FF4DD9->a7c18b56-7bd4-4e97-bac5-a7861ed2f887-GrpcLogAppender: appendEntries Timeout, request=0e41e4d3-9bdd-41a7-a6da-f6547615f156->a7c18b56-7bd4-4e97-bac5-a7861ed2f887#8-t2, previous=(t:2, i:4), leaderCommit=4, initializing? false, entries: size=1, first=(t:2, i:5), STATEMACHINELOGENTRY, client-23AD7B0CD45D, cid=8
2019-10-18 07:09:25,470 [java.util.concurrent.ThreadPoolExecutor$Worker@4d9c7f31[State = -1, empty queue]] WARN  server.GrpcLogAppender (GrpcLogAppender.java:timeoutAppendRequest(209)) - 0e41e4d3-9bdd-41a7-a6da-f6547615f156@group-4D56D0FF4DD9->a7c18b56-7bd4-4e97-bac5-a7861ed2f887-GrpcLogAppender: appendEntries Timeout, request=0e41e4d3-9bdd-41a7-a6da-f6547615f156->a7c18b56-7bd4-4e97-bac5-a7861ed2f887#9-t2, previous=(t:2, i:5), leaderCommit=4, initializing? false, entries: size=1, first=(t:2, i:6), STATEMACHINELOGENTRY, client-23AD7B0CD45D, cid=9
2019-10-18 07:09:25,482 [java.util.concurrent.ThreadPoolExecutor$Worker@4d9c7f31[State = -1, empty queue]] WARN  server.GrpcLogAppender (GrpcLogAppender.java:timeoutAppendRequest(209)) - 0e41e4d3-9bdd-41a7-a6da-f6547615f156@group-4D56D0FF4DD9->a7c18b56-7bd4-4e97-bac5-a7861ed2f887-GrpcLogAppender: appendEntries Timeout, request=0e41e4d3-9bdd-41a7-a6da-f6547615f156->a7c18b56-7bd4-4e97-bac5-a7861ed2f887#10-t2, previous=(t:2, i:6), leaderCommit=5, initializing? false, entries: size=1, first=(t:2, i:7), METADATAENTRY(c5)
2019-10-18 07:09:25,483 [java.util.concurrent.ThreadPoolExecutor$Worker@4d9c7f31[State = -1, empty queue]] WARN  server.GrpcLogAppender (GrpcLogAppender.java:timeoutAppendRequest(209)) - 0e41e4d3-9bdd-41a7-a6da-f6547615f156@group-4D56D0FF4DD9->a7c18b56-7bd4-4e97-bac5-a7861ed2f887-GrpcLogAppender: appendEntries Timeout, request=0e41e4d3-9bdd-41a7-a6da-f6547615f156->a7c18b56-7bd4-4e97-bac5-a7861ed2f887#11-t2, previous=(t:2, i:7), leaderCommit=6, initializing? false, entries: size=1, first=(t:2, i:8), METADATAENTRY(c6)
2019-10-18 07:09:27,984 [java.util.concurrent.ThreadPoolExecutor$Worker@4d9c7f31[State = -1, empty queue]] WARN  server.GrpcLogAppender (GrpcLogAppender.java:timeoutAppendRequest(209)) - 0e41e4d3-9bdd-41a7-a6da-f6547615f156@group-4D56D0FF4DD9->a7c18b56-7bd4-4e97-bac5-a7861ed2f887-GrpcLogAppender: appendEntries Timeout, request=0e41e4d3-9bdd-41a7-a6da-f6547615f156->a7c18b56-7bd4-4e97-bac5-a7861ed2f887#12-t2, previous=(t:2, i:8), leaderCommit=8, initializing? false, entries: <empty>
2019-10-18 07:09:30,485 [java.util.concurrent.ThreadPoolExecutor$Worker@4d9c7f31[State = -1, empty queue]] WARN  server.GrpcLogAppender (GrpcLogAppender.java:timeoutAppendRequest(209)) - 0e41e4d3-9bdd-41a7-a6da-f6547615f156@group-4D56D0FF4DD9->a7c18b56-7bd4-4e97-bac5-a7861ed2f887-GrpcLogAppender: appendEntries Timeout, request=0e41e4d3-9bdd-41a7-a6da-f6547615f156->a7c18b56-7bd4-4e97-bac5-a7861ed2f887#13-t2, previous=(t:2, i:8), leaderCommit=8, initializing? false, entries: <empty>
2019-10-18 07:09:32,539 [Thread-293] INFO  client.GrpcClientProtocolService (GrpcClientProtocolService.java:lambda$processClientRequest$0(278)) - Failed RaftClientRequest:client-23AD7B0CD45D->365c74cf-9edf-4118-8168-00280e7ea799@group-4D56D0FF4DD9, cid=10, seq=0, Watch-ALL_COMMITTED(6), Message:<EMPTY>, reply=RaftClientReply:client-23AD7B0CD45D->365c74cf-9edf-4118-8168-00280e7ea799@group-4D56D0FF4DD9, cid=10, FAILED org.apache.ratis.protocol.NotLeaderException: Server 365c74cf-9edf-4118-8168-00280e7ea799@group-4D56D0FF4DD9 is not the leader 0e41e4d3-9bdd-41a7-a6da-f6547615f156:192.168.69.67:46622, logIndex=0, commits[365c74cf-9edf-4118-8168-00280e7ea799:c8, a7c18b56-7bd4-4e97-bac5-a7861ed2f887:c4, 0e41e4d3-9bdd-41a7-a6da-f6547615f156:c8]
2019-10-18 07:09:32,888 [Thread-296] INFO  client.GrpcClientProtocolService (GrpcClientProtocolService.java:lambda$processClientRequest$0(278)) - Failed RaftClientRequest:client-23AD7B0CD45D->0e41e4d3-9bdd-41a7-a6da-f6547615f156@group-4D56D0FF4DD9, cid=10, seq=0, Watch-ALL_COMMITTED(6), Message:<EMPTY>, reply=RaftClientReply:client-23AD7B0CD45D->0e41e4d3-9bdd-41a7-a6da-f6547615f156@group-4D56D0FF4DD9, cid=10, FAILED org.apache.ratis.protocol.NotReplicatedException: Request with call Id 10 and log index 6 is not yet replicated to ALL_COMMITTED, logIndex=6, commits[0e41e4d3-9bdd-41a7-a6da-f6547615f156:c8, a7c18b56-7bd4-4e97-bac5-a7861ed2f887:c4, 365c74cf-9edf-4118-8168-00280e7ea799:c8]
2019-10-18 07:09:32,991 [java.util.concurrent.ThreadPoolExecutor$Worker@4d9c7f31[State = -1, empty queue]] WARN  server.GrpcLogAppender (GrpcLogAppender.java:timeoutAppendRequest(209)) - 0e41e4d3-9bdd-41a7-a6da-f6547615f156@group-4D56D0FF4DD9->a7c18b56-7bd4-4e97-bac5-a7861ed2f887-GrpcLogAppender: appendEntries Timeout, request=0e41e4d3-9bdd-41a7-a6da-f6547615f156->a7c18b56-7bd4-4e97-bac5-a7861ed2f887#14-t2, previous=(t:2, i:8), leaderCommit=8, initializing? false, entries: <empty>
2019-10-18 07:09:35,492 [java.util.concurrent.ThreadPoolExecutor$Worker@4d9c7f31[State = -1, empty queue]] WARN  server.GrpcLogAppender (GrpcLogAppender.java:timeoutAppendRequest(209)) - 0e41e4d3-9bdd-41a7-a6da-f6547615f156@group-4D56D0FF4DD9->a7c18b56-7bd4-4e97-bac5-a7861ed2f887-GrpcLogAppender: appendEntries Timeout, request=0e41e4d3-9bdd-41a7-a6da-f6547615f156->a7c18b56-7bd4-4e97-bac5-a7861ed2f887#15-t2, previous=(t:2, i:8), leaderCommit=8, initializing? false, entries: <empty>
2019-10-18 07:09:37,993 [java.util.concurrent.ThreadPoolExecutor$Worker@4d9c7f31[State = -1, empty queue]] WARN  server.GrpcLogAppender (GrpcLogAppender.java:timeoutAppendRequest(209)) - 0e41e4d3-9bdd-41a7-a6da-f6547615f156@group-4D56D0FF4DD9->a7c18b56-7bd4-4e97-bac5-a7861ed2f887-GrpcLogAppender: appendEntries Timeout, request=0e41e4d3-9bdd-41a7-a6da-f6547615f156->a7c18b56-7bd4-4e97-bac5-a7861ed2f887#16-t2, previous=(t:2, i:8), leaderCommit=8, initializing? false, entries: <empty>
2019-10-18 07:09:40,494 [java.util.concurrent.ThreadPoolExecutor$Worker@4d9c7f31[State = -1, empty queue]] WARN  server.GrpcLogAppender (GrpcLogAppender.java:timeoutAppendRequest(209)) - 0e41e4d3-9bdd-41a7-a6da-f6547615f156@group-4D56D0FF4DD9->a7c18b56-7bd4-4e97-bac5-a7861ed2f887-GrpcLogAppender: appendEntries Timeout, request=0e41e4d3-9bdd-41a7-a6da-f6547615f156->a7c18b56-7bd4-4e97-bac5-a7861ed2f887#17-t2, previous=(t:2, i:8), leaderCommit=8, initializing? false, entries: <empty>
2019-10-18 07:09:41,567 [Thread-302] INFO  client.GrpcClientProtocolService (GrpcClientProtocolService.java:lambda$processClientRequest$0(278)) - Failed RaftClientRequest:client-23AD7B0CD45D->365c74cf-9edf-4118-8168-00280e7ea799@group-4D56D0FF4DD9, cid=10, seq=0, Watch-ALL_COMMITTED(6), Message:<EMPTY>, reply=RaftClientReply:client-23AD7B0CD45D->365c74cf-9edf-4118-8168-00280e7ea799@group-4D56D0FF4DD9, cid=10, FAILED org.apache.ratis.protocol.NotLeaderException: Server 365c74cf-9edf-4118-8168-00280e7ea799@group-4D56D0FF4DD9 is not the leader 0e41e4d3-9bdd-41a7-a6da-f6547615f156:192.168.69.67:46622, logIndex=0, commits[365c74cf-9edf-4118-8168-00280e7ea799:c8, a7c18b56-7bd4-4e97-bac5-a7861ed2f887:c4, 0e41e4d3-9bdd-41a7-a6da-f6547615f156:c8]
2019-10-18 07:09:42,884 [Thread-306] INFO  client.GrpcClientProtocolService (GrpcClientProtocolService.java:lambda$processClientRequest$0(278)) - Failed RaftClientRequest:client-23AD7B0CD45D->0e41e4d3-9bdd-41a7-a6da-f6547615f156@group-4D56D0FF4DD9, cid=10, seq=0, Watch-ALL_COMMITTED(6), Message:<EMPTY>, reply=RaftClientReply:client-23AD7B0CD45D->0e41e4d3-9bdd-41a7-a6da-f6547615f156@group-4D56D0FF4DD9, cid=10, FAILED org.apache.ratis.protocol.NotReplicatedException: Request with call Id 10 and log index 6 is not yet replicated to ALL_COMMITTED, logIndex=6, commits[0e41e4d3-9bdd-41a7-a6da-f6547615f156:c8, a7c18b56-7bd4-4e97-bac5-a7861ed2f887:c4, 365c74cf-9edf-4118-8168-00280e7ea799:c8]
2019-10-18 07:09:42,995 [java.util.concurrent.ThreadPoolExecutor$Worker@4d9c7f31[State = -1, empty queue]] WARN  server.GrpcLogAppender (GrpcLogAppender.java:timeoutAppendRequest(209)) - 0e41e4d3-9bdd-41a7-a6da-f6547615f156@group-4D56D0FF4DD9->a7c18b56-7bd4-4e97-bac5-a7861ed2f887-GrpcLogAppender: appendEntries Timeout, request=0e41e4d3-9bdd-41a7-a6da-f6547615f156->a7c18b56-7bd4-4e97-bac5-a7861ed2f887#18-t2, previous=(t:2, i:8), leaderCommit=8, initializing? false, entries: <empty>
2019-10-18 07:09:45,496 [java.util.concurrent.ThreadPoolExecutor$Worker@4d9c7f31[State = -1, empty queue]] WARN  server.GrpcLogAppender (GrpcLogAppender.java:timeoutAppendRequest(209)) - 0e41e4d3-9bdd-41a7-a6da-f6547615f156@group-4D56D0FF4DD9->a7c18b56-7bd4-4e97-bac5-a7861ed2f887-GrpcLogAppender: appendEntries Timeout, request=0e41e4d3-9bdd-41a7-a6da-f6547615f156->a7c18b56-7bd4-4e97-bac5-a7861ed2f887#19-t2, previous=(t:2, i:8), leaderCommit=8, initializing? false, entries: <empty>
2019-10-18 07:09:47,998 [java.util.concurrent.ThreadPoolExecutor$Worker@4d9c7f31[State = -1, empty queue]] WARN  server.GrpcLogAppender (GrpcLogAppender.java:timeoutAppendRequest(209)) - 0e41e4d3-9bdd-41a7-a6da-f6547615f156@group-4D56D0FF4DD9->a7c18b56-7bd4-4e97-bac5-a7861ed2f887-GrpcLogAppender: appendEntries Timeout, request=0e41e4d3-9bdd-41a7-a6da-f6547615f156->a7c18b56-7bd4-4e97-bac5-a7861ed2f887#20-t2, previous=(t:2, i:8), leaderCommit=8, initializing? false, entries: <empty>
2019-10-18 07:09:50,500 [java.util.concurrent.ThreadPoolExecutor$Worker@4d9c7f31[State = -1, empty queue]] WARN  server.GrpcLogAppender (GrpcLogAppender.java:timeoutAppendRequest(209)) - 0e41e4d3-9bdd-41a7-a6da-f6547615f156@group-4D56D0FF4DD9->a7c18b56-7bd4-4e97-bac5-a7861ed2f887-GrpcLogAppender: appendEntries Timeout, request=0e41e4d3-9bdd-41a7-a6da-f6547615f156->a7c18b56-7bd4-4e97-bac5-a7861ed2f887#21-t2, previous=(t:2, i:8), leaderCommit=8, initializing? false, entries: <empty>
2019-10-18 07:09:51,620 [Thread-314] INFO  client.GrpcClientProtocolService (GrpcClientProtocolService.java:lambda$processClientRequest$0(278)) - Failed RaftClientRequest:client-23AD7B0CD45D->365c74cf-9edf-4118-8168-00280e7ea799@group-4D56D0FF4DD9, cid=10, seq=0, Watch-ALL_COMMITTED(6), Message:<EMPTY>, reply=RaftClientReply:client-23AD7B0CD45D->365c74cf-9edf-4118-8168-00280e7ea799@group-4D56D0FF4DD9, cid=10, FAILED org.apache.ratis.protocol.NotLeaderException: Server 365c74cf-9edf-4118-8168-00280e7ea799@group-4D56D0FF4DD9 is not the leader 0e41e4d3-9bdd-41a7-a6da-f6547615f156:192.168.69.67:46622, logIndex=0, commits[365c74cf-9edf-4118-8168-00280e7ea799:c8, a7c18b56-7bd4-4e97-bac5-a7861ed2f887:c4, 0e41e4d3-9bdd-41a7-a6da-f6547615f156:c8]
2019-10-18 07:09:51,884 [Thread-317] INFO  client.GrpcClientProtocolService (GrpcClientProtocolService.java:lambda$processClientRequest$0(278)) - Failed RaftClientRequest:client-23AD7B0CD45D->0e41e4d3-9bdd-41a7-a6da-f6547615f156@group-4D56D0FF4DD9, cid=10, seq=0, Watch-ALL_COMMITTED(6), Message:<EMPTY>, reply=RaftClientReply:client-23AD7B0CD45D->0e41e4d3-9bdd-41a7-a6da-f6547615f156@group-4D56D0FF4DD9, cid=10, FAILED org.apache.ratis.protocol.NotReplicatedException: Request with call Id 10 and log index 6 is not yet replicated to ALL_COMMITTED, logIndex=6, commits[0e41e4d3-9bdd-41a7-a6da-f6547615f156:c8, a7c18b56-7bd4-4e97-bac5-a7861ed2f887:c4, 365c74cf-9edf-4118-8168-00280e7ea799:c8]
2019-10-18 07:09:52,498 [main] WARN  scm.XceiverClientRatis (XceiverClientRatis.java:watchForCommit(277)) - 3 way commit failed on pipeline Pipeline[ Id: 5b98df48-0bd5-4e4e-b730-4d56d0ff4dd9, Nodes: a7c18b56-7bd4-4e97-bac5-a7861ed2f887{ip: 192.168.69.67, host: pr-hdds-1868-wx8dl-4219780377, networkLocation: /default-rack, certSerialId: null}365c74cf-9edf-4118-8168-00280e7ea799{ip: 192.168.69.67, host: pr-hdds-1868-wx8dl-4219780377, networkLocation: /default-rack, certSerialId: null}0e41e4d3-9bdd-41a7-a6da-f6547615f156{ip: 192.168.69.67, host: pr-hdds-1868-wx8dl-4219780377, networkLocation: /default-rack, certSerialId: null}, Type:RATIS, Factor:THREE, State:OPEN]
java.util.concurrent.TimeoutException
	at java.util.concurrent.CompletableFuture.timedGet(CompletableFuture.java:1771)
	at java.util.concurrent.CompletableFuture.get(CompletableFuture.java:1915)
	at org.apache.hadoop.hdds.scm.XceiverClientRatis.watchForCommit(XceiverClientRatis.java:274)
	at org.apache.hadoop.hdds.scm.storage.CommitWatcher.watchForCommit(CommitWatcher.java:198)
	at org.apache.hadoop.hdds.scm.storage.CommitWatcher.watchOnLastIndex(CommitWatcher.java:161)
	at org.apache.hadoop.hdds.scm.storage.BlockOutputStream.watchForCommit(BlockOutputStream.java:346)
	at org.apache.hadoop.hdds.scm.storage.BlockOutputStream.handleFlush(BlockOutputStream.java:482)
	at org.apache.hadoop.hdds.scm.storage.BlockOutputStream.close(BlockOutputStream.java:496)
	at org.apache.hadoop.ozone.client.io.BlockOutputStreamEntry.close(BlockOutputStreamEntry.java:143)
	at org.apache.hadoop.ozone.client.io.KeyOutputStream.handleFlushOrClose(KeyOutputStream.java:435)
	at org.apache.hadoop.ozone.client.io.KeyOutputStream.close(KeyOutputStream.java:473)
	at org.apache.hadoop.ozone.client.io.OzoneOutputStream.close(OzoneOutputStream.java:60)
	at org.apache.hadoop.ozone.client.rpc.TestDeleteWithSlowFollower.testDeleteKeyWithSlowFollower(TestDeleteWithSlowFollower.java:193)
	at sun.reflect.NativeMethodAccessorImpl.invoke0(Native Method)
	at sun.reflect.NativeMethodAccessorImpl.invoke(NativeMethodAccessorImpl.java:62)
	at sun.reflect.DelegatingMethodAccessorImpl.invoke(DelegatingMethodAccessorImpl.java:43)
	at java.lang.reflect.Method.invoke(Method.java:498)
	at org.junit.runners.model.FrameworkMethod$1.runReflectiveCall(FrameworkMethod.java:47)
	at org.junit.internal.runners.model.ReflectiveCallable.run(ReflectiveCallable.java:12)
	at org.junit.runners.model.FrameworkMethod.invokeExplosively(FrameworkMethod.java:44)
	at org.junit.internal.runners.statements.InvokeMethod.evaluate(InvokeMethod.java:17)
	at org.junit.runners.ParentRunner.runLeaf(ParentRunner.java:271)
	at org.junit.runners.BlockJUnit4ClassRunner.runChild(BlockJUnit4ClassRunner.java:70)
	at org.junit.runners.BlockJUnit4ClassRunner.runChild(BlockJUnit4ClassRunner.java:50)
	at org.junit.runners.ParentRunner$3.run(ParentRunner.java:238)
	at org.junit.runners.ParentRunner$1.schedule(ParentRunner.java:63)
	at org.junit.runners.ParentRunner.runChildren(ParentRunner.java:236)
	at org.junit.runners.ParentRunner.access$000(ParentRunner.java:53)
	at org.junit.runners.ParentRunner$2.evaluate(ParentRunner.java:229)
	at org.junit.internal.runners.statements.RunBefores.evaluate(RunBefores.java:26)
	at org.junit.internal.runners.statements.RunAfters.evaluate(RunAfters.java:27)
	at org.junit.runners.ParentRunner.run(ParentRunner.java:309)
	at org.apache.maven.surefire.junit4.JUnit4Provider.execute(JUnit4Provider.java:365)
	at org.apache.maven.surefire.junit4.JUnit4Provider.executeWithRerun(JUnit4Provider.java:273)
	at org.apache.maven.surefire.junit4.JUnit4Provider.executeTestSet(JUnit4Provider.java:238)
	at org.apache.maven.surefire.junit4.JUnit4Provider.invoke(JUnit4Provider.java:159)
	at org.apache.maven.surefire.booter.ForkedBooter.invokeProviderInSameClassLoader(ForkedBooter.java:384)
	at org.apache.maven.surefire.booter.ForkedBooter.runSuitesInProcess(ForkedBooter.java:345)
	at org.apache.maven.surefire.booter.ForkedBooter.execute(ForkedBooter.java:126)
	at org.apache.maven.surefire.booter.ForkedBooter.main(ForkedBooter.java:418)
2019-10-18 07:09:52,515 [main] INFO  scm.XceiverClientRatis (XceiverClientRatis.java:lambda$watchForCommit$5(295)) - Could not commit index 6 on pipeline Pipeline[ Id: 5b98df48-0bd5-4e4e-b730-4d56d0ff4dd9, Nodes: a7c18b56-7bd4-4e97-bac5-a7861ed2f887{ip: 192.168.69.67, host: pr-hdds-1868-wx8dl-4219780377, networkLocation: /default-rack, certSerialId: null}365c74cf-9edf-4118-8168-00280e7ea799{ip: 192.168.69.67, host: pr-hdds-1868-wx8dl-4219780377, networkLocation: /default-rack, certSerialId: null}0e41e4d3-9bdd-41a7-a6da-f6547615f156{ip: 192.168.69.67, host: pr-hdds-1868-wx8dl-4219780377, networkLocation: /default-rack, certSerialId: null}, Type:RATIS, Factor:THREE, State:OPEN] to all the nodes. Server a7c18b56-7bd4-4e97-bac5-a7861ed2f887 has failed. Committed by majority.
2019-10-18 07:09:52,516 [main] WARN  storage.BlockOutputStream (BlockOutputStream.java:watchForCommit(352)) - Failed to commit BlockId conID: 1 locID: 102982127234646016 bcsId: 6 on Pipeline[ Id: 5b98df48-0bd5-4e4e-b730-4d56d0ff4dd9, Nodes: a7c18b56-7bd4-4e97-bac5-a7861ed2f887{ip: 192.168.69.67, host: pr-hdds-1868-wx8dl-4219780377, networkLocation: /default-rack, certSerialId: null}365c74cf-9edf-4118-8168-00280e7ea799{ip: 192.168.69.67, host: pr-hdds-1868-wx8dl-4219780377, networkLocation: /default-rack, certSerialId: null}0e41e4d3-9bdd-41a7-a6da-f6547615f156{ip: 192.168.69.67, host: pr-hdds-1868-wx8dl-4219780377, networkLocation: /default-rack, certSerialId: null}, Type:RATIS, Factor:THREE, State:OPEN]. Failed nodes: [a7c18b56-7bd4-4e97-bac5-a7861ed2f887{ip: null, host: null, networkLocation: /default-rack, certSerialId: null}]
2019-10-18 07:09:53,002 [java.util.concurrent.ThreadPoolExecutor$Worker@4d9c7f31[State = -1, empty queue]] WARN  server.GrpcLogAppender (GrpcLogAppender.java:timeoutAppendRequest(209)) - 0e41e4d3-9bdd-41a7-a6da-f6547615f156@group-4D56D0FF4DD9->a7c18b56-7bd4-4e97-bac5-a7861ed2f887-GrpcLogAppender: appendEntries Timeout, request=0e41e4d3-9bdd-41a7-a6da-f6547615f156->a7c18b56-7bd4-4e97-bac5-a7861ed2f887#22-t2, previous=(t:2, i:8), leaderCommit=8, initializing? false, entries: <empty>
2019-10-18 07:09:53,633 [EventQueue-IncrementalContainerReportForIncrementalContainerReportHandler] WARN  container.IncrementalContainerReportHandler (AbstractContainerReportHandler.java:updateContainerState(145)) - Container #1 is in OPEN state, but the datanode 0e41e4d3-9bdd-41a7-a6da-f6547615f156{ip: 192.168.69.67, host: pr-hdds-1868-wx8dl-4219780377, networkLocation: /default-rack, certSerialId: null} reports an CLOSING replica.
2019-10-18 07:09:53,634 [RatisApplyTransactionExecutor 1] INFO  interfaces.Container (KeyValueContainer.java:flushAndSyncDB(386)) - Container 1 is synced with bcsId 6.
2019-10-18 07:09:53,635 [EventQueue-IncrementalContainerReportForIncrementalContainerReportHandler] WARN  container.IncrementalContainerReportHandler (AbstractContainerReportHandler.java:updateContainerState(145)) - Container #1 is in OPEN state, but the datanode 365c74cf-9edf-4118-8168-00280e7ea799{ip: 192.168.69.67, host: pr-hdds-1868-wx8dl-4219780377, networkLocation: /default-rack, certSerialId: null} reports an CLOSING replica.
2019-10-18 07:09:53,635 [RatisApplyTransactionExecutor 1] INFO  interfaces.Container (KeyValueContainer.java:flushAndSyncDB(386)) - Container 1 is synced with bcsId 6.
2019-10-18 07:09:53,635 [RatisApplyTransactionExecutor 1] INFO  interfaces.Container (KeyValueContainer.java:flushAndSyncDB(386)) - Container 1 is synced with bcsId 6.
2019-10-18 07:09:53,636 [RatisApplyTransactionExecutor 1] INFO  interfaces.Container (KeyValueContainer.java:flushAndSyncDB(386)) - Container 1 is synced with bcsId 6.
2019-10-18 07:09:53,652 [RatisApplyTransactionExecutor 1] INFO  interfaces.Container (KeyValueContainer.java:close(335)) - Container 1 is closed with bcsId 6.
2019-10-18 07:09:53,652 [RatisApplyTransactionExecutor 1] INFO  interfaces.Container (KeyValueContainer.java:close(335)) - Container 1 is closed with bcsId 6.
2019-10-18 07:09:53,655 [EventQueue-IncrementalContainerReportForIncrementalContainerReportHandler] WARN  container.IncrementalContainerReportHandler (AbstractContainerReportHandler.java:updateContainerState(145)) - Container #1 is in OPEN state, but the datanode 0e41e4d3-9bdd-41a7-a6da-f6547615f156{ip: 192.168.69.67, host: pr-hdds-1868-wx8dl-4219780377, networkLocation: /default-rack, certSerialId: null} reports an CLOSED replica.
2019-10-18 07:09:53,655 [EventQueue-IncrementalContainerReportForIncrementalContainerReportHandler] WARN  container.IncrementalContainerReportHandler (AbstractContainerReportHandler.java:updateContainerState(145)) - Container #1 is in OPEN state, but the datanode 365c74cf-9edf-4118-8168-00280e7ea799{ip: 192.168.69.67, host: pr-hdds-1868-wx8dl-4219780377, networkLocation: /default-rack, certSerialId: null} reports an CLOSED replica.
2019-10-18 07:09:53,853 [EventQueue-ContainerReportForContainerReportHandler] WARN  container.ContainerReportHandler (AbstractContainerReportHandler.java:updateContainerState(145)) - Container #1 is in OPEN state, but the datanode 0e41e4d3-9bdd-41a7-a6da-f6547615f156{ip: 192.168.69.67, host: pr-hdds-1868-wx8dl-4219780377, networkLocation: /default-rack, certSerialId: null} reports an CLOSED replica.
2019-10-18 07:09:53,876 [IPC Server handler 9 on 34433] INFO  server.SCMBlockProtocolServer (SCMBlockProtocolServer.java:deleteKeyBlocks(212)) - SCM is informed by OM to delete 1 blocks
2019-10-18 07:09:53,877 [IPC Server handler 9 on 34433] INFO  block.BlockManagerImpl (BlockManagerImpl.java:deleteBlocks(285)) - Deleting blocks conID: 1 locID: 102982127234646016 bcsId: 0
2019-10-18 07:09:53,986 [BlockDeletingService#2] WARN  background.BlockDeletingService (BlockDeletingService.java:isDeletionAllowed(187)) - Close Container log Index 6 is not replicated across allthe servers in the pipeline 5b98df48-0bd5-4e4e-b730-4d56d0ff4dd9 as the min replicated index is 4. Deletion is not allowed in this container yet.
2019-10-18 07:09:53,988 [BlockDeletingService#2] WARN  background.BlockDeletingService (BlockDeletingService.java:isDeletionAllowed(187)) - Close Container log Index 6 is not replicated across allthe servers in the pipeline 5b98df48-0bd5-4e4e-b730-4d56d0ff4dd9 as the min replicated index is 4. Deletion is not allowed in this container yet.
2019-10-18 07:09:54,053 [EventQueue-ContainerReportForContainerReportHandler] WARN  container.ContainerReportHandler (AbstractContainerReportHandler.java:updateContainerState(145)) - Container #1 is in OPEN state, but the datanode 365c74cf-9edf-4118-8168-00280e7ea799{ip: 192.168.69.67, host: pr-hdds-1868-wx8dl-4219780377, networkLocation: /default-rack, certSerialId: null} reports an CLOSED replica.
2019-10-18 07:09:54,153 [EventQueue-ContainerReportForContainerReportHandler] WARN  container.ContainerReportHandler (AbstractContainerReportHandler.java:updateContainerState(145)) - Container #1 is in OPEN state, but the datanode 0e41e4d3-9bdd-41a7-a6da-f6547615f156{ip: 192.168.69.67, host: pr-hdds-1868-wx8dl-4219780377, networkLocation: /default-rack, certSerialId: null} reports an CLOSED replica.
2019-10-18 07:09:54,454 [EventQueue-ContainerReportForContainerReportHandler] WARN  container.ContainerReportHandler (AbstractContainerReportHandler.java:updateContainerState(145)) - Container #1 is in OPEN state, but the datanode 365c74cf-9edf-4118-8168-00280e7ea799{ip: 192.168.69.67, host: pr-hdds-1868-wx8dl-4219780377, networkLocation: /default-rack, certSerialId: null} reports an CLOSED replica.
2019-10-18 07:09:54,554 [EventQueue-ContainerReportForContainerReportHandler] WARN  container.ContainerReportHandler (AbstractContainerReportHandler.java:updateContainerState(145)) - Container #1 is in OPEN state, but the datanode 0e41e4d3-9bdd-41a7-a6da-f6547615f156{ip: 192.168.69.67, host: pr-hdds-1868-wx8dl-4219780377, networkLocation: /default-rack, certSerialId: null} reports an CLOSED replica.
2019-10-18 07:09:54,754 [EventQueue-ContainerReportForContainerReportHandler] WARN  container.ContainerReportHandler (AbstractContainerReportHandler.java:updateContainerState(145)) - Container #1 is in OPEN state, but the datanode 0e41e4d3-9bdd-41a7-a6da-f6547615f156{ip: 192.168.69.67, host: pr-hdds-1868-wx8dl-4219780377, networkLocation: /default-rack, certSerialId: null} reports an CLOSED replica.
2019-10-18 07:09:54,754 [EventQueue-ContainerReportForContainerReportHandler] WARN  container.ContainerReportHandler (AbstractContainerReportHandler.java:updateContainerState(145)) - Container #1 is in OPEN state, but the datanode 365c74cf-9edf-4118-8168-00280e7ea799{ip: 192.168.69.67, host: pr-hdds-1868-wx8dl-4219780377, networkLocation: /default-rack, certSerialId: null} reports an CLOSED replica.
2019-10-18 07:09:54,987 [BlockDeletingService#2] WARN  background.BlockDeletingService (BlockDeletingService.java:isDeletionAllowed(187)) - Close Container log Index 6 is not replicated across allthe servers in the pipeline 5b98df48-0bd5-4e4e-b730-4d56d0ff4dd9 as the min replicated index is 4. Deletion is not allowed in this container yet.
2019-10-18 07:09:54,990 [BlockDeletingService#2] WARN  background.BlockDeletingService (BlockDeletingService.java:isDeletionAllowed(187)) - Close Container log Index 6 is not replicated across allthe servers in the pipeline 5b98df48-0bd5-4e4e-b730-4d56d0ff4dd9 as the min replicated index is 4. Deletion is not allowed in this container yet.
2019-10-18 07:09:55,054 [EventQueue-ContainerReportForContainerReportHandler] WARN  container.ContainerReportHandler (AbstractContainerReportHandler.java:updateContainerState(145)) - Container #1 is in OPEN state, but the datanode 0e41e4d3-9bdd-41a7-a6da-f6547615f156{ip: 192.168.69.67, host: pr-hdds-1868-wx8dl-4219780377, networkLocation: /default-rack, certSerialId: null} reports an CLOSED replica.
2019-10-18 07:09:55,054 [EventQueue-ContainerReportForContainerReportHandler] WARN  container.ContainerReportHandler (AbstractContainerReportHandler.java:updateContainerState(145)) - Container #1 is in OPEN state, but the datanode 365c74cf-9edf-4118-8168-00280e7ea799{ip: 192.168.69.67, host: pr-hdds-1868-wx8dl-4219780377, networkLocation: /default-rack, certSerialId: null} reports an CLOSED replica.
2019-10-18 07:09:55,354 [EventQueue-ContainerReportForContainerReportHandler] WARN  container.ContainerReportHandler (AbstractContainerReportHandler.java:updateContainerState(145)) - Container #1 is in OPEN state, but the datanode 365c74cf-9edf-4118-8168-00280e7ea799{ip: 192.168.69.67, host: pr-hdds-1868-wx8dl-4219780377, networkLocation: /default-rack, certSerialId: null} reports an CLOSED replica.
2019-10-18 07:09:55,454 [EventQueue-ContainerReportForContainerReportHandler] WARN  container.ContainerReportHandler (AbstractContainerReportHandler.java:updateContainerState(145)) - Container #1 is in OPEN state, but the datanode 0e41e4d3-9bdd-41a7-a6da-f6547615f156{ip: 192.168.69.67, host: pr-hdds-1868-wx8dl-4219780377, networkLocation: /default-rack, certSerialId: null} reports an CLOSED replica.
2019-10-18 07:09:55,504 [java.util.concurrent.ThreadPoolExecutor$Worker@4d9c7f31[State = -1, empty queue]] WARN  server.GrpcLogAppender (GrpcLogAppender.java:timeoutAppendRequest(209)) - 0e41e4d3-9bdd-41a7-a6da-f6547615f156@group-4D56D0FF4DD9->a7c18b56-7bd4-4e97-bac5-a7861ed2f887-GrpcLogAppender: appendEntries Timeout, request=0e41e4d3-9bdd-41a7-a6da-f6547615f156->a7c18b56-7bd4-4e97-bac5-a7861ed2f887#23-t2, previous=(t:2, i:8), leaderCommit=8, initializing? false, entries: <empty>
2019-10-18 07:09:55,554 [EventQueue-ContainerReportForContainerReportHandler] WARN  container.ContainerReportHandler (AbstractContainerReportHandler.java:updateContainerState(145)) - Container #1 is in OPEN state, but the datanode 365c74cf-9edf-4118-8168-00280e7ea799{ip: 192.168.69.67, host: pr-hdds-1868-wx8dl-4219780377, networkLocation: /default-rack, certSerialId: null} reports an CLOSED replica.
2019-10-18 07:09:55,653 [EventQueue-ContainerReportForContainerReportHandler] WARN  container.ContainerReportHandler (AbstractContainerReportHandler.java:updateContainerState(145)) - Container #1 is in OPEN state, but the datanode 0e41e4d3-9bdd-41a7-a6da-f6547615f156{ip: 192.168.69.67, host: pr-hdds-1868-wx8dl-4219780377, networkLocation: /default-rack, certSerialId: null} reports an CLOSED replica.
2019-10-18 07:09:55,855 [EventQueue-ContainerReportForContainerReportHandler] WARN  container.ContainerReportHandler (AbstractContainerReportHandler.java:updateContainerState(145)) - Container #1 is in OPEN state, but the datanode 365c74cf-9edf-4118-8168-00280e7ea799{ip: 192.168.69.67, host: pr-hdds-1868-wx8dl-4219780377, networkLocation: /default-rack, certSerialId: null} reports an CLOSED replica.
2019-10-18 07:09:55,953 [EventQueue-ContainerReportForContainerReportHandler] WARN  container.ContainerReportHandler (AbstractContainerReportHandler.java:updateContainerState(145)) - Container #1 is in OPEN state, but the datanode 0e41e4d3-9bdd-41a7-a6da-f6547615f156{ip: 192.168.69.67, host: pr-hdds-1868-wx8dl-4219780377, networkLocation: /default-rack, certSerialId: null} reports an CLOSED replica.
2019-10-18 07:09:55,988 [BlockDeletingService#2] WARN  background.BlockDeletingService (BlockDeletingService.java:isDeletionAllowed(187)) - Close Container log Index 6 is not replicated across allthe servers in the pipeline 5b98df48-0bd5-4e4e-b730-4d56d0ff4dd9 as the min replicated index is 4. Deletion is not allowed in this container yet.
2019-10-18 07:09:55,991 [BlockDeletingService#2] WARN  background.BlockDeletingService (BlockDeletingService.java:isDeletionAllowed(187)) - Close Container log Index 6 is not replicated across allthe servers in the pipeline 5b98df48-0bd5-4e4e-b730-4d56d0ff4dd9 as the min replicated index is 4. Deletion is not allowed in this container yet.
2019-10-18 07:09:56,255 [EventQueue-ContainerReportForContainerReportHandler] WARN  container.ContainerReportHandler (AbstractContainerReportHandler.java:updateContainerState(145)) - Container #1 is in OPEN state, but the datanode 365c74cf-9edf-4118-8168-00280e7ea799{ip: 192.168.69.67, host: pr-hdds-1868-wx8dl-4219780377, networkLocation: /default-rack, certSerialId: null} reports an CLOSED replica.
2019-10-18 07:09:56,353 [EventQueue-ContainerReportForContainerReportHandler] WARN  container.ContainerReportHandler (AbstractContainerReportHandler.java:updateContainerState(145)) - Container #1 is in OPEN state, but the datanode 0e41e4d3-9bdd-41a7-a6da-f6547615f156{ip: 192.168.69.67, host: pr-hdds-1868-wx8dl-4219780377, networkLocation: /default-rack, certSerialId: null} reports an CLOSED replica.
2019-10-18 07:09:56,590 [java.util.concurrent.ThreadPoolExecutor$Worker@4d9c7f31[State = -1, empty queue]] WARN  server.GrpcLogAppender (GrpcLogAppender.java:timeoutAppendRequest(209)) - 0e41e4d3-9bdd-41a7-a6da-f6547615f156@group-4D56D0FF4DD9->a7c18b56-7bd4-4e97-bac5-a7861ed2f887-GrpcLogAppender: appendEntries Timeout, request=0e41e4d3-9bdd-41a7-a6da-f6547615f156->a7c18b56-7bd4-4e97-bac5-a7861ed2f887#24-t2, previous=(t:2, i:8), leaderCommit=8, initializing? false, entries: size=1, first=(t:2, i:9), STATEMACHINELOGENTRY, client-5281EFC6BD2F, cid=12
2019-10-18 07:09:56,603 [java.util.concurrent.ThreadPoolExecutor$Worker@4d9c7f31[State = -1, empty queue]] WARN  server.GrpcLogAppender (GrpcLogAppender.java:timeoutAppendRequest(209)) - 0e41e4d3-9bdd-41a7-a6da-f6547615f156@group-4D56D0FF4DD9->a7c18b56-7bd4-4e97-bac5-a7861ed2f887-GrpcLogAppender: appendEntries Timeout, request=0e41e4d3-9bdd-41a7-a6da-f6547615f156->a7c18b56-7bd4-4e97-bac5-a7861ed2f887#25-t2, previous=(t:2, i:9), leaderCommit=9, initializing? false, entries: size=1, first=(t:2, i:10), METADATAENTRY(c9)
2019-10-18 07:09:56,656 [EventQueue-ContainerReportForContainerReportHandler] WARN  container.ContainerReportHandler (AbstractContainerReportHandler.java:updateContainerState(145)) - Container #1 is in OPEN state, but the datanode 365c74cf-9edf-4118-8168-00280e7ea799{ip: 192.168.69.67, host: pr-hdds-1868-wx8dl-4219780377, networkLocation: /default-rack, certSerialId: null} reports an CLOSED replica.
2019-10-18 07:09:56,754 [EventQueue-ContainerReportForContainerReportHandler] WARN  container.ContainerReportHandler (AbstractContainerReportHandler.java:updateContainerState(145)) - Container #1 is in OPEN state, but the datanode 0e41e4d3-9bdd-41a7-a6da-f6547615f156{ip: 192.168.69.67, host: pr-hdds-1868-wx8dl-4219780377, networkLocation: /default-rack, certSerialId: null} reports an CLOSED replica.
2019-10-18 07:09:56,953 [EventQueue-ContainerReportForContainerReportHandler] WARN  container.ContainerReportHandler (AbstractContainerReportHandler.java:updateContainerState(145)) - Container #1 is in OPEN state, but the datanode 0e41e4d3-9bdd-41a7-a6da-f6547615f156{ip: 192.168.69.67, host: pr-hdds-1868-wx8dl-4219780377, networkLocation: /default-rack, certSerialId: null} reports an CLOSED replica.
2019-10-18 07:09:56,955 [EventQueue-ContainerReportForContainerReportHandler] WARN  container.ContainerReportHandler (AbstractContainerReportHandler.java:updateContainerState(145)) - Container #1 is in OPEN state, but the datanode 365c74cf-9edf-4118-8168-00280e7ea799{ip: 192.168.69.67, host: pr-hdds-1868-wx8dl-4219780377, networkLocation: /default-rack, certSerialId: null} reports an CLOSED replica.
2019-10-18 07:09:56,991 [BlockDeletingService#2] WARN  background.BlockDeletingService (BlockDeletingService.java:isDeletionAllowed(187)) - Close Container log Index 6 is not replicated across allthe servers in the pipeline 5b98df48-0bd5-4e4e-b730-4d56d0ff4dd9 as the min replicated index is 4. Deletion is not allowed in this container yet.
2019-10-18 07:09:56,993 [BlockDeletingService#2] WARN  background.BlockDeletingService (BlockDeletingService.java:isDeletionAllowed(187)) - Close Container log Index 6 is not replicated across allthe servers in the pipeline 5b98df48-0bd5-4e4e-b730-4d56d0ff4dd9 as the min replicated index is 4. Deletion is not allowed in this container yet.
2019-10-18 07:09:57,156 [EventQueue-ContainerReportForContainerReportHandler] WARN  container.ContainerReportHandler (AbstractContainerReportHandler.java:updateContainerState(145)) - Container #1 is in OPEN state, but the datanode 365c74cf-9edf-4118-8168-00280e7ea799{ip: 192.168.69.67, host: pr-hdds-1868-wx8dl-4219780377, networkLocation: /default-rack, certSerialId: null} reports an CLOSED replica.
2019-10-18 07:09:57,357 [EventQueue-ContainerReportForContainerReportHandler] WARN  container.ContainerReportHandler (AbstractContainerReportHandler.java:updateContainerState(145)) - Container #1 is in OPEN state, but the datanode 0e41e4d3-9bdd-41a7-a6da-f6547615f156{ip: 192.168.69.67, host: pr-hdds-1868-wx8dl-4219780377, networkLocation: /default-rack, certSerialId: null} reports an CLOSED replica.
2019-10-18 07:09:57,456 [EventQueue-ContainerReportForContainerReportHandler] WARN  container.ContainerReportHandler (AbstractContainerReportHandler.java:updateContainerState(145)) - Container #1 is in OPEN state, but the datanode 365c74cf-9edf-4118-8168-00280e7ea799{ip: 192.168.69.67, host: pr-hdds-1868-wx8dl-4219780377, networkLocation: /default-rack, certSerialId: null} reports an CLOSED replica.
2019-10-18 07:09:57,653 [EventQueue-ContainerReportForContainerReportHandler] WARN  container.ContainerReportHandler (AbstractContainerReportHandler.java:updateContainerState(145)) - Container #1 is in OPEN state, but the datanode 0e41e4d3-9bdd-41a7-a6da-f6547615f156{ip: 192.168.69.67, host: pr-hdds-1868-wx8dl-4219780377, networkLocation: /default-rack, certSerialId: null} reports an CLOSED replica.
2019-10-18 07:09:57,756 [EventQueue-ContainerReportForContainerReportHandler] WARN  container.ContainerReportHandler (AbstractContainerReportHandler.java:updateContainerState(145)) - Container #1 is in OPEN state, but the datanode 365c74cf-9edf-4118-8168-00280e7ea799{ip: 192.168.69.67, host: pr-hdds-1868-wx8dl-4219780377, networkLocation: /default-rack, certSerialId: null} reports an CLOSED replica.
2019-10-18 07:09:57,954 [EventQueue-ContainerReportForContainerReportHandler] WARN  container.ContainerReportHandler (AbstractContainerReportHandler.java:updateContainerState(145)) - Container #1 is in OPEN state, but the datanode 0e41e4d3-9bdd-41a7-a6da-f6547615f156{ip: 192.168.69.67, host: pr-hdds-1868-wx8dl-4219780377, networkLocation: /default-rack, certSerialId: null} reports an CLOSED replica.
2019-10-18 07:09:57,997 [BlockDeletingService#2] WARN  background.BlockDeletingService (BlockDeletingService.java:isDeletionAllowed(187)) - Close Container log Index 6 is not replicated across allthe servers in the pipeline 5b98df48-0bd5-4e4e-b730-4d56d0ff4dd9 as the min replicated index is 4. Deletion is not allowed in this container yet.
2019-10-18 07:09:57,997 [BlockDeletingService#2] WARN  background.BlockDeletingService (BlockDeletingService.java:isDeletionAllowed(187)) - Close Container log Index 6 is not replicated across allthe servers in the pipeline 5b98df48-0bd5-4e4e-b730-4d56d0ff4dd9 as the min replicated index is 4. Deletion is not allowed in this container yet.
2019-10-18 07:09:58,057 [EventQueue-ContainerReportForContainerReportHandler] WARN  container.ContainerReportHandler (AbstractContainerReportHandler.java:updateContainerState(145)) - Container #1 is in OPEN state, but the datanode 365c74cf-9edf-4118-8168-00280e7ea799{ip: 192.168.69.67, host: pr-hdds-1868-wx8dl-4219780377, networkLocation: /default-rack, certSerialId: null} reports an CLOSED replica.
2019-10-18 07:09:58,155 [EventQueue-ContainerReportForContainerReportHandler] WARN  container.ContainerReportHandler (AbstractContainerReportHandler.java:updateContainerState(145)) - Container #1 is in OPEN state, but the datanode 0e41e4d3-9bdd-41a7-a6da-f6547615f156{ip: 192.168.69.67, host: pr-hdds-1868-wx8dl-4219780377, networkLocation: /default-rack, certSerialId: null} reports an CLOSED replica.
2019-10-18 07:09:58,458 [EventQueue-ContainerReportForContainerReportHandler] WARN  container.ContainerReportHandler (AbstractContainerReportHandler.java:updateContainerState(145)) - Container #1 is in OPEN state, but the datanode 365c74cf-9edf-4118-8168-00280e7ea799{ip: 192.168.69.67, host: pr-hdds-1868-wx8dl-4219780377, networkLocation: /default-rack, certSerialId: null} reports an CLOSED replica.
2019-10-18 07:09:58,556 [EventQueue-ContainerReportForContainerReportHandler] WARN  container.ContainerReportHandler (AbstractContainerReportHandler.java:updateContainerState(145)) - Container #1 is in OPEN state, but the datanode 0e41e4d3-9bdd-41a7-a6da-f6547615f156{ip: 192.168.69.67, host: pr-hdds-1868-wx8dl-4219780377, networkLocation: /default-rack, certSerialId: null} reports an CLOSED replica.
2019-10-18 07:09:58,657 [EventQueue-ContainerReportForContainerReportHandler] WARN  container.ContainerReportHandler (AbstractContainerReportHandler.java:updateContainerState(145)) - Container #1 is in OPEN state, but the datanode 365c74cf-9edf-4118-8168-00280e7ea799{ip: 192.168.69.67, host: pr-hdds-1868-wx8dl-4219780377, networkLocation: /default-rack, certSerialId: null} reports an CLOSED replica.
2019-10-18 07:09:58,857 [EventQueue-ContainerReportForContainerReportHandler] WARN  container.ContainerReportHandler (AbstractContainerReportHandler.java:updateContainerState(145)) - Container #1 is in OPEN state, but the datanode 365c74cf-9edf-4118-8168-00280e7ea799{ip: 192.168.69.67, host: pr-hdds-1868-wx8dl-4219780377, networkLocation: /default-rack, certSerialId: null} reports an CLOSED replica.
2019-10-18 07:09:58,857 [EventQueue-ContainerReportForContainerReportHandler] WARN  container.ContainerReportHandler (AbstractContainerReportHandler.java:updateContainerState(145)) - Container #1 is in OPEN state, but the datanode 0e41e4d3-9bdd-41a7-a6da-f6547615f156{ip: 192.168.69.67, host: pr-hdds-1868-wx8dl-4219780377, networkLocation: /default-rack, certSerialId: null} reports an CLOSED replica.
2019-10-18 07:09:59,000 [BlockDeletingService#2] WARN  background.BlockDeletingService (BlockDeletingService.java:isDeletionAllowed(187)) - Close Container log Index 6 is not replicated across allthe servers in the pipeline 5b98df48-0bd5-4e4e-b730-4d56d0ff4dd9 as the min replicated index is 4. Deletion is not allowed in this container yet.
2019-10-18 07:09:59,000 [BlockDeletingService#2] WARN  background.BlockDeletingService (BlockDeletingService.java:isDeletionAllowed(187)) - Close Container log Index 6 is not replicated across allthe servers in the pipeline 5b98df48-0bd5-4e4e-b730-4d56d0ff4dd9 as the min replicated index is 4. Deletion is not allowed in this container yet.
2019-10-18 07:09:59,106 [java.util.concurrent.ThreadPoolExecutor$Worker@4d9c7f31[State = -1, empty queue]] WARN  server.GrpcLogAppender (GrpcLogAppender.java:timeoutAppendRequest(209)) - 0e41e4d3-9bdd-41a7-a6da-f6547615f156@group-4D56D0FF4DD9->a7c18b56-7bd4-4e97-bac5-a7861ed2f887-GrpcLogAppender: appendEntries Timeout, request=0e41e4d3-9bdd-41a7-a6da-f6547615f156->a7c18b56-7bd4-4e97-bac5-a7861ed2f887#26-t2, previous=(t:2, i:10), leaderCommit=10, initializing? false, entries: <empty>
2019-10-18 07:09:59,258 [EventQueue-ContainerReportForContainerReportHandler] WARN  container.ContainerReportHandler (AbstractContainerReportHandler.java:updateContainerState(145)) - Container #1 is in OPEN state, but the datanode 0e41e4d3-9bdd-41a7-a6da-f6547615f156{ip: 192.168.69.67, host: pr-hdds-1868-wx8dl-4219780377, networkLocation: /default-rack, certSerialId: null} reports an CLOSED replica.
2019-10-18 07:09:59,258 [EventQueue-ContainerReportForContainerReportHandler] WARN  container.ContainerReportHandler (AbstractContainerReportHandler.java:updateContainerState(145)) - Container #1 is in OPEN state, but the datanode 365c74cf-9edf-4118-8168-00280e7ea799{ip: 192.168.69.67, host: pr-hdds-1868-wx8dl-4219780377, networkLocation: /default-rack, certSerialId: null} reports an CLOSED replica.
2019-10-18 07:09:59,458 [EventQueue-ContainerReportForContainerReportHandler] WARN  container.ContainerReportHandler (AbstractContainerReportHandler.java:updateContainerState(145)) - Container #1 is in OPEN state, but the datanode 0e41e4d3-9bdd-41a7-a6da-f6547615f156{ip: 192.168.69.67, host: pr-hdds-1868-wx8dl-4219780377, networkLocation: /default-rack, certSerialId: null} reports an CLOSED replica.
2019-10-18 07:09:59,558 [EventQueue-ContainerReportForContainerReportHandler] WARN  container.ContainerReportHandler (AbstractContainerReportHandler.java:updateContainerState(145)) - Container #1 is in OPEN state, but the datanode 365c74cf-9edf-4118-8168-00280e7ea799{ip: 192.168.69.67, host: pr-hdds-1868-wx8dl-4219780377, networkLocation: /default-rack, certSerialId: null} reports an CLOSED replica.
2019-10-18 07:09:59,858 [EventQueue-ContainerReportForContainerReportHandler] WARN  container.ContainerReportHandler (AbstractContainerReportHandler.java:updateContainerState(145)) - Container #1 is in OPEN state, but the datanode 365c74cf-9edf-4118-8168-00280e7ea799{ip: 192.168.69.67, host: pr-hdds-1868-wx8dl-4219780377, networkLocation: /default-rack, certSerialId: null} reports an CLOSED replica.
2019-10-18 07:09:59,858 [EventQueue-ContainerReportForContainerReportHandler] WARN  container.ContainerReportHandler (AbstractContainerReportHandler.java:updateContainerState(145)) - Container #1 is in OPEN state, but the datanode 0e41e4d3-9bdd-41a7-a6da-f6547615f156{ip: 192.168.69.67, host: pr-hdds-1868-wx8dl-4219780377, networkLocation: /default-rack, certSerialId: null} reports an CLOSED replica.
2019-10-18 07:10:00,002 [BlockDeletingService#2] WARN  background.BlockDeletingService (BlockDeletingService.java:isDeletionAllowed(187)) - Close Container log Index 6 is not replicated across allthe servers in the pipeline 5b98df48-0bd5-4e4e-b730-4d56d0ff4dd9 as the min replicated index is 4. Deletion is not allowed in this container yet.
2019-10-18 07:10:00,002 [BlockDeletingService#2] WARN  background.BlockDeletingService (BlockDeletingService.java:isDeletionAllowed(187)) - Close Container log Index 6 is not replicated across allthe servers in the pipeline 5b98df48-0bd5-4e4e-b730-4d56d0ff4dd9 as the min replicated index is 4. Deletion is not allowed in this container yet.
2019-10-18 07:10:00,058 [EventQueue-ContainerReportForContainerReportHandler] WARN  container.ContainerReportHandler (AbstractContainerReportHandler.java:updateContainerState(145)) - Container #1 is in OPEN state, but the datanode 0e41e4d3-9bdd-41a7-a6da-f6547615f156{ip: 192.168.69.67, host: pr-hdds-1868-wx8dl-4219780377, networkLocation: /default-rack, certSerialId: null} reports an CLOSED replica.
2019-10-18 07:10:00,257 [EventQueue-ContainerReportForContainerReportHandler] WARN  container.ContainerReportHandler (AbstractContainerReportHandler.java:updateContainerState(145)) - Container #1 is in OPEN state, but the datanode 365c74cf-9edf-4118-8168-00280e7ea799{ip: 192.168.69.67, host: pr-hdds-1868-wx8dl-4219780377, networkLocation: /default-rack, certSerialId: null} reports an CLOSED replica.
2019-10-18 07:10:00,357 [EventQueue-ContainerReportForContainerReportHandler] WARN  container.ContainerReportHandler (AbstractContainerReportHandler.java:updateContainerState(145)) - Container #1 is in OPEN state, but the datanode 0e41e4d3-9bdd-41a7-a6da-f6547615f156{ip: 192.168.69.67, host: pr-hdds-1868-wx8dl-4219780377, networkLocation: /default-rack, certSerialId: null} reports an CLOSED replica.
2019-10-18 07:10:00,457 [EventQueue-ContainerReportForContainerReportHandler] WARN  container.ContainerReportHandler (AbstractContainerReportHandler.java:updateContainerState(145)) - Container #1 is in OPEN state, but the datanode 365c74cf-9edf-4118-8168-00280e7ea799{ip: 192.168.69.67, host: pr-hdds-1868-wx8dl-4219780377, networkLocation: /default-rack, certSerialId: null} reports an CLOSED replica.
2019-10-18 07:10:00,656 [Thread-349] INFO  client.GrpcClientProtocolService (GrpcClientProtocolService.java:lambda$processClientRequest$0(278)) - Failed RaftClientRequest:client-23AD7B0CD45D->365c74cf-9edf-4118-8168-00280e7ea799@group-4D56D0FF4DD9, cid=10, seq=0, Watch-ALL_COMMITTED(6), Message:<EMPTY>, reply=RaftClientReply:client-23AD7B0CD45D->365c74cf-9edf-4118-8168-00280e7ea799@group-4D56D0FF4DD9, cid=10, FAILED org.apache.ratis.protocol.NotLeaderException: Server 365c74cf-9edf-4118-8168-00280e7ea799@group-4D56D0FF4DD9 is not the leader 0e41e4d3-9bdd-41a7-a6da-f6547615f156:192.168.69.67:46622, logIndex=0, commits[365c74cf-9edf-4118-8168-00280e7ea799:c10, a7c18b56-7bd4-4e97-bac5-a7861ed2f887:c4, 0e41e4d3-9bdd-41a7-a6da-f6547615f156:c10]
2019-10-18 07:10:00,658 [EventQueue-ContainerReportForContainerReportHandler] WARN  container.ContainerReportHandler (AbstractContainerReportHandler.java:updateContainerState(145)) - Container #1 is in OPEN state, but the datanode 0e41e4d3-9bdd-41a7-a6da-f6547615f156{ip: 192.168.69.67, host: pr-hdds-1868-wx8dl-4219780377, networkLocation: /default-rack, certSerialId: null} reports an CLOSED replica.
2019-10-18 07:10:00,757 [EventQueue-ContainerReportForContainerReportHandler] WARN  container.ContainerReportHandler (AbstractContainerReportHandler.java:updateContainerState(145)) - Container #1 is in OPEN state, but the datanode 365c74cf-9edf-4118-8168-00280e7ea799{ip: 192.168.69.67, host: pr-hdds-1868-wx8dl-4219780377, networkLocation: /default-rack, certSerialId: null} reports an CLOSED replica.
2019-10-18 07:10:00,957 [EventQueue-ContainerReportForContainerReportHandler] WARN  container.ContainerReportHandler (AbstractContainerReportHandler.java:updateContainerState(145)) - Container #1 is in OPEN state, but the datanode 0e41e4d3-9bdd-41a7-a6da-f6547615f156{ip: 192.168.69.67, host: pr-hdds-1868-wx8dl-4219780377, networkLocation: /default-rack, certSerialId: null} reports an CLOSED replica.
2019-10-18 07:10:00,957 [EventQueue-ContainerReportForContainerReportHandler] WARN  container.ContainerReportHandler (AbstractContainerReportHandler.java:updateContainerState(145)) - Container #1 is in OPEN state, but the datanode 365c74cf-9edf-4118-8168-00280e7ea799{ip: 192.168.69.67, host: pr-hdds-1868-wx8dl-4219780377, networkLocation: /default-rack, certSerialId: null} reports an CLOSED replica.
2019-10-18 07:10:01,004 [BlockDeletingService#2] WARN  background.BlockDeletingService (BlockDeletingService.java:isDeletionAllowed(187)) - Close Container log Index 6 is not replicated across allthe servers in the pipeline 5b98df48-0bd5-4e4e-b730-4d56d0ff4dd9 as the min replicated index is 4. Deletion is not allowed in this container yet.
2019-10-18 07:10:01,005 [BlockDeletingService#2] WARN  background.BlockDeletingService (BlockDeletingService.java:isDeletionAllowed(187)) - Close Container log Index 6 is not replicated across allthe servers in the pipeline 5b98df48-0bd5-4e4e-b730-4d56d0ff4dd9 as the min replicated index is 4. Deletion is not allowed in this container yet.
2019-10-18 07:10:01,157 [EventQueue-ContainerReportForContainerReportHandler] WARN  container.ContainerReportHandler (AbstractContainerReportHandler.java:updateContainerState(145)) - Container #1 is in OPEN state, but the datanode 365c74cf-9edf-4118-8168-00280e7ea799{ip: 192.168.69.67, host: pr-hdds-1868-wx8dl-4219780377, networkLocation: /default-rack, certSerialId: null} reports an CLOSED replica.
2019-10-18 07:10:01,158 [EventQueue-ContainerReportForContainerReportHandler] WARN  container.ContainerReportHandler (AbstractContainerReportHandler.java:updateContainerState(145)) - Container #1 is in OPEN state, but the datanode 0e41e4d3-9bdd-41a7-a6da-f6547615f156{ip: 192.168.69.67, host: pr-hdds-1868-wx8dl-4219780377, networkLocation: /default-rack, certSerialId: null} reports an CLOSED replica.
2019-10-18 07:10:01,457 [EventQueue-ContainerReportForContainerReportHandler] WARN  container.ContainerReportHandler (AbstractContainerReportHandler.java:updateContainerState(145)) - Container #1 is in OPEN state, but the datanode 365c74cf-9edf-4118-8168-00280e7ea799{ip: 192.168.69.67, host: pr-hdds-1868-wx8dl-4219780377, networkLocation: /default-rack, certSerialId: null} reports an CLOSED replica.
2019-10-18 07:10:01,458 [EventQueue-ContainerReportForContainerReportHandler] WARN  container.ContainerReportHandler (AbstractContainerReportHandler.java:updateContainerState(145)) - Container #1 is in OPEN state, but the datanode 0e41e4d3-9bdd-41a7-a6da-f6547615f156{ip: 192.168.69.67, host: pr-hdds-1868-wx8dl-4219780377, networkLocation: /default-rack, certSerialId: null} reports an CLOSED replica.
2019-10-18 07:10:01,606 [java.util.concurrent.ThreadPoolExecutor$Worker@4d9c7f31[State = -1, empty queue]] WARN  server.GrpcLogAppender (GrpcLogAppender.java:timeoutAppendRequest(209)) - 0e41e4d3-9bdd-41a7-a6da-f6547615f156@group-4D56D0FF4DD9->a7c18b56-7bd4-4e97-bac5-a7861ed2f887-GrpcLogAppender: appendEntries Timeout, request=0e41e4d3-9bdd-41a7-a6da-f6547615f156->a7c18b56-7bd4-4e97-bac5-a7861ed2f887#27-t2, previous=(t:2, i:10), leaderCommit=10, initializing? false, entries: <empty>
2019-10-18 07:10:01,758 [EventQueue-ContainerReportForContainerReportHandler] WARN  container.ContainerReportHandler (AbstractContainerReportHandler.java:updateContainerState(145)) - Container #1 is in OPEN state, but the datanode 365c74cf-9edf-4118-8168-00280e7ea799{ip: 192.168.69.67, host: pr-hdds-1868-wx8dl-4219780377, networkLocation: /default-rack, certSerialId: null} reports an CLOSED replica.
2019-10-18 07:10:01,758 [EventQueue-ContainerReportForContainerReportHandler] WARN  container.ContainerReportHandler (AbstractContainerReportHandler.java:updateContainerState(145)) - Container #1 is in OPEN state, but the datanode 0e41e4d3-9bdd-41a7-a6da-f6547615f156{ip: 192.168.69.67, host: pr-hdds-1868-wx8dl-4219780377, networkLocation: /default-rack, certSerialId: null} reports an CLOSED replica.
2019-10-18 07:10:01,884 [Thread-355] INFO  client.GrpcClientProtocolService (GrpcClientProtocolService.java:lambda$processClientRequest$0(278)) - Failed RaftClientRequest:client-23AD7B0CD45D->0e41e4d3-9bdd-41a7-a6da-f6547615f156@group-4D56D0FF4DD9, cid=10, seq=0, Watch-ALL_COMMITTED(6), Message:<EMPTY>, reply=RaftClientReply:client-23AD7B0CD45D->0e41e4d3-9bdd-41a7-a6da-f6547615f156@group-4D56D0FF4DD9, cid=10, FAILED org.apache.ratis.protocol.NotReplicatedException: Request with call Id 10 and log index 6 is not yet replicated to ALL_COMMITTED, logIndex=6, commits[0e41e4d3-9bdd-41a7-a6da-f6547615f156:c10, a7c18b56-7bd4-4e97-bac5-a7861ed2f887:c4, 365c74cf-9edf-4118-8168-00280e7ea799:c10]
2019-10-18 07:10:02,006 [BlockDeletingService#2] WARN  background.BlockDeletingService (BlockDeletingService.java:isDeletionAllowed(187)) - Close Container log Index 6 is not replicated across allthe servers in the pipeline 5b98df48-0bd5-4e4e-b730-4d56d0ff4dd9 as the min replicated index is 4. Deletion is not allowed in this container yet.
2019-10-18 07:10:02,006 [BlockDeletingService#2] WARN  background.BlockDeletingService (BlockDeletingService.java:isDeletionAllowed(187)) - Close Container log Index 6 is not replicated across allthe servers in the pipeline 5b98df48-0bd5-4e4e-b730-4d56d0ff4dd9 as the min replicated index is 4. Deletion is not allowed in this container yet.
2019-10-18 07:10:02,058 [EventQueue-ContainerReportForContainerReportHandler] WARN  container.ContainerReportHandler (AbstractContainerReportHandler.java:updateContainerState(145)) - Container #1 is in OPEN state, but the datanode 365c74cf-9edf-4118-8168-00280e7ea799{ip: 192.168.69.67, host: pr-hdds-1868-wx8dl-4219780377, networkLocation: /default-rack, certSerialId: null} reports an CLOSED replica.
2019-10-18 07:10:02,157 [EventQueue-ContainerReportForContainerReportHandler] WARN  container.ContainerReportHandler (AbstractContainerReportHandler.java:updateContainerState(145)) - Container #1 is in OPEN state, but the datanode 0e41e4d3-9bdd-41a7-a6da-f6547615f156{ip: 192.168.69.67, host: pr-hdds-1868-wx8dl-4219780377, networkLocation: /default-rack, certSerialId: null} reports an CLOSED replica.
2019-10-18 07:10:02,357 [EventQueue-ContainerReportForContainerReportHandler] WARN  container.ContainerReportHandler (AbstractContainerReportHandler.java:updateContainerState(145)) - Container #1 is in OPEN state, but the datanode 0e41e4d3-9bdd-41a7-a6da-f6547615f156{ip: 192.168.69.67, host: pr-hdds-1868-wx8dl-4219780377, networkLocation: /default-rack, certSerialId: null} reports an CLOSED replica.
2019-10-18 07:10:02,358 [EventQueue-ContainerReportForContainerReportHandler] WARN  container.ContainerReportHandler (AbstractContainerReportHandler.java:updateContainerState(145)) - Container #1 is in OPEN state, but the datanode 365c74cf-9edf-4118-8168-00280e7ea799{ip: 192.168.69.67, host: pr-hdds-1868-wx8dl-4219780377, networkLocation: /default-rack, certSerialId: null} reports an CLOSED replica.
2019-10-18 07:10:02,658 [EventQueue-ContainerReportForContainerReportHandler] WARN  container.ContainerReportHandler (AbstractContainerReportHandler.java:updateContainerState(145)) - Container #1 is in OPEN state, but the datanode 0e41e4d3-9bdd-41a7-a6da-f6547615f156{ip: 192.168.69.67, host: pr-hdds-1868-wx8dl-4219780377, networkLocation: /default-rack, certSerialId: null} reports an CLOSED replica.
2019-10-18 07:10:02,759 [EventQueue-ContainerReportForContainerReportHandler] WARN  container.ContainerReportHandler (AbstractContainerReportHandler.java:updateContainerState(145)) - Container #1 is in OPEN state, but the datanode 365c74cf-9edf-4118-8168-00280e7ea799{ip: 192.168.69.67, host: pr-hdds-1868-wx8dl-4219780377, networkLocation: /default-rack, certSerialId: null} reports an CLOSED replica.
2019-10-18 07:10:02,858 [EventQueue-ContainerReportForContainerReportHandler] WARN  container.ContainerReportHandler (AbstractContainerReportHandler.java:updateContainerState(145)) - Container #1 is in OPEN state, but the datanode 0e41e4d3-9bdd-41a7-a6da-f6547615f156{ip: 192.168.69.67, host: pr-hdds-1868-wx8dl-4219780377, networkLocation: /default-rack, certSerialId: null} reports an CLOSED replica.
2019-10-18 07:10:03,011 [BlockDeletingService#2] WARN  background.BlockDeletingService (BlockDeletingService.java:isDeletionAllowed(187)) - Close Container log Index 6 is not replicated across allthe servers in the pipeline 5b98df48-0bd5-4e4e-b730-4d56d0ff4dd9 as the min replicated index is 4. Deletion is not allowed in this container yet.
2019-10-18 07:10:03,011 [BlockDeletingService#2] WARN  background.BlockDeletingService (BlockDeletingService.java:isDeletionAllowed(187)) - Close Container log Index 6 is not replicated across allthe servers in the pipeline 5b98df48-0bd5-4e4e-b730-4d56d0ff4dd9 as the min replicated index is 4. Deletion is not allowed in this container yet.
2019-10-18 07:10:03,059 [EventQueue-ContainerReportForContainerReportHandler] WARN  container.ContainerReportHandler (AbstractContainerReportHandler.java:updateContainerState(145)) - Container #1 is in OPEN state, but the datanode 365c74cf-9edf-4118-8168-00280e7ea799{ip: 192.168.69.67, host: pr-hdds-1868-wx8dl-4219780377, networkLocation: /default-rack, certSerialId: null} reports an CLOSED replica.
2019-10-18 07:10:03,160 [EventQueue-ContainerReportForContainerReportHandler] WARN  container.ContainerReportHandler (AbstractContainerReportHandler.java:updateContainerState(145)) - Container #1 is in OPEN state, but the datanode 0e41e4d3-9bdd-41a7-a6da-f6547615f156{ip: 192.168.69.67, host: pr-hdds-1868-wx8dl-4219780377, networkLocation: /default-rack, certSerialId: null} reports an CLOSED replica.
2019-10-18 07:10:03,359 [EventQueue-ContainerReportForContainerReportHandler] WARN  container.ContainerReportHandler (AbstractContainerReportHandler.java:updateContainerState(145)) - Container #1 is in OPEN state, but the datanode 365c74cf-9edf-4118-8168-00280e7ea799{ip: 192.168.69.67, host: pr-hdds-1868-wx8dl-4219780377, networkLocation: /default-rack, certSerialId: null} reports an CLOSED replica.
2019-10-18 07:10:03,558 [EventQueue-ContainerReportForContainerReportHandler] WARN  container.ContainerReportHandler (AbstractContainerReportHandler.java:updateContainerState(145)) - Container #1 is in OPEN state, but the datanode 0e41e4d3-9bdd-41a7-a6da-f6547615f156{ip: 192.168.69.67, host: pr-hdds-1868-wx8dl-4219780377, networkLocation: /default-rack, certSerialId: null} reports an CLOSED replica.
2019-10-18 07:10:03,660 [EventQueue-ContainerReportForContainerReportHandler] WARN  container.ContainerReportHandler (AbstractContainerReportHandler.java:updateContainerState(145)) - Container #1 is in OPEN state, but the datanode 365c74cf-9edf-4118-8168-00280e7ea799{ip: 192.168.69.67, host: pr-hdds-1868-wx8dl-4219780377, networkLocation: /default-rack, certSerialId: null} reports an CLOSED replica.
2019-10-18 07:10:03,757 [EventQueue-ContainerReportForContainerReportHandler] WARN  container.ContainerReportHandler (AbstractContainerReportHandler.java:updateContainerState(145)) - Container #1 is in OPEN state, but the datanode 0e41e4d3-9bdd-41a7-a6da-f6547615f156{ip: 192.168.69.67, host: pr-hdds-1868-wx8dl-4219780377, networkLocation: /default-rack, certSerialId: null} reports an CLOSED replica.
2019-10-18 07:10:03,959 [EventQueue-ContainerReportForContainerReportHandler] WARN  container.ContainerReportHandler (AbstractContainerReportHandler.java:updateContainerState(145)) - Container #1 is in OPEN state, but the datanode 365c74cf-9edf-4118-8168-00280e7ea799{ip: 192.168.69.67, host: pr-hdds-1868-wx8dl-4219780377, networkLocation: /default-rack, certSerialId: null} reports an CLOSED replica.
2019-10-18 07:10:04,013 [BlockDeletingService#2] WARN  background.BlockDeletingService (BlockDeletingService.java:isDeletionAllowed(187)) - Close Container log Index 6 is not replicated across allthe servers in the pipeline 5b98df48-0bd5-4e4e-b730-4d56d0ff4dd9 as the min replicated index is 4. Deletion is not allowed in this container yet.
2019-10-18 07:10:04,013 [BlockDeletingService#2] WARN  background.BlockDeletingService (BlockDeletingService.java:isDeletionAllowed(187)) - Close Container log Index 6 is not replicated across allthe servers in the pipeline 5b98df48-0bd5-4e4e-b730-4d56d0ff4dd9 as the min replicated index is 4. Deletion is not allowed in this container yet.
2019-10-18 07:10:04,057 [EventQueue-ContainerReportForContainerReportHandler] WARN  container.ContainerReportHandler (AbstractContainerReportHandler.java:updateContainerState(145)) - Container #1 is in OPEN state, but the datanode 0e41e4d3-9bdd-41a7-a6da-f6547615f156{ip: 192.168.69.67, host: pr-hdds-1868-wx8dl-4219780377, networkLocation: /default-rack, certSerialId: null} reports an CLOSED replica.
2019-10-18 07:10:04,107 [java.util.concurrent.ThreadPoolExecutor$Worker@4d9c7f31[State = -1, empty queue]] WARN  server.GrpcLogAppender (GrpcLogAppender.java:timeoutAppendRequest(209)) - 0e41e4d3-9bdd-41a7-a6da-f6547615f156@group-4D56D0FF4DD9->a7c18b56-7bd4-4e97-bac5-a7861ed2f887-GrpcLogAppender: appendEntries Timeout, request=0e41e4d3-9bdd-41a7-a6da-f6547615f156->a7c18b56-7bd4-4e97-bac5-a7861ed2f887#28-t2, previous=(t:2, i:10), leaderCommit=10, initializing? false, entries: <empty>
2019-10-18 07:10:04,358 [EventQueue-ContainerReportForContainerReportHandler] WARN  container.ContainerReportHandler (AbstractContainerReportHandler.java:updateContainerState(145)) - Container #1 is in OPEN state, but the datanode 0e41e4d3-9bdd-41a7-a6da-f6547615f156{ip: 192.168.69.67, host: pr-hdds-1868-wx8dl-4219780377, networkLocation: /default-rack, certSerialId: null} reports an CLOSED replica.
2019-10-18 07:10:04,359 [EventQueue-ContainerReportForContainerReportHandler] WARN  container.ContainerReportHandler (AbstractContainerReportHandler.java:updateContainerState(145)) - Container #1 is in OPEN state, but the datanode 365c74cf-9edf-4118-8168-00280e7ea799{ip: 192.168.69.67, host: pr-hdds-1868-wx8dl-4219780377, networkLocation: /default-rack, certSerialId: null} reports an CLOSED replica.
2019-10-18 07:10:04,657 [EventQueue-ContainerReportForContainerReportHandler] WARN  container.ContainerReportHandler (AbstractContainerReportHandler.java:updateContainerState(145)) - Container #1 is in OPEN state, but the datanode 0e41e4d3-9bdd-41a7-a6da-f6547615f156{ip: 192.168.69.67, host: pr-hdds-1868-wx8dl-4219780377, networkLocation: /default-rack, certSerialId: null} reports an CLOSED replica.
2019-10-18 07:10:04,659 [EventQueue-ContainerReportForContainerReportHandler] WARN  container.ContainerReportHandler (AbstractContainerReportHandler.java:updateContainerState(145)) - Container #1 is in OPEN state, but the datanode 365c74cf-9edf-4118-8168-00280e7ea799{ip: 192.168.69.67, host: pr-hdds-1868-wx8dl-4219780377, networkLocation: /default-rack, certSerialId: null} reports an CLOSED replica.
2019-10-18 07:10:04,957 [EventQueue-ContainerReportForContainerReportHandler] WARN  container.ContainerReportHandler (AbstractContainerReportHandler.java:updateContainerState(145)) - Container #1 is in OPEN state, but the datanode 0e41e4d3-9bdd-41a7-a6da-f6547615f156{ip: 192.168.69.67, host: pr-hdds-1868-wx8dl-4219780377, networkLocation: /default-rack, certSerialId: null} reports an CLOSED replica.
2019-10-18 07:10:05,016 [BlockDeletingService#2] WARN  background.BlockDeletingService (BlockDeletingService.java:isDeletionAllowed(187)) - Close Container log Index 6 is not replicated across allthe servers in the pipeline 5b98df48-0bd5-4e4e-b730-4d56d0ff4dd9 as the min replicated index is 4. Deletion is not allowed in this container yet.
2019-10-18 07:10:05,016 [BlockDeletingService#2] WARN  background.BlockDeletingService (BlockDeletingService.java:isDeletionAllowed(187)) - Close Container log Index 6 is not replicated across allthe servers in the pipeline 5b98df48-0bd5-4e4e-b730-4d56d0ff4dd9 as the min replicated index is 4. Deletion is not allowed in this container yet.
2019-10-18 07:10:05,059 [EventQueue-ContainerReportForContainerReportHandler] WARN  container.ContainerReportHandler (AbstractContainerReportHandler.java:updateContainerState(145)) - Container #1 is in OPEN state, but the datanode 365c74cf-9edf-4118-8168-00280e7ea799{ip: 192.168.69.67, host: pr-hdds-1868-wx8dl-4219780377, networkLocation: /default-rack, certSerialId: null} reports an CLOSED replica.
2019-10-18 07:10:05,257 [EventQueue-ContainerReportForContainerReportHandler] WARN  container.ContainerReportHandler (AbstractContainerReportHandler.java:updateContainerState(145)) - Container #1 is in OPEN state, but the datanode 0e41e4d3-9bdd-41a7-a6da-f6547615f156{ip: 192.168.69.67, host: pr-hdds-1868-wx8dl-4219780377, networkLocation: /default-rack, certSerialId: null} reports an CLOSED replica.
2019-10-18 07:10:05,259 [EventQueue-ContainerReportForContainerReportHandler] WARN  container.ContainerReportHandler (AbstractContainerReportHandler.java:updateContainerState(145)) - Container #1 is in OPEN state, but the datanode 365c74cf-9edf-4118-8168-00280e7ea799{ip: 192.168.69.67, host: pr-hdds-1868-wx8dl-4219780377, networkLocation: /default-rack, certSerialId: null} reports an CLOSED replica.
2019-10-18 07:10:05,558 [EventQueue-ContainerReportForContainerReportHandler] WARN  container.ContainerReportHandler (AbstractContainerReportHandler.java:updateContainerState(145)) - Container #1 is in OPEN state, but the datanode 0e41e4d3-9bdd-41a7-a6da-f6547615f156{ip: 192.168.69.67, host: pr-hdds-1868-wx8dl-4219780377, networkLocation: /default-rack, certSerialId: null} reports an CLOSED replica.
2019-10-18 07:10:05,559 [EventQueue-ContainerReportForContainerReportHandler] WARN  container.ContainerReportHandler (AbstractContainerReportHandler.java:updateContainerState(145)) - Container #1 is in OPEN state, but the datanode 365c74cf-9edf-4118-8168-00280e7ea799{ip: 192.168.69.67, host: pr-hdds-1868-wx8dl-4219780377, networkLocation: /default-rack, certSerialId: null} reports an CLOSED replica.
2019-10-18 07:10:05,957 [EventQueue-ContainerReportForContainerReportHandler] WARN  container.ContainerReportHandler (AbstractContainerReportHandler.java:updateContainerState(145)) - Container #1 is in OPEN state, but the datanode 0e41e4d3-9bdd-41a7-a6da-f6547615f156{ip: 192.168.69.67, host: pr-hdds-1868-wx8dl-4219780377, networkLocation: /default-rack, certSerialId: null} reports an CLOSED replica.
2019-10-18 07:10:05,960 [EventQueue-ContainerReportForContainerReportHandler] WARN  container.ContainerReportHandler (AbstractContainerReportHandler.java:updateContainerState(145)) - Container #1 is in OPEN state, but the datanode 365c74cf-9edf-4118-8168-00280e7ea799{ip: 192.168.69.67, host: pr-hdds-1868-wx8dl-4219780377, networkLocation: /default-rack, certSerialId: null} reports an CLOSED replica.
2019-10-18 07:10:06,019 [BlockDeletingService#2] WARN  background.BlockDeletingService (BlockDeletingService.java:isDeletionAllowed(187)) - Close Container log Index 6 is not replicated across allthe servers in the pipeline 5b98df48-0bd5-4e4e-b730-4d56d0ff4dd9 as the min replicated index is 4. Deletion is not allowed in this container yet.
2019-10-18 07:10:06,019 [BlockDeletingService#2] WARN  background.BlockDeletingService (BlockDeletingService.java:isDeletionAllowed(187)) - Close Container log Index 6 is not replicated across allthe servers in the pipeline 5b98df48-0bd5-4e4e-b730-4d56d0ff4dd9 as the min replicated index is 4. Deletion is not allowed in this container yet.
2019-10-18 07:10:06,258 [EventQueue-ContainerReportForContainerReportHandler] WARN  container.ContainerReportHandler (AbstractContainerReportHandler.java:updateContainerState(145)) - Container #1 is in OPEN state, but the datanode 0e41e4d3-9bdd-41a7-a6da-f6547615f156{ip: 192.168.69.67, host: pr-hdds-1868-wx8dl-4219780377, networkLocation: /default-rack, certSerialId: null} reports an CLOSED replica.
2019-10-18 07:10:06,361 [EventQueue-ContainerReportForContainerReportHandler] WARN  container.ContainerReportHandler (AbstractContainerReportHandler.java:updateContainerState(145)) - Container #1 is in OPEN state, but the datanode 365c74cf-9edf-4118-8168-00280e7ea799{ip: 192.168.69.67, host: pr-hdds-1868-wx8dl-4219780377, networkLocation: /default-rack, certSerialId: null} reports an CLOSED replica.
2019-10-18 07:10:06,557 [EventQueue-ContainerReportForContainerReportHandler] WARN  container.ContainerReportHandler (AbstractContainerReportHandler.java:updateContainerState(145)) - Container #1 is in OPEN state, but the datanode 0e41e4d3-9bdd-41a7-a6da-f6547615f156{ip: 192.168.69.67, host: pr-hdds-1868-wx8dl-4219780377, networkLocation: /default-rack, certSerialId: null} reports an CLOSED replica.
2019-10-18 07:10:06,609 [java.util.concurrent.ThreadPoolExecutor$Worker@4d9c7f31[State = -1, empty queue]] WARN  server.GrpcLogAppender (GrpcLogAppender.java:timeoutAppendRequest(209)) - 0e41e4d3-9bdd-41a7-a6da-f6547615f156@group-4D56D0FF4DD9->a7c18b56-7bd4-4e97-bac5-a7861ed2f887-GrpcLogAppender: appendEntries Timeout, request=0e41e4d3-9bdd-41a7-a6da-f6547615f156->a7c18b56-7bd4-4e97-bac5-a7861ed2f887#29-t2, previous=(t:2, i:10), leaderCommit=10, initializing? false, entries: <empty>
2019-10-18 07:10:06,661 [EventQueue-ContainerReportForContainerReportHandler] WARN  container.ContainerReportHandler (AbstractContainerReportHandler.java:updateContainerState(145)) - Container #1 is in OPEN state, but the datanode 365c74cf-9edf-4118-8168-00280e7ea799{ip: 192.168.69.67, host: pr-hdds-1868-wx8dl-4219780377, networkLocation: /default-rack, certSerialId: null} reports an CLOSED replica.
2019-10-18 07:10:06,857 [EventQueue-ContainerReportForContainerReportHandler] WARN  container.ContainerReportHandler (AbstractContainerReportHandler.java:updateContainerState(145)) - Container #1 is in OPEN state, but the datanode 0e41e4d3-9bdd-41a7-a6da-f6547615f156{ip: 192.168.69.67, host: pr-hdds-1868-wx8dl-4219780377, networkLocation: /default-rack, certSerialId: null} reports an CLOSED replica.
2019-10-18 07:10:06,861 [EventQueue-ContainerReportForContainerReportHandler] WARN  container.ContainerReportHandler (AbstractContainerReportHandler.java:updateContainerState(145)) - Container #1 is in OPEN state, but the datanode 365c74cf-9edf-4118-8168-00280e7ea799{ip: 192.168.69.67, host: pr-hdds-1868-wx8dl-4219780377, networkLocation: /default-rack, certSerialId: null} reports an CLOSED replica.
2019-10-18 07:10:07,020 [BlockDeletingService#2] WARN  background.BlockDeletingService (BlockDeletingService.java:isDeletionAllowed(187)) - Close Container log Index 6 is not replicated across allthe servers in the pipeline 5b98df48-0bd5-4e4e-b730-4d56d0ff4dd9 as the min replicated index is 4. Deletion is not allowed in this container yet.
2019-10-18 07:10:07,020 [BlockDeletingService#2] WARN  background.BlockDeletingService (BlockDeletingService.java:isDeletionAllowed(187)) - Close Container log Index 6 is not replicated across allthe servers in the pipeline 5b98df48-0bd5-4e4e-b730-4d56d0ff4dd9 as the min replicated index is 4. Deletion is not allowed in this container yet.
2019-10-18 07:10:07,061 [EventQueue-ContainerReportForContainerReportHandler] WARN  container.ContainerReportHandler (AbstractContainerReportHandler.java:updateContainerState(145)) - Container #1 is in OPEN state, but the datanode 365c74cf-9edf-4118-8168-00280e7ea799{ip: 192.168.69.67, host: pr-hdds-1868-wx8dl-4219780377, networkLocation: /default-rack, certSerialId: null} reports an CLOSED replica.
2019-10-18 07:10:07,257 [EventQueue-ContainerReportForContainerReportHandler] WARN  container.ContainerReportHandler (AbstractContainerReportHandler.java:updateContainerState(145)) - Container #1 is in OPEN state, but the datanode 0e41e4d3-9bdd-41a7-a6da-f6547615f156{ip: 192.168.69.67, host: pr-hdds-1868-wx8dl-4219780377, networkLocation: /default-rack, certSerialId: null} reports an CLOSED replica.
2019-10-18 07:10:07,458 [EventQueue-ContainerReportForContainerReportHandler] WARN  container.ContainerReportHandler (AbstractContainerReportHandler.java:updateContainerState(145)) - Container #1 is in OPEN state, but the datanode 0e41e4d3-9bdd-41a7-a6da-f6547615f156{ip: 192.168.69.67, host: pr-hdds-1868-wx8dl-4219780377, networkLocation: /default-rack, certSerialId: null} reports an CLOSED replica.
2019-10-18 07:10:07,462 [EventQueue-ContainerReportForContainerReportHandler] WARN  container.ContainerReportHandler (AbstractContainerReportHandler.java:updateContainerState(145)) - Container #1 is in OPEN state, but the datanode 365c74cf-9edf-4118-8168-00280e7ea799{ip: 192.168.69.67, host: pr-hdds-1868-wx8dl-4219780377, networkLocation: /default-rack, certSerialId: null} reports an CLOSED replica.
2019-10-18 07:10:07,858 [EventQueue-ContainerReportForContainerReportHandler] WARN  container.ContainerReportHandler (AbstractContainerReportHandler.java:updateContainerState(145)) - Container #1 is in OPEN state, but the datanode 0e41e4d3-9bdd-41a7-a6da-f6547615f156{ip: 192.168.69.67, host: pr-hdds-1868-wx8dl-4219780377, networkLocation: /default-rack, certSerialId: null} reports an CLOSED replica.
2019-10-18 07:10:07,862 [EventQueue-ContainerReportForContainerReportHandler] WARN  container.ContainerReportHandler (AbstractContainerReportHandler.java:updateContainerState(145)) - Container #1 is in OPEN state, but the datanode 365c74cf-9edf-4118-8168-00280e7ea799{ip: 192.168.69.67, host: pr-hdds-1868-wx8dl-4219780377, networkLocation: /default-rack, certSerialId: null} reports an CLOSED replica.
2019-10-18 07:10:08,022 [BlockDeletingService#2] WARN  background.BlockDeletingService (BlockDeletingService.java:isDeletionAllowed(187)) - Close Container log Index 6 is not replicated across allthe servers in the pipeline 5b98df48-0bd5-4e4e-b730-4d56d0ff4dd9 as the min replicated index is 4. Deletion is not allowed in this container yet.
2019-10-18 07:10:08,022 [BlockDeletingService#2] WARN  background.BlockDeletingService (BlockDeletingService.java:isDeletionAllowed(187)) - Close Container log Index 6 is not replicated across allthe servers in the pipeline 5b98df48-0bd5-4e4e-b730-4d56d0ff4dd9 as the min replicated index is 4. Deletion is not allowed in this container yet.
2019-10-18 07:10:08,063 [EventQueue-ContainerReportForContainerReportHandler] WARN  container.ContainerReportHandler (AbstractContainerReportHandler.java:updateContainerState(145)) - Container #1 is in OPEN state, but the datanode 365c74cf-9edf-4118-8168-00280e7ea799{ip: 192.168.69.67, host: pr-hdds-1868-wx8dl-4219780377, networkLocation: /default-rack, certSerialId: null} reports an CLOSED replica.
2019-10-18 07:10:08,158 [EventQueue-ContainerReportForContainerReportHandler] WARN  container.ContainerReportHandler (AbstractContainerReportHandler.java:updateContainerState(145)) - Container #1 is in OPEN state, but the datanode 0e41e4d3-9bdd-41a7-a6da-f6547615f156{ip: 192.168.69.67, host: pr-hdds-1868-wx8dl-4219780377, networkLocation: /default-rack, certSerialId: null} reports an CLOSED replica.
2019-10-18 07:10:08,458 [EventQueue-ContainerReportForContainerReportHandler] WARN  container.ContainerReportHandler (AbstractContainerReportHandler.java:updateContainerState(145)) - Container #1 is in OPEN state, but the datanode 0e41e4d3-9bdd-41a7-a6da-f6547615f156{ip: 192.168.69.67, host: pr-hdds-1868-wx8dl-4219780377, networkLocation: /default-rack, certSerialId: null} reports an CLOSED replica.
2019-10-18 07:10:08,462 [EventQueue-ContainerReportForContainerReportHandler] WARN  container.ContainerReportHandler (AbstractContainerReportHandler.java:updateContainerState(145)) - Container #1 is in OPEN state, but the datanode 365c74cf-9edf-4118-8168-00280e7ea799{ip: 192.168.69.67, host: pr-hdds-1868-wx8dl-4219780377, networkLocation: /default-rack, certSerialId: null} reports an CLOSED replica.
2019-10-18 07:10:08,658 [EventQueue-ContainerReportForContainerReportHandler] WARN  container.ContainerReportHandler (AbstractContainerReportHandler.java:updateContainerState(145)) - Container #1 is in OPEN state, but the datanode 0e41e4d3-9bdd-41a7-a6da-f6547615f156{ip: 192.168.69.67, host: pr-hdds-1868-wx8dl-4219780377, networkLocation: /default-rack, certSerialId: null} reports an CLOSED replica.
2019-10-18 07:10:08,662 [EventQueue-ContainerReportForContainerReportHandler] WARN  container.ContainerReportHandler (AbstractContainerReportHandler.java:updateContainerState(145)) - Container #1 is in OPEN state, but the datanode 365c74cf-9edf-4118-8168-00280e7ea799{ip: 192.168.69.67, host: pr-hdds-1868-wx8dl-4219780377, networkLocation: /default-rack, certSerialId: null} reports an CLOSED replica.
2019-10-18 07:10:08,858 [EventQueue-ContainerReportForContainerReportHandler] WARN  container.ContainerReportHandler (AbstractContainerReportHandler.java:updateContainerState(145)) - Container #1 is in OPEN state, but the datanode 0e41e4d3-9bdd-41a7-a6da-f6547615f156{ip: 192.168.69.67, host: pr-hdds-1868-wx8dl-4219780377, networkLocation: /default-rack, certSerialId: null} reports an CLOSED replica.
2019-10-18 07:10:08,962 [EventQueue-ContainerReportForContainerReportHandler] WARN  container.ContainerReportHandler (AbstractContainerReportHandler.java:updateContainerState(145)) - Container #1 is in OPEN state, but the datanode 365c74cf-9edf-4118-8168-00280e7ea799{ip: 192.168.69.67, host: pr-hdds-1868-wx8dl-4219780377, networkLocation: /default-rack, certSerialId: null} reports an CLOSED replica.
2019-10-18 07:10:09,023 [BlockDeletingService#2] WARN  background.BlockDeletingService (BlockDeletingService.java:isDeletionAllowed(187)) - Close Container log Index 6 is not replicated across allthe servers in the pipeline 5b98df48-0bd5-4e4e-b730-4d56d0ff4dd9 as the min replicated index is 4. Deletion is not allowed in this container yet.
2019-10-18 07:10:09,023 [BlockDeletingService#2] WARN  background.BlockDeletingService (BlockDeletingService.java:isDeletionAllowed(187)) - Close Container log Index 6 is not replicated across allthe servers in the pipeline 5b98df48-0bd5-4e4e-b730-4d56d0ff4dd9 as the min replicated index is 4. Deletion is not allowed in this container yet.
2019-10-18 07:10:09,111 [java.util.concurrent.ThreadPoolExecutor$Worker@4d9c7f31[State = -1, empty queue]] WARN  server.GrpcLogAppender (GrpcLogAppender.java:timeoutAppendRequest(209)) - 0e41e4d3-9bdd-41a7-a6da-f6547615f156@group-4D56D0FF4DD9->a7c18b56-7bd4-4e97-bac5-a7861ed2f887-GrpcLogAppender: appendEntries Timeout, request=0e41e4d3-9bdd-41a7-a6da-f6547615f156->a7c18b56-7bd4-4e97-bac5-a7861ed2f887#30-t2, previous=(t:2, i:10), leaderCommit=10, initializing? false, entries: <empty>
2019-10-18 07:10:09,258 [EventQueue-ContainerReportForContainerReportHandler] WARN  container.ContainerReportHandler (AbstractContainerReportHandler.java:updateContainerState(145)) - Container #1 is in OPEN state, but the datanode 0e41e4d3-9bdd-41a7-a6da-f6547615f156{ip: 192.168.69.67, host: pr-hdds-1868-wx8dl-4219780377, networkLocation: /default-rack, certSerialId: null} reports an CLOSED replica.
2019-10-18 07:10:09,262 [EventQueue-ContainerReportForContainerReportHandler] WARN  container.ContainerReportHandler (AbstractContainerReportHandler.java:updateContainerState(145)) - Container #1 is in OPEN state, but the datanode 365c74cf-9edf-4118-8168-00280e7ea799{ip: 192.168.69.67, host: pr-hdds-1868-wx8dl-4219780377, networkLocation: /default-rack, certSerialId: null} reports an CLOSED replica.
2019-10-18 07:10:09,459 [EventQueue-ContainerReportForContainerReportHandler] WARN  container.ContainerReportHandler (AbstractContainerReportHandler.java:updateContainerState(145)) - Container #1 is in OPEN state, but the datanode 0e41e4d3-9bdd-41a7-a6da-f6547615f156{ip: 192.168.69.67, host: pr-hdds-1868-wx8dl-4219780377, networkLocation: /default-rack, certSerialId: null} reports an CLOSED replica.
2019-10-18 07:10:09,463 [EventQueue-ContainerReportForContainerReportHandler] WARN  container.ContainerReportHandler (AbstractContainerReportHandler.java:updateContainerState(145)) - Container #1 is in OPEN state, but the datanode 365c74cf-9edf-4118-8168-00280e7ea799{ip: 192.168.69.67, host: pr-hdds-1868-wx8dl-4219780377, networkLocation: /default-rack, certSerialId: null} reports an CLOSED replica.
2019-10-18 07:10:09,693 [Thread-377] INFO  client.GrpcClientProtocolService (GrpcClientProtocolService.java:lambda$processClientRequest$0(278)) - Failed RaftClientRequest:client-23AD7B0CD45D->365c74cf-9edf-4118-8168-00280e7ea799@group-4D56D0FF4DD9, cid=10, seq=0, Watch-ALL_COMMITTED(6), Message:<EMPTY>, reply=RaftClientReply:client-23AD7B0CD45D->365c74cf-9edf-4118-8168-00280e7ea799@group-4D56D0FF4DD9, cid=10, FAILED org.apache.ratis.protocol.NotLeaderException: Server 365c74cf-9edf-4118-8168-00280e7ea799@group-4D56D0FF4DD9 is not the leader 0e41e4d3-9bdd-41a7-a6da-f6547615f156:192.168.69.67:46622, logIndex=0, commits[365c74cf-9edf-4118-8168-00280e7ea799:c10, a7c18b56-7bd4-4e97-bac5-a7861ed2f887:c4, 0e41e4d3-9bdd-41a7-a6da-f6547615f156:c10]
2019-10-18 07:10:09,761 [EventQueue-ContainerReportForContainerReportHandler] WARN  container.ContainerReportHandler (AbstractContainerReportHandler.java:updateContainerState(145)) - Container #1 is in OPEN state, but the datanode 0e41e4d3-9bdd-41a7-a6da-f6547615f156{ip: 192.168.69.67, host: pr-hdds-1868-wx8dl-4219780377, networkLocation: /default-rack, certSerialId: null} reports an CLOSED replica.
2019-10-18 07:10:09,763 [EventQueue-ContainerReportForContainerReportHandler] WARN  container.ContainerReportHandler (AbstractContainerReportHandler.java:updateContainerState(145)) - Container #1 is in OPEN state, but the datanode 365c74cf-9edf-4118-8168-00280e7ea799{ip: 192.168.69.67, host: pr-hdds-1868-wx8dl-4219780377, networkLocation: /default-rack, certSerialId: null} reports an CLOSED replica.
2019-10-18 07:10:09,963 [EventQueue-ContainerReportForContainerReportHandler] WARN  container.ContainerReportHandler (AbstractContainerReportHandler.java:updateContainerState(145)) - Container #1 is in OPEN state, but the datanode 365c74cf-9edf-4118-8168-00280e7ea799{ip: 192.168.69.67, host: pr-hdds-1868-wx8dl-4219780377, networkLocation: /default-rack, certSerialId: null} reports an CLOSED replica.
2019-10-18 07:10:10,024 [BlockDeletingService#2] WARN  background.BlockDeletingService (BlockDeletingService.java:isDeletionAllowed(187)) - Close Container log Index 6 is not replicated across allthe servers in the pipeline 5b98df48-0bd5-4e4e-b730-4d56d0ff4dd9 as the min replicated index is 4. Deletion is not allowed in this container yet.
2019-10-18 07:10:10,026 [BlockDeletingService#2] WARN  background.BlockDeletingService (BlockDeletingService.java:isDeletionAllowed(187)) - Close Container log Index 6 is not replicated across allthe servers in the pipeline 5b98df48-0bd5-4e4e-b730-4d56d0ff4dd9 as the min replicated index is 4. Deletion is not allowed in this container yet.
2019-10-18 07:10:10,058 [EventQueue-ContainerReportForContainerReportHandler] WARN  container.ContainerReportHandler (AbstractContainerReportHandler.java:updateContainerState(145)) - Container #1 is in OPEN state, but the datanode 0e41e4d3-9bdd-41a7-a6da-f6547615f156{ip: 192.168.69.67, host: pr-hdds-1868-wx8dl-4219780377, networkLocation: /default-rack, certSerialId: null} reports an CLOSED replica.
2019-10-18 07:10:10,264 [EventQueue-ContainerReportForContainerReportHandler] WARN  container.ContainerReportHandler (AbstractContainerReportHandler.java:updateContainerState(145)) - Container #1 is in OPEN state, but the datanode 365c74cf-9edf-4118-8168-00280e7ea799{ip: 192.168.69.67, host: pr-hdds-1868-wx8dl-4219780377, networkLocation: /default-rack, certSerialId: null} reports an CLOSED replica.
2019-10-18 07:10:10,358 [EventQueue-ContainerReportForContainerReportHandler] WARN  container.ContainerReportHandler (AbstractContainerReportHandler.java:updateContainerState(145)) - Container #1 is in OPEN state, but the datanode 0e41e4d3-9bdd-41a7-a6da-f6547615f156{ip: 192.168.69.67, host: pr-hdds-1868-wx8dl-4219780377, networkLocation: /default-rack, certSerialId: null} reports an CLOSED replica.
2019-10-18 07:10:10,464 [EventQueue-ContainerReportForContainerReportHandler] WARN  container.ContainerReportHandler (AbstractContainerReportHandler.java:updateContainerState(145)) - Container #1 is in OPEN state, but the datanode 365c74cf-9edf-4118-8168-00280e7ea799{ip: 192.168.69.67, host: pr-hdds-1868-wx8dl-4219780377, networkLocation: /default-rack, certSerialId: null} reports an CLOSED replica.
2019-10-18 07:10:10,664 [EventQueue-ContainerReportForContainerReportHandler] WARN  container.ContainerReportHandler (AbstractContainerReportHandler.java:updateContainerState(145)) - Container #1 is in OPEN state, but the datanode 365c74cf-9edf-4118-8168-00280e7ea799{ip: 192.168.69.67, host: pr-hdds-1868-wx8dl-4219780377, networkLocation: /default-rack, certSerialId: null} reports an CLOSED replica.
2019-10-18 07:10:10,759 [EventQueue-ContainerReportForContainerReportHandler] WARN  container.ContainerReportHandler (AbstractContainerReportHandler.java:updateContainerState(145)) - Container #1 is in OPEN state, but the datanode 0e41e4d3-9bdd-41a7-a6da-f6547615f156{ip: 192.168.69.67, host: pr-hdds-1868-wx8dl-4219780377, networkLocation: /default-rack, certSerialId: null} reports an CLOSED replica.
2019-10-18 07:10:10,884 [Thread-383] INFO  client.GrpcClientProtocolService (GrpcClientProtocolService.java:lambda$processClientRequest$0(278)) - Failed RaftClientRequest:client-23AD7B0CD45D->0e41e4d3-9bdd-41a7-a6da-f6547615f156@group-4D56D0FF4DD9, cid=10, seq=0, Watch-ALL_COMMITTED(6), Message:<EMPTY>, reply=RaftClientReply:client-23AD7B0CD45D->0e41e4d3-9bdd-41a7-a6da-f6547615f156@group-4D56D0FF4DD9, cid=10, FAILED org.apache.ratis.protocol.NotReplicatedException: Request with call Id 10 and log index 6 is not yet replicated to ALL_COMMITTED, logIndex=6, commits[0e41e4d3-9bdd-41a7-a6da-f6547615f156:c10, a7c18b56-7bd4-4e97-bac5-a7861ed2f887:c4, 365c74cf-9edf-4118-8168-00280e7ea799:c10]
2019-10-18 07:10:10,964 [EventQueue-ContainerReportForContainerReportHandler] WARN  container.ContainerReportHandler (AbstractContainerReportHandler.java:updateContainerState(145)) - Container #1 is in OPEN state, but the datanode 365c74cf-9edf-4118-8168-00280e7ea799{ip: 192.168.69.67, host: pr-hdds-1868-wx8dl-4219780377, networkLocation: /default-rack, certSerialId: null} reports an CLOSED replica.
2019-10-18 07:10:11,027 [BlockDeletingService#2] WARN  background.BlockDeletingService (BlockDeletingService.java:isDeletionAllowed(187)) - Close Container log Index 6 is not replicated across allthe servers in the pipeline 5b98df48-0bd5-4e4e-b730-4d56d0ff4dd9 as the min replicated index is 4. Deletion is not allowed in this container yet.
2019-10-18 07:10:11,029 [BlockDeletingService#2] WARN  background.BlockDeletingService (BlockDeletingService.java:isDeletionAllowed(187)) - Close Container log Index 6 is not replicated across allthe servers in the pipeline 5b98df48-0bd5-4e4e-b730-4d56d0ff4dd9 as the min replicated index is 4. Deletion is not allowed in this container yet.
2019-10-18 07:10:11,059 [EventQueue-ContainerReportForContainerReportHandler] WARN  container.ContainerReportHandler (AbstractContainerReportHandler.java:updateContainerState(145)) - Container #1 is in OPEN state, but the datanode 0e41e4d3-9bdd-41a7-a6da-f6547615f156{ip: 192.168.69.67, host: pr-hdds-1868-wx8dl-4219780377, networkLocation: /default-rack, certSerialId: null} reports an CLOSED replica.
2019-10-18 07:10:11,360 [EventQueue-ContainerReportForContainerReportHandler] WARN  container.ContainerReportHandler (AbstractContainerReportHandler.java:updateContainerState(145)) - Container #1 is in OPEN state, but the datanode 0e41e4d3-9bdd-41a7-a6da-f6547615f156{ip: 192.168.69.67, host: pr-hdds-1868-wx8dl-4219780377, networkLocation: /default-rack, certSerialId: null} reports an CLOSED replica.
2019-10-18 07:10:11,365 [EventQueue-ContainerReportForContainerReportHandler] WARN  container.ContainerReportHandler (AbstractContainerReportHandler.java:updateContainerState(145)) - Container #1 is in OPEN state, but the datanode 365c74cf-9edf-4118-8168-00280e7ea799{ip: 192.168.69.67, host: pr-hdds-1868-wx8dl-4219780377, networkLocation: /default-rack, certSerialId: null} reports an CLOSED replica.
2019-10-18 07:10:11,611 [java.util.concurrent.ThreadPoolExecutor$Worker@4d9c7f31[State = -1, empty queue]] WARN  server.GrpcLogAppender (GrpcLogAppender.java:timeoutAppendRequest(209)) - 0e41e4d3-9bdd-41a7-a6da-f6547615f156@group-4D56D0FF4DD9->a7c18b56-7bd4-4e97-bac5-a7861ed2f887-GrpcLogAppender: appendEntries Timeout, request=0e41e4d3-9bdd-41a7-a6da-f6547615f156->a7c18b56-7bd4-4e97-bac5-a7861ed2f887#31-t2, previous=(t:2, i:10), leaderCommit=10, initializing? false, entries: <empty>
2019-10-18 07:10:11,660 [EventQueue-ContainerReportForContainerReportHandler] WARN  container.ContainerReportHandler (AbstractContainerReportHandler.java:updateContainerState(145)) - Container #1 is in OPEN state, but the datanode 0e41e4d3-9bdd-41a7-a6da-f6547615f156{ip: 192.168.69.67, host: pr-hdds-1868-wx8dl-4219780377, networkLocation: /default-rack, certSerialId: null} reports an CLOSED replica.
2019-10-18 07:10:11,665 [EventQueue-ContainerReportForContainerReportHandler] WARN  container.ContainerReportHandler (AbstractContainerReportHandler.java:updateContainerState(145)) - Container #1 is in OPEN state, but the datanode 365c74cf-9edf-4118-8168-00280e7ea799{ip: 192.168.69.67, host: pr-hdds-1868-wx8dl-4219780377, networkLocation: /default-rack, certSerialId: null} reports an CLOSED replica.
2019-10-18 07:10:11,865 [EventQueue-ContainerReportForContainerReportHandler] WARN  container.ContainerReportHandler (AbstractContainerReportHandler.java:updateContainerState(145)) - Container #1 is in OPEN state, but the datanode 365c74cf-9edf-4118-8168-00280e7ea799{ip: 192.168.69.67, host: pr-hdds-1868-wx8dl-4219780377, networkLocation: /default-rack, certSerialId: null} reports an CLOSED replica.
2019-10-18 07:10:12,031 [BlockDeletingService#2] WARN  background.BlockDeletingService (BlockDeletingService.java:isDeletionAllowed(187)) - Close Container log Index 6 is not replicated across allthe servers in the pipeline 5b98df48-0bd5-4e4e-b730-4d56d0ff4dd9 as the min replicated index is 4. Deletion is not allowed in this container yet.
2019-10-18 07:10:12,031 [BlockDeletingService#2] WARN  background.BlockDeletingService (BlockDeletingService.java:isDeletionAllowed(187)) - Close Container log Index 6 is not replicated across allthe servers in the pipeline 5b98df48-0bd5-4e4e-b730-4d56d0ff4dd9 as the min replicated index is 4. Deletion is not allowed in this container yet.
2019-10-18 07:10:12,062 [EventQueue-ContainerReportForContainerReportHandler] WARN  container.ContainerReportHandler (AbstractContainerReportHandler.java:updateContainerState(145)) - Container #1 is in OPEN state, but the datanode 0e41e4d3-9bdd-41a7-a6da-f6547615f156{ip: 192.168.69.67, host: pr-hdds-1868-wx8dl-4219780377, networkLocation: /default-rack, certSerialId: null} reports an CLOSED replica.
2019-10-18 07:10:12,165 [EventQueue-ContainerReportForContainerReportHandler] WARN  container.ContainerReportHandler (AbstractContainerReportHandler.java:updateContainerState(145)) - Container #1 is in OPEN state, but the datanode 365c74cf-9edf-4118-8168-00280e7ea799{ip: 192.168.69.67, host: pr-hdds-1868-wx8dl-4219780377, networkLocation: /default-rack, certSerialId: null} reports an CLOSED replica.
2019-10-18 07:10:12,263 [EventQueue-ContainerReportForContainerReportHandler] WARN  container.ContainerReportHandler (AbstractContainerReportHandler.java:updateContainerState(145)) - Container #1 is in OPEN state, but the datanode 0e41e4d3-9bdd-41a7-a6da-f6547615f156{ip: 192.168.69.67, host: pr-hdds-1868-wx8dl-4219780377, networkLocation: /default-rack, certSerialId: null} reports an CLOSED replica.
2019-10-18 07:10:12,465 [EventQueue-ContainerReportForContainerReportHandler] WARN  container.ContainerReportHandler (AbstractContainerReportHandler.java:updateContainerState(145)) - Container #1 is in OPEN state, but the datanode 365c74cf-9edf-4118-8168-00280e7ea799{ip: 192.168.69.67, host: pr-hdds-1868-wx8dl-4219780377, networkLocation: /default-rack, certSerialId: null} reports an CLOSED replica.
2019-10-18 07:10:12,563 [EventQueue-ContainerReportForContainerReportHandler] WARN  container.ContainerReportHandler (AbstractContainerReportHandler.java:updateContainerState(145)) - Container #1 is in OPEN state, but the datanode 0e41e4d3-9bdd-41a7-a6da-f6547615f156{ip: 192.168.69.67, host: pr-hdds-1868-wx8dl-4219780377, networkLocation: /default-rack, certSerialId: null} reports an CLOSED replica.
2019-10-18 07:10:12,766 [EventQueue-ContainerReportForContainerReportHandler] WARN  container.ContainerReportHandler (AbstractContainerReportHandler.java:updateContainerState(145)) - Container #1 is in OPEN state, but the datanode 365c74cf-9edf-4118-8168-00280e7ea799{ip: 192.168.69.67, host: pr-hdds-1868-wx8dl-4219780377, networkLocation: /default-rack, certSerialId: null} reports an CLOSED replica.
2019-10-18 07:10:12,964 [EventQueue-ContainerReportForContainerReportHandler] WARN  container.ContainerReportHandler (AbstractContainerReportHandler.java:updateContainerState(145)) - Container #1 is in OPEN state, but the datanode 0e41e4d3-9bdd-41a7-a6da-f6547615f156{ip: 192.168.69.67, host: pr-hdds-1868-wx8dl-4219780377, networkLocation: /default-rack, certSerialId: null} reports an CLOSED replica.
2019-10-18 07:10:13,032 [BlockDeletingService#2] WARN  background.BlockDeletingService (BlockDeletingService.java:isDeletionAllowed(187)) - Close Container log Index 6 is not replicated across allthe servers in the pipeline 5b98df48-0bd5-4e4e-b730-4d56d0ff4dd9 as the min replicated index is 4. Deletion is not allowed in this container yet.
2019-10-18 07:10:13,032 [BlockDeletingService#2] WARN  background.BlockDeletingService (BlockDeletingService.java:isDeletionAllowed(187)) - Close Container log Index 6 is not replicated across allthe servers in the pipeline 5b98df48-0bd5-4e4e-b730-4d56d0ff4dd9 as the min replicated index is 4. Deletion is not allowed in this container yet.
2019-10-18 07:10:13,067 [EventQueue-ContainerReportForContainerReportHandler] WARN  container.ContainerReportHandler (AbstractContainerReportHandler.java:updateContainerState(145)) - Container #1 is in OPEN state, but the datanode 365c74cf-9edf-4118-8168-00280e7ea799{ip: 192.168.69.67, host: pr-hdds-1868-wx8dl-4219780377, networkLocation: /default-rack, certSerialId: null} reports an CLOSED replica.
2019-10-18 07:10:13,265 [EventQueue-ContainerReportForContainerReportHandler] WARN  container.ContainerReportHandler (AbstractContainerReportHandler.java:updateContainerState(145)) - Container #1 is in OPEN state, but the datanode 0e41e4d3-9bdd-41a7-a6da-f6547615f156{ip: 192.168.69.67, host: pr-hdds-1868-wx8dl-4219780377, networkLocation: /default-rack, certSerialId: null} reports an CLOSED replica.
2019-10-18 07:10:13,367 [EventQueue-ContainerReportForContainerReportHandler] WARN  container.ContainerReportHandler (AbstractContainerReportHandler.java:updateContainerState(145)) - Container #1 is in OPEN state, but the datanode 365c74cf-9edf-4118-8168-00280e7ea799{ip: 192.168.69.67, host: pr-hdds-1868-wx8dl-4219780377, networkLocation: /default-rack, certSerialId: null} reports an CLOSED replica.
2019-10-18 07:10:13,465 [EventQueue-ContainerReportForContainerReportHandler] WARN  container.ContainerReportHandler (AbstractContainerReportHandler.java:updateContainerState(145)) - Container #1 is in OPEN state, but the datanode 0e41e4d3-9bdd-41a7-a6da-f6547615f156{ip: 192.168.69.67, host: pr-hdds-1868-wx8dl-4219780377, networkLocation: /default-rack, certSerialId: null} reports an CLOSED replica.
2019-10-18 07:10:13,666 [EventQueue-ContainerReportForContainerReportHandler] WARN  container.ContainerReportHandler (AbstractContainerReportHandler.java:updateContainerState(145)) - Container #1 is in OPEN state, but the datanode 0e41e4d3-9bdd-41a7-a6da-f6547615f156{ip: 192.168.69.67, host: pr-hdds-1868-wx8dl-4219780377, networkLocation: /default-rack, certSerialId: null} reports an CLOSED replica.
2019-10-18 07:10:13,668 [EventQueue-ContainerReportForContainerReportHandler] WARN  container.ContainerReportHandler (AbstractContainerReportHandler.java:updateContainerState(145)) - Container #1 is in OPEN state, but the datanode 365c74cf-9edf-4118-8168-00280e7ea799{ip: 192.168.69.67, host: pr-hdds-1868-wx8dl-4219780377, networkLocation: /default-rack, certSerialId: null} reports an CLOSED replica.
2019-10-18 07:10:14,034 [BlockDeletingService#2] WARN  background.BlockDeletingService (BlockDeletingService.java:isDeletionAllowed(187)) - Close Container log Index 6 is not replicated across allthe servers in the pipeline 5b98df48-0bd5-4e4e-b730-4d56d0ff4dd9 as the min replicated index is 4. Deletion is not allowed in this container yet.
2019-10-18 07:10:14,034 [BlockDeletingService#2] WARN  background.BlockDeletingService (BlockDeletingService.java:isDeletionAllowed(187)) - Close Container log Index 6 is not replicated across allthe servers in the pipeline 5b98df48-0bd5-4e4e-b730-4d56d0ff4dd9 as the min replicated index is 4. Deletion is not allowed in this container yet.
2019-10-18 07:10:14,067 [EventQueue-ContainerReportForContainerReportHandler] WARN  container.ContainerReportHandler (AbstractContainerReportHandler.java:updateContainerState(145)) - Container #1 is in OPEN state, but the datanode 0e41e4d3-9bdd-41a7-a6da-f6547615f156{ip: 192.168.69.67, host: pr-hdds-1868-wx8dl-4219780377, networkLocation: /default-rack, certSerialId: null} reports an CLOSED replica.
2019-10-18 07:10:14,068 [EventQueue-ContainerReportForContainerReportHandler] WARN  container.ContainerReportHandler (AbstractContainerReportHandler.java:updateContainerState(145)) - Container #1 is in OPEN state, but the datanode 365c74cf-9edf-4118-8168-00280e7ea799{ip: 192.168.69.67, host: pr-hdds-1868-wx8dl-4219780377, networkLocation: /default-rack, certSerialId: null} reports an CLOSED replica.
2019-10-18 07:10:14,112 [java.util.concurrent.ThreadPoolExecutor$Worker@4d9c7f31[State = -1, empty queue]] WARN  server.GrpcLogAppender (GrpcLogAppender.java:timeoutAppendRequest(209)) - 0e41e4d3-9bdd-41a7-a6da-f6547615f156@group-4D56D0FF4DD9->a7c18b56-7bd4-4e97-bac5-a7861ed2f887-GrpcLogAppender: appendEntries Timeout, request=0e41e4d3-9bdd-41a7-a6da-f6547615f156->a7c18b56-7bd4-4e97-bac5-a7861ed2f887#32-t2, previous=(t:2, i:10), leaderCommit=10, initializing? false, entries: <empty>
2019-10-18 07:10:14,366 [EventQueue-ContainerReportForContainerReportHandler] WARN  container.ContainerReportHandler (AbstractContainerReportHandler.java:updateContainerState(145)) - Container #1 is in OPEN state, but the datanode 0e41e4d3-9bdd-41a7-a6da-f6547615f156{ip: 192.168.69.67, host: pr-hdds-1868-wx8dl-4219780377, networkLocation: /default-rack, certSerialId: null} reports an CLOSED replica.
2019-10-18 07:10:14,368 [EventQueue-ContainerReportForContainerReportHandler] WARN  container.ContainerReportHandler (AbstractContainerReportHandler.java:updateContainerState(145)) - Container #1 is in OPEN state, but the datanode 365c74cf-9edf-4118-8168-00280e7ea799{ip: 192.168.69.67, host: pr-hdds-1868-wx8dl-4219780377, networkLocation: /default-rack, certSerialId: null} reports an CLOSED replica.
2019-10-18 07:10:14,668 [EventQueue-ContainerReportForContainerReportHandler] WARN  container.ContainerReportHandler (AbstractContainerReportHandler.java:updateContainerState(145)) - Container #1 is in OPEN state, but the datanode 365c74cf-9edf-4118-8168-00280e7ea799{ip: 192.168.69.67, host: pr-hdds-1868-wx8dl-4219780377, networkLocation: /default-rack, certSerialId: null} reports an CLOSED replica.
2019-10-18 07:10:14,767 [EventQueue-ContainerReportForContainerReportHandler] WARN  container.ContainerReportHandler (AbstractContainerReportHandler.java:updateContainerState(145)) - Container #1 is in OPEN state, but the datanode 0e41e4d3-9bdd-41a7-a6da-f6547615f156{ip: 192.168.69.67, host: pr-hdds-1868-wx8dl-4219780377, networkLocation: /default-rack, certSerialId: null} reports an CLOSED replica.
2019-10-18 07:10:14,966 [EventQueue-ContainerReportForContainerReportHandler] WARN  container.ContainerReportHandler (AbstractContainerReportHandler.java:updateContainerState(145)) - Container #1 is in OPEN state, but the datanode 0e41e4d3-9bdd-41a7-a6da-f6547615f156{ip: 192.168.69.67, host: pr-hdds-1868-wx8dl-4219780377, networkLocation: /default-rack, certSerialId: null} reports an CLOSED replica.
2019-10-18 07:10:14,968 [EventQueue-ContainerReportForContainerReportHandler] WARN  container.ContainerReportHandler (AbstractContainerReportHandler.java:updateContainerState(145)) - Container #1 is in OPEN state, but the datanode 365c74cf-9edf-4118-8168-00280e7ea799{ip: 192.168.69.67, host: pr-hdds-1868-wx8dl-4219780377, networkLocation: /default-rack, certSerialId: null} reports an CLOSED replica.
2019-10-18 07:10:15,037 [BlockDeletingService#2] WARN  background.BlockDeletingService (BlockDeletingService.java:isDeletionAllowed(187)) - Close Container log Index 6 is not replicated across allthe servers in the pipeline 5b98df48-0bd5-4e4e-b730-4d56d0ff4dd9 as the min replicated index is 4. Deletion is not allowed in this container yet.
2019-10-18 07:10:15,037 [BlockDeletingService#2] WARN  background.BlockDeletingService (BlockDeletingService.java:isDeletionAllowed(187)) - Close Container log Index 6 is not replicated across allthe servers in the pipeline 5b98df48-0bd5-4e4e-b730-4d56d0ff4dd9 as the min replicated index is 4. Deletion is not allowed in this container yet.
2019-10-18 07:10:15,166 [EventQueue-ContainerReportForContainerReportHandler] WARN  container.ContainerReportHandler (AbstractContainerReportHandler.java:updateContainerState(145)) - Container #1 is in OPEN state, but the datanode 0e41e4d3-9bdd-41a7-a6da-f6547615f156{ip: 192.168.69.67, host: pr-hdds-1868-wx8dl-4219780377, networkLocation: /default-rack, certSerialId: null} reports an CLOSED replica.
2019-10-18 07:10:15,268 [EventQueue-ContainerReportForContainerReportHandler] WARN  container.ContainerReportHandler (AbstractContainerReportHandler.java:updateContainerState(145)) - Container #1 is in OPEN state, but the datanode 365c74cf-9edf-4118-8168-00280e7ea799{ip: 192.168.69.67, host: pr-hdds-1868-wx8dl-4219780377, networkLocation: /default-rack, certSerialId: null} reports an CLOSED replica.
2019-10-18 07:10:15,366 [EventQueue-ContainerReportForContainerReportHandler] WARN  container.ContainerReportHandler (AbstractContainerReportHandler.java:updateContainerState(145)) - Container #1 is in OPEN state, but the datanode 0e41e4d3-9bdd-41a7-a6da-f6547615f156{ip: 192.168.69.67, host: pr-hdds-1868-wx8dl-4219780377, networkLocation: /default-rack, certSerialId: null} reports an CLOSED replica.
2019-10-18 07:10:15,568 [EventQueue-ContainerReportForContainerReportHandler] WARN  container.ContainerReportHandler (AbstractContainerReportHandler.java:updateContainerState(145)) - Container #1 is in OPEN state, but the datanode 365c74cf-9edf-4118-8168-00280e7ea799{ip: 192.168.69.67, host: pr-hdds-1868-wx8dl-4219780377, networkLocation: /default-rack, certSerialId: null} reports an CLOSED replica.
2019-10-18 07:10:15,667 [EventQueue-ContainerReportForContainerReportHandler] WARN  container.ContainerReportHandler (AbstractContainerReportHandler.java:updateContainerState(145)) - Container #1 is in OPEN state, but the datanode 0e41e4d3-9bdd-41a7-a6da-f6547615f156{ip: 192.168.69.67, host: pr-hdds-1868-wx8dl-4219780377, networkLocation: /default-rack, certSerialId: null} reports an CLOSED replica.
2019-10-18 07:10:15,869 [EventQueue-ContainerReportForContainerReportHandler] WARN  container.ContainerReportHandler (AbstractContainerReportHandler.java:updateContainerState(145)) - Container #1 is in OPEN state, but the datanode 365c74cf-9edf-4118-8168-00280e7ea799{ip: 192.168.69.67, host: pr-hdds-1868-wx8dl-4219780377, networkLocation: /default-rack, certSerialId: null} reports an CLOSED replica.
2019-10-18 07:10:15,966 [EventQueue-ContainerReportForContainerReportHandler] WARN  container.ContainerReportHandler (AbstractContainerReportHandler.java:updateContainerState(145)) - Container #1 is in OPEN state, but the datanode 0e41e4d3-9bdd-41a7-a6da-f6547615f156{ip: 192.168.69.67, host: pr-hdds-1868-wx8dl-4219780377, networkLocation: /default-rack, certSerialId: null} reports an CLOSED replica.
2019-10-18 07:10:16,039 [BlockDeletingService#2] WARN  background.BlockDeletingService (BlockDeletingService.java:isDeletionAllowed(187)) - Close Container log Index 6 is not replicated across allthe servers in the pipeline 5b98df48-0bd5-4e4e-b730-4d56d0ff4dd9 as the min replicated index is 4. Deletion is not allowed in this container yet.
2019-10-18 07:10:16,039 [BlockDeletingService#2] WARN  background.BlockDeletingService (BlockDeletingService.java:isDeletionAllowed(187)) - Close Container log Index 6 is not replicated across allthe servers in the pipeline 5b98df48-0bd5-4e4e-b730-4d56d0ff4dd9 as the min replicated index is 4. Deletion is not allowed in this container yet.
2019-10-18 07:10:16,169 [EventQueue-ContainerReportForContainerReportHandler] WARN  container.ContainerReportHandler (AbstractContainerReportHandler.java:updateContainerState(145)) - Container #1 is in OPEN state, but the datanode 365c74cf-9edf-4118-8168-00280e7ea799{ip: 192.168.69.67, host: pr-hdds-1868-wx8dl-4219780377, networkLocation: /default-rack, certSerialId: null} reports an CLOSED replica.
2019-10-18 07:10:16,366 [EventQueue-ContainerReportForContainerReportHandler] WARN  container.ContainerReportHandler (AbstractContainerReportHandler.java:updateContainerState(145)) - Container #1 is in OPEN state, but the datanode 0e41e4d3-9bdd-41a7-a6da-f6547615f156{ip: 192.168.69.67, host: pr-hdds-1868-wx8dl-4219780377, networkLocation: /default-rack, certSerialId: null} reports an CLOSED replica.
2019-10-18 07:10:16,369 [EventQueue-ContainerReportForContainerReportHandler] WARN  container.ContainerReportHandler (AbstractContainerReportHandler.java:updateContainerState(145)) - Container #1 is in OPEN state, but the datanode 365c74cf-9edf-4118-8168-00280e7ea799{ip: 192.168.69.67, host: pr-hdds-1868-wx8dl-4219780377, networkLocation: /default-rack, certSerialId: null} reports an CLOSED replica.
2019-10-18 07:10:16,569 [EventQueue-ContainerReportForContainerReportHandler] WARN  container.ContainerReportHandler (AbstractContainerReportHandler.java:updateContainerState(145)) - Container #1 is in OPEN state, but the datanode 365c74cf-9edf-4118-8168-00280e7ea799{ip: 192.168.69.67, host: pr-hdds-1868-wx8dl-4219780377, networkLocation: /default-rack, certSerialId: null} reports an CLOSED replica.
2019-10-18 07:10:16,613 [java.util.concurrent.ThreadPoolExecutor$Worker@4d9c7f31[State = -1, empty queue]] WARN  server.GrpcLogAppender (GrpcLogAppender.java:timeoutAppendRequest(209)) - 0e41e4d3-9bdd-41a7-a6da-f6547615f156@group-4D56D0FF4DD9->a7c18b56-7bd4-4e97-bac5-a7861ed2f887-GrpcLogAppender: appendEntries Timeout, request=0e41e4d3-9bdd-41a7-a6da-f6547615f156->a7c18b56-7bd4-4e97-bac5-a7861ed2f887#33-t2, previous=(t:2, i:10), leaderCommit=10, initializing? false, entries: <empty>
2019-10-18 07:10:16,766 [EventQueue-ContainerReportForContainerReportHandler] WARN  container.ContainerReportHandler (AbstractContainerReportHandler.java:updateContainerState(145)) - Container #1 is in OPEN state, but the datanode 0e41e4d3-9bdd-41a7-a6da-f6547615f156{ip: 192.168.69.67, host: pr-hdds-1868-wx8dl-4219780377, networkLocation: /default-rack, certSerialId: null} reports an CLOSED replica.
2019-10-18 07:10:16,969 [EventQueue-ContainerReportForContainerReportHandler] WARN  container.ContainerReportHandler (AbstractContainerReportHandler.java:updateContainerState(145)) - Container #1 is in OPEN state, but the datanode 365c74cf-9edf-4118-8168-00280e7ea799{ip: 192.168.69.67, host: pr-hdds-1868-wx8dl-4219780377, networkLocation: /default-rack, certSerialId: null} reports an CLOSED replica.
2019-10-18 07:10:17,040 [BlockDeletingService#2] WARN  background.BlockDeletingService (BlockDeletingService.java:isDeletionAllowed(187)) - Close Container log Index 6 is not replicated across allthe servers in the pipeline 5b98df48-0bd5-4e4e-b730-4d56d0ff4dd9 as the min replicated index is 4. Deletion is not allowed in this container yet.
2019-10-18 07:10:17,040 [BlockDeletingService#2] WARN  background.BlockDeletingService (BlockDeletingService.java:isDeletionAllowed(187)) - Close Container log Index 6 is not replicated across allthe servers in the pipeline 5b98df48-0bd5-4e4e-b730-4d56d0ff4dd9 as the min replicated index is 4. Deletion is not allowed in this container yet.
2019-10-18 07:10:17,066 [EventQueue-ContainerReportForContainerReportHandler] WARN  container.ContainerReportHandler (AbstractContainerReportHandler.java:updateContainerState(145)) - Container #1 is in OPEN state, but the datanode 0e41e4d3-9bdd-41a7-a6da-f6547615f156{ip: 192.168.69.67, host: pr-hdds-1868-wx8dl-4219780377, networkLocation: /default-rack, certSerialId: null} reports an CLOSED replica.
2019-10-18 07:10:17,271 [EventQueue-ContainerReportForContainerReportHandler] WARN  container.ContainerReportHandler (AbstractContainerReportHandler.java:updateContainerState(145)) - Container #1 is in OPEN state, but the datanode 365c74cf-9edf-4118-8168-00280e7ea799{ip: 192.168.69.67, host: pr-hdds-1868-wx8dl-4219780377, networkLocation: /default-rack, certSerialId: null} reports an CLOSED replica.
2019-10-18 07:10:17,366 [EventQueue-ContainerReportForContainerReportHandler] WARN  container.ContainerReportHandler (AbstractContainerReportHandler.java:updateContainerState(145)) - Container #1 is in OPEN state, but the datanode 0e41e4d3-9bdd-41a7-a6da-f6547615f156{ip: 192.168.69.67, host: pr-hdds-1868-wx8dl-4219780377, networkLocation: /default-rack, certSerialId: null} reports an CLOSED replica.
2019-10-18 07:10:17,571 [EventQueue-ContainerReportForContainerReportHandler] WARN  container.ContainerReportHandler (AbstractContainerReportHandler.java:updateContainerState(145)) - Container #1 is in OPEN state, but the datanode 365c74cf-9edf-4118-8168-00280e7ea799{ip: 192.168.69.67, host: pr-hdds-1868-wx8dl-4219780377, networkLocation: /default-rack, certSerialId: null} reports an CLOSED replica.
2019-10-18 07:10:17,666 [EventQueue-ContainerReportForContainerReportHandler] WARN  container.ContainerReportHandler (AbstractContainerReportHandler.java:updateContainerState(145)) - Container #1 is in OPEN state, but the datanode 0e41e4d3-9bdd-41a7-a6da-f6547615f156{ip: 192.168.69.67, host: pr-hdds-1868-wx8dl-4219780377, networkLocation: /default-rack, certSerialId: null} reports an CLOSED replica.
2019-10-18 07:10:17,967 [EventQueue-ContainerReportForContainerReportHandler] WARN  container.ContainerReportHandler (AbstractContainerReportHandler.java:updateContainerState(145)) - Container #1 is in OPEN state, but the datanode 0e41e4d3-9bdd-41a7-a6da-f6547615f156{ip: 192.168.69.67, host: pr-hdds-1868-wx8dl-4219780377, networkLocation: /default-rack, certSerialId: null} reports an CLOSED replica.
2019-10-18 07:10:17,971 [EventQueue-ContainerReportForContainerReportHandler] WARN  container.ContainerReportHandler (AbstractContainerReportHandler.java:updateContainerState(145)) - Container #1 is in OPEN state, but the datanode 365c74cf-9edf-4118-8168-00280e7ea799{ip: 192.168.69.67, host: pr-hdds-1868-wx8dl-4219780377, networkLocation: /default-rack, certSerialId: null} reports an CLOSED replica.
2019-10-18 07:10:18,042 [BlockDeletingService#2] WARN  background.BlockDeletingService (BlockDeletingService.java:isDeletionAllowed(187)) - Close Container log Index 6 is not replicated across allthe servers in the pipeline 5b98df48-0bd5-4e4e-b730-4d56d0ff4dd9 as the min replicated index is 4. Deletion is not allowed in this container yet.
2019-10-18 07:10:18,042 [BlockDeletingService#2] WARN  background.BlockDeletingService (BlockDeletingService.java:isDeletionAllowed(187)) - Close Container log Index 6 is not replicated across allthe servers in the pipeline 5b98df48-0bd5-4e4e-b730-4d56d0ff4dd9 as the min replicated index is 4. Deletion is not allowed in this container yet.
2019-10-18 07:10:18,171 [EventQueue-ContainerReportForContainerReportHandler] WARN  container.ContainerReportHandler (AbstractContainerReportHandler.java:updateContainerState(145)) - Container #1 is in OPEN state, but the datanode 365c74cf-9edf-4118-8168-00280e7ea799{ip: 192.168.69.67, host: pr-hdds-1868-wx8dl-4219780377, networkLocation: /default-rack, certSerialId: null} reports an CLOSED replica.
2019-10-18 07:10:18,268 [EventQueue-ContainerReportForContainerReportHandler] WARN  container.ContainerReportHandler (AbstractContainerReportHandler.java:updateContainerState(145)) - Container #1 is in OPEN state, but the datanode 0e41e4d3-9bdd-41a7-a6da-f6547615f156{ip: 192.168.69.67, host: pr-hdds-1868-wx8dl-4219780377, networkLocation: /default-rack, certSerialId: null} reports an CLOSED replica.
2019-10-18 07:10:18,571 [EventQueue-ContainerReportForContainerReportHandler] WARN  container.ContainerReportHandler (AbstractContainerReportHandler.java:updateContainerState(145)) - Container #1 is in OPEN state, but the datanode 365c74cf-9edf-4118-8168-00280e7ea799{ip: 192.168.69.67, host: pr-hdds-1868-wx8dl-4219780377, networkLocation: /default-rack, certSerialId: null} reports an CLOSED replica.
2019-10-18 07:10:18,668 [EventQueue-ContainerReportForContainerReportHandler] WARN  container.ContainerReportHandler (AbstractContainerReportHandler.java:updateContainerState(145)) - Container #1 is in OPEN state, but the datanode 0e41e4d3-9bdd-41a7-a6da-f6547615f156{ip: 192.168.69.67, host: pr-hdds-1868-wx8dl-4219780377, networkLocation: /default-rack, certSerialId: null} reports an CLOSED replica.
2019-10-18 07:10:18,724 [Thread-406] INFO  client.GrpcClientProtocolService (GrpcClientProtocolService.java:lambda$processClientRequest$0(278)) - Failed RaftClientRequest:client-23AD7B0CD45D->365c74cf-9edf-4118-8168-00280e7ea799@group-4D56D0FF4DD9, cid=10, seq=0, Watch-ALL_COMMITTED(6), Message:<EMPTY>, reply=RaftClientReply:client-23AD7B0CD45D->365c74cf-9edf-4118-8168-00280e7ea799@group-4D56D0FF4DD9, cid=10, FAILED org.apache.ratis.protocol.NotLeaderException: Server 365c74cf-9edf-4118-8168-00280e7ea799@group-4D56D0FF4DD9 is not the leader 0e41e4d3-9bdd-41a7-a6da-f6547615f156:192.168.69.67:46622, logIndex=0, commits[365c74cf-9edf-4118-8168-00280e7ea799:c10, a7c18b56-7bd4-4e97-bac5-a7861ed2f887:c4, 0e41e4d3-9bdd-41a7-a6da-f6547615f156:c10]
2019-10-18 07:10:18,871 [EventQueue-ContainerReportForContainerReportHandler] WARN  container.ContainerReportHandler (AbstractContainerReportHandler.java:updateContainerState(145)) - Container #1 is in OPEN state, but the datanode 365c74cf-9edf-4118-8168-00280e7ea799{ip: 192.168.69.67, host: pr-hdds-1868-wx8dl-4219780377, networkLocation: /default-rack, certSerialId: null} reports an CLOSED replica.
2019-10-18 07:10:19,043 [BlockDeletingService#2] WARN  background.BlockDeletingService (BlockDeletingService.java:isDeletionAllowed(187)) - Close Container log Index 6 is not replicated across allthe servers in the pipeline 5b98df48-0bd5-4e4e-b730-4d56d0ff4dd9 as the min replicated index is 4. Deletion is not allowed in this container yet.
2019-10-18 07:10:19,043 [BlockDeletingService#2] WARN  background.BlockDeletingService (BlockDeletingService.java:isDeletionAllowed(187)) - Close Container log Index 6 is not replicated across allthe servers in the pipeline 5b98df48-0bd5-4e4e-b730-4d56d0ff4dd9 as the min replicated index is 4. Deletion is not allowed in this container yet.
2019-10-18 07:10:19,068 [EventQueue-ContainerReportForContainerReportHandler] WARN  container.ContainerReportHandler (AbstractContainerReportHandler.java:updateContainerState(145)) - Container #1 is in OPEN state, but the datanode 0e41e4d3-9bdd-41a7-a6da-f6547615f156{ip: 192.168.69.67, host: pr-hdds-1868-wx8dl-4219780377, networkLocation: /default-rack, certSerialId: null} reports an CLOSED replica.
2019-10-18 07:10:19,115 [java.util.concurrent.ThreadPoolExecutor$Worker@4d9c7f31[State = -1, empty queue]] WARN  server.GrpcLogAppender (GrpcLogAppender.java:timeoutAppendRequest(209)) - 0e41e4d3-9bdd-41a7-a6da-f6547615f156@group-4D56D0FF4DD9->a7c18b56-7bd4-4e97-bac5-a7861ed2f887-GrpcLogAppender: appendEntries Timeout, request=0e41e4d3-9bdd-41a7-a6da-f6547615f156->a7c18b56-7bd4-4e97-bac5-a7861ed2f887#34-t2, previous=(t:2, i:10), leaderCommit=10, initializing? false, entries: <empty>
2019-10-18 07:10:19,268 [EventQueue-ContainerReportForContainerReportHandler] WARN  container.ContainerReportHandler (AbstractContainerReportHandler.java:updateContainerState(145)) - Container #1 is in OPEN state, but the datanode 0e41e4d3-9bdd-41a7-a6da-f6547615f156{ip: 192.168.69.67, host: pr-hdds-1868-wx8dl-4219780377, networkLocation: /default-rack, certSerialId: null} reports an CLOSED replica.
2019-10-18 07:10:19,271 [EventQueue-ContainerReportForContainerReportHandler] WARN  container.ContainerReportHandler (AbstractContainerReportHandler.java:updateContainerState(145)) - Container #1 is in OPEN state, but the datanode 365c74cf-9edf-4118-8168-00280e7ea799{ip: 192.168.69.67, host: pr-hdds-1868-wx8dl-4219780377, networkLocation: /default-rack, certSerialId: null} reports an CLOSED replica.
2019-10-18 07:10:19,568 [EventQueue-ContainerReportForContainerReportHandler] WARN  container.ContainerReportHandler (AbstractContainerReportHandler.java:updateContainerState(145)) - Container #1 is in OPEN state, but the datanode 0e41e4d3-9bdd-41a7-a6da-f6547615f156{ip: 192.168.69.67, host: pr-hdds-1868-wx8dl-4219780377, networkLocation: /default-rack, certSerialId: null} reports an CLOSED replica.
2019-10-18 07:10:19,671 [EventQueue-ContainerReportForContainerReportHandler] WARN  container.ContainerReportHandler (AbstractContainerReportHandler.java:updateContainerState(145)) - Container #1 is in OPEN state, but the datanode 365c74cf-9edf-4118-8168-00280e7ea799{ip: 192.168.69.67, host: pr-hdds-1868-wx8dl-4219780377, networkLocation: /default-rack, certSerialId: null} reports an CLOSED replica.
2019-10-18 07:10:19,868 [EventQueue-ContainerReportForContainerReportHandler] WARN  container.ContainerReportHandler (AbstractContainerReportHandler.java:updateContainerState(145)) - Container #1 is in OPEN state, but the datanode 0e41e4d3-9bdd-41a7-a6da-f6547615f156{ip: 192.168.69.67, host: pr-hdds-1868-wx8dl-4219780377, networkLocation: /default-rack, certSerialId: null} reports an CLOSED replica.
2019-10-18 07:10:19,884 [Thread-411] INFO  client.GrpcClientProtocolService (GrpcClientProtocolService.java:lambda$processClientRequest$0(278)) - Failed RaftClientRequest:client-23AD7B0CD45D->0e41e4d3-9bdd-41a7-a6da-f6547615f156@group-4D56D0FF4DD9, cid=10, seq=0, Watch-ALL_COMMITTED(6), Message:<EMPTY>, reply=RaftClientReply:client-23AD7B0CD45D->0e41e4d3-9bdd-41a7-a6da-f6547615f156@group-4D56D0FF4DD9, cid=10, FAILED org.apache.ratis.protocol.NotReplicatedException: Request with call Id 10 and log index 6 is not yet replicated to ALL_COMMITTED, logIndex=6, commits[0e41e4d3-9bdd-41a7-a6da-f6547615f156:c10, a7c18b56-7bd4-4e97-bac5-a7861ed2f887:c4, 365c74cf-9edf-4118-8168-00280e7ea799:c10]
2019-10-18 07:10:20,046 [BlockDeletingService#2] WARN  background.BlockDeletingService (BlockDeletingService.java:isDeletionAllowed(187)) - Close Container log Index 6 is not replicated across allthe servers in the pipeline 5b98df48-0bd5-4e4e-b730-4d56d0ff4dd9 as the min replicated index is 4. Deletion is not allowed in this container yet.
2019-10-18 07:10:20,046 [BlockDeletingService#2] WARN  background.BlockDeletingService (BlockDeletingService.java:isDeletionAllowed(187)) - Close Container log Index 6 is not replicated across allthe servers in the pipeline 5b98df48-0bd5-4e4e-b730-4d56d0ff4dd9 as the min replicated index is 4. Deletion is not allowed in this container yet.
2019-10-18 07:10:20,068 [EventQueue-ContainerReportForContainerReportHandler] WARN  container.ContainerReportHandler (AbstractContainerReportHandler.java:updateContainerState(145)) - Container #1 is in OPEN state, but the datanode 0e41e4d3-9bdd-41a7-a6da-f6547615f156{ip: 192.168.69.67, host: pr-hdds-1868-wx8dl-4219780377, networkLocation: /default-rack, certSerialId: null} reports an CLOSED replica.
2019-10-18 07:10:20,071 [EventQueue-ContainerReportForContainerReportHandler] WARN  container.ContainerReportHandler (AbstractContainerReportHandler.java:updateContainerState(145)) - Container #1 is in OPEN state, but the datanode 365c74cf-9edf-4118-8168-00280e7ea799{ip: 192.168.69.67, host: pr-hdds-1868-wx8dl-4219780377, networkLocation: /default-rack, certSerialId: null} reports an CLOSED replica.
2019-10-18 07:10:20,272 [EventQueue-ContainerReportForContainerReportHandler] WARN  container.ContainerReportHandler (AbstractContainerReportHandler.java:updateContainerState(145)) - Container #1 is in OPEN state, but the datanode 365c74cf-9edf-4118-8168-00280e7ea799{ip: 192.168.69.67, host: pr-hdds-1868-wx8dl-4219780377, networkLocation: /default-rack, certSerialId: null} reports an CLOSED replica.
2019-10-18 07:10:20,469 [EventQueue-ContainerReportForContainerReportHandler] WARN  container.ContainerReportHandler (AbstractContainerReportHandler.java:updateContainerState(145)) - Container #1 is in OPEN state, but the datanode 0e41e4d3-9bdd-41a7-a6da-f6547615f156{ip: 192.168.69.67, host: pr-hdds-1868-wx8dl-4219780377, networkLocation: /default-rack, certSerialId: null} reports an CLOSED replica.
2019-10-18 07:10:20,572 [EventQueue-ContainerReportForContainerReportHandler] WARN  container.ContainerReportHandler (AbstractContainerReportHandler.java:updateContainerState(145)) - Container #1 is in OPEN state, but the datanode 365c74cf-9edf-4118-8168-00280e7ea799{ip: 192.168.69.67, host: pr-hdds-1868-wx8dl-4219780377, networkLocation: /default-rack, certSerialId: null} reports an CLOSED replica.
2019-10-18 07:10:20,773 [EventQueue-ContainerReportForContainerReportHandler] WARN  container.ContainerReportHandler (AbstractContainerReportHandler.java:updateContainerState(145)) - Container #1 is in OPEN state, but the datanode 365c74cf-9edf-4118-8168-00280e7ea799{ip: 192.168.69.67, host: pr-hdds-1868-wx8dl-4219780377, networkLocation: /default-rack, certSerialId: null} reports an CLOSED replica.
2019-10-18 07:10:20,870 [EventQueue-ContainerReportForContainerReportHandler] WARN  container.ContainerReportHandler (AbstractContainerReportHandler.java:updateContainerState(145)) - Container #1 is in OPEN state, but the datanode 0e41e4d3-9bdd-41a7-a6da-f6547615f156{ip: 192.168.69.67, host: pr-hdds-1868-wx8dl-4219780377, networkLocation: /default-rack, certSerialId: null} reports an CLOSED replica.
2019-10-18 07:10:21,049 [BlockDeletingService#2] WARN  background.BlockDeletingService (BlockDeletingService.java:isDeletionAllowed(187)) - Close Container log Index 6 is not replicated across allthe servers in the pipeline 5b98df48-0bd5-4e4e-b730-4d56d0ff4dd9 as the min replicated index is 4. Deletion is not allowed in this container yet.
2019-10-18 07:10:21,052 [BlockDeletingService#2] WARN  background.BlockDeletingService (BlockDeletingService.java:isDeletionAllowed(187)) - Close Container log Index 6 is not replicated across allthe servers in the pipeline 5b98df48-0bd5-4e4e-b730-4d56d0ff4dd9 as the min replicated index is 4. Deletion is not allowed in this container yet.
2019-10-18 07:10:21,073 [EventQueue-ContainerReportForContainerReportHandler] WARN  container.ContainerReportHandler (AbstractContainerReportHandler.java:updateContainerState(145)) - Container #1 is in OPEN state, but the datanode 0e41e4d3-9bdd-41a7-a6da-f6547615f156{ip: 192.168.69.67, host: pr-hdds-1868-wx8dl-4219780377, networkLocation: /default-rack, certSerialId: null} reports an CLOSED replica.
2019-10-18 07:10:21,073 [EventQueue-ContainerReportForContainerReportHandler] WARN  container.ContainerReportHandler (AbstractContainerReportHandler.java:updateContainerState(145)) - Container #1 is in OPEN state, but the datanode 365c74cf-9edf-4118-8168-00280e7ea799{ip: 192.168.69.67, host: pr-hdds-1868-wx8dl-4219780377, networkLocation: /default-rack, certSerialId: null} reports an CLOSED replica.
2019-10-18 07:10:21,272 [EventQueue-ContainerReportForContainerReportHandler] WARN  container.ContainerReportHandler (AbstractContainerReportHandler.java:updateContainerState(145)) - Container #1 is in OPEN state, but the datanode 365c74cf-9edf-4118-8168-00280e7ea799{ip: 192.168.69.67, host: pr-hdds-1868-wx8dl-4219780377, networkLocation: /default-rack, certSerialId: null} reports an CLOSED replica.
2019-10-18 07:10:21,370 [EventQueue-ContainerReportForContainerReportHandler] WARN  container.ContainerReportHandler (AbstractContainerReportHandler.java:updateContainerState(145)) - Container #1 is in OPEN state, but the datanode 0e41e4d3-9bdd-41a7-a6da-f6547615f156{ip: 192.168.69.67, host: pr-hdds-1868-wx8dl-4219780377, networkLocation: /default-rack, certSerialId: null} reports an CLOSED replica.
2019-10-18 07:10:21,571 [EventQueue-ContainerReportForContainerReportHandler] WARN  container.ContainerReportHandler (AbstractContainerReportHandler.java:updateContainerState(145)) - Container #1 is in OPEN state, but the datanode 0e41e4d3-9bdd-41a7-a6da-f6547615f156{ip: 192.168.69.67, host: pr-hdds-1868-wx8dl-4219780377, networkLocation: /default-rack, certSerialId: null} reports an CLOSED replica.
2019-10-18 07:10:21,616 [java.util.concurrent.ThreadPoolExecutor$Worker@4d9c7f31[State = -1, empty queue]] WARN  server.GrpcLogAppender (GrpcLogAppender.java:timeoutAppendRequest(209)) - 0e41e4d3-9bdd-41a7-a6da-f6547615f156@group-4D56D0FF4DD9->a7c18b56-7bd4-4e97-bac5-a7861ed2f887-GrpcLogAppender: appendEntries Timeout, request=0e41e4d3-9bdd-41a7-a6da-f6547615f156->a7c18b56-7bd4-4e97-bac5-a7861ed2f887#35-t2, previous=(t:2, i:10), leaderCommit=10, initializing? false, entries: <empty>
2019-10-18 07:10:21,672 [EventQueue-ContainerReportForContainerReportHandler] WARN  container.ContainerReportHandler (AbstractContainerReportHandler.java:updateContainerState(145)) - Container #1 is in OPEN state, but the datanode 365c74cf-9edf-4118-8168-00280e7ea799{ip: 192.168.69.67, host: pr-hdds-1868-wx8dl-4219780377, networkLocation: /default-rack, certSerialId: null} reports an CLOSED replica.
2019-10-18 07:10:21,872 [EventQueue-ContainerReportForContainerReportHandler] WARN  container.ContainerReportHandler (AbstractContainerReportHandler.java:updateContainerState(145)) - Container #1 is in OPEN state, but the datanode 0e41e4d3-9bdd-41a7-a6da-f6547615f156{ip: 192.168.69.67, host: pr-hdds-1868-wx8dl-4219780377, networkLocation: /default-rack, certSerialId: null} reports an CLOSED replica.
2019-10-18 07:10:21,872 [EventQueue-ContainerReportForContainerReportHandler] WARN  container.ContainerReportHandler (AbstractContainerReportHandler.java:updateContainerState(145)) - Container #1 is in OPEN state, but the datanode 365c74cf-9edf-4118-8168-00280e7ea799{ip: 192.168.69.67, host: pr-hdds-1868-wx8dl-4219780377, networkLocation: /default-rack, certSerialId: null} reports an CLOSED replica.
2019-10-18 07:10:22,052 [BlockDeletingService#2] WARN  background.BlockDeletingService (BlockDeletingService.java:isDeletionAllowed(187)) - Close Container log Index 6 is not replicated across allthe servers in the pipeline 5b98df48-0bd5-4e4e-b730-4d56d0ff4dd9 as the min replicated index is 4. Deletion is not allowed in this container yet.
2019-10-18 07:10:22,053 [BlockDeletingService#2] WARN  background.BlockDeletingService (BlockDeletingService.java:isDeletionAllowed(187)) - Close Container log Index 6 is not replicated across allthe servers in the pipeline 5b98df48-0bd5-4e4e-b730-4d56d0ff4dd9 as the min replicated index is 4. Deletion is not allowed in this container yet.
2019-10-18 07:10:22,173 [EventQueue-ContainerReportForContainerReportHandler] WARN  container.ContainerReportHandler (AbstractContainerReportHandler.java:updateContainerState(145)) - Container #1 is in OPEN state, but the datanode 365c74cf-9edf-4118-8168-00280e7ea799{ip: 192.168.69.67, host: pr-hdds-1868-wx8dl-4219780377, networkLocation: /default-rack, certSerialId: null} reports an CLOSED replica.
2019-10-18 07:10:22,273 [EventQueue-ContainerReportForContainerReportHandler] WARN  container.ContainerReportHandler (AbstractContainerReportHandler.java:updateContainerState(145)) - Container #1 is in OPEN state, but the datanode 0e41e4d3-9bdd-41a7-a6da-f6547615f156{ip: 192.168.69.67, host: pr-hdds-1868-wx8dl-4219780377, networkLocation: /default-rack, certSerialId: null} reports an CLOSED replica.
2019-10-18 07:10:22,472 [EventQueue-ContainerReportForContainerReportHandler] WARN  container.ContainerReportHandler (AbstractContainerReportHandler.java:updateContainerState(145)) - Container #1 is in OPEN state, but the datanode 365c74cf-9edf-4118-8168-00280e7ea799{ip: 192.168.69.67, host: pr-hdds-1868-wx8dl-4219780377, networkLocation: /default-rack, certSerialId: null} reports an CLOSED replica.
2019-10-18 07:10:22,672 [EventQueue-ContainerReportForContainerReportHandler] WARN  container.ContainerReportHandler (AbstractContainerReportHandler.java:updateContainerState(145)) - Container #1 is in OPEN state, but the datanode 0e41e4d3-9bdd-41a7-a6da-f6547615f156{ip: 192.168.69.67, host: pr-hdds-1868-wx8dl-4219780377, networkLocation: /default-rack, certSerialId: null} reports an CLOSED replica.
2019-10-18 07:10:22,775 [EventQueue-ContainerReportForContainerReportHandler] WARN  container.ContainerReportHandler (AbstractContainerReportHandler.java:updateContainerState(145)) - Container #1 is in OPEN state, but the datanode 365c74cf-9edf-4118-8168-00280e7ea799{ip: 192.168.69.67, host: pr-hdds-1868-wx8dl-4219780377, networkLocation: /default-rack, certSerialId: null} reports an CLOSED replica.
2019-10-18 07:10:22,873 [EventQueue-ContainerReportForContainerReportHandler] WARN  container.ContainerReportHandler (AbstractContainerReportHandler.java:updateContainerState(145)) - Container #1 is in OPEN state, but the datanode 0e41e4d3-9bdd-41a7-a6da-f6547615f156{ip: 192.168.69.67, host: pr-hdds-1868-wx8dl-4219780377, networkLocation: /default-rack, certSerialId: null} reports an CLOSED replica.
2019-10-18 07:10:23,055 [BlockDeletingService#2] WARN  background.BlockDeletingService (BlockDeletingService.java:isDeletionAllowed(187)) - Close Container log Index 6 is not replicated across allthe servers in the pipeline 5b98df48-0bd5-4e4e-b730-4d56d0ff4dd9 as the min replicated index is 4. Deletion is not allowed in this container yet.
2019-10-18 07:10:23,055 [BlockDeletingService#2] WARN  background.BlockDeletingService (BlockDeletingService.java:isDeletionAllowed(187)) - Close Container log Index 6 is not replicated across allthe servers in the pipeline 5b98df48-0bd5-4e4e-b730-4d56d0ff4dd9 as the min replicated index is 4. Deletion is not allowed in this container yet.
2019-10-18 07:10:23,072 [EventQueue-ContainerReportForContainerReportHandler] WARN  container.ContainerReportHandler (AbstractContainerReportHandler.java:updateContainerState(145)) - Container #1 is in OPEN state, but the datanode 365c74cf-9edf-4118-8168-00280e7ea799{ip: 192.168.69.67, host: pr-hdds-1868-wx8dl-4219780377, networkLocation: /default-rack, certSerialId: null} reports an CLOSED replica.
2019-10-18 07:10:23,273 [EventQueue-ContainerReportForContainerReportHandler] WARN  container.ContainerReportHandler (AbstractContainerReportHandler.java:updateContainerState(145)) - Container #1 is in OPEN state, but the datanode 0e41e4d3-9bdd-41a7-a6da-f6547615f156{ip: 192.168.69.67, host: pr-hdds-1868-wx8dl-4219780377, networkLocation: /default-rack, certSerialId: null} reports an CLOSED replica.
2019-10-18 07:10:23,472 [EventQueue-ContainerReportForContainerReportHandler] WARN  container.ContainerReportHandler (AbstractContainerReportHandler.java:updateContainerState(145)) - Container #1 is in OPEN state, but the datanode 365c74cf-9edf-4118-8168-00280e7ea799{ip: 192.168.69.67, host: pr-hdds-1868-wx8dl-4219780377, networkLocation: /default-rack, certSerialId: null} reports an CLOSED replica.
2019-10-18 07:10:23,473 [EventQueue-ContainerReportForContainerReportHandler] WARN  container.ContainerReportHandler (AbstractContainerReportHandler.java:updateContainerState(145)) - Container #1 is in OPEN state, but the datanode 0e41e4d3-9bdd-41a7-a6da-f6547615f156{ip: 192.168.69.67, host: pr-hdds-1868-wx8dl-4219780377, networkLocation: /default-rack, certSerialId: null} reports an CLOSED replica.
2019-10-18 07:10:23,673 [EventQueue-ContainerReportForContainerReportHandler] WARN  container.ContainerReportHandler (AbstractContainerReportHandler.java:updateContainerState(145)) - Container #1 is in OPEN state, but the datanode 365c74cf-9edf-4118-8168-00280e7ea799{ip: 192.168.69.67, host: pr-hdds-1868-wx8dl-4219780377, networkLocation: /default-rack, certSerialId: null} reports an CLOSED replica.
2019-10-18 07:10:23,674 [EventQueue-ContainerReportForContainerReportHandler] WARN  container.ContainerReportHandler (AbstractContainerReportHandler.java:updateContainerState(145)) - Container #1 is in OPEN state, but the datanode 0e41e4d3-9bdd-41a7-a6da-f6547615f156{ip: 192.168.69.67, host: pr-hdds-1868-wx8dl-4219780377, networkLocation: /default-rack, certSerialId: null} reports an CLOSED replica.
2019-10-18 07:10:23,873 [EventQueue-ContainerReportForContainerReportHandler] WARN  container.ContainerReportHandler (AbstractContainerReportHandler.java:updateContainerState(145)) - Container #1 is in OPEN state, but the datanode 365c74cf-9edf-4118-8168-00280e7ea799{ip: 192.168.69.67, host: pr-hdds-1868-wx8dl-4219780377, networkLocation: /default-rack, certSerialId: null} reports an CLOSED replica.
2019-10-18 07:10:23,974 [EventQueue-ContainerReportForContainerReportHandler] WARN  container.ContainerReportHandler (AbstractContainerReportHandler.java:updateContainerState(145)) - Container #1 is in OPEN state, but the datanode 0e41e4d3-9bdd-41a7-a6da-f6547615f156{ip: 192.168.69.67, host: pr-hdds-1868-wx8dl-4219780377, networkLocation: /default-rack, certSerialId: null} reports an CLOSED replica.
2019-10-18 07:10:24,056 [BlockDeletingService#2] WARN  background.BlockDeletingService (BlockDeletingService.java:isDeletionAllowed(187)) - Close Container log Index 6 is not replicated across allthe servers in the pipeline 5b98df48-0bd5-4e4e-b730-4d56d0ff4dd9 as the min replicated index is 4. Deletion is not allowed in this container yet.
2019-10-18 07:10:24,056 [BlockDeletingService#2] WARN  background.BlockDeletingService (BlockDeletingService.java:isDeletionAllowed(187)) - Close Container log Index 6 is not replicated across allthe servers in the pipeline 5b98df48-0bd5-4e4e-b730-4d56d0ff4dd9 as the min replicated index is 4. Deletion is not allowed in this container yet.
2019-10-18 07:10:24,073 [EventQueue-ContainerReportForContainerReportHandler] WARN  container.ContainerReportHandler (AbstractContainerReportHandler.java:updateContainerState(145)) - Container #1 is in OPEN state, but the datanode 365c74cf-9edf-4118-8168-00280e7ea799{ip: 192.168.69.67, host: pr-hdds-1868-wx8dl-4219780377, networkLocation: /default-rack, certSerialId: null} reports an CLOSED replica.
2019-10-18 07:10:24,117 [java.util.concurrent.ThreadPoolExecutor$Worker@4d9c7f31[State = -1, empty queue]] WARN  server.GrpcLogAppender (GrpcLogAppender.java:timeoutAppendRequest(209)) - 0e41e4d3-9bdd-41a7-a6da-f6547615f156@group-4D56D0FF4DD9->a7c18b56-7bd4-4e97-bac5-a7861ed2f887-GrpcLogAppender: appendEntries Timeout, request=0e41e4d3-9bdd-41a7-a6da-f6547615f156->a7c18b56-7bd4-4e97-bac5-a7861ed2f887#36-t2, previous=(t:2, i:10), leaderCommit=10, initializing? false, entries: <empty>
2019-10-18 07:10:24,274 [EventQueue-ContainerReportForContainerReportHandler] WARN  container.ContainerReportHandler (AbstractContainerReportHandler.java:updateContainerState(145)) - Container #1 is in OPEN state, but the datanode 0e41e4d3-9bdd-41a7-a6da-f6547615f156{ip: 192.168.69.67, host: pr-hdds-1868-wx8dl-4219780377, networkLocation: /default-rack, certSerialId: null} reports an CLOSED replica.
2019-10-18 07:10:24,473 [EventQueue-ContainerReportForContainerReportHandler] WARN  container.ContainerReportHandler (AbstractContainerReportHandler.java:updateContainerState(145)) - Container #1 is in OPEN state, but the datanode 365c74cf-9edf-4118-8168-00280e7ea799{ip: 192.168.69.67, host: pr-hdds-1868-wx8dl-4219780377, networkLocation: /default-rack, certSerialId: null} reports an CLOSED replica.
2019-10-18 07:10:24,474 [EventQueue-ContainerReportForContainerReportHandler] WARN  container.ContainerReportHandler (AbstractContainerReportHandler.java:updateContainerState(145)) - Container #1 is in OPEN state, but the datanode 0e41e4d3-9bdd-41a7-a6da-f6547615f156{ip: 192.168.69.67, host: pr-hdds-1868-wx8dl-4219780377, networkLocation: /default-rack, certSerialId: null} reports an CLOSED replica.
2019-10-18 07:10:24,674 [EventQueue-ContainerReportForContainerReportHandler] WARN  container.ContainerReportHandler (AbstractContainerReportHandler.java:updateContainerState(145)) - Container #1 is in OPEN state, but the datanode 365c74cf-9edf-4118-8168-00280e7ea799{ip: 192.168.69.67, host: pr-hdds-1868-wx8dl-4219780377, networkLocation: /default-rack, certSerialId: null} reports an CLOSED replica.
2019-10-18 07:10:24,775 [EventQueue-ContainerReportForContainerReportHandler] WARN  container.ContainerReportHandler (AbstractContainerReportHandler.java:updateContainerState(145)) - Container #1 is in OPEN state, but the datanode 0e41e4d3-9bdd-41a7-a6da-f6547615f156{ip: 192.168.69.67, host: pr-hdds-1868-wx8dl-4219780377, networkLocation: /default-rack, certSerialId: null} reports an CLOSED replica.
2019-10-18 07:10:24,973 [EventQueue-ContainerReportForContainerReportHandler] WARN  container.ContainerReportHandler (AbstractContainerReportHandler.java:updateContainerState(145)) - Container #1 is in OPEN state, but the datanode 365c74cf-9edf-4118-8168-00280e7ea799{ip: 192.168.69.67, host: pr-hdds-1868-wx8dl-4219780377, networkLocation: /default-rack, certSerialId: null} reports an CLOSED replica.
2019-10-18 07:10:24,975 [EventQueue-ContainerReportForContainerReportHandler] WARN  container.ContainerReportHandler (AbstractContainerReportHandler.java:updateContainerState(145)) - Container #1 is in OPEN state, but the datanode 0e41e4d3-9bdd-41a7-a6da-f6547615f156{ip: 192.168.69.67, host: pr-hdds-1868-wx8dl-4219780377, networkLocation: /default-rack, certSerialId: null} reports an CLOSED replica.
2019-10-18 07:10:25,058 [BlockDeletingService#2] WARN  background.BlockDeletingService (BlockDeletingService.java:isDeletionAllowed(187)) - Close Container log Index 6 is not replicated across allthe servers in the pipeline 5b98df48-0bd5-4e4e-b730-4d56d0ff4dd9 as the min replicated index is 4. Deletion is not allowed in this container yet.
2019-10-18 07:10:25,058 [BlockDeletingService#2] WARN  background.BlockDeletingService (BlockDeletingService.java:isDeletionAllowed(187)) - Close Container log Index 6 is not replicated across allthe servers in the pipeline 5b98df48-0bd5-4e4e-b730-4d56d0ff4dd9 as the min replicated index is 4. Deletion is not allowed in this container yet.
2019-10-18 07:10:25,374 [EventQueue-ContainerReportForContainerReportHandler] WARN  container.ContainerReportHandler (AbstractContainerReportHandler.java:updateContainerState(145)) - Container #1 is in OPEN state, but the datanode 365c74cf-9edf-4118-8168-00280e7ea799{ip: 192.168.69.67, host: pr-hdds-1868-wx8dl-4219780377, networkLocation: /default-rack, certSerialId: null} reports an CLOSED replica.
2019-10-18 07:10:25,375 [EventQueue-ContainerReportForContainerReportHandler] WARN  container.ContainerReportHandler (AbstractContainerReportHandler.java:updateContainerState(145)) - Container #1 is in OPEN state, but the datanode 0e41e4d3-9bdd-41a7-a6da-f6547615f156{ip: 192.168.69.67, host: pr-hdds-1868-wx8dl-4219780377, networkLocation: /default-rack, certSerialId: null} reports an CLOSED replica.
2019-10-18 07:10:25,575 [EventQueue-ContainerReportForContainerReportHandler] WARN  container.ContainerReportHandler (AbstractContainerReportHandler.java:updateContainerState(145)) - Container #1 is in OPEN state, but the datanode 0e41e4d3-9bdd-41a7-a6da-f6547615f156{ip: 192.168.69.67, host: pr-hdds-1868-wx8dl-4219780377, networkLocation: /default-rack, certSerialId: null} reports an CLOSED replica.
2019-10-18 07:10:25,674 [EventQueue-ContainerReportForContainerReportHandler] WARN  container.ContainerReportHandler (AbstractContainerReportHandler.java:updateContainerState(145)) - Container #1 is in OPEN state, but the datanode 365c74cf-9edf-4118-8168-00280e7ea799{ip: 192.168.69.67, host: pr-hdds-1868-wx8dl-4219780377, networkLocation: /default-rack, certSerialId: null} reports an CLOSED replica.
2019-10-18 07:10:25,874 [EventQueue-ContainerReportForContainerReportHandler] WARN  container.ContainerReportHandler (AbstractContainerReportHandler.java:updateContainerState(145)) - Container #1 is in OPEN state, but the datanode 365c74cf-9edf-4118-8168-00280e7ea799{ip: 192.168.69.67, host: pr-hdds-1868-wx8dl-4219780377, networkLocation: /default-rack, certSerialId: null} reports an CLOSED replica.
2019-10-18 07:10:25,976 [EventQueue-ContainerReportForContainerReportHandler] WARN  container.ContainerReportHandler (AbstractContainerReportHandler.java:updateContainerState(145)) - Container #1 is in OPEN state, but the datanode 0e41e4d3-9bdd-41a7-a6da-f6547615f156{ip: 192.168.69.67, host: pr-hdds-1868-wx8dl-4219780377, networkLocation: /default-rack, certSerialId: null} reports an CLOSED replica.
2019-10-18 07:10:26,060 [BlockDeletingService#2] WARN  background.BlockDeletingService (BlockDeletingService.java:isDeletionAllowed(187)) - Close Container log Index 6 is not replicated across allthe servers in the pipeline 5b98df48-0bd5-4e4e-b730-4d56d0ff4dd9 as the min replicated index is 4. Deletion is not allowed in this container yet.
2019-10-18 07:10:26,060 [BlockDeletingService#2] WARN  background.BlockDeletingService (BlockDeletingService.java:isDeletionAllowed(187)) - Close Container log Index 6 is not replicated across allthe servers in the pipeline 5b98df48-0bd5-4e4e-b730-4d56d0ff4dd9 as the min replicated index is 4. Deletion is not allowed in this container yet.
2019-10-18 07:10:26,174 [EventQueue-ContainerReportForContainerReportHandler] WARN  container.ContainerReportHandler (AbstractContainerReportHandler.java:updateContainerState(145)) - Container #1 is in OPEN state, but the datanode 365c74cf-9edf-4118-8168-00280e7ea799{ip: 192.168.69.67, host: pr-hdds-1868-wx8dl-4219780377, networkLocation: /default-rack, certSerialId: null} reports an CLOSED replica.
2019-10-18 07:10:26,376 [EventQueue-ContainerReportForContainerReportHandler] WARN  container.ContainerReportHandler (AbstractContainerReportHandler.java:updateContainerState(145)) - Container #1 is in OPEN state, but the datanode 0e41e4d3-9bdd-41a7-a6da-f6547615f156{ip: 192.168.69.67, host: pr-hdds-1868-wx8dl-4219780377, networkLocation: /default-rack, certSerialId: null} reports an CLOSED replica.
2019-10-18 07:10:26,474 [EventQueue-ContainerReportForContainerReportHandler] WARN  container.ContainerReportHandler (AbstractContainerReportHandler.java:updateContainerState(145)) - Container #1 is in OPEN state, but the datanode 365c74cf-9edf-4118-8168-00280e7ea799{ip: 192.168.69.67, host: pr-hdds-1868-wx8dl-4219780377, networkLocation: /default-rack, certSerialId: null} reports an CLOSED replica.
2019-10-18 07:10:26,620 [java.util.concurrent.ThreadPoolExecutor$Worker@4d9c7f31[State = -1, empty queue]] WARN  server.GrpcLogAppender (GrpcLogAppender.java:timeoutAppendRequest(209)) - 0e41e4d3-9bdd-41a7-a6da-f6547615f156@group-4D56D0FF4DD9->a7c18b56-7bd4-4e97-bac5-a7861ed2f887-GrpcLogAppender: appendEntries Timeout, request=0e41e4d3-9bdd-41a7-a6da-f6547615f156->a7c18b56-7bd4-4e97-bac5-a7861ed2f887#37-t2, previous=(t:2, i:10), leaderCommit=10, initializing? false, entries: <empty>
2019-10-18 07:10:26,676 [EventQueue-ContainerReportForContainerReportHandler] WARN  container.ContainerReportHandler (AbstractContainerReportHandler.java:updateContainerState(145)) - Container #1 is in OPEN state, but the datanode 0e41e4d3-9bdd-41a7-a6da-f6547615f156{ip: 192.168.69.67, host: pr-hdds-1868-wx8dl-4219780377, networkLocation: /default-rack, certSerialId: null} reports an CLOSED replica.
2019-10-18 07:10:26,874 [EventQueue-ContainerReportForContainerReportHandler] WARN  container.ContainerReportHandler (AbstractContainerReportHandler.java:updateContainerState(145)) - Container #1 is in OPEN state, but the datanode 365c74cf-9edf-4118-8168-00280e7ea799{ip: 192.168.69.67, host: pr-hdds-1868-wx8dl-4219780377, networkLocation: /default-rack, certSerialId: null} reports an CLOSED replica.
2019-10-18 07:10:26,976 [EventQueue-ContainerReportForContainerReportHandler] WARN  container.ContainerReportHandler (AbstractContainerReportHandler.java:updateContainerState(145)) - Container #1 is in OPEN state, but the datanode 0e41e4d3-9bdd-41a7-a6da-f6547615f156{ip: 192.168.69.67, host: pr-hdds-1868-wx8dl-4219780377, networkLocation: /default-rack, certSerialId: null} reports an CLOSED replica.
2019-10-18 07:10:27,062 [BlockDeletingService#2] WARN  background.BlockDeletingService (BlockDeletingService.java:isDeletionAllowed(187)) - Close Container log Index 6 is not replicated across allthe servers in the pipeline 5b98df48-0bd5-4e4e-b730-4d56d0ff4dd9 as the min replicated index is 4. Deletion is not allowed in this container yet.
2019-10-18 07:10:27,062 [BlockDeletingService#2] WARN  background.BlockDeletingService (BlockDeletingService.java:isDeletionAllowed(187)) - Close Container log Index 6 is not replicated across allthe servers in the pipeline 5b98df48-0bd5-4e4e-b730-4d56d0ff4dd9 as the min replicated index is 4. Deletion is not allowed in this container yet.
2019-10-18 07:10:27,074 [EventQueue-ContainerReportForContainerReportHandler] WARN  container.ContainerReportHandler (AbstractContainerReportHandler.java:updateContainerState(145)) - Container #1 is in OPEN state, but the datanode 365c74cf-9edf-4118-8168-00280e7ea799{ip: 192.168.69.67, host: pr-hdds-1868-wx8dl-4219780377, networkLocation: /default-rack, certSerialId: null} reports an CLOSED replica.
2019-10-18 07:10:27,276 [EventQueue-ContainerReportForContainerReportHandler] WARN  container.ContainerReportHandler (AbstractContainerReportHandler.java:updateContainerState(145)) - Container #1 is in OPEN state, but the datanode 0e41e4d3-9bdd-41a7-a6da-f6547615f156{ip: 192.168.69.67, host: pr-hdds-1868-wx8dl-4219780377, networkLocation: /default-rack, certSerialId: null} reports an CLOSED replica.
2019-10-18 07:10:27,475 [EventQueue-ContainerReportForContainerReportHandler] WARN  container.ContainerReportHandler (AbstractContainerReportHandler.java:updateContainerState(145)) - Container #1 is in OPEN state, but the datanode 365c74cf-9edf-4118-8168-00280e7ea799{ip: 192.168.69.67, host: pr-hdds-1868-wx8dl-4219780377, networkLocation: /default-rack, certSerialId: null} reports an CLOSED replica.
2019-10-18 07:10:27,676 [EventQueue-ContainerReportForContainerReportHandler] WARN  container.ContainerReportHandler (AbstractContainerReportHandler.java:updateContainerState(145)) - Container #1 is in OPEN state, but the datanode 0e41e4d3-9bdd-41a7-a6da-f6547615f156{ip: 192.168.69.67, host: pr-hdds-1868-wx8dl-4219780377, networkLocation: /default-rack, certSerialId: null} reports an CLOSED replica.
2019-10-18 07:10:27,776 [EventQueue-ContainerReportForContainerReportHandler] WARN  container.ContainerReportHandler (AbstractContainerReportHandler.java:updateContainerState(145)) - Container #1 is in OPEN state, but the datanode 365c74cf-9edf-4118-8168-00280e7ea799{ip: 192.168.69.67, host: pr-hdds-1868-wx8dl-4219780377, networkLocation: /default-rack, certSerialId: null} reports an CLOSED replica.
2019-10-18 07:10:27,976 [EventQueue-ContainerReportForContainerReportHandler] WARN  container.ContainerReportHandler (AbstractContainerReportHandler.java:updateContainerState(145)) - Container #1 is in OPEN state, but the datanode 0e41e4d3-9bdd-41a7-a6da-f6547615f156{ip: 192.168.69.67, host: pr-hdds-1868-wx8dl-4219780377, networkLocation: /default-rack, certSerialId: null} reports an CLOSED replica.
2019-10-18 07:10:28,063 [BlockDeletingService#2] WARN  background.BlockDeletingService (BlockDeletingService.java:isDeletionAllowed(187)) - Close Container log Index 6 is not replicated across allthe servers in the pipeline 5b98df48-0bd5-4e4e-b730-4d56d0ff4dd9 as the min replicated index is 4. Deletion is not allowed in this container yet.
2019-10-18 07:10:28,063 [BlockDeletingService#2] WARN  background.BlockDeletingService (BlockDeletingService.java:isDeletionAllowed(187)) - Close Container log Index 6 is not replicated across allthe servers in the pipeline 5b98df48-0bd5-4e4e-b730-4d56d0ff4dd9 as the min replicated index is 4. Deletion is not allowed in this container yet.
2019-10-18 07:10:28,075 [EventQueue-ContainerReportForContainerReportHandler] WARN  container.ContainerReportHandler (AbstractContainerReportHandler.java:updateContainerState(145)) - Container #1 is in OPEN state, but the datanode 365c74cf-9edf-4118-8168-00280e7ea799{ip: 192.168.69.67, host: pr-hdds-1868-wx8dl-4219780377, networkLocation: /default-rack, certSerialId: null} reports an CLOSED replica.
2019-10-18 07:10:28,276 [EventQueue-ContainerReportForContainerReportHandler] WARN  container.ContainerReportHandler (AbstractContainerReportHandler.java:updateContainerState(145)) - Container #1 is in OPEN state, but the datanode 0e41e4d3-9bdd-41a7-a6da-f6547615f156{ip: 192.168.69.67, host: pr-hdds-1868-wx8dl-4219780377, networkLocation: /default-rack, certSerialId: null} reports an CLOSED replica.
2019-10-18 07:10:28,475 [EventQueue-ContainerReportForContainerReportHandler] WARN  container.ContainerReportHandler (AbstractContainerReportHandler.java:updateContainerState(145)) - Container #1 is in OPEN state, but the datanode 365c74cf-9edf-4118-8168-00280e7ea799{ip: 192.168.69.67, host: pr-hdds-1868-wx8dl-4219780377, networkLocation: /default-rack, certSerialId: null} reports an CLOSED replica.
2019-10-18 07:10:28,576 [EventQueue-ContainerReportForContainerReportHandler] WARN  container.ContainerReportHandler (AbstractContainerReportHandler.java:updateContainerState(145)) - Container #1 is in OPEN state, but the datanode 0e41e4d3-9bdd-41a7-a6da-f6547615f156{ip: 192.168.69.67, host: pr-hdds-1868-wx8dl-4219780377, networkLocation: /default-rack, certSerialId: null} reports an CLOSED replica.
2019-10-18 07:10:28,675 [EventQueue-ContainerReportForContainerReportHandler] WARN  container.ContainerReportHandler (AbstractContainerReportHandler.java:updateContainerState(145)) - Container #1 is in OPEN state, but the datanode 365c74cf-9edf-4118-8168-00280e7ea799{ip: 192.168.69.67, host: pr-hdds-1868-wx8dl-4219780377, networkLocation: /default-rack, certSerialId: null} reports an CLOSED replica.
2019-10-18 07:10:28,876 [EventQueue-ContainerReportForContainerReportHandler] WARN  container.ContainerReportHandler (AbstractContainerReportHandler.java:updateContainerState(145)) - Container #1 is in OPEN state, but the datanode 0e41e4d3-9bdd-41a7-a6da-f6547615f156{ip: 192.168.69.67, host: pr-hdds-1868-wx8dl-4219780377, networkLocation: /default-rack, certSerialId: null} reports an CLOSED replica.
2019-10-18 07:10:28,884 [Thread-438] INFO  client.GrpcClientProtocolService (GrpcClientProtocolService.java:lambda$processClientRequest$0(278)) - Failed RaftClientRequest:client-23AD7B0CD45D->0e41e4d3-9bdd-41a7-a6da-f6547615f156@group-4D56D0FF4DD9, cid=10, seq=0, Watch-ALL_COMMITTED(6), Message:<EMPTY>, reply=RaftClientReply:client-23AD7B0CD45D->0e41e4d3-9bdd-41a7-a6da-f6547615f156@group-4D56D0FF4DD9, cid=10, FAILED org.apache.ratis.protocol.NotReplicatedException: Request with call Id 10 and log index 6 is not yet replicated to ALL_COMMITTED, logIndex=6, commits[0e41e4d3-9bdd-41a7-a6da-f6547615f156:c10, a7c18b56-7bd4-4e97-bac5-a7861ed2f887:c4, 365c74cf-9edf-4118-8168-00280e7ea799:c10]
2019-10-18 07:10:28,975 [EventQueue-ContainerReportForContainerReportHandler] WARN  container.ContainerReportHandler (AbstractContainerReportHandler.java:updateContainerState(145)) - Container #1 is in OPEN state, but the datanode 365c74cf-9edf-4118-8168-00280e7ea799{ip: 192.168.69.67, host: pr-hdds-1868-wx8dl-4219780377, networkLocation: /default-rack, certSerialId: null} reports an CLOSED replica.
2019-10-18 07:10:29,065 [BlockDeletingService#2] WARN  background.BlockDeletingService (BlockDeletingService.java:isDeletionAllowed(187)) - Close Container log Index 6 is not replicated across allthe servers in the pipeline 5b98df48-0bd5-4e4e-b730-4d56d0ff4dd9 as the min replicated index is 4. Deletion is not allowed in this container yet.
2019-10-18 07:10:29,066 [BlockDeletingService#2] WARN  background.BlockDeletingService (BlockDeletingService.java:isDeletionAllowed(187)) - Close Container log Index 6 is not replicated across allthe servers in the pipeline 5b98df48-0bd5-4e4e-b730-4d56d0ff4dd9 as the min replicated index is 4. Deletion is not allowed in this container yet.
2019-10-18 07:10:29,120 [java.util.concurrent.ThreadPoolExecutor$Worker@4d9c7f31[State = -1, empty queue]] WARN  server.GrpcLogAppender (GrpcLogAppender.java:timeoutAppendRequest(209)) - 0e41e4d3-9bdd-41a7-a6da-f6547615f156@group-4D56D0FF4DD9->a7c18b56-7bd4-4e97-bac5-a7861ed2f887-GrpcLogAppender: appendEntries Timeout, request=0e41e4d3-9bdd-41a7-a6da-f6547615f156->a7c18b56-7bd4-4e97-bac5-a7861ed2f887#38-t2, previous=(t:2, i:10), leaderCommit=10, initializing? false, entries: <empty>
2019-10-18 07:10:29,176 [EventQueue-ContainerReportForContainerReportHandler] WARN  container.ContainerReportHandler (AbstractContainerReportHandler.java:updateContainerState(145)) - Container #1 is in OPEN state, but the datanode 0e41e4d3-9bdd-41a7-a6da-f6547615f156{ip: 192.168.69.67, host: pr-hdds-1868-wx8dl-4219780377, networkLocation: /default-rack, certSerialId: null} reports an CLOSED replica.
2019-10-18 07:10:29,376 [EventQueue-ContainerReportForContainerReportHandler] WARN  container.ContainerReportHandler (AbstractContainerReportHandler.java:updateContainerState(145)) - Container #1 is in OPEN state, but the datanode 365c74cf-9edf-4118-8168-00280e7ea799{ip: 192.168.69.67, host: pr-hdds-1868-wx8dl-4219780377, networkLocation: /default-rack, certSerialId: null} reports an CLOSED replica.
2019-10-18 07:10:29,477 [EventQueue-ContainerReportForContainerReportHandler] WARN  container.ContainerReportHandler (AbstractContainerReportHandler.java:updateContainerState(145)) - Container #1 is in OPEN state, but the datanode 0e41e4d3-9bdd-41a7-a6da-f6547615f156{ip: 192.168.69.67, host: pr-hdds-1868-wx8dl-4219780377, networkLocation: /default-rack, certSerialId: null} reports an CLOSED replica.
2019-10-18 07:10:29,676 [EventQueue-ContainerReportForContainerReportHandler] WARN  container.ContainerReportHandler (AbstractContainerReportHandler.java:updateContainerState(145)) - Container #1 is in OPEN state, but the datanode 365c74cf-9edf-4118-8168-00280e7ea799{ip: 192.168.69.67, host: pr-hdds-1868-wx8dl-4219780377, networkLocation: /default-rack, certSerialId: null} reports an CLOSED replica.
2019-10-18 07:10:29,776 [EventQueue-ContainerReportForContainerReportHandler] WARN  container.ContainerReportHandler (AbstractContainerReportHandler.java:updateContainerState(145)) - Container #1 is in OPEN state, but the datanode 0e41e4d3-9bdd-41a7-a6da-f6547615f156{ip: 192.168.69.67, host: pr-hdds-1868-wx8dl-4219780377, networkLocation: /default-rack, certSerialId: null} reports an CLOSED replica.
2019-10-18 07:10:29,976 [EventQueue-ContainerReportForContainerReportHandler] WARN  container.ContainerReportHandler (AbstractContainerReportHandler.java:updateContainerState(145)) - Container #1 is in OPEN state, but the datanode 365c74cf-9edf-4118-8168-00280e7ea799{ip: 192.168.69.67, host: pr-hdds-1868-wx8dl-4219780377, networkLocation: /default-rack, certSerialId: null} reports an CLOSED replica.
2019-10-18 07:10:30,069 [BlockDeletingService#2] WARN  background.BlockDeletingService (BlockDeletingService.java:isDeletionAllowed(187)) - Close Container log Index 6 is not replicated across allthe servers in the pipeline 5b98df48-0bd5-4e4e-b730-4d56d0ff4dd9 as the min replicated index is 4. Deletion is not allowed in this container yet.
2019-10-18 07:10:30,069 [BlockDeletingService#2] WARN  background.BlockDeletingService (BlockDeletingService.java:isDeletionAllowed(187)) - Close Container log Index 6 is not replicated across allthe servers in the pipeline 5b98df48-0bd5-4e4e-b730-4d56d0ff4dd9 as the min replicated index is 4. Deletion is not allowed in this container yet.
2019-10-18 07:10:30,076 [EventQueue-ContainerReportForContainerReportHandler] WARN  container.ContainerReportHandler (AbstractContainerReportHandler.java:updateContainerState(145)) - Container #1 is in OPEN state, but the datanode 0e41e4d3-9bdd-41a7-a6da-f6547615f156{ip: 192.168.69.67, host: pr-hdds-1868-wx8dl-4219780377, networkLocation: /default-rack, certSerialId: null} reports an CLOSED replica.
2019-10-18 07:10:30,276 [EventQueue-ContainerReportForContainerReportHandler] WARN  container.ContainerReportHandler (AbstractContainerReportHandler.java:updateContainerState(145)) - Container #1 is in OPEN state, but the datanode 365c74cf-9edf-4118-8168-00280e7ea799{ip: 192.168.69.67, host: pr-hdds-1868-wx8dl-4219780377, networkLocation: /default-rack, certSerialId: null} reports an CLOSED replica.
2019-10-18 07:10:30,376 [EventQueue-ContainerReportForContainerReportHandler] WARN  container.ContainerReportHandler (AbstractContainerReportHandler.java:updateContainerState(145)) - Container #1 is in OPEN state, but the datanode 0e41e4d3-9bdd-41a7-a6da-f6547615f156{ip: 192.168.69.67, host: pr-hdds-1868-wx8dl-4219780377, networkLocation: /default-rack, certSerialId: null} reports an CLOSED replica.
2019-10-18 07:10:30,576 [EventQueue-ContainerReportForContainerReportHandler] WARN  container.ContainerReportHandler (AbstractContainerReportHandler.java:updateContainerState(145)) - Container #1 is in OPEN state, but the datanode 365c74cf-9edf-4118-8168-00280e7ea799{ip: 192.168.69.67, host: pr-hdds-1868-wx8dl-4219780377, networkLocation: /default-rack, certSerialId: null} reports an CLOSED replica.
2019-10-18 07:10:30,676 [EventQueue-ContainerReportForContainerReportHandler] WARN  container.ContainerReportHandler (AbstractContainerReportHandler.java:updateContainerState(145)) - Container #1 is in OPEN state, but the datanode 0e41e4d3-9bdd-41a7-a6da-f6547615f156{ip: 192.168.69.67, host: pr-hdds-1868-wx8dl-4219780377, networkLocation: /default-rack, certSerialId: null} reports an CLOSED replica.
2019-10-18 07:10:30,876 [EventQueue-ContainerReportForContainerReportHandler] WARN  container.ContainerReportHandler (AbstractContainerReportHandler.java:updateContainerState(145)) - Container #1 is in OPEN state, but the datanode 365c74cf-9edf-4118-8168-00280e7ea799{ip: 192.168.69.67, host: pr-hdds-1868-wx8dl-4219780377, networkLocation: /default-rack, certSerialId: null} reports an CLOSED replica.
2019-10-18 07:10:31,072 [BlockDeletingService#2] WARN  background.BlockDeletingService (BlockDeletingService.java:isDeletionAllowed(187)) - Close Container log Index 6 is not replicated across allthe servers in the pipeline 5b98df48-0bd5-4e4e-b730-4d56d0ff4dd9 as the min replicated index is 4. Deletion is not allowed in this container yet.
2019-10-18 07:10:31,072 [BlockDeletingService#2] WARN  background.BlockDeletingService (BlockDeletingService.java:isDeletionAllowed(187)) - Close Container log Index 6 is not replicated across allthe servers in the pipeline 5b98df48-0bd5-4e4e-b730-4d56d0ff4dd9 as the min replicated index is 4. Deletion is not allowed in this container yet.
2019-10-18 07:10:31,077 [EventQueue-ContainerReportForContainerReportHandler] WARN  container.ContainerReportHandler (AbstractContainerReportHandler.java:updateContainerState(145)) - Container #1 is in OPEN state, but the datanode 0e41e4d3-9bdd-41a7-a6da-f6547615f156{ip: 192.168.69.67, host: pr-hdds-1868-wx8dl-4219780377, networkLocation: /default-rack, certSerialId: null} reports an CLOSED replica.
2019-10-18 07:10:31,077 [EventQueue-ContainerReportForContainerReportHandler] WARN  container.ContainerReportHandler (AbstractContainerReportHandler.java:updateContainerState(145)) - Container #1 is in OPEN state, but the datanode 365c74cf-9edf-4118-8168-00280e7ea799{ip: 192.168.69.67, host: pr-hdds-1868-wx8dl-4219780377, networkLocation: /default-rack, certSerialId: null} reports an CLOSED replica.
2019-10-18 07:10:31,376 [EventQueue-ContainerReportForContainerReportHandler] WARN  container.ContainerReportHandler (AbstractContainerReportHandler.java:updateContainerState(145)) - Container #1 is in OPEN state, but the datanode 0e41e4d3-9bdd-41a7-a6da-f6547615f156{ip: 192.168.69.67, host: pr-hdds-1868-wx8dl-4219780377, networkLocation: /default-rack, certSerialId: null} reports an CLOSED replica.
2019-10-18 07:10:31,476 [EventQueue-ContainerReportForContainerReportHandler] WARN  container.ContainerReportHandler (AbstractContainerReportHandler.java:updateContainerState(145)) - Container #1 is in OPEN state, but the datanode 365c74cf-9edf-4118-8168-00280e7ea799{ip: 192.168.69.67, host: pr-hdds-1868-wx8dl-4219780377, networkLocation: /default-rack, certSerialId: null} reports an CLOSED replica.
2019-10-18 07:10:31,576 [EventQueue-ContainerReportForContainerReportHandler] WARN  container.ContainerReportHandler (AbstractContainerReportHandler.java:updateContainerState(145)) - Container #1 is in OPEN state, but the datanode 0e41e4d3-9bdd-41a7-a6da-f6547615f156{ip: 192.168.69.67, host: pr-hdds-1868-wx8dl-4219780377, networkLocation: /default-rack, certSerialId: null} reports an CLOSED replica.
2019-10-18 07:10:31,621 [java.util.concurrent.ThreadPoolExecutor$Worker@4d9c7f31[State = -1, empty queue]] WARN  server.GrpcLogAppender (GrpcLogAppender.java:timeoutAppendRequest(209)) - 0e41e4d3-9bdd-41a7-a6da-f6547615f156@group-4D56D0FF4DD9->a7c18b56-7bd4-4e97-bac5-a7861ed2f887-GrpcLogAppender: appendEntries Timeout, request=0e41e4d3-9bdd-41a7-a6da-f6547615f156->a7c18b56-7bd4-4e97-bac5-a7861ed2f887#39-t2, previous=(t:2, i:10), leaderCommit=10, initializing? false, entries: <empty>
2019-10-18 07:10:31,776 [EventQueue-ContainerReportForContainerReportHandler] WARN  container.ContainerReportHandler (AbstractContainerReportHandler.java:updateContainerState(145)) - Container #1 is in OPEN state, but the datanode 365c74cf-9edf-4118-8168-00280e7ea799{ip: 192.168.69.67, host: pr-hdds-1868-wx8dl-4219780377, networkLocation: /default-rack, certSerialId: null} reports an CLOSED replica.
2019-10-18 07:10:31,876 [EventQueue-ContainerReportForContainerReportHandler] WARN  container.ContainerReportHandler (AbstractContainerReportHandler.java:updateContainerState(145)) - Container #1 is in OPEN state, but the datanode 0e41e4d3-9bdd-41a7-a6da-f6547615f156{ip: 192.168.69.67, host: pr-hdds-1868-wx8dl-4219780377, networkLocation: /default-rack, certSerialId: null} reports an CLOSED replica.
2019-10-18 07:10:32,075 [BlockDeletingService#2] WARN  background.BlockDeletingService (BlockDeletingService.java:isDeletionAllowed(187)) - Close Container log Index 6 is not replicated across allthe servers in the pipeline 5b98df48-0bd5-4e4e-b730-4d56d0ff4dd9 as the min replicated index is 4. Deletion is not allowed in this container yet.
2019-10-18 07:10:32,075 [BlockDeletingService#2] WARN  background.BlockDeletingService (BlockDeletingService.java:isDeletionAllowed(187)) - Close Container log Index 6 is not replicated across allthe servers in the pipeline 5b98df48-0bd5-4e4e-b730-4d56d0ff4dd9 as the min replicated index is 4. Deletion is not allowed in this container yet.
2019-10-18 07:10:32,076 [EventQueue-ContainerReportForContainerReportHandler] WARN  container.ContainerReportHandler (AbstractContainerReportHandler.java:updateContainerState(145)) - Container #1 is in OPEN state, but the datanode 365c74cf-9edf-4118-8168-00280e7ea799{ip: 192.168.69.67, host: pr-hdds-1868-wx8dl-4219780377, networkLocation: /default-rack, certSerialId: null} reports an CLOSED replica.
2019-10-18 07:10:32,277 [EventQueue-ContainerReportForContainerReportHandler] WARN  container.ContainerReportHandler (AbstractContainerReportHandler.java:updateContainerState(145)) - Container #1 is in OPEN state, but the datanode 0e41e4d3-9bdd-41a7-a6da-f6547615f156{ip: 192.168.69.67, host: pr-hdds-1868-wx8dl-4219780377, networkLocation: /default-rack, certSerialId: null} reports an CLOSED replica.
2019-10-18 07:10:32,476 [EventQueue-ContainerReportForContainerReportHandler] WARN  container.ContainerReportHandler (AbstractContainerReportHandler.java:updateContainerState(145)) - Container #1 is in OPEN state, but the datanode 0e41e4d3-9bdd-41a7-a6da-f6547615f156{ip: 192.168.69.67, host: pr-hdds-1868-wx8dl-4219780377, networkLocation: /default-rack, certSerialId: null} reports an CLOSED replica.
2019-10-18 07:10:32,477 [EventQueue-ContainerReportForContainerReportHandler] WARN  container.ContainerReportHandler (AbstractContainerReportHandler.java:updateContainerState(145)) - Container #1 is in OPEN state, but the datanode 365c74cf-9edf-4118-8168-00280e7ea799{ip: 192.168.69.67, host: pr-hdds-1868-wx8dl-4219780377, networkLocation: /default-rack, certSerialId: null} reports an CLOSED replica.
2019-10-18 07:10:32,776 [EventQueue-ContainerReportForContainerReportHandler] WARN  container.ContainerReportHandler (AbstractContainerReportHandler.java:updateContainerState(145)) - Container #1 is in OPEN state, but the datanode 0e41e4d3-9bdd-41a7-a6da-f6547615f156{ip: 192.168.69.67, host: pr-hdds-1868-wx8dl-4219780377, networkLocation: /default-rack, certSerialId: null} reports an CLOSED replica.
2019-10-18 07:10:32,877 [EventQueue-ContainerReportForContainerReportHandler] WARN  container.ContainerReportHandler (AbstractContainerReportHandler.java:updateContainerState(145)) - Container #1 is in OPEN state, but the datanode 365c74cf-9edf-4118-8168-00280e7ea799{ip: 192.168.69.67, host: pr-hdds-1868-wx8dl-4219780377, networkLocation: /default-rack, certSerialId: null} reports an CLOSED replica.
2019-10-18 07:10:33,078 [BlockDeletingService#2] WARN  background.BlockDeletingService (BlockDeletingService.java:isDeletionAllowed(187)) - Close Container log Index 6 is not replicated across allthe servers in the pipeline 5b98df48-0bd5-4e4e-b730-4d56d0ff4dd9 as the min replicated index is 4. Deletion is not allowed in this container yet.
2019-10-18 07:10:33,078 [BlockDeletingService#2] WARN  background.BlockDeletingService (BlockDeletingService.java:isDeletionAllowed(187)) - Close Container log Index 6 is not replicated across allthe servers in the pipeline 5b98df48-0bd5-4e4e-b730-4d56d0ff4dd9 as the min replicated index is 4. Deletion is not allowed in this container yet.
2019-10-18 07:10:33,177 [EventQueue-ContainerReportForContainerReportHandler] WARN  container.ContainerReportHandler (AbstractContainerReportHandler.java:updateContainerState(145)) - Container #1 is in OPEN state, but the datanode 0e41e4d3-9bdd-41a7-a6da-f6547615f156{ip: 192.168.69.67, host: pr-hdds-1868-wx8dl-4219780377, networkLocation: /default-rack, certSerialId: null} reports an CLOSED replica.
2019-10-18 07:10:33,179 [EventQueue-ContainerReportForContainerReportHandler] WARN  container.ContainerReportHandler (AbstractContainerReportHandler.java:updateContainerState(145)) - Container #1 is in OPEN state, but the datanode 365c74cf-9edf-4118-8168-00280e7ea799{ip: 192.168.69.67, host: pr-hdds-1868-wx8dl-4219780377, networkLocation: /default-rack, certSerialId: null} reports an CLOSED replica.
2019-10-18 07:10:33,378 [EventQueue-ContainerReportForContainerReportHandler] WARN  container.ContainerReportHandler (AbstractContainerReportHandler.java:updateContainerState(145)) - Container #1 is in OPEN state, but the datanode 0e41e4d3-9bdd-41a7-a6da-f6547615f156{ip: 192.168.69.67, host: pr-hdds-1868-wx8dl-4219780377, networkLocation: /default-rack, certSerialId: null} reports an CLOSED replica.
2019-10-18 07:10:33,479 [EventQueue-ContainerReportForContainerReportHandler] WARN  container.ContainerReportHandler (AbstractContainerReportHandler.java:updateContainerState(145)) - Container #1 is in OPEN state, but the datanode 365c74cf-9edf-4118-8168-00280e7ea799{ip: 192.168.69.67, host: pr-hdds-1868-wx8dl-4219780377, networkLocation: /default-rack, certSerialId: null} reports an CLOSED replica.
2019-10-18 07:10:33,777 [EventQueue-ContainerReportForContainerReportHandler] WARN  container.ContainerReportHandler (AbstractContainerReportHandler.java:updateContainerState(145)) - Container #1 is in OPEN state, but the datanode 0e41e4d3-9bdd-41a7-a6da-f6547615f156{ip: 192.168.69.67, host: pr-hdds-1868-wx8dl-4219780377, networkLocation: /default-rack, certSerialId: null} reports an CLOSED replica.
2019-10-18 07:10:33,779 [EventQueue-ContainerReportForContainerReportHandler] WARN  container.ContainerReportHandler (AbstractContainerReportHandler.java:updateContainerState(145)) - Container #1 is in OPEN state, but the datanode 365c74cf-9edf-4118-8168-00280e7ea799{ip: 192.168.69.67, host: pr-hdds-1868-wx8dl-4219780377, networkLocation: /default-rack, certSerialId: null} reports an CLOSED replica.
2019-10-18 07:10:34,077 [EventQueue-ContainerReportForContainerReportHandler] WARN  container.ContainerReportHandler (AbstractContainerReportHandler.java:updateContainerState(145)) - Container #1 is in OPEN state, but the datanode 0e41e4d3-9bdd-41a7-a6da-f6547615f156{ip: 192.168.69.67, host: pr-hdds-1868-wx8dl-4219780377, networkLocation: /default-rack, certSerialId: null} reports an CLOSED replica.
2019-10-18 07:10:34,079 [EventQueue-ContainerReportForContainerReportHandler] WARN  container.ContainerReportHandler (AbstractContainerReportHandler.java:updateContainerState(145)) - Container #1 is in OPEN state, but the datanode 365c74cf-9edf-4118-8168-00280e7ea799{ip: 192.168.69.67, host: pr-hdds-1868-wx8dl-4219780377, networkLocation: /default-rack, certSerialId: null} reports an CLOSED replica.
2019-10-18 07:10:34,080 [BlockDeletingService#2] WARN  background.BlockDeletingService (BlockDeletingService.java:isDeletionAllowed(187)) - Close Container log Index 6 is not replicated across allthe servers in the pipeline 5b98df48-0bd5-4e4e-b730-4d56d0ff4dd9 as the min replicated index is 4. Deletion is not allowed in this container yet.
2019-10-18 07:10:34,080 [BlockDeletingService#2] WARN  background.BlockDeletingService (BlockDeletingService.java:isDeletionAllowed(187)) - Close Container log Index 6 is not replicated across allthe servers in the pipeline 5b98df48-0bd5-4e4e-b730-4d56d0ff4dd9 as the min replicated index is 4. Deletion is not allowed in this container yet.
2019-10-18 07:10:34,123 [java.util.concurrent.ThreadPoolExecutor$Worker@4d9c7f31[State = -1, empty queue]] WARN  server.GrpcLogAppender (GrpcLogAppender.java:timeoutAppendRequest(209)) - 0e41e4d3-9bdd-41a7-a6da-f6547615f156@group-4D56D0FF4DD9->a7c18b56-7bd4-4e97-bac5-a7861ed2f887-GrpcLogAppender: appendEntries Timeout, request=0e41e4d3-9bdd-41a7-a6da-f6547615f156->a7c18b56-7bd4-4e97-bac5-a7861ed2f887#40-t2, previous=(t:2, i:10), leaderCommit=10, initializing? false, entries: <empty>
2019-10-18 07:10:34,277 [EventQueue-ContainerReportForContainerReportHandler] WARN  container.ContainerReportHandler (AbstractContainerReportHandler.java:updateContainerState(145)) - Container #1 is in OPEN state, but the datanode 0e41e4d3-9bdd-41a7-a6da-f6547615f156{ip: 192.168.69.67, host: pr-hdds-1868-wx8dl-4219780377, networkLocation: /default-rack, certSerialId: null} reports an CLOSED replica.
2019-10-18 07:10:34,479 [EventQueue-ContainerReportForContainerReportHandler] WARN  container.ContainerReportHandler (AbstractContainerReportHandler.java:updateContainerState(145)) - Container #1 is in OPEN state, but the datanode 365c74cf-9edf-4118-8168-00280e7ea799{ip: 192.168.69.67, host: pr-hdds-1868-wx8dl-4219780377, networkLocation: /default-rack, certSerialId: null} reports an CLOSED replica.
2019-10-18 07:10:34,578 [EventQueue-ContainerReportForContainerReportHandler] WARN  container.ContainerReportHandler (AbstractContainerReportHandler.java:updateContainerState(145)) - Container #1 is in OPEN state, but the datanode 0e41e4d3-9bdd-41a7-a6da-f6547615f156{ip: 192.168.69.67, host: pr-hdds-1868-wx8dl-4219780377, networkLocation: /default-rack, certSerialId: null} reports an CLOSED replica.
2019-10-18 07:10:34,780 [EventQueue-ContainerReportForContainerReportHandler] WARN  container.ContainerReportHandler (AbstractContainerReportHandler.java:updateContainerState(145)) - Container #1 is in OPEN state, but the datanode 365c74cf-9edf-4118-8168-00280e7ea799{ip: 192.168.69.67, host: pr-hdds-1868-wx8dl-4219780377, networkLocation: /default-rack, certSerialId: null} reports an CLOSED replica.
2019-10-18 07:10:34,877 [EventQueue-ContainerReportForContainerReportHandler] WARN  container.ContainerReportHandler (AbstractContainerReportHandler.java:updateContainerState(145)) - Container #1 is in OPEN state, but the datanode 0e41e4d3-9bdd-41a7-a6da-f6547615f156{ip: 192.168.69.67, host: pr-hdds-1868-wx8dl-4219780377, networkLocation: /default-rack, certSerialId: null} reports an CLOSED replica.
2019-10-18 07:10:35,081 [BlockDeletingService#2] WARN  background.BlockDeletingService (BlockDeletingService.java:isDeletionAllowed(187)) - Close Container log Index 6 is not replicated across allthe servers in the pipeline 5b98df48-0bd5-4e4e-b730-4d56d0ff4dd9 as the min replicated index is 4. Deletion is not allowed in this container yet.
2019-10-18 07:10:35,081 [BlockDeletingService#2] WARN  background.BlockDeletingService (BlockDeletingService.java:isDeletionAllowed(187)) - Close Container log Index 6 is not replicated across allthe servers in the pipeline 5b98df48-0bd5-4e4e-b730-4d56d0ff4dd9 as the min replicated index is 4. Deletion is not allowed in this container yet.
2019-10-18 07:10:35,180 [EventQueue-ContainerReportForContainerReportHandler] WARN  container.ContainerReportHandler (AbstractContainerReportHandler.java:updateContainerState(145)) - Container #1 is in OPEN state, but the datanode 365c74cf-9edf-4118-8168-00280e7ea799{ip: 192.168.69.67, host: pr-hdds-1868-wx8dl-4219780377, networkLocation: /default-rack, certSerialId: null} reports an CLOSED replica.
2019-10-18 07:10:35,277 [EventQueue-ContainerReportForContainerReportHandler] WARN  container.ContainerReportHandler (AbstractContainerReportHandler.java:updateContainerState(145)) - Container #1 is in OPEN state, but the datanode 0e41e4d3-9bdd-41a7-a6da-f6547615f156{ip: 192.168.69.67, host: pr-hdds-1868-wx8dl-4219780377, networkLocation: /default-rack, certSerialId: null} reports an CLOSED replica.
2019-10-18 07:10:35,480 [EventQueue-ContainerReportForContainerReportHandler] WARN  container.ContainerReportHandler (AbstractContainerReportHandler.java:updateContainerState(145)) - Container #1 is in OPEN state, but the datanode 365c74cf-9edf-4118-8168-00280e7ea799{ip: 192.168.69.67, host: pr-hdds-1868-wx8dl-4219780377, networkLocation: /default-rack, certSerialId: null} reports an CLOSED replica.
2019-10-18 07:10:35,577 [EventQueue-ContainerReportForContainerReportHandler] WARN  container.ContainerReportHandler (AbstractContainerReportHandler.java:updateContainerState(145)) - Container #1 is in OPEN state, but the datanode 0e41e4d3-9bdd-41a7-a6da-f6547615f156{ip: 192.168.69.67, host: pr-hdds-1868-wx8dl-4219780377, networkLocation: /default-rack, certSerialId: null} reports an CLOSED replica.
2019-10-18 07:10:35,780 [EventQueue-ContainerReportForContainerReportHandler] WARN  container.ContainerReportHandler (AbstractContainerReportHandler.java:updateContainerState(145)) - Container #1 is in OPEN state, but the datanode 365c74cf-9edf-4118-8168-00280e7ea799{ip: 192.168.69.67, host: pr-hdds-1868-wx8dl-4219780377, networkLocation: /default-rack, certSerialId: null} reports an CLOSED replica.
2019-10-18 07:10:35,878 [EventQueue-ContainerReportForContainerReportHandler] WARN  container.ContainerReportHandler (AbstractContainerReportHandler.java:updateContainerState(145)) - Container #1 is in OPEN state, but the datanode 0e41e4d3-9bdd-41a7-a6da-f6547615f156{ip: 192.168.69.67, host: pr-hdds-1868-wx8dl-4219780377, networkLocation: /default-rack, certSerialId: null} reports an CLOSED replica.
2019-10-18 07:10:36,081 [EventQueue-ContainerReportForContainerReportHandler] WARN  container.ContainerReportHandler (AbstractContainerReportHandler.java:updateContainerState(145)) - Container #1 is in OPEN state, but the datanode 365c74cf-9edf-4118-8168-00280e7ea799{ip: 192.168.69.67, host: pr-hdds-1868-wx8dl-4219780377, networkLocation: /default-rack, certSerialId: null} reports an CLOSED replica.
2019-10-18 07:10:36,083 [BlockDeletingService#2] WARN  background.BlockDeletingService (BlockDeletingService.java:isDeletionAllowed(187)) - Close Container log Index 6 is not replicated across allthe servers in the pipeline 5b98df48-0bd5-4e4e-b730-4d56d0ff4dd9 as the min replicated index is 4. Deletion is not allowed in this container yet.
2019-10-18 07:10:36,084 [BlockDeletingService#2] WARN  background.BlockDeletingService (BlockDeletingService.java:isDeletionAllowed(187)) - Close Container log Index 6 is not replicated across allthe servers in the pipeline 5b98df48-0bd5-4e4e-b730-4d56d0ff4dd9 as the min replicated index is 4. Deletion is not allowed in this container yet.
2019-10-18 07:10:36,279 [EventQueue-ContainerReportForContainerReportHandler] WARN  container.ContainerReportHandler (AbstractContainerReportHandler.java:updateContainerState(145)) - Container #1 is in OPEN state, but the datanode 0e41e4d3-9bdd-41a7-a6da-f6547615f156{ip: 192.168.69.67, host: pr-hdds-1868-wx8dl-4219780377, networkLocation: /default-rack, certSerialId: null} reports an CLOSED replica.
2019-10-18 07:10:36,381 [EventQueue-ContainerReportForContainerReportHandler] WARN  container.ContainerReportHandler (AbstractContainerReportHandler.java:updateContainerState(145)) - Container #1 is in OPEN state, but the datanode 365c74cf-9edf-4118-8168-00280e7ea799{ip: 192.168.69.67, host: pr-hdds-1868-wx8dl-4219780377, networkLocation: /default-rack, certSerialId: null} reports an CLOSED replica.
2019-10-18 07:10:36,582 [EventQueue-ContainerReportForContainerReportHandler] WARN  container.ContainerReportHandler (AbstractContainerReportHandler.java:updateContainerState(145)) - Container #1 is in OPEN state, but the datanode 365c74cf-9edf-4118-8168-00280e7ea799{ip: 192.168.69.67, host: pr-hdds-1868-wx8dl-4219780377, networkLocation: /default-rack, certSerialId: null} reports an CLOSED replica.
2019-10-18 07:10:36,625 [java.util.concurrent.ThreadPoolExecutor$Worker@4d9c7f31[State = -1, empty queue]] WARN  server.GrpcLogAppender (GrpcLogAppender.java:timeoutAppendRequest(209)) - 0e41e4d3-9bdd-41a7-a6da-f6547615f156@group-4D56D0FF4DD9->a7c18b56-7bd4-4e97-bac5-a7861ed2f887-GrpcLogAppender: appendEntries Timeout, request=0e41e4d3-9bdd-41a7-a6da-f6547615f156->a7c18b56-7bd4-4e97-bac5-a7861ed2f887#41-t2, previous=(t:2, i:10), leaderCommit=10, initializing? false, entries: <empty>
2019-10-18 07:10:36,679 [EventQueue-ContainerReportForContainerReportHandler] WARN  container.ContainerReportHandler (AbstractContainerReportHandler.java:updateContainerState(145)) - Container #1 is in OPEN state, but the datanode 0e41e4d3-9bdd-41a7-a6da-f6547615f156{ip: 192.168.69.67, host: pr-hdds-1868-wx8dl-4219780377, networkLocation: /default-rack, certSerialId: null} reports an CLOSED replica.
2019-10-18 07:10:36,881 [EventQueue-ContainerReportForContainerReportHandler] WARN  container.ContainerReportHandler (AbstractContainerReportHandler.java:updateContainerState(145)) - Container #1 is in OPEN state, but the datanode 365c74cf-9edf-4118-8168-00280e7ea799{ip: 192.168.69.67, host: pr-hdds-1868-wx8dl-4219780377, networkLocation: /default-rack, certSerialId: null} reports an CLOSED replica.
2019-10-18 07:10:36,979 [EventQueue-ContainerReportForContainerReportHandler] WARN  container.ContainerReportHandler (AbstractContainerReportHandler.java:updateContainerState(145)) - Container #1 is in OPEN state, but the datanode 0e41e4d3-9bdd-41a7-a6da-f6547615f156{ip: 192.168.69.67, host: pr-hdds-1868-wx8dl-4219780377, networkLocation: /default-rack, certSerialId: null} reports an CLOSED replica.
2019-10-18 07:10:37,085 [BlockDeletingService#2] WARN  background.BlockDeletingService (BlockDeletingService.java:isDeletionAllowed(187)) - Close Container log Index 6 is not replicated across allthe servers in the pipeline 5b98df48-0bd5-4e4e-b730-4d56d0ff4dd9 as the min replicated index is 4. Deletion is not allowed in this container yet.
2019-10-18 07:10:37,085 [BlockDeletingService#2] WARN  background.BlockDeletingService (BlockDeletingService.java:isDeletionAllowed(187)) - Close Container log Index 6 is not replicated across allthe servers in the pipeline 5b98df48-0bd5-4e4e-b730-4d56d0ff4dd9 as the min replicated index is 4. Deletion is not allowed in this container yet.
2019-10-18 07:10:37,280 [EventQueue-ContainerReportForContainerReportHandler] WARN  container.ContainerReportHandler (AbstractContainerReportHandler.java:updateContainerState(145)) - Container #1 is in OPEN state, but the datanode 0e41e4d3-9bdd-41a7-a6da-f6547615f156{ip: 192.168.69.67, host: pr-hdds-1868-wx8dl-4219780377, networkLocation: /default-rack, certSerialId: null} reports an CLOSED replica.
2019-10-18 07:10:37,282 [EventQueue-ContainerReportForContainerReportHandler] WARN  container.ContainerReportHandler (AbstractContainerReportHandler.java:updateContainerState(145)) - Container #1 is in OPEN state, but the datanode 365c74cf-9edf-4118-8168-00280e7ea799{ip: 192.168.69.67, host: pr-hdds-1868-wx8dl-4219780377, networkLocation: /default-rack, certSerialId: null} reports an CLOSED replica.
2019-10-18 07:10:37,482 [EventQueue-ContainerReportForContainerReportHandler] WARN  container.ContainerReportHandler (AbstractContainerReportHandler.java:updateContainerState(145)) - Container #1 is in OPEN state, but the datanode 365c74cf-9edf-4118-8168-00280e7ea799{ip: 192.168.69.67, host: pr-hdds-1868-wx8dl-4219780377, networkLocation: /default-rack, certSerialId: null} reports an CLOSED replica.
2019-10-18 07:10:37,580 [EventQueue-ContainerReportForContainerReportHandler] WARN  container.ContainerReportHandler (AbstractContainerReportHandler.java:updateContainerState(145)) - Container #1 is in OPEN state, but the datanode 0e41e4d3-9bdd-41a7-a6da-f6547615f156{ip: 192.168.69.67, host: pr-hdds-1868-wx8dl-4219780377, networkLocation: /default-rack, certSerialId: null} reports an CLOSED replica.
2019-10-18 07:10:37,782 [EventQueue-ContainerReportForContainerReportHandler] WARN  container.ContainerReportHandler (AbstractContainerReportHandler.java:updateContainerState(145)) - Container #1 is in OPEN state, but the datanode 0e41e4d3-9bdd-41a7-a6da-f6547615f156{ip: 192.168.69.67, host: pr-hdds-1868-wx8dl-4219780377, networkLocation: /default-rack, certSerialId: null} reports an CLOSED replica.
2019-10-18 07:10:37,783 [EventQueue-ContainerReportForContainerReportHandler] WARN  container.ContainerReportHandler (AbstractContainerReportHandler.java:updateContainerState(145)) - Container #1 is in OPEN state, but the datanode 365c74cf-9edf-4118-8168-00280e7ea799{ip: 192.168.69.67, host: pr-hdds-1868-wx8dl-4219780377, networkLocation: /default-rack, certSerialId: null} reports an CLOSED replica.
2019-10-18 07:10:37,790 [Thread-462] INFO  client.GrpcClientProtocolService (GrpcClientProtocolService.java:lambda$processClientRequest$0(278)) - Failed RaftClientRequest:client-23AD7B0CD45D->365c74cf-9edf-4118-8168-00280e7ea799@group-4D56D0FF4DD9, cid=10, seq=0, Watch-ALL_COMMITTED(6), Message:<EMPTY>, reply=RaftClientReply:client-23AD7B0CD45D->365c74cf-9edf-4118-8168-00280e7ea799@group-4D56D0FF4DD9, cid=10, FAILED org.apache.ratis.protocol.NotLeaderException: Server 365c74cf-9edf-4118-8168-00280e7ea799@group-4D56D0FF4DD9 is not the leader 0e41e4d3-9bdd-41a7-a6da-f6547615f156:192.168.69.67:46622, logIndex=0, commits[365c74cf-9edf-4118-8168-00280e7ea799:c10, a7c18b56-7bd4-4e97-bac5-a7861ed2f887:c4, 0e41e4d3-9bdd-41a7-a6da-f6547615f156:c10]
2019-10-18 07:10:38,083 [EventQueue-ContainerReportForContainerReportHandler] WARN  container.ContainerReportHandler (AbstractContainerReportHandler.java:updateContainerState(145)) - Container #1 is in OPEN state, but the datanode 365c74cf-9edf-4118-8168-00280e7ea799{ip: 192.168.69.67, host: pr-hdds-1868-wx8dl-4219780377, networkLocation: /default-rack, certSerialId: null} reports an CLOSED replica.
2019-10-18 07:10:38,087 [BlockDeletingService#2] WARN  background.BlockDeletingService (BlockDeletingService.java:isDeletionAllowed(187)) - Close Container log Index 6 is not replicated across allthe servers in the pipeline 5b98df48-0bd5-4e4e-b730-4d56d0ff4dd9 as the min replicated index is 4. Deletion is not allowed in this container yet.
2019-10-18 07:10:38,087 [BlockDeletingService#2] WARN  background.BlockDeletingService (BlockDeletingService.java:isDeletionAllowed(187)) - Close Container log Index 6 is not replicated across allthe servers in the pipeline 5b98df48-0bd5-4e4e-b730-4d56d0ff4dd9 as the min replicated index is 4. Deletion is not allowed in this container yet.
2019-10-18 07:10:38,181 [EventQueue-ContainerReportForContainerReportHandler] WARN  container.ContainerReportHandler (AbstractContainerReportHandler.java:updateContainerState(145)) - Container #1 is in OPEN state, but the datanode 0e41e4d3-9bdd-41a7-a6da-f6547615f156{ip: 192.168.69.67, host: pr-hdds-1868-wx8dl-4219780377, networkLocation: /default-rack, certSerialId: null} reports an CLOSED replica.
2019-10-18 07:10:38,284 [EventQueue-ContainerReportForContainerReportHandler] WARN  container.ContainerReportHandler (AbstractContainerReportHandler.java:updateContainerState(145)) - Container #1 is in OPEN state, but the datanode 365c74cf-9edf-4118-8168-00280e7ea799{ip: 192.168.69.67, host: pr-hdds-1868-wx8dl-4219780377, networkLocation: /default-rack, certSerialId: null} reports an CLOSED replica.
2019-10-18 07:10:38,581 [EventQueue-ContainerReportForContainerReportHandler] WARN  container.ContainerReportHandler (AbstractContainerReportHandler.java:updateContainerState(145)) - Container #1 is in OPEN state, but the datanode 0e41e4d3-9bdd-41a7-a6da-f6547615f156{ip: 192.168.69.67, host: pr-hdds-1868-wx8dl-4219780377, networkLocation: /default-rack, certSerialId: null} reports an CLOSED replica.
2019-10-18 07:10:38,683 [EventQueue-ContainerReportForContainerReportHandler] WARN  container.ContainerReportHandler (AbstractContainerReportHandler.java:updateContainerState(145)) - Container #1 is in OPEN state, but the datanode 365c74cf-9edf-4118-8168-00280e7ea799{ip: 192.168.69.67, host: pr-hdds-1868-wx8dl-4219780377, networkLocation: /default-rack, certSerialId: null} reports an CLOSED replica.
2019-10-18 07:10:38,881 [EventQueue-ContainerReportForContainerReportHandler] WARN  container.ContainerReportHandler (AbstractContainerReportHandler.java:updateContainerState(145)) - Container #1 is in OPEN state, but the datanode 0e41e4d3-9bdd-41a7-a6da-f6547615f156{ip: 192.168.69.67, host: pr-hdds-1868-wx8dl-4219780377, networkLocation: /default-rack, certSerialId: null} reports an CLOSED replica.
2019-10-18 07:10:38,883 [EventQueue-ContainerReportForContainerReportHandler] WARN  container.ContainerReportHandler (AbstractContainerReportHandler.java:updateContainerState(145)) - Container #1 is in OPEN state, but the datanode 365c74cf-9edf-4118-8168-00280e7ea799{ip: 192.168.69.67, host: pr-hdds-1868-wx8dl-4219780377, networkLocation: /default-rack, certSerialId: null} reports an CLOSED replica.
2019-10-18 07:10:38,884 [Thread-468] INFO  client.GrpcClientProtocolService (GrpcClientProtocolService.java:lambda$processClientRequest$0(278)) - Failed RaftClientRequest:client-23AD7B0CD45D->0e41e4d3-9bdd-41a7-a6da-f6547615f156@group-4D56D0FF4DD9, cid=10, seq=0, Watch-ALL_COMMITTED(6), Message:<EMPTY>, reply=RaftClientReply:client-23AD7B0CD45D->0e41e4d3-9bdd-41a7-a6da-f6547615f156@group-4D56D0FF4DD9, cid=10, FAILED org.apache.ratis.protocol.NotReplicatedException: Request with call Id 10 and log index 6 is not yet replicated to ALL_COMMITTED, logIndex=6, commits[0e41e4d3-9bdd-41a7-a6da-f6547615f156:c10, a7c18b56-7bd4-4e97-bac5-a7861ed2f887:c4, 365c74cf-9edf-4118-8168-00280e7ea799:c10]
2019-10-18 07:10:39,091 [BlockDeletingService#2] WARN  background.BlockDeletingService (BlockDeletingService.java:isDeletionAllowed(187)) - Close Container log Index 6 is not replicated across allthe servers in the pipeline 5b98df48-0bd5-4e4e-b730-4d56d0ff4dd9 as the min replicated index is 4. Deletion is not allowed in this container yet.
2019-10-18 07:10:39,091 [BlockDeletingService#2] WARN  background.BlockDeletingService (BlockDeletingService.java:isDeletionAllowed(187)) - Close Container log Index 6 is not replicated across allthe servers in the pipeline 5b98df48-0bd5-4e4e-b730-4d56d0ff4dd9 as the min replicated index is 4. Deletion is not allowed in this container yet.
2019-10-18 07:10:39,126 [java.util.concurrent.ThreadPoolExecutor$Worker@4d9c7f31[State = -1, empty queue]] WARN  server.GrpcLogAppender (GrpcLogAppender.java:timeoutAppendRequest(209)) - 0e41e4d3-9bdd-41a7-a6da-f6547615f156@group-4D56D0FF4DD9->a7c18b56-7bd4-4e97-bac5-a7861ed2f887-GrpcLogAppender: appendEntries Timeout, request=0e41e4d3-9bdd-41a7-a6da-f6547615f156->a7c18b56-7bd4-4e97-bac5-a7861ed2f887#42-t2, previous=(t:2, i:10), leaderCommit=10, initializing? false, entries: <empty>
2019-10-18 07:10:39,281 [EventQueue-ContainerReportForContainerReportHandler] WARN  container.ContainerReportHandler (AbstractContainerReportHandler.java:updateContainerState(145)) - Container #1 is in OPEN state, but the datanode 0e41e4d3-9bdd-41a7-a6da-f6547615f156{ip: 192.168.69.67, host: pr-hdds-1868-wx8dl-4219780377, networkLocation: /default-rack, certSerialId: null} reports an CLOSED replica.
2019-10-18 07:10:39,283 [EventQueue-ContainerReportForContainerReportHandler] WARN  container.ContainerReportHandler (AbstractContainerReportHandler.java:updateContainerState(145)) - Container #1 is in OPEN state, but the datanode 365c74cf-9edf-4118-8168-00280e7ea799{ip: 192.168.69.67, host: pr-hdds-1868-wx8dl-4219780377, networkLocation: /default-rack, certSerialId: null} reports an CLOSED replica.
2019-10-18 07:10:39,583 [EventQueue-ContainerReportForContainerReportHandler] WARN  container.ContainerReportHandler (AbstractContainerReportHandler.java:updateContainerState(145)) - Container #1 is in OPEN state, but the datanode 0e41e4d3-9bdd-41a7-a6da-f6547615f156{ip: 192.168.69.67, host: pr-hdds-1868-wx8dl-4219780377, networkLocation: /default-rack, certSerialId: null} reports an CLOSED replica.
2019-10-18 07:10:39,583 [EventQueue-ContainerReportForContainerReportHandler] WARN  container.ContainerReportHandler (AbstractContainerReportHandler.java:updateContainerState(145)) - Container #1 is in OPEN state, but the datanode 365c74cf-9edf-4118-8168-00280e7ea799{ip: 192.168.69.67, host: pr-hdds-1868-wx8dl-4219780377, networkLocation: /default-rack, certSerialId: null} reports an CLOSED replica.
2019-10-18 07:10:39,983 [EventQueue-ContainerReportForContainerReportHandler] WARN  container.ContainerReportHandler (AbstractContainerReportHandler.java:updateContainerState(145)) - Container #1 is in OPEN state, but the datanode 0e41e4d3-9bdd-41a7-a6da-f6547615f156{ip: 192.168.69.67, host: pr-hdds-1868-wx8dl-4219780377, networkLocation: /default-rack, certSerialId: null} reports an CLOSED replica.
2019-10-18 07:10:39,983 [EventQueue-ContainerReportForContainerReportHandler] WARN  container.ContainerReportHandler (AbstractContainerReportHandler.java:updateContainerState(145)) - Container #1 is in OPEN state, but the datanode 365c74cf-9edf-4118-8168-00280e7ea799{ip: 192.168.69.67, host: pr-hdds-1868-wx8dl-4219780377, networkLocation: /default-rack, certSerialId: null} reports an CLOSED replica.
2019-10-18 07:10:40,093 [BlockDeletingService#2] WARN  background.BlockDeletingService (BlockDeletingService.java:isDeletionAllowed(187)) - Close Container log Index 6 is not replicated across allthe servers in the pipeline 5b98df48-0bd5-4e4e-b730-4d56d0ff4dd9 as the min replicated index is 4. Deletion is not allowed in this container yet.
2019-10-18 07:10:40,094 [BlockDeletingService#2] WARN  background.BlockDeletingService (BlockDeletingService.java:isDeletionAllowed(187)) - Close Container log Index 6 is not replicated across allthe servers in the pipeline 5b98df48-0bd5-4e4e-b730-4d56d0ff4dd9 as the min replicated index is 4. Deletion is not allowed in this container yet.
2019-10-18 07:10:40,283 [EventQueue-ContainerReportForContainerReportHandler] WARN  container.ContainerReportHandler (AbstractContainerReportHandler.java:updateContainerState(145)) - Container #1 is in OPEN state, but the datanode 365c74cf-9edf-4118-8168-00280e7ea799{ip: 192.168.69.67, host: pr-hdds-1868-wx8dl-4219780377, networkLocation: /default-rack, certSerialId: null} reports an CLOSED replica.
2019-10-18 07:10:40,283 [EventQueue-ContainerReportForContainerReportHandler] WARN  container.ContainerReportHandler (AbstractContainerReportHandler.java:updateContainerState(145)) - Container #1 is in OPEN state, but the datanode 0e41e4d3-9bdd-41a7-a6da-f6547615f156{ip: 192.168.69.67, host: pr-hdds-1868-wx8dl-4219780377, networkLocation: /default-rack, certSerialId: null} reports an CLOSED replica.
2019-10-18 07:10:40,484 [EventQueue-ContainerReportForContainerReportHandler] WARN  container.ContainerReportHandler (AbstractContainerReportHandler.java:updateContainerState(145)) - Container #1 is in OPEN state, but the datanode 0e41e4d3-9bdd-41a7-a6da-f6547615f156{ip: 192.168.69.67, host: pr-hdds-1868-wx8dl-4219780377, networkLocation: /default-rack, certSerialId: null} reports an CLOSED replica.
2019-10-18 07:10:40,585 [EventQueue-ContainerReportForContainerReportHandler] WARN  container.ContainerReportHandler (AbstractContainerReportHandler.java:updateContainerState(145)) - Container #1 is in OPEN state, but the datanode 365c74cf-9edf-4118-8168-00280e7ea799{ip: 192.168.69.67, host: pr-hdds-1868-wx8dl-4219780377, networkLocation: /default-rack, certSerialId: null} reports an CLOSED replica.
2019-10-18 07:10:40,784 [EventQueue-ContainerReportForContainerReportHandler] WARN  container.ContainerReportHandler (AbstractContainerReportHandler.java:updateContainerState(145)) - Container #1 is in OPEN state, but the datanode 0e41e4d3-9bdd-41a7-a6da-f6547615f156{ip: 192.168.69.67, host: pr-hdds-1868-wx8dl-4219780377, networkLocation: /default-rack, certSerialId: null} reports an CLOSED replica.
2019-10-18 07:10:40,884 [EventQueue-ContainerReportForContainerReportHandler] WARN  container.ContainerReportHandler (AbstractContainerReportHandler.java:updateContainerState(145)) - Container #1 is in OPEN state, but the datanode 365c74cf-9edf-4118-8168-00280e7ea799{ip: 192.168.69.67, host: pr-hdds-1868-wx8dl-4219780377, networkLocation: /default-rack, certSerialId: null} reports an CLOSED replica.
2019-10-18 07:10:41,095 [BlockDeletingService#2] WARN  background.BlockDeletingService (BlockDeletingService.java:isDeletionAllowed(187)) - Close Container log Index 6 is not replicated across allthe servers in the pipeline 5b98df48-0bd5-4e4e-b730-4d56d0ff4dd9 as the min replicated index is 4. Deletion is not allowed in this container yet.
2019-10-18 07:10:41,097 [BlockDeletingService#2] WARN  background.BlockDeletingService (BlockDeletingService.java:isDeletionAllowed(187)) - Close Container log Index 6 is not replicated across allthe servers in the pipeline 5b98df48-0bd5-4e4e-b730-4d56d0ff4dd9 as the min replicated index is 4. Deletion is not allowed in this container yet.
2019-10-18 07:10:41,185 [EventQueue-ContainerReportForContainerReportHandler] WARN  container.ContainerReportHandler (AbstractContainerReportHandler.java:updateContainerState(145)) - Container #1 is in OPEN state, but the datanode 0e41e4d3-9bdd-41a7-a6da-f6547615f156{ip: 192.168.69.67, host: pr-hdds-1868-wx8dl-4219780377, networkLocation: /default-rack, certSerialId: null} reports an CLOSED replica.
2019-10-18 07:10:41,185 [EventQueue-ContainerReportForContainerReportHandler] WARN  container.ContainerReportHandler (AbstractContainerReportHandler.java:updateContainerState(145)) - Container #1 is in OPEN state, but the datanode 365c74cf-9edf-4118-8168-00280e7ea799{ip: 192.168.69.67, host: pr-hdds-1868-wx8dl-4219780377, networkLocation: /default-rack, certSerialId: null} reports an CLOSED replica.
2019-10-18 07:10:41,486 [EventQueue-ContainerReportForContainerReportHandler] WARN  container.ContainerReportHandler (AbstractContainerReportHandler.java:updateContainerState(145)) - Container #1 is in OPEN state, but the datanode 365c74cf-9edf-4118-8168-00280e7ea799{ip: 192.168.69.67, host: pr-hdds-1868-wx8dl-4219780377, networkLocation: /default-rack, certSerialId: null} reports an CLOSED replica.
2019-10-18 07:10:41,586 [EventQueue-ContainerReportForContainerReportHandler] WARN  container.ContainerReportHandler (AbstractContainerReportHandler.java:updateContainerState(145)) - Container #1 is in OPEN state, but the datanode 0e41e4d3-9bdd-41a7-a6da-f6547615f156{ip: 192.168.69.67, host: pr-hdds-1868-wx8dl-4219780377, networkLocation: /default-rack, certSerialId: null} reports an CLOSED replica.
2019-10-18 07:10:41,628 [java.util.concurrent.ThreadPoolExecutor$Worker@4d9c7f31[State = -1, empty queue]] WARN  server.GrpcLogAppender (GrpcLogAppender.java:timeoutAppendRequest(209)) - 0e41e4d3-9bdd-41a7-a6da-f6547615f156@group-4D56D0FF4DD9->a7c18b56-7bd4-4e97-bac5-a7861ed2f887-GrpcLogAppender: appendEntries Timeout, request=0e41e4d3-9bdd-41a7-a6da-f6547615f156->a7c18b56-7bd4-4e97-bac5-a7861ed2f887#43-t2, previous=(t:2, i:10), leaderCommit=10, initializing? false, entries: <empty>
2019-10-18 07:10:41,786 [EventQueue-ContainerReportForContainerReportHandler] WARN  container.ContainerReportHandler (AbstractContainerReportHandler.java:updateContainerState(145)) - Container #1 is in OPEN state, but the datanode 365c74cf-9edf-4118-8168-00280e7ea799{ip: 192.168.69.67, host: pr-hdds-1868-wx8dl-4219780377, networkLocation: /default-rack, certSerialId: null} reports an CLOSED replica.
2019-10-18 07:10:41,787 [EventQueue-ContainerReportForContainerReportHandler] WARN  container.ContainerReportHandler (AbstractContainerReportHandler.java:updateContainerState(145)) - Container #1 is in OPEN state, but the datanode 0e41e4d3-9bdd-41a7-a6da-f6547615f156{ip: 192.168.69.67, host: pr-hdds-1868-wx8dl-4219780377, networkLocation: /default-rack, certSerialId: null} reports an CLOSED replica.
2019-10-18 07:10:41,986 [EventQueue-ContainerReportForContainerReportHandler] WARN  container.ContainerReportHandler (AbstractContainerReportHandler.java:updateContainerState(145)) - Container #1 is in OPEN state, but the datanode 0e41e4d3-9bdd-41a7-a6da-f6547615f156{ip: 192.168.69.67, host: pr-hdds-1868-wx8dl-4219780377, networkLocation: /default-rack, certSerialId: null} reports an CLOSED replica.
2019-10-18 07:10:42,089 [EventQueue-ContainerReportForContainerReportHandler] WARN  container.ContainerReportHandler (AbstractContainerReportHandler.java:updateContainerState(145)) - Container #1 is in OPEN state, but the datanode 365c74cf-9edf-4118-8168-00280e7ea799{ip: 192.168.69.67, host: pr-hdds-1868-wx8dl-4219780377, networkLocation: /default-rack, certSerialId: null} reports an CLOSED replica.
2019-10-18 07:10:42,098 [BlockDeletingService#2] WARN  background.BlockDeletingService (BlockDeletingService.java:isDeletionAllowed(187)) - Close Container log Index 6 is not replicated across allthe servers in the pipeline 5b98df48-0bd5-4e4e-b730-4d56d0ff4dd9 as the min replicated index is 4. Deletion is not allowed in this container yet.
2019-10-18 07:10:42,098 [BlockDeletingService#2] WARN  background.BlockDeletingService (BlockDeletingService.java:isDeletionAllowed(187)) - Close Container log Index 6 is not replicated across allthe servers in the pipeline 5b98df48-0bd5-4e4e-b730-4d56d0ff4dd9 as the min replicated index is 4. Deletion is not allowed in this container yet.
2019-10-18 07:10:42,286 [EventQueue-ContainerReportForContainerReportHandler] WARN  container.ContainerReportHandler (AbstractContainerReportHandler.java:updateContainerState(145)) - Container #1 is in OPEN state, but the datanode 0e41e4d3-9bdd-41a7-a6da-f6547615f156{ip: 192.168.69.67, host: pr-hdds-1868-wx8dl-4219780377, networkLocation: /default-rack, certSerialId: null} reports an CLOSED replica.
2019-10-18 07:10:42,386 [EventQueue-ContainerReportForContainerReportHandler] WARN  container.ContainerReportHandler (AbstractContainerReportHandler.java:updateContainerState(145)) - Container #1 is in OPEN state, but the datanode 365c74cf-9edf-4118-8168-00280e7ea799{ip: 192.168.69.67, host: pr-hdds-1868-wx8dl-4219780377, networkLocation: /default-rack, certSerialId: null} reports an CLOSED replica.
2019-10-18 07:10:42,586 [EventQueue-ContainerReportForContainerReportHandler] WARN  container.ContainerReportHandler (AbstractContainerReportHandler.java:updateContainerState(145)) - Container #1 is in OPEN state, but the datanode 365c74cf-9edf-4118-8168-00280e7ea799{ip: 192.168.69.67, host: pr-hdds-1868-wx8dl-4219780377, networkLocation: /default-rack, certSerialId: null} reports an CLOSED replica.
2019-10-18 07:10:42,686 [EventQueue-ContainerReportForContainerReportHandler] WARN  container.ContainerReportHandler (AbstractContainerReportHandler.java:updateContainerState(145)) - Container #1 is in OPEN state, but the datanode 0e41e4d3-9bdd-41a7-a6da-f6547615f156{ip: 192.168.69.67, host: pr-hdds-1868-wx8dl-4219780377, networkLocation: /default-rack, certSerialId: null} reports an CLOSED replica.
2019-10-18 07:10:42,887 [EventQueue-ContainerReportForContainerReportHandler] WARN  container.ContainerReportHandler (AbstractContainerReportHandler.java:updateContainerState(145)) - Container #1 is in OPEN state, but the datanode 0e41e4d3-9bdd-41a7-a6da-f6547615f156{ip: 192.168.69.67, host: pr-hdds-1868-wx8dl-4219780377, networkLocation: /default-rack, certSerialId: null} reports an CLOSED replica.
2019-10-18 07:10:42,986 [EventQueue-ContainerReportForContainerReportHandler] WARN  container.ContainerReportHandler (AbstractContainerReportHandler.java:updateContainerState(145)) - Container #1 is in OPEN state, but the datanode 365c74cf-9edf-4118-8168-00280e7ea799{ip: 192.168.69.67, host: pr-hdds-1868-wx8dl-4219780377, networkLocation: /default-rack, certSerialId: null} reports an CLOSED replica.
2019-10-18 07:10:43,100 [BlockDeletingService#2] WARN  background.BlockDeletingService (BlockDeletingService.java:isDeletionAllowed(187)) - Close Container log Index 6 is not replicated across allthe servers in the pipeline 5b98df48-0bd5-4e4e-b730-4d56d0ff4dd9 as the min replicated index is 4. Deletion is not allowed in this container yet.
2019-10-18 07:10:43,101 [BlockDeletingService#2] WARN  background.BlockDeletingService (BlockDeletingService.java:isDeletionAllowed(187)) - Close Container log Index 6 is not replicated across allthe servers in the pipeline 5b98df48-0bd5-4e4e-b730-4d56d0ff4dd9 as the min replicated index is 4. Deletion is not allowed in this container yet.
2019-10-18 07:10:43,187 [EventQueue-ContainerReportForContainerReportHandler] WARN  container.ContainerReportHandler (AbstractContainerReportHandler.java:updateContainerState(145)) - Container #1 is in OPEN state, but the datanode 0e41e4d3-9bdd-41a7-a6da-f6547615f156{ip: 192.168.69.67, host: pr-hdds-1868-wx8dl-4219780377, networkLocation: /default-rack, certSerialId: null} reports an CLOSED replica.
2019-10-18 07:10:43,187 [EventQueue-ContainerReportForContainerReportHandler] WARN  container.ContainerReportHandler (AbstractContainerReportHandler.java:updateContainerState(145)) - Container #1 is in OPEN state, but the datanode 365c74cf-9edf-4118-8168-00280e7ea799{ip: 192.168.69.67, host: pr-hdds-1868-wx8dl-4219780377, networkLocation: /default-rack, certSerialId: null} reports an CLOSED replica.
2019-10-18 07:10:43,388 [EventQueue-ContainerReportForContainerReportHandler] WARN  container.ContainerReportHandler (AbstractContainerReportHandler.java:updateContainerState(145)) - Container #1 is in OPEN state, but the datanode 0e41e4d3-9bdd-41a7-a6da-f6547615f156{ip: 192.168.69.67, host: pr-hdds-1868-wx8dl-4219780377, networkLocation: /default-rack, certSerialId: null} reports an CLOSED replica.
2019-10-18 07:10:43,588 [EventQueue-ContainerReportForContainerReportHandler] WARN  container.ContainerReportHandler (AbstractContainerReportHandler.java:updateContainerState(145)) - Container #1 is in OPEN state, but the datanode 365c74cf-9edf-4118-8168-00280e7ea799{ip: 192.168.69.67, host: pr-hdds-1868-wx8dl-4219780377, networkLocation: /default-rack, certSerialId: null} reports an CLOSED replica.
2019-10-18 07:10:43,688 [EventQueue-ContainerReportForContainerReportHandler] WARN  container.ContainerReportHandler (AbstractContainerReportHandler.java:updateContainerState(145)) - Container #1 is in OPEN state, but the datanode 0e41e4d3-9bdd-41a7-a6da-f6547615f156{ip: 192.168.69.67, host: pr-hdds-1868-wx8dl-4219780377, networkLocation: /default-rack, certSerialId: null} reports an CLOSED replica.
2019-10-18 07:10:43,888 [EventQueue-ContainerReportForContainerReportHandler] WARN  container.ContainerReportHandler (AbstractContainerReportHandler.java:updateContainerState(145)) - Container #1 is in OPEN state, but the datanode 0e41e4d3-9bdd-41a7-a6da-f6547615f156{ip: 192.168.69.67, host: pr-hdds-1868-wx8dl-4219780377, networkLocation: /default-rack, certSerialId: null} reports an CLOSED replica.
2019-10-18 07:10:43,988 [EventQueue-ContainerReportForContainerReportHandler] WARN  container.ContainerReportHandler (AbstractContainerReportHandler.java:updateContainerState(145)) - Container #1 is in OPEN state, but the datanode 365c74cf-9edf-4118-8168-00280e7ea799{ip: 192.168.69.67, host: pr-hdds-1868-wx8dl-4219780377, networkLocation: /default-rack, certSerialId: null} reports an CLOSED replica.
2019-10-18 07:10:44,088 [EventQueue-ContainerReportForContainerReportHandler] WARN  container.ContainerReportHandler (AbstractContainerReportHandler.java:updateContainerState(145)) - Container #1 is in OPEN state, but the datanode 0e41e4d3-9bdd-41a7-a6da-f6547615f156{ip: 192.168.69.67, host: pr-hdds-1868-wx8dl-4219780377, networkLocation: /default-rack, certSerialId: null} reports an CLOSED replica.
2019-10-18 07:10:44,102 [BlockDeletingService#2] WARN  background.BlockDeletingService (BlockDeletingService.java:isDeletionAllowed(187)) - Close Container log Index 6 is not replicated across allthe servers in the pipeline 5b98df48-0bd5-4e4e-b730-4d56d0ff4dd9 as the min replicated index is 4. Deletion is not allowed in this container yet.
2019-10-18 07:10:44,102 [BlockDeletingService#2] WARN  background.BlockDeletingService (BlockDeletingService.java:isDeletionAllowed(187)) - Close Container log Index 6 is not replicated across allthe servers in the pipeline 5b98df48-0bd5-4e4e-b730-4d56d0ff4dd9 as the min replicated index is 4. Deletion is not allowed in this container yet.
2019-10-18 07:10:44,129 [java.util.concurrent.ThreadPoolExecutor$Worker@4d9c7f31[State = -1, empty queue]] WARN  server.GrpcLogAppender (GrpcLogAppender.java:timeoutAppendRequest(209)) - 0e41e4d3-9bdd-41a7-a6da-f6547615f156@group-4D56D0FF4DD9->a7c18b56-7bd4-4e97-bac5-a7861ed2f887-GrpcLogAppender: appendEntries Timeout, request=0e41e4d3-9bdd-41a7-a6da-f6547615f156->a7c18b56-7bd4-4e97-bac5-a7861ed2f887#44-t2, previous=(t:2, i:10), leaderCommit=10, initializing? false, entries: <empty>
2019-10-18 07:10:44,289 [EventQueue-ContainerReportForContainerReportHandler] WARN  container.ContainerReportHandler (AbstractContainerReportHandler.java:updateContainerState(145)) - Container #1 is in OPEN state, but the datanode 365c74cf-9edf-4118-8168-00280e7ea799{ip: 192.168.69.67, host: pr-hdds-1868-wx8dl-4219780377, networkLocation: /default-rack, certSerialId: null} reports an CLOSED replica.
2019-10-18 07:10:44,490 [EventQueue-ContainerReportForContainerReportHandler] WARN  container.ContainerReportHandler (AbstractContainerReportHandler.java:updateContainerState(145)) - Container #1 is in OPEN state, but the datanode 0e41e4d3-9bdd-41a7-a6da-f6547615f156{ip: 192.168.69.67, host: pr-hdds-1868-wx8dl-4219780377, networkLocation: /default-rack, certSerialId: null} reports an CLOSED replica.
2019-10-18 07:10:44,490 [EventQueue-ContainerReportForContainerReportHandler] WARN  container.ContainerReportHandler (AbstractContainerReportHandler.java:updateContainerState(145)) - Container #1 is in OPEN state, but the datanode 365c74cf-9edf-4118-8168-00280e7ea799{ip: 192.168.69.67, host: pr-hdds-1868-wx8dl-4219780377, networkLocation: /default-rack, certSerialId: null} reports an CLOSED replica.
2019-10-18 07:10:44,689 [EventQueue-ContainerReportForContainerReportHandler] WARN  container.ContainerReportHandler (AbstractContainerReportHandler.java:updateContainerState(145)) - Container #1 is in OPEN state, but the datanode 0e41e4d3-9bdd-41a7-a6da-f6547615f156{ip: 192.168.69.67, host: pr-hdds-1868-wx8dl-4219780377, networkLocation: /default-rack, certSerialId: null} reports an CLOSED replica.
2019-10-18 07:10:44,789 [EventQueue-ContainerReportForContainerReportHandler] WARN  container.ContainerReportHandler (AbstractContainerReportHandler.java:updateContainerState(145)) - Container #1 is in OPEN state, but the datanode 365c74cf-9edf-4118-8168-00280e7ea799{ip: 192.168.69.67, host: pr-hdds-1868-wx8dl-4219780377, networkLocation: /default-rack, certSerialId: null} reports an CLOSED replica.
2019-10-18 07:10:44,990 [EventQueue-ContainerReportForContainerReportHandler] WARN  container.ContainerReportHandler (AbstractContainerReportHandler.java:updateContainerState(145)) - Container #1 is in OPEN state, but the datanode 365c74cf-9edf-4118-8168-00280e7ea799{ip: 192.168.69.67, host: pr-hdds-1868-wx8dl-4219780377, networkLocation: /default-rack, certSerialId: null} reports an CLOSED replica.
2019-10-18 07:10:44,990 [EventQueue-ContainerReportForContainerReportHandler] WARN  container.ContainerReportHandler (AbstractContainerReportHandler.java:updateContainerState(145)) - Container #1 is in OPEN state, but the datanode 0e41e4d3-9bdd-41a7-a6da-f6547615f156{ip: 192.168.69.67, host: pr-hdds-1868-wx8dl-4219780377, networkLocation: /default-rack, certSerialId: null} reports an CLOSED replica.
2019-10-18 07:10:45,105 [BlockDeletingService#2] WARN  background.BlockDeletingService (BlockDeletingService.java:isDeletionAllowed(187)) - Close Container log Index 6 is not replicated across allthe servers in the pipeline 5b98df48-0bd5-4e4e-b730-4d56d0ff4dd9 as the min replicated index is 4. Deletion is not allowed in this container yet.
2019-10-18 07:10:45,105 [BlockDeletingService#2] WARN  background.BlockDeletingService (BlockDeletingService.java:isDeletionAllowed(187)) - Close Container log Index 6 is not replicated across allthe servers in the pipeline 5b98df48-0bd5-4e4e-b730-4d56d0ff4dd9 as the min replicated index is 4. Deletion is not allowed in this container yet.
2019-10-18 07:10:45,289 [EventQueue-ContainerReportForContainerReportHandler] WARN  container.ContainerReportHandler (AbstractContainerReportHandler.java:updateContainerState(145)) - Container #1 is in OPEN state, but the datanode 0e41e4d3-9bdd-41a7-a6da-f6547615f156{ip: 192.168.69.67, host: pr-hdds-1868-wx8dl-4219780377, networkLocation: /default-rack, certSerialId: null} reports an CLOSED replica.
2019-10-18 07:10:45,290 [EventQueue-ContainerReportForContainerReportHandler] WARN  container.ContainerReportHandler (AbstractContainerReportHandler.java:updateContainerState(145)) - Container #1 is in OPEN state, but the datanode 365c74cf-9edf-4118-8168-00280e7ea799{ip: 192.168.69.67, host: pr-hdds-1868-wx8dl-4219780377, networkLocation: /default-rack, certSerialId: null} reports an CLOSED replica.
2019-10-18 07:10:45,589 [EventQueue-ContainerReportForContainerReportHandler] WARN  container.ContainerReportHandler (AbstractContainerReportHandler.java:updateContainerState(145)) - Container #1 is in OPEN state, but the datanode 365c74cf-9edf-4118-8168-00280e7ea799{ip: 192.168.69.67, host: pr-hdds-1868-wx8dl-4219780377, networkLocation: /default-rack, certSerialId: null} reports an CLOSED replica.
2019-10-18 07:10:45,589 [EventQueue-ContainerReportForContainerReportHandler] WARN  container.ContainerReportHandler (AbstractContainerReportHandler.java:updateContainerState(145)) - Container #1 is in OPEN state, but the datanode 0e41e4d3-9bdd-41a7-a6da-f6547615f156{ip: 192.168.69.67, host: pr-hdds-1868-wx8dl-4219780377, networkLocation: /default-rack, certSerialId: null} reports an CLOSED replica.
2019-10-18 07:10:45,889 [EventQueue-ContainerReportForContainerReportHandler] WARN  container.ContainerReportHandler (AbstractContainerReportHandler.java:updateContainerState(145)) - Container #1 is in OPEN state, but the datanode 365c74cf-9edf-4118-8168-00280e7ea799{ip: 192.168.69.67, host: pr-hdds-1868-wx8dl-4219780377, networkLocation: /default-rack, certSerialId: null} reports an CLOSED replica.
2019-10-18 07:10:45,889 [EventQueue-ContainerReportForContainerReportHandler] WARN  container.ContainerReportHandler (AbstractContainerReportHandler.java:updateContainerState(145)) - Container #1 is in OPEN state, but the datanode 0e41e4d3-9bdd-41a7-a6da-f6547615f156{ip: 192.168.69.67, host: pr-hdds-1868-wx8dl-4219780377, networkLocation: /default-rack, certSerialId: null} reports an CLOSED replica.
2019-10-18 07:10:46,107 [BlockDeletingService#2] WARN  background.BlockDeletingService (BlockDeletingService.java:isDeletionAllowed(187)) - Close Container log Index 6 is not replicated across allthe servers in the pipeline 5b98df48-0bd5-4e4e-b730-4d56d0ff4dd9 as the min replicated index is 4. Deletion is not allowed in this container yet.
2019-10-18 07:10:46,107 [BlockDeletingService#2] WARN  background.BlockDeletingService (BlockDeletingService.java:isDeletionAllowed(187)) - Close Container log Index 6 is not replicated across allthe servers in the pipeline 5b98df48-0bd5-4e4e-b730-4d56d0ff4dd9 as the min replicated index is 4. Deletion is not allowed in this container yet.
2019-10-18 07:10:46,190 [EventQueue-ContainerReportForContainerReportHandler] WARN  container.ContainerReportHandler (AbstractContainerReportHandler.java:updateContainerState(145)) - Container #1 is in OPEN state, but the datanode 0e41e4d3-9bdd-41a7-a6da-f6547615f156{ip: 192.168.69.67, host: pr-hdds-1868-wx8dl-4219780377, networkLocation: /default-rack, certSerialId: null} reports an CLOSED replica.
2019-10-18 07:10:46,290 [EventQueue-ContainerReportForContainerReportHandler] WARN  container.ContainerReportHandler (AbstractContainerReportHandler.java:updateContainerState(145)) - Container #1 is in OPEN state, but the datanode 365c74cf-9edf-4118-8168-00280e7ea799{ip: 192.168.69.67, host: pr-hdds-1868-wx8dl-4219780377, networkLocation: /default-rack, certSerialId: null} reports an CLOSED replica.
2019-10-18 07:10:46,490 [EventQueue-ContainerReportForContainerReportHandler] WARN  container.ContainerReportHandler (AbstractContainerReportHandler.java:updateContainerState(145)) - Container #1 is in OPEN state, but the datanode 365c74cf-9edf-4118-8168-00280e7ea799{ip: 192.168.69.67, host: pr-hdds-1868-wx8dl-4219780377, networkLocation: /default-rack, certSerialId: null} reports an CLOSED replica.
2019-10-18 07:10:46,590 [EventQueue-ContainerReportForContainerReportHandler] WARN  container.ContainerReportHandler (AbstractContainerReportHandler.java:updateContainerState(145)) - Container #1 is in OPEN state, but the datanode 0e41e4d3-9bdd-41a7-a6da-f6547615f156{ip: 192.168.69.67, host: pr-hdds-1868-wx8dl-4219780377, networkLocation: /default-rack, certSerialId: null} reports an CLOSED replica.
2019-10-18 07:10:46,631 [java.util.concurrent.ThreadPoolExecutor$Worker@4d9c7f31[State = -1, empty queue]] WARN  server.GrpcLogAppender (GrpcLogAppender.java:timeoutAppendRequest(209)) - 0e41e4d3-9bdd-41a7-a6da-f6547615f156@group-4D56D0FF4DD9->a7c18b56-7bd4-4e97-bac5-a7861ed2f887-GrpcLogAppender: appendEntries Timeout, request=0e41e4d3-9bdd-41a7-a6da-f6547615f156->a7c18b56-7bd4-4e97-bac5-a7861ed2f887#45-t2, previous=(t:2, i:10), leaderCommit=10, initializing? false, entries: <empty>
2019-10-18 07:10:46,790 [EventQueue-ContainerReportForContainerReportHandler] WARN  container.ContainerReportHandler (AbstractContainerReportHandler.java:updateContainerState(145)) - Container #1 is in OPEN state, but the datanode 365c74cf-9edf-4118-8168-00280e7ea799{ip: 192.168.69.67, host: pr-hdds-1868-wx8dl-4219780377, networkLocation: /default-rack, certSerialId: null} reports an CLOSED replica.
2019-10-18 07:10:46,890 [EventQueue-ContainerReportForContainerReportHandler] WARN  container.ContainerReportHandler (AbstractContainerReportHandler.java:updateContainerState(145)) - Container #1 is in OPEN state, but the datanode 0e41e4d3-9bdd-41a7-a6da-f6547615f156{ip: 192.168.69.67, host: pr-hdds-1868-wx8dl-4219780377, networkLocation: /default-rack, certSerialId: null} reports an CLOSED replica.
2019-10-18 07:10:47,109 [BlockDeletingService#2] WARN  background.BlockDeletingService (BlockDeletingService.java:isDeletionAllowed(187)) - Close Container log Index 6 is not replicated across allthe servers in the pipeline 5b98df48-0bd5-4e4e-b730-4d56d0ff4dd9 as the min replicated index is 4. Deletion is not allowed in this container yet.
2019-10-18 07:10:47,109 [BlockDeletingService#2] WARN  background.BlockDeletingService (BlockDeletingService.java:isDeletionAllowed(187)) - Close Container log Index 6 is not replicated across allthe servers in the pipeline 5b98df48-0bd5-4e4e-b730-4d56d0ff4dd9 as the min replicated index is 4. Deletion is not allowed in this container yet.
2019-10-18 07:10:47,191 [EventQueue-ContainerReportForContainerReportHandler] WARN  container.ContainerReportHandler (AbstractContainerReportHandler.java:updateContainerState(145)) - Container #1 is in OPEN state, but the datanode 0e41e4d3-9bdd-41a7-a6da-f6547615f156{ip: 192.168.69.67, host: pr-hdds-1868-wx8dl-4219780377, networkLocation: /default-rack, certSerialId: null} reports an CLOSED replica.
2019-10-18 07:10:47,191 [EventQueue-ContainerReportForContainerReportHandler] WARN  container.ContainerReportHandler (AbstractContainerReportHandler.java:updateContainerState(145)) - Container #1 is in OPEN state, but the datanode 365c74cf-9edf-4118-8168-00280e7ea799{ip: 192.168.69.67, host: pr-hdds-1868-wx8dl-4219780377, networkLocation: /default-rack, certSerialId: null} reports an CLOSED replica.
2019-10-18 07:10:47,495 [EventQueue-ContainerReportForContainerReportHandler] WARN  container.ContainerReportHandler (AbstractContainerReportHandler.java:updateContainerState(145)) - Container #1 is in OPEN state, but the datanode 365c74cf-9edf-4118-8168-00280e7ea799{ip: 192.168.69.67, host: pr-hdds-1868-wx8dl-4219780377, networkLocation: /default-rack, certSerialId: null} reports an CLOSED replica.
2019-10-18 07:10:47,591 [EventQueue-ContainerReportForContainerReportHandler] WARN  container.ContainerReportHandler (AbstractContainerReportHandler.java:updateContainerState(145)) - Container #1 is in OPEN state, but the datanode 0e41e4d3-9bdd-41a7-a6da-f6547615f156{ip: 192.168.69.67, host: pr-hdds-1868-wx8dl-4219780377, networkLocation: /default-rack, certSerialId: null} reports an CLOSED replica.
2019-10-18 07:10:47,695 [EventQueue-ContainerReportForContainerReportHandler] WARN  container.ContainerReportHandler (AbstractContainerReportHandler.java:updateContainerState(145)) - Container #1 is in OPEN state, but the datanode 365c74cf-9edf-4118-8168-00280e7ea799{ip: 192.168.69.67, host: pr-hdds-1868-wx8dl-4219780377, networkLocation: /default-rack, certSerialId: null} reports an CLOSED replica.
2019-10-18 07:10:47,835 [Thread-494] INFO  client.GrpcClientProtocolService (GrpcClientProtocolService.java:lambda$processClientRequest$0(278)) - Failed RaftClientRequest:client-23AD7B0CD45D->365c74cf-9edf-4118-8168-00280e7ea799@group-4D56D0FF4DD9, cid=10, seq=0, Watch-ALL_COMMITTED(6), Message:<EMPTY>, reply=RaftClientReply:client-23AD7B0CD45D->365c74cf-9edf-4118-8168-00280e7ea799@group-4D56D0FF4DD9, cid=10, FAILED org.apache.ratis.protocol.NotLeaderException: Server 365c74cf-9edf-4118-8168-00280e7ea799@group-4D56D0FF4DD9 is not the leader 0e41e4d3-9bdd-41a7-a6da-f6547615f156:192.168.69.67:46622, logIndex=0, commits[365c74cf-9edf-4118-8168-00280e7ea799:c10, a7c18b56-7bd4-4e97-bac5-a7861ed2f887:c4, 0e41e4d3-9bdd-41a7-a6da-f6547615f156:c10]
2019-10-18 07:10:47,884 [Thread-497] INFO  client.GrpcClientProtocolService (GrpcClientProtocolService.java:lambda$processClientRequest$0(278)) - Failed RaftClientRequest:client-23AD7B0CD45D->0e41e4d3-9bdd-41a7-a6da-f6547615f156@group-4D56D0FF4DD9, cid=10, seq=0, Watch-ALL_COMMITTED(6), Message:<EMPTY>, reply=RaftClientReply:client-23AD7B0CD45D->0e41e4d3-9bdd-41a7-a6da-f6547615f156@group-4D56D0FF4DD9, cid=10, FAILED org.apache.ratis.protocol.NotReplicatedException: Request with call Id 10 and log index 6 is not yet replicated to ALL_COMMITTED, logIndex=6, commits[0e41e4d3-9bdd-41a7-a6da-f6547615f156:c10, a7c18b56-7bd4-4e97-bac5-a7861ed2f887:c4, 365c74cf-9edf-4118-8168-00280e7ea799:c10]
2019-10-18 07:10:47,891 [EventQueue-ContainerReportForContainerReportHandler] WARN  container.ContainerReportHandler (AbstractContainerReportHandler.java:updateContainerState(145)) - Container #1 is in OPEN state, but the datanode 0e41e4d3-9bdd-41a7-a6da-f6547615f156{ip: 192.168.69.67, host: pr-hdds-1868-wx8dl-4219780377, networkLocation: /default-rack, certSerialId: null} reports an CLOSED replica.
2019-10-18 07:10:47,895 [EventQueue-ContainerReportForContainerReportHandler] WARN  container.ContainerReportHandler (AbstractContainerReportHandler.java:updateContainerState(145)) - Container #1 is in OPEN state, but the datanode 365c74cf-9edf-4118-8168-00280e7ea799{ip: 192.168.69.67, host: pr-hdds-1868-wx8dl-4219780377, networkLocation: /default-rack, certSerialId: null} reports an CLOSED replica.
2019-10-18 07:10:48,110 [BlockDeletingService#2] WARN  background.BlockDeletingService (BlockDeletingService.java:isDeletionAllowed(187)) - Close Container log Index 6 is not replicated across allthe servers in the pipeline 5b98df48-0bd5-4e4e-b730-4d56d0ff4dd9 as the min replicated index is 4. Deletion is not allowed in this container yet.
2019-10-18 07:10:48,110 [BlockDeletingService#2] WARN  background.BlockDeletingService (BlockDeletingService.java:isDeletionAllowed(187)) - Close Container log Index 6 is not replicated across allthe servers in the pipeline 5b98df48-0bd5-4e4e-b730-4d56d0ff4dd9 as the min replicated index is 4. Deletion is not allowed in this container yet.
2019-10-18 07:10:48,192 [EventQueue-ContainerReportForContainerReportHandler] WARN  container.ContainerReportHandler (AbstractContainerReportHandler.java:updateContainerState(145)) - Container #1 is in OPEN state, but the datanode 0e41e4d3-9bdd-41a7-a6da-f6547615f156{ip: 192.168.69.67, host: pr-hdds-1868-wx8dl-4219780377, networkLocation: /default-rack, certSerialId: null} reports an CLOSED replica.
2019-10-18 07:10:48,295 [EventQueue-ContainerReportForContainerReportHandler] WARN  container.ContainerReportHandler (AbstractContainerReportHandler.java:updateContainerState(145)) - Container #1 is in OPEN state, but the datanode 365c74cf-9edf-4118-8168-00280e7ea799{ip: 192.168.69.67, host: pr-hdds-1868-wx8dl-4219780377, networkLocation: /default-rack, certSerialId: null} reports an CLOSED replica.
2019-10-18 07:10:48,392 [EventQueue-ContainerReportForContainerReportHandler] WARN  container.ContainerReportHandler (AbstractContainerReportHandler.java:updateContainerState(145)) - Container #1 is in OPEN state, but the datanode 0e41e4d3-9bdd-41a7-a6da-f6547615f156{ip: 192.168.69.67, host: pr-hdds-1868-wx8dl-4219780377, networkLocation: /default-rack, certSerialId: null} reports an CLOSED replica.
2019-10-18 07:10:48,596 [EventQueue-ContainerReportForContainerReportHandler] WARN  container.ContainerReportHandler (AbstractContainerReportHandler.java:updateContainerState(145)) - Container #1 is in OPEN state, but the datanode 365c74cf-9edf-4118-8168-00280e7ea799{ip: 192.168.69.67, host: pr-hdds-1868-wx8dl-4219780377, networkLocation: /default-rack, certSerialId: null} reports an CLOSED replica.
2019-10-18 07:10:48,692 [EventQueue-ContainerReportForContainerReportHandler] WARN  container.ContainerReportHandler (AbstractContainerReportHandler.java:updateContainerState(145)) - Container #1 is in OPEN state, but the datanode 0e41e4d3-9bdd-41a7-a6da-f6547615f156{ip: 192.168.69.67, host: pr-hdds-1868-wx8dl-4219780377, networkLocation: /default-rack, certSerialId: null} reports an CLOSED replica.
2019-10-18 07:10:48,796 [EventQueue-ContainerReportForContainerReportHandler] WARN  container.ContainerReportHandler (AbstractContainerReportHandler.java:updateContainerState(145)) - Container #1 is in OPEN state, but the datanode 365c74cf-9edf-4118-8168-00280e7ea799{ip: 192.168.69.67, host: pr-hdds-1868-wx8dl-4219780377, networkLocation: /default-rack, certSerialId: null} reports an CLOSED replica.
2019-10-18 07:10:48,992 [EventQueue-ContainerReportForContainerReportHandler] WARN  container.ContainerReportHandler (AbstractContainerReportHandler.java:updateContainerState(145)) - Container #1 is in OPEN state, but the datanode 0e41e4d3-9bdd-41a7-a6da-f6547615f156{ip: 192.168.69.67, host: pr-hdds-1868-wx8dl-4219780377, networkLocation: /default-rack, certSerialId: null} reports an CLOSED replica.
2019-10-18 07:10:49,117 [BlockDeletingService#2] WARN  background.BlockDeletingService (BlockDeletingService.java:isDeletionAllowed(187)) - Close Container log Index 6 is not replicated across allthe servers in the pipeline 5b98df48-0bd5-4e4e-b730-4d56d0ff4dd9 as the min replicated index is 4. Deletion is not allowed in this container yet.
2019-10-18 07:10:49,117 [BlockDeletingService#2] WARN  background.BlockDeletingService (BlockDeletingService.java:isDeletionAllowed(187)) - Close Container log Index 6 is not replicated across allthe servers in the pipeline 5b98df48-0bd5-4e4e-b730-4d56d0ff4dd9 as the min replicated index is 4. Deletion is not allowed in this container yet.
2019-10-18 07:10:49,133 [java.util.concurrent.ThreadPoolExecutor$Worker@4d9c7f31[State = -1, empty queue]] WARN  server.GrpcLogAppender (GrpcLogAppender.java:timeoutAppendRequest(209)) - 0e41e4d3-9bdd-41a7-a6da-f6547615f156@group-4D56D0FF4DD9->a7c18b56-7bd4-4e97-bac5-a7861ed2f887-GrpcLogAppender: appendEntries Timeout, request=0e41e4d3-9bdd-41a7-a6da-f6547615f156->a7c18b56-7bd4-4e97-bac5-a7861ed2f887#46-t2, previous=(t:2, i:10), leaderCommit=10, initializing? false, entries: <empty>
2019-10-18 07:10:49,196 [EventQueue-ContainerReportForContainerReportHandler] WARN  container.ContainerReportHandler (AbstractContainerReportHandler.java:updateContainerState(145)) - Container #1 is in OPEN state, but the datanode 365c74cf-9edf-4118-8168-00280e7ea799{ip: 192.168.69.67, host: pr-hdds-1868-wx8dl-4219780377, networkLocation: /default-rack, certSerialId: null} reports an CLOSED replica.
2019-10-18 07:10:49,293 [EventQueue-ContainerReportForContainerReportHandler] WARN  container.ContainerReportHandler (AbstractContainerReportHandler.java:updateContainerState(145)) - Container #1 is in OPEN state, but the datanode 0e41e4d3-9bdd-41a7-a6da-f6547615f156{ip: 192.168.69.67, host: pr-hdds-1868-wx8dl-4219780377, networkLocation: /default-rack, certSerialId: null} reports an CLOSED replica.
2019-10-18 07:10:49,496 [EventQueue-ContainerReportForContainerReportHandler] WARN  container.ContainerReportHandler (AbstractContainerReportHandler.java:updateContainerState(145)) - Container #1 is in OPEN state, but the datanode 365c74cf-9edf-4118-8168-00280e7ea799{ip: 192.168.69.67, host: pr-hdds-1868-wx8dl-4219780377, networkLocation: /default-rack, certSerialId: null} reports an CLOSED replica.
2019-10-18 07:10:49,693 [EventQueue-ContainerReportForContainerReportHandler] WARN  container.ContainerReportHandler (AbstractContainerReportHandler.java:updateContainerState(145)) - Container #1 is in OPEN state, but the datanode 0e41e4d3-9bdd-41a7-a6da-f6547615f156{ip: 192.168.69.67, host: pr-hdds-1868-wx8dl-4219780377, networkLocation: /default-rack, certSerialId: null} reports an CLOSED replica.
2019-10-18 07:10:49,796 [EventQueue-ContainerReportForContainerReportHandler] WARN  container.ContainerReportHandler (AbstractContainerReportHandler.java:updateContainerState(145)) - Container #1 is in OPEN state, but the datanode 365c74cf-9edf-4118-8168-00280e7ea799{ip: 192.168.69.67, host: pr-hdds-1868-wx8dl-4219780377, networkLocation: /default-rack, certSerialId: null} reports an CLOSED replica.
2019-10-18 07:10:49,894 [EventQueue-ContainerReportForContainerReportHandler] WARN  container.ContainerReportHandler (AbstractContainerReportHandler.java:updateContainerState(145)) - Container #1 is in OPEN state, but the datanode 0e41e4d3-9bdd-41a7-a6da-f6547615f156{ip: 192.168.69.67, host: pr-hdds-1868-wx8dl-4219780377, networkLocation: /default-rack, certSerialId: null} reports an CLOSED replica.
2019-10-18 07:10:50,097 [EventQueue-ContainerReportForContainerReportHandler] WARN  container.ContainerReportHandler (AbstractContainerReportHandler.java:updateContainerState(145)) - Container #1 is in OPEN state, but the datanode 365c74cf-9edf-4118-8168-00280e7ea799{ip: 192.168.69.67, host: pr-hdds-1868-wx8dl-4219780377, networkLocation: /default-rack, certSerialId: null} reports an CLOSED replica.
2019-10-18 07:10:50,119 [BlockDeletingService#2] WARN  background.BlockDeletingService (BlockDeletingService.java:isDeletionAllowed(187)) - Close Container log Index 6 is not replicated across allthe servers in the pipeline 5b98df48-0bd5-4e4e-b730-4d56d0ff4dd9 as the min replicated index is 4. Deletion is not allowed in this container yet.
2019-10-18 07:10:50,119 [BlockDeletingService#2] WARN  background.BlockDeletingService (BlockDeletingService.java:isDeletionAllowed(187)) - Close Container log Index 6 is not replicated across allthe servers in the pipeline 5b98df48-0bd5-4e4e-b730-4d56d0ff4dd9 as the min replicated index is 4. Deletion is not allowed in this container yet.
2019-10-18 07:10:50,194 [EventQueue-ContainerReportForContainerReportHandler] WARN  container.ContainerReportHandler (AbstractContainerReportHandler.java:updateContainerState(145)) - Container #1 is in OPEN state, but the datanode 0e41e4d3-9bdd-41a7-a6da-f6547615f156{ip: 192.168.69.67, host: pr-hdds-1868-wx8dl-4219780377, networkLocation: /default-rack, certSerialId: null} reports an CLOSED replica.
2019-10-18 07:10:50,395 [EventQueue-ContainerReportForContainerReportHandler] WARN  container.ContainerReportHandler (AbstractContainerReportHandler.java:updateContainerState(145)) - Container #1 is in OPEN state, but the datanode 0e41e4d3-9bdd-41a7-a6da-f6547615f156{ip: 192.168.69.67, host: pr-hdds-1868-wx8dl-4219780377, networkLocation: /default-rack, certSerialId: null} reports an CLOSED replica.
2019-10-18 07:10:50,398 [EventQueue-ContainerReportForContainerReportHandler] WARN  container.ContainerReportHandler (AbstractContainerReportHandler.java:updateContainerState(145)) - Container #1 is in OPEN state, but the datanode 365c74cf-9edf-4118-8168-00280e7ea799{ip: 192.168.69.67, host: pr-hdds-1868-wx8dl-4219780377, networkLocation: /default-rack, certSerialId: null} reports an CLOSED replica.
2019-10-18 07:10:50,695 [EventQueue-ContainerReportForContainerReportHandler] WARN  container.ContainerReportHandler (AbstractContainerReportHandler.java:updateContainerState(145)) - Container #1 is in OPEN state, but the datanode 0e41e4d3-9bdd-41a7-a6da-f6547615f156{ip: 192.168.69.67, host: pr-hdds-1868-wx8dl-4219780377, networkLocation: /default-rack, certSerialId: null} reports an CLOSED replica.
2019-10-18 07:10:50,798 [EventQueue-ContainerReportForContainerReportHandler] WARN  container.ContainerReportHandler (AbstractContainerReportHandler.java:updateContainerState(145)) - Container #1 is in OPEN state, but the datanode 365c74cf-9edf-4118-8168-00280e7ea799{ip: 192.168.69.67, host: pr-hdds-1868-wx8dl-4219780377, networkLocation: /default-rack, certSerialId: null} reports an CLOSED replica.
2019-10-18 07:10:50,996 [EventQueue-ContainerReportForContainerReportHandler] WARN  container.ContainerReportHandler (AbstractContainerReportHandler.java:updateContainerState(145)) - Container #1 is in OPEN state, but the datanode 0e41e4d3-9bdd-41a7-a6da-f6547615f156{ip: 192.168.69.67, host: pr-hdds-1868-wx8dl-4219780377, networkLocation: /default-rack, certSerialId: null} reports an CLOSED replica.
2019-10-18 07:10:50,998 [EventQueue-ContainerReportForContainerReportHandler] WARN  container.ContainerReportHandler (AbstractContainerReportHandler.java:updateContainerState(145)) - Container #1 is in OPEN state, but the datanode 365c74cf-9edf-4118-8168-00280e7ea799{ip: 192.168.69.67, host: pr-hdds-1868-wx8dl-4219780377, networkLocation: /default-rack, certSerialId: null} reports an CLOSED replica.
2019-10-18 07:10:51,121 [BlockDeletingService#2] WARN  background.BlockDeletingService (BlockDeletingService.java:isDeletionAllowed(187)) - Close Container log Index 6 is not replicated across allthe servers in the pipeline 5b98df48-0bd5-4e4e-b730-4d56d0ff4dd9 as the min replicated index is 4. Deletion is not allowed in this container yet.
2019-10-18 07:10:51,121 [BlockDeletingService#2] WARN  background.BlockDeletingService (BlockDeletingService.java:isDeletionAllowed(187)) - Close Container log Index 6 is not replicated across allthe servers in the pipeline 5b98df48-0bd5-4e4e-b730-4d56d0ff4dd9 as the min replicated index is 4. Deletion is not allowed in this container yet.
2019-10-18 07:10:51,199 [EventQueue-ContainerReportForContainerReportHandler] WARN  container.ContainerReportHandler (AbstractContainerReportHandler.java:updateContainerState(145)) - Container #1 is in OPEN state, but the datanode 365c74cf-9edf-4118-8168-00280e7ea799{ip: 192.168.69.67, host: pr-hdds-1868-wx8dl-4219780377, networkLocation: /default-rack, certSerialId: null} reports an CLOSED replica.
2019-10-18 07:10:51,395 [EventQueue-ContainerReportForContainerReportHandler] WARN  container.ContainerReportHandler (AbstractContainerReportHandler.java:updateContainerState(145)) - Container #1 is in OPEN state, but the datanode 0e41e4d3-9bdd-41a7-a6da-f6547615f156{ip: 192.168.69.67, host: pr-hdds-1868-wx8dl-4219780377, networkLocation: /default-rack, certSerialId: null} reports an CLOSED replica.
2019-10-18 07:10:51,399 [EventQueue-ContainerReportForContainerReportHandler] WARN  container.ContainerReportHandler (AbstractContainerReportHandler.java:updateContainerState(145)) - Container #1 is in OPEN state, but the datanode 365c74cf-9edf-4118-8168-00280e7ea799{ip: 192.168.69.67, host: pr-hdds-1868-wx8dl-4219780377, networkLocation: /default-rack, certSerialId: null} reports an CLOSED replica.
2019-10-18 07:10:51,635 [java.util.concurrent.ThreadPoolExecutor$Worker@4d9c7f31[State = -1, empty queue]] WARN  server.GrpcLogAppender (GrpcLogAppender.java:timeoutAppendRequest(209)) - 0e41e4d3-9bdd-41a7-a6da-f6547615f156@group-4D56D0FF4DD9->a7c18b56-7bd4-4e97-bac5-a7861ed2f887-GrpcLogAppender: appendEntries Timeout, request=0e41e4d3-9bdd-41a7-a6da-f6547615f156->a7c18b56-7bd4-4e97-bac5-a7861ed2f887#47-t2, previous=(t:2, i:10), leaderCommit=10, initializing? false, entries: <empty>
2019-10-18 07:10:51,695 [EventQueue-ContainerReportForContainerReportHandler] WARN  container.ContainerReportHandler (AbstractContainerReportHandler.java:updateContainerState(145)) - Container #1 is in OPEN state, but the datanode 0e41e4d3-9bdd-41a7-a6da-f6547615f156{ip: 192.168.69.67, host: pr-hdds-1868-wx8dl-4219780377, networkLocation: /default-rack, certSerialId: null} reports an CLOSED replica.
2019-10-18 07:10:51,699 [EventQueue-ContainerReportForContainerReportHandler] WARN  container.ContainerReportHandler (AbstractContainerReportHandler.java:updateContainerState(145)) - Container #1 is in OPEN state, but the datanode 365c74cf-9edf-4118-8168-00280e7ea799{ip: 192.168.69.67, host: pr-hdds-1868-wx8dl-4219780377, networkLocation: /default-rack, certSerialId: null} reports an CLOSED replica.
2019-10-18 07:10:51,995 [EventQueue-ContainerReportForContainerReportHandler] WARN  container.ContainerReportHandler (AbstractContainerReportHandler.java:updateContainerState(145)) - Container #1 is in OPEN state, but the datanode 0e41e4d3-9bdd-41a7-a6da-f6547615f156{ip: 192.168.69.67, host: pr-hdds-1868-wx8dl-4219780377, networkLocation: /default-rack, certSerialId: null} reports an CLOSED replica.
2019-10-18 07:10:51,999 [EventQueue-ContainerReportForContainerReportHandler] WARN  container.ContainerReportHandler (AbstractContainerReportHandler.java:updateContainerState(145)) - Container #1 is in OPEN state, but the datanode 365c74cf-9edf-4118-8168-00280e7ea799{ip: 192.168.69.67, host: pr-hdds-1868-wx8dl-4219780377, networkLocation: /default-rack, certSerialId: null} reports an CLOSED replica.
2019-10-18 07:10:52,122 [BlockDeletingService#2] WARN  background.BlockDeletingService (BlockDeletingService.java:isDeletionAllowed(187)) - Close Container log Index 6 is not replicated across allthe servers in the pipeline 5b98df48-0bd5-4e4e-b730-4d56d0ff4dd9 as the min replicated index is 4. Deletion is not allowed in this container yet.
2019-10-18 07:10:52,122 [BlockDeletingService#2] WARN  background.BlockDeletingService (BlockDeletingService.java:isDeletionAllowed(187)) - Close Container log Index 6 is not replicated across allthe servers in the pipeline 5b98df48-0bd5-4e4e-b730-4d56d0ff4dd9 as the min replicated index is 4. Deletion is not allowed in this container yet.
2019-10-18 07:10:52,295 [EventQueue-ContainerReportForContainerReportHandler] WARN  container.ContainerReportHandler (AbstractContainerReportHandler.java:updateContainerState(145)) - Container #1 is in OPEN state, but the datanode 0e41e4d3-9bdd-41a7-a6da-f6547615f156{ip: 192.168.69.67, host: pr-hdds-1868-wx8dl-4219780377, networkLocation: /default-rack, certSerialId: null} reports an CLOSED replica.
2019-10-18 07:10:52,299 [EventQueue-ContainerReportForContainerReportHandler] WARN  container.ContainerReportHandler (AbstractContainerReportHandler.java:updateContainerState(145)) - Container #1 is in OPEN state, but the datanode 365c74cf-9edf-4118-8168-00280e7ea799{ip: 192.168.69.67, host: pr-hdds-1868-wx8dl-4219780377, networkLocation: /default-rack, certSerialId: null} reports an CLOSED replica.
2019-10-18 07:10:52,695 [EventQueue-ContainerReportForContainerReportHandler] WARN  container.ContainerReportHandler (AbstractContainerReportHandler.java:updateContainerState(145)) - Container #1 is in OPEN state, but the datanode 0e41e4d3-9bdd-41a7-a6da-f6547615f156{ip: 192.168.69.67, host: pr-hdds-1868-wx8dl-4219780377, networkLocation: /default-rack, certSerialId: null} reports an CLOSED replica.
2019-10-18 07:10:52,699 [EventQueue-ContainerReportForContainerReportHandler] WARN  container.ContainerReportHandler (AbstractContainerReportHandler.java:updateContainerState(145)) - Container #1 is in OPEN state, but the datanode 365c74cf-9edf-4118-8168-00280e7ea799{ip: 192.168.69.67, host: pr-hdds-1868-wx8dl-4219780377, networkLocation: /default-rack, certSerialId: null} reports an CLOSED replica.
2019-10-18 07:10:52,995 [EventQueue-ContainerReportForContainerReportHandler] WARN  container.ContainerReportHandler (AbstractContainerReportHandler.java:updateContainerState(145)) - Container #1 is in OPEN state, but the datanode 0e41e4d3-9bdd-41a7-a6da-f6547615f156{ip: 192.168.69.67, host: pr-hdds-1868-wx8dl-4219780377, networkLocation: /default-rack, certSerialId: null} reports an CLOSED replica.
2019-10-18 07:10:53,000 [EventQueue-ContainerReportForContainerReportHandler] WARN  container.ContainerReportHandler (AbstractContainerReportHandler.java:updateContainerState(145)) - Container #1 is in OPEN state, but the datanode 365c74cf-9edf-4118-8168-00280e7ea799{ip: 192.168.69.67, host: pr-hdds-1868-wx8dl-4219780377, networkLocation: /default-rack, certSerialId: null} reports an CLOSED replica.
2019-10-18 07:10:53,123 [BlockDeletingService#2] WARN  background.BlockDeletingService (BlockDeletingService.java:isDeletionAllowed(187)) - Close Container log Index 6 is not replicated across allthe servers in the pipeline 5b98df48-0bd5-4e4e-b730-4d56d0ff4dd9 as the min replicated index is 4. Deletion is not allowed in this container yet.
2019-10-18 07:10:53,123 [BlockDeletingService#2] WARN  background.BlockDeletingService (BlockDeletingService.java:isDeletionAllowed(187)) - Close Container log Index 6 is not replicated across allthe servers in the pipeline 5b98df48-0bd5-4e4e-b730-4d56d0ff4dd9 as the min replicated index is 4. Deletion is not allowed in this container yet.
2019-10-18 07:10:53,301 [EventQueue-ContainerReportForContainerReportHandler] WARN  container.ContainerReportHandler (AbstractContainerReportHandler.java:updateContainerState(145)) - Container #1 is in OPEN state, but the datanode 365c74cf-9edf-4118-8168-00280e7ea799{ip: 192.168.69.67, host: pr-hdds-1868-wx8dl-4219780377, networkLocation: /default-rack, certSerialId: null} reports an CLOSED replica.
2019-10-18 07:10:53,395 [EventQueue-ContainerReportForContainerReportHandler] WARN  container.ContainerReportHandler (AbstractContainerReportHandler.java:updateContainerState(145)) - Container #1 is in OPEN state, but the datanode 0e41e4d3-9bdd-41a7-a6da-f6547615f156{ip: 192.168.69.67, host: pr-hdds-1868-wx8dl-4219780377, networkLocation: /default-rack, certSerialId: null} reports an CLOSED replica.
2019-10-18 07:10:53,500 [EventQueue-ContainerReportForContainerReportHandler] WARN  container.ContainerReportHandler (AbstractContainerReportHandler.java:updateContainerState(145)) - Container #1 is in OPEN state, but the datanode 365c74cf-9edf-4118-8168-00280e7ea799{ip: 192.168.69.67, host: pr-hdds-1868-wx8dl-4219780377, networkLocation: /default-rack, certSerialId: null} reports an CLOSED replica.
2019-10-18 07:10:53,696 [EventQueue-ContainerReportForContainerReportHandler] WARN  container.ContainerReportHandler (AbstractContainerReportHandler.java:updateContainerState(145)) - Container #1 is in OPEN state, but the datanode 0e41e4d3-9bdd-41a7-a6da-f6547615f156{ip: 192.168.69.67, host: pr-hdds-1868-wx8dl-4219780377, networkLocation: /default-rack, certSerialId: null} reports an CLOSED replica.
2019-10-18 07:10:53,900 [EventQueue-ContainerReportForContainerReportHandler] WARN  container.ContainerReportHandler (AbstractContainerReportHandler.java:updateContainerState(145)) - Container #1 is in OPEN state, but the datanode 365c74cf-9edf-4118-8168-00280e7ea799{ip: 192.168.69.67, host: pr-hdds-1868-wx8dl-4219780377, networkLocation: /default-rack, certSerialId: null} reports an CLOSED replica.
2019-10-18 07:10:53,996 [EventQueue-ContainerReportForContainerReportHandler] WARN  container.ContainerReportHandler (AbstractContainerReportHandler.java:updateContainerState(145)) - Container #1 is in OPEN state, but the datanode 0e41e4d3-9bdd-41a7-a6da-f6547615f156{ip: 192.168.69.67, host: pr-hdds-1868-wx8dl-4219780377, networkLocation: /default-rack, certSerialId: null} reports an CLOSED replica.
2019-10-18 07:10:54,101 [EventQueue-ContainerReportForContainerReportHandler] WARN  container.ContainerReportHandler (AbstractContainerReportHandler.java:updateContainerState(145)) - Container #1 is in OPEN state, but the datanode 365c74cf-9edf-4118-8168-00280e7ea799{ip: 192.168.69.67, host: pr-hdds-1868-wx8dl-4219780377, networkLocation: /default-rack, certSerialId: null} reports an CLOSED replica.
2019-10-18 07:10:54,124 [BlockDeletingService#2] WARN  background.BlockDeletingService (BlockDeletingService.java:isDeletionAllowed(187)) - Close Container log Index 6 is not replicated across allthe servers in the pipeline 5b98df48-0bd5-4e4e-b730-4d56d0ff4dd9 as the min replicated index is 4. Deletion is not allowed in this container yet.
2019-10-18 07:10:54,125 [BlockDeletingService#2] WARN  background.BlockDeletingService (BlockDeletingService.java:isDeletionAllowed(187)) - Close Container log Index 6 is not replicated across allthe servers in the pipeline 5b98df48-0bd5-4e4e-b730-4d56d0ff4dd9 as the min replicated index is 4. Deletion is not allowed in this container yet.
2019-10-18 07:10:54,135 [java.util.concurrent.ThreadPoolExecutor$Worker@4d9c7f31[State = -1, empty queue]] WARN  server.GrpcLogAppender (GrpcLogAppender.java:timeoutAppendRequest(209)) - 0e41e4d3-9bdd-41a7-a6da-f6547615f156@group-4D56D0FF4DD9->a7c18b56-7bd4-4e97-bac5-a7861ed2f887-GrpcLogAppender: appendEntries Timeout, request=0e41e4d3-9bdd-41a7-a6da-f6547615f156->a7c18b56-7bd4-4e97-bac5-a7861ed2f887#48-t2, previous=(t:2, i:10), leaderCommit=10, initializing? false, entries: <empty>
2019-10-18 07:10:54,301 [EventQueue-ContainerReportForContainerReportHandler] WARN  container.ContainerReportHandler (AbstractContainerReportHandler.java:updateContainerState(145)) - Container #1 is in OPEN state, but the datanode 365c74cf-9edf-4118-8168-00280e7ea799{ip: 192.168.69.67, host: pr-hdds-1868-wx8dl-4219780377, networkLocation: /default-rack, certSerialId: null} reports an CLOSED replica.
2019-10-18 07:10:54,398 [EventQueue-ContainerReportForContainerReportHandler] WARN  container.ContainerReportHandler (AbstractContainerReportHandler.java:updateContainerState(145)) - Container #1 is in OPEN state, but the datanode 0e41e4d3-9bdd-41a7-a6da-f6547615f156{ip: 192.168.69.67, host: pr-hdds-1868-wx8dl-4219780377, networkLocation: /default-rack, certSerialId: null} reports an CLOSED replica.
2019-10-18 07:10:54,601 [EventQueue-ContainerReportForContainerReportHandler] WARN  container.ContainerReportHandler (AbstractContainerReportHandler.java:updateContainerState(145)) - Container #1 is in OPEN state, but the datanode 365c74cf-9edf-4118-8168-00280e7ea799{ip: 192.168.69.67, host: pr-hdds-1868-wx8dl-4219780377, networkLocation: /default-rack, certSerialId: null} reports an CLOSED replica.
2019-10-18 07:10:54,698 [EventQueue-ContainerReportForContainerReportHandler] WARN  container.ContainerReportHandler (AbstractContainerReportHandler.java:updateContainerState(145)) - Container #1 is in OPEN state, but the datanode 0e41e4d3-9bdd-41a7-a6da-f6547615f156{ip: 192.168.69.67, host: pr-hdds-1868-wx8dl-4219780377, networkLocation: /default-rack, certSerialId: null} reports an CLOSED replica.
2019-10-18 07:10:54,801 [EventQueue-ContainerReportForContainerReportHandler] WARN  container.ContainerReportHandler (AbstractContainerReportHandler.java:updateContainerState(145)) - Container #1 is in OPEN state, but the datanode 365c74cf-9edf-4118-8168-00280e7ea799{ip: 192.168.69.67, host: pr-hdds-1868-wx8dl-4219780377, networkLocation: /default-rack, certSerialId: null} reports an CLOSED replica.
2019-10-18 07:10:54,998 [EventQueue-ContainerReportForContainerReportHandler] WARN  container.ContainerReportHandler (AbstractContainerReportHandler.java:updateContainerState(145)) - Container #1 is in OPEN state, but the datanode 0e41e4d3-9bdd-41a7-a6da-f6547615f156{ip: 192.168.69.67, host: pr-hdds-1868-wx8dl-4219780377, networkLocation: /default-rack, certSerialId: null} reports an CLOSED replica.
2019-10-18 07:10:55,001 [EventQueue-ContainerReportForContainerReportHandler] WARN  container.ContainerReportHandler (AbstractContainerReportHandler.java:updateContainerState(145)) - Container #1 is in OPEN state, but the datanode 365c74cf-9edf-4118-8168-00280e7ea799{ip: 192.168.69.67, host: pr-hdds-1868-wx8dl-4219780377, networkLocation: /default-rack, certSerialId: null} reports an CLOSED replica.
2019-10-18 07:10:55,126 [BlockDeletingService#2] WARN  background.BlockDeletingService (BlockDeletingService.java:isDeletionAllowed(187)) - Close Container log Index 6 is not replicated across allthe servers in the pipeline 5b98df48-0bd5-4e4e-b730-4d56d0ff4dd9 as the min replicated index is 4. Deletion is not allowed in this container yet.
2019-10-18 07:10:55,126 [BlockDeletingService#2] WARN  background.BlockDeletingService (BlockDeletingService.java:isDeletionAllowed(187)) - Close Container log Index 6 is not replicated across allthe servers in the pipeline 5b98df48-0bd5-4e4e-b730-4d56d0ff4dd9 as the min replicated index is 4. Deletion is not allowed in this container yet.
2019-10-18 07:10:55,201 [EventQueue-ContainerReportForContainerReportHandler] WARN  container.ContainerReportHandler (AbstractContainerReportHandler.java:updateContainerState(145)) - Container #1 is in OPEN state, but the datanode 365c74cf-9edf-4118-8168-00280e7ea799{ip: 192.168.69.67, host: pr-hdds-1868-wx8dl-4219780377, networkLocation: /default-rack, certSerialId: null} reports an CLOSED replica.
2019-10-18 07:10:55,298 [EventQueue-ContainerReportForContainerReportHandler] WARN  container.ContainerReportHandler (AbstractContainerReportHandler.java:updateContainerState(145)) - Container #1 is in OPEN state, but the datanode 0e41e4d3-9bdd-41a7-a6da-f6547615f156{ip: 192.168.69.67, host: pr-hdds-1868-wx8dl-4219780377, networkLocation: /default-rack, certSerialId: null} reports an CLOSED replica.
2019-10-18 07:10:55,502 [EventQueue-ContainerReportForContainerReportHandler] WARN  container.ContainerReportHandler (AbstractContainerReportHandler.java:updateContainerState(145)) - Container #1 is in OPEN state, but the datanode 365c74cf-9edf-4118-8168-00280e7ea799{ip: 192.168.69.67, host: pr-hdds-1868-wx8dl-4219780377, networkLocation: /default-rack, certSerialId: null} reports an CLOSED replica.
2019-10-18 07:10:55,598 [EventQueue-ContainerReportForContainerReportHandler] WARN  container.ContainerReportHandler (AbstractContainerReportHandler.java:updateContainerState(145)) - Container #1 is in OPEN state, but the datanode 0e41e4d3-9bdd-41a7-a6da-f6547615f156{ip: 192.168.69.67, host: pr-hdds-1868-wx8dl-4219780377, networkLocation: /default-rack, certSerialId: null} reports an CLOSED replica.
2019-10-18 07:10:55,801 [EventQueue-ContainerReportForContainerReportHandler] WARN  container.ContainerReportHandler (AbstractContainerReportHandler.java:updateContainerState(145)) - Container #1 is in OPEN state, but the datanode 365c74cf-9edf-4118-8168-00280e7ea799{ip: 192.168.69.67, host: pr-hdds-1868-wx8dl-4219780377, networkLocation: /default-rack, certSerialId: null} reports an CLOSED replica.
2019-10-18 07:10:56,000 [EventQueue-ContainerReportForContainerReportHandler] WARN  container.ContainerReportHandler (AbstractContainerReportHandler.java:updateContainerState(145)) - Container #1 is in OPEN state, but the datanode 0e41e4d3-9bdd-41a7-a6da-f6547615f156{ip: 192.168.69.67, host: pr-hdds-1868-wx8dl-4219780377, networkLocation: /default-rack, certSerialId: null} reports an CLOSED replica.
2019-10-18 07:10:56,127 [BlockDeletingService#2] WARN  background.BlockDeletingService (BlockDeletingService.java:isDeletionAllowed(187)) - Close Container log Index 6 is not replicated across allthe servers in the pipeline 5b98df48-0bd5-4e4e-b730-4d56d0ff4dd9 as the min replicated index is 4. Deletion is not allowed in this container yet.
2019-10-18 07:10:56,127 [BlockDeletingService#2] WARN  background.BlockDeletingService (BlockDeletingService.java:isDeletionAllowed(187)) - Close Container log Index 6 is not replicated across allthe servers in the pipeline 5b98df48-0bd5-4e4e-b730-4d56d0ff4dd9 as the min replicated index is 4. Deletion is not allowed in this container yet.
2019-10-18 07:10:56,200 [EventQueue-ContainerReportForContainerReportHandler] WARN  container.ContainerReportHandler (AbstractContainerReportHandler.java:updateContainerState(145)) - Container #1 is in OPEN state, but the datanode 0e41e4d3-9bdd-41a7-a6da-f6547615f156{ip: 192.168.69.67, host: pr-hdds-1868-wx8dl-4219780377, networkLocation: /default-rack, certSerialId: null} reports an CLOSED replica.
2019-10-18 07:10:56,202 [EventQueue-ContainerReportForContainerReportHandler] WARN  container.ContainerReportHandler (AbstractContainerReportHandler.java:updateContainerState(145)) - Container #1 is in OPEN state, but the datanode 365c74cf-9edf-4118-8168-00280e7ea799{ip: 192.168.69.67, host: pr-hdds-1868-wx8dl-4219780377, networkLocation: /default-rack, certSerialId: null} reports an CLOSED replica.
2019-10-18 07:10:56,501 [EventQueue-ContainerReportForContainerReportHandler] WARN  container.ContainerReportHandler (AbstractContainerReportHandler.java:updateContainerState(145)) - Container #1 is in OPEN state, but the datanode 0e41e4d3-9bdd-41a7-a6da-f6547615f156{ip: 192.168.69.67, host: pr-hdds-1868-wx8dl-4219780377, networkLocation: /default-rack, certSerialId: null} reports an CLOSED replica.
2019-10-18 07:10:56,503 [EventQueue-ContainerReportForContainerReportHandler] WARN  container.ContainerReportHandler (AbstractContainerReportHandler.java:updateContainerState(145)) - Container #1 is in OPEN state, but the datanode 365c74cf-9edf-4118-8168-00280e7ea799{ip: 192.168.69.67, host: pr-hdds-1868-wx8dl-4219780377, networkLocation: /default-rack, certSerialId: null} reports an CLOSED replica.
2019-10-18 07:10:56,636 [java.util.concurrent.ThreadPoolExecutor$Worker@4d9c7f31[State = -1, empty queue]] WARN  server.GrpcLogAppender (GrpcLogAppender.java:timeoutAppendRequest(209)) - 0e41e4d3-9bdd-41a7-a6da-f6547615f156@group-4D56D0FF4DD9->a7c18b56-7bd4-4e97-bac5-a7861ed2f887-GrpcLogAppender: appendEntries Timeout, request=0e41e4d3-9bdd-41a7-a6da-f6547615f156->a7c18b56-7bd4-4e97-bac5-a7861ed2f887#49-t2, previous=(t:2, i:10), leaderCommit=10, initializing? false, entries: <empty>
2019-10-18 07:10:56,800 [EventQueue-ContainerReportForContainerReportHandler] WARN  container.ContainerReportHandler (AbstractContainerReportHandler.java:updateContainerState(145)) - Container #1 is in OPEN state, but the datanode 0e41e4d3-9bdd-41a7-a6da-f6547615f156{ip: 192.168.69.67, host: pr-hdds-1868-wx8dl-4219780377, networkLocation: /default-rack, certSerialId: null} reports an CLOSED replica.
2019-10-18 07:10:56,803 [EventQueue-ContainerReportForContainerReportHandler] WARN  container.ContainerReportHandler (AbstractContainerReportHandler.java:updateContainerState(145)) - Container #1 is in OPEN state, but the datanode 365c74cf-9edf-4118-8168-00280e7ea799{ip: 192.168.69.67, host: pr-hdds-1868-wx8dl-4219780377, networkLocation: /default-rack, certSerialId: null} reports an CLOSED replica.
2019-10-18 07:10:57,101 [EventQueue-ContainerReportForContainerReportHandler] WARN  container.ContainerReportHandler (AbstractContainerReportHandler.java:updateContainerState(145)) - Container #1 is in OPEN state, but the datanode 0e41e4d3-9bdd-41a7-a6da-f6547615f156{ip: 192.168.69.67, host: pr-hdds-1868-wx8dl-4219780377, networkLocation: /default-rack, certSerialId: null} reports an CLOSED replica.
2019-10-18 07:10:57,129 [BlockDeletingService#2] WARN  background.BlockDeletingService (BlockDeletingService.java:isDeletionAllowed(187)) - Close Container log Index 6 is not replicated across allthe servers in the pipeline 5b98df48-0bd5-4e4e-b730-4d56d0ff4dd9 as the min replicated index is 4. Deletion is not allowed in this container yet.
2019-10-18 07:10:57,129 [BlockDeletingService#2] WARN  background.BlockDeletingService (BlockDeletingService.java:isDeletionAllowed(187)) - Close Container log Index 6 is not replicated across allthe servers in the pipeline 5b98df48-0bd5-4e4e-b730-4d56d0ff4dd9 as the min replicated index is 4. Deletion is not allowed in this container yet.
2019-10-18 07:10:57,203 [EventQueue-ContainerReportForContainerReportHandler] WARN  container.ContainerReportHandler (AbstractContainerReportHandler.java:updateContainerState(145)) - Container #1 is in OPEN state, but the datanode 365c74cf-9edf-4118-8168-00280e7ea799{ip: 192.168.69.67, host: pr-hdds-1868-wx8dl-4219780377, networkLocation: /default-rack, certSerialId: null} reports an CLOSED replica.
2019-10-18 07:10:57,301 [EventQueue-ContainerReportForContainerReportHandler] WARN  container.ContainerReportHandler (AbstractContainerReportHandler.java:updateContainerState(145)) - Container #1 is in OPEN state, but the datanode 0e41e4d3-9bdd-41a7-a6da-f6547615f156{ip: 192.168.69.67, host: pr-hdds-1868-wx8dl-4219780377, networkLocation: /default-rack, certSerialId: null} reports an CLOSED replica.
2019-10-18 07:10:57,317 [EventQueue-StaleNodeForStaleNodeHandler] INFO  node.StaleNodeHandler (StaleNodeHandler.java:onMessage(58)) - Datanode a7c18b56-7bd4-4e97-bac5-a7861ed2f887{ip: 192.168.69.67, host: pr-hdds-1868-wx8dl-4219780377, networkLocation: /default-rack, certSerialId: null} moved to stale state. Finalizing its pipelines [PipelineID=5b98df48-0bd5-4e4e-b730-4d56d0ff4dd9, PipelineID=5bd10b1a-673a-432a-8c72-50e290575453]
2019-10-18 07:10:57,318 [EventQueue-StaleNodeForStaleNodeHandler] INFO  pipeline.SCMPipelineManager (SCMPipelineManager.java:finalizeAndDestroyPipeline(315)) - destroying pipeline:Pipeline[ Id: 5b98df48-0bd5-4e4e-b730-4d56d0ff4dd9, Nodes: a7c18b56-7bd4-4e97-bac5-a7861ed2f887{ip: 192.168.69.67, host: pr-hdds-1868-wx8dl-4219780377, networkLocation: /default-rack, certSerialId: null}365c74cf-9edf-4118-8168-00280e7ea799{ip: 192.168.69.67, host: pr-hdds-1868-wx8dl-4219780377, networkLocation: /default-rack, certSerialId: null}0e41e4d3-9bdd-41a7-a6da-f6547615f156{ip: 192.168.69.67, host: pr-hdds-1868-wx8dl-4219780377, networkLocation: /default-rack, certSerialId: null}, Type:RATIS, Factor:THREE, State:OPEN]
2019-10-18 07:10:57,318 [EventQueue-StaleNodeForStaleNodeHandler] INFO  pipeline.PipelineStateManager (PipelineStateManager.java:finalizePipeline(121)) - Pipeline Pipeline[ Id: 5b98df48-0bd5-4e4e-b730-4d56d0ff4dd9, Nodes: a7c18b56-7bd4-4e97-bac5-a7861ed2f887{ip: 192.168.69.67, host: pr-hdds-1868-wx8dl-4219780377, networkLocation: /default-rack, certSerialId: null}365c74cf-9edf-4118-8168-00280e7ea799{ip: 192.168.69.67, host: pr-hdds-1868-wx8dl-4219780377, networkLocation: /default-rack, certSerialId: null}0e41e4d3-9bdd-41a7-a6da-f6547615f156{ip: 192.168.69.67, host: pr-hdds-1868-wx8dl-4219780377, networkLocation: /default-rack, certSerialId: null}, Type:RATIS, Factor:THREE, State:CLOSED] moved to CLOSED state
2019-10-18 07:10:57,319 [EventQueue-CloseContainerForCloseContainerEventHandler] INFO  container.CloseContainerEventHandler (CloseContainerEventHandler.java:onMessage(61)) - Close container Event triggered for container : #1
2019-10-18 07:10:57,323 [EventQueue-StaleNodeForStaleNodeHandler] INFO  pipeline.SCMPipelineManager (SCMPipelineManager.java:finalizeAndDestroyPipeline(315)) - destroying pipeline:Pipeline[ Id: 5bd10b1a-673a-432a-8c72-50e290575453, Nodes: a7c18b56-7bd4-4e97-bac5-a7861ed2f887{ip: 192.168.69.67, host: pr-hdds-1868-wx8dl-4219780377, networkLocation: /default-rack, certSerialId: null}, Type:RATIS, Factor:ONE, State:OPEN]
2019-10-18 07:10:57,325 [EventQueue-StaleNodeForStaleNodeHandler] INFO  pipeline.PipelineStateManager (PipelineStateManager.java:finalizePipeline(121)) - Pipeline Pipeline[ Id: 5bd10b1a-673a-432a-8c72-50e290575453, Nodes: a7c18b56-7bd4-4e97-bac5-a7861ed2f887{ip: 192.168.69.67, host: pr-hdds-1868-wx8dl-4219780377, networkLocation: /default-rack, certSerialId: null}, Type:RATIS, Factor:ONE, State:CLOSED] moved to CLOSED state
2019-10-18 07:10:57,403 [EventQueue-ContainerReportForContainerReportHandler] INFO  container.ContainerReportHandler (AbstractContainerReportHandler.java:updateContainerState(178)) - Moving container #1 to CLOSED state, datanode 365c74cf-9edf-4118-8168-00280e7ea799{ip: 192.168.69.67, host: pr-hdds-1868-wx8dl-4219780377, networkLocation: /default-rack, certSerialId: null} reported CLOSED replica.
2019-10-18 07:10:57,435 [SCMBlockDeletingService#0] INFO  block.SCMBlockDeletingService (SCMBlockDeletingService.java:call(184)) - Totally added 3 delete blocks command for 3 datanodes, task elapsed time: 3ms
2019-10-18 07:10:57,704 [EventQueue-PendingDeleteStatusForPendingDeleteHandler] INFO  block.SCMBlockDeletingService (SCMBlockDeletingService.java:handlePendingDeletes(115)) - Block deletion txnID mismatch in datanode 0e41e4d3-9bdd-41a7-a6da-f6547615f156 for containerID 1. Datanode delete txnID: 0, SCM txnID: 1
2019-10-18 07:10:57,705 [EventQueue-PendingDeleteStatusForPendingDeleteHandler] INFO  block.SCMBlockDeletingService (SCMBlockDeletingService.java:handlePendingDeletes(115)) - Block deletion txnID mismatch in datanode 365c74cf-9edf-4118-8168-00280e7ea799 for containerID 1. Datanode delete txnID: 0, SCM txnID: 1
2019-10-18 07:10:57,874 [Thread-532] INFO  client.GrpcClientProtocolService (GrpcClientProtocolService.java:lambda$processClientRequest$0(278)) - Failed RaftClientRequest:client-23AD7B0CD45D->365c74cf-9edf-4118-8168-00280e7ea799@group-4D56D0FF4DD9, cid=10, seq=0, Watch-ALL_COMMITTED(6), Message:<EMPTY>, reply=RaftClientReply:client-23AD7B0CD45D->365c74cf-9edf-4118-8168-00280e7ea799@group-4D56D0FF4DD9, cid=10, FAILED org.apache.ratis.protocol.NotLeaderException: Server 365c74cf-9edf-4118-8168-00280e7ea799@group-4D56D0FF4DD9 is not the leader 0e41e4d3-9bdd-41a7-a6da-f6547615f156:192.168.69.67:46622, logIndex=0, commits[365c74cf-9edf-4118-8168-00280e7ea799:c10, a7c18b56-7bd4-4e97-bac5-a7861ed2f887:c4, 0e41e4d3-9bdd-41a7-a6da-f6547615f156:c10]
2019-10-18 07:10:57,885 [Thread-535] INFO  client.GrpcClientProtocolService (GrpcClientProtocolService.java:lambda$processClientRequest$0(278)) - Failed RaftClientRequest:client-23AD7B0CD45D->0e41e4d3-9bdd-41a7-a6da-f6547615f156@group-4D56D0FF4DD9, cid=10, seq=0, Watch-ALL_COMMITTED(6), Message:<EMPTY>, reply=RaftClientReply:client-23AD7B0CD45D->0e41e4d3-9bdd-41a7-a6da-f6547615f156@group-4D56D0FF4DD9, cid=10, FAILED org.apache.ratis.protocol.NotReplicatedException: Request with call Id 10 and log index 6 is not yet replicated to ALL_COMMITTED, logIndex=6, commits[0e41e4d3-9bdd-41a7-a6da-f6547615f156:c10, a7c18b56-7bd4-4e97-bac5-a7861ed2f887:c4, 365c74cf-9edf-4118-8168-00280e7ea799:c10]
2019-10-18 07:10:58,003 [EventQueue-PendingDeleteStatusForPendingDeleteHandler] INFO  block.SCMBlockDeletingService (SCMBlockDeletingService.java:handlePendingDeletes(115)) - Block deletion txnID mismatch in datanode 0e41e4d3-9bdd-41a7-a6da-f6547615f156 for containerID 1. Datanode delete txnID: 0, SCM txnID: 1
2019-10-18 07:10:58,005 [EventQueue-PendingDeleteStatusForPendingDeleteHandler] INFO  block.SCMBlockDeletingService (SCMBlockDeletingService.java:handlePendingDeletes(115)) - Block deletion txnID mismatch in datanode 365c74cf-9edf-4118-8168-00280e7ea799 for containerID 1. Datanode delete txnID: 0, SCM txnID: 1
2019-10-18 07:10:58,130 [BlockDeletingService#2] WARN  background.BlockDeletingService (BlockDeletingService.java:isDeletionAllowed(187)) - Close Container log Index 6 is not replicated across allthe servers in the pipeline 5b98df48-0bd5-4e4e-b730-4d56d0ff4dd9 as the min replicated index is 4. Deletion is not allowed in this container yet.
2019-10-18 07:10:58,132 [BlockDeletingService#2] WARN  background.BlockDeletingService (BlockDeletingService.java:isDeletionAllowed(187)) - Close Container log Index 6 is not replicated across allthe servers in the pipeline 5b98df48-0bd5-4e4e-b730-4d56d0ff4dd9 as the min replicated index is 4. Deletion is not allowed in this container yet.
2019-10-18 07:10:58,203 [EventQueue-PendingDeleteStatusForPendingDeleteHandler] INFO  block.SCMBlockDeletingService (SCMBlockDeletingService.java:handlePendingDeletes(115)) - Block deletion txnID mismatch in datanode 0e41e4d3-9bdd-41a7-a6da-f6547615f156 for containerID 1. Datanode delete txnID: 0, SCM txnID: 1
2019-10-18 07:10:58,206 [Command processor thread] INFO  commandhandler.DeleteBlocksCommandHandler (DeleteBlocksCommandHandler.java:handle(106)) - Start to delete container blocks, TXIDs=[1(0)], numOfContainers=1, numOfBlocks=1
2019-10-18 07:10:58,300 [Command processor thread] INFO  commandhandler.DeleteBlocksCommandHandler (DeleteBlocksCommandHandler.java:handle(106)) - Start to delete container blocks, TXIDs=[1(0)], numOfContainers=1, numOfBlocks=1
2019-10-18 07:10:58,436 [SCMBlockDeletingService#0] INFO  block.SCMBlockDeletingService (SCMBlockDeletingService.java:call(184)) - Totally added 2 delete blocks command for 2 datanodes, task elapsed time: 0ms
2019-10-18 07:10:58,437 [pool-7-thread-1] INFO  commands.RetriableDatanodeEventWatcher (RetriableDatanodeEventWatcher.java:onTimeout(47)) - RetriableDatanodeCommand type=deleteBlocksCommand with id=1571382657434 timed out. Retrying.
2019-10-18 07:10:58,437 [pool-7-thread-2] INFO  commands.RetriableDatanodeEventWatcher (RetriableDatanodeEventWatcher.java:onTimeout(47)) - RetriableDatanodeCommand type=deleteBlocksCommand with id=1571382657436 timed out. Retrying.
2019-10-18 07:10:58,692 [main] INFO  impl.MetricsSystemImpl (MetricsSystemImpl.java:init(158)) - HddsDatanode metrics system started (again)
2019-10-18 07:10:58,733 [main] INFO  ozone.HddsDatanodeService (HddsDatanodeService.java:start(184)) - HddsDatanodeService host:pr-hdds-1868-wx8dl-4219780377 ip:192.168.69.67
2019-10-18 07:10:58,737 [main] INFO  volume.VolumeUsage (VolumeUsage.java:loadScmUsed(144)) - Cached ScmUsed found for /workdir/hadoop-ozone/integration-test/target/test-dir/MiniOzoneClusterImpl-f89c2c08-6094-404b-a270-7fb2417667b2/datanode-2/data/containers : 4096 
2019-10-18 07:10:58,738 [main] INFO  volume.HddsVolume (HddsVolume.java:<init>(176)) - Creating Volume: /workdir/hadoop-ozone/integration-test/target/test-dir/MiniOzoneClusterImpl-f89c2c08-6094-404b-a270-7fb2417667b2/datanode-2/data/containers/hdds of  storage type : DISK and capacity : 1482555576320
2019-10-18 07:10:58,738 [main] INFO  volume.VolumeSet (VolumeSet.java:initializeVolumeSet(170)) - Added Volume : /workdir/hadoop-ozone/integration-test/target/test-dir/MiniOzoneClusterImpl-f89c2c08-6094-404b-a270-7fb2417667b2/datanode-2/data/containers/hdds to VolumeSet
2019-10-18 07:10:58,739 [main] INFO  volume.ThrottledAsyncChecker (ThrottledAsyncChecker.java:schedule(141)) - Scheduling a check for /workdir/hadoop-ozone/integration-test/target/test-dir/MiniOzoneClusterImpl-f89c2c08-6094-404b-a270-7fb2417667b2/datanode-2/data/containers/hdds
2019-10-18 07:10:58,739 [main] INFO  volume.HddsVolumeChecker (HddsVolumeChecker.java:checkAllVolumes(204)) - Scheduled health check for volume /workdir/hadoop-ozone/integration-test/target/test-dir/MiniOzoneClusterImpl-f89c2c08-6094-404b-a270-7fb2417667b2/datanode-2/data/containers/hdds
2019-10-18 07:10:58,785 [main] INFO  impl.RaftServerProxy (ConfUtils.java:logGet(43)) - raft.rpc.type = GRPC (default)
2019-10-18 07:10:58,785 [main] INFO  grpc.GrpcFactory (GrpcFactory.java:checkPooledByteBufAllocatorUseCacheForAllThreads(45)) - PERFORMANCE WARNING: useCacheForAllThreads is true that may cause Netty to create a lot garbage objects and, as a result, trigger GC.
	It is recommended to disable useCacheForAllThreads by setting -Dorg.apache.ratis.thirdparty.io.netty.allocator.useCacheForAllThreads=false in command line.
2019-10-18 07:10:58,785 [main] INFO  grpc.GrpcConfigKeys$Server (ConfUtils.java:logGet(43)) - raft.grpc.server.port = 34061 (custom)
2019-10-18 07:10:58,785 [main] INFO  server.GrpcService (ConfUtils.java:logGet(43)) - raft.grpc.message.size.max = 33570816 (custom)
2019-10-18 07:10:58,786 [main] INFO  server.RaftServerConfigKeys (ConfUtils.java:logGet(43)) - raft.server.log.appender.buffer.byte-limit = 33554432 (custom)
2019-10-18 07:10:58,786 [main] INFO  server.GrpcService (ConfUtils.java:logGet(43)) - raft.grpc.flow.control.window = 1MB (=1048576) (default)
2019-10-18 07:10:58,786 [main] INFO  server.RaftServerConfigKeys (ConfUtils.java:logGet(43)) - raft.server.rpc.request.timeout = 3000ms (default)
2019-10-18 07:10:58,787 [main] INFO  server.RaftServerConfigKeys (ConfUtils.java:logGet(43)) - raft.server.storage.dir = [/workdir/hadoop-ozone/integration-test/target/test-dir/MiniOzoneClusterImpl-f89c2c08-6094-404b-a270-7fb2417667b2/datanode-2/data/ratis] (custom)
2019-10-18 07:10:58,787 [main] INFO  impl.RaftServerProxy (RaftServerProxy.java:lambda$null$0(191)) - a7c18b56-7bd4-4e97-bac5-a7861ed2f887: found a subdirectory /workdir/hadoop-ozone/integration-test/target/test-dir/MiniOzoneClusterImpl-f89c2c08-6094-404b-a270-7fb2417667b2/datanode-2/data/ratis/5bd10b1a-673a-432a-8c72-50e290575453
2019-10-18 07:10:58,788 [main] INFO  impl.RaftServerProxy (RaftServerProxy.java:addNew(89)) - a7c18b56-7bd4-4e97-bac5-a7861ed2f887: addNew group-50E290575453:[] returns group-50E290575453:java.util.concurrent.CompletableFuture@4f327096[Not completed]
2019-10-18 07:10:58,788 [main] INFO  impl.RaftServerProxy (RaftServerProxy.java:lambda$null$0(191)) - a7c18b56-7bd4-4e97-bac5-a7861ed2f887: found a subdirectory /workdir/hadoop-ozone/integration-test/target/test-dir/MiniOzoneClusterImpl-f89c2c08-6094-404b-a270-7fb2417667b2/datanode-2/data/ratis/5b98df48-0bd5-4e4e-b730-4d56d0ff4dd9
2019-10-18 07:10:58,788 [main] INFO  impl.RaftServerProxy (RaftServerProxy.java:addNew(89)) - a7c18b56-7bd4-4e97-bac5-a7861ed2f887: addNew group-4D56D0FF4DD9:[] returns group-4D56D0FF4DD9:java.util.concurrent.CompletableFuture@1d61a348[Not completed]
2019-10-18 07:10:58,797 [main] INFO  hdfs.DFSUtil (DFSUtil.java:httpServerTemplateForNNAndJN(1641)) - Starting Web-server for hddsDatanode at: http://0.0.0.0:33017
2019-10-18 07:10:58,797 [pool-59-thread-1] INFO  impl.RaftServerImpl (RaftServerImpl.java:<init>(104)) - a7c18b56-7bd4-4e97-bac5-a7861ed2f887: new RaftServerImpl for group-50E290575453:[] with ContainerStateMachine:uninitialized
2019-10-18 07:10:58,798 [pool-59-thread-1] INFO  server.RaftServerConfigKeys (ConfUtils.java:logGet(43)) - raft.server.rpc.timeout.min = 5s (custom)
2019-10-18 07:10:58,798 [pool-59-thread-1] INFO  server.RaftServerConfigKeys (ConfUtils.java:logGet(43)) - raft.server.rpc.timeout.max = 5200ms (custom)
2019-10-18 07:10:58,798 [pool-59-thread-1] INFO  server.RaftServerConfigKeys (ConfUtils.java:logGet(43)) - raft.server.rpcslowness.timeout = 1000s (custom)
2019-10-18 07:10:58,799 [pool-59-thread-1] INFO  server.RaftServerConfigKeys (ConfUtils.java:logGet(43)) - raft.server.sleep.deviation.threshold = 300 (default)
2019-10-18 07:10:58,799 [pool-59-thread-1] INFO  server.RaftServerConfigKeys (ConfUtils.java:logGet(43)) - raft.server.log.appender.install.snapshot.enabled = false (custom)
2019-10-18 07:10:58,799 [pool-59-thread-1] INFO  impl.RaftServerImpl (ServerState.java:<init>(103)) - a7c18b56-7bd4-4e97-bac5-a7861ed2f887@group-50E290575453: ConfigurationManager, init=-1: [], old=null, confs=<EMPTY_MAP>
2019-10-18 07:10:58,799 [pool-59-thread-1] INFO  server.RaftServerConfigKeys (ConfUtils.java:logGet(43)) - raft.server.storage.dir = [/workdir/hadoop-ozone/integration-test/target/test-dir/MiniOzoneClusterImpl-f89c2c08-6094-404b-a270-7fb2417667b2/datanode-2/data/ratis] (custom)
2019-10-18 07:10:58,800 [pool-59-thread-1] INFO  server.RaftServerConfigKeys (ConfUtils.java:logGet(43)) - raft.server.log.corruption.policy = EXCEPTION (default)
2019-10-18 07:10:58,802 [main] INFO  server.AuthenticationFilter (AuthenticationFilter.java:constructSecretProvider(240)) - Unable to initialize FileSignerSecretProvider, falling back to use random secrets.
2019-10-18 07:10:58,803 [main] WARN  http.HttpRequestLog (HttpRequestLog.java:getRequestLog(97)) - Jetty request log can only be enabled using Log4j
2019-10-18 07:10:58,806 [main] INFO  http.HttpServer2 (HttpServer2.java:addGlobalFilter(975)) - Added global filter 'safety' (class=org.apache.hadoop.http.HttpServer2$QuotingInputFilter)
2019-10-18 07:10:58,807 [main] INFO  http.HttpServer2 (HttpServer2.java:addFilter(948)) - Added filter static_user_filter (class=org.apache.hadoop.http.lib.StaticUserWebFilter$StaticUserFilter) to context hddsDatanode
2019-10-18 07:10:58,807 [main] INFO  http.HttpServer2 (HttpServer2.java:addFilter(958)) - Added filter static_user_filter (class=org.apache.hadoop.http.lib.StaticUserWebFilter$StaticUserFilter) to context logs
2019-10-18 07:10:58,808 [main] INFO  http.HttpServer2 (HttpServer2.java:addFilter(958)) - Added filter static_user_filter (class=org.apache.hadoop.http.lib.StaticUserWebFilter$StaticUserFilter) to context static
2019-10-18 07:10:58,809 [main] INFO  http.HttpServer2 (HttpServer2.java:bindListener(1191)) - Jetty bound to port 33017
2019-10-18 07:10:58,810 [main] INFO  server.Server (Server.java:doStart(351)) - jetty-9.3.25.v20180904, build timestamp: 2018-09-04T21:11:46Z, git hash: 3ce520221d0240229c862b122d2b06c12a625732
2019-10-18 07:10:58,812 [main] INFO  handler.ContextHandler (ContextHandler.java:doStart(781)) - Started o.e.j.s.ServletContextHandler@8cc8cdb{/logs,file:///workdir/hadoop-ozone/integration-test/target/log,AVAILABLE}
2019-10-18 07:10:58,813 [main] INFO  handler.ContextHandler (ContextHandler.java:doStart(781)) - Started o.e.j.s.ServletContextHandler@44fff386{/static,jar:file:/home/user/.m2/repository/org/apache/hadoop/hadoop-hdds-container-service/0.5.0-SNAPSHOT/hadoop-hdds-container-service-0.5.0-SNAPSHOT.jar!/webapps/static,AVAILABLE}
2019-10-18 07:10:58,813 [pool-59-thread-1] INFO  storage.RaftStorageDirectory (RaftStorageDirectory.java:tryLock(328)) - Lock on /workdir/hadoop-ozone/integration-test/target/test-dir/MiniOzoneClusterImpl-f89c2c08-6094-404b-a270-7fb2417667b2/datanode-2/data/ratis/5bd10b1a-673a-432a-8c72-50e290575453/in_use.lock acquired by nodename 23956@pr-hdds-1868-wx8dl-4219780377
2019-10-18 07:10:58,815 [pool-59-thread-1] INFO  ratis.ContainerStateMachine (ContainerStateMachine.java:loadSnapshot(233)) - group-50E290575453: The snapshot info is null. Setting the last applied indexto:(t:0, i:~)
2019-10-18 07:10:58,815 [pool-59-thread-1] INFO  server.RaftServerConfigKeys (ConfUtils.java:logGet(43)) - raft.server.notification.no-leader.timeout = 1000s (custom)
2019-10-18 07:10:58,815 [pool-59-thread-1] INFO  server.RaftServerConfigKeys (ConfUtils.java:logGet(43)) - raft.server.log.use.memory = false (default)
2019-10-18 07:10:58,815 [pool-59-thread-1] INFO  server.RaftServerConfigKeys (ConfUtils.java:logGet(43)) - raft.server.log.purge.gap = 1000000 (custom)
2019-10-18 07:10:58,816 [pool-59-thread-1] INFO  server.RaftServerConfigKeys (ConfUtils.java:logGet(43)) - raft.server.log.appender.buffer.byte-limit = 33554432 (custom)
2019-10-18 07:10:58,816 [pool-59-thread-1] INFO  server.RaftServerConfigKeys (ConfUtils.java:logGet(43)) - raft.server.log.segment.size.max = 1048576 (custom)
2019-10-18 07:10:58,816 [pool-59-thread-1] INFO  server.RaftServerConfigKeys (ConfUtils.java:logGet(43)) - raft.server.log.segment.cache.num.max = 2 (custom)
2019-10-18 07:10:58,816 [pool-59-thread-1] INFO  segmented.SegmentedRaftLogWorker (SegmentedRaftLogWorker.java:<init>(173)) - new a7c18b56-7bd4-4e97-bac5-a7861ed2f887@group-50E290575453-SegmentedRaftLogWorker for RaftStorage:Storage Directory /workdir/hadoop-ozone/integration-test/target/test-dir/MiniOzoneClusterImpl-f89c2c08-6094-404b-a270-7fb2417667b2/datanode-2/data/ratis/5bd10b1a-673a-432a-8c72-50e290575453
2019-10-18 07:10:58,816 [pool-59-thread-1] INFO  server.RaftServerConfigKeys (ConfUtils.java:logGet(43)) - raft.server.log.queue.byte-limit = 2147483647 (custom)
2019-10-18 07:10:58,816 [pool-59-thread-1] INFO  server.RaftServerConfigKeys (ConfUtils.java:logGet(43)) - raft.server.log.queue.element-limit = 1024 (custom)
2019-10-18 07:10:58,817 [pool-59-thread-1] INFO  server.RaftServerConfigKeys (ConfUtils.java:logGet(43)) - raft.server.log.segment.size.max = 1048576 (custom)
2019-10-18 07:10:58,817 [pool-59-thread-1] INFO  server.RaftServerConfigKeys (ConfUtils.java:logGet(43)) - raft.server.log.preallocated.size = 16384 (custom)
2019-10-18 07:10:58,817 [pool-59-thread-1] INFO  server.RaftServerConfigKeys (ConfUtils.java:logGet(43)) - raft.server.log.write.buffer.size = 33554432 (custom)
2019-10-18 07:10:58,817 [pool-59-thread-1] INFO  server.RaftServerConfigKeys (ConfUtils.java:logGet(43)) - raft.server.log.force.sync.num = 128 (default)
2019-10-18 07:10:58,817 [pool-59-thread-1] INFO  server.RaftServerConfigKeys (ConfUtils.java:logGet(43)) - raft.server.log.statemachine.data.sync = true (default)
2019-10-18 07:10:58,817 [pool-59-thread-1] INFO  server.RaftServerConfigKeys (ConfUtils.java:logGet(43)) - raft.server.log.statemachine.data.sync.timeout = 10s (default)
2019-10-18 07:10:58,817 [pool-59-thread-1] INFO  server.RaftServerConfigKeys (ConfUtils.java:logGet(43)) - raft.server.log.statemachine.data.sync.timeout.retry = -1 (default)
2019-10-18 07:10:58,818 [pool-59-thread-1] INFO  server.RaftServerConfigKeys (ConfUtils.java:logGet(43)) - raft.server.log.statemachine.data.caching.enabled = true (custom)
2019-10-18 07:10:58,826 [pool-59-thread-1] INFO  impl.RaftServerImpl (ServerState.java:setRaftConf(357)) - a7c18b56-7bd4-4e97-bac5-a7861ed2f887@group-50E290575453: set configuration 0: [a7c18b56-7bd4-4e97-bac5-a7861ed2f887:192.168.69.67:34061], old=null at 0
2019-10-18 07:10:58,827 [pool-59-thread-1] INFO  segmented.LogSegment (LogSegment.java:loadSegment(140)) - Successfully read 1 entries from segment file /workdir/hadoop-ozone/integration-test/target/test-dir/MiniOzoneClusterImpl-f89c2c08-6094-404b-a270-7fb2417667b2/datanode-2/data/ratis/5bd10b1a-673a-432a-8c72-50e290575453/current/log_inprogress_0
2019-10-18 07:10:58,827 [pool-59-thread-1] INFO  segmented.SegmentedRaftLogWorker (SegmentedRaftLogWorker.java:lambda$new$0(128)) - a7c18b56-7bd4-4e97-bac5-a7861ed2f887@group-50E290575453-SegmentedRaftLogWorker: flushIndex: setUnconditionally 0 -> 0
2019-10-18 07:10:58,856 [pool-59-thread-1] INFO  server.RaftServerConfigKeys (ConfUtils.java:logGet(43)) - raft.server.snapshot.auto.trigger.enabled = true (custom)
2019-10-18 07:10:58,856 [pool-59-thread-1] INFO  server.RaftServerConfigKeys (ConfUtils.java:logGet(43)) - raft.server.snapshot.auto.trigger.threshold = 10000 (custom)
2019-10-18 07:10:58,856 [pool-59-thread-1] INFO  server.RaftServerConfigKeys (ConfUtils.java:logGet(43)) - raft.server.snapshot.retention.file.num = 5 (custom)
2019-10-18 07:10:58,856 [pool-59-thread-1] INFO  server.RaftServerConfigKeys (ConfUtils.java:logGet(43)) - raft.server.retrycache.expirytime = 600000ms (custom)
2019-10-18 07:10:58,858 [pool-59-thread-1] INFO  impl.RaftServerImpl (RaftServerImpl.java:<init>(104)) - a7c18b56-7bd4-4e97-bac5-a7861ed2f887: new RaftServerImpl for group-4D56D0FF4DD9:[] with ContainerStateMachine:uninitialized
2019-10-18 07:10:58,858 [main] INFO  handler.ContextHandler (ContextHandler.java:doStart(781)) - Started o.e.j.w.WebAppContext@5f96f6a2{/,file:///tmp/jetty-0.0.0.0-33017-hddsDatanode-_-any-3919416433141570277.dir/webapp/,AVAILABLE}{/hddsDatanode}
2019-10-18 07:10:58,858 [pool-59-thread-1] INFO  server.RaftServerConfigKeys (ConfUtils.java:logGet(43)) - raft.server.rpc.timeout.min = 5s (custom)
2019-10-18 07:10:58,859 [pool-59-thread-1] INFO  server.RaftServerConfigKeys (ConfUtils.java:logGet(43)) - raft.server.rpc.timeout.max = 5200ms (custom)
2019-10-18 07:10:58,859 [pool-59-thread-1] INFO  server.RaftServerConfigKeys (ConfUtils.java:logGet(43)) - raft.server.rpcslowness.timeout = 1000s (custom)
2019-10-18 07:10:58,859 [pool-59-thread-1] INFO  server.RaftServerConfigKeys (ConfUtils.java:logGet(43)) - raft.server.sleep.deviation.threshold = 300 (default)
2019-10-18 07:10:58,860 [main] INFO  server.AbstractConnector (AbstractConnector.java:doStart(278)) - Started ServerConnector@48df4071{HTTP/1.1,[http/1.1]}{0.0.0.0:33017}
2019-10-18 07:10:58,860 [pool-59-thread-1] INFO  server.RaftServerConfigKeys (ConfUtils.java:logGet(43)) - raft.server.log.appender.install.snapshot.enabled = false (custom)
2019-10-18 07:10:58,861 [main] INFO  server.Server (Server.java:doStart(419)) - Started @114574ms
2019-10-18 07:10:58,861 [pool-59-thread-1] INFO  impl.RaftServerImpl (ServerState.java:<init>(103)) - a7c18b56-7bd4-4e97-bac5-a7861ed2f887@group-4D56D0FF4DD9: ConfigurationManager, init=-1: [], old=null, confs=<EMPTY_MAP>
2019-10-18 07:10:58,861 [main] WARN  impl.MetricsSystemImpl (MetricsSystemImpl.java:register(276)) - Sink prometheus already exists!
2019-10-18 07:10:58,861 [pool-59-thread-1] INFO  server.RaftServerConfigKeys (ConfUtils.java:logGet(43)) - raft.server.storage.dir = [/workdir/hadoop-ozone/integration-test/target/test-dir/MiniOzoneClusterImpl-f89c2c08-6094-404b-a270-7fb2417667b2/datanode-2/data/ratis] (custom)
2019-10-18 07:10:58,861 [pool-59-thread-1] INFO  server.RaftServerConfigKeys (ConfUtils.java:logGet(43)) - raft.server.log.corruption.policy = EXCEPTION (default)
2019-10-18 07:10:58,862 [main] INFO  server.BaseHttpServer (BaseHttpServer.java:updateConnectorAddress(215)) - HTTP server of HDDSDATANODE is listening at http://0.0.0.0:33017
2019-10-18 07:10:58,864 [org.apache.hadoop.util.JvmPauseMonitor$Monitor@590c4a20] INFO  util.JvmPauseMonitor (JvmPauseMonitor.java:run(188)) - Starting JVM pause monitor
2019-10-18 07:10:58,874 [pool-59-thread-1] INFO  storage.RaftStorageDirectory (RaftStorageDirectory.java:tryLock(328)) - Lock on /workdir/hadoop-ozone/integration-test/target/test-dir/MiniOzoneClusterImpl-f89c2c08-6094-404b-a270-7fb2417667b2/datanode-2/data/ratis/5b98df48-0bd5-4e4e-b730-4d56d0ff4dd9/in_use.lock acquired by nodename 23956@pr-hdds-1868-wx8dl-4219780377
2019-10-18 07:10:58,877 [pool-59-thread-1] INFO  ratis.ContainerStateMachine (ContainerStateMachine.java:loadSnapshot(242)) - group-4D56D0FF4DD9: Setting the last applied index to (t:2, i:3)
2019-10-18 07:10:58,882 [pool-59-thread-1] INFO  impl.RaftServerImpl (ServerState.java:setRaftConf(357)) - a7c18b56-7bd4-4e97-bac5-a7861ed2f887@group-4D56D0FF4DD9: set configuration 0: [a7c18b56-7bd4-4e97-bac5-a7861ed2f887:192.168.69.67:34061, 0e41e4d3-9bdd-41a7-a6da-f6547615f156:192.168.69.67:46622, 365c74cf-9edf-4118-8168-00280e7ea799:192.168.69.67:37281], old=null at 0
2019-10-18 07:10:58,882 [pool-59-thread-1] INFO  server.RaftServerConfigKeys (ConfUtils.java:logGet(43)) - raft.server.notification.no-leader.timeout = 1000s (custom)
2019-10-18 07:10:58,882 [pool-59-thread-1] INFO  server.RaftServerConfigKeys (ConfUtils.java:logGet(43)) - raft.server.log.use.memory = false (default)
2019-10-18 07:10:58,882 [pool-59-thread-1] INFO  server.RaftServerConfigKeys (ConfUtils.java:logGet(43)) - raft.server.log.purge.gap = 1000000 (custom)
2019-10-18 07:10:58,882 [pool-59-thread-1] INFO  server.RaftServerConfigKeys (ConfUtils.java:logGet(43)) - raft.server.log.appender.buffer.byte-limit = 33554432 (custom)
2019-10-18 07:10:58,882 [pool-59-thread-1] INFO  server.RaftServerConfigKeys (ConfUtils.java:logGet(43)) - raft.server.log.segment.size.max = 1048576 (custom)
2019-10-18 07:10:58,883 [pool-59-thread-1] INFO  server.RaftServerConfigKeys (ConfUtils.java:logGet(43)) - raft.server.log.segment.cache.num.max = 2 (custom)
2019-10-18 07:10:58,883 [pool-59-thread-1] INFO  segmented.SegmentedRaftLogWorker (SegmentedRaftLogWorker.java:<init>(173)) - new a7c18b56-7bd4-4e97-bac5-a7861ed2f887@group-4D56D0FF4DD9-SegmentedRaftLogWorker for RaftStorage:Storage Directory /workdir/hadoop-ozone/integration-test/target/test-dir/MiniOzoneClusterImpl-f89c2c08-6094-404b-a270-7fb2417667b2/datanode-2/data/ratis/5b98df48-0bd5-4e4e-b730-4d56d0ff4dd9
2019-10-18 07:10:58,883 [pool-59-thread-1] INFO  server.RaftServerConfigKeys (ConfUtils.java:logGet(43)) - raft.server.log.queue.byte-limit = 2147483647 (custom)
2019-10-18 07:10:58,883 [pool-59-thread-1] INFO  server.RaftServerConfigKeys (ConfUtils.java:logGet(43)) - raft.server.log.queue.element-limit = 1024 (custom)
2019-10-18 07:10:58,883 [pool-59-thread-1] INFO  server.RaftServerConfigKeys (ConfUtils.java:logGet(43)) - raft.server.log.segment.size.max = 1048576 (custom)
2019-10-18 07:10:58,883 [pool-59-thread-1] INFO  server.RaftServerConfigKeys (ConfUtils.java:logGet(43)) - raft.server.log.preallocated.size = 16384 (custom)
2019-10-18 07:10:58,883 [pool-59-thread-1] INFO  server.RaftServerConfigKeys (ConfUtils.java:logGet(43)) - raft.server.log.write.buffer.size = 33554432 (custom)
2019-10-18 07:10:58,883 [pool-59-thread-1] INFO  server.RaftServerConfigKeys (ConfUtils.java:logGet(43)) - raft.server.log.force.sync.num = 128 (default)
2019-10-18 07:10:58,883 [pool-59-thread-1] INFO  server.RaftServerConfigKeys (ConfUtils.java:logGet(43)) - raft.server.log.statemachine.data.sync = true (default)
2019-10-18 07:10:58,883 [pool-59-thread-1] INFO  server.RaftServerConfigKeys (ConfUtils.java:logGet(43)) - raft.server.log.statemachine.data.sync.timeout = 10s (default)
2019-10-18 07:10:58,883 [pool-59-thread-1] INFO  server.RaftServerConfigKeys (ConfUtils.java:logGet(43)) - raft.server.log.statemachine.data.sync.timeout.retry = -1 (default)
2019-10-18 07:10:58,884 [pool-59-thread-1] INFO  server.RaftServerConfigKeys (ConfUtils.java:logGet(43)) - raft.server.log.statemachine.data.caching.enabled = true (custom)
2019-10-18 07:10:58,884 [pool-59-thread-1] INFO  impl.RaftServerImpl (ServerState.java:setRaftConf(357)) - a7c18b56-7bd4-4e97-bac5-a7861ed2f887@group-4D56D0FF4DD9: set configuration 0: [a7c18b56-7bd4-4e97-bac5-a7861ed2f887:192.168.69.67:34061, 0e41e4d3-9bdd-41a7-a6da-f6547615f156:192.168.69.67:46622, 365c74cf-9edf-4118-8168-00280e7ea799:192.168.69.67:37281], old=null at 0
2019-10-18 07:10:58,885 [pool-59-thread-1] INFO  segmented.LogSegment (LogSegment.java:loadSegment(140)) - Successfully read 5 entries from segment file /workdir/hadoop-ozone/integration-test/target/test-dir/MiniOzoneClusterImpl-f89c2c08-6094-404b-a270-7fb2417667b2/datanode-2/data/ratis/5b98df48-0bd5-4e4e-b730-4d56d0ff4dd9/current/log_inprogress_0
2019-10-18 07:10:58,885 [pool-59-thread-1] INFO  segmented.SegmentedRaftLogWorker (SegmentedRaftLogWorker.java:lambda$new$0(128)) - a7c18b56-7bd4-4e97-bac5-a7861ed2f887@group-4D56D0FF4DD9-SegmentedRaftLogWorker: flushIndex: setUnconditionally 0 -> 4
2019-10-18 07:10:58,909 [pool-59-thread-1] INFO  raftlog.RaftLog (RaftLog.java:lambda$new$0(61)) - a7c18b56-7bd4-4e97-bac5-a7861ed2f887@group-4D56D0FF4DD9-SegmentedRaftLog: commitIndex: updateToMax old=3, new=3, updated? false
2019-10-18 07:10:58,909 [pool-59-thread-1] INFO  server.RaftServerConfigKeys (ConfUtils.java:logGet(43)) - raft.server.snapshot.auto.trigger.enabled = true (custom)
2019-10-18 07:10:58,909 [pool-59-thread-1] INFO  server.RaftServerConfigKeys (ConfUtils.java:logGet(43)) - raft.server.snapshot.auto.trigger.threshold = 10000 (custom)
2019-10-18 07:10:58,909 [pool-59-thread-1] INFO  server.RaftServerConfigKeys (ConfUtils.java:logGet(43)) - raft.server.snapshot.retention.file.num = 5 (custom)
2019-10-18 07:10:58,909 [pool-59-thread-1] INFO  server.RaftServerConfigKeys (ConfUtils.java:logGet(43)) - raft.server.retrycache.expirytime = 600000ms (custom)
2019-10-18 07:10:59,133 [BlockDeletingService#2] WARN  background.BlockDeletingService (BlockDeletingService.java:isDeletionAllowed(187)) - Close Container log Index 6 is not replicated across allthe servers in the pipeline 5b98df48-0bd5-4e4e-b730-4d56d0ff4dd9 as the min replicated index is 4. Deletion is not allowed in this container yet.
2019-10-18 07:10:59,133 [BlockDeletingService#2] WARN  background.BlockDeletingService (BlockDeletingService.java:isDeletionAllowed(187)) - Close Container log Index 6 is not replicated across allthe servers in the pipeline 5b98df48-0bd5-4e4e-b730-4d56d0ff4dd9 as the min replicated index is 4. Deletion is not allowed in this container yet.
2019-10-18 07:10:59,136 [java.util.concurrent.ThreadPoolExecutor$Worker@4d9c7f31[State = -1, empty queue]] WARN  server.GrpcLogAppender (GrpcLogAppender.java:timeoutAppendRequest(209)) - 0e41e4d3-9bdd-41a7-a6da-f6547615f156@group-4D56D0FF4DD9->a7c18b56-7bd4-4e97-bac5-a7861ed2f887-GrpcLogAppender: appendEntries Timeout, request=0e41e4d3-9bdd-41a7-a6da-f6547615f156->a7c18b56-7bd4-4e97-bac5-a7861ed2f887#50-t2, previous=(t:2, i:10), leaderCommit=10, initializing? false, entries: <empty>
2019-10-18 07:10:59,403 [Command processor thread] INFO  commandhandler.DeleteBlocksCommandHandler (DeleteBlocksCommandHandler.java:handle(106)) - Start to delete container blocks, TXIDs=[1(2)], numOfContainers=1, numOfBlocks=1
2019-10-18 07:10:59,403 [Command processor thread] INFO  commandhandler.DeleteBlocksCommandHandler (DeleteBlocksCommandHandler.java:handle(106)) - Start to delete container blocks, TXIDs=[1(0)], numOfContainers=1, numOfBlocks=1
2019-10-18 07:10:59,436 [pool-7-thread-2] INFO  commands.RetriableDatanodeEventWatcher (RetriableDatanodeEventWatcher.java:onTimeout(47)) - RetriableDatanodeCommand type=deleteBlocksCommand with id=1571382657437 timed out. Retrying.
2019-10-18 07:10:59,436 [pool-7-thread-1] INFO  commands.RetriableDatanodeEventWatcher (RetriableDatanodeEventWatcher.java:onTimeout(47)) - RetriableDatanodeCommand type=deleteBlocksCommand with id=1571382657438 timed out. Retrying.
2019-10-18 07:10:59,437 [SCMBlockDeletingService#0] INFO  block.SCMBlockDeletingService (SCMBlockDeletingService.java:call(184)) - Totally added 1 delete blocks command for 1 datanodes, task elapsed time: 0ms
2019-10-18 07:10:59,438 [pool-7-thread-1] INFO  commands.RetriableDatanodeEventWatcher (RetriableDatanodeEventWatcher.java:onTimeout(47)) - RetriableDatanodeCommand type=deleteBlocksCommand with id=1571382657434 timed out. Retrying.
2019-10-18 07:10:59,505 [EventQueue-DeleteBlockStatusForEventWatcher$$Lambda$30/637241618] WARN  events.EventWatcher (EventWatcher.java:lambda$start$0(110)) - Completion event without active lease. Id=1571382657436
2019-10-18 07:11:00,134 [BlockDeletingService#2] WARN  background.BlockDeletingService (BlockDeletingService.java:isDeletionAllowed(187)) - Close Container log Index 6 is not replicated across allthe servers in the pipeline 5b98df48-0bd5-4e4e-b730-4d56d0ff4dd9 as the min replicated index is 4. Deletion is not allowed in this container yet.
2019-10-18 07:11:00,134 [BlockDeletingService#2] WARN  background.BlockDeletingService (BlockDeletingService.java:isDeletionAllowed(187)) - Close Container log Index 6 is not replicated across allthe servers in the pipeline 5b98df48-0bd5-4e4e-b730-4d56d0ff4dd9 as the min replicated index is 4. Deletion is not allowed in this container yet.
2019-10-18 07:11:00,405 [Command processor thread] INFO  commandhandler.DeleteBlocksCommandHandler (DeleteBlocksCommandHandler.java:handle(106)) - Start to delete container blocks, TXIDs=[1(2)], numOfContainers=1, numOfBlocks=1
2019-10-18 07:11:00,437 [pool-7-thread-1] INFO  commands.RetriableDatanodeEventWatcher (RetriableDatanodeEventWatcher.java:onTimeout(47)) - RetriableDatanodeCommand type=deleteBlocksCommand with id=1571382657437 timed out. Retrying.
2019-10-18 07:11:00,437 [SCMBlockDeletingService#0] INFO  block.SCMBlockDeletingService (SCMBlockDeletingService.java:call(184)) - Totally added 1 delete blocks command for 1 datanodes, task elapsed time: 0ms
2019-10-18 07:11:00,437 [pool-7-thread-1] INFO  commands.RetriableDatanodeEventWatcher (RetriableDatanodeEventWatcher.java:onTimeout(47)) - RetriableDatanodeCommand type=deleteBlocksCommand with id=1571382657434 timed out. Retrying.
2019-10-18 07:11:00,438 [pool-7-thread-2] INFO  commands.RetriableDatanodeEventWatcher (RetriableDatanodeEventWatcher.java:onTimeout(47)) - RetriableDatanodeCommand type=deleteBlocksCommand with id=1571382657439 timed out. Retrying.
2019-10-18 07:11:00,505 [EventQueue-DeleteBlockStatusForEventWatcher$$Lambda$30/637241618] WARN  events.EventWatcher (EventWatcher.java:lambda$start$0(110)) - Completion event without active lease. Id=1571382657438
2019-10-18 07:11:00,867 [Datanode State Machine Thread - 0] INFO  ozoneimpl.OzoneContainer (OzoneContainer.java:start(213)) - Attempting to start container services.
2019-10-18 07:11:00,869 [Datanode State Machine Thread - 0] INFO  ozoneimpl.OzoneContainer (OzoneContainer.java:startContainerScrub(177)) - Background container scanner has been disabled.
2019-10-18 07:11:00,869 [Datanode State Machine Thread - 0] INFO  ratis.XceiverServerRatis (XceiverServerRatis.java:start(424)) - Starting XceiverServerRatis a7c18b56-7bd4-4e97-bac5-a7861ed2f887 at port 34061
2019-10-18 07:11:00,880 [Datanode State Machine Thread - 0] INFO  impl.RaftServerImpl (RaftServerImpl.java:start(195)) - a7c18b56-7bd4-4e97-bac5-a7861ed2f887@group-50E290575453: start as a follower, conf=0: [a7c18b56-7bd4-4e97-bac5-a7861ed2f887:192.168.69.67:34061], old=null
2019-10-18 07:11:00,881 [ForkJoinPool.commonPool-worker-1] INFO  impl.RaftServerImpl (RaftServerImpl.java:start(195)) - a7c18b56-7bd4-4e97-bac5-a7861ed2f887@group-4D56D0FF4DD9: start as a follower, conf=0: [a7c18b56-7bd4-4e97-bac5-a7861ed2f887:192.168.69.67:34061, 0e41e4d3-9bdd-41a7-a6da-f6547615f156:192.168.69.67:46622, 365c74cf-9edf-4118-8168-00280e7ea799:192.168.69.67:37281], old=null
2019-10-18 07:11:00,881 [Datanode State Machine Thread - 0] INFO  impl.RaftServerImpl (RaftServerImpl.java:setRole(184)) - a7c18b56-7bd4-4e97-bac5-a7861ed2f887@group-50E290575453: changes role from      null to FOLLOWER at term 1 for startAsFollower
2019-10-18 07:11:00,882 [ForkJoinPool.commonPool-worker-1] INFO  impl.RaftServerImpl (RaftServerImpl.java:setRole(184)) - a7c18b56-7bd4-4e97-bac5-a7861ed2f887@group-4D56D0FF4DD9: changes role from      null to FOLLOWER at term 2 for startAsFollower
2019-10-18 07:11:00,882 [Datanode State Machine Thread - 0] INFO  impl.RoleInfo (RoleInfo.java:updateAndGet(143)) - a7c18b56-7bd4-4e97-bac5-a7861ed2f887: start FollowerState
2019-10-18 07:11:00,882 [ForkJoinPool.commonPool-worker-1] INFO  impl.RoleInfo (RoleInfo.java:updateAndGet(143)) - a7c18b56-7bd4-4e97-bac5-a7861ed2f887: start FollowerState
2019-10-18 07:11:00,883 [ForkJoinPool.commonPool-worker-1] INFO  util.JmxRegister (JmxRegister.java:tryRegister(44)) - Successfully registered JMX Bean with object name Ratis:service=RaftServer,group=group-4D56D0FF4DD9,id=a7c18b56-7bd4-4e97-bac5-a7861ed2f887
2019-10-18 07:11:00,883 [Datanode State Machine Thread - 0] INFO  util.JmxRegister (JmxRegister.java:tryRegister(44)) - Successfully registered JMX Bean with object name Ratis:service=RaftServer,group=group-50E290575453,id=a7c18b56-7bd4-4e97-bac5-a7861ed2f887
2019-10-18 07:11:00,885 [Thread-561] INFO  impl.FollowerState (FollowerState.java:run(108)) - a7c18b56-7bd4-4e97-bac5-a7861ed2f887@group-4D56D0FF4DD9-FollowerState: change to CANDIDATE, lastRpcTime:3ms, electionTimeout:2ms
2019-10-18 07:11:00,885 [Thread-561] INFO  impl.RoleInfo (RoleInfo.java:shutdownFollowerState(121)) - a7c18b56-7bd4-4e97-bac5-a7861ed2f887: shutdown FollowerState
2019-10-18 07:11:00,885 [Datanode State Machine Thread - 0] INFO  impl.RaftServerProxy (RaftServerProxy.java:lambda$start$3(299)) - a7c18b56-7bd4-4e97-bac5-a7861ed2f887: start RPC server
2019-10-18 07:11:00,885 [Thread-561] INFO  impl.RaftServerImpl (RaftServerImpl.java:setRole(184)) - a7c18b56-7bd4-4e97-bac5-a7861ed2f887@group-4D56D0FF4DD9: changes role from  FOLLOWER to CANDIDATE at term 2 for changeToCandidate
2019-10-18 07:11:00,886 [Thread-561] INFO  impl.RoleInfo (RoleInfo.java:updateAndGet(143)) - a7c18b56-7bd4-4e97-bac5-a7861ed2f887: start LeaderElection
2019-10-18 07:11:00,893 [Datanode State Machine Thread - 0] INFO  server.GrpcService (GrpcService.java:startImpl(158)) - a7c18b56-7bd4-4e97-bac5-a7861ed2f887: GrpcService started, listening on 0.0.0.0/0.0.0.0:34061
2019-10-18 07:11:00,928 [a7c18b56-7bd4-4e97-bac5-a7861ed2f887@group-4D56D0FF4DD9-LeaderElection6] INFO  impl.LeaderElection (LeaderElection.java:askForVotes(178)) - a7c18b56-7bd4-4e97-bac5-a7861ed2f887@group-4D56D0FF4DD9-LeaderElection6: begin an election at term 3 for 0: [a7c18b56-7bd4-4e97-bac5-a7861ed2f887:192.168.69.67:34061, 0e41e4d3-9bdd-41a7-a6da-f6547615f156:192.168.69.67:46622, 365c74cf-9edf-4118-8168-00280e7ea799:192.168.69.67:37281], old=null
2019-10-18 07:11:00,945 [grpc-default-executor-0] INFO  impl.RaftServerImpl (ServerState.java:setLeader(256)) - 0e41e4d3-9bdd-41a7-a6da-f6547615f156@group-4D56D0FF4DD9: change Leader from 0e41e4d3-9bdd-41a7-a6da-f6547615f156 to null at term 3 for updateCurrentTerm
2019-10-18 07:11:00,945 [grpc-default-executor-6] INFO  impl.RaftServerImpl (ServerState.java:setLeader(256)) - 365c74cf-9edf-4118-8168-00280e7ea799@group-4D56D0FF4DD9: change Leader from 0e41e4d3-9bdd-41a7-a6da-f6547615f156 to null at term 3 for updateCurrentTerm
2019-10-18 07:11:00,945 [grpc-default-executor-0] INFO  impl.RaftServerImpl (RaftServerImpl.java:setRole(184)) - 0e41e4d3-9bdd-41a7-a6da-f6547615f156@group-4D56D0FF4DD9: changes role from    LEADER to FOLLOWER at term 3 for recognizeCandidate:a7c18b56-7bd4-4e97-bac5-a7861ed2f887
2019-10-18 07:11:00,946 [grpc-default-executor-6] INFO  impl.RaftServerImpl (RaftServerImpl.java:setRole(184)) - 365c74cf-9edf-4118-8168-00280e7ea799@group-4D56D0FF4DD9: changes role from  FOLLOWER to FOLLOWER at term 3 for recognizeCandidate:a7c18b56-7bd4-4e97-bac5-a7861ed2f887
2019-10-18 07:11:00,946 [grpc-default-executor-0] INFO  impl.RoleInfo (RoleInfo.java:shutdownLeaderState(104)) - 0e41e4d3-9bdd-41a7-a6da-f6547615f156: shutdown LeaderState
2019-10-18 07:11:00,946 [grpc-default-executor-6] INFO  impl.RoleInfo (RoleInfo.java:shutdownFollowerState(121)) - 365c74cf-9edf-4118-8168-00280e7ea799: shutdown FollowerState
2019-10-18 07:11:00,948 [grpc-default-executor-0] INFO  impl.PendingRequests (PendingRequests.java:sendNotLeaderResponses(202)) - 0e41e4d3-9bdd-41a7-a6da-f6547615f156@group-4D56D0FF4DD9-PendingRequests: sendNotLeaderResponses
2019-10-18 07:11:00,948 [org.apache.ratis.server.impl.LogAppender$AppenderDaemon$$Lambda$417/387747720@2886777e] WARN  server.GrpcLogAppender (GrpcLogAppender.java:mayWait(149)) - 0e41e4d3-9bdd-41a7-a6da-f6547615f156@group-4D56D0FF4DD9->365c74cf-9edf-4118-8168-00280e7ea799-GrpcLogAppender: Wait interrupted by java.lang.InterruptedException
2019-10-18 07:11:00,948 [org.apache.ratis.server.impl.LogAppender$AppenderDaemon$$Lambda$417/387747720@19d5cc75] WARN  server.GrpcLogAppender (GrpcLogAppender.java:mayWait(149)) - 0e41e4d3-9bdd-41a7-a6da-f6547615f156@group-4D56D0FF4DD9->a7c18b56-7bd4-4e97-bac5-a7861ed2f887-GrpcLogAppender: Wait interrupted by java.lang.InterruptedException
2019-10-18 07:11:00,948 [grpc-default-executor-6] INFO  impl.RoleInfo (RoleInfo.java:updateAndGet(143)) - 365c74cf-9edf-4118-8168-00280e7ea799: start FollowerState
2019-10-18 07:11:00,948 [Thread-226] INFO  impl.FollowerState (FollowerState.java:run(117)) - 365c74cf-9edf-4118-8168-00280e7ea799@group-4D56D0FF4DD9-FollowerState was interrupted: java.lang.InterruptedException: sleep interrupted
2019-10-18 07:11:00,952 [grpc-default-executor-3] INFO  server.GrpcServerProtocolService (GrpcServerProtocolService.java:onCompleted(113)) - 365c74cf-9edf-4118-8168-00280e7ea799: Completed APPEND_ENTRIES, lastRequest: 0e41e4d3-9bdd-41a7-a6da-f6547615f156->365c74cf-9edf-4118-8168-00280e7ea799#51-t2, previous=(t:2, i:10), leaderCommit=10, initializing? false, entries: <empty>
2019-10-18 07:11:00,952 [Thread-569] INFO  client.GrpcClientProtocolService (GrpcClientProtocolService.java:lambda$processClientRequest$0(278)) - Failed RaftClientRequest:client-23AD7B0CD45D->0e41e4d3-9bdd-41a7-a6da-f6547615f156@group-4D56D0FF4DD9, cid=10, seq=0, Watch-ALL_COMMITTED(6), Message:<EMPTY>, reply=RaftClientReply:client-23AD7B0CD45D->0e41e4d3-9bdd-41a7-a6da-f6547615f156@group-4D56D0FF4DD9, cid=10, FAILED org.apache.ratis.protocol.NotLeaderException: Server 0e41e4d3-9bdd-41a7-a6da-f6547615f156@group-4D56D0FF4DD9 is not the leader, logIndex=0, commits[0e41e4d3-9bdd-41a7-a6da-f6547615f156:c10, a7c18b56-7bd4-4e97-bac5-a7861ed2f887:c4, 365c74cf-9edf-4118-8168-00280e7ea799:c10]
2019-10-18 07:11:00,952 [grpc-default-executor-0] INFO  impl.RoleInfo (RoleInfo.java:updateAndGet(143)) - 0e41e4d3-9bdd-41a7-a6da-f6547615f156: start FollowerState
2019-10-18 07:11:00,957 [grpc-default-executor-3] INFO  server.GrpcLogAppender (GrpcLogAppender.java:onCompleted(308)) - 0e41e4d3-9bdd-41a7-a6da-f6547615f156@group-4D56D0FF4DD9->365c74cf-9edf-4118-8168-00280e7ea799-AppendLogResponseHandler: follower responses appendEntries COMPLETED
2019-10-18 07:11:00,960 [grpc-default-executor-3] INFO  impl.FollowerInfo (FollowerInfo.java:lambda$new$0(51)) - 0e41e4d3-9bdd-41a7-a6da-f6547615f156@group-4D56D0FF4DD9->365c74cf-9edf-4118-8168-00280e7ea799: nextIndex: updateUnconditionally 11 -> 10
2019-10-18 07:11:00,970 [a7c18b56-7bd4-4e97-bac5-a7861ed2f887@group-4D56D0FF4DD9-LeaderElection6] INFO  impl.LeaderElection (LeaderElection.java:logAndReturn(56)) - a7c18b56-7bd4-4e97-bac5-a7861ed2f887@group-4D56D0FF4DD9-LeaderElection6: Election REJECTED; received 2 response(s) [a7c18b56-7bd4-4e97-bac5-a7861ed2f887<-0e41e4d3-9bdd-41a7-a6da-f6547615f156#0:FAIL-t3, a7c18b56-7bd4-4e97-bac5-a7861ed2f887<-365c74cf-9edf-4118-8168-00280e7ea799#0:FAIL-t3] and 0 exception(s); a7c18b56-7bd4-4e97-bac5-a7861ed2f887@group-4D56D0FF4DD9:t3, leader=null, voted=a7c18b56-7bd4-4e97-bac5-a7861ed2f887, raftlog=a7c18b56-7bd4-4e97-bac5-a7861ed2f887@group-4D56D0FF4DD9-SegmentedRaftLog:OPENED:c3,f4,i4, conf=0: [a7c18b56-7bd4-4e97-bac5-a7861ed2f887:192.168.69.67:34061, 0e41e4d3-9bdd-41a7-a6da-f6547615f156:192.168.69.67:46622, 365c74cf-9edf-4118-8168-00280e7ea799:192.168.69.67:37281], old=null
2019-10-18 07:11:00,970 [a7c18b56-7bd4-4e97-bac5-a7861ed2f887@group-4D56D0FF4DD9-LeaderElection6] INFO  impl.RaftServerImpl (RaftServerImpl.java:setRole(184)) - a7c18b56-7bd4-4e97-bac5-a7861ed2f887@group-4D56D0FF4DD9: changes role from CANDIDATE to FOLLOWER at term 3 for DISCOVERED_A_NEW_TERM
2019-10-18 07:11:00,971 [a7c18b56-7bd4-4e97-bac5-a7861ed2f887@group-4D56D0FF4DD9-LeaderElection6] INFO  impl.RoleInfo (RoleInfo.java:shutdownLeaderElection(134)) - a7c18b56-7bd4-4e97-bac5-a7861ed2f887: shutdown LeaderElection
2019-10-18 07:11:00,971 [a7c18b56-7bd4-4e97-bac5-a7861ed2f887@group-4D56D0FF4DD9-LeaderElection6] INFO  impl.RoleInfo (RoleInfo.java:updateAndGet(143)) - a7c18b56-7bd4-4e97-bac5-a7861ed2f887: start FollowerState
2019-10-18 07:11:01,000 [Thread-560] INFO  impl.FollowerState (FollowerState.java:run(108)) - a7c18b56-7bd4-4e97-bac5-a7861ed2f887@group-50E290575453-FollowerState: change to CANDIDATE, lastRpcTime:117ms, electionTimeout:117ms
2019-10-18 07:11:01,001 [Thread-560] INFO  impl.RoleInfo (RoleInfo.java:shutdownFollowerState(121)) - a7c18b56-7bd4-4e97-bac5-a7861ed2f887: shutdown FollowerState
2019-10-18 07:11:01,001 [Thread-560] INFO  impl.RaftServerImpl (RaftServerImpl.java:setRole(184)) - a7c18b56-7bd4-4e97-bac5-a7861ed2f887@group-50E290575453: changes role from  FOLLOWER to CANDIDATE at term 1 for changeToCandidate
2019-10-18 07:11:01,001 [Thread-560] INFO  impl.RoleInfo (RoleInfo.java:updateAndGet(143)) - a7c18b56-7bd4-4e97-bac5-a7861ed2f887: start LeaderElection
2019-10-18 07:11:01,017 [a7c18b56-7bd4-4e97-bac5-a7861ed2f887@group-50E290575453-LeaderElection7] INFO  impl.LeaderElection (LeaderElection.java:askForVotes(178)) - a7c18b56-7bd4-4e97-bac5-a7861ed2f887@group-50E290575453-LeaderElection7: begin an election at term 2 for 0: [a7c18b56-7bd4-4e97-bac5-a7861ed2f887:192.168.69.67:34061], old=null
2019-10-18 07:11:01,017 [a7c18b56-7bd4-4e97-bac5-a7861ed2f887@group-50E290575453-LeaderElection7] INFO  impl.RoleInfo (RoleInfo.java:shutdownLeaderElection(134)) - a7c18b56-7bd4-4e97-bac5-a7861ed2f887: shutdown LeaderElection
2019-10-18 07:11:01,017 [a7c18b56-7bd4-4e97-bac5-a7861ed2f887@group-50E290575453-LeaderElection7] INFO  impl.RaftServerImpl (RaftServerImpl.java:setRole(184)) - a7c18b56-7bd4-4e97-bac5-a7861ed2f887@group-50E290575453: changes role from CANDIDATE to LEADER at term 2 for changeToLeader
2019-10-18 07:11:01,017 [a7c18b56-7bd4-4e97-bac5-a7861ed2f887@group-50E290575453-LeaderElection7] INFO  ratis.XceiverServerRatis (XceiverServerRatis.java:handleLeaderChangedNotification(699)) - Leader change notification received for group: group-50E290575453 with new leaderId: a7c18b56-7bd4-4e97-bac5-a7861ed2f887
2019-10-18 07:11:01,017 [a7c18b56-7bd4-4e97-bac5-a7861ed2f887@group-50E290575453-LeaderElection7] INFO  impl.RaftServerImpl (ServerState.java:setLeader(256)) - a7c18b56-7bd4-4e97-bac5-a7861ed2f887@group-50E290575453: change Leader from null to a7c18b56-7bd4-4e97-bac5-a7861ed2f887 at term 2 for becomeLeader, leader elected after 2202ms
2019-10-18 07:11:01,018 [a7c18b56-7bd4-4e97-bac5-a7861ed2f887@group-50E290575453-LeaderElection7] INFO  server.RaftServerConfigKeys (ConfUtils.java:logGet(43)) - raft.server.staging.catchup.gap = 1000 (default)
2019-10-18 07:11:01,019 [a7c18b56-7bd4-4e97-bac5-a7861ed2f887@group-50E290575453-LeaderElection7] INFO  server.RaftServerConfigKeys (ConfUtils.java:logGet(43)) - raft.server.rpc.sleep.time = 25ms (default)
2019-10-18 07:11:01,019 [a7c18b56-7bd4-4e97-bac5-a7861ed2f887@group-50E290575453-LeaderElection7] INFO  server.RaftServerConfigKeys (ConfUtils.java:logGet(43)) - raft.server.write.element-limit = 4096 (default)
2019-10-18 07:11:01,019 [a7c18b56-7bd4-4e97-bac5-a7861ed2f887@group-50E290575453-LeaderElection7] INFO  server.RaftServerConfigKeys (ConfUtils.java:logGet(43)) - raft.server.watch.timeout = 10s (default)
2019-10-18 07:11:01,019 [a7c18b56-7bd4-4e97-bac5-a7861ed2f887@group-50E290575453-LeaderElection7] INFO  server.RaftServerConfigKeys (ConfUtils.java:logGet(43)) - raft.server.watch.timeout.denomination = 1s (default)
2019-10-18 07:11:01,019 [a7c18b56-7bd4-4e97-bac5-a7861ed2f887@group-50E290575453-LeaderElection7] INFO  server.RaftServerConfigKeys (ConfUtils.java:logGet(43)) - raft.server.watch.element-limit = 65536 (default)
2019-10-18 07:11:01,020 [a7c18b56-7bd4-4e97-bac5-a7861ed2f887@group-50E290575453-LeaderElection7] INFO  impl.RoleInfo (RoleInfo.java:updateAndGet(143)) - a7c18b56-7bd4-4e97-bac5-a7861ed2f887: start LeaderState
2019-10-18 07:11:01,020 [EventQueue-PendingDeleteStatusForPendingDeleteHandler] INFO  block.SCMBlockDeletingService (SCMBlockDeletingService.java:handlePendingDeletes(115)) - Block deletion txnID mismatch in datanode a7c18b56-7bd4-4e97-bac5-a7861ed2f887 for containerID 1. Datanode delete txnID: 0, SCM txnID: 1
2019-10-18 07:11:01,021 [a7c18b56-7bd4-4e97-bac5-a7861ed2f887@group-50E290575453-LeaderElection7] INFO  segmented.SegmentedRaftLogWorker (SegmentedRaftLogWorker.java:rollLogSegment(390)) - a7c18b56-7bd4-4e97-bac5-a7861ed2f887@group-50E290575453-SegmentedRaftLogWorker: Rolling segment log-0_0 to index:0
2019-10-18 07:11:01,023 [a7c18b56-7bd4-4e97-bac5-a7861ed2f887@group-50E290575453-LeaderElection7] INFO  impl.RaftServerImpl (ServerState.java:setRaftConf(357)) - a7c18b56-7bd4-4e97-bac5-a7861ed2f887@group-50E290575453: set configuration 1: [a7c18b56-7bd4-4e97-bac5-a7861ed2f887:192.168.69.67:34061], old=null at 1
2019-10-18 07:11:01,025 [a7c18b56-7bd4-4e97-bac5-a7861ed2f887@group-50E290575453-SegmentedRaftLogWorker] INFO  segmented.SegmentedRaftLogWorker (SegmentedRaftLogWorker.java:execute(533)) - a7c18b56-7bd4-4e97-bac5-a7861ed2f887@group-50E290575453-SegmentedRaftLogWorker: Rolled log segment from /workdir/hadoop-ozone/integration-test/target/test-dir/MiniOzoneClusterImpl-f89c2c08-6094-404b-a270-7fb2417667b2/datanode-2/data/ratis/5bd10b1a-673a-432a-8c72-50e290575453/current/log_inprogress_0 to /workdir/hadoop-ozone/integration-test/target/test-dir/MiniOzoneClusterImpl-f89c2c08-6094-404b-a270-7fb2417667b2/datanode-2/data/ratis/5bd10b1a-673a-432a-8c72-50e290575453/current/log_0-0
2019-10-18 07:11:01,063 [a7c18b56-7bd4-4e97-bac5-a7861ed2f887@group-50E290575453-SegmentedRaftLogWorker] INFO  segmented.SegmentedRaftLogWorker (SegmentedRaftLogWorker.java:execute(576)) - a7c18b56-7bd4-4e97-bac5-a7861ed2f887@group-50E290575453-SegmentedRaftLogWorker: created new log segment /workdir/hadoop-ozone/integration-test/target/test-dir/MiniOzoneClusterImpl-f89c2c08-6094-404b-a270-7fb2417667b2/datanode-2/data/ratis/5bd10b1a-673a-432a-8c72-50e290575453/current/log_inprogress_1
2019-10-18 07:11:01,136 [BlockDeletingService#2] WARN  background.BlockDeletingService (BlockDeletingService.java:isDeletionAllowed(187)) - Close Container log Index 6 is not replicated across allthe servers in the pipeline 5b98df48-0bd5-4e4e-b730-4d56d0ff4dd9 as the min replicated index is 4. Deletion is not allowed in this container yet.
2019-10-18 07:11:01,136 [BlockDeletingService#2] WARN  background.BlockDeletingService (BlockDeletingService.java:isDeletionAllowed(187)) - Close Container log Index 6 is not replicated across allthe servers in the pipeline 5b98df48-0bd5-4e4e-b730-4d56d0ff4dd9 as the min replicated index is 4. Deletion is not allowed in this container yet.
2019-10-18 07:11:01,153 [Thread-571] INFO  impl.FollowerState (FollowerState.java:run(108)) - a7c18b56-7bd4-4e97-bac5-a7861ed2f887@group-4D56D0FF4DD9-FollowerState: change to CANDIDATE, lastRpcTime:182ms, electionTimeout:179ms
2019-10-18 07:11:01,153 [Thread-571] INFO  impl.RoleInfo (RoleInfo.java:shutdownFollowerState(121)) - a7c18b56-7bd4-4e97-bac5-a7861ed2f887: shutdown FollowerState
2019-10-18 07:11:01,154 [Thread-571] INFO  impl.RaftServerImpl (RaftServerImpl.java:setRole(184)) - a7c18b56-7bd4-4e97-bac5-a7861ed2f887@group-4D56D0FF4DD9: changes role from  FOLLOWER to CANDIDATE at term 3 for changeToCandidate
2019-10-18 07:11:01,154 [Thread-571] INFO  impl.RoleInfo (RoleInfo.java:updateAndGet(143)) - a7c18b56-7bd4-4e97-bac5-a7861ed2f887: start LeaderElection
2019-10-18 07:11:01,170 [a7c18b56-7bd4-4e97-bac5-a7861ed2f887@group-4D56D0FF4DD9-LeaderElection8] INFO  impl.LeaderElection (LeaderElection.java:askForVotes(178)) - a7c18b56-7bd4-4e97-bac5-a7861ed2f887@group-4D56D0FF4DD9-LeaderElection8: begin an election at term 4 for 0: [a7c18b56-7bd4-4e97-bac5-a7861ed2f887:192.168.69.67:34061, 0e41e4d3-9bdd-41a7-a6da-f6547615f156:192.168.69.67:46622, 365c74cf-9edf-4118-8168-00280e7ea799:192.168.69.67:37281], old=null
2019-10-18 07:11:01,176 [grpc-default-executor-0] INFO  impl.RaftServerImpl (RaftServerImpl.java:setRole(184)) - 0e41e4d3-9bdd-41a7-a6da-f6547615f156@group-4D56D0FF4DD9: changes role from  FOLLOWER to FOLLOWER at term 4 for recognizeCandidate:a7c18b56-7bd4-4e97-bac5-a7861ed2f887
2019-10-18 07:11:01,176 [grpc-default-executor-6] INFO  impl.RaftServerImpl (RaftServerImpl.java:setRole(184)) - 365c74cf-9edf-4118-8168-00280e7ea799@group-4D56D0FF4DD9: changes role from  FOLLOWER to FOLLOWER at term 4 for recognizeCandidate:a7c18b56-7bd4-4e97-bac5-a7861ed2f887
2019-10-18 07:11:01,177 [grpc-default-executor-0] INFO  impl.RoleInfo (RoleInfo.java:shutdownFollowerState(121)) - 0e41e4d3-9bdd-41a7-a6da-f6547615f156: shutdown FollowerState
2019-10-18 07:11:01,177 [grpc-default-executor-6] INFO  impl.RoleInfo (RoleInfo.java:shutdownFollowerState(121)) - 365c74cf-9edf-4118-8168-00280e7ea799: shutdown FollowerState
2019-10-18 07:11:01,177 [Thread-570] INFO  impl.FollowerState (FollowerState.java:run(117)) - 0e41e4d3-9bdd-41a7-a6da-f6547615f156@group-4D56D0FF4DD9-FollowerState was interrupted: java.lang.InterruptedException: sleep interrupted
2019-10-18 07:11:01,177 [grpc-default-executor-6] INFO  impl.RoleInfo (RoleInfo.java:updateAndGet(143)) - 365c74cf-9edf-4118-8168-00280e7ea799: start FollowerState
2019-10-18 07:11:01,177 [grpc-default-executor-0] INFO  impl.RoleInfo (RoleInfo.java:updateAndGet(143)) - 0e41e4d3-9bdd-41a7-a6da-f6547615f156: start FollowerState
2019-10-18 07:11:01,177 [Thread-568] INFO  impl.FollowerState (FollowerState.java:run(117)) - 365c74cf-9edf-4118-8168-00280e7ea799@group-4D56D0FF4DD9-FollowerState was interrupted: java.lang.InterruptedException: sleep interrupted
2019-10-18 07:11:01,194 [a7c18b56-7bd4-4e97-bac5-a7861ed2f887@group-4D56D0FF4DD9-LeaderElection8] INFO  impl.LeaderElection (LeaderElection.java:logAndReturn(56)) - a7c18b56-7bd4-4e97-bac5-a7861ed2f887@group-4D56D0FF4DD9-LeaderElection8: Election REJECTED; received 2 response(s) [a7c18b56-7bd4-4e97-bac5-a7861ed2f887<-0e41e4d3-9bdd-41a7-a6da-f6547615f156#0:FAIL-t4, a7c18b56-7bd4-4e97-bac5-a7861ed2f887<-365c74cf-9edf-4118-8168-00280e7ea799#0:FAIL-t4] and 0 exception(s); a7c18b56-7bd4-4e97-bac5-a7861ed2f887@group-4D56D0FF4DD9:t4, leader=null, voted=a7c18b56-7bd4-4e97-bac5-a7861ed2f887, raftlog=a7c18b56-7bd4-4e97-bac5-a7861ed2f887@group-4D56D0FF4DD9-SegmentedRaftLog:OPENED:c3,f4,i4, conf=0: [a7c18b56-7bd4-4e97-bac5-a7861ed2f887:192.168.69.67:34061, 0e41e4d3-9bdd-41a7-a6da-f6547615f156:192.168.69.67:46622, 365c74cf-9edf-4118-8168-00280e7ea799:192.168.69.67:37281], old=null
2019-10-18 07:11:01,194 [a7c18b56-7bd4-4e97-bac5-a7861ed2f887@group-4D56D0FF4DD9-LeaderElection8] INFO  impl.RaftServerImpl (RaftServerImpl.java:setRole(184)) - a7c18b56-7bd4-4e97-bac5-a7861ed2f887@group-4D56D0FF4DD9: changes role from CANDIDATE to FOLLOWER at term 4 for DISCOVERED_A_NEW_TERM
2019-10-18 07:11:01,196 [a7c18b56-7bd4-4e97-bac5-a7861ed2f887@group-4D56D0FF4DD9-LeaderElection8] INFO  impl.RoleInfo (RoleInfo.java:shutdownLeaderElection(134)) - a7c18b56-7bd4-4e97-bac5-a7861ed2f887: shutdown LeaderElection
2019-10-18 07:11:01,196 [a7c18b56-7bd4-4e97-bac5-a7861ed2f887@group-4D56D0FF4DD9-LeaderElection8] INFO  impl.RoleInfo (RoleInfo.java:updateAndGet(143)) - a7c18b56-7bd4-4e97-bac5-a7861ed2f887: start FollowerState
2019-10-18 07:11:01,299 [Thread-581] INFO  impl.FollowerState (FollowerState.java:run(108)) - a7c18b56-7bd4-4e97-bac5-a7861ed2f887@group-4D56D0FF4DD9-FollowerState: change to CANDIDATE, lastRpcTime:102ms, electionTimeout:101ms
2019-10-18 07:11:01,300 [Thread-581] INFO  impl.RoleInfo (RoleInfo.java:shutdownFollowerState(121)) - a7c18b56-7bd4-4e97-bac5-a7861ed2f887: shutdown FollowerState
2019-10-18 07:11:01,300 [Thread-581] INFO  impl.RaftServerImpl (RaftServerImpl.java:setRole(184)) - a7c18b56-7bd4-4e97-bac5-a7861ed2f887@group-4D56D0FF4DD9: changes role from  FOLLOWER to CANDIDATE at term 4 for changeToCandidate
2019-10-18 07:11:01,300 [Thread-581] INFO  impl.RoleInfo (RoleInfo.java:updateAndGet(143)) - a7c18b56-7bd4-4e97-bac5-a7861ed2f887: start LeaderElection
2019-10-18 07:11:01,323 [a7c18b56-7bd4-4e97-bac5-a7861ed2f887@group-4D56D0FF4DD9-LeaderElection9] INFO  impl.LeaderElection (LeaderElection.java:askForVotes(178)) - a7c18b56-7bd4-4e97-bac5-a7861ed2f887@group-4D56D0FF4DD9-LeaderElection9: begin an election at term 5 for 0: [a7c18b56-7bd4-4e97-bac5-a7861ed2f887:192.168.69.67:34061, 0e41e4d3-9bdd-41a7-a6da-f6547615f156:192.168.69.67:46622, 365c74cf-9edf-4118-8168-00280e7ea799:192.168.69.67:37281], old=null
2019-10-18 07:11:01,329 [grpc-default-executor-6] INFO  impl.RaftServerImpl (RaftServerImpl.java:setRole(184)) - 0e41e4d3-9bdd-41a7-a6da-f6547615f156@group-4D56D0FF4DD9: changes role from  FOLLOWER to FOLLOWER at term 5 for recognizeCandidate:a7c18b56-7bd4-4e97-bac5-a7861ed2f887
2019-10-18 07:11:01,329 [grpc-default-executor-0] INFO  impl.RaftServerImpl (RaftServerImpl.java:setRole(184)) - 365c74cf-9edf-4118-8168-00280e7ea799@group-4D56D0FF4DD9: changes role from  FOLLOWER to FOLLOWER at term 5 for recognizeCandidate:a7c18b56-7bd4-4e97-bac5-a7861ed2f887
2019-10-18 07:11:01,329 [grpc-default-executor-6] INFO  impl.RoleInfo (RoleInfo.java:shutdownFollowerState(121)) - 0e41e4d3-9bdd-41a7-a6da-f6547615f156: shutdown FollowerState
2019-10-18 07:11:01,329 [grpc-default-executor-0] INFO  impl.RoleInfo (RoleInfo.java:shutdownFollowerState(121)) - 365c74cf-9edf-4118-8168-00280e7ea799: shutdown FollowerState
2019-10-18 07:11:01,329 [Thread-579] INFO  impl.FollowerState (FollowerState.java:run(117)) - 0e41e4d3-9bdd-41a7-a6da-f6547615f156@group-4D56D0FF4DD9-FollowerState was interrupted: java.lang.InterruptedException: sleep interrupted
2019-10-18 07:11:01,329 [grpc-default-executor-6] INFO  impl.RoleInfo (RoleInfo.java:updateAndGet(143)) - 0e41e4d3-9bdd-41a7-a6da-f6547615f156: start FollowerState
2019-10-18 07:11:01,329 [grpc-default-executor-0] INFO  impl.RoleInfo (RoleInfo.java:updateAndGet(143)) - 365c74cf-9edf-4118-8168-00280e7ea799: start FollowerState
2019-10-18 07:11:01,329 [Thread-580] INFO  impl.FollowerState (FollowerState.java:run(117)) - 365c74cf-9edf-4118-8168-00280e7ea799@group-4D56D0FF4DD9-FollowerState was interrupted: java.lang.InterruptedException: sleep interrupted
2019-10-18 07:11:01,352 [a7c18b56-7bd4-4e97-bac5-a7861ed2f887@group-4D56D0FF4DD9-LeaderElection9] INFO  impl.LeaderElection (LeaderElection.java:logAndReturn(56)) - a7c18b56-7bd4-4e97-bac5-a7861ed2f887@group-4D56D0FF4DD9-LeaderElection9: Election REJECTED; received 2 response(s) [a7c18b56-7bd4-4e97-bac5-a7861ed2f887<-0e41e4d3-9bdd-41a7-a6da-f6547615f156#0:FAIL-t5, a7c18b56-7bd4-4e97-bac5-a7861ed2f887<-365c74cf-9edf-4118-8168-00280e7ea799#0:FAIL-t5] and 0 exception(s); a7c18b56-7bd4-4e97-bac5-a7861ed2f887@group-4D56D0FF4DD9:t5, leader=null, voted=a7c18b56-7bd4-4e97-bac5-a7861ed2f887, raftlog=a7c18b56-7bd4-4e97-bac5-a7861ed2f887@group-4D56D0FF4DD9-SegmentedRaftLog:OPENED:c3,f4,i4, conf=0: [a7c18b56-7bd4-4e97-bac5-a7861ed2f887:192.168.69.67:34061, 0e41e4d3-9bdd-41a7-a6da-f6547615f156:192.168.69.67:46622, 365c74cf-9edf-4118-8168-00280e7ea799:192.168.69.67:37281], old=null
2019-10-18 07:11:01,352 [a7c18b56-7bd4-4e97-bac5-a7861ed2f887@group-4D56D0FF4DD9-LeaderElection9] INFO  impl.RaftServerImpl (RaftServerImpl.java:setRole(184)) - a7c18b56-7bd4-4e97-bac5-a7861ed2f887@group-4D56D0FF4DD9: changes role from CANDIDATE to FOLLOWER at term 5 for DISCOVERED_A_NEW_TERM
2019-10-18 07:11:01,353 [a7c18b56-7bd4-4e97-bac5-a7861ed2f887@group-4D56D0FF4DD9-LeaderElection9] INFO  impl.RoleInfo (RoleInfo.java:shutdownLeaderElection(134)) - a7c18b56-7bd4-4e97-bac5-a7861ed2f887: shutdown LeaderElection
2019-10-18 07:11:01,353 [a7c18b56-7bd4-4e97-bac5-a7861ed2f887@group-4D56D0FF4DD9-LeaderElection9] INFO  impl.RoleInfo (RoleInfo.java:updateAndGet(143)) - a7c18b56-7bd4-4e97-bac5-a7861ed2f887: start FollowerState
2019-10-18 07:11:01,437 [pool-7-thread-2] INFO  commands.RetriableDatanodeEventWatcher (RetriableDatanodeEventWatcher.java:onTimeout(47)) - RetriableDatanodeCommand type=deleteBlocksCommand with id=1571382657434 timed out. Retrying.
2019-10-18 07:11:01,439 [pool-7-thread-1] INFO  commands.RetriableDatanodeEventWatcher (RetriableDatanodeEventWatcher.java:onTimeout(47)) - RetriableDatanodeCommand type=deleteBlocksCommand with id=1571382657437 timed out. Retrying.
2019-10-18 07:11:01,440 [pool-7-thread-4] INFO  commands.RetriableDatanodeEventWatcher (RetriableDatanodeEventWatcher.java:onTimeout(47)) - RetriableDatanodeCommand type=deleteBlocksCommand with id=1571382657439 timed out. Retrying.
2019-10-18 07:11:01,440 [pool-7-thread-3] INFO  commands.RetriableDatanodeEventWatcher (RetriableDatanodeEventWatcher.java:onTimeout(47)) - RetriableDatanodeCommand type=deleteBlocksCommand with id=1571382657440 timed out. Retrying.
2019-10-18 07:11:01,440 [SCMBlockDeletingService#0] INFO  block.SCMBlockDeletingService (SCMBlockDeletingService.java:call(184)) - Totally added 1 delete blocks command for 1 datanodes, task elapsed time: 1ms
2019-10-18 07:11:01,495 [Thread-587] INFO  impl.FollowerState (FollowerState.java:run(108)) - a7c18b56-7bd4-4e97-bac5-a7861ed2f887@group-4D56D0FF4DD9-FollowerState: change to CANDIDATE, lastRpcTime:141ms, electionTimeout:140ms
2019-10-18 07:11:01,496 [Thread-587] INFO  impl.RoleInfo (RoleInfo.java:shutdownFollowerState(121)) - a7c18b56-7bd4-4e97-bac5-a7861ed2f887: shutdown FollowerState
2019-10-18 07:11:01,496 [Thread-587] INFO  impl.RaftServerImpl (RaftServerImpl.java:setRole(184)) - a7c18b56-7bd4-4e97-bac5-a7861ed2f887@group-4D56D0FF4DD9: changes role from  FOLLOWER to CANDIDATE at term 5 for changeToCandidate
2019-10-18 07:11:01,496 [Thread-587] INFO  impl.RoleInfo (RoleInfo.java:updateAndGet(143)) - a7c18b56-7bd4-4e97-bac5-a7861ed2f887: start LeaderElection
2019-10-18 07:11:01,514 [a7c18b56-7bd4-4e97-bac5-a7861ed2f887@group-4D56D0FF4DD9-LeaderElection10] INFO  impl.LeaderElection (LeaderElection.java:askForVotes(178)) - a7c18b56-7bd4-4e97-bac5-a7861ed2f887@group-4D56D0FF4DD9-LeaderElection10: begin an election at term 6 for 0: [a7c18b56-7bd4-4e97-bac5-a7861ed2f887:192.168.69.67:34061, 0e41e4d3-9bdd-41a7-a6da-f6547615f156:192.168.69.67:46622, 365c74cf-9edf-4118-8168-00280e7ea799:192.168.69.67:37281], old=null
2019-10-18 07:11:01,516 [a7c18b56-7bd4-4e97-bac5-a7861ed2f887@group-4D56D0FF4DD9-LeaderElection10] INFO  impl.LeaderElection (LeaderElection.java:logAndReturn(56)) - a7c18b56-7bd4-4e97-bac5-a7861ed2f887@group-4D56D0FF4DD9-LeaderElection10: Election TIMEOUT; received 0 response(s) [] and 0 exception(s); a7c18b56-7bd4-4e97-bac5-a7861ed2f887@group-4D56D0FF4DD9:t6, leader=null, voted=a7c18b56-7bd4-4e97-bac5-a7861ed2f887, raftlog=a7c18b56-7bd4-4e97-bac5-a7861ed2f887@group-4D56D0FF4DD9-SegmentedRaftLog:OPENED:c3,f4,i4, conf=0: [a7c18b56-7bd4-4e97-bac5-a7861ed2f887:192.168.69.67:34061, 0e41e4d3-9bdd-41a7-a6da-f6547615f156:192.168.69.67:46622, 365c74cf-9edf-4118-8168-00280e7ea799:192.168.69.67:37281], old=null
2019-10-18 07:11:01,520 [grpc-default-executor-6] INFO  impl.RaftServerImpl (RaftServerImpl.java:setRole(184)) - 0e41e4d3-9bdd-41a7-a6da-f6547615f156@group-4D56D0FF4DD9: changes role from  FOLLOWER to FOLLOWER at term 6 for recognizeCandidate:a7c18b56-7bd4-4e97-bac5-a7861ed2f887
2019-10-18 07:11:01,520 [grpc-default-executor-0] INFO  impl.RaftServerImpl (RaftServerImpl.java:setRole(184)) - 365c74cf-9edf-4118-8168-00280e7ea799@group-4D56D0FF4DD9: changes role from  FOLLOWER to FOLLOWER at term 6 for recognizeCandidate:a7c18b56-7bd4-4e97-bac5-a7861ed2f887
2019-10-18 07:11:01,520 [grpc-default-executor-6] INFO  impl.RoleInfo (RoleInfo.java:shutdownFollowerState(121)) - 0e41e4d3-9bdd-41a7-a6da-f6547615f156: shutdown FollowerState
2019-10-18 07:11:01,521 [grpc-default-executor-0] INFO  impl.RoleInfo (RoleInfo.java:shutdownFollowerState(121)) - 365c74cf-9edf-4118-8168-00280e7ea799: shutdown FollowerState
2019-10-18 07:11:01,522 [grpc-default-executor-6] INFO  impl.RoleInfo (RoleInfo.java:updateAndGet(143)) - 0e41e4d3-9bdd-41a7-a6da-f6547615f156: start FollowerState
2019-10-18 07:11:01,522 [grpc-default-executor-0] INFO  impl.RoleInfo (RoleInfo.java:updateAndGet(143)) - 365c74cf-9edf-4118-8168-00280e7ea799: start FollowerState
2019-10-18 07:11:01,522 [Thread-586] INFO  impl.FollowerState (FollowerState.java:run(117)) - 365c74cf-9edf-4118-8168-00280e7ea799@group-4D56D0FF4DD9-FollowerState was interrupted: java.lang.InterruptedException: sleep interrupted
2019-10-18 07:11:01,522 [Thread-585] INFO  impl.FollowerState (FollowerState.java:run(117)) - 0e41e4d3-9bdd-41a7-a6da-f6547615f156@group-4D56D0FF4DD9-FollowerState was interrupted: java.lang.InterruptedException: sleep interrupted
2019-10-18 07:11:01,542 [a7c18b56-7bd4-4e97-bac5-a7861ed2f887@group-4D56D0FF4DD9-LeaderElection10] INFO  impl.LeaderElection (LeaderElection.java:askForVotes(178)) - a7c18b56-7bd4-4e97-bac5-a7861ed2f887@group-4D56D0FF4DD9-LeaderElection10: begin an election at term 7 for 0: [a7c18b56-7bd4-4e97-bac5-a7861ed2f887:192.168.69.67:34061, 0e41e4d3-9bdd-41a7-a6da-f6547615f156:192.168.69.67:46622, 365c74cf-9edf-4118-8168-00280e7ea799:192.168.69.67:37281], old=null
2019-10-18 07:11:01,546 [grpc-default-executor-0] INFO  impl.RaftServerImpl (RaftServerImpl.java:setRole(184)) - 0e41e4d3-9bdd-41a7-a6da-f6547615f156@group-4D56D0FF4DD9: changes role from  FOLLOWER to FOLLOWER at term 7 for recognizeCandidate:a7c18b56-7bd4-4e97-bac5-a7861ed2f887
2019-10-18 07:11:01,546 [grpc-default-executor-6] INFO  impl.RaftServerImpl (RaftServerImpl.java:setRole(184)) - 365c74cf-9edf-4118-8168-00280e7ea799@group-4D56D0FF4DD9: changes role from  FOLLOWER to FOLLOWER at term 7 for recognizeCandidate:a7c18b56-7bd4-4e97-bac5-a7861ed2f887
2019-10-18 07:11:01,546 [grpc-default-executor-0] INFO  impl.RoleInfo (RoleInfo.java:shutdownFollowerState(121)) - 0e41e4d3-9bdd-41a7-a6da-f6547615f156: shutdown FollowerState
2019-10-18 07:11:01,546 [grpc-default-executor-6] INFO  impl.RoleInfo (RoleInfo.java:shutdownFollowerState(121)) - 365c74cf-9edf-4118-8168-00280e7ea799: shutdown FollowerState
2019-10-18 07:11:01,547 [Thread-591] INFO  impl.FollowerState (FollowerState.java:run(117)) - 0e41e4d3-9bdd-41a7-a6da-f6547615f156@group-4D56D0FF4DD9-FollowerState was interrupted: java.lang.InterruptedException: sleep interrupted
2019-10-18 07:11:01,547 [grpc-default-executor-0] INFO  impl.RoleInfo (RoleInfo.java:updateAndGet(143)) - 0e41e4d3-9bdd-41a7-a6da-f6547615f156: start FollowerState
2019-10-18 07:11:01,547 [Thread-592] INFO  impl.FollowerState (FollowerState.java:run(117)) - 365c74cf-9edf-4118-8168-00280e7ea799@group-4D56D0FF4DD9-FollowerState was interrupted: java.lang.InterruptedException: sleep interrupted
2019-10-18 07:11:01,547 [grpc-default-executor-6] INFO  impl.RoleInfo (RoleInfo.java:updateAndGet(143)) - 365c74cf-9edf-4118-8168-00280e7ea799: start FollowerState
2019-10-18 07:11:01,562 [a7c18b56-7bd4-4e97-bac5-a7861ed2f887@group-4D56D0FF4DD9-LeaderElection10] INFO  impl.LeaderElection (LeaderElection.java:logAndReturn(56)) - a7c18b56-7bd4-4e97-bac5-a7861ed2f887@group-4D56D0FF4DD9-LeaderElection10: Election REJECTED; received 2 response(s) [a7c18b56-7bd4-4e97-bac5-a7861ed2f887<-0e41e4d3-9bdd-41a7-a6da-f6547615f156#0:FAIL-t7, a7c18b56-7bd4-4e97-bac5-a7861ed2f887<-365c74cf-9edf-4118-8168-00280e7ea799#0:FAIL-t7] and 0 exception(s); a7c18b56-7bd4-4e97-bac5-a7861ed2f887@group-4D56D0FF4DD9:t7, leader=null, voted=a7c18b56-7bd4-4e97-bac5-a7861ed2f887, raftlog=a7c18b56-7bd4-4e97-bac5-a7861ed2f887@group-4D56D0FF4DD9-SegmentedRaftLog:OPENED:c3,f4,i4, conf=0: [a7c18b56-7bd4-4e97-bac5-a7861ed2f887:192.168.69.67:34061, 0e41e4d3-9bdd-41a7-a6da-f6547615f156:192.168.69.67:46622, 365c74cf-9edf-4118-8168-00280e7ea799:192.168.69.67:37281], old=null
2019-10-18 07:11:01,562 [a7c18b56-7bd4-4e97-bac5-a7861ed2f887@group-4D56D0FF4DD9-LeaderElection10] INFO  impl.RaftServerImpl (RaftServerImpl.java:setRole(184)) - a7c18b56-7bd4-4e97-bac5-a7861ed2f887@group-4D56D0FF4DD9: changes role from CANDIDATE to FOLLOWER at term 7 for DISCOVERED_A_NEW_TERM
2019-10-18 07:11:01,563 [a7c18b56-7bd4-4e97-bac5-a7861ed2f887@group-4D56D0FF4DD9-LeaderElection10] INFO  impl.RoleInfo (RoleInfo.java:shutdownLeaderElection(134)) - a7c18b56-7bd4-4e97-bac5-a7861ed2f887: shutdown LeaderElection
2019-10-18 07:11:01,563 [a7c18b56-7bd4-4e97-bac5-a7861ed2f887@group-4D56D0FF4DD9-LeaderElection10] INFO  impl.RoleInfo (RoleInfo.java:updateAndGet(143)) - a7c18b56-7bd4-4e97-bac5-a7861ed2f887: start FollowerState
2019-10-18 07:11:01,607 [Thread-597] INFO  impl.FollowerState (FollowerState.java:run(108)) - a7c18b56-7bd4-4e97-bac5-a7861ed2f887@group-4D56D0FF4DD9-FollowerState: change to CANDIDATE, lastRpcTime:44ms, electionTimeout:43ms
2019-10-18 07:11:01,608 [Thread-597] INFO  impl.RoleInfo (RoleInfo.java:shutdownFollowerState(121)) - a7c18b56-7bd4-4e97-bac5-a7861ed2f887: shutdown FollowerState
2019-10-18 07:11:01,608 [Thread-597] INFO  impl.RaftServerImpl (RaftServerImpl.java:setRole(184)) - a7c18b56-7bd4-4e97-bac5-a7861ed2f887@group-4D56D0FF4DD9: changes role from  FOLLOWER to CANDIDATE at term 7 for changeToCandidate
2019-10-18 07:11:01,608 [Thread-597] INFO  impl.RoleInfo (RoleInfo.java:updateAndGet(143)) - a7c18b56-7bd4-4e97-bac5-a7861ed2f887: start LeaderElection
2019-10-18 07:11:01,622 [a7c18b56-7bd4-4e97-bac5-a7861ed2f887@group-4D56D0FF4DD9-LeaderElection11] INFO  impl.LeaderElection (LeaderElection.java:askForVotes(178)) - a7c18b56-7bd4-4e97-bac5-a7861ed2f887@group-4D56D0FF4DD9-LeaderElection11: begin an election at term 8 for 0: [a7c18b56-7bd4-4e97-bac5-a7861ed2f887:192.168.69.67:34061, 0e41e4d3-9bdd-41a7-a6da-f6547615f156:192.168.69.67:46622, 365c74cf-9edf-4118-8168-00280e7ea799:192.168.69.67:37281], old=null
2019-10-18 07:11:01,626 [grpc-default-executor-6] INFO  impl.RaftServerImpl (RaftServerImpl.java:setRole(184)) - 0e41e4d3-9bdd-41a7-a6da-f6547615f156@group-4D56D0FF4DD9: changes role from  FOLLOWER to FOLLOWER at term 8 for recognizeCandidate:a7c18b56-7bd4-4e97-bac5-a7861ed2f887
2019-10-18 07:11:01,626 [grpc-default-executor-0] INFO  impl.RaftServerImpl (RaftServerImpl.java:setRole(184)) - 365c74cf-9edf-4118-8168-00280e7ea799@group-4D56D0FF4DD9: changes role from  FOLLOWER to FOLLOWER at term 8 for recognizeCandidate:a7c18b56-7bd4-4e97-bac5-a7861ed2f887
2019-10-18 07:11:01,626 [grpc-default-executor-6] INFO  impl.RoleInfo (RoleInfo.java:shutdownFollowerState(121)) - 0e41e4d3-9bdd-41a7-a6da-f6547615f156: shutdown FollowerState
2019-10-18 07:11:01,626 [grpc-default-executor-0] INFO  impl.RoleInfo (RoleInfo.java:shutdownFollowerState(121)) - 365c74cf-9edf-4118-8168-00280e7ea799: shutdown FollowerState
2019-10-18 07:11:01,627 [Thread-595] INFO  impl.FollowerState (FollowerState.java:run(117)) - 0e41e4d3-9bdd-41a7-a6da-f6547615f156@group-4D56D0FF4DD9-FollowerState was interrupted: java.lang.InterruptedException: sleep interrupted
2019-10-18 07:11:01,627 [grpc-default-executor-6] INFO  impl.RoleInfo (RoleInfo.java:updateAndGet(143)) - 0e41e4d3-9bdd-41a7-a6da-f6547615f156: start FollowerState
2019-10-18 07:11:01,627 [Thread-596] INFO  impl.FollowerState (FollowerState.java:run(117)) - 365c74cf-9edf-4118-8168-00280e7ea799@group-4D56D0FF4DD9-FollowerState was interrupted: java.lang.InterruptedException: sleep interrupted
2019-10-18 07:11:01,627 [grpc-default-executor-0] INFO  impl.RoleInfo (RoleInfo.java:updateAndGet(143)) - 365c74cf-9edf-4118-8168-00280e7ea799: start FollowerState
2019-10-18 07:11:01,637 [java.util.concurrent.ThreadPoolExecutor$Worker@4d9c7f31[State = -1, empty queue]] WARN  server.GrpcLogAppender (GrpcLogAppender.java:timeoutAppendRequest(209)) - 0e41e4d3-9bdd-41a7-a6da-f6547615f156@group-4D56D0FF4DD9->a7c18b56-7bd4-4e97-bac5-a7861ed2f887-GrpcLogAppender: appendEntries Timeout, request=0e41e4d3-9bdd-41a7-a6da-f6547615f156->a7c18b56-7bd4-4e97-bac5-a7861ed2f887#51-t2, previous=(t:2, i:10), leaderCommit=10, initializing? false, entries: <empty>
2019-10-18 07:11:01,641 [a7c18b56-7bd4-4e97-bac5-a7861ed2f887@group-4D56D0FF4DD9-LeaderElection11] INFO  impl.LeaderElection (LeaderElection.java:logAndReturn(56)) - a7c18b56-7bd4-4e97-bac5-a7861ed2f887@group-4D56D0FF4DD9-LeaderElection11: Election REJECTED; received 2 response(s) [a7c18b56-7bd4-4e97-bac5-a7861ed2f887<-0e41e4d3-9bdd-41a7-a6da-f6547615f156#0:FAIL-t8, a7c18b56-7bd4-4e97-bac5-a7861ed2f887<-365c74cf-9edf-4118-8168-00280e7ea799#0:FAIL-t8] and 0 exception(s); a7c18b56-7bd4-4e97-bac5-a7861ed2f887@group-4D56D0FF4DD9:t8, leader=null, voted=a7c18b56-7bd4-4e97-bac5-a7861ed2f887, raftlog=a7c18b56-7bd4-4e97-bac5-a7861ed2f887@group-4D56D0FF4DD9-SegmentedRaftLog:OPENED:c3,f4,i4, conf=0: [a7c18b56-7bd4-4e97-bac5-a7861ed2f887:192.168.69.67:34061, 0e41e4d3-9bdd-41a7-a6da-f6547615f156:192.168.69.67:46622, 365c74cf-9edf-4118-8168-00280e7ea799:192.168.69.67:37281], old=null
2019-10-18 07:11:01,641 [a7c18b56-7bd4-4e97-bac5-a7861ed2f887@group-4D56D0FF4DD9-LeaderElection11] INFO  impl.RaftServerImpl (RaftServerImpl.java:setRole(184)) - a7c18b56-7bd4-4e97-bac5-a7861ed2f887@group-4D56D0FF4DD9: changes role from CANDIDATE to FOLLOWER at term 8 for DISCOVERED_A_NEW_TERM
2019-10-18 07:11:01,642 [a7c18b56-7bd4-4e97-bac5-a7861ed2f887@group-4D56D0FF4DD9-LeaderElection11] INFO  impl.RoleInfo (RoleInfo.java:shutdownLeaderElection(134)) - a7c18b56-7bd4-4e97-bac5-a7861ed2f887: shutdown LeaderElection
2019-10-18 07:11:01,642 [a7c18b56-7bd4-4e97-bac5-a7861ed2f887@group-4D56D0FF4DD9-LeaderElection11] INFO  impl.RoleInfo (RoleInfo.java:updateAndGet(143)) - a7c18b56-7bd4-4e97-bac5-a7861ed2f887: start FollowerState
2019-10-18 07:11:01,724 [Thread-603] INFO  impl.FollowerState (FollowerState.java:run(108)) - a7c18b56-7bd4-4e97-bac5-a7861ed2f887@group-4D56D0FF4DD9-FollowerState: change to CANDIDATE, lastRpcTime:81ms, electionTimeout:81ms
2019-10-18 07:11:01,726 [Thread-603] INFO  impl.RoleInfo (RoleInfo.java:shutdownFollowerState(121)) - a7c18b56-7bd4-4e97-bac5-a7861ed2f887: shutdown FollowerState
2019-10-18 07:11:01,726 [Thread-603] INFO  impl.RaftServerImpl (RaftServerImpl.java:setRole(184)) - a7c18b56-7bd4-4e97-bac5-a7861ed2f887@group-4D56D0FF4DD9: changes role from  FOLLOWER to CANDIDATE at term 8 for changeToCandidate
2019-10-18 07:11:01,726 [Thread-603] INFO  impl.RoleInfo (RoleInfo.java:updateAndGet(143)) - a7c18b56-7bd4-4e97-bac5-a7861ed2f887: start LeaderElection
2019-10-18 07:11:01,741 [a7c18b56-7bd4-4e97-bac5-a7861ed2f887@group-4D56D0FF4DD9-LeaderElection12] INFO  impl.LeaderElection (LeaderElection.java:askForVotes(178)) - a7c18b56-7bd4-4e97-bac5-a7861ed2f887@group-4D56D0FF4DD9-LeaderElection12: begin an election at term 9 for 0: [a7c18b56-7bd4-4e97-bac5-a7861ed2f887:192.168.69.67:34061, 0e41e4d3-9bdd-41a7-a6da-f6547615f156:192.168.69.67:46622, 365c74cf-9edf-4118-8168-00280e7ea799:192.168.69.67:37281], old=null
2019-10-18 07:11:01,746 [grpc-default-executor-0] INFO  impl.RaftServerImpl (RaftServerImpl.java:setRole(184)) - 365c74cf-9edf-4118-8168-00280e7ea799@group-4D56D0FF4DD9: changes role from  FOLLOWER to FOLLOWER at term 9 for recognizeCandidate:a7c18b56-7bd4-4e97-bac5-a7861ed2f887
2019-10-18 07:11:01,746 [grpc-default-executor-6] INFO  impl.RaftServerImpl (RaftServerImpl.java:setRole(184)) - 0e41e4d3-9bdd-41a7-a6da-f6547615f156@group-4D56D0FF4DD9: changes role from  FOLLOWER to FOLLOWER at term 9 for recognizeCandidate:a7c18b56-7bd4-4e97-bac5-a7861ed2f887
2019-10-18 07:11:01,746 [grpc-default-executor-0] INFO  impl.RoleInfo (RoleInfo.java:shutdownFollowerState(121)) - 365c74cf-9edf-4118-8168-00280e7ea799: shutdown FollowerState
2019-10-18 07:11:01,746 [grpc-default-executor-6] INFO  impl.RoleInfo (RoleInfo.java:shutdownFollowerState(121)) - 0e41e4d3-9bdd-41a7-a6da-f6547615f156: shutdown FollowerState
2019-10-18 07:11:01,746 [grpc-default-executor-0] INFO  impl.RoleInfo (RoleInfo.java:updateAndGet(143)) - 365c74cf-9edf-4118-8168-00280e7ea799: start FollowerState
2019-10-18 07:11:01,746 [Thread-602] INFO  impl.FollowerState (FollowerState.java:run(117)) - 365c74cf-9edf-4118-8168-00280e7ea799@group-4D56D0FF4DD9-FollowerState was interrupted: java.lang.InterruptedException: sleep interrupted
2019-10-18 07:11:01,746 [Thread-601] INFO  impl.FollowerState (FollowerState.java:run(117)) - 0e41e4d3-9bdd-41a7-a6da-f6547615f156@group-4D56D0FF4DD9-FollowerState was interrupted: java.lang.InterruptedException: sleep interrupted
2019-10-18 07:11:01,746 [grpc-default-executor-6] INFO  impl.RoleInfo (RoleInfo.java:updateAndGet(143)) - 0e41e4d3-9bdd-41a7-a6da-f6547615f156: start FollowerState
2019-10-18 07:11:01,763 [a7c18b56-7bd4-4e97-bac5-a7861ed2f887@group-4D56D0FF4DD9-LeaderElection12] INFO  impl.LeaderElection (LeaderElection.java:logAndReturn(56)) - a7c18b56-7bd4-4e97-bac5-a7861ed2f887@group-4D56D0FF4DD9-LeaderElection12: Election REJECTED; received 2 response(s) [a7c18b56-7bd4-4e97-bac5-a7861ed2f887<-0e41e4d3-9bdd-41a7-a6da-f6547615f156#0:FAIL-t9, a7c18b56-7bd4-4e97-bac5-a7861ed2f887<-365c74cf-9edf-4118-8168-00280e7ea799#0:FAIL-t9] and 0 exception(s); a7c18b56-7bd4-4e97-bac5-a7861ed2f887@group-4D56D0FF4DD9:t9, leader=null, voted=a7c18b56-7bd4-4e97-bac5-a7861ed2f887, raftlog=a7c18b56-7bd4-4e97-bac5-a7861ed2f887@group-4D56D0FF4DD9-SegmentedRaftLog:OPENED:c3,f4,i4, conf=0: [a7c18b56-7bd4-4e97-bac5-a7861ed2f887:192.168.69.67:34061, 0e41e4d3-9bdd-41a7-a6da-f6547615f156:192.168.69.67:46622, 365c74cf-9edf-4118-8168-00280e7ea799:192.168.69.67:37281], old=null
2019-10-18 07:11:01,763 [a7c18b56-7bd4-4e97-bac5-a7861ed2f887@group-4D56D0FF4DD9-LeaderElection12] INFO  impl.RaftServerImpl (RaftServerImpl.java:setRole(184)) - a7c18b56-7bd4-4e97-bac5-a7861ed2f887@group-4D56D0FF4DD9: changes role from CANDIDATE to FOLLOWER at term 9 for DISCOVERED_A_NEW_TERM
2019-10-18 07:11:01,764 [a7c18b56-7bd4-4e97-bac5-a7861ed2f887@group-4D56D0FF4DD9-LeaderElection12] INFO  impl.RoleInfo (RoleInfo.java:shutdownLeaderElection(134)) - a7c18b56-7bd4-4e97-bac5-a7861ed2f887: shutdown LeaderElection
2019-10-18 07:11:01,764 [a7c18b56-7bd4-4e97-bac5-a7861ed2f887@group-4D56D0FF4DD9-LeaderElection12] INFO  impl.RoleInfo (RoleInfo.java:updateAndGet(143)) - a7c18b56-7bd4-4e97-bac5-a7861ed2f887: start FollowerState
2019-10-18 07:11:01,802 [Thread-609] INFO  impl.FollowerState (FollowerState.java:run(108)) - a7c18b56-7bd4-4e97-bac5-a7861ed2f887@group-4D56D0FF4DD9-FollowerState: change to CANDIDATE, lastRpcTime:37ms, electionTimeout:37ms
2019-10-18 07:11:01,804 [Thread-609] INFO  impl.RoleInfo (RoleInfo.java:shutdownFollowerState(121)) - a7c18b56-7bd4-4e97-bac5-a7861ed2f887: shutdown FollowerState
2019-10-18 07:11:01,804 [Thread-609] INFO  impl.RaftServerImpl (RaftServerImpl.java:setRole(184)) - a7c18b56-7bd4-4e97-bac5-a7861ed2f887@group-4D56D0FF4DD9: changes role from  FOLLOWER to CANDIDATE at term 9 for changeToCandidate
2019-10-18 07:11:01,804 [Thread-609] INFO  impl.RoleInfo (RoleInfo.java:updateAndGet(143)) - a7c18b56-7bd4-4e97-bac5-a7861ed2f887: start LeaderElection
2019-10-18 07:11:01,828 [a7c18b56-7bd4-4e97-bac5-a7861ed2f887@group-4D56D0FF4DD9-LeaderElection13] INFO  impl.LeaderElection (LeaderElection.java:askForVotes(178)) - a7c18b56-7bd4-4e97-bac5-a7861ed2f887@group-4D56D0FF4DD9-LeaderElection13: begin an election at term 10 for 0: [a7c18b56-7bd4-4e97-bac5-a7861ed2f887:192.168.69.67:34061, 0e41e4d3-9bdd-41a7-a6da-f6547615f156:192.168.69.67:46622, 365c74cf-9edf-4118-8168-00280e7ea799:192.168.69.67:37281], old=null
2019-10-18 07:11:01,832 [grpc-default-executor-6] INFO  impl.RaftServerImpl (RaftServerImpl.java:setRole(184)) - 0e41e4d3-9bdd-41a7-a6da-f6547615f156@group-4D56D0FF4DD9: changes role from  FOLLOWER to FOLLOWER at term 10 for recognizeCandidate:a7c18b56-7bd4-4e97-bac5-a7861ed2f887
2019-10-18 07:11:01,832 [grpc-default-executor-0] INFO  impl.RaftServerImpl (RaftServerImpl.java:setRole(184)) - 365c74cf-9edf-4118-8168-00280e7ea799@group-4D56D0FF4DD9: changes role from  FOLLOWER to FOLLOWER at term 10 for recognizeCandidate:a7c18b56-7bd4-4e97-bac5-a7861ed2f887
2019-10-18 07:11:01,832 [grpc-default-executor-6] INFO  impl.RoleInfo (RoleInfo.java:shutdownFollowerState(121)) - 0e41e4d3-9bdd-41a7-a6da-f6547615f156: shutdown FollowerState
2019-10-18 07:11:01,832 [grpc-default-executor-0] INFO  impl.RoleInfo (RoleInfo.java:shutdownFollowerState(121)) - 365c74cf-9edf-4118-8168-00280e7ea799: shutdown FollowerState
2019-10-18 07:11:01,832 [grpc-default-executor-6] INFO  impl.RoleInfo (RoleInfo.java:updateAndGet(143)) - 0e41e4d3-9bdd-41a7-a6da-f6547615f156: start FollowerState
2019-10-18 07:11:01,832 [Thread-607] INFO  impl.FollowerState (FollowerState.java:run(117)) - 365c74cf-9edf-4118-8168-00280e7ea799@group-4D56D0FF4DD9-FollowerState was interrupted: java.lang.InterruptedException: sleep interrupted
2019-10-18 07:11:01,832 [grpc-default-executor-0] INFO  impl.RoleInfo (RoleInfo.java:updateAndGet(143)) - 365c74cf-9edf-4118-8168-00280e7ea799: start FollowerState
2019-10-18 07:11:01,832 [Thread-608] INFO  impl.FollowerState (FollowerState.java:run(117)) - 0e41e4d3-9bdd-41a7-a6da-f6547615f156@group-4D56D0FF4DD9-FollowerState was interrupted: java.lang.InterruptedException: sleep interrupted
2019-10-18 07:11:01,874 [a7c18b56-7bd4-4e97-bac5-a7861ed2f887@group-4D56D0FF4DD9-LeaderElection13] INFO  impl.LeaderElection (LeaderElection.java:logAndReturn(56)) - a7c18b56-7bd4-4e97-bac5-a7861ed2f887@group-4D56D0FF4DD9-LeaderElection13: Election REJECTED; received 2 response(s) [a7c18b56-7bd4-4e97-bac5-a7861ed2f887<-0e41e4d3-9bdd-41a7-a6da-f6547615f156#0:FAIL-t10, a7c18b56-7bd4-4e97-bac5-a7861ed2f887<-365c74cf-9edf-4118-8168-00280e7ea799#0:FAIL-t10] and 0 exception(s); a7c18b56-7bd4-4e97-bac5-a7861ed2f887@group-4D56D0FF4DD9:t10, leader=null, voted=a7c18b56-7bd4-4e97-bac5-a7861ed2f887, raftlog=a7c18b56-7bd4-4e97-bac5-a7861ed2f887@group-4D56D0FF4DD9-SegmentedRaftLog:OPENED:c3,f4,i4, conf=0: [a7c18b56-7bd4-4e97-bac5-a7861ed2f887:192.168.69.67:34061, 0e41e4d3-9bdd-41a7-a6da-f6547615f156:192.168.69.67:46622, 365c74cf-9edf-4118-8168-00280e7ea799:192.168.69.67:37281], old=null
2019-10-18 07:11:01,874 [a7c18b56-7bd4-4e97-bac5-a7861ed2f887@group-4D56D0FF4DD9-LeaderElection13] INFO  impl.RaftServerImpl (RaftServerImpl.java:setRole(184)) - a7c18b56-7bd4-4e97-bac5-a7861ed2f887@group-4D56D0FF4DD9: changes role from CANDIDATE to FOLLOWER at term 10 for DISCOVERED_A_NEW_TERM
2019-10-18 07:11:01,877 [a7c18b56-7bd4-4e97-bac5-a7861ed2f887@group-4D56D0FF4DD9-LeaderElection13] INFO  impl.RoleInfo (RoleInfo.java:shutdownLeaderElection(134)) - a7c18b56-7bd4-4e97-bac5-a7861ed2f887: shutdown LeaderElection
2019-10-18 07:11:01,877 [a7c18b56-7bd4-4e97-bac5-a7861ed2f887@group-4D56D0FF4DD9-LeaderElection13] INFO  impl.RoleInfo (RoleInfo.java:updateAndGet(143)) - a7c18b56-7bd4-4e97-bac5-a7861ed2f887: start FollowerState
2019-10-18 07:11:01,886 [Thread-615] INFO  impl.FollowerState (FollowerState.java:run(108)) - a7c18b56-7bd4-4e97-bac5-a7861ed2f887@group-4D56D0FF4DD9-FollowerState: change to CANDIDATE, lastRpcTime:8ms, electionTimeout:8ms
2019-10-18 07:11:01,886 [Thread-615] INFO  impl.RoleInfo (RoleInfo.java:shutdownFollowerState(121)) - a7c18b56-7bd4-4e97-bac5-a7861ed2f887: shutdown FollowerState
2019-10-18 07:11:01,886 [Thread-615] INFO  impl.RaftServerImpl (RaftServerImpl.java:setRole(184)) - a7c18b56-7bd4-4e97-bac5-a7861ed2f887@group-4D56D0FF4DD9: changes role from  FOLLOWER to CANDIDATE at term 10 for changeToCandidate
2019-10-18 07:11:01,886 [Thread-615] INFO  impl.RoleInfo (RoleInfo.java:updateAndGet(143)) - a7c18b56-7bd4-4e97-bac5-a7861ed2f887: start LeaderElection
2019-10-18 07:11:01,919 [a7c18b56-7bd4-4e97-bac5-a7861ed2f887@group-4D56D0FF4DD9-LeaderElection14] INFO  impl.LeaderElection (LeaderElection.java:askForVotes(178)) - a7c18b56-7bd4-4e97-bac5-a7861ed2f887@group-4D56D0FF4DD9-LeaderElection14: begin an election at term 11 for 0: [a7c18b56-7bd4-4e97-bac5-a7861ed2f887:192.168.69.67:34061, 0e41e4d3-9bdd-41a7-a6da-f6547615f156:192.168.69.67:46622, 365c74cf-9edf-4118-8168-00280e7ea799:192.168.69.67:37281], old=null
2019-10-18 07:11:01,923 [grpc-default-executor-6] INFO  impl.RaftServerImpl (RaftServerImpl.java:setRole(184)) - 365c74cf-9edf-4118-8168-00280e7ea799@group-4D56D0FF4DD9: changes role from  FOLLOWER to FOLLOWER at term 11 for recognizeCandidate:a7c18b56-7bd4-4e97-bac5-a7861ed2f887
2019-10-18 07:11:01,923 [grpc-default-executor-0] INFO  impl.RaftServerImpl (RaftServerImpl.java:setRole(184)) - 0e41e4d3-9bdd-41a7-a6da-f6547615f156@group-4D56D0FF4DD9: changes role from  FOLLOWER to FOLLOWER at term 11 for recognizeCandidate:a7c18b56-7bd4-4e97-bac5-a7861ed2f887
2019-10-18 07:11:01,923 [grpc-default-executor-6] INFO  impl.RoleInfo (RoleInfo.java:shutdownFollowerState(121)) - 365c74cf-9edf-4118-8168-00280e7ea799: shutdown FollowerState
2019-10-18 07:11:01,923 [grpc-default-executor-0] INFO  impl.RoleInfo (RoleInfo.java:shutdownFollowerState(121)) - 0e41e4d3-9bdd-41a7-a6da-f6547615f156: shutdown FollowerState
2019-10-18 07:11:01,924 [Thread-614] INFO  impl.FollowerState (FollowerState.java:run(117)) - 365c74cf-9edf-4118-8168-00280e7ea799@group-4D56D0FF4DD9-FollowerState was interrupted: java.lang.InterruptedException: sleep interrupted
2019-10-18 07:11:01,924 [Thread-613] INFO  impl.FollowerState (FollowerState.java:run(117)) - 0e41e4d3-9bdd-41a7-a6da-f6547615f156@group-4D56D0FF4DD9-FollowerState was interrupted: java.lang.InterruptedException: sleep interrupted
2019-10-18 07:11:01,924 [grpc-default-executor-6] INFO  impl.RoleInfo (RoleInfo.java:updateAndGet(143)) - 365c74cf-9edf-4118-8168-00280e7ea799: start FollowerState
2019-10-18 07:11:01,924 [grpc-default-executor-0] INFO  impl.RoleInfo (RoleInfo.java:updateAndGet(143)) - 0e41e4d3-9bdd-41a7-a6da-f6547615f156: start FollowerState
2019-10-18 07:11:01,942 [a7c18b56-7bd4-4e97-bac5-a7861ed2f887@group-4D56D0FF4DD9-LeaderElection14] INFO  impl.LeaderElection (LeaderElection.java:logAndReturn(56)) - a7c18b56-7bd4-4e97-bac5-a7861ed2f887@group-4D56D0FF4DD9-LeaderElection14: Election REJECTED; received 2 response(s) [a7c18b56-7bd4-4e97-bac5-a7861ed2f887<-0e41e4d3-9bdd-41a7-a6da-f6547615f156#0:FAIL-t11, a7c18b56-7bd4-4e97-bac5-a7861ed2f887<-365c74cf-9edf-4118-8168-00280e7ea799#0:FAIL-t11] and 0 exception(s); a7c18b56-7bd4-4e97-bac5-a7861ed2f887@group-4D56D0FF4DD9:t11, leader=null, voted=a7c18b56-7bd4-4e97-bac5-a7861ed2f887, raftlog=a7c18b56-7bd4-4e97-bac5-a7861ed2f887@group-4D56D0FF4DD9-SegmentedRaftLog:OPENED:c3,f4,i4, conf=0: [a7c18b56-7bd4-4e97-bac5-a7861ed2f887:192.168.69.67:34061, 0e41e4d3-9bdd-41a7-a6da-f6547615f156:192.168.69.67:46622, 365c74cf-9edf-4118-8168-00280e7ea799:192.168.69.67:37281], old=null
2019-10-18 07:11:01,942 [a7c18b56-7bd4-4e97-bac5-a7861ed2f887@group-4D56D0FF4DD9-LeaderElection14] INFO  impl.RaftServerImpl (RaftServerImpl.java:setRole(184)) - a7c18b56-7bd4-4e97-bac5-a7861ed2f887@group-4D56D0FF4DD9: changes role from CANDIDATE to FOLLOWER at term 11 for DISCOVERED_A_NEW_TERM
2019-10-18 07:11:01,942 [a7c18b56-7bd4-4e97-bac5-a7861ed2f887@group-4D56D0FF4DD9-LeaderElection14] INFO  impl.RoleInfo (RoleInfo.java:shutdownLeaderElection(134)) - a7c18b56-7bd4-4e97-bac5-a7861ed2f887: shutdown LeaderElection
2019-10-18 07:11:01,942 [a7c18b56-7bd4-4e97-bac5-a7861ed2f887@group-4D56D0FF4DD9-LeaderElection14] INFO  impl.RoleInfo (RoleInfo.java:updateAndGet(143)) - a7c18b56-7bd4-4e97-bac5-a7861ed2f887: start FollowerState
2019-10-18 07:11:01,967 [Thread-624] INFO  client.GrpcClientProtocolService (GrpcClientProtocolService.java:lambda$processClientRequest$0(278)) - Failed RaftClientRequest:client-23AD7B0CD45D->365c74cf-9edf-4118-8168-00280e7ea799@group-4D56D0FF4DD9, cid=10, seq=0, Watch-ALL_COMMITTED(6), Message:<EMPTY>, reply=RaftClientReply:client-23AD7B0CD45D->365c74cf-9edf-4118-8168-00280e7ea799@group-4D56D0FF4DD9, cid=10, FAILED org.apache.ratis.protocol.NotLeaderException: Server 365c74cf-9edf-4118-8168-00280e7ea799@group-4D56D0FF4DD9 is not the leader, logIndex=0, commits[365c74cf-9edf-4118-8168-00280e7ea799:c10, a7c18b56-7bd4-4e97-bac5-a7861ed2f887:c4, 0e41e4d3-9bdd-41a7-a6da-f6547615f156:c10]
2019-10-18 07:11:02,131 [Thread-622] INFO  impl.FollowerState (FollowerState.java:run(108)) - a7c18b56-7bd4-4e97-bac5-a7861ed2f887@group-4D56D0FF4DD9-FollowerState: change to CANDIDATE, lastRpcTime:189ms, electionTimeout:189ms
2019-10-18 07:11:02,132 [Thread-622] INFO  impl.RoleInfo (RoleInfo.java:shutdownFollowerState(121)) - a7c18b56-7bd4-4e97-bac5-a7861ed2f887: shutdown FollowerState
2019-10-18 07:11:02,132 [Thread-622] INFO  impl.RaftServerImpl (RaftServerImpl.java:setRole(184)) - a7c18b56-7bd4-4e97-bac5-a7861ed2f887@group-4D56D0FF4DD9: changes role from  FOLLOWER to CANDIDATE at term 11 for changeToCandidate
2019-10-18 07:11:02,132 [Thread-622] INFO  impl.RoleInfo (RoleInfo.java:updateAndGet(143)) - a7c18b56-7bd4-4e97-bac5-a7861ed2f887: start LeaderElection
2019-10-18 07:11:02,139 [BlockDeletingService#2] WARN  background.BlockDeletingService (BlockDeletingService.java:isDeletionAllowed(187)) - Close Container log Index 6 is not replicated across allthe servers in the pipeline 5b98df48-0bd5-4e4e-b730-4d56d0ff4dd9 as the min replicated index is 4. Deletion is not allowed in this container yet.
2019-10-18 07:11:02,140 [BlockDeletingService#2] WARN  background.BlockDeletingService (BlockDeletingService.java:isDeletionAllowed(187)) - Close Container log Index 6 is not replicated across allthe servers in the pipeline 5b98df48-0bd5-4e4e-b730-4d56d0ff4dd9 as the min replicated index is 4. Deletion is not allowed in this container yet.
2019-10-18 07:11:02,147 [a7c18b56-7bd4-4e97-bac5-a7861ed2f887@group-4D56D0FF4DD9-LeaderElection15] INFO  impl.LeaderElection (LeaderElection.java:askForVotes(178)) - a7c18b56-7bd4-4e97-bac5-a7861ed2f887@group-4D56D0FF4DD9-LeaderElection15: begin an election at term 12 for 0: [a7c18b56-7bd4-4e97-bac5-a7861ed2f887:192.168.69.67:34061, 0e41e4d3-9bdd-41a7-a6da-f6547615f156:192.168.69.67:46622, 365c74cf-9edf-4118-8168-00280e7ea799:192.168.69.67:37281], old=null
2019-10-18 07:11:02,154 [grpc-default-executor-6] INFO  impl.RaftServerImpl (RaftServerImpl.java:setRole(184)) - 0e41e4d3-9bdd-41a7-a6da-f6547615f156@group-4D56D0FF4DD9: changes role from  FOLLOWER to FOLLOWER at term 12 for recognizeCandidate:a7c18b56-7bd4-4e97-bac5-a7861ed2f887
2019-10-18 07:11:02,154 [grpc-default-executor-0] INFO  impl.RaftServerImpl (RaftServerImpl.java:setRole(184)) - 365c74cf-9edf-4118-8168-00280e7ea799@group-4D56D0FF4DD9: changes role from  FOLLOWER to FOLLOWER at term 12 for recognizeCandidate:a7c18b56-7bd4-4e97-bac5-a7861ed2f887
2019-10-18 07:11:02,155 [grpc-default-executor-6] INFO  impl.RoleInfo (RoleInfo.java:shutdownFollowerState(121)) - 0e41e4d3-9bdd-41a7-a6da-f6547615f156: shutdown FollowerState
2019-10-18 07:11:02,155 [grpc-default-executor-0] INFO  impl.RoleInfo (RoleInfo.java:shutdownFollowerState(121)) - 365c74cf-9edf-4118-8168-00280e7ea799: shutdown FollowerState
2019-10-18 07:11:02,155 [Thread-621] INFO  impl.FollowerState (FollowerState.java:run(117)) - 0e41e4d3-9bdd-41a7-a6da-f6547615f156@group-4D56D0FF4DD9-FollowerState was interrupted: java.lang.InterruptedException: sleep interrupted
2019-10-18 07:11:02,155 [Thread-620] INFO  impl.FollowerState (FollowerState.java:run(117)) - 365c74cf-9edf-4118-8168-00280e7ea799@group-4D56D0FF4DD9-FollowerState was interrupted: java.lang.InterruptedException: sleep interrupted
2019-10-18 07:11:02,155 [grpc-default-executor-6] INFO  impl.RoleInfo (RoleInfo.java:updateAndGet(143)) - 0e41e4d3-9bdd-41a7-a6da-f6547615f156: start FollowerState
2019-10-18 07:11:02,155 [grpc-default-executor-0] INFO  impl.RoleInfo (RoleInfo.java:updateAndGet(143)) - 365c74cf-9edf-4118-8168-00280e7ea799: start FollowerState
2019-10-18 07:11:02,185 [a7c18b56-7bd4-4e97-bac5-a7861ed2f887@group-4D56D0FF4DD9-LeaderElection15] INFO  impl.LeaderElection (LeaderElection.java:logAndReturn(56)) - a7c18b56-7bd4-4e97-bac5-a7861ed2f887@group-4D56D0FF4DD9-LeaderElection15: Election REJECTED; received 2 response(s) [a7c18b56-7bd4-4e97-bac5-a7861ed2f887<-0e41e4d3-9bdd-41a7-a6da-f6547615f156#0:FAIL-t12, a7c18b56-7bd4-4e97-bac5-a7861ed2f887<-365c74cf-9edf-4118-8168-00280e7ea799#0:FAIL-t12] and 0 exception(s); a7c18b56-7bd4-4e97-bac5-a7861ed2f887@group-4D56D0FF4DD9:t12, leader=null, voted=a7c18b56-7bd4-4e97-bac5-a7861ed2f887, raftlog=a7c18b56-7bd4-4e97-bac5-a7861ed2f887@group-4D56D0FF4DD9-SegmentedRaftLog:OPENED:c3,f4,i4, conf=0: [a7c18b56-7bd4-4e97-bac5-a7861ed2f887:192.168.69.67:34061, 0e41e4d3-9bdd-41a7-a6da-f6547615f156:192.168.69.67:46622, 365c74cf-9edf-4118-8168-00280e7ea799:192.168.69.67:37281], old=null
2019-10-18 07:11:02,185 [a7c18b56-7bd4-4e97-bac5-a7861ed2f887@group-4D56D0FF4DD9-LeaderElection15] INFO  impl.RaftServerImpl (RaftServerImpl.java:setRole(184)) - a7c18b56-7bd4-4e97-bac5-a7861ed2f887@group-4D56D0FF4DD9: changes role from CANDIDATE to FOLLOWER at term 12 for DISCOVERED_A_NEW_TERM
2019-10-18 07:11:02,185 [a7c18b56-7bd4-4e97-bac5-a7861ed2f887@group-4D56D0FF4DD9-LeaderElection15] INFO  impl.RoleInfo (RoleInfo.java:shutdownLeaderElection(134)) - a7c18b56-7bd4-4e97-bac5-a7861ed2f887: shutdown LeaderElection
2019-10-18 07:11:02,185 [a7c18b56-7bd4-4e97-bac5-a7861ed2f887@group-4D56D0FF4DD9-LeaderElection15] INFO  impl.RoleInfo (RoleInfo.java:updateAndGet(143)) - a7c18b56-7bd4-4e97-bac5-a7861ed2f887: start FollowerState
2019-10-18 07:11:02,196 [Thread-633] INFO  impl.FollowerState (FollowerState.java:run(108)) - a7c18b56-7bd4-4e97-bac5-a7861ed2f887@group-4D56D0FF4DD9-FollowerState: change to CANDIDATE, lastRpcTime:10ms, electionTimeout:10ms
2019-10-18 07:11:02,197 [Thread-633] INFO  impl.RoleInfo (RoleInfo.java:shutdownFollowerState(121)) - a7c18b56-7bd4-4e97-bac5-a7861ed2f887: shutdown FollowerState
2019-10-18 07:11:02,197 [Thread-633] INFO  impl.RaftServerImpl (RaftServerImpl.java:setRole(184)) - a7c18b56-7bd4-4e97-bac5-a7861ed2f887@group-4D56D0FF4DD9: changes role from  FOLLOWER to CANDIDATE at term 12 for changeToCandidate
2019-10-18 07:11:02,197 [Thread-633] INFO  impl.RoleInfo (RoleInfo.java:updateAndGet(143)) - a7c18b56-7bd4-4e97-bac5-a7861ed2f887: start LeaderElection
2019-10-18 07:11:02,211 [a7c18b56-7bd4-4e97-bac5-a7861ed2f887@group-4D56D0FF4DD9-LeaderElection16] INFO  impl.LeaderElection (LeaderElection.java:askForVotes(178)) - a7c18b56-7bd4-4e97-bac5-a7861ed2f887@group-4D56D0FF4DD9-LeaderElection16: begin an election at term 13 for 0: [a7c18b56-7bd4-4e97-bac5-a7861ed2f887:192.168.69.67:34061, 0e41e4d3-9bdd-41a7-a6da-f6547615f156:192.168.69.67:46622, 365c74cf-9edf-4118-8168-00280e7ea799:192.168.69.67:37281], old=null
2019-10-18 07:11:02,214 [grpc-default-executor-6] INFO  impl.RaftServerImpl (RaftServerImpl.java:setRole(184)) - 0e41e4d3-9bdd-41a7-a6da-f6547615f156@group-4D56D0FF4DD9: changes role from  FOLLOWER to FOLLOWER at term 13 for recognizeCandidate:a7c18b56-7bd4-4e97-bac5-a7861ed2f887
2019-10-18 07:11:02,214 [grpc-default-executor-6] INFO  impl.RoleInfo (RoleInfo.java:shutdownFollowerState(121)) - 0e41e4d3-9bdd-41a7-a6da-f6547615f156: shutdown FollowerState
2019-10-18 07:11:02,215 [grpc-default-executor-0] INFO  impl.RaftServerImpl (RaftServerImpl.java:setRole(184)) - 365c74cf-9edf-4118-8168-00280e7ea799@group-4D56D0FF4DD9: changes role from  FOLLOWER to FOLLOWER at term 13 for recognizeCandidate:a7c18b56-7bd4-4e97-bac5-a7861ed2f887
2019-10-18 07:11:02,215 [grpc-default-executor-6] INFO  impl.RoleInfo (RoleInfo.java:updateAndGet(143)) - 0e41e4d3-9bdd-41a7-a6da-f6547615f156: start FollowerState
2019-10-18 07:11:02,215 [Thread-631] INFO  impl.FollowerState (FollowerState.java:run(117)) - 0e41e4d3-9bdd-41a7-a6da-f6547615f156@group-4D56D0FF4DD9-FollowerState was interrupted: java.lang.InterruptedException: sleep interrupted
2019-10-18 07:11:02,215 [grpc-default-executor-0] INFO  impl.RoleInfo (RoleInfo.java:shutdownFollowerState(121)) - 365c74cf-9edf-4118-8168-00280e7ea799: shutdown FollowerState
2019-10-18 07:11:02,216 [grpc-default-executor-0] INFO  impl.RoleInfo (RoleInfo.java:updateAndGet(143)) - 365c74cf-9edf-4118-8168-00280e7ea799: start FollowerState
2019-10-18 07:11:02,216 [Thread-632] INFO  impl.FollowerState (FollowerState.java:run(117)) - 365c74cf-9edf-4118-8168-00280e7ea799@group-4D56D0FF4DD9-FollowerState was interrupted: java.lang.InterruptedException: sleep interrupted
2019-10-18 07:11:02,243 [a7c18b56-7bd4-4e97-bac5-a7861ed2f887@group-4D56D0FF4DD9-LeaderElection16] INFO  impl.LeaderElection (LeaderElection.java:logAndReturn(56)) - a7c18b56-7bd4-4e97-bac5-a7861ed2f887@group-4D56D0FF4DD9-LeaderElection16: Election REJECTED; received 2 response(s) [a7c18b56-7bd4-4e97-bac5-a7861ed2f887<-0e41e4d3-9bdd-41a7-a6da-f6547615f156#0:FAIL-t13, a7c18b56-7bd4-4e97-bac5-a7861ed2f887<-365c74cf-9edf-4118-8168-00280e7ea799#0:FAIL-t13] and 0 exception(s); a7c18b56-7bd4-4e97-bac5-a7861ed2f887@group-4D56D0FF4DD9:t13, leader=null, voted=a7c18b56-7bd4-4e97-bac5-a7861ed2f887, raftlog=a7c18b56-7bd4-4e97-bac5-a7861ed2f887@group-4D56D0FF4DD9-SegmentedRaftLog:OPENED:c3,f4,i4, conf=0: [a7c18b56-7bd4-4e97-bac5-a7861ed2f887:192.168.69.67:34061, 0e41e4d3-9bdd-41a7-a6da-f6547615f156:192.168.69.67:46622, 365c74cf-9edf-4118-8168-00280e7ea799:192.168.69.67:37281], old=null
2019-10-18 07:11:02,243 [a7c18b56-7bd4-4e97-bac5-a7861ed2f887@group-4D56D0FF4DD9-LeaderElection16] INFO  impl.RaftServerImpl (RaftServerImpl.java:setRole(184)) - a7c18b56-7bd4-4e97-bac5-a7861ed2f887@group-4D56D0FF4DD9: changes role from CANDIDATE to FOLLOWER at term 13 for DISCOVERED_A_NEW_TERM
2019-10-18 07:11:02,243 [a7c18b56-7bd4-4e97-bac5-a7861ed2f887@group-4D56D0FF4DD9-LeaderElection16] INFO  impl.RoleInfo (RoleInfo.java:shutdownLeaderElection(134)) - a7c18b56-7bd4-4e97-bac5-a7861ed2f887: shutdown LeaderElection
2019-10-18 07:11:02,244 [a7c18b56-7bd4-4e97-bac5-a7861ed2f887@group-4D56D0FF4DD9-LeaderElection16] INFO  impl.RoleInfo (RoleInfo.java:updateAndGet(143)) - a7c18b56-7bd4-4e97-bac5-a7861ed2f887: start FollowerState
2019-10-18 07:11:02,358 [Thread-639] INFO  impl.FollowerState (FollowerState.java:run(108)) - a7c18b56-7bd4-4e97-bac5-a7861ed2f887@group-4D56D0FF4DD9-FollowerState: change to CANDIDATE, lastRpcTime:114ms, electionTimeout:114ms
2019-10-18 07:11:02,363 [Thread-639] INFO  impl.RoleInfo (RoleInfo.java:shutdownFollowerState(121)) - a7c18b56-7bd4-4e97-bac5-a7861ed2f887: shutdown FollowerState
2019-10-18 07:11:02,364 [Thread-639] INFO  impl.RaftServerImpl (RaftServerImpl.java:setRole(184)) - a7c18b56-7bd4-4e97-bac5-a7861ed2f887@group-4D56D0FF4DD9: changes role from  FOLLOWER to CANDIDATE at term 13 for changeToCandidate
2019-10-18 07:11:02,364 [Thread-639] INFO  impl.RoleInfo (RoleInfo.java:updateAndGet(143)) - a7c18b56-7bd4-4e97-bac5-a7861ed2f887: start LeaderElection
2019-10-18 07:11:02,390 [a7c18b56-7bd4-4e97-bac5-a7861ed2f887@group-4D56D0FF4DD9-LeaderElection17] INFO  impl.LeaderElection (LeaderElection.java:askForVotes(178)) - a7c18b56-7bd4-4e97-bac5-a7861ed2f887@group-4D56D0FF4DD9-LeaderElection17: begin an election at term 14 for 0: [a7c18b56-7bd4-4e97-bac5-a7861ed2f887:192.168.69.67:34061, 0e41e4d3-9bdd-41a7-a6da-f6547615f156:192.168.69.67:46622, 365c74cf-9edf-4118-8168-00280e7ea799:192.168.69.67:37281], old=null
2019-10-18 07:11:02,394 [grpc-default-executor-6] INFO  impl.RaftServerImpl (RaftServerImpl.java:setRole(184)) - 365c74cf-9edf-4118-8168-00280e7ea799@group-4D56D0FF4DD9: changes role from  FOLLOWER to FOLLOWER at term 14 for recognizeCandidate:a7c18b56-7bd4-4e97-bac5-a7861ed2f887
2019-10-18 07:11:02,394 [grpc-default-executor-0] INFO  impl.RaftServerImpl (RaftServerImpl.java:setRole(184)) - 0e41e4d3-9bdd-41a7-a6da-f6547615f156@group-4D56D0FF4DD9: changes role from  FOLLOWER to FOLLOWER at term 14 for recognizeCandidate:a7c18b56-7bd4-4e97-bac5-a7861ed2f887
2019-10-18 07:11:02,395 [grpc-default-executor-6] INFO  impl.RoleInfo (RoleInfo.java:shutdownFollowerState(121)) - 365c74cf-9edf-4118-8168-00280e7ea799: shutdown FollowerState
2019-10-18 07:11:02,395 [grpc-default-executor-0] INFO  impl.RoleInfo (RoleInfo.java:shutdownFollowerState(121)) - 0e41e4d3-9bdd-41a7-a6da-f6547615f156: shutdown FollowerState
2019-10-18 07:11:02,395 [Thread-638] INFO  impl.FollowerState (FollowerState.java:run(117)) - 365c74cf-9edf-4118-8168-00280e7ea799@group-4D56D0FF4DD9-FollowerState was interrupted: java.lang.InterruptedException: sleep interrupted
2019-10-18 07:11:02,395 [grpc-default-executor-6] INFO  impl.RoleInfo (RoleInfo.java:updateAndGet(143)) - 365c74cf-9edf-4118-8168-00280e7ea799: start FollowerState
2019-10-18 07:11:02,395 [Thread-637] INFO  impl.FollowerState (FollowerState.java:run(117)) - 0e41e4d3-9bdd-41a7-a6da-f6547615f156@group-4D56D0FF4DD9-FollowerState was interrupted: java.lang.InterruptedException: sleep interrupted
2019-10-18 07:11:02,395 [grpc-default-executor-0] INFO  impl.RoleInfo (RoleInfo.java:updateAndGet(143)) - 0e41e4d3-9bdd-41a7-a6da-f6547615f156: start FollowerState
2019-10-18 07:11:02,426 [a7c18b56-7bd4-4e97-bac5-a7861ed2f887@group-4D56D0FF4DD9-LeaderElection17] INFO  impl.LeaderElection (LeaderElection.java:logAndReturn(56)) - a7c18b56-7bd4-4e97-bac5-a7861ed2f887@group-4D56D0FF4DD9-LeaderElection17: Election REJECTED; received 2 response(s) [a7c18b56-7bd4-4e97-bac5-a7861ed2f887<-0e41e4d3-9bdd-41a7-a6da-f6547615f156#0:FAIL-t14, a7c18b56-7bd4-4e97-bac5-a7861ed2f887<-365c74cf-9edf-4118-8168-00280e7ea799#0:FAIL-t14] and 0 exception(s); a7c18b56-7bd4-4e97-bac5-a7861ed2f887@group-4D56D0FF4DD9:t14, leader=null, voted=a7c18b56-7bd4-4e97-bac5-a7861ed2f887, raftlog=a7c18b56-7bd4-4e97-bac5-a7861ed2f887@group-4D56D0FF4DD9-SegmentedRaftLog:OPENED:c3,f4,i4, conf=0: [a7c18b56-7bd4-4e97-bac5-a7861ed2f887:192.168.69.67:34061, 0e41e4d3-9bdd-41a7-a6da-f6547615f156:192.168.69.67:46622, 365c74cf-9edf-4118-8168-00280e7ea799:192.168.69.67:37281], old=null
2019-10-18 07:11:02,426 [a7c18b56-7bd4-4e97-bac5-a7861ed2f887@group-4D56D0FF4DD9-LeaderElection17] INFO  impl.RaftServerImpl (RaftServerImpl.java:setRole(184)) - a7c18b56-7bd4-4e97-bac5-a7861ed2f887@group-4D56D0FF4DD9: changes role from CANDIDATE to FOLLOWER at term 14 for DISCOVERED_A_NEW_TERM
2019-10-18 07:11:02,426 [a7c18b56-7bd4-4e97-bac5-a7861ed2f887@group-4D56D0FF4DD9-LeaderElection17] INFO  impl.RoleInfo (RoleInfo.java:shutdownLeaderElection(134)) - a7c18b56-7bd4-4e97-bac5-a7861ed2f887: shutdown LeaderElection
2019-10-18 07:11:02,426 [a7c18b56-7bd4-4e97-bac5-a7861ed2f887@group-4D56D0FF4DD9-LeaderElection17] INFO  impl.RoleInfo (RoleInfo.java:updateAndGet(143)) - a7c18b56-7bd4-4e97-bac5-a7861ed2f887: start FollowerState
2019-10-18 07:11:02,439 [pool-7-thread-3] INFO  commands.RetriableDatanodeEventWatcher (RetriableDatanodeEventWatcher.java:onTimeout(47)) - RetriableDatanodeCommand type=deleteBlocksCommand with id=1571382657434 timed out. Retrying.
2019-10-18 07:11:02,441 [pool-7-thread-3] INFO  commands.RetriableDatanodeEventWatcher (RetriableDatanodeEventWatcher.java:onTimeout(47)) - RetriableDatanodeCommand type=deleteBlocksCommand with id=1571382657439 timed out. Retrying.
2019-10-18 07:11:02,441 [pool-7-thread-4] INFO  commands.RetriableDatanodeEventWatcher (RetriableDatanodeEventWatcher.java:onTimeout(47)) - RetriableDatanodeCommand type=deleteBlocksCommand with id=1571382657437 timed out. Retrying.
2019-10-18 07:11:02,441 [pool-7-thread-2] INFO  commands.RetriableDatanodeEventWatcher (RetriableDatanodeEventWatcher.java:onTimeout(47)) - RetriableDatanodeCommand type=deleteBlocksCommand with id=1571382657440 timed out. Retrying.
2019-10-18 07:11:02,441 [pool-7-thread-1] INFO  commands.RetriableDatanodeEventWatcher (RetriableDatanodeEventWatcher.java:onTimeout(47)) - RetriableDatanodeCommand type=deleteBlocksCommand with id=1571382657441 timed out. Retrying.
2019-10-18 07:11:02,442 [SCMBlockDeletingService#0] INFO  block.SCMBlockDeletingService (SCMBlockDeletingService.java:call(184)) - Totally added 1 delete blocks command for 1 datanodes, task elapsed time: 1ms
2019-10-18 07:11:02,484 [Thread-645] INFO  impl.FollowerState (FollowerState.java:run(108)) - a7c18b56-7bd4-4e97-bac5-a7861ed2f887@group-4D56D0FF4DD9-FollowerState: change to CANDIDATE, lastRpcTime:57ms, electionTimeout:57ms
2019-10-18 07:11:02,484 [Thread-645] INFO  impl.RoleInfo (RoleInfo.java:shutdownFollowerState(121)) - a7c18b56-7bd4-4e97-bac5-a7861ed2f887: shutdown FollowerState
2019-10-18 07:11:02,484 [Thread-645] INFO  impl.RaftServerImpl (RaftServerImpl.java:setRole(184)) - a7c18b56-7bd4-4e97-bac5-a7861ed2f887@group-4D56D0FF4DD9: changes role from  FOLLOWER to CANDIDATE at term 14 for changeToCandidate
2019-10-18 07:11:02,484 [Thread-645] INFO  impl.RoleInfo (RoleInfo.java:updateAndGet(143)) - a7c18b56-7bd4-4e97-bac5-a7861ed2f887: start LeaderElection
2019-10-18 07:11:02,510 [a7c18b56-7bd4-4e97-bac5-a7861ed2f887@group-4D56D0FF4DD9-LeaderElection18] INFO  impl.LeaderElection (LeaderElection.java:askForVotes(178)) - a7c18b56-7bd4-4e97-bac5-a7861ed2f887@group-4D56D0FF4DD9-LeaderElection18: begin an election at term 15 for 0: [a7c18b56-7bd4-4e97-bac5-a7861ed2f887:192.168.69.67:34061, 0e41e4d3-9bdd-41a7-a6da-f6547615f156:192.168.69.67:46622, 365c74cf-9edf-4118-8168-00280e7ea799:192.168.69.67:37281], old=null
2019-10-18 07:11:02,513 [grpc-default-executor-6] INFO  impl.RaftServerImpl (RaftServerImpl.java:setRole(184)) - 0e41e4d3-9bdd-41a7-a6da-f6547615f156@group-4D56D0FF4DD9: changes role from  FOLLOWER to FOLLOWER at term 15 for recognizeCandidate:a7c18b56-7bd4-4e97-bac5-a7861ed2f887
2019-10-18 07:11:02,513 [grpc-default-executor-0] INFO  impl.RaftServerImpl (RaftServerImpl.java:setRole(184)) - 365c74cf-9edf-4118-8168-00280e7ea799@group-4D56D0FF4DD9: changes role from  FOLLOWER to FOLLOWER at term 15 for recognizeCandidate:a7c18b56-7bd4-4e97-bac5-a7861ed2f887
2019-10-18 07:11:02,514 [grpc-default-executor-0] INFO  impl.RoleInfo (RoleInfo.java:shutdownFollowerState(121)) - 365c74cf-9edf-4118-8168-00280e7ea799: shutdown FollowerState
2019-10-18 07:11:02,514 [grpc-default-executor-6] INFO  impl.RoleInfo (RoleInfo.java:shutdownFollowerState(121)) - 0e41e4d3-9bdd-41a7-a6da-f6547615f156: shutdown FollowerState
2019-10-18 07:11:02,514 [grpc-default-executor-0] INFO  impl.RoleInfo (RoleInfo.java:updateAndGet(143)) - 365c74cf-9edf-4118-8168-00280e7ea799: start FollowerState
2019-10-18 07:11:02,514 [Thread-643] INFO  impl.FollowerState (FollowerState.java:run(117)) - 365c74cf-9edf-4118-8168-00280e7ea799@group-4D56D0FF4DD9-FollowerState was interrupted: java.lang.InterruptedException: sleep interrupted
2019-10-18 07:11:02,514 [grpc-default-executor-6] INFO  impl.RoleInfo (RoleInfo.java:updateAndGet(143)) - 0e41e4d3-9bdd-41a7-a6da-f6547615f156: start FollowerState
2019-10-18 07:11:02,514 [Thread-644] INFO  impl.FollowerState (FollowerState.java:run(117)) - 0e41e4d3-9bdd-41a7-a6da-f6547615f156@group-4D56D0FF4DD9-FollowerState was interrupted: java.lang.InterruptedException: sleep interrupted
2019-10-18 07:11:02,530 [a7c18b56-7bd4-4e97-bac5-a7861ed2f887@group-4D56D0FF4DD9-LeaderElection18] INFO  impl.LeaderElection (LeaderElection.java:logAndReturn(56)) - a7c18b56-7bd4-4e97-bac5-a7861ed2f887@group-4D56D0FF4DD9-LeaderElection18: Election REJECTED; received 2 response(s) [a7c18b56-7bd4-4e97-bac5-a7861ed2f887<-0e41e4d3-9bdd-41a7-a6da-f6547615f156#0:FAIL-t15, a7c18b56-7bd4-4e97-bac5-a7861ed2f887<-365c74cf-9edf-4118-8168-00280e7ea799#0:FAIL-t15] and 0 exception(s); a7c18b56-7bd4-4e97-bac5-a7861ed2f887@group-4D56D0FF4DD9:t15, leader=null, voted=a7c18b56-7bd4-4e97-bac5-a7861ed2f887, raftlog=a7c18b56-7bd4-4e97-bac5-a7861ed2f887@group-4D56D0FF4DD9-SegmentedRaftLog:OPENED:c3,f4,i4, conf=0: [a7c18b56-7bd4-4e97-bac5-a7861ed2f887:192.168.69.67:34061, 0e41e4d3-9bdd-41a7-a6da-f6547615f156:192.168.69.67:46622, 365c74cf-9edf-4118-8168-00280e7ea799:192.168.69.67:37281], old=null
2019-10-18 07:11:02,530 [a7c18b56-7bd4-4e97-bac5-a7861ed2f887@group-4D56D0FF4DD9-LeaderElection18] INFO  impl.RaftServerImpl (RaftServerImpl.java:setRole(184)) - a7c18b56-7bd4-4e97-bac5-a7861ed2f887@group-4D56D0FF4DD9: changes role from CANDIDATE to FOLLOWER at term 15 for DISCOVERED_A_NEW_TERM
2019-10-18 07:11:02,530 [a7c18b56-7bd4-4e97-bac5-a7861ed2f887@group-4D56D0FF4DD9-LeaderElection18] INFO  impl.RoleInfo (RoleInfo.java:shutdownLeaderElection(134)) - a7c18b56-7bd4-4e97-bac5-a7861ed2f887: shutdown LeaderElection
2019-10-18 07:11:02,531 [a7c18b56-7bd4-4e97-bac5-a7861ed2f887@group-4D56D0FF4DD9-LeaderElection18] INFO  impl.RoleInfo (RoleInfo.java:updateAndGet(143)) - a7c18b56-7bd4-4e97-bac5-a7861ed2f887: start FollowerState
2019-10-18 07:11:02,679 [Thread-651] INFO  impl.FollowerState (FollowerState.java:run(108)) - a7c18b56-7bd4-4e97-bac5-a7861ed2f887@group-4D56D0FF4DD9-FollowerState: change to CANDIDATE, lastRpcTime:148ms, electionTimeout:148ms
2019-10-18 07:11:02,681 [Thread-651] INFO  impl.RoleInfo (RoleInfo.java:shutdownFollowerState(121)) - a7c18b56-7bd4-4e97-bac5-a7861ed2f887: shutdown FollowerState
2019-10-18 07:11:02,681 [Thread-651] INFO  impl.RaftServerImpl (RaftServerImpl.java:setRole(184)) - a7c18b56-7bd4-4e97-bac5-a7861ed2f887@group-4D56D0FF4DD9: changes role from  FOLLOWER to CANDIDATE at term 15 for changeToCandidate
2019-10-18 07:11:02,681 [Thread-651] INFO  impl.RoleInfo (RoleInfo.java:updateAndGet(143)) - a7c18b56-7bd4-4e97-bac5-a7861ed2f887: start LeaderElection
2019-10-18 07:11:02,705 [a7c18b56-7bd4-4e97-bac5-a7861ed2f887@group-4D56D0FF4DD9-LeaderElection19] INFO  impl.LeaderElection (LeaderElection.java:askForVotes(178)) - a7c18b56-7bd4-4e97-bac5-a7861ed2f887@group-4D56D0FF4DD9-LeaderElection19: begin an election at term 16 for 0: [a7c18b56-7bd4-4e97-bac5-a7861ed2f887:192.168.69.67:34061, 0e41e4d3-9bdd-41a7-a6da-f6547615f156:192.168.69.67:46622, 365c74cf-9edf-4118-8168-00280e7ea799:192.168.69.67:37281], old=null
2019-10-18 07:11:02,796 [grpc-default-executor-0] INFO  impl.RaftServerImpl (RaftServerImpl.java:setRole(184)) - 365c74cf-9edf-4118-8168-00280e7ea799@group-4D56D0FF4DD9: changes role from  FOLLOWER to FOLLOWER at term 16 for recognizeCandidate:a7c18b56-7bd4-4e97-bac5-a7861ed2f887
2019-10-18 07:11:02,796 [grpc-default-executor-6] INFO  impl.RaftServerImpl (RaftServerImpl.java:setRole(184)) - 0e41e4d3-9bdd-41a7-a6da-f6547615f156@group-4D56D0FF4DD9: changes role from  FOLLOWER to FOLLOWER at term 16 for recognizeCandidate:a7c18b56-7bd4-4e97-bac5-a7861ed2f887
2019-10-18 07:11:02,797 [grpc-default-executor-0] INFO  impl.RoleInfo (RoleInfo.java:shutdownFollowerState(121)) - 365c74cf-9edf-4118-8168-00280e7ea799: shutdown FollowerState
2019-10-18 07:11:02,797 [grpc-default-executor-6] INFO  impl.RoleInfo (RoleInfo.java:shutdownFollowerState(121)) - 0e41e4d3-9bdd-41a7-a6da-f6547615f156: shutdown FollowerState
2019-10-18 07:11:02,797 [grpc-default-executor-0] INFO  impl.RoleInfo (RoleInfo.java:updateAndGet(143)) - 365c74cf-9edf-4118-8168-00280e7ea799: start FollowerState
2019-10-18 07:11:02,797 [Thread-649] INFO  impl.FollowerState (FollowerState.java:run(117)) - 365c74cf-9edf-4118-8168-00280e7ea799@group-4D56D0FF4DD9-FollowerState was interrupted: java.lang.InterruptedException: sleep interrupted
2019-10-18 07:11:02,797 [Thread-650] INFO  impl.FollowerState (FollowerState.java:run(117)) - 0e41e4d3-9bdd-41a7-a6da-f6547615f156@group-4D56D0FF4DD9-FollowerState was interrupted: java.lang.InterruptedException: sleep interrupted
2019-10-18 07:11:02,797 [grpc-default-executor-6] INFO  impl.RoleInfo (RoleInfo.java:updateAndGet(143)) - 0e41e4d3-9bdd-41a7-a6da-f6547615f156: start FollowerState
2019-10-18 07:11:02,817 [a7c18b56-7bd4-4e97-bac5-a7861ed2f887@group-4D56D0FF4DD9-LeaderElection19] INFO  impl.LeaderElection (LeaderElection.java:logAndReturn(56)) - a7c18b56-7bd4-4e97-bac5-a7861ed2f887@group-4D56D0FF4DD9-LeaderElection19: Election REJECTED; received 2 response(s) [a7c18b56-7bd4-4e97-bac5-a7861ed2f887<-0e41e4d3-9bdd-41a7-a6da-f6547615f156#0:FAIL-t16, a7c18b56-7bd4-4e97-bac5-a7861ed2f887<-365c74cf-9edf-4118-8168-00280e7ea799#0:FAIL-t16] and 0 exception(s); a7c18b56-7bd4-4e97-bac5-a7861ed2f887@group-4D56D0FF4DD9:t16, leader=null, voted=a7c18b56-7bd4-4e97-bac5-a7861ed2f887, raftlog=a7c18b56-7bd4-4e97-bac5-a7861ed2f887@group-4D56D0FF4DD9-SegmentedRaftLog:OPENED:c3,f4,i4, conf=0: [a7c18b56-7bd4-4e97-bac5-a7861ed2f887:192.168.69.67:34061, 0e41e4d3-9bdd-41a7-a6da-f6547615f156:192.168.69.67:46622, 365c74cf-9edf-4118-8168-00280e7ea799:192.168.69.67:37281], old=null
2019-10-18 07:11:02,818 [a7c18b56-7bd4-4e97-bac5-a7861ed2f887@group-4D56D0FF4DD9-LeaderElection19] INFO  impl.RaftServerImpl (RaftServerImpl.java:setRole(184)) - a7c18b56-7bd4-4e97-bac5-a7861ed2f887@group-4D56D0FF4DD9: changes role from CANDIDATE to FOLLOWER at term 16 for DISCOVERED_A_NEW_TERM
2019-10-18 07:11:02,818 [a7c18b56-7bd4-4e97-bac5-a7861ed2f887@group-4D56D0FF4DD9-LeaderElection19] INFO  impl.RoleInfo (RoleInfo.java:shutdownLeaderElection(134)) - a7c18b56-7bd4-4e97-bac5-a7861ed2f887: shutdown LeaderElection
2019-10-18 07:11:02,818 [a7c18b56-7bd4-4e97-bac5-a7861ed2f887@group-4D56D0FF4DD9-LeaderElection19] INFO  impl.RoleInfo (RoleInfo.java:updateAndGet(143)) - a7c18b56-7bd4-4e97-bac5-a7861ed2f887: start FollowerState
2019-10-18 07:11:02,878 [Thread-657] INFO  impl.FollowerState (FollowerState.java:run(108)) - a7c18b56-7bd4-4e97-bac5-a7861ed2f887@group-4D56D0FF4DD9-FollowerState: change to CANDIDATE, lastRpcTime:60ms, electionTimeout:60ms
2019-10-18 07:11:02,880 [Thread-657] INFO  impl.RoleInfo (RoleInfo.java:shutdownFollowerState(121)) - a7c18b56-7bd4-4e97-bac5-a7861ed2f887: shutdown FollowerState
2019-10-18 07:11:02,880 [Thread-657] INFO  impl.RaftServerImpl (RaftServerImpl.java:setRole(184)) - a7c18b56-7bd4-4e97-bac5-a7861ed2f887@group-4D56D0FF4DD9: changes role from  FOLLOWER to CANDIDATE at term 16 for changeToCandidate
2019-10-18 07:11:02,880 [Thread-657] INFO  impl.RoleInfo (RoleInfo.java:updateAndGet(143)) - a7c18b56-7bd4-4e97-bac5-a7861ed2f887: start LeaderElection
2019-10-18 07:11:02,894 [a7c18b56-7bd4-4e97-bac5-a7861ed2f887@group-4D56D0FF4DD9-LeaderElection20] INFO  impl.LeaderElection (LeaderElection.java:askForVotes(178)) - a7c18b56-7bd4-4e97-bac5-a7861ed2f887@group-4D56D0FF4DD9-LeaderElection20: begin an election at term 17 for 0: [a7c18b56-7bd4-4e97-bac5-a7861ed2f887:192.168.69.67:34061, 0e41e4d3-9bdd-41a7-a6da-f6547615f156:192.168.69.67:46622, 365c74cf-9edf-4118-8168-00280e7ea799:192.168.69.67:37281], old=null
2019-10-18 07:11:02,898 [grpc-default-executor-0] INFO  impl.RaftServerImpl (RaftServerImpl.java:setRole(184)) - 365c74cf-9edf-4118-8168-00280e7ea799@group-4D56D0FF4DD9: changes role from  FOLLOWER to FOLLOWER at term 17 for recognizeCandidate:a7c18b56-7bd4-4e97-bac5-a7861ed2f887
2019-10-18 07:11:02,898 [grpc-default-executor-6] INFO  impl.RaftServerImpl (RaftServerImpl.java:setRole(184)) - 0e41e4d3-9bdd-41a7-a6da-f6547615f156@group-4D56D0FF4DD9: changes role from  FOLLOWER to FOLLOWER at term 17 for recognizeCandidate:a7c18b56-7bd4-4e97-bac5-a7861ed2f887
2019-10-18 07:11:02,898 [grpc-default-executor-0] INFO  impl.RoleInfo (RoleInfo.java:shutdownFollowerState(121)) - 365c74cf-9edf-4118-8168-00280e7ea799: shutdown FollowerState
2019-10-18 07:11:02,898 [grpc-default-executor-6] INFO  impl.RoleInfo (RoleInfo.java:shutdownFollowerState(121)) - 0e41e4d3-9bdd-41a7-a6da-f6547615f156: shutdown FollowerState
2019-10-18 07:11:02,899 [Thread-655] INFO  impl.FollowerState (FollowerState.java:run(117)) - 365c74cf-9edf-4118-8168-00280e7ea799@group-4D56D0FF4DD9-FollowerState was interrupted: java.lang.InterruptedException: sleep interrupted
2019-10-18 07:11:02,899 [grpc-default-executor-0] INFO  impl.RoleInfo (RoleInfo.java:updateAndGet(143)) - 365c74cf-9edf-4118-8168-00280e7ea799: start FollowerState
2019-10-18 07:11:02,899 [grpc-default-executor-6] INFO  impl.RoleInfo (RoleInfo.java:updateAndGet(143)) - 0e41e4d3-9bdd-41a7-a6da-f6547615f156: start FollowerState
2019-10-18 07:11:02,899 [Thread-656] INFO  impl.FollowerState (FollowerState.java:run(117)) - 0e41e4d3-9bdd-41a7-a6da-f6547615f156@group-4D56D0FF4DD9-FollowerState was interrupted: java.lang.InterruptedException: sleep interrupted
2019-10-18 07:11:02,913 [a7c18b56-7bd4-4e97-bac5-a7861ed2f887@group-4D56D0FF4DD9-LeaderElection20] INFO  impl.LeaderElection (LeaderElection.java:logAndReturn(56)) - a7c18b56-7bd4-4e97-bac5-a7861ed2f887@group-4D56D0FF4DD9-LeaderElection20: Election REJECTED; received 2 response(s) [a7c18b56-7bd4-4e97-bac5-a7861ed2f887<-0e41e4d3-9bdd-41a7-a6da-f6547615f156#0:FAIL-t17, a7c18b56-7bd4-4e97-bac5-a7861ed2f887<-365c74cf-9edf-4118-8168-00280e7ea799#0:FAIL-t17] and 0 exception(s); a7c18b56-7bd4-4e97-bac5-a7861ed2f887@group-4D56D0FF4DD9:t17, leader=null, voted=a7c18b56-7bd4-4e97-bac5-a7861ed2f887, raftlog=a7c18b56-7bd4-4e97-bac5-a7861ed2f887@group-4D56D0FF4DD9-SegmentedRaftLog:OPENED:c3,f4,i4, conf=0: [a7c18b56-7bd4-4e97-bac5-a7861ed2f887:192.168.69.67:34061, 0e41e4d3-9bdd-41a7-a6da-f6547615f156:192.168.69.67:46622, 365c74cf-9edf-4118-8168-00280e7ea799:192.168.69.67:37281], old=null
2019-10-18 07:11:02,914 [a7c18b56-7bd4-4e97-bac5-a7861ed2f887@group-4D56D0FF4DD9-LeaderElection20] INFO  impl.RaftServerImpl (RaftServerImpl.java:setRole(184)) - a7c18b56-7bd4-4e97-bac5-a7861ed2f887@group-4D56D0FF4DD9: changes role from CANDIDATE to FOLLOWER at term 17 for DISCOVERED_A_NEW_TERM
2019-10-18 07:11:02,914 [a7c18b56-7bd4-4e97-bac5-a7861ed2f887@group-4D56D0FF4DD9-LeaderElection20] INFO  impl.RoleInfo (RoleInfo.java:shutdownLeaderElection(134)) - a7c18b56-7bd4-4e97-bac5-a7861ed2f887: shutdown LeaderElection
2019-10-18 07:11:02,914 [a7c18b56-7bd4-4e97-bac5-a7861ed2f887@group-4D56D0FF4DD9-LeaderElection20] INFO  impl.RoleInfo (RoleInfo.java:updateAndGet(143)) - a7c18b56-7bd4-4e97-bac5-a7861ed2f887: start FollowerState
2019-10-18 07:11:02,943 [Thread-664] INFO  impl.FollowerState (FollowerState.java:run(108)) - a7c18b56-7bd4-4e97-bac5-a7861ed2f887@group-4D56D0FF4DD9-FollowerState: change to CANDIDATE, lastRpcTime:29ms, electionTimeout:29ms
2019-10-18 07:11:02,945 [Thread-664] INFO  impl.RoleInfo (RoleInfo.java:shutdownFollowerState(121)) - a7c18b56-7bd4-4e97-bac5-a7861ed2f887: shutdown FollowerState
2019-10-18 07:11:02,945 [Thread-664] INFO  impl.RaftServerImpl (RaftServerImpl.java:setRole(184)) - a7c18b56-7bd4-4e97-bac5-a7861ed2f887@group-4D56D0FF4DD9: changes role from  FOLLOWER to CANDIDATE at term 17 for changeToCandidate
2019-10-18 07:11:02,945 [Thread-664] INFO  impl.RoleInfo (RoleInfo.java:updateAndGet(143)) - a7c18b56-7bd4-4e97-bac5-a7861ed2f887: start LeaderElection
2019-10-18 07:11:02,960 [a7c18b56-7bd4-4e97-bac5-a7861ed2f887@group-4D56D0FF4DD9-LeaderElection21] INFO  impl.LeaderElection (LeaderElection.java:askForVotes(178)) - a7c18b56-7bd4-4e97-bac5-a7861ed2f887@group-4D56D0FF4DD9-LeaderElection21: begin an election at term 18 for 0: [a7c18b56-7bd4-4e97-bac5-a7861ed2f887:192.168.69.67:34061, 0e41e4d3-9bdd-41a7-a6da-f6547615f156:192.168.69.67:46622, 365c74cf-9edf-4118-8168-00280e7ea799:192.168.69.67:37281], old=null
2019-10-18 07:11:02,962 [grpc-default-executor-0] INFO  impl.RaftServerImpl (RaftServerImpl.java:setRole(184)) - 365c74cf-9edf-4118-8168-00280e7ea799@group-4D56D0FF4DD9: changes role from  FOLLOWER to FOLLOWER at term 18 for recognizeCandidate:a7c18b56-7bd4-4e97-bac5-a7861ed2f887
2019-10-18 07:11:02,962 [grpc-default-executor-6] INFO  impl.RaftServerImpl (RaftServerImpl.java:setRole(184)) - 0e41e4d3-9bdd-41a7-a6da-f6547615f156@group-4D56D0FF4DD9: changes role from  FOLLOWER to FOLLOWER at term 18 for recognizeCandidate:a7c18b56-7bd4-4e97-bac5-a7861ed2f887
2019-10-18 07:11:02,963 [grpc-default-executor-0] INFO  impl.RoleInfo (RoleInfo.java:shutdownFollowerState(121)) - 365c74cf-9edf-4118-8168-00280e7ea799: shutdown FollowerState
2019-10-18 07:11:02,963 [grpc-default-executor-6] INFO  impl.RoleInfo (RoleInfo.java:shutdownFollowerState(121)) - 0e41e4d3-9bdd-41a7-a6da-f6547615f156: shutdown FollowerState
2019-10-18 07:11:02,963 [Thread-662] INFO  impl.FollowerState (FollowerState.java:run(117)) - 365c74cf-9edf-4118-8168-00280e7ea799@group-4D56D0FF4DD9-FollowerState was interrupted: java.lang.InterruptedException: sleep interrupted
2019-10-18 07:11:02,963 [grpc-default-executor-0] INFO  impl.RoleInfo (RoleInfo.java:updateAndGet(143)) - 365c74cf-9edf-4118-8168-00280e7ea799: start FollowerState
2019-10-18 07:11:02,963 [grpc-default-executor-6] INFO  impl.RoleInfo (RoleInfo.java:updateAndGet(143)) - 0e41e4d3-9bdd-41a7-a6da-f6547615f156: start FollowerState
2019-10-18 07:11:02,963 [Thread-663] INFO  impl.FollowerState (FollowerState.java:run(117)) - 0e41e4d3-9bdd-41a7-a6da-f6547615f156@group-4D56D0FF4DD9-FollowerState was interrupted: java.lang.InterruptedException: sleep interrupted
2019-10-18 07:11:02,983 [Thread-671] INFO  client.GrpcClientProtocolService (GrpcClientProtocolService.java:lambda$processClientRequest$0(278)) - Failed RaftClientRequest:client-23AD7B0CD45D->a7c18b56-7bd4-4e97-bac5-a7861ed2f887@group-4D56D0FF4DD9, cid=10, seq=0, Watch-ALL_COMMITTED(6), Message:<EMPTY>, reply=RaftClientReply:client-23AD7B0CD45D->a7c18b56-7bd4-4e97-bac5-a7861ed2f887@group-4D56D0FF4DD9, cid=10, FAILED org.apache.ratis.protocol.NotLeaderException: Server a7c18b56-7bd4-4e97-bac5-a7861ed2f887@group-4D56D0FF4DD9 is not the leader, logIndex=0, commits[a7c18b56-7bd4-4e97-bac5-a7861ed2f887:c3]
2019-10-18 07:11:02,999 [a7c18b56-7bd4-4e97-bac5-a7861ed2f887@group-4D56D0FF4DD9-LeaderElection21] INFO  impl.LeaderElection (LeaderElection.java:logAndReturn(56)) - a7c18b56-7bd4-4e97-bac5-a7861ed2f887@group-4D56D0FF4DD9-LeaderElection21: Election REJECTED; received 2 response(s) [a7c18b56-7bd4-4e97-bac5-a7861ed2f887<-0e41e4d3-9bdd-41a7-a6da-f6547615f156#0:FAIL-t18, a7c18b56-7bd4-4e97-bac5-a7861ed2f887<-365c74cf-9edf-4118-8168-00280e7ea799#0:FAIL-t18] and 0 exception(s); a7c18b56-7bd4-4e97-bac5-a7861ed2f887@group-4D56D0FF4DD9:t18, leader=null, voted=a7c18b56-7bd4-4e97-bac5-a7861ed2f887, raftlog=a7c18b56-7bd4-4e97-bac5-a7861ed2f887@group-4D56D0FF4DD9-SegmentedRaftLog:OPENED:c3,f4,i4, conf=0: [a7c18b56-7bd4-4e97-bac5-a7861ed2f887:192.168.69.67:34061, 0e41e4d3-9bdd-41a7-a6da-f6547615f156:192.168.69.67:46622, 365c74cf-9edf-4118-8168-00280e7ea799:192.168.69.67:37281], old=null
2019-10-18 07:11:02,999 [a7c18b56-7bd4-4e97-bac5-a7861ed2f887@group-4D56D0FF4DD9-LeaderElection21] INFO  impl.RaftServerImpl (RaftServerImpl.java:setRole(184)) - a7c18b56-7bd4-4e97-bac5-a7861ed2f887@group-4D56D0FF4DD9: changes role from CANDIDATE to FOLLOWER at term 18 for DISCOVERED_A_NEW_TERM
2019-10-18 07:11:02,999 [a7c18b56-7bd4-4e97-bac5-a7861ed2f887@group-4D56D0FF4DD9-LeaderElection21] INFO  impl.RoleInfo (RoleInfo.java:shutdownLeaderElection(134)) - a7c18b56-7bd4-4e97-bac5-a7861ed2f887: shutdown LeaderElection
2019-10-18 07:11:02,999 [a7c18b56-7bd4-4e97-bac5-a7861ed2f887@group-4D56D0FF4DD9-LeaderElection21] INFO  impl.RoleInfo (RoleInfo.java:updateAndGet(143)) - a7c18b56-7bd4-4e97-bac5-a7861ed2f887: start FollowerState
2019-10-18 07:11:03,019 [EventQueue-PendingDeleteStatusForPendingDeleteHandler] INFO  block.SCMBlockDeletingService (SCMBlockDeletingService.java:handlePendingDeletes(115)) - Block deletion txnID mismatch in datanode a7c18b56-7bd4-4e97-bac5-a7861ed2f887 for containerID 1. Datanode delete txnID: 0, SCM txnID: 1
2019-10-18 07:11:03,100 [grpc-default-executor-0] INFO  impl.RaftServerProxy (RaftServerProxy.java:addNew(89)) - a7c18b56-7bd4-4e97-bac5-a7861ed2f887: addNew group-12BE81D98DF4:[a7c18b56-7bd4-4e97-bac5-a7861ed2f887:192.168.69.67:34061] returns group-12BE81D98DF4:java.util.concurrent.CompletableFuture@4dc0731d[Not completed]
2019-10-18 07:11:03,103 [pool-59-thread-1] INFO  impl.RaftServerImpl (RaftServerImpl.java:<init>(104)) - a7c18b56-7bd4-4e97-bac5-a7861ed2f887: new RaftServerImpl for group-12BE81D98DF4:[a7c18b56-7bd4-4e97-bac5-a7861ed2f887:192.168.69.67:34061] with ContainerStateMachine:uninitialized
2019-10-18 07:11:03,103 [pool-59-thread-1] INFO  server.RaftServerConfigKeys (ConfUtils.java:logGet(43)) - raft.server.rpc.timeout.min = 5s (custom)
2019-10-18 07:11:03,104 [pool-59-thread-1] INFO  server.RaftServerConfigKeys (ConfUtils.java:logGet(43)) - raft.server.rpc.timeout.max = 5200ms (custom)
2019-10-18 07:11:03,104 [pool-59-thread-1] INFO  server.RaftServerConfigKeys (ConfUtils.java:logGet(43)) - raft.server.rpcslowness.timeout = 1000s (custom)
2019-10-18 07:11:03,104 [pool-59-thread-1] INFO  server.RaftServerConfigKeys (ConfUtils.java:logGet(43)) - raft.server.sleep.deviation.threshold = 300 (default)
2019-10-18 07:11:03,104 [pool-59-thread-1] INFO  server.RaftServerConfigKeys (ConfUtils.java:logGet(43)) - raft.server.log.appender.install.snapshot.enabled = false (custom)
2019-10-18 07:11:03,104 [pool-59-thread-1] INFO  impl.RaftServerImpl (ServerState.java:<init>(103)) - a7c18b56-7bd4-4e97-bac5-a7861ed2f887@group-12BE81D98DF4: ConfigurationManager, init=-1: [a7c18b56-7bd4-4e97-bac5-a7861ed2f887:192.168.69.67:34061], old=null, confs=<EMPTY_MAP>
2019-10-18 07:11:03,104 [pool-59-thread-1] INFO  server.RaftServerConfigKeys (ConfUtils.java:logGet(43)) - raft.server.storage.dir = [/workdir/hadoop-ozone/integration-test/target/test-dir/MiniOzoneClusterImpl-f89c2c08-6094-404b-a270-7fb2417667b2/datanode-2/data/ratis] (custom)
2019-10-18 07:11:03,105 [pool-59-thread-1] INFO  server.RaftServerConfigKeys (ConfUtils.java:logGet(43)) - raft.server.log.corruption.policy = EXCEPTION (default)
2019-10-18 07:11:03,105 [Thread-673] INFO  impl.FollowerState (FollowerState.java:run(108)) - a7c18b56-7bd4-4e97-bac5-a7861ed2f887@group-4D56D0FF4DD9-FollowerState: change to CANDIDATE, lastRpcTime:105ms, electionTimeout:105ms
2019-10-18 07:11:03,105 [Thread-673] INFO  impl.RoleInfo (RoleInfo.java:shutdownFollowerState(121)) - a7c18b56-7bd4-4e97-bac5-a7861ed2f887: shutdown FollowerState
2019-10-18 07:11:03,105 [pool-59-thread-1] INFO  storage.RaftStorageDirectory (RaftStorageDirectory.java:analyzeStorage(246)) - The storage directory /workdir/hadoop-ozone/integration-test/target/test-dir/MiniOzoneClusterImpl-f89c2c08-6094-404b-a270-7fb2417667b2/datanode-2/data/ratis/ecb41122-f720-47bd-88e7-12be81d98df4 does not exist. Creating ...
2019-10-18 07:11:03,105 [Thread-673] INFO  impl.RaftServerImpl (RaftServerImpl.java:setRole(184)) - a7c18b56-7bd4-4e97-bac5-a7861ed2f887@group-4D56D0FF4DD9: changes role from  FOLLOWER to CANDIDATE at term 18 for changeToCandidate
2019-10-18 07:11:03,105 [Thread-673] INFO  impl.RoleInfo (RoleInfo.java:updateAndGet(143)) - a7c18b56-7bd4-4e97-bac5-a7861ed2f887: start LeaderElection
2019-10-18 07:11:03,121 [pool-59-thread-1] INFO  storage.RaftStorageDirectory (RaftStorageDirectory.java:tryLock(328)) - Lock on /workdir/hadoop-ozone/integration-test/target/test-dir/MiniOzoneClusterImpl-f89c2c08-6094-404b-a270-7fb2417667b2/datanode-2/data/ratis/ecb41122-f720-47bd-88e7-12be81d98df4/in_use.lock acquired by nodename 23956@pr-hdds-1868-wx8dl-4219780377
2019-10-18 07:11:03,122 [a7c18b56-7bd4-4e97-bac5-a7861ed2f887@group-4D56D0FF4DD9-LeaderElection22] INFO  impl.LeaderElection (LeaderElection.java:askForVotes(178)) - a7c18b56-7bd4-4e97-bac5-a7861ed2f887@group-4D56D0FF4DD9-LeaderElection22: begin an election at term 19 for 0: [a7c18b56-7bd4-4e97-bac5-a7861ed2f887:192.168.69.67:34061, 0e41e4d3-9bdd-41a7-a6da-f6547615f156:192.168.69.67:46622, 365c74cf-9edf-4118-8168-00280e7ea799:192.168.69.67:37281], old=null
2019-10-18 07:11:03,125 [grpc-default-executor-0] INFO  impl.RaftServerImpl (RaftServerImpl.java:setRole(184)) - 0e41e4d3-9bdd-41a7-a6da-f6547615f156@group-4D56D0FF4DD9: changes role from  FOLLOWER to FOLLOWER at term 19 for recognizeCandidate:a7c18b56-7bd4-4e97-bac5-a7861ed2f887
2019-10-18 07:11:03,125 [grpc-default-executor-6] INFO  impl.RaftServerImpl (RaftServerImpl.java:setRole(184)) - 365c74cf-9edf-4118-8168-00280e7ea799@group-4D56D0FF4DD9: changes role from  FOLLOWER to FOLLOWER at term 19 for recognizeCandidate:a7c18b56-7bd4-4e97-bac5-a7861ed2f887
2019-10-18 07:11:03,125 [grpc-default-executor-0] INFO  impl.RoleInfo (RoleInfo.java:shutdownFollowerState(121)) - 0e41e4d3-9bdd-41a7-a6da-f6547615f156: shutdown FollowerState
2019-10-18 07:11:03,125 [grpc-default-executor-6] INFO  impl.RoleInfo (RoleInfo.java:shutdownFollowerState(121)) - 365c74cf-9edf-4118-8168-00280e7ea799: shutdown FollowerState
2019-10-18 07:11:03,125 [grpc-default-executor-0] INFO  impl.RoleInfo (RoleInfo.java:updateAndGet(143)) - 0e41e4d3-9bdd-41a7-a6da-f6547615f156: start FollowerState
2019-10-18 07:11:03,125 [Thread-669] INFO  impl.FollowerState (FollowerState.java:run(117)) - 0e41e4d3-9bdd-41a7-a6da-f6547615f156@group-4D56D0FF4DD9-FollowerState was interrupted: java.lang.InterruptedException: sleep interrupted
2019-10-18 07:11:03,125 [Thread-668] INFO  impl.FollowerState (FollowerState.java:run(117)) - 365c74cf-9edf-4118-8168-00280e7ea799@group-4D56D0FF4DD9-FollowerState was interrupted: java.lang.InterruptedException: sleep interrupted
2019-10-18 07:11:03,125 [grpc-default-executor-6] INFO  impl.RoleInfo (RoleInfo.java:updateAndGet(143)) - 365c74cf-9edf-4118-8168-00280e7ea799: start FollowerState
2019-10-18 07:11:03,141 [BlockDeletingService#2] WARN  background.BlockDeletingService (BlockDeletingService.java:isDeletionAllowed(187)) - Close Container log Index 6 is not replicated across allthe servers in the pipeline 5b98df48-0bd5-4e4e-b730-4d56d0ff4dd9 as the min replicated index is 4. Deletion is not allowed in this container yet.
2019-10-18 07:11:03,141 [BlockDeletingService#2] WARN  background.BlockDeletingService (BlockDeletingService.java:isDeletionAllowed(187)) - Close Container log Index 6 is not replicated across allthe servers in the pipeline 5b98df48-0bd5-4e4e-b730-4d56d0ff4dd9 as the min replicated index is 4. Deletion is not allowed in this container yet.
2019-10-18 07:11:03,142 [pool-59-thread-1] INFO  storage.RaftStorage (RaftStorage.java:format(84)) - Storage directory /workdir/hadoop-ozone/integration-test/target/test-dir/MiniOzoneClusterImpl-f89c2c08-6094-404b-a270-7fb2417667b2/datanode-2/data/ratis/ecb41122-f720-47bd-88e7-12be81d98df4 has been successfully formatted.
2019-10-18 07:11:03,142 [pool-59-thread-1] INFO  ratis.ContainerStateMachine (ContainerStateMachine.java:loadSnapshot(233)) - group-12BE81D98DF4: The snapshot info is null. Setting the last applied indexto:(t:0, i:~)
2019-10-18 07:11:03,142 [pool-59-thread-1] INFO  server.RaftServerConfigKeys (ConfUtils.java:logGet(43)) - raft.server.notification.no-leader.timeout = 1000s (custom)
2019-10-18 07:11:03,142 [pool-59-thread-1] INFO  server.RaftServerConfigKeys (ConfUtils.java:logGet(43)) - raft.server.log.use.memory = false (default)
2019-10-18 07:11:03,143 [pool-59-thread-1] INFO  server.RaftServerConfigKeys (ConfUtils.java:logGet(43)) - raft.server.log.purge.gap = 1000000 (custom)
2019-10-18 07:11:03,143 [pool-59-thread-1] INFO  server.RaftServerConfigKeys (ConfUtils.java:logGet(43)) - raft.server.log.appender.buffer.byte-limit = 33554432 (custom)
2019-10-18 07:11:03,143 [pool-59-thread-1] INFO  server.RaftServerConfigKeys (ConfUtils.java:logGet(43)) - raft.server.log.segment.size.max = 1048576 (custom)
2019-10-18 07:11:03,143 [pool-59-thread-1] INFO  server.RaftServerConfigKeys (ConfUtils.java:logGet(43)) - raft.server.log.segment.cache.num.max = 2 (custom)
2019-10-18 07:11:03,143 [a7c18b56-7bd4-4e97-bac5-a7861ed2f887@group-4D56D0FF4DD9-LeaderElection22] INFO  impl.LeaderElection (LeaderElection.java:logAndReturn(56)) - a7c18b56-7bd4-4e97-bac5-a7861ed2f887@group-4D56D0FF4DD9-LeaderElection22: Election REJECTED; received 2 response(s) [a7c18b56-7bd4-4e97-bac5-a7861ed2f887<-0e41e4d3-9bdd-41a7-a6da-f6547615f156#0:FAIL-t19, a7c18b56-7bd4-4e97-bac5-a7861ed2f887<-365c74cf-9edf-4118-8168-00280e7ea799#0:FAIL-t19] and 0 exception(s); a7c18b56-7bd4-4e97-bac5-a7861ed2f887@group-4D56D0FF4DD9:t19, leader=null, voted=a7c18b56-7bd4-4e97-bac5-a7861ed2f887, raftlog=a7c18b56-7bd4-4e97-bac5-a7861ed2f887@group-4D56D0FF4DD9-SegmentedRaftLog:OPENED:c3,f4,i4, conf=0: [a7c18b56-7bd4-4e97-bac5-a7861ed2f887:192.168.69.67:34061, 0e41e4d3-9bdd-41a7-a6da-f6547615f156:192.168.69.67:46622, 365c74cf-9edf-4118-8168-00280e7ea799:192.168.69.67:37281], old=null
2019-10-18 07:11:03,143 [pool-59-thread-1] INFO  segmented.SegmentedRaftLogWorker (SegmentedRaftLogWorker.java:<init>(173)) - new a7c18b56-7bd4-4e97-bac5-a7861ed2f887@group-12BE81D98DF4-SegmentedRaftLogWorker for RaftStorage:Storage Directory /workdir/hadoop-ozone/integration-test/target/test-dir/MiniOzoneClusterImpl-f89c2c08-6094-404b-a270-7fb2417667b2/datanode-2/data/ratis/ecb41122-f720-47bd-88e7-12be81d98df4
2019-10-18 07:11:03,143 [a7c18b56-7bd4-4e97-bac5-a7861ed2f887@group-4D56D0FF4DD9-LeaderElection22] INFO  impl.RaftServerImpl (RaftServerImpl.java:setRole(184)) - a7c18b56-7bd4-4e97-bac5-a7861ed2f887@group-4D56D0FF4DD9: changes role from CANDIDATE to FOLLOWER at term 19 for DISCOVERED_A_NEW_TERM
2019-10-18 07:11:03,145 [pool-59-thread-1] INFO  server.RaftServerConfigKeys (ConfUtils.java:logGet(43)) - raft.server.log.queue.byte-limit = 2147483647 (custom)
2019-10-18 07:11:03,145 [a7c18b56-7bd4-4e97-bac5-a7861ed2f887@group-4D56D0FF4DD9-LeaderElection22] INFO  impl.RoleInfo (RoleInfo.java:shutdownLeaderElection(134)) - a7c18b56-7bd4-4e97-bac5-a7861ed2f887: shutdown LeaderElection
2019-10-18 07:11:03,145 [pool-59-thread-1] INFO  server.RaftServerConfigKeys (ConfUtils.java:logGet(43)) - raft.server.log.queue.element-limit = 1024 (custom)
2019-10-18 07:11:03,145 [a7c18b56-7bd4-4e97-bac5-a7861ed2f887@group-4D56D0FF4DD9-LeaderElection22] INFO  impl.RoleInfo (RoleInfo.java:updateAndGet(143)) - a7c18b56-7bd4-4e97-bac5-a7861ed2f887: start FollowerState
2019-10-18 07:11:03,145 [pool-59-thread-1] INFO  server.RaftServerConfigKeys (ConfUtils.java:logGet(43)) - raft.server.log.segment.size.max = 1048576 (custom)
2019-10-18 07:11:03,145 [pool-59-thread-1] INFO  server.RaftServerConfigKeys (ConfUtils.java:logGet(43)) - raft.server.log.preallocated.size = 16384 (custom)
2019-10-18 07:11:03,145 [pool-59-thread-1] INFO  server.RaftServerConfigKeys (ConfUtils.java:logGet(43)) - raft.server.log.write.buffer.size = 33554432 (custom)
2019-10-18 07:11:03,146 [pool-59-thread-1] INFO  server.RaftServerConfigKeys (ConfUtils.java:logGet(43)) - raft.server.log.force.sync.num = 128 (default)
2019-10-18 07:11:03,146 [pool-59-thread-1] INFO  server.RaftServerConfigKeys (ConfUtils.java:logGet(43)) - raft.server.log.statemachine.data.sync = true (default)
2019-10-18 07:11:03,146 [pool-59-thread-1] INFO  server.RaftServerConfigKeys (ConfUtils.java:logGet(43)) - raft.server.log.statemachine.data.sync.timeout = 10s (default)
2019-10-18 07:11:03,146 [pool-59-thread-1] INFO  server.RaftServerConfigKeys (ConfUtils.java:logGet(43)) - raft.server.log.statemachine.data.sync.timeout.retry = -1 (default)
2019-10-18 07:11:03,146 [pool-59-thread-1] INFO  server.RaftServerConfigKeys (ConfUtils.java:logGet(43)) - raft.server.log.statemachine.data.caching.enabled = true (custom)
2019-10-18 07:11:03,146 [pool-59-thread-1] INFO  segmented.SegmentedRaftLogWorker (SegmentedRaftLogWorker.java:lambda$new$0(128)) - a7c18b56-7bd4-4e97-bac5-a7861ed2f887@group-12BE81D98DF4-SegmentedRaftLogWorker: flushIndex: setUnconditionally 0 -> -1
2019-10-18 07:11:03,147 [pool-59-thread-1] INFO  server.RaftServerConfigKeys (ConfUtils.java:logGet(43)) - raft.server.snapshot.auto.trigger.enabled = true (custom)
2019-10-18 07:11:03,147 [pool-59-thread-1] INFO  server.RaftServerConfigKeys (ConfUtils.java:logGet(43)) - raft.server.snapshot.auto.trigger.threshold = 10000 (custom)
2019-10-18 07:11:03,147 [pool-59-thread-1] INFO  server.RaftServerConfigKeys (ConfUtils.java:logGet(43)) - raft.server.snapshot.retention.file.num = 5 (custom)
2019-10-18 07:11:03,147 [pool-59-thread-1] INFO  server.RaftServerConfigKeys (ConfUtils.java:logGet(43)) - raft.server.retrycache.expirytime = 600000ms (custom)
2019-10-18 07:11:03,151 [pool-59-thread-1] INFO  impl.RaftServerImpl (RaftServerImpl.java:start(195)) - a7c18b56-7bd4-4e97-bac5-a7861ed2f887@group-12BE81D98DF4: start as a follower, conf=-1: [a7c18b56-7bd4-4e97-bac5-a7861ed2f887:192.168.69.67:34061], old=null
2019-10-18 07:11:03,151 [pool-59-thread-1] INFO  impl.RaftServerImpl (RaftServerImpl.java:setRole(184)) - a7c18b56-7bd4-4e97-bac5-a7861ed2f887@group-12BE81D98DF4: changes role from      null to FOLLOWER at term 0 for startAsFollower
2019-10-18 07:11:03,151 [pool-59-thread-1] INFO  impl.RoleInfo (RoleInfo.java:updateAndGet(143)) - a7c18b56-7bd4-4e97-bac5-a7861ed2f887: start FollowerState
2019-10-18 07:11:03,151 [pool-59-thread-1] INFO  util.JmxRegister (JmxRegister.java:tryRegister(44)) - Successfully registered JMX Bean with object name Ratis:service=RaftServer,group=group-12BE81D98DF4,id=a7c18b56-7bd4-4e97-bac5-a7861ed2f887
2019-10-18 07:11:03,158 [RatisPipelineUtilsThread] INFO  pipeline.PipelineStateManager (PipelineStateManager.java:addPipeline(55)) - Created pipeline Pipeline[ Id: ecb41122-f720-47bd-88e7-12be81d98df4, Nodes: a7c18b56-7bd4-4e97-bac5-a7861ed2f887{ip: 192.168.69.67, host: pr-hdds-1868-wx8dl-4219780377, networkLocation: /default-rack, certSerialId: null}, Type:RATIS, Factor:ONE, State:ALLOCATED]
2019-10-18 07:11:03,161 [Thread-682] INFO  impl.FollowerState (FollowerState.java:run(108)) - a7c18b56-7bd4-4e97-bac5-a7861ed2f887@group-4D56D0FF4DD9-FollowerState: change to CANDIDATE, lastRpcTime:15ms, electionTimeout:15ms
2019-10-18 07:11:03,161 [Thread-682] INFO  impl.RoleInfo (RoleInfo.java:shutdownFollowerState(121)) - a7c18b56-7bd4-4e97-bac5-a7861ed2f887: shutdown FollowerState
2019-10-18 07:11:03,162 [Thread-682] INFO  impl.RaftServerImpl (RaftServerImpl.java:setRole(184)) - a7c18b56-7bd4-4e97-bac5-a7861ed2f887@group-4D56D0FF4DD9: changes role from  FOLLOWER to CANDIDATE at term 19 for changeToCandidate
2019-10-18 07:11:03,162 [Thread-682] INFO  impl.RoleInfo (RoleInfo.java:updateAndGet(143)) - a7c18b56-7bd4-4e97-bac5-a7861ed2f887: start LeaderElection
2019-10-18 07:11:03,173 [grpc-default-executor-8] INFO  impl.RaftServerProxy (RaftServerProxy.java:addNew(89)) - a7c18b56-7bd4-4e97-bac5-a7861ed2f887: addNew group-5FDD7627343C:[a7c18b56-7bd4-4e97-bac5-a7861ed2f887:192.168.69.67:34061, 0e41e4d3-9bdd-41a7-a6da-f6547615f156:192.168.69.67:46622, 365c74cf-9edf-4118-8168-00280e7ea799:192.168.69.67:37281] returns group-5FDD7627343C:java.util.concurrent.CompletableFuture@4df5813d[Not completed]
2019-10-18 07:11:03,173 [grpc-default-executor-0] INFO  impl.RaftServerProxy (RaftServerProxy.java:addNew(89)) - 365c74cf-9edf-4118-8168-00280e7ea799: addNew group-5FDD7627343C:[a7c18b56-7bd4-4e97-bac5-a7861ed2f887:192.168.69.67:34061, 0e41e4d3-9bdd-41a7-a6da-f6547615f156:192.168.69.67:46622, 365c74cf-9edf-4118-8168-00280e7ea799:192.168.69.67:37281] returns group-5FDD7627343C:java.util.concurrent.CompletableFuture@50cb8adf[Not completed]
2019-10-18 07:11:03,174 [grpc-default-executor-8] INFO  impl.RaftServerProxy (RaftServerProxy.java:addNew(89)) - 0e41e4d3-9bdd-41a7-a6da-f6547615f156: addNew group-5FDD7627343C:[a7c18b56-7bd4-4e97-bac5-a7861ed2f887:192.168.69.67:34061, 0e41e4d3-9bdd-41a7-a6da-f6547615f156:192.168.69.67:46622, 365c74cf-9edf-4118-8168-00280e7ea799:192.168.69.67:37281] returns group-5FDD7627343C:java.util.concurrent.CompletableFuture@8f706e7[Not completed]
2019-10-18 07:11:03,175 [pool-59-thread-1] INFO  impl.RaftServerImpl (RaftServerImpl.java:<init>(104)) - a7c18b56-7bd4-4e97-bac5-a7861ed2f887: new RaftServerImpl for group-5FDD7627343C:[a7c18b56-7bd4-4e97-bac5-a7861ed2f887:192.168.69.67:34061, 0e41e4d3-9bdd-41a7-a6da-f6547615f156:192.168.69.67:46622, 365c74cf-9edf-4118-8168-00280e7ea799:192.168.69.67:37281] with ContainerStateMachine:uninitialized
2019-10-18 07:11:03,175 [pool-59-thread-1] INFO  server.RaftServerConfigKeys (ConfUtils.java:logGet(43)) - raft.server.rpc.timeout.min = 5s (custom)
2019-10-18 07:11:03,175 [pool-59-thread-1] INFO  server.RaftServerConfigKeys (ConfUtils.java:logGet(43)) - raft.server.rpc.timeout.max = 5200ms (custom)
2019-10-18 07:11:03,176 [pool-59-thread-1] INFO  server.RaftServerConfigKeys (ConfUtils.java:logGet(43)) - raft.server.rpcslowness.timeout = 1000s (custom)
2019-10-18 07:11:03,176 [pool-59-thread-1] INFO  server.RaftServerConfigKeys (ConfUtils.java:logGet(43)) - raft.server.sleep.deviation.threshold = 300 (default)
2019-10-18 07:11:03,176 [pool-59-thread-1] INFO  server.RaftServerConfigKeys (ConfUtils.java:logGet(43)) - raft.server.log.appender.install.snapshot.enabled = false (custom)
2019-10-18 07:11:03,176 [pool-37-thread-1] INFO  impl.RaftServerImpl (RaftServerImpl.java:<init>(104)) - 0e41e4d3-9bdd-41a7-a6da-f6547615f156: new RaftServerImpl for group-5FDD7627343C:[a7c18b56-7bd4-4e97-bac5-a7861ed2f887:192.168.69.67:34061, 0e41e4d3-9bdd-41a7-a6da-f6547615f156:192.168.69.67:46622, 365c74cf-9edf-4118-8168-00280e7ea799:192.168.69.67:37281] with ContainerStateMachine:uninitialized
2019-10-18 07:11:03,176 [pool-59-thread-1] INFO  impl.RaftServerImpl (ServerState.java:<init>(103)) - a7c18b56-7bd4-4e97-bac5-a7861ed2f887@group-5FDD7627343C: ConfigurationManager, init=-1: [a7c18b56-7bd4-4e97-bac5-a7861ed2f887:192.168.69.67:34061, 0e41e4d3-9bdd-41a7-a6da-f6547615f156:192.168.69.67:46622, 365c74cf-9edf-4118-8168-00280e7ea799:192.168.69.67:37281], old=null, confs=<EMPTY_MAP>
2019-10-18 07:11:03,176 [pool-37-thread-1] INFO  server.RaftServerConfigKeys (ConfUtils.java:logGet(43)) - raft.server.rpc.timeout.min = 5s (custom)
2019-10-18 07:11:03,176 [pool-59-thread-1] INFO  server.RaftServerConfigKeys (ConfUtils.java:logGet(43)) - raft.server.storage.dir = [/workdir/hadoop-ozone/integration-test/target/test-dir/MiniOzoneClusterImpl-f89c2c08-6094-404b-a270-7fb2417667b2/datanode-2/data/ratis] (custom)
2019-10-18 07:11:03,176 [pool-37-thread-1] INFO  server.RaftServerConfigKeys (ConfUtils.java:logGet(43)) - raft.server.rpc.timeout.max = 5200ms (custom)
2019-10-18 07:11:03,176 [pool-37-thread-1] INFO  server.RaftServerConfigKeys (ConfUtils.java:logGet(43)) - raft.server.rpcslowness.timeout = 1000s (custom)
2019-10-18 07:11:03,176 [pool-37-thread-1] INFO  server.RaftServerConfigKeys (ConfUtils.java:logGet(43)) - raft.server.sleep.deviation.threshold = 300 (default)
2019-10-18 07:11:03,176 [pool-59-thread-1] INFO  server.RaftServerConfigKeys (ConfUtils.java:logGet(43)) - raft.server.log.corruption.policy = EXCEPTION (default)
2019-10-18 07:11:03,176 [pool-37-thread-1] INFO  server.RaftServerConfigKeys (ConfUtils.java:logGet(43)) - raft.server.log.appender.install.snapshot.enabled = false (custom)
2019-10-18 07:11:03,177 [pool-37-thread-1] INFO  impl.RaftServerImpl (ServerState.java:<init>(103)) - 0e41e4d3-9bdd-41a7-a6da-f6547615f156@group-5FDD7627343C: ConfigurationManager, init=-1: [a7c18b56-7bd4-4e97-bac5-a7861ed2f887:192.168.69.67:34061, 0e41e4d3-9bdd-41a7-a6da-f6547615f156:192.168.69.67:46622, 365c74cf-9edf-4118-8168-00280e7ea799:192.168.69.67:37281], old=null, confs=<EMPTY_MAP>
2019-10-18 07:11:03,177 [pool-59-thread-1] INFO  storage.RaftStorageDirectory (RaftStorageDirectory.java:analyzeStorage(246)) - The storage directory /workdir/hadoop-ozone/integration-test/target/test-dir/MiniOzoneClusterImpl-f89c2c08-6094-404b-a270-7fb2417667b2/datanode-2/data/ratis/c120ec2f-a83a-4e39-94f4-5fdd7627343c does not exist. Creating ...
2019-10-18 07:11:03,177 [pool-37-thread-1] INFO  server.RaftServerConfigKeys (ConfUtils.java:logGet(43)) - raft.server.storage.dir = [/workdir/hadoop-ozone/integration-test/target/test-dir/MiniOzoneClusterImpl-f89c2c08-6094-404b-a270-7fb2417667b2/datanode-1/data/ratis] (custom)
2019-10-18 07:11:03,177 [pool-37-thread-1] INFO  server.RaftServerConfigKeys (ConfUtils.java:logGet(43)) - raft.server.log.corruption.policy = EXCEPTION (default)
2019-10-18 07:11:03,177 [pool-27-thread-1] INFO  impl.RaftServerImpl (RaftServerImpl.java:<init>(104)) - 365c74cf-9edf-4118-8168-00280e7ea799: new RaftServerImpl for group-5FDD7627343C:[a7c18b56-7bd4-4e97-bac5-a7861ed2f887:192.168.69.67:34061, 0e41e4d3-9bdd-41a7-a6da-f6547615f156:192.168.69.67:46622, 365c74cf-9edf-4118-8168-00280e7ea799:192.168.69.67:37281] with ContainerStateMachine:uninitialized
2019-10-18 07:11:03,177 [pool-37-thread-1] INFO  storage.RaftStorageDirectory (RaftStorageDirectory.java:analyzeStorage(246)) - The storage directory /workdir/hadoop-ozone/integration-test/target/test-dir/MiniOzoneClusterImpl-f89c2c08-6094-404b-a270-7fb2417667b2/datanode-1/data/ratis/c120ec2f-a83a-4e39-94f4-5fdd7627343c does not exist. Creating ...
2019-10-18 07:11:03,177 [Thread-684] INFO  impl.FollowerState (FollowerState.java:run(108)) - a7c18b56-7bd4-4e97-bac5-a7861ed2f887@group-12BE81D98DF4-FollowerState: change to CANDIDATE, lastRpcTime:26ms, electionTimeout:26ms
2019-10-18 07:11:03,177 [pool-27-thread-1] INFO  server.RaftServerConfigKeys (ConfUtils.java:logGet(43)) - raft.server.rpc.timeout.min = 5s (custom)
2019-10-18 07:11:03,178 [Thread-684] INFO  impl.RoleInfo (RoleInfo.java:shutdownFollowerState(121)) - a7c18b56-7bd4-4e97-bac5-a7861ed2f887: shutdown FollowerState
2019-10-18 07:11:03,178 [pool-27-thread-1] INFO  server.RaftServerConfigKeys (ConfUtils.java:logGet(43)) - raft.server.rpc.timeout.max = 5200ms (custom)
2019-10-18 07:11:03,178 [Thread-684] INFO  impl.RaftServerImpl (RaftServerImpl.java:setRole(184)) - a7c18b56-7bd4-4e97-bac5-a7861ed2f887@group-12BE81D98DF4: changes role from  FOLLOWER to CANDIDATE at term 0 for changeToCandidate
2019-10-18 07:11:03,178 [pool-27-thread-1] INFO  server.RaftServerConfigKeys (ConfUtils.java:logGet(43)) - raft.server.rpcslowness.timeout = 1000s (custom)
2019-10-18 07:11:03,178 [Thread-684] INFO  impl.RoleInfo (RoleInfo.java:updateAndGet(143)) - a7c18b56-7bd4-4e97-bac5-a7861ed2f887: start LeaderElection
2019-10-18 07:11:03,178 [pool-27-thread-1] INFO  server.RaftServerConfigKeys (ConfUtils.java:logGet(43)) - raft.server.sleep.deviation.threshold = 300 (default)
2019-10-18 07:11:03,178 [pool-27-thread-1] INFO  server.RaftServerConfigKeys (ConfUtils.java:logGet(43)) - raft.server.log.appender.install.snapshot.enabled = false (custom)
2019-10-18 07:11:03,180 [pool-27-thread-1] INFO  impl.RaftServerImpl (ServerState.java:<init>(103)) - 365c74cf-9edf-4118-8168-00280e7ea799@group-5FDD7627343C: ConfigurationManager, init=-1: [a7c18b56-7bd4-4e97-bac5-a7861ed2f887:192.168.69.67:34061, 0e41e4d3-9bdd-41a7-a6da-f6547615f156:192.168.69.67:46622, 365c74cf-9edf-4118-8168-00280e7ea799:192.168.69.67:37281], old=null, confs=<EMPTY_MAP>
2019-10-18 07:11:03,180 [pool-27-thread-1] INFO  server.RaftServerConfigKeys (ConfUtils.java:logGet(43)) - raft.server.storage.dir = [/workdir/hadoop-ozone/integration-test/target/test-dir/MiniOzoneClusterImpl-f89c2c08-6094-404b-a270-7fb2417667b2/datanode-0/data/ratis] (custom)
2019-10-18 07:11:03,180 [pool-27-thread-1] INFO  server.RaftServerConfigKeys (ConfUtils.java:logGet(43)) - raft.server.log.corruption.policy = EXCEPTION (default)
2019-10-18 07:11:03,180 [pool-27-thread-1] INFO  storage.RaftStorageDirectory (RaftStorageDirectory.java:analyzeStorage(246)) - The storage directory /workdir/hadoop-ozone/integration-test/target/test-dir/MiniOzoneClusterImpl-f89c2c08-6094-404b-a270-7fb2417667b2/datanode-0/data/ratis/c120ec2f-a83a-4e39-94f4-5fdd7627343c does not exist. Creating ...
2019-10-18 07:11:03,207 [pool-27-thread-1] INFO  storage.RaftStorageDirectory (RaftStorageDirectory.java:tryLock(328)) - Lock on /workdir/hadoop-ozone/integration-test/target/test-dir/MiniOzoneClusterImpl-f89c2c08-6094-404b-a270-7fb2417667b2/datanode-0/data/ratis/c120ec2f-a83a-4e39-94f4-5fdd7627343c/in_use.lock acquired by nodename 23956@pr-hdds-1868-wx8dl-4219780377
2019-10-18 07:11:03,207 [pool-37-thread-1] INFO  storage.RaftStorageDirectory (RaftStorageDirectory.java:tryLock(328)) - Lock on /workdir/hadoop-ozone/integration-test/target/test-dir/MiniOzoneClusterImpl-f89c2c08-6094-404b-a270-7fb2417667b2/datanode-1/data/ratis/c120ec2f-a83a-4e39-94f4-5fdd7627343c/in_use.lock acquired by nodename 23956@pr-hdds-1868-wx8dl-4219780377
2019-10-18 07:11:03,207 [a7c18b56-7bd4-4e97-bac5-a7861ed2f887@group-4D56D0FF4DD9-LeaderElection23] INFO  impl.LeaderElection (LeaderElection.java:askForVotes(178)) - a7c18b56-7bd4-4e97-bac5-a7861ed2f887@group-4D56D0FF4DD9-LeaderElection23: begin an election at term 20 for 0: [a7c18b56-7bd4-4e97-bac5-a7861ed2f887:192.168.69.67:34061, 0e41e4d3-9bdd-41a7-a6da-f6547615f156:192.168.69.67:46622, 365c74cf-9edf-4118-8168-00280e7ea799:192.168.69.67:37281], old=null
2019-10-18 07:11:03,207 [a7c18b56-7bd4-4e97-bac5-a7861ed2f887@group-12BE81D98DF4-LeaderElection24] INFO  impl.LeaderElection (LeaderElection.java:askForVotes(178)) - a7c18b56-7bd4-4e97-bac5-a7861ed2f887@group-12BE81D98DF4-LeaderElection24: begin an election at term 1 for -1: [a7c18b56-7bd4-4e97-bac5-a7861ed2f887:192.168.69.67:34061], old=null
2019-10-18 07:11:03,207 [pool-59-thread-1] INFO  storage.RaftStorageDirectory (RaftStorageDirectory.java:tryLock(328)) - Lock on /workdir/hadoop-ozone/integration-test/target/test-dir/MiniOzoneClusterImpl-f89c2c08-6094-404b-a270-7fb2417667b2/datanode-2/data/ratis/c120ec2f-a83a-4e39-94f4-5fdd7627343c/in_use.lock acquired by nodename 23956@pr-hdds-1868-wx8dl-4219780377
2019-10-18 07:11:03,207 [a7c18b56-7bd4-4e97-bac5-a7861ed2f887@group-12BE81D98DF4-LeaderElection24] INFO  impl.RoleInfo (RoleInfo.java:shutdownLeaderElection(134)) - a7c18b56-7bd4-4e97-bac5-a7861ed2f887: shutdown LeaderElection
2019-10-18 07:11:03,208 [a7c18b56-7bd4-4e97-bac5-a7861ed2f887@group-12BE81D98DF4-LeaderElection24] INFO  impl.RaftServerImpl (RaftServerImpl.java:setRole(184)) - a7c18b56-7bd4-4e97-bac5-a7861ed2f887@group-12BE81D98DF4: changes role from CANDIDATE to LEADER at term 1 for changeToLeader
2019-10-18 07:11:03,208 [a7c18b56-7bd4-4e97-bac5-a7861ed2f887@group-12BE81D98DF4-LeaderElection24] INFO  ratis.XceiverServerRatis (XceiverServerRatis.java:handleLeaderChangedNotification(699)) - Leader change notification received for group: group-12BE81D98DF4 with new leaderId: a7c18b56-7bd4-4e97-bac5-a7861ed2f887
2019-10-18 07:11:03,208 [a7c18b56-7bd4-4e97-bac5-a7861ed2f887@group-12BE81D98DF4-LeaderElection24] INFO  impl.RaftServerImpl (ServerState.java:setLeader(256)) - a7c18b56-7bd4-4e97-bac5-a7861ed2f887@group-12BE81D98DF4: change Leader from null to a7c18b56-7bd4-4e97-bac5-a7861ed2f887 at term 1 for becomeLeader, leader elected after 65ms
2019-10-18 07:11:03,208 [a7c18b56-7bd4-4e97-bac5-a7861ed2f887@group-12BE81D98DF4-LeaderElection24] INFO  server.RaftServerConfigKeys (ConfUtils.java:logGet(43)) - raft.server.staging.catchup.gap = 1000 (default)
2019-10-18 07:11:03,208 [a7c18b56-7bd4-4e97-bac5-a7861ed2f887@group-12BE81D98DF4-LeaderElection24] INFO  server.RaftServerConfigKeys (ConfUtils.java:logGet(43)) - raft.server.rpc.sleep.time = 25ms (default)
2019-10-18 07:11:03,208 [a7c18b56-7bd4-4e97-bac5-a7861ed2f887@group-12BE81D98DF4-LeaderElection24] INFO  server.RaftServerConfigKeys (ConfUtils.java:logGet(43)) - raft.server.write.element-limit = 4096 (default)
2019-10-18 07:11:03,209 [a7c18b56-7bd4-4e97-bac5-a7861ed2f887@group-12BE81D98DF4-LeaderElection24] INFO  server.RaftServerConfigKeys (ConfUtils.java:logGet(43)) - raft.server.watch.timeout = 10s (default)
2019-10-18 07:11:03,209 [a7c18b56-7bd4-4e97-bac5-a7861ed2f887@group-12BE81D98DF4-LeaderElection24] INFO  server.RaftServerConfigKeys (ConfUtils.java:logGet(43)) - raft.server.watch.timeout.denomination = 1s (default)
2019-10-18 07:11:03,209 [a7c18b56-7bd4-4e97-bac5-a7861ed2f887@group-12BE81D98DF4-LeaderElection24] INFO  server.RaftServerConfigKeys (ConfUtils.java:logGet(43)) - raft.server.watch.element-limit = 65536 (default)
2019-10-18 07:11:03,210 [grpc-default-executor-0] INFO  impl.RaftServerImpl (RaftServerImpl.java:setRole(184)) - 0e41e4d3-9bdd-41a7-a6da-f6547615f156@group-4D56D0FF4DD9: changes role from  FOLLOWER to FOLLOWER at term 20 for recognizeCandidate:a7c18b56-7bd4-4e97-bac5-a7861ed2f887
2019-10-18 07:11:03,210 [grpc-default-executor-8] INFO  impl.RaftServerImpl (RaftServerImpl.java:setRole(184)) - 365c74cf-9edf-4118-8168-00280e7ea799@group-4D56D0FF4DD9: changes role from  FOLLOWER to FOLLOWER at term 20 for recognizeCandidate:a7c18b56-7bd4-4e97-bac5-a7861ed2f887
2019-10-18 07:11:03,210 [grpc-default-executor-0] INFO  impl.RoleInfo (RoleInfo.java:shutdownFollowerState(121)) - 0e41e4d3-9bdd-41a7-a6da-f6547615f156: shutdown FollowerState
2019-10-18 07:11:03,211 [grpc-default-executor-8] INFO  impl.RoleInfo (RoleInfo.java:shutdownFollowerState(121)) - 365c74cf-9edf-4118-8168-00280e7ea799: shutdown FollowerState
2019-10-18 07:11:03,211 [Thread-678] INFO  impl.FollowerState (FollowerState.java:run(117)) - 0e41e4d3-9bdd-41a7-a6da-f6547615f156@group-4D56D0FF4DD9-FollowerState was interrupted: java.lang.InterruptedException: sleep interrupted
2019-10-18 07:11:03,211 [a7c18b56-7bd4-4e97-bac5-a7861ed2f887@group-12BE81D98DF4-LeaderElection24] INFO  impl.RoleInfo (RoleInfo.java:updateAndGet(143)) - a7c18b56-7bd4-4e97-bac5-a7861ed2f887: start LeaderState
2019-10-18 07:11:03,211 [grpc-default-executor-0] INFO  impl.RoleInfo (RoleInfo.java:updateAndGet(143)) - 0e41e4d3-9bdd-41a7-a6da-f6547615f156: start FollowerState
2019-10-18 07:11:03,211 [grpc-default-executor-8] INFO  impl.RoleInfo (RoleInfo.java:updateAndGet(143)) - 365c74cf-9edf-4118-8168-00280e7ea799: start FollowerState
2019-10-18 07:11:03,211 [Thread-679] INFO  impl.FollowerState (FollowerState.java:run(117)) - 365c74cf-9edf-4118-8168-00280e7ea799@group-4D56D0FF4DD9-FollowerState was interrupted: java.lang.InterruptedException: sleep interrupted
2019-10-18 07:11:03,211 [a7c18b56-7bd4-4e97-bac5-a7861ed2f887@group-12BE81D98DF4-LeaderElection24] INFO  segmented.SegmentedRaftLogWorker (SegmentedRaftLogWorker.java:startLogSegment(385)) - a7c18b56-7bd4-4e97-bac5-a7861ed2f887@group-12BE81D98DF4-SegmentedRaftLogWorker: Starting segment from index:0
2019-10-18 07:11:03,212 [a7c18b56-7bd4-4e97-bac5-a7861ed2f887@group-12BE81D98DF4-LeaderElection24] INFO  impl.RaftServerImpl (ServerState.java:setRaftConf(357)) - a7c18b56-7bd4-4e97-bac5-a7861ed2f887@group-12BE81D98DF4: set configuration 0: [a7c18b56-7bd4-4e97-bac5-a7861ed2f887:192.168.69.67:34061], old=null at 0
2019-10-18 07:11:03,225 [a7c18b56-7bd4-4e97-bac5-a7861ed2f887@group-4D56D0FF4DD9-LeaderElection23] INFO  impl.LeaderElection (LeaderElection.java:logAndReturn(56)) - a7c18b56-7bd4-4e97-bac5-a7861ed2f887@group-4D56D0FF4DD9-LeaderElection23: Election TIMEOUT; received 0 response(s) [] and 0 exception(s); a7c18b56-7bd4-4e97-bac5-a7861ed2f887@group-4D56D0FF4DD9:t20, leader=null, voted=a7c18b56-7bd4-4e97-bac5-a7861ed2f887, raftlog=a7c18b56-7bd4-4e97-bac5-a7861ed2f887@group-4D56D0FF4DD9-SegmentedRaftLog:OPENED:c3,f4,i4, conf=0: [a7c18b56-7bd4-4e97-bac5-a7861ed2f887:192.168.69.67:34061, 0e41e4d3-9bdd-41a7-a6da-f6547615f156:192.168.69.67:46622, 365c74cf-9edf-4118-8168-00280e7ea799:192.168.69.67:37281], old=null
2019-10-18 07:11:03,264 [pool-59-thread-1] INFO  storage.RaftStorage (RaftStorage.java:format(84)) - Storage directory /workdir/hadoop-ozone/integration-test/target/test-dir/MiniOzoneClusterImpl-f89c2c08-6094-404b-a270-7fb2417667b2/datanode-2/data/ratis/c120ec2f-a83a-4e39-94f4-5fdd7627343c has been successfully formatted.
2019-10-18 07:11:03,264 [a7c18b56-7bd4-4e97-bac5-a7861ed2f887@group-4D56D0FF4DD9-LeaderElection23] INFO  impl.LeaderElection (LeaderElection.java:askForVotes(178)) - a7c18b56-7bd4-4e97-bac5-a7861ed2f887@group-4D56D0FF4DD9-LeaderElection23: begin an election at term 21 for 0: [a7c18b56-7bd4-4e97-bac5-a7861ed2f887:192.168.69.67:34061, 0e41e4d3-9bdd-41a7-a6da-f6547615f156:192.168.69.67:46622, 365c74cf-9edf-4118-8168-00280e7ea799:192.168.69.67:37281], old=null
2019-10-18 07:11:03,264 [pool-27-thread-1] INFO  storage.RaftStorage (RaftStorage.java:format(84)) - Storage directory /workdir/hadoop-ozone/integration-test/target/test-dir/MiniOzoneClusterImpl-f89c2c08-6094-404b-a270-7fb2417667b2/datanode-0/data/ratis/c120ec2f-a83a-4e39-94f4-5fdd7627343c has been successfully formatted.
2019-10-18 07:11:03,264 [pool-37-thread-1] INFO  storage.RaftStorage (RaftStorage.java:format(84)) - Storage directory /workdir/hadoop-ozone/integration-test/target/test-dir/MiniOzoneClusterImpl-f89c2c08-6094-404b-a270-7fb2417667b2/datanode-1/data/ratis/c120ec2f-a83a-4e39-94f4-5fdd7627343c has been successfully formatted.
2019-10-18 07:11:03,266 [pool-59-thread-1] INFO  ratis.ContainerStateMachine (ContainerStateMachine.java:loadSnapshot(233)) - group-5FDD7627343C: The snapshot info is null. Setting the last applied indexto:(t:0, i:~)
2019-10-18 07:11:03,266 [a7c18b56-7bd4-4e97-bac5-a7861ed2f887@group-12BE81D98DF4-SegmentedRaftLogWorker] INFO  segmented.SegmentedRaftLogWorker (SegmentedRaftLogWorker.java:execute(576)) - a7c18b56-7bd4-4e97-bac5-a7861ed2f887@group-12BE81D98DF4-SegmentedRaftLogWorker: created new log segment /workdir/hadoop-ozone/integration-test/target/test-dir/MiniOzoneClusterImpl-f89c2c08-6094-404b-a270-7fb2417667b2/datanode-2/data/ratis/ecb41122-f720-47bd-88e7-12be81d98df4/current/log_inprogress_0
2019-10-18 07:11:03,267 [pool-59-thread-1] INFO  server.RaftServerConfigKeys (ConfUtils.java:logGet(43)) - raft.server.notification.no-leader.timeout = 1000s (custom)
2019-10-18 07:11:03,267 [pool-37-thread-1] INFO  ratis.ContainerStateMachine (ContainerStateMachine.java:loadSnapshot(233)) - group-5FDD7627343C: The snapshot info is null. Setting the last applied indexto:(t:0, i:~)
2019-10-18 07:11:03,266 [pool-27-thread-1] INFO  ratis.ContainerStateMachine (ContainerStateMachine.java:loadSnapshot(233)) - group-5FDD7627343C: The snapshot info is null. Setting the last applied indexto:(t:0, i:~)
2019-10-18 07:11:03,267 [pool-37-thread-1] INFO  server.RaftServerConfigKeys (ConfUtils.java:logGet(43)) - raft.server.notification.no-leader.timeout = 1000s (custom)
2019-10-18 07:11:03,267 [pool-59-thread-1] INFO  server.RaftServerConfigKeys (ConfUtils.java:logGet(43)) - raft.server.log.use.memory = false (default)
2019-10-18 07:11:03,267 [pool-37-thread-1] INFO  server.RaftServerConfigKeys (ConfUtils.java:logGet(43)) - raft.server.log.use.memory = false (default)
2019-10-18 07:11:03,267 [pool-27-thread-1] INFO  server.RaftServerConfigKeys (ConfUtils.java:logGet(43)) - raft.server.notification.no-leader.timeout = 1000s (custom)
2019-10-18 07:11:03,268 [pool-37-thread-1] INFO  server.RaftServerConfigKeys (ConfUtils.java:logGet(43)) - raft.server.log.purge.gap = 1000000 (custom)
2019-10-18 07:11:03,268 [pool-59-thread-1] INFO  server.RaftServerConfigKeys (ConfUtils.java:logGet(43)) - raft.server.log.purge.gap = 1000000 (custom)
2019-10-18 07:11:03,268 [pool-37-thread-1] INFO  server.RaftServerConfigKeys (ConfUtils.java:logGet(43)) - raft.server.log.appender.buffer.byte-limit = 33554432 (custom)
2019-10-18 07:11:03,268 [pool-27-thread-1] INFO  server.RaftServerConfigKeys (ConfUtils.java:logGet(43)) - raft.server.log.use.memory = false (default)
2019-10-18 07:11:03,268 [pool-37-thread-1] INFO  server.RaftServerConfigKeys (ConfUtils.java:logGet(43)) - raft.server.log.segment.size.max = 1048576 (custom)
2019-10-18 07:11:03,268 [pool-59-thread-1] INFO  server.RaftServerConfigKeys (ConfUtils.java:logGet(43)) - raft.server.log.appender.buffer.byte-limit = 33554432 (custom)
2019-10-18 07:11:03,269 [pool-37-thread-1] INFO  server.RaftServerConfigKeys (ConfUtils.java:logGet(43)) - raft.server.log.segment.cache.num.max = 2 (custom)
2019-10-18 07:11:03,269 [grpc-default-executor-8] INFO  impl.RaftServerImpl (RaftServerImpl.java:setRole(184)) - 365c74cf-9edf-4118-8168-00280e7ea799@group-4D56D0FF4DD9: changes role from  FOLLOWER to FOLLOWER at term 21 for recognizeCandidate:a7c18b56-7bd4-4e97-bac5-a7861ed2f887
2019-10-18 07:11:03,268 [grpc-default-executor-0] INFO  impl.RaftServerImpl (RaftServerImpl.java:setRole(184)) - 0e41e4d3-9bdd-41a7-a6da-f6547615f156@group-4D56D0FF4DD9: changes role from  FOLLOWER to FOLLOWER at term 21 for recognizeCandidate:a7c18b56-7bd4-4e97-bac5-a7861ed2f887
2019-10-18 07:11:03,268 [pool-27-thread-1] INFO  server.RaftServerConfigKeys (ConfUtils.java:logGet(43)) - raft.server.log.purge.gap = 1000000 (custom)
2019-10-18 07:11:03,269 [grpc-default-executor-0] INFO  impl.RoleInfo (RoleInfo.java:shutdownFollowerState(121)) - 0e41e4d3-9bdd-41a7-a6da-f6547615f156: shutdown FollowerState
2019-10-18 07:11:03,269 [grpc-default-executor-8] INFO  impl.RoleInfo (RoleInfo.java:shutdownFollowerState(121)) - 365c74cf-9edf-4118-8168-00280e7ea799: shutdown FollowerState
2019-10-18 07:11:03,269 [Thread-691] INFO  impl.FollowerState (FollowerState.java:run(117)) - 0e41e4d3-9bdd-41a7-a6da-f6547615f156@group-4D56D0FF4DD9-FollowerState was interrupted: java.lang.InterruptedException: sleep interrupted
2019-10-18 07:11:03,269 [pool-37-thread-1] INFO  segmented.SegmentedRaftLogWorker (SegmentedRaftLogWorker.java:<init>(173)) - new 0e41e4d3-9bdd-41a7-a6da-f6547615f156@group-5FDD7627343C-SegmentedRaftLogWorker for RaftStorage:Storage Directory /workdir/hadoop-ozone/integration-test/target/test-dir/MiniOzoneClusterImpl-f89c2c08-6094-404b-a270-7fb2417667b2/datanode-1/data/ratis/c120ec2f-a83a-4e39-94f4-5fdd7627343c
2019-10-18 07:11:03,269 [pool-59-thread-1] INFO  server.RaftServerConfigKeys (ConfUtils.java:logGet(43)) - raft.server.log.segment.size.max = 1048576 (custom)
2019-10-18 07:11:03,270 [pool-37-thread-1] INFO  server.RaftServerConfigKeys (ConfUtils.java:logGet(43)) - raft.server.log.queue.byte-limit = 2147483647 (custom)
2019-10-18 07:11:03,270 [Thread-692] INFO  impl.FollowerState (FollowerState.java:run(117)) - 365c74cf-9edf-4118-8168-00280e7ea799@group-4D56D0FF4DD9-FollowerState was interrupted: java.lang.InterruptedException: sleep interrupted
2019-10-18 07:11:03,270 [grpc-default-executor-8] INFO  impl.RoleInfo (RoleInfo.java:updateAndGet(143)) - 365c74cf-9edf-4118-8168-00280e7ea799: start FollowerState
2019-10-18 07:11:03,269 [grpc-default-executor-0] INFO  impl.RoleInfo (RoleInfo.java:updateAndGet(143)) - 0e41e4d3-9bdd-41a7-a6da-f6547615f156: start FollowerState
2019-10-18 07:11:03,269 [pool-27-thread-1] INFO  server.RaftServerConfigKeys (ConfUtils.java:logGet(43)) - raft.server.log.appender.buffer.byte-limit = 33554432 (custom)
2019-10-18 07:11:03,270 [pool-37-thread-1] INFO  server.RaftServerConfigKeys (ConfUtils.java:logGet(43)) - raft.server.log.queue.element-limit = 1024 (custom)
2019-10-18 07:11:03,270 [pool-59-thread-1] INFO  server.RaftServerConfigKeys (ConfUtils.java:logGet(43)) - raft.server.log.segment.cache.num.max = 2 (custom)
2019-10-18 07:11:03,271 [pool-37-thread-1] INFO  server.RaftServerConfigKeys (ConfUtils.java:logGet(43)) - raft.server.log.segment.size.max = 1048576 (custom)
2019-10-18 07:11:03,271 [pool-27-thread-1] INFO  server.RaftServerConfigKeys (ConfUtils.java:logGet(43)) - raft.server.log.segment.size.max = 1048576 (custom)
2019-10-18 07:11:03,271 [pool-37-thread-1] INFO  server.RaftServerConfigKeys (ConfUtils.java:logGet(43)) - raft.server.log.preallocated.size = 16384 (custom)
2019-10-18 07:11:03,271 [pool-37-thread-1] INFO  server.RaftServerConfigKeys (ConfUtils.java:logGet(43)) - raft.server.log.write.buffer.size = 33554432 (custom)
2019-10-18 07:11:03,271 [pool-59-thread-1] INFO  segmented.SegmentedRaftLogWorker (SegmentedRaftLogWorker.java:<init>(173)) - new a7c18b56-7bd4-4e97-bac5-a7861ed2f887@group-5FDD7627343C-SegmentedRaftLogWorker for RaftStorage:Storage Directory /workdir/hadoop-ozone/integration-test/target/test-dir/MiniOzoneClusterImpl-f89c2c08-6094-404b-a270-7fb2417667b2/datanode-2/data/ratis/c120ec2f-a83a-4e39-94f4-5fdd7627343c
2019-10-18 07:11:03,271 [pool-37-thread-1] INFO  server.RaftServerConfigKeys (ConfUtils.java:logGet(43)) - raft.server.log.force.sync.num = 128 (default)
2019-10-18 07:11:03,271 [pool-37-thread-1] INFO  server.RaftServerConfigKeys (ConfUtils.java:logGet(43)) - raft.server.log.statemachine.data.sync = true (default)
2019-10-18 07:11:03,271 [pool-27-thread-1] INFO  server.RaftServerConfigKeys (ConfUtils.java:logGet(43)) - raft.server.log.segment.cache.num.max = 2 (custom)
2019-10-18 07:11:03,272 [pool-37-thread-1] INFO  server.RaftServerConfigKeys (ConfUtils.java:logGet(43)) - raft.server.log.statemachine.data.sync.timeout = 10s (default)
2019-10-18 07:11:03,271 [pool-59-thread-1] INFO  server.RaftServerConfigKeys (ConfUtils.java:logGet(43)) - raft.server.log.queue.byte-limit = 2147483647 (custom)
2019-10-18 07:11:03,272 [pool-37-thread-1] INFO  server.RaftServerConfigKeys (ConfUtils.java:logGet(43)) - raft.server.log.statemachine.data.sync.timeout.retry = -1 (default)
2019-10-18 07:11:03,272 [pool-27-thread-1] INFO  segmented.SegmentedRaftLogWorker (SegmentedRaftLogWorker.java:<init>(173)) - new 365c74cf-9edf-4118-8168-00280e7ea799@group-5FDD7627343C-SegmentedRaftLogWorker for RaftStorage:Storage Directory /workdir/hadoop-ozone/integration-test/target/test-dir/MiniOzoneClusterImpl-f89c2c08-6094-404b-a270-7fb2417667b2/datanode-0/data/ratis/c120ec2f-a83a-4e39-94f4-5fdd7627343c
2019-10-18 07:11:03,272 [pool-37-thread-1] INFO  server.RaftServerConfigKeys (ConfUtils.java:logGet(43)) - raft.server.log.statemachine.data.caching.enabled = true (custom)
2019-10-18 07:11:03,272 [pool-59-thread-1] INFO  server.RaftServerConfigKeys (ConfUtils.java:logGet(43)) - raft.server.log.queue.element-limit = 1024 (custom)
2019-10-18 07:11:03,272 [pool-27-thread-1] INFO  server.RaftServerConfigKeys (ConfUtils.java:logGet(43)) - raft.server.log.queue.byte-limit = 2147483647 (custom)
2019-10-18 07:11:03,273 [pool-37-thread-1] INFO  segmented.SegmentedRaftLogWorker (SegmentedRaftLogWorker.java:lambda$new$0(128)) - 0e41e4d3-9bdd-41a7-a6da-f6547615f156@group-5FDD7627343C-SegmentedRaftLogWorker: flushIndex: setUnconditionally 0 -> -1
2019-10-18 07:11:03,273 [pool-59-thread-1] INFO  server.RaftServerConfigKeys (ConfUtils.java:logGet(43)) - raft.server.log.segment.size.max = 1048576 (custom)
2019-10-18 07:11:03,273 [pool-27-thread-1] INFO  server.RaftServerConfigKeys (ConfUtils.java:logGet(43)) - raft.server.log.queue.element-limit = 1024 (custom)
2019-10-18 07:11:03,273 [pool-37-thread-1] INFO  server.RaftServerConfigKeys (ConfUtils.java:logGet(43)) - raft.server.snapshot.auto.trigger.enabled = true (custom)
2019-10-18 07:11:03,273 [pool-59-thread-1] INFO  server.RaftServerConfigKeys (ConfUtils.java:logGet(43)) - raft.server.log.preallocated.size = 16384 (custom)
2019-10-18 07:11:03,273 [pool-37-thread-1] INFO  server.RaftServerConfigKeys (ConfUtils.java:logGet(43)) - raft.server.snapshot.auto.trigger.threshold = 10000 (custom)
2019-10-18 07:11:03,273 [pool-37-thread-1] INFO  server.RaftServerConfigKeys (ConfUtils.java:logGet(43)) - raft.server.snapshot.retention.file.num = 5 (custom)
2019-10-18 07:11:03,273 [pool-27-thread-1] INFO  server.RaftServerConfigKeys (ConfUtils.java:logGet(43)) - raft.server.log.segment.size.max = 1048576 (custom)
2019-10-18 07:11:03,273 [pool-37-thread-1] INFO  server.RaftServerConfigKeys (ConfUtils.java:logGet(43)) - raft.server.retrycache.expirytime = 600000ms (custom)
2019-10-18 07:11:03,273 [pool-59-thread-1] INFO  server.RaftServerConfigKeys (ConfUtils.java:logGet(43)) - raft.server.log.write.buffer.size = 33554432 (custom)
2019-10-18 07:11:03,274 [pool-27-thread-1] INFO  server.RaftServerConfigKeys (ConfUtils.java:logGet(43)) - raft.server.log.preallocated.size = 16384 (custom)
2019-10-18 07:11:03,274 [pool-59-thread-1] INFO  server.RaftServerConfigKeys (ConfUtils.java:logGet(43)) - raft.server.log.force.sync.num = 128 (default)
2019-10-18 07:11:03,274 [pool-27-thread-1] INFO  server.RaftServerConfigKeys (ConfUtils.java:logGet(43)) - raft.server.log.write.buffer.size = 33554432 (custom)
2019-10-18 07:11:03,274 [pool-59-thread-1] INFO  server.RaftServerConfigKeys (ConfUtils.java:logGet(43)) - raft.server.log.statemachine.data.sync = true (default)
2019-10-18 07:11:03,274 [pool-27-thread-1] INFO  server.RaftServerConfigKeys (ConfUtils.java:logGet(43)) - raft.server.log.force.sync.num = 128 (default)
2019-10-18 07:11:03,274 [pool-59-thread-1] INFO  server.RaftServerConfigKeys (ConfUtils.java:logGet(43)) - raft.server.log.statemachine.data.sync.timeout = 10s (default)
2019-10-18 07:11:03,274 [pool-27-thread-1] INFO  server.RaftServerConfigKeys (ConfUtils.java:logGet(43)) - raft.server.log.statemachine.data.sync = true (default)
2019-10-18 07:11:03,274 [pool-59-thread-1] INFO  server.RaftServerConfigKeys (ConfUtils.java:logGet(43)) - raft.server.log.statemachine.data.sync.timeout.retry = -1 (default)
2019-10-18 07:11:03,274 [pool-27-thread-1] INFO  server.RaftServerConfigKeys (ConfUtils.java:logGet(43)) - raft.server.log.statemachine.data.sync.timeout = 10s (default)
2019-10-18 07:11:03,275 [pool-59-thread-1] INFO  server.RaftServerConfigKeys (ConfUtils.java:logGet(43)) - raft.server.log.statemachine.data.caching.enabled = true (custom)
2019-10-18 07:11:03,275 [pool-27-thread-1] INFO  server.RaftServerConfigKeys (ConfUtils.java:logGet(43)) - raft.server.log.statemachine.data.sync.timeout.retry = -1 (default)
2019-10-18 07:11:03,275 [pool-59-thread-1] INFO  segmented.SegmentedRaftLogWorker (SegmentedRaftLogWorker.java:lambda$new$0(128)) - a7c18b56-7bd4-4e97-bac5-a7861ed2f887@group-5FDD7627343C-SegmentedRaftLogWorker: flushIndex: setUnconditionally 0 -> -1
2019-10-18 07:11:03,275 [pool-27-thread-1] INFO  server.RaftServerConfigKeys (ConfUtils.java:logGet(43)) - raft.server.log.statemachine.data.caching.enabled = true (custom)
2019-10-18 07:11:03,275 [pool-59-thread-1] INFO  server.RaftServerConfigKeys (ConfUtils.java:logGet(43)) - raft.server.snapshot.auto.trigger.enabled = true (custom)
2019-10-18 07:11:03,275 [pool-27-thread-1] INFO  segmented.SegmentedRaftLogWorker (SegmentedRaftLogWorker.java:lambda$new$0(128)) - 365c74cf-9edf-4118-8168-00280e7ea799@group-5FDD7627343C-SegmentedRaftLogWorker: flushIndex: setUnconditionally 0 -> -1
2019-10-18 07:11:03,275 [pool-59-thread-1] INFO  server.RaftServerConfigKeys (ConfUtils.java:logGet(43)) - raft.server.snapshot.auto.trigger.threshold = 10000 (custom)
2019-10-18 07:11:03,276 [pool-59-thread-1] INFO  server.RaftServerConfigKeys (ConfUtils.java:logGet(43)) - raft.server.snapshot.retention.file.num = 5 (custom)
2019-10-18 07:11:03,276 [pool-27-thread-1] INFO  server.RaftServerConfigKeys (ConfUtils.java:logGet(43)) - raft.server.snapshot.auto.trigger.enabled = true (custom)
2019-10-18 07:11:03,276 [pool-59-thread-1] INFO  server.RaftServerConfigKeys (ConfUtils.java:logGet(43)) - raft.server.retrycache.expirytime = 600000ms (custom)
2019-10-18 07:11:03,276 [pool-27-thread-1] INFO  server.RaftServerConfigKeys (ConfUtils.java:logGet(43)) - raft.server.snapshot.auto.trigger.threshold = 10000 (custom)
2019-10-18 07:11:03,276 [pool-27-thread-1] INFO  server.RaftServerConfigKeys (ConfUtils.java:logGet(43)) - raft.server.snapshot.retention.file.num = 5 (custom)
2019-10-18 07:11:03,276 [pool-27-thread-1] INFO  server.RaftServerConfigKeys (ConfUtils.java:logGet(43)) - raft.server.retrycache.expirytime = 600000ms (custom)
2019-10-18 07:11:03,276 [pool-37-thread-1] INFO  impl.RaftServerImpl (RaftServerImpl.java:start(195)) - 0e41e4d3-9bdd-41a7-a6da-f6547615f156@group-5FDD7627343C: start as a follower, conf=-1: [a7c18b56-7bd4-4e97-bac5-a7861ed2f887:192.168.69.67:34061, 0e41e4d3-9bdd-41a7-a6da-f6547615f156:192.168.69.67:46622, 365c74cf-9edf-4118-8168-00280e7ea799:192.168.69.67:37281], old=null
2019-10-18 07:11:03,276 [pool-37-thread-1] INFO  impl.RaftServerImpl (RaftServerImpl.java:setRole(184)) - 0e41e4d3-9bdd-41a7-a6da-f6547615f156@group-5FDD7627343C: changes role from      null to FOLLOWER at term 0 for startAsFollower
2019-10-18 07:11:03,277 [pool-37-thread-1] INFO  impl.RoleInfo (RoleInfo.java:updateAndGet(143)) - 0e41e4d3-9bdd-41a7-a6da-f6547615f156: start FollowerState
2019-10-18 07:11:03,277 [pool-37-thread-1] INFO  util.JmxRegister (JmxRegister.java:tryRegister(44)) - Successfully registered JMX Bean with object name Ratis:service=RaftServer,group=group-5FDD7627343C,id=0e41e4d3-9bdd-41a7-a6da-f6547615f156
2019-10-18 07:11:03,279 [pool-59-thread-1] INFO  impl.RaftServerImpl (RaftServerImpl.java:start(195)) - a7c18b56-7bd4-4e97-bac5-a7861ed2f887@group-5FDD7627343C: start as a follower, conf=-1: [a7c18b56-7bd4-4e97-bac5-a7861ed2f887:192.168.69.67:34061, 0e41e4d3-9bdd-41a7-a6da-f6547615f156:192.168.69.67:46622, 365c74cf-9edf-4118-8168-00280e7ea799:192.168.69.67:37281], old=null
2019-10-18 07:11:03,279 [pool-59-thread-1] INFO  impl.RaftServerImpl (RaftServerImpl.java:setRole(184)) - a7c18b56-7bd4-4e97-bac5-a7861ed2f887@group-5FDD7627343C: changes role from      null to FOLLOWER at term 0 for startAsFollower
2019-10-18 07:11:03,279 [pool-59-thread-1] INFO  impl.RoleInfo (RoleInfo.java:updateAndGet(143)) - a7c18b56-7bd4-4e97-bac5-a7861ed2f887: start FollowerState
2019-10-18 07:11:03,279 [pool-27-thread-1] INFO  impl.RaftServerImpl (RaftServerImpl.java:start(195)) - 365c74cf-9edf-4118-8168-00280e7ea799@group-5FDD7627343C: start as a follower, conf=-1: [a7c18b56-7bd4-4e97-bac5-a7861ed2f887:192.168.69.67:34061, 0e41e4d3-9bdd-41a7-a6da-f6547615f156:192.168.69.67:46622, 365c74cf-9edf-4118-8168-00280e7ea799:192.168.69.67:37281], old=null
2019-10-18 07:11:03,279 [pool-59-thread-1] INFO  util.JmxRegister (JmxRegister.java:tryRegister(44)) - Successfully registered JMX Bean with object name Ratis:service=RaftServer,group=group-5FDD7627343C,id=a7c18b56-7bd4-4e97-bac5-a7861ed2f887
2019-10-18 07:11:03,279 [pool-27-thread-1] INFO  impl.RaftServerImpl (RaftServerImpl.java:setRole(184)) - 365c74cf-9edf-4118-8168-00280e7ea799@group-5FDD7627343C: changes role from      null to FOLLOWER at term 0 for startAsFollower
2019-10-18 07:11:03,280 [pool-27-thread-1] INFO  impl.RoleInfo (RoleInfo.java:updateAndGet(143)) - 365c74cf-9edf-4118-8168-00280e7ea799: start FollowerState
2019-10-18 07:11:03,280 [pool-27-thread-1] INFO  util.JmxRegister (JmxRegister.java:tryRegister(44)) - Successfully registered JMX Bean with object name Ratis:service=RaftServer,group=group-5FDD7627343C,id=365c74cf-9edf-4118-8168-00280e7ea799
2019-10-18 07:11:03,281 [a7c18b56-7bd4-4e97-bac5-a7861ed2f887@group-4D56D0FF4DD9-LeaderElection23] INFO  impl.LeaderElection (LeaderElection.java:logAndReturn(56)) - a7c18b56-7bd4-4e97-bac5-a7861ed2f887@group-4D56D0FF4DD9-LeaderElection23: Election REJECTED; received 2 response(s) [a7c18b56-7bd4-4e97-bac5-a7861ed2f887<-0e41e4d3-9bdd-41a7-a6da-f6547615f156#0:FAIL-t21, a7c18b56-7bd4-4e97-bac5-a7861ed2f887<-365c74cf-9edf-4118-8168-00280e7ea799#0:FAIL-t21] and 0 exception(s); a7c18b56-7bd4-4e97-bac5-a7861ed2f887@group-4D56D0FF4DD9:t21, leader=null, voted=a7c18b56-7bd4-4e97-bac5-a7861ed2f887, raftlog=a7c18b56-7bd4-4e97-bac5-a7861ed2f887@group-4D56D0FF4DD9-SegmentedRaftLog:OPENED:c3,f4,i4, conf=0: [a7c18b56-7bd4-4e97-bac5-a7861ed2f887:192.168.69.67:34061, 0e41e4d3-9bdd-41a7-a6da-f6547615f156:192.168.69.67:46622, 365c74cf-9edf-4118-8168-00280e7ea799:192.168.69.67:37281], old=null
2019-10-18 07:11:03,283 [a7c18b56-7bd4-4e97-bac5-a7861ed2f887@group-4D56D0FF4DD9-LeaderElection23] INFO  impl.RaftServerImpl (RaftServerImpl.java:setRole(184)) - a7c18b56-7bd4-4e97-bac5-a7861ed2f887@group-4D56D0FF4DD9: changes role from CANDIDATE to FOLLOWER at term 21 for DISCOVERED_A_NEW_TERM
2019-10-18 07:11:03,283 [a7c18b56-7bd4-4e97-bac5-a7861ed2f887@group-4D56D0FF4DD9-LeaderElection23] INFO  impl.RoleInfo (RoleInfo.java:shutdownLeaderElection(134)) - a7c18b56-7bd4-4e97-bac5-a7861ed2f887: shutdown LeaderElection
2019-10-18 07:11:03,283 [a7c18b56-7bd4-4e97-bac5-a7861ed2f887@group-4D56D0FF4DD9-LeaderElection23] INFO  impl.RoleInfo (RoleInfo.java:updateAndGet(143)) - a7c18b56-7bd4-4e97-bac5-a7861ed2f887: start FollowerState
2019-10-18 07:11:03,289 [RatisPipelineUtilsThread] INFO  pipeline.PipelineStateManager (PipelineStateManager.java:addPipeline(55)) - Created pipeline Pipeline[ Id: c120ec2f-a83a-4e39-94f4-5fdd7627343c, Nodes: a7c18b56-7bd4-4e97-bac5-a7861ed2f887{ip: 192.168.69.67, host: pr-hdds-1868-wx8dl-4219780377, networkLocation: /default-rack, certSerialId: null}365c74cf-9edf-4118-8168-00280e7ea799{ip: 192.168.69.67, host: pr-hdds-1868-wx8dl-4219780377, networkLocation: /default-rack, certSerialId: null}0e41e4d3-9bdd-41a7-a6da-f6547615f156{ip: 192.168.69.67, host: pr-hdds-1868-wx8dl-4219780377, networkLocation: /default-rack, certSerialId: null}, Type:RATIS, Factor:THREE, State:ALLOCATED]
2019-10-18 07:11:03,291 [EventQueue-PipelineReportForPipelineReportHandler] INFO  pipeline.PipelineReportHandler (PipelineReportHandler.java:processPipelineReport(119)) - Pipeline PipelineID=c120ec2f-a83a-4e39-94f4-5fdd7627343c reported by a7c18b56-7bd4-4e97-bac5-a7861ed2f887{ip: 192.168.69.67, host: pr-hdds-1868-wx8dl-4219780377, networkLocation: /default-rack, certSerialId: null} with leaderId 
2019-10-18 07:11:03,291 [EventQueue-PipelineReportForPipelineReportHandler] INFO  pipeline.PipelineReportHandler (PipelineReportHandler.java:processPipelineReport(119)) - Pipeline PipelineID=ecb41122-f720-47bd-88e7-12be81d98df4 reported by a7c18b56-7bd4-4e97-bac5-a7861ed2f887{ip: 192.168.69.67, host: pr-hdds-1868-wx8dl-4219780377, networkLocation: /default-rack, certSerialId: null} with leaderId a7c18b56-7bd4-4e97-bac5-a7861ed2f887
2019-10-18 07:11:03,292 [EventQueue-PipelineReportForPipelineReportHandler] INFO  pipeline.PipelineStateManager (PipelineStateManager.java:openPipeline(134)) - Pipeline Pipeline[ Id: ecb41122-f720-47bd-88e7-12be81d98df4, Nodes: a7c18b56-7bd4-4e97-bac5-a7861ed2f887{ip: 192.168.69.67, host: pr-hdds-1868-wx8dl-4219780377, networkLocation: /default-rack, certSerialId: null}, Type:RATIS, Factor:ONE, State:OPEN] moved to OPEN state
2019-10-18 07:11:03,299 [Thread-702] INFO  impl.FollowerState (FollowerState.java:run(108)) - 365c74cf-9edf-4118-8168-00280e7ea799@group-5FDD7627343C-FollowerState: change to CANDIDATE, lastRpcTime:19ms, electionTimeout:19ms
2019-10-18 07:11:03,300 [Thread-702] INFO  impl.RoleInfo (RoleInfo.java:shutdownFollowerState(121)) - 365c74cf-9edf-4118-8168-00280e7ea799: shutdown FollowerState
2019-10-18 07:11:03,300 [Thread-702] INFO  impl.RaftServerImpl (RaftServerImpl.java:setRole(184)) - 365c74cf-9edf-4118-8168-00280e7ea799@group-5FDD7627343C: changes role from  FOLLOWER to CANDIDATE at term 0 for changeToCandidate
2019-10-18 07:11:03,300 [Thread-702] INFO  impl.RoleInfo (RoleInfo.java:updateAndGet(143)) - 365c74cf-9edf-4118-8168-00280e7ea799: start LeaderElection
2019-10-18 07:11:03,302 [Thread-701] INFO  impl.FollowerState (FollowerState.java:run(108)) - a7c18b56-7bd4-4e97-bac5-a7861ed2f887@group-5FDD7627343C-FollowerState: change to CANDIDATE, lastRpcTime:23ms, electionTimeout:23ms
2019-10-18 07:11:03,303 [Thread-701] INFO  impl.RoleInfo (RoleInfo.java:shutdownFollowerState(121)) - a7c18b56-7bd4-4e97-bac5-a7861ed2f887: shutdown FollowerState
2019-10-18 07:11:03,303 [Thread-701] INFO  impl.RaftServerImpl (RaftServerImpl.java:setRole(184)) - a7c18b56-7bd4-4e97-bac5-a7861ed2f887@group-5FDD7627343C: changes role from  FOLLOWER to CANDIDATE at term 0 for changeToCandidate
2019-10-18 07:11:03,303 [Thread-701] INFO  impl.RoleInfo (RoleInfo.java:updateAndGet(143)) - a7c18b56-7bd4-4e97-bac5-a7861ed2f887: start LeaderElection
2019-10-18 07:11:03,309 [EventQueue-PendingDeleteStatusForPendingDeleteHandler] INFO  block.SCMBlockDeletingService (SCMBlockDeletingService.java:handlePendingDeletes(115)) - Block deletion txnID mismatch in datanode a7c18b56-7bd4-4e97-bac5-a7861ed2f887 for containerID 1. Datanode delete txnID: 0, SCM txnID: 1
2019-10-18 07:11:03,361 [365c74cf-9edf-4118-8168-00280e7ea799@group-5FDD7627343C-LeaderElection25] INFO  impl.LeaderElection (LeaderElection.java:askForVotes(178)) - 365c74cf-9edf-4118-8168-00280e7ea799@group-5FDD7627343C-LeaderElection25: begin an election at term 1 for -1: [a7c18b56-7bd4-4e97-bac5-a7861ed2f887:192.168.69.67:34061, 0e41e4d3-9bdd-41a7-a6da-f6547615f156:192.168.69.67:46622, 365c74cf-9edf-4118-8168-00280e7ea799:192.168.69.67:37281], old=null
2019-10-18 07:11:03,361 [a7c18b56-7bd4-4e97-bac5-a7861ed2f887@group-5FDD7627343C-LeaderElection26] INFO  impl.LeaderElection (LeaderElection.java:askForVotes(178)) - a7c18b56-7bd4-4e97-bac5-a7861ed2f887@group-5FDD7627343C-LeaderElection26: begin an election at term 1 for -1: [a7c18b56-7bd4-4e97-bac5-a7861ed2f887:192.168.69.67:34061, 0e41e4d3-9bdd-41a7-a6da-f6547615f156:192.168.69.67:46622, 365c74cf-9edf-4118-8168-00280e7ea799:192.168.69.67:37281], old=null
2019-10-18 07:11:03,369 [grpc-default-executor-8] INFO  impl.RaftServerImpl (RaftServerImpl.java:setRole(184)) - 0e41e4d3-9bdd-41a7-a6da-f6547615f156@group-5FDD7627343C: changes role from  FOLLOWER to FOLLOWER at term 1 for recognizeCandidate:a7c18b56-7bd4-4e97-bac5-a7861ed2f887
2019-10-18 07:11:03,369 [grpc-default-executor-8] INFO  impl.RoleInfo (RoleInfo.java:shutdownFollowerState(121)) - 0e41e4d3-9bdd-41a7-a6da-f6547615f156: shutdown FollowerState
2019-10-18 07:11:03,369 [grpc-default-executor-8] INFO  impl.RoleInfo (RoleInfo.java:updateAndGet(143)) - 0e41e4d3-9bdd-41a7-a6da-f6547615f156: start FollowerState
2019-10-18 07:11:03,369 [Thread-700] INFO  impl.FollowerState (FollowerState.java:run(117)) - 0e41e4d3-9bdd-41a7-a6da-f6547615f156@group-5FDD7627343C-FollowerState was interrupted: java.lang.InterruptedException: sleep interrupted
2019-10-18 07:11:03,394 [a7c18b56-7bd4-4e97-bac5-a7861ed2f887@group-5FDD7627343C-LeaderElection26] INFO  impl.LeaderElection (LeaderElection.java:logAndReturn(56)) - a7c18b56-7bd4-4e97-bac5-a7861ed2f887@group-5FDD7627343C-LeaderElection26: Election TIMEOUT; received 1 response(s) [a7c18b56-7bd4-4e97-bac5-a7861ed2f887<-365c74cf-9edf-4118-8168-00280e7ea799#0:FAIL-t1] and 0 exception(s); a7c18b56-7bd4-4e97-bac5-a7861ed2f887@group-5FDD7627343C:t1, leader=null, voted=a7c18b56-7bd4-4e97-bac5-a7861ed2f887, raftlog=a7c18b56-7bd4-4e97-bac5-a7861ed2f887@group-5FDD7627343C-SegmentedRaftLog:OPENED:c-1,f-1,i0, conf=-1: [a7c18b56-7bd4-4e97-bac5-a7861ed2f887:192.168.69.67:34061, 0e41e4d3-9bdd-41a7-a6da-f6547615f156:192.168.69.67:46622, 365c74cf-9edf-4118-8168-00280e7ea799:192.168.69.67:37281], old=null
2019-10-18 07:11:03,414 [Thread-704] INFO  impl.FollowerState (FollowerState.java:run(108)) - a7c18b56-7bd4-4e97-bac5-a7861ed2f887@group-4D56D0FF4DD9-FollowerState: change to CANDIDATE, lastRpcTime:130ms, electionTimeout:130ms
2019-10-18 07:11:03,414 [Thread-704] INFO  impl.RoleInfo (RoleInfo.java:shutdownFollowerState(121)) - a7c18b56-7bd4-4e97-bac5-a7861ed2f887: shutdown FollowerState
2019-10-18 07:11:03,414 [Thread-704] INFO  impl.RaftServerImpl (RaftServerImpl.java:setRole(184)) - a7c18b56-7bd4-4e97-bac5-a7861ed2f887@group-4D56D0FF4DD9: changes role from  FOLLOWER to CANDIDATE at term 21 for changeToCandidate
2019-10-18 07:11:03,414 [Thread-704] INFO  impl.RoleInfo (RoleInfo.java:updateAndGet(143)) - a7c18b56-7bd4-4e97-bac5-a7861ed2f887: start LeaderElection
2019-10-18 07:11:03,420 [a7c18b56-7bd4-4e97-bac5-a7861ed2f887@group-5FDD7627343C-LeaderElection26] INFO  impl.LeaderElection (LeaderElection.java:askForVotes(178)) - a7c18b56-7bd4-4e97-bac5-a7861ed2f887@group-5FDD7627343C-LeaderElection26: begin an election at term 2 for -1: [a7c18b56-7bd4-4e97-bac5-a7861ed2f887:192.168.69.67:34061, 0e41e4d3-9bdd-41a7-a6da-f6547615f156:192.168.69.67:46622, 365c74cf-9edf-4118-8168-00280e7ea799:192.168.69.67:37281], old=null
2019-10-18 07:11:03,421 [365c74cf-9edf-4118-8168-00280e7ea799@group-5FDD7627343C-LeaderElection25] INFO  impl.LeaderElection (LeaderElection.java:logAndReturn(56)) - 365c74cf-9edf-4118-8168-00280e7ea799@group-5FDD7627343C-LeaderElection25: Election REJECTED; received 2 response(s) [365c74cf-9edf-4118-8168-00280e7ea799<-a7c18b56-7bd4-4e97-bac5-a7861ed2f887#0:FAIL-t1, 365c74cf-9edf-4118-8168-00280e7ea799<-0e41e4d3-9bdd-41a7-a6da-f6547615f156#0:FAIL-t1] and 0 exception(s); 365c74cf-9edf-4118-8168-00280e7ea799@group-5FDD7627343C:t1, leader=null, voted=365c74cf-9edf-4118-8168-00280e7ea799, raftlog=365c74cf-9edf-4118-8168-00280e7ea799@group-5FDD7627343C-SegmentedRaftLog:OPENED:c-1,f-1,i0, conf=-1: [a7c18b56-7bd4-4e97-bac5-a7861ed2f887:192.168.69.67:34061, 0e41e4d3-9bdd-41a7-a6da-f6547615f156:192.168.69.67:46622, 365c74cf-9edf-4118-8168-00280e7ea799:192.168.69.67:37281], old=null
2019-10-18 07:11:03,421 [365c74cf-9edf-4118-8168-00280e7ea799@group-5FDD7627343C-LeaderElection25] INFO  impl.RaftServerImpl (RaftServerImpl.java:setRole(184)) - 365c74cf-9edf-4118-8168-00280e7ea799@group-5FDD7627343C: changes role from CANDIDATE to FOLLOWER at term 1 for DISCOVERED_A_NEW_TERM
2019-10-18 07:11:03,421 [365c74cf-9edf-4118-8168-00280e7ea799@group-5FDD7627343C-LeaderElection25] INFO  impl.RoleInfo (RoleInfo.java:shutdownLeaderElection(134)) - 365c74cf-9edf-4118-8168-00280e7ea799: shutdown LeaderElection
2019-10-18 07:11:03,422 [365c74cf-9edf-4118-8168-00280e7ea799@group-5FDD7627343C-LeaderElection25] INFO  impl.RoleInfo (RoleInfo.java:updateAndGet(143)) - 365c74cf-9edf-4118-8168-00280e7ea799: start FollowerState
2019-10-18 07:11:03,424 [grpc-default-executor-0] INFO  impl.RaftServerImpl (RaftServerImpl.java:setRole(184)) - 0e41e4d3-9bdd-41a7-a6da-f6547615f156@group-5FDD7627343C: changes role from  FOLLOWER to FOLLOWER at term 2 for recognizeCandidate:a7c18b56-7bd4-4e97-bac5-a7861ed2f887
2019-10-18 07:11:03,424 [grpc-default-executor-8] INFO  impl.RaftServerImpl (RaftServerImpl.java:setRole(184)) - 365c74cf-9edf-4118-8168-00280e7ea799@group-5FDD7627343C: changes role from  FOLLOWER to FOLLOWER at term 2 for recognizeCandidate:a7c18b56-7bd4-4e97-bac5-a7861ed2f887
2019-10-18 07:11:03,425 [grpc-default-executor-0] INFO  impl.RoleInfo (RoleInfo.java:shutdownFollowerState(121)) - 0e41e4d3-9bdd-41a7-a6da-f6547615f156: shutdown FollowerState
2019-10-18 07:11:03,426 [grpc-default-executor-8] INFO  impl.RoleInfo (RoleInfo.java:shutdownFollowerState(121)) - 365c74cf-9edf-4118-8168-00280e7ea799: shutdown FollowerState
2019-10-18 07:11:03,426 [grpc-default-executor-0] INFO  impl.RoleInfo (RoleInfo.java:updateAndGet(143)) - 0e41e4d3-9bdd-41a7-a6da-f6547615f156: start FollowerState
2019-10-18 07:11:03,426 [grpc-default-executor-8] INFO  impl.RoleInfo (RoleInfo.java:updateAndGet(143)) - 365c74cf-9edf-4118-8168-00280e7ea799: start FollowerState
2019-10-18 07:11:03,426 [Thread-713] INFO  impl.FollowerState (FollowerState.java:run(117)) - 0e41e4d3-9bdd-41a7-a6da-f6547615f156@group-5FDD7627343C-FollowerState was interrupted: java.lang.InterruptedException: sleep interrupted
2019-10-18 07:11:03,426 [Thread-717] INFO  impl.FollowerState (FollowerState.java:run(117)) - 365c74cf-9edf-4118-8168-00280e7ea799@group-5FDD7627343C-FollowerState was interrupted: java.lang.InterruptedException: sleep interrupted
2019-10-18 07:11:03,437 [a7c18b56-7bd4-4e97-bac5-a7861ed2f887@group-4D56D0FF4DD9-LeaderElection27] INFO  impl.LeaderElection (LeaderElection.java:askForVotes(178)) - a7c18b56-7bd4-4e97-bac5-a7861ed2f887@group-4D56D0FF4DD9-LeaderElection27: begin an election at term 22 for 0: [a7c18b56-7bd4-4e97-bac5-a7861ed2f887:192.168.69.67:34061, 0e41e4d3-9bdd-41a7-a6da-f6547615f156:192.168.69.67:46622, 365c74cf-9edf-4118-8168-00280e7ea799:192.168.69.67:37281], old=null
2019-10-18 07:11:03,439 [a7c18b56-7bd4-4e97-bac5-a7861ed2f887@group-5FDD7627343C-LeaderElection26] INFO  impl.LeaderElection (LeaderElection.java:logAndReturn(56)) - a7c18b56-7bd4-4e97-bac5-a7861ed2f887@group-5FDD7627343C-LeaderElection26: Election PASSED; received 1 response(s) [a7c18b56-7bd4-4e97-bac5-a7861ed2f887<-0e41e4d3-9bdd-41a7-a6da-f6547615f156#0:OK-t2] and 0 exception(s); a7c18b56-7bd4-4e97-bac5-a7861ed2f887@group-5FDD7627343C:t2, leader=null, voted=a7c18b56-7bd4-4e97-bac5-a7861ed2f887, raftlog=a7c18b56-7bd4-4e97-bac5-a7861ed2f887@group-5FDD7627343C-SegmentedRaftLog:OPENED:c-1,f-1,i0, conf=-1: [a7c18b56-7bd4-4e97-bac5-a7861ed2f887:192.168.69.67:34061, 0e41e4d3-9bdd-41a7-a6da-f6547615f156:192.168.69.67:46622, 365c74cf-9edf-4118-8168-00280e7ea799:192.168.69.67:37281], old=null
2019-10-18 07:11:03,439 [a7c18b56-7bd4-4e97-bac5-a7861ed2f887@group-5FDD7627343C-LeaderElection26] INFO  impl.RoleInfo (RoleInfo.java:shutdownLeaderElection(134)) - a7c18b56-7bd4-4e97-bac5-a7861ed2f887: shutdown LeaderElection
2019-10-18 07:11:03,439 [a7c18b56-7bd4-4e97-bac5-a7861ed2f887@group-5FDD7627343C-LeaderElection26] INFO  impl.RaftServerImpl (RaftServerImpl.java:setRole(184)) - a7c18b56-7bd4-4e97-bac5-a7861ed2f887@group-5FDD7627343C: changes role from CANDIDATE to LEADER at term 2 for changeToLeader
2019-10-18 07:11:03,439 [a7c18b56-7bd4-4e97-bac5-a7861ed2f887@group-5FDD7627343C-LeaderElection26] INFO  ratis.XceiverServerRatis (XceiverServerRatis.java:handleLeaderChangedNotification(699)) - Leader change notification received for group: group-5FDD7627343C with new leaderId: a7c18b56-7bd4-4e97-bac5-a7861ed2f887
2019-10-18 07:11:03,439 [a7c18b56-7bd4-4e97-bac5-a7861ed2f887@group-5FDD7627343C-LeaderElection26] INFO  impl.RaftServerImpl (ServerState.java:setLeader(256)) - a7c18b56-7bd4-4e97-bac5-a7861ed2f887@group-5FDD7627343C: change Leader from null to a7c18b56-7bd4-4e97-bac5-a7861ed2f887 at term 2 for becomeLeader, leader elected after 172ms
2019-10-18 07:11:03,439 [a7c18b56-7bd4-4e97-bac5-a7861ed2f887@group-5FDD7627343C-LeaderElection26] INFO  server.RaftServerConfigKeys (ConfUtils.java:logGet(43)) - raft.server.staging.catchup.gap = 1000 (default)
2019-10-18 07:11:03,440 [a7c18b56-7bd4-4e97-bac5-a7861ed2f887@group-5FDD7627343C-LeaderElection26] INFO  server.RaftServerConfigKeys (ConfUtils.java:logGet(43)) - raft.server.rpc.sleep.time = 25ms (default)
2019-10-18 07:11:03,440 [grpc-default-executor-0] INFO  impl.RaftServerImpl (RaftServerImpl.java:setRole(184)) - 0e41e4d3-9bdd-41a7-a6da-f6547615f156@group-4D56D0FF4DD9: changes role from  FOLLOWER to FOLLOWER at term 22 for recognizeCandidate:a7c18b56-7bd4-4e97-bac5-a7861ed2f887
2019-10-18 07:11:03,441 [pool-7-thread-1] INFO  commands.RetriableDatanodeEventWatcher (RetriableDatanodeEventWatcher.java:onTimeout(47)) - RetriableDatanodeCommand type=deleteBlocksCommand with id=1571382657434 timed out. Retrying.
2019-10-18 07:11:03,441 [a7c18b56-7bd4-4e97-bac5-a7861ed2f887@group-5FDD7627343C-LeaderElection26] INFO  server.RaftServerConfigKeys (ConfUtils.java:logGet(43)) - raft.server.write.element-limit = 4096 (default)
2019-10-18 07:11:03,441 [grpc-default-executor-8] INFO  impl.RaftServerImpl (RaftServerImpl.java:setRole(184)) - 365c74cf-9edf-4118-8168-00280e7ea799@group-4D56D0FF4DD9: changes role from  FOLLOWER to FOLLOWER at term 22 for recognizeCandidate:a7c18b56-7bd4-4e97-bac5-a7861ed2f887
2019-10-18 07:11:03,441 [a7c18b56-7bd4-4e97-bac5-a7861ed2f887@group-5FDD7627343C-LeaderElection26] INFO  server.RaftServerConfigKeys (ConfUtils.java:logGet(43)) - raft.server.watch.timeout = 10s (default)
2019-10-18 07:11:03,441 [a7c18b56-7bd4-4e97-bac5-a7861ed2f887@group-5FDD7627343C-LeaderElection26] INFO  server.RaftServerConfigKeys (ConfUtils.java:logGet(43)) - raft.server.watch.timeout.denomination = 1s (default)
2019-10-18 07:11:03,441 [pool-7-thread-2] INFO  commands.RetriableDatanodeEventWatcher (RetriableDatanodeEventWatcher.java:onTimeout(47)) - RetriableDatanodeCommand type=deleteBlocksCommand with id=1571382657439 timed out. Retrying.
2019-10-18 07:11:03,441 [grpc-default-executor-0] INFO  impl.RoleInfo (RoleInfo.java:shutdownFollowerState(121)) - 0e41e4d3-9bdd-41a7-a6da-f6547615f156: shutdown FollowerState
2019-10-18 07:11:03,442 [pool-7-thread-5] INFO  commands.RetriableDatanodeEventWatcher (RetriableDatanodeEventWatcher.java:onTimeout(47)) - RetriableDatanodeCommand type=deleteBlocksCommand with id=1571382657442 timed out. Retrying.
2019-10-18 07:11:03,441 [a7c18b56-7bd4-4e97-bac5-a7861ed2f887@group-5FDD7627343C-LeaderElection26] INFO  server.RaftServerConfigKeys (ConfUtils.java:logGet(43)) - raft.server.watch.element-limit = 65536 (default)
2019-10-18 07:11:03,441 [EventQueue-PipelineReportForPipelineReportHandler] INFO  pipeline.PipelineReportHandler (PipelineReportHandler.java:processPipelineReport(119)) - Pipeline PipelineID=c120ec2f-a83a-4e39-94f4-5fdd7627343c reported by a7c18b56-7bd4-4e97-bac5-a7861ed2f887{ip: 192.168.69.67, host: pr-hdds-1868-wx8dl-4219780377, networkLocation: /default-rack, certSerialId: null} with leaderId a7c18b56-7bd4-4e97-bac5-a7861ed2f887
2019-10-18 07:11:03,441 [grpc-default-executor-8] INFO  impl.RoleInfo (RoleInfo.java:shutdownFollowerState(121)) - 365c74cf-9edf-4118-8168-00280e7ea799: shutdown FollowerState
2019-10-18 07:11:03,442 [pool-7-thread-3] INFO  commands.RetriableDatanodeEventWatcher (RetriableDatanodeEventWatcher.java:onTimeout(47)) - RetriableDatanodeCommand type=deleteBlocksCommand with id=1571382657440 timed out. Retrying.
2019-10-18 07:11:03,442 [grpc-default-executor-0] INFO  impl.RoleInfo (RoleInfo.java:updateAndGet(143)) - 0e41e4d3-9bdd-41a7-a6da-f6547615f156: start FollowerState
2019-10-18 07:11:03,442 [Thread-695] INFO  impl.FollowerState (FollowerState.java:run(117)) - 0e41e4d3-9bdd-41a7-a6da-f6547615f156@group-4D56D0FF4DD9-FollowerState was interrupted: java.lang.InterruptedException: sleep interrupted
2019-10-18 07:11:03,442 [pool-7-thread-4] INFO  commands.RetriableDatanodeEventWatcher (RetriableDatanodeEventWatcher.java:onTimeout(47)) - RetriableDatanodeCommand type=deleteBlocksCommand with id=1571382657441 timed out. Retrying.
2019-10-18 07:11:03,442 [Thread-696] INFO  impl.FollowerState (FollowerState.java:run(117)) - 365c74cf-9edf-4118-8168-00280e7ea799@group-4D56D0FF4DD9-FollowerState was interrupted: java.lang.InterruptedException: sleep interrupted
2019-10-18 07:11:03,442 [grpc-default-executor-8] INFO  impl.RoleInfo (RoleInfo.java:updateAndGet(143)) - 365c74cf-9edf-4118-8168-00280e7ea799: start FollowerState
2019-10-18 07:11:03,443 [pool-7-thread-1] INFO  commands.RetriableDatanodeEventWatcher (RetriableDatanodeEventWatcher.java:onTimeout(47)) - RetriableDatanodeCommand type=deleteBlocksCommand with id=1571382657437 timed out. Retrying.
2019-10-18 07:11:03,443 [SCMBlockDeletingService#0] INFO  block.SCMBlockDeletingService (SCMBlockDeletingService.java:call(184)) - Totally added 1 delete blocks command for 1 datanodes, task elapsed time: 0ms
2019-10-18 07:11:03,444 [a7c18b56-7bd4-4e97-bac5-a7861ed2f887@group-5FDD7627343C-LeaderElection26] INFO  server.RaftServerConfigKeys (ConfUtils.java:logGet(43)) - raft.server.log.appender.snapshot.chunk.size.max = 16MB (=16777216) (default)
2019-10-18 07:11:03,444 [a7c18b56-7bd4-4e97-bac5-a7861ed2f887@group-5FDD7627343C-LeaderElection26] INFO  server.RaftServerConfigKeys (ConfUtils.java:logGet(43)) - raft.server.log.appender.buffer.byte-limit = 33554432 (custom)
2019-10-18 07:11:03,444 [a7c18b56-7bd4-4e97-bac5-a7861ed2f887@group-5FDD7627343C-LeaderElection26] INFO  server.RaftServerConfigKeys (ConfUtils.java:logGet(43)) - raft.server.log.appender.buffer.element-limit = 1 (custom)
2019-10-18 07:11:03,445 [a7c18b56-7bd4-4e97-bac5-a7861ed2f887@group-5FDD7627343C-LeaderElection26] INFO  grpc.GrpcConfigKeys$Server (ConfUtils.java:logGet(43)) - raft.grpc.server.leader.outstanding.appends.max = 128 (default)
2019-10-18 07:11:03,445 [a7c18b56-7bd4-4e97-bac5-a7861ed2f887@group-5FDD7627343C-LeaderElection26] INFO  server.RaftServerConfigKeys (ConfUtils.java:logGet(43)) - raft.server.rpc.request.timeout = 3000ms (default)
2019-10-18 07:11:03,445 [a7c18b56-7bd4-4e97-bac5-a7861ed2f887@group-5FDD7627343C-LeaderElection26] INFO  server.RaftServerConfigKeys (ConfUtils.java:logGet(43)) - raft.server.log.appender.install.snapshot.enabled = false (custom)
2019-10-18 07:11:03,446 [a7c18b56-7bd4-4e97-bac5-a7861ed2f887@group-5FDD7627343C-LeaderElection26] INFO  server.RaftServerConfigKeys (ConfUtils.java:logGet(43)) - raft.server.log.appender.snapshot.chunk.size.max = 16MB (=16777216) (default)
2019-10-18 07:11:03,447 [a7c18b56-7bd4-4e97-bac5-a7861ed2f887@group-5FDD7627343C-LeaderElection26] INFO  server.RaftServerConfigKeys (ConfUtils.java:logGet(43)) - raft.server.log.appender.buffer.byte-limit = 33554432 (custom)
2019-10-18 07:11:03,447 [a7c18b56-7bd4-4e97-bac5-a7861ed2f887@group-5FDD7627343C-LeaderElection26] INFO  server.RaftServerConfigKeys (ConfUtils.java:logGet(43)) - raft.server.log.appender.buffer.element-limit = 1 (custom)
2019-10-18 07:11:03,447 [a7c18b56-7bd4-4e97-bac5-a7861ed2f887@group-5FDD7627343C-LeaderElection26] INFO  grpc.GrpcConfigKeys$Server (ConfUtils.java:logGet(43)) - raft.grpc.server.leader.outstanding.appends.max = 128 (default)
2019-10-18 07:11:03,447 [a7c18b56-7bd4-4e97-bac5-a7861ed2f887@group-5FDD7627343C-LeaderElection26] INFO  server.RaftServerConfigKeys (ConfUtils.java:logGet(43)) - raft.server.rpc.request.timeout = 3000ms (default)
2019-10-18 07:11:03,447 [a7c18b56-7bd4-4e97-bac5-a7861ed2f887@group-5FDD7627343C-LeaderElection26] INFO  server.RaftServerConfigKeys (ConfUtils.java:logGet(43)) - raft.server.log.appender.install.snapshot.enabled = false (custom)
2019-10-18 07:11:03,449 [a7c18b56-7bd4-4e97-bac5-a7861ed2f887@group-5FDD7627343C-LeaderElection26] INFO  impl.RoleInfo (RoleInfo.java:updateAndGet(143)) - a7c18b56-7bd4-4e97-bac5-a7861ed2f887: start LeaderState
2019-10-18 07:11:03,449 [a7c18b56-7bd4-4e97-bac5-a7861ed2f887@group-5FDD7627343C-LeaderElection26] INFO  segmented.SegmentedRaftLogWorker (SegmentedRaftLogWorker.java:startLogSegment(385)) - a7c18b56-7bd4-4e97-bac5-a7861ed2f887@group-5FDD7627343C-SegmentedRaftLogWorker: Starting segment from index:0
2019-10-18 07:11:03,450 [a7c18b56-7bd4-4e97-bac5-a7861ed2f887@group-5FDD7627343C-LeaderElection26] INFO  impl.RaftServerImpl (ServerState.java:setRaftConf(357)) - a7c18b56-7bd4-4e97-bac5-a7861ed2f887@group-5FDD7627343C: set configuration 0: [a7c18b56-7bd4-4e97-bac5-a7861ed2f887:192.168.69.67:34061, 0e41e4d3-9bdd-41a7-a6da-f6547615f156:192.168.69.67:46622, 365c74cf-9edf-4118-8168-00280e7ea799:192.168.69.67:37281], old=null at 0
2019-10-18 07:11:03,451 [grpc-default-executor-6] INFO  ratis.XceiverServerRatis (XceiverServerRatis.java:handleLeaderChangedNotification(699)) - Leader change notification received for group: group-5FDD7627343C with new leaderId: a7c18b56-7bd4-4e97-bac5-a7861ed2f887
2019-10-18 07:11:03,452 [grpc-default-executor-3] INFO  ratis.XceiverServerRatis (XceiverServerRatis.java:handleLeaderChangedNotification(699)) - Leader change notification received for group: group-5FDD7627343C with new leaderId: a7c18b56-7bd4-4e97-bac5-a7861ed2f887
2019-10-18 07:11:03,452 [grpc-default-executor-6] INFO  impl.RaftServerImpl (ServerState.java:setLeader(256)) - 0e41e4d3-9bdd-41a7-a6da-f6547615f156@group-5FDD7627343C: change Leader from null to a7c18b56-7bd4-4e97-bac5-a7861ed2f887 at term 2 for appendEntries, leader elected after 184ms
2019-10-18 07:11:03,452 [grpc-default-executor-3] INFO  impl.RaftServerImpl (ServerState.java:setLeader(256)) - 365c74cf-9edf-4118-8168-00280e7ea799@group-5FDD7627343C: change Leader from null to a7c18b56-7bd4-4e97-bac5-a7861ed2f887 at term 2 for appendEntries, leader elected after 184ms
2019-10-18 07:11:03,453 [EventQueue-PipelineReportForPipelineReportHandler] INFO  pipeline.PipelineReportHandler (PipelineReportHandler.java:processPipelineReport(119)) - Pipeline PipelineID=c120ec2f-a83a-4e39-94f4-5fdd7627343c reported by 0e41e4d3-9bdd-41a7-a6da-f6547615f156{ip: 192.168.69.67, host: pr-hdds-1868-wx8dl-4219780377, networkLocation: /default-rack, certSerialId: null} with leaderId a7c18b56-7bd4-4e97-bac5-a7861ed2f887
2019-10-18 07:11:03,453 [EventQueue-PipelineReportForPipelineReportHandler] INFO  pipeline.PipelineReportHandler (PipelineReportHandler.java:processPipelineReport(119)) - Pipeline PipelineID=c120ec2f-a83a-4e39-94f4-5fdd7627343c reported by 365c74cf-9edf-4118-8168-00280e7ea799{ip: 192.168.69.67, host: pr-hdds-1868-wx8dl-4219780377, networkLocation: /default-rack, certSerialId: null} with leaderId a7c18b56-7bd4-4e97-bac5-a7861ed2f887
2019-10-18 07:11:03,453 [EventQueue-PipelineReportForPipelineReportHandler] INFO  pipeline.PipelineStateManager (PipelineStateManager.java:openPipeline(134)) - Pipeline Pipeline[ Id: c120ec2f-a83a-4e39-94f4-5fdd7627343c, Nodes: a7c18b56-7bd4-4e97-bac5-a7861ed2f887{ip: 192.168.69.67, host: pr-hdds-1868-wx8dl-4219780377, networkLocation: /default-rack, certSerialId: null}365c74cf-9edf-4118-8168-00280e7ea799{ip: 192.168.69.67, host: pr-hdds-1868-wx8dl-4219780377, networkLocation: /default-rack, certSerialId: null}0e41e4d3-9bdd-41a7-a6da-f6547615f156{ip: 192.168.69.67, host: pr-hdds-1868-wx8dl-4219780377, networkLocation: /default-rack, certSerialId: null}, Type:RATIS, Factor:THREE, State:OPEN] moved to OPEN state
2019-10-18 07:11:03,455 [grpc-default-executor-3] INFO  impl.RaftServerImpl (ServerState.java:setRaftConf(357)) - 0e41e4d3-9bdd-41a7-a6da-f6547615f156@group-5FDD7627343C: set configuration 0: [a7c18b56-7bd4-4e97-bac5-a7861ed2f887:192.168.69.67:34061, 0e41e4d3-9bdd-41a7-a6da-f6547615f156:192.168.69.67:46622, 365c74cf-9edf-4118-8168-00280e7ea799:192.168.69.67:37281], old=null at 0
2019-10-18 07:11:03,455 [grpc-default-executor-6] INFO  impl.RaftServerImpl (ServerState.java:setRaftConf(357)) - 365c74cf-9edf-4118-8168-00280e7ea799@group-5FDD7627343C: set configuration 0: [a7c18b56-7bd4-4e97-bac5-a7861ed2f887:192.168.69.67:34061, 0e41e4d3-9bdd-41a7-a6da-f6547615f156:192.168.69.67:46622, 365c74cf-9edf-4118-8168-00280e7ea799:192.168.69.67:37281], old=null at 0
2019-10-18 07:11:03,480 [grpc-default-executor-3] INFO  segmented.SegmentedRaftLogWorker (SegmentedRaftLogWorker.java:startLogSegment(385)) - 0e41e4d3-9bdd-41a7-a6da-f6547615f156@group-5FDD7627343C-SegmentedRaftLogWorker: Starting segment from index:0
2019-10-18 07:11:03,480 [grpc-default-executor-6] INFO  segmented.SegmentedRaftLogWorker (SegmentedRaftLogWorker.java:startLogSegment(385)) - 365c74cf-9edf-4118-8168-00280e7ea799@group-5FDD7627343C-SegmentedRaftLogWorker: Starting segment from index:0
2019-10-18 07:11:03,514 [365c74cf-9edf-4118-8168-00280e7ea799@group-5FDD7627343C-SegmentedRaftLogWorker] INFO  segmented.SegmentedRaftLogWorker (SegmentedRaftLogWorker.java:execute(576)) - 365c74cf-9edf-4118-8168-00280e7ea799@group-5FDD7627343C-SegmentedRaftLogWorker: created new log segment /workdir/hadoop-ozone/integration-test/target/test-dir/MiniOzoneClusterImpl-f89c2c08-6094-404b-a270-7fb2417667b2/datanode-0/data/ratis/c120ec2f-a83a-4e39-94f4-5fdd7627343c/current/log_inprogress_0
2019-10-18 07:11:03,514 [a7c18b56-7bd4-4e97-bac5-a7861ed2f887@group-5FDD7627343C-SegmentedRaftLogWorker] INFO  segmented.SegmentedRaftLogWorker (SegmentedRaftLogWorker.java:execute(576)) - a7c18b56-7bd4-4e97-bac5-a7861ed2f887@group-5FDD7627343C-SegmentedRaftLogWorker: created new log segment /workdir/hadoop-ozone/integration-test/target/test-dir/MiniOzoneClusterImpl-f89c2c08-6094-404b-a270-7fb2417667b2/datanode-2/data/ratis/c120ec2f-a83a-4e39-94f4-5fdd7627343c/current/log_inprogress_0
2019-10-18 07:11:03,514 [0e41e4d3-9bdd-41a7-a6da-f6547615f156@group-5FDD7627343C-SegmentedRaftLogWorker] INFO  segmented.SegmentedRaftLogWorker (SegmentedRaftLogWorker.java:execute(576)) - 0e41e4d3-9bdd-41a7-a6da-f6547615f156@group-5FDD7627343C-SegmentedRaftLogWorker: created new log segment /workdir/hadoop-ozone/integration-test/target/test-dir/MiniOzoneClusterImpl-f89c2c08-6094-404b-a270-7fb2417667b2/datanode-1/data/ratis/c120ec2f-a83a-4e39-94f4-5fdd7627343c/current/log_inprogress_0
2019-10-18 07:11:03,515 [a7c18b56-7bd4-4e97-bac5-a7861ed2f887@group-4D56D0FF4DD9-LeaderElection27] INFO  impl.LeaderElection (LeaderElection.java:logAndReturn(56)) - a7c18b56-7bd4-4e97-bac5-a7861ed2f887@group-4D56D0FF4DD9-LeaderElection27: Election REJECTED; received 2 response(s) [a7c18b56-7bd4-4e97-bac5-a7861ed2f887<-0e41e4d3-9bdd-41a7-a6da-f6547615f156#0:FAIL-t22, a7c18b56-7bd4-4e97-bac5-a7861ed2f887<-365c74cf-9edf-4118-8168-00280e7ea799#0:FAIL-t22] and 0 exception(s); a7c18b56-7bd4-4e97-bac5-a7861ed2f887@group-4D56D0FF4DD9:t22, leader=null, voted=a7c18b56-7bd4-4e97-bac5-a7861ed2f887, raftlog=a7c18b56-7bd4-4e97-bac5-a7861ed2f887@group-4D56D0FF4DD9-SegmentedRaftLog:OPENED:c3,f4,i4, conf=0: [a7c18b56-7bd4-4e97-bac5-a7861ed2f887:192.168.69.67:34061, 0e41e4d3-9bdd-41a7-a6da-f6547615f156:192.168.69.67:46622, 365c74cf-9edf-4118-8168-00280e7ea799:192.168.69.67:37281], old=null
2019-10-18 07:11:03,516 [a7c18b56-7bd4-4e97-bac5-a7861ed2f887@group-4D56D0FF4DD9-LeaderElection27] INFO  impl.RaftServerImpl (RaftServerImpl.java:setRole(184)) - a7c18b56-7bd4-4e97-bac5-a7861ed2f887@group-4D56D0FF4DD9: changes role from CANDIDATE to FOLLOWER at term 22 for DISCOVERED_A_NEW_TERM
2019-10-18 07:11:03,516 [a7c18b56-7bd4-4e97-bac5-a7861ed2f887@group-4D56D0FF4DD9-LeaderElection27] INFO  impl.RoleInfo (RoleInfo.java:shutdownLeaderElection(134)) - a7c18b56-7bd4-4e97-bac5-a7861ed2f887: shutdown LeaderElection
2019-10-18 07:11:03,516 [a7c18b56-7bd4-4e97-bac5-a7861ed2f887@group-4D56D0FF4DD9-LeaderElection27] INFO  impl.RoleInfo (RoleInfo.java:updateAndGet(143)) - a7c18b56-7bd4-4e97-bac5-a7861ed2f887: start FollowerState
2019-10-18 07:11:03,618 [Thread-731] INFO  impl.FollowerState (FollowerState.java:run(108)) - a7c18b56-7bd4-4e97-bac5-a7861ed2f887@group-4D56D0FF4DD9-FollowerState: change to CANDIDATE, lastRpcTime:102ms, electionTimeout:102ms
2019-10-18 07:11:03,620 [Thread-731] INFO  impl.RoleInfo (RoleInfo.java:shutdownFollowerState(121)) - a7c18b56-7bd4-4e97-bac5-a7861ed2f887: shutdown FollowerState
2019-10-18 07:11:03,620 [Thread-731] INFO  impl.RaftServerImpl (RaftServerImpl.java:setRole(184)) - a7c18b56-7bd4-4e97-bac5-a7861ed2f887@group-4D56D0FF4DD9: changes role from  FOLLOWER to CANDIDATE at term 22 for changeToCandidate
2019-10-18 07:11:03,620 [Thread-731] INFO  impl.RoleInfo (RoleInfo.java:updateAndGet(143)) - a7c18b56-7bd4-4e97-bac5-a7861ed2f887: start LeaderElection
2019-10-18 07:11:03,644 [a7c18b56-7bd4-4e97-bac5-a7861ed2f887@group-4D56D0FF4DD9-LeaderElection28] INFO  impl.LeaderElection (LeaderElection.java:askForVotes(178)) - a7c18b56-7bd4-4e97-bac5-a7861ed2f887@group-4D56D0FF4DD9-LeaderElection28: begin an election at term 23 for 0: [a7c18b56-7bd4-4e97-bac5-a7861ed2f887:192.168.69.67:34061, 0e41e4d3-9bdd-41a7-a6da-f6547615f156:192.168.69.67:46622, 365c74cf-9edf-4118-8168-00280e7ea799:192.168.69.67:37281], old=null
2019-10-18 07:11:03,647 [grpc-default-executor-8] INFO  impl.RaftServerImpl (RaftServerImpl.java:setRole(184)) - 0e41e4d3-9bdd-41a7-a6da-f6547615f156@group-4D56D0FF4DD9: changes role from  FOLLOWER to FOLLOWER at term 23 for recognizeCandidate:a7c18b56-7bd4-4e97-bac5-a7861ed2f887
2019-10-18 07:11:03,647 [grpc-default-executor-8] INFO  impl.RoleInfo (RoleInfo.java:shutdownFollowerState(121)) - 0e41e4d3-9bdd-41a7-a6da-f6547615f156: shutdown FollowerState
2019-10-18 07:11:03,647 [grpc-default-executor-0] INFO  impl.RaftServerImpl (RaftServerImpl.java:setRole(184)) - 365c74cf-9edf-4118-8168-00280e7ea799@group-4D56D0FF4DD9: changes role from  FOLLOWER to FOLLOWER at term 23 for recognizeCandidate:a7c18b56-7bd4-4e97-bac5-a7861ed2f887
2019-10-18 07:11:03,648 [Thread-723] INFO  impl.FollowerState (FollowerState.java:run(117)) - 0e41e4d3-9bdd-41a7-a6da-f6547615f156@group-4D56D0FF4DD9-FollowerState was interrupted: java.lang.InterruptedException: sleep interrupted
2019-10-18 07:11:03,648 [grpc-default-executor-8] INFO  impl.RoleInfo (RoleInfo.java:updateAndGet(143)) - 0e41e4d3-9bdd-41a7-a6da-f6547615f156: start FollowerState
2019-10-18 07:11:03,648 [grpc-default-executor-0] INFO  impl.RoleInfo (RoleInfo.java:shutdownFollowerState(121)) - 365c74cf-9edf-4118-8168-00280e7ea799: shutdown FollowerState
2019-10-18 07:11:03,648 [Thread-724] INFO  impl.FollowerState (FollowerState.java:run(117)) - 365c74cf-9edf-4118-8168-00280e7ea799@group-4D56D0FF4DD9-FollowerState was interrupted: java.lang.InterruptedException: sleep interrupted
2019-10-18 07:11:03,648 [grpc-default-executor-0] INFO  impl.RoleInfo (RoleInfo.java:updateAndGet(143)) - 365c74cf-9edf-4118-8168-00280e7ea799: start FollowerState
2019-10-18 07:11:03,664 [a7c18b56-7bd4-4e97-bac5-a7861ed2f887@group-4D56D0FF4DD9-LeaderElection28] INFO  impl.LeaderElection (LeaderElection.java:logAndReturn(56)) - a7c18b56-7bd4-4e97-bac5-a7861ed2f887@group-4D56D0FF4DD9-LeaderElection28: Election REJECTED; received 2 response(s) [a7c18b56-7bd4-4e97-bac5-a7861ed2f887<-0e41e4d3-9bdd-41a7-a6da-f6547615f156#0:FAIL-t23, a7c18b56-7bd4-4e97-bac5-a7861ed2f887<-365c74cf-9edf-4118-8168-00280e7ea799#0:FAIL-t23] and 0 exception(s); a7c18b56-7bd4-4e97-bac5-a7861ed2f887@group-4D56D0FF4DD9:t23, leader=null, voted=a7c18b56-7bd4-4e97-bac5-a7861ed2f887, raftlog=a7c18b56-7bd4-4e97-bac5-a7861ed2f887@group-4D56D0FF4DD9-SegmentedRaftLog:OPENED:c3,f4,i4, conf=0: [a7c18b56-7bd4-4e97-bac5-a7861ed2f887:192.168.69.67:34061, 0e41e4d3-9bdd-41a7-a6da-f6547615f156:192.168.69.67:46622, 365c74cf-9edf-4118-8168-00280e7ea799:192.168.69.67:37281], old=null
2019-10-18 07:11:03,664 [a7c18b56-7bd4-4e97-bac5-a7861ed2f887@group-4D56D0FF4DD9-LeaderElection28] INFO  impl.RaftServerImpl (RaftServerImpl.java:setRole(184)) - a7c18b56-7bd4-4e97-bac5-a7861ed2f887@group-4D56D0FF4DD9: changes role from CANDIDATE to FOLLOWER at term 23 for DISCOVERED_A_NEW_TERM
2019-10-18 07:11:03,664 [a7c18b56-7bd4-4e97-bac5-a7861ed2f887@group-4D56D0FF4DD9-LeaderElection28] INFO  impl.RoleInfo (RoleInfo.java:shutdownLeaderElection(134)) - a7c18b56-7bd4-4e97-bac5-a7861ed2f887: shutdown LeaderElection
2019-10-18 07:11:03,664 [a7c18b56-7bd4-4e97-bac5-a7861ed2f887@group-4D56D0FF4DD9-LeaderElection28] INFO  impl.RoleInfo (RoleInfo.java:updateAndGet(143)) - a7c18b56-7bd4-4e97-bac5-a7861ed2f887: start FollowerState
2019-10-18 07:11:03,740 [EventQueue-PendingDeleteStatusForPendingDeleteHandler] INFO  block.SCMBlockDeletingService (SCMBlockDeletingService.java:handlePendingDeletes(115)) - Block deletion txnID mismatch in datanode a7c18b56-7bd4-4e97-bac5-a7861ed2f887 for containerID 1. Datanode delete txnID: 0, SCM txnID: 1
2019-10-18 07:11:03,812 [Thread-739] INFO  impl.FollowerState (FollowerState.java:run(108)) - a7c18b56-7bd4-4e97-bac5-a7861ed2f887@group-4D56D0FF4DD9-FollowerState: change to CANDIDATE, lastRpcTime:147ms, electionTimeout:147ms
2019-10-18 07:11:03,812 [Thread-739] INFO  impl.RoleInfo (RoleInfo.java:shutdownFollowerState(121)) - a7c18b56-7bd4-4e97-bac5-a7861ed2f887: shutdown FollowerState
2019-10-18 07:11:03,812 [Thread-739] INFO  impl.RaftServerImpl (RaftServerImpl.java:setRole(184)) - a7c18b56-7bd4-4e97-bac5-a7861ed2f887@group-4D56D0FF4DD9: changes role from  FOLLOWER to CANDIDATE at term 23 for changeToCandidate
2019-10-18 07:11:03,812 [Thread-739] INFO  impl.RoleInfo (RoleInfo.java:updateAndGet(143)) - a7c18b56-7bd4-4e97-bac5-a7861ed2f887: start LeaderElection
2019-10-18 07:11:03,841 [a7c18b56-7bd4-4e97-bac5-a7861ed2f887@group-4D56D0FF4DD9-LeaderElection29] INFO  impl.LeaderElection (LeaderElection.java:askForVotes(178)) - a7c18b56-7bd4-4e97-bac5-a7861ed2f887@group-4D56D0FF4DD9-LeaderElection29: begin an election at term 24 for 0: [a7c18b56-7bd4-4e97-bac5-a7861ed2f887:192.168.69.67:34061, 0e41e4d3-9bdd-41a7-a6da-f6547615f156:192.168.69.67:46622, 365c74cf-9edf-4118-8168-00280e7ea799:192.168.69.67:37281], old=null
2019-10-18 07:11:03,844 [grpc-default-executor-8] INFO  impl.RaftServerImpl (RaftServerImpl.java:setRole(184)) - 365c74cf-9edf-4118-8168-00280e7ea799@group-4D56D0FF4DD9: changes role from  FOLLOWER to FOLLOWER at term 24 for recognizeCandidate:a7c18b56-7bd4-4e97-bac5-a7861ed2f887
2019-10-18 07:11:03,844 [grpc-default-executor-0] INFO  impl.RaftServerImpl (RaftServerImpl.java:setRole(184)) - 0e41e4d3-9bdd-41a7-a6da-f6547615f156@group-4D56D0FF4DD9: changes role from  FOLLOWER to FOLLOWER at term 24 for recognizeCandidate:a7c18b56-7bd4-4e97-bac5-a7861ed2f887
2019-10-18 07:11:03,844 [grpc-default-executor-8] INFO  impl.RoleInfo (RoleInfo.java:shutdownFollowerState(121)) - 365c74cf-9edf-4118-8168-00280e7ea799: shutdown FollowerState
2019-10-18 07:11:03,845 [grpc-default-executor-0] INFO  impl.RoleInfo (RoleInfo.java:shutdownFollowerState(121)) - 0e41e4d3-9bdd-41a7-a6da-f6547615f156: shutdown FollowerState
2019-10-18 07:11:03,845 [grpc-default-executor-8] INFO  impl.RoleInfo (RoleInfo.java:updateAndGet(143)) - 365c74cf-9edf-4118-8168-00280e7ea799: start FollowerState
2019-10-18 07:11:03,845 [Thread-737] INFO  impl.FollowerState (FollowerState.java:run(117)) - 0e41e4d3-9bdd-41a7-a6da-f6547615f156@group-4D56D0FF4DD9-FollowerState was interrupted: java.lang.InterruptedException: sleep interrupted
2019-10-18 07:11:03,845 [grpc-default-executor-0] INFO  impl.RoleInfo (RoleInfo.java:updateAndGet(143)) - 0e41e4d3-9bdd-41a7-a6da-f6547615f156: start FollowerState
2019-10-18 07:11:03,845 [Thread-738] INFO  impl.FollowerState (FollowerState.java:run(117)) - 365c74cf-9edf-4118-8168-00280e7ea799@group-4D56D0FF4DD9-FollowerState was interrupted: java.lang.InterruptedException: sleep interrupted
2019-10-18 07:11:03,860 [a7c18b56-7bd4-4e97-bac5-a7861ed2f887@group-4D56D0FF4DD9-LeaderElection29] INFO  impl.LeaderElection (LeaderElection.java:logAndReturn(56)) - a7c18b56-7bd4-4e97-bac5-a7861ed2f887@group-4D56D0FF4DD9-LeaderElection29: Election REJECTED; received 2 response(s) [a7c18b56-7bd4-4e97-bac5-a7861ed2f887<-0e41e4d3-9bdd-41a7-a6da-f6547615f156#0:FAIL-t24, a7c18b56-7bd4-4e97-bac5-a7861ed2f887<-365c74cf-9edf-4118-8168-00280e7ea799#0:FAIL-t24] and 0 exception(s); a7c18b56-7bd4-4e97-bac5-a7861ed2f887@group-4D56D0FF4DD9:t24, leader=null, voted=a7c18b56-7bd4-4e97-bac5-a7861ed2f887, raftlog=a7c18b56-7bd4-4e97-bac5-a7861ed2f887@group-4D56D0FF4DD9-SegmentedRaftLog:OPENED:c3,f4,i4, conf=0: [a7c18b56-7bd4-4e97-bac5-a7861ed2f887:192.168.69.67:34061, 0e41e4d3-9bdd-41a7-a6da-f6547615f156:192.168.69.67:46622, 365c74cf-9edf-4118-8168-00280e7ea799:192.168.69.67:37281], old=null
2019-10-18 07:11:03,861 [a7c18b56-7bd4-4e97-bac5-a7861ed2f887@group-4D56D0FF4DD9-LeaderElection29] INFO  impl.RaftServerImpl (RaftServerImpl.java:setRole(184)) - a7c18b56-7bd4-4e97-bac5-a7861ed2f887@group-4D56D0FF4DD9: changes role from CANDIDATE to FOLLOWER at term 24 for DISCOVERED_A_NEW_TERM
2019-10-18 07:11:03,861 [a7c18b56-7bd4-4e97-bac5-a7861ed2f887@group-4D56D0FF4DD9-LeaderElection29] INFO  impl.RoleInfo (RoleInfo.java:shutdownLeaderElection(134)) - a7c18b56-7bd4-4e97-bac5-a7861ed2f887: shutdown LeaderElection
2019-10-18 07:11:03,861 [a7c18b56-7bd4-4e97-bac5-a7861ed2f887@group-4D56D0FF4DD9-LeaderElection29] INFO  impl.RoleInfo (RoleInfo.java:updateAndGet(143)) - a7c18b56-7bd4-4e97-bac5-a7861ed2f887: start FollowerState
2019-10-18 07:11:03,940 [EventQueue-PendingDeleteStatusForPendingDeleteHandler] INFO  block.SCMBlockDeletingService (SCMBlockDeletingService.java:handlePendingDeletes(115)) - Block deletion txnID mismatch in datanode a7c18b56-7bd4-4e97-bac5-a7861ed2f887 for containerID 1. Datanode delete txnID: 0, SCM txnID: 1
2019-10-18 07:11:04,000 [Thread-748] INFO  client.GrpcClientProtocolService (GrpcClientProtocolService.java:lambda$processClientRequest$0(278)) - Failed RaftClientRequest:client-23AD7B0CD45D->0e41e4d3-9bdd-41a7-a6da-f6547615f156@group-4D56D0FF4DD9, cid=10, seq=0, Watch-ALL_COMMITTED(6), Message:<EMPTY>, reply=RaftClientReply:client-23AD7B0CD45D->0e41e4d3-9bdd-41a7-a6da-f6547615f156@group-4D56D0FF4DD9, cid=10, FAILED org.apache.ratis.protocol.NotLeaderException: Server 0e41e4d3-9bdd-41a7-a6da-f6547615f156@group-4D56D0FF4DD9 is not the leader, logIndex=0, commits[0e41e4d3-9bdd-41a7-a6da-f6547615f156:c10, a7c18b56-7bd4-4e97-bac5-a7861ed2f887:c4, 365c74cf-9edf-4118-8168-00280e7ea799:c10]
2019-10-18 07:11:04,005 [Thread-745] INFO  impl.FollowerState (FollowerState.java:run(108)) - a7c18b56-7bd4-4e97-bac5-a7861ed2f887@group-4D56D0FF4DD9-FollowerState: change to CANDIDATE, lastRpcTime:143ms, electionTimeout:143ms
2019-10-18 07:11:04,006 [Thread-745] INFO  impl.RoleInfo (RoleInfo.java:shutdownFollowerState(121)) - a7c18b56-7bd4-4e97-bac5-a7861ed2f887: shutdown FollowerState
2019-10-18 07:11:04,006 [Thread-745] INFO  impl.RaftServerImpl (RaftServerImpl.java:setRole(184)) - a7c18b56-7bd4-4e97-bac5-a7861ed2f887@group-4D56D0FF4DD9: changes role from  FOLLOWER to CANDIDATE at term 24 for changeToCandidate
2019-10-18 07:11:04,006 [Thread-745] INFO  impl.RoleInfo (RoleInfo.java:updateAndGet(143)) - a7c18b56-7bd4-4e97-bac5-a7861ed2f887: start LeaderElection
2019-10-18 07:11:04,020 [a7c18b56-7bd4-4e97-bac5-a7861ed2f887@group-4D56D0FF4DD9-LeaderElection30] INFO  impl.LeaderElection (LeaderElection.java:askForVotes(178)) - a7c18b56-7bd4-4e97-bac5-a7861ed2f887@group-4D56D0FF4DD9-LeaderElection30: begin an election at term 25 for 0: [a7c18b56-7bd4-4e97-bac5-a7861ed2f887:192.168.69.67:34061, 0e41e4d3-9bdd-41a7-a6da-f6547615f156:192.168.69.67:46622, 365c74cf-9edf-4118-8168-00280e7ea799:192.168.69.67:37281], old=null
2019-10-18 07:11:04,023 [grpc-default-executor-0] INFO  impl.RaftServerImpl (RaftServerImpl.java:setRole(184)) - 365c74cf-9edf-4118-8168-00280e7ea799@group-4D56D0FF4DD9: changes role from  FOLLOWER to FOLLOWER at term 25 for recognizeCandidate:a7c18b56-7bd4-4e97-bac5-a7861ed2f887
2019-10-18 07:11:04,023 [grpc-default-executor-8] INFO  impl.RaftServerImpl (RaftServerImpl.java:setRole(184)) - 0e41e4d3-9bdd-41a7-a6da-f6547615f156@group-4D56D0FF4DD9: changes role from  FOLLOWER to FOLLOWER at term 25 for recognizeCandidate:a7c18b56-7bd4-4e97-bac5-a7861ed2f887
2019-10-18 07:11:04,024 [grpc-default-executor-8] INFO  impl.RoleInfo (RoleInfo.java:shutdownFollowerState(121)) - 0e41e4d3-9bdd-41a7-a6da-f6547615f156: shutdown FollowerState
2019-10-18 07:11:04,024 [grpc-default-executor-0] INFO  impl.RoleInfo (RoleInfo.java:shutdownFollowerState(121)) - 365c74cf-9edf-4118-8168-00280e7ea799: shutdown FollowerState
2019-10-18 07:11:04,024 [Thread-744] INFO  impl.FollowerState (FollowerState.java:run(117)) - 0e41e4d3-9bdd-41a7-a6da-f6547615f156@group-4D56D0FF4DD9-FollowerState was interrupted: java.lang.InterruptedException: sleep interrupted
2019-10-18 07:11:04,024 [grpc-default-executor-0] INFO  impl.RoleInfo (RoleInfo.java:updateAndGet(143)) - 365c74cf-9edf-4118-8168-00280e7ea799: start FollowerState
2019-10-18 07:11:04,024 [grpc-default-executor-8] INFO  impl.RoleInfo (RoleInfo.java:updateAndGet(143)) - 0e41e4d3-9bdd-41a7-a6da-f6547615f156: start FollowerState
2019-10-18 07:11:04,024 [Thread-743] INFO  impl.FollowerState (FollowerState.java:run(117)) - 365c74cf-9edf-4118-8168-00280e7ea799@group-4D56D0FF4DD9-FollowerState was interrupted: java.lang.InterruptedException: sleep interrupted
2019-10-18 07:11:04,035 [Command processor thread] INFO  commandhandler.DeleteBlocksCommandHandler (DeleteBlocksCommandHandler.java:handle(106)) - Start to delete container blocks, TXIDs=[1(0)], numOfContainers=1, numOfBlocks=1
2019-10-18 07:11:04,036 [a7c18b56-7bd4-4e97-bac5-a7861ed2f887@group-4D56D0FF4DD9-LeaderElection30] INFO  impl.LeaderElection (LeaderElection.java:logAndReturn(56)) - a7c18b56-7bd4-4e97-bac5-a7861ed2f887@group-4D56D0FF4DD9-LeaderElection30: Election REJECTED; received 2 response(s) [a7c18b56-7bd4-4e97-bac5-a7861ed2f887<-0e41e4d3-9bdd-41a7-a6da-f6547615f156#0:FAIL-t25, a7c18b56-7bd4-4e97-bac5-a7861ed2f887<-365c74cf-9edf-4118-8168-00280e7ea799#0:FAIL-t25] and 0 exception(s); a7c18b56-7bd4-4e97-bac5-a7861ed2f887@group-4D56D0FF4DD9:t25, leader=null, voted=a7c18b56-7bd4-4e97-bac5-a7861ed2f887, raftlog=a7c18b56-7bd4-4e97-bac5-a7861ed2f887@group-4D56D0FF4DD9-SegmentedRaftLog:OPENED:c3,f4,i4, conf=0: [a7c18b56-7bd4-4e97-bac5-a7861ed2f887:192.168.69.67:34061, 0e41e4d3-9bdd-41a7-a6da-f6547615f156:192.168.69.67:46622, 365c74cf-9edf-4118-8168-00280e7ea799:192.168.69.67:37281], old=null
2019-10-18 07:11:04,036 [a7c18b56-7bd4-4e97-bac5-a7861ed2f887@group-4D56D0FF4DD9-LeaderElection30] INFO  impl.RaftServerImpl (RaftServerImpl.java:setRole(184)) - a7c18b56-7bd4-4e97-bac5-a7861ed2f887@group-4D56D0FF4DD9: changes role from CANDIDATE to FOLLOWER at term 25 for DISCOVERED_A_NEW_TERM
2019-10-18 07:11:04,036 [a7c18b56-7bd4-4e97-bac5-a7861ed2f887@group-4D56D0FF4DD9-LeaderElection30] INFO  impl.RoleInfo (RoleInfo.java:shutdownLeaderElection(134)) - a7c18b56-7bd4-4e97-bac5-a7861ed2f887: shutdown LeaderElection
2019-10-18 07:11:04,036 [Command processor thread] INFO  commandhandler.DeleteBlocksCommandHandler (DeleteBlocksCommandHandler.java:handle(106)) - Start to delete container blocks, TXIDs=[1(2)], numOfContainers=1, numOfBlocks=1
2019-10-18 07:11:04,037 [a7c18b56-7bd4-4e97-bac5-a7861ed2f887@group-4D56D0FF4DD9-LeaderElection30] INFO  impl.RoleInfo (RoleInfo.java:updateAndGet(143)) - a7c18b56-7bd4-4e97-bac5-a7861ed2f887: start FollowerState
2019-10-18 07:11:04,037 [Command processor thread] INFO  commandhandler.DeleteBlocksCommandHandler (DeleteBlocksCommandHandler.java:handle(106)) - Start to delete container blocks, TXIDs=[1(0)], numOfContainers=1, numOfBlocks=1
2019-10-18 07:11:04,037 [Command processor thread] INFO  commandhandler.DeleteBlocksCommandHandler (DeleteBlocksCommandHandler.java:handle(106)) - Start to delete container blocks, TXIDs=[1(2)], numOfContainers=1, numOfBlocks=1
2019-10-18 07:11:04,037 [Command processor thread] INFO  commandhandler.DeleteBlocksCommandHandler (DeleteBlocksCommandHandler.java:handle(106)) - Start to delete container blocks, TXIDs=[1(4)], numOfContainers=1, numOfBlocks=1
2019-10-18 07:11:04,037 [Command processor thread] INFO  commandhandler.DeleteBlocksCommandHandler (DeleteBlocksCommandHandler.java:handle(106)) - Start to delete container blocks, TXIDs=[1(0)], numOfContainers=1, numOfBlocks=1
2019-10-18 07:11:04,038 [Command processor thread] INFO  commandhandler.DeleteBlocksCommandHandler (DeleteBlocksCommandHandler.java:handle(106)) - Start to delete container blocks, TXIDs=[1(5)], numOfContainers=1, numOfBlocks=1
2019-10-18 07:11:04,038 [Command processor thread] INFO  commandhandler.DeleteBlocksCommandHandler (DeleteBlocksCommandHandler.java:handle(106)) - Start to delete container blocks, TXIDs=[1(2)], numOfContainers=1, numOfBlocks=1
2019-10-18 07:11:04,038 [Command processor thread] INFO  commandhandler.DeleteBlocksCommandHandler (DeleteBlocksCommandHandler.java:handle(106)) - Start to delete container blocks, TXIDs=[1(0)], numOfContainers=1, numOfBlocks=1
2019-10-18 07:11:04,038 [Command processor thread] INFO  commandhandler.DeleteBlocksCommandHandler (DeleteBlocksCommandHandler.java:handle(106)) - Start to delete container blocks, TXIDs=[1(4)], numOfContainers=1, numOfBlocks=1
2019-10-18 07:11:04,038 [Command processor thread] INFO  commandhandler.DeleteBlocksCommandHandler (DeleteBlocksCommandHandler.java:handle(106)) - Start to delete container blocks, TXIDs=[1(0)], numOfContainers=1, numOfBlocks=1
2019-10-18 07:11:04,039 [Command processor thread] INFO  commandhandler.DeleteBlocksCommandHandler (DeleteBlocksCommandHandler.java:handle(106)) - Start to delete container blocks, TXIDs=[1(2)], numOfContainers=1, numOfBlocks=1
2019-10-18 07:11:04,039 [Command processor thread] INFO  commandhandler.DeleteBlocksCommandHandler (DeleteBlocksCommandHandler.java:handle(106)) - Start to delete container blocks, TXIDs=[1(4)], numOfContainers=1, numOfBlocks=1
2019-10-18 07:11:04,039 [Command processor thread] INFO  commandhandler.DeleteBlocksCommandHandler (DeleteBlocksCommandHandler.java:handle(106)) - Start to delete container blocks, TXIDs=[1(5)], numOfContainers=1, numOfBlocks=1
2019-10-18 07:11:04,039 [Command processor thread] INFO  commandhandler.DeleteBlocksCommandHandler (DeleteBlocksCommandHandler.java:handle(106)) - Start to delete container blocks, TXIDs=[1(5)], numOfContainers=1, numOfBlocks=1
2019-10-18 07:11:04,039 [Command processor thread] INFO  commandhandler.DeleteBlocksCommandHandler (DeleteBlocksCommandHandler.java:handle(106)) - Start to delete container blocks, TXIDs=[1(0)], numOfContainers=1, numOfBlocks=1
2019-10-18 07:11:04,039 [Command processor thread] INFO  commandhandler.DeleteBlocksCommandHandler (DeleteBlocksCommandHandler.java:handle(106)) - Start to delete container blocks, TXIDs=[1(4)], numOfContainers=1, numOfBlocks=1
2019-10-18 07:11:04,040 [Command processor thread] INFO  commandhandler.DeleteBlocksCommandHandler (DeleteBlocksCommandHandler.java:handle(106)) - Start to delete container blocks, TXIDs=[1(2)], numOfContainers=1, numOfBlocks=1
2019-10-18 07:11:04,040 [Command processor thread] INFO  commandhandler.DeleteBlocksCommandHandler (DeleteBlocksCommandHandler.java:handle(106)) - Start to delete container blocks, TXIDs=[1(5)], numOfContainers=1, numOfBlocks=1
2019-10-18 07:11:04,040 [Command processor thread] INFO  commandhandler.DeleteBlocksCommandHandler (DeleteBlocksCommandHandler.java:handle(106)) - Start to delete container blocks, TXIDs=[1(5)], numOfContainers=1, numOfBlocks=1
2019-10-18 07:11:04,040 [Command processor thread] INFO  commandhandler.DeleteBlocksCommandHandler (DeleteBlocksCommandHandler.java:handle(106)) - Start to delete container blocks, TXIDs=[1(5)], numOfContainers=1, numOfBlocks=1
2019-10-18 07:11:04,040 [Command processor thread] INFO  commandhandler.DeleteBlocksCommandHandler (DeleteBlocksCommandHandler.java:handle(106)) - Start to delete container blocks, TXIDs=[1(0)], numOfContainers=1, numOfBlocks=1
2019-10-18 07:11:04,040 [Command processor thread] INFO  commandhandler.DeleteBlocksCommandHandler (DeleteBlocksCommandHandler.java:handle(106)) - Start to delete container blocks, TXIDs=[1(4)], numOfContainers=1, numOfBlocks=1
2019-10-18 07:11:04,041 [Command processor thread] INFO  commandhandler.DeleteBlocksCommandHandler (DeleteBlocksCommandHandler.java:handle(106)) - Start to delete container blocks, TXIDs=[1(5)], numOfContainers=1, numOfBlocks=1
2019-10-18 07:11:04,041 [Command processor thread] INFO  commandhandler.DeleteBlocksCommandHandler (DeleteBlocksCommandHandler.java:handle(106)) - Start to delete container blocks, TXIDs=[1(27)], numOfContainers=1, numOfBlocks=1
2019-10-18 07:11:04,041 [Command processor thread] INFO  commandhandler.DeleteBlocksCommandHandler (DeleteBlocksCommandHandler.java:handle(106)) - Start to delete container blocks, TXIDs=[1(5)], numOfContainers=1, numOfBlocks=1
2019-10-18 07:11:04,041 [Command processor thread] INFO  commandhandler.DeleteBlocksCommandHandler (DeleteBlocksCommandHandler.java:handle(106)) - Start to delete container blocks, TXIDs=[1(5)], numOfContainers=1, numOfBlocks=1
2019-10-18 07:11:04,041 [Command processor thread] INFO  commandhandler.DeleteBlocksCommandHandler (DeleteBlocksCommandHandler.java:handle(106)) - Start to delete container blocks, TXIDs=[1(2)], numOfContainers=1, numOfBlocks=1
2019-10-18 07:11:04,136 [Thread-755] INFO  impl.FollowerState (FollowerState.java:run(108)) - a7c18b56-7bd4-4e97-bac5-a7861ed2f887@group-4D56D0FF4DD9-FollowerState: change to CANDIDATE, lastRpcTime:100ms, electionTimeout:99ms
2019-10-18 07:11:04,137 [Thread-755] INFO  impl.RoleInfo (RoleInfo.java:shutdownFollowerState(121)) - a7c18b56-7bd4-4e97-bac5-a7861ed2f887: shutdown FollowerState
2019-10-18 07:11:04,137 [Thread-755] INFO  impl.RaftServerImpl (RaftServerImpl.java:setRole(184)) - a7c18b56-7bd4-4e97-bac5-a7861ed2f887@group-4D56D0FF4DD9: changes role from  FOLLOWER to CANDIDATE at term 25 for changeToCandidate
2019-10-18 07:11:04,137 [Thread-755] INFO  impl.RoleInfo (RoleInfo.java:updateAndGet(143)) - a7c18b56-7bd4-4e97-bac5-a7861ed2f887: start LeaderElection
2019-10-18 07:11:04,138 [EventQueue-DeleteBlockStatusForDeletedBlockLogImpl] WARN  block.DeletedBlockLogImpl (DeletedBlockLogImpl.java:commitTransactions(205)) - Transaction txId=1 commit by dnId=a7c18b56-7bd4-4e97-bac5-a7861ed2f887 for containerID=#1 failed. Corresponding entry not found.
2019-10-18 07:11:04,138 [EventQueue-DeleteBlockStatusForDeletedBlockLogImpl] WARN  block.DeletedBlockLogImpl (DeletedBlockLogImpl.java:commitTransactions(205)) - Transaction txId=1 commit by dnId=a7c18b56-7bd4-4e97-bac5-a7861ed2f887 for containerID=#1 failed. Corresponding entry not found.
2019-10-18 07:11:04,138 [EventQueue-DeleteBlockStatusForDeletedBlockLogImpl] WARN  block.DeletedBlockLogImpl (DeletedBlockLogImpl.java:commitTransactions(205)) - Transaction txId=1 commit by dnId=a7c18b56-7bd4-4e97-bac5-a7861ed2f887 for containerID=#1 failed. Corresponding entry not found.
2019-10-18 07:11:04,139 [EventQueue-DeleteBlockStatusForDeletedBlockLogImpl] WARN  block.DeletedBlockLogImpl (DeletedBlockLogImpl.java:commitTransactions(205)) - Transaction txId=1 commit by dnId=a7c18b56-7bd4-4e97-bac5-a7861ed2f887 for containerID=#1 failed. Corresponding entry not found.
2019-10-18 07:11:04,139 [EventQueue-DeleteBlockStatusForDeletedBlockLogImpl] WARN  block.DeletedBlockLogImpl (DeletedBlockLogImpl.java:commitTransactions(205)) - Transaction txId=1 commit by dnId=a7c18b56-7bd4-4e97-bac5-a7861ed2f887 for containerID=#1 failed. Corresponding entry not found.
2019-10-18 07:11:04,139 [EventQueue-DeleteBlockStatusForDeletedBlockLogImpl] WARN  block.DeletedBlockLogImpl (DeletedBlockLogImpl.java:commitTransactions(205)) - Transaction txId=1 commit by dnId=a7c18b56-7bd4-4e97-bac5-a7861ed2f887 for containerID=#1 failed. Corresponding entry not found.
2019-10-18 07:11:04,142 [BlockDeletingService#2] WARN  background.BlockDeletingService (BlockDeletingService.java:isDeletionAllowed(187)) - Close Container log Index 6 is not replicated across allthe servers in the pipeline 5b98df48-0bd5-4e4e-b730-4d56d0ff4dd9 as the min replicated index is 4. Deletion is not allowed in this container yet.
2019-10-18 07:11:04,142 [BlockDeletingService#2] WARN  background.BlockDeletingService (BlockDeletingService.java:isDeletionAllowed(187)) - Close Container log Index 6 is not replicated across allthe servers in the pipeline 5b98df48-0bd5-4e4e-b730-4d56d0ff4dd9 as the min replicated index is 4. Deletion is not allowed in this container yet.
2019-10-18 07:11:04,163 [a7c18b56-7bd4-4e97-bac5-a7861ed2f887@group-4D56D0FF4DD9-LeaderElection31] INFO  impl.LeaderElection (LeaderElection.java:askForVotes(178)) - a7c18b56-7bd4-4e97-bac5-a7861ed2f887@group-4D56D0FF4DD9-LeaderElection31: begin an election at term 26 for 0: [a7c18b56-7bd4-4e97-bac5-a7861ed2f887:192.168.69.67:34061, 0e41e4d3-9bdd-41a7-a6da-f6547615f156:192.168.69.67:46622, 365c74cf-9edf-4118-8168-00280e7ea799:192.168.69.67:37281], old=null
2019-10-18 07:11:04,166 [grpc-default-executor-8] INFO  impl.RaftServerImpl (RaftServerImpl.java:setRole(184)) - 365c74cf-9edf-4118-8168-00280e7ea799@group-4D56D0FF4DD9: changes role from  FOLLOWER to FOLLOWER at term 26 for recognizeCandidate:a7c18b56-7bd4-4e97-bac5-a7861ed2f887
2019-10-18 07:11:04,166 [grpc-default-executor-8] INFO  impl.RoleInfo (RoleInfo.java:shutdownFollowerState(121)) - 365c74cf-9edf-4118-8168-00280e7ea799: shutdown FollowerState
2019-10-18 07:11:04,166 [grpc-default-executor-0] INFO  impl.RaftServerImpl (RaftServerImpl.java:setRole(184)) - 0e41e4d3-9bdd-41a7-a6da-f6547615f156@group-4D56D0FF4DD9: changes role from  FOLLOWER to FOLLOWER at term 26 for recognizeCandidate:a7c18b56-7bd4-4e97-bac5-a7861ed2f887
2019-10-18 07:11:04,166 [grpc-default-executor-8] INFO  impl.RoleInfo (RoleInfo.java:updateAndGet(143)) - 365c74cf-9edf-4118-8168-00280e7ea799: start FollowerState
2019-10-18 07:11:04,166 [Thread-754] INFO  impl.FollowerState (FollowerState.java:run(117)) - 365c74cf-9edf-4118-8168-00280e7ea799@group-4D56D0FF4DD9-FollowerState was interrupted: java.lang.InterruptedException: sleep interrupted
2019-10-18 07:11:04,167 [grpc-default-executor-0] INFO  impl.RoleInfo (RoleInfo.java:shutdownFollowerState(121)) - 0e41e4d3-9bdd-41a7-a6da-f6547615f156: shutdown FollowerState
2019-10-18 07:11:04,167 [Thread-753] INFO  impl.FollowerState (FollowerState.java:run(117)) - 0e41e4d3-9bdd-41a7-a6da-f6547615f156@group-4D56D0FF4DD9-FollowerState was interrupted: java.lang.InterruptedException: sleep interrupted
2019-10-18 07:11:04,167 [grpc-default-executor-0] INFO  impl.RoleInfo (RoleInfo.java:updateAndGet(143)) - 0e41e4d3-9bdd-41a7-a6da-f6547615f156: start FollowerState
2019-10-18 07:11:04,182 [a7c18b56-7bd4-4e97-bac5-a7861ed2f887@group-4D56D0FF4DD9-LeaderElection31] INFO  impl.LeaderElection (LeaderElection.java:logAndReturn(56)) - a7c18b56-7bd4-4e97-bac5-a7861ed2f887@group-4D56D0FF4DD9-LeaderElection31: Election REJECTED; received 2 response(s) [a7c18b56-7bd4-4e97-bac5-a7861ed2f887<-0e41e4d3-9bdd-41a7-a6da-f6547615f156#0:FAIL-t26, a7c18b56-7bd4-4e97-bac5-a7861ed2f887<-365c74cf-9edf-4118-8168-00280e7ea799#0:FAIL-t26] and 0 exception(s); a7c18b56-7bd4-4e97-bac5-a7861ed2f887@group-4D56D0FF4DD9:t26, leader=null, voted=a7c18b56-7bd4-4e97-bac5-a7861ed2f887, raftlog=a7c18b56-7bd4-4e97-bac5-a7861ed2f887@group-4D56D0FF4DD9-SegmentedRaftLog:OPENED:c3,f4,i4, conf=0: [a7c18b56-7bd4-4e97-bac5-a7861ed2f887:192.168.69.67:34061, 0e41e4d3-9bdd-41a7-a6da-f6547615f156:192.168.69.67:46622, 365c74cf-9edf-4118-8168-00280e7ea799:192.168.69.67:37281], old=null
2019-10-18 07:11:04,182 [a7c18b56-7bd4-4e97-bac5-a7861ed2f887@group-4D56D0FF4DD9-LeaderElection31] INFO  impl.RaftServerImpl (RaftServerImpl.java:setRole(184)) - a7c18b56-7bd4-4e97-bac5-a7861ed2f887@group-4D56D0FF4DD9: changes role from CANDIDATE to FOLLOWER at term 26 for DISCOVERED_A_NEW_TERM
2019-10-18 07:11:04,182 [a7c18b56-7bd4-4e97-bac5-a7861ed2f887@group-4D56D0FF4DD9-LeaderElection31] INFO  impl.RoleInfo (RoleInfo.java:shutdownLeaderElection(134)) - a7c18b56-7bd4-4e97-bac5-a7861ed2f887: shutdown LeaderElection
2019-10-18 07:11:04,182 [a7c18b56-7bd4-4e97-bac5-a7861ed2f887@group-4D56D0FF4DD9-LeaderElection31] INFO  impl.RoleInfo (RoleInfo.java:updateAndGet(143)) - a7c18b56-7bd4-4e97-bac5-a7861ed2f887: start FollowerState
2019-10-18 07:11:04,270 [Thread-763] INFO  impl.FollowerState (FollowerState.java:run(108)) - a7c18b56-7bd4-4e97-bac5-a7861ed2f887@group-4D56D0FF4DD9-FollowerState: change to CANDIDATE, lastRpcTime:87ms, electionTimeout:87ms
2019-10-18 07:11:04,275 [Thread-763] INFO  impl.RoleInfo (RoleInfo.java:shutdownFollowerState(121)) - a7c18b56-7bd4-4e97-bac5-a7861ed2f887: shutdown FollowerState
2019-10-18 07:11:04,275 [Thread-763] INFO  impl.RaftServerImpl (RaftServerImpl.java:setRole(184)) - a7c18b56-7bd4-4e97-bac5-a7861ed2f887@group-4D56D0FF4DD9: changes role from  FOLLOWER to CANDIDATE at term 26 for changeToCandidate
2019-10-18 07:11:04,276 [Thread-763] INFO  impl.RoleInfo (RoleInfo.java:updateAndGet(143)) - a7c18b56-7bd4-4e97-bac5-a7861ed2f887: start LeaderElection
2019-10-18 07:11:04,289 [a7c18b56-7bd4-4e97-bac5-a7861ed2f887@group-4D56D0FF4DD9-LeaderElection32] INFO  impl.LeaderElection (LeaderElection.java:askForVotes(178)) - a7c18b56-7bd4-4e97-bac5-a7861ed2f887@group-4D56D0FF4DD9-LeaderElection32: begin an election at term 27 for 0: [a7c18b56-7bd4-4e97-bac5-a7861ed2f887:192.168.69.67:34061, 0e41e4d3-9bdd-41a7-a6da-f6547615f156:192.168.69.67:46622, 365c74cf-9edf-4118-8168-00280e7ea799:192.168.69.67:37281], old=null
2019-10-18 07:11:04,292 [grpc-default-executor-0] INFO  impl.RaftServerImpl (RaftServerImpl.java:setRole(184)) - 365c74cf-9edf-4118-8168-00280e7ea799@group-4D56D0FF4DD9: changes role from  FOLLOWER to FOLLOWER at term 27 for recognizeCandidate:a7c18b56-7bd4-4e97-bac5-a7861ed2f887
2019-10-18 07:11:04,292 [grpc-default-executor-8] INFO  impl.RaftServerImpl (RaftServerImpl.java:setRole(184)) - 0e41e4d3-9bdd-41a7-a6da-f6547615f156@group-4D56D0FF4DD9: changes role from  FOLLOWER to FOLLOWER at term 27 for recognizeCandidate:a7c18b56-7bd4-4e97-bac5-a7861ed2f887
2019-10-18 07:11:04,292 [grpc-default-executor-0] INFO  impl.RoleInfo (RoleInfo.java:shutdownFollowerState(121)) - 365c74cf-9edf-4118-8168-00280e7ea799: shutdown FollowerState
2019-10-18 07:11:04,292 [grpc-default-executor-8] INFO  impl.RoleInfo (RoleInfo.java:shutdownFollowerState(121)) - 0e41e4d3-9bdd-41a7-a6da-f6547615f156: shutdown FollowerState
2019-10-18 07:11:04,292 [grpc-default-executor-0] INFO  impl.RoleInfo (RoleInfo.java:updateAndGet(143)) - 365c74cf-9edf-4118-8168-00280e7ea799: start FollowerState
2019-10-18 07:11:04,292 [Thread-761] INFO  impl.FollowerState (FollowerState.java:run(117)) - 365c74cf-9edf-4118-8168-00280e7ea799@group-4D56D0FF4DD9-FollowerState was interrupted: java.lang.InterruptedException: sleep interrupted
2019-10-18 07:11:04,292 [grpc-default-executor-8] INFO  impl.RoleInfo (RoleInfo.java:updateAndGet(143)) - 0e41e4d3-9bdd-41a7-a6da-f6547615f156: start FollowerState
2019-10-18 07:11:04,292 [Thread-762] INFO  impl.FollowerState (FollowerState.java:run(117)) - 0e41e4d3-9bdd-41a7-a6da-f6547615f156@group-4D56D0FF4DD9-FollowerState was interrupted: java.lang.InterruptedException: sleep interrupted
2019-10-18 07:11:04,309 [a7c18b56-7bd4-4e97-bac5-a7861ed2f887@group-4D56D0FF4DD9-LeaderElection32] INFO  impl.LeaderElection (LeaderElection.java:logAndReturn(56)) - a7c18b56-7bd4-4e97-bac5-a7861ed2f887@group-4D56D0FF4DD9-LeaderElection32: Election REJECTED; received 2 response(s) [a7c18b56-7bd4-4e97-bac5-a7861ed2f887<-0e41e4d3-9bdd-41a7-a6da-f6547615f156#0:FAIL-t27, a7c18b56-7bd4-4e97-bac5-a7861ed2f887<-365c74cf-9edf-4118-8168-00280e7ea799#0:FAIL-t27] and 0 exception(s); a7c18b56-7bd4-4e97-bac5-a7861ed2f887@group-4D56D0FF4DD9:t27, leader=null, voted=a7c18b56-7bd4-4e97-bac5-a7861ed2f887, raftlog=a7c18b56-7bd4-4e97-bac5-a7861ed2f887@group-4D56D0FF4DD9-SegmentedRaftLog:OPENED:c3,f4,i4, conf=0: [a7c18b56-7bd4-4e97-bac5-a7861ed2f887:192.168.69.67:34061, 0e41e4d3-9bdd-41a7-a6da-f6547615f156:192.168.69.67:46622, 365c74cf-9edf-4118-8168-00280e7ea799:192.168.69.67:37281], old=null
2019-10-18 07:11:04,309 [a7c18b56-7bd4-4e97-bac5-a7861ed2f887@group-4D56D0FF4DD9-LeaderElection32] INFO  impl.RaftServerImpl (RaftServerImpl.java:setRole(184)) - a7c18b56-7bd4-4e97-bac5-a7861ed2f887@group-4D56D0FF4DD9: changes role from CANDIDATE to FOLLOWER at term 27 for DISCOVERED_A_NEW_TERM
2019-10-18 07:11:04,309 [a7c18b56-7bd4-4e97-bac5-a7861ed2f887@group-4D56D0FF4DD9-LeaderElection32] INFO  impl.RoleInfo (RoleInfo.java:shutdownLeaderElection(134)) - a7c18b56-7bd4-4e97-bac5-a7861ed2f887: shutdown LeaderElection
2019-10-18 07:11:04,309 [a7c18b56-7bd4-4e97-bac5-a7861ed2f887@group-4D56D0FF4DD9-LeaderElection32] INFO  impl.RoleInfo (RoleInfo.java:updateAndGet(143)) - a7c18b56-7bd4-4e97-bac5-a7861ed2f887: start FollowerState
2019-10-18 07:11:04,375 [Thread-769] INFO  impl.FollowerState (FollowerState.java:run(108)) - a7c18b56-7bd4-4e97-bac5-a7861ed2f887@group-4D56D0FF4DD9-FollowerState: change to CANDIDATE, lastRpcTime:65ms, electionTimeout:65ms
2019-10-18 07:11:04,375 [Thread-769] INFO  impl.RoleInfo (RoleInfo.java:shutdownFollowerState(121)) - a7c18b56-7bd4-4e97-bac5-a7861ed2f887: shutdown FollowerState
2019-10-18 07:11:04,375 [Thread-769] INFO  impl.RaftServerImpl (RaftServerImpl.java:setRole(184)) - a7c18b56-7bd4-4e97-bac5-a7861ed2f887@group-4D56D0FF4DD9: changes role from  FOLLOWER to CANDIDATE at term 27 for changeToCandidate
2019-10-18 07:11:04,375 [Thread-769] INFO  impl.RoleInfo (RoleInfo.java:updateAndGet(143)) - a7c18b56-7bd4-4e97-bac5-a7861ed2f887: start LeaderElection
2019-10-18 07:11:04,389 [a7c18b56-7bd4-4e97-bac5-a7861ed2f887@group-4D56D0FF4DD9-LeaderElection33] INFO  impl.LeaderElection (LeaderElection.java:askForVotes(178)) - a7c18b56-7bd4-4e97-bac5-a7861ed2f887@group-4D56D0FF4DD9-LeaderElection33: begin an election at term 28 for 0: [a7c18b56-7bd4-4e97-bac5-a7861ed2f887:192.168.69.67:34061, 0e41e4d3-9bdd-41a7-a6da-f6547615f156:192.168.69.67:46622, 365c74cf-9edf-4118-8168-00280e7ea799:192.168.69.67:37281], old=null
2019-10-18 07:11:04,392 [grpc-default-executor-0] INFO  impl.RaftServerImpl (RaftServerImpl.java:setRole(184)) - 365c74cf-9edf-4118-8168-00280e7ea799@group-4D56D0FF4DD9: changes role from  FOLLOWER to FOLLOWER at term 28 for recognizeCandidate:a7c18b56-7bd4-4e97-bac5-a7861ed2f887
2019-10-18 07:11:04,392 [grpc-default-executor-8] INFO  impl.RaftServerImpl (RaftServerImpl.java:setRole(184)) - 0e41e4d3-9bdd-41a7-a6da-f6547615f156@group-4D56D0FF4DD9: changes role from  FOLLOWER to FOLLOWER at term 28 for recognizeCandidate:a7c18b56-7bd4-4e97-bac5-a7861ed2f887
2019-10-18 07:11:04,393 [grpc-default-executor-0] INFO  impl.RoleInfo (RoleInfo.java:shutdownFollowerState(121)) - 365c74cf-9edf-4118-8168-00280e7ea799: shutdown FollowerState
2019-10-18 07:11:04,393 [grpc-default-executor-8] INFO  impl.RoleInfo (RoleInfo.java:shutdownFollowerState(121)) - 0e41e4d3-9bdd-41a7-a6da-f6547615f156: shutdown FollowerState
2019-10-18 07:11:04,393 [grpc-default-executor-0] INFO  impl.RoleInfo (RoleInfo.java:updateAndGet(143)) - 365c74cf-9edf-4118-8168-00280e7ea799: start FollowerState
2019-10-18 07:11:04,393 [Thread-767] INFO  impl.FollowerState (FollowerState.java:run(117)) - 365c74cf-9edf-4118-8168-00280e7ea799@group-4D56D0FF4DD9-FollowerState was interrupted: java.lang.InterruptedException: sleep interrupted
2019-10-18 07:11:04,393 [grpc-default-executor-8] INFO  impl.RoleInfo (RoleInfo.java:updateAndGet(143)) - 0e41e4d3-9bdd-41a7-a6da-f6547615f156: start FollowerState
2019-10-18 07:11:04,393 [Thread-768] INFO  impl.FollowerState (FollowerState.java:run(117)) - 0e41e4d3-9bdd-41a7-a6da-f6547615f156@group-4D56D0FF4DD9-FollowerState was interrupted: java.lang.InterruptedException: sleep interrupted
2019-10-18 07:11:04,406 [a7c18b56-7bd4-4e97-bac5-a7861ed2f887@group-4D56D0FF4DD9-LeaderElection33] INFO  impl.LeaderElection (LeaderElection.java:logAndReturn(56)) - a7c18b56-7bd4-4e97-bac5-a7861ed2f887@group-4D56D0FF4DD9-LeaderElection33: Election TIMEOUT; received 0 response(s) [] and 0 exception(s); a7c18b56-7bd4-4e97-bac5-a7861ed2f887@group-4D56D0FF4DD9:t28, leader=null, voted=a7c18b56-7bd4-4e97-bac5-a7861ed2f887, raftlog=a7c18b56-7bd4-4e97-bac5-a7861ed2f887@group-4D56D0FF4DD9-SegmentedRaftLog:OPENED:c3,f4,i4, conf=0: [a7c18b56-7bd4-4e97-bac5-a7861ed2f887:192.168.69.67:34061, 0e41e4d3-9bdd-41a7-a6da-f6547615f156:192.168.69.67:46622, 365c74cf-9edf-4118-8168-00280e7ea799:192.168.69.67:37281], old=null
2019-10-18 07:11:04,412 [a7c18b56-7bd4-4e97-bac5-a7861ed2f887@group-4D56D0FF4DD9-LeaderElection33] INFO  impl.LeaderElection (LeaderElection.java:askForVotes(178)) - a7c18b56-7bd4-4e97-bac5-a7861ed2f887@group-4D56D0FF4DD9-LeaderElection33: begin an election at term 29 for 0: [a7c18b56-7bd4-4e97-bac5-a7861ed2f887:192.168.69.67:34061, 0e41e4d3-9bdd-41a7-a6da-f6547615f156:192.168.69.67:46622, 365c74cf-9edf-4118-8168-00280e7ea799:192.168.69.67:37281], old=null
2019-10-18 07:11:04,414 [grpc-default-executor-0] INFO  impl.RaftServerImpl (RaftServerImpl.java:setRole(184)) - 0e41e4d3-9bdd-41a7-a6da-f6547615f156@group-4D56D0FF4DD9: changes role from  FOLLOWER to FOLLOWER at term 29 for recognizeCandidate:a7c18b56-7bd4-4e97-bac5-a7861ed2f887
2019-10-18 07:11:04,414 [grpc-default-executor-8] INFO  impl.RaftServerImpl (RaftServerImpl.java:setRole(184)) - 365c74cf-9edf-4118-8168-00280e7ea799@group-4D56D0FF4DD9: changes role from  FOLLOWER to FOLLOWER at term 29 for recognizeCandidate:a7c18b56-7bd4-4e97-bac5-a7861ed2f887
2019-10-18 07:11:04,414 [grpc-default-executor-0] INFO  impl.RoleInfo (RoleInfo.java:shutdownFollowerState(121)) - 0e41e4d3-9bdd-41a7-a6da-f6547615f156: shutdown FollowerState
2019-10-18 07:11:04,415 [grpc-default-executor-8] INFO  impl.RoleInfo (RoleInfo.java:shutdownFollowerState(121)) - 365c74cf-9edf-4118-8168-00280e7ea799: shutdown FollowerState
2019-10-18 07:11:04,415 [Thread-774] INFO  impl.FollowerState (FollowerState.java:run(117)) - 0e41e4d3-9bdd-41a7-a6da-f6547615f156@group-4D56D0FF4DD9-FollowerState was interrupted: java.lang.InterruptedException: sleep interrupted
2019-10-18 07:11:04,415 [grpc-default-executor-0] INFO  impl.RoleInfo (RoleInfo.java:updateAndGet(143)) - 0e41e4d3-9bdd-41a7-a6da-f6547615f156: start FollowerState
2019-10-18 07:11:04,415 [grpc-default-executor-8] INFO  impl.RoleInfo (RoleInfo.java:updateAndGet(143)) - 365c74cf-9edf-4118-8168-00280e7ea799: start FollowerState
2019-10-18 07:11:04,415 [Thread-773] INFO  impl.FollowerState (FollowerState.java:run(117)) - 365c74cf-9edf-4118-8168-00280e7ea799@group-4D56D0FF4DD9-FollowerState was interrupted: java.lang.InterruptedException: sleep interrupted
2019-10-18 07:11:04,426 [a7c18b56-7bd4-4e97-bac5-a7861ed2f887@group-4D56D0FF4DD9-LeaderElection33] INFO  impl.LeaderElection (LeaderElection.java:logAndReturn(56)) - a7c18b56-7bd4-4e97-bac5-a7861ed2f887@group-4D56D0FF4DD9-LeaderElection33: Election REJECTED; received 2 response(s) [a7c18b56-7bd4-4e97-bac5-a7861ed2f887<-0e41e4d3-9bdd-41a7-a6da-f6547615f156#0:FAIL-t29, a7c18b56-7bd4-4e97-bac5-a7861ed2f887<-365c74cf-9edf-4118-8168-00280e7ea799#0:FAIL-t29] and 0 exception(s); a7c18b56-7bd4-4e97-bac5-a7861ed2f887@group-4D56D0FF4DD9:t29, leader=null, voted=a7c18b56-7bd4-4e97-bac5-a7861ed2f887, raftlog=a7c18b56-7bd4-4e97-bac5-a7861ed2f887@group-4D56D0FF4DD9-SegmentedRaftLog:OPENED:c3,f4,i4, conf=0: [a7c18b56-7bd4-4e97-bac5-a7861ed2f887:192.168.69.67:34061, 0e41e4d3-9bdd-41a7-a6da-f6547615f156:192.168.69.67:46622, 365c74cf-9edf-4118-8168-00280e7ea799:192.168.69.67:37281], old=null
2019-10-18 07:11:04,427 [a7c18b56-7bd4-4e97-bac5-a7861ed2f887@group-4D56D0FF4DD9-LeaderElection33] INFO  impl.RaftServerImpl (RaftServerImpl.java:setRole(184)) - a7c18b56-7bd4-4e97-bac5-a7861ed2f887@group-4D56D0FF4DD9: changes role from CANDIDATE to FOLLOWER at term 29 for DISCOVERED_A_NEW_TERM
2019-10-18 07:11:04,427 [a7c18b56-7bd4-4e97-bac5-a7861ed2f887@group-4D56D0FF4DD9-LeaderElection33] INFO  impl.RoleInfo (RoleInfo.java:shutdownLeaderElection(134)) - a7c18b56-7bd4-4e97-bac5-a7861ed2f887: shutdown LeaderElection
2019-10-18 07:11:04,427 [a7c18b56-7bd4-4e97-bac5-a7861ed2f887@group-4D56D0FF4DD9-LeaderElection33] INFO  impl.RoleInfo (RoleInfo.java:updateAndGet(143)) - a7c18b56-7bd4-4e97-bac5-a7861ed2f887: start FollowerState
2019-10-18 07:11:04,547 [Thread-779] INFO  impl.FollowerState (FollowerState.java:run(108)) - a7c18b56-7bd4-4e97-bac5-a7861ed2f887@group-4D56D0FF4DD9-FollowerState: change to CANDIDATE, lastRpcTime:120ms, electionTimeout:120ms
2019-10-18 07:11:04,547 [Thread-779] INFO  impl.RoleInfo (RoleInfo.java:shutdownFollowerState(121)) - a7c18b56-7bd4-4e97-bac5-a7861ed2f887: shutdown FollowerState
2019-10-18 07:11:04,547 [Thread-779] INFO  impl.RaftServerImpl (RaftServerImpl.java:setRole(184)) - a7c18b56-7bd4-4e97-bac5-a7861ed2f887@group-4D56D0FF4DD9: changes role from  FOLLOWER to CANDIDATE at term 29 for changeToCandidate
2019-10-18 07:11:04,548 [Thread-779] INFO  impl.RoleInfo (RoleInfo.java:updateAndGet(143)) - a7c18b56-7bd4-4e97-bac5-a7861ed2f887: start LeaderElection
2019-10-18 07:11:04,561 [a7c18b56-7bd4-4e97-bac5-a7861ed2f887@group-4D56D0FF4DD9-LeaderElection34] INFO  impl.LeaderElection (LeaderElection.java:askForVotes(178)) - a7c18b56-7bd4-4e97-bac5-a7861ed2f887@group-4D56D0FF4DD9-LeaderElection34: begin an election at term 30 for 0: [a7c18b56-7bd4-4e97-bac5-a7861ed2f887:192.168.69.67:34061, 0e41e4d3-9bdd-41a7-a6da-f6547615f156:192.168.69.67:46622, 365c74cf-9edf-4118-8168-00280e7ea799:192.168.69.67:37281], old=null
2019-10-18 07:11:04,564 [grpc-default-executor-0] INFO  impl.RaftServerImpl (RaftServerImpl.java:setRole(184)) - 365c74cf-9edf-4118-8168-00280e7ea799@group-4D56D0FF4DD9: changes role from  FOLLOWER to FOLLOWER at term 30 for recognizeCandidate:a7c18b56-7bd4-4e97-bac5-a7861ed2f887
2019-10-18 07:11:04,564 [grpc-default-executor-8] INFO  impl.RaftServerImpl (RaftServerImpl.java:setRole(184)) - 0e41e4d3-9bdd-41a7-a6da-f6547615f156@group-4D56D0FF4DD9: changes role from  FOLLOWER to FOLLOWER at term 30 for recognizeCandidate:a7c18b56-7bd4-4e97-bac5-a7861ed2f887
2019-10-18 07:11:04,565 [grpc-default-executor-0] INFO  impl.RoleInfo (RoleInfo.java:shutdownFollowerState(121)) - 365c74cf-9edf-4118-8168-00280e7ea799: shutdown FollowerState
2019-10-18 07:11:04,565 [grpc-default-executor-8] INFO  impl.RoleInfo (RoleInfo.java:shutdownFollowerState(121)) - 0e41e4d3-9bdd-41a7-a6da-f6547615f156: shutdown FollowerState
2019-10-18 07:11:04,565 [Thread-778] INFO  impl.FollowerState (FollowerState.java:run(117)) - 365c74cf-9edf-4118-8168-00280e7ea799@group-4D56D0FF4DD9-FollowerState was interrupted: java.lang.InterruptedException: sleep interrupted
2019-10-18 07:11:04,565 [grpc-default-executor-8] INFO  impl.RoleInfo (RoleInfo.java:updateAndGet(143)) - 0e41e4d3-9bdd-41a7-a6da-f6547615f156: start FollowerState
2019-10-18 07:11:04,565 [grpc-default-executor-0] INFO  impl.RoleInfo (RoleInfo.java:updateAndGet(143)) - 365c74cf-9edf-4118-8168-00280e7ea799: start FollowerState
2019-10-18 07:11:04,565 [Thread-777] INFO  impl.FollowerState (FollowerState.java:run(117)) - 0e41e4d3-9bdd-41a7-a6da-f6547615f156@group-4D56D0FF4DD9-FollowerState was interrupted: java.lang.InterruptedException: sleep interrupted
2019-10-18 07:11:04,581 [a7c18b56-7bd4-4e97-bac5-a7861ed2f887@group-4D56D0FF4DD9-LeaderElection34] INFO  impl.LeaderElection (LeaderElection.java:logAndReturn(56)) - a7c18b56-7bd4-4e97-bac5-a7861ed2f887@group-4D56D0FF4DD9-LeaderElection34: Election REJECTED; received 2 response(s) [a7c18b56-7bd4-4e97-bac5-a7861ed2f887<-0e41e4d3-9bdd-41a7-a6da-f6547615f156#0:FAIL-t30, a7c18b56-7bd4-4e97-bac5-a7861ed2f887<-365c74cf-9edf-4118-8168-00280e7ea799#0:FAIL-t30] and 0 exception(s); a7c18b56-7bd4-4e97-bac5-a7861ed2f887@group-4D56D0FF4DD9:t30, leader=null, voted=a7c18b56-7bd4-4e97-bac5-a7861ed2f887, raftlog=a7c18b56-7bd4-4e97-bac5-a7861ed2f887@group-4D56D0FF4DD9-SegmentedRaftLog:OPENED:c3,f4,i4, conf=0: [a7c18b56-7bd4-4e97-bac5-a7861ed2f887:192.168.69.67:34061, 0e41e4d3-9bdd-41a7-a6da-f6547615f156:192.168.69.67:46622, 365c74cf-9edf-4118-8168-00280e7ea799:192.168.69.67:37281], old=null
2019-10-18 07:11:04,581 [a7c18b56-7bd4-4e97-bac5-a7861ed2f887@group-4D56D0FF4DD9-LeaderElection34] INFO  impl.RaftServerImpl (RaftServerImpl.java:setRole(184)) - a7c18b56-7bd4-4e97-bac5-a7861ed2f887@group-4D56D0FF4DD9: changes role from CANDIDATE to FOLLOWER at term 30 for DISCOVERED_A_NEW_TERM
2019-10-18 07:11:04,581 [a7c18b56-7bd4-4e97-bac5-a7861ed2f887@group-4D56D0FF4DD9-LeaderElection34] INFO  impl.RoleInfo (RoleInfo.java:shutdownLeaderElection(134)) - a7c18b56-7bd4-4e97-bac5-a7861ed2f887: shutdown LeaderElection
2019-10-18 07:11:04,581 [a7c18b56-7bd4-4e97-bac5-a7861ed2f887@group-4D56D0FF4DD9-LeaderElection34] INFO  impl.RoleInfo (RoleInfo.java:updateAndGet(143)) - a7c18b56-7bd4-4e97-bac5-a7861ed2f887: start FollowerState
2019-10-18 07:11:04,584 [Thread-785] INFO  impl.FollowerState (FollowerState.java:run(108)) - a7c18b56-7bd4-4e97-bac5-a7861ed2f887@group-4D56D0FF4DD9-FollowerState: change to CANDIDATE, lastRpcTime:2ms, electionTimeout:2ms
2019-10-18 07:11:04,584 [Thread-785] INFO  impl.RoleInfo (RoleInfo.java:shutdownFollowerState(121)) - a7c18b56-7bd4-4e97-bac5-a7861ed2f887: shutdown FollowerState
2019-10-18 07:11:04,584 [Thread-785] INFO  impl.RaftServerImpl (RaftServerImpl.java:setRole(184)) - a7c18b56-7bd4-4e97-bac5-a7861ed2f887@group-4D56D0FF4DD9: changes role from  FOLLOWER to CANDIDATE at term 30 for changeToCandidate
2019-10-18 07:11:04,584 [Thread-785] INFO  impl.RoleInfo (RoleInfo.java:updateAndGet(143)) - a7c18b56-7bd4-4e97-bac5-a7861ed2f887: start LeaderElection
2019-10-18 07:11:04,597 [a7c18b56-7bd4-4e97-bac5-a7861ed2f887@group-4D56D0FF4DD9-LeaderElection35] INFO  impl.LeaderElection (LeaderElection.java:askForVotes(178)) - a7c18b56-7bd4-4e97-bac5-a7861ed2f887@group-4D56D0FF4DD9-LeaderElection35: begin an election at term 31 for 0: [a7c18b56-7bd4-4e97-bac5-a7861ed2f887:192.168.69.67:34061, 0e41e4d3-9bdd-41a7-a6da-f6547615f156:192.168.69.67:46622, 365c74cf-9edf-4118-8168-00280e7ea799:192.168.69.67:37281], old=null
2019-10-18 07:11:04,600 [grpc-default-executor-8] INFO  impl.RaftServerImpl (RaftServerImpl.java:setRole(184)) - 0e41e4d3-9bdd-41a7-a6da-f6547615f156@group-4D56D0FF4DD9: changes role from  FOLLOWER to FOLLOWER at term 31 for recognizeCandidate:a7c18b56-7bd4-4e97-bac5-a7861ed2f887
2019-10-18 07:11:04,600 [grpc-default-executor-8] INFO  impl.RoleInfo (RoleInfo.java:shutdownFollowerState(121)) - 0e41e4d3-9bdd-41a7-a6da-f6547615f156: shutdown FollowerState
2019-10-18 07:11:04,600 [grpc-default-executor-8] INFO  impl.RoleInfo (RoleInfo.java:updateAndGet(143)) - 0e41e4d3-9bdd-41a7-a6da-f6547615f156: start FollowerState
2019-10-18 07:11:04,600 [grpc-default-executor-0] INFO  impl.RaftServerImpl (RaftServerImpl.java:setRole(184)) - 365c74cf-9edf-4118-8168-00280e7ea799@group-4D56D0FF4DD9: changes role from  FOLLOWER to FOLLOWER at term 31 for recognizeCandidate:a7c18b56-7bd4-4e97-bac5-a7861ed2f887
2019-10-18 07:11:04,600 [Thread-784] INFO  impl.FollowerState (FollowerState.java:run(117)) - 0e41e4d3-9bdd-41a7-a6da-f6547615f156@group-4D56D0FF4DD9-FollowerState was interrupted: java.lang.InterruptedException: sleep interrupted
2019-10-18 07:11:04,600 [grpc-default-executor-0] INFO  impl.RoleInfo (RoleInfo.java:shutdownFollowerState(121)) - 365c74cf-9edf-4118-8168-00280e7ea799: shutdown FollowerState
2019-10-18 07:11:04,600 [grpc-default-executor-0] INFO  impl.RoleInfo (RoleInfo.java:updateAndGet(143)) - 365c74cf-9edf-4118-8168-00280e7ea799: start FollowerState
2019-10-18 07:11:04,600 [Thread-783] INFO  impl.FollowerState (FollowerState.java:run(117)) - 365c74cf-9edf-4118-8168-00280e7ea799@group-4D56D0FF4DD9-FollowerState was interrupted: java.lang.InterruptedException: sleep interrupted
2019-10-18 07:11:04,615 [a7c18b56-7bd4-4e97-bac5-a7861ed2f887@group-4D56D0FF4DD9-LeaderElection35] INFO  impl.LeaderElection (LeaderElection.java:logAndReturn(56)) - a7c18b56-7bd4-4e97-bac5-a7861ed2f887@group-4D56D0FF4DD9-LeaderElection35: Election REJECTED; received 2 response(s) [a7c18b56-7bd4-4e97-bac5-a7861ed2f887<-0e41e4d3-9bdd-41a7-a6da-f6547615f156#0:FAIL-t31, a7c18b56-7bd4-4e97-bac5-a7861ed2f887<-365c74cf-9edf-4118-8168-00280e7ea799#0:FAIL-t31] and 0 exception(s); a7c18b56-7bd4-4e97-bac5-a7861ed2f887@group-4D56D0FF4DD9:t31, leader=null, voted=a7c18b56-7bd4-4e97-bac5-a7861ed2f887, raftlog=a7c18b56-7bd4-4e97-bac5-a7861ed2f887@group-4D56D0FF4DD9-SegmentedRaftLog:OPENED:c3,f4,i4, conf=0: [a7c18b56-7bd4-4e97-bac5-a7861ed2f887:192.168.69.67:34061, 0e41e4d3-9bdd-41a7-a6da-f6547615f156:192.168.69.67:46622, 365c74cf-9edf-4118-8168-00280e7ea799:192.168.69.67:37281], old=null
2019-10-18 07:11:04,615 [a7c18b56-7bd4-4e97-bac5-a7861ed2f887@group-4D56D0FF4DD9-LeaderElection35] INFO  impl.RaftServerImpl (RaftServerImpl.java:setRole(184)) - a7c18b56-7bd4-4e97-bac5-a7861ed2f887@group-4D56D0FF4DD9: changes role from CANDIDATE to FOLLOWER at term 31 for DISCOVERED_A_NEW_TERM
2019-10-18 07:11:04,615 [a7c18b56-7bd4-4e97-bac5-a7861ed2f887@group-4D56D0FF4DD9-LeaderElection35] INFO  impl.RoleInfo (RoleInfo.java:shutdownLeaderElection(134)) - a7c18b56-7bd4-4e97-bac5-a7861ed2f887: shutdown LeaderElection
2019-10-18 07:11:04,615 [a7c18b56-7bd4-4e97-bac5-a7861ed2f887@group-4D56D0FF4DD9-LeaderElection35] INFO  impl.RoleInfo (RoleInfo.java:updateAndGet(143)) - a7c18b56-7bd4-4e97-bac5-a7861ed2f887: start FollowerState
2019-10-18 07:11:04,702 [Thread-791] INFO  impl.FollowerState (FollowerState.java:run(108)) - a7c18b56-7bd4-4e97-bac5-a7861ed2f887@group-4D56D0FF4DD9-FollowerState: change to CANDIDATE, lastRpcTime:86ms, electionTimeout:86ms
2019-10-18 07:11:04,702 [Thread-791] INFO  impl.RoleInfo (RoleInfo.java:shutdownFollowerState(121)) - a7c18b56-7bd4-4e97-bac5-a7861ed2f887: shutdown FollowerState
2019-10-18 07:11:04,702 [Thread-791] INFO  impl.RaftServerImpl (RaftServerImpl.java:setRole(184)) - a7c18b56-7bd4-4e97-bac5-a7861ed2f887@group-4D56D0FF4DD9: changes role from  FOLLOWER to CANDIDATE at term 31 for changeToCandidate
2019-10-18 07:11:04,703 [Thread-791] INFO  impl.RoleInfo (RoleInfo.java:updateAndGet(143)) - a7c18b56-7bd4-4e97-bac5-a7861ed2f887: start LeaderElection
2019-10-18 07:11:04,728 [a7c18b56-7bd4-4e97-bac5-a7861ed2f887@group-4D56D0FF4DD9-LeaderElection36] INFO  impl.LeaderElection (LeaderElection.java:askForVotes(178)) - a7c18b56-7bd4-4e97-bac5-a7861ed2f887@group-4D56D0FF4DD9-LeaderElection36: begin an election at term 32 for 0: [a7c18b56-7bd4-4e97-bac5-a7861ed2f887:192.168.69.67:34061, 0e41e4d3-9bdd-41a7-a6da-f6547615f156:192.168.69.67:46622, 365c74cf-9edf-4118-8168-00280e7ea799:192.168.69.67:37281], old=null
2019-10-18 07:11:04,731 [grpc-default-executor-0] INFO  impl.RaftServerImpl (RaftServerImpl.java:setRole(184)) - 0e41e4d3-9bdd-41a7-a6da-f6547615f156@group-4D56D0FF4DD9: changes role from  FOLLOWER to FOLLOWER at term 32 for recognizeCandidate:a7c18b56-7bd4-4e97-bac5-a7861ed2f887
2019-10-18 07:11:04,731 [grpc-default-executor-8] INFO  impl.RaftServerImpl (RaftServerImpl.java:setRole(184)) - 365c74cf-9edf-4118-8168-00280e7ea799@group-4D56D0FF4DD9: changes role from  FOLLOWER to FOLLOWER at term 32 for recognizeCandidate:a7c18b56-7bd4-4e97-bac5-a7861ed2f887
2019-10-18 07:11:04,732 [grpc-default-executor-8] INFO  impl.RoleInfo (RoleInfo.java:shutdownFollowerState(121)) - 365c74cf-9edf-4118-8168-00280e7ea799: shutdown FollowerState
2019-10-18 07:11:04,732 [grpc-default-executor-0] INFO  impl.RoleInfo (RoleInfo.java:shutdownFollowerState(121)) - 0e41e4d3-9bdd-41a7-a6da-f6547615f156: shutdown FollowerState
2019-10-18 07:11:04,732 [grpc-default-executor-8] INFO  impl.RoleInfo (RoleInfo.java:updateAndGet(143)) - 365c74cf-9edf-4118-8168-00280e7ea799: start FollowerState
2019-10-18 07:11:04,732 [Thread-790] INFO  impl.FollowerState (FollowerState.java:run(117)) - 365c74cf-9edf-4118-8168-00280e7ea799@group-4D56D0FF4DD9-FollowerState was interrupted: java.lang.InterruptedException: sleep interrupted
2019-10-18 07:11:04,732 [grpc-default-executor-0] INFO  impl.RoleInfo (RoleInfo.java:updateAndGet(143)) - 0e41e4d3-9bdd-41a7-a6da-f6547615f156: start FollowerState
2019-10-18 07:11:04,732 [Thread-789] INFO  impl.FollowerState (FollowerState.java:run(117)) - 0e41e4d3-9bdd-41a7-a6da-f6547615f156@group-4D56D0FF4DD9-FollowerState was interrupted: java.lang.InterruptedException: sleep interrupted
2019-10-18 07:11:04,759 [a7c18b56-7bd4-4e97-bac5-a7861ed2f887@group-4D56D0FF4DD9-LeaderElection36] INFO  impl.LeaderElection (LeaderElection.java:logAndReturn(56)) - a7c18b56-7bd4-4e97-bac5-a7861ed2f887@group-4D56D0FF4DD9-LeaderElection36: Election REJECTED; received 2 response(s) [a7c18b56-7bd4-4e97-bac5-a7861ed2f887<-0e41e4d3-9bdd-41a7-a6da-f6547615f156#0:FAIL-t32, a7c18b56-7bd4-4e97-bac5-a7861ed2f887<-365c74cf-9edf-4118-8168-00280e7ea799#0:FAIL-t32] and 0 exception(s); a7c18b56-7bd4-4e97-bac5-a7861ed2f887@group-4D56D0FF4DD9:t32, leader=null, voted=a7c18b56-7bd4-4e97-bac5-a7861ed2f887, raftlog=a7c18b56-7bd4-4e97-bac5-a7861ed2f887@group-4D56D0FF4DD9-SegmentedRaftLog:OPENED:c3,f4,i4, conf=0: [a7c18b56-7bd4-4e97-bac5-a7861ed2f887:192.168.69.67:34061, 0e41e4d3-9bdd-41a7-a6da-f6547615f156:192.168.69.67:46622, 365c74cf-9edf-4118-8168-00280e7ea799:192.168.69.67:37281], old=null
2019-10-18 07:11:04,760 [a7c18b56-7bd4-4e97-bac5-a7861ed2f887@group-4D56D0FF4DD9-LeaderElection36] INFO  impl.RaftServerImpl (RaftServerImpl.java:setRole(184)) - a7c18b56-7bd4-4e97-bac5-a7861ed2f887@group-4D56D0FF4DD9: changes role from CANDIDATE to FOLLOWER at term 32 for DISCOVERED_A_NEW_TERM
2019-10-18 07:11:04,760 [a7c18b56-7bd4-4e97-bac5-a7861ed2f887@group-4D56D0FF4DD9-LeaderElection36] INFO  impl.RoleInfo (RoleInfo.java:shutdownLeaderElection(134)) - a7c18b56-7bd4-4e97-bac5-a7861ed2f887: shutdown LeaderElection
2019-10-18 07:11:04,760 [a7c18b56-7bd4-4e97-bac5-a7861ed2f887@group-4D56D0FF4DD9-LeaderElection36] INFO  impl.RoleInfo (RoleInfo.java:updateAndGet(143)) - a7c18b56-7bd4-4e97-bac5-a7861ed2f887: start FollowerState
2019-10-18 07:11:04,790 [Thread-797] INFO  impl.FollowerState (FollowerState.java:run(108)) - a7c18b56-7bd4-4e97-bac5-a7861ed2f887@group-4D56D0FF4DD9-FollowerState: change to CANDIDATE, lastRpcTime:30ms, electionTimeout:30ms
2019-10-18 07:11:04,790 [Thread-797] INFO  impl.RoleInfo (RoleInfo.java:shutdownFollowerState(121)) - a7c18b56-7bd4-4e97-bac5-a7861ed2f887: shutdown FollowerState
2019-10-18 07:11:04,791 [Thread-797] INFO  impl.RaftServerImpl (RaftServerImpl.java:setRole(184)) - a7c18b56-7bd4-4e97-bac5-a7861ed2f887@group-4D56D0FF4DD9: changes role from  FOLLOWER to CANDIDATE at term 32 for changeToCandidate
2019-10-18 07:11:04,791 [Thread-797] INFO  impl.RoleInfo (RoleInfo.java:updateAndGet(143)) - a7c18b56-7bd4-4e97-bac5-a7861ed2f887: start LeaderElection
2019-10-18 07:11:04,805 [a7c18b56-7bd4-4e97-bac5-a7861ed2f887@group-4D56D0FF4DD9-LeaderElection37] INFO  impl.LeaderElection (LeaderElection.java:askForVotes(178)) - a7c18b56-7bd4-4e97-bac5-a7861ed2f887@group-4D56D0FF4DD9-LeaderElection37: begin an election at term 33 for 0: [a7c18b56-7bd4-4e97-bac5-a7861ed2f887:192.168.69.67:34061, 0e41e4d3-9bdd-41a7-a6da-f6547615f156:192.168.69.67:46622, 365c74cf-9edf-4118-8168-00280e7ea799:192.168.69.67:37281], old=null
2019-10-18 07:11:04,808 [grpc-default-executor-8] INFO  impl.RaftServerImpl (RaftServerImpl.java:setRole(184)) - 0e41e4d3-9bdd-41a7-a6da-f6547615f156@group-4D56D0FF4DD9: changes role from  FOLLOWER to FOLLOWER at term 33 for recognizeCandidate:a7c18b56-7bd4-4e97-bac5-a7861ed2f887
2019-10-18 07:11:04,808 [grpc-default-executor-0] INFO  impl.RaftServerImpl (RaftServerImpl.java:setRole(184)) - 365c74cf-9edf-4118-8168-00280e7ea799@group-4D56D0FF4DD9: changes role from  FOLLOWER to FOLLOWER at term 33 for recognizeCandidate:a7c18b56-7bd4-4e97-bac5-a7861ed2f887
2019-10-18 07:11:04,808 [grpc-default-executor-8] INFO  impl.RoleInfo (RoleInfo.java:shutdownFollowerState(121)) - 0e41e4d3-9bdd-41a7-a6da-f6547615f156: shutdown FollowerState
2019-10-18 07:11:04,808 [grpc-default-executor-0] INFO  impl.RoleInfo (RoleInfo.java:shutdownFollowerState(121)) - 365c74cf-9edf-4118-8168-00280e7ea799: shutdown FollowerState
2019-10-18 07:11:04,808 [Thread-796] INFO  impl.FollowerState (FollowerState.java:run(117)) - 0e41e4d3-9bdd-41a7-a6da-f6547615f156@group-4D56D0FF4DD9-FollowerState was interrupted: java.lang.InterruptedException: sleep interrupted
2019-10-18 07:11:04,808 [grpc-default-executor-8] INFO  impl.RoleInfo (RoleInfo.java:updateAndGet(143)) - 0e41e4d3-9bdd-41a7-a6da-f6547615f156: start FollowerState
2019-10-18 07:11:04,809 [grpc-default-executor-0] INFO  impl.RoleInfo (RoleInfo.java:updateAndGet(143)) - 365c74cf-9edf-4118-8168-00280e7ea799: start FollowerState
2019-10-18 07:11:04,809 [Thread-795] INFO  impl.FollowerState (FollowerState.java:run(117)) - 365c74cf-9edf-4118-8168-00280e7ea799@group-4D56D0FF4DD9-FollowerState was interrupted: java.lang.InterruptedException: sleep interrupted
2019-10-18 07:11:04,825 [a7c18b56-7bd4-4e97-bac5-a7861ed2f887@group-4D56D0FF4DD9-LeaderElection37] INFO  impl.LeaderElection (LeaderElection.java:logAndReturn(56)) - a7c18b56-7bd4-4e97-bac5-a7861ed2f887@group-4D56D0FF4DD9-LeaderElection37: Election REJECTED; received 2 response(s) [a7c18b56-7bd4-4e97-bac5-a7861ed2f887<-0e41e4d3-9bdd-41a7-a6da-f6547615f156#0:FAIL-t33, a7c18b56-7bd4-4e97-bac5-a7861ed2f887<-365c74cf-9edf-4118-8168-00280e7ea799#0:FAIL-t33] and 0 exception(s); a7c18b56-7bd4-4e97-bac5-a7861ed2f887@group-4D56D0FF4DD9:t33, leader=null, voted=a7c18b56-7bd4-4e97-bac5-a7861ed2f887, raftlog=a7c18b56-7bd4-4e97-bac5-a7861ed2f887@group-4D56D0FF4DD9-SegmentedRaftLog:OPENED:c3,f4,i4, conf=0: [a7c18b56-7bd4-4e97-bac5-a7861ed2f887:192.168.69.67:34061, 0e41e4d3-9bdd-41a7-a6da-f6547615f156:192.168.69.67:46622, 365c74cf-9edf-4118-8168-00280e7ea799:192.168.69.67:37281], old=null
2019-10-18 07:11:04,825 [a7c18b56-7bd4-4e97-bac5-a7861ed2f887@group-4D56D0FF4DD9-LeaderElection37] INFO  impl.RaftServerImpl (RaftServerImpl.java:setRole(184)) - a7c18b56-7bd4-4e97-bac5-a7861ed2f887@group-4D56D0FF4DD9: changes role from CANDIDATE to FOLLOWER at term 33 for DISCOVERED_A_NEW_TERM
2019-10-18 07:11:04,825 [a7c18b56-7bd4-4e97-bac5-a7861ed2f887@group-4D56D0FF4DD9-LeaderElection37] INFO  impl.RoleInfo (RoleInfo.java:shutdownLeaderElection(134)) - a7c18b56-7bd4-4e97-bac5-a7861ed2f887: shutdown LeaderElection
2019-10-18 07:11:04,825 [a7c18b56-7bd4-4e97-bac5-a7861ed2f887@group-4D56D0FF4DD9-LeaderElection37] INFO  impl.RoleInfo (RoleInfo.java:updateAndGet(143)) - a7c18b56-7bd4-4e97-bac5-a7861ed2f887: start FollowerState
2019-10-18 07:11:04,845 [Thread-803] INFO  impl.FollowerState (FollowerState.java:run(108)) - a7c18b56-7bd4-4e97-bac5-a7861ed2f887@group-4D56D0FF4DD9-FollowerState: change to CANDIDATE, lastRpcTime:19ms, electionTimeout:19ms
2019-10-18 07:11:04,845 [Thread-803] INFO  impl.RoleInfo (RoleInfo.java:shutdownFollowerState(121)) - a7c18b56-7bd4-4e97-bac5-a7861ed2f887: shutdown FollowerState
2019-10-18 07:11:04,845 [Thread-803] INFO  impl.RaftServerImpl (RaftServerImpl.java:setRole(184)) - a7c18b56-7bd4-4e97-bac5-a7861ed2f887@group-4D56D0FF4DD9: changes role from  FOLLOWER to CANDIDATE at term 33 for changeToCandidate
2019-10-18 07:11:04,845 [Thread-803] INFO  impl.RoleInfo (RoleInfo.java:updateAndGet(143)) - a7c18b56-7bd4-4e97-bac5-a7861ed2f887: start LeaderElection
2019-10-18 07:11:04,860 [a7c18b56-7bd4-4e97-bac5-a7861ed2f887@group-4D56D0FF4DD9-LeaderElection38] INFO  impl.LeaderElection (LeaderElection.java:askForVotes(178)) - a7c18b56-7bd4-4e97-bac5-a7861ed2f887@group-4D56D0FF4DD9-LeaderElection38: begin an election at term 34 for 0: [a7c18b56-7bd4-4e97-bac5-a7861ed2f887:192.168.69.67:34061, 0e41e4d3-9bdd-41a7-a6da-f6547615f156:192.168.69.67:46622, 365c74cf-9edf-4118-8168-00280e7ea799:192.168.69.67:37281], old=null
2019-10-18 07:11:04,862 [grpc-default-executor-0] INFO  impl.RaftServerImpl (RaftServerImpl.java:setRole(184)) - 0e41e4d3-9bdd-41a7-a6da-f6547615f156@group-4D56D0FF4DD9: changes role from  FOLLOWER to FOLLOWER at term 34 for recognizeCandidate:a7c18b56-7bd4-4e97-bac5-a7861ed2f887
2019-10-18 07:11:04,862 [grpc-default-executor-8] INFO  impl.RaftServerImpl (RaftServerImpl.java:setRole(184)) - 365c74cf-9edf-4118-8168-00280e7ea799@group-4D56D0FF4DD9: changes role from  FOLLOWER to FOLLOWER at term 34 for recognizeCandidate:a7c18b56-7bd4-4e97-bac5-a7861ed2f887
2019-10-18 07:11:04,862 [grpc-default-executor-0] INFO  impl.RoleInfo (RoleInfo.java:shutdownFollowerState(121)) - 0e41e4d3-9bdd-41a7-a6da-f6547615f156: shutdown FollowerState
2019-10-18 07:11:04,862 [grpc-default-executor-8] INFO  impl.RoleInfo (RoleInfo.java:shutdownFollowerState(121)) - 365c74cf-9edf-4118-8168-00280e7ea799: shutdown FollowerState
2019-10-18 07:11:04,862 [grpc-default-executor-0] INFO  impl.RoleInfo (RoleInfo.java:updateAndGet(143)) - 0e41e4d3-9bdd-41a7-a6da-f6547615f156: start FollowerState
2019-10-18 07:11:04,863 [grpc-default-executor-8] INFO  impl.RoleInfo (RoleInfo.java:updateAndGet(143)) - 365c74cf-9edf-4118-8168-00280e7ea799: start FollowerState
2019-10-18 07:11:04,863 [Thread-802] INFO  impl.FollowerState (FollowerState.java:run(117)) - 365c74cf-9edf-4118-8168-00280e7ea799@group-4D56D0FF4DD9-FollowerState was interrupted: java.lang.InterruptedException: sleep interrupted
2019-10-18 07:11:04,862 [Thread-801] INFO  impl.FollowerState (FollowerState.java:run(117)) - 0e41e4d3-9bdd-41a7-a6da-f6547615f156@group-4D56D0FF4DD9-FollowerState was interrupted: java.lang.InterruptedException: sleep interrupted
2019-10-18 07:11:04,878 [a7c18b56-7bd4-4e97-bac5-a7861ed2f887@group-4D56D0FF4DD9-LeaderElection38] INFO  impl.LeaderElection (LeaderElection.java:logAndReturn(56)) - a7c18b56-7bd4-4e97-bac5-a7861ed2f887@group-4D56D0FF4DD9-LeaderElection38: Election REJECTED; received 2 response(s) [a7c18b56-7bd4-4e97-bac5-a7861ed2f887<-0e41e4d3-9bdd-41a7-a6da-f6547615f156#0:FAIL-t34, a7c18b56-7bd4-4e97-bac5-a7861ed2f887<-365c74cf-9edf-4118-8168-00280e7ea799#0:FAIL-t34] and 0 exception(s); a7c18b56-7bd4-4e97-bac5-a7861ed2f887@group-4D56D0FF4DD9:t34, leader=null, voted=a7c18b56-7bd4-4e97-bac5-a7861ed2f887, raftlog=a7c18b56-7bd4-4e97-bac5-a7861ed2f887@group-4D56D0FF4DD9-SegmentedRaftLog:OPENED:c3,f4,i4, conf=0: [a7c18b56-7bd4-4e97-bac5-a7861ed2f887:192.168.69.67:34061, 0e41e4d3-9bdd-41a7-a6da-f6547615f156:192.168.69.67:46622, 365c74cf-9edf-4118-8168-00280e7ea799:192.168.69.67:37281], old=null
2019-10-18 07:11:04,879 [a7c18b56-7bd4-4e97-bac5-a7861ed2f887@group-4D56D0FF4DD9-LeaderElection38] INFO  impl.RaftServerImpl (RaftServerImpl.java:setRole(184)) - a7c18b56-7bd4-4e97-bac5-a7861ed2f887@group-4D56D0FF4DD9: changes role from CANDIDATE to FOLLOWER at term 34 for DISCOVERED_A_NEW_TERM
2019-10-18 07:11:04,879 [a7c18b56-7bd4-4e97-bac5-a7861ed2f887@group-4D56D0FF4DD9-LeaderElection38] INFO  impl.RoleInfo (RoleInfo.java:shutdownLeaderElection(134)) - a7c18b56-7bd4-4e97-bac5-a7861ed2f887: shutdown LeaderElection
2019-10-18 07:11:04,879 [a7c18b56-7bd4-4e97-bac5-a7861ed2f887@group-4D56D0FF4DD9-LeaderElection38] INFO  impl.RoleInfo (RoleInfo.java:updateAndGet(143)) - a7c18b56-7bd4-4e97-bac5-a7861ed2f887: start FollowerState
2019-10-18 07:11:04,955 [Thread-809] INFO  impl.FollowerState (FollowerState.java:run(108)) - a7c18b56-7bd4-4e97-bac5-a7861ed2f887@group-4D56D0FF4DD9-FollowerState: change to CANDIDATE, lastRpcTime:76ms, electionTimeout:76ms
2019-10-18 07:11:04,955 [Thread-809] INFO  impl.RoleInfo (RoleInfo.java:shutdownFollowerState(121)) - a7c18b56-7bd4-4e97-bac5-a7861ed2f887: shutdown FollowerState
2019-10-18 07:11:04,956 [Thread-809] INFO  impl.RaftServerImpl (RaftServerImpl.java:setRole(184)) - a7c18b56-7bd4-4e97-bac5-a7861ed2f887@group-4D56D0FF4DD9: changes role from  FOLLOWER to CANDIDATE at term 34 for changeToCandidate
2019-10-18 07:11:04,956 [Thread-809] INFO  impl.RoleInfo (RoleInfo.java:updateAndGet(143)) - a7c18b56-7bd4-4e97-bac5-a7861ed2f887: start LeaderElection
2019-10-18 07:11:04,970 [a7c18b56-7bd4-4e97-bac5-a7861ed2f887@group-4D56D0FF4DD9-LeaderElection39] INFO  impl.LeaderElection (LeaderElection.java:askForVotes(178)) - a7c18b56-7bd4-4e97-bac5-a7861ed2f887@group-4D56D0FF4DD9-LeaderElection39: begin an election at term 35 for 0: [a7c18b56-7bd4-4e97-bac5-a7861ed2f887:192.168.69.67:34061, 0e41e4d3-9bdd-41a7-a6da-f6547615f156:192.168.69.67:46622, 365c74cf-9edf-4118-8168-00280e7ea799:192.168.69.67:37281], old=null
2019-10-18 07:11:04,974 [grpc-default-executor-0] INFO  impl.RaftServerImpl (RaftServerImpl.java:setRole(184)) - 365c74cf-9edf-4118-8168-00280e7ea799@group-4D56D0FF4DD9: changes role from  FOLLOWER to FOLLOWER at term 35 for recognizeCandidate:a7c18b56-7bd4-4e97-bac5-a7861ed2f887
2019-10-18 07:11:04,974 [grpc-default-executor-8] INFO  impl.RaftServerImpl (RaftServerImpl.java:setRole(184)) - 0e41e4d3-9bdd-41a7-a6da-f6547615f156@group-4D56D0FF4DD9: changes role from  FOLLOWER to FOLLOWER at term 35 for recognizeCandidate:a7c18b56-7bd4-4e97-bac5-a7861ed2f887
2019-10-18 07:11:04,974 [grpc-default-executor-0] INFO  impl.RoleInfo (RoleInfo.java:shutdownFollowerState(121)) - 365c74cf-9edf-4118-8168-00280e7ea799: shutdown FollowerState
2019-10-18 07:11:04,974 [grpc-default-executor-8] INFO  impl.RoleInfo (RoleInfo.java:shutdownFollowerState(121)) - 0e41e4d3-9bdd-41a7-a6da-f6547615f156: shutdown FollowerState
2019-10-18 07:11:04,974 [grpc-default-executor-0] INFO  impl.RoleInfo (RoleInfo.java:updateAndGet(143)) - 365c74cf-9edf-4118-8168-00280e7ea799: start FollowerState
2019-10-18 07:11:04,974 [Thread-807] INFO  impl.FollowerState (FollowerState.java:run(117)) - 0e41e4d3-9bdd-41a7-a6da-f6547615f156@group-4D56D0FF4DD9-FollowerState was interrupted: java.lang.InterruptedException: sleep interrupted
2019-10-18 07:11:04,974 [grpc-default-executor-8] INFO  impl.RoleInfo (RoleInfo.java:updateAndGet(143)) - 0e41e4d3-9bdd-41a7-a6da-f6547615f156: start FollowerState
2019-10-18 07:11:04,974 [Thread-808] INFO  impl.FollowerState (FollowerState.java:run(117)) - 365c74cf-9edf-4118-8168-00280e7ea799@group-4D56D0FF4DD9-FollowerState was interrupted: java.lang.InterruptedException: sleep interrupted
2019-10-18 07:11:05,002 [a7c18b56-7bd4-4e97-bac5-a7861ed2f887@group-4D56D0FF4DD9-LeaderElection39] INFO  impl.LeaderElection (LeaderElection.java:logAndReturn(56)) - a7c18b56-7bd4-4e97-bac5-a7861ed2f887@group-4D56D0FF4DD9-LeaderElection39: Election REJECTED; received 2 response(s) [a7c18b56-7bd4-4e97-bac5-a7861ed2f887<-0e41e4d3-9bdd-41a7-a6da-f6547615f156#0:FAIL-t35, a7c18b56-7bd4-4e97-bac5-a7861ed2f887<-365c74cf-9edf-4118-8168-00280e7ea799#0:FAIL-t35] and 0 exception(s); a7c18b56-7bd4-4e97-bac5-a7861ed2f887@group-4D56D0FF4DD9:t35, leader=null, voted=a7c18b56-7bd4-4e97-bac5-a7861ed2f887, raftlog=a7c18b56-7bd4-4e97-bac5-a7861ed2f887@group-4D56D0FF4DD9-SegmentedRaftLog:OPENED:c3,f4,i4, conf=0: [a7c18b56-7bd4-4e97-bac5-a7861ed2f887:192.168.69.67:34061, 0e41e4d3-9bdd-41a7-a6da-f6547615f156:192.168.69.67:46622, 365c74cf-9edf-4118-8168-00280e7ea799:192.168.69.67:37281], old=null
2019-10-18 07:11:05,002 [a7c18b56-7bd4-4e97-bac5-a7861ed2f887@group-4D56D0FF4DD9-LeaderElection39] INFO  impl.RaftServerImpl (RaftServerImpl.java:setRole(184)) - a7c18b56-7bd4-4e97-bac5-a7861ed2f887@group-4D56D0FF4DD9: changes role from CANDIDATE to FOLLOWER at term 35 for DISCOVERED_A_NEW_TERM
2019-10-18 07:11:05,002 [a7c18b56-7bd4-4e97-bac5-a7861ed2f887@group-4D56D0FF4DD9-LeaderElection39] INFO  impl.RoleInfo (RoleInfo.java:shutdownLeaderElection(134)) - a7c18b56-7bd4-4e97-bac5-a7861ed2f887: shutdown LeaderElection
2019-10-18 07:11:05,002 [a7c18b56-7bd4-4e97-bac5-a7861ed2f887@group-4D56D0FF4DD9-LeaderElection39] INFO  impl.RoleInfo (RoleInfo.java:updateAndGet(143)) - a7c18b56-7bd4-4e97-bac5-a7861ed2f887: start FollowerState
2019-10-18 07:11:05,022 [Thread-818] INFO  client.GrpcClientProtocolService (GrpcClientProtocolService.java:lambda$processClientRequest$0(278)) - Failed RaftClientRequest:client-23AD7B0CD45D->365c74cf-9edf-4118-8168-00280e7ea799@group-4D56D0FF4DD9, cid=10, seq=0, Watch-ALL_COMMITTED(6), Message:<EMPTY>, reply=RaftClientReply:client-23AD7B0CD45D->365c74cf-9edf-4118-8168-00280e7ea799@group-4D56D0FF4DD9, cid=10, FAILED org.apache.ratis.protocol.NotLeaderException: Server 365c74cf-9edf-4118-8168-00280e7ea799@group-4D56D0FF4DD9 is not the leader, logIndex=0, commits[365c74cf-9edf-4118-8168-00280e7ea799:c10, a7c18b56-7bd4-4e97-bac5-a7861ed2f887:c4, 0e41e4d3-9bdd-41a7-a6da-f6547615f156:c10]
2019-10-18 07:11:05,095 [Thread-816] INFO  impl.FollowerState (FollowerState.java:run(108)) - a7c18b56-7bd4-4e97-bac5-a7861ed2f887@group-4D56D0FF4DD9-FollowerState: change to CANDIDATE, lastRpcTime:92ms, electionTimeout:92ms
2019-10-18 07:11:05,095 [Thread-816] INFO  impl.RoleInfo (RoleInfo.java:shutdownFollowerState(121)) - a7c18b56-7bd4-4e97-bac5-a7861ed2f887: shutdown FollowerState
2019-10-18 07:11:05,095 [Thread-816] INFO  impl.RaftServerImpl (RaftServerImpl.java:setRole(184)) - a7c18b56-7bd4-4e97-bac5-a7861ed2f887@group-4D56D0FF4DD9: changes role from  FOLLOWER to CANDIDATE at term 35 for changeToCandidate
2019-10-18 07:11:05,096 [Thread-816] INFO  impl.RoleInfo (RoleInfo.java:updateAndGet(143)) - a7c18b56-7bd4-4e97-bac5-a7861ed2f887: start LeaderElection
2019-10-18 07:11:05,110 [a7c18b56-7bd4-4e97-bac5-a7861ed2f887@group-4D56D0FF4DD9-LeaderElection40] INFO  impl.LeaderElection (LeaderElection.java:askForVotes(178)) - a7c18b56-7bd4-4e97-bac5-a7861ed2f887@group-4D56D0FF4DD9-LeaderElection40: begin an election at term 36 for 0: [a7c18b56-7bd4-4e97-bac5-a7861ed2f887:192.168.69.67:34061, 0e41e4d3-9bdd-41a7-a6da-f6547615f156:192.168.69.67:46622, 365c74cf-9edf-4118-8168-00280e7ea799:192.168.69.67:37281], old=null
2019-10-18 07:11:05,112 [grpc-default-executor-0] INFO  impl.RaftServerImpl (RaftServerImpl.java:setRole(184)) - 365c74cf-9edf-4118-8168-00280e7ea799@group-4D56D0FF4DD9: changes role from  FOLLOWER to FOLLOWER at term 36 for recognizeCandidate:a7c18b56-7bd4-4e97-bac5-a7861ed2f887
2019-10-18 07:11:05,112 [grpc-default-executor-8] INFO  impl.RaftServerImpl (RaftServerImpl.java:setRole(184)) - 0e41e4d3-9bdd-41a7-a6da-f6547615f156@group-4D56D0FF4DD9: changes role from  FOLLOWER to FOLLOWER at term 36 for recognizeCandidate:a7c18b56-7bd4-4e97-bac5-a7861ed2f887
2019-10-18 07:11:05,113 [grpc-default-executor-0] INFO  impl.RoleInfo (RoleInfo.java:shutdownFollowerState(121)) - 365c74cf-9edf-4118-8168-00280e7ea799: shutdown FollowerState
2019-10-18 07:11:05,113 [grpc-default-executor-8] INFO  impl.RoleInfo (RoleInfo.java:shutdownFollowerState(121)) - 0e41e4d3-9bdd-41a7-a6da-f6547615f156: shutdown FollowerState
2019-10-18 07:11:05,113 [grpc-default-executor-0] INFO  impl.RoleInfo (RoleInfo.java:updateAndGet(143)) - 365c74cf-9edf-4118-8168-00280e7ea799: start FollowerState
2019-10-18 07:11:05,113 [Thread-814] INFO  impl.FollowerState (FollowerState.java:run(117)) - 365c74cf-9edf-4118-8168-00280e7ea799@group-4D56D0FF4DD9-FollowerState was interrupted: java.lang.InterruptedException: sleep interrupted
2019-10-18 07:11:05,113 [Thread-815] INFO  impl.FollowerState (FollowerState.java:run(117)) - 0e41e4d3-9bdd-41a7-a6da-f6547615f156@group-4D56D0FF4DD9-FollowerState was interrupted: java.lang.InterruptedException: sleep interrupted
2019-10-18 07:11:05,113 [grpc-default-executor-8] INFO  impl.RoleInfo (RoleInfo.java:updateAndGet(143)) - 0e41e4d3-9bdd-41a7-a6da-f6547615f156: start FollowerState
2019-10-18 07:11:05,128 [a7c18b56-7bd4-4e97-bac5-a7861ed2f887@group-4D56D0FF4DD9-LeaderElection40] INFO  impl.LeaderElection (LeaderElection.java:logAndReturn(56)) - a7c18b56-7bd4-4e97-bac5-a7861ed2f887@group-4D56D0FF4DD9-LeaderElection40: Election REJECTED; received 2 response(s) [a7c18b56-7bd4-4e97-bac5-a7861ed2f887<-0e41e4d3-9bdd-41a7-a6da-f6547615f156#0:FAIL-t36, a7c18b56-7bd4-4e97-bac5-a7861ed2f887<-365c74cf-9edf-4118-8168-00280e7ea799#0:FAIL-t36] and 0 exception(s); a7c18b56-7bd4-4e97-bac5-a7861ed2f887@group-4D56D0FF4DD9:t36, leader=null, voted=a7c18b56-7bd4-4e97-bac5-a7861ed2f887, raftlog=a7c18b56-7bd4-4e97-bac5-a7861ed2f887@group-4D56D0FF4DD9-SegmentedRaftLog:OPENED:c3,f4,i4, conf=0: [a7c18b56-7bd4-4e97-bac5-a7861ed2f887:192.168.69.67:34061, 0e41e4d3-9bdd-41a7-a6da-f6547615f156:192.168.69.67:46622, 365c74cf-9edf-4118-8168-00280e7ea799:192.168.69.67:37281], old=null
2019-10-18 07:11:05,128 [a7c18b56-7bd4-4e97-bac5-a7861ed2f887@group-4D56D0FF4DD9-LeaderElection40] INFO  impl.RaftServerImpl (RaftServerImpl.java:setRole(184)) - a7c18b56-7bd4-4e97-bac5-a7861ed2f887@group-4D56D0FF4DD9: changes role from CANDIDATE to FOLLOWER at term 36 for DISCOVERED_A_NEW_TERM
2019-10-18 07:11:05,129 [a7c18b56-7bd4-4e97-bac5-a7861ed2f887@group-4D56D0FF4DD9-LeaderElection40] INFO  impl.RoleInfo (RoleInfo.java:shutdownLeaderElection(134)) - a7c18b56-7bd4-4e97-bac5-a7861ed2f887: shutdown LeaderElection
2019-10-18 07:11:05,129 [a7c18b56-7bd4-4e97-bac5-a7861ed2f887@group-4D56D0FF4DD9-LeaderElection40] INFO  impl.RoleInfo (RoleInfo.java:updateAndGet(143)) - a7c18b56-7bd4-4e97-bac5-a7861ed2f887: start FollowerState
2019-10-18 07:11:05,144 [BlockDeletingService#2] WARN  background.BlockDeletingService (BlockDeletingService.java:isDeletionAllowed(187)) - Close Container log Index 6 is not replicated across allthe servers in the pipeline 5b98df48-0bd5-4e4e-b730-4d56d0ff4dd9 as the min replicated index is 4. Deletion is not allowed in this container yet.
2019-10-18 07:11:05,144 [BlockDeletingService#2] WARN  background.BlockDeletingService (BlockDeletingService.java:isDeletionAllowed(187)) - Close Container log Index 6 is not replicated across allthe servers in the pipeline 5b98df48-0bd5-4e4e-b730-4d56d0ff4dd9 as the min replicated index is 4. Deletion is not allowed in this container yet.
2019-10-18 07:11:05,285 [Thread-825] INFO  impl.FollowerState (FollowerState.java:run(108)) - a7c18b56-7bd4-4e97-bac5-a7861ed2f887@group-4D56D0FF4DD9-FollowerState: change to CANDIDATE, lastRpcTime:156ms, electionTimeout:156ms
2019-10-18 07:11:05,285 [Thread-825] INFO  impl.RoleInfo (RoleInfo.java:shutdownFollowerState(121)) - a7c18b56-7bd4-4e97-bac5-a7861ed2f887: shutdown FollowerState
2019-10-18 07:11:05,285 [Thread-825] INFO  impl.RaftServerImpl (RaftServerImpl.java:setRole(184)) - a7c18b56-7bd4-4e97-bac5-a7861ed2f887@group-4D56D0FF4DD9: changes role from  FOLLOWER to CANDIDATE at term 36 for changeToCandidate
2019-10-18 07:11:05,286 [Thread-825] INFO  impl.RoleInfo (RoleInfo.java:updateAndGet(143)) - a7c18b56-7bd4-4e97-bac5-a7861ed2f887: start LeaderElection
2019-10-18 07:11:05,300 [a7c18b56-7bd4-4e97-bac5-a7861ed2f887@group-4D56D0FF4DD9-LeaderElection41] INFO  impl.LeaderElection (LeaderElection.java:askForVotes(178)) - a7c18b56-7bd4-4e97-bac5-a7861ed2f887@group-4D56D0FF4DD9-LeaderElection41: begin an election at term 37 for 0: [a7c18b56-7bd4-4e97-bac5-a7861ed2f887:192.168.69.67:34061, 0e41e4d3-9bdd-41a7-a6da-f6547615f156:192.168.69.67:46622, 365c74cf-9edf-4118-8168-00280e7ea799:192.168.69.67:37281], old=null
2019-10-18 07:11:05,303 [grpc-default-executor-8] INFO  impl.RaftServerImpl (RaftServerImpl.java:setRole(184)) - 0e41e4d3-9bdd-41a7-a6da-f6547615f156@group-4D56D0FF4DD9: changes role from  FOLLOWER to FOLLOWER at term 37 for recognizeCandidate:a7c18b56-7bd4-4e97-bac5-a7861ed2f887
2019-10-18 07:11:05,303 [grpc-default-executor-0] INFO  impl.RaftServerImpl (RaftServerImpl.java:setRole(184)) - 365c74cf-9edf-4118-8168-00280e7ea799@group-4D56D0FF4DD9: changes role from  FOLLOWER to FOLLOWER at term 37 for recognizeCandidate:a7c18b56-7bd4-4e97-bac5-a7861ed2f887
2019-10-18 07:11:05,303 [grpc-default-executor-8] INFO  impl.RoleInfo (RoleInfo.java:shutdownFollowerState(121)) - 0e41e4d3-9bdd-41a7-a6da-f6547615f156: shutdown FollowerState
2019-10-18 07:11:05,303 [grpc-default-executor-0] INFO  impl.RoleInfo (RoleInfo.java:shutdownFollowerState(121)) - 365c74cf-9edf-4118-8168-00280e7ea799: shutdown FollowerState
2019-10-18 07:11:05,303 [Thread-824] INFO  impl.FollowerState (FollowerState.java:run(117)) - 0e41e4d3-9bdd-41a7-a6da-f6547615f156@group-4D56D0FF4DD9-FollowerState was interrupted: java.lang.InterruptedException: sleep interrupted
2019-10-18 07:11:05,303 [grpc-default-executor-8] INFO  impl.RoleInfo (RoleInfo.java:updateAndGet(143)) - 0e41e4d3-9bdd-41a7-a6da-f6547615f156: start FollowerState
2019-10-18 07:11:05,304 [grpc-default-executor-0] INFO  impl.RoleInfo (RoleInfo.java:updateAndGet(143)) - 365c74cf-9edf-4118-8168-00280e7ea799: start FollowerState
2019-10-18 07:11:05,304 [Thread-823] INFO  impl.FollowerState (FollowerState.java:run(117)) - 365c74cf-9edf-4118-8168-00280e7ea799@group-4D56D0FF4DD9-FollowerState was interrupted: java.lang.InterruptedException: sleep interrupted
2019-10-18 07:11:05,318 [a7c18b56-7bd4-4e97-bac5-a7861ed2f887@group-4D56D0FF4DD9-LeaderElection41] INFO  impl.LeaderElection (LeaderElection.java:logAndReturn(56)) - a7c18b56-7bd4-4e97-bac5-a7861ed2f887@group-4D56D0FF4DD9-LeaderElection41: Election REJECTED; received 2 response(s) [a7c18b56-7bd4-4e97-bac5-a7861ed2f887<-0e41e4d3-9bdd-41a7-a6da-f6547615f156#0:FAIL-t37, a7c18b56-7bd4-4e97-bac5-a7861ed2f887<-365c74cf-9edf-4118-8168-00280e7ea799#0:FAIL-t37] and 0 exception(s); a7c18b56-7bd4-4e97-bac5-a7861ed2f887@group-4D56D0FF4DD9:t37, leader=null, voted=a7c18b56-7bd4-4e97-bac5-a7861ed2f887, raftlog=a7c18b56-7bd4-4e97-bac5-a7861ed2f887@group-4D56D0FF4DD9-SegmentedRaftLog:OPENED:c3,f4,i4, conf=0: [a7c18b56-7bd4-4e97-bac5-a7861ed2f887:192.168.69.67:34061, 0e41e4d3-9bdd-41a7-a6da-f6547615f156:192.168.69.67:46622, 365c74cf-9edf-4118-8168-00280e7ea799:192.168.69.67:37281], old=null
2019-10-18 07:11:05,319 [a7c18b56-7bd4-4e97-bac5-a7861ed2f887@group-4D56D0FF4DD9-LeaderElection41] INFO  impl.RaftServerImpl (RaftServerImpl.java:setRole(184)) - a7c18b56-7bd4-4e97-bac5-a7861ed2f887@group-4D56D0FF4DD9: changes role from CANDIDATE to FOLLOWER at term 37 for DISCOVERED_A_NEW_TERM
2019-10-18 07:11:05,319 [a7c18b56-7bd4-4e97-bac5-a7861ed2f887@group-4D56D0FF4DD9-LeaderElection41] INFO  impl.RoleInfo (RoleInfo.java:shutdownLeaderElection(134)) - a7c18b56-7bd4-4e97-bac5-a7861ed2f887: shutdown LeaderElection
2019-10-18 07:11:05,319 [a7c18b56-7bd4-4e97-bac5-a7861ed2f887@group-4D56D0FF4DD9-LeaderElection41] INFO  impl.RoleInfo (RoleInfo.java:updateAndGet(143)) - a7c18b56-7bd4-4e97-bac5-a7861ed2f887: start FollowerState
2019-10-18 07:11:05,373 [Thread-833] INFO  impl.FollowerState (FollowerState.java:run(108)) - a7c18b56-7bd4-4e97-bac5-a7861ed2f887@group-4D56D0FF4DD9-FollowerState: change to CANDIDATE, lastRpcTime:54ms, electionTimeout:54ms
2019-10-18 07:11:05,374 [Thread-833] INFO  impl.RoleInfo (RoleInfo.java:shutdownFollowerState(121)) - a7c18b56-7bd4-4e97-bac5-a7861ed2f887: shutdown FollowerState
2019-10-18 07:11:05,374 [Thread-833] INFO  impl.RaftServerImpl (RaftServerImpl.java:setRole(184)) - a7c18b56-7bd4-4e97-bac5-a7861ed2f887@group-4D56D0FF4DD9: changes role from  FOLLOWER to CANDIDATE at term 37 for changeToCandidate
2019-10-18 07:11:05,374 [Thread-833] INFO  impl.RoleInfo (RoleInfo.java:updateAndGet(143)) - a7c18b56-7bd4-4e97-bac5-a7861ed2f887: start LeaderElection
2019-10-18 07:11:05,388 [a7c18b56-7bd4-4e97-bac5-a7861ed2f887@group-4D56D0FF4DD9-LeaderElection42] INFO  impl.LeaderElection (LeaderElection.java:askForVotes(178)) - a7c18b56-7bd4-4e97-bac5-a7861ed2f887@group-4D56D0FF4DD9-LeaderElection42: begin an election at term 38 for 0: [a7c18b56-7bd4-4e97-bac5-a7861ed2f887:192.168.69.67:34061, 0e41e4d3-9bdd-41a7-a6da-f6547615f156:192.168.69.67:46622, 365c74cf-9edf-4118-8168-00280e7ea799:192.168.69.67:37281], old=null
2019-10-18 07:11:05,390 [grpc-default-executor-8] INFO  impl.RaftServerImpl (RaftServerImpl.java:setRole(184)) - 0e41e4d3-9bdd-41a7-a6da-f6547615f156@group-4D56D0FF4DD9: changes role from  FOLLOWER to FOLLOWER at term 38 for recognizeCandidate:a7c18b56-7bd4-4e97-bac5-a7861ed2f887
2019-10-18 07:11:05,390 [grpc-default-executor-0] INFO  impl.RaftServerImpl (RaftServerImpl.java:setRole(184)) - 365c74cf-9edf-4118-8168-00280e7ea799@group-4D56D0FF4DD9: changes role from  FOLLOWER to FOLLOWER at term 38 for recognizeCandidate:a7c18b56-7bd4-4e97-bac5-a7861ed2f887
2019-10-18 07:11:05,390 [grpc-default-executor-8] INFO  impl.RoleInfo (RoleInfo.java:shutdownFollowerState(121)) - 0e41e4d3-9bdd-41a7-a6da-f6547615f156: shutdown FollowerState
2019-10-18 07:11:05,391 [grpc-default-executor-0] INFO  impl.RoleInfo (RoleInfo.java:shutdownFollowerState(121)) - 365c74cf-9edf-4118-8168-00280e7ea799: shutdown FollowerState
2019-10-18 07:11:05,391 [grpc-default-executor-8] INFO  impl.RoleInfo (RoleInfo.java:updateAndGet(143)) - 0e41e4d3-9bdd-41a7-a6da-f6547615f156: start FollowerState
2019-10-18 07:11:05,391 [Thread-831] INFO  impl.FollowerState (FollowerState.java:run(117)) - 0e41e4d3-9bdd-41a7-a6da-f6547615f156@group-4D56D0FF4DD9-FollowerState was interrupted: java.lang.InterruptedException: sleep interrupted
2019-10-18 07:11:05,391 [Thread-832] INFO  impl.FollowerState (FollowerState.java:run(117)) - 365c74cf-9edf-4118-8168-00280e7ea799@group-4D56D0FF4DD9-FollowerState was interrupted: java.lang.InterruptedException: sleep interrupted
2019-10-18 07:11:05,391 [grpc-default-executor-0] INFO  impl.RoleInfo (RoleInfo.java:updateAndGet(143)) - 365c74cf-9edf-4118-8168-00280e7ea799: start FollowerState
2019-10-18 07:11:05,407 [a7c18b56-7bd4-4e97-bac5-a7861ed2f887@group-4D56D0FF4DD9-LeaderElection42] INFO  impl.LeaderElection (LeaderElection.java:logAndReturn(56)) - a7c18b56-7bd4-4e97-bac5-a7861ed2f887@group-4D56D0FF4DD9-LeaderElection42: Election REJECTED; received 2 response(s) [a7c18b56-7bd4-4e97-bac5-a7861ed2f887<-0e41e4d3-9bdd-41a7-a6da-f6547615f156#0:FAIL-t38, a7c18b56-7bd4-4e97-bac5-a7861ed2f887<-365c74cf-9edf-4118-8168-00280e7ea799#0:FAIL-t38] and 0 exception(s); a7c18b56-7bd4-4e97-bac5-a7861ed2f887@group-4D56D0FF4DD9:t38, leader=null, voted=a7c18b56-7bd4-4e97-bac5-a7861ed2f887, raftlog=a7c18b56-7bd4-4e97-bac5-a7861ed2f887@group-4D56D0FF4DD9-SegmentedRaftLog:OPENED:c3,f4,i4, conf=0: [a7c18b56-7bd4-4e97-bac5-a7861ed2f887:192.168.69.67:34061, 0e41e4d3-9bdd-41a7-a6da-f6547615f156:192.168.69.67:46622, 365c74cf-9edf-4118-8168-00280e7ea799:192.168.69.67:37281], old=null
2019-10-18 07:11:05,407 [a7c18b56-7bd4-4e97-bac5-a7861ed2f887@group-4D56D0FF4DD9-LeaderElection42] INFO  impl.RaftServerImpl (RaftServerImpl.java:setRole(184)) - a7c18b56-7bd4-4e97-bac5-a7861ed2f887@group-4D56D0FF4DD9: changes role from CANDIDATE to FOLLOWER at term 38 for DISCOVERED_A_NEW_TERM
2019-10-18 07:11:05,407 [a7c18b56-7bd4-4e97-bac5-a7861ed2f887@group-4D56D0FF4DD9-LeaderElection42] INFO  impl.RoleInfo (RoleInfo.java:shutdownLeaderElection(134)) - a7c18b56-7bd4-4e97-bac5-a7861ed2f887: shutdown LeaderElection
2019-10-18 07:11:05,407 [a7c18b56-7bd4-4e97-bac5-a7861ed2f887@group-4D56D0FF4DD9-LeaderElection42] INFO  impl.RoleInfo (RoleInfo.java:updateAndGet(143)) - a7c18b56-7bd4-4e97-bac5-a7861ed2f887: start FollowerState
2019-10-18 07:11:05,572 [Thread-839] INFO  impl.FollowerState (FollowerState.java:run(108)) - a7c18b56-7bd4-4e97-bac5-a7861ed2f887@group-4D56D0FF4DD9-FollowerState: change to CANDIDATE, lastRpcTime:164ms, electionTimeout:164ms
2019-10-18 07:11:05,572 [Thread-839] INFO  impl.RoleInfo (RoleInfo.java:shutdownFollowerState(121)) - a7c18b56-7bd4-4e97-bac5-a7861ed2f887: shutdown FollowerState
2019-10-18 07:11:05,572 [Thread-839] INFO  impl.RaftServerImpl (RaftServerImpl.java:setRole(184)) - a7c18b56-7bd4-4e97-bac5-a7861ed2f887@group-4D56D0FF4DD9: changes role from  FOLLOWER to CANDIDATE at term 38 for changeToCandidate
2019-10-18 07:11:05,572 [Thread-839] INFO  impl.RoleInfo (RoleInfo.java:updateAndGet(143)) - a7c18b56-7bd4-4e97-bac5-a7861ed2f887: start LeaderElection
2019-10-18 07:11:05,586 [a7c18b56-7bd4-4e97-bac5-a7861ed2f887@group-4D56D0FF4DD9-LeaderElection43] INFO  impl.LeaderElection (LeaderElection.java:askForVotes(178)) - a7c18b56-7bd4-4e97-bac5-a7861ed2f887@group-4D56D0FF4DD9-LeaderElection43: begin an election at term 39 for 0: [a7c18b56-7bd4-4e97-bac5-a7861ed2f887:192.168.69.67:34061, 0e41e4d3-9bdd-41a7-a6da-f6547615f156:192.168.69.67:46622, 365c74cf-9edf-4118-8168-00280e7ea799:192.168.69.67:37281], old=null
2019-10-18 07:11:05,589 [grpc-default-executor-8] INFO  impl.RaftServerImpl (RaftServerImpl.java:setRole(184)) - 365c74cf-9edf-4118-8168-00280e7ea799@group-4D56D0FF4DD9: changes role from  FOLLOWER to FOLLOWER at term 39 for recognizeCandidate:a7c18b56-7bd4-4e97-bac5-a7861ed2f887
2019-10-18 07:11:05,589 [grpc-default-executor-8] INFO  impl.RoleInfo (RoleInfo.java:shutdownFollowerState(121)) - 365c74cf-9edf-4118-8168-00280e7ea799: shutdown FollowerState
2019-10-18 07:11:05,589 [grpc-default-executor-0] INFO  impl.RaftServerImpl (RaftServerImpl.java:setRole(184)) - 0e41e4d3-9bdd-41a7-a6da-f6547615f156@group-4D56D0FF4DD9: changes role from  FOLLOWER to FOLLOWER at term 39 for recognizeCandidate:a7c18b56-7bd4-4e97-bac5-a7861ed2f887
2019-10-18 07:11:05,589 [Thread-838] INFO  impl.FollowerState (FollowerState.java:run(117)) - 365c74cf-9edf-4118-8168-00280e7ea799@group-4D56D0FF4DD9-FollowerState was interrupted: java.lang.InterruptedException: sleep interrupted
2019-10-18 07:11:05,589 [grpc-default-executor-8] INFO  impl.RoleInfo (RoleInfo.java:updateAndGet(143)) - 365c74cf-9edf-4118-8168-00280e7ea799: start FollowerState
2019-10-18 07:11:05,589 [grpc-default-executor-0] INFO  impl.RoleInfo (RoleInfo.java:shutdownFollowerState(121)) - 0e41e4d3-9bdd-41a7-a6da-f6547615f156: shutdown FollowerState
2019-10-18 07:11:05,589 [Thread-837] INFO  impl.FollowerState (FollowerState.java:run(117)) - 0e41e4d3-9bdd-41a7-a6da-f6547615f156@group-4D56D0FF4DD9-FollowerState was interrupted: java.lang.InterruptedException: sleep interrupted
2019-10-18 07:11:05,589 [grpc-default-executor-0] INFO  impl.RoleInfo (RoleInfo.java:updateAndGet(143)) - 0e41e4d3-9bdd-41a7-a6da-f6547615f156: start FollowerState
2019-10-18 07:11:05,604 [a7c18b56-7bd4-4e97-bac5-a7861ed2f887@group-4D56D0FF4DD9-LeaderElection43] INFO  impl.LeaderElection (LeaderElection.java:logAndReturn(56)) - a7c18b56-7bd4-4e97-bac5-a7861ed2f887@group-4D56D0FF4DD9-LeaderElection43: Election REJECTED; received 2 response(s) [a7c18b56-7bd4-4e97-bac5-a7861ed2f887<-0e41e4d3-9bdd-41a7-a6da-f6547615f156#0:FAIL-t39, a7c18b56-7bd4-4e97-bac5-a7861ed2f887<-365c74cf-9edf-4118-8168-00280e7ea799#0:FAIL-t39] and 0 exception(s); a7c18b56-7bd4-4e97-bac5-a7861ed2f887@group-4D56D0FF4DD9:t39, leader=null, voted=a7c18b56-7bd4-4e97-bac5-a7861ed2f887, raftlog=a7c18b56-7bd4-4e97-bac5-a7861ed2f887@group-4D56D0FF4DD9-SegmentedRaftLog:OPENED:c3,f4,i4, conf=0: [a7c18b56-7bd4-4e97-bac5-a7861ed2f887:192.168.69.67:34061, 0e41e4d3-9bdd-41a7-a6da-f6547615f156:192.168.69.67:46622, 365c74cf-9edf-4118-8168-00280e7ea799:192.168.69.67:37281], old=null
2019-10-18 07:11:05,604 [a7c18b56-7bd4-4e97-bac5-a7861ed2f887@group-4D56D0FF4DD9-LeaderElection43] INFO  impl.RaftServerImpl (RaftServerImpl.java:setRole(184)) - a7c18b56-7bd4-4e97-bac5-a7861ed2f887@group-4D56D0FF4DD9: changes role from CANDIDATE to FOLLOWER at term 39 for DISCOVERED_A_NEW_TERM
2019-10-18 07:11:05,604 [a7c18b56-7bd4-4e97-bac5-a7861ed2f887@group-4D56D0FF4DD9-LeaderElection43] INFO  impl.RoleInfo (RoleInfo.java:shutdownLeaderElection(134)) - a7c18b56-7bd4-4e97-bac5-a7861ed2f887: shutdown LeaderElection
2019-10-18 07:11:05,604 [a7c18b56-7bd4-4e97-bac5-a7861ed2f887@group-4D56D0FF4DD9-LeaderElection43] INFO  impl.RoleInfo (RoleInfo.java:updateAndGet(143)) - a7c18b56-7bd4-4e97-bac5-a7861ed2f887: start FollowerState
2019-10-18 07:11:05,742 [Thread-845] INFO  impl.FollowerState (FollowerState.java:run(108)) - a7c18b56-7bd4-4e97-bac5-a7861ed2f887@group-4D56D0FF4DD9-FollowerState: change to CANDIDATE, lastRpcTime:137ms, electionTimeout:137ms
2019-10-18 07:11:05,742 [Thread-845] INFO  impl.RoleInfo (RoleInfo.java:shutdownFollowerState(121)) - a7c18b56-7bd4-4e97-bac5-a7861ed2f887: shutdown FollowerState
2019-10-18 07:11:05,742 [Thread-845] INFO  impl.RaftServerImpl (RaftServerImpl.java:setRole(184)) - a7c18b56-7bd4-4e97-bac5-a7861ed2f887@group-4D56D0FF4DD9: changes role from  FOLLOWER to CANDIDATE at term 39 for changeToCandidate
2019-10-18 07:11:05,742 [Thread-845] INFO  impl.RoleInfo (RoleInfo.java:updateAndGet(143)) - a7c18b56-7bd4-4e97-bac5-a7861ed2f887: start LeaderElection
2019-10-18 07:11:05,755 [a7c18b56-7bd4-4e97-bac5-a7861ed2f887@group-4D56D0FF4DD9-LeaderElection44] INFO  impl.LeaderElection (LeaderElection.java:askForVotes(178)) - a7c18b56-7bd4-4e97-bac5-a7861ed2f887@group-4D56D0FF4DD9-LeaderElection44: begin an election at term 40 for 0: [a7c18b56-7bd4-4e97-bac5-a7861ed2f887:192.168.69.67:34061, 0e41e4d3-9bdd-41a7-a6da-f6547615f156:192.168.69.67:46622, 365c74cf-9edf-4118-8168-00280e7ea799:192.168.69.67:37281], old=null
2019-10-18 07:11:05,758 [grpc-default-executor-0] INFO  impl.RaftServerImpl (RaftServerImpl.java:setRole(184)) - 365c74cf-9edf-4118-8168-00280e7ea799@group-4D56D0FF4DD9: changes role from  FOLLOWER to FOLLOWER at term 40 for recognizeCandidate:a7c18b56-7bd4-4e97-bac5-a7861ed2f887
2019-10-18 07:11:05,758 [grpc-default-executor-8] INFO  impl.RaftServerImpl (RaftServerImpl.java:setRole(184)) - 0e41e4d3-9bdd-41a7-a6da-f6547615f156@group-4D56D0FF4DD9: changes role from  FOLLOWER to FOLLOWER at term 40 for recognizeCandidate:a7c18b56-7bd4-4e97-bac5-a7861ed2f887
2019-10-18 07:11:05,758 [grpc-default-executor-0] INFO  impl.RoleInfo (RoleInfo.java:shutdownFollowerState(121)) - 365c74cf-9edf-4118-8168-00280e7ea799: shutdown FollowerState
2019-10-18 07:11:05,759 [grpc-default-executor-8] INFO  impl.RoleInfo (RoleInfo.java:shutdownFollowerState(121)) - 0e41e4d3-9bdd-41a7-a6da-f6547615f156: shutdown FollowerState
2019-10-18 07:11:05,759 [grpc-default-executor-0] INFO  impl.RoleInfo (RoleInfo.java:updateAndGet(143)) - 365c74cf-9edf-4118-8168-00280e7ea799: start FollowerState
2019-10-18 07:11:05,759 [Thread-844] INFO  impl.FollowerState (FollowerState.java:run(117)) - 0e41e4d3-9bdd-41a7-a6da-f6547615f156@group-4D56D0FF4DD9-FollowerState was interrupted: java.lang.InterruptedException: sleep interrupted
2019-10-18 07:11:05,759 [grpc-default-executor-8] INFO  impl.RoleInfo (RoleInfo.java:updateAndGet(143)) - 0e41e4d3-9bdd-41a7-a6da-f6547615f156: start FollowerState
2019-10-18 07:11:05,759 [Thread-843] INFO  impl.FollowerState (FollowerState.java:run(117)) - 365c74cf-9edf-4118-8168-00280e7ea799@group-4D56D0FF4DD9-FollowerState was interrupted: java.lang.InterruptedException: sleep interrupted
2019-10-18 07:11:05,783 [a7c18b56-7bd4-4e97-bac5-a7861ed2f887@group-4D56D0FF4DD9-LeaderElection44] INFO  impl.LeaderElection (LeaderElection.java:logAndReturn(56)) - a7c18b56-7bd4-4e97-bac5-a7861ed2f887@group-4D56D0FF4DD9-LeaderElection44: Election TIMEOUT; received 1 response(s) [a7c18b56-7bd4-4e97-bac5-a7861ed2f887<-0e41e4d3-9bdd-41a7-a6da-f6547615f156#0:FAIL-t40] and 0 exception(s); a7c18b56-7bd4-4e97-bac5-a7861ed2f887@group-4D56D0FF4DD9:t40, leader=null, voted=a7c18b56-7bd4-4e97-bac5-a7861ed2f887, raftlog=a7c18b56-7bd4-4e97-bac5-a7861ed2f887@group-4D56D0FF4DD9-SegmentedRaftLog:OPENED:c3,f4,i4, conf=0: [a7c18b56-7bd4-4e97-bac5-a7861ed2f887:192.168.69.67:34061, 0e41e4d3-9bdd-41a7-a6da-f6547615f156:192.168.69.67:46622, 365c74cf-9edf-4118-8168-00280e7ea799:192.168.69.67:37281], old=null
2019-10-18 07:11:05,802 [a7c18b56-7bd4-4e97-bac5-a7861ed2f887@group-4D56D0FF4DD9-LeaderElection44] INFO  impl.LeaderElection (LeaderElection.java:askForVotes(178)) - a7c18b56-7bd4-4e97-bac5-a7861ed2f887@group-4D56D0FF4DD9-LeaderElection44: begin an election at term 41 for 0: [a7c18b56-7bd4-4e97-bac5-a7861ed2f887:192.168.69.67:34061, 0e41e4d3-9bdd-41a7-a6da-f6547615f156:192.168.69.67:46622, 365c74cf-9edf-4118-8168-00280e7ea799:192.168.69.67:37281], old=null
2019-10-18 07:11:05,803 [grpc-default-executor-8] INFO  impl.RaftServerImpl (RaftServerImpl.java:setRole(184)) - 0e41e4d3-9bdd-41a7-a6da-f6547615f156@group-4D56D0FF4DD9: changes role from  FOLLOWER to FOLLOWER at term 41 for recognizeCandidate:a7c18b56-7bd4-4e97-bac5-a7861ed2f887
2019-10-18 07:11:05,803 [grpc-default-executor-0] INFO  impl.RaftServerImpl (RaftServerImpl.java:setRole(184)) - 365c74cf-9edf-4118-8168-00280e7ea799@group-4D56D0FF4DD9: changes role from  FOLLOWER to FOLLOWER at term 41 for recognizeCandidate:a7c18b56-7bd4-4e97-bac5-a7861ed2f887
2019-10-18 07:11:05,804 [grpc-default-executor-8] INFO  impl.RoleInfo (RoleInfo.java:shutdownFollowerState(121)) - 0e41e4d3-9bdd-41a7-a6da-f6547615f156: shutdown FollowerState
2019-10-18 07:11:05,804 [grpc-default-executor-0] INFO  impl.RoleInfo (RoleInfo.java:shutdownFollowerState(121)) - 365c74cf-9edf-4118-8168-00280e7ea799: shutdown FollowerState
2019-10-18 07:11:05,804 [grpc-default-executor-8] INFO  impl.RoleInfo (RoleInfo.java:updateAndGet(143)) - 0e41e4d3-9bdd-41a7-a6da-f6547615f156: start FollowerState
2019-10-18 07:11:05,804 [Thread-850] INFO  impl.FollowerState (FollowerState.java:run(117)) - 0e41e4d3-9bdd-41a7-a6da-f6547615f156@group-4D56D0FF4DD9-FollowerState was interrupted: java.lang.InterruptedException: sleep interrupted
2019-10-18 07:11:05,804 [Thread-849] INFO  impl.FollowerState (FollowerState.java:run(117)) - 365c74cf-9edf-4118-8168-00280e7ea799@group-4D56D0FF4DD9-FollowerState was interrupted: java.lang.InterruptedException: sleep interrupted
2019-10-18 07:11:05,804 [grpc-default-executor-0] INFO  impl.RoleInfo (RoleInfo.java:updateAndGet(143)) - 365c74cf-9edf-4118-8168-00280e7ea799: start FollowerState
2019-10-18 07:11:05,812 [a7c18b56-7bd4-4e97-bac5-a7861ed2f887@group-4D56D0FF4DD9-LeaderElection44] INFO  impl.LeaderElection (LeaderElection.java:logAndReturn(56)) - a7c18b56-7bd4-4e97-bac5-a7861ed2f887@group-4D56D0FF4DD9-LeaderElection44: Election REJECTED; received 2 response(s) [a7c18b56-7bd4-4e97-bac5-a7861ed2f887<-0e41e4d3-9bdd-41a7-a6da-f6547615f156#0:FAIL-t41, a7c18b56-7bd4-4e97-bac5-a7861ed2f887<-365c74cf-9edf-4118-8168-00280e7ea799#0:FAIL-t41] and 0 exception(s); a7c18b56-7bd4-4e97-bac5-a7861ed2f887@group-4D56D0FF4DD9:t41, leader=null, voted=a7c18b56-7bd4-4e97-bac5-a7861ed2f887, raftlog=a7c18b56-7bd4-4e97-bac5-a7861ed2f887@group-4D56D0FF4DD9-SegmentedRaftLog:OPENED:c3,f4,i4, conf=0: [a7c18b56-7bd4-4e97-bac5-a7861ed2f887:192.168.69.67:34061, 0e41e4d3-9bdd-41a7-a6da-f6547615f156:192.168.69.67:46622, 365c74cf-9edf-4118-8168-00280e7ea799:192.168.69.67:37281], old=null
2019-10-18 07:11:05,812 [a7c18b56-7bd4-4e97-bac5-a7861ed2f887@group-4D56D0FF4DD9-LeaderElection44] INFO  impl.RaftServerImpl (RaftServerImpl.java:setRole(184)) - a7c18b56-7bd4-4e97-bac5-a7861ed2f887@group-4D56D0FF4DD9: changes role from CANDIDATE to FOLLOWER at term 41 for DISCOVERED_A_NEW_TERM
2019-10-18 07:11:05,812 [a7c18b56-7bd4-4e97-bac5-a7861ed2f887@group-4D56D0FF4DD9-LeaderElection44] INFO  impl.RoleInfo (RoleInfo.java:shutdownLeaderElection(134)) - a7c18b56-7bd4-4e97-bac5-a7861ed2f887: shutdown LeaderElection
2019-10-18 07:11:05,812 [a7c18b56-7bd4-4e97-bac5-a7861ed2f887@group-4D56D0FF4DD9-LeaderElection44] INFO  impl.RoleInfo (RoleInfo.java:updateAndGet(143)) - a7c18b56-7bd4-4e97-bac5-a7861ed2f887: start FollowerState
2019-10-18 07:11:05,849 [Thread-855] INFO  impl.FollowerState (FollowerState.java:run(108)) - a7c18b56-7bd4-4e97-bac5-a7861ed2f887@group-4D56D0FF4DD9-FollowerState: change to CANDIDATE, lastRpcTime:36ms, electionTimeout:36ms
2019-10-18 07:11:05,849 [Thread-855] INFO  impl.RoleInfo (RoleInfo.java:shutdownFollowerState(121)) - a7c18b56-7bd4-4e97-bac5-a7861ed2f887: shutdown FollowerState
2019-10-18 07:11:05,849 [Thread-855] INFO  impl.RaftServerImpl (RaftServerImpl.java:setRole(184)) - a7c18b56-7bd4-4e97-bac5-a7861ed2f887@group-4D56D0FF4DD9: changes role from  FOLLOWER to CANDIDATE at term 41 for changeToCandidate
2019-10-18 07:11:05,849 [Thread-855] INFO  impl.RoleInfo (RoleInfo.java:updateAndGet(143)) - a7c18b56-7bd4-4e97-bac5-a7861ed2f887: start LeaderElection
2019-10-18 07:11:05,863 [a7c18b56-7bd4-4e97-bac5-a7861ed2f887@group-4D56D0FF4DD9-LeaderElection45] INFO  impl.LeaderElection (LeaderElection.java:askForVotes(178)) - a7c18b56-7bd4-4e97-bac5-a7861ed2f887@group-4D56D0FF4DD9-LeaderElection45: begin an election at term 42 for 0: [a7c18b56-7bd4-4e97-bac5-a7861ed2f887:192.168.69.67:34061, 0e41e4d3-9bdd-41a7-a6da-f6547615f156:192.168.69.67:46622, 365c74cf-9edf-4118-8168-00280e7ea799:192.168.69.67:37281], old=null
2019-10-18 07:11:05,866 [grpc-default-executor-8] INFO  impl.RaftServerImpl (RaftServerImpl.java:setRole(184)) - 0e41e4d3-9bdd-41a7-a6da-f6547615f156@group-4D56D0FF4DD9: changes role from  FOLLOWER to FOLLOWER at term 42 for recognizeCandidate:a7c18b56-7bd4-4e97-bac5-a7861ed2f887
2019-10-18 07:11:05,866 [grpc-default-executor-0] INFO  impl.RaftServerImpl (RaftServerImpl.java:setRole(184)) - 365c74cf-9edf-4118-8168-00280e7ea799@group-4D56D0FF4DD9: changes role from  FOLLOWER to FOLLOWER at term 42 for recognizeCandidate:a7c18b56-7bd4-4e97-bac5-a7861ed2f887
2019-10-18 07:11:05,866 [grpc-default-executor-8] INFO  impl.RoleInfo (RoleInfo.java:shutdownFollowerState(121)) - 0e41e4d3-9bdd-41a7-a6da-f6547615f156: shutdown FollowerState
2019-10-18 07:11:05,866 [grpc-default-executor-0] INFO  impl.RoleInfo (RoleInfo.java:shutdownFollowerState(121)) - 365c74cf-9edf-4118-8168-00280e7ea799: shutdown FollowerState
2019-10-18 07:11:05,867 [grpc-default-executor-8] INFO  impl.RoleInfo (RoleInfo.java:updateAndGet(143)) - 0e41e4d3-9bdd-41a7-a6da-f6547615f156: start FollowerState
2019-10-18 07:11:05,867 [grpc-default-executor-0] INFO  impl.RoleInfo (RoleInfo.java:updateAndGet(143)) - 365c74cf-9edf-4118-8168-00280e7ea799: start FollowerState
2019-10-18 07:11:05,867 [Thread-853] INFO  impl.FollowerState (FollowerState.java:run(117)) - 0e41e4d3-9bdd-41a7-a6da-f6547615f156@group-4D56D0FF4DD9-FollowerState was interrupted: java.lang.InterruptedException: sleep interrupted
2019-10-18 07:11:05,867 [Thread-854] INFO  impl.FollowerState (FollowerState.java:run(117)) - 365c74cf-9edf-4118-8168-00280e7ea799@group-4D56D0FF4DD9-FollowerState was interrupted: java.lang.InterruptedException: sleep interrupted
2019-10-18 07:11:05,881 [a7c18b56-7bd4-4e97-bac5-a7861ed2f887@group-4D56D0FF4DD9-LeaderElection45] INFO  impl.LeaderElection (LeaderElection.java:logAndReturn(56)) - a7c18b56-7bd4-4e97-bac5-a7861ed2f887@group-4D56D0FF4DD9-LeaderElection45: Election REJECTED; received 2 response(s) [a7c18b56-7bd4-4e97-bac5-a7861ed2f887<-0e41e4d3-9bdd-41a7-a6da-f6547615f156#0:FAIL-t42, a7c18b56-7bd4-4e97-bac5-a7861ed2f887<-365c74cf-9edf-4118-8168-00280e7ea799#0:FAIL-t42] and 0 exception(s); a7c18b56-7bd4-4e97-bac5-a7861ed2f887@group-4D56D0FF4DD9:t42, leader=null, voted=a7c18b56-7bd4-4e97-bac5-a7861ed2f887, raftlog=a7c18b56-7bd4-4e97-bac5-a7861ed2f887@group-4D56D0FF4DD9-SegmentedRaftLog:OPENED:c3,f4,i4, conf=0: [a7c18b56-7bd4-4e97-bac5-a7861ed2f887:192.168.69.67:34061, 0e41e4d3-9bdd-41a7-a6da-f6547615f156:192.168.69.67:46622, 365c74cf-9edf-4118-8168-00280e7ea799:192.168.69.67:37281], old=null
2019-10-18 07:11:05,881 [a7c18b56-7bd4-4e97-bac5-a7861ed2f887@group-4D56D0FF4DD9-LeaderElection45] INFO  impl.RaftServerImpl (RaftServerImpl.java:setRole(184)) - a7c18b56-7bd4-4e97-bac5-a7861ed2f887@group-4D56D0FF4DD9: changes role from CANDIDATE to FOLLOWER at term 42 for DISCOVERED_A_NEW_TERM
2019-10-18 07:11:05,881 [a7c18b56-7bd4-4e97-bac5-a7861ed2f887@group-4D56D0FF4DD9-LeaderElection45] INFO  impl.RoleInfo (RoleInfo.java:shutdownLeaderElection(134)) - a7c18b56-7bd4-4e97-bac5-a7861ed2f887: shutdown LeaderElection
2019-10-18 07:11:05,881 [a7c18b56-7bd4-4e97-bac5-a7861ed2f887@group-4D56D0FF4DD9-LeaderElection45] INFO  impl.RoleInfo (RoleInfo.java:updateAndGet(143)) - a7c18b56-7bd4-4e97-bac5-a7861ed2f887: start FollowerState
2019-10-18 07:11:06,034 [Thread-861] INFO  impl.FollowerState (FollowerState.java:run(108)) - a7c18b56-7bd4-4e97-bac5-a7861ed2f887@group-4D56D0FF4DD9-FollowerState: change to CANDIDATE, lastRpcTime:152ms, electionTimeout:152ms
2019-10-18 07:11:06,034 [Thread-861] INFO  impl.RoleInfo (RoleInfo.java:shutdownFollowerState(121)) - a7c18b56-7bd4-4e97-bac5-a7861ed2f887: shutdown FollowerState
2019-10-18 07:11:06,034 [Thread-861] INFO  impl.RaftServerImpl (RaftServerImpl.java:setRole(184)) - a7c18b56-7bd4-4e97-bac5-a7861ed2f887@group-4D56D0FF4DD9: changes role from  FOLLOWER to CANDIDATE at term 42 for changeToCandidate
2019-10-18 07:11:06,034 [Thread-861] INFO  impl.RoleInfo (RoleInfo.java:updateAndGet(143)) - a7c18b56-7bd4-4e97-bac5-a7861ed2f887: start LeaderElection
2019-10-18 07:11:06,037 [Thread-867] INFO  client.GrpcClientProtocolService (GrpcClientProtocolService.java:lambda$processClientRequest$0(278)) - Failed RaftClientRequest:client-23AD7B0CD45D->0e41e4d3-9bdd-41a7-a6da-f6547615f156@group-4D56D0FF4DD9, cid=10, seq=0, Watch-ALL_COMMITTED(6), Message:<EMPTY>, reply=RaftClientReply:client-23AD7B0CD45D->0e41e4d3-9bdd-41a7-a6da-f6547615f156@group-4D56D0FF4DD9, cid=10, FAILED org.apache.ratis.protocol.NotLeaderException: Server 0e41e4d3-9bdd-41a7-a6da-f6547615f156@group-4D56D0FF4DD9 is not the leader, logIndex=0, commits[0e41e4d3-9bdd-41a7-a6da-f6547615f156:c10, a7c18b56-7bd4-4e97-bac5-a7861ed2f887:c4, 365c74cf-9edf-4118-8168-00280e7ea799:c10]
2019-10-18 07:11:06,048 [a7c18b56-7bd4-4e97-bac5-a7861ed2f887@group-4D56D0FF4DD9-LeaderElection46] INFO  impl.LeaderElection (LeaderElection.java:askForVotes(178)) - a7c18b56-7bd4-4e97-bac5-a7861ed2f887@group-4D56D0FF4DD9-LeaderElection46: begin an election at term 43 for 0: [a7c18b56-7bd4-4e97-bac5-a7861ed2f887:192.168.69.67:34061, 0e41e4d3-9bdd-41a7-a6da-f6547615f156:192.168.69.67:46622, 365c74cf-9edf-4118-8168-00280e7ea799:192.168.69.67:37281], old=null
2019-10-18 07:11:06,050 [grpc-default-executor-6] INFO  impl.RaftServerImpl (RaftServerImpl.java:setRole(184)) - 0e41e4d3-9bdd-41a7-a6da-f6547615f156@group-4D56D0FF4DD9: changes role from  FOLLOWER to FOLLOWER at term 43 for recognizeCandidate:a7c18b56-7bd4-4e97-bac5-a7861ed2f887
2019-10-18 07:11:06,051 [grpc-default-executor-6] INFO  impl.RoleInfo (RoleInfo.java:shutdownFollowerState(121)) - 0e41e4d3-9bdd-41a7-a6da-f6547615f156: shutdown FollowerState
2019-10-18 07:11:06,051 [grpc-default-executor-0] INFO  impl.RaftServerImpl (RaftServerImpl.java:setRole(184)) - 365c74cf-9edf-4118-8168-00280e7ea799@group-4D56D0FF4DD9: changes role from  FOLLOWER to FOLLOWER at term 43 for recognizeCandidate:a7c18b56-7bd4-4e97-bac5-a7861ed2f887
2019-10-18 07:11:06,051 [grpc-default-executor-6] INFO  impl.RoleInfo (RoleInfo.java:updateAndGet(143)) - 0e41e4d3-9bdd-41a7-a6da-f6547615f156: start FollowerState
2019-10-18 07:11:06,051 [Thread-859] INFO  impl.FollowerState (FollowerState.java:run(117)) - 0e41e4d3-9bdd-41a7-a6da-f6547615f156@group-4D56D0FF4DD9-FollowerState was interrupted: java.lang.InterruptedException: sleep interrupted
2019-10-18 07:11:06,051 [grpc-default-executor-0] INFO  impl.RoleInfo (RoleInfo.java:shutdownFollowerState(121)) - 365c74cf-9edf-4118-8168-00280e7ea799: shutdown FollowerState
2019-10-18 07:11:06,051 [grpc-default-executor-0] INFO  impl.RoleInfo (RoleInfo.java:updateAndGet(143)) - 365c74cf-9edf-4118-8168-00280e7ea799: start FollowerState
2019-10-18 07:11:06,051 [Thread-860] INFO  impl.FollowerState (FollowerState.java:run(117)) - 365c74cf-9edf-4118-8168-00280e7ea799@group-4D56D0FF4DD9-FollowerState was interrupted: java.lang.InterruptedException: sleep interrupted
2019-10-18 07:11:06,068 [a7c18b56-7bd4-4e97-bac5-a7861ed2f887@group-4D56D0FF4DD9-LeaderElection46] INFO  impl.LeaderElection (LeaderElection.java:logAndReturn(56)) - a7c18b56-7bd4-4e97-bac5-a7861ed2f887@group-4D56D0FF4DD9-LeaderElection46: Election REJECTED; received 2 response(s) [a7c18b56-7bd4-4e97-bac5-a7861ed2f887<-0e41e4d3-9bdd-41a7-a6da-f6547615f156#0:FAIL-t43, a7c18b56-7bd4-4e97-bac5-a7861ed2f887<-365c74cf-9edf-4118-8168-00280e7ea799#0:FAIL-t43] and 0 exception(s); a7c18b56-7bd4-4e97-bac5-a7861ed2f887@group-4D56D0FF4DD9:t43, leader=null, voted=a7c18b56-7bd4-4e97-bac5-a7861ed2f887, raftlog=a7c18b56-7bd4-4e97-bac5-a7861ed2f887@group-4D56D0FF4DD9-SegmentedRaftLog:OPENED:c3,f4,i4, conf=0: [a7c18b56-7bd4-4e97-bac5-a7861ed2f887:192.168.69.67:34061, 0e41e4d3-9bdd-41a7-a6da-f6547615f156:192.168.69.67:46622, 365c74cf-9edf-4118-8168-00280e7ea799:192.168.69.67:37281], old=null
2019-10-18 07:11:06,068 [a7c18b56-7bd4-4e97-bac5-a7861ed2f887@group-4D56D0FF4DD9-LeaderElection46] INFO  impl.RaftServerImpl (RaftServerImpl.java:setRole(184)) - a7c18b56-7bd4-4e97-bac5-a7861ed2f887@group-4D56D0FF4DD9: changes role from CANDIDATE to FOLLOWER at term 43 for DISCOVERED_A_NEW_TERM
2019-10-18 07:11:06,068 [a7c18b56-7bd4-4e97-bac5-a7861ed2f887@group-4D56D0FF4DD9-LeaderElection46] INFO  impl.RoleInfo (RoleInfo.java:shutdownLeaderElection(134)) - a7c18b56-7bd4-4e97-bac5-a7861ed2f887: shutdown LeaderElection
2019-10-18 07:11:06,068 [a7c18b56-7bd4-4e97-bac5-a7861ed2f887@group-4D56D0FF4DD9-LeaderElection46] INFO  impl.RoleInfo (RoleInfo.java:updateAndGet(143)) - a7c18b56-7bd4-4e97-bac5-a7861ed2f887: start FollowerState
2019-10-18 07:11:06,145 [BlockDeletingService#2] WARN  background.BlockDeletingService (BlockDeletingService.java:isDeletionAllowed(187)) - Close Container log Index 6 is not replicated across allthe servers in the pipeline 5b98df48-0bd5-4e4e-b730-4d56d0ff4dd9 as the min replicated index is 4. Deletion is not allowed in this container yet.
2019-10-18 07:11:06,145 [BlockDeletingService#2] WARN  background.BlockDeletingService (BlockDeletingService.java:isDeletionAllowed(187)) - Close Container log Index 6 is not replicated across allthe servers in the pipeline 5b98df48-0bd5-4e4e-b730-4d56d0ff4dd9 as the min replicated index is 4. Deletion is not allowed in this container yet.
2019-10-18 07:11:06,203 [Thread-873] INFO  impl.FollowerState (FollowerState.java:run(108)) - a7c18b56-7bd4-4e97-bac5-a7861ed2f887@group-4D56D0FF4DD9-FollowerState: change to CANDIDATE, lastRpcTime:135ms, electionTimeout:135ms
2019-10-18 07:11:06,204 [Thread-873] INFO  impl.RoleInfo (RoleInfo.java:shutdownFollowerState(121)) - a7c18b56-7bd4-4e97-bac5-a7861ed2f887: shutdown FollowerState
2019-10-18 07:11:06,204 [Thread-873] INFO  impl.RaftServerImpl (RaftServerImpl.java:setRole(184)) - a7c18b56-7bd4-4e97-bac5-a7861ed2f887@group-4D56D0FF4DD9: changes role from  FOLLOWER to CANDIDATE at term 43 for changeToCandidate
2019-10-18 07:11:06,204 [Thread-873] INFO  impl.RoleInfo (RoleInfo.java:updateAndGet(143)) - a7c18b56-7bd4-4e97-bac5-a7861ed2f887: start LeaderElection
2019-10-18 07:11:06,217 [a7c18b56-7bd4-4e97-bac5-a7861ed2f887@group-4D56D0FF4DD9-LeaderElection47] INFO  impl.LeaderElection (LeaderElection.java:askForVotes(178)) - a7c18b56-7bd4-4e97-bac5-a7861ed2f887@group-4D56D0FF4DD9-LeaderElection47: begin an election at term 44 for 0: [a7c18b56-7bd4-4e97-bac5-a7861ed2f887:192.168.69.67:34061, 0e41e4d3-9bdd-41a7-a6da-f6547615f156:192.168.69.67:46622, 365c74cf-9edf-4118-8168-00280e7ea799:192.168.69.67:37281], old=null
2019-10-18 07:11:06,220 [grpc-default-executor-0] INFO  impl.RaftServerImpl (RaftServerImpl.java:setRole(184)) - 365c74cf-9edf-4118-8168-00280e7ea799@group-4D56D0FF4DD9: changes role from  FOLLOWER to FOLLOWER at term 44 for recognizeCandidate:a7c18b56-7bd4-4e97-bac5-a7861ed2f887
2019-10-18 07:11:06,220 [grpc-default-executor-6] INFO  impl.RaftServerImpl (RaftServerImpl.java:setRole(184)) - 0e41e4d3-9bdd-41a7-a6da-f6547615f156@group-4D56D0FF4DD9: changes role from  FOLLOWER to FOLLOWER at term 44 for recognizeCandidate:a7c18b56-7bd4-4e97-bac5-a7861ed2f887
2019-10-18 07:11:06,221 [grpc-default-executor-0] INFO  impl.RoleInfo (RoleInfo.java:shutdownFollowerState(121)) - 365c74cf-9edf-4118-8168-00280e7ea799: shutdown FollowerState
2019-10-18 07:11:06,221 [grpc-default-executor-6] INFO  impl.RoleInfo (RoleInfo.java:shutdownFollowerState(121)) - 0e41e4d3-9bdd-41a7-a6da-f6547615f156: shutdown FollowerState
2019-10-18 07:11:06,221 [Thread-872] INFO  impl.FollowerState (FollowerState.java:run(117)) - 365c74cf-9edf-4118-8168-00280e7ea799@group-4D56D0FF4DD9-FollowerState was interrupted: java.lang.InterruptedException: sleep interrupted
2019-10-18 07:11:06,221 [grpc-default-executor-0] INFO  impl.RoleInfo (RoleInfo.java:updateAndGet(143)) - 365c74cf-9edf-4118-8168-00280e7ea799: start FollowerState
2019-10-18 07:11:06,221 [grpc-default-executor-6] INFO  impl.RoleInfo (RoleInfo.java:updateAndGet(143)) - 0e41e4d3-9bdd-41a7-a6da-f6547615f156: start FollowerState
2019-10-18 07:11:06,221 [Thread-871] INFO  impl.FollowerState (FollowerState.java:run(117)) - 0e41e4d3-9bdd-41a7-a6da-f6547615f156@group-4D56D0FF4DD9-FollowerState was interrupted: java.lang.InterruptedException: sleep interrupted
2019-10-18 07:11:06,236 [a7c18b56-7bd4-4e97-bac5-a7861ed2f887@group-4D56D0FF4DD9-LeaderElection47] INFO  impl.LeaderElection (LeaderElection.java:logAndReturn(56)) - a7c18b56-7bd4-4e97-bac5-a7861ed2f887@group-4D56D0FF4DD9-LeaderElection47: Election REJECTED; received 2 response(s) [a7c18b56-7bd4-4e97-bac5-a7861ed2f887<-0e41e4d3-9bdd-41a7-a6da-f6547615f156#0:FAIL-t44, a7c18b56-7bd4-4e97-bac5-a7861ed2f887<-365c74cf-9edf-4118-8168-00280e7ea799#0:FAIL-t44] and 0 exception(s); a7c18b56-7bd4-4e97-bac5-a7861ed2f887@group-4D56D0FF4DD9:t44, leader=null, voted=a7c18b56-7bd4-4e97-bac5-a7861ed2f887, raftlog=a7c18b56-7bd4-4e97-bac5-a7861ed2f887@group-4D56D0FF4DD9-SegmentedRaftLog:OPENED:c3,f4,i4, conf=0: [a7c18b56-7bd4-4e97-bac5-a7861ed2f887:192.168.69.67:34061, 0e41e4d3-9bdd-41a7-a6da-f6547615f156:192.168.69.67:46622, 365c74cf-9edf-4118-8168-00280e7ea799:192.168.69.67:37281], old=null
2019-10-18 07:11:06,236 [a7c18b56-7bd4-4e97-bac5-a7861ed2f887@group-4D56D0FF4DD9-LeaderElection47] INFO  impl.RaftServerImpl (RaftServerImpl.java:setRole(184)) - a7c18b56-7bd4-4e97-bac5-a7861ed2f887@group-4D56D0FF4DD9: changes role from CANDIDATE to FOLLOWER at term 44 for DISCOVERED_A_NEW_TERM
2019-10-18 07:11:06,236 [a7c18b56-7bd4-4e97-bac5-a7861ed2f887@group-4D56D0FF4DD9-LeaderElection47] INFO  impl.RoleInfo (RoleInfo.java:shutdownLeaderElection(134)) - a7c18b56-7bd4-4e97-bac5-a7861ed2f887: shutdown LeaderElection
2019-10-18 07:11:06,236 [a7c18b56-7bd4-4e97-bac5-a7861ed2f887@group-4D56D0FF4DD9-LeaderElection47] INFO  impl.RoleInfo (RoleInfo.java:updateAndGet(143)) - a7c18b56-7bd4-4e97-bac5-a7861ed2f887: start FollowerState
2019-10-18 07:11:06,308 [Thread-881] INFO  impl.FollowerState (FollowerState.java:run(108)) - a7c18b56-7bd4-4e97-bac5-a7861ed2f887@group-4D56D0FF4DD9-FollowerState: change to CANDIDATE, lastRpcTime:71ms, electionTimeout:71ms
2019-10-18 07:11:06,308 [Thread-881] INFO  impl.RoleInfo (RoleInfo.java:shutdownFollowerState(121)) - a7c18b56-7bd4-4e97-bac5-a7861ed2f887: shutdown FollowerState
2019-10-18 07:11:06,308 [Thread-881] INFO  impl.RaftServerImpl (RaftServerImpl.java:setRole(184)) - a7c18b56-7bd4-4e97-bac5-a7861ed2f887@group-4D56D0FF4DD9: changes role from  FOLLOWER to CANDIDATE at term 44 for changeToCandidate
2019-10-18 07:11:06,308 [Thread-881] INFO  impl.RoleInfo (RoleInfo.java:updateAndGet(143)) - a7c18b56-7bd4-4e97-bac5-a7861ed2f887: start LeaderElection
2019-10-18 07:11:06,322 [a7c18b56-7bd4-4e97-bac5-a7861ed2f887@group-4D56D0FF4DD9-LeaderElection48] INFO  impl.LeaderElection (LeaderElection.java:askForVotes(178)) - a7c18b56-7bd4-4e97-bac5-a7861ed2f887@group-4D56D0FF4DD9-LeaderElection48: begin an election at term 45 for 0: [a7c18b56-7bd4-4e97-bac5-a7861ed2f887:192.168.69.67:34061, 0e41e4d3-9bdd-41a7-a6da-f6547615f156:192.168.69.67:46622, 365c74cf-9edf-4118-8168-00280e7ea799:192.168.69.67:37281], old=null
2019-10-18 07:11:06,324 [grpc-default-executor-0] INFO  impl.RaftServerImpl (RaftServerImpl.java:setRole(184)) - 365c74cf-9edf-4118-8168-00280e7ea799@group-4D56D0FF4DD9: changes role from  FOLLOWER to FOLLOWER at term 45 for recognizeCandidate:a7c18b56-7bd4-4e97-bac5-a7861ed2f887
2019-10-18 07:11:06,325 [a7c18b56-7bd4-4e97-bac5-a7861ed2f887@group-4D56D0FF4DD9-LeaderElection48] INFO  impl.LeaderElection (LeaderElection.java:logAndReturn(56)) - a7c18b56-7bd4-4e97-bac5-a7861ed2f887@group-4D56D0FF4DD9-LeaderElection48: Election TIMEOUT; received 0 response(s) [] and 0 exception(s); a7c18b56-7bd4-4e97-bac5-a7861ed2f887@group-4D56D0FF4DD9:t45, leader=null, voted=a7c18b56-7bd4-4e97-bac5-a7861ed2f887, raftlog=a7c18b56-7bd4-4e97-bac5-a7861ed2f887@group-4D56D0FF4DD9-SegmentedRaftLog:OPENED:c3,f4,i4, conf=0: [a7c18b56-7bd4-4e97-bac5-a7861ed2f887:192.168.69.67:34061, 0e41e4d3-9bdd-41a7-a6da-f6547615f156:192.168.69.67:46622, 365c74cf-9edf-4118-8168-00280e7ea799:192.168.69.67:37281], old=null
2019-10-18 07:11:06,324 [grpc-default-executor-6] INFO  impl.RaftServerImpl (RaftServerImpl.java:setRole(184)) - 0e41e4d3-9bdd-41a7-a6da-f6547615f156@group-4D56D0FF4DD9: changes role from  FOLLOWER to FOLLOWER at term 45 for recognizeCandidate:a7c18b56-7bd4-4e97-bac5-a7861ed2f887
2019-10-18 07:11:06,325 [grpc-default-executor-0] INFO  impl.RoleInfo (RoleInfo.java:shutdownFollowerState(121)) - 365c74cf-9edf-4118-8168-00280e7ea799: shutdown FollowerState
2019-10-18 07:11:06,325 [grpc-default-executor-6] INFO  impl.RoleInfo (RoleInfo.java:shutdownFollowerState(121)) - 0e41e4d3-9bdd-41a7-a6da-f6547615f156: shutdown FollowerState
2019-10-18 07:11:06,325 [Thread-879] INFO  impl.FollowerState (FollowerState.java:run(117)) - 365c74cf-9edf-4118-8168-00280e7ea799@group-4D56D0FF4DD9-FollowerState was interrupted: java.lang.InterruptedException: sleep interrupted
2019-10-18 07:11:06,325 [Thread-880] INFO  impl.FollowerState (FollowerState.java:run(117)) - 0e41e4d3-9bdd-41a7-a6da-f6547615f156@group-4D56D0FF4DD9-FollowerState was interrupted: java.lang.InterruptedException: sleep interrupted
2019-10-18 07:11:06,325 [grpc-default-executor-0] INFO  impl.RoleInfo (RoleInfo.java:updateAndGet(143)) - 365c74cf-9edf-4118-8168-00280e7ea799: start FollowerState
2019-10-18 07:11:06,325 [grpc-default-executor-6] INFO  impl.RoleInfo (RoleInfo.java:updateAndGet(143)) - 0e41e4d3-9bdd-41a7-a6da-f6547615f156: start FollowerState
2019-10-18 07:11:06,342 [a7c18b56-7bd4-4e97-bac5-a7861ed2f887@group-4D56D0FF4DD9-LeaderElection48] INFO  impl.LeaderElection (LeaderElection.java:askForVotes(178)) - a7c18b56-7bd4-4e97-bac5-a7861ed2f887@group-4D56D0FF4DD9-LeaderElection48: begin an election at term 46 for 0: [a7c18b56-7bd4-4e97-bac5-a7861ed2f887:192.168.69.67:34061, 0e41e4d3-9bdd-41a7-a6da-f6547615f156:192.168.69.67:46622, 365c74cf-9edf-4118-8168-00280e7ea799:192.168.69.67:37281], old=null
2019-10-18 07:11:06,344 [grpc-default-executor-0] INFO  impl.RaftServerImpl (RaftServerImpl.java:setRole(184)) - 0e41e4d3-9bdd-41a7-a6da-f6547615f156@group-4D56D0FF4DD9: changes role from  FOLLOWER to FOLLOWER at term 46 for recognizeCandidate:a7c18b56-7bd4-4e97-bac5-a7861ed2f887
2019-10-18 07:11:06,345 [grpc-default-executor-0] INFO  impl.RoleInfo (RoleInfo.java:shutdownFollowerState(121)) - 0e41e4d3-9bdd-41a7-a6da-f6547615f156: shutdown FollowerState
2019-10-18 07:11:06,345 [grpc-default-executor-0] INFO  impl.RoleInfo (RoleInfo.java:updateAndGet(143)) - 0e41e4d3-9bdd-41a7-a6da-f6547615f156: start FollowerState
2019-10-18 07:11:06,345 [Thread-886] INFO  impl.FollowerState (FollowerState.java:run(117)) - 0e41e4d3-9bdd-41a7-a6da-f6547615f156@group-4D56D0FF4DD9-FollowerState was interrupted: java.lang.InterruptedException: sleep interrupted
2019-10-18 07:11:06,345 [grpc-default-executor-6] INFO  impl.RaftServerImpl (RaftServerImpl.java:setRole(184)) - 365c74cf-9edf-4118-8168-00280e7ea799@group-4D56D0FF4DD9: changes role from  FOLLOWER to FOLLOWER at term 46 for recognizeCandidate:a7c18b56-7bd4-4e97-bac5-a7861ed2f887
2019-10-18 07:11:06,345 [grpc-default-executor-6] INFO  impl.RoleInfo (RoleInfo.java:shutdownFollowerState(121)) - 365c74cf-9edf-4118-8168-00280e7ea799: shutdown FollowerState
2019-10-18 07:11:06,346 [grpc-default-executor-6] INFO  impl.RoleInfo (RoleInfo.java:updateAndGet(143)) - 365c74cf-9edf-4118-8168-00280e7ea799: start FollowerState
2019-10-18 07:11:06,346 [Thread-885] INFO  impl.FollowerState (FollowerState.java:run(117)) - 365c74cf-9edf-4118-8168-00280e7ea799@group-4D56D0FF4DD9-FollowerState was interrupted: java.lang.InterruptedException: sleep interrupted
2019-10-18 07:11:06,360 [a7c18b56-7bd4-4e97-bac5-a7861ed2f887@group-4D56D0FF4DD9-LeaderElection48] INFO  impl.LeaderElection (LeaderElection.java:logAndReturn(56)) - a7c18b56-7bd4-4e97-bac5-a7861ed2f887@group-4D56D0FF4DD9-LeaderElection48: Election REJECTED; received 2 response(s) [a7c18b56-7bd4-4e97-bac5-a7861ed2f887<-0e41e4d3-9bdd-41a7-a6da-f6547615f156#0:FAIL-t46, a7c18b56-7bd4-4e97-bac5-a7861ed2f887<-365c74cf-9edf-4118-8168-00280e7ea799#0:FAIL-t46] and 0 exception(s); a7c18b56-7bd4-4e97-bac5-a7861ed2f887@group-4D56D0FF4DD9:t46, leader=null, voted=a7c18b56-7bd4-4e97-bac5-a7861ed2f887, raftlog=a7c18b56-7bd4-4e97-bac5-a7861ed2f887@group-4D56D0FF4DD9-SegmentedRaftLog:OPENED:c3,f4,i4, conf=0: [a7c18b56-7bd4-4e97-bac5-a7861ed2f887:192.168.69.67:34061, 0e41e4d3-9bdd-41a7-a6da-f6547615f156:192.168.69.67:46622, 365c74cf-9edf-4118-8168-00280e7ea799:192.168.69.67:37281], old=null
2019-10-18 07:11:06,361 [a7c18b56-7bd4-4e97-bac5-a7861ed2f887@group-4D56D0FF4DD9-LeaderElection48] INFO  impl.RaftServerImpl (RaftServerImpl.java:setRole(184)) - a7c18b56-7bd4-4e97-bac5-a7861ed2f887@group-4D56D0FF4DD9: changes role from CANDIDATE to FOLLOWER at term 46 for DISCOVERED_A_NEW_TERM
2019-10-18 07:11:06,361 [a7c18b56-7bd4-4e97-bac5-a7861ed2f887@group-4D56D0FF4DD9-LeaderElection48] INFO  impl.RoleInfo (RoleInfo.java:shutdownLeaderElection(134)) - a7c18b56-7bd4-4e97-bac5-a7861ed2f887: shutdown LeaderElection
2019-10-18 07:11:06,361 [a7c18b56-7bd4-4e97-bac5-a7861ed2f887@group-4D56D0FF4DD9-LeaderElection48] INFO  impl.RoleInfo (RoleInfo.java:updateAndGet(143)) - a7c18b56-7bd4-4e97-bac5-a7861ed2f887: start FollowerState
2019-10-18 07:11:06,463 [Thread-891] INFO  impl.FollowerState (FollowerState.java:run(108)) - a7c18b56-7bd4-4e97-bac5-a7861ed2f887@group-4D56D0FF4DD9-FollowerState: change to CANDIDATE, lastRpcTime:101ms, electionTimeout:101ms
2019-10-18 07:11:06,463 [Thread-891] INFO  impl.RoleInfo (RoleInfo.java:shutdownFollowerState(121)) - a7c18b56-7bd4-4e97-bac5-a7861ed2f887: shutdown FollowerState
2019-10-18 07:11:06,463 [Thread-891] INFO  impl.RaftServerImpl (RaftServerImpl.java:setRole(184)) - a7c18b56-7bd4-4e97-bac5-a7861ed2f887@group-4D56D0FF4DD9: changes role from  FOLLOWER to CANDIDATE at term 46 for changeToCandidate
2019-10-18 07:11:06,463 [Thread-891] INFO  impl.RoleInfo (RoleInfo.java:updateAndGet(143)) - a7c18b56-7bd4-4e97-bac5-a7861ed2f887: start LeaderElection
2019-10-18 07:11:06,477 [a7c18b56-7bd4-4e97-bac5-a7861ed2f887@group-4D56D0FF4DD9-LeaderElection49] INFO  impl.LeaderElection (LeaderElection.java:askForVotes(178)) - a7c18b56-7bd4-4e97-bac5-a7861ed2f887@group-4D56D0FF4DD9-LeaderElection49: begin an election at term 47 for 0: [a7c18b56-7bd4-4e97-bac5-a7861ed2f887:192.168.69.67:34061, 0e41e4d3-9bdd-41a7-a6da-f6547615f156:192.168.69.67:46622, 365c74cf-9edf-4118-8168-00280e7ea799:192.168.69.67:37281], old=null
2019-10-18 07:11:06,481 [grpc-default-executor-6] INFO  impl.RaftServerImpl (RaftServerImpl.java:setRole(184)) - 0e41e4d3-9bdd-41a7-a6da-f6547615f156@group-4D56D0FF4DD9: changes role from  FOLLOWER to FOLLOWER at term 47 for recognizeCandidate:a7c18b56-7bd4-4e97-bac5-a7861ed2f887
2019-10-18 07:11:06,481 [grpc-default-executor-6] INFO  impl.RoleInfo (RoleInfo.java:shutdownFollowerState(121)) - 0e41e4d3-9bdd-41a7-a6da-f6547615f156: shutdown FollowerState
2019-10-18 07:11:06,482 [Thread-889] INFO  impl.FollowerState (FollowerState.java:run(117)) - 0e41e4d3-9bdd-41a7-a6da-f6547615f156@group-4D56D0FF4DD9-FollowerState was interrupted: java.lang.InterruptedException: sleep interrupted
2019-10-18 07:11:06,482 [grpc-default-executor-6] INFO  impl.RoleInfo (RoleInfo.java:updateAndGet(143)) - 0e41e4d3-9bdd-41a7-a6da-f6547615f156: start FollowerState
2019-10-18 07:11:06,482 [grpc-default-executor-0] INFO  impl.RaftServerImpl (RaftServerImpl.java:setRole(184)) - 365c74cf-9edf-4118-8168-00280e7ea799@group-4D56D0FF4DD9: changes role from  FOLLOWER to FOLLOWER at term 47 for recognizeCandidate:a7c18b56-7bd4-4e97-bac5-a7861ed2f887
2019-10-18 07:11:06,482 [grpc-default-executor-0] INFO  impl.RoleInfo (RoleInfo.java:shutdownFollowerState(121)) - 365c74cf-9edf-4118-8168-00280e7ea799: shutdown FollowerState
2019-10-18 07:11:06,482 [grpc-default-executor-0] INFO  impl.RoleInfo (RoleInfo.java:updateAndGet(143)) - 365c74cf-9edf-4118-8168-00280e7ea799: start FollowerState
2019-10-18 07:11:06,482 [Thread-890] INFO  impl.FollowerState (FollowerState.java:run(117)) - 365c74cf-9edf-4118-8168-00280e7ea799@group-4D56D0FF4DD9-FollowerState was interrupted: java.lang.InterruptedException: sleep interrupted
2019-10-18 07:11:06,497 [a7c18b56-7bd4-4e97-bac5-a7861ed2f887@group-4D56D0FF4DD9-LeaderElection49] INFO  impl.LeaderElection (LeaderElection.java:logAndReturn(56)) - a7c18b56-7bd4-4e97-bac5-a7861ed2f887@group-4D56D0FF4DD9-LeaderElection49: Election REJECTED; received 2 response(s) [a7c18b56-7bd4-4e97-bac5-a7861ed2f887<-0e41e4d3-9bdd-41a7-a6da-f6547615f156#0:FAIL-t47, a7c18b56-7bd4-4e97-bac5-a7861ed2f887<-365c74cf-9edf-4118-8168-00280e7ea799#0:FAIL-t47] and 0 exception(s); a7c18b56-7bd4-4e97-bac5-a7861ed2f887@group-4D56D0FF4DD9:t47, leader=null, voted=a7c18b56-7bd4-4e97-bac5-a7861ed2f887, raftlog=a7c18b56-7bd4-4e97-bac5-a7861ed2f887@group-4D56D0FF4DD9-SegmentedRaftLog:OPENED:c3,f4,i4, conf=0: [a7c18b56-7bd4-4e97-bac5-a7861ed2f887:192.168.69.67:34061, 0e41e4d3-9bdd-41a7-a6da-f6547615f156:192.168.69.67:46622, 365c74cf-9edf-4118-8168-00280e7ea799:192.168.69.67:37281], old=null
2019-10-18 07:11:06,497 [a7c18b56-7bd4-4e97-bac5-a7861ed2f887@group-4D56D0FF4DD9-LeaderElection49] INFO  impl.RaftServerImpl (RaftServerImpl.java:setRole(184)) - a7c18b56-7bd4-4e97-bac5-a7861ed2f887@group-4D56D0FF4DD9: changes role from CANDIDATE to FOLLOWER at term 47 for DISCOVERED_A_NEW_TERM
2019-10-18 07:11:06,497 [a7c18b56-7bd4-4e97-bac5-a7861ed2f887@group-4D56D0FF4DD9-LeaderElection49] INFO  impl.RoleInfo (RoleInfo.java:shutdownLeaderElection(134)) - a7c18b56-7bd4-4e97-bac5-a7861ed2f887: shutdown LeaderElection
2019-10-18 07:11:06,498 [a7c18b56-7bd4-4e97-bac5-a7861ed2f887@group-4D56D0FF4DD9-LeaderElection49] INFO  impl.RoleInfo (RoleInfo.java:updateAndGet(143)) - a7c18b56-7bd4-4e97-bac5-a7861ed2f887: start FollowerState
2019-10-18 07:11:06,608 [Thread-897] INFO  impl.FollowerState (FollowerState.java:run(108)) - a7c18b56-7bd4-4e97-bac5-a7861ed2f887@group-4D56D0FF4DD9-FollowerState: change to CANDIDATE, lastRpcTime:110ms, electionTimeout:110ms
2019-10-18 07:11:06,609 [Thread-897] INFO  impl.RoleInfo (RoleInfo.java:shutdownFollowerState(121)) - a7c18b56-7bd4-4e97-bac5-a7861ed2f887: shutdown FollowerState
2019-10-18 07:11:06,609 [Thread-897] INFO  impl.RaftServerImpl (RaftServerImpl.java:setRole(184)) - a7c18b56-7bd4-4e97-bac5-a7861ed2f887@group-4D56D0FF4DD9: changes role from  FOLLOWER to CANDIDATE at term 47 for changeToCandidate
2019-10-18 07:11:06,609 [Thread-897] INFO  impl.RoleInfo (RoleInfo.java:updateAndGet(143)) - a7c18b56-7bd4-4e97-bac5-a7861ed2f887: start LeaderElection
2019-10-18 07:11:06,636 [a7c18b56-7bd4-4e97-bac5-a7861ed2f887@group-4D56D0FF4DD9-LeaderElection50] INFO  impl.LeaderElection (LeaderElection.java:askForVotes(178)) - a7c18b56-7bd4-4e97-bac5-a7861ed2f887@group-4D56D0FF4DD9-LeaderElection50: begin an election at term 48 for 0: [a7c18b56-7bd4-4e97-bac5-a7861ed2f887:192.168.69.67:34061, 0e41e4d3-9bdd-41a7-a6da-f6547615f156:192.168.69.67:46622, 365c74cf-9edf-4118-8168-00280e7ea799:192.168.69.67:37281], old=null
2019-10-18 07:11:06,641 [grpc-default-executor-0] INFO  impl.RaftServerImpl (RaftServerImpl.java:setRole(184)) - 0e41e4d3-9bdd-41a7-a6da-f6547615f156@group-4D56D0FF4DD9: changes role from  FOLLOWER to FOLLOWER at term 48 for recognizeCandidate:a7c18b56-7bd4-4e97-bac5-a7861ed2f887
2019-10-18 07:11:06,641 [grpc-default-executor-0] INFO  impl.RoleInfo (RoleInfo.java:shutdownFollowerState(121)) - 0e41e4d3-9bdd-41a7-a6da-f6547615f156: shutdown FollowerState
2019-10-18 07:11:06,641 [grpc-default-executor-6] INFO  impl.RaftServerImpl (RaftServerImpl.java:setRole(184)) - 365c74cf-9edf-4118-8168-00280e7ea799@group-4D56D0FF4DD9: changes role from  FOLLOWER to FOLLOWER at term 48 for recognizeCandidate:a7c18b56-7bd4-4e97-bac5-a7861ed2f887
2019-10-18 07:11:06,641 [Thread-895] INFO  impl.FollowerState (FollowerState.java:run(117)) - 0e41e4d3-9bdd-41a7-a6da-f6547615f156@group-4D56D0FF4DD9-FollowerState was interrupted: java.lang.InterruptedException: sleep interrupted
2019-10-18 07:11:06,641 [grpc-default-executor-0] INFO  impl.RoleInfo (RoleInfo.java:updateAndGet(143)) - 0e41e4d3-9bdd-41a7-a6da-f6547615f156: start FollowerState
2019-10-18 07:11:06,641 [grpc-default-executor-6] INFO  impl.RoleInfo (RoleInfo.java:shutdownFollowerState(121)) - 365c74cf-9edf-4118-8168-00280e7ea799: shutdown FollowerState
2019-10-18 07:11:06,642 [grpc-default-executor-6] INFO  impl.RoleInfo (RoleInfo.java:updateAndGet(143)) - 365c74cf-9edf-4118-8168-00280e7ea799: start FollowerState
2019-10-18 07:11:06,642 [Thread-896] INFO  impl.FollowerState (FollowerState.java:run(117)) - 365c74cf-9edf-4118-8168-00280e7ea799@group-4D56D0FF4DD9-FollowerState was interrupted: java.lang.InterruptedException: sleep interrupted
2019-10-18 07:11:06,656 [a7c18b56-7bd4-4e97-bac5-a7861ed2f887@group-4D56D0FF4DD9-LeaderElection50] INFO  impl.LeaderElection (LeaderElection.java:logAndReturn(56)) - a7c18b56-7bd4-4e97-bac5-a7861ed2f887@group-4D56D0FF4DD9-LeaderElection50: Election REJECTED; received 2 response(s) [a7c18b56-7bd4-4e97-bac5-a7861ed2f887<-0e41e4d3-9bdd-41a7-a6da-f6547615f156#0:FAIL-t48, a7c18b56-7bd4-4e97-bac5-a7861ed2f887<-365c74cf-9edf-4118-8168-00280e7ea799#0:FAIL-t48] and 0 exception(s); a7c18b56-7bd4-4e97-bac5-a7861ed2f887@group-4D56D0FF4DD9:t48, leader=null, voted=a7c18b56-7bd4-4e97-bac5-a7861ed2f887, raftlog=a7c18b56-7bd4-4e97-bac5-a7861ed2f887@group-4D56D0FF4DD9-SegmentedRaftLog:OPENED:c3,f4,i4, conf=0: [a7c18b56-7bd4-4e97-bac5-a7861ed2f887:192.168.69.67:34061, 0e41e4d3-9bdd-41a7-a6da-f6547615f156:192.168.69.67:46622, 365c74cf-9edf-4118-8168-00280e7ea799:192.168.69.67:37281], old=null
2019-10-18 07:11:06,656 [a7c18b56-7bd4-4e97-bac5-a7861ed2f887@group-4D56D0FF4DD9-LeaderElection50] INFO  impl.RaftServerImpl (RaftServerImpl.java:setRole(184)) - a7c18b56-7bd4-4e97-bac5-a7861ed2f887@group-4D56D0FF4DD9: changes role from CANDIDATE to FOLLOWER at term 48 for DISCOVERED_A_NEW_TERM
2019-10-18 07:11:06,657 [a7c18b56-7bd4-4e97-bac5-a7861ed2f887@group-4D56D0FF4DD9-LeaderElection50] INFO  impl.RoleInfo (RoleInfo.java:shutdownLeaderElection(134)) - a7c18b56-7bd4-4e97-bac5-a7861ed2f887: shutdown LeaderElection
2019-10-18 07:11:06,657 [a7c18b56-7bd4-4e97-bac5-a7861ed2f887@group-4D56D0FF4DD9-LeaderElection50] INFO  impl.RoleInfo (RoleInfo.java:updateAndGet(143)) - a7c18b56-7bd4-4e97-bac5-a7861ed2f887: start FollowerState
2019-10-18 07:11:06,826 [Thread-903] INFO  impl.FollowerState (FollowerState.java:run(108)) - a7c18b56-7bd4-4e97-bac5-a7861ed2f887@group-4D56D0FF4DD9-FollowerState: change to CANDIDATE, lastRpcTime:169ms, electionTimeout:169ms
2019-10-18 07:11:06,827 [Thread-903] INFO  impl.RoleInfo (RoleInfo.java:shutdownFollowerState(121)) - a7c18b56-7bd4-4e97-bac5-a7861ed2f887: shutdown FollowerState
2019-10-18 07:11:06,828 [Thread-903] INFO  impl.RaftServerImpl (RaftServerImpl.java:setRole(184)) - a7c18b56-7bd4-4e97-bac5-a7861ed2f887@group-4D56D0FF4DD9: changes role from  FOLLOWER to CANDIDATE at term 48 for changeToCandidate
2019-10-18 07:11:06,828 [Thread-903] INFO  impl.RoleInfo (RoleInfo.java:updateAndGet(143)) - a7c18b56-7bd4-4e97-bac5-a7861ed2f887: start LeaderElection
2019-10-18 07:11:06,844 [a7c18b56-7bd4-4e97-bac5-a7861ed2f887@group-4D56D0FF4DD9-LeaderElection51] INFO  impl.LeaderElection (LeaderElection.java:askForVotes(178)) - a7c18b56-7bd4-4e97-bac5-a7861ed2f887@group-4D56D0FF4DD9-LeaderElection51: begin an election at term 49 for 0: [a7c18b56-7bd4-4e97-bac5-a7861ed2f887:192.168.69.67:34061, 0e41e4d3-9bdd-41a7-a6da-f6547615f156:192.168.69.67:46622, 365c74cf-9edf-4118-8168-00280e7ea799:192.168.69.67:37281], old=null
2019-10-18 07:11:06,851 [grpc-default-executor-0] INFO  impl.RaftServerImpl (RaftServerImpl.java:setRole(184)) - 0e41e4d3-9bdd-41a7-a6da-f6547615f156@group-4D56D0FF4DD9: changes role from  FOLLOWER to FOLLOWER at term 49 for recognizeCandidate:a7c18b56-7bd4-4e97-bac5-a7861ed2f887
2019-10-18 07:11:06,851 [grpc-default-executor-6] INFO  impl.RaftServerImpl (RaftServerImpl.java:setRole(184)) - 365c74cf-9edf-4118-8168-00280e7ea799@group-4D56D0FF4DD9: changes role from  FOLLOWER to FOLLOWER at term 49 for recognizeCandidate:a7c18b56-7bd4-4e97-bac5-a7861ed2f887
2019-10-18 07:11:06,852 [grpc-default-executor-0] INFO  impl.RoleInfo (RoleInfo.java:shutdownFollowerState(121)) - 0e41e4d3-9bdd-41a7-a6da-f6547615f156: shutdown FollowerState
2019-10-18 07:11:06,852 [grpc-default-executor-6] INFO  impl.RoleInfo (RoleInfo.java:shutdownFollowerState(121)) - 365c74cf-9edf-4118-8168-00280e7ea799: shutdown FollowerState
2019-10-18 07:11:06,852 [grpc-default-executor-0] INFO  impl.RoleInfo (RoleInfo.java:updateAndGet(143)) - 0e41e4d3-9bdd-41a7-a6da-f6547615f156: start FollowerState
2019-10-18 07:11:06,852 [grpc-default-executor-6] INFO  impl.RoleInfo (RoleInfo.java:updateAndGet(143)) - 365c74cf-9edf-4118-8168-00280e7ea799: start FollowerState
2019-10-18 07:11:06,852 [Thread-901] INFO  impl.FollowerState (FollowerState.java:run(117)) - 0e41e4d3-9bdd-41a7-a6da-f6547615f156@group-4D56D0FF4DD9-FollowerState was interrupted: java.lang.InterruptedException: sleep interrupted
2019-10-18 07:11:06,853 [Thread-902] INFO  impl.FollowerState (FollowerState.java:run(117)) - 365c74cf-9edf-4118-8168-00280e7ea799@group-4D56D0FF4DD9-FollowerState was interrupted: java.lang.InterruptedException: sleep interrupted
2019-10-18 07:11:06,873 [a7c18b56-7bd4-4e97-bac5-a7861ed2f887@group-4D56D0FF4DD9-LeaderElection51] INFO  impl.LeaderElection (LeaderElection.java:logAndReturn(56)) - a7c18b56-7bd4-4e97-bac5-a7861ed2f887@group-4D56D0FF4DD9-LeaderElection51: Election REJECTED; received 2 response(s) [a7c18b56-7bd4-4e97-bac5-a7861ed2f887<-0e41e4d3-9bdd-41a7-a6da-f6547615f156#0:FAIL-t49, a7c18b56-7bd4-4e97-bac5-a7861ed2f887<-365c74cf-9edf-4118-8168-00280e7ea799#0:FAIL-t49] and 0 exception(s); a7c18b56-7bd4-4e97-bac5-a7861ed2f887@group-4D56D0FF4DD9:t49, leader=null, voted=a7c18b56-7bd4-4e97-bac5-a7861ed2f887, raftlog=a7c18b56-7bd4-4e97-bac5-a7861ed2f887@group-4D56D0FF4DD9-SegmentedRaftLog:OPENED:c3,f4,i4, conf=0: [a7c18b56-7bd4-4e97-bac5-a7861ed2f887:192.168.69.67:34061, 0e41e4d3-9bdd-41a7-a6da-f6547615f156:192.168.69.67:46622, 365c74cf-9edf-4118-8168-00280e7ea799:192.168.69.67:37281], old=null
2019-10-18 07:11:06,874 [a7c18b56-7bd4-4e97-bac5-a7861ed2f887@group-4D56D0FF4DD9-LeaderElection51] INFO  impl.RaftServerImpl (RaftServerImpl.java:setRole(184)) - a7c18b56-7bd4-4e97-bac5-a7861ed2f887@group-4D56D0FF4DD9: changes role from CANDIDATE to FOLLOWER at term 49 for DISCOVERED_A_NEW_TERM
2019-10-18 07:11:06,874 [a7c18b56-7bd4-4e97-bac5-a7861ed2f887@group-4D56D0FF4DD9-LeaderElection51] INFO  impl.RoleInfo (RoleInfo.java:shutdownLeaderElection(134)) - a7c18b56-7bd4-4e97-bac5-a7861ed2f887: shutdown LeaderElection
2019-10-18 07:11:06,874 [a7c18b56-7bd4-4e97-bac5-a7861ed2f887@group-4D56D0FF4DD9-LeaderElection51] INFO  impl.RoleInfo (RoleInfo.java:updateAndGet(143)) - a7c18b56-7bd4-4e97-bac5-a7861ed2f887: start FollowerState
2019-10-18 07:11:06,911 [Thread-909] INFO  impl.FollowerState (FollowerState.java:run(108)) - a7c18b56-7bd4-4e97-bac5-a7861ed2f887@group-4D56D0FF4DD9-FollowerState: change to CANDIDATE, lastRpcTime:37ms, electionTimeout:37ms
2019-10-18 07:11:06,912 [Thread-909] INFO  impl.RoleInfo (RoleInfo.java:shutdownFollowerState(121)) - a7c18b56-7bd4-4e97-bac5-a7861ed2f887: shutdown FollowerState
2019-10-18 07:11:06,912 [Thread-909] INFO  impl.RaftServerImpl (RaftServerImpl.java:setRole(184)) - a7c18b56-7bd4-4e97-bac5-a7861ed2f887@group-4D56D0FF4DD9: changes role from  FOLLOWER to CANDIDATE at term 49 for changeToCandidate
2019-10-18 07:11:06,917 [Thread-909] INFO  impl.RoleInfo (RoleInfo.java:updateAndGet(143)) - a7c18b56-7bd4-4e97-bac5-a7861ed2f887: start LeaderElection
2019-10-18 07:11:06,931 [a7c18b56-7bd4-4e97-bac5-a7861ed2f887@group-4D56D0FF4DD9-LeaderElection52] INFO  impl.LeaderElection (LeaderElection.java:askForVotes(178)) - a7c18b56-7bd4-4e97-bac5-a7861ed2f887@group-4D56D0FF4DD9-LeaderElection52: begin an election at term 50 for 0: [a7c18b56-7bd4-4e97-bac5-a7861ed2f887:192.168.69.67:34061, 0e41e4d3-9bdd-41a7-a6da-f6547615f156:192.168.69.67:46622, 365c74cf-9edf-4118-8168-00280e7ea799:192.168.69.67:37281], old=null
2019-10-18 07:11:06,937 [grpc-default-executor-0] INFO  impl.RaftServerImpl (RaftServerImpl.java:setRole(184)) - 0e41e4d3-9bdd-41a7-a6da-f6547615f156@group-4D56D0FF4DD9: changes role from  FOLLOWER to FOLLOWER at term 50 for recognizeCandidate:a7c18b56-7bd4-4e97-bac5-a7861ed2f887
2019-10-18 07:11:06,937 [grpc-default-executor-6] INFO  impl.RaftServerImpl (RaftServerImpl.java:setRole(184)) - 365c74cf-9edf-4118-8168-00280e7ea799@group-4D56D0FF4DD9: changes role from  FOLLOWER to FOLLOWER at term 50 for recognizeCandidate:a7c18b56-7bd4-4e97-bac5-a7861ed2f887
2019-10-18 07:11:06,937 [grpc-default-executor-0] INFO  impl.RoleInfo (RoleInfo.java:shutdownFollowerState(121)) - 0e41e4d3-9bdd-41a7-a6da-f6547615f156: shutdown FollowerState
2019-10-18 07:11:06,937 [grpc-default-executor-6] INFO  impl.RoleInfo (RoleInfo.java:shutdownFollowerState(121)) - 365c74cf-9edf-4118-8168-00280e7ea799: shutdown FollowerState
2019-10-18 07:11:06,937 [grpc-default-executor-0] INFO  impl.RoleInfo (RoleInfo.java:updateAndGet(143)) - 0e41e4d3-9bdd-41a7-a6da-f6547615f156: start FollowerState
2019-10-18 07:11:06,937 [Thread-907] INFO  impl.FollowerState (FollowerState.java:run(117)) - 0e41e4d3-9bdd-41a7-a6da-f6547615f156@group-4D56D0FF4DD9-FollowerState was interrupted: java.lang.InterruptedException: sleep interrupted
2019-10-18 07:11:06,938 [Thread-908] INFO  impl.FollowerState (FollowerState.java:run(117)) - 365c74cf-9edf-4118-8168-00280e7ea799@group-4D56D0FF4DD9-FollowerState was interrupted: java.lang.InterruptedException: sleep interrupted
2019-10-18 07:11:06,937 [grpc-default-executor-6] INFO  impl.RoleInfo (RoleInfo.java:updateAndGet(143)) - 365c74cf-9edf-4118-8168-00280e7ea799: start FollowerState
2019-10-18 07:11:06,972 [a7c18b56-7bd4-4e97-bac5-a7861ed2f887@group-4D56D0FF4DD9-LeaderElection52] INFO  impl.LeaderElection (LeaderElection.java:logAndReturn(56)) - a7c18b56-7bd4-4e97-bac5-a7861ed2f887@group-4D56D0FF4DD9-LeaderElection52: Election REJECTED; received 2 response(s) [a7c18b56-7bd4-4e97-bac5-a7861ed2f887<-0e41e4d3-9bdd-41a7-a6da-f6547615f156#0:FAIL-t50, a7c18b56-7bd4-4e97-bac5-a7861ed2f887<-365c74cf-9edf-4118-8168-00280e7ea799#0:FAIL-t50] and 0 exception(s); a7c18b56-7bd4-4e97-bac5-a7861ed2f887@group-4D56D0FF4DD9:t50, leader=null, voted=a7c18b56-7bd4-4e97-bac5-a7861ed2f887, raftlog=a7c18b56-7bd4-4e97-bac5-a7861ed2f887@group-4D56D0FF4DD9-SegmentedRaftLog:OPENED:c3,f4,i4, conf=0: [a7c18b56-7bd4-4e97-bac5-a7861ed2f887:192.168.69.67:34061, 0e41e4d3-9bdd-41a7-a6da-f6547615f156:192.168.69.67:46622, 365c74cf-9edf-4118-8168-00280e7ea799:192.168.69.67:37281], old=null
2019-10-18 07:11:06,975 [a7c18b56-7bd4-4e97-bac5-a7861ed2f887@group-4D56D0FF4DD9-LeaderElection52] INFO  impl.RaftServerImpl (RaftServerImpl.java:setRole(184)) - a7c18b56-7bd4-4e97-bac5-a7861ed2f887@group-4D56D0FF4DD9: changes role from CANDIDATE to FOLLOWER at term 50 for DISCOVERED_A_NEW_TERM
2019-10-18 07:11:06,976 [a7c18b56-7bd4-4e97-bac5-a7861ed2f887@group-4D56D0FF4DD9-LeaderElection52] INFO  impl.RoleInfo (RoleInfo.java:shutdownLeaderElection(134)) - a7c18b56-7bd4-4e97-bac5-a7861ed2f887: shutdown LeaderElection
2019-10-18 07:11:06,978 [a7c18b56-7bd4-4e97-bac5-a7861ed2f887@group-4D56D0FF4DD9-LeaderElection52] INFO  impl.RoleInfo (RoleInfo.java:updateAndGet(143)) - a7c18b56-7bd4-4e97-bac5-a7861ed2f887: start FollowerState
2019-10-18 07:11:07,053 [Thread-918] INFO  client.GrpcClientProtocolService (GrpcClientProtocolService.java:lambda$processClientRequest$0(278)) - Failed RaftClientRequest:client-23AD7B0CD45D->a7c18b56-7bd4-4e97-bac5-a7861ed2f887@group-4D56D0FF4DD9, cid=10, seq=0, Watch-ALL_COMMITTED(6), Message:<EMPTY>, reply=RaftClientReply:client-23AD7B0CD45D->a7c18b56-7bd4-4e97-bac5-a7861ed2f887@group-4D56D0FF4DD9, cid=10, FAILED org.apache.ratis.protocol.NotLeaderException: Server a7c18b56-7bd4-4e97-bac5-a7861ed2f887@group-4D56D0FF4DD9 is not the leader, logIndex=0, commits[a7c18b56-7bd4-4e97-bac5-a7861ed2f887:c3]
2019-10-18 07:11:07,107 [Thread-916] INFO  impl.FollowerState (FollowerState.java:run(108)) - a7c18b56-7bd4-4e97-bac5-a7861ed2f887@group-4D56D0FF4DD9-FollowerState: change to CANDIDATE, lastRpcTime:128ms, electionTimeout:127ms
2019-10-18 07:11:07,107 [Thread-916] INFO  impl.RoleInfo (RoleInfo.java:shutdownFollowerState(121)) - a7c18b56-7bd4-4e97-bac5-a7861ed2f887: shutdown FollowerState
2019-10-18 07:11:07,107 [Thread-916] INFO  impl.RaftServerImpl (RaftServerImpl.java:setRole(184)) - a7c18b56-7bd4-4e97-bac5-a7861ed2f887@group-4D56D0FF4DD9: changes role from  FOLLOWER to CANDIDATE at term 50 for changeToCandidate
2019-10-18 07:11:07,107 [Thread-916] INFO  impl.RoleInfo (RoleInfo.java:updateAndGet(143)) - a7c18b56-7bd4-4e97-bac5-a7861ed2f887: start LeaderElection
2019-10-18 07:11:07,120 [a7c18b56-7bd4-4e97-bac5-a7861ed2f887@group-4D56D0FF4DD9-LeaderElection53] INFO  impl.LeaderElection (LeaderElection.java:askForVotes(178)) - a7c18b56-7bd4-4e97-bac5-a7861ed2f887@group-4D56D0FF4DD9-LeaderElection53: begin an election at term 51 for 0: [a7c18b56-7bd4-4e97-bac5-a7861ed2f887:192.168.69.67:34061, 0e41e4d3-9bdd-41a7-a6da-f6547615f156:192.168.69.67:46622, 365c74cf-9edf-4118-8168-00280e7ea799:192.168.69.67:37281], old=null
2019-10-18 07:11:07,123 [grpc-default-executor-0] INFO  impl.RaftServerImpl (RaftServerImpl.java:setRole(184)) - 365c74cf-9edf-4118-8168-00280e7ea799@group-4D56D0FF4DD9: changes role from  FOLLOWER to FOLLOWER at term 51 for recognizeCandidate:a7c18b56-7bd4-4e97-bac5-a7861ed2f887
2019-10-18 07:11:07,123 [grpc-default-executor-0] INFO  impl.RoleInfo (RoleInfo.java:shutdownFollowerState(121)) - 365c74cf-9edf-4118-8168-00280e7ea799: shutdown FollowerState
2019-10-18 07:11:07,123 [grpc-default-executor-6] INFO  impl.RaftServerImpl (RaftServerImpl.java:setRole(184)) - 0e41e4d3-9bdd-41a7-a6da-f6547615f156@group-4D56D0FF4DD9: changes role from  FOLLOWER to FOLLOWER at term 51 for recognizeCandidate:a7c18b56-7bd4-4e97-bac5-a7861ed2f887
2019-10-18 07:11:07,124 [Thread-915] INFO  impl.FollowerState (FollowerState.java:run(117)) - 365c74cf-9edf-4118-8168-00280e7ea799@group-4D56D0FF4DD9-FollowerState was interrupted: java.lang.InterruptedException: sleep interrupted
2019-10-18 07:11:07,123 [grpc-default-executor-0] INFO  impl.RoleInfo (RoleInfo.java:updateAndGet(143)) - 365c74cf-9edf-4118-8168-00280e7ea799: start FollowerState
2019-10-18 07:11:07,124 [grpc-default-executor-6] INFO  impl.RoleInfo (RoleInfo.java:shutdownFollowerState(121)) - 0e41e4d3-9bdd-41a7-a6da-f6547615f156: shutdown FollowerState
2019-10-18 07:11:07,124 [grpc-default-executor-6] INFO  impl.RoleInfo (RoleInfo.java:updateAndGet(143)) - 0e41e4d3-9bdd-41a7-a6da-f6547615f156: start FollowerState
2019-10-18 07:11:07,124 [Thread-914] INFO  impl.FollowerState (FollowerState.java:run(117)) - 0e41e4d3-9bdd-41a7-a6da-f6547615f156@group-4D56D0FF4DD9-FollowerState was interrupted: java.lang.InterruptedException: sleep interrupted
2019-10-18 07:11:07,136 [a7c18b56-7bd4-4e97-bac5-a7861ed2f887@group-4D56D0FF4DD9-LeaderElection53] INFO  impl.LeaderElection (LeaderElection.java:logAndReturn(56)) - a7c18b56-7bd4-4e97-bac5-a7861ed2f887@group-4D56D0FF4DD9-LeaderElection53: Election REJECTED; received 2 response(s) [a7c18b56-7bd4-4e97-bac5-a7861ed2f887<-0e41e4d3-9bdd-41a7-a6da-f6547615f156#0:FAIL-t51, a7c18b56-7bd4-4e97-bac5-a7861ed2f887<-365c74cf-9edf-4118-8168-00280e7ea799#0:FAIL-t51] and 0 exception(s); a7c18b56-7bd4-4e97-bac5-a7861ed2f887@group-4D56D0FF4DD9:t51, leader=null, voted=a7c18b56-7bd4-4e97-bac5-a7861ed2f887, raftlog=a7c18b56-7bd4-4e97-bac5-a7861ed2f887@group-4D56D0FF4DD9-SegmentedRaftLog:OPENED:c3,f4,i4, conf=0: [a7c18b56-7bd4-4e97-bac5-a7861ed2f887:192.168.69.67:34061, 0e41e4d3-9bdd-41a7-a6da-f6547615f156:192.168.69.67:46622, 365c74cf-9edf-4118-8168-00280e7ea799:192.168.69.67:37281], old=null
2019-10-18 07:11:07,137 [a7c18b56-7bd4-4e97-bac5-a7861ed2f887@group-4D56D0FF4DD9-LeaderElection53] INFO  impl.RaftServerImpl (RaftServerImpl.java:setRole(184)) - a7c18b56-7bd4-4e97-bac5-a7861ed2f887@group-4D56D0FF4DD9: changes role from CANDIDATE to FOLLOWER at term 51 for DISCOVERED_A_NEW_TERM
2019-10-18 07:11:07,137 [a7c18b56-7bd4-4e97-bac5-a7861ed2f887@group-4D56D0FF4DD9-LeaderElection53] INFO  impl.RoleInfo (RoleInfo.java:shutdownLeaderElection(134)) - a7c18b56-7bd4-4e97-bac5-a7861ed2f887: shutdown LeaderElection
2019-10-18 07:11:07,137 [a7c18b56-7bd4-4e97-bac5-a7861ed2f887@group-4D56D0FF4DD9-LeaderElection53] INFO  impl.RoleInfo (RoleInfo.java:updateAndGet(143)) - a7c18b56-7bd4-4e97-bac5-a7861ed2f887: start FollowerState
2019-10-18 07:11:07,147 [BlockDeletingService#2] WARN  background.BlockDeletingService (BlockDeletingService.java:isDeletionAllowed(187)) - Close Container log Index 6 is not replicated across allthe servers in the pipeline 5b98df48-0bd5-4e4e-b730-4d56d0ff4dd9 as the min replicated index is 4. Deletion is not allowed in this container yet.
2019-10-18 07:11:07,147 [BlockDeletingService#2] WARN  background.BlockDeletingService (BlockDeletingService.java:isDeletionAllowed(187)) - Close Container log Index 6 is not replicated across allthe servers in the pipeline 5b98df48-0bd5-4e4e-b730-4d56d0ff4dd9 as the min replicated index is 4. Deletion is not allowed in this container yet.
2019-10-18 07:11:07,238 [Thread-925] INFO  impl.FollowerState (FollowerState.java:run(108)) - a7c18b56-7bd4-4e97-bac5-a7861ed2f887@group-4D56D0FF4DD9-FollowerState: change to CANDIDATE, lastRpcTime:101ms, electionTimeout:101ms
2019-10-18 07:11:07,239 [Thread-925] INFO  impl.RoleInfo (RoleInfo.java:shutdownFollowerState(121)) - a7c18b56-7bd4-4e97-bac5-a7861ed2f887: shutdown FollowerState
2019-10-18 07:11:07,239 [Thread-925] INFO  impl.RaftServerImpl (RaftServerImpl.java:setRole(184)) - a7c18b56-7bd4-4e97-bac5-a7861ed2f887@group-4D56D0FF4DD9: changes role from  FOLLOWER to CANDIDATE at term 51 for changeToCandidate
2019-10-18 07:11:07,239 [Thread-925] INFO  impl.RoleInfo (RoleInfo.java:updateAndGet(143)) - a7c18b56-7bd4-4e97-bac5-a7861ed2f887: start LeaderElection
2019-10-18 07:11:07,252 [a7c18b56-7bd4-4e97-bac5-a7861ed2f887@group-4D56D0FF4DD9-LeaderElection54] INFO  impl.LeaderElection (LeaderElection.java:askForVotes(178)) - a7c18b56-7bd4-4e97-bac5-a7861ed2f887@group-4D56D0FF4DD9-LeaderElection54: begin an election at term 52 for 0: [a7c18b56-7bd4-4e97-bac5-a7861ed2f887:192.168.69.67:34061, 0e41e4d3-9bdd-41a7-a6da-f6547615f156:192.168.69.67:46622, 365c74cf-9edf-4118-8168-00280e7ea799:192.168.69.67:37281], old=null
2019-10-18 07:11:07,255 [grpc-default-executor-6] INFO  impl.RaftServerImpl (RaftServerImpl.java:setRole(184)) - 0e41e4d3-9bdd-41a7-a6da-f6547615f156@group-4D56D0FF4DD9: changes role from  FOLLOWER to FOLLOWER at term 52 for recognizeCandidate:a7c18b56-7bd4-4e97-bac5-a7861ed2f887
2019-10-18 07:11:07,255 [grpc-default-executor-6] INFO  impl.RoleInfo (RoleInfo.java:shutdownFollowerState(121)) - 0e41e4d3-9bdd-41a7-a6da-f6547615f156: shutdown FollowerState
2019-10-18 07:11:07,255 [grpc-default-executor-0] INFO  impl.RaftServerImpl (RaftServerImpl.java:setRole(184)) - 365c74cf-9edf-4118-8168-00280e7ea799@group-4D56D0FF4DD9: changes role from  FOLLOWER to FOLLOWER at term 52 for recognizeCandidate:a7c18b56-7bd4-4e97-bac5-a7861ed2f887
2019-10-18 07:11:07,256 [grpc-default-executor-0] INFO  impl.RoleInfo (RoleInfo.java:shutdownFollowerState(121)) - 365c74cf-9edf-4118-8168-00280e7ea799: shutdown FollowerState
2019-10-18 07:11:07,256 [Thread-924] INFO  impl.FollowerState (FollowerState.java:run(117)) - 0e41e4d3-9bdd-41a7-a6da-f6547615f156@group-4D56D0FF4DD9-FollowerState was interrupted: java.lang.InterruptedException: sleep interrupted
2019-10-18 07:11:07,256 [grpc-default-executor-6] INFO  impl.RoleInfo (RoleInfo.java:updateAndGet(143)) - 0e41e4d3-9bdd-41a7-a6da-f6547615f156: start FollowerState
2019-10-18 07:11:07,256 [Thread-923] INFO  impl.FollowerState (FollowerState.java:run(117)) - 365c74cf-9edf-4118-8168-00280e7ea799@group-4D56D0FF4DD9-FollowerState was interrupted: java.lang.InterruptedException: sleep interrupted
2019-10-18 07:11:07,256 [grpc-default-executor-0] INFO  impl.RoleInfo (RoleInfo.java:updateAndGet(143)) - 365c74cf-9edf-4118-8168-00280e7ea799: start FollowerState
2019-10-18 07:11:07,270 [a7c18b56-7bd4-4e97-bac5-a7861ed2f887@group-4D56D0FF4DD9-LeaderElection54] INFO  impl.LeaderElection (LeaderElection.java:logAndReturn(56)) - a7c18b56-7bd4-4e97-bac5-a7861ed2f887@group-4D56D0FF4DD9-LeaderElection54: Election REJECTED; received 2 response(s) [a7c18b56-7bd4-4e97-bac5-a7861ed2f887<-0e41e4d3-9bdd-41a7-a6da-f6547615f156#0:FAIL-t52, a7c18b56-7bd4-4e97-bac5-a7861ed2f887<-365c74cf-9edf-4118-8168-00280e7ea799#0:FAIL-t52] and 0 exception(s); a7c18b56-7bd4-4e97-bac5-a7861ed2f887@group-4D56D0FF4DD9:t52, leader=null, voted=a7c18b56-7bd4-4e97-bac5-a7861ed2f887, raftlog=a7c18b56-7bd4-4e97-bac5-a7861ed2f887@group-4D56D0FF4DD9-SegmentedRaftLog:OPENED:c3,f4,i4, conf=0: [a7c18b56-7bd4-4e97-bac5-a7861ed2f887:192.168.69.67:34061, 0e41e4d3-9bdd-41a7-a6da-f6547615f156:192.168.69.67:46622, 365c74cf-9edf-4118-8168-00280e7ea799:192.168.69.67:37281], old=null
2019-10-18 07:11:07,271 [a7c18b56-7bd4-4e97-bac5-a7861ed2f887@group-4D56D0FF4DD9-LeaderElection54] INFO  impl.RaftServerImpl (RaftServerImpl.java:setRole(184)) - a7c18b56-7bd4-4e97-bac5-a7861ed2f887@group-4D56D0FF4DD9: changes role from CANDIDATE to FOLLOWER at term 52 for DISCOVERED_A_NEW_TERM
2019-10-18 07:11:07,271 [a7c18b56-7bd4-4e97-bac5-a7861ed2f887@group-4D56D0FF4DD9-LeaderElection54] INFO  impl.RoleInfo (RoleInfo.java:shutdownLeaderElection(134)) - a7c18b56-7bd4-4e97-bac5-a7861ed2f887: shutdown LeaderElection
2019-10-18 07:11:07,271 [a7c18b56-7bd4-4e97-bac5-a7861ed2f887@group-4D56D0FF4DD9-LeaderElection54] INFO  impl.RoleInfo (RoleInfo.java:updateAndGet(143)) - a7c18b56-7bd4-4e97-bac5-a7861ed2f887: start FollowerState
2019-10-18 07:11:07,295 [Thread-933] INFO  impl.FollowerState (FollowerState.java:run(108)) - a7c18b56-7bd4-4e97-bac5-a7861ed2f887@group-4D56D0FF4DD9-FollowerState: change to CANDIDATE, lastRpcTime:24ms, electionTimeout:24ms
2019-10-18 07:11:07,295 [Thread-933] INFO  impl.RoleInfo (RoleInfo.java:shutdownFollowerState(121)) - a7c18b56-7bd4-4e97-bac5-a7861ed2f887: shutdown FollowerState
2019-10-18 07:11:07,296 [Thread-933] INFO  impl.RaftServerImpl (RaftServerImpl.java:setRole(184)) - a7c18b56-7bd4-4e97-bac5-a7861ed2f887@group-4D56D0FF4DD9: changes role from  FOLLOWER to CANDIDATE at term 52 for changeToCandidate
2019-10-18 07:11:07,296 [Thread-933] INFO  impl.RoleInfo (RoleInfo.java:updateAndGet(143)) - a7c18b56-7bd4-4e97-bac5-a7861ed2f887: start LeaderElection
2019-10-18 07:11:07,309 [a7c18b56-7bd4-4e97-bac5-a7861ed2f887@group-4D56D0FF4DD9-LeaderElection55] INFO  impl.LeaderElection (LeaderElection.java:askForVotes(178)) - a7c18b56-7bd4-4e97-bac5-a7861ed2f887@group-4D56D0FF4DD9-LeaderElection55: begin an election at term 53 for 0: [a7c18b56-7bd4-4e97-bac5-a7861ed2f887:192.168.69.67:34061, 0e41e4d3-9bdd-41a7-a6da-f6547615f156:192.168.69.67:46622, 365c74cf-9edf-4118-8168-00280e7ea799:192.168.69.67:37281], old=null
2019-10-18 07:11:07,311 [grpc-default-executor-6] INFO  impl.RaftServerImpl (RaftServerImpl.java:setRole(184)) - 365c74cf-9edf-4118-8168-00280e7ea799@group-4D56D0FF4DD9: changes role from  FOLLOWER to FOLLOWER at term 53 for recognizeCandidate:a7c18b56-7bd4-4e97-bac5-a7861ed2f887
2019-10-18 07:11:07,311 [grpc-default-executor-0] INFO  impl.RaftServerImpl (RaftServerImpl.java:setRole(184)) - 0e41e4d3-9bdd-41a7-a6da-f6547615f156@group-4D56D0FF4DD9: changes role from  FOLLOWER to FOLLOWER at term 53 for recognizeCandidate:a7c18b56-7bd4-4e97-bac5-a7861ed2f887
2019-10-18 07:11:07,311 [grpc-default-executor-6] INFO  impl.RoleInfo (RoleInfo.java:shutdownFollowerState(121)) - 365c74cf-9edf-4118-8168-00280e7ea799: shutdown FollowerState
2019-10-18 07:11:07,311 [grpc-default-executor-0] INFO  impl.RoleInfo (RoleInfo.java:shutdownFollowerState(121)) - 0e41e4d3-9bdd-41a7-a6da-f6547615f156: shutdown FollowerState
2019-10-18 07:11:07,312 [Thread-932] INFO  impl.FollowerState (FollowerState.java:run(117)) - 365c74cf-9edf-4118-8168-00280e7ea799@group-4D56D0FF4DD9-FollowerState was interrupted: java.lang.InterruptedException: sleep interrupted
2019-10-18 07:11:07,312 [grpc-default-executor-6] INFO  impl.RoleInfo (RoleInfo.java:updateAndGet(143)) - 365c74cf-9edf-4118-8168-00280e7ea799: start FollowerState
2019-10-18 07:11:07,312 [Thread-931] INFO  impl.FollowerState (FollowerState.java:run(117)) - 0e41e4d3-9bdd-41a7-a6da-f6547615f156@group-4D56D0FF4DD9-FollowerState was interrupted: java.lang.InterruptedException: sleep interrupted
2019-10-18 07:11:07,312 [grpc-default-executor-0] INFO  impl.RoleInfo (RoleInfo.java:updateAndGet(143)) - 0e41e4d3-9bdd-41a7-a6da-f6547615f156: start FollowerState
2019-10-18 07:11:07,326 [a7c18b56-7bd4-4e97-bac5-a7861ed2f887@group-4D56D0FF4DD9-LeaderElection55] INFO  impl.LeaderElection (LeaderElection.java:logAndReturn(56)) - a7c18b56-7bd4-4e97-bac5-a7861ed2f887@group-4D56D0FF4DD9-LeaderElection55: Election REJECTED; received 2 response(s) [a7c18b56-7bd4-4e97-bac5-a7861ed2f887<-0e41e4d3-9bdd-41a7-a6da-f6547615f156#0:FAIL-t53, a7c18b56-7bd4-4e97-bac5-a7861ed2f887<-365c74cf-9edf-4118-8168-00280e7ea799#0:FAIL-t53] and 0 exception(s); a7c18b56-7bd4-4e97-bac5-a7861ed2f887@group-4D56D0FF4DD9:t53, leader=null, voted=a7c18b56-7bd4-4e97-bac5-a7861ed2f887, raftlog=a7c18b56-7bd4-4e97-bac5-a7861ed2f887@group-4D56D0FF4DD9-SegmentedRaftLog:OPENED:c3,f4,i4, conf=0: [a7c18b56-7bd4-4e97-bac5-a7861ed2f887:192.168.69.67:34061, 0e41e4d3-9bdd-41a7-a6da-f6547615f156:192.168.69.67:46622, 365c74cf-9edf-4118-8168-00280e7ea799:192.168.69.67:37281], old=null
2019-10-18 07:11:07,326 [a7c18b56-7bd4-4e97-bac5-a7861ed2f887@group-4D56D0FF4DD9-LeaderElection55] INFO  impl.RaftServerImpl (RaftServerImpl.java:setRole(184)) - a7c18b56-7bd4-4e97-bac5-a7861ed2f887@group-4D56D0FF4DD9: changes role from CANDIDATE to FOLLOWER at term 53 for DISCOVERED_A_NEW_TERM
2019-10-18 07:11:07,326 [a7c18b56-7bd4-4e97-bac5-a7861ed2f887@group-4D56D0FF4DD9-LeaderElection55] INFO  impl.RoleInfo (RoleInfo.java:shutdownLeaderElection(134)) - a7c18b56-7bd4-4e97-bac5-a7861ed2f887: shutdown LeaderElection
2019-10-18 07:11:07,326 [a7c18b56-7bd4-4e97-bac5-a7861ed2f887@group-4D56D0FF4DD9-LeaderElection55] INFO  impl.RoleInfo (RoleInfo.java:updateAndGet(143)) - a7c18b56-7bd4-4e97-bac5-a7861ed2f887: start FollowerState
2019-10-18 07:11:07,511 [Thread-939] INFO  impl.FollowerState (FollowerState.java:run(108)) - a7c18b56-7bd4-4e97-bac5-a7861ed2f887@group-4D56D0FF4DD9-FollowerState: change to CANDIDATE, lastRpcTime:184ms, electionTimeout:184ms
2019-10-18 07:11:07,511 [Thread-939] INFO  impl.RoleInfo (RoleInfo.java:shutdownFollowerState(121)) - a7c18b56-7bd4-4e97-bac5-a7861ed2f887: shutdown FollowerState
2019-10-18 07:11:07,511 [Thread-939] INFO  impl.RaftServerImpl (RaftServerImpl.java:setRole(184)) - a7c18b56-7bd4-4e97-bac5-a7861ed2f887@group-4D56D0FF4DD9: changes role from  FOLLOWER to CANDIDATE at term 53 for changeToCandidate
2019-10-18 07:11:07,511 [Thread-939] INFO  impl.RoleInfo (RoleInfo.java:updateAndGet(143)) - a7c18b56-7bd4-4e97-bac5-a7861ed2f887: start LeaderElection
2019-10-18 07:11:07,548 [a7c18b56-7bd4-4e97-bac5-a7861ed2f887@group-4D56D0FF4DD9-LeaderElection56] INFO  impl.LeaderElection (LeaderElection.java:askForVotes(178)) - a7c18b56-7bd4-4e97-bac5-a7861ed2f887@group-4D56D0FF4DD9-LeaderElection56: begin an election at term 54 for 0: [a7c18b56-7bd4-4e97-bac5-a7861ed2f887:192.168.69.67:34061, 0e41e4d3-9bdd-41a7-a6da-f6547615f156:192.168.69.67:46622, 365c74cf-9edf-4118-8168-00280e7ea799:192.168.69.67:37281], old=null
2019-10-18 07:11:07,551 [grpc-default-executor-6] INFO  impl.RaftServerImpl (RaftServerImpl.java:setRole(184)) - 0e41e4d3-9bdd-41a7-a6da-f6547615f156@group-4D56D0FF4DD9: changes role from  FOLLOWER to FOLLOWER at term 54 for recognizeCandidate:a7c18b56-7bd4-4e97-bac5-a7861ed2f887
2019-10-18 07:11:07,551 [grpc-default-executor-0] INFO  impl.RaftServerImpl (RaftServerImpl.java:setRole(184)) - 365c74cf-9edf-4118-8168-00280e7ea799@group-4D56D0FF4DD9: changes role from  FOLLOWER to FOLLOWER at term 54 for recognizeCandidate:a7c18b56-7bd4-4e97-bac5-a7861ed2f887
2019-10-18 07:11:07,551 [grpc-default-executor-6] INFO  impl.RoleInfo (RoleInfo.java:shutdownFollowerState(121)) - 0e41e4d3-9bdd-41a7-a6da-f6547615f156: shutdown FollowerState
2019-10-18 07:11:07,551 [grpc-default-executor-0] INFO  impl.RoleInfo (RoleInfo.java:shutdownFollowerState(121)) - 365c74cf-9edf-4118-8168-00280e7ea799: shutdown FollowerState
2019-10-18 07:11:07,551 [Thread-938] INFO  impl.FollowerState (FollowerState.java:run(117)) - 0e41e4d3-9bdd-41a7-a6da-f6547615f156@group-4D56D0FF4DD9-FollowerState was interrupted: java.lang.InterruptedException: sleep interrupted
2019-10-18 07:11:07,551 [grpc-default-executor-6] INFO  impl.RoleInfo (RoleInfo.java:updateAndGet(143)) - 0e41e4d3-9bdd-41a7-a6da-f6547615f156: start FollowerState
2019-10-18 07:11:07,552 [Thread-937] INFO  impl.FollowerState (FollowerState.java:run(117)) - 365c74cf-9edf-4118-8168-00280e7ea799@group-4D56D0FF4DD9-FollowerState was interrupted: java.lang.InterruptedException: sleep interrupted
2019-10-18 07:11:07,552 [grpc-default-executor-0] INFO  impl.RoleInfo (RoleInfo.java:updateAndGet(143)) - 365c74cf-9edf-4118-8168-00280e7ea799: start FollowerState
2019-10-18 07:11:07,559 [a7c18b56-7bd4-4e97-bac5-a7861ed2f887@group-4D56D0FF4DD9-LeaderElection56] INFO  impl.LeaderElection (LeaderElection.java:logAndReturn(56)) - a7c18b56-7bd4-4e97-bac5-a7861ed2f887@group-4D56D0FF4DD9-LeaderElection56: Election TIMEOUT; received 0 response(s) [] and 0 exception(s); a7c18b56-7bd4-4e97-bac5-a7861ed2f887@group-4D56D0FF4DD9:t54, leader=null, voted=a7c18b56-7bd4-4e97-bac5-a7861ed2f887, raftlog=a7c18b56-7bd4-4e97-bac5-a7861ed2f887@group-4D56D0FF4DD9-SegmentedRaftLog:OPENED:c3,f4,i4, conf=0: [a7c18b56-7bd4-4e97-bac5-a7861ed2f887:192.168.69.67:34061, 0e41e4d3-9bdd-41a7-a6da-f6547615f156:192.168.69.67:46622, 365c74cf-9edf-4118-8168-00280e7ea799:192.168.69.67:37281], old=null
2019-10-18 07:11:07,587 [a7c18b56-7bd4-4e97-bac5-a7861ed2f887@group-4D56D0FF4DD9-LeaderElection56] INFO  impl.LeaderElection (LeaderElection.java:askForVotes(178)) - a7c18b56-7bd4-4e97-bac5-a7861ed2f887@group-4D56D0FF4DD9-LeaderElection56: begin an election at term 55 for 0: [a7c18b56-7bd4-4e97-bac5-a7861ed2f887:192.168.69.67:34061, 0e41e4d3-9bdd-41a7-a6da-f6547615f156:192.168.69.67:46622, 365c74cf-9edf-4118-8168-00280e7ea799:192.168.69.67:37281], old=null
2019-10-18 07:11:07,589 [grpc-default-executor-6] INFO  impl.RaftServerImpl (RaftServerImpl.java:setRole(184)) - 0e41e4d3-9bdd-41a7-a6da-f6547615f156@group-4D56D0FF4DD9: changes role from  FOLLOWER to FOLLOWER at term 55 for recognizeCandidate:a7c18b56-7bd4-4e97-bac5-a7861ed2f887
2019-10-18 07:11:07,589 [grpc-default-executor-0] INFO  impl.RaftServerImpl (RaftServerImpl.java:setRole(184)) - 365c74cf-9edf-4118-8168-00280e7ea799@group-4D56D0FF4DD9: changes role from  FOLLOWER to FOLLOWER at term 55 for recognizeCandidate:a7c18b56-7bd4-4e97-bac5-a7861ed2f887
2019-10-18 07:11:07,589 [grpc-default-executor-6] INFO  impl.RoleInfo (RoleInfo.java:shutdownFollowerState(121)) - 0e41e4d3-9bdd-41a7-a6da-f6547615f156: shutdown FollowerState
2019-10-18 07:11:07,589 [grpc-default-executor-0] INFO  impl.RoleInfo (RoleInfo.java:shutdownFollowerState(121)) - 365c74cf-9edf-4118-8168-00280e7ea799: shutdown FollowerState
2019-10-18 07:11:07,590 [Thread-943] INFO  impl.FollowerState (FollowerState.java:run(117)) - 0e41e4d3-9bdd-41a7-a6da-f6547615f156@group-4D56D0FF4DD9-FollowerState was interrupted: java.lang.InterruptedException: sleep interrupted
2019-10-18 07:11:07,590 [grpc-default-executor-6] INFO  impl.RoleInfo (RoleInfo.java:updateAndGet(143)) - 0e41e4d3-9bdd-41a7-a6da-f6547615f156: start FollowerState
2019-10-18 07:11:07,590 [Thread-944] INFO  impl.FollowerState (FollowerState.java:run(117)) - 365c74cf-9edf-4118-8168-00280e7ea799@group-4D56D0FF4DD9-FollowerState was interrupted: java.lang.InterruptedException: sleep interrupted
2019-10-18 07:11:07,590 [grpc-default-executor-0] INFO  impl.RoleInfo (RoleInfo.java:updateAndGet(143)) - 365c74cf-9edf-4118-8168-00280e7ea799: start FollowerState
2019-10-18 07:11:07,618 [a7c18b56-7bd4-4e97-bac5-a7861ed2f887@group-4D56D0FF4DD9-LeaderElection56] INFO  impl.LeaderElection (LeaderElection.java:logAndReturn(56)) - a7c18b56-7bd4-4e97-bac5-a7861ed2f887@group-4D56D0FF4DD9-LeaderElection56: Election TIMEOUT; received 0 response(s) [] and 0 exception(s); a7c18b56-7bd4-4e97-bac5-a7861ed2f887@group-4D56D0FF4DD9:t55, leader=null, voted=a7c18b56-7bd4-4e97-bac5-a7861ed2f887, raftlog=a7c18b56-7bd4-4e97-bac5-a7861ed2f887@group-4D56D0FF4DD9-SegmentedRaftLog:OPENED:c3,f4,i4, conf=0: [a7c18b56-7bd4-4e97-bac5-a7861ed2f887:192.168.69.67:34061, 0e41e4d3-9bdd-41a7-a6da-f6547615f156:192.168.69.67:46622, 365c74cf-9edf-4118-8168-00280e7ea799:192.168.69.67:37281], old=null
2019-10-18 07:11:07,676 [a7c18b56-7bd4-4e97-bac5-a7861ed2f887@group-4D56D0FF4DD9-LeaderElection56] INFO  impl.LeaderElection (LeaderElection.java:askForVotes(178)) - a7c18b56-7bd4-4e97-bac5-a7861ed2f887@group-4D56D0FF4DD9-LeaderElection56: begin an election at term 56 for 0: [a7c18b56-7bd4-4e97-bac5-a7861ed2f887:192.168.69.67:34061, 0e41e4d3-9bdd-41a7-a6da-f6547615f156:192.168.69.67:46622, 365c74cf-9edf-4118-8168-00280e7ea799:192.168.69.67:37281], old=null
2019-10-18 07:11:07,679 [grpc-default-executor-6] INFO  impl.RaftServerImpl (RaftServerImpl.java:setRole(184)) - 0e41e4d3-9bdd-41a7-a6da-f6547615f156@group-4D56D0FF4DD9: changes role from  FOLLOWER to FOLLOWER at term 56 for recognizeCandidate:a7c18b56-7bd4-4e97-bac5-a7861ed2f887
2019-10-18 07:11:07,679 [grpc-default-executor-0] INFO  impl.RaftServerImpl (RaftServerImpl.java:setRole(184)) - 365c74cf-9edf-4118-8168-00280e7ea799@group-4D56D0FF4DD9: changes role from  FOLLOWER to FOLLOWER at term 56 for recognizeCandidate:a7c18b56-7bd4-4e97-bac5-a7861ed2f887
2019-10-18 07:11:07,679 [grpc-default-executor-6] INFO  impl.RoleInfo (RoleInfo.java:shutdownFollowerState(121)) - 0e41e4d3-9bdd-41a7-a6da-f6547615f156: shutdown FollowerState
2019-10-18 07:11:07,679 [grpc-default-executor-0] INFO  impl.RoleInfo (RoleInfo.java:shutdownFollowerState(121)) - 365c74cf-9edf-4118-8168-00280e7ea799: shutdown FollowerState
2019-10-18 07:11:07,679 [Thread-947] INFO  impl.FollowerState (FollowerState.java:run(117)) - 0e41e4d3-9bdd-41a7-a6da-f6547615f156@group-4D56D0FF4DD9-FollowerState was interrupted: java.lang.InterruptedException: sleep interrupted
2019-10-18 07:11:07,679 [Thread-948] INFO  impl.FollowerState (FollowerState.java:run(117)) - 365c74cf-9edf-4118-8168-00280e7ea799@group-4D56D0FF4DD9-FollowerState was interrupted: java.lang.InterruptedException: sleep interrupted
2019-10-18 07:11:07,679 [grpc-default-executor-6] INFO  impl.RoleInfo (RoleInfo.java:updateAndGet(143)) - 0e41e4d3-9bdd-41a7-a6da-f6547615f156: start FollowerState
2019-10-18 07:11:07,679 [grpc-default-executor-0] INFO  impl.RoleInfo (RoleInfo.java:updateAndGet(143)) - 365c74cf-9edf-4118-8168-00280e7ea799: start FollowerState
2019-10-18 07:11:07,683 [a7c18b56-7bd4-4e97-bac5-a7861ed2f887@group-4D56D0FF4DD9-LeaderElection56] INFO  impl.LeaderElection (LeaderElection.java:logAndReturn(56)) - a7c18b56-7bd4-4e97-bac5-a7861ed2f887@group-4D56D0FF4DD9-LeaderElection56: Election TIMEOUT; received 0 response(s) [] and 0 exception(s); a7c18b56-7bd4-4e97-bac5-a7861ed2f887@group-4D56D0FF4DD9:t56, leader=null, voted=a7c18b56-7bd4-4e97-bac5-a7861ed2f887, raftlog=a7c18b56-7bd4-4e97-bac5-a7861ed2f887@group-4D56D0FF4DD9-SegmentedRaftLog:OPENED:c3,f4,i4, conf=0: [a7c18b56-7bd4-4e97-bac5-a7861ed2f887:192.168.69.67:34061, 0e41e4d3-9bdd-41a7-a6da-f6547615f156:192.168.69.67:46622, 365c74cf-9edf-4118-8168-00280e7ea799:192.168.69.67:37281], old=null
2019-10-18 07:11:07,731 [a7c18b56-7bd4-4e97-bac5-a7861ed2f887@group-4D56D0FF4DD9-LeaderElection56] INFO  impl.LeaderElection (LeaderElection.java:askForVotes(178)) - a7c18b56-7bd4-4e97-bac5-a7861ed2f887@group-4D56D0FF4DD9-LeaderElection56: begin an election at term 57 for 0: [a7c18b56-7bd4-4e97-bac5-a7861ed2f887:192.168.69.67:34061, 0e41e4d3-9bdd-41a7-a6da-f6547615f156:192.168.69.67:46622, 365c74cf-9edf-4118-8168-00280e7ea799:192.168.69.67:37281], old=null
2019-10-18 07:11:07,733 [grpc-default-executor-6] INFO  impl.RaftServerImpl (RaftServerImpl.java:setRole(184)) - 0e41e4d3-9bdd-41a7-a6da-f6547615f156@group-4D56D0FF4DD9: changes role from  FOLLOWER to FOLLOWER at term 57 for recognizeCandidate:a7c18b56-7bd4-4e97-bac5-a7861ed2f887
2019-10-18 07:11:07,734 [grpc-default-executor-6] INFO  impl.RoleInfo (RoleInfo.java:shutdownFollowerState(121)) - 0e41e4d3-9bdd-41a7-a6da-f6547615f156: shutdown FollowerState
2019-10-18 07:11:07,734 [grpc-default-executor-6] INFO  impl.RoleInfo (RoleInfo.java:updateAndGet(143)) - 0e41e4d3-9bdd-41a7-a6da-f6547615f156: start FollowerState
2019-10-18 07:11:07,734 [Thread-951] INFO  impl.FollowerState (FollowerState.java:run(117)) - 0e41e4d3-9bdd-41a7-a6da-f6547615f156@group-4D56D0FF4DD9-FollowerState was interrupted: java.lang.InterruptedException: sleep interrupted
2019-10-18 07:11:07,734 [grpc-default-executor-0] INFO  impl.RaftServerImpl (RaftServerImpl.java:setRole(184)) - 365c74cf-9edf-4118-8168-00280e7ea799@group-4D56D0FF4DD9: changes role from  FOLLOWER to FOLLOWER at term 57 for recognizeCandidate:a7c18b56-7bd4-4e97-bac5-a7861ed2f887
2019-10-18 07:11:07,734 [grpc-default-executor-0] INFO  impl.RoleInfo (RoleInfo.java:shutdownFollowerState(121)) - 365c74cf-9edf-4118-8168-00280e7ea799: shutdown FollowerState
2019-10-18 07:11:07,734 [grpc-default-executor-0] INFO  impl.RoleInfo (RoleInfo.java:updateAndGet(143)) - 365c74cf-9edf-4118-8168-00280e7ea799: start FollowerState
2019-10-18 07:11:07,735 [Thread-952] INFO  impl.FollowerState (FollowerState.java:run(117)) - 365c74cf-9edf-4118-8168-00280e7ea799@group-4D56D0FF4DD9-FollowerState was interrupted: java.lang.InterruptedException: sleep interrupted
2019-10-18 07:11:07,763 [a7c18b56-7bd4-4e97-bac5-a7861ed2f887@group-4D56D0FF4DD9-LeaderElection56] INFO  impl.LeaderElection (LeaderElection.java:logAndReturn(56)) - a7c18b56-7bd4-4e97-bac5-a7861ed2f887@group-4D56D0FF4DD9-LeaderElection56: Election REJECTED; received 2 response(s) [a7c18b56-7bd4-4e97-bac5-a7861ed2f887<-0e41e4d3-9bdd-41a7-a6da-f6547615f156#0:FAIL-t57, a7c18b56-7bd4-4e97-bac5-a7861ed2f887<-365c74cf-9edf-4118-8168-00280e7ea799#0:FAIL-t57] and 0 exception(s); a7c18b56-7bd4-4e97-bac5-a7861ed2f887@group-4D56D0FF4DD9:t57, leader=null, voted=a7c18b56-7bd4-4e97-bac5-a7861ed2f887, raftlog=a7c18b56-7bd4-4e97-bac5-a7861ed2f887@group-4D56D0FF4DD9-SegmentedRaftLog:OPENED:c3,f4,i4, conf=0: [a7c18b56-7bd4-4e97-bac5-a7861ed2f887:192.168.69.67:34061, 0e41e4d3-9bdd-41a7-a6da-f6547615f156:192.168.69.67:46622, 365c74cf-9edf-4118-8168-00280e7ea799:192.168.69.67:37281], old=null
2019-10-18 07:11:07,763 [a7c18b56-7bd4-4e97-bac5-a7861ed2f887@group-4D56D0FF4DD9-LeaderElection56] INFO  impl.RaftServerImpl (RaftServerImpl.java:setRole(184)) - a7c18b56-7bd4-4e97-bac5-a7861ed2f887@group-4D56D0FF4DD9: changes role from CANDIDATE to FOLLOWER at term 57 for DISCOVERED_A_NEW_TERM
2019-10-18 07:11:07,764 [a7c18b56-7bd4-4e97-bac5-a7861ed2f887@group-4D56D0FF4DD9-LeaderElection56] INFO  impl.RoleInfo (RoleInfo.java:shutdownLeaderElection(134)) - a7c18b56-7bd4-4e97-bac5-a7861ed2f887: shutdown LeaderElection
2019-10-18 07:11:07,764 [a7c18b56-7bd4-4e97-bac5-a7861ed2f887@group-4D56D0FF4DD9-LeaderElection56] INFO  impl.RoleInfo (RoleInfo.java:updateAndGet(143)) - a7c18b56-7bd4-4e97-bac5-a7861ed2f887: start FollowerState
2019-10-18 07:11:07,831 [Thread-957] INFO  impl.FollowerState (FollowerState.java:run(108)) - a7c18b56-7bd4-4e97-bac5-a7861ed2f887@group-4D56D0FF4DD9-FollowerState: change to CANDIDATE, lastRpcTime:67ms, electionTimeout:67ms
2019-10-18 07:11:07,831 [Thread-957] INFO  impl.RoleInfo (RoleInfo.java:shutdownFollowerState(121)) - a7c18b56-7bd4-4e97-bac5-a7861ed2f887: shutdown FollowerState
2019-10-18 07:11:07,832 [Thread-957] INFO  impl.RaftServerImpl (RaftServerImpl.java:setRole(184)) - a7c18b56-7bd4-4e97-bac5-a7861ed2f887@group-4D56D0FF4DD9: changes role from  FOLLOWER to CANDIDATE at term 57 for changeToCandidate
2019-10-18 07:11:07,832 [Thread-957] INFO  impl.RoleInfo (RoleInfo.java:updateAndGet(143)) - a7c18b56-7bd4-4e97-bac5-a7861ed2f887: start LeaderElection
2019-10-18 07:11:07,885 [a7c18b56-7bd4-4e97-bac5-a7861ed2f887@group-4D56D0FF4DD9-LeaderElection57] INFO  impl.LeaderElection (LeaderElection.java:askForVotes(178)) - a7c18b56-7bd4-4e97-bac5-a7861ed2f887@group-4D56D0FF4DD9-LeaderElection57: begin an election at term 58 for 0: [a7c18b56-7bd4-4e97-bac5-a7861ed2f887:192.168.69.67:34061, 0e41e4d3-9bdd-41a7-a6da-f6547615f156:192.168.69.67:46622, 365c74cf-9edf-4118-8168-00280e7ea799:192.168.69.67:37281], old=null
2019-10-18 07:11:07,888 [grpc-default-executor-0] INFO  impl.RaftServerImpl (RaftServerImpl.java:setRole(184)) - 0e41e4d3-9bdd-41a7-a6da-f6547615f156@group-4D56D0FF4DD9: changes role from  FOLLOWER to FOLLOWER at term 58 for recognizeCandidate:a7c18b56-7bd4-4e97-bac5-a7861ed2f887
2019-10-18 07:11:07,888 [grpc-default-executor-6] INFO  impl.RaftServerImpl (RaftServerImpl.java:setRole(184)) - 365c74cf-9edf-4118-8168-00280e7ea799@group-4D56D0FF4DD9: changes role from  FOLLOWER to FOLLOWER at term 58 for recognizeCandidate:a7c18b56-7bd4-4e97-bac5-a7861ed2f887
2019-10-18 07:11:07,888 [grpc-default-executor-0] INFO  impl.RoleInfo (RoleInfo.java:shutdownFollowerState(121)) - 0e41e4d3-9bdd-41a7-a6da-f6547615f156: shutdown FollowerState
2019-10-18 07:11:07,889 [grpc-default-executor-6] INFO  impl.RoleInfo (RoleInfo.java:shutdownFollowerState(121)) - 365c74cf-9edf-4118-8168-00280e7ea799: shutdown FollowerState
2019-10-18 07:11:07,889 [Thread-955] INFO  impl.FollowerState (FollowerState.java:run(117)) - 0e41e4d3-9bdd-41a7-a6da-f6547615f156@group-4D56D0FF4DD9-FollowerState was interrupted: java.lang.InterruptedException: sleep interrupted
2019-10-18 07:11:07,889 [grpc-default-executor-6] INFO  impl.RoleInfo (RoleInfo.java:updateAndGet(143)) - 365c74cf-9edf-4118-8168-00280e7ea799: start FollowerState
2019-10-18 07:11:07,889 [grpc-default-executor-0] INFO  impl.RoleInfo (RoleInfo.java:updateAndGet(143)) - 0e41e4d3-9bdd-41a7-a6da-f6547615f156: start FollowerState
2019-10-18 07:11:07,889 [Thread-956] INFO  impl.FollowerState (FollowerState.java:run(117)) - 365c74cf-9edf-4118-8168-00280e7ea799@group-4D56D0FF4DD9-FollowerState was interrupted: java.lang.InterruptedException: sleep interrupted
2019-10-18 07:11:07,933 [a7c18b56-7bd4-4e97-bac5-a7861ed2f887@group-4D56D0FF4DD9-LeaderElection57] INFO  impl.LeaderElection (LeaderElection.java:logAndReturn(56)) - a7c18b56-7bd4-4e97-bac5-a7861ed2f887@group-4D56D0FF4DD9-LeaderElection57: Election REJECTED; received 2 response(s) [a7c18b56-7bd4-4e97-bac5-a7861ed2f887<-0e41e4d3-9bdd-41a7-a6da-f6547615f156#0:FAIL-t58, a7c18b56-7bd4-4e97-bac5-a7861ed2f887<-365c74cf-9edf-4118-8168-00280e7ea799#0:FAIL-t58] and 0 exception(s); a7c18b56-7bd4-4e97-bac5-a7861ed2f887@group-4D56D0FF4DD9:t58, leader=null, voted=a7c18b56-7bd4-4e97-bac5-a7861ed2f887, raftlog=a7c18b56-7bd4-4e97-bac5-a7861ed2f887@group-4D56D0FF4DD9-SegmentedRaftLog:OPENED:c3,f4,i4, conf=0: [a7c18b56-7bd4-4e97-bac5-a7861ed2f887:192.168.69.67:34061, 0e41e4d3-9bdd-41a7-a6da-f6547615f156:192.168.69.67:46622, 365c74cf-9edf-4118-8168-00280e7ea799:192.168.69.67:37281], old=null
2019-10-18 07:11:07,934 [a7c18b56-7bd4-4e97-bac5-a7861ed2f887@group-4D56D0FF4DD9-LeaderElection57] INFO  impl.RaftServerImpl (RaftServerImpl.java:setRole(184)) - a7c18b56-7bd4-4e97-bac5-a7861ed2f887@group-4D56D0FF4DD9: changes role from CANDIDATE to FOLLOWER at term 58 for DISCOVERED_A_NEW_TERM
2019-10-18 07:11:07,934 [a7c18b56-7bd4-4e97-bac5-a7861ed2f887@group-4D56D0FF4DD9-LeaderElection57] INFO  impl.RoleInfo (RoleInfo.java:shutdownLeaderElection(134)) - a7c18b56-7bd4-4e97-bac5-a7861ed2f887: shutdown LeaderElection
2019-10-18 07:11:07,934 [a7c18b56-7bd4-4e97-bac5-a7861ed2f887@group-4D56D0FF4DD9-LeaderElection57] INFO  impl.RoleInfo (RoleInfo.java:updateAndGet(143)) - a7c18b56-7bd4-4e97-bac5-a7861ed2f887: start FollowerState
2019-10-18 07:11:08,069 [Thread-964] INFO  impl.FollowerState (FollowerState.java:run(108)) - a7c18b56-7bd4-4e97-bac5-a7861ed2f887@group-4D56D0FF4DD9-FollowerState: change to CANDIDATE, lastRpcTime:135ms, electionTimeout:135ms
2019-10-18 07:11:08,070 [Thread-964] INFO  impl.RoleInfo (RoleInfo.java:shutdownFollowerState(121)) - a7c18b56-7bd4-4e97-bac5-a7861ed2f887: shutdown FollowerState
2019-10-18 07:11:08,070 [Thread-964] INFO  impl.RaftServerImpl (RaftServerImpl.java:setRole(184)) - a7c18b56-7bd4-4e97-bac5-a7861ed2f887@group-4D56D0FF4DD9: changes role from  FOLLOWER to CANDIDATE at term 58 for changeToCandidate
2019-10-18 07:11:08,070 [Thread-964] INFO  impl.RoleInfo (RoleInfo.java:updateAndGet(143)) - a7c18b56-7bd4-4e97-bac5-a7861ed2f887: start LeaderElection
2019-10-18 07:11:08,072 [Thread-967] INFO  client.GrpcClientProtocolService (GrpcClientProtocolService.java:lambda$processClientRequest$0(278)) - Failed RaftClientRequest:client-23AD7B0CD45D->0e41e4d3-9bdd-41a7-a6da-f6547615f156@group-4D56D0FF4DD9, cid=10, seq=0, Watch-ALL_COMMITTED(6), Message:<EMPTY>, reply=RaftClientReply:client-23AD7B0CD45D->0e41e4d3-9bdd-41a7-a6da-f6547615f156@group-4D56D0FF4DD9, cid=10, FAILED org.apache.ratis.protocol.NotLeaderException: Server 0e41e4d3-9bdd-41a7-a6da-f6547615f156@group-4D56D0FF4DD9 is not the leader, logIndex=0, commits[0e41e4d3-9bdd-41a7-a6da-f6547615f156:c10, a7c18b56-7bd4-4e97-bac5-a7861ed2f887:c4, 365c74cf-9edf-4118-8168-00280e7ea799:c10]
2019-10-18 07:11:08,108 [a7c18b56-7bd4-4e97-bac5-a7861ed2f887@group-4D56D0FF4DD9-LeaderElection58] INFO  impl.LeaderElection (LeaderElection.java:askForVotes(178)) - a7c18b56-7bd4-4e97-bac5-a7861ed2f887@group-4D56D0FF4DD9-LeaderElection58: begin an election at term 59 for 0: [a7c18b56-7bd4-4e97-bac5-a7861ed2f887:192.168.69.67:34061, 0e41e4d3-9bdd-41a7-a6da-f6547615f156:192.168.69.67:46622, 365c74cf-9edf-4118-8168-00280e7ea799:192.168.69.67:37281], old=null
2019-10-18 07:11:08,111 [grpc-default-executor-0] INFO  impl.RaftServerImpl (RaftServerImpl.java:setRole(184)) - 365c74cf-9edf-4118-8168-00280e7ea799@group-4D56D0FF4DD9: changes role from  FOLLOWER to FOLLOWER at term 59 for recognizeCandidate:a7c18b56-7bd4-4e97-bac5-a7861ed2f887
2019-10-18 07:11:08,111 [grpc-default-executor-0] INFO  impl.RoleInfo (RoleInfo.java:shutdownFollowerState(121)) - 365c74cf-9edf-4118-8168-00280e7ea799: shutdown FollowerState
2019-10-18 07:11:08,111 [grpc-default-executor-0] INFO  impl.RoleInfo (RoleInfo.java:updateAndGet(143)) - 365c74cf-9edf-4118-8168-00280e7ea799: start FollowerState
2019-10-18 07:11:08,111 [grpc-default-executor-6] INFO  impl.RaftServerImpl (RaftServerImpl.java:setRole(184)) - 0e41e4d3-9bdd-41a7-a6da-f6547615f156@group-4D56D0FF4DD9: changes role from  FOLLOWER to FOLLOWER at term 59 for recognizeCandidate:a7c18b56-7bd4-4e97-bac5-a7861ed2f887
2019-10-18 07:11:08,111 [Thread-962] INFO  impl.FollowerState (FollowerState.java:run(117)) - 365c74cf-9edf-4118-8168-00280e7ea799@group-4D56D0FF4DD9-FollowerState was interrupted: java.lang.InterruptedException: sleep interrupted
2019-10-18 07:11:08,112 [grpc-default-executor-6] INFO  impl.RoleInfo (RoleInfo.java:shutdownFollowerState(121)) - 0e41e4d3-9bdd-41a7-a6da-f6547615f156: shutdown FollowerState
2019-10-18 07:11:08,112 [grpc-default-executor-6] INFO  impl.RoleInfo (RoleInfo.java:updateAndGet(143)) - 0e41e4d3-9bdd-41a7-a6da-f6547615f156: start FollowerState
2019-10-18 07:11:08,112 [Thread-961] INFO  impl.FollowerState (FollowerState.java:run(117)) - 0e41e4d3-9bdd-41a7-a6da-f6547615f156@group-4D56D0FF4DD9-FollowerState was interrupted: java.lang.InterruptedException: sleep interrupted
2019-10-18 07:11:08,128 [a7c18b56-7bd4-4e97-bac5-a7861ed2f887@group-4D56D0FF4DD9-LeaderElection58] INFO  impl.LeaderElection (LeaderElection.java:logAndReturn(56)) - a7c18b56-7bd4-4e97-bac5-a7861ed2f887@group-4D56D0FF4DD9-LeaderElection58: Election REJECTED; received 2 response(s) [a7c18b56-7bd4-4e97-bac5-a7861ed2f887<-0e41e4d3-9bdd-41a7-a6da-f6547615f156#0:FAIL-t59, a7c18b56-7bd4-4e97-bac5-a7861ed2f887<-365c74cf-9edf-4118-8168-00280e7ea799#0:FAIL-t59] and 0 exception(s); a7c18b56-7bd4-4e97-bac5-a7861ed2f887@group-4D56D0FF4DD9:t59, leader=null, voted=a7c18b56-7bd4-4e97-bac5-a7861ed2f887, raftlog=a7c18b56-7bd4-4e97-bac5-a7861ed2f887@group-4D56D0FF4DD9-SegmentedRaftLog:OPENED:c3,f4,i4, conf=0: [a7c18b56-7bd4-4e97-bac5-a7861ed2f887:192.168.69.67:34061, 0e41e4d3-9bdd-41a7-a6da-f6547615f156:192.168.69.67:46622, 365c74cf-9edf-4118-8168-00280e7ea799:192.168.69.67:37281], old=null
2019-10-18 07:11:08,128 [a7c18b56-7bd4-4e97-bac5-a7861ed2f887@group-4D56D0FF4DD9-LeaderElection58] INFO  impl.RaftServerImpl (RaftServerImpl.java:setRole(184)) - a7c18b56-7bd4-4e97-bac5-a7861ed2f887@group-4D56D0FF4DD9: changes role from CANDIDATE to FOLLOWER at term 59 for DISCOVERED_A_NEW_TERM
2019-10-18 07:11:08,128 [a7c18b56-7bd4-4e97-bac5-a7861ed2f887@group-4D56D0FF4DD9-LeaderElection58] INFO  impl.RoleInfo (RoleInfo.java:shutdownLeaderElection(134)) - a7c18b56-7bd4-4e97-bac5-a7861ed2f887: shutdown LeaderElection
2019-10-18 07:11:08,128 [a7c18b56-7bd4-4e97-bac5-a7861ed2f887@group-4D56D0FF4DD9-LeaderElection58] INFO  impl.RoleInfo (RoleInfo.java:updateAndGet(143)) - a7c18b56-7bd4-4e97-bac5-a7861ed2f887: start FollowerState
2019-10-18 07:11:08,148 [BlockDeletingService#2] WARN  background.BlockDeletingService (BlockDeletingService.java:isDeletionAllowed(187)) - Close Container log Index 6 is not replicated across allthe servers in the pipeline 5b98df48-0bd5-4e4e-b730-4d56d0ff4dd9 as the min replicated index is 4. Deletion is not allowed in this container yet.
2019-10-18 07:11:08,148 [BlockDeletingService#2] WARN  background.BlockDeletingService (BlockDeletingService.java:isDeletionAllowed(187)) - Close Container log Index 6 is not replicated across allthe servers in the pipeline 5b98df48-0bd5-4e4e-b730-4d56d0ff4dd9 as the min replicated index is 4. Deletion is not allowed in this container yet.
2019-10-18 07:11:08,268 [Thread-973] INFO  impl.FollowerState (FollowerState.java:run(108)) - a7c18b56-7bd4-4e97-bac5-a7861ed2f887@group-4D56D0FF4DD9-FollowerState: change to CANDIDATE, lastRpcTime:139ms, electionTimeout:139ms
2019-10-18 07:11:08,268 [Thread-973] INFO  impl.RoleInfo (RoleInfo.java:shutdownFollowerState(121)) - a7c18b56-7bd4-4e97-bac5-a7861ed2f887: shutdown FollowerState
2019-10-18 07:11:08,268 [Thread-973] INFO  impl.RaftServerImpl (RaftServerImpl.java:setRole(184)) - a7c18b56-7bd4-4e97-bac5-a7861ed2f887@group-4D56D0FF4DD9: changes role from  FOLLOWER to CANDIDATE at term 59 for changeToCandidate
2019-10-18 07:11:08,268 [Thread-973] INFO  impl.RoleInfo (RoleInfo.java:updateAndGet(143)) - a7c18b56-7bd4-4e97-bac5-a7861ed2f887: start LeaderElection
2019-10-18 07:11:08,282 [a7c18b56-7bd4-4e97-bac5-a7861ed2f887@group-4D56D0FF4DD9-LeaderElection59] INFO  impl.LeaderElection (LeaderElection.java:askForVotes(178)) - a7c18b56-7bd4-4e97-bac5-a7861ed2f887@group-4D56D0FF4DD9-LeaderElection59: begin an election at term 60 for 0: [a7c18b56-7bd4-4e97-bac5-a7861ed2f887:192.168.69.67:34061, 0e41e4d3-9bdd-41a7-a6da-f6547615f156:192.168.69.67:46622, 365c74cf-9edf-4118-8168-00280e7ea799:192.168.69.67:37281], old=null
2019-10-18 07:11:08,285 [grpc-default-executor-0] INFO  impl.RaftServerImpl (RaftServerImpl.java:setRole(184)) - 0e41e4d3-9bdd-41a7-a6da-f6547615f156@group-4D56D0FF4DD9: changes role from  FOLLOWER to FOLLOWER at term 60 for recognizeCandidate:a7c18b56-7bd4-4e97-bac5-a7861ed2f887
2019-10-18 07:11:08,285 [grpc-default-executor-6] INFO  impl.RaftServerImpl (RaftServerImpl.java:setRole(184)) - 365c74cf-9edf-4118-8168-00280e7ea799@group-4D56D0FF4DD9: changes role from  FOLLOWER to FOLLOWER at term 60 for recognizeCandidate:a7c18b56-7bd4-4e97-bac5-a7861ed2f887
2019-10-18 07:11:08,286 [grpc-default-executor-0] INFO  impl.RoleInfo (RoleInfo.java:shutdownFollowerState(121)) - 0e41e4d3-9bdd-41a7-a6da-f6547615f156: shutdown FollowerState
2019-10-18 07:11:08,286 [grpc-default-executor-6] INFO  impl.RoleInfo (RoleInfo.java:shutdownFollowerState(121)) - 365c74cf-9edf-4118-8168-00280e7ea799: shutdown FollowerState
2019-10-18 07:11:08,286 [Thread-972] INFO  impl.FollowerState (FollowerState.java:run(117)) - 0e41e4d3-9bdd-41a7-a6da-f6547615f156@group-4D56D0FF4DD9-FollowerState was interrupted: java.lang.InterruptedException: sleep interrupted
2019-10-18 07:11:08,286 [grpc-default-executor-0] INFO  impl.RoleInfo (RoleInfo.java:updateAndGet(143)) - 0e41e4d3-9bdd-41a7-a6da-f6547615f156: start FollowerState
2019-10-18 07:11:08,286 [grpc-default-executor-6] INFO  impl.RoleInfo (RoleInfo.java:updateAndGet(143)) - 365c74cf-9edf-4118-8168-00280e7ea799: start FollowerState
2019-10-18 07:11:08,286 [Thread-971] INFO  impl.FollowerState (FollowerState.java:run(117)) - 365c74cf-9edf-4118-8168-00280e7ea799@group-4D56D0FF4DD9-FollowerState was interrupted: java.lang.InterruptedException: sleep interrupted
2019-10-18 07:11:08,355 [a7c18b56-7bd4-4e97-bac5-a7861ed2f887@group-4D56D0FF4DD9-LeaderElection59] INFO  impl.LeaderElection (LeaderElection.java:logAndReturn(56)) - a7c18b56-7bd4-4e97-bac5-a7861ed2f887@group-4D56D0FF4DD9-LeaderElection59: Election REJECTED; received 2 response(s) [a7c18b56-7bd4-4e97-bac5-a7861ed2f887<-0e41e4d3-9bdd-41a7-a6da-f6547615f156#0:FAIL-t60, a7c18b56-7bd4-4e97-bac5-a7861ed2f887<-365c74cf-9edf-4118-8168-00280e7ea799#0:FAIL-t60] and 0 exception(s); a7c18b56-7bd4-4e97-bac5-a7861ed2f887@group-4D56D0FF4DD9:t60, leader=null, voted=a7c18b56-7bd4-4e97-bac5-a7861ed2f887, raftlog=a7c18b56-7bd4-4e97-bac5-a7861ed2f887@group-4D56D0FF4DD9-SegmentedRaftLog:OPENED:c3,f4,i4, conf=0: [a7c18b56-7bd4-4e97-bac5-a7861ed2f887:192.168.69.67:34061, 0e41e4d3-9bdd-41a7-a6da-f6547615f156:192.168.69.67:46622, 365c74cf-9edf-4118-8168-00280e7ea799:192.168.69.67:37281], old=null
2019-10-18 07:11:08,355 [a7c18b56-7bd4-4e97-bac5-a7861ed2f887@group-4D56D0FF4DD9-LeaderElection59] INFO  impl.RaftServerImpl (RaftServerImpl.java:setRole(184)) - a7c18b56-7bd4-4e97-bac5-a7861ed2f887@group-4D56D0FF4DD9: changes role from CANDIDATE to FOLLOWER at term 60 for DISCOVERED_A_NEW_TERM
2019-10-18 07:11:08,355 [a7c18b56-7bd4-4e97-bac5-a7861ed2f887@group-4D56D0FF4DD9-LeaderElection59] INFO  impl.RoleInfo (RoleInfo.java:shutdownLeaderElection(134)) - a7c18b56-7bd4-4e97-bac5-a7861ed2f887: shutdown LeaderElection
2019-10-18 07:11:08,355 [a7c18b56-7bd4-4e97-bac5-a7861ed2f887@group-4D56D0FF4DD9-LeaderElection59] INFO  impl.RoleInfo (RoleInfo.java:updateAndGet(143)) - a7c18b56-7bd4-4e97-bac5-a7861ed2f887: start FollowerState
2019-10-18 07:11:08,511 [Thread-981] INFO  impl.FollowerState (FollowerState.java:run(108)) - a7c18b56-7bd4-4e97-bac5-a7861ed2f887@group-4D56D0FF4DD9-FollowerState: change to CANDIDATE, lastRpcTime:155ms, electionTimeout:155ms
2019-10-18 07:11:08,511 [Thread-981] INFO  impl.RoleInfo (RoleInfo.java:shutdownFollowerState(121)) - a7c18b56-7bd4-4e97-bac5-a7861ed2f887: shutdown FollowerState
2019-10-18 07:11:08,511 [Thread-981] INFO  impl.RaftServerImpl (RaftServerImpl.java:setRole(184)) - a7c18b56-7bd4-4e97-bac5-a7861ed2f887@group-4D56D0FF4DD9: changes role from  FOLLOWER to CANDIDATE at term 60 for changeToCandidate
2019-10-18 07:11:08,511 [Thread-981] INFO  impl.RoleInfo (RoleInfo.java:updateAndGet(143)) - a7c18b56-7bd4-4e97-bac5-a7861ed2f887: start LeaderElection
2019-10-18 07:11:08,554 [a7c18b56-7bd4-4e97-bac5-a7861ed2f887@group-4D56D0FF4DD9-LeaderElection60] INFO  impl.LeaderElection (LeaderElection.java:askForVotes(178)) - a7c18b56-7bd4-4e97-bac5-a7861ed2f887@group-4D56D0FF4DD9-LeaderElection60: begin an election at term 61 for 0: [a7c18b56-7bd4-4e97-bac5-a7861ed2f887:192.168.69.67:34061, 0e41e4d3-9bdd-41a7-a6da-f6547615f156:192.168.69.67:46622, 365c74cf-9edf-4118-8168-00280e7ea799:192.168.69.67:37281], old=null
2019-10-18 07:11:08,556 [a7c18b56-7bd4-4e97-bac5-a7861ed2f887@group-4D56D0FF4DD9-LeaderElection60] INFO  impl.LeaderElection (LeaderElection.java:logAndReturn(56)) - a7c18b56-7bd4-4e97-bac5-a7861ed2f887@group-4D56D0FF4DD9-LeaderElection60: Election TIMEOUT; received 0 response(s) [] and 0 exception(s); a7c18b56-7bd4-4e97-bac5-a7861ed2f887@group-4D56D0FF4DD9:t61, leader=null, voted=a7c18b56-7bd4-4e97-bac5-a7861ed2f887, raftlog=a7c18b56-7bd4-4e97-bac5-a7861ed2f887@group-4D56D0FF4DD9-SegmentedRaftLog:OPENED:c3,f4,i4, conf=0: [a7c18b56-7bd4-4e97-bac5-a7861ed2f887:192.168.69.67:34061, 0e41e4d3-9bdd-41a7-a6da-f6547615f156:192.168.69.67:46622, 365c74cf-9edf-4118-8168-00280e7ea799:192.168.69.67:37281], old=null
2019-10-18 07:11:08,557 [grpc-default-executor-6] INFO  impl.RaftServerImpl (RaftServerImpl.java:setRole(184)) - 0e41e4d3-9bdd-41a7-a6da-f6547615f156@group-4D56D0FF4DD9: changes role from  FOLLOWER to FOLLOWER at term 61 for recognizeCandidate:a7c18b56-7bd4-4e97-bac5-a7861ed2f887
2019-10-18 07:11:08,558 [grpc-default-executor-0] INFO  impl.RaftServerImpl (RaftServerImpl.java:setRole(184)) - 365c74cf-9edf-4118-8168-00280e7ea799@group-4D56D0FF4DD9: changes role from  FOLLOWER to FOLLOWER at term 61 for recognizeCandidate:a7c18b56-7bd4-4e97-bac5-a7861ed2f887
2019-10-18 07:11:08,558 [grpc-default-executor-6] INFO  impl.RoleInfo (RoleInfo.java:shutdownFollowerState(121)) - 0e41e4d3-9bdd-41a7-a6da-f6547615f156: shutdown FollowerState
2019-10-18 07:11:08,558 [grpc-default-executor-0] INFO  impl.RoleInfo (RoleInfo.java:shutdownFollowerState(121)) - 365c74cf-9edf-4118-8168-00280e7ea799: shutdown FollowerState
2019-10-18 07:11:08,558 [Thread-979] INFO  impl.FollowerState (FollowerState.java:run(117)) - 0e41e4d3-9bdd-41a7-a6da-f6547615f156@group-4D56D0FF4DD9-FollowerState was interrupted: java.lang.InterruptedException: sleep interrupted
2019-10-18 07:11:08,558 [grpc-default-executor-6] INFO  impl.RoleInfo (RoleInfo.java:updateAndGet(143)) - 0e41e4d3-9bdd-41a7-a6da-f6547615f156: start FollowerState
2019-10-18 07:11:08,558 [Thread-980] INFO  impl.FollowerState (FollowerState.java:run(117)) - 365c74cf-9edf-4118-8168-00280e7ea799@group-4D56D0FF4DD9-FollowerState was interrupted: java.lang.InterruptedException: sleep interrupted
2019-10-18 07:11:08,558 [grpc-default-executor-0] INFO  impl.RoleInfo (RoleInfo.java:updateAndGet(143)) - 365c74cf-9edf-4118-8168-00280e7ea799: start FollowerState
2019-10-18 07:11:08,573 [a7c18b56-7bd4-4e97-bac5-a7861ed2f887@group-4D56D0FF4DD9-LeaderElection60] INFO  impl.LeaderElection (LeaderElection.java:askForVotes(178)) - a7c18b56-7bd4-4e97-bac5-a7861ed2f887@group-4D56D0FF4DD9-LeaderElection60: begin an election at term 62 for 0: [a7c18b56-7bd4-4e97-bac5-a7861ed2f887:192.168.69.67:34061, 0e41e4d3-9bdd-41a7-a6da-f6547615f156:192.168.69.67:46622, 365c74cf-9edf-4118-8168-00280e7ea799:192.168.69.67:37281], old=null
2019-10-18 07:11:08,575 [grpc-default-executor-0] INFO  impl.RaftServerImpl (RaftServerImpl.java:setRole(184)) - 0e41e4d3-9bdd-41a7-a6da-f6547615f156@group-4D56D0FF4DD9: changes role from  FOLLOWER to FOLLOWER at term 62 for recognizeCandidate:a7c18b56-7bd4-4e97-bac5-a7861ed2f887
2019-10-18 07:11:08,575 [grpc-default-executor-6] INFO  impl.RaftServerImpl (RaftServerImpl.java:setRole(184)) - 365c74cf-9edf-4118-8168-00280e7ea799@group-4D56D0FF4DD9: changes role from  FOLLOWER to FOLLOWER at term 62 for recognizeCandidate:a7c18b56-7bd4-4e97-bac5-a7861ed2f887
2019-10-18 07:11:08,575 [grpc-default-executor-0] INFO  impl.RoleInfo (RoleInfo.java:shutdownFollowerState(121)) - 0e41e4d3-9bdd-41a7-a6da-f6547615f156: shutdown FollowerState
2019-10-18 07:11:08,575 [grpc-default-executor-6] INFO  impl.RoleInfo (RoleInfo.java:shutdownFollowerState(121)) - 365c74cf-9edf-4118-8168-00280e7ea799: shutdown FollowerState
2019-10-18 07:11:08,576 [Thread-987] INFO  impl.FollowerState (FollowerState.java:run(117)) - 0e41e4d3-9bdd-41a7-a6da-f6547615f156@group-4D56D0FF4DD9-FollowerState was interrupted: java.lang.InterruptedException: sleep interrupted
2019-10-18 07:11:08,576 [grpc-default-executor-0] INFO  impl.RoleInfo (RoleInfo.java:updateAndGet(143)) - 0e41e4d3-9bdd-41a7-a6da-f6547615f156: start FollowerState
2019-10-18 07:11:08,576 [Thread-988] INFO  impl.FollowerState (FollowerState.java:run(117)) - 365c74cf-9edf-4118-8168-00280e7ea799@group-4D56D0FF4DD9-FollowerState was interrupted: java.lang.InterruptedException: sleep interrupted
2019-10-18 07:11:08,576 [grpc-default-executor-6] INFO  impl.RoleInfo (RoleInfo.java:updateAndGet(143)) - 365c74cf-9edf-4118-8168-00280e7ea799: start FollowerState
2019-10-18 07:11:08,636 [a7c18b56-7bd4-4e97-bac5-a7861ed2f887@group-4D56D0FF4DD9-LeaderElection60] INFO  impl.LeaderElection (LeaderElection.java:logAndReturn(56)) - a7c18b56-7bd4-4e97-bac5-a7861ed2f887@group-4D56D0FF4DD9-LeaderElection60: Election REJECTED; received 2 response(s) [a7c18b56-7bd4-4e97-bac5-a7861ed2f887<-0e41e4d3-9bdd-41a7-a6da-f6547615f156#0:FAIL-t62, a7c18b56-7bd4-4e97-bac5-a7861ed2f887<-365c74cf-9edf-4118-8168-00280e7ea799#0:FAIL-t62] and 0 exception(s); a7c18b56-7bd4-4e97-bac5-a7861ed2f887@group-4D56D0FF4DD9:t62, leader=null, voted=a7c18b56-7bd4-4e97-bac5-a7861ed2f887, raftlog=a7c18b56-7bd4-4e97-bac5-a7861ed2f887@group-4D56D0FF4DD9-SegmentedRaftLog:OPENED:c3,f4,i4, conf=0: [a7c18b56-7bd4-4e97-bac5-a7861ed2f887:192.168.69.67:34061, 0e41e4d3-9bdd-41a7-a6da-f6547615f156:192.168.69.67:46622, 365c74cf-9edf-4118-8168-00280e7ea799:192.168.69.67:37281], old=null
2019-10-18 07:11:08,636 [a7c18b56-7bd4-4e97-bac5-a7861ed2f887@group-4D56D0FF4DD9-LeaderElection60] INFO  impl.RaftServerImpl (RaftServerImpl.java:setRole(184)) - a7c18b56-7bd4-4e97-bac5-a7861ed2f887@group-4D56D0FF4DD9: changes role from CANDIDATE to FOLLOWER at term 62 for DISCOVERED_A_NEW_TERM
2019-10-18 07:11:08,636 [a7c18b56-7bd4-4e97-bac5-a7861ed2f887@group-4D56D0FF4DD9-LeaderElection60] INFO  impl.RoleInfo (RoleInfo.java:shutdownLeaderElection(134)) - a7c18b56-7bd4-4e97-bac5-a7861ed2f887: shutdown LeaderElection
2019-10-18 07:11:08,636 [a7c18b56-7bd4-4e97-bac5-a7861ed2f887@group-4D56D0FF4DD9-LeaderElection60] INFO  impl.RoleInfo (RoleInfo.java:updateAndGet(143)) - a7c18b56-7bd4-4e97-bac5-a7861ed2f887: start FollowerState
2019-10-18 07:11:08,651 [Thread-993] INFO  impl.FollowerState (FollowerState.java:run(108)) - a7c18b56-7bd4-4e97-bac5-a7861ed2f887@group-4D56D0FF4DD9-FollowerState: change to CANDIDATE, lastRpcTime:14ms, electionTimeout:14ms
2019-10-18 07:11:08,651 [Thread-993] INFO  impl.RoleInfo (RoleInfo.java:shutdownFollowerState(121)) - a7c18b56-7bd4-4e97-bac5-a7861ed2f887: shutdown FollowerState
2019-10-18 07:11:08,651 [Thread-993] INFO  impl.RaftServerImpl (RaftServerImpl.java:setRole(184)) - a7c18b56-7bd4-4e97-bac5-a7861ed2f887@group-4D56D0FF4DD9: changes role from  FOLLOWER to CANDIDATE at term 62 for changeToCandidate
2019-10-18 07:11:08,651 [Thread-993] INFO  impl.RoleInfo (RoleInfo.java:updateAndGet(143)) - a7c18b56-7bd4-4e97-bac5-a7861ed2f887: start LeaderElection
2019-10-18 07:11:08,680 [a7c18b56-7bd4-4e97-bac5-a7861ed2f887@group-4D56D0FF4DD9-LeaderElection61] INFO  impl.LeaderElection (LeaderElection.java:askForVotes(178)) - a7c18b56-7bd4-4e97-bac5-a7861ed2f887@group-4D56D0FF4DD9-LeaderElection61: begin an election at term 63 for 0: [a7c18b56-7bd4-4e97-bac5-a7861ed2f887:192.168.69.67:34061, 0e41e4d3-9bdd-41a7-a6da-f6547615f156:192.168.69.67:46622, 365c74cf-9edf-4118-8168-00280e7ea799:192.168.69.67:37281], old=null
2019-10-18 07:11:08,683 [grpc-default-executor-0] INFO  impl.RaftServerImpl (RaftServerImpl.java:setRole(184)) - 0e41e4d3-9bdd-41a7-a6da-f6547615f156@group-4D56D0FF4DD9: changes role from  FOLLOWER to FOLLOWER at term 63 for recognizeCandidate:a7c18b56-7bd4-4e97-bac5-a7861ed2f887
2019-10-18 07:11:08,683 [grpc-default-executor-0] INFO  impl.RoleInfo (RoleInfo.java:shutdownFollowerState(121)) - 0e41e4d3-9bdd-41a7-a6da-f6547615f156: shutdown FollowerState
2019-10-18 07:11:08,683 [grpc-default-executor-6] INFO  impl.RaftServerImpl (RaftServerImpl.java:setRole(184)) - 365c74cf-9edf-4118-8168-00280e7ea799@group-4D56D0FF4DD9: changes role from  FOLLOWER to FOLLOWER at term 63 for recognizeCandidate:a7c18b56-7bd4-4e97-bac5-a7861ed2f887
2019-10-18 07:11:08,683 [Thread-991] INFO  impl.FollowerState (FollowerState.java:run(117)) - 0e41e4d3-9bdd-41a7-a6da-f6547615f156@group-4D56D0FF4DD9-FollowerState was interrupted: java.lang.InterruptedException: sleep interrupted
2019-10-18 07:11:08,683 [grpc-default-executor-0] INFO  impl.RoleInfo (RoleInfo.java:updateAndGet(143)) - 0e41e4d3-9bdd-41a7-a6da-f6547615f156: start FollowerState
2019-10-18 07:11:08,683 [grpc-default-executor-6] INFO  impl.RoleInfo (RoleInfo.java:shutdownFollowerState(121)) - 365c74cf-9edf-4118-8168-00280e7ea799: shutdown FollowerState
2019-10-18 07:11:08,684 [Thread-992] INFO  impl.FollowerState (FollowerState.java:run(117)) - 365c74cf-9edf-4118-8168-00280e7ea799@group-4D56D0FF4DD9-FollowerState was interrupted: java.lang.InterruptedException: sleep interrupted
2019-10-18 07:11:08,684 [grpc-default-executor-6] INFO  impl.RoleInfo (RoleInfo.java:updateAndGet(143)) - 365c74cf-9edf-4118-8168-00280e7ea799: start FollowerState
2019-10-18 07:11:08,705 [a7c18b56-7bd4-4e97-bac5-a7861ed2f887@group-4D56D0FF4DD9-LeaderElection61] INFO  impl.LeaderElection (LeaderElection.java:logAndReturn(56)) - a7c18b56-7bd4-4e97-bac5-a7861ed2f887@group-4D56D0FF4DD9-LeaderElection61: Election REJECTED; received 2 response(s) [a7c18b56-7bd4-4e97-bac5-a7861ed2f887<-0e41e4d3-9bdd-41a7-a6da-f6547615f156#0:FAIL-t63, a7c18b56-7bd4-4e97-bac5-a7861ed2f887<-365c74cf-9edf-4118-8168-00280e7ea799#0:FAIL-t63] and 0 exception(s); a7c18b56-7bd4-4e97-bac5-a7861ed2f887@group-4D56D0FF4DD9:t63, leader=null, voted=a7c18b56-7bd4-4e97-bac5-a7861ed2f887, raftlog=a7c18b56-7bd4-4e97-bac5-a7861ed2f887@group-4D56D0FF4DD9-SegmentedRaftLog:OPENED:c3,f4,i4, conf=0: [a7c18b56-7bd4-4e97-bac5-a7861ed2f887:192.168.69.67:34061, 0e41e4d3-9bdd-41a7-a6da-f6547615f156:192.168.69.67:46622, 365c74cf-9edf-4118-8168-00280e7ea799:192.168.69.67:37281], old=null
2019-10-18 07:11:08,706 [a7c18b56-7bd4-4e97-bac5-a7861ed2f887@group-4D56D0FF4DD9-LeaderElection61] INFO  impl.RaftServerImpl (RaftServerImpl.java:setRole(184)) - a7c18b56-7bd4-4e97-bac5-a7861ed2f887@group-4D56D0FF4DD9: changes role from CANDIDATE to FOLLOWER at term 63 for DISCOVERED_A_NEW_TERM
2019-10-18 07:11:08,706 [a7c18b56-7bd4-4e97-bac5-a7861ed2f887@group-4D56D0FF4DD9-LeaderElection61] INFO  impl.RoleInfo (RoleInfo.java:shutdownLeaderElection(134)) - a7c18b56-7bd4-4e97-bac5-a7861ed2f887: shutdown LeaderElection
2019-10-18 07:11:08,706 [a7c18b56-7bd4-4e97-bac5-a7861ed2f887@group-4D56D0FF4DD9-LeaderElection61] INFO  impl.RoleInfo (RoleInfo.java:updateAndGet(143)) - a7c18b56-7bd4-4e97-bac5-a7861ed2f887: start FollowerState
2019-10-18 07:11:08,873 [Thread-999] INFO  impl.FollowerState (FollowerState.java:run(108)) - a7c18b56-7bd4-4e97-bac5-a7861ed2f887@group-4D56D0FF4DD9-FollowerState: change to CANDIDATE, lastRpcTime:167ms, electionTimeout:167ms
2019-10-18 07:11:08,873 [Thread-999] INFO  impl.RoleInfo (RoleInfo.java:shutdownFollowerState(121)) - a7c18b56-7bd4-4e97-bac5-a7861ed2f887: shutdown FollowerState
2019-10-18 07:11:08,874 [Thread-999] INFO  impl.RaftServerImpl (RaftServerImpl.java:setRole(184)) - a7c18b56-7bd4-4e97-bac5-a7861ed2f887@group-4D56D0FF4DD9: changes role from  FOLLOWER to CANDIDATE at term 63 for changeToCandidate
2019-10-18 07:11:08,874 [Thread-999] INFO  impl.RoleInfo (RoleInfo.java:updateAndGet(143)) - a7c18b56-7bd4-4e97-bac5-a7861ed2f887: start LeaderElection
]]></system-out>
    <system-err><![CDATA[ERROR StatusLogger No Log4j 2 configuration file found. Using default configuration (logging only errors to the console), or user programmatically provided configurations. Set system property 'log4j2.debug' to show Log4j 2 internal initialization logging. See https://logging.apache.org/log4j/2.x/manual/configuration.html for instructions on how to configure Log4j 2
Oct 18, 2019 7:09:22 AM org.apache.ratis.thirdparty.io.grpc.internal.SerializingExecutor run
SEVERE: Exception while executing runnable org.apache.ratis.thirdparty.io.grpc.internal.ServerImpl$JumpToApplicationThreadServerStreamListener$1Closed@193fcaa4
org.apache.ratis.thirdparty.io.grpc.StatusRuntimeException: CANCELLED: call already cancelled
	at org.apache.ratis.thirdparty.io.grpc.Status.asRuntimeException(Status.java:517)
	at org.apache.ratis.thirdparty.io.grpc.stub.ServerCalls$ServerCallStreamObserverImpl.onCompleted(ServerCalls.java:356)
	at org.apache.ratis.grpc.server.GrpcServerProtocolService$ServerRequestStreamObserver.onError(GrpcServerProtocolService.java:121)
	at org.apache.ratis.thirdparty.io.grpc.stub.ServerCalls$StreamingServerCallHandler$StreamingServerCallListener.onCancel(ServerCalls.java:269)
	at org.apache.ratis.thirdparty.io.grpc.internal.ServerCallImpl$ServerStreamListenerImpl.closed(ServerCallImpl.java:293)
	at org.apache.ratis.thirdparty.io.grpc.internal.ServerImpl$JumpToApplicationThreadServerStreamListener$1Closed.runInContext(ServerImpl.java:741)
	at org.apache.ratis.thirdparty.io.grpc.internal.ContextRunnable.run(ContextRunnable.java:37)
	at org.apache.ratis.thirdparty.io.grpc.internal.SerializingExecutor.run(SerializingExecutor.java:123)
	at java.util.concurrent.ThreadPoolExecutor.runWorker(ThreadPoolExecutor.java:1149)
	at java.util.concurrent.ThreadPoolExecutor$Worker.run(ThreadPoolExecutor.java:624)
	at java.lang.Thread.run(Thread.java:748)

Oct 18, 2019 7:09:22 AM org.apache.ratis.thirdparty.io.grpc.internal.SerializingExecutor run
SEVERE: Exception while executing runnable org.apache.ratis.thirdparty.io.grpc.internal.ClientCallImpl$ClientStreamListenerImpl$1StreamClosed@6457ddfc
java.lang.NullPointerException
	at org.apache.ratis.grpc.server.GrpcLogAppender$AppendLogResponseHandler.onError(GrpcLogAppender.java:303)
	at org.apache.ratis.thirdparty.io.grpc.stub.ClientCalls$StreamObserverToCallListenerAdapter.onClose(ClientCalls.java:434)
	at org.apache.ratis.thirdparty.io.grpc.PartialForwardingClientCallListener.onClose(PartialForwardingClientCallListener.java:39)
	at org.apache.ratis.thirdparty.io.grpc.ForwardingClientCallListener.onClose(ForwardingClientCallListener.java:23)
	at org.apache.ratis.thirdparty.io.grpc.ForwardingClientCallListener$SimpleForwardingClientCallListener.onClose(ForwardingClientCallListener.java:40)
	at org.apache.ratis.thirdparty.io.grpc.internal.CensusStatsModule$StatsClientInterceptor$1$1.onClose(CensusStatsModule.java:678)
	at org.apache.ratis.thirdparty.io.grpc.PartialForwardingClientCallListener.onClose(PartialForwardingClientCallListener.java:39)
	at org.apache.ratis.thirdparty.io.grpc.ForwardingClientCallListener.onClose(ForwardingClientCallListener.java:23)
	at org.apache.ratis.thirdparty.io.grpc.ForwardingClientCallListener$SimpleForwardingClientCallListener.onClose(ForwardingClientCallListener.java:40)
	at org.apache.ratis.thirdparty.io.grpc.internal.CensusTracingModule$TracingClientInterceptor$1$1.onClose(CensusTracingModule.java:397)
	at org.apache.ratis.thirdparty.io.grpc.internal.ClientCallImpl.closeObserver(ClientCallImpl.java:459)
	at org.apache.ratis.thirdparty.io.grpc.internal.ClientCallImpl.access$300(ClientCallImpl.java:63)
	at org.apache.ratis.thirdparty.io.grpc.internal.ClientCallImpl$ClientStreamListenerImpl.close(ClientCallImpl.java:546)
	at org.apache.ratis.thirdparty.io.grpc.internal.ClientCallImpl$ClientStreamListenerImpl.access$600(ClientCallImpl.java:467)
	at org.apache.ratis.thirdparty.io.grpc.internal.ClientCallImpl$ClientStreamListenerImpl$1StreamClosed.runInContext(ClientCallImpl.java:584)
	at org.apache.ratis.thirdparty.io.grpc.internal.ContextRunnable.run(ContextRunnable.java:37)
	at org.apache.ratis.thirdparty.io.grpc.internal.SerializingExecutor.run(SerializingExecutor.java:123)
	at java.util.concurrent.ThreadPoolExecutor.runWorker(ThreadPoolExecutor.java:1149)
	at java.util.concurrent.ThreadPoolExecutor$Worker.run(ThreadPoolExecutor.java:624)
	at java.lang.Thread.run(Thread.java:748)

]]></system-err>
  </testcase>
</testsuite>